<?xml version="1.0" encoding="UTF-8" ?>
<testsuite errors="0" failures="0" hostname="travis-job-42396528-97cf-4c7d-b40d-23f2ed0d088d" name="ptolemy.actor.lib.test.junit.JUnitTclTest" skipped="0" tests="517" time="59.562" timestamp="2018-09-30T02:18:34">
  <properties>
    <property name="npm.executable" value="npm" />
    <property name="file.encoding.pkg" value="sun.io" />
    <property name="env.TRAVIS_ROOT" value="/" />
    <property name="ptII.mk.exists" value="true" />
    <property name="env.TRAVIS_APP_HOST" value="build.travis-ci.org" />
    <property name="env.rvm_bin_path" value="/home/travis/.rvm/bin" />
    <property name="java.home" value="/usr/lib/jvm/java-8-oracle/jre" />
    <property name="env.TRAVIS_JOB_NUMBER" value="757.8" />
    <property name="env.TRAVIS_HOME" value="/home/travis" />
    <property name="env.DISPLAY" value=":99.0" />
    <property name="java.net.preferIPv4Stack" value="true" />
    <property name="env.TRAVIS_INIT" value="upstart" />
    <property name="env.SSH_TTY" value="/dev/pts/0" />
    <property name="env.RUN_TESTS" value="false" />
    <property name="timeout.short" value="1000000" />
    <property name="env.TRAVIS_STACK_NODE_ATTRIBUTES" value="/.node-attributes.yml" />
    <property name="junit.formatter" value="xml" />
    <property name="java.endorsed.dirs" value="/usr/lib/jvm/java-8-oracle/jre/lib/endorsed" />
    <property name="env.TRAVIS_SUDO" value="true" />
    <property name="env.LOGNAME" value="travis" />
    <property name="env.PT_TRAVIS_TEST_CORE1_XML" value="true" />
    <property name="jsdoc.home" value="node_modules/@terraswarm/jsdoc" />
    <property name="debuglevel" value="source,lines,vars" />
    <property name="checkstyle.formatter" value="xml" />
    <property name="bin.vergil.makeable" value="true" />
    <property name="env._system_version" value="14.04" />
    <property name="sun.os.patch.level" value="unknown" />
    <property name="java.vendor.url" value="http://java.oracle.com/" />
    <property name="env.TRAVIS_BUILD_WEB_URL" value="https://travis-ci.org/icyphy/ptII/builds/435139836" />
    <property name="java.version" value="1.8.0_151" />
    <property name="env.TZ" value="UTC" />
    <property name="env.PT_NO_NET" value="true" />
    <property name="env.TRAVIS_PULL_REQUEST_SHA" value="" />
    <property name="env.TRAVIS_SECURE_ENV_VARS" value="true" />
    <property name="env._system_type" value="Linux" />
    <property name="java.vendor.url.bug" value="http://bugreport.sun.com/bugreport/" />
    <property name="env.SSH_CLIENT" value="10.10.4.32 46964 22" />
    <property name="npmjs-org-is-up" value="true" />
    <property name="env.GEM_HOME" value="/home/travis/.rvm/gems/ruby-2.4.1" />
    <property name="env.HAS_ANTARES_THREE_LITTLE_FRONZIES_BADGE" value="true" />
    <property name="env.PS4" value="+" />
    <property name="ant.project.invoked-targets" value="build,test.core1.xml" />
    <property name="env.TRAVIS_PULL_REQUEST_BRANCH" value="" />
    <property name="env.TRAVIS_REPO_SLUG" value="icyphy/ptII" />
    <property name="node.in.path" value="true" />
    <property name="java.maxmemory" value="1400m" />
    <property name="env.RUBY_VERSION" value="ruby-2.4.1" />
    <property name="user.name" value="travis" />
    <property name="env.LANG" value="en_US.UTF-8" />
    <property name="sun.io.unicode.encoding" value="UnicodeLittle" />
    <property name="sun.jnu.encoding" value="UTF-8" />
    <property name="java.runtime.name" value="Java(TM) SE Runtime Environment" />
    <property name="usefile" value="false" />
    <property name="return.code" value="0" />
    <property name="junit.single.formatter" value="plain" />
    <property name="env.DYLD_LIBRARY_PATH" value="/home/travis/pthla/certi-tools/lib:" />
    <property name="env.DEBIAN_FRONTEND" value="noninteractive" />
    <property name="env.SSH_CONNECTION" value="10.10.4.32 46964 10.20.0.5 22" />
    <property name="env.MYSQL_UNIX_PORT" value="/var/run/mysqld/mysqld.sock" />
    <property name="env.TRAVIS_ALLOW_FAILURE" value="false" />
    <property name="env.LC_ALL" value="en_US.UTF-8" />
    <property name="env.TRAVIS_JOB_WEB_URL" value="https://travis-ci.org/icyphy/ptII/jobs/435139844" />
    <property name="java.specification.name" value="Java Platform API Specification" />
    <property name="node.works" value="true" />
    <property name="user.timezone" value="" />
    <property name="path.separator" value=":" />
    <property name="env.TRAVIS_ENABLE_INFRA_DETECTION" value="true" />
    <property name="env.PYTHON_CFLAGS" value="-g -fstack-protector --param=ssp-buffer-size=4 -Wformat -Werror=format-security" />
    <property name="timeout.long" value="4000000" />
    <property name="env.CERTI_HOME" value="/home/travis/pthla/certi-tools" />
    <property name="file.encoding" value="UTF-8" />
    <property name="ant.file.ptII" value="/home/travis/build/icyphy/ptII/build.xml" />
    <property name="javadoc.packagenames" value="com.*,diva.*,lbnl.*,org.hlacerti.*,org.json.*,org.ptolemy.*,org.terraswarm.*,ptolemy.*,ptserver.*" />
    <property name="env.TRAVIS_PULL_REQUEST_SLUG" value="" />
    <property name="ant.project.default-target" value="build" />
    <property name="env.GIT_ASKPASS" value="echo" />
    <property name="env.HOME" value="/home/travis" />
    <property name="sun.java.command" value="org.apache.tools.ant.taskdefs.optional.junit.JUnitTestRunner ptolemy.actor.lib.test.junit.JUnitTclTest skipNonTests=false filtertrace=true haltOnError=false haltOnFailure=false formatter=org.apache.tools.ant.taskdefs.optional.junit.OutErrSummaryJUnitResultFormatter showoutput=true outputtoformatters=true logfailedtests=true threadid=0 logtestlistenerevents=false formatter=org.apache.tools.ant.taskdefs.optional.junit.XMLJUnitResultFormatter,/home/travis/build/icyphy/ptII/reports/junit/TEST-ptolemy.actor.lib.test.junit.JUnitTclTest.xml crashfile=/home/travis/build/icyphy/ptII/junitvmwatcher1764681662659143378.properties propsfile=/home/travis/build/icyphy/ptII/junit7240655559940634056.properties" />
    <property name="env.MANPATH" value="/home/travis/.nvm/versions/node/v7.10.1/share/man:/home/travis/.kiex/elixirs/elixir-1.4.5/man:/home/travis/.rvm/rubies/ruby-2.4.1/share/man:/usr/local/man:/usr/local/cmake-3.9.2/man:/usr/local/clang-5.0.0/share/man:/usr/local/share/man:/usr/share/man:/home/travis/.rvm/man" />
    <property name="env.COMPOSER_NO_INTERACTION" value="1" />
    <property name="env.JDK_SWITCHER_DEFAULT" value="oraclejdk8" />
    <property name="env.TRAVIS_TIMER_ID" value="05c8bd40" />
    <property name="ant.file" value="/home/travis/build/icyphy/ptII/build.xml" />
    <property name="env.TRAVIS_COMMIT_RANGE" value="bb3754f7f75016798458204c3ccebd3a72587b2e...cdc4d9dd9d82a55ea669c9074a0986e063560ef6" />
    <property name="env._system_name" value="Ubuntu" />
    <property name="timeout" value="2400000" />
    <property name="ptII.classpath.optional.property" value="/home/travis/build/icyphy/ptII/lib/bsh-2.0b4.jar:/home/travis/build/icyphy/ptII/lib/ptCal.jar:/home/travis/build/icyphy/ptII/lib/java_cup.jar:/home/travis/build/icyphy/ptII/lib/saxon8.jar:/home/travis/build/icyphy/ptII/lib/saxon8-dom.jar:/home/travis/build/icyphy/ptII/lib/chic.jar:/home/travis/build/icyphy/ptII/lib/ptcolt.jar:/usr/lib/jvm/java-8-oracle/lib/tools.jar:/usr/lib/eclipse/plugins/org.eclipse.jdt.core_3.8.2.dist.jar:/usr/lib/eclipse/plugins/org.eclipse.core.runtime_3.8.0.dist.jar:/usr/lib/eclipse/plugins/org.eclipse.osgi_3.8.1.dist.jar:/usr/lib/eclipse/plugins/org.eclipse.core.resources_3.8.1.dist.jar:/usr/lib/eclipse/plugins/org.eclipse.equinox.common_3.6.100.dist.jar:/usr/lib/eclipse/plugins/org.eclipse.core.jobs_3.5.200.dist.jar:/usr/lib/eclipse/plugins/org.eclipse.core.contenttype_3.4.200.dist.jar:/usr/lib/eclipse/plugins/org.eclipse.equinox.preferences_3.5.0.dist.jar:/usr/lib/eclipse/plugins/org.eclipse.text_3.5.200.dist.jar:/usr/lib/eclipse/plugins/org.eclipse.ui.workbench_3.8.1.dist.jar:/usr/lib/eclipse/plugins/org.eclipse.jface_3.8.0.dist.jar:/usr/lib/eclipse/plugins/org.eclipse.swt_3.8.2.jar:/usr/lib/eclipse/plugins/org.eclipse.jface.text_3.8.1.dist.jar:/usr/lib/eclipse/plugins/org.eclipse.ui.workbench.texteditor_3.8.0.dist.jar:/usr/lib/eclipse/plugins/org.eclipse.ui.editors_3.8.0.dist.jar:/usr/lib/eclipse/plugins/org.eclipse.core.commands_3.6.1.dist.jar:/usr/lib/eclipse/plugins/org.eclipse.equinox.registry_3.5.200.dist.jar:/usr/lib/eclipse/plugins/org.eclipse.ui.console_3.5.100.dist.jar:/usr/lib/eclipse/plugins/org.eclipse.ui.forms_3.5.200.dist.jar:/usr/lib/eclipse/plugins/org.eclipse.ui.ide_3.8.1.dist.jar:/home/travis/build/icyphy/ptII/vendors/oracle/dbxml.jar:/home/travis/build/icyphy/ptII/vendors/oracle/db.jar:/home/travis/build/icyphy/ptII/vendors/misc/itext/iText.jar:/home/travis/build/icyphy/ptII/lib/g4ltl.jar:/home/travis/build/icyphy/ptII/lib/StructuralCoder.jar:/home/travis/build/icyphy/ptII/lib/org-openide-util.jar:/home/travis/build/icyphy/ptII/lib/org-openide-util-lookup.jar:/home/travis/build/icyphy/ptII/lib/org-netbeans-api-visual.jar:/home/travis/build/icyphy/ptII/vendors/jai-1_1_2_01/lib/jai_core.jar:/home/travis/build/icyphy/ptII/vendors/jai-1_1_2_01/lib/jai_codec.jar:/home/travis/build/icyphy/ptII/lib/jcerti.jar:/home/travis/build/icyphy/ptII/lib/smack.jar:/home/travis/build/icyphy/ptII/lib/smackx.jar:/home/travis/build/icyphy/ptII/lib/jetty-all-8.1.5-v20120716.jar:/home/travis/build/icyphy/ptII/lib/javax.servlet-api-3.0.1.jar:/home/travis/build/icyphy/ptII/lib/javax.mail.jar:/home/travis/build/icyphy/ptII/vendors/JMF-2.1.1e/lib/jmf.jar:/home/travis/build/icyphy/ptII/lib/jna-4.0.0-variadic.jar:/home/travis/build/icyphy/ptII/vendors/misc/joystick/Joystick.jar:/home/travis/build/icyphy/ptII/lib/ptjacl.jar:/home/travis/build/icyphy/ptII/lib/jsoup-1.8.2.jar:/home/travis/build/icyphy/ptII/lib/junit-4.8.2.jar:/home/travis/build/icyphy/ptII/lib/JUnitParams-0.4.0.jar:/home/travis/build/icyphy/ptII/ptolemy/actor/lib/excel/jxl.jar:/home/travis/build/icyphy/ptII/lib/jython.jar:/home/travis/build/icyphy/ptII/lib/kieler.jar:/home/travis/build/icyphy/ptII/vendors/opencv/share/OpenCV/java/opencv-341.jar:/home/travis/build/icyphy/ptII/lib/oscP5.jar:/home/travis/build/icyphy/ptII/lib/nrjavaserial-3.11.0.devel.jar:/home/travis/build/icyphy/ptII/vendors/j3d/lib/j3dcore.jar:/home/travis/build/icyphy/ptII/vendors/j3d/lib/j3dutils.jar:/home/travis/build/icyphy/ptII/vendors/j3d/lib/vecmath.jar:/home/travis/build/icyphy/ptII/ptolemy/distributed/jini/jar/jini-core.jar:/home/travis/build/icyphy/ptII/ptolemy/distributed/jini/jar/jini-ext.jar:/home/travis/build/icyphy/ptII/ptolemy/distributed/jini/jar/sun-util.jar:/home/travis/build/icyphy/ptII/lib/protobuf-java-2.4.1.jar:/home/travis/build/icyphy/ptII/lib/org.eclipse.paho.client.mqttv3.jar:/home/travis/build/icyphy/ptII/ptserver/lib/hessian-4.0.7.jar:/home/travis/build/icyphy/ptII/ptserver/lib/wmqtt.jar:/home/travis/build/icyphy/ptII/lib/mapss.jar:/home/travis/build/icyphy/ptII/ptolemy/actor/ptalon/antlr/antlr.jar:/home/travis/build/icyphy/ptII/lib/JRI.jar:/home/travis/build/icyphy/ptII/lib/commons-lang-2.6.jar:/home/travis/build/icyphy/ptII/lib/commons-logging-1.1.1.jar:/home/travis/build/icyphy/ptII/lib/sootclasses.jar:/home/travis/build/icyphy/ptII/ptolemy/actor/lib/database/mysql-connector-java-5.1.6-bin.jar:/home/travis/build/icyphy/ptII/vendors/misc/sphinx4/sphinx4-data-5prealpha.jar:/home/travis/build/icyphy/ptII/vendors/misc/sphinx4/sphinx4-core-5prealpha.jar:/home/travis/build/icyphy/ptII/lib/PDFRenderer.jar:/home/travis/build/icyphy/ptII/lib/svgSalamander.jar:/home/travis/build/icyphy/ptII/lib/rsyntaxtextarea-2.6.0-SNAPSHOT.jar:/home/travis/build/icyphy/ptII/lib/hazelcast-3.8.2.jar:/home/travis/build/icyphy/ptII/lib/jackson-annotations-2.9.0.jar:/home/travis/build/icyphy/ptII/lib/jackson-core-2.9.3.jar:/home/travis/build/icyphy/ptII/lib/jackson-databind-2.9.3.jar:/home/travis/build/icyphy/ptII/lib/netty-buffer-4.1.19.Final.jar:/home/travis/build/icyphy/ptII/lib/netty-codec-4.1.19.Final.jar:/home/travis/build/icyphy/ptII/lib/netty-codec-dns-4.1.19.Final.jar:/home/travis/build/icyphy/ptII/lib/netty-codec-http-4.1.19.Final.jar:/home/travis/build/icyphy/ptII/lib/netty-codec-http2-4.1.19.Final.jar:/home/travis/build/icyphy/ptII/lib/netty-common-4.1.19.Final.jar:/home/travis/build/icyphy/ptII/lib/netty-handler-4.1.19.Final.jar:/home/travis/build/icyphy/ptII/lib/netty-resolver-4.1.19.Final.jar:/home/travis/build/icyphy/ptII/lib/netty-resolver-dns-4.1.19.Final.jar:/home/travis/build/icyphy/ptII/lib/netty-transport-4.1.19.Final.jar:/home/travis/build/icyphy/ptII/lib/vertx-codegen-3.5.1.jar:/home/travis/build/icyphy/ptII/lib/vertx-core-3.5.2-SNAPSHOT.jar:/home/travis/build/icyphy/ptII/lib/vertx-hazelcast-3.5.1.jar:/home/travis/build/icyphy/ptII/lib/vertx-lang-js-3.5.1.jar:/home/travis/build/icyphy/ptII/lib/vertx-service-proxy-3.5.1.jar:/home/travis/build/icyphy/ptII/lib/vertx-web-3.5.1.jar:/home/travis/build/icyphy/ptII/lib/slf4j-api-1.7.13.jar:/home/travis/build/icyphy/ptII/lib/slf4j-simple-1.7.13.jar:/home/travis/build/icyphy/ptII/lib/webcam-capture-0.3.12.jar:/home/travis/build/icyphy/ptII/lib/bridj-0.7.0.jar:/home/travis/build/icyphy/ptII/lib/xbjlib-1.1.0.nrjavaserial.jar" />
    <property name="test.batch" value="**/junit/*.java" />
    <property name="env._" value="/usr/bin/timeout" />
    <property name="java.io.tmpdir" value="/tmp" />
    <property name="env.TRAVIS_INTERNAL_RUBY_REGEX" value="^ruby-(2\.[0-2]\.[0-9]|1\.9\.3)" />
    <property name="user.language" value="en" />
    <property name="env.HISTCONTROL" value="ignoredups:ignorespace" />
    <property name="env.GOROOT" value="/home/travis/.gimme/versions/go1.7.4.linux.amd64" />
    <property name="line.separator" value="&#xa;" />
    <property name="target" value="1.8" />
    <property name="env.TRAVIS_BUILD_DIR" value="/home/travis/build/icyphy/ptII" />
    <property name="env.ANT_OPTS" value="-Xmx2048m" />
    <property name="ant.file.type" value="file" />
    <property name="ptolemy.ptII.batchMode" value="true" />
    <property name="env.HISTSIZE" value="1000" />
    <property name="env.MERB_ENV" value="test" />
    <property name="java.vm.info" value="mixed mode" />
    <property name="source" value="1.8" />
    <property name="java.vm.specification.name" value="Java Virtual Machine Specification" />
    <property name="env.TRAVIS_TEST_RESULT" value="0" />
    <property name="jsdoc.command" value="node_modules/@terraswarm/jsdoc/jsdoc.js" />
    <property name="npm.works" value="true" />
    <property name="cobertura.dir" value="/home/travis/build/icyphy/ptII/vendors/cobertura-2.0.3" />
    <property name="env.rvm_path" value="/home/travis/.rvm" />
    <property name="env.GEM_PATH" value="/home/travis/.rvm/gems/ruby-2.4.1:/home/travis/.rvm/gems/ruby-2.4.1@global" />
    <property name="env.LC_CTYPE" value="en_US.UTF-8" />
    <property name="java.awt.printerjob" value="sun.print.PSPrinterJob" />
    <property name="env.TRAVIS_CMD" value="$PTII/bin/ptIITravisBuild.sh $SECONDS" />
    <property name="env.TRAVIS_STACK_NAME" value="garnet" />
    <property name="env.TRAVIS_TIMER_START_TIME" value="1538273538620036960" />
    <property name="ant.version" value="Apache Ant(TM) version 1.10.1 compiled on February 2 2017" />
    <property name="ptII.reports" value="/home/travis/build/icyphy/ptII/reports" />
    <property name="env.TRAVIS_STACK_TIMESTAMP" value="2017-12-05 19:33:09 UTC" />
    <property name="ant.file.type.ptII" value="file" />
    <property name="env.RBENV_SHELL" value="bash" />
    <property name="os.name" value="Linux" />
    <property name="java.specification.vendor" value="Oracle Corporation" />
    <property name="env.rvm_version" value="1.29.3 (latest)" />
    <property name="env.TRAVIS_INFRA" value="gce" />
    <property name="env.TERM" value="xterm" />
    <property name="java.vm.name" value="Java HotSpot(TM) 64-Bit Server VM" />
    <property name="env.TRAVIS_BUILD_NUMBER" value="757" />
    <property name="env.CI" value="true" />
    <property name="java.library.path" value="/home/travis/pthla/certi-tools/lib:/usr/lib/jni:/usr/local/share/OpenCV/java/:/usr/share/OpenCV/java::/usr/java/packages/lib/amd64:/usr/lib64:/lib64:/lib:/usr/lib" />
    <property name="env.rvm_prefix" value="/home/travis" />
    <property name="env.PATH" value="/home/travis/pthla/certi-tools/share/scripts:/home/travis/.rvm/gems/ruby-2.4.1/bin:/home/travis/.rvm/gems/ruby-2.4.1@global/bin:/home/travis/.rvm/rubies/ruby-2.4.1/bin:/home/travis/.rvm/bin:/home/travis/.nvm/versions/node/v7.10.1/bin:./node_modules/.bin:/home/travis/build/icyphy/ptII/bin:/home/travis/pthla/certi-tools/bin:/home/travis/bin:/home/travis/.local/bin:/opt/pyenv/shims:/home/travis/.phpenv/shims:/home/travis/perl5/perlbrew/bin:/home/travis/.kiex/elixirs/elixir-1.4.5/bin:/home/travis/.kiex/bin:/home/travis/gopath/bin:/home/travis/.gimme/versions/go1.7.4.linux.amd64/bin:/usr/local/phantomjs/bin:/usr/local/phantomjs:/usr/local/neo4j-3.2.7/bin:/usr/local/maven-3.5.2/bin:/usr/local/cmake-3.9.2/bin:/usr/local/clang-5.0.0/bin:/usr/local/sbin:/usr/local/bin:/usr/sbin:/usr/bin:/sbin:/bin:/home/travis/.phpenv/bin:/opt/pyenv/bin:/home/travis/.yarn/bin" />
    <property name="env.TRAVIS_OS_NAME" value="linux" />
    <property name="ant.java.version" value="1.8" />
    <property name="basedir" value="/home/travis/build/icyphy/ptII" />
    <property name="java.class.version" value="52.0" />
    <property name="env.SHLVL" value="3" />
    <property name="env.LD_LIBRARY_PATH" value="/home/travis/pthla/certi-tools/lib:/usr/lib/jni:/usr/local/share/OpenCV/java/:/usr/share/OpenCV/java:" />
    <property name="env.RACK_ENV" value="test" />
    <property name="ant.home" value="/home/travis/build/icyphy/ptII/ant" />
    <property name="env.NVM_DIR" value="/home/travis/.nvm" />
    <property name="env.PERLBREW_BASHRC_VERSION" value="0.80" />
    <property name="env.CERTI_FOM_PATH" value="/home/travis/pthla/certi-tools/share/federations" />
    <property name="env.TRAVIS_BUILD_ID" value="435139836" />
    <property name="env.PYENV_ROOT" value="/opt/pyenv" />
    <property name="env.TRAVIS_UID" value="2000" />
    <property name="env.rvm_pretty_print_flag" value="auto" />
    <property name="env.NVM_BIN" value="/home/travis/.nvm/versions/node/v7.10.1/bin" />
    <property name="env.TRAVIS_COMMIT" value="cdc4d9dd9d82a55ea669c9074a0986e063560ef6" />
    <property name="env._system_arch" value="x86_64" />
    <property name="node.executable" value="node" />
    <property name="sun.boot.library.path" value="/usr/lib/jvm/java-8-oracle/jre/lib/amd64" />
    <property name="sun.management.compiler" value="HotSpot 64-Bit Tiered Compilers" />
    <property name="env.GOPATH" value="/home/travis/gopath" />
    <property name="java.awt.graphicsenv" value="sun.awt.X11GraphicsEnvironment" />
    <property name="ptolemy.ptII.dir" value="/home/travis/build/icyphy/ptII" />
    <property name="env.USER" value="travis" />
    <property name="env.HISTFILESIZE" value="2000" />
    <property name="timeout.longest" value="19000000" />
    <property name="env.TRAVIS_STACK_FEATURES" value="basic cassandra chromium couchdb disabled-ipv6 docker docker-compose elasticsearch firefox go-toolchain google-chrome jdk memcached mongodb mysql neo4j nodejs_interpreter perl_interpreter perlbrew phantomjs postgresql python_interpreter rabbitmq redis riak ruby_interpreter sqlite xserver" />
    <property name="env.TRAVIS_PULL_REQUEST" value="false" />
    <property name="env.PYENV_SHELL" value="bash" />
    <property name="ant.project.name" value="ptII" />
    <property name="java.vm.specification.version" value="1.8" />
    <property name="env.ANSI_RESET" value="\033[0m" />
    <property name="env.TRAVIS_DIST" value="trusty" />
    <property name="env.CERTI_VERSION" value="4.0.0" />
    <property name="env.NLSPATH" value="/usr/dt/lib/nls/msg/%L/%N.cat" />
    <property name="env.CERTI_HOST" value="localhost" />
    <property name="awt.toolkit" value="sun.awt.X11.XToolkit" />
    <property name="env.MY_RUBY_HOME" value="/home/travis/.rvm/rubies/ruby-2.4.1" />
    <property name="sun.cpu.isalist" value="" />
    <property name="env.TRAVIS_TMPDIR" value="/tmp/tmp.TL42JztRey" />
    <property name="java.ext.dirs" value="/usr/lib/jvm/java-8-oracle/jre/lib/ext:/usr/java/packages/lib/ext" />
    <property name="os.version" value="4.4.0-101-generic" />
    <property name="user.home" value="/home/travis" />
    <property name="env.MIX_ARCHIVES" value="/home/travis/.kiex/mix/elixir-1.4.5" />
    <property name="java.vm.vendor" value="Oracle Corporation" />
    <property name="env.TRAVIS_TAG" value="nightly" />
    <property name="env.ANSI_YELLOW" value="\033[33;1m" />
    <property name="env.TRAVIS_FILTERED" value="redirect_io" />
    <property name="env.ANSI_GREEN" value="\033[32;1m" />
    <property name="javadoc.excludepackagenames" value="adm.cvs2svn.*,build.*,config.*,doc.coding.templates.*,jni.test.jni.meaningOfLife.*,jni.test.jni.testDeux.*,jni.test.jni.testTrois.*,org.terraswarm.accessor.accessors.web.node_modules.*,org.terraswarm.accessor.accessors.web.hosts.cordova.demo.*,org.terraswarm.accessor.accessors.web.hosts.cordova.plugins.*,org.terraswarm.accessor.accessors-svn.*,pt-modules.*,ptolemy.apps.agilent.*,ptolemy.apps.anytimecontrol.*,ptolemy.apps.apes.*,ptolemy.apps.charon.*,ptolemy.apps.crazyboard.*,ptolemy.apps.eclipse.*,ptolemy.apps.etherealSting.*,ptolemy.apps.fullscreen.*,ptolemy.apps.giotto.*,ptolemy.apps.ia.*,ptolemy.apps.interfaces.*,ptolemy.apps.jmf.*,ptolemy.apps.kurt.*,ptolemy.apps.kvm.*,ptolemy.apps.lego.*,ptolemy.apps.lejos.*,ptolemy.apps.midp.*,ptolemy.apps.mobileCoding.*,ptolemy.apps.pendulum.*,ptolemy.apps.rijndael.*,ptolemy.apps.robot.*,ptolemy.apps.security.*,ptolemy.apps.sobel.*,ptolemy.apps.soot.*,ptolemy.apps.throttle.*,ptolemy.apps.tini.*,ptolemy.apps.transmission.*,ptolemy.apps.vergil.*,ptolemy.apps.waba.*,ptolemy.apps.websensor.*,ptolemy.apps.webstart.*,ptolemy.apps.xsl.*,ptolemy.apps.zaurus.*,ptolemy.backtrack.eclipse.plugin.*,ptolemy.backtrack.test.*,ptolemy.codegen.c.actor.lib.oldJavaFiles.*,ptolemy.codegen.dsp.lib.*,ptolemy.codegen.kernel.newInterfaces.*,ptolemy.codegen.lib.*,ptolemy.copernicus.kernel.fragment.*,ptolemy.copernicus.shallow.cg.*,ptolemy.domains.giotto.demo.Hierarchy.Hierarchy.*,ptolemy.domains.giotto.demo.Multimode.Multimode.*,ptolemy.domains.giotto.demo.Simple.Simple.*,ptolemy.domains.gr.lib.experimental.*,ptolemy.domains.gro.*,ptolemy.domains.pdf.*,ptolemy.domains.ptinyos.demo.Surge.output.*,ptolemy.moml.test.NoPackageActor.java*,ptolemy.plot.adm.*,ptolemy.plot.servlet.*,reports.*,signed.*,src.*,target.*,vendors.*,ptolemy.cg.adapter.generic.program.procedural.c.mbed*,ptolemy.actor.lib.fmi.fmus.omc*,ptolemy.domains.openmodelica*,ptdb.kernel.bl.save.test.*,ptdb.kernel.bl.load.test.*,ptdb.kernel.bl.search.test.*,ptdb.kernel.bl.migration.test.*,ptdb.kernel.database.test.*,ptdb.test.*,ptdb.gui.test.*,org.ptolemy.scala.*,diva.util.java2d.svg.*,ptolemy.domains.ptinyos.*,ptolemy.actor.lib.fmi.fmipp.*,,org.terraswarm.accessor.accessors.web.node_modules.*,org.terraswarm.accessor.accessors-svn,ptolemy.apps.*,ptolemy.actor.ptalon.demo.ptinyos.SendAndReceiveCnt.output,ptolemy.actor.ptalon.demo.ptinyos.SenseToLeds.output,ptolemy.domains.ptinyos.demo.CntToLedsAndRfm.output,ptolemy.domains.ptinyos.demo.RfmToLeds.output,ptolemy.domains.ptinyos.demo.SendAndReceiveCnt.output,ptolemy.domains.ptinyos.demo.SenseToLeds.output,ptolemy.actor.lib.jjs.modules.udpSocket.*" />
    <property name="env.JAVA_HOME" value="/usr/lib/jvm/java-8-oracle" />
    <property name="env.PTII" value="/home/travis/build/icyphy/ptII" />
    <property name="env.XDG_SESSION_ID" value="2" />
    <property name="keystore" value="ptKeystore" />
    <property name="env.TRAVIS_COMMIT_MESSAGE" value="Merge branch &apos;master&apos; of https://github.com/icyphy/ptII" />
    <property name="junit.output.dir" value="/home/travis/build/icyphy/ptII/reports/junit" />
    <property name="npm.return.code" value="0" />
    <property name="user.dir" value="/home/travis/build/icyphy/ptII/ptolemy/actor/lib/test" />
    <property name="env.TRAVIS_NODE_VERSION" value="7" />
    <property name="env.XFILESEARCHPATH" value="/usr/dt/app-defaults/%L/Dt" />
    <property name="env.MAIL" value="/var/mail/travis" />
    <property name="env.TRAVIS_EVENT_TYPE" value="cron" />
    <property name="env.PERLBREW_ROOT" value="/home/travis/perl5/perlbrew" />
    <property name="env.PWD" value="/home/travis/build/icyphy/ptII" />
    <property name="timeout.npm" value="45000" />
    <property name="env.TRAVIS_ARCH" value="amd64" />
    <property name="env.PAGER" value="cat" />
    <property name="sun.cpu.endian" value="little" />
    <property name="env.TRAVIS_BUILD_STAGE_NAME" value="Test" />
    <property name="env.PERLBREW_HOME" value="/home/travis/.perlbrew" />
    <property name="env.RAILS_ENV" value="test" />
    <property name="java.vm.version" value="25.151-b12" />
    <property name="java.class.path" value="/home/travis/.ptolemyII:/home/travis/.ptolemyII/*:/home/travis/build/icyphy/ptII:/home/travis/build/icyphy/ptII/lib/bsh-2.0b4.jar:/home/travis/build/icyphy/ptII/lib/ptCal.jar:/home/travis/build/icyphy/ptII/lib/java_cup.jar:/home/travis/build/icyphy/ptII/lib/saxon8.jar:/home/travis/build/icyphy/ptII/lib/saxon8-dom.jar:/home/travis/build/icyphy/ptII/lib/chic.jar:/home/travis/build/icyphy/ptII/lib/ptcolt.jar:/usr/lib/jvm/java-8-oracle/lib/tools.jar:/usr/lib/eclipse/plugins/org.eclipse.jdt.core_3.8.2.dist.jar:/usr/lib/eclipse/plugins/org.eclipse.core.runtime_3.8.0.dist.jar:/usr/lib/eclipse/plugins/org.eclipse.osgi_3.8.1.dist.jar:/usr/lib/eclipse/plugins/org.eclipse.core.resources_3.8.1.dist.jar:/usr/lib/eclipse/plugins/org.eclipse.equinox.common_3.6.100.dist.jar:/usr/lib/eclipse/plugins/org.eclipse.core.jobs_3.5.200.dist.jar:/usr/lib/eclipse/plugins/org.eclipse.core.contenttype_3.4.200.dist.jar:/usr/lib/eclipse/plugins/org.eclipse.equinox.preferences_3.5.0.dist.jar:/usr/lib/eclipse/plugins/org.eclipse.text_3.5.200.dist.jar:/usr/lib/eclipse/plugins/org.eclipse.ui.workbench_3.8.1.dist.jar:/usr/lib/eclipse/plugins/org.eclipse.jface_3.8.0.dist.jar:/usr/lib/eclipse/plugins/org.eclipse.swt_3.8.2.jar:/usr/lib/eclipse/plugins/org.eclipse.jface.text_3.8.1.dist.jar:/usr/lib/eclipse/plugins/org.eclipse.ui.workbench.texteditor_3.8.0.dist.jar:/usr/lib/eclipse/plugins/org.eclipse.ui.editors_3.8.0.dist.jar:/usr/lib/eclipse/plugins/org.eclipse.core.commands_3.6.1.dist.jar:/usr/lib/eclipse/plugins/org.eclipse.equinox.registry_3.5.200.dist.jar:/usr/lib/eclipse/plugins/org.eclipse.ui.console_3.5.100.dist.jar:/usr/lib/eclipse/plugins/org.eclipse.ui.forms_3.5.200.dist.jar:/usr/lib/eclipse/plugins/org.eclipse.ui.ide_3.8.1.dist.jar:/home/travis/build/icyphy/ptII/vendors/oracle/dbxml.jar:/home/travis/build/icyphy/ptII/vendors/oracle/db.jar:/home/travis/build/icyphy/ptII/vendors/misc/itext/iText.jar:/home/travis/build/icyphy/ptII/lib/g4ltl.jar:/home/travis/build/icyphy/ptII/lib/StructuralCoder.jar:/home/travis/build/icyphy/ptII/lib/org-openide-util.jar:/home/travis/build/icyphy/ptII/lib/org-openide-util-lookup.jar:/home/travis/build/icyphy/ptII/lib/org-netbeans-api-visual.jar:/home/travis/build/icyphy/ptII/vendors/jai-1_1_2_01/lib/jai_core.jar:/home/travis/build/icyphy/ptII/vendors/jai-1_1_2_01/lib/jai_codec.jar:/home/travis/build/icyphy/ptII/lib/jcerti.jar:/home/travis/build/icyphy/ptII/lib/smack.jar:/home/travis/build/icyphy/ptII/lib/smackx.jar:/home/travis/build/icyphy/ptII/lib/jetty-all-8.1.5-v20120716.jar:/home/travis/build/icyphy/ptII/lib/javax.servlet-api-3.0.1.jar:/home/travis/build/icyphy/ptII/lib/javax.mail.jar:/home/travis/build/icyphy/ptII/vendors/JMF-2.1.1e/lib/jmf.jar:/home/travis/build/icyphy/ptII/lib/jna-4.0.0-variadic.jar:/home/travis/build/icyphy/ptII/vendors/misc/joystick/Joystick.jar:/home/travis/build/icyphy/ptII/lib/ptjacl.jar:/home/travis/build/icyphy/ptII/lib/jsoup-1.8.2.jar:/home/travis/build/icyphy/ptII/lib/junit-4.8.2.jar:/home/travis/build/icyphy/ptII/lib/JUnitParams-0.4.0.jar:/home/travis/build/icyphy/ptII/ptolemy/actor/lib/excel/jxl.jar:/home/travis/build/icyphy/ptII/lib/jython.jar:/home/travis/build/icyphy/ptII/lib/kieler.jar:/home/travis/build/icyphy/ptII/vendors/opencv/share/OpenCV/java/opencv-341.jar:/home/travis/build/icyphy/ptII/lib/oscP5.jar:/home/travis/build/icyphy/ptII/lib/nrjavaserial-3.11.0.devel.jar:/home/travis/build/icyphy/ptII/vendors/j3d/lib/j3dcore.jar:/home/travis/build/icyphy/ptII/vendors/j3d/lib/j3dutils.jar:/home/travis/build/icyphy/ptII/vendors/j3d/lib/vecmath.jar:/home/travis/build/icyphy/ptII/ptolemy/distributed/jini/jar/jini-core.jar:/home/travis/build/icyphy/ptII/ptolemy/distributed/jini/jar/jini-ext.jar:/home/travis/build/icyphy/ptII/ptolemy/distributed/jini/jar/sun-util.jar:/home/travis/build/icyphy/ptII/lib/protobuf-java-2.4.1.jar:/home/travis/build/icyphy/ptII/lib/org.eclipse.paho.client.mqttv3.jar:/home/travis/build/icyphy/ptII/ptserver/lib/hessian-4.0.7.jar:/home/travis/build/icyphy/ptII/ptserver/lib/wmqtt.jar:/home/travis/build/icyphy/ptII/lib/mapss.jar:/home/travis/build/icyphy/ptII/ptolemy/actor/ptalon/antlr/antlr.jar:/home/travis/build/icyphy/ptII/lib/JRI.jar:/home/travis/build/icyphy/ptII/lib/commons-lang-2.6.jar:/home/travis/build/icyphy/ptII/lib/commons-logging-1.1.1.jar:/home/travis/build/icyphy/ptII/lib/sootclasses.jar:/home/travis/build/icyphy/ptII/ptolemy/actor/lib/database/mysql-connector-java-5.1.6-bin.jar:/home/travis/build/icyphy/ptII/vendors/misc/sphinx4/sphinx4-data-5prealpha.jar:/home/travis/build/icyphy/ptII/vendors/misc/sphinx4/sphinx4-core-5prealpha.jar:/home/travis/build/icyphy/ptII/lib/PDFRenderer.jar:/home/travis/build/icyphy/ptII/lib/svgSalamander.jar:/home/travis/build/icyphy/ptII/lib/rsyntaxtextarea-2.6.0-SNAPSHOT.jar:/home/travis/build/icyphy/ptII/lib/hazelcast-3.8.2.jar:/home/travis/build/icyphy/ptII/lib/jackson-annotations-2.9.0.jar:/home/travis/build/icyphy/ptII/lib/jackson-core-2.9.3.jar:/home/travis/build/icyphy/ptII/lib/jackson-databind-2.9.3.jar:/home/travis/build/icyphy/ptII/lib/netty-buffer-4.1.19.Final.jar:/home/travis/build/icyphy/ptII/lib/netty-codec-4.1.19.Final.jar:/home/travis/build/icyphy/ptII/lib/netty-codec-dns-4.1.19.Final.jar:/home/travis/build/icyphy/ptII/lib/netty-codec-http-4.1.19.Final.jar:/home/travis/build/icyphy/ptII/lib/netty-codec-http2-4.1.19.Final.jar:/home/travis/build/icyphy/ptII/lib/netty-common-4.1.19.Final.jar:/home/travis/build/icyphy/ptII/lib/netty-handler-4.1.19.Final.jar:/home/travis/build/icyphy/ptII/lib/netty-resolver-4.1.19.Final.jar:/home/travis/build/icyphy/ptII/lib/netty-resolver-dns-4.1.19.Final.jar:/home/travis/build/icyphy/ptII/lib/netty-transport-4.1.19.Final.jar:/home/travis/build/icyphy/ptII/lib/vertx-codegen-3.5.1.jar:/home/travis/build/icyphy/ptII/lib/vertx-core-3.5.2-SNAPSHOT.jar:/home/travis/build/icyphy/ptII/lib/vertx-hazelcast-3.5.1.jar:/home/travis/build/icyphy/ptII/lib/vertx-lang-js-3.5.1.jar:/home/travis/build/icyphy/ptII/lib/vertx-service-proxy-3.5.1.jar:/home/travis/build/icyphy/ptII/lib/vertx-web-3.5.1.jar:/home/travis/build/icyphy/ptII/lib/slf4j-api-1.7.13.jar:/home/travis/build/icyphy/ptII/lib/slf4j-simple-1.7.13.jar:/home/travis/build/icyphy/ptII/lib/webcam-capture-0.3.12.jar:/home/travis/build/icyphy/ptII/lib/bridj-0.7.0.jar:/home/travis/build/icyphy/ptII/lib/xbjlib-1.1.0.nrjavaserial.jar:/home/travis/build/icyphy/ptII/ptolemy/moml/test:/home/travis/build/icyphy/ptII/ant/lib/ant-launcher.jar:/home/travis/build/icyphy/ptII/ant/lib/ant.jar:/home/travis/build/icyphy/ptII/ant/lib/ant-junit.jar:/home/travis/build/icyphy/ptII/ant/lib/ant-junit4.jar" />
    <property name="ant.library.dir" value="/home/travis/build/icyphy/ptII/ant/lib" />
    <property name="os.arch" value="amd64" />
    <property name="env.TRAVIS_LANGUAGE" value="node_js" />
    <property name="env.CONTINUOUS_INTEGRATION" value="true" />
    <property name="env.TRAVIS_STACK_LANGUAGES" value="__garnet__ c c++ clojure cplusplus cpp default go groovy java node_js php pure_java python ruby scala" />
    <property name="test.name" value="ptolemy.actor.lib.test.junit.JUnitTclTest" />
    <property name="sun.java.launcher" value="SUN_STANDARD" />
    <property name="env.PYTHON_CONFIGURE_OPTS" value="--enable-unicode=ucs4 --with-wide-unicode --enable-shared --enable-ipv6 --enable-loadable-sqlite-extensions --with-computed-gotos" />
    <property name="ant.core.lib" value="/home/travis/build/icyphy/ptII/ant/lib/ant.jar" />
    <property name="java.vm.specification.vendor" value="Oracle Corporation" />
    <property name="env.BCVTB_HOME" value="/home/travis/build/icyphy/ptII/lbnl" />
    <property name="file.separator" value="/" />
    <property name="spotbugs.home" value="/home/travis/build/icyphy/ptII/vendors/spotbugs-3.1.1" />
    <property name="java.runtime.version" value="1.8.0_151-b12" />
    <property name="sun.boot.class.path" value="/usr/lib/jvm/java-8-oracle/jre/lib/resources.jar:/usr/lib/jvm/java-8-oracle/jre/lib/rt.jar:/usr/lib/jvm/java-8-oracle/jre/lib/sunrsasign.jar:/usr/lib/jvm/java-8-oracle/jre/lib/jsse.jar:/usr/lib/jvm/java-8-oracle/jre/lib/jce.jar:/usr/lib/jvm/java-8-oracle/jre/lib/charsets.jar:/usr/lib/jvm/java-8-oracle/jre/lib/jfr.jar:/usr/lib/jvm/java-8-oracle/jre/classes" />
    <property name="env.ANSI_CLEAR" value="\033[0K" />
    <property name="env.HAS_JOSH_K_SEAL_OF_APPROVAL" value="true" />
    <property name="env.TRAVIS_OSX_IMAGE" value="" />
    <property name="env.XDG_RUNTIME_DIR" value="/run/user/2000" />
    <property name="env.TRAVIS_BRANCH" value="master" />
    <property name="env.TRAVIS_JOB_ID" value="435139844" />
    <property name="env.CERTI_HOME_TRAVIS" value="/home/travis/pthla/certi-tools" />
    <property name="user.country" value="US" />
    <property name="env.SHELL" value="/bin/bash" />
    <property name="model" value="" />
    <property name="java.maxmemory.large" value="5000m" />
    <property name="env.CASHER_DIR" value="/home/travis/.casher" />
    <property name="env.NVM_CD_FLAGS" value="" />
    <property name="jshint.executable" value="/home/travis/node_modules/jshint/bin/jshint" />
    <property name="env.JRUBY_OPTS" value=" --client -J-XX:+TieredCompilation -J-XX:TieredStopAtLevel=1 -J-Xss2m -Xcompile.invokedynamic=false" />
    <property name="java.vendor" value="Oracle Corporation" />
    <property name="env.TRAVIS_PRE_CHEF_BOOTSTRAP_TIME" value="2017-12-05T19:32:55" />
    <property name="env.ELIXIR_VERSION" value="1.4.5" />
    <property name="env.TRAVIS_STACK_JOB_BOARD_REGISTER" value="/.job-board-register.yml" />
    <property name="env.ANSI_RED" value="\033[31;1m" />
    <property name="java.specification.version" value="1.8" />
    <property name="env.TRAVIS" value="true" />
    <property name="env.IRBRC" value="/home/travis/.rvm/rubies/ruby-2.4.1/.irbrc" />
    <property name="sun.arch.data.model" value="64" />
  </properties>
  <testcase classname="ptolemy.util.test.junit.TclTests" name="[0] /home/travis/build/icyphy/ptII/ptolemy/actor/lib/test/AbsoluteValue.tcl (RunTclFile)" time="0.464" />
  <testcase classname="ptolemy.util.test.junit.TclTests" name="[1] /home/travis/build/icyphy/ptII/ptolemy/actor/lib/test/AddSubtract.tcl (RunTclFile)" time="0.094" />
  <testcase classname="ptolemy.util.test.junit.TclTests" name="[2] /home/travis/build/icyphy/ptII/ptolemy/actor/lib/test/Average.tcl (RunTclFile)" time="0.029" />
  <testcase classname="ptolemy.util.test.junit.TclTests" name="[3] /home/travis/build/icyphy/ptII/ptolemy/actor/lib/test/Bernoulli.tcl (RunTclFile)" time="0.029" />
  <testcase classname="ptolemy.util.test.junit.TclTests" name="[4] /home/travis/build/icyphy/ptII/ptolemy/actor/lib/test/Clock.tcl (RunTclFile)" time="0.056" />
  <testcase classname="ptolemy.util.test.junit.TclTests" name="[5] /home/travis/build/icyphy/ptII/ptolemy/actor/lib/test/Commutator.tcl (RunTclFile)" time="0.127" />
  <testcase classname="ptolemy.util.test.junit.TclTests" name="[6] /home/travis/build/icyphy/ptII/ptolemy/actor/lib/test/Const.tcl (RunTclFile)" time="0.114" />
  <testcase classname="ptolemy.util.test.junit.TclTests" name="[7] /home/travis/build/icyphy/ptII/ptolemy/actor/lib/test/CurrentTime.tcl (RunTclFile)" time="0.047" />
  <testcase classname="ptolemy.util.test.junit.TclTests" name="[8] /home/travis/build/icyphy/ptII/ptolemy/actor/lib/test/DB.tcl (RunTclFile)" time="0.036" />
  <testcase classname="ptolemy.util.test.junit.TclTests" name="[9] /home/travis/build/icyphy/ptII/ptolemy/actor/lib/test/DiscreteRandomSource.tcl (RunTclFile)" time="0.028" />
  <testcase classname="ptolemy.util.test.junit.TclTests" name="[10] /home/travis/build/icyphy/ptII/ptolemy/actor/lib/test/Distributor.tcl (RunTclFile)" time="0.067" />
  <testcase classname="ptolemy.util.test.junit.TclTests" name="[11] /home/travis/build/icyphy/ptII/ptolemy/actor/lib/test/Exit.tcl (RunTclFile)" time="0.065" />
  <testcase classname="ptolemy.util.test.junit.TclTests" name="[12] /home/travis/build/icyphy/ptII/ptolemy/actor/lib/test/Expression.tcl (RunTclFile)" time="0.074" />
  <testcase classname="ptolemy.util.test.junit.TclTests" name="[13] /home/travis/build/icyphy/ptII/ptolemy/actor/lib/test/Gaussian.tcl (RunTclFile)" time="0.116" />
  <testcase classname="ptolemy.util.test.junit.TclTests" name="[14] /home/travis/build/icyphy/ptII/ptolemy/actor/lib/test/IIR.tcl (RunTclFile)" time="0.051" />
  <testcase classname="ptolemy.util.test.junit.TclTests" name="[15] /home/travis/build/icyphy/ptII/ptolemy/actor/lib/test/Interpolator.tcl (RunTclFile)" time="0.107" />
  <testcase classname="ptolemy.util.test.junit.TclTests" name="[16] /home/travis/build/icyphy/ptII/ptolemy/actor/lib/test/MathFunction.tcl (RunTclFile)" time="0.087" />
  <testcase classname="ptolemy.util.test.junit.TclTests" name="[17] /home/travis/build/icyphy/ptII/ptolemy/actor/lib/test/Maximum.tcl (RunTclFile)" time="0.046" />
  <testcase classname="ptolemy.util.test.junit.TclTests" name="[18] /home/travis/build/icyphy/ptII/ptolemy/actor/lib/test/Minimum.tcl (RunTclFile)" time="0.034" />
  <testcase classname="ptolemy.util.test.junit.TclTests" name="[19] /home/travis/build/icyphy/ptII/ptolemy/actor/lib/test/MultiplyDivide.tcl (RunTclFile)" time="0.037" />
  <testcase classname="ptolemy.util.test.junit.TclTests" name="[20] /home/travis/build/icyphy/ptII/ptolemy/actor/lib/test/OrderedMerge.tcl (RunTclFile)" time="0.073" />
  <testcase classname="ptolemy.util.test.junit.TclTests" name="[21] /home/travis/build/icyphy/ptII/ptolemy/actor/lib/test/Publisher.tcl (RunTclFile)" time="0.506" />
  <testcase classname="ptolemy.util.test.junit.TclTests" name="[22] /home/travis/build/icyphy/ptII/ptolemy/actor/lib/test/Pulse.tcl (RunTclFile)" time="0.029" />
  <testcase classname="ptolemy.util.test.junit.TclTests" name="[23] /home/travis/build/icyphy/ptII/ptolemy/actor/lib/test/Ramp.tcl (RunTclFile)" time="1.79" />
  <testcase classname="ptolemy.util.test.junit.TclTests" name="[24] /home/travis/build/icyphy/ptII/ptolemy/actor/lib/test/RampContinuous.tcl (RunTclFile)" time="0.017" />
  <testcase classname="ptolemy.util.test.junit.TclTests" name="[25] /home/travis/build/icyphy/ptII/ptolemy/actor/lib/test/RecordAssembler.tcl (RunTclFile)" time="0.017" />
  <testcase classname="ptolemy.util.test.junit.TclTests" name="[26] /home/travis/build/icyphy/ptII/ptolemy/actor/lib/test/RecordDisassembler.tcl (RunTclFile)" time="0.032" />
  <testcase classname="ptolemy.util.test.junit.TclTests" name="[27] /home/travis/build/icyphy/ptII/ptolemy/actor/lib/test/Scale.tcl (RunTclFile)" time="0.036" />
  <testcase classname="ptolemy.util.test.junit.TclTests" name="[28] /home/travis/build/icyphy/ptII/ptolemy/actor/lib/test/SequentialClock.tcl (RunTclFile)" time="0.013" />
  <testcase classname="ptolemy.util.test.junit.TclTests" name="[29] /home/travis/build/icyphy/ptII/ptolemy/actor/lib/test/SetVariable.tcl (RunTclFile)" time="0.015" />
  <testcase classname="ptolemy.util.test.junit.TclTests" name="[30] /home/travis/build/icyphy/ptII/ptolemy/actor/lib/test/Sinewave.tcl (RunTclFile)" time="0.053" />
  <testcase classname="ptolemy.util.test.junit.TclTests" name="[31] /home/travis/build/icyphy/ptII/ptolemy/actor/lib/test/SubscriptionAggregator.tcl (RunTclFile)" time="1.882" />
  <testcase classname="ptolemy.util.test.junit.TclTests" name="[32] /home/travis/build/icyphy/ptII/ptolemy/actor/lib/test/Test.tcl (RunTclFile)" time="0.08" />
  <testcase classname="ptolemy.util.test.junit.TclTests" name="[33] /home/travis/build/icyphy/ptII/ptolemy/actor/lib/test/TestExceptionHandler.tcl (RunTclFile)" time="0.011" />
  <testcase classname="ptolemy.util.test.junit.TclTests" name="[34] /home/travis/build/icyphy/ptII/ptolemy/actor/lib/test/UnionDisassembler.tcl (RunTclFile)" time="0.087" />
  <testcase classname="ptolemy.util.test.junit.TclTests" name="[35] /home/travis/build/icyphy/ptII/ptolemy/actor/lib/test/VariableClock.tcl (RunTclFile)" time="0.031" />
  <testcase classname="ptolemy.util.test.junit.AutoKnownFailedTests" name="[0] /home/travis/build/icyphy/ptII/ptolemy/actor/lib/test/auto/knownFailedTests/PublisherPortToplevelSubscriber.xml (RunModel)" time="0.014" />
  <testcase classname="ptolemy.util.test.junit.AutoKnownFailedTests" name="[1] /home/travis/build/icyphy/ptII/ptolemy/actor/lib/test/auto/knownFailedTests/PublisherSubscriberPortToplevel.xml (RunModel)" time="0.025" />
  <testcase classname="ptolemy.util.test.junit.AutoKnownFailedTests" name="[2] /home/travis/build/icyphy/ptII/ptolemy/actor/lib/test/auto/knownFailedTests/PublisherSubscriptionAggregatorPort.xml (RunModel)" time="0.031" />
  <testcase classname="ptolemy.util.test.junit.AutoKnownFailedTests" name="[3] /home/travis/build/icyphy/ptII/ptolemy/actor/lib/test/auto/knownFailedTests/sizedarray3.xml (RunModel)" time="0.028" />
  <testcase classname="ptolemy.util.test.junit.AutoNameArchTests" name="[0] ThereAreNoAutoArchTests (RunModel)" time="0.001" />
  <testcase classname="ptolemy.util.test.junit.AutoTests" name="[0] /home/travis/build/icyphy/ptII/ptolemy/actor/lib/test/auto/AbsoluteValue.xml (RunModel)" time="0.077" />
  <testcase classname="ptolemy.util.test.junit.AutoTests" name="[1] /home/travis/build/icyphy/ptII/ptolemy/actor/lib/test/auto/AbsoluteValue2.xml (RunModel)" time="0.062" />
  <testcase classname="ptolemy.util.test.junit.AutoTests" name="[2] /home/travis/build/icyphy/ptII/ptolemy/actor/lib/test/auto/Accumulator.xml (RunModel)" time="0.068" />
  <testcase classname="ptolemy.util.test.junit.AutoTests" name="[3] /home/travis/build/icyphy/ptII/ptolemy/actor/lib/test/auto/Accumulator2.xml (RunModel)" time="0.039" />
  <testcase classname="ptolemy.util.test.junit.AutoTests" name="[4] /home/travis/build/icyphy/ptII/ptolemy/actor/lib/test/auto/Accumulator3.xml (RunModel)" time="0.019" />
  <testcase classname="ptolemy.util.test.junit.AutoTests" name="[5] /home/travis/build/icyphy/ptII/ptolemy/actor/lib/test/auto/ArrayAppend.xml (RunModel)" time="0.047" />
  <testcase classname="ptolemy.util.test.junit.AutoTests" name="[6] /home/travis/build/icyphy/ptII/ptolemy/actor/lib/test/auto/ArrayAppend2.xml (RunModel)" time="0.414" />
  <testcase classname="ptolemy.util.test.junit.AutoTests" name="[7] /home/travis/build/icyphy/ptII/ptolemy/actor/lib/test/auto/ArrayAppend3.xml (RunModel)" time="0.031" />
  <testcase classname="ptolemy.util.test.junit.AutoTests" name="[8] /home/travis/build/icyphy/ptII/ptolemy/actor/lib/test/auto/ArrayAppend4.xml (RunModel)" time="0.022" />
  <testcase classname="ptolemy.util.test.junit.AutoTests" name="[9] /home/travis/build/icyphy/ptII/ptolemy/actor/lib/test/auto/ArrayAppend5.xml (RunModel)" time="0.02" />
  <testcase classname="ptolemy.util.test.junit.AutoTests" name="[10] /home/travis/build/icyphy/ptII/ptolemy/actor/lib/test/auto/ArrayAppend6.xml (RunModel)" time="0.028" />
  <testcase classname="ptolemy.util.test.junit.AutoTests" name="[11] /home/travis/build/icyphy/ptII/ptolemy/actor/lib/test/auto/ArrayAppendPerformanceTest.xml (RunModel)" time="0.051" />
  <testcase classname="ptolemy.util.test.junit.AutoTests" name="[12] /home/travis/build/icyphy/ptII/ptolemy/actor/lib/test/auto/ArrayAppendWithEmptyInput.xml (RunModel)" time="0.054" />
  <testcase classname="ptolemy.util.test.junit.AutoTests" name="[13] /home/travis/build/icyphy/ptII/ptolemy/actor/lib/test/auto/ArrayAverage.xml (RunModel)" time="0.052" />
  <testcase classname="ptolemy.util.test.junit.AutoTests" name="[14] /home/travis/build/icyphy/ptII/ptolemy/actor/lib/test/auto/ArrayContains.xml (RunModel)" time="0.032" />
  <testcase classname="ptolemy.util.test.junit.AutoTests" name="[15] /home/travis/build/icyphy/ptII/ptolemy/actor/lib/test/auto/ArrayElement.xml (RunModel)" time="0.029" />
  <testcase classname="ptolemy.util.test.junit.AutoTests" name="[16] /home/travis/build/icyphy/ptII/ptolemy/actor/lib/test/auto/ArrayElementAsMatrix.xml (RunModel)" time="0.058" />
  <testcase classname="ptolemy.util.test.junit.AutoTests" name="[17] /home/travis/build/icyphy/ptII/ptolemy/actor/lib/test/auto/ArrayElementI.xml (RunModel)" time="0.02" />
  <testcase classname="ptolemy.util.test.junit.AutoTests" name="[18] /home/travis/build/icyphy/ptII/ptolemy/actor/lib/test/auto/ArrayExtract.xml (RunModel)" time="0.036" />
  <testcase classname="ptolemy.util.test.junit.AutoTests" name="[19] /home/travis/build/icyphy/ptII/ptolemy/actor/lib/test/auto/ArrayExtract2.xml (RunModel)" time="0.02" />
  <testcase classname="ptolemy.util.test.junit.AutoTests" name="[20] /home/travis/build/icyphy/ptII/ptolemy/actor/lib/test/auto/ArrayLength.xml (RunModel)" time="0.039" />
  <testcase classname="ptolemy.util.test.junit.AutoTests" name="[21] /home/travis/build/icyphy/ptII/ptolemy/actor/lib/test/auto/ArrayLevelCrossing.xml (RunModel)" time="0.028" />
  <testcase classname="ptolemy.util.test.junit.AutoTests" name="[22] /home/travis/build/icyphy/ptII/ptolemy/actor/lib/test/auto/ArrayLevelCrossing2.xml (RunModel)" time="0.023" />
  <testcase classname="ptolemy.util.test.junit.AutoTests" name="[23] /home/travis/build/icyphy/ptII/ptolemy/actor/lib/test/auto/ArrayPeakSearch.xml (RunModel)" time="0.033" />
  <testcase classname="ptolemy.util.test.junit.AutoTests" name="[24] /home/travis/build/icyphy/ptII/ptolemy/actor/lib/test/auto/ArrayPeakSearch2.xml (RunModel)" time="0.047" />
  <testcase classname="ptolemy.util.test.junit.AutoTests" name="[25] /home/travis/build/icyphy/ptII/ptolemy/actor/lib/test/auto/ArrayPeakSearch3.xml (RunModel)" time="0.036" />
  <testcase classname="ptolemy.util.test.junit.AutoTests" name="[26] /home/travis/build/icyphy/ptII/ptolemy/actor/lib/test/auto/ArrayRemoveElement.xml (RunModel)" time="0.034" />
  <testcase classname="ptolemy.util.test.junit.AutoTests" name="[27] /home/travis/build/icyphy/ptII/ptolemy/actor/lib/test/auto/ArraySort.xml (RunModel)" time="0.038" />
  <testcase classname="ptolemy.util.test.junit.AutoTests" name="[28] /home/travis/build/icyphy/ptII/ptolemy/actor/lib/test/auto/ArraySum.xml (RunModel)" time="0.027" />
  <testcase classname="ptolemy.util.test.junit.AutoTests" name="[29] /home/travis/build/icyphy/ptII/ptolemy/actor/lib/test/auto/ArrayToElements.xml (RunModel)" time="0.022" />
  <testcase classname="ptolemy.util.test.junit.AutoTests" name="[30] /home/travis/build/icyphy/ptII/ptolemy/actor/lib/test/auto/ArrayToMatrix.xml (RunModel)" time="0.051" />
  <testcase classname="ptolemy.util.test.junit.AutoTests" name="[31] /home/travis/build/icyphy/ptII/ptolemy/actor/lib/test/auto/ArrayUpdate1.xml (RunModel)" time="0.024" />
  <testcase classname="ptolemy.util.test.junit.AutoTests" name="[32] /home/travis/build/icyphy/ptII/ptolemy/actor/lib/test/auto/ArrayUpdate2.xml (RunModel)" time="0.029" />
  <testcase classname="ptolemy.util.test.junit.AutoTests" name="[33] /home/travis/build/icyphy/ptII/ptolemy/actor/lib/test/auto/ArrayUpdate3.xml (RunModel)" time="0.032" />
  <testcase classname="ptolemy.util.test.junit.AutoTests" name="[34] /home/travis/build/icyphy/ptII/ptolemy/actor/lib/test/auto/Assert1.xml (RunModel)" time="0.029" />
  <testcase classname="ptolemy.util.test.junit.AutoTests" name="[35] /home/travis/build/icyphy/ptII/ptolemy/actor/lib/test/auto/Assert2.xml (RunModel)" time="0.016" />
  <testcase classname="ptolemy.util.test.junit.AutoTests" name="[36] /home/travis/build/icyphy/ptII/ptolemy/actor/lib/test/auto/BooleanMultiplexor.xml (RunModel)" time="0.016" />
  <testcase classname="ptolemy.util.test.junit.AutoTests" name="[37] /home/travis/build/icyphy/ptII/ptolemy/actor/lib/test/auto/BooleanMultiplexor2.xml (RunModel)" time="0.027" />
  <testcase classname="ptolemy.util.test.junit.AutoTests" name="[38] /home/travis/build/icyphy/ptII/ptolemy/actor/lib/test/auto/BooleanMultiplexor3.xml (RunModel)" time="0.02" />
  <testcase classname="ptolemy.util.test.junit.AutoTests" name="[39] /home/travis/build/icyphy/ptII/ptolemy/actor/lib/test/auto/BooleanSelect.xml (RunModel)" time="0.028" />
  <testcase classname="ptolemy.util.test.junit.AutoTests" name="[40] /home/travis/build/icyphy/ptII/ptolemy/actor/lib/test/auto/BooleanSelect2.xml (RunModel)" time="0.015" />
  <testcase classname="ptolemy.util.test.junit.AutoTests" name="[41] /home/travis/build/icyphy/ptII/ptolemy/actor/lib/test/auto/BooleanSwitch.xml (RunModel)" time="0.02" />
  <testcase classname="ptolemy.util.test.junit.AutoTests" name="[42] /home/travis/build/icyphy/ptII/ptolemy/actor/lib/test/auto/BooleanSwitch2.xml (RunModel)" time="0.016" />
  <testcase classname="ptolemy.util.test.junit.AutoTests" name="[43] /home/travis/build/icyphy/ptII/ptolemy/actor/lib/test/auto/BooleanSwitchCloningBugWithClassRelationGroup.xml (RunModel)" time="0.037" />
  <testcase classname="ptolemy.util.test.junit.AutoTests" name="[44] /home/travis/build/icyphy/ptII/ptolemy/actor/lib/test/auto/BusActors.xml (RunModel)" time="0.088" />
  <testcase classname="ptolemy.util.test.junit.AutoTests" name="[45] /home/travis/build/icyphy/ptII/ptolemy/actor/lib/test/auto/ClassWrapper.xml (RunModel)" time="0.011" />
  <testcase classname="ptolemy.util.test.junit.AutoTests" name="[46] /home/travis/build/icyphy/ptII/ptolemy/actor/lib/test/auto/Clock.xml (RunModel)" time="0.011" />
  <testcase classname="ptolemy.util.test.junit.AutoTests" name="[47] /home/travis/build/icyphy/ptII/ptolemy/actor/lib/test/auto/Clock10.xml (RunModel)" time="0.015" />
  <testcase classname="ptolemy.util.test.junit.AutoTests" name="[48] /home/travis/build/icyphy/ptII/ptolemy/actor/lib/test/auto/Clock11.xml (RunModel)" time="0.014" />
  <testcase classname="ptolemy.util.test.junit.AutoTests" name="[49] /home/travis/build/icyphy/ptII/ptolemy/actor/lib/test/auto/Clock12.xml (RunModel)" time="0.014" />
  <testcase classname="ptolemy.util.test.junit.AutoTests" name="[50] /home/travis/build/icyphy/ptII/ptolemy/actor/lib/test/auto/Clock13.xml (RunModel)" time="0.021" />
  <testcase classname="ptolemy.util.test.junit.AutoTests" name="[51] /home/travis/build/icyphy/ptII/ptolemy/actor/lib/test/auto/Clock14.xml (RunModel)" time="0.013" />
  <testcase classname="ptolemy.util.test.junit.AutoTests" name="[52] /home/travis/build/icyphy/ptII/ptolemy/actor/lib/test/auto/Clock15.xml (RunModel)" time="0.012" />
  <testcase classname="ptolemy.util.test.junit.AutoTests" name="[53] /home/travis/build/icyphy/ptII/ptolemy/actor/lib/test/auto/Clock16.xml (RunModel)" time="0.076" />
  <testcase classname="ptolemy.util.test.junit.AutoTests" name="[54] /home/travis/build/icyphy/ptII/ptolemy/actor/lib/test/auto/Clock17.xml (RunModel)" time="0.057" />
  <testcase classname="ptolemy.util.test.junit.AutoTests" name="[55] /home/travis/build/icyphy/ptII/ptolemy/actor/lib/test/auto/Clock18.xml (RunModel)" time="0.048" />
  <testcase classname="ptolemy.util.test.junit.AutoTests" name="[56] /home/travis/build/icyphy/ptII/ptolemy/actor/lib/test/auto/Clock19.xml (RunModel)" time="0.06" />
  <testcase classname="ptolemy.util.test.junit.AutoTests" name="[57] /home/travis/build/icyphy/ptII/ptolemy/actor/lib/test/auto/Clock2.xml (RunModel)" time="0.012" />
  <testcase classname="ptolemy.util.test.junit.AutoTests" name="[58] /home/travis/build/icyphy/ptII/ptolemy/actor/lib/test/auto/Clock20.xml (RunModel)" time="0.028" />
  <testcase classname="ptolemy.util.test.junit.AutoTests" name="[59] /home/travis/build/icyphy/ptII/ptolemy/actor/lib/test/auto/Clock21.xml (RunModel)" time="0.018" />
  <testcase classname="ptolemy.util.test.junit.AutoTests" name="[60] /home/travis/build/icyphy/ptII/ptolemy/actor/lib/test/auto/Clock22.xml (RunModel)" time="0.018" />
  <testcase classname="ptolemy.util.test.junit.AutoTests" name="[61] /home/travis/build/icyphy/ptII/ptolemy/actor/lib/test/auto/Clock23.xml (RunModel)" time="0.019" />
  <testcase classname="ptolemy.util.test.junit.AutoTests" name="[62] /home/travis/build/icyphy/ptII/ptolemy/actor/lib/test/auto/Clock24.xml (RunModel)" time="0.014" />
  <testcase classname="ptolemy.util.test.junit.AutoTests" name="[63] /home/travis/build/icyphy/ptII/ptolemy/actor/lib/test/auto/Clock4.xml (RunModel)" time="0.039" />
  <testcase classname="ptolemy.util.test.junit.AutoTests" name="[64] /home/travis/build/icyphy/ptII/ptolemy/actor/lib/test/auto/Clock5.xml (RunModel)" time="0.012" />
  <testcase classname="ptolemy.util.test.junit.AutoTests" name="[65] /home/travis/build/icyphy/ptII/ptolemy/actor/lib/test/auto/Clock6.xml (RunModel)" time="0.013" />
  <testcase classname="ptolemy.util.test.junit.AutoTests" name="[66] /home/travis/build/icyphy/ptII/ptolemy/actor/lib/test/auto/Clock7.xml (RunModel)" time="0.011" />
  <testcase classname="ptolemy.util.test.junit.AutoTests" name="[67] /home/travis/build/icyphy/ptII/ptolemy/actor/lib/test/auto/Clock8.xml (RunModel)" time="0.011" />
  <testcase classname="ptolemy.util.test.junit.AutoTests" name="[68] /home/travis/build/icyphy/ptII/ptolemy/actor/lib/test/auto/Clock9.xml (RunModel)" time="0.011" />
  <testcase classname="ptolemy.util.test.junit.AutoTests" name="[69] /home/travis/build/icyphy/ptII/ptolemy/actor/lib/test/auto/CommDistDiscard.xml (RunModel)" time="0.021" />
  <testcase classname="ptolemy.util.test.junit.AutoTests" name="[70] /home/travis/build/icyphy/ptII/ptolemy/actor/lib/test/auto/Commutator.xml (RunModel)" time="0.014" />
  <testcase classname="ptolemy.util.test.junit.AutoTests" name="[71] /home/travis/build/icyphy/ptII/ptolemy/actor/lib/test/auto/Commutator2.xml (RunModel)" time="0.012" />
  <testcase classname="ptolemy.util.test.junit.AutoTests" name="[72] /home/travis/build/icyphy/ptII/ptolemy/actor/lib/test/auto/Commutator3.xml (RunModel)" time="0.012" />
  <testcase classname="ptolemy.util.test.junit.AutoTests" name="[73] /home/travis/build/icyphy/ptII/ptolemy/actor/lib/test/auto/Compare.xml (RunModel)" time="0.023" />
  <testcase classname="ptolemy.util.test.junit.AutoTests" name="[74] /home/travis/build/icyphy/ptII/ptolemy/actor/lib/test/auto/CompareDE.xml (RunModel)" time="0.04" />
  <testcase classname="ptolemy.util.test.junit.AutoTests" name="[75] /home/travis/build/icyphy/ptII/ptolemy/actor/lib/test/auto/ComplexDivide.xml (RunModel)" time="0.01" />
  <testcase classname="ptolemy.util.test.junit.AutoTests" name="[76] /home/travis/build/icyphy/ptII/ptolemy/actor/lib/test/auto/ComputeHistogram.xml (RunModel)" time="0.07" />
  <testcase classname="ptolemy.util.test.junit.AutoTests" name="[77] /home/travis/build/icyphy/ptII/ptolemy/actor/lib/test/auto/ConfigurationSelect.xml (RunModel)" time="0.014" />
  <testcase classname="ptolemy.util.test.junit.AutoTests" name="[78] /home/travis/build/icyphy/ptII/ptolemy/actor/lib/test/auto/ConfigurationSelect2.xml (RunModel)" time="0.011" />
  <testcase classname="ptolemy.util.test.junit.AutoTests" name="[79] /home/travis/build/icyphy/ptII/ptolemy/actor/lib/test/auto/ConfigurationSwitch.xml (RunModel)" time="0.013" />
  <testcase classname="ptolemy.util.test.junit.AutoTests" name="[80] /home/travis/build/icyphy/ptII/ptolemy/actor/lib/test/auto/ConfigurationSwitch2.xml (RunModel)" time="0.012" />
  <testcase classname="ptolemy.util.test.junit.AutoTests" name="[81] /home/travis/build/icyphy/ptII/ptolemy/actor/lib/test/auto/ConfigurationSwitchCloningBugWithClassRelationGroup.xml (RunModel)" time="0.02" />
  <testcase classname="ptolemy.util.test.junit.AutoTests" name="[82] /home/travis/build/icyphy/ptII/ptolemy/actor/lib/test/auto/ConfigurationSwitchSelectSDF.xml (RunModel)" time="0.015" />
  <testcase classname="ptolemy.util.test.junit.AutoTests" name="[83] /home/travis/build/icyphy/ptII/ptolemy/actor/lib/test/auto/ConfigurationSwitchSelectSDF2.xml (RunModel)" time="0.014" />
  <testcase classname="ptolemy.util.test.junit.AutoTests" name="[84] /home/travis/build/icyphy/ptII/ptolemy/actor/lib/test/auto/Const.xml (RunModel)" time="0.009" />
  <testcase classname="ptolemy.util.test.junit.AutoTests" name="[85] /home/travis/build/icyphy/ptII/ptolemy/actor/lib/test/auto/Const2.xml (RunModel)" time="0.011" />
  <testcase classname="ptolemy.util.test.junit.AutoTests" name="[86] /home/travis/build/icyphy/ptII/ptolemy/actor/lib/test/auto/Const3.xml (RunModel)" time="0.008" />
  <testcase classname="ptolemy.util.test.junit.AutoTests" name="[87] /home/travis/build/icyphy/ptII/ptolemy/actor/lib/test/auto/ConstantPublisherPort1.xml (RunModel)" time="0.021" />
  <testcase classname="ptolemy.util.test.junit.AutoTests" name="[88] /home/travis/build/icyphy/ptII/ptolemy/actor/lib/test/auto/ConstantPublisherPort2.xml (RunModel)" time="0.017" />
  <testcase classname="ptolemy.util.test.junit.AutoTests" name="[89] /home/travis/build/icyphy/ptII/ptolemy/actor/lib/test/auto/ConstantPublisherPort3.xml (RunModel)" time="0.024" />
  <testcase classname="ptolemy.util.test.junit.AutoTests" name="[90] /home/travis/build/icyphy/ptII/ptolemy/actor/lib/test/auto/ConstantPublisherPort4.xml (RunModel)" time="0.016" />
  <testcase classname="ptolemy.util.test.junit.AutoTests" name="[91] /home/travis/build/icyphy/ptII/ptolemy/actor/lib/test/auto/ConstantPublisherPort5.xml (RunModel)" time="0.037" />
  <testcase classname="ptolemy.util.test.junit.AutoTests" name="[92] /home/travis/build/icyphy/ptII/ptolemy/actor/lib/test/auto/ConstantPublisherPort6.xml (RunModel)" time="0.037" />
  <testcase classname="ptolemy.util.test.junit.AutoTests" name="[93] /home/travis/build/icyphy/ptII/ptolemy/actor/lib/test/auto/ConstantPublisherPort7.xml (RunModel)" time="0.037" />
  <testcase classname="ptolemy.util.test.junit.AutoTests" name="[94] /home/travis/build/icyphy/ptII/ptolemy/actor/lib/test/auto/ConstraintMonitor1.xml (RunModel)" time="0.039" />
  <testcase classname="ptolemy.util.test.junit.AutoTests" name="[95] /home/travis/build/icyphy/ptII/ptolemy/actor/lib/test/auto/ConstraintMonitor2.xml (RunModel)" time="0.018" />
  <testcase classname="ptolemy.util.test.junit.AutoTests" name="[96] /home/travis/build/icyphy/ptII/ptolemy/actor/lib/test/auto/ConstraintMonitor3.xml (RunModel)" time="0.02" />
  <testcase classname="ptolemy.util.test.junit.AutoTests" name="[97] /home/travis/build/icyphy/ptII/ptolemy/actor/lib/test/auto/ConstraintMonitor4.xml (RunModel)" time="0.018" />
  <testcase classname="ptolemy.util.test.junit.AutoTests" name="[98] /home/travis/build/icyphy/ptII/ptolemy/actor/lib/test/auto/ConstraintMonitor5.xml (RunModel)" time="0.02" />
  <testcase classname="ptolemy.util.test.junit.AutoTests" name="[99] /home/travis/build/icyphy/ptII/ptolemy/actor/lib/test/auto/ConstraintMonitor6.xml (RunModel)" time="0.02" />
  <testcase classname="ptolemy.util.test.junit.AutoTests" name="[100] /home/travis/build/icyphy/ptII/ptolemy/actor/lib/test/auto/ConstraintMonitor7.xml (RunModel)" time="0.017" />
  <testcase classname="ptolemy.util.test.junit.AutoTests" name="[101] /home/travis/build/icyphy/ptII/ptolemy/actor/lib/test/auto/ConstraintMonitor8.xml (RunModel)" time="0.02" />
  <testcase classname="ptolemy.util.test.junit.AutoTests" name="[102] /home/travis/build/icyphy/ptII/ptolemy/actor/lib/test/auto/Counter.xml (RunModel)" time="0.013" />
  <testcase classname="ptolemy.util.test.junit.AutoTests" name="[103] /home/travis/build/icyphy/ptII/ptolemy/actor/lib/test/auto/CurrentTimeSDF.xml (RunModel)" time="0.01" />
  <testcase classname="ptolemy.util.test.junit.AutoTests" name="[104] /home/travis/build/icyphy/ptII/ptolemy/actor/lib/test/auto/DB.xml (RunModel)" time="0.015" />
  <testcase classname="ptolemy.util.test.junit.AutoTests" name="[105] /home/travis/build/icyphy/ptII/ptolemy/actor/lib/test/auto/DBDE.xml (RunModel)" time="0.016" />
  <testcase classname="ptolemy.util.test.junit.AutoTests" name="[106] /home/travis/build/icyphy/ptII/ptolemy/actor/lib/test/auto/DateConstructor.xml (RunModel)" time="0.059" />
  <testcase classname="ptolemy.util.test.junit.AutoTests" name="[107] /home/travis/build/icyphy/ptII/ptolemy/actor/lib/test/auto/DelayTime.xml (RunModel)" time="0.016" />
  <testcase classname="ptolemy.util.test.junit.AutoTests" name="[108] /home/travis/build/icyphy/ptII/ptolemy/actor/lib/test/auto/Dictionary1.xml (RunModel)" time="0.018" />
  <testcase classname="ptolemy.util.test.junit.AutoTests" name="[109] /home/travis/build/icyphy/ptII/ptolemy/actor/lib/test/auto/Dictionary2.xml (RunModel)" time="0.017" />
  <testcase classname="ptolemy.util.test.junit.AutoTests" name="[110] /home/travis/build/icyphy/ptII/ptolemy/actor/lib/test/auto/Dictionary3.xml (RunModel)" time="0.013" />
  <testcase classname="ptolemy.util.test.junit.AutoTests" name="[111] /home/travis/build/icyphy/ptII/ptolemy/actor/lib/test/auto/Dictionary4.xml (RunModel)" time="0.017" />
  <testcase classname="ptolemy.util.test.junit.AutoTests" name="[112] /home/travis/build/icyphy/ptII/ptolemy/actor/lib/test/auto/Differential.xml (RunModel)" time="0.013" />
  <testcase classname="ptolemy.util.test.junit.AutoTests" name="[113] /home/travis/build/icyphy/ptII/ptolemy/actor/lib/test/auto/Director.xml (RunModel)" time="0.009" />
  <testcase classname="ptolemy.util.test.junit.AutoTests" name="[114] /home/travis/build/icyphy/ptII/ptolemy/actor/lib/test/auto/DiscreteClock.xml (RunModel)" time="0.008" />
  <testcase classname="ptolemy.util.test.junit.AutoTests" name="[115] /home/travis/build/icyphy/ptII/ptolemy/actor/lib/test/auto/DiscreteClock10.xml (RunModel)" time="0.016" />
  <testcase classname="ptolemy.util.test.junit.AutoTests" name="[116] /home/travis/build/icyphy/ptII/ptolemy/actor/lib/test/auto/DiscreteClock11.xml (RunModel)" time="0.013" />
  <testcase classname="ptolemy.util.test.junit.AutoTests" name="[117] /home/travis/build/icyphy/ptII/ptolemy/actor/lib/test/auto/DiscreteClock12.xml (RunModel)" time="0.015" />
  <testcase classname="ptolemy.util.test.junit.AutoTests" name="[118] /home/travis/build/icyphy/ptII/ptolemy/actor/lib/test/auto/DiscreteClock13.xml (RunModel)" time="0.018" />
  <testcase classname="ptolemy.util.test.junit.AutoTests" name="[119] /home/travis/build/icyphy/ptII/ptolemy/actor/lib/test/auto/DiscreteClock14.xml (RunModel)" time="0.017" />
  <testcase classname="ptolemy.util.test.junit.AutoTests" name="[120] /home/travis/build/icyphy/ptII/ptolemy/actor/lib/test/auto/DiscreteClock15.xml (RunModel)" time="0.016" />
  <testcase classname="ptolemy.util.test.junit.AutoTests" name="[121] /home/travis/build/icyphy/ptII/ptolemy/actor/lib/test/auto/DiscreteClock16.xml (RunModel)" time="0.044" />
  <testcase classname="ptolemy.util.test.junit.AutoTests" name="[122] /home/travis/build/icyphy/ptII/ptolemy/actor/lib/test/auto/DiscreteClock17.xml (RunModel)" time="0.043" />
  <testcase classname="ptolemy.util.test.junit.AutoTests" name="[123] /home/travis/build/icyphy/ptII/ptolemy/actor/lib/test/auto/DiscreteClock18.xml (RunModel)" time="0.039" />
  <testcase classname="ptolemy.util.test.junit.AutoTests" name="[124] /home/travis/build/icyphy/ptII/ptolemy/actor/lib/test/auto/DiscreteClock19.xml (RunModel)" time="0.036" />
  <testcase classname="ptolemy.util.test.junit.AutoTests" name="[125] /home/travis/build/icyphy/ptII/ptolemy/actor/lib/test/auto/DiscreteClock2.xml (RunModel)" time="0.012" />
  <testcase classname="ptolemy.util.test.junit.AutoTests" name="[126] /home/travis/build/icyphy/ptII/ptolemy/actor/lib/test/auto/DiscreteClock20.xml (RunModel)" time="0.017" />
  <testcase classname="ptolemy.util.test.junit.AutoTests" name="[127] /home/travis/build/icyphy/ptII/ptolemy/actor/lib/test/auto/DiscreteClock21.xml (RunModel)" time="0.013" />
  <testcase classname="ptolemy.util.test.junit.AutoTests" name="[128] /home/travis/build/icyphy/ptII/ptolemy/actor/lib/test/auto/DiscreteClock22.xml (RunModel)" time="0.011" />
  <testcase classname="ptolemy.util.test.junit.AutoTests" name="[129] /home/travis/build/icyphy/ptII/ptolemy/actor/lib/test/auto/DiscreteClock23.xml (RunModel)" time="0.011" />
  <testcase classname="ptolemy.util.test.junit.AutoTests" name="[130] /home/travis/build/icyphy/ptII/ptolemy/actor/lib/test/auto/DiscreteClock24.xml (RunModel)" time="0.011" />
  <testcase classname="ptolemy.util.test.junit.AutoTests" name="[131] /home/travis/build/icyphy/ptII/ptolemy/actor/lib/test/auto/DiscreteClock4.xml (RunModel)" time="0.01" />
  <testcase classname="ptolemy.util.test.junit.AutoTests" name="[132] /home/travis/build/icyphy/ptII/ptolemy/actor/lib/test/auto/DiscreteClock5.xml (RunModel)" time="0.01" />
  <testcase classname="ptolemy.util.test.junit.AutoTests" name="[133] /home/travis/build/icyphy/ptII/ptolemy/actor/lib/test/auto/DiscreteClock6.xml (RunModel)" time="0.008" />
  <testcase classname="ptolemy.util.test.junit.AutoTests" name="[134] /home/travis/build/icyphy/ptII/ptolemy/actor/lib/test/auto/DiscreteClock7.xml (RunModel)" time="0.009" />
  <testcase classname="ptolemy.util.test.junit.AutoTests" name="[135] /home/travis/build/icyphy/ptII/ptolemy/actor/lib/test/auto/DiscreteClock8.xml (RunModel)" time="0.01" />
  <testcase classname="ptolemy.util.test.junit.AutoTests" name="[136] /home/travis/build/icyphy/ptII/ptolemy/actor/lib/test/auto/DiscreteClock9.xml (RunModel)" time="0.011" />
  <testcase classname="ptolemy.util.test.junit.AutoTests" name="[137] /home/travis/build/icyphy/ptII/ptolemy/actor/lib/test/auto/DisplayArray.xml (RunModel)" time="0.012" />
  <testcase classname="ptolemy.util.test.junit.AutoTests" name="[138] /home/travis/build/icyphy/ptII/ptolemy/actor/lib/test/auto/Distributor.xml (RunModel)" time="0.01" />
  <testcase classname="ptolemy.util.test.junit.AutoTests" name="[139] /home/travis/build/icyphy/ptII/ptolemy/actor/lib/test/auto/Distributor2.xml (RunModel)" time="0.009" />
  <testcase classname="ptolemy.util.test.junit.AutoTests" name="[140] /home/travis/build/icyphy/ptII/ptolemy/actor/lib/test/auto/DownSample.xml (RunModel)" time="0.01" />
  <testcase classname="ptolemy.util.test.junit.AutoTests" name="[141] /home/travis/build/icyphy/ptII/ptolemy/actor/lib/test/auto/ElectronicUnitBase1.xml (RunModel)" time="0.06" />
  <testcase classname="ptolemy.util.test.junit.AutoTests" name="[142] /home/travis/build/icyphy/ptII/ptolemy/actor/lib/test/auto/ElementsToArray.xml (RunModel)" time="0.01" />
  <testcase classname="ptolemy.util.test.junit.AutoTests" name="[143] /home/travis/build/icyphy/ptII/ptolemy/actor/lib/test/auto/Equals.xml (RunModel)" time="0.01" />
  <testcase classname="ptolemy.util.test.junit.AutoTests" name="[144] /home/travis/build/icyphy/ptII/ptolemy/actor/lib/test/auto/Exec.xml (RunModel)" time="0.022" />
  <testcase classname="ptolemy.util.test.junit.AutoTests" name="[145] /home/travis/build/icyphy/ptII/ptolemy/actor/lib/test/auto/ExecEnvironment.xml (RunModel)" time="0.044" />
  <testcase classname="ptolemy.util.test.junit.AutoTests" name="[146] /home/travis/build/icyphy/ptII/ptolemy/actor/lib/test/auto/ExecNonZeroReturnOutput.xml (RunModel)" time="0.143" />
  <testcase classname="ptolemy.util.test.junit.AutoTests" name="[147] /home/travis/build/icyphy/ptII/ptolemy/actor/lib/test/auto/ExecRunDemos.xml (RunModel)" time="9.763" />
  <testcase classname="ptolemy.util.test.junit.AutoTests" name="[148] /home/travis/build/icyphy/ptII/ptolemy/actor/lib/test/auto/ExecStop.xml (RunModel)" time="5.028" />
  <testcase classname="ptolemy.util.test.junit.AutoTests" name="[149] /home/travis/build/icyphy/ptII/ptolemy/actor/lib/test/auto/ExecutionTimeSDF.xml (RunModel)" time="6.041" />
  <testcase classname="ptolemy.util.test.junit.AutoTests" name="[150] /home/travis/build/icyphy/ptII/ptolemy/actor/lib/test/auto/Expression1.xml (RunModel)" time="0.01" />
  <testcase classname="ptolemy.util.test.junit.AutoTests" name="[151] /home/travis/build/icyphy/ptII/ptolemy/actor/lib/test/auto/Expression10.xml (RunModel)" time="0.014" />
  <testcase classname="ptolemy.util.test.junit.AutoTests" name="[152] /home/travis/build/icyphy/ptII/ptolemy/actor/lib/test/auto/Expression11.xml (RunModel)" time="0.011" />
  <testcase classname="ptolemy.util.test.junit.AutoTests" name="[153] /home/travis/build/icyphy/ptII/ptolemy/actor/lib/test/auto/Expression12.xml (RunModel)" time="0.013" />
  <testcase classname="ptolemy.util.test.junit.AutoTests" name="[154] /home/travis/build/icyphy/ptII/ptolemy/actor/lib/test/auto/Expression13.xml (RunModel)" time="0.012" />
  <testcase classname="ptolemy.util.test.junit.AutoTests" name="[155] /home/travis/build/icyphy/ptII/ptolemy/actor/lib/test/auto/Expression14.xml (RunModel)" time="0.017" />
  <testcase classname="ptolemy.util.test.junit.AutoTests" name="[156] /home/travis/build/icyphy/ptII/ptolemy/actor/lib/test/auto/Expression15.xml (RunModel)" time="0.009" />
  <testcase classname="ptolemy.util.test.junit.AutoTests" name="[157] /home/travis/build/icyphy/ptII/ptolemy/actor/lib/test/auto/Expression16.xml (RunModel)" time="0.011" />
  <testcase classname="ptolemy.util.test.junit.AutoTests" name="[158] /home/travis/build/icyphy/ptII/ptolemy/actor/lib/test/auto/Expression17.xml (RunModel)" time="0.01" />
  <testcase classname="ptolemy.util.test.junit.AutoTests" name="[159] /home/travis/build/icyphy/ptII/ptolemy/actor/lib/test/auto/Expression18.xml (RunModel)" time="0.013" />
  <testcase classname="ptolemy.util.test.junit.AutoTests" name="[160] /home/travis/build/icyphy/ptII/ptolemy/actor/lib/test/auto/Expression2.xml (RunModel)" time="0.011" />
  <testcase classname="ptolemy.util.test.junit.AutoTests" name="[161] /home/travis/build/icyphy/ptII/ptolemy/actor/lib/test/auto/Expression3.xml (RunModel)" time="0.011" />
  <testcase classname="ptolemy.util.test.junit.AutoTests" name="[162] /home/travis/build/icyphy/ptII/ptolemy/actor/lib/test/auto/Expression4.xml (RunModel)" time="0.017" />
  <testcase classname="ptolemy.util.test.junit.AutoTests" name="[163] /home/travis/build/icyphy/ptII/ptolemy/actor/lib/test/auto/Expression5.xml (RunModel)" time="0.011" />
  <testcase classname="ptolemy.util.test.junit.AutoTests" name="[164] /home/travis/build/icyphy/ptII/ptolemy/actor/lib/test/auto/Expression6.xml (RunModel)" time="0.011" />
  <testcase classname="ptolemy.util.test.junit.AutoTests" name="[165] /home/travis/build/icyphy/ptII/ptolemy/actor/lib/test/auto/Expression7.xml (RunModel)" time="0.012" />
  <testcase classname="ptolemy.util.test.junit.AutoTests" name="[166] /home/travis/build/icyphy/ptII/ptolemy/actor/lib/test/auto/Expression8.xml (RunModel)" time="0.012" />
  <testcase classname="ptolemy.util.test.junit.AutoTests" name="[167] /home/travis/build/icyphy/ptII/ptolemy/actor/lib/test/auto/Expression9.xml (RunModel)" time="0.01" />
  <testcase classname="ptolemy.util.test.junit.AutoTests" name="[168] /home/travis/build/icyphy/ptII/ptolemy/actor/lib/test/auto/ExpressionConcatenateArrayType.xml (RunModel)" time="0.023" />
  <testcase classname="ptolemy.util.test.junit.AutoTests" name="[169] /home/travis/build/icyphy/ptII/ptolemy/actor/lib/test/auto/ExpressionConcatenateArrayType2.xml (RunModel)" time="0.022" />
  <testcase classname="ptolemy.util.test.junit.AutoTests" name="[170] /home/travis/build/icyphy/ptII/ptolemy/actor/lib/test/auto/ExpressionFix.xml (RunModel)" time="0.025" />
  <testcase classname="ptolemy.util.test.junit.AutoTests" name="[171] /home/travis/build/icyphy/ptII/ptolemy/actor/lib/test/auto/ExpressionFix2.xml (RunModel)" time="0.01" />
  <testcase classname="ptolemy.util.test.junit.AutoTests" name="[172] /home/travis/build/icyphy/ptII/ptolemy/actor/lib/test/auto/ExpressionFix3.xml (RunModel)" time="0.01" />
  <testcase classname="ptolemy.util.test.junit.AutoTests" name="[173] /home/travis/build/icyphy/ptII/ptolemy/actor/lib/test/auto/FileWriter1.xml (RunModel)" time="0.01" />
  <testcase classname="ptolemy.util.test.junit.AutoTests" name="[174] /home/travis/build/icyphy/ptII/ptolemy/actor/lib/test/auto/FileWriter2.xml (RunModel)" time="0.011" />
  <testcase classname="ptolemy.util.test.junit.AutoTests" name="[175] /home/travis/build/icyphy/ptII/ptolemy/actor/lib/test/auto/FileWriter3.xml (RunModel)" time="0.011" />
  <testcase classname="ptolemy.util.test.junit.AutoTests" name="[176] /home/travis/build/icyphy/ptII/ptolemy/actor/lib/test/auto/Gaussian.xml (RunModel)" time="0.01" />
  <testcase classname="ptolemy.util.test.junit.AutoTests" name="[177] /home/travis/build/icyphy/ptII/ptolemy/actor/lib/test/auto/Gaussian1.xml (RunModel)" time="0.013" />
  <testcase classname="ptolemy.util.test.junit.AutoTests" name="[178] /home/travis/build/icyphy/ptII/ptolemy/actor/lib/test/auto/Gaussian2.xml (RunModel)" time="0.016" />
  <testcase classname="ptolemy.util.test.junit.AutoTests" name="[179] /home/travis/build/icyphy/ptII/ptolemy/actor/lib/test/auto/GradientAdaptiveLattice.xml (RunModel)" time="0.016" />
  <testcase classname="ptolemy.util.test.junit.AutoTests" name="[180] /home/travis/build/icyphy/ptII/ptolemy/actor/lib/test/auto/IIR.xml (RunModel)" time="0.012" />
  <testcase classname="ptolemy.util.test.junit.AutoTests" name="[181] /home/travis/build/icyphy/ptII/ptolemy/actor/lib/test/auto/InputOutputTransparentPorts.xml (RunModel)" time="0.019" />
  <testcase classname="ptolemy.util.test.junit.AutoTests" name="[182] /home/travis/build/icyphy/ptII/ptolemy/actor/lib/test/auto/Interpolator.xml (RunModel)" time="0.011" />
  <testcase classname="ptolemy.util.test.junit.AutoTests" name="[183] /home/travis/build/icyphy/ptII/ptolemy/actor/lib/test/auto/InterpolatorFiringLimitDE.xml (RunModel)" time="0.014" />
  <testcase classname="ptolemy.util.test.junit.AutoTests" name="[184] /home/travis/build/icyphy/ptII/ptolemy/actor/lib/test/auto/Lattice.xml (RunModel)" time="0.01" />
  <testcase classname="ptolemy.util.test.junit.AutoTests" name="[185] /home/travis/build/icyphy/ptII/ptolemy/actor/lib/test/auto/LazyAOCTestLazy.xml (RunModel)" time="0.033" />
  <testcase classname="ptolemy.util.test.junit.AutoTests" name="[186] /home/travis/build/icyphy/ptII/ptolemy/actor/lib/test/auto/LazyAOCTestNonLazy.xml (RunModel)" time="0.043" />
  <testcase classname="ptolemy.util.test.junit.AutoTests" name="[187] /home/travis/build/icyphy/ptII/ptolemy/actor/lib/test/auto/LazyInnerClass.xml (RunModel)" time="0.054" />
  <testcase classname="ptolemy.util.test.junit.AutoTests" name="[188] /home/travis/build/icyphy/ptII/ptolemy/actor/lib/test/auto/LazyPubSub.xml (RunModel)" time="0.05" />
  <testcase classname="ptolemy.util.test.junit.AutoTests" name="[189] /home/travis/build/icyphy/ptII/ptolemy/actor/lib/test/auto/LazyPubSub2.xml (RunModel)" time="0.034" />
  <testcase classname="ptolemy.util.test.junit.AutoTests" name="[190] /home/travis/build/icyphy/ptII/ptolemy/actor/lib/test/auto/LazyPubSub3.xml (RunModel)" time="0.029" />
  <testcase classname="ptolemy.util.test.junit.AutoTests" name="[191] /home/travis/build/icyphy/ptII/ptolemy/actor/lib/test/auto/LazySubClassModel.xml (RunModel)" time="0.023" />
  <testcase classname="ptolemy.util.test.junit.AutoTests" name="[192] /home/travis/build/icyphy/ptII/ptolemy/actor/lib/test/auto/LevelCrossTest1.xml (RunModel)" time="0.012" />
  <testcase classname="ptolemy.util.test.junit.AutoTests" name="[193] /home/travis/build/icyphy/ptII/ptolemy/actor/lib/test/auto/LevelCrossTest10.xml (RunModel)" time="0.02" />
  <testcase classname="ptolemy.util.test.junit.AutoTests" name="[194] /home/travis/build/icyphy/ptII/ptolemy/actor/lib/test/auto/LevelCrossTest11.xml (RunModel)" time="0.014" />
  <testcase classname="ptolemy.util.test.junit.AutoTests" name="[195] /home/travis/build/icyphy/ptII/ptolemy/actor/lib/test/auto/LevelCrossTest12.xml (RunModel)" time="0.014" />
  <testcase classname="ptolemy.util.test.junit.AutoTests" name="[196] /home/travis/build/icyphy/ptII/ptolemy/actor/lib/test/auto/LevelCrossTest13.xml (RunModel)" time="0.013" />
  <testcase classname="ptolemy.util.test.junit.AutoTests" name="[197] /home/travis/build/icyphy/ptII/ptolemy/actor/lib/test/auto/LevelCrossTest2.xml (RunModel)" time="0.009" />
  <testcase classname="ptolemy.util.test.junit.AutoTests" name="[198] /home/travis/build/icyphy/ptII/ptolemy/actor/lib/test/auto/LevelCrossTest3.xml (RunModel)" time="0.012" />
  <testcase classname="ptolemy.util.test.junit.AutoTests" name="[199] /home/travis/build/icyphy/ptII/ptolemy/actor/lib/test/auto/LevelCrossTest4.xml (RunModel)" time="0.01" />
  <testcase classname="ptolemy.util.test.junit.AutoTests" name="[200] /home/travis/build/icyphy/ptII/ptolemy/actor/lib/test/auto/LevelCrossTest5.xml (RunModel)" time="0.011" />
  <testcase classname="ptolemy.util.test.junit.AutoTests" name="[201] /home/travis/build/icyphy/ptII/ptolemy/actor/lib/test/auto/LevelCrossTest6.xml (RunModel)" time="0.019" />
  <testcase classname="ptolemy.util.test.junit.AutoTests" name="[202] /home/travis/build/icyphy/ptII/ptolemy/actor/lib/test/auto/LevelCrossTest7.xml (RunModel)" time="0.015" />
  <testcase classname="ptolemy.util.test.junit.AutoTests" name="[203] /home/travis/build/icyphy/ptII/ptolemy/actor/lib/test/auto/LevelCrossTest8.xml (RunModel)" time="0.013" />
  <testcase classname="ptolemy.util.test.junit.AutoTests" name="[204] /home/travis/build/icyphy/ptII/ptolemy/actor/lib/test/auto/LevelCrossTest9.xml (RunModel)" time="0.014" />
  <testcase classname="ptolemy.util.test.junit.AutoTests" name="[205] /home/travis/build/icyphy/ptII/ptolemy/actor/lib/test/auto/LevinsonDurbin.xml (RunModel)" time="0.013" />
  <testcase classname="ptolemy.util.test.junit.AutoTests" name="[206] /home/travis/build/icyphy/ptII/ptolemy/actor/lib/test/auto/LevinsonDurbin2.xml (RunModel)" time="0.011" />
  <testcase classname="ptolemy.util.test.junit.AutoTests" name="[207] /home/travis/build/icyphy/ptII/ptolemy/actor/lib/test/auto/LevinsonDurbin3.xml (RunModel)" time="0.013" />
  <testcase classname="ptolemy.util.test.junit.AutoTests" name="[208] /home/travis/build/icyphy/ptII/ptolemy/actor/lib/test/auto/Limiter.xml (RunModel)" time="0.032" />
  <testcase classname="ptolemy.util.test.junit.AutoTests" name="[209] /home/travis/build/icyphy/ptII/ptolemy/actor/lib/test/auto/LinearDifferenceEquationSystem.xml (RunModel)" time="0.021" />
  <testcase classname="ptolemy.util.test.junit.AutoTests" name="[210] /home/travis/build/icyphy/ptII/ptolemy/actor/lib/test/auto/LookupTable.xml (RunModel)" time="0.011" />
  <testcase classname="ptolemy.util.test.junit.AutoTests" name="[211] /home/travis/build/icyphy/ptII/ptolemy/actor/lib/test/auto/MathFunction.xml (RunModel)" time="0.022" />
  <testcase classname="ptolemy.util.test.junit.AutoTests" name="[212] /home/travis/build/icyphy/ptII/ptolemy/actor/lib/test/auto/MathFunction2.xml (RunModel)" time="0.023" />
  <testcase classname="ptolemy.util.test.junit.AutoTests" name="[213] /home/travis/build/icyphy/ptII/ptolemy/actor/lib/test/auto/MathFunction3.xml (RunModel)" time="0.025" />
  <testcase classname="ptolemy.util.test.junit.AutoTests" name="[214] /home/travis/build/icyphy/ptII/ptolemy/actor/lib/test/auto/MatrixCropBoolean.xml (RunModel)" time="0.011" />
  <testcase classname="ptolemy.util.test.junit.AutoTests" name="[215] /home/travis/build/icyphy/ptII/ptolemy/actor/lib/test/auto/MatrixCropComplex.xml (RunModel)" time="0.011" />
  <testcase classname="ptolemy.util.test.junit.AutoTests" name="[216] /home/travis/build/icyphy/ptII/ptolemy/actor/lib/test/auto/MatrixCropDouble.xml (RunModel)" time="0.009" />
  <testcase classname="ptolemy.util.test.junit.AutoTests" name="[217] /home/travis/build/icyphy/ptII/ptolemy/actor/lib/test/auto/MatrixCropFix.xml (RunModel)" time="0.012" />
  <testcase classname="ptolemy.util.test.junit.AutoTests" name="[218] /home/travis/build/icyphy/ptII/ptolemy/actor/lib/test/auto/MatrixCropInt.xml (RunModel)" time="0.009" />
  <testcase classname="ptolemy.util.test.junit.AutoTests" name="[219] /home/travis/build/icyphy/ptII/ptolemy/actor/lib/test/auto/MatrixCropLong.xml (RunModel)" time="0.01" />
  <testcase classname="ptolemy.util.test.junit.AutoTests" name="[220] /home/travis/build/icyphy/ptII/ptolemy/actor/lib/test/auto/MatrixToArray.xml (RunModel)" time="0.037" />
  <testcase classname="ptolemy.util.test.junit.AutoTests" name="[221] /home/travis/build/icyphy/ptII/ptolemy/actor/lib/test/auto/MaxIndex.xml (RunModel)" time="0.015" />
  <testcase classname="ptolemy.util.test.junit.AutoTests" name="[222] /home/travis/build/icyphy/ptII/ptolemy/actor/lib/test/auto/Maximum.xml (RunModel)" time="0.014" />
  <testcase classname="ptolemy.util.test.junit.AutoTests" name="[223] /home/travis/build/icyphy/ptII/ptolemy/actor/lib/test/auto/MaximumComplex.xml (RunModel)" time="0.016" />
  <testcase classname="ptolemy.util.test.junit.AutoTests" name="[224] /home/travis/build/icyphy/ptII/ptolemy/actor/lib/test/auto/MethodCallTest.xml (RunModel)" time="0.021" />
  <testcase classname="ptolemy.util.test.junit.AutoTests" name="[225] /home/travis/build/icyphy/ptII/ptolemy/actor/lib/test/auto/Minimum.xml (RunModel)" time="0.011" />
  <testcase classname="ptolemy.util.test.junit.AutoTests" name="[226] /home/travis/build/icyphy/ptII/ptolemy/actor/lib/test/auto/MinimumComplex.xml (RunModel)" time="0.016" />
  <testcase classname="ptolemy.util.test.junit.AutoTests" name="[227] /home/travis/build/icyphy/ptII/ptolemy/actor/lib/test/auto/MinimumMultiports.xml (RunModel)" time="0.021" />
  <testcase classname="ptolemy.util.test.junit.AutoTests" name="[228] /home/travis/build/icyphy/ptII/ptolemy/actor/lib/test/auto/ModifyDate.xml (RunModel)" time="0.036" />
  <testcase classname="ptolemy.util.test.junit.AutoTests" name="[229] /home/travis/build/icyphy/ptII/ptolemy/actor/lib/test/auto/ModifyDate2.xml (RunModel)" time="0.031" />
  <testcase classname="ptolemy.util.test.junit.AutoTests" name="[230] /home/travis/build/icyphy/ptII/ptolemy/actor/lib/test/auto/MovingAverage.xml (RunModel)" time="0.011" />
  <testcase classname="ptolemy.util.test.junit.AutoTests" name="[231] /home/travis/build/icyphy/ptII/ptolemy/actor/lib/test/auto/MovingMaximum.xml (RunModel)" time="0.011" />
  <testcase classname="ptolemy.util.test.junit.AutoTests" name="[232] /home/travis/build/icyphy/ptII/ptolemy/actor/lib/test/auto/MultipleLinksToSameRelation.xml (RunModel)" time="0.007" />
  <testcase classname="ptolemy.util.test.junit.AutoTests" name="[233] /home/travis/build/icyphy/ptII/ptolemy/actor/lib/test/auto/MultipleLinksToSameRelationDE.xml (RunModel)" time="0.009" />
  <testcase classname="ptolemy.util.test.junit.AutoTests" name="[234] /home/travis/build/icyphy/ptII/ptolemy/actor/lib/test/auto/Multiplexor.xml (RunModel)" time="0.013" />
  <testcase classname="ptolemy.util.test.junit.AutoTests" name="[235] /home/travis/build/icyphy/ptII/ptolemy/actor/lib/test/auto/Multiplexor1.xml (RunModel)" time="0.012" />
  <testcase classname="ptolemy.util.test.junit.AutoTests" name="[236] /home/travis/build/icyphy/ptII/ptolemy/actor/lib/test/auto/Multiplexor2.xml (RunModel)" time="0.015" />
  <testcase classname="ptolemy.util.test.junit.AutoTests" name="[237] /home/travis/build/icyphy/ptII/ptolemy/actor/lib/test/auto/Multiplexor3.xml (RunModel)" time="0.009" />
  <testcase classname="ptolemy.util.test.junit.AutoTests" name="[238] /home/travis/build/icyphy/ptII/ptolemy/actor/lib/test/auto/MultiplexorDE.xml (RunModel)" time="0.019" />
  <testcase classname="ptolemy.util.test.junit.AutoTests" name="[239] /home/travis/build/icyphy/ptII/ptolemy/actor/lib/test/auto/MultiportBroadcastTest.xml (RunModel)" time="0.103" />
  <testcase classname="ptolemy.util.test.junit.AutoTests" name="[240] /home/travis/build/icyphy/ptII/ptolemy/actor/lib/test/auto/MultiportOutHangDuringGetWidth.xml (RunModel)" time="0.042" />
  <testcase classname="ptolemy.util.test.junit.AutoTests" name="[241] /home/travis/build/icyphy/ptII/ptolemy/actor/lib/test/auto/NilToken.xml (RunModel)" time="0.017" />
  <testcase classname="ptolemy.util.test.junit.AutoTests" name="[242] /home/travis/build/icyphy/ptII/ptolemy/actor/lib/test/auto/NilTokenNonStrictTest.xml (RunModel)" time="0.012" />
  <testcase classname="ptolemy.util.test.junit.AutoTests" name="[243] /home/travis/build/icyphy/ptII/ptolemy/actor/lib/test/auto/NilTokenRecord.xml (RunModel)" time="0.023" />
  <testcase classname="ptolemy.util.test.junit.AutoTests" name="[244] /home/travis/build/icyphy/ptII/ptolemy/actor/lib/test/auto/NilTokenTypeTest.xml (RunModel)" time="0.031" />
  <testcase classname="ptolemy.util.test.junit.AutoTests" name="[245] /home/travis/build/icyphy/ptII/ptolemy/actor/lib/test/auto/ObjectToken1.xml (RunModel)" time="0.007" />
  <testcase classname="ptolemy.util.test.junit.AutoTests" name="[246] /home/travis/build/icyphy/ptII/ptolemy/actor/lib/test/auto/OrderedMerge.xml (RunModel)" time="0.015" />
  <testcase classname="ptolemy.util.test.junit.AutoTests" name="[247] /home/travis/build/icyphy/ptII/ptolemy/actor/lib/test/auto/OrderedRecordDisassembler.xml (RunModel)" time="0.016" />
  <testcase classname="ptolemy.util.test.junit.AutoTests" name="[248] /home/travis/build/icyphy/ptII/ptolemy/actor/lib/test/auto/OrderedRecordDisassembler2.xml (RunModel)" time="0.02" />
  <testcase classname="ptolemy.util.test.junit.AutoTests" name="[249] /home/travis/build/icyphy/ptII/ptolemy/actor/lib/test/auto/OrderedRecordUpdater.xml (RunModel)" time="0.012" />
  <testcase classname="ptolemy.util.test.junit.AutoTests" name="[250] /home/travis/build/icyphy/ptII/ptolemy/actor/lib/test/auto/OrderedRecordUpdater2.xml (RunModel)" time="0.02" />
  <testcase classname="ptolemy.util.test.junit.AutoTests" name="[251] /home/travis/build/icyphy/ptII/ptolemy/actor/lib/test/auto/PhaseUnwrap.xml (RunModel)" time="0.013" />
  <testcase classname="ptolemy.util.test.junit.AutoTests" name="[252] /home/travis/build/icyphy/ptII/ptolemy/actor/lib/test/auto/PoissonClock.xml (RunModel)" time="0.011" />
  <testcase classname="ptolemy.util.test.junit.AutoTests" name="[253] /home/travis/build/icyphy/ptII/ptolemy/actor/lib/test/auto/PoissonClock2.xml (RunModel)" time="0.008" />
  <testcase classname="ptolemy.util.test.junit.AutoTests" name="[254] /home/travis/build/icyphy/ptII/ptolemy/actor/lib/test/auto/PoissonClock3.xml (RunModel)" time="0.016" />
  <testcase classname="ptolemy.util.test.junit.AutoTests" name="[255] /home/travis/build/icyphy/ptII/ptolemy/actor/lib/test/auto/PubSubWithInitialTokens.xml (RunModel)" time="0.016" />
  <testcase classname="ptolemy.util.test.junit.AutoTests" name="[256] /home/travis/build/icyphy/ptII/ptolemy/actor/lib/test/auto/PubSubWithInitialTokens2.xml (RunModel)" time="0.013" />
  <testcase classname="ptolemy.util.test.junit.AutoTests" name="[257] /home/travis/build/icyphy/ptII/ptolemy/actor/lib/test/auto/PublisherClassNoParameter.xml (RunModel)" time="0.024" />
  <testcase classname="ptolemy.util.test.junit.AutoTests" name="[258] /home/travis/build/icyphy/ptII/ptolemy/actor/lib/test/auto/PublisherClassParameter.xml (RunModel)" time="0.027" />
  <testcase classname="ptolemy.util.test.junit.AutoTests" name="[259] /home/travis/build/icyphy/ptII/ptolemy/actor/lib/test/auto/PublisherNonStrictTest.xml (RunModel)" time="0.017" />
  <testcase classname="ptolemy.util.test.junit.AutoTests" name="[260] /home/travis/build/icyphy/ptII/ptolemy/actor/lib/test/auto/PublisherPort1.xml (RunModel)" time="0.012" />
  <testcase classname="ptolemy.util.test.junit.AutoTests" name="[261] /home/travis/build/icyphy/ptII/ptolemy/actor/lib/test/auto/PublisherPort2.xml (RunModel)" time="0.009" />
  <testcase classname="ptolemy.util.test.junit.AutoTests" name="[262] /home/travis/build/icyphy/ptII/ptolemy/actor/lib/test/auto/PublisherPort3.xml (RunModel)" time="0.013" />
  <testcase classname="ptolemy.util.test.junit.AutoTests" name="[263] /home/travis/build/icyphy/ptII/ptolemy/actor/lib/test/auto/PublisherPort4.xml (RunModel)" time="0.011" />
  <testcase classname="ptolemy.util.test.junit.AutoTests" name="[264] /home/travis/build/icyphy/ptII/ptolemy/actor/lib/test/auto/PublisherPort5.xml (RunModel)" time="0.014" />
  <testcase classname="ptolemy.util.test.junit.AutoTests" name="[265] /home/travis/build/icyphy/ptII/ptolemy/actor/lib/test/auto/PublisherPort5LookAlike.xml (RunModel)" time="0.014" />
  <testcase classname="ptolemy.util.test.junit.AutoTests" name="[266] /home/travis/build/icyphy/ptII/ptolemy/actor/lib/test/auto/PublisherPort6.xml (RunModel)" time="0.011" />
  <testcase classname="ptolemy.util.test.junit.AutoTests" name="[267] /home/travis/build/icyphy/ptII/ptolemy/actor/lib/test/auto/PublisherPort7.xml (RunModel)" time="0.014" />
  <testcase classname="ptolemy.util.test.junit.AutoTests" name="[268] /home/travis/build/icyphy/ptII/ptolemy/actor/lib/test/auto/PublisherPort8.xml (RunModel)" time="0.015" />
  <testcase classname="ptolemy.util.test.junit.AutoTests" name="[269] /home/travis/build/icyphy/ptII/ptolemy/actor/lib/test/auto/PublisherPortSubscriberChannelVariablesAOC2.xml (RunModel)" time="0.032" />
  <testcase classname="ptolemy.util.test.junit.AutoTests" name="[270] /home/travis/build/icyphy/ptII/ptolemy/actor/lib/test/auto/PublisherPortSubscriberOpaqueWidthInference.xml (RunModel)" time="0.015" />
  <testcase classname="ptolemy.util.test.junit.AutoTests" name="[271] /home/travis/build/icyphy/ptII/ptolemy/actor/lib/test/auto/PublisherPortSubscriberPortAdjacent.xml (RunModel)" time="0.016" />
  <testcase classname="ptolemy.util.test.junit.AutoTests" name="[272] /home/travis/build/icyphy/ptII/ptolemy/actor/lib/test/auto/PublisherPortSubscriberPortExpression.xml (RunModel)" time="0.016" />
  <testcase classname="ptolemy.util.test.junit.AutoTests" name="[273] /home/travis/build/icyphy/ptII/ptolemy/actor/lib/test/auto/PublisherPortSubscriberPortOpaqueD3Reverse.xml (RunModel)" time="0.019" />
  <testcase classname="ptolemy.util.test.junit.AutoTests" name="[274] /home/travis/build/icyphy/ptII/ptolemy/actor/lib/test/auto/PublisherPortSubscriberPortOpaqueWidthInference.xml (RunModel)" time="0.016" />
  <testcase classname="ptolemy.util.test.junit.AutoTests" name="[275] /home/travis/build/icyphy/ptII/ptolemy/actor/lib/test/auto/PublisherPortToplevelSubscriberPortAOC.xml (RunModel)" time="0.01" />
  <testcase classname="ptolemy.util.test.junit.AutoTests" name="[276] /home/travis/build/icyphy/ptII/ptolemy/actor/lib/test/auto/PublisherSubscriber.xml (RunModel)" time="0.02" />
  <testcase classname="ptolemy.util.test.junit.AutoTests" name="[277] /home/travis/build/icyphy/ptII/ptolemy/actor/lib/test/auto/PublisherSubscriber10.xml (RunModel)" time="0.018" />
  <testcase classname="ptolemy.util.test.junit.AutoTests" name="[278] /home/travis/build/icyphy/ptII/ptolemy/actor/lib/test/auto/PublisherSubscriber10InitialOutputs.xml (RunModel)" time="0.019" />
  <testcase classname="ptolemy.util.test.junit.AutoTests" name="[279] /home/travis/build/icyphy/ptII/ptolemy/actor/lib/test/auto/PublisherSubscriber11.xml (RunModel)" time="0.01" />
  <testcase classname="ptolemy.util.test.junit.AutoTests" name="[280] /home/travis/build/icyphy/ptII/ptolemy/actor/lib/test/auto/PublisherSubscriber12.xml (RunModel)" time="0.012" />
  <testcase classname="ptolemy.util.test.junit.AutoTests" name="[281] /home/travis/build/icyphy/ptII/ptolemy/actor/lib/test/auto/PublisherSubscriber13.xml (RunModel)" time="0.009" />
  <testcase classname="ptolemy.util.test.junit.AutoTests" name="[282] /home/travis/build/icyphy/ptII/ptolemy/actor/lib/test/auto/PublisherSubscriber14.xml (RunModel)" time="0.019" />
  <testcase classname="ptolemy.util.test.junit.AutoTests" name="[283] /home/travis/build/icyphy/ptII/ptolemy/actor/lib/test/auto/PublisherSubscriber2.xml (RunModel)" time="0.009" />
  <testcase classname="ptolemy.util.test.junit.AutoTests" name="[284] /home/travis/build/icyphy/ptII/ptolemy/actor/lib/test/auto/PublisherSubscriber3.xml (RunModel)" time="0.009" />
  <testcase classname="ptolemy.util.test.junit.AutoTests" name="[285] /home/travis/build/icyphy/ptII/ptolemy/actor/lib/test/auto/PublisherSubscriber4.xml (RunModel)" time="0.009" />
  <testcase classname="ptolemy.util.test.junit.AutoTests" name="[286] /home/travis/build/icyphy/ptII/ptolemy/actor/lib/test/auto/PublisherSubscriber5.xml (RunModel)" time="0.012" />
  <testcase classname="ptolemy.util.test.junit.AutoTests" name="[287] /home/travis/build/icyphy/ptII/ptolemy/actor/lib/test/auto/PublisherSubscriber6.xml (RunModel)" time="0.012" />
  <testcase classname="ptolemy.util.test.junit.AutoTests" name="[288] /home/travis/build/icyphy/ptII/ptolemy/actor/lib/test/auto/PublisherSubscriber7.xml (RunModel)" time="0.013" />
  <testcase classname="ptolemy.util.test.junit.AutoTests" name="[289] /home/travis/build/icyphy/ptII/ptolemy/actor/lib/test/auto/PublisherSubscriber8.xml (RunModel)" time="0.025" />
  <testcase classname="ptolemy.util.test.junit.AutoTests" name="[290] /home/travis/build/icyphy/ptII/ptolemy/actor/lib/test/auto/PublisherSubscriber9.xml (RunModel)" time="0.018" />
  <testcase classname="ptolemy.util.test.junit.AutoTests" name="[291] /home/travis/build/icyphy/ptII/ptolemy/actor/lib/test/auto/PublisherSubscriberAdjacent.xml (RunModel)" time="0.016" />
  <testcase classname="ptolemy.util.test.junit.AutoTests" name="[292] /home/travis/build/icyphy/ptII/ptolemy/actor/lib/test/auto/PublisherSubscriberChannelVariablesAOC2.xml (RunModel)" time="0.028" />
  <testcase classname="ptolemy.util.test.junit.AutoTests" name="[293] /home/travis/build/icyphy/ptII/ptolemy/actor/lib/test/auto/PublisherSubscriberD3.xml (RunModel)" time="0.013" />
  <testcase classname="ptolemy.util.test.junit.AutoTests" name="[294] /home/travis/build/icyphy/ptII/ptolemy/actor/lib/test/auto/PublisherSubscriberD3Reverse.xml (RunModel)" time="0.012" />
  <testcase classname="ptolemy.util.test.junit.AutoTests" name="[295] /home/travis/build/icyphy/ptII/ptolemy/actor/lib/test/auto/PublisherSubscriberExpression.xml (RunModel)" time="0.016" />
  <testcase classname="ptolemy.util.test.junit.AutoTests" name="[296] /home/travis/build/icyphy/ptII/ptolemy/actor/lib/test/auto/PublisherSubscriberOpaque.xml (RunModel)" time="0.016" />
  <testcase classname="ptolemy.util.test.junit.AutoTests" name="[297] /home/travis/build/icyphy/ptII/ptolemy/actor/lib/test/auto/PublisherSubscriberOpaqueD3.xml (RunModel)" time="0.02" />
  <testcase classname="ptolemy.util.test.junit.AutoTests" name="[298] /home/travis/build/icyphy/ptII/ptolemy/actor/lib/test/auto/PublisherSubscriberOpaqueD3Reverse.xml (RunModel)" time="0.018" />
  <testcase classname="ptolemy.util.test.junit.AutoTests" name="[299] /home/travis/build/icyphy/ptII/ptolemy/actor/lib/test/auto/PublisherSubscriberOpaqueWidthInference.xml (RunModel)" time="0.014" />
  <testcase classname="ptolemy.util.test.junit.AutoTests" name="[300] /home/travis/build/icyphy/ptII/ptolemy/actor/lib/test/auto/PublisherTestSubscriber.xml (RunModel)" time="0.015" />
  <testcase classname="ptolemy.util.test.junit.AutoTests" name="[301] /home/travis/build/icyphy/ptII/ptolemy/actor/lib/test/auto/PublisherToplevelSubscriberPortAOC.xml (RunModel)" time="0.011" />
  <testcase classname="ptolemy.util.test.junit.AutoTests" name="[302] /home/travis/build/icyphy/ptII/ptolemy/actor/lib/test/auto/PulseFiringLimitDE.xml (RunModel)" time="0.016" />
  <testcase classname="ptolemy.util.test.junit.AutoTests" name="[303] /home/travis/build/icyphy/ptII/ptolemy/actor/lib/test/auto/Ramp1.xml (RunModel)" time="0.008" />
  <testcase classname="ptolemy.util.test.junit.AutoTests" name="[304] /home/travis/build/icyphy/ptII/ptolemy/actor/lib/test/auto/RampFiringLimitDE.xml (RunModel)" time="0.011" />
  <testcase classname="ptolemy.util.test.junit.AutoTests" name="[305] /home/travis/build/icyphy/ptII/ptolemy/actor/lib/test/auto/RampFiringLimitSDF.xml (RunModel)" time="0.01" />
  <testcase classname="ptolemy.util.test.junit.AutoTests" name="[306] /home/travis/build/icyphy/ptII/ptolemy/actor/lib/test/auto/RandomInteger.xml (RunModel)" time="0.008" />
  <testcase classname="ptolemy.util.test.junit.AutoTests" name="[307] /home/travis/build/icyphy/ptII/ptolemy/actor/lib/test/auto/ReadFile1.xml (RunModel)" time="0.009" />
  <testcase classname="ptolemy.util.test.junit.AutoTests" name="[308] /home/travis/build/icyphy/ptII/ptolemy/actor/lib/test/auto/ReadFile2.xml (RunModel)" time="0.009" />
  <testcase classname="ptolemy.util.test.junit.AutoTests" name="[309] /home/travis/build/icyphy/ptII/ptolemy/actor/lib/test/auto/Reader.xml (RunModel)" time="0.014" />
  <testcase classname="ptolemy.util.test.junit.AutoTests" name="[310] /home/travis/build/icyphy/ptII/ptolemy/actor/lib/test/auto/RecordAssemblerDisplayNameTest.xml (RunModel)" time="3.297" />
  <testcase classname="ptolemy.util.test.junit.AutoTests" name="[311] /home/travis/build/icyphy/ptII/ptolemy/actor/lib/test/auto/RecordAssemblerTypeError.xml (RunModel)" time="0.039" />
  <testcase classname="ptolemy.util.test.junit.AutoTests" name="[312] /home/travis/build/icyphy/ptII/ptolemy/actor/lib/test/auto/RecordDisassember.xml (RunModel)" time="0.01" />
  <testcase classname="ptolemy.util.test.junit.AutoTests" name="[313] /home/travis/build/icyphy/ptII/ptolemy/actor/lib/test/auto/RecordDisassemberDisplayNameTest.xml (RunModel)" time="0.021" />
  <testcase classname="ptolemy.util.test.junit.AutoTests" name="[314] /home/travis/build/icyphy/ptII/ptolemy/actor/lib/test/auto/RecordDisassembler.xml (RunModel)" time="0.009" />
  <testcase classname="ptolemy.util.test.junit.AutoTests" name="[315] /home/travis/build/icyphy/ptII/ptolemy/actor/lib/test/auto/RecordDisassembler2.xml (RunModel)" time="0.01" />
  <testcase classname="ptolemy.util.test.junit.AutoTests" name="[316] /home/travis/build/icyphy/ptII/ptolemy/actor/lib/test/auto/RecordUpdater.xml (RunModel)" time="0.009" />
  <testcase classname="ptolemy.util.test.junit.AutoTests" name="[317] /home/travis/build/icyphy/ptII/ptolemy/actor/lib/test/auto/RecordUpdater2.xml (RunModel)" time="0.01" />
  <testcase classname="ptolemy.util.test.junit.AutoTests" name="[318] /home/travis/build/icyphy/ptII/ptolemy/actor/lib/test/auto/RecursiveLattice.xml (RunModel)" time="0.009" />
  <testcase classname="ptolemy.util.test.junit.AutoTests" name="[319] /home/travis/build/icyphy/ptII/ptolemy/actor/lib/test/auto/Router.xml (RunModel)" time="3.027" />
  <testcase classname="ptolemy.util.test.junit.AutoTests" name="[320] /home/travis/build/icyphy/ptII/ptolemy/actor/lib/test/auto/Router2.xml (RunModel)" time="3.029" />
  <testcase classname="ptolemy.util.test.junit.AutoTests" name="[321] /home/travis/build/icyphy/ptII/ptolemy/actor/lib/test/auto/RunningMaximum.xml (RunModel)" time="0.019" />
  <testcase classname="ptolemy.util.test.junit.AutoTests" name="[322] /home/travis/build/icyphy/ptII/ptolemy/actor/lib/test/auto/RunningMinimum.xml (RunModel)" time="0.01" />
  <testcase classname="ptolemy.util.test.junit.AutoTests" name="[323] /home/travis/build/icyphy/ptII/ptolemy/actor/lib/test/auto/Scale.xml (RunModel)" time="0.007" />
  <testcase classname="ptolemy.util.test.junit.AutoTests" name="[324] /home/travis/build/icyphy/ptII/ptolemy/actor/lib/test/auto/Scale2.xml (RunModel)" time="0.009" />
  <testcase classname="ptolemy.util.test.junit.AutoTests" name="[325] /home/travis/build/icyphy/ptII/ptolemy/actor/lib/test/auto/Scale3.xml (RunModel)" time="0.013" />
  <testcase classname="ptolemy.util.test.junit.AutoTests" name="[326] /home/travis/build/icyphy/ptII/ptolemy/actor/lib/test/auto/ScaleArray.xml (RunModel)" time="0.007" />
  <testcase classname="ptolemy.util.test.junit.AutoTests" name="[327] /home/travis/build/icyphy/ptII/ptolemy/actor/lib/test/auto/ScaleArray2.xml (RunModel)" time="0.007" />
  <testcase classname="ptolemy.util.test.junit.AutoTests" name="[328] /home/travis/build/icyphy/ptII/ptolemy/actor/lib/test/auto/ScaleMatrix.xml (RunModel)" time="0.108" />
  <testcase classname="ptolemy.util.test.junit.AutoTests" name="[329] /home/travis/build/icyphy/ptII/ptolemy/actor/lib/test/auto/Select.xml (RunModel)" time="0.012" />
  <testcase classname="ptolemy.util.test.junit.AutoTests" name="[330] /home/travis/build/icyphy/ptII/ptolemy/actor/lib/test/auto/Select2.xml (RunModel)" time="0.008" />
  <testcase classname="ptolemy.util.test.junit.AutoTests" name="[331] /home/travis/build/icyphy/ptII/ptolemy/actor/lib/test/auto/SequenceToArray2.xml (RunModel)" time="0.118" />
  <testcase classname="ptolemy.util.test.junit.AutoTests" name="[332] /home/travis/build/icyphy/ptII/ptolemy/actor/lib/test/auto/SequentialClock.xml (RunModel)" time="0.008" />
  <testcase classname="ptolemy.util.test.junit.AutoTests" name="[333] /home/travis/build/icyphy/ptII/ptolemy/actor/lib/test/auto/SetVariable.xml (RunModel)" time="0.01" />
  <testcase classname="ptolemy.util.test.junit.AutoTests" name="[334] /home/travis/build/icyphy/ptII/ptolemy/actor/lib/test/auto/SetVariable2.xml (RunModel)" time="0.009" />
  <testcase classname="ptolemy.util.test.junit.AutoTests" name="[335] /home/travis/build/icyphy/ptII/ptolemy/actor/lib/test/auto/SetVariable3.xml (RunModel)" time="0.01" />
  <testcase classname="ptolemy.util.test.junit.AutoTests" name="[336] /home/travis/build/icyphy/ptII/ptolemy/actor/lib/test/auto/SetVariable4.xml (RunModel)" time="0.022" />
  <testcase classname="ptolemy.util.test.junit.AutoTests" name="[337] /home/travis/build/icyphy/ptII/ptolemy/actor/lib/test/auto/SetVariable5.xml (RunModel)" time="0.028" />
  <testcase classname="ptolemy.util.test.junit.AutoTests" name="[338] /home/travis/build/icyphy/ptII/ptolemy/actor/lib/test/auto/Sinewave.xml (RunModel)" time="0.022" />
  <testcase classname="ptolemy.util.test.junit.AutoTests" name="[339] /home/travis/build/icyphy/ptII/ptolemy/actor/lib/test/auto/Sinewave2.xml (RunModel)" time="0.014" />
  <testcase classname="ptolemy.util.test.junit.AutoTests" name="[340] /home/travis/build/icyphy/ptII/ptolemy/actor/lib/test/auto/Sinewave3.xml (RunModel)" time="0.015" />
  <testcase classname="ptolemy.util.test.junit.AutoTests" name="[341] /home/travis/build/icyphy/ptII/ptolemy/actor/lib/test/auto/SingleEvent.xml (RunModel)" time="0.006" />
  <testcase classname="ptolemy.util.test.junit.AutoTests" name="[342] /home/travis/build/icyphy/ptII/ptolemy/actor/lib/test/auto/Sleep.xml (RunModel)" time="6.011" />
  <testcase classname="ptolemy.util.test.junit.AutoTests" name="[343] /home/travis/build/icyphy/ptII/ptolemy/actor/lib/test/auto/SleepMultipleFire.xml (RunModel)" time="1.016" />
  <testcase classname="ptolemy.util.test.junit.AutoTests" name="[344] /home/travis/build/icyphy/ptII/ptolemy/actor/lib/test/auto/StopDE.xml (RunModel)" time="0.011" />
  <testcase classname="ptolemy.util.test.junit.AutoTests" name="[345] /home/travis/build/icyphy/ptII/ptolemy/actor/lib/test/auto/StopSDF.xml (RunModel)" time="0.011" />
  <testcase classname="ptolemy.util.test.junit.AutoTests" name="[346] /home/travis/build/icyphy/ptII/ptolemy/actor/lib/test/auto/StringConstant.xml (RunModel)" time="0.009" />
  <testcase classname="ptolemy.util.test.junit.AutoTests" name="[347] /home/travis/build/icyphy/ptII/ptolemy/actor/lib/test/auto/SubscriberPortInitialValues1.xml (RunModel)" time="0.017" />
  <testcase classname="ptolemy.util.test.junit.AutoTests" name="[348] /home/travis/build/icyphy/ptII/ptolemy/actor/lib/test/auto/SubscriberPortInitialValues13.xml (RunModel)" time="0.022" />
  <testcase classname="ptolemy.util.test.junit.AutoTests" name="[349] /home/travis/build/icyphy/ptII/ptolemy/actor/lib/test/auto/SubscriberPortInitialValues14.xml (RunModel)" time="0.014" />
  <testcase classname="ptolemy.util.test.junit.AutoTests" name="[350] /home/travis/build/icyphy/ptII/ptolemy/actor/lib/test/auto/SubscriberPortInitialValues2.xml (RunModel)" time="0.015" />
  <testcase classname="ptolemy.util.test.junit.AutoTests" name="[351] /home/travis/build/icyphy/ptII/ptolemy/actor/lib/test/auto/SubscriberPortInitialValues3.xml (RunModel)" time="0.018" />
  <testcase classname="ptolemy.util.test.junit.AutoTests" name="[352] /home/travis/build/icyphy/ptII/ptolemy/actor/lib/test/auto/SubscriptionAggregator.xml (RunModel)" time="0.013" />
  <testcase classname="ptolemy.util.test.junit.AutoTests" name="[353] /home/travis/build/icyphy/ptII/ptolemy/actor/lib/test/auto/SubscriptionAggregator2.xml (RunModel)" time="0.012" />
  <testcase classname="ptolemy.util.test.junit.AutoTests" name="[354] /home/travis/build/icyphy/ptII/ptolemy/actor/lib/test/auto/SubscriptionAggregator3.xml (RunModel)" time="0.016" />
  <testcase classname="ptolemy.util.test.junit.AutoTests" name="[355] /home/travis/build/icyphy/ptII/ptolemy/actor/lib/test/auto/SubscriptionAggregatorMultiply.xml (RunModel)" time="0.013" />
  <testcase classname="ptolemy.util.test.junit.AutoTests" name="[356] /home/travis/build/icyphy/ptII/ptolemy/actor/lib/test/auto/SubscriptionAggregatorPortMultiply1.xml (RunModel)" time="0.013" />
  <testcase classname="ptolemy.util.test.junit.AutoTests" name="[357] /home/travis/build/icyphy/ptII/ptolemy/actor/lib/test/auto/Switch.xml (RunModel)" time="0.013" />
  <testcase classname="ptolemy.util.test.junit.AutoTests" name="[358] /home/travis/build/icyphy/ptII/ptolemy/actor/lib/test/auto/Switch2.xml (RunModel)" time="0.009" />
  <testcase classname="ptolemy.util.test.junit.AutoTests" name="[359] /home/travis/build/icyphy/ptII/ptolemy/actor/lib/test/auto/SwitchDE.xml (RunModel)" time="0.012" />
  <testcase classname="ptolemy.util.test.junit.AutoTests" name="[360] /home/travis/build/icyphy/ptII/ptolemy/actor/lib/test/auto/SynchronizerDE.xml (RunModel)" time="0.017" />
  <testcase classname="ptolemy.util.test.junit.AutoTests" name="[361] /home/travis/build/icyphy/ptII/ptolemy/actor/lib/test/auto/Test.xml (RunModel)" time="0.009" />
  <testcase classname="ptolemy.util.test.junit.AutoTests" name="[362] /home/travis/build/icyphy/ptII/ptolemy/actor/lib/test/auto/TestExceptionAttribute1.xml (RunModel)" time="0.005" />
  <testcase classname="ptolemy.util.test.junit.AutoTests" name="[363] /home/travis/build/icyphy/ptII/ptolemy/actor/lib/test/auto/TestExceptionAttribute2.xml (RunModel)" time="0.006" />
  <testcase classname="ptolemy.util.test.junit.AutoTests" name="[364] /home/travis/build/icyphy/ptII/ptolemy/actor/lib/test/auto/TestExceptionAttribute3.xml (RunModel)" time="0.005" />
  <testcase classname="ptolemy.util.test.junit.AutoTests" name="[365] /home/travis/build/icyphy/ptII/ptolemy/actor/lib/test/auto/TestExceptionAttribute4.xml (RunModel)" time="0.006" />
  <testcase classname="ptolemy.util.test.junit.AutoTests" name="[366] /home/travis/build/icyphy/ptII/ptolemy/actor/lib/test/auto/TestExceptionHandler1.xml (RunModel)" time="0.005" />
  <testcase classname="ptolemy.util.test.junit.AutoTests" name="[367] /home/travis/build/icyphy/ptII/ptolemy/actor/lib/test/auto/TestExceptionHandler2.xml (RunModel)" time="0.006" />
  <testcase classname="ptolemy.util.test.junit.AutoTests" name="[368] /home/travis/build/icyphy/ptII/ptolemy/actor/lib/test/auto/TestExceptionHandler3.xml (RunModel)" time="0.005" />
  <testcase classname="ptolemy.util.test.junit.AutoTests" name="[369] /home/travis/build/icyphy/ptII/ptolemy/actor/lib/test/auto/TestExceptionHandler4.xml (RunModel)" time="0.006" />
  <testcase classname="ptolemy.util.test.junit.AutoTests" name="[370] /home/travis/build/icyphy/ptII/ptolemy/actor/lib/test/auto/TestRequireCorrectOrder.xml (RunModel)" time="0.009" />
  <testcase classname="ptolemy.util.test.junit.AutoTests" name="[371] /home/travis/build/icyphy/ptII/ptolemy/actor/lib/test/auto/TestSimple.xml (RunModel)" time="0.006" />
  <testcase classname="ptolemy.util.test.junit.AutoTests" name="[372] /home/travis/build/icyphy/ptII/ptolemy/actor/lib/test/auto/ThrowModelError.xml (RunModel)" time="0.01" />
  <testcase classname="ptolemy.util.test.junit.AutoTests" name="[373] /home/travis/build/icyphy/ptII/ptolemy/actor/lib/test/auto/TimeDelayMicrosteps.xml (RunModel)" time="0.014" />
  <testcase classname="ptolemy.util.test.junit.AutoTests" name="[374] /home/travis/build/icyphy/ptII/ptolemy/actor/lib/test/auto/TimeDelayMicrosteps2.xml (RunModel)" time="0.015" />
  <testcase classname="ptolemy.util.test.junit.AutoTests" name="[375] /home/travis/build/icyphy/ptII/ptolemy/actor/lib/test/auto/TimeDelayMicrosteps3.xml (RunModel)" time="0.016" />
  <testcase classname="ptolemy.util.test.junit.AutoTests" name="[376] /home/travis/build/icyphy/ptII/ptolemy/actor/lib/test/auto/TimeDelayVariableMicrosteps.xml (RunModel)" time="0.011" />
  <testcase classname="ptolemy.util.test.junit.AutoTests" name="[377] /home/travis/build/icyphy/ptII/ptolemy/actor/lib/test/auto/TimeGap.xml (RunModel)" time="0.012" />
  <testcase classname="ptolemy.util.test.junit.AutoTests" name="[378] /home/travis/build/icyphy/ptII/ptolemy/actor/lib/test/auto/TimeGap2.xml (RunModel)" time="0.011" />
  <testcase classname="ptolemy.util.test.junit.AutoTests" name="[379] /home/travis/build/icyphy/ptII/ptolemy/actor/lib/test/auto/TimedSinewave.xml (RunModel)" time="0.041" />
  <testcase classname="ptolemy.util.test.junit.AutoTests" name="[380] /home/travis/build/icyphy/ptII/ptolemy/actor/lib/test/auto/TimedSinewavePhase.xml (RunModel)" time="0.022" />
  <testcase classname="ptolemy.util.test.junit.AutoTests" name="[381] /home/travis/build/icyphy/ptII/ptolemy/actor/lib/test/auto/Timer.xml (RunModel)" time="0.018" />
  <testcase classname="ptolemy.util.test.junit.AutoTests" name="[382] /home/travis/build/icyphy/ptII/ptolemy/actor/lib/test/auto/TriangularDistTestModel.xml (RunModel)" time="0.015" />
  <testcase classname="ptolemy.util.test.junit.AutoTests" name="[383] /home/travis/build/icyphy/ptII/ptolemy/actor/lib/test/auto/TrigFunction.xml (RunModel)" time="0.008" />
  <testcase classname="ptolemy.util.test.junit.AutoTests" name="[384] /home/travis/build/icyphy/ptII/ptolemy/actor/lib/test/auto/TrigFunctionDE.xml (RunModel)" time="0.011" />
  <testcase classname="ptolemy.util.test.junit.AutoTests" name="[385] /home/travis/build/icyphy/ptII/ptolemy/actor/lib/test/auto/TrigFunctionInverse.xml (RunModel)" time="0.009" />
  <testcase classname="ptolemy.util.test.junit.AutoTests" name="[386] /home/travis/build/icyphy/ptII/ptolemy/actor/lib/test/auto/TrigFunctionTan.xml (RunModel)" time="0.007" />
  <testcase classname="ptolemy.util.test.junit.AutoTests" name="[387] /home/travis/build/icyphy/ptII/ptolemy/actor/lib/test/auto/TriggeredClock.xml (RunModel)" time="0.009" />
  <testcase classname="ptolemy.util.test.junit.AutoTests" name="[388] /home/travis/build/icyphy/ptII/ptolemy/actor/lib/test/auto/URLDirectoryReader.xml (RunModel)" time="0.096" />
  <testcase classname="ptolemy.util.test.junit.AutoTests" name="[389] /home/travis/build/icyphy/ptII/ptolemy/actor/lib/test/auto/URLDirectoryReader3.xml (RunModel)" time="1.349" />
  <testcase classname="ptolemy.util.test.junit.AutoTests" name="[390] /home/travis/build/icyphy/ptII/ptolemy/actor/lib/test/auto/UnaryMathFunction.xml (RunModel)" time="0.028" />
  <testcase classname="ptolemy.util.test.junit.AutoTests" name="[391] /home/travis/build/icyphy/ptII/ptolemy/actor/lib/test/auto/Uniform.xml (RunModel)" time="0.037" />
  <testcase classname="ptolemy.util.test.junit.AutoTests" name="[392] /home/travis/build/icyphy/ptII/ptolemy/actor/lib/test/auto/UnionDisassemblerTest.xml (RunModel)" time="0.039" />
  <testcase classname="ptolemy.util.test.junit.AutoTests" name="[393] /home/travis/build/icyphy/ptII/ptolemy/actor/lib/test/auto/UtilityFunctions.xml (RunModel)" time="0.029" />
  <testcase classname="ptolemy.util.test.junit.AutoTests" name="[394] /home/travis/build/icyphy/ptII/ptolemy/actor/lib/test/auto/VariableSleep.xml (RunModel)" time="0.541" />
  <testcase classname="ptolemy.util.test.junit.AutoTests" name="[395] /home/travis/build/icyphy/ptII/ptolemy/actor/lib/test/auto/VectorAssemblerDisassemblerCT.xml (RunModel)" time="0.116" />
  <testcase classname="ptolemy.util.test.junit.AutoTests" name="[396] /home/travis/build/icyphy/ptII/ptolemy/actor/lib/test/auto/VectorAssemblerDisassemblerDE.xml (RunModel)" time="0.014" />
  <testcase classname="ptolemy.util.test.junit.AutoTests" name="[397] /home/travis/build/icyphy/ptII/ptolemy/actor/lib/test/auto/VectorAssemblerDisassemblerSDF.xml (RunModel)" time="0.012" />
  <testcase classname="ptolemy.util.test.junit.AutoTests" name="[398] /home/travis/build/icyphy/ptII/ptolemy/actor/lib/test/auto/WallClockTime.xml (RunModel)" time="1.013" />
  <testcase classname="ptolemy.util.test.junit.AutoTests" name="[399] /home/travis/build/icyphy/ptII/ptolemy/actor/lib/test/auto/WidthTestWithSubscriberPublisher.xml (RunModel)" time="0.039" />
  <testcase classname="ptolemy.util.test.junit.AutoTests" name="[400] /home/travis/build/icyphy/ptII/ptolemy/actor/lib/test/auto/WidthTestWithSubscriberPublisher2.xml (RunModel)" time="0.034" />
  <testcase classname="ptolemy.util.test.junit.AutoTests" name="[401] /home/travis/build/icyphy/ptII/ptolemy/actor/lib/test/auto/WidthTestWithSubscriberPublisher3.xml (RunModel)" time="0.034" />
  <testcase classname="ptolemy.util.test.junit.AutoTests" name="[402] /home/travis/build/icyphy/ptII/ptolemy/actor/lib/test/auto/Writer.xml (RunModel)" time="0.016" />
  <testcase classname="ptolemy.util.test.junit.AutoTests" name="[403] /home/travis/build/icyphy/ptII/ptolemy/actor/lib/test/auto/array.xml (RunModel)" time="0.008" />
  <testcase classname="ptolemy.util.test.junit.AutoTests" name="[404] /home/travis/build/icyphy/ptII/ptolemy/actor/lib/test/auto/array2.xml (RunModel)" time="0.009" />
  <testcase classname="ptolemy.util.test.junit.AutoTests" name="[405] /home/travis/build/icyphy/ptII/ptolemy/actor/lib/test/auto/arrayType.xml (RunModel)" time="0.011" />
  <testcase classname="ptolemy.util.test.junit.AutoTests" name="[406] /home/travis/build/icyphy/ptII/ptolemy/actor/lib/test/auto/arrayType10.xml (RunModel)" time="0.008" />
  <testcase classname="ptolemy.util.test.junit.AutoTests" name="[407] /home/travis/build/icyphy/ptII/ptolemy/actor/lib/test/auto/arrayType11.xml (RunModel)" time="0.009" />
  <testcase classname="ptolemy.util.test.junit.AutoTests" name="[408] /home/travis/build/icyphy/ptII/ptolemy/actor/lib/test/auto/arrayType12.xml (RunModel)" time="0.009" />
  <testcase classname="ptolemy.util.test.junit.AutoTests" name="[409] /home/travis/build/icyphy/ptII/ptolemy/actor/lib/test/auto/arrayType13.xml (RunModel)" time="0.009" />
  <testcase classname="ptolemy.util.test.junit.AutoTests" name="[410] /home/travis/build/icyphy/ptII/ptolemy/actor/lib/test/auto/arrayType14.xml (RunModel)" time="0.009" />
  <testcase classname="ptolemy.util.test.junit.AutoTests" name="[411] /home/travis/build/icyphy/ptII/ptolemy/actor/lib/test/auto/arrayType15.xml (RunModel)" time="0.009" />
  <testcase classname="ptolemy.util.test.junit.AutoTests" name="[412] /home/travis/build/icyphy/ptII/ptolemy/actor/lib/test/auto/arrayType16.xml (RunModel)" time="0.008" />
  <testcase classname="ptolemy.util.test.junit.AutoTests" name="[413] /home/travis/build/icyphy/ptII/ptolemy/actor/lib/test/auto/arrayType17.xml (RunModel)" time="0.009" />
  <testcase classname="ptolemy.util.test.junit.AutoTests" name="[414] /home/travis/build/icyphy/ptII/ptolemy/actor/lib/test/auto/arrayType18.xml (RunModel)" time="0.008" />
  <testcase classname="ptolemy.util.test.junit.AutoTests" name="[415] /home/travis/build/icyphy/ptII/ptolemy/actor/lib/test/auto/arrayType19.xml (RunModel)" time="0.008" />
  <testcase classname="ptolemy.util.test.junit.AutoTests" name="[416] /home/travis/build/icyphy/ptII/ptolemy/actor/lib/test/auto/arrayType2.xml (RunModel)" time="0.013" />
  <testcase classname="ptolemy.util.test.junit.AutoTests" name="[417] /home/travis/build/icyphy/ptII/ptolemy/actor/lib/test/auto/arrayType20.xml (RunModel)" time="0.01" />
  <testcase classname="ptolemy.util.test.junit.AutoTests" name="[418] /home/travis/build/icyphy/ptII/ptolemy/actor/lib/test/auto/arrayType21.xml (RunModel)" time="0.009" />
  <testcase classname="ptolemy.util.test.junit.AutoTests" name="[419] /home/travis/build/icyphy/ptII/ptolemy/actor/lib/test/auto/arrayType22.xml (RunModel)" time="0.008" />
  <testcase classname="ptolemy.util.test.junit.AutoTests" name="[420] /home/travis/build/icyphy/ptII/ptolemy/actor/lib/test/auto/arrayType23.xml (RunModel)" time="0.008" />
  <testcase classname="ptolemy.util.test.junit.AutoTests" name="[421] /home/travis/build/icyphy/ptII/ptolemy/actor/lib/test/auto/arrayType24.xml (RunModel)" time="0.009" />
  <testcase classname="ptolemy.util.test.junit.AutoTests" name="[422] /home/travis/build/icyphy/ptII/ptolemy/actor/lib/test/auto/arrayType25.xml (RunModel)" time="0.008" />
  <testcase classname="ptolemy.util.test.junit.AutoTests" name="[423] /home/travis/build/icyphy/ptII/ptolemy/actor/lib/test/auto/arrayType26.xml (RunModel)" time="0.009" />
  <testcase classname="ptolemy.util.test.junit.AutoTests" name="[424] /home/travis/build/icyphy/ptII/ptolemy/actor/lib/test/auto/arrayType27.xml (RunModel)" time="0.009" />
  <testcase classname="ptolemy.util.test.junit.AutoTests" name="[425] /home/travis/build/icyphy/ptII/ptolemy/actor/lib/test/auto/arrayType28.xml (RunModel)" time="0.009" />
  <testcase classname="ptolemy.util.test.junit.AutoTests" name="[426] /home/travis/build/icyphy/ptII/ptolemy/actor/lib/test/auto/arrayType3.xml (RunModel)" time="0.009" />
  <testcase classname="ptolemy.util.test.junit.AutoTests" name="[427] /home/travis/build/icyphy/ptII/ptolemy/actor/lib/test/auto/arrayType4.xml (RunModel)" time="0.01" />
  <testcase classname="ptolemy.util.test.junit.AutoTests" name="[428] /home/travis/build/icyphy/ptII/ptolemy/actor/lib/test/auto/arrayType5.xml (RunModel)" time="0.022" />
  <testcase classname="ptolemy.util.test.junit.AutoTests" name="[429] /home/travis/build/icyphy/ptII/ptolemy/actor/lib/test/auto/arrayType6.xml (RunModel)" time="0.009" />
  <testcase classname="ptolemy.util.test.junit.AutoTests" name="[430] /home/travis/build/icyphy/ptII/ptolemy/actor/lib/test/auto/arrayType7.xml (RunModel)" time="0.009" />
  <testcase classname="ptolemy.util.test.junit.AutoTests" name="[431] /home/travis/build/icyphy/ptII/ptolemy/actor/lib/test/auto/arrayType8.xml (RunModel)" time="0.01" />
  <testcase classname="ptolemy.util.test.junit.AutoTests" name="[432] /home/travis/build/icyphy/ptII/ptolemy/actor/lib/test/auto/arrayType9.xml (RunModel)" time="0.009" />
  <testcase classname="ptolemy.util.test.junit.AutoTests" name="[433] /home/travis/build/icyphy/ptII/ptolemy/actor/lib/test/auto/cast.xml (RunModel)" time="0.011" />
  <testcase classname="ptolemy.util.test.junit.AutoTests" name="[434] /home/travis/build/icyphy/ptII/ptolemy/actor/lib/test/auto/compositeMultiPort.xml (RunModel)" time="0.02" />
  <testcase classname="ptolemy.util.test.junit.AutoTests" name="[435] /home/travis/build/icyphy/ptII/ptolemy/actor/lib/test/auto/expressionCastInference.xml (RunModel)" time="0.009" />
  <testcase classname="ptolemy.util.test.junit.AutoTests" name="[436] /home/travis/build/icyphy/ptII/ptolemy/actor/lib/test/auto/expressionCastInference2.xml (RunModel)" time="0.008" />
  <testcase classname="ptolemy.util.test.junit.AutoTests" name="[437] /home/travis/build/icyphy/ptII/ptolemy/actor/lib/test/auto/expressionInference.xml (RunModel)" time="0.009" />
  <testcase classname="ptolemy.util.test.junit.AutoTests" name="[438] /home/travis/build/icyphy/ptII/ptolemy/actor/lib/test/auto/expression_bug.xml (RunModel)" time="0.009" />
  <testcase classname="ptolemy.util.test.junit.AutoTests" name="[439] /home/travis/build/icyphy/ptII/ptolemy/actor/lib/test/auto/factorial.xml (RunModel)" time="0.051" />
  <testcase classname="ptolemy.util.test.junit.AutoTests" name="[440] /home/travis/build/icyphy/ptII/ptolemy/actor/lib/test/auto/filterTest1.xml (RunModel)" time="0.021" />
  <testcase classname="ptolemy.util.test.junit.AutoTests" name="[441] /home/travis/build/icyphy/ptII/ptolemy/actor/lib/test/auto/funcApplyInConst.xml (RunModel)" time="0.007" />
  <testcase classname="ptolemy.util.test.junit.AutoTests" name="[442] /home/travis/build/icyphy/ptII/ptolemy/actor/lib/test/auto/funcApplyInExpr.xml (RunModel)" time="0.006" />
  <testcase classname="ptolemy.util.test.junit.AutoTests" name="[443] /home/travis/build/icyphy/ptII/ptolemy/actor/lib/test/auto/function.xml (RunModel)" time="0.011" />
  <testcase classname="ptolemy.util.test.junit.AutoTests" name="[444] /home/travis/build/icyphy/ptII/ptolemy/actor/lib/test/auto/function2.xml (RunModel)" time="0.009" />
  <testcase classname="ptolemy.util.test.junit.AutoTests" name="[445] /home/travis/build/icyphy/ptII/ptolemy/actor/lib/test/auto/function3.xml (RunModel)" time="0.008" />
  <testcase classname="ptolemy.util.test.junit.AutoTests" name="[446] /home/travis/build/icyphy/ptII/ptolemy/actor/lib/test/auto/functionClosureTest1.xml (RunModel)" time="0.011" />
  <testcase classname="ptolemy.util.test.junit.AutoTests" name="[447] /home/travis/build/icyphy/ptII/ptolemy/actor/lib/test/auto/functionClosureTest2.xml (RunModel)" time="0.008" />
  <testcase classname="ptolemy.util.test.junit.AutoTests" name="[448] /home/travis/build/icyphy/ptII/ptolemy/actor/lib/test/auto/functionClosureTest3.xml (RunModel)" time="0.01" />
  <testcase classname="ptolemy.util.test.junit.AutoTests" name="[449] /home/travis/build/icyphy/ptII/ptolemy/actor/lib/test/auto/functionClosureTest4.xml (RunModel)" time="0.017" />
  <testcase classname="ptolemy.util.test.junit.AutoTests" name="[450] /home/travis/build/icyphy/ptII/ptolemy/actor/lib/test/auto/functionClosureTest5.xml (RunModel)" time="0.013" />
  <testcase classname="ptolemy.util.test.junit.AutoTests" name="[451] /home/travis/build/icyphy/ptII/ptolemy/actor/lib/test/auto/functionClosureTest6.xml (RunModel)" time="0.011" />
  <testcase classname="ptolemy.util.test.junit.AutoTests" name="[452] /home/travis/build/icyphy/ptII/ptolemy/actor/lib/test/auto/functionsOnArcs.xml (RunModel)" time="0.01" />
  <testcase classname="ptolemy.util.test.junit.AutoTests" name="[453] /home/travis/build/icyphy/ptII/ptolemy/actor/lib/test/auto/functionsOnArcsHOF.xml (RunModel)" time="0.013" />
  <testcase classname="ptolemy.util.test.junit.AutoTests" name="[454] /home/travis/build/icyphy/ptII/ptolemy/actor/lib/test/auto/logic.xml (RunModel)" time="0.017" />
  <testcase classname="ptolemy.util.test.junit.AutoTests" name="[455] /home/travis/build/icyphy/ptII/ptolemy/actor/lib/test/auto/matrixType.xml (RunModel)" time="0.01" />
  <testcase classname="ptolemy.util.test.junit.AutoTests" name="[456] /home/travis/build/icyphy/ptII/ptolemy/actor/lib/test/auto/matrixType10.xml (RunModel)" time="0.01" />
  <testcase classname="ptolemy.util.test.junit.AutoTests" name="[457] /home/travis/build/icyphy/ptII/ptolemy/actor/lib/test/auto/matrixType11.xml (RunModel)" time="0.01" />
  <testcase classname="ptolemy.util.test.junit.AutoTests" name="[458] /home/travis/build/icyphy/ptII/ptolemy/actor/lib/test/auto/matrixType12.xml (RunModel)" time="0.012" />
  <testcase classname="ptolemy.util.test.junit.AutoTests" name="[459] /home/travis/build/icyphy/ptII/ptolemy/actor/lib/test/auto/matrixType13.xml (RunModel)" time="0.02" />
  <testcase classname="ptolemy.util.test.junit.AutoTests" name="[460] /home/travis/build/icyphy/ptII/ptolemy/actor/lib/test/auto/matrixType14.xml (RunModel)" time="0.011" />
  <testcase classname="ptolemy.util.test.junit.AutoTests" name="[461] /home/travis/build/icyphy/ptII/ptolemy/actor/lib/test/auto/matrixType2.xml (RunModel)" time="0.01" />
  <testcase classname="ptolemy.util.test.junit.AutoTests" name="[462] /home/travis/build/icyphy/ptII/ptolemy/actor/lib/test/auto/matrixType3.xml (RunModel)" time="0.009" />
  <testcase classname="ptolemy.util.test.junit.AutoTests" name="[463] /home/travis/build/icyphy/ptII/ptolemy/actor/lib/test/auto/matrixType4.xml (RunModel)" time="0.008" />
  <testcase classname="ptolemy.util.test.junit.AutoTests" name="[464] /home/travis/build/icyphy/ptII/ptolemy/actor/lib/test/auto/matrixType5.xml (RunModel)" time="0.009" />
  <testcase classname="ptolemy.util.test.junit.AutoTests" name="[465] /home/travis/build/icyphy/ptII/ptolemy/actor/lib/test/auto/matrixType6.xml (RunModel)" time="0.008" />
  <testcase classname="ptolemy.util.test.junit.AutoTests" name="[466] /home/travis/build/icyphy/ptII/ptolemy/actor/lib/test/auto/matrixType7.xml (RunModel)" time="0.009" />
  <testcase classname="ptolemy.util.test.junit.AutoTests" name="[467] /home/travis/build/icyphy/ptII/ptolemy/actor/lib/test/auto/matrixType8.xml (RunModel)" time="0.01" />
  <testcase classname="ptolemy.util.test.junit.AutoTests" name="[468] /home/travis/build/icyphy/ptII/ptolemy/actor/lib/test/auto/matrixType9.xml (RunModel)" time="0.01" />
  <testcase classname="ptolemy.util.test.junit.AutoTests" name="[469] /home/travis/build/icyphy/ptII/ptolemy/actor/lib/test/auto/paraFunctest.xml (RunModel)" time="0.008" />
  <testcase classname="ptolemy.util.test.junit.AutoTests" name="[470] /home/travis/build/icyphy/ptII/ptolemy/actor/lib/test/auto/paraFunctest2.xml (RunModel)" time="0.009" />
  <testcase classname="ptolemy.util.test.junit.AutoTests" name="[471] /home/travis/build/icyphy/ptII/ptolemy/actor/lib/test/auto/parameterPassing.xml (RunModel)" time="0.009" />
  <testcase classname="ptolemy.util.test.junit.AutoTests" name="[472] /home/travis/build/icyphy/ptII/ptolemy/actor/lib/test/auto/record.xml (RunModel)" time="0.011" />
  <testcase classname="ptolemy.util.test.junit.AutoTests" name="[473] /home/travis/build/icyphy/ptII/ptolemy/actor/lib/test/auto/sizedarray1.xml (RunModel)" time="0.015" />
  <testcase classname="ptolemy.util.test.junit.AutoTests" name="[474] /home/travis/build/icyphy/ptII/ptolemy/actor/lib/test/auto/sizedarray2.xml (RunModel)" time="0.011" />
  <testcase classname="ptolemy.util.test.junit.AutoTests" name="[475] /home/travis/build/icyphy/ptII/ptolemy/actor/lib/test/auto/twoPublishers.xml (RunModel)" time="0.028" />
  <system-out><![CDATA[/home/travis/build/icyphy/ptII/ptolemy/actor/lib/test/AbsoluteValue.tcl
testDefs.tcl: setting time out to 9000 seconds at Sun Sep 30 02:18:34 UTC 2018
71 ms. Memory: 116224K Free: 106229K (91%)
3 ms. Memory: 116224K Free: 105626K (91%)
4 ms. Memory: 116224K Free: 104397K (90%)
9 ms. Memory: 116224K Free: 103794K (89%)
/home/travis/build/icyphy/ptII/ptolemy/actor/lib/test/AddSubtract.tcl
13 ms. Memory: 116224K Free: 101978K (88%)
4 ms. Memory: 116224K Free: 100773K (87%)
17 ms. Memory: 116224K Free: 100178K (86%)
13 ms. Memory: 116224K Free: 99583K (86%)
7 ms. Memory: 116224K Free: 98948K (85%)
4 ms. Memory: 116224K Free: 97743K (84%)
/home/travis/build/icyphy/ptII/ptolemy/actor/lib/test/Average.tcl
6 ms. Memory: 116224K Free: 96553K (83%)
5 ms. Memory: 116224K Free: 94729K (82%)
/home/travis/build/icyphy/ptII/ptolemy/actor/lib/test/Bernoulli.tcl
8 ms. Memory: 116224K Free: 93524K (80%)
1 ms. Memory: 116224K Free: 92905K (80%)
/home/travis/build/icyphy/ptII/ptolemy/actor/lib/test/Clock.tcl
preinitializing
resolving types
initializing
executing number 1
wrapping up
idle
10 ms. Memory: 116224K Free: 90490K (78%)
Completed execution with 5 iterations
preinitializing
resolving types
initializing
executing number 1
wrapping up
idle
3 ms. Memory: 116224K Free: 89872K (77%)
Completed execution with 5 iterations
preinitializing
resolving types
initializing
executing number 1
wrapping up
idle
3 ms. Memory: 116224K Free: 89269K (77%)
Completed execution with 5 iterations
/home/travis/build/icyphy/ptII/ptolemy/actor/lib/test/Commutator.tcl
12 ms. Memory: 116224K Free: 87469K (75%)
10 ms. Memory: 116224K Free: 86271K (74%)
9 ms. Memory: 116224K Free: 81927K (70%)
/home/travis/build/icyphy/ptII/ptolemy/actor/lib/test/Const.tcl
3 ms. Memory: 146944K Free: 140375K (96%)
3 ms. Memory: 146944K Free: 139975K (95%)
2 ms. Memory: 146944K Free: 139975K (95%)
2 ms. Memory: 146944K Free: 138772K (94%)
2 ms. Memory: 146944K Free: 138772K (94%)
23 ms. Memory: 146944K Free: 136365K (93%)
10 ms. Memory: 146944K Free: 135146K (92%)
2 ms. Memory: 146944K Free: 135146K (92%)
/home/travis/build/icyphy/ptII/ptolemy/actor/lib/test/CurrentTime.tcl
preinitializing
resolving types
initializing
executing number 1
wrapping up
idle
19 ms. Memory: 146944K Free: 132740K (90%)
Completed execution with 11 iterations
/home/travis/build/icyphy/ptII/ptolemy/actor/lib/test/DB.tcl
12 ms. Memory: 146944K Free: 131537K (90%)
2 ms. Memory: 146944K Free: 130333K (89%)
2 ms. Memory: 146944K Free: 130333K (89%)
/home/travis/build/icyphy/ptII/ptolemy/actor/lib/test/DiscreteRandomSource.tcl
preinitializing
resolving types
initializing
executing number 1
wrapping up
idle
3 ms. Memory: 146944K Free: 127911K (87%)
Completed execution with 4 iterations
preinitializing
resolving types
initializing
executing number 1
wrapping up
idle
2 ms. Memory: 146944K Free: 127911K (87%)
Completed execution with 4 iterations
preinitializing
resolving types
initializing
executing number 1
wrapping up
idle
3 ms. Memory: 146944K Free: 127911K (87%)
Completed execution with 4 iterations
preinitializing
resolving types
initializing
executing number 1
wrapping up
idle
3 ms. Memory: 146944K Free: 126692K (86%)
Completed execution with 4 iterations
preinitializing
resolving types
initializing
executing number 1
wrapping up
idle
7 ms. Memory: 146944K Free: 126692K (86%)
Completed execution with 4 iterations
/home/travis/build/icyphy/ptII/ptolemy/actor/lib/test/Distributor.tcl
8 ms. Memory: 146944K Free: 125473K (85%)
4 ms. Memory: 146944K Free: 124269K (85%)
StreamChangeRequest.changeExecuted(): <deleteEntity name="rec2"/> succeeded
StreamChangeRequest.changeExecuted(): <deleteRelation name="r2"/> succeeded
StreamChangeRequest.changeExecuted(): Record firings per iteration succeeded
15 ms. Memory: 146944K Free: 121839K (83%)
/home/travis/build/icyphy/ptII/ptolemy/actor/lib/test/Exit.tcl
Exit.tcl: this will print a message about Manager.exitAfterWrapup, which can be ignored.
5 ms. Memory: 146944K Free: 118818K (81%)
/home/travis/build/icyphy/ptII/ptolemy/actor/lib/test/Expression.tcl
5 ms. Memory: 146944K Free: 115167K (78%)
11 ms. Memory: 146944K Free: 115167K (78%)
2 ms. Memory: 146944K Free: 113964K (78%)
preinitializing
resolving types
initializing
executing number 1
wrapping up
idle
5 ms. Memory: 146944K Free: 112761K (77%)
Completed execution with 6 iterations
3 ms. Memory: 146944K Free: 111557K (76%)
3 ms. Memory: 146944K Free: 110354K (75%)
4 ms. Memory: 146944K Free: 109151K (74%)
4 ms. Memory: 146944K Free: 107948K (73%)
4 ms. Memory: 146944K Free: 106745K (73%)
/home/travis/build/icyphy/ptII/ptolemy/actor/lib/test/Gaussian.tcl
4 ms. Memory: 146944K Free: 105542K (72%)
sleeping 1 seconds: .......................................................................................................................................................................................................................................................................................................................................................................................................................................................................................................................................................................................................................................................................................................................................................................................................................................................................................................................................................................................................................................................................................................................................................................................................................................................................................................................................................................................................................................................................................................................................................................................................................................................................................................................................................................................................................................................................................................................................................................................................................................................................4 ms. Memory: 146944K Free: 95916K (65%)
3 ms. Memory: 146944K Free: 95916K (65%)
4 ms. Memory: 146944K Free: 94713K (64%)
9 ms. Memory: 146944K Free: 94713K (64%)
1 ms. Memory: 146944K Free: 93510K (64%)
/home/travis/build/icyphy/ptII/ptolemy/actor/lib/test/IIR.tcl
/home/travis/build/icyphy/ptII/ptolemy/actor/lib/test/Interpolator.tcl
3 ms. Memory: 146944K Free: 89836K (61%)
10 ms. Memory: 146944K Free: 88633K (60%)
2 ms. Memory: 146944K Free: 88633K (60%)
1 ms. Memory: 146944K Free: 87430K (59%)
6 ms. Memory: 146944K Free: 87430K (59%)
2 ms. Memory: 146944K Free: 86226K (59%)
2 ms. Memory: 146944K Free: 85023K (58%)
2 ms. Memory: 146944K Free: 85023K (58%)
4 ms. Memory: 146944K Free: 83820K (57%)
2 ms. Memory: 146944K Free: 82617K (56%)
/home/travis/build/icyphy/ptII/ptolemy/actor/lib/test/MathFunction.tcl
21 ms. Memory: 146944K Free: 140090K (95%)
2 ms. Memory: 146944K Free: 138886K (95%)
7 ms. Memory: 146944K Free: 138886K (95%)
5 ms. Memory: 146944K Free: 137682K (94%)
3 ms. Memory: 146944K Free: 136479K (93%)
8 ms. Memory: 146944K Free: 134071K (91%)
/home/travis/build/icyphy/ptII/ptolemy/actor/lib/test/Maximum.tcl
9 ms. Memory: 146944K Free: 132867K (90%)
4 ms. Memory: 146944K Free: 131663K (90%)
5 ms. Memory: 146944K Free: 130459K (89%)
5 ms. Memory: 146944K Free: 130459K (89%)
/home/travis/build/icyphy/ptII/ptolemy/actor/lib/test/Minimum.tcl
7 ms. Memory: 146944K Free: 128052K (87%)
2 ms. Memory: 146944K Free: 128052K (87%)
2 ms. Memory: 146944K Free: 126848K (86%)
6 ms. Memory: 146944K Free: 126848K (86%)
/home/travis/build/icyphy/ptII/ptolemy/actor/lib/test/MultiplyDivide.tcl
10 ms. Memory: 146944K Free: 124440K (85%)
6 ms. Memory: 146944K Free: 123236K (84%)
3 ms. Memory: 146944K Free: 123236K (84%)
2 ms. Memory: 146944K Free: 122032K (83%)
1 ms. Memory: 146944K Free: 122032K (83%)
/home/travis/build/icyphy/ptII/ptolemy/actor/lib/test/OrderedMerge.tcl
Connections changed on port: inputA
Connections changed on port: inputB
Connections changed on port: output
Connections changed on port: output
Connections changed on port: output
Connections changed on port: input
.top. Preinitializing ...
Invoking preinitialize():  .top.OrderedMerge
Called preinitialize()
Invoking preinitialize():  .top.Ramp
Called preinitialize()
Invoking preinitialize():  .top.Ramp2
Called preinitialize()
Invoking preinitialize():  .top.Test
Called preinitialize()
Connections changed on port: inputA
Connections changed on port: output
Connections changed on port: inputB
Connections changed on port: output
Connections changed on port: output
Connections changed on port: input
.top. Finished preinitialize().
Called initialize().
Invoking initialize():  .top.OrderedMerge
Initializing actor: .top.OrderedMerge
Adding a thread: .top.OrderedMerge
Invoking initialize():  .top.Ramp
Initializing actor: .top.Ramp
Adding a thread: .top.Ramp
Invoking initialize():  .top.Ramp2
Initializing actor: .top.Ramp2
Adding a thread: .top.Ramp2
Invoking initialize():  .top.Test
Initializing actor: .top.Test
Adding a thread: .top.Test
-- Starting thread.
Called initialize()
Called prefire()
Called fire()
-- Starting thread.
Called initialize()
Called prefire()
Called fire()
Called postfire()
Called prefire()
Called fire()
-- Starting thread.
Called initialize()
Called prefire()
Called fire()
Called postfire()
Called prefire()
Called fire()
Called fire().
Checking for deadlock:
There are 3 Blocked actors, 0 Stopped actors, and 4 active threads.
Waiting for actors to stop.
-- Starting thread.
Called initialize()
Called prefire()
Called fire()
Checking for deadlock:
There are 2 Blocked actors, 0 Stopped actors, and 4 active threads.
Waiting for actors to stop.
Called postfire()
Called prefire()
Called fire()
Checking for deadlock:
There are 3 Blocked actors, 0 Stopped actors, and 4 active threads.
Waiting for actors to stop.
Read input token from inputA with value 0.0
Next port to read input from is inputB
Called postfire()
Called prefire()
Called fire()
Checking for deadlock:
There are 2 Blocked actors, 0 Stopped actors, and 4 active threads.
Waiting for actors to stop.
Called postfire()
Called prefire()
Called fire()
Checking for deadlock:
There are 3 Blocked actors, 0 Stopped actors, and 4 active threads.
Waiting for actors to stop.
Read input token from inputB with value 0.0
Checking for deadlock:
There are 2 Blocked actors, 0 Stopped actors, and 4 active threads.
Waiting for actors to stop.
-- Read input: 0.0, which is expected to match: 0.0
Called prefire()
Called fire()
Checking for deadlock:
There are 3 Blocked actors, 0 Stopped actors, and 4 active threads.
Waiting for actors to stop.
Sent output token with value 0.0
Next port to read input from is inputA
Called postfire()
Called prefire()
Called fire()
Called postfire()
Called prefire()
Called fire()
Checking for deadlock:
There are 3 Blocked actors, 0 Stopped actors, and 4 active threads.
Waiting for actors to stop.
Read input token from inputA with value 1.0
-- Read input: 0.0, which is expected to match: 0.0
Called prefire()
Called fire()
Checking for deadlock:
There are 3 Blocked actors, 0 Stopped actors, and 4 active threads.
Waiting for actors to stop.
Sent output token with value 0.0
Next port to read input from is inputB
Called postfire()
Called prefire()
Called fire()
Checking for deadlock:
There are 2 Blocked actors, 0 Stopped actors, and 4 active threads.
Waiting for actors to stop.
Called postfire()
Called prefire()
Called fire()
Checking for deadlock:
There are 3 Blocked actors, 0 Stopped actors, and 4 active threads.
Waiting for actors to stop.
Read input token from inputB with value 1.5
Checking for deadlock:
There are 2 Blocked actors, 0 Stopped actors, and 4 active threads.
Waiting for actors to stop.
-- Read input: 1.0, which is expected to match: 1.0
Called prefire()
Called fire()
Checking for deadlock:
There are 3 Blocked actors, 0 Stopped actors, and 4 active threads.
Waiting for actors to stop.
Sent output token with value 1.0
Next port to read input from is inputA
Called postfire()
Called prefire()
Called fire()
Called postfire()
Called prefire()
Called fire()
Checking for deadlock:
There are 3 Blocked actors, 0 Stopped actors, and 4 active threads.
Waiting for actors to stop.
Read input token from inputA with value 2.0
-- Read input: 1.5, which is expected to match: 1.5
Called prefire()
Called fire()
Checking for deadlock:
There are 3 Blocked actors, 0 Stopped actors, and 4 active threads.
Waiting for actors to stop.
Sent output token with value 1.5
Next port to read input from is inputB
Called postfire()
Called prefire()
Called fire()
Checking for deadlock:
There are 2 Blocked actors, 0 Stopped actors, and 4 active threads.
Waiting for actors to stop.
Called postfire()
Called prefire()
Called fire()
Checking for deadlock:
There are 3 Blocked actors, 0 Stopped actors, and 4 active threads.
Waiting for actors to stop.
Read input token from inputB with value 3.0
Checking for deadlock:
There are 2 Blocked actors, 0 Stopped actors, and 4 active threads.
Waiting for actors to stop.
-- Read input: 2.0, which is expected to match: 2.0
Called prefire()
Called fire()
Checking for deadlock:
There are 3 Blocked actors, 0 Stopped actors, and 4 active threads.
Waiting for actors to stop.
Sent output token with value 2.0
Next port to read input from is inputA
Called postfire()
Called prefire()
Called fire()
Called postfire()
Called prefire()
Called fire()
Checking for deadlock:
There are 3 Blocked actors, 0 Stopped actors, and 4 active threads.
Waiting for actors to stop.
Read input token from inputA with value 3.0
-- Read input: 3.0, which is expected to match: 3.0
Called prefire()
Called fire()
Checking for deadlock:
There are 3 Blocked actors, 0 Stopped actors, and 4 active threads.
Waiting for actors to stop.
Sent output token with value 3.0
Next port to read input from is inputB
Called postfire()
Called prefire()
Called fire()
Checking for deadlock:
There are 2 Blocked actors, 0 Stopped actors, and 4 active threads.
Waiting for actors to stop.
Called postfire()
Called prefire()
Called fire()
Checking for deadlock:
There are 3 Blocked actors, 0 Stopped actors, and 4 active threads.
Waiting for actors to stop.
Read input token from inputB with value 4.5
Checking for deadlock:
There are 2 Blocked actors, 0 Stopped actors, and 4 active threads.
Waiting for actors to stop.
-- Read input: 3.0, which is expected to match: 3.0
Called prefire()
Called fire()
Checking for deadlock:
There are 3 Blocked actors, 0 Stopped actors, and 4 active threads.
Waiting for actors to stop.
Sent output token with value 3.0
Next port to read input from is inputA
Called postfire()
Called prefire()
Called fire()
Called postfire()
Called prefire()
Called fire()
Checking for deadlock:
There are 3 Blocked actors, 0 Stopped actors, and 4 active threads.
Waiting for actors to stop.
Read input token from inputA with value 4.0
-- Read input: 4.0, which is expected to match: 4.0
Called prefire()
Called fire()
Past the end of training data. Read and discard all inputs.
Checking for deadlock:
There are 3 Blocked actors, 0 Stopped actors, and 4 active threads.
Waiting for actors to stop.
Sent output token with value 4.0
Next port to read input from is inputA
Called postfire()
Called prefire()
Called fire()
Called postfire()
Called prefire()
Called fire()
Checking for deadlock:
There are 3 Blocked actors, 0 Stopped actors, and 4 active threads.
Waiting for actors to stop.
Read input token from inputA with value 5.0
Called prefire()
Called fire()
Past the end of training data. Read and discard all inputs.
Checking for deadlock:
There are 3 Blocked actors, 0 Stopped actors, and 4 active threads.
Waiting for actors to stop.
Sent output token with value 4.5
Next port to read input from is inputB
Called postfire()
Called prefire()
Called fire()
Checking for deadlock:
There are 2 Blocked actors, 0 Stopped actors, and 4 active threads.
Waiting for actors to stop.
Called postfire()
Called prefire()
Called fire()
Checking for deadlock:
There are 3 Blocked actors, 0 Stopped actors, and 4 active threads.
Waiting for actors to stop.
Read input token from inputB with value 6.0
Checking for deadlock:
There are 2 Blocked actors, 0 Stopped actors, and 4 active threads.
Waiting for actors to stop.
Called prefire()
Called fire()
Past the end of training data. Read and discard all inputs.
Checking for deadlock:
There are 3 Blocked actors, 0 Stopped actors, and 4 active threads.
Waiting for actors to stop.
Sent output token with value 5.0
Next port to read input from is inputA
Called postfire()
Called prefire()
Called fire()
Called postfire()
Called prefire()
Called fire()
Checking for deadlock:
There are 3 Blocked actors, 0 Stopped actors, and 4 active threads.
Waiting for actors to stop.
Read input token from inputA with value 6.0
Called prefire()
Called fire()
Past the end of training data. Read and discard all inputs.
Checking for deadlock:
There are 3 Blocked actors, 0 Stopped actors, and 4 active threads.
Waiting for actors to stop.
Sent output token with value 6.0
Next port to read input from is inputB
Called postfire()
Called prefire()
Called fire()
Checking for deadlock:
There are 2 Blocked actors, 0 Stopped actors, and 4 active threads.
Waiting for actors to stop.
Called postfire()
Called prefire()
Called fire()
Checking for deadlock:
There are 3 Blocked actors, 0 Stopped actors, and 4 active threads.
Waiting for actors to stop.
Read input token from inputB with value 7.5
Checking for deadlock:
There are 2 Blocked actors, 0 Stopped actors, and 4 active threads.
Waiting for actors to stop.
Called prefire()
Called fire()
Past the end of training data. Read and discard all inputs.
Checking for deadlock:
There are 3 Blocked actors, 0 Stopped actors, and 4 active threads.
Waiting for actors to stop.
Sent output token with value 6.0
Next port to read input from is inputA
Called postfire()
Called prefire()
Called fire()
Called postfire()
Called prefire()
Called fire()
Checking for deadlock:
There are 3 Blocked actors, 0 Stopped actors, and 4 active threads.
Waiting for actors to stop.
Read input token from inputA with value 7.0
Called prefire()
Called fire()
Past the end of training data. Read and discard all inputs.
Checking for deadlock:
There are 3 Blocked actors, 0 Stopped actors, and 4 active threads.
Waiting for actors to stop.
Sent output token with value 7.0
Next port to read input from is inputA
Called postfire()
Called prefire()
Called fire()
-- Thread wrapup() called.
Called wrapup()
Thread .top.Ramp is exiting.
-- Thread stopped.
Checking for deadlock:
There are 2 Blocked actors, 0 Stopped actors, and 3 active threads.
Waiting for actors to stop.
Read input token from inputA with value 8.0
Called prefire()
Called fire()
Past the end of training data. Read and discard all inputs.
Checking for deadlock:
There are 2 Blocked actors, 0 Stopped actors, and 3 active threads.
Waiting for actors to stop.
Sent output token with value 7.5
Next port to read input from is inputB
Called postfire()
Called prefire()
Called fire()
Checking for deadlock:
There are 1 Blocked actors, 0 Stopped actors, and 3 active threads.
Waiting for actors to stop.
Called postfire()
Called prefire()
Called fire()
Checking for deadlock:
There are 2 Blocked actors, 0 Stopped actors, and 3 active threads.
Waiting for actors to stop.
Read input token from inputB with value 9.0
Checking for deadlock:
There are 1 Blocked actors, 0 Stopped actors, and 3 active threads.
Waiting for actors to stop.
Called prefire()
Called fire()
Past the end of training data. Read and discard all inputs.
Checking for deadlock:
There are 2 Blocked actors, 0 Stopped actors, and 3 active threads.
Waiting for actors to stop.
Sent output token with value 8.0
Next port to read input from is inputA
Called postfire()
Called prefire()
Called fire()
Read input token from inputA with value 9.0
Checking for deadlock:
There are 1 Blocked actors, 0 Stopped actors, and 3 active threads.
Waiting for actors to stop.
Called prefire()
Called fire()
Past the end of training data. Read and discard all inputs.
Checking for deadlock:
There are 2 Blocked actors, 0 Stopped actors, and 3 active threads.
Waiting for actors to stop.
Sent output token with value 9.0
Next port to read input from is inputB
Called postfire()
Called prefire()
Called fire()
Checking for deadlock:
There are 1 Blocked actors, 0 Stopped actors, and 3 active threads.
Waiting for actors to stop.
Called postfire()
Called prefire()
Called fire()
Checking for deadlock:
There are 2 Blocked actors, 0 Stopped actors, and 3 active threads.
Waiting for actors to stop.
Read input token from inputB with value 10.5
Checking for deadlock:
There are 1 Blocked actors, 0 Stopped actors, and 3 active threads.
Waiting for actors to stop.
Called prefire()
Called fire()
Past the end of training data. Read and discard all inputs.
Checking for deadlock:
There are 2 Blocked actors, 0 Stopped actors, and 3 active threads.
Waiting for actors to stop.
Sent output token with value 9.0
Next port to read input from is inputA
Called postfire()
Called prefire()
Called fire()
Checking for deadlock:
There are 3 Blocked actors, 0 Stopped actors, and 3 active threads.
Actors have stopped.
Checking for deadlock:
There are 3 Blocked actors, 0 Stopped actors, and 3 active threads.
Deadlock detected.
Resolving Deadlock
Checking for deadlock:
There are 3 Blocked actors, 0 Stopped actors, and 3 active threads.
Artificial Deadlock - increasing queue capacity.
increasing the capacity of receiver ptolemy.actor.TypedIOPort {.top.OrderedMerge.inputB} to 2
Director: Called postfire().
Called postfire().
_stopRequested = false
_stopFireRequested = false
Returning from postfire(): true
Called fire().
Checking for deadlock:
There are 2 Blocked actors, 0 Stopped actors, and 3 active threads.
Waiting for actors to stop.
-- Thread wrapup() called.
Called wrapup()
Thread .top.Ramp2 is exiting.
-- Thread stopped.
Checking for deadlock:
There are 2 Blocked actors, 0 Stopped actors, and 2 active threads.
Actors have stopped.
Checking for deadlock:
There are 2 Blocked actors, 0 Stopped actors, and 2 active threads.
Deadlock detected.
Resolving Deadlock
Checking for deadlock:
There are 2 Blocked actors, 0 Stopped actors, and 2 active threads.
Deadlock detected: no processes blocked on write, but some are blocked on read.
Called postfire().
_stopRequested = false
_stopFireRequested = false
Returning from postfire(): false
Finished deactivating branches.
Called wrapup().
-- Thread wrapup() called.
Called wrapup()
Thread .top.Test is exiting.
-- Thread stopped.
-- Blocked Receiver call threw TerminateProcessException.
-- Thread wrapup() called.
Called wrapup()
Thread .top.OrderedMerge is exiting.
33 ms. Memory: 146944K Free: 117167K (80%)
.top. Preinitializing ...
Invoking preinitialize():  .top.OrderedMerge
Called preinitialize()
Invoking preinitialize():  .top.Ramp
Called preinitialize()
Invoking preinitialize():  .top.Ramp2
Called preinitialize()
Invoking preinitialize():  .top.Test
Called preinitialize()
.top. Finished preinitialize().
Called initialize().
Invoking initialize():  .top.OrderedMerge
Initializing actor: .top.OrderedMerge
Adding a thread: .top.OrderedMerge
Invoking initialize():  .top.Ramp
Initializing actor: .top.Ramp
Adding a thread: .top.Ramp
Invoking initialize():  .top.Ramp2
Initializing actor: .top.Ramp2
Adding a thread: .top.Ramp2
Invoking initialize():  .top.Test
Initializing actor: .top.Test
Adding a thread: .top.Test
-- Thread stopped.
-- Blocked Receiver call threw TerminateProcessException.
-- Starting thread.
Called initialize()
Called prefire()
Called fire()
-- Starting thread.
Called initialize()
Called prefire()
Called fire()
Called postfire()
Called prefire()
Called fire()
-- Starting thread.
Called initialize()
Called prefire()
Called fire()
Called postfire()
Called prefire()
Called fire()
Called fire().
Checking for deadlock:
There are 3 Blocked actors, 0 Stopped actors, and 4 active threads.
Waiting for actors to stop.
-- Starting thread.
Called initialize()
Called prefire()
Called fire()
Checking for deadlock:
There are 2 Blocked actors, 0 Stopped actors, and 4 active threads.
Waiting for actors to stop.
Called postfire()
Called prefire()
Called fire()
Checking for deadlock:
There are 3 Blocked actors, 0 Stopped actors, and 4 active threads.
Waiting for actors to stop.
Read input token from inputA with value 0.0
Next port to read input from is inputB
Called postfire()
Called prefire()
Called fire()
Checking for deadlock:
There are 2 Blocked actors, 0 Stopped actors, and 4 active threads.
Waiting for actors to stop.
Called postfire()
Called prefire()
Called fire()
Checking for deadlock:
There are 3 Blocked actors, 0 Stopped actors, and 4 active threads.
Waiting for actors to stop.
Read input token from inputB with value 0.0
Checking for deadlock:
There are 2 Blocked actors, 0 Stopped actors, and 4 active threads.
Waiting for actors to stop.
-- Read input: 0.0, which is expected to match: 0.0
Called prefire()
Called fire()
Checking for deadlock:
There are 3 Blocked actors, 0 Stopped actors, and 4 active threads.
Waiting for actors to stop.
Sent output token with value 0.0
Next port to read input from is inputA
Called postfire()
Called prefire()
Called fire()
Checking for deadlock:
There are 2 Blocked actors, 0 Stopped actors, and 4 active threads.
Waiting for actors to stop.
Called postfire()
Called prefire()
Called fire()
Checking for deadlock:
There are 3 Blocked actors, 0 Stopped actors, and 4 active threads.
Waiting for actors to stop.
Read input token from inputA with value 1.0
Checking for deadlock:
There are 2 Blocked actors, 0 Stopped actors, and 4 active threads.
Waiting for actors to stop.
-- Read input: 0.0, which is expected to match: 0.0
Called prefire()
Called fire()
Checking for deadlock:
There are 3 Blocked actors, 0 Stopped actors, and 4 active threads.
Waiting for actors to stop.
Sent output token with value 0.0
Next port to read input from is inputB
Called postfire()
Called prefire()
Called fire()
Checking for deadlock:
There are 2 Blocked actors, 0 Stopped actors, and 4 active threads.
Waiting for actors to stop.
Called postfire()
Called prefire()
Called fire()
Checking for deadlock:
There are 3 Blocked actors, 0 Stopped actors, and 4 active threads.
Waiting for actors to stop.
Read input token from inputB with value 1.5
Checking for deadlock:
There are 2 Blocked actors, 0 Stopped actors, and 4 active threads.
Waiting for actors to stop.
-- Read input: 1.0, which is expected to match: 1.0
Called prefire()
Called fire()
Checking for deadlock:
There are 3 Blocked actors, 0 Stopped actors, and 4 active threads.
Waiting for actors to stop.
Sent output token with value 1.0
Next port to read input from is inputA
Called postfire()
Called prefire()
Called fire()
Called postfire()
Called prefire()
Called fire()
Checking for deadlock:
There are 3 Blocked actors, 0 Stopped actors, and 4 active threads.
Waiting for actors to stop.
Read input token from inputA with value 2.0
-- Read input: 1.5, which is expected to match: 1.5
Called prefire()
Called fire()
Checking for deadlock:
There are 3 Blocked actors, 0 Stopped actors, and 4 active threads.
Waiting for actors to stop.
Sent output token with value 1.5
Next port to read input from is inputB
Called postfire()
Called prefire()
Called fire()
Checking for deadlock:
There are 2 Blocked actors, 0 Stopped actors, and 4 active threads.
Waiting for actors to stop.
Called postfire()
Called prefire()
Called fire()
Checking for deadlock:
There are 3 Blocked actors, 0 Stopped actors, and 4 active threads.
Waiting for actors to stop.
Read input token from inputB with value 3.0
Checking for deadlock:
There are 2 Blocked actors, 0 Stopped actors, and 4 active threads.
Waiting for actors to stop.
-- Read input: 2.0, which is expected to match: 2.0
Called prefire()
Called fire()
Checking for deadlock:
There are 3 Blocked actors, 0 Stopped actors, and 4 active threads.
Waiting for actors to stop.
Sent output token with value 2.0
Next port to read input from is inputA
Called postfire()
Called prefire()
Called fire()
Called postfire()
Called prefire()
Called fire()
Checking for deadlock:
There are 3 Blocked actors, 0 Stopped actors, and 4 active threads.
Waiting for actors to stop.
Read input token from inputA with value 3.0
-- Read input: 3.0, which is expected to match: 3.0
Called prefire()
Called fire()
Checking for deadlock:
There are 3 Blocked actors, 0 Stopped actors, and 4 active threads.
Waiting for actors to stop.
Sent output token with value 3.0
Next port to read input from is inputB
Called postfire()
Called prefire()
Called fire()
Checking for deadlock:
There are 2 Blocked actors, 0 Stopped actors, and 4 active threads.
Waiting for actors to stop.
Called postfire()
Called prefire()
Called fire()
Checking for deadlock:
There are 3 Blocked actors, 0 Stopped actors, and 4 active threads.
Waiting for actors to stop.
Read input token from inputB with value 4.5
Checking for deadlock:
There are 2 Blocked actors, 0 Stopped actors, and 4 active threads.
Waiting for actors to stop.
-- Read input: 3.0, which is expected to match: 3.0
Called prefire()
Called fire()
Checking for deadlock:
There are 3 Blocked actors, 0 Stopped actors, and 4 active threads.
Waiting for actors to stop.
Sent output token with value 3.0
Next port to read input from is inputA
Called postfire()
Called prefire()
Called fire()
Called postfire()
Called prefire()
Called fire()
Checking for deadlock:
There are 3 Blocked actors, 0 Stopped actors, and 4 active threads.
Waiting for actors to stop.
Read input token from inputA with value 4.0
-- Read input: 4.0, which is expected to match: 4.0
Called prefire()
Called fire()
Past the end of training data. Read and discard all inputs.
Checking for deadlock:
There are 3 Blocked actors, 0 Stopped actors, and 4 active threads.
Waiting for actors to stop.
Sent output token with value 4.0
Next port to read input from is inputA
Called postfire()
Called prefire()
Called fire()
Called postfire()
Called prefire()
Called fire()
Checking for deadlock:
There are 3 Blocked actors, 0 Stopped actors, and 4 active threads.
Waiting for actors to stop.
Read input token from inputA with value 5.0
Called prefire()
Called fire()
Past the end of training data. Read and discard all inputs.
Checking for deadlock:
There are 3 Blocked actors, 0 Stopped actors, and 4 active threads.
Waiting for actors to stop.
Sent output token with value 4.5
Next port to read input from is inputB
Called postfire()
Called prefire()
Called fire()
Checking for deadlock:
There are 2 Blocked actors, 0 Stopped actors, and 4 active threads.
Waiting for actors to stop.
Called postfire()
Called prefire()
Called fire()
Checking for deadlock:
There are 3 Blocked actors, 0 Stopped actors, and 4 active threads.
Waiting for actors to stop.
Read input token from inputB with value 6.0
Checking for deadlock:
There are 2 Blocked actors, 0 Stopped actors, and 4 active threads.
Waiting for actors to stop.
Called prefire()
Called fire()
Past the end of training data. Read and discard all inputs.
Checking for deadlock:
There are 3 Blocked actors, 0 Stopped actors, and 4 active threads.
Waiting for actors to stop.
Sent output token with value 5.0
Next port to read input from is inputA
Called postfire()
Called prefire()
Called fire()
Called postfire()
Called prefire()
Called fire()
Checking for deadlock:
There are 3 Blocked actors, 0 Stopped actors, and 4 active threads.
Waiting for actors to stop.
Read input token from inputA with value 6.0
Called prefire()
Called fire()
Past the end of training data. Read and discard all inputs.
Checking for deadlock:
There are 3 Blocked actors, 0 Stopped actors, and 4 active threads.
Waiting for actors to stop.
Sent output token with value 6.0
Next port to read input from is inputB
Called postfire()
Called prefire()
Called fire()
Checking for deadlock:
There are 2 Blocked actors, 0 Stopped actors, and 4 active threads.
Waiting for actors to stop.
Called postfire()
Called prefire()
Called fire()
Checking for deadlock:
There are 3 Blocked actors, 0 Stopped actors, and 4 active threads.
Waiting for actors to stop.
Read input token from inputB with value 7.5
Checking for deadlock:
There are 2 Blocked actors, 0 Stopped actors, and 4 active threads.
Waiting for actors to stop.
Called prefire()
Called fire()
Past the end of training data. Read and discard all inputs.
Checking for deadlock:
There are 3 Blocked actors, 0 Stopped actors, and 4 active threads.
Waiting for actors to stop.
Sent output token with value 6.0
Next port to read input from is inputA
Called postfire()
Called prefire()
Called fire()
Called postfire()
Called prefire()
Called fire()
Checking for deadlock:
There are 3 Blocked actors, 0 Stopped actors, and 4 active threads.
Waiting for actors to stop.
Read input token from inputA with value 7.0
Called prefire()
Called fire()
Past the end of training data. Read and discard all inputs.
Checking for deadlock:
There are 3 Blocked actors, 0 Stopped actors, and 4 active threads.
Waiting for actors to stop.
Sent output token with value 7.0
Next port to read input from is inputA
Called postfire()
Called prefire()
Called fire()
-- Thread wrapup() called.
Called wrapup()
Thread .top.Ramp is exiting.
-- Thread stopped.
Checking for deadlock:
There are 2 Blocked actors, 0 Stopped actors, and 3 active threads.
Waiting for actors to stop.
Read input token from inputA with value 8.0
Called prefire()
Called fire()
Past the end of training data. Read and discard all inputs.
Checking for deadlock:
There are 2 Blocked actors, 0 Stopped actors, and 3 active threads.
Waiting for actors to stop.
Sent output token with value 7.5
Next port to read input from is inputB
Called postfire()
Called prefire()
Called fire()
Checking for deadlock:
There are 1 Blocked actors, 0 Stopped actors, and 3 active threads.
Waiting for actors to stop.
Called postfire()
Called prefire()
Called fire()
Checking for deadlock:
There are 2 Blocked actors, 0 Stopped actors, and 3 active threads.
Waiting for actors to stop.
Read input token from inputB with value 9.0
Checking for deadlock:
There are 1 Blocked actors, 0 Stopped actors, and 3 active threads.
Waiting for actors to stop.
Called prefire()
Called fire()
Past the end of training data. Read and discard all inputs.
Checking for deadlock:
There are 2 Blocked actors, 0 Stopped actors, and 3 active threads.
Waiting for actors to stop.
Sent output token with value 8.0
Next port to read input from is inputA
Called postfire()
Called prefire()
Called fire()
Read input token from inputA with value 9.0
Checking for deadlock:
There are 1 Blocked actors, 0 Stopped actors, and 3 active threads.
Waiting for actors to stop.
Called prefire()
Called fire()
Past the end of training data. Read and discard all inputs.
Checking for deadlock:
There are 2 Blocked actors, 0 Stopped actors, and 3 active threads.
Waiting for actors to stop.
Sent output token with value 9.0
Next port to read input from is inputB
Called postfire()
Called prefire()
Called fire()
Checking for deadlock:
There are 1 Blocked actors, 0 Stopped actors, and 3 active threads.
Waiting for actors to stop.
Called postfire()
Called prefire()
Called fire()
Checking for deadlock:
There are 2 Blocked actors, 0 Stopped actors, and 3 active threads.
Waiting for actors to stop.
Read input token from inputB with value 10.5
Checking for deadlock:
There are 1 Blocked actors, 0 Stopped actors, and 3 active threads.
Waiting for actors to stop.
Called prefire()
Called fire()
Past the end of training data. Read and discard all inputs.
Checking for deadlock:
There are 2 Blocked actors, 0 Stopped actors, and 3 active threads.
Waiting for actors to stop.
Sent output token with value 9.0
Next port to read input from is inputA
Called postfire()
Called prefire()
Called fire()
Checking for deadlock:
There are 3 Blocked actors, 0 Stopped actors, and 3 active threads.
Actors have stopped.
Checking for deadlock:
There are 3 Blocked actors, 0 Stopped actors, and 3 active threads.
Deadlock detected.
Resolving Deadlock
Checking for deadlock:
There are 3 Blocked actors, 0 Stopped actors, and 3 active threads.
Artificial Deadlock - increasing queue capacity.
increasing the capacity of receiver ptolemy.actor.TypedIOPort {.top.OrderedMerge.inputB} to 2
Director: Called postfire().
Called postfire().
_stopRequested = false
_stopFireRequested = false
Returning from postfire(): true
Called fire().
Checking for deadlock:
There are 2 Blocked actors, 0 Stopped actors, and 3 active threads.
Waiting for actors to stop.
-- Thread wrapup() called.
Called wrapup()
Thread .top.Ramp2 is exiting.
-- Thread stopped.
Checking for deadlock:
There are 2 Blocked actors, 0 Stopped actors, and 2 active threads.
Actors have stopped.
Checking for deadlock:
There are 2 Blocked actors, 0 Stopped actors, and 2 active threads.
Deadlock detected.
Resolving Deadlock
Checking for deadlock:
There are 2 Blocked actors, 0 Stopped actors, and 2 active threads.
Deadlock detected: no processes blocked on write, but some are blocked on read.
Called postfire().
_stopRequested = false
_stopFireRequested = false
Returning from postfire(): false
Finished deactivating branches.
Called wrapup().
-- Thread wrapup() called.
Called wrapup()
Thread .top.Test is exiting.
-- Thread stopped.
-- Blocked Receiver call threw TerminateProcessException.
-- Thread wrapup() called.
Called wrapup()
Thread .top.OrderedMerge is exiting.
12 ms. Memory: 146944K Free: 113506K (77%)
/home/travis/build/icyphy/ptII/ptolemy/actor/lib/test/Publisher.tcl
-- Thread stopped.
-- Blocked Receiver call threw TerminateProcessException.
6 ms. Memory: 146944K Free: 107486K (73%)
4 ms. Memory: 146944K Free: 101467K (69%)
7 ms. Memory: 146944K Free: 97856K (67%)
4 ms. Memory: 146944K Free: 96652K (66%)
5 ms. Memory: 146944K Free: 95448K (65%)
9 ms. Memory: 146944K Free: 95448K (65%)
2 ms. Memory: 146944K Free: 94244K (64%)
3 ms. Memory: 146944K Free: 93041K (63%)
1 ms. Memory: 146944K Free: 84614K (58%)
3 ms. Memory: 146944K Free: 80114K (55%)
17 ms. Memory: 208384K Free: 199647K (96%)
1 ms. Memory: 208384K Free: 199647K (96%)
6 ms. Memory: 208384K Free: 190162K (91%)
5 ms. Memory: 208384K Free: 180354K (87%)
6 ms. Memory: 208384K Free: 168512K (81%)
/home/travis/build/icyphy/ptII/ptolemy/actor/lib/test/Pulse.tcl
2 ms. Memory: 208384K Free: 125898K (60%)
1 ms. Memory: 208384K Free: 125898K (60%)
2 ms. Memory: 208384K Free: 123531K (59%)
1 ms. Memory: 208384K Free: 123531K (59%)
1 ms. Memory: 208384K Free: 123531K (59%)
1 ms. Memory: 208384K Free: 123531K (59%)
2 ms. Memory: 208384K Free: 121163K (58%)
1 ms. Memory: 208384K Free: 121163K (58%)
1 ms. Memory: 208384K Free: 121163K (58%)
/home/travis/build/icyphy/ptII/ptolemy/actor/lib/test/Ramp.tcl
3 ms. Memory: 208384K Free: 118792K (57%)
1 ms. Memory: 208384K Free: 116425K (56%)
2 ms. Memory: 208384K Free: 116425K (56%)
1 ms. Memory: 208384K Free: 116425K (56%)
2 ms. Memory: 208384K Free: 114058K (55%)
3 ms. Memory: 208384K Free: 114058K (55%)
4 ms. Memory: 208384K Free: 114058K (55%)
5 actors
5000 microseconds per iteration to create
8 ms. Memory: 208384K Free: 111690K (54%)
3 ms. Memory: 208384K Free: 109323K (52%)
2 ms. Memory: 208384K Free: 109323K (52%)
9 ms. Memory: 208384K Free: 109323K (52%)
50 actors
33000 microseconds per iteration to create
29 ms. Memory: 208384K Free: 92750K (45%)
28 ms. Memory: 208384K Free: 92750K (45%)
5 ms. Memory: 208384K Free: 90383K (43%)
17 ms. Memory: 208384K Free: 90383K (43%)
500 actors
1244000 microseconds per iteration to create
245 ms. Memory: 333312K Free: 282221K (85%)
42 ms. Memory: 333312K Free: 277404K (83%)
40 ms. Memory: 333312K Free: 272587K (82%)
39 ms. Memory: 333312K Free: 267770K (80%)
/home/travis/build/icyphy/ptII/ptolemy/actor/lib/test/RampContinuous.tcl
6 ms. Memory: 333312K Free: 267770K (80%)
/home/travis/build/icyphy/ptII/ptolemy/actor/lib/test/RecordAssembler.tcl
5 ms. Memory: 333312K Free: 262945K (79%)
4 ms. Memory: 333312K Free: 262945K (79%)
/home/travis/build/icyphy/ptII/ptolemy/actor/lib/test/RecordDisassembler.tcl
4 ms. Memory: 333312K Free: 262945K (79%)
9 ms. Memory: 333312K Free: 262945K (79%)
6 ms. Memory: 333312K Free: 258128K (77%)
/home/travis/build/icyphy/ptII/ptolemy/actor/lib/test/Scale.tcl
3 ms. Memory: 333312K Free: 258128K (77%)
2 ms. Memory: 333312K Free: 258128K (77%)
1 ms. Memory: 333312K Free: 258128K (77%)
5 ms. Memory: 333312K Free: 253296K (76%)
4 ms. Memory: 333312K Free: 253296K (76%)
/home/travis/build/icyphy/ptII/ptolemy/actor/lib/test/SequentialClock.tcl
preinitializing
resolving types
initializing
executing number 1
wrapping up
idle
2 ms. Memory: 333312K Free: 253296K (76%)
Completed execution with 5 iterations
preinitializing
resolving types
initializing
executing number 1
wrapping up
idle
2 ms. Memory: 333312K Free: 253296K (76%)
Completed execution with 5 iterations
preinitializing
resolving types
initializing
executing number 1
wrapping up
idle
1 ms. Memory: 333312K Free: 253296K (76%)
Completed execution with 5 iterations
/home/travis/build/icyphy/ptII/ptolemy/actor/lib/test/SetVariable.tcl
5 ms. Memory: 333312K Free: 248463K (75%)
/home/travis/build/icyphy/ptII/ptolemy/actor/lib/test/Sinewave.tcl
/home/travis/build/icyphy/ptII/ptolemy/actor/lib/test/SubscriptionAggregator.tcl
9 ms. Memory: 333312K Free: 238828K (72%)
3 ms. Memory: 333312K Free: 234012K (70%)
1 ms. Memory: 333312K Free: 234012K (70%)
1 ms. Memory: 333312K Free: 234012K (70%)
1 ms. Memory: 333312K Free: 229179K (69%)
3 ms. Memory: 333312K Free: 229179K (69%)
...............................................................885 ms. Memory: 583168K Free: 365989K (63%)
/home/travis/build/icyphy/ptII/ptolemy/actor/lib/test/Test.tcl
 The next command will produce a warning about training mode,
   which may be ignored.
4 ms. Memory: 583168K Free: 356288K (61%)
1 ms. Memory: 583168K Free: 356288K (61%)
2 ms. Memory: 583168K Free: 356288K (61%)
1 ms. Memory: 583168K Free: 356288K (61%)
2 ms. Memory: 583168K Free: 356288K (61%)
2 ms. Memory: 583168K Free: 356288K (61%)
2 ms. Memory: 583168K Free: 356288K (61%)
 The next command will produce a warning about training mode,
   which may be ignored.
3 ms. Memory: 583168K Free: 356288K (61%)
 The next command will produce a warning about training mode,
   which may be ignored.
2 ms. Memory: 583168K Free: 346571K (59%)
0 ms. Memory: 583168K Free: 346571K (59%)
1 ms. Memory: 583168K Free: 346571K (59%)
0 ms. Memory: 583168K Free: 346571K (59%)
1 ms. Memory: 583168K Free: 346571K (59%)
6 ms. Memory: 583168K Free: 346571K (59%)
/home/travis/build/icyphy/ptII/ptolemy/actor/lib/test/TestExceptionHandler.tcl
 The next command will produce a warning about training mode,
   which may be ignored.
1 ms. Memory: 583168K Free: 346571K (59%)
0 ms. Memory: 583168K Free: 346571K (59%)
1 ms. Memory: 583168K Free: 346571K (59%)
/home/travis/build/icyphy/ptII/ptolemy/actor/lib/test/UnionDisassembler.tcl
18 ms. Memory: 583168K Free: 336870K (58%)
/home/travis/build/icyphy/ptII/ptolemy/actor/lib/test/VariableClock.tcl
preinitializing
resolving types
initializing
executing number 1
wrapping up
idle
8 ms. Memory: 583168K Free: 327161K (56%)
Completed execution with 11 iterations
preinitializing
resolving types
initializing
executing number 1
wrapping up
idle
9 ms. Memory: 583168K Free: 327161K (56%)
Completed execution with 10 iterations
09/30/18 02:18:41
Failed: 0  Total Tests: 234  ((Passed: 234, Newly Passed: 0)  Known Failed: 0) /home/travis/build/icyphy/ptII/ptolemy/actor/lib/test
----------------- testing (KnownFailure) /home/travis/build/icyphy/ptII/ptolemy/actor/lib/test/auto/knownFailedTests/PublisherPortToplevelSubscriber.xml
0 ms. Memory: 583168K Free: 317382K (54%)
Known Failure: java.lang.reflect.InvocationTargetException
----------------- testing (KnownFailure) /home/travis/build/icyphy/ptII/ptolemy/actor/lib/test/auto/knownFailedTests/PublisherSubscriberPortToplevel.xml
0 ms. Memory: 583168K Free: 297823K (51%)
Known Failure: java.lang.reflect.InvocationTargetException
----------------- testing (KnownFailure) /home/travis/build/icyphy/ptII/ptolemy/actor/lib/test/auto/knownFailedTests/PublisherSubscriptionAggregatorPort.xml
6 ms. Memory: 583168K Free: 278264K (48%)
Known Failure: java.lang.reflect.InvocationTargetException
----------------- testing (KnownFailure) /home/travis/build/icyphy/ptII/ptolemy/actor/lib/test/auto/knownFailedTests/sizedarray3.xml
3 ms. Memory: 583168K Free: 258706K (44%)
Known Failure: java.lang.reflect.InvocationTargetException
No auto/linux-amd64/*.xml tests in /home/travis/build/icyphy/ptII/ptolemy/actor/lib/test
AutoTests.java: About to close Vertx.
AutoTests.java: Vertx closed.

===========================================================================================
----------------- testing Sun Sep 30 02:18:41 UTC 2018 /home/travis/build/icyphy/ptII/ptolemy/actor/lib/test/auto/AbsoluteValue.xml
----------------- Instantiating /home/travis/build/icyphy/ptII/ptolemy/actor/lib/test/auto/AbsoluteValue.xml
5 ms. Memory: 583168K Free: 180628K (31%)
----------------- Invoking toplevel() on ptolemy.moml.MoMLSimpleApplication@753707a0
----------------- Done invoking toplevel() on ptolemy.moml.MoMLSimpleApplication@753707a0
reloadAllAccessors: .AbsoluteValue

===========================================================================================
----------------- testing Sun Sep 30 02:18:41 UTC 2018 /home/travis/build/icyphy/ptII/ptolemy/actor/lib/test/auto/AbsoluteValue2.xml
----------------- Instantiating /home/travis/build/icyphy/ptII/ptolemy/actor/lib/test/auto/AbsoluteValue2.xml
4 ms. Memory: 583168K Free: 156241K (27%)
----------------- Invoking toplevel() on ptolemy.moml.MoMLSimpleApplication@65a2b364
----------------- Done invoking toplevel() on ptolemy.moml.MoMLSimpleApplication@65a2b364
reloadAllAccessors: .AbsoluteValue2

===========================================================================================
----------------- testing Sun Sep 30 02:18:41 UTC 2018 /home/travis/build/icyphy/ptII/ptolemy/actor/lib/test/auto/Accumulator.xml
----------------- Instantiating /home/travis/build/icyphy/ptII/ptolemy/actor/lib/test/auto/Accumulator.xml
5 ms. Memory: 583168K Free: 146462K (25%)
----------------- Invoking toplevel() on ptolemy.moml.MoMLSimpleApplication@3a990c9
----------------- Done invoking toplevel() on ptolemy.moml.MoMLSimpleApplication@3a990c9
reloadAllAccessors: .Accumulator

===========================================================================================
----------------- testing Sun Sep 30 02:18:41 UTC 2018 /home/travis/build/icyphy/ptII/ptolemy/actor/lib/test/auto/Accumulator2.xml
----------------- Instantiating /home/travis/build/icyphy/ptII/ptolemy/actor/lib/test/auto/Accumulator2.xml
3 ms. Memory: 583168K Free: 136683K (23%)
----------------- Invoking toplevel() on ptolemy.moml.MoMLSimpleApplication@3fbc9ef2
----------------- Done invoking toplevel() on ptolemy.moml.MoMLSimpleApplication@3fbc9ef2
reloadAllAccessors: .Accumulator2

===========================================================================================
----------------- testing Sun Sep 30 02:18:41 UTC 2018 /home/travis/build/icyphy/ptII/ptolemy/actor/lib/test/auto/Accumulator3.xml
----------------- Instantiating /home/travis/build/icyphy/ptII/ptolemy/actor/lib/test/auto/Accumulator3.xml
3 ms. Memory: 583168K Free: 126904K (22%)
----------------- Invoking toplevel() on ptolemy.moml.MoMLSimpleApplication@312ea42b
----------------- Done invoking toplevel() on ptolemy.moml.MoMLSimpleApplication@312ea42b
reloadAllAccessors: .Accumulator3

===========================================================================================
----------------- testing Sun Sep 30 02:18:41 UTC 2018 /home/travis/build/icyphy/ptII/ptolemy/actor/lib/test/auto/ArrayAppend.xml
----------------- Instantiating /home/travis/build/icyphy/ptII/ptolemy/actor/lib/test/auto/ArrayAppend.xml
10 ms. Memory: 583168K Free: 107424K (18%)
----------------- Invoking toplevel() on ptolemy.moml.MoMLSimpleApplication@30ffbb60
----------------- Done invoking toplevel() on ptolemy.moml.MoMLSimpleApplication@30ffbb60
reloadAllAccessors: .ArrayAppend

===========================================================================================
----------------- testing Sun Sep 30 02:18:41 UTC 2018 /home/travis/build/icyphy/ptII/ptolemy/actor/lib/test/auto/ArrayAppend2.xml
----------------- Instantiating /home/travis/build/icyphy/ptII/ptolemy/actor/lib/test/auto/ArrayAppend2.xml
392 ms. Memory: 583680K Free: 485112K (83%)
----------------- Invoking toplevel() on ptolemy.moml.MoMLSimpleApplication@7015a2f3
----------------- Done invoking toplevel() on ptolemy.moml.MoMLSimpleApplication@7015a2f3
reloadAllAccessors: .ArrayAppend2

===========================================================================================
----------------- testing Sun Sep 30 02:18:42 UTC 2018 /home/travis/build/icyphy/ptII/ptolemy/actor/lib/test/auto/ArrayAppend3.xml
----------------- Instantiating /home/travis/build/icyphy/ptII/ptolemy/actor/lib/test/auto/ArrayAppend3.xml
8 ms. Memory: 583680K Free: 467768K (80%)
----------------- Invoking toplevel() on ptolemy.moml.MoMLSimpleApplication@3a6ef74c
----------------- Done invoking toplevel() on ptolemy.moml.MoMLSimpleApplication@3a6ef74c
reloadAllAccessors: .ArrayAppend3

===========================================================================================
----------------- testing Sun Sep 30 02:18:42 UTC 2018 /home/travis/build/icyphy/ptII/ptolemy/actor/lib/test/auto/ArrayAppend4.xml
----------------- Instantiating /home/travis/build/icyphy/ptII/ptolemy/actor/lib/test/auto/ArrayAppend4.xml
2 ms. Memory: 583680K Free: 461248K (79%)
----------------- Invoking toplevel() on ptolemy.moml.MoMLSimpleApplication@c6fa65b
----------------- Done invoking toplevel() on ptolemy.moml.MoMLSimpleApplication@c6fa65b
reloadAllAccessors: .ArrayAppend4

===========================================================================================
----------------- testing Sun Sep 30 02:18:42 UTC 2018 /home/travis/build/icyphy/ptII/ptolemy/actor/lib/test/auto/ArrayAppend5.xml
----------------- Instantiating /home/travis/build/icyphy/ptII/ptolemy/actor/lib/test/auto/ArrayAppend5.xml
4 ms. Memory: 583680K Free: 454729K (78%)
----------------- Invoking toplevel() on ptolemy.moml.MoMLSimpleApplication@1ef27b9d
----------------- Done invoking toplevel() on ptolemy.moml.MoMLSimpleApplication@1ef27b9d
reloadAllAccessors: .ArrayAppend5

===========================================================================================
----------------- testing Sun Sep 30 02:18:42 UTC 2018 /home/travis/build/icyphy/ptII/ptolemy/actor/lib/test/auto/ArrayAppend6.xml
----------------- Instantiating /home/travis/build/icyphy/ptII/ptolemy/actor/lib/test/auto/ArrayAppend6.xml
4 ms. Memory: 583680K Free: 440070K (75%)
----------------- Invoking toplevel() on ptolemy.moml.MoMLSimpleApplication@242222d4
----------------- Done invoking toplevel() on ptolemy.moml.MoMLSimpleApplication@242222d4
reloadAllAccessors: .ArrayAppend6

===========================================================================================
----------------- testing Sun Sep 30 02:18:42 UTC 2018 /home/travis/build/icyphy/ptII/ptolemy/actor/lib/test/auto/ArrayAppendPerformanceTest.xml
----------------- Instantiating /home/travis/build/icyphy/ptII/ptolemy/actor/lib/test/auto/ArrayAppendPerformanceTest.xml
24 ms. Memory: 583680K Free: 426999K (73%)
----------------- Invoking toplevel() on ptolemy.moml.MoMLSimpleApplication@7c41010
----------------- Done invoking toplevel() on ptolemy.moml.MoMLSimpleApplication@7c41010
reloadAllAccessors: .ArrayAppendPerformanceTest

===========================================================================================
----------------- testing Sun Sep 30 02:18:42 UTC 2018 /home/travis/build/icyphy/ptII/ptolemy/actor/lib/test/auto/ArrayAppendWithEmptyInput.xml
----------------- Instantiating /home/travis/build/icyphy/ptII/ptolemy/actor/lib/test/auto/ArrayAppendWithEmptyInput.xml
21 ms. Memory: 583680K Free: 417204K (71%)
----------------- Invoking toplevel() on ptolemy.moml.MoMLSimpleApplication@5e445e68
----------------- Done invoking toplevel() on ptolemy.moml.MoMLSimpleApplication@5e445e68
reloadAllAccessors: .ArrayAppendWithEmptyInput

===========================================================================================
----------------- testing Sun Sep 30 02:18:42 UTC 2018 /home/travis/build/icyphy/ptII/ptolemy/actor/lib/test/auto/ArrayAverage.xml
----------------- Instantiating /home/travis/build/icyphy/ptII/ptolemy/actor/lib/test/auto/ArrayAverage.xml
11 ms. Memory: 583680K Free: 407409K (70%)
----------------- Invoking toplevel() on ptolemy.moml.MoMLSimpleApplication@3b03d40d
----------------- Done invoking toplevel() on ptolemy.moml.MoMLSimpleApplication@3b03d40d
reloadAllAccessors: .ArrayAverage

===========================================================================================
----------------- testing Sun Sep 30 02:18:42 UTC 2018 /home/travis/build/icyphy/ptII/ptolemy/actor/lib/test/auto/ArrayContains.xml
----------------- Instantiating /home/travis/build/icyphy/ptII/ptolemy/actor/lib/test/auto/ArrayContains.xml
8 ms. Memory: 583680K Free: 389474K (67%)
----------------- Invoking toplevel() on ptolemy.moml.MoMLSimpleApplication@81f4acc
----------------- Done invoking toplevel() on ptolemy.moml.MoMLSimpleApplication@81f4acc
reloadAllAccessors: .ArrayContains

===========================================================================================
----------------- testing Sun Sep 30 02:18:42 UTC 2018 /home/travis/build/icyphy/ptII/ptolemy/actor/lib/test/auto/ArrayElement.xml
----------------- Instantiating /home/travis/build/icyphy/ptII/ptolemy/actor/lib/test/auto/ArrayElement.xml
4 ms. Memory: 583680K Free: 382955K (66%)
----------------- Invoking toplevel() on ptolemy.moml.MoMLSimpleApplication@7cd29c4
----------------- Done invoking toplevel() on ptolemy.moml.MoMLSimpleApplication@7cd29c4
reloadAllAccessors: .ArrayElement

===========================================================================================
----------------- testing Sun Sep 30 02:18:42 UTC 2018 /home/travis/build/icyphy/ptII/ptolemy/actor/lib/test/auto/ArrayElementAsMatrix.xml
----------------- Instantiating /home/travis/build/icyphy/ptII/ptolemy/actor/lib/test/auto/ArrayElementAsMatrix.xml
19 ms. Memory: 583680K Free: 373175K (64%)
----------------- Invoking toplevel() on ptolemy.moml.MoMLSimpleApplication@2aba4b1f
----------------- Done invoking toplevel() on ptolemy.moml.MoMLSimpleApplication@2aba4b1f
reloadAllAccessors: .ArrayElementAsMatrix

===========================================================================================
----------------- testing Sun Sep 30 02:18:42 UTC 2018 /home/travis/build/icyphy/ptII/ptolemy/actor/lib/test/auto/ArrayElementI.xml
----------------- Instantiating /home/travis/build/icyphy/ptII/ptolemy/actor/lib/test/auto/ArrayElementI.xml
4 ms. Memory: 583680K Free: 366656K (63%)
----------------- Invoking toplevel() on ptolemy.moml.MoMLSimpleApplication@77d5d613
----------------- Done invoking toplevel() on ptolemy.moml.MoMLSimpleApplication@77d5d613
reloadAllAccessors: .ArrayElementI

===========================================================================================
----------------- testing Sun Sep 30 02:18:42 UTC 2018 /home/travis/build/icyphy/ptII/ptolemy/actor/lib/test/auto/ArrayExtract.xml
----------------- Instantiating /home/travis/build/icyphy/ptII/ptolemy/actor/lib/test/auto/ArrayExtract.xml
4 ms. Memory: 583680K Free: 348721K (60%)
----------------- Invoking toplevel() on ptolemy.moml.MoMLSimpleApplication@5f3d886f
----------------- Done invoking toplevel() on ptolemy.moml.MoMLSimpleApplication@5f3d886f
reloadAllAccessors: .ArrayExtract

===========================================================================================
----------------- testing Sun Sep 30 02:18:42 UTC 2018 /home/travis/build/icyphy/ptII/ptolemy/actor/lib/test/auto/ArrayExtract2.xml
----------------- Instantiating /home/travis/build/icyphy/ptII/ptolemy/actor/lib/test/auto/ArrayExtract2.xml
2 ms. Memory: 583680K Free: 342202K (59%)
----------------- Invoking toplevel() on ptolemy.moml.MoMLSimpleApplication@51abf25c
----------------- Done invoking toplevel() on ptolemy.moml.MoMLSimpleApplication@51abf25c
reloadAllAccessors: .ArrayExtract2

===========================================================================================
----------------- testing Sun Sep 30 02:18:42 UTC 2018 /home/travis/build/icyphy/ptII/ptolemy/actor/lib/test/auto/ArrayLength.xml
----------------- Instantiating /home/travis/build/icyphy/ptII/ptolemy/actor/lib/test/auto/ArrayLength.xml
2 ms. Memory: 583680K Free: 335682K (58%)
----------------- Invoking toplevel() on ptolemy.moml.MoMLSimpleApplication@3b8ce842
----------------- Done invoking toplevel() on ptolemy.moml.MoMLSimpleApplication@3b8ce842
reloadAllAccessors: .ArrayLength

===========================================================================================
----------------- testing Sun Sep 30 02:18:42 UTC 2018 /home/travis/build/icyphy/ptII/ptolemy/actor/lib/test/auto/ArrayLevelCrossing.xml
----------------- Instantiating /home/travis/build/icyphy/ptII/ptolemy/actor/lib/test/auto/ArrayLevelCrossing.xml
5 ms. Memory: 583680K Free: 317748K (54%)
----------------- Invoking toplevel() on ptolemy.moml.MoMLSimpleApplication@37534a46
----------------- Done invoking toplevel() on ptolemy.moml.MoMLSimpleApplication@37534a46
reloadAllAccessors: .ArrayLevelCrossing

===========================================================================================
----------------- testing Sun Sep 30 02:18:42 UTC 2018 /home/travis/build/icyphy/ptII/ptolemy/actor/lib/test/auto/ArrayLevelCrossing2.xml
----------------- Instantiating /home/travis/build/icyphy/ptII/ptolemy/actor/lib/test/auto/ArrayLevelCrossing2.xml
3 ms. Memory: 583680K Free: 307968K (53%)
----------------- Invoking toplevel() on ptolemy.moml.MoMLSimpleApplication@7c53958a
----------------- Done invoking toplevel() on ptolemy.moml.MoMLSimpleApplication@7c53958a
reloadAllAccessors: .ArrayLevelCrossing2

===========================================================================================
----------------- testing Sun Sep 30 02:18:42 UTC 2018 /home/travis/build/icyphy/ptII/ptolemy/actor/lib/test/auto/ArrayPeakSearch.xml
----------------- Instantiating /home/travis/build/icyphy/ptII/ptolemy/actor/lib/test/auto/ArrayPeakSearch.xml
4 ms. Memory: 583680K Free: 294921K (51%)
----------------- Invoking toplevel() on ptolemy.moml.MoMLSimpleApplication@705e725a
----------------- Done invoking toplevel() on ptolemy.moml.MoMLSimpleApplication@705e725a
reloadAllAccessors: .ArrayPeakSearch

===========================================================================================
----------------- testing Sun Sep 30 02:18:42 UTC 2018 /home/travis/build/icyphy/ptII/ptolemy/actor/lib/test/auto/ArrayPeakSearch2.xml
----------------- Instantiating /home/travis/build/icyphy/ptII/ptolemy/actor/lib/test/auto/ArrayPeakSearch2.xml
4 ms. Memory: 583680K Free: 281866K (48%)
----------------- Invoking toplevel() on ptolemy.moml.MoMLSimpleApplication@4c3013d4
----------------- Done invoking toplevel() on ptolemy.moml.MoMLSimpleApplication@4c3013d4
reloadAllAccessors: .ArrayPeakSearch2

===========================================================================================
----------------- testing Sun Sep 30 02:18:43 UTC 2018 /home/travis/build/icyphy/ptII/ptolemy/actor/lib/test/auto/ArrayPeakSearch3.xml
----------------- Instantiating /home/travis/build/icyphy/ptII/ptolemy/actor/lib/test/auto/ArrayPeakSearch3.xml
6 ms. Memory: 583680K Free: 260672K (45%)
----------------- Invoking toplevel() on ptolemy.moml.MoMLSimpleApplication@61465ef3
----------------- Done invoking toplevel() on ptolemy.moml.MoMLSimpleApplication@61465ef3
reloadAllAccessors: .ArrayPeakSearch3

===========================================================================================
----------------- testing Sun Sep 30 02:18:43 UTC 2018 /home/travis/build/icyphy/ptII/ptolemy/actor/lib/test/auto/ArrayRemoveElement.xml
----------------- Instantiating /home/travis/build/icyphy/ptII/ptolemy/actor/lib/test/auto/ArrayRemoveElement.xml
7 ms. Memory: 583680K Free: 250877K (43%)
----------------- Invoking toplevel() on ptolemy.moml.MoMLSimpleApplication@91669d6
----------------- Done invoking toplevel() on ptolemy.moml.MoMLSimpleApplication@91669d6
reloadAllAccessors: .ArrayRemoveElement

===========================================================================================
----------------- testing Sun Sep 30 02:18:43 UTC 2018 /home/travis/build/icyphy/ptII/ptolemy/actor/lib/test/auto/ArraySort.xml
----------------- Instantiating /home/travis/build/icyphy/ptII/ptolemy/actor/lib/test/auto/ArraySort.xml
4 ms. Memory: 583680K Free: 237822K (41%)
----------------- Invoking toplevel() on ptolemy.moml.MoMLSimpleApplication@354b2263
----------------- Done invoking toplevel() on ptolemy.moml.MoMLSimpleApplication@354b2263
reloadAllAccessors: .ArraySort

===========================================================================================
----------------- testing Sun Sep 30 02:18:43 UTC 2018 /home/travis/build/icyphy/ptII/ptolemy/actor/lib/test/auto/ArraySum.xml
----------------- Instantiating /home/travis/build/icyphy/ptII/ptolemy/actor/lib/test/auto/ArraySum.xml
3 ms. Memory: 583680K Free: 231302K (40%)
----------------- Invoking toplevel() on ptolemy.moml.MoMLSimpleApplication@6d81b5e1
----------------- Done invoking toplevel() on ptolemy.moml.MoMLSimpleApplication@6d81b5e1
reloadAllAccessors: .ArraySum

===========================================================================================
----------------- testing Sun Sep 30 02:18:43 UTC 2018 /home/travis/build/icyphy/ptII/ptolemy/actor/lib/test/auto/ArrayToElements.xml
----------------- Instantiating /home/travis/build/icyphy/ptII/ptolemy/actor/lib/test/auto/ArrayToElements.xml
4 ms. Memory: 583680K Free: 213368K (37%)
----------------- Invoking toplevel() on ptolemy.moml.MoMLSimpleApplication@3375d722
----------------- Done invoking toplevel() on ptolemy.moml.MoMLSimpleApplication@3375d722
reloadAllAccessors: .ArrayToElements

===========================================================================================
----------------- testing Sun Sep 30 02:18:43 UTC 2018 /home/travis/build/icyphy/ptII/ptolemy/actor/lib/test/auto/ArrayToMatrix.xml
----------------- Instantiating /home/travis/build/icyphy/ptII/ptolemy/actor/lib/test/auto/ArrayToMatrix.xml
7 ms. Memory: 583680K Free: 193769K (33%)
----------------- Invoking toplevel() on ptolemy.moml.MoMLSimpleApplication@115daa50
----------------- Done invoking toplevel() on ptolemy.moml.MoMLSimpleApplication@115daa50
reloadAllAccessors: .ArrayToMatrix

===========================================================================================
----------------- testing Sun Sep 30 02:18:43 UTC 2018 /home/travis/build/icyphy/ptII/ptolemy/actor/lib/test/auto/ArrayUpdate1.xml
----------------- Instantiating /home/travis/build/icyphy/ptII/ptolemy/actor/lib/test/auto/ArrayUpdate1.xml
4 ms. Memory: 583680K Free: 187250K (32%)
----------------- Invoking toplevel() on ptolemy.moml.MoMLSimpleApplication@7d359b3e
----------------- Done invoking toplevel() on ptolemy.moml.MoMLSimpleApplication@7d359b3e
reloadAllAccessors: .ArrayUpdate1

===========================================================================================
----------------- testing Sun Sep 30 02:18:43 UTC 2018 /home/travis/build/icyphy/ptII/ptolemy/actor/lib/test/auto/ArrayUpdate2.xml
----------------- Instantiating /home/travis/build/icyphy/ptII/ptolemy/actor/lib/test/auto/ArrayUpdate2.xml
10 ms. Memory: 583680K Free: 169315K (29%)
----------------- Invoking toplevel() on ptolemy.moml.MoMLSimpleApplication@614a13fc
----------------- Done invoking toplevel() on ptolemy.moml.MoMLSimpleApplication@614a13fc
reloadAllAccessors: .ArrayUpdate2

===========================================================================================
----------------- testing Sun Sep 30 02:18:43 UTC 2018 /home/travis/build/icyphy/ptII/ptolemy/actor/lib/test/auto/ArrayUpdate3.xml
----------------- Instantiating /home/travis/build/icyphy/ptII/ptolemy/actor/lib/test/auto/ArrayUpdate3.xml
1 ms. Memory: 583680K Free: 162795K (28%)
----------------- Invoking toplevel() on ptolemy.moml.MoMLSimpleApplication@268de7ee
----------------- Done invoking toplevel() on ptolemy.moml.MoMLSimpleApplication@268de7ee
reloadAllAccessors: .ArrayUpdate3

===========================================================================================
----------------- testing Sun Sep 30 02:18:43 UTC 2018 /home/travis/build/icyphy/ptII/ptolemy/actor/lib/test/auto/Assert1.xml
----------------- Instantiating /home/travis/build/icyphy/ptII/ptolemy/actor/lib/test/auto/Assert1.xml
4 ms. Memory: 583680K Free: 156276K (27%)
----------------- Invoking toplevel() on ptolemy.moml.MoMLSimpleApplication@f8bfc08
----------------- Done invoking toplevel() on ptolemy.moml.MoMLSimpleApplication@f8bfc08
reloadAllAccessors: .Assert1

===========================================================================================
----------------- testing Sun Sep 30 02:18:43 UTC 2018 /home/travis/build/icyphy/ptII/ptolemy/actor/lib/test/auto/Assert2.xml
----------------- Instantiating /home/travis/build/icyphy/ptII/ptolemy/actor/lib/test/auto/Assert2.xml
6 ms. Memory: 583680K Free: 149756K (26%)
----------------- Invoking toplevel() on ptolemy.moml.MoMLSimpleApplication@27565d9d
----------------- Done invoking toplevel() on ptolemy.moml.MoMLSimpleApplication@27565d9d
reloadAllAccessors: .Assert2

===========================================================================================
----------------- testing Sun Sep 30 02:18:43 UTC 2018 /home/travis/build/icyphy/ptII/ptolemy/actor/lib/test/auto/BooleanMultiplexor.xml
----------------- Instantiating /home/travis/build/icyphy/ptII/ptolemy/actor/lib/test/auto/BooleanMultiplexor.xml
2 ms. Memory: 583680K Free: 131821K (23%)
----------------- Invoking toplevel() on ptolemy.moml.MoMLSimpleApplication@3e48a593
----------------- Done invoking toplevel() on ptolemy.moml.MoMLSimpleApplication@3e48a593
reloadAllAccessors: .BooleanMultiplexor

===========================================================================================
----------------- testing Sun Sep 30 02:18:43 UTC 2018 /home/travis/build/icyphy/ptII/ptolemy/actor/lib/test/auto/BooleanMultiplexor2.xml
----------------- Instantiating /home/travis/build/icyphy/ptII/ptolemy/actor/lib/test/auto/BooleanMultiplexor2.xml
10 ms. Memory: 583680K Free: 122026K (21%)
----------------- Invoking toplevel() on ptolemy.moml.MoMLSimpleApplication@33ef6eae
----------------- Done invoking toplevel() on ptolemy.moml.MoMLSimpleApplication@33ef6eae
reloadAllAccessors: .BooleanMultiplexor2

===========================================================================================
----------------- testing Sun Sep 30 02:18:43 UTC 2018 /home/travis/build/icyphy/ptII/ptolemy/actor/lib/test/auto/BooleanMultiplexor3.xml
----------------- Instantiating /home/travis/build/icyphy/ptII/ptolemy/actor/lib/test/auto/BooleanMultiplexor3.xml
3 ms. Memory: 583680K Free: 115507K (20%)
----------------- Invoking toplevel() on ptolemy.moml.MoMLSimpleApplication@25fb93e4
----------------- Done invoking toplevel() on ptolemy.moml.MoMLSimpleApplication@25fb93e4
reloadAllAccessors: .BooleanMultiplexor3

===========================================================================================
----------------- testing Sun Sep 30 02:18:43 UTC 2018 /home/travis/build/icyphy/ptII/ptolemy/actor/lib/test/auto/BooleanSelect.xml
----------------- Instantiating /home/travis/build/icyphy/ptII/ptolemy/actor/lib/test/auto/BooleanSelect.xml
7 ms. Memory: 583680K Free: 105711K (18%)
----------------- Invoking toplevel() on ptolemy.moml.MoMLSimpleApplication@3c55617a
----------------- Done invoking toplevel() on ptolemy.moml.MoMLSimpleApplication@3c55617a
reloadAllAccessors: .BooleanSelect

===========================================================================================
----------------- testing Sun Sep 30 02:18:43 UTC 2018 /home/travis/build/icyphy/ptII/ptolemy/actor/lib/test/auto/BooleanSelect2.xml
----------------- Instantiating /home/travis/build/icyphy/ptII/ptolemy/actor/lib/test/auto/BooleanSelect2.xml
1 ms. Memory: 583680K Free: 91052K (16%)
----------------- Invoking toplevel() on ptolemy.moml.MoMLSimpleApplication@58683d2e
----------------- Done invoking toplevel() on ptolemy.moml.MoMLSimpleApplication@58683d2e
reloadAllAccessors: .BooleanSelect2

===========================================================================================
----------------- testing Sun Sep 30 02:18:43 UTC 2018 /home/travis/build/icyphy/ptII/ptolemy/actor/lib/test/auto/BooleanSwitch.xml
----------------- Instantiating /home/travis/build/icyphy/ptII/ptolemy/actor/lib/test/auto/BooleanSwitch.xml
4 ms. Memory: 583680K Free: 81257K (14%)
----------------- Invoking toplevel() on ptolemy.moml.MoMLSimpleApplication@59a9ece3
----------------- Done invoking toplevel() on ptolemy.moml.MoMLSimpleApplication@59a9ece3
reloadAllAccessors: .BooleanSwitch

===========================================================================================
----------------- testing Sun Sep 30 02:18:43 UTC 2018 /home/travis/build/icyphy/ptII/ptolemy/actor/lib/test/auto/BooleanSwitch2.xml
----------------- Instantiating /home/travis/build/icyphy/ptII/ptolemy/actor/lib/test/auto/BooleanSwitch2.xml
2 ms. Memory: 583680K Free: 74738K (13%)
----------------- Invoking toplevel() on ptolemy.moml.MoMLSimpleApplication@417337a3
----------------- Done invoking toplevel() on ptolemy.moml.MoMLSimpleApplication@417337a3
reloadAllAccessors: .BooleanSwitch2

===========================================================================================
----------------- testing Sun Sep 30 02:18:43 UTC 2018 /home/travis/build/icyphy/ptII/ptolemy/actor/lib/test/auto/BooleanSwitchCloningBugWithClassRelationGroup.xml
----------------- Instantiating /home/travis/build/icyphy/ptII/ptolemy/actor/lib/test/auto/BooleanSwitchCloningBugWithClassRelationGroup.xml
6 ms. Memory: 583680K Free: 56803K (10%)
----------------- Invoking toplevel() on ptolemy.moml.MoMLSimpleApplication@15821ff4
----------------- Done invoking toplevel() on ptolemy.moml.MoMLSimpleApplication@15821ff4
reloadAllAccessors: .BooleanSwitchCloningBugWithClassRelationGroup

===========================================================================================
----------------- testing Sun Sep 30 02:18:43 UTC 2018 /home/travis/build/icyphy/ptII/ptolemy/actor/lib/test/auto/BusActors.xml
----------------- Instantiating /home/travis/build/icyphy/ptII/ptolemy/actor/lib/test/auto/BusActors.xml
3 ms. Memory: 882176K Free: 831604K (94%)
----------------- Invoking toplevel() on ptolemy.moml.MoMLSimpleApplication@764f5acd
----------------- Done invoking toplevel() on ptolemy.moml.MoMLSimpleApplication@764f5acd
reloadAllAccessors: .BusActors

===========================================================================================
----------------- testing Sun Sep 30 02:18:43 UTC 2018 /home/travis/build/icyphy/ptII/ptolemy/actor/lib/test/auto/ClassWrapper.xml
----------------- Instantiating /home/travis/build/icyphy/ptII/ptolemy/actor/lib/test/auto/ClassWrapper.xml
2 ms. Memory: 882176K Free: 811767K (92%)
----------------- Invoking toplevel() on ptolemy.moml.MoMLSimpleApplication@7c28ff93
----------------- Done invoking toplevel() on ptolemy.moml.MoMLSimpleApplication@7c28ff93
reloadAllAccessors: .ClassWrapper

===========================================================================================
----------------- testing Sun Sep 30 02:18:43 UTC 2018 /home/travis/build/icyphy/ptII/ptolemy/actor/lib/test/auto/Clock.xml
----------------- Instantiating /home/travis/build/icyphy/ptII/ptolemy/actor/lib/test/auto/Clock.xml
1 ms. Memory: 882176K Free: 801336K (91%)
----------------- Invoking toplevel() on ptolemy.moml.MoMLSimpleApplication@650b7791
----------------- Done invoking toplevel() on ptolemy.moml.MoMLSimpleApplication@650b7791
reloadAllAccessors: .Clock

===========================================================================================
----------------- testing Sun Sep 30 02:18:43 UTC 2018 /home/travis/build/icyphy/ptII/ptolemy/actor/lib/test/auto/Clock10.xml
----------------- Instantiating /home/travis/build/icyphy/ptII/ptolemy/actor/lib/test/auto/Clock10.xml
2 ms. Memory: 882176K Free: 790655K (90%)
----------------- Invoking toplevel() on ptolemy.moml.MoMLSimpleApplication@4359bfb0
----------------- Done invoking toplevel() on ptolemy.moml.MoMLSimpleApplication@4359bfb0
reloadAllAccessors: .Clock10

===========================================================================================
----------------- testing Sun Sep 30 02:18:43 UTC 2018 /home/travis/build/icyphy/ptII/ptolemy/actor/lib/test/auto/Clock11.xml
----------------- Instantiating /home/travis/build/icyphy/ptII/ptolemy/actor/lib/test/auto/Clock11.xml
2 ms. Memory: 882176K Free: 780223K (88%)
----------------- Invoking toplevel() on ptolemy.moml.MoMLSimpleApplication@4585f8d1
----------------- Done invoking toplevel() on ptolemy.moml.MoMLSimpleApplication@4585f8d1
reloadAllAccessors: .Clock11

===========================================================================================
----------------- testing Sun Sep 30 02:18:43 UTC 2018 /home/travis/build/icyphy/ptII/ptolemy/actor/lib/test/auto/Clock12.xml
----------------- Instantiating /home/travis/build/icyphy/ptII/ptolemy/actor/lib/test/auto/Clock12.xml
2 ms. Memory: 882176K Free: 760386K (86%)
----------------- Invoking toplevel() on ptolemy.moml.MoMLSimpleApplication@5b843dbc
----------------- Done invoking toplevel() on ptolemy.moml.MoMLSimpleApplication@5b843dbc
reloadAllAccessors: .Clock12

===========================================================================================
----------------- testing Sun Sep 30 02:18:43 UTC 2018 /home/travis/build/icyphy/ptII/ptolemy/actor/lib/test/auto/Clock13.xml
----------------- Instantiating /home/travis/build/icyphy/ptII/ptolemy/actor/lib/test/auto/Clock13.xml
6 ms. Memory: 882176K Free: 749955K (85%)
----------------- Invoking toplevel() on ptolemy.moml.MoMLSimpleApplication@5a5538c0
----------------- Done invoking toplevel() on ptolemy.moml.MoMLSimpleApplication@5a5538c0
reloadAllAccessors: .Clock13

===========================================================================================
----------------- testing Sun Sep 30 02:18:43 UTC 2018 /home/travis/build/icyphy/ptII/ptolemy/actor/lib/test/auto/Clock14.xml
----------------- Instantiating /home/travis/build/icyphy/ptII/ptolemy/actor/lib/test/auto/Clock14.xml
2 ms. Memory: 882176K Free: 739524K (84%)
----------------- Invoking toplevel() on ptolemy.moml.MoMLSimpleApplication@3a3016ac
----------------- Done invoking toplevel() on ptolemy.moml.MoMLSimpleApplication@3a3016ac
reloadAllAccessors: .Clock14

===========================================================================================
----------------- testing Sun Sep 30 02:18:43 UTC 2018 /home/travis/build/icyphy/ptII/ptolemy/actor/lib/test/auto/Clock15.xml
----------------- Instantiating /home/travis/build/icyphy/ptII/ptolemy/actor/lib/test/auto/Clock15.xml
3 ms. Memory: 882176K Free: 729093K (83%)
----------------- Invoking toplevel() on ptolemy.moml.MoMLSimpleApplication@a35301c
----------------- Done invoking toplevel() on ptolemy.moml.MoMLSimpleApplication@a35301c
reloadAllAccessors: .Clock15

===========================================================================================
----------------- testing Sun Sep 30 02:18:43 UTC 2018 /home/travis/build/icyphy/ptII/ptolemy/actor/lib/test/auto/Clock16.xml
----------------- Instantiating /home/travis/build/icyphy/ptII/ptolemy/actor/lib/test/auto/Clock16.xml
19 ms. Memory: 882176K Free: 698792K (79%)
----------------- Invoking toplevel() on ptolemy.moml.MoMLSimpleApplication@43cc75de
----------------- Done invoking toplevel() on ptolemy.moml.MoMLSimpleApplication@43cc75de
reloadAllAccessors: .Clock16

===========================================================================================
----------------- testing Sun Sep 30 02:18:44 UTC 2018 /home/travis/build/icyphy/ptII/ptolemy/actor/lib/test/auto/Clock17.xml
----------------- Instantiating /home/travis/build/icyphy/ptII/ptolemy/actor/lib/test/auto/Clock17.xml
12 ms. Memory: 882176K Free: 683130K (77%)
----------------- Invoking toplevel() on ptolemy.moml.MoMLSimpleApplication@37534484
----------------- Done invoking toplevel() on ptolemy.moml.MoMLSimpleApplication@37534484
reloadAllAccessors: .Clock17

===========================================================================================
----------------- testing Sun Sep 30 02:18:44 UTC 2018 /home/travis/build/icyphy/ptII/ptolemy/actor/lib/test/auto/Clock18.xml
----------------- Instantiating /home/travis/build/icyphy/ptII/ptolemy/actor/lib/test/auto/Clock18.xml
17 ms. Memory: 882176K Free: 659644K (75%)
----------------- Invoking toplevel() on ptolemy.moml.MoMLSimpleApplication@5942b68
----------------- Done invoking toplevel() on ptolemy.moml.MoMLSimpleApplication@5942b68
reloadAllAccessors: .Clock18

===========================================================================================
----------------- testing Sun Sep 30 02:18:44 UTC 2018 /home/travis/build/icyphy/ptII/ptolemy/actor/lib/test/auto/Clock19.xml
----------------- Instantiating /home/travis/build/icyphy/ptII/ptolemy/actor/lib/test/auto/Clock19.xml
12 ms. Memory: 882176K Free: 643981K (73%)
----------------- Invoking toplevel() on ptolemy.moml.MoMLSimpleApplication@375c8bf0
----------------- Done invoking toplevel() on ptolemy.moml.MoMLSimpleApplication@375c8bf0
reloadAllAccessors: .Clock19

===========================================================================================
----------------- testing Sun Sep 30 02:18:44 UTC 2018 /home/travis/build/icyphy/ptII/ptolemy/actor/lib/test/auto/Clock2.xml
----------------- Instantiating /home/travis/build/icyphy/ptII/ptolemy/actor/lib/test/auto/Clock2.xml
2 ms. Memory: 882176K Free: 624144K (71%)
----------------- Invoking toplevel() on ptolemy.moml.MoMLSimpleApplication@6d8b99a2
----------------- Done invoking toplevel() on ptolemy.moml.MoMLSimpleApplication@6d8b99a2
reloadAllAccessors: .Clock2

===========================================================================================
----------------- testing Sun Sep 30 02:18:44 UTC 2018 /home/travis/build/icyphy/ptII/ptolemy/actor/lib/test/auto/Clock20.xml
----------------- Instantiating /home/travis/build/icyphy/ptII/ptolemy/actor/lib/test/auto/Clock20.xml
8 ms. Memory: 882176K Free: 613713K (70%)
----------------- Invoking toplevel() on ptolemy.moml.MoMLSimpleApplication@4169fc1e
----------------- Done invoking toplevel() on ptolemy.moml.MoMLSimpleApplication@4169fc1e
reloadAllAccessors: .Clock20

===========================================================================================
----------------- testing Sun Sep 30 02:18:44 UTC 2018 /home/travis/build/icyphy/ptII/ptolemy/actor/lib/test/auto/Clock21.xml
----------------- Instantiating /home/travis/build/icyphy/ptII/ptolemy/actor/lib/test/auto/Clock21.xml
5 ms. Memory: 882176K Free: 603281K (68%)
----------------- Invoking toplevel() on ptolemy.moml.MoMLSimpleApplication@18326478
----------------- Done invoking toplevel() on ptolemy.moml.MoMLSimpleApplication@18326478
reloadAllAccessors: .Clock21

===========================================================================================
----------------- testing Sun Sep 30 02:18:44 UTC 2018 /home/travis/build/icyphy/ptII/ptolemy/actor/lib/test/auto/Clock22.xml
----------------- Instantiating /home/travis/build/icyphy/ptII/ptolemy/actor/lib/test/auto/Clock22.xml
2 ms. Memory: 882176K Free: 592850K (67%)
----------------- Invoking toplevel() on ptolemy.moml.MoMLSimpleApplication@4dd9b264
----------------- Done invoking toplevel() on ptolemy.moml.MoMLSimpleApplication@4dd9b264
reloadAllAccessors: .Clock22

===========================================================================================
----------------- testing Sun Sep 30 02:18:44 UTC 2018 /home/travis/build/icyphy/ptII/ptolemy/actor/lib/test/auto/Clock23.xml
----------------- Instantiating /home/travis/build/icyphy/ptII/ptolemy/actor/lib/test/auto/Clock23.xml
2 ms. Memory: 882176K Free: 573013K (65%)
----------------- Invoking toplevel() on ptolemy.moml.MoMLSimpleApplication@6d6b4a5e
----------------- Done invoking toplevel() on ptolemy.moml.MoMLSimpleApplication@6d6b4a5e
reloadAllAccessors: .Clock23

===========================================================================================
----------------- testing Sun Sep 30 02:18:44 UTC 2018 /home/travis/build/icyphy/ptII/ptolemy/actor/lib/test/auto/Clock24.xml
----------------- Instantiating /home/travis/build/icyphy/ptII/ptolemy/actor/lib/test/auto/Clock24.xml
3 ms. Memory: 882176K Free: 562582K (64%)
----------------- Invoking toplevel() on ptolemy.moml.MoMLSimpleApplication@48325c50
----------------- Done invoking toplevel() on ptolemy.moml.MoMLSimpleApplication@48325c50
reloadAllAccessors: .Clock24

===========================================================================================
----------------- testing Sun Sep 30 02:18:44 UTC 2018 /home/travis/build/icyphy/ptII/ptolemy/actor/lib/test/auto/Clock4.xml
----------------- Instantiating /home/travis/build/icyphy/ptII/ptolemy/actor/lib/test/auto/Clock4.xml
7 ms. Memory: 882176K Free: 552151K (63%)
----------------- Invoking toplevel() on ptolemy.moml.MoMLSimpleApplication@6babab97
----------------- Done invoking toplevel() on ptolemy.moml.MoMLSimpleApplication@6babab97
reloadAllAccessors: .Clock4

===========================================================================================
----------------- testing Sun Sep 30 02:18:44 UTC 2018 /home/travis/build/icyphy/ptII/ptolemy/actor/lib/test/auto/Clock5.xml
----------------- Instantiating /home/travis/build/icyphy/ptII/ptolemy/actor/lib/test/auto/Clock5.xml
1 ms. Memory: 882176K Free: 541719K (61%)
----------------- Invoking toplevel() on ptolemy.moml.MoMLSimpleApplication@4919671b
----------------- Done invoking toplevel() on ptolemy.moml.MoMLSimpleApplication@4919671b
reloadAllAccessors: .Clock5

===========================================================================================
----------------- testing Sun Sep 30 02:18:44 UTC 2018 /home/travis/build/icyphy/ptII/ptolemy/actor/lib/test/auto/Clock6.xml
----------------- Instantiating /home/travis/build/icyphy/ptII/ptolemy/actor/lib/test/auto/Clock6.xml
1 ms. Memory: 882176K Free: 521882K (59%)
----------------- Invoking toplevel() on ptolemy.moml.MoMLSimpleApplication@66734833
----------------- Done invoking toplevel() on ptolemy.moml.MoMLSimpleApplication@66734833
reloadAllAccessors: .Clock6

===========================================================================================
----------------- testing Sun Sep 30 02:18:44 UTC 2018 /home/travis/build/icyphy/ptII/ptolemy/actor/lib/test/auto/Clock7.xml
----------------- Instantiating /home/travis/build/icyphy/ptII/ptolemy/actor/lib/test/auto/Clock7.xml
2 ms. Memory: 882176K Free: 511451K (58%)
----------------- Invoking toplevel() on ptolemy.moml.MoMLSimpleApplication@2555fcc4
----------------- Done invoking toplevel() on ptolemy.moml.MoMLSimpleApplication@2555fcc4
reloadAllAccessors: .Clock7

===========================================================================================
----------------- testing Sun Sep 30 02:18:44 UTC 2018 /home/travis/build/icyphy/ptII/ptolemy/actor/lib/test/auto/Clock8.xml
----------------- Instantiating /home/travis/build/icyphy/ptII/ptolemy/actor/lib/test/auto/Clock8.xml
2 ms. Memory: 882176K Free: 501020K (57%)
----------------- Invoking toplevel() on ptolemy.moml.MoMLSimpleApplication@7eec7ab1
----------------- Done invoking toplevel() on ptolemy.moml.MoMLSimpleApplication@7eec7ab1
reloadAllAccessors: .Clock8

===========================================================================================
----------------- testing Sun Sep 30 02:18:44 UTC 2018 /home/travis/build/icyphy/ptII/ptolemy/actor/lib/test/auto/Clock9.xml
----------------- Instantiating /home/travis/build/icyphy/ptII/ptolemy/actor/lib/test/auto/Clock9.xml
2 ms. Memory: 882176K Free: 490589K (56%)
----------------- Invoking toplevel() on ptolemy.moml.MoMLSimpleApplication@6b32273e
----------------- Done invoking toplevel() on ptolemy.moml.MoMLSimpleApplication@6b32273e
reloadAllAccessors: .Clock9

===========================================================================================
----------------- testing Sun Sep 30 02:18:44 UTC 2018 /home/travis/build/icyphy/ptII/ptolemy/actor/lib/test/auto/CommDistDiscard.xml
----------------- Instantiating /home/travis/build/icyphy/ptII/ptolemy/actor/lib/test/auto/CommDistDiscard.xml
4 ms. Memory: 882176K Free: 480157K (54%)
----------------- Invoking toplevel() on ptolemy.moml.MoMLSimpleApplication@579463cb
----------------- Done invoking toplevel() on ptolemy.moml.MoMLSimpleApplication@579463cb
reloadAllAccessors: .CommDistDiscard

===========================================================================================
----------------- testing Sun Sep 30 02:18:44 UTC 2018 /home/travis/build/icyphy/ptII/ptolemy/actor/lib/test/auto/Commutator.xml
----------------- Instantiating /home/travis/build/icyphy/ptII/ptolemy/actor/lib/test/auto/Commutator.xml
4 ms. Memory: 882176K Free: 460320K (52%)
----------------- Invoking toplevel() on ptolemy.moml.MoMLSimpleApplication@4cb1ebce
----------------- Done invoking toplevel() on ptolemy.moml.MoMLSimpleApplication@4cb1ebce
reloadAllAccessors: .Commutator

===========================================================================================
----------------- testing Sun Sep 30 02:18:44 UTC 2018 /home/travis/build/icyphy/ptII/ptolemy/actor/lib/test/auto/Commutator2.xml
----------------- Instantiating /home/travis/build/icyphy/ptII/ptolemy/actor/lib/test/auto/Commutator2.xml
2 ms. Memory: 882176K Free: 449889K (51%)
----------------- Invoking toplevel() on ptolemy.moml.MoMLSimpleApplication@373e2b64
----------------- Done invoking toplevel() on ptolemy.moml.MoMLSimpleApplication@373e2b64
reloadAllAccessors: .Commutator2

===========================================================================================
----------------- testing Sun Sep 30 02:18:44 UTC 2018 /home/travis/build/icyphy/ptII/ptolemy/actor/lib/test/auto/Commutator3.xml
----------------- Instantiating /home/travis/build/icyphy/ptII/ptolemy/actor/lib/test/auto/Commutator3.xml
1 ms. Memory: 882176K Free: 439458K (50%)
----------------- Invoking toplevel() on ptolemy.moml.MoMLSimpleApplication@18638404
----------------- Done invoking toplevel() on ptolemy.moml.MoMLSimpleApplication@18638404
reloadAllAccessors: .Commutator3

===========================================================================================
----------------- testing Sun Sep 30 02:18:44 UTC 2018 /home/travis/build/icyphy/ptII/ptolemy/actor/lib/test/auto/Compare.xml
----------------- Instantiating /home/travis/build/icyphy/ptII/ptolemy/actor/lib/test/auto/Compare.xml
2 ms. Memory: 882176K Free: 429027K (49%)
----------------- Invoking toplevel() on ptolemy.moml.MoMLSimpleApplication@20d8bd6c
----------------- Done invoking toplevel() on ptolemy.moml.MoMLSimpleApplication@20d8bd6c
reloadAllAccessors: .Compare

===========================================================================================
----------------- testing Sun Sep 30 02:18:44 UTC 2018 /home/travis/build/icyphy/ptII/ptolemy/actor/lib/test/auto/CompareDE.xml
----------------- Instantiating /home/travis/build/icyphy/ptII/ptolemy/actor/lib/test/auto/CompareDE.xml
4 ms. Memory: 882176K Free: 409189K (46%)
----------------- Invoking toplevel() on ptolemy.moml.MoMLSimpleApplication@3d629ba8
----------------- Done invoking toplevel() on ptolemy.moml.MoMLSimpleApplication@3d629ba8
reloadAllAccessors: .CompareDE

===========================================================================================
----------------- testing Sun Sep 30 02:18:44 UTC 2018 /home/travis/build/icyphy/ptII/ptolemy/actor/lib/test/auto/ComplexDivide.xml
----------------- Instantiating /home/travis/build/icyphy/ptII/ptolemy/actor/lib/test/auto/ComplexDivide.xml
2 ms. Memory: 882176K Free: 398758K (45%)
----------------- Invoking toplevel() on ptolemy.moml.MoMLSimpleApplication@591644bc
----------------- Done invoking toplevel() on ptolemy.moml.MoMLSimpleApplication@591644bc
reloadAllAccessors: .ComplexDivide

===========================================================================================
----------------- testing Sun Sep 30 02:18:44 UTC 2018 /home/travis/build/icyphy/ptII/ptolemy/actor/lib/test/auto/ComputeHistogram.xml
----------------- Instantiating /home/travis/build/icyphy/ptII/ptolemy/actor/lib/test/auto/ComputeHistogram.xml
37 ms. Memory: 882176K Free: 383111K (43%)
----------------- Invoking toplevel() on ptolemy.moml.MoMLSimpleApplication@70650ca9
----------------- Done invoking toplevel() on ptolemy.moml.MoMLSimpleApplication@70650ca9
reloadAllAccessors: .ComputeHistogram

===========================================================================================
----------------- testing Sun Sep 30 02:18:44 UTC 2018 /home/travis/build/icyphy/ptII/ptolemy/actor/lib/test/auto/ConfigurationSelect.xml
----------------- Instantiating /home/travis/build/icyphy/ptII/ptolemy/actor/lib/test/auto/ConfigurationSelect.xml
2 ms. Memory: 882176K Free: 372680K (42%)
----------------- Invoking toplevel() on ptolemy.moml.MoMLSimpleApplication@325acc29
----------------- Done invoking toplevel() on ptolemy.moml.MoMLSimpleApplication@325acc29
reloadAllAccessors: .ConfigurationSelect

===========================================================================================
----------------- testing Sun Sep 30 02:18:44 UTC 2018 /home/travis/build/icyphy/ptII/ptolemy/actor/lib/test/auto/ConfigurationSelect2.xml
----------------- Instantiating /home/travis/build/icyphy/ptII/ptolemy/actor/lib/test/auto/ConfigurationSelect2.xml
1 ms. Memory: 882176K Free: 352843K (40%)
----------------- Invoking toplevel() on ptolemy.moml.MoMLSimpleApplication@1091fa4d
----------------- Done invoking toplevel() on ptolemy.moml.MoMLSimpleApplication@1091fa4d
reloadAllAccessors: .ConfigurationSelect2

===========================================================================================
----------------- testing Sun Sep 30 02:18:44 UTC 2018 /home/travis/build/icyphy/ptII/ptolemy/actor/lib/test/auto/ConfigurationSwitch.xml
----------------- Instantiating /home/travis/build/icyphy/ptII/ptolemy/actor/lib/test/auto/ConfigurationSwitch.xml
2 ms. Memory: 882176K Free: 342412K (39%)
----------------- Invoking toplevel() on ptolemy.moml.MoMLSimpleApplication@c8778a4
----------------- Done invoking toplevel() on ptolemy.moml.MoMLSimpleApplication@c8778a4
reloadAllAccessors: .ConfigurationSwitch

===========================================================================================
----------------- testing Sun Sep 30 02:18:44 UTC 2018 /home/travis/build/icyphy/ptII/ptolemy/actor/lib/test/auto/ConfigurationSwitch2.xml
----------------- Instantiating /home/travis/build/icyphy/ptII/ptolemy/actor/lib/test/auto/ConfigurationSwitch2.xml
1 ms. Memory: 882176K Free: 331980K (38%)
----------------- Invoking toplevel() on ptolemy.moml.MoMLSimpleApplication@4b8ae920
----------------- Done invoking toplevel() on ptolemy.moml.MoMLSimpleApplication@4b8ae920
reloadAllAccessors: .ConfigurationSwitch2

===========================================================================================
----------------- testing Sun Sep 30 02:18:44 UTC 2018 /home/travis/build/icyphy/ptII/ptolemy/actor/lib/test/auto/ConfigurationSwitchCloningBugWithClassRelationGroup.xml
----------------- Instantiating /home/travis/build/icyphy/ptII/ptolemy/actor/lib/test/auto/ConfigurationSwitchCloningBugWithClassRelationGroup.xml
1 ms. Memory: 882176K Free: 321549K (36%)
----------------- Invoking toplevel() on ptolemy.moml.MoMLSimpleApplication@4858168f
----------------- Done invoking toplevel() on ptolemy.moml.MoMLSimpleApplication@4858168f
reloadAllAccessors: .ConfigurationSwitchCloningBugWithClassRelationGroup

===========================================================================================
----------------- testing Sun Sep 30 02:18:44 UTC 2018 /home/travis/build/icyphy/ptII/ptolemy/actor/lib/test/auto/ConfigurationSwitchSelectSDF.xml
----------------- Instantiating /home/travis/build/icyphy/ptII/ptolemy/actor/lib/test/auto/ConfigurationSwitchSelectSDF.xml
2 ms. Memory: 882176K Free: 301712K (34%)
----------------- Invoking toplevel() on ptolemy.moml.MoMLSimpleApplication@64d9e829
----------------- Done invoking toplevel() on ptolemy.moml.MoMLSimpleApplication@64d9e829
reloadAllAccessors: .ConfigurationSwitchSelectSDF

===========================================================================================
----------------- testing Sun Sep 30 02:18:44 UTC 2018 /home/travis/build/icyphy/ptII/ptolemy/actor/lib/test/auto/ConfigurationSwitchSelectSDF2.xml
----------------- Instantiating /home/travis/build/icyphy/ptII/ptolemy/actor/lib/test/auto/ConfigurationSwitchSelectSDF2.xml
3 ms. Memory: 882176K Free: 291281K (33%)
----------------- Invoking toplevel() on ptolemy.moml.MoMLSimpleApplication@13f3f904
----------------- Done invoking toplevel() on ptolemy.moml.MoMLSimpleApplication@13f3f904
reloadAllAccessors: .ConfigurationSwitchSelectSDF2

===========================================================================================
----------------- testing Sun Sep 30 02:18:44 UTC 2018 /home/travis/build/icyphy/ptII/ptolemy/actor/lib/test/auto/Const.xml
----------------- Instantiating /home/travis/build/icyphy/ptII/ptolemy/actor/lib/test/auto/Const.xml
1 ms. Memory: 882176K Free: 280850K (32%)
----------------- Invoking toplevel() on ptolemy.moml.MoMLSimpleApplication@3ad7265b
----------------- Done invoking toplevel() on ptolemy.moml.MoMLSimpleApplication@3ad7265b
reloadAllAccessors: .Const

===========================================================================================
----------------- testing Sun Sep 30 02:18:44 UTC 2018 /home/travis/build/icyphy/ptII/ptolemy/actor/lib/test/auto/Const2.xml
----------------- Instantiating /home/travis/build/icyphy/ptII/ptolemy/actor/lib/test/auto/Const2.xml
2 ms. Memory: 882176K Free: 270418K (31%)
----------------- Invoking toplevel() on ptolemy.moml.MoMLSimpleApplication@34251353
----------------- Done invoking toplevel() on ptolemy.moml.MoMLSimpleApplication@34251353
reloadAllAccessors: .Const2

===========================================================================================
----------------- testing Sun Sep 30 02:18:44 UTC 2018 /home/travis/build/icyphy/ptII/ptolemy/actor/lib/test/auto/Const3.xml
----------------- Instantiating /home/travis/build/icyphy/ptII/ptolemy/actor/lib/test/auto/Const3.xml
1 ms. Memory: 882176K Free: 250581K (28%)
----------------- Invoking toplevel() on ptolemy.moml.MoMLSimpleApplication@7a649022
----------------- Done invoking toplevel() on ptolemy.moml.MoMLSimpleApplication@7a649022
reloadAllAccessors: .Const3

===========================================================================================
----------------- testing Sun Sep 30 02:18:44 UTC 2018 /home/travis/build/icyphy/ptII/ptolemy/actor/lib/test/auto/ConstantPublisherPort1.xml
----------------- Instantiating /home/travis/build/icyphy/ptII/ptolemy/actor/lib/test/auto/ConstantPublisherPort1.xml
5 ms. Memory: 882176K Free: 234918K (27%)
----------------- Invoking toplevel() on ptolemy.moml.MoMLSimpleApplication@5b63c5de
----------------- Done invoking toplevel() on ptolemy.moml.MoMLSimpleApplication@5b63c5de
reloadAllAccessors: .ConstantPublisherPort1

===========================================================================================
----------------- testing Sun Sep 30 02:18:44 UTC 2018 /home/travis/build/icyphy/ptII/ptolemy/actor/lib/test/auto/ConstantPublisherPort2.xml
----------------- Instantiating /home/travis/build/icyphy/ptII/ptolemy/actor/lib/test/auto/ConstantPublisherPort2.xml
4 ms. Memory: 882176K Free: 224487K (25%)
----------------- Invoking toplevel() on ptolemy.moml.MoMLSimpleApplication@4e5bfeb8
----------------- Done invoking toplevel() on ptolemy.moml.MoMLSimpleApplication@4e5bfeb8
reloadAllAccessors: .ConstantPublisherPort2

===========================================================================================
----------------- testing Sun Sep 30 02:18:44 UTC 2018 /home/travis/build/icyphy/ptII/ptolemy/actor/lib/test/auto/ConstantPublisherPort3.xml
----------------- Instantiating /home/travis/build/icyphy/ptII/ptolemy/actor/lib/test/auto/ConstantPublisherPort3.xml
8 ms. Memory: 882176K Free: 208824K (24%)
----------------- Invoking toplevel() on ptolemy.moml.MoMLSimpleApplication@6788236c
----------------- Done invoking toplevel() on ptolemy.moml.MoMLSimpleApplication@6788236c
reloadAllAccessors: .ConstantPublisherPort3

===========================================================================================
----------------- testing Sun Sep 30 02:18:45 UTC 2018 /home/travis/build/icyphy/ptII/ptolemy/actor/lib/test/auto/ConstantPublisherPort4.xml
----------------- Instantiating /home/travis/build/icyphy/ptII/ptolemy/actor/lib/test/auto/ConstantPublisherPort4.xml
3 ms. Memory: 882176K Free: 188987K (21%)
----------------- Invoking toplevel() on ptolemy.moml.MoMLSimpleApplication@63a51b28
----------------- Done invoking toplevel() on ptolemy.moml.MoMLSimpleApplication@63a51b28
reloadAllAccessors: .ConstantPublisherPort4

===========================================================================================
----------------- testing Sun Sep 30 02:18:45 UTC 2018 /home/travis/build/icyphy/ptII/ptolemy/actor/lib/test/auto/ConstantPublisherPort5.xml
----------------- Instantiating /home/travis/build/icyphy/ptII/ptolemy/actor/lib/test/auto/ConstantPublisherPort5.xml
22 ms. Memory: 882176K Free: 162893K (18%)
----------------- Invoking toplevel() on ptolemy.moml.MoMLSimpleApplication@f493cb2
----------------- Done invoking toplevel() on ptolemy.moml.MoMLSimpleApplication@f493cb2
reloadAllAccessors: .ConstantPublisherPort5

===========================================================================================
----------------- testing Sun Sep 30 02:18:45 UTC 2018 /home/travis/build/icyphy/ptII/ptolemy/actor/lib/test/auto/ConstantPublisherPort6.xml
----------------- Instantiating /home/travis/build/icyphy/ptII/ptolemy/actor/lib/test/auto/ConstantPublisherPort6.xml
21 ms. Memory: 882176K Free: 136815K (16%)
----------------- Invoking toplevel() on ptolemy.moml.MoMLSimpleApplication@160ccb4
----------------- Done invoking toplevel() on ptolemy.moml.MoMLSimpleApplication@160ccb4
reloadAllAccessors: .ConstantPublisherPort6

===========================================================================================
----------------- testing Sun Sep 30 02:18:45 UTC 2018 /home/travis/build/icyphy/ptII/ptolemy/actor/lib/test/auto/ConstantPublisherPort7.xml
----------------- Instantiating /home/travis/build/icyphy/ptII/ptolemy/actor/lib/test/auto/ConstantPublisherPort7.xml
19 ms. Memory: 882176K Free: 110737K (13%)
----------------- Invoking toplevel() on ptolemy.moml.MoMLSimpleApplication@2aa29337
----------------- Done invoking toplevel() on ptolemy.moml.MoMLSimpleApplication@2aa29337
reloadAllAccessors: .ConstantPublisherPort7

===========================================================================================
----------------- testing Sun Sep 30 02:18:45 UTC 2018 /home/travis/build/icyphy/ptII/ptolemy/actor/lib/test/auto/ConstraintMonitor1.xml
----------------- Instantiating /home/travis/build/icyphy/ptII/ptolemy/actor/lib/test/auto/ConstraintMonitor1.xml
7 ms. Memory: 882176K Free: 90900K (10%)
----------------- Invoking toplevel() on ptolemy.moml.MoMLSimpleApplication@69ec7cee
----------------- Done invoking toplevel() on ptolemy.moml.MoMLSimpleApplication@69ec7cee
reloadAllAccessors: .ConstraintMonitor1

===========================================================================================
----------------- testing Sun Sep 30 02:18:45 UTC 2018 /home/travis/build/icyphy/ptII/ptolemy/actor/lib/test/auto/ConstraintMonitor2.xml
----------------- Instantiating /home/travis/build/icyphy/ptII/ptolemy/actor/lib/test/auto/ConstraintMonitor2.xml
6 ms. Memory: 882176K Free: 80469K (9%)
----------------- Invoking toplevel() on ptolemy.moml.MoMLSimpleApplication@c4ce6a4
----------------- Done invoking toplevel() on ptolemy.moml.MoMLSimpleApplication@c4ce6a4
reloadAllAccessors: .ConstraintMonitor2

===========================================================================================
----------------- testing Sun Sep 30 02:18:45 UTC 2018 /home/travis/build/icyphy/ptII/ptolemy/actor/lib/test/auto/ConstraintMonitor3.xml
----------------- Instantiating /home/travis/build/icyphy/ptII/ptolemy/actor/lib/test/auto/ConstraintMonitor3.xml
6 ms. Memory: 882176K Free: 70038K (8%)
----------------- Invoking toplevel() on ptolemy.moml.MoMLSimpleApplication@3acd9142
----------------- Done invoking toplevel() on ptolemy.moml.MoMLSimpleApplication@3acd9142
reloadAllAccessors: .ConstraintMonitor3

===========================================================================================
----------------- testing Sun Sep 30 02:18:45 UTC 2018 /home/travis/build/icyphy/ptII/ptolemy/actor/lib/test/auto/ConstraintMonitor4.xml
----------------- Instantiating /home/travis/build/icyphy/ptII/ptolemy/actor/lib/test/auto/ConstraintMonitor4.xml
6 ms. Memory: 882176K Free: 59740K (7%)
----------------- Invoking toplevel() on ptolemy.moml.MoMLSimpleApplication@3885269
----------------- Done invoking toplevel() on ptolemy.moml.MoMLSimpleApplication@3885269
reloadAllAccessors: .ConstraintMonitor4

===========================================================================================
----------------- testing Sun Sep 30 02:18:45 UTC 2018 /home/travis/build/icyphy/ptII/ptolemy/actor/lib/test/auto/ConstraintMonitor5.xml
----------------- Instantiating /home/travis/build/icyphy/ptII/ptolemy/actor/lib/test/auto/ConstraintMonitor5.xml
1 ms. Memory: 883200K Free: 817184K (93%)
----------------- Invoking toplevel() on ptolemy.moml.MoMLSimpleApplication@a82feb3
----------------- Done invoking toplevel() on ptolemy.moml.MoMLSimpleApplication@a82feb3
reloadAllAccessors: .ConstraintMonitor5

===========================================================================================
----------------- testing Sun Sep 30 02:18:45 UTC 2018 /home/travis/build/icyphy/ptII/ptolemy/actor/lib/test/auto/ConstraintMonitor6.xml
----------------- Instantiating /home/travis/build/icyphy/ptII/ptolemy/actor/lib/test/auto/ConstraintMonitor6.xml
6 ms. Memory: 883200K Free: 806590K (91%)
----------------- Invoking toplevel() on ptolemy.moml.MoMLSimpleApplication@28cb3d03
----------------- Done invoking toplevel() on ptolemy.moml.MoMLSimpleApplication@28cb3d03
reloadAllAccessors: .ConstraintMonitor6

===========================================================================================
----------------- testing Sun Sep 30 02:18:45 UTC 2018 /home/travis/build/icyphy/ptII/ptolemy/actor/lib/test/auto/ConstraintMonitor7.xml
----------------- Instantiating /home/travis/build/icyphy/ptII/ptolemy/actor/lib/test/auto/ConstraintMonitor7.xml
2 ms. Memory: 883200K Free: 796159K (90%)
----------------- Invoking toplevel() on ptolemy.moml.MoMLSimpleApplication@1b674c71
----------------- Done invoking toplevel() on ptolemy.moml.MoMLSimpleApplication@1b674c71
reloadAllAccessors: .ConstraintMonitor7

===========================================================================================
----------------- testing Sun Sep 30 02:18:45 UTC 2018 /home/travis/build/icyphy/ptII/ptolemy/actor/lib/test/auto/ConstraintMonitor8.xml
----------------- Instantiating /home/travis/build/icyphy/ptII/ptolemy/actor/lib/test/auto/ConstraintMonitor8.xml
8 ms. Memory: 883200K Free: 780504K (88%)
----------------- Invoking toplevel() on ptolemy.moml.MoMLSimpleApplication@78509667
----------------- Done invoking toplevel() on ptolemy.moml.MoMLSimpleApplication@78509667
reloadAllAccessors: .ConstraintMonitor8

===========================================================================================
----------------- testing Sun Sep 30 02:18:45 UTC 2018 /home/travis/build/icyphy/ptII/ptolemy/actor/lib/test/auto/Counter.xml
----------------- Instantiating /home/travis/build/icyphy/ptII/ptolemy/actor/lib/test/auto/Counter.xml
3 ms. Memory: 883200K Free: 763020K (86%)
----------------- Invoking toplevel() on ptolemy.moml.MoMLSimpleApplication@780fcfe6
----------------- Done invoking toplevel() on ptolemy.moml.MoMLSimpleApplication@780fcfe6
reloadAllAccessors: .Counter

===========================================================================================
----------------- testing Sun Sep 30 02:18:45 UTC 2018 /home/travis/build/icyphy/ptII/ptolemy/actor/lib/test/auto/CurrentTimeSDF.xml
----------------- Instantiating /home/travis/build/icyphy/ptII/ptolemy/actor/lib/test/auto/CurrentTimeSDF.xml
1 ms. Memory: 883200K Free: 752589K (85%)
----------------- Invoking toplevel() on ptolemy.moml.MoMLSimpleApplication@2f59106b
----------------- Done invoking toplevel() on ptolemy.moml.MoMLSimpleApplication@2f59106b
reloadAllAccessors: .CurrentTimeSDF

===========================================================================================
----------------- testing Sun Sep 30 02:18:45 UTC 2018 /home/travis/build/icyphy/ptII/ptolemy/actor/lib/test/auto/DB.xml
----------------- Instantiating /home/travis/build/icyphy/ptII/ptolemy/actor/lib/test/auto/DB.xml
2 ms. Memory: 883200K Free: 742158K (84%)
----------------- Invoking toplevel() on ptolemy.moml.MoMLSimpleApplication@26f776ec
----------------- Done invoking toplevel() on ptolemy.moml.MoMLSimpleApplication@26f776ec
reloadAllAccessors: .DB

===========================================================================================
----------------- testing Sun Sep 30 02:18:45 UTC 2018 /home/travis/build/icyphy/ptII/ptolemy/actor/lib/test/auto/DBDE.xml
----------------- Instantiating /home/travis/build/icyphy/ptII/ptolemy/actor/lib/test/auto/DBDE.xml
3 ms. Memory: 883200K Free: 724674K (82%)
----------------- Invoking toplevel() on ptolemy.moml.MoMLSimpleApplication@6c83f007
----------------- Done invoking toplevel() on ptolemy.moml.MoMLSimpleApplication@6c83f007
reloadAllAccessors: .DBDE

===========================================================================================
----------------- testing Sun Sep 30 02:18:45 UTC 2018 /home/travis/build/icyphy/ptII/ptolemy/actor/lib/test/auto/DateConstructor.xml
----------------- Instantiating /home/travis/build/icyphy/ptII/ptolemy/actor/lib/test/auto/DateConstructor.xml
19 ms. Memory: 883200K Free: 703796K (80%)
----------------- Invoking toplevel() on ptolemy.moml.MoMLSimpleApplication@7aeca57d
----------------- Done invoking toplevel() on ptolemy.moml.MoMLSimpleApplication@7aeca57d
reloadAllAccessors: .DateConstructor

===========================================================================================
----------------- testing Sun Sep 30 02:18:45 UTC 2018 /home/travis/build/icyphy/ptII/ptolemy/actor/lib/test/auto/DelayTime.xml
----------------- Instantiating /home/travis/build/icyphy/ptII/ptolemy/actor/lib/test/auto/DelayTime.xml
3 ms. Memory: 883200K Free: 693365K (79%)
----------------- Invoking toplevel() on ptolemy.moml.MoMLSimpleApplication@3f75ab1d
----------------- Done invoking toplevel() on ptolemy.moml.MoMLSimpleApplication@3f75ab1d
reloadAllAccessors: .DelayTime

===========================================================================================
----------------- testing Sun Sep 30 02:18:45 UTC 2018 /home/travis/build/icyphy/ptII/ptolemy/actor/lib/test/auto/Dictionary1.xml
----------------- Instantiating /home/travis/build/icyphy/ptII/ptolemy/actor/lib/test/auto/Dictionary1.xml
1 ms. Memory: 883200K Free: 675881K (77%)
----------------- Invoking toplevel() on ptolemy.moml.MoMLSimpleApplication@585ee558
----------------- Done invoking toplevel() on ptolemy.moml.MoMLSimpleApplication@585ee558
reloadAllAccessors: .Dictionary1

===========================================================================================
----------------- testing Sun Sep 30 02:18:45 UTC 2018 /home/travis/build/icyphy/ptII/ptolemy/actor/lib/test/auto/Dictionary2.xml
----------------- Instantiating /home/travis/build/icyphy/ptII/ptolemy/actor/lib/test/auto/Dictionary2.xml
3 ms. Memory: 883200K Free: 665449K (75%)
----------------- Invoking toplevel() on ptolemy.moml.MoMLSimpleApplication@7e7ed9ef
----------------- Done invoking toplevel() on ptolemy.moml.MoMLSimpleApplication@7e7ed9ef
reloadAllAccessors: .Dictionary2

===========================================================================================
----------------- testing Sun Sep 30 02:18:45 UTC 2018 /home/travis/build/icyphy/ptII/ptolemy/actor/lib/test/auto/Dictionary3.xml
----------------- Instantiating /home/travis/build/icyphy/ptII/ptolemy/actor/lib/test/auto/Dictionary3.xml
1 ms. Memory: 883200K Free: 655018K (74%)
----------------- Invoking toplevel() on ptolemy.moml.MoMLSimpleApplication@5ea6049b
----------------- Done invoking toplevel() on ptolemy.moml.MoMLSimpleApplication@5ea6049b
reloadAllAccessors: .Dictionary3

===========================================================================================
----------------- testing Sun Sep 30 02:18:45 UTC 2018 /home/travis/build/icyphy/ptII/ptolemy/actor/lib/test/auto/Dictionary4.xml
----------------- Instantiating /home/travis/build/icyphy/ptII/ptolemy/actor/lib/test/auto/Dictionary4.xml
3 ms. Memory: 883200K Free: 637534K (72%)
----------------- Invoking toplevel() on ptolemy.moml.MoMLSimpleApplication@6472038f
----------------- Done invoking toplevel() on ptolemy.moml.MoMLSimpleApplication@6472038f
reloadAllAccessors: .Dictionary4

===========================================================================================
----------------- testing Sun Sep 30 02:18:45 UTC 2018 /home/travis/build/icyphy/ptII/ptolemy/actor/lib/test/auto/Differential.xml
----------------- Instantiating /home/travis/build/icyphy/ptII/ptolemy/actor/lib/test/auto/Differential.xml
3 ms. Memory: 883200K Free: 627103K (71%)
----------------- Invoking toplevel() on ptolemy.moml.MoMLSimpleApplication@1f1425ad
----------------- Done invoking toplevel() on ptolemy.moml.MoMLSimpleApplication@1f1425ad
reloadAllAccessors: .Differential

===========================================================================================
----------------- testing Sun Sep 30 02:18:45 UTC 2018 /home/travis/build/icyphy/ptII/ptolemy/actor/lib/test/auto/Director.xml
----------------- Instantiating /home/travis/build/icyphy/ptII/ptolemy/actor/lib/test/auto/Director.xml
1 ms. Memory: 883200K Free: 616672K (70%)
----------------- Invoking toplevel() on ptolemy.moml.MoMLSimpleApplication@39fdfac1
----------------- Done invoking toplevel() on ptolemy.moml.MoMLSimpleApplication@39fdfac1
reloadAllAccessors: .Director

===========================================================================================
----------------- testing Sun Sep 30 02:18:45 UTC 2018 /home/travis/build/icyphy/ptII/ptolemy/actor/lib/test/auto/DiscreteClock.xml
----------------- Instantiating /home/travis/build/icyphy/ptII/ptolemy/actor/lib/test/auto/DiscreteClock.xml
2 ms. Memory: 883200K Free: 599188K (68%)
----------------- Invoking toplevel() on ptolemy.moml.MoMLSimpleApplication@4921dc91
----------------- Done invoking toplevel() on ptolemy.moml.MoMLSimpleApplication@4921dc91
reloadAllAccessors: .DiscreteClock

===========================================================================================
----------------- testing Sun Sep 30 02:18:45 UTC 2018 /home/travis/build/icyphy/ptII/ptolemy/actor/lib/test/auto/DiscreteClock10.xml
----------------- Instantiating /home/travis/build/icyphy/ptII/ptolemy/actor/lib/test/auto/DiscreteClock10.xml
4 ms. Memory: 883200K Free: 588757K (67%)
----------------- Invoking toplevel() on ptolemy.moml.MoMLSimpleApplication@113ef000
----------------- Done invoking toplevel() on ptolemy.moml.MoMLSimpleApplication@113ef000
reloadAllAccessors: .DiscreteClock10

===========================================================================================
----------------- testing Sun Sep 30 02:18:45 UTC 2018 /home/travis/build/icyphy/ptII/ptolemy/actor/lib/test/auto/DiscreteClock11.xml
----------------- Instantiating /home/travis/build/icyphy/ptII/ptolemy/actor/lib/test/auto/DiscreteClock11.xml
2 ms. Memory: 883200K Free: 578326K (65%)
----------------- Invoking toplevel() on ptolemy.moml.MoMLSimpleApplication@49a994dc
----------------- Done invoking toplevel() on ptolemy.moml.MoMLSimpleApplication@49a994dc
reloadAllAccessors: .DiscreteClock11

===========================================================================================
----------------- testing Sun Sep 30 02:18:45 UTC 2018 /home/travis/build/icyphy/ptII/ptolemy/actor/lib/test/auto/DiscreteClock12.xml
----------------- Instantiating /home/travis/build/icyphy/ptII/ptolemy/actor/lib/test/auto/DiscreteClock12.xml
3 ms. Memory: 883200K Free: 560842K (64%)
----------------- Invoking toplevel() on ptolemy.moml.MoMLSimpleApplication@6c76aa8b
----------------- Done invoking toplevel() on ptolemy.moml.MoMLSimpleApplication@6c76aa8b
reloadAllAccessors: .DiscreteClock12

===========================================================================================
----------------- testing Sun Sep 30 02:18:45 UTC 2018 /home/travis/build/icyphy/ptII/ptolemy/actor/lib/test/auto/DiscreteClock13.xml
----------------- Instantiating /home/travis/build/icyphy/ptII/ptolemy/actor/lib/test/auto/DiscreteClock13.xml
6 ms. Memory: 883200K Free: 550411K (62%)
----------------- Invoking toplevel() on ptolemy.moml.MoMLSimpleApplication@6fbd921f
----------------- Done invoking toplevel() on ptolemy.moml.MoMLSimpleApplication@6fbd921f
reloadAllAccessors: .DiscreteClock13

===========================================================================================
----------------- testing Sun Sep 30 02:18:45 UTC 2018 /home/travis/build/icyphy/ptII/ptolemy/actor/lib/test/auto/DiscreteClock14.xml
----------------- Instantiating /home/travis/build/icyphy/ptII/ptolemy/actor/lib/test/auto/DiscreteClock14.xml
7 ms. Memory: 883200K Free: 539979K (61%)
----------------- Invoking toplevel() on ptolemy.moml.MoMLSimpleApplication@4194213a
----------------- Done invoking toplevel() on ptolemy.moml.MoMLSimpleApplication@4194213a
reloadAllAccessors: .DiscreteClock14

===========================================================================================
----------------- testing Sun Sep 30 02:18:45 UTC 2018 /home/travis/build/icyphy/ptII/ptolemy/actor/lib/test/auto/DiscreteClock15.xml
----------------- Instantiating /home/travis/build/icyphy/ptII/ptolemy/actor/lib/test/auto/DiscreteClock15.xml
6 ms. Memory: 883200K Free: 522496K (59%)
----------------- Invoking toplevel() on ptolemy.moml.MoMLSimpleApplication@10fd08d6
----------------- Done invoking toplevel() on ptolemy.moml.MoMLSimpleApplication@10fd08d6
reloadAllAccessors: .DiscreteClock15

===========================================================================================
----------------- testing Sun Sep 30 02:18:45 UTC 2018 /home/travis/build/icyphy/ptII/ptolemy/actor/lib/test/auto/DiscreteClock16.xml
----------------- Instantiating /home/travis/build/icyphy/ptII/ptolemy/actor/lib/test/auto/DiscreteClock16.xml
17 ms. Memory: 883200K Free: 506833K (57%)
----------------- Invoking toplevel() on ptolemy.moml.MoMLSimpleApplication@263c829a
----------------- Done invoking toplevel() on ptolemy.moml.MoMLSimpleApplication@263c829a
reloadAllAccessors: .DiscreteClock16

===========================================================================================
----------------- testing Sun Sep 30 02:18:45 UTC 2018 /home/travis/build/icyphy/ptII/ptolemy/actor/lib/test/auto/DiscreteClock17.xml
----------------- Instantiating /home/travis/build/icyphy/ptII/ptolemy/actor/lib/test/auto/DiscreteClock17.xml
21 ms. Memory: 883200K Free: 491170K (56%)
----------------- Invoking toplevel() on ptolemy.moml.MoMLSimpleApplication@487ffed
----------------- Done invoking toplevel() on ptolemy.moml.MoMLSimpleApplication@487ffed
reloadAllAccessors: .DiscreteClock17

===========================================================================================
----------------- testing Sun Sep 30 02:18:45 UTC 2018 /home/travis/build/icyphy/ptII/ptolemy/actor/lib/test/auto/DiscreteClock18.xml
----------------- Instantiating /home/travis/build/icyphy/ptII/ptolemy/actor/lib/test/auto/DiscreteClock18.xml
18 ms. Memory: 883200K Free: 468454K (53%)
----------------- Invoking toplevel() on ptolemy.moml.MoMLSimpleApplication@79007819
----------------- Done invoking toplevel() on ptolemy.moml.MoMLSimpleApplication@79007819
reloadAllAccessors: .DiscreteClock18

===========================================================================================
----------------- testing Sun Sep 30 02:18:46 UTC 2018 /home/travis/build/icyphy/ptII/ptolemy/actor/lib/test/auto/DiscreteClock19.xml
----------------- Instantiating /home/travis/build/icyphy/ptII/ptolemy/actor/lib/test/auto/DiscreteClock19.xml
13 ms. Memory: 883200K Free: 452800K (51%)
----------------- Invoking toplevel() on ptolemy.moml.MoMLSimpleApplication@5b04ddbc
----------------- Done invoking toplevel() on ptolemy.moml.MoMLSimpleApplication@5b04ddbc
reloadAllAccessors: .DiscreteClock19

===========================================================================================
----------------- testing Sun Sep 30 02:18:46 UTC 2018 /home/travis/build/icyphy/ptII/ptolemy/actor/lib/test/auto/DiscreteClock2.xml
----------------- Instantiating /home/travis/build/icyphy/ptII/ptolemy/actor/lib/test/auto/DiscreteClock2.xml
6 ms. Memory: 883200K Free: 442368K (50%)
----------------- Invoking toplevel() on ptolemy.moml.MoMLSimpleApplication@21c60a42
----------------- Done invoking toplevel() on ptolemy.moml.MoMLSimpleApplication@21c60a42
reloadAllAccessors: .DiscreteClock2

===========================================================================================
----------------- testing Sun Sep 30 02:18:46 UTC 2018 /home/travis/build/icyphy/ptII/ptolemy/actor/lib/test/auto/DiscreteClock20.xml
----------------- Instantiating /home/travis/build/icyphy/ptII/ptolemy/actor/lib/test/auto/DiscreteClock20.xml
6 ms. Memory: 883200K Free: 424884K (48%)
----------------- Invoking toplevel() on ptolemy.moml.MoMLSimpleApplication@34744944
----------------- Done invoking toplevel() on ptolemy.moml.MoMLSimpleApplication@34744944
reloadAllAccessors: .DiscreteClock20

===========================================================================================
----------------- testing Sun Sep 30 02:18:46 UTC 2018 /home/travis/build/icyphy/ptII/ptolemy/actor/lib/test/auto/DiscreteClock21.xml
----------------- Instantiating /home/travis/build/icyphy/ptII/ptolemy/actor/lib/test/auto/DiscreteClock21.xml
4 ms. Memory: 883200K Free: 414453K (47%)
----------------- Invoking toplevel() on ptolemy.moml.MoMLSimpleApplication@17bd2c8c
----------------- Done invoking toplevel() on ptolemy.moml.MoMLSimpleApplication@17bd2c8c
reloadAllAccessors: .DiscreteClock21

===========================================================================================
----------------- testing Sun Sep 30 02:18:46 UTC 2018 /home/travis/build/icyphy/ptII/ptolemy/actor/lib/test/auto/DiscreteClock22.xml
----------------- Instantiating /home/travis/build/icyphy/ptII/ptolemy/actor/lib/test/auto/DiscreteClock22.xml
2 ms. Memory: 883200K Free: 404022K (46%)
----------------- Invoking toplevel() on ptolemy.moml.MoMLSimpleApplication@3161ea7b
----------------- Done invoking toplevel() on ptolemy.moml.MoMLSimpleApplication@3161ea7b
reloadAllAccessors: .DiscreteClock22

===========================================================================================
----------------- testing Sun Sep 30 02:18:46 UTC 2018 /home/travis/build/icyphy/ptII/ptolemy/actor/lib/test/auto/DiscreteClock23.xml
----------------- Instantiating /home/travis/build/icyphy/ptII/ptolemy/actor/lib/test/auto/DiscreteClock23.xml
2 ms. Memory: 883200K Free: 386538K (44%)
----------------- Invoking toplevel() on ptolemy.moml.MoMLSimpleApplication@78ffc525
----------------- Done invoking toplevel() on ptolemy.moml.MoMLSimpleApplication@78ffc525
reloadAllAccessors: .DiscreteClock23

===========================================================================================
----------------- testing Sun Sep 30 02:18:46 UTC 2018 /home/travis/build/icyphy/ptII/ptolemy/actor/lib/test/auto/DiscreteClock24.xml
----------------- Instantiating /home/travis/build/icyphy/ptII/ptolemy/actor/lib/test/auto/DiscreteClock24.xml
2 ms. Memory: 883200K Free: 376107K (43%)
----------------- Invoking toplevel() on ptolemy.moml.MoMLSimpleApplication@1e019b42
----------------- Done invoking toplevel() on ptolemy.moml.MoMLSimpleApplication@1e019b42
reloadAllAccessors: .DiscreteClock24

===========================================================================================
----------------- testing Sun Sep 30 02:18:46 UTC 2018 /home/travis/build/icyphy/ptII/ptolemy/actor/lib/test/auto/DiscreteClock4.xml
----------------- Instantiating /home/travis/build/icyphy/ptII/ptolemy/actor/lib/test/auto/DiscreteClock4.xml
1 ms. Memory: 883200K Free: 365676K (41%)
----------------- Invoking toplevel() on ptolemy.moml.MoMLSimpleApplication@37d6f2a9
----------------- Done invoking toplevel() on ptolemy.moml.MoMLSimpleApplication@37d6f2a9
reloadAllAccessors: .DiscreteClock4

===========================================================================================
----------------- testing Sun Sep 30 02:18:46 UTC 2018 /home/travis/build/icyphy/ptII/ptolemy/actor/lib/test/auto/DiscreteClock5.xml
----------------- Instantiating /home/travis/build/icyphy/ptII/ptolemy/actor/lib/test/auto/DiscreteClock5.xml
1 ms. Memory: 883200K Free: 348192K (39%)
----------------- Invoking toplevel() on ptolemy.moml.MoMLSimpleApplication@20e583b4
----------------- Done invoking toplevel() on ptolemy.moml.MoMLSimpleApplication@20e583b4
reloadAllAccessors: .DiscreteClock5

===========================================================================================
----------------- testing Sun Sep 30 02:18:46 UTC 2018 /home/travis/build/icyphy/ptII/ptolemy/actor/lib/test/auto/DiscreteClock6.xml
----------------- Instantiating /home/travis/build/icyphy/ptII/ptolemy/actor/lib/test/auto/DiscreteClock6.xml
1 ms. Memory: 883200K Free: 337760K (38%)
----------------- Invoking toplevel() on ptolemy.moml.MoMLSimpleApplication@2c0819a8
----------------- Done invoking toplevel() on ptolemy.moml.MoMLSimpleApplication@2c0819a8
reloadAllAccessors: .DiscreteClock6

===========================================================================================
----------------- testing Sun Sep 30 02:18:46 UTC 2018 /home/travis/build/icyphy/ptII/ptolemy/actor/lib/test/auto/DiscreteClock7.xml
----------------- Instantiating /home/travis/build/icyphy/ptII/ptolemy/actor/lib/test/auto/DiscreteClock7.xml
1 ms. Memory: 883200K Free: 327329K (37%)
----------------- Invoking toplevel() on ptolemy.moml.MoMLSimpleApplication@5384b816
----------------- Done invoking toplevel() on ptolemy.moml.MoMLSimpleApplication@5384b816
reloadAllAccessors: .DiscreteClock7

===========================================================================================
----------------- testing Sun Sep 30 02:18:46 UTC 2018 /home/travis/build/icyphy/ptII/ptolemy/actor/lib/test/auto/DiscreteClock8.xml
----------------- Instantiating /home/travis/build/icyphy/ptII/ptolemy/actor/lib/test/auto/DiscreteClock8.xml
2 ms. Memory: 883200K Free: 309845K (35%)
----------------- Invoking toplevel() on ptolemy.moml.MoMLSimpleApplication@716b9ad9
----------------- Done invoking toplevel() on ptolemy.moml.MoMLSimpleApplication@716b9ad9
reloadAllAccessors: .DiscreteClock8

===========================================================================================
----------------- testing Sun Sep 30 02:18:46 UTC 2018 /home/travis/build/icyphy/ptII/ptolemy/actor/lib/test/auto/DiscreteClock9.xml
----------------- Instantiating /home/travis/build/icyphy/ptII/ptolemy/actor/lib/test/auto/DiscreteClock9.xml
3 ms. Memory: 883200K Free: 299414K (34%)
----------------- Invoking toplevel() on ptolemy.moml.MoMLSimpleApplication@6dff4cdb
----------------- Done invoking toplevel() on ptolemy.moml.MoMLSimpleApplication@6dff4cdb
reloadAllAccessors: .DiscreteClock9

===========================================================================================
----------------- testing Sun Sep 30 02:18:46 UTC 2018 /home/travis/build/icyphy/ptII/ptolemy/actor/lib/test/auto/DisplayArray.xml
----------------- Instantiating /home/travis/build/icyphy/ptII/ptolemy/actor/lib/test/auto/DisplayArray.xml
1 ms. Memory: 883200K Free: 288983K (33%)
----------------- Invoking toplevel() on ptolemy.moml.MoMLSimpleApplication@2615661c
----------------- Done invoking toplevel() on ptolemy.moml.MoMLSimpleApplication@2615661c
reloadAllAccessors: .DisplayArray

===========================================================================================
----------------- testing Sun Sep 30 02:18:46 UTC 2018 /home/travis/build/icyphy/ptII/ptolemy/actor/lib/test/auto/Distributor.xml
----------------- Instantiating /home/travis/build/icyphy/ptII/ptolemy/actor/lib/test/auto/Distributor.xml
1 ms. Memory: 883200K Free: 271499K (31%)
----------------- Invoking toplevel() on ptolemy.moml.MoMLSimpleApplication@784fe579
----------------- Done invoking toplevel() on ptolemy.moml.MoMLSimpleApplication@784fe579
reloadAllAccessors: .Distributor

===========================================================================================
----------------- testing Sun Sep 30 02:18:46 UTC 2018 /home/travis/build/icyphy/ptII/ptolemy/actor/lib/test/auto/Distributor2.xml
----------------- Instantiating /home/travis/build/icyphy/ptII/ptolemy/actor/lib/test/auto/Distributor2.xml
1 ms. Memory: 883200K Free: 261068K (30%)
----------------- Invoking toplevel() on ptolemy.moml.MoMLSimpleApplication@509dcccf
----------------- Done invoking toplevel() on ptolemy.moml.MoMLSimpleApplication@509dcccf
reloadAllAccessors: .Distributor2

===========================================================================================
----------------- testing Sun Sep 30 02:18:46 UTC 2018 /home/travis/build/icyphy/ptII/ptolemy/actor/lib/test/auto/DownSample.xml
----------------- Instantiating /home/travis/build/icyphy/ptII/ptolemy/actor/lib/test/auto/DownSample.xml
1 ms. Memory: 883200K Free: 250637K (28%)
----------------- Invoking toplevel() on ptolemy.moml.MoMLSimpleApplication@ccb98b8
----------------- Done invoking toplevel() on ptolemy.moml.MoMLSimpleApplication@ccb98b8
reloadAllAccessors: .DownSample

===========================================================================================
----------------- testing Sun Sep 30 02:18:46 UTC 2018 /home/travis/build/icyphy/ptII/ptolemy/actor/lib/test/auto/ElectronicUnitBase1.xml
----------------- Instantiating /home/travis/build/icyphy/ptII/ptolemy/actor/lib/test/auto/ElectronicUnitBase1.xml
17 ms. Memory: 883200K Free: 222706K (25%)
----------------- Invoking toplevel() on ptolemy.moml.MoMLSimpleApplication@158b8a57
----------------- Done invoking toplevel() on ptolemy.moml.MoMLSimpleApplication@158b8a57
reloadAllAccessors: .ElectronicUnitBase1

===========================================================================================
----------------- testing Sun Sep 30 02:18:46 UTC 2018 /home/travis/build/icyphy/ptII/ptolemy/actor/lib/test/auto/ElementsToArray.xml
----------------- Instantiating /home/travis/build/icyphy/ptII/ptolemy/actor/lib/test/auto/ElementsToArray.xml
3 ms. Memory: 883200K Free: 212274K (24%)
----------------- Invoking toplevel() on ptolemy.moml.MoMLSimpleApplication@49673123
----------------- Done invoking toplevel() on ptolemy.moml.MoMLSimpleApplication@49673123
reloadAllAccessors: .ElementsToArray

===========================================================================================
----------------- testing Sun Sep 30 02:18:46 UTC 2018 /home/travis/build/icyphy/ptII/ptolemy/actor/lib/test/auto/Equals.xml
----------------- Instantiating /home/travis/build/icyphy/ptII/ptolemy/actor/lib/test/auto/Equals.xml
1 ms. Memory: 883200K Free: 201843K (23%)
----------------- Invoking toplevel() on ptolemy.moml.MoMLSimpleApplication@42b417c8
----------------- Done invoking toplevel() on ptolemy.moml.MoMLSimpleApplication@42b417c8
reloadAllAccessors: .Equals

===========================================================================================
----------------- testing Sun Sep 30 02:18:46 UTC 2018 /home/travis/build/icyphy/ptII/ptolemy/actor/lib/test/auto/Exec.xml
----------------- Instantiating /home/travis/build/icyphy/ptII/ptolemy/actor/lib/test/auto/Exec.xml
7 ms. Memory: 1370112K Free: 1270324K (93%)
----------------- Invoking toplevel() on ptolemy.moml.MoMLSimpleApplication@4f67c620
----------------- Done invoking toplevel() on ptolemy.moml.MoMLSimpleApplication@4f67c620
reloadAllAccessors: .Exec

===========================================================================================
----------------- testing Sun Sep 30 02:18:46 UTC 2018 /home/travis/build/icyphy/ptII/ptolemy/actor/lib/test/auto/ExecEnvironment.xml
----------------- Instantiating /home/travis/build/icyphy/ptII/ptolemy/actor/lib/test/auto/ExecEnvironment.xml
32 ms. Memory: 1370112K Free: 1236941K (90%)
----------------- Invoking toplevel() on ptolemy.moml.MoMLSimpleApplication@394b33b0
----------------- Done invoking toplevel() on ptolemy.moml.MoMLSimpleApplication@394b33b0
reloadAllAccessors: .ExecEnvironment

===========================================================================================
----------------- testing Sun Sep 30 02:18:46 UTC 2018 /home/travis/build/icyphy/ptII/ptolemy/actor/lib/test/auto/ExecNonZeroReturnOutput.xml
----------------- Instantiating /home/travis/build/icyphy/ptII/ptolemy/actor/lib/test/auto/ExecNonZeroReturnOutput.xml
126 ms. Memory: 1370112K Free: 1111756K (81%)
----------------- Invoking toplevel() on ptolemy.moml.MoMLSimpleApplication@529242ef
----------------- Done invoking toplevel() on ptolemy.moml.MoMLSimpleApplication@529242ef
reloadAllAccessors: .ExecNonZeroReturnOutput

===========================================================================================
----------------- testing Sun Sep 30 02:18:47 UTC 2018 /home/travis/build/icyphy/ptII/ptolemy/actor/lib/test/auto/ExecRunDemos.xml
----------------- Instantiating /home/travis/build/icyphy/ptII/ptolemy/actor/lib/test/auto/ExecRunDemos.xml
Finished: 104 ms. Memory: 116224K Free: 100103K (86%)

Finished: 36 ms. Memory: 116224K Free: 96352K (83%)

Finished: 70 ms. Memory: 116224K Free: 96950K (83%)

Finished: 38 ms. Memory: 116224K Free: 98268K (85%)

Finished: 56 ms. Memory: 116224K Free: 99505K (86%)

9695 ms. Memory: 1370112K Free: 994390K (73%)
----------------- Invoking toplevel() on ptolemy.moml.MoMLSimpleApplication@1729eba4
----------------- Done invoking toplevel() on ptolemy.moml.MoMLSimpleApplication@1729eba4
reloadAllAccessors: .ExecRunDemos

===========================================================================================
----------------- testing Sun Sep 30 02:18:56 UTC 2018 /home/travis/build/icyphy/ptII/ptolemy/actor/lib/test/auto/ExecStop.xml
----------------- Instantiating /home/travis/build/icyphy/ptII/ptolemy/actor/lib/test/auto/ExecStop.xml
5010 ms. Memory: 1370112K Free: 785749K (57%)
----------------- Invoking toplevel() on ptolemy.moml.MoMLSimpleApplication@aa006d4
----------------- Done invoking toplevel() on ptolemy.moml.MoMLSimpleApplication@aa006d4
reloadAllAccessors: .ExecStop

===========================================================================================
----------------- testing Sun Sep 30 02:19:01 UTC 2018 /home/travis/build/icyphy/ptII/ptolemy/actor/lib/test/auto/ExecutionTimeSDF.xml
----------------- Instantiating /home/travis/build/icyphy/ptII/ptolemy/actor/lib/test/auto/ExecutionTimeSDF.xml
Fired ExecutionTime: -913767296
Fired ExecutionTime: 944000000
Fired ExecutionTime: -1679367296
6014 ms. Memory: 1370112K Free: 760696K (56%)
----------------- Invoking toplevel() on ptolemy.moml.MoMLSimpleApplication@5264d299
----------------- Done invoking toplevel() on ptolemy.moml.MoMLSimpleApplication@5264d299
reloadAllAccessors: .ExecutionTimeSDF

===========================================================================================
----------------- testing Sun Sep 30 02:19:07 UTC 2018 /home/travis/build/icyphy/ptII/ptolemy/actor/lib/test/auto/Expression1.xml
----------------- Instantiating /home/travis/build/icyphy/ptII/ptolemy/actor/lib/test/auto/Expression1.xml
2 ms. Memory: 1370112K Free: 744005K (54%)
----------------- Invoking toplevel() on ptolemy.moml.MoMLSimpleApplication@44d67863
----------------- Done invoking toplevel() on ptolemy.moml.MoMLSimpleApplication@44d67863
reloadAllAccessors: .Expression1

===========================================================================================
----------------- testing Sun Sep 30 02:19:08 UTC 2018 /home/travis/build/icyphy/ptII/ptolemy/actor/lib/test/auto/Expression10.xml
----------------- Instantiating /home/travis/build/icyphy/ptII/ptolemy/actor/lib/test/auto/Expression10.xml
4 ms. Memory: 1370112K Free: 718628K (52%)
----------------- Invoking toplevel() on ptolemy.moml.MoMLSimpleApplication@2e876ab9
----------------- Done invoking toplevel() on ptolemy.moml.MoMLSimpleApplication@2e876ab9
reloadAllAccessors: .Expression10

===========================================================================================
----------------- testing Sun Sep 30 02:19:08 UTC 2018 /home/travis/build/icyphy/ptII/ptolemy/actor/lib/test/auto/Expression11.xml
----------------- Instantiating /home/travis/build/icyphy/ptII/ptolemy/actor/lib/test/auto/Expression11.xml
1 ms. Memory: 1370112K Free: 701937K (51%)
----------------- Invoking toplevel() on ptolemy.moml.MoMLSimpleApplication@3be75a7b
----------------- Done invoking toplevel() on ptolemy.moml.MoMLSimpleApplication@3be75a7b
reloadAllAccessors: .Expression11

===========================================================================================
----------------- testing Sun Sep 30 02:19:08 UTC 2018 /home/travis/build/icyphy/ptII/ptolemy/actor/lib/test/auto/Expression12.xml
----------------- Instantiating /home/travis/build/icyphy/ptII/ptolemy/actor/lib/test/auto/Expression12.xml
2 ms. Memory: 1370112K Free: 685246K (50%)
----------------- Invoking toplevel() on ptolemy.moml.MoMLSimpleApplication@3bb99a62
----------------- Done invoking toplevel() on ptolemy.moml.MoMLSimpleApplication@3bb99a62
reloadAllAccessors: .Expression12

===========================================================================================
----------------- testing Sun Sep 30 02:19:08 UTC 2018 /home/travis/build/icyphy/ptII/ptolemy/actor/lib/test/auto/Expression13.xml
----------------- Instantiating /home/travis/build/icyphy/ptII/ptolemy/actor/lib/test/auto/Expression13.xml
3 ms. Memory: 1370112K Free: 668554K (49%)
----------------- Invoking toplevel() on ptolemy.moml.MoMLSimpleApplication@74cdf51e
----------------- Done invoking toplevel() on ptolemy.moml.MoMLSimpleApplication@74cdf51e
reloadAllAccessors: .Expression13

===========================================================================================
----------------- testing Sun Sep 30 02:19:08 UTC 2018 /home/travis/build/icyphy/ptII/ptolemy/actor/lib/test/auto/Expression14.xml
----------------- Instantiating /home/travis/build/icyphy/ptII/ptolemy/actor/lib/test/auto/Expression14.xml
4 ms. Memory: 1370112K Free: 643177K (47%)
----------------- Invoking toplevel() on ptolemy.moml.MoMLSimpleApplication@cd58335
----------------- Done invoking toplevel() on ptolemy.moml.MoMLSimpleApplication@cd58335
reloadAllAccessors: .Expression14

===========================================================================================
----------------- testing Sun Sep 30 02:19:08 UTC 2018 /home/travis/build/icyphy/ptII/ptolemy/actor/lib/test/auto/Expression15.xml
----------------- Instantiating /home/travis/build/icyphy/ptII/ptolemy/actor/lib/test/auto/Expression15.xml
2 ms. Memory: 1370112K Free: 626486K (46%)
----------------- Invoking toplevel() on ptolemy.moml.MoMLSimpleApplication@571902f1
----------------- Done invoking toplevel() on ptolemy.moml.MoMLSimpleApplication@571902f1
reloadAllAccessors: .Expression15

===========================================================================================
----------------- testing Sun Sep 30 02:19:08 UTC 2018 /home/travis/build/icyphy/ptII/ptolemy/actor/lib/test/auto/Expression16.xml
----------------- Instantiating /home/travis/build/icyphy/ptII/ptolemy/actor/lib/test/auto/Expression16.xml
3 ms. Memory: 1370112K Free: 609795K (45%)
----------------- Invoking toplevel() on ptolemy.moml.MoMLSimpleApplication@5a484b
----------------- Done invoking toplevel() on ptolemy.moml.MoMLSimpleApplication@5a484b
reloadAllAccessors: .Expression16

===========================================================================================
----------------- testing Sun Sep 30 02:19:08 UTC 2018 /home/travis/build/icyphy/ptII/ptolemy/actor/lib/test/auto/Expression17.xml
----------------- Instantiating /home/travis/build/icyphy/ptII/ptolemy/actor/lib/test/auto/Expression17.xml
2 ms. Memory: 1370112K Free: 584418K (43%)
----------------- Invoking toplevel() on ptolemy.moml.MoMLSimpleApplication@4f2d41bb
----------------- Done invoking toplevel() on ptolemy.moml.MoMLSimpleApplication@4f2d41bb
reloadAllAccessors: .Expression17

===========================================================================================
----------------- testing Sun Sep 30 02:19:08 UTC 2018 /home/travis/build/icyphy/ptII/ptolemy/actor/lib/test/auto/Expression18.xml
----------------- Instantiating /home/travis/build/icyphy/ptII/ptolemy/actor/lib/test/auto/Expression18.xml
1 ms. Memory: 1370112K Free: 567726K (41%)
----------------- Invoking toplevel() on ptolemy.moml.MoMLSimpleApplication@648dcf3e
----------------- Done invoking toplevel() on ptolemy.moml.MoMLSimpleApplication@648dcf3e
reloadAllAccessors: .Expression18

===========================================================================================
----------------- testing Sun Sep 30 02:19:08 UTC 2018 /home/travis/build/icyphy/ptII/ptolemy/actor/lib/test/auto/Expression2.xml
----------------- Instantiating /home/travis/build/icyphy/ptII/ptolemy/actor/lib/test/auto/Expression2.xml
3 ms. Memory: 1370112K Free: 551035K (40%)
----------------- Invoking toplevel() on ptolemy.moml.MoMLSimpleApplication@479a2dc6
----------------- Done invoking toplevel() on ptolemy.moml.MoMLSimpleApplication@479a2dc6
reloadAllAccessors: .Expression2

===========================================================================================
----------------- testing Sun Sep 30 02:19:08 UTC 2018 /home/travis/build/icyphy/ptII/ptolemy/actor/lib/test/auto/Expression3.xml
----------------- Instantiating /home/travis/build/icyphy/ptII/ptolemy/actor/lib/test/auto/Expression3.xml
3 ms. Memory: 1370112K Free: 534344K (39%)
----------------- Invoking toplevel() on ptolemy.moml.MoMLSimpleApplication@5a691030
----------------- Done invoking toplevel() on ptolemy.moml.MoMLSimpleApplication@5a691030
reloadAllAccessors: .Expression3

===========================================================================================
----------------- testing Sun Sep 30 02:19:08 UTC 2018 /home/travis/build/icyphy/ptII/ptolemy/actor/lib/test/auto/Expression4.xml
----------------- Instantiating /home/travis/build/icyphy/ptII/ptolemy/actor/lib/test/auto/Expression4.xml
4 ms. Memory: 1370112K Free: 508967K (37%)
----------------- Invoking toplevel() on ptolemy.moml.MoMLSimpleApplication@1b777317
----------------- Done invoking toplevel() on ptolemy.moml.MoMLSimpleApplication@1b777317
reloadAllAccessors: .Expression4

===========================================================================================
----------------- testing Sun Sep 30 02:19:08 UTC 2018 /home/travis/build/icyphy/ptII/ptolemy/actor/lib/test/auto/Expression5.xml
----------------- Instantiating /home/travis/build/icyphy/ptII/ptolemy/actor/lib/test/auto/Expression5.xml
3 ms. Memory: 1370112K Free: 492275K (36%)
----------------- Invoking toplevel() on ptolemy.moml.MoMLSimpleApplication@7746208b
----------------- Done invoking toplevel() on ptolemy.moml.MoMLSimpleApplication@7746208b
reloadAllAccessors: .Expression5

===========================================================================================
----------------- testing Sun Sep 30 02:19:08 UTC 2018 /home/travis/build/icyphy/ptII/ptolemy/actor/lib/test/auto/Expression6.xml
----------------- Instantiating /home/travis/build/icyphy/ptII/ptolemy/actor/lib/test/auto/Expression6.xml
3 ms. Memory: 1370112K Free: 475584K (35%)
----------------- Invoking toplevel() on ptolemy.moml.MoMLSimpleApplication@7658359e
----------------- Done invoking toplevel() on ptolemy.moml.MoMLSimpleApplication@7658359e
reloadAllAccessors: .Expression6

===========================================================================================
----------------- testing Sun Sep 30 02:19:08 UTC 2018 /home/travis/build/icyphy/ptII/ptolemy/actor/lib/test/auto/Expression7.xml
----------------- Instantiating /home/travis/build/icyphy/ptII/ptolemy/actor/lib/test/auto/Expression7.xml
2 ms. Memory: 1370112K Free: 458893K (33%)
----------------- Invoking toplevel() on ptolemy.moml.MoMLSimpleApplication@5e010f2e
----------------- Done invoking toplevel() on ptolemy.moml.MoMLSimpleApplication@5e010f2e
reloadAllAccessors: .Expression7

===========================================================================================
----------------- testing Sun Sep 30 02:19:08 UTC 2018 /home/travis/build/icyphy/ptII/ptolemy/actor/lib/test/auto/Expression8.xml
----------------- Instantiating /home/travis/build/icyphy/ptII/ptolemy/actor/lib/test/auto/Expression8.xml
4 ms. Memory: 1370112K Free: 433516K (32%)
----------------- Invoking toplevel() on ptolemy.moml.MoMLSimpleApplication@2b7d30ff
----------------- Done invoking toplevel() on ptolemy.moml.MoMLSimpleApplication@2b7d30ff
reloadAllAccessors: .Expression8

===========================================================================================
----------------- testing Sun Sep 30 02:19:08 UTC 2018 /home/travis/build/icyphy/ptII/ptolemy/actor/lib/test/auto/Expression9.xml
----------------- Instantiating /home/travis/build/icyphy/ptII/ptolemy/actor/lib/test/auto/Expression9.xml
1 ms. Memory: 1370112K Free: 416825K (30%)
----------------- Invoking toplevel() on ptolemy.moml.MoMLSimpleApplication@4b2739d7
----------------- Done invoking toplevel() on ptolemy.moml.MoMLSimpleApplication@4b2739d7
reloadAllAccessors: .Expression9

===========================================================================================
----------------- testing Sun Sep 30 02:19:08 UTC 2018 /home/travis/build/icyphy/ptII/ptolemy/actor/lib/test/auto/ExpressionConcatenateArrayType.xml
----------------- Instantiating /home/travis/build/icyphy/ptII/ptolemy/actor/lib/test/auto/ExpressionConcatenateArrayType.xml
3 ms. Memory: 1370112K Free: 400133K (29%)
----------------- Invoking toplevel() on ptolemy.moml.MoMLSimpleApplication@2d9a459b
----------------- Done invoking toplevel() on ptolemy.moml.MoMLSimpleApplication@2d9a459b
reloadAllAccessors: .ExpressionConcatenateArrayType

===========================================================================================
----------------- testing Sun Sep 30 02:19:08 UTC 2018 /home/travis/build/icyphy/ptII/ptolemy/actor/lib/test/auto/ExpressionConcatenateArrayType2.xml
----------------- Instantiating /home/travis/build/icyphy/ptII/ptolemy/actor/lib/test/auto/ExpressionConcatenateArrayType2.xml
2 ms. Memory: 1370112K Free: 374756K (27%)
----------------- Invoking toplevel() on ptolemy.moml.MoMLSimpleApplication@5df1707
----------------- Done invoking toplevel() on ptolemy.moml.MoMLSimpleApplication@5df1707
reloadAllAccessors: .ExpressionConcatenateArrayType2

===========================================================================================
----------------- testing Sun Sep 30 02:19:08 UTC 2018 /home/travis/build/icyphy/ptII/ptolemy/actor/lib/test/auto/ExpressionFix.xml
----------------- Instantiating /home/travis/build/icyphy/ptII/ptolemy/actor/lib/test/auto/ExpressionFix.xml
9 ms. Memory: 1370112K Free: 358065K (26%)
----------------- Invoking toplevel() on ptolemy.moml.MoMLSimpleApplication@761440f
----------------- Done invoking toplevel() on ptolemy.moml.MoMLSimpleApplication@761440f
reloadAllAccessors: .ExpressionFix

===========================================================================================
----------------- testing Sun Sep 30 02:19:08 UTC 2018 /home/travis/build/icyphy/ptII/ptolemy/actor/lib/test/auto/ExpressionFix2.xml
----------------- Instantiating /home/travis/build/icyphy/ptII/ptolemy/actor/lib/test/auto/ExpressionFix2.xml
2 ms. Memory: 1370112K Free: 341374K (25%)
----------------- Invoking toplevel() on ptolemy.moml.MoMLSimpleApplication@69c19151
----------------- Done invoking toplevel() on ptolemy.moml.MoMLSimpleApplication@69c19151
reloadAllAccessors: .ExpressionFix2

===========================================================================================
----------------- testing Sun Sep 30 02:19:08 UTC 2018 /home/travis/build/icyphy/ptII/ptolemy/actor/lib/test/auto/ExpressionFix3.xml
----------------- Instantiating /home/travis/build/icyphy/ptII/ptolemy/actor/lib/test/auto/ExpressionFix3.xml
2 ms. Memory: 1370112K Free: 324682K (24%)
----------------- Invoking toplevel() on ptolemy.moml.MoMLSimpleApplication@141e6557
----------------- Done invoking toplevel() on ptolemy.moml.MoMLSimpleApplication@141e6557
reloadAllAccessors: .ExpressionFix3

===========================================================================================
----------------- testing Sun Sep 30 02:19:08 UTC 2018 /home/travis/build/icyphy/ptII/ptolemy/actor/lib/test/auto/FileWriter1.xml
----------------- Instantiating /home/travis/build/icyphy/ptII/ptolemy/actor/lib/test/auto/FileWriter1.xml
2 ms. Memory: 1370112K Free: 299305K (22%)
----------------- Invoking toplevel() on ptolemy.moml.MoMLSimpleApplication@aed028f
----------------- Done invoking toplevel() on ptolemy.moml.MoMLSimpleApplication@aed028f
reloadAllAccessors: .FileWriter1

===========================================================================================
----------------- testing Sun Sep 30 02:19:08 UTC 2018 /home/travis/build/icyphy/ptII/ptolemy/actor/lib/test/auto/FileWriter2.xml
----------------- Instantiating /home/travis/build/icyphy/ptII/ptolemy/actor/lib/test/auto/FileWriter2.xml
2 ms. Memory: 1370112K Free: 282614K (21%)
----------------- Invoking toplevel() on ptolemy.moml.MoMLSimpleApplication@2db96e1a
----------------- Done invoking toplevel() on ptolemy.moml.MoMLSimpleApplication@2db96e1a
reloadAllAccessors: .FileWriter2

===========================================================================================
----------------- testing Sun Sep 30 02:19:08 UTC 2018 /home/travis/build/icyphy/ptII/ptolemy/actor/lib/test/auto/FileWriter3.xml
----------------- Instantiating /home/travis/build/icyphy/ptII/ptolemy/actor/lib/test/auto/FileWriter3.xml
2 ms. Memory: 1370112K Free: 265923K (19%)
----------------- Invoking toplevel() on ptolemy.moml.MoMLSimpleApplication@57fc5708
----------------- Done invoking toplevel() on ptolemy.moml.MoMLSimpleApplication@57fc5708
reloadAllAccessors: .FileWriter3

===========================================================================================
----------------- testing Sun Sep 30 02:19:08 UTC 2018 /home/travis/build/icyphy/ptII/ptolemy/actor/lib/test/auto/Gaussian.xml
----------------- Instantiating /home/travis/build/icyphy/ptII/ptolemy/actor/lib/test/auto/Gaussian.xml
2 ms. Memory: 1370112K Free: 240545K (18%)
----------------- Invoking toplevel() on ptolemy.moml.MoMLSimpleApplication@6595d2b2
----------------- Done invoking toplevel() on ptolemy.moml.MoMLSimpleApplication@6595d2b2
reloadAllAccessors: .Gaussian

===========================================================================================
----------------- testing Sun Sep 30 02:19:08 UTC 2018 /home/travis/build/icyphy/ptII/ptolemy/actor/lib/test/auto/Gaussian1.xml
----------------- Instantiating /home/travis/build/icyphy/ptII/ptolemy/actor/lib/test/auto/Gaussian1.xml
3 ms. Memory: 1370112K Free: 223854K (16%)
----------------- Invoking toplevel() on ptolemy.moml.MoMLSimpleApplication@3b265754
----------------- Done invoking toplevel() on ptolemy.moml.MoMLSimpleApplication@3b265754
reloadAllAccessors: .Gaussian1

===========================================================================================
----------------- testing Sun Sep 30 02:19:08 UTC 2018 /home/travis/build/icyphy/ptII/ptolemy/actor/lib/test/auto/Gaussian2.xml
----------------- Instantiating /home/travis/build/icyphy/ptII/ptolemy/actor/lib/test/auto/Gaussian2.xml
2 ms. Memory: 1370112K Free: 207163K (15%)
----------------- Invoking toplevel() on ptolemy.moml.MoMLSimpleApplication@4995e71
----------------- Done invoking toplevel() on ptolemy.moml.MoMLSimpleApplication@4995e71
reloadAllAccessors: .Gaussian2

===========================================================================================
----------------- testing Sun Sep 30 02:19:08 UTC 2018 /home/travis/build/icyphy/ptII/ptolemy/actor/lib/test/auto/GradientAdaptiveLattice.xml
----------------- Instantiating /home/travis/build/icyphy/ptII/ptolemy/actor/lib/test/auto/GradientAdaptiveLattice.xml
3 ms. Memory: 1370112K Free: 190472K (14%)
----------------- Invoking toplevel() on ptolemy.moml.MoMLSimpleApplication@5fe3a766
----------------- Done invoking toplevel() on ptolemy.moml.MoMLSimpleApplication@5fe3a766
reloadAllAccessors: .GradientAdaptiveLattice

===========================================================================================
----------------- testing Sun Sep 30 02:19:08 UTC 2018 /home/travis/build/icyphy/ptII/ptolemy/actor/lib/test/auto/IIR.xml
----------------- Instantiating /home/travis/build/icyphy/ptII/ptolemy/actor/lib/test/auto/IIR.xml
2 ms. Memory: 1370112K Free: 165094K (12%)
----------------- Invoking toplevel() on ptolemy.moml.MoMLSimpleApplication@1d2543eb
----------------- Done invoking toplevel() on ptolemy.moml.MoMLSimpleApplication@1d2543eb
reloadAllAccessors: .IIR

===========================================================================================
----------------- testing Sun Sep 30 02:19:08 UTC 2018 /home/travis/build/icyphy/ptII/ptolemy/actor/lib/test/auto/InputOutputTransparentPorts.xml
----------------- Instantiating /home/travis/build/icyphy/ptII/ptolemy/actor/lib/test/auto/InputOutputTransparentPorts.xml
2 ms. Memory: 1370112K Free: 148403K (11%)
----------------- Invoking toplevel() on ptolemy.moml.MoMLSimpleApplication@6a8888e3
----------------- Done invoking toplevel() on ptolemy.moml.MoMLSimpleApplication@6a8888e3
reloadAllAccessors: .InputOutputTransparentPorts

===========================================================================================
----------------- testing Sun Sep 30 02:19:08 UTC 2018 /home/travis/build/icyphy/ptII/ptolemy/actor/lib/test/auto/Interpolator.xml
----------------- Instantiating /home/travis/build/icyphy/ptII/ptolemy/actor/lib/test/auto/Interpolator.xml
3 ms. Memory: 1370112K Free: 131712K (10%)
----------------- Invoking toplevel() on ptolemy.moml.MoMLSimpleApplication@6b84035b
----------------- Done invoking toplevel() on ptolemy.moml.MoMLSimpleApplication@6b84035b
reloadAllAccessors: .Interpolator

===========================================================================================
----------------- testing Sun Sep 30 02:19:08 UTC 2018 /home/travis/build/icyphy/ptII/ptolemy/actor/lib/test/auto/InterpolatorFiringLimitDE.xml
----------------- Instantiating /home/travis/build/icyphy/ptII/ptolemy/actor/lib/test/auto/InterpolatorFiringLimitDE.xml
2 ms. Memory: 1370112K Free: 115021K (8%)
----------------- Invoking toplevel() on ptolemy.moml.MoMLSimpleApplication@3fb6d382
----------------- Done invoking toplevel() on ptolemy.moml.MoMLSimpleApplication@3fb6d382
reloadAllAccessors: .InterpolatorFiringLimitDE

===========================================================================================
----------------- testing Sun Sep 30 02:19:08 UTC 2018 /home/travis/build/icyphy/ptII/ptolemy/actor/lib/test/auto/Lattice.xml
----------------- Instantiating /home/travis/build/icyphy/ptII/ptolemy/actor/lib/test/auto/Lattice.xml
1 ms. Memory: 1370112K Free: 89643K (7%)
----------------- Invoking toplevel() on ptolemy.moml.MoMLSimpleApplication@12167408
----------------- Done invoking toplevel() on ptolemy.moml.MoMLSimpleApplication@12167408
reloadAllAccessors: .Lattice

===========================================================================================
----------------- testing Sun Sep 30 02:19:08 UTC 2018 /home/travis/build/icyphy/ptII/ptolemy/actor/lib/test/auto/LazyAOCTestLazy.xml
----------------- Instantiating /home/travis/build/icyphy/ptII/ptolemy/actor/lib/test/auto/LazyAOCTestLazy.xml
18 ms. Memory: 1370112K Free: 1327733K (97%)
----------------- Invoking toplevel() on ptolemy.moml.MoMLSimpleApplication@63a90963
----------------- Done invoking toplevel() on ptolemy.moml.MoMLSimpleApplication@63a90963
reloadAllAccessors: .LazyAOCTestLazy

===========================================================================================
----------------- testing Sun Sep 30 02:19:08 UTC 2018 /home/travis/build/icyphy/ptII/ptolemy/actor/lib/test/auto/LazyAOCTestNonLazy.xml
----------------- Instantiating /home/travis/build/icyphy/ptII/ptolemy/actor/lib/test/auto/LazyAOCTestNonLazy.xml
10 ms. Memory: 1370112K Free: 1304727K (95%)
----------------- Invoking toplevel() on ptolemy.moml.MoMLSimpleApplication@4083b0d4
----------------- Done invoking toplevel() on ptolemy.moml.MoMLSimpleApplication@4083b0d4
reloadAllAccessors: .LazyAOCTestNonLazy

===========================================================================================
----------------- testing Sun Sep 30 02:19:08 UTC 2018 /home/travis/build/icyphy/ptII/ptolemy/actor/lib/test/auto/LazyInnerClass.xml
----------------- Instantiating /home/travis/build/icyphy/ptII/ptolemy/actor/lib/test/auto/LazyInnerClass.xml
18 ms. Memory: 1370112K Free: 1292209K (94%)
----------------- Invoking toplevel() on ptolemy.moml.MoMLSimpleApplication@86356fa
----------------- Done invoking toplevel() on ptolemy.moml.MoMLSimpleApplication@86356fa
reloadAllAccessors: .LazyInnerClass

===========================================================================================
----------------- testing Sun Sep 30 02:19:08 UTC 2018 /home/travis/build/icyphy/ptII/ptolemy/actor/lib/test/auto/LazyPubSub.xml
----------------- Instantiating /home/travis/build/icyphy/ptII/ptolemy/actor/lib/test/auto/LazyPubSub.xml
19 ms. Memory: 1370112K Free: 1273266K (93%)
----------------- Invoking toplevel() on ptolemy.moml.MoMLSimpleApplication@404a253
----------------- Done invoking toplevel() on ptolemy.moml.MoMLSimpleApplication@404a253
reloadAllAccessors: .LazyPubSub

===========================================================================================
----------------- testing Sun Sep 30 02:19:08 UTC 2018 /home/travis/build/icyphy/ptII/ptolemy/actor/lib/test/auto/LazyPubSub2.xml
----------------- Instantiating /home/travis/build/icyphy/ptII/ptolemy/actor/lib/test/auto/LazyPubSub2.xml
16 ms. Memory: 1370112K Free: 1260747K (92%)
----------------- Invoking toplevel() on ptolemy.moml.MoMLSimpleApplication@28307c99
----------------- Done invoking toplevel() on ptolemy.moml.MoMLSimpleApplication@28307c99
reloadAllAccessors: .LazyPubSub2

===========================================================================================
----------------- testing Sun Sep 30 02:19:08 UTC 2018 /home/travis/build/icyphy/ptII/ptolemy/actor/lib/test/auto/LazyPubSub3.xml
----------------- Instantiating /home/travis/build/icyphy/ptII/ptolemy/actor/lib/test/auto/LazyPubSub3.xml
17 ms. Memory: 1370112K Free: 1248229K (91%)
----------------- Invoking toplevel() on ptolemy.moml.MoMLSimpleApplication@2acda2a
----------------- Done invoking toplevel() on ptolemy.moml.MoMLSimpleApplication@2acda2a
reloadAllAccessors: .LazyPubSub3

===========================================================================================
----------------- testing Sun Sep 30 02:19:08 UTC 2018 /home/travis/build/icyphy/ptII/ptolemy/actor/lib/test/auto/LazySubClassModel.xml
----------------- Instantiating /home/travis/build/icyphy/ptII/ptolemy/actor/lib/test/auto/LazySubClassModel.xml
2 ms. Memory: 1370112K Free: 1223136K (89%)
----------------- Invoking toplevel() on ptolemy.moml.MoMLSimpleApplication@716ee269
----------------- Done invoking toplevel() on ptolemy.moml.MoMLSimpleApplication@716ee269
reloadAllAccessors: .LazySubClassModel

===========================================================================================
----------------- testing Sun Sep 30 02:19:08 UTC 2018 /home/travis/build/icyphy/ptII/ptolemy/actor/lib/test/auto/LevelCrossTest1.xml
----------------- Instantiating /home/travis/build/icyphy/ptII/ptolemy/actor/lib/test/auto/LevelCrossTest1.xml
1 ms. Memory: 1370112K Free: 1210617K (88%)
----------------- Invoking toplevel() on ptolemy.moml.MoMLSimpleApplication@2008c7dc
----------------- Done invoking toplevel() on ptolemy.moml.MoMLSimpleApplication@2008c7dc
reloadAllAccessors: .broken

===========================================================================================
----------------- testing Sun Sep 30 02:19:08 UTC 2018 /home/travis/build/icyphy/ptII/ptolemy/actor/lib/test/auto/LevelCrossTest10.xml
----------------- Instantiating /home/travis/build/icyphy/ptII/ptolemy/actor/lib/test/auto/LevelCrossTest10.xml
1 ms. Memory: 1370112K Free: 1191784K (87%)
----------------- Invoking toplevel() on ptolemy.moml.MoMLSimpleApplication@55dc6700
----------------- Done invoking toplevel() on ptolemy.moml.MoMLSimpleApplication@55dc6700
reloadAllAccessors: .LevelCrossTest10

===========================================================================================
----------------- testing Sun Sep 30 02:19:08 UTC 2018 /home/travis/build/icyphy/ptII/ptolemy/actor/lib/test/auto/LevelCrossTest11.xml
----------------- Instantiating /home/travis/build/icyphy/ptII/ptolemy/actor/lib/test/auto/LevelCrossTest11.xml
1 ms. Memory: 1370112K Free: 1179266K (86%)
----------------- Invoking toplevel() on ptolemy.moml.MoMLSimpleApplication@4a6ee1b0
----------------- Done invoking toplevel() on ptolemy.moml.MoMLSimpleApplication@4a6ee1b0
reloadAllAccessors: .LevelCrossTest11

===========================================================================================
----------------- testing Sun Sep 30 02:19:08 UTC 2018 /home/travis/build/icyphy/ptII/ptolemy/actor/lib/test/auto/LevelCrossTest12.xml
----------------- Instantiating /home/travis/build/icyphy/ptII/ptolemy/actor/lib/test/auto/LevelCrossTest12.xml
1 ms. Memory: 1370112K Free: 1166747K (85%)
----------------- Invoking toplevel() on ptolemy.moml.MoMLSimpleApplication@188229f8
----------------- Done invoking toplevel() on ptolemy.moml.MoMLSimpleApplication@188229f8
reloadAllAccessors: .LevelCrossTest12

===========================================================================================
----------------- testing Sun Sep 30 02:19:09 UTC 2018 /home/travis/build/icyphy/ptII/ptolemy/actor/lib/test/auto/LevelCrossTest13.xml
----------------- Instantiating /home/travis/build/icyphy/ptII/ptolemy/actor/lib/test/auto/LevelCrossTest13.xml
1 ms. Memory: 1370112K Free: 1147914K (84%)
----------------- Invoking toplevel() on ptolemy.moml.MoMLSimpleApplication@1b04c501
----------------- Done invoking toplevel() on ptolemy.moml.MoMLSimpleApplication@1b04c501
reloadAllAccessors: .LevelCrossTest13

===========================================================================================
----------------- testing Sun Sep 30 02:19:09 UTC 2018 /home/travis/build/icyphy/ptII/ptolemy/actor/lib/test/auto/LevelCrossTest2.xml
----------------- Instantiating /home/travis/build/icyphy/ptII/ptolemy/actor/lib/test/auto/LevelCrossTest2.xml
1 ms. Memory: 1370112K Free: 1135396K (83%)
----------------- Invoking toplevel() on ptolemy.moml.MoMLSimpleApplication@228818dc
----------------- Done invoking toplevel() on ptolemy.moml.MoMLSimpleApplication@228818dc
reloadAllAccessors: .broken

===========================================================================================
----------------- testing Sun Sep 30 02:19:09 UTC 2018 /home/travis/build/icyphy/ptII/ptolemy/actor/lib/test/auto/LevelCrossTest3.xml
----------------- Instantiating /home/travis/build/icyphy/ptII/ptolemy/actor/lib/test/auto/LevelCrossTest3.xml
1 ms. Memory: 1370112K Free: 1122877K (82%)
----------------- Invoking toplevel() on ptolemy.moml.MoMLSimpleApplication@7e285297
----------------- Done invoking toplevel() on ptolemy.moml.MoMLSimpleApplication@7e285297
reloadAllAccessors: .LevelCrossTest3

===========================================================================================
----------------- testing Sun Sep 30 02:19:09 UTC 2018 /home/travis/build/icyphy/ptII/ptolemy/actor/lib/test/auto/LevelCrossTest4.xml
----------------- Instantiating /home/travis/build/icyphy/ptII/ptolemy/actor/lib/test/auto/LevelCrossTest4.xml
1 ms. Memory: 1370112K Free: 1104044K (81%)
----------------- Invoking toplevel() on ptolemy.moml.MoMLSimpleApplication@121b1405
----------------- Done invoking toplevel() on ptolemy.moml.MoMLSimpleApplication@121b1405
reloadAllAccessors: .broken

===========================================================================================
----------------- testing Sun Sep 30 02:19:09 UTC 2018 /home/travis/build/icyphy/ptII/ptolemy/actor/lib/test/auto/LevelCrossTest5.xml
----------------- Instantiating /home/travis/build/icyphy/ptII/ptolemy/actor/lib/test/auto/LevelCrossTest5.xml
1 ms. Memory: 1370112K Free: 1091526K (80%)
----------------- Invoking toplevel() on ptolemy.moml.MoMLSimpleApplication@425a878d
----------------- Done invoking toplevel() on ptolemy.moml.MoMLSimpleApplication@425a878d
reloadAllAccessors: .LevelCrossTest5

===========================================================================================
----------------- testing Sun Sep 30 02:19:09 UTC 2018 /home/travis/build/icyphy/ptII/ptolemy/actor/lib/test/auto/LevelCrossTest6.xml
----------------- Instantiating /home/travis/build/icyphy/ptII/ptolemy/actor/lib/test/auto/LevelCrossTest6.xml
1 ms. Memory: 1370112K Free: 1072692K (78%)
----------------- Invoking toplevel() on ptolemy.moml.MoMLSimpleApplication@6f163f56
----------------- Done invoking toplevel() on ptolemy.moml.MoMLSimpleApplication@6f163f56
reloadAllAccessors: .LevelCrossTest6

===========================================================================================
----------------- testing Sun Sep 30 02:19:09 UTC 2018 /home/travis/build/icyphy/ptII/ptolemy/actor/lib/test/auto/LevelCrossTest7.xml
----------------- Instantiating /home/travis/build/icyphy/ptII/ptolemy/actor/lib/test/auto/LevelCrossTest7.xml
1 ms. Memory: 1370112K Free: 1060174K (77%)
----------------- Invoking toplevel() on ptolemy.moml.MoMLSimpleApplication@4a13498f
----------------- Done invoking toplevel() on ptolemy.moml.MoMLSimpleApplication@4a13498f
reloadAllAccessors: .LevelCrossTest7

===========================================================================================
----------------- testing Sun Sep 30 02:19:09 UTC 2018 /home/travis/build/icyphy/ptII/ptolemy/actor/lib/test/auto/LevelCrossTest8.xml
----------------- Instantiating /home/travis/build/icyphy/ptII/ptolemy/actor/lib/test/auto/LevelCrossTest8.xml
1 ms. Memory: 1370112K Free: 1047655K (76%)
----------------- Invoking toplevel() on ptolemy.moml.MoMLSimpleApplication@6b05ee06
----------------- Done invoking toplevel() on ptolemy.moml.MoMLSimpleApplication@6b05ee06
reloadAllAccessors: .LevelCrossTest8

===========================================================================================
----------------- testing Sun Sep 30 02:19:09 UTC 2018 /home/travis/build/icyphy/ptII/ptolemy/actor/lib/test/auto/LevelCrossTest9.xml
----------------- Instantiating /home/travis/build/icyphy/ptII/ptolemy/actor/lib/test/auto/LevelCrossTest9.xml
1 ms. Memory: 1370112K Free: 1028822K (75%)
----------------- Invoking toplevel() on ptolemy.moml.MoMLSimpleApplication@1d2a9a34
----------------- Done invoking toplevel() on ptolemy.moml.MoMLSimpleApplication@1d2a9a34
reloadAllAccessors: .LevelCrossTest9

===========================================================================================
----------------- testing Sun Sep 30 02:19:09 UTC 2018 /home/travis/build/icyphy/ptII/ptolemy/actor/lib/test/auto/LevinsonDurbin.xml
----------------- Instantiating /home/travis/build/icyphy/ptII/ptolemy/actor/lib/test/auto/LevinsonDurbin.xml
5 ms. Memory: 1370112K Free: 1016304K (74%)
----------------- Invoking toplevel() on ptolemy.moml.MoMLSimpleApplication@4018f475
----------------- Done invoking toplevel() on ptolemy.moml.MoMLSimpleApplication@4018f475
reloadAllAccessors: .LevinsonDurbin

===========================================================================================
----------------- testing Sun Sep 30 02:19:09 UTC 2018 /home/travis/build/icyphy/ptII/ptolemy/actor/lib/test/auto/LevinsonDurbin2.xml
----------------- Instantiating /home/travis/build/icyphy/ptII/ptolemy/actor/lib/test/auto/LevinsonDurbin2.xml
1 ms. Memory: 1370112K Free: 997471K (73%)
----------------- Invoking toplevel() on ptolemy.moml.MoMLSimpleApplication@6648f3e8
----------------- Done invoking toplevel() on ptolemy.moml.MoMLSimpleApplication@6648f3e8
reloadAllAccessors: .LevinsonDurbin2

===========================================================================================
----------------- testing Sun Sep 30 02:19:09 UTC 2018 /home/travis/build/icyphy/ptII/ptolemy/actor/lib/test/auto/LevinsonDurbin3.xml
----------------- Instantiating /home/travis/build/icyphy/ptII/ptolemy/actor/lib/test/auto/LevinsonDurbin3.xml
3 ms. Memory: 1370112K Free: 984952K (72%)
----------------- Invoking toplevel() on ptolemy.moml.MoMLSimpleApplication@30f2bcb0
----------------- Done invoking toplevel() on ptolemy.moml.MoMLSimpleApplication@30f2bcb0
reloadAllAccessors: .LevinsonDurbin3

===========================================================================================
----------------- testing Sun Sep 30 02:19:09 UTC 2018 /home/travis/build/icyphy/ptII/ptolemy/actor/lib/test/auto/Limiter.xml
----------------- Instantiating /home/travis/build/icyphy/ptII/ptolemy/actor/lib/test/auto/Limiter.xml
3 ms. Memory: 1370112K Free: 966159K (71%)
----------------- Invoking toplevel() on ptolemy.moml.MoMLSimpleApplication@1672e305
----------------- Done invoking toplevel() on ptolemy.moml.MoMLSimpleApplication@1672e305
reloadAllAccessors: .Limiter

===========================================================================================
----------------- testing Sun Sep 30 02:19:09 UTC 2018 /home/travis/build/icyphy/ptII/ptolemy/actor/lib/test/auto/LinearDifferenceEquationSystem.xml
----------------- Instantiating /home/travis/build/icyphy/ptII/ptolemy/actor/lib/test/auto/LinearDifferenceEquationSystem.xml
3 ms. Memory: 1370112K Free: 947324K (69%)
----------------- Invoking toplevel() on ptolemy.moml.MoMLSimpleApplication@24a81b6e
----------------- Done invoking toplevel() on ptolemy.moml.MoMLSimpleApplication@24a81b6e
reloadAllAccessors: .LinearDifferenceEquationSystem

===========================================================================================
----------------- testing Sun Sep 30 02:19:09 UTC 2018 /home/travis/build/icyphy/ptII/ptolemy/actor/lib/test/auto/LookupTable.xml
----------------- Instantiating /home/travis/build/icyphy/ptII/ptolemy/actor/lib/test/auto/LookupTable.xml
1 ms. Memory: 1370112K Free: 934806K (68%)
----------------- Invoking toplevel() on ptolemy.moml.MoMLSimpleApplication@6bb7332f
----------------- Done invoking toplevel() on ptolemy.moml.MoMLSimpleApplication@6bb7332f
reloadAllAccessors: .LookupTable

===========================================================================================
----------------- testing Sun Sep 30 02:19:09 UTC 2018 /home/travis/build/icyphy/ptII/ptolemy/actor/lib/test/auto/MathFunction.xml
----------------- Instantiating /home/travis/build/icyphy/ptII/ptolemy/actor/lib/test/auto/MathFunction.xml
4 ms. Memory: 1370112K Free: 922287K (67%)
----------------- Invoking toplevel() on ptolemy.moml.MoMLSimpleApplication@5e66c9dc
----------------- Done invoking toplevel() on ptolemy.moml.MoMLSimpleApplication@5e66c9dc
reloadAllAccessors: .MathFunction

===========================================================================================
----------------- testing Sun Sep 30 02:19:09 UTC 2018 /home/travis/build/icyphy/ptII/ptolemy/actor/lib/test/auto/MathFunction2.xml
----------------- Instantiating /home/travis/build/icyphy/ptII/ptolemy/actor/lib/test/auto/MathFunction2.xml
7 ms. Memory: 1370112K Free: 903454K (66%)
----------------- Invoking toplevel() on ptolemy.moml.MoMLSimpleApplication@2d5203fc
----------------- Done invoking toplevel() on ptolemy.moml.MoMLSimpleApplication@2d5203fc
reloadAllAccessors: .MathFunction2

===========================================================================================
----------------- testing Sun Sep 30 02:19:09 UTC 2018 /home/travis/build/icyphy/ptII/ptolemy/actor/lib/test/auto/MathFunction3.xml
----------------- Instantiating /home/travis/build/icyphy/ptII/ptolemy/actor/lib/test/auto/MathFunction3.xml
2 ms. Memory: 1370112K Free: 890936K (65%)
----------------- Invoking toplevel() on ptolemy.moml.MoMLSimpleApplication@54a9ef76
----------------- Done invoking toplevel() on ptolemy.moml.MoMLSimpleApplication@54a9ef76
reloadAllAccessors: .MathFunction3

===========================================================================================
----------------- testing Sun Sep 30 02:19:09 UTC 2018 /home/travis/build/icyphy/ptII/ptolemy/actor/lib/test/auto/MatrixCropBoolean.xml
----------------- Instantiating /home/travis/build/icyphy/ptII/ptolemy/actor/lib/test/auto/MatrixCropBoolean.xml
2 ms. Memory: 1370112K Free: 872102K (64%)
----------------- Invoking toplevel() on ptolemy.moml.MoMLSimpleApplication@5778fd33
----------------- Done invoking toplevel() on ptolemy.moml.MoMLSimpleApplication@5778fd33
reloadAllAccessors: .MatrixCropBoolean

===========================================================================================
----------------- testing Sun Sep 30 02:19:09 UTC 2018 /home/travis/build/icyphy/ptII/ptolemy/actor/lib/test/auto/MatrixCropComplex.xml
----------------- Instantiating /home/travis/build/icyphy/ptII/ptolemy/actor/lib/test/auto/MatrixCropComplex.xml
2 ms. Memory: 1370112K Free: 859584K (63%)
----------------- Invoking toplevel() on ptolemy.moml.MoMLSimpleApplication@1a23d28
----------------- Done invoking toplevel() on ptolemy.moml.MoMLSimpleApplication@1a23d28
reloadAllAccessors: .MatrixCropComplex

===========================================================================================
----------------- testing Sun Sep 30 02:19:09 UTC 2018 /home/travis/build/icyphy/ptII/ptolemy/actor/lib/test/auto/MatrixCropDouble.xml
----------------- Instantiating /home/travis/build/icyphy/ptII/ptolemy/actor/lib/test/auto/MatrixCropDouble.xml
2 ms. Memory: 1370112K Free: 847066K (62%)
----------------- Invoking toplevel() on ptolemy.moml.MoMLSimpleApplication@76cdc9a6
----------------- Done invoking toplevel() on ptolemy.moml.MoMLSimpleApplication@76cdc9a6
reloadAllAccessors: .MatrixCropDouble

===========================================================================================
----------------- testing Sun Sep 30 02:19:09 UTC 2018 /home/travis/build/icyphy/ptII/ptolemy/actor/lib/test/auto/MatrixCropFix.xml
----------------- Instantiating /home/travis/build/icyphy/ptII/ptolemy/actor/lib/test/auto/MatrixCropFix.xml
1 ms. Memory: 1370112K Free: 828233K (60%)
----------------- Invoking toplevel() on ptolemy.moml.MoMLSimpleApplication@10a354ef
----------------- Done invoking toplevel() on ptolemy.moml.MoMLSimpleApplication@10a354ef
reloadAllAccessors: .MatrixCropFix

===========================================================================================
----------------- testing Sun Sep 30 02:19:09 UTC 2018 /home/travis/build/icyphy/ptII/ptolemy/actor/lib/test/auto/MatrixCropInt.xml
----------------- Instantiating /home/travis/build/icyphy/ptII/ptolemy/actor/lib/test/auto/MatrixCropInt.xml
1 ms. Memory: 1370112K Free: 815714K (60%)
----------------- Invoking toplevel() on ptolemy.moml.MoMLSimpleApplication@52a9f87b
----------------- Done invoking toplevel() on ptolemy.moml.MoMLSimpleApplication@52a9f87b
reloadAllAccessors: .MatrixCropInt

===========================================================================================
----------------- testing Sun Sep 30 02:19:09 UTC 2018 /home/travis/build/icyphy/ptII/ptolemy/actor/lib/test/auto/MatrixCropLong.xml
----------------- Instantiating /home/travis/build/icyphy/ptII/ptolemy/actor/lib/test/auto/MatrixCropLong.xml
2 ms. Memory: 1370112K Free: 796881K (58%)
----------------- Invoking toplevel() on ptolemy.moml.MoMLSimpleApplication@4c7a3a7c
----------------- Done invoking toplevel() on ptolemy.moml.MoMLSimpleApplication@4c7a3a7c
reloadAllAccessors: .MatrixCropLong

===========================================================================================
----------------- testing Sun Sep 30 02:19:09 UTC 2018 /home/travis/build/icyphy/ptII/ptolemy/actor/lib/test/auto/MatrixToArray.xml
----------------- Instantiating /home/travis/build/icyphy/ptII/ptolemy/actor/lib/test/auto/MatrixToArray.xml
5 ms. Memory: 1370112K Free: 771812K (56%)
----------------- Invoking toplevel() on ptolemy.moml.MoMLSimpleApplication@582e7726
----------------- Done invoking toplevel() on ptolemy.moml.MoMLSimpleApplication@582e7726
reloadAllAccessors: .MatrixToArray

===========================================================================================
----------------- testing Sun Sep 30 02:19:09 UTC 2018 /home/travis/build/icyphy/ptII/ptolemy/actor/lib/test/auto/MaxIndex.xml
----------------- Instantiating /home/travis/build/icyphy/ptII/ptolemy/actor/lib/test/auto/MaxIndex.xml
1 ms. Memory: 1370112K Free: 759294K (55%)
----------------- Invoking toplevel() on ptolemy.moml.MoMLSimpleApplication@4a9d3aab
----------------- Done invoking toplevel() on ptolemy.moml.MoMLSimpleApplication@4a9d3aab
reloadAllAccessors: .MaxIndex

===========================================================================================
----------------- testing Sun Sep 30 02:19:09 UTC 2018 /home/travis/build/icyphy/ptII/ptolemy/actor/lib/test/auto/Maximum.xml
----------------- Instantiating /home/travis/build/icyphy/ptII/ptolemy/actor/lib/test/auto/Maximum.xml
3 ms. Memory: 1370112K Free: 740461K (54%)
----------------- Invoking toplevel() on ptolemy.moml.MoMLSimpleApplication@3a505afd
----------------- Done invoking toplevel() on ptolemy.moml.MoMLSimpleApplication@3a505afd
reloadAllAccessors: .Maximum

===========================================================================================
----------------- testing Sun Sep 30 02:19:09 UTC 2018 /home/travis/build/icyphy/ptII/ptolemy/actor/lib/test/auto/MaximumComplex.xml
----------------- Instantiating /home/travis/build/icyphy/ptII/ptolemy/actor/lib/test/auto/MaximumComplex.xml
4 ms. Memory: 1370112K Free: 727942K (53%)
----------------- Invoking toplevel() on ptolemy.moml.MoMLSimpleApplication@19be9459
----------------- Done invoking toplevel() on ptolemy.moml.MoMLSimpleApplication@19be9459
reloadAllAccessors: .MaximumComplex

===========================================================================================
----------------- testing Sun Sep 30 02:19:09 UTC 2018 /home/travis/build/icyphy/ptII/ptolemy/actor/lib/test/auto/MethodCallTest.xml
----------------- Instantiating /home/travis/build/icyphy/ptII/ptolemy/actor/lib/test/auto/MethodCallTest.xml
1 ms. Memory: 1370112K Free: 709109K (52%)
----------------- Invoking toplevel() on ptolemy.moml.MoMLSimpleApplication@6b11d800
----------------- Done invoking toplevel() on ptolemy.moml.MoMLSimpleApplication@6b11d800
reloadAllAccessors: .MethodCallTest

===========================================================================================
----------------- testing Sun Sep 30 02:19:09 UTC 2018 /home/travis/build/icyphy/ptII/ptolemy/actor/lib/test/auto/Minimum.xml
----------------- Instantiating /home/travis/build/icyphy/ptII/ptolemy/actor/lib/test/auto/Minimum.xml
2 ms. Memory: 1370112K Free: 696591K (51%)
----------------- Invoking toplevel() on ptolemy.moml.MoMLSimpleApplication@779d5a80
----------------- Done invoking toplevel() on ptolemy.moml.MoMLSimpleApplication@779d5a80
reloadAllAccessors: .Minimum

===========================================================================================
----------------- testing Sun Sep 30 02:19:09 UTC 2018 /home/travis/build/icyphy/ptII/ptolemy/actor/lib/test/auto/MinimumComplex.xml
----------------- Instantiating /home/travis/build/icyphy/ptII/ptolemy/actor/lib/test/auto/MinimumComplex.xml
3 ms. Memory: 1370112K Free: 684072K (50%)
----------------- Invoking toplevel() on ptolemy.moml.MoMLSimpleApplication@7d1fcf5c
----------------- Done invoking toplevel() on ptolemy.moml.MoMLSimpleApplication@7d1fcf5c
reloadAllAccessors: .MinimumComplex

===========================================================================================
----------------- testing Sun Sep 30 02:19:09 UTC 2018 /home/travis/build/icyphy/ptII/ptolemy/actor/lib/test/auto/MinimumMultiports.xml
----------------- Instantiating /home/travis/build/icyphy/ptII/ptolemy/actor/lib/test/auto/MinimumMultiports.xml
4 ms. Memory: 1370112K Free: 665239K (49%)
----------------- Invoking toplevel() on ptolemy.moml.MoMLSimpleApplication@7b4fb790
----------------- Done invoking toplevel() on ptolemy.moml.MoMLSimpleApplication@7b4fb790
reloadAllAccessors: .MinimumMultiports

===========================================================================================
----------------- testing Sun Sep 30 02:19:09 UTC 2018 /home/travis/build/icyphy/ptII/ptolemy/actor/lib/test/auto/ModifyDate.xml
----------------- Instantiating /home/travis/build/icyphy/ptII/ptolemy/actor/lib/test/auto/ModifyDate.xml
6 ms. Memory: 1370112K Free: 646461K (47%)
----------------- Invoking toplevel() on ptolemy.moml.MoMLSimpleApplication@6e2d532e
----------------- Done invoking toplevel() on ptolemy.moml.MoMLSimpleApplication@6e2d532e
reloadAllAccessors: .ModifyDate

===========================================================================================
----------------- testing Sun Sep 30 02:19:09 UTC 2018 /home/travis/build/icyphy/ptII/ptolemy/actor/lib/test/auto/ModifyDate2.xml
----------------- Instantiating /home/travis/build/icyphy/ptII/ptolemy/actor/lib/test/auto/ModifyDate2.xml
4 ms. Memory: 1370112K Free: 627683K (46%)
----------------- Invoking toplevel() on ptolemy.moml.MoMLSimpleApplication@7e005553
----------------- Done invoking toplevel() on ptolemy.moml.MoMLSimpleApplication@7e005553
reloadAllAccessors: .ModifyDate2

===========================================================================================
----------------- testing Sun Sep 30 02:19:09 UTC 2018 /home/travis/build/icyphy/ptII/ptolemy/actor/lib/test/auto/MovingAverage.xml
----------------- Instantiating /home/travis/build/icyphy/ptII/ptolemy/actor/lib/test/auto/MovingAverage.xml
2 ms. Memory: 1370112K Free: 608850K (44%)
----------------- Invoking toplevel() on ptolemy.moml.MoMLSimpleApplication@4015135
----------------- Done invoking toplevel() on ptolemy.moml.MoMLSimpleApplication@4015135
reloadAllAccessors: .MovingAverage

===========================================================================================
----------------- testing Sun Sep 30 02:19:09 UTC 2018 /home/travis/build/icyphy/ptII/ptolemy/actor/lib/test/auto/MovingMaximum.xml
----------------- Instantiating /home/travis/build/icyphy/ptII/ptolemy/actor/lib/test/auto/MovingMaximum.xml
1 ms. Memory: 1370112K Free: 596332K (44%)
----------------- Invoking toplevel() on ptolemy.moml.MoMLSimpleApplication@53f69853
----------------- Done invoking toplevel() on ptolemy.moml.MoMLSimpleApplication@53f69853
reloadAllAccessors: .MovingMaximum

===========================================================================================
----------------- testing Sun Sep 30 02:19:09 UTC 2018 /home/travis/build/icyphy/ptII/ptolemy/actor/lib/test/auto/MultipleLinksToSameRelation.xml
----------------- Instantiating /home/travis/build/icyphy/ptII/ptolemy/actor/lib/test/auto/MultipleLinksToSameRelation.xml
2 ms. Memory: 1370112K Free: 577498K (42%)
----------------- Invoking toplevel() on ptolemy.moml.MoMLSimpleApplication@96def31
----------------- Done invoking toplevel() on ptolemy.moml.MoMLSimpleApplication@96def31
reloadAllAccessors: .MultipleLinksToSameRelation

===========================================================================================
----------------- testing Sun Sep 30 02:19:09 UTC 2018 /home/travis/build/icyphy/ptII/ptolemy/actor/lib/test/auto/MultipleLinksToSameRelationDE.xml
----------------- Instantiating /home/travis/build/icyphy/ptII/ptolemy/actor/lib/test/auto/MultipleLinksToSameRelationDE.xml
1 ms. Memory: 1370112K Free: 564980K (41%)
----------------- Invoking toplevel() on ptolemy.moml.MoMLSimpleApplication@4769f5f9
----------------- Done invoking toplevel() on ptolemy.moml.MoMLSimpleApplication@4769f5f9
reloadAllAccessors: .MultipleLinksToSameRelationDE

===========================================================================================
----------------- testing Sun Sep 30 02:19:09 UTC 2018 /home/travis/build/icyphy/ptII/ptolemy/actor/lib/test/auto/Multiplexor.xml
----------------- Instantiating /home/travis/build/icyphy/ptII/ptolemy/actor/lib/test/auto/Multiplexor.xml
1 ms. Memory: 1370112K Free: 552461K (40%)
----------------- Invoking toplevel() on ptolemy.moml.MoMLSimpleApplication@462e20f9
----------------- Done invoking toplevel() on ptolemy.moml.MoMLSimpleApplication@462e20f9
reloadAllAccessors: .Multiplexor

===========================================================================================
----------------- testing Sun Sep 30 02:19:09 UTC 2018 /home/travis/build/icyphy/ptII/ptolemy/actor/lib/test/auto/Multiplexor1.xml
----------------- Instantiating /home/travis/build/icyphy/ptII/ptolemy/actor/lib/test/auto/Multiplexor1.xml
1 ms. Memory: 1370112K Free: 533628K (39%)
----------------- Invoking toplevel() on ptolemy.moml.MoMLSimpleApplication@59a8c784
----------------- Done invoking toplevel() on ptolemy.moml.MoMLSimpleApplication@59a8c784
reloadAllAccessors: .Multiplexor1

===========================================================================================
----------------- testing Sun Sep 30 02:19:09 UTC 2018 /home/travis/build/icyphy/ptII/ptolemy/actor/lib/test/auto/Multiplexor2.xml
----------------- Instantiating /home/travis/build/icyphy/ptII/ptolemy/actor/lib/test/auto/Multiplexor2.xml
5 ms. Memory: 1370112K Free: 521110K (38%)
----------------- Invoking toplevel() on ptolemy.moml.MoMLSimpleApplication@25fa4bc1
----------------- Done invoking toplevel() on ptolemy.moml.MoMLSimpleApplication@25fa4bc1
reloadAllAccessors: .Multiplexor2

===========================================================================================
----------------- testing Sun Sep 30 02:19:09 UTC 2018 /home/travis/build/icyphy/ptII/ptolemy/actor/lib/test/auto/Multiplexor3.xml
----------------- Instantiating /home/travis/build/icyphy/ptII/ptolemy/actor/lib/test/auto/Multiplexor3.xml
2 ms. Memory: 1370112K Free: 502277K (37%)
----------------- Invoking toplevel() on ptolemy.moml.MoMLSimpleApplication@47c25b7b
----------------- Done invoking toplevel() on ptolemy.moml.MoMLSimpleApplication@47c25b7b
reloadAllAccessors: .Multiplexor3

===========================================================================================
----------------- testing Sun Sep 30 02:19:09 UTC 2018 /home/travis/build/icyphy/ptII/ptolemy/actor/lib/test/auto/MultiplexorDE.xml
----------------- Instantiating /home/travis/build/icyphy/ptII/ptolemy/actor/lib/test/auto/MultiplexorDE.xml
4 ms. Memory: 1370112K Free: 489758K (36%)
----------------- Invoking toplevel() on ptolemy.moml.MoMLSimpleApplication@ab01908
----------------- Done invoking toplevel() on ptolemy.moml.MoMLSimpleApplication@ab01908
reloadAllAccessors: .MultiplexorDE

===========================================================================================
----------------- testing Sun Sep 30 02:19:09 UTC 2018 /home/travis/build/icyphy/ptII/ptolemy/actor/lib/test/auto/MultiportBroadcastTest.xml
----------------- Instantiating /home/travis/build/icyphy/ptII/ptolemy/actor/lib/test/auto/MultiportBroadcastTest.xml
92 ms. Memory: 1370112K Free: 477240K (35%)
----------------- Invoking toplevel() on ptolemy.moml.MoMLSimpleApplication@2a67db20
----------------- Done invoking toplevel() on ptolemy.moml.MoMLSimpleApplication@2a67db20
reloadAllAccessors: .MultiportBroadcastTest

===========================================================================================
----------------- testing Sun Sep 30 02:19:10 UTC 2018 /home/travis/build/icyphy/ptII/ptolemy/actor/lib/test/auto/MultiportOutHangDuringGetWidth.xml
----------------- Instantiating /home/travis/build/icyphy/ptII/ptolemy/actor/lib/test/auto/MultiportOutHangDuringGetWidth.xml
6 ms. Memory: 1370112K Free: 452147K (33%)
----------------- Invoking toplevel() on ptolemy.moml.MoMLSimpleApplication@1fa9663
----------------- Done invoking toplevel() on ptolemy.moml.MoMLSimpleApplication@1fa9663
reloadAllAccessors: .MultiportOutHangDuringGetWidth

===========================================================================================
----------------- testing Sun Sep 30 02:19:10 UTC 2018 /home/travis/build/icyphy/ptII/ptolemy/actor/lib/test/auto/NilToken.xml
----------------- Instantiating /home/travis/build/icyphy/ptII/ptolemy/actor/lib/test/auto/NilToken.xml
2 ms. Memory: 1370112K Free: 439629K (32%)
----------------- Invoking toplevel() on ptolemy.moml.MoMLSimpleApplication@20123c40
----------------- Done invoking toplevel() on ptolemy.moml.MoMLSimpleApplication@20123c40
reloadAllAccessors: .NilToken

===========================================================================================
----------------- testing Sun Sep 30 02:19:10 UTC 2018 /home/travis/build/icyphy/ptII/ptolemy/actor/lib/test/auto/NilTokenNonStrictTest.xml
----------------- Instantiating /home/travis/build/icyphy/ptII/ptolemy/actor/lib/test/auto/NilTokenNonStrictTest.xml
2 ms. Memory: 1370112K Free: 420796K (31%)
----------------- Invoking toplevel() on ptolemy.moml.MoMLSimpleApplication@19834c6f
----------------- Done invoking toplevel() on ptolemy.moml.MoMLSimpleApplication@19834c6f
reloadAllAccessors: .NilTokenNonStrictTest

===========================================================================================
----------------- testing Sun Sep 30 02:19:10 UTC 2018 /home/travis/build/icyphy/ptII/ptolemy/actor/lib/test/auto/NilTokenRecord.xml
----------------- Instantiating /home/travis/build/icyphy/ptII/ptolemy/actor/lib/test/auto/NilTokenRecord.xml
5 ms. Memory: 1370112K Free: 408277K (30%)
----------------- Invoking toplevel() on ptolemy.moml.MoMLSimpleApplication@7cc19977
----------------- Done invoking toplevel() on ptolemy.moml.MoMLSimpleApplication@7cc19977
reloadAllAccessors: .NilTokenRecord

===========================================================================================
----------------- testing Sun Sep 30 02:19:10 UTC 2018 /home/travis/build/icyphy/ptII/ptolemy/actor/lib/test/auto/NilTokenTypeTest.xml
----------------- Instantiating /home/travis/build/icyphy/ptII/ptolemy/actor/lib/test/auto/NilTokenTypeTest.xml
6 ms. Memory: 1370112K Free: 389484K (28%)
----------------- Invoking toplevel() on ptolemy.moml.MoMLSimpleApplication@dc26c3c
----------------- Done invoking toplevel() on ptolemy.moml.MoMLSimpleApplication@dc26c3c
reloadAllAccessors: .NilTokenTypeTest

===========================================================================================
----------------- testing Sun Sep 30 02:19:10 UTC 2018 /home/travis/build/icyphy/ptII/ptolemy/actor/lib/test/auto/ObjectToken1.xml
----------------- Instantiating /home/travis/build/icyphy/ptII/ptolemy/actor/lib/test/auto/ObjectToken1.xml
2 ms. Memory: 1370112K Free: 370651K (27%)
----------------- Invoking toplevel() on ptolemy.moml.MoMLSimpleApplication@65a25aa0
----------------- Done invoking toplevel() on ptolemy.moml.MoMLSimpleApplication@65a25aa0
reloadAllAccessors: .ObjectToken1

===========================================================================================
----------------- testing Sun Sep 30 02:19:10 UTC 2018 /home/travis/build/icyphy/ptII/ptolemy/actor/lib/test/auto/OrderedMerge.xml
----------------- Instantiating /home/travis/build/icyphy/ptII/ptolemy/actor/lib/test/auto/OrderedMerge.xml
7 ms. Memory: 1370112K Free: 333095K (24%)
----------------- Invoking toplevel() on ptolemy.moml.MoMLSimpleApplication@68c5f45b
----------------- Done invoking toplevel() on ptolemy.moml.MoMLSimpleApplication@68c5f45b
reloadAllAccessors: .OrderedMerge

===========================================================================================
----------------- testing Sun Sep 30 02:19:10 UTC 2018 /home/travis/build/icyphy/ptII/ptolemy/actor/lib/test/auto/OrderedRecordDisassembler.xml
----------------- Instantiating /home/travis/build/icyphy/ptII/ptolemy/actor/lib/test/auto/OrderedRecordDisassembler.xml
3 ms. Memory: 1370112K Free: 314262K (23%)
----------------- Invoking toplevel() on ptolemy.moml.MoMLSimpleApplication@67215485
----------------- Done invoking toplevel() on ptolemy.moml.MoMLSimpleApplication@67215485
reloadAllAccessors: .OrderedRecordDisassembler

===========================================================================================
----------------- testing Sun Sep 30 02:19:10 UTC 2018 /home/travis/build/icyphy/ptII/ptolemy/actor/lib/test/auto/OrderedRecordDisassembler2.xml
----------------- Instantiating /home/travis/build/icyphy/ptII/ptolemy/actor/lib/test/auto/OrderedRecordDisassembler2.xml
3 ms. Memory: 1370112K Free: 301744K (22%)
----------------- Invoking toplevel() on ptolemy.moml.MoMLSimpleApplication@27a1e3ce
----------------- Done invoking toplevel() on ptolemy.moml.MoMLSimpleApplication@27a1e3ce
reloadAllAccessors: .OrderedRecordDisassembler2

===========================================================================================
----------------- testing Sun Sep 30 02:19:10 UTC 2018 /home/travis/build/icyphy/ptII/ptolemy/actor/lib/test/auto/OrderedRecordUpdater.xml
----------------- Instantiating /home/travis/build/icyphy/ptII/ptolemy/actor/lib/test/auto/OrderedRecordUpdater.xml
1 ms. Memory: 1370112K Free: 289225K (21%)
----------------- Invoking toplevel() on ptolemy.moml.MoMLSimpleApplication@62207f4b
----------------- Done invoking toplevel() on ptolemy.moml.MoMLSimpleApplication@62207f4b
reloadAllAccessors: .RecordUpdater

===========================================================================================
----------------- testing Sun Sep 30 02:19:10 UTC 2018 /home/travis/build/icyphy/ptII/ptolemy/actor/lib/test/auto/OrderedRecordUpdater2.xml
----------------- Instantiating /home/travis/build/icyphy/ptII/ptolemy/actor/lib/test/auto/OrderedRecordUpdater2.xml
3 ms. Memory: 1370112K Free: 270392K (20%)
----------------- Invoking toplevel() on ptolemy.moml.MoMLSimpleApplication@4bde673d
----------------- Done invoking toplevel() on ptolemy.moml.MoMLSimpleApplication@4bde673d
reloadAllAccessors: .RecordUpdater2

===========================================================================================
----------------- testing Sun Sep 30 02:19:10 UTC 2018 /home/travis/build/icyphy/ptII/ptolemy/actor/lib/test/auto/PhaseUnwrap.xml
----------------- Instantiating /home/travis/build/icyphy/ptII/ptolemy/actor/lib/test/auto/PhaseUnwrap.xml
1 ms. Memory: 1370112K Free: 257874K (19%)
----------------- Invoking toplevel() on ptolemy.moml.MoMLSimpleApplication@74218edd
----------------- Done invoking toplevel() on ptolemy.moml.MoMLSimpleApplication@74218edd
reloadAllAccessors: .PhaseUnwrap

===========================================================================================
----------------- testing Sun Sep 30 02:19:10 UTC 2018 /home/travis/build/icyphy/ptII/ptolemy/actor/lib/test/auto/PoissonClock.xml
----------------- Instantiating /home/travis/build/icyphy/ptII/ptolemy/actor/lib/test/auto/PoissonClock.xml
2 ms. Memory: 1370112K Free: 239041K (17%)
----------------- Invoking toplevel() on ptolemy.moml.MoMLSimpleApplication@7ba513d1
----------------- Done invoking toplevel() on ptolemy.moml.MoMLSimpleApplication@7ba513d1
reloadAllAccessors: .PoissonClock

===========================================================================================
----------------- testing Sun Sep 30 02:19:10 UTC 2018 /home/travis/build/icyphy/ptII/ptolemy/actor/lib/test/auto/PoissonClock2.xml
----------------- Instantiating /home/travis/build/icyphy/ptII/ptolemy/actor/lib/test/auto/PoissonClock2.xml
2 ms. Memory: 1370112K Free: 226522K (17%)
----------------- Invoking toplevel() on ptolemy.moml.MoMLSimpleApplication@73ce53ea
----------------- Done invoking toplevel() on ptolemy.moml.MoMLSimpleApplication@73ce53ea
reloadAllAccessors: .PoissonClock2

===========================================================================================
----------------- testing Sun Sep 30 02:19:10 UTC 2018 /home/travis/build/icyphy/ptII/ptolemy/actor/lib/test/auto/PoissonClock3.xml
----------------- Instantiating /home/travis/build/icyphy/ptII/ptolemy/actor/lib/test/auto/PoissonClock3.xml
1 ms. Memory: 1370112K Free: 214004K (16%)
----------------- Invoking toplevel() on ptolemy.moml.MoMLSimpleApplication@1b0f0752
----------------- Done invoking toplevel() on ptolemy.moml.MoMLSimpleApplication@1b0f0752
reloadAllAccessors: .PoissonClock3

===========================================================================================
----------------- testing Sun Sep 30 02:19:10 UTC 2018 /home/travis/build/icyphy/ptII/ptolemy/actor/lib/test/auto/PubSubWithInitialTokens.xml
----------------- Instantiating /home/travis/build/icyphy/ptII/ptolemy/actor/lib/test/auto/PubSubWithInitialTokens.xml
3 ms. Memory: 1370112K Free: 195171K (14%)
----------------- Invoking toplevel() on ptolemy.moml.MoMLSimpleApplication@cd2497
----------------- Done invoking toplevel() on ptolemy.moml.MoMLSimpleApplication@cd2497
reloadAllAccessors: .PubSubWithInitialTokens

===========================================================================================
----------------- testing Sun Sep 30 02:19:10 UTC 2018 /home/travis/build/icyphy/ptII/ptolemy/actor/lib/test/auto/PubSubWithInitialTokens2.xml
----------------- Instantiating /home/travis/build/icyphy/ptII/ptolemy/actor/lib/test/auto/PubSubWithInitialTokens2.xml
2 ms. Memory: 1370112K Free: 182652K (13%)
----------------- Invoking toplevel() on ptolemy.moml.MoMLSimpleApplication@65d68bee
----------------- Done invoking toplevel() on ptolemy.moml.MoMLSimpleApplication@65d68bee
reloadAllAccessors: .PubSubWithInitialTokens2

===========================================================================================
----------------- testing Sun Sep 30 02:19:10 UTC 2018 /home/travis/build/icyphy/ptII/ptolemy/actor/lib/test/auto/PublisherClassNoParameter.xml
----------------- Instantiating /home/travis/build/icyphy/ptII/ptolemy/actor/lib/test/auto/PublisherClassNoParameter.xml
2 ms. Memory: 1370112K Free: 157544K (11%)
----------------- Invoking toplevel() on ptolemy.moml.MoMLSimpleApplication@43b95d8b
----------------- Done invoking toplevel() on ptolemy.moml.MoMLSimpleApplication@43b95d8b
reloadAllAccessors: .PublisherClassNoParameter

===========================================================================================
----------------- testing Sun Sep 30 02:19:10 UTC 2018 /home/travis/build/icyphy/ptII/ptolemy/actor/lib/test/auto/PublisherClassParameter.xml
----------------- Instantiating /home/travis/build/icyphy/ptII/ptolemy/actor/lib/test/auto/PublisherClassParameter.xml
2 ms. Memory: 1370112K Free: 138766K (10%)
----------------- Invoking toplevel() on ptolemy.moml.MoMLSimpleApplication@48b200a4
----------------- Done invoking toplevel() on ptolemy.moml.MoMLSimpleApplication@48b200a4
reloadAllAccessors: .PublisherClassParameter

===========================================================================================
----------------- testing Sun Sep 30 02:19:10 UTC 2018 /home/travis/build/icyphy/ptII/ptolemy/actor/lib/test/auto/PublisherNonStrictTest.xml
----------------- Instantiating /home/travis/build/icyphy/ptII/ptolemy/actor/lib/test/auto/PublisherNonStrictTest.xml
2 ms. Memory: 1370112K Free: 126248K (9%)
----------------- Invoking toplevel() on ptolemy.moml.MoMLSimpleApplication@7cb9dc25
----------------- Done invoking toplevel() on ptolemy.moml.MoMLSimpleApplication@7cb9dc25
reloadAllAccessors: .PublisherNonStrictTest

===========================================================================================
----------------- testing Sun Sep 30 02:19:10 UTC 2018 /home/travis/build/icyphy/ptII/ptolemy/actor/lib/test/auto/PublisherPort1.xml
----------------- Instantiating /home/travis/build/icyphy/ptII/ptolemy/actor/lib/test/auto/PublisherPort1.xml
2 ms. Memory: 1370112K Free: 107414K (8%)
----------------- Invoking toplevel() on ptolemy.moml.MoMLSimpleApplication@74d53d86
----------------- Done invoking toplevel() on ptolemy.moml.MoMLSimpleApplication@74d53d86
reloadAllAccessors: .PublisherPort1

===========================================================================================
----------------- testing Sun Sep 30 02:19:10 UTC 2018 /home/travis/build/icyphy/ptII/ptolemy/actor/lib/test/auto/PublisherPort2.xml
----------------- Instantiating /home/travis/build/icyphy/ptII/ptolemy/actor/lib/test/auto/PublisherPort2.xml
2 ms. Memory: 1370112K Free: 94896K (7%)
----------------- Invoking toplevel() on ptolemy.moml.MoMLSimpleApplication@40b272eb
----------------- Done invoking toplevel() on ptolemy.moml.MoMLSimpleApplication@40b272eb
reloadAllAccessors: .PublisherPort2

===========================================================================================
----------------- testing Sun Sep 30 02:19:10 UTC 2018 /home/travis/build/icyphy/ptII/ptolemy/actor/lib/test/auto/PublisherPort3.xml
----------------- Instantiating /home/travis/build/icyphy/ptII/ptolemy/actor/lib/test/auto/PublisherPort3.xml
2 ms. Memory: 1370112K Free: 82378K (6%)
----------------- Invoking toplevel() on ptolemy.moml.MoMLSimpleApplication@99f1b96
----------------- Done invoking toplevel() on ptolemy.moml.MoMLSimpleApplication@99f1b96
reloadAllAccessors: .PublisherPort3

===========================================================================================
----------------- testing Sun Sep 30 02:19:10 UTC 2018 /home/travis/build/icyphy/ptII/ptolemy/actor/lib/test/auto/PublisherPort4.xml
----------------- Instantiating /home/travis/build/icyphy/ptII/ptolemy/actor/lib/test/auto/PublisherPort4.xml
1 ms. Memory: 1558528K Free: 1493987K (96%)
----------------- Invoking toplevel() on ptolemy.moml.MoMLSimpleApplication@57a284b5
----------------- Done invoking toplevel() on ptolemy.moml.MoMLSimpleApplication@57a284b5
reloadAllAccessors: .PublisherPort4

===========================================================================================
----------------- testing Sun Sep 30 02:19:10 UTC 2018 /home/travis/build/icyphy/ptII/ptolemy/actor/lib/test/auto/PublisherPort5.xml
----------------- Instantiating /home/travis/build/icyphy/ptII/ptolemy/actor/lib/test/auto/PublisherPort5.xml
3 ms. Memory: 1558528K Free: 1474538K (95%)
----------------- Invoking toplevel() on ptolemy.moml.MoMLSimpleApplication@563833f5
----------------- Done invoking toplevel() on ptolemy.moml.MoMLSimpleApplication@563833f5
reloadAllAccessors: .PublisherPort5

===========================================================================================
----------------- testing Sun Sep 30 02:19:10 UTC 2018 /home/travis/build/icyphy/ptII/ptolemy/actor/lib/test/auto/PublisherPort5LookAlike.xml
----------------- Instantiating /home/travis/build/icyphy/ptII/ptolemy/actor/lib/test/auto/PublisherPort5LookAlike.xml
3 ms. Memory: 1558528K Free: 1455006K (93%)
----------------- Invoking toplevel() on ptolemy.moml.MoMLSimpleApplication@4c8e2987
----------------- Done invoking toplevel() on ptolemy.moml.MoMLSimpleApplication@4c8e2987
reloadAllAccessors: .PublisherPort5LookAlike

===========================================================================================
----------------- testing Sun Sep 30 02:19:10 UTC 2018 /home/travis/build/icyphy/ptII/ptolemy/actor/lib/test/auto/PublisherPort6.xml
----------------- Instantiating /home/travis/build/icyphy/ptII/ptolemy/actor/lib/test/auto/PublisherPort6.xml
2 ms. Memory: 1558528K Free: 1429173K (92%)
----------------- Invoking toplevel() on ptolemy.moml.MoMLSimpleApplication@3369c018
----------------- Done invoking toplevel() on ptolemy.moml.MoMLSimpleApplication@3369c018
reloadAllAccessors: .PublisherPort6

===========================================================================================
----------------- testing Sun Sep 30 02:19:10 UTC 2018 /home/travis/build/icyphy/ptII/ptolemy/actor/lib/test/auto/PublisherPort7.xml
----------------- Instantiating /home/travis/build/icyphy/ptII/ptolemy/actor/lib/test/auto/PublisherPort7.xml
2 ms. Memory: 1558528K Free: 1409724K (90%)
----------------- Invoking toplevel() on ptolemy.moml.MoMLSimpleApplication@637c28c9
----------------- Done invoking toplevel() on ptolemy.moml.MoMLSimpleApplication@637c28c9
reloadAllAccessors: .PublisherPort7

===========================================================================================
----------------- testing Sun Sep 30 02:19:10 UTC 2018 /home/travis/build/icyphy/ptII/ptolemy/actor/lib/test/auto/PublisherPort8.xml
----------------- Instantiating /home/travis/build/icyphy/ptII/ptolemy/actor/lib/test/auto/PublisherPort8.xml
4 ms. Memory: 1558528K Free: 1390275K (89%)
----------------- Invoking toplevel() on ptolemy.moml.MoMLSimpleApplication@258397f8
----------------- Done invoking toplevel() on ptolemy.moml.MoMLSimpleApplication@258397f8
reloadAllAccessors: .PublisherPort8

===========================================================================================
----------------- testing Sun Sep 30 02:19:10 UTC 2018 /home/travis/build/icyphy/ptII/ptolemy/actor/lib/test/auto/PublisherPortSubscriberChannelVariablesAOC2.xml
----------------- Instantiating /home/travis/build/icyphy/ptII/ptolemy/actor/lib/test/auto/PublisherPortSubscriberChannelVariablesAOC2.xml
3 ms. Memory: 1558528K Free: 1354718K (87%)
----------------- Invoking toplevel() on ptolemy.moml.MoMLSimpleApplication@2f4587b3
----------------- Done invoking toplevel() on ptolemy.moml.MoMLSimpleApplication@2f4587b3
reloadAllAccessors: .PublisherPortSubscriberChannelVariablesAOC2

===========================================================================================
----------------- testing Sun Sep 30 02:19:10 UTC 2018 /home/travis/build/icyphy/ptII/ptolemy/actor/lib/test/auto/PublisherPortSubscriberOpaqueWidthInference.xml
----------------- Instantiating /home/travis/build/icyphy/ptII/ptolemy/actor/lib/test/auto/PublisherPortSubscriberOpaqueWidthInference.xml
3 ms. Memory: 1558528K Free: 1335269K (86%)
----------------- Invoking toplevel() on ptolemy.moml.MoMLSimpleApplication@3ee2ccfa
----------------- Done invoking toplevel() on ptolemy.moml.MoMLSimpleApplication@3ee2ccfa
reloadAllAccessors: .PublisherPortSubscriberOpaqueWidthInference

===========================================================================================
----------------- testing Sun Sep 30 02:19:10 UTC 2018 /home/travis/build/icyphy/ptII/ptolemy/actor/lib/test/auto/PublisherPortSubscriberPortAdjacent.xml
----------------- Instantiating /home/travis/build/icyphy/ptII/ptolemy/actor/lib/test/auto/PublisherPortSubscriberPortAdjacent.xml
2 ms. Memory: 1558528K Free: 1309436K (84%)
----------------- Invoking toplevel() on ptolemy.moml.MoMLSimpleApplication@20bbbcb6
----------------- Done invoking toplevel() on ptolemy.moml.MoMLSimpleApplication@20bbbcb6
reloadAllAccessors: .PublisherPortSubscriberPortAdjacent

===========================================================================================
----------------- testing Sun Sep 30 02:19:10 UTC 2018 /home/travis/build/icyphy/ptII/ptolemy/actor/lib/test/auto/PublisherPortSubscriberPortExpression.xml
----------------- Instantiating /home/travis/build/icyphy/ptII/ptolemy/actor/lib/test/auto/PublisherPortSubscriberPortExpression.xml
2 ms. Memory: 1558528K Free: 1289987K (83%)
----------------- Invoking toplevel() on ptolemy.moml.MoMLSimpleApplication@4e2ef2e7
----------------- Done invoking toplevel() on ptolemy.moml.MoMLSimpleApplication@4e2ef2e7
reloadAllAccessors: .PublisherPortSubscriberPortExpression

===========================================================================================
----------------- testing Sun Sep 30 02:19:10 UTC 2018 /home/travis/build/icyphy/ptII/ptolemy/actor/lib/test/auto/PublisherPortSubscriberPortOpaqueD3Reverse.xml
----------------- Instantiating /home/travis/build/icyphy/ptII/ptolemy/actor/lib/test/auto/PublisherPortSubscriberPortOpaqueD3Reverse.xml
6 ms. Memory: 1558528K Free: 1270538K (82%)
----------------- Invoking toplevel() on ptolemy.moml.MoMLSimpleApplication@1ff08b42
----------------- Done invoking toplevel() on ptolemy.moml.MoMLSimpleApplication@1ff08b42
reloadAllAccessors: .PublisherPortSubscriberPortOpaqueD3Reverse

===========================================================================================
----------------- testing Sun Sep 30 02:19:10 UTC 2018 /home/travis/build/icyphy/ptII/ptolemy/actor/lib/test/auto/PublisherPortSubscriberPortOpaqueWidthInference.xml
----------------- Instantiating /home/travis/build/icyphy/ptII/ptolemy/actor/lib/test/auto/PublisherPortSubscriberPortOpaqueWidthInference.xml
3 ms. Memory: 1558528K Free: 1244705K (80%)
----------------- Invoking toplevel() on ptolemy.moml.MoMLSimpleApplication@2a57c55e
----------------- Done invoking toplevel() on ptolemy.moml.MoMLSimpleApplication@2a57c55e
reloadAllAccessors: .PublisherPortSubscriberPortOpaqueWidthInference

===========================================================================================
----------------- testing Sun Sep 30 02:19:10 UTC 2018 /home/travis/build/icyphy/ptII/ptolemy/actor/lib/test/auto/PublisherPortToplevelSubscriberPortAOC.xml
----------------- Instantiating /home/travis/build/icyphy/ptII/ptolemy/actor/lib/test/auto/PublisherPortToplevelSubscriberPortAOC.xml
.PublisherPortToplevelSubscriberPortAOC.TestExceptionAttribute: initialize() was not invoked, but wrapup() was.  This is unusual, but not always a problem.  For example, exporting JNLP will do this.
1 ms. Memory: 1558528K Free: 1225256K (79%)
----------------- Invoking toplevel() on ptolemy.moml.MoMLSimpleApplication@28bb1560
----------------- Done invoking toplevel() on ptolemy.moml.MoMLSimpleApplication@28bb1560
reloadAllAccessors: .PublisherPortToplevelSubscriberPortAOC

===========================================================================================
----------------- testing Sun Sep 30 02:19:10 UTC 2018 /home/travis/build/icyphy/ptII/ptolemy/actor/lib/test/auto/PublisherSubscriber.xml
----------------- Instantiating /home/travis/build/icyphy/ptII/ptolemy/actor/lib/test/auto/PublisherSubscriber.xml
2 ms. Memory: 1558528K Free: 1199424K (77%)
----------------- Invoking toplevel() on ptolemy.moml.MoMLSimpleApplication@1bf8e392
----------------- Done invoking toplevel() on ptolemy.moml.MoMLSimpleApplication@1bf8e392
reloadAllAccessors: .PublisherSubscriber

===========================================================================================
----------------- testing Sun Sep 30 02:19:10 UTC 2018 /home/travis/build/icyphy/ptII/ptolemy/actor/lib/test/auto/PublisherSubscriber10.xml
----------------- Instantiating /home/travis/build/icyphy/ptII/ptolemy/actor/lib/test/auto/PublisherSubscriber10.xml
4 ms. Memory: 1558528K Free: 1179975K (76%)
----------------- Invoking toplevel() on ptolemy.moml.MoMLSimpleApplication@58a42fa1
----------------- Done invoking toplevel() on ptolemy.moml.MoMLSimpleApplication@58a42fa1
reloadAllAccessors: .PublisherSubscriber10

===========================================================================================
----------------- testing Sun Sep 30 02:19:10 UTC 2018 /home/travis/build/icyphy/ptII/ptolemy/actor/lib/test/auto/PublisherSubscriber10InitialOutputs.xml
----------------- Instantiating /home/travis/build/icyphy/ptII/ptolemy/actor/lib/test/auto/PublisherSubscriber10InitialOutputs.xml
4 ms. Memory: 1558528K Free: 1160526K (74%)
----------------- Invoking toplevel() on ptolemy.moml.MoMLSimpleApplication@31c83164
----------------- Done invoking toplevel() on ptolemy.moml.MoMLSimpleApplication@31c83164
reloadAllAccessors: .PublisherSubscriber10InitialOutputs

===========================================================================================
----------------- testing Sun Sep 30 02:19:10 UTC 2018 /home/travis/build/icyphy/ptII/ptolemy/actor/lib/test/auto/PublisherSubscriber11.xml
----------------- Instantiating /home/travis/build/icyphy/ptII/ptolemy/actor/lib/test/auto/PublisherSubscriber11.xml
2 ms. Memory: 1558528K Free: 1134693K (73%)
----------------- Invoking toplevel() on ptolemy.moml.MoMLSimpleApplication@2059e292
----------------- Done invoking toplevel() on ptolemy.moml.MoMLSimpleApplication@2059e292
reloadAllAccessors: .PublisherSubscriber11

===========================================================================================
----------------- testing Sun Sep 30 02:19:10 UTC 2018 /home/travis/build/icyphy/ptII/ptolemy/actor/lib/test/auto/PublisherSubscriber12.xml
----------------- Instantiating /home/travis/build/icyphy/ptII/ptolemy/actor/lib/test/auto/PublisherSubscriber12.xml
2 ms. Memory: 1558528K Free: 1115244K (72%)
----------------- Invoking toplevel() on ptolemy.moml.MoMLSimpleApplication@68546662
----------------- Done invoking toplevel() on ptolemy.moml.MoMLSimpleApplication@68546662
reloadAllAccessors: .PublisherSubscriber12

===========================================================================================
----------------- testing Sun Sep 30 02:19:10 UTC 2018 /home/travis/build/icyphy/ptII/ptolemy/actor/lib/test/auto/PublisherSubscriber13.xml
----------------- Instantiating /home/travis/build/icyphy/ptII/ptolemy/actor/lib/test/auto/PublisherSubscriber13.xml
2 ms. Memory: 1558528K Free: 1089412K (70%)
----------------- Invoking toplevel() on ptolemy.moml.MoMLSimpleApplication@5bc2f6f7
----------------- Done invoking toplevel() on ptolemy.moml.MoMLSimpleApplication@5bc2f6f7
reloadAllAccessors: .PublisherSubscriber13

===========================================================================================
----------------- testing Sun Sep 30 02:19:10 UTC 2018 /home/travis/build/icyphy/ptII/ptolemy/actor/lib/test/auto/PublisherSubscriber14.xml
----------------- Instantiating /home/travis/build/icyphy/ptII/ptolemy/actor/lib/test/auto/PublisherSubscriber14.xml
2 ms. Memory: 1558528K Free: 1069962K (69%)
----------------- Invoking toplevel() on ptolemy.moml.MoMLSimpleApplication@19e5ac2
----------------- Done invoking toplevel() on ptolemy.moml.MoMLSimpleApplication@19e5ac2
reloadAllAccessors: .PublisherSubscriber14

===========================================================================================
----------------- testing Sun Sep 30 02:19:10 UTC 2018 /home/travis/build/icyphy/ptII/ptolemy/actor/lib/test/auto/PublisherSubscriber2.xml
----------------- Instantiating /home/travis/build/icyphy/ptII/ptolemy/actor/lib/test/auto/PublisherSubscriber2.xml
1 ms. Memory: 1558528K Free: 1050513K (67%)
----------------- Invoking toplevel() on ptolemy.moml.MoMLSimpleApplication@5889b26c
----------------- Done invoking toplevel() on ptolemy.moml.MoMLSimpleApplication@5889b26c
reloadAllAccessors: .PublisherSubscriber2

===========================================================================================
----------------- testing Sun Sep 30 02:19:10 UTC 2018 /home/travis/build/icyphy/ptII/ptolemy/actor/lib/test/auto/PublisherSubscriber3.xml
----------------- Instantiating /home/travis/build/icyphy/ptII/ptolemy/actor/lib/test/auto/PublisherSubscriber3.xml
2 ms. Memory: 1558528K Free: 1024681K (66%)
----------------- Invoking toplevel() on ptolemy.moml.MoMLSimpleApplication@3a12354f
----------------- Done invoking toplevel() on ptolemy.moml.MoMLSimpleApplication@3a12354f
reloadAllAccessors: .PublisherSubscriber3

===========================================================================================
----------------- testing Sun Sep 30 02:19:10 UTC 2018 /home/travis/build/icyphy/ptII/ptolemy/actor/lib/test/auto/PublisherSubscriber4.xml
----------------- Instantiating /home/travis/build/icyphy/ptII/ptolemy/actor/lib/test/auto/PublisherSubscriber4.xml
1 ms. Memory: 1558528K Free: 1005232K (64%)
----------------- Invoking toplevel() on ptolemy.moml.MoMLSimpleApplication@79e9c8b0
----------------- Done invoking toplevel() on ptolemy.moml.MoMLSimpleApplication@79e9c8b0
reloadAllAccessors: .PublisherSubscriber4

===========================================================================================
----------------- testing Sun Sep 30 02:19:11 UTC 2018 /home/travis/build/icyphy/ptII/ptolemy/actor/lib/test/auto/PublisherSubscriber5.xml
----------------- Instantiating /home/travis/build/icyphy/ptII/ptolemy/actor/lib/test/auto/PublisherSubscriber5.xml
2 ms. Memory: 1558528K Free: 979400K (63%)
----------------- Invoking toplevel() on ptolemy.moml.MoMLSimpleApplication@4a1c3295
----------------- Done invoking toplevel() on ptolemy.moml.MoMLSimpleApplication@4a1c3295
reloadAllAccessors: .PublisherSubscriber5

===========================================================================================
----------------- testing Sun Sep 30 02:19:11 UTC 2018 /home/travis/build/icyphy/ptII/ptolemy/actor/lib/test/auto/PublisherSubscriber6.xml
----------------- Instantiating /home/travis/build/icyphy/ptII/ptolemy/actor/lib/test/auto/PublisherSubscriber6.xml
1 ms. Memory: 1558528K Free: 959950K (62%)
----------------- Invoking toplevel() on ptolemy.moml.MoMLSimpleApplication@774f3794
----------------- Done invoking toplevel() on ptolemy.moml.MoMLSimpleApplication@774f3794
reloadAllAccessors: .PublisherSubscriber6

===========================================================================================
----------------- testing Sun Sep 30 02:19:11 UTC 2018 /home/travis/build/icyphy/ptII/ptolemy/actor/lib/test/auto/PublisherSubscriber7.xml
----------------- Instantiating /home/travis/build/icyphy/ptII/ptolemy/actor/lib/test/auto/PublisherSubscriber7.xml
2 ms. Memory: 1558528K Free: 940501K (60%)
----------------- Invoking toplevel() on ptolemy.moml.MoMLSimpleApplication@4f3aa362
----------------- Done invoking toplevel() on ptolemy.moml.MoMLSimpleApplication@4f3aa362
reloadAllAccessors: .PublisherSubscriber7

===========================================================================================
----------------- testing Sun Sep 30 02:19:11 UTC 2018 /home/travis/build/icyphy/ptII/ptolemy/actor/lib/test/auto/PublisherSubscriber8.xml
----------------- Instantiating /home/travis/build/icyphy/ptII/ptolemy/actor/lib/test/auto/PublisherSubscriber8.xml
11 ms. Memory: 1558528K Free: 817423K (52%)
----------------- Invoking toplevel() on ptolemy.moml.MoMLSimpleApplication@26d92a51
----------------- Done invoking toplevel() on ptolemy.moml.MoMLSimpleApplication@26d92a51
reloadAllAccessors: .PublisherSubscriber8

===========================================================================================
----------------- testing Sun Sep 30 02:19:11 UTC 2018 /home/travis/build/icyphy/ptII/ptolemy/actor/lib/test/auto/PublisherSubscriber9.xml
----------------- Instantiating /home/travis/build/icyphy/ptII/ptolemy/actor/lib/test/auto/PublisherSubscriber9.xml
2 ms. Memory: 1558528K Free: 797973K (51%)
----------------- Invoking toplevel() on ptolemy.moml.MoMLSimpleApplication@3ab1b249
----------------- Done invoking toplevel() on ptolemy.moml.MoMLSimpleApplication@3ab1b249
reloadAllAccessors: .PublisherSubscriber9

===========================================================================================
----------------- testing Sun Sep 30 02:19:11 UTC 2018 /home/travis/build/icyphy/ptII/ptolemy/actor/lib/test/auto/PublisherSubscriberAdjacent.xml
----------------- Instantiating /home/travis/build/icyphy/ptII/ptolemy/actor/lib/test/auto/PublisherSubscriberAdjacent.xml
2 ms. Memory: 1558528K Free: 772141K (50%)
----------------- Invoking toplevel() on ptolemy.moml.MoMLSimpleApplication@613ecf57
----------------- Done invoking toplevel() on ptolemy.moml.MoMLSimpleApplication@613ecf57
reloadAllAccessors: .PublisherSubscriberAdjacent

===========================================================================================
----------------- testing Sun Sep 30 02:19:11 UTC 2018 /home/travis/build/icyphy/ptII/ptolemy/actor/lib/test/auto/PublisherSubscriberChannelVariablesAOC2.xml
----------------- Instantiating /home/travis/build/icyphy/ptII/ptolemy/actor/lib/test/auto/PublisherSubscriberChannelVariablesAOC2.xml
2 ms. Memory: 1558528K Free: 742952K (48%)
----------------- Invoking toplevel() on ptolemy.moml.MoMLSimpleApplication@764ac321
----------------- Done invoking toplevel() on ptolemy.moml.MoMLSimpleApplication@764ac321
reloadAllAccessors: .PublisherSubscriberChannelVariablesAOC2

===========================================================================================
----------------- testing Sun Sep 30 02:19:11 UTC 2018 /home/travis/build/icyphy/ptII/ptolemy/actor/lib/test/auto/PublisherSubscriberD3.xml
----------------- Instantiating /home/travis/build/icyphy/ptII/ptolemy/actor/lib/test/auto/PublisherSubscriberD3.xml
2 ms. Memory: 1558528K Free: 723502K (46%)
----------------- Invoking toplevel() on ptolemy.moml.MoMLSimpleApplication@236fabdf
----------------- Done invoking toplevel() on ptolemy.moml.MoMLSimpleApplication@236fabdf
reloadAllAccessors: .PublisherSubscriberD3

===========================================================================================
----------------- testing Sun Sep 30 02:19:11 UTC 2018 /home/travis/build/icyphy/ptII/ptolemy/actor/lib/test/auto/PublisherSubscriberD3Reverse.xml
----------------- Instantiating /home/travis/build/icyphy/ptII/ptolemy/actor/lib/test/auto/PublisherSubscriberD3Reverse.xml
1 ms. Memory: 1558528K Free: 697670K (45%)
----------------- Invoking toplevel() on ptolemy.moml.MoMLSimpleApplication@28a2eb76
----------------- Done invoking toplevel() on ptolemy.moml.MoMLSimpleApplication@28a2eb76
reloadAllAccessors: .PublisherSubscriberD3Reverse

===========================================================================================
----------------- testing Sun Sep 30 02:19:11 UTC 2018 /home/travis/build/icyphy/ptII/ptolemy/actor/lib/test/auto/PublisherSubscriberExpression.xml
----------------- Instantiating /home/travis/build/icyphy/ptII/ptolemy/actor/lib/test/auto/PublisherSubscriberExpression.xml
3 ms. Memory: 1558528K Free: 678221K (44%)
----------------- Invoking toplevel() on ptolemy.moml.MoMLSimpleApplication@79e1e3a0
----------------- Done invoking toplevel() on ptolemy.moml.MoMLSimpleApplication@79e1e3a0
reloadAllAccessors: .PublisherSubscriberExpression

===========================================================================================
----------------- testing Sun Sep 30 02:19:11 UTC 2018 /home/travis/build/icyphy/ptII/ptolemy/actor/lib/test/auto/PublisherSubscriberOpaque.xml
----------------- Instantiating /home/travis/build/icyphy/ptII/ptolemy/actor/lib/test/auto/PublisherSubscriberOpaque.xml
3 ms. Memory: 1558528K Free: 652389K (42%)
----------------- Invoking toplevel() on ptolemy.moml.MoMLSimpleApplication@3758557e
----------------- Done invoking toplevel() on ptolemy.moml.MoMLSimpleApplication@3758557e
reloadAllAccessors: .PublisherSubscriberOpaque

===========================================================================================
----------------- testing Sun Sep 30 02:19:11 UTC 2018 /home/travis/build/icyphy/ptII/ptolemy/actor/lib/test/auto/PublisherSubscriberOpaqueD3.xml
----------------- Instantiating /home/travis/build/icyphy/ptII/ptolemy/actor/lib/test/auto/PublisherSubscriberOpaqueD3.xml
4 ms. Memory: 1558528K Free: 632939K (41%)
----------------- Invoking toplevel() on ptolemy.moml.MoMLSimpleApplication@2fd3c5f3
----------------- Done invoking toplevel() on ptolemy.moml.MoMLSimpleApplication@2fd3c5f3
reloadAllAccessors: .PublisherSubscriberOpaqueD3

===========================================================================================
----------------- testing Sun Sep 30 02:19:11 UTC 2018 /home/travis/build/icyphy/ptII/ptolemy/actor/lib/test/auto/PublisherSubscriberOpaqueD3Reverse.xml
----------------- Instantiating /home/travis/build/icyphy/ptII/ptolemy/actor/lib/test/auto/PublisherSubscriberOpaqueD3Reverse.xml
5 ms. Memory: 1558528K Free: 613490K (39%)
----------------- Invoking toplevel() on ptolemy.moml.MoMLSimpleApplication@a8f8333
----------------- Done invoking toplevel() on ptolemy.moml.MoMLSimpleApplication@a8f8333
reloadAllAccessors: .PublisherSubscriberOpaqueD3Reverse

===========================================================================================
----------------- testing Sun Sep 30 02:19:11 UTC 2018 /home/travis/build/icyphy/ptII/ptolemy/actor/lib/test/auto/PublisherSubscriberOpaqueWidthInference.xml
----------------- Instantiating /home/travis/build/icyphy/ptII/ptolemy/actor/lib/test/auto/PublisherSubscriberOpaqueWidthInference.xml
3 ms. Memory: 1558528K Free: 587658K (38%)
----------------- Invoking toplevel() on ptolemy.moml.MoMLSimpleApplication@71f32dbd
----------------- Done invoking toplevel() on ptolemy.moml.MoMLSimpleApplication@71f32dbd
reloadAllAccessors: .PublisherSubscriberOpaqueWidthInference

===========================================================================================
----------------- testing Sun Sep 30 02:19:11 UTC 2018 /home/travis/build/icyphy/ptII/ptolemy/actor/lib/test/auto/PublisherTestSubscriber.xml
----------------- Instantiating /home/travis/build/icyphy/ptII/ptolemy/actor/lib/test/auto/PublisherTestSubscriber.xml
2 ms. Memory: 1558528K Free: 568209K (36%)
----------------- Invoking toplevel() on ptolemy.moml.MoMLSimpleApplication@85a2ddc
----------------- Done invoking toplevel() on ptolemy.moml.MoMLSimpleApplication@85a2ddc
reloadAllAccessors: .PublisherTestSubscriber

===========================================================================================
----------------- testing Sun Sep 30 02:19:11 UTC 2018 /home/travis/build/icyphy/ptII/ptolemy/actor/lib/test/auto/PublisherToplevelSubscriberPortAOC.xml
----------------- Instantiating /home/travis/build/icyphy/ptII/ptolemy/actor/lib/test/auto/PublisherToplevelSubscriberPortAOC.xml
1 ms. Memory: 1558528K Free: 542377K (35%)
----------------- Invoking toplevel() on ptolemy.moml.MoMLSimpleApplication@3ad91beb
----------------- Done invoking toplevel() on ptolemy.moml.MoMLSimpleApplication@3ad91beb
reloadAllAccessors: .PublisherToplevelSubscriberPortAOC

===========================================================================================
----------------- testing Sun Sep 30 02:19:11 UTC 2018 /home/travis/build/icyphy/ptII/ptolemy/actor/lib/test/auto/PulseFiringLimitDE.xml
----------------- Instantiating /home/travis/build/icyphy/ptII/ptolemy/actor/lib/test/auto/PulseFiringLimitDE.xml
2 ms. Memory: 1558528K Free: 522928K (34%)
----------------- Invoking toplevel() on ptolemy.moml.MoMLSimpleApplication@6b18f8a7
----------------- Done invoking toplevel() on ptolemy.moml.MoMLSimpleApplication@6b18f8a7
reloadAllAccessors: .PulseFiringLimitDE

===========================================================================================
----------------- testing Sun Sep 30 02:19:11 UTC 2018 /home/travis/build/icyphy/ptII/ptolemy/actor/lib/test/auto/Ramp1.xml
----------------- Instantiating /home/travis/build/icyphy/ptII/ptolemy/actor/lib/test/auto/Ramp1.xml
1 ms. Memory: 1558528K Free: 503478K (32%)
----------------- Invoking toplevel() on ptolemy.moml.MoMLSimpleApplication@28dd8261
----------------- Done invoking toplevel() on ptolemy.moml.MoMLSimpleApplication@28dd8261
reloadAllAccessors: .Ramp1

===========================================================================================
----------------- testing Sun Sep 30 02:19:11 UTC 2018 /home/travis/build/icyphy/ptII/ptolemy/actor/lib/test/auto/RampFiringLimitDE.xml
----------------- Instantiating /home/travis/build/icyphy/ptII/ptolemy/actor/lib/test/auto/RampFiringLimitDE.xml
2 ms. Memory: 1558528K Free: 477646K (31%)
----------------- Invoking toplevel() on ptolemy.moml.MoMLSimpleApplication@42f15235
----------------- Done invoking toplevel() on ptolemy.moml.MoMLSimpleApplication@42f15235
reloadAllAccessors: .RampFiringLimitDE

===========================================================================================
----------------- testing Sun Sep 30 02:19:11 UTC 2018 /home/travis/build/icyphy/ptII/ptolemy/actor/lib/test/auto/RampFiringLimitSDF.xml
----------------- Instantiating /home/travis/build/icyphy/ptII/ptolemy/actor/lib/test/auto/RampFiringLimitSDF.xml
2 ms. Memory: 1558528K Free: 458197K (29%)
----------------- Invoking toplevel() on ptolemy.moml.MoMLSimpleApplication@30bf522c
----------------- Done invoking toplevel() on ptolemy.moml.MoMLSimpleApplication@30bf522c
reloadAllAccessors: .RampFiringLimitSDF

===========================================================================================
----------------- testing Sun Sep 30 02:19:11 UTC 2018 /home/travis/build/icyphy/ptII/ptolemy/actor/lib/test/auto/RandomInteger.xml
----------------- Instantiating /home/travis/build/icyphy/ptII/ptolemy/actor/lib/test/auto/RandomInteger.xml
1 ms. Memory: 1558528K Free: 432365K (28%)
----------------- Invoking toplevel() on ptolemy.moml.MoMLSimpleApplication@7292df46
----------------- Done invoking toplevel() on ptolemy.moml.MoMLSimpleApplication@7292df46
reloadAllAccessors: .RandomInteger

===========================================================================================
----------------- testing Sun Sep 30 02:19:11 UTC 2018 /home/travis/build/icyphy/ptII/ptolemy/actor/lib/test/auto/ReadFile1.xml
----------------- Instantiating /home/travis/build/icyphy/ptII/ptolemy/actor/lib/test/auto/ReadFile1.xml
2 ms. Memory: 1558528K Free: 412915K (26%)
----------------- Invoking toplevel() on ptolemy.moml.MoMLSimpleApplication@5263c5b5
----------------- Done invoking toplevel() on ptolemy.moml.MoMLSimpleApplication@5263c5b5
reloadAllAccessors: .ReadFile1

===========================================================================================
----------------- testing Sun Sep 30 02:19:11 UTC 2018 /home/travis/build/icyphy/ptII/ptolemy/actor/lib/test/auto/ReadFile2.xml
----------------- Instantiating /home/travis/build/icyphy/ptII/ptolemy/actor/lib/test/auto/ReadFile2.xml
1 ms. Memory: 1558528K Free: 393466K (25%)
----------------- Invoking toplevel() on ptolemy.moml.MoMLSimpleApplication@1b6c6211
----------------- Done invoking toplevel() on ptolemy.moml.MoMLSimpleApplication@1b6c6211
reloadAllAccessors: .ReadFile2

===========================================================================================
----------------- testing Sun Sep 30 02:19:11 UTC 2018 /home/travis/build/icyphy/ptII/ptolemy/actor/lib/test/auto/Reader.xml
----------------- Instantiating /home/travis/build/icyphy/ptII/ptolemy/actor/lib/test/auto/Reader.xml
actor.lib.Reader is obsolete, use actor.lib.io.ExpressionReader instead
5 ms. Memory: 1558528K Free: 367634K (24%)
----------------- Invoking toplevel() on ptolemy.moml.MoMLSimpleApplication@46050172
----------------- Done invoking toplevel() on ptolemy.moml.MoMLSimpleApplication@46050172
reloadAllAccessors: .Reader

===========================================================================================
----------------- testing Sun Sep 30 02:19:11 UTC 2018 /home/travis/build/icyphy/ptII/ptolemy/actor/lib/test/auto/RecordAssemblerDisplayNameTest.xml
----------------- Instantiating /home/travis/build/icyphy/ptII/ptolemy/actor/lib/test/auto/RecordAssemblerDisplayNameTest.xml
3287 ms. Memory: 1597952K Free: 573630K (36%)
----------------- Invoking toplevel() on ptolemy.moml.MoMLSimpleApplication@6444d447
----------------- Done invoking toplevel() on ptolemy.moml.MoMLSimpleApplication@6444d447
reloadAllAccessors: .RecordAssemblerDisplayNameTest

===========================================================================================
----------------- testing Sun Sep 30 02:19:14 UTC 2018 /home/travis/build/icyphy/ptII/ptolemy/actor/lib/test/auto/RecordAssemblerTypeError.xml
----------------- Instantiating /home/travis/build/icyphy/ptII/ptolemy/actor/lib/test/auto/RecordAssemblerTypeError.xml
9 ms. Memory: 1597952K Free: 541412K (34%)
----------------- Invoking toplevel() on ptolemy.moml.MoMLSimpleApplication@16b646a9
----------------- Done invoking toplevel() on ptolemy.moml.MoMLSimpleApplication@16b646a9
reloadAllAccessors: .RecordAssemblerTypeError

===========================================================================================
----------------- testing Sun Sep 30 02:19:14 UTC 2018 /home/travis/build/icyphy/ptII/ptolemy/actor/lib/test/auto/RecordDisassember.xml
----------------- Instantiating /home/travis/build/icyphy/ptII/ptolemy/actor/lib/test/auto/RecordDisassember.xml
3 ms. Memory: 1597952K Free: 521584K (33%)
----------------- Invoking toplevel() on ptolemy.moml.MoMLSimpleApplication@35ce47e0
----------------- Done invoking toplevel() on ptolemy.moml.MoMLSimpleApplication@35ce47e0
reloadAllAccessors: .RecordDisassember

===========================================================================================
----------------- testing Sun Sep 30 02:19:14 UTC 2018 /home/travis/build/icyphy/ptII/ptolemy/actor/lib/test/auto/RecordDisassemberDisplayNameTest.xml
----------------- Instantiating /home/travis/build/icyphy/ptII/ptolemy/actor/lib/test/auto/RecordDisassemberDisplayNameTest.xml
4 ms. Memory: 1597952K Free: 506782K (32%)
----------------- Invoking toplevel() on ptolemy.moml.MoMLSimpleApplication@36965310
----------------- Done invoking toplevel() on ptolemy.moml.MoMLSimpleApplication@36965310
reloadAllAccessors: .RecordDisassemberDisplayNameTest

===========================================================================================
----------------- testing Sun Sep 30 02:19:14 UTC 2018 /home/travis/build/icyphy/ptII/ptolemy/actor/lib/test/auto/RecordDisassembler.xml
----------------- Instantiating /home/travis/build/icyphy/ptII/ptolemy/actor/lib/test/auto/RecordDisassembler.xml
2 ms. Memory: 1597952K Free: 486953K (30%)
----------------- Invoking toplevel() on ptolemy.moml.MoMLSimpleApplication@377d4e26
----------------- Done invoking toplevel() on ptolemy.moml.MoMLSimpleApplication@377d4e26
reloadAllAccessors: .RecordDisassembler

===========================================================================================
----------------- testing Sun Sep 30 02:19:14 UTC 2018 /home/travis/build/icyphy/ptII/ptolemy/actor/lib/test/auto/RecordDisassembler2.xml
----------------- Instantiating /home/travis/build/icyphy/ptII/ptolemy/actor/lib/test/auto/RecordDisassembler2.xml
2 ms. Memory: 1597952K Free: 472152K (30%)
----------------- Invoking toplevel() on ptolemy.moml.MoMLSimpleApplication@7cd735e4
----------------- Done invoking toplevel() on ptolemy.moml.MoMLSimpleApplication@7cd735e4
reloadAllAccessors: .RecordDisassembler2

===========================================================================================
----------------- testing Sun Sep 30 02:19:14 UTC 2018 /home/travis/build/icyphy/ptII/ptolemy/actor/lib/test/auto/RecordUpdater.xml
----------------- Instantiating /home/travis/build/icyphy/ptII/ptolemy/actor/lib/test/auto/RecordUpdater.xml
2 ms. Memory: 1597952K Free: 452323K (28%)
----------------- Invoking toplevel() on ptolemy.moml.MoMLSimpleApplication@4558d2a2
----------------- Done invoking toplevel() on ptolemy.moml.MoMLSimpleApplication@4558d2a2
reloadAllAccessors: .RecordUpdater

===========================================================================================
----------------- testing Sun Sep 30 02:19:14 UTC 2018 /home/travis/build/icyphy/ptII/ptolemy/actor/lib/test/auto/RecordUpdater2.xml
----------------- Instantiating /home/travis/build/icyphy/ptII/ptolemy/actor/lib/test/auto/RecordUpdater2.xml
2 ms. Memory: 1597952K Free: 437521K (27%)
----------------- Invoking toplevel() on ptolemy.moml.MoMLSimpleApplication@40c5ab0f
----------------- Done invoking toplevel() on ptolemy.moml.MoMLSimpleApplication@40c5ab0f
reloadAllAccessors: .RecordUpdater2

===========================================================================================
----------------- testing Sun Sep 30 02:19:14 UTC 2018 /home/travis/build/icyphy/ptII/ptolemy/actor/lib/test/auto/RecursiveLattice.xml
----------------- Instantiating /home/travis/build/icyphy/ptII/ptolemy/actor/lib/test/auto/RecursiveLattice.xml
1 ms. Memory: 1597952K Free: 417693K (26%)
----------------- Invoking toplevel() on ptolemy.moml.MoMLSimpleApplication@4c7d88e9
----------------- Done invoking toplevel() on ptolemy.moml.MoMLSimpleApplication@4c7d88e9
reloadAllAccessors: .RecursiveLattice

===========================================================================================
----------------- testing Sun Sep 30 02:19:14 UTC 2018 /home/travis/build/icyphy/ptII/ptolemy/actor/lib/test/auto/Router.xml
----------------- Instantiating /home/travis/build/icyphy/ptII/ptolemy/actor/lib/test/auto/Router.xml
3003 ms. Memory: 1597952K Free: 402891K (25%)
----------------- Invoking toplevel() on ptolemy.moml.MoMLSimpleApplication@2adf458
----------------- Done invoking toplevel() on ptolemy.moml.MoMLSimpleApplication@2adf458
reloadAllAccessors: .Router

===========================================================================================
----------------- testing Sun Sep 30 02:19:17 UTC 2018 /home/travis/build/icyphy/ptII/ptolemy/actor/lib/test/auto/Router2.xml
----------------- Instantiating /home/travis/build/icyphy/ptII/ptolemy/actor/lib/test/auto/Router2.xml
3003 ms. Memory: 1597952K Free: 383063K (24%)
----------------- Invoking toplevel() on ptolemy.moml.MoMLSimpleApplication@616a0820
----------------- Done invoking toplevel() on ptolemy.moml.MoMLSimpleApplication@616a0820
reloadAllAccessors: .Router2

===========================================================================================
----------------- testing Sun Sep 30 02:19:21 UTC 2018 /home/travis/build/icyphy/ptII/ptolemy/actor/lib/test/auto/RunningMaximum.xml
----------------- Instantiating /home/travis/build/icyphy/ptII/ptolemy/actor/lib/test/auto/RunningMaximum.xml
2 ms. Memory: 1597952K Free: 368261K (23%)
----------------- Invoking toplevel() on ptolemy.moml.MoMLSimpleApplication@7881d420
----------------- Done invoking toplevel() on ptolemy.moml.MoMLSimpleApplication@7881d420
reloadAllAccessors: .RunningMaximum

===========================================================================================
----------------- testing Sun Sep 30 02:19:21 UTC 2018 /home/travis/build/icyphy/ptII/ptolemy/actor/lib/test/auto/RunningMinimum.xml
----------------- Instantiating /home/travis/build/icyphy/ptII/ptolemy/actor/lib/test/auto/RunningMinimum.xml
2 ms. Memory: 1597952K Free: 348433K (22%)
----------------- Invoking toplevel() on ptolemy.moml.MoMLSimpleApplication@7af356bd
----------------- Done invoking toplevel() on ptolemy.moml.MoMLSimpleApplication@7af356bd
reloadAllAccessors: .RunningMinimum

===========================================================================================
----------------- testing Sun Sep 30 02:19:21 UTC 2018 /home/travis/build/icyphy/ptII/ptolemy/actor/lib/test/auto/Scale.xml
----------------- Instantiating /home/travis/build/icyphy/ptII/ptolemy/actor/lib/test/auto/Scale.xml
1 ms. Memory: 1597952K Free: 333631K (21%)
----------------- Invoking toplevel() on ptolemy.moml.MoMLSimpleApplication@49ad02d8
----------------- Done invoking toplevel() on ptolemy.moml.MoMLSimpleApplication@49ad02d8
reloadAllAccessors: .Scale

===========================================================================================
----------------- testing Sun Sep 30 02:19:21 UTC 2018 /home/travis/build/icyphy/ptII/ptolemy/actor/lib/test/auto/Scale2.xml
----------------- Instantiating /home/travis/build/icyphy/ptII/ptolemy/actor/lib/test/auto/Scale2.xml
1 ms. Memory: 1597952K Free: 313802K (20%)
----------------- Invoking toplevel() on ptolemy.moml.MoMLSimpleApplication@ca977c7
----------------- Done invoking toplevel() on ptolemy.moml.MoMLSimpleApplication@ca977c7
reloadAllAccessors: .Scale2

===========================================================================================
----------------- testing Sun Sep 30 02:19:21 UTC 2018 /home/travis/build/icyphy/ptII/ptolemy/actor/lib/test/auto/Scale3.xml
----------------- Instantiating /home/travis/build/icyphy/ptII/ptolemy/actor/lib/test/auto/Scale3.xml
3 ms. Memory: 1597952K Free: 299001K (19%)
----------------- Invoking toplevel() on ptolemy.moml.MoMLSimpleApplication@7e8b40e3
----------------- Done invoking toplevel() on ptolemy.moml.MoMLSimpleApplication@7e8b40e3
reloadAllAccessors: .Scale3

===========================================================================================
----------------- testing Sun Sep 30 02:19:21 UTC 2018 /home/travis/build/icyphy/ptII/ptolemy/actor/lib/test/auto/ScaleArray.xml
----------------- Instantiating /home/travis/build/icyphy/ptII/ptolemy/actor/lib/test/auto/ScaleArray.xml
1 ms. Memory: 1597952K Free: 279172K (17%)
----------------- Invoking toplevel() on ptolemy.moml.MoMLSimpleApplication@18aa8a4e
----------------- Done invoking toplevel() on ptolemy.moml.MoMLSimpleApplication@18aa8a4e
reloadAllAccessors: .ScaleArray

===========================================================================================
----------------- testing Sun Sep 30 02:19:21 UTC 2018 /home/travis/build/icyphy/ptII/ptolemy/actor/lib/test/auto/ScaleArray2.xml
----------------- Instantiating /home/travis/build/icyphy/ptII/ptolemy/actor/lib/test/auto/ScaleArray2.xml
1 ms. Memory: 1597952K Free: 264370K (17%)
----------------- Invoking toplevel() on ptolemy.moml.MoMLSimpleApplication@1ba3d4d0
----------------- Done invoking toplevel() on ptolemy.moml.MoMLSimpleApplication@1ba3d4d0
reloadAllAccessors: .ScaleArray2

===========================================================================================
----------------- testing Sun Sep 30 02:19:21 UTC 2018 /home/travis/build/icyphy/ptII/ptolemy/actor/lib/test/auto/ScaleMatrix.xml
----------------- Instantiating /home/travis/build/icyphy/ptII/ptolemy/actor/lib/test/auto/ScaleMatrix.xml
100 ms. Memory: 1597952K Free: 237141K (15%)
----------------- Invoking toplevel() on ptolemy.moml.MoMLSimpleApplication@40f4ca94
----------------- Done invoking toplevel() on ptolemy.moml.MoMLSimpleApplication@40f4ca94
reloadAllAccessors: .ScaleMatrix

===========================================================================================
----------------- testing Sun Sep 30 02:19:21 UTC 2018 /home/travis/build/icyphy/ptII/ptolemy/actor/lib/test/auto/Select.xml
----------------- Instantiating /home/travis/build/icyphy/ptII/ptolemy/actor/lib/test/auto/Select.xml
2 ms. Memory: 1597952K Free: 222339K (14%)
----------------- Invoking toplevel() on ptolemy.moml.MoMLSimpleApplication@69b300d9
----------------- Done invoking toplevel() on ptolemy.moml.MoMLSimpleApplication@69b300d9
reloadAllAccessors: .Select

===========================================================================================
----------------- testing Sun Sep 30 02:19:21 UTC 2018 /home/travis/build/icyphy/ptII/ptolemy/actor/lib/test/auto/Select2.xml
----------------- Instantiating /home/travis/build/icyphy/ptII/ptolemy/actor/lib/test/auto/Select2.xml
0 ms. Memory: 1597952K Free: 202511K (13%)
----------------- Invoking toplevel() on ptolemy.moml.MoMLSimpleApplication@361b58f5
----------------- Done invoking toplevel() on ptolemy.moml.MoMLSimpleApplication@361b58f5
reloadAllAccessors: .Select2

===========================================================================================
----------------- testing Sun Sep 30 02:19:21 UTC 2018 /home/travis/build/icyphy/ptII/ptolemy/actor/lib/test/auto/SequenceToArray2.xml
----------------- Instantiating /home/travis/build/icyphy/ptII/ptolemy/actor/lib/test/auto/SequenceToArray2.xml
85 ms. Memory: 1597952K Free: 113698K (7%)
----------------- Invoking toplevel() on ptolemy.moml.MoMLSimpleApplication@36ee9dff
----------------- Done invoking toplevel() on ptolemy.moml.MoMLSimpleApplication@36ee9dff
reloadAllAccessors: .SequenceToArray2

===========================================================================================
----------------- testing Sun Sep 30 02:19:21 UTC 2018 /home/travis/build/icyphy/ptII/ptolemy/actor/lib/test/auto/SequentialClock.xml
----------------- Instantiating /home/travis/build/icyphy/ptII/ptolemy/actor/lib/test/auto/SequentialClock.xml
1 ms. Memory: 1597952K Free: 93870K (6%)
----------------- Invoking toplevel() on ptolemy.moml.MoMLSimpleApplication@36513af8
----------------- Done invoking toplevel() on ptolemy.moml.MoMLSimpleApplication@36513af8
reloadAllAccessors: .SequentialClock

===========================================================================================
----------------- testing Sun Sep 30 02:19:21 UTC 2018 /home/travis/build/icyphy/ptII/ptolemy/actor/lib/test/auto/SetVariable.xml
----------------- Instantiating /home/travis/build/icyphy/ptII/ptolemy/actor/lib/test/auto/SetVariable.xml
3 ms. Memory: 1597952K Free: 79068K (5%)
----------------- Invoking toplevel() on ptolemy.moml.MoMLSimpleApplication@706b59f0
----------------- Done invoking toplevel() on ptolemy.moml.MoMLSimpleApplication@706b59f0
reloadAllAccessors: .SetVariable

===========================================================================================
----------------- testing Sun Sep 30 02:19:21 UTC 2018 /home/travis/build/icyphy/ptII/ptolemy/actor/lib/test/auto/SetVariable2.xml
----------------- Instantiating /home/travis/build/icyphy/ptII/ptolemy/actor/lib/test/auto/SetVariable2.xml
1 ms. Memory: 1747968K Free: 1682859K (96%)
----------------- Invoking toplevel() on ptolemy.moml.MoMLSimpleApplication@49a459f8
----------------- Done invoking toplevel() on ptolemy.moml.MoMLSimpleApplication@49a459f8
reloadAllAccessors: .SetVariable2

===========================================================================================
----------------- testing Sun Sep 30 02:19:21 UTC 2018 /home/travis/build/icyphy/ptII/ptolemy/actor/lib/test/auto/SetVariable3.xml
----------------- Instantiating /home/travis/build/icyphy/ptII/ptolemy/actor/lib/test/auto/SetVariable3.xml
2 ms. Memory: 1747968K Free: 1656714K (95%)
----------------- Invoking toplevel() on ptolemy.moml.MoMLSimpleApplication@6e54d356
----------------- Done invoking toplevel() on ptolemy.moml.MoMLSimpleApplication@6e54d356
reloadAllAccessors: .SetVariable3

===========================================================================================
----------------- testing Sun Sep 30 02:19:21 UTC 2018 /home/travis/build/icyphy/ptII/ptolemy/actor/lib/test/auto/SetVariable4.xml
----------------- Instantiating /home/travis/build/icyphy/ptII/ptolemy/actor/lib/test/auto/SetVariable4.xml
11 ms. Memory: 1747968K Free: 1557888K (89%)
----------------- Invoking toplevel() on ptolemy.moml.MoMLSimpleApplication@33a2183a
----------------- Done invoking toplevel() on ptolemy.moml.MoMLSimpleApplication@33a2183a
reloadAllAccessors: .SetVariable4

===========================================================================================
----------------- testing Sun Sep 30 02:19:21 UTC 2018 /home/travis/build/icyphy/ptII/ptolemy/actor/lib/test/auto/SetVariable5.xml
----------------- Instantiating /home/travis/build/icyphy/ptII/ptolemy/actor/lib/test/auto/SetVariable5.xml
9 ms. Memory: 1747968K Free: 1531703K (88%)
----------------- Invoking toplevel() on ptolemy.moml.MoMLSimpleApplication@7286656
----------------- Done invoking toplevel() on ptolemy.moml.MoMLSimpleApplication@7286656
reloadAllAccessors: .SetVariable5

===========================================================================================
----------------- testing Sun Sep 30 02:19:21 UTC 2018 /home/travis/build/icyphy/ptII/ptolemy/actor/lib/test/auto/Sinewave.xml
----------------- Instantiating /home/travis/build/icyphy/ptII/ptolemy/actor/lib/test/auto/Sinewave.xml
4 ms. Memory: 1747968K Free: 1509742K (86%)
----------------- Invoking toplevel() on ptolemy.moml.MoMLSimpleApplication@5a09e5c6
----------------- Done invoking toplevel() on ptolemy.moml.MoMLSimpleApplication@5a09e5c6
reloadAllAccessors: .Sinewave

===========================================================================================
----------------- testing Sun Sep 30 02:19:21 UTC 2018 /home/travis/build/icyphy/ptII/ptolemy/actor/lib/test/auto/Sinewave2.xml
----------------- Instantiating /home/travis/build/icyphy/ptII/ptolemy/actor/lib/test/auto/Sinewave2.xml
4 ms. Memory: 1747968K Free: 1483597K (85%)
----------------- Invoking toplevel() on ptolemy.moml.MoMLSimpleApplication@63ba047b
----------------- Done invoking toplevel() on ptolemy.moml.MoMLSimpleApplication@63ba047b
reloadAllAccessors: .Sinewave2

===========================================================================================
----------------- testing Sun Sep 30 02:19:21 UTC 2018 /home/travis/build/icyphy/ptII/ptolemy/actor/lib/test/auto/Sinewave3.xml
----------------- Instantiating /home/travis/build/icyphy/ptII/ptolemy/actor/lib/test/auto/Sinewave3.xml
5 ms. Memory: 1747968K Free: 1457452K (83%)
----------------- Invoking toplevel() on ptolemy.moml.MoMLSimpleApplication@3eddeb5a
----------------- Done invoking toplevel() on ptolemy.moml.MoMLSimpleApplication@3eddeb5a
reloadAllAccessors: .Sinewave3

===========================================================================================
----------------- testing Sun Sep 30 02:19:21 UTC 2018 /home/travis/build/icyphy/ptII/ptolemy/actor/lib/test/auto/SingleEvent.xml
----------------- Instantiating /home/travis/build/icyphy/ptII/ptolemy/actor/lib/test/auto/SingleEvent.xml
1 ms. Memory: 1747968K Free: 1435490K (82%)
----------------- Invoking toplevel() on ptolemy.moml.MoMLSimpleApplication@3f9e34db
----------------- Done invoking toplevel() on ptolemy.moml.MoMLSimpleApplication@3f9e34db
reloadAllAccessors: .SingleEvent

===========================================================================================
----------------- testing Sun Sep 30 02:19:21 UTC 2018 /home/travis/build/icyphy/ptII/ptolemy/actor/lib/test/auto/Sleep.xml
----------------- Instantiating /home/travis/build/icyphy/ptII/ptolemy/actor/lib/test/auto/Sleep.xml
6003 ms. Memory: 1747968K Free: 1409345K (81%)
----------------- Invoking toplevel() on ptolemy.moml.MoMLSimpleApplication@c5406f2
----------------- Done invoking toplevel() on ptolemy.moml.MoMLSimpleApplication@c5406f2
reloadAllAccessors: .Sleep

===========================================================================================
----------------- testing Sun Sep 30 02:19:27 UTC 2018 /home/travis/build/icyphy/ptII/ptolemy/actor/lib/test/auto/SleepMultipleFire.xml
----------------- Instantiating /home/travis/build/icyphy/ptII/ptolemy/actor/lib/test/auto/SleepMultipleFire.xml
1004 ms. Memory: 1747968K Free: 1383201K (79%)
----------------- Invoking toplevel() on ptolemy.moml.MoMLSimpleApplication@18b57e49
----------------- Done invoking toplevel() on ptolemy.moml.MoMLSimpleApplication@18b57e49
reloadAllAccessors: .SleepMultipleFire

===========================================================================================
----------------- testing Sun Sep 30 02:19:28 UTC 2018 /home/travis/build/icyphy/ptII/ptolemy/actor/lib/test/auto/StopDE.xml
----------------- Instantiating /home/travis/build/icyphy/ptII/ptolemy/actor/lib/test/auto/StopDE.xml
2 ms. Memory: 1747968K Free: 1361239K (78%)
----------------- Invoking toplevel() on ptolemy.moml.MoMLSimpleApplication@1e3a14f8
----------------- Done invoking toplevel() on ptolemy.moml.MoMLSimpleApplication@1e3a14f8
reloadAllAccessors: .StopDE

===========================================================================================
----------------- testing Sun Sep 30 02:19:28 UTC 2018 /home/travis/build/icyphy/ptII/ptolemy/actor/lib/test/auto/StopSDF.xml
----------------- Instantiating /home/travis/build/icyphy/ptII/ptolemy/actor/lib/test/auto/StopSDF.xml
2 ms. Memory: 1747968K Free: 1335094K (76%)
----------------- Invoking toplevel() on ptolemy.moml.MoMLSimpleApplication@69e9b155
----------------- Done invoking toplevel() on ptolemy.moml.MoMLSimpleApplication@69e9b155
reloadAllAccessors: .StopSDF

===========================================================================================
----------------- testing Sun Sep 30 02:19:28 UTC 2018 /home/travis/build/icyphy/ptII/ptolemy/actor/lib/test/auto/StringConstant.xml
----------------- Instantiating /home/travis/build/icyphy/ptII/ptolemy/actor/lib/test/auto/StringConstant.xml
1 ms. Memory: 1747968K Free: 1313133K (75%)
----------------- Invoking toplevel() on ptolemy.moml.MoMLSimpleApplication@3e43ea33
----------------- Done invoking toplevel() on ptolemy.moml.MoMLSimpleApplication@3e43ea33
reloadAllAccessors: .StringConstant

===========================================================================================
----------------- testing Sun Sep 30 02:19:28 UTC 2018 /home/travis/build/icyphy/ptII/ptolemy/actor/lib/test/auto/SubscriberPortInitialValues1.xml
----------------- Instantiating /home/travis/build/icyphy/ptII/ptolemy/actor/lib/test/auto/SubscriberPortInitialValues1.xml
4 ms. Memory: 1747968K Free: 1286988K (74%)
----------------- Invoking toplevel() on ptolemy.moml.MoMLSimpleApplication@3bc34233
----------------- Done invoking toplevel() on ptolemy.moml.MoMLSimpleApplication@3bc34233
reloadAllAccessors: .SubscriberPortInitialValues1

===========================================================================================
----------------- testing Sun Sep 30 02:19:28 UTC 2018 /home/travis/build/icyphy/ptII/ptolemy/actor/lib/test/auto/SubscriberPortInitialValues13.xml
----------------- Instantiating /home/travis/build/icyphy/ptII/ptolemy/actor/lib/test/auto/SubscriberPortInitialValues13.xml
4 ms. Memory: 1747968K Free: 1260843K (72%)
----------------- Invoking toplevel() on ptolemy.moml.MoMLSimpleApplication@753a98cb
----------------- Done invoking toplevel() on ptolemy.moml.MoMLSimpleApplication@753a98cb
reloadAllAccessors: .SubscriberPortInitialValues13

===========================================================================================
----------------- testing Sun Sep 30 02:19:28 UTC 2018 /home/travis/build/icyphy/ptII/ptolemy/actor/lib/test/auto/SubscriberPortInitialValues14.xml
----------------- Instantiating /home/travis/build/icyphy/ptII/ptolemy/actor/lib/test/auto/SubscriberPortInitialValues14.xml
4 ms. Memory: 1747968K Free: 1238882K (71%)
----------------- Invoking toplevel() on ptolemy.moml.MoMLSimpleApplication@34397326
----------------- Done invoking toplevel() on ptolemy.moml.MoMLSimpleApplication@34397326
reloadAllAccessors: .SubscriberPortInitialValues14

===========================================================================================
----------------- testing Sun Sep 30 02:19:28 UTC 2018 /home/travis/build/icyphy/ptII/ptolemy/actor/lib/test/auto/SubscriberPortInitialValues2.xml
----------------- Instantiating /home/travis/build/icyphy/ptII/ptolemy/actor/lib/test/auto/SubscriberPortInitialValues2.xml
4 ms. Memory: 1747968K Free: 1212737K (69%)
----------------- Invoking toplevel() on ptolemy.moml.MoMLSimpleApplication@1ad51598
----------------- Done invoking toplevel() on ptolemy.moml.MoMLSimpleApplication@1ad51598
reloadAllAccessors: .SubscriberPortInitialValues2

===========================================================================================
----------------- testing Sun Sep 30 02:19:28 UTC 2018 /home/travis/build/icyphy/ptII/ptolemy/actor/lib/test/auto/SubscriberPortInitialValues3.xml
----------------- Instantiating /home/travis/build/icyphy/ptII/ptolemy/actor/lib/test/auto/SubscriberPortInitialValues3.xml
4 ms. Memory: 1747968K Free: 1186592K (68%)
----------------- Invoking toplevel() on ptolemy.moml.MoMLSimpleApplication@63e92c90
----------------- Done invoking toplevel() on ptolemy.moml.MoMLSimpleApplication@63e92c90
reloadAllAccessors: .SubscriberPortInitialValues3

===========================================================================================
----------------- testing Sun Sep 30 02:19:28 UTC 2018 /home/travis/build/icyphy/ptII/ptolemy/actor/lib/test/auto/SubscriptionAggregator.xml
----------------- Instantiating /home/travis/build/icyphy/ptII/ptolemy/actor/lib/test/auto/SubscriptionAggregator.xml
3 ms. Memory: 1747968K Free: 1164630K (67%)
----------------- Invoking toplevel() on ptolemy.moml.MoMLSimpleApplication@3e614aea
----------------- Done invoking toplevel() on ptolemy.moml.MoMLSimpleApplication@3e614aea
reloadAllAccessors: .SubscriptionAggregator

===========================================================================================
----------------- testing Sun Sep 30 02:19:28 UTC 2018 /home/travis/build/icyphy/ptII/ptolemy/actor/lib/test/auto/SubscriptionAggregator2.xml
----------------- Instantiating /home/travis/build/icyphy/ptII/ptolemy/actor/lib/test/auto/SubscriptionAggregator2.xml
2 ms. Memory: 1747968K Free: 1138485K (65%)
----------------- Invoking toplevel() on ptolemy.moml.MoMLSimpleApplication@2c9d41d3
----------------- Done invoking toplevel() on ptolemy.moml.MoMLSimpleApplication@2c9d41d3
reloadAllAccessors: .SubscriptionAggregator2

===========================================================================================
----------------- testing Sun Sep 30 02:19:28 UTC 2018 /home/travis/build/icyphy/ptII/ptolemy/actor/lib/test/auto/SubscriptionAggregator3.xml
----------------- Instantiating /home/travis/build/icyphy/ptII/ptolemy/actor/lib/test/auto/SubscriptionAggregator3.xml
3 ms. Memory: 1747968K Free: 1116524K (64%)
----------------- Invoking toplevel() on ptolemy.moml.MoMLSimpleApplication@4a3dba34
----------------- Done invoking toplevel() on ptolemy.moml.MoMLSimpleApplication@4a3dba34
reloadAllAccessors: .SubscriptionAggregator3

===========================================================================================
----------------- testing Sun Sep 30 02:19:28 UTC 2018 /home/travis/build/icyphy/ptII/ptolemy/actor/lib/test/auto/SubscriptionAggregatorMultiply.xml
----------------- Instantiating /home/travis/build/icyphy/ptII/ptolemy/actor/lib/test/auto/SubscriptionAggregatorMultiply.xml
3 ms. Memory: 1747968K Free: 1090379K (62%)
----------------- Invoking toplevel() on ptolemy.moml.MoMLSimpleApplication@5e054f4c
----------------- Done invoking toplevel() on ptolemy.moml.MoMLSimpleApplication@5e054f4c
reloadAllAccessors: .SubscriptionAggregatorMultiply

===========================================================================================
----------------- testing Sun Sep 30 02:19:28 UTC 2018 /home/travis/build/icyphy/ptII/ptolemy/actor/lib/test/auto/SubscriptionAggregatorPortMultiply1.xml
----------------- Instantiating /home/travis/build/icyphy/ptII/ptolemy/actor/lib/test/auto/SubscriptionAggregatorPortMultiply1.xml
3 ms. Memory: 1747968K Free: 1064234K (61%)
----------------- Invoking toplevel() on ptolemy.moml.MoMLSimpleApplication@6d801dca
----------------- Done invoking toplevel() on ptolemy.moml.MoMLSimpleApplication@6d801dca
reloadAllAccessors: .SubscriptionAggregatorPortMultiply1

===========================================================================================
----------------- testing Sun Sep 30 02:19:28 UTC 2018 /home/travis/build/icyphy/ptII/ptolemy/actor/lib/test/auto/Switch.xml
----------------- Instantiating /home/travis/build/icyphy/ptII/ptolemy/actor/lib/test/auto/Switch.xml
4 ms. Memory: 1747968K Free: 976388K (56%)
----------------- Invoking toplevel() on ptolemy.moml.MoMLSimpleApplication@71d8f7c1
----------------- Done invoking toplevel() on ptolemy.moml.MoMLSimpleApplication@71d8f7c1
reloadAllAccessors: .Switch

===========================================================================================
----------------- testing Sun Sep 30 02:19:28 UTC 2018 /home/travis/build/icyphy/ptII/ptolemy/actor/lib/test/auto/Switch2.xml
----------------- Instantiating /home/travis/build/icyphy/ptII/ptolemy/actor/lib/test/auto/Switch2.xml
1 ms. Memory: 1747968K Free: 950243K (54%)
----------------- Invoking toplevel() on ptolemy.moml.MoMLSimpleApplication@37f225a9
----------------- Done invoking toplevel() on ptolemy.moml.MoMLSimpleApplication@37f225a9
reloadAllAccessors: .Switch2

===========================================================================================
----------------- testing Sun Sep 30 02:19:28 UTC 2018 /home/travis/build/icyphy/ptII/ptolemy/actor/lib/test/auto/SwitchDE.xml
----------------- Instantiating /home/travis/build/icyphy/ptII/ptolemy/actor/lib/test/auto/SwitchDE.xml
2 ms. Memory: 1747968K Free: 924098K (53%)
----------------- Invoking toplevel() on ptolemy.moml.MoMLSimpleApplication@4eb1127b
----------------- Done invoking toplevel() on ptolemy.moml.MoMLSimpleApplication@4eb1127b
reloadAllAccessors: .SwitchDE

===========================================================================================
----------------- testing Sun Sep 30 02:19:28 UTC 2018 /home/travis/build/icyphy/ptII/ptolemy/actor/lib/test/auto/SynchronizerDE.xml
----------------- Instantiating /home/travis/build/icyphy/ptII/ptolemy/actor/lib/test/auto/SynchronizerDE.xml
3 ms. Memory: 1747968K Free: 902137K (52%)
----------------- Invoking toplevel() on ptolemy.moml.MoMLSimpleApplication@3afef15f
----------------- Done invoking toplevel() on ptolemy.moml.MoMLSimpleApplication@3afef15f
reloadAllAccessors: .SynchronizerDE

===========================================================================================
----------------- testing Sun Sep 30 02:19:28 UTC 2018 /home/travis/build/icyphy/ptII/ptolemy/actor/lib/test/auto/Test.xml
----------------- Instantiating /home/travis/build/icyphy/ptII/ptolemy/actor/lib/test/auto/Test.xml
2 ms. Memory: 1747968K Free: 875992K (50%)
----------------- Invoking toplevel() on ptolemy.moml.MoMLSimpleApplication@79cf9433
----------------- Done invoking toplevel() on ptolemy.moml.MoMLSimpleApplication@79cf9433
reloadAllAccessors: .Test

===========================================================================================
----------------- testing Sun Sep 30 02:19:28 UTC 2018 /home/travis/build/icyphy/ptII/ptolemy/actor/lib/test/auto/TestExceptionAttribute1.xml
----------------- Instantiating /home/travis/build/icyphy/ptII/ptolemy/actor/lib/test/auto/TestExceptionAttribute1.xml
1 ms. Memory: 1747968K Free: 854031K (49%)
----------------- Invoking toplevel() on ptolemy.moml.MoMLSimpleApplication@79b05ff5
----------------- Done invoking toplevel() on ptolemy.moml.MoMLSimpleApplication@79b05ff5
reloadAllAccessors: .TestExceptionAttribute1

===========================================================================================
----------------- testing Sun Sep 30 02:19:28 UTC 2018 /home/travis/build/icyphy/ptII/ptolemy/actor/lib/test/auto/TestExceptionAttribute2.xml
----------------- Instantiating /home/travis/build/icyphy/ptII/ptolemy/actor/lib/test/auto/TestExceptionAttribute2.xml
1 ms. Memory: 1747968K Free: 827885K (47%)
----------------- Invoking toplevel() on ptolemy.moml.MoMLSimpleApplication@2a7de28a
----------------- Done invoking toplevel() on ptolemy.moml.MoMLSimpleApplication@2a7de28a
reloadAllAccessors: .TestExceptionAttribute2

===========================================================================================
----------------- testing Sun Sep 30 02:19:28 UTC 2018 /home/travis/build/icyphy/ptII/ptolemy/actor/lib/test/auto/TestExceptionAttribute3.xml
----------------- Instantiating /home/travis/build/icyphy/ptII/ptolemy/actor/lib/test/auto/TestExceptionAttribute3.xml
.TestExceptionAttribute3.TestExceptionAttribute: initialize() was not invoked, but wrapup() was.  This is unusual, but not always a problem.  For example, exporting JNLP will do this.
0 ms. Memory: 1747968K Free: 801740K (46%)
----------------- Invoking toplevel() on ptolemy.moml.MoMLSimpleApplication@1ff52501
----------------- Done invoking toplevel() on ptolemy.moml.MoMLSimpleApplication@1ff52501
reloadAllAccessors: .TestExceptionAttribute3

===========================================================================================
----------------- testing Sun Sep 30 02:19:28 UTC 2018 /home/travis/build/icyphy/ptII/ptolemy/actor/lib/test/auto/TestExceptionAttribute4.xml
----------------- Instantiating /home/travis/build/icyphy/ptII/ptolemy/actor/lib/test/auto/TestExceptionAttribute4.xml
.TestExceptionAttribute4.TestExceptionAttribute: initialize() was not invoked, but wrapup() was.  This is unusual, but not always a problem.  For example, exporting JNLP will do this.
.TestExceptionAttribute4.TestExceptionAttribute2: initialize() was not invoked, but wrapup() was.  This is unusual, but not always a problem.  For example, exporting JNLP will do this.
1 ms. Memory: 1747968K Free: 779779K (45%)
----------------- Invoking toplevel() on ptolemy.moml.MoMLSimpleApplication@2ef8ec1b
----------------- Done invoking toplevel() on ptolemy.moml.MoMLSimpleApplication@2ef8ec1b
reloadAllAccessors: .TestExceptionAttribute4

===========================================================================================
----------------- testing Sun Sep 30 02:19:29 UTC 2018 /home/travis/build/icyphy/ptII/ptolemy/actor/lib/test/auto/TestExceptionHandler1.xml
----------------- Instantiating /home/travis/build/icyphy/ptII/ptolemy/actor/lib/test/auto/TestExceptionHandler1.xml
1 ms. Memory: 1747968K Free: 753634K (43%)
----------------- Invoking toplevel() on ptolemy.moml.MoMLSimpleApplication@4b4f9d1f
----------------- Done invoking toplevel() on ptolemy.moml.MoMLSimpleApplication@4b4f9d1f
reloadAllAccessors: .TestExceptionHandler1

===========================================================================================
----------------- testing Sun Sep 30 02:19:29 UTC 2018 /home/travis/build/icyphy/ptII/ptolemy/actor/lib/test/auto/TestExceptionHandler2.xml
----------------- Instantiating /home/travis/build/icyphy/ptII/ptolemy/actor/lib/test/auto/TestExceptionHandler2.xml
0 ms. Memory: 1747968K Free: 731672K (42%)
----------------- Invoking toplevel() on ptolemy.moml.MoMLSimpleApplication@14e0c6e0
----------------- Done invoking toplevel() on ptolemy.moml.MoMLSimpleApplication@14e0c6e0
reloadAllAccessors: .TestExceptionHandler2

===========================================================================================
----------------- testing Sun Sep 30 02:19:29 UTC 2018 /home/travis/build/icyphy/ptII/ptolemy/actor/lib/test/auto/TestExceptionHandler3.xml
----------------- Instantiating /home/travis/build/icyphy/ptII/ptolemy/actor/lib/test/auto/TestExceptionHandler3.xml
0 ms. Memory: 1747968K Free: 705527K (40%)
----------------- Invoking toplevel() on ptolemy.moml.MoMLSimpleApplication@69845e55
----------------- Done invoking toplevel() on ptolemy.moml.MoMLSimpleApplication@69845e55
reloadAllAccessors: .TestExceptionHandler3

===========================================================================================
----------------- testing Sun Sep 30 02:19:29 UTC 2018 /home/travis/build/icyphy/ptII/ptolemy/actor/lib/test/auto/TestExceptionHandler4.xml
----------------- Instantiating /home/travis/build/icyphy/ptII/ptolemy/actor/lib/test/auto/TestExceptionHandler4.xml
0 ms. Memory: 1747968K Free: 679382K (39%)
----------------- Invoking toplevel() on ptolemy.moml.MoMLSimpleApplication@70ec0c21
----------------- Done invoking toplevel() on ptolemy.moml.MoMLSimpleApplication@70ec0c21
reloadAllAccessors: .TestExceptionHandler4

===========================================================================================
----------------- testing Sun Sep 30 02:19:29 UTC 2018 /home/travis/build/icyphy/ptII/ptolemy/actor/lib/test/auto/TestRequireCorrectOrder.xml
----------------- Instantiating /home/travis/build/icyphy/ptII/ptolemy/actor/lib/test/auto/TestRequireCorrectOrder.xml
2 ms. Memory: 1747968K Free: 657421K (38%)
----------------- Invoking toplevel() on ptolemy.moml.MoMLSimpleApplication@56134058
----------------- Done invoking toplevel() on ptolemy.moml.MoMLSimpleApplication@56134058
reloadAllAccessors: .TestRequireCorrectOrder

===========================================================================================
----------------- testing Sun Sep 30 02:19:29 UTC 2018 /home/travis/build/icyphy/ptII/ptolemy/actor/lib/test/auto/TestSimple.xml
----------------- Instantiating /home/travis/build/icyphy/ptII/ptolemy/actor/lib/test/auto/TestSimple.xml
1 ms. Memory: 1747968K Free: 631276K (36%)
----------------- Invoking toplevel() on ptolemy.moml.MoMLSimpleApplication@753a0bdf
----------------- Done invoking toplevel() on ptolemy.moml.MoMLSimpleApplication@753a0bdf
reloadAllAccessors: .TestSimple

===========================================================================================
----------------- testing Sun Sep 30 02:19:29 UTC 2018 /home/travis/build/icyphy/ptII/ptolemy/actor/lib/test/auto/ThrowModelError.xml
----------------- Instantiating /home/travis/build/icyphy/ptII/ptolemy/actor/lib/test/auto/ThrowModelError.xml
1 ms. Memory: 1747968K Free: 605131K (35%)
----------------- Invoking toplevel() on ptolemy.moml.MoMLSimpleApplication@52a7711a
----------------- Done invoking toplevel() on ptolemy.moml.MoMLSimpleApplication@52a7711a
reloadAllAccessors: .ThrowModelError

===========================================================================================
----------------- testing Sun Sep 30 02:19:29 UTC 2018 /home/travis/build/icyphy/ptII/ptolemy/actor/lib/test/auto/TimeDelayMicrosteps.xml
----------------- Instantiating /home/travis/build/icyphy/ptII/ptolemy/actor/lib/test/auto/TimeDelayMicrosteps.xml
3 ms. Memory: 1747968K Free: 583169K (33%)
----------------- Invoking toplevel() on ptolemy.moml.MoMLSimpleApplication@1d42954d
----------------- Done invoking toplevel() on ptolemy.moml.MoMLSimpleApplication@1d42954d
reloadAllAccessors: .TimeDelayMicrosteps

===========================================================================================
----------------- testing Sun Sep 30 02:19:29 UTC 2018 /home/travis/build/icyphy/ptII/ptolemy/actor/lib/test/auto/TimeDelayMicrosteps2.xml
----------------- Instantiating /home/travis/build/icyphy/ptII/ptolemy/actor/lib/test/auto/TimeDelayMicrosteps2.xml
3 ms. Memory: 1747968K Free: 557025K (32%)
----------------- Invoking toplevel() on ptolemy.moml.MoMLSimpleApplication@2bfcf403
----------------- Done invoking toplevel() on ptolemy.moml.MoMLSimpleApplication@2bfcf403
reloadAllAccessors: .TimeDelayMicrosteps2

===========================================================================================
----------------- testing Sun Sep 30 02:19:29 UTC 2018 /home/travis/build/icyphy/ptII/ptolemy/actor/lib/test/auto/TimeDelayMicrosteps3.xml
----------------- Instantiating /home/travis/build/icyphy/ptII/ptolemy/actor/lib/test/auto/TimeDelayMicrosteps3.xml
6 ms. Memory: 1747968K Free: 535063K (31%)
----------------- Invoking toplevel() on ptolemy.moml.MoMLSimpleApplication@707a5ab7
----------------- Done invoking toplevel() on ptolemy.moml.MoMLSimpleApplication@707a5ab7
reloadAllAccessors: .TimeDelayMicrosteps3

===========================================================================================
----------------- testing Sun Sep 30 02:19:29 UTC 2018 /home/travis/build/icyphy/ptII/ptolemy/actor/lib/test/auto/TimeDelayVariableMicrosteps.xml
----------------- Instantiating /home/travis/build/icyphy/ptII/ptolemy/actor/lib/test/auto/TimeDelayVariableMicrosteps.xml
2 ms. Memory: 1747968K Free: 508918K (29%)
----------------- Invoking toplevel() on ptolemy.moml.MoMLSimpleApplication@18ca9679
----------------- Done invoking toplevel() on ptolemy.moml.MoMLSimpleApplication@18ca9679
reloadAllAccessors: .TimeDelayVariableMicrosteps

===========================================================================================
----------------- testing Sun Sep 30 02:19:29 UTC 2018 /home/travis/build/icyphy/ptII/ptolemy/actor/lib/test/auto/TimeGap.xml
----------------- Instantiating /home/travis/build/icyphy/ptII/ptolemy/actor/lib/test/auto/TimeGap.xml
2 ms. Memory: 1747968K Free: 482773K (28%)
----------------- Invoking toplevel() on ptolemy.moml.MoMLSimpleApplication@7bbe0ad
----------------- Done invoking toplevel() on ptolemy.moml.MoMLSimpleApplication@7bbe0ad
reloadAllAccessors: .TimeGap

===========================================================================================
----------------- testing Sun Sep 30 02:19:29 UTC 2018 /home/travis/build/icyphy/ptII/ptolemy/actor/lib/test/auto/TimeGap2.xml
----------------- Instantiating /home/travis/build/icyphy/ptII/ptolemy/actor/lib/test/auto/TimeGap2.xml
2 ms. Memory: 1747968K Free: 460812K (26%)
----------------- Invoking toplevel() on ptolemy.moml.MoMLSimpleApplication@106eb48e
----------------- Done invoking toplevel() on ptolemy.moml.MoMLSimpleApplication@106eb48e
reloadAllAccessors: .TimeGap2

===========================================================================================
----------------- testing Sun Sep 30 02:19:29 UTC 2018 /home/travis/build/icyphy/ptII/ptolemy/actor/lib/test/auto/TimedSinewave.xml
----------------- Instantiating /home/travis/build/icyphy/ptII/ptolemy/actor/lib/test/auto/TimedSinewave.xml
13 ms. Memory: 1747968K Free: 423670K (24%)
----------------- Invoking toplevel() on ptolemy.moml.MoMLSimpleApplication@68ac46f0
----------------- Done invoking toplevel() on ptolemy.moml.MoMLSimpleApplication@68ac46f0
reloadAllAccessors: .TimedSinewave

===========================================================================================
----------------- testing Sun Sep 30 02:19:29 UTC 2018 /home/travis/build/icyphy/ptII/ptolemy/actor/lib/test/auto/TimedSinewavePhase.xml
----------------- Instantiating /home/travis/build/icyphy/ptII/ptolemy/actor/lib/test/auto/TimedSinewavePhase.xml
8 ms. Memory: 1747968K Free: 397525K (23%)
----------------- Invoking toplevel() on ptolemy.moml.MoMLSimpleApplication@6042ffcf
----------------- Done invoking toplevel() on ptolemy.moml.MoMLSimpleApplication@6042ffcf
reloadAllAccessors: .TimedSinewavePhase

===========================================================================================
----------------- testing Sun Sep 30 02:19:29 UTC 2018 /home/travis/build/icyphy/ptII/ptolemy/actor/lib/test/auto/Timer.xml
----------------- Instantiating /home/travis/build/icyphy/ptII/ptolemy/actor/lib/test/auto/Timer.xml
1 ms. Memory: 1747968K Free: 375564K (21%)
----------------- Invoking toplevel() on ptolemy.moml.MoMLSimpleApplication@4f1bed97
----------------- Done invoking toplevel() on ptolemy.moml.MoMLSimpleApplication@4f1bed97
reloadAllAccessors: .Timer

===========================================================================================
----------------- testing Sun Sep 30 02:19:29 UTC 2018 /home/travis/build/icyphy/ptII/ptolemy/actor/lib/test/auto/TriangularDistTestModel.xml
----------------- Instantiating /home/travis/build/icyphy/ptII/ptolemy/actor/lib/test/auto/TriangularDistTestModel.xml
2 ms. Memory: 1747968K Free: 349419K (20%)
----------------- Invoking toplevel() on ptolemy.moml.MoMLSimpleApplication@2a91684c
----------------- Done invoking toplevel() on ptolemy.moml.MoMLSimpleApplication@2a91684c
reloadAllAccessors: .TriangularDistTestModel

===========================================================================================
----------------- testing Sun Sep 30 02:19:29 UTC 2018 /home/travis/build/icyphy/ptII/ptolemy/actor/lib/test/auto/TrigFunction.xml
----------------- Instantiating /home/travis/build/icyphy/ptII/ptolemy/actor/lib/test/auto/TrigFunction.xml
1 ms. Memory: 1747968K Free: 323274K (18%)
----------------- Invoking toplevel() on ptolemy.moml.MoMLSimpleApplication@76078781
----------------- Done invoking toplevel() on ptolemy.moml.MoMLSimpleApplication@76078781
reloadAllAccessors: .TrigFunction

===========================================================================================
----------------- testing Sun Sep 30 02:19:29 UTC 2018 /home/travis/build/icyphy/ptII/ptolemy/actor/lib/test/auto/TrigFunctionDE.xml
----------------- Instantiating /home/travis/build/icyphy/ptII/ptolemy/actor/lib/test/auto/TrigFunctionDE.xml
2 ms. Memory: 1747968K Free: 301313K (17%)
----------------- Invoking toplevel() on ptolemy.moml.MoMLSimpleApplication@615e79cc
----------------- Done invoking toplevel() on ptolemy.moml.MoMLSimpleApplication@615e79cc
reloadAllAccessors: .TrigFunctionDE

===========================================================================================
----------------- testing Sun Sep 30 02:19:29 UTC 2018 /home/travis/build/icyphy/ptII/ptolemy/actor/lib/test/auto/TrigFunctionInverse.xml
----------------- Instantiating /home/travis/build/icyphy/ptII/ptolemy/actor/lib/test/auto/TrigFunctionInverse.xml
2 ms. Memory: 1747968K Free: 275167K (16%)
----------------- Invoking toplevel() on ptolemy.moml.MoMLSimpleApplication@57084060
----------------- Done invoking toplevel() on ptolemy.moml.MoMLSimpleApplication@57084060
reloadAllAccessors: .TrigFunctionInverse

===========================================================================================
----------------- testing Sun Sep 30 02:19:29 UTC 2018 /home/travis/build/icyphy/ptII/ptolemy/actor/lib/test/auto/TrigFunctionTan.xml
----------------- Instantiating /home/travis/build/icyphy/ptII/ptolemy/actor/lib/test/auto/TrigFunctionTan.xml
1 ms. Memory: 1747968K Free: 253206K (14%)
----------------- Invoking toplevel() on ptolemy.moml.MoMLSimpleApplication@168f2fa1
----------------- Done invoking toplevel() on ptolemy.moml.MoMLSimpleApplication@168f2fa1
reloadAllAccessors: .TrigFunctionTan

===========================================================================================
----------------- testing Sun Sep 30 02:19:29 UTC 2018 /home/travis/build/icyphy/ptII/ptolemy/actor/lib/test/auto/TriggeredClock.xml
----------------- Instantiating /home/travis/build/icyphy/ptII/ptolemy/actor/lib/test/auto/TriggeredClock.xml
2 ms. Memory: 1747968K Free: 227061K (13%)
----------------- Invoking toplevel() on ptolemy.moml.MoMLSimpleApplication@63d40c5c
----------------- Done invoking toplevel() on ptolemy.moml.MoMLSimpleApplication@63d40c5c
reloadAllAccessors: .TriggeredClock

===========================================================================================
----------------- testing Sun Sep 30 02:19:29 UTC 2018 /home/travis/build/icyphy/ptII/ptolemy/actor/lib/test/auto/URLDirectoryReader.xml
----------------- Instantiating /home/travis/build/icyphy/ptII/ptolemy/actor/lib/test/auto/URLDirectoryReader.xml
36 ms. Memory: 1747968K Free: 200916K (11%)
----------------- Invoking toplevel() on ptolemy.moml.MoMLSimpleApplication@63a26b84
----------------- Done invoking toplevel() on ptolemy.moml.MoMLSimpleApplication@63a26b84
reloadAllAccessors: .URLDirectoryReader

===========================================================================================
----------------- testing Sun Sep 30 02:19:29 UTC 2018 /home/travis/build/icyphy/ptII/ptolemy/actor/lib/test/auto/URLDirectoryReader3.xml
----------------- Instantiating /home/travis/build/icyphy/ptII/ptolemy/actor/lib/test/auto/URLDirectoryReader3.xml
1132 ms. Memory: 1747968K Free: 135031K (8%)
----------------- Invoking toplevel() on ptolemy.moml.MoMLSimpleApplication@54e0bfe6
----------------- Done invoking toplevel() on ptolemy.moml.MoMLSimpleApplication@54e0bfe6
reloadAllAccessors: .URLDirectoryReader3

===========================================================================================
----------------- testing Sun Sep 30 02:19:30 UTC 2018 /home/travis/build/icyphy/ptII/ptolemy/actor/lib/test/auto/UnaryMathFunction.xml
----------------- Instantiating /home/travis/build/icyphy/ptII/ptolemy/actor/lib/test/auto/UnaryMathFunction.xml
3 ms. Memory: 1747968K Free: 108887K (6%)
----------------- Invoking toplevel() on ptolemy.moml.MoMLSimpleApplication@75128b78
----------------- Done invoking toplevel() on ptolemy.moml.MoMLSimpleApplication@75128b78
reloadAllAccessors: .UnaryMathFunction

===========================================================================================
----------------- testing Sun Sep 30 02:19:30 UTC 2018 /home/travis/build/icyphy/ptII/ptolemy/actor/lib/test/auto/Uniform.xml
----------------- Instantiating /home/travis/build/icyphy/ptII/ptolemy/actor/lib/test/auto/Uniform.xml
10 ms. Memory: 1747968K Free: 82742K (5%)
----------------- Invoking toplevel() on ptolemy.moml.MoMLSimpleApplication@65dc4bd5
----------------- Done invoking toplevel() on ptolemy.moml.MoMLSimpleApplication@65dc4bd5
reloadAllAccessors: .Uniform

===========================================================================================
----------------- testing Sun Sep 30 02:19:30 UTC 2018 /home/travis/build/icyphy/ptII/ptolemy/actor/lib/test/auto/UnionDisassemblerTest.xml
----------------- Instantiating /home/travis/build/icyphy/ptII/ptolemy/actor/lib/test/auto/UnionDisassemblerTest.xml
20 ms. Memory: 1747968K Free: 61900K (4%)
----------------- Invoking toplevel() on ptolemy.moml.MoMLSimpleApplication@36308f3a
----------------- Done invoking toplevel() on ptolemy.moml.MoMLSimpleApplication@36308f3a
reloadAllAccessors: .UnionDisassemblerTest

===========================================================================================
----------------- testing Sun Sep 30 02:19:31 UTC 2018 /home/travis/build/icyphy/ptII/ptolemy/actor/lib/test/auto/UtilityFunctions.xml
----------------- Instantiating /home/travis/build/icyphy/ptII/ptolemy/actor/lib/test/auto/UtilityFunctions.xml
4 ms. Memory: 1763840K Free: 1688007K (96%)
----------------- Invoking toplevel() on ptolemy.moml.MoMLSimpleApplication@15ce326b
----------------- Done invoking toplevel() on ptolemy.moml.MoMLSimpleApplication@15ce326b
reloadAllAccessors: .UtilityFunctions

===========================================================================================
----------------- testing Sun Sep 30 02:19:31 UTC 2018 /home/travis/build/icyphy/ptII/ptolemy/actor/lib/test/auto/VariableSleep.xml
----------------- Instantiating /home/travis/build/icyphy/ptII/ptolemy/actor/lib/test/auto/VariableSleep.xml
504 ms. Memory: 1763840K Free: 1662217K (94%)
----------------- Invoking toplevel() on ptolemy.moml.MoMLSimpleApplication@4001cf30
----------------- Done invoking toplevel() on ptolemy.moml.MoMLSimpleApplication@4001cf30
reloadAllAccessors: .VariableSleep

===========================================================================================
----------------- testing Sun Sep 30 02:19:31 UTC 2018 /home/travis/build/icyphy/ptII/ptolemy/actor/lib/test/auto/VectorAssemblerDisassemblerCT.xml
----------------- Instantiating /home/travis/build/icyphy/ptII/ptolemy/actor/lib/test/auto/VectorAssemblerDisassemblerCT.xml
49 ms. Memory: 1763840K Free: 1629259K (92%)
----------------- Invoking toplevel() on ptolemy.moml.MoMLSimpleApplication@14308724
----------------- Done invoking toplevel() on ptolemy.moml.MoMLSimpleApplication@14308724
reloadAllAccessors: .VectorAssemblerDisassemblerCT

===========================================================================================
----------------- testing Sun Sep 30 02:19:31 UTC 2018 /home/travis/build/icyphy/ptII/ptolemy/actor/lib/test/auto/VectorAssemblerDisassemblerDE.xml
----------------- Instantiating /home/travis/build/icyphy/ptII/ptolemy/actor/lib/test/auto/VectorAssemblerDisassemblerDE.xml
2 ms. Memory: 1763840K Free: 1603494K (91%)
----------------- Invoking toplevel() on ptolemy.moml.MoMLSimpleApplication@129352e7
----------------- Done invoking toplevel() on ptolemy.moml.MoMLSimpleApplication@129352e7
reloadAllAccessors: .VectorAssemblerDisassemblerDE

===========================================================================================
----------------- testing Sun Sep 30 02:19:31 UTC 2018 /home/travis/build/icyphy/ptII/ptolemy/actor/lib/test/auto/VectorAssemblerDisassemblerSDF.xml
----------------- Instantiating /home/travis/build/icyphy/ptII/ptolemy/actor/lib/test/auto/VectorAssemblerDisassemblerSDF.xml
2 ms. Memory: 1763840K Free: 1577730K (89%)
----------------- Invoking toplevel() on ptolemy.moml.MoMLSimpleApplication@6e297591
----------------- Done invoking toplevel() on ptolemy.moml.MoMLSimpleApplication@6e297591
reloadAllAccessors: .VectorAssemblerDisassemblerSDF

===========================================================================================
----------------- testing Sun Sep 30 02:19:31 UTC 2018 /home/travis/build/icyphy/ptII/ptolemy/actor/lib/test/auto/WallClockTime.xml
----------------- Instantiating /home/travis/build/icyphy/ptII/ptolemy/actor/lib/test/auto/WallClockTime.xml
1004 ms. Memory: 1763840K Free: 1555769K (88%)
----------------- Invoking toplevel() on ptolemy.moml.MoMLSimpleApplication@2516df89
----------------- Done invoking toplevel() on ptolemy.moml.MoMLSimpleApplication@2516df89
reloadAllAccessors: .WallClockTime

===========================================================================================
----------------- testing Sun Sep 30 02:19:32 UTC 2018 /home/travis/build/icyphy/ptII/ptolemy/actor/lib/test/auto/WidthTestWithSubscriberPublisher.xml
----------------- Instantiating /home/travis/build/icyphy/ptII/ptolemy/actor/lib/test/auto/WidthTestWithSubscriberPublisher.xml
6 ms. Memory: 1763840K Free: 1519007K (86%)
----------------- Invoking toplevel() on ptolemy.moml.MoMLSimpleApplication@74b3e16a
----------------- Done invoking toplevel() on ptolemy.moml.MoMLSimpleApplication@74b3e16a
reloadAllAccessors: .WidthTestWithSubscriberPublisher

===========================================================================================
----------------- testing Sun Sep 30 02:19:32 UTC 2018 /home/travis/build/icyphy/ptII/ptolemy/actor/lib/test/auto/WidthTestWithSubscriberPublisher2.xml
----------------- Instantiating /home/travis/build/icyphy/ptII/ptolemy/actor/lib/test/auto/WidthTestWithSubscriberPublisher2.xml
11 ms. Memory: 1763840K Free: 1493243K (85%)
----------------- Invoking toplevel() on ptolemy.moml.MoMLSimpleApplication@5622001e
----------------- Done invoking toplevel() on ptolemy.moml.MoMLSimpleApplication@5622001e
reloadAllAccessors: .WidthTestWithSubscriberPublisher2

===========================================================================================
----------------- testing Sun Sep 30 02:19:32 UTC 2018 /home/travis/build/icyphy/ptII/ptolemy/actor/lib/test/auto/WidthTestWithSubscriberPublisher3.xml
----------------- Instantiating /home/travis/build/icyphy/ptII/ptolemy/actor/lib/test/auto/WidthTestWithSubscriberPublisher3.xml
6 ms. Memory: 1763840K Free: 1471282K (83%)
----------------- Invoking toplevel() on ptolemy.moml.MoMLSimpleApplication@3ea8afb
----------------- Done invoking toplevel() on ptolemy.moml.MoMLSimpleApplication@3ea8afb
reloadAllAccessors: .WidthTestWithSubscriberPublisher3

===========================================================================================
----------------- testing Sun Sep 30 02:19:32 UTC 2018 /home/travis/build/icyphy/ptII/ptolemy/actor/lib/test/auto/Writer.xml
----------------- Instantiating /home/travis/build/icyphy/ptII/ptolemy/actor/lib/test/auto/Writer.xml
0
1
2
3
4
1 ms. Memory: 1763840K Free: 1445517K (82%)
----------------- Invoking toplevel() on ptolemy.moml.MoMLSimpleApplication@2cbd0fd7
----------------- Done invoking toplevel() on ptolemy.moml.MoMLSimpleApplication@2cbd0fd7
reloadAllAccessors: .Writer

===========================================================================================
----------------- testing Sun Sep 30 02:19:32 UTC 2018 /home/travis/build/icyphy/ptII/ptolemy/actor/lib/test/auto/array.xml
----------------- Instantiating /home/travis/build/icyphy/ptII/ptolemy/actor/lib/test/auto/array.xml
1 ms. Memory: 1763840K Free: 1419753K (80%)
----------------- Invoking toplevel() on ptolemy.moml.MoMLSimpleApplication@71108cb5
----------------- Done invoking toplevel() on ptolemy.moml.MoMLSimpleApplication@71108cb5
reloadAllAccessors: .array

===========================================================================================
----------------- testing Sun Sep 30 02:19:32 UTC 2018 /home/travis/build/icyphy/ptII/ptolemy/actor/lib/test/auto/array2.xml
----------------- Instantiating /home/travis/build/icyphy/ptII/ptolemy/actor/lib/test/auto/array2.xml
2 ms. Memory: 1763840K Free: 1393989K (79%)
----------------- Invoking toplevel() on ptolemy.moml.MoMLSimpleApplication@42cfca60
----------------- Done invoking toplevel() on ptolemy.moml.MoMLSimpleApplication@42cfca60
reloadAllAccessors: .array2

===========================================================================================
----------------- testing Sun Sep 30 02:19:32 UTC 2018 /home/travis/build/icyphy/ptII/ptolemy/actor/lib/test/auto/arrayType.xml
----------------- Instantiating /home/travis/build/icyphy/ptII/ptolemy/actor/lib/test/auto/arrayType.xml
1 ms. Memory: 1763840K Free: 1372027K (78%)
----------------- Invoking toplevel() on ptolemy.moml.MoMLSimpleApplication@309130b9
----------------- Done invoking toplevel() on ptolemy.moml.MoMLSimpleApplication@309130b9
reloadAllAccessors: .arrayType

===========================================================================================
----------------- testing Sun Sep 30 02:19:32 UTC 2018 /home/travis/build/icyphy/ptII/ptolemy/actor/lib/test/auto/arrayType10.xml
----------------- Instantiating /home/travis/build/icyphy/ptII/ptolemy/actor/lib/test/auto/arrayType10.xml
1 ms. Memory: 1763840K Free: 1346263K (76%)
----------------- Invoking toplevel() on ptolemy.moml.MoMLSimpleApplication@52b27de7
----------------- Done invoking toplevel() on ptolemy.moml.MoMLSimpleApplication@52b27de7
reloadAllAccessors: .arrayType10

===========================================================================================
----------------- testing Sun Sep 30 02:19:32 UTC 2018 /home/travis/build/icyphy/ptII/ptolemy/actor/lib/test/auto/arrayType11.xml
----------------- Instantiating /home/travis/build/icyphy/ptII/ptolemy/actor/lib/test/auto/arrayType11.xml
1 ms. Memory: 1763840K Free: 1320499K (75%)
----------------- Invoking toplevel() on ptolemy.moml.MoMLSimpleApplication@55c6b3b8
----------------- Done invoking toplevel() on ptolemy.moml.MoMLSimpleApplication@55c6b3b8
reloadAllAccessors: .arrayType11

===========================================================================================
----------------- testing Sun Sep 30 02:19:32 UTC 2018 /home/travis/build/icyphy/ptII/ptolemy/actor/lib/test/auto/arrayType12.xml
----------------- Instantiating /home/travis/build/icyphy/ptII/ptolemy/actor/lib/test/auto/arrayType12.xml
1 ms. Memory: 1763840K Free: 1298537K (74%)
----------------- Invoking toplevel() on ptolemy.moml.MoMLSimpleApplication@e2a8186
----------------- Done invoking toplevel() on ptolemy.moml.MoMLSimpleApplication@e2a8186
reloadAllAccessors: .arrayType12

===========================================================================================
----------------- testing Sun Sep 30 02:19:32 UTC 2018 /home/travis/build/icyphy/ptII/ptolemy/actor/lib/test/auto/arrayType13.xml
----------------- Instantiating /home/travis/build/icyphy/ptII/ptolemy/actor/lib/test/auto/arrayType13.xml
1 ms. Memory: 1763840K Free: 1272773K (72%)
----------------- Invoking toplevel() on ptolemy.moml.MoMLSimpleApplication@321f5fd2
----------------- Done invoking toplevel() on ptolemy.moml.MoMLSimpleApplication@321f5fd2
reloadAllAccessors: .arrayType13

===========================================================================================
----------------- testing Sun Sep 30 02:19:33 UTC 2018 /home/travis/build/icyphy/ptII/ptolemy/actor/lib/test/auto/arrayType14.xml
----------------- Instantiating /home/travis/build/icyphy/ptII/ptolemy/actor/lib/test/auto/arrayType14.xml
2 ms. Memory: 1763840K Free: 1247009K (71%)
----------------- Invoking toplevel() on ptolemy.moml.MoMLSimpleApplication@7f9f7133
----------------- Done invoking toplevel() on ptolemy.moml.MoMLSimpleApplication@7f9f7133
reloadAllAccessors: .arrayType14

===========================================================================================
----------------- testing Sun Sep 30 02:19:33 UTC 2018 /home/travis/build/icyphy/ptII/ptolemy/actor/lib/test/auto/arrayType15.xml
----------------- Instantiating /home/travis/build/icyphy/ptII/ptolemy/actor/lib/test/auto/arrayType15.xml
1 ms. Memory: 1763840K Free: 1225048K (69%)
----------------- Invoking toplevel() on ptolemy.moml.MoMLSimpleApplication@65fd9244
----------------- Done invoking toplevel() on ptolemy.moml.MoMLSimpleApplication@65fd9244
reloadAllAccessors: .arrayType15

===========================================================================================
----------------- testing Sun Sep 30 02:19:33 UTC 2018 /home/travis/build/icyphy/ptII/ptolemy/actor/lib/test/auto/arrayType16.xml
----------------- Instantiating /home/travis/build/icyphy/ptII/ptolemy/actor/lib/test/auto/arrayType16.xml
1 ms. Memory: 1763840K Free: 1199283K (68%)
----------------- Invoking toplevel() on ptolemy.moml.MoMLSimpleApplication@180a7c00
----------------- Done invoking toplevel() on ptolemy.moml.MoMLSimpleApplication@180a7c00
reloadAllAccessors: .arrayType16

===========================================================================================
----------------- testing Sun Sep 30 02:19:33 UTC 2018 /home/travis/build/icyphy/ptII/ptolemy/actor/lib/test/auto/arrayType17.xml
----------------- Instantiating /home/travis/build/icyphy/ptII/ptolemy/actor/lib/test/auto/arrayType17.xml
1 ms. Memory: 1763840K Free: 1173519K (67%)
----------------- Invoking toplevel() on ptolemy.moml.MoMLSimpleApplication@28aa1efc
----------------- Done invoking toplevel() on ptolemy.moml.MoMLSimpleApplication@28aa1efc
reloadAllAccessors: .arrayType17

===========================================================================================
----------------- testing Sun Sep 30 02:19:33 UTC 2018 /home/travis/build/icyphy/ptII/ptolemy/actor/lib/test/auto/arrayType18.xml
----------------- Instantiating /home/travis/build/icyphy/ptII/ptolemy/actor/lib/test/auto/arrayType18.xml
1 ms. Memory: 1763840K Free: 1147755K (65%)
----------------- Invoking toplevel() on ptolemy.moml.MoMLSimpleApplication@3a48c296
----------------- Done invoking toplevel() on ptolemy.moml.MoMLSimpleApplication@3a48c296
reloadAllAccessors: .arrayType18

===========================================================================================
----------------- testing Sun Sep 30 02:19:33 UTC 2018 /home/travis/build/icyphy/ptII/ptolemy/actor/lib/test/auto/arrayType19.xml
----------------- Instantiating /home/travis/build/icyphy/ptII/ptolemy/actor/lib/test/auto/arrayType19.xml
1 ms. Memory: 1763840K Free: 1125793K (64%)
----------------- Invoking toplevel() on ptolemy.moml.MoMLSimpleApplication@74818620
----------------- Done invoking toplevel() on ptolemy.moml.MoMLSimpleApplication@74818620
reloadAllAccessors: .arrayType19

===========================================================================================
----------------- testing Sun Sep 30 02:19:33 UTC 2018 /home/travis/build/icyphy/ptII/ptolemy/actor/lib/test/auto/arrayType2.xml
----------------- Instantiating /home/travis/build/icyphy/ptII/ptolemy/actor/lib/test/auto/arrayType2.xml
2 ms. Memory: 1763840K Free: 1100029K (62%)
----------------- Invoking toplevel() on ptolemy.moml.MoMLSimpleApplication@58423dd7
----------------- Done invoking toplevel() on ptolemy.moml.MoMLSimpleApplication@58423dd7
reloadAllAccessors: .arrayType2

===========================================================================================
----------------- testing Sun Sep 30 02:19:33 UTC 2018 /home/travis/build/icyphy/ptII/ptolemy/actor/lib/test/auto/arrayType20.xml
----------------- Instantiating /home/travis/build/icyphy/ptII/ptolemy/actor/lib/test/auto/arrayType20.xml
1 ms. Memory: 1763840K Free: 1074264K (61%)
----------------- Invoking toplevel() on ptolemy.moml.MoMLSimpleApplication@2d05de69
----------------- Done invoking toplevel() on ptolemy.moml.MoMLSimpleApplication@2d05de69
reloadAllAccessors: .arrayType20

===========================================================================================
----------------- testing Sun Sep 30 02:19:33 UTC 2018 /home/travis/build/icyphy/ptII/ptolemy/actor/lib/test/auto/arrayType21.xml
----------------- Instantiating /home/travis/build/icyphy/ptII/ptolemy/actor/lib/test/auto/arrayType21.xml
3 ms. Memory: 1763840K Free: 1052303K (60%)
----------------- Invoking toplevel() on ptolemy.moml.MoMLSimpleApplication@18cbad49
----------------- Done invoking toplevel() on ptolemy.moml.MoMLSimpleApplication@18cbad49
reloadAllAccessors: .arrayType21

===========================================================================================
----------------- testing Sun Sep 30 02:19:33 UTC 2018 /home/travis/build/icyphy/ptII/ptolemy/actor/lib/test/auto/arrayType22.xml
----------------- Instantiating /home/travis/build/icyphy/ptII/ptolemy/actor/lib/test/auto/arrayType22.xml
1 ms. Memory: 1763840K Free: 1026539K (58%)
----------------- Invoking toplevel() on ptolemy.moml.MoMLSimpleApplication@57bb918c
----------------- Done invoking toplevel() on ptolemy.moml.MoMLSimpleApplication@57bb918c
reloadAllAccessors: .arrayType22

===========================================================================================
----------------- testing Sun Sep 30 02:19:33 UTC 2018 /home/travis/build/icyphy/ptII/ptolemy/actor/lib/test/auto/arrayType23.xml
----------------- Instantiating /home/travis/build/icyphy/ptII/ptolemy/actor/lib/test/auto/arrayType23.xml
1 ms. Memory: 1763840K Free: 1000774K (57%)
----------------- Invoking toplevel() on ptolemy.moml.MoMLSimpleApplication@37d825
----------------- Done invoking toplevel() on ptolemy.moml.MoMLSimpleApplication@37d825
reloadAllAccessors: .arrayType23

===========================================================================================
----------------- testing Sun Sep 30 02:19:33 UTC 2018 /home/travis/build/icyphy/ptII/ptolemy/actor/lib/test/auto/arrayType24.xml
----------------- Instantiating /home/travis/build/icyphy/ptII/ptolemy/actor/lib/test/auto/arrayType24.xml
1 ms. Memory: 1763840K Free: 978813K (55%)
----------------- Invoking toplevel() on ptolemy.moml.MoMLSimpleApplication@188151e1
----------------- Done invoking toplevel() on ptolemy.moml.MoMLSimpleApplication@188151e1
reloadAllAccessors: .arrayType24

===========================================================================================
----------------- testing Sun Sep 30 02:19:33 UTC 2018 /home/travis/build/icyphy/ptII/ptolemy/actor/lib/test/auto/arrayType25.xml
----------------- Instantiating /home/travis/build/icyphy/ptII/ptolemy/actor/lib/test/auto/arrayType25.xml
1 ms. Memory: 1763840K Free: 953048K (54%)
----------------- Invoking toplevel() on ptolemy.moml.MoMLSimpleApplication@401ff0dc
----------------- Done invoking toplevel() on ptolemy.moml.MoMLSimpleApplication@401ff0dc
reloadAllAccessors: .arrayType25

===========================================================================================
----------------- testing Sun Sep 30 02:19:33 UTC 2018 /home/travis/build/icyphy/ptII/ptolemy/actor/lib/test/auto/arrayType26.xml
----------------- Instantiating /home/travis/build/icyphy/ptII/ptolemy/actor/lib/test/auto/arrayType26.xml
1 ms. Memory: 1763840K Free: 927284K (53%)
----------------- Invoking toplevel() on ptolemy.moml.MoMLSimpleApplication@2730014a
----------------- Done invoking toplevel() on ptolemy.moml.MoMLSimpleApplication@2730014a
reloadAllAccessors: .arrayType26

===========================================================================================
----------------- testing Sun Sep 30 02:19:33 UTC 2018 /home/travis/build/icyphy/ptII/ptolemy/actor/lib/test/auto/arrayType27.xml
----------------- Instantiating /home/travis/build/icyphy/ptII/ptolemy/actor/lib/test/auto/arrayType27.xml
1 ms. Memory: 1763840K Free: 901520K (51%)
----------------- Invoking toplevel() on ptolemy.moml.MoMLSimpleApplication@66561f32
----------------- Done invoking toplevel() on ptolemy.moml.MoMLSimpleApplication@66561f32
reloadAllAccessors: .arrayType27

===========================================================================================
----------------- testing Sun Sep 30 02:19:33 UTC 2018 /home/travis/build/icyphy/ptII/ptolemy/actor/lib/test/auto/arrayType28.xml
----------------- Instantiating /home/travis/build/icyphy/ptII/ptolemy/actor/lib/test/auto/arrayType28.xml
1 ms. Memory: 1763840K Free: 879558K (50%)
----------------- Invoking toplevel() on ptolemy.moml.MoMLSimpleApplication@4f7ab8a8
----------------- Done invoking toplevel() on ptolemy.moml.MoMLSimpleApplication@4f7ab8a8
reloadAllAccessors: .arrayType28

===========================================================================================
----------------- testing Sun Sep 30 02:19:33 UTC 2018 /home/travis/build/icyphy/ptII/ptolemy/actor/lib/test/auto/arrayType3.xml
----------------- Instantiating /home/travis/build/icyphy/ptII/ptolemy/actor/lib/test/auto/arrayType3.xml
1 ms. Memory: 1763840K Free: 853794K (48%)
----------------- Invoking toplevel() on ptolemy.moml.MoMLSimpleApplication@bf40a58
----------------- Done invoking toplevel() on ptolemy.moml.MoMLSimpleApplication@bf40a58
reloadAllAccessors: .arrayType3

===========================================================================================
----------------- testing Sun Sep 30 02:19:33 UTC 2018 /home/travis/build/icyphy/ptII/ptolemy/actor/lib/test/auto/arrayType4.xml
----------------- Instantiating /home/travis/build/icyphy/ptII/ptolemy/actor/lib/test/auto/arrayType4.xml
1 ms. Memory: 1763840K Free: 828030K (47%)
----------------- Invoking toplevel() on ptolemy.moml.MoMLSimpleApplication@70a6ca54
----------------- Done invoking toplevel() on ptolemy.moml.MoMLSimpleApplication@70a6ca54
reloadAllAccessors: .arrayType4

===========================================================================================
----------------- testing Sun Sep 30 02:19:33 UTC 2018 /home/travis/build/icyphy/ptII/ptolemy/actor/lib/test/auto/arrayType5.xml
----------------- Instantiating /home/travis/build/icyphy/ptII/ptolemy/actor/lib/test/auto/arrayType5.xml
2 ms. Memory: 1763840K Free: 806068K (46%)
----------------- Invoking toplevel() on ptolemy.moml.MoMLSimpleApplication@4acf6851
----------------- Done invoking toplevel() on ptolemy.moml.MoMLSimpleApplication@4acf6851
reloadAllAccessors: .arrayType5

===========================================================================================
----------------- testing Sun Sep 30 02:19:33 UTC 2018 /home/travis/build/icyphy/ptII/ptolemy/actor/lib/test/auto/arrayType6.xml
----------------- Instantiating /home/travis/build/icyphy/ptII/ptolemy/actor/lib/test/auto/arrayType6.xml
2 ms. Memory: 1763840K Free: 780304K (44%)
----------------- Invoking toplevel() on ptolemy.moml.MoMLSimpleApplication@655690b6
----------------- Done invoking toplevel() on ptolemy.moml.MoMLSimpleApplication@655690b6
reloadAllAccessors: .arrayType6

===========================================================================================
----------------- testing Sun Sep 30 02:19:33 UTC 2018 /home/travis/build/icyphy/ptII/ptolemy/actor/lib/test/auto/arrayType7.xml
----------------- Instantiating /home/travis/build/icyphy/ptII/ptolemy/actor/lib/test/auto/arrayType7.xml
1 ms. Memory: 1763840K Free: 754540K (43%)
----------------- Invoking toplevel() on ptolemy.moml.MoMLSimpleApplication@1ec39924
----------------- Done invoking toplevel() on ptolemy.moml.MoMLSimpleApplication@1ec39924
reloadAllAccessors: .arrayType7

===========================================================================================
----------------- testing Sun Sep 30 02:19:33 UTC 2018 /home/travis/build/icyphy/ptII/ptolemy/actor/lib/test/auto/arrayType8.xml
----------------- Instantiating /home/travis/build/icyphy/ptII/ptolemy/actor/lib/test/auto/arrayType8.xml
3 ms. Memory: 1763840K Free: 728776K (41%)
----------------- Invoking toplevel() on ptolemy.moml.MoMLSimpleApplication@4f529a90
----------------- Done invoking toplevel() on ptolemy.moml.MoMLSimpleApplication@4f529a90
reloadAllAccessors: .arrayType8

===========================================================================================
----------------- testing Sun Sep 30 02:19:33 UTC 2018 /home/travis/build/icyphy/ptII/ptolemy/actor/lib/test/auto/arrayType9.xml
----------------- Instantiating /home/travis/build/icyphy/ptII/ptolemy/actor/lib/test/auto/arrayType9.xml
1 ms. Memory: 1763840K Free: 706814K (40%)
----------------- Invoking toplevel() on ptolemy.moml.MoMLSimpleApplication@6cd64d21
----------------- Done invoking toplevel() on ptolemy.moml.MoMLSimpleApplication@6cd64d21
reloadAllAccessors: .arrayType9

===========================================================================================
----------------- testing Sun Sep 30 02:19:33 UTC 2018 /home/travis/build/icyphy/ptII/ptolemy/actor/lib/test/auto/cast.xml
----------------- Instantiating /home/travis/build/icyphy/ptII/ptolemy/actor/lib/test/auto/cast.xml
2 ms. Memory: 1763840K Free: 681050K (39%)
----------------- Invoking toplevel() on ptolemy.moml.MoMLSimpleApplication@3a1d341a
----------------- Done invoking toplevel() on ptolemy.moml.MoMLSimpleApplication@3a1d341a
reloadAllAccessors: .cast

===========================================================================================
----------------- testing Sun Sep 30 02:19:33 UTC 2018 /home/travis/build/icyphy/ptII/ptolemy/actor/lib/test/auto/compositeMultiPort.xml
----------------- Instantiating /home/travis/build/icyphy/ptII/ptolemy/actor/lib/test/auto/compositeMultiPort.xml
2 ms. Memory: 1763840K Free: 655286K (37%)
----------------- Invoking toplevel() on ptolemy.moml.MoMLSimpleApplication@56ac382c
----------------- Done invoking toplevel() on ptolemy.moml.MoMLSimpleApplication@56ac382c
reloadAllAccessors: .compositeMultiPort

===========================================================================================
----------------- testing Sun Sep 30 02:19:33 UTC 2018 /home/travis/build/icyphy/ptII/ptolemy/actor/lib/test/auto/expressionCastInference.xml
----------------- Instantiating /home/travis/build/icyphy/ptII/ptolemy/actor/lib/test/auto/expressionCastInference.xml
2 ms. Memory: 1763840K Free: 633324K (36%)
----------------- Invoking toplevel() on ptolemy.moml.MoMLSimpleApplication@7b0ca92c
----------------- Done invoking toplevel() on ptolemy.moml.MoMLSimpleApplication@7b0ca92c
reloadAllAccessors: .expressionCastInference

===========================================================================================
----------------- testing Sun Sep 30 02:19:33 UTC 2018 /home/travis/build/icyphy/ptII/ptolemy/actor/lib/test/auto/expressionCastInference2.xml
----------------- Instantiating /home/travis/build/icyphy/ptII/ptolemy/actor/lib/test/auto/expressionCastInference2.xml
1 ms. Memory: 1763840K Free: 607560K (34%)
----------------- Invoking toplevel() on ptolemy.moml.MoMLSimpleApplication@507b2361
----------------- Done invoking toplevel() on ptolemy.moml.MoMLSimpleApplication@507b2361
reloadAllAccessors: .expressionCastInference2

===========================================================================================
----------------- testing Sun Sep 30 02:19:33 UTC 2018 /home/travis/build/icyphy/ptII/ptolemy/actor/lib/test/auto/expressionInference.xml
----------------- Instantiating /home/travis/build/icyphy/ptII/ptolemy/actor/lib/test/auto/expressionInference.xml
2 ms. Memory: 1763840K Free: 581796K (33%)
----------------- Invoking toplevel() on ptolemy.moml.MoMLSimpleApplication@79da61e4
----------------- Done invoking toplevel() on ptolemy.moml.MoMLSimpleApplication@79da61e4
reloadAllAccessors: .expressionInference

===========================================================================================
----------------- testing Sun Sep 30 02:19:33 UTC 2018 /home/travis/build/icyphy/ptII/ptolemy/actor/lib/test/auto/expression_bug.xml
----------------- Instantiating /home/travis/build/icyphy/ptII/ptolemy/actor/lib/test/auto/expression_bug.xml
2 ms. Memory: 1763840K Free: 559834K (32%)
----------------- Invoking toplevel() on ptolemy.moml.MoMLSimpleApplication@17c43217
----------------- Done invoking toplevel() on ptolemy.moml.MoMLSimpleApplication@17c43217
reloadAllAccessors: .expression_bug

===========================================================================================
----------------- testing Sun Sep 30 02:19:33 UTC 2018 /home/travis/build/icyphy/ptII/ptolemy/actor/lib/test/auto/factorial.xml
----------------- Instantiating /home/travis/build/icyphy/ptII/ptolemy/actor/lib/test/auto/factorial.xml
27 ms. Memory: 1763840K Free: 534070K (30%)
----------------- Invoking toplevel() on ptolemy.moml.MoMLSimpleApplication@4c9da17d
----------------- Done invoking toplevel() on ptolemy.moml.MoMLSimpleApplication@4c9da17d
reloadAllAccessors: .factorial

===========================================================================================
----------------- testing Sun Sep 30 02:19:33 UTC 2018 /home/travis/build/icyphy/ptII/ptolemy/actor/lib/test/auto/filterTest1.xml
----------------- Instantiating /home/travis/build/icyphy/ptII/ptolemy/actor/lib/test/auto/filterTest1.xml
10 ms. Memory: 1763840K Free: 508306K (29%)
----------------- Invoking toplevel() on ptolemy.moml.MoMLSimpleApplication@4aedb75a
----------------- Done invoking toplevel() on ptolemy.moml.MoMLSimpleApplication@4aedb75a
reloadAllAccessors: .filterTest1

===========================================================================================
----------------- testing Sun Sep 30 02:19:33 UTC 2018 /home/travis/build/icyphy/ptII/ptolemy/actor/lib/test/auto/funcApplyInConst.xml
----------------- Instantiating /home/travis/build/icyphy/ptII/ptolemy/actor/lib/test/auto/funcApplyInConst.xml
1 ms. Memory: 1763840K Free: 482542K (27%)
----------------- Invoking toplevel() on ptolemy.moml.MoMLSimpleApplication@226fcfcb
----------------- Done invoking toplevel() on ptolemy.moml.MoMLSimpleApplication@226fcfcb
reloadAllAccessors: .funcApplyInConst

===========================================================================================
----------------- testing Sun Sep 30 02:19:33 UTC 2018 /home/travis/build/icyphy/ptII/ptolemy/actor/lib/test/auto/funcApplyInExpr.xml
----------------- Instantiating /home/travis/build/icyphy/ptII/ptolemy/actor/lib/test/auto/funcApplyInExpr.xml
2 ms. Memory: 1763840K Free: 460580K (26%)
----------------- Invoking toplevel() on ptolemy.moml.MoMLSimpleApplication@2c362a2
----------------- Done invoking toplevel() on ptolemy.moml.MoMLSimpleApplication@2c362a2
reloadAllAccessors: .funcApplyInExpr

===========================================================================================
----------------- testing Sun Sep 30 02:19:33 UTC 2018 /home/travis/build/icyphy/ptII/ptolemy/actor/lib/test/auto/function.xml
----------------- Instantiating /home/travis/build/icyphy/ptII/ptolemy/actor/lib/test/auto/function.xml
1 ms. Memory: 1763840K Free: 434816K (25%)
----------------- Invoking toplevel() on ptolemy.moml.MoMLSimpleApplication@33a49e0b
----------------- Done invoking toplevel() on ptolemy.moml.MoMLSimpleApplication@33a49e0b
reloadAllAccessors: .function

===========================================================================================
----------------- testing Sun Sep 30 02:19:33 UTC 2018 /home/travis/build/icyphy/ptII/ptolemy/actor/lib/test/auto/function2.xml
----------------- Instantiating /home/travis/build/icyphy/ptII/ptolemy/actor/lib/test/auto/function2.xml
1 ms. Memory: 1763840K Free: 409052K (23%)
----------------- Invoking toplevel() on ptolemy.moml.MoMLSimpleApplication@15d11cc6
----------------- Done invoking toplevel() on ptolemy.moml.MoMLSimpleApplication@15d11cc6
reloadAllAccessors: .function2

===========================================================================================
----------------- testing Sun Sep 30 02:19:33 UTC 2018 /home/travis/build/icyphy/ptII/ptolemy/actor/lib/test/auto/function3.xml
----------------- Instantiating /home/travis/build/icyphy/ptII/ptolemy/actor/lib/test/auto/function3.xml
2 ms. Memory: 1763840K Free: 387090K (22%)
----------------- Invoking toplevel() on ptolemy.moml.MoMLSimpleApplication@64eda262
----------------- Done invoking toplevel() on ptolemy.moml.MoMLSimpleApplication@64eda262
reloadAllAccessors: .function3

===========================================================================================
----------------- testing Sun Sep 30 02:19:33 UTC 2018 /home/travis/build/icyphy/ptII/ptolemy/actor/lib/test/auto/functionClosureTest1.xml
----------------- Instantiating /home/travis/build/icyphy/ptII/ptolemy/actor/lib/test/auto/functionClosureTest1.xml
2 ms. Memory: 1763840K Free: 361326K (20%)
----------------- Invoking toplevel() on ptolemy.moml.MoMLSimpleApplication@7f34ac3b
----------------- Done invoking toplevel() on ptolemy.moml.MoMLSimpleApplication@7f34ac3b
reloadAllAccessors: .functionClosureTest1

===========================================================================================
----------------- testing Sun Sep 30 02:19:33 UTC 2018 /home/travis/build/icyphy/ptII/ptolemy/actor/lib/test/auto/functionClosureTest2.xml
----------------- Instantiating /home/travis/build/icyphy/ptII/ptolemy/actor/lib/test/auto/functionClosureTest2.xml
2 ms. Memory: 1763840K Free: 335562K (19%)
----------------- Invoking toplevel() on ptolemy.moml.MoMLSimpleApplication@627e9139
----------------- Done invoking toplevel() on ptolemy.moml.MoMLSimpleApplication@627e9139
reloadAllAccessors: .functionClosureTest2

===========================================================================================
----------------- testing Sun Sep 30 02:19:33 UTC 2018 /home/travis/build/icyphy/ptII/ptolemy/actor/lib/test/auto/functionClosureTest3.xml
----------------- Instantiating /home/travis/build/icyphy/ptII/ptolemy/actor/lib/test/auto/functionClosureTest3.xml
2 ms. Memory: 1763840K Free: 309798K (18%)
----------------- Invoking toplevel() on ptolemy.moml.MoMLSimpleApplication@4c9a0847
----------------- Done invoking toplevel() on ptolemy.moml.MoMLSimpleApplication@4c9a0847
reloadAllAccessors: .functionClosureTest3

===========================================================================================
----------------- testing Sun Sep 30 02:19:33 UTC 2018 /home/travis/build/icyphy/ptII/ptolemy/actor/lib/test/auto/functionClosureTest4.xml
----------------- Instantiating /home/travis/build/icyphy/ptII/ptolemy/actor/lib/test/auto/functionClosureTest4.xml
3 ms. Memory: 1763840K Free: 287836K (16%)
----------------- Invoking toplevel() on ptolemy.moml.MoMLSimpleApplication@205174b2
----------------- Done invoking toplevel() on ptolemy.moml.MoMLSimpleApplication@205174b2
reloadAllAccessors: .functionClosureTest4

===========================================================================================
----------------- testing Sun Sep 30 02:19:33 UTC 2018 /home/travis/build/icyphy/ptII/ptolemy/actor/lib/test/auto/functionClosureTest5.xml
----------------- Instantiating /home/travis/build/icyphy/ptII/ptolemy/actor/lib/test/auto/functionClosureTest5.xml
2 ms. Memory: 1763840K Free: 262072K (15%)
----------------- Invoking toplevel() on ptolemy.moml.MoMLSimpleApplication@75ac3f03
----------------- Done invoking toplevel() on ptolemy.moml.MoMLSimpleApplication@75ac3f03
reloadAllAccessors: .functionClosureTest5

===========================================================================================
----------------- testing Sun Sep 30 02:19:33 UTC 2018 /home/travis/build/icyphy/ptII/ptolemy/actor/lib/test/auto/functionClosureTest6.xml
----------------- Instantiating /home/travis/build/icyphy/ptII/ptolemy/actor/lib/test/auto/functionClosureTest6.xml
3 ms. Memory: 1763840K Free: 236308K (13%)
----------------- Invoking toplevel() on ptolemy.moml.MoMLSimpleApplication@59150af4
----------------- Done invoking toplevel() on ptolemy.moml.MoMLSimpleApplication@59150af4
reloadAllAccessors: .functionClosureTest6

===========================================================================================
----------------- testing Sun Sep 30 02:19:33 UTC 2018 /home/travis/build/icyphy/ptII/ptolemy/actor/lib/test/auto/functionsOnArcs.xml
----------------- Instantiating /home/travis/build/icyphy/ptII/ptolemy/actor/lib/test/auto/functionsOnArcs.xml
2 ms. Memory: 1763840K Free: 214346K (12%)
----------------- Invoking toplevel() on ptolemy.moml.MoMLSimpleApplication@141bb495
----------------- Done invoking toplevel() on ptolemy.moml.MoMLSimpleApplication@141bb495
reloadAllAccessors: .functionsOnArcs

===========================================================================================
----------------- testing Sun Sep 30 02:19:33 UTC 2018 /home/travis/build/icyphy/ptII/ptolemy/actor/lib/test/auto/functionsOnArcsHOF.xml
----------------- Instantiating /home/travis/build/icyphy/ptII/ptolemy/actor/lib/test/auto/functionsOnArcsHOF.xml
4 ms. Memory: 1763840K Free: 188582K (11%)
----------------- Invoking toplevel() on ptolemy.moml.MoMLSimpleApplication@c9749f9
----------------- Done invoking toplevel() on ptolemy.moml.MoMLSimpleApplication@c9749f9
reloadAllAccessors: .functionsOnArcsHOF

===========================================================================================
----------------- testing Sun Sep 30 02:19:33 UTC 2018 /home/travis/build/icyphy/ptII/ptolemy/actor/lib/test/auto/logic.xml
----------------- Instantiating /home/travis/build/icyphy/ptII/ptolemy/actor/lib/test/auto/logic.xml
2 ms. Memory: 1763840K Free: 162818K (9%)
----------------- Invoking toplevel() on ptolemy.moml.MoMLSimpleApplication@65b4455d
----------------- Done invoking toplevel() on ptolemy.moml.MoMLSimpleApplication@65b4455d
reloadAllAccessors: .logic

===========================================================================================
----------------- testing Sun Sep 30 02:19:33 UTC 2018 /home/travis/build/icyphy/ptII/ptolemy/actor/lib/test/auto/matrixType.xml
----------------- Instantiating /home/travis/build/icyphy/ptII/ptolemy/actor/lib/test/auto/matrixType.xml
2 ms. Memory: 1763840K Free: 137054K (8%)
----------------- Invoking toplevel() on ptolemy.moml.MoMLSimpleApplication@6618be35
----------------- Done invoking toplevel() on ptolemy.moml.MoMLSimpleApplication@6618be35
reloadAllAccessors: .matrixType

===========================================================================================
----------------- testing Sun Sep 30 02:19:33 UTC 2018 /home/travis/build/icyphy/ptII/ptolemy/actor/lib/test/auto/matrixType10.xml
----------------- Instantiating /home/travis/build/icyphy/ptII/ptolemy/actor/lib/test/auto/matrixType10.xml
2 ms. Memory: 1763840K Free: 115092K (7%)
----------------- Invoking toplevel() on ptolemy.moml.MoMLSimpleApplication@18f45279
----------------- Done invoking toplevel() on ptolemy.moml.MoMLSimpleApplication@18f45279
reloadAllAccessors: .matrixType10

===========================================================================================
----------------- testing Sun Sep 30 02:19:33 UTC 2018 /home/travis/build/icyphy/ptII/ptolemy/actor/lib/test/auto/matrixType11.xml
----------------- Instantiating /home/travis/build/icyphy/ptII/ptolemy/actor/lib/test/auto/matrixType11.xml
2 ms. Memory: 1763840K Free: 89328K (5%)
----------------- Invoking toplevel() on ptolemy.moml.MoMLSimpleApplication@65a6db4b
----------------- Done invoking toplevel() on ptolemy.moml.MoMLSimpleApplication@65a6db4b
reloadAllAccessors: .matrixType11

===========================================================================================
----------------- testing Sun Sep 30 02:19:33 UTC 2018 /home/travis/build/icyphy/ptII/ptolemy/actor/lib/test/auto/matrixType12.xml
----------------- Instantiating /home/travis/build/icyphy/ptII/ptolemy/actor/lib/test/auto/matrixType12.xml
1 ms. Memory: 1763840K Free: 73627K (4%)
----------------- Invoking toplevel() on ptolemy.moml.MoMLSimpleApplication@2c91fa26
----------------- Done invoking toplevel() on ptolemy.moml.MoMLSimpleApplication@2c91fa26
reloadAllAccessors: .matrixType12

===========================================================================================
----------------- testing Sun Sep 30 02:19:33 UTC 2018 /home/travis/build/icyphy/ptII/ptolemy/actor/lib/test/auto/matrixType13.xml
----------------- Instantiating /home/travis/build/icyphy/ptII/ptolemy/actor/lib/test/auto/matrixType13.xml
1 ms. Memory: 1782272K Free: 1723356K (97%)
----------------- Invoking toplevel() on ptolemy.moml.MoMLSimpleApplication@5e2e1ce5
----------------- Done invoking toplevel() on ptolemy.moml.MoMLSimpleApplication@5e2e1ce5
reloadAllAccessors: .matrixType13

===========================================================================================
----------------- testing Sun Sep 30 02:19:33 UTC 2018 /home/travis/build/icyphy/ptII/ptolemy/actor/lib/test/auto/matrixType14.xml
----------------- Instantiating /home/travis/build/icyphy/ptII/ptolemy/actor/lib/test/auto/matrixType14.xml
2 ms. Memory: 1782272K Free: 1697347K (95%)
----------------- Invoking toplevel() on ptolemy.moml.MoMLSimpleApplication@6fe97813
----------------- Done invoking toplevel() on ptolemy.moml.MoMLSimpleApplication@6fe97813
reloadAllAccessors: .matrixType14

===========================================================================================
----------------- testing Sun Sep 30 02:19:33 UTC 2018 /home/travis/build/icyphy/ptII/ptolemy/actor/lib/test/auto/matrixType2.xml
----------------- Instantiating /home/travis/build/icyphy/ptII/ptolemy/actor/lib/test/auto/matrixType2.xml
1 ms. Memory: 1782272K Free: 1671339K (94%)
----------------- Invoking toplevel() on ptolemy.moml.MoMLSimpleApplication@676c4010
----------------- Done invoking toplevel() on ptolemy.moml.MoMLSimpleApplication@676c4010
reloadAllAccessors: .matrixType2

===========================================================================================
----------------- testing Sun Sep 30 02:19:33 UTC 2018 /home/travis/build/icyphy/ptII/ptolemy/actor/lib/test/auto/matrixType3.xml
----------------- Instantiating /home/travis/build/icyphy/ptII/ptolemy/actor/lib/test/auto/matrixType3.xml
1 ms. Memory: 1782272K Free: 1645330K (92%)
----------------- Invoking toplevel() on ptolemy.moml.MoMLSimpleApplication@789ca54d
----------------- Done invoking toplevel() on ptolemy.moml.MoMLSimpleApplication@789ca54d
reloadAllAccessors: .matrixType3

===========================================================================================
----------------- testing Sun Sep 30 02:19:33 UTC 2018 /home/travis/build/icyphy/ptII/ptolemy/actor/lib/test/auto/matrixType4.xml
----------------- Instantiating /home/travis/build/icyphy/ptII/ptolemy/actor/lib/test/auto/matrixType4.xml
1 ms. Memory: 1782272K Free: 1623068K (91%)
----------------- Invoking toplevel() on ptolemy.moml.MoMLSimpleApplication@4819ae6f
----------------- Done invoking toplevel() on ptolemy.moml.MoMLSimpleApplication@4819ae6f
reloadAllAccessors: .matrixType4

===========================================================================================
----------------- testing Sun Sep 30 02:19:33 UTC 2018 /home/travis/build/icyphy/ptII/ptolemy/actor/lib/test/auto/matrixType5.xml
----------------- Instantiating /home/travis/build/icyphy/ptII/ptolemy/actor/lib/test/auto/matrixType5.xml
2 ms. Memory: 1782272K Free: 1597059K (90%)
----------------- Invoking toplevel() on ptolemy.moml.MoMLSimpleApplication@382d56c8
----------------- Done invoking toplevel() on ptolemy.moml.MoMLSimpleApplication@382d56c8
reloadAllAccessors: .matrixType5

===========================================================================================
----------------- testing Sun Sep 30 02:19:33 UTC 2018 /home/travis/build/icyphy/ptII/ptolemy/actor/lib/test/auto/matrixType6.xml
----------------- Instantiating /home/travis/build/icyphy/ptII/ptolemy/actor/lib/test/auto/matrixType6.xml
1 ms. Memory: 1782272K Free: 1571051K (88%)
----------------- Invoking toplevel() on ptolemy.moml.MoMLSimpleApplication@3d50b3c1
----------------- Done invoking toplevel() on ptolemy.moml.MoMLSimpleApplication@3d50b3c1
reloadAllAccessors: .matrixType6

===========================================================================================
----------------- testing Sun Sep 30 02:19:33 UTC 2018 /home/travis/build/icyphy/ptII/ptolemy/actor/lib/test/auto/matrixType7.xml
----------------- Instantiating /home/travis/build/icyphy/ptII/ptolemy/actor/lib/test/auto/matrixType7.xml
2 ms. Memory: 1782272K Free: 1545042K (87%)
----------------- Invoking toplevel() on ptolemy.moml.MoMLSimpleApplication@3e5c9c40
----------------- Done invoking toplevel() on ptolemy.moml.MoMLSimpleApplication@3e5c9c40
reloadAllAccessors: .matrixType7

===========================================================================================
----------------- testing Sun Sep 30 02:19:33 UTC 2018 /home/travis/build/icyphy/ptII/ptolemy/actor/lib/test/auto/matrixType8.xml
----------------- Instantiating /home/travis/build/icyphy/ptII/ptolemy/actor/lib/test/auto/matrixType8.xml
1 ms. Memory: 1782272K Free: 1522780K (85%)
----------------- Invoking toplevel() on ptolemy.moml.MoMLSimpleApplication@627074d5
----------------- Done invoking toplevel() on ptolemy.moml.MoMLSimpleApplication@627074d5
reloadAllAccessors: .matrixType8

===========================================================================================
----------------- testing Sun Sep 30 02:19:33 UTC 2018 /home/travis/build/icyphy/ptII/ptolemy/actor/lib/test/auto/matrixType9.xml
----------------- Instantiating /home/travis/build/icyphy/ptII/ptolemy/actor/lib/test/auto/matrixType9.xml
1 ms. Memory: 1782272K Free: 1496771K (84%)
----------------- Invoking toplevel() on ptolemy.moml.MoMLSimpleApplication@5dc37ff
----------------- Done invoking toplevel() on ptolemy.moml.MoMLSimpleApplication@5dc37ff
reloadAllAccessors: .matrixType9

===========================================================================================
----------------- testing Sun Sep 30 02:19:33 UTC 2018 /home/travis/build/icyphy/ptII/ptolemy/actor/lib/test/auto/paraFunctest.xml
----------------- Instantiating /home/travis/build/icyphy/ptII/ptolemy/actor/lib/test/auto/paraFunctest.xml
2 ms. Memory: 1782272K Free: 1470762K (83%)
----------------- Invoking toplevel() on ptolemy.moml.MoMLSimpleApplication@7624ba10
----------------- Done invoking toplevel() on ptolemy.moml.MoMLSimpleApplication@7624ba10
reloadAllAccessors: .paraFunctest

===========================================================================================
----------------- testing Sun Sep 30 02:19:33 UTC 2018 /home/travis/build/icyphy/ptII/ptolemy/actor/lib/test/auto/paraFunctest2.xml
----------------- Instantiating /home/travis/build/icyphy/ptII/ptolemy/actor/lib/test/auto/paraFunctest2.xml
1 ms. Memory: 1782272K Free: 1444754K (81%)
----------------- Invoking toplevel() on ptolemy.moml.MoMLSimpleApplication@7245c38a
----------------- Done invoking toplevel() on ptolemy.moml.MoMLSimpleApplication@7245c38a
reloadAllAccessors: .paraFunctest2

===========================================================================================
----------------- testing Sun Sep 30 02:19:34 UTC 2018 /home/travis/build/icyphy/ptII/ptolemy/actor/lib/test/auto/parameterPassing.xml
----------------- Instantiating /home/travis/build/icyphy/ptII/ptolemy/actor/lib/test/auto/parameterPassing.xml
1 ms. Memory: 1782272K Free: 1422492K (80%)
----------------- Invoking toplevel() on ptolemy.moml.MoMLSimpleApplication@33df15d6
----------------- Done invoking toplevel() on ptolemy.moml.MoMLSimpleApplication@33df15d6
reloadAllAccessors: .parameterPassing

===========================================================================================
----------------- testing Sun Sep 30 02:19:34 UTC 2018 /home/travis/build/icyphy/ptII/ptolemy/actor/lib/test/auto/record.xml
----------------- Instantiating /home/travis/build/icyphy/ptII/ptolemy/actor/lib/test/auto/record.xml
2 ms. Memory: 1782272K Free: 1396483K (78%)
----------------- Invoking toplevel() on ptolemy.moml.MoMLSimpleApplication@415ec7f0
----------------- Done invoking toplevel() on ptolemy.moml.MoMLSimpleApplication@415ec7f0
reloadAllAccessors: .record

===========================================================================================
----------------- testing Sun Sep 30 02:19:34 UTC 2018 /home/travis/build/icyphy/ptII/ptolemy/actor/lib/test/auto/sizedarray1.xml
----------------- Instantiating /home/travis/build/icyphy/ptII/ptolemy/actor/lib/test/auto/sizedarray1.xml
2 ms. Memory: 1782272K Free: 1370474K (77%)
----------------- Invoking toplevel() on ptolemy.moml.MoMLSimpleApplication@6888d306
----------------- Done invoking toplevel() on ptolemy.moml.MoMLSimpleApplication@6888d306
reloadAllAccessors: .sizedarray1

===========================================================================================
----------------- testing Sun Sep 30 02:19:34 UTC 2018 /home/travis/build/icyphy/ptII/ptolemy/actor/lib/test/auto/sizedarray2.xml
----------------- Instantiating /home/travis/build/icyphy/ptII/ptolemy/actor/lib/test/auto/sizedarray2.xml
3 ms. Memory: 1782272K Free: 1348213K (76%)
----------------- Invoking toplevel() on ptolemy.moml.MoMLSimpleApplication@50830f07
----------------- Done invoking toplevel() on ptolemy.moml.MoMLSimpleApplication@50830f07
reloadAllAccessors: .sizedarray2

===========================================================================================
----------------- testing Sun Sep 30 02:19:34 UTC 2018 /home/travis/build/icyphy/ptII/ptolemy/actor/lib/test/auto/twoPublishers.xml
----------------- Instantiating /home/travis/build/icyphy/ptII/ptolemy/actor/lib/test/auto/twoPublishers.xml
6 ms. Memory: 1782272K Free: 1322204K (74%)
----------------- Invoking toplevel() on ptolemy.moml.MoMLSimpleApplication@389edffa
----------------- Done invoking toplevel() on ptolemy.moml.MoMLSimpleApplication@389edffa
reloadAllAccessors: .twoPublishers
AutoTests.java: About to close Vertx.
AutoTests.java: Vertx closed.
]]></system-out>
  <system-err><![CDATA[java.lang.RuntimeException: Execution failed
	at ptolemy.moml.MoMLSimpleApplication$UnloadThread.run(MoMLSimpleApplication.java:402)
Caused by: java.lang.RuntimeException: Normally, we would exit here because Manager.exitAfterWrapup() was called.  However, because the ptolemy.ptII.exitAfterWrapup property is set, we throw this exception instead.
	at ptolemy.util.StringUtilities.exit(StringUtilities.java:363)
	at ptolemy.actor.Manager.wrapup(Manager.java:1531)
	at ptolemy.actor.Manager.execute(Manager.java:407)
	at ptolemy.actor.Manager.run(Manager.java:1263)
	at ptolemy.actor.Manager$PtolemyRunThread.run(Manager.java:1915)
Warning: '.top.test' is in training mode, set the trainingMode parameter to false before checking in
Warning: '.top.test' is in training mode, set the trainingMode parameter to false before checking in
Warning: '.top.test' is in training mode, set the trainingMode parameter to false before checking in
Warning: '.BooleanSwitch_RegressionTest_WrongTrainingValues.Test' is in training mode, set the trainingMode parameter to false before checking in
Warning: '.BooleanSwitch_RegressionTest_WrongTrainingValues.Test2' is in training mode, set the trainingMode parameter to false before checking in
Warning: '.BooleanSwitch_RegressionTest_WrongTrainingValues.Test2' The test produced 0 tokens.
Warning: '.top.testExceptionHandler' is in training mode, set the trainingMode parameter to false before checking in
java.lang.RuntimeException: Execution failed
	at ptolemy.moml.MoMLSimpleApplication$UnloadThread.run(MoMLSimpleApplication.java:402)
Caused by: ptolemy.kernel.util.IllegalActionException: PublisherPorts cannot be used at the top level, use a Publisher actor instead.
  in .PublisherPortToplevelSubscriber.PublisherPort
	at ptolemy.actor.PublisherPort.preinitialize(PublisherPort.java:403)
	at ptolemy.actor.CompositeActor.preinitialize(CompositeActor.java:1769)
	at ptolemy.actor.Manager.preinitializeAndResolveTypes(Manager.java:1040)
	at ptolemy.actor.Manager.initialize(Manager.java:710)
	at ptolemy.actor.Manager.execute(Manager.java:356)
	at ptolemy.actor.Manager.run(Manager.java:1263)
	at ptolemy.actor.Manager$PtolemyRunThread.run(Manager.java:1915)
java.lang.reflect.InvocationTargetException
	at sun.reflect.NativeConstructorAccessorImpl.newInstance0(Native Method)
	at sun.reflect.NativeConstructorAccessorImpl.newInstance(NativeConstructorAccessorImpl.java:62)
	at sun.reflect.DelegatingConstructorAccessorImpl.newInstance(DelegatingConstructorAccessorImpl.java:45)
	at java.lang.reflect.Constructor.newInstance(Constructor.java:423)
	at ptolemy.util.test.junit.AutoKnownFailedTests.RunModel(AutoKnownFailedTests.java:107)
	at sun.reflect.NativeMethodAccessorImpl.invoke0(Native Method)
	at sun.reflect.NativeMethodAccessorImpl.invoke(NativeMethodAccessorImpl.java:62)
	at sun.reflect.DelegatingMethodAccessorImpl.invoke(DelegatingMethodAccessorImpl.java:43)
	at java.lang.reflect.Method.invoke(Method.java:498)
	at org.junit.runners.model.FrameworkMethod$1.runReflectiveCall(FrameworkMethod.java:44)
	at org.junit.internal.runners.model.ReflectiveCallable.run(ReflectiveCallable.java:15)
	at org.junit.runners.model.FrameworkMethod.invokeExplosively(FrameworkMethod.java:41)
	at junitparams.internal.InvokeParameterisedMethod.evaluate(InvokeParameterisedMethod.java:102)
	at org.junit.internal.runners.statements.FailOnTimeout$1.run(FailOnTimeout.java:28)
Caused by: ptolemy.kernel.util.IllegalActionException: PublisherPorts cannot be used at the top level, use a Publisher actor instead.
  in .PublisherPortToplevelSubscriber.PublisherPort
	at ptolemy.actor.PublisherPort.preinitialize(PublisherPort.java:403)
	at ptolemy.actor.CompositeActor.preinitialize(CompositeActor.java:1769)
	at ptolemy.actor.Manager.preinitializeAndResolveTypes(Manager.java:1040)
	at ptolemy.actor.Manager.initialize(Manager.java:710)
	at ptolemy.actor.Manager.execute(Manager.java:356)
	at ptolemy.actor.Manager.run(Manager.java:1263)
	at ptolemy.actor.Manager$PtolemyRunThread.run(Manager.java:1915)
java.lang.RuntimeException: Execution failed
	at ptolemy.moml.MoMLSimpleApplication$UnloadThread.run(MoMLSimpleApplication.java:402)
Caused by: ptolemy.kernel.util.IllegalActionException: SubscriberPorts cannot be used at the top level, use a Subscriber actor instead.
  in .PublisherSubscriberPortToplevel.SubscriberPort
	at ptolemy.actor.SubscriberPort.preinitialize(SubscriberPort.java:328)
	at ptolemy.actor.CompositeActor.preinitialize(CompositeActor.java:1769)
	at ptolemy.actor.Manager.preinitializeAndResolveTypes(Manager.java:1040)
	at ptolemy.actor.Manager.initialize(Manager.java:710)
	at ptolemy.actor.Manager.execute(Manager.java:356)
	at ptolemy.actor.Manager.run(Manager.java:1263)
	at ptolemy.actor.Manager$PtolemyRunThread.run(Manager.java:1915)
java.lang.reflect.InvocationTargetException
	at sun.reflect.NativeConstructorAccessorImpl.newInstance0(Native Method)
	at sun.reflect.NativeConstructorAccessorImpl.newInstance(NativeConstructorAccessorImpl.java:62)
	at sun.reflect.DelegatingConstructorAccessorImpl.newInstance(DelegatingConstructorAccessorImpl.java:45)
	at java.lang.reflect.Constructor.newInstance(Constructor.java:423)
	at ptolemy.util.test.junit.AutoKnownFailedTests.RunModel(AutoKnownFailedTests.java:107)
	at sun.reflect.NativeMethodAccessorImpl.invoke0(Native Method)
	at sun.reflect.NativeMethodAccessorImpl.invoke(NativeMethodAccessorImpl.java:62)
	at sun.reflect.DelegatingMethodAccessorImpl.invoke(DelegatingMethodAccessorImpl.java:43)
	at java.lang.reflect.Method.invoke(Method.java:498)
	at org.junit.runners.model.FrameworkMethod$1.runReflectiveCall(FrameworkMethod.java:44)
	at org.junit.internal.runners.model.ReflectiveCallable.run(ReflectiveCallable.java:15)
	at org.junit.runners.model.FrameworkMethod.invokeExplosively(FrameworkMethod.java:41)
	at junitparams.internal.InvokeParameterisedMethod.evaluate(InvokeParameterisedMethod.java:102)
	at org.junit.internal.runners.statements.FailOnTimeout$1.run(FailOnTimeout.java:28)
Caused by: ptolemy.kernel.util.IllegalActionException: SubscriberPorts cannot be used at the top level, use a Subscriber actor instead.
  in .PublisherSubscriberPortToplevel.SubscriberPort
	at ptolemy.actor.SubscriberPort.preinitialize(SubscriberPort.java:328)
	at ptolemy.actor.CompositeActor.preinitialize(CompositeActor.java:1769)
	at ptolemy.actor.Manager.preinitializeAndResolveTypes(Manager.java:1040)
	at ptolemy.actor.Manager.initialize(Manager.java:710)
	at ptolemy.actor.Manager.execute(Manager.java:356)
	at ptolemy.actor.Manager.run(Manager.java:1263)
	at ptolemy.actor.Manager$PtolemyRunThread.run(Manager.java:1915)
java.lang.RuntimeException: Execution failed
	at ptolemy.moml.MoMLSimpleApplication$UnloadThread.run(MoMLSimpleApplication.java:402)
Caused by: ptolemy.kernel.util.IllegalActionException: SubscriptionAggregatorPorts cannot be used at the top level, use a SubscriptionAggregator actor instead.
  in .PublisherSubscriptionAggregatorPort.SubscriptionAggregatorPort
	at ptolemy.actor.SubscriptionAggregatorPort.preinitialize(SubscriptionAggregatorPort.java:353)
	at ptolemy.actor.CompositeActor.preinitialize(CompositeActor.java:1769)
	at ptolemy.actor.Manager.preinitializeAndResolveTypes(Manager.java:1040)
	at ptolemy.actor.Manager.initialize(Manager.java:710)
	at ptolemy.actor.Manager.execute(Manager.java:356)
	at ptolemy.actor.Manager.run(Manager.java:1263)
	at ptolemy.actor.Manager$PtolemyRunThread.run(Manager.java:1915)
java.lang.reflect.InvocationTargetException
	at sun.reflect.NativeConstructorAccessorImpl.newInstance0(Native Method)
	at sun.reflect.NativeConstructorAccessorImpl.newInstance(NativeConstructorAccessorImpl.java:62)
	at sun.reflect.DelegatingConstructorAccessorImpl.newInstance(DelegatingConstructorAccessorImpl.java:45)
	at java.lang.reflect.Constructor.newInstance(Constructor.java:423)
	at ptolemy.util.test.junit.AutoKnownFailedTests.RunModel(AutoKnownFailedTests.java:107)
	at sun.reflect.NativeMethodAccessorImpl.invoke0(Native Method)
	at sun.reflect.NativeMethodAccessorImpl.invoke(NativeMethodAccessorImpl.java:62)
	at sun.reflect.DelegatingMethodAccessorImpl.invoke(DelegatingMethodAccessorImpl.java:43)
	at java.lang.reflect.Method.invoke(Method.java:498)
	at org.junit.runners.model.FrameworkMethod$1.runReflectiveCall(FrameworkMethod.java:44)
	at org.junit.internal.runners.model.ReflectiveCallable.run(ReflectiveCallable.java:15)
	at org.junit.runners.model.FrameworkMethod.invokeExplosively(FrameworkMethod.java:41)
	at junitparams.internal.InvokeParameterisedMethod.evaluate(InvokeParameterisedMethod.java:102)
	at org.junit.internal.runners.statements.FailOnTimeout$1.run(FailOnTimeout.java:28)
Caused by: ptolemy.kernel.util.IllegalActionException: SubscriptionAggregatorPorts cannot be used at the top level, use a SubscriptionAggregator actor instead.
  in .PublisherSubscriptionAggregatorPort.SubscriptionAggregatorPort
	at ptolemy.actor.SubscriptionAggregatorPort.preinitialize(SubscriptionAggregatorPort.java:353)
	at ptolemy.actor.CompositeActor.preinitialize(CompositeActor.java:1769)
	at ptolemy.actor.Manager.preinitializeAndResolveTypes(Manager.java:1040)
	at ptolemy.actor.Manager.initialize(Manager.java:710)
	at ptolemy.actor.Manager.execute(Manager.java:356)
	at ptolemy.actor.Manager.run(Manager.java:1263)
	at ptolemy.actor.Manager$PtolemyRunThread.run(Manager.java:1915)
java.lang.RuntimeException: Execution failed
	at ptolemy.moml.MoMLSimpleApplication$UnloadThread.run(MoMLSimpleApplication.java:402)
Caused by: ptolemy.kernel.util.IllegalActionException: TypeTest actor has no training data.
  in .sizedarray3.TypeTest
	at ptolemy.actor.lib.TypeTest.initialize(TypeTest.java:250)
	at ptolemy.actor.Director.initialize(Director.java:938)
	at ptolemy.actor.Director.initialize(Director.java:907)
	at ptolemy.actor.sched.StaticSchedulingDirector.initialize(StaticSchedulingDirector.java:159)
	at ptolemy.domains.sdf.kernel.SDFDirector.initialize(SDFDirector.java:544)
	at ptolemy.actor.CompositeActor.initialize(CompositeActor.java:935)
	at ptolemy.actor.Manager.initialize(Manager.java:724)
	at ptolemy.actor.Manager.execute(Manager.java:356)
	at ptolemy.actor.Manager.run(Manager.java:1263)
	at ptolemy.actor.Manager$PtolemyRunThread.run(Manager.java:1915)
java.lang.reflect.InvocationTargetException
	at sun.reflect.NativeConstructorAccessorImpl.newInstance0(Native Method)
	at sun.reflect.NativeConstructorAccessorImpl.newInstance(NativeConstructorAccessorImpl.java:62)
	at sun.reflect.DelegatingConstructorAccessorImpl.newInstance(DelegatingConstructorAccessorImpl.java:45)
	at java.lang.reflect.Constructor.newInstance(Constructor.java:423)
	at ptolemy.util.test.junit.AutoKnownFailedTests.RunModel(AutoKnownFailedTests.java:107)
	at sun.reflect.NativeMethodAccessorImpl.invoke0(Native Method)
	at sun.reflect.NativeMethodAccessorImpl.invoke(NativeMethodAccessorImpl.java:62)
	at sun.reflect.DelegatingMethodAccessorImpl.invoke(DelegatingMethodAccessorImpl.java:43)
	at java.lang.reflect.Method.invoke(Method.java:498)
	at org.junit.runners.model.FrameworkMethod$1.runReflectiveCall(FrameworkMethod.java:44)
	at org.junit.internal.runners.model.ReflectiveCallable.run(ReflectiveCallable.java:15)
	at org.junit.runners.model.FrameworkMethod.invokeExplosively(FrameworkMethod.java:41)
	at junitparams.internal.InvokeParameterisedMethod.evaluate(InvokeParameterisedMethod.java:102)
	at org.junit.internal.runners.statements.FailOnTimeout$1.run(FailOnTimeout.java:28)
Caused by: ptolemy.kernel.util.IllegalActionException: TypeTest actor has no training data.
  in .sizedarray3.TypeTest
	at ptolemy.actor.lib.TypeTest.initialize(TypeTest.java:250)
	at ptolemy.actor.Director.initialize(Director.java:938)
	at ptolemy.actor.Director.initialize(Director.java:907)
	at ptolemy.actor.sched.StaticSchedulingDirector.initialize(StaticSchedulingDirector.java:159)
	at ptolemy.domains.sdf.kernel.SDFDirector.initialize(SDFDirector.java:544)
	at ptolemy.actor.CompositeActor.initialize(CompositeActor.java:935)
	at ptolemy.actor.Manager.initialize(Manager.java:724)
	at ptolemy.actor.Manager.execute(Manager.java:356)
	at ptolemy.actor.Manager.run(Manager.java:1263)
	at ptolemy.actor.Manager$PtolemyRunThread.run(Manager.java:1915)
]]></system-err>
</testsuite>
