<?xml version="1.0" encoding="UTF-8" ?>
<testsuite errors="0" failures="0" hostname="travis-job-67ad163d-a61b-4b53-9ca3-6d077a1100e9" name="ptolemy.actor.lib.test.junit.JUnitTclTest" skipped="0" tests="517" time="62.762" timestamp="2020-02-17T23:40:20">
  <properties>
    <property name="npm.executable" value="npm" />
    <property name="env.TRAVIS_ROOT" value="/" />
    <property name="ptII.mk.exists" value="true" />
    <property name="env.TRAVIS_APP_HOST" value="build.travis-ci.org" />
    <property name="env.rvm_bin_path" value="/home/travis/.rvm/bin" />
    <property name="java.home" value="/usr/local/lib/jvm/openjdk11" />
    <property name="env.TRAVIS_JOB_NUMBER" value="1520.8" />
    <property name="env.TRAVIS_HOME" value="/home/travis" />
    <property name="env.DISPLAY" value=":99.0" />
    <property name="env.TRAVIS_INIT" value="systemd" />
    <property name="env.SSH_TTY" value="/dev/pts/0" />
    <property name="java.net.preferIPv4Stack" value="true" />
    <property name="env.RUN_TESTS" value="true" />
    <property name="timeout.short" value="1000000" />
    <property name="junit.formatter" value="xml" />
    <property name="env.TRAVIS_SUDO" value="true" />
    <property name="env.TRAVIS_JOB_NAME" value="" />
    <property name="env.TRAVIS_STACK_NODE_ATTRIBUTES" value="/.node-attributes.yml" />
    <property name="env.LOGNAME" value="travis" />
    <property name="env.PT_TRAVIS_TEST_CORE1_XML" value="true" />
    <property name="jsdoc.home" value="node_modules/@terraswarm/jsdoc" />
    <property name="debuglevel" value="source,lines,vars" />
    <property name="checkstyle.formatter" value="xml" />
    <property name="env._system_version" value="16.04" />
    <property name="bin.vergil.makeable" value="true" />
    <property name="sun.os.patch.level" value="unknown" />
    <property name="java.vendor.url" value="http://java.oracle.com/" />
    <property name="env.TRAVIS_BUILD_WEB_URL" value="https://travis-ci.org/icyphy/ptII/builds/651722198" />
    <property name="java.version" value="11.0.2" />
    <property name="env.TZ" value="UTC" />
    <property name="env.TRAVIS_PULL_REQUEST_SHA" value="" />
    <property name="env.PT_NO_NET" value="true" />
    <property name="env.TRAVIS_SECURE_ENV_VARS" value="true" />
    <property name="env._system_type" value="Linux" />
    <property name="java.vendor.url.bug" value="http://bugreport.java.com/bugreport/" />
    <property name="npmjs-org-is-up" value="true" />
    <property name="env.LANGUAGE" value="en_US.UTF-8" />
    <property name="env.SSH_CLIENT" value="10.44.1.107 55106 22" />
    <property name="env.GEM_HOME" value="/home/travis/.rvm/gems/ruby-2.5.3" />
    <property name="env.HAS_ANTARES_THREE_LITTLE_FRONZIES_BADGE" value="true" />
    <property name="java.version.date" value="2019-01-15" />
    <property name="env.PS4" value="+" />
    <property name="ant.project.invoked-targets" value="build,test.core1.xml" />
    <property name="env.TRAVIS_PULL_REQUEST_BRANCH" value="" />
    <property name="env.TRAVIS_REPO_SLUG" value="icyphy/ptII" />
    <property name="env.XDG_DATA_DIRS" value="/usr/local/share:/usr/share:/var/lib/snapd/desktop" />
    <property name="jdk.debug" value="release" />
    <property name="env.TRAVIS_APT_PROXY" value="http://build-cache.travisci.net" />
    <property name="env.TRAVIS_CPU_ARCH" value="amd64" />
    <property name="node.in.path" value="true" />
    <property name="user.name" value="travis" />
    <property name="java.maxmemory" value="1400m" />
    <property name="env.RUBY_VERSION" value="ruby-2.5.3" />
    <property name="env.LANG" value="en_US.UTF-8" />
    <property name="sun.io.unicode.encoding" value="UnicodeLittle" />
    <property name="sun.jnu.encoding" value="UTF-8" />
    <property name="java.runtime.name" value="OpenJDK Runtime Environment" />
    <property name="usefile" value="false" />
    <property name="return.code" value="0" />
    <property name="junit.single.formatter" value="plain" />
    <property name="env.DYLD_LIBRARY_PATH" value="/home/travis/pthla/certi-tools/lib:" />
    <property name="env.DEBIAN_FRONTEND" value="noninteractive" />
    <property name="env.SSH_CONNECTION" value="10.44.1.107 55106 10.20.255.32 22" />
    <property name="env.MYSQL_UNIX_PORT" value="/var/run/mysqld/mysqld.sock" />
    <property name="env.LC_ALL" value="en_US.UTF-8" />
    <property name="env.TRAVIS_ALLOW_FAILURE" value="false" />
    <property name="env.TRAVIS_JOB_WEB_URL" value="https://travis-ci.org/icyphy/ptII/jobs/651722210" />
    <property name="java.specification.name" value="Java Platform API Specification" />
    <property name="node.works" value="true" />
    <property name="user.timezone" value="" />
    <property name="path.separator" value=":" />
    <property name="env.TRAVIS_ENABLE_INFRA_DETECTION" value="true" />
    <property name="env.PYTHON_CFLAGS" value="-g -fstack-protector --param=ssp-buffer-size=4 -Wformat -Werror=format-security" />
    <property name="timeout.long" value="4000000" />
    <property name="env.CERTI_HOME" value="/home/travis/pthla/certi-tools" />
    <property name="ant.file.ptII" value="/home/travis/build/icyphy/ptII/build.xml" />
    <property name="javadoc.packagenames" value="com.*,diva.*,lbnl.*,org.hlacerti.*,org.json.*,org.ptolemy.*,org.terraswarm.*,ptolemy.*,ptserver.*" />
    <property name="file.encoding" value="UTF-8" />
    <property name="env.TRAVIS_PULL_REQUEST_SLUG" value="" />
    <property name="ant.project.default-target" value="build" />
    <property name="env.GIT_ASKPASS" value="echo" />
    <property name="env.HOME" value="/home/travis" />
    <property name="sun.java.command" value="org.apache.tools.ant.taskdefs.optional.junit.JUnitTestRunner ptolemy.actor.lib.test.junit.JUnitTclTest skipNonTests=false filtertrace=true haltOnError=false haltOnFailure=false formatter=org.apache.tools.ant.taskdefs.optional.junit.OutErrSummaryJUnitResultFormatter showoutput=true outputtoformatters=true logfailedtests=true threadid=0 logtestlistenerevents=false formatter=org.apache.tools.ant.taskdefs.optional.junit.XMLJUnitResultFormatter,/home/travis/build/icyphy/ptII/reports/junit/TEST-ptolemy.actor.lib.test.junit.JUnitTclTest.xml crashfile=/home/travis/build/icyphy/ptII/junitvmwatcher7586979952707419354.properties propsfile=/home/travis/build/icyphy/ptII/junit1316688873178766451.properties" />
    <property name="env.COMPOSER_NO_INTERACTION" value="1" />
    <property name="env.MANPATH" value="/home/travis/.nvm/versions/node/v7.10.1/share/man:/home/travis/.rvm/rubies/ruby-2.5.3/share/man:/usr/local/cmake-3.12.4/man:/usr/local/clang-7.0.0/share/man:/usr/local/man:/usr/local/share/man:/usr/share/man:/home/travis/.rvm/man" />
    <property name="env.TRAVIS_TIMER_ID" value="2e1cc028" />
    <property name="ant.file" value="/home/travis/build/icyphy/ptII/build.xml" />
    <property name="env.TRAVIS_COMMIT_RANGE" value="6747efb95814...1a83648c8efd" />
    <property name="env._system_name" value="Ubuntu" />
    <property name="ptII.classpath.optional.property" value="/home/travis/build/icyphy/ptII/lib/bsh-2.0b4.jar:/home/travis/build/icyphy/ptII/lib/ptCal.jar:/home/travis/build/icyphy/ptII/lib/java_cup.jar:/home/travis/build/icyphy/ptII/lib/saxon8.jar:/home/travis/build/icyphy/ptII/lib/saxon8-dom.jar:/home/travis/build/icyphy/ptII/lib/chic.jar:/home/travis/build/icyphy/ptII/lib/ptcolt.jar:/home/travis/build/icyphy/ptII/vendors/misc/itext/iText.jar:/home/travis/build/icyphy/ptII/lib/g4ltl.jar:/home/travis/build/icyphy/ptII/lib/StructuralCoder.jar:/home/travis/build/icyphy/ptII/lib/jcerti.jar:/home/travis/build/icyphy/ptII/lib/javax.mail.jar:/home/travis/build/icyphy/ptII/vendors/JMF-2.1.1e/lib/jmf.jar:/home/travis/build/icyphy/ptII/lib/jna-4.0.0-variadic.jar:/home/travis/build/icyphy/ptII/vendors/misc/joystick/Joystick.jar:/home/travis/build/icyphy/ptII/lib/ptjacl.jar:/home/travis/build/icyphy/ptII/lib/jsoup-1.8.2.jar:/home/travis/build/icyphy/ptII/lib/junit-4.8.2.jar:/home/travis/build/icyphy/ptII/lib/JUnitParams-0.4.0.jar:/home/travis/build/icyphy/ptII/ptolemy/actor/lib/excel/jxl.jar:/home/travis/build/icyphy/ptII/lib/jython.jar:/home/travis/build/icyphy/ptII/lib/kieler.jar:/home/travis/build/icyphy/ptII/vendors/opencv/share/OpenCV/java/opencv-341.jar:/home/travis/build/icyphy/ptII/lib/oscP5.jar:/home/travis/build/icyphy/ptII/lib/nrjavaserial-3.11.0.devel.jar:/home/travis/build/icyphy/ptII/vendors/j3d/lib/Linux/j3dcore.jar:/home/travis/build/icyphy/ptII/vendors/j3d/lib/Linux/j3dutils.jar:/home/travis/build/icyphy/ptII/vendors/j3d/lib/Linux/vecmath.jar:/home/travis/build/icyphy/ptII/vendors/jogl/lib/Linux/gluegen-rt-natives-linux-amd64.jar:/home/travis/build/icyphy/ptII/vendors/jogl/lib/Linux/gluegen-rt.jar:/home/travis/build/icyphy/ptII/vendors/jogl/lib/Linux/jogl-all-natives-linux-amd64.jar:/home/travis/build/icyphy/ptII/vendors/jogl/lib/Linux/jogl-all.jar:/home/travis/build/icyphy/ptII/ptolemy/distributed/jini/jar/jini-core.jar:/home/travis/build/icyphy/ptII/ptolemy/distributed/jini/jar/jini-ext.jar:/home/travis/build/icyphy/ptII/ptolemy/distributed/jini/jar/sun-util.jar:/home/travis/build/icyphy/ptII/lib/protobuf-java-2.4.1.jar:/home/travis/build/icyphy/ptII/lib/org.eclipse.paho.client.mqttv3.jar:/home/travis/build/icyphy/ptII/lib/mapss.jar:/home/travis/build/icyphy/ptII/ptolemy/actor/ptalon/antlr/antlr.jar:/home/travis/build/icyphy/ptII/lib/JRI.jar:/home/travis/build/icyphy/ptII/lib/commons-lang-2.6.jar:/home/travis/build/icyphy/ptII/lib/commons-logging-1.1.1.jar:/home/travis/build/icyphy/ptII/lib/sootclasses.jar:/home/travis/build/icyphy/ptII/ptolemy/actor/lib/database/mysql-connector-java-5.1.6-bin.jar:/home/travis/build/icyphy/ptII/vendors/misc/sphinx4/sphinx4-data-5prealpha.jar:/home/travis/build/icyphy/ptII/vendors/misc/sphinx4/sphinx4-core-5prealpha.jar:/home/travis/build/icyphy/ptII/lib/PDFRenderer.jar:/home/travis/build/icyphy/ptII/lib/svgSalamander.jar:/home/travis/build/icyphy/ptII/lib/rsyntaxtextarea-2.6.0-SNAPSHOT.jar:/home/travis/build/icyphy/ptII/lib/hazelcast-3.8.2.jar:/home/travis/build/icyphy/ptII/lib/jackson-annotations-2.9.0.jar:/home/travis/build/icyphy/ptII/lib/jackson-core-2.9.3.jar:/home/travis/build/icyphy/ptII/lib/jackson-databind-2.9.3.jar:/home/travis/build/icyphy/ptII/lib/netty-buffer-4.1.19.Final.jar:/home/travis/build/icyphy/ptII/lib/netty-codec-4.1.19.Final.jar:/home/travis/build/icyphy/ptII/lib/netty-codec-dns-4.1.19.Final.jar:/home/travis/build/icyphy/ptII/lib/netty-codec-http-4.1.19.Final.jar:/home/travis/build/icyphy/ptII/lib/netty-codec-http2-4.1.19.Final.jar:/home/travis/build/icyphy/ptII/lib/netty-common-4.1.19.Final.jar:/home/travis/build/icyphy/ptII/lib/netty-handler-4.1.19.Final.jar:/home/travis/build/icyphy/ptII/lib/netty-resolver-4.1.19.Final.jar:/home/travis/build/icyphy/ptII/lib/netty-resolver-dns-4.1.19.Final.jar:/home/travis/build/icyphy/ptII/lib/netty-transport-4.1.19.Final.jar:/home/travis/build/icyphy/ptII/lib/vertx-codegen-3.5.1.jar:/home/travis/build/icyphy/ptII/lib/vertx-core-3.5.2-SNAPSHOT.jar:/home/travis/build/icyphy/ptII/lib/vertx-hazelcast-3.5.1.jar:/home/travis/build/icyphy/ptII/lib/vertx-lang-js-3.5.1.jar:/home/travis/build/icyphy/ptII/lib/vertx-service-proxy-3.5.1.jar:/home/travis/build/icyphy/ptII/lib/vertx-web-3.5.1.jar:/home/travis/build/icyphy/ptII/lib/slf4j-api-1.7.13.jar:/home/travis/build/icyphy/ptII/lib/slf4j-simple-1.7.13.jar:/home/travis/build/icyphy/ptII/lib/webcam-capture-0.3.12.jar:/home/travis/build/icyphy/ptII/lib/bridj-0.7.0.jar:/home/travis/build/icyphy/ptII/lib/xbjlib-1.1.0.nrjavaserial.jar" />
    <property name="timeout" value="2400000" />
    <property name="test.batch" value="**/junit/*.java" />
    <property name="env._" value="/usr/bin/timeout" />
    <property name="java.io.tmpdir" value="/tmp" />
    <property name="user.language" value="en" />
    <property name="env.TRAVIS_INTERNAL_RUBY_REGEX" value="^ruby-(2\.[0-4]\.[0-9]|1\.9\.3)" />
    <property name="env.HISTCONTROL" value="ignoredups:ignorespace" />
    <property name="env.GOROOT" value="/home/travis/.gimme/versions/go1.11.1.linux.amd64" />
    <property name="line.separator" value="&#xa;" />
    <property name="target" value="11" />
    <property name="env.TRAVIS_BUILD_DIR" value="/home/travis/build/icyphy/ptII" />
    <property name="env.ANT_OPTS" value="-Xmx2048m" />
    <property name="ant.file.type" value="file" />
    <property name="ptolemy.ptII.batchMode" value="true" />
    <property name="env.HISTSIZE" value="1000" />
    <property name="env.MERB_ENV" value="test" />
    <property name="java.vm.info" value="mixed mode" />
    <property name="source" value="11" />
    <property name="java.vm.specification.name" value="Java Virtual Machine Specification" />
    <property name="env.TRAVIS_TEST_RESULT" value="0" />
    <property name="jsdoc.command" value="node_modules/@terraswarm/jsdoc/jsdoc.js" />
    <property name="npm.works" value="true" />
    <property name="cobertura.dir" value="/home/travis/build/icyphy/ptII/vendors/cobertura-2.0.3" />
    <property name="jsdoc.command.exists" value="true" />
    <property name="env.rvm_path" value="/home/travis/.rvm" />
    <property name="env.GEM_PATH" value="/home/travis/.rvm/gems/ruby-2.5.3:/home/travis/.rvm/gems/ruby-2.5.3@global" />
    <property name="env.LC_CTYPE" value="en_US.UTF-8" />
    <property name="env.TRAVIS_CMD" value="$PTII/bin/ptIITravisBuild.sh $SECONDS" />
    <property name="java.awt.printerjob" value="sun.print.PSPrinterJob" />
    <property name="env.TRAVIS_STACK_NAME" value="sardonyx" />
    <property name="env.TRAVIS_TIMER_START_TIME" value="1581982164841719145" />
    <property name="ant.version" value="Apache Ant(TM) version 1.10.1 compiled on February 2 2017" />
    <property name="ptII.reports" value="/home/travis/build/icyphy/ptII/reports" />
    <property name="env.TRAVIS_STACK_TIMESTAMP" value="2019-03-25 16:16:56 UTC" />
    <property name="ant.file.type.ptII" value="file" />
    <property name="env.RBENV_SHELL" value="bash" />
    <property name="os.name" value="Linux" />
    <property name="java.specification.vendor" value="Oracle Corporation" />
    <property name="env.rvm_version" value="1.29.7 (latest)" />
    <property name="env.TRAVIS_INFRA" value="unknown" />
    <property name="env.TERM" value="xterm" />
    <property name="java.vm.name" value="OpenJDK 64-Bit Server VM" />
    <property name="env.TRAVIS_BUILD_NUMBER" value="1520" />
    <property name="env.CI" value="true" />
    <property name="java.library.path" value="/home/travis/pthla/certi-tools/lib:/usr/lib/jni:/usr/local/share/OpenCV/java/:/usr/share/OpenCV/java::/usr/java/packages/lib:/usr/lib64:/lib64:/lib:/usr/lib" />
    <property name="jdk.module.path" value="/home/travis/build/icyphy/ptII/vendors/javafx/javafx-sdk-11.0.2/lib:" />
    <property name="env.rvm_prefix" value="/home/travis" />
    <property name="env.PATH" value="/home/travis/pthla/certi-tools/share/scripts:/home/travis/.rvm/gems/ruby-2.5.3/bin:/home/travis/.rvm/gems/ruby-2.5.3@global/bin:/home/travis/.rvm/rubies/ruby-2.5.3/bin:/home/travis/.rvm/bin:/home/travis/.nvm/versions/node/v7.10.1/bin:./node_modules/.bin:/home/travis/build/icyphy/ptII/bin:/home/travis/pthla/certi-tools/bin:/home/travis/bin:/home/travis/.local/bin:/usr/local/lib/jvm/openjdk11/bin:/opt/pyenv/shims:/home/travis/.phpenv/shims:/home/travis/perl5/perlbrew/bin:/home/travis/gopath/bin:/home/travis/.gimme/versions/go1.11.1.linux.amd64/bin:/usr/local/maven-3.6.0/bin:/usr/local/cmake-3.12.4/bin:/usr/local/clang-7.0.0/bin:/usr/local/sbin:/usr/local/bin:/usr/sbin:/usr/bin:/sbin:/bin:/snap/bin:/home/travis/.phpenv/bin:/opt/pyenv/bin:/home/travis/.yarn/bin" />
    <property name="env.TRAVIS_OS_NAME" value="linux" />
    <property name="ant.java.version" value="9" />
    <property name="basedir" value="/home/travis/build/icyphy/ptII" />
    <property name="java.class.version" value="55.0" />
    <property name="env.SHLVL" value="3" />
    <property name="env.LD_LIBRARY_PATH" value="/home/travis/pthla/certi-tools/lib:/usr/lib/jni:/usr/local/share/OpenCV/java/:/usr/share/OpenCV/java:" />
    <property name="env.RACK_ENV" value="test" />
    <property name="ant.home" value="/home/travis/build/icyphy/ptII/ant" />
    <property name="env.NVM_DIR" value="/home/travis/.nvm" />
    <property name="env.CERTI_FOM_PATH" value="/home/travis/pthla/certi-tools/share/federations" />
    <property name="env.TRAVIS_BUILD_ID" value="651722198" />
    <property name="env.PYENV_ROOT" value="/opt/pyenv" />
    <property name="env.TRAVIS_UID" value="2000" />
    <property name="prism.verbose" value="true" />
    <property name="env.NVM_BIN" value="/home/travis/.nvm/versions/node/v7.10.1/bin" />
    <property name="env.TRAVIS_COMMIT" value="1a83648c8efd70cc186ab8d73f77f0c9fc57c4cb" />
    <property name="env._system_arch" value="x86_64" />
    <property name="node.executable" value="node" />
    <property name="sun.boot.library.path" value="/usr/local/lib/jvm/openjdk11/lib" />
    <property name="sun.management.compiler" value="HotSpot 64-Bit Tiered Compilers" />
    <property name="java.awt.graphicsenv" value="sun.awt.X11GraphicsEnvironment" />
    <property name="env.GOPATH" value="/home/travis/gopath" />
    <property name="ptolemy.ptII.dir" value="/home/travis/build/icyphy/ptII" />
    <property name="env.USER" value="travis" />
    <property name="env.HISTFILESIZE" value="2000" />
    <property name="timeout.longest" value="19000000" />
    <property name="env.PERLBREW_SHELLRC_VERSION" value="0.86" />
    <property name="env.TRAVIS_STACK_FEATURES" value="basic couchdb disabled-ipv6 docker docker-compose elasticsearch firefox go-toolchain google-chrome jdk memcached mongodb mysql nodejs_interpreter perl_interpreter perlbrew phantomjs postgresql python_interpreter redis ruby_interpreter sqlite xserver" />
    <property name="env.TRAVIS_PULL_REQUEST" value="false" />
    <property name="env.PYENV_SHELL" value="bash" />
    <property name="ant.project.name" value="ptII" />
    <property name="env.ANSI_RESET" value="\033[0m" />
    <property name="java.vm.specification.version" value="11" />
    <property name="env.TRAVIS_DIST" value="xenial" />
    <property name="env.CERTI_VERSION" value="4.0.0" />
    <property name="env.CERTI_HOST" value="localhost" />
    <property name="awt.toolkit" value="sun.awt.X11.XToolkit" />
    <property name="env.MY_RUBY_HOME" value="/home/travis/.rvm/rubies/ruby-2.5.3" />
    <property name="sun.cpu.isalist" value="" />
    <property name="env.TRAVIS_TMPDIR" value="/tmp/tmp.sYGBXNWMN7" />
    <property name="java.vm.compressedOopsMode" value="Zero based" />
    <property name="os.version" value="4.15.0-1028-gcp" />
    <property name="user.home" value="/home/travis" />
    <property name="java.vm.vendor" value="Oracle Corporation" />
    <property name="env.TRAVIS_TAG" value="nightly" />
    <property name="env.ANSI_YELLOW" value="\033[33;1m" />
    <property name="env.TRAVIS_FILTERED" value="redirect_io" />
    <property name="env.ANSI_GREEN" value="\033[32;1m" />
    <property name="env.JAVA_HOME" value="/usr/local/lib/jvm/openjdk11" />
    <property name="javadoc.excludepackagenames" value="adm.cvs2svn.*,build.*,config.*,doc.coding.templates.*,jni.test.jni.meaningOfLife.*,jni.test.jni.testDeux.*,jni.test.jni.testTrois.*,org.terraswarm.accessor.accessors.web.node_modules.*,org.terraswarm.accessor.accessors.web.hosts.cordova.demo.*,org.terraswarm.accessor.accessors.web.hosts.cordova.plugins.*,org.terraswarm.accessor.accessors-svn.*,pt-modules.*,ptolemy.apps.agilent.*,ptolemy.apps.anytimecontrol.*,ptolemy.apps.apes.*,ptolemy.apps.charon.*,ptolemy.apps.crazyboard.*,ptolemy.apps.eclipse.*,ptolemy.apps.etherealSting.*,ptolemy.apps.fullscreen.*,ptolemy.apps.giotto.*,ptolemy.apps.ia.*,ptolemy.apps.interfaces.*,ptolemy.apps.jmf.*,ptolemy.apps.kurt.*,ptolemy.apps.kvm.*,ptolemy.apps.lego.*,ptolemy.apps.lejos.*,ptolemy.apps.midp.*,ptolemy.apps.mobileCoding.*,ptolemy.apps.pendulum.*,ptolemy.apps.rijndael.*,ptolemy.apps.robot.*,ptolemy.apps.security.*,ptolemy.apps.sobel.*,ptolemy.apps.soot.*,ptolemy.apps.throttle.*,ptolemy.apps.tini.*,ptolemy.apps.transmission.*,ptolemy.apps.vergil.*,ptolemy.apps.waba.*,ptolemy.apps.websensor.*,ptolemy.apps.webstart.*,ptolemy.apps.xsl.*,ptolemy.apps.zaurus.*,ptolemy.codegen.c.actor.lib.oldJavaFiles.*,ptolemy.codegen.dsp.lib.*,ptolemy.codegen.kernel.newInterfaces.*,ptolemy.codegen.lib.*,ptolemy.copernicus.kernel.fragment.*,ptolemy.copernicus.shallow.cg.*,ptolemy.domains.giotto.demo.Hierarchy.Hierarchy.*,ptolemy.domains.giotto.demo.Multimode.Multimode.*,ptolemy.domains.giotto.demo.Simple.Simple.*,ptolemy.domains.gr.lib.experimental.*,ptolemy.domains.gro.*,ptolemy.domains.pdf.*,ptolemy.domains.ptinyos.demo.Surge.output.*,ptolemy.moml.test.NoPackageActor.java*,ptolemy.plot.adm.*,ptolemy.plot.servlet.*,reports.*,signed.*,src.*,target.*,vendors.*,ptolemy.copernicus.applet.*,ptolemy.media.viewer.*,ptolemy.actor.corba.*,doc.doclets.*,ptolemy.apps.eclipse.awt.*,ptolemy.backtrack.*,ptolemy.backtrack.ast.*,ptolemy.cg.adapter.generic.program.procedural.c.mbed*,ptolemy.homer.*,ptolemy.actor.lib.jai.*,org.ptolemy.scala.*,diva.util.java2d.svg.*,ptolemy.domains.ptinyos.*,ptolemy.actor.lib.fmi.fmipp.*,,org.terraswarm.accessor.accessors.web.node_modules.*,org.terraswarm.accessor.accessors-svn,ptolemy.apps.*,ptolemy.actor.ptalon.demo.ptinyos.SendAndReceiveCnt.output,ptolemy.actor.ptalon.demo.ptinyos.SenseToLeds.output,ptolemy.domains.ptinyos.demo.CntToLedsAndRfm.output,ptolemy.domains.ptinyos.demo.RfmToLeds.output,ptolemy.domains.ptinyos.demo.SendAndReceiveCnt.output,ptolemy.domains.ptinyos.demo.SenseToLeds.output,ptolemy.actor.lib.jjs.modules.udpSocket.*" />
    <property name="env.PTII" value="/home/travis/build/icyphy/ptII" />
    <property name="env.XDG_SESSION_ID" value="2" />
    <property name="keystore" value="ptKeystore" />
    <property name="env.TRAVIS_COMMIT_MESSAGE" value="Adding the cited files." />
    <property name="junit.output.dir" value="/home/travis/build/icyphy/ptII/reports/junit" />
    <property name="npm.return.code" value="0" />
    <property name="user.dir" value="/home/travis/build/icyphy/ptII/ptolemy/actor/lib/test" />
    <property name="env.TRAVIS_NODE_VERSION" value="7" />
    <property name="env.TRAVIS_EVENT_TYPE" value="push" />
    <property name="env.MAIL" value="/var/mail/travis" />
    <property name="env.PERLBREW_ROOT" value="/home/travis/perl5/perlbrew" />
    <property name="env.PWD" value="/home/travis/build/icyphy/ptII" />
    <property name="timeout.npm" value="45000" />
    <property name="env.TRAVIS_ARCH" value="amd64" />
    <property name="sun.cpu.endian" value="little" />
    <property name="env.PAGER" value="cat" />
    <property name="env.TRAVIS_BUILD_STAGE_NAME" value="Test" />
    <property name="env.PERLBREW_HOME" value="/home/travis/.perlbrew" />
    <property name="java.vm.version" value="11.0.2+9" />
    <property name="env.RAILS_ENV" value="test" />
    <property name="java.class.path" value="/home/travis/.ptolemyII:/home/travis/.ptolemyII/*:/home/travis/build/icyphy/ptII:/home/travis/build/icyphy/ptII/lib/bsh-2.0b4.jar:/home/travis/build/icyphy/ptII/lib/ptCal.jar:/home/travis/build/icyphy/ptII/lib/java_cup.jar:/home/travis/build/icyphy/ptII/lib/saxon8.jar:/home/travis/build/icyphy/ptII/lib/saxon8-dom.jar:/home/travis/build/icyphy/ptII/lib/chic.jar:/home/travis/build/icyphy/ptII/lib/ptcolt.jar:/home/travis/build/icyphy/ptII/vendors/misc/itext/iText.jar:/home/travis/build/icyphy/ptII/lib/g4ltl.jar:/home/travis/build/icyphy/ptII/lib/StructuralCoder.jar:/home/travis/build/icyphy/ptII/lib/jcerti.jar:/home/travis/build/icyphy/ptII/lib/javax.mail.jar:/home/travis/build/icyphy/ptII/vendors/JMF-2.1.1e/lib/jmf.jar:/home/travis/build/icyphy/ptII/lib/jna-4.0.0-variadic.jar:/home/travis/build/icyphy/ptII/vendors/misc/joystick/Joystick.jar:/home/travis/build/icyphy/ptII/lib/ptjacl.jar:/home/travis/build/icyphy/ptII/lib/jsoup-1.8.2.jar:/home/travis/build/icyphy/ptII/lib/junit-4.8.2.jar:/home/travis/build/icyphy/ptII/lib/JUnitParams-0.4.0.jar:/home/travis/build/icyphy/ptII/ptolemy/actor/lib/excel/jxl.jar:/home/travis/build/icyphy/ptII/lib/jython.jar:/home/travis/build/icyphy/ptII/lib/kieler.jar:/home/travis/build/icyphy/ptII/vendors/opencv/share/OpenCV/java/opencv-341.jar:/home/travis/build/icyphy/ptII/lib/oscP5.jar:/home/travis/build/icyphy/ptII/lib/nrjavaserial-3.11.0.devel.jar:/home/travis/build/icyphy/ptII/vendors/j3d/lib/Linux/j3dcore.jar:/home/travis/build/icyphy/ptII/vendors/j3d/lib/Linux/j3dutils.jar:/home/travis/build/icyphy/ptII/vendors/j3d/lib/Linux/vecmath.jar:/home/travis/build/icyphy/ptII/vendors/jogl/lib/Linux/gluegen-rt-natives-linux-amd64.jar:/home/travis/build/icyphy/ptII/vendors/jogl/lib/Linux/gluegen-rt.jar:/home/travis/build/icyphy/ptII/vendors/jogl/lib/Linux/jogl-all-natives-linux-amd64.jar:/home/travis/build/icyphy/ptII/vendors/jogl/lib/Linux/jogl-all.jar:/home/travis/build/icyphy/ptII/ptolemy/distributed/jini/jar/jini-core.jar:/home/travis/build/icyphy/ptII/ptolemy/distributed/jini/jar/jini-ext.jar:/home/travis/build/icyphy/ptII/ptolemy/distributed/jini/jar/sun-util.jar:/home/travis/build/icyphy/ptII/lib/protobuf-java-2.4.1.jar:/home/travis/build/icyphy/ptII/lib/org.eclipse.paho.client.mqttv3.jar:/home/travis/build/icyphy/ptII/lib/mapss.jar:/home/travis/build/icyphy/ptII/ptolemy/actor/ptalon/antlr/antlr.jar:/home/travis/build/icyphy/ptII/lib/JRI.jar:/home/travis/build/icyphy/ptII/lib/commons-lang-2.6.jar:/home/travis/build/icyphy/ptII/lib/commons-logging-1.1.1.jar:/home/travis/build/icyphy/ptII/lib/sootclasses.jar:/home/travis/build/icyphy/ptII/ptolemy/actor/lib/database/mysql-connector-java-5.1.6-bin.jar:/home/travis/build/icyphy/ptII/vendors/misc/sphinx4/sphinx4-data-5prealpha.jar:/home/travis/build/icyphy/ptII/vendors/misc/sphinx4/sphinx4-core-5prealpha.jar:/home/travis/build/icyphy/ptII/lib/PDFRenderer.jar:/home/travis/build/icyphy/ptII/lib/svgSalamander.jar:/home/travis/build/icyphy/ptII/lib/rsyntaxtextarea-2.6.0-SNAPSHOT.jar:/home/travis/build/icyphy/ptII/lib/hazelcast-3.8.2.jar:/home/travis/build/icyphy/ptII/lib/jackson-annotations-2.9.0.jar:/home/travis/build/icyphy/ptII/lib/jackson-core-2.9.3.jar:/home/travis/build/icyphy/ptII/lib/jackson-databind-2.9.3.jar:/home/travis/build/icyphy/ptII/lib/netty-buffer-4.1.19.Final.jar:/home/travis/build/icyphy/ptII/lib/netty-codec-4.1.19.Final.jar:/home/travis/build/icyphy/ptII/lib/netty-codec-dns-4.1.19.Final.jar:/home/travis/build/icyphy/ptII/lib/netty-codec-http-4.1.19.Final.jar:/home/travis/build/icyphy/ptII/lib/netty-codec-http2-4.1.19.Final.jar:/home/travis/build/icyphy/ptII/lib/netty-common-4.1.19.Final.jar:/home/travis/build/icyphy/ptII/lib/netty-handler-4.1.19.Final.jar:/home/travis/build/icyphy/ptII/lib/netty-resolver-4.1.19.Final.jar:/home/travis/build/icyphy/ptII/lib/netty-resolver-dns-4.1.19.Final.jar:/home/travis/build/icyphy/ptII/lib/netty-transport-4.1.19.Final.jar:/home/travis/build/icyphy/ptII/lib/vertx-codegen-3.5.1.jar:/home/travis/build/icyphy/ptII/lib/vertx-core-3.5.2-SNAPSHOT.jar:/home/travis/build/icyphy/ptII/lib/vertx-hazelcast-3.5.1.jar:/home/travis/build/icyphy/ptII/lib/vertx-lang-js-3.5.1.jar:/home/travis/build/icyphy/ptII/lib/vertx-service-proxy-3.5.1.jar:/home/travis/build/icyphy/ptII/lib/vertx-web-3.5.1.jar:/home/travis/build/icyphy/ptII/lib/slf4j-api-1.7.13.jar:/home/travis/build/icyphy/ptII/lib/slf4j-simple-1.7.13.jar:/home/travis/build/icyphy/ptII/lib/webcam-capture-0.3.12.jar:/home/travis/build/icyphy/ptII/lib/bridj-0.7.0.jar:/home/travis/build/icyphy/ptII/lib/xbjlib-1.1.0.nrjavaserial.jar:/home/travis/build/icyphy/ptII/ptolemy/moml/test:/home/travis/build/icyphy/ptII/ant/lib/ant-launcher.jar:/home/travis/build/icyphy/ptII/ant/lib/ant.jar:/home/travis/build/icyphy/ptII/ant/lib/ant-junit.jar:/home/travis/build/icyphy/ptII/ant/lib/ant-junit4.jar" />
    <property name="ant.library.dir" value="/home/travis/build/icyphy/ptII/ant/lib" />
    <property name="os.arch" value="amd64" />
    <property name="env.CONTINUOUS_INTEGRATION" value="true" />
    <property name="env.TRAVIS_LANGUAGE" value="node_js" />
    <property name="env.TRAVIS_STACK_LANGUAGES" value="__sardonyx__ c c++ clojure cplusplus cpp default generic go groovy java node_js php pure_java python ruby scala" />
    <property name="test.name" value="ptolemy.actor.lib.test.junit.JUnitTclTest" />
    <property name="env.APT_KEY_DONT_WARN_ON_DANGEROUS_USAGE" value="1" />
    <property name="sun.java.launcher" value="SUN_STANDARD" />
    <property name="env.PYTHON_CONFIGURE_OPTS" value="--enable-unicode=ucs4 --with-wide-unicode --enable-shared --enable-ipv6 --enable-loadable-sqlite-extensions --with-computed-gotos" />
    <property name="ant.core.lib" value="/home/travis/build/icyphy/ptII/ant/lib/ant.jar" />
    <property name="java.vm.specification.vendor" value="Oracle Corporation" />
    <property name="env.BCVTB_HOME" value="/home/travis/build/icyphy/ptII/lbnl" />
    <property name="file.separator" value="/" />
    <property name="spotbugs.home" value="/home/travis/build/icyphy/ptII/vendors/spotbugs-3.1.1" />
    <property name="java.runtime.version" value="11.0.2+9" />
    <property name="env.ANSI_CLEAR" value="\033[0K" />
    <property name="javafx.verbose" value="true" />
    <property name="env.HAS_JOSH_K_SEAL_OF_APPROVAL" value="true" />
    <property name="env.XDG_RUNTIME_DIR" value="/run/user/2000" />
    <property name="env.TRAVIS_OSX_IMAGE" value="" />
    <property name="env.TRAVIS_JOB_ID" value="651722210" />
    <property name="env.TRAVIS_BRANCH" value="master" />
    <property name="user.country" value="US" />
    <property name="env.CERTI_HOME_TRAVIS" value="/home/travis/pthla/certi-tools" />
    <property name="env.SHELL" value="/bin/bash" />
    <property name="java.maxmemory.large" value="3200m" />
    <property name="model" value="" />
    <property name="env.CASHER_DIR" value="/home/travis/.casher" />
    <property name="env.NVM_CD_FLAGS" value="" />
    <property name="java.vendor.version" value="18.9" />
    <property name="jshint.executable" value="/home/travis/node_modules/jshint/bin/jshint" />
    <property name="env.JRUBY_OPTS" value=" --client -J-XX:+TieredCompilation -J-XX:TieredStopAtLevel=1 -J-Xss2m -Xcompile.invokedynamic=false" />
    <property name="java.vendor" value="Oracle Corporation" />
    <property name="env.TRAVIS_PRE_CHEF_BOOTSTRAP_TIME" value="2019-03-25T16:16:42" />
    <property name="env.TRAVIS_STACK_JOB_BOARD_REGISTER" value="/.job-board-register.yml" />
    <property name="env.ANSI_RED" value="\033[31;1m" />
    <property name="java.specification.version" value="11" />
    <property name="env.IRBRC" value="/home/travis/.rvm/rubies/ruby-2.5.3/.irbrc" />
    <property name="env.TRAVIS" value="true" />
    <property name="sun.arch.data.model" value="64" />
  </properties>
  <testcase classname="ptolemy.util.test.junit.TclTests" name="[0] /home/travis/build/icyphy/ptII/ptolemy/actor/lib/test/AbsoluteValue.tcl (RunTclFile)" time="0.6" />
  <testcase classname="ptolemy.util.test.junit.TclTests" name="[1] /home/travis/build/icyphy/ptII/ptolemy/actor/lib/test/AddSubtract.tcl (RunTclFile)" time="0.185" />
  <testcase classname="ptolemy.util.test.junit.TclTests" name="[2] /home/travis/build/icyphy/ptII/ptolemy/actor/lib/test/Average.tcl (RunTclFile)" time="0.064" />
  <testcase classname="ptolemy.util.test.junit.TclTests" name="[3] /home/travis/build/icyphy/ptII/ptolemy/actor/lib/test/Bernoulli.tcl (RunTclFile)" time="0.046" />
  <testcase classname="ptolemy.util.test.junit.TclTests" name="[4] /home/travis/build/icyphy/ptII/ptolemy/actor/lib/test/Clock.tcl (RunTclFile)" time="0.129" />
  <testcase classname="ptolemy.util.test.junit.TclTests" name="[5] /home/travis/build/icyphy/ptII/ptolemy/actor/lib/test/Commutator.tcl (RunTclFile)" time="0.199" />
  <testcase classname="ptolemy.util.test.junit.TclTests" name="[6] /home/travis/build/icyphy/ptII/ptolemy/actor/lib/test/Const.tcl (RunTclFile)" time="0.089" />
  <testcase classname="ptolemy.util.test.junit.TclTests" name="[7] /home/travis/build/icyphy/ptII/ptolemy/actor/lib/test/CurrentTime.tcl (RunTclFile)" time="0.021" />
  <testcase classname="ptolemy.util.test.junit.TclTests" name="[8] /home/travis/build/icyphy/ptII/ptolemy/actor/lib/test/DB.tcl (RunTclFile)" time="0.032" />
  <testcase classname="ptolemy.util.test.junit.TclTests" name="[9] /home/travis/build/icyphy/ptII/ptolemy/actor/lib/test/DiscreteRandomSource.tcl (RunTclFile)" time="0.034" />
  <testcase classname="ptolemy.util.test.junit.TclTests" name="[10] /home/travis/build/icyphy/ptII/ptolemy/actor/lib/test/Distributor.tcl (RunTclFile)" time="0.074" />
  <testcase classname="ptolemy.util.test.junit.TclTests" name="[11] /home/travis/build/icyphy/ptII/ptolemy/actor/lib/test/Exit.tcl (RunTclFile)" time="0.117" />
  <testcase classname="ptolemy.util.test.junit.TclTests" name="[12] /home/travis/build/icyphy/ptII/ptolemy/actor/lib/test/Expression.tcl (RunTclFile)" time="0.138" />
  <testcase classname="ptolemy.util.test.junit.TclTests" name="[13] /home/travis/build/icyphy/ptII/ptolemy/actor/lib/test/Gaussian.tcl (RunTclFile)" time="0.738" />
  <testcase classname="ptolemy.util.test.junit.TclTests" name="[14] /home/travis/build/icyphy/ptII/ptolemy/actor/lib/test/IIR.tcl (RunTclFile)" time="0.043" />
  <testcase classname="ptolemy.util.test.junit.TclTests" name="[15] /home/travis/build/icyphy/ptII/ptolemy/actor/lib/test/Interpolator.tcl (RunTclFile)" time="0.061" />
  <testcase classname="ptolemy.util.test.junit.TclTests" name="[16] /home/travis/build/icyphy/ptII/ptolemy/actor/lib/test/MathFunction.tcl (RunTclFile)" time="0.043" />
  <testcase classname="ptolemy.util.test.junit.TclTests" name="[17] /home/travis/build/icyphy/ptII/ptolemy/actor/lib/test/Maximum.tcl (RunTclFile)" time="0.026" />
  <testcase classname="ptolemy.util.test.junit.TclTests" name="[18] /home/travis/build/icyphy/ptII/ptolemy/actor/lib/test/Minimum.tcl (RunTclFile)" time="0.02" />
  <testcase classname="ptolemy.util.test.junit.TclTests" name="[19] /home/travis/build/icyphy/ptII/ptolemy/actor/lib/test/MultiplyDivide.tcl (RunTclFile)" time="0.023" />
  <testcase classname="ptolemy.util.test.junit.TclTests" name="[20] /home/travis/build/icyphy/ptII/ptolemy/actor/lib/test/OrderedMerge.tcl (RunTclFile)" time="0.131" />
  <testcase classname="ptolemy.util.test.junit.TclTests" name="[21] /home/travis/build/icyphy/ptII/ptolemy/actor/lib/test/Publisher.tcl (RunTclFile)" time="0.914" />
  <testcase classname="ptolemy.util.test.junit.TclTests" name="[22] /home/travis/build/icyphy/ptII/ptolemy/actor/lib/test/Pulse.tcl (RunTclFile)" time="0.081" />
  <testcase classname="ptolemy.util.test.junit.TclTests" name="[23] /home/travis/build/icyphy/ptII/ptolemy/actor/lib/test/Ramp.tcl (RunTclFile)" time="2.115" />
  <testcase classname="ptolemy.util.test.junit.TclTests" name="[24] /home/travis/build/icyphy/ptII/ptolemy/actor/lib/test/RampContinuous.tcl (RunTclFile)" time="0.017" />
  <testcase classname="ptolemy.util.test.junit.TclTests" name="[25] /home/travis/build/icyphy/ptII/ptolemy/actor/lib/test/RecordAssembler.tcl (RunTclFile)" time="0.014" />
  <testcase classname="ptolemy.util.test.junit.TclTests" name="[26] /home/travis/build/icyphy/ptII/ptolemy/actor/lib/test/RecordDisassembler.tcl (RunTclFile)" time="0.02" />
  <testcase classname="ptolemy.util.test.junit.TclTests" name="[27] /home/travis/build/icyphy/ptII/ptolemy/actor/lib/test/Scale.tcl (RunTclFile)" time="0.017" />
  <testcase classname="ptolemy.util.test.junit.TclTests" name="[28] /home/travis/build/icyphy/ptII/ptolemy/actor/lib/test/SequentialClock.tcl (RunTclFile)" time="0.013" />
  <testcase classname="ptolemy.util.test.junit.TclTests" name="[29] /home/travis/build/icyphy/ptII/ptolemy/actor/lib/test/SetVariable.tcl (RunTclFile)" time="0.009" />
  <testcase classname="ptolemy.util.test.junit.TclTests" name="[30] /home/travis/build/icyphy/ptII/ptolemy/actor/lib/test/Sinewave.tcl (RunTclFile)" time="0.029" />
  <testcase classname="ptolemy.util.test.junit.TclTests" name="[31] /home/travis/build/icyphy/ptII/ptolemy/actor/lib/test/SubscriptionAggregator.tcl (RunTclFile)" time="2.101" />
  <testcase classname="ptolemy.util.test.junit.TclTests" name="[32] /home/travis/build/icyphy/ptII/ptolemy/actor/lib/test/Test.tcl (RunTclFile)" time="0.083" />
  <testcase classname="ptolemy.util.test.junit.TclTests" name="[33] /home/travis/build/icyphy/ptII/ptolemy/actor/lib/test/TestExceptionHandler.tcl (RunTclFile)" time="0.011" />
  <testcase classname="ptolemy.util.test.junit.TclTests" name="[34] /home/travis/build/icyphy/ptII/ptolemy/actor/lib/test/UnionDisassembler.tcl (RunTclFile)" time="0.048" />
  <testcase classname="ptolemy.util.test.junit.TclTests" name="[35] /home/travis/build/icyphy/ptII/ptolemy/actor/lib/test/VariableClock.tcl (RunTclFile)" time="0.016" />
  <testcase classname="ptolemy.util.test.junit.AutoKnownFailedTests" name="[0] /home/travis/build/icyphy/ptII/ptolemy/actor/lib/test/auto/knownFailedTests/PublisherPortToplevelSubscriber.xml (RunModel)" time="0.028" />
  <testcase classname="ptolemy.util.test.junit.AutoKnownFailedTests" name="[1] /home/travis/build/icyphy/ptII/ptolemy/actor/lib/test/auto/knownFailedTests/PublisherSubscriberPortToplevel.xml (RunModel)" time="0.02" />
  <testcase classname="ptolemy.util.test.junit.AutoKnownFailedTests" name="[2] /home/travis/build/icyphy/ptII/ptolemy/actor/lib/test/auto/knownFailedTests/PublisherSubscriptionAggregatorPort.xml (RunModel)" time="0.019" />
  <testcase classname="ptolemy.util.test.junit.AutoKnownFailedTests" name="[3] /home/travis/build/icyphy/ptII/ptolemy/actor/lib/test/auto/knownFailedTests/sizedarray3.xml (RunModel)" time="0.045" />
  <testcase classname="ptolemy.util.test.junit.AutoNameArchTests" name="[0] ThereAreNoAutoArchTests (RunModel)" time="0.004" />
  <testcase classname="ptolemy.util.test.junit.AutoTests" name="[0] /home/travis/build/icyphy/ptII/ptolemy/actor/lib/test/auto/AbsoluteValue.xml (RunModel)" time="0.092" />
  <testcase classname="ptolemy.util.test.junit.AutoTests" name="[1] /home/travis/build/icyphy/ptII/ptolemy/actor/lib/test/auto/AbsoluteValue2.xml (RunModel)" time="0.075" />
  <testcase classname="ptolemy.util.test.junit.AutoTests" name="[2] /home/travis/build/icyphy/ptII/ptolemy/actor/lib/test/auto/Accumulator.xml (RunModel)" time="0.036" />
  <testcase classname="ptolemy.util.test.junit.AutoTests" name="[3] /home/travis/build/icyphy/ptII/ptolemy/actor/lib/test/auto/Accumulator2.xml (RunModel)" time="0.047" />
  <testcase classname="ptolemy.util.test.junit.AutoTests" name="[4] /home/travis/build/icyphy/ptII/ptolemy/actor/lib/test/auto/Accumulator3.xml (RunModel)" time="0.026" />
  <testcase classname="ptolemy.util.test.junit.AutoTests" name="[5] /home/travis/build/icyphy/ptII/ptolemy/actor/lib/test/auto/ArrayAppend.xml (RunModel)" time="0.021" />
  <testcase classname="ptolemy.util.test.junit.AutoTests" name="[6] /home/travis/build/icyphy/ptII/ptolemy/actor/lib/test/auto/ArrayAppend2.xml (RunModel)" time="0.272" />
  <testcase classname="ptolemy.util.test.junit.AutoTests" name="[7] /home/travis/build/icyphy/ptII/ptolemy/actor/lib/test/auto/ArrayAppend3.xml (RunModel)" time="0.027" />
  <testcase classname="ptolemy.util.test.junit.AutoTests" name="[8] /home/travis/build/icyphy/ptII/ptolemy/actor/lib/test/auto/ArrayAppend4.xml (RunModel)" time="0.039" />
  <testcase classname="ptolemy.util.test.junit.AutoTests" name="[9] /home/travis/build/icyphy/ptII/ptolemy/actor/lib/test/auto/ArrayAppend5.xml (RunModel)" time="0.016" />
  <testcase classname="ptolemy.util.test.junit.AutoTests" name="[10] /home/travis/build/icyphy/ptII/ptolemy/actor/lib/test/auto/ArrayAppend6.xml (RunModel)" time="0.025" />
  <testcase classname="ptolemy.util.test.junit.AutoTests" name="[11] /home/travis/build/icyphy/ptII/ptolemy/actor/lib/test/auto/ArrayAppendPerformanceTest.xml (RunModel)" time="0.062" />
  <testcase classname="ptolemy.util.test.junit.AutoTests" name="[12] /home/travis/build/icyphy/ptII/ptolemy/actor/lib/test/auto/ArrayAppendWithEmptyInput.xml (RunModel)" time="0.03" />
  <testcase classname="ptolemy.util.test.junit.AutoTests" name="[13] /home/travis/build/icyphy/ptII/ptolemy/actor/lib/test/auto/ArrayAverage.xml (RunModel)" time="0.059" />
  <testcase classname="ptolemy.util.test.junit.AutoTests" name="[14] /home/travis/build/icyphy/ptII/ptolemy/actor/lib/test/auto/ArrayContains.xml (RunModel)" time="0.032" />
  <testcase classname="ptolemy.util.test.junit.AutoTests" name="[15] /home/travis/build/icyphy/ptII/ptolemy/actor/lib/test/auto/ArrayElement.xml (RunModel)" time="0.026" />
  <testcase classname="ptolemy.util.test.junit.AutoTests" name="[16] /home/travis/build/icyphy/ptII/ptolemy/actor/lib/test/auto/ArrayElementAsMatrix.xml (RunModel)" time="0.129" />
  <testcase classname="ptolemy.util.test.junit.AutoTests" name="[17] /home/travis/build/icyphy/ptII/ptolemy/actor/lib/test/auto/ArrayElementI.xml (RunModel)" time="0.014" />
  <testcase classname="ptolemy.util.test.junit.AutoTests" name="[18] /home/travis/build/icyphy/ptII/ptolemy/actor/lib/test/auto/ArrayExtract.xml (RunModel)" time="0.021" />
  <testcase classname="ptolemy.util.test.junit.AutoTests" name="[19] /home/travis/build/icyphy/ptII/ptolemy/actor/lib/test/auto/ArrayExtract2.xml (RunModel)" time="0.021" />
  <testcase classname="ptolemy.util.test.junit.AutoTests" name="[20] /home/travis/build/icyphy/ptII/ptolemy/actor/lib/test/auto/ArrayLength.xml (RunModel)" time="0.016" />
  <testcase classname="ptolemy.util.test.junit.AutoTests" name="[21] /home/travis/build/icyphy/ptII/ptolemy/actor/lib/test/auto/ArrayLevelCrossing.xml (RunModel)" time="0.032" />
  <testcase classname="ptolemy.util.test.junit.AutoTests" name="[22] /home/travis/build/icyphy/ptII/ptolemy/actor/lib/test/auto/ArrayLevelCrossing2.xml (RunModel)" time="0.024" />
  <testcase classname="ptolemy.util.test.junit.AutoTests" name="[23] /home/travis/build/icyphy/ptII/ptolemy/actor/lib/test/auto/ArrayPeakSearch.xml (RunModel)" time="0.042" />
  <testcase classname="ptolemy.util.test.junit.AutoTests" name="[24] /home/travis/build/icyphy/ptII/ptolemy/actor/lib/test/auto/ArrayPeakSearch2.xml (RunModel)" time="0.041" />
  <testcase classname="ptolemy.util.test.junit.AutoTests" name="[25] /home/travis/build/icyphy/ptII/ptolemy/actor/lib/test/auto/ArrayPeakSearch3.xml (RunModel)" time="0.04" />
  <testcase classname="ptolemy.util.test.junit.AutoTests" name="[26] /home/travis/build/icyphy/ptII/ptolemy/actor/lib/test/auto/ArrayRemoveElement.xml (RunModel)" time="0.028" />
  <testcase classname="ptolemy.util.test.junit.AutoTests" name="[27] /home/travis/build/icyphy/ptII/ptolemy/actor/lib/test/auto/ArraySort.xml (RunModel)" time="0.029" />
  <testcase classname="ptolemy.util.test.junit.AutoTests" name="[28] /home/travis/build/icyphy/ptII/ptolemy/actor/lib/test/auto/ArraySum.xml (RunModel)" time="0.017" />
  <testcase classname="ptolemy.util.test.junit.AutoTests" name="[29] /home/travis/build/icyphy/ptII/ptolemy/actor/lib/test/auto/ArrayToElements.xml (RunModel)" time="0.018" />
  <testcase classname="ptolemy.util.test.junit.AutoTests" name="[30] /home/travis/build/icyphy/ptII/ptolemy/actor/lib/test/auto/ArrayToMatrix.xml (RunModel)" time="0.048" />
  <testcase classname="ptolemy.util.test.junit.AutoTests" name="[31] /home/travis/build/icyphy/ptII/ptolemy/actor/lib/test/auto/ArrayUpdate1.xml (RunModel)" time="0.019" />
  <testcase classname="ptolemy.util.test.junit.AutoTests" name="[32] /home/travis/build/icyphy/ptII/ptolemy/actor/lib/test/auto/ArrayUpdate2.xml (RunModel)" time="0.014" />
  <testcase classname="ptolemy.util.test.junit.AutoTests" name="[33] /home/travis/build/icyphy/ptII/ptolemy/actor/lib/test/auto/ArrayUpdate3.xml (RunModel)" time="0.015" />
  <testcase classname="ptolemy.util.test.junit.AutoTests" name="[34] /home/travis/build/icyphy/ptII/ptolemy/actor/lib/test/auto/Assert1.xml (RunModel)" time="0.022" />
  <testcase classname="ptolemy.util.test.junit.AutoTests" name="[35] /home/travis/build/icyphy/ptII/ptolemy/actor/lib/test/auto/Assert2.xml (RunModel)" time="0.015" />
  <testcase classname="ptolemy.util.test.junit.AutoTests" name="[36] /home/travis/build/icyphy/ptII/ptolemy/actor/lib/test/auto/BooleanMultiplexor.xml (RunModel)" time="0.015" />
  <testcase classname="ptolemy.util.test.junit.AutoTests" name="[37] /home/travis/build/icyphy/ptII/ptolemy/actor/lib/test/auto/BooleanMultiplexor2.xml (RunModel)" time="0.03" />
  <testcase classname="ptolemy.util.test.junit.AutoTests" name="[38] /home/travis/build/icyphy/ptII/ptolemy/actor/lib/test/auto/BooleanMultiplexor3.xml (RunModel)" time="0.024" />
  <testcase classname="ptolemy.util.test.junit.AutoTests" name="[39] /home/travis/build/icyphy/ptII/ptolemy/actor/lib/test/auto/BooleanSelect.xml (RunModel)" time="0.022" />
  <testcase classname="ptolemy.util.test.junit.AutoTests" name="[40] /home/travis/build/icyphy/ptII/ptolemy/actor/lib/test/auto/BooleanSelect2.xml (RunModel)" time="0.017" />
  <testcase classname="ptolemy.util.test.junit.AutoTests" name="[41] /home/travis/build/icyphy/ptII/ptolemy/actor/lib/test/auto/BooleanSwitch.xml (RunModel)" time="0.029" />
  <testcase classname="ptolemy.util.test.junit.AutoTests" name="[42] /home/travis/build/icyphy/ptII/ptolemy/actor/lib/test/auto/BooleanSwitch2.xml (RunModel)" time="0.015" />
  <testcase classname="ptolemy.util.test.junit.AutoTests" name="[43] /home/travis/build/icyphy/ptII/ptolemy/actor/lib/test/auto/BooleanSwitchCloningBugWithClassRelationGroup.xml (RunModel)" time="0.035" />
  <testcase classname="ptolemy.util.test.junit.AutoTests" name="[44] /home/travis/build/icyphy/ptII/ptolemy/actor/lib/test/auto/BusActors.xml (RunModel)" time="0.042" />
  <testcase classname="ptolemy.util.test.junit.AutoTests" name="[45] /home/travis/build/icyphy/ptII/ptolemy/actor/lib/test/auto/ClassWrapper.xml (RunModel)" time="0.023" />
  <testcase classname="ptolemy.util.test.junit.AutoTests" name="[46] /home/travis/build/icyphy/ptII/ptolemy/actor/lib/test/auto/Clock.xml (RunModel)" time="0.01" />
  <testcase classname="ptolemy.util.test.junit.AutoTests" name="[47] /home/travis/build/icyphy/ptII/ptolemy/actor/lib/test/auto/Clock10.xml (RunModel)" time="0.032" />
  <testcase classname="ptolemy.util.test.junit.AutoTests" name="[48] /home/travis/build/icyphy/ptII/ptolemy/actor/lib/test/auto/Clock11.xml (RunModel)" time="0.02" />
  <testcase classname="ptolemy.util.test.junit.AutoTests" name="[49] /home/travis/build/icyphy/ptII/ptolemy/actor/lib/test/auto/Clock12.xml (RunModel)" time="0.026" />
  <testcase classname="ptolemy.util.test.junit.AutoTests" name="[50] /home/travis/build/icyphy/ptII/ptolemy/actor/lib/test/auto/Clock13.xml (RunModel)" time="0.017" />
  <testcase classname="ptolemy.util.test.junit.AutoTests" name="[51] /home/travis/build/icyphy/ptII/ptolemy/actor/lib/test/auto/Clock14.xml (RunModel)" time="0.016" />
  <testcase classname="ptolemy.util.test.junit.AutoTests" name="[52] /home/travis/build/icyphy/ptII/ptolemy/actor/lib/test/auto/Clock15.xml (RunModel)" time="0.012" />
  <testcase classname="ptolemy.util.test.junit.AutoTests" name="[53] /home/travis/build/icyphy/ptII/ptolemy/actor/lib/test/auto/Clock16.xml (RunModel)" time="0.108" />
  <testcase classname="ptolemy.util.test.junit.AutoTests" name="[54] /home/travis/build/icyphy/ptII/ptolemy/actor/lib/test/auto/Clock17.xml (RunModel)" time="0.071" />
  <testcase classname="ptolemy.util.test.junit.AutoTests" name="[55] /home/travis/build/icyphy/ptII/ptolemy/actor/lib/test/auto/Clock18.xml (RunModel)" time="0.053" />
  <testcase classname="ptolemy.util.test.junit.AutoTests" name="[56] /home/travis/build/icyphy/ptII/ptolemy/actor/lib/test/auto/Clock19.xml (RunModel)" time="0.045" />
  <testcase classname="ptolemy.util.test.junit.AutoTests" name="[57] /home/travis/build/icyphy/ptII/ptolemy/actor/lib/test/auto/Clock2.xml (RunModel)" time="0.016" />
  <testcase classname="ptolemy.util.test.junit.AutoTests" name="[58] /home/travis/build/icyphy/ptII/ptolemy/actor/lib/test/auto/Clock20.xml (RunModel)" time="0.024" />
  <testcase classname="ptolemy.util.test.junit.AutoTests" name="[59] /home/travis/build/icyphy/ptII/ptolemy/actor/lib/test/auto/Clock21.xml (RunModel)" time="0.021" />
  <testcase classname="ptolemy.util.test.junit.AutoTests" name="[60] /home/travis/build/icyphy/ptII/ptolemy/actor/lib/test/auto/Clock22.xml (RunModel)" time="0.016" />
  <testcase classname="ptolemy.util.test.junit.AutoTests" name="[61] /home/travis/build/icyphy/ptII/ptolemy/actor/lib/test/auto/Clock23.xml (RunModel)" time="0.025" />
  <testcase classname="ptolemy.util.test.junit.AutoTests" name="[62] /home/travis/build/icyphy/ptII/ptolemy/actor/lib/test/auto/Clock24.xml (RunModel)" time="0.014" />
  <testcase classname="ptolemy.util.test.junit.AutoTests" name="[63] /home/travis/build/icyphy/ptII/ptolemy/actor/lib/test/auto/Clock4.xml (RunModel)" time="0.013" />
  <testcase classname="ptolemy.util.test.junit.AutoTests" name="[64] /home/travis/build/icyphy/ptII/ptolemy/actor/lib/test/auto/Clock5.xml (RunModel)" time="0.011" />
  <testcase classname="ptolemy.util.test.junit.AutoTests" name="[65] /home/travis/build/icyphy/ptII/ptolemy/actor/lib/test/auto/Clock6.xml (RunModel)" time="0.012" />
  <testcase classname="ptolemy.util.test.junit.AutoTests" name="[66] /home/travis/build/icyphy/ptII/ptolemy/actor/lib/test/auto/Clock7.xml (RunModel)" time="0.01" />
  <testcase classname="ptolemy.util.test.junit.AutoTests" name="[67] /home/travis/build/icyphy/ptII/ptolemy/actor/lib/test/auto/Clock8.xml (RunModel)" time="0.015" />
  <testcase classname="ptolemy.util.test.junit.AutoTests" name="[68] /home/travis/build/icyphy/ptII/ptolemy/actor/lib/test/auto/Clock9.xml (RunModel)" time="0.014" />
  <testcase classname="ptolemy.util.test.junit.AutoTests" name="[69] /home/travis/build/icyphy/ptII/ptolemy/actor/lib/test/auto/CommDistDiscard.xml (RunModel)" time="0.027" />
  <testcase classname="ptolemy.util.test.junit.AutoTests" name="[70] /home/travis/build/icyphy/ptII/ptolemy/actor/lib/test/auto/Commutator.xml (RunModel)" time="0.018" />
  <testcase classname="ptolemy.util.test.junit.AutoTests" name="[71] /home/travis/build/icyphy/ptII/ptolemy/actor/lib/test/auto/Commutator2.xml (RunModel)" time="0.01" />
  <testcase classname="ptolemy.util.test.junit.AutoTests" name="[72] /home/travis/build/icyphy/ptII/ptolemy/actor/lib/test/auto/Commutator3.xml (RunModel)" time="0.016" />
  <testcase classname="ptolemy.util.test.junit.AutoTests" name="[73] /home/travis/build/icyphy/ptII/ptolemy/actor/lib/test/auto/Compare.xml (RunModel)" time="0.022" />
  <testcase classname="ptolemy.util.test.junit.AutoTests" name="[74] /home/travis/build/icyphy/ptII/ptolemy/actor/lib/test/auto/CompareDE.xml (RunModel)" time="0.02" />
  <testcase classname="ptolemy.util.test.junit.AutoTests" name="[75] /home/travis/build/icyphy/ptII/ptolemy/actor/lib/test/auto/ComplexDivide.xml (RunModel)" time="0.009" />
  <testcase classname="ptolemy.util.test.junit.AutoTests" name="[76] /home/travis/build/icyphy/ptII/ptolemy/actor/lib/test/auto/ComputeHistogram.xml (RunModel)" time="0.065" />
  <testcase classname="ptolemy.util.test.junit.AutoTests" name="[77] /home/travis/build/icyphy/ptII/ptolemy/actor/lib/test/auto/ConfigurationSelect.xml (RunModel)" time="0.022" />
  <testcase classname="ptolemy.util.test.junit.AutoTests" name="[78] /home/travis/build/icyphy/ptII/ptolemy/actor/lib/test/auto/ConfigurationSelect2.xml (RunModel)" time="0.019" />
  <testcase classname="ptolemy.util.test.junit.AutoTests" name="[79] /home/travis/build/icyphy/ptII/ptolemy/actor/lib/test/auto/ConfigurationSwitch.xml (RunModel)" time="0.029" />
  <testcase classname="ptolemy.util.test.junit.AutoTests" name="[80] /home/travis/build/icyphy/ptII/ptolemy/actor/lib/test/auto/ConfigurationSwitch2.xml (RunModel)" time="0.022" />
  <testcase classname="ptolemy.util.test.junit.AutoTests" name="[81] /home/travis/build/icyphy/ptII/ptolemy/actor/lib/test/auto/ConfigurationSwitchCloningBugWithClassRelationGroup.xml (RunModel)" time="0.022" />
  <testcase classname="ptolemy.util.test.junit.AutoTests" name="[82] /home/travis/build/icyphy/ptII/ptolemy/actor/lib/test/auto/ConfigurationSwitchSelectSDF.xml (RunModel)" time="0.017" />
  <testcase classname="ptolemy.util.test.junit.AutoTests" name="[83] /home/travis/build/icyphy/ptII/ptolemy/actor/lib/test/auto/ConfigurationSwitchSelectSDF2.xml (RunModel)" time="0.016" />
  <testcase classname="ptolemy.util.test.junit.AutoTests" name="[84] /home/travis/build/icyphy/ptII/ptolemy/actor/lib/test/auto/Const.xml (RunModel)" time="0.009" />
  <testcase classname="ptolemy.util.test.junit.AutoTests" name="[85] /home/travis/build/icyphy/ptII/ptolemy/actor/lib/test/auto/Const2.xml (RunModel)" time="0.011" />
  <testcase classname="ptolemy.util.test.junit.AutoTests" name="[86] /home/travis/build/icyphy/ptII/ptolemy/actor/lib/test/auto/Const3.xml (RunModel)" time="0.008" />
  <testcase classname="ptolemy.util.test.junit.AutoTests" name="[87] /home/travis/build/icyphy/ptII/ptolemy/actor/lib/test/auto/ConstantPublisherPort1.xml (RunModel)" time="0.023" />
  <testcase classname="ptolemy.util.test.junit.AutoTests" name="[88] /home/travis/build/icyphy/ptII/ptolemy/actor/lib/test/auto/ConstantPublisherPort2.xml (RunModel)" time="0.029" />
  <testcase classname="ptolemy.util.test.junit.AutoTests" name="[89] /home/travis/build/icyphy/ptII/ptolemy/actor/lib/test/auto/ConstantPublisherPort3.xml (RunModel)" time="0.028" />
  <testcase classname="ptolemy.util.test.junit.AutoTests" name="[90] /home/travis/build/icyphy/ptII/ptolemy/actor/lib/test/auto/ConstantPublisherPort4.xml (RunModel)" time="0.022" />
  <testcase classname="ptolemy.util.test.junit.AutoTests" name="[91] /home/travis/build/icyphy/ptII/ptolemy/actor/lib/test/auto/ConstantPublisherPort5.xml (RunModel)" time="0.05" />
  <testcase classname="ptolemy.util.test.junit.AutoTests" name="[92] /home/travis/build/icyphy/ptII/ptolemy/actor/lib/test/auto/ConstantPublisherPort6.xml (RunModel)" time="0.036" />
  <testcase classname="ptolemy.util.test.junit.AutoTests" name="[93] /home/travis/build/icyphy/ptII/ptolemy/actor/lib/test/auto/ConstantPublisherPort7.xml (RunModel)" time="0.031" />
  <testcase classname="ptolemy.util.test.junit.AutoTests" name="[94] /home/travis/build/icyphy/ptII/ptolemy/actor/lib/test/auto/ConstraintMonitor1.xml (RunModel)" time="0.035" />
  <testcase classname="ptolemy.util.test.junit.AutoTests" name="[95] /home/travis/build/icyphy/ptII/ptolemy/actor/lib/test/auto/ConstraintMonitor2.xml (RunModel)" time="0.013" />
  <testcase classname="ptolemy.util.test.junit.AutoTests" name="[96] /home/travis/build/icyphy/ptII/ptolemy/actor/lib/test/auto/ConstraintMonitor3.xml (RunModel)" time="0.012" />
  <testcase classname="ptolemy.util.test.junit.AutoTests" name="[97] /home/travis/build/icyphy/ptII/ptolemy/actor/lib/test/auto/ConstraintMonitor4.xml (RunModel)" time="0.014" />
  <testcase classname="ptolemy.util.test.junit.AutoTests" name="[98] /home/travis/build/icyphy/ptII/ptolemy/actor/lib/test/auto/ConstraintMonitor5.xml (RunModel)" time="0.01" />
  <testcase classname="ptolemy.util.test.junit.AutoTests" name="[99] /home/travis/build/icyphy/ptII/ptolemy/actor/lib/test/auto/ConstraintMonitor6.xml (RunModel)" time="0.015" />
  <testcase classname="ptolemy.util.test.junit.AutoTests" name="[100] /home/travis/build/icyphy/ptII/ptolemy/actor/lib/test/auto/ConstraintMonitor7.xml (RunModel)" time="0.013" />
  <testcase classname="ptolemy.util.test.junit.AutoTests" name="[101] /home/travis/build/icyphy/ptII/ptolemy/actor/lib/test/auto/ConstraintMonitor8.xml (RunModel)" time="0.023" />
  <testcase classname="ptolemy.util.test.junit.AutoTests" name="[102] /home/travis/build/icyphy/ptII/ptolemy/actor/lib/test/auto/Counter.xml (RunModel)" time="0.016" />
  <testcase classname="ptolemy.util.test.junit.AutoTests" name="[103] /home/travis/build/icyphy/ptII/ptolemy/actor/lib/test/auto/CurrentTimeSDF.xml (RunModel)" time="0.014" />
  <testcase classname="ptolemy.util.test.junit.AutoTests" name="[104] /home/travis/build/icyphy/ptII/ptolemy/actor/lib/test/auto/DB.xml (RunModel)" time="0.012" />
  <testcase classname="ptolemy.util.test.junit.AutoTests" name="[105] /home/travis/build/icyphy/ptII/ptolemy/actor/lib/test/auto/DBDE.xml (RunModel)" time="0.016" />
  <testcase classname="ptolemy.util.test.junit.AutoTests" name="[106] /home/travis/build/icyphy/ptII/ptolemy/actor/lib/test/auto/DateConstructor.xml (RunModel)" time="0.078" />
  <testcase classname="ptolemy.util.test.junit.AutoTests" name="[107] /home/travis/build/icyphy/ptII/ptolemy/actor/lib/test/auto/DelayTime.xml (RunModel)" time="0.013" />
  <testcase classname="ptolemy.util.test.junit.AutoTests" name="[108] /home/travis/build/icyphy/ptII/ptolemy/actor/lib/test/auto/Dictionary1.xml (RunModel)" time="0.016" />
  <testcase classname="ptolemy.util.test.junit.AutoTests" name="[109] /home/travis/build/icyphy/ptII/ptolemy/actor/lib/test/auto/Dictionary2.xml (RunModel)" time="0.015" />
  <testcase classname="ptolemy.util.test.junit.AutoTests" name="[110] /home/travis/build/icyphy/ptII/ptolemy/actor/lib/test/auto/Dictionary3.xml (RunModel)" time="0.015" />
  <testcase classname="ptolemy.util.test.junit.AutoTests" name="[111] /home/travis/build/icyphy/ptII/ptolemy/actor/lib/test/auto/Dictionary4.xml (RunModel)" time="0.017" />
  <testcase classname="ptolemy.util.test.junit.AutoTests" name="[112] /home/travis/build/icyphy/ptII/ptolemy/actor/lib/test/auto/Differential.xml (RunModel)" time="0.014" />
  <testcase classname="ptolemy.util.test.junit.AutoTests" name="[113] /home/travis/build/icyphy/ptII/ptolemy/actor/lib/test/auto/Director.xml (RunModel)" time="0.012" />
  <testcase classname="ptolemy.util.test.junit.AutoTests" name="[114] /home/travis/build/icyphy/ptII/ptolemy/actor/lib/test/auto/DiscreteClock.xml (RunModel)" time="0.015" />
  <testcase classname="ptolemy.util.test.junit.AutoTests" name="[115] /home/travis/build/icyphy/ptII/ptolemy/actor/lib/test/auto/DiscreteClock10.xml (RunModel)" time="0.014" />
  <testcase classname="ptolemy.util.test.junit.AutoTests" name="[116] /home/travis/build/icyphy/ptII/ptolemy/actor/lib/test/auto/DiscreteClock11.xml (RunModel)" time="0.011" />
  <testcase classname="ptolemy.util.test.junit.AutoTests" name="[117] /home/travis/build/icyphy/ptII/ptolemy/actor/lib/test/auto/DiscreteClock12.xml (RunModel)" time="0.011" />
  <testcase classname="ptolemy.util.test.junit.AutoTests" name="[118] /home/travis/build/icyphy/ptII/ptolemy/actor/lib/test/auto/DiscreteClock13.xml (RunModel)" time="0.013" />
  <testcase classname="ptolemy.util.test.junit.AutoTests" name="[119] /home/travis/build/icyphy/ptII/ptolemy/actor/lib/test/auto/DiscreteClock14.xml (RunModel)" time="0.013" />
  <testcase classname="ptolemy.util.test.junit.AutoTests" name="[120] /home/travis/build/icyphy/ptII/ptolemy/actor/lib/test/auto/DiscreteClock15.xml (RunModel)" time="0.015" />
  <testcase classname="ptolemy.util.test.junit.AutoTests" name="[121] /home/travis/build/icyphy/ptII/ptolemy/actor/lib/test/auto/DiscreteClock16.xml (RunModel)" time="0.031" />
  <testcase classname="ptolemy.util.test.junit.AutoTests" name="[122] /home/travis/build/icyphy/ptII/ptolemy/actor/lib/test/auto/DiscreteClock17.xml (RunModel)" time="0.033" />
  <testcase classname="ptolemy.util.test.junit.AutoTests" name="[123] /home/travis/build/icyphy/ptII/ptolemy/actor/lib/test/auto/DiscreteClock18.xml (RunModel)" time="0.036" />
  <testcase classname="ptolemy.util.test.junit.AutoTests" name="[124] /home/travis/build/icyphy/ptII/ptolemy/actor/lib/test/auto/DiscreteClock19.xml (RunModel)" time="0.036" />
  <testcase classname="ptolemy.util.test.junit.AutoTests" name="[125] /home/travis/build/icyphy/ptII/ptolemy/actor/lib/test/auto/DiscreteClock2.xml (RunModel)" time="0.008" />
  <testcase classname="ptolemy.util.test.junit.AutoTests" name="[126] /home/travis/build/icyphy/ptII/ptolemy/actor/lib/test/auto/DiscreteClock20.xml (RunModel)" time="0.012" />
  <testcase classname="ptolemy.util.test.junit.AutoTests" name="[127] /home/travis/build/icyphy/ptII/ptolemy/actor/lib/test/auto/DiscreteClock21.xml (RunModel)" time="0.012" />
  <testcase classname="ptolemy.util.test.junit.AutoTests" name="[128] /home/travis/build/icyphy/ptII/ptolemy/actor/lib/test/auto/DiscreteClock22.xml (RunModel)" time="0.016" />
  <testcase classname="ptolemy.util.test.junit.AutoTests" name="[129] /home/travis/build/icyphy/ptII/ptolemy/actor/lib/test/auto/DiscreteClock23.xml (RunModel)" time="0.011" />
  <testcase classname="ptolemy.util.test.junit.AutoTests" name="[130] /home/travis/build/icyphy/ptII/ptolemy/actor/lib/test/auto/DiscreteClock24.xml (RunModel)" time="0.012" />
  <testcase classname="ptolemy.util.test.junit.AutoTests" name="[131] /home/travis/build/icyphy/ptII/ptolemy/actor/lib/test/auto/DiscreteClock4.xml (RunModel)" time="0.012" />
  <testcase classname="ptolemy.util.test.junit.AutoTests" name="[132] /home/travis/build/icyphy/ptII/ptolemy/actor/lib/test/auto/DiscreteClock5.xml (RunModel)" time="0.009" />
  <testcase classname="ptolemy.util.test.junit.AutoTests" name="[133] /home/travis/build/icyphy/ptII/ptolemy/actor/lib/test/auto/DiscreteClock6.xml (RunModel)" time="0.007" />
  <testcase classname="ptolemy.util.test.junit.AutoTests" name="[134] /home/travis/build/icyphy/ptII/ptolemy/actor/lib/test/auto/DiscreteClock7.xml (RunModel)" time="0.011" />
  <testcase classname="ptolemy.util.test.junit.AutoTests" name="[135] /home/travis/build/icyphy/ptII/ptolemy/actor/lib/test/auto/DiscreteClock8.xml (RunModel)" time="0.017" />
  <testcase classname="ptolemy.util.test.junit.AutoTests" name="[136] /home/travis/build/icyphy/ptII/ptolemy/actor/lib/test/auto/DiscreteClock9.xml (RunModel)" time="0.011" />
  <testcase classname="ptolemy.util.test.junit.AutoTests" name="[137] /home/travis/build/icyphy/ptII/ptolemy/actor/lib/test/auto/DisplayArray.xml (RunModel)" time="0.011" />
  <testcase classname="ptolemy.util.test.junit.AutoTests" name="[138] /home/travis/build/icyphy/ptII/ptolemy/actor/lib/test/auto/Distributor.xml (RunModel)" time="0.017" />
  <testcase classname="ptolemy.util.test.junit.AutoTests" name="[139] /home/travis/build/icyphy/ptII/ptolemy/actor/lib/test/auto/Distributor2.xml (RunModel)" time="0.013" />
  <testcase classname="ptolemy.util.test.junit.AutoTests" name="[140] /home/travis/build/icyphy/ptII/ptolemy/actor/lib/test/auto/DownSample.xml (RunModel)" time="0.009" />
  <testcase classname="ptolemy.util.test.junit.AutoTests" name="[141] /home/travis/build/icyphy/ptII/ptolemy/actor/lib/test/auto/ElectronicUnitBase1.xml (RunModel)" time="0.052" />
  <testcase classname="ptolemy.util.test.junit.AutoTests" name="[142] /home/travis/build/icyphy/ptII/ptolemy/actor/lib/test/auto/ElementsToArray.xml (RunModel)" time="0.012" />
  <testcase classname="ptolemy.util.test.junit.AutoTests" name="[143] /home/travis/build/icyphy/ptII/ptolemy/actor/lib/test/auto/Equals.xml (RunModel)" time="0.013" />
  <testcase classname="ptolemy.util.test.junit.AutoTests" name="[144] /home/travis/build/icyphy/ptII/ptolemy/actor/lib/test/auto/Exec.xml (RunModel)" time="0.028" />
  <testcase classname="ptolemy.util.test.junit.AutoTests" name="[145] /home/travis/build/icyphy/ptII/ptolemy/actor/lib/test/auto/ExecEnvironment.xml (RunModel)" time="0.031" />
  <testcase classname="ptolemy.util.test.junit.AutoTests" name="[146] /home/travis/build/icyphy/ptII/ptolemy/actor/lib/test/auto/ExecNonZeroReturnOutput.xml (RunModel)" time="0.183" />
  <testcase classname="ptolemy.util.test.junit.AutoTests" name="[147] /home/travis/build/icyphy/ptII/ptolemy/actor/lib/test/auto/ExecRunDemos.xml (RunModel)" time="10.649" />
  <testcase classname="ptolemy.util.test.junit.AutoTests" name="[148] /home/travis/build/icyphy/ptII/ptolemy/actor/lib/test/auto/ExecStop.xml (RunModel)" time="5.041" />
  <testcase classname="ptolemy.util.test.junit.AutoTests" name="[149] /home/travis/build/icyphy/ptII/ptolemy/actor/lib/test/auto/ExecutionTimeSDF.xml (RunModel)" time="6.03" />
  <testcase classname="ptolemy.util.test.junit.AutoTests" name="[150] /home/travis/build/icyphy/ptII/ptolemy/actor/lib/test/auto/Expression1.xml (RunModel)" time="0.009" />
  <testcase classname="ptolemy.util.test.junit.AutoTests" name="[151] /home/travis/build/icyphy/ptII/ptolemy/actor/lib/test/auto/Expression10.xml (RunModel)" time="0.015" />
  <testcase classname="ptolemy.util.test.junit.AutoTests" name="[152] /home/travis/build/icyphy/ptII/ptolemy/actor/lib/test/auto/Expression11.xml (RunModel)" time="0.014" />
  <testcase classname="ptolemy.util.test.junit.AutoTests" name="[153] /home/travis/build/icyphy/ptII/ptolemy/actor/lib/test/auto/Expression12.xml (RunModel)" time="0.013" />
  <testcase classname="ptolemy.util.test.junit.AutoTests" name="[154] /home/travis/build/icyphy/ptII/ptolemy/actor/lib/test/auto/Expression13.xml (RunModel)" time="0.012" />
  <testcase classname="ptolemy.util.test.junit.AutoTests" name="[155] /home/travis/build/icyphy/ptII/ptolemy/actor/lib/test/auto/Expression14.xml (RunModel)" time="0.019" />
  <testcase classname="ptolemy.util.test.junit.AutoTests" name="[156] /home/travis/build/icyphy/ptII/ptolemy/actor/lib/test/auto/Expression15.xml (RunModel)" time="0.008" />
  <testcase classname="ptolemy.util.test.junit.AutoTests" name="[157] /home/travis/build/icyphy/ptII/ptolemy/actor/lib/test/auto/Expression16.xml (RunModel)" time="0.016" />
  <testcase classname="ptolemy.util.test.junit.AutoTests" name="[158] /home/travis/build/icyphy/ptII/ptolemy/actor/lib/test/auto/Expression17.xml (RunModel)" time="0.013" />
  <testcase classname="ptolemy.util.test.junit.AutoTests" name="[159] /home/travis/build/icyphy/ptII/ptolemy/actor/lib/test/auto/Expression18.xml (RunModel)" time="0.014" />
  <testcase classname="ptolemy.util.test.junit.AutoTests" name="[160] /home/travis/build/icyphy/ptII/ptolemy/actor/lib/test/auto/Expression2.xml (RunModel)" time="0.012" />
  <testcase classname="ptolemy.util.test.junit.AutoTests" name="[161] /home/travis/build/icyphy/ptII/ptolemy/actor/lib/test/auto/Expression3.xml (RunModel)" time="0.015" />
  <testcase classname="ptolemy.util.test.junit.AutoTests" name="[162] /home/travis/build/icyphy/ptII/ptolemy/actor/lib/test/auto/Expression4.xml (RunModel)" time="0.023" />
  <testcase classname="ptolemy.util.test.junit.AutoTests" name="[163] /home/travis/build/icyphy/ptII/ptolemy/actor/lib/test/auto/Expression5.xml (RunModel)" time="0.013" />
  <testcase classname="ptolemy.util.test.junit.AutoTests" name="[164] /home/travis/build/icyphy/ptII/ptolemy/actor/lib/test/auto/Expression6.xml (RunModel)" time="0.009" />
  <testcase classname="ptolemy.util.test.junit.AutoTests" name="[165] /home/travis/build/icyphy/ptII/ptolemy/actor/lib/test/auto/Expression7.xml (RunModel)" time="0.018" />
  <testcase classname="ptolemy.util.test.junit.AutoTests" name="[166] /home/travis/build/icyphy/ptII/ptolemy/actor/lib/test/auto/Expression8.xml (RunModel)" time="0.016" />
  <testcase classname="ptolemy.util.test.junit.AutoTests" name="[167] /home/travis/build/icyphy/ptII/ptolemy/actor/lib/test/auto/Expression9.xml (RunModel)" time="0.01" />
  <testcase classname="ptolemy.util.test.junit.AutoTests" name="[168] /home/travis/build/icyphy/ptII/ptolemy/actor/lib/test/auto/ExpressionConcatenateArrayType.xml (RunModel)" time="0.022" />
  <testcase classname="ptolemy.util.test.junit.AutoTests" name="[169] /home/travis/build/icyphy/ptII/ptolemy/actor/lib/test/auto/ExpressionConcatenateArrayType2.xml (RunModel)" time="0.028" />
  <testcase classname="ptolemy.util.test.junit.AutoTests" name="[170] /home/travis/build/icyphy/ptII/ptolemy/actor/lib/test/auto/ExpressionFix.xml (RunModel)" time="0.047" />
  <testcase classname="ptolemy.util.test.junit.AutoTests" name="[171] /home/travis/build/icyphy/ptII/ptolemy/actor/lib/test/auto/ExpressionFix2.xml (RunModel)" time="0.009" />
  <testcase classname="ptolemy.util.test.junit.AutoTests" name="[172] /home/travis/build/icyphy/ptII/ptolemy/actor/lib/test/auto/ExpressionFix3.xml (RunModel)" time="0.009" />
  <testcase classname="ptolemy.util.test.junit.AutoTests" name="[173] /home/travis/build/icyphy/ptII/ptolemy/actor/lib/test/auto/FileWriter1.xml (RunModel)" time="0.009" />
  <testcase classname="ptolemy.util.test.junit.AutoTests" name="[174] /home/travis/build/icyphy/ptII/ptolemy/actor/lib/test/auto/FileWriter2.xml (RunModel)" time="0.009" />
  <testcase classname="ptolemy.util.test.junit.AutoTests" name="[175] /home/travis/build/icyphy/ptII/ptolemy/actor/lib/test/auto/FileWriter3.xml (RunModel)" time="0.012" />
  <testcase classname="ptolemy.util.test.junit.AutoTests" name="[176] /home/travis/build/icyphy/ptII/ptolemy/actor/lib/test/auto/Gaussian.xml (RunModel)" time="0.011" />
  <testcase classname="ptolemy.util.test.junit.AutoTests" name="[177] /home/travis/build/icyphy/ptII/ptolemy/actor/lib/test/auto/Gaussian1.xml (RunModel)" time="0.021" />
  <testcase classname="ptolemy.util.test.junit.AutoTests" name="[178] /home/travis/build/icyphy/ptII/ptolemy/actor/lib/test/auto/Gaussian2.xml (RunModel)" time="0.017" />
  <testcase classname="ptolemy.util.test.junit.AutoTests" name="[179] /home/travis/build/icyphy/ptII/ptolemy/actor/lib/test/auto/GradientAdaptiveLattice.xml (RunModel)" time="0.016" />
  <testcase classname="ptolemy.util.test.junit.AutoTests" name="[180] /home/travis/build/icyphy/ptII/ptolemy/actor/lib/test/auto/IIR.xml (RunModel)" time="0.011" />
  <testcase classname="ptolemy.util.test.junit.AutoTests" name="[181] /home/travis/build/icyphy/ptII/ptolemy/actor/lib/test/auto/InputOutputTransparentPorts.xml (RunModel)" time="0.016" />
  <testcase classname="ptolemy.util.test.junit.AutoTests" name="[182] /home/travis/build/icyphy/ptII/ptolemy/actor/lib/test/auto/Interpolator.xml (RunModel)" time="0.013" />
  <testcase classname="ptolemy.util.test.junit.AutoTests" name="[183] /home/travis/build/icyphy/ptII/ptolemy/actor/lib/test/auto/InterpolatorFiringLimitDE.xml (RunModel)" time="0.013" />
  <testcase classname="ptolemy.util.test.junit.AutoTests" name="[184] /home/travis/build/icyphy/ptII/ptolemy/actor/lib/test/auto/Lattice.xml (RunModel)" time="0.01" />
  <testcase classname="ptolemy.util.test.junit.AutoTests" name="[185] /home/travis/build/icyphy/ptII/ptolemy/actor/lib/test/auto/LazyAOCTestLazy.xml (RunModel)" time="0.021" />
  <testcase classname="ptolemy.util.test.junit.AutoTests" name="[186] /home/travis/build/icyphy/ptII/ptolemy/actor/lib/test/auto/LazyAOCTestNonLazy.xml (RunModel)" time="0.053" />
  <testcase classname="ptolemy.util.test.junit.AutoTests" name="[187] /home/travis/build/icyphy/ptII/ptolemy/actor/lib/test/auto/LazyInnerClass.xml (RunModel)" time="0.051" />
  <testcase classname="ptolemy.util.test.junit.AutoTests" name="[188] /home/travis/build/icyphy/ptII/ptolemy/actor/lib/test/auto/LazyPubSub.xml (RunModel)" time="0.051" />
  <testcase classname="ptolemy.util.test.junit.AutoTests" name="[189] /home/travis/build/icyphy/ptII/ptolemy/actor/lib/test/auto/LazyPubSub2.xml (RunModel)" time="0.039" />
  <testcase classname="ptolemy.util.test.junit.AutoTests" name="[190] /home/travis/build/icyphy/ptII/ptolemy/actor/lib/test/auto/LazyPubSub3.xml (RunModel)" time="0.023" />
  <testcase classname="ptolemy.util.test.junit.AutoTests" name="[191] /home/travis/build/icyphy/ptII/ptolemy/actor/lib/test/auto/LazySubClassModel.xml (RunModel)" time="0.024" />
  <testcase classname="ptolemy.util.test.junit.AutoTests" name="[192] /home/travis/build/icyphy/ptII/ptolemy/actor/lib/test/auto/LevelCrossTest1.xml (RunModel)" time="0.023" />
  <testcase classname="ptolemy.util.test.junit.AutoTests" name="[193] /home/travis/build/icyphy/ptII/ptolemy/actor/lib/test/auto/LevelCrossTest10.xml (RunModel)" time="0.014" />
  <testcase classname="ptolemy.util.test.junit.AutoTests" name="[194] /home/travis/build/icyphy/ptII/ptolemy/actor/lib/test/auto/LevelCrossTest11.xml (RunModel)" time="0.015" />
  <testcase classname="ptolemy.util.test.junit.AutoTests" name="[195] /home/travis/build/icyphy/ptII/ptolemy/actor/lib/test/auto/LevelCrossTest12.xml (RunModel)" time="0.017" />
  <testcase classname="ptolemy.util.test.junit.AutoTests" name="[196] /home/travis/build/icyphy/ptII/ptolemy/actor/lib/test/auto/LevelCrossTest13.xml (RunModel)" time="0.011" />
  <testcase classname="ptolemy.util.test.junit.AutoTests" name="[197] /home/travis/build/icyphy/ptII/ptolemy/actor/lib/test/auto/LevelCrossTest2.xml (RunModel)" time="0.01" />
  <testcase classname="ptolemy.util.test.junit.AutoTests" name="[198] /home/travis/build/icyphy/ptII/ptolemy/actor/lib/test/auto/LevelCrossTest3.xml (RunModel)" time="0.013" />
  <testcase classname="ptolemy.util.test.junit.AutoTests" name="[199] /home/travis/build/icyphy/ptII/ptolemy/actor/lib/test/auto/LevelCrossTest4.xml (RunModel)" time="0.01" />
  <testcase classname="ptolemy.util.test.junit.AutoTests" name="[200] /home/travis/build/icyphy/ptII/ptolemy/actor/lib/test/auto/LevelCrossTest5.xml (RunModel)" time="0.017" />
  <testcase classname="ptolemy.util.test.junit.AutoTests" name="[201] /home/travis/build/icyphy/ptII/ptolemy/actor/lib/test/auto/LevelCrossTest6.xml (RunModel)" time="0.013" />
  <testcase classname="ptolemy.util.test.junit.AutoTests" name="[202] /home/travis/build/icyphy/ptII/ptolemy/actor/lib/test/auto/LevelCrossTest7.xml (RunModel)" time="0.014" />
  <testcase classname="ptolemy.util.test.junit.AutoTests" name="[203] /home/travis/build/icyphy/ptII/ptolemy/actor/lib/test/auto/LevelCrossTest8.xml (RunModel)" time="0.015" />
  <testcase classname="ptolemy.util.test.junit.AutoTests" name="[204] /home/travis/build/icyphy/ptII/ptolemy/actor/lib/test/auto/LevelCrossTest9.xml (RunModel)" time="0.014" />
  <testcase classname="ptolemy.util.test.junit.AutoTests" name="[205] /home/travis/build/icyphy/ptII/ptolemy/actor/lib/test/auto/LevinsonDurbin.xml (RunModel)" time="0.009" />
  <testcase classname="ptolemy.util.test.junit.AutoTests" name="[206] /home/travis/build/icyphy/ptII/ptolemy/actor/lib/test/auto/LevinsonDurbin2.xml (RunModel)" time="0.009" />
  <testcase classname="ptolemy.util.test.junit.AutoTests" name="[207] /home/travis/build/icyphy/ptII/ptolemy/actor/lib/test/auto/LevinsonDurbin3.xml (RunModel)" time="0.011" />
  <testcase classname="ptolemy.util.test.junit.AutoTests" name="[208] /home/travis/build/icyphy/ptII/ptolemy/actor/lib/test/auto/Limiter.xml (RunModel)" time="0.036" />
  <testcase classname="ptolemy.util.test.junit.AutoTests" name="[209] /home/travis/build/icyphy/ptII/ptolemy/actor/lib/test/auto/LinearDifferenceEquationSystem.xml (RunModel)" time="0.028" />
  <testcase classname="ptolemy.util.test.junit.AutoTests" name="[210] /home/travis/build/icyphy/ptII/ptolemy/actor/lib/test/auto/LookupTable.xml (RunModel)" time="0.016" />
  <testcase classname="ptolemy.util.test.junit.AutoTests" name="[211] /home/travis/build/icyphy/ptII/ptolemy/actor/lib/test/auto/MathFunction.xml (RunModel)" time="0.023" />
  <testcase classname="ptolemy.util.test.junit.AutoTests" name="[212] /home/travis/build/icyphy/ptII/ptolemy/actor/lib/test/auto/MathFunction2.xml (RunModel)" time="0.01" />
  <testcase classname="ptolemy.util.test.junit.AutoTests" name="[213] /home/travis/build/icyphy/ptII/ptolemy/actor/lib/test/auto/MathFunction3.xml (RunModel)" time="0.017" />
  <testcase classname="ptolemy.util.test.junit.AutoTests" name="[214] /home/travis/build/icyphy/ptII/ptolemy/actor/lib/test/auto/MatrixCropBoolean.xml (RunModel)" time="0.014" />
  <testcase classname="ptolemy.util.test.junit.AutoTests" name="[215] /home/travis/build/icyphy/ptII/ptolemy/actor/lib/test/auto/MatrixCropComplex.xml (RunModel)" time="0.01" />
  <testcase classname="ptolemy.util.test.junit.AutoTests" name="[216] /home/travis/build/icyphy/ptII/ptolemy/actor/lib/test/auto/MatrixCropDouble.xml (RunModel)" time="0.013" />
  <testcase classname="ptolemy.util.test.junit.AutoTests" name="[217] /home/travis/build/icyphy/ptII/ptolemy/actor/lib/test/auto/MatrixCropFix.xml (RunModel)" time="0.03" />
  <testcase classname="ptolemy.util.test.junit.AutoTests" name="[218] /home/travis/build/icyphy/ptII/ptolemy/actor/lib/test/auto/MatrixCropInt.xml (RunModel)" time="0.011" />
  <testcase classname="ptolemy.util.test.junit.AutoTests" name="[219] /home/travis/build/icyphy/ptII/ptolemy/actor/lib/test/auto/MatrixCropLong.xml (RunModel)" time="0.011" />
  <testcase classname="ptolemy.util.test.junit.AutoTests" name="[220] /home/travis/build/icyphy/ptII/ptolemy/actor/lib/test/auto/MatrixToArray.xml (RunModel)" time="0.056" />
  <testcase classname="ptolemy.util.test.junit.AutoTests" name="[221] /home/travis/build/icyphy/ptII/ptolemy/actor/lib/test/auto/MaxIndex.xml (RunModel)" time="0.012" />
  <testcase classname="ptolemy.util.test.junit.AutoTests" name="[222] /home/travis/build/icyphy/ptII/ptolemy/actor/lib/test/auto/Maximum.xml (RunModel)" time="0.016" />
  <testcase classname="ptolemy.util.test.junit.AutoTests" name="[223] /home/travis/build/icyphy/ptII/ptolemy/actor/lib/test/auto/MaximumComplex.xml (RunModel)" time="0.015" />
  <testcase classname="ptolemy.util.test.junit.AutoTests" name="[224] /home/travis/build/icyphy/ptII/ptolemy/actor/lib/test/auto/MethodCallTest.xml (RunModel)" time="0.022" />
  <testcase classname="ptolemy.util.test.junit.AutoTests" name="[225] /home/travis/build/icyphy/ptII/ptolemy/actor/lib/test/auto/Minimum.xml (RunModel)" time="0.015" />
  <testcase classname="ptolemy.util.test.junit.AutoTests" name="[226] /home/travis/build/icyphy/ptII/ptolemy/actor/lib/test/auto/MinimumComplex.xml (RunModel)" time="0.033" />
  <testcase classname="ptolemy.util.test.junit.AutoTests" name="[227] /home/travis/build/icyphy/ptII/ptolemy/actor/lib/test/auto/MinimumMultiports.xml (RunModel)" time="0.017" />
  <testcase classname="ptolemy.util.test.junit.AutoTests" name="[228] /home/travis/build/icyphy/ptII/ptolemy/actor/lib/test/auto/ModifyDate.xml (RunModel)" time="0.06" />
  <testcase classname="ptolemy.util.test.junit.AutoTests" name="[229] /home/travis/build/icyphy/ptII/ptolemy/actor/lib/test/auto/ModifyDate2.xml (RunModel)" time="0.046" />
  <testcase classname="ptolemy.util.test.junit.AutoTests" name="[230] /home/travis/build/icyphy/ptII/ptolemy/actor/lib/test/auto/MovingAverage.xml (RunModel)" time="0.034" />
  <testcase classname="ptolemy.util.test.junit.AutoTests" name="[231] /home/travis/build/icyphy/ptII/ptolemy/actor/lib/test/auto/MovingMaximum.xml (RunModel)" time="0.035" />
  <testcase classname="ptolemy.util.test.junit.AutoTests" name="[232] /home/travis/build/icyphy/ptII/ptolemy/actor/lib/test/auto/MultipleLinksToSameRelation.xml (RunModel)" time="0.008" />
  <testcase classname="ptolemy.util.test.junit.AutoTests" name="[233] /home/travis/build/icyphy/ptII/ptolemy/actor/lib/test/auto/MultipleLinksToSameRelationDE.xml (RunModel)" time="0.016" />
  <testcase classname="ptolemy.util.test.junit.AutoTests" name="[234] /home/travis/build/icyphy/ptII/ptolemy/actor/lib/test/auto/Multiplexor.xml (RunModel)" time="0.012" />
  <testcase classname="ptolemy.util.test.junit.AutoTests" name="[235] /home/travis/build/icyphy/ptII/ptolemy/actor/lib/test/auto/Multiplexor1.xml (RunModel)" time="0.011" />
  <testcase classname="ptolemy.util.test.junit.AutoTests" name="[236] /home/travis/build/icyphy/ptII/ptolemy/actor/lib/test/auto/Multiplexor2.xml (RunModel)" time="0.017" />
  <testcase classname="ptolemy.util.test.junit.AutoTests" name="[237] /home/travis/build/icyphy/ptII/ptolemy/actor/lib/test/auto/Multiplexor3.xml (RunModel)" time="0.007" />
  <testcase classname="ptolemy.util.test.junit.AutoTests" name="[238] /home/travis/build/icyphy/ptII/ptolemy/actor/lib/test/auto/MultiplexorDE.xml (RunModel)" time="0.018" />
  <testcase classname="ptolemy.util.test.junit.AutoTests" name="[239] /home/travis/build/icyphy/ptII/ptolemy/actor/lib/test/auto/MultiportBroadcastTest.xml (RunModel)" time="0.095" />
  <testcase classname="ptolemy.util.test.junit.AutoTests" name="[240] /home/travis/build/icyphy/ptII/ptolemy/actor/lib/test/auto/MultiportOutHangDuringGetWidth.xml (RunModel)" time="0.065" />
  <testcase classname="ptolemy.util.test.junit.AutoTests" name="[241] /home/travis/build/icyphy/ptII/ptolemy/actor/lib/test/auto/NilToken.xml (RunModel)" time="0.016" />
  <testcase classname="ptolemy.util.test.junit.AutoTests" name="[242] /home/travis/build/icyphy/ptII/ptolemy/actor/lib/test/auto/NilTokenNonStrictTest.xml (RunModel)" time="0.013" />
  <testcase classname="ptolemy.util.test.junit.AutoTests" name="[243] /home/travis/build/icyphy/ptII/ptolemy/actor/lib/test/auto/NilTokenRecord.xml (RunModel)" time="0.033" />
  <testcase classname="ptolemy.util.test.junit.AutoTests" name="[244] /home/travis/build/icyphy/ptII/ptolemy/actor/lib/test/auto/NilTokenTypeTest.xml (RunModel)" time="0.03" />
  <testcase classname="ptolemy.util.test.junit.AutoTests" name="[245] /home/travis/build/icyphy/ptII/ptolemy/actor/lib/test/auto/ObjectToken1.xml (RunModel)" time="0.009" />
  <testcase classname="ptolemy.util.test.junit.AutoTests" name="[246] /home/travis/build/icyphy/ptII/ptolemy/actor/lib/test/auto/OrderedMerge.xml (RunModel)" time="0.021" />
  <testcase classname="ptolemy.util.test.junit.AutoTests" name="[247] /home/travis/build/icyphy/ptII/ptolemy/actor/lib/test/auto/OrderedRecordDisassembler.xml (RunModel)" time="0.018" />
  <testcase classname="ptolemy.util.test.junit.AutoTests" name="[248] /home/travis/build/icyphy/ptII/ptolemy/actor/lib/test/auto/OrderedRecordDisassembler2.xml (RunModel)" time="0.018" />
  <testcase classname="ptolemy.util.test.junit.AutoTests" name="[249] /home/travis/build/icyphy/ptII/ptolemy/actor/lib/test/auto/OrderedRecordUpdater.xml (RunModel)" time="0.015" />
  <testcase classname="ptolemy.util.test.junit.AutoTests" name="[250] /home/travis/build/icyphy/ptII/ptolemy/actor/lib/test/auto/OrderedRecordUpdater2.xml (RunModel)" time="0.019" />
  <testcase classname="ptolemy.util.test.junit.AutoTests" name="[251] /home/travis/build/icyphy/ptII/ptolemy/actor/lib/test/auto/PhaseUnwrap.xml (RunModel)" time="0.014" />
  <testcase classname="ptolemy.util.test.junit.AutoTests" name="[252] /home/travis/build/icyphy/ptII/ptolemy/actor/lib/test/auto/PoissonClock.xml (RunModel)" time="0.012" />
  <testcase classname="ptolemy.util.test.junit.AutoTests" name="[253] /home/travis/build/icyphy/ptII/ptolemy/actor/lib/test/auto/PoissonClock2.xml (RunModel)" time="0.008" />
  <testcase classname="ptolemy.util.test.junit.AutoTests" name="[254] /home/travis/build/icyphy/ptII/ptolemy/actor/lib/test/auto/PoissonClock3.xml (RunModel)" time="0.023" />
  <testcase classname="ptolemy.util.test.junit.AutoTests" name="[255] /home/travis/build/icyphy/ptII/ptolemy/actor/lib/test/auto/PubSubWithInitialTokens.xml (RunModel)" time="0.018" />
  <testcase classname="ptolemy.util.test.junit.AutoTests" name="[256] /home/travis/build/icyphy/ptII/ptolemy/actor/lib/test/auto/PubSubWithInitialTokens2.xml (RunModel)" time="0.012" />
  <testcase classname="ptolemy.util.test.junit.AutoTests" name="[257] /home/travis/build/icyphy/ptII/ptolemy/actor/lib/test/auto/PublisherClassNoParameter.xml (RunModel)" time="0.026" />
  <testcase classname="ptolemy.util.test.junit.AutoTests" name="[258] /home/travis/build/icyphy/ptII/ptolemy/actor/lib/test/auto/PublisherClassParameter.xml (RunModel)" time="0.025" />
  <testcase classname="ptolemy.util.test.junit.AutoTests" name="[259] /home/travis/build/icyphy/ptII/ptolemy/actor/lib/test/auto/PublisherNonStrictTest.xml (RunModel)" time="0.015" />
  <testcase classname="ptolemy.util.test.junit.AutoTests" name="[260] /home/travis/build/icyphy/ptII/ptolemy/actor/lib/test/auto/PublisherPort1.xml (RunModel)" time="0.01" />
  <testcase classname="ptolemy.util.test.junit.AutoTests" name="[261] /home/travis/build/icyphy/ptII/ptolemy/actor/lib/test/auto/PublisherPort2.xml (RunModel)" time="0.009" />
  <testcase classname="ptolemy.util.test.junit.AutoTests" name="[262] /home/travis/build/icyphy/ptII/ptolemy/actor/lib/test/auto/PublisherPort3.xml (RunModel)" time="0.022" />
  <testcase classname="ptolemy.util.test.junit.AutoTests" name="[263] /home/travis/build/icyphy/ptII/ptolemy/actor/lib/test/auto/PublisherPort4.xml (RunModel)" time="0.026" />
  <testcase classname="ptolemy.util.test.junit.AutoTests" name="[264] /home/travis/build/icyphy/ptII/ptolemy/actor/lib/test/auto/PublisherPort5.xml (RunModel)" time="0.014" />
  <testcase classname="ptolemy.util.test.junit.AutoTests" name="[265] /home/travis/build/icyphy/ptII/ptolemy/actor/lib/test/auto/PublisherPort5LookAlike.xml (RunModel)" time="0.018" />
  <testcase classname="ptolemy.util.test.junit.AutoTests" name="[266] /home/travis/build/icyphy/ptII/ptolemy/actor/lib/test/auto/PublisherPort6.xml (RunModel)" time="0.016" />
  <testcase classname="ptolemy.util.test.junit.AutoTests" name="[267] /home/travis/build/icyphy/ptII/ptolemy/actor/lib/test/auto/PublisherPort7.xml (RunModel)" time="0.014" />
  <testcase classname="ptolemy.util.test.junit.AutoTests" name="[268] /home/travis/build/icyphy/ptII/ptolemy/actor/lib/test/auto/PublisherPort8.xml (RunModel)" time="0.015" />
  <testcase classname="ptolemy.util.test.junit.AutoTests" name="[269] /home/travis/build/icyphy/ptII/ptolemy/actor/lib/test/auto/PublisherPortSubscriberChannelVariablesAOC2.xml (RunModel)" time="0.029" />
  <testcase classname="ptolemy.util.test.junit.AutoTests" name="[270] /home/travis/build/icyphy/ptII/ptolemy/actor/lib/test/auto/PublisherPortSubscriberOpaqueWidthInference.xml (RunModel)" time="0.013" />
  <testcase classname="ptolemy.util.test.junit.AutoTests" name="[271] /home/travis/build/icyphy/ptII/ptolemy/actor/lib/test/auto/PublisherPortSubscriberPortAdjacent.xml (RunModel)" time="0.016" />
  <testcase classname="ptolemy.util.test.junit.AutoTests" name="[272] /home/travis/build/icyphy/ptII/ptolemy/actor/lib/test/auto/PublisherPortSubscriberPortExpression.xml (RunModel)" time="0.014" />
  <testcase classname="ptolemy.util.test.junit.AutoTests" name="[273] /home/travis/build/icyphy/ptII/ptolemy/actor/lib/test/auto/PublisherPortSubscriberPortOpaqueD3Reverse.xml (RunModel)" time="0.018" />
  <testcase classname="ptolemy.util.test.junit.AutoTests" name="[274] /home/travis/build/icyphy/ptII/ptolemy/actor/lib/test/auto/PublisherPortSubscriberPortOpaqueWidthInference.xml (RunModel)" time="0.014" />
  <testcase classname="ptolemy.util.test.junit.AutoTests" name="[275] /home/travis/build/icyphy/ptII/ptolemy/actor/lib/test/auto/PublisherPortToplevelSubscriberPortAOC.xml (RunModel)" time="0.01" />
  <testcase classname="ptolemy.util.test.junit.AutoTests" name="[276] /home/travis/build/icyphy/ptII/ptolemy/actor/lib/test/auto/PublisherSubscriber.xml (RunModel)" time="0.012" />
  <testcase classname="ptolemy.util.test.junit.AutoTests" name="[277] /home/travis/build/icyphy/ptII/ptolemy/actor/lib/test/auto/PublisherSubscriber10.xml (RunModel)" time="0.021" />
  <testcase classname="ptolemy.util.test.junit.AutoTests" name="[278] /home/travis/build/icyphy/ptII/ptolemy/actor/lib/test/auto/PublisherSubscriber10InitialOutputs.xml (RunModel)" time="0.032" />
  <testcase classname="ptolemy.util.test.junit.AutoTests" name="[279] /home/travis/build/icyphy/ptII/ptolemy/actor/lib/test/auto/PublisherSubscriber11.xml (RunModel)" time="0.018" />
  <testcase classname="ptolemy.util.test.junit.AutoTests" name="[280] /home/travis/build/icyphy/ptII/ptolemy/actor/lib/test/auto/PublisherSubscriber12.xml (RunModel)" time="0.021" />
  <testcase classname="ptolemy.util.test.junit.AutoTests" name="[281] /home/travis/build/icyphy/ptII/ptolemy/actor/lib/test/auto/PublisherSubscriber13.xml (RunModel)" time="0.009" />
  <testcase classname="ptolemy.util.test.junit.AutoTests" name="[282] /home/travis/build/icyphy/ptII/ptolemy/actor/lib/test/auto/PublisherSubscriber14.xml (RunModel)" time="0.019" />
  <testcase classname="ptolemy.util.test.junit.AutoTests" name="[283] /home/travis/build/icyphy/ptII/ptolemy/actor/lib/test/auto/PublisherSubscriber2.xml (RunModel)" time="0.012" />
  <testcase classname="ptolemy.util.test.junit.AutoTests" name="[284] /home/travis/build/icyphy/ptII/ptolemy/actor/lib/test/auto/PublisherSubscriber3.xml (RunModel)" time="0.009" />
  <testcase classname="ptolemy.util.test.junit.AutoTests" name="[285] /home/travis/build/icyphy/ptII/ptolemy/actor/lib/test/auto/PublisherSubscriber4.xml (RunModel)" time="0.01" />
  <testcase classname="ptolemy.util.test.junit.AutoTests" name="[286] /home/travis/build/icyphy/ptII/ptolemy/actor/lib/test/auto/PublisherSubscriber5.xml (RunModel)" time="0.014" />
  <testcase classname="ptolemy.util.test.junit.AutoTests" name="[287] /home/travis/build/icyphy/ptII/ptolemy/actor/lib/test/auto/PublisherSubscriber6.xml (RunModel)" time="0.018" />
  <testcase classname="ptolemy.util.test.junit.AutoTests" name="[288] /home/travis/build/icyphy/ptII/ptolemy/actor/lib/test/auto/PublisherSubscriber7.xml (RunModel)" time="0.024" />
  <testcase classname="ptolemy.util.test.junit.AutoTests" name="[289] /home/travis/build/icyphy/ptII/ptolemy/actor/lib/test/auto/PublisherSubscriber8.xml (RunModel)" time="0.033" />
  <testcase classname="ptolemy.util.test.junit.AutoTests" name="[290] /home/travis/build/icyphy/ptII/ptolemy/actor/lib/test/auto/PublisherSubscriber9.xml (RunModel)" time="0.019" />
  <testcase classname="ptolemy.util.test.junit.AutoTests" name="[291] /home/travis/build/icyphy/ptII/ptolemy/actor/lib/test/auto/PublisherSubscriberAdjacent.xml (RunModel)" time="0.017" />
  <testcase classname="ptolemy.util.test.junit.AutoTests" name="[292] /home/travis/build/icyphy/ptII/ptolemy/actor/lib/test/auto/PublisherSubscriberChannelVariablesAOC2.xml (RunModel)" time="0.027" />
  <testcase classname="ptolemy.util.test.junit.AutoTests" name="[293] /home/travis/build/icyphy/ptII/ptolemy/actor/lib/test/auto/PublisherSubscriberD3.xml (RunModel)" time="0.014" />
  <testcase classname="ptolemy.util.test.junit.AutoTests" name="[294] /home/travis/build/icyphy/ptII/ptolemy/actor/lib/test/auto/PublisherSubscriberD3Reverse.xml (RunModel)" time="0.011" />
  <testcase classname="ptolemy.util.test.junit.AutoTests" name="[295] /home/travis/build/icyphy/ptII/ptolemy/actor/lib/test/auto/PublisherSubscriberExpression.xml (RunModel)" time="0.018" />
  <testcase classname="ptolemy.util.test.junit.AutoTests" name="[296] /home/travis/build/icyphy/ptII/ptolemy/actor/lib/test/auto/PublisherSubscriberOpaque.xml (RunModel)" time="0.015" />
  <testcase classname="ptolemy.util.test.junit.AutoTests" name="[297] /home/travis/build/icyphy/ptII/ptolemy/actor/lib/test/auto/PublisherSubscriberOpaqueD3.xml (RunModel)" time="0.021" />
  <testcase classname="ptolemy.util.test.junit.AutoTests" name="[298] /home/travis/build/icyphy/ptII/ptolemy/actor/lib/test/auto/PublisherSubscriberOpaqueD3Reverse.xml (RunModel)" time="0.02" />
  <testcase classname="ptolemy.util.test.junit.AutoTests" name="[299] /home/travis/build/icyphy/ptII/ptolemy/actor/lib/test/auto/PublisherSubscriberOpaqueWidthInference.xml (RunModel)" time="0.016" />
  <testcase classname="ptolemy.util.test.junit.AutoTests" name="[300] /home/travis/build/icyphy/ptII/ptolemy/actor/lib/test/auto/PublisherTestSubscriber.xml (RunModel)" time="0.015" />
  <testcase classname="ptolemy.util.test.junit.AutoTests" name="[301] /home/travis/build/icyphy/ptII/ptolemy/actor/lib/test/auto/PublisherToplevelSubscriberPortAOC.xml (RunModel)" time="0.012" />
  <testcase classname="ptolemy.util.test.junit.AutoTests" name="[302] /home/travis/build/icyphy/ptII/ptolemy/actor/lib/test/auto/PulseFiringLimitDE.xml (RunModel)" time="0.014" />
  <testcase classname="ptolemy.util.test.junit.AutoTests" name="[303] /home/travis/build/icyphy/ptII/ptolemy/actor/lib/test/auto/Ramp1.xml (RunModel)" time="0.007" />
  <testcase classname="ptolemy.util.test.junit.AutoTests" name="[304] /home/travis/build/icyphy/ptII/ptolemy/actor/lib/test/auto/RampFiringLimitDE.xml (RunModel)" time="0.01" />
  <testcase classname="ptolemy.util.test.junit.AutoTests" name="[305] /home/travis/build/icyphy/ptII/ptolemy/actor/lib/test/auto/RampFiringLimitSDF.xml (RunModel)" time="0.013" />
  <testcase classname="ptolemy.util.test.junit.AutoTests" name="[306] /home/travis/build/icyphy/ptII/ptolemy/actor/lib/test/auto/RandomInteger.xml (RunModel)" time="0.007" />
  <testcase classname="ptolemy.util.test.junit.AutoTests" name="[307] /home/travis/build/icyphy/ptII/ptolemy/actor/lib/test/auto/ReadFile1.xml (RunModel)" time="0.008" />
  <testcase classname="ptolemy.util.test.junit.AutoTests" name="[308] /home/travis/build/icyphy/ptII/ptolemy/actor/lib/test/auto/ReadFile2.xml (RunModel)" time="0.008" />
  <testcase classname="ptolemy.util.test.junit.AutoTests" name="[309] /home/travis/build/icyphy/ptII/ptolemy/actor/lib/test/auto/Reader.xml (RunModel)" time="0.011" />
  <testcase classname="ptolemy.util.test.junit.AutoTests" name="[310] /home/travis/build/icyphy/ptII/ptolemy/actor/lib/test/auto/RecordAssemblerDisplayNameTest.xml (RunModel)" time="3.657" />
  <testcase classname="ptolemy.util.test.junit.AutoTests" name="[311] /home/travis/build/icyphy/ptII/ptolemy/actor/lib/test/auto/RecordAssemblerTypeError.xml (RunModel)" time="0.043" />
  <testcase classname="ptolemy.util.test.junit.AutoTests" name="[312] /home/travis/build/icyphy/ptII/ptolemy/actor/lib/test/auto/RecordDisassember.xml (RunModel)" time="0.021" />
  <testcase classname="ptolemy.util.test.junit.AutoTests" name="[313] /home/travis/build/icyphy/ptII/ptolemy/actor/lib/test/auto/RecordDisassemberDisplayNameTest.xml (RunModel)" time="0.023" />
  <testcase classname="ptolemy.util.test.junit.AutoTests" name="[314] /home/travis/build/icyphy/ptII/ptolemy/actor/lib/test/auto/RecordDisassembler.xml (RunModel)" time="0.016" />
  <testcase classname="ptolemy.util.test.junit.AutoTests" name="[315] /home/travis/build/icyphy/ptII/ptolemy/actor/lib/test/auto/RecordDisassembler2.xml (RunModel)" time="0.02" />
  <testcase classname="ptolemy.util.test.junit.AutoTests" name="[316] /home/travis/build/icyphy/ptII/ptolemy/actor/lib/test/auto/RecordUpdater.xml (RunModel)" time="0.013" />
  <testcase classname="ptolemy.util.test.junit.AutoTests" name="[317] /home/travis/build/icyphy/ptII/ptolemy/actor/lib/test/auto/RecordUpdater2.xml (RunModel)" time="0.009" />
  <testcase classname="ptolemy.util.test.junit.AutoTests" name="[318] /home/travis/build/icyphy/ptII/ptolemy/actor/lib/test/auto/RecursiveLattice.xml (RunModel)" time="0.013" />
  <testcase classname="ptolemy.util.test.junit.AutoTests" name="[319] /home/travis/build/icyphy/ptII/ptolemy/actor/lib/test/auto/Router.xml (RunModel)" time="3.027" />
  <testcase classname="ptolemy.util.test.junit.AutoTests" name="[320] /home/travis/build/icyphy/ptII/ptolemy/actor/lib/test/auto/Router2.xml (RunModel)" time="3.052" />
  <testcase classname="ptolemy.util.test.junit.AutoTests" name="[321] /home/travis/build/icyphy/ptII/ptolemy/actor/lib/test/auto/RunningMaximum.xml (RunModel)" time="0.019" />
  <testcase classname="ptolemy.util.test.junit.AutoTests" name="[322] /home/travis/build/icyphy/ptII/ptolemy/actor/lib/test/auto/RunningMinimum.xml (RunModel)" time="0.022" />
  <testcase classname="ptolemy.util.test.junit.AutoTests" name="[323] /home/travis/build/icyphy/ptII/ptolemy/actor/lib/test/auto/Scale.xml (RunModel)" time="0.009" />
  <testcase classname="ptolemy.util.test.junit.AutoTests" name="[324] /home/travis/build/icyphy/ptII/ptolemy/actor/lib/test/auto/Scale2.xml (RunModel)" time="0.015" />
  <testcase classname="ptolemy.util.test.junit.AutoTests" name="[325] /home/travis/build/icyphy/ptII/ptolemy/actor/lib/test/auto/Scale3.xml (RunModel)" time="0.024" />
  <testcase classname="ptolemy.util.test.junit.AutoTests" name="[326] /home/travis/build/icyphy/ptII/ptolemy/actor/lib/test/auto/ScaleArray.xml (RunModel)" time="0.011" />
  <testcase classname="ptolemy.util.test.junit.AutoTests" name="[327] /home/travis/build/icyphy/ptII/ptolemy/actor/lib/test/auto/ScaleArray2.xml (RunModel)" time="0.008" />
  <testcase classname="ptolemy.util.test.junit.AutoTests" name="[328] /home/travis/build/icyphy/ptII/ptolemy/actor/lib/test/auto/ScaleMatrix.xml (RunModel)" time="0.154" />
  <testcase classname="ptolemy.util.test.junit.AutoTests" name="[329] /home/travis/build/icyphy/ptII/ptolemy/actor/lib/test/auto/Select.xml (RunModel)" time="0.019" />
  <testcase classname="ptolemy.util.test.junit.AutoTests" name="[330] /home/travis/build/icyphy/ptII/ptolemy/actor/lib/test/auto/Select2.xml (RunModel)" time="0.009" />
  <testcase classname="ptolemy.util.test.junit.AutoTests" name="[331] /home/travis/build/icyphy/ptII/ptolemy/actor/lib/test/auto/SequenceToArray2.xml (RunModel)" time="0.159" />
  <testcase classname="ptolemy.util.test.junit.AutoTests" name="[332] /home/travis/build/icyphy/ptII/ptolemy/actor/lib/test/auto/SequentialClock.xml (RunModel)" time="0.01" />
  <testcase classname="ptolemy.util.test.junit.AutoTests" name="[333] /home/travis/build/icyphy/ptII/ptolemy/actor/lib/test/auto/SetVariable.xml (RunModel)" time="0.014" />
  <testcase classname="ptolemy.util.test.junit.AutoTests" name="[334] /home/travis/build/icyphy/ptII/ptolemy/actor/lib/test/auto/SetVariable2.xml (RunModel)" time="0.01" />
  <testcase classname="ptolemy.util.test.junit.AutoTests" name="[335] /home/travis/build/icyphy/ptII/ptolemy/actor/lib/test/auto/SetVariable3.xml (RunModel)" time="0.019" />
  <testcase classname="ptolemy.util.test.junit.AutoTests" name="[336] /home/travis/build/icyphy/ptII/ptolemy/actor/lib/test/auto/SetVariable4.xml (RunModel)" time="0.028" />
  <testcase classname="ptolemy.util.test.junit.AutoTests" name="[337] /home/travis/build/icyphy/ptII/ptolemy/actor/lib/test/auto/SetVariable5.xml (RunModel)" time="0.043" />
  <testcase classname="ptolemy.util.test.junit.AutoTests" name="[338] /home/travis/build/icyphy/ptII/ptolemy/actor/lib/test/auto/Sinewave.xml (RunModel)" time="0.033" />
  <testcase classname="ptolemy.util.test.junit.AutoTests" name="[339] /home/travis/build/icyphy/ptII/ptolemy/actor/lib/test/auto/Sinewave2.xml (RunModel)" time="0.026" />
  <testcase classname="ptolemy.util.test.junit.AutoTests" name="[340] /home/travis/build/icyphy/ptII/ptolemy/actor/lib/test/auto/Sinewave3.xml (RunModel)" time="0.022" />
  <testcase classname="ptolemy.util.test.junit.AutoTests" name="[341] /home/travis/build/icyphy/ptII/ptolemy/actor/lib/test/auto/SingleEvent.xml (RunModel)" time="0.007" />
  <testcase classname="ptolemy.util.test.junit.AutoTests" name="[342] /home/travis/build/icyphy/ptII/ptolemy/actor/lib/test/auto/Sleep.xml (RunModel)" time="6.016" />
  <testcase classname="ptolemy.util.test.junit.AutoTests" name="[343] /home/travis/build/icyphy/ptII/ptolemy/actor/lib/test/auto/SleepMultipleFire.xml (RunModel)" time="1.018" />
  <testcase classname="ptolemy.util.test.junit.AutoTests" name="[344] /home/travis/build/icyphy/ptII/ptolemy/actor/lib/test/auto/StopDE.xml (RunModel)" time="0.011" />
  <testcase classname="ptolemy.util.test.junit.AutoTests" name="[345] /home/travis/build/icyphy/ptII/ptolemy/actor/lib/test/auto/StopSDF.xml (RunModel)" time="0.01" />
  <testcase classname="ptolemy.util.test.junit.AutoTests" name="[346] /home/travis/build/icyphy/ptII/ptolemy/actor/lib/test/auto/StringConstant.xml (RunModel)" time="0.015" />
  <testcase classname="ptolemy.util.test.junit.AutoTests" name="[347] /home/travis/build/icyphy/ptII/ptolemy/actor/lib/test/auto/SubscriberPortInitialValues1.xml (RunModel)" time="0.021" />
  <testcase classname="ptolemy.util.test.junit.AutoTests" name="[348] /home/travis/build/icyphy/ptII/ptolemy/actor/lib/test/auto/SubscriberPortInitialValues13.xml (RunModel)" time="0.027" />
  <testcase classname="ptolemy.util.test.junit.AutoTests" name="[349] /home/travis/build/icyphy/ptII/ptolemy/actor/lib/test/auto/SubscriberPortInitialValues14.xml (RunModel)" time="0.021" />
  <testcase classname="ptolemy.util.test.junit.AutoTests" name="[350] /home/travis/build/icyphy/ptII/ptolemy/actor/lib/test/auto/SubscriberPortInitialValues2.xml (RunModel)" time="0.015" />
  <testcase classname="ptolemy.util.test.junit.AutoTests" name="[351] /home/travis/build/icyphy/ptII/ptolemy/actor/lib/test/auto/SubscriberPortInitialValues3.xml (RunModel)" time="0.028" />
  <testcase classname="ptolemy.util.test.junit.AutoTests" name="[352] /home/travis/build/icyphy/ptII/ptolemy/actor/lib/test/auto/SubscriptionAggregator.xml (RunModel)" time="0.011" />
  <testcase classname="ptolemy.util.test.junit.AutoTests" name="[353] /home/travis/build/icyphy/ptII/ptolemy/actor/lib/test/auto/SubscriptionAggregator2.xml (RunModel)" time="0.011" />
  <testcase classname="ptolemy.util.test.junit.AutoTests" name="[354] /home/travis/build/icyphy/ptII/ptolemy/actor/lib/test/auto/SubscriptionAggregator3.xml (RunModel)" time="0.02" />
  <testcase classname="ptolemy.util.test.junit.AutoTests" name="[355] /home/travis/build/icyphy/ptII/ptolemy/actor/lib/test/auto/SubscriptionAggregatorMultiply.xml (RunModel)" time="0.023" />
  <testcase classname="ptolemy.util.test.junit.AutoTests" name="[356] /home/travis/build/icyphy/ptII/ptolemy/actor/lib/test/auto/SubscriptionAggregatorPortMultiply1.xml (RunModel)" time="0.017" />
  <testcase classname="ptolemy.util.test.junit.AutoTests" name="[357] /home/travis/build/icyphy/ptII/ptolemy/actor/lib/test/auto/Switch.xml (RunModel)" time="0.016" />
  <testcase classname="ptolemy.util.test.junit.AutoTests" name="[358] /home/travis/build/icyphy/ptII/ptolemy/actor/lib/test/auto/Switch2.xml (RunModel)" time="0.016" />
  <testcase classname="ptolemy.util.test.junit.AutoTests" name="[359] /home/travis/build/icyphy/ptII/ptolemy/actor/lib/test/auto/SwitchDE.xml (RunModel)" time="0.016" />
  <testcase classname="ptolemy.util.test.junit.AutoTests" name="[360] /home/travis/build/icyphy/ptII/ptolemy/actor/lib/test/auto/SynchronizerDE.xml (RunModel)" time="0.021" />
  <testcase classname="ptolemy.util.test.junit.AutoTests" name="[361] /home/travis/build/icyphy/ptII/ptolemy/actor/lib/test/auto/Test.xml (RunModel)" time="0.017" />
  <testcase classname="ptolemy.util.test.junit.AutoTests" name="[362] /home/travis/build/icyphy/ptII/ptolemy/actor/lib/test/auto/TestExceptionAttribute1.xml (RunModel)" time="0.008" />
  <testcase classname="ptolemy.util.test.junit.AutoTests" name="[363] /home/travis/build/icyphy/ptII/ptolemy/actor/lib/test/auto/TestExceptionAttribute2.xml (RunModel)" time="0.007" />
  <testcase classname="ptolemy.util.test.junit.AutoTests" name="[364] /home/travis/build/icyphy/ptII/ptolemy/actor/lib/test/auto/TestExceptionAttribute3.xml (RunModel)" time="0.01" />
  <testcase classname="ptolemy.util.test.junit.AutoTests" name="[365] /home/travis/build/icyphy/ptII/ptolemy/actor/lib/test/auto/TestExceptionAttribute4.xml (RunModel)" time="0.006" />
  <testcase classname="ptolemy.util.test.junit.AutoTests" name="[366] /home/travis/build/icyphy/ptII/ptolemy/actor/lib/test/auto/TestExceptionHandler1.xml (RunModel)" time="0.008" />
  <testcase classname="ptolemy.util.test.junit.AutoTests" name="[367] /home/travis/build/icyphy/ptII/ptolemy/actor/lib/test/auto/TestExceptionHandler2.xml (RunModel)" time="0.012" />
  <testcase classname="ptolemy.util.test.junit.AutoTests" name="[368] /home/travis/build/icyphy/ptII/ptolemy/actor/lib/test/auto/TestExceptionHandler3.xml (RunModel)" time="0.005" />
  <testcase classname="ptolemy.util.test.junit.AutoTests" name="[369] /home/travis/build/icyphy/ptII/ptolemy/actor/lib/test/auto/TestExceptionHandler4.xml (RunModel)" time="0.007" />
  <testcase classname="ptolemy.util.test.junit.AutoTests" name="[370] /home/travis/build/icyphy/ptII/ptolemy/actor/lib/test/auto/TestRequireCorrectOrder.xml (RunModel)" time="0.011" />
  <testcase classname="ptolemy.util.test.junit.AutoTests" name="[371] /home/travis/build/icyphy/ptII/ptolemy/actor/lib/test/auto/TestSimple.xml (RunModel)" time="0.006" />
  <testcase classname="ptolemy.util.test.junit.AutoTests" name="[372] /home/travis/build/icyphy/ptII/ptolemy/actor/lib/test/auto/ThrowModelError.xml (RunModel)" time="0.011" />
  <testcase classname="ptolemy.util.test.junit.AutoTests" name="[373] /home/travis/build/icyphy/ptII/ptolemy/actor/lib/test/auto/TimeDelayMicrosteps.xml (RunModel)" time="0.014" />
  <testcase classname="ptolemy.util.test.junit.AutoTests" name="[374] /home/travis/build/icyphy/ptII/ptolemy/actor/lib/test/auto/TimeDelayMicrosteps2.xml (RunModel)" time="0.014" />
  <testcase classname="ptolemy.util.test.junit.AutoTests" name="[375] /home/travis/build/icyphy/ptII/ptolemy/actor/lib/test/auto/TimeDelayMicrosteps3.xml (RunModel)" time="0.012" />
  <testcase classname="ptolemy.util.test.junit.AutoTests" name="[376] /home/travis/build/icyphy/ptII/ptolemy/actor/lib/test/auto/TimeDelayVariableMicrosteps.xml (RunModel)" time="0.011" />
  <testcase classname="ptolemy.util.test.junit.AutoTests" name="[377] /home/travis/build/icyphy/ptII/ptolemy/actor/lib/test/auto/TimeGap.xml (RunModel)" time="0.017" />
  <testcase classname="ptolemy.util.test.junit.AutoTests" name="[378] /home/travis/build/icyphy/ptII/ptolemy/actor/lib/test/auto/TimeGap2.xml (RunModel)" time="0.01" />
  <testcase classname="ptolemy.util.test.junit.AutoTests" name="[379] /home/travis/build/icyphy/ptII/ptolemy/actor/lib/test/auto/TimedSinewave.xml (RunModel)" time="0.045" />
  <testcase classname="ptolemy.util.test.junit.AutoTests" name="[380] /home/travis/build/icyphy/ptII/ptolemy/actor/lib/test/auto/TimedSinewavePhase.xml (RunModel)" time="0.027" />
  <testcase classname="ptolemy.util.test.junit.AutoTests" name="[381] /home/travis/build/icyphy/ptII/ptolemy/actor/lib/test/auto/Timer.xml (RunModel)" time="0.015" />
  <testcase classname="ptolemy.util.test.junit.AutoTests" name="[382] /home/travis/build/icyphy/ptII/ptolemy/actor/lib/test/auto/TriangularDistTestModel.xml (RunModel)" time="0.017" />
  <testcase classname="ptolemy.util.test.junit.AutoTests" name="[383] /home/travis/build/icyphy/ptII/ptolemy/actor/lib/test/auto/TrigFunction.xml (RunModel)" time="0.008" />
  <testcase classname="ptolemy.util.test.junit.AutoTests" name="[384] /home/travis/build/icyphy/ptII/ptolemy/actor/lib/test/auto/TrigFunctionDE.xml (RunModel)" time="0.01" />
  <testcase classname="ptolemy.util.test.junit.AutoTests" name="[385] /home/travis/build/icyphy/ptII/ptolemy/actor/lib/test/auto/TrigFunctionInverse.xml (RunModel)" time="0.009" />
  <testcase classname="ptolemy.util.test.junit.AutoTests" name="[386] /home/travis/build/icyphy/ptII/ptolemy/actor/lib/test/auto/TrigFunctionTan.xml (RunModel)" time="0.007" />
  <testcase classname="ptolemy.util.test.junit.AutoTests" name="[387] /home/travis/build/icyphy/ptII/ptolemy/actor/lib/test/auto/TriggeredClock.xml (RunModel)" time="0.01" />
  <testcase classname="ptolemy.util.test.junit.AutoTests" name="[388] /home/travis/build/icyphy/ptII/ptolemy/actor/lib/test/auto/URLDirectoryReader.xml (RunModel)" time="0.082" />
  <testcase classname="ptolemy.util.test.junit.AutoTests" name="[389] /home/travis/build/icyphy/ptII/ptolemy/actor/lib/test/auto/URLDirectoryReader3.xml (RunModel)" time="1.734" />
  <testcase classname="ptolemy.util.test.junit.AutoTests" name="[390] /home/travis/build/icyphy/ptII/ptolemy/actor/lib/test/auto/UnaryMathFunction.xml (RunModel)" time="0.039" />
  <testcase classname="ptolemy.util.test.junit.AutoTests" name="[391] /home/travis/build/icyphy/ptII/ptolemy/actor/lib/test/auto/Uniform.xml (RunModel)" time="0.017" />
  <testcase classname="ptolemy.util.test.junit.AutoTests" name="[392] /home/travis/build/icyphy/ptII/ptolemy/actor/lib/test/auto/UnionDisassemblerTest.xml (RunModel)" time="0.021" />
  <testcase classname="ptolemy.util.test.junit.AutoTests" name="[393] /home/travis/build/icyphy/ptII/ptolemy/actor/lib/test/auto/UtilityFunctions.xml (RunModel)" time="0.013" />
  <testcase classname="ptolemy.util.test.junit.AutoTests" name="[394] /home/travis/build/icyphy/ptII/ptolemy/actor/lib/test/auto/VariableSleep.xml (RunModel)" time="0.513" />
  <testcase classname="ptolemy.util.test.junit.AutoTests" name="[395] /home/travis/build/icyphy/ptII/ptolemy/actor/lib/test/auto/VectorAssemblerDisassemblerCT.xml (RunModel)" time="0.116" />
  <testcase classname="ptolemy.util.test.junit.AutoTests" name="[396] /home/travis/build/icyphy/ptII/ptolemy/actor/lib/test/auto/VectorAssemblerDisassemblerDE.xml (RunModel)" time="0.013" />
  <testcase classname="ptolemy.util.test.junit.AutoTests" name="[397] /home/travis/build/icyphy/ptII/ptolemy/actor/lib/test/auto/VectorAssemblerDisassemblerSDF.xml (RunModel)" time="0.014" />
  <testcase classname="ptolemy.util.test.junit.AutoTests" name="[398] /home/travis/build/icyphy/ptII/ptolemy/actor/lib/test/auto/WallClockTime.xml (RunModel)" time="1.011" />
  <testcase classname="ptolemy.util.test.junit.AutoTests" name="[399] /home/travis/build/icyphy/ptII/ptolemy/actor/lib/test/auto/WidthTestWithSubscriberPublisher.xml (RunModel)" time="0.04" />
  <testcase classname="ptolemy.util.test.junit.AutoTests" name="[400] /home/travis/build/icyphy/ptII/ptolemy/actor/lib/test/auto/WidthTestWithSubscriberPublisher2.xml (RunModel)" time="0.014" />
  <testcase classname="ptolemy.util.test.junit.AutoTests" name="[401] /home/travis/build/icyphy/ptII/ptolemy/actor/lib/test/auto/WidthTestWithSubscriberPublisher3.xml (RunModel)" time="0.012" />
  <testcase classname="ptolemy.util.test.junit.AutoTests" name="[402] /home/travis/build/icyphy/ptII/ptolemy/actor/lib/test/auto/Writer.xml (RunModel)" time="0.009" />
  <testcase classname="ptolemy.util.test.junit.AutoTests" name="[403] /home/travis/build/icyphy/ptII/ptolemy/actor/lib/test/auto/array.xml (RunModel)" time="0.01" />
  <testcase classname="ptolemy.util.test.junit.AutoTests" name="[404] /home/travis/build/icyphy/ptII/ptolemy/actor/lib/test/auto/array2.xml (RunModel)" time="0.01" />
  <testcase classname="ptolemy.util.test.junit.AutoTests" name="[405] /home/travis/build/icyphy/ptII/ptolemy/actor/lib/test/auto/arrayType.xml (RunModel)" time="0.011" />
  <testcase classname="ptolemy.util.test.junit.AutoTests" name="[406] /home/travis/build/icyphy/ptII/ptolemy/actor/lib/test/auto/arrayType10.xml (RunModel)" time="0.009" />
  <testcase classname="ptolemy.util.test.junit.AutoTests" name="[407] /home/travis/build/icyphy/ptII/ptolemy/actor/lib/test/auto/arrayType11.xml (RunModel)" time="0.008" />
  <testcase classname="ptolemy.util.test.junit.AutoTests" name="[408] /home/travis/build/icyphy/ptII/ptolemy/actor/lib/test/auto/arrayType12.xml (RunModel)" time="0.009" />
  <testcase classname="ptolemy.util.test.junit.AutoTests" name="[409] /home/travis/build/icyphy/ptII/ptolemy/actor/lib/test/auto/arrayType13.xml (RunModel)" time="0.008" />
  <testcase classname="ptolemy.util.test.junit.AutoTests" name="[410] /home/travis/build/icyphy/ptII/ptolemy/actor/lib/test/auto/arrayType14.xml (RunModel)" time="0.009" />
  <testcase classname="ptolemy.util.test.junit.AutoTests" name="[411] /home/travis/build/icyphy/ptII/ptolemy/actor/lib/test/auto/arrayType15.xml (RunModel)" time="0.021" />
  <testcase classname="ptolemy.util.test.junit.AutoTests" name="[412] /home/travis/build/icyphy/ptII/ptolemy/actor/lib/test/auto/arrayType16.xml (RunModel)" time="0.01" />
  <testcase classname="ptolemy.util.test.junit.AutoTests" name="[413] /home/travis/build/icyphy/ptII/ptolemy/actor/lib/test/auto/arrayType17.xml (RunModel)" time="0.028" />
  <testcase classname="ptolemy.util.test.junit.AutoTests" name="[414] /home/travis/build/icyphy/ptII/ptolemy/actor/lib/test/auto/arrayType18.xml (RunModel)" time="0.031" />
  <testcase classname="ptolemy.util.test.junit.AutoTests" name="[415] /home/travis/build/icyphy/ptII/ptolemy/actor/lib/test/auto/arrayType19.xml (RunModel)" time="0.021" />
  <testcase classname="ptolemy.util.test.junit.AutoTests" name="[416] /home/travis/build/icyphy/ptII/ptolemy/actor/lib/test/auto/arrayType2.xml (RunModel)" time="0.009" />
  <testcase classname="ptolemy.util.test.junit.AutoTests" name="[417] /home/travis/build/icyphy/ptII/ptolemy/actor/lib/test/auto/arrayType20.xml (RunModel)" time="0.009" />
  <testcase classname="ptolemy.util.test.junit.AutoTests" name="[418] /home/travis/build/icyphy/ptII/ptolemy/actor/lib/test/auto/arrayType21.xml (RunModel)" time="0.008" />
  <testcase classname="ptolemy.util.test.junit.AutoTests" name="[419] /home/travis/build/icyphy/ptII/ptolemy/actor/lib/test/auto/arrayType22.xml (RunModel)" time="0.008" />
  <testcase classname="ptolemy.util.test.junit.AutoTests" name="[420] /home/travis/build/icyphy/ptII/ptolemy/actor/lib/test/auto/arrayType23.xml (RunModel)" time="0.008" />
  <testcase classname="ptolemy.util.test.junit.AutoTests" name="[421] /home/travis/build/icyphy/ptII/ptolemy/actor/lib/test/auto/arrayType24.xml (RunModel)" time="0.009" />
  <testcase classname="ptolemy.util.test.junit.AutoTests" name="[422] /home/travis/build/icyphy/ptII/ptolemy/actor/lib/test/auto/arrayType25.xml (RunModel)" time="0.008" />
  <testcase classname="ptolemy.util.test.junit.AutoTests" name="[423] /home/travis/build/icyphy/ptII/ptolemy/actor/lib/test/auto/arrayType26.xml (RunModel)" time="0.04" />
  <testcase classname="ptolemy.util.test.junit.AutoTests" name="[424] /home/travis/build/icyphy/ptII/ptolemy/actor/lib/test/auto/arrayType27.xml (RunModel)" time="0.038" />
  <testcase classname="ptolemy.util.test.junit.AutoTests" name="[425] /home/travis/build/icyphy/ptII/ptolemy/actor/lib/test/auto/arrayType28.xml (RunModel)" time="0.031" />
  <testcase classname="ptolemy.util.test.junit.AutoTests" name="[426] /home/travis/build/icyphy/ptII/ptolemy/actor/lib/test/auto/arrayType3.xml (RunModel)" time="0.019" />
  <testcase classname="ptolemy.util.test.junit.AutoTests" name="[427] /home/travis/build/icyphy/ptII/ptolemy/actor/lib/test/auto/arrayType4.xml (RunModel)" time="0.008" />
  <testcase classname="ptolemy.util.test.junit.AutoTests" name="[428] /home/travis/build/icyphy/ptII/ptolemy/actor/lib/test/auto/arrayType5.xml (RunModel)" time="0.008" />
  <testcase classname="ptolemy.util.test.junit.AutoTests" name="[429] /home/travis/build/icyphy/ptII/ptolemy/actor/lib/test/auto/arrayType6.xml (RunModel)" time="0.007" />
  <testcase classname="ptolemy.util.test.junit.AutoTests" name="[430] /home/travis/build/icyphy/ptII/ptolemy/actor/lib/test/auto/arrayType7.xml (RunModel)" time="0.022" />
  <testcase classname="ptolemy.util.test.junit.AutoTests" name="[431] /home/travis/build/icyphy/ptII/ptolemy/actor/lib/test/auto/arrayType8.xml (RunModel)" time="0.009" />
  <testcase classname="ptolemy.util.test.junit.AutoTests" name="[432] /home/travis/build/icyphy/ptII/ptolemy/actor/lib/test/auto/arrayType9.xml (RunModel)" time="0.008" />
  <testcase classname="ptolemy.util.test.junit.AutoTests" name="[433] /home/travis/build/icyphy/ptII/ptolemy/actor/lib/test/auto/cast.xml (RunModel)" time="0.009" />
  <testcase classname="ptolemy.util.test.junit.AutoTests" name="[434] /home/travis/build/icyphy/ptII/ptolemy/actor/lib/test/auto/compositeMultiPort.xml (RunModel)" time="0.015" />
  <testcase classname="ptolemy.util.test.junit.AutoTests" name="[435] /home/travis/build/icyphy/ptII/ptolemy/actor/lib/test/auto/expressionCastInference.xml (RunModel)" time="0.009" />
  <testcase classname="ptolemy.util.test.junit.AutoTests" name="[436] /home/travis/build/icyphy/ptII/ptolemy/actor/lib/test/auto/expressionCastInference2.xml (RunModel)" time="0.007" />
  <testcase classname="ptolemy.util.test.junit.AutoTests" name="[437] /home/travis/build/icyphy/ptII/ptolemy/actor/lib/test/auto/expressionInference.xml (RunModel)" time="0.008" />
  <testcase classname="ptolemy.util.test.junit.AutoTests" name="[438] /home/travis/build/icyphy/ptII/ptolemy/actor/lib/test/auto/expression_bug.xml (RunModel)" time="0.008" />
  <testcase classname="ptolemy.util.test.junit.AutoTests" name="[439] /home/travis/build/icyphy/ptII/ptolemy/actor/lib/test/auto/factorial.xml (RunModel)" time="0.06" />
  <testcase classname="ptolemy.util.test.junit.AutoTests" name="[440] /home/travis/build/icyphy/ptII/ptolemy/actor/lib/test/auto/filterTest1.xml (RunModel)" time="0.016" />
  <testcase classname="ptolemy.util.test.junit.AutoTests" name="[441] /home/travis/build/icyphy/ptII/ptolemy/actor/lib/test/auto/funcApplyInConst.xml (RunModel)" time="0.007" />
  <testcase classname="ptolemy.util.test.junit.AutoTests" name="[442] /home/travis/build/icyphy/ptII/ptolemy/actor/lib/test/auto/funcApplyInExpr.xml (RunModel)" time="0.007" />
  <testcase classname="ptolemy.util.test.junit.AutoTests" name="[443] /home/travis/build/icyphy/ptII/ptolemy/actor/lib/test/auto/function.xml (RunModel)" time="0.027" />
  <testcase classname="ptolemy.util.test.junit.AutoTests" name="[444] /home/travis/build/icyphy/ptII/ptolemy/actor/lib/test/auto/function2.xml (RunModel)" time="0.009" />
  <testcase classname="ptolemy.util.test.junit.AutoTests" name="[445] /home/travis/build/icyphy/ptII/ptolemy/actor/lib/test/auto/function3.xml (RunModel)" time="0.007" />
  <testcase classname="ptolemy.util.test.junit.AutoTests" name="[446] /home/travis/build/icyphy/ptII/ptolemy/actor/lib/test/auto/functionClosureTest1.xml (RunModel)" time="0.01" />
  <testcase classname="ptolemy.util.test.junit.AutoTests" name="[447] /home/travis/build/icyphy/ptII/ptolemy/actor/lib/test/auto/functionClosureTest2.xml (RunModel)" time="0.006" />
  <testcase classname="ptolemy.util.test.junit.AutoTests" name="[448] /home/travis/build/icyphy/ptII/ptolemy/actor/lib/test/auto/functionClosureTest3.xml (RunModel)" time="0.013" />
  <testcase classname="ptolemy.util.test.junit.AutoTests" name="[449] /home/travis/build/icyphy/ptII/ptolemy/actor/lib/test/auto/functionClosureTest4.xml (RunModel)" time="0.015" />
  <testcase classname="ptolemy.util.test.junit.AutoTests" name="[450] /home/travis/build/icyphy/ptII/ptolemy/actor/lib/test/auto/functionClosureTest5.xml (RunModel)" time="0.012" />
  <testcase classname="ptolemy.util.test.junit.AutoTests" name="[451] /home/travis/build/icyphy/ptII/ptolemy/actor/lib/test/auto/functionClosureTest6.xml (RunModel)" time="0.008" />
  <testcase classname="ptolemy.util.test.junit.AutoTests" name="[452] /home/travis/build/icyphy/ptII/ptolemy/actor/lib/test/auto/functionsOnArcs.xml (RunModel)" time="0.009" />
  <testcase classname="ptolemy.util.test.junit.AutoTests" name="[453] /home/travis/build/icyphy/ptII/ptolemy/actor/lib/test/auto/functionsOnArcsHOF.xml (RunModel)" time="0.014" />
  <testcase classname="ptolemy.util.test.junit.AutoTests" name="[454] /home/travis/build/icyphy/ptII/ptolemy/actor/lib/test/auto/logic.xml (RunModel)" time="0.017" />
  <testcase classname="ptolemy.util.test.junit.AutoTests" name="[455] /home/travis/build/icyphy/ptII/ptolemy/actor/lib/test/auto/matrixType.xml (RunModel)" time="0.009" />
  <testcase classname="ptolemy.util.test.junit.AutoTests" name="[456] /home/travis/build/icyphy/ptII/ptolemy/actor/lib/test/auto/matrixType10.xml (RunModel)" time="0.009" />
  <testcase classname="ptolemy.util.test.junit.AutoTests" name="[457] /home/travis/build/icyphy/ptII/ptolemy/actor/lib/test/auto/matrixType11.xml (RunModel)" time="0.008" />
  <testcase classname="ptolemy.util.test.junit.AutoTests" name="[458] /home/travis/build/icyphy/ptII/ptolemy/actor/lib/test/auto/matrixType12.xml (RunModel)" time="0.009" />
  <testcase classname="ptolemy.util.test.junit.AutoTests" name="[459] /home/travis/build/icyphy/ptII/ptolemy/actor/lib/test/auto/matrixType13.xml (RunModel)" time="0.008" />
  <testcase classname="ptolemy.util.test.junit.AutoTests" name="[460] /home/travis/build/icyphy/ptII/ptolemy/actor/lib/test/auto/matrixType14.xml (RunModel)" time="0.009" />
  <testcase classname="ptolemy.util.test.junit.AutoTests" name="[461] /home/travis/build/icyphy/ptII/ptolemy/actor/lib/test/auto/matrixType2.xml (RunModel)" time="0.007" />
  <testcase classname="ptolemy.util.test.junit.AutoTests" name="[462] /home/travis/build/icyphy/ptII/ptolemy/actor/lib/test/auto/matrixType3.xml (RunModel)" time="0.01" />
  <testcase classname="ptolemy.util.test.junit.AutoTests" name="[463] /home/travis/build/icyphy/ptII/ptolemy/actor/lib/test/auto/matrixType4.xml (RunModel)" time="0.007" />
  <testcase classname="ptolemy.util.test.junit.AutoTests" name="[464] /home/travis/build/icyphy/ptII/ptolemy/actor/lib/test/auto/matrixType5.xml (RunModel)" time="0.008" />
  <testcase classname="ptolemy.util.test.junit.AutoTests" name="[465] /home/travis/build/icyphy/ptII/ptolemy/actor/lib/test/auto/matrixType6.xml (RunModel)" time="0.008" />
  <testcase classname="ptolemy.util.test.junit.AutoTests" name="[466] /home/travis/build/icyphy/ptII/ptolemy/actor/lib/test/auto/matrixType7.xml (RunModel)" time="0.008" />
  <testcase classname="ptolemy.util.test.junit.AutoTests" name="[467] /home/travis/build/icyphy/ptII/ptolemy/actor/lib/test/auto/matrixType8.xml (RunModel)" time="0.008" />
  <testcase classname="ptolemy.util.test.junit.AutoTests" name="[468] /home/travis/build/icyphy/ptII/ptolemy/actor/lib/test/auto/matrixType9.xml (RunModel)" time="0.008" />
  <testcase classname="ptolemy.util.test.junit.AutoTests" name="[469] /home/travis/build/icyphy/ptII/ptolemy/actor/lib/test/auto/paraFunctest.xml (RunModel)" time="0.007" />
  <testcase classname="ptolemy.util.test.junit.AutoTests" name="[470] /home/travis/build/icyphy/ptII/ptolemy/actor/lib/test/auto/paraFunctest2.xml (RunModel)" time="0.012" />
  <testcase classname="ptolemy.util.test.junit.AutoTests" name="[471] /home/travis/build/icyphy/ptII/ptolemy/actor/lib/test/auto/parameterPassing.xml (RunModel)" time="0.008" />
  <testcase classname="ptolemy.util.test.junit.AutoTests" name="[472] /home/travis/build/icyphy/ptII/ptolemy/actor/lib/test/auto/record.xml (RunModel)" time="0.008" />
  <testcase classname="ptolemy.util.test.junit.AutoTests" name="[473] /home/travis/build/icyphy/ptII/ptolemy/actor/lib/test/auto/sizedarray1.xml (RunModel)" time="0.01" />
  <testcase classname="ptolemy.util.test.junit.AutoTests" name="[474] /home/travis/build/icyphy/ptII/ptolemy/actor/lib/test/auto/sizedarray2.xml (RunModel)" time="0.017" />
  <testcase classname="ptolemy.util.test.junit.AutoTests" name="[475] /home/travis/build/icyphy/ptII/ptolemy/actor/lib/test/auto/twoPublishers.xml (RunModel)" time="0.026" />
  <system-out><![CDATA[/home/travis/build/icyphy/ptII/ptolemy/actor/lib/test/AbsoluteValue.tcl
testDefs.tcl: setting time out to 9000 seconds at Mon Feb 17 23:40:20 UTC 2020
108 ms. Memory: 129024K Free: 93128K (72%)
9 ms. Memory: 129024K Free: 91080K (71%)
5 ms. Memory: 129024K Free: 90559K (70%)
4 ms. Memory: 129024K Free: 89527K (69%)
/home/travis/build/icyphy/ptII/ptolemy/actor/lib/test/AddSubtract.tcl
14 ms. Memory: 129024K Free: 87494K (68%)
6 ms. Memory: 129024K Free: 86984K (67%)
6 ms. Memory: 129024K Free: 85960K (67%)
17 ms. Memory: 129024K Free: 85439K (66%)
68 ms. Memory: 129024K Free: 82374K (64%)
6 ms. Memory: 129024K Free: 81350K (63%)
/home/travis/build/icyphy/ptII/ptolemy/actor/lib/test/Average.tcl
14 ms. Memory: 129024K Free: 79816K (62%)
7 ms. Memory: 129024K Free: 78792K (61%)
/home/travis/build/icyphy/ptII/ptolemy/actor/lib/test/Bernoulli.tcl
17 ms. Memory: 129024K Free: 77239K (60%)
2 ms. Memory: 129024K Free: 76744K (59%)
/home/travis/build/icyphy/ptII/ptolemy/actor/lib/test/Clock.tcl
preinitializing
resolving types
initializing
executing number 1
wrapping up
idle
43 ms. Memory: 129024K Free: 74182K (57%)
Completed execution with 5 iterations
preinitializing
resolving types
initializing
executing number 1
wrapping up
idle
9 ms. Memory: 129024K Free: 73127K (57%)
Completed execution with 5 iterations
preinitializing
resolving types
initializing
executing number 1
wrapping up
idle
9 ms. Memory: 129024K Free: 72648K (56%)
Completed execution with 5 iterations
/home/travis/build/icyphy/ptII/ptolemy/actor/lib/test/Commutator.tcl
17 ms. Memory: 129024K Free: 70600K (55%)
17 ms. Memory: 129024K Free: 69576K (54%)
8 ms. Memory: 129024K Free: 63927K (50%)
/home/travis/build/icyphy/ptII/ptolemy/actor/lib/test/Const.tcl
4 ms. Memory: 129024K Free: 62408K (48%)
2 ms. Memory: 129024K Free: 61863K (48%)
3 ms. Memory: 129024K Free: 61384K (48%)
3 ms. Memory: 129024K Free: 60839K (47%)
2 ms. Memory: 129024K Free: 60360K (47%)
12 ms. Memory: 129024K Free: 58822K (46%)
4 ms. Memory: 129024K Free: 57791K (45%)
3 ms. Memory: 129024K Free: 56759K (44%)
/home/travis/build/icyphy/ptII/ptolemy/actor/lib/test/CurrentTime.tcl
preinitializing
resolving types
initializing
executing number 1
wrapping up
idle
8 ms. Memory: 129024K Free: 54726K (42%)
Completed execution with 11 iterations
/home/travis/build/icyphy/ptII/ptolemy/actor/lib/test/DB.tcl
4 ms. Memory: 129024K Free: 53192K (41%)
7 ms. Memory: 129024K Free: 52678K (41%)
5 ms. Memory: 129024K Free: 52168K (40%)
/home/travis/build/icyphy/ptII/ptolemy/actor/lib/test/DiscreteRandomSource.tcl
preinitializing
resolving types
initializing
executing number 1
wrapping up
idle
4 ms. Memory: 129024K Free: 50630K (39%)
Completed execution with 4 iterations
preinitializing
resolving types
initializing
executing number 1
wrapping up
idle
3 ms. Memory: 129024K Free: 50120K (39%)
Completed execution with 4 iterations
preinitializing
resolving types
initializing
executing number 1
wrapping up
idle
3 ms. Memory: 129024K Free: 49575K (38%)
Completed execution with 4 iterations
preinitializing
resolving types
initializing
executing number 1
wrapping up
idle
3 ms. Memory: 129024K Free: 49096K (38%)
Completed execution with 4 iterations
preinitializing
resolving types
initializing
executing number 1
wrapping up
idle
5 ms. Memory: 129024K Free: 48567K (38%)
Completed execution with 4 iterations
/home/travis/build/icyphy/ptII/ptolemy/actor/lib/test/Distributor.tcl
5 ms. Memory: 129024K Free: 113256K (88%)
3 ms. Memory: 129024K Free: 112699K (87%)
StreamChangeRequest.changeExecuted(): <deleteEntity name="rec2"/> succeeded
StreamChangeRequest.changeExecuted(): <deleteRelation name="r2"/> succeeded
StreamChangeRequest.changeExecuted(): Record firings per iteration succeeded
5 ms. Memory: 129024K Free: 110155K (85%)
/home/travis/build/icyphy/ptII/ptolemy/actor/lib/test/Exit.tcl
Exit.tcl: this will print a message about Manager.exitAfterWrapup, which can be ignored.
14 ms. Memory: 129024K Free: 107086K (83%)
/home/travis/build/icyphy/ptII/ptolemy/actor/lib/test/Expression.tcl
24 ms. Memory: 129024K Free: 103576K (80%)
9 ms. Memory: 129024K Free: 103017K (80%)
10 ms. Memory: 129024K Free: 102459K (79%)
preinitializing
resolving types
initializing
executing number 1
wrapping up
idle
7 ms. Memory: 129024K Free: 100955K (78%)
Completed execution with 6 iterations
3 ms. Memory: 129024K Free: 99945K (77%)
3 ms. Memory: 129024K Free: 99473K (77%)
9 ms. Memory: 129024K Free: 97897K (76%)
5 ms. Memory: 129024K Free: 96842K (75%)
8 ms. Memory: 129024K Free: 95339K (74%)
/home/travis/build/icyphy/ptII/ptolemy/actor/lib/test/Gaussian.tcl
6 ms. Memory: 129024K Free: 93763K (73%)
sleeping 1 seconds: .....................................................................................................................................................................................................................................................................................................................................................................................................................................................................................................................................................................................................................................................................................................................................................................................................................................................................................................................................................................................................................................................................................................................................................................................................................................................................................................................................................................................................................................................................................................................................................................................................................................................................................................................................................................................................................................................................................................................................................................................................................................................................................................................................................................................................................................................................................................................................................................................................................................................................................................................................................................................................................................................................................................................................................................................................................................................................................................................................................................................................................................................................................................................................................................................................................................................................................................................................................................................................................................................................................................................................................................................................................................................................................................................................................................................................................................................................................................................................................................................................................................................................................................................................................................................................................................................................................................................................................................................................................................................................................................................................................................................................................................................................................................................................................................................................................................................................................................................................................................................................................................................................................................................................................................................................................................................................................................................................................................................................................................................................................................................................................................................................................................................................................................................................................................................................................................................................................................................................................................................................................................................................................................................................................................................................................................................................................................................................................................................................................................................................................................................................................................................................................................................................................................................................................................................................................................................................................................................................................................................................................................................................................................................................................................................................................................................................................................................................................................................................................................................................................................................................................................................................................................................................................................................................................................................................................................................................................................................................................................................................................................................................................................................................................................................................................................................................................................................................................................................................................................................................................................................................................................................................................................................................................................................................................................................................................................................................................................................................................................................................................................................................................................................................................................................................................................................................................................................................................................................................................................................................................................................................................................................................................................................................................................................................................................................................................................................................................................................................................................................................................................................................................................................................................................................................................................................................................................................................................................................................................................................................................................................................................................................................................................................................................................................................................................................................................................................................................................................................................................................................................................................................................................................................................................................................................................................................................................................................................................................................................................................................................................................................................................................................................................................................................................................................................................................................................................................................................................................................................................................................................................................................................................................................................................................................................................................................................................................................................................................................................................................................................................................................................................................................................................................................................................................................................................................................................................................................................................................................................................................................................................................................................................................................................................................................................................................................................................................................................................................................................................................................................................................................................................................................................................................................................................................................................................................................................................................................................................................................................................................................................................................................................................................................................................................................................................................................................................................................................................................................................................................................................................................................................................................................................................................................................................................................................................................................................................................................................................................................................................................................................................................................................................................................................................................................................................................................................................................................................................................................................................................................................................................................................................................................................................................................................................................................................................................................................................................................................................................................................................................................................................................................................................................................................................................................................................................................................................................................................................................................................................................................................................................................................................................................................................................................................................................................................................................................................................................................................................................................................................................................................................................................................................................................................................................................................................................................................................................................................................................................................................................................................................................................................................................................................................................................................................................................................................................................................................................................................................................................................................................................................................................................................................................................................................................................................................................................................................................................................................................................................................................................................................................................................................................................................................................................................................................................................................................................................................................................................................................................................................................................................................................................................................................................................................................................................................................................................................................................................................................................................................................................................................................................................................................................................................................................................................................................................................................................................................................................................................................................................................................................................................................................................................................................................................................................................................................................................................................................................................................................................................................................................................................................................................................................................................................................................................................................................................................................................................................................................................................................................................................................................................................................................................................................................................................................................................................................................................................................................................................................................................................................................................................................................................................................................................................................................................................................................................................................................................................................................................................................................................................................................................................................................................................................................................................................................................................................................................................................................................................................................................................................................................................................................................................................................................................................................................................................................................................................................................................................................................................................................................................................................................................................................................................................................................................................................................................................................................................................................................................................................................................................................................................................................................................................................................................................................................................................................................................................................................................................................................................................................................................................................................................................................................................................................................................................................................................................................................................................................................................................................................................................................................................................................................................................................................................................................................................................................................................................................................................................................................................................................................................................................................................................................................................................................................................................................................................................................................................................................................................................................................................................................................................................................................................................................................................................................................................................................................................................................................................................................................................................................................................................................................................................................................................................................................................................................................................................................................................................................................................................................................................................................................................................................................................................................................................................................................................................................................................................................................................................................................................................................................................................................................................................................................................................................................................................................................................................................................................................................................................................................................................................................................................................................................................................................................................................................................................................................................................................................................................................................................................................................................................................................................................................................................................................................................................................................................................................................................................................................................................................................................................................................................................................................................................................................................................................................................................................................................................................................................................................................................................................................................................................................................................................................................................................................................................................................................................................................................................................................................................................................................................................................................................................................................................................................................................................................................................................................................................................................................................................................................................................................................................................................................................................................................................................................................................................................................................................................................................................................................................................................................................................................................................................................................................................................................................................................................................................................................................................................................................................................................................................................................................................................................................................................................................................................................................................................................................................................................................................................................................................................................................................................................................................................................................................................................................................................................................................................................................................................................................................................................................................................................................................................................................................................................................................................................................................................................................................................................................................................................................................................................................................................................................................................................................................................................................................................................................................................................................................................................................................................................................................................................................................................................................................................................................................................................................................................................................................................................................................................................................................................................................................................................................................................................................................................................................................................................................................................................................................................................................................................................................................................................................................................................................................................................................................................................................................................................................................................................................................................................................................................................................................................................................................................................................................................................................................................................................................................................................................................................................................................................................................................................................................................................................................................................................................................................................................................................................................................................................................................................................................................................................................................................................................................................................................................................................................................................................................................................................................................................................................................................................................................................................................................................................................................................................................................3 ms. Memory: 129024K Free: 58447K (45%)
2 ms. Memory: 129024K Free: 57423K (45%)
2 ms. Memory: 129024K Free: 56895K (44%)
4 ms. Memory: 129024K Free: 56397K (44%)
3 ms. Memory: 129024K Free: 55885K (43%)
/home/travis/build/icyphy/ptII/ptolemy/actor/lib/test/IIR.tcl
/home/travis/build/icyphy/ptII/ptolemy/actor/lib/test/Interpolator.tcl
4 ms. Memory: 129024K Free: 52303K (41%)
2 ms. Memory: 129024K Free: 112463K (87%)
1 ms. Memory: 129024K Free: 111935K (87%)
2 ms. Memory: 129024K Free: 111439K (86%)
3 ms. Memory: 129024K Free: 110415K (86%)
2 ms. Memory: 129024K Free: 109901K (85%)
2 ms. Memory: 129024K Free: 108847K (84%)
2 ms. Memory: 129024K Free: 107839K (84%)
2 ms. Memory: 129024K Free: 107343K (83%)
2 ms. Memory: 129024K Free: 106319K (82%)
/home/travis/build/icyphy/ptII/ptolemy/actor/lib/test/MathFunction.tcl
4 ms. Memory: 129024K Free: 104271K (81%)
2 ms. Memory: 129024K Free: 103247K (80%)
2 ms. Memory: 129024K Free: 102223K (79%)
2 ms. Memory: 129024K Free: 101199K (78%)
4 ms. Memory: 129024K Free: 99661K (77%)
6 ms. Memory: 129024K Free: 98127K (76%)
/home/travis/build/icyphy/ptII/ptolemy/actor/lib/test/Maximum.tcl
5 ms. Memory: 129024K Free: 96079K (74%)
2 ms. Memory: 129024K Free: 95055K (74%)
2 ms. Memory: 129024K Free: 94527K (73%)
2 ms. Memory: 129024K Free: 94031K (73%)
/home/travis/build/icyphy/ptII/ptolemy/actor/lib/test/Minimum.tcl
3 ms. Memory: 129024K Free: 92479K (72%)
1 ms. Memory: 129024K Free: 91469K (71%)
1 ms. Memory: 129024K Free: 90959K (70%)
1 ms. Memory: 129024K Free: 90445K (70%)
/home/travis/build/icyphy/ptII/ptolemy/actor/lib/test/MultiplyDivide.tcl
4 ms. Memory: 129024K Free: 88367K (68%)
3 ms. Memory: 129024K Free: 87885K (68%)
2 ms. Memory: 129024K Free: 86863K (67%)
3 ms. Memory: 129024K Free: 86335K (67%)
3 ms. Memory: 129024K Free: 85325K (66%)
/home/travis/build/icyphy/ptII/ptolemy/actor/lib/test/OrderedMerge.tcl
Connections changed on port: inputA
Connections changed on port: inputB
Connections changed on port: output
Connections changed on port: output
Connections changed on port: output
Connections changed on port: input
.top. Preinitializing ...
Invoking preinitialize():  .top.OrderedMerge
Called preinitialize()
Invoking preinitialize():  .top.Ramp
Called preinitialize()
Invoking preinitialize():  .top.Ramp2
Called preinitialize()
Invoking preinitialize():  .top.Test
Called preinitialize()
Connections changed on port: inputA
Connections changed on port: output
Connections changed on port: output
Connections changed on port: input
Connections changed on port: inputB
Connections changed on port: output
.top. Finished preinitialize().
Called initialize().
Invoking initialize():  .top.OrderedMerge
Initializing actor: .top.OrderedMerge
Adding a thread: .top.OrderedMerge
Invoking initialize():  .top.Ramp
Initializing actor: .top.Ramp
Adding a thread: .top.Ramp
Invoking initialize():  .top.Ramp2
Initializing actor: .top.Ramp2
Adding a thread: .top.Ramp2
Invoking initialize():  .top.Test
Initializing actor: .top.Test
Adding a thread: .top.Test
Called fire().
Checking for deadlock:
-- Starting thread.
Called initialize()
Called prefire()
Called fire()
-- Starting thread.
Called initialize()
-- Starting thread.
Called initialize()
Called prefire()
Called prefire()
Called fire()
Called fire()
-- Starting thread.
Called initialize()
Called prefire()
Called fire()
There are 0 Blocked actors, 0 Stopped actors, and 4 active threads.
Waiting for actors to stop.
Checking for deadlock:
There are 1 Blocked actors, 0 Stopped actors, and 4 active threads.
Waiting for actors to stop.
Called postfire()
Called postfire()
Called prefire()
Called prefire()
Called fire()
Called fire()
Checking for deadlock:
There are 1 Blocked actors, 0 Stopped actors, and 4 active threads.
Waiting for actors to stop.
Called postfire()
Called prefire()
Called fire()
Read input token from inputA with value 0.0
Next port to read input from is inputB
Called postfire()
Called prefire()
Called fire()
Checking for deadlock:
There are 3 Blocked actors, 0 Stopped actors, and 4 active threads.
Waiting for actors to stop.
Called postfire()
Called prefire()
Called fire()
Read input token from inputB with value 0.0
Sent output token with value 0.0
Next port to read input from is inputA
Called postfire()
Called prefire()
Called fire()
Read input token from inputA with value 1.0
Checking for deadlock:
There are 2 Blocked actors, 0 Stopped actors, and 4 active threads.
Waiting for actors to stop.
Called postfire()
Called prefire()
Called fire()
-- Read input: 0.0, which is expected to match: 0.0
Called prefire()
Called fire()
Sent output token with value 0.0
Next port to read input from is inputB
Called postfire()
Called prefire()
Called fire()
Read input token from inputB with value 1.5
Checking for deadlock:
There are 2 Blocked actors, 0 Stopped actors, and 4 active threads.
Waiting for actors to stop.
Called postfire()
Called prefire()
Called fire()
-- Read input: 0.0, which is expected to match: 0.0
Called prefire()
Called fire()
Checking for deadlock:
There are 3 Blocked actors, 0 Stopped actors, and 4 active threads.
Waiting for actors to stop.
-- Read input: 1.0, which is expected to match: 1.0
Called prefire()
Called fire()
Sent output token with value 1.0
Next port to read input from is inputA
Called postfire()
Called prefire()
Called fire()
Read input token from inputA with value 2.0
Sent output token with value 1.5
Next port to read input from is inputB
Called postfire()
Called prefire()
Called fire()
Read input token from inputB with value 3.0
Checking for deadlock:
There are 1 Blocked actors, 0 Stopped actors, and 4 active threads.
Waiting for actors to stop.
Called postfire()
Called postfire()
Called prefire()
Called fire()
-- Read input: 1.5, which is expected to match: 1.5
Called prefire()
Called fire()
Called prefire()
Called fire()
Sent output token with value 2.0
Next port to read input from is inputA
Called postfire()
Called prefire()
Called fire()
Read input token from inputA with value 3.0
Checking for deadlock:
There are 2 Blocked actors, 0 Stopped actors, and 4 active threads.
Waiting for actors to stop.
Called postfire()
Called prefire()
Called fire()
-- Read input: 2.0, which is expected to match: 2.0
Called prefire()
Called fire()
Checking for deadlock:
There are 3 Blocked actors, 0 Stopped actors, and 4 active threads.
Waiting for actors to stop.
-- Read input: 3.0, which is expected to match: 3.0
Called prefire()
Called fire()
Sent output token with value 3.0
Next port to read input from is inputB
Called postfire()
Called prefire()
Called fire()
Read input token from inputB with value 4.5
Sent output token with value 3.0
Next port to read input from is inputA
Called postfire()
Called prefire()
Called fire()
Read input token from inputA with value 4.0
Checking for deadlock:
There are 1 Blocked actors, 0 Stopped actors, and 4 active threads.
Waiting for actors to stop.
Called postfire()
Called prefire()
Called fire()
Called postfire()
Called prefire()
-- Read input: 3.0, which is expected to match: 3.0
Called fire()
Called prefire()
Called fire()
Checking for deadlock:
There are 3 Blocked actors, 0 Stopped actors, and 4 active threads.
Waiting for actors to stop.
-- Read input: 4.0, which is expected to match: 4.0
Called prefire()
Called fire()
Past the end of training data. Read and discard all inputs.
Sent output token with value 4.0
Next port to read input from is inputA
Called postfire()
Called prefire()
Called fire()
Read input token from inputA with value 5.0
Sent output token with value 4.5
Next port to read input from is inputB
Called postfire()
Called prefire()
Called fire()
Read input token from inputB with value 6.0
Checking for deadlock:
There are 1 Blocked actors, 0 Stopped actors, and 4 active threads.
Waiting for actors to stop.
Called postfire()
Called prefire()
Called fire()
Called prefire()
Called postfire()
Called prefire()
Called fire()
Called fire()
Past the end of training data. Read and discard all inputs.
Checking for deadlock:
There are 3 Blocked actors, 0 Stopped actors, and 4 active threads.
Waiting for actors to stop.
Called prefire()
Checking for deadlock:
There are 2 Blocked actors, 0 Stopped actors, and 4 active threads.
Waiting for actors to stop.
Sent output token with value 5.0
Called fire()
Past the end of training data. Read and discard all inputs.
Checking for deadlock:
There are 3 Blocked actors, 0 Stopped actors, and 4 active threads.
Waiting for actors to stop.
Next port to read input from is inputA
Called postfire()
Called prefire()
Called fire()
Checking for deadlock:
Called postfire()
Called prefire()
Called fire()
Read input token from inputA with value 6.0
There are 2 Blocked actors, 0 Stopped actors, and 4 active threads.
Waiting for actors to stop.
Sent output token with value 6.0
Next port to read input from is inputB
Called postfire()
Called prefire()
Called fire()
Read input token from inputB with value 7.5
Checking for deadlock:
There are 2 Blocked actors, 0 Stopped actors, and 4 active threads.
Waiting for actors to stop.
Called postfire()
Called prefire()
Called fire()
Called prefire()
Called fire()
Past the end of training data. Read and discard all inputs.
Checking for deadlock:
There are 3 Blocked actors, 0 Stopped actors, and 4 active threads.
Waiting for actors to stop.
Called prefire()
Called fire()
Past the end of training data. Read and discard all inputs.
Checking for deadlock:
There are 3 Blocked actors, 0 Stopped actors, and 4 active threads.
Waiting for actors to stop.
Sent output token with value 6.0
Next port to read input from is inputA
Called postfire()
Called prefire()
Called fire()
Called postfire()
Read input token from inputA with value 7.0
Called prefire()
Called fire()
Sent output token with value 7.0
Next port to read input from is inputA
Called postfire()
Called prefire()
Called fire()
Read input token from inputA with value 8.0
Checking for deadlock:
There are 2 Blocked actors, 0 Stopped actors, and 4 active threads.
Waiting for actors to stop.
Called prefire()
Called fire()
Past the end of training data. Read and discard all inputs.
-- Thread wrapup() called.
Checking for deadlock:
Called wrapup()
There are 2 Blocked actors, 0 Stopped actors, and 4 active threads.
Waiting for actors to stop.
Thread .top.Ramp is exiting.
-- Thread stopped.
Checking for deadlock:
There are 2 Blocked actors, 0 Stopped actors, and 3 active threads.
Waiting for actors to stop.
Called prefire()
Called fire()
Past the end of training data. Read and discard all inputs.
Checking for deadlock:
There are 2 Blocked actors, 0 Stopped actors, and 3 active threads.
Waiting for actors to stop.
Sent output token with value 7.5
Next port to read input from is inputB
Called postfire()
Called prefire()
Called fire()
Called postfire()
Called prefire()
Called fire()
Checking for deadlock:
There are 2 Blocked actors, 0 Stopped actors, and 3 active threads.
Waiting for actors to stop.
Read input token from inputB with value 9.0
Called prefire()
Called fire()
Past the end of training data. Read and discard all inputs.
Checking for deadlock:
There are 2 Blocked actors, 0 Stopped actors, and 3 active threads.
Waiting for actors to stop.
Sent output token with value 8.0
Next port to read input from is inputA
Called postfire()
Called prefire()
Called fire()
Read input token from inputA with value 9.0
Called prefire()
Called fire()
Past the end of training data. Read and discard all inputs.
Checking for deadlock:
There are 2 Blocked actors, 0 Stopped actors, and 3 active threads.
Waiting for actors to stop.
Sent output token with value 9.0
Next port to read input from is inputB
Called postfire()
Called prefire()
Called fire()
Checking for deadlock:
There are 1 Blocked actors, 0 Stopped actors, and 3 active threads.
Waiting for actors to stop.
Called postfire()
Called prefire()
Called fire()
Checking for deadlock:
There are 2 Blocked actors, 0 Stopped actors, and 3 active threads.
Waiting for actors to stop.
Read input token from inputB with value 10.5
Checking for deadlock:
There are 1 Blocked actors, 0 Stopped actors, and 3 active threads.
Waiting for actors to stop.
Called prefire()
Called fire()
Past the end of training data. Read and discard all inputs.
Checking for deadlock:
There are 2 Blocked actors, 0 Stopped actors, and 3 active threads.
Waiting for actors to stop.
Sent output token with value 9.0
Next port to read input from is inputA
Called postfire()
Called prefire()
Called fire()
Checking for deadlock:
There are 3 Blocked actors, 0 Stopped actors, and 3 active threads.
Actors have stopped.
Checking for deadlock:
There are 3 Blocked actors, 0 Stopped actors, and 3 active threads.
Deadlock detected.
Resolving Deadlock
Checking for deadlock:
There are 3 Blocked actors, 0 Stopped actors, and 3 active threads.
Artificial Deadlock - increasing queue capacity.
increasing the capacity of receiver ptolemy.actor.TypedIOPort {.top.OrderedMerge.inputB} to 2
-- Thread wrapup() called.
Called wrapup()
Thread .top.Ramp2 is exiting.
-- Thread stopped.
Director: Called postfire().
Called postfire().
_stopRequested = false
_stopFireRequested = false
Returning from postfire(): true
Called fire().
Checking for deadlock:
There are 2 Blocked actors, 0 Stopped actors, and 2 active threads.
Actors have stopped.
Checking for deadlock:
There are 2 Blocked actors, 0 Stopped actors, and 2 active threads.
Deadlock detected.
Resolving Deadlock
Checking for deadlock:
There are 2 Blocked actors, 0 Stopped actors, and 2 active threads.
Deadlock detected: no processes blocked on write, but some are blocked on read.
Called postfire().
_stopRequested = false
_stopFireRequested = false
Returning from postfire(): false
Finished deactivating branches.
Called wrapup().
-- Thread wrapup() called.
Called wrapup()
Thread .top.Test is exiting.
-- Thread stopped.
-- Blocked Receiver call threw TerminateProcessException.
-- Thread wrapup() called.
Called wrapup()
Thread .top.OrderedMerge is exiting.
-- Thread stopped.
-- Blocked Receiver call threw TerminateProcessException.
81 ms. Memory: 129024K Free: 80719K (63%)
.top. Preinitializing ...
Invoking preinitialize():  .top.OrderedMerge
Called preinitialize()
Invoking preinitialize():  .top.Ramp
Called preinitialize()
Invoking preinitialize():  .top.Ramp2
Called preinitialize()
Invoking preinitialize():  .top.Test
Called preinitialize()
.top. Finished preinitialize().
Called initialize().
Invoking initialize():  .top.OrderedMerge
Initializing actor: .top.OrderedMerge
Adding a thread: .top.OrderedMerge
Invoking initialize():  .top.Ramp
Initializing actor: .top.Ramp
Adding a thread: .top.Ramp
Invoking initialize():  .top.Ramp2
Initializing actor: .top.Ramp2
Adding a thread: .top.Ramp2
Invoking initialize():  .top.Test
Initializing actor: .top.Test
Adding a thread: .top.Test
-- Starting thread.
Called initialize()
Called prefire()
Called fire()
-- Starting thread.
Called initialize()
-- Starting thread.
Called initialize()
Called prefire()
Called prefire()
Called fire()
Called fire()
Called postfire()
Called prefire()
Called fire()
Called postfire()
Called prefire()
Called fire()
Called fire().
Checking for deadlock:
There are 3 Blocked actors, 0 Stopped actors, and 4 active threads.
Waiting for actors to stop.
-- Starting thread.
Called initialize()
Called prefire()
Called fire()
Checking for deadlock:
There are 2 Blocked actors, 0 Stopped actors, and 4 active threads.
Waiting for actors to stop.
Called postfire()
Called prefire()
Called fire()
Checking for deadlock:
There are 3 Blocked actors, 0 Stopped actors, and 4 active threads.
Waiting for actors to stop.
Read input token from inputA with value 0.0
Next port to read input from is inputB
Called postfire()
Called prefire()
Called fire()
Checking for deadlock:
Called postfire()
There are 2 Blocked actors, 0 Stopped actors, and 4 active threads.
Waiting for actors to stop.
Called prefire()
Called fire()
Checking for deadlock:
There are 3 Blocked actors, 0 Stopped actors, and 4 active threads.
Waiting for actors to stop.
Read input token from inputB with value 0.0
Checking for deadlock:
There are 2 Blocked actors, 0 Stopped actors, and 4 active threads.
Waiting for actors to stop.
-- Read input: 0.0, which is expected to match: 0.0
Called prefire()
Called fire()
Checking for deadlock:
There are 3 Blocked actors, 0 Stopped actors, and 4 active threads.
Waiting for actors to stop.
Sent output token with value 0.0
Next port to read input from is inputA
Called postfire()
Called prefire()
Called fire()
Checking for deadlock:
There are 2 Blocked actors, 0 Stopped actors, and 4 active threads.
Waiting for actors to stop.
Called postfire()
Called prefire()
Called fire()
Checking for deadlock:
There are 3 Blocked actors, 0 Stopped actors, and 4 active threads.
Waiting for actors to stop.
Read input token from inputA with value 1.0
Checking for deadlock:
There are 2 Blocked actors, 0 Stopped actors, and 4 active threads.
Waiting for actors to stop.
-- Read input: 0.0, which is expected to match: 0.0
Called prefire()
Called fire()
Checking for deadlock:
There are 3 Blocked actors, 0 Stopped actors, and 4 active threads.
Waiting for actors to stop.
Sent output token with value 0.0
Next port to read input from is inputB
Called postfire()
Called prefire()
Called fire()
Called postfire()
Called prefire()
Called fire()
Checking for deadlock:
There are 3 Blocked actors, 0 Stopped actors, and 4 active threads.
Waiting for actors to stop.
Read input token from inputB with value 1.5
Checking for deadlock:
There are 2 Blocked actors, 0 Stopped actors, and 4 active threads.
Waiting for actors to stop.
-- Read input: 1.0, which is expected to match: 1.0
Called prefire()
Called fire()
Sent output token with value 1.0
Checking for deadlock:
There are 3 Blocked actors, 0 Stopped actors, and 4 active threads.
Waiting for actors to stop.
Next port to read input from is inputA
Called postfire()
Called prefire()
Called fire()
Checking for deadlock:
There are 2 Blocked actors, 0 Stopped actors, and 4 active threads.
Waiting for actors to stop.
Called postfire()
Called prefire()
Called fire()
Checking for deadlock:
There are 3 Blocked actors, 0 Stopped actors, and 4 active threads.
Waiting for actors to stop.
Read input token from inputA with value 2.0
Checking for deadlock:
There are 2 Blocked actors, 0 Stopped actors, and 4 active threads.
Waiting for actors to stop.
-- Read input: 1.5, which is expected to match: 1.5
Called prefire()
Called fire()
Checking for deadlock:
There are 3 Blocked actors, 0 Stopped actors, and 4 active threads.
Waiting for actors to stop.
Sent output token with value 1.5
Next port to read input from is inputB
Called postfire()
Called prefire()
Called fire()
Checking for deadlock:
There are 2 Blocked actors, 0 Stopped actors, and 4 active threads.
Waiting for actors to stop.
Called postfire()
Read input token from inputB with value 3.0
Called prefire()
Called fire()
-- Read input: 2.0, which is expected to match: 2.0
Called prefire()
Called fire()
Checking for deadlock:
There are 3 Blocked actors, 0 Stopped actors, and 4 active threads.
Waiting for actors to stop.
Sent output token with value 2.0
Next port to read input from is inputA
Called postfire()
Called prefire()
Called fire()
Checking for deadlock:
There are 2 Blocked actors, 0 Stopped actors, and 4 active threads.
Waiting for actors to stop.
Called postfire()
Called prefire()
Called fire()
Checking for deadlock:
There are 3 Blocked actors, 0 Stopped actors, and 4 active threads.
Waiting for actors to stop.
Read input token from inputA with value 3.0
Checking for deadlock:
There are 2 Blocked actors, 0 Stopped actors, and 4 active threads.
Waiting for actors to stop.
-- Read input: 3.0, which is expected to match: 3.0
Called prefire()
Called fire()
Checking for deadlock:
There are 3 Blocked actors, 0 Stopped actors, and 4 active threads.
Waiting for actors to stop.
Sent output token with value 3.0
Next port to read input from is inputB
Called postfire()
Called prefire()
Called fire()
Checking for deadlock:
Called postfire()
There are 2 Blocked actors, 0 Stopped actors, and 4 active threads.
Called prefire()
Waiting for actors to stop.
Called fire()
Checking for deadlock:
There are 3 Blocked actors, 0 Stopped actors, and 4 active threads.
Waiting for actors to stop.
Read input token from inputB with value 4.5
Checking for deadlock:
There are 2 Blocked actors, 0 Stopped actors, and 4 active threads.
Waiting for actors to stop.
-- Read input: 3.0, which is expected to match: 3.0
Called prefire()
Called fire()
Checking for deadlock:
There are 3 Blocked actors, 0 Stopped actors, and 4 active threads.
Waiting for actors to stop.
Sent output token with value 3.0
Next port to read input from is inputA
Called postfire()
Called prefire()
Called fire()
Called postfire()
Called prefire()
Called fire()
Checking for deadlock:
There are 3 Blocked actors, 0 Stopped actors, and 4 active threads.
Waiting for actors to stop.
Read input token from inputA with value 4.0
-- Read input: 4.0, which is expected to match: 4.0
Called prefire()
Called fire()
Past the end of training data. Read and discard all inputs.
Checking for deadlock:
There are 3 Blocked actors, 0 Stopped actors, and 4 active threads.
Waiting for actors to stop.
Sent output token with value 4.0
Next port to read input from is inputA
Called postfire()
Called prefire()
Called fire()
Called postfire()
Called prefire()
Called fire()
Checking for deadlock:
There are 3 Blocked actors, 0 Stopped actors, and 4 active threads.
Waiting for actors to stop.
Read input token from inputA with value 5.0
Called prefire()
Called fire()
Past the end of training data. Read and discard all inputs.
Checking for deadlock:
There are 3 Blocked actors, 0 Stopped actors, and 4 active threads.
Waiting for actors to stop.
Sent output token with value 4.5
Next port to read input from is inputB
Called postfire()
Called prefire()
Called fire()
Checking for deadlock:
There are 2 Blocked actors, 0 Stopped actors, and 4 active threads.
Waiting for actors to stop.
Called postfire()
Read input token from inputB with value 6.0
Called prefire()
Called fire()
Called prefire()
Called fire()
Past the end of training data. Read and discard all inputs.
Checking for deadlock:
There are 3 Blocked actors, 0 Stopped actors, and 4 active threads.
Waiting for actors to stop.
Sent output token with value 5.0
Next port to read input from is inputA
Called postfire()
Called prefire()
Called fire()
Called postfire()
Called prefire()
Called fire()
Checking for deadlock:
There are 3 Blocked actors, 0 Stopped actors, and 4 active threads.
Waiting for actors to stop.
Read input token from inputA with value 6.0
Called prefire()
Called fire()
Past the end of training data. Read and discard all inputs.
Checking for deadlock:
There are 3 Blocked actors, 0 Stopped actors, and 4 active threads.
Waiting for actors to stop.
Sent output token with value 6.0
Next port to read input from is inputB
Called postfire()
Called prefire()
Called fire()
Checking for deadlock:
Called postfire()
There are 2 Blocked actors, 0 Stopped actors, and 4 active threads.
Called prefire()
Waiting for actors to stop.
Called fire()
Checking for deadlock:
There are 3 Blocked actors, 0 Stopped actors, and 4 active threads.
Waiting for actors to stop.
Read input token from inputB with value 7.5
Checking for deadlock:
There are 2 Blocked actors, 0 Stopped actors, and 4 active threads.
Waiting for actors to stop.
Called prefire()
Called fire()
Past the end of training data. Read and discard all inputs.
Checking for deadlock:
There are 3 Blocked actors, 0 Stopped actors, and 4 active threads.
Waiting for actors to stop.
Sent output token with value 6.0
Next port to read input from is inputA
Called postfire()
Called prefire()
Called fire()
Checking for deadlock:
There are 2 Blocked actors, 0 Stopped actors, and 4 active threads.
Waiting for actors to stop.
Called postfire()
Called prefire()
Called fire()
Checking for deadlock:
There are 3 Blocked actors, 0 Stopped actors, and 4 active threads.
Waiting for actors to stop.
Read input token from inputA with value 7.0
Sent output token with value 7.0
Checking for deadlock:
Next port to read input from is inputA
Called postfire()
Called prefire()
There are 2 Blocked actors, 0 Stopped actors, and 4 active threads.
Called fire()
Waiting for actors to stop.
Called prefire()
Called fire()
Past the end of training data. Read and discard all inputs.
Checking for deadlock:
There are 2 Blocked actors, 0 Stopped actors, and 4 active threads.
Read input token from inputA with value 8.0
Waiting for actors to stop.
Called prefire()
Called fire()
Checking for deadlock:
Past the end of training data. Read and discard all inputs.
There are 1 Blocked actors, 0 Stopped actors, and 4 active threads.
Waiting for actors to stop.
-- Thread wrapup() called.
Called wrapup()
Thread .top.Ramp is exiting.
-- Thread stopped.
Checking for deadlock:
Sent output token with value 7.5
There are 2 Blocked actors, 0 Stopped actors, and 3 active threads.
Waiting for actors to stop.
Next port to read input from is inputB
Called postfire()
Called prefire()
Called fire()
Called postfire()
Read input token from inputB with value 9.0
Called prefire()
Called fire()
Sent output token with value 8.0
Checking for deadlock:
There are 1 Blocked actors, 0 Stopped actors, and 3 active threads.
Next port to read input from is inputA
Called postfire()
Waiting for actors to stop.
Called prefire()
Called fire()
Past the end of training data. Read and discard all inputs.
Called prefire()
Called fire()
Checking for deadlock:
There are 2 Blocked actors, 0 Stopped actors, and 3 active threads.
Waiting for actors to stop.
Read input token from inputA with value 9.0
Checking for deadlock:
Called prefire()
Called fire()
There are 1 Blocked actors, 0 Stopped actors, and 3 active threads.
Past the end of training data. Read and discard all inputs.
Waiting for actors to stop.
Checking for deadlock:
There are 2 Blocked actors, 0 Stopped actors, and 3 active threads.
Sent output token with value 9.0
Waiting for actors to stop.
Next port to read input from is inputB
Called postfire()
Called prefire()
Called fire()
Checking for deadlock:
There are 1 Blocked actors, 0 Stopped actors, and 3 active threads.
Read input token from inputB with value 10.5
Waiting for actors to stop.
Sent output token with value 9.0
Called postfire()
Called prefire()
Called fire()
Next port to read input from is inputA
Called postfire()
Called prefire()
Checking for deadlock:
Called fire()
There are 1 Blocked actors, 0 Stopped actors, and 3 active threads.
Waiting for actors to stop.
Called prefire()
Called fire()
Past the end of training data. Read and discard all inputs.
Checking for deadlock:
There are 3 Blocked actors, 0 Stopped actors, and 3 active threads.
Actors have stopped.
Checking for deadlock:
There are 3 Blocked actors, 0 Stopped actors, and 3 active threads.
Deadlock detected.
Resolving Deadlock
Checking for deadlock:
There are 3 Blocked actors, 0 Stopped actors, and 3 active threads.
Artificial Deadlock - increasing queue capacity.
increasing the capacity of receiver ptolemy.actor.TypedIOPort {.top.OrderedMerge.inputB} to 2
Director: Called postfire().
Called postfire().
_stopRequested = false
_stopFireRequested = false
Returning from postfire(): true
Called fire().
Checking for deadlock:
There are 2 Blocked actors, 0 Stopped actors, and 3 active threads.
Waiting for actors to stop.
-- Thread wrapup() called.
Called wrapup()
Thread .top.Ramp2 is exiting.
-- Thread stopped.
Checking for deadlock:
There are 2 Blocked actors, 0 Stopped actors, and 2 active threads.
Actors have stopped.
Checking for deadlock:
There are 2 Blocked actors, 0 Stopped actors, and 2 active threads.
Deadlock detected.
Resolving Deadlock
Checking for deadlock:
There are 2 Blocked actors, 0 Stopped actors, and 2 active threads.
Deadlock detected: no processes blocked on write, but some are blocked on read.
Called postfire().
_stopRequested = false
_stopFireRequested = false
Returning from postfire(): false
Finished deactivating branches.
Called wrapup().
-- Thread wrapup() called.
Called wrapup()
Thread .top.Test is exiting.
-- Thread stopped.
-- Blocked Receiver call threw TerminateProcessException.
-- Thread wrapup() called.
Called wrapup()
Thread .top.OrderedMerge is exiting.
-- Thread stopped.
-- Blocked Receiver call threw TerminateProcessException.
33 ms. Memory: 129024K Free: 78157K (61%)
/home/travis/build/icyphy/ptII/ptolemy/actor/lib/test/Publisher.tcl
6 ms. Memory: 129024K Free: 72013K (56%)
4 ms. Memory: 129024K Free: 66879K (52%)
2 ms. Memory: 129024K Free: 62783K (49%)
4 ms. Memory: 129024K Free: 62287K (48%)
11 ms. Memory: 129024K Free: 61263K (47%)
3 ms. Memory: 129024K Free: 60239K (47%)
3 ms. Memory: 129024K Free: 59711K (46%)
4 ms. Memory: 129024K Free: 58701K (45%)
21 ms. Memory: 129024K Free: 48975K (38%)
13 ms. Memory: 158720K Free: 138360K (87%)
3 ms. Memory: 158720K Free: 137850K (87%)
4 ms. Memory: 158720K Free: 135288K (85%)
17 ms. Memory: 158720K Free: 127610K (80%)
16 ms. Memory: 158720K Free: 118394K (75%)
17 ms. Memory: 158720K Free: 107130K (67%)
/home/travis/build/icyphy/ptII/ptolemy/actor/lib/test/Pulse.tcl
5 ms. Memory: 158720K Free: 69722K (44%)
10 ms. Memory: 158720K Free: 68728K (43%)
3 ms. Memory: 158720K Free: 68218K (43%)
6 ms. Memory: 158720K Free: 67690K (43%)
1 ms. Memory: 158720K Free: 67194K (42%)
8 ms. Memory: 158720K Free: 66170K (42%)
8 ms. Memory: 158720K Free: 65146K (41%)
1 ms. Memory: 158720K Free: 64618K (41%)
8 ms. Memory: 158720K Free: 63608K (40%)
/home/travis/build/icyphy/ptII/ptolemy/actor/lib/test/Ramp.tcl
11 ms. Memory: 158720K Free: 62074K (39%)
3 ms. Memory: 158720K Free: 139870K (88%)
2 ms. Memory: 158720K Free: 139342K (88%)
4 ms. Memory: 158720K Free: 138332K (87%)
6 ms. Memory: 158720K Free: 137822K (87%)
8 ms. Memory: 158720K Free: 136798K (86%)
6 ms. Memory: 158720K Free: 135772K (86%)
5 actors
8000 microseconds per iteration to create
10 ms. Memory: 158720K Free: 133198K (84%)
2 ms. Memory: 158720K Free: 132702K (84%)
2 ms. Memory: 158720K Free: 132174K (83%)
1 ms. Memory: 158720K Free: 131134K (83%)
50 actors
50000 microseconds per iteration to create
52 ms. Memory: 158720K Free: 115804K (73%)
5 ms. Memory: 158720K Free: 114780K (72%)
14 ms. Memory: 158720K Free: 113756K (72%)
9 ms. Memory: 158720K Free: 112732K (71%)
500 actors
1543000 microseconds per iteration to create
233 ms. Memory: 158720K Free: 127138K (80%)
36 ms. Memory: 158720K Free: 122004K (77%)
36 ms. Memory: 158720K Free: 116898K (74%)
32 ms. Memory: 158720K Free: 111778K (70%)
/home/travis/build/icyphy/ptII/ptolemy/actor/lib/test/RampContinuous.tcl
7 ms. Memory: 158720K Free: 110244K (69%)
/home/travis/build/icyphy/ptII/ptolemy/actor/lib/test/RecordAssembler.tcl
5 ms. Memory: 158720K Free: 108692K (68%)
2 ms. Memory: 158720K Free: 107668K (68%)
/home/travis/build/icyphy/ptII/ptolemy/actor/lib/test/RecordDisassembler.tcl
5 ms. Memory: 158720K Free: 105634K (67%)
3 ms. Memory: 158720K Free: 105124K (66%)
4 ms. Memory: 158720K Free: 104100K (66%)
/home/travis/build/icyphy/ptII/ptolemy/actor/lib/test/Scale.tcl
2 ms. Memory: 158720K Free: 102052K (64%)
2 ms. Memory: 158720K Free: 101524K (64%)
1 ms. Memory: 158720K Free: 100500K (63%)
2 ms. Memory: 158720K Free: 99476K (63%)
2 ms. Memory: 158720K Free: 98980K (62%)
/home/travis/build/icyphy/ptII/ptolemy/actor/lib/test/SequentialClock.tcl
preinitializing
resolving types
initializing
executing number 1
wrapping up
idle
2 ms. Memory: 158720K Free: 97412K (61%)
Completed execution with 5 iterations
preinitializing
resolving types
initializing
executing number 1
wrapping up
idle
2 ms. Memory: 158720K Free: 96932K (61%)
Completed execution with 5 iterations
preinitializing
resolving types
initializing
executing number 1
wrapping up
idle
1 ms. Memory: 158720K Free: 96404K (61%)
Completed execution with 5 iterations
/home/travis/build/icyphy/ptII/ptolemy/actor/lib/test/SetVariable.tcl
4 ms. Memory: 158720K Free: 94884K (60%)
/home/travis/build/icyphy/ptII/ptolemy/actor/lib/test/Sinewave.tcl
/home/travis/build/icyphy/ptII/ptolemy/actor/lib/test/SubscriptionAggregator.tcl
4 ms. Memory: 158720K Free: 83620K (53%)
2 ms. Memory: 158720K Free: 82596K (52%)
1 ms. Memory: 158720K Free: 82082K (52%)
1 ms. Memory: 158720K Free: 82082K (52%)
2 ms. Memory: 158720K Free: 78500K (49%)
9 ms. Memory: 158720K Free: 75938K (48%)
...............................................................971 ms. Memory: 268288K Free: 154459K (58%)
/home/travis/build/icyphy/ptII/ptolemy/actor/lib/test/Test.tcl
 The next command will produce a warning about training mode,
   which may be ignored.
6 ms. Memory: 268288K Free: 152906K (57%)
3 ms. Memory: 268288K Free: 151897K (57%)
2 ms. Memory: 268288K Free: 151387K (56%)
2 ms. Memory: 268288K Free: 150866K (56%)
2 ms. Memory: 268288K Free: 149834K (56%)
3 ms. Memory: 268288K Free: 148810K (55%)
3 ms. Memory: 268288K Free: 147291K (55%)
 The next command will produce a warning about training mode,
   which may be ignored.
4 ms. Memory: 268288K Free: 145243K (54%)
 The next command will produce a warning about training mode,
   which may be ignored.
2 ms. Memory: 268288K Free: 144219K (54%)
1 ms. Memory: 268288K Free: 143705K (54%)
1 ms. Memory: 268288K Free: 143195K (53%)
1 ms. Memory: 268288K Free: 142540K (53%)
6 ms. Memory: 268288K Free: 141147K (53%)
3 ms. Memory: 268288K Free: 137561K (51%)
/home/travis/build/icyphy/ptII/ptolemy/actor/lib/test/TestExceptionHandler.tcl
 The next command will produce a warning about training mode,
   which may be ignored.
2 ms. Memory: 268288K Free: 136506K (51%)
1 ms. Memory: 268288K Free: 136027K (51%)
1 ms. Memory: 268288K Free: 135513K (51%)
/home/travis/build/icyphy/ptII/ptolemy/actor/lib/test/UnionDisassembler.tcl
14 ms. Memory: 268288K Free: 127835K (48%)
/home/travis/build/icyphy/ptII/ptolemy/actor/lib/test/VariableClock.tcl
preinitializing
resolving types
initializing
executing number 1
wrapping up
idle
3 ms. Memory: 268288K Free: 126282K (47%)
Completed execution with 11 iterations
preinitializing
resolving types
initializing
executing number 1
wrapping up
idle
3 ms. Memory: 268288K Free: 124763K (47%)
Completed execution with 10 iterations
02/17/20 11:40:28
Failed: 0  Total Tests: 233  ((Passed: 233, Newly Passed: 0)  Known Failed: 0) /home/travis/build/icyphy/ptII/ptolemy/actor/lib/test
----------------- testing (KnownFailure) /home/travis/build/icyphy/ptII/ptolemy/actor/lib/test/auto/knownFailedTests/PublisherPortToplevelSubscriber.xml
5 ms. Memory: 268288K Free: 121177K (45%)
Known Failure: java.lang.reflect.InvocationTargetException
----------------- testing (KnownFailure) /home/travis/build/icyphy/ptII/ptolemy/actor/lib/test/auto/knownFailedTests/PublisherSubscriberPortToplevel.xml
0 ms. Memory: 268288K Free: 117081K (44%)
Known Failure: java.lang.reflect.InvocationTargetException
----------------- testing (KnownFailure) /home/travis/build/icyphy/ptII/ptolemy/actor/lib/test/auto/knownFailedTests/PublisherSubscriptionAggregatorPort.xml
1 ms. Memory: 268288K Free: 112970K (42%)
Known Failure: java.lang.reflect.InvocationTargetException
----------------- testing (KnownFailure) /home/travis/build/icyphy/ptII/ptolemy/actor/lib/test/auto/knownFailedTests/sizedarray3.xml
9 ms. Memory: 268288K Free: 108379K (40%)
Known Failure: java.lang.reflect.InvocationTargetException
No auto/linux-amd64/*.xml tests in /home/travis/build/icyphy/ptII/ptolemy/actor/lib/test
AutoTests.java: About to close Vertx.
AutoTests.java: Vertx closed.

===========================================================================================
----------------- testing Mon Feb 17 23:40:29 UTC 2020 /home/travis/build/icyphy/ptII/ptolemy/actor/lib/test/auto/AbsoluteValue.xml
----------------- Instantiating /home/travis/build/icyphy/ptII/ptolemy/actor/lib/test/auto/AbsoluteValue.xml
5 ms. Memory: 268288K Free: 85851K (32%)
----------------- Invoking toplevel() on ptolemy.moml.MoMLSimpleApplication@205cb7c9
----------------- Done invoking toplevel() on ptolemy.moml.MoMLSimpleApplication@205cb7c9
reloadAllAccessors: .AbsoluteValue

===========================================================================================
----------------- testing Mon Feb 17 23:40:29 UTC 2020 /home/travis/build/icyphy/ptII/ptolemy/actor/lib/test/auto/AbsoluteValue2.xml
----------------- Instantiating /home/travis/build/icyphy/ptII/ptolemy/actor/lib/test/auto/AbsoluteValue2.xml
5 ms. Memory: 268288K Free: 79193K (30%)
----------------- Invoking toplevel() on ptolemy.moml.MoMLSimpleApplication@6f9f6caf
----------------- Done invoking toplevel() on ptolemy.moml.MoMLSimpleApplication@6f9f6caf
reloadAllAccessors: .AbsoluteValue2

===========================================================================================
----------------- testing Mon Feb 17 23:40:29 UTC 2020 /home/travis/build/icyphy/ptII/ptolemy/actor/lib/test/auto/Accumulator.xml
----------------- Instantiating /home/travis/build/icyphy/ptII/ptolemy/actor/lib/test/auto/Accumulator.xml
10 ms. Memory: 268288K Free: 214363K (80%)
----------------- Invoking toplevel() on ptolemy.moml.MoMLSimpleApplication@7065abf5
----------------- Done invoking toplevel() on ptolemy.moml.MoMLSimpleApplication@7065abf5
reloadAllAccessors: .Accumulator

===========================================================================================
----------------- testing Mon Feb 17 23:40:29 UTC 2020 /home/travis/build/icyphy/ptII/ptolemy/actor/lib/test/auto/Accumulator2.xml
----------------- Instantiating /home/travis/build/icyphy/ptII/ptolemy/actor/lib/test/auto/Accumulator2.xml
8 ms. Memory: 268288K Free: 208729K (78%)
----------------- Invoking toplevel() on ptolemy.moml.MoMLSimpleApplication@182952c0
----------------- Done invoking toplevel() on ptolemy.moml.MoMLSimpleApplication@182952c0
reloadAllAccessors: .Accumulator2

===========================================================================================
----------------- testing Mon Feb 17 23:40:29 UTC 2020 /home/travis/build/icyphy/ptII/ptolemy/actor/lib/test/auto/Accumulator3.xml
----------------- Instantiating /home/travis/build/icyphy/ptII/ptolemy/actor/lib/test/auto/Accumulator3.xml
7 ms. Memory: 268288K Free: 204633K (76%)
----------------- Invoking toplevel() on ptolemy.moml.MoMLSimpleApplication@4e9dd287
----------------- Done invoking toplevel() on ptolemy.moml.MoMLSimpleApplication@4e9dd287
reloadAllAccessors: .Accumulator3

===========================================================================================
----------------- testing Mon Feb 17 23:40:29 UTC 2020 /home/travis/build/icyphy/ptII/ptolemy/actor/lib/test/auto/ArrayAppend.xml
----------------- Instantiating /home/travis/build/icyphy/ptII/ptolemy/actor/lib/test/auto/ArrayAppend.xml
4 ms. Memory: 268288K Free: 198458K (74%)
----------------- Invoking toplevel() on ptolemy.moml.MoMLSimpleApplication@69183a20
----------------- Done invoking toplevel() on ptolemy.moml.MoMLSimpleApplication@69183a20
reloadAllAccessors: .ArrayAppend

===========================================================================================
----------------- testing Mon Feb 17 23:40:29 UTC 2020 /home/travis/build/icyphy/ptII/ptolemy/actor/lib/test/auto/ArrayAppend2.xml
----------------- Instantiating /home/travis/build/icyphy/ptII/ptolemy/actor/lib/test/auto/ArrayAppend2.xml
256 ms. Memory: 268288K Free: 139611K (52%)
----------------- Invoking toplevel() on ptolemy.moml.MoMLSimpleApplication@5f086998
----------------- Done invoking toplevel() on ptolemy.moml.MoMLSimpleApplication@5f086998
reloadAllAccessors: .ArrayAppend2

===========================================================================================
----------------- testing Mon Feb 17 23:40:30 UTC 2020 /home/travis/build/icyphy/ptII/ptolemy/actor/lib/test/auto/ArrayAppend3.xml
----------------- Instantiating /home/travis/build/icyphy/ptII/ptolemy/actor/lib/test/auto/ArrayAppend3.xml
3 ms. Memory: 268288K Free: 133977K (50%)
----------------- Invoking toplevel() on ptolemy.moml.MoMLSimpleApplication@6794789e
----------------- Done invoking toplevel() on ptolemy.moml.MoMLSimpleApplication@6794789e
reloadAllAccessors: .ArrayAppend3

===========================================================================================
----------------- testing Mon Feb 17 23:40:30 UTC 2020 /home/travis/build/icyphy/ptII/ptolemy/actor/lib/test/auto/ArrayAppend4.xml
----------------- Instantiating /home/travis/build/icyphy/ptII/ptolemy/actor/lib/test/auto/ArrayAppend4.xml
3 ms. Memory: 268288K Free: 128857K (48%)
----------------- Invoking toplevel() on ptolemy.moml.MoMLSimpleApplication@13afbc28
----------------- Done invoking toplevel() on ptolemy.moml.MoMLSimpleApplication@13afbc28
reloadAllAccessors: .ArrayAppend4

===========================================================================================
----------------- testing Mon Feb 17 23:40:30 UTC 2020 /home/travis/build/icyphy/ptII/ptolemy/actor/lib/test/auto/ArrayAppend5.xml
----------------- Instantiating /home/travis/build/icyphy/ptII/ptolemy/actor/lib/test/auto/ArrayAppend5.xml
3 ms. Memory: 268288K Free: 123737K (46%)
----------------- Invoking toplevel() on ptolemy.moml.MoMLSimpleApplication@5b20db68
----------------- Done invoking toplevel() on ptolemy.moml.MoMLSimpleApplication@5b20db68
reloadAllAccessors: .ArrayAppend5

===========================================================================================
----------------- testing Mon Feb 17 23:40:30 UTC 2020 /home/travis/build/icyphy/ptII/ptolemy/actor/lib/test/auto/ArrayAppend6.xml
----------------- Instantiating /home/travis/build/icyphy/ptII/ptolemy/actor/lib/test/auto/ArrayAppend6.xml
5 ms. Memory: 268288K Free: 118617K (44%)
----------------- Invoking toplevel() on ptolemy.moml.MoMLSimpleApplication@7a9812c4
----------------- Done invoking toplevel() on ptolemy.moml.MoMLSimpleApplication@7a9812c4
reloadAllAccessors: .ArrayAppend6

===========================================================================================
----------------- testing Mon Feb 17 23:40:30 UTC 2020 /home/travis/build/icyphy/ptII/ptolemy/actor/lib/test/auto/ArrayAppendPerformanceTest.xml
----------------- Instantiating /home/travis/build/icyphy/ptII/ptolemy/actor/lib/test/auto/ArrayAppendPerformanceTest.xml
33 ms. Memory: 268288K Free: 107867K (40%)
----------------- Invoking toplevel() on ptolemy.moml.MoMLSimpleApplication@51e2ddb3
----------------- Done invoking toplevel() on ptolemy.moml.MoMLSimpleApplication@51e2ddb3
reloadAllAccessors: .ArrayAppendPerformanceTest

===========================================================================================
----------------- testing Mon Feb 17 23:40:30 UTC 2020 /home/travis/build/icyphy/ptII/ptolemy/actor/lib/test/auto/ArrayAppendWithEmptyInput.xml
----------------- Instantiating /home/travis/build/icyphy/ptII/ptolemy/actor/lib/test/auto/ArrayAppendWithEmptyInput.xml
8 ms. Memory: 268288K Free: 99675K (37%)
----------------- Invoking toplevel() on ptolemy.moml.MoMLSimpleApplication@53204807
----------------- Done invoking toplevel() on ptolemy.moml.MoMLSimpleApplication@53204807
reloadAllAccessors: .ArrayAppendWithEmptyInput

===========================================================================================
----------------- testing Mon Feb 17 23:40:30 UTC 2020 /home/travis/build/icyphy/ptII/ptolemy/actor/lib/test/auto/ArrayAverage.xml
----------------- Instantiating /home/travis/build/icyphy/ptII/ptolemy/actor/lib/test/auto/ArrayAverage.xml
11 ms. Memory: 268288K Free: 91993K (34%)
----------------- Invoking toplevel() on ptolemy.moml.MoMLSimpleApplication@5322b0f3
----------------- Done invoking toplevel() on ptolemy.moml.MoMLSimpleApplication@5322b0f3
reloadAllAccessors: .ArrayAverage

===========================================================================================
----------------- testing Mon Feb 17 23:40:30 UTC 2020 /home/travis/build/icyphy/ptII/ptolemy/actor/lib/test/auto/ArrayContains.xml
----------------- Instantiating /home/travis/build/icyphy/ptII/ptolemy/actor/lib/test/auto/ArrayContains.xml
6 ms. Memory: 268288K Free: 85849K (32%)
----------------- Invoking toplevel() on ptolemy.moml.MoMLSimpleApplication@64da8706
----------------- Done invoking toplevel() on ptolemy.moml.MoMLSimpleApplication@64da8706
reloadAllAccessors: .ArrayContains

===========================================================================================
----------------- testing Mon Feb 17 23:40:30 UTC 2020 /home/travis/build/icyphy/ptII/ptolemy/actor/lib/test/auto/ArrayElement.xml
----------------- Instantiating /home/travis/build/icyphy/ptII/ptolemy/actor/lib/test/auto/ArrayElement.xml
5 ms. Memory: 268288K Free: 80698K (30%)
----------------- Invoking toplevel() on ptolemy.moml.MoMLSimpleApplication@1bafa597
----------------- Done invoking toplevel() on ptolemy.moml.MoMLSimpleApplication@1bafa597
reloadAllAccessors: .ArrayElement

===========================================================================================
----------------- testing Mon Feb 17 23:40:30 UTC 2020 /home/travis/build/icyphy/ptII/ptolemy/actor/lib/test/auto/ArrayElementAsMatrix.xml
----------------- Instantiating /home/travis/build/icyphy/ptII/ptolemy/actor/lib/test/auto/ArrayElementAsMatrix.xml
19 ms. Memory: 268288K Free: 212478K (79%)
----------------- Invoking toplevel() on ptolemy.moml.MoMLSimpleApplication@44746142
----------------- Done invoking toplevel() on ptolemy.moml.MoMLSimpleApplication@44746142
reloadAllAccessors: .ArrayElementAsMatrix

===========================================================================================
----------------- testing Mon Feb 17 23:40:30 UTC 2020 /home/travis/build/icyphy/ptII/ptolemy/actor/lib/test/auto/ArrayElementI.xml
----------------- Instantiating /home/travis/build/icyphy/ptII/ptolemy/actor/lib/test/auto/ArrayElementI.xml
3 ms. Memory: 268288K Free: 206848K (77%)
----------------- Invoking toplevel() on ptolemy.moml.MoMLSimpleApplication@5b93947b
----------------- Done invoking toplevel() on ptolemy.moml.MoMLSimpleApplication@5b93947b
reloadAllAccessors: .ArrayElementI

===========================================================================================
----------------- testing Mon Feb 17 23:40:30 UTC 2020 /home/travis/build/icyphy/ptII/ptolemy/actor/lib/test/auto/ArrayExtract.xml
----------------- Instantiating /home/travis/build/icyphy/ptII/ptolemy/actor/lib/test/auto/ArrayExtract.xml
5 ms. Memory: 268288K Free: 198656K (74%)
----------------- Invoking toplevel() on ptolemy.moml.MoMLSimpleApplication@26baab4f
----------------- Done invoking toplevel() on ptolemy.moml.MoMLSimpleApplication@26baab4f
reloadAllAccessors: .ArrayExtract

===========================================================================================
----------------- testing Mon Feb 17 23:40:30 UTC 2020 /home/travis/build/icyphy/ptII/ptolemy/actor/lib/test/auto/ArrayExtract2.xml
----------------- Instantiating /home/travis/build/icyphy/ptII/ptolemy/actor/lib/test/auto/ArrayExtract2.xml
2 ms. Memory: 268288K Free: 193015K (72%)
----------------- Invoking toplevel() on ptolemy.moml.MoMLSimpleApplication@67d280df
----------------- Done invoking toplevel() on ptolemy.moml.MoMLSimpleApplication@67d280df
reloadAllAccessors: .ArrayExtract2

===========================================================================================
----------------- testing Mon Feb 17 23:40:30 UTC 2020 /home/travis/build/icyphy/ptII/ptolemy/actor/lib/test/auto/ArrayLength.xml
----------------- Instantiating /home/travis/build/icyphy/ptII/ptolemy/actor/lib/test/auto/ArrayLength.xml
2 ms. Memory: 268288K Free: 189440K (71%)
----------------- Invoking toplevel() on ptolemy.moml.MoMLSimpleApplication@43047a91
----------------- Done invoking toplevel() on ptolemy.moml.MoMLSimpleApplication@43047a91
reloadAllAccessors: .ArrayLength

===========================================================================================
----------------- testing Mon Feb 17 23:40:30 UTC 2020 /home/travis/build/icyphy/ptII/ptolemy/actor/lib/test/auto/ArrayLevelCrossing.xml
----------------- Instantiating /home/travis/build/icyphy/ptII/ptolemy/actor/lib/test/auto/ArrayLevelCrossing.xml
4 ms. Memory: 268288K Free: 180734K (67%)
----------------- Invoking toplevel() on ptolemy.moml.MoMLSimpleApplication@40b60a3b
----------------- Done invoking toplevel() on ptolemy.moml.MoMLSimpleApplication@40b60a3b
reloadAllAccessors: .ArrayLevelCrossing

===========================================================================================
----------------- testing Mon Feb 17 23:40:30 UTC 2020 /home/travis/build/icyphy/ptII/ptolemy/actor/lib/test/auto/ArrayLevelCrossing2.xml
----------------- Instantiating /home/travis/build/icyphy/ptII/ptolemy/actor/lib/test/auto/ArrayLevelCrossing2.xml
4 ms. Memory: 268288K Free: 174080K (65%)
----------------- Invoking toplevel() on ptolemy.moml.MoMLSimpleApplication@528b87f3
----------------- Done invoking toplevel() on ptolemy.moml.MoMLSimpleApplication@528b87f3
reloadAllAccessors: .ArrayLevelCrossing2

===========================================================================================
----------------- testing Mon Feb 17 23:40:30 UTC 2020 /home/travis/build/icyphy/ptII/ptolemy/actor/lib/test/auto/ArrayPeakSearch.xml
----------------- Instantiating /home/travis/build/icyphy/ptII/ptolemy/actor/lib/test/auto/ArrayPeakSearch.xml
5 ms. Memory: 268288K Free: 164864K (61%)
----------------- Invoking toplevel() on ptolemy.moml.MoMLSimpleApplication@7bca51ba
----------------- Done invoking toplevel() on ptolemy.moml.MoMLSimpleApplication@7bca51ba
reloadAllAccessors: .ArrayPeakSearch

===========================================================================================
----------------- testing Mon Feb 17 23:40:30 UTC 2020 /home/travis/build/icyphy/ptII/ptolemy/actor/lib/test/auto/ArrayPeakSearch2.xml
----------------- Instantiating /home/travis/build/icyphy/ptII/ptolemy/actor/lib/test/auto/ArrayPeakSearch2.xml
12 ms. Memory: 268288K Free: 154624K (58%)
----------------- Invoking toplevel() on ptolemy.moml.MoMLSimpleApplication@61d58112
----------------- Done invoking toplevel() on ptolemy.moml.MoMLSimpleApplication@61d58112
reloadAllAccessors: .ArrayPeakSearch2

===========================================================================================
----------------- testing Mon Feb 17 23:40:30 UTC 2020 /home/travis/build/icyphy/ptII/ptolemy/actor/lib/test/auto/ArrayPeakSearch3.xml
----------------- Instantiating /home/travis/build/icyphy/ptII/ptolemy/actor/lib/test/auto/ArrayPeakSearch3.xml
8 ms. Memory: 268288K Free: 145408K (54%)
----------------- Invoking toplevel() on ptolemy.moml.MoMLSimpleApplication@6915499d
----------------- Done invoking toplevel() on ptolemy.moml.MoMLSimpleApplication@6915499d
reloadAllAccessors: .ArrayPeakSearch3

===========================================================================================
----------------- testing Mon Feb 17 23:40:30 UTC 2020 /home/travis/build/icyphy/ptII/ptolemy/actor/lib/test/auto/ArrayRemoveElement.xml
----------------- Instantiating /home/travis/build/icyphy/ptII/ptolemy/actor/lib/test/auto/ArrayRemoveElement.xml
4 ms. Memory: 268288K Free: 137726K (51%)
----------------- Invoking toplevel() on ptolemy.moml.MoMLSimpleApplication@66f67417
----------------- Done invoking toplevel() on ptolemy.moml.MoMLSimpleApplication@66f67417
reloadAllAccessors: .ArrayRemoveElement

===========================================================================================
----------------- testing Mon Feb 17 23:40:30 UTC 2020 /home/travis/build/icyphy/ptII/ptolemy/actor/lib/test/auto/ArraySort.xml
----------------- Instantiating /home/travis/build/icyphy/ptII/ptolemy/actor/lib/test/auto/ArraySort.xml
6 ms. Memory: 268288K Free: 128510K (48%)
----------------- Invoking toplevel() on ptolemy.moml.MoMLSimpleApplication@65100db2
----------------- Done invoking toplevel() on ptolemy.moml.MoMLSimpleApplication@65100db2
reloadAllAccessors: .ArraySort

===========================================================================================
----------------- testing Mon Feb 17 23:40:30 UTC 2020 /home/travis/build/icyphy/ptII/ptolemy/actor/lib/test/auto/ArraySum.xml
----------------- Instantiating /home/travis/build/icyphy/ptII/ptolemy/actor/lib/test/auto/ArraySum.xml
5 ms. Memory: 268288K Free: 123390K (46%)
----------------- Invoking toplevel() on ptolemy.moml.MoMLSimpleApplication@a372470
----------------- Done invoking toplevel() on ptolemy.moml.MoMLSimpleApplication@a372470
reloadAllAccessors: .ArraySum

===========================================================================================
----------------- testing Mon Feb 17 23:40:30 UTC 2020 /home/travis/build/icyphy/ptII/ptolemy/actor/lib/test/auto/ArrayToElements.xml
----------------- Instantiating /home/travis/build/icyphy/ptII/ptolemy/actor/lib/test/auto/ArrayToElements.xml
8 ms. Memory: 268288K Free: 117760K (44%)
----------------- Invoking toplevel() on ptolemy.moml.MoMLSimpleApplication@62d0795d
----------------- Done invoking toplevel() on ptolemy.moml.MoMLSimpleApplication@62d0795d
reloadAllAccessors: .ArrayToElements

===========================================================================================
----------------- testing Mon Feb 17 23:40:30 UTC 2020 /home/travis/build/icyphy/ptII/ptolemy/actor/lib/test/auto/ArrayToMatrix.xml
----------------- Instantiating /home/travis/build/icyphy/ptII/ptolemy/actor/lib/test/auto/ArrayToMatrix.xml
11 ms. Memory: 268288K Free: 103934K (39%)
----------------- Invoking toplevel() on ptolemy.moml.MoMLSimpleApplication@6eb102f9
----------------- Done invoking toplevel() on ptolemy.moml.MoMLSimpleApplication@6eb102f9
reloadAllAccessors: .ArrayToMatrix

===========================================================================================
----------------- testing Mon Feb 17 23:40:30 UTC 2020 /home/travis/build/icyphy/ptII/ptolemy/actor/lib/test/auto/ArrayUpdate1.xml
----------------- Instantiating /home/travis/build/icyphy/ptII/ptolemy/actor/lib/test/auto/ArrayUpdate1.xml
5 ms. Memory: 268288K Free: 98814K (37%)
----------------- Invoking toplevel() on ptolemy.moml.MoMLSimpleApplication@68bc1a75
----------------- Done invoking toplevel() on ptolemy.moml.MoMLSimpleApplication@68bc1a75
reloadAllAccessors: .ArrayUpdate1

===========================================================================================
----------------- testing Mon Feb 17 23:40:31 UTC 2020 /home/travis/build/icyphy/ptII/ptolemy/actor/lib/test/auto/ArrayUpdate2.xml
----------------- Instantiating /home/travis/build/icyphy/ptII/ptolemy/actor/lib/test/auto/ArrayUpdate2.xml
3 ms. Memory: 268288K Free: 92670K (35%)
----------------- Invoking toplevel() on ptolemy.moml.MoMLSimpleApplication@49ddcc96
----------------- Done invoking toplevel() on ptolemy.moml.MoMLSimpleApplication@49ddcc96
reloadAllAccessors: .ArrayUpdate2

===========================================================================================
----------------- testing Mon Feb 17 23:40:31 UTC 2020 /home/travis/build/icyphy/ptII/ptolemy/actor/lib/test/auto/ArrayUpdate3.xml
----------------- Instantiating /home/travis/build/icyphy/ptII/ptolemy/actor/lib/test/auto/ArrayUpdate3.xml
5 ms. Memory: 268288K Free: 87550K (33%)
----------------- Invoking toplevel() on ptolemy.moml.MoMLSimpleApplication@5c54e8d1
----------------- Done invoking toplevel() on ptolemy.moml.MoMLSimpleApplication@5c54e8d1
reloadAllAccessors: .ArrayUpdate3

===========================================================================================
----------------- testing Mon Feb 17 23:40:31 UTC 2020 /home/travis/build/icyphy/ptII/ptolemy/actor/lib/test/auto/Assert1.xml
----------------- Instantiating /home/travis/build/icyphy/ptII/ptolemy/actor/lib/test/auto/Assert1.xml
6 ms. Memory: 268288K Free: 83454K (31%)
----------------- Invoking toplevel() on ptolemy.moml.MoMLSimpleApplication@311d1a9d
----------------- Done invoking toplevel() on ptolemy.moml.MoMLSimpleApplication@311d1a9d
reloadAllAccessors: .Assert1

===========================================================================================
----------------- testing Mon Feb 17 23:40:31 UTC 2020 /home/travis/build/icyphy/ptII/ptolemy/actor/lib/test/auto/Assert2.xml
----------------- Instantiating /home/travis/build/icyphy/ptII/ptolemy/actor/lib/test/auto/Assert2.xml
2 ms. Memory: 268288K Free: 78334K (29%)
----------------- Invoking toplevel() on ptolemy.moml.MoMLSimpleApplication@38cb4326
----------------- Done invoking toplevel() on ptolemy.moml.MoMLSimpleApplication@38cb4326
reloadAllAccessors: .Assert2

===========================================================================================
----------------- testing Mon Feb 17 23:40:31 UTC 2020 /home/travis/build/icyphy/ptII/ptolemy/actor/lib/test/auto/BooleanMultiplexor.xml
----------------- Instantiating /home/travis/build/icyphy/ptII/ptolemy/actor/lib/test/auto/BooleanMultiplexor.xml
2 ms. Memory: 268288K Free: 73199K (27%)
----------------- Invoking toplevel() on ptolemy.moml.MoMLSimpleApplication@78c6d82c
----------------- Done invoking toplevel() on ptolemy.moml.MoMLSimpleApplication@78c6d82c
reloadAllAccessors: .BooleanMultiplexor

===========================================================================================
----------------- testing Mon Feb 17 23:40:31 UTC 2020 /home/travis/build/icyphy/ptII/ptolemy/actor/lib/test/auto/BooleanMultiplexor2.xml
----------------- Instantiating /home/travis/build/icyphy/ptII/ptolemy/actor/lib/test/auto/BooleanMultiplexor2.xml
12 ms. Memory: 268288K Free: 66560K (25%)
----------------- Invoking toplevel() on ptolemy.moml.MoMLSimpleApplication@7d89971
----------------- Done invoking toplevel() on ptolemy.moml.MoMLSimpleApplication@7d89971
reloadAllAccessors: .BooleanMultiplexor2

===========================================================================================
----------------- testing Mon Feb 17 23:40:31 UTC 2020 /home/travis/build/icyphy/ptII/ptolemy/actor/lib/test/auto/BooleanMultiplexor3.xml
----------------- Instantiating /home/travis/build/icyphy/ptII/ptolemy/actor/lib/test/auto/BooleanMultiplexor3.xml
4 ms. Memory: 268288K Free: 217746K (81%)
----------------- Invoking toplevel() on ptolemy.moml.MoMLSimpleApplication@d26aeae
----------------- Done invoking toplevel() on ptolemy.moml.MoMLSimpleApplication@d26aeae
reloadAllAccessors: .BooleanMultiplexor3

===========================================================================================
----------------- testing Mon Feb 17 23:40:31 UTC 2020 /home/travis/build/icyphy/ptII/ptolemy/actor/lib/test/auto/BooleanSelect.xml
----------------- Instantiating /home/travis/build/icyphy/ptII/ptolemy/actor/lib/test/auto/BooleanSelect.xml
5 ms. Memory: 268288K Free: 211596K (79%)
----------------- Invoking toplevel() on ptolemy.moml.MoMLSimpleApplication@203b3e30
----------------- Done invoking toplevel() on ptolemy.moml.MoMLSimpleApplication@203b3e30
reloadAllAccessors: .BooleanSelect

===========================================================================================
----------------- testing Mon Feb 17 23:40:31 UTC 2020 /home/travis/build/icyphy/ptII/ptolemy/actor/lib/test/auto/BooleanSelect2.xml
----------------- Instantiating /home/travis/build/icyphy/ptII/ptolemy/actor/lib/test/auto/BooleanSelect2.xml
3 ms. Memory: 268288K Free: 206482K (77%)
----------------- Invoking toplevel() on ptolemy.moml.MoMLSimpleApplication@28a12cae
----------------- Done invoking toplevel() on ptolemy.moml.MoMLSimpleApplication@28a12cae
reloadAllAccessors: .BooleanSelect2

===========================================================================================
----------------- testing Mon Feb 17 23:40:31 UTC 2020 /home/travis/build/icyphy/ptII/ptolemy/actor/lib/test/auto/BooleanSwitch.xml
----------------- Instantiating /home/travis/build/icyphy/ptII/ptolemy/actor/lib/test/auto/BooleanSwitch.xml
14 ms. Memory: 268288K Free: 200338K (75%)
----------------- Invoking toplevel() on ptolemy.moml.MoMLSimpleApplication@437cc9a9
----------------- Done invoking toplevel() on ptolemy.moml.MoMLSimpleApplication@437cc9a9
reloadAllAccessors: .BooleanSwitch

===========================================================================================
----------------- testing Mon Feb 17 23:40:31 UTC 2020 /home/travis/build/icyphy/ptII/ptolemy/actor/lib/test/auto/BooleanSwitch2.xml
----------------- Instantiating /home/travis/build/icyphy/ptII/ptolemy/actor/lib/test/auto/BooleanSwitch2.xml
2 ms. Memory: 268288K Free: 195732K (73%)
----------------- Invoking toplevel() on ptolemy.moml.MoMLSimpleApplication@2b9ada45
----------------- Done invoking toplevel() on ptolemy.moml.MoMLSimpleApplication@2b9ada45
reloadAllAccessors: .BooleanSwitch2

===========================================================================================
----------------- testing Mon Feb 17 23:40:31 UTC 2020 /home/travis/build/icyphy/ptII/ptolemy/actor/lib/test/auto/BooleanSwitchCloningBugWithClassRelationGroup.xml
----------------- Instantiating /home/travis/build/icyphy/ptII/ptolemy/actor/lib/test/auto/BooleanSwitchCloningBugWithClassRelationGroup.xml
5 ms. Memory: 268288K Free: 189588K (71%)
----------------- Invoking toplevel() on ptolemy.moml.MoMLSimpleApplication@41346550
----------------- Done invoking toplevel() on ptolemy.moml.MoMLSimpleApplication@41346550
reloadAllAccessors: .BooleanSwitchCloningBugWithClassRelationGroup

===========================================================================================
----------------- testing Mon Feb 17 23:40:31 UTC 2020 /home/travis/build/icyphy/ptII/ptolemy/actor/lib/test/auto/BusActors.xml
----------------- Instantiating /home/travis/build/icyphy/ptII/ptolemy/actor/lib/test/auto/BusActors.xml
7 ms. Memory: 268288K Free: 181396K (68%)
----------------- Invoking toplevel() on ptolemy.moml.MoMLSimpleApplication@3e981f9d
----------------- Done invoking toplevel() on ptolemy.moml.MoMLSimpleApplication@3e981f9d
reloadAllAccessors: .BusActors

===========================================================================================
----------------- testing Mon Feb 17 23:40:31 UTC 2020 /home/travis/build/icyphy/ptII/ptolemy/actor/lib/test/auto/ClassWrapper.xml
----------------- Instantiating /home/travis/build/icyphy/ptII/ptolemy/actor/lib/test/auto/ClassWrapper.xml
4 ms. Memory: 268288K Free: 177300K (66%)
----------------- Invoking toplevel() on ptolemy.moml.MoMLSimpleApplication@40c6e8fa
----------------- Done invoking toplevel() on ptolemy.moml.MoMLSimpleApplication@40c6e8fa
reloadAllAccessors: .ClassWrapper

===========================================================================================
----------------- testing Mon Feb 17 23:40:31 UTC 2020 /home/travis/build/icyphy/ptII/ptolemy/actor/lib/test/auto/Clock.xml
----------------- Instantiating /home/travis/build/icyphy/ptII/ptolemy/actor/lib/test/auto/Clock.xml
1 ms. Memory: 268288K Free: 173204K (65%)
----------------- Invoking toplevel() on ptolemy.moml.MoMLSimpleApplication@413e5c5
----------------- Done invoking toplevel() on ptolemy.moml.MoMLSimpleApplication@413e5c5
reloadAllAccessors: .Clock

===========================================================================================
----------------- testing Mon Feb 17 23:40:31 UTC 2020 /home/travis/build/icyphy/ptII/ptolemy/actor/lib/test/auto/Clock10.xml
----------------- Instantiating /home/travis/build/icyphy/ptII/ptolemy/actor/lib/test/auto/Clock10.xml
8 ms. Memory: 268288K Free: 167570K (62%)
----------------- Invoking toplevel() on ptolemy.moml.MoMLSimpleApplication@5680e6c3
----------------- Done invoking toplevel() on ptolemy.moml.MoMLSimpleApplication@5680e6c3
reloadAllAccessors: .Clock10

===========================================================================================
----------------- testing Mon Feb 17 23:40:31 UTC 2020 /home/travis/build/icyphy/ptII/ptolemy/actor/lib/test/auto/Clock11.xml
----------------- Instantiating /home/travis/build/icyphy/ptII/ptolemy/actor/lib/test/auto/Clock11.xml
2 ms. Memory: 268288K Free: 161426K (60%)
----------------- Invoking toplevel() on ptolemy.moml.MoMLSimpleApplication@5be206e3
----------------- Done invoking toplevel() on ptolemy.moml.MoMLSimpleApplication@5be206e3
reloadAllAccessors: .Clock11

===========================================================================================
----------------- testing Mon Feb 17 23:40:31 UTC 2020 /home/travis/build/icyphy/ptII/ptolemy/actor/lib/test/auto/Clock12.xml
----------------- Instantiating /home/travis/build/icyphy/ptII/ptolemy/actor/lib/test/auto/Clock12.xml
5 ms. Memory: 268288K Free: 155796K (58%)
----------------- Invoking toplevel() on ptolemy.moml.MoMLSimpleApplication@e94029
----------------- Done invoking toplevel() on ptolemy.moml.MoMLSimpleApplication@e94029
reloadAllAccessors: .Clock12

===========================================================================================
----------------- testing Mon Feb 17 23:40:31 UTC 2020 /home/travis/build/icyphy/ptII/ptolemy/actor/lib/test/auto/Clock13.xml
----------------- Instantiating /home/travis/build/icyphy/ptII/ptolemy/actor/lib/test/auto/Clock13.xml
4 ms. Memory: 268288K Free: 149652K (56%)
----------------- Invoking toplevel() on ptolemy.moml.MoMLSimpleApplication@8228138
----------------- Done invoking toplevel() on ptolemy.moml.MoMLSimpleApplication@8228138
reloadAllAccessors: .Clock13

===========================================================================================
----------------- testing Mon Feb 17 23:40:31 UTC 2020 /home/travis/build/icyphy/ptII/ptolemy/actor/lib/test/auto/Clock14.xml
----------------- Instantiating /home/travis/build/icyphy/ptII/ptolemy/actor/lib/test/auto/Clock14.xml
3 ms. Memory: 268288K Free: 143988K (54%)
----------------- Invoking toplevel() on ptolemy.moml.MoMLSimpleApplication@55cd82a2
----------------- Done invoking toplevel() on ptolemy.moml.MoMLSimpleApplication@55cd82a2
reloadAllAccessors: .Clock14

===========================================================================================
----------------- testing Mon Feb 17 23:40:31 UTC 2020 /home/travis/build/icyphy/ptII/ptolemy/actor/lib/test/auto/Clock15.xml
----------------- Instantiating /home/travis/build/icyphy/ptII/ptolemy/actor/lib/test/auto/Clock15.xml
4 ms. Memory: 268288K Free: 137844K (51%)
----------------- Invoking toplevel() on ptolemy.moml.MoMLSimpleApplication@606c1728
----------------- Done invoking toplevel() on ptolemy.moml.MoMLSimpleApplication@606c1728
reloadAllAccessors: .Clock15

===========================================================================================
----------------- testing Mon Feb 17 23:40:31 UTC 2020 /home/travis/build/icyphy/ptII/ptolemy/actor/lib/test/auto/Clock16.xml
----------------- Instantiating /home/travis/build/icyphy/ptII/ptolemy/actor/lib/test/auto/Clock16.xml
44 ms. Memory: 268288K Free: 123028K (46%)
----------------- Invoking toplevel() on ptolemy.moml.MoMLSimpleApplication@1e0f2b4f
----------------- Done invoking toplevel() on ptolemy.moml.MoMLSimpleApplication@1e0f2b4f
reloadAllAccessors: .Clock16

===========================================================================================
----------------- testing Mon Feb 17 23:40:31 UTC 2020 /home/travis/build/icyphy/ptII/ptolemy/actor/lib/test/auto/Clock17.xml
----------------- Instantiating /home/travis/build/icyphy/ptII/ptolemy/actor/lib/test/auto/Clock17.xml
23 ms. Memory: 268288K Free: 109188K (41%)
----------------- Invoking toplevel() on ptolemy.moml.MoMLSimpleApplication@3f125ec
----------------- Done invoking toplevel() on ptolemy.moml.MoMLSimpleApplication@3f125ec
reloadAllAccessors: .Clock17

===========================================================================================
----------------- testing Mon Feb 17 23:40:31 UTC 2020 /home/travis/build/icyphy/ptII/ptolemy/actor/lib/test/auto/Clock18.xml
----------------- Instantiating /home/travis/build/icyphy/ptII/ptolemy/actor/lib/test/auto/Clock18.xml
23 ms. Memory: 268288K Free: 95876K (36%)
----------------- Invoking toplevel() on ptolemy.moml.MoMLSimpleApplication@e99a80b
----------------- Done invoking toplevel() on ptolemy.moml.MoMLSimpleApplication@e99a80b
reloadAllAccessors: .Clock18

===========================================================================================
----------------- testing Mon Feb 17 23:40:31 UTC 2020 /home/travis/build/icyphy/ptII/ptolemy/actor/lib/test/auto/Clock19.xml
----------------- Instantiating /home/travis/build/icyphy/ptII/ptolemy/actor/lib/test/auto/Clock19.xml
17 ms. Memory: 268288K Free: 83092K (31%)
----------------- Invoking toplevel() on ptolemy.moml.MoMLSimpleApplication@73599ae4
----------------- Done invoking toplevel() on ptolemy.moml.MoMLSimpleApplication@73599ae4
reloadAllAccessors: .Clock19

===========================================================================================
----------------- testing Mon Feb 17 23:40:31 UTC 2020 /home/travis/build/icyphy/ptII/ptolemy/actor/lib/test/auto/Clock2.xml
----------------- Instantiating /home/travis/build/icyphy/ptII/ptolemy/actor/lib/test/auto/Clock2.xml
8 ms. Memory: 268288K Free: 78476K (29%)
----------------- Invoking toplevel() on ptolemy.moml.MoMLSimpleApplication@2954be65
----------------- Done invoking toplevel() on ptolemy.moml.MoMLSimpleApplication@2954be65
reloadAllAccessors: .Clock2

===========================================================================================
----------------- testing Mon Feb 17 23:40:31 UTC 2020 /home/travis/build/icyphy/ptII/ptolemy/actor/lib/test/auto/Clock20.xml
----------------- Instantiating /home/travis/build/icyphy/ptII/ptolemy/actor/lib/test/auto/Clock20.xml
10 ms. Memory: 268288K Free: 73362K (27%)
----------------- Invoking toplevel() on ptolemy.moml.MoMLSimpleApplication@5843e5dc
----------------- Done invoking toplevel() on ptolemy.moml.MoMLSimpleApplication@5843e5dc
reloadAllAccessors: .Clock20

===========================================================================================
----------------- testing Mon Feb 17 23:40:31 UTC 2020 /home/travis/build/icyphy/ptII/ptolemy/actor/lib/test/auto/Clock21.xml
----------------- Instantiating /home/travis/build/icyphy/ptII/ptolemy/actor/lib/test/auto/Clock21.xml
8 ms. Memory: 268288K Free: 67732K (25%)
----------------- Invoking toplevel() on ptolemy.moml.MoMLSimpleApplication@121651b9
----------------- Done invoking toplevel() on ptolemy.moml.MoMLSimpleApplication@121651b9
reloadAllAccessors: .Clock21

===========================================================================================
----------------- testing Mon Feb 17 23:40:31 UTC 2020 /home/travis/build/icyphy/ptII/ptolemy/actor/lib/test/auto/Clock22.xml
----------------- Instantiating /home/travis/build/icyphy/ptII/ptolemy/actor/lib/test/auto/Clock22.xml
5 ms. Memory: 268288K Free: 62098K (23%)
----------------- Invoking toplevel() on ptolemy.moml.MoMLSimpleApplication@2652c8a0
----------------- Done invoking toplevel() on ptolemy.moml.MoMLSimpleApplication@2652c8a0
reloadAllAccessors: .Clock22

===========================================================================================
----------------- testing Mon Feb 17 23:40:31 UTC 2020 /home/travis/build/icyphy/ptII/ptolemy/actor/lib/test/auto/Clock23.xml
----------------- Instantiating /home/travis/build/icyphy/ptII/ptolemy/actor/lib/test/auto/Clock23.xml
6 ms. Memory: 268288K Free: 216559K (81%)
----------------- Invoking toplevel() on ptolemy.moml.MoMLSimpleApplication@4622175e
----------------- Done invoking toplevel() on ptolemy.moml.MoMLSimpleApplication@4622175e
reloadAllAccessors: .Clock23

===========================================================================================
----------------- testing Mon Feb 17 23:40:32 UTC 2020 /home/travis/build/icyphy/ptII/ptolemy/actor/lib/test/auto/Clock24.xml
----------------- Instantiating /home/travis/build/icyphy/ptII/ptolemy/actor/lib/test/auto/Clock24.xml
4 ms. Memory: 268288K Free: 210944K (79%)
----------------- Invoking toplevel() on ptolemy.moml.MoMLSimpleApplication@2b58942a
----------------- Done invoking toplevel() on ptolemy.moml.MoMLSimpleApplication@2b58942a
reloadAllAccessors: .Clock24

===========================================================================================
----------------- testing Mon Feb 17 23:40:32 UTC 2020 /home/travis/build/icyphy/ptII/ptolemy/actor/lib/test/auto/Clock4.xml
----------------- Instantiating /home/travis/build/icyphy/ptII/ptolemy/actor/lib/test/auto/Clock4.xml
2 ms. Memory: 268288K Free: 205824K (77%)
----------------- Invoking toplevel() on ptolemy.moml.MoMLSimpleApplication@240d7343
----------------- Done invoking toplevel() on ptolemy.moml.MoMLSimpleApplication@240d7343
reloadAllAccessors: .Clock4

===========================================================================================
----------------- testing Mon Feb 17 23:40:32 UTC 2020 /home/travis/build/icyphy/ptII/ptolemy/actor/lib/test/auto/Clock5.xml
----------------- Instantiating /home/travis/build/icyphy/ptII/ptolemy/actor/lib/test/auto/Clock5.xml
1 ms. Memory: 268288K Free: 200704K (75%)
----------------- Invoking toplevel() on ptolemy.moml.MoMLSimpleApplication@321a4533
----------------- Done invoking toplevel() on ptolemy.moml.MoMLSimpleApplication@321a4533
reloadAllAccessors: .Clock5

===========================================================================================
----------------- testing Mon Feb 17 23:40:32 UTC 2020 /home/travis/build/icyphy/ptII/ptolemy/actor/lib/test/auto/Clock6.xml
----------------- Instantiating /home/travis/build/icyphy/ptII/ptolemy/actor/lib/test/auto/Clock6.xml
2 ms. Memory: 268288K Free: 196608K (73%)
----------------- Invoking toplevel() on ptolemy.moml.MoMLSimpleApplication@4d81b121
----------------- Done invoking toplevel() on ptolemy.moml.MoMLSimpleApplication@4d81b121
reloadAllAccessors: .Clock6

===========================================================================================
----------------- testing Mon Feb 17 23:40:32 UTC 2020 /home/travis/build/icyphy/ptII/ptolemy/actor/lib/test/auto/Clock7.xml
----------------- Instantiating /home/travis/build/icyphy/ptII/ptolemy/actor/lib/test/auto/Clock7.xml
1 ms. Memory: 268288K Free: 192510K (72%)
----------------- Invoking toplevel() on ptolemy.moml.MoMLSimpleApplication@3809f804
----------------- Done invoking toplevel() on ptolemy.moml.MoMLSimpleApplication@3809f804
reloadAllAccessors: .Clock7

===========================================================================================
----------------- testing Mon Feb 17 23:40:32 UTC 2020 /home/travis/build/icyphy/ptII/ptolemy/actor/lib/test/auto/Clock8.xml
----------------- Instantiating /home/travis/build/icyphy/ptII/ptolemy/actor/lib/test/auto/Clock8.xml
5 ms. Memory: 268288K Free: 186847K (70%)
----------------- Invoking toplevel() on ptolemy.moml.MoMLSimpleApplication@e646380
----------------- Done invoking toplevel() on ptolemy.moml.MoMLSimpleApplication@e646380
reloadAllAccessors: .Clock8

===========================================================================================
----------------- testing Mon Feb 17 23:40:32 UTC 2020 /home/travis/build/icyphy/ptII/ptolemy/actor/lib/test/auto/Clock9.xml
----------------- Instantiating /home/travis/build/icyphy/ptII/ptolemy/actor/lib/test/auto/Clock9.xml
5 ms. Memory: 268288K Free: 181248K (68%)
----------------- Invoking toplevel() on ptolemy.moml.MoMLSimpleApplication@11769235
----------------- Done invoking toplevel() on ptolemy.moml.MoMLSimpleApplication@11769235
reloadAllAccessors: .Clock9

===========================================================================================
----------------- testing Mon Feb 17 23:40:32 UTC 2020 /home/travis/build/icyphy/ptII/ptolemy/actor/lib/test/auto/CommDistDiscard.xml
----------------- Instantiating /home/travis/build/icyphy/ptII/ptolemy/actor/lib/test/auto/CommDistDiscard.xml
5 ms. Memory: 268288K Free: 176128K (66%)
----------------- Invoking toplevel() on ptolemy.moml.MoMLSimpleApplication@6d726bfa
----------------- Done invoking toplevel() on ptolemy.moml.MoMLSimpleApplication@6d726bfa
reloadAllAccessors: .CommDistDiscard

===========================================================================================
----------------- testing Mon Feb 17 23:40:32 UTC 2020 /home/travis/build/icyphy/ptII/ptolemy/actor/lib/test/auto/Commutator.xml
----------------- Instantiating /home/travis/build/icyphy/ptII/ptolemy/actor/lib/test/auto/Commutator.xml
5 ms. Memory: 268288K Free: 171518K (64%)
----------------- Invoking toplevel() on ptolemy.moml.MoMLSimpleApplication@373a2eb4
----------------- Done invoking toplevel() on ptolemy.moml.MoMLSimpleApplication@373a2eb4
reloadAllAccessors: .Commutator

===========================================================================================
----------------- testing Mon Feb 17 23:40:32 UTC 2020 /home/travis/build/icyphy/ptII/ptolemy/actor/lib/test/auto/Commutator2.xml
----------------- Instantiating /home/travis/build/icyphy/ptII/ptolemy/actor/lib/test/auto/Commutator2.xml
1 ms. Memory: 268288K Free: 167422K (62%)
----------------- Invoking toplevel() on ptolemy.moml.MoMLSimpleApplication@506e252d
----------------- Done invoking toplevel() on ptolemy.moml.MoMLSimpleApplication@506e252d
reloadAllAccessors: .Commutator2

===========================================================================================
----------------- testing Mon Feb 17 23:40:32 UTC 2020 /home/travis/build/icyphy/ptII/ptolemy/actor/lib/test/auto/Commutator3.xml
----------------- Instantiating /home/travis/build/icyphy/ptII/ptolemy/actor/lib/test/auto/Commutator3.xml
2 ms. Memory: 268288K Free: 162816K (61%)
----------------- Invoking toplevel() on ptolemy.moml.MoMLSimpleApplication@6362ceb1
----------------- Done invoking toplevel() on ptolemy.moml.MoMLSimpleApplication@6362ceb1
reloadAllAccessors: .Commutator3

===========================================================================================
----------------- testing Mon Feb 17 23:40:32 UTC 2020 /home/travis/build/icyphy/ptII/ptolemy/actor/lib/test/auto/Compare.xml
----------------- Instantiating /home/travis/build/icyphy/ptII/ptolemy/actor/lib/test/auto/Compare.xml
3 ms. Memory: 268288K Free: 156158K (58%)
----------------- Invoking toplevel() on ptolemy.moml.MoMLSimpleApplication@132179d
----------------- Done invoking toplevel() on ptolemy.moml.MoMLSimpleApplication@132179d
reloadAllAccessors: .Compare

===========================================================================================
----------------- testing Mon Feb 17 23:40:32 UTC 2020 /home/travis/build/icyphy/ptII/ptolemy/actor/lib/test/auto/CompareDE.xml
----------------- Instantiating /home/travis/build/icyphy/ptII/ptolemy/actor/lib/test/auto/CompareDE.xml
5 ms. Memory: 268288K Free: 149504K (56%)
----------------- Invoking toplevel() on ptolemy.moml.MoMLSimpleApplication@195536
----------------- Done invoking toplevel() on ptolemy.moml.MoMLSimpleApplication@195536
reloadAllAccessors: .CompareDE

===========================================================================================
----------------- testing Mon Feb 17 23:40:32 UTC 2020 /home/travis/build/icyphy/ptII/ptolemy/actor/lib/test/auto/ComplexDivide.xml
----------------- Instantiating /home/travis/build/icyphy/ptII/ptolemy/actor/lib/test/auto/ComplexDivide.xml
1 ms. Memory: 268288K Free: 145408K (54%)
----------------- Invoking toplevel() on ptolemy.moml.MoMLSimpleApplication@d6057a7
----------------- Done invoking toplevel() on ptolemy.moml.MoMLSimpleApplication@d6057a7
reloadAllAccessors: .ComplexDivide

===========================================================================================
----------------- testing Mon Feb 17 23:40:32 UTC 2020 /home/travis/build/icyphy/ptII/ptolemy/actor/lib/test/auto/ComputeHistogram.xml
----------------- Instantiating /home/travis/build/icyphy/ptII/ptolemy/actor/lib/test/auto/ComputeHistogram.xml
29 ms. Memory: 268288K Free: 133120K (50%)
----------------- Invoking toplevel() on ptolemy.moml.MoMLSimpleApplication@308c83af
----------------- Done invoking toplevel() on ptolemy.moml.MoMLSimpleApplication@308c83af
reloadAllAccessors: .ComputeHistogram

===========================================================================================
----------------- testing Mon Feb 17 23:40:32 UTC 2020 /home/travis/build/icyphy/ptII/ptolemy/actor/lib/test/auto/ConfigurationSelect.xml
----------------- Instantiating /home/travis/build/icyphy/ptII/ptolemy/actor/lib/test/auto/ConfigurationSelect.xml
10 ms. Memory: 268288K Free: 127455K (48%)
----------------- Invoking toplevel() on ptolemy.moml.MoMLSimpleApplication@2a447c37
----------------- Done invoking toplevel() on ptolemy.moml.MoMLSimpleApplication@2a447c37
reloadAllAccessors: .ConfigurationSelect

===========================================================================================
----------------- testing Mon Feb 17 23:40:32 UTC 2020 /home/travis/build/icyphy/ptII/ptolemy/actor/lib/test/auto/ConfigurationSelect2.xml
----------------- Instantiating /home/travis/build/icyphy/ptII/ptolemy/actor/lib/test/auto/ConfigurationSelect2.xml
2 ms. Memory: 268288K Free: 122880K (46%)
----------------- Invoking toplevel() on ptolemy.moml.MoMLSimpleApplication@74d82de7
----------------- Done invoking toplevel() on ptolemy.moml.MoMLSimpleApplication@74d82de7
reloadAllAccessors: .ConfigurationSelect2

===========================================================================================
----------------- testing Mon Feb 17 23:40:32 UTC 2020 /home/travis/build/icyphy/ptII/ptolemy/actor/lib/test/auto/ConfigurationSwitch.xml
----------------- Instantiating /home/travis/build/icyphy/ptII/ptolemy/actor/lib/test/auto/ConfigurationSwitch.xml
2 ms. Memory: 268288K Free: 117760K (44%)
----------------- Invoking toplevel() on ptolemy.moml.MoMLSimpleApplication@23cf71aa
----------------- Done invoking toplevel() on ptolemy.moml.MoMLSimpleApplication@23cf71aa
reloadAllAccessors: .ConfigurationSwitch

===========================================================================================
----------------- testing Mon Feb 17 23:40:32 UTC 2020 /home/travis/build/icyphy/ptII/ptolemy/actor/lib/test/auto/ConfigurationSwitch2.xml
----------------- Instantiating /home/travis/build/icyphy/ptII/ptolemy/actor/lib/test/auto/ConfigurationSwitch2.xml
4 ms. Memory: 268288K Free: 112126K (42%)
----------------- Invoking toplevel() on ptolemy.moml.MoMLSimpleApplication@151b525
----------------- Done invoking toplevel() on ptolemy.moml.MoMLSimpleApplication@151b525
reloadAllAccessors: .ConfigurationSwitch2

===========================================================================================
----------------- testing Mon Feb 17 23:40:32 UTC 2020 /home/travis/build/icyphy/ptII/ptolemy/actor/lib/test/auto/ConfigurationSwitchCloningBugWithClassRelationGroup.xml
----------------- Instantiating /home/travis/build/icyphy/ptII/ptolemy/actor/lib/test/auto/ConfigurationSwitchCloningBugWithClassRelationGroup.xml
1 ms. Memory: 268288K Free: 105472K (39%)
----------------- Invoking toplevel() on ptolemy.moml.MoMLSimpleApplication@2bba9d80
----------------- Done invoking toplevel() on ptolemy.moml.MoMLSimpleApplication@2bba9d80
reloadAllAccessors: .ConfigurationSwitchCloningBugWithClassRelationGroup

===========================================================================================
----------------- testing Mon Feb 17 23:40:32 UTC 2020 /home/travis/build/icyphy/ptII/ptolemy/actor/lib/test/auto/ConfigurationSwitchSelectSDF.xml
----------------- Instantiating /home/travis/build/icyphy/ptII/ptolemy/actor/lib/test/auto/ConfigurationSwitchSelectSDF.xml
3 ms. Memory: 268288K Free: 100352K (37%)
----------------- Invoking toplevel() on ptolemy.moml.MoMLSimpleApplication@2fd746b9
----------------- Done invoking toplevel() on ptolemy.moml.MoMLSimpleApplication@2fd746b9
reloadAllAccessors: .ConfigurationSwitchSelectSDF

===========================================================================================
----------------- testing Mon Feb 17 23:40:32 UTC 2020 /home/travis/build/icyphy/ptII/ptolemy/actor/lib/test/auto/ConfigurationSwitchSelectSDF2.xml
----------------- Instantiating /home/travis/build/icyphy/ptII/ptolemy/actor/lib/test/auto/ConfigurationSwitchSelectSDF2.xml
2 ms. Memory: 268288K Free: 94718K (35%)
----------------- Invoking toplevel() on ptolemy.moml.MoMLSimpleApplication@1a9630c4
----------------- Done invoking toplevel() on ptolemy.moml.MoMLSimpleApplication@1a9630c4
reloadAllAccessors: .ConfigurationSwitchSelectSDF2

===========================================================================================
----------------- testing Mon Feb 17 23:40:32 UTC 2020 /home/travis/build/icyphy/ptII/ptolemy/actor/lib/test/auto/Const.xml
----------------- Instantiating /home/travis/build/icyphy/ptII/ptolemy/actor/lib/test/auto/Const.xml
1 ms. Memory: 268288K Free: 90622K (34%)
----------------- Invoking toplevel() on ptolemy.moml.MoMLSimpleApplication@355a5bc5
----------------- Done invoking toplevel() on ptolemy.moml.MoMLSimpleApplication@355a5bc5
reloadAllAccessors: .Const

===========================================================================================
----------------- testing Mon Feb 17 23:40:32 UTC 2020 /home/travis/build/icyphy/ptII/ptolemy/actor/lib/test/auto/Const2.xml
----------------- Instantiating /home/travis/build/icyphy/ptII/ptolemy/actor/lib/test/auto/Const2.xml
1 ms. Memory: 268288K Free: 87040K (32%)
----------------- Invoking toplevel() on ptolemy.moml.MoMLSimpleApplication@77577b8e
----------------- Done invoking toplevel() on ptolemy.moml.MoMLSimpleApplication@77577b8e
reloadAllAccessors: .Const2

===========================================================================================
----------------- testing Mon Feb 17 23:40:32 UTC 2020 /home/travis/build/icyphy/ptII/ptolemy/actor/lib/test/auto/Const3.xml
----------------- Instantiating /home/travis/build/icyphy/ptII/ptolemy/actor/lib/test/auto/Const3.xml
1 ms. Memory: 268288K Free: 83968K (31%)
----------------- Invoking toplevel() on ptolemy.moml.MoMLSimpleApplication@62b7b1da
----------------- Done invoking toplevel() on ptolemy.moml.MoMLSimpleApplication@62b7b1da
reloadAllAccessors: .Const3

===========================================================================================
----------------- testing Mon Feb 17 23:40:32 UTC 2020 /home/travis/build/icyphy/ptII/ptolemy/actor/lib/test/auto/ConstantPublisherPort1.xml
----------------- Instantiating /home/travis/build/icyphy/ptII/ptolemy/actor/lib/test/auto/ConstantPublisherPort1.xml
6 ms. Memory: 268288K Free: 75262K (28%)
----------------- Invoking toplevel() on ptolemy.moml.MoMLSimpleApplication@27b2986f
----------------- Done invoking toplevel() on ptolemy.moml.MoMLSimpleApplication@27b2986f
reloadAllAccessors: .ConstantPublisherPort1

===========================================================================================
----------------- testing Mon Feb 17 23:40:32 UTC 2020 /home/travis/build/icyphy/ptII/ptolemy/actor/lib/test/auto/ConstantPublisherPort2.xml
----------------- Instantiating /home/travis/build/icyphy/ptII/ptolemy/actor/lib/test/auto/ConstantPublisherPort2.xml
12 ms. Memory: 268288K Free: 67584K (25%)
----------------- Invoking toplevel() on ptolemy.moml.MoMLSimpleApplication@8ed06ea
----------------- Done invoking toplevel() on ptolemy.moml.MoMLSimpleApplication@8ed06ea
reloadAllAccessors: .ConstantPublisherPort2

===========================================================================================
----------------- testing Mon Feb 17 23:40:32 UTC 2020 /home/travis/build/icyphy/ptII/ptolemy/actor/lib/test/auto/ConstantPublisherPort3.xml
----------------- Instantiating /home/travis/build/icyphy/ptII/ptolemy/actor/lib/test/auto/ConstantPublisherPort3.xml
14 ms. Memory: 268288K Free: 219036K (82%)
----------------- Invoking toplevel() on ptolemy.moml.MoMLSimpleApplication@4ced8653
----------------- Done invoking toplevel() on ptolemy.moml.MoMLSimpleApplication@4ced8653
reloadAllAccessors: .ConstantPublisherPort3

===========================================================================================
----------------- testing Mon Feb 17 23:40:32 UTC 2020 /home/travis/build/icyphy/ptII/ptolemy/actor/lib/test/auto/ConstantPublisherPort4.xml
----------------- Instantiating /home/travis/build/icyphy/ptII/ptolemy/actor/lib/test/auto/ConstantPublisherPort4.xml
3 ms. Memory: 268288K Free: 211340K (79%)
----------------- Invoking toplevel() on ptolemy.moml.MoMLSimpleApplication@ae261f0
----------------- Done invoking toplevel() on ptolemy.moml.MoMLSimpleApplication@ae261f0
reloadAllAccessors: .ConstantPublisherPort4

===========================================================================================
----------------- testing Mon Feb 17 23:40:32 UTC 2020 /home/travis/build/icyphy/ptII/ptolemy/actor/lib/test/auto/ConstantPublisherPort5.xml
----------------- Instantiating /home/travis/build/icyphy/ptII/ptolemy/actor/lib/test/auto/ConstantPublisherPort5.xml
35 ms. Memory: 268288K Free: 202136K (75%)
----------------- Invoking toplevel() on ptolemy.moml.MoMLSimpleApplication@1e78d0b5
----------------- Done invoking toplevel() on ptolemy.moml.MoMLSimpleApplication@1e78d0b5
reloadAllAccessors: .ConstantPublisherPort5

===========================================================================================
----------------- testing Mon Feb 17 23:40:32 UTC 2020 /home/travis/build/icyphy/ptII/ptolemy/actor/lib/test/auto/ConstantPublisherPort6.xml
----------------- Instantiating /home/travis/build/icyphy/ptII/ptolemy/actor/lib/test/auto/ConstantPublisherPort6.xml
22 ms. Memory: 268288K Free: 192412K (72%)
----------------- Invoking toplevel() on ptolemy.moml.MoMLSimpleApplication@2a0013f3
----------------- Done invoking toplevel() on ptolemy.moml.MoMLSimpleApplication@2a0013f3
reloadAllAccessors: .ConstantPublisherPort6

===========================================================================================
----------------- testing Mon Feb 17 23:40:32 UTC 2020 /home/travis/build/icyphy/ptII/ptolemy/actor/lib/test/auto/ConstantPublisherPort7.xml
----------------- Instantiating /home/travis/build/icyphy/ptII/ptolemy/actor/lib/test/auto/ConstantPublisherPort7.xml
16 ms. Memory: 268288K Free: 183196K (68%)
----------------- Invoking toplevel() on ptolemy.moml.MoMLSimpleApplication@16cbf327
----------------- Done invoking toplevel() on ptolemy.moml.MoMLSimpleApplication@16cbf327
reloadAllAccessors: .ConstantPublisherPort7

===========================================================================================
----------------- testing Mon Feb 17 23:40:32 UTC 2020 /home/travis/build/icyphy/ptII/ptolemy/actor/lib/test/auto/ConstraintMonitor1.xml
----------------- Instantiating /home/travis/build/icyphy/ptII/ptolemy/actor/lib/test/auto/ConstraintMonitor1.xml
3 ms. Memory: 268288K Free: 178586K (67%)
----------------- Invoking toplevel() on ptolemy.moml.MoMLSimpleApplication@138c878e
----------------- Done invoking toplevel() on ptolemy.moml.MoMLSimpleApplication@138c878e
reloadAllAccessors: .ConstraintMonitor1

===========================================================================================
----------------- testing Mon Feb 17 23:40:32 UTC 2020 /home/travis/build/icyphy/ptII/ptolemy/actor/lib/test/auto/ConstraintMonitor2.xml
----------------- Instantiating /home/travis/build/icyphy/ptII/ptolemy/actor/lib/test/auto/ConstraintMonitor2.xml
4 ms. Memory: 268288K Free: 173980K (65%)
----------------- Invoking toplevel() on ptolemy.moml.MoMLSimpleApplication@47bafa39
----------------- Done invoking toplevel() on ptolemy.moml.MoMLSimpleApplication@47bafa39
reloadAllAccessors: .ConstraintMonitor2

===========================================================================================
----------------- testing Mon Feb 17 23:40:32 UTC 2020 /home/travis/build/icyphy/ptII/ptolemy/actor/lib/test/auto/ConstraintMonitor3.xml
----------------- Instantiating /home/travis/build/icyphy/ptII/ptolemy/actor/lib/test/auto/ConstraintMonitor3.xml
4 ms. Memory: 268288K Free: 168860K (63%)
----------------- Invoking toplevel() on ptolemy.moml.MoMLSimpleApplication@51101e7f
----------------- Done invoking toplevel() on ptolemy.moml.MoMLSimpleApplication@51101e7f
reloadAllAccessors: .ConstraintMonitor3

===========================================================================================
----------------- testing Mon Feb 17 23:40:32 UTC 2020 /home/travis/build/icyphy/ptII/ptolemy/actor/lib/test/auto/ConstraintMonitor4.xml
----------------- Instantiating /home/travis/build/icyphy/ptII/ptolemy/actor/lib/test/auto/ConstraintMonitor4.xml
4 ms. Memory: 268288K Free: 164250K (61%)
----------------- Invoking toplevel() on ptolemy.moml.MoMLSimpleApplication@79a83b8d
----------------- Done invoking toplevel() on ptolemy.moml.MoMLSimpleApplication@79a83b8d
reloadAllAccessors: .ConstraintMonitor4

===========================================================================================
----------------- testing Mon Feb 17 23:40:32 UTC 2020 /home/travis/build/icyphy/ptII/ptolemy/actor/lib/test/auto/ConstraintMonitor5.xml
----------------- Instantiating /home/travis/build/icyphy/ptII/ptolemy/actor/lib/test/auto/ConstraintMonitor5.xml
1 ms. Memory: 268288K Free: 159130K (59%)
----------------- Invoking toplevel() on ptolemy.moml.MoMLSimpleApplication@596e96f4
----------------- Done invoking toplevel() on ptolemy.moml.MoMLSimpleApplication@596e96f4
reloadAllAccessors: .ConstraintMonitor5

===========================================================================================
----------------- testing Mon Feb 17 23:40:32 UTC 2020 /home/travis/build/icyphy/ptII/ptolemy/actor/lib/test/auto/ConstraintMonitor6.xml
----------------- Instantiating /home/travis/build/icyphy/ptII/ptolemy/actor/lib/test/auto/ConstraintMonitor6.xml
5 ms. Memory: 268288K Free: 152980K (57%)
----------------- Invoking toplevel() on ptolemy.moml.MoMLSimpleApplication@2903856b
----------------- Done invoking toplevel() on ptolemy.moml.MoMLSimpleApplication@2903856b
reloadAllAccessors: .ConstraintMonitor6

===========================================================================================
----------------- testing Mon Feb 17 23:40:33 UTC 2020 /home/travis/build/icyphy/ptII/ptolemy/actor/lib/test/auto/ConstraintMonitor7.xml
----------------- Instantiating /home/travis/build/icyphy/ptII/ptolemy/actor/lib/test/auto/ConstraintMonitor7.xml
3 ms. Memory: 268288K Free: 146836K (55%)
----------------- Invoking toplevel() on ptolemy.moml.MoMLSimpleApplication@328c7e1c
----------------- Done invoking toplevel() on ptolemy.moml.MoMLSimpleApplication@328c7e1c
reloadAllAccessors: .ConstraintMonitor7

===========================================================================================
----------------- testing Mon Feb 17 23:40:33 UTC 2020 /home/travis/build/icyphy/ptII/ptolemy/actor/lib/test/auto/ConstraintMonitor8.xml
----------------- Instantiating /home/travis/build/icyphy/ptII/ptolemy/actor/lib/test/auto/ConstraintMonitor8.xml
4 ms. Memory: 268288K Free: 139164K (52%)
----------------- Invoking toplevel() on ptolemy.moml.MoMLSimpleApplication@403a4bcd
----------------- Done invoking toplevel() on ptolemy.moml.MoMLSimpleApplication@403a4bcd
reloadAllAccessors: .ConstraintMonitor8

===========================================================================================
----------------- testing Mon Feb 17 23:40:33 UTC 2020 /home/travis/build/icyphy/ptII/ptolemy/actor/lib/test/auto/Counter.xml
----------------- Instantiating /home/travis/build/icyphy/ptII/ptolemy/actor/lib/test/auto/Counter.xml
3 ms. Memory: 268288K Free: 134044K (50%)
----------------- Invoking toplevel() on ptolemy.moml.MoMLSimpleApplication@1354a406
----------------- Done invoking toplevel() on ptolemy.moml.MoMLSimpleApplication@1354a406
reloadAllAccessors: .Counter

===========================================================================================
----------------- testing Mon Feb 17 23:40:33 UTC 2020 /home/travis/build/icyphy/ptII/ptolemy/actor/lib/test/auto/CurrentTimeSDF.xml
----------------- Instantiating /home/travis/build/icyphy/ptII/ptolemy/actor/lib/test/auto/CurrentTimeSDF.xml
2 ms. Memory: 268288K Free: 129948K (48%)
----------------- Invoking toplevel() on ptolemy.moml.MoMLSimpleApplication@25cfeb4b
----------------- Done invoking toplevel() on ptolemy.moml.MoMLSimpleApplication@25cfeb4b
reloadAllAccessors: .CurrentTimeSDF

===========================================================================================
----------------- testing Mon Feb 17 23:40:33 UTC 2020 /home/travis/build/icyphy/ptII/ptolemy/actor/lib/test/auto/DB.xml
----------------- Instantiating /home/travis/build/icyphy/ptII/ptolemy/actor/lib/test/auto/DB.xml
1 ms. Memory: 268288K Free: 124828K (47%)
----------------- Invoking toplevel() on ptolemy.moml.MoMLSimpleApplication@16c26729
----------------- Done invoking toplevel() on ptolemy.moml.MoMLSimpleApplication@16c26729
reloadAllAccessors: .DB

===========================================================================================
----------------- testing Mon Feb 17 23:40:33 UTC 2020 /home/travis/build/icyphy/ptII/ptolemy/actor/lib/test/auto/DBDE.xml
----------------- Instantiating /home/travis/build/icyphy/ptII/ptolemy/actor/lib/test/auto/DBDE.xml
2 ms. Memory: 268288K Free: 118684K (44%)
----------------- Invoking toplevel() on ptolemy.moml.MoMLSimpleApplication@24fd3be3
----------------- Done invoking toplevel() on ptolemy.moml.MoMLSimpleApplication@24fd3be3
reloadAllAccessors: .DBDE

===========================================================================================
----------------- testing Mon Feb 17 23:40:33 UTC 2020 /home/travis/build/icyphy/ptII/ptolemy/actor/lib/test/auto/DateConstructor.xml
----------------- Instantiating /home/travis/build/icyphy/ptII/ptolemy/actor/lib/test/auto/DateConstructor.xml
29 ms. Memory: 268288K Free: 100762K (38%)
----------------- Invoking toplevel() on ptolemy.moml.MoMLSimpleApplication@a8233b5
----------------- Done invoking toplevel() on ptolemy.moml.MoMLSimpleApplication@a8233b5
reloadAllAccessors: .DateConstructor

===========================================================================================
----------------- testing Mon Feb 17 23:40:33 UTC 2020 /home/travis/build/icyphy/ptII/ptolemy/actor/lib/test/auto/DelayTime.xml
----------------- Instantiating /home/travis/build/icyphy/ptII/ptolemy/actor/lib/test/auto/DelayTime.xml
3 ms. Memory: 268288K Free: 96156K (36%)
----------------- Invoking toplevel() on ptolemy.moml.MoMLSimpleApplication@7278ae26
----------------- Done invoking toplevel() on ptolemy.moml.MoMLSimpleApplication@7278ae26
reloadAllAccessors: .DelayTime

===========================================================================================
----------------- testing Mon Feb 17 23:40:33 UTC 2020 /home/travis/build/icyphy/ptII/ptolemy/actor/lib/test/auto/Dictionary1.xml
----------------- Instantiating /home/travis/build/icyphy/ptII/ptolemy/actor/lib/test/auto/Dictionary1.xml
1 ms. Memory: 268288K Free: 90522K (34%)
----------------- Invoking toplevel() on ptolemy.moml.MoMLSimpleApplication@6238ac0a
----------------- Done invoking toplevel() on ptolemy.moml.MoMLSimpleApplication@6238ac0a
reloadAllAccessors: .Dictionary1

===========================================================================================
----------------- testing Mon Feb 17 23:40:33 UTC 2020 /home/travis/build/icyphy/ptII/ptolemy/actor/lib/test/auto/Dictionary2.xml
----------------- Instantiating /home/travis/build/icyphy/ptII/ptolemy/actor/lib/test/auto/Dictionary2.xml
1 ms. Memory: 268288K Free: 84892K (32%)
----------------- Invoking toplevel() on ptolemy.moml.MoMLSimpleApplication@168bbe5b
----------------- Done invoking toplevel() on ptolemy.moml.MoMLSimpleApplication@168bbe5b
reloadAllAccessors: .Dictionary2

===========================================================================================
----------------- testing Mon Feb 17 23:40:33 UTC 2020 /home/travis/build/icyphy/ptII/ptolemy/actor/lib/test/auto/Dictionary3.xml
----------------- Instantiating /home/travis/build/icyphy/ptII/ptolemy/actor/lib/test/auto/Dictionary3.xml
2 ms. Memory: 268288K Free: 79772K (30%)
----------------- Invoking toplevel() on ptolemy.moml.MoMLSimpleApplication@6bde75b9
----------------- Done invoking toplevel() on ptolemy.moml.MoMLSimpleApplication@6bde75b9
reloadAllAccessors: .Dictionary3

===========================================================================================
----------------- testing Mon Feb 17 23:40:33 UTC 2020 /home/travis/build/icyphy/ptII/ptolemy/actor/lib/test/auto/Dictionary4.xml
----------------- Instantiating /home/travis/build/icyphy/ptII/ptolemy/actor/lib/test/auto/Dictionary4.xml
3 ms. Memory: 268288K Free: 72604K (27%)
----------------- Invoking toplevel() on ptolemy.moml.MoMLSimpleApplication@31d51444
----------------- Done invoking toplevel() on ptolemy.moml.MoMLSimpleApplication@31d51444
reloadAllAccessors: .Dictionary4

===========================================================================================
----------------- testing Mon Feb 17 23:40:33 UTC 2020 /home/travis/build/icyphy/ptII/ptolemy/actor/lib/test/auto/Differential.xml
----------------- Instantiating /home/travis/build/icyphy/ptII/ptolemy/actor/lib/test/auto/Differential.xml
3 ms. Memory: 268288K Free: 67994K (25%)
----------------- Invoking toplevel() on ptolemy.moml.MoMLSimpleApplication@7c5d5320
----------------- Done invoking toplevel() on ptolemy.moml.MoMLSimpleApplication@7c5d5320
reloadAllAccessors: .Differential

===========================================================================================
----------------- testing Mon Feb 17 23:40:33 UTC 2020 /home/travis/build/icyphy/ptII/ptolemy/actor/lib/test/auto/Director.xml
----------------- Instantiating /home/travis/build/icyphy/ptII/ptolemy/actor/lib/test/auto/Director.xml
4 ms. Memory: 268288K Free: 64412K (24%)
----------------- Invoking toplevel() on ptolemy.moml.MoMLSimpleApplication@395c713d
----------------- Done invoking toplevel() on ptolemy.moml.MoMLSimpleApplication@395c713d
reloadAllAccessors: .Director

===========================================================================================
----------------- testing Mon Feb 17 23:40:33 UTC 2020 /home/travis/build/icyphy/ptII/ptolemy/actor/lib/test/auto/DiscreteClock.xml
----------------- Instantiating /home/travis/build/icyphy/ptII/ptolemy/actor/lib/test/auto/DiscreteClock.xml
8 ms. Memory: 268288K Free: 219355K (82%)
----------------- Invoking toplevel() on ptolemy.moml.MoMLSimpleApplication@1802e2d5
----------------- Done invoking toplevel() on ptolemy.moml.MoMLSimpleApplication@1802e2d5
reloadAllAccessors: .DiscreteClock

===========================================================================================
----------------- testing Mon Feb 17 23:40:33 UTC 2020 /home/travis/build/icyphy/ptII/ptolemy/actor/lib/test/auto/DiscreteClock10.xml
----------------- Instantiating /home/travis/build/icyphy/ptII/ptolemy/actor/lib/test/auto/DiscreteClock10.xml
2 ms. Memory: 268288K Free: 212704K (79%)
----------------- Invoking toplevel() on ptolemy.moml.MoMLSimpleApplication@76c38dc
----------------- Done invoking toplevel() on ptolemy.moml.MoMLSimpleApplication@76c38dc
reloadAllAccessors: .DiscreteClock10

===========================================================================================
----------------- testing Mon Feb 17 23:40:33 UTC 2020 /home/travis/build/icyphy/ptII/ptolemy/actor/lib/test/auto/DiscreteClock11.xml
----------------- Instantiating /home/travis/build/icyphy/ptII/ptolemy/actor/lib/test/auto/DiscreteClock11.xml
2 ms. Memory: 268288K Free: 207070K (77%)
----------------- Invoking toplevel() on ptolemy.moml.MoMLSimpleApplication@7a992113
----------------- Done invoking toplevel() on ptolemy.moml.MoMLSimpleApplication@7a992113
reloadAllAccessors: .DiscreteClock11

===========================================================================================
----------------- testing Mon Feb 17 23:40:33 UTC 2020 /home/travis/build/icyphy/ptII/ptolemy/actor/lib/test/auto/DiscreteClock12.xml
----------------- Instantiating /home/travis/build/icyphy/ptII/ptolemy/actor/lib/test/auto/DiscreteClock12.xml
1 ms. Memory: 268288K Free: 200926K (75%)
----------------- Invoking toplevel() on ptolemy.moml.MoMLSimpleApplication@190ddd0f
----------------- Done invoking toplevel() on ptolemy.moml.MoMLSimpleApplication@190ddd0f
reloadAllAccessors: .DiscreteClock12

===========================================================================================
----------------- testing Mon Feb 17 23:40:33 UTC 2020 /home/travis/build/icyphy/ptII/ptolemy/actor/lib/test/auto/DiscreteClock13.xml
----------------- Instantiating /home/travis/build/icyphy/ptII/ptolemy/actor/lib/test/auto/DiscreteClock13.xml
4 ms. Memory: 268288K Free: 194768K (73%)
----------------- Invoking toplevel() on ptolemy.moml.MoMLSimpleApplication@480a0148
----------------- Done invoking toplevel() on ptolemy.moml.MoMLSimpleApplication@480a0148
reloadAllAccessors: .DiscreteClock13

===========================================================================================
----------------- testing Mon Feb 17 23:40:33 UTC 2020 /home/travis/build/icyphy/ptII/ptolemy/actor/lib/test/auto/DiscreteClock14.xml
----------------- Instantiating /home/travis/build/icyphy/ptII/ptolemy/actor/lib/test/auto/DiscreteClock14.xml
4 ms. Memory: 268288K Free: 188624K (70%)
----------------- Invoking toplevel() on ptolemy.moml.MoMLSimpleApplication@56022681
----------------- Done invoking toplevel() on ptolemy.moml.MoMLSimpleApplication@56022681
reloadAllAccessors: .DiscreteClock14

===========================================================================================
----------------- testing Mon Feb 17 23:40:33 UTC 2020 /home/travis/build/icyphy/ptII/ptolemy/actor/lib/test/auto/DiscreteClock15.xml
----------------- Instantiating /home/travis/build/icyphy/ptII/ptolemy/actor/lib/test/auto/DiscreteClock15.xml
7 ms. Memory: 268288K Free: 183008K (68%)
----------------- Invoking toplevel() on ptolemy.moml.MoMLSimpleApplication@7ef4ad3b
----------------- Done invoking toplevel() on ptolemy.moml.MoMLSimpleApplication@7ef4ad3b
reloadAllAccessors: .DiscreteClock15

===========================================================================================
----------------- testing Mon Feb 17 23:40:33 UTC 2020 /home/travis/build/icyphy/ptII/ptolemy/actor/lib/test/auto/DiscreteClock16.xml
----------------- Instantiating /home/travis/build/icyphy/ptII/ptolemy/actor/lib/test/auto/DiscreteClock16.xml
9 ms. Memory: 268288K Free: 169182K (63%)
----------------- Invoking toplevel() on ptolemy.moml.MoMLSimpleApplication@433b37fd
----------------- Done invoking toplevel() on ptolemy.moml.MoMLSimpleApplication@433b37fd
reloadAllAccessors: .DiscreteClock16

===========================================================================================
----------------- testing Mon Feb 17 23:40:33 UTC 2020 /home/travis/build/icyphy/ptII/ptolemy/actor/lib/test/auto/DiscreteClock17.xml
----------------- Instantiating /home/travis/build/icyphy/ptII/ptolemy/actor/lib/test/auto/DiscreteClock17.xml
12 ms. Memory: 268288K Free: 154832K (58%)
----------------- Invoking toplevel() on ptolemy.moml.MoMLSimpleApplication@eaf5838
----------------- Done invoking toplevel() on ptolemy.moml.MoMLSimpleApplication@eaf5838
reloadAllAccessors: .DiscreteClock17

===========================================================================================
----------------- testing Mon Feb 17 23:40:33 UTC 2020 /home/travis/build/icyphy/ptII/ptolemy/actor/lib/test/auto/DiscreteClock18.xml
----------------- Instantiating /home/travis/build/icyphy/ptII/ptolemy/actor/lib/test/auto/DiscreteClock18.xml
10 ms. Memory: 268288K Free: 141534K (53%)
----------------- Invoking toplevel() on ptolemy.moml.MoMLSimpleApplication@98a44ec
----------------- Done invoking toplevel() on ptolemy.moml.MoMLSimpleApplication@98a44ec
reloadAllAccessors: .DiscreteClock18

===========================================================================================
----------------- testing Mon Feb 17 23:40:33 UTC 2020 /home/travis/build/icyphy/ptII/ptolemy/actor/lib/test/auto/DiscreteClock19.xml
----------------- Instantiating /home/travis/build/icyphy/ptII/ptolemy/actor/lib/test/auto/DiscreteClock19.xml
13 ms. Memory: 268288K Free: 128208K (48%)
----------------- Invoking toplevel() on ptolemy.moml.MoMLSimpleApplication@185cc1d3
----------------- Done invoking toplevel() on ptolemy.moml.MoMLSimpleApplication@185cc1d3
reloadAllAccessors: .DiscreteClock19

===========================================================================================
----------------- testing Mon Feb 17 23:40:33 UTC 2020 /home/travis/build/icyphy/ptII/ptolemy/actor/lib/test/auto/DiscreteClock2.xml
----------------- Instantiating /home/travis/build/icyphy/ptII/ptolemy/actor/lib/test/auto/DiscreteClock2.xml
1 ms. Memory: 268288K Free: 123088K (46%)
----------------- Invoking toplevel() on ptolemy.moml.MoMLSimpleApplication@3ab1ed5
----------------- Done invoking toplevel() on ptolemy.moml.MoMLSimpleApplication@3ab1ed5
reloadAllAccessors: .DiscreteClock2

===========================================================================================
----------------- testing Mon Feb 17 23:40:33 UTC 2020 /home/travis/build/icyphy/ptII/ptolemy/actor/lib/test/auto/DiscreteClock20.xml
----------------- Instantiating /home/travis/build/icyphy/ptII/ptolemy/actor/lib/test/auto/DiscreteClock20.xml
3 ms. Memory: 268288K Free: 117472K (44%)
----------------- Invoking toplevel() on ptolemy.moml.MoMLSimpleApplication@400203ef
----------------- Done invoking toplevel() on ptolemy.moml.MoMLSimpleApplication@400203ef
reloadAllAccessors: .DiscreteClock20

===========================================================================================
----------------- testing Mon Feb 17 23:40:33 UTC 2020 /home/travis/build/icyphy/ptII/ptolemy/actor/lib/test/auto/DiscreteClock21.xml
----------------- Instantiating /home/travis/build/icyphy/ptII/ptolemy/actor/lib/test/auto/DiscreteClock21.xml
3 ms. Memory: 268288K Free: 111838K (42%)
----------------- Invoking toplevel() on ptolemy.moml.MoMLSimpleApplication@4253e629
----------------- Done invoking toplevel() on ptolemy.moml.MoMLSimpleApplication@4253e629
reloadAllAccessors: .DiscreteClock21

===========================================================================================
----------------- testing Mon Feb 17 23:40:33 UTC 2020 /home/travis/build/icyphy/ptII/ptolemy/actor/lib/test/auto/DiscreteClock22.xml
----------------- Instantiating /home/travis/build/icyphy/ptII/ptolemy/actor/lib/test/auto/DiscreteClock22.xml
6 ms. Memory: 268288K Free: 106208K (40%)
----------------- Invoking toplevel() on ptolemy.moml.MoMLSimpleApplication@148da92
----------------- Done invoking toplevel() on ptolemy.moml.MoMLSimpleApplication@148da92
reloadAllAccessors: .DiscreteClock22

===========================================================================================
----------------- testing Mon Feb 17 23:40:33 UTC 2020 /home/travis/build/icyphy/ptII/ptolemy/actor/lib/test/auto/DiscreteClock23.xml
----------------- Instantiating /home/travis/build/icyphy/ptII/ptolemy/actor/lib/test/auto/DiscreteClock23.xml
2 ms. Memory: 268288K Free: 101088K (38%)
----------------- Invoking toplevel() on ptolemy.moml.MoMLSimpleApplication@2374300c
----------------- Done invoking toplevel() on ptolemy.moml.MoMLSimpleApplication@2374300c
reloadAllAccessors: .DiscreteClock23

===========================================================================================
----------------- testing Mon Feb 17 23:40:33 UTC 2020 /home/travis/build/icyphy/ptII/ptolemy/actor/lib/test/auto/DiscreteClock24.xml
----------------- Instantiating /home/travis/build/icyphy/ptII/ptolemy/actor/lib/test/auto/DiscreteClock24.xml
4 ms. Memory: 268288K Free: 95454K (36%)
----------------- Invoking toplevel() on ptolemy.moml.MoMLSimpleApplication@792616d
----------------- Done invoking toplevel() on ptolemy.moml.MoMLSimpleApplication@792616d
reloadAllAccessors: .DiscreteClock24

===========================================================================================
----------------- testing Mon Feb 17 23:40:33 UTC 2020 /home/travis/build/icyphy/ptII/ptolemy/actor/lib/test/auto/DiscreteClock4.xml
----------------- Instantiating /home/travis/build/icyphy/ptII/ptolemy/actor/lib/test/auto/DiscreteClock4.xml
1 ms. Memory: 268288K Free: 89824K (33%)
----------------- Invoking toplevel() on ptolemy.moml.MoMLSimpleApplication@1d213d54
----------------- Done invoking toplevel() on ptolemy.moml.MoMLSimpleApplication@1d213d54
reloadAllAccessors: .DiscreteClock4

===========================================================================================
----------------- testing Mon Feb 17 23:40:33 UTC 2020 /home/travis/build/icyphy/ptII/ptolemy/actor/lib/test/auto/DiscreteClock5.xml
----------------- Instantiating /home/travis/build/icyphy/ptII/ptolemy/actor/lib/test/auto/DiscreteClock5.xml
1 ms. Memory: 268288K Free: 84176K (31%)
----------------- Invoking toplevel() on ptolemy.moml.MoMLSimpleApplication@719ac70d
----------------- Done invoking toplevel() on ptolemy.moml.MoMLSimpleApplication@719ac70d
reloadAllAccessors: .DiscreteClock5

===========================================================================================
----------------- testing Mon Feb 17 23:40:33 UTC 2020 /home/travis/build/icyphy/ptII/ptolemy/actor/lib/test/auto/DiscreteClock6.xml
----------------- Instantiating /home/travis/build/icyphy/ptII/ptolemy/actor/lib/test/auto/DiscreteClock6.xml
1 ms. Memory: 268288K Free: 80608K (30%)
----------------- Invoking toplevel() on ptolemy.moml.MoMLSimpleApplication@541edab1
----------------- Done invoking toplevel() on ptolemy.moml.MoMLSimpleApplication@541edab1
reloadAllAccessors: .DiscreteClock6

===========================================================================================
----------------- testing Mon Feb 17 23:40:33 UTC 2020 /home/travis/build/icyphy/ptII/ptolemy/actor/lib/test/auto/DiscreteClock7.xml
----------------- Instantiating /home/travis/build/icyphy/ptII/ptolemy/actor/lib/test/auto/DiscreteClock7.xml
1 ms. Memory: 268288K Free: 75998K (28%)
----------------- Invoking toplevel() on ptolemy.moml.MoMLSimpleApplication@302b8003
----------------- Done invoking toplevel() on ptolemy.moml.MoMLSimpleApplication@302b8003
reloadAllAccessors: .DiscreteClock7

===========================================================================================
----------------- testing Mon Feb 17 23:40:33 UTC 2020 /home/travis/build/icyphy/ptII/ptolemy/actor/lib/test/auto/DiscreteClock8.xml
----------------- Instantiating /home/travis/build/icyphy/ptII/ptolemy/actor/lib/test/auto/DiscreteClock8.xml
8 ms. Memory: 268288K Free: 70368K (26%)
----------------- Invoking toplevel() on ptolemy.moml.MoMLSimpleApplication@3bf1adba
----------------- Done invoking toplevel() on ptolemy.moml.MoMLSimpleApplication@3bf1adba
reloadAllAccessors: .DiscreteClock8

===========================================================================================
----------------- testing Mon Feb 17 23:40:33 UTC 2020 /home/travis/build/icyphy/ptII/ptolemy/actor/lib/test/auto/DiscreteClock9.xml
----------------- Instantiating /home/travis/build/icyphy/ptII/ptolemy/actor/lib/test/auto/DiscreteClock9.xml
1 ms. Memory: 268288K Free: 64704K (24%)
----------------- Invoking toplevel() on ptolemy.moml.MoMLSimpleApplication@78b0b6e1
----------------- Done invoking toplevel() on ptolemy.moml.MoMLSimpleApplication@78b0b6e1
reloadAllAccessors: .DiscreteClock9

===========================================================================================
----------------- testing Mon Feb 17 23:40:33 UTC 2020 /home/travis/build/icyphy/ptII/ptolemy/actor/lib/test/auto/DisplayArray.xml
----------------- Instantiating /home/travis/build/icyphy/ptII/ptolemy/actor/lib/test/auto/DisplayArray.xml
2 ms. Memory: 268288K Free: 61662K (23%)
----------------- Invoking toplevel() on ptolemy.moml.MoMLSimpleApplication@2b10728d
----------------- Done invoking toplevel() on ptolemy.moml.MoMLSimpleApplication@2b10728d
reloadAllAccessors: .DisplayArray

===========================================================================================
----------------- testing Mon Feb 17 23:40:33 UTC 2020 /home/travis/build/icyphy/ptII/ptolemy/actor/lib/test/auto/Distributor.xml
----------------- Instantiating /home/travis/build/icyphy/ptII/ptolemy/actor/lib/test/auto/Distributor.xml
2 ms. Memory: 268288K Free: 215035K (80%)
----------------- Invoking toplevel() on ptolemy.moml.MoMLSimpleApplication@1572e1c9
----------------- Done invoking toplevel() on ptolemy.moml.MoMLSimpleApplication@1572e1c9
reloadAllAccessors: .Distributor

===========================================================================================
----------------- testing Mon Feb 17 23:40:33 UTC 2020 /home/travis/build/icyphy/ptII/ptolemy/actor/lib/test/auto/Distributor2.xml
----------------- Instantiating /home/travis/build/icyphy/ptII/ptolemy/actor/lib/test/auto/Distributor2.xml
1 ms. Memory: 268288K Free: 210429K (78%)
----------------- Invoking toplevel() on ptolemy.moml.MoMLSimpleApplication@7e4786d8
----------------- Done invoking toplevel() on ptolemy.moml.MoMLSimpleApplication@7e4786d8
reloadAllAccessors: .Distributor2

===========================================================================================
----------------- testing Mon Feb 17 23:40:33 UTC 2020 /home/travis/build/icyphy/ptII/ptolemy/actor/lib/test/auto/DownSample.xml
----------------- Instantiating /home/travis/build/icyphy/ptII/ptolemy/actor/lib/test/auto/DownSample.xml
2 ms. Memory: 268288K Free: 205819K (77%)
----------------- Invoking toplevel() on ptolemy.moml.MoMLSimpleApplication@9629b65
----------------- Done invoking toplevel() on ptolemy.moml.MoMLSimpleApplication@9629b65
reloadAllAccessors: .DownSample

===========================================================================================
----------------- testing Mon Feb 17 23:40:33 UTC 2020 /home/travis/build/icyphy/ptII/ptolemy/actor/lib/test/auto/ElectronicUnitBase1.xml
----------------- Instantiating /home/travis/build/icyphy/ptII/ptolemy/actor/lib/test/auto/ElectronicUnitBase1.xml
13 ms. Memory: 268288K Free: 190459K (71%)
----------------- Invoking toplevel() on ptolemy.moml.MoMLSimpleApplication@d9c5966
----------------- Done invoking toplevel() on ptolemy.moml.MoMLSimpleApplication@d9c5966
reloadAllAccessors: .ElectronicUnitBase1

===========================================================================================
----------------- testing Mon Feb 17 23:40:33 UTC 2020 /home/travis/build/icyphy/ptII/ptolemy/actor/lib/test/auto/ElementsToArray.xml
----------------- Instantiating /home/travis/build/icyphy/ptII/ptolemy/actor/lib/test/auto/ElementsToArray.xml
3 ms. Memory: 268288K Free: 185339K (69%)
----------------- Invoking toplevel() on ptolemy.moml.MoMLSimpleApplication@71985842
----------------- Done invoking toplevel() on ptolemy.moml.MoMLSimpleApplication@71985842
reloadAllAccessors: .ElementsToArray

===========================================================================================
----------------- testing Mon Feb 17 23:40:33 UTC 2020 /home/travis/build/icyphy/ptII/ptolemy/actor/lib/test/auto/Equals.xml
----------------- Instantiating /home/travis/build/icyphy/ptII/ptolemy/actor/lib/test/auto/Equals.xml
3 ms. Memory: 268288K Free: 180733K (67%)
----------------- Invoking toplevel() on ptolemy.moml.MoMLSimpleApplication@32091f83
----------------- Done invoking toplevel() on ptolemy.moml.MoMLSimpleApplication@32091f83
reloadAllAccessors: .Equals

===========================================================================================
----------------- testing Mon Feb 17 23:40:33 UTC 2020 /home/travis/build/icyphy/ptII/ptolemy/actor/lib/test/auto/Exec.xml
----------------- Instantiating /home/travis/build/icyphy/ptII/ptolemy/actor/lib/test/auto/Exec.xml
18 ms. Memory: 268288K Free: 175085K (65%)
----------------- Invoking toplevel() on ptolemy.moml.MoMLSimpleApplication@1ac8ac2a
----------------- Done invoking toplevel() on ptolemy.moml.MoMLSimpleApplication@1ac8ac2a
reloadAllAccessors: .Exec

===========================================================================================
----------------- testing Mon Feb 17 23:40:34 UTC 2020 /home/travis/build/icyphy/ptII/ptolemy/actor/lib/test/auto/ExecEnvironment.xml
----------------- Instantiating /home/travis/build/icyphy/ptII/ptolemy/actor/lib/test/auto/ExecEnvironment.xml
18 ms. Memory: 268288K Free: 170493K (64%)
----------------- Invoking toplevel() on ptolemy.moml.MoMLSimpleApplication@43d29df4
----------------- Done invoking toplevel() on ptolemy.moml.MoMLSimpleApplication@43d29df4
reloadAllAccessors: .ExecEnvironment

===========================================================================================
----------------- testing Mon Feb 17 23:40:34 UTC 2020 /home/travis/build/icyphy/ptII/ptolemy/actor/lib/test/auto/ExecNonZeroReturnOutput.xml
----------------- Instantiating /home/travis/build/icyphy/ptII/ptolemy/actor/lib/test/auto/ExecNonZeroReturnOutput.xml
162 ms. Memory: 268288K Free: 159229K (59%)
----------------- Invoking toplevel() on ptolemy.moml.MoMLSimpleApplication@7103687f
----------------- Done invoking toplevel() on ptolemy.moml.MoMLSimpleApplication@7103687f
reloadAllAccessors: .ExecNonZeroReturnOutput

===========================================================================================
----------------- testing Mon Feb 17 23:40:34 UTC 2020 /home/travis/build/icyphy/ptII/ptolemy/actor/lib/test/auto/ExecRunDemos.xml
----------------- Instantiating /home/travis/build/icyphy/ptII/ptolemy/actor/lib/test/auto/ExecRunDemos.xml
Finished: 79 ms. Memory: 129024K Free: 112153K (87%)

Finished: 106 ms. Memory: 129024K Free: 109430K (85%)

Finished: 109 ms. Memory: 129024K Free: 109496K (85%)

Finished: 83 ms. Memory: 129024K Free: 111227K (86%)

Finished: 97 ms. Memory: 129024K Free: 111917K (87%)

10604 ms. Memory: 268288K Free: 137723K (51%)
----------------- Invoking toplevel() on ptolemy.moml.MoMLSimpleApplication@2a40a2ce
----------------- Done invoking toplevel() on ptolemy.moml.MoMLSimpleApplication@2a40a2ce
reloadAllAccessors: .ExecRunDemos

===========================================================================================
----------------- testing Mon Feb 17 23:40:44 UTC 2020 /home/travis/build/icyphy/ptII/ptolemy/actor/lib/test/auto/ExecStop.xml
----------------- Instantiating /home/travis/build/icyphy/ptII/ptolemy/actor/lib/test/auto/ExecStop.xml
5025 ms. Memory: 268288K Free: 152552K (57%)
----------------- Invoking toplevel() on ptolemy.moml.MoMLSimpleApplication@1aa0b8ba
----------------- Done invoking toplevel() on ptolemy.moml.MoMLSimpleApplication@1aa0b8ba
reloadAllAccessors: .ExecStop

===========================================================================================
----------------- testing Mon Feb 17 23:40:49 UTC 2020 /home/travis/build/icyphy/ptII/ptolemy/actor/lib/test/auto/ExecutionTimeSDF.xml
----------------- Instantiating /home/travis/build/icyphy/ptII/ptolemy/actor/lib/test/auto/ExecutionTimeSDF.xml
Fired ExecutionTime: -609367296
Fired ExecutionTime: 1327600000
Fired ExecutionTime: -200167296
6005 ms. Memory: 268288K Free: 140742K (52%)
----------------- Invoking toplevel() on ptolemy.moml.MoMLSimpleApplication@7e9ea20c
----------------- Done invoking toplevel() on ptolemy.moml.MoMLSimpleApplication@7e9ea20c
reloadAllAccessors: .ExecutionTimeSDF

===========================================================================================
----------------- testing Mon Feb 17 23:40:55 UTC 2020 /home/travis/build/icyphy/ptII/ptolemy/actor/lib/test/auto/Expression1.xml
----------------- Instantiating /home/travis/build/icyphy/ptII/ptolemy/actor/lib/test/auto/Expression1.xml
1 ms. Memory: 268288K Free: 137096K (51%)
----------------- Invoking toplevel() on ptolemy.moml.MoMLSimpleApplication@157d5fc6
----------------- Done invoking toplevel() on ptolemy.moml.MoMLSimpleApplication@157d5fc6
reloadAllAccessors: .Expression1

===========================================================================================
----------------- testing Mon Feb 17 23:40:55 UTC 2020 /home/travis/build/icyphy/ptII/ptolemy/actor/lib/test/auto/Expression10.xml
----------------- Instantiating /home/travis/build/icyphy/ptII/ptolemy/actor/lib/test/auto/Expression10.xml
5 ms. Memory: 268288K Free: 131580K (49%)
----------------- Invoking toplevel() on ptolemy.moml.MoMLSimpleApplication@614cc858
----------------- Done invoking toplevel() on ptolemy.moml.MoMLSimpleApplication@614cc858
reloadAllAccessors: .Expression10

===========================================================================================
----------------- testing Mon Feb 17 23:40:56 UTC 2020 /home/travis/build/icyphy/ptII/ptolemy/actor/lib/test/auto/Expression11.xml
----------------- Instantiating /home/travis/build/icyphy/ptII/ptolemy/actor/lib/test/auto/Expression11.xml
3 ms. Memory: 268288K Free: 127454K (48%)
----------------- Invoking toplevel() on ptolemy.moml.MoMLSimpleApplication@7fe9616b
----------------- Done invoking toplevel() on ptolemy.moml.MoMLSimpleApplication@7fe9616b
reloadAllAccessors: .Expression11

===========================================================================================
----------------- testing Mon Feb 17 23:40:56 UTC 2020 /home/travis/build/icyphy/ptII/ptolemy/actor/lib/test/auto/Expression12.xml
----------------- Instantiating /home/travis/build/icyphy/ptII/ptolemy/actor/lib/test/auto/Expression12.xml
3 ms. Memory: 268288K Free: 121924K (45%)
----------------- Invoking toplevel() on ptolemy.moml.MoMLSimpleApplication@3b19fa8e
----------------- Done invoking toplevel() on ptolemy.moml.MoMLSimpleApplication@3b19fa8e
reloadAllAccessors: .Expression12

===========================================================================================
----------------- testing Mon Feb 17 23:40:56 UTC 2020 /home/travis/build/icyphy/ptII/ptolemy/actor/lib/test/auto/Expression13.xml
----------------- Instantiating /home/travis/build/icyphy/ptII/ptolemy/actor/lib/test/auto/Expression13.xml
4 ms. Memory: 268288K Free: 116834K (44%)
----------------- Invoking toplevel() on ptolemy.moml.MoMLSimpleApplication@107dac6
----------------- Done invoking toplevel() on ptolemy.moml.MoMLSimpleApplication@107dac6
reloadAllAccessors: .Expression13

===========================================================================================
----------------- testing Mon Feb 17 23:40:56 UTC 2020 /home/travis/build/icyphy/ptII/ptolemy/actor/lib/test/auto/Expression14.xml
----------------- Instantiating /home/travis/build/icyphy/ptII/ptolemy/actor/lib/test/auto/Expression14.xml
7 ms. Memory: 268288K Free: 110676K (41%)
----------------- Invoking toplevel() on ptolemy.moml.MoMLSimpleApplication@5c6ca1c8
----------------- Done invoking toplevel() on ptolemy.moml.MoMLSimpleApplication@5c6ca1c8
reloadAllAccessors: .Expression14

===========================================================================================
----------------- testing Mon Feb 17 23:40:56 UTC 2020 /home/travis/build/icyphy/ptII/ptolemy/actor/lib/test/auto/Expression15.xml
----------------- Instantiating /home/travis/build/icyphy/ptII/ptolemy/actor/lib/test/auto/Expression15.xml
1 ms. Memory: 268288K Free: 106990K (40%)
----------------- Invoking toplevel() on ptolemy.moml.MoMLSimpleApplication@2c400434
----------------- Done invoking toplevel() on ptolemy.moml.MoMLSimpleApplication@2c400434
reloadAllAccessors: .Expression15

===========================================================================================
----------------- testing Mon Feb 17 23:40:56 UTC 2020 /home/travis/build/icyphy/ptII/ptolemy/actor/lib/test/auto/Expression16.xml
----------------- Instantiating /home/travis/build/icyphy/ptII/ptolemy/actor/lib/test/auto/Expression16.xml
4 ms. Memory: 268288K Free: 101862K (38%)
----------------- Invoking toplevel() on ptolemy.moml.MoMLSimpleApplication@1d0e1d57
----------------- Done invoking toplevel() on ptolemy.moml.MoMLSimpleApplication@1d0e1d57
reloadAllAccessors: .Expression16

===========================================================================================
----------------- testing Mon Feb 17 23:40:56 UTC 2020 /home/travis/build/icyphy/ptII/ptolemy/actor/lib/test/auto/Expression17.xml
----------------- Instantiating /home/travis/build/icyphy/ptII/ptolemy/actor/lib/test/auto/Expression17.xml
3 ms. Memory: 268288K Free: 97394K (36%)
----------------- Invoking toplevel() on ptolemy.moml.MoMLSimpleApplication@53ec5900
----------------- Done invoking toplevel() on ptolemy.moml.MoMLSimpleApplication@53ec5900
reloadAllAccessors: .Expression17

===========================================================================================
----------------- testing Mon Feb 17 23:40:56 UTC 2020 /home/travis/build/icyphy/ptII/ptolemy/actor/lib/test/auto/Expression18.xml
----------------- Instantiating /home/travis/build/icyphy/ptII/ptolemy/actor/lib/test/auto/Expression18.xml
3 ms. Memory: 268288K Free: 92040K (34%)
----------------- Invoking toplevel() on ptolemy.moml.MoMLSimpleApplication@50fb8493
----------------- Done invoking toplevel() on ptolemy.moml.MoMLSimpleApplication@50fb8493
reloadAllAccessors: .Expression18

===========================================================================================
----------------- testing Mon Feb 17 23:40:56 UTC 2020 /home/travis/build/icyphy/ptII/ptolemy/actor/lib/test/auto/Expression2.xml
----------------- Instantiating /home/travis/build/icyphy/ptII/ptolemy/actor/lib/test/auto/Expression2.xml
3 ms. Memory: 268288K Free: 87548K (33%)
----------------- Invoking toplevel() on ptolemy.moml.MoMLSimpleApplication@24025966
----------------- Done invoking toplevel() on ptolemy.moml.MoMLSimpleApplication@24025966
reloadAllAccessors: .Expression2

===========================================================================================
----------------- testing Mon Feb 17 23:40:56 UTC 2020 /home/travis/build/icyphy/ptII/ptolemy/actor/lib/test/auto/Expression3.xml
----------------- Instantiating /home/travis/build/icyphy/ptII/ptolemy/actor/lib/test/auto/Expression3.xml
6 ms. Memory: 268288K Free: 82398K (31%)
----------------- Invoking toplevel() on ptolemy.moml.MoMLSimpleApplication@4f5299eb
----------------- Done invoking toplevel() on ptolemy.moml.MoMLSimpleApplication@4f5299eb
reloadAllAccessors: .Expression3

===========================================================================================
----------------- testing Mon Feb 17 23:40:56 UTC 2020 /home/travis/build/icyphy/ptII/ptolemy/actor/lib/test/auto/Expression4.xml
----------------- Instantiating /home/travis/build/icyphy/ptII/ptolemy/actor/lib/test/auto/Expression4.xml
6 ms. Memory: 268288K Free: 74858K (28%)
----------------- Invoking toplevel() on ptolemy.moml.MoMLSimpleApplication@76509026
----------------- Done invoking toplevel() on ptolemy.moml.MoMLSimpleApplication@76509026
reloadAllAccessors: .Expression4

===========================================================================================
----------------- testing Mon Feb 17 23:40:56 UTC 2020 /home/travis/build/icyphy/ptII/ptolemy/actor/lib/test/auto/Expression5.xml
----------------- Instantiating /home/travis/build/icyphy/ptII/ptolemy/actor/lib/test/auto/Expression5.xml
4 ms. Memory: 268288K Free: 70102K (26%)
----------------- Invoking toplevel() on ptolemy.moml.MoMLSimpleApplication@67039619
----------------- Done invoking toplevel() on ptolemy.moml.MoMLSimpleApplication@67039619
reloadAllAccessors: .Expression5

===========================================================================================
----------------- testing Mon Feb 17 23:40:56 UTC 2020 /home/travis/build/icyphy/ptII/ptolemy/actor/lib/test/auto/Expression6.xml
----------------- Instantiating /home/travis/build/icyphy/ptII/ptolemy/actor/lib/test/auto/Expression6.xml
2 ms. Memory: 268288K Free: 65634K (24%)
----------------- Invoking toplevel() on ptolemy.moml.MoMLSimpleApplication@2fa8e044
----------------- Done invoking toplevel() on ptolemy.moml.MoMLSimpleApplication@2fa8e044
reloadAllAccessors: .Expression6

===========================================================================================
----------------- testing Mon Feb 17 23:40:56 UTC 2020 /home/travis/build/icyphy/ptII/ptolemy/actor/lib/test/auto/Expression7.xml
----------------- Instantiating /home/travis/build/icyphy/ptII/ptolemy/actor/lib/test/auto/Expression7.xml
9 ms. Memory: 268288K Free: 218818K (82%)
----------------- Invoking toplevel() on ptolemy.moml.MoMLSimpleApplication@7c4820fc
----------------- Done invoking toplevel() on ptolemy.moml.MoMLSimpleApplication@7c4820fc
reloadAllAccessors: .Expression7

===========================================================================================
----------------- testing Mon Feb 17 23:40:56 UTC 2020 /home/travis/build/icyphy/ptII/ptolemy/actor/lib/test/auto/Expression8.xml
----------------- Instantiating /home/travis/build/icyphy/ptII/ptolemy/actor/lib/test/auto/Expression8.xml
5 ms. Memory: 268288K Free: 213086K (79%)
----------------- Invoking toplevel() on ptolemy.moml.MoMLSimpleApplication@7b174326
----------------- Done invoking toplevel() on ptolemy.moml.MoMLSimpleApplication@7b174326
reloadAllAccessors: .Expression8

===========================================================================================
----------------- testing Mon Feb 17 23:40:56 UTC 2020 /home/travis/build/icyphy/ptII/ptolemy/actor/lib/test/auto/Expression9.xml
----------------- Instantiating /home/travis/build/icyphy/ptII/ptolemy/actor/lib/test/auto/Expression9.xml
1 ms. Memory: 268288K Free: 209500K (78%)
----------------- Invoking toplevel() on ptolemy.moml.MoMLSimpleApplication@6db1ef10
----------------- Done invoking toplevel() on ptolemy.moml.MoMLSimpleApplication@6db1ef10
reloadAllAccessors: .Expression9

===========================================================================================
----------------- testing Mon Feb 17 23:40:56 UTC 2020 /home/travis/build/icyphy/ptII/ptolemy/actor/lib/test/auto/ExpressionConcatenateArrayType.xml
----------------- Instantiating /home/travis/build/icyphy/ptII/ptolemy/actor/lib/test/auto/ExpressionConcatenateArrayType.xml
2 ms. Memory: 268288K Free: 202846K (76%)
----------------- Invoking toplevel() on ptolemy.moml.MoMLSimpleApplication@2ba30fbc
----------------- Done invoking toplevel() on ptolemy.moml.MoMLSimpleApplication@2ba30fbc
reloadAllAccessors: .ExpressionConcatenateArrayType

===========================================================================================
----------------- testing Mon Feb 17 23:40:56 UTC 2020 /home/travis/build/icyphy/ptII/ptolemy/actor/lib/test/auto/ExpressionConcatenateArrayType2.xml
----------------- Instantiating /home/travis/build/icyphy/ptII/ptolemy/actor/lib/test/auto/ExpressionConcatenateArrayType2.xml
2 ms. Memory: 268288K Free: 197212K (74%)
----------------- Invoking toplevel() on ptolemy.moml.MoMLSimpleApplication@b046b56
----------------- Done invoking toplevel() on ptolemy.moml.MoMLSimpleApplication@b046b56
reloadAllAccessors: .ExpressionConcatenateArrayType2

===========================================================================================
----------------- testing Mon Feb 17 23:40:56 UTC 2020 /home/travis/build/icyphy/ptII/ptolemy/actor/lib/test/auto/ExpressionFix.xml
----------------- Instantiating /home/travis/build/icyphy/ptII/ptolemy/actor/lib/test/auto/ExpressionFix.xml
9 ms. Memory: 268288K Free: 190558K (71%)
----------------- Invoking toplevel() on ptolemy.moml.MoMLSimpleApplication@52555010
----------------- Done invoking toplevel() on ptolemy.moml.MoMLSimpleApplication@52555010
reloadAllAccessors: .ExpressionFix

===========================================================================================
----------------- testing Mon Feb 17 23:40:56 UTC 2020 /home/travis/build/icyphy/ptII/ptolemy/actor/lib/test/auto/ExpressionFix2.xml
----------------- Instantiating /home/travis/build/icyphy/ptII/ptolemy/actor/lib/test/auto/ExpressionFix2.xml
2 ms. Memory: 268288K Free: 186462K (70%)
----------------- Invoking toplevel() on ptolemy.moml.MoMLSimpleApplication@cc89901
----------------- Done invoking toplevel() on ptolemy.moml.MoMLSimpleApplication@cc89901
reloadAllAccessors: .ExpressionFix2

===========================================================================================
----------------- testing Mon Feb 17 23:40:56 UTC 2020 /home/travis/build/icyphy/ptII/ptolemy/actor/lib/test/auto/ExpressionFix3.xml
----------------- Instantiating /home/travis/build/icyphy/ptII/ptolemy/actor/lib/test/auto/ExpressionFix3.xml
2 ms. Memory: 268288K Free: 182366K (68%)
----------------- Invoking toplevel() on ptolemy.moml.MoMLSimpleApplication@5490da3d
----------------- Done invoking toplevel() on ptolemy.moml.MoMLSimpleApplication@5490da3d
reloadAllAccessors: .ExpressionFix3

===========================================================================================
----------------- testing Mon Feb 17 23:40:56 UTC 2020 /home/travis/build/icyphy/ptII/ptolemy/actor/lib/test/auto/FileWriter1.xml
----------------- Instantiating /home/travis/build/icyphy/ptII/ptolemy/actor/lib/test/auto/FileWriter1.xml
2 ms. Memory: 268288K Free: 178270K (66%)
----------------- Invoking toplevel() on ptolemy.moml.MoMLSimpleApplication@dc693ff
----------------- Done invoking toplevel() on ptolemy.moml.MoMLSimpleApplication@dc693ff
reloadAllAccessors: .FileWriter1

===========================================================================================
----------------- testing Mon Feb 17 23:40:56 UTC 2020 /home/travis/build/icyphy/ptII/ptolemy/actor/lib/test/auto/FileWriter2.xml
----------------- Instantiating /home/travis/build/icyphy/ptII/ptolemy/actor/lib/test/auto/FileWriter2.xml
2 ms. Memory: 268288K Free: 173660K (65%)
----------------- Invoking toplevel() on ptolemy.moml.MoMLSimpleApplication@36feca3e
----------------- Done invoking toplevel() on ptolemy.moml.MoMLSimpleApplication@36feca3e
reloadAllAccessors: .FileWriter2

===========================================================================================
----------------- testing Mon Feb 17 23:40:56 UTC 2020 /home/travis/build/icyphy/ptII/ptolemy/actor/lib/test/auto/FileWriter3.xml
----------------- Instantiating /home/travis/build/icyphy/ptII/ptolemy/actor/lib/test/auto/FileWriter3.xml
4 ms. Memory: 268288K Free: 169564K (63%)
----------------- Invoking toplevel() on ptolemy.moml.MoMLSimpleApplication@7cee4448
----------------- Done invoking toplevel() on ptolemy.moml.MoMLSimpleApplication@7cee4448
reloadAllAccessors: .FileWriter3

===========================================================================================
----------------- testing Mon Feb 17 23:40:56 UTC 2020 /home/travis/build/icyphy/ptII/ptolemy/actor/lib/test/auto/Gaussian.xml
----------------- Instantiating /home/travis/build/icyphy/ptII/ptolemy/actor/lib/test/auto/Gaussian.xml
2 ms. Memory: 268288K Free: 164958K (61%)
----------------- Invoking toplevel() on ptolemy.moml.MoMLSimpleApplication@227100de
----------------- Done invoking toplevel() on ptolemy.moml.MoMLSimpleApplication@227100de
reloadAllAccessors: .Gaussian

===========================================================================================
----------------- testing Mon Feb 17 23:40:56 UTC 2020 /home/travis/build/icyphy/ptII/ptolemy/actor/lib/test/auto/Gaussian1.xml
----------------- Instantiating /home/travis/build/icyphy/ptII/ptolemy/actor/lib/test/auto/Gaussian1.xml
9 ms. Memory: 268288K Free: 159294K (59%)
----------------- Invoking toplevel() on ptolemy.moml.MoMLSimpleApplication@1a2eac44
----------------- Done invoking toplevel() on ptolemy.moml.MoMLSimpleApplication@1a2eac44
reloadAllAccessors: .Gaussian1

===========================================================================================
----------------- testing Mon Feb 17 23:40:56 UTC 2020 /home/travis/build/icyphy/ptII/ptolemy/actor/lib/test/auto/Gaussian2.xml
----------------- Instantiating /home/travis/build/icyphy/ptII/ptolemy/actor/lib/test/auto/Gaussian2.xml
3 ms. Memory: 268288K Free: 153694K (57%)
----------------- Invoking toplevel() on ptolemy.moml.MoMLSimpleApplication@38bc593e
----------------- Done invoking toplevel() on ptolemy.moml.MoMLSimpleApplication@38bc593e
reloadAllAccessors: .Gaussian2

===========================================================================================
----------------- testing Mon Feb 17 23:40:56 UTC 2020 /home/travis/build/icyphy/ptII/ptolemy/actor/lib/test/auto/GradientAdaptiveLattice.xml
----------------- Instantiating /home/travis/build/icyphy/ptII/ptolemy/actor/lib/test/auto/GradientAdaptiveLattice.xml
3 ms. Memory: 268288K Free: 149084K (56%)
----------------- Invoking toplevel() on ptolemy.moml.MoMLSimpleApplication@cc57cb3
----------------- Done invoking toplevel() on ptolemy.moml.MoMLSimpleApplication@cc57cb3
reloadAllAccessors: .GradientAdaptiveLattice

===========================================================================================
----------------- testing Mon Feb 17 23:40:56 UTC 2020 /home/travis/build/icyphy/ptII/ptolemy/actor/lib/test/auto/IIR.xml
----------------- Instantiating /home/travis/build/icyphy/ptII/ptolemy/actor/lib/test/auto/IIR.xml
2 ms. Memory: 268288K Free: 144478K (54%)
----------------- Invoking toplevel() on ptolemy.moml.MoMLSimpleApplication@6a603bc
----------------- Done invoking toplevel() on ptolemy.moml.MoMLSimpleApplication@6a603bc
reloadAllAccessors: .IIR

===========================================================================================
----------------- testing Mon Feb 17 23:40:56 UTC 2020 /home/travis/build/icyphy/ptII/ptolemy/actor/lib/test/auto/InputOutputTransparentPorts.xml
----------------- Instantiating /home/travis/build/icyphy/ptII/ptolemy/actor/lib/test/auto/InputOutputTransparentPorts.xml
2 ms. Memory: 268288K Free: 136796K (51%)
----------------- Invoking toplevel() on ptolemy.moml.MoMLSimpleApplication@846c30b
----------------- Done invoking toplevel() on ptolemy.moml.MoMLSimpleApplication@846c30b
reloadAllAccessors: .InputOutputTransparentPorts

===========================================================================================
----------------- testing Mon Feb 17 23:40:56 UTC 2020 /home/travis/build/icyphy/ptII/ptolemy/actor/lib/test/auto/Interpolator.xml
----------------- Instantiating /home/travis/build/icyphy/ptII/ptolemy/actor/lib/test/auto/Interpolator.xml
5 ms. Memory: 268288K Free: 132700K (49%)
----------------- Invoking toplevel() on ptolemy.moml.MoMLSimpleApplication@34476676
----------------- Done invoking toplevel() on ptolemy.moml.MoMLSimpleApplication@34476676
reloadAllAccessors: .Interpolator

===========================================================================================
----------------- testing Mon Feb 17 23:40:56 UTC 2020 /home/travis/build/icyphy/ptII/ptolemy/actor/lib/test/auto/InterpolatorFiringLimitDE.xml
----------------- Instantiating /home/travis/build/icyphy/ptII/ptolemy/actor/lib/test/auto/InterpolatorFiringLimitDE.xml
1 ms. Memory: 268288K Free: 126556K (47%)
----------------- Invoking toplevel() on ptolemy.moml.MoMLSimpleApplication@377191a3
----------------- Done invoking toplevel() on ptolemy.moml.MoMLSimpleApplication@377191a3
reloadAllAccessors: .InterpolatorFiringLimitDE

===========================================================================================
----------------- testing Mon Feb 17 23:40:56 UTC 2020 /home/travis/build/icyphy/ptII/ptolemy/actor/lib/test/auto/Lattice.xml
----------------- Instantiating /home/travis/build/icyphy/ptII/ptolemy/actor/lib/test/auto/Lattice.xml
1 ms. Memory: 268288K Free: 122460K (46%)
----------------- Invoking toplevel() on ptolemy.moml.MoMLSimpleApplication@119e6b08
----------------- Done invoking toplevel() on ptolemy.moml.MoMLSimpleApplication@119e6b08
reloadAllAccessors: .Lattice

===========================================================================================
----------------- testing Mon Feb 17 23:40:56 UTC 2020 /home/travis/build/icyphy/ptII/ptolemy/actor/lib/test/auto/LazyAOCTestLazy.xml
----------------- Instantiating /home/travis/build/icyphy/ptII/ptolemy/actor/lib/test/auto/LazyAOCTestLazy.xml
7 ms. Memory: 268288K Free: 116302K (43%)
----------------- Invoking toplevel() on ptolemy.moml.MoMLSimpleApplication@4dabfada
----------------- Done invoking toplevel() on ptolemy.moml.MoMLSimpleApplication@4dabfada
reloadAllAccessors: .LazyAOCTestLazy

===========================================================================================
----------------- testing Mon Feb 17 23:40:56 UTC 2020 /home/travis/build/icyphy/ptII/ptolemy/actor/lib/test/auto/LazyAOCTestNonLazy.xml
----------------- Instantiating /home/travis/build/icyphy/ptII/ptolemy/actor/lib/test/auto/LazyAOCTestNonLazy.xml
2 ms. Memory: 268288K Free: 110172K (41%)
----------------- Invoking toplevel() on ptolemy.moml.MoMLSimpleApplication@4551c97b
----------------- Done invoking toplevel() on ptolemy.moml.MoMLSimpleApplication@4551c97b
reloadAllAccessors: .LazyAOCTestNonLazy

===========================================================================================
----------------- testing Mon Feb 17 23:40:56 UTC 2020 /home/travis/build/icyphy/ptII/ptolemy/actor/lib/test/auto/LazyInnerClass.xml
----------------- Instantiating /home/travis/build/icyphy/ptII/ptolemy/actor/lib/test/auto/LazyInnerClass.xml
20 ms. Memory: 268288K Free: 101980K (38%)
----------------- Invoking toplevel() on ptolemy.moml.MoMLSimpleApplication@66b4cf0b
----------------- Done invoking toplevel() on ptolemy.moml.MoMLSimpleApplication@66b4cf0b
reloadAllAccessors: .LazyInnerClass

===========================================================================================
----------------- testing Mon Feb 17 23:40:56 UTC 2020 /home/travis/build/icyphy/ptII/ptolemy/actor/lib/test/auto/LazyPubSub.xml
----------------- Instantiating /home/travis/build/icyphy/ptII/ptolemy/actor/lib/test/auto/LazyPubSub.xml
11 ms. Memory: 268288K Free: 92254K (34%)
----------------- Invoking toplevel() on ptolemy.moml.MoMLSimpleApplication@c843b8d
----------------- Done invoking toplevel() on ptolemy.moml.MoMLSimpleApplication@c843b8d
reloadAllAccessors: .LazyPubSub

===========================================================================================
----------------- testing Mon Feb 17 23:40:56 UTC 2020 /home/travis/build/icyphy/ptII/ptolemy/actor/lib/test/auto/LazyPubSub2.xml
----------------- Instantiating /home/travis/build/icyphy/ptII/ptolemy/actor/lib/test/auto/LazyPubSub2.xml
17 ms. Memory: 268288K Free: 82524K (31%)
----------------- Invoking toplevel() on ptolemy.moml.MoMLSimpleApplication@634dcedd
----------------- Done invoking toplevel() on ptolemy.moml.MoMLSimpleApplication@634dcedd
reloadAllAccessors: .LazyPubSub2

===========================================================================================
----------------- testing Mon Feb 17 23:40:56 UTC 2020 /home/travis/build/icyphy/ptII/ptolemy/actor/lib/test/auto/LazyPubSub3.xml
----------------- Instantiating /home/travis/build/icyphy/ptII/ptolemy/actor/lib/test/auto/LazyPubSub3.xml
11 ms. Memory: 268288K Free: 71774K (27%)
----------------- Invoking toplevel() on ptolemy.moml.MoMLSimpleApplication@25b6efee
----------------- Done invoking toplevel() on ptolemy.moml.MoMLSimpleApplication@25b6efee
reloadAllAccessors: .LazyPubSub3

===========================================================================================
----------------- testing Mon Feb 17 23:40:56 UTC 2020 /home/travis/build/icyphy/ptII/ptolemy/actor/lib/test/auto/LazySubClassModel.xml
----------------- Instantiating /home/travis/build/icyphy/ptII/ptolemy/actor/lib/test/auto/LazySubClassModel.xml
3 ms. Memory: 268288K Free: 62558K (23%)
----------------- Invoking toplevel() on ptolemy.moml.MoMLSimpleApplication@347b1fdb
----------------- Done invoking toplevel() on ptolemy.moml.MoMLSimpleApplication@347b1fdb
reloadAllAccessors: .LazySubClassModel

===========================================================================================
----------------- testing Mon Feb 17 23:40:56 UTC 2020 /home/travis/build/icyphy/ptII/ptolemy/actor/lib/test/auto/LevelCrossTest1.xml
----------------- Instantiating /home/travis/build/icyphy/ptII/ptolemy/actor/lib/test/auto/LevelCrossTest1.xml
1 ms. Memory: 268288K Free: 215089K (80%)
----------------- Invoking toplevel() on ptolemy.moml.MoMLSimpleApplication@5e6fe905
----------------- Done invoking toplevel() on ptolemy.moml.MoMLSimpleApplication@5e6fe905
reloadAllAccessors: .broken

===========================================================================================
----------------- testing Mon Feb 17 23:40:56 UTC 2020 /home/travis/build/icyphy/ptII/ptolemy/actor/lib/test/auto/LevelCrossTest10.xml
----------------- Instantiating /home/travis/build/icyphy/ptII/ptolemy/actor/lib/test/auto/LevelCrossTest10.xml
2 ms. Memory: 268288K Free: 208465K (78%)
----------------- Invoking toplevel() on ptolemy.moml.MoMLSimpleApplication@4c49eda0
----------------- Done invoking toplevel() on ptolemy.moml.MoMLSimpleApplication@4c49eda0
reloadAllAccessors: .LevelCrossTest10

===========================================================================================
----------------- testing Mon Feb 17 23:40:57 UTC 2020 /home/travis/build/icyphy/ptII/ptolemy/actor/lib/test/auto/LevelCrossTest11.xml
----------------- Instantiating /home/travis/build/icyphy/ptII/ptolemy/actor/lib/test/auto/LevelCrossTest11.xml
1 ms. Memory: 268288K Free: 201297K (75%)
----------------- Invoking toplevel() on ptolemy.moml.MoMLSimpleApplication@515dc631
----------------- Done invoking toplevel() on ptolemy.moml.MoMLSimpleApplication@515dc631
reloadAllAccessors: .LevelCrossTest11

===========================================================================================
----------------- testing Mon Feb 17 23:40:57 UTC 2020 /home/travis/build/icyphy/ptII/ptolemy/actor/lib/test/auto/LevelCrossTest12.xml
----------------- Instantiating /home/travis/build/icyphy/ptII/ptolemy/actor/lib/test/auto/LevelCrossTest12.xml
1 ms. Memory: 268288K Free: 194639K (73%)
----------------- Invoking toplevel() on ptolemy.moml.MoMLSimpleApplication@43dc1cab
----------------- Done invoking toplevel() on ptolemy.moml.MoMLSimpleApplication@43dc1cab
reloadAllAccessors: .LevelCrossTest12

===========================================================================================
----------------- testing Mon Feb 17 23:40:57 UTC 2020 /home/travis/build/icyphy/ptII/ptolemy/actor/lib/test/auto/LevelCrossTest13.xml
----------------- Instantiating /home/travis/build/icyphy/ptII/ptolemy/actor/lib/test/auto/LevelCrossTest13.xml
2 ms. Memory: 268288K Free: 187471K (70%)
----------------- Invoking toplevel() on ptolemy.moml.MoMLSimpleApplication@36de7ba8
----------------- Done invoking toplevel() on ptolemy.moml.MoMLSimpleApplication@36de7ba8
reloadAllAccessors: .LevelCrossTest13

===========================================================================================
----------------- testing Mon Feb 17 23:40:57 UTC 2020 /home/travis/build/icyphy/ptII/ptolemy/actor/lib/test/auto/LevelCrossTest2.xml
----------------- Instantiating /home/travis/build/icyphy/ptII/ptolemy/actor/lib/test/auto/LevelCrossTest2.xml
1 ms. Memory: 268288K Free: 181841K (68%)
----------------- Invoking toplevel() on ptolemy.moml.MoMLSimpleApplication@1d65a155
----------------- Done invoking toplevel() on ptolemy.moml.MoMLSimpleApplication@1d65a155
reloadAllAccessors: .broken

===========================================================================================
----------------- testing Mon Feb 17 23:40:57 UTC 2020 /home/travis/build/icyphy/ptII/ptolemy/actor/lib/test/auto/LevelCrossTest3.xml
----------------- Instantiating /home/travis/build/icyphy/ptII/ptolemy/actor/lib/test/auto/LevelCrossTest3.xml
1 ms. Memory: 268288K Free: 175697K (65%)
----------------- Invoking toplevel() on ptolemy.moml.MoMLSimpleApplication@7c14cf01
----------------- Done invoking toplevel() on ptolemy.moml.MoMLSimpleApplication@7c14cf01
reloadAllAccessors: .LevelCrossTest3

===========================================================================================
----------------- testing Mon Feb 17 23:40:57 UTC 2020 /home/travis/build/icyphy/ptII/ptolemy/actor/lib/test/auto/LevelCrossTest4.xml
----------------- Instantiating /home/travis/build/icyphy/ptII/ptolemy/actor/lib/test/auto/LevelCrossTest4.xml
1 ms. Memory: 268288K Free: 170063K (63%)
----------------- Invoking toplevel() on ptolemy.moml.MoMLSimpleApplication@24854eec
----------------- Done invoking toplevel() on ptolemy.moml.MoMLSimpleApplication@24854eec
reloadAllAccessors: .broken

===========================================================================================
----------------- testing Mon Feb 17 23:40:57 UTC 2020 /home/travis/build/icyphy/ptII/ptolemy/actor/lib/test/auto/LevelCrossTest5.xml
----------------- Instantiating /home/travis/build/icyphy/ptII/ptolemy/actor/lib/test/auto/LevelCrossTest5.xml
4 ms. Memory: 268288K Free: 162865K (61%)
----------------- Invoking toplevel() on ptolemy.moml.MoMLSimpleApplication@2576a5f4
----------------- Done invoking toplevel() on ptolemy.moml.MoMLSimpleApplication@2576a5f4
reloadAllAccessors: .LevelCrossTest5

===========================================================================================
----------------- testing Mon Feb 17 23:40:57 UTC 2020 /home/travis/build/icyphy/ptII/ptolemy/actor/lib/test/auto/LevelCrossTest6.xml
----------------- Instantiating /home/travis/build/icyphy/ptII/ptolemy/actor/lib/test/auto/LevelCrossTest6.xml
1 ms. Memory: 268288K Free: 155727K (58%)
----------------- Invoking toplevel() on ptolemy.moml.MoMLSimpleApplication@63a97c4c
----------------- Done invoking toplevel() on ptolemy.moml.MoMLSimpleApplication@63a97c4c
reloadAllAccessors: .LevelCrossTest6

===========================================================================================
----------------- testing Mon Feb 17 23:40:57 UTC 2020 /home/travis/build/icyphy/ptII/ptolemy/actor/lib/test/auto/LevelCrossTest7.xml
----------------- Instantiating /home/travis/build/icyphy/ptII/ptolemy/actor/lib/test/auto/LevelCrossTest7.xml
2 ms. Memory: 268288K Free: 148049K (55%)
----------------- Invoking toplevel() on ptolemy.moml.MoMLSimpleApplication@1d9cab85
----------------- Done invoking toplevel() on ptolemy.moml.MoMLSimpleApplication@1d9cab85
reloadAllAccessors: .LevelCrossTest7

===========================================================================================
----------------- testing Mon Feb 17 23:40:57 UTC 2020 /home/travis/build/icyphy/ptII/ptolemy/actor/lib/test/auto/LevelCrossTest8.xml
----------------- Instantiating /home/travis/build/icyphy/ptII/ptolemy/actor/lib/test/auto/LevelCrossTest8.xml
1 ms. Memory: 268288K Free: 141391K (53%)
----------------- Invoking toplevel() on ptolemy.moml.MoMLSimpleApplication@6aa7661
----------------- Done invoking toplevel() on ptolemy.moml.MoMLSimpleApplication@6aa7661
reloadAllAccessors: .LevelCrossTest8

===========================================================================================
----------------- testing Mon Feb 17 23:40:57 UTC 2020 /home/travis/build/icyphy/ptII/ptolemy/actor/lib/test/auto/LevelCrossTest9.xml
----------------- Instantiating /home/travis/build/icyphy/ptII/ptolemy/actor/lib/test/auto/LevelCrossTest9.xml
2 ms. Memory: 268288K Free: 133713K (50%)
----------------- Invoking toplevel() on ptolemy.moml.MoMLSimpleApplication@78639206
----------------- Done invoking toplevel() on ptolemy.moml.MoMLSimpleApplication@78639206
reloadAllAccessors: .LevelCrossTest9

===========================================================================================
----------------- testing Mon Feb 17 23:40:57 UTC 2020 /home/travis/build/icyphy/ptII/ptolemy/actor/lib/test/auto/LevinsonDurbin.xml
----------------- Instantiating /home/travis/build/icyphy/ptII/ptolemy/actor/lib/test/auto/LevinsonDurbin.xml
2 ms. Memory: 268288K Free: 129617K (48%)
----------------- Invoking toplevel() on ptolemy.moml.MoMLSimpleApplication@195c16b3
----------------- Done invoking toplevel() on ptolemy.moml.MoMLSimpleApplication@195c16b3
reloadAllAccessors: .LevinsonDurbin

===========================================================================================
----------------- testing Mon Feb 17 23:40:57 UTC 2020 /home/travis/build/icyphy/ptII/ptolemy/actor/lib/test/auto/LevinsonDurbin2.xml
----------------- Instantiating /home/travis/build/icyphy/ptII/ptolemy/actor/lib/test/auto/LevinsonDurbin2.xml
1 ms. Memory: 268288K Free: 125521K (47%)
----------------- Invoking toplevel() on ptolemy.moml.MoMLSimpleApplication@7861fcf5
----------------- Done invoking toplevel() on ptolemy.moml.MoMLSimpleApplication@7861fcf5
reloadAllAccessors: .LevinsonDurbin2

===========================================================================================
----------------- testing Mon Feb 17 23:40:57 UTC 2020 /home/travis/build/icyphy/ptII/ptolemy/actor/lib/test/auto/LevinsonDurbin3.xml
----------------- Instantiating /home/travis/build/icyphy/ptII/ptolemy/actor/lib/test/auto/LevinsonDurbin3.xml
3 ms. Memory: 268288K Free: 121425K (45%)
----------------- Invoking toplevel() on ptolemy.moml.MoMLSimpleApplication@19243a82
----------------- Done invoking toplevel() on ptolemy.moml.MoMLSimpleApplication@19243a82
reloadAllAccessors: .LevinsonDurbin3

===========================================================================================
----------------- testing Mon Feb 17 23:40:57 UTC 2020 /home/travis/build/icyphy/ptII/ptolemy/actor/lib/test/auto/Limiter.xml
----------------- Instantiating /home/travis/build/icyphy/ptII/ptolemy/actor/lib/test/auto/Limiter.xml
5 ms. Memory: 268288K Free: 112209K (42%)
----------------- Invoking toplevel() on ptolemy.moml.MoMLSimpleApplication@7a779120
----------------- Done invoking toplevel() on ptolemy.moml.MoMLSimpleApplication@7a779120
reloadAllAccessors: .Limiter

===========================================================================================
----------------- testing Mon Feb 17 23:40:57 UTC 2020 /home/travis/build/icyphy/ptII/ptolemy/actor/lib/test/auto/LinearDifferenceEquationSystem.xml
----------------- Instantiating /home/travis/build/icyphy/ptII/ptolemy/actor/lib/test/auto/LinearDifferenceEquationSystem.xml
10 ms. Memory: 268288K Free: 105041K (39%)
----------------- Invoking toplevel() on ptolemy.moml.MoMLSimpleApplication@1185c87b
----------------- Done invoking toplevel() on ptolemy.moml.MoMLSimpleApplication@1185c87b
reloadAllAccessors: .LinearDifferenceEquationSystem

===========================================================================================
----------------- testing Mon Feb 17 23:40:57 UTC 2020 /home/travis/build/icyphy/ptII/ptolemy/actor/lib/test/auto/LookupTable.xml
----------------- Instantiating /home/travis/build/icyphy/ptII/ptolemy/actor/lib/test/auto/LookupTable.xml
2 ms. Memory: 268288K Free: 100431K (37%)
----------------- Invoking toplevel() on ptolemy.moml.MoMLSimpleApplication@4b7e3dd9
----------------- Done invoking toplevel() on ptolemy.moml.MoMLSimpleApplication@4b7e3dd9
reloadAllAccessors: .LookupTable

===========================================================================================
----------------- testing Mon Feb 17 23:40:57 UTC 2020 /home/travis/build/icyphy/ptII/ptolemy/actor/lib/test/auto/MathFunction.xml
----------------- Instantiating /home/travis/build/icyphy/ptII/ptolemy/actor/lib/test/auto/MathFunction.xml
2 ms. Memory: 268288K Free: 92239K (34%)
----------------- Invoking toplevel() on ptolemy.moml.MoMLSimpleApplication@8333b94
----------------- Done invoking toplevel() on ptolemy.moml.MoMLSimpleApplication@8333b94
reloadAllAccessors: .MathFunction

===========================================================================================
----------------- testing Mon Feb 17 23:40:57 UTC 2020 /home/travis/build/icyphy/ptII/ptolemy/actor/lib/test/auto/MathFunction2.xml
----------------- Instantiating /home/travis/build/icyphy/ptII/ptolemy/actor/lib/test/auto/MathFunction2.xml
1 ms. Memory: 268288K Free: 88143K (33%)
----------------- Invoking toplevel() on ptolemy.moml.MoMLSimpleApplication@6617ac71
----------------- Done invoking toplevel() on ptolemy.moml.MoMLSimpleApplication@6617ac71
reloadAllAccessors: .MathFunction2

===========================================================================================
----------------- testing Mon Feb 17 23:40:57 UTC 2020 /home/travis/build/icyphy/ptII/ptolemy/actor/lib/test/auto/MathFunction3.xml
----------------- Instantiating /home/travis/build/icyphy/ptII/ptolemy/actor/lib/test/auto/MathFunction3.xml
2 ms. Memory: 268288K Free: 80975K (30%)
----------------- Invoking toplevel() on ptolemy.moml.MoMLSimpleApplication@77581561
----------------- Done invoking toplevel() on ptolemy.moml.MoMLSimpleApplication@77581561
reloadAllAccessors: .MathFunction3

===========================================================================================
----------------- testing Mon Feb 17 23:40:57 UTC 2020 /home/travis/build/icyphy/ptII/ptolemy/actor/lib/test/auto/MatrixCropBoolean.xml
----------------- Instantiating /home/travis/build/icyphy/ptII/ptolemy/actor/lib/test/auto/MatrixCropBoolean.xml
1 ms. Memory: 268288K Free: 75825K (28%)
----------------- Invoking toplevel() on ptolemy.moml.MoMLSimpleApplication@5fac6e14
----------------- Done invoking toplevel() on ptolemy.moml.MoMLSimpleApplication@5fac6e14
reloadAllAccessors: .MatrixCropBoolean

===========================================================================================
----------------- testing Mon Feb 17 23:40:57 UTC 2020 /home/travis/build/icyphy/ptII/ptolemy/actor/lib/test/auto/MatrixCropComplex.xml
----------------- Instantiating /home/travis/build/icyphy/ptII/ptolemy/actor/lib/test/auto/MatrixCropComplex.xml
2 ms. Memory: 268288K Free: 70705K (26%)
----------------- Invoking toplevel() on ptolemy.moml.MoMLSimpleApplication@93fd065
----------------- Done invoking toplevel() on ptolemy.moml.MoMLSimpleApplication@93fd065
reloadAllAccessors: .MatrixCropComplex

===========================================================================================
----------------- testing Mon Feb 17 23:40:57 UTC 2020 /home/travis/build/icyphy/ptII/ptolemy/actor/lib/test/auto/MatrixCropDouble.xml
----------------- Instantiating /home/travis/build/icyphy/ptII/ptolemy/actor/lib/test/auto/MatrixCropDouble.xml
4 ms. Memory: 268288K Free: 65601K (24%)
----------------- Invoking toplevel() on ptolemy.moml.MoMLSimpleApplication@471afd05
----------------- Done invoking toplevel() on ptolemy.moml.MoMLSimpleApplication@471afd05
reloadAllAccessors: .MatrixCropDouble

===========================================================================================
----------------- testing Mon Feb 17 23:40:57 UTC 2020 /home/travis/build/icyphy/ptII/ptolemy/actor/lib/test/auto/MatrixCropFix.xml
----------------- Instantiating /home/travis/build/icyphy/ptII/ptolemy/actor/lib/test/auto/MatrixCropFix.xml
15 ms. Memory: 268288K Free: 218385K (81%)
----------------- Invoking toplevel() on ptolemy.moml.MoMLSimpleApplication@729e31ce
----------------- Done invoking toplevel() on ptolemy.moml.MoMLSimpleApplication@729e31ce
reloadAllAccessors: .MatrixCropFix

===========================================================================================
----------------- testing Mon Feb 17 23:40:57 UTC 2020 /home/travis/build/icyphy/ptII/ptolemy/actor/lib/test/auto/MatrixCropInt.xml
----------------- Instantiating /home/travis/build/icyphy/ptII/ptolemy/actor/lib/test/auto/MatrixCropInt.xml
2 ms. Memory: 268288K Free: 213305K (80%)
----------------- Invoking toplevel() on ptolemy.moml.MoMLSimpleApplication@1bb73087
----------------- Done invoking toplevel() on ptolemy.moml.MoMLSimpleApplication@1bb73087
reloadAllAccessors: .MatrixCropInt

===========================================================================================
----------------- testing Mon Feb 17 23:40:57 UTC 2020 /home/travis/build/icyphy/ptII/ptolemy/actor/lib/test/auto/MatrixCropLong.xml
----------------- Instantiating /home/travis/build/icyphy/ptII/ptolemy/actor/lib/test/auto/MatrixCropLong.xml
2 ms. Memory: 268288K Free: 208201K (78%)
----------------- Invoking toplevel() on ptolemy.moml.MoMLSimpleApplication@139b1c8b
----------------- Done invoking toplevel() on ptolemy.moml.MoMLSimpleApplication@139b1c8b
reloadAllAccessors: .MatrixCropLong

===========================================================================================
----------------- testing Mon Feb 17 23:40:57 UTC 2020 /home/travis/build/icyphy/ptII/ptolemy/actor/lib/test/auto/MatrixToArray.xml
----------------- Instantiating /home/travis/build/icyphy/ptII/ptolemy/actor/lib/test/auto/MatrixToArray.xml
6 ms. Memory: 268288K Free: 192855K (72%)
----------------- Invoking toplevel() on ptolemy.moml.MoMLSimpleApplication@30b5aa76
----------------- Done invoking toplevel() on ptolemy.moml.MoMLSimpleApplication@30b5aa76
reloadAllAccessors: .MatrixToArray

===========================================================================================
----------------- testing Mon Feb 17 23:40:57 UTC 2020 /home/travis/build/icyphy/ptII/ptolemy/actor/lib/test/auto/MaxIndex.xml
----------------- Instantiating /home/travis/build/icyphy/ptII/ptolemy/actor/lib/test/auto/MaxIndex.xml
1 ms. Memory: 268288K Free: 187735K (70%)
----------------- Invoking toplevel() on ptolemy.moml.MoMLSimpleApplication@3aeb4efb
----------------- Done invoking toplevel() on ptolemy.moml.MoMLSimpleApplication@3aeb4efb
reloadAllAccessors: .MaxIndex

===========================================================================================
----------------- testing Mon Feb 17 23:40:57 UTC 2020 /home/travis/build/icyphy/ptII/ptolemy/actor/lib/test/auto/Maximum.xml
----------------- Instantiating /home/travis/build/icyphy/ptII/ptolemy/actor/lib/test/auto/Maximum.xml
5 ms. Memory: 268288K Free: 181081K (67%)
----------------- Invoking toplevel() on ptolemy.moml.MoMLSimpleApplication@6bee6353
----------------- Done invoking toplevel() on ptolemy.moml.MoMLSimpleApplication@6bee6353
reloadAllAccessors: .Maximum

===========================================================================================
----------------- testing Mon Feb 17 23:40:57 UTC 2020 /home/travis/build/icyphy/ptII/ptolemy/actor/lib/test/auto/MaximumComplex.xml
----------------- Instantiating /home/travis/build/icyphy/ptII/ptolemy/actor/lib/test/auto/MaximumComplex.xml
5 ms. Memory: 268288K Free: 174937K (65%)
----------------- Invoking toplevel() on ptolemy.moml.MoMLSimpleApplication@2d3e13da
----------------- Done invoking toplevel() on ptolemy.moml.MoMLSimpleApplication@2d3e13da
reloadAllAccessors: .MaximumComplex

===========================================================================================
----------------- testing Mon Feb 17 23:40:57 UTC 2020 /home/travis/build/icyphy/ptII/ptolemy/actor/lib/test/auto/MethodCallTest.xml
----------------- Instantiating /home/travis/build/icyphy/ptII/ptolemy/actor/lib/test/auto/MethodCallTest.xml
2 ms. Memory: 268288K Free: 168279K (63%)
----------------- Invoking toplevel() on ptolemy.moml.MoMLSimpleApplication@35fbb4f0
----------------- Done invoking toplevel() on ptolemy.moml.MoMLSimpleApplication@35fbb4f0
reloadAllAccessors: .MethodCallTest

===========================================================================================
----------------- testing Mon Feb 17 23:40:57 UTC 2020 /home/travis/build/icyphy/ptII/ptolemy/actor/lib/test/auto/Minimum.xml
----------------- Instantiating /home/travis/build/icyphy/ptII/ptolemy/actor/lib/test/auto/Minimum.xml
3 ms. Memory: 268288K Free: 162135K (60%)
----------------- Invoking toplevel() on ptolemy.moml.MoMLSimpleApplication@28a82bda
----------------- Done invoking toplevel() on ptolemy.moml.MoMLSimpleApplication@28a82bda
reloadAllAccessors: .Minimum

===========================================================================================
----------------- testing Mon Feb 17 23:40:57 UTC 2020 /home/travis/build/icyphy/ptII/ptolemy/actor/lib/test/auto/MinimumComplex.xml
----------------- Instantiating /home/travis/build/icyphy/ptII/ptolemy/actor/lib/test/auto/MinimumComplex.xml
5 ms. Memory: 268288K Free: 155961K (58%)
----------------- Invoking toplevel() on ptolemy.moml.MoMLSimpleApplication@670a16e7
----------------- Done invoking toplevel() on ptolemy.moml.MoMLSimpleApplication@670a16e7
reloadAllAccessors: .MinimumComplex

===========================================================================================
----------------- testing Mon Feb 17 23:40:57 UTC 2020 /home/travis/build/icyphy/ptII/ptolemy/actor/lib/test/auto/MinimumMultiports.xml
----------------- Instantiating /home/travis/build/icyphy/ptII/ptolemy/actor/lib/test/auto/MinimumMultiports.xml
4 ms. Memory: 268288K Free: 147799K (55%)
----------------- Invoking toplevel() on ptolemy.moml.MoMLSimpleApplication@3d07f0cc
----------------- Done invoking toplevel() on ptolemy.moml.MoMLSimpleApplication@3d07f0cc
reloadAllAccessors: .MinimumMultiports

===========================================================================================
----------------- testing Mon Feb 17 23:40:57 UTC 2020 /home/travis/build/icyphy/ptII/ptolemy/actor/lib/test/auto/ModifyDate.xml
----------------- Instantiating /home/travis/build/icyphy/ptII/ptolemy/actor/lib/test/auto/ModifyDate.xml
9 ms. Memory: 268288K Free: 134487K (50%)
----------------- Invoking toplevel() on ptolemy.moml.MoMLSimpleApplication@115e1777
----------------- Done invoking toplevel() on ptolemy.moml.MoMLSimpleApplication@115e1777
reloadAllAccessors: .ModifyDate

===========================================================================================
----------------- testing Mon Feb 17 23:40:57 UTC 2020 /home/travis/build/icyphy/ptII/ptolemy/actor/lib/test/auto/ModifyDate2.xml
----------------- Instantiating /home/travis/build/icyphy/ptII/ptolemy/actor/lib/test/auto/ModifyDate2.xml
3 ms. Memory: 268288K Free: 125785K (47%)
----------------- Invoking toplevel() on ptolemy.moml.MoMLSimpleApplication@bdf076b
----------------- Done invoking toplevel() on ptolemy.moml.MoMLSimpleApplication@bdf076b
reloadAllAccessors: .ModifyDate2

===========================================================================================
----------------- testing Mon Feb 17 23:40:57 UTC 2020 /home/travis/build/icyphy/ptII/ptolemy/actor/lib/test/auto/MovingAverage.xml
----------------- Instantiating /home/travis/build/icyphy/ptII/ptolemy/actor/lib/test/auto/MovingAverage.xml
2 ms. Memory: 268288K Free: 120665K (45%)
----------------- Invoking toplevel() on ptolemy.moml.MoMLSimpleApplication@53fd91bb
----------------- Done invoking toplevel() on ptolemy.moml.MoMLSimpleApplication@53fd91bb
reloadAllAccessors: .MovingAverage

===========================================================================================
----------------- testing Mon Feb 17 23:40:57 UTC 2020 /home/travis/build/icyphy/ptII/ptolemy/actor/lib/test/auto/MovingMaximum.xml
----------------- Instantiating /home/travis/build/icyphy/ptII/ptolemy/actor/lib/test/auto/MovingMaximum.xml
1 ms. Memory: 268288K Free: 116055K (43%)
----------------- Invoking toplevel() on ptolemy.moml.MoMLSimpleApplication@5adaf2f8
----------------- Done invoking toplevel() on ptolemy.moml.MoMLSimpleApplication@5adaf2f8
reloadAllAccessors: .MovingMaximum

===========================================================================================
----------------- testing Mon Feb 17 23:40:57 UTC 2020 /home/travis/build/icyphy/ptII/ptolemy/actor/lib/test/auto/MultipleLinksToSameRelation.xml
----------------- Instantiating /home/travis/build/icyphy/ptII/ptolemy/actor/lib/test/auto/MultipleLinksToSameRelation.xml
2 ms. Memory: 268288K Free: 111959K (42%)
----------------- Invoking toplevel() on ptolemy.moml.MoMLSimpleApplication@31d43592
----------------- Done invoking toplevel() on ptolemy.moml.MoMLSimpleApplication@31d43592
reloadAllAccessors: .MultipleLinksToSameRelation

===========================================================================================
----------------- testing Mon Feb 17 23:40:57 UTC 2020 /home/travis/build/icyphy/ptII/ptolemy/actor/lib/test/auto/MultipleLinksToSameRelationDE.xml
----------------- Instantiating /home/travis/build/icyphy/ptII/ptolemy/actor/lib/test/auto/MultipleLinksToSameRelationDE.xml
9 ms. Memory: 268288K Free: 107353K (40%)
----------------- Invoking toplevel() on ptolemy.moml.MoMLSimpleApplication@706e433f
----------------- Done invoking toplevel() on ptolemy.moml.MoMLSimpleApplication@706e433f
reloadAllAccessors: .MultipleLinksToSameRelationDE

===========================================================================================
----------------- testing Mon Feb 17 23:40:57 UTC 2020 /home/travis/build/icyphy/ptII/ptolemy/actor/lib/test/auto/Multiplexor.xml
----------------- Instantiating /home/travis/build/icyphy/ptII/ptolemy/actor/lib/test/auto/Multiplexor.xml
1 ms. Memory: 268288K Free: 101719K (38%)
----------------- Invoking toplevel() on ptolemy.moml.MoMLSimpleApplication@2d2bc29f
----------------- Done invoking toplevel() on ptolemy.moml.MoMLSimpleApplication@2d2bc29f
reloadAllAccessors: .Multiplexor

===========================================================================================
----------------- testing Mon Feb 17 23:40:57 UTC 2020 /home/travis/build/icyphy/ptII/ptolemy/actor/lib/test/auto/Multiplexor1.xml
----------------- Instantiating /home/travis/build/icyphy/ptII/ptolemy/actor/lib/test/auto/Multiplexor1.xml
2 ms. Memory: 268288K Free: 96089K (36%)
----------------- Invoking toplevel() on ptolemy.moml.MoMLSimpleApplication@68bb0aaa
----------------- Done invoking toplevel() on ptolemy.moml.MoMLSimpleApplication@68bb0aaa
reloadAllAccessors: .Multiplexor1

===========================================================================================
----------------- testing Mon Feb 17 23:40:57 UTC 2020 /home/travis/build/icyphy/ptII/ptolemy/actor/lib/test/auto/Multiplexor2.xml
----------------- Instantiating /home/travis/build/icyphy/ptII/ptolemy/actor/lib/test/auto/Multiplexor2.xml
6 ms. Memory: 268288K Free: 89431K (33%)
----------------- Invoking toplevel() on ptolemy.moml.MoMLSimpleApplication@15822c7a
----------------- Done invoking toplevel() on ptolemy.moml.MoMLSimpleApplication@15822c7a
reloadAllAccessors: .Multiplexor2

===========================================================================================
----------------- testing Mon Feb 17 23:40:57 UTC 2020 /home/travis/build/icyphy/ptII/ptolemy/actor/lib/test/auto/Multiplexor3.xml
----------------- Instantiating /home/travis/build/icyphy/ptII/ptolemy/actor/lib/test/auto/Multiplexor3.xml
2 ms. Memory: 268288K Free: 85335K (32%)
----------------- Invoking toplevel() on ptolemy.moml.MoMLSimpleApplication@ebada99
----------------- Done invoking toplevel() on ptolemy.moml.MoMLSimpleApplication@ebada99
reloadAllAccessors: .Multiplexor3

===========================================================================================
----------------- testing Mon Feb 17 23:40:57 UTC 2020 /home/travis/build/icyphy/ptII/ptolemy/actor/lib/test/auto/MultiplexorDE.xml
----------------- Instantiating /home/travis/build/icyphy/ptII/ptolemy/actor/lib/test/auto/MultiplexorDE.xml
2 ms. Memory: 268288K Free: 77657K (29%)
----------------- Invoking toplevel() on ptolemy.moml.MoMLSimpleApplication@792bac88
----------------- Done invoking toplevel() on ptolemy.moml.MoMLSimpleApplication@792bac88
reloadAllAccessors: .MultiplexorDE

===========================================================================================
----------------- testing Mon Feb 17 23:40:58 UTC 2020 /home/travis/build/icyphy/ptII/ptolemy/actor/lib/test/auto/MultiportBroadcastTest.xml
----------------- Instantiating /home/travis/build/icyphy/ptII/ptolemy/actor/lib/test/auto/MultiportBroadcastTest.xml
86 ms. Memory: 268288K Free: 71513K (27%)
----------------- Invoking toplevel() on ptolemy.moml.MoMLSimpleApplication@3dfa125d
----------------- Done invoking toplevel() on ptolemy.moml.MoMLSimpleApplication@3dfa125d
reloadAllAccessors: .MultiportBroadcastTest

===========================================================================================
----------------- testing Mon Feb 17 23:40:58 UTC 2020 /home/travis/build/icyphy/ptII/ptolemy/actor/lib/test/auto/MultiportOutHangDuringGetWidth.xml
----------------- Instantiating /home/travis/build/icyphy/ptII/ptolemy/actor/lib/test/auto/MultiportOutHangDuringGetWidth.xml
16 ms. Memory: 268288K Free: 217550K (81%)
----------------- Invoking toplevel() on ptolemy.moml.MoMLSimpleApplication@2dea8416
----------------- Done invoking toplevel() on ptolemy.moml.MoMLSimpleApplication@2dea8416
reloadAllAccessors: .MultiportOutHangDuringGetWidth

===========================================================================================
----------------- testing Mon Feb 17 23:40:58 UTC 2020 /home/travis/build/icyphy/ptII/ptolemy/actor/lib/test/auto/NilToken.xml
----------------- Instantiating /home/travis/build/icyphy/ptII/ptolemy/actor/lib/test/auto/NilToken.xml
2 ms. Memory: 268288K Free: 212707K (79%)
----------------- Invoking toplevel() on ptolemy.moml.MoMLSimpleApplication@4d30b8ad
----------------- Done invoking toplevel() on ptolemy.moml.MoMLSimpleApplication@4d30b8ad
reloadAllAccessors: .NilToken

===========================================================================================
----------------- testing Mon Feb 17 23:40:58 UTC 2020 /home/travis/build/icyphy/ptII/ptolemy/actor/lib/test/auto/NilTokenNonStrictTest.xml
----------------- Instantiating /home/travis/build/icyphy/ptII/ptolemy/actor/lib/test/auto/NilTokenNonStrictTest.xml
1 ms. Memory: 268288K Free: 208097K (78%)
----------------- Invoking toplevel() on ptolemy.moml.MoMLSimpleApplication@10da14e0
----------------- Done invoking toplevel() on ptolemy.moml.MoMLSimpleApplication@10da14e0
reloadAllAccessors: .NilTokenNonStrictTest

===========================================================================================
----------------- testing Mon Feb 17 23:40:58 UTC 2020 /home/travis/build/icyphy/ptII/ptolemy/actor/lib/test/auto/NilTokenRecord.xml
----------------- Instantiating /home/travis/build/icyphy/ptII/ptolemy/actor/lib/test/auto/NilTokenRecord.xml
12 ms. Memory: 268288K Free: 201443K (75%)
----------------- Invoking toplevel() on ptolemy.moml.MoMLSimpleApplication@2257a536
----------------- Done invoking toplevel() on ptolemy.moml.MoMLSimpleApplication@2257a536
reloadAllAccessors: .NilTokenRecord

===========================================================================================
----------------- testing Mon Feb 17 23:40:58 UTC 2020 /home/travis/build/icyphy/ptII/ptolemy/actor/lib/test/auto/NilTokenTypeTest.xml
----------------- Instantiating /home/travis/build/icyphy/ptII/ptolemy/actor/lib/test/auto/NilTokenTypeTest.xml
5 ms. Memory: 268288K Free: 191713K (71%)
----------------- Invoking toplevel() on ptolemy.moml.MoMLSimpleApplication@226a1879
----------------- Done invoking toplevel() on ptolemy.moml.MoMLSimpleApplication@226a1879
reloadAllAccessors: .NilTokenTypeTest

===========================================================================================
----------------- testing Mon Feb 17 23:40:58 UTC 2020 /home/travis/build/icyphy/ptII/ptolemy/actor/lib/test/auto/ObjectToken1.xml
----------------- Instantiating /home/travis/build/icyphy/ptII/ptolemy/actor/lib/test/auto/ObjectToken1.xml
2 ms. Memory: 268288K Free: 187617K (70%)
----------------- Invoking toplevel() on ptolemy.moml.MoMLSimpleApplication@4a252486
----------------- Done invoking toplevel() on ptolemy.moml.MoMLSimpleApplication@4a252486
reloadAllAccessors: .ObjectToken1

===========================================================================================
----------------- testing Mon Feb 17 23:40:58 UTC 2020 /home/travis/build/icyphy/ptII/ptolemy/actor/lib/test/auto/OrderedMerge.xml
----------------- Instantiating /home/travis/build/icyphy/ptII/ptolemy/actor/lib/test/auto/OrderedMerge.xml
12 ms. Memory: 268288K Free: 181987K (68%)
----------------- Invoking toplevel() on ptolemy.moml.MoMLSimpleApplication@20a7c942
----------------- Done invoking toplevel() on ptolemy.moml.MoMLSimpleApplication@20a7c942
reloadAllAccessors: .OrderedMerge

===========================================================================================
----------------- testing Mon Feb 17 23:40:58 UTC 2020 /home/travis/build/icyphy/ptII/ptolemy/actor/lib/test/auto/OrderedRecordDisassembler.xml
----------------- Instantiating /home/travis/build/icyphy/ptII/ptolemy/actor/lib/test/auto/OrderedRecordDisassembler.xml
3 ms. Memory: 268288K Free: 176867K (66%)
----------------- Invoking toplevel() on ptolemy.moml.MoMLSimpleApplication@799548c9
----------------- Done invoking toplevel() on ptolemy.moml.MoMLSimpleApplication@799548c9
reloadAllAccessors: .OrderedRecordDisassembler

===========================================================================================
----------------- testing Mon Feb 17 23:40:58 UTC 2020 /home/travis/build/icyphy/ptII/ptolemy/actor/lib/test/auto/OrderedRecordDisassembler2.xml
----------------- Instantiating /home/travis/build/icyphy/ptII/ptolemy/actor/lib/test/auto/OrderedRecordDisassembler2.xml
4 ms. Memory: 268288K Free: 169171K (63%)
----------------- Invoking toplevel() on ptolemy.moml.MoMLSimpleApplication@7b6ef04c
----------------- Done invoking toplevel() on ptolemy.moml.MoMLSimpleApplication@7b6ef04c
reloadAllAccessors: .OrderedRecordDisassembler2

===========================================================================================
----------------- testing Mon Feb 17 23:40:58 UTC 2020 /home/travis/build/icyphy/ptII/ptolemy/actor/lib/test/auto/OrderedRecordUpdater.xml
----------------- Instantiating /home/travis/build/icyphy/ptII/ptolemy/actor/lib/test/auto/OrderedRecordUpdater.xml
2 ms. Memory: 268288K Free: 164065K (61%)
----------------- Invoking toplevel() on ptolemy.moml.MoMLSimpleApplication@671e482a
----------------- Done invoking toplevel() on ptolemy.moml.MoMLSimpleApplication@671e482a
reloadAllAccessors: .RecordUpdater

===========================================================================================
----------------- testing Mon Feb 17 23:40:58 UTC 2020 /home/travis/build/icyphy/ptII/ptolemy/actor/lib/test/auto/OrderedRecordUpdater2.xml
----------------- Instantiating /home/travis/build/icyphy/ptII/ptolemy/actor/lib/test/auto/OrderedRecordUpdater2.xml
2 ms. Memory: 268288K Free: 159459K (59%)
----------------- Invoking toplevel() on ptolemy.moml.MoMLSimpleApplication@73779da8
----------------- Done invoking toplevel() on ptolemy.moml.MoMLSimpleApplication@73779da8
reloadAllAccessors: .RecordUpdater2

===========================================================================================
----------------- testing Mon Feb 17 23:40:58 UTC 2020 /home/travis/build/icyphy/ptII/ptolemy/actor/lib/test/auto/PhaseUnwrap.xml
----------------- Instantiating /home/travis/build/icyphy/ptII/ptolemy/actor/lib/test/auto/PhaseUnwrap.xml
1 ms. Memory: 268288K Free: 154849K (58%)
----------------- Invoking toplevel() on ptolemy.moml.MoMLSimpleApplication@2ef567f2
----------------- Done invoking toplevel() on ptolemy.moml.MoMLSimpleApplication@2ef567f2
reloadAllAccessors: .PhaseUnwrap

===========================================================================================
----------------- testing Mon Feb 17 23:40:58 UTC 2020 /home/travis/build/icyphy/ptII/ptolemy/actor/lib/test/auto/PoissonClock.xml
----------------- Instantiating /home/travis/build/icyphy/ptII/ptolemy/actor/lib/test/auto/PoissonClock.xml
2 ms. Memory: 268288K Free: 150753K (56%)
----------------- Invoking toplevel() on ptolemy.moml.MoMLSimpleApplication@6891077e
----------------- Done invoking toplevel() on ptolemy.moml.MoMLSimpleApplication@6891077e
reloadAllAccessors: .PoissonClock

===========================================================================================
----------------- testing Mon Feb 17 23:40:58 UTC 2020 /home/travis/build/icyphy/ptII/ptolemy/actor/lib/test/auto/PoissonClock2.xml
----------------- Instantiating /home/travis/build/icyphy/ptII/ptolemy/actor/lib/test/auto/PoissonClock2.xml
1 ms. Memory: 268288K Free: 146147K (54%)
----------------- Invoking toplevel() on ptolemy.moml.MoMLSimpleApplication@5cc0c480
----------------- Done invoking toplevel() on ptolemy.moml.MoMLSimpleApplication@5cc0c480
reloadAllAccessors: .PoissonClock2

===========================================================================================
----------------- testing Mon Feb 17 23:40:58 UTC 2020 /home/travis/build/icyphy/ptII/ptolemy/actor/lib/test/auto/PoissonClock3.xml
----------------- Instantiating /home/travis/build/icyphy/ptII/ptolemy/actor/lib/test/auto/PoissonClock3.xml
2 ms. Memory: 268288K Free: 141537K (53%)
----------------- Invoking toplevel() on ptolemy.moml.MoMLSimpleApplication@119db0a2
----------------- Done invoking toplevel() on ptolemy.moml.MoMLSimpleApplication@119db0a2
reloadAllAccessors: .PoissonClock3

===========================================================================================
----------------- testing Mon Feb 17 23:40:58 UTC 2020 /home/travis/build/icyphy/ptII/ptolemy/actor/lib/test/auto/PubSubWithInitialTokens.xml
----------------- Instantiating /home/travis/build/icyphy/ptII/ptolemy/actor/lib/test/auto/PubSubWithInitialTokens.xml
2 ms. Memory: 268288K Free: 135907K (51%)
----------------- Invoking toplevel() on ptolemy.moml.MoMLSimpleApplication@7b7c657
----------------- Done invoking toplevel() on ptolemy.moml.MoMLSimpleApplication@7b7c657
reloadAllAccessors: .PubSubWithInitialTokens

===========================================================================================
----------------- testing Mon Feb 17 23:40:58 UTC 2020 /home/travis/build/icyphy/ptII/ptolemy/actor/lib/test/auto/PubSubWithInitialTokens2.xml
----------------- Instantiating /home/travis/build/icyphy/ptII/ptolemy/actor/lib/test/auto/PubSubWithInitialTokens2.xml
3 ms. Memory: 268288K Free: 129763K (48%)
----------------- Invoking toplevel() on ptolemy.moml.MoMLSimpleApplication@273ac0ff
----------------- Done invoking toplevel() on ptolemy.moml.MoMLSimpleApplication@273ac0ff
reloadAllAccessors: .PubSubWithInitialTokens2

===========================================================================================
----------------- testing Mon Feb 17 23:40:58 UTC 2020 /home/travis/build/icyphy/ptII/ptolemy/actor/lib/test/auto/PublisherClassNoParameter.xml
----------------- Instantiating /home/travis/build/icyphy/ptII/ptolemy/actor/lib/test/auto/PublisherClassNoParameter.xml
2 ms. Memory: 268288K Free: 119523K (45%)
----------------- Invoking toplevel() on ptolemy.moml.MoMLSimpleApplication@394eb0c7
----------------- Done invoking toplevel() on ptolemy.moml.MoMLSimpleApplication@394eb0c7
reloadAllAccessors: .PublisherClassNoParameter

===========================================================================================
----------------- testing Mon Feb 17 23:40:58 UTC 2020 /home/travis/build/icyphy/ptII/ptolemy/actor/lib/test/auto/PublisherClassParameter.xml
----------------- Instantiating /home/travis/build/icyphy/ptII/ptolemy/actor/lib/test/auto/PublisherClassParameter.xml
2 ms. Memory: 268288K Free: 108763K (41%)
----------------- Invoking toplevel() on ptolemy.moml.MoMLSimpleApplication@442e2bfb
----------------- Done invoking toplevel() on ptolemy.moml.MoMLSimpleApplication@442e2bfb
reloadAllAccessors: .PublisherClassParameter

===========================================================================================
----------------- testing Mon Feb 17 23:40:58 UTC 2020 /home/travis/build/icyphy/ptII/ptolemy/actor/lib/test/auto/PublisherNonStrictTest.xml
----------------- Instantiating /home/travis/build/icyphy/ptII/ptolemy/actor/lib/test/auto/PublisherNonStrictTest.xml
3 ms. Memory: 268288K Free: 101091K (38%)
----------------- Invoking toplevel() on ptolemy.moml.MoMLSimpleApplication@48b4169e
----------------- Done invoking toplevel() on ptolemy.moml.MoMLSimpleApplication@48b4169e
reloadAllAccessors: .PublisherNonStrictTest

===========================================================================================
----------------- testing Mon Feb 17 23:40:58 UTC 2020 /home/travis/build/icyphy/ptII/ptolemy/actor/lib/test/auto/PublisherPort1.xml
----------------- Instantiating /home/travis/build/icyphy/ptII/ptolemy/actor/lib/test/auto/PublisherPort1.xml
2 ms. Memory: 268288K Free: 95443K (36%)
----------------- Invoking toplevel() on ptolemy.moml.MoMLSimpleApplication@3976e676
----------------- Done invoking toplevel() on ptolemy.moml.MoMLSimpleApplication@3976e676
reloadAllAccessors: .PublisherPort1

===========================================================================================
----------------- testing Mon Feb 17 23:40:58 UTC 2020 /home/travis/build/icyphy/ptII/ptolemy/actor/lib/test/auto/PublisherPort2.xml
----------------- Instantiating /home/travis/build/icyphy/ptII/ptolemy/actor/lib/test/auto/PublisherPort2.xml
1 ms. Memory: 268288K Free: 90337K (34%)
----------------- Invoking toplevel() on ptolemy.moml.MoMLSimpleApplication@5869a455
----------------- Done invoking toplevel() on ptolemy.moml.MoMLSimpleApplication@5869a455
reloadAllAccessors: .PublisherPort2

===========================================================================================
----------------- testing Mon Feb 17 23:40:58 UTC 2020 /home/travis/build/icyphy/ptII/ptolemy/actor/lib/test/auto/PublisherPort3.xml
----------------- Instantiating /home/travis/build/icyphy/ptII/ptolemy/actor/lib/test/auto/PublisherPort3.xml
14 ms. Memory: 268288K Free: 83683K (31%)
----------------- Invoking toplevel() on ptolemy.moml.MoMLSimpleApplication@46c9380d
----------------- Done invoking toplevel() on ptolemy.moml.MoMLSimpleApplication@46c9380d
reloadAllAccessors: .PublisherPort3

===========================================================================================
----------------- testing Mon Feb 17 23:40:58 UTC 2020 /home/travis/build/icyphy/ptII/ptolemy/actor/lib/test/auto/PublisherPort4.xml
----------------- Instantiating /home/travis/build/icyphy/ptII/ptolemy/actor/lib/test/auto/PublisherPort4.xml
3 ms. Memory: 268288K Free: 78043K (29%)
----------------- Invoking toplevel() on ptolemy.moml.MoMLSimpleApplication@5b0c4ed4
----------------- Done invoking toplevel() on ptolemy.moml.MoMLSimpleApplication@5b0c4ed4
reloadAllAccessors: .PublisherPort4

===========================================================================================
----------------- testing Mon Feb 17 23:40:58 UTC 2020 /home/travis/build/icyphy/ptII/ptolemy/actor/lib/test/auto/PublisherPort5.xml
----------------- Instantiating /home/travis/build/icyphy/ptII/ptolemy/actor/lib/test/auto/PublisherPort5.xml
4 ms. Memory: 268288K Free: 70371K (26%)
----------------- Invoking toplevel() on ptolemy.moml.MoMLSimpleApplication@5314a286
----------------- Done invoking toplevel() on ptolemy.moml.MoMLSimpleApplication@5314a286
reloadAllAccessors: .PublisherPort5

===========================================================================================
----------------- testing Mon Feb 17 23:40:58 UTC 2020 /home/travis/build/icyphy/ptII/ptolemy/actor/lib/test/auto/PublisherPort5LookAlike.xml
----------------- Instantiating /home/travis/build/icyphy/ptII/ptolemy/actor/lib/test/auto/PublisherPort5LookAlike.xml
7 ms. Memory: 268288K Free: 62683K (23%)
----------------- Invoking toplevel() on ptolemy.moml.MoMLSimpleApplication@58d3ab3
----------------- Done invoking toplevel() on ptolemy.moml.MoMLSimpleApplication@58d3ab3
reloadAllAccessors: .PublisherPort5LookAlike

===========================================================================================
----------------- testing Mon Feb 17 23:40:58 UTC 2020 /home/travis/build/icyphy/ptII/ptolemy/actor/lib/test/auto/PublisherPort6.xml
----------------- Instantiating /home/travis/build/icyphy/ptII/ptolemy/actor/lib/test/auto/PublisherPort6.xml
3 ms. Memory: 268288K Free: 213827K (80%)
----------------- Invoking toplevel() on ptolemy.moml.MoMLSimpleApplication@5dcbc4c1
----------------- Done invoking toplevel() on ptolemy.moml.MoMLSimpleApplication@5dcbc4c1
reloadAllAccessors: .PublisherPort6

===========================================================================================
----------------- testing Mon Feb 17 23:40:58 UTC 2020 /home/travis/build/icyphy/ptII/ptolemy/actor/lib/test/auto/PublisherPort7.xml
----------------- Instantiating /home/travis/build/icyphy/ptII/ptolemy/actor/lib/test/auto/PublisherPort7.xml
3 ms. Memory: 268288K Free: 205635K (77%)
----------------- Invoking toplevel() on ptolemy.moml.MoMLSimpleApplication@79919d84
----------------- Done invoking toplevel() on ptolemy.moml.MoMLSimpleApplication@79919d84
reloadAllAccessors: .PublisherPort7

===========================================================================================
----------------- testing Mon Feb 17 23:40:58 UTC 2020 /home/travis/build/icyphy/ptII/ptolemy/actor/lib/test/auto/PublisherPort8.xml
----------------- Instantiating /home/travis/build/icyphy/ptII/ptolemy/actor/lib/test/auto/PublisherPort8.xml
3 ms. Memory: 268288K Free: 196929K (73%)
----------------- Invoking toplevel() on ptolemy.moml.MoMLSimpleApplication@56ee066a
----------------- Done invoking toplevel() on ptolemy.moml.MoMLSimpleApplication@56ee066a
reloadAllAccessors: .PublisherPort8

===========================================================================================
----------------- testing Mon Feb 17 23:40:58 UTC 2020 /home/travis/build/icyphy/ptII/ptolemy/actor/lib/test/auto/PublisherPortSubscriberChannelVariablesAOC2.xml
----------------- Instantiating /home/travis/build/icyphy/ptII/ptolemy/actor/lib/test/auto/PublisherPortSubscriberChannelVariablesAOC2.xml
3 ms. Memory: 268288K Free: 180035K (67%)
----------------- Invoking toplevel() on ptolemy.moml.MoMLSimpleApplication@25c60b94
----------------- Done invoking toplevel() on ptolemy.moml.MoMLSimpleApplication@25c60b94
reloadAllAccessors: .PublisherPortSubscriberChannelVariablesAOC2

===========================================================================================
----------------- testing Mon Feb 17 23:40:58 UTC 2020 /home/travis/build/icyphy/ptII/ptolemy/actor/lib/test/auto/PublisherPortSubscriberOpaqueWidthInference.xml
----------------- Instantiating /home/travis/build/icyphy/ptII/ptolemy/actor/lib/test/auto/PublisherPortSubscriberOpaqueWidthInference.xml
3 ms. Memory: 268288K Free: 172339K (64%)
----------------- Invoking toplevel() on ptolemy.moml.MoMLSimpleApplication@6933082c
----------------- Done invoking toplevel() on ptolemy.moml.MoMLSimpleApplication@6933082c
reloadAllAccessors: .PublisherPortSubscriberOpaqueWidthInference

===========================================================================================
----------------- testing Mon Feb 17 23:40:58 UTC 2020 /home/travis/build/icyphy/ptII/ptolemy/actor/lib/test/auto/PublisherPortSubscriberPortAdjacent.xml
----------------- Instantiating /home/travis/build/icyphy/ptII/ptolemy/actor/lib/test/auto/PublisherPortSubscriberPortAdjacent.xml
2 ms. Memory: 268288K Free: 164161K (61%)
----------------- Invoking toplevel() on ptolemy.moml.MoMLSimpleApplication@479f0f33
----------------- Done invoking toplevel() on ptolemy.moml.MoMLSimpleApplication@479f0f33
reloadAllAccessors: .PublisherPortSubscriberPortAdjacent

===========================================================================================
----------------- testing Mon Feb 17 23:40:58 UTC 2020 /home/travis/build/icyphy/ptII/ptolemy/actor/lib/test/auto/PublisherPortSubscriberPortExpression.xml
----------------- Instantiating /home/travis/build/icyphy/ptII/ptolemy/actor/lib/test/auto/PublisherPortSubscriberPortExpression.xml
3 ms. Memory: 268288K Free: 156483K (58%)
----------------- Invoking toplevel() on ptolemy.moml.MoMLSimpleApplication@7965a31d
----------------- Done invoking toplevel() on ptolemy.moml.MoMLSimpleApplication@7965a31d
reloadAllAccessors: .PublisherPortSubscriberPortExpression

===========================================================================================
----------------- testing Mon Feb 17 23:40:58 UTC 2020 /home/travis/build/icyphy/ptII/ptolemy/actor/lib/test/auto/PublisherPortSubscriberPortOpaqueD3Reverse.xml
----------------- Instantiating /home/travis/build/icyphy/ptII/ptolemy/actor/lib/test/auto/PublisherPortSubscriberPortOpaqueD3Reverse.xml
5 ms. Memory: 268288K Free: 146243K (55%)
----------------- Invoking toplevel() on ptolemy.moml.MoMLSimpleApplication@5f785bf1
----------------- Done invoking toplevel() on ptolemy.moml.MoMLSimpleApplication@5f785bf1
reloadAllAccessors: .PublisherPortSubscriberPortOpaqueD3Reverse

===========================================================================================
----------------- testing Mon Feb 17 23:40:58 UTC 2020 /home/travis/build/icyphy/ptII/ptolemy/actor/lib/test/auto/PublisherPortSubscriberPortOpaqueWidthInference.xml
----------------- Instantiating /home/travis/build/icyphy/ptII/ptolemy/actor/lib/test/auto/PublisherPortSubscriberPortOpaqueWidthInference.xml
3 ms. Memory: 268288K Free: 138547K (52%)
----------------- Invoking toplevel() on ptolemy.moml.MoMLSimpleApplication@6751b190
----------------- Done invoking toplevel() on ptolemy.moml.MoMLSimpleApplication@6751b190
reloadAllAccessors: .PublisherPortSubscriberPortOpaqueWidthInference

===========================================================================================
----------------- testing Mon Feb 17 23:40:58 UTC 2020 /home/travis/build/icyphy/ptII/ptolemy/actor/lib/test/auto/PublisherPortToplevelSubscriberPortAOC.xml
----------------- Instantiating /home/travis/build/icyphy/ptII/ptolemy/actor/lib/test/auto/PublisherPortToplevelSubscriberPortAOC.xml
.PublisherPortToplevelSubscriberPortAOC.TestExceptionAttribute: initialize() was not invoked, but wrapup() was.  This is unusual, but not always a problem.  For example, exporting JNLP will do this.
1 ms. Memory: 268288K Free: 132417K (49%)
----------------- Invoking toplevel() on ptolemy.moml.MoMLSimpleApplication@7e626203
----------------- Done invoking toplevel() on ptolemy.moml.MoMLSimpleApplication@7e626203
reloadAllAccessors: .PublisherPortToplevelSubscriberPortAOC

===========================================================================================
----------------- testing Mon Feb 17 23:40:58 UTC 2020 /home/travis/build/icyphy/ptII/ptolemy/actor/lib/test/auto/PublisherSubscriber.xml
----------------- Instantiating /home/travis/build/icyphy/ptII/ptolemy/actor/lib/test/auto/PublisherSubscriber.xml
2 ms. Memory: 268288K Free: 124739K (46%)
----------------- Invoking toplevel() on ptolemy.moml.MoMLSimpleApplication@60d4332
----------------- Done invoking toplevel() on ptolemy.moml.MoMLSimpleApplication@60d4332
reloadAllAccessors: .PublisherSubscriber

===========================================================================================
----------------- testing Mon Feb 17 23:40:58 UTC 2020 /home/travis/build/icyphy/ptII/ptolemy/actor/lib/test/auto/PublisherSubscriber10.xml
----------------- Instantiating /home/travis/build/icyphy/ptII/ptolemy/actor/lib/test/auto/PublisherSubscriber10.xml
7 ms. Memory: 268288K Free: 115009K (43%)
----------------- Invoking toplevel() on ptolemy.moml.MoMLSimpleApplication@57151ee9
----------------- Done invoking toplevel() on ptolemy.moml.MoMLSimpleApplication@57151ee9
reloadAllAccessors: .PublisherSubscriber10

===========================================================================================
----------------- testing Mon Feb 17 23:40:58 UTC 2020 /home/travis/build/icyphy/ptII/ptolemy/actor/lib/test/auto/PublisherSubscriber10InitialOutputs.xml
----------------- Instantiating /home/travis/build/icyphy/ptII/ptolemy/actor/lib/test/auto/PublisherSubscriber10InitialOutputs.xml
18 ms. Memory: 268288K Free: 105793K (39%)
----------------- Invoking toplevel() on ptolemy.moml.MoMLSimpleApplication@7536256d
----------------- Done invoking toplevel() on ptolemy.moml.MoMLSimpleApplication@7536256d
reloadAllAccessors: .PublisherSubscriber10InitialOutputs

===========================================================================================
----------------- testing Mon Feb 17 23:40:58 UTC 2020 /home/travis/build/icyphy/ptII/ptolemy/actor/lib/test/auto/PublisherSubscriber11.xml
----------------- Instantiating /home/travis/build/icyphy/ptII/ptolemy/actor/lib/test/auto/PublisherSubscriber11.xml
3 ms. Memory: 268288K Free: 99619K (37%)
----------------- Invoking toplevel() on ptolemy.moml.MoMLSimpleApplication@68ac9865
----------------- Done invoking toplevel() on ptolemy.moml.MoMLSimpleApplication@68ac9865
reloadAllAccessors: .PublisherSubscriber11

===========================================================================================
----------------- testing Mon Feb 17 23:40:59 UTC 2020 /home/travis/build/icyphy/ptII/ptolemy/actor/lib/test/auto/PublisherSubscriber12.xml
----------------- Instantiating /home/travis/build/icyphy/ptII/ptolemy/actor/lib/test/auto/PublisherSubscriber12.xml
5 ms. Memory: 268288K Free: 92481K (34%)
----------------- Invoking toplevel() on ptolemy.moml.MoMLSimpleApplication@337ddade
----------------- Done invoking toplevel() on ptolemy.moml.MoMLSimpleApplication@337ddade
reloadAllAccessors: .PublisherSubscriber12

===========================================================================================
----------------- testing Mon Feb 17 23:40:59 UTC 2020 /home/travis/build/icyphy/ptII/ptolemy/actor/lib/test/auto/PublisherSubscriber13.xml
----------------- Instantiating /home/travis/build/icyphy/ptII/ptolemy/actor/lib/test/auto/PublisherSubscriber13.xml
2 ms. Memory: 268288K Free: 86851K (32%)
----------------- Invoking toplevel() on ptolemy.moml.MoMLSimpleApplication@38a88cc5
----------------- Done invoking toplevel() on ptolemy.moml.MoMLSimpleApplication@38a88cc5
reloadAllAccessors: .PublisherSubscriber13

===========================================================================================
----------------- testing Mon Feb 17 23:40:59 UTC 2020 /home/travis/build/icyphy/ptII/ptolemy/actor/lib/test/auto/PublisherSubscriber14.xml
----------------- Instantiating /home/travis/build/icyphy/ptII/ptolemy/actor/lib/test/auto/PublisherSubscriber14.xml
1 ms. Memory: 268288K Free: 77635K (29%)
----------------- Invoking toplevel() on ptolemy.moml.MoMLSimpleApplication@43f97b
----------------- Done invoking toplevel() on ptolemy.moml.MoMLSimpleApplication@43f97b
reloadAllAccessors: .PublisherSubscriber14

===========================================================================================
----------------- testing Mon Feb 17 23:40:59 UTC 2020 /home/travis/build/icyphy/ptII/ptolemy/actor/lib/test/auto/PublisherSubscriber2.xml
----------------- Instantiating /home/travis/build/icyphy/ptII/ptolemy/actor/lib/test/auto/PublisherSubscriber2.xml
3 ms. Memory: 268288K Free: 71987K (27%)
----------------- Invoking toplevel() on ptolemy.moml.MoMLSimpleApplication@17904b8b
----------------- Done invoking toplevel() on ptolemy.moml.MoMLSimpleApplication@17904b8b
reloadAllAccessors: .PublisherSubscriber2

===========================================================================================
----------------- testing Mon Feb 17 23:40:59 UTC 2020 /home/travis/build/icyphy/ptII/ptolemy/actor/lib/test/auto/PublisherSubscriber3.xml
----------------- Instantiating /home/travis/build/icyphy/ptII/ptolemy/actor/lib/test/auto/PublisherSubscriber3.xml
2 ms. Memory: 268288K Free: 66371K (25%)
----------------- Invoking toplevel() on ptolemy.moml.MoMLSimpleApplication@7f50e056
----------------- Done invoking toplevel() on ptolemy.moml.MoMLSimpleApplication@7f50e056
reloadAllAccessors: .PublisherSubscriber3

===========================================================================================
----------------- testing Mon Feb 17 23:40:59 UTC 2020 /home/travis/build/icyphy/ptII/ptolemy/actor/lib/test/auto/PublisherSubscriber4.xml
----------------- Instantiating /home/travis/build/icyphy/ptII/ptolemy/actor/lib/test/auto/PublisherSubscriber4.xml
2 ms. Memory: 268288K Free: 61251K (23%)
----------------- Invoking toplevel() on ptolemy.moml.MoMLSimpleApplication@11464249
----------------- Done invoking toplevel() on ptolemy.moml.MoMLSimpleApplication@11464249
reloadAllAccessors: .PublisherSubscriber4

===========================================================================================
----------------- testing Mon Feb 17 23:40:59 UTC 2020 /home/travis/build/icyphy/ptII/ptolemy/actor/lib/test/auto/PublisherSubscriber5.xml
----------------- Instantiating /home/travis/build/icyphy/ptII/ptolemy/actor/lib/test/auto/PublisherSubscriber5.xml
3 ms. Memory: 268288K Free: 212289K (79%)
----------------- Invoking toplevel() on ptolemy.moml.MoMLSimpleApplication@30d2ba7c
----------------- Done invoking toplevel() on ptolemy.moml.MoMLSimpleApplication@30d2ba7c
reloadAllAccessors: .PublisherSubscriber5

===========================================================================================
----------------- testing Mon Feb 17 23:40:59 UTC 2020 /home/travis/build/icyphy/ptII/ptolemy/actor/lib/test/auto/PublisherSubscriber6.xml
----------------- Instantiating /home/travis/build/icyphy/ptII/ptolemy/actor/lib/test/auto/PublisherSubscriber6.xml
4 ms. Memory: 268288K Free: 205641K (77%)
----------------- Invoking toplevel() on ptolemy.moml.MoMLSimpleApplication@50225f18
----------------- Done invoking toplevel() on ptolemy.moml.MoMLSimpleApplication@50225f18
reloadAllAccessors: .PublisherSubscriber6

===========================================================================================
----------------- testing Mon Feb 17 23:40:59 UTC 2020 /home/travis/build/icyphy/ptII/ptolemy/actor/lib/test/auto/PublisherSubscriber7.xml
----------------- Instantiating /home/travis/build/icyphy/ptII/ptolemy/actor/lib/test/auto/PublisherSubscriber7.xml
8 ms. Memory: 268288K Free: 198969K (74%)
----------------- Invoking toplevel() on ptolemy.moml.MoMLSimpleApplication@bbfccfb
----------------- Done invoking toplevel() on ptolemy.moml.MoMLSimpleApplication@bbfccfb
reloadAllAccessors: .PublisherSubscriber7

===========================================================================================
----------------- testing Mon Feb 17 23:40:59 UTC 2020 /home/travis/build/icyphy/ptII/ptolemy/actor/lib/test/auto/PublisherSubscriber8.xml
----------------- Instantiating /home/travis/build/icyphy/ptII/ptolemy/actor/lib/test/auto/PublisherSubscriber8.xml
18 ms. Memory: 268288K Free: 186695K (70%)
----------------- Invoking toplevel() on ptolemy.moml.MoMLSimpleApplication@3647bd99
----------------- Done invoking toplevel() on ptolemy.moml.MoMLSimpleApplication@3647bd99
reloadAllAccessors: .PublisherSubscriber8

===========================================================================================
----------------- testing Mon Feb 17 23:40:59 UTC 2020 /home/travis/build/icyphy/ptII/ptolemy/actor/lib/test/auto/PublisherSubscriber9.xml
----------------- Instantiating /home/travis/build/icyphy/ptII/ptolemy/actor/lib/test/auto/PublisherSubscriber9.xml
4 ms. Memory: 268288K Free: 179513K (67%)
----------------- Invoking toplevel() on ptolemy.moml.MoMLSimpleApplication@25c1495f
----------------- Done invoking toplevel() on ptolemy.moml.MoMLSimpleApplication@25c1495f
reloadAllAccessors: .PublisherSubscriber9

===========================================================================================
----------------- testing Mon Feb 17 23:40:59 UTC 2020 /home/travis/build/icyphy/ptII/ptolemy/actor/lib/test/auto/PublisherSubscriberAdjacent.xml
----------------- Instantiating /home/travis/build/icyphy/ptII/ptolemy/actor/lib/test/auto/PublisherSubscriberAdjacent.xml
2 ms. Memory: 268288K Free: 171335K (64%)
----------------- Invoking toplevel() on ptolemy.moml.MoMLSimpleApplication@96ae823
----------------- Done invoking toplevel() on ptolemy.moml.MoMLSimpleApplication@96ae823
reloadAllAccessors: .PublisherSubscriberAdjacent

===========================================================================================
----------------- testing Mon Feb 17 23:40:59 UTC 2020 /home/travis/build/icyphy/ptII/ptolemy/actor/lib/test/auto/PublisherSubscriberChannelVariablesAOC2.xml
----------------- Instantiating /home/travis/build/icyphy/ptII/ptolemy/actor/lib/test/auto/PublisherSubscriberChannelVariablesAOC2.xml
2 ms. Memory: 268288K Free: 156489K (58%)
----------------- Invoking toplevel() on ptolemy.moml.MoMLSimpleApplication@a2d1acf
----------------- Done invoking toplevel() on ptolemy.moml.MoMLSimpleApplication@a2d1acf
reloadAllAccessors: .PublisherSubscriberChannelVariablesAOC2

===========================================================================================
----------------- testing Mon Feb 17 23:40:59 UTC 2020 /home/travis/build/icyphy/ptII/ptolemy/actor/lib/test/auto/PublisherSubscriberD3.xml
----------------- Instantiating /home/travis/build/icyphy/ptII/ptolemy/actor/lib/test/auto/PublisherSubscriberD3.xml
2 ms. Memory: 268288K Free: 149321K (56%)
----------------- Invoking toplevel() on ptolemy.moml.MoMLSimpleApplication@4babd32d
----------------- Done invoking toplevel() on ptolemy.moml.MoMLSimpleApplication@4babd32d
reloadAllAccessors: .PublisherSubscriberD3

===========================================================================================
----------------- testing Mon Feb 17 23:40:59 UTC 2020 /home/travis/build/icyphy/ptII/ptolemy/actor/lib/test/auto/PublisherSubscriberD3Reverse.xml
----------------- Instantiating /home/travis/build/icyphy/ptII/ptolemy/actor/lib/test/auto/PublisherSubscriberD3Reverse.xml
1 ms. Memory: 268288K Free: 143177K (53%)
----------------- Invoking toplevel() on ptolemy.moml.MoMLSimpleApplication@13678368
----------------- Done invoking toplevel() on ptolemy.moml.MoMLSimpleApplication@13678368
reloadAllAccessors: .PublisherSubscriberD3Reverse

===========================================================================================
----------------- testing Mon Feb 17 23:40:59 UTC 2020 /home/travis/build/icyphy/ptII/ptolemy/actor/lib/test/auto/PublisherSubscriberExpression.xml
----------------- Instantiating /home/travis/build/icyphy/ptII/ptolemy/actor/lib/test/auto/PublisherSubscriberExpression.xml
3 ms. Memory: 268288K Free: 134457K (50%)
----------------- Invoking toplevel() on ptolemy.moml.MoMLSimpleApplication@71761b29
----------------- Done invoking toplevel() on ptolemy.moml.MoMLSimpleApplication@71761b29
reloadAllAccessors: .PublisherSubscriberExpression

===========================================================================================
----------------- testing Mon Feb 17 23:40:59 UTC 2020 /home/travis/build/icyphy/ptII/ptolemy/actor/lib/test/auto/PublisherSubscriberOpaque.xml
----------------- Instantiating /home/travis/build/icyphy/ptII/ptolemy/actor/lib/test/auto/PublisherSubscriberOpaque.xml
3 ms. Memory: 268288K Free: 126279K (47%)
----------------- Invoking toplevel() on ptolemy.moml.MoMLSimpleApplication@5f78bc08
----------------- Done invoking toplevel() on ptolemy.moml.MoMLSimpleApplication@5f78bc08
reloadAllAccessors: .PublisherSubscriberOpaque

===========================================================================================
----------------- testing Mon Feb 17 23:40:59 UTC 2020 /home/travis/build/icyphy/ptII/ptolemy/actor/lib/test/auto/PublisherSubscriberOpaqueD3.xml
----------------- Instantiating /home/travis/build/icyphy/ptII/ptolemy/actor/lib/test/auto/PublisherSubscriberOpaqueD3.xml
5 ms. Memory: 268288K Free: 115015K (43%)
----------------- Invoking toplevel() on ptolemy.moml.MoMLSimpleApplication@1283fdca
----------------- Done invoking toplevel() on ptolemy.moml.MoMLSimpleApplication@1283fdca
reloadAllAccessors: .PublisherSubscriberOpaqueD3

===========================================================================================
----------------- testing Mon Feb 17 23:40:59 UTC 2020 /home/travis/build/icyphy/ptII/ptolemy/actor/lib/test/auto/PublisherSubscriberOpaqueD3Reverse.xml
----------------- Instantiating /home/travis/build/icyphy/ptII/ptolemy/actor/lib/test/auto/PublisherSubscriberOpaqueD3Reverse.xml
7 ms. Memory: 268288K Free: 104265K (39%)
----------------- Invoking toplevel() on ptolemy.moml.MoMLSimpleApplication@724d612e
----------------- Done invoking toplevel() on ptolemy.moml.MoMLSimpleApplication@724d612e
reloadAllAccessors: .PublisherSubscriberOpaqueD3Reverse

===========================================================================================
----------------- testing Mon Feb 17 23:40:59 UTC 2020 /home/travis/build/icyphy/ptII/ptolemy/actor/lib/test/auto/PublisherSubscriberOpaqueWidthInference.xml
----------------- Instantiating /home/travis/build/icyphy/ptII/ptolemy/actor/lib/test/auto/PublisherSubscriberOpaqueWidthInference.xml
5 ms. Memory: 268288K Free: 96073K (36%)
----------------- Invoking toplevel() on ptolemy.moml.MoMLSimpleApplication@5cf7f7d2
----------------- Done invoking toplevel() on ptolemy.moml.MoMLSimpleApplication@5cf7f7d2
reloadAllAccessors: .PublisherSubscriberOpaqueWidthInference

===========================================================================================
----------------- testing Mon Feb 17 23:40:59 UTC 2020 /home/travis/build/icyphy/ptII/ptolemy/actor/lib/test/auto/PublisherTestSubscriber.xml
----------------- Instantiating /home/travis/build/icyphy/ptII/ptolemy/actor/lib/test/auto/PublisherTestSubscriber.xml
3 ms. Memory: 268288K Free: 87881K (33%)
----------------- Invoking toplevel() on ptolemy.moml.MoMLSimpleApplication@6efdc7d5
----------------- Done invoking toplevel() on ptolemy.moml.MoMLSimpleApplication@6efdc7d5
reloadAllAccessors: .PublisherTestSubscriber

===========================================================================================
----------------- testing Mon Feb 17 23:40:59 UTC 2020 /home/travis/build/icyphy/ptII/ptolemy/actor/lib/test/auto/PublisherToplevelSubscriberPortAOC.xml
----------------- Instantiating /home/travis/build/icyphy/ptII/ptolemy/actor/lib/test/auto/PublisherToplevelSubscriberPortAOC.xml
2 ms. Memory: 268288K Free: 81737K (30%)
----------------- Invoking toplevel() on ptolemy.moml.MoMLSimpleApplication@4f9b2d90
----------------- Done invoking toplevel() on ptolemy.moml.MoMLSimpleApplication@4f9b2d90
reloadAllAccessors: .PublisherToplevelSubscriberPortAOC

===========================================================================================
----------------- testing Mon Feb 17 23:40:59 UTC 2020 /home/travis/build/icyphy/ptII/ptolemy/actor/lib/test/auto/PulseFiringLimitDE.xml
----------------- Instantiating /home/travis/build/icyphy/ptII/ptolemy/actor/lib/test/auto/PulseFiringLimitDE.xml
2 ms. Memory: 268288K Free: 75593K (28%)
----------------- Invoking toplevel() on ptolemy.moml.MoMLSimpleApplication@7fbc526c
----------------- Done invoking toplevel() on ptolemy.moml.MoMLSimpleApplication@7fbc526c
reloadAllAccessors: .PulseFiringLimitDE

===========================================================================================
----------------- testing Mon Feb 17 23:40:59 UTC 2020 /home/travis/build/icyphy/ptII/ptolemy/actor/lib/test/auto/Ramp1.xml
----------------- Instantiating /home/travis/build/icyphy/ptII/ptolemy/actor/lib/test/auto/Ramp1.xml
1 ms. Memory: 268288K Free: 71497K (27%)
----------------- Invoking toplevel() on ptolemy.moml.MoMLSimpleApplication@15f31221
----------------- Done invoking toplevel() on ptolemy.moml.MoMLSimpleApplication@15f31221
reloadAllAccessors: .Ramp1

===========================================================================================
----------------- testing Mon Feb 17 23:40:59 UTC 2020 /home/travis/build/icyphy/ptII/ptolemy/actor/lib/test/auto/RampFiringLimitDE.xml
----------------- Instantiating /home/travis/build/icyphy/ptII/ptolemy/actor/lib/test/auto/RampFiringLimitDE.xml
3 ms. Memory: 268288K Free: 65353K (24%)
----------------- Invoking toplevel() on ptolemy.moml.MoMLSimpleApplication@3441eade
----------------- Done invoking toplevel() on ptolemy.moml.MoMLSimpleApplication@3441eade
reloadAllAccessors: .RampFiringLimitDE

===========================================================================================
----------------- testing Mon Feb 17 23:40:59 UTC 2020 /home/travis/build/icyphy/ptII/ptolemy/actor/lib/test/auto/RampFiringLimitSDF.xml
----------------- Instantiating /home/travis/build/icyphy/ptII/ptolemy/actor/lib/test/auto/RampFiringLimitSDF.xml
2 ms. Memory: 268288K Free: 216993K (81%)
----------------- Invoking toplevel() on ptolemy.moml.MoMLSimpleApplication@7f298b60
----------------- Done invoking toplevel() on ptolemy.moml.MoMLSimpleApplication@7f298b60
reloadAllAccessors: .RampFiringLimitSDF

===========================================================================================
----------------- testing Mon Feb 17 23:40:59 UTC 2020 /home/travis/build/icyphy/ptII/ptolemy/actor/lib/test/auto/RandomInteger.xml
----------------- Instantiating /home/travis/build/icyphy/ptII/ptolemy/actor/lib/test/auto/RandomInteger.xml
1 ms. Memory: 268288K Free: 212401K (79%)
----------------- Invoking toplevel() on ptolemy.moml.MoMLSimpleApplication@3eb39a1c
----------------- Done invoking toplevel() on ptolemy.moml.MoMLSimpleApplication@3eb39a1c
reloadAllAccessors: .RandomInteger

===========================================================================================
----------------- testing Mon Feb 17 23:40:59 UTC 2020 /home/travis/build/icyphy/ptII/ptolemy/actor/lib/test/auto/ReadFile1.xml
----------------- Instantiating /home/travis/build/icyphy/ptII/ptolemy/actor/lib/test/auto/ReadFile1.xml
1 ms. Memory: 268288K Free: 207777K (77%)
----------------- Invoking toplevel() on ptolemy.moml.MoMLSimpleApplication@288e4eba
----------------- Done invoking toplevel() on ptolemy.moml.MoMLSimpleApplication@288e4eba
reloadAllAccessors: .ReadFile1

===========================================================================================
----------------- testing Mon Feb 17 23:40:59 UTC 2020 /home/travis/build/icyphy/ptII/ptolemy/actor/lib/test/auto/ReadFile2.xml
----------------- Instantiating /home/travis/build/icyphy/ptII/ptolemy/actor/lib/test/auto/ReadFile2.xml
1 ms. Memory: 268288K Free: 203695K (76%)
----------------- Invoking toplevel() on ptolemy.moml.MoMLSimpleApplication@736551bf
----------------- Done invoking toplevel() on ptolemy.moml.MoMLSimpleApplication@736551bf
reloadAllAccessors: .ReadFile2

===========================================================================================
----------------- testing Mon Feb 17 23:40:59 UTC 2020 /home/travis/build/icyphy/ptII/ptolemy/actor/lib/test/auto/Reader.xml
----------------- Instantiating /home/travis/build/icyphy/ptII/ptolemy/actor/lib/test/auto/Reader.xml
actor.lib.Reader is obsolete, use actor.lib.io.ExpressionReader instead
4 ms. Memory: 268288K Free: 199599K (74%)
----------------- Invoking toplevel() on ptolemy.moml.MoMLSimpleApplication@266b9bd9
----------------- Done invoking toplevel() on ptolemy.moml.MoMLSimpleApplication@266b9bd9
reloadAllAccessors: .Reader

===========================================================================================
----------------- testing Mon Feb 17 23:40:59 UTC 2020 /home/travis/build/icyphy/ptII/ptolemy/actor/lib/test/auto/RecordAssemblerDisplayNameTest.xml
----------------- Instantiating /home/travis/build/icyphy/ptII/ptolemy/actor/lib/test/auto/RecordAssemblerDisplayNameTest.xml
3649 ms. Memory: 268288K Free: 91714K (34%)
----------------- Invoking toplevel() on ptolemy.moml.MoMLSimpleApplication@21f175f1
----------------- Done invoking toplevel() on ptolemy.moml.MoMLSimpleApplication@21f175f1
reloadAllAccessors: .RecordAssemblerDisplayNameTest

===========================================================================================
----------------- testing Mon Feb 17 23:41:03 UTC 2020 /home/travis/build/icyphy/ptII/ptolemy/actor/lib/test/auto/RecordAssemblerTypeError.xml
----------------- Instantiating /home/travis/build/icyphy/ptII/ptolemy/actor/lib/test/auto/RecordAssemblerTypeError.xml
18 ms. Memory: 268288K Free: 82498K (31%)
----------------- Invoking toplevel() on ptolemy.moml.MoMLSimpleApplication@7399e7c9
----------------- Done invoking toplevel() on ptolemy.moml.MoMLSimpleApplication@7399e7c9
reloadAllAccessors: .RecordAssemblerTypeError

===========================================================================================
----------------- testing Mon Feb 17 23:41:03 UTC 2020 /home/travis/build/icyphy/ptII/ptolemy/actor/lib/test/auto/RecordDisassember.xml
----------------- Instantiating /home/travis/build/icyphy/ptII/ptolemy/actor/lib/test/auto/RecordDisassember.xml
6 ms. Memory: 268288K Free: 77378K (29%)
----------------- Invoking toplevel() on ptolemy.moml.MoMLSimpleApplication@7b632df7
----------------- Done invoking toplevel() on ptolemy.moml.MoMLSimpleApplication@7b632df7
reloadAllAccessors: .RecordDisassember

===========================================================================================
----------------- testing Mon Feb 17 23:41:03 UTC 2020 /home/travis/build/icyphy/ptII/ptolemy/actor/lib/test/auto/RecordDisassemberDisplayNameTest.xml
----------------- Instantiating /home/travis/build/icyphy/ptII/ptolemy/actor/lib/test/auto/RecordDisassemberDisplayNameTest.xml
11 ms. Memory: 268288K Free: 69696K (26%)
----------------- Invoking toplevel() on ptolemy.moml.MoMLSimpleApplication@405524f0
----------------- Done invoking toplevel() on ptolemy.moml.MoMLSimpleApplication@405524f0
reloadAllAccessors: .RecordDisassemberDisplayNameTest

===========================================================================================
----------------- testing Mon Feb 17 23:41:03 UTC 2020 /home/travis/build/icyphy/ptII/ptolemy/actor/lib/test/auto/RecordDisassembler.xml
----------------- Instantiating /home/travis/build/icyphy/ptII/ptolemy/actor/lib/test/auto/RecordDisassembler.xml
4 ms. Memory: 268288K Free: 64546K (24%)
----------------- Invoking toplevel() on ptolemy.moml.MoMLSimpleApplication@63860c47
----------------- Done invoking toplevel() on ptolemy.moml.MoMLSimpleApplication@63860c47
reloadAllAccessors: .RecordDisassembler

===========================================================================================
----------------- testing Mon Feb 17 23:41:03 UTC 2020 /home/travis/build/icyphy/ptII/ptolemy/actor/lib/test/auto/RecordDisassembler2.xml
----------------- Instantiating /home/travis/build/icyphy/ptII/ptolemy/actor/lib/test/auto/RecordDisassembler2.xml
11 ms. Memory: 268288K Free: 218013K (81%)
----------------- Invoking toplevel() on ptolemy.moml.MoMLSimpleApplication@246034c3
----------------- Done invoking toplevel() on ptolemy.moml.MoMLSimpleApplication@246034c3
reloadAllAccessors: .RecordDisassembler2

===========================================================================================
----------------- testing Mon Feb 17 23:41:03 UTC 2020 /home/travis/build/icyphy/ptII/ptolemy/actor/lib/test/auto/RecordUpdater.xml
----------------- Instantiating /home/travis/build/icyphy/ptII/ptolemy/actor/lib/test/auto/RecordUpdater.xml
2 ms. Memory: 268288K Free: 212939K (79%)
----------------- Invoking toplevel() on ptolemy.moml.MoMLSimpleApplication@716714d8
----------------- Done invoking toplevel() on ptolemy.moml.MoMLSimpleApplication@716714d8
reloadAllAccessors: .RecordUpdater

===========================================================================================
----------------- testing Mon Feb 17 23:41:03 UTC 2020 /home/travis/build/icyphy/ptII/ptolemy/actor/lib/test/auto/RecordUpdater2.xml
----------------- Instantiating /home/travis/build/icyphy/ptII/ptolemy/actor/lib/test/auto/RecordUpdater2.xml
2 ms. Memory: 268288K Free: 207819K (77%)
----------------- Invoking toplevel() on ptolemy.moml.MoMLSimpleApplication@717835c0
----------------- Done invoking toplevel() on ptolemy.moml.MoMLSimpleApplication@717835c0
reloadAllAccessors: .RecordUpdater2

===========================================================================================
----------------- testing Mon Feb 17 23:41:03 UTC 2020 /home/travis/build/icyphy/ptII/ptolemy/actor/lib/test/auto/RecursiveLattice.xml
----------------- Instantiating /home/travis/build/icyphy/ptII/ptolemy/actor/lib/test/auto/RecursiveLattice.xml
2 ms. Memory: 268288K Free: 203723K (76%)
----------------- Invoking toplevel() on ptolemy.moml.MoMLSimpleApplication@741951ac
----------------- Done invoking toplevel() on ptolemy.moml.MoMLSimpleApplication@741951ac
reloadAllAccessors: .RecursiveLattice

===========================================================================================
----------------- testing Mon Feb 17 23:41:03 UTC 2020 /home/travis/build/icyphy/ptII/ptolemy/actor/lib/test/auto/Router.xml
----------------- Instantiating /home/travis/build/icyphy/ptII/ptolemy/actor/lib/test/auto/Router.xml
3004 ms. Memory: 268288K Free: 192973K (72%)
----------------- Invoking toplevel() on ptolemy.moml.MoMLSimpleApplication@74022b9
----------------- Done invoking toplevel() on ptolemy.moml.MoMLSimpleApplication@74022b9
reloadAllAccessors: .Router

===========================================================================================
----------------- testing Mon Feb 17 23:41:06 UTC 2020 /home/travis/build/icyphy/ptII/ptolemy/actor/lib/test/auto/Router2.xml
----------------- Instantiating /home/travis/build/icyphy/ptII/ptolemy/actor/lib/test/auto/Router2.xml
3004 ms. Memory: 268288K Free: 182219K (68%)
----------------- Invoking toplevel() on ptolemy.moml.MoMLSimpleApplication@662e0e24
----------------- Done invoking toplevel() on ptolemy.moml.MoMLSimpleApplication@662e0e24
reloadAllAccessors: .Router2

===========================================================================================
----------------- testing Mon Feb 17 23:41:09 UTC 2020 /home/travis/build/icyphy/ptII/ptolemy/actor/lib/test/auto/RunningMaximum.xml
----------------- Instantiating /home/travis/build/icyphy/ptII/ptolemy/actor/lib/test/auto/RunningMaximum.xml
2 ms. Memory: 268288K Free: 177099K (66%)
----------------- Invoking toplevel() on ptolemy.moml.MoMLSimpleApplication@40bd6232
----------------- Done invoking toplevel() on ptolemy.moml.MoMLSimpleApplication@40bd6232
reloadAllAccessors: .RunningMaximum

===========================================================================================
----------------- testing Mon Feb 17 23:41:09 UTC 2020 /home/travis/build/icyphy/ptII/ptolemy/actor/lib/test/auto/RunningMinimum.xml
----------------- Instantiating /home/travis/build/icyphy/ptII/ptolemy/actor/lib/test/auto/RunningMinimum.xml
9 ms. Memory: 268288K Free: 172493K (64%)
----------------- Invoking toplevel() on ptolemy.moml.MoMLSimpleApplication@419e2203
----------------- Done invoking toplevel() on ptolemy.moml.MoMLSimpleApplication@419e2203
reloadAllAccessors: .RunningMinimum

===========================================================================================
----------------- testing Mon Feb 17 23:41:09 UTC 2020 /home/travis/build/icyphy/ptII/ptolemy/actor/lib/test/auto/Scale.xml
----------------- Instantiating /home/travis/build/icyphy/ptII/ptolemy/actor/lib/test/auto/Scale.xml
1 ms. Memory: 268288K Free: 167883K (63%)
----------------- Invoking toplevel() on ptolemy.moml.MoMLSimpleApplication@2a05f7a6
----------------- Done invoking toplevel() on ptolemy.moml.MoMLSimpleApplication@2a05f7a6
reloadAllAccessors: .Scale

===========================================================================================
----------------- testing Mon Feb 17 23:41:09 UTC 2020 /home/travis/build/icyphy/ptII/ptolemy/actor/lib/test/auto/Scale2.xml
----------------- Instantiating /home/travis/build/icyphy/ptII/ptolemy/actor/lib/test/auto/Scale2.xml
2 ms. Memory: 268288K Free: 163277K (61%)
----------------- Invoking toplevel() on ptolemy.moml.MoMLSimpleApplication@3b8ad054
----------------- Done invoking toplevel() on ptolemy.moml.MoMLSimpleApplication@3b8ad054
reloadAllAccessors: .Scale2

===========================================================================================
----------------- testing Mon Feb 17 23:41:09 UTC 2020 /home/travis/build/icyphy/ptII/ptolemy/actor/lib/test/auto/Scale3.xml
----------------- Instantiating /home/travis/build/icyphy/ptII/ptolemy/actor/lib/test/auto/Scale3.xml
12 ms. Memory: 268288K Free: 156619K (58%)
----------------- Invoking toplevel() on ptolemy.moml.MoMLSimpleApplication@7f3addd5
----------------- Done invoking toplevel() on ptolemy.moml.MoMLSimpleApplication@7f3addd5
reloadAllAccessors: .Scale3

===========================================================================================
----------------- testing Mon Feb 17 23:41:09 UTC 2020 /home/travis/build/icyphy/ptII/ptolemy/actor/lib/test/auto/ScaleArray.xml
----------------- Instantiating /home/travis/build/icyphy/ptII/ptolemy/actor/lib/test/auto/ScaleArray.xml
1 ms. Memory: 268288K Free: 152013K (57%)
----------------- Invoking toplevel() on ptolemy.moml.MoMLSimpleApplication@34220581
----------------- Done invoking toplevel() on ptolemy.moml.MoMLSimpleApplication@34220581
reloadAllAccessors: .ScaleArray

===========================================================================================
----------------- testing Mon Feb 17 23:41:09 UTC 2020 /home/travis/build/icyphy/ptII/ptolemy/actor/lib/test/auto/ScaleArray2.xml
----------------- Instantiating /home/travis/build/icyphy/ptII/ptolemy/actor/lib/test/auto/ScaleArray2.xml
1 ms. Memory: 268288K Free: 147403K (55%)
----------------- Invoking toplevel() on ptolemy.moml.MoMLSimpleApplication@2faecfd3
----------------- Done invoking toplevel() on ptolemy.moml.MoMLSimpleApplication@2faecfd3
reloadAllAccessors: .ScaleArray2

===========================================================================================
----------------- testing Mon Feb 17 23:41:09 UTC 2020 /home/travis/build/icyphy/ptII/ptolemy/actor/lib/test/auto/ScaleMatrix.xml
----------------- Instantiating /home/travis/build/icyphy/ptII/ptolemy/actor/lib/test/auto/ScaleMatrix.xml
145 ms. Memory: 268288K Free: 135629K (51%)
----------------- Invoking toplevel() on ptolemy.moml.MoMLSimpleApplication@2cf2e2bc
----------------- Done invoking toplevel() on ptolemy.moml.MoMLSimpleApplication@2cf2e2bc
reloadAllAccessors: .ScaleMatrix

===========================================================================================
----------------- testing Mon Feb 17 23:41:09 UTC 2020 /home/travis/build/icyphy/ptII/ptolemy/actor/lib/test/auto/Select.xml
----------------- Instantiating /home/travis/build/icyphy/ptII/ptolemy/actor/lib/test/auto/Select.xml
3 ms. Memory: 268288K Free: 129485K (48%)
----------------- Invoking toplevel() on ptolemy.moml.MoMLSimpleApplication@49ed9c77
----------------- Done invoking toplevel() on ptolemy.moml.MoMLSimpleApplication@49ed9c77
reloadAllAccessors: .Select

===========================================================================================
----------------- testing Mon Feb 17 23:41:09 UTC 2020 /home/travis/build/icyphy/ptII/ptolemy/actor/lib/test/auto/Select2.xml
----------------- Instantiating /home/travis/build/icyphy/ptII/ptolemy/actor/lib/test/auto/Select2.xml
1 ms. Memory: 268288K Free: 124875K (47%)
----------------- Invoking toplevel() on ptolemy.moml.MoMLSimpleApplication@56d09524
----------------- Done invoking toplevel() on ptolemy.moml.MoMLSimpleApplication@56d09524
reloadAllAccessors: .Select2

===========================================================================================
----------------- testing Mon Feb 17 23:41:09 UTC 2020 /home/travis/build/icyphy/ptII/ptolemy/actor/lib/test/auto/SequenceToArray2.xml
----------------- Instantiating /home/travis/build/icyphy/ptII/ptolemy/actor/lib/test/auto/SequenceToArray2.xml
122 ms. Memory: 268288K Free: 100299K (37%)
----------------- Invoking toplevel() on ptolemy.moml.MoMLSimpleApplication@7b845807
----------------- Done invoking toplevel() on ptolemy.moml.MoMLSimpleApplication@7b845807
reloadAllAccessors: .SequenceToArray2

===========================================================================================
----------------- testing Mon Feb 17 23:41:10 UTC 2020 /home/travis/build/icyphy/ptII/ptolemy/actor/lib/test/auto/SequentialClock.xml
----------------- Instantiating /home/travis/build/icyphy/ptII/ptolemy/actor/lib/test/auto/SequentialClock.xml
2 ms. Memory: 268288K Free: 96203K (36%)
----------------- Invoking toplevel() on ptolemy.moml.MoMLSimpleApplication@71a2a554
----------------- Done invoking toplevel() on ptolemy.moml.MoMLSimpleApplication@71a2a554
reloadAllAccessors: .SequentialClock

===========================================================================================
----------------- testing Mon Feb 17 23:41:10 UTC 2020 /home/travis/build/icyphy/ptII/ptolemy/actor/lib/test/auto/SetVariable.xml
----------------- Instantiating /home/travis/build/icyphy/ptII/ptolemy/actor/lib/test/auto/SetVariable.xml
5 ms. Memory: 268288K Free: 91083K (34%)
----------------- Invoking toplevel() on ptolemy.moml.MoMLSimpleApplication@2fc007c4
----------------- Done invoking toplevel() on ptolemy.moml.MoMLSimpleApplication@2fc007c4
reloadAllAccessors: .SetVariable

===========================================================================================
----------------- testing Mon Feb 17 23:41:10 UTC 2020 /home/travis/build/icyphy/ptII/ptolemy/actor/lib/test/auto/SetVariable2.xml
----------------- Instantiating /home/travis/build/icyphy/ptII/ptolemy/actor/lib/test/auto/SetVariable2.xml
2 ms. Memory: 268288K Free: 85963K (32%)
----------------- Invoking toplevel() on ptolemy.moml.MoMLSimpleApplication@7293679a
----------------- Done invoking toplevel() on ptolemy.moml.MoMLSimpleApplication@7293679a
reloadAllAccessors: .SetVariable2

===========================================================================================
----------------- testing Mon Feb 17 23:41:10 UTC 2020 /home/travis/build/icyphy/ptII/ptolemy/actor/lib/test/auto/SetVariable3.xml
----------------- Instantiating /home/travis/build/icyphy/ptII/ptolemy/actor/lib/test/auto/SetVariable3.xml
6 ms. Memory: 268288K Free: 80333K (30%)
----------------- Invoking toplevel() on ptolemy.moml.MoMLSimpleApplication@39130545
----------------- Done invoking toplevel() on ptolemy.moml.MoMLSimpleApplication@39130545
reloadAllAccessors: .SetVariable3

===========================================================================================
----------------- testing Mon Feb 17 23:41:10 UTC 2020 /home/travis/build/icyphy/ptII/ptolemy/actor/lib/test/auto/SetVariable4.xml
----------------- Instantiating /home/travis/build/icyphy/ptII/ptolemy/actor/lib/test/auto/SetVariable4.xml
17 ms. Memory: 268288K Free: 70093K (26%)
----------------- Invoking toplevel() on ptolemy.moml.MoMLSimpleApplication@6a4f8766
----------------- Done invoking toplevel() on ptolemy.moml.MoMLSimpleApplication@6a4f8766
reloadAllAccessors: .SetVariable4

===========================================================================================
----------------- testing Mon Feb 17 23:41:10 UTC 2020 /home/travis/build/icyphy/ptII/ptolemy/actor/lib/test/auto/SetVariable5.xml
----------------- Instantiating /home/travis/build/icyphy/ptII/ptolemy/actor/lib/test/auto/SetVariable5.xml
22 ms. Memory: 268288K Free: 60877K (23%)
----------------- Invoking toplevel() on ptolemy.moml.MoMLSimpleApplication@96f2c87
----------------- Done invoking toplevel() on ptolemy.moml.MoMLSimpleApplication@96f2c87
reloadAllAccessors: .SetVariable5

===========================================================================================
----------------- testing Mon Feb 17 23:41:10 UTC 2020 /home/travis/build/icyphy/ptII/ptolemy/actor/lib/test/auto/Sinewave.xml
----------------- Instantiating /home/travis/build/icyphy/ptII/ptolemy/actor/lib/test/auto/Sinewave.xml
12 ms. Memory: 268288K Free: 209177K (78%)
----------------- Invoking toplevel() on ptolemy.moml.MoMLSimpleApplication@39d7ab95
----------------- Done invoking toplevel() on ptolemy.moml.MoMLSimpleApplication@39d7ab95
reloadAllAccessors: .Sinewave

===========================================================================================
----------------- testing Mon Feb 17 23:41:10 UTC 2020 /home/travis/build/icyphy/ptII/ptolemy/actor/lib/test/auto/Sinewave2.xml
----------------- Instantiating /home/travis/build/icyphy/ptII/ptolemy/actor/lib/test/auto/Sinewave2.xml
11 ms. Memory: 268288K Free: 200471K (75%)
----------------- Invoking toplevel() on ptolemy.moml.MoMLSimpleApplication@ff9b7a0
----------------- Done invoking toplevel() on ptolemy.moml.MoMLSimpleApplication@ff9b7a0
reloadAllAccessors: .Sinewave2

===========================================================================================
----------------- testing Mon Feb 17 23:41:10 UTC 2020 /home/travis/build/icyphy/ptII/ptolemy/actor/lib/test/auto/Sinewave3.xml
----------------- Instantiating /home/travis/build/icyphy/ptII/ptolemy/actor/lib/test/auto/Sinewave3.xml
9 ms. Memory: 268288K Free: 192265K (72%)
----------------- Invoking toplevel() on ptolemy.moml.MoMLSimpleApplication@4a90a1de
----------------- Done invoking toplevel() on ptolemy.moml.MoMLSimpleApplication@4a90a1de
reloadAllAccessors: .Sinewave3

===========================================================================================
----------------- testing Mon Feb 17 23:41:10 UTC 2020 /home/travis/build/icyphy/ptII/ptolemy/actor/lib/test/auto/SingleEvent.xml
----------------- Instantiating /home/travis/build/icyphy/ptII/ptolemy/actor/lib/test/auto/SingleEvent.xml
2 ms. Memory: 268288K Free: 188183K (70%)
----------------- Invoking toplevel() on ptolemy.moml.MoMLSimpleApplication@6a4b37b
----------------- Done invoking toplevel() on ptolemy.moml.MoMLSimpleApplication@6a4b37b
reloadAllAccessors: .SingleEvent

===========================================================================================
----------------- testing Mon Feb 17 23:41:10 UTC 2020 /home/travis/build/icyphy/ptII/ptolemy/actor/lib/test/auto/Sleep.xml
----------------- Instantiating /home/travis/build/icyphy/ptII/ptolemy/actor/lib/test/auto/Sleep.xml
6004 ms. Memory: 268288K Free: 182025K (68%)
----------------- Invoking toplevel() on ptolemy.moml.MoMLSimpleApplication@46bcbb37
----------------- Done invoking toplevel() on ptolemy.moml.MoMLSimpleApplication@46bcbb37
reloadAllAccessors: .Sleep

===========================================================================================
----------------- testing Mon Feb 17 23:41:16 UTC 2020 /home/travis/build/icyphy/ptII/ptolemy/actor/lib/test/auto/SleepMultipleFire.xml
----------------- Instantiating /home/travis/build/icyphy/ptII/ptolemy/actor/lib/test/auto/SleepMultipleFire.xml
1005 ms. Memory: 268288K Free: 175895K (66%)
----------------- Invoking toplevel() on ptolemy.moml.MoMLSimpleApplication@71aabdf4
----------------- Done invoking toplevel() on ptolemy.moml.MoMLSimpleApplication@71aabdf4
reloadAllAccessors: .SleepMultipleFire

===========================================================================================
----------------- testing Mon Feb 17 23:41:17 UTC 2020 /home/travis/build/icyphy/ptII/ptolemy/actor/lib/test/auto/StopDE.xml
----------------- Instantiating /home/travis/build/icyphy/ptII/ptolemy/actor/lib/test/auto/StopDE.xml
3 ms. Memory: 268288K Free: 170265K (63%)
----------------- Invoking toplevel() on ptolemy.moml.MoMLSimpleApplication@7c217907
----------------- Done invoking toplevel() on ptolemy.moml.MoMLSimpleApplication@7c217907
reloadAllAccessors: .StopDE

===========================================================================================
----------------- testing Mon Feb 17 23:41:17 UTC 2020 /home/travis/build/icyphy/ptII/ptolemy/actor/lib/test/auto/StopSDF.xml
----------------- Instantiating /home/travis/build/icyphy/ptII/ptolemy/actor/lib/test/auto/StopSDF.xml
3 ms. Memory: 268288K Free: 165145K (62%)
----------------- Invoking toplevel() on ptolemy.moml.MoMLSimpleApplication@4bea5d6a
----------------- Done invoking toplevel() on ptolemy.moml.MoMLSimpleApplication@4bea5d6a
reloadAllAccessors: .StopSDF

===========================================================================================
----------------- testing Mon Feb 17 23:41:17 UTC 2020 /home/travis/build/icyphy/ptII/ptolemy/actor/lib/test/auto/StringConstant.xml
----------------- Instantiating /home/travis/build/icyphy/ptII/ptolemy/actor/lib/test/auto/StringConstant.xml
9 ms. Memory: 268288K Free: 160023K (60%)
----------------- Invoking toplevel() on ptolemy.moml.MoMLSimpleApplication@3da8eccc
----------------- Done invoking toplevel() on ptolemy.moml.MoMLSimpleApplication@3da8eccc
reloadAllAccessors: .StringConstant

===========================================================================================
----------------- testing Mon Feb 17 23:41:17 UTC 2020 /home/travis/build/icyphy/ptII/ptolemy/actor/lib/test/auto/SubscriberPortInitialValues1.xml
----------------- Instantiating /home/travis/build/icyphy/ptII/ptolemy/actor/lib/test/auto/SubscriberPortInitialValues1.xml
8 ms. Memory: 268288K Free: 151319K (56%)
----------------- Invoking toplevel() on ptolemy.moml.MoMLSimpleApplication@6145c738
----------------- Done invoking toplevel() on ptolemy.moml.MoMLSimpleApplication@6145c738
reloadAllAccessors: .SubscriberPortInitialValues1

===========================================================================================
----------------- testing Mon Feb 17 23:41:17 UTC 2020 /home/travis/build/icyphy/ptII/ptolemy/actor/lib/test/auto/SubscriberPortInitialValues13.xml
----------------- Instantiating /home/travis/build/icyphy/ptII/ptolemy/actor/lib/test/auto/SubscriberPortInitialValues13.xml
6 ms. Memory: 268288K Free: 138521K (52%)
----------------- Invoking toplevel() on ptolemy.moml.MoMLSimpleApplication@ef42d14
----------------- Done invoking toplevel() on ptolemy.moml.MoMLSimpleApplication@ef42d14
reloadAllAccessors: .SubscriberPortInitialValues13

===========================================================================================
----------------- testing Mon Feb 17 23:41:17 UTC 2020 /home/travis/build/icyphy/ptII/ptolemy/actor/lib/test/auto/SubscriberPortInitialValues14.xml
----------------- Instantiating /home/travis/build/icyphy/ptII/ptolemy/actor/lib/test/auto/SubscriberPortInitialValues14.xml
4 ms. Memory: 268288K Free: 130839K (49%)
----------------- Invoking toplevel() on ptolemy.moml.MoMLSimpleApplication@500187cc
----------------- Done invoking toplevel() on ptolemy.moml.MoMLSimpleApplication@500187cc
reloadAllAccessors: .SubscriberPortInitialValues14

===========================================================================================
----------------- testing Mon Feb 17 23:41:17 UTC 2020 /home/travis/build/icyphy/ptII/ptolemy/actor/lib/test/auto/SubscriberPortInitialValues2.xml
----------------- Instantiating /home/travis/build/icyphy/ptII/ptolemy/actor/lib/test/auto/SubscriberPortInitialValues2.xml
3 ms. Memory: 268288K Free: 123161K (46%)
----------------- Invoking toplevel() on ptolemy.moml.MoMLSimpleApplication@599036db
----------------- Done invoking toplevel() on ptolemy.moml.MoMLSimpleApplication@599036db
reloadAllAccessors: .SubscriberPortInitialValues2

===========================================================================================
----------------- testing Mon Feb 17 23:41:17 UTC 2020 /home/travis/build/icyphy/ptII/ptolemy/actor/lib/test/auto/SubscriberPortInitialValues3.xml
----------------- Instantiating /home/travis/build/icyphy/ptII/ptolemy/actor/lib/test/auto/SubscriberPortInitialValues3.xml
4 ms. Memory: 268288K Free: 112407K (42%)
----------------- Invoking toplevel() on ptolemy.moml.MoMLSimpleApplication@5bbd06e6
----------------- Done invoking toplevel() on ptolemy.moml.MoMLSimpleApplication@5bbd06e6
reloadAllAccessors: .SubscriberPortInitialValues3

===========================================================================================
----------------- testing Mon Feb 17 23:41:17 UTC 2020 /home/travis/build/icyphy/ptII/ptolemy/actor/lib/test/auto/SubscriptionAggregator.xml
----------------- Instantiating /home/travis/build/icyphy/ptII/ptolemy/actor/lib/test/auto/SubscriptionAggregator.xml
3 ms. Memory: 268288K Free: 105225K (39%)
----------------- Invoking toplevel() on ptolemy.moml.MoMLSimpleApplication@78909f83
----------------- Done invoking toplevel() on ptolemy.moml.MoMLSimpleApplication@78909f83
reloadAllAccessors: .SubscriptionAggregator

===========================================================================================
----------------- testing Mon Feb 17 23:41:17 UTC 2020 /home/travis/build/icyphy/ptII/ptolemy/actor/lib/test/auto/SubscriptionAggregator2.xml
----------------- Instantiating /home/travis/build/icyphy/ptII/ptolemy/actor/lib/test/auto/SubscriptionAggregator2.xml
3 ms. Memory: 268288K Free: 98585K (37%)
----------------- Invoking toplevel() on ptolemy.moml.MoMLSimpleApplication@492348b
----------------- Done invoking toplevel() on ptolemy.moml.MoMLSimpleApplication@492348b
reloadAllAccessors: .SubscriptionAggregator2

===========================================================================================
----------------- testing Mon Feb 17 23:41:17 UTC 2020 /home/travis/build/icyphy/ptII/ptolemy/actor/lib/test/auto/SubscriptionAggregator3.xml
----------------- Instantiating /home/travis/build/icyphy/ptII/ptolemy/actor/lib/test/auto/SubscriptionAggregator3.xml
8 ms. Memory: 268288K Free: 89879K (34%)
----------------- Invoking toplevel() on ptolemy.moml.MoMLSimpleApplication@28657d20
----------------- Done invoking toplevel() on ptolemy.moml.MoMLSimpleApplication@28657d20
reloadAllAccessors: .SubscriptionAggregator3

===========================================================================================
----------------- testing Mon Feb 17 23:41:17 UTC 2020 /home/travis/build/icyphy/ptII/ptolemy/actor/lib/test/auto/SubscriptionAggregatorMultiply.xml
----------------- Instantiating /home/travis/build/icyphy/ptII/ptolemy/actor/lib/test/auto/SubscriptionAggregatorMultiply.xml
11 ms. Memory: 268288K Free: 81681K (30%)
----------------- Invoking toplevel() on ptolemy.moml.MoMLSimpleApplication@41aaff15
----------------- Done invoking toplevel() on ptolemy.moml.MoMLSimpleApplication@41aaff15
reloadAllAccessors: .SubscriptionAggregatorMultiply

===========================================================================================
----------------- testing Mon Feb 17 23:41:17 UTC 2020 /home/travis/build/icyphy/ptII/ptolemy/actor/lib/test/auto/SubscriptionAggregatorPortMultiply1.xml
----------------- Instantiating /home/travis/build/icyphy/ptII/ptolemy/actor/lib/test/auto/SubscriptionAggregatorPortMultiply1.xml
5 ms. Memory: 268288K Free: 74009K (28%)
----------------- Invoking toplevel() on ptolemy.moml.MoMLSimpleApplication@6708770f
----------------- Done invoking toplevel() on ptolemy.moml.MoMLSimpleApplication@6708770f
reloadAllAccessors: .SubscriptionAggregatorPortMultiply1

===========================================================================================
----------------- testing Mon Feb 17 23:41:17 UTC 2020 /home/travis/build/icyphy/ptII/ptolemy/actor/lib/test/auto/Switch.xml
----------------- Instantiating /home/travis/build/icyphy/ptII/ptolemy/actor/lib/test/auto/Switch.xml
6 ms. Memory: 268288K Free: 65303K (24%)
----------------- Invoking toplevel() on ptolemy.moml.MoMLSimpleApplication@4d3ff10b
----------------- Done invoking toplevel() on ptolemy.moml.MoMLSimpleApplication@4d3ff10b
reloadAllAccessors: .Switch

===========================================================================================
----------------- testing Mon Feb 17 23:41:17 UTC 2020 /home/travis/build/icyphy/ptII/ptolemy/actor/lib/test/auto/Switch2.xml
----------------- Instantiating /home/travis/build/icyphy/ptII/ptolemy/actor/lib/test/auto/Switch2.xml
1 ms. Memory: 268288K Free: 60697K (23%)
----------------- Invoking toplevel() on ptolemy.moml.MoMLSimpleApplication@5ac8fc82
----------------- Done invoking toplevel() on ptolemy.moml.MoMLSimpleApplication@5ac8fc82
reloadAllAccessors: .Switch2

===========================================================================================
----------------- testing Mon Feb 17 23:41:17 UTC 2020 /home/travis/build/icyphy/ptII/ptolemy/actor/lib/test/auto/SwitchDE.xml
----------------- Instantiating /home/travis/build/icyphy/ptII/ptolemy/actor/lib/test/auto/SwitchDE.xml
6 ms. Memory: 268288K Free: 213217K (79%)
----------------- Invoking toplevel() on ptolemy.moml.MoMLSimpleApplication@f234a2f
----------------- Done invoking toplevel() on ptolemy.moml.MoMLSimpleApplication@f234a2f
reloadAllAccessors: .SwitchDE

===========================================================================================
----------------- testing Mon Feb 17 23:41:17 UTC 2020 /home/travis/build/icyphy/ptII/ptolemy/actor/lib/test/auto/SynchronizerDE.xml
----------------- Instantiating /home/travis/build/icyphy/ptII/ptolemy/actor/lib/test/auto/SynchronizerDE.xml
7 ms. Memory: 268288K Free: 205025K (76%)
----------------- Invoking toplevel() on ptolemy.moml.MoMLSimpleApplication@2a03af0f
----------------- Done invoking toplevel() on ptolemy.moml.MoMLSimpleApplication@2a03af0f
reloadAllAccessors: .SynchronizerDE

===========================================================================================
----------------- testing Mon Feb 17 23:41:17 UTC 2020 /home/travis/build/icyphy/ptII/ptolemy/actor/lib/test/auto/Test.xml
----------------- Instantiating /home/travis/build/icyphy/ptII/ptolemy/actor/lib/test/auto/Test.xml
10 ms. Memory: 268288K Free: 199905K (75%)
----------------- Invoking toplevel() on ptolemy.moml.MoMLSimpleApplication@67f3adda
----------------- Done invoking toplevel() on ptolemy.moml.MoMLSimpleApplication@67f3adda
reloadAllAccessors: .Test

===========================================================================================
----------------- testing Mon Feb 17 23:41:17 UTC 2020 /home/travis/build/icyphy/ptII/ptolemy/actor/lib/test/auto/TestExceptionAttribute1.xml
----------------- Instantiating /home/travis/build/icyphy/ptII/ptolemy/actor/lib/test/auto/TestExceptionAttribute1.xml
2 ms. Memory: 268288K Free: 195809K (73%)
----------------- Invoking toplevel() on ptolemy.moml.MoMLSimpleApplication@460a4655
----------------- Done invoking toplevel() on ptolemy.moml.MoMLSimpleApplication@460a4655
reloadAllAccessors: .TestExceptionAttribute1

===========================================================================================
----------------- testing Mon Feb 17 23:41:17 UTC 2020 /home/travis/build/icyphy/ptII/ptolemy/actor/lib/test/auto/TestExceptionAttribute2.xml
----------------- Instantiating /home/travis/build/icyphy/ptII/ptolemy/actor/lib/test/auto/TestExceptionAttribute2.xml
1 ms. Memory: 268288K Free: 191199K (71%)
----------------- Invoking toplevel() on ptolemy.moml.MoMLSimpleApplication@649fe553
----------------- Done invoking toplevel() on ptolemy.moml.MoMLSimpleApplication@649fe553
reloadAllAccessors: .TestExceptionAttribute2

===========================================================================================
----------------- testing Mon Feb 17 23:41:17 UTC 2020 /home/travis/build/icyphy/ptII/ptolemy/actor/lib/test/auto/TestExceptionAttribute3.xml
----------------- Instantiating /home/travis/build/icyphy/ptII/ptolemy/actor/lib/test/auto/TestExceptionAttribute3.xml
.TestExceptionAttribute3.TestExceptionAttribute: initialize() was not invoked, but wrapup() was.  This is unusual, but not always a problem.  For example, exporting JNLP will do this.
0 ms. Memory: 268288K Free: 187617K (70%)
----------------- Invoking toplevel() on ptolemy.moml.MoMLSimpleApplication@7d400220
----------------- Done invoking toplevel() on ptolemy.moml.MoMLSimpleApplication@7d400220
reloadAllAccessors: .TestExceptionAttribute3

===========================================================================================
----------------- testing Mon Feb 17 23:41:17 UTC 2020 /home/travis/build/icyphy/ptII/ptolemy/actor/lib/test/auto/TestExceptionAttribute4.xml
----------------- Instantiating /home/travis/build/icyphy/ptII/ptolemy/actor/lib/test/auto/TestExceptionAttribute4.xml
.TestExceptionAttribute4.TestExceptionAttribute: initialize() was not invoked, but wrapup() was.  This is unusual, but not always a problem.  For example, exporting JNLP will do this.
.TestExceptionAttribute4.TestExceptionAttribute2: initialize() was not invoked, but wrapup() was.  This is unusual, but not always a problem.  For example, exporting JNLP will do this.
1 ms. Memory: 268288K Free: 183521K (68%)
----------------- Invoking toplevel() on ptolemy.moml.MoMLSimpleApplication@363dd4cb
----------------- Done invoking toplevel() on ptolemy.moml.MoMLSimpleApplication@363dd4cb
reloadAllAccessors: .TestExceptionAttribute4

===========================================================================================
----------------- testing Mon Feb 17 23:41:17 UTC 2020 /home/travis/build/icyphy/ptII/ptolemy/actor/lib/test/auto/TestExceptionHandler1.xml
----------------- Instantiating /home/travis/build/icyphy/ptII/ptolemy/actor/lib/test/auto/TestExceptionHandler1.xml
1 ms. Memory: 268288K Free: 179935K (67%)
----------------- Invoking toplevel() on ptolemy.moml.MoMLSimpleApplication@76668939
----------------- Done invoking toplevel() on ptolemy.moml.MoMLSimpleApplication@76668939
reloadAllAccessors: .TestExceptionHandler1

===========================================================================================
----------------- testing Mon Feb 17 23:41:17 UTC 2020 /home/travis/build/icyphy/ptII/ptolemy/actor/lib/test/auto/TestExceptionHandler2.xml
----------------- Instantiating /home/travis/build/icyphy/ptII/ptolemy/actor/lib/test/auto/TestExceptionHandler2.xml
2 ms. Memory: 268288K Free: 175839K (66%)
----------------- Invoking toplevel() on ptolemy.moml.MoMLSimpleApplication@1fca91d2
----------------- Done invoking toplevel() on ptolemy.moml.MoMLSimpleApplication@1fca91d2
reloadAllAccessors: .TestExceptionHandler2

===========================================================================================
----------------- testing Mon Feb 17 23:41:17 UTC 2020 /home/travis/build/icyphy/ptII/ptolemy/actor/lib/test/auto/TestExceptionHandler3.xml
----------------- Instantiating /home/travis/build/icyphy/ptII/ptolemy/actor/lib/test/auto/TestExceptionHandler3.xml
1 ms. Memory: 268288K Free: 172257K (64%)
----------------- Invoking toplevel() on ptolemy.moml.MoMLSimpleApplication@588e271d
----------------- Done invoking toplevel() on ptolemy.moml.MoMLSimpleApplication@588e271d
reloadAllAccessors: .TestExceptionHandler3

===========================================================================================
----------------- testing Mon Feb 17 23:41:17 UTC 2020 /home/travis/build/icyphy/ptII/ptolemy/actor/lib/test/auto/TestExceptionHandler4.xml
----------------- Instantiating /home/travis/build/icyphy/ptII/ptolemy/actor/lib/test/auto/TestExceptionHandler4.xml
1 ms. Memory: 268288K Free: 168161K (63%)
----------------- Invoking toplevel() on ptolemy.moml.MoMLSimpleApplication@397959d0
----------------- Done invoking toplevel() on ptolemy.moml.MoMLSimpleApplication@397959d0
reloadAllAccessors: .TestExceptionHandler4

===========================================================================================
----------------- testing Mon Feb 17 23:41:17 UTC 2020 /home/travis/build/icyphy/ptII/ptolemy/actor/lib/test/auto/TestRequireCorrectOrder.xml
----------------- Instantiating /home/travis/build/icyphy/ptII/ptolemy/actor/lib/test/auto/TestRequireCorrectOrder.xml
5 ms. Memory: 268288K Free: 163041K (61%)
----------------- Invoking toplevel() on ptolemy.moml.MoMLSimpleApplication@43539fb5
----------------- Done invoking toplevel() on ptolemy.moml.MoMLSimpleApplication@43539fb5
reloadAllAccessors: .TestRequireCorrectOrder

===========================================================================================
----------------- testing Mon Feb 17 23:41:17 UTC 2020 /home/travis/build/icyphy/ptII/ptolemy/actor/lib/test/auto/TestSimple.xml
----------------- Instantiating /home/travis/build/icyphy/ptII/ptolemy/actor/lib/test/auto/TestSimple.xml
1 ms. Memory: 268288K Free: 157921K (59%)
----------------- Invoking toplevel() on ptolemy.moml.MoMLSimpleApplication@4c0ac73e
----------------- Done invoking toplevel() on ptolemy.moml.MoMLSimpleApplication@4c0ac73e
reloadAllAccessors: .TestSimple

===========================================================================================
----------------- testing Mon Feb 17 23:41:17 UTC 2020 /home/travis/build/icyphy/ptII/ptolemy/actor/lib/test/auto/ThrowModelError.xml
----------------- Instantiating /home/travis/build/icyphy/ptII/ptolemy/actor/lib/test/auto/ThrowModelError.xml
1 ms. Memory: 268288K Free: 153311K (57%)
----------------- Invoking toplevel() on ptolemy.moml.MoMLSimpleApplication@3dc4b78b
----------------- Done invoking toplevel() on ptolemy.moml.MoMLSimpleApplication@3dc4b78b
reloadAllAccessors: .ThrowModelError

===========================================================================================
----------------- testing Mon Feb 17 23:41:17 UTC 2020 /home/travis/build/icyphy/ptII/ptolemy/actor/lib/test/auto/TimeDelayMicrosteps.xml
----------------- Instantiating /home/travis/build/icyphy/ptII/ptolemy/actor/lib/test/auto/TimeDelayMicrosteps.xml
3 ms. Memory: 268288K Free: 146657K (55%)
----------------- Invoking toplevel() on ptolemy.moml.MoMLSimpleApplication@162e8b54
----------------- Done invoking toplevel() on ptolemy.moml.MoMLSimpleApplication@162e8b54
reloadAllAccessors: .TimeDelayMicrosteps

===========================================================================================
----------------- testing Mon Feb 17 23:41:17 UTC 2020 /home/travis/build/icyphy/ptII/ptolemy/actor/lib/test/auto/TimeDelayMicrosteps2.xml
----------------- Instantiating /home/travis/build/icyphy/ptII/ptolemy/actor/lib/test/auto/TimeDelayMicrosteps2.xml
3 ms. Memory: 268288K Free: 139489K (52%)
----------------- Invoking toplevel() on ptolemy.moml.MoMLSimpleApplication@cd3049a
----------------- Done invoking toplevel() on ptolemy.moml.MoMLSimpleApplication@cd3049a
reloadAllAccessors: .TimeDelayMicrosteps2

===========================================================================================
----------------- testing Mon Feb 17 23:41:17 UTC 2020 /home/travis/build/icyphy/ptII/ptolemy/actor/lib/test/auto/TimeDelayMicrosteps3.xml
----------------- Instantiating /home/travis/build/icyphy/ptII/ptolemy/actor/lib/test/auto/TimeDelayMicrosteps3.xml
2 ms. Memory: 268288K Free: 132321K (49%)
----------------- Invoking toplevel() on ptolemy.moml.MoMLSimpleApplication@58fa2825
----------------- Done invoking toplevel() on ptolemy.moml.MoMLSimpleApplication@58fa2825
reloadAllAccessors: .TimeDelayMicrosteps3

===========================================================================================
----------------- testing Mon Feb 17 23:41:17 UTC 2020 /home/travis/build/icyphy/ptII/ptolemy/actor/lib/test/auto/TimeDelayVariableMicrosteps.xml
----------------- Instantiating /home/travis/build/icyphy/ptII/ptolemy/actor/lib/test/auto/TimeDelayVariableMicrosteps.xml
3 ms. Memory: 268288K Free: 126177K (47%)
----------------- Invoking toplevel() on ptolemy.moml.MoMLSimpleApplication@62d8e3ab
----------------- Done invoking toplevel() on ptolemy.moml.MoMLSimpleApplication@62d8e3ab
reloadAllAccessors: .TimeDelayVariableMicrosteps

===========================================================================================
----------------- testing Mon Feb 17 23:41:17 UTC 2020 /home/travis/build/icyphy/ptII/ptolemy/actor/lib/test/auto/TimeGap.xml
----------------- Instantiating /home/travis/build/icyphy/ptII/ptolemy/actor/lib/test/auto/TimeGap.xml
4 ms. Memory: 268288K Free: 121057K (45%)
----------------- Invoking toplevel() on ptolemy.moml.MoMLSimpleApplication@207aa401
----------------- Done invoking toplevel() on ptolemy.moml.MoMLSimpleApplication@207aa401
reloadAllAccessors: .TimeGap

===========================================================================================
----------------- testing Mon Feb 17 23:41:17 UTC 2020 /home/travis/build/icyphy/ptII/ptolemy/actor/lib/test/auto/TimeGap2.xml
----------------- Instantiating /home/travis/build/icyphy/ptII/ptolemy/actor/lib/test/auto/TimeGap2.xml
2 ms. Memory: 268288K Free: 115409K (43%)
----------------- Invoking toplevel() on ptolemy.moml.MoMLSimpleApplication@5672b4d
----------------- Done invoking toplevel() on ptolemy.moml.MoMLSimpleApplication@5672b4d
reloadAllAccessors: .TimeGap2

===========================================================================================
----------------- testing Mon Feb 17 23:41:17 UTC 2020 /home/travis/build/icyphy/ptII/ptolemy/actor/lib/test/auto/TimedSinewave.xml
----------------- Instantiating /home/travis/build/icyphy/ptII/ptolemy/actor/lib/test/auto/TimedSinewave.xml
21 ms. Memory: 268288K Free: 101087K (38%)
----------------- Invoking toplevel() on ptolemy.moml.MoMLSimpleApplication@693bea1f
----------------- Done invoking toplevel() on ptolemy.moml.MoMLSimpleApplication@693bea1f
reloadAllAccessors: .TimedSinewave

===========================================================================================
----------------- testing Mon Feb 17 23:41:17 UTC 2020 /home/travis/build/icyphy/ptII/ptolemy/actor/lib/test/auto/TimedSinewavePhase.xml
----------------- Instantiating /home/travis/build/icyphy/ptII/ptolemy/actor/lib/test/auto/TimedSinewavePhase.xml
10 ms. Memory: 268288K Free: 91361K (34%)
----------------- Invoking toplevel() on ptolemy.moml.MoMLSimpleApplication@32a61055
----------------- Done invoking toplevel() on ptolemy.moml.MoMLSimpleApplication@32a61055
reloadAllAccessors: .TimedSinewavePhase

===========================================================================================
----------------- testing Mon Feb 17 23:41:18 UTC 2020 /home/travis/build/icyphy/ptII/ptolemy/actor/lib/test/auto/Timer.xml
----------------- Instantiating /home/travis/build/icyphy/ptII/ptolemy/actor/lib/test/auto/Timer.xml
4 ms. Memory: 268288K Free: 85697K (32%)
----------------- Invoking toplevel() on ptolemy.moml.MoMLSimpleApplication@6305c1cb
----------------- Done invoking toplevel() on ptolemy.moml.MoMLSimpleApplication@6305c1cb
reloadAllAccessors: .Timer

===========================================================================================
----------------- testing Mon Feb 17 23:41:18 UTC 2020 /home/travis/build/icyphy/ptII/ptolemy/actor/lib/test/auto/TriangularDistTestModel.xml
----------------- Instantiating /home/travis/build/icyphy/ptII/ptolemy/actor/lib/test/auto/TriangularDistTestModel.xml
2 ms. Memory: 268288K Free: 80097K (30%)
----------------- Invoking toplevel() on ptolemy.moml.MoMLSimpleApplication@79bafe84
----------------- Done invoking toplevel() on ptolemy.moml.MoMLSimpleApplication@79bafe84
reloadAllAccessors: .TriangularDistTestModel

===========================================================================================
----------------- testing Mon Feb 17 23:41:18 UTC 2020 /home/travis/build/icyphy/ptII/ptolemy/actor/lib/test/auto/TrigFunction.xml
----------------- Instantiating /home/travis/build/icyphy/ptII/ptolemy/actor/lib/test/auto/TrigFunction.xml
1 ms. Memory: 268288K Free: 74977K (28%)
----------------- Invoking toplevel() on ptolemy.moml.MoMLSimpleApplication@2d00fe41
----------------- Done invoking toplevel() on ptolemy.moml.MoMLSimpleApplication@2d00fe41
reloadAllAccessors: .TrigFunction

===========================================================================================
----------------- testing Mon Feb 17 23:41:18 UTC 2020 /home/travis/build/icyphy/ptII/ptolemy/actor/lib/test/auto/TrigFunctionDE.xml
----------------- Instantiating /home/travis/build/icyphy/ptII/ptolemy/actor/lib/test/auto/TrigFunctionDE.xml
2 ms. Memory: 268288K Free: 69343K (26%)
----------------- Invoking toplevel() on ptolemy.moml.MoMLSimpleApplication@1387e397
----------------- Done invoking toplevel() on ptolemy.moml.MoMLSimpleApplication@1387e397
reloadAllAccessors: .TrigFunctionDE

===========================================================================================
----------------- testing Mon Feb 17 23:41:18 UTC 2020 /home/travis/build/icyphy/ptII/ptolemy/actor/lib/test/auto/TrigFunctionInverse.xml
----------------- Instantiating /home/travis/build/icyphy/ptII/ptolemy/actor/lib/test/auto/TrigFunctionInverse.xml
2 ms. Memory: 268288K Free: 64223K (24%)
----------------- Invoking toplevel() on ptolemy.moml.MoMLSimpleApplication@63c7eff8
----------------- Done invoking toplevel() on ptolemy.moml.MoMLSimpleApplication@63c7eff8
reloadAllAccessors: .TrigFunctionInverse

===========================================================================================
----------------- testing Mon Feb 17 23:41:18 UTC 2020 /home/travis/build/icyphy/ptII/ptolemy/actor/lib/test/auto/TrigFunctionTan.xml
----------------- Instantiating /home/travis/build/icyphy/ptII/ptolemy/actor/lib/test/auto/TrigFunctionTan.xml
1 ms. Memory: 268288K Free: 60127K (22%)
----------------- Invoking toplevel() on ptolemy.moml.MoMLSimpleApplication@59c14687
----------------- Done invoking toplevel() on ptolemy.moml.MoMLSimpleApplication@59c14687
reloadAllAccessors: .TrigFunctionTan

===========================================================================================
----------------- testing Mon Feb 17 23:41:18 UTC 2020 /home/travis/build/icyphy/ptII/ptolemy/actor/lib/test/auto/TriggeredClock.xml
----------------- Instantiating /home/travis/build/icyphy/ptII/ptolemy/actor/lib/test/auto/TriggeredClock.xml
1 ms. Memory: 268288K Free: 213155K (79%)
----------------- Invoking toplevel() on ptolemy.moml.MoMLSimpleApplication@3b7519b4
----------------- Done invoking toplevel() on ptolemy.moml.MoMLSimpleApplication@3b7519b4
reloadAllAccessors: .TriggeredClock

===========================================================================================
----------------- testing Mon Feb 17 23:41:18 UTC 2020 /home/travis/build/icyphy/ptII/ptolemy/actor/lib/test/auto/URLDirectoryReader.xml
----------------- Instantiating /home/travis/build/icyphy/ptII/ptolemy/actor/lib/test/auto/URLDirectoryReader.xml
32 ms. Memory: 268288K Free: 203939K (76%)
----------------- Invoking toplevel() on ptolemy.moml.MoMLSimpleApplication@21f017a6
----------------- Done invoking toplevel() on ptolemy.moml.MoMLSimpleApplication@21f017a6
reloadAllAccessors: .URLDirectoryReader

===========================================================================================
----------------- testing Mon Feb 17 23:41:18 UTC 2020 /home/travis/build/icyphy/ptII/ptolemy/actor/lib/test/auto/URLDirectoryReader3.xml
----------------- Instantiating /home/travis/build/icyphy/ptII/ptolemy/actor/lib/test/auto/URLDirectoryReader3.xml
1409 ms. Memory: 268288K Free: 208038K (78%)
----------------- Invoking toplevel() on ptolemy.moml.MoMLSimpleApplication@47c693d4
----------------- Done invoking toplevel() on ptolemy.moml.MoMLSimpleApplication@47c693d4
reloadAllAccessors: .URLDirectoryReader3

===========================================================================================
----------------- testing Mon Feb 17 23:41:19 UTC 2020 /home/travis/build/icyphy/ptII/ptolemy/actor/lib/test/auto/UnaryMathFunction.xml
----------------- Instantiating /home/travis/build/icyphy/ptII/ptolemy/actor/lib/test/auto/UnaryMathFunction.xml
5 ms. Memory: 268288K Free: 199846K (74%)
----------------- Invoking toplevel() on ptolemy.moml.MoMLSimpleApplication@70eb8d20
----------------- Done invoking toplevel() on ptolemy.moml.MoMLSimpleApplication@70eb8d20
reloadAllAccessors: .UnaryMathFunction

===========================================================================================
----------------- testing Mon Feb 17 23:41:19 UTC 2020 /home/travis/build/icyphy/ptII/ptolemy/actor/lib/test/auto/Uniform.xml
----------------- Instantiating /home/travis/build/icyphy/ptII/ptolemy/actor/lib/test/auto/Uniform.xml
6 ms. Memory: 268288K Free: 195236K (73%)
----------------- Invoking toplevel() on ptolemy.moml.MoMLSimpleApplication@4061bcf9
----------------- Done invoking toplevel() on ptolemy.moml.MoMLSimpleApplication@4061bcf9
reloadAllAccessors: .Uniform

===========================================================================================
----------------- testing Mon Feb 17 23:41:20 UTC 2020 /home/travis/build/icyphy/ptII/ptolemy/actor/lib/test/auto/UnionDisassemblerTest.xml
----------------- Instantiating /home/travis/build/icyphy/ptII/ptolemy/actor/lib/test/auto/UnionDisassemblerTest.xml
20 ms. Memory: 268288K Free: 191654K (71%)
----------------- Invoking toplevel() on ptolemy.moml.MoMLSimpleApplication@3e22a7b3
----------------- Done invoking toplevel() on ptolemy.moml.MoMLSimpleApplication@3e22a7b3
reloadAllAccessors: .UnionDisassemblerTest

===========================================================================================
----------------- testing Mon Feb 17 23:41:20 UTC 2020 /home/travis/build/icyphy/ptII/ptolemy/actor/lib/test/auto/UtilityFunctions.xml
----------------- Instantiating /home/travis/build/icyphy/ptII/ptolemy/actor/lib/test/auto/UtilityFunctions.xml
1 ms. Memory: 268288K Free: 187044K (70%)
----------------- Invoking toplevel() on ptolemy.moml.MoMLSimpleApplication@7b6811de
----------------- Done invoking toplevel() on ptolemy.moml.MoMLSimpleApplication@7b6811de
reloadAllAccessors: .UtilityFunctions

===========================================================================================
----------------- testing Mon Feb 17 23:41:20 UTC 2020 /home/travis/build/icyphy/ptII/ptolemy/actor/lib/test/auto/VariableSleep.xml
----------------- Instantiating /home/travis/build/icyphy/ptII/ptolemy/actor/lib/test/auto/VariableSleep.xml
504 ms. Memory: 268288K Free: 181924K (68%)
----------------- Invoking toplevel() on ptolemy.moml.MoMLSimpleApplication@1952c364
----------------- Done invoking toplevel() on ptolemy.moml.MoMLSimpleApplication@1952c364
reloadAllAccessors: .VariableSleep

===========================================================================================
----------------- testing Mon Feb 17 23:41:20 UTC 2020 /home/travis/build/icyphy/ptII/ptolemy/actor/lib/test/auto/VectorAssemblerDisassemblerCT.xml
----------------- Instantiating /home/travis/build/icyphy/ptII/ptolemy/actor/lib/test/auto/VectorAssemblerDisassemblerCT.xml
69 ms. Memory: 268288K Free: 161958K (60%)
----------------- Invoking toplevel() on ptolemy.moml.MoMLSimpleApplication@7cb718fb
----------------- Done invoking toplevel() on ptolemy.moml.MoMLSimpleApplication@7cb718fb
reloadAllAccessors: .VectorAssemblerDisassemblerCT

===========================================================================================
----------------- testing Mon Feb 17 23:41:20 UTC 2020 /home/travis/build/icyphy/ptII/ptolemy/actor/lib/test/auto/VectorAssemblerDisassemblerDE.xml
----------------- Instantiating /home/travis/build/icyphy/ptII/ptolemy/actor/lib/test/auto/VectorAssemblerDisassemblerDE.xml
4 ms. Memory: 268288K Free: 154276K (58%)
----------------- Invoking toplevel() on ptolemy.moml.MoMLSimpleApplication@77c72f92
----------------- Done invoking toplevel() on ptolemy.moml.MoMLSimpleApplication@77c72f92
reloadAllAccessors: .VectorAssemblerDisassemblerDE

===========================================================================================
----------------- testing Mon Feb 17 23:41:20 UTC 2020 /home/travis/build/icyphy/ptII/ptolemy/actor/lib/test/auto/VectorAssemblerDisassemblerSDF.xml
----------------- Instantiating /home/travis/build/icyphy/ptII/ptolemy/actor/lib/test/auto/VectorAssemblerDisassemblerSDF.xml
5 ms. Memory: 268288K Free: 147622K (55%)
----------------- Invoking toplevel() on ptolemy.moml.MoMLSimpleApplication@36cbd55d
----------------- Done invoking toplevel() on ptolemy.moml.MoMLSimpleApplication@36cbd55d
reloadAllAccessors: .VectorAssemblerDisassemblerSDF

===========================================================================================
----------------- testing Mon Feb 17 23:41:20 UTC 2020 /home/travis/build/icyphy/ptII/ptolemy/actor/lib/test/auto/WallClockTime.xml
----------------- Instantiating /home/travis/build/icyphy/ptII/ptolemy/actor/lib/test/auto/WallClockTime.xml
1004 ms. Memory: 268288K Free: 142502K (53%)
----------------- Invoking toplevel() on ptolemy.moml.MoMLSimpleApplication@2c646953
----------------- Done invoking toplevel() on ptolemy.moml.MoMLSimpleApplication@2c646953
reloadAllAccessors: .WallClockTime

===========================================================================================
----------------- testing Mon Feb 17 23:41:21 UTC 2020 /home/travis/build/icyphy/ptII/ptolemy/actor/lib/test/auto/WidthTestWithSubscriberPublisher.xml
----------------- Instantiating /home/travis/build/icyphy/ptII/ptolemy/actor/lib/test/auto/WidthTestWithSubscriberPublisher.xml
7 ms. Memory: 268288K Free: 124580K (46%)
----------------- Invoking toplevel() on ptolemy.moml.MoMLSimpleApplication@3f9e2360
----------------- Done invoking toplevel() on ptolemy.moml.MoMLSimpleApplication@3f9e2360
reloadAllAccessors: .WidthTestWithSubscriberPublisher

===========================================================================================
----------------- testing Mon Feb 17 23:41:21 UTC 2020 /home/travis/build/icyphy/ptII/ptolemy/actor/lib/test/auto/WidthTestWithSubscriberPublisher2.xml
----------------- Instantiating /home/travis/build/icyphy/ptII/ptolemy/actor/lib/test/auto/WidthTestWithSubscriberPublisher2.xml
2 ms. Memory: 268288K Free: 117926K (44%)
----------------- Invoking toplevel() on ptolemy.moml.MoMLSimpleApplication@5337b369
----------------- Done invoking toplevel() on ptolemy.moml.MoMLSimpleApplication@5337b369
reloadAllAccessors: .WidthTestWithSubscriberPublisher2

===========================================================================================
----------------- testing Mon Feb 17 23:41:21 UTC 2020 /home/travis/build/icyphy/ptII/ptolemy/actor/lib/test/auto/WidthTestWithSubscriberPublisher3.xml
----------------- Instantiating /home/travis/build/icyphy/ptII/ptolemy/actor/lib/test/auto/WidthTestWithSubscriberPublisher3.xml
2 ms. Memory: 268288K Free: 112292K (42%)
----------------- Invoking toplevel() on ptolemy.moml.MoMLSimpleApplication@3563a32d
----------------- Done invoking toplevel() on ptolemy.moml.MoMLSimpleApplication@3563a32d
reloadAllAccessors: .WidthTestWithSubscriberPublisher3

===========================================================================================
----------------- testing Mon Feb 17 23:41:21 UTC 2020 /home/travis/build/icyphy/ptII/ptolemy/actor/lib/test/auto/Writer.xml
----------------- Instantiating /home/travis/build/icyphy/ptII/ptolemy/actor/lib/test/auto/Writer.xml
0
1
2
3
4
2 ms. Memory: 268288K Free: 107686K (40%)
----------------- Invoking toplevel() on ptolemy.moml.MoMLSimpleApplication@3dda4639
----------------- Done invoking toplevel() on ptolemy.moml.MoMLSimpleApplication@3dda4639
reloadAllAccessors: .Writer

===========================================================================================
----------------- testing Mon Feb 17 23:41:21 UTC 2020 /home/travis/build/icyphy/ptII/ptolemy/actor/lib/test/auto/array.xml
----------------- Instantiating /home/travis/build/icyphy/ptII/ptolemy/actor/lib/test/auto/array.xml
2 ms. Memory: 268288K Free: 102566K (38%)
----------------- Invoking toplevel() on ptolemy.moml.MoMLSimpleApplication@3327c935
----------------- Done invoking toplevel() on ptolemy.moml.MoMLSimpleApplication@3327c935
reloadAllAccessors: .array

===========================================================================================
----------------- testing Mon Feb 17 23:41:21 UTC 2020 /home/travis/build/icyphy/ptII/ptolemy/actor/lib/test/auto/array2.xml
----------------- Instantiating /home/travis/build/icyphy/ptII/ptolemy/actor/lib/test/auto/array2.xml
3 ms. Memory: 268288K Free: 97942K (37%)
----------------- Invoking toplevel() on ptolemy.moml.MoMLSimpleApplication@70a412fa
----------------- Done invoking toplevel() on ptolemy.moml.MoMLSimpleApplication@70a412fa
reloadAllAccessors: .array2

===========================================================================================
----------------- testing Mon Feb 17 23:41:21 UTC 2020 /home/travis/build/icyphy/ptII/ptolemy/actor/lib/test/auto/arrayType.xml
----------------- Instantiating /home/travis/build/icyphy/ptII/ptolemy/actor/lib/test/auto/arrayType.xml
2 ms. Memory: 268288K Free: 92836K (35%)
----------------- Invoking toplevel() on ptolemy.moml.MoMLSimpleApplication@3bf51217
----------------- Done invoking toplevel() on ptolemy.moml.MoMLSimpleApplication@3bf51217
reloadAllAccessors: .arrayType

===========================================================================================
----------------- testing Mon Feb 17 23:41:21 UTC 2020 /home/travis/build/icyphy/ptII/ptolemy/actor/lib/test/auto/arrayType10.xml
----------------- Instantiating /home/travis/build/icyphy/ptII/ptolemy/actor/lib/test/auto/arrayType10.xml
1 ms. Memory: 268288K Free: 87716K (33%)
----------------- Invoking toplevel() on ptolemy.moml.MoMLSimpleApplication@7dc542c3
----------------- Done invoking toplevel() on ptolemy.moml.MoMLSimpleApplication@7dc542c3
reloadAllAccessors: .arrayType10

===========================================================================================
----------------- testing Mon Feb 17 23:41:21 UTC 2020 /home/travis/build/icyphy/ptII/ptolemy/actor/lib/test/auto/arrayType11.xml
----------------- Instantiating /home/travis/build/icyphy/ptII/ptolemy/actor/lib/test/auto/arrayType11.xml
1 ms. Memory: 268288K Free: 83110K (31%)
----------------- Invoking toplevel() on ptolemy.moml.MoMLSimpleApplication@7cb357bc
----------------- Done invoking toplevel() on ptolemy.moml.MoMLSimpleApplication@7cb357bc
reloadAllAccessors: .arrayType11

===========================================================================================
----------------- testing Mon Feb 17 23:41:21 UTC 2020 /home/travis/build/icyphy/ptII/ptolemy/actor/lib/test/auto/arrayType12.xml
----------------- Instantiating /home/travis/build/icyphy/ptII/ptolemy/actor/lib/test/auto/arrayType12.xml
1 ms. Memory: 268288K Free: 78500K (29%)
----------------- Invoking toplevel() on ptolemy.moml.MoMLSimpleApplication@b344380
----------------- Done invoking toplevel() on ptolemy.moml.MoMLSimpleApplication@b344380
reloadAllAccessors: .arrayType12

===========================================================================================
----------------- testing Mon Feb 17 23:41:21 UTC 2020 /home/travis/build/icyphy/ptII/ptolemy/actor/lib/test/auto/arrayType13.xml
----------------- Instantiating /home/travis/build/icyphy/ptII/ptolemy/actor/lib/test/auto/arrayType13.xml
2 ms. Memory: 268288K Free: 73380K (27%)
----------------- Invoking toplevel() on ptolemy.moml.MoMLSimpleApplication@5aba48f6
----------------- Done invoking toplevel() on ptolemy.moml.MoMLSimpleApplication@5aba48f6
reloadAllAccessors: .arrayType13

===========================================================================================
----------------- testing Mon Feb 17 23:41:21 UTC 2020 /home/travis/build/icyphy/ptII/ptolemy/actor/lib/test/auto/arrayType14.xml
----------------- Instantiating /home/travis/build/icyphy/ptII/ptolemy/actor/lib/test/auto/arrayType14.xml
1 ms. Memory: 268288K Free: 68260K (25%)
----------------- Invoking toplevel() on ptolemy.moml.MoMLSimpleApplication@1b2621c4
----------------- Done invoking toplevel() on ptolemy.moml.MoMLSimpleApplication@1b2621c4
reloadAllAccessors: .arrayType14

===========================================================================================
----------------- testing Mon Feb 17 23:41:21 UTC 2020 /home/travis/build/icyphy/ptII/ptolemy/actor/lib/test/auto/arrayType15.xml
----------------- Instantiating /home/travis/build/icyphy/ptII/ptolemy/actor/lib/test/auto/arrayType15.xml
3 ms. Memory: 268288K Free: 63140K (24%)
----------------- Invoking toplevel() on ptolemy.moml.MoMLSimpleApplication@1e7776b0
----------------- Done invoking toplevel() on ptolemy.moml.MoMLSimpleApplication@1e7776b0
reloadAllAccessors: .arrayType15

===========================================================================================
----------------- testing Mon Feb 17 23:41:21 UTC 2020 /home/travis/build/icyphy/ptII/ptolemy/actor/lib/test/auto/arrayType16.xml
----------------- Instantiating /home/travis/build/icyphy/ptII/ptolemy/actor/lib/test/auto/arrayType16.xml
1 ms. Memory: 268288K Free: 58020K (22%)
----------------- Invoking toplevel() on ptolemy.moml.MoMLSimpleApplication@1e36f632
----------------- Done invoking toplevel() on ptolemy.moml.MoMLSimpleApplication@1e36f632
reloadAllAccessors: .arrayType16

===========================================================================================
----------------- testing Mon Feb 17 23:41:21 UTC 2020 /home/travis/build/icyphy/ptII/ptolemy/actor/lib/test/auto/arrayType17.xml
----------------- Instantiating /home/travis/build/icyphy/ptII/ptolemy/actor/lib/test/auto/arrayType17.xml
1 ms. Memory: 268288K Free: 208982K (78%)
----------------- Invoking toplevel() on ptolemy.moml.MoMLSimpleApplication@278fb1b8
----------------- Done invoking toplevel() on ptolemy.moml.MoMLSimpleApplication@278fb1b8
reloadAllAccessors: .arrayType17

===========================================================================================
----------------- testing Mon Feb 17 23:41:22 UTC 2020 /home/travis/build/icyphy/ptII/ptolemy/actor/lib/test/auto/arrayType18.xml
----------------- Instantiating /home/travis/build/icyphy/ptII/ptolemy/actor/lib/test/auto/arrayType18.xml
2 ms. Memory: 268288K Free: 203862K (76%)
----------------- Invoking toplevel() on ptolemy.moml.MoMLSimpleApplication@4089cd6f
----------------- Done invoking toplevel() on ptolemy.moml.MoMLSimpleApplication@4089cd6f
reloadAllAccessors: .arrayType18

===========================================================================================
----------------- testing Mon Feb 17 23:41:22 UTC 2020 /home/travis/build/icyphy/ptII/ptolemy/actor/lib/test/auto/arrayType19.xml
----------------- Instantiating /home/travis/build/icyphy/ptII/ptolemy/actor/lib/test/auto/arrayType19.xml
3 ms. Memory: 268288K Free: 199256K (74%)
----------------- Invoking toplevel() on ptolemy.moml.MoMLSimpleApplication@54d8a6a0
----------------- Done invoking toplevel() on ptolemy.moml.MoMLSimpleApplication@54d8a6a0
reloadAllAccessors: .arrayType19

===========================================================================================
----------------- testing Mon Feb 17 23:41:22 UTC 2020 /home/travis/build/icyphy/ptII/ptolemy/actor/lib/test/auto/arrayType2.xml
----------------- Instantiating /home/travis/build/icyphy/ptII/ptolemy/actor/lib/test/auto/arrayType2.xml
2 ms. Memory: 268288K Free: 194646K (73%)
----------------- Invoking toplevel() on ptolemy.moml.MoMLSimpleApplication@3bd8fcf8
----------------- Done invoking toplevel() on ptolemy.moml.MoMLSimpleApplication@3bd8fcf8
reloadAllAccessors: .arrayType2

===========================================================================================
----------------- testing Mon Feb 17 23:41:22 UTC 2020 /home/travis/build/icyphy/ptII/ptolemy/actor/lib/test/auto/arrayType20.xml
----------------- Instantiating /home/travis/build/icyphy/ptII/ptolemy/actor/lib/test/auto/arrayType20.xml
1 ms. Memory: 268288K Free: 189526K (71%)
----------------- Invoking toplevel() on ptolemy.moml.MoMLSimpleApplication@74df3136
----------------- Done invoking toplevel() on ptolemy.moml.MoMLSimpleApplication@74df3136
reloadAllAccessors: .arrayType20

===========================================================================================
----------------- testing Mon Feb 17 23:41:22 UTC 2020 /home/travis/build/icyphy/ptII/ptolemy/actor/lib/test/auto/arrayType21.xml
----------------- Instantiating /home/travis/build/icyphy/ptII/ptolemy/actor/lib/test/auto/arrayType21.xml
1 ms. Memory: 268288K Free: 184920K (69%)
----------------- Invoking toplevel() on ptolemy.moml.MoMLSimpleApplication@3571bbc9
----------------- Done invoking toplevel() on ptolemy.moml.MoMLSimpleApplication@3571bbc9
reloadAllAccessors: .arrayType21

===========================================================================================
----------------- testing Mon Feb 17 23:41:22 UTC 2020 /home/travis/build/icyphy/ptII/ptolemy/actor/lib/test/auto/arrayType22.xml
----------------- Instantiating /home/travis/build/icyphy/ptII/ptolemy/actor/lib/test/auto/arrayType22.xml
2 ms. Memory: 268288K Free: 180310K (67%)
----------------- Invoking toplevel() on ptolemy.moml.MoMLSimpleApplication@40b178ae
----------------- Done invoking toplevel() on ptolemy.moml.MoMLSimpleApplication@40b178ae
reloadAllAccessors: .arrayType22

===========================================================================================
----------------- testing Mon Feb 17 23:41:22 UTC 2020 /home/travis/build/icyphy/ptII/ptolemy/actor/lib/test/auto/arrayType23.xml
----------------- Instantiating /home/travis/build/icyphy/ptII/ptolemy/actor/lib/test/auto/arrayType23.xml
2 ms. Memory: 268288K Free: 175190K (65%)
----------------- Invoking toplevel() on ptolemy.moml.MoMLSimpleApplication@4e815cd
----------------- Done invoking toplevel() on ptolemy.moml.MoMLSimpleApplication@4e815cd
reloadAllAccessors: .arrayType23

===========================================================================================
----------------- testing Mon Feb 17 23:41:22 UTC 2020 /home/travis/build/icyphy/ptII/ptolemy/actor/lib/test/auto/arrayType24.xml
----------------- Instantiating /home/travis/build/icyphy/ptII/ptolemy/actor/lib/test/auto/arrayType24.xml
1 ms. Memory: 268288K Free: 170584K (64%)
----------------- Invoking toplevel() on ptolemy.moml.MoMLSimpleApplication@183be724
----------------- Done invoking toplevel() on ptolemy.moml.MoMLSimpleApplication@183be724
reloadAllAccessors: .arrayType24

===========================================================================================
----------------- testing Mon Feb 17 23:41:22 UTC 2020 /home/travis/build/icyphy/ptII/ptolemy/actor/lib/test/auto/arrayType25.xml
----------------- Instantiating /home/travis/build/icyphy/ptII/ptolemy/actor/lib/test/auto/arrayType25.xml
1 ms. Memory: 268288K Free: 165464K (62%)
----------------- Invoking toplevel() on ptolemy.moml.MoMLSimpleApplication@64b461e6
----------------- Done invoking toplevel() on ptolemy.moml.MoMLSimpleApplication@64b461e6
reloadAllAccessors: .arrayType25

===========================================================================================
----------------- testing Mon Feb 17 23:41:22 UTC 2020 /home/travis/build/icyphy/ptII/ptolemy/actor/lib/test/auto/arrayType26.xml
----------------- Instantiating /home/travis/build/icyphy/ptII/ptolemy/actor/lib/test/auto/arrayType26.xml
2 ms. Memory: 268288K Free: 159830K (60%)
----------------- Invoking toplevel() on ptolemy.moml.MoMLSimpleApplication@315e7e24
----------------- Done invoking toplevel() on ptolemy.moml.MoMLSimpleApplication@315e7e24
reloadAllAccessors: .arrayType26

===========================================================================================
----------------- testing Mon Feb 17 23:41:22 UTC 2020 /home/travis/build/icyphy/ptII/ptolemy/actor/lib/test/auto/arrayType27.xml
----------------- Instantiating /home/travis/build/icyphy/ptII/ptolemy/actor/lib/test/auto/arrayType27.xml
2 ms. Memory: 268288K Free: 154710K (58%)
----------------- Invoking toplevel() on ptolemy.moml.MoMLSimpleApplication@279703aa
----------------- Done invoking toplevel() on ptolemy.moml.MoMLSimpleApplication@279703aa
reloadAllAccessors: .arrayType27

===========================================================================================
----------------- testing Mon Feb 17 23:41:22 UTC 2020 /home/travis/build/icyphy/ptII/ptolemy/actor/lib/test/auto/arrayType28.xml
----------------- Instantiating /home/travis/build/icyphy/ptII/ptolemy/actor/lib/test/auto/arrayType28.xml
2 ms. Memory: 268288K Free: 149080K (56%)
----------------- Invoking toplevel() on ptolemy.moml.MoMLSimpleApplication@6070bebe
----------------- Done invoking toplevel() on ptolemy.moml.MoMLSimpleApplication@6070bebe
reloadAllAccessors: .arrayType28

===========================================================================================
----------------- testing Mon Feb 17 23:41:22 UTC 2020 /home/travis/build/icyphy/ptII/ptolemy/actor/lib/test/auto/arrayType3.xml
----------------- Instantiating /home/travis/build/icyphy/ptII/ptolemy/actor/lib/test/auto/arrayType3.xml
5 ms. Memory: 268288K Free: 144470K (54%)
----------------- Invoking toplevel() on ptolemy.moml.MoMLSimpleApplication@721f42c4
----------------- Done invoking toplevel() on ptolemy.moml.MoMLSimpleApplication@721f42c4
reloadAllAccessors: .arrayType3

===========================================================================================
----------------- testing Mon Feb 17 23:41:22 UTC 2020 /home/travis/build/icyphy/ptII/ptolemy/actor/lib/test/auto/arrayType4.xml
----------------- Instantiating /home/travis/build/icyphy/ptII/ptolemy/actor/lib/test/auto/arrayType4.xml
2 ms. Memory: 268288K Free: 139350K (52%)
----------------- Invoking toplevel() on ptolemy.moml.MoMLSimpleApplication@4836575d
----------------- Done invoking toplevel() on ptolemy.moml.MoMLSimpleApplication@4836575d
reloadAllAccessors: .arrayType4

===========================================================================================
----------------- testing Mon Feb 17 23:41:22 UTC 2020 /home/travis/build/icyphy/ptII/ptolemy/actor/lib/test/auto/arrayType5.xml
----------------- Instantiating /home/travis/build/icyphy/ptII/ptolemy/actor/lib/test/auto/arrayType5.xml
1 ms. Memory: 268288K Free: 133720K (50%)
----------------- Invoking toplevel() on ptolemy.moml.MoMLSimpleApplication@6d53da63
----------------- Done invoking toplevel() on ptolemy.moml.MoMLSimpleApplication@6d53da63
reloadAllAccessors: .arrayType5

===========================================================================================
----------------- testing Mon Feb 17 23:41:22 UTC 2020 /home/travis/build/icyphy/ptII/ptolemy/actor/lib/test/auto/arrayType6.xml
----------------- Instantiating /home/travis/build/icyphy/ptII/ptolemy/actor/lib/test/auto/arrayType6.xml
1 ms. Memory: 268288K Free: 129110K (48%)
----------------- Invoking toplevel() on ptolemy.moml.MoMLSimpleApplication@e8b8d4d
----------------- Done invoking toplevel() on ptolemy.moml.MoMLSimpleApplication@e8b8d4d
reloadAllAccessors: .arrayType6

===========================================================================================
----------------- testing Mon Feb 17 23:41:22 UTC 2020 /home/travis/build/icyphy/ptII/ptolemy/actor/lib/test/auto/arrayType7.xml
----------------- Instantiating /home/travis/build/icyphy/ptII/ptolemy/actor/lib/test/auto/arrayType7.xml
5 ms. Memory: 268288K Free: 123990K (46%)
----------------- Invoking toplevel() on ptolemy.moml.MoMLSimpleApplication@701bb1e5
----------------- Done invoking toplevel() on ptolemy.moml.MoMLSimpleApplication@701bb1e5
reloadAllAccessors: .arrayType7

===========================================================================================
----------------- testing Mon Feb 17 23:41:22 UTC 2020 /home/travis/build/icyphy/ptII/ptolemy/actor/lib/test/auto/arrayType8.xml
----------------- Instantiating /home/travis/build/icyphy/ptII/ptolemy/actor/lib/test/auto/arrayType8.xml
1 ms. Memory: 268288K Free: 119384K (44%)
----------------- Invoking toplevel() on ptolemy.moml.MoMLSimpleApplication@134d05f9
----------------- Done invoking toplevel() on ptolemy.moml.MoMLSimpleApplication@134d05f9
reloadAllAccessors: .arrayType8

===========================================================================================
----------------- testing Mon Feb 17 23:41:22 UTC 2020 /home/travis/build/icyphy/ptII/ptolemy/actor/lib/test/auto/arrayType9.xml
----------------- Instantiating /home/travis/build/icyphy/ptII/ptolemy/actor/lib/test/auto/arrayType9.xml
1 ms. Memory: 268288K Free: 114774K (43%)
----------------- Invoking toplevel() on ptolemy.moml.MoMLSimpleApplication@7ecbb54b
----------------- Done invoking toplevel() on ptolemy.moml.MoMLSimpleApplication@7ecbb54b
reloadAllAccessors: .arrayType9

===========================================================================================
----------------- testing Mon Feb 17 23:41:22 UTC 2020 /home/travis/build/icyphy/ptII/ptolemy/actor/lib/test/auto/cast.xml
----------------- Instantiating /home/travis/build/icyphy/ptII/ptolemy/actor/lib/test/auto/cast.xml
2 ms. Memory: 268288K Free: 109654K (41%)
----------------- Invoking toplevel() on ptolemy.moml.MoMLSimpleApplication@268bbaff
----------------- Done invoking toplevel() on ptolemy.moml.MoMLSimpleApplication@268bbaff
reloadAllAccessors: .cast

===========================================================================================
----------------- testing Mon Feb 17 23:41:22 UTC 2020 /home/travis/build/icyphy/ptII/ptolemy/actor/lib/test/auto/compositeMultiPort.xml
----------------- Instantiating /home/travis/build/icyphy/ptII/ptolemy/actor/lib/test/auto/compositeMultiPort.xml
3 ms. Memory: 268288K Free: 100952K (38%)
----------------- Invoking toplevel() on ptolemy.moml.MoMLSimpleApplication@50242a65
----------------- Done invoking toplevel() on ptolemy.moml.MoMLSimpleApplication@50242a65
reloadAllAccessors: .compositeMultiPort

===========================================================================================
----------------- testing Mon Feb 17 23:41:22 UTC 2020 /home/travis/build/icyphy/ptII/ptolemy/actor/lib/test/auto/expressionCastInference.xml
----------------- Instantiating /home/travis/build/icyphy/ptII/ptolemy/actor/lib/test/auto/expressionCastInference.xml
2 ms. Memory: 268288K Free: 95832K (36%)
----------------- Invoking toplevel() on ptolemy.moml.MoMLSimpleApplication@1f75f37f
----------------- Done invoking toplevel() on ptolemy.moml.MoMLSimpleApplication@1f75f37f
reloadAllAccessors: .expressionCastInference

===========================================================================================
----------------- testing Mon Feb 17 23:41:22 UTC 2020 /home/travis/build/icyphy/ptII/ptolemy/actor/lib/test/auto/expressionCastInference2.xml
----------------- Instantiating /home/travis/build/icyphy/ptII/ptolemy/actor/lib/test/auto/expressionCastInference2.xml
2 ms. Memory: 268288K Free: 91222K (34%)
----------------- Invoking toplevel() on ptolemy.moml.MoMLSimpleApplication@529c74a4
----------------- Done invoking toplevel() on ptolemy.moml.MoMLSimpleApplication@529c74a4
reloadAllAccessors: .expressionCastInference2

===========================================================================================
----------------- testing Mon Feb 17 23:41:22 UTC 2020 /home/travis/build/icyphy/ptII/ptolemy/actor/lib/test/auto/expressionInference.xml
----------------- Instantiating /home/travis/build/icyphy/ptII/ptolemy/actor/lib/test/auto/expressionInference.xml
1 ms. Memory: 268288K Free: 87126K (32%)
----------------- Invoking toplevel() on ptolemy.moml.MoMLSimpleApplication@43a90af8
----------------- Done invoking toplevel() on ptolemy.moml.MoMLSimpleApplication@43a90af8
reloadAllAccessors: .expressionInference

===========================================================================================
----------------- testing Mon Feb 17 23:41:22 UTC 2020 /home/travis/build/icyphy/ptII/ptolemy/actor/lib/test/auto/expression_bug.xml
----------------- Instantiating /home/travis/build/icyphy/ptII/ptolemy/actor/lib/test/auto/expression_bug.xml
1 ms. Memory: 268288K Free: 82520K (31%)
----------------- Invoking toplevel() on ptolemy.moml.MoMLSimpleApplication@116e3492
----------------- Done invoking toplevel() on ptolemy.moml.MoMLSimpleApplication@116e3492
reloadAllAccessors: .expression_bug

===========================================================================================
----------------- testing Mon Feb 17 23:41:22 UTC 2020 /home/travis/build/icyphy/ptII/ptolemy/actor/lib/test/auto/factorial.xml
----------------- Instantiating /home/travis/build/icyphy/ptII/ptolemy/actor/lib/test/auto/factorial.xml
48 ms. Memory: 268288K Free: 74328K (28%)
----------------- Invoking toplevel() on ptolemy.moml.MoMLSimpleApplication@64faf6b0
----------------- Done invoking toplevel() on ptolemy.moml.MoMLSimpleApplication@64faf6b0
reloadAllAccessors: .factorial

===========================================================================================
----------------- testing Mon Feb 17 23:41:22 UTC 2020 /home/travis/build/icyphy/ptII/ptolemy/actor/lib/test/auto/filterTest1.xml
----------------- Instantiating /home/travis/build/icyphy/ptII/ptolemy/actor/lib/test/auto/filterTest1.xml
3 ms. Memory: 268288K Free: 68184K (25%)
----------------- Invoking toplevel() on ptolemy.moml.MoMLSimpleApplication@c0e2e4c
----------------- Done invoking toplevel() on ptolemy.moml.MoMLSimpleApplication@c0e2e4c
reloadAllAccessors: .filterTest1

===========================================================================================
----------------- testing Mon Feb 17 23:41:22 UTC 2020 /home/travis/build/icyphy/ptII/ptolemy/actor/lib/test/auto/funcApplyInConst.xml
----------------- Instantiating /home/travis/build/icyphy/ptII/ptolemy/actor/lib/test/auto/funcApplyInConst.xml
1 ms. Memory: 268288K Free: 64598K (24%)
----------------- Invoking toplevel() on ptolemy.moml.MoMLSimpleApplication@4e68b267
----------------- Done invoking toplevel() on ptolemy.moml.MoMLSimpleApplication@4e68b267
reloadAllAccessors: .funcApplyInConst

===========================================================================================
----------------- testing Mon Feb 17 23:41:22 UTC 2020 /home/travis/build/icyphy/ptII/ptolemy/actor/lib/test/auto/funcApplyInExpr.xml
----------------- Instantiating /home/travis/build/icyphy/ptII/ptolemy/actor/lib/test/auto/funcApplyInExpr.xml
1 ms. Memory: 268288K Free: 60502K (23%)
----------------- Invoking toplevel() on ptolemy.moml.MoMLSimpleApplication@439ba457
----------------- Done invoking toplevel() on ptolemy.moml.MoMLSimpleApplication@439ba457
reloadAllAccessors: .funcApplyInExpr

===========================================================================================
----------------- testing Mon Feb 17 23:41:22 UTC 2020 /home/travis/build/icyphy/ptII/ptolemy/actor/lib/test/auto/function.xml
----------------- Instantiating /home/travis/build/icyphy/ptII/ptolemy/actor/lib/test/auto/function.xml
2 ms. Memory: 268288K Free: 212031K (79%)
----------------- Invoking toplevel() on ptolemy.moml.MoMLSimpleApplication@1ee18ea8
----------------- Done invoking toplevel() on ptolemy.moml.MoMLSimpleApplication@1ee18ea8
reloadAllAccessors: .function

===========================================================================================
----------------- testing Mon Feb 17 23:41:22 UTC 2020 /home/travis/build/icyphy/ptII/ptolemy/actor/lib/test/auto/function2.xml
----------------- Instantiating /home/travis/build/icyphy/ptII/ptolemy/actor/lib/test/auto/function2.xml
3 ms. Memory: 268288K Free: 206911K (77%)
----------------- Invoking toplevel() on ptolemy.moml.MoMLSimpleApplication@342d9943
----------------- Done invoking toplevel() on ptolemy.moml.MoMLSimpleApplication@342d9943
reloadAllAccessors: .function2

===========================================================================================
----------------- testing Mon Feb 17 23:41:22 UTC 2020 /home/travis/build/icyphy/ptII/ptolemy/actor/lib/test/auto/function3.xml
----------------- Instantiating /home/travis/build/icyphy/ptII/ptolemy/actor/lib/test/auto/function3.xml
1 ms. Memory: 268288K Free: 203325K (76%)
----------------- Invoking toplevel() on ptolemy.moml.MoMLSimpleApplication@640ae80
----------------- Done invoking toplevel() on ptolemy.moml.MoMLSimpleApplication@640ae80
reloadAllAccessors: .function3

===========================================================================================
----------------- testing Mon Feb 17 23:41:22 UTC 2020 /home/travis/build/icyphy/ptII/ptolemy/actor/lib/test/auto/functionClosureTest1.xml
----------------- Instantiating /home/travis/build/icyphy/ptII/ptolemy/actor/lib/test/auto/functionClosureTest1.xml
2 ms. Memory: 268288K Free: 197151K (73%)
----------------- Invoking toplevel() on ptolemy.moml.MoMLSimpleApplication@68a033ca
----------------- Done invoking toplevel() on ptolemy.moml.MoMLSimpleApplication@68a033ca
reloadAllAccessors: .functionClosureTest1

===========================================================================================
----------------- testing Mon Feb 17 23:41:22 UTC 2020 /home/travis/build/icyphy/ptII/ptolemy/actor/lib/test/auto/functionClosureTest2.xml
----------------- Instantiating /home/travis/build/icyphy/ptII/ptolemy/actor/lib/test/auto/functionClosureTest2.xml
2 ms. Memory: 268288K Free: 193599K (72%)
----------------- Invoking toplevel() on ptolemy.moml.MoMLSimpleApplication@3ba5872c
----------------- Done invoking toplevel() on ptolemy.moml.MoMLSimpleApplication@3ba5872c
reloadAllAccessors: .functionClosureTest2

===========================================================================================
----------------- testing Mon Feb 17 23:41:22 UTC 2020 /home/travis/build/icyphy/ptII/ptolemy/actor/lib/test/auto/functionClosureTest3.xml
----------------- Instantiating /home/travis/build/icyphy/ptII/ptolemy/actor/lib/test/auto/functionClosureTest3.xml
4 ms. Memory: 268288K Free: 187935K (70%)
----------------- Invoking toplevel() on ptolemy.moml.MoMLSimpleApplication@467332c5
----------------- Done invoking toplevel() on ptolemy.moml.MoMLSimpleApplication@467332c5
reloadAllAccessors: .functionClosureTest3

===========================================================================================
----------------- testing Mon Feb 17 23:41:22 UTC 2020 /home/travis/build/icyphy/ptII/ptolemy/actor/lib/test/auto/functionClosureTest4.xml
----------------- Instantiating /home/travis/build/icyphy/ptII/ptolemy/actor/lib/test/auto/functionClosureTest4.xml
4 ms. Memory: 268288K Free: 181821K (68%)
----------------- Invoking toplevel() on ptolemy.moml.MoMLSimpleApplication@398b9499
----------------- Done invoking toplevel() on ptolemy.moml.MoMLSimpleApplication@398b9499
reloadAllAccessors: .functionClosureTest4

===========================================================================================
----------------- testing Mon Feb 17 23:41:22 UTC 2020 /home/travis/build/icyphy/ptII/ptolemy/actor/lib/test/auto/functionClosureTest5.xml
----------------- Instantiating /home/travis/build/icyphy/ptII/ptolemy/actor/lib/test/auto/functionClosureTest5.xml
5 ms. Memory: 268288K Free: 176191K (66%)
----------------- Invoking toplevel() on ptolemy.moml.MoMLSimpleApplication@55ed0686
----------------- Done invoking toplevel() on ptolemy.moml.MoMLSimpleApplication@55ed0686
reloadAllAccessors: .functionClosureTest5

===========================================================================================
----------------- testing Mon Feb 17 23:41:22 UTC 2020 /home/travis/build/icyphy/ptII/ptolemy/actor/lib/test/auto/functionClosureTest6.xml
----------------- Instantiating /home/travis/build/icyphy/ptII/ptolemy/actor/lib/test/auto/functionClosureTest6.xml
2 ms. Memory: 268288K Free: 171581K (64%)
----------------- Invoking toplevel() on ptolemy.moml.MoMLSimpleApplication@3d3fe10e
----------------- Done invoking toplevel() on ptolemy.moml.MoMLSimpleApplication@3d3fe10e
reloadAllAccessors: .functionClosureTest6

===========================================================================================
----------------- testing Mon Feb 17 23:41:22 UTC 2020 /home/travis/build/icyphy/ptII/ptolemy/actor/lib/test/auto/functionsOnArcs.xml
----------------- Instantiating /home/travis/build/icyphy/ptII/ptolemy/actor/lib/test/auto/functionsOnArcs.xml
2 ms. Memory: 268288K Free: 165951K (62%)
----------------- Invoking toplevel() on ptolemy.moml.MoMLSimpleApplication@639f5d44
----------------- Done invoking toplevel() on ptolemy.moml.MoMLSimpleApplication@639f5d44
reloadAllAccessors: .functionsOnArcs

===========================================================================================
----------------- testing Mon Feb 17 23:41:22 UTC 2020 /home/travis/build/icyphy/ptII/ptolemy/actor/lib/test/auto/functionsOnArcsHOF.xml
----------------- Instantiating /home/travis/build/icyphy/ptII/ptolemy/actor/lib/test/auto/functionsOnArcsHOF.xml
3 ms. Memory: 268288K Free: 160317K (60%)
----------------- Invoking toplevel() on ptolemy.moml.MoMLSimpleApplication@2ffcc3b1
----------------- Done invoking toplevel() on ptolemy.moml.MoMLSimpleApplication@2ffcc3b1
reloadAllAccessors: .functionsOnArcsHOF

===========================================================================================
----------------- testing Mon Feb 17 23:41:22 UTC 2020 /home/travis/build/icyphy/ptII/ptolemy/actor/lib/test/auto/logic.xml
----------------- Instantiating /home/travis/build/icyphy/ptII/ptolemy/actor/lib/test/auto/logic.xml
1 ms. Memory: 268288K Free: 152639K (57%)
----------------- Invoking toplevel() on ptolemy.moml.MoMLSimpleApplication@7bd138ad
----------------- Done invoking toplevel() on ptolemy.moml.MoMLSimpleApplication@7bd138ad
reloadAllAccessors: .logic

===========================================================================================
----------------- testing Mon Feb 17 23:41:22 UTC 2020 /home/travis/build/icyphy/ptII/ptolemy/actor/lib/test/auto/matrixType.xml
----------------- Instantiating /home/travis/build/icyphy/ptII/ptolemy/actor/lib/test/auto/matrixType.xml
1 ms. Memory: 268288K Free: 148029K (55%)
----------------- Invoking toplevel() on ptolemy.moml.MoMLSimpleApplication@7f988f80
----------------- Done invoking toplevel() on ptolemy.moml.MoMLSimpleApplication@7f988f80
reloadAllAccessors: .matrixType

===========================================================================================
----------------- testing Mon Feb 17 23:41:22 UTC 2020 /home/travis/build/icyphy/ptII/ptolemy/actor/lib/test/auto/matrixType10.xml
----------------- Instantiating /home/travis/build/icyphy/ptII/ptolemy/actor/lib/test/auto/matrixType10.xml
2 ms. Memory: 268288K Free: 142909K (53%)
----------------- Invoking toplevel() on ptolemy.moml.MoMLSimpleApplication@1c58cbf3
----------------- Done invoking toplevel() on ptolemy.moml.MoMLSimpleApplication@1c58cbf3
reloadAllAccessors: .matrixType10

===========================================================================================
----------------- testing Mon Feb 17 23:41:22 UTC 2020 /home/travis/build/icyphy/ptII/ptolemy/actor/lib/test/auto/matrixType11.xml
----------------- Instantiating /home/travis/build/icyphy/ptII/ptolemy/actor/lib/test/auto/matrixType11.xml
1 ms. Memory: 268288K Free: 138303K (52%)
----------------- Invoking toplevel() on ptolemy.moml.MoMLSimpleApplication@719a7117
----------------- Done invoking toplevel() on ptolemy.moml.MoMLSimpleApplication@719a7117
reloadAllAccessors: .matrixType11

===========================================================================================
----------------- testing Mon Feb 17 23:41:22 UTC 2020 /home/travis/build/icyphy/ptII/ptolemy/actor/lib/test/auto/matrixType12.xml
----------------- Instantiating /home/travis/build/icyphy/ptII/ptolemy/actor/lib/test/auto/matrixType12.xml
1 ms. Memory: 268288K Free: 133693K (50%)
----------------- Invoking toplevel() on ptolemy.moml.MoMLSimpleApplication@504d4083
----------------- Done invoking toplevel() on ptolemy.moml.MoMLSimpleApplication@504d4083
reloadAllAccessors: .matrixType12

===========================================================================================
----------------- testing Mon Feb 17 23:41:22 UTC 2020 /home/travis/build/icyphy/ptII/ptolemy/actor/lib/test/auto/matrixType13.xml
----------------- Instantiating /home/travis/build/icyphy/ptII/ptolemy/actor/lib/test/auto/matrixType13.xml
1 ms. Memory: 268288K Free: 128573K (48%)
----------------- Invoking toplevel() on ptolemy.moml.MoMLSimpleApplication@3b34cb11
----------------- Done invoking toplevel() on ptolemy.moml.MoMLSimpleApplication@3b34cb11
reloadAllAccessors: .matrixType13

===========================================================================================
----------------- testing Mon Feb 17 23:41:22 UTC 2020 /home/travis/build/icyphy/ptII/ptolemy/actor/lib/test/auto/matrixType14.xml
----------------- Instantiating /home/travis/build/icyphy/ptII/ptolemy/actor/lib/test/auto/matrixType14.xml
1 ms. Memory: 268288K Free: 123967K (46%)
----------------- Invoking toplevel() on ptolemy.moml.MoMLSimpleApplication@212c40a5
----------------- Done invoking toplevel() on ptolemy.moml.MoMLSimpleApplication@212c40a5
reloadAllAccessors: .matrixType14

===========================================================================================
----------------- testing Mon Feb 17 23:41:22 UTC 2020 /home/travis/build/icyphy/ptII/ptolemy/actor/lib/test/auto/matrixType2.xml
----------------- Instantiating /home/travis/build/icyphy/ptII/ptolemy/actor/lib/test/auto/matrixType2.xml
1 ms. Memory: 268288K Free: 118847K (44%)
----------------- Invoking toplevel() on ptolemy.moml.MoMLSimpleApplication@dce342
----------------- Done invoking toplevel() on ptolemy.moml.MoMLSimpleApplication@dce342
reloadAllAccessors: .matrixType2

===========================================================================================
----------------- testing Mon Feb 17 23:41:22 UTC 2020 /home/travis/build/icyphy/ptII/ptolemy/actor/lib/test/auto/matrixType3.xml
----------------- Instantiating /home/travis/build/icyphy/ptII/ptolemy/actor/lib/test/auto/matrixType3.xml
3 ms. Memory: 268288K Free: 114237K (43%)
----------------- Invoking toplevel() on ptolemy.moml.MoMLSimpleApplication@643a8f9
----------------- Done invoking toplevel() on ptolemy.moml.MoMLSimpleApplication@643a8f9
reloadAllAccessors: .matrixType3

===========================================================================================
----------------- testing Mon Feb 17 23:41:22 UTC 2020 /home/travis/build/icyphy/ptII/ptolemy/actor/lib/test/auto/matrixType4.xml
----------------- Instantiating /home/travis/build/icyphy/ptII/ptolemy/actor/lib/test/auto/matrixType4.xml
1 ms. Memory: 268288K Free: 109117K (41%)
----------------- Invoking toplevel() on ptolemy.moml.MoMLSimpleApplication@3e72752d
----------------- Done invoking toplevel() on ptolemy.moml.MoMLSimpleApplication@3e72752d
reloadAllAccessors: .matrixType4

===========================================================================================
----------------- testing Mon Feb 17 23:41:22 UTC 2020 /home/travis/build/icyphy/ptII/ptolemy/actor/lib/test/auto/matrixType5.xml
----------------- Instantiating /home/travis/build/icyphy/ptII/ptolemy/actor/lib/test/auto/matrixType5.xml
1 ms. Memory: 268288K Free: 104511K (39%)
----------------- Invoking toplevel() on ptolemy.moml.MoMLSimpleApplication@63c1e07a
----------------- Done invoking toplevel() on ptolemy.moml.MoMLSimpleApplication@63c1e07a
reloadAllAccessors: .matrixType5

===========================================================================================
----------------- testing Mon Feb 17 23:41:22 UTC 2020 /home/travis/build/icyphy/ptII/ptolemy/actor/lib/test/auto/matrixType6.xml
----------------- Instantiating /home/travis/build/icyphy/ptII/ptolemy/actor/lib/test/auto/matrixType6.xml
1 ms. Memory: 268288K Free: 99391K (37%)
----------------- Invoking toplevel() on ptolemy.moml.MoMLSimpleApplication@2ff0fc98
----------------- Done invoking toplevel() on ptolemy.moml.MoMLSimpleApplication@2ff0fc98
reloadAllAccessors: .matrixType6

===========================================================================================
----------------- testing Mon Feb 17 23:41:22 UTC 2020 /home/travis/build/icyphy/ptII/ptolemy/actor/lib/test/auto/matrixType7.xml
----------------- Instantiating /home/travis/build/icyphy/ptII/ptolemy/actor/lib/test/auto/matrixType7.xml
1 ms. Memory: 268288K Free: 94781K (35%)
----------------- Invoking toplevel() on ptolemy.moml.MoMLSimpleApplication@53cc8053
----------------- Done invoking toplevel() on ptolemy.moml.MoMLSimpleApplication@53cc8053
reloadAllAccessors: .matrixType7

===========================================================================================
----------------- testing Mon Feb 17 23:41:22 UTC 2020 /home/travis/build/icyphy/ptII/ptolemy/actor/lib/test/auto/matrixType8.xml
----------------- Instantiating /home/travis/build/icyphy/ptII/ptolemy/actor/lib/test/auto/matrixType8.xml
2 ms. Memory: 268288K Free: 89661K (33%)
----------------- Invoking toplevel() on ptolemy.moml.MoMLSimpleApplication@2211bd86
----------------- Done invoking toplevel() on ptolemy.moml.MoMLSimpleApplication@2211bd86
reloadAllAccessors: .matrixType8

===========================================================================================
----------------- testing Mon Feb 17 23:41:22 UTC 2020 /home/travis/build/icyphy/ptII/ptolemy/actor/lib/test/auto/matrixType9.xml
----------------- Instantiating /home/travis/build/icyphy/ptII/ptolemy/actor/lib/test/auto/matrixType9.xml
1 ms. Memory: 268288K Free: 85055K (32%)
----------------- Invoking toplevel() on ptolemy.moml.MoMLSimpleApplication@54ece2c1
----------------- Done invoking toplevel() on ptolemy.moml.MoMLSimpleApplication@54ece2c1
reloadAllAccessors: .matrixType9

===========================================================================================
----------------- testing Mon Feb 17 23:41:22 UTC 2020 /home/travis/build/icyphy/ptII/ptolemy/actor/lib/test/auto/paraFunctest.xml
----------------- Instantiating /home/travis/build/icyphy/ptII/ptolemy/actor/lib/test/auto/paraFunctest.xml
2 ms. Memory: 268288K Free: 80445K (30%)
----------------- Invoking toplevel() on ptolemy.moml.MoMLSimpleApplication@71d109d3
----------------- Done invoking toplevel() on ptolemy.moml.MoMLSimpleApplication@71d109d3
reloadAllAccessors: .paraFunctest

===========================================================================================
----------------- testing Mon Feb 17 23:41:22 UTC 2020 /home/travis/build/icyphy/ptII/ptolemy/actor/lib/test/auto/paraFunctest2.xml
----------------- Instantiating /home/travis/build/icyphy/ptII/ptolemy/actor/lib/test/auto/paraFunctest2.xml
1 ms. Memory: 268288K Free: 76349K (28%)
----------------- Invoking toplevel() on ptolemy.moml.MoMLSimpleApplication@67922553
----------------- Done invoking toplevel() on ptolemy.moml.MoMLSimpleApplication@67922553
reloadAllAccessors: .paraFunctest2

===========================================================================================
----------------- testing Mon Feb 17 23:41:22 UTC 2020 /home/travis/build/icyphy/ptII/ptolemy/actor/lib/test/auto/parameterPassing.xml
----------------- Instantiating /home/travis/build/icyphy/ptII/ptolemy/actor/lib/test/auto/parameterPassing.xml
1 ms. Memory: 268288K Free: 71743K (27%)
----------------- Invoking toplevel() on ptolemy.moml.MoMLSimpleApplication@2e01b912
----------------- Done invoking toplevel() on ptolemy.moml.MoMLSimpleApplication@2e01b912
reloadAllAccessors: .parameterPassing

===========================================================================================
----------------- testing Mon Feb 17 23:41:22 UTC 2020 /home/travis/build/icyphy/ptII/ptolemy/actor/lib/test/auto/record.xml
----------------- Instantiating /home/travis/build/icyphy/ptII/ptolemy/actor/lib/test/auto/record.xml
2 ms. Memory: 268288K Free: 67133K (25%)
----------------- Invoking toplevel() on ptolemy.moml.MoMLSimpleApplication@3bec467a
----------------- Done invoking toplevel() on ptolemy.moml.MoMLSimpleApplication@3bec467a
reloadAllAccessors: .record

===========================================================================================
----------------- testing Mon Feb 17 23:41:23 UTC 2020 /home/travis/build/icyphy/ptII/ptolemy/actor/lib/test/auto/sizedarray1.xml
----------------- Instantiating /home/travis/build/icyphy/ptII/ptolemy/actor/lib/test/auto/sizedarray1.xml
2 ms. Memory: 268288K Free: 61503K (23%)
----------------- Invoking toplevel() on ptolemy.moml.MoMLSimpleApplication@1178d174
----------------- Done invoking toplevel() on ptolemy.moml.MoMLSimpleApplication@1178d174
reloadAllAccessors: .sizedarray1

===========================================================================================
----------------- testing Mon Feb 17 23:41:23 UTC 2020 /home/travis/build/icyphy/ptII/ptolemy/actor/lib/test/auto/sizedarray2.xml
----------------- Instantiating /home/travis/build/icyphy/ptII/ptolemy/actor/lib/test/auto/sizedarray2.xml
10 ms. Memory: 268288K Free: 213264K (79%)
----------------- Invoking toplevel() on ptolemy.moml.MoMLSimpleApplication@2b2d850c
----------------- Done invoking toplevel() on ptolemy.moml.MoMLSimpleApplication@2b2d850c
reloadAllAccessors: .sizedarray2

===========================================================================================
----------------- testing Mon Feb 17 23:41:23 UTC 2020 /home/travis/build/icyphy/ptII/ptolemy/actor/lib/test/auto/twoPublishers.xml
----------------- Instantiating /home/travis/build/icyphy/ptII/ptolemy/actor/lib/test/auto/twoPublishers.xml
6 ms. Memory: 268288K Free: 202000K (75%)
----------------- Invoking toplevel() on ptolemy.moml.MoMLSimpleApplication@7cf23781
----------------- Done invoking toplevel() on ptolemy.moml.MoMLSimpleApplication@7cf23781
reloadAllAccessors: .twoPublishers
AutoTests.java: About to close Vertx.
AutoTests.java: Vertx closed.
]]></system-out>
  <system-err><![CDATA[java.lang.RuntimeException: Execution failed
	at ptolemy.moml.MoMLSimpleApplication$UnloadThread.run(MoMLSimpleApplication.java:402)
Caused by: java.lang.RuntimeException: StringUtilities.exit() was called. Normally, we would exit here because Manager.exitAfterWrapup() was called.  However, because the ptolemy.ptII.exitAfterWrapup property is set, we throw this exception instead.
	at ptolemy.util.StringUtilities.exit(StringUtilities.java:365)
	at ptolemy.actor.Manager.wrapup(Manager.java:1549)
	at ptolemy.actor.Manager.execute(Manager.java:407)
	at ptolemy.actor.Manager.run(Manager.java:1263)
	at ptolemy.actor.Manager$PtolemyRunThread.run(Manager.java:1933)
Warning: '.top.test' is in training mode, set the trainingMode parameter to false before checking in
Warning: '.top.test' is in training mode, set the trainingMode parameter to false before checking in
Warning: '.top.test' is in training mode, set the trainingMode parameter to false before checking in
Warning: '.BooleanSwitch_RegressionTest_WrongTrainingValues.Test' is in training mode, set the trainingMode parameter to false before checking in
Warning: '.BooleanSwitch_RegressionTest_WrongTrainingValues.Test2' is in training mode, set the trainingMode parameter to false before checking in
Warning: '.BooleanSwitch_RegressionTest_WrongTrainingValues.Test2' The test produced 0 tokens.
Warning: '.top.testExceptionHandler' is in training mode, set the trainingMode parameter to false before checking in
java.lang.RuntimeException: Execution failed
	at ptolemy.moml.MoMLSimpleApplication$UnloadThread.run(MoMLSimpleApplication.java:402)
Caused by: ptolemy.kernel.util.IllegalActionException: PublisherPorts cannot be used at the top level, use a Publisher actor instead.
  in .PublisherPortToplevelSubscriber.PublisherPort
	at ptolemy.actor.PublisherPort.preinitialize(PublisherPort.java:403)
	at ptolemy.actor.CompositeActor.preinitialize(CompositeActor.java:1769)
	at ptolemy.actor.Manager.preinitializeAndResolveTypes(Manager.java:1040)
	at ptolemy.actor.Manager.initialize(Manager.java:710)
	at ptolemy.actor.Manager.execute(Manager.java:356)
	at ptolemy.actor.Manager.run(Manager.java:1263)
	at ptolemy.actor.Manager$PtolemyRunThread.run(Manager.java:1933)
java.lang.reflect.InvocationTargetException
	at java.base/jdk.internal.reflect.NativeConstructorAccessorImpl.newInstance0(Native Method)
	at java.base/jdk.internal.reflect.NativeConstructorAccessorImpl.newInstance(NativeConstructorAccessorImpl.java:62)
	at java.base/jdk.internal.reflect.DelegatingConstructorAccessorImpl.newInstance(DelegatingConstructorAccessorImpl.java:45)
	at java.base/java.lang.reflect.Constructor.newInstance(Constructor.java:490)
	at ptolemy.util.test.junit.AutoKnownFailedTests.RunModel(AutoKnownFailedTests.java:105)
	at java.base/jdk.internal.reflect.NativeMethodAccessorImpl.invoke0(Native Method)
	at java.base/jdk.internal.reflect.NativeMethodAccessorImpl.invoke(NativeMethodAccessorImpl.java:62)
	at java.base/jdk.internal.reflect.DelegatingMethodAccessorImpl.invoke(DelegatingMethodAccessorImpl.java:43)
	at java.base/java.lang.reflect.Method.invoke(Method.java:566)
	at org.junit.runners.model.FrameworkMethod$1.runReflectiveCall(FrameworkMethod.java:44)
	at org.junit.internal.runners.model.ReflectiveCallable.run(ReflectiveCallable.java:15)
	at org.junit.runners.model.FrameworkMethod.invokeExplosively(FrameworkMethod.java:41)
	at junitparams.internal.InvokeParameterisedMethod.evaluate(InvokeParameterisedMethod.java:102)
	at org.junit.internal.runners.statements.FailOnTimeout$1.run(FailOnTimeout.java:28)
Caused by: ptolemy.kernel.util.IllegalActionException: PublisherPorts cannot be used at the top level, use a Publisher actor instead.
  in .PublisherPortToplevelSubscriber.PublisherPort
	at ptolemy.actor.PublisherPort.preinitialize(PublisherPort.java:403)
	at ptolemy.actor.CompositeActor.preinitialize(CompositeActor.java:1769)
	at ptolemy.actor.Manager.preinitializeAndResolveTypes(Manager.java:1040)
	at ptolemy.actor.Manager.initialize(Manager.java:710)
	at ptolemy.actor.Manager.execute(Manager.java:356)
	at ptolemy.actor.Manager.run(Manager.java:1263)
	at ptolemy.actor.Manager$PtolemyRunThread.run(Manager.java:1933)
java.lang.RuntimeException: Execution failed
	at ptolemy.moml.MoMLSimpleApplication$UnloadThread.run(MoMLSimpleApplication.java:402)
Caused by: ptolemy.kernel.util.IllegalActionException: SubscriberPorts cannot be used at the top level, use a Subscriber actor instead.
  in .PublisherSubscriberPortToplevel.SubscriberPort
	at ptolemy.actor.SubscriberPort.preinitialize(SubscriberPort.java:328)
	at ptolemy.actor.CompositeActor.preinitialize(CompositeActor.java:1769)
	at ptolemy.actor.Manager.preinitializeAndResolveTypes(Manager.java:1040)
	at ptolemy.actor.Manager.initialize(Manager.java:710)
	at ptolemy.actor.Manager.execute(Manager.java:356)
	at ptolemy.actor.Manager.run(Manager.java:1263)
	at ptolemy.actor.Manager$PtolemyRunThread.run(Manager.java:1933)
java.lang.reflect.InvocationTargetException
	at java.base/jdk.internal.reflect.NativeConstructorAccessorImpl.newInstance0(Native Method)
	at java.base/jdk.internal.reflect.NativeConstructorAccessorImpl.newInstance(NativeConstructorAccessorImpl.java:62)
	at java.base/jdk.internal.reflect.DelegatingConstructorAccessorImpl.newInstance(DelegatingConstructorAccessorImpl.java:45)
	at java.base/java.lang.reflect.Constructor.newInstance(Constructor.java:490)
	at ptolemy.util.test.junit.AutoKnownFailedTests.RunModel(AutoKnownFailedTests.java:105)
	at java.base/jdk.internal.reflect.NativeMethodAccessorImpl.invoke0(Native Method)
	at java.base/jdk.internal.reflect.NativeMethodAccessorImpl.invoke(NativeMethodAccessorImpl.java:62)
	at java.base/jdk.internal.reflect.DelegatingMethodAccessorImpl.invoke(DelegatingMethodAccessorImpl.java:43)
	at java.base/java.lang.reflect.Method.invoke(Method.java:566)
	at org.junit.runners.model.FrameworkMethod$1.runReflectiveCall(FrameworkMethod.java:44)
	at org.junit.internal.runners.model.ReflectiveCallable.run(ReflectiveCallable.java:15)
	at org.junit.runners.model.FrameworkMethod.invokeExplosively(FrameworkMethod.java:41)
	at junitparams.internal.InvokeParameterisedMethod.evaluate(InvokeParameterisedMethod.java:102)
	at org.junit.internal.runners.statements.FailOnTimeout$1.run(FailOnTimeout.java:28)
Caused by: ptolemy.kernel.util.IllegalActionException: SubscriberPorts cannot be used at the top level, use a Subscriber actor instead.
  in .PublisherSubscriberPortToplevel.SubscriberPort
	at ptolemy.actor.SubscriberPort.preinitialize(SubscriberPort.java:328)
	at ptolemy.actor.CompositeActor.preinitialize(CompositeActor.java:1769)
	at ptolemy.actor.Manager.preinitializeAndResolveTypes(Manager.java:1040)
	at ptolemy.actor.Manager.initialize(Manager.java:710)
	at ptolemy.actor.Manager.execute(Manager.java:356)
	at ptolemy.actor.Manager.run(Manager.java:1263)
	at ptolemy.actor.Manager$PtolemyRunThread.run(Manager.java:1933)
java.lang.RuntimeException: Execution failed
	at ptolemy.moml.MoMLSimpleApplication$UnloadThread.run(MoMLSimpleApplication.java:402)
Caused by: ptolemy.kernel.util.IllegalActionException: SubscriptionAggregatorPorts cannot be used at the top level, use a SubscriptionAggregator actor instead.
  in .PublisherSubscriptionAggregatorPort.SubscriptionAggregatorPort
	at ptolemy.actor.SubscriptionAggregatorPort.preinitialize(SubscriptionAggregatorPort.java:353)
	at ptolemy.actor.CompositeActor.preinitialize(CompositeActor.java:1769)
	at ptolemy.actor.Manager.preinitializeAndResolveTypes(Manager.java:1040)
	at ptolemy.actor.Manager.initialize(Manager.java:710)
	at ptolemy.actor.Manager.execute(Manager.java:356)
	at ptolemy.actor.Manager.run(Manager.java:1263)
	at ptolemy.actor.Manager$PtolemyRunThread.run(Manager.java:1933)
java.lang.reflect.InvocationTargetException
	at java.base/jdk.internal.reflect.NativeConstructorAccessorImpl.newInstance0(Native Method)
	at java.base/jdk.internal.reflect.NativeConstructorAccessorImpl.newInstance(NativeConstructorAccessorImpl.java:62)
	at java.base/jdk.internal.reflect.DelegatingConstructorAccessorImpl.newInstance(DelegatingConstructorAccessorImpl.java:45)
	at java.base/java.lang.reflect.Constructor.newInstance(Constructor.java:490)
	at ptolemy.util.test.junit.AutoKnownFailedTests.RunModel(AutoKnownFailedTests.java:105)
	at java.base/jdk.internal.reflect.NativeMethodAccessorImpl.invoke0(Native Method)
	at java.base/jdk.internal.reflect.NativeMethodAccessorImpl.invoke(NativeMethodAccessorImpl.java:62)
	at java.base/jdk.internal.reflect.DelegatingMethodAccessorImpl.invoke(DelegatingMethodAccessorImpl.java:43)
	at java.base/java.lang.reflect.Method.invoke(Method.java:566)
	at org.junit.runners.model.FrameworkMethod$1.runReflectiveCall(FrameworkMethod.java:44)
	at org.junit.internal.runners.model.ReflectiveCallable.run(ReflectiveCallable.java:15)
	at org.junit.runners.model.FrameworkMethod.invokeExplosively(FrameworkMethod.java:41)
	at junitparams.internal.InvokeParameterisedMethod.evaluate(InvokeParameterisedMethod.java:102)
	at org.junit.internal.runners.statements.FailOnTimeout$1.run(FailOnTimeout.java:28)
Caused by: ptolemy.kernel.util.IllegalActionException: SubscriptionAggregatorPorts cannot be used at the top level, use a SubscriptionAggregator actor instead.
  in .PublisherSubscriptionAggregatorPort.SubscriptionAggregatorPort
	at ptolemy.actor.SubscriptionAggregatorPort.preinitialize(SubscriptionAggregatorPort.java:353)
	at ptolemy.actor.CompositeActor.preinitialize(CompositeActor.java:1769)
	at ptolemy.actor.Manager.preinitializeAndResolveTypes(Manager.java:1040)
	at ptolemy.actor.Manager.initialize(Manager.java:710)
	at ptolemy.actor.Manager.execute(Manager.java:356)
	at ptolemy.actor.Manager.run(Manager.java:1263)
	at ptolemy.actor.Manager$PtolemyRunThread.run(Manager.java:1933)
java.lang.RuntimeException: Execution failed
	at ptolemy.moml.MoMLSimpleApplication$UnloadThread.run(MoMLSimpleApplication.java:402)
Caused by: ptolemy.kernel.util.IllegalActionException: TypeTest actor has no training data.
  in .sizedarray3.TypeTest
	at ptolemy.actor.lib.TypeTest.initialize(TypeTest.java:250)
	at ptolemy.actor.Director.initialize(Director.java:938)
	at ptolemy.actor.Director.initialize(Director.java:907)
	at ptolemy.actor.sched.StaticSchedulingDirector.initialize(StaticSchedulingDirector.java:159)
	at ptolemy.domains.sdf.kernel.SDFDirector.initialize(SDFDirector.java:544)
	at ptolemy.actor.CompositeActor.initialize(CompositeActor.java:935)
	at ptolemy.actor.Manager.initialize(Manager.java:724)
	at ptolemy.actor.Manager.execute(Manager.java:356)
	at ptolemy.actor.Manager.run(Manager.java:1263)
	at ptolemy.actor.Manager$PtolemyRunThread.run(Manager.java:1933)
java.lang.reflect.InvocationTargetException
	at java.base/jdk.internal.reflect.NativeConstructorAccessorImpl.newInstance0(Native Method)
	at java.base/jdk.internal.reflect.NativeConstructorAccessorImpl.newInstance(NativeConstructorAccessorImpl.java:62)
	at java.base/jdk.internal.reflect.DelegatingConstructorAccessorImpl.newInstance(DelegatingConstructorAccessorImpl.java:45)
	at java.base/java.lang.reflect.Constructor.newInstance(Constructor.java:490)
	at ptolemy.util.test.junit.AutoKnownFailedTests.RunModel(AutoKnownFailedTests.java:105)
	at java.base/jdk.internal.reflect.NativeMethodAccessorImpl.invoke0(Native Method)
	at java.base/jdk.internal.reflect.NativeMethodAccessorImpl.invoke(NativeMethodAccessorImpl.java:62)
	at java.base/jdk.internal.reflect.DelegatingMethodAccessorImpl.invoke(DelegatingMethodAccessorImpl.java:43)
	at java.base/java.lang.reflect.Method.invoke(Method.java:566)
	at org.junit.runners.model.FrameworkMethod$1.runReflectiveCall(FrameworkMethod.java:44)
	at org.junit.internal.runners.model.ReflectiveCallable.run(ReflectiveCallable.java:15)
	at org.junit.runners.model.FrameworkMethod.invokeExplosively(FrameworkMethod.java:41)
	at junitparams.internal.InvokeParameterisedMethod.evaluate(InvokeParameterisedMethod.java:102)
	at org.junit.internal.runners.statements.FailOnTimeout$1.run(FailOnTimeout.java:28)
Caused by: ptolemy.kernel.util.IllegalActionException: TypeTest actor has no training data.
  in .sizedarray3.TypeTest
	at ptolemy.actor.lib.TypeTest.initialize(TypeTest.java:250)
	at ptolemy.actor.Director.initialize(Director.java:938)
	at ptolemy.actor.Director.initialize(Director.java:907)
	at ptolemy.actor.sched.StaticSchedulingDirector.initialize(StaticSchedulingDirector.java:159)
	at ptolemy.domains.sdf.kernel.SDFDirector.initialize(SDFDirector.java:544)
	at ptolemy.actor.CompositeActor.initialize(CompositeActor.java:935)
	at ptolemy.actor.Manager.initialize(Manager.java:724)
	at ptolemy.actor.Manager.execute(Manager.java:356)
	at ptolemy.actor.Manager.run(Manager.java:1263)
	at ptolemy.actor.Manager$PtolemyRunThread.run(Manager.java:1933)
]]></system-err>
</testsuite>
