<?xml version="1.0" encoding="UTF-8" ?>
<testsuite errors="0" failures="0" hostname="travis-job-b6f64b44-c17a-4a46-8d71-f75be986446a" name="ptolemy.domains.de.test.junit.JUnitTclTest" skipped="0" tests="101" time="126.884" timestamp="2019-05-28T04:27:05">
  <properties>
    <property name="npm.executable" value="npm" />
    <property name="file.encoding.pkg" value="sun.io" />
    <property name="env.TRAVIS_ROOT" value="/" />
    <property name="ptII.mk.exists" value="true" />
    <property name="env.TRAVIS_APP_HOST" value="build.travis-ci.org" />
    <property name="env.rvm_bin_path" value="/home/travis/.rvm/bin" />
    <property name="java.home" value="/usr/lib/jvm/java-8-oracle/jre" />
    <property name="env.TRAVIS_JOB_NUMBER" value="1147.9" />
    <property name="env.TRAVIS_HOME" value="/home/travis" />
    <property name="env.DISPLAY" value=":99.0" />
    <property name="java.net.preferIPv4Stack" value="true" />
    <property name="env.TRAVIS_INIT" value="upstart" />
    <property name="env.SSH_TTY" value="/dev/pts/0" />
    <property name="env.RUN_TESTS" value="true" />
    <property name="timeout.short" value="1000000" />
    <property name="env.TRAVIS_JOB_NAME" value="" />
    <property name="env.TRAVIS_STACK_NODE_ATTRIBUTES" value="/.node-attributes.yml" />
    <property name="junit.formatter" value="xml" />
    <property name="java.endorsed.dirs" value="/usr/lib/jvm/java-8-oracle/jre/lib/endorsed" />
    <property name="env.TRAVIS_SUDO" value="true" />
    <property name="env.LOGNAME" value="travis" />
    <property name="jsdoc.home" value="node_modules/@terraswarm/jsdoc" />
    <property name="debuglevel" value="source,lines,vars" />
    <property name="checkstyle.formatter" value="xml" />
    <property name="bin.vergil.makeable" value="true" />
    <property name="env._system_version" value="14.04" />
    <property name="sun.os.patch.level" value="unknown" />
    <property name="java.vendor.url" value="http://java.oracle.com/" />
    <property name="env.TRAVIS_BUILD_WEB_URL" value="https://travis-ci.org/icyphy/ptII/builds/538045657" />
    <property name="java.version" value="1.8.0_151" />
    <property name="env.TZ" value="UTC" />
    <property name="env.PT_NO_NET" value="true" />
    <property name="env.TRAVIS_PULL_REQUEST_SHA" value="" />
    <property name="env.TRAVIS_SECURE_ENV_VARS" value="true" />
    <property name="env._system_type" value="Linux" />
    <property name="java.vendor.url.bug" value="http://bugreport.sun.com/bugreport/" />
    <property name="env.SSH_CLIENT" value="10.10.19.219 33046 22" />
    <property name="npmjs-org-is-up" value="true" />
    <property name="env.GEM_HOME" value="/home/travis/.rvm/gems/ruby-2.4.1" />
    <property name="env.HAS_ANTARES_THREE_LITTLE_FRONZIES_BADGE" value="true" />
    <property name="env.PS4" value="+" />
    <property name="ant.project.invoked-targets" value="build,test.core2.xml" />
    <property name="env.TRAVIS_PULL_REQUEST_BRANCH" value="" />
    <property name="env.TRAVIS_REPO_SLUG" value="icyphy/ptII" />
    <property name="env.TRAVIS_APT_PROXY" value="http://build-cache.travisci.net" />
    <property name="node.in.path" value="true" />
    <property name="java.maxmemory" value="1400m" />
    <property name="env.RUBY_VERSION" value="ruby-2.4.1" />
    <property name="user.name" value="travis" />
    <property name="env.LANG" value="en_US.UTF-8" />
    <property name="sun.io.unicode.encoding" value="UnicodeLittle" />
    <property name="sun.jnu.encoding" value="UTF-8" />
    <property name="java.runtime.name" value="Java(TM) SE Runtime Environment" />
    <property name="usefile" value="false" />
    <property name="return.code" value="0" />
    <property name="junit.single.formatter" value="plain" />
    <property name="env.DEBIAN_FRONTEND" value="noninteractive" />
    <property name="env.SSH_CONNECTION" value="10.10.19.219 33046 10.20.1.158 22" />
    <property name="env.MYSQL_UNIX_PORT" value="/var/run/mysqld/mysqld.sock" />
    <property name="env.TRAVIS_ALLOW_FAILURE" value="false" />
    <property name="env.LC_ALL" value="en_US.UTF-8" />
    <property name="env.TRAVIS_JOB_WEB_URL" value="https://travis-ci.org/icyphy/ptII/jobs/538045666" />
    <property name="java.specification.name" value="Java Platform API Specification" />
    <property name="node.works" value="true" />
    <property name="user.timezone" value="" />
    <property name="path.separator" value=":" />
    <property name="env.TRAVIS_ENABLE_INFRA_DETECTION" value="true" />
    <property name="env.PYTHON_CFLAGS" value="-g -fstack-protector --param=ssp-buffer-size=4 -Wformat -Werror=format-security" />
    <property name="timeout.long" value="4000000" />
    <property name="file.encoding" value="UTF-8" />
    <property name="ant.file.ptII" value="/home/travis/build/icyphy/ptII/build.xml" />
    <property name="javadoc.packagenames" value="com.*,diva.*,lbnl.*,org.hlacerti.*,org.json.*,org.ptolemy.*,org.terraswarm.*,ptolemy.*,ptserver.*" />
    <property name="env.TRAVIS_PULL_REQUEST_SLUG" value="" />
    <property name="ant.project.default-target" value="build" />
    <property name="env.GIT_ASKPASS" value="echo" />
    <property name="env.HOME" value="/home/travis" />
    <property name="sun.java.command" value="org.apache.tools.ant.taskdefs.optional.junit.JUnitTestRunner ptolemy.domains.de.test.junit.JUnitTclTest skipNonTests=false filtertrace=true haltOnError=false haltOnFailure=false formatter=org.apache.tools.ant.taskdefs.optional.junit.OutErrSummaryJUnitResultFormatter showoutput=true outputtoformatters=true logfailedtests=true threadid=0 logtestlistenerevents=false formatter=org.apache.tools.ant.taskdefs.optional.junit.XMLJUnitResultFormatter,/home/travis/build/icyphy/ptII/reports/junit/TEST-ptolemy.domains.de.test.junit.JUnitTclTest.xml crashfile=/home/travis/build/icyphy/ptII/junitvmwatcher4215361386685089281.properties propsfile=/home/travis/build/icyphy/ptII/junit9105263760256440717.properties" />
    <property name="env.MANPATH" value="/home/travis/.nvm/versions/node/v7.10.1/share/man:/home/travis/.kiex/elixirs/elixir-1.4.5/man:/home/travis/.rvm/rubies/ruby-2.4.1/share/man:/usr/local/man:/usr/local/cmake-3.9.2/man:/usr/local/clang-5.0.0/share/man:/usr/local/share/man:/usr/share/man:/home/travis/.rvm/man" />
    <property name="env.COMPOSER_NO_INTERACTION" value="1" />
    <property name="env.JDK_SWITCHER_DEFAULT" value="oraclejdk8" />
    <property name="env.TRAVIS_TIMER_ID" value="13ed05de" />
    <property name="ant.file" value="/home/travis/build/icyphy/ptII/build.xml" />
    <property name="env.TRAVIS_COMMIT_RANGE" value="0ed28c36560f22da659a6fb443d856255585fe78...f7e773614001b8d7aa6ca1b347adedf532d46552" />
    <property name="env._system_name" value="Ubuntu" />
    <property name="timeout" value="2400000" />
    <property name="ptII.classpath.optional.property" value="/home/travis/build/icyphy/ptII/lib/bsh-2.0b4.jar:/home/travis/build/icyphy/ptII/lib/ptCal.jar:/home/travis/build/icyphy/ptII/lib/java_cup.jar:/home/travis/build/icyphy/ptII/lib/saxon8.jar:/home/travis/build/icyphy/ptII/lib/saxon8-dom.jar:/home/travis/build/icyphy/ptII/lib/chic.jar:/home/travis/build/icyphy/ptII/lib/ptcolt.jar:/usr/lib/jvm/java-8-oracle/lib/tools.jar:/home/travis/build/icyphy/ptII/vendors/misc/itext/iText.jar:/home/travis/build/icyphy/ptII/lib/g4ltl.jar:/home/travis/build/icyphy/ptII/lib/StructuralCoder.jar:/home/travis/build/icyphy/ptII/vendors/jai-1_1_2_01/lib/jai_core.jar:/home/travis/build/icyphy/ptII/vendors/jai-1_1_2_01/lib/jai_codec.jar:/home/travis/build/icyphy/ptII/lib/jcerti.jar:/home/travis/build/icyphy/ptII/lib/javax.mail.jar:/home/travis/build/icyphy/ptII/vendors/JMF-2.1.1e/lib/jmf.jar:/home/travis/build/icyphy/ptII/lib/jna-4.0.0-variadic.jar:/home/travis/build/icyphy/ptII/vendors/misc/joystick/Joystick.jar:/home/travis/build/icyphy/ptII/lib/ptjacl.jar:/home/travis/build/icyphy/ptII/lib/jsoup-1.8.2.jar:/home/travis/build/icyphy/ptII/lib/junit-4.8.2.jar:/home/travis/build/icyphy/ptII/lib/JUnitParams-0.4.0.jar:/home/travis/build/icyphy/ptII/ptolemy/actor/lib/excel/jxl.jar:/home/travis/build/icyphy/ptII/lib/jython.jar:/home/travis/build/icyphy/ptII/lib/kieler.jar:/home/travis/build/icyphy/ptII/vendors/opencv/share/OpenCV/java/opencv-341.jar:/home/travis/build/icyphy/ptII/lib/oscP5.jar:/home/travis/build/icyphy/ptII/lib/nrjavaserial-3.11.0.devel.jar:/home/travis/build/icyphy/ptII/vendors/j3d/lib/j3dcore.jar:/home/travis/build/icyphy/ptII/vendors/j3d/lib/j3dutils.jar:/home/travis/build/icyphy/ptII/vendors/j3d/lib/vecmath.jar:/home/travis/build/icyphy/ptII/ptolemy/distributed/jini/jar/jini-core.jar:/home/travis/build/icyphy/ptII/ptolemy/distributed/jini/jar/jini-ext.jar:/home/travis/build/icyphy/ptII/ptolemy/distributed/jini/jar/sun-util.jar:/home/travis/build/icyphy/ptII/lib/protobuf-java-2.4.1.jar:/home/travis/build/icyphy/ptII/lib/org.eclipse.paho.client.mqttv3.jar:/home/travis/build/icyphy/ptII/lib/mapss.jar:/home/travis/build/icyphy/ptII/ptolemy/actor/ptalon/antlr/antlr.jar:/home/travis/build/icyphy/ptII/lib/JRI.jar:/home/travis/build/icyphy/ptII/lib/commons-lang-2.6.jar:/home/travis/build/icyphy/ptII/lib/commons-logging-1.1.1.jar:/home/travis/build/icyphy/ptII/lib/sootclasses.jar:/home/travis/build/icyphy/ptII/ptolemy/actor/lib/database/mysql-connector-java-5.1.6-bin.jar:/home/travis/build/icyphy/ptII/vendors/misc/sphinx4/sphinx4-data-5prealpha.jar:/home/travis/build/icyphy/ptII/vendors/misc/sphinx4/sphinx4-core-5prealpha.jar:/home/travis/build/icyphy/ptII/lib/PDFRenderer.jar:/home/travis/build/icyphy/ptII/lib/svgSalamander.jar:/home/travis/build/icyphy/ptII/lib/rsyntaxtextarea-2.6.0-SNAPSHOT.jar:/home/travis/build/icyphy/ptII/lib/hazelcast-3.8.2.jar:/home/travis/build/icyphy/ptII/lib/jackson-annotations-2.9.0.jar:/home/travis/build/icyphy/ptII/lib/jackson-core-2.9.3.jar:/home/travis/build/icyphy/ptII/lib/jackson-databind-2.9.3.jar:/home/travis/build/icyphy/ptII/lib/netty-buffer-4.1.19.Final.jar:/home/travis/build/icyphy/ptII/lib/netty-codec-4.1.19.Final.jar:/home/travis/build/icyphy/ptII/lib/netty-codec-dns-4.1.19.Final.jar:/home/travis/build/icyphy/ptII/lib/netty-codec-http-4.1.19.Final.jar:/home/travis/build/icyphy/ptII/lib/netty-codec-http2-4.1.19.Final.jar:/home/travis/build/icyphy/ptII/lib/netty-common-4.1.19.Final.jar:/home/travis/build/icyphy/ptII/lib/netty-handler-4.1.19.Final.jar:/home/travis/build/icyphy/ptII/lib/netty-resolver-4.1.19.Final.jar:/home/travis/build/icyphy/ptII/lib/netty-resolver-dns-4.1.19.Final.jar:/home/travis/build/icyphy/ptII/lib/netty-transport-4.1.19.Final.jar:/home/travis/build/icyphy/ptII/lib/vertx-codegen-3.5.1.jar:/home/travis/build/icyphy/ptII/lib/vertx-core-3.5.2-SNAPSHOT.jar:/home/travis/build/icyphy/ptII/lib/vertx-hazelcast-3.5.1.jar:/home/travis/build/icyphy/ptII/lib/vertx-lang-js-3.5.1.jar:/home/travis/build/icyphy/ptII/lib/vertx-service-proxy-3.5.1.jar:/home/travis/build/icyphy/ptII/lib/vertx-web-3.5.1.jar:/home/travis/build/icyphy/ptII/lib/slf4j-api-1.7.13.jar:/home/travis/build/icyphy/ptII/lib/slf4j-simple-1.7.13.jar:/home/travis/build/icyphy/ptII/lib/webcam-capture-0.3.12.jar:/home/travis/build/icyphy/ptII/lib/bridj-0.7.0.jar:/home/travis/build/icyphy/ptII/lib/xbjlib-1.1.0.nrjavaserial.jar" />
    <property name="test.batch" value="**/junit/*.java" />
    <property name="env._" value="/usr/bin/timeout" />
    <property name="java.io.tmpdir" value="/tmp" />
    <property name="env.TRAVIS_INTERNAL_RUBY_REGEX" value="^ruby-(2\.[0-4]\.[0-9]|1\.9\.3)" />
    <property name="user.language" value="en" />
    <property name="env.HISTCONTROL" value="ignoredups:ignorespace" />
    <property name="env.GOROOT" value="/home/travis/.gimme/versions/go1.7.4.linux.amd64" />
    <property name="line.separator" value="&#xa;" />
    <property name="target" value="1.8" />
    <property name="env.TRAVIS_BUILD_DIR" value="/home/travis/build/icyphy/ptII" />
    <property name="env.ANT_OPTS" value="-Xmx2048m" />
    <property name="ant.file.type" value="file" />
    <property name="ptolemy.ptII.batchMode" value="true" />
    <property name="env.HISTSIZE" value="1000" />
    <property name="env.MERB_ENV" value="test" />
    <property name="java.vm.info" value="mixed mode" />
    <property name="source" value="1.8" />
    <property name="java.vm.specification.name" value="Java Virtual Machine Specification" />
    <property name="env.TRAVIS_TEST_RESULT" value="0" />
    <property name="jsdoc.command" value="node_modules/@terraswarm/jsdoc/jsdoc.js" />
    <property name="npm.works" value="true" />
    <property name="cobertura.dir" value="/home/travis/build/icyphy/ptII/vendors/cobertura-2.0.3" />
    <property name="env.rvm_path" value="/home/travis/.rvm" />
    <property name="env.GEM_PATH" value="/home/travis/.rvm/gems/ruby-2.4.1:/home/travis/.rvm/gems/ruby-2.4.1@global" />
    <property name="env.LC_CTYPE" value="en_US.UTF-8" />
    <property name="java.awt.printerjob" value="sun.print.PSPrinterJob" />
    <property name="env.TRAVIS_CMD" value="$PTII/bin/ptIITravisBuild.sh $SECONDS" />
    <property name="env.TRAVIS_STACK_NAME" value="garnet" />
    <property name="env.TRAVIS_TIMER_START_TIME" value="1559017077891000059" />
    <property name="ant.version" value="Apache Ant(TM) version 1.10.1 compiled on February 2 2017" />
    <property name="ptII.reports" value="/home/travis/build/icyphy/ptII/reports" />
    <property name="env.TRAVIS_STACK_TIMESTAMP" value="2017-12-05 19:33:09 UTC" />
    <property name="ant.file.type.ptII" value="file" />
    <property name="env.RBENV_SHELL" value="bash" />
    <property name="os.name" value="Linux" />
    <property name="java.specification.vendor" value="Oracle Corporation" />
    <property name="env.rvm_version" value="1.29.3 (latest)" />
    <property name="env.TRAVIS_INFRA" value="gce" />
    <property name="env.TERM" value="xterm" />
    <property name="java.vm.name" value="Java HotSpot(TM) 64-Bit Server VM" />
    <property name="env.TRAVIS_BUILD_NUMBER" value="1147" />
    <property name="env.CI" value="true" />
    <property name="java.library.path" value="/usr/lib/jni:/usr/local/share/OpenCV/java/:/usr/share/OpenCV/java::/usr/java/packages/lib/amd64:/usr/lib64:/lib64:/lib:/usr/lib" />
    <property name="env.rvm_prefix" value="/home/travis" />
    <property name="env.PATH" value="/home/travis/.rvm/gems/ruby-2.4.1/bin:/home/travis/.rvm/gems/ruby-2.4.1@global/bin:/home/travis/.rvm/rubies/ruby-2.4.1/bin:/home/travis/.rvm/bin:/home/travis/.nvm/versions/node/v7.10.1/bin:./node_modules/.bin:/home/travis/build/icyphy/ptII/bin:/home/travis/pthla/certi-tools/bin:/home/travis/bin:/home/travis/.local/bin:/opt/pyenv/shims:/home/travis/.phpenv/shims:/home/travis/perl5/perlbrew/bin:/home/travis/.kiex/elixirs/elixir-1.4.5/bin:/home/travis/.kiex/bin:/home/travis/gopath/bin:/home/travis/.gimme/versions/go1.7.4.linux.amd64/bin:/usr/local/phantomjs/bin:/usr/local/phantomjs:/usr/local/neo4j-3.2.7/bin:/usr/local/maven-3.5.2/bin:/usr/local/cmake-3.9.2/bin:/usr/local/clang-5.0.0/bin:/usr/local/sbin:/usr/local/bin:/usr/sbin:/usr/bin:/sbin:/bin:/home/travis/.phpenv/bin:/opt/pyenv/bin:/home/travis/.yarn/bin" />
    <property name="env.TRAVIS_OS_NAME" value="linux" />
    <property name="ant.java.version" value="1.8" />
    <property name="basedir" value="/home/travis/build/icyphy/ptII" />
    <property name="java.class.version" value="52.0" />
    <property name="env.SHLVL" value="3" />
    <property name="env.LD_LIBRARY_PATH" value="/usr/lib/jni:/usr/local/share/OpenCV/java/:/usr/share/OpenCV/java:" />
    <property name="env.RACK_ENV" value="test" />
    <property name="ant.home" value="/home/travis/build/icyphy/ptII/ant" />
    <property name="env.NVM_DIR" value="/home/travis/.nvm" />
    <property name="env.PERLBREW_BASHRC_VERSION" value="0.80" />
    <property name="env.TRAVIS_BUILD_ID" value="538045657" />
    <property name="env.PYENV_ROOT" value="/opt/pyenv" />
    <property name="env.TRAVIS_UID" value="2000" />
    <property name="env.rvm_pretty_print_flag" value="auto" />
    <property name="env.NVM_BIN" value="/home/travis/.nvm/versions/node/v7.10.1/bin" />
    <property name="env.TRAVIS_COMMIT" value="f7e773614001b8d7aa6ca1b347adedf532d46552" />
    <property name="env._system_arch" value="x86_64" />
    <property name="node.executable" value="node" />
    <property name="sun.boot.library.path" value="/usr/lib/jvm/java-8-oracle/jre/lib/amd64" />
    <property name="sun.management.compiler" value="HotSpot 64-Bit Tiered Compilers" />
    <property name="env.GOPATH" value="/home/travis/gopath" />
    <property name="java.awt.graphicsenv" value="sun.awt.X11GraphicsEnvironment" />
    <property name="ptolemy.ptII.dir" value="/home/travis/build/icyphy/ptII" />
    <property name="env.USER" value="travis" />
    <property name="env.HISTFILESIZE" value="2000" />
    <property name="timeout.longest" value="19000000" />
    <property name="env.TRAVIS_STACK_FEATURES" value="basic cassandra chromium couchdb disabled-ipv6 docker docker-compose elasticsearch firefox go-toolchain google-chrome jdk memcached mongodb mysql neo4j nodejs_interpreter perl_interpreter perlbrew phantomjs postgresql python_interpreter rabbitmq redis riak ruby_interpreter sqlite xserver" />
    <property name="env.TRAVIS_PULL_REQUEST" value="false" />
    <property name="env.PYENV_SHELL" value="bash" />
    <property name="ant.project.name" value="ptII" />
    <property name="java.vm.specification.version" value="1.8" />
    <property name="env.ANSI_RESET" value="\033[0m" />
    <property name="env.TRAVIS_DIST" value="trusty" />
    <property name="env.NLSPATH" value="/usr/dt/lib/nls/msg/%L/%N.cat" />
    <property name="awt.toolkit" value="sun.awt.X11.XToolkit" />
    <property name="env.MY_RUBY_HOME" value="/home/travis/.rvm/rubies/ruby-2.4.1" />
    <property name="sun.cpu.isalist" value="" />
    <property name="env.TRAVIS_TMPDIR" value="/tmp/tmp.8lw2gW31iB" />
    <property name="java.ext.dirs" value="/usr/lib/jvm/java-8-oracle/jre/lib/ext:/usr/java/packages/lib/ext" />
    <property name="os.version" value="4.4.0-101-generic" />
    <property name="user.home" value="/home/travis" />
    <property name="env.MIX_ARCHIVES" value="/home/travis/.kiex/mix/elixir-1.4.5" />
    <property name="java.vm.vendor" value="Oracle Corporation" />
    <property name="env.TRAVIS_TAG" value="nightly" />
    <property name="env.ANSI_YELLOW" value="\033[33;1m" />
    <property name="env.TRAVIS_FILTERED" value="redirect_io" />
    <property name="env.PTII" value="/home/travis/build/icyphy/ptII" />
    <property name="env.JAVA_HOME" value="/usr/lib/jvm/java-8-oracle" />
    <property name="javadoc.excludepackagenames" value="adm.cvs2svn.*,build.*,config.*,doc.coding.templates.*,jni.test.jni.meaningOfLife.*,jni.test.jni.testDeux.*,jni.test.jni.testTrois.*,org.terraswarm.accessor.accessors.web.node_modules.*,org.terraswarm.accessor.accessors.web.hosts.cordova.demo.*,org.terraswarm.accessor.accessors.web.hosts.cordova.plugins.*,org.terraswarm.accessor.accessors-svn.*,pt-modules.*,ptolemy.apps.agilent.*,ptolemy.apps.anytimecontrol.*,ptolemy.apps.apes.*,ptolemy.apps.charon.*,ptolemy.apps.crazyboard.*,ptolemy.apps.eclipse.*,ptolemy.apps.etherealSting.*,ptolemy.apps.fullscreen.*,ptolemy.apps.giotto.*,ptolemy.apps.ia.*,ptolemy.apps.interfaces.*,ptolemy.apps.jmf.*,ptolemy.apps.kurt.*,ptolemy.apps.kvm.*,ptolemy.apps.lego.*,ptolemy.apps.lejos.*,ptolemy.apps.midp.*,ptolemy.apps.mobileCoding.*,ptolemy.apps.pendulum.*,ptolemy.apps.rijndael.*,ptolemy.apps.robot.*,ptolemy.apps.security.*,ptolemy.apps.sobel.*,ptolemy.apps.soot.*,ptolemy.apps.throttle.*,ptolemy.apps.tini.*,ptolemy.apps.transmission.*,ptolemy.apps.vergil.*,ptolemy.apps.waba.*,ptolemy.apps.websensor.*,ptolemy.apps.webstart.*,ptolemy.apps.xsl.*,ptolemy.apps.zaurus.*,ptolemy.codegen.c.actor.lib.oldJavaFiles.*,ptolemy.codegen.dsp.lib.*,ptolemy.codegen.kernel.newInterfaces.*,ptolemy.codegen.lib.*,ptolemy.copernicus.kernel.fragment.*,ptolemy.copernicus.shallow.cg.*,ptolemy.domains.giotto.demo.Hierarchy.Hierarchy.*,ptolemy.domains.giotto.demo.Multimode.Multimode.*,ptolemy.domains.giotto.demo.Simple.Simple.*,ptolemy.domains.gr.lib.experimental.*,ptolemy.domains.gro.*,ptolemy.domains.pdf.*,ptolemy.domains.ptinyos.demo.Surge.output.*,ptolemy.moml.test.NoPackageActor.java*,ptolemy.plot.adm.*,ptolemy.plot.servlet.*,reports.*,signed.*,src.*,target.*,vendors.*,ptolemy.apps.eclipse.awt.*,ptolemy.backtrack.*,ptolemy.backtrack.ast.*,ptolemy.cg.adapter.generic.program.procedural.c.mbed*,ptolemy.homer.*,org.ptolemy.scala.*,diva.util.java2d.svg.*,ptolemy.domains.ptinyos.*,ptolemy.actor.lib.fmi.fmipp.*,,org.terraswarm.accessor.accessors.web.node_modules.*,org.terraswarm.accessor.accessors-svn,ptolemy.apps.*,ptolemy.actor.ptalon.demo.ptinyos.SendAndReceiveCnt.output,ptolemy.actor.ptalon.demo.ptinyos.SenseToLeds.output,ptolemy.domains.ptinyos.demo.CntToLedsAndRfm.output,ptolemy.domains.ptinyos.demo.RfmToLeds.output,ptolemy.domains.ptinyos.demo.SendAndReceiveCnt.output,ptolemy.domains.ptinyos.demo.SenseToLeds.output,ptolemy.actor.lib.jjs.modules.udpSocket.*" />
    <property name="env.ANSI_GREEN" value="\033[32;1m" />
    <property name="env.TRAVIS_COMMIT_MESSAGE" value="Fixing error message in DuplicatedInstanceNameSender.xml (since last&#xa;commit the HlaPublisher actor is highlighted when there is an exception (instead of HlaManager))." />
    <property name="keystore" value="ptKeystore" />
    <property name="env.XDG_SESSION_ID" value="2" />
    <property name="junit.output.dir" value="/home/travis/build/icyphy/ptII/reports/junit" />
    <property name="npm.return.code" value="0" />
    <property name="user.dir" value="/home/travis/build/icyphy/ptII/ptolemy/domains/de/test" />
    <property name="env.XFILESEARCHPATH" value="/usr/dt/app-defaults/%L/Dt" />
    <property name="env.TRAVIS_NODE_VERSION" value="7" />
    <property name="env.MAIL" value="/var/mail/travis" />
    <property name="env.TRAVIS_EVENT_TYPE" value="cron" />
    <property name="env.PWD" value="/home/travis/build/icyphy/ptII" />
    <property name="env.PERLBREW_ROOT" value="/home/travis/perl5/perlbrew" />
    <property name="timeout.npm" value="45000" />
    <property name="env.PT_TRAVIS_TEST_CORE2_XML" value="true" />
    <property name="env.TRAVIS_ARCH" value="amd64" />
    <property name="env.PAGER" value="cat" />
    <property name="sun.cpu.endian" value="little" />
    <property name="env.TRAVIS_BUILD_STAGE_NAME" value="Test" />
    <property name="env.PERLBREW_HOME" value="/home/travis/.perlbrew" />
    <property name="java.vm.version" value="25.151-b12" />
    <property name="env.RAILS_ENV" value="test" />
    <property name="java.class.path" value="/home/travis/build/icyphy/ptII:/home/travis/build/icyphy/ptII/lib/bsh-2.0b4.jar:/home/travis/build/icyphy/ptII/lib/ptCal.jar:/home/travis/build/icyphy/ptII/lib/java_cup.jar:/home/travis/build/icyphy/ptII/lib/saxon8.jar:/home/travis/build/icyphy/ptII/lib/saxon8-dom.jar:/home/travis/build/icyphy/ptII/lib/chic.jar:/home/travis/build/icyphy/ptII/lib/ptcolt.jar:/usr/lib/jvm/java-8-oracle/lib/tools.jar:/home/travis/build/icyphy/ptII/vendors/misc/itext/iText.jar:/home/travis/build/icyphy/ptII/lib/g4ltl.jar:/home/travis/build/icyphy/ptII/lib/StructuralCoder.jar:/home/travis/build/icyphy/ptII/vendors/jai-1_1_2_01/lib/jai_core.jar:/home/travis/build/icyphy/ptII/vendors/jai-1_1_2_01/lib/jai_codec.jar:/home/travis/build/icyphy/ptII/lib/jcerti.jar:/home/travis/build/icyphy/ptII/lib/javax.mail.jar:/home/travis/build/icyphy/ptII/vendors/JMF-2.1.1e/lib/jmf.jar:/home/travis/build/icyphy/ptII/lib/jna-4.0.0-variadic.jar:/home/travis/build/icyphy/ptII/vendors/misc/joystick/Joystick.jar:/home/travis/build/icyphy/ptII/lib/ptjacl.jar:/home/travis/build/icyphy/ptII/lib/jsoup-1.8.2.jar:/home/travis/build/icyphy/ptII/lib/junit-4.8.2.jar:/home/travis/build/icyphy/ptII/lib/JUnitParams-0.4.0.jar:/home/travis/build/icyphy/ptII/ptolemy/actor/lib/excel/jxl.jar:/home/travis/build/icyphy/ptII/lib/jython.jar:/home/travis/build/icyphy/ptII/lib/kieler.jar:/home/travis/build/icyphy/ptII/vendors/opencv/share/OpenCV/java/opencv-341.jar:/home/travis/build/icyphy/ptII/lib/oscP5.jar:/home/travis/build/icyphy/ptII/lib/nrjavaserial-3.11.0.devel.jar:/home/travis/build/icyphy/ptII/vendors/j3d/lib/j3dcore.jar:/home/travis/build/icyphy/ptII/vendors/j3d/lib/j3dutils.jar:/home/travis/build/icyphy/ptII/vendors/j3d/lib/vecmath.jar:/home/travis/build/icyphy/ptII/ptolemy/distributed/jini/jar/jini-core.jar:/home/travis/build/icyphy/ptII/ptolemy/distributed/jini/jar/jini-ext.jar:/home/travis/build/icyphy/ptII/ptolemy/distributed/jini/jar/sun-util.jar:/home/travis/build/icyphy/ptII/lib/protobuf-java-2.4.1.jar:/home/travis/build/icyphy/ptII/lib/org.eclipse.paho.client.mqttv3.jar:/home/travis/build/icyphy/ptII/lib/mapss.jar:/home/travis/build/icyphy/ptII/ptolemy/actor/ptalon/antlr/antlr.jar:/home/travis/build/icyphy/ptII/lib/JRI.jar:/home/travis/build/icyphy/ptII/lib/commons-lang-2.6.jar:/home/travis/build/icyphy/ptII/lib/commons-logging-1.1.1.jar:/home/travis/build/icyphy/ptII/lib/sootclasses.jar:/home/travis/build/icyphy/ptII/ptolemy/actor/lib/database/mysql-connector-java-5.1.6-bin.jar:/home/travis/build/icyphy/ptII/vendors/misc/sphinx4/sphinx4-data-5prealpha.jar:/home/travis/build/icyphy/ptII/vendors/misc/sphinx4/sphinx4-core-5prealpha.jar:/home/travis/build/icyphy/ptII/lib/PDFRenderer.jar:/home/travis/build/icyphy/ptII/lib/svgSalamander.jar:/home/travis/build/icyphy/ptII/lib/rsyntaxtextarea-2.6.0-SNAPSHOT.jar:/home/travis/build/icyphy/ptII/lib/hazelcast-3.8.2.jar:/home/travis/build/icyphy/ptII/lib/jackson-annotations-2.9.0.jar:/home/travis/build/icyphy/ptII/lib/jackson-core-2.9.3.jar:/home/travis/build/icyphy/ptII/lib/jackson-databind-2.9.3.jar:/home/travis/build/icyphy/ptII/lib/netty-buffer-4.1.19.Final.jar:/home/travis/build/icyphy/ptII/lib/netty-codec-4.1.19.Final.jar:/home/travis/build/icyphy/ptII/lib/netty-codec-dns-4.1.19.Final.jar:/home/travis/build/icyphy/ptII/lib/netty-codec-http-4.1.19.Final.jar:/home/travis/build/icyphy/ptII/lib/netty-codec-http2-4.1.19.Final.jar:/home/travis/build/icyphy/ptII/lib/netty-common-4.1.19.Final.jar:/home/travis/build/icyphy/ptII/lib/netty-handler-4.1.19.Final.jar:/home/travis/build/icyphy/ptII/lib/netty-resolver-4.1.19.Final.jar:/home/travis/build/icyphy/ptII/lib/netty-resolver-dns-4.1.19.Final.jar:/home/travis/build/icyphy/ptII/lib/netty-transport-4.1.19.Final.jar:/home/travis/build/icyphy/ptII/lib/vertx-codegen-3.5.1.jar:/home/travis/build/icyphy/ptII/lib/vertx-core-3.5.2-SNAPSHOT.jar:/home/travis/build/icyphy/ptII/lib/vertx-hazelcast-3.5.1.jar:/home/travis/build/icyphy/ptII/lib/vertx-lang-js-3.5.1.jar:/home/travis/build/icyphy/ptII/lib/vertx-service-proxy-3.5.1.jar:/home/travis/build/icyphy/ptII/lib/vertx-web-3.5.1.jar:/home/travis/build/icyphy/ptII/lib/slf4j-api-1.7.13.jar:/home/travis/build/icyphy/ptII/lib/slf4j-simple-1.7.13.jar:/home/travis/build/icyphy/ptII/lib/webcam-capture-0.3.12.jar:/home/travis/build/icyphy/ptII/lib/bridj-0.7.0.jar:/home/travis/build/icyphy/ptII/lib/xbjlib-1.1.0.nrjavaserial.jar:/home/travis/build/icyphy/ptII/ptolemy/moml/test:/home/travis/build/icyphy/ptII/ant/lib/ant-launcher.jar:/home/travis/build/icyphy/ptII/ant/lib/ant.jar:/home/travis/build/icyphy/ptII/ant/lib/ant-junit.jar:/home/travis/build/icyphy/ptII/ant/lib/ant-junit4.jar" />
    <property name="ant.library.dir" value="/home/travis/build/icyphy/ptII/ant/lib" />
    <property name="os.arch" value="amd64" />
    <property name="env.TRAVIS_LANGUAGE" value="node_js" />
    <property name="env.CONTINUOUS_INTEGRATION" value="true" />
    <property name="env.TRAVIS_STACK_LANGUAGES" value="__garnet__ c c++ clojure cplusplus cpp default go groovy java node_js php pure_java python ruby scala" />
    <property name="test.name" value="ptolemy.actor.lib.test.junit.JUnitTclTest" />
    <property name="sun.java.launcher" value="SUN_STANDARD" />
    <property name="env.PYTHON_CONFIGURE_OPTS" value="--enable-unicode=ucs4 --with-wide-unicode --enable-shared --enable-ipv6 --enable-loadable-sqlite-extensions --with-computed-gotos" />
    <property name="ant.core.lib" value="/home/travis/build/icyphy/ptII/ant/lib/ant.jar" />
    <property name="java.vm.specification.vendor" value="Oracle Corporation" />
    <property name="env.BCVTB_HOME" value="/home/travis/build/icyphy/ptII/lbnl" />
    <property name="file.separator" value="/" />
    <property name="java.runtime.version" value="1.8.0_151-b12" />
    <property name="spotbugs.home" value="/home/travis/build/icyphy/ptII/vendors/spotbugs-3.1.1" />
    <property name="sun.boot.class.path" value="/usr/lib/jvm/java-8-oracle/jre/lib/resources.jar:/usr/lib/jvm/java-8-oracle/jre/lib/rt.jar:/usr/lib/jvm/java-8-oracle/jre/lib/sunrsasign.jar:/usr/lib/jvm/java-8-oracle/jre/lib/jsse.jar:/usr/lib/jvm/java-8-oracle/jre/lib/jce.jar:/usr/lib/jvm/java-8-oracle/jre/lib/charsets.jar:/usr/lib/jvm/java-8-oracle/jre/lib/jfr.jar:/usr/lib/jvm/java-8-oracle/jre/classes" />
    <property name="env.ANSI_CLEAR" value="\033[0K" />
    <property name="env.HAS_JOSH_K_SEAL_OF_APPROVAL" value="true" />
    <property name="env.TRAVIS_OSX_IMAGE" value="" />
    <property name="env.XDG_RUNTIME_DIR" value="/run/user/2000" />
    <property name="env.TRAVIS_JOB_ID" value="538045666" />
    <property name="env.TRAVIS_BRANCH" value="master" />
    <property name="user.country" value="US" />
    <property name="env.CERTI_HOME_TRAVIS" value="/home/travis/pthla/certi-tools" />
    <property name="env.SHELL" value="/bin/bash" />
    <property name="java.maxmemory.large" value="5000m" />
    <property name="model" value="" />
    <property name="env.CASHER_DIR" value="/home/travis/.casher" />
    <property name="env.NVM_CD_FLAGS" value="" />
    <property name="jshint.executable" value="/home/travis/node_modules/jshint/bin/jshint" />
    <property name="java.vendor" value="Oracle Corporation" />
    <property name="env.JRUBY_OPTS" value=" --client -J-XX:+TieredCompilation -J-XX:TieredStopAtLevel=1 -J-Xss2m -Xcompile.invokedynamic=false" />
    <property name="env.TRAVIS_PRE_CHEF_BOOTSTRAP_TIME" value="2017-12-05T19:32:55" />
    <property name="env.TRAVIS_STACK_JOB_BOARD_REGISTER" value="/.job-board-register.yml" />
    <property name="env.ELIXIR_VERSION" value="1.4.5" />
    <property name="env.ANSI_RED" value="\033[31;1m" />
    <property name="java.specification.version" value="1.8" />
    <property name="env.TRAVIS" value="true" />
    <property name="env.IRBRC" value="/home/travis/.rvm/rubies/ruby-2.4.1/.irbrc" />
    <property name="sun.arch.data.model" value="64" />
  </properties>
  <testcase classname="ptolemy.util.test.junit.TclTests" name="[0] /home/travis/build/icyphy/ptII/ptolemy/domains/de/test/DependencyLoop.tcl (RunTclFile)" time="0.852" />
  <testcase classname="ptolemy.util.test.junit.TclTests" name="[1] /home/travis/build/icyphy/ptII/ptolemy/domains/de/test/RunDETestsAsQSS.tcl (RunTclFile)" time="86.345" />
  <testcase classname="ptolemy.util.test.junit.AutoKnownFailedTests" name="[0] /home/travis/build/icyphy/ptII/ptolemy/domains/de/test/auto/knownFailedTests/DESDFClockTest.xml (RunModel)" time="2.025" />
  <testcase classname="ptolemy.util.test.junit.AutoKnownFailedTests" name="[1] /home/travis/build/icyphy/ptII/ptolemy/domains/de/test/auto/knownFailedTests/DirectFeedback.xml (RunModel)" time="0.014" />
  <testcase classname="ptolemy.util.test.junit.AutoKnownFailedTests" name="[2] /home/travis/build/icyphy/ptII/ptolemy/domains/de/test/auto/knownFailedTests/FSMSource.xml (RunModel)" time="0.023" />
  <testcase classname="ptolemy.util.test.junit.AutoKnownFailedTests" name="[3] /home/travis/build/icyphy/ptII/ptolemy/domains/de/test/auto/knownFailedTests/HierarchicalModel.xml (RunModel)" time="0.064" />
  <testcase classname="ptolemy.util.test.junit.AutoKnownFailedTests" name="[4] /home/travis/build/icyphy/ptII/ptolemy/domains/de/test/auto/knownFailedTests/dependencyLoop.xml (RunModel)" time="0.036" />
  <testcase classname="ptolemy.util.test.junit.AutoKnownFailedTests" name="[5] /home/travis/build/icyphy/ptII/ptolemy/domains/de/test/auto/knownFailedTests/dependencyLoop2.xml (RunModel)" time="0.047" />
  <testcase classname="ptolemy.util.test.junit.AutoNameArchTests" name="[0] ThereAreNoAutoArchTests (RunModel)" time="0.005" />
  <testcase classname="ptolemy.util.test.junit.AutoTests" name="[0] /home/travis/build/icyphy/ptII/ptolemy/domains/de/test/auto/ActorDepthCalculation_actorWithoutPorts.xml (RunModel)" time="0.022" />
  <testcase classname="ptolemy.util.test.junit.AutoTests" name="[1] /home/travis/build/icyphy/ptII/ptolemy/domains/de/test/auto/AssemblyLine.xml (RunModel)" time="0.018" />
  <testcase classname="ptolemy.util.test.junit.AutoTests" name="[2] /home/travis/build/icyphy/ptII/ptolemy/domains/de/test/auto/CQBug1.xml (RunModel)" time="0.012" />
  <testcase classname="ptolemy.util.test.junit.AutoTests" name="[3] /home/travis/build/icyphy/ptII/ptolemy/domains/de/test/auto/CancelFireAt.xml (RunModel)" time="0.012" />
  <testcase classname="ptolemy.util.test.junit.AutoTests" name="[4] /home/travis/build/icyphy/ptII/ptolemy/domains/de/test/auto/CausalityAndComposabilityAnalysis.xml (RunModel)" time="0.014" />
  <testcase classname="ptolemy.util.test.junit.AutoTests" name="[5] /home/travis/build/icyphy/ptII/ptolemy/domains/de/test/auto/CausalityInterface1.xml (RunModel)" time="0.015" />
  <testcase classname="ptolemy.util.test.junit.AutoTests" name="[6] /home/travis/build/icyphy/ptII/ptolemy/domains/de/test/auto/CausalityInterface15.xml (RunModel)" time="0.014" />
  <testcase classname="ptolemy.util.test.junit.AutoTests" name="[7] /home/travis/build/icyphy/ptII/ptolemy/domains/de/test/auto/CausalityInterface2.xml (RunModel)" time="0.015" />
  <testcase classname="ptolemy.util.test.junit.AutoTests" name="[8] /home/travis/build/icyphy/ptII/ptolemy/domains/de/test/auto/CausalityInterface3.xml (RunModel)" time="0.01" />
  <testcase classname="ptolemy.util.test.junit.AutoTests" name="[9] /home/travis/build/icyphy/ptII/ptolemy/domains/de/test/auto/ClockDrift.xml (RunModel)" time="0.033" />
  <testcase classname="ptolemy.util.test.junit.AutoTests" name="[10] /home/travis/build/icyphy/ptII/ptolemy/domains/de/test/auto/ClockDriftAndValueChange.xml (RunModel)" time="0.023" />
  <testcase classname="ptolemy.util.test.junit.AutoTests" name="[11] /home/travis/build/icyphy/ptII/ptolemy/domains/de/test/auto/ClockDriftChange.xml (RunModel)" time="0.032" />
  <testcase classname="ptolemy.util.test.junit.AutoTests" name="[12] /home/travis/build/icyphy/ptII/ptolemy/domains/de/test/auto/ComposableCausalityAnalysis.xml (RunModel)" time="0.023" />
  <testcase classname="ptolemy.util.test.junit.AutoTests" name="[13] /home/travis/build/icyphy/ptII/ptolemy/domains/de/test/auto/DEFixedPointLimitation.xml (RunModel)" time="0.016" />
  <testcase classname="ptolemy.util.test.junit.AutoTests" name="[14] /home/travis/build/icyphy/ptII/ptolemy/domains/de/test/auto/DEScheduleTest.xml (RunModel)" time="0.041" />
  <testcase classname="ptolemy.util.test.junit.AutoTests" name="[15] /home/travis/build/icyphy/ptII/ptolemy/domains/de/test/auto/DEinDEwithStartTimes.xml (RunModel)" time="0.025" />
  <testcase classname="ptolemy.util.test.junit.AutoTests" name="[16] /home/travis/build/icyphy/ptII/ptolemy/domains/de/test/auto/DEinDEwithStartTimes2.xml (RunModel)" time="0.018" />
  <testcase classname="ptolemy.util.test.junit.AutoTests" name="[17] /home/travis/build/icyphy/ptII/ptolemy/domains/de/test/auto/DateDemo.xml (RunModel)" time="0.034" />
  <testcase classname="ptolemy.util.test.junit.AutoTests" name="[18] /home/travis/build/icyphy/ptII/ptolemy/domains/de/test/auto/DateToEvent.xml (RunModel)" time="2.044" />
  <testcase classname="ptolemy.util.test.junit.AutoTests" name="[19] /home/travis/build/icyphy/ptII/ptolemy/domains/de/test/auto/DepthTest1.xml (RunModel)" time="0.009" />
  <testcase classname="ptolemy.util.test.junit.AutoTests" name="[20] /home/travis/build/icyphy/ptII/ptolemy/domains/de/test/auto/DepthTest2.xml (RunModel)" time="0.019" />
  <testcase classname="ptolemy.util.test.junit.AutoTests" name="[21] /home/travis/build/icyphy/ptII/ptolemy/domains/de/test/auto/DepthTest3.xml (RunModel)" time="0.008" />
  <testcase classname="ptolemy.util.test.junit.AutoTests" name="[22] /home/travis/build/icyphy/ptII/ptolemy/domains/de/test/auto/DepthTest4.xml (RunModel)" time="0.014" />
  <testcase classname="ptolemy.util.test.junit.AutoTests" name="[23] /home/travis/build/icyphy/ptII/ptolemy/domains/de/test/auto/DepthTest5.xml (RunModel)" time="0.015" />
  <testcase classname="ptolemy.util.test.junit.AutoTests" name="[24] /home/travis/build/icyphy/ptII/ptolemy/domains/de/test/auto/DepthTest6.xml (RunModel)" time="0.015" />
  <testcase classname="ptolemy.util.test.junit.AutoTests" name="[25] /home/travis/build/icyphy/ptII/ptolemy/domains/de/test/auto/DepthTest7.xml (RunModel)" time="0.014" />
  <testcase classname="ptolemy.util.test.junit.AutoTests" name="[26] /home/travis/build/icyphy/ptII/ptolemy/domains/de/test/auto/EventToDate.xml (RunModel)" time="3.034" />
  <testcase classname="ptolemy.util.test.junit.AutoTests" name="[27] /home/travis/build/icyphy/ptII/ptolemy/domains/de/test/auto/FSM1.xml (RunModel)" time="0.036" />
  <testcase classname="ptolemy.util.test.junit.AutoTests" name="[28] /home/travis/build/icyphy/ptII/ptolemy/domains/de/test/auto/FSM7.xml (RunModel)" time="0.06" />
  <testcase classname="ptolemy.util.test.junit.AutoTests" name="[29] /home/travis/build/icyphy/ptII/ptolemy/domains/de/test/auto/Inspection.xml (RunModel)" time="0.041" />
  <testcase classname="ptolemy.util.test.junit.AutoTests" name="[30] /home/travis/build/icyphy/ptII/ptolemy/domains/de/test/auto/Iteration.xml (RunModel)" time="0.029" />
  <testcase classname="ptolemy.util.test.junit.AutoTests" name="[31] /home/travis/build/icyphy/ptII/ptolemy/domains/de/test/auto/LineFault.xml (RunModel)" time="0.604" />
  <testcase classname="ptolemy.util.test.junit.AutoTests" name="[32] /home/travis/build/icyphy/ptII/ptolemy/domains/de/test/auto/MergeModel1Add.xml (RunModel)" time="0.041" />
  <testcase classname="ptolemy.util.test.junit.AutoTests" name="[33] /home/travis/build/icyphy/ptII/ptolemy/domains/de/test/auto/MergeModel2Add.xml (RunModel)" time="0.046" />
  <testcase classname="ptolemy.util.test.junit.AutoTests" name="[34] /home/travis/build/icyphy/ptII/ptolemy/domains/de/test/auto/MergeModel3Add.xml (RunModel)" time="0.044" />
  <testcase classname="ptolemy.util.test.junit.AutoTests" name="[35] /home/travis/build/icyphy/ptII/ptolemy/domains/de/test/auto/MergeWithoutDiscard.xml (RunModel)" time="0.01" />
  <testcase classname="ptolemy.util.test.junit.AutoTests" name="[36] /home/travis/build/icyphy/ptII/ptolemy/domains/de/test/auto/Modal1.xml (RunModel)" time="0.037" />
  <testcase classname="ptolemy.util.test.junit.AutoTests" name="[37] /home/travis/build/icyphy/ptII/ptolemy/domains/de/test/auto/Modal2.xml (RunModel)" time="0.032" />
  <testcase classname="ptolemy.util.test.junit.AutoTests" name="[38] /home/travis/build/icyphy/ptII/ptolemy/domains/de/test/auto/Modal3.xml (RunModel)" time="0.03" />
  <testcase classname="ptolemy.util.test.junit.AutoTests" name="[39] /home/travis/build/icyphy/ptII/ptolemy/domains/de/test/auto/Modal4.xml (RunModel)" time="0.03" />
  <testcase classname="ptolemy.util.test.junit.AutoTests" name="[40] /home/travis/build/icyphy/ptII/ptolemy/domains/de/test/auto/Modal5.xml (RunModel)" time="0.029" />
  <testcase classname="ptolemy.util.test.junit.AutoTests" name="[41] /home/travis/build/icyphy/ptII/ptolemy/domains/de/test/auto/Modal6.xml (RunModel)" time="0.033" />
  <testcase classname="ptolemy.util.test.junit.AutoTests" name="[42] /home/travis/build/icyphy/ptII/ptolemy/domains/de/test/auto/Modal7.xml (RunModel)" time="0.028" />
  <testcase classname="ptolemy.util.test.junit.AutoTests" name="[43] /home/travis/build/icyphy/ptII/ptolemy/domains/de/test/auto/ModalModel.xml (RunModel)" time="0.155" />
  <testcase classname="ptolemy.util.test.junit.AutoTests" name="[44] /home/travis/build/icyphy/ptII/ptolemy/domains/de/test/auto/ModalSource.xml (RunModel)" time="0.02" />
  <testcase classname="ptolemy.util.test.junit.AutoTests" name="[45] /home/travis/build/icyphy/ptII/ptolemy/domains/de/test/auto/NonInterruptibleTimerZeroDelay.xml (RunModel)" time="0.01" />
  <testcase classname="ptolemy.util.test.junit.AutoTests" name="[46] /home/travis/build/icyphy/ptII/ptolemy/domains/de/test/auto/OpenQueueingNetwork.xml (RunModel)" time="2.251" />
  <testcase classname="ptolemy.util.test.junit.AutoTests" name="[47] /home/travis/build/icyphy/ptII/ptolemy/domains/de/test/auto/OpenQueuingNetwork.xml (RunModel)" time="0.269" />
  <testcase classname="ptolemy.util.test.junit.AutoTests" name="[48] /home/travis/build/icyphy/ptII/ptolemy/domains/de/test/auto/PeriodicSampler.xml (RunModel)" time="0.009" />
  <testcase classname="ptolemy.util.test.junit.AutoTests" name="[49] /home/travis/build/icyphy/ptII/ptolemy/domains/de/test/auto/PersistentIO.xml (RunModel)" time="0.026" />
  <testcase classname="ptolemy.util.test.junit.AutoTests" name="[50] /home/travis/build/icyphy/ptII/ptolemy/domains/de/test/auto/PortParameterResetOnInitialize.xml (RunModel)" time="0.012" />
  <testcase classname="ptolemy.util.test.junit.AutoTests" name="[51] /home/travis/build/icyphy/ptII/ptolemy/domains/de/test/auto/PortParameterUpdates.xml (RunModel)" time="0.016" />
  <testcase classname="ptolemy.util.test.junit.AutoTests" name="[52] /home/travis/build/icyphy/ptII/ptolemy/domains/de/test/auto/QueueAndServer.xml (RunModel)" time="0.021" />
  <testcase classname="ptolemy.util.test.junit.AutoTests" name="[53] /home/travis/build/icyphy/ptII/ptolemy/domains/de/test/auto/Records.xml (RunModel)" time="0.013" />
  <testcase classname="ptolemy.util.test.junit.AutoTests" name="[54] /home/travis/build/icyphy/ptII/ptolemy/domains/de/test/auto/ResetTransitionWithStartTime1.xml (RunModel)" time="0.025" />
  <testcase classname="ptolemy.util.test.junit.AutoTests" name="[55] /home/travis/build/icyphy/ptII/ptolemy/domains/de/test/auto/ResetTransitionWithStartTime2.xml (RunModel)" time="0.019" />
  <testcase classname="ptolemy.util.test.junit.AutoTests" name="[56] /home/travis/build/icyphy/ptII/ptolemy/domains/de/test/auto/ResetTransitionWithStartTime3.xml (RunModel)" time="0.026" />
  <testcase classname="ptolemy.util.test.junit.AutoTests" name="[57] /home/travis/build/icyphy/ptII/ptolemy/domains/de/test/auto/ResetTransitionWithStartTime4.xml (RunModel)" time="0.022" />
  <testcase classname="ptolemy.util.test.junit.AutoTests" name="[58] /home/travis/build/icyphy/ptII/ptolemy/domains/de/test/auto/ResettableTimer1.xml (RunModel)" time="0.011" />
  <testcase classname="ptolemy.util.test.junit.AutoTests" name="[59] /home/travis/build/icyphy/ptII/ptolemy/domains/de/test/auto/ResettableTimer2.xml (RunModel)" time="0.01" />
  <testcase classname="ptolemy.util.test.junit.AutoTests" name="[60] /home/travis/build/icyphy/ptII/ptolemy/domains/de/test/auto/ResettableTimer3.xml (RunModel)" time="0.012" />
  <testcase classname="ptolemy.util.test.junit.AutoTests" name="[61] /home/travis/build/icyphy/ptII/ptolemy/domains/de/test/auto/ResettableTimer4.xml (RunModel)" time="0.009" />
  <testcase classname="ptolemy.util.test.junit.AutoTests" name="[62] /home/travis/build/icyphy/ptII/ptolemy/domains/de/test/auto/ResettableTimer5.xml (RunModel)" time="0.01" />
  <testcase classname="ptolemy.util.test.junit.AutoTests" name="[63] /home/travis/build/icyphy/ptII/ptolemy/domains/de/test/auto/ResettableTimer6.xml (RunModel)" time="0.018" />
  <testcase classname="ptolemy.util.test.junit.AutoTests" name="[64] /home/travis/build/icyphy/ptII/ptolemy/domains/de/test/auto/ServerZeroDelay.xml (RunModel)" time="0.018" />
  <testcase classname="ptolemy.util.test.junit.AutoTests" name="[65] /home/travis/build/icyphy/ptII/ptolemy/domains/de/test/auto/SmartSender.xml (RunModel)" time="3.009" />
  <testcase classname="ptolemy.util.test.junit.AutoTests" name="[66] /home/travis/build/icyphy/ptII/ptolemy/domains/de/test/auto/ThreadedComposite.xml (RunModel)" time="0.128" />
  <testcase classname="ptolemy.util.test.junit.AutoTests" name="[67] /home/travis/build/icyphy/ptII/ptolemy/domains/de/test/auto/Time.xml (RunModel)" time="0.438" />
  <testcase classname="ptolemy.util.test.junit.AutoTests" name="[68] /home/travis/build/icyphy/ptII/ptolemy/domains/de/test/auto/TimeDelayZeroDelay.xml (RunModel)" time="0.012" />
  <testcase classname="ptolemy.util.test.junit.AutoTests" name="[69] /home/travis/build/icyphy/ptII/ptolemy/domains/de/test/auto/TimerZeroDelay.xml (RunModel)" time="0.012" />
  <testcase classname="ptolemy.util.test.junit.AutoTests" name="[70] /home/travis/build/icyphy/ptII/ptolemy/domains/de/test/auto/TimingParadox.xml (RunModel)" time="0.344" />
  <testcase classname="ptolemy.util.test.junit.AutoTests" name="[71] /home/travis/build/icyphy/ptII/ptolemy/domains/de/test/auto/TransferInputs.xml (RunModel)" time="0.017" />
  <testcase classname="ptolemy.util.test.junit.AutoTests" name="[72] /home/travis/build/icyphy/ptII/ptolemy/domains/de/test/auto/TransferOutputs2.xml (RunModel)" time="0.017" />
  <testcase classname="ptolemy.util.test.junit.AutoTests" name="[73] /home/travis/build/icyphy/ptII/ptolemy/domains/de/test/auto/Trilateration.xml (RunModel)" time="11.349" />
  <testcase classname="ptolemy.util.test.junit.AutoTests" name="[74] /home/travis/build/icyphy/ptII/ptolemy/domains/de/test/auto/TwoSigmaDelta.xml (RunModel)" time="1.886" />
  <testcase classname="ptolemy.util.test.junit.AutoTests" name="[75] /home/travis/build/icyphy/ptII/ptolemy/domains/de/test/auto/VariableDelay.xml (RunModel)" time="0.017" />
  <testcase classname="ptolemy.util.test.junit.AutoTests" name="[76] /home/travis/build/icyphy/ptII/ptolemy/domains/de/test/auto/VariableDelay2.xml (RunModel)" time="0.01" />
  <testcase classname="ptolemy.util.test.junit.AutoTests" name="[77] /home/travis/build/icyphy/ptII/ptolemy/domains/de/test/auto/VariableDelayZeroDelay.xml (RunModel)" time="0.01" />
  <testcase classname="ptolemy.util.test.junit.AutoTests" name="[78] /home/travis/build/icyphy/ptII/ptolemy/domains/de/test/auto/VariableDelayZeroDelay2.xml (RunModel)" time="0.018" />
  <testcase classname="ptolemy.util.test.junit.AutoTests" name="[79] /home/travis/build/icyphy/ptII/ptolemy/domains/de/test/auto/deInCt.xml (RunModel)" time="0.014" />
  <testcase classname="ptolemy.util.test.junit.AutoTests" name="[80] /home/travis/build/icyphy/ptII/ptolemy/domains/de/test/auto/deInCt2.xml (RunModel)" time="0.015" />
  <testcase classname="ptolemy.util.test.junit.AutoTests" name="[81] /home/travis/build/icyphy/ptII/ptolemy/domains/de/test/auto/dynamicCausalityInterface1.xml (RunModel)" time="0.02" />
  <testcase classname="ptolemy.util.test.junit.AutoTests" name="[82] /home/travis/build/icyphy/ptII/ptolemy/domains/de/test/auto/fsm_de_test.xml (RunModel)" time="0.031" />
  <testcase classname="ptolemy.util.test.junit.AutoTests" name="[83] /home/travis/build/icyphy/ptII/ptolemy/domains/de/test/auto/functionDependencyReconstruction.xml (RunModel)" time="0.053" />
  <testcase classname="ptolemy.util.test.junit.AutoTests" name="[84] /home/travis/build/icyphy/ptII/ptolemy/domains/de/test/auto/multirate.xml (RunModel)" time="0.016" />
  <testcase classname="ptolemy.util.test.junit.AutoTests" name="[85] /home/travis/build/icyphy/ptII/ptolemy/domains/de/test/auto/multirate2.xml (RunModel)" time="0.018" />
  <testcase classname="ptolemy.util.test.junit.AutoTests" name="[86] /home/travis/build/icyphy/ptII/ptolemy/domains/de/test/auto/realtime.xml (RunModel)" time="10.013" />
  <testcase classname="ptolemy.util.test.junit.AutoTests" name="[87] /home/travis/build/icyphy/ptII/ptolemy/domains/de/test/auto/relationGroup.xml (RunModel)" time="0.009" />
  <testcase classname="ptolemy.util.test.junit.AutoTests" name="[88] /home/travis/build/icyphy/ptII/ptolemy/domains/de/test/auto/relationGroup2.xml (RunModel)" time="0.007" />
  <testcase classname="ptolemy.util.test.junit.AutoTests" name="[89] /home/travis/build/icyphy/ptII/ptolemy/domains/de/test/auto/sortWithOpaquePorts.xml (RunModel)" time="0.016" />
  <testcase classname="ptolemy.util.test.junit.AutoTests" name="[90] /home/travis/build/icyphy/ptII/ptolemy/domains/de/test/auto/transferInputsandOutputs.xml (RunModel)" time="0.012" />
  <testcase classname="ptolemy.util.test.junit.AutoTests" name="[91] /home/travis/build/icyphy/ptII/ptolemy/domains/de/test/auto/triggerType.xml (RunModel)" time="0.006" />
  <system-out><![CDATA[/home/travis/build/icyphy/ptII/ptolemy/domains/de/test/DependencyLoop.tcl
testDefs.tcl: setting time out to 9000 seconds at Tue May 28 04:27:05 UTC 2019
17 ms. Memory: 116224K Free: 97611K (84%)
29 ms. Memory: 146944K Free: 141240K (96%)
/home/travis/build/icyphy/ptII/ptolemy/domains/de/test/RunDETestsAsQSS.tcl
Run the DE tests using ptolemy.domains.qss.test.QSSDirectorTest, which extends QSSDirector and prints a message in the constructors.
------------------ testing $PTII/ptolemy/domains/de/test/auto/knownFailedTests/dependencyLoop.xml (Known Failure) 
17 ms. Memory: 146944K Free: 136995K (93%)


==== $PTIIhome/travis/build/icyphy/ptII/ptolemy/domains/de/test/../../../../: Auto Automatic test in file $PTII/ptolemy/domains/de/test/auto/knownFailedTests/dependencyLoop.xml
==== Contents of test case:

	    # FIXME: we should use $relativeFilename here, but it
	    # might have backslashes under Windows, which causes no end
	    # of trouble.
	    createAndExecute $file
	    list {}
	
.... Test generated KNOWN error:
    while executing
ptolemy.kernel.util.IllegalActionException: Found a zero delay loop containing .dependencyLoop.original
  in .dependencyLoop and .dependencyLoop.original
	at ptolemy.actor.util.CausalityInterfaceForComposites._computeOutputPortDepth(CausalityInterfaceForComposites.java:759)
	at ptolemy.actor.util.CausalityInterfaceForComposites._computeInputDepth(CausalityInterfaceForComposites.java:696)
	at ptolemy.actor.util.CausalityInterfaceForComposites._computeOutputPortDepth(CausalityInterfaceForComposites.java:765)
	at ptolemy.actor.util.CausalityInterfaceForComposites._computeInputDepth(CausalityInterfaceForComposites.java:696)
	at ptolemy.actor.util.CausalityInterfaceForComposites._computeOutputPortDepth(CausalityInterfaceForComposites.java:765)
	at ptolemy.actor.util.CausalityInterfaceForComposites._computeInputDepth(CausalityInterfaceForComposites.java:696)
	at ptolemy.actor.util.CausalityInterfaceForComposites._computeActorDepth(CausalityInterfaceForComposites.java:532)
	at ptolemy.actor.util.CausalityInterfaceForComposites.checkForCycles(CausalityInterfaceForComposites.java:96)
	at ptolemy.domains.de.kernel.DEDirector.preinitialize(DEDirector.java:1338)
	at ptolemy.actor.CompositeActor.preinitialize(CompositeActor.java:1828)
	at ptolemy.actor.Manager.preinitializeAndResolveTypes(Manager.java:1040)
	at ptolemy.actor.Manager.initialize(Manager.java:710)
	at ptolemy.actor.Manager.execute(Manager.java:356)
	at ptolemy.actor.Manager.run(Manager.java:1263)
	at ptolemy.actor.Manager$PtolemyRunThread.run(Manager.java:1915)

    while executing
ptolemy.kernel.util.IllegalActionException: Found a zero delay loop containing .dependencyLoop.original
  in .dependencyLoop and .dependencyLoop.original
    while executing
"java::new ptolemy.moml.MoMLSimpleApplication $file
"
    (procedure "createAndExecute" line 2)
    invoked from within
"createAndExecute $file"
    ("uplevel" body line 5)
    invoked from within
"uplevel $contents_of_test"
------------------ testing $PTII/ptolemy/domains/de/test/auto/knownFailedTests/DESDFClockTest.xml (Known Failure) 
2071 ms. Memory: 146944K Free: 121431K (83%)


==== $PTIIhome/travis/build/icyphy/ptII/ptolemy/domains/de/test/../../../../: Auto Automatic test in file $PTII/ptolemy/domains/de/test/auto/knownFailedTests/DESDFClockTest.xml
==== Contents of test case:

	    # FIXME: we should use $relativeFilename here, but it
	    # might have backslashes under Windows, which causes no end
	    # of trouble.
	    createAndExecute $file
	    list {}
	
.... Test generated KNOWN error:
    while executing
ptolemy.kernel.util.IllegalActionException: Actor is not ready to fire.  Perhaps UpSample.prefire() returned false? Try debugging the actor by selecting "Listen to Actor".  Also, for SDF check moml for tokenConsumptionRate on input.
  in .DESDFClockTest.Play Bell.Copy1:SDF Director and .DESDFClockTest.Play Bell.UpSample
	at ptolemy.actor.sched.StaticSchedulingDirector.fire(StaticSchedulingDirector.java:227)
	at ptolemy.domains.sdf.kernel.SDFDirector.fire(SDFDirector.java:500)
	at ptolemy.actor.CompositeActor.fire(CompositeActor.java:455)
	at ptolemy.domains.de.kernel.DEDirector._fire(DEDirector.java:1949)
	at ptolemy.domains.de.kernel.DEDirector.fire(DEDirector.java:502)
	at ptolemy.actor.CompositeActor.fire(CompositeActor.java:455)
	at ptolemy.actor.Manager.iterate(Manager.java:851)
	at ptolemy.actor.Manager.execute(Manager.java:369)
	at ptolemy.actor.Manager.run(Manager.java:1263)
	at ptolemy.actor.Manager$PtolemyRunThread.run(Manager.java:1915)

    while executing
ptolemy.kernel.util.IllegalActionException: Actor is not ready to fire.  Perhaps UpSample.prefire() returned false? Try debugging the actor by selecting "Listen to Actor".  Also, for SDF check moml for tokenConsumptionRate on input.
  in .DESDFClockTest.Play Bell.Copy1:SDF Director and .DESDFClockTest.Play Bell.UpSample
    while executing
"java::new ptolemy.moml.MoMLSimpleApplication $file
"
    (procedure "createAndExecute" line 2)
    invoked from within
"createAndExecute $file"
    ("uplevel" body line 5)
    invoked from within
"uplevel $contents_of_test"
------------------ testing $PTII/ptolemy/domains/de/test/auto/knownFailedTests/FSMSource.xml (Known Failure) 
34 ms. Memory: 146944K Free: 112572K (77%)
!!!! Auto was marked as failing, but now passes
------------------ testing $PTII/ptolemy/domains/de/test/auto/knownFailedTests/dependencyLoop2.xml (Known Failure) 
6 ms. Memory: 146944K Free: 110689K (75%)


==== $PTIIhome/travis/build/icyphy/ptII/ptolemy/domains/de/test/../../../../: Auto Automatic test in file $PTII/ptolemy/domains/de/test/auto/knownFailedTests/dependencyLoop2.xml
==== Contents of test case:

	    # FIXME: we should use $relativeFilename here, but it
	    # might have backslashes under Windows, which causes no end
	    # of trouble.
	    createAndExecute $file
	    list {}
	
.... Test generated KNOWN error:
    while executing
ptolemy.kernel.util.IllegalActionException: Found a zero delay loop containing .dependencyLoop2.original
  in .dependencyLoop2 and .dependencyLoop2.original
	at ptolemy.actor.util.CausalityInterfaceForComposites._computeOutputPortDepth(CausalityInterfaceForComposites.java:759)
	at ptolemy.actor.util.CausalityInterfaceForComposites._computeInputDepth(CausalityInterfaceForComposites.java:696)
	at ptolemy.actor.util.CausalityInterfaceForComposites._computeOutputPortDepth(CausalityInterfaceForComposites.java:765)
	at ptolemy.actor.util.CausalityInterfaceForComposites._computeInputDepth(CausalityInterfaceForComposites.java:696)
	at ptolemy.actor.util.CausalityInterfaceForComposites._computeOutputPortDepth(CausalityInterfaceForComposites.java:765)
	at ptolemy.actor.util.CausalityInterfaceForComposites._computeInputDepth(CausalityInterfaceForComposites.java:696)
	at ptolemy.actor.util.CausalityInterfaceForComposites._computeActorDepth(CausalityInterfaceForComposites.java:532)
	at ptolemy.actor.util.CausalityInterfaceForComposites.checkForCycles(CausalityInterfaceForComposites.java:96)
	at ptolemy.domains.de.kernel.DEDirector.preinitialize(DEDirector.java:1338)
	at ptolemy.actor.CompositeActor.preinitialize(CompositeActor.java:1828)
	at ptolemy.actor.Manager.preinitializeAndResolveTypes(Manager.java:1040)
	at ptolemy.actor.Manager.initialize(Manager.java:710)
	at ptolemy.actor.Manager.execute(Manager.java:356)
	at ptolemy.actor.Manager.run(Manager.java:1263)
	at ptolemy.actor.Manager$PtolemyRunThread.run(Manager.java:1915)

    while executing
ptolemy.kernel.util.IllegalActionException: Found a zero delay loop containing .dependencyLoop2.original
  in .dependencyLoop2 and .dependencyLoop2.original
    while executing
"java::new ptolemy.moml.MoMLSimpleApplication $file
"
    (procedure "createAndExecute" line 2)
    invoked from within
"createAndExecute $file"
    ("uplevel" body line 5)
    invoked from within
"uplevel $contents_of_test"
------------------ testing $PTII/ptolemy/domains/de/test/auto/knownFailedTests/HierarchicalModel.xml (Known Failure) 
9 ms. Memory: 146944K Free: 90552K (62%)


==== $PTIIhome/travis/build/icyphy/ptII/ptolemy/domains/de/test/../../../../: Auto Automatic test in file $PTII/ptolemy/domains/de/test/auto/knownFailedTests/HierarchicalModel.xml
==== Contents of test case:

	    # FIXME: we should use $relativeFilename here, but it
	    # might have backslashes under Windows, which causes no end
	    # of trouble.
	    createAndExecute $file
	    list {}
	
.... Test generated KNOWN error:
    while executing
ptolemy.kernel.util.IllegalActionException: Found a zero delay loop containing .HierarchicalModel.A
  in .HierarchicalModel and .HierarchicalModel.A
	at ptolemy.actor.util.CausalityInterfaceForComposites._computeOutputPortDepth(CausalityInterfaceForComposites.java:759)
	at ptolemy.actor.util.CausalityInterfaceForComposites._computeInputDepth(CausalityInterfaceForComposites.java:696)
	at ptolemy.actor.util.CausalityInterfaceForComposites._computeOutputPortDepth(CausalityInterfaceForComposites.java:765)
	at ptolemy.actor.util.CausalityInterfaceForComposites._computeInputDepth(CausalityInterfaceForComposites.java:696)
	at ptolemy.actor.util.CausalityInterfaceForComposites._computeOutputPortDepth(CausalityInterfaceForComposites.java:765)
	at ptolemy.actor.util.CausalityInterfaceForComposites._computeInputDepth(CausalityInterfaceForComposites.java:696)
	at ptolemy.actor.util.CausalityInterfaceForComposites._computeActorDepth(CausalityInterfaceForComposites.java:532)
	at ptolemy.actor.util.CausalityInterfaceForComposites.checkForCycles(CausalityInterfaceForComposites.java:96)
	at ptolemy.domains.de.kernel.DEDirector.preinitialize(DEDirector.java:1338)
	at ptolemy.actor.CompositeActor.preinitialize(CompositeActor.java:1828)
	at ptolemy.actor.Manager.preinitializeAndResolveTypes(Manager.java:1040)
	at ptolemy.actor.Manager.initialize(Manager.java:710)
	at ptolemy.actor.Manager.execute(Manager.java:356)
	at ptolemy.actor.Manager.run(Manager.java:1263)
	at ptolemy.actor.Manager$PtolemyRunThread.run(Manager.java:1915)

    while executing
ptolemy.kernel.util.IllegalActionException: Found a zero delay loop containing .HierarchicalModel.A
  in .HierarchicalModel and .HierarchicalModel.A
    while executing
"java::new ptolemy.moml.MoMLSimpleApplication $file
"
    (procedure "createAndExecute" line 2)
    invoked from within
"createAndExecute $file"
    ("uplevel" body line 5)
    invoked from within
"uplevel $contents_of_test"
------------------ testing $PTII/ptolemy/domains/de/test/auto/knownFailedTests/DirectFeedback.xml (Known Failure) 
4 ms. Memory: 146944K Free: 86442K (59%)


==== $PTIIhome/travis/build/icyphy/ptII/ptolemy/domains/de/test/../../../../: Auto Automatic test in file $PTII/ptolemy/domains/de/test/auto/knownFailedTests/DirectFeedback.xml
==== Contents of test case:

	    # FIXME: we should use $relativeFilename here, but it
	    # might have backslashes under Windows, which causes no end
	    # of trouble.
	    createAndExecute $file
	    list {}
	
.... Test generated KNOWN error:
    while executing
ptolemy.kernel.util.IllegalActionException: Test fails in iteration 1.
Value was: 1.0. Should have been: 2.0
  in .DirectFeedback.Test
	at ptolemy.actor.lib.Test.fire(Test.java:268)
	at ptolemy.domains.de.kernel.DEDirector._fire(DEDirector.java:1949)
	at ptolemy.domains.de.kernel.DEDirector.fire(DEDirector.java:502)
	at ptolemy.actor.CompositeActor.fire(CompositeActor.java:455)
	at ptolemy.actor.Manager.iterate(Manager.java:851)
	at ptolemy.actor.Manager.execute(Manager.java:369)
	at ptolemy.actor.Manager.run(Manager.java:1263)
	at ptolemy.actor.Manager$PtolemyRunThread.run(Manager.java:1915)

    while executing
ptolemy.kernel.util.IllegalActionException: Test fails in iteration 1.
Value was: 1.0. Should have been: 2.0
  in .DirectFeedback.Test
    while executing
"java::new ptolemy.moml.MoMLSimpleApplication $file
"
    (procedure "createAndExecute" line 2)
    invoked from within
"createAndExecute $file"
    ("uplevel" body line 5)
    invoked from within
"uplevel $contents_of_test"
------------------ testing $PTII/ptolemy/domains/de/test/auto/ActorDepthCalculation_actorWithoutPorts.xml
auto.tcl: Setting watchdog for 200 seconds at Tue May 28 04:27:09 UTC 2019
6 ms. Memory: 146944K Free: 138673K (94%)
ptolemy.util.test.WatchDog.cancel(): canceling Tue May 28 04:27:09 UTC 2019
auto.tcl: Setting watchdog for 200 seconds at Tue May 28 04:27:09 UTC 2019
4 ms. Memory: 146944K Free: 137652K (94%)
ptolemy.util.test.WatchDog.cancel(): canceling Tue May 28 04:27:09 UTC 2019
------------------ testing $PTII/ptolemy/domains/de/test/auto/AssemblyLine.xml
auto.tcl: Setting watchdog for 200 seconds at Tue May 28 04:27:09 UTC 2019
17 ms. Memory: 208384K Free: 183912K (88%)
ptolemy.util.test.WatchDog.cancel(): canceling Tue May 28 04:27:09 UTC 2019
auto.tcl: Setting watchdog for 200 seconds at Tue May 28 04:27:09 UTC 2019
8 ms. Memory: 208384K Free: 183912K (88%)
ptolemy.util.test.WatchDog.cancel(): canceling Tue May 28 04:27:09 UTC 2019
------------------ testing $PTII/ptolemy/domains/de/test/auto/CQBug1.xml
auto.tcl: Setting watchdog for 200 seconds at Tue May 28 04:27:10 UTC 2019
5 ms. Memory: 208384K Free: 197903K (95%)
ptolemy.util.test.WatchDog.cancel(): canceling Tue May 28 04:27:10 UTC 2019
auto.tcl: Setting watchdog for 200 seconds at Tue May 28 04:27:10 UTC 2019
2 ms. Memory: 208384K Free: 197903K (95%)
ptolemy.util.test.WatchDog.cancel(): canceling Tue May 28 04:27:10 UTC 2019
------------------ testing $PTII/ptolemy/domains/de/test/auto/CancelFireAt.xml
auto.tcl: Setting watchdog for 200 seconds at Tue May 28 04:27:10 UTC 2019
10 ms. Memory: 208384K Free: 201158K (97%)
ptolemy.util.test.WatchDog.cancel(): canceling Tue May 28 04:27:10 UTC 2019
auto.tcl: Setting watchdog for 200 seconds at Tue May 28 04:27:10 UTC 2019
4 ms. Memory: 208384K Free: 199115K (96%)
ptolemy.util.test.WatchDog.cancel(): canceling Tue May 28 04:27:10 UTC 2019
------------------ testing $PTII/ptolemy/domains/de/test/auto/CausalityAndComposabilityAnalysis.xml
auto.tcl: Setting watchdog for 200 seconds at Tue May 28 04:27:10 UTC 2019
15 ms. Memory: 208384K Free: 199122K (96%)
ptolemy.util.test.WatchDog.cancel(): canceling Tue May 28 04:27:10 UTC 2019
auto.tcl: Setting watchdog for 200 seconds at Tue May 28 04:27:10 UTC 2019
6 ms. Memory: 208384K Free: 196560K (94%)
ptolemy.util.test.WatchDog.cancel(): canceling Tue May 28 04:27:10 UTC 2019
------------------ testing $PTII/ptolemy/domains/de/test/auto/CausalityInterface1.xml
auto.tcl: Setting watchdog for 200 seconds at Tue May 28 04:27:10 UTC 2019
21 ms. Memory: 208384K Free: 196498K (94%)
ptolemy.util.test.WatchDog.cancel(): canceling Tue May 28 04:27:10 UTC 2019
auto.tcl: Setting watchdog for 200 seconds at Tue May 28 04:27:10 UTC 2019
4 ms. Memory: 208384K Free: 196498K (94%)
ptolemy.util.test.WatchDog.cancel(): canceling Tue May 28 04:27:10 UTC 2019
------------------ testing $PTII/ptolemy/domains/de/test/auto/CausalityInterface15.xml
auto.tcl: Setting watchdog for 200 seconds at Tue May 28 04:27:10 UTC 2019
5 ms. Memory: 208384K Free: 196457K (94%)
ptolemy.util.test.WatchDog.cancel(): canceling Tue May 28 04:27:10 UTC 2019
auto.tcl: Setting watchdog for 200 seconds at Tue May 28 04:27:10 UTC 2019
4 ms. Memory: 208384K Free: 196457K (94%)
ptolemy.util.test.WatchDog.cancel(): canceling Tue May 28 04:27:10 UTC 2019
------------------ testing $PTII/ptolemy/domains/de/test/auto/CausalityInterface2.xml
auto.tcl: Setting watchdog for 200 seconds at Tue May 28 04:27:10 UTC 2019
11 ms. Memory: 208384K Free: 196473K (94%)
ptolemy.util.test.WatchDog.cancel(): canceling Tue May 28 04:27:10 UTC 2019
auto.tcl: Setting watchdog for 200 seconds at Tue May 28 04:27:10 UTC 2019
3 ms. Memory: 208384K Free: 196473K (94%)
ptolemy.util.test.WatchDog.cancel(): canceling Tue May 28 04:27:10 UTC 2019
------------------ testing $PTII/ptolemy/domains/de/test/auto/CausalityInterface3.xml
auto.tcl: Setting watchdog for 200 seconds at Tue May 28 04:27:10 UTC 2019
8 ms. Memory: 208384K Free: 196486K (94%)
ptolemy.util.test.WatchDog.cancel(): canceling Tue May 28 04:27:10 UTC 2019
auto.tcl: Setting watchdog for 200 seconds at Tue May 28 04:27:10 UTC 2019
3 ms. Memory: 208384K Free: 196486K (94%)
ptolemy.util.test.WatchDog.cancel(): canceling Tue May 28 04:27:10 UTC 2019
------------------ testing $PTII/ptolemy/domains/de/test/auto/ClockDrift.xml
auto.tcl: Setting watchdog for 200 seconds at Tue May 28 04:27:10 UTC 2019
100 ms. Memory: 208384K Free: 187888K (90%)
ptolemy.util.test.WatchDog.cancel(): canceling Tue May 28 04:27:11 UTC 2019
auto.tcl: Setting watchdog for 200 seconds at Tue May 28 04:27:11 UTC 2019
57 ms. Memory: 208384K Free: 185845K (89%)
ptolemy.util.test.WatchDog.cancel(): canceling Tue May 28 04:27:11 UTC 2019
------------------ testing $PTII/ptolemy/domains/de/test/auto/ClockDriftAndValueChange.xml
auto.tcl: Setting watchdog for 200 seconds at Tue May 28 04:27:11 UTC 2019
49 ms. Memory: 208384K Free: 189765K (91%)
ptolemy.util.test.WatchDog.cancel(): canceling Tue May 28 04:27:11 UTC 2019
auto.tcl: Setting watchdog for 200 seconds at Tue May 28 04:27:11 UTC 2019
40 ms. Memory: 208384K Free: 185676K (89%)
ptolemy.util.test.WatchDog.cancel(): canceling Tue May 28 04:27:11 UTC 2019
------------------ testing $PTII/ptolemy/domains/de/test/auto/ClockDriftChange.xml
auto.tcl: Setting watchdog for 200 seconds at Tue May 28 04:27:11 UTC 2019
41 ms. Memory: 208384K Free: 190987K (92%)
ptolemy.util.test.WatchDog.cancel(): canceling Tue May 28 04:27:11 UTC 2019
auto.tcl: Setting watchdog for 200 seconds at Tue May 28 04:27:11 UTC 2019
29 ms. Memory: 208384K Free: 188944K (91%)
ptolemy.util.test.WatchDog.cancel(): canceling Tue May 28 04:27:11 UTC 2019
------------------ testing $PTII/ptolemy/domains/de/test/auto/ComposableCausalityAnalysis.xml
auto.tcl: Setting watchdog for 200 seconds at Tue May 28 04:27:11 UTC 2019
3 ms. Memory: 208384K Free: 196338K (94%)
ptolemy.util.test.WatchDog.cancel(): canceling Tue May 28 04:27:11 UTC 2019
auto.tcl: Setting watchdog for 200 seconds at Tue May 28 04:27:11 UTC 2019
2 ms. Memory: 208384K Free: 194295K (93%)
ptolemy.util.test.WatchDog.cancel(): canceling Tue May 28 04:27:11 UTC 2019
------------------ testing $PTII/ptolemy/domains/de/test/auto/DEFixedPointLimitation.xml
auto.tcl: Setting watchdog for 200 seconds at Tue May 28 04:27:11 UTC 2019
2 ms. Memory: 208384K Free: 198259K (95%)
ptolemy.util.test.WatchDog.cancel(): canceling Tue May 28 04:27:11 UTC 2019
auto.tcl: Setting watchdog for 200 seconds at Tue May 28 04:27:11 UTC 2019
2 ms. Memory: 208384K Free: 196216K (94%)
ptolemy.util.test.WatchDog.cancel(): canceling Tue May 28 04:27:11 UTC 2019
------------------ testing $PTII/ptolemy/domains/de/test/auto/DEScheduleTest.xml
auto.tcl: Setting watchdog for 200 seconds at Tue May 28 04:27:11 UTC 2019
15 ms. Memory: 208384K Free: 198293K (95%)
ptolemy.util.test.WatchDog.cancel(): canceling Tue May 28 04:27:11 UTC 2019
auto.tcl: Setting watchdog for 200 seconds at Tue May 28 04:27:11 UTC 2019
3 ms. Memory: 208384K Free: 196250K (94%)
ptolemy.util.test.WatchDog.cancel(): canceling Tue May 28 04:27:11 UTC 2019
------------------ testing $PTII/ptolemy/domains/de/test/auto/DEinDEwithStartTimes.xml
auto.tcl: Setting watchdog for 200 seconds at Tue May 28 04:27:11 UTC 2019
4 ms. Memory: 208384K Free: 196220K (94%)
ptolemy.util.test.WatchDog.cancel(): canceling Tue May 28 04:27:11 UTC 2019
auto.tcl: Setting watchdog for 200 seconds at Tue May 28 04:27:11 UTC 2019
3 ms. Memory: 208384K Free: 196220K (94%)
ptolemy.util.test.WatchDog.cancel(): canceling Tue May 28 04:27:11 UTC 2019
------------------ testing $PTII/ptolemy/domains/de/test/auto/DEinDEwithStartTimes2.xml
auto.tcl: Setting watchdog for 200 seconds at Tue May 28 04:27:11 UTC 2019
6 ms. Memory: 208384K Free: 196197K (94%)
ptolemy.util.test.WatchDog.cancel(): canceling Tue May 28 04:27:11 UTC 2019
auto.tcl: Setting watchdog for 200 seconds at Tue May 28 04:27:11 UTC 2019
3 ms. Memory: 208384K Free: 194154K (93%)
ptolemy.util.test.WatchDog.cancel(): canceling Tue May 28 04:27:11 UTC 2019
------------------ testing $PTII/ptolemy/domains/de/test/auto/DateDemo.xml
auto.tcl: Setting watchdog for 200 seconds at Tue May 28 04:27:11 UTC 2019
8 ms. Memory: 208384K Free: 188805K (91%)
ptolemy.util.test.WatchDog.cancel(): canceling Tue May 28 04:27:12 UTC 2019
auto.tcl: Setting watchdog for 200 seconds at Tue May 28 04:27:12 UTC 2019
8 ms. Memory: 208384K Free: 186762K (90%)
ptolemy.util.test.WatchDog.cancel(): canceling Tue May 28 04:27:12 UTC 2019
------------------ testing $PTII/ptolemy/domains/de/test/auto/DateToEvent.xml
auto.tcl: Setting watchdog for 200 seconds at Tue May 28 04:27:12 UTC 2019
2010 ms. Memory: 208384K Free: 181246K (87%)
ptolemy.util.test.WatchDog.cancel(): canceling Tue May 28 04:27:14 UTC 2019
auto.tcl: Setting watchdog for 200 seconds at Tue May 28 04:27:14 UTC 2019
2004 ms. Memory: 208384K Free: 181246K (87%)
ptolemy.util.test.WatchDog.cancel(): canceling Tue May 28 04:27:16 UTC 2019
------------------ testing $PTII/ptolemy/domains/de/test/auto/DepthTest1.xml
auto.tcl: Setting watchdog for 200 seconds at Tue May 28 04:27:16 UTC 2019
2 ms. Memory: 208384K Free: 198337K (95%)
ptolemy.util.test.WatchDog.cancel(): canceling Tue May 28 04:27:16 UTC 2019
auto.tcl: Setting watchdog for 200 seconds at Tue May 28 04:27:16 UTC 2019
2 ms. Memory: 208384K Free: 198337K (95%)
ptolemy.util.test.WatchDog.cancel(): canceling Tue May 28 04:27:16 UTC 2019
------------------ testing $PTII/ptolemy/domains/de/test/auto/DepthTest2.xml
auto.tcl: Setting watchdog for 200 seconds at Tue May 28 04:27:16 UTC 2019
3 ms. Memory: 208384K Free: 194165K (93%)
ptolemy.util.test.WatchDog.cancel(): canceling Tue May 28 04:27:16 UTC 2019
auto.tcl: Setting watchdog for 200 seconds at Tue May 28 04:27:16 UTC 2019
2 ms. Memory: 208384K Free: 194165K (93%)
ptolemy.util.test.WatchDog.cancel(): canceling Tue May 28 04:27:16 UTC 2019
------------------ testing $PTII/ptolemy/domains/de/test/auto/DepthTest3.xml
auto.tcl: Setting watchdog for 200 seconds at Tue May 28 04:27:16 UTC 2019
2 ms. Memory: 208384K Free: 198152K (95%)
ptolemy.util.test.WatchDog.cancel(): canceling Tue May 28 04:27:16 UTC 2019
auto.tcl: Setting watchdog for 200 seconds at Tue May 28 04:27:16 UTC 2019
2 ms. Memory: 208384K Free: 198152K (95%)
ptolemy.util.test.WatchDog.cancel(): canceling Tue May 28 04:27:16 UTC 2019
------------------ testing $PTII/ptolemy/domains/de/test/auto/DepthTest4.xml
auto.tcl: Setting watchdog for 200 seconds at Tue May 28 04:27:16 UTC 2019
4 ms. Memory: 208384K Free: 196196K (94%)
ptolemy.util.test.WatchDog.cancel(): canceling Tue May 28 04:27:16 UTC 2019
auto.tcl: Setting watchdog for 200 seconds at Tue May 28 04:27:16 UTC 2019
2 ms. Memory: 208384K Free: 196196K (94%)
ptolemy.util.test.WatchDog.cancel(): canceling Tue May 28 04:27:16 UTC 2019
------------------ testing $PTII/ptolemy/domains/de/test/auto/DepthTest5.xml
auto.tcl: Setting watchdog for 200 seconds at Tue May 28 04:27:16 UTC 2019
4 ms. Memory: 208384K Free: 196143K (94%)
ptolemy.util.test.WatchDog.cancel(): canceling Tue May 28 04:27:16 UTC 2019
auto.tcl: Setting watchdog for 200 seconds at Tue May 28 04:27:16 UTC 2019
2 ms. Memory: 208384K Free: 196143K (94%)
ptolemy.util.test.WatchDog.cancel(): canceling Tue May 28 04:27:16 UTC 2019
------------------ testing $PTII/ptolemy/domains/de/test/auto/DepthTest6.xml
auto.tcl: Setting watchdog for 200 seconds at Tue May 28 04:27:16 UTC 2019
7 ms. Memory: 208384K Free: 196638K (94%)
ptolemy.util.test.WatchDog.cancel(): canceling Tue May 28 04:27:16 UTC 2019
auto.tcl: Setting watchdog for 200 seconds at Tue May 28 04:27:16 UTC 2019
1 ms. Memory: 208384K Free: 196638K (94%)
ptolemy.util.test.WatchDog.cancel(): canceling Tue May 28 04:27:16 UTC 2019
------------------ testing $PTII/ptolemy/domains/de/test/auto/DepthTest7.xml
auto.tcl: Setting watchdog for 200 seconds at Tue May 28 04:27:16 UTC 2019
3 ms. Memory: 208384K Free: 196099K (94%)
ptolemy.util.test.WatchDog.cancel(): canceling Tue May 28 04:27:16 UTC 2019
auto.tcl: Setting watchdog for 200 seconds at Tue May 28 04:27:16 UTC 2019
2 ms. Memory: 208384K Free: 196099K (94%)
ptolemy.util.test.WatchDog.cancel(): canceling Tue May 28 04:27:16 UTC 2019
------------------ testing $PTII/ptolemy/domains/de/test/auto/EventToDate.xml
auto.tcl: Setting watchdog for 200 seconds at Tue May 28 04:27:16 UTC 2019
3007 ms. Memory: 208384K Free: 187940K (90%)
ptolemy.util.test.WatchDog.cancel(): canceling Tue May 28 04:27:19 UTC 2019
auto.tcl: Setting watchdog for 200 seconds at Tue May 28 04:27:19 UTC 2019
3006 ms. Memory: 208384K Free: 185897K (89%)
ptolemy.util.test.WatchDog.cancel(): canceling Tue May 28 04:27:22 UTC 2019
------------------ testing $PTII/ptolemy/domains/de/test/auto/FSM1.xml
auto.tcl: Setting watchdog for 200 seconds at Tue May 28 04:27:22 UTC 2019
17 ms. Memory: 208384K Free: 189786K (91%)
ptolemy.util.test.WatchDog.cancel(): canceling Tue May 28 04:27:22 UTC 2019
auto.tcl: Setting watchdog for 200 seconds at Tue May 28 04:27:22 UTC 2019
17 ms. Memory: 208384K Free: 185180K (89%)
ptolemy.util.test.WatchDog.cancel(): canceling Tue May 28 04:27:22 UTC 2019
------------------ testing $PTII/ptolemy/domains/de/test/auto/FSM7.xml
auto.tcl: Setting watchdog for 200 seconds at Tue May 28 04:27:22 UTC 2019
35 ms. Memory: 208384K Free: 189471K (91%)
ptolemy.util.test.WatchDog.cancel(): canceling Tue May 28 04:27:22 UTC 2019
auto.tcl: Setting watchdog for 200 seconds at Tue May 28 04:27:22 UTC 2019
19 ms. Memory: 208384K Free: 185385K (89%)
ptolemy.util.test.WatchDog.cancel(): canceling Tue May 28 04:27:23 UTC 2019
------------------ testing $PTII/ptolemy/domains/de/test/auto/Inspection.xml
auto.tcl: Setting watchdog for 200 seconds at Tue May 28 04:27:23 UTC 2019
24 ms. Memory: 208384K Free: 188634K (91%)
ptolemy.util.test.WatchDog.cancel(): canceling Tue May 28 04:27:23 UTC 2019
auto.tcl: Setting watchdog for 200 seconds at Tue May 28 04:27:23 UTC 2019
22 ms. Memory: 208384K Free: 186591K (90%)
ptolemy.util.test.WatchDog.cancel(): canceling Tue May 28 04:27:23 UTC 2019
------------------ testing $PTII/ptolemy/domains/de/test/auto/Iteration.xml
auto.tcl: Setting watchdog for 200 seconds at Tue May 28 04:27:23 UTC 2019
7 ms. Memory: 208384K Free: 196428K (94%)
ptolemy.util.test.WatchDog.cancel(): canceling Tue May 28 04:27:23 UTC 2019
auto.tcl: Setting watchdog for 200 seconds at Tue May 28 04:27:23 UTC 2019
6 ms. Memory: 208384K Free: 194385K (93%)
ptolemy.util.test.WatchDog.cancel(): canceling Tue May 28 04:27:23 UTC 2019
------------------ testing $PTII/ptolemy/domains/de/test/auto/LineFault.xml
auto.tcl: Setting watchdog for 200 seconds at Tue May 28 04:27:23 UTC 2019
549 ms. Memory: 208384K Free: 199657K (96%)
ptolemy.util.test.WatchDog.cancel(): canceling Tue May 28 04:27:24 UTC 2019
auto.tcl: Setting watchdog for 200 seconds at Tue May 28 04:27:24 UTC 2019
387 ms. Memory: 208384K Free: 142197K (68%)
ptolemy.util.test.WatchDog.cancel(): canceling Tue May 28 04:27:24 UTC 2019
------------------ testing $PTII/ptolemy/domains/de/test/auto/MergeModel1Add.xml
auto.tcl: Setting watchdog for 200 seconds at Tue May 28 04:27:24 UTC 2019
27 ms. Memory: 331264K Free: 300577K (91%)
ptolemy.util.test.WatchDog.cancel(): canceling Tue May 28 04:27:24 UTC 2019
auto.tcl: Setting watchdog for 200 seconds at Tue May 28 04:27:24 UTC 2019
8 ms. Memory: 331264K Free: 300577K (91%)
ptolemy.util.test.WatchDog.cancel(): canceling Tue May 28 04:27:24 UTC 2019
------------------ testing $PTII/ptolemy/domains/de/test/auto/MergeModel2Add.xml
auto.tcl: Setting watchdog for 200 seconds at Tue May 28 04:27:24 UTC 2019
11 ms. Memory: 331264K Free: 305518K (92%)
ptolemy.util.test.WatchDog.cancel(): canceling Tue May 28 04:27:24 UTC 2019
auto.tcl: Setting watchdog for 200 seconds at Tue May 28 04:27:24 UTC 2019
5 ms. Memory: 331264K Free: 301948K (91%)
ptolemy.util.test.WatchDog.cancel(): canceling Tue May 28 04:27:24 UTC 2019
------------------ testing $PTII/ptolemy/domains/de/test/auto/MergeModel3Add.xml
auto.tcl: Setting watchdog for 200 seconds at Tue May 28 04:27:24 UTC 2019
9 ms. Memory: 331264K Free: 305527K (92%)
ptolemy.util.test.WatchDog.cancel(): canceling Tue May 28 04:27:24 UTC 2019
auto.tcl: Setting watchdog for 200 seconds at Tue May 28 04:27:24 UTC 2019
8 ms. Memory: 331264K Free: 301957K (91%)
ptolemy.util.test.WatchDog.cancel(): canceling Tue May 28 04:27:24 UTC 2019
------------------ testing $PTII/ptolemy/domains/de/test/auto/MergeWithoutDiscard.xml
auto.tcl: Setting watchdog for 200 seconds at Tue May 28 04:27:24 UTC 2019
2 ms. Memory: 331264K Free: 316910K (96%)
ptolemy.util.test.WatchDog.cancel(): canceling Tue May 28 04:27:24 UTC 2019
auto.tcl: Setting watchdog for 200 seconds at Tue May 28 04:27:24 UTC 2019
1 ms. Memory: 331264K Free: 316910K (96%)
ptolemy.util.test.WatchDog.cancel(): canceling Tue May 28 04:27:24 UTC 2019
------------------ testing $PTII/ptolemy/domains/de/test/auto/Modal1.xml
auto.tcl: Setting watchdog for 200 seconds at Tue May 28 04:27:24 UTC 2019
11 ms. Memory: 331264K Free: 310490K (94%)
ptolemy.util.test.WatchDog.cancel(): canceling Tue May 28 04:27:24 UTC 2019
auto.tcl: Setting watchdog for 200 seconds at Tue May 28 04:27:24 UTC 2019
9 ms. Memory: 331264K Free: 306920K (93%)
ptolemy.util.test.WatchDog.cancel(): canceling Tue May 28 04:27:24 UTC 2019
------------------ testing $PTII/ptolemy/domains/de/test/auto/Modal2.xml
auto.tcl: Setting watchdog for 200 seconds at Tue May 28 04:27:25 UTC 2019
18 ms. Memory: 331264K Free: 310395K (94%)
ptolemy.util.test.WatchDog.cancel(): canceling Tue May 28 04:27:25 UTC 2019
auto.tcl: Setting watchdog for 200 seconds at Tue May 28 04:27:25 UTC 2019
14 ms. Memory: 331264K Free: 306825K (93%)
ptolemy.util.test.WatchDog.cancel(): canceling Tue May 28 04:27:25 UTC 2019
------------------ testing $PTII/ptolemy/domains/de/test/auto/Modal3.xml
auto.tcl: Setting watchdog for 200 seconds at Tue May 28 04:27:25 UTC 2019
15 ms. Memory: 331264K Free: 310362K (94%)
ptolemy.util.test.WatchDog.cancel(): canceling Tue May 28 04:27:25 UTC 2019
auto.tcl: Setting watchdog for 200 seconds at Tue May 28 04:27:25 UTC 2019
8 ms. Memory: 331264K Free: 306792K (93%)
ptolemy.util.test.WatchDog.cancel(): canceling Tue May 28 04:27:25 UTC 2019
------------------ testing $PTII/ptolemy/domains/de/test/auto/Modal4.xml
auto.tcl: Setting watchdog for 200 seconds at Tue May 28 04:27:25 UTC 2019
10 ms. Memory: 331264K Free: 310375K (94%)
ptolemy.util.test.WatchDog.cancel(): canceling Tue May 28 04:27:25 UTC 2019
auto.tcl: Setting watchdog for 200 seconds at Tue May 28 04:27:25 UTC 2019
9 ms. Memory: 331264K Free: 306805K (93%)
ptolemy.util.test.WatchDog.cancel(): canceling Tue May 28 04:27:25 UTC 2019
------------------ testing $PTII/ptolemy/domains/de/test/auto/Modal5.xml
auto.tcl: Setting watchdog for 200 seconds at Tue May 28 04:27:25 UTC 2019
16 ms. Memory: 331264K Free: 310378K (94%)
ptolemy.util.test.WatchDog.cancel(): canceling Tue May 28 04:27:25 UTC 2019
auto.tcl: Setting watchdog for 200 seconds at Tue May 28 04:27:25 UTC 2019
11 ms. Memory: 331264K Free: 306808K (93%)
ptolemy.util.test.WatchDog.cancel(): canceling Tue May 28 04:27:25 UTC 2019
------------------ testing $PTII/ptolemy/domains/de/test/auto/Modal6.xml
auto.tcl: Setting watchdog for 200 seconds at Tue May 28 04:27:25 UTC 2019
15 ms. Memory: 331264K Free: 311051K (94%)
ptolemy.util.test.WatchDog.cancel(): canceling Tue May 28 04:27:25 UTC 2019
auto.tcl: Setting watchdog for 200 seconds at Tue May 28 04:27:25 UTC 2019
13 ms. Memory: 331264K Free: 307481K (93%)
ptolemy.util.test.WatchDog.cancel(): canceling Tue May 28 04:27:25 UTC 2019
------------------ testing $PTII/ptolemy/domains/de/test/auto/Modal7.xml
auto.tcl: Setting watchdog for 200 seconds at Tue May 28 04:27:25 UTC 2019
10 ms. Memory: 331264K Free: 306806K (93%)
ptolemy.util.test.WatchDog.cancel(): canceling Tue May 28 04:27:25 UTC 2019
auto.tcl: Setting watchdog for 200 seconds at Tue May 28 04:27:25 UTC 2019
7 ms. Memory: 331264K Free: 303236K (92%)
ptolemy.util.test.WatchDog.cancel(): canceling Tue May 28 04:27:25 UTC 2019
------------------ testing $PTII/ptolemy/domains/de/test/auto/ModalModel.xml
auto.tcl: Setting watchdog for 200 seconds at Tue May 28 04:27:25 UTC 2019
155 ms. Memory: 331264K Free: 248024K (75%)
ptolemy.util.test.WatchDog.cancel(): canceling Tue May 28 04:27:25 UTC 2019
auto.tcl: Setting watchdog for 200 seconds at Tue May 28 04:27:25 UTC 2019
115 ms. Memory: 331264K Free: 190878K (58%)
ptolemy.util.test.WatchDog.cancel(): canceling Tue May 28 04:27:25 UTC 2019
------------------ testing $PTII/ptolemy/domains/de/test/auto/ModalSource.xml
auto.tcl: Setting watchdog for 200 seconds at Tue May 28 04:27:25 UTC 2019
9 ms. Memory: 331264K Free: 316643K (96%)
ptolemy.util.test.WatchDog.cancel(): canceling Tue May 28 04:27:26 UTC 2019
auto.tcl: Setting watchdog for 200 seconds at Tue May 28 04:27:26 UTC 2019
4 ms. Memory: 331264K Free: 313358K (95%)
ptolemy.util.test.WatchDog.cancel(): canceling Tue May 28 04:27:26 UTC 2019
------------------ testing $PTII/ptolemy/domains/de/test/auto/NonInterruptibleTimerZeroDelay.xml
auto.tcl: Setting watchdog for 200 seconds at Tue May 28 04:27:26 UTC 2019
3 ms. Memory: 331264K Free: 321019K (97%)
ptolemy.util.test.WatchDog.cancel(): canceling Tue May 28 04:27:26 UTC 2019
auto.tcl: Setting watchdog for 200 seconds at Tue May 28 04:27:26 UTC 2019
2 ms. Memory: 331264K Free: 317734K (96%)
ptolemy.util.test.WatchDog.cancel(): canceling Tue May 28 04:27:26 UTC 2019
------------------ testing $PTII/ptolemy/domains/de/test/auto/OpenQueueingNetwork.xml
auto.tcl: Setting watchdog for 200 seconds at Tue May 28 04:27:26 UTC 2019
2098 ms. Memory: 573952K Free: 391257K (68%)
ptolemy.util.test.WatchDog.cancel(): canceling Tue May 28 04:27:28 UTC 2019
auto.tcl: Setting watchdog for 200 seconds at Tue May 28 04:27:28 UTC 2019
2260 ms. Memory: 574464K Free: 307449K (54%)
ptolemy.util.test.WatchDog.cancel(): canceling Tue May 28 04:27:30 UTC 2019
------------------ testing $PTII/ptolemy/domains/de/test/auto/OpenQueuingNetwork.xml
auto.tcl: Setting watchdog for 200 seconds at Tue May 28 04:27:30 UTC 2019
248 ms. Memory: 1064960K Free: 938162K (88%)
ptolemy.util.test.WatchDog.cancel(): canceling Tue May 28 04:27:31 UTC 2019
auto.tcl: Setting watchdog for 200 seconds at Tue May 28 04:27:31 UTC 2019
229 ms. Memory: 1064960K Free: 883597K (83%)
ptolemy.util.test.WatchDog.cancel(): canceling Tue May 28 04:27:31 UTC 2019
------------------ testing $PTII/ptolemy/domains/de/test/auto/PeriodicSampler.xml
auto.tcl: Setting watchdog for 200 seconds at Tue May 28 04:27:31 UTC 2019
3 ms. Memory: 1065472K Free: 1035752K (97%)
ptolemy.util.test.WatchDog.cancel(): canceling Tue May 28 04:27:31 UTC 2019
auto.tcl: Setting watchdog for 200 seconds at Tue May 28 04:27:31 UTC 2019
2 ms. Memory: 1065472K Free: 1035752K (97%)
ptolemy.util.test.WatchDog.cancel(): canceling Tue May 28 04:27:31 UTC 2019
------------------ testing $PTII/ptolemy/domains/de/test/auto/PersistentIO.xml
auto.tcl: Setting watchdog for 200 seconds at Tue May 28 04:27:31 UTC 2019
9 ms. Memory: 1065472K Free: 1037478K (97%)
ptolemy.util.test.WatchDog.cancel(): canceling Tue May 28 04:27:31 UTC 2019
auto.tcl: Setting watchdog for 200 seconds at Tue May 28 04:27:31 UTC 2019
4 ms. Memory: 1065472K Free: 1037478K (97%)
ptolemy.util.test.WatchDog.cancel(): canceling Tue May 28 04:27:31 UTC 2019
------------------ testing $PTII/ptolemy/domains/de/test/auto/PortParameterResetOnInitialize.xml
auto.tcl: Setting watchdog for 200 seconds at Tue May 28 04:27:31 UTC 2019
3 ms. Memory: 1065472K Free: 1037340K (97%)
ptolemy.util.test.WatchDog.cancel(): canceling Tue May 28 04:27:31 UTC 2019
auto.tcl: Setting watchdog for 200 seconds at Tue May 28 04:27:31 UTC 2019
3 ms. Memory: 1065472K Free: 1037340K (97%)
ptolemy.util.test.WatchDog.cancel(): canceling Tue May 28 04:27:31 UTC 2019
------------------ testing $PTII/ptolemy/domains/de/test/auto/PortParameterUpdates.xml
auto.tcl: Setting watchdog for 200 seconds at Tue May 28 04:27:31 UTC 2019
3 ms. Memory: 1065472K Free: 1036333K (97%)
ptolemy.util.test.WatchDog.cancel(): canceling Tue May 28 04:27:31 UTC 2019
auto.tcl: Setting watchdog for 200 seconds at Tue May 28 04:27:31 UTC 2019
7 ms. Memory: 1065472K Free: 1036333K (97%)
ptolemy.util.test.WatchDog.cancel(): canceling Tue May 28 04:27:31 UTC 2019
------------------ testing $PTII/ptolemy/domains/de/test/auto/QueueAndServer.xml
auto.tcl: Setting watchdog for 200 seconds at Tue May 28 04:27:31 UTC 2019
16 ms. Memory: 1065472K Free: 1036296K (97%)
ptolemy.util.test.WatchDog.cancel(): canceling Tue May 28 04:27:31 UTC 2019
auto.tcl: Setting watchdog for 200 seconds at Tue May 28 04:27:31 UTC 2019
7 ms. Memory: 1065472K Free: 1036296K (97%)
ptolemy.util.test.WatchDog.cancel(): canceling Tue May 28 04:27:31 UTC 2019
------------------ testing $PTII/ptolemy/domains/de/test/auto/Records.xml
auto.tcl: Setting watchdog for 200 seconds at Tue May 28 04:27:31 UTC 2019
8 ms. Memory: 1065472K Free: 1036239K (97%)
ptolemy.util.test.WatchDog.cancel(): canceling Tue May 28 04:27:31 UTC 2019
auto.tcl: Setting watchdog for 200 seconds at Tue May 28 04:27:31 UTC 2019
2 ms. Memory: 1065472K Free: 1036239K (97%)
ptolemy.util.test.WatchDog.cancel(): canceling Tue May 28 04:27:31 UTC 2019
------------------ testing $PTII/ptolemy/domains/de/test/auto/ResetTransitionWithStartTime1.xml
auto.tcl: Setting watchdog for 200 seconds at Tue May 28 04:27:31 UTC 2019
12 ms. Memory: 1065472K Free: 1036264K (97%)
ptolemy.util.test.WatchDog.cancel(): canceling Tue May 28 04:27:31 UTC 2019
auto.tcl: Setting watchdog for 200 seconds at Tue May 28 04:27:31 UTC 2019
4 ms. Memory: 1065472K Free: 1036264K (97%)
ptolemy.util.test.WatchDog.cancel(): canceling Tue May 28 04:27:31 UTC 2019
------------------ testing $PTII/ptolemy/domains/de/test/auto/ResetTransitionWithStartTime2.xml
auto.tcl: Setting watchdog for 200 seconds at Tue May 28 04:27:31 UTC 2019
6 ms. Memory: 1064448K Free: 1036371K (97%)
ptolemy.util.test.WatchDog.cancel(): canceling Tue May 28 04:27:31 UTC 2019
auto.tcl: Setting watchdog for 200 seconds at Tue May 28 04:27:31 UTC 2019
5 ms. Memory: 1064448K Free: 1036371K (97%)
ptolemy.util.test.WatchDog.cancel(): canceling Tue May 28 04:27:31 UTC 2019
------------------ testing $PTII/ptolemy/domains/de/test/auto/ResetTransitionWithStartTime3.xml
auto.tcl: Setting watchdog for 200 seconds at Tue May 28 04:27:31 UTC 2019
5 ms. Memory: 1064960K Free: 1035742K (97%)
ptolemy.util.test.WatchDog.cancel(): canceling Tue May 28 04:27:31 UTC 2019
auto.tcl: Setting watchdog for 200 seconds at Tue May 28 04:27:31 UTC 2019
5 ms. Memory: 1064960K Free: 1035742K (97%)
ptolemy.util.test.WatchDog.cancel(): canceling Tue May 28 04:27:32 UTC 2019
------------------ testing $PTII/ptolemy/domains/de/test/auto/ResetTransitionWithStartTime4.xml
auto.tcl: Setting watchdog for 200 seconds at Tue May 28 04:27:32 UTC 2019
4 ms. Memory: 1064960K Free: 1035740K (97%)
ptolemy.util.test.WatchDog.cancel(): canceling Tue May 28 04:27:32 UTC 2019
auto.tcl: Setting watchdog for 200 seconds at Tue May 28 04:27:32 UTC 2019
4 ms. Memory: 1064960K Free: 1035740K (97%)
ptolemy.util.test.WatchDog.cancel(): canceling Tue May 28 04:27:32 UTC 2019
------------------ testing $PTII/ptolemy/domains/de/test/auto/ResettableTimer1.xml
auto.tcl: Setting watchdog for 200 seconds at Tue May 28 04:27:32 UTC 2019
3 ms. Memory: 1064960K Free: 1035735K (97%)
ptolemy.util.test.WatchDog.cancel(): canceling Tue May 28 04:27:32 UTC 2019
auto.tcl: Setting watchdog for 200 seconds at Tue May 28 04:27:32 UTC 2019
3 ms. Memory: 1064960K Free: 1035735K (97%)
ptolemy.util.test.WatchDog.cancel(): canceling Tue May 28 04:27:32 UTC 2019
------------------ testing $PTII/ptolemy/domains/de/test/auto/ResettableTimer2.xml
auto.tcl: Setting watchdog for 200 seconds at Tue May 28 04:27:32 UTC 2019
6 ms. Memory: 1064960K Free: 1036933K (97%)
ptolemy.util.test.WatchDog.cancel(): canceling Tue May 28 04:27:32 UTC 2019
auto.tcl: Setting watchdog for 200 seconds at Tue May 28 04:27:32 UTC 2019
3 ms. Memory: 1064960K Free: 1036933K (97%)
ptolemy.util.test.WatchDog.cancel(): canceling Tue May 28 04:27:32 UTC 2019
------------------ testing $PTII/ptolemy/domains/de/test/auto/ResettableTimer3.xml
auto.tcl: Setting watchdog for 200 seconds at Tue May 28 04:27:32 UTC 2019
2 ms. Memory: 1064960K Free: 1035792K (97%)
ptolemy.util.test.WatchDog.cancel(): canceling Tue May 28 04:27:32 UTC 2019
auto.tcl: Setting watchdog for 200 seconds at Tue May 28 04:27:32 UTC 2019
1 ms. Memory: 1064960K Free: 1035792K (97%)
ptolemy.util.test.WatchDog.cancel(): canceling Tue May 28 04:27:32 UTC 2019
------------------ testing $PTII/ptolemy/domains/de/test/auto/ResettableTimer4.xml
auto.tcl: Setting watchdog for 200 seconds at Tue May 28 04:27:32 UTC 2019
1 ms. Memory: 1063936K Free: 1035921K (97%)
ptolemy.util.test.WatchDog.cancel(): canceling Tue May 28 04:27:32 UTC 2019
auto.tcl: Setting watchdog for 200 seconds at Tue May 28 04:27:32 UTC 2019
1 ms. Memory: 1063936K Free: 1035921K (97%)
ptolemy.util.test.WatchDog.cancel(): canceling Tue May 28 04:27:32 UTC 2019
------------------ testing $PTII/ptolemy/domains/de/test/auto/ResettableTimer5.xml
auto.tcl: Setting watchdog for 200 seconds at Tue May 28 04:27:32 UTC 2019
2 ms. Memory: 1064448K Free: 1026611K (96%)
ptolemy.util.test.WatchDog.cancel(): canceling Tue May 28 04:27:32 UTC 2019
auto.tcl: Setting watchdog for 200 seconds at Tue May 28 04:27:32 UTC 2019
2 ms. Memory: 1064448K Free: 1026611K (96%)
ptolemy.util.test.WatchDog.cancel(): canceling Tue May 28 04:27:32 UTC 2019
------------------ testing $PTII/ptolemy/domains/de/test/auto/ResettableTimer6.xml
auto.tcl: Setting watchdog for 200 seconds at Tue May 28 04:27:32 UTC 2019
5 ms. Memory: 1064448K Free: 1025421K (96%)
ptolemy.util.test.WatchDog.cancel(): canceling Tue May 28 04:27:32 UTC 2019
auto.tcl: Setting watchdog for 200 seconds at Tue May 28 04:27:32 UTC 2019
2 ms. Memory: 1064448K Free: 1025421K (96%)
ptolemy.util.test.WatchDog.cancel(): canceling Tue May 28 04:27:32 UTC 2019
------------------ testing $PTII/ptolemy/domains/de/test/auto/ServerZeroDelay.xml
auto.tcl: Setting watchdog for 200 seconds at Tue May 28 04:27:32 UTC 2019
3 ms. Memory: 1064448K Free: 1036372K (97%)
ptolemy.util.test.WatchDog.cancel(): canceling Tue May 28 04:27:32 UTC 2019
auto.tcl: Setting watchdog for 200 seconds at Tue May 28 04:27:32 UTC 2019
1 ms. Memory: 1064448K Free: 1036372K (97%)
ptolemy.util.test.WatchDog.cancel(): canceling Tue May 28 04:27:32 UTC 2019
------------------ testing $PTII/ptolemy/domains/de/test/auto/SmartSender.xml
auto.tcl: Setting watchdog for 200 seconds at Tue May 28 04:27:32 UTC 2019
3000 ms. Memory: 1064448K Free: 1026546K (96%)
ptolemy.util.test.WatchDog.cancel(): canceling Tue May 28 04:27:35 UTC 2019
auto.tcl: Setting watchdog for 200 seconds at Tue May 28 04:27:35 UTC 2019
3001 ms. Memory: 1064448K Free: 1026546K (96%)
ptolemy.util.test.WatchDog.cancel(): canceling Tue May 28 04:27:38 UTC 2019
------------------ testing $PTII/ptolemy/domains/de/test/auto/ThreadedComposite.xml
auto.tcl: Setting watchdog for 200 seconds at Tue May 28 04:27:38 UTC 2019
255 ms. Memory: 1064448K Free: 1005780K (94%)
ptolemy.util.test.WatchDog.cancel(): canceling Tue May 28 04:27:38 UTC 2019
auto.tcl: Setting watchdog for 200 seconds at Tue May 28 04:27:38 UTC 2019
200 ms. Memory: 1064448K Free: 972491K (91%)
ptolemy.util.test.WatchDog.cancel(): canceling Tue May 28 04:27:39 UTC 2019
------------------ testing $PTII/ptolemy/domains/de/test/auto/Time.xml
auto.tcl: Setting watchdog for 200 seconds at Tue May 28 04:27:39 UTC 2019
456 ms. Memory: 1064448K Free: 985851K (93%)
ptolemy.util.test.WatchDog.cancel(): canceling Tue May 28 04:27:39 UTC 2019
auto.tcl: Setting watchdog for 200 seconds at Tue May 28 04:27:39 UTC 2019
440 ms. Memory: 1064448K Free: 931257K (87%)
ptolemy.util.test.WatchDog.cancel(): canceling Tue May 28 04:27:40 UTC 2019
------------------ testing $PTII/ptolemy/domains/de/test/auto/TimeDelayZeroDelay.xml
auto.tcl: Setting watchdog for 200 seconds at Tue May 28 04:27:40 UTC 2019
3 ms. Memory: 1064448K Free: 1035148K (97%)
ptolemy.util.test.WatchDog.cancel(): canceling Tue May 28 04:27:40 UTC 2019
auto.tcl: Setting watchdog for 200 seconds at Tue May 28 04:27:40 UTC 2019
2 ms. Memory: 1064448K Free: 1035148K (97%)
ptolemy.util.test.WatchDog.cancel(): canceling Tue May 28 04:27:40 UTC 2019
------------------ testing $PTII/ptolemy/domains/de/test/auto/TimerZeroDelay.xml
auto.tcl: Setting watchdog for 200 seconds at Tue May 28 04:27:40 UTC 2019
4 ms. Memory: 1063424K Free: 1035308K (97%)
ptolemy.util.test.WatchDog.cancel(): canceling Tue May 28 04:27:40 UTC 2019
auto.tcl: Setting watchdog for 200 seconds at Tue May 28 04:27:40 UTC 2019
3 ms. Memory: 1063424K Free: 1035308K (97%)
ptolemy.util.test.WatchDog.cancel(): canceling Tue May 28 04:27:40 UTC 2019
------------------ testing $PTII/ptolemy/domains/de/test/auto/TimingParadox.xml
auto.tcl: Setting watchdog for 200 seconds at Tue May 28 04:27:40 UTC 2019
322 ms. Memory: 1063936K Free: 977907K (92%)
ptolemy.util.test.WatchDog.cancel(): canceling Tue May 28 04:27:40 UTC 2019
auto.tcl: Setting watchdog for 200 seconds at Tue May 28 04:27:40 UTC 2019
331 ms. Memory: 1063936K Free: 936962K (88%)
ptolemy.util.test.WatchDog.cancel(): canceling Tue May 28 04:27:41 UTC 2019
------------------ testing $PTII/ptolemy/domains/de/test/auto/TransferInputs.xml
auto.tcl: Setting watchdog for 200 seconds at Tue May 28 04:27:41 UTC 2019
2 ms. Memory: 1063424K Free: 1034281K (97%)
ptolemy.util.test.WatchDog.cancel(): canceling Tue May 28 04:27:41 UTC 2019
auto.tcl: Setting watchdog for 200 seconds at Tue May 28 04:27:41 UTC 2019
1 ms. Memory: 1063424K Free: 1034281K (97%)
ptolemy.util.test.WatchDog.cancel(): canceling Tue May 28 04:27:41 UTC 2019
------------------ testing $PTII/ptolemy/domains/de/test/auto/TransferOutputs2.xml
auto.tcl: Setting watchdog for 200 seconds at Tue May 28 04:27:41 UTC 2019
3 ms. Memory: 1063936K Free: 1026080K (96%)
ptolemy.util.test.WatchDog.cancel(): canceling Tue May 28 04:27:41 UTC 2019
auto.tcl: Setting watchdog for 200 seconds at Tue May 28 04:27:41 UTC 2019
4 ms. Memory: 1063936K Free: 1026080K (96%)
ptolemy.util.test.WatchDog.cancel(): canceling Tue May 28 04:27:41 UTC 2019
------------------ testing $PTII/ptolemy/domains/de/test/auto/Trilateration.xml
auto.tcl: Setting watchdog for 200 seconds at Tue May 28 04:27:41 UTC 2019
13693 ms. Memory: 976384K Free: 926751K (95%)
ptolemy.util.test.WatchDog.cancel(): canceling Tue May 28 04:27:56 UTC 2019
auto.tcl: Setting watchdog for 200 seconds at Tue May 28 04:27:56 UTC 2019
10638 ms. Memory: 849408K Free: 764599K (90%)
ptolemy.util.test.WatchDog.cancel(): canceling Tue May 28 04:28:06 UTC 2019
------------------ testing $PTII/ptolemy/domains/de/test/auto/TwoSigmaDelta.xml
auto.tcl: Setting watchdog for 200 seconds at Tue May 28 04:28:06 UTC 2019
2727 ms. Memory: 853504K Free: 548551K (64%)
ptolemy.util.test.WatchDog.cancel(): canceling Tue May 28 04:28:09 UTC 2019
auto.tcl: Setting watchdog for 200 seconds at Tue May 28 04:28:09 UTC 2019
2109 ms. Memory: 853504K Free: 318834K (37%)
ptolemy.util.test.WatchDog.cancel(): canceling Tue May 28 04:28:11 UTC 2019
------------------ testing $PTII/ptolemy/domains/de/test/auto/VariableDelay.xml
auto.tcl: Setting watchdog for 200 seconds at Tue May 28 04:28:11 UTC 2019
2 ms. Memory: 849920K Free: 825695K (97%)
ptolemy.util.test.WatchDog.cancel(): canceling Tue May 28 04:28:11 UTC 2019
auto.tcl: Setting watchdog for 200 seconds at Tue May 28 04:28:11 UTC 2019
2 ms. Memory: 849920K Free: 825695K (97%)
ptolemy.util.test.WatchDog.cancel(): canceling Tue May 28 04:28:11 UTC 2019
------------------ testing $PTII/ptolemy/domains/de/test/auto/VariableDelay2.xml
auto.tcl: Setting watchdog for 200 seconds at Tue May 28 04:28:11 UTC 2019
2 ms. Memory: 849408K Free: 825699K (97%)
ptolemy.util.test.WatchDog.cancel(): canceling Tue May 28 04:28:11 UTC 2019
auto.tcl: Setting watchdog for 200 seconds at Tue May 28 04:28:11 UTC 2019
2 ms. Memory: 849408K Free: 825699K (97%)
ptolemy.util.test.WatchDog.cancel(): canceling Tue May 28 04:28:11 UTC 2019
------------------ testing $PTII/ptolemy/domains/de/test/auto/VariableDelayZeroDelay.xml
auto.tcl: Setting watchdog for 200 seconds at Tue May 28 04:28:12 UTC 2019
3 ms. Memory: 849408K Free: 825699K (97%)
ptolemy.util.test.WatchDog.cancel(): canceling Tue May 28 04:28:12 UTC 2019
auto.tcl: Setting watchdog for 200 seconds at Tue May 28 04:28:12 UTC 2019
2 ms. Memory: 849408K Free: 825699K (97%)
ptolemy.util.test.WatchDog.cancel(): canceling Tue May 28 04:28:12 UTC 2019
------------------ testing $PTII/ptolemy/domains/de/test/auto/VariableDelayZeroDelay2.xml
auto.tcl: Setting watchdog for 200 seconds at Tue May 28 04:28:12 UTC 2019
4 ms. Memory: 852480K Free: 821089K (96%)
ptolemy.util.test.WatchDog.cancel(): canceling Tue May 28 04:28:12 UTC 2019
auto.tcl: Setting watchdog for 200 seconds at Tue May 28 04:28:12 UTC 2019
6 ms. Memory: 852480K Free: 821089K (96%)
ptolemy.util.test.WatchDog.cancel(): canceling Tue May 28 04:28:12 UTC 2019
------------------ testing $PTII/ptolemy/domains/de/test/auto/deInCt.xml
auto.tcl: Setting watchdog for 200 seconds at Tue May 28 04:28:12 UTC 2019
0
1
1
1
0
0
0
0
0
1
1
1
0
0
0
0
0
1
1
1
1
0
0
0
1
1
1
0
0
0
0
7 ms. Memory: 849408K Free: 817910K (96%)
ptolemy.util.test.WatchDog.cancel(): canceling Tue May 28 04:28:12 UTC 2019
auto.tcl: Setting watchdog for 200 seconds at Tue May 28 04:28:12 UTC 2019
0
1
1
1
1
1
0
0
0
0
1
1
1
1
0
0
0
1
1
1
0
0
0
1
1
1
0
0
1
1
1
1
0
0
0
1
1
1
0
0
0
1
1
1
0
0
0
1
1
1
6 ms. Memory: 849408K Free: 817910K (96%)
ptolemy.util.test.WatchDog.cancel(): canceling Tue May 28 04:28:12 UTC 2019
------------------ testing $PTII/ptolemy/domains/de/test/auto/deInCt2.xml
auto.tcl: Setting watchdog for 200 seconds at Tue May 28 04:28:12 UTC 2019
0
1
1
1
0
0
1
1
1
0
0
1
1
1
0
0
1
1
1
0
0
1
1
1
0
0
1
1
1
0
0
1
1
1
0
0
1
1
1
0
0
0
11 ms. Memory: 852480K Free: 820981K (96%)
ptolemy.util.test.WatchDog.cancel(): canceling Tue May 28 04:28:12 UTC 2019
auto.tcl: Setting watchdog for 200 seconds at Tue May 28 04:28:12 UTC 2019
0
1
1
1
0
0
1
1
1
0
0
1
1
1
0
0
1
1
1
0
0
1
1
1
0
0
1
1
1
0
0
1
1
1
0
0
1
1
1
0
0
0
5 ms. Memory: 852480K Free: 820981K (96%)
ptolemy.util.test.WatchDog.cancel(): canceling Tue May 28 04:28:12 UTC 2019
------------------ testing $PTII/ptolemy/domains/de/test/auto/dynamicCausalityInterface1.xml
auto.tcl: Setting watchdog for 200 seconds at Tue May 28 04:28:12 UTC 2019
1 ms. Memory: 849408K Free: 825688K (97%)
ptolemy.util.test.WatchDog.cancel(): canceling Tue May 28 04:28:12 UTC 2019
auto.tcl: Setting watchdog for 200 seconds at Tue May 28 04:28:12 UTC 2019
1 ms. Memory: 849408K Free: 825688K (97%)
ptolemy.util.test.WatchDog.cancel(): canceling Tue May 28 04:28:12 UTC 2019
------------------ testing $PTII/ptolemy/domains/de/test/auto/fsm_de_test.xml
auto.tcl: Setting watchdog for 200 seconds at Tue May 28 04:28:12 UTC 2019
19 ms. Memory: 851968K Free: 820463K (96%)
ptolemy.util.test.WatchDog.cancel(): canceling Tue May 28 04:28:12 UTC 2019
auto.tcl: Setting watchdog for 200 seconds at Tue May 28 04:28:12 UTC 2019
5 ms. Memory: 851968K Free: 820463K (96%)
ptolemy.util.test.WatchDog.cancel(): canceling Tue May 28 04:28:12 UTC 2019
------------------ testing $PTII/ptolemy/domains/de/test/auto/functionDependencyReconstruction.xml
auto.tcl: Setting watchdog for 200 seconds at Tue May 28 04:28:12 UTC 2019
2 ms. Memory: 849408K Free: 806570K (95%)
ptolemy.util.test.WatchDog.cancel(): canceling Tue May 28 04:28:12 UTC 2019
auto.tcl: Setting watchdog for 200 seconds at Tue May 28 04:28:12 UTC 2019
3 ms. Memory: 849408K Free: 806570K (95%)
ptolemy.util.test.WatchDog.cancel(): canceling Tue May 28 04:28:12 UTC 2019
------------------ testing $PTII/ptolemy/domains/de/test/auto/multirate.xml
auto.tcl: Setting watchdog for 200 seconds at Tue May 28 04:28:12 UTC 2019
4 ms. Memory: 851456K Free: 819817K (96%)
ptolemy.util.test.WatchDog.cancel(): canceling Tue May 28 04:28:12 UTC 2019
auto.tcl: Setting watchdog for 200 seconds at Tue May 28 04:28:12 UTC 2019
3 ms. Memory: 851456K Free: 819817K (96%)
ptolemy.util.test.WatchDog.cancel(): canceling Tue May 28 04:28:12 UTC 2019
------------------ testing $PTII/ptolemy/domains/de/test/auto/multirate2.xml
auto.tcl: Setting watchdog for 200 seconds at Tue May 28 04:28:12 UTC 2019
5 ms. Memory: 849408K Free: 817958K (96%)
ptolemy.util.test.WatchDog.cancel(): canceling Tue May 28 04:28:12 UTC 2019
auto.tcl: Setting watchdog for 200 seconds at Tue May 28 04:28:12 UTC 2019
3 ms. Memory: 849408K Free: 817958K (96%)
ptolemy.util.test.WatchDog.cancel(): canceling Tue May 28 04:28:12 UTC 2019
------------------ testing $PTII/ptolemy/domains/de/test/auto/realtime.xml
auto.tcl: Setting watchdog for 200 seconds at Tue May 28 04:28:12 UTC 2019
10002 ms. Memory: 851456K Free: 819901K (96%)
ptolemy.util.test.WatchDog.cancel(): canceling Tue May 28 04:28:22 UTC 2019
auto.tcl: Setting watchdog for 200 seconds at Tue May 28 04:28:22 UTC 2019
10001 ms. Memory: 851456K Free: 819901K (96%)
ptolemy.util.test.WatchDog.cancel(): canceling Tue May 28 04:28:32 UTC 2019
------------------ testing $PTII/ptolemy/domains/de/test/auto/relationGroup.xml
auto.tcl: Setting watchdog for 200 seconds at Tue May 28 04:28:32 UTC 2019
2 ms. Memory: 849408K Free: 817982K (96%)
ptolemy.util.test.WatchDog.cancel(): canceling Tue May 28 04:28:32 UTC 2019
auto.tcl: Setting watchdog for 200 seconds at Tue May 28 04:28:32 UTC 2019
2 ms. Memory: 849408K Free: 817982K (96%)
ptolemy.util.test.WatchDog.cancel(): canceling Tue May 28 04:28:32 UTC 2019
------------------ testing $PTII/ptolemy/domains/de/test/auto/relationGroup2.xml
auto.tcl: Setting watchdog for 200 seconds at Tue May 28 04:28:32 UTC 2019
1 ms. Memory: 850944K Free: 819543K (96%)
ptolemy.util.test.WatchDog.cancel(): canceling Tue May 28 04:28:32 UTC 2019
auto.tcl: Setting watchdog for 200 seconds at Tue May 28 04:28:32 UTC 2019
1 ms. Memory: 850944K Free: 819543K (96%)
ptolemy.util.test.WatchDog.cancel(): canceling Tue May 28 04:28:32 UTC 2019
------------------ testing $PTII/ptolemy/domains/de/test/auto/sortWithOpaquePorts.xml
auto.tcl: Setting watchdog for 200 seconds at Tue May 28 04:28:32 UTC 2019
1 ms. Memory: 849408K Free: 818008K (96%)
ptolemy.util.test.WatchDog.cancel(): canceling Tue May 28 04:28:32 UTC 2019
auto.tcl: Setting watchdog for 200 seconds at Tue May 28 04:28:32 UTC 2019
2 ms. Memory: 849408K Free: 818008K (96%)
ptolemy.util.test.WatchDog.cancel(): canceling Tue May 28 04:28:32 UTC 2019
------------------ testing $PTII/ptolemy/domains/de/test/auto/transferInputsandOutputs.xml
auto.tcl: Setting watchdog for 200 seconds at Tue May 28 04:28:32 UTC 2019
1 ms. Memory: 850944K Free: 819531K (96%)
ptolemy.util.test.WatchDog.cancel(): canceling Tue May 28 04:28:32 UTC 2019
auto.tcl: Setting watchdog for 200 seconds at Tue May 28 04:28:32 UTC 2019
1 ms. Memory: 850944K Free: 819531K (96%)
ptolemy.util.test.WatchDog.cancel(): canceling Tue May 28 04:28:32 UTC 2019
------------------ testing $PTII/ptolemy/domains/de/test/auto/triggerType.xml
auto.tcl: Setting watchdog for 200 seconds at Tue May 28 04:28:32 UTC 2019
1 ms. Memory: 849408K Free: 817946K (96%)
ptolemy.util.test.WatchDog.cancel(): canceling Tue May 28 04:28:32 UTC 2019
auto.tcl: Setting watchdog for 200 seconds at Tue May 28 04:28:32 UTC 2019
3 ms. Memory: 849408K Free: 817946K (96%)
ptolemy.util.test.WatchDog.cancel(): canceling Tue May 28 04:28:32 UTC 2019
05/28/19 04:28:33
Failed: 0  Total Tests: 192  ((Passed: 187, Newly Passed: 1)  Known Failed: 5) /home/travis/build/icyphy/ptII/ptolemy/domains/de/test
05/28/19 04:28:33
Failed: 0  Total Tests: 192  ((Passed: 187, Newly Passed: 1)  Known Failed: 5) /home/travis/build/icyphy/ptII/ptolemy/domains/de/test
----------------- testing (KnownFailure) /home/travis/build/icyphy/ptII/ptolemy/domains/de/test/auto/knownFailedTests/DESDFClockTest.xml
2009 ms. Memory: 850432K Free: 803559K (94%)
Known Failure: java.lang.reflect.InvocationTargetException
----------------- testing (KnownFailure) /home/travis/build/icyphy/ptII/ptolemy/domains/de/test/auto/knownFailedTests/DirectFeedback.xml
2 ms. Memory: 850432K Free: 742119K (87%)
Known Failure: java.lang.reflect.InvocationTargetException
----------------- testing (KnownFailure) /home/travis/build/icyphy/ptII/ptolemy/domains/de/test/auto/knownFailedTests/FSMSource.xml
8 ms. Memory: 850432K Free: 680679K (80%)
----------------- testing (KnownFailure) /home/travis/build/icyphy/ptII/ptolemy/domains/de/test/auto/knownFailedTests/HierarchicalModel.xml
9 ms. Memory: 850432K Free: 634583K (75%)
Known Failure: java.lang.reflect.InvocationTargetException
----------------- testing (KnownFailure) /home/travis/build/icyphy/ptII/ptolemy/domains/de/test/auto/knownFailedTests/dependencyLoop.xml
2 ms. Memory: 850432K Free: 573142K (67%)
Known Failure: java.lang.reflect.InvocationTargetException
----------------- testing (KnownFailure) /home/travis/build/icyphy/ptII/ptolemy/domains/de/test/auto/knownFailedTests/dependencyLoop2.xml
3 ms. Memory: 850432K Free: 511702K (60%)
Known Failure: java.lang.reflect.InvocationTargetException
No auto/linux-amd64/*.xml tests in /home/travis/build/icyphy/ptII/ptolemy/domains/de/test
AutoTests.java: About to close Vertx.
AutoTests.java: Vertx closed.

===========================================================================================
----------------- testing Tue May 28 04:28:35 UTC 2019 /home/travis/build/icyphy/ptII/ptolemy/domains/de/test/auto/ActorDepthCalculation_actorWithoutPorts.xml
----------------- Instantiating /home/travis/build/icyphy/ptII/ptolemy/domains/de/test/auto/ActorDepthCalculation_actorWithoutPorts.xml
3 ms. Memory: 850432K Free: 434902K (51%)
----------------- Invoking toplevel() on ptolemy.moml.MoMLSimpleApplication@14474260
----------------- Done invoking toplevel() on ptolemy.moml.MoMLSimpleApplication@14474260
reloadAllAccessors: .ActorDepthCalculation_actorWithoutPorts

===========================================================================================
----------------- testing Tue May 28 04:28:35 UTC 2019 /home/travis/build/icyphy/ptII/ptolemy/domains/de/test/auto/AssemblyLine.xml
----------------- Instantiating /home/travis/build/icyphy/ptII/ptolemy/domains/de/test/auto/AssemblyLine.xml
2 ms. Memory: 850432K Free: 404182K (48%)
----------------- Invoking toplevel() on ptolemy.moml.MoMLSimpleApplication@b53e34
----------------- Done invoking toplevel() on ptolemy.moml.MoMLSimpleApplication@b53e34
reloadAllAccessors: .AssemblyLine

===========================================================================================
----------------- testing Tue May 28 04:28:35 UTC 2019 /home/travis/build/icyphy/ptII/ptolemy/domains/de/test/auto/CQBug1.xml
----------------- Instantiating /home/travis/build/icyphy/ptII/ptolemy/domains/de/test/auto/CQBug1.xml
1 ms. Memory: 850432K Free: 373462K (44%)
----------------- Invoking toplevel() on ptolemy.moml.MoMLSimpleApplication@4c3eedaf
----------------- Done invoking toplevel() on ptolemy.moml.MoMLSimpleApplication@4c3eedaf
reloadAllAccessors: .CQBug1

===========================================================================================
----------------- testing Tue May 28 04:28:35 UTC 2019 /home/travis/build/icyphy/ptII/ptolemy/domains/de/test/auto/CancelFireAt.xml
----------------- Instantiating /home/travis/build/icyphy/ptII/ptolemy/domains/de/test/auto/CancelFireAt.xml
1 ms. Memory: 850432K Free: 342742K (40%)
----------------- Invoking toplevel() on ptolemy.moml.MoMLSimpleApplication@7ea9a93
----------------- Done invoking toplevel() on ptolemy.moml.MoMLSimpleApplication@7ea9a93
reloadAllAccessors: .CancelFireAt

===========================================================================================
----------------- testing Tue May 28 04:28:35 UTC 2019 /home/travis/build/icyphy/ptII/ptolemy/domains/de/test/auto/CausalityAndComposabilityAnalysis.xml
----------------- Instantiating /home/travis/build/icyphy/ptII/ptolemy/domains/de/test/auto/CausalityAndComposabilityAnalysis.xml
2 ms. Memory: 850432K Free: 312022K (37%)
----------------- Invoking toplevel() on ptolemy.moml.MoMLSimpleApplication@2b659a99
----------------- Done invoking toplevel() on ptolemy.moml.MoMLSimpleApplication@2b659a99
reloadAllAccessors: .CausalityAndComposabilityAnalysis

===========================================================================================
----------------- testing Tue May 28 04:28:35 UTC 2019 /home/travis/build/icyphy/ptII/ptolemy/domains/de/test/auto/CausalityInterface1.xml
----------------- Instantiating /home/travis/build/icyphy/ptII/ptolemy/domains/de/test/auto/CausalityInterface1.xml
6 ms. Memory: 850432K Free: 281302K (33%)
----------------- Invoking toplevel() on ptolemy.moml.MoMLSimpleApplication@7c237a25
----------------- Done invoking toplevel() on ptolemy.moml.MoMLSimpleApplication@7c237a25
reloadAllAccessors: .CausalityInterface1

===========================================================================================
----------------- testing Tue May 28 04:28:35 UTC 2019 /home/travis/build/icyphy/ptII/ptolemy/domains/de/test/auto/CausalityInterface15.xml
----------------- Instantiating /home/travis/build/icyphy/ptII/ptolemy/domains/de/test/auto/CausalityInterface15.xml
1 ms. Memory: 850432K Free: 250582K (29%)
----------------- Invoking toplevel() on ptolemy.moml.MoMLSimpleApplication@74094b01
----------------- Done invoking toplevel() on ptolemy.moml.MoMLSimpleApplication@74094b01
reloadAllAccessors: .CausalityInterface15

===========================================================================================
----------------- testing Tue May 28 04:28:35 UTC 2019 /home/travis/build/icyphy/ptII/ptolemy/domains/de/test/auto/CausalityInterface2.xml
----------------- Instantiating /home/travis/build/icyphy/ptII/ptolemy/domains/de/test/auto/CausalityInterface2.xml
2 ms. Memory: 850432K Free: 219862K (26%)
----------------- Invoking toplevel() on ptolemy.moml.MoMLSimpleApplication@55f47c99
----------------- Done invoking toplevel() on ptolemy.moml.MoMLSimpleApplication@55f47c99
reloadAllAccessors: .CausalityInterface2

===========================================================================================
----------------- testing Tue May 28 04:28:35 UTC 2019 /home/travis/build/icyphy/ptII/ptolemy/domains/de/test/auto/CausalityInterface3.xml
----------------- Instantiating /home/travis/build/icyphy/ptII/ptolemy/domains/de/test/auto/CausalityInterface3.xml
1 ms. Memory: 850432K Free: 189141K (22%)
----------------- Invoking toplevel() on ptolemy.moml.MoMLSimpleApplication@1d67be5a
----------------- Done invoking toplevel() on ptolemy.moml.MoMLSimpleApplication@1d67be5a
reloadAllAccessors: .CausalityInterface3

===========================================================================================
----------------- testing Tue May 28 04:28:35 UTC 2019 /home/travis/build/icyphy/ptII/ptolemy/domains/de/test/auto/ClockDrift.xml
----------------- Instantiating /home/travis/build/icyphy/ptII/ptolemy/domains/de/test/auto/ClockDrift.xml
13 ms. Memory: 850432K Free: 158421K (19%)
----------------- Invoking toplevel() on ptolemy.moml.MoMLSimpleApplication@7349b74a
----------------- Done invoking toplevel() on ptolemy.moml.MoMLSimpleApplication@7349b74a
reloadAllAccessors: .ClockDrift

===========================================================================================
----------------- testing Tue May 28 04:28:35 UTC 2019 /home/travis/build/icyphy/ptII/ptolemy/domains/de/test/auto/ClockDriftAndValueChange.xml
----------------- Instantiating /home/travis/build/icyphy/ptII/ptolemy/domains/de/test/auto/ClockDriftAndValueChange.xml
9 ms. Memory: 850432K Free: 127701K (15%)
----------------- Invoking toplevel() on ptolemy.moml.MoMLSimpleApplication@20ae139
----------------- Done invoking toplevel() on ptolemy.moml.MoMLSimpleApplication@20ae139
reloadAllAccessors: .ClockDriftAndValueChange

===========================================================================================
----------------- testing Tue May 28 04:28:35 UTC 2019 /home/travis/build/icyphy/ptII/ptolemy/domains/de/test/auto/ClockDriftChange.xml
----------------- Instantiating /home/travis/build/icyphy/ptII/ptolemy/domains/de/test/auto/ClockDriftChange.xml
10 ms. Memory: 850432K Free: 96981K (11%)
----------------- Invoking toplevel() on ptolemy.moml.MoMLSimpleApplication@19b65e6d
----------------- Done invoking toplevel() on ptolemy.moml.MoMLSimpleApplication@19b65e6d
reloadAllAccessors: .ClockDriftChange

===========================================================================================
----------------- testing Tue May 28 04:28:35 UTC 2019 /home/travis/build/icyphy/ptII/ptolemy/domains/de/test/auto/ComposableCausalityAnalysis.xml
----------------- Instantiating /home/travis/build/icyphy/ptII/ptolemy/domains/de/test/auto/ComposableCausalityAnalysis.xml
1 ms. Memory: 850432K Free: 77690K (9%)
----------------- Invoking toplevel() on ptolemy.moml.MoMLSimpleApplication@3767413a
----------------- Done invoking toplevel() on ptolemy.moml.MoMLSimpleApplication@3767413a
reloadAllAccessors: .ComposableCausalityAnalysis

===========================================================================================
----------------- testing Tue May 28 04:28:35 UTC 2019 /home/travis/build/icyphy/ptII/ptolemy/domains/de/test/auto/DEFixedPointLimitation.xml
----------------- Instantiating /home/travis/build/icyphy/ptII/ptolemy/domains/de/test/auto/DEFixedPointLimitation.xml
1 ms. Memory: 812544K Free: 778292K (96%)
----------------- Invoking toplevel() on ptolemy.moml.MoMLSimpleApplication@1cf569d0
----------------- Done invoking toplevel() on ptolemy.moml.MoMLSimpleApplication@1cf569d0
reloadAllAccessors: .DEFixedPointLimitation

===========================================================================================
----------------- testing Tue May 28 04:28:35 UTC 2019 /home/travis/build/icyphy/ptII/ptolemy/domains/de/test/auto/DEScheduleTest.xml
----------------- Instantiating /home/travis/build/icyphy/ptII/ptolemy/domains/de/test/auto/DEScheduleTest.xml
10 ms. Memory: 812544K Free: 742049K (91%)
----------------- Invoking toplevel() on ptolemy.moml.MoMLSimpleApplication@66e711ac
----------------- Done invoking toplevel() on ptolemy.moml.MoMLSimpleApplication@66e711ac
reloadAllAccessors: .DEScheduleTest

===========================================================================================
----------------- testing Tue May 28 04:28:35 UTC 2019 /home/travis/build/icyphy/ptII/ptolemy/domains/de/test/auto/DEinDEwithStartTimes.xml
----------------- Instantiating /home/travis/build/icyphy/ptII/ptolemy/domains/de/test/auto/DEinDEwithStartTimes.xml
3 ms. Memory: 812544K Free: 712804K (88%)
----------------- Invoking toplevel() on ptolemy.moml.MoMLSimpleApplication@4848de99
----------------- Done invoking toplevel() on ptolemy.moml.MoMLSimpleApplication@4848de99
reloadAllAccessors: .DEinDEwithStartTimes

===========================================================================================
----------------- testing Tue May 28 04:28:35 UTC 2019 /home/travis/build/icyphy/ptII/ptolemy/domains/de/test/auto/DEinDEwithStartTimes2.xml
----------------- Instantiating /home/travis/build/icyphy/ptII/ptolemy/domains/de/test/auto/DEinDEwithStartTimes2.xml
3 ms. Memory: 812544K Free: 683494K (84%)
----------------- Invoking toplevel() on ptolemy.moml.MoMLSimpleApplication@21b95d23
----------------- Done invoking toplevel() on ptolemy.moml.MoMLSimpleApplication@21b95d23
reloadAllAccessors: .DEinDEwithStartTimes2

===========================================================================================
----------------- testing Tue May 28 04:28:35 UTC 2019 /home/travis/build/icyphy/ptII/ptolemy/domains/de/test/auto/DateDemo.xml
----------------- Instantiating /home/travis/build/icyphy/ptII/ptolemy/domains/de/test/auto/DateDemo.xml
6 ms. Memory: 812544K Free: 654249K (81%)
----------------- Invoking toplevel() on ptolemy.moml.MoMLSimpleApplication@120b3e9c
----------------- Done invoking toplevel() on ptolemy.moml.MoMLSimpleApplication@120b3e9c
reloadAllAccessors: .DateDemo

===========================================================================================
----------------- testing Tue May 28 04:28:35 UTC 2019 /home/travis/build/icyphy/ptII/ptolemy/domains/de/test/auto/DateToEvent.xml
----------------- Instantiating /home/travis/build/icyphy/ptII/ptolemy/domains/de/test/auto/DateToEvent.xml
2005 ms. Memory: 812544K Free: 610381K (75%)
----------------- Invoking toplevel() on ptolemy.moml.MoMLSimpleApplication@542707dd
----------------- Done invoking toplevel() on ptolemy.moml.MoMLSimpleApplication@542707dd
reloadAllAccessors: .DateToEvent

===========================================================================================
----------------- testing Tue May 28 04:28:37 UTC 2019 /home/travis/build/icyphy/ptII/ptolemy/domains/de/test/auto/DepthTest1.xml
----------------- Instantiating /home/travis/build/icyphy/ptII/ptolemy/domains/de/test/auto/DepthTest1.xml
1 ms. Memory: 812544K Free: 581135K (72%)
----------------- Invoking toplevel() on ptolemy.moml.MoMLSimpleApplication@65783e70
----------------- Done invoking toplevel() on ptolemy.moml.MoMLSimpleApplication@65783e70
reloadAllAccessors: .DepthTest1

===========================================================================================
----------------- testing Tue May 28 04:28:37 UTC 2019 /home/travis/build/icyphy/ptII/ptolemy/domains/de/test/auto/DepthTest2.xml
----------------- Instantiating /home/travis/build/icyphy/ptII/ptolemy/domains/de/test/auto/DepthTest2.xml
2 ms. Memory: 812544K Free: 551890K (68%)
----------------- Invoking toplevel() on ptolemy.moml.MoMLSimpleApplication@54d9156d
----------------- Done invoking toplevel() on ptolemy.moml.MoMLSimpleApplication@54d9156d
reloadAllAccessors: .DepthTest2

===========================================================================================
----------------- testing Tue May 28 04:28:37 UTC 2019 /home/travis/build/icyphy/ptII/ptolemy/domains/de/test/auto/DepthTest3.xml
----------------- Instantiating /home/travis/build/icyphy/ptII/ptolemy/domains/de/test/auto/DepthTest3.xml
1 ms. Memory: 812544K Free: 522644K (64%)
----------------- Invoking toplevel() on ptolemy.moml.MoMLSimpleApplication@1342fc74
----------------- Done invoking toplevel() on ptolemy.moml.MoMLSimpleApplication@1342fc74
reloadAllAccessors: .DepthTest3

===========================================================================================
----------------- testing Tue May 28 04:28:37 UTC 2019 /home/travis/build/icyphy/ptII/ptolemy/domains/de/test/auto/DepthTest4.xml
----------------- Instantiating /home/travis/build/icyphy/ptII/ptolemy/domains/de/test/auto/DepthTest4.xml
2 ms. Memory: 812544K Free: 493399K (61%)
----------------- Invoking toplevel() on ptolemy.moml.MoMLSimpleApplication@3417dcd5
----------------- Done invoking toplevel() on ptolemy.moml.MoMLSimpleApplication@3417dcd5
reloadAllAccessors: .DepthTest4

===========================================================================================
----------------- testing Tue May 28 04:28:37 UTC 2019 /home/travis/build/icyphy/ptII/ptolemy/domains/de/test/auto/DepthTest5.xml
----------------- Instantiating /home/travis/build/icyphy/ptII/ptolemy/domains/de/test/auto/DepthTest5.xml
2 ms. Memory: 812544K Free: 464153K (57%)
----------------- Invoking toplevel() on ptolemy.moml.MoMLSimpleApplication@1332bb79
----------------- Done invoking toplevel() on ptolemy.moml.MoMLSimpleApplication@1332bb79
reloadAllAccessors: .DepthTest5

===========================================================================================
----------------- testing Tue May 28 04:28:37 UTC 2019 /home/travis/build/icyphy/ptII/ptolemy/domains/de/test/auto/DepthTest6.xml
----------------- Instantiating /home/travis/build/icyphy/ptII/ptolemy/domains/de/test/auto/DepthTest6.xml
2 ms. Memory: 812544K Free: 434908K (54%)
----------------- Invoking toplevel() on ptolemy.moml.MoMLSimpleApplication@3bad6a74
----------------- Done invoking toplevel() on ptolemy.moml.MoMLSimpleApplication@3bad6a74
reloadAllAccessors: .DepthTest6

===========================================================================================
----------------- testing Tue May 28 04:28:37 UTC 2019 /home/travis/build/icyphy/ptII/ptolemy/domains/de/test/auto/DepthTest7.xml
----------------- Instantiating /home/travis/build/icyphy/ptII/ptolemy/domains/de/test/auto/DepthTest7.xml
2 ms. Memory: 812544K Free: 405662K (50%)
----------------- Invoking toplevel() on ptolemy.moml.MoMLSimpleApplication@45122f8e
----------------- Done invoking toplevel() on ptolemy.moml.MoMLSimpleApplication@45122f8e
reloadAllAccessors: .DepthTest7

===========================================================================================
----------------- testing Tue May 28 04:28:37 UTC 2019 /home/travis/build/icyphy/ptII/ptolemy/domains/de/test/auto/EventToDate.xml
----------------- Instantiating /home/travis/build/icyphy/ptII/ptolemy/domains/de/test/auto/EventToDate.xml
3004 ms. Memory: 812544K Free: 376417K (46%)
----------------- Invoking toplevel() on ptolemy.moml.MoMLSimpleApplication@6f1e7733
----------------- Done invoking toplevel() on ptolemy.moml.MoMLSimpleApplication@6f1e7733
reloadAllAccessors: .EventToDate

===========================================================================================
----------------- testing Tue May 28 04:28:40 UTC 2019 /home/travis/build/icyphy/ptII/ptolemy/domains/de/test/auto/FSM1.xml
----------------- Instantiating /home/travis/build/icyphy/ptII/ptolemy/domains/de/test/auto/FSM1.xml
10 ms. Memory: 812544K Free: 347171K (43%)
----------------- Invoking toplevel() on ptolemy.moml.MoMLSimpleApplication@4837975b
----------------- Done invoking toplevel() on ptolemy.moml.MoMLSimpleApplication@4837975b
reloadAllAccessors: .FSM1

===========================================================================================
----------------- testing Tue May 28 04:28:40 UTC 2019 /home/travis/build/icyphy/ptII/ptolemy/domains/de/test/auto/FSM7.xml
----------------- Instantiating /home/travis/build/icyphy/ptII/ptolemy/domains/de/test/auto/FSM7.xml
21 ms. Memory: 812544K Free: 310929K (38%)
----------------- Invoking toplevel() on ptolemy.moml.MoMLSimpleApplication@6bddb954
----------------- Done invoking toplevel() on ptolemy.moml.MoMLSimpleApplication@6bddb954
reloadAllAccessors: .FSM7

===========================================================================================
----------------- testing Tue May 28 04:28:40 UTC 2019 /home/travis/build/icyphy/ptII/ptolemy/domains/de/test/auto/Inspection.xml
----------------- Instantiating /home/travis/build/icyphy/ptII/ptolemy/domains/de/test/auto/Inspection.xml
12 ms. Memory: 812544K Free: 281683K (35%)
----------------- Invoking toplevel() on ptolemy.moml.MoMLSimpleApplication@d047785
----------------- Done invoking toplevel() on ptolemy.moml.MoMLSimpleApplication@d047785
reloadAllAccessors: .Inspection

===========================================================================================
----------------- testing Tue May 28 04:28:41 UTC 2019 /home/travis/build/icyphy/ptII/ptolemy/domains/de/test/auto/Iteration.xml
----------------- Instantiating /home/travis/build/icyphy/ptII/ptolemy/domains/de/test/auto/Iteration.xml
8 ms. Memory: 812544K Free: 252438K (31%)
----------------- Invoking toplevel() on ptolemy.moml.MoMLSimpleApplication@6d8e9026
----------------- Done invoking toplevel() on ptolemy.moml.MoMLSimpleApplication@6d8e9026
reloadAllAccessors: .Iteration

===========================================================================================
----------------- testing Tue May 28 04:28:41 UTC 2019 /home/travis/build/icyphy/ptII/ptolemy/domains/de/test/auto/LineFault.xml
----------------- Instantiating /home/travis/build/icyphy/ptII/ptolemy/domains/de/test/auto/LineFault.xml
454 ms. Memory: 812544K Free: 120817K (15%)
----------------- Invoking toplevel() on ptolemy.moml.MoMLSimpleApplication@1231706e
----------------- Done invoking toplevel() on ptolemy.moml.MoMLSimpleApplication@1231706e
reloadAllAccessors: .LineFault

===========================================================================================
----------------- testing Tue May 28 04:28:41 UTC 2019 /home/travis/build/icyphy/ptII/ptolemy/domains/de/test/auto/MergeModel1Add.xml
----------------- Instantiating /home/travis/build/icyphy/ptII/ptolemy/domains/de/test/auto/MergeModel1Add.xml
8 ms. Memory: 812544K Free: 76933K (9%)
----------------- Invoking toplevel() on ptolemy.moml.MoMLSimpleApplication@710a62be
----------------- Done invoking toplevel() on ptolemy.moml.MoMLSimpleApplication@710a62be
reloadAllAccessors: .MergeModel1Add

===========================================================================================
----------------- testing Tue May 28 04:28:41 UTC 2019 /home/travis/build/icyphy/ptII/ptolemy/domains/de/test/auto/MergeModel2Add.xml
----------------- Instantiating /home/travis/build/icyphy/ptII/ptolemy/domains/de/test/auto/MergeModel2Add.xml
5 ms. Memory: 778752K Free: 745478K (96%)
----------------- Invoking toplevel() on ptolemy.moml.MoMLSimpleApplication@6b424fe9
----------------- Done invoking toplevel() on ptolemy.moml.MoMLSimpleApplication@6b424fe9
reloadAllAccessors: .MergeModel2Add

===========================================================================================
----------------- testing Tue May 28 04:28:41 UTC 2019 /home/travis/build/icyphy/ptII/ptolemy/domains/de/test/auto/MergeModel3Add.xml
----------------- Instantiating /home/travis/build/icyphy/ptII/ptolemy/domains/de/test/auto/MergeModel3Add.xml
6 ms. Memory: 778752K Free: 713175K (92%)
----------------- Invoking toplevel() on ptolemy.moml.MoMLSimpleApplication@7fddb853
----------------- Done invoking toplevel() on ptolemy.moml.MoMLSimpleApplication@7fddb853
reloadAllAccessors: .MergeModel3Add

===========================================================================================
----------------- testing Tue May 28 04:28:41 UTC 2019 /home/travis/build/icyphy/ptII/ptolemy/domains/de/test/auto/MergeWithoutDiscard.xml
----------------- Instantiating /home/travis/build/icyphy/ptII/ptolemy/domains/de/test/auto/MergeWithoutDiscard.xml
1 ms. Memory: 778752K Free: 699248K (90%)
----------------- Invoking toplevel() on ptolemy.moml.MoMLSimpleApplication@43de9836
----------------- Done invoking toplevel() on ptolemy.moml.MoMLSimpleApplication@43de9836
reloadAllAccessors: .MergeWithoutDiscard

===========================================================================================
----------------- testing Tue May 28 04:28:41 UTC 2019 /home/travis/build/icyphy/ptII/ptolemy/domains/de/test/auto/Modal1.xml
----------------- Instantiating /home/travis/build/icyphy/ptII/ptolemy/domains/de/test/auto/Modal1.xml
13 ms. Memory: 778752K Free: 678343K (87%)
----------------- Invoking toplevel() on ptolemy.moml.MoMLSimpleApplication@48d4e370
----------------- Done invoking toplevel() on ptolemy.moml.MoMLSimpleApplication@48d4e370
reloadAllAccessors: .Modal1

===========================================================================================
----------------- testing Tue May 28 04:28:41 UTC 2019 /home/travis/build/icyphy/ptII/ptolemy/domains/de/test/auto/Modal2.xml
----------------- Instantiating /home/travis/build/icyphy/ptII/ptolemy/domains/de/test/auto/Modal2.xml
10 ms. Memory: 778752K Free: 657437K (84%)
----------------- Invoking toplevel() on ptolemy.moml.MoMLSimpleApplication@66467ab0
----------------- Done invoking toplevel() on ptolemy.moml.MoMLSimpleApplication@66467ab0
reloadAllAccessors: .Modal2

===========================================================================================
----------------- testing Tue May 28 04:28:41 UTC 2019 /home/travis/build/icyphy/ptII/ptolemy/domains/de/test/auto/Modal3.xml
----------------- Instantiating /home/travis/build/icyphy/ptII/ptolemy/domains/de/test/auto/Modal3.xml
6 ms. Memory: 778752K Free: 636531K (82%)
----------------- Invoking toplevel() on ptolemy.moml.MoMLSimpleApplication@418ea08c
----------------- Done invoking toplevel() on ptolemy.moml.MoMLSimpleApplication@418ea08c
reloadAllAccessors: .Modal3

===========================================================================================
----------------- testing Tue May 28 04:28:41 UTC 2019 /home/travis/build/icyphy/ptII/ptolemy/domains/de/test/auto/Modal4.xml
----------------- Instantiating /home/travis/build/icyphy/ptII/ptolemy/domains/de/test/auto/Modal4.xml
9 ms. Memory: 778752K Free: 615642K (79%)
----------------- Invoking toplevel() on ptolemy.moml.MoMLSimpleApplication@5c02bf0b
----------------- Done invoking toplevel() on ptolemy.moml.MoMLSimpleApplication@5c02bf0b
reloadAllAccessors: .Modal4

===========================================================================================
----------------- testing Tue May 28 04:28:41 UTC 2019 /home/travis/build/icyphy/ptII/ptolemy/domains/de/test/auto/Modal5.xml
----------------- Instantiating /home/travis/build/icyphy/ptII/ptolemy/domains/de/test/auto/Modal5.xml
8 ms. Memory: 778752K Free: 594752K (76%)
----------------- Invoking toplevel() on ptolemy.moml.MoMLSimpleApplication@42431c7a
----------------- Done invoking toplevel() on ptolemy.moml.MoMLSimpleApplication@42431c7a
reloadAllAccessors: .Modal5

===========================================================================================
----------------- testing Tue May 28 04:28:41 UTC 2019 /home/travis/build/icyphy/ptII/ptolemy/domains/de/test/auto/Modal6.xml
----------------- Instantiating /home/travis/build/icyphy/ptII/ptolemy/domains/de/test/auto/Modal6.xml
10 ms. Memory: 778752K Free: 573846K (74%)
----------------- Invoking toplevel() on ptolemy.moml.MoMLSimpleApplication@7523686f
----------------- Done invoking toplevel() on ptolemy.moml.MoMLSimpleApplication@7523686f
reloadAllAccessors: .Modal6

===========================================================================================
----------------- testing Tue May 28 04:28:42 UTC 2019 /home/travis/build/icyphy/ptII/ptolemy/domains/de/test/auto/Modal7.xml
----------------- Instantiating /home/travis/build/icyphy/ptII/ptolemy/domains/de/test/auto/Modal7.xml
8 ms. Memory: 778752K Free: 552941K (71%)
----------------- Invoking toplevel() on ptolemy.moml.MoMLSimpleApplication@7096c9b8
----------------- Done invoking toplevel() on ptolemy.moml.MoMLSimpleApplication@7096c9b8
reloadAllAccessors: .Modal7

===========================================================================================
----------------- testing Tue May 28 04:28:42 UTC 2019 /home/travis/build/icyphy/ptII/ptolemy/domains/de/test/auto/ModalModel.xml
----------------- Instantiating /home/travis/build/icyphy/ptII/ptolemy/domains/de/test/auto/ModalModel.xml
113 ms. Memory: 778752K Free: 471815K (61%)
----------------- Invoking toplevel() on ptolemy.moml.MoMLSimpleApplication@32ea8889
----------------- Done invoking toplevel() on ptolemy.moml.MoMLSimpleApplication@32ea8889
reloadAllAccessors: .ModalModel

===========================================================================================
----------------- testing Tue May 28 04:28:42 UTC 2019 /home/travis/build/icyphy/ptII/ptolemy/domains/de/test/auto/ModalSource.xml
----------------- Instantiating /home/travis/build/icyphy/ptII/ptolemy/domains/de/test/auto/ModalSource.xml
8 ms. Memory: 778752K Free: 457888K (59%)
----------------- Invoking toplevel() on ptolemy.moml.MoMLSimpleApplication@5b23e872
----------------- Done invoking toplevel() on ptolemy.moml.MoMLSimpleApplication@5b23e872
reloadAllAccessors: .ModalSource

===========================================================================================
----------------- testing Tue May 28 04:28:42 UTC 2019 /home/travis/build/icyphy/ptII/ptolemy/domains/de/test/auto/NonInterruptibleTimerZeroDelay.xml
----------------- Instantiating /home/travis/build/icyphy/ptII/ptolemy/domains/de/test/auto/NonInterruptibleTimerZeroDelay.xml
2 ms. Memory: 778752K Free: 443962K (57%)
----------------- Invoking toplevel() on ptolemy.moml.MoMLSimpleApplication@55d8f824
----------------- Done invoking toplevel() on ptolemy.moml.MoMLSimpleApplication@55d8f824
reloadAllAccessors: .NonInterruptibleTimerZeroDelay

===========================================================================================
----------------- testing Tue May 28 04:28:42 UTC 2019 /home/travis/build/icyphy/ptII/ptolemy/domains/de/test/auto/OpenQueueingNetwork.xml
----------------- Instantiating /home/travis/build/icyphy/ptII/ptolemy/domains/de/test/auto/OpenQueueingNetwork.xml
2160 ms. Memory: 745472K Free: 494378K (66%)
----------------- Invoking toplevel() on ptolemy.moml.MoMLSimpleApplication@5a9ab608
----------------- Done invoking toplevel() on ptolemy.moml.MoMLSimpleApplication@5a9ab608
reloadAllAccessors: .OpenQueueingNetwork

===========================================================================================
----------------- testing Tue May 28 04:28:44 UTC 2019 /home/travis/build/icyphy/ptII/ptolemy/domains/de/test/auto/OpenQueuingNetwork.xml
----------------- Instantiating /home/travis/build/icyphy/ptII/ptolemy/domains/de/test/auto/OpenQueuingNetwork.xml
221 ms. Memory: 745472K Free: 401718K (54%)
----------------- Invoking toplevel() on ptolemy.moml.MoMLSimpleApplication@1d7de5e4
----------------- Done invoking toplevel() on ptolemy.moml.MoMLSimpleApplication@1d7de5e4
reloadAllAccessors: .OpenQueuingNetwork

===========================================================================================
----------------- testing Tue May 28 04:28:44 UTC 2019 /home/travis/build/icyphy/ptII/ptolemy/domains/de/test/auto/PeriodicSampler.xml
----------------- Instantiating /home/travis/build/icyphy/ptII/ptolemy/domains/de/test/auto/PeriodicSampler.xml
2 ms. Memory: 745472K Free: 388457K (52%)
----------------- Invoking toplevel() on ptolemy.moml.MoMLSimpleApplication@7ca7c3b4
----------------- Done invoking toplevel() on ptolemy.moml.MoMLSimpleApplication@7ca7c3b4
reloadAllAccessors: .PeriodicSampler

===========================================================================================
----------------- testing Tue May 28 04:28:44 UTC 2019 /home/travis/build/icyphy/ptII/ptolemy/domains/de/test/auto/PersistentIO.xml
----------------- Instantiating /home/travis/build/icyphy/ptII/ptolemy/domains/de/test/auto/PersistentIO.xml
11 ms. Memory: 745472K Free: 368550K (49%)
----------------- Invoking toplevel() on ptolemy.moml.MoMLSimpleApplication@30b75899
----------------- Done invoking toplevel() on ptolemy.moml.MoMLSimpleApplication@30b75899
reloadAllAccessors: .PersistentIO

===========================================================================================
----------------- testing Tue May 28 04:28:44 UTC 2019 /home/travis/build/icyphy/ptII/ptolemy/domains/de/test/auto/PortParameterResetOnInitialize.xml
----------------- Instantiating /home/travis/build/icyphy/ptII/ptolemy/domains/de/test/auto/PortParameterResetOnInitialize.xml
2 ms. Memory: 745472K Free: 355289K (48%)
----------------- Invoking toplevel() on ptolemy.moml.MoMLSimpleApplication@7083dab6
----------------- Done invoking toplevel() on ptolemy.moml.MoMLSimpleApplication@7083dab6
reloadAllAccessors: .PortParameterResetOnInitialize

===========================================================================================
----------------- testing Tue May 28 04:28:44 UTC 2019 /home/travis/build/icyphy/ptII/ptolemy/domains/de/test/auto/PortParameterUpdates.xml
----------------- Instantiating /home/travis/build/icyphy/ptII/ptolemy/domains/de/test/auto/PortParameterUpdates.xml
2 ms. Memory: 745472K Free: 342028K (46%)
----------------- Invoking toplevel() on ptolemy.moml.MoMLSimpleApplication@20d0e6f6
----------------- Done invoking toplevel() on ptolemy.moml.MoMLSimpleApplication@20d0e6f6
reloadAllAccessors: .PortParameterUpdates

===========================================================================================
----------------- testing Tue May 28 04:28:44 UTC 2019 /home/travis/build/icyphy/ptII/ptolemy/domains/de/test/auto/QueueAndServer.xml
----------------- Instantiating /home/travis/build/icyphy/ptII/ptolemy/domains/de/test/auto/QueueAndServer.xml
6 ms. Memory: 745472K Free: 325982K (44%)
----------------- Invoking toplevel() on ptolemy.moml.MoMLSimpleApplication@28ec3bac
----------------- Done invoking toplevel() on ptolemy.moml.MoMLSimpleApplication@28ec3bac
reloadAllAccessors: .QueueAndServer

===========================================================================================
----------------- testing Tue May 28 04:28:44 UTC 2019 /home/travis/build/icyphy/ptII/ptolemy/domains/de/test/auto/Records.xml
----------------- Instantiating /home/travis/build/icyphy/ptII/ptolemy/domains/de/test/auto/Records.xml
2 ms. Memory: 745472K Free: 312721K (42%)
----------------- Invoking toplevel() on ptolemy.moml.MoMLSimpleApplication@2a712a3b
----------------- Done invoking toplevel() on ptolemy.moml.MoMLSimpleApplication@2a712a3b
reloadAllAccessors: .Records

===========================================================================================
----------------- testing Tue May 28 04:28:44 UTC 2019 /home/travis/build/icyphy/ptII/ptolemy/domains/de/test/auto/ResetTransitionWithStartTime1.xml
----------------- Instantiating /home/travis/build/icyphy/ptII/ptolemy/domains/de/test/auto/ResetTransitionWithStartTime1.xml
5 ms. Memory: 745472K Free: 299460K (40%)
----------------- Invoking toplevel() on ptolemy.moml.MoMLSimpleApplication@74d9c1ba
----------------- Done invoking toplevel() on ptolemy.moml.MoMLSimpleApplication@74d9c1ba
reloadAllAccessors: .ResetTransitionWithStartTime1

===========================================================================================
----------------- testing Tue May 28 04:28:44 UTC 2019 /home/travis/build/icyphy/ptII/ptolemy/domains/de/test/auto/ResetTransitionWithStartTime2.xml
----------------- Instantiating /home/travis/build/icyphy/ptII/ptolemy/domains/de/test/auto/ResetTransitionWithStartTime2.xml
5 ms. Memory: 745472K Free: 286200K (38%)
----------------- Invoking toplevel() on ptolemy.moml.MoMLSimpleApplication@56d0d621
----------------- Done invoking toplevel() on ptolemy.moml.MoMLSimpleApplication@56d0d621
reloadAllAccessors: .ResetTransitionWithStartTime2

===========================================================================================
----------------- testing Tue May 28 04:28:44 UTC 2019 /home/travis/build/icyphy/ptII/ptolemy/domains/de/test/auto/ResetTransitionWithStartTime3.xml
----------------- Instantiating /home/travis/build/icyphy/ptII/ptolemy/domains/de/test/auto/ResetTransitionWithStartTime3.xml
7 ms. Memory: 745472K Free: 272939K (37%)
----------------- Invoking toplevel() on ptolemy.moml.MoMLSimpleApplication@4b8b6aea
----------------- Done invoking toplevel() on ptolemy.moml.MoMLSimpleApplication@4b8b6aea
reloadAllAccessors: .ResetTransitionWithStartTime3

===========================================================================================
----------------- testing Tue May 28 04:28:44 UTC 2019 /home/travis/build/icyphy/ptII/ptolemy/domains/de/test/auto/ResetTransitionWithStartTime4.xml
----------------- Instantiating /home/travis/build/icyphy/ptII/ptolemy/domains/de/test/auto/ResetTransitionWithStartTime4.xml
4 ms. Memory: 745472K Free: 256893K (34%)
----------------- Invoking toplevel() on ptolemy.moml.MoMLSimpleApplication@7516c7cf
----------------- Done invoking toplevel() on ptolemy.moml.MoMLSimpleApplication@7516c7cf
reloadAllAccessors: .ResetTransitionWithStartTime4

===========================================================================================
----------------- testing Tue May 28 04:28:44 UTC 2019 /home/travis/build/icyphy/ptII/ptolemy/domains/de/test/auto/ResettableTimer1.xml
----------------- Instantiating /home/travis/build/icyphy/ptII/ptolemy/domains/de/test/auto/ResettableTimer1.xml
2 ms. Memory: 745472K Free: 243632K (33%)
----------------- Invoking toplevel() on ptolemy.moml.MoMLSimpleApplication@155facc4
----------------- Done invoking toplevel() on ptolemy.moml.MoMLSimpleApplication@155facc4
reloadAllAccessors: .ResettableTimer1

===========================================================================================
----------------- testing Tue May 28 04:28:44 UTC 2019 /home/travis/build/icyphy/ptII/ptolemy/domains/de/test/auto/ResettableTimer2.xml
----------------- Instantiating /home/travis/build/icyphy/ptII/ptolemy/domains/de/test/auto/ResettableTimer2.xml
2 ms. Memory: 745472K Free: 230371K (31%)
----------------- Invoking toplevel() on ptolemy.moml.MoMLSimpleApplication@1dbc3c56
----------------- Done invoking toplevel() on ptolemy.moml.MoMLSimpleApplication@1dbc3c56
reloadAllAccessors: .ResettableTimer2

===========================================================================================
----------------- testing Tue May 28 04:28:44 UTC 2019 /home/travis/build/icyphy/ptII/ptolemy/domains/de/test/auto/ResettableTimer3.xml
----------------- Instantiating /home/travis/build/icyphy/ptII/ptolemy/domains/de/test/auto/ResettableTimer3.xml
2 ms. Memory: 745472K Free: 217072K (29%)
----------------- Invoking toplevel() on ptolemy.moml.MoMLSimpleApplication@503c131f
----------------- Done invoking toplevel() on ptolemy.moml.MoMLSimpleApplication@503c131f
reloadAllAccessors: .ResettableTimer3

===========================================================================================
----------------- testing Tue May 28 04:28:44 UTC 2019 /home/travis/build/icyphy/ptII/ptolemy/domains/de/test/auto/ResettableTimer4.xml
----------------- Instantiating /home/travis/build/icyphy/ptII/ptolemy/domains/de/test/auto/ResettableTimer4.xml
1 ms. Memory: 745472K Free: 203812K (27%)
----------------- Invoking toplevel() on ptolemy.moml.MoMLSimpleApplication@16ea3ff6
----------------- Done invoking toplevel() on ptolemy.moml.MoMLSimpleApplication@16ea3ff6
reloadAllAccessors: .ResettableTimer4

===========================================================================================
----------------- testing Tue May 28 04:28:45 UTC 2019 /home/travis/build/icyphy/ptII/ptolemy/domains/de/test/auto/ResettableTimer5.xml
----------------- Instantiating /home/travis/build/icyphy/ptII/ptolemy/domains/de/test/auto/ResettableTimer5.xml
2 ms. Memory: 745472K Free: 190551K (26%)
----------------- Invoking toplevel() on ptolemy.moml.MoMLSimpleApplication@5d009680
----------------- Done invoking toplevel() on ptolemy.moml.MoMLSimpleApplication@5d009680
reloadAllAccessors: .ResettableTimer5

===========================================================================================
----------------- testing Tue May 28 04:28:45 UTC 2019 /home/travis/build/icyphy/ptII/ptolemy/domains/de/test/auto/ResettableTimer6.xml
----------------- Instantiating /home/travis/build/icyphy/ptII/ptolemy/domains/de/test/auto/ResettableTimer6.xml
5 ms. Memory: 745472K Free: 174505K (23%)
----------------- Invoking toplevel() on ptolemy.moml.MoMLSimpleApplication@10b8819f
----------------- Done invoking toplevel() on ptolemy.moml.MoMLSimpleApplication@10b8819f
reloadAllAccessors: .ResettableTimer6

===========================================================================================
----------------- testing Tue May 28 04:28:45 UTC 2019 /home/travis/build/icyphy/ptII/ptolemy/domains/de/test/auto/ServerZeroDelay.xml
----------------- Instantiating /home/travis/build/icyphy/ptII/ptolemy/domains/de/test/auto/ServerZeroDelay.xml
3 ms. Memory: 745472K Free: 161244K (22%)
----------------- Invoking toplevel() on ptolemy.moml.MoMLSimpleApplication@35a702cb
----------------- Done invoking toplevel() on ptolemy.moml.MoMLSimpleApplication@35a702cb
reloadAllAccessors: .ServerZeroDelay

===========================================================================================
----------------- testing Tue May 28 04:28:45 UTC 2019 /home/travis/build/icyphy/ptII/ptolemy/domains/de/test/auto/SmartSender.xml
----------------- Instantiating /home/travis/build/icyphy/ptII/ptolemy/domains/de/test/auto/SmartSender.xml
3000 ms. Memory: 745472K Free: 147983K (20%)
----------------- Invoking toplevel() on ptolemy.moml.MoMLSimpleApplication@1cf18da2
----------------- Done invoking toplevel() on ptolemy.moml.MoMLSimpleApplication@1cf18da2
reloadAllAccessors: .SmartSender

===========================================================================================
----------------- testing Tue May 28 04:28:48 UTC 2019 /home/travis/build/icyphy/ptII/ptolemy/domains/de/test/auto/ThreadedComposite.xml
----------------- Instantiating /home/travis/build/icyphy/ptII/ptolemy/domains/de/test/auto/ThreadedComposite.xml
100 ms. Memory: 745472K Free: 121461K (16%)
----------------- Invoking toplevel() on ptolemy.moml.MoMLSimpleApplication@7a060e9b
----------------- Done invoking toplevel() on ptolemy.moml.MoMLSimpleApplication@7a060e9b
reloadAllAccessors: .ThreadedComposite

===========================================================================================
----------------- testing Tue May 28 04:28:48 UTC 2019 /home/travis/build/icyphy/ptII/ptolemy/domains/de/test/auto/Time.xml
----------------- Instantiating /home/travis/build/icyphy/ptII/ptolemy/domains/de/test/auto/Time.xml
425 ms. Memory: 713216K Free: 694826K (97%)
----------------- Invoking toplevel() on ptolemy.moml.MoMLSimpleApplication@2e6ccbf7
----------------- Done invoking toplevel() on ptolemy.moml.MoMLSimpleApplication@2e6ccbf7
reloadAllAccessors: .Time

===========================================================================================
----------------- testing Tue May 28 04:28:48 UTC 2019 /home/travis/build/icyphy/ptII/ptolemy/domains/de/test/auto/TimeDelayZeroDelay.xml
----------------- Instantiating /home/travis/build/icyphy/ptII/ptolemy/domains/de/test/auto/TimeDelayZeroDelay.xml
2 ms. Memory: 713216K Free: 681449K (96%)
----------------- Invoking toplevel() on ptolemy.moml.MoMLSimpleApplication@449c15e5
----------------- Done invoking toplevel() on ptolemy.moml.MoMLSimpleApplication@449c15e5
reloadAllAccessors: .TimeDelayZeroDelay

===========================================================================================
----------------- testing Tue May 28 04:28:48 UTC 2019 /home/travis/build/icyphy/ptII/ptolemy/domains/de/test/auto/TimerZeroDelay.xml
----------------- Instantiating /home/travis/build/icyphy/ptII/ptolemy/domains/de/test/auto/TimerZeroDelay.xml
4 ms. Memory: 713216K Free: 673025K (94%)
----------------- Invoking toplevel() on ptolemy.moml.MoMLSimpleApplication@38a20b3a
----------------- Done invoking toplevel() on ptolemy.moml.MoMLSimpleApplication@38a20b3a
reloadAllAccessors: .TimerZeroDelay

===========================================================================================
----------------- testing Tue May 28 04:28:48 UTC 2019 /home/travis/build/icyphy/ptII/ptolemy/domains/de/test/auto/TimingParadox.xml
----------------- Instantiating /home/travis/build/icyphy/ptII/ptolemy/domains/de/test/auto/TimingParadox.xml
283 ms. Memory: 713216K Free: 605575K (85%)
----------------- Invoking toplevel() on ptolemy.moml.MoMLSimpleApplication@407d1bf6
----------------- Done invoking toplevel() on ptolemy.moml.MoMLSimpleApplication@407d1bf6
reloadAllAccessors: .TimingParadox

===========================================================================================
----------------- testing Tue May 28 04:28:49 UTC 2019 /home/travis/build/icyphy/ptII/ptolemy/domains/de/test/auto/TransferInputs.xml
----------------- Instantiating /home/travis/build/icyphy/ptII/ptolemy/domains/de/test/auto/TransferInputs.xml
2 ms. Memory: 713216K Free: 595357K (83%)
----------------- Invoking toplevel() on ptolemy.moml.MoMLSimpleApplication@246d11a4
----------------- Done invoking toplevel() on ptolemy.moml.MoMLSimpleApplication@246d11a4
reloadAllAccessors: .TransferInputs

===========================================================================================
----------------- testing Tue May 28 04:28:49 UTC 2019 /home/travis/build/icyphy/ptII/ptolemy/domains/de/test/auto/TransferOutputs2.xml
----------------- Instantiating /home/travis/build/icyphy/ptII/ptolemy/domains/de/test/auto/TransferOutputs2.xml
2 ms. Memory: 713216K Free: 582705K (82%)
----------------- Invoking toplevel() on ptolemy.moml.MoMLSimpleApplication@7d787344
----------------- Done invoking toplevel() on ptolemy.moml.MoMLSimpleApplication@7d787344
reloadAllAccessors: .TransferOutputs2

===========================================================================================
----------------- testing Tue May 28 04:28:49 UTC 2019 /home/travis/build/icyphy/ptII/ptolemy/domains/de/test/auto/Trilateration.xml
----------------- Instantiating /home/travis/build/icyphy/ptII/ptolemy/domains/de/test/auto/Trilateration.xml
10651 ms. Memory: 883200K Free: 255834K (29%)
----------------- Invoking toplevel() on ptolemy.moml.MoMLSimpleApplication@3263ff94
----------------- Done invoking toplevel() on ptolemy.moml.MoMLSimpleApplication@3263ff94
reloadAllAccessors: .Trilateration

===========================================================================================
----------------- testing Tue May 28 04:29:00 UTC 2019 /home/travis/build/icyphy/ptII/ptolemy/domains/de/test/auto/TwoSigmaDelta.xml
----------------- Instantiating /home/travis/build/icyphy/ptII/ptolemy/domains/de/test/auto/TwoSigmaDelta.xml
1844 ms. Memory: 850944K Free: 732177K (86%)
----------------- Invoking toplevel() on ptolemy.moml.MoMLSimpleApplication@6d165a3b
----------------- Done invoking toplevel() on ptolemy.moml.MoMLSimpleApplication@6d165a3b
reloadAllAccessors: .TwoSigmaDelta

===========================================================================================
----------------- testing Tue May 28 04:29:02 UTC 2019 /home/travis/build/icyphy/ptII/ptolemy/domains/de/test/auto/VariableDelay.xml
----------------- Instantiating /home/travis/build/icyphy/ptII/ptolemy/domains/de/test/auto/VariableDelay.xml
2 ms. Memory: 850944K Free: 712000K (84%)
----------------- Invoking toplevel() on ptolemy.moml.MoMLSimpleApplication@590aeeb7
----------------- Done invoking toplevel() on ptolemy.moml.MoMLSimpleApplication@590aeeb7
reloadAllAccessors: .VariableDelay

===========================================================================================
----------------- testing Tue May 28 04:29:02 UTC 2019 /home/travis/build/icyphy/ptII/ptolemy/domains/de/test/auto/VariableDelay2.xml
----------------- Instantiating /home/travis/build/icyphy/ptII/ptolemy/domains/de/test/auto/VariableDelay2.xml
1 ms. Memory: 850944K Free: 695793K (82%)
----------------- Invoking toplevel() on ptolemy.moml.MoMLSimpleApplication@7bb65383
----------------- Done invoking toplevel() on ptolemy.moml.MoMLSimpleApplication@7bb65383
reloadAllAccessors: .VariableDelay2

===========================================================================================
----------------- testing Tue May 28 04:29:02 UTC 2019 /home/travis/build/icyphy/ptII/ptolemy/domains/de/test/auto/VariableDelayZeroDelay.xml
----------------- Instantiating /home/travis/build/icyphy/ptII/ptolemy/domains/de/test/auto/VariableDelayZeroDelay.xml
1 ms. Memory: 850944K Free: 680525K (80%)
----------------- Invoking toplevel() on ptolemy.moml.MoMLSimpleApplication@6804cf23
----------------- Done invoking toplevel() on ptolemy.moml.MoMLSimpleApplication@6804cf23
reloadAllAccessors: .VariableDelayZeroDelay

===========================================================================================
----------------- testing Tue May 28 04:29:02 UTC 2019 /home/travis/build/icyphy/ptII/ptolemy/domains/de/test/auto/VariableDelayZeroDelay2.xml
----------------- Instantiating /home/travis/build/icyphy/ptII/ptolemy/domains/de/test/auto/VariableDelayZeroDelay2.xml
2 ms. Memory: 850944K Free: 664318K (78%)
----------------- Invoking toplevel() on ptolemy.moml.MoMLSimpleApplication@4e416c40
----------------- Done invoking toplevel() on ptolemy.moml.MoMLSimpleApplication@4e416c40
reloadAllAccessors: .VariableDelayZeroDelay2

===========================================================================================
----------------- testing Tue May 28 04:29:02 UTC 2019 /home/travis/build/icyphy/ptII/ptolemy/domains/de/test/auto/deInCt.xml
----------------- Instantiating /home/travis/build/icyphy/ptII/ptolemy/domains/de/test/auto/deInCt.xml
0
1
1
1
0
0
0
0
1
1
1
0
0
1
1
1
1
1
1
0
0
0
0
1
1
1
0
0
0
0
0
4 ms. Memory: 850944K Free: 649050K (76%)
----------------- Invoking toplevel() on ptolemy.moml.MoMLSimpleApplication@2e61a0e
----------------- Done invoking toplevel() on ptolemy.moml.MoMLSimpleApplication@2e61a0e
reloadAllAccessors: .deInCt

===========================================================================================
----------------- testing Tue May 28 04:29:02 UTC 2019 /home/travis/build/icyphy/ptII/ptolemy/domains/de/test/auto/deInCt2.xml
----------------- Instantiating /home/travis/build/icyphy/ptII/ptolemy/domains/de/test/auto/deInCt2.xml
0
1
1
1
0
0
1
1
1
0
0
1
1
1
0
0
1
1
1
0
0
1
1
1
0
0
1
1
1
0
0
1
1
1
0
0
1
1
1
0
0
0
6 ms. Memory: 850944K Free: 632843K (74%)
----------------- Invoking toplevel() on ptolemy.moml.MoMLSimpleApplication@1fb51735
----------------- Done invoking toplevel() on ptolemy.moml.MoMLSimpleApplication@1fb51735
reloadAllAccessors: .deInCt2

===========================================================================================
----------------- testing Tue May 28 04:29:02 UTC 2019 /home/travis/build/icyphy/ptII/ptolemy/domains/de/test/auto/dynamicCausalityInterface1.xml
----------------- Instantiating /home/travis/build/icyphy/ptII/ptolemy/domains/de/test/auto/dynamicCausalityInterface1.xml
0 ms. Memory: 850944K Free: 608986K (72%)
----------------- Invoking toplevel() on ptolemy.moml.MoMLSimpleApplication@19196f41
----------------- Done invoking toplevel() on ptolemy.moml.MoMLSimpleApplication@19196f41
reloadAllAccessors: .dynamicCausalityInterface1

===========================================================================================
----------------- testing Tue May 28 04:29:02 UTC 2019 /home/travis/build/icyphy/ptII/ptolemy/domains/de/test/auto/fsm_de_test.xml
----------------- Instantiating /home/travis/build/icyphy/ptII/ptolemy/domains/de/test/auto/fsm_de_test.xml
7 ms. Memory: 850944K Free: 593699K (70%)
----------------- Invoking toplevel() on ptolemy.moml.MoMLSimpleApplication@6e184541
----------------- Done invoking toplevel() on ptolemy.moml.MoMLSimpleApplication@6e184541
reloadAllAccessors: .fsm_de_test

===========================================================================================
----------------- testing Tue May 28 04:29:02 UTC 2019 /home/travis/build/icyphy/ptII/ptolemy/domains/de/test/auto/functionDependencyReconstruction.xml
----------------- Instantiating /home/travis/build/icyphy/ptII/ptolemy/domains/de/test/auto/functionDependencyReconstruction.xml
2 ms. Memory: 850944K Free: 569842K (67%)
----------------- Invoking toplevel() on ptolemy.moml.MoMLSimpleApplication@108ba65f
----------------- Done invoking toplevel() on ptolemy.moml.MoMLSimpleApplication@108ba65f
reloadAllAccessors: .functionDependencyReconstruction

===========================================================================================
----------------- testing Tue May 28 04:29:02 UTC 2019 /home/travis/build/icyphy/ptII/ptolemy/domains/de/test/auto/multirate.xml
----------------- Instantiating /home/travis/build/icyphy/ptII/ptolemy/domains/de/test/auto/multirate.xml
4 ms. Memory: 850944K Free: 554574K (65%)
----------------- Invoking toplevel() on ptolemy.moml.MoMLSimpleApplication@44415eab
----------------- Done invoking toplevel() on ptolemy.moml.MoMLSimpleApplication@44415eab
reloadAllAccessors: .multirate

===========================================================================================
----------------- testing Tue May 28 04:29:02 UTC 2019 /home/travis/build/icyphy/ptII/ptolemy/domains/de/test/auto/multirate2.xml
----------------- Instantiating /home/travis/build/icyphy/ptII/ptolemy/domains/de/test/auto/multirate2.xml
3 ms. Memory: 850944K Free: 538367K (63%)
----------------- Invoking toplevel() on ptolemy.moml.MoMLSimpleApplication@13e73f71
----------------- Done invoking toplevel() on ptolemy.moml.MoMLSimpleApplication@13e73f71
reloadAllAccessors: .multirate2

===========================================================================================
----------------- testing Tue May 28 04:29:02 UTC 2019 /home/travis/build/icyphy/ptII/ptolemy/domains/de/test/auto/realtime.xml
----------------- Instantiating /home/travis/build/icyphy/ptII/ptolemy/domains/de/test/auto/realtime.xml
10002 ms. Memory: 850944K Free: 523099K (61%)
----------------- Invoking toplevel() on ptolemy.moml.MoMLSimpleApplication@7093725
----------------- Done invoking toplevel() on ptolemy.moml.MoMLSimpleApplication@7093725
reloadAllAccessors: .realtime

===========================================================================================
----------------- testing Tue May 28 04:29:12 UTC 2019 /home/travis/build/icyphy/ptII/ptolemy/domains/de/test/auto/relationGroup.xml
----------------- Instantiating /home/travis/build/icyphy/ptII/ptolemy/domains/de/test/auto/relationGroup.xml
2 ms. Memory: 850944K Free: 506892K (60%)
----------------- Invoking toplevel() on ptolemy.moml.MoMLSimpleApplication@792646bd
----------------- Done invoking toplevel() on ptolemy.moml.MoMLSimpleApplication@792646bd
reloadAllAccessors: .relationGroup

===========================================================================================
----------------- testing Tue May 28 04:29:12 UTC 2019 /home/travis/build/icyphy/ptII/ptolemy/domains/de/test/auto/relationGroup2.xml
----------------- Instantiating /home/travis/build/icyphy/ptII/ptolemy/domains/de/test/auto/relationGroup2.xml
1 ms. Memory: 850944K Free: 490685K (58%)
----------------- Invoking toplevel() on ptolemy.moml.MoMLSimpleApplication@160a4fd4
----------------- Done invoking toplevel() on ptolemy.moml.MoMLSimpleApplication@160a4fd4
reloadAllAccessors: .relationGroup2

===========================================================================================
----------------- testing Tue May 28 04:29:12 UTC 2019 /home/travis/build/icyphy/ptII/ptolemy/domains/de/test/auto/sortWithOpaquePorts.xml
----------------- Instantiating /home/travis/build/icyphy/ptII/ptolemy/domains/de/test/auto/sortWithOpaquePorts.xml
2 ms. Memory: 850944K Free: 475417K (56%)
----------------- Invoking toplevel() on ptolemy.moml.MoMLSimpleApplication@c8f4371
----------------- Done invoking toplevel() on ptolemy.moml.MoMLSimpleApplication@c8f4371
reloadAllAccessors: .sortWithOpaquePorts

===========================================================================================
----------------- testing Tue May 28 04:29:12 UTC 2019 /home/travis/build/icyphy/ptII/ptolemy/domains/de/test/auto/transferInputsandOutputs.xml
----------------- Instantiating /home/travis/build/icyphy/ptII/ptolemy/domains/de/test/auto/transferInputsandOutputs.xml
2 ms. Memory: 850944K Free: 459210K (54%)
----------------- Invoking toplevel() on ptolemy.moml.MoMLSimpleApplication@67d705c3
----------------- Done invoking toplevel() on ptolemy.moml.MoMLSimpleApplication@67d705c3
reloadAllAccessors: .transferInputsandOutputs

===========================================================================================
----------------- testing Tue May 28 04:29:12 UTC 2019 /home/travis/build/icyphy/ptII/ptolemy/domains/de/test/auto/triggerType.xml
----------------- Instantiating /home/travis/build/icyphy/ptII/ptolemy/domains/de/test/auto/triggerType.xml
1 ms. Memory: 850944K Free: 443942K (52%)
----------------- Invoking toplevel() on ptolemy.moml.MoMLSimpleApplication@5b788530
----------------- Done invoking toplevel() on ptolemy.moml.MoMLSimpleApplication@5b788530
reloadAllAccessors: .triggerType
AutoTests.java: About to close Vertx.
AutoTests.java: Vertx closed.
]]></system-out>
  <system-err><![CDATA[java.lang.RuntimeException: Execution failed
	at ptolemy.moml.MoMLSimpleApplication$UnloadThread.run(MoMLSimpleApplication.java:402)
Caused by: ptolemy.kernel.util.IllegalActionException: Found a zero delay loop containing .dependencyLoop.original
  in .dependencyLoop and .dependencyLoop.original
	at ptolemy.actor.util.CausalityInterfaceForComposites._computeOutputPortDepth(CausalityInterfaceForComposites.java:759)
	at ptolemy.actor.util.CausalityInterfaceForComposites._computeInputDepth(CausalityInterfaceForComposites.java:696)
	at ptolemy.actor.util.CausalityInterfaceForComposites._computeOutputPortDepth(CausalityInterfaceForComposites.java:765)
	at ptolemy.actor.util.CausalityInterfaceForComposites._computeInputDepth(CausalityInterfaceForComposites.java:696)
	at ptolemy.actor.util.CausalityInterfaceForComposites._computeOutputPortDepth(CausalityInterfaceForComposites.java:765)
	at ptolemy.actor.util.CausalityInterfaceForComposites._computeInputDepth(CausalityInterfaceForComposites.java:696)
	at ptolemy.actor.util.CausalityInterfaceForComposites._computeActorDepth(CausalityInterfaceForComposites.java:532)
	at ptolemy.actor.util.CausalityInterfaceForComposites.checkForCycles(CausalityInterfaceForComposites.java:96)
	at ptolemy.domains.de.kernel.DEDirector.preinitialize(DEDirector.java:1338)
	at ptolemy.actor.CompositeActor.preinitialize(CompositeActor.java:1828)
	at ptolemy.actor.Manager.preinitializeAndResolveTypes(Manager.java:1040)
	at ptolemy.actor.Manager.initialize(Manager.java:710)
	at ptolemy.actor.Manager.execute(Manager.java:356)
	at ptolemy.actor.Manager.run(Manager.java:1263)
	at ptolemy.actor.Manager$PtolemyRunThread.run(Manager.java:1915)
java.lang.RuntimeException: Execution failed
	at ptolemy.moml.MoMLSimpleApplication$UnloadThread.run(MoMLSimpleApplication.java:402)
Caused by: ptolemy.kernel.util.IllegalActionException: Found a zero delay loop containing .dependencyLoop2.original
  in .dependencyLoop2 and .dependencyLoop2.original
	at ptolemy.actor.util.CausalityInterfaceForComposites._computeOutputPortDepth(CausalityInterfaceForComposites.java:759)
	at ptolemy.actor.util.CausalityInterfaceForComposites._computeInputDepth(CausalityInterfaceForComposites.java:696)
	at ptolemy.actor.util.CausalityInterfaceForComposites._computeOutputPortDepth(CausalityInterfaceForComposites.java:765)
	at ptolemy.actor.util.CausalityInterfaceForComposites._computeInputDepth(CausalityInterfaceForComposites.java:696)
	at ptolemy.actor.util.CausalityInterfaceForComposites._computeOutputPortDepth(CausalityInterfaceForComposites.java:765)
	at ptolemy.actor.util.CausalityInterfaceForComposites._computeInputDepth(CausalityInterfaceForComposites.java:696)
	at ptolemy.actor.util.CausalityInterfaceForComposites._computeActorDepth(CausalityInterfaceForComposites.java:532)
	at ptolemy.actor.util.CausalityInterfaceForComposites.checkForCycles(CausalityInterfaceForComposites.java:96)
	at ptolemy.domains.de.kernel.DEDirector.preinitialize(DEDirector.java:1338)
	at ptolemy.actor.CompositeActor.preinitialize(CompositeActor.java:1828)
	at ptolemy.actor.Manager.preinitializeAndResolveTypes(Manager.java:1040)
	at ptolemy.actor.Manager.initialize(Manager.java:710)
	at ptolemy.actor.Manager.execute(Manager.java:356)
	at ptolemy.actor.Manager.run(Manager.java:1263)
	at ptolemy.actor.Manager$PtolemyRunThread.run(Manager.java:1915)
java.lang.RuntimeException: Execution failed
	at ptolemy.moml.MoMLSimpleApplication$UnloadThread.run(MoMLSimpleApplication.java:402)
Caused by: ptolemy.kernel.util.IllegalActionException: Found a zero delay loop containing .dependencyLoop.original
  in .dependencyLoop and .dependencyLoop.original
	at ptolemy.actor.util.CausalityInterfaceForComposites._computeOutputPortDepth(CausalityInterfaceForComposites.java:759)
	at ptolemy.actor.util.CausalityInterfaceForComposites._computeInputDepth(CausalityInterfaceForComposites.java:696)
	at ptolemy.actor.util.CausalityInterfaceForComposites._computeOutputPortDepth(CausalityInterfaceForComposites.java:765)
	at ptolemy.actor.util.CausalityInterfaceForComposites._computeInputDepth(CausalityInterfaceForComposites.java:696)
	at ptolemy.actor.util.CausalityInterfaceForComposites._computeOutputPortDepth(CausalityInterfaceForComposites.java:765)
	at ptolemy.actor.util.CausalityInterfaceForComposites._computeInputDepth(CausalityInterfaceForComposites.java:696)
	at ptolemy.actor.util.CausalityInterfaceForComposites._computeActorDepth(CausalityInterfaceForComposites.java:532)
	at ptolemy.actor.util.CausalityInterfaceForComposites.checkForCycles(CausalityInterfaceForComposites.java:96)
	at ptolemy.domains.de.kernel.DEDirector.preinitialize(DEDirector.java:1338)
	at ptolemy.actor.CompositeActor.preinitialize(CompositeActor.java:1828)
	at ptolemy.actor.Manager.preinitializeAndResolveTypes(Manager.java:1040)
	at ptolemy.actor.Manager.initialize(Manager.java:710)
	at ptolemy.actor.Manager.execute(Manager.java:356)
	at ptolemy.actor.Manager.run(Manager.java:1263)
	at ptolemy.actor.Manager$PtolemyRunThread.run(Manager.java:1915)
java.lang.RuntimeException: Execution failed
	at ptolemy.moml.MoMLSimpleApplication$UnloadThread.run(MoMLSimpleApplication.java:402)
Caused by: ptolemy.kernel.util.IllegalActionException: Actor is not ready to fire.  Perhaps UpSample.prefire() returned false? Try debugging the actor by selecting "Listen to Actor".  Also, for SDF check moml for tokenConsumptionRate on input.
  in .DESDFClockTest.Play Bell.Copy1:SDF Director and .DESDFClockTest.Play Bell.UpSample
	at ptolemy.actor.sched.StaticSchedulingDirector.fire(StaticSchedulingDirector.java:227)
	at ptolemy.domains.sdf.kernel.SDFDirector.fire(SDFDirector.java:500)
	at ptolemy.actor.CompositeActor.fire(CompositeActor.java:455)
	at ptolemy.domains.de.kernel.DEDirector._fire(DEDirector.java:1949)
	at ptolemy.domains.de.kernel.DEDirector.fire(DEDirector.java:502)
	at ptolemy.actor.CompositeActor.fire(CompositeActor.java:455)
	at ptolemy.actor.Manager.iterate(Manager.java:851)
	at ptolemy.actor.Manager.execute(Manager.java:369)
	at ptolemy.actor.Manager.run(Manager.java:1263)
	at ptolemy.actor.Manager$PtolemyRunThread.run(Manager.java:1915)
java.lang.RuntimeException: Execution failed
	at ptolemy.moml.MoMLSimpleApplication$UnloadThread.run(MoMLSimpleApplication.java:402)
Caused by: ptolemy.kernel.util.IllegalActionException: Found a zero delay loop containing .dependencyLoop2.original
  in .dependencyLoop2 and .dependencyLoop2.original
	at ptolemy.actor.util.CausalityInterfaceForComposites._computeOutputPortDepth(CausalityInterfaceForComposites.java:759)
	at ptolemy.actor.util.CausalityInterfaceForComposites._computeInputDepth(CausalityInterfaceForComposites.java:696)
	at ptolemy.actor.util.CausalityInterfaceForComposites._computeOutputPortDepth(CausalityInterfaceForComposites.java:765)
	at ptolemy.actor.util.CausalityInterfaceForComposites._computeInputDepth(CausalityInterfaceForComposites.java:696)
	at ptolemy.actor.util.CausalityInterfaceForComposites._computeOutputPortDepth(CausalityInterfaceForComposites.java:765)
	at ptolemy.actor.util.CausalityInterfaceForComposites._computeInputDepth(CausalityInterfaceForComposites.java:696)
	at ptolemy.actor.util.CausalityInterfaceForComposites._computeActorDepth(CausalityInterfaceForComposites.java:532)
	at ptolemy.actor.util.CausalityInterfaceForComposites.checkForCycles(CausalityInterfaceForComposites.java:96)
	at ptolemy.domains.de.kernel.DEDirector.preinitialize(DEDirector.java:1338)
	at ptolemy.actor.CompositeActor.preinitialize(CompositeActor.java:1828)
	at ptolemy.actor.Manager.preinitializeAndResolveTypes(Manager.java:1040)
	at ptolemy.actor.Manager.initialize(Manager.java:710)
	at ptolemy.actor.Manager.execute(Manager.java:356)
	at ptolemy.actor.Manager.run(Manager.java:1263)
	at ptolemy.actor.Manager$PtolemyRunThread.run(Manager.java:1915)
java.lang.RuntimeException: Execution failed
	at ptolemy.moml.MoMLSimpleApplication$UnloadThread.run(MoMLSimpleApplication.java:402)
Caused by: ptolemy.kernel.util.IllegalActionException: Found a zero delay loop containing .HierarchicalModel.A
  in .HierarchicalModel and .HierarchicalModel.A
	at ptolemy.actor.util.CausalityInterfaceForComposites._computeOutputPortDepth(CausalityInterfaceForComposites.java:759)
	at ptolemy.actor.util.CausalityInterfaceForComposites._computeInputDepth(CausalityInterfaceForComposites.java:696)
	at ptolemy.actor.util.CausalityInterfaceForComposites._computeOutputPortDepth(CausalityInterfaceForComposites.java:765)
	at ptolemy.actor.util.CausalityInterfaceForComposites._computeInputDepth(CausalityInterfaceForComposites.java:696)
	at ptolemy.actor.util.CausalityInterfaceForComposites._computeOutputPortDepth(CausalityInterfaceForComposites.java:765)
	at ptolemy.actor.util.CausalityInterfaceForComposites._computeInputDepth(CausalityInterfaceForComposites.java:696)
	at ptolemy.actor.util.CausalityInterfaceForComposites._computeActorDepth(CausalityInterfaceForComposites.java:532)
	at ptolemy.actor.util.CausalityInterfaceForComposites.checkForCycles(CausalityInterfaceForComposites.java:96)
	at ptolemy.domains.de.kernel.DEDirector.preinitialize(DEDirector.java:1338)
	at ptolemy.actor.CompositeActor.preinitialize(CompositeActor.java:1828)
	at ptolemy.actor.Manager.preinitializeAndResolveTypes(Manager.java:1040)
	at ptolemy.actor.Manager.initialize(Manager.java:710)
	at ptolemy.actor.Manager.execute(Manager.java:356)
	at ptolemy.actor.Manager.run(Manager.java:1263)
	at ptolemy.actor.Manager$PtolemyRunThread.run(Manager.java:1915)
java.lang.RuntimeException: Execution failed
	at ptolemy.moml.MoMLSimpleApplication$UnloadThread.run(MoMLSimpleApplication.java:402)
Caused by: ptolemy.kernel.util.IllegalActionException: Test fails in iteration 1.
Value was: 1.0. Should have been: 2.0
  in .DirectFeedback.Test
	at ptolemy.actor.lib.Test.fire(Test.java:268)
	at ptolemy.domains.de.kernel.DEDirector._fire(DEDirector.java:1949)
	at ptolemy.domains.de.kernel.DEDirector.fire(DEDirector.java:502)
	at ptolemy.actor.CompositeActor.fire(CompositeActor.java:455)
	at ptolemy.actor.Manager.iterate(Manager.java:851)
	at ptolemy.actor.Manager.execute(Manager.java:369)
	at ptolemy.actor.Manager.run(Manager.java:1263)
	at ptolemy.actor.Manager$PtolemyRunThread.run(Manager.java:1915)
java.lang.RuntimeException: Execution failed
	at ptolemy.moml.MoMLSimpleApplication$UnloadThread.run(MoMLSimpleApplication.java:402)
Caused by: ptolemy.kernel.util.IllegalActionException: Actor is not ready to fire.  Perhaps UpSample.prefire() returned false? Try debugging the actor by selecting "Listen to Actor".  Also, for SDF check moml for tokenConsumptionRate on input.
  in .DESDFClockTest.Play Bell.Copy1:SDF Director and .DESDFClockTest.Play Bell.UpSample
	at ptolemy.actor.sched.StaticSchedulingDirector.fire(StaticSchedulingDirector.java:227)
	at ptolemy.domains.sdf.kernel.SDFDirector.fire(SDFDirector.java:500)
	at ptolemy.actor.CompositeActor.fire(CompositeActor.java:455)
	at ptolemy.domains.de.kernel.DEDirector._fire(DEDirector.java:1949)
	at ptolemy.domains.de.kernel.DEDirector.fire(DEDirector.java:502)
	at ptolemy.actor.CompositeActor.fire(CompositeActor.java:455)
	at ptolemy.actor.Manager.iterate(Manager.java:851)
	at ptolemy.actor.Manager.execute(Manager.java:369)
	at ptolemy.actor.Manager.run(Manager.java:1263)
	at ptolemy.actor.Manager$PtolemyRunThread.run(Manager.java:1915)
java.lang.reflect.InvocationTargetException
	at sun.reflect.NativeConstructorAccessorImpl.newInstance0(Native Method)
	at sun.reflect.NativeConstructorAccessorImpl.newInstance(NativeConstructorAccessorImpl.java:62)
	at sun.reflect.DelegatingConstructorAccessorImpl.newInstance(DelegatingConstructorAccessorImpl.java:45)
	at java.lang.reflect.Constructor.newInstance(Constructor.java:423)
	at ptolemy.util.test.junit.AutoKnownFailedTests.RunModel(AutoKnownFailedTests.java:105)
	at sun.reflect.NativeMethodAccessorImpl.invoke0(Native Method)
	at sun.reflect.NativeMethodAccessorImpl.invoke(NativeMethodAccessorImpl.java:62)
	at sun.reflect.DelegatingMethodAccessorImpl.invoke(DelegatingMethodAccessorImpl.java:43)
	at java.lang.reflect.Method.invoke(Method.java:498)
	at org.junit.runners.model.FrameworkMethod$1.runReflectiveCall(FrameworkMethod.java:44)
	at org.junit.internal.runners.model.ReflectiveCallable.run(ReflectiveCallable.java:15)
	at org.junit.runners.model.FrameworkMethod.invokeExplosively(FrameworkMethod.java:41)
	at junitparams.internal.InvokeParameterisedMethod.evaluate(InvokeParameterisedMethod.java:102)
	at org.junit.internal.runners.statements.FailOnTimeout$1.run(FailOnTimeout.java:28)
Caused by: ptolemy.kernel.util.IllegalActionException: Actor is not ready to fire.  Perhaps UpSample.prefire() returned false? Try debugging the actor by selecting "Listen to Actor".  Also, for SDF check moml for tokenConsumptionRate on input.
  in .DESDFClockTest.Play Bell.Copy1:SDF Director and .DESDFClockTest.Play Bell.UpSample
	at ptolemy.actor.sched.StaticSchedulingDirector.fire(StaticSchedulingDirector.java:227)
	at ptolemy.domains.sdf.kernel.SDFDirector.fire(SDFDirector.java:500)
	at ptolemy.actor.CompositeActor.fire(CompositeActor.java:455)
	at ptolemy.domains.de.kernel.DEDirector._fire(DEDirector.java:1949)
	at ptolemy.domains.de.kernel.DEDirector.fire(DEDirector.java:502)
	at ptolemy.actor.CompositeActor.fire(CompositeActor.java:455)
	at ptolemy.actor.Manager.iterate(Manager.java:851)
	at ptolemy.actor.Manager.execute(Manager.java:369)
	at ptolemy.actor.Manager.run(Manager.java:1263)
	at ptolemy.actor.Manager$PtolemyRunThread.run(Manager.java:1915)
java.lang.RuntimeException: Execution failed
	at ptolemy.moml.MoMLSimpleApplication$UnloadThread.run(MoMLSimpleApplication.java:402)
Caused by: ptolemy.kernel.util.IllegalActionException: Test fails in iteration 1.
Value was: 1.0. Should have been: 2.0
  in .DirectFeedback.Test
	at ptolemy.actor.lib.Test.fire(Test.java:268)
	at ptolemy.domains.de.kernel.DEDirector._fire(DEDirector.java:1949)
	at ptolemy.domains.de.kernel.DEDirector.fire(DEDirector.java:502)
	at ptolemy.actor.CompositeActor.fire(CompositeActor.java:455)
	at ptolemy.actor.Manager.iterate(Manager.java:851)
	at ptolemy.actor.Manager.execute(Manager.java:369)
	at ptolemy.actor.Manager.run(Manager.java:1263)
	at ptolemy.actor.Manager$PtolemyRunThread.run(Manager.java:1915)
java.lang.reflect.InvocationTargetException
	at sun.reflect.NativeConstructorAccessorImpl.newInstance0(Native Method)
	at sun.reflect.NativeConstructorAccessorImpl.newInstance(NativeConstructorAccessorImpl.java:62)
	at sun.reflect.DelegatingConstructorAccessorImpl.newInstance(DelegatingConstructorAccessorImpl.java:45)
	at java.lang.reflect.Constructor.newInstance(Constructor.java:423)
	at ptolemy.util.test.junit.AutoKnownFailedTests.RunModel(AutoKnownFailedTests.java:105)
	at sun.reflect.NativeMethodAccessorImpl.invoke0(Native Method)
	at sun.reflect.NativeMethodAccessorImpl.invoke(NativeMethodAccessorImpl.java:62)
	at sun.reflect.DelegatingMethodAccessorImpl.invoke(DelegatingMethodAccessorImpl.java:43)
	at java.lang.reflect.Method.invoke(Method.java:498)
	at org.junit.runners.model.FrameworkMethod$1.runReflectiveCall(FrameworkMethod.java:44)
	at org.junit.internal.runners.model.ReflectiveCallable.run(ReflectiveCallable.java:15)
	at org.junit.runners.model.FrameworkMethod.invokeExplosively(FrameworkMethod.java:41)
	at junitparams.internal.InvokeParameterisedMethod.evaluate(InvokeParameterisedMethod.java:102)
	at org.junit.internal.runners.statements.FailOnTimeout$1.run(FailOnTimeout.java:28)
Caused by: ptolemy.kernel.util.IllegalActionException: Test fails in iteration 1.
Value was: 1.0. Should have been: 2.0
  in .DirectFeedback.Test
	at ptolemy.actor.lib.Test.fire(Test.java:268)
	at ptolemy.domains.de.kernel.DEDirector._fire(DEDirector.java:1949)
	at ptolemy.domains.de.kernel.DEDirector.fire(DEDirector.java:502)
	at ptolemy.actor.CompositeActor.fire(CompositeActor.java:455)
	at ptolemy.actor.Manager.iterate(Manager.java:851)
	at ptolemy.actor.Manager.execute(Manager.java:369)
	at ptolemy.actor.Manager.run(Manager.java:1263)
	at ptolemy.actor.Manager$PtolemyRunThread.run(Manager.java:1915)
java.lang.RuntimeException: Execution failed
	at ptolemy.moml.MoMLSimpleApplication$UnloadThread.run(MoMLSimpleApplication.java:402)
Caused by: ptolemy.kernel.util.IllegalActionException: Found a zero delay loop containing .HierarchicalModel.A
  in .HierarchicalModel and .HierarchicalModel.A
	at ptolemy.actor.util.CausalityInterfaceForComposites._computeOutputPortDepth(CausalityInterfaceForComposites.java:759)
	at ptolemy.actor.util.CausalityInterfaceForComposites._computeInputDepth(CausalityInterfaceForComposites.java:696)
	at ptolemy.actor.util.CausalityInterfaceForComposites._computeOutputPortDepth(CausalityInterfaceForComposites.java:765)
	at ptolemy.actor.util.CausalityInterfaceForComposites._computeInputDepth(CausalityInterfaceForComposites.java:696)
	at ptolemy.actor.util.CausalityInterfaceForComposites._computeOutputPortDepth(CausalityInterfaceForComposites.java:765)
	at ptolemy.actor.util.CausalityInterfaceForComposites._computeInputDepth(CausalityInterfaceForComposites.java:696)
	at ptolemy.actor.util.CausalityInterfaceForComposites._computeActorDepth(CausalityInterfaceForComposites.java:532)
	at ptolemy.actor.util.CausalityInterfaceForComposites.checkForCycles(CausalityInterfaceForComposites.java:96)
	at ptolemy.domains.de.kernel.DEDirector.preinitialize(DEDirector.java:1338)
	at ptolemy.actor.CompositeActor.preinitialize(CompositeActor.java:1828)
	at ptolemy.actor.Manager.preinitializeAndResolveTypes(Manager.java:1040)
	at ptolemy.actor.Manager.initialize(Manager.java:710)
	at ptolemy.actor.Manager.execute(Manager.java:356)
	at ptolemy.actor.Manager.run(Manager.java:1263)
	at ptolemy.actor.Manager$PtolemyRunThread.run(Manager.java:1915)
java.lang.reflect.InvocationTargetException
	at sun.reflect.NativeConstructorAccessorImpl.newInstance0(Native Method)
	at sun.reflect.NativeConstructorAccessorImpl.newInstance(NativeConstructorAccessorImpl.java:62)
	at sun.reflect.DelegatingConstructorAccessorImpl.newInstance(DelegatingConstructorAccessorImpl.java:45)
	at java.lang.reflect.Constructor.newInstance(Constructor.java:423)
	at ptolemy.util.test.junit.AutoKnownFailedTests.RunModel(AutoKnownFailedTests.java:105)
	at sun.reflect.NativeMethodAccessorImpl.invoke0(Native Method)
	at sun.reflect.NativeMethodAccessorImpl.invoke(NativeMethodAccessorImpl.java:62)
	at sun.reflect.DelegatingMethodAccessorImpl.invoke(DelegatingMethodAccessorImpl.java:43)
	at java.lang.reflect.Method.invoke(Method.java:498)
	at org.junit.runners.model.FrameworkMethod$1.runReflectiveCall(FrameworkMethod.java:44)
	at org.junit.internal.runners.model.ReflectiveCallable.run(ReflectiveCallable.java:15)
	at org.junit.runners.model.FrameworkMethod.invokeExplosively(FrameworkMethod.java:41)
	at junitparams.internal.InvokeParameterisedMethod.evaluate(InvokeParameterisedMethod.java:102)
	at org.junit.internal.runners.statements.FailOnTimeout$1.run(FailOnTimeout.java:28)
Caused by: ptolemy.kernel.util.IllegalActionException: Found a zero delay loop containing .HierarchicalModel.A
  in .HierarchicalModel and .HierarchicalModel.A
	at ptolemy.actor.util.CausalityInterfaceForComposites._computeOutputPortDepth(CausalityInterfaceForComposites.java:759)
	at ptolemy.actor.util.CausalityInterfaceForComposites._computeInputDepth(CausalityInterfaceForComposites.java:696)
	at ptolemy.actor.util.CausalityInterfaceForComposites._computeOutputPortDepth(CausalityInterfaceForComposites.java:765)
	at ptolemy.actor.util.CausalityInterfaceForComposites._computeInputDepth(CausalityInterfaceForComposites.java:696)
	at ptolemy.actor.util.CausalityInterfaceForComposites._computeOutputPortDepth(CausalityInterfaceForComposites.java:765)
	at ptolemy.actor.util.CausalityInterfaceForComposites._computeInputDepth(CausalityInterfaceForComposites.java:696)
	at ptolemy.actor.util.CausalityInterfaceForComposites._computeActorDepth(CausalityInterfaceForComposites.java:532)
	at ptolemy.actor.util.CausalityInterfaceForComposites.checkForCycles(CausalityInterfaceForComposites.java:96)
	at ptolemy.domains.de.kernel.DEDirector.preinitialize(DEDirector.java:1338)
	at ptolemy.actor.CompositeActor.preinitialize(CompositeActor.java:1828)
	at ptolemy.actor.Manager.preinitializeAndResolveTypes(Manager.java:1040)
	at ptolemy.actor.Manager.initialize(Manager.java:710)
	at ptolemy.actor.Manager.execute(Manager.java:356)
	at ptolemy.actor.Manager.run(Manager.java:1263)
	at ptolemy.actor.Manager$PtolemyRunThread.run(Manager.java:1915)
java.lang.RuntimeException: Execution failed
	at ptolemy.moml.MoMLSimpleApplication$UnloadThread.run(MoMLSimpleApplication.java:402)
Caused by: ptolemy.kernel.util.IllegalActionException: Found a zero delay loop containing .dependencyLoop.original
  in .dependencyLoop and .dependencyLoop.original
	at ptolemy.actor.util.CausalityInterfaceForComposites._computeOutputPortDepth(CausalityInterfaceForComposites.java:759)
	at ptolemy.actor.util.CausalityInterfaceForComposites._computeInputDepth(CausalityInterfaceForComposites.java:696)
	at ptolemy.actor.util.CausalityInterfaceForComposites._computeOutputPortDepth(CausalityInterfaceForComposites.java:765)
	at ptolemy.actor.util.CausalityInterfaceForComposites._computeInputDepth(CausalityInterfaceForComposites.java:696)
	at ptolemy.actor.util.CausalityInterfaceForComposites._computeOutputPortDepth(CausalityInterfaceForComposites.java:765)
	at ptolemy.actor.util.CausalityInterfaceForComposites._computeInputDepth(CausalityInterfaceForComposites.java:696)
	at ptolemy.actor.util.CausalityInterfaceForComposites._computeActorDepth(CausalityInterfaceForComposites.java:532)
	at ptolemy.actor.util.CausalityInterfaceForComposites.checkForCycles(CausalityInterfaceForComposites.java:96)
	at ptolemy.domains.de.kernel.DEDirector.preinitialize(DEDirector.java:1338)
	at ptolemy.actor.CompositeActor.preinitialize(CompositeActor.java:1828)
	at ptolemy.actor.Manager.preinitializeAndResolveTypes(Manager.java:1040)
	at ptolemy.actor.Manager.initialize(Manager.java:710)
	at ptolemy.actor.Manager.execute(Manager.java:356)
	at ptolemy.actor.Manager.run(Manager.java:1263)
	at ptolemy.actor.Manager$PtolemyRunThread.run(Manager.java:1915)
java.lang.reflect.InvocationTargetException
	at sun.reflect.NativeConstructorAccessorImpl.newInstance0(Native Method)
	at sun.reflect.NativeConstructorAccessorImpl.newInstance(NativeConstructorAccessorImpl.java:62)
	at sun.reflect.DelegatingConstructorAccessorImpl.newInstance(DelegatingConstructorAccessorImpl.java:45)
	at java.lang.reflect.Constructor.newInstance(Constructor.java:423)
	at ptolemy.util.test.junit.AutoKnownFailedTests.RunModel(AutoKnownFailedTests.java:105)
	at sun.reflect.NativeMethodAccessorImpl.invoke0(Native Method)
	at sun.reflect.NativeMethodAccessorImpl.invoke(NativeMethodAccessorImpl.java:62)
	at sun.reflect.DelegatingMethodAccessorImpl.invoke(DelegatingMethodAccessorImpl.java:43)
	at java.lang.reflect.Method.invoke(Method.java:498)
	at org.junit.runners.model.FrameworkMethod$1.runReflectiveCall(FrameworkMethod.java:44)
	at org.junit.internal.runners.model.ReflectiveCallable.run(ReflectiveCallable.java:15)
	at org.junit.runners.model.FrameworkMethod.invokeExplosively(FrameworkMethod.java:41)
	at junitparams.internal.InvokeParameterisedMethod.evaluate(InvokeParameterisedMethod.java:102)
	at org.junit.internal.runners.statements.FailOnTimeout$1.run(FailOnTimeout.java:28)
Caused by: ptolemy.kernel.util.IllegalActionException: Found a zero delay loop containing .dependencyLoop.original
  in .dependencyLoop and .dependencyLoop.original
	at ptolemy.actor.util.CausalityInterfaceForComposites._computeOutputPortDepth(CausalityInterfaceForComposites.java:759)
	at ptolemy.actor.util.CausalityInterfaceForComposites._computeInputDepth(CausalityInterfaceForComposites.java:696)
	at ptolemy.actor.util.CausalityInterfaceForComposites._computeOutputPortDepth(CausalityInterfaceForComposites.java:765)
	at ptolemy.actor.util.CausalityInterfaceForComposites._computeInputDepth(CausalityInterfaceForComposites.java:696)
	at ptolemy.actor.util.CausalityInterfaceForComposites._computeOutputPortDepth(CausalityInterfaceForComposites.java:765)
	at ptolemy.actor.util.CausalityInterfaceForComposites._computeInputDepth(CausalityInterfaceForComposites.java:696)
	at ptolemy.actor.util.CausalityInterfaceForComposites._computeActorDepth(CausalityInterfaceForComposites.java:532)
	at ptolemy.actor.util.CausalityInterfaceForComposites.checkForCycles(CausalityInterfaceForComposites.java:96)
	at ptolemy.domains.de.kernel.DEDirector.preinitialize(DEDirector.java:1338)
	at ptolemy.actor.CompositeActor.preinitialize(CompositeActor.java:1828)
	at ptolemy.actor.Manager.preinitializeAndResolveTypes(Manager.java:1040)
	at ptolemy.actor.Manager.initialize(Manager.java:710)
	at ptolemy.actor.Manager.execute(Manager.java:356)
	at ptolemy.actor.Manager.run(Manager.java:1263)
	at ptolemy.actor.Manager$PtolemyRunThread.run(Manager.java:1915)
java.lang.RuntimeException: Execution failed
	at ptolemy.moml.MoMLSimpleApplication$UnloadThread.run(MoMLSimpleApplication.java:402)
Caused by: ptolemy.kernel.util.IllegalActionException: Found a zero delay loop containing .dependencyLoop2.original
  in .dependencyLoop2 and .dependencyLoop2.original
	at ptolemy.actor.util.CausalityInterfaceForComposites._computeOutputPortDepth(CausalityInterfaceForComposites.java:759)
	at ptolemy.actor.util.CausalityInterfaceForComposites._computeInputDepth(CausalityInterfaceForComposites.java:696)
	at ptolemy.actor.util.CausalityInterfaceForComposites._computeOutputPortDepth(CausalityInterfaceForComposites.java:765)
	at ptolemy.actor.util.CausalityInterfaceForComposites._computeInputDepth(CausalityInterfaceForComposites.java:696)
	at ptolemy.actor.util.CausalityInterfaceForComposites._computeOutputPortDepth(CausalityInterfaceForComposites.java:765)
	at ptolemy.actor.util.CausalityInterfaceForComposites._computeInputDepth(CausalityInterfaceForComposites.java:696)
	at ptolemy.actor.util.CausalityInterfaceForComposites._computeActorDepth(CausalityInterfaceForComposites.java:532)
	at ptolemy.actor.util.CausalityInterfaceForComposites.checkForCycles(CausalityInterfaceForComposites.java:96)
	at ptolemy.domains.de.kernel.DEDirector.preinitialize(DEDirector.java:1338)
	at ptolemy.actor.CompositeActor.preinitialize(CompositeActor.java:1828)
	at ptolemy.actor.Manager.preinitializeAndResolveTypes(Manager.java:1040)
	at ptolemy.actor.Manager.initialize(Manager.java:710)
	at ptolemy.actor.Manager.execute(Manager.java:356)
	at ptolemy.actor.Manager.run(Manager.java:1263)
	at ptolemy.actor.Manager$PtolemyRunThread.run(Manager.java:1915)
java.lang.reflect.InvocationTargetException
	at sun.reflect.NativeConstructorAccessorImpl.newInstance0(Native Method)
	at sun.reflect.NativeConstructorAccessorImpl.newInstance(NativeConstructorAccessorImpl.java:62)
	at sun.reflect.DelegatingConstructorAccessorImpl.newInstance(DelegatingConstructorAccessorImpl.java:45)
	at java.lang.reflect.Constructor.newInstance(Constructor.java:423)
	at ptolemy.util.test.junit.AutoKnownFailedTests.RunModel(AutoKnownFailedTests.java:105)
	at sun.reflect.NativeMethodAccessorImpl.invoke0(Native Method)
	at sun.reflect.NativeMethodAccessorImpl.invoke(NativeMethodAccessorImpl.java:62)
	at sun.reflect.DelegatingMethodAccessorImpl.invoke(DelegatingMethodAccessorImpl.java:43)
	at java.lang.reflect.Method.invoke(Method.java:498)
	at org.junit.runners.model.FrameworkMethod$1.runReflectiveCall(FrameworkMethod.java:44)
	at org.junit.internal.runners.model.ReflectiveCallable.run(ReflectiveCallable.java:15)
	at org.junit.runners.model.FrameworkMethod.invokeExplosively(FrameworkMethod.java:41)
	at junitparams.internal.InvokeParameterisedMethod.evaluate(InvokeParameterisedMethod.java:102)
	at org.junit.internal.runners.statements.FailOnTimeout$1.run(FailOnTimeout.java:28)
Caused by: ptolemy.kernel.util.IllegalActionException: Found a zero delay loop containing .dependencyLoop2.original
  in .dependencyLoop2 and .dependencyLoop2.original
	at ptolemy.actor.util.CausalityInterfaceForComposites._computeOutputPortDepth(CausalityInterfaceForComposites.java:759)
	at ptolemy.actor.util.CausalityInterfaceForComposites._computeInputDepth(CausalityInterfaceForComposites.java:696)
	at ptolemy.actor.util.CausalityInterfaceForComposites._computeOutputPortDepth(CausalityInterfaceForComposites.java:765)
	at ptolemy.actor.util.CausalityInterfaceForComposites._computeInputDepth(CausalityInterfaceForComposites.java:696)
	at ptolemy.actor.util.CausalityInterfaceForComposites._computeOutputPortDepth(CausalityInterfaceForComposites.java:765)
	at ptolemy.actor.util.CausalityInterfaceForComposites._computeInputDepth(CausalityInterfaceForComposites.java:696)
	at ptolemy.actor.util.CausalityInterfaceForComposites._computeActorDepth(CausalityInterfaceForComposites.java:532)
	at ptolemy.actor.util.CausalityInterfaceForComposites.checkForCycles(CausalityInterfaceForComposites.java:96)
	at ptolemy.domains.de.kernel.DEDirector.preinitialize(DEDirector.java:1338)
	at ptolemy.actor.CompositeActor.preinitialize(CompositeActor.java:1828)
	at ptolemy.actor.Manager.preinitializeAndResolveTypes(Manager.java:1040)
	at ptolemy.actor.Manager.initialize(Manager.java:710)
	at ptolemy.actor.Manager.execute(Manager.java:356)
	at ptolemy.actor.Manager.run(Manager.java:1263)
	at ptolemy.actor.Manager$PtolemyRunThread.run(Manager.java:1915)
]]></system-err>
</testsuite>
