<?xml version="1.0" encoding="UTF-8" ?>
<testsuite errors="0" failures="0" hostname="travis-job-bcce63ad-1a29-45c6-b38a-dd4b050ff0bf" name="ptolemy.actor.lib.test.junit.JUnitTclTest" skipped="0" tests="518" time="61.813" timestamp="2018-06-06T21:16:08">
  <properties>
    <property name="npm.executable" value="npm" />
    <property name="file.encoding.pkg" value="sun.io" />
    <property name="ptII.mk.exists" value="true" />
    <property name="env.rvm_bin_path" value="/home/travis/.rvm/bin" />
    <property name="java.home" value="/usr/lib/jvm/java-8-oracle/jre" />
    <property name="env.TRAVIS_JOB_NUMBER" value="529.7" />
    <property name="env.DISPLAY" value=":99.0" />
    <property name="java.net.preferIPv4Stack" value="true" />
    <property name="env.SSH_TTY" value="/dev/pts/0" />
    <property name="env.RUN_TESTS" value="true" />
    <property name="timeout.short" value="1000000" />
    <property name="env.TRAVIS_STACK_NODE_ATTRIBUTES" value="/.node-attributes.yml" />
    <property name="junit.formatter" value="xml" />
    <property name="java.endorsed.dirs" value="/usr/lib/jvm/java-8-oracle/jre/lib/endorsed" />
    <property name="env.TRAVIS_SUDO" value="true" />
    <property name="env.LOGNAME" value="travis" />
    <property name="env.PT_TRAVIS_TEST_CORE1_XML" value="true" />
    <property name="jsdoc.home" value="node_modules/@terraswarm/jsdoc" />
    <property name="debuglevel" value="source,lines,vars" />
    <property name="checkstyle.formatter" value="xml" />
    <property name="bin.vergil.makeable" value="true" />
    <property name="env._system_version" value="14.04" />
    <property name="sun.os.patch.level" value="unknown" />
    <property name="java.vendor.url" value="http://java.oracle.com/" />
    <property name="java.version" value="1.8.0_151" />
    <property name="env.TZ" value="UTC" />
    <property name="env.PT_NO_NET" value="true" />
    <property name="env.TRAVIS_PULL_REQUEST_SHA" value="" />
    <property name="env.TRAVIS_SECURE_ENV_VARS" value="true" />
    <property name="env._system_type" value="Linux" />
    <property name="java.vendor.url.bug" value="http://bugreport.sun.com/bugreport/" />
    <property name="env.SSH_CLIENT" value="10.10.16.9 33620 22" />
    <property name="npmjs-org-is-up" value="true" />
    <property name="env.GEM_HOME" value="/home/travis/.rvm/gems/ruby-2.4.1" />
    <property name="env.HAS_ANTARES_THREE_LITTLE_FRONZIES_BADGE" value="true" />
    <property name="env.PS4" value="+" />
    <property name="ant.project.invoked-targets" value="build,test.core1.xml" />
    <property name="env.TRAVIS_PULL_REQUEST_BRANCH" value="" />
    <property name="env.TRAVIS_REPO_SLUG" value="icyphy/ptII" />
    <property name="node.in.path" value="true" />
    <property name="java.maxmemory" value="1400m" />
    <property name="env.RUBY_VERSION" value="ruby-2.4.1" />
    <property name="user.name" value="travis" />
    <property name="env.LANG" value="en_US.UTF-8" />
    <property name="sun.io.unicode.encoding" value="UnicodeLittle" />
    <property name="sun.jnu.encoding" value="UTF-8" />
    <property name="java.runtime.name" value="Java(TM) SE Runtime Environment" />
    <property name="usefile" value="false" />
    <property name="return.code" value="0" />
    <property name="junit.single.formatter" value="plain" />
    <property name="env.DYLD_LIBRARY_PATH" value="/home/travis/pthla/certi-tools/lib:" />
    <property name="env.DEBIAN_FRONTEND" value="noninteractive" />
    <property name="env.SSH_CONNECTION" value="10.10.16.9 33620 10.20.0.82 22" />
    <property name="env.MYSQL_UNIX_PORT" value="/var/run/mysqld/mysqld.sock" />
    <property name="env.TRAVIS_ALLOW_FAILURE" value="false" />
    <property name="env.LC_ALL" value="en_US.UTF-8" />
    <property name="java.specification.name" value="Java Platform API Specification" />
    <property name="node.works" value="true" />
    <property name="user.timezone" value="" />
    <property name="path.separator" value=":" />
    <property name="env.PYTHON_CFLAGS" value="-g -fstack-protector --param=ssp-buffer-size=4 -Wformat -Werror=format-security" />
    <property name="timeout.long" value="4000000" />
    <property name="env.CERTI_HOME" value="/home/travis/pthla/certi-tools" />
    <property name="file.encoding" value="UTF-8" />
    <property name="ant.file.ptII" value="/home/travis/build/icyphy/ptII/build.xml" />
    <property name="javadoc.packagenames" value="com.*,diva.*,lbnl.*,org.hlacerti.*,org.json.*,org.ptolemy.*,org.terraswarm.*,ptolemy.*,ptserver.*" />
    <property name="env.TRAVIS_PULL_REQUEST_SLUG" value="" />
    <property name="ant.project.default-target" value="build" />
    <property name="env.GIT_ASKPASS" value="echo" />
    <property name="env.HOME" value="/home/travis" />
    <property name="sun.java.command" value="org.apache.tools.ant.taskdefs.optional.junit.JUnitTestRunner ptolemy.actor.lib.test.junit.JUnitTclTest skipNonTests=false filtertrace=true haltOnError=false haltOnFailure=false formatter=org.apache.tools.ant.taskdefs.optional.junit.OutErrSummaryJUnitResultFormatter showoutput=true outputtoformatters=true logfailedtests=true threadid=0 logtestlistenerevents=false formatter=org.apache.tools.ant.taskdefs.optional.junit.XMLJUnitResultFormatter,/home/travis/build/icyphy/ptII/reports/junit/TEST-ptolemy.actor.lib.test.junit.JUnitTclTest.xml crashfile=/home/travis/build/icyphy/ptII/junitvmwatcher1749029390977234688.properties propsfile=/home/travis/build/icyphy/ptII/junit5246085662779629067.properties" />
    <property name="env.MANPATH" value="/home/travis/.nvm/versions/node/v7.10.1/share/man:/home/travis/.kiex/elixirs/elixir-1.4.5/man:/home/travis/.rvm/rubies/ruby-2.4.1/share/man:/usr/local/man:/usr/local/cmake-3.9.2/man:/usr/local/clang-5.0.0/share/man:/usr/local/share/man:/usr/share/man:/home/travis/.rvm/man" />
    <property name="env.COMPOSER_NO_INTERACTION" value="1" />
    <property name="env.JDK_SWITCHER_DEFAULT" value="oraclejdk8" />
    <property name="ant.file" value="/home/travis/build/icyphy/ptII/build.xml" />
    <property name="env.TRAVIS_COMMIT_RANGE" value="8adbe971d5bd...fcfbc3dfbf0c" />
    <property name="env._system_name" value="Ubuntu" />
    <property name="timeout" value="2400000" />
    <property name="ptII.classpath.optional.property" value="/home/travis/build/icyphy/ptII/lib/bsh-2.0b4.jar:/home/travis/build/icyphy/ptII/lib/ptCal.jar:/home/travis/build/icyphy/ptII/lib/java_cup.jar:/home/travis/build/icyphy/ptII/lib/saxon8.jar:/home/travis/build/icyphy/ptII/lib/saxon8-dom.jar:/home/travis/build/icyphy/ptII/lib/chic.jar:/home/travis/build/icyphy/ptII/lib/ptcolt.jar:/usr/lib/jvm/java-8-oracle/lib/tools.jar:/usr/lib/eclipse/plugins/org.eclipse.jdt.core_3.8.2.dist.jar:/usr/lib/eclipse/plugins/org.eclipse.core.runtime_3.8.0.dist.jar:/usr/lib/eclipse/plugins/org.eclipse.osgi_3.8.1.dist.jar:/usr/lib/eclipse/plugins/org.eclipse.core.resources_3.8.1.dist.jar:/usr/lib/eclipse/plugins/org.eclipse.equinox.common_3.6.100.dist.jar:/usr/lib/eclipse/plugins/org.eclipse.core.jobs_3.5.200.dist.jar:/usr/lib/eclipse/plugins/org.eclipse.core.contenttype_3.4.200.dist.jar:/usr/lib/eclipse/plugins/org.eclipse.equinox.preferences_3.5.0.dist.jar:/usr/lib/eclipse/plugins/org.eclipse.text_3.5.200.dist.jar:/usr/lib/eclipse/plugins/org.eclipse.ui.workbench_3.8.1.dist.jar:/usr/lib/eclipse/plugins/org.eclipse.jface_3.8.0.dist.jar:/usr/lib/eclipse/plugins/org.eclipse.swt_3.8.2.jar:/usr/lib/eclipse/plugins/org.eclipse.jface.text_3.8.1.dist.jar:/usr/lib/eclipse/plugins/org.eclipse.ui.workbench.texteditor_3.8.0.dist.jar:/usr/lib/eclipse/plugins/org.eclipse.ui.editors_3.8.0.dist.jar:/usr/lib/eclipse/plugins/org.eclipse.core.commands_3.6.1.dist.jar:/usr/lib/eclipse/plugins/org.eclipse.equinox.registry_3.5.200.dist.jar:/usr/lib/eclipse/plugins/org.eclipse.ui.console_3.5.100.dist.jar:/usr/lib/eclipse/plugins/org.eclipse.ui.forms_3.5.200.dist.jar:/usr/lib/eclipse/plugins/org.eclipse.ui.ide_3.8.1.dist.jar:/home/travis/build/icyphy/ptII/vendors/oracle/dbxml.jar:/home/travis/build/icyphy/ptII/vendors/oracle/db.jar:/home/travis/build/icyphy/ptII/vendors/misc/itext/iText.jar:/home/travis/build/icyphy/ptII/lib/g4ltl.jar:/home/travis/build/icyphy/ptII/lib/StructuralCoder.jar:/home/travis/build/icyphy/ptII/lib/org-openide-util.jar:/home/travis/build/icyphy/ptII/lib/org-openide-util-lookup.jar:/home/travis/build/icyphy/ptII/lib/org-netbeans-api-visual.jar:/home/travis/build/icyphy/ptII/vendors/jai-1_1_2_01/lib/jai_core.jar:/home/travis/build/icyphy/ptII/vendors/jai-1_1_2_01/lib/jai_codec.jar:/home/travis/build/icyphy/ptII/lib/jcerti.jar:/home/travis/build/icyphy/ptII/lib/smack.jar:/home/travis/build/icyphy/ptII/lib/smackx.jar:/home/travis/build/icyphy/ptII/lib/jetty-all-8.1.5-v20120716.jar:/home/travis/build/icyphy/ptII/lib/javax.servlet-api-3.0.1.jar:/home/travis/build/icyphy/ptII/lib/javax.mail.jar:/home/travis/build/icyphy/ptII/vendors/JMF-2.1.1e/lib/jmf.jar:/home/travis/build/icyphy/ptII/lib/jna-4.0.0-variadic.jar:/home/travis/build/icyphy/ptII/vendors/misc/joystick/Joystick.jar:/home/travis/build/icyphy/ptII/lib/ptjacl.jar:/home/travis/build/icyphy/ptII/lib/jsoup-1.8.2.jar:/home/travis/build/icyphy/ptII/lib/junit-4.8.2.jar:/home/travis/build/icyphy/ptII/lib/JUnitParams-0.4.0.jar:/home/travis/build/icyphy/ptII/ptolemy/actor/lib/excel/jxl.jar:/home/travis/build/icyphy/ptII/lib/jython.jar:/home/travis/build/icyphy/ptII/lib/kieler.jar:/home/travis/build/icyphy/ptII/vendors/opencv/share/OpenCV/java/opencv-341.jar:/home/travis/build/icyphy/ptII/lib/oscP5.jar:/home/travis/build/icyphy/ptII/lib/nrjavaserial-3.11.0.devel.jar:/usr/share/java/j3dcore.jar:/usr/share/java/j3dutils.jar:/usr/share/java/vecmath.jar:/home/travis/build/icyphy/ptII/ptolemy/distributed/jini/jar/jini-core.jar:/home/travis/build/icyphy/ptII/ptolemy/distributed/jini/jar/jini-ext.jar:/home/travis/build/icyphy/ptII/ptolemy/distributed/jini/jar/sun-util.jar:/home/travis/build/icyphy/ptII/lib/protobuf-java-2.4.1.jar:/home/travis/build/icyphy/ptII/lib/org.eclipse.paho.client.mqttv3.jar:/home/travis/build/icyphy/ptII/ptserver/lib/hessian-4.0.7.jar:/home/travis/build/icyphy/ptII/ptserver/lib/wmqtt.jar:/home/travis/build/icyphy/ptII/lib/mapss.jar:/home/travis/build/icyphy/ptII/ptolemy/actor/ptalon/antlr/antlr.jar:/home/travis/build/icyphy/ptII/lib/JRI.jar:/home/travis/build/icyphy/ptII/lib/commons-lang-2.6.jar:/home/travis/build/icyphy/ptII/lib/commons-logging-1.1.1.jar:/home/travis/build/icyphy/ptII/lib/sootclasses.jar:/home/travis/build/icyphy/ptII/ptolemy/actor/lib/database/mysql-connector-java-5.1.6-bin.jar:/home/travis/build/icyphy/ptII/vendors/misc/sphinx4/sphinx4-data-5prealpha.jar:/home/travis/build/icyphy/ptII/vendors/misc/sphinx4/sphinx4-core-5prealpha.jar:/home/travis/build/icyphy/ptII/lib/PDFRenderer.jar:/home/travis/build/icyphy/ptII/lib/svgSalamander.jar:/home/travis/build/icyphy/ptII/lib/rsyntaxtextarea-2.6.0-SNAPSHOT.jar:/home/travis/build/icyphy/ptII/lib/hazelcast-3.8.2.jar:/home/travis/build/icyphy/ptII/lib/jackson-annotations-2.9.0.jar:/home/travis/build/icyphy/ptII/lib/jackson-core-2.9.3.jar:/home/travis/build/icyphy/ptII/lib/jackson-databind-2.9.3.jar:/home/travis/build/icyphy/ptII/lib/netty-buffer-4.1.19.Final.jar:/home/travis/build/icyphy/ptII/lib/netty-codec-4.1.19.Final.jar:/home/travis/build/icyphy/ptII/lib/netty-codec-dns-4.1.19.Final.jar:/home/travis/build/icyphy/ptII/lib/netty-codec-http-4.1.19.Final.jar:/home/travis/build/icyphy/ptII/lib/netty-codec-http2-4.1.19.Final.jar:/home/travis/build/icyphy/ptII/lib/netty-common-4.1.19.Final.jar:/home/travis/build/icyphy/ptII/lib/netty-handler-4.1.19.Final.jar:/home/travis/build/icyphy/ptII/lib/netty-resolver-4.1.19.Final.jar:/home/travis/build/icyphy/ptII/lib/netty-resolver-dns-4.1.19.Final.jar:/home/travis/build/icyphy/ptII/lib/netty-transport-4.1.19.Final.jar:/home/travis/build/icyphy/ptII/lib/vertx-codegen-3.5.1.jar:/home/travis/build/icyphy/ptII/lib/vertx-core-3.5.2-SNAPSHOT.jar:/home/travis/build/icyphy/ptII/lib/vertx-hazelcast-3.5.1.jar:/home/travis/build/icyphy/ptII/lib/vertx-lang-js-3.5.1.jar:/home/travis/build/icyphy/ptII/lib/vertx-service-proxy-3.5.1.jar:/home/travis/build/icyphy/ptII/lib/vertx-web-3.5.1.jar:/home/travis/build/icyphy/ptII/lib/slf4j-api-1.7.13.jar:/home/travis/build/icyphy/ptII/lib/slf4j-simple-1.7.13.jar:/home/travis/build/icyphy/ptII/lib/webcam-capture-0.3.12.jar:/home/travis/build/icyphy/ptII/lib/bridj-0.7.0.jar:/home/travis/build/icyphy/ptII/lib/xbjlib-1.1.0.nrjavaserial.jar" />
    <property name="test.batch" value="**/junit/*.java" />
    <property name="env._" value="/usr/bin/timeout" />
    <property name="java.io.tmpdir" value="/tmp" />
    <property name="user.language" value="en" />
    <property name="env.HISTCONTROL" value="ignoredups:ignorespace" />
    <property name="env.GOROOT" value="/home/travis/.gimme/versions/go1.7.4.linux.amd64" />
    <property name="line.separator" value="&#xa;" />
    <property name="target" value="1.8" />
    <property name="env.TRAVIS_BUILD_DIR" value="/home/travis/build/icyphy/ptII" />
    <property name="env.ANT_OPTS" value="-Xmx2048m" />
    <property name="ant.file.type" value="file" />
    <property name="ptolemy.ptII.batchMode" value="true" />
    <property name="env.HISTSIZE" value="1000" />
    <property name="env.MERB_ENV" value="test" />
    <property name="java.vm.info" value="mixed mode" />
    <property name="source" value="1.8" />
    <property name="java.vm.specification.name" value="Java Virtual Machine Specification" />
    <property name="env.TRAVIS_TEST_RESULT" value="0" />
    <property name="jsdoc.command" value="node_modules/@terraswarm/jsdoc/jsdoc.js" />
    <property name="npm.works" value="true" />
    <property name="cobertura.dir" value="/home/travis/build/icyphy/ptII/vendors/cobertura-2.0.3" />
    <property name="env.rvm_path" value="/home/travis/.rvm" />
    <property name="env.GEM_PATH" value="/home/travis/.rvm/gems/ruby-2.4.1:/home/travis/.rvm/gems/ruby-2.4.1@global" />
    <property name="env.LC_CTYPE" value="en_US.UTF-8" />
    <property name="java.awt.printerjob" value="sun.print.PSPrinterJob" />
    <property name="env.TRAVIS_STACK_NAME" value="garnet" />
    <property name="ant.version" value="Apache Ant(TM) version 1.10.1 compiled on February 2 2017" />
    <property name="ptII.reports" value="/home/travis/build/icyphy/ptII/reports" />
    <property name="env.TRAVIS_STACK_TIMESTAMP" value="2017-12-05 19:33:09 UTC" />
    <property name="ant.file.type.ptII" value="file" />
    <property name="env.RBENV_SHELL" value="bash" />
    <property name="os.name" value="Linux" />
    <property name="java.specification.vendor" value="Oracle Corporation" />
    <property name="env.rvm_version" value="1.29.3 (latest)" />
    <property name="env.TERM" value="xterm" />
    <property name="java.vm.name" value="Java HotSpot(TM) 64-Bit Server VM" />
    <property name="env.TRAVIS_BUILD_NUMBER" value="529" />
    <property name="env.CI" value="true" />
    <property name="java.library.path" value="/home/travis/pthla/certi-tools/lib:/usr/lib/jni:/usr/local/share/OpenCV/java/:/usr/share/OpenCV/java::/usr/java/packages/lib/amd64:/usr/lib64:/lib64:/lib:/usr/lib" />
    <property name="env.rvm_prefix" value="/home/travis" />
    <property name="env.PATH" value="/home/travis/pthla/certi-tools/share/scripts:/home/travis/.rvm/gems/ruby-2.4.1/bin:/home/travis/.rvm/gems/ruby-2.4.1@global/bin:/home/travis/.rvm/rubies/ruby-2.4.1/bin:/home/travis/.rvm/bin:/home/travis/.nvm/versions/node/v7.10.1/bin:./node_modules/.bin:/home/travis/build/icyphy/ptII/bin:/home/travis/pthla/certi-tools/bin:/home/travis/bin:/home/travis/.local/bin:/opt/pyenv/shims:/home/travis/.phpenv/shims:/home/travis/perl5/perlbrew/bin:/home/travis/.kiex/elixirs/elixir-1.4.5/bin:/home/travis/.kiex/bin:/home/travis/gopath/bin:/home/travis/.gimme/versions/go1.7.4.linux.amd64/bin:/usr/local/phantomjs/bin:/usr/local/phantomjs:/usr/local/neo4j-3.2.7/bin:/usr/local/maven-3.5.2/bin:/usr/local/cmake-3.9.2/bin:/usr/local/clang-5.0.0/bin:/usr/local/sbin:/usr/local/bin:/usr/sbin:/usr/bin:/sbin:/bin:/home/travis/.phpenv/bin:/opt/pyenv/bin:/home/travis/.yarn/bin" />
    <property name="env.TRAVIS_OS_NAME" value="linux" />
    <property name="ant.java.version" value="1.8" />
    <property name="basedir" value="/home/travis/build/icyphy/ptII" />
    <property name="java.class.version" value="52.0" />
    <property name="env.SHLVL" value="3" />
    <property name="env.LD_LIBRARY_PATH" value="/home/travis/pthla/certi-tools/lib:/usr/lib/jni:/usr/local/share/OpenCV/java/:/usr/share/OpenCV/java:" />
    <property name="env.RACK_ENV" value="test" />
    <property name="ant.home" value="/home/travis/build/icyphy/ptII/ant" />
    <property name="env.NVM_DIR" value="/home/travis/.nvm" />
    <property name="env.PERLBREW_BASHRC_VERSION" value="0.80" />
    <property name="env.CERTI_FOM_PATH" value="/home/travis/pthla/certi-tools/share/federations" />
    <property name="env.TRAVIS_BUILD_ID" value="388968913" />
    <property name="env.PYENV_ROOT" value="/opt/pyenv" />
    <property name="env.TRAVIS_UID" value="2000" />
    <property name="env.rvm_pretty_print_flag" value="auto" />
    <property name="env.NVM_BIN" value="/home/travis/.nvm/versions/node/v7.10.1/bin" />
    <property name="env.TRAVIS_COMMIT" value="fcfbc3dfbf0c93249d795e4545cc41dd734f8ae1" />
    <property name="env._system_arch" value="x86_64" />
    <property name="node.executable" value="node" />
    <property name="sun.boot.library.path" value="/usr/lib/jvm/java-8-oracle/jre/lib/amd64" />
    <property name="sun.management.compiler" value="HotSpot 64-Bit Tiered Compilers" />
    <property name="env.GOPATH" value="/home/travis/gopath" />
    <property name="java.awt.graphicsenv" value="sun.awt.X11GraphicsEnvironment" />
    <property name="ptolemy.ptII.dir" value="/home/travis/build/icyphy/ptII" />
    <property name="env.USER" value="travis" />
    <property name="env.HISTFILESIZE" value="2000" />
    <property name="timeout.longest" value="19000000" />
    <property name="env.TRAVIS_STACK_FEATURES" value="basic cassandra chromium couchdb disabled-ipv6 docker docker-compose elasticsearch firefox go-toolchain google-chrome jdk memcached mongodb mysql neo4j nodejs_interpreter perl_interpreter perlbrew phantomjs postgresql python_interpreter rabbitmq redis riak ruby_interpreter sqlite xserver" />
    <property name="env.TRAVIS_PULL_REQUEST" value="false" />
    <property name="env.PYENV_SHELL" value="bash" />
    <property name="ant.project.name" value="ptII" />
    <property name="java.vm.specification.version" value="1.8" />
    <property name="env.CERTI_VERSION" value="4.0.0" />
    <property name="env.NLSPATH" value="/usr/dt/lib/nls/msg/%L/%N.cat" />
    <property name="awt.toolkit" value="sun.awt.X11.XToolkit" />
    <property name="env.CERTI_HOST" value="localhost" />
    <property name="env.MY_RUBY_HOME" value="/home/travis/.rvm/rubies/ruby-2.4.1" />
    <property name="sun.cpu.isalist" value="" />
    <property name="java.ext.dirs" value="/usr/lib/jvm/java-8-oracle/jre/lib/ext:/usr/java/packages/lib/ext" />
    <property name="os.version" value="4.4.0-101-generic" />
    <property name="user.home" value="/home/travis" />
    <property name="env.MIX_ARCHIVES" value="/home/travis/.kiex/mix/elixir-1.4.5" />
    <property name="java.vm.vendor" value="Oracle Corporation" />
    <property name="env.TRAVIS_TAG" value="nightly" />
    <property name="env.TRAVIS_FILTERED" value="redirect_io" />
    <property name="javadoc.excludepackagenames" value="adm.cvs2svn.*,build.*,config.*,doc.coding.templates.*,jni.test.jni.meaningOfLife.*,jni.test.jni.testDeux.*,jni.test.jni.testTrois.*,org.terraswarm.accessor.accessors.web.node_modules.*,org.terraswarm.accessor.accessors.web.hosts.cordova.demo.*,org.terraswarm.accessor.accessors.web.hosts.cordova.plugins.*,org.terraswarm.accessor.accessors-svn.*,pt-modules.*,ptolemy.apps.agilent.*,ptolemy.apps.anytimecontrol.*,ptolemy.apps.apes.*,ptolemy.apps.charon.*,ptolemy.apps.crazyboard.*,ptolemy.apps.eclipse.*,ptolemy.apps.etherealSting.*,ptolemy.apps.fullscreen.*,ptolemy.apps.giotto.*,ptolemy.apps.ia.*,ptolemy.apps.interfaces.*,ptolemy.apps.jmf.*,ptolemy.apps.kurt.*,ptolemy.apps.kvm.*,ptolemy.apps.lego.*,ptolemy.apps.lejos.*,ptolemy.apps.midp.*,ptolemy.apps.mobileCoding.*,ptolemy.apps.pendulum.*,ptolemy.apps.rijndael.*,ptolemy.apps.robot.*,ptolemy.apps.security.*,ptolemy.apps.sobel.*,ptolemy.apps.soot.*,ptolemy.apps.throttle.*,ptolemy.apps.tini.*,ptolemy.apps.transmission.*,ptolemy.apps.vergil.*,ptolemy.apps.waba.*,ptolemy.apps.websensor.*,ptolemy.apps.webstart.*,ptolemy.apps.xsl.*,ptolemy.apps.zaurus.*,ptolemy.backtrack.eclipse.plugin.*,ptolemy.backtrack.test.*,ptolemy.codegen.c.actor.lib.oldJavaFiles.*,ptolemy.codegen.dsp.lib.*,ptolemy.codegen.kernel.newInterfaces.*,ptolemy.codegen.lib.*,ptolemy.copernicus.kernel.fragment.*,ptolemy.copernicus.shallow.cg.*,ptolemy.domains.giotto.demo.Hierarchy.Hierarchy.*,ptolemy.domains.giotto.demo.Multimode.Multimode.*,ptolemy.domains.giotto.demo.Simple.Simple.*,ptolemy.domains.gr.lib.experimental.*,ptolemy.domains.gro.*,ptolemy.domains.pdf.*,ptolemy.domains.ptinyos.demo.Surge.output.*,ptolemy.moml.test.NoPackageActor.java*,ptolemy.plot.adm.*,ptolemy.plot.servlet.*,reports.*,signed.*,src.*,target.*,vendors.*,ptolemy.cg.adapter.generic.program.procedural.c.mbed*,ptolemy.actor.lib.fmi.fmus.omc*,ptolemy.domains.openmodelica*,ptdb.kernel.bl.save.test.*,ptdb.kernel.bl.load.test.*,ptdb.kernel.bl.search.test.*,ptdb.kernel.bl.migration.test.*,ptdb.kernel.database.test.*,ptdb.test.*,ptdb.gui.test.*,org.ptolemy.scala.*,diva.util.java2d.svg.*,ptolemy.domains.ptinyos.*,ptolemy.actor.lib.fmi.fmipp.*,,org.terraswarm.accessor.accessors.web.node_modules.*,org.terraswarm.accessor.accessors-svn,ptolemy.actor.ptalon.demo.ptinyos.SendAndReceiveCnt.output,ptolemy.actor.ptalon.demo.ptinyos.SenseToLeds.output,ptolemy.domains.ptinyos.demo.CntToLedsAndRfm.output,ptolemy.domains.ptinyos.demo.RfmToLeds.output,ptolemy.domains.ptinyos.demo.SendAndReceiveCnt.output,ptolemy.domains.ptinyos.demo.SenseToLeds.output,ptolemy.actor.lib.jjs.modules.udpSocket.*" />
    <property name="env.JAVA_HOME" value="/usr/lib/jvm/java-8-oracle" />
    <property name="env.PTII" value="/home/travis/build/icyphy/ptII" />
    <property name="env.TRAVIS_COMMIT_MESSAGE" value="Added JUNIT_URL_INDEX." />
    <property name="keystore" value="ptKeystore" />
    <property name="env.XDG_SESSION_ID" value="2" />
    <property name="junit.output.dir" value="/home/travis/build/icyphy/ptII/reports/junit" />
    <property name="npm.return.code" value="0" />
    <property name="user.dir" value="/home/travis/build/icyphy/ptII/ptolemy/actor/lib/test" />
    <property name="env.TRAVIS_NODE_VERSION" value="7" />
    <property name="env.XFILESEARCHPATH" value="/usr/dt/app-defaults/%L/Dt" />
    <property name="env.TRAVIS_EVENT_TYPE" value="push" />
    <property name="env.MAIL" value="/var/mail/travis" />
    <property name="env.PWD" value="/home/travis/build/icyphy/ptII" />
    <property name="env.PERLBREW_ROOT" value="/home/travis/perl5/perlbrew" />
    <property name="timeout.npm" value="45000" />
    <property name="env.PAGER" value="cat" />
    <property name="sun.cpu.endian" value="little" />
    <property name="env.TRAVIS_BUILD_STAGE_NAME" value="Test" />
    <property name="env.PERLBREW_HOME" value="/home/travis/.perlbrew" />
    <property name="env.RAILS_ENV" value="test" />
    <property name="java.vm.version" value="25.151-b12" />
    <property name="java.class.path" value="/home/travis/.ptolemyII:/home/travis/.ptolemyII/*:/home/travis/build/icyphy/ptII:/home/travis/build/icyphy/ptII/lib/bsh-2.0b4.jar:/home/travis/build/icyphy/ptII/lib/ptCal.jar:/home/travis/build/icyphy/ptII/lib/java_cup.jar:/home/travis/build/icyphy/ptII/lib/saxon8.jar:/home/travis/build/icyphy/ptII/lib/saxon8-dom.jar:/home/travis/build/icyphy/ptII/lib/chic.jar:/home/travis/build/icyphy/ptII/lib/ptcolt.jar:/usr/lib/jvm/java-8-oracle/lib/tools.jar:/usr/lib/eclipse/plugins/org.eclipse.jdt.core_3.8.2.dist.jar:/usr/lib/eclipse/plugins/org.eclipse.core.runtime_3.8.0.dist.jar:/usr/lib/eclipse/plugins/org.eclipse.osgi_3.8.1.dist.jar:/usr/lib/eclipse/plugins/org.eclipse.core.resources_3.8.1.dist.jar:/usr/lib/eclipse/plugins/org.eclipse.equinox.common_3.6.100.dist.jar:/usr/lib/eclipse/plugins/org.eclipse.core.jobs_3.5.200.dist.jar:/usr/lib/eclipse/plugins/org.eclipse.core.contenttype_3.4.200.dist.jar:/usr/lib/eclipse/plugins/org.eclipse.equinox.preferences_3.5.0.dist.jar:/usr/lib/eclipse/plugins/org.eclipse.text_3.5.200.dist.jar:/usr/lib/eclipse/plugins/org.eclipse.ui.workbench_3.8.1.dist.jar:/usr/lib/eclipse/plugins/org.eclipse.jface_3.8.0.dist.jar:/usr/lib/eclipse/plugins/org.eclipse.swt_3.8.2.jar:/usr/lib/eclipse/plugins/org.eclipse.jface.text_3.8.1.dist.jar:/usr/lib/eclipse/plugins/org.eclipse.ui.workbench.texteditor_3.8.0.dist.jar:/usr/lib/eclipse/plugins/org.eclipse.ui.editors_3.8.0.dist.jar:/usr/lib/eclipse/plugins/org.eclipse.core.commands_3.6.1.dist.jar:/usr/lib/eclipse/plugins/org.eclipse.equinox.registry_3.5.200.dist.jar:/usr/lib/eclipse/plugins/org.eclipse.ui.console_3.5.100.dist.jar:/usr/lib/eclipse/plugins/org.eclipse.ui.forms_3.5.200.dist.jar:/usr/lib/eclipse/plugins/org.eclipse.ui.ide_3.8.1.dist.jar:/home/travis/build/icyphy/ptII/vendors/oracle/dbxml.jar:/home/travis/build/icyphy/ptII/vendors/oracle/db.jar:/home/travis/build/icyphy/ptII/vendors/misc/itext/iText.jar:/home/travis/build/icyphy/ptII/lib/g4ltl.jar:/home/travis/build/icyphy/ptII/lib/StructuralCoder.jar:/home/travis/build/icyphy/ptII/lib/org-openide-util.jar:/home/travis/build/icyphy/ptII/lib/org-openide-util-lookup.jar:/home/travis/build/icyphy/ptII/lib/org-netbeans-api-visual.jar:/home/travis/build/icyphy/ptII/vendors/jai-1_1_2_01/lib/jai_core.jar:/home/travis/build/icyphy/ptII/vendors/jai-1_1_2_01/lib/jai_codec.jar:/home/travis/build/icyphy/ptII/lib/jcerti.jar:/home/travis/build/icyphy/ptII/lib/smack.jar:/home/travis/build/icyphy/ptII/lib/smackx.jar:/home/travis/build/icyphy/ptII/lib/jetty-all-8.1.5-v20120716.jar:/home/travis/build/icyphy/ptII/lib/javax.servlet-api-3.0.1.jar:/home/travis/build/icyphy/ptII/lib/javax.mail.jar:/home/travis/build/icyphy/ptII/vendors/JMF-2.1.1e/lib/jmf.jar:/home/travis/build/icyphy/ptII/lib/jna-4.0.0-variadic.jar:/home/travis/build/icyphy/ptII/vendors/misc/joystick/Joystick.jar:/home/travis/build/icyphy/ptII/lib/ptjacl.jar:/home/travis/build/icyphy/ptII/lib/jsoup-1.8.2.jar:/home/travis/build/icyphy/ptII/lib/junit-4.8.2.jar:/home/travis/build/icyphy/ptII/lib/JUnitParams-0.4.0.jar:/home/travis/build/icyphy/ptII/ptolemy/actor/lib/excel/jxl.jar:/home/travis/build/icyphy/ptII/lib/jython.jar:/home/travis/build/icyphy/ptII/lib/kieler.jar:/home/travis/build/icyphy/ptII/vendors/opencv/share/OpenCV/java/opencv-341.jar:/home/travis/build/icyphy/ptII/lib/oscP5.jar:/home/travis/build/icyphy/ptII/lib/nrjavaserial-3.11.0.devel.jar:/usr/share/java/j3dcore.jar:/usr/share/java/j3dutils.jar:/usr/share/java/vecmath.jar:/home/travis/build/icyphy/ptII/ptolemy/distributed/jini/jar/jini-core.jar:/home/travis/build/icyphy/ptII/ptolemy/distributed/jini/jar/jini-ext.jar:/home/travis/build/icyphy/ptII/ptolemy/distributed/jini/jar/sun-util.jar:/home/travis/build/icyphy/ptII/lib/protobuf-java-2.4.1.jar:/home/travis/build/icyphy/ptII/lib/org.eclipse.paho.client.mqttv3.jar:/home/travis/build/icyphy/ptII/ptserver/lib/hessian-4.0.7.jar:/home/travis/build/icyphy/ptII/ptserver/lib/wmqtt.jar:/home/travis/build/icyphy/ptII/lib/mapss.jar:/home/travis/build/icyphy/ptII/ptolemy/actor/ptalon/antlr/antlr.jar:/home/travis/build/icyphy/ptII/lib/JRI.jar:/home/travis/build/icyphy/ptII/lib/commons-lang-2.6.jar:/home/travis/build/icyphy/ptII/lib/commons-logging-1.1.1.jar:/home/travis/build/icyphy/ptII/lib/sootclasses.jar:/home/travis/build/icyphy/ptII/ptolemy/actor/lib/database/mysql-connector-java-5.1.6-bin.jar:/home/travis/build/icyphy/ptII/vendors/misc/sphinx4/sphinx4-data-5prealpha.jar:/home/travis/build/icyphy/ptII/vendors/misc/sphinx4/sphinx4-core-5prealpha.jar:/home/travis/build/icyphy/ptII/lib/PDFRenderer.jar:/home/travis/build/icyphy/ptII/lib/svgSalamander.jar:/home/travis/build/icyphy/ptII/lib/rsyntaxtextarea-2.6.0-SNAPSHOT.jar:/home/travis/build/icyphy/ptII/lib/hazelcast-3.8.2.jar:/home/travis/build/icyphy/ptII/lib/jackson-annotations-2.9.0.jar:/home/travis/build/icyphy/ptII/lib/jackson-core-2.9.3.jar:/home/travis/build/icyphy/ptII/lib/jackson-databind-2.9.3.jar:/home/travis/build/icyphy/ptII/lib/netty-buffer-4.1.19.Final.jar:/home/travis/build/icyphy/ptII/lib/netty-codec-4.1.19.Final.jar:/home/travis/build/icyphy/ptII/lib/netty-codec-dns-4.1.19.Final.jar:/home/travis/build/icyphy/ptII/lib/netty-codec-http-4.1.19.Final.jar:/home/travis/build/icyphy/ptII/lib/netty-codec-http2-4.1.19.Final.jar:/home/travis/build/icyphy/ptII/lib/netty-common-4.1.19.Final.jar:/home/travis/build/icyphy/ptII/lib/netty-handler-4.1.19.Final.jar:/home/travis/build/icyphy/ptII/lib/netty-resolver-4.1.19.Final.jar:/home/travis/build/icyphy/ptII/lib/netty-resolver-dns-4.1.19.Final.jar:/home/travis/build/icyphy/ptII/lib/netty-transport-4.1.19.Final.jar:/home/travis/build/icyphy/ptII/lib/vertx-codegen-3.5.1.jar:/home/travis/build/icyphy/ptII/lib/vertx-core-3.5.2-SNAPSHOT.jar:/home/travis/build/icyphy/ptII/lib/vertx-hazelcast-3.5.1.jar:/home/travis/build/icyphy/ptII/lib/vertx-lang-js-3.5.1.jar:/home/travis/build/icyphy/ptII/lib/vertx-service-proxy-3.5.1.jar:/home/travis/build/icyphy/ptII/lib/vertx-web-3.5.1.jar:/home/travis/build/icyphy/ptII/lib/slf4j-api-1.7.13.jar:/home/travis/build/icyphy/ptII/lib/slf4j-simple-1.7.13.jar:/home/travis/build/icyphy/ptII/lib/webcam-capture-0.3.12.jar:/home/travis/build/icyphy/ptII/lib/bridj-0.7.0.jar:/home/travis/build/icyphy/ptII/lib/xbjlib-1.1.0.nrjavaserial.jar:/home/travis/build/icyphy/ptII/ptolemy/moml/test:/home/travis/build/icyphy/ptII/ant/lib/ant-launcher.jar:/home/travis/build/icyphy/ptII/ant/lib/ant.jar:/home/travis/build/icyphy/ptII/ant/lib/ant-junit.jar:/home/travis/build/icyphy/ptII/ant/lib/ant-junit4.jar" />
    <property name="ant.library.dir" value="/home/travis/build/icyphy/ptII/ant/lib" />
    <property name="os.arch" value="amd64" />
    <property name="env.TRAVIS_LANGUAGE" value="node_js" />
    <property name="env.CONTINUOUS_INTEGRATION" value="true" />
    <property name="env.TRAVIS_STACK_LANGUAGES" value="__garnet__ c c++ clojure cplusplus cpp default go groovy java node_js php pure_java python ruby scala" />
    <property name="test.name" value="ptolemy.actor.lib.test.junit.JUnitTclTest" />
    <property name="sun.java.launcher" value="SUN_STANDARD" />
    <property name="env.PYTHON_CONFIGURE_OPTS" value="--enable-unicode=ucs4 --with-wide-unicode --enable-shared --enable-ipv6 --enable-loadable-sqlite-extensions --with-computed-gotos" />
    <property name="ant.core.lib" value="/home/travis/build/icyphy/ptII/ant/lib/ant.jar" />
    <property name="java.vm.specification.vendor" value="Oracle Corporation" />
    <property name="env.BCVTB_HOME" value="/home/travis/build/icyphy/ptII/lbnl" />
    <property name="file.separator" value="/" />
    <property name="java.runtime.version" value="1.8.0_151-b12" />
    <property name="spotbugs.home" value="/home/travis/build/icyphy/ptII/vendors/spotbugs-3.1.1" />
    <property name="sun.boot.class.path" value="/usr/lib/jvm/java-8-oracle/jre/lib/resources.jar:/usr/lib/jvm/java-8-oracle/jre/lib/rt.jar:/usr/lib/jvm/java-8-oracle/jre/lib/sunrsasign.jar:/usr/lib/jvm/java-8-oracle/jre/lib/jsse.jar:/usr/lib/jvm/java-8-oracle/jre/lib/jce.jar:/usr/lib/jvm/java-8-oracle/jre/lib/charsets.jar:/usr/lib/jvm/java-8-oracle/jre/lib/jfr.jar:/usr/lib/jvm/java-8-oracle/jre/classes" />
    <property name="env.HAS_JOSH_K_SEAL_OF_APPROVAL" value="true" />
    <property name="env.TRAVIS_OSX_IMAGE" value="" />
    <property name="env.XDG_RUNTIME_DIR" value="/run/user/2000" />
    <property name="env.TRAVIS_BRANCH" value="master" />
    <property name="env.TRAVIS_JOB_ID" value="388968920" />
    <property name="env.CERTI_HOME_TRAVIS" value="/home/travis/pthla/certi-tools" />
    <property name="user.country" value="US" />
    <property name="env.SHELL" value="/bin/bash" />
    <property name="java.maxmemory.large" value="5000m" />
    <property name="model" value="" />
    <property name="env.CASHER_DIR" value="/home/travis/.casher" />
    <property name="env.NVM_CD_FLAGS" value="" />
    <property name="jshint.executable" value="/home/travis/node_modules/jshint/bin/jshint" />
    <property name="java.vendor" value="Oracle Corporation" />
    <property name="env.JRUBY_OPTS" value=" --client -J-XX:+TieredCompilation -J-XX:TieredStopAtLevel=1 -J-Xss2m -Xcompile.invokedynamic=false" />
    <property name="env.TRAVIS_PRE_CHEF_BOOTSTRAP_TIME" value="2017-12-05T19:32:55" />
    <property name="env.TRAVIS_STACK_JOB_BOARD_REGISTER" value="/.job-board-register.yml" />
    <property name="env.ELIXIR_VERSION" value="1.4.5" />
    <property name="java.specification.version" value="1.8" />
    <property name="env.IRBRC" value="/home/travis/.rvm/rubies/ruby-2.4.1/.irbrc" />
    <property name="env.TRAVIS" value="true" />
    <property name="sun.arch.data.model" value="64" />
  </properties>
  <testcase classname="ptolemy.util.test.junit.TclTests" name="[0] /home/travis/build/icyphy/ptII/ptolemy/actor/lib/test/AbsoluteValue.tcl (RunTclFile)" time="0.455" />
  <testcase classname="ptolemy.util.test.junit.TclTests" name="[1] /home/travis/build/icyphy/ptII/ptolemy/actor/lib/test/AddSubtract.tcl (RunTclFile)" time="0.105" />
  <testcase classname="ptolemy.util.test.junit.TclTests" name="[2] /home/travis/build/icyphy/ptII/ptolemy/actor/lib/test/Average.tcl (RunTclFile)" time="0.046" />
  <testcase classname="ptolemy.util.test.junit.TclTests" name="[3] /home/travis/build/icyphy/ptII/ptolemy/actor/lib/test/Bernoulli.tcl (RunTclFile)" time="0.017" />
  <testcase classname="ptolemy.util.test.junit.TclTests" name="[4] /home/travis/build/icyphy/ptII/ptolemy/actor/lib/test/Clock.tcl (RunTclFile)" time="0.05" />
  <testcase classname="ptolemy.util.test.junit.TclTests" name="[5] /home/travis/build/icyphy/ptII/ptolemy/actor/lib/test/Commutator.tcl (RunTclFile)" time="0.116" />
  <testcase classname="ptolemy.util.test.junit.TclTests" name="[6] /home/travis/build/icyphy/ptII/ptolemy/actor/lib/test/Const.tcl (RunTclFile)" time="0.106" />
  <testcase classname="ptolemy.util.test.junit.TclTests" name="[7] /home/travis/build/icyphy/ptII/ptolemy/actor/lib/test/CurrentTime.tcl (RunTclFile)" time="0.039" />
  <testcase classname="ptolemy.util.test.junit.TclTests" name="[8] /home/travis/build/icyphy/ptII/ptolemy/actor/lib/test/DB.tcl (RunTclFile)" time="0.043" />
  <testcase classname="ptolemy.util.test.junit.TclTests" name="[9] /home/travis/build/icyphy/ptII/ptolemy/actor/lib/test/DiscreteRandomSource.tcl (RunTclFile)" time="0.052" />
  <testcase classname="ptolemy.util.test.junit.TclTests" name="[10] /home/travis/build/icyphy/ptII/ptolemy/actor/lib/test/Distributor.tcl (RunTclFile)" time="0.049" />
  <testcase classname="ptolemy.util.test.junit.TclTests" name="[11] /home/travis/build/icyphy/ptII/ptolemy/actor/lib/test/Exit.tcl (RunTclFile)" time="0.045" />
  <testcase classname="ptolemy.util.test.junit.TclTests" name="[12] /home/travis/build/icyphy/ptII/ptolemy/actor/lib/test/Expression.tcl (RunTclFile)" time="0.107" />
  <testcase classname="ptolemy.util.test.junit.TclTests" name="[13] /home/travis/build/icyphy/ptII/ptolemy/actor/lib/test/Gaussian.tcl (RunTclFile)" time="0.556" />
  <testcase classname="ptolemy.util.test.junit.TclTests" name="[14] /home/travis/build/icyphy/ptII/ptolemy/actor/lib/test/IIR.tcl (RunTclFile)" time="0.032" />
  <testcase classname="ptolemy.util.test.junit.TclTests" name="[15] /home/travis/build/icyphy/ptII/ptolemy/actor/lib/test/Interpolator.tcl (RunTclFile)" time="0.066" />
  <testcase classname="ptolemy.util.test.junit.TclTests" name="[16] /home/travis/build/icyphy/ptII/ptolemy/actor/lib/test/MathFunction.tcl (RunTclFile)" time="0.056" />
  <testcase classname="ptolemy.util.test.junit.TclTests" name="[17] /home/travis/build/icyphy/ptII/ptolemy/actor/lib/test/Maximum.tcl (RunTclFile)" time="0.023" />
  <testcase classname="ptolemy.util.test.junit.TclTests" name="[18] /home/travis/build/icyphy/ptII/ptolemy/actor/lib/test/Minimum.tcl (RunTclFile)" time="0.021" />
  <testcase classname="ptolemy.util.test.junit.TclTests" name="[19] /home/travis/build/icyphy/ptII/ptolemy/actor/lib/test/MultiplyDivide.tcl (RunTclFile)" time="0.024" />
  <testcase classname="ptolemy.util.test.junit.TclTests" name="[20] /home/travis/build/icyphy/ptII/ptolemy/actor/lib/test/OrderedMerge.tcl (RunTclFile)" time="0.055" />
  <testcase classname="ptolemy.util.test.junit.TclTests" name="[21] /home/travis/build/icyphy/ptII/ptolemy/actor/lib/test/Publisher.tcl (RunTclFile)" time="0.729" />
  <testcase classname="ptolemy.util.test.junit.TclTests" name="[22] /home/travis/build/icyphy/ptII/ptolemy/actor/lib/test/Pulse.tcl (RunTclFile)" time="0.046" />
  <testcase classname="ptolemy.util.test.junit.TclTests" name="[23] /home/travis/build/icyphy/ptII/ptolemy/actor/lib/test/Ramp.tcl (RunTclFile)" time="1.867" />
  <testcase classname="ptolemy.util.test.junit.TclTests" name="[24] /home/travis/build/icyphy/ptII/ptolemy/actor/lib/test/RampContinuous.tcl (RunTclFile)" time="0.024" />
  <testcase classname="ptolemy.util.test.junit.TclTests" name="[25] /home/travis/build/icyphy/ptII/ptolemy/actor/lib/test/RecordAssembler.tcl (RunTclFile)" time="0.015" />
  <testcase classname="ptolemy.util.test.junit.TclTests" name="[26] /home/travis/build/icyphy/ptII/ptolemy/actor/lib/test/RecordDisassembler.tcl (RunTclFile)" time="0.03" />
  <testcase classname="ptolemy.util.test.junit.TclTests" name="[27] /home/travis/build/icyphy/ptII/ptolemy/actor/lib/test/Scale.tcl (RunTclFile)" time="0.016" />
  <testcase classname="ptolemy.util.test.junit.TclTests" name="[28] /home/travis/build/icyphy/ptII/ptolemy/actor/lib/test/SequentialClock.tcl (RunTclFile)" time="0.011" />
  <testcase classname="ptolemy.util.test.junit.TclTests" name="[29] /home/travis/build/icyphy/ptII/ptolemy/actor/lib/test/SetVariable.tcl (RunTclFile)" time="0.012" />
  <testcase classname="ptolemy.util.test.junit.TclTests" name="[30] /home/travis/build/icyphy/ptII/ptolemy/actor/lib/test/Sinewave.tcl (RunTclFile)" time="0.026" />
  <testcase classname="ptolemy.util.test.junit.TclTests" name="[31] /home/travis/build/icyphy/ptII/ptolemy/actor/lib/test/SubscriptionAggregator.tcl (RunTclFile)" time="1.984" />
  <testcase classname="ptolemy.util.test.junit.TclTests" name="[32] /home/travis/build/icyphy/ptII/ptolemy/actor/lib/test/Test.tcl (RunTclFile)" time="0.11" />
  <testcase classname="ptolemy.util.test.junit.TclTests" name="[33] /home/travis/build/icyphy/ptII/ptolemy/actor/lib/test/TestExceptionHandler.tcl (RunTclFile)" time="0.012" />
  <testcase classname="ptolemy.util.test.junit.TclTests" name="[34] /home/travis/build/icyphy/ptII/ptolemy/actor/lib/test/UnionDisassembler.tcl (RunTclFile)" time="0.076" />
  <testcase classname="ptolemy.util.test.junit.TclTests" name="[35] /home/travis/build/icyphy/ptII/ptolemy/actor/lib/test/VariableClock.tcl (RunTclFile)" time="0.031" />
  <testcase classname="ptolemy.util.test.junit.AutoKnownFailedTests" name="[0] /home/travis/build/icyphy/ptII/ptolemy/actor/lib/test/auto/knownFailedTests/PublisherPortToplevelSubscriber.xml (RunModel)" time="0.025" />
  <testcase classname="ptolemy.util.test.junit.AutoKnownFailedTests" name="[1] /home/travis/build/icyphy/ptII/ptolemy/actor/lib/test/auto/knownFailedTests/PublisherSubscriberPortToplevel.xml (RunModel)" time="0.025" />
  <testcase classname="ptolemy.util.test.junit.AutoKnownFailedTests" name="[2] /home/travis/build/icyphy/ptII/ptolemy/actor/lib/test/auto/knownFailedTests/PublisherSubscriptionAggregatorPort.xml (RunModel)" time="0.015" />
  <testcase classname="ptolemy.util.test.junit.AutoKnownFailedTests" name="[3] /home/travis/build/icyphy/ptII/ptolemy/actor/lib/test/auto/knownFailedTests/sizedarray3.xml (RunModel)" time="0.025" />
  <testcase classname="ptolemy.util.test.junit.AutoNameArchTests" name="[0] ThereAreNoAutoArchTests (RunModel)" time="0.002" />
  <testcase classname="ptolemy.util.test.junit.AutoTests" name="[0] /home/travis/build/icyphy/ptII/ptolemy/actor/lib/test/auto/AbsoluteValue.xml (RunModel)" time="0.157" />
  <testcase classname="ptolemy.util.test.junit.AutoTests" name="[1] /home/travis/build/icyphy/ptII/ptolemy/actor/lib/test/auto/AbsoluteValue2.xml (RunModel)" time="0.05" />
  <testcase classname="ptolemy.util.test.junit.AutoTests" name="[2] /home/travis/build/icyphy/ptII/ptolemy/actor/lib/test/auto/Accumulator.xml (RunModel)" time="0.072" />
  <testcase classname="ptolemy.util.test.junit.AutoTests" name="[3] /home/travis/build/icyphy/ptII/ptolemy/actor/lib/test/auto/Accumulator2.xml (RunModel)" time="0.029" />
  <testcase classname="ptolemy.util.test.junit.AutoTests" name="[4] /home/travis/build/icyphy/ptII/ptolemy/actor/lib/test/auto/Accumulator3.xml (RunModel)" time="0.024" />
  <testcase classname="ptolemy.util.test.junit.AutoTests" name="[5] /home/travis/build/icyphy/ptII/ptolemy/actor/lib/test/auto/ArrayAppend.xml (RunModel)" time="0.025" />
  <testcase classname="ptolemy.util.test.junit.AutoTests" name="[6] /home/travis/build/icyphy/ptII/ptolemy/actor/lib/test/auto/ArrayAppend2.xml (RunModel)" time="0.406" />
  <testcase classname="ptolemy.util.test.junit.AutoTests" name="[7] /home/travis/build/icyphy/ptII/ptolemy/actor/lib/test/auto/ArrayAppend3.xml (RunModel)" time="0.018" />
  <testcase classname="ptolemy.util.test.junit.AutoTests" name="[8] /home/travis/build/icyphy/ptII/ptolemy/actor/lib/test/auto/ArrayAppend4.xml (RunModel)" time="0.022" />
  <testcase classname="ptolemy.util.test.junit.AutoTests" name="[9] /home/travis/build/icyphy/ptII/ptolemy/actor/lib/test/auto/ArrayAppend5.xml (RunModel)" time="0.017" />
  <testcase classname="ptolemy.util.test.junit.AutoTests" name="[10] /home/travis/build/icyphy/ptII/ptolemy/actor/lib/test/auto/ArrayAppend6.xml (RunModel)" time="0.018" />
  <testcase classname="ptolemy.util.test.junit.AutoTests" name="[11] /home/travis/build/icyphy/ptII/ptolemy/actor/lib/test/auto/ArrayAppendPerformanceTest.xml (RunModel)" time="0.058" />
  <testcase classname="ptolemy.util.test.junit.AutoTests" name="[12] /home/travis/build/icyphy/ptII/ptolemy/actor/lib/test/auto/ArrayAppendWithEmptyInput.xml (RunModel)" time="0.067" />
  <testcase classname="ptolemy.util.test.junit.AutoTests" name="[13] /home/travis/build/icyphy/ptII/ptolemy/actor/lib/test/auto/ArrayAverage.xml (RunModel)" time="0.037" />
  <testcase classname="ptolemy.util.test.junit.AutoTests" name="[14] /home/travis/build/icyphy/ptII/ptolemy/actor/lib/test/auto/ArrayContains.xml (RunModel)" time="0.029" />
  <testcase classname="ptolemy.util.test.junit.AutoTests" name="[15] /home/travis/build/icyphy/ptII/ptolemy/actor/lib/test/auto/ArrayElement.xml (RunModel)" time="0.046" />
  <testcase classname="ptolemy.util.test.junit.AutoTests" name="[16] /home/travis/build/icyphy/ptII/ptolemy/actor/lib/test/auto/ArrayElementAsMatrix.xml (RunModel)" time="0.05" />
  <testcase classname="ptolemy.util.test.junit.AutoTests" name="[17] /home/travis/build/icyphy/ptII/ptolemy/actor/lib/test/auto/ArrayElementI.xml (RunModel)" time="0.028" />
  <testcase classname="ptolemy.util.test.junit.AutoTests" name="[18] /home/travis/build/icyphy/ptII/ptolemy/actor/lib/test/auto/ArrayExtract.xml (RunModel)" time="0.028" />
  <testcase classname="ptolemy.util.test.junit.AutoTests" name="[19] /home/travis/build/icyphy/ptII/ptolemy/actor/lib/test/auto/ArrayExtract2.xml (RunModel)" time="0.019" />
  <testcase classname="ptolemy.util.test.junit.AutoTests" name="[20] /home/travis/build/icyphy/ptII/ptolemy/actor/lib/test/auto/ArrayLength.xml (RunModel)" time="0.031" />
  <testcase classname="ptolemy.util.test.junit.AutoTests" name="[21] /home/travis/build/icyphy/ptII/ptolemy/actor/lib/test/auto/ArrayLevelCrossing.xml (RunModel)" time="0.032" />
  <testcase classname="ptolemy.util.test.junit.AutoTests" name="[22] /home/travis/build/icyphy/ptII/ptolemy/actor/lib/test/auto/ArrayLevelCrossing2.xml (RunModel)" time="0.028" />
  <testcase classname="ptolemy.util.test.junit.AutoTests" name="[23] /home/travis/build/icyphy/ptII/ptolemy/actor/lib/test/auto/ArrayPeakSearch.xml (RunModel)" time="0.048" />
  <testcase classname="ptolemy.util.test.junit.AutoTests" name="[24] /home/travis/build/icyphy/ptII/ptolemy/actor/lib/test/auto/ArrayPeakSearch2.xml (RunModel)" time="0.043" />
  <testcase classname="ptolemy.util.test.junit.AutoTests" name="[25] /home/travis/build/icyphy/ptII/ptolemy/actor/lib/test/auto/ArrayPeakSearch3.xml (RunModel)" time="0.035" />
  <testcase classname="ptolemy.util.test.junit.AutoTests" name="[26] /home/travis/build/icyphy/ptII/ptolemy/actor/lib/test/auto/ArrayRemoveElement.xml (RunModel)" time="0.027" />
  <testcase classname="ptolemy.util.test.junit.AutoTests" name="[27] /home/travis/build/icyphy/ptII/ptolemy/actor/lib/test/auto/ArraySort.xml (RunModel)" time="0.078" />
  <testcase classname="ptolemy.util.test.junit.AutoTests" name="[28] /home/travis/build/icyphy/ptII/ptolemy/actor/lib/test/auto/ArraySum.xml (RunModel)" time="0.018" />
  <testcase classname="ptolemy.util.test.junit.AutoTests" name="[29] /home/travis/build/icyphy/ptII/ptolemy/actor/lib/test/auto/ArrayToElements.xml (RunModel)" time="0.024" />
  <testcase classname="ptolemy.util.test.junit.AutoTests" name="[30] /home/travis/build/icyphy/ptII/ptolemy/actor/lib/test/auto/ArrayToMatrix.xml (RunModel)" time="0.076" />
  <testcase classname="ptolemy.util.test.junit.AutoTests" name="[31] /home/travis/build/icyphy/ptII/ptolemy/actor/lib/test/auto/ArrayUpdate1.xml (RunModel)" time="0.016" />
  <testcase classname="ptolemy.util.test.junit.AutoTests" name="[32] /home/travis/build/icyphy/ptII/ptolemy/actor/lib/test/auto/ArrayUpdate2.xml (RunModel)" time="0.017" />
  <testcase classname="ptolemy.util.test.junit.AutoTests" name="[33] /home/travis/build/icyphy/ptII/ptolemy/actor/lib/test/auto/ArrayUpdate3.xml (RunModel)" time="0.02" />
  <testcase classname="ptolemy.util.test.junit.AutoTests" name="[34] /home/travis/build/icyphy/ptII/ptolemy/actor/lib/test/auto/Assert1.xml (RunModel)" time="0.02" />
  <testcase classname="ptolemy.util.test.junit.AutoTests" name="[35] /home/travis/build/icyphy/ptII/ptolemy/actor/lib/test/auto/Assert2.xml (RunModel)" time="0.014" />
  <testcase classname="ptolemy.util.test.junit.AutoTests" name="[36] /home/travis/build/icyphy/ptII/ptolemy/actor/lib/test/auto/BooleanMultiplexor.xml (RunModel)" time="0.012" />
  <testcase classname="ptolemy.util.test.junit.AutoTests" name="[37] /home/travis/build/icyphy/ptII/ptolemy/actor/lib/test/auto/BooleanMultiplexor2.xml (RunModel)" time="0.014" />
  <testcase classname="ptolemy.util.test.junit.AutoTests" name="[38] /home/travis/build/icyphy/ptII/ptolemy/actor/lib/test/auto/BooleanMultiplexor3.xml (RunModel)" time="0.034" />
  <testcase classname="ptolemy.util.test.junit.AutoTests" name="[39] /home/travis/build/icyphy/ptII/ptolemy/actor/lib/test/auto/BooleanSelect.xml (RunModel)" time="0.026" />
  <testcase classname="ptolemy.util.test.junit.AutoTests" name="[40] /home/travis/build/icyphy/ptII/ptolemy/actor/lib/test/auto/BooleanSelect2.xml (RunModel)" time="0.012" />
  <testcase classname="ptolemy.util.test.junit.AutoTests" name="[41] /home/travis/build/icyphy/ptII/ptolemy/actor/lib/test/auto/BooleanSwitch.xml (RunModel)" time="0.021" />
  <testcase classname="ptolemy.util.test.junit.AutoTests" name="[42] /home/travis/build/icyphy/ptII/ptolemy/actor/lib/test/auto/BooleanSwitch2.xml (RunModel)" time="0.012" />
  <testcase classname="ptolemy.util.test.junit.AutoTests" name="[43] /home/travis/build/icyphy/ptII/ptolemy/actor/lib/test/auto/BooleanSwitchCloningBugWithClassRelationGroup.xml (RunModel)" time="0.028" />
  <testcase classname="ptolemy.util.test.junit.AutoTests" name="[44] /home/travis/build/icyphy/ptII/ptolemy/actor/lib/test/auto/BusActors.xml (RunModel)" time="0.033" />
  <testcase classname="ptolemy.util.test.junit.AutoTests" name="[45] /home/travis/build/icyphy/ptII/ptolemy/actor/lib/test/auto/ClassWrapper.xml (RunModel)" time="0.009" />
  <testcase classname="ptolemy.util.test.junit.AutoTests" name="[46] /home/travis/build/icyphy/ptII/ptolemy/actor/lib/test/auto/Clock.xml (RunModel)" time="0.008" />
  <testcase classname="ptolemy.util.test.junit.AutoTests" name="[47] /home/travis/build/icyphy/ptII/ptolemy/actor/lib/test/auto/Clock10.xml (RunModel)" time="0.019" />
  <testcase classname="ptolemy.util.test.junit.AutoTests" name="[48] /home/travis/build/icyphy/ptII/ptolemy/actor/lib/test/auto/Clock11.xml (RunModel)" time="0.018" />
  <testcase classname="ptolemy.util.test.junit.AutoTests" name="[49] /home/travis/build/icyphy/ptII/ptolemy/actor/lib/test/auto/Clock12.xml (RunModel)" time="0.02" />
  <testcase classname="ptolemy.util.test.junit.AutoTests" name="[50] /home/travis/build/icyphy/ptII/ptolemy/actor/lib/test/auto/Clock13.xml (RunModel)" time="0.016" />
  <testcase classname="ptolemy.util.test.junit.AutoTests" name="[51] /home/travis/build/icyphy/ptII/ptolemy/actor/lib/test/auto/Clock14.xml (RunModel)" time="0.019" />
  <testcase classname="ptolemy.util.test.junit.AutoTests" name="[52] /home/travis/build/icyphy/ptII/ptolemy/actor/lib/test/auto/Clock15.xml (RunModel)" time="0.015" />
  <testcase classname="ptolemy.util.test.junit.AutoTests" name="[53] /home/travis/build/icyphy/ptII/ptolemy/actor/lib/test/auto/Clock16.xml (RunModel)" time="0.081" />
  <testcase classname="ptolemy.util.test.junit.AutoTests" name="[54] /home/travis/build/icyphy/ptII/ptolemy/actor/lib/test/auto/Clock17.xml (RunModel)" time="0.073" />
  <testcase classname="ptolemy.util.test.junit.AutoTests" name="[55] /home/travis/build/icyphy/ptII/ptolemy/actor/lib/test/auto/Clock18.xml (RunModel)" time="0.055" />
  <testcase classname="ptolemy.util.test.junit.AutoTests" name="[56] /home/travis/build/icyphy/ptII/ptolemy/actor/lib/test/auto/Clock19.xml (RunModel)" time="0.05" />
  <testcase classname="ptolemy.util.test.junit.AutoTests" name="[57] /home/travis/build/icyphy/ptII/ptolemy/actor/lib/test/auto/Clock2.xml (RunModel)" time="0.018" />
  <testcase classname="ptolemy.util.test.junit.AutoTests" name="[58] /home/travis/build/icyphy/ptII/ptolemy/actor/lib/test/auto/Clock20.xml (RunModel)" time="0.024" />
  <testcase classname="ptolemy.util.test.junit.AutoTests" name="[59] /home/travis/build/icyphy/ptII/ptolemy/actor/lib/test/auto/Clock21.xml (RunModel)" time="0.016" />
  <testcase classname="ptolemy.util.test.junit.AutoTests" name="[60] /home/travis/build/icyphy/ptII/ptolemy/actor/lib/test/auto/Clock22.xml (RunModel)" time="0.016" />
  <testcase classname="ptolemy.util.test.junit.AutoTests" name="[61] /home/travis/build/icyphy/ptII/ptolemy/actor/lib/test/auto/Clock23.xml (RunModel)" time="0.019" />
  <testcase classname="ptolemy.util.test.junit.AutoTests" name="[62] /home/travis/build/icyphy/ptII/ptolemy/actor/lib/test/auto/Clock24.xml (RunModel)" time="0.015" />
  <testcase classname="ptolemy.util.test.junit.AutoTests" name="[63] /home/travis/build/icyphy/ptII/ptolemy/actor/lib/test/auto/Clock4.xml (RunModel)" time="0.016" />
  <testcase classname="ptolemy.util.test.junit.AutoTests" name="[64] /home/travis/build/icyphy/ptII/ptolemy/actor/lib/test/auto/Clock5.xml (RunModel)" time="0.011" />
  <testcase classname="ptolemy.util.test.junit.AutoTests" name="[65] /home/travis/build/icyphy/ptII/ptolemy/actor/lib/test/auto/Clock6.xml (RunModel)" time="0.009" />
  <testcase classname="ptolemy.util.test.junit.AutoTests" name="[66] /home/travis/build/icyphy/ptII/ptolemy/actor/lib/test/auto/Clock7.xml (RunModel)" time="0.011" />
  <testcase classname="ptolemy.util.test.junit.AutoTests" name="[67] /home/travis/build/icyphy/ptII/ptolemy/actor/lib/test/auto/Clock8.xml (RunModel)" time="0.016" />
  <testcase classname="ptolemy.util.test.junit.AutoTests" name="[68] /home/travis/build/icyphy/ptII/ptolemy/actor/lib/test/auto/Clock9.xml (RunModel)" time="0.017" />
  <testcase classname="ptolemy.util.test.junit.AutoTests" name="[69] /home/travis/build/icyphy/ptII/ptolemy/actor/lib/test/auto/CommDistDiscard.xml (RunModel)" time="0.017" />
  <testcase classname="ptolemy.util.test.junit.AutoTests" name="[70] /home/travis/build/icyphy/ptII/ptolemy/actor/lib/test/auto/Commutator.xml (RunModel)" time="0.013" />
  <testcase classname="ptolemy.util.test.junit.AutoTests" name="[71] /home/travis/build/icyphy/ptII/ptolemy/actor/lib/test/auto/Commutator2.xml (RunModel)" time="0.011" />
  <testcase classname="ptolemy.util.test.junit.AutoTests" name="[72] /home/travis/build/icyphy/ptII/ptolemy/actor/lib/test/auto/Commutator3.xml (RunModel)" time="0.011" />
  <testcase classname="ptolemy.util.test.junit.AutoTests" name="[73] /home/travis/build/icyphy/ptII/ptolemy/actor/lib/test/auto/Compare.xml (RunModel)" time="0.019" />
  <testcase classname="ptolemy.util.test.junit.AutoTests" name="[74] /home/travis/build/icyphy/ptII/ptolemy/actor/lib/test/auto/CompareDE.xml (RunModel)" time="0.018" />
  <testcase classname="ptolemy.util.test.junit.AutoTests" name="[75] /home/travis/build/icyphy/ptII/ptolemy/actor/lib/test/auto/ComplexDivide.xml (RunModel)" time="0.009" />
  <testcase classname="ptolemy.util.test.junit.AutoTests" name="[76] /home/travis/build/icyphy/ptII/ptolemy/actor/lib/test/auto/ComputeHistogram.xml (RunModel)" time="0.057" />
  <testcase classname="ptolemy.util.test.junit.AutoTests" name="[77] /home/travis/build/icyphy/ptII/ptolemy/actor/lib/test/auto/ConfigurationSelect.xml (RunModel)" time="0.014" />
  <testcase classname="ptolemy.util.test.junit.AutoTests" name="[78] /home/travis/build/icyphy/ptII/ptolemy/actor/lib/test/auto/ConfigurationSelect2.xml (RunModel)" time="0.014" />
  <testcase classname="ptolemy.util.test.junit.AutoTests" name="[79] /home/travis/build/icyphy/ptII/ptolemy/actor/lib/test/auto/ConfigurationSwitch.xml (RunModel)" time="0.012" />
  <testcase classname="ptolemy.util.test.junit.AutoTests" name="[80] /home/travis/build/icyphy/ptII/ptolemy/actor/lib/test/auto/ConfigurationSwitch2.xml (RunModel)" time="0.011" />
  <testcase classname="ptolemy.util.test.junit.AutoTests" name="[81] /home/travis/build/icyphy/ptII/ptolemy/actor/lib/test/auto/ConfigurationSwitchCloningBugWithClassRelationGroup.xml (RunModel)" time="0.015" />
  <testcase classname="ptolemy.util.test.junit.AutoTests" name="[82] /home/travis/build/icyphy/ptII/ptolemy/actor/lib/test/auto/ConfigurationSwitchSelectSDF.xml (RunModel)" time="0.012" />
  <testcase classname="ptolemy.util.test.junit.AutoTests" name="[83] /home/travis/build/icyphy/ptII/ptolemy/actor/lib/test/auto/ConfigurationSwitchSelectSDF2.xml (RunModel)" time="0.011" />
  <testcase classname="ptolemy.util.test.junit.AutoTests" name="[84] /home/travis/build/icyphy/ptII/ptolemy/actor/lib/test/auto/Const.xml (RunModel)" time="0.009" />
  <testcase classname="ptolemy.util.test.junit.AutoTests" name="[85] /home/travis/build/icyphy/ptII/ptolemy/actor/lib/test/auto/Const2.xml (RunModel)" time="0.008" />
  <testcase classname="ptolemy.util.test.junit.AutoTests" name="[86] /home/travis/build/icyphy/ptII/ptolemy/actor/lib/test/auto/Const3.xml (RunModel)" time="0.005" />
  <testcase classname="ptolemy.util.test.junit.AutoTests" name="[87] /home/travis/build/icyphy/ptII/ptolemy/actor/lib/test/auto/ConstantPublisherPort1.xml (RunModel)" time="0.018" />
  <testcase classname="ptolemy.util.test.junit.AutoTests" name="[88] /home/travis/build/icyphy/ptII/ptolemy/actor/lib/test/auto/ConstantPublisherPort2.xml (RunModel)" time="0.016" />
  <testcase classname="ptolemy.util.test.junit.AutoTests" name="[89] /home/travis/build/icyphy/ptII/ptolemy/actor/lib/test/auto/ConstantPublisherPort3.xml (RunModel)" time="0.016" />
  <testcase classname="ptolemy.util.test.junit.AutoTests" name="[90] /home/travis/build/icyphy/ptII/ptolemy/actor/lib/test/auto/ConstantPublisherPort4.xml (RunModel)" time="0.015" />
  <testcase classname="ptolemy.util.test.junit.AutoTests" name="[91] /home/travis/build/icyphy/ptII/ptolemy/actor/lib/test/auto/ConstantPublisherPort5.xml (RunModel)" time="0.032" />
  <testcase classname="ptolemy.util.test.junit.AutoTests" name="[92] /home/travis/build/icyphy/ptII/ptolemy/actor/lib/test/auto/ConstantPublisherPort6.xml (RunModel)" time="0.031" />
  <testcase classname="ptolemy.util.test.junit.AutoTests" name="[93] /home/travis/build/icyphy/ptII/ptolemy/actor/lib/test/auto/ConstantPublisherPort7.xml (RunModel)" time="0.024" />
  <testcase classname="ptolemy.util.test.junit.AutoTests" name="[94] /home/travis/build/icyphy/ptII/ptolemy/actor/lib/test/auto/ConstraintMonitor1.xml (RunModel)" time="0.041" />
  <testcase classname="ptolemy.util.test.junit.AutoTests" name="[95] /home/travis/build/icyphy/ptII/ptolemy/actor/lib/test/auto/ConstraintMonitor2.xml (RunModel)" time="0.009" />
  <testcase classname="ptolemy.util.test.junit.AutoTests" name="[96] /home/travis/build/icyphy/ptII/ptolemy/actor/lib/test/auto/ConstraintMonitor3.xml (RunModel)" time="0.009" />
  <testcase classname="ptolemy.util.test.junit.AutoTests" name="[97] /home/travis/build/icyphy/ptII/ptolemy/actor/lib/test/auto/ConstraintMonitor4.xml (RunModel)" time="0.01" />
  <testcase classname="ptolemy.util.test.junit.AutoTests" name="[98] /home/travis/build/icyphy/ptII/ptolemy/actor/lib/test/auto/ConstraintMonitor5.xml (RunModel)" time="0.01" />
  <testcase classname="ptolemy.util.test.junit.AutoTests" name="[99] /home/travis/build/icyphy/ptII/ptolemy/actor/lib/test/auto/ConstraintMonitor6.xml (RunModel)" time="0.013" />
  <testcase classname="ptolemy.util.test.junit.AutoTests" name="[100] /home/travis/build/icyphy/ptII/ptolemy/actor/lib/test/auto/ConstraintMonitor7.xml (RunModel)" time="0.017" />
  <testcase classname="ptolemy.util.test.junit.AutoTests" name="[101] /home/travis/build/icyphy/ptII/ptolemy/actor/lib/test/auto/ConstraintMonitor8.xml (RunModel)" time="0.019" />
  <testcase classname="ptolemy.util.test.junit.AutoTests" name="[102] /home/travis/build/icyphy/ptII/ptolemy/actor/lib/test/auto/Counter.xml (RunModel)" time="0.011" />
  <testcase classname="ptolemy.util.test.junit.AutoTests" name="[103] /home/travis/build/icyphy/ptII/ptolemy/actor/lib/test/auto/CurrentTimeSDF.xml (RunModel)" time="0.008" />
  <testcase classname="ptolemy.util.test.junit.AutoTests" name="[104] /home/travis/build/icyphy/ptII/ptolemy/actor/lib/test/auto/DB.xml (RunModel)" time="0.011" />
  <testcase classname="ptolemy.util.test.junit.AutoTests" name="[105] /home/travis/build/icyphy/ptII/ptolemy/actor/lib/test/auto/DBDE.xml (RunModel)" time="0.013" />
  <testcase classname="ptolemy.util.test.junit.AutoTests" name="[106] /home/travis/build/icyphy/ptII/ptolemy/actor/lib/test/auto/DateConstructor.xml (RunModel)" time="0.044" />
  <testcase classname="ptolemy.util.test.junit.AutoTests" name="[107] /home/travis/build/icyphy/ptII/ptolemy/actor/lib/test/auto/DelayTime.xml (RunModel)" time="0.013" />
  <testcase classname="ptolemy.util.test.junit.AutoTests" name="[108] /home/travis/build/icyphy/ptII/ptolemy/actor/lib/test/auto/Dictionary1.xml (RunModel)" time="0.014" />
  <testcase classname="ptolemy.util.test.junit.AutoTests" name="[109] /home/travis/build/icyphy/ptII/ptolemy/actor/lib/test/auto/Dictionary2.xml (RunModel)" time="0.014" />
  <testcase classname="ptolemy.util.test.junit.AutoTests" name="[110] /home/travis/build/icyphy/ptII/ptolemy/actor/lib/test/auto/Dictionary3.xml (RunModel)" time="0.012" />
  <testcase classname="ptolemy.util.test.junit.AutoTests" name="[111] /home/travis/build/icyphy/ptII/ptolemy/actor/lib/test/auto/Dictionary4.xml (RunModel)" time="0.017" />
  <testcase classname="ptolemy.util.test.junit.AutoTests" name="[112] /home/travis/build/icyphy/ptII/ptolemy/actor/lib/test/auto/Differential.xml (RunModel)" time="0.011" />
  <testcase classname="ptolemy.util.test.junit.AutoTests" name="[113] /home/travis/build/icyphy/ptII/ptolemy/actor/lib/test/auto/Director.xml (RunModel)" time="0.009" />
  <testcase classname="ptolemy.util.test.junit.AutoTests" name="[114] /home/travis/build/icyphy/ptII/ptolemy/actor/lib/test/auto/DiscreteClock.xml (RunModel)" time="0.007" />
  <testcase classname="ptolemy.util.test.junit.AutoTests" name="[115] /home/travis/build/icyphy/ptII/ptolemy/actor/lib/test/auto/DiscreteClock10.xml (RunModel)" time="0.012" />
  <testcase classname="ptolemy.util.test.junit.AutoTests" name="[116] /home/travis/build/icyphy/ptII/ptolemy/actor/lib/test/auto/DiscreteClock11.xml (RunModel)" time="0.012" />
  <testcase classname="ptolemy.util.test.junit.AutoTests" name="[117] /home/travis/build/icyphy/ptII/ptolemy/actor/lib/test/auto/DiscreteClock12.xml (RunModel)" time="0.013" />
  <testcase classname="ptolemy.util.test.junit.AutoTests" name="[118] /home/travis/build/icyphy/ptII/ptolemy/actor/lib/test/auto/DiscreteClock13.xml (RunModel)" time="0.016" />
  <testcase classname="ptolemy.util.test.junit.AutoTests" name="[119] /home/travis/build/icyphy/ptII/ptolemy/actor/lib/test/auto/DiscreteClock14.xml (RunModel)" time="0.018" />
  <testcase classname="ptolemy.util.test.junit.AutoTests" name="[120] /home/travis/build/icyphy/ptII/ptolemy/actor/lib/test/auto/DiscreteClock15.xml (RunModel)" time="0.012" />
  <testcase classname="ptolemy.util.test.junit.AutoTests" name="[121] /home/travis/build/icyphy/ptII/ptolemy/actor/lib/test/auto/DiscreteClock16.xml (RunModel)" time="0.039" />
  <testcase classname="ptolemy.util.test.junit.AutoTests" name="[122] /home/travis/build/icyphy/ptII/ptolemy/actor/lib/test/auto/DiscreteClock17.xml (RunModel)" time="0.044" />
  <testcase classname="ptolemy.util.test.junit.AutoTests" name="[123] /home/travis/build/icyphy/ptII/ptolemy/actor/lib/test/auto/DiscreteClock18.xml (RunModel)" time="0.565" />
  <testcase classname="ptolemy.util.test.junit.AutoTests" name="[124] /home/travis/build/icyphy/ptII/ptolemy/actor/lib/test/auto/DiscreteClock19.xml (RunModel)" time="0.058" />
  <testcase classname="ptolemy.util.test.junit.AutoTests" name="[125] /home/travis/build/icyphy/ptII/ptolemy/actor/lib/test/auto/DiscreteClock2.xml (RunModel)" time="0.012" />
  <testcase classname="ptolemy.util.test.junit.AutoTests" name="[126] /home/travis/build/icyphy/ptII/ptolemy/actor/lib/test/auto/DiscreteClock20.xml (RunModel)" time="0.019" />
  <testcase classname="ptolemy.util.test.junit.AutoTests" name="[127] /home/travis/build/icyphy/ptII/ptolemy/actor/lib/test/auto/DiscreteClock21.xml (RunModel)" time="0.017" />
  <testcase classname="ptolemy.util.test.junit.AutoTests" name="[128] /home/travis/build/icyphy/ptII/ptolemy/actor/lib/test/auto/DiscreteClock22.xml (RunModel)" time="0.016" />
  <testcase classname="ptolemy.util.test.junit.AutoTests" name="[129] /home/travis/build/icyphy/ptII/ptolemy/actor/lib/test/auto/DiscreteClock23.xml (RunModel)" time="0.015" />
  <testcase classname="ptolemy.util.test.junit.AutoTests" name="[130] /home/travis/build/icyphy/ptII/ptolemy/actor/lib/test/auto/DiscreteClock24.xml (RunModel)" time="0.015" />
  <testcase classname="ptolemy.util.test.junit.AutoTests" name="[131] /home/travis/build/icyphy/ptII/ptolemy/actor/lib/test/auto/DiscreteClock4.xml (RunModel)" time="0.009" />
  <testcase classname="ptolemy.util.test.junit.AutoTests" name="[132] /home/travis/build/icyphy/ptII/ptolemy/actor/lib/test/auto/DiscreteClock5.xml (RunModel)" time="0.009" />
  <testcase classname="ptolemy.util.test.junit.AutoTests" name="[133] /home/travis/build/icyphy/ptII/ptolemy/actor/lib/test/auto/DiscreteClock6.xml (RunModel)" time="0.008" />
  <testcase classname="ptolemy.util.test.junit.AutoTests" name="[134] /home/travis/build/icyphy/ptII/ptolemy/actor/lib/test/auto/DiscreteClock7.xml (RunModel)" time="0.009" />
  <testcase classname="ptolemy.util.test.junit.AutoTests" name="[135] /home/travis/build/icyphy/ptII/ptolemy/actor/lib/test/auto/DiscreteClock8.xml (RunModel)" time="0.014" />
  <testcase classname="ptolemy.util.test.junit.AutoTests" name="[136] /home/travis/build/icyphy/ptII/ptolemy/actor/lib/test/auto/DiscreteClock9.xml (RunModel)" time="0.014" />
  <testcase classname="ptolemy.util.test.junit.AutoTests" name="[137] /home/travis/build/icyphy/ptII/ptolemy/actor/lib/test/auto/DisplayArray.xml (RunModel)" time="0.007" />
  <testcase classname="ptolemy.util.test.junit.AutoTests" name="[138] /home/travis/build/icyphy/ptII/ptolemy/actor/lib/test/auto/Distributor.xml (RunModel)" time="0.008" />
  <testcase classname="ptolemy.util.test.junit.AutoTests" name="[139] /home/travis/build/icyphy/ptII/ptolemy/actor/lib/test/auto/Distributor2.xml (RunModel)" time="0.009" />
  <testcase classname="ptolemy.util.test.junit.AutoTests" name="[140] /home/travis/build/icyphy/ptII/ptolemy/actor/lib/test/auto/DownSample.xml (RunModel)" time="0.009" />
  <testcase classname="ptolemy.util.test.junit.AutoTests" name="[141] /home/travis/build/icyphy/ptII/ptolemy/actor/lib/test/auto/ElectronicUnitBase1.xml (RunModel)" time="0.058" />
  <testcase classname="ptolemy.util.test.junit.AutoTests" name="[142] /home/travis/build/icyphy/ptII/ptolemy/actor/lib/test/auto/ElementsToArray.xml (RunModel)" time="0.01" />
  <testcase classname="ptolemy.util.test.junit.AutoTests" name="[143] /home/travis/build/icyphy/ptII/ptolemy/actor/lib/test/auto/Equals.xml (RunModel)" time="0.011" />
  <testcase classname="ptolemy.util.test.junit.AutoTests" name="[144] /home/travis/build/icyphy/ptII/ptolemy/actor/lib/test/auto/Exec.xml (RunModel)" time="0.02" />
  <testcase classname="ptolemy.util.test.junit.AutoTests" name="[145] /home/travis/build/icyphy/ptII/ptolemy/actor/lib/test/auto/ExecEnvironment.xml (RunModel)" time="0.03" />
  <testcase classname="ptolemy.util.test.junit.AutoTests" name="[146] /home/travis/build/icyphy/ptII/ptolemy/actor/lib/test/auto/ExecNonZeroReturnOutput.xml (RunModel)" time="0.153" />
  <testcase classname="ptolemy.util.test.junit.AutoTests" name="[147] /home/travis/build/icyphy/ptII/ptolemy/actor/lib/test/auto/ExecRunDemos.xml (RunModel)" time="9.169" />
  <testcase classname="ptolemy.util.test.junit.AutoTests" name="[148] /home/travis/build/icyphy/ptII/ptolemy/actor/lib/test/auto/ExecStop.xml (RunModel)" time="5.023" />
  <testcase classname="ptolemy.util.test.junit.AutoTests" name="[149] /home/travis/build/icyphy/ptII/ptolemy/actor/lib/test/auto/ExecutionTimePN.xml (RunModel)" time="2.059" />
  <testcase classname="ptolemy.util.test.junit.AutoTests" name="[150] /home/travis/build/icyphy/ptII/ptolemy/actor/lib/test/auto/ExecutionTimeSDF.xml (RunModel)" time="6.024" />
  <testcase classname="ptolemy.util.test.junit.AutoTests" name="[151] /home/travis/build/icyphy/ptII/ptolemy/actor/lib/test/auto/Expression1.xml (RunModel)" time="0.021" />
  <testcase classname="ptolemy.util.test.junit.AutoTests" name="[152] /home/travis/build/icyphy/ptII/ptolemy/actor/lib/test/auto/Expression10.xml (RunModel)" time="0.026" />
  <testcase classname="ptolemy.util.test.junit.AutoTests" name="[153] /home/travis/build/icyphy/ptII/ptolemy/actor/lib/test/auto/Expression11.xml (RunModel)" time="0.015" />
  <testcase classname="ptolemy.util.test.junit.AutoTests" name="[154] /home/travis/build/icyphy/ptII/ptolemy/actor/lib/test/auto/Expression12.xml (RunModel)" time="0.02" />
  <testcase classname="ptolemy.util.test.junit.AutoTests" name="[155] /home/travis/build/icyphy/ptII/ptolemy/actor/lib/test/auto/Expression13.xml (RunModel)" time="0.013" />
  <testcase classname="ptolemy.util.test.junit.AutoTests" name="[156] /home/travis/build/icyphy/ptII/ptolemy/actor/lib/test/auto/Expression14.xml (RunModel)" time="0.021" />
  <testcase classname="ptolemy.util.test.junit.AutoTests" name="[157] /home/travis/build/icyphy/ptII/ptolemy/actor/lib/test/auto/Expression15.xml (RunModel)" time="0.008" />
  <testcase classname="ptolemy.util.test.junit.AutoTests" name="[158] /home/travis/build/icyphy/ptII/ptolemy/actor/lib/test/auto/Expression16.xml (RunModel)" time="0.014" />
  <testcase classname="ptolemy.util.test.junit.AutoTests" name="[159] /home/travis/build/icyphy/ptII/ptolemy/actor/lib/test/auto/Expression17.xml (RunModel)" time="0.012" />
  <testcase classname="ptolemy.util.test.junit.AutoTests" name="[160] /home/travis/build/icyphy/ptII/ptolemy/actor/lib/test/auto/Expression18.xml (RunModel)" time="0.014" />
  <testcase classname="ptolemy.util.test.junit.AutoTests" name="[161] /home/travis/build/icyphy/ptII/ptolemy/actor/lib/test/auto/Expression2.xml (RunModel)" time="0.018" />
  <testcase classname="ptolemy.util.test.junit.AutoTests" name="[162] /home/travis/build/icyphy/ptII/ptolemy/actor/lib/test/auto/Expression3.xml (RunModel)" time="0.013" />
  <testcase classname="ptolemy.util.test.junit.AutoTests" name="[163] /home/travis/build/icyphy/ptII/ptolemy/actor/lib/test/auto/Expression4.xml (RunModel)" time="0.021" />
  <testcase classname="ptolemy.util.test.junit.AutoTests" name="[164] /home/travis/build/icyphy/ptII/ptolemy/actor/lib/test/auto/Expression5.xml (RunModel)" time="0.013" />
  <testcase classname="ptolemy.util.test.junit.AutoTests" name="[165] /home/travis/build/icyphy/ptII/ptolemy/actor/lib/test/auto/Expression6.xml (RunModel)" time="0.015" />
  <testcase classname="ptolemy.util.test.junit.AutoTests" name="[166] /home/travis/build/icyphy/ptII/ptolemy/actor/lib/test/auto/Expression7.xml (RunModel)" time="0.01" />
  <testcase classname="ptolemy.util.test.junit.AutoTests" name="[167] /home/travis/build/icyphy/ptII/ptolemy/actor/lib/test/auto/Expression8.xml (RunModel)" time="0.01" />
  <testcase classname="ptolemy.util.test.junit.AutoTests" name="[168] /home/travis/build/icyphy/ptII/ptolemy/actor/lib/test/auto/Expression9.xml (RunModel)" time="0.007" />
  <testcase classname="ptolemy.util.test.junit.AutoTests" name="[169] /home/travis/build/icyphy/ptII/ptolemy/actor/lib/test/auto/ExpressionConcatenateArrayType.xml (RunModel)" time="0.023" />
  <testcase classname="ptolemy.util.test.junit.AutoTests" name="[170] /home/travis/build/icyphy/ptII/ptolemy/actor/lib/test/auto/ExpressionConcatenateArrayType2.xml (RunModel)" time="0.015" />
  <testcase classname="ptolemy.util.test.junit.AutoTests" name="[171] /home/travis/build/icyphy/ptII/ptolemy/actor/lib/test/auto/ExpressionFix.xml (RunModel)" time="0.025" />
  <testcase classname="ptolemy.util.test.junit.AutoTests" name="[172] /home/travis/build/icyphy/ptII/ptolemy/actor/lib/test/auto/ExpressionFix2.xml (RunModel)" time="0.012" />
  <testcase classname="ptolemy.util.test.junit.AutoTests" name="[173] /home/travis/build/icyphy/ptII/ptolemy/actor/lib/test/auto/ExpressionFix3.xml (RunModel)" time="0.01" />
  <testcase classname="ptolemy.util.test.junit.AutoTests" name="[174] /home/travis/build/icyphy/ptII/ptolemy/actor/lib/test/auto/FileWriter1.xml (RunModel)" time="0.008" />
  <testcase classname="ptolemy.util.test.junit.AutoTests" name="[175] /home/travis/build/icyphy/ptII/ptolemy/actor/lib/test/auto/FileWriter2.xml (RunModel)" time="0.009" />
  <testcase classname="ptolemy.util.test.junit.AutoTests" name="[176] /home/travis/build/icyphy/ptII/ptolemy/actor/lib/test/auto/FileWriter3.xml (RunModel)" time="0.013" />
  <testcase classname="ptolemy.util.test.junit.AutoTests" name="[177] /home/travis/build/icyphy/ptII/ptolemy/actor/lib/test/auto/Gaussian.xml (RunModel)" time="0.009" />
  <testcase classname="ptolemy.util.test.junit.AutoTests" name="[178] /home/travis/build/icyphy/ptII/ptolemy/actor/lib/test/auto/Gaussian1.xml (RunModel)" time="0.011" />
  <testcase classname="ptolemy.util.test.junit.AutoTests" name="[179] /home/travis/build/icyphy/ptII/ptolemy/actor/lib/test/auto/Gaussian2.xml (RunModel)" time="0.014" />
  <testcase classname="ptolemy.util.test.junit.AutoTests" name="[180] /home/travis/build/icyphy/ptII/ptolemy/actor/lib/test/auto/GradientAdaptiveLattice.xml (RunModel)" time="0.016" />
  <testcase classname="ptolemy.util.test.junit.AutoTests" name="[181] /home/travis/build/icyphy/ptII/ptolemy/actor/lib/test/auto/IIR.xml (RunModel)" time="0.01" />
  <testcase classname="ptolemy.util.test.junit.AutoTests" name="[182] /home/travis/build/icyphy/ptII/ptolemy/actor/lib/test/auto/InputOutputTransparentPorts.xml (RunModel)" time="0.017" />
  <testcase classname="ptolemy.util.test.junit.AutoTests" name="[183] /home/travis/build/icyphy/ptII/ptolemy/actor/lib/test/auto/Interpolator.xml (RunModel)" time="0.01" />
  <testcase classname="ptolemy.util.test.junit.AutoTests" name="[184] /home/travis/build/icyphy/ptII/ptolemy/actor/lib/test/auto/InterpolatorFiringLimitDE.xml (RunModel)" time="0.012" />
  <testcase classname="ptolemy.util.test.junit.AutoTests" name="[185] /home/travis/build/icyphy/ptII/ptolemy/actor/lib/test/auto/Lattice.xml (RunModel)" time="0.009" />
  <testcase classname="ptolemy.util.test.junit.AutoTests" name="[186] /home/travis/build/icyphy/ptII/ptolemy/actor/lib/test/auto/LazyAOCTestLazy.xml (RunModel)" time="0.02" />
  <testcase classname="ptolemy.util.test.junit.AutoTests" name="[187] /home/travis/build/icyphy/ptII/ptolemy/actor/lib/test/auto/LazyAOCTestNonLazy.xml (RunModel)" time="0.016" />
  <testcase classname="ptolemy.util.test.junit.AutoTests" name="[188] /home/travis/build/icyphy/ptII/ptolemy/actor/lib/test/auto/LazyInnerClass.xml (RunModel)" time="0.018" />
  <testcase classname="ptolemy.util.test.junit.AutoTests" name="[189] /home/travis/build/icyphy/ptII/ptolemy/actor/lib/test/auto/LazyPubSub.xml (RunModel)" time="0.04" />
  <testcase classname="ptolemy.util.test.junit.AutoTests" name="[190] /home/travis/build/icyphy/ptII/ptolemy/actor/lib/test/auto/LazyPubSub2.xml (RunModel)" time="0.054" />
  <testcase classname="ptolemy.util.test.junit.AutoTests" name="[191] /home/travis/build/icyphy/ptII/ptolemy/actor/lib/test/auto/LazyPubSub3.xml (RunModel)" time="0.065" />
  <testcase classname="ptolemy.util.test.junit.AutoTests" name="[192] /home/travis/build/icyphy/ptII/ptolemy/actor/lib/test/auto/LazySubClassModel.xml (RunModel)" time="0.032" />
  <testcase classname="ptolemy.util.test.junit.AutoTests" name="[193] /home/travis/build/icyphy/ptII/ptolemy/actor/lib/test/auto/LevelCrossTest1.xml (RunModel)" time="0.011" />
  <testcase classname="ptolemy.util.test.junit.AutoTests" name="[194] /home/travis/build/icyphy/ptII/ptolemy/actor/lib/test/auto/LevelCrossTest10.xml (RunModel)" time="0.016" />
  <testcase classname="ptolemy.util.test.junit.AutoTests" name="[195] /home/travis/build/icyphy/ptII/ptolemy/actor/lib/test/auto/LevelCrossTest11.xml (RunModel)" time="0.015" />
  <testcase classname="ptolemy.util.test.junit.AutoTests" name="[196] /home/travis/build/icyphy/ptII/ptolemy/actor/lib/test/auto/LevelCrossTest12.xml (RunModel)" time="0.013" />
  <testcase classname="ptolemy.util.test.junit.AutoTests" name="[197] /home/travis/build/icyphy/ptII/ptolemy/actor/lib/test/auto/LevelCrossTest13.xml (RunModel)" time="0.017" />
  <testcase classname="ptolemy.util.test.junit.AutoTests" name="[198] /home/travis/build/icyphy/ptII/ptolemy/actor/lib/test/auto/LevelCrossTest2.xml (RunModel)" time="0.012" />
  <testcase classname="ptolemy.util.test.junit.AutoTests" name="[199] /home/travis/build/icyphy/ptII/ptolemy/actor/lib/test/auto/LevelCrossTest3.xml (RunModel)" time="0.012" />
  <testcase classname="ptolemy.util.test.junit.AutoTests" name="[200] /home/travis/build/icyphy/ptII/ptolemy/actor/lib/test/auto/LevelCrossTest4.xml (RunModel)" time="0.01" />
  <testcase classname="ptolemy.util.test.junit.AutoTests" name="[201] /home/travis/build/icyphy/ptII/ptolemy/actor/lib/test/auto/LevelCrossTest5.xml (RunModel)" time="0.022" />
  <testcase classname="ptolemy.util.test.junit.AutoTests" name="[202] /home/travis/build/icyphy/ptII/ptolemy/actor/lib/test/auto/LevelCrossTest6.xml (RunModel)" time="0.014" />
  <testcase classname="ptolemy.util.test.junit.AutoTests" name="[203] /home/travis/build/icyphy/ptII/ptolemy/actor/lib/test/auto/LevelCrossTest7.xml (RunModel)" time="0.013" />
  <testcase classname="ptolemy.util.test.junit.AutoTests" name="[204] /home/travis/build/icyphy/ptII/ptolemy/actor/lib/test/auto/LevelCrossTest8.xml (RunModel)" time="0.014" />
  <testcase classname="ptolemy.util.test.junit.AutoTests" name="[205] /home/travis/build/icyphy/ptII/ptolemy/actor/lib/test/auto/LevelCrossTest9.xml (RunModel)" time="0.018" />
  <testcase classname="ptolemy.util.test.junit.AutoTests" name="[206] /home/travis/build/icyphy/ptII/ptolemy/actor/lib/test/auto/LevinsonDurbin.xml (RunModel)" time="0.009" />
  <testcase classname="ptolemy.util.test.junit.AutoTests" name="[207] /home/travis/build/icyphy/ptII/ptolemy/actor/lib/test/auto/LevinsonDurbin2.xml (RunModel)" time="0.008" />
  <testcase classname="ptolemy.util.test.junit.AutoTests" name="[208] /home/travis/build/icyphy/ptII/ptolemy/actor/lib/test/auto/LevinsonDurbin3.xml (RunModel)" time="0.008" />
  <testcase classname="ptolemy.util.test.junit.AutoTests" name="[209] /home/travis/build/icyphy/ptII/ptolemy/actor/lib/test/auto/Limiter.xml (RunModel)" time="0.032" />
  <testcase classname="ptolemy.util.test.junit.AutoTests" name="[210] /home/travis/build/icyphy/ptII/ptolemy/actor/lib/test/auto/LinearDifferenceEquationSystem.xml (RunModel)" time="0.021" />
  <testcase classname="ptolemy.util.test.junit.AutoTests" name="[211] /home/travis/build/icyphy/ptII/ptolemy/actor/lib/test/auto/LookupTable.xml (RunModel)" time="0.009" />
  <testcase classname="ptolemy.util.test.junit.AutoTests" name="[212] /home/travis/build/icyphy/ptII/ptolemy/actor/lib/test/auto/MathFunction.xml (RunModel)" time="0.024" />
  <testcase classname="ptolemy.util.test.junit.AutoTests" name="[213] /home/travis/build/icyphy/ptII/ptolemy/actor/lib/test/auto/MathFunction2.xml (RunModel)" time="0.016" />
  <testcase classname="ptolemy.util.test.junit.AutoTests" name="[214] /home/travis/build/icyphy/ptII/ptolemy/actor/lib/test/auto/MathFunction3.xml (RunModel)" time="0.027" />
  <testcase classname="ptolemy.util.test.junit.AutoTests" name="[215] /home/travis/build/icyphy/ptII/ptolemy/actor/lib/test/auto/MatrixCropBoolean.xml (RunModel)" time="0.012" />
  <testcase classname="ptolemy.util.test.junit.AutoTests" name="[216] /home/travis/build/icyphy/ptII/ptolemy/actor/lib/test/auto/MatrixCropComplex.xml (RunModel)" time="0.009" />
  <testcase classname="ptolemy.util.test.junit.AutoTests" name="[217] /home/travis/build/icyphy/ptII/ptolemy/actor/lib/test/auto/MatrixCropDouble.xml (RunModel)" time="0.01" />
  <testcase classname="ptolemy.util.test.junit.AutoTests" name="[218] /home/travis/build/icyphy/ptII/ptolemy/actor/lib/test/auto/MatrixCropFix.xml (RunModel)" time="0.01" />
  <testcase classname="ptolemy.util.test.junit.AutoTests" name="[219] /home/travis/build/icyphy/ptII/ptolemy/actor/lib/test/auto/MatrixCropInt.xml (RunModel)" time="0.009" />
  <testcase classname="ptolemy.util.test.junit.AutoTests" name="[220] /home/travis/build/icyphy/ptII/ptolemy/actor/lib/test/auto/MatrixCropLong.xml (RunModel)" time="0.009" />
  <testcase classname="ptolemy.util.test.junit.AutoTests" name="[221] /home/travis/build/icyphy/ptII/ptolemy/actor/lib/test/auto/MatrixToArray.xml (RunModel)" time="0.043" />
  <testcase classname="ptolemy.util.test.junit.AutoTests" name="[222] /home/travis/build/icyphy/ptII/ptolemy/actor/lib/test/auto/MaxIndex.xml (RunModel)" time="0.011" />
  <testcase classname="ptolemy.util.test.junit.AutoTests" name="[223] /home/travis/build/icyphy/ptII/ptolemy/actor/lib/test/auto/Maximum.xml (RunModel)" time="0.013" />
  <testcase classname="ptolemy.util.test.junit.AutoTests" name="[224] /home/travis/build/icyphy/ptII/ptolemy/actor/lib/test/auto/MaximumComplex.xml (RunModel)" time="0.013" />
  <testcase classname="ptolemy.util.test.junit.AutoTests" name="[225] /home/travis/build/icyphy/ptII/ptolemy/actor/lib/test/auto/MethodCallTest.xml (RunModel)" time="0.02" />
  <testcase classname="ptolemy.util.test.junit.AutoTests" name="[226] /home/travis/build/icyphy/ptII/ptolemy/actor/lib/test/auto/Minimum.xml (RunModel)" time="0.012" />
  <testcase classname="ptolemy.util.test.junit.AutoTests" name="[227] /home/travis/build/icyphy/ptII/ptolemy/actor/lib/test/auto/MinimumComplex.xml (RunModel)" time="0.013" />
  <testcase classname="ptolemy.util.test.junit.AutoTests" name="[228] /home/travis/build/icyphy/ptII/ptolemy/actor/lib/test/auto/MinimumMultiports.xml (RunModel)" time="0.03" />
  <testcase classname="ptolemy.util.test.junit.AutoTests" name="[229] /home/travis/build/icyphy/ptII/ptolemy/actor/lib/test/auto/ModifyDate.xml (RunModel)" time="0.041" />
  <testcase classname="ptolemy.util.test.junit.AutoTests" name="[230] /home/travis/build/icyphy/ptII/ptolemy/actor/lib/test/auto/ModifyDate2.xml (RunModel)" time="0.03" />
  <testcase classname="ptolemy.util.test.junit.AutoTests" name="[231] /home/travis/build/icyphy/ptII/ptolemy/actor/lib/test/auto/MovingAverage.xml (RunModel)" time="0.015" />
  <testcase classname="ptolemy.util.test.junit.AutoTests" name="[232] /home/travis/build/icyphy/ptII/ptolemy/actor/lib/test/auto/MovingMaximum.xml (RunModel)" time="0.009" />
  <testcase classname="ptolemy.util.test.junit.AutoTests" name="[233] /home/travis/build/icyphy/ptII/ptolemy/actor/lib/test/auto/MultipleLinksToSameRelation.xml (RunModel)" time="0.006" />
  <testcase classname="ptolemy.util.test.junit.AutoTests" name="[234] /home/travis/build/icyphy/ptII/ptolemy/actor/lib/test/auto/MultipleLinksToSameRelationDE.xml (RunModel)" time="0.008" />
  <testcase classname="ptolemy.util.test.junit.AutoTests" name="[235] /home/travis/build/icyphy/ptII/ptolemy/actor/lib/test/auto/Multiplexor.xml (RunModel)" time="0.014" />
  <testcase classname="ptolemy.util.test.junit.AutoTests" name="[236] /home/travis/build/icyphy/ptII/ptolemy/actor/lib/test/auto/Multiplexor1.xml (RunModel)" time="0.02" />
  <testcase classname="ptolemy.util.test.junit.AutoTests" name="[237] /home/travis/build/icyphy/ptII/ptolemy/actor/lib/test/auto/Multiplexor2.xml (RunModel)" time="0.014" />
  <testcase classname="ptolemy.util.test.junit.AutoTests" name="[238] /home/travis/build/icyphy/ptII/ptolemy/actor/lib/test/auto/Multiplexor3.xml (RunModel)" time="0.009" />
  <testcase classname="ptolemy.util.test.junit.AutoTests" name="[239] /home/travis/build/icyphy/ptII/ptolemy/actor/lib/test/auto/MultiplexorDE.xml (RunModel)" time="0.016" />
  <testcase classname="ptolemy.util.test.junit.AutoTests" name="[240] /home/travis/build/icyphy/ptII/ptolemy/actor/lib/test/auto/MultiportBroadcastTest.xml (RunModel)" time="0.097" />
  <testcase classname="ptolemy.util.test.junit.AutoTests" name="[241] /home/travis/build/icyphy/ptII/ptolemy/actor/lib/test/auto/MultiportOutHangDuringGetWidth.xml (RunModel)" time="0.031" />
  <testcase classname="ptolemy.util.test.junit.AutoTests" name="[242] /home/travis/build/icyphy/ptII/ptolemy/actor/lib/test/auto/NilToken.xml (RunModel)" time="0.009" />
  <testcase classname="ptolemy.util.test.junit.AutoTests" name="[243] /home/travis/build/icyphy/ptII/ptolemy/actor/lib/test/auto/NilTokenNonStrictTest.xml (RunModel)" time="0.013" />
  <testcase classname="ptolemy.util.test.junit.AutoTests" name="[244] /home/travis/build/icyphy/ptII/ptolemy/actor/lib/test/auto/NilTokenRecord.xml (RunModel)" time="0.026" />
  <testcase classname="ptolemy.util.test.junit.AutoTests" name="[245] /home/travis/build/icyphy/ptII/ptolemy/actor/lib/test/auto/NilTokenTypeTest.xml (RunModel)" time="0.03" />
  <testcase classname="ptolemy.util.test.junit.AutoTests" name="[246] /home/travis/build/icyphy/ptII/ptolemy/actor/lib/test/auto/ObjectToken1.xml (RunModel)" time="0.007" />
  <testcase classname="ptolemy.util.test.junit.AutoTests" name="[247] /home/travis/build/icyphy/ptII/ptolemy/actor/lib/test/auto/OrderedMerge.xml (RunModel)" time="0.01" />
  <testcase classname="ptolemy.util.test.junit.AutoTests" name="[248] /home/travis/build/icyphy/ptII/ptolemy/actor/lib/test/auto/OrderedRecordDisassembler.xml (RunModel)" time="0.014" />
  <testcase classname="ptolemy.util.test.junit.AutoTests" name="[249] /home/travis/build/icyphy/ptII/ptolemy/actor/lib/test/auto/OrderedRecordDisassembler2.xml (RunModel)" time="0.016" />
  <testcase classname="ptolemy.util.test.junit.AutoTests" name="[250] /home/travis/build/icyphy/ptII/ptolemy/actor/lib/test/auto/OrderedRecordUpdater.xml (RunModel)" time="0.008" />
  <testcase classname="ptolemy.util.test.junit.AutoTests" name="[251] /home/travis/build/icyphy/ptII/ptolemy/actor/lib/test/auto/OrderedRecordUpdater2.xml (RunModel)" time="0.009" />
  <testcase classname="ptolemy.util.test.junit.AutoTests" name="[252] /home/travis/build/icyphy/ptII/ptolemy/actor/lib/test/auto/PhaseUnwrap.xml (RunModel)" time="0.011" />
  <testcase classname="ptolemy.util.test.junit.AutoTests" name="[253] /home/travis/build/icyphy/ptII/ptolemy/actor/lib/test/auto/PoissonClock.xml (RunModel)" time="0.007" />
  <testcase classname="ptolemy.util.test.junit.AutoTests" name="[254] /home/travis/build/icyphy/ptII/ptolemy/actor/lib/test/auto/PoissonClock2.xml (RunModel)" time="0.012" />
  <testcase classname="ptolemy.util.test.junit.AutoTests" name="[255] /home/travis/build/icyphy/ptII/ptolemy/actor/lib/test/auto/PoissonClock3.xml (RunModel)" time="0.01" />
  <testcase classname="ptolemy.util.test.junit.AutoTests" name="[256] /home/travis/build/icyphy/ptII/ptolemy/actor/lib/test/auto/PubSubWithInitialTokens.xml (RunModel)" time="0.009" />
  <testcase classname="ptolemy.util.test.junit.AutoTests" name="[257] /home/travis/build/icyphy/ptII/ptolemy/actor/lib/test/auto/PubSubWithInitialTokens2.xml (RunModel)" time="0.013" />
  <testcase classname="ptolemy.util.test.junit.AutoTests" name="[258] /home/travis/build/icyphy/ptII/ptolemy/actor/lib/test/auto/PublisherClassNoParameter.xml (RunModel)" time="0.028" />
  <testcase classname="ptolemy.util.test.junit.AutoTests" name="[259] /home/travis/build/icyphy/ptII/ptolemy/actor/lib/test/auto/PublisherClassParameter.xml (RunModel)" time="0.023" />
  <testcase classname="ptolemy.util.test.junit.AutoTests" name="[260] /home/travis/build/icyphy/ptII/ptolemy/actor/lib/test/auto/PublisherNonStrictTest.xml (RunModel)" time="0.015" />
  <testcase classname="ptolemy.util.test.junit.AutoTests" name="[261] /home/travis/build/icyphy/ptII/ptolemy/actor/lib/test/auto/PublisherPort1.xml (RunModel)" time="0.017" />
  <testcase classname="ptolemy.util.test.junit.AutoTests" name="[262] /home/travis/build/icyphy/ptII/ptolemy/actor/lib/test/auto/PublisherPort2.xml (RunModel)" time="0.016" />
  <testcase classname="ptolemy.util.test.junit.AutoTests" name="[263] /home/travis/build/icyphy/ptII/ptolemy/actor/lib/test/auto/PublisherPort3.xml (RunModel)" time="0.014" />
  <testcase classname="ptolemy.util.test.junit.AutoTests" name="[264] /home/travis/build/icyphy/ptII/ptolemy/actor/lib/test/auto/PublisherPort4.xml (RunModel)" time="0.015" />
  <testcase classname="ptolemy.util.test.junit.AutoTests" name="[265] /home/travis/build/icyphy/ptII/ptolemy/actor/lib/test/auto/PublisherPort5.xml (RunModel)" time="0.014" />
  <testcase classname="ptolemy.util.test.junit.AutoTests" name="[266] /home/travis/build/icyphy/ptII/ptolemy/actor/lib/test/auto/PublisherPort5LookAlike.xml (RunModel)" time="0.019" />
  <testcase classname="ptolemy.util.test.junit.AutoTests" name="[267] /home/travis/build/icyphy/ptII/ptolemy/actor/lib/test/auto/PublisherPort6.xml (RunModel)" time="0.013" />
  <testcase classname="ptolemy.util.test.junit.AutoTests" name="[268] /home/travis/build/icyphy/ptII/ptolemy/actor/lib/test/auto/PublisherPort7.xml (RunModel)" time="0.014" />
  <testcase classname="ptolemy.util.test.junit.AutoTests" name="[269] /home/travis/build/icyphy/ptII/ptolemy/actor/lib/test/auto/PublisherPort8.xml (RunModel)" time="0.017" />
  <testcase classname="ptolemy.util.test.junit.AutoTests" name="[270] /home/travis/build/icyphy/ptII/ptolemy/actor/lib/test/auto/PublisherPortSubscriberChannelVariablesAOC2.xml (RunModel)" time="0.033" />
  <testcase classname="ptolemy.util.test.junit.AutoTests" name="[271] /home/travis/build/icyphy/ptII/ptolemy/actor/lib/test/auto/PublisherPortSubscriberOpaqueWidthInference.xml (RunModel)" time="0.018" />
  <testcase classname="ptolemy.util.test.junit.AutoTests" name="[272] /home/travis/build/icyphy/ptII/ptolemy/actor/lib/test/auto/PublisherPortSubscriberPortAdjacent.xml (RunModel)" time="0.019" />
  <testcase classname="ptolemy.util.test.junit.AutoTests" name="[273] /home/travis/build/icyphy/ptII/ptolemy/actor/lib/test/auto/PublisherPortSubscriberPortExpression.xml (RunModel)" time="0.017" />
  <testcase classname="ptolemy.util.test.junit.AutoTests" name="[274] /home/travis/build/icyphy/ptII/ptolemy/actor/lib/test/auto/PublisherPortSubscriberPortOpaqueD3Reverse.xml (RunModel)" time="0.036" />
  <testcase classname="ptolemy.util.test.junit.AutoTests" name="[275] /home/travis/build/icyphy/ptII/ptolemy/actor/lib/test/auto/PublisherPortSubscriberPortOpaqueWidthInference.xml (RunModel)" time="0.026" />
  <testcase classname="ptolemy.util.test.junit.AutoTests" name="[276] /home/travis/build/icyphy/ptII/ptolemy/actor/lib/test/auto/PublisherPortToplevelSubscriberPortAOC.xml (RunModel)" time="0.009" />
  <testcase classname="ptolemy.util.test.junit.AutoTests" name="[277] /home/travis/build/icyphy/ptII/ptolemy/actor/lib/test/auto/PublisherSubscriber.xml (RunModel)" time="0.012" />
  <testcase classname="ptolemy.util.test.junit.AutoTests" name="[278] /home/travis/build/icyphy/ptII/ptolemy/actor/lib/test/auto/PublisherSubscriber10.xml (RunModel)" time="0.029" />
  <testcase classname="ptolemy.util.test.junit.AutoTests" name="[279] /home/travis/build/icyphy/ptII/ptolemy/actor/lib/test/auto/PublisherSubscriber10InitialOutputs.xml (RunModel)" time="0.019" />
  <testcase classname="ptolemy.util.test.junit.AutoTests" name="[280] /home/travis/build/icyphy/ptII/ptolemy/actor/lib/test/auto/PublisherSubscriber11.xml (RunModel)" time="0.012" />
  <testcase classname="ptolemy.util.test.junit.AutoTests" name="[281] /home/travis/build/icyphy/ptII/ptolemy/actor/lib/test/auto/PublisherSubscriber12.xml (RunModel)" time="0.012" />
  <testcase classname="ptolemy.util.test.junit.AutoTests" name="[282] /home/travis/build/icyphy/ptII/ptolemy/actor/lib/test/auto/PublisherSubscriber13.xml (RunModel)" time="0.01" />
  <testcase classname="ptolemy.util.test.junit.AutoTests" name="[283] /home/travis/build/icyphy/ptII/ptolemy/actor/lib/test/auto/PublisherSubscriber14.xml (RunModel)" time="0.017" />
  <testcase classname="ptolemy.util.test.junit.AutoTests" name="[284] /home/travis/build/icyphy/ptII/ptolemy/actor/lib/test/auto/PublisherSubscriber2.xml (RunModel)" time="0.01" />
  <testcase classname="ptolemy.util.test.junit.AutoTests" name="[285] /home/travis/build/icyphy/ptII/ptolemy/actor/lib/test/auto/PublisherSubscriber3.xml (RunModel)" time="0.009" />
  <testcase classname="ptolemy.util.test.junit.AutoTests" name="[286] /home/travis/build/icyphy/ptII/ptolemy/actor/lib/test/auto/PublisherSubscriber4.xml (RunModel)" time="0.008" />
  <testcase classname="ptolemy.util.test.junit.AutoTests" name="[287] /home/travis/build/icyphy/ptII/ptolemy/actor/lib/test/auto/PublisherSubscriber5.xml (RunModel)" time="0.012" />
  <testcase classname="ptolemy.util.test.junit.AutoTests" name="[288] /home/travis/build/icyphy/ptII/ptolemy/actor/lib/test/auto/PublisherSubscriber6.xml (RunModel)" time="0.012" />
  <testcase classname="ptolemy.util.test.junit.AutoTests" name="[289] /home/travis/build/icyphy/ptII/ptolemy/actor/lib/test/auto/PublisherSubscriber7.xml (RunModel)" time="0.014" />
  <testcase classname="ptolemy.util.test.junit.AutoTests" name="[290] /home/travis/build/icyphy/ptII/ptolemy/actor/lib/test/auto/PublisherSubscriber8.xml (RunModel)" time="0.047" />
  <testcase classname="ptolemy.util.test.junit.AutoTests" name="[291] /home/travis/build/icyphy/ptII/ptolemy/actor/lib/test/auto/PublisherSubscriber9.xml (RunModel)" time="0.016" />
  <testcase classname="ptolemy.util.test.junit.AutoTests" name="[292] /home/travis/build/icyphy/ptII/ptolemy/actor/lib/test/auto/PublisherSubscriberAdjacent.xml (RunModel)" time="0.019" />
  <testcase classname="ptolemy.util.test.junit.AutoTests" name="[293] /home/travis/build/icyphy/ptII/ptolemy/actor/lib/test/auto/PublisherSubscriberChannelVariablesAOC2.xml (RunModel)" time="0.032" />
  <testcase classname="ptolemy.util.test.junit.AutoTests" name="[294] /home/travis/build/icyphy/ptII/ptolemy/actor/lib/test/auto/PublisherSubscriberD3.xml (RunModel)" time="0.015" />
  <testcase classname="ptolemy.util.test.junit.AutoTests" name="[295] /home/travis/build/icyphy/ptII/ptolemy/actor/lib/test/auto/PublisherSubscriberD3Reverse.xml (RunModel)" time="0.012" />
  <testcase classname="ptolemy.util.test.junit.AutoTests" name="[296] /home/travis/build/icyphy/ptII/ptolemy/actor/lib/test/auto/PublisherSubscriberExpression.xml (RunModel)" time="0.024" />
  <testcase classname="ptolemy.util.test.junit.AutoTests" name="[297] /home/travis/build/icyphy/ptII/ptolemy/actor/lib/test/auto/PublisherSubscriberOpaque.xml (RunModel)" time="0.017" />
  <testcase classname="ptolemy.util.test.junit.AutoTests" name="[298] /home/travis/build/icyphy/ptII/ptolemy/actor/lib/test/auto/PublisherSubscriberOpaqueD3.xml (RunModel)" time="0.022" />
  <testcase classname="ptolemy.util.test.junit.AutoTests" name="[299] /home/travis/build/icyphy/ptII/ptolemy/actor/lib/test/auto/PublisherSubscriberOpaqueD3Reverse.xml (RunModel)" time="0.023" />
  <testcase classname="ptolemy.util.test.junit.AutoTests" name="[300] /home/travis/build/icyphy/ptII/ptolemy/actor/lib/test/auto/PublisherSubscriberOpaqueWidthInference.xml (RunModel)" time="0.019" />
  <testcase classname="ptolemy.util.test.junit.AutoTests" name="[301] /home/travis/build/icyphy/ptII/ptolemy/actor/lib/test/auto/PublisherTestSubscriber.xml (RunModel)" time="0.015" />
  <testcase classname="ptolemy.util.test.junit.AutoTests" name="[302] /home/travis/build/icyphy/ptII/ptolemy/actor/lib/test/auto/PublisherToplevelSubscriberPortAOC.xml (RunModel)" time="0.01" />
  <testcase classname="ptolemy.util.test.junit.AutoTests" name="[303] /home/travis/build/icyphy/ptII/ptolemy/actor/lib/test/auto/PulseFiringLimitDE.xml (RunModel)" time="0.016" />
  <testcase classname="ptolemy.util.test.junit.AutoTests" name="[304] /home/travis/build/icyphy/ptII/ptolemy/actor/lib/test/auto/Ramp1.xml (RunModel)" time="0.007" />
  <testcase classname="ptolemy.util.test.junit.AutoTests" name="[305] /home/travis/build/icyphy/ptII/ptolemy/actor/lib/test/auto/RampFiringLimitDE.xml (RunModel)" time="0.012" />
  <testcase classname="ptolemy.util.test.junit.AutoTests" name="[306] /home/travis/build/icyphy/ptII/ptolemy/actor/lib/test/auto/RampFiringLimitSDF.xml (RunModel)" time="0.012" />
  <testcase classname="ptolemy.util.test.junit.AutoTests" name="[307] /home/travis/build/icyphy/ptII/ptolemy/actor/lib/test/auto/RandomInteger.xml (RunModel)" time="0.007" />
  <testcase classname="ptolemy.util.test.junit.AutoTests" name="[308] /home/travis/build/icyphy/ptII/ptolemy/actor/lib/test/auto/ReadFile1.xml (RunModel)" time="0.008" />
  <testcase classname="ptolemy.util.test.junit.AutoTests" name="[309] /home/travis/build/icyphy/ptII/ptolemy/actor/lib/test/auto/ReadFile2.xml (RunModel)" time="0.009" />
  <testcase classname="ptolemy.util.test.junit.AutoTests" name="[310] /home/travis/build/icyphy/ptII/ptolemy/actor/lib/test/auto/Reader.xml (RunModel)" time="0.01" />
  <testcase classname="ptolemy.util.test.junit.AutoTests" name="[311] /home/travis/build/icyphy/ptII/ptolemy/actor/lib/test/auto/RecordAssemblerDisplayNameTest.xml (RunModel)" time="3.624" />
  <testcase classname="ptolemy.util.test.junit.AutoTests" name="[312] /home/travis/build/icyphy/ptII/ptolemy/actor/lib/test/auto/RecordAssemblerTypeError.xml (RunModel)" time="0.031" />
  <testcase classname="ptolemy.util.test.junit.AutoTests" name="[313] /home/travis/build/icyphy/ptII/ptolemy/actor/lib/test/auto/RecordDisassember.xml (RunModel)" time="0.009" />
  <testcase classname="ptolemy.util.test.junit.AutoTests" name="[314] /home/travis/build/icyphy/ptII/ptolemy/actor/lib/test/auto/RecordDisassemberDisplayNameTest.xml (RunModel)" time="0.018" />
  <testcase classname="ptolemy.util.test.junit.AutoTests" name="[315] /home/travis/build/icyphy/ptII/ptolemy/actor/lib/test/auto/RecordDisassembler.xml (RunModel)" time="0.008" />
  <testcase classname="ptolemy.util.test.junit.AutoTests" name="[316] /home/travis/build/icyphy/ptII/ptolemy/actor/lib/test/auto/RecordDisassembler2.xml (RunModel)" time="0.01" />
  <testcase classname="ptolemy.util.test.junit.AutoTests" name="[317] /home/travis/build/icyphy/ptII/ptolemy/actor/lib/test/auto/RecordUpdater.xml (RunModel)" time="0.011" />
  <testcase classname="ptolemy.util.test.junit.AutoTests" name="[318] /home/travis/build/icyphy/ptII/ptolemy/actor/lib/test/auto/RecordUpdater2.xml (RunModel)" time="0.01" />
  <testcase classname="ptolemy.util.test.junit.AutoTests" name="[319] /home/travis/build/icyphy/ptII/ptolemy/actor/lib/test/auto/RecursiveLattice.xml (RunModel)" time="0.008" />
  <testcase classname="ptolemy.util.test.junit.AutoTests" name="[320] /home/travis/build/icyphy/ptII/ptolemy/actor/lib/test/auto/Router.xml (RunModel)" time="3.025" />
  <testcase classname="ptolemy.util.test.junit.AutoTests" name="[321] /home/travis/build/icyphy/ptII/ptolemy/actor/lib/test/auto/Router2.xml (RunModel)" time="3.019" />
  <testcase classname="ptolemy.util.test.junit.AutoTests" name="[322] /home/travis/build/icyphy/ptII/ptolemy/actor/lib/test/auto/RunningMaximum.xml (RunModel)" time="0.011" />
  <testcase classname="ptolemy.util.test.junit.AutoTests" name="[323] /home/travis/build/icyphy/ptII/ptolemy/actor/lib/test/auto/RunningMinimum.xml (RunModel)" time="0.009" />
  <testcase classname="ptolemy.util.test.junit.AutoTests" name="[324] /home/travis/build/icyphy/ptII/ptolemy/actor/lib/test/auto/Scale.xml (RunModel)" time="0.008" />
  <testcase classname="ptolemy.util.test.junit.AutoTests" name="[325] /home/travis/build/icyphy/ptII/ptolemy/actor/lib/test/auto/Scale2.xml (RunModel)" time="0.009" />
  <testcase classname="ptolemy.util.test.junit.AutoTests" name="[326] /home/travis/build/icyphy/ptII/ptolemy/actor/lib/test/auto/Scale3.xml (RunModel)" time="0.012" />
  <testcase classname="ptolemy.util.test.junit.AutoTests" name="[327] /home/travis/build/icyphy/ptII/ptolemy/actor/lib/test/auto/ScaleArray.xml (RunModel)" time="0.007" />
  <testcase classname="ptolemy.util.test.junit.AutoTests" name="[328] /home/travis/build/icyphy/ptII/ptolemy/actor/lib/test/auto/ScaleArray2.xml (RunModel)" time="0.009" />
  <testcase classname="ptolemy.util.test.junit.AutoTests" name="[329] /home/travis/build/icyphy/ptII/ptolemy/actor/lib/test/auto/ScaleMatrix.xml (RunModel)" time="0.095" />
  <testcase classname="ptolemy.util.test.junit.AutoTests" name="[330] /home/travis/build/icyphy/ptII/ptolemy/actor/lib/test/auto/Select.xml (RunModel)" time="0.016" />
  <testcase classname="ptolemy.util.test.junit.AutoTests" name="[331] /home/travis/build/icyphy/ptII/ptolemy/actor/lib/test/auto/Select2.xml (RunModel)" time="0.008" />
  <testcase classname="ptolemy.util.test.junit.AutoTests" name="[332] /home/travis/build/icyphy/ptII/ptolemy/actor/lib/test/auto/SequenceToArray2.xml (RunModel)" time="0.113" />
  <testcase classname="ptolemy.util.test.junit.AutoTests" name="[333] /home/travis/build/icyphy/ptII/ptolemy/actor/lib/test/auto/SequentialClock.xml (RunModel)" time="0.008" />
  <testcase classname="ptolemy.util.test.junit.AutoTests" name="[334] /home/travis/build/icyphy/ptII/ptolemy/actor/lib/test/auto/SetVariable.xml (RunModel)" time="0.01" />
  <testcase classname="ptolemy.util.test.junit.AutoTests" name="[335] /home/travis/build/icyphy/ptII/ptolemy/actor/lib/test/auto/SetVariable2.xml (RunModel)" time="0.012" />
  <testcase classname="ptolemy.util.test.junit.AutoTests" name="[336] /home/travis/build/icyphy/ptII/ptolemy/actor/lib/test/auto/SetVariable3.xml (RunModel)" time="0.01" />
  <testcase classname="ptolemy.util.test.junit.AutoTests" name="[337] /home/travis/build/icyphy/ptII/ptolemy/actor/lib/test/auto/SetVariable4.xml (RunModel)" time="0.028" />
  <testcase classname="ptolemy.util.test.junit.AutoTests" name="[338] /home/travis/build/icyphy/ptII/ptolemy/actor/lib/test/auto/SetVariable5.xml (RunModel)" time="0.028" />
  <testcase classname="ptolemy.util.test.junit.AutoTests" name="[339] /home/travis/build/icyphy/ptII/ptolemy/actor/lib/test/auto/Sinewave.xml (RunModel)" time="0.029" />
  <testcase classname="ptolemy.util.test.junit.AutoTests" name="[340] /home/travis/build/icyphy/ptII/ptolemy/actor/lib/test/auto/Sinewave2.xml (RunModel)" time="0.014" />
  <testcase classname="ptolemy.util.test.junit.AutoTests" name="[341] /home/travis/build/icyphy/ptII/ptolemy/actor/lib/test/auto/Sinewave3.xml (RunModel)" time="0.017" />
  <testcase classname="ptolemy.util.test.junit.AutoTests" name="[342] /home/travis/build/icyphy/ptII/ptolemy/actor/lib/test/auto/SingleEvent.xml (RunModel)" time="0.006" />
  <testcase classname="ptolemy.util.test.junit.AutoTests" name="[343] /home/travis/build/icyphy/ptII/ptolemy/actor/lib/test/auto/Sleep.xml (RunModel)" time="6.012" />
  <testcase classname="ptolemy.util.test.junit.AutoTests" name="[344] /home/travis/build/icyphy/ptII/ptolemy/actor/lib/test/auto/SleepMultipleFire.xml (RunModel)" time="1.015" />
  <testcase classname="ptolemy.util.test.junit.AutoTests" name="[345] /home/travis/build/icyphy/ptII/ptolemy/actor/lib/test/auto/StopDE.xml (RunModel)" time="0.026" />
  <testcase classname="ptolemy.util.test.junit.AutoTests" name="[346] /home/travis/build/icyphy/ptII/ptolemy/actor/lib/test/auto/StopSDF.xml (RunModel)" time="0.013" />
  <testcase classname="ptolemy.util.test.junit.AutoTests" name="[347] /home/travis/build/icyphy/ptII/ptolemy/actor/lib/test/auto/StringConstant.xml (RunModel)" time="0.012" />
  <testcase classname="ptolemy.util.test.junit.AutoTests" name="[348] /home/travis/build/icyphy/ptII/ptolemy/actor/lib/test/auto/SubscriberPortInitialValues1.xml (RunModel)" time="0.019" />
  <testcase classname="ptolemy.util.test.junit.AutoTests" name="[349] /home/travis/build/icyphy/ptII/ptolemy/actor/lib/test/auto/SubscriberPortInitialValues13.xml (RunModel)" time="0.025" />
  <testcase classname="ptolemy.util.test.junit.AutoTests" name="[350] /home/travis/build/icyphy/ptII/ptolemy/actor/lib/test/auto/SubscriberPortInitialValues14.xml (RunModel)" time="0.015" />
  <testcase classname="ptolemy.util.test.junit.AutoTests" name="[351] /home/travis/build/icyphy/ptII/ptolemy/actor/lib/test/auto/SubscriberPortInitialValues2.xml (RunModel)" time="0.015" />
  <testcase classname="ptolemy.util.test.junit.AutoTests" name="[352] /home/travis/build/icyphy/ptII/ptolemy/actor/lib/test/auto/SubscriberPortInitialValues3.xml (RunModel)" time="0.019" />
  <testcase classname="ptolemy.util.test.junit.AutoTests" name="[353] /home/travis/build/icyphy/ptII/ptolemy/actor/lib/test/auto/SubscriptionAggregator.xml (RunModel)" time="0.011" />
  <testcase classname="ptolemy.util.test.junit.AutoTests" name="[354] /home/travis/build/icyphy/ptII/ptolemy/actor/lib/test/auto/SubscriptionAggregator2.xml (RunModel)" time="0.012" />
  <testcase classname="ptolemy.util.test.junit.AutoTests" name="[355] /home/travis/build/icyphy/ptII/ptolemy/actor/lib/test/auto/SubscriptionAggregator3.xml (RunModel)" time="0.021" />
  <testcase classname="ptolemy.util.test.junit.AutoTests" name="[356] /home/travis/build/icyphy/ptII/ptolemy/actor/lib/test/auto/SubscriptionAggregatorMultiply.xml (RunModel)" time="0.021" />
  <testcase classname="ptolemy.util.test.junit.AutoTests" name="[357] /home/travis/build/icyphy/ptII/ptolemy/actor/lib/test/auto/SubscriptionAggregatorPortMultiply1.xml (RunModel)" time="0.015" />
  <testcase classname="ptolemy.util.test.junit.AutoTests" name="[358] /home/travis/build/icyphy/ptII/ptolemy/actor/lib/test/auto/Switch.xml (RunModel)" time="0.023" />
  <testcase classname="ptolemy.util.test.junit.AutoTests" name="[359] /home/travis/build/icyphy/ptII/ptolemy/actor/lib/test/auto/Switch2.xml (RunModel)" time="0.009" />
  <testcase classname="ptolemy.util.test.junit.AutoTests" name="[360] /home/travis/build/icyphy/ptII/ptolemy/actor/lib/test/auto/SwitchDE.xml (RunModel)" time="0.012" />
  <testcase classname="ptolemy.util.test.junit.AutoTests" name="[361] /home/travis/build/icyphy/ptII/ptolemy/actor/lib/test/auto/SynchronizerDE.xml (RunModel)" time="0.019" />
  <testcase classname="ptolemy.util.test.junit.AutoTests" name="[362] /home/travis/build/icyphy/ptII/ptolemy/actor/lib/test/auto/Test.xml (RunModel)" time="0.008" />
  <testcase classname="ptolemy.util.test.junit.AutoTests" name="[363] /home/travis/build/icyphy/ptII/ptolemy/actor/lib/test/auto/TestExceptionAttribute1.xml (RunModel)" time="0.005" />
  <testcase classname="ptolemy.util.test.junit.AutoTests" name="[364] /home/travis/build/icyphy/ptII/ptolemy/actor/lib/test/auto/TestExceptionAttribute2.xml (RunModel)" time="0.005" />
  <testcase classname="ptolemy.util.test.junit.AutoTests" name="[365] /home/travis/build/icyphy/ptII/ptolemy/actor/lib/test/auto/TestExceptionAttribute3.xml (RunModel)" time="0.005" />
  <testcase classname="ptolemy.util.test.junit.AutoTests" name="[366] /home/travis/build/icyphy/ptII/ptolemy/actor/lib/test/auto/TestExceptionAttribute4.xml (RunModel)" time="0.005" />
  <testcase classname="ptolemy.util.test.junit.AutoTests" name="[367] /home/travis/build/icyphy/ptII/ptolemy/actor/lib/test/auto/TestExceptionHandler1.xml (RunModel)" time="0.005" />
  <testcase classname="ptolemy.util.test.junit.AutoTests" name="[368] /home/travis/build/icyphy/ptII/ptolemy/actor/lib/test/auto/TestExceptionHandler2.xml (RunModel)" time="0.006" />
  <testcase classname="ptolemy.util.test.junit.AutoTests" name="[369] /home/travis/build/icyphy/ptII/ptolemy/actor/lib/test/auto/TestExceptionHandler3.xml (RunModel)" time="0.006" />
  <testcase classname="ptolemy.util.test.junit.AutoTests" name="[370] /home/travis/build/icyphy/ptII/ptolemy/actor/lib/test/auto/TestExceptionHandler4.xml (RunModel)" time="0.006" />
  <testcase classname="ptolemy.util.test.junit.AutoTests" name="[371] /home/travis/build/icyphy/ptII/ptolemy/actor/lib/test/auto/TestRequireCorrectOrder.xml (RunModel)" time="0.008" />
  <testcase classname="ptolemy.util.test.junit.AutoTests" name="[372] /home/travis/build/icyphy/ptII/ptolemy/actor/lib/test/auto/TestSimple.xml (RunModel)" time="0.006" />
  <testcase classname="ptolemy.util.test.junit.AutoTests" name="[373] /home/travis/build/icyphy/ptII/ptolemy/actor/lib/test/auto/ThrowModelError.xml (RunModel)" time="0.009" />
  <testcase classname="ptolemy.util.test.junit.AutoTests" name="[374] /home/travis/build/icyphy/ptII/ptolemy/actor/lib/test/auto/TimeDelayMicrosteps.xml (RunModel)" time="0.012" />
  <testcase classname="ptolemy.util.test.junit.AutoTests" name="[375] /home/travis/build/icyphy/ptII/ptolemy/actor/lib/test/auto/TimeDelayMicrosteps2.xml (RunModel)" time="0.014" />
  <testcase classname="ptolemy.util.test.junit.AutoTests" name="[376] /home/travis/build/icyphy/ptII/ptolemy/actor/lib/test/auto/TimeDelayMicrosteps3.xml (RunModel)" time="0.013" />
  <testcase classname="ptolemy.util.test.junit.AutoTests" name="[377] /home/travis/build/icyphy/ptII/ptolemy/actor/lib/test/auto/TimeDelayVariableMicrosteps.xml (RunModel)" time="0.012" />
  <testcase classname="ptolemy.util.test.junit.AutoTests" name="[378] /home/travis/build/icyphy/ptII/ptolemy/actor/lib/test/auto/TimeGap.xml (RunModel)" time="0.011" />
  <testcase classname="ptolemy.util.test.junit.AutoTests" name="[379] /home/travis/build/icyphy/ptII/ptolemy/actor/lib/test/auto/TimeGap2.xml (RunModel)" time="0.011" />
  <testcase classname="ptolemy.util.test.junit.AutoTests" name="[380] /home/travis/build/icyphy/ptII/ptolemy/actor/lib/test/auto/TimedSinewave.xml (RunModel)" time="0.042" />
  <testcase classname="ptolemy.util.test.junit.AutoTests" name="[381] /home/travis/build/icyphy/ptII/ptolemy/actor/lib/test/auto/TimedSinewavePhase.xml (RunModel)" time="0.021" />
  <testcase classname="ptolemy.util.test.junit.AutoTests" name="[382] /home/travis/build/icyphy/ptII/ptolemy/actor/lib/test/auto/Timer.xml (RunModel)" time="0.011" />
  <testcase classname="ptolemy.util.test.junit.AutoTests" name="[383] /home/travis/build/icyphy/ptII/ptolemy/actor/lib/test/auto/TriangularDistTestModel.xml (RunModel)" time="0.013" />
  <testcase classname="ptolemy.util.test.junit.AutoTests" name="[384] /home/travis/build/icyphy/ptII/ptolemy/actor/lib/test/auto/TrigFunction.xml (RunModel)" time="0.008" />
  <testcase classname="ptolemy.util.test.junit.AutoTests" name="[385] /home/travis/build/icyphy/ptII/ptolemy/actor/lib/test/auto/TrigFunctionDE.xml (RunModel)" time="0.011" />
  <testcase classname="ptolemy.util.test.junit.AutoTests" name="[386] /home/travis/build/icyphy/ptII/ptolemy/actor/lib/test/auto/TrigFunctionInverse.xml (RunModel)" time="0.009" />
  <testcase classname="ptolemy.util.test.junit.AutoTests" name="[387] /home/travis/build/icyphy/ptII/ptolemy/actor/lib/test/auto/TrigFunctionTan.xml (RunModel)" time="0.007" />
  <testcase classname="ptolemy.util.test.junit.AutoTests" name="[388] /home/travis/build/icyphy/ptII/ptolemy/actor/lib/test/auto/TriggeredClock.xml (RunModel)" time="0.008" />
  <testcase classname="ptolemy.util.test.junit.AutoTests" name="[389] /home/travis/build/icyphy/ptII/ptolemy/actor/lib/test/auto/URLDirectoryReader.xml (RunModel)" time="0.088" />
  <testcase classname="ptolemy.util.test.junit.AutoTests" name="[390] /home/travis/build/icyphy/ptII/ptolemy/actor/lib/test/auto/URLDirectoryReader3.xml (RunModel)" time="1.364" />
  <testcase classname="ptolemy.util.test.junit.AutoTests" name="[391] /home/travis/build/icyphy/ptII/ptolemy/actor/lib/test/auto/UnaryMathFunction.xml (RunModel)" time="0.06" />
  <testcase classname="ptolemy.util.test.junit.AutoTests" name="[392] /home/travis/build/icyphy/ptII/ptolemy/actor/lib/test/auto/Uniform.xml (RunModel)" time="0.048" />
  <testcase classname="ptolemy.util.test.junit.AutoTests" name="[393] /home/travis/build/icyphy/ptII/ptolemy/actor/lib/test/auto/UnionDisassemblerTest.xml (RunModel)" time="0.04" />
  <testcase classname="ptolemy.util.test.junit.AutoTests" name="[394] /home/travis/build/icyphy/ptII/ptolemy/actor/lib/test/auto/UtilityFunctions.xml (RunModel)" time="0.031" />
  <testcase classname="ptolemy.util.test.junit.AutoTests" name="[395] /home/travis/build/icyphy/ptII/ptolemy/actor/lib/test/auto/VariableSleep.xml (RunModel)" time="0.533" />
  <testcase classname="ptolemy.util.test.junit.AutoTests" name="[396] /home/travis/build/icyphy/ptII/ptolemy/actor/lib/test/auto/VectorAssemblerDisassemblerCT.xml (RunModel)" time="0.108" />
  <testcase classname="ptolemy.util.test.junit.AutoTests" name="[397] /home/travis/build/icyphy/ptII/ptolemy/actor/lib/test/auto/VectorAssemblerDisassemblerDE.xml (RunModel)" time="0.014" />
  <testcase classname="ptolemy.util.test.junit.AutoTests" name="[398] /home/travis/build/icyphy/ptII/ptolemy/actor/lib/test/auto/VectorAssemblerDisassemblerSDF.xml (RunModel)" time="0.013" />
  <testcase classname="ptolemy.util.test.junit.AutoTests" name="[399] /home/travis/build/icyphy/ptII/ptolemy/actor/lib/test/auto/WallClockTime.xml (RunModel)" time="1.016" />
  <testcase classname="ptolemy.util.test.junit.AutoTests" name="[400] /home/travis/build/icyphy/ptII/ptolemy/actor/lib/test/auto/WidthTestWithSubscriberPublisher.xml (RunModel)" time="0.08" />
  <testcase classname="ptolemy.util.test.junit.AutoTests" name="[401] /home/travis/build/icyphy/ptII/ptolemy/actor/lib/test/auto/WidthTestWithSubscriberPublisher2.xml (RunModel)" time="0.015" />
  <testcase classname="ptolemy.util.test.junit.AutoTests" name="[402] /home/travis/build/icyphy/ptII/ptolemy/actor/lib/test/auto/WidthTestWithSubscriberPublisher3.xml (RunModel)" time="0.014" />
  <testcase classname="ptolemy.util.test.junit.AutoTests" name="[403] /home/travis/build/icyphy/ptII/ptolemy/actor/lib/test/auto/Writer.xml (RunModel)" time="0.007" />
  <testcase classname="ptolemy.util.test.junit.AutoTests" name="[404] /home/travis/build/icyphy/ptII/ptolemy/actor/lib/test/auto/array.xml (RunModel)" time="0.008" />
  <testcase classname="ptolemy.util.test.junit.AutoTests" name="[405] /home/travis/build/icyphy/ptII/ptolemy/actor/lib/test/auto/array2.xml (RunModel)" time="0.013" />
  <testcase classname="ptolemy.util.test.junit.AutoTests" name="[406] /home/travis/build/icyphy/ptII/ptolemy/actor/lib/test/auto/arrayType.xml (RunModel)" time="0.015" />
  <testcase classname="ptolemy.util.test.junit.AutoTests" name="[407] /home/travis/build/icyphy/ptII/ptolemy/actor/lib/test/auto/arrayType10.xml (RunModel)" time="0.01" />
  <testcase classname="ptolemy.util.test.junit.AutoTests" name="[408] /home/travis/build/icyphy/ptII/ptolemy/actor/lib/test/auto/arrayType11.xml (RunModel)" time="0.009" />
  <testcase classname="ptolemy.util.test.junit.AutoTests" name="[409] /home/travis/build/icyphy/ptII/ptolemy/actor/lib/test/auto/arrayType12.xml (RunModel)" time="0.009" />
  <testcase classname="ptolemy.util.test.junit.AutoTests" name="[410] /home/travis/build/icyphy/ptII/ptolemy/actor/lib/test/auto/arrayType13.xml (RunModel)" time="0.009" />
  <testcase classname="ptolemy.util.test.junit.AutoTests" name="[411] /home/travis/build/icyphy/ptII/ptolemy/actor/lib/test/auto/arrayType14.xml (RunModel)" time="0.01" />
  <testcase classname="ptolemy.util.test.junit.AutoTests" name="[412] /home/travis/build/icyphy/ptII/ptolemy/actor/lib/test/auto/arrayType15.xml (RunModel)" time="0.009" />
  <testcase classname="ptolemy.util.test.junit.AutoTests" name="[413] /home/travis/build/icyphy/ptII/ptolemy/actor/lib/test/auto/arrayType16.xml (RunModel)" time="0.009" />
  <testcase classname="ptolemy.util.test.junit.AutoTests" name="[414] /home/travis/build/icyphy/ptII/ptolemy/actor/lib/test/auto/arrayType17.xml (RunModel)" time="0.01" />
  <testcase classname="ptolemy.util.test.junit.AutoTests" name="[415] /home/travis/build/icyphy/ptII/ptolemy/actor/lib/test/auto/arrayType18.xml (RunModel)" time="0.013" />
  <testcase classname="ptolemy.util.test.junit.AutoTests" name="[416] /home/travis/build/icyphy/ptII/ptolemy/actor/lib/test/auto/arrayType19.xml (RunModel)" time="0.008" />
  <testcase classname="ptolemy.util.test.junit.AutoTests" name="[417] /home/travis/build/icyphy/ptII/ptolemy/actor/lib/test/auto/arrayType2.xml (RunModel)" time="0.009" />
  <testcase classname="ptolemy.util.test.junit.AutoTests" name="[418] /home/travis/build/icyphy/ptII/ptolemy/actor/lib/test/auto/arrayType20.xml (RunModel)" time="0.009" />
  <testcase classname="ptolemy.util.test.junit.AutoTests" name="[419] /home/travis/build/icyphy/ptII/ptolemy/actor/lib/test/auto/arrayType21.xml (RunModel)" time="0.008" />
  <testcase classname="ptolemy.util.test.junit.AutoTests" name="[420] /home/travis/build/icyphy/ptII/ptolemy/actor/lib/test/auto/arrayType22.xml (RunModel)" time="0.009" />
  <testcase classname="ptolemy.util.test.junit.AutoTests" name="[421] /home/travis/build/icyphy/ptII/ptolemy/actor/lib/test/auto/arrayType23.xml (RunModel)" time="0.013" />
  <testcase classname="ptolemy.util.test.junit.AutoTests" name="[422] /home/travis/build/icyphy/ptII/ptolemy/actor/lib/test/auto/arrayType24.xml (RunModel)" time="0.01" />
  <testcase classname="ptolemy.util.test.junit.AutoTests" name="[423] /home/travis/build/icyphy/ptII/ptolemy/actor/lib/test/auto/arrayType25.xml (RunModel)" time="0.01" />
  <testcase classname="ptolemy.util.test.junit.AutoTests" name="[424] /home/travis/build/icyphy/ptII/ptolemy/actor/lib/test/auto/arrayType26.xml (RunModel)" time="0.009" />
  <testcase classname="ptolemy.util.test.junit.AutoTests" name="[425] /home/travis/build/icyphy/ptII/ptolemy/actor/lib/test/auto/arrayType27.xml (RunModel)" time="0.01" />
  <testcase classname="ptolemy.util.test.junit.AutoTests" name="[426] /home/travis/build/icyphy/ptII/ptolemy/actor/lib/test/auto/arrayType28.xml (RunModel)" time="0.009" />
  <testcase classname="ptolemy.util.test.junit.AutoTests" name="[427] /home/travis/build/icyphy/ptII/ptolemy/actor/lib/test/auto/arrayType3.xml (RunModel)" time="0.01" />
  <testcase classname="ptolemy.util.test.junit.AutoTests" name="[428] /home/travis/build/icyphy/ptII/ptolemy/actor/lib/test/auto/arrayType4.xml (RunModel)" time="0.009" />
  <testcase classname="ptolemy.util.test.junit.AutoTests" name="[429] /home/travis/build/icyphy/ptII/ptolemy/actor/lib/test/auto/arrayType5.xml (RunModel)" time="0.012" />
  <testcase classname="ptolemy.util.test.junit.AutoTests" name="[430] /home/travis/build/icyphy/ptII/ptolemy/actor/lib/test/auto/arrayType6.xml (RunModel)" time="0.022" />
  <testcase classname="ptolemy.util.test.junit.AutoTests" name="[431] /home/travis/build/icyphy/ptII/ptolemy/actor/lib/test/auto/arrayType7.xml (RunModel)" time="0.008" />
  <testcase classname="ptolemy.util.test.junit.AutoTests" name="[432] /home/travis/build/icyphy/ptII/ptolemy/actor/lib/test/auto/arrayType8.xml (RunModel)" time="0.01" />
  <testcase classname="ptolemy.util.test.junit.AutoTests" name="[433] /home/travis/build/icyphy/ptII/ptolemy/actor/lib/test/auto/arrayType9.xml (RunModel)" time="0.015" />
  <testcase classname="ptolemy.util.test.junit.AutoTests" name="[434] /home/travis/build/icyphy/ptII/ptolemy/actor/lib/test/auto/cast.xml (RunModel)" time="0.008" />
  <testcase classname="ptolemy.util.test.junit.AutoTests" name="[435] /home/travis/build/icyphy/ptII/ptolemy/actor/lib/test/auto/compositeMultiPort.xml (RunModel)" time="0.02" />
  <testcase classname="ptolemy.util.test.junit.AutoTests" name="[436] /home/travis/build/icyphy/ptII/ptolemy/actor/lib/test/auto/expressionCastInference.xml (RunModel)" time="0.008" />
  <testcase classname="ptolemy.util.test.junit.AutoTests" name="[437] /home/travis/build/icyphy/ptII/ptolemy/actor/lib/test/auto/expressionCastInference2.xml (RunModel)" time="0.008" />
  <testcase classname="ptolemy.util.test.junit.AutoTests" name="[438] /home/travis/build/icyphy/ptII/ptolemy/actor/lib/test/auto/expressionInference.xml (RunModel)" time="0.007" />
  <testcase classname="ptolemy.util.test.junit.AutoTests" name="[439] /home/travis/build/icyphy/ptII/ptolemy/actor/lib/test/auto/expression_bug.xml (RunModel)" time="0.008" />
  <testcase classname="ptolemy.util.test.junit.AutoTests" name="[440] /home/travis/build/icyphy/ptII/ptolemy/actor/lib/test/auto/factorial.xml (RunModel)" time="0.053" />
  <testcase classname="ptolemy.util.test.junit.AutoTests" name="[441] /home/travis/build/icyphy/ptII/ptolemy/actor/lib/test/auto/filterTest1.xml (RunModel)" time="0.014" />
  <testcase classname="ptolemy.util.test.junit.AutoTests" name="[442] /home/travis/build/icyphy/ptII/ptolemy/actor/lib/test/auto/funcApplyInConst.xml (RunModel)" time="0.008" />
  <testcase classname="ptolemy.util.test.junit.AutoTests" name="[443] /home/travis/build/icyphy/ptII/ptolemy/actor/lib/test/auto/funcApplyInExpr.xml (RunModel)" time="0.005" />
  <testcase classname="ptolemy.util.test.junit.AutoTests" name="[444] /home/travis/build/icyphy/ptII/ptolemy/actor/lib/test/auto/function.xml (RunModel)" time="0.01" />
  <testcase classname="ptolemy.util.test.junit.AutoTests" name="[445] /home/travis/build/icyphy/ptII/ptolemy/actor/lib/test/auto/function2.xml (RunModel)" time="0.008" />
  <testcase classname="ptolemy.util.test.junit.AutoTests" name="[446] /home/travis/build/icyphy/ptII/ptolemy/actor/lib/test/auto/function3.xml (RunModel)" time="0.007" />
  <testcase classname="ptolemy.util.test.junit.AutoTests" name="[447] /home/travis/build/icyphy/ptII/ptolemy/actor/lib/test/auto/functionClosureTest1.xml (RunModel)" time="0.012" />
  <testcase classname="ptolemy.util.test.junit.AutoTests" name="[448] /home/travis/build/icyphy/ptII/ptolemy/actor/lib/test/auto/functionClosureTest2.xml (RunModel)" time="0.007" />
  <testcase classname="ptolemy.util.test.junit.AutoTests" name="[449] /home/travis/build/icyphy/ptII/ptolemy/actor/lib/test/auto/functionClosureTest3.xml (RunModel)" time="0.009" />
  <testcase classname="ptolemy.util.test.junit.AutoTests" name="[450] /home/travis/build/icyphy/ptII/ptolemy/actor/lib/test/auto/functionClosureTest4.xml (RunModel)" time="0.019" />
  <testcase classname="ptolemy.util.test.junit.AutoTests" name="[451] /home/travis/build/icyphy/ptII/ptolemy/actor/lib/test/auto/functionClosureTest5.xml (RunModel)" time="0.012" />
  <testcase classname="ptolemy.util.test.junit.AutoTests" name="[452] /home/travis/build/icyphy/ptII/ptolemy/actor/lib/test/auto/functionClosureTest6.xml (RunModel)" time="0.008" />
  <testcase classname="ptolemy.util.test.junit.AutoTests" name="[453] /home/travis/build/icyphy/ptII/ptolemy/actor/lib/test/auto/functionsOnArcs.xml (RunModel)" time="0.009" />
  <testcase classname="ptolemy.util.test.junit.AutoTests" name="[454] /home/travis/build/icyphy/ptII/ptolemy/actor/lib/test/auto/functionsOnArcsHOF.xml (RunModel)" time="0.014" />
  <testcase classname="ptolemy.util.test.junit.AutoTests" name="[455] /home/travis/build/icyphy/ptII/ptolemy/actor/lib/test/auto/logic.xml (RunModel)" time="0.018" />
  <testcase classname="ptolemy.util.test.junit.AutoTests" name="[456] /home/travis/build/icyphy/ptII/ptolemy/actor/lib/test/auto/matrixType.xml (RunModel)" time="0.009" />
  <testcase classname="ptolemy.util.test.junit.AutoTests" name="[457] /home/travis/build/icyphy/ptII/ptolemy/actor/lib/test/auto/matrixType10.xml (RunModel)" time="0.009" />
  <testcase classname="ptolemy.util.test.junit.AutoTests" name="[458] /home/travis/build/icyphy/ptII/ptolemy/actor/lib/test/auto/matrixType11.xml (RunModel)" time="0.008" />
  <testcase classname="ptolemy.util.test.junit.AutoTests" name="[459] /home/travis/build/icyphy/ptII/ptolemy/actor/lib/test/auto/matrixType12.xml (RunModel)" time="0.01" />
  <testcase classname="ptolemy.util.test.junit.AutoTests" name="[460] /home/travis/build/icyphy/ptII/ptolemy/actor/lib/test/auto/matrixType13.xml (RunModel)" time="0.009" />
  <testcase classname="ptolemy.util.test.junit.AutoTests" name="[461] /home/travis/build/icyphy/ptII/ptolemy/actor/lib/test/auto/matrixType14.xml (RunModel)" time="0.01" />
  <testcase classname="ptolemy.util.test.junit.AutoTests" name="[462] /home/travis/build/icyphy/ptII/ptolemy/actor/lib/test/auto/matrixType2.xml (RunModel)" time="0.011" />
  <testcase classname="ptolemy.util.test.junit.AutoTests" name="[463] /home/travis/build/icyphy/ptII/ptolemy/actor/lib/test/auto/matrixType3.xml (RunModel)" time="0.008" />
  <testcase classname="ptolemy.util.test.junit.AutoTests" name="[464] /home/travis/build/icyphy/ptII/ptolemy/actor/lib/test/auto/matrixType4.xml (RunModel)" time="0.008" />
  <testcase classname="ptolemy.util.test.junit.AutoTests" name="[465] /home/travis/build/icyphy/ptII/ptolemy/actor/lib/test/auto/matrixType5.xml (RunModel)" time="0.008" />
  <testcase classname="ptolemy.util.test.junit.AutoTests" name="[466] /home/travis/build/icyphy/ptII/ptolemy/actor/lib/test/auto/matrixType6.xml (RunModel)" time="0.007" />
  <testcase classname="ptolemy.util.test.junit.AutoTests" name="[467] /home/travis/build/icyphy/ptII/ptolemy/actor/lib/test/auto/matrixType7.xml (RunModel)" time="0.008" />
  <testcase classname="ptolemy.util.test.junit.AutoTests" name="[468] /home/travis/build/icyphy/ptII/ptolemy/actor/lib/test/auto/matrixType8.xml (RunModel)" time="0.008" />
  <testcase classname="ptolemy.util.test.junit.AutoTests" name="[469] /home/travis/build/icyphy/ptII/ptolemy/actor/lib/test/auto/matrixType9.xml (RunModel)" time="0.007" />
  <testcase classname="ptolemy.util.test.junit.AutoTests" name="[470] /home/travis/build/icyphy/ptII/ptolemy/actor/lib/test/auto/paraFunctest.xml (RunModel)" time="0.01" />
  <testcase classname="ptolemy.util.test.junit.AutoTests" name="[471] /home/travis/build/icyphy/ptII/ptolemy/actor/lib/test/auto/paraFunctest2.xml (RunModel)" time="0.007" />
  <testcase classname="ptolemy.util.test.junit.AutoTests" name="[472] /home/travis/build/icyphy/ptII/ptolemy/actor/lib/test/auto/parameterPassing.xml (RunModel)" time="0.008" />
  <testcase classname="ptolemy.util.test.junit.AutoTests" name="[473] /home/travis/build/icyphy/ptII/ptolemy/actor/lib/test/auto/record.xml (RunModel)" time="0.009" />
  <testcase classname="ptolemy.util.test.junit.AutoTests" name="[474] /home/travis/build/icyphy/ptII/ptolemy/actor/lib/test/auto/sizedarray1.xml (RunModel)" time="0.009" />
  <testcase classname="ptolemy.util.test.junit.AutoTests" name="[475] /home/travis/build/icyphy/ptII/ptolemy/actor/lib/test/auto/sizedarray2.xml (RunModel)" time="0.009" />
  <testcase classname="ptolemy.util.test.junit.AutoTests" name="[476] /home/travis/build/icyphy/ptII/ptolemy/actor/lib/test/auto/twoPublishers.xml (RunModel)" time="0.018" />
  <system-out><![CDATA[/home/travis/build/icyphy/ptII/ptolemy/actor/lib/test/AbsoluteValue.tcl
testDefs.tcl: setting time out to 9000 seconds at Wed Jun 06 21:16:08 UTC 2018
74 ms. Memory: 116224K Free: 107923K (93%)
4 ms. Memory: 116224K Free: 106736K (92%)
5 ms. Memory: 116224K Free: 106131K (91%)
4 ms. Memory: 116224K Free: 104936K (90%)
/home/travis/build/icyphy/ptII/ptolemy/actor/lib/test/AddSubtract.tcl
16 ms. Memory: 116224K Free: 103128K (89%)
12 ms. Memory: 116224K Free: 102523K (88%)
4 ms. Memory: 116224K Free: 101337K (87%)
12 ms. Memory: 116224K Free: 100731K (87%)
13 ms. Memory: 116224K Free: 100126K (86%)
12 ms. Memory: 116224K Free: 99521K (86%)
/home/travis/build/icyphy/ptII/ptolemy/actor/lib/test/Average.tcl
7 ms. Memory: 116224K Free: 97726K (84%)
15 ms. Memory: 116224K Free: 95918K (83%)
/home/travis/build/icyphy/ptII/ptolemy/actor/lib/test/Bernoulli.tcl
4 ms. Memory: 116224K Free: 94696K (81%)
1 ms. Memory: 116224K Free: 94106K (81%)
/home/travis/build/icyphy/ptII/ptolemy/actor/lib/test/Clock.tcl
preinitializing
resolving types
initializing
executing number 1
wrapping up
idle
10 ms. Memory: 116224K Free: 91701K (79%)
Completed execution with 5 iterations
preinitializing
resolving types
initializing
executing number 1
wrapping up
idle
3 ms. Memory: 116224K Free: 91111K (78%)
Completed execution with 5 iterations
preinitializing
resolving types
initializing
executing number 1
wrapping up
idle
3 ms. Memory: 116224K Free: 90498K (78%)
Completed execution with 5 iterations
/home/travis/build/icyphy/ptII/ptolemy/actor/lib/test/Commutator.tcl
6 ms. Memory: 116224K Free: 88730K (76%)
6 ms. Memory: 116224K Free: 87535K (75%)
20 ms. Memory: 116224K Free: 82569K (71%)
/home/travis/build/icyphy/ptII/ptolemy/actor/lib/test/Const.tcl
4 ms. Memory: 116224K Free: 81137K (70%)
18 ms. Memory: 116224K Free: 110622K (95%)
5 ms. Memory: 116224K Free: 110008K (95%)
2 ms. Memory: 116224K Free: 109394K (94%)
1 ms. Memory: 116224K Free: 108780K (94%)
14 ms. Memory: 116224K Free: 106954K (92%)
4 ms. Memory: 116224K Free: 105741K (91%)
3 ms. Memory: 116224K Free: 104521K (90%)
/home/travis/build/icyphy/ptII/ptolemy/actor/lib/test/CurrentTime.tcl
preinitializing
resolving types
initializing
executing number 1
wrapping up
idle
8 ms. Memory: 116224K Free: 102711K (88%)
Completed execution with 11 iterations
/home/travis/build/icyphy/ptII/ptolemy/actor/lib/test/DB.tcl
8 ms. Memory: 116224K Free: 100893K (87%)
1 ms. Memory: 116224K Free: 100255K (86%)
10 ms. Memory: 116224K Free: 99625K (86%)
/home/travis/build/icyphy/ptII/ptolemy/actor/lib/test/DiscreteRandomSource.tcl
preinitializing
resolving types
initializing
executing number 1
wrapping up
idle
9 ms. Memory: 116224K Free: 98412K (85%)
Completed execution with 4 iterations
preinitializing
resolving types
initializing
executing number 1
wrapping up
idle
5 ms. Memory: 116224K Free: 97798K (84%)
Completed execution with 4 iterations
preinitializing
resolving types
initializing
executing number 1
wrapping up
idle
12 ms. Memory: 116224K Free: 97184K (84%)
Completed execution with 4 iterations
preinitializing
resolving types
initializing
executing number 1
wrapping up
idle
3 ms. Memory: 116224K Free: 97184K (84%)
Completed execution with 4 iterations
preinitializing
resolving types
initializing
executing number 1
wrapping up
idle
6 ms. Memory: 116224K Free: 96546K (83%)
Completed execution with 4 iterations
/home/travis/build/icyphy/ptII/ptolemy/actor/lib/test/Distributor.tcl
5 ms. Memory: 116224K Free: 94720K (81%)
9 ms. Memory: 116224K Free: 94098K (81%)
StreamChangeRequest.changeExecuted(): <deleteEntity name="rec2"/> succeeded
StreamChangeRequest.changeExecuted(): <deleteRelation name="r2"/> succeeded
StreamChangeRequest.changeExecuted(): Record firings per iteration succeeded
5 ms. Memory: 116224K Free: 91626K (79%)
/home/travis/build/icyphy/ptII/ptolemy/actor/lib/test/Exit.tcl
Exit.tcl: this will print a message about Manager.exitAfterWrapup, which can be ignored.
2 ms. Memory: 116224K Free: 87957K (76%)
/home/travis/build/icyphy/ptII/ptolemy/actor/lib/test/Expression.tcl
5 ms. Memory: 116224K Free: 85508K (74%)
3 ms. Memory: 116224K Free: 84878K (73%)
2 ms. Memory: 116224K Free: 84279K (73%)
preinitializing
resolving types
initializing
executing number 1
wrapping up
idle
8 ms. Memory: 116224K Free: 83067K (71%)
Completed execution with 6 iterations
8 ms. Memory: 116224K Free: 81863K (70%)
12 ms. Memory: 116224K Free: 81339K (70%)
14 ms. Memory: 116224K Free: 110145K (95%)
4 ms. Memory: 116224K Free: 108823K (94%)
10 ms. Memory: 116224K Free: 107639K (93%)
/home/travis/build/icyphy/ptII/ptolemy/actor/lib/test/Gaussian.tcl
10 ms. Memory: 116224K Free: 105855K (91%)
sleeping 1 seconds: ..............................................................................................................................................................................................................................................................................................................................................................................................................................................................................................................................................................................................................................................................................................................................................................................................................................................................................................................................................................................................................................................................................................................................................................................................................................................................................................................................................................................................................................................................................................................................................................................................................................................................................................................................................................................................................................................................................................................................................................................................................................................................................................................................................................................................................................................................................................................................................................................................................................................................................................................................................................................................................................................................................................................................................................................................................................................................................................................................................................................................................................................................................................................................................................................................................................................................................................................................................................................................................................................................................................................................................................................................................................................................................................................................................................................................................................................................................................................................................................................................................................................................................................................................................................................................................................................................................................................................................................................................................................................................................................................................................................................................................................................................................................................................................................................................................................................................................................................................................................................................................................................................................................................................................................................................................................................................................................................................................................................................................................................................................................................................................................................................................................................................................................................................................................................................................................................................................................................................................................................................................................................................................................................................................................................................................................................................................................................................................................................................................................................................................................................................................................................................................................................................................................................................................................................................................................................................................................................................................................................................................................................................................................................................................................................................................................................................................................................................................................................................................................................................................................................................................................................................................................................................................................................................................................................................................................................................................................................................................................................................................................................................................................................................................................................................................................................................................................................................................................................................................................................................................................................................................................................................................................................................................................................................................................................................................................................................................................................................................................................................................................................................................................................................................................................................................................................................................................................................................................................................................................................................................................................................................................................................................................................................................................................................................................................................................................................................................................................................................................................................................................................................................................................................................................................................................................................................................................................................................................................................................................................................................................................................................................................................................................................................................................................................................................................................................................................................................................................................................................................................................................................................................................................................................................................................................................................................................................................................................................................................................................................................................................................................................................................................................................................................................................................................................................................................................................................................................................................................................................................................................................................................................................................................................................................................................................................................................................................................................................................................................................................................................................................................................................................................................................................................................................................................................................................................................................................................................................................................................................................................................................................................................................................................................................................................................................................................................................................................................................................................................................................................................................................................................................................................................................................................................................................................................................................................................................................................................................................................................................................................................................................................................................................................................................................................................................................................................................................................................................................................................................................................................................................................................................................................................................................................................................................................................................................................................................................................................................................................................................................................................................................................................................................................................................................................................................................................................................................................................................................................................................................................................................................................................................................................................................................................................................................................................................................................................................................................................................................................................................................................................................................................................................................................................................................................................................................................................................................................................................................................................................................................................................................................................................................................................................................................................................................................................................................................................................................................................................................................................................................................................................................................................................................................................................................................................................................................................................................................................................................................................................................................................................................................................................................................................................................................................................................................................................................................................................................................................................................................................................................................................................................................................................................................................................................................................................................................................................................................................................................................................................................................................................................................................................................................................................................................................................................................................................................................................................................................................................................................................................................................................................................................................................................................................................................................................................................................................................................................................................................................................................................................................................................................................................................................................................................................................................................................................................................................................................................................................................................................................................................................................................................................................................................................................................................................................................................................................................................................................................................................................................................................................................................................................................................................................................................................................................................................................................................................................................................................................................................................................................................................................................................................................................................................................................................................................................................................................................................................................................................................................................................................................................................................................................................................................................................................................................................................................................................................................................................................................................................................................................................................................................................................................................................................................................................................................................................................................................................................................................................................................................................................................................................................................................................................................................................................................................................................................................................................................................................................................................................................................................................................................................................................................................................................................................................................................................................................................................................................................................................................................................................................................................................................................................................................................................................................................................................................................................................................................................................................................................................................................................................................................................................................................................................................................................................................................................................................................................................................................................................................................................................................................................................................................................................................................................................................................................................................................................................................................................................................................................................................................................................................................................................................................................................................................................................................................................................................................................................................................................................................................................................................................................................................................................................................................................................................................................................................................................................................................................................................................................................................................................................................................................................................................................................................................................................................................................................................................................................................................................................................................................................................................................................................................................................................................................................................................................................................................................................................................................................................................................................................................................................................................................................................................................................................................................................................................................................................................................................................................................................................................................................................................................................................................................................................................................................................................................................................................................................................................................................................................................................................................................................................................................................................................................................................................................................................................................................................................................................................................................................................................................................................................................................................................................................................................................................................................................................................................................................................................................................................................................................................................................................................................................................................................................................................................................................................................................................................................................................................................................................................................................................................................................................................................................................................................................................................................................................................................................................................................................................................................................................................................................................................................................................................................................................................................................................................................................................................................................................................................................................................................................................................................................................................................................................................................................................................................................................................................................................................................................................................................................................................................................................................................................................................................................................................................................................................................................................................................................................................................................................................................................................................................................................................................................................................4 ms. Memory: 146944K Free: 100752K (69%)
3 ms. Memory: 146944K Free: 100752K (69%)
3 ms. Memory: 146944K Free: 99533K (68%)
7 ms. Memory: 146944K Free: 99533K (68%)
4 ms. Memory: 146944K Free: 98329K (67%)
/home/travis/build/icyphy/ptII/ptolemy/actor/lib/test/IIR.tcl
/home/travis/build/icyphy/ptII/ptolemy/actor/lib/test/Interpolator.tcl
3 ms. Memory: 146944K Free: 94719K (64%)
2 ms. Memory: 146944K Free: 93515K (64%)
2 ms. Memory: 146944K Free: 93515K (64%)
2 ms. Memory: 146944K Free: 92312K (63%)
2 ms. Memory: 146944K Free: 91109K (62%)
2 ms. Memory: 146944K Free: 91109K (62%)
9 ms. Memory: 146944K Free: 89906K (61%)
3 ms. Memory: 146944K Free: 88702K (60%)
2 ms. Memory: 146944K Free: 88702K (60%)
2 ms. Memory: 146944K Free: 87499K (60%)
/home/travis/build/icyphy/ptII/ptolemy/actor/lib/test/MathFunction.tcl
4 ms. Memory: 146944K Free: 85093K (58%)
2 ms. Memory: 146944K Free: 83890K (57%)
2 ms. Memory: 146944K Free: 82686K (56%)
2 ms. Memory: 146944K Free: 82686K (56%)
4 ms. Memory: 146944K Free: 80406K (55%)
17 ms. Memory: 208384K Free: 200400K (96%)
/home/travis/build/icyphy/ptII/ptolemy/actor/lib/test/Maximum.tcl
4 ms. Memory: 208384K Free: 197767K (95%)
2 ms. Memory: 208384K Free: 197767K (95%)
2 ms. Memory: 208384K Free: 197767K (95%)
2 ms. Memory: 208384K Free: 195353K (94%)
/home/travis/build/icyphy/ptII/ptolemy/actor/lib/test/Minimum.tcl
3 ms. Memory: 208384K Free: 195353K (94%)
1 ms. Memory: 208384K Free: 192939K (93%)
2 ms. Memory: 208384K Free: 192939K (93%)
2 ms. Memory: 208384K Free: 192939K (93%)
/home/travis/build/icyphy/ptII/ptolemy/actor/lib/test/MultiplyDivide.tcl
5 ms. Memory: 208384K Free: 190524K (91%)
2 ms. Memory: 208384K Free: 190524K (91%)
2 ms. Memory: 208384K Free: 188110K (90%)
3 ms. Memory: 208384K Free: 188110K (90%)
3 ms. Memory: 208384K Free: 188110K (90%)
/home/travis/build/icyphy/ptII/ptolemy/actor/lib/test/OrderedMerge.tcl
Connections changed on port: inputA
Connections changed on port: inputB
Connections changed on port: output
Connections changed on port: output
Connections changed on port: output
Connections changed on port: input
.top. Preinitializing ...
Invoking preinitialize():  .top.OrderedMerge
Called preinitialize()
Invoking preinitialize():  .top.Ramp
Called preinitialize()
Invoking preinitialize():  .top.Ramp2
Called preinitialize()
Invoking preinitialize():  .top.Test
Called preinitialize()
Connections changed on port: inputA
Connections changed on port: output
Connections changed on port: inputB
Connections changed on port: output
Connections changed on port: output
Connections changed on port: input
.top. Finished preinitialize().
Called initialize().
Invoking initialize():  .top.OrderedMerge
Initializing actor: .top.OrderedMerge
Adding a thread: .top.OrderedMerge
Invoking initialize():  .top.Ramp
Initializing actor: .top.Ramp
Adding a thread: .top.Ramp
Invoking initialize():  .top.Ramp2
Initializing actor: .top.Ramp2
Adding a thread: .top.Ramp2
Invoking initialize():  .top.Test
Initializing actor: .top.Test
Adding a thread: .top.Test
-- Starting thread.
Called initialize()
Called prefire()
Called fire()
-- Starting thread.
Called initialize()
Called prefire()
Called fire()
Called postfire()
Called prefire()
Called fire()
-- Starting thread.
Called initialize()
Called prefire()
Called fire()
Called postfire()
Called prefire()
Called fire()
Called fire().
Checking for deadlock:
There are 3 Blocked actors, 0 Stopped actors, and 4 active threads.
Waiting for actors to stop.
-- Starting thread.
Called initialize()
Called prefire()
Called fire()
Checking for deadlock:
There are 2 Blocked actors, 0 Stopped actors, and 4 active threads.
Waiting for actors to stop.
Called postfire()
Called prefire()
Called fire()
Checking for deadlock:
There are 3 Blocked actors, 0 Stopped actors, and 4 active threads.
Waiting for actors to stop.
Read input token from inputA with value 0.0
Next port to read input from is inputB
Called postfire()
Called prefire()
Called fire()
Checking for deadlock:
There are 2 Blocked actors, 0 Stopped actors, and 4 active threads.
Waiting for actors to stop.
Called postfire()
Called prefire()
Called fire()
Checking for deadlock:
There are 3 Blocked actors, 0 Stopped actors, and 4 active threads.
Waiting for actors to stop.
Read input token from inputB with value 0.0
Checking for deadlock:
There are 2 Blocked actors, 0 Stopped actors, and 4 active threads.
Waiting for actors to stop.
-- Read input: 0.0, which is expected to match: 0.0
Called prefire()
Called fire()
Checking for deadlock:
There are 3 Blocked actors, 0 Stopped actors, and 4 active threads.
Waiting for actors to stop.
Sent output token with value 0.0
Next port to read input from is inputA
Called postfire()
Called prefire()
Called fire()
Checking for deadlock:
There are 2 Blocked actors, 0 Stopped actors, and 4 active threads.
Waiting for actors to stop.
Called postfire()
Called prefire()
Called fire()
Checking for deadlock:
There are 3 Blocked actors, 0 Stopped actors, and 4 active threads.
Waiting for actors to stop.
Read input token from inputA with value 1.0
Checking for deadlock:
There are 2 Blocked actors, 0 Stopped actors, and 4 active threads.
Waiting for actors to stop.
-- Read input: 0.0, which is expected to match: 0.0
Called prefire()
Called fire()
Checking for deadlock:
There are 3 Blocked actors, 0 Stopped actors, and 4 active threads.
Waiting for actors to stop.
Sent output token with value 0.0
Next port to read input from is inputB
Called postfire()
Called prefire()
Called fire()
Checking for deadlock:
There are 2 Blocked actors, 0 Stopped actors, and 4 active threads.
Waiting for actors to stop.
Called postfire()
Called prefire()
Called fire()
Checking for deadlock:
There are 3 Blocked actors, 0 Stopped actors, and 4 active threads.
Waiting for actors to stop.
Read input token from inputB with value 1.5
Checking for deadlock:
There are 2 Blocked actors, 0 Stopped actors, and 4 active threads.
Waiting for actors to stop.
-- Read input: 1.0, which is expected to match: 1.0
Called prefire()
Called fire()
Checking for deadlock:
There are 3 Blocked actors, 0 Stopped actors, and 4 active threads.
Waiting for actors to stop.
Sent output token with value 1.0
Next port to read input from is inputA
Called postfire()
Called prefire()
Called fire()
Checking for deadlock:
There are 2 Blocked actors, 0 Stopped actors, and 4 active threads.
Waiting for actors to stop.
Called postfire()
Called prefire()
Called fire()
Checking for deadlock:
There are 3 Blocked actors, 0 Stopped actors, and 4 active threads.
Waiting for actors to stop.
Read input token from inputA with value 2.0
Checking for deadlock:
There are 2 Blocked actors, 0 Stopped actors, and 4 active threads.
Waiting for actors to stop.
-- Read input: 1.5, which is expected to match: 1.5
Called prefire()
Called fire()
Checking for deadlock:
There are 3 Blocked actors, 0 Stopped actors, and 4 active threads.
Waiting for actors to stop.
Sent output token with value 1.5
Next port to read input from is inputB
Called postfire()
Called prefire()
Called fire()
Checking for deadlock:
There are 2 Blocked actors, 0 Stopped actors, and 4 active threads.
Waiting for actors to stop.
Called postfire()
Called prefire()
Called fire()
Checking for deadlock:
There are 3 Blocked actors, 0 Stopped actors, and 4 active threads.
Waiting for actors to stop.
Read input token from inputB with value 3.0
Checking for deadlock:
There are 2 Blocked actors, 0 Stopped actors, and 4 active threads.
Waiting for actors to stop.
-- Read input: 2.0, which is expected to match: 2.0
Called prefire()
Called fire()
Checking for deadlock:
There are 3 Blocked actors, 0 Stopped actors, and 4 active threads.
Waiting for actors to stop.
Sent output token with value 2.0
Next port to read input from is inputA
Called postfire()
Called prefire()
Called fire()
Checking for deadlock:
There are 2 Blocked actors, 0 Stopped actors, and 4 active threads.
Waiting for actors to stop.
Called postfire()
Called prefire()
Called fire()
Checking for deadlock:
There are 3 Blocked actors, 0 Stopped actors, and 4 active threads.
Waiting for actors to stop.
Read input token from inputA with value 3.0
Checking for deadlock:
There are 2 Blocked actors, 0 Stopped actors, and 4 active threads.
Waiting for actors to stop.
-- Read input: 3.0, which is expected to match: 3.0
Called prefire()
Called fire()
Checking for deadlock:
There are 3 Blocked actors, 0 Stopped actors, and 4 active threads.
Waiting for actors to stop.
Sent output token with value 3.0
Next port to read input from is inputB
Called postfire()
Called prefire()
Called fire()
Checking for deadlock:
There are 2 Blocked actors, 0 Stopped actors, and 4 active threads.
Waiting for actors to stop.
Called postfire()
Called prefire()
Called fire()
Checking for deadlock:
There are 3 Blocked actors, 0 Stopped actors, and 4 active threads.
Waiting for actors to stop.
Read input token from inputB with value 4.5
Checking for deadlock:
There are 2 Blocked actors, 0 Stopped actors, and 4 active threads.
Waiting for actors to stop.
-- Read input: 3.0, which is expected to match: 3.0
Called prefire()
Called fire()
Checking for deadlock:
There are 3 Blocked actors, 0 Stopped actors, and 4 active threads.
Waiting for actors to stop.
Sent output token with value 3.0
Next port to read input from is inputA
Called postfire()
Called prefire()
Called fire()
Checking for deadlock:
There are 2 Blocked actors, 0 Stopped actors, and 4 active threads.
Waiting for actors to stop.
Called postfire()
Called prefire()
Called fire()
Checking for deadlock:
There are 3 Blocked actors, 0 Stopped actors, and 4 active threads.
Waiting for actors to stop.
Read input token from inputA with value 4.0
Checking for deadlock:
There are 2 Blocked actors, 0 Stopped actors, and 4 active threads.
Waiting for actors to stop.
-- Read input: 4.0, which is expected to match: 4.0
Called prefire()
Called fire()
Past the end of training data. Read and discard all inputs.
Checking for deadlock:
There are 3 Blocked actors, 0 Stopped actors, and 4 active threads.
Waiting for actors to stop.
Sent output token with value 4.0
Next port to read input from is inputA
Called postfire()
Called prefire()
Called fire()
Checking for deadlock:
There are 2 Blocked actors, 0 Stopped actors, and 4 active threads.
Waiting for actors to stop.
Called postfire()
Called prefire()
Called fire()
Checking for deadlock:
There are 3 Blocked actors, 0 Stopped actors, and 4 active threads.
Waiting for actors to stop.
Read input token from inputA with value 5.0
Checking for deadlock:
There are 2 Blocked actors, 0 Stopped actors, and 4 active threads.
Waiting for actors to stop.
Called prefire()
Called fire()
Past the end of training data. Read and discard all inputs.
Checking for deadlock:
There are 3 Blocked actors, 0 Stopped actors, and 4 active threads.
Waiting for actors to stop.
Sent output token with value 4.5
Next port to read input from is inputB
Called postfire()
Called prefire()
Called fire()
Checking for deadlock:
There are 2 Blocked actors, 0 Stopped actors, and 4 active threads.
Waiting for actors to stop.
Called postfire()
Called prefire()
Called fire()
Checking for deadlock:
There are 3 Blocked actors, 0 Stopped actors, and 4 active threads.
Waiting for actors to stop.
Read input token from inputB with value 6.0
Checking for deadlock:
There are 2 Blocked actors, 0 Stopped actors, and 4 active threads.
Waiting for actors to stop.
Called prefire()
Called fire()
Past the end of training data. Read and discard all inputs.
Checking for deadlock:
There are 3 Blocked actors, 0 Stopped actors, and 4 active threads.
Waiting for actors to stop.
Sent output token with value 5.0
Next port to read input from is inputA
Called postfire()
Called prefire()
Called fire()
Checking for deadlock:
There are 2 Blocked actors, 0 Stopped actors, and 4 active threads.
Waiting for actors to stop.
Called postfire()
Called prefire()
Called fire()
Checking for deadlock:
There are 3 Blocked actors, 0 Stopped actors, and 4 active threads.
Waiting for actors to stop.
Read input token from inputA with value 6.0
Checking for deadlock:
There are 2 Blocked actors, 0 Stopped actors, and 4 active threads.
Waiting for actors to stop.
Called prefire()
Called fire()
Past the end of training data. Read and discard all inputs.
Checking for deadlock:
There are 3 Blocked actors, 0 Stopped actors, and 4 active threads.
Waiting for actors to stop.
Sent output token with value 6.0
Next port to read input from is inputB
Called postfire()
Called prefire()
Called fire()
Checking for deadlock:
There are 2 Blocked actors, 0 Stopped actors, and 4 active threads.
Waiting for actors to stop.
Called postfire()
Called prefire()
Called fire()
Checking for deadlock:
There are 3 Blocked actors, 0 Stopped actors, and 4 active threads.
Waiting for actors to stop.
Read input token from inputB with value 7.5
Checking for deadlock:
There are 2 Blocked actors, 0 Stopped actors, and 4 active threads.
Waiting for actors to stop.
Called prefire()
Called fire()
Past the end of training data. Read and discard all inputs.
Checking for deadlock:
There are 3 Blocked actors, 0 Stopped actors, and 4 active threads.
Waiting for actors to stop.
Sent output token with value 6.0
Next port to read input from is inputA
Called postfire()
Called prefire()
Called fire()
Checking for deadlock:
There are 2 Blocked actors, 0 Stopped actors, and 4 active threads.
Waiting for actors to stop.
Called postfire()
Called prefire()
Called fire()
Checking for deadlock:
There are 3 Blocked actors, 0 Stopped actors, and 4 active threads.
Waiting for actors to stop.
Read input token from inputA with value 7.0
Checking for deadlock:
There are 2 Blocked actors, 0 Stopped actors, and 4 active threads.
Waiting for actors to stop.
Called prefire()
Called fire()
Past the end of training data. Read and discard all inputs.
Checking for deadlock:
There are 3 Blocked actors, 0 Stopped actors, and 4 active threads.
Waiting for actors to stop.
Sent output token with value 7.0
Next port to read input from is inputA
Called postfire()
Called prefire()
Called fire()
Checking for deadlock:
There are 2 Blocked actors, 0 Stopped actors, and 4 active threads.
Waiting for actors to stop.
-- Thread wrapup() called.
Called wrapup()
Thread .top.Ramp is exiting.
-- Thread stopped.
Checking for deadlock:
There are 2 Blocked actors, 0 Stopped actors, and 3 active threads.
Waiting for actors to stop.
Read input token from inputA with value 8.0
Checking for deadlock:
There are 1 Blocked actors, 0 Stopped actors, and 3 active threads.
Waiting for actors to stop.
Called prefire()
Called fire()
Past the end of training data. Read and discard all inputs.
Checking for deadlock:
There are 2 Blocked actors, 0 Stopped actors, and 3 active threads.
Waiting for actors to stop.
Sent output token with value 7.5
Next port to read input from is inputB
Called postfire()
Called prefire()
Called fire()
Checking for deadlock:
There are 1 Blocked actors, 0 Stopped actors, and 3 active threads.
Waiting for actors to stop.
Called postfire()
Called prefire()
Called fire()
Checking for deadlock:
There are 2 Blocked actors, 0 Stopped actors, and 3 active threads.
Waiting for actors to stop.
Read input token from inputB with value 9.0
Checking for deadlock:
There are 1 Blocked actors, 0 Stopped actors, and 3 active threads.
Waiting for actors to stop.
Called prefire()
Called fire()
Past the end of training data. Read and discard all inputs.
Checking for deadlock:
There are 2 Blocked actors, 0 Stopped actors, and 3 active threads.
Waiting for actors to stop.
Sent output token with value 8.0
Next port to read input from is inputA
Called postfire()
Called prefire()
Called fire()
Read input token from inputA with value 9.0
Checking for deadlock:
There are 1 Blocked actors, 0 Stopped actors, and 3 active threads.
Waiting for actors to stop.
Called prefire()
Called fire()
Past the end of training data. Read and discard all inputs.
Checking for deadlock:
There are 2 Blocked actors, 0 Stopped actors, and 3 active threads.
Waiting for actors to stop.
Sent output token with value 9.0
Next port to read input from is inputB
Called postfire()
Called prefire()
Called fire()
Checking for deadlock:
There are 1 Blocked actors, 0 Stopped actors, and 3 active threads.
Waiting for actors to stop.
Called postfire()
Called prefire()
Called fire()
Checking for deadlock:
There are 2 Blocked actors, 0 Stopped actors, and 3 active threads.
Waiting for actors to stop.
Read input token from inputB with value 10.5
Checking for deadlock:
There are 1 Blocked actors, 0 Stopped actors, and 3 active threads.
Waiting for actors to stop.
Called prefire()
Called fire()
Past the end of training data. Read and discard all inputs.
Checking for deadlock:
There are 2 Blocked actors, 0 Stopped actors, and 3 active threads.
Waiting for actors to stop.
Sent output token with value 9.0
Next port to read input from is inputA
Called postfire()
Called prefire()
Called fire()
Checking for deadlock:
There are 3 Blocked actors, 0 Stopped actors, and 3 active threads.
Actors have stopped.
Checking for deadlock:
There are 3 Blocked actors, 0 Stopped actors, and 3 active threads.
Deadlock detected.
Resolving Deadlock
Checking for deadlock:
There are 3 Blocked actors, 0 Stopped actors, and 3 active threads.
Artificial Deadlock - increasing queue capacity.
increasing the capacity of receiver ptolemy.actor.TypedIOPort {.top.OrderedMerge.inputB} to 2
Director: Called postfire().
Called postfire().
_stopRequested = false
_stopFireRequested = false
Returning from postfire(): true
Called fire().
Checking for deadlock:
There are 2 Blocked actors, 0 Stopped actors, and 3 active threads.
Waiting for actors to stop.
-- Thread wrapup() called.
Called wrapup()
Thread .top.Ramp2 is exiting.
-- Thread stopped.
Checking for deadlock:
There are 2 Blocked actors, 0 Stopped actors, and 2 active threads.
Actors have stopped.
Checking for deadlock:
There are 2 Blocked actors, 0 Stopped actors, and 2 active threads.
Deadlock detected.
Resolving Deadlock
Checking for deadlock:
There are 2 Blocked actors, 0 Stopped actors, and 2 active threads.
Deadlock detected: no processes blocked on write, but some are blocked on read.
Called postfire().
_stopRequested = false
_stopFireRequested = false
Returning from postfire(): false
Finished deactivating branches.
Called wrapup().
-- Thread wrapup() called.
Called wrapup()
Thread .top.Test is exiting.
-- Thread stopped.
-- Blocked Receiver call threw TerminateProcessException.
-- Thread wrapup() called.
Called wrapup()
Thread .top.OrderedMerge is exiting.
24 ms. Memory: 208384K Free: 180801K (87%)
.top. Preinitializing ...
Invoking preinitialize():  .top.OrderedMerge
Called preinitialize()
Invoking preinitialize():  .top.Ramp
Called preinitialize()
Invoking preinitialize():  .top.Ramp2
Called preinitialize()
Invoking preinitialize():  .top.Test
Called preinitialize()
.top. Finished preinitialize().
Called initialize().
Invoking initialize():  .top.OrderedMerge
Initializing actor: .top.OrderedMerge
Adding a thread: .top.OrderedMerge
Invoking initialize():  .top.Ramp
Initializing actor: .top.Ramp
Adding a thread: .top.Ramp
Invoking initialize():  .top.Ramp2
Initializing actor: .top.Ramp2
Adding a thread: .top.Ramp2
Invoking initialize():  .top.Test
Initializing actor: .top.Test
Adding a thread: .top.Test
-- Thread stopped.
-- Blocked Receiver call threw TerminateProcessException.
-- Starting thread.
Called initialize()
Called prefire()
Called fire()
-- Starting thread.
Called initialize()
Called prefire()
Called fire()
Called postfire()
Called prefire()
Called fire()
-- Starting thread.
Called initialize()
Called prefire()
Called fire()
Called postfire()
Called prefire()
Called fire()
Called fire().
Checking for deadlock:
There are 3 Blocked actors, 0 Stopped actors, and 4 active threads.
Waiting for actors to stop.
-- Starting thread.
Called initialize()
Called prefire()
Called fire()
Checking for deadlock:
There are 2 Blocked actors, 0 Stopped actors, and 4 active threads.
Waiting for actors to stop.
Called postfire()
Called prefire()
Called fire()
Checking for deadlock:
There are 3 Blocked actors, 0 Stopped actors, and 4 active threads.
Waiting for actors to stop.
Read input token from inputA with value 0.0
Next port to read input from is inputB
Called postfire()
Called prefire()
Called fire()
Checking for deadlock:
There are 2 Blocked actors, 0 Stopped actors, and 4 active threads.
Waiting for actors to stop.
Called postfire()
Called prefire()
Called fire()
Checking for deadlock:
There are 3 Blocked actors, 0 Stopped actors, and 4 active threads.
Waiting for actors to stop.
Read input token from inputB with value 0.0
Checking for deadlock:
There are 2 Blocked actors, 0 Stopped actors, and 4 active threads.
Waiting for actors to stop.
-- Read input: 0.0, which is expected to match: 0.0
Called prefire()
Called fire()
Checking for deadlock:
There are 3 Blocked actors, 0 Stopped actors, and 4 active threads.
Waiting for actors to stop.
Sent output token with value 0.0
Next port to read input from is inputA
Called postfire()
Called prefire()
Called fire()
Checking for deadlock:
There are 2 Blocked actors, 0 Stopped actors, and 4 active threads.
Waiting for actors to stop.
Called postfire()
Called prefire()
Called fire()
Checking for deadlock:
There are 3 Blocked actors, 0 Stopped actors, and 4 active threads.
Waiting for actors to stop.
Read input token from inputA with value 1.0
Checking for deadlock:
There are 2 Blocked actors, 0 Stopped actors, and 4 active threads.
Waiting for actors to stop.
-- Read input: 0.0, which is expected to match: 0.0
Called prefire()
Called fire()
Checking for deadlock:
There are 3 Blocked actors, 0 Stopped actors, and 4 active threads.
Waiting for actors to stop.
Sent output token with value 0.0
Next port to read input from is inputB
Called postfire()
Called prefire()
Called fire()
Checking for deadlock:
There are 2 Blocked actors, 0 Stopped actors, and 4 active threads.
Waiting for actors to stop.
Called postfire()
Called prefire()
Called fire()
Checking for deadlock:
There are 3 Blocked actors, 0 Stopped actors, and 4 active threads.
Waiting for actors to stop.
Read input token from inputB with value 1.5
Checking for deadlock:
There are 2 Blocked actors, 0 Stopped actors, and 4 active threads.
Waiting for actors to stop.
-- Read input: 1.0, which is expected to match: 1.0
Called prefire()
Called fire()
Checking for deadlock:
There are 3 Blocked actors, 0 Stopped actors, and 4 active threads.
Waiting for actors to stop.
Sent output token with value 1.0
Next port to read input from is inputA
Called postfire()
Called prefire()
Called fire()
Checking for deadlock:
There are 2 Blocked actors, 0 Stopped actors, and 4 active threads.
Waiting for actors to stop.
Called postfire()
Called prefire()
Called fire()
Checking for deadlock:
There are 3 Blocked actors, 0 Stopped actors, and 4 active threads.
Waiting for actors to stop.
Read input token from inputA with value 2.0
Checking for deadlock:
There are 2 Blocked actors, 0 Stopped actors, and 4 active threads.
Waiting for actors to stop.
-- Read input: 1.5, which is expected to match: 1.5
Called prefire()
Called fire()
Checking for deadlock:
There are 3 Blocked actors, 0 Stopped actors, and 4 active threads.
Waiting for actors to stop.
Sent output token with value 1.5
Next port to read input from is inputB
Called postfire()
Called prefire()
Called fire()
Checking for deadlock:
There are 2 Blocked actors, 0 Stopped actors, and 4 active threads.
Waiting for actors to stop.
Called postfire()
Called prefire()
Called fire()
Checking for deadlock:
There are 3 Blocked actors, 0 Stopped actors, and 4 active threads.
Waiting for actors to stop.
Read input token from inputB with value 3.0
Checking for deadlock:
There are 2 Blocked actors, 0 Stopped actors, and 4 active threads.
Waiting for actors to stop.
-- Read input: 2.0, which is expected to match: 2.0
Called prefire()
Called fire()
Checking for deadlock:
There are 3 Blocked actors, 0 Stopped actors, and 4 active threads.
Waiting for actors to stop.
Sent output token with value 2.0
Next port to read input from is inputA
Called postfire()
Called prefire()
Called fire()
Checking for deadlock:
There are 2 Blocked actors, 0 Stopped actors, and 4 active threads.
Waiting for actors to stop.
Called postfire()
Called prefire()
Called fire()
Checking for deadlock:
There are 3 Blocked actors, 0 Stopped actors, and 4 active threads.
Waiting for actors to stop.
Read input token from inputA with value 3.0
Checking for deadlock:
There are 2 Blocked actors, 0 Stopped actors, and 4 active threads.
Waiting for actors to stop.
-- Read input: 3.0, which is expected to match: 3.0
Called prefire()
Called fire()
Checking for deadlock:
There are 3 Blocked actors, 0 Stopped actors, and 4 active threads.
Waiting for actors to stop.
Sent output token with value 3.0
Next port to read input from is inputB
Called postfire()
Called prefire()
Called fire()
Checking for deadlock:
There are 2 Blocked actors, 0 Stopped actors, and 4 active threads.
Waiting for actors to stop.
Called postfire()
Called prefire()
Called fire()
Checking for deadlock:
There are 3 Blocked actors, 0 Stopped actors, and 4 active threads.
Waiting for actors to stop.
Read input token from inputB with value 4.5
Checking for deadlock:
There are 2 Blocked actors, 0 Stopped actors, and 4 active threads.
Waiting for actors to stop.
-- Read input: 3.0, which is expected to match: 3.0
Called prefire()
Called fire()
Checking for deadlock:
There are 3 Blocked actors, 0 Stopped actors, and 4 active threads.
Waiting for actors to stop.
Sent output token with value 3.0
Next port to read input from is inputA
Called postfire()
Called prefire()
Called fire()
Checking for deadlock:
There are 2 Blocked actors, 0 Stopped actors, and 4 active threads.
Waiting for actors to stop.
Called postfire()
Called prefire()
Called fire()
Checking for deadlock:
There are 3 Blocked actors, 0 Stopped actors, and 4 active threads.
Waiting for actors to stop.
Read input token from inputA with value 4.0
Checking for deadlock:
There are 2 Blocked actors, 0 Stopped actors, and 4 active threads.
Waiting for actors to stop.
-- Read input: 4.0, which is expected to match: 4.0
Called prefire()
Called fire()
Past the end of training data. Read and discard all inputs.
Checking for deadlock:
There are 3 Blocked actors, 0 Stopped actors, and 4 active threads.
Waiting for actors to stop.
Sent output token with value 4.0
Next port to read input from is inputA
Called postfire()
Called prefire()
Called fire()
Checking for deadlock:
There are 2 Blocked actors, 0 Stopped actors, and 4 active threads.
Waiting for actors to stop.
Called postfire()
Called prefire()
Called fire()
Checking for deadlock:
There are 3 Blocked actors, 0 Stopped actors, and 4 active threads.
Waiting for actors to stop.
Read input token from inputA with value 5.0
Checking for deadlock:
There are 2 Blocked actors, 0 Stopped actors, and 4 active threads.
Waiting for actors to stop.
Called prefire()
Called fire()
Past the end of training data. Read and discard all inputs.
Checking for deadlock:
There are 3 Blocked actors, 0 Stopped actors, and 4 active threads.
Waiting for actors to stop.
Sent output token with value 4.5
Next port to read input from is inputB
Called postfire()
Called prefire()
Called fire()
Checking for deadlock:
There are 2 Blocked actors, 0 Stopped actors, and 4 active threads.
Waiting for actors to stop.
Called postfire()
Called prefire()
Called fire()
Checking for deadlock:
There are 3 Blocked actors, 0 Stopped actors, and 4 active threads.
Waiting for actors to stop.
Read input token from inputB with value 6.0
Checking for deadlock:
There are 2 Blocked actors, 0 Stopped actors, and 4 active threads.
Waiting for actors to stop.
Called prefire()
Called fire()
Past the end of training data. Read and discard all inputs.
Checking for deadlock:
There are 3 Blocked actors, 0 Stopped actors, and 4 active threads.
Waiting for actors to stop.
Sent output token with value 5.0
Next port to read input from is inputA
Called postfire()
Called prefire()
Called fire()
Checking for deadlock:
There are 2 Blocked actors, 0 Stopped actors, and 4 active threads.
Waiting for actors to stop.
Called postfire()
Called prefire()
Called fire()
Checking for deadlock:
There are 3 Blocked actors, 0 Stopped actors, and 4 active threads.
Waiting for actors to stop.
Read input token from inputA with value 6.0
Checking for deadlock:
There are 2 Blocked actors, 0 Stopped actors, and 4 active threads.
Waiting for actors to stop.
Called prefire()
Called fire()
Past the end of training data. Read and discard all inputs.
Checking for deadlock:
There are 3 Blocked actors, 0 Stopped actors, and 4 active threads.
Waiting for actors to stop.
Sent output token with value 6.0
Next port to read input from is inputB
Called postfire()
Called prefire()
Called fire()
Checking for deadlock:
There are 2 Blocked actors, 0 Stopped actors, and 4 active threads.
Waiting for actors to stop.
Called postfire()
Called prefire()
Called fire()
Checking for deadlock:
There are 3 Blocked actors, 0 Stopped actors, and 4 active threads.
Waiting for actors to stop.
Read input token from inputB with value 7.5
Checking for deadlock:
There are 2 Blocked actors, 0 Stopped actors, and 4 active threads.
Waiting for actors to stop.
Called prefire()
Called fire()
Past the end of training data. Read and discard all inputs.
Checking for deadlock:
There are 3 Blocked actors, 0 Stopped actors, and 4 active threads.
Waiting for actors to stop.
Sent output token with value 6.0
Next port to read input from is inputA
Called postfire()
Called prefire()
Called fire()
Called postfire()
Called prefire()
Called fire()
Checking for deadlock:
There are 3 Blocked actors, 0 Stopped actors, and 4 active threads.
Waiting for actors to stop.
Read input token from inputA with value 7.0
Called prefire()
Called fire()
Past the end of training data. Read and discard all inputs.
Checking for deadlock:
There are 3 Blocked actors, 0 Stopped actors, and 4 active threads.
Waiting for actors to stop.
Sent output token with value 7.0
Next port to read input from is inputA
Called postfire()
Called prefire()
Called fire()
-- Thread wrapup() called.
Called wrapup()
Thread .top.Ramp is exiting.
-- Thread stopped.
Checking for deadlock:
There are 2 Blocked actors, 0 Stopped actors, and 3 active threads.
Waiting for actors to stop.
Read input token from inputA with value 8.0
Called prefire()
Called fire()
Past the end of training data. Read and discard all inputs.
Checking for deadlock:
There are 2 Blocked actors, 0 Stopped actors, and 3 active threads.
Waiting for actors to stop.
Sent output token with value 7.5
Next port to read input from is inputB
Called postfire()
Called prefire()
Called fire()
Checking for deadlock:
There are 1 Blocked actors, 0 Stopped actors, and 3 active threads.
Waiting for actors to stop.
Called postfire()
Called prefire()
Called fire()
Checking for deadlock:
There are 2 Blocked actors, 0 Stopped actors, and 3 active threads.
Waiting for actors to stop.
Read input token from inputB with value 9.0
Checking for deadlock:
There are 1 Blocked actors, 0 Stopped actors, and 3 active threads.
Waiting for actors to stop.
Called prefire()
Called fire()
Past the end of training data. Read and discard all inputs.
Checking for deadlock:
There are 2 Blocked actors, 0 Stopped actors, and 3 active threads.
Waiting for actors to stop.
Sent output token with value 8.0
Next port to read input from is inputA
Called postfire()
Called prefire()
Called fire()
Read input token from inputA with value 9.0
Checking for deadlock:
There are 1 Blocked actors, 0 Stopped actors, and 3 active threads.
Waiting for actors to stop.
Called prefire()
Called fire()
Past the end of training data. Read and discard all inputs.
Checking for deadlock:
There are 2 Blocked actors, 0 Stopped actors, and 3 active threads.
Waiting for actors to stop.
Sent output token with value 9.0
Next port to read input from is inputB
Called postfire()
Called prefire()
Called fire()
Checking for deadlock:
There are 1 Blocked actors, 0 Stopped actors, and 3 active threads.
Waiting for actors to stop.
Called postfire()
Called prefire()
Called fire()
Checking for deadlock:
There are 2 Blocked actors, 0 Stopped actors, and 3 active threads.
Waiting for actors to stop.
Read input token from inputB with value 10.5
Checking for deadlock:
There are 1 Blocked actors, 0 Stopped actors, and 3 active threads.
Waiting for actors to stop.
Called prefire()
Called fire()
Past the end of training data. Read and discard all inputs.
Checking for deadlock:
There are 2 Blocked actors, 0 Stopped actors, and 3 active threads.
Waiting for actors to stop.
Sent output token with value 9.0
Next port to read input from is inputA
Called postfire()
Called prefire()
Called fire()
Checking for deadlock:
There are 3 Blocked actors, 0 Stopped actors, and 3 active threads.
Actors have stopped.
Checking for deadlock:
There are 3 Blocked actors, 0 Stopped actors, and 3 active threads.
Deadlock detected.
Resolving Deadlock
Checking for deadlock:
There are 3 Blocked actors, 0 Stopped actors, and 3 active threads.
Artificial Deadlock - increasing queue capacity.
increasing the capacity of receiver ptolemy.actor.TypedIOPort {.top.OrderedMerge.inputB} to 2
Director: Called postfire().
Called postfire().
_stopRequested = false
_stopFireRequested = false
Returning from postfire(): true
Called fire().
Checking for deadlock:
There are 2 Blocked actors, 0 Stopped actors, and 3 active threads.
Waiting for actors to stop.
-- Thread wrapup() called.
Called wrapup()
Thread .top.Ramp2 is exiting.
-- Thread stopped.
Checking for deadlock:
There are 2 Blocked actors, 0 Stopped actors, and 2 active threads.
Actors have stopped.
Checking for deadlock:
There are 2 Blocked actors, 0 Stopped actors, and 2 active threads.
Deadlock detected.
Resolving Deadlock
Checking for deadlock:
There are 2 Blocked actors, 0 Stopped actors, and 2 active threads.
Deadlock detected: no processes blocked on write, but some are blocked on read.
Called postfire().
_stopRequested = false
_stopFireRequested = false
Returning from postfire(): false
Finished deactivating branches.
Called wrapup().
-- Thread wrapup() called.
Called wrapup()
Thread .top.Test is exiting.
-- Thread stopped.
-- Blocked Receiver call threw TerminateProcessException.
-- Thread wrapup() called.
Called wrapup()
Thread .top.OrderedMerge is exiting.
12 ms. Memory: 208384K Free: 175906K (84%)
/home/travis/build/icyphy/ptII/ptolemy/actor/lib/test/Publisher.tcl
-- Thread stopped.
-- Blocked Receiver call threw TerminateProcessException.
5 ms. Memory: 208384K Free: 168664K (81%)
12 ms. Memory: 208384K Free: 163835K (79%)
2 ms. Memory: 208384K Free: 159007K (76%)
8 ms. Memory: 208384K Free: 159007K (76%)
6 ms. Memory: 208384K Free: 156577K (75%)
3 ms. Memory: 208384K Free: 156577K (75%)
14 ms. Memory: 208384K Free: 156577K (75%)
3 ms. Memory: 208384K Free: 154163K (74%)
1 ms. Memory: 208384K Free: 146920K (71%)
4 ms. Memory: 208384K Free: 142090K (68%)
2 ms. Memory: 208384K Free: 139676K (67%)
1 ms. Memory: 208384K Free: 139676K (67%)
6 ms. Memory: 208384K Free: 130019K (62%)
9 ms. Memory: 208384K Free: 120363K (58%)
16 ms. Memory: 208384K Free: 108291K (52%)
/home/travis/build/icyphy/ptII/ptolemy/actor/lib/test/Pulse.tcl
2 ms. Memory: 208896K Free: 187301K (90%)
2 ms. Memory: 208896K Free: 187301K (90%)
1 ms. Memory: 208896K Free: 184938K (89%)
1 ms. Memory: 208896K Free: 184938K (89%)
1 ms. Memory: 208896K Free: 184938K (89%)
1 ms. Memory: 208896K Free: 184938K (89%)
2 ms. Memory: 208896K Free: 182575K (87%)
1 ms. Memory: 208896K Free: 182575K (87%)
1 ms. Memory: 208896K Free: 182575K (87%)
/home/travis/build/icyphy/ptII/ptolemy/actor/lib/test/Ramp.tcl
6 ms. Memory: 208896K Free: 180212K (86%)
4 ms. Memory: 208896K Free: 177833K (85%)
5 ms. Memory: 208896K Free: 177833K (85%)
2 ms. Memory: 208896K Free: 177833K (85%)
5 ms. Memory: 208896K Free: 175454K (84%)
7 ms. Memory: 208896K Free: 175454K (84%)
5 ms. Memory: 208896K Free: 175454K (84%)
5 actors
9000 microseconds per iteration to create
12 ms. Memory: 208896K Free: 170726K (82%)
9 ms. Memory: 208896K Free: 170726K (82%)
2 ms. Memory: 208896K Free: 170726K (82%)
4 ms. Memory: 208896K Free: 170726K (82%)
50 actors
46000 microseconds per iteration to create
44 ms. Memory: 208896K Free: 154161K (74%)
16 ms. Memory: 208896K Free: 154161K (74%)
4 ms. Memory: 208896K Free: 151798K (73%)
16 ms. Memory: 208896K Free: 151798K (73%)
500 actors
1282000 microseconds per iteration to create
244 ms. Memory: 330240K Free: 228505K (69%)
34 ms. Memory: 330240K Free: 223740K (68%)
32 ms. Memory: 330240K Free: 218975K (66%)
42 ms. Memory: 330240K Free: 209429K (63%)
/home/travis/build/icyphy/ptII/ptolemy/actor/lib/test/RampContinuous.tcl
9 ms. Memory: 330240K Free: 209429K (63%)
/home/travis/build/icyphy/ptII/ptolemy/actor/lib/test/RecordAssembler.tcl
4 ms. Memory: 330240K Free: 209429K (63%)
4 ms. Memory: 330240K Free: 209429K (63%)
/home/travis/build/icyphy/ptII/ptolemy/actor/lib/test/RecordDisassembler.tcl
6 ms. Memory: 330240K Free: 204664K (62%)
2 ms. Memory: 330240K Free: 204664K (62%)
4 ms. Memory: 330240K Free: 204664K (62%)
/home/travis/build/icyphy/ptII/ptolemy/actor/lib/test/Scale.tcl
3 ms. Memory: 330240K Free: 199883K (61%)
1 ms. Memory: 330240K Free: 199883K (61%)
2 ms. Memory: 330240K Free: 199883K (61%)
2 ms. Memory: 330240K Free: 199883K (61%)
2 ms. Memory: 330240K Free: 199883K (61%)
/home/travis/build/icyphy/ptII/ptolemy/actor/lib/test/SequentialClock.tcl
preinitializing
resolving types
initializing
executing number 1
wrapping up
idle
2 ms. Memory: 330240K Free: 195110K (59%)
Completed execution with 5 iterations
preinitializing
resolving types
initializing
executing number 1
wrapping up
idle
1 ms. Memory: 330240K Free: 195110K (59%)
Completed execution with 5 iterations
preinitializing
resolving types
initializing
executing number 1
wrapping up
idle
1 ms. Memory: 330240K Free: 195110K (59%)
Completed execution with 5 iterations
/home/travis/build/icyphy/ptII/ptolemy/actor/lib/test/SetVariable.tcl
3 ms. Memory: 330240K Free: 195110K (59%)
/home/travis/build/icyphy/ptII/ptolemy/actor/lib/test/Sinewave.tcl
/home/travis/build/icyphy/ptII/ptolemy/actor/lib/test/SubscriptionAggregator.tcl
4 ms. Memory: 330240K Free: 180782K (55%)
2 ms. Memory: 330240K Free: 180782K (55%)
1 ms. Memory: 330240K Free: 180782K (55%)
1 ms. Memory: 330240K Free: 180782K (55%)
1 ms. Memory: 330240K Free: 176017K (53%)
4 ms. Memory: 330240K Free: 171244K (52%)
...............................................................861 ms. Memory: 480256K Free: 196861K (41%)
/home/travis/build/icyphy/ptII/ptolemy/actor/lib/test/Test.tcl
 The next command will produce a warning about training mode,
   which may be ignored.
4 ms. Memory: 480256K Free: 196861K (41%)
2 ms. Memory: 480256K Free: 196861K (41%)
1 ms. Memory: 480256K Free: 196861K (41%)
2 ms. Memory: 480256K Free: 196861K (41%)
3 ms. Memory: 480256K Free: 196861K (41%)
2 ms. Memory: 480256K Free: 196861K (41%)
4 ms. Memory: 480256K Free: 189176K (39%)
 The next command will produce a warning about training mode,
   which may be ignored.
3 ms. Memory: 480256K Free: 189176K (39%)
 The next command will produce a warning about training mode,
   which may be ignored.
3 ms. Memory: 480256K Free: 189176K (39%)
1 ms. Memory: 480256K Free: 189176K (39%)
1 ms. Memory: 480256K Free: 189176K (39%)
1 ms. Memory: 480256K Free: 189176K (39%)
3 ms. Memory: 480256K Free: 189176K (39%)
5 ms. Memory: 480256K Free: 181483K (38%)
/home/travis/build/icyphy/ptII/ptolemy/actor/lib/test/TestExceptionHandler.tcl
 The next command will produce a warning about training mode,
   which may be ignored.
2 ms. Memory: 480256K Free: 181483K (38%)
1 ms. Memory: 480256K Free: 181483K (38%)
1 ms. Memory: 480256K Free: 181483K (38%)
/home/travis/build/icyphy/ptII/ptolemy/actor/lib/test/UnionDisassembler.tcl
29 ms. Memory: 480256K Free: 173798K (36%)
/home/travis/build/icyphy/ptII/ptolemy/actor/lib/test/VariableClock.tcl
preinitializing
resolving types
initializing
executing number 1
wrapping up
idle
11 ms. Memory: 480256K Free: 173798K (36%)
Completed execution with 11 iterations
preinitializing
resolving types
initializing
executing number 1
wrapping up
idle
10 ms. Memory: 480256K Free: 166097K (35%)
Completed execution with 10 iterations
06/06/18 09:16:15
Failed: 0  Total Tests: 234  ((Passed: 234, Newly Passed: 0)  Known Failed: 0) /home/travis/build/icyphy/ptII/ptolemy/actor/lib/test
----------------- testing (KnownFailure) /home/travis/build/icyphy/ptII/ptolemy/actor/lib/test/auto/knownFailedTests/PublisherPortToplevelSubscriber.xml
0 ms. Memory: 480256K Free: 158305K (33%)
Known Failure: java.lang.reflect.InvocationTargetException
----------------- testing (KnownFailure) /home/travis/build/icyphy/ptII/ptolemy/actor/lib/test/auto/knownFailedTests/PublisherSubscriberPortToplevel.xml
0 ms. Memory: 480256K Free: 142719K (30%)
Known Failure: java.lang.reflect.InvocationTargetException
----------------- testing (KnownFailure) /home/travis/build/icyphy/ptII/ptolemy/actor/lib/test/auto/knownFailedTests/PublisherSubscriptionAggregatorPort.xml
1 ms. Memory: 480256K Free: 127134K (26%)
Known Failure: java.lang.reflect.InvocationTargetException
----------------- testing (KnownFailure) /home/travis/build/icyphy/ptII/ptolemy/actor/lib/test/auto/knownFailedTests/sizedarray3.xml
3 ms. Memory: 480256K Free: 111548K (23%)
Known Failure: java.lang.reflect.InvocationTargetException
No auto/linux-amd64/*.xml tests in /home/travis/build/icyphy/ptII/ptolemy/actor/lib/test
AutoTests.java: About to close Vertx.
AutoTests.java: Vertx closed.

===========================================================================================
----------------- testing Wed Jun 06 21:16:15 UTC 2018 /home/travis/build/icyphy/ptII/ptolemy/actor/lib/test/auto/AbsoluteValue.xml
----------------- Instantiating /home/travis/build/icyphy/ptII/ptolemy/actor/lib/test/auto/AbsoluteValue.xml
19 ms. Memory: 480768K Free: 418616K (87%)
----------------- Invoking toplevel() on ptolemy.moml.MoMLSimpleApplication@ed455de
----------------- Done invoking toplevel() on ptolemy.moml.MoMLSimpleApplication@ed455de
reloadAllAccessors: .AbsoluteValue

===========================================================================================
----------------- testing Wed Jun 06 21:16:15 UTC 2018 /home/travis/build/icyphy/ptII/ptolemy/actor/lib/test/auto/AbsoluteValue2.xml
----------------- Instantiating /home/travis/build/icyphy/ptII/ptolemy/actor/lib/test/auto/AbsoluteValue2.xml
4 ms. Memory: 480768K Free: 403660K (84%)
----------------- Invoking toplevel() on ptolemy.moml.MoMLSimpleApplication@4997c54d
----------------- Done invoking toplevel() on ptolemy.moml.MoMLSimpleApplication@4997c54d
reloadAllAccessors: .AbsoluteValue2

===========================================================================================
----------------- testing Wed Jun 06 21:16:15 UTC 2018 /home/travis/build/icyphy/ptII/ptolemy/actor/lib/test/auto/Accumulator.xml
----------------- Instantiating /home/travis/build/icyphy/ptII/ptolemy/actor/lib/test/auto/Accumulator.xml
12 ms. Memory: 480768K Free: 395867K (82%)
----------------- Invoking toplevel() on ptolemy.moml.MoMLSimpleApplication@6031333b
----------------- Done invoking toplevel() on ptolemy.moml.MoMLSimpleApplication@6031333b
reloadAllAccessors: .Accumulator

===========================================================================================
----------------- testing Wed Jun 06 21:16:16 UTC 2018 /home/travis/build/icyphy/ptII/ptolemy/actor/lib/test/auto/Accumulator2.xml
----------------- Instantiating /home/travis/build/icyphy/ptII/ptolemy/actor/lib/test/auto/Accumulator2.xml
3 ms. Memory: 480768K Free: 388075K (81%)
----------------- Invoking toplevel() on ptolemy.moml.MoMLSimpleApplication@4b58d6a5
----------------- Done invoking toplevel() on ptolemy.moml.MoMLSimpleApplication@4b58d6a5
reloadAllAccessors: .Accumulator2

===========================================================================================
----------------- testing Wed Jun 06 21:16:16 UTC 2018 /home/travis/build/icyphy/ptII/ptolemy/actor/lib/test/auto/Accumulator3.xml
----------------- Instantiating /home/travis/build/icyphy/ptII/ptolemy/actor/lib/test/auto/Accumulator3.xml
6 ms. Memory: 480768K Free: 375732K (78%)
----------------- Invoking toplevel() on ptolemy.moml.MoMLSimpleApplication@186742df
----------------- Done invoking toplevel() on ptolemy.moml.MoMLSimpleApplication@186742df
reloadAllAccessors: .Accumulator3

===========================================================================================
----------------- testing Wed Jun 06 21:16:16 UTC 2018 /home/travis/build/icyphy/ptII/ptolemy/actor/lib/test/auto/ArrayAppend.xml
----------------- Instantiating /home/travis/build/icyphy/ptII/ptolemy/actor/lib/test/auto/ArrayAppend.xml
4 ms. Memory: 480768K Free: 367923K (77%)
----------------- Invoking toplevel() on ptolemy.moml.MoMLSimpleApplication@2bd08ea7
----------------- Done invoking toplevel() on ptolemy.moml.MoMLSimpleApplication@2bd08ea7
reloadAllAccessors: .ArrayAppend

===========================================================================================
----------------- testing Wed Jun 06 21:16:16 UTC 2018 /home/travis/build/icyphy/ptII/ptolemy/actor/lib/test/auto/ArrayAppend2.xml
----------------- Instantiating /home/travis/build/icyphy/ptII/ptolemy/actor/lib/test/auto/ArrayAppend2.xml
386 ms. Memory: 480768K Free: 282204K (59%)
----------------- Invoking toplevel() on ptolemy.moml.MoMLSimpleApplication@5c59027a
----------------- Done invoking toplevel() on ptolemy.moml.MoMLSimpleApplication@5c59027a
reloadAllAccessors: .ArrayAppend2

===========================================================================================
----------------- testing Wed Jun 06 21:16:16 UTC 2018 /home/travis/build/icyphy/ptII/ptolemy/actor/lib/test/auto/ArrayAppend3.xml
----------------- Instantiating /home/travis/build/icyphy/ptII/ptolemy/actor/lib/test/auto/ArrayAppend3.xml
2 ms. Memory: 480768K Free: 267256K (56%)
----------------- Invoking toplevel() on ptolemy.moml.MoMLSimpleApplication@2cc17b59
----------------- Done invoking toplevel() on ptolemy.moml.MoMLSimpleApplication@2cc17b59
reloadAllAccessors: .ArrayAppend3

===========================================================================================
----------------- testing Wed Jun 06 21:16:16 UTC 2018 /home/travis/build/icyphy/ptII/ptolemy/actor/lib/test/auto/ArrayAppend4.xml
----------------- Instantiating /home/travis/build/icyphy/ptII/ptolemy/actor/lib/test/auto/ArrayAppend4.xml
2 ms. Memory: 480768K Free: 259463K (54%)
----------------- Invoking toplevel() on ptolemy.moml.MoMLSimpleApplication@486eacc7
----------------- Done invoking toplevel() on ptolemy.moml.MoMLSimpleApplication@486eacc7
reloadAllAccessors: .ArrayAppend4

===========================================================================================
----------------- testing Wed Jun 06 21:16:16 UTC 2018 /home/travis/build/icyphy/ptII/ptolemy/actor/lib/test/auto/ArrayAppend5.xml
----------------- Instantiating /home/travis/build/icyphy/ptII/ptolemy/actor/lib/test/auto/ArrayAppend5.xml
2 ms. Memory: 480768K Free: 251662K (52%)
----------------- Invoking toplevel() on ptolemy.moml.MoMLSimpleApplication@257841cf
----------------- Done invoking toplevel() on ptolemy.moml.MoMLSimpleApplication@257841cf
reloadAllAccessors: .ArrayAppend5

===========================================================================================
----------------- testing Wed Jun 06 21:16:16 UTC 2018 /home/travis/build/icyphy/ptII/ptolemy/actor/lib/test/auto/ArrayAppend6.xml
----------------- Instantiating /home/travis/build/icyphy/ptII/ptolemy/actor/lib/test/auto/ArrayAppend6.xml
2 ms. Memory: 480768K Free: 236722K (49%)
----------------- Invoking toplevel() on ptolemy.moml.MoMLSimpleApplication@67bc17
----------------- Done invoking toplevel() on ptolemy.moml.MoMLSimpleApplication@67bc17
reloadAllAccessors: .ArrayAppend6

===========================================================================================
----------------- testing Wed Jun 06 21:16:16 UTC 2018 /home/travis/build/icyphy/ptII/ptolemy/actor/lib/test/auto/ArrayAppendPerformanceTest.xml
----------------- Instantiating /home/travis/build/icyphy/ptII/ptolemy/actor/lib/test/auto/ArrayAppendPerformanceTest.xml
26 ms. Memory: 480768K Free: 226316K (47%)
----------------- Invoking toplevel() on ptolemy.moml.MoMLSimpleApplication@4e78b1c4
----------------- Done invoking toplevel() on ptolemy.moml.MoMLSimpleApplication@4e78b1c4
reloadAllAccessors: .ArrayAppendPerformanceTest

===========================================================================================
----------------- testing Wed Jun 06 21:16:16 UTC 2018 /home/travis/build/icyphy/ptII/ptolemy/actor/lib/test/auto/ArrayAppendWithEmptyInput.xml
----------------- Instantiating /home/travis/build/icyphy/ptII/ptolemy/actor/lib/test/auto/ArrayAppendWithEmptyInput.xml
31 ms. Memory: 480768K Free: 215902K (45%)
----------------- Invoking toplevel() on ptolemy.moml.MoMLSimpleApplication@493fa258
----------------- Done invoking toplevel() on ptolemy.moml.MoMLSimpleApplication@493fa258
reloadAllAccessors: .ArrayAppendWithEmptyInput

===========================================================================================
----------------- testing Wed Jun 06 21:16:16 UTC 2018 /home/travis/build/icyphy/ptII/ptolemy/actor/lib/test/auto/ArrayAverage.xml
----------------- Instantiating /home/travis/build/icyphy/ptII/ptolemy/actor/lib/test/auto/ArrayAverage.xml
11 ms. Memory: 480768K Free: 205496K (43%)
----------------- Invoking toplevel() on ptolemy.moml.MoMLSimpleApplication@2d06ebd
----------------- Done invoking toplevel() on ptolemy.moml.MoMLSimpleApplication@2d06ebd
reloadAllAccessors: .ArrayAverage

===========================================================================================
----------------- testing Wed Jun 06 21:16:16 UTC 2018 /home/travis/build/icyphy/ptII/ptolemy/actor/lib/test/auto/ArrayContains.xml
----------------- Instantiating /home/travis/build/icyphy/ptII/ptolemy/actor/lib/test/auto/ArrayContains.xml
5 ms. Memory: 480768K Free: 190540K (40%)
----------------- Invoking toplevel() on ptolemy.moml.MoMLSimpleApplication@1452a959
----------------- Done invoking toplevel() on ptolemy.moml.MoMLSimpleApplication@1452a959
reloadAllAccessors: .ArrayContains

===========================================================================================
----------------- testing Wed Jun 06 21:16:16 UTC 2018 /home/travis/build/icyphy/ptII/ptolemy/actor/lib/test/auto/ArrayElement.xml
----------------- Instantiating /home/travis/build/icyphy/ptII/ptolemy/actor/lib/test/auto/ArrayElement.xml
3 ms. Memory: 480768K Free: 180199K (37%)
----------------- Invoking toplevel() on ptolemy.moml.MoMLSimpleApplication@2732a50
----------------- Done invoking toplevel() on ptolemy.moml.MoMLSimpleApplication@2732a50
reloadAllAccessors: .ArrayElement

===========================================================================================
----------------- testing Wed Jun 06 21:16:16 UTC 2018 /home/travis/build/icyphy/ptII/ptolemy/actor/lib/test/auto/ArrayElementAsMatrix.xml
----------------- Instantiating /home/travis/build/icyphy/ptII/ptolemy/actor/lib/test/auto/ArrayElementAsMatrix.xml
19 ms. Memory: 480768K Free: 169792K (35%)
----------------- Invoking toplevel() on ptolemy.moml.MoMLSimpleApplication@6a1e2abd
----------------- Done invoking toplevel() on ptolemy.moml.MoMLSimpleApplication@6a1e2abd
reloadAllAccessors: .ArrayElementAsMatrix

===========================================================================================
----------------- testing Wed Jun 06 21:16:16 UTC 2018 /home/travis/build/icyphy/ptII/ptolemy/actor/lib/test/auto/ArrayElementI.xml
----------------- Instantiating /home/travis/build/icyphy/ptII/ptolemy/actor/lib/test/auto/ArrayElementI.xml
3 ms. Memory: 480768K Free: 154836K (32%)
----------------- Invoking toplevel() on ptolemy.moml.MoMLSimpleApplication@5576ffb1
----------------- Done invoking toplevel() on ptolemy.moml.MoMLSimpleApplication@5576ffb1
reloadAllAccessors: .ArrayElementI

===========================================================================================
----------------- testing Wed Jun 06 21:16:17 UTC 2018 /home/travis/build/icyphy/ptII/ptolemy/actor/lib/test/auto/ArrayExtract.xml
----------------- Instantiating /home/travis/build/icyphy/ptII/ptolemy/actor/lib/test/auto/ArrayExtract.xml
5 ms. Memory: 480768K Free: 147043K (31%)
----------------- Invoking toplevel() on ptolemy.moml.MoMLSimpleApplication@5e21a99d
----------------- Done invoking toplevel() on ptolemy.moml.MoMLSimpleApplication@5e21a99d
reloadAllAccessors: .ArrayExtract

===========================================================================================
----------------- testing Wed Jun 06 21:16:17 UTC 2018 /home/travis/build/icyphy/ptII/ptolemy/actor/lib/test/auto/ArrayExtract2.xml
----------------- Instantiating /home/travis/build/icyphy/ptII/ptolemy/actor/lib/test/auto/ArrayExtract2.xml
2 ms. Memory: 480768K Free: 139243K (29%)
----------------- Invoking toplevel() on ptolemy.moml.MoMLSimpleApplication@672ff6fc
----------------- Done invoking toplevel() on ptolemy.moml.MoMLSimpleApplication@672ff6fc
reloadAllAccessors: .ArrayExtract2

===========================================================================================
----------------- testing Wed Jun 06 21:16:17 UTC 2018 /home/travis/build/icyphy/ptII/ptolemy/actor/lib/test/auto/ArrayLength.xml
----------------- Instantiating /home/travis/build/icyphy/ptII/ptolemy/actor/lib/test/auto/ArrayLength.xml
3 ms. Memory: 480768K Free: 126900K (26%)
----------------- Invoking toplevel() on ptolemy.moml.MoMLSimpleApplication@57a699cb
----------------- Done invoking toplevel() on ptolemy.moml.MoMLSimpleApplication@57a699cb
reloadAllAccessors: .ArrayLength

===========================================================================================
----------------- testing Wed Jun 06 21:16:17 UTC 2018 /home/travis/build/icyphy/ptII/ptolemy/actor/lib/test/auto/ArrayLevelCrossing.xml
----------------- Instantiating /home/travis/build/icyphy/ptII/ptolemy/actor/lib/test/auto/ArrayLevelCrossing.xml
4 ms. Memory: 480768K Free: 116470K (24%)
----------------- Invoking toplevel() on ptolemy.moml.MoMLSimpleApplication@661ef076
----------------- Done invoking toplevel() on ptolemy.moml.MoMLSimpleApplication@661ef076
reloadAllAccessors: .ArrayLevelCrossing

===========================================================================================
----------------- testing Wed Jun 06 21:16:17 UTC 2018 /home/travis/build/icyphy/ptII/ptolemy/actor/lib/test/auto/ArrayLevelCrossing2.xml
----------------- Instantiating /home/travis/build/icyphy/ptII/ptolemy/actor/lib/test/auto/ArrayLevelCrossing2.xml
2 ms. Memory: 480768K Free: 108677K (23%)
----------------- Invoking toplevel() on ptolemy.moml.MoMLSimpleApplication@4cefbede
----------------- Done invoking toplevel() on ptolemy.moml.MoMLSimpleApplication@4cefbede
reloadAllAccessors: .ArrayLevelCrossing2

===========================================================================================
----------------- testing Wed Jun 06 21:16:17 UTC 2018 /home/travis/build/icyphy/ptII/ptolemy/actor/lib/test/auto/ArrayPeakSearch.xml
----------------- Instantiating /home/travis/build/icyphy/ptII/ptolemy/actor/lib/test/auto/ArrayPeakSearch.xml
7 ms. Memory: 480768K Free: 91123K (19%)
----------------- Invoking toplevel() on ptolemy.moml.MoMLSimpleApplication@91d7ff7
----------------- Done invoking toplevel() on ptolemy.moml.MoMLSimpleApplication@91d7ff7
reloadAllAccessors: .ArrayPeakSearch

===========================================================================================
----------------- testing Wed Jun 06 21:16:17 UTC 2018 /home/travis/build/icyphy/ptII/ptolemy/actor/lib/test/auto/ArrayPeakSearch2.xml
----------------- Instantiating /home/travis/build/icyphy/ptII/ptolemy/actor/lib/test/auto/ArrayPeakSearch2.xml
11 ms. Memory: 480768K Free: 78095K (16%)
----------------- Invoking toplevel() on ptolemy.moml.MoMLSimpleApplication@7b42dd4e
----------------- Done invoking toplevel() on ptolemy.moml.MoMLSimpleApplication@7b42dd4e
reloadAllAccessors: .ArrayPeakSearch2

===========================================================================================
----------------- testing Wed Jun 06 21:16:17 UTC 2018 /home/travis/build/icyphy/ptII/ptolemy/actor/lib/test/auto/ArrayPeakSearch3.xml
----------------- Instantiating /home/travis/build/icyphy/ptII/ptolemy/actor/lib/test/auto/ArrayPeakSearch3.xml
6 ms. Memory: 480768K Free: 67705K (14%)
----------------- Invoking toplevel() on ptolemy.moml.MoMLSimpleApplication@54875d27
----------------- Done invoking toplevel() on ptolemy.moml.MoMLSimpleApplication@54875d27
reloadAllAccessors: .ArrayPeakSearch3

===========================================================================================
----------------- testing Wed Jun 06 21:16:17 UTC 2018 /home/travis/build/icyphy/ptII/ptolemy/actor/lib/test/auto/ArrayRemoveElement.xml
----------------- Instantiating /home/travis/build/icyphy/ptII/ptolemy/actor/lib/test/auto/ArrayRemoveElement.xml
7 ms. Memory: 480768K Free: 57299K (12%)
----------------- Invoking toplevel() on ptolemy.moml.MoMLSimpleApplication@25ed4155
----------------- Done invoking toplevel() on ptolemy.moml.MoMLSimpleApplication@25ed4155
reloadAllAccessors: .ArrayRemoveElement

===========================================================================================
----------------- testing Wed Jun 06 21:16:17 UTC 2018 /home/travis/build/icyphy/ptII/ptolemy/actor/lib/test/auto/ArraySort.xml
----------------- Instantiating /home/travis/build/icyphy/ptII/ptolemy/actor/lib/test/auto/ArraySort.xml
4 ms. Memory: 721408K Free: 669485K (93%)
----------------- Invoking toplevel() on ptolemy.moml.MoMLSimpleApplication@52b27e47
----------------- Done invoking toplevel() on ptolemy.moml.MoMLSimpleApplication@52b27e47
reloadAllAccessors: .ArraySort

===========================================================================================
----------------- testing Wed Jun 06 21:16:17 UTC 2018 /home/travis/build/icyphy/ptII/ptolemy/actor/lib/test/auto/ArraySum.xml
----------------- Instantiating /home/travis/build/icyphy/ptII/ptolemy/actor/lib/test/auto/ArraySum.xml
2 ms. Memory: 721408K Free: 652878K (91%)
----------------- Invoking toplevel() on ptolemy.moml.MoMLSimpleApplication@1f4991eb
----------------- Done invoking toplevel() on ptolemy.moml.MoMLSimpleApplication@1f4991eb
reloadAllAccessors: .ArraySum

===========================================================================================
----------------- testing Wed Jun 06 21:16:17 UTC 2018 /home/travis/build/icyphy/ptII/ptolemy/actor/lib/test/auto/ArrayToElements.xml
----------------- Instantiating /home/travis/build/icyphy/ptII/ptolemy/actor/lib/test/auto/ArrayToElements.xml
5 ms. Memory: 721408K Free: 644563K (89%)
----------------- Invoking toplevel() on ptolemy.moml.MoMLSimpleApplication@13fa854a
----------------- Done invoking toplevel() on ptolemy.moml.MoMLSimpleApplication@13fa854a
reloadAllAccessors: .ArrayToElements

===========================================================================================
----------------- testing Wed Jun 06 21:16:17 UTC 2018 /home/travis/build/icyphy/ptII/ptolemy/actor/lib/test/auto/ArrayToMatrix.xml
----------------- Instantiating /home/travis/build/icyphy/ptII/ptolemy/actor/lib/test/auto/ArrayToMatrix.xml
5 ms. Memory: 721408K Free: 623743K (86%)
----------------- Invoking toplevel() on ptolemy.moml.MoMLSimpleApplication@7c542d72
----------------- Done invoking toplevel() on ptolemy.moml.MoMLSimpleApplication@7c542d72
reloadAllAccessors: .ArrayToMatrix

===========================================================================================
----------------- testing Wed Jun 06 21:16:17 UTC 2018 /home/travis/build/icyphy/ptII/ptolemy/actor/lib/test/auto/ArrayUpdate1.xml
----------------- Instantiating /home/travis/build/icyphy/ptII/ptolemy/actor/lib/test/auto/ArrayUpdate1.xml
1 ms. Memory: 721408K Free: 607220K (84%)
----------------- Invoking toplevel() on ptolemy.moml.MoMLSimpleApplication@1f73c284
----------------- Done invoking toplevel() on ptolemy.moml.MoMLSimpleApplication@1f73c284
reloadAllAccessors: .ArrayUpdate1

===========================================================================================
----------------- testing Wed Jun 06 21:16:17 UTC 2018 /home/travis/build/icyphy/ptII/ptolemy/actor/lib/test/auto/ArrayUpdate2.xml
----------------- Instantiating /home/travis/build/icyphy/ptII/ptolemy/actor/lib/test/auto/ArrayUpdate2.xml
3 ms. Memory: 721408K Free: 598905K (83%)
----------------- Invoking toplevel() on ptolemy.moml.MoMLSimpleApplication@630b1935
----------------- Done invoking toplevel() on ptolemy.moml.MoMLSimpleApplication@630b1935
reloadAllAccessors: .ArrayUpdate2

===========================================================================================
----------------- testing Wed Jun 06 21:16:17 UTC 2018 /home/travis/build/icyphy/ptII/ptolemy/actor/lib/test/auto/ArrayUpdate3.xml
----------------- Instantiating /home/travis/build/icyphy/ptII/ptolemy/actor/lib/test/auto/ArrayUpdate3.xml
2 ms. Memory: 721408K Free: 590590K (82%)
----------------- Invoking toplevel() on ptolemy.moml.MoMLSimpleApplication@1724cdd9
----------------- Done invoking toplevel() on ptolemy.moml.MoMLSimpleApplication@1724cdd9
reloadAllAccessors: .ArrayUpdate3

===========================================================================================
----------------- testing Wed Jun 06 21:16:17 UTC 2018 /home/travis/build/icyphy/ptII/ptolemy/actor/lib/test/auto/Assert1.xml
----------------- Instantiating /home/travis/build/icyphy/ptII/ptolemy/actor/lib/test/auto/Assert1.xml
2 ms. Memory: 721408K Free: 582275K (81%)
----------------- Invoking toplevel() on ptolemy.moml.MoMLSimpleApplication@230c7d28
----------------- Done invoking toplevel() on ptolemy.moml.MoMLSimpleApplication@230c7d28
reloadAllAccessors: .Assert1

===========================================================================================
----------------- testing Wed Jun 06 21:16:17 UTC 2018 /home/travis/build/icyphy/ptII/ptolemy/actor/lib/test/auto/Assert2.xml
----------------- Instantiating /home/travis/build/icyphy/ptII/ptolemy/actor/lib/test/auto/Assert2.xml
6 ms. Memory: 721408K Free: 565752K (78%)
----------------- Invoking toplevel() on ptolemy.moml.MoMLSimpleApplication@14e2c015
----------------- Done invoking toplevel() on ptolemy.moml.MoMLSimpleApplication@14e2c015
reloadAllAccessors: .Assert2

===========================================================================================
----------------- testing Wed Jun 06 21:16:17 UTC 2018 /home/travis/build/icyphy/ptII/ptolemy/actor/lib/test/auto/BooleanMultiplexor.xml
----------------- Instantiating /home/travis/build/icyphy/ptII/ptolemy/actor/lib/test/auto/BooleanMultiplexor.xml
2 ms. Memory: 721408K Free: 557437K (77%)
----------------- Invoking toplevel() on ptolemy.moml.MoMLSimpleApplication@46cc8e9e
----------------- Done invoking toplevel() on ptolemy.moml.MoMLSimpleApplication@46cc8e9e
reloadAllAccessors: .BooleanMultiplexor

===========================================================================================
----------------- testing Wed Jun 06 21:16:17 UTC 2018 /home/travis/build/icyphy/ptII/ptolemy/actor/lib/test/auto/BooleanMultiplexor2.xml
----------------- Instantiating /home/travis/build/icyphy/ptII/ptolemy/actor/lib/test/auto/BooleanMultiplexor2.xml
3 ms. Memory: 721408K Free: 544965K (76%)
----------------- Invoking toplevel() on ptolemy.moml.MoMLSimpleApplication@28071268
----------------- Done invoking toplevel() on ptolemy.moml.MoMLSimpleApplication@28071268
reloadAllAccessors: .BooleanMultiplexor2

===========================================================================================
----------------- testing Wed Jun 06 21:16:17 UTC 2018 /home/travis/build/icyphy/ptII/ptolemy/actor/lib/test/auto/BooleanMultiplexor3.xml
----------------- Instantiating /home/travis/build/icyphy/ptII/ptolemy/actor/lib/test/auto/BooleanMultiplexor3.xml
9 ms. Memory: 721408K Free: 536650K (74%)
----------------- Invoking toplevel() on ptolemy.moml.MoMLSimpleApplication@1d477cfe
----------------- Done invoking toplevel() on ptolemy.moml.MoMLSimpleApplication@1d477cfe
reloadAllAccessors: .BooleanMultiplexor3

===========================================================================================
----------------- testing Wed Jun 06 21:16:17 UTC 2018 /home/travis/build/icyphy/ptII/ptolemy/actor/lib/test/auto/BooleanSelect.xml
----------------- Instantiating /home/travis/build/icyphy/ptII/ptolemy/actor/lib/test/auto/BooleanSelect.xml
7 ms. Memory: 721408K Free: 520126K (72%)
----------------- Invoking toplevel() on ptolemy.moml.MoMLSimpleApplication@23ef7175
----------------- Done invoking toplevel() on ptolemy.moml.MoMLSimpleApplication@23ef7175
reloadAllAccessors: .BooleanSelect

===========================================================================================
----------------- testing Wed Jun 06 21:16:17 UTC 2018 /home/travis/build/icyphy/ptII/ptolemy/actor/lib/test/auto/BooleanSelect2.xml
----------------- Instantiating /home/travis/build/icyphy/ptII/ptolemy/actor/lib/test/auto/BooleanSelect2.xml
1 ms. Memory: 721408K Free: 511812K (71%)
----------------- Invoking toplevel() on ptolemy.moml.MoMLSimpleApplication@4d70e34c
----------------- Done invoking toplevel() on ptolemy.moml.MoMLSimpleApplication@4d70e34c
reloadAllAccessors: .BooleanSelect2

===========================================================================================
----------------- testing Wed Jun 06 21:16:17 UTC 2018 /home/travis/build/icyphy/ptII/ptolemy/actor/lib/test/auto/BooleanSwitch.xml
----------------- Instantiating /home/travis/build/icyphy/ptII/ptolemy/actor/lib/test/auto/BooleanSwitch.xml
7 ms. Memory: 721408K Free: 503497K (70%)
----------------- Invoking toplevel() on ptolemy.moml.MoMLSimpleApplication@41925b32
----------------- Done invoking toplevel() on ptolemy.moml.MoMLSimpleApplication@41925b32
reloadAllAccessors: .BooleanSwitch

===========================================================================================
----------------- testing Wed Jun 06 21:16:17 UTC 2018 /home/travis/build/icyphy/ptII/ptolemy/actor/lib/test/auto/BooleanSwitch2.xml
----------------- Instantiating /home/travis/build/icyphy/ptII/ptolemy/actor/lib/test/auto/BooleanSwitch2.xml
1 ms. Memory: 721408K Free: 486973K (68%)
----------------- Invoking toplevel() on ptolemy.moml.MoMLSimpleApplication@4e53ca44
----------------- Done invoking toplevel() on ptolemy.moml.MoMLSimpleApplication@4e53ca44
reloadAllAccessors: .BooleanSwitch2

===========================================================================================
----------------- testing Wed Jun 06 21:16:17 UTC 2018 /home/travis/build/icyphy/ptII/ptolemy/actor/lib/test/auto/BooleanSwitchCloningBugWithClassRelationGroup.xml
----------------- Instantiating /home/travis/build/icyphy/ptII/ptolemy/actor/lib/test/auto/BooleanSwitchCloningBugWithClassRelationGroup.xml
2 ms. Memory: 721408K Free: 474485K (66%)
----------------- Invoking toplevel() on ptolemy.moml.MoMLSimpleApplication@19f69480
----------------- Done invoking toplevel() on ptolemy.moml.MoMLSimpleApplication@19f69480
reloadAllAccessors: .BooleanSwitchCloningBugWithClassRelationGroup

===========================================================================================
----------------- testing Wed Jun 06 21:16:17 UTC 2018 /home/travis/build/icyphy/ptII/ptolemy/actor/lib/test/auto/BusActors.xml
----------------- Instantiating /home/travis/build/icyphy/ptII/ptolemy/actor/lib/test/auto/BusActors.xml
5 ms. Memory: 721408K Free: 462012K (64%)
----------------- Invoking toplevel() on ptolemy.moml.MoMLSimpleApplication@725e21db
----------------- Done invoking toplevel() on ptolemy.moml.MoMLSimpleApplication@725e21db
reloadAllAccessors: .BusActors

===========================================================================================
----------------- testing Wed Jun 06 21:16:18 UTC 2018 /home/travis/build/icyphy/ptII/ptolemy/actor/lib/test/auto/ClassWrapper.xml
----------------- Instantiating /home/travis/build/icyphy/ptII/ptolemy/actor/lib/test/auto/ClassWrapper.xml
2 ms. Memory: 721408K Free: 453697K (63%)
----------------- Invoking toplevel() on ptolemy.moml.MoMLSimpleApplication@2852a259
----------------- Done invoking toplevel() on ptolemy.moml.MoMLSimpleApplication@2852a259
reloadAllAccessors: .ClassWrapper

===========================================================================================
----------------- testing Wed Jun 06 21:16:18 UTC 2018 /home/travis/build/icyphy/ptII/ptolemy/actor/lib/test/auto/Clock.xml
----------------- Instantiating /home/travis/build/icyphy/ptII/ptolemy/actor/lib/test/auto/Clock.xml
1 ms. Memory: 721408K Free: 437174K (61%)
----------------- Invoking toplevel() on ptolemy.moml.MoMLSimpleApplication@2c2ae50f
----------------- Done invoking toplevel() on ptolemy.moml.MoMLSimpleApplication@2c2ae50f
reloadAllAccessors: .Clock

===========================================================================================
----------------- testing Wed Jun 06 21:16:18 UTC 2018 /home/travis/build/icyphy/ptII/ptolemy/actor/lib/test/auto/Clock10.xml
----------------- Instantiating /home/travis/build/icyphy/ptII/ptolemy/actor/lib/test/auto/Clock10.xml
4 ms. Memory: 721408K Free: 428859K (59%)
----------------- Invoking toplevel() on ptolemy.moml.MoMLSimpleApplication@45ec2d43
----------------- Done invoking toplevel() on ptolemy.moml.MoMLSimpleApplication@45ec2d43
reloadAllAccessors: .Clock10

===========================================================================================
----------------- testing Wed Jun 06 21:16:18 UTC 2018 /home/travis/build/icyphy/ptII/ptolemy/actor/lib/test/auto/Clock11.xml
----------------- Instantiating /home/travis/build/icyphy/ptII/ptolemy/actor/lib/test/auto/Clock11.xml
5 ms. Memory: 721408K Free: 420544K (58%)
----------------- Invoking toplevel() on ptolemy.moml.MoMLSimpleApplication@6762b746
----------------- Done invoking toplevel() on ptolemy.moml.MoMLSimpleApplication@6762b746
reloadAllAccessors: .Clock11

===========================================================================================
----------------- testing Wed Jun 06 21:16:18 UTC 2018 /home/travis/build/icyphy/ptII/ptolemy/actor/lib/test/auto/Clock12.xml
----------------- Instantiating /home/travis/build/icyphy/ptII/ptolemy/actor/lib/test/auto/Clock12.xml
4 ms. Memory: 721408K Free: 412229K (57%)
----------------- Invoking toplevel() on ptolemy.moml.MoMLSimpleApplication@4c43fdcc
----------------- Done invoking toplevel() on ptolemy.moml.MoMLSimpleApplication@4c43fdcc
reloadAllAccessors: .Clock12

===========================================================================================
----------------- testing Wed Jun 06 21:16:18 UTC 2018 /home/travis/build/icyphy/ptII/ptolemy/actor/lib/test/auto/Clock13.xml
----------------- Instantiating /home/travis/build/icyphy/ptII/ptolemy/actor/lib/test/auto/Clock13.xml
4 ms. Memory: 721408K Free: 395706K (55%)
----------------- Invoking toplevel() on ptolemy.moml.MoMLSimpleApplication@3e9b7a2b
----------------- Done invoking toplevel() on ptolemy.moml.MoMLSimpleApplication@3e9b7a2b
reloadAllAccessors: .Clock13

===========================================================================================
----------------- testing Wed Jun 06 21:16:18 UTC 2018 /home/travis/build/icyphy/ptII/ptolemy/actor/lib/test/auto/Clock14.xml
----------------- Instantiating /home/travis/build/icyphy/ptII/ptolemy/actor/lib/test/auto/Clock14.xml
8 ms. Memory: 721408K Free: 387391K (54%)
----------------- Invoking toplevel() on ptolemy.moml.MoMLSimpleApplication@3dc85c58
----------------- Done invoking toplevel() on ptolemy.moml.MoMLSimpleApplication@3dc85c58
reloadAllAccessors: .Clock14

===========================================================================================
----------------- testing Wed Jun 06 21:16:18 UTC 2018 /home/travis/build/icyphy/ptII/ptolemy/actor/lib/test/auto/Clock15.xml
----------------- Instantiating /home/travis/build/icyphy/ptII/ptolemy/actor/lib/test/auto/Clock15.xml
6 ms. Memory: 721408K Free: 379076K (53%)
----------------- Invoking toplevel() on ptolemy.moml.MoMLSimpleApplication@3f180c71
----------------- Done invoking toplevel() on ptolemy.moml.MoMLSimpleApplication@3f180c71
reloadAllAccessors: .Clock15

===========================================================================================
----------------- testing Wed Jun 06 21:16:18 UTC 2018 /home/travis/build/icyphy/ptII/ptolemy/actor/lib/test/auto/Clock16.xml
----------------- Instantiating /home/travis/build/icyphy/ptII/ptolemy/actor/lib/test/auto/Clock16.xml
27 ms. Memory: 721408K Free: 354222K (49%)
----------------- Invoking toplevel() on ptolemy.moml.MoMLSimpleApplication@251d39e8
----------------- Done invoking toplevel() on ptolemy.moml.MoMLSimpleApplication@251d39e8
reloadAllAccessors: .Clock16

===========================================================================================
----------------- testing Wed Jun 06 21:16:18 UTC 2018 /home/travis/build/icyphy/ptII/ptolemy/actor/lib/test/auto/Clock17.xml
----------------- Instantiating /home/travis/build/icyphy/ptII/ptolemy/actor/lib/test/auto/Clock17.xml
26 ms. Memory: 721408K Free: 337584K (47%)
----------------- Invoking toplevel() on ptolemy.moml.MoMLSimpleApplication@21a53d85
----------------- Done invoking toplevel() on ptolemy.moml.MoMLSimpleApplication@21a53d85
reloadAllAccessors: .Clock17

===========================================================================================
----------------- testing Wed Jun 06 21:16:18 UTC 2018 /home/travis/build/icyphy/ptII/ptolemy/actor/lib/test/auto/Clock18.xml
----------------- Instantiating /home/travis/build/icyphy/ptII/ptolemy/actor/lib/test/auto/Clock18.xml
21 ms. Memory: 721408K Free: 320930K (44%)
----------------- Invoking toplevel() on ptolemy.moml.MoMLSimpleApplication@243729cb
----------------- Done invoking toplevel() on ptolemy.moml.MoMLSimpleApplication@243729cb
reloadAllAccessors: .Clock18

===========================================================================================
----------------- testing Wed Jun 06 21:16:18 UTC 2018 /home/travis/build/icyphy/ptII/ptolemy/actor/lib/test/auto/Clock19.xml
----------------- Instantiating /home/travis/build/icyphy/ptII/ptolemy/actor/lib/test/auto/Clock19.xml
15 ms. Memory: 721408K Free: 304300K (42%)
----------------- Invoking toplevel() on ptolemy.moml.MoMLSimpleApplication@7959371d
----------------- Done invoking toplevel() on ptolemy.moml.MoMLSimpleApplication@7959371d
reloadAllAccessors: .Clock19

===========================================================================================
----------------- testing Wed Jun 06 21:16:18 UTC 2018 /home/travis/build/icyphy/ptII/ptolemy/actor/lib/test/auto/Clock2.xml
----------------- Instantiating /home/travis/build/icyphy/ptII/ptolemy/actor/lib/test/auto/Clock2.xml
7 ms. Memory: 721408K Free: 287776K (40%)
----------------- Invoking toplevel() on ptolemy.moml.MoMLSimpleApplication@122d9260
----------------- Done invoking toplevel() on ptolemy.moml.MoMLSimpleApplication@122d9260
reloadAllAccessors: .Clock2

===========================================================================================
----------------- testing Wed Jun 06 21:16:18 UTC 2018 /home/travis/build/icyphy/ptII/ptolemy/actor/lib/test/auto/Clock20.xml
----------------- Instantiating /home/travis/build/icyphy/ptII/ptolemy/actor/lib/test/auto/Clock20.xml
13 ms. Memory: 721408K Free: 279461K (39%)
----------------- Invoking toplevel() on ptolemy.moml.MoMLSimpleApplication@1278207e
----------------- Done invoking toplevel() on ptolemy.moml.MoMLSimpleApplication@1278207e
reloadAllAccessors: .Clock20

===========================================================================================
----------------- testing Wed Jun 06 21:16:18 UTC 2018 /home/travis/build/icyphy/ptII/ptolemy/actor/lib/test/auto/Clock21.xml
----------------- Instantiating /home/travis/build/icyphy/ptII/ptolemy/actor/lib/test/auto/Clock21.xml
7 ms. Memory: 721408K Free: 271146K (38%)
----------------- Invoking toplevel() on ptolemy.moml.MoMLSimpleApplication@55c9e1a6
----------------- Done invoking toplevel() on ptolemy.moml.MoMLSimpleApplication@55c9e1a6
reloadAllAccessors: .Clock21

===========================================================================================
----------------- testing Wed Jun 06 21:16:18 UTC 2018 /home/travis/build/icyphy/ptII/ptolemy/actor/lib/test/auto/Clock22.xml
----------------- Instantiating /home/travis/build/icyphy/ptII/ptolemy/actor/lib/test/auto/Clock22.xml
7 ms. Memory: 721408K Free: 262831K (36%)
----------------- Invoking toplevel() on ptolemy.moml.MoMLSimpleApplication@2ce67ee5
----------------- Done invoking toplevel() on ptolemy.moml.MoMLSimpleApplication@2ce67ee5
reloadAllAccessors: .Clock22

===========================================================================================
----------------- testing Wed Jun 06 21:16:18 UTC 2018 /home/travis/build/icyphy/ptII/ptolemy/actor/lib/test/auto/Clock23.xml
----------------- Instantiating /home/travis/build/icyphy/ptII/ptolemy/actor/lib/test/auto/Clock23.xml
9 ms. Memory: 721408K Free: 246308K (34%)
----------------- Invoking toplevel() on ptolemy.moml.MoMLSimpleApplication@7633fbd7
----------------- Done invoking toplevel() on ptolemy.moml.MoMLSimpleApplication@7633fbd7
reloadAllAccessors: .Clock23

===========================================================================================
----------------- testing Wed Jun 06 21:16:18 UTC 2018 /home/travis/build/icyphy/ptII/ptolemy/actor/lib/test/auto/Clock24.xml
----------------- Instantiating /home/travis/build/icyphy/ptII/ptolemy/actor/lib/test/auto/Clock24.xml
6 ms. Memory: 721408K Free: 237993K (33%)
----------------- Invoking toplevel() on ptolemy.moml.MoMLSimpleApplication@3b523cb7
----------------- Done invoking toplevel() on ptolemy.moml.MoMLSimpleApplication@3b523cb7
reloadAllAccessors: .Clock24

===========================================================================================
----------------- testing Wed Jun 06 21:16:18 UTC 2018 /home/travis/build/icyphy/ptII/ptolemy/actor/lib/test/auto/Clock4.xml
----------------- Instantiating /home/travis/build/icyphy/ptII/ptolemy/actor/lib/test/auto/Clock4.xml
6 ms. Memory: 721408K Free: 229678K (32%)
----------------- Invoking toplevel() on ptolemy.moml.MoMLSimpleApplication@3eca4add
----------------- Done invoking toplevel() on ptolemy.moml.MoMLSimpleApplication@3eca4add
reloadAllAccessors: .Clock4

===========================================================================================
----------------- testing Wed Jun 06 21:16:18 UTC 2018 /home/travis/build/icyphy/ptII/ptolemy/actor/lib/test/auto/Clock5.xml
----------------- Instantiating /home/travis/build/icyphy/ptII/ptolemy/actor/lib/test/auto/Clock5.xml
2 ms. Memory: 721408K Free: 213155K (30%)
----------------- Invoking toplevel() on ptolemy.moml.MoMLSimpleApplication@5c1f4ba
----------------- Done invoking toplevel() on ptolemy.moml.MoMLSimpleApplication@5c1f4ba
reloadAllAccessors: .Clock5

===========================================================================================
----------------- testing Wed Jun 06 21:16:18 UTC 2018 /home/travis/build/icyphy/ptII/ptolemy/actor/lib/test/auto/Clock6.xml
----------------- Instantiating /home/travis/build/icyphy/ptII/ptolemy/actor/lib/test/auto/Clock6.xml
2 ms. Memory: 721408K Free: 204840K (28%)
----------------- Invoking toplevel() on ptolemy.moml.MoMLSimpleApplication@677d3ee7
----------------- Done invoking toplevel() on ptolemy.moml.MoMLSimpleApplication@677d3ee7
reloadAllAccessors: .Clock6

===========================================================================================
----------------- testing Wed Jun 06 21:16:18 UTC 2018 /home/travis/build/icyphy/ptII/ptolemy/actor/lib/test/auto/Clock7.xml
----------------- Instantiating /home/travis/build/icyphy/ptII/ptolemy/actor/lib/test/auto/Clock7.xml
2 ms. Memory: 721408K Free: 196525K (27%)
----------------- Invoking toplevel() on ptolemy.moml.MoMLSimpleApplication@8a9fa91
----------------- Done invoking toplevel() on ptolemy.moml.MoMLSimpleApplication@8a9fa91
reloadAllAccessors: .Clock7

===========================================================================================
----------------- testing Wed Jun 06 21:16:18 UTC 2018 /home/travis/build/icyphy/ptII/ptolemy/actor/lib/test/auto/Clock8.xml
----------------- Instantiating /home/travis/build/icyphy/ptII/ptolemy/actor/lib/test/auto/Clock8.xml
3 ms. Memory: 721408K Free: 188210K (26%)
----------------- Invoking toplevel() on ptolemy.moml.MoMLSimpleApplication@4987b79c
----------------- Done invoking toplevel() on ptolemy.moml.MoMLSimpleApplication@4987b79c
reloadAllAccessors: .Clock8

===========================================================================================
----------------- testing Wed Jun 06 21:16:18 UTC 2018 /home/travis/build/icyphy/ptII/ptolemy/actor/lib/test/auto/Clock9.xml
----------------- Instantiating /home/travis/build/icyphy/ptII/ptolemy/actor/lib/test/auto/Clock9.xml
7 ms. Memory: 721408K Free: 171687K (24%)
----------------- Invoking toplevel() on ptolemy.moml.MoMLSimpleApplication@69aee4c7
----------------- Done invoking toplevel() on ptolemy.moml.MoMLSimpleApplication@69aee4c7
reloadAllAccessors: .Clock9

===========================================================================================
----------------- testing Wed Jun 06 21:16:18 UTC 2018 /home/travis/build/icyphy/ptII/ptolemy/actor/lib/test/auto/CommDistDiscard.xml
----------------- Instantiating /home/travis/build/icyphy/ptII/ptolemy/actor/lib/test/auto/CommDistDiscard.xml
2 ms. Memory: 721408K Free: 163372K (23%)
----------------- Invoking toplevel() on ptolemy.moml.MoMLSimpleApplication@5ddbbb34
----------------- Done invoking toplevel() on ptolemy.moml.MoMLSimpleApplication@5ddbbb34
reloadAllAccessors: .CommDistDiscard

===========================================================================================
----------------- testing Wed Jun 06 21:16:18 UTC 2018 /home/travis/build/icyphy/ptII/ptolemy/actor/lib/test/auto/Commutator.xml
----------------- Instantiating /home/travis/build/icyphy/ptII/ptolemy/actor/lib/test/auto/Commutator.xml
2 ms. Memory: 721408K Free: 155057K (21%)
----------------- Invoking toplevel() on ptolemy.moml.MoMLSimpleApplication@51471d6d
----------------- Done invoking toplevel() on ptolemy.moml.MoMLSimpleApplication@51471d6d
reloadAllAccessors: .Commutator

===========================================================================================
----------------- testing Wed Jun 06 21:16:18 UTC 2018 /home/travis/build/icyphy/ptII/ptolemy/actor/lib/test/auto/Commutator2.xml
----------------- Instantiating /home/travis/build/icyphy/ptII/ptolemy/actor/lib/test/auto/Commutator2.xml
2 ms. Memory: 721408K Free: 138534K (19%)
----------------- Invoking toplevel() on ptolemy.moml.MoMLSimpleApplication@78ea7ab7
----------------- Done invoking toplevel() on ptolemy.moml.MoMLSimpleApplication@78ea7ab7
reloadAllAccessors: .Commutator2

===========================================================================================
----------------- testing Wed Jun 06 21:16:18 UTC 2018 /home/travis/build/icyphy/ptII/ptolemy/actor/lib/test/auto/Commutator3.xml
----------------- Instantiating /home/travis/build/icyphy/ptII/ptolemy/actor/lib/test/auto/Commutator3.xml
2 ms. Memory: 721408K Free: 130219K (18%)
----------------- Invoking toplevel() on ptolemy.moml.MoMLSimpleApplication@3f3976c1
----------------- Done invoking toplevel() on ptolemy.moml.MoMLSimpleApplication@3f3976c1
reloadAllAccessors: .Commutator3

===========================================================================================
----------------- testing Wed Jun 06 21:16:18 UTC 2018 /home/travis/build/icyphy/ptII/ptolemy/actor/lib/test/auto/Compare.xml
----------------- Instantiating /home/travis/build/icyphy/ptII/ptolemy/actor/lib/test/auto/Compare.xml
2 ms. Memory: 721408K Free: 117731K (16%)
----------------- Invoking toplevel() on ptolemy.moml.MoMLSimpleApplication@7dd0fe59
----------------- Done invoking toplevel() on ptolemy.moml.MoMLSimpleApplication@7dd0fe59
reloadAllAccessors: .Compare

===========================================================================================
----------------- testing Wed Jun 06 21:16:18 UTC 2018 /home/travis/build/icyphy/ptII/ptolemy/actor/lib/test/auto/CompareDE.xml
----------------- Instantiating /home/travis/build/icyphy/ptII/ptolemy/actor/lib/test/auto/CompareDE.xml
4 ms. Memory: 721408K Free: 105242K (15%)
----------------- Invoking toplevel() on ptolemy.moml.MoMLSimpleApplication@6ae440ab
----------------- Done invoking toplevel() on ptolemy.moml.MoMLSimpleApplication@6ae440ab
reloadAllAccessors: .CompareDE

===========================================================================================
----------------- testing Wed Jun 06 21:16:18 UTC 2018 /home/travis/build/icyphy/ptII/ptolemy/actor/lib/test/auto/ComplexDivide.xml
----------------- Instantiating /home/travis/build/icyphy/ptII/ptolemy/actor/lib/test/auto/ComplexDivide.xml
2 ms. Memory: 721408K Free: 88719K (12%)
----------------- Invoking toplevel() on ptolemy.moml.MoMLSimpleApplication@3064dd1
----------------- Done invoking toplevel() on ptolemy.moml.MoMLSimpleApplication@3064dd1
reloadAllAccessors: .ComplexDivide

===========================================================================================
----------------- testing Wed Jun 06 21:16:18 UTC 2018 /home/travis/build/icyphy/ptII/ptolemy/actor/lib/test/auto/ComputeHistogram.xml
----------------- Instantiating /home/travis/build/icyphy/ptII/ptolemy/actor/lib/test/auto/ComputeHistogram.xml
27 ms. Memory: 721408K Free: 72057K (10%)
----------------- Invoking toplevel() on ptolemy.moml.MoMLSimpleApplication@1934155b
----------------- Done invoking toplevel() on ptolemy.moml.MoMLSimpleApplication@1934155b
reloadAllAccessors: .ComputeHistogram

===========================================================================================
----------------- testing Wed Jun 06 21:16:18 UTC 2018 /home/travis/build/icyphy/ptII/ptolemy/actor/lib/test/auto/ConfigurationSelect.xml
----------------- Instantiating /home/travis/build/icyphy/ptII/ptolemy/actor/lib/test/auto/ConfigurationSelect.xml
3 ms. Memory: 721408K Free: 63742K (9%)
----------------- Invoking toplevel() on ptolemy.moml.MoMLSimpleApplication@5bb97d85
----------------- Done invoking toplevel() on ptolemy.moml.MoMLSimpleApplication@5bb97d85
reloadAllAccessors: .ConfigurationSelect

===========================================================================================
----------------- testing Wed Jun 06 21:16:18 UTC 2018 /home/travis/build/icyphy/ptII/ptolemy/actor/lib/test/auto/ConfigurationSelect2.xml
----------------- Instantiating /home/travis/build/icyphy/ptII/ptolemy/actor/lib/test/auto/ConfigurationSelect2.xml
2 ms. Memory: 721408K Free: 58342K (8%)
----------------- Invoking toplevel() on ptolemy.moml.MoMLSimpleApplication@17a4fc4d
----------------- Done invoking toplevel() on ptolemy.moml.MoMLSimpleApplication@17a4fc4d
reloadAllAccessors: .ConfigurationSelect2

===========================================================================================
----------------- testing Wed Jun 06 21:16:19 UTC 2018 /home/travis/build/icyphy/ptII/ptolemy/actor/lib/test/auto/ConfigurationSwitch.xml
----------------- Instantiating /home/travis/build/icyphy/ptII/ptolemy/actor/lib/test/auto/ConfigurationSwitch.xml
2 ms. Memory: 721408K Free: 667223K (92%)
----------------- Invoking toplevel() on ptolemy.moml.MoMLSimpleApplication@14ae019f
----------------- Done invoking toplevel() on ptolemy.moml.MoMLSimpleApplication@14ae019f
reloadAllAccessors: .ConfigurationSwitch

===========================================================================================
----------------- testing Wed Jun 06 21:16:19 UTC 2018 /home/travis/build/icyphy/ptII/ptolemy/actor/lib/test/auto/ConfigurationSwitch2.xml
----------------- Instantiating /home/travis/build/icyphy/ptII/ptolemy/actor/lib/test/auto/ConfigurationSwitch2.xml
1 ms. Memory: 721408K Free: 658908K (91%)
----------------- Invoking toplevel() on ptolemy.moml.MoMLSimpleApplication@5fa3edc7
----------------- Done invoking toplevel() on ptolemy.moml.MoMLSimpleApplication@5fa3edc7
reloadAllAccessors: .ConfigurationSwitch2

===========================================================================================
----------------- testing Wed Jun 06 21:16:19 UTC 2018 /home/travis/build/icyphy/ptII/ptolemy/actor/lib/test/auto/ConfigurationSwitchCloningBugWithClassRelationGroup.xml
----------------- Instantiating /home/travis/build/icyphy/ptII/ptolemy/actor/lib/test/auto/ConfigurationSwitchCloningBugWithClassRelationGroup.xml
1 ms. Memory: 721408K Free: 640265K (89%)
----------------- Invoking toplevel() on ptolemy.moml.MoMLSimpleApplication@5a69bb94
----------------- Done invoking toplevel() on ptolemy.moml.MoMLSimpleApplication@5a69bb94
reloadAllAccessors: .ConfigurationSwitchCloningBugWithClassRelationGroup

===========================================================================================
----------------- testing Wed Jun 06 21:16:19 UTC 2018 /home/travis/build/icyphy/ptII/ptolemy/actor/lib/test/auto/ConfigurationSwitchSelectSDF.xml
----------------- Instantiating /home/travis/build/icyphy/ptII/ptolemy/actor/lib/test/auto/ConfigurationSwitchSelectSDF.xml
2 ms. Memory: 721408K Free: 631950K (88%)
----------------- Invoking toplevel() on ptolemy.moml.MoMLSimpleApplication@6ea35b88
----------------- Done invoking toplevel() on ptolemy.moml.MoMLSimpleApplication@6ea35b88
reloadAllAccessors: .ConfigurationSwitchSelectSDF

===========================================================================================
----------------- testing Wed Jun 06 21:16:19 UTC 2018 /home/travis/build/icyphy/ptII/ptolemy/actor/lib/test/auto/ConfigurationSwitchSelectSDF2.xml
----------------- Instantiating /home/travis/build/icyphy/ptII/ptolemy/actor/lib/test/auto/ConfigurationSwitchSelectSDF2.xml
2 ms. Memory: 721408K Free: 623636K (86%)
----------------- Invoking toplevel() on ptolemy.moml.MoMLSimpleApplication@460083c2
----------------- Done invoking toplevel() on ptolemy.moml.MoMLSimpleApplication@460083c2
reloadAllAccessors: .ConfigurationSwitchSelectSDF2

===========================================================================================
----------------- testing Wed Jun 06 21:16:19 UTC 2018 /home/travis/build/icyphy/ptII/ptolemy/actor/lib/test/auto/Const.xml
----------------- Instantiating /home/travis/build/icyphy/ptII/ptolemy/actor/lib/test/auto/Const.xml
1 ms. Memory: 721408K Free: 609166K (84%)
----------------- Invoking toplevel() on ptolemy.moml.MoMLSimpleApplication@1e38c717
----------------- Done invoking toplevel() on ptolemy.moml.MoMLSimpleApplication@1e38c717
reloadAllAccessors: .Const

===========================================================================================
----------------- testing Wed Jun 06 21:16:19 UTC 2018 /home/travis/build/icyphy/ptII/ptolemy/actor/lib/test/auto/Const2.xml
----------------- Instantiating /home/travis/build/icyphy/ptII/ptolemy/actor/lib/test/auto/Const2.xml
1 ms. Memory: 721408K Free: 600851K (83%)
----------------- Invoking toplevel() on ptolemy.moml.MoMLSimpleApplication@10086b2e
----------------- Done invoking toplevel() on ptolemy.moml.MoMLSimpleApplication@10086b2e
reloadAllAccessors: .Const2

===========================================================================================
----------------- testing Wed Jun 06 21:16:19 UTC 2018 /home/travis/build/icyphy/ptII/ptolemy/actor/lib/test/auto/Const3.xml
----------------- Instantiating /home/travis/build/icyphy/ptII/ptolemy/actor/lib/test/auto/Const3.xml
0 ms. Memory: 721408K Free: 592536K (82%)
----------------- Invoking toplevel() on ptolemy.moml.MoMLSimpleApplication@14c09dd9
----------------- Done invoking toplevel() on ptolemy.moml.MoMLSimpleApplication@14c09dd9
reloadAllAccessors: .Const3

===========================================================================================
----------------- testing Wed Jun 06 21:16:19 UTC 2018 /home/travis/build/icyphy/ptII/ptolemy/actor/lib/test/auto/ConstantPublisherPort1.xml
----------------- Instantiating /home/travis/build/icyphy/ptII/ptolemy/actor/lib/test/auto/ConstantPublisherPort1.xml
4 ms. Memory: 721408K Free: 573893K (80%)
----------------- Invoking toplevel() on ptolemy.moml.MoMLSimpleApplication@41e2e8bd
----------------- Done invoking toplevel() on ptolemy.moml.MoMLSimpleApplication@41e2e8bd
reloadAllAccessors: .ConstantPublisherPort1

===========================================================================================
----------------- testing Wed Jun 06 21:16:19 UTC 2018 /home/travis/build/icyphy/ptII/ptolemy/actor/lib/test/auto/ConstantPublisherPort2.xml
----------------- Instantiating /home/travis/build/icyphy/ptII/ptolemy/actor/lib/test/auto/ConstantPublisherPort2.xml
3 ms. Memory: 721408K Free: 561405K (78%)
----------------- Invoking toplevel() on ptolemy.moml.MoMLSimpleApplication@3488fc9a
----------------- Done invoking toplevel() on ptolemy.moml.MoMLSimpleApplication@3488fc9a
reloadAllAccessors: .ConstantPublisherPort2

===========================================================================================
----------------- testing Wed Jun 06 21:16:19 UTC 2018 /home/travis/build/icyphy/ptII/ptolemy/actor/lib/test/auto/ConstantPublisherPort3.xml
----------------- Instantiating /home/travis/build/icyphy/ptII/ptolemy/actor/lib/test/auto/ConstantPublisherPort3.xml
3 ms. Memory: 721408K Free: 542762K (75%)
----------------- Invoking toplevel() on ptolemy.moml.MoMLSimpleApplication@123fe93
----------------- Done invoking toplevel() on ptolemy.moml.MoMLSimpleApplication@123fe93
reloadAllAccessors: .ConstantPublisherPort3

===========================================================================================
----------------- testing Wed Jun 06 21:16:19 UTC 2018 /home/travis/build/icyphy/ptII/ptolemy/actor/lib/test/auto/ConstantPublisherPort4.xml
----------------- Instantiating /home/travis/build/icyphy/ptII/ptolemy/actor/lib/test/auto/ConstantPublisherPort4.xml
2 ms. Memory: 721408K Free: 530274K (74%)
----------------- Invoking toplevel() on ptolemy.moml.MoMLSimpleApplication@f4e0381
----------------- Done invoking toplevel() on ptolemy.moml.MoMLSimpleApplication@f4e0381
reloadAllAccessors: .ConstantPublisherPort4

===========================================================================================
----------------- testing Wed Jun 06 21:16:19 UTC 2018 /home/travis/build/icyphy/ptII/ptolemy/actor/lib/test/auto/ConstantPublisherPort5.xml
----------------- Instantiating /home/travis/build/icyphy/ptII/ptolemy/actor/lib/test/auto/ConstantPublisherPort5.xml
18 ms. Memory: 721408K Free: 509470K (71%)
----------------- Invoking toplevel() on ptolemy.moml.MoMLSimpleApplication@692be9d
----------------- Done invoking toplevel() on ptolemy.moml.MoMLSimpleApplication@692be9d
reloadAllAccessors: .ConstantPublisherPort5

===========================================================================================
----------------- testing Wed Jun 06 21:16:19 UTC 2018 /home/travis/build/icyphy/ptII/ptolemy/actor/lib/test/auto/ConstantPublisherPort6.xml
----------------- Instantiating /home/travis/build/icyphy/ptII/ptolemy/actor/lib/test/auto/ConstantPublisherPort6.xml
18 ms. Memory: 721408K Free: 478371K (66%)
----------------- Invoking toplevel() on ptolemy.moml.MoMLSimpleApplication@3cfab472
----------------- Done invoking toplevel() on ptolemy.moml.MoMLSimpleApplication@3cfab472
reloadAllAccessors: .ConstantPublisherPort6

===========================================================================================
----------------- testing Wed Jun 06 21:16:19 UTC 2018 /home/travis/build/icyphy/ptII/ptolemy/actor/lib/test/auto/ConstantPublisherPort7.xml
----------------- Instantiating /home/travis/build/icyphy/ptII/ptolemy/actor/lib/test/auto/ConstantPublisherPort7.xml
12 ms. Memory: 721408K Free: 453418K (63%)
----------------- Invoking toplevel() on ptolemy.moml.MoMLSimpleApplication@3ebf5035
----------------- Done invoking toplevel() on ptolemy.moml.MoMLSimpleApplication@3ebf5035
reloadAllAccessors: .ConstantPublisherPort7

===========================================================================================
----------------- testing Wed Jun 06 21:16:19 UTC 2018 /home/travis/build/icyphy/ptII/ptolemy/actor/lib/test/auto/ConstraintMonitor1.xml
----------------- Instantiating /home/travis/build/icyphy/ptII/ptolemy/actor/lib/test/auto/ConstraintMonitor1.xml
8 ms. Memory: 721408K Free: 445103K (62%)
----------------- Invoking toplevel() on ptolemy.moml.MoMLSimpleApplication@5d62ad4b
----------------- Done invoking toplevel() on ptolemy.moml.MoMLSimpleApplication@5d62ad4b
reloadAllAccessors: .ConstraintMonitor1

===========================================================================================
----------------- testing Wed Jun 06 21:16:19 UTC 2018 /home/travis/build/icyphy/ptII/ptolemy/actor/lib/test/auto/ConstraintMonitor2.xml
----------------- Instantiating /home/travis/build/icyphy/ptII/ptolemy/actor/lib/test/auto/ConstraintMonitor2.xml
2 ms. Memory: 721408K Free: 430633K (60%)
----------------- Invoking toplevel() on ptolemy.moml.MoMLSimpleApplication@7d911a0d
----------------- Done invoking toplevel() on ptolemy.moml.MoMLSimpleApplication@7d911a0d
reloadAllAccessors: .ConstraintMonitor2

===========================================================================================
----------------- testing Wed Jun 06 21:16:19 UTC 2018 /home/travis/build/icyphy/ptII/ptolemy/actor/lib/test/auto/ConstraintMonitor3.xml
----------------- Instantiating /home/travis/build/icyphy/ptII/ptolemy/actor/lib/test/auto/ConstraintMonitor3.xml
1 ms. Memory: 721408K Free: 422318K (59%)
----------------- Invoking toplevel() on ptolemy.moml.MoMLSimpleApplication@693eef2e
----------------- Done invoking toplevel() on ptolemy.moml.MoMLSimpleApplication@693eef2e
reloadAllAccessors: .ConstraintMonitor3

===========================================================================================
----------------- testing Wed Jun 06 21:16:19 UTC 2018 /home/travis/build/icyphy/ptII/ptolemy/actor/lib/test/auto/ConstraintMonitor4.xml
----------------- Instantiating /home/travis/build/icyphy/ptII/ptolemy/actor/lib/test/auto/ConstraintMonitor4.xml
1 ms. Memory: 721408K Free: 407849K (57%)
----------------- Invoking toplevel() on ptolemy.moml.MoMLSimpleApplication@1898fbc9
----------------- Done invoking toplevel() on ptolemy.moml.MoMLSimpleApplication@1898fbc9
reloadAllAccessors: .ConstraintMonitor4

===========================================================================================
----------------- testing Wed Jun 06 21:16:19 UTC 2018 /home/travis/build/icyphy/ptII/ptolemy/actor/lib/test/auto/ConstraintMonitor5.xml
----------------- Instantiating /home/travis/build/icyphy/ptII/ptolemy/actor/lib/test/auto/ConstraintMonitor5.xml
2 ms. Memory: 721408K Free: 399534K (55%)
----------------- Invoking toplevel() on ptolemy.moml.MoMLSimpleApplication@109e6c
----------------- Done invoking toplevel() on ptolemy.moml.MoMLSimpleApplication@109e6c
reloadAllAccessors: .ConstraintMonitor5

===========================================================================================
----------------- testing Wed Jun 06 21:16:19 UTC 2018 /home/travis/build/icyphy/ptII/ptolemy/actor/lib/test/auto/ConstraintMonitor6.xml
----------------- Instantiating /home/travis/build/icyphy/ptII/ptolemy/actor/lib/test/auto/ConstraintMonitor6.xml
2 ms. Memory: 721408K Free: 391219K (54%)
----------------- Invoking toplevel() on ptolemy.moml.MoMLSimpleApplication@72e84ce8
----------------- Done invoking toplevel() on ptolemy.moml.MoMLSimpleApplication@72e84ce8
reloadAllAccessors: .ConstraintMonitor6

===========================================================================================
----------------- testing Wed Jun 06 21:16:19 UTC 2018 /home/travis/build/icyphy/ptII/ptolemy/actor/lib/test/auto/ConstraintMonitor7.xml
----------------- Instantiating /home/travis/build/icyphy/ptII/ptolemy/actor/lib/test/auto/ConstraintMonitor7.xml
7 ms. Memory: 721408K Free: 372576K (52%)
----------------- Invoking toplevel() on ptolemy.moml.MoMLSimpleApplication@661cf25d
----------------- Done invoking toplevel() on ptolemy.moml.MoMLSimpleApplication@661cf25d
reloadAllAccessors: .ConstraintMonitor7

===========================================================================================
----------------- testing Wed Jun 06 21:16:19 UTC 2018 /home/travis/build/icyphy/ptII/ptolemy/actor/lib/test/auto/ConstraintMonitor8.xml
----------------- Instantiating /home/travis/build/icyphy/ptII/ptolemy/actor/lib/test/auto/ConstraintMonitor8.xml
7 ms. Memory: 721408K Free: 360096K (50%)
----------------- Invoking toplevel() on ptolemy.moml.MoMLSimpleApplication@6c9e67da
----------------- Done invoking toplevel() on ptolemy.moml.MoMLSimpleApplication@6c9e67da
reloadAllAccessors: .ConstraintMonitor8

===========================================================================================
----------------- testing Wed Jun 06 21:16:19 UTC 2018 /home/travis/build/icyphy/ptII/ptolemy/actor/lib/test/auto/Counter.xml
----------------- Instantiating /home/travis/build/icyphy/ptII/ptolemy/actor/lib/test/auto/Counter.xml
2 ms. Memory: 721408K Free: 351781K (49%)
----------------- Invoking toplevel() on ptolemy.moml.MoMLSimpleApplication@6e281e36
----------------- Done invoking toplevel() on ptolemy.moml.MoMLSimpleApplication@6e281e36
reloadAllAccessors: .Counter

===========================================================================================
----------------- testing Wed Jun 06 21:16:19 UTC 2018 /home/travis/build/icyphy/ptII/ptolemy/actor/lib/test/auto/CurrentTimeSDF.xml
----------------- Instantiating /home/travis/build/icyphy/ptII/ptolemy/actor/lib/test/auto/CurrentTimeSDF.xml
1 ms. Memory: 721408K Free: 337312K (47%)
----------------- Invoking toplevel() on ptolemy.moml.MoMLSimpleApplication@5b9f04a7
----------------- Done invoking toplevel() on ptolemy.moml.MoMLSimpleApplication@5b9f04a7
reloadAllAccessors: .CurrentTimeSDF

===========================================================================================
----------------- testing Wed Jun 06 21:16:19 UTC 2018 /home/travis/build/icyphy/ptII/ptolemy/actor/lib/test/auto/DB.xml
----------------- Instantiating /home/travis/build/icyphy/ptII/ptolemy/actor/lib/test/auto/DB.xml
2 ms. Memory: 721408K Free: 328997K (46%)
----------------- Invoking toplevel() on ptolemy.moml.MoMLSimpleApplication@633b373b
----------------- Done invoking toplevel() on ptolemy.moml.MoMLSimpleApplication@633b373b
reloadAllAccessors: .DB

===========================================================================================
----------------- testing Wed Jun 06 21:16:19 UTC 2018 /home/travis/build/icyphy/ptII/ptolemy/actor/lib/test/auto/DBDE.xml
----------------- Instantiating /home/travis/build/icyphy/ptII/ptolemy/actor/lib/test/auto/DBDE.xml
2 ms. Memory: 721408K Free: 314527K (44%)
----------------- Invoking toplevel() on ptolemy.moml.MoMLSimpleApplication@df7b467
----------------- Done invoking toplevel() on ptolemy.moml.MoMLSimpleApplication@df7b467
reloadAllAccessors: .DBDE

===========================================================================================
----------------- testing Wed Jun 06 21:16:19 UTC 2018 /home/travis/build/icyphy/ptII/ptolemy/actor/lib/test/auto/DateConstructor.xml
----------------- Instantiating /home/travis/build/icyphy/ptII/ptolemy/actor/lib/test/auto/DateConstructor.xml
11 ms. Memory: 721408K Free: 293724K (41%)
----------------- Invoking toplevel() on ptolemy.moml.MoMLSimpleApplication@6962a9e0
----------------- Done invoking toplevel() on ptolemy.moml.MoMLSimpleApplication@6962a9e0
reloadAllAccessors: .DateConstructor

===========================================================================================
----------------- testing Wed Jun 06 21:16:19 UTC 2018 /home/travis/build/icyphy/ptII/ptolemy/actor/lib/test/auto/DelayTime.xml
----------------- Instantiating /home/travis/build/icyphy/ptII/ptolemy/actor/lib/test/auto/DelayTime.xml
2 ms. Memory: 721408K Free: 285409K (40%)
----------------- Invoking toplevel() on ptolemy.moml.MoMLSimpleApplication@3e8401d3
----------------- Done invoking toplevel() on ptolemy.moml.MoMLSimpleApplication@3e8401d3
reloadAllAccessors: .DelayTime

===========================================================================================
----------------- testing Wed Jun 06 21:16:19 UTC 2018 /home/travis/build/icyphy/ptII/ptolemy/actor/lib/test/auto/Dictionary1.xml
----------------- Instantiating /home/travis/build/icyphy/ptII/ptolemy/actor/lib/test/auto/Dictionary1.xml
2 ms. Memory: 721408K Free: 270940K (38%)
----------------- Invoking toplevel() on ptolemy.moml.MoMLSimpleApplication@3976a0bf
----------------- Done invoking toplevel() on ptolemy.moml.MoMLSimpleApplication@3976a0bf
reloadAllAccessors: .Dictionary1

===========================================================================================
----------------- testing Wed Jun 06 21:16:19 UTC 2018 /home/travis/build/icyphy/ptII/ptolemy/actor/lib/test/auto/Dictionary2.xml
----------------- Instantiating /home/travis/build/icyphy/ptII/ptolemy/actor/lib/test/auto/Dictionary2.xml
3 ms. Memory: 721408K Free: 262625K (36%)
----------------- Invoking toplevel() on ptolemy.moml.MoMLSimpleApplication@5efbb93d
----------------- Done invoking toplevel() on ptolemy.moml.MoMLSimpleApplication@5efbb93d
reloadAllAccessors: .Dictionary2

===========================================================================================
----------------- testing Wed Jun 06 21:16:19 UTC 2018 /home/travis/build/icyphy/ptII/ptolemy/actor/lib/test/auto/Dictionary3.xml
----------------- Instantiating /home/travis/build/icyphy/ptII/ptolemy/actor/lib/test/auto/Dictionary3.xml
2 ms. Memory: 721408K Free: 254310K (35%)
----------------- Invoking toplevel() on ptolemy.moml.MoMLSimpleApplication@37cbbf88
----------------- Done invoking toplevel() on ptolemy.moml.MoMLSimpleApplication@37cbbf88
reloadAllAccessors: .Dictionary3

===========================================================================================
----------------- testing Wed Jun 06 21:16:19 UTC 2018 /home/travis/build/icyphy/ptII/ptolemy/actor/lib/test/auto/Dictionary4.xml
----------------- Instantiating /home/travis/build/icyphy/ptII/ptolemy/actor/lib/test/auto/Dictionary4.xml
3 ms. Memory: 721408K Free: 235667K (33%)
----------------- Invoking toplevel() on ptolemy.moml.MoMLSimpleApplication@77106aa2
----------------- Done invoking toplevel() on ptolemy.moml.MoMLSimpleApplication@77106aa2
reloadAllAccessors: .Dictionary4

===========================================================================================
----------------- testing Wed Jun 06 21:16:19 UTC 2018 /home/travis/build/icyphy/ptII/ptolemy/actor/lib/test/auto/Differential.xml
----------------- Instantiating /home/travis/build/icyphy/ptII/ptolemy/actor/lib/test/auto/Differential.xml
2 ms. Memory: 721408K Free: 227352K (32%)
----------------- Invoking toplevel() on ptolemy.moml.MoMLSimpleApplication@6d85c498
----------------- Done invoking toplevel() on ptolemy.moml.MoMLSimpleApplication@6d85c498
reloadAllAccessors: .Differential

===========================================================================================
----------------- testing Wed Jun 06 21:16:19 UTC 2018 /home/travis/build/icyphy/ptII/ptolemy/actor/lib/test/auto/Director.xml
----------------- Instantiating /home/travis/build/icyphy/ptII/ptolemy/actor/lib/test/auto/Director.xml
1 ms. Memory: 721408K Free: 212882K (30%)
----------------- Invoking toplevel() on ptolemy.moml.MoMLSimpleApplication@2dd72958
----------------- Done invoking toplevel() on ptolemy.moml.MoMLSimpleApplication@2dd72958
reloadAllAccessors: .Director

===========================================================================================
----------------- testing Wed Jun 06 21:16:19 UTC 2018 /home/travis/build/icyphy/ptII/ptolemy/actor/lib/test/auto/DiscreteClock.xml
----------------- Instantiating /home/travis/build/icyphy/ptII/ptolemy/actor/lib/test/auto/DiscreteClock.xml
1 ms. Memory: 721408K Free: 204567K (28%)
----------------- Invoking toplevel() on ptolemy.moml.MoMLSimpleApplication@9bc752d
----------------- Done invoking toplevel() on ptolemy.moml.MoMLSimpleApplication@9bc752d
reloadAllAccessors: .DiscreteClock

===========================================================================================
----------------- testing Wed Jun 06 21:16:19 UTC 2018 /home/travis/build/icyphy/ptII/ptolemy/actor/lib/test/auto/DiscreteClock10.xml
----------------- Instantiating /home/travis/build/icyphy/ptII/ptolemy/actor/lib/test/auto/DiscreteClock10.xml
3 ms. Memory: 721408K Free: 196252K (27%)
----------------- Invoking toplevel() on ptolemy.moml.MoMLSimpleApplication@bc15a48
----------------- Done invoking toplevel() on ptolemy.moml.MoMLSimpleApplication@bc15a48
reloadAllAccessors: .DiscreteClock10

===========================================================================================
----------------- testing Wed Jun 06 21:16:19 UTC 2018 /home/travis/build/icyphy/ptII/ptolemy/actor/lib/test/auto/DiscreteClock11.xml
----------------- Instantiating /home/travis/build/icyphy/ptII/ptolemy/actor/lib/test/auto/DiscreteClock11.xml
2 ms. Memory: 721408K Free: 181783K (25%)
----------------- Invoking toplevel() on ptolemy.moml.MoMLSimpleApplication@6a2fe023
----------------- Done invoking toplevel() on ptolemy.moml.MoMLSimpleApplication@6a2fe023
reloadAllAccessors: .DiscreteClock11

===========================================================================================
----------------- testing Wed Jun 06 21:16:19 UTC 2018 /home/travis/build/icyphy/ptII/ptolemy/actor/lib/test/auto/DiscreteClock12.xml
----------------- Instantiating /home/travis/build/icyphy/ptII/ptolemy/actor/lib/test/auto/DiscreteClock12.xml
2 ms. Memory: 721408K Free: 173468K (24%)
----------------- Invoking toplevel() on ptolemy.moml.MoMLSimpleApplication@34e0e670
----------------- Done invoking toplevel() on ptolemy.moml.MoMLSimpleApplication@34e0e670
reloadAllAccessors: .DiscreteClock12

===========================================================================================
----------------- testing Wed Jun 06 21:16:19 UTC 2018 /home/travis/build/icyphy/ptII/ptolemy/actor/lib/test/auto/DiscreteClock13.xml
----------------- Instantiating /home/travis/build/icyphy/ptII/ptolemy/actor/lib/test/auto/DiscreteClock13.xml
6 ms. Memory: 721408K Free: 165153K (23%)
----------------- Invoking toplevel() on ptolemy.moml.MoMLSimpleApplication@45fe7418
----------------- Done invoking toplevel() on ptolemy.moml.MoMLSimpleApplication@45fe7418
reloadAllAccessors: .DiscreteClock13

===========================================================================================
----------------- testing Wed Jun 06 21:16:19 UTC 2018 /home/travis/build/icyphy/ptII/ptolemy/actor/lib/test/auto/DiscreteClock14.xml
----------------- Instantiating /home/travis/build/icyphy/ptII/ptolemy/actor/lib/test/auto/DiscreteClock14.xml
5 ms. Memory: 721408K Free: 150683K (21%)
----------------- Invoking toplevel() on ptolemy.moml.MoMLSimpleApplication@19a57187
----------------- Done invoking toplevel() on ptolemy.moml.MoMLSimpleApplication@19a57187
reloadAllAccessors: .DiscreteClock14

===========================================================================================
----------------- testing Wed Jun 06 21:16:19 UTC 2018 /home/travis/build/icyphy/ptII/ptolemy/actor/lib/test/auto/DiscreteClock15.xml
----------------- Instantiating /home/travis/build/icyphy/ptII/ptolemy/actor/lib/test/auto/DiscreteClock15.xml
3 ms. Memory: 721408K Free: 142369K (20%)
----------------- Invoking toplevel() on ptolemy.moml.MoMLSimpleApplication@75530a4e
----------------- Done invoking toplevel() on ptolemy.moml.MoMLSimpleApplication@75530a4e
reloadAllAccessors: .DiscreteClock15

===========================================================================================
----------------- testing Wed Jun 06 21:16:19 UTC 2018 /home/travis/build/icyphy/ptII/ptolemy/actor/lib/test/auto/DiscreteClock16.xml
----------------- Instantiating /home/travis/build/icyphy/ptII/ptolemy/actor/lib/test/auto/DiscreteClock16.xml
14 ms. Memory: 721408K Free: 119568K (17%)
----------------- Invoking toplevel() on ptolemy.moml.MoMLSimpleApplication@1a92c410
----------------- Done invoking toplevel() on ptolemy.moml.MoMLSimpleApplication@1a92c410
reloadAllAccessors: .DiscreteClock16

===========================================================================================
----------------- testing Wed Jun 06 21:16:19 UTC 2018 /home/travis/build/icyphy/ptII/ptolemy/actor/lib/test/auto/DiscreteClock17.xml
----------------- Instantiating /home/travis/build/icyphy/ptII/ptolemy/actor/lib/test/auto/DiscreteClock17.xml
15 ms. Memory: 721408K Free: 102922K (14%)
----------------- Invoking toplevel() on ptolemy.moml.MoMLSimpleApplication@1160c90d
----------------- Done invoking toplevel() on ptolemy.moml.MoMLSimpleApplication@1160c90d
reloadAllAccessors: .DiscreteClock17

===========================================================================================
----------------- testing Wed Jun 06 21:16:20 UTC 2018 /home/travis/build/icyphy/ptII/ptolemy/actor/lib/test/auto/DiscreteClock18.xml
----------------- Instantiating /home/travis/build/icyphy/ptII/ptolemy/actor/lib/test/auto/DiscreteClock18.xml
540 ms. Memory: 1116160K Free: 1063864K (95%)
----------------- Invoking toplevel() on ptolemy.moml.MoMLSimpleApplication@62a180dc
----------------- Done invoking toplevel() on ptolemy.moml.MoMLSimpleApplication@62a180dc
reloadAllAccessors: .DiscreteClock18

===========================================================================================
----------------- testing Wed Jun 06 21:16:20 UTC 2018 /home/travis/build/icyphy/ptII/ptolemy/actor/lib/test/auto/DiscreteClock19.xml
----------------- Instantiating /home/travis/build/icyphy/ptII/ptolemy/actor/lib/test/auto/DiscreteClock19.xml
25 ms. Memory: 1116160K Free: 1032868K (93%)
----------------- Invoking toplevel() on ptolemy.moml.MoMLSimpleApplication@3209bcd4
----------------- Done invoking toplevel() on ptolemy.moml.MoMLSimpleApplication@3209bcd4
reloadAllAccessors: .DiscreteClock19

===========================================================================================
----------------- testing Wed Jun 06 21:16:20 UTC 2018 /home/travis/build/icyphy/ptII/ptolemy/actor/lib/test/auto/DiscreteClock2.xml
----------------- Instantiating /home/travis/build/icyphy/ptII/ptolemy/actor/lib/test/auto/DiscreteClock2.xml
6 ms. Memory: 1116160K Free: 1019563K (91%)
----------------- Invoking toplevel() on ptolemy.moml.MoMLSimpleApplication@422f3dd
----------------- Done invoking toplevel() on ptolemy.moml.MoMLSimpleApplication@422f3dd
reloadAllAccessors: .DiscreteClock2

===========================================================================================
----------------- testing Wed Jun 06 21:16:20 UTC 2018 /home/travis/build/icyphy/ptII/ptolemy/actor/lib/test/auto/DiscreteClock20.xml
----------------- Instantiating /home/travis/build/icyphy/ptII/ptolemy/actor/lib/test/auto/DiscreteClock20.xml
9 ms. Memory: 1116160K Free: 1006258K (90%)
----------------- Invoking toplevel() on ptolemy.moml.MoMLSimpleApplication@7d09834f
----------------- Done invoking toplevel() on ptolemy.moml.MoMLSimpleApplication@7d09834f
reloadAllAccessors: .DiscreteClock20

===========================================================================================
----------------- testing Wed Jun 06 21:16:20 UTC 2018 /home/travis/build/icyphy/ptII/ptolemy/actor/lib/test/auto/DiscreteClock21.xml
----------------- Instantiating /home/travis/build/icyphy/ptII/ptolemy/actor/lib/test/auto/DiscreteClock21.xml
8 ms. Memory: 1116160K Free: 985396K (88%)
----------------- Invoking toplevel() on ptolemy.moml.MoMLSimpleApplication@35fdbd2e
----------------- Done invoking toplevel() on ptolemy.moml.MoMLSimpleApplication@35fdbd2e
reloadAllAccessors: .DiscreteClock21

===========================================================================================
----------------- testing Wed Jun 06 21:16:20 UTC 2018 /home/travis/build/icyphy/ptII/ptolemy/actor/lib/test/auto/DiscreteClock22.xml
----------------- Instantiating /home/travis/build/icyphy/ptII/ptolemy/actor/lib/test/auto/DiscreteClock22.xml
6 ms. Memory: 1116160K Free: 972091K (87%)
----------------- Invoking toplevel() on ptolemy.moml.MoMLSimpleApplication@7cb1c9c
----------------- Done invoking toplevel() on ptolemy.moml.MoMLSimpleApplication@7cb1c9c
reloadAllAccessors: .DiscreteClock22

===========================================================================================
----------------- testing Wed Jun 06 21:16:20 UTC 2018 /home/travis/build/icyphy/ptII/ptolemy/actor/lib/test/auto/DiscreteClock23.xml
----------------- Instantiating /home/travis/build/icyphy/ptII/ptolemy/actor/lib/test/auto/DiscreteClock23.xml
6 ms. Memory: 1116160K Free: 958785K (86%)
----------------- Invoking toplevel() on ptolemy.moml.MoMLSimpleApplication@337e09c6
----------------- Done invoking toplevel() on ptolemy.moml.MoMLSimpleApplication@337e09c6
reloadAllAccessors: .DiscreteClock23

===========================================================================================
----------------- testing Wed Jun 06 21:16:20 UTC 2018 /home/travis/build/icyphy/ptII/ptolemy/actor/lib/test/auto/DiscreteClock24.xml
----------------- Instantiating /home/travis/build/icyphy/ptII/ptolemy/actor/lib/test/auto/DiscreteClock24.xml
6 ms. Memory: 1116160K Free: 937924K (84%)
----------------- Invoking toplevel() on ptolemy.moml.MoMLSimpleApplication@21a2145b
----------------- Done invoking toplevel() on ptolemy.moml.MoMLSimpleApplication@21a2145b
reloadAllAccessors: .DiscreteClock24

===========================================================================================
----------------- testing Wed Jun 06 21:16:20 UTC 2018 /home/travis/build/icyphy/ptII/ptolemy/actor/lib/test/auto/DiscreteClock4.xml
----------------- Instantiating /home/travis/build/icyphy/ptII/ptolemy/actor/lib/test/auto/DiscreteClock4.xml
1 ms. Memory: 1116160K Free: 924618K (83%)
----------------- Invoking toplevel() on ptolemy.moml.MoMLSimpleApplication@5d6a5953
----------------- Done invoking toplevel() on ptolemy.moml.MoMLSimpleApplication@5d6a5953
reloadAllAccessors: .DiscreteClock4

===========================================================================================
----------------- testing Wed Jun 06 21:16:20 UTC 2018 /home/travis/build/icyphy/ptII/ptolemy/actor/lib/test/auto/DiscreteClock5.xml
----------------- Instantiating /home/travis/build/icyphy/ptII/ptolemy/actor/lib/test/auto/DiscreteClock5.xml
1 ms. Memory: 1116160K Free: 911313K (82%)
----------------- Invoking toplevel() on ptolemy.moml.MoMLSimpleApplication@792b55c5
----------------- Done invoking toplevel() on ptolemy.moml.MoMLSimpleApplication@792b55c5
reloadAllAccessors: .DiscreteClock5

===========================================================================================
----------------- testing Wed Jun 06 21:16:20 UTC 2018 /home/travis/build/icyphy/ptII/ptolemy/actor/lib/test/auto/DiscreteClock6.xml
----------------- Instantiating /home/travis/build/icyphy/ptII/ptolemy/actor/lib/test/auto/DiscreteClock6.xml
1 ms. Memory: 1116160K Free: 890452K (80%)
----------------- Invoking toplevel() on ptolemy.moml.MoMLSimpleApplication@5816f1e2
----------------- Done invoking toplevel() on ptolemy.moml.MoMLSimpleApplication@5816f1e2
reloadAllAccessors: .DiscreteClock6

===========================================================================================
----------------- testing Wed Jun 06 21:16:20 UTC 2018 /home/travis/build/icyphy/ptII/ptolemy/actor/lib/test/auto/DiscreteClock7.xml
----------------- Instantiating /home/travis/build/icyphy/ptII/ptolemy/actor/lib/test/auto/DiscreteClock7.xml
1 ms. Memory: 1116160K Free: 877146K (79%)
----------------- Invoking toplevel() on ptolemy.moml.MoMLSimpleApplication@768ab4cb
----------------- Done invoking toplevel() on ptolemy.moml.MoMLSimpleApplication@768ab4cb
reloadAllAccessors: .DiscreteClock7

===========================================================================================
----------------- testing Wed Jun 06 21:16:20 UTC 2018 /home/travis/build/icyphy/ptII/ptolemy/actor/lib/test/auto/DiscreteClock8.xml
----------------- Instantiating /home/travis/build/icyphy/ptII/ptolemy/actor/lib/test/auto/DiscreteClock8.xml
6 ms. Memory: 1116160K Free: 863841K (77%)
----------------- Invoking toplevel() on ptolemy.moml.MoMLSimpleApplication@13ac2f11
----------------- Done invoking toplevel() on ptolemy.moml.MoMLSimpleApplication@13ac2f11
reloadAllAccessors: .DiscreteClock8

===========================================================================================
----------------- testing Wed Jun 06 21:16:20 UTC 2018 /home/travis/build/icyphy/ptII/ptolemy/actor/lib/test/auto/DiscreteClock9.xml
----------------- Instantiating /home/travis/build/icyphy/ptII/ptolemy/actor/lib/test/auto/DiscreteClock9.xml
6 ms. Memory: 1116160K Free: 842979K (76%)
----------------- Invoking toplevel() on ptolemy.moml.MoMLSimpleApplication@2c6dc8bf
----------------- Done invoking toplevel() on ptolemy.moml.MoMLSimpleApplication@2c6dc8bf
reloadAllAccessors: .DiscreteClock9

===========================================================================================
----------------- testing Wed Jun 06 21:16:20 UTC 2018 /home/travis/build/icyphy/ptII/ptolemy/actor/lib/test/auto/DisplayArray.xml
----------------- Instantiating /home/travis/build/icyphy/ptII/ptolemy/actor/lib/test/auto/DisplayArray.xml
1 ms. Memory: 1116160K Free: 829674K (74%)
----------------- Invoking toplevel() on ptolemy.moml.MoMLSimpleApplication@1f718f4b
----------------- Done invoking toplevel() on ptolemy.moml.MoMLSimpleApplication@1f718f4b
reloadAllAccessors: .DisplayArray

===========================================================================================
----------------- testing Wed Jun 06 21:16:20 UTC 2018 /home/travis/build/icyphy/ptII/ptolemy/actor/lib/test/auto/Distributor.xml
----------------- Instantiating /home/travis/build/icyphy/ptII/ptolemy/actor/lib/test/auto/Distributor.xml
2 ms. Memory: 1116160K Free: 816369K (73%)
----------------- Invoking toplevel() on ptolemy.moml.MoMLSimpleApplication@6e1f0567
----------------- Done invoking toplevel() on ptolemy.moml.MoMLSimpleApplication@6e1f0567
reloadAllAccessors: .Distributor

===========================================================================================
----------------- testing Wed Jun 06 21:16:20 UTC 2018 /home/travis/build/icyphy/ptII/ptolemy/actor/lib/test/auto/Distributor2.xml
----------------- Instantiating /home/travis/build/icyphy/ptII/ptolemy/actor/lib/test/auto/Distributor2.xml
1 ms. Memory: 1116160K Free: 803064K (72%)
----------------- Invoking toplevel() on ptolemy.moml.MoMLSimpleApplication@4526a6a2
----------------- Done invoking toplevel() on ptolemy.moml.MoMLSimpleApplication@4526a6a2
reloadAllAccessors: .Distributor2

===========================================================================================
----------------- testing Wed Jun 06 21:16:20 UTC 2018 /home/travis/build/icyphy/ptII/ptolemy/actor/lib/test/auto/DownSample.xml
----------------- Instantiating /home/travis/build/icyphy/ptII/ptolemy/actor/lib/test/auto/DownSample.xml
1 ms. Memory: 1116160K Free: 782202K (70%)
----------------- Invoking toplevel() on ptolemy.moml.MoMLSimpleApplication@50a01e26
----------------- Done invoking toplevel() on ptolemy.moml.MoMLSimpleApplication@50a01e26
reloadAllAccessors: .DownSample

===========================================================================================
----------------- testing Wed Jun 06 21:16:20 UTC 2018 /home/travis/build/icyphy/ptII/ptolemy/actor/lib/test/auto/ElectronicUnitBase1.xml
----------------- Instantiating /home/travis/build/icyphy/ptII/ptolemy/actor/lib/test/auto/ElectronicUnitBase1.xml
17 ms. Memory: 1116160K Free: 755575K (68%)
----------------- Invoking toplevel() on ptolemy.moml.MoMLSimpleApplication@7c49a353
----------------- Done invoking toplevel() on ptolemy.moml.MoMLSimpleApplication@7c49a353
reloadAllAccessors: .ElectronicUnitBase1

===========================================================================================
----------------- testing Wed Jun 06 21:16:21 UTC 2018 /home/travis/build/icyphy/ptII/ptolemy/actor/lib/test/auto/ElementsToArray.xml
----------------- Instantiating /home/travis/build/icyphy/ptII/ptolemy/actor/lib/test/auto/ElementsToArray.xml
2 ms. Memory: 1116160K Free: 742270K (67%)
----------------- Invoking toplevel() on ptolemy.moml.MoMLSimpleApplication@6fbf2f9d
----------------- Done invoking toplevel() on ptolemy.moml.MoMLSimpleApplication@6fbf2f9d
reloadAllAccessors: .ElementsToArray

===========================================================================================
----------------- testing Wed Jun 06 21:16:21 UTC 2018 /home/travis/build/icyphy/ptII/ptolemy/actor/lib/test/auto/Equals.xml
----------------- Instantiating /home/travis/build/icyphy/ptII/ptolemy/actor/lib/test/auto/Equals.xml
1 ms. Memory: 1116160K Free: 721409K (65%)
----------------- Invoking toplevel() on ptolemy.moml.MoMLSimpleApplication@5a4c98c5
----------------- Done invoking toplevel() on ptolemy.moml.MoMLSimpleApplication@5a4c98c5
reloadAllAccessors: .Equals

===========================================================================================
----------------- testing Wed Jun 06 21:16:21 UTC 2018 /home/travis/build/icyphy/ptII/ptolemy/actor/lib/test/auto/Exec.xml
----------------- Instantiating /home/travis/build/icyphy/ptII/ptolemy/actor/lib/test/auto/Exec.xml
11 ms. Memory: 1116160K Free: 698125K (63%)
----------------- Invoking toplevel() on ptolemy.moml.MoMLSimpleApplication@3bab00d5
----------------- Done invoking toplevel() on ptolemy.moml.MoMLSimpleApplication@3bab00d5
reloadAllAccessors: .Exec

===========================================================================================
----------------- testing Wed Jun 06 21:16:21 UTC 2018 /home/travis/build/icyphy/ptII/ptolemy/actor/lib/test/auto/ExecEnvironment.xml
----------------- Instantiating /home/travis/build/icyphy/ptII/ptolemy/actor/lib/test/auto/ExecEnvironment.xml
20 ms. Memory: 1116160K Free: 678167K (61%)
----------------- Invoking toplevel() on ptolemy.moml.MoMLSimpleApplication@339d7793
----------------- Done invoking toplevel() on ptolemy.moml.MoMLSimpleApplication@339d7793
reloadAllAccessors: .ExecEnvironment

===========================================================================================
----------------- testing Wed Jun 06 21:16:21 UTC 2018 /home/travis/build/icyphy/ptII/ptolemy/actor/lib/test/auto/ExecNonZeroReturnOutput.xml
----------------- Instantiating /home/travis/build/icyphy/ptII/ptolemy/actor/lib/test/auto/ExecNonZeroReturnOutput.xml
131 ms. Memory: 1116160K Free: 570821K (51%)
----------------- Invoking toplevel() on ptolemy.moml.MoMLSimpleApplication@26c5ffc9
----------------- Done invoking toplevel() on ptolemy.moml.MoMLSimpleApplication@26c5ffc9
reloadAllAccessors: .ExecNonZeroReturnOutput

===========================================================================================
----------------- testing Wed Jun 06 21:16:21 UTC 2018 /home/travis/build/icyphy/ptII/ptolemy/actor/lib/test/auto/ExecRunDemos.xml
----------------- Instantiating /home/travis/build/icyphy/ptII/ptolemy/actor/lib/test/auto/ExecRunDemos.xml
Finished: 43 ms. Memory: 116224K Free: 101387K (87%)

Finished: 51 ms. Memory: 116224K Free: 98294K (85%)

Finished: 48 ms. Memory: 116224K Free: 98340K (85%)

Finished: 57 ms. Memory: 116224K Free: 99578K (86%)

Finished: 38 ms. Memory: 116224K Free: 100823K (87%)

9126 ms. Memory: 1116160K Free: 477654K (43%)
----------------- Invoking toplevel() on ptolemy.moml.MoMLSimpleApplication@490754c0
----------------- Done invoking toplevel() on ptolemy.moml.MoMLSimpleApplication@490754c0
reloadAllAccessors: .ExecRunDemos

===========================================================================================
----------------- testing Wed Jun 06 21:16:30 UTC 2018 /home/travis/build/icyphy/ptII/ptolemy/actor/lib/test/auto/ExecStop.xml
----------------- Instantiating /home/travis/build/icyphy/ptII/ptolemy/actor/lib/test/auto/ExecStop.xml
5008 ms. Memory: 1116160K Free: 284727K (26%)
----------------- Invoking toplevel() on ptolemy.moml.MoMLSimpleApplication@8ab1d71
----------------- Done invoking toplevel() on ptolemy.moml.MoMLSimpleApplication@8ab1d71
reloadAllAccessors: .ExecStop

===========================================================================================
----------------- testing Wed Jun 06 21:16:35 UTC 2018 /home/travis/build/icyphy/ptII/ptolemy/actor/lib/test/auto/ExecutionTimePN.xml
----------------- Instantiating /home/travis/build/icyphy/ptII/ptolemy/actor/lib/test/auto/ExecutionTimePN.xml
Fired ExecutionTime: 762000000
Fired ExecutionTime: 484400000
Fired ExecutionTime: 692400000
2012 ms. Memory: 1116160K Free: 210628K (19%)
----------------- Invoking toplevel() on ptolemy.moml.MoMLSimpleApplication@771198cc
----------------- Done invoking toplevel() on ptolemy.moml.MoMLSimpleApplication@771198cc
reloadAllAccessors: .ExecutionTimePN

===========================================================================================
----------------- testing Wed Jun 06 21:16:37 UTC 2018 /home/travis/build/icyphy/ptII/ptolemy/actor/lib/test/auto/ExecutionTimeSDF.xml
----------------- Instantiating /home/travis/build/icyphy/ptII/ptolemy/actor/lib/test/auto/ExecutionTimeSDF.xml
Fired ExecutionTime: 851600000
Fired ExecutionTime: -764567296
Fired ExecutionTime: -773767296
6003 ms. Memory: 1116160K Free: 190655K (17%)
----------------- Invoking toplevel() on ptolemy.moml.MoMLSimpleApplication@44d0eb9c
----------------- Done invoking toplevel() on ptolemy.moml.MoMLSimpleApplication@44d0eb9c
reloadAllAccessors: .ExecutionTimeSDF

===========================================================================================
----------------- testing Wed Jun 06 21:16:43 UTC 2018 /home/travis/build/icyphy/ptII/ptolemy/actor/lib/test/auto/Expression1.xml
----------------- Instantiating /home/travis/build/icyphy/ptII/ptolemy/actor/lib/test/auto/Expression1.xml
2 ms. Memory: 1116160K Free: 177349K (16%)
----------------- Invoking toplevel() on ptolemy.moml.MoMLSimpleApplication@4851fd67
----------------- Done invoking toplevel() on ptolemy.moml.MoMLSimpleApplication@4851fd67
reloadAllAccessors: .Expression1

===========================================================================================
----------------- testing Wed Jun 06 21:16:43 UTC 2018 /home/travis/build/icyphy/ptII/ptolemy/actor/lib/test/auto/Expression10.xml
----------------- Instantiating /home/travis/build/icyphy/ptII/ptolemy/actor/lib/test/auto/Expression10.xml
5 ms. Memory: 1116160K Free: 156488K (14%)
----------------- Invoking toplevel() on ptolemy.moml.MoMLSimpleApplication@7a02b5d3
----------------- Done invoking toplevel() on ptolemy.moml.MoMLSimpleApplication@7a02b5d3
reloadAllAccessors: .Expression10

===========================================================================================
----------------- testing Wed Jun 06 21:16:43 UTC 2018 /home/travis/build/icyphy/ptII/ptolemy/actor/lib/test/auto/Expression11.xml
----------------- Instantiating /home/travis/build/icyphy/ptII/ptolemy/actor/lib/test/auto/Expression11.xml
3 ms. Memory: 1116160K Free: 143182K (13%)
----------------- Invoking toplevel() on ptolemy.moml.MoMLSimpleApplication@33c8e9ac
----------------- Done invoking toplevel() on ptolemy.moml.MoMLSimpleApplication@33c8e9ac
reloadAllAccessors: .Expression11

===========================================================================================
----------------- testing Wed Jun 06 21:16:43 UTC 2018 /home/travis/build/icyphy/ptII/ptolemy/actor/lib/test/auto/Expression12.xml
----------------- Instantiating /home/travis/build/icyphy/ptII/ptolemy/actor/lib/test/auto/Expression12.xml
4 ms. Memory: 1116160K Free: 129877K (12%)
----------------- Invoking toplevel() on ptolemy.moml.MoMLSimpleApplication@5952eb3a
----------------- Done invoking toplevel() on ptolemy.moml.MoMLSimpleApplication@5952eb3a
reloadAllAccessors: .Expression12

===========================================================================================
----------------- testing Wed Jun 06 21:16:43 UTC 2018 /home/travis/build/icyphy/ptII/ptolemy/actor/lib/test/auto/Expression13.xml
----------------- Instantiating /home/travis/build/icyphy/ptII/ptolemy/actor/lib/test/auto/Expression13.xml
3 ms. Memory: 1116160K Free: 116572K (10%)
----------------- Invoking toplevel() on ptolemy.moml.MoMLSimpleApplication@767687db
----------------- Done invoking toplevel() on ptolemy.moml.MoMLSimpleApplication@767687db
reloadAllAccessors: .Expression13

===========================================================================================
----------------- testing Wed Jun 06 21:16:43 UTC 2018 /home/travis/build/icyphy/ptII/ptolemy/actor/lib/test/auto/Expression14.xml
----------------- Instantiating /home/travis/build/icyphy/ptII/ptolemy/actor/lib/test/auto/Expression14.xml
8 ms. Memory: 1116160K Free: 95710K (9%)
----------------- Invoking toplevel() on ptolemy.moml.MoMLSimpleApplication@237003c3
----------------- Done invoking toplevel() on ptolemy.moml.MoMLSimpleApplication@237003c3
reloadAllAccessors: .Expression14

===========================================================================================
----------------- testing Wed Jun 06 21:16:43 UTC 2018 /home/travis/build/icyphy/ptII/ptolemy/actor/lib/test/auto/Expression15.xml
----------------- Instantiating /home/travis/build/icyphy/ptII/ptolemy/actor/lib/test/auto/Expression15.xml
1 ms. Memory: 1116160K Free: 82405K (7%)
----------------- Invoking toplevel() on ptolemy.moml.MoMLSimpleApplication@61845445
----------------- Done invoking toplevel() on ptolemy.moml.MoMLSimpleApplication@61845445
reloadAllAccessors: .Expression15

===========================================================================================
----------------- testing Wed Jun 06 21:16:43 UTC 2018 /home/travis/build/icyphy/ptII/ptolemy/actor/lib/test/auto/Expression16.xml
----------------- Instantiating /home/travis/build/icyphy/ptII/ptolemy/actor/lib/test/auto/Expression16.xml
6 ms. Memory: 1116672K Free: 1070342K (96%)
----------------- Invoking toplevel() on ptolemy.moml.MoMLSimpleApplication@34b23d9c
----------------- Done invoking toplevel() on ptolemy.moml.MoMLSimpleApplication@34b23d9c
reloadAllAccessors: .Expression16

===========================================================================================
----------------- testing Wed Jun 06 21:16:43 UTC 2018 /home/travis/build/icyphy/ptII/ptolemy/actor/lib/test/auto/Expression17.xml
----------------- Instantiating /home/travis/build/icyphy/ptII/ptolemy/actor/lib/test/auto/Expression17.xml
3 ms. Memory: 1116672K Free: 1051596K (94%)
----------------- Invoking toplevel() on ptolemy.moml.MoMLSimpleApplication@7216b2c7
----------------- Done invoking toplevel() on ptolemy.moml.MoMLSimpleApplication@7216b2c7
reloadAllAccessors: .Expression17

===========================================================================================
----------------- testing Wed Jun 06 21:16:43 UTC 2018 /home/travis/build/icyphy/ptII/ptolemy/actor/lib/test/auto/Expression18.xml
----------------- Instantiating /home/travis/build/icyphy/ptII/ptolemy/actor/lib/test/auto/Expression18.xml
3 ms. Memory: 1116672K Free: 1041617K (93%)
----------------- Invoking toplevel() on ptolemy.moml.MoMLSimpleApplication@dabcd87
----------------- Done invoking toplevel() on ptolemy.moml.MoMLSimpleApplication@dabcd87
reloadAllAccessors: .Expression18

===========================================================================================
----------------- testing Wed Jun 06 21:16:43 UTC 2018 /home/travis/build/icyphy/ptII/ptolemy/actor/lib/test/auto/Expression2.xml
----------------- Instantiating /home/travis/build/icyphy/ptII/ptolemy/actor/lib/test/auto/Expression2.xml
6 ms. Memory: 1116672K Free: 1026197K (92%)
----------------- Invoking toplevel() on ptolemy.moml.MoMLSimpleApplication@6c2d1aee
----------------- Done invoking toplevel() on ptolemy.moml.MoMLSimpleApplication@6c2d1aee
reloadAllAccessors: .Expression2

===========================================================================================
----------------- testing Wed Jun 06 21:16:43 UTC 2018 /home/travis/build/icyphy/ptII/ptolemy/actor/lib/test/auto/Expression3.xml
----------------- Instantiating /home/travis/build/icyphy/ptII/ptolemy/actor/lib/test/auto/Expression3.xml
6 ms. Memory: 1116672K Free: 1016218K (91%)
----------------- Invoking toplevel() on ptolemy.moml.MoMLSimpleApplication@e0a71e0
----------------- Done invoking toplevel() on ptolemy.moml.MoMLSimpleApplication@e0a71e0
reloadAllAccessors: .Expression3

===========================================================================================
----------------- testing Wed Jun 06 21:16:43 UTC 2018 /home/travis/build/icyphy/ptII/ptolemy/actor/lib/test/auto/Expression4.xml
----------------- Instantiating /home/travis/build/icyphy/ptII/ptolemy/actor/lib/test/auto/Expression4.xml
5 ms. Memory: 1116672K Free: 995793K (89%)
----------------- Invoking toplevel() on ptolemy.moml.MoMLSimpleApplication@27aa2a2e
----------------- Done invoking toplevel() on ptolemy.moml.MoMLSimpleApplication@27aa2a2e
reloadAllAccessors: .Expression4

===========================================================================================
----------------- testing Wed Jun 06 21:16:43 UTC 2018 /home/travis/build/icyphy/ptII/ptolemy/actor/lib/test/auto/Expression5.xml
----------------- Instantiating /home/travis/build/icyphy/ptII/ptolemy/actor/lib/test/auto/Expression5.xml
3 ms. Memory: 1116672K Free: 985814K (88%)
----------------- Invoking toplevel() on ptolemy.moml.MoMLSimpleApplication@7787ed78
----------------- Done invoking toplevel() on ptolemy.moml.MoMLSimpleApplication@7787ed78
reloadAllAccessors: .Expression5

===========================================================================================
----------------- testing Wed Jun 06 21:16:43 UTC 2018 /home/travis/build/icyphy/ptII/ptolemy/actor/lib/test/auto/Expression6.xml
----------------- Instantiating /home/travis/build/icyphy/ptII/ptolemy/actor/lib/test/auto/Expression6.xml
2 ms. Memory: 1116672K Free: 970395K (87%)
----------------- Invoking toplevel() on ptolemy.moml.MoMLSimpleApplication@7298e551
----------------- Done invoking toplevel() on ptolemy.moml.MoMLSimpleApplication@7298e551
reloadAllAccessors: .Expression6

===========================================================================================
----------------- testing Wed Jun 06 21:16:43 UTC 2018 /home/travis/build/icyphy/ptII/ptolemy/actor/lib/test/auto/Expression7.xml
----------------- Instantiating /home/travis/build/icyphy/ptII/ptolemy/actor/lib/test/auto/Expression7.xml
2 ms. Memory: 1116672K Free: 960416K (86%)
----------------- Invoking toplevel() on ptolemy.moml.MoMLSimpleApplication@80cb6ce
----------------- Done invoking toplevel() on ptolemy.moml.MoMLSimpleApplication@80cb6ce
reloadAllAccessors: .Expression7

===========================================================================================
----------------- testing Wed Jun 06 21:16:43 UTC 2018 /home/travis/build/icyphy/ptII/ptolemy/actor/lib/test/auto/Expression8.xml
----------------- Instantiating /home/travis/build/icyphy/ptII/ptolemy/actor/lib/test/auto/Expression8.xml
3 ms. Memory: 1116672K Free: 950437K (85%)
----------------- Invoking toplevel() on ptolemy.moml.MoMLSimpleApplication@13458937
----------------- Done invoking toplevel() on ptolemy.moml.MoMLSimpleApplication@13458937
reloadAllAccessors: .Expression8

===========================================================================================
----------------- testing Wed Jun 06 21:16:43 UTC 2018 /home/travis/build/icyphy/ptII/ptolemy/actor/lib/test/auto/Expression9.xml
----------------- Instantiating /home/travis/build/icyphy/ptII/ptolemy/actor/lib/test/auto/Expression9.xml
1 ms. Memory: 1116672K Free: 935017K (84%)
----------------- Invoking toplevel() on ptolemy.moml.MoMLSimpleApplication@73d2f7b6
----------------- Done invoking toplevel() on ptolemy.moml.MoMLSimpleApplication@73d2f7b6
reloadAllAccessors: .Expression9

===========================================================================================
----------------- testing Wed Jun 06 21:16:43 UTC 2018 /home/travis/build/icyphy/ptII/ptolemy/actor/lib/test/auto/ExpressionConcatenateArrayType.xml
----------------- Instantiating /home/travis/build/icyphy/ptII/ptolemy/actor/lib/test/auto/ExpressionConcatenateArrayType.xml
2 ms. Memory: 1116672K Free: 920033K (82%)
----------------- Invoking toplevel() on ptolemy.moml.MoMLSimpleApplication@1ff1134a
----------------- Done invoking toplevel() on ptolemy.moml.MoMLSimpleApplication@1ff1134a
reloadAllAccessors: .ExpressionConcatenateArrayType

===========================================================================================
----------------- testing Wed Jun 06 21:16:43 UTC 2018 /home/travis/build/icyphy/ptII/ptolemy/actor/lib/test/auto/ExpressionConcatenateArrayType2.xml
----------------- Instantiating /home/travis/build/icyphy/ptII/ptolemy/actor/lib/test/auto/ExpressionConcatenateArrayType2.xml
2 ms. Memory: 1116672K Free: 904613K (81%)
----------------- Invoking toplevel() on ptolemy.moml.MoMLSimpleApplication@34874dcb
----------------- Done invoking toplevel() on ptolemy.moml.MoMLSimpleApplication@34874dcb
reloadAllAccessors: .ExpressionConcatenateArrayType2

===========================================================================================
----------------- testing Wed Jun 06 21:16:43 UTC 2018 /home/travis/build/icyphy/ptII/ptolemy/actor/lib/test/auto/ExpressionFix.xml
----------------- Instantiating /home/travis/build/icyphy/ptII/ptolemy/actor/lib/test/auto/ExpressionFix.xml
8 ms. Memory: 1116672K Free: 894597K (80%)
----------------- Invoking toplevel() on ptolemy.moml.MoMLSimpleApplication@611cb423
----------------- Done invoking toplevel() on ptolemy.moml.MoMLSimpleApplication@611cb423
reloadAllAccessors: .ExpressionFix

===========================================================================================
----------------- testing Wed Jun 06 21:16:44 UTC 2018 /home/travis/build/icyphy/ptII/ptolemy/actor/lib/test/auto/ExpressionFix2.xml
----------------- Instantiating /home/travis/build/icyphy/ptII/ptolemy/actor/lib/test/auto/ExpressionFix2.xml
2 ms. Memory: 1116672K Free: 879178K (79%)
----------------- Invoking toplevel() on ptolemy.moml.MoMLSimpleApplication@36e298d5
----------------- Done invoking toplevel() on ptolemy.moml.MoMLSimpleApplication@36e298d5
reloadAllAccessors: .ExpressionFix2

===========================================================================================
----------------- testing Wed Jun 06 21:16:44 UTC 2018 /home/travis/build/icyphy/ptII/ptolemy/actor/lib/test/auto/ExpressionFix3.xml
----------------- Instantiating /home/travis/build/icyphy/ptII/ptolemy/actor/lib/test/auto/ExpressionFix3.xml
2 ms. Memory: 1116672K Free: 869199K (78%)
----------------- Invoking toplevel() on ptolemy.moml.MoMLSimpleApplication@407ee1b0
----------------- Done invoking toplevel() on ptolemy.moml.MoMLSimpleApplication@407ee1b0
reloadAllAccessors: .ExpressionFix3

===========================================================================================
----------------- testing Wed Jun 06 21:16:44 UTC 2018 /home/travis/build/icyphy/ptII/ptolemy/actor/lib/test/auto/FileWriter1.xml
----------------- Instantiating /home/travis/build/icyphy/ptII/ptolemy/actor/lib/test/auto/FileWriter1.xml
2 ms. Memory: 1116672K Free: 853779K (76%)
----------------- Invoking toplevel() on ptolemy.moml.MoMLSimpleApplication@74d71193
----------------- Done invoking toplevel() on ptolemy.moml.MoMLSimpleApplication@74d71193
reloadAllAccessors: .FileWriter1

===========================================================================================
----------------- testing Wed Jun 06 21:16:44 UTC 2018 /home/travis/build/icyphy/ptII/ptolemy/actor/lib/test/auto/FileWriter2.xml
----------------- Instantiating /home/travis/build/icyphy/ptII/ptolemy/actor/lib/test/auto/FileWriter2.xml
2 ms. Memory: 1116672K Free: 843800K (76%)
----------------- Invoking toplevel() on ptolemy.moml.MoMLSimpleApplication@2268ce36
----------------- Done invoking toplevel() on ptolemy.moml.MoMLSimpleApplication@2268ce36
reloadAllAccessors: .FileWriter2

===========================================================================================
----------------- testing Wed Jun 06 21:16:44 UTC 2018 /home/travis/build/icyphy/ptII/ptolemy/actor/lib/test/auto/FileWriter3.xml
----------------- Instantiating /home/travis/build/icyphy/ptII/ptolemy/actor/lib/test/auto/FileWriter3.xml
6 ms. Memory: 1116672K Free: 833821K (75%)
----------------- Invoking toplevel() on ptolemy.moml.MoMLSimpleApplication@6e7b27c9
----------------- Done invoking toplevel() on ptolemy.moml.MoMLSimpleApplication@6e7b27c9
reloadAllAccessors: .FileWriter3

===========================================================================================
----------------- testing Wed Jun 06 21:16:44 UTC 2018 /home/travis/build/icyphy/ptII/ptolemy/actor/lib/test/auto/Gaussian.xml
----------------- Instantiating /home/travis/build/icyphy/ptII/ptolemy/actor/lib/test/auto/Gaussian.xml
2 ms. Memory: 1116672K Free: 818402K (73%)
----------------- Invoking toplevel() on ptolemy.moml.MoMLSimpleApplication@35887ed5
----------------- Done invoking toplevel() on ptolemy.moml.MoMLSimpleApplication@35887ed5
reloadAllAccessors: .Gaussian

===========================================================================================
----------------- testing Wed Jun 06 21:16:44 UTC 2018 /home/travis/build/icyphy/ptII/ptolemy/actor/lib/test/auto/Gaussian1.xml
----------------- Instantiating /home/travis/build/icyphy/ptII/ptolemy/actor/lib/test/auto/Gaussian1.xml
2 ms. Memory: 1116672K Free: 808423K (72%)
----------------- Invoking toplevel() on ptolemy.moml.MoMLSimpleApplication@670c8ea2
----------------- Done invoking toplevel() on ptolemy.moml.MoMLSimpleApplication@670c8ea2
reloadAllAccessors: .Gaussian1

===========================================================================================
----------------- testing Wed Jun 06 21:16:44 UTC 2018 /home/travis/build/icyphy/ptII/ptolemy/actor/lib/test/auto/Gaussian2.xml
----------------- Instantiating /home/travis/build/icyphy/ptII/ptolemy/actor/lib/test/auto/Gaussian2.xml
2 ms. Memory: 1116672K Free: 793003K (71%)
----------------- Invoking toplevel() on ptolemy.moml.MoMLSimpleApplication@485ee968
----------------- Done invoking toplevel() on ptolemy.moml.MoMLSimpleApplication@485ee968
reloadAllAccessors: .Gaussian2

===========================================================================================
----------------- testing Wed Jun 06 21:16:44 UTC 2018 /home/travis/build/icyphy/ptII/ptolemy/actor/lib/test/auto/GradientAdaptiveLattice.xml
----------------- Instantiating /home/travis/build/icyphy/ptII/ptolemy/actor/lib/test/auto/GradientAdaptiveLattice.xml
2 ms. Memory: 1116672K Free: 783024K (70%)
----------------- Invoking toplevel() on ptolemy.moml.MoMLSimpleApplication@39520749
----------------- Done invoking toplevel() on ptolemy.moml.MoMLSimpleApplication@39520749
reloadAllAccessors: .GradientAdaptiveLattice

===========================================================================================
----------------- testing Wed Jun 06 21:16:44 UTC 2018 /home/travis/build/icyphy/ptII/ptolemy/actor/lib/test/auto/IIR.xml
----------------- Instantiating /home/travis/build/icyphy/ptII/ptolemy/actor/lib/test/auto/IIR.xml
2 ms. Memory: 1116672K Free: 767604K (69%)
----------------- Invoking toplevel() on ptolemy.moml.MoMLSimpleApplication@2363a08e
----------------- Done invoking toplevel() on ptolemy.moml.MoMLSimpleApplication@2363a08e
reloadAllAccessors: .IIR

===========================================================================================
----------------- testing Wed Jun 06 21:16:44 UTC 2018 /home/travis/build/icyphy/ptII/ptolemy/actor/lib/test/auto/InputOutputTransparentPorts.xml
----------------- Instantiating /home/travis/build/icyphy/ptII/ptolemy/actor/lib/test/auto/InputOutputTransparentPorts.xml
2 ms. Memory: 1116672K Free: 752628K (67%)
----------------- Invoking toplevel() on ptolemy.moml.MoMLSimpleApplication@14ee23c7
----------------- Done invoking toplevel() on ptolemy.moml.MoMLSimpleApplication@14ee23c7
reloadAllAccessors: .InputOutputTransparentPorts

===========================================================================================
----------------- testing Wed Jun 06 21:16:44 UTC 2018 /home/travis/build/icyphy/ptII/ptolemy/actor/lib/test/auto/Interpolator.xml
----------------- Instantiating /home/travis/build/icyphy/ptII/ptolemy/actor/lib/test/auto/Interpolator.xml
3 ms. Memory: 1116672K Free: 742649K (67%)
----------------- Invoking toplevel() on ptolemy.moml.MoMLSimpleApplication@8f35a71
----------------- Done invoking toplevel() on ptolemy.moml.MoMLSimpleApplication@8f35a71
reloadAllAccessors: .Interpolator

===========================================================================================
----------------- testing Wed Jun 06 21:16:44 UTC 2018 /home/travis/build/icyphy/ptII/ptolemy/actor/lib/test/auto/InterpolatorFiringLimitDE.xml
----------------- Instantiating /home/travis/build/icyphy/ptII/ptolemy/actor/lib/test/auto/InterpolatorFiringLimitDE.xml
2 ms. Memory: 1116672K Free: 727230K (65%)
----------------- Invoking toplevel() on ptolemy.moml.MoMLSimpleApplication@292f5db9
----------------- Done invoking toplevel() on ptolemy.moml.MoMLSimpleApplication@292f5db9
reloadAllAccessors: .InterpolatorFiringLimitDE

===========================================================================================
----------------- testing Wed Jun 06 21:16:44 UTC 2018 /home/travis/build/icyphy/ptII/ptolemy/actor/lib/test/auto/Lattice.xml
----------------- Instantiating /home/travis/build/icyphy/ptII/ptolemy/actor/lib/test/auto/Lattice.xml
1 ms. Memory: 1116672K Free: 717251K (64%)
----------------- Invoking toplevel() on ptolemy.moml.MoMLSimpleApplication@290cea8a
----------------- Done invoking toplevel() on ptolemy.moml.MoMLSimpleApplication@290cea8a
reloadAllAccessors: .Lattice

===========================================================================================
----------------- testing Wed Jun 06 21:16:44 UTC 2018 /home/travis/build/icyphy/ptII/ptolemy/actor/lib/test/auto/LazyAOCTestLazy.xml
----------------- Instantiating /home/travis/build/icyphy/ptII/ptolemy/actor/lib/test/auto/LazyAOCTestLazy.xml
7 ms. Memory: 1116672K Free: 701831K (63%)
----------------- Invoking toplevel() on ptolemy.moml.MoMLSimpleApplication@424a13bf
----------------- Done invoking toplevel() on ptolemy.moml.MoMLSimpleApplication@424a13bf
reloadAllAccessors: .LazyAOCTestLazy

===========================================================================================
----------------- testing Wed Jun 06 21:16:44 UTC 2018 /home/travis/build/icyphy/ptII/ptolemy/actor/lib/test/auto/LazyAOCTestNonLazy.xml
----------------- Instantiating /home/travis/build/icyphy/ptII/ptolemy/actor/lib/test/auto/LazyAOCTestNonLazy.xml
2 ms. Memory: 1116672K Free: 686847K (62%)
----------------- Invoking toplevel() on ptolemy.moml.MoMLSimpleApplication@bf743
----------------- Done invoking toplevel() on ptolemy.moml.MoMLSimpleApplication@bf743
reloadAllAccessors: .LazyAOCTestNonLazy

===========================================================================================
----------------- testing Wed Jun 06 21:16:44 UTC 2018 /home/travis/build/icyphy/ptII/ptolemy/actor/lib/test/auto/LazyInnerClass.xml
----------------- Instantiating /home/travis/build/icyphy/ptII/ptolemy/actor/lib/test/auto/LazyInnerClass.xml
10 ms. Memory: 1116672K Free: 671427K (60%)
----------------- Invoking toplevel() on ptolemy.moml.MoMLSimpleApplication@2644dd48
----------------- Done invoking toplevel() on ptolemy.moml.MoMLSimpleApplication@2644dd48
reloadAllAccessors: .LazyInnerClass

===========================================================================================
----------------- testing Wed Jun 06 21:16:44 UTC 2018 /home/travis/build/icyphy/ptII/ptolemy/actor/lib/test/auto/LazyPubSub.xml
----------------- Instantiating /home/travis/build/icyphy/ptII/ptolemy/actor/lib/test/auto/LazyPubSub.xml
27 ms. Memory: 1116672K Free: 656443K (59%)
----------------- Invoking toplevel() on ptolemy.moml.MoMLSimpleApplication@67367cbb
----------------- Done invoking toplevel() on ptolemy.moml.MoMLSimpleApplication@67367cbb
reloadAllAccessors: .LazyPubSub

===========================================================================================
----------------- testing Wed Jun 06 21:16:44 UTC 2018 /home/travis/build/icyphy/ptII/ptolemy/actor/lib/test/auto/LazyPubSub2.xml
----------------- Instantiating /home/travis/build/icyphy/ptII/ptolemy/actor/lib/test/auto/LazyPubSub2.xml
24 ms. Memory: 1116672K Free: 636018K (57%)
----------------- Invoking toplevel() on ptolemy.moml.MoMLSimpleApplication@75832986
----------------- Done invoking toplevel() on ptolemy.moml.MoMLSimpleApplication@75832986
reloadAllAccessors: .LazyPubSub2

===========================================================================================
----------------- testing Wed Jun 06 21:16:44 UTC 2018 /home/travis/build/icyphy/ptII/ptolemy/actor/lib/test/auto/LazyPubSub3.xml
----------------- Instantiating /home/travis/build/icyphy/ptII/ptolemy/actor/lib/test/auto/LazyPubSub3.xml
21 ms. Memory: 1116672K Free: 621049K (56%)
----------------- Invoking toplevel() on ptolemy.moml.MoMLSimpleApplication@497c7607
----------------- Done invoking toplevel() on ptolemy.moml.MoMLSimpleApplication@497c7607
reloadAllAccessors: .LazyPubSub3

===========================================================================================
----------------- testing Wed Jun 06 21:16:44 UTC 2018 /home/travis/build/icyphy/ptII/ptolemy/actor/lib/test/auto/LazySubClassModel.xml
----------------- Instantiating /home/travis/build/icyphy/ptII/ptolemy/actor/lib/test/auto/LazySubClassModel.xml
1 ms. Memory: 1116672K Free: 606065K (54%)
----------------- Invoking toplevel() on ptolemy.moml.MoMLSimpleApplication@ad523b0
----------------- Done invoking toplevel() on ptolemy.moml.MoMLSimpleApplication@ad523b0
reloadAllAccessors: .LazySubClassModel

===========================================================================================
----------------- testing Wed Jun 06 21:16:44 UTC 2018 /home/travis/build/icyphy/ptII/ptolemy/actor/lib/test/auto/LevelCrossTest1.xml
----------------- Instantiating /home/travis/build/icyphy/ptII/ptolemy/actor/lib/test/auto/LevelCrossTest1.xml
2 ms. Memory: 1116672K Free: 590645K (53%)
----------------- Invoking toplevel() on ptolemy.moml.MoMLSimpleApplication@33834409
----------------- Done invoking toplevel() on ptolemy.moml.MoMLSimpleApplication@33834409
reloadAllAccessors: .broken

===========================================================================================
----------------- testing Wed Jun 06 21:16:44 UTC 2018 /home/travis/build/icyphy/ptII/ptolemy/actor/lib/test/auto/LevelCrossTest10.xml
----------------- Instantiating /home/travis/build/icyphy/ptII/ptolemy/actor/lib/test/auto/LevelCrossTest10.xml
1 ms. Memory: 1116672K Free: 575661K (52%)
----------------- Invoking toplevel() on ptolemy.moml.MoMLSimpleApplication@6ad02107
----------------- Done invoking toplevel() on ptolemy.moml.MoMLSimpleApplication@6ad02107
reloadAllAccessors: .LevelCrossTest10

===========================================================================================
----------------- testing Wed Jun 06 21:16:44 UTC 2018 /home/travis/build/icyphy/ptII/ptolemy/actor/lib/test/auto/LevelCrossTest11.xml
----------------- Instantiating /home/travis/build/icyphy/ptII/ptolemy/actor/lib/test/auto/LevelCrossTest11.xml
1 ms. Memory: 1116672K Free: 555236K (50%)
----------------- Invoking toplevel() on ptolemy.moml.MoMLSimpleApplication@3fcb7ee
----------------- Done invoking toplevel() on ptolemy.moml.MoMLSimpleApplication@3fcb7ee
reloadAllAccessors: .LevelCrossTest11

===========================================================================================
----------------- testing Wed Jun 06 21:16:44 UTC 2018 /home/travis/build/icyphy/ptII/ptolemy/actor/lib/test/auto/LevelCrossTest12.xml
----------------- Instantiating /home/travis/build/icyphy/ptII/ptolemy/actor/lib/test/auto/LevelCrossTest12.xml
1 ms. Memory: 1116672K Free: 540251K (48%)
----------------- Invoking toplevel() on ptolemy.moml.MoMLSimpleApplication@4e7ad700
----------------- Done invoking toplevel() on ptolemy.moml.MoMLSimpleApplication@4e7ad700
reloadAllAccessors: .LevelCrossTest12

===========================================================================================
----------------- testing Wed Jun 06 21:16:44 UTC 2018 /home/travis/build/icyphy/ptII/ptolemy/actor/lib/test/auto/LevelCrossTest13.xml
----------------- Instantiating /home/travis/build/icyphy/ptII/ptolemy/actor/lib/test/auto/LevelCrossTest13.xml
1 ms. Memory: 1116672K Free: 519834K (47%)
----------------- Invoking toplevel() on ptolemy.moml.MoMLSimpleApplication@12a3448a
----------------- Done invoking toplevel() on ptolemy.moml.MoMLSimpleApplication@12a3448a
reloadAllAccessors: .LevelCrossTest13

===========================================================================================
----------------- testing Wed Jun 06 21:16:44 UTC 2018 /home/travis/build/icyphy/ptII/ptolemy/actor/lib/test/auto/LevelCrossTest2.xml
----------------- Instantiating /home/travis/build/icyphy/ptII/ptolemy/actor/lib/test/auto/LevelCrossTest2.xml
1 ms. Memory: 1116672K Free: 509855K (46%)
----------------- Invoking toplevel() on ptolemy.moml.MoMLSimpleApplication@15706550
----------------- Done invoking toplevel() on ptolemy.moml.MoMLSimpleApplication@15706550
reloadAllAccessors: .broken

===========================================================================================
----------------- testing Wed Jun 06 21:16:44 UTC 2018 /home/travis/build/icyphy/ptII/ptolemy/actor/lib/test/auto/LevelCrossTest3.xml
----------------- Instantiating /home/travis/build/icyphy/ptII/ptolemy/actor/lib/test/auto/LevelCrossTest3.xml
1 ms. Memory: 1116672K Free: 494435K (44%)
----------------- Invoking toplevel() on ptolemy.moml.MoMLSimpleApplication@e05a16f
----------------- Done invoking toplevel() on ptolemy.moml.MoMLSimpleApplication@e05a16f
reloadAllAccessors: .LevelCrossTest3

===========================================================================================
----------------- testing Wed Jun 06 21:16:44 UTC 2018 /home/travis/build/icyphy/ptII/ptolemy/actor/lib/test/auto/LevelCrossTest4.xml
----------------- Instantiating /home/travis/build/icyphy/ptII/ptolemy/actor/lib/test/auto/LevelCrossTest4.xml
1 ms. Memory: 1116672K Free: 484456K (43%)
----------------- Invoking toplevel() on ptolemy.moml.MoMLSimpleApplication@113b975d
----------------- Done invoking toplevel() on ptolemy.moml.MoMLSimpleApplication@113b975d
reloadAllAccessors: .broken

===========================================================================================
----------------- testing Wed Jun 06 21:16:44 UTC 2018 /home/travis/build/icyphy/ptII/ptolemy/actor/lib/test/auto/LevelCrossTest5.xml
----------------- Instantiating /home/travis/build/icyphy/ptII/ptolemy/actor/lib/test/auto/LevelCrossTest5.xml
3 ms. Memory: 1116672K Free: 469037K (42%)
----------------- Invoking toplevel() on ptolemy.moml.MoMLSimpleApplication@6767a3c1
----------------- Done invoking toplevel() on ptolemy.moml.MoMLSimpleApplication@6767a3c1
reloadAllAccessors: .LevelCrossTest5

===========================================================================================
----------------- testing Wed Jun 06 21:16:44 UTC 2018 /home/travis/build/icyphy/ptII/ptolemy/actor/lib/test/auto/LevelCrossTest6.xml
----------------- Instantiating /home/travis/build/icyphy/ptII/ptolemy/actor/lib/test/auto/LevelCrossTest6.xml
1 ms. Memory: 1116672K Free: 454053K (41%)
----------------- Invoking toplevel() on ptolemy.moml.MoMLSimpleApplication@1aa0e10
----------------- Done invoking toplevel() on ptolemy.moml.MoMLSimpleApplication@1aa0e10
reloadAllAccessors: .LevelCrossTest6

===========================================================================================
----------------- testing Wed Jun 06 21:16:44 UTC 2018 /home/travis/build/icyphy/ptII/ptolemy/actor/lib/test/auto/LevelCrossTest7.xml
----------------- Instantiating /home/travis/build/icyphy/ptII/ptolemy/actor/lib/test/auto/LevelCrossTest7.xml
1 ms. Memory: 1116672K Free: 439068K (39%)
----------------- Invoking toplevel() on ptolemy.moml.MoMLSimpleApplication@6ddab0f9
----------------- Done invoking toplevel() on ptolemy.moml.MoMLSimpleApplication@6ddab0f9
reloadAllAccessors: .LevelCrossTest7

===========================================================================================
----------------- testing Wed Jun 06 21:16:44 UTC 2018 /home/travis/build/icyphy/ptII/ptolemy/actor/lib/test/auto/LevelCrossTest8.xml
----------------- Instantiating /home/travis/build/icyphy/ptII/ptolemy/actor/lib/test/auto/LevelCrossTest8.xml
1 ms. Memory: 1116672K Free: 418643K (37%)
----------------- Invoking toplevel() on ptolemy.moml.MoMLSimpleApplication@1f9a0856
----------------- Done invoking toplevel() on ptolemy.moml.MoMLSimpleApplication@1f9a0856
reloadAllAccessors: .LevelCrossTest8

===========================================================================================
----------------- testing Wed Jun 06 21:16:44 UTC 2018 /home/travis/build/icyphy/ptII/ptolemy/actor/lib/test/auto/LevelCrossTest9.xml
----------------- Instantiating /home/travis/build/icyphy/ptII/ptolemy/actor/lib/test/auto/LevelCrossTest9.xml
5 ms. Memory: 1116672K Free: 403675K (36%)
----------------- Invoking toplevel() on ptolemy.moml.MoMLSimpleApplication@1d4c64ac
----------------- Done invoking toplevel() on ptolemy.moml.MoMLSimpleApplication@1d4c64ac
reloadAllAccessors: .LevelCrossTest9

===========================================================================================
----------------- testing Wed Jun 06 21:16:44 UTC 2018 /home/travis/build/icyphy/ptII/ptolemy/actor/lib/test/auto/LevinsonDurbin.xml
----------------- Instantiating /home/travis/build/icyphy/ptII/ptolemy/actor/lib/test/auto/LevinsonDurbin.xml
2 ms. Memory: 1116672K Free: 388255K (35%)
----------------- Invoking toplevel() on ptolemy.moml.MoMLSimpleApplication@48bbb64a
----------------- Done invoking toplevel() on ptolemy.moml.MoMLSimpleApplication@48bbb64a
reloadAllAccessors: .LevinsonDurbin

===========================================================================================
----------------- testing Wed Jun 06 21:16:44 UTC 2018 /home/travis/build/icyphy/ptII/ptolemy/actor/lib/test/auto/LevinsonDurbin2.xml
----------------- Instantiating /home/travis/build/icyphy/ptII/ptolemy/actor/lib/test/auto/LevinsonDurbin2.xml
1 ms. Memory: 1116672K Free: 378276K (34%)
----------------- Invoking toplevel() on ptolemy.moml.MoMLSimpleApplication@6d4ec3d1
----------------- Done invoking toplevel() on ptolemy.moml.MoMLSimpleApplication@6d4ec3d1
reloadAllAccessors: .LevinsonDurbin2

===========================================================================================
----------------- testing Wed Jun 06 21:16:44 UTC 2018 /home/travis/build/icyphy/ptII/ptolemy/actor/lib/test/auto/LevinsonDurbin3.xml
----------------- Instantiating /home/travis/build/icyphy/ptII/ptolemy/actor/lib/test/auto/LevinsonDurbin3.xml
1 ms. Memory: 1116672K Free: 362856K (32%)
----------------- Invoking toplevel() on ptolemy.moml.MoMLSimpleApplication@6e6a4610
----------------- Done invoking toplevel() on ptolemy.moml.MoMLSimpleApplication@6e6a4610
reloadAllAccessors: .LevinsonDurbin3

===========================================================================================
----------------- testing Wed Jun 06 21:16:44 UTC 2018 /home/travis/build/icyphy/ptII/ptolemy/actor/lib/test/auto/Limiter.xml
----------------- Instantiating /home/travis/build/icyphy/ptII/ptolemy/actor/lib/test/auto/Limiter.xml
4 ms. Memory: 1116672K Free: 347872K (31%)
----------------- Invoking toplevel() on ptolemy.moml.MoMLSimpleApplication@4601e1bb
----------------- Done invoking toplevel() on ptolemy.moml.MoMLSimpleApplication@4601e1bb
reloadAllAccessors: .Limiter

===========================================================================================
----------------- testing Wed Jun 06 21:16:44 UTC 2018 /home/travis/build/icyphy/ptII/ptolemy/actor/lib/test/auto/LinearDifferenceEquationSystem.xml
----------------- Instantiating /home/travis/build/icyphy/ptII/ptolemy/actor/lib/test/auto/LinearDifferenceEquationSystem.xml
4 ms. Memory: 1116672K Free: 327447K (29%)
----------------- Invoking toplevel() on ptolemy.moml.MoMLSimpleApplication@4d9ef979
----------------- Done invoking toplevel() on ptolemy.moml.MoMLSimpleApplication@4d9ef979
reloadAllAccessors: .LinearDifferenceEquationSystem

===========================================================================================
----------------- testing Wed Jun 06 21:16:44 UTC 2018 /home/travis/build/icyphy/ptII/ptolemy/actor/lib/test/auto/LookupTable.xml
----------------- Instantiating /home/travis/build/icyphy/ptII/ptolemy/actor/lib/test/auto/LookupTable.xml
2 ms. Memory: 1116672K Free: 317468K (28%)
----------------- Invoking toplevel() on ptolemy.moml.MoMLSimpleApplication@69d9082f
----------------- Done invoking toplevel() on ptolemy.moml.MoMLSimpleApplication@69d9082f
reloadAllAccessors: .LookupTable

===========================================================================================
----------------- testing Wed Jun 06 21:16:44 UTC 2018 /home/travis/build/icyphy/ptII/ptolemy/actor/lib/test/auto/MathFunction.xml
----------------- Instantiating /home/travis/build/icyphy/ptII/ptolemy/actor/lib/test/auto/MathFunction.xml
2 ms. Memory: 1116672K Free: 302484K (27%)
----------------- Invoking toplevel() on ptolemy.moml.MoMLSimpleApplication@ae3d21c
----------------- Done invoking toplevel() on ptolemy.moml.MoMLSimpleApplication@ae3d21c
reloadAllAccessors: .MathFunction

===========================================================================================
----------------- testing Wed Jun 06 21:16:44 UTC 2018 /home/travis/build/icyphy/ptII/ptolemy/actor/lib/test/auto/MathFunction2.xml
----------------- Instantiating /home/travis/build/icyphy/ptII/ptolemy/actor/lib/test/auto/MathFunction2.xml
5 ms. Memory: 1116672K Free: 287064K (26%)
----------------- Invoking toplevel() on ptolemy.moml.MoMLSimpleApplication@31be421a
----------------- Done invoking toplevel() on ptolemy.moml.MoMLSimpleApplication@31be421a
reloadAllAccessors: .MathFunction2

===========================================================================================
----------------- testing Wed Jun 06 21:16:44 UTC 2018 /home/travis/build/icyphy/ptII/ptolemy/actor/lib/test/auto/MathFunction3.xml
----------------- Instantiating /home/travis/build/icyphy/ptII/ptolemy/actor/lib/test/auto/MathFunction3.xml
2 ms. Memory: 1116672K Free: 272087K (24%)
----------------- Invoking toplevel() on ptolemy.moml.MoMLSimpleApplication@404dc333
----------------- Done invoking toplevel() on ptolemy.moml.MoMLSimpleApplication@404dc333
reloadAllAccessors: .MathFunction3

===========================================================================================
----------------- testing Wed Jun 06 21:16:44 UTC 2018 /home/travis/build/icyphy/ptII/ptolemy/actor/lib/test/auto/MatrixCropBoolean.xml
----------------- Instantiating /home/travis/build/icyphy/ptII/ptolemy/actor/lib/test/auto/MatrixCropBoolean.xml
4 ms. Memory: 1116672K Free: 256667K (23%)
----------------- Invoking toplevel() on ptolemy.moml.MoMLSimpleApplication@15c5faae
----------------- Done invoking toplevel() on ptolemy.moml.MoMLSimpleApplication@15c5faae
reloadAllAccessors: .MatrixCropBoolean

===========================================================================================
----------------- testing Wed Jun 06 21:16:44 UTC 2018 /home/travis/build/icyphy/ptII/ptolemy/actor/lib/test/auto/MatrixCropComplex.xml
----------------- Instantiating /home/travis/build/icyphy/ptII/ptolemy/actor/lib/test/auto/MatrixCropComplex.xml
2 ms. Memory: 1116672K Free: 246689K (22%)
----------------- Invoking toplevel() on ptolemy.moml.MoMLSimpleApplication@198d85f6
----------------- Done invoking toplevel() on ptolemy.moml.MoMLSimpleApplication@198d85f6
reloadAllAccessors: .MatrixCropComplex

===========================================================================================
----------------- testing Wed Jun 06 21:16:45 UTC 2018 /home/travis/build/icyphy/ptII/ptolemy/actor/lib/test/auto/MatrixCropDouble.xml
----------------- Instantiating /home/travis/build/icyphy/ptII/ptolemy/actor/lib/test/auto/MatrixCropDouble.xml
2 ms. Memory: 1116672K Free: 231269K (21%)
----------------- Invoking toplevel() on ptolemy.moml.MoMLSimpleApplication@fec7711
----------------- Done invoking toplevel() on ptolemy.moml.MoMLSimpleApplication@fec7711
reloadAllAccessors: .MatrixCropDouble

===========================================================================================
----------------- testing Wed Jun 06 21:16:45 UTC 2018 /home/travis/build/icyphy/ptII/ptolemy/actor/lib/test/auto/MatrixCropFix.xml
----------------- Instantiating /home/travis/build/icyphy/ptII/ptolemy/actor/lib/test/auto/MatrixCropFix.xml
2 ms. Memory: 1116672K Free: 221290K (20%)
----------------- Invoking toplevel() on ptolemy.moml.MoMLSimpleApplication@6b083771
----------------- Done invoking toplevel() on ptolemy.moml.MoMLSimpleApplication@6b083771
reloadAllAccessors: .MatrixCropFix

===========================================================================================
----------------- testing Wed Jun 06 21:16:45 UTC 2018 /home/travis/build/icyphy/ptII/ptolemy/actor/lib/test/auto/MatrixCropInt.xml
----------------- Instantiating /home/travis/build/icyphy/ptII/ptolemy/actor/lib/test/auto/MatrixCropInt.xml
2 ms. Memory: 1116672K Free: 205871K (18%)
----------------- Invoking toplevel() on ptolemy.moml.MoMLSimpleApplication@498b1b84
----------------- Done invoking toplevel() on ptolemy.moml.MoMLSimpleApplication@498b1b84
reloadAllAccessors: .MatrixCropInt

===========================================================================================
----------------- testing Wed Jun 06 21:16:45 UTC 2018 /home/travis/build/icyphy/ptII/ptolemy/actor/lib/test/auto/MatrixCropLong.xml
----------------- Instantiating /home/travis/build/icyphy/ptII/ptolemy/actor/lib/test/auto/MatrixCropLong.xml
2 ms. Memory: 1116672K Free: 195892K (18%)
----------------- Invoking toplevel() on ptolemy.moml.MoMLSimpleApplication@bf89bad
----------------- Done invoking toplevel() on ptolemy.moml.MoMLSimpleApplication@bf89bad
reloadAllAccessors: .MatrixCropLong

===========================================================================================
----------------- testing Wed Jun 06 21:16:45 UTC 2018 /home/travis/build/icyphy/ptII/ptolemy/actor/lib/test/auto/MatrixToArray.xml
----------------- Instantiating /home/travis/build/icyphy/ptII/ptolemy/actor/lib/test/auto/MatrixToArray.xml
5 ms. Memory: 1116672K Free: 170477K (15%)
----------------- Invoking toplevel() on ptolemy.moml.MoMLSimpleApplication@3cccdfc5
----------------- Done invoking toplevel() on ptolemy.moml.MoMLSimpleApplication@3cccdfc5
reloadAllAccessors: .MatrixToArray

===========================================================================================
----------------- testing Wed Jun 06 21:16:45 UTC 2018 /home/travis/build/icyphy/ptII/ptolemy/actor/lib/test/auto/MaxIndex.xml
----------------- Instantiating /home/travis/build/icyphy/ptII/ptolemy/actor/lib/test/auto/MaxIndex.xml
2 ms. Memory: 1116672K Free: 160498K (14%)
----------------- Invoking toplevel() on ptolemy.moml.MoMLSimpleApplication@7e2a3b54
----------------- Done invoking toplevel() on ptolemy.moml.MoMLSimpleApplication@7e2a3b54
reloadAllAccessors: .MaxIndex

===========================================================================================
----------------- testing Wed Jun 06 21:16:45 UTC 2018 /home/travis/build/icyphy/ptII/ptolemy/actor/lib/test/auto/Maximum.xml
----------------- Instantiating /home/travis/build/icyphy/ptII/ptolemy/actor/lib/test/auto/Maximum.xml
2 ms. Memory: 1116672K Free: 150519K (13%)
----------------- Invoking toplevel() on ptolemy.moml.MoMLSimpleApplication@75d4c011
----------------- Done invoking toplevel() on ptolemy.moml.MoMLSimpleApplication@75d4c011
reloadAllAccessors: .Maximum

===========================================================================================
----------------- testing Wed Jun 06 21:16:45 UTC 2018 /home/travis/build/icyphy/ptII/ptolemy/actor/lib/test/auto/MaximumComplex.xml
----------------- Instantiating /home/travis/build/icyphy/ptII/ptolemy/actor/lib/test/auto/MaximumComplex.xml
2 ms. Memory: 1116672K Free: 135100K (12%)
----------------- Invoking toplevel() on ptolemy.moml.MoMLSimpleApplication@3beb277b
----------------- Done invoking toplevel() on ptolemy.moml.MoMLSimpleApplication@3beb277b
reloadAllAccessors: .MaximumComplex

===========================================================================================
----------------- testing Wed Jun 06 21:16:45 UTC 2018 /home/travis/build/icyphy/ptII/ptolemy/actor/lib/test/auto/MethodCallTest.xml
----------------- Instantiating /home/travis/build/icyphy/ptII/ptolemy/actor/lib/test/auto/MethodCallTest.xml
4 ms. Memory: 1116672K Free: 120131K (11%)
----------------- Invoking toplevel() on ptolemy.moml.MoMLSimpleApplication@6c14ccb8
----------------- Done invoking toplevel() on ptolemy.moml.MoMLSimpleApplication@6c14ccb8
reloadAllAccessors: .MethodCallTest

===========================================================================================
----------------- testing Wed Jun 06 21:16:45 UTC 2018 /home/travis/build/icyphy/ptII/ptolemy/actor/lib/test/auto/Minimum.xml
----------------- Instantiating /home/travis/build/icyphy/ptII/ptolemy/actor/lib/test/auto/Minimum.xml
2 ms. Memory: 1116672K Free: 104712K (9%)
----------------- Invoking toplevel() on ptolemy.moml.MoMLSimpleApplication@1b662459
----------------- Done invoking toplevel() on ptolemy.moml.MoMLSimpleApplication@1b662459
reloadAllAccessors: .Minimum

===========================================================================================
----------------- testing Wed Jun 06 21:16:45 UTC 2018 /home/travis/build/icyphy/ptII/ptolemy/actor/lib/test/auto/MinimumComplex.xml
----------------- Instantiating /home/travis/build/icyphy/ptII/ptolemy/actor/lib/test/auto/MinimumComplex.xml
3 ms. Memory: 1116672K Free: 94733K (8%)
----------------- Invoking toplevel() on ptolemy.moml.MoMLSimpleApplication@25d9e6d9
----------------- Done invoking toplevel() on ptolemy.moml.MoMLSimpleApplication@25d9e6d9
reloadAllAccessors: .MinimumComplex

===========================================================================================
----------------- testing Wed Jun 06 21:16:45 UTC 2018 /home/travis/build/icyphy/ptII/ptolemy/actor/lib/test/auto/MinimumMultiports.xml
----------------- Instantiating /home/travis/build/icyphy/ptII/ptolemy/actor/lib/test/auto/MinimumMultiports.xml
15 ms. Memory: 1230336K Free: 1187327K (97%)
----------------- Invoking toplevel() on ptolemy.moml.MoMLSimpleApplication@2119ee4
----------------- Done invoking toplevel() on ptolemy.moml.MoMLSimpleApplication@2119ee4
reloadAllAccessors: .MinimumMultiports

===========================================================================================
----------------- testing Wed Jun 06 21:16:45 UTC 2018 /home/travis/build/icyphy/ptII/ptolemy/actor/lib/test/auto/ModifyDate.xml
----------------- Instantiating /home/travis/build/icyphy/ptII/ptolemy/actor/lib/test/auto/ModifyDate.xml
7 ms. Memory: 1230336K Free: 1156509K (94%)
----------------- Invoking toplevel() on ptolemy.moml.MoMLSimpleApplication@423217d0
----------------- Done invoking toplevel() on ptolemy.moml.MoMLSimpleApplication@423217d0
reloadAllAccessors: .ModifyDate

===========================================================================================
----------------- testing Wed Jun 06 21:16:45 UTC 2018 /home/travis/build/icyphy/ptII/ptolemy/actor/lib/test/auto/ModifyDate2.xml
----------------- Instantiating /home/travis/build/icyphy/ptII/ptolemy/actor/lib/test/auto/ModifyDate2.xml
4 ms. Memory: 1230336K Free: 1139605K (93%)
----------------- Invoking toplevel() on ptolemy.moml.MoMLSimpleApplication@70d31532
----------------- Done invoking toplevel() on ptolemy.moml.MoMLSimpleApplication@70d31532
reloadAllAccessors: .ModifyDate2

===========================================================================================
----------------- testing Wed Jun 06 21:16:45 UTC 2018 /home/travis/build/icyphy/ptII/ptolemy/actor/lib/test/auto/MovingAverage.xml
----------------- Instantiating /home/travis/build/icyphy/ptII/ptolemy/actor/lib/test/auto/MovingAverage.xml
3 ms. Memory: 1230336K Free: 1122953K (91%)
----------------- Invoking toplevel() on ptolemy.moml.MoMLSimpleApplication@15fafc6c
----------------- Done invoking toplevel() on ptolemy.moml.MoMLSimpleApplication@15fafc6c
reloadAllAccessors: .MovingAverage

===========================================================================================
----------------- testing Wed Jun 06 21:16:45 UTC 2018 /home/travis/build/icyphy/ptII/ptolemy/actor/lib/test/auto/MovingMaximum.xml
----------------- Instantiating /home/travis/build/icyphy/ptII/ptolemy/actor/lib/test/auto/MovingMaximum.xml
1 ms. Memory: 1230336K Free: 1111684K (90%)
----------------- Invoking toplevel() on ptolemy.moml.MoMLSimpleApplication@53041b0a
----------------- Done invoking toplevel() on ptolemy.moml.MoMLSimpleApplication@53041b0a
reloadAllAccessors: .MovingMaximum

===========================================================================================
----------------- testing Wed Jun 06 21:16:45 UTC 2018 /home/travis/build/icyphy/ptII/ptolemy/actor/lib/test/auto/MultipleLinksToSameRelation.xml
----------------- Instantiating /home/travis/build/icyphy/ptII/ptolemy/actor/lib/test/auto/MultipleLinksToSameRelation.xml
1 ms. Memory: 1230336K Free: 1095033K (89%)
----------------- Invoking toplevel() on ptolemy.moml.MoMLSimpleApplication@2ef1b7be
----------------- Done invoking toplevel() on ptolemy.moml.MoMLSimpleApplication@2ef1b7be
reloadAllAccessors: .MultipleLinksToSameRelation

===========================================================================================
----------------- testing Wed Jun 06 21:16:45 UTC 2018 /home/travis/build/icyphy/ptII/ptolemy/actor/lib/test/auto/MultipleLinksToSameRelationDE.xml
----------------- Instantiating /home/travis/build/icyphy/ptII/ptolemy/actor/lib/test/auto/MultipleLinksToSameRelationDE.xml
1 ms. Memory: 1230336K Free: 1083763K (88%)
----------------- Invoking toplevel() on ptolemy.moml.MoMLSimpleApplication@678abb11
----------------- Done invoking toplevel() on ptolemy.moml.MoMLSimpleApplication@678abb11
reloadAllAccessors: .MultipleLinksToSameRelationDE

===========================================================================================
----------------- testing Wed Jun 06 21:16:45 UTC 2018 /home/travis/build/icyphy/ptII/ptolemy/actor/lib/test/auto/Multiplexor.xml
----------------- Instantiating /home/travis/build/icyphy/ptII/ptolemy/actor/lib/test/auto/Multiplexor.xml
1 ms. Memory: 1230336K Free: 1067112K (87%)
----------------- Invoking toplevel() on ptolemy.moml.MoMLSimpleApplication@62068dec
----------------- Done invoking toplevel() on ptolemy.moml.MoMLSimpleApplication@62068dec
reloadAllAccessors: .Multiplexor

===========================================================================================
----------------- testing Wed Jun 06 21:16:45 UTC 2018 /home/travis/build/icyphy/ptII/ptolemy/actor/lib/test/auto/Multiplexor1.xml
----------------- Instantiating /home/travis/build/icyphy/ptII/ptolemy/actor/lib/test/auto/Multiplexor1.xml
2 ms. Memory: 1230336K Free: 1055843K (86%)
----------------- Invoking toplevel() on ptolemy.moml.MoMLSimpleApplication@5d39f78e
----------------- Done invoking toplevel() on ptolemy.moml.MoMLSimpleApplication@5d39f78e
reloadAllAccessors: .Multiplexor1

===========================================================================================
----------------- testing Wed Jun 06 21:16:45 UTC 2018 /home/travis/build/icyphy/ptII/ptolemy/actor/lib/test/auto/Multiplexor2.xml
----------------- Instantiating /home/travis/build/icyphy/ptII/ptolemy/actor/lib/test/auto/Multiplexor2.xml
4 ms. Memory: 1230336K Free: 1039164K (84%)
----------------- Invoking toplevel() on ptolemy.moml.MoMLSimpleApplication@3340e754
----------------- Done invoking toplevel() on ptolemy.moml.MoMLSimpleApplication@3340e754
reloadAllAccessors: .Multiplexor2

===========================================================================================
----------------- testing Wed Jun 06 21:16:45 UTC 2018 /home/travis/build/icyphy/ptII/ptolemy/actor/lib/test/auto/Multiplexor3.xml
----------------- Instantiating /home/travis/build/icyphy/ptII/ptolemy/actor/lib/test/auto/Multiplexor3.xml
1 ms. Memory: 1230336K Free: 1027895K (84%)
----------------- Invoking toplevel() on ptolemy.moml.MoMLSimpleApplication@4942e14f
----------------- Done invoking toplevel() on ptolemy.moml.MoMLSimpleApplication@4942e14f
reloadAllAccessors: .Multiplexor3

===========================================================================================
----------------- testing Wed Jun 06 21:16:45 UTC 2018 /home/travis/build/icyphy/ptII/ptolemy/actor/lib/test/auto/MultiplexorDE.xml
----------------- Instantiating /home/travis/build/icyphy/ptII/ptolemy/actor/lib/test/auto/MultiplexorDE.xml
3 ms. Memory: 1230336K Free: 1005609K (82%)
----------------- Invoking toplevel() on ptolemy.moml.MoMLSimpleApplication@310a609e
----------------- Done invoking toplevel() on ptolemy.moml.MoMLSimpleApplication@310a609e
reloadAllAccessors: .MultiplexorDE

===========================================================================================
----------------- testing Wed Jun 06 21:16:45 UTC 2018 /home/travis/build/icyphy/ptII/ptolemy/actor/lib/test/auto/MultiportBroadcastTest.xml
----------------- Instantiating /home/travis/build/icyphy/ptII/ptolemy/actor/lib/test/auto/MultiportBroadcastTest.xml
88 ms. Memory: 1230336K Free: 994339K (81%)
----------------- Invoking toplevel() on ptolemy.moml.MoMLSimpleApplication@17cced6
----------------- Done invoking toplevel() on ptolemy.moml.MoMLSimpleApplication@17cced6
reloadAllAccessors: .MultiportBroadcastTest

===========================================================================================
----------------- testing Wed Jun 06 21:16:45 UTC 2018 /home/travis/build/icyphy/ptII/ptolemy/actor/lib/test/auto/MultiportOutHangDuringGetWidth.xml
----------------- Instantiating /home/travis/build/icyphy/ptII/ptolemy/actor/lib/test/auto/MultiportOutHangDuringGetWidth.xml
4 ms. Memory: 1230336K Free: 977420K (79%)
----------------- Invoking toplevel() on ptolemy.moml.MoMLSimpleApplication@2b7e281b
----------------- Done invoking toplevel() on ptolemy.moml.MoMLSimpleApplication@2b7e281b
reloadAllAccessors: .MultiportOutHangDuringGetWidth

===========================================================================================
----------------- testing Wed Jun 06 21:16:45 UTC 2018 /home/travis/build/icyphy/ptII/ptolemy/actor/lib/test/auto/NilToken.xml
----------------- Instantiating /home/travis/build/icyphy/ptII/ptolemy/actor/lib/test/auto/NilToken.xml
1 ms. Memory: 1230336K Free: 960768K (78%)
----------------- Invoking toplevel() on ptolemy.moml.MoMLSimpleApplication@b568974
----------------- Done invoking toplevel() on ptolemy.moml.MoMLSimpleApplication@b568974
reloadAllAccessors: .NilToken

===========================================================================================
----------------- testing Wed Jun 06 21:16:45 UTC 2018 /home/travis/build/icyphy/ptII/ptolemy/actor/lib/test/auto/NilTokenNonStrictTest.xml
----------------- Instantiating /home/travis/build/icyphy/ptII/ptolemy/actor/lib/test/auto/NilTokenNonStrictTest.xml
3 ms. Memory: 1230336K Free: 949499K (77%)
----------------- Invoking toplevel() on ptolemy.moml.MoMLSimpleApplication@58668d66
----------------- Done invoking toplevel() on ptolemy.moml.MoMLSimpleApplication@58668d66
reloadAllAccessors: .NilTokenNonStrictTest

===========================================================================================
----------------- testing Wed Jun 06 21:16:45 UTC 2018 /home/travis/build/icyphy/ptII/ptolemy/actor/lib/test/auto/NilTokenRecord.xml
----------------- Instantiating /home/travis/build/icyphy/ptII/ptolemy/actor/lib/test/auto/NilTokenRecord.xml
7 ms. Memory: 1230336K Free: 932848K (76%)
----------------- Invoking toplevel() on ptolemy.moml.MoMLSimpleApplication@4705e8af
----------------- Done invoking toplevel() on ptolemy.moml.MoMLSimpleApplication@4705e8af
reloadAllAccessors: .NilTokenRecord

===========================================================================================
----------------- testing Wed Jun 06 21:16:45 UTC 2018 /home/travis/build/icyphy/ptII/ptolemy/actor/lib/test/auto/NilTokenTypeTest.xml
----------------- Instantiating /home/travis/build/icyphy/ptII/ptolemy/actor/lib/test/auto/NilTokenTypeTest.xml
3 ms. Memory: 1230336K Free: 915936K (74%)
----------------- Invoking toplevel() on ptolemy.moml.MoMLSimpleApplication@6e17e41b
----------------- Done invoking toplevel() on ptolemy.moml.MoMLSimpleApplication@6e17e41b
reloadAllAccessors: .NilTokenTypeTest

===========================================================================================
----------------- testing Wed Jun 06 21:16:45 UTC 2018 /home/travis/build/icyphy/ptII/ptolemy/actor/lib/test/auto/ObjectToken1.xml
----------------- Instantiating /home/travis/build/icyphy/ptII/ptolemy/actor/lib/test/auto/ObjectToken1.xml
2 ms. Memory: 1230336K Free: 899285K (73%)
----------------- Invoking toplevel() on ptolemy.moml.MoMLSimpleApplication@7255016b
----------------- Done invoking toplevel() on ptolemy.moml.MoMLSimpleApplication@7255016b
reloadAllAccessors: .ObjectToken1

===========================================================================================
----------------- testing Wed Jun 06 21:16:45 UTC 2018 /home/travis/build/icyphy/ptII/ptolemy/actor/lib/test/auto/OrderedMerge.xml
----------------- Instantiating /home/travis/build/icyphy/ptII/ptolemy/actor/lib/test/auto/OrderedMerge.xml
4 ms. Memory: 1230336K Free: 865477K (70%)
----------------- Invoking toplevel() on ptolemy.moml.MoMLSimpleApplication@4a1c94f1
----------------- Done invoking toplevel() on ptolemy.moml.MoMLSimpleApplication@4a1c94f1
reloadAllAccessors: .OrderedMerge

===========================================================================================
----------------- testing Wed Jun 06 21:16:45 UTC 2018 /home/travis/build/icyphy/ptII/ptolemy/actor/lib/test/auto/OrderedRecordDisassembler.xml
----------------- Instantiating /home/travis/build/icyphy/ptII/ptolemy/actor/lib/test/auto/OrderedRecordDisassembler.xml
2 ms. Memory: 1230336K Free: 848826K (69%)
----------------- Invoking toplevel() on ptolemy.moml.MoMLSimpleApplication@640854d8
----------------- Done invoking toplevel() on ptolemy.moml.MoMLSimpleApplication@640854d8
reloadAllAccessors: .OrderedRecordDisassembler

===========================================================================================
----------------- testing Wed Jun 06 21:16:45 UTC 2018 /home/travis/build/icyphy/ptII/ptolemy/actor/lib/test/auto/OrderedRecordDisassembler2.xml
----------------- Instantiating /home/travis/build/icyphy/ptII/ptolemy/actor/lib/test/auto/OrderedRecordDisassembler2.xml
3 ms. Memory: 1230336K Free: 837557K (68%)
----------------- Invoking toplevel() on ptolemy.moml.MoMLSimpleApplication@14f9c138
----------------- Done invoking toplevel() on ptolemy.moml.MoMLSimpleApplication@14f9c138
reloadAllAccessors: .OrderedRecordDisassembler2

===========================================================================================
----------------- testing Wed Jun 06 21:16:45 UTC 2018 /home/travis/build/icyphy/ptII/ptolemy/actor/lib/test/auto/OrderedRecordUpdater.xml
----------------- Instantiating /home/travis/build/icyphy/ptII/ptolemy/actor/lib/test/auto/OrderedRecordUpdater.xml
1 ms. Memory: 1230336K Free: 820905K (67%)
----------------- Invoking toplevel() on ptolemy.moml.MoMLSimpleApplication@5051f808
----------------- Done invoking toplevel() on ptolemy.moml.MoMLSimpleApplication@5051f808
reloadAllAccessors: .RecordUpdater

===========================================================================================
----------------- testing Wed Jun 06 21:16:45 UTC 2018 /home/travis/build/icyphy/ptII/ptolemy/actor/lib/test/auto/OrderedRecordUpdater2.xml
----------------- Instantiating /home/travis/build/icyphy/ptII/ptolemy/actor/lib/test/auto/OrderedRecordUpdater2.xml
1 ms. Memory: 1230336K Free: 809636K (66%)
----------------- Invoking toplevel() on ptolemy.moml.MoMLSimpleApplication@594be412
----------------- Done invoking toplevel() on ptolemy.moml.MoMLSimpleApplication@594be412
reloadAllAccessors: .RecordUpdater2

===========================================================================================
----------------- testing Wed Jun 06 21:16:45 UTC 2018 /home/travis/build/icyphy/ptII/ptolemy/actor/lib/test/auto/PhaseUnwrap.xml
----------------- Instantiating /home/travis/build/icyphy/ptII/ptolemy/actor/lib/test/auto/PhaseUnwrap.xml
1 ms. Memory: 1230336K Free: 792984K (64%)
----------------- Invoking toplevel() on ptolemy.moml.MoMLSimpleApplication@66c619bf
----------------- Done invoking toplevel() on ptolemy.moml.MoMLSimpleApplication@66c619bf
reloadAllAccessors: .PhaseUnwrap

===========================================================================================
----------------- testing Wed Jun 06 21:16:45 UTC 2018 /home/travis/build/icyphy/ptII/ptolemy/actor/lib/test/auto/PoissonClock.xml
----------------- Instantiating /home/travis/build/icyphy/ptII/ptolemy/actor/lib/test/auto/PoissonClock.xml
1 ms. Memory: 1230336K Free: 781715K (64%)
----------------- Invoking toplevel() on ptolemy.moml.MoMLSimpleApplication@71eecee5
----------------- Done invoking toplevel() on ptolemy.moml.MoMLSimpleApplication@71eecee5
reloadAllAccessors: .PoissonClock

===========================================================================================
----------------- testing Wed Jun 06 21:16:45 UTC 2018 /home/travis/build/icyphy/ptII/ptolemy/actor/lib/test/auto/PoissonClock2.xml
----------------- Instantiating /home/travis/build/icyphy/ptII/ptolemy/actor/lib/test/auto/PoissonClock2.xml
1 ms. Memory: 1230336K Free: 765064K (62%)
----------------- Invoking toplevel() on ptolemy.moml.MoMLSimpleApplication@59d8227d
----------------- Done invoking toplevel() on ptolemy.moml.MoMLSimpleApplication@59d8227d
reloadAllAccessors: .PoissonClock2

===========================================================================================
----------------- testing Wed Jun 06 21:16:45 UTC 2018 /home/travis/build/icyphy/ptII/ptolemy/actor/lib/test/auto/PoissonClock3.xml
----------------- Instantiating /home/travis/build/icyphy/ptII/ptolemy/actor/lib/test/auto/PoissonClock3.xml
1 ms. Memory: 1230336K Free: 753795K (61%)
----------------- Invoking toplevel() on ptolemy.moml.MoMLSimpleApplication@2b4b09e8
----------------- Done invoking toplevel() on ptolemy.moml.MoMLSimpleApplication@2b4b09e8
reloadAllAccessors: .PoissonClock3

===========================================================================================
----------------- testing Wed Jun 06 21:16:45 UTC 2018 /home/travis/build/icyphy/ptII/ptolemy/actor/lib/test/auto/PubSubWithInitialTokens.xml
----------------- Instantiating /home/travis/build/icyphy/ptII/ptolemy/actor/lib/test/auto/PubSubWithInitialTokens.xml
1 ms. Memory: 1230336K Free: 742526K (60%)
----------------- Invoking toplevel() on ptolemy.moml.MoMLSimpleApplication@36abfd03
----------------- Done invoking toplevel() on ptolemy.moml.MoMLSimpleApplication@36abfd03
reloadAllAccessors: .PubSubWithInitialTokens

===========================================================================================
----------------- testing Wed Jun 06 21:16:45 UTC 2018 /home/travis/build/icyphy/ptII/ptolemy/actor/lib/test/auto/PubSubWithInitialTokens2.xml
----------------- Instantiating /home/travis/build/icyphy/ptII/ptolemy/actor/lib/test/auto/PubSubWithInitialTokens2.xml
2 ms. Memory: 1230336K Free: 725874K (59%)
----------------- Invoking toplevel() on ptolemy.moml.MoMLSimpleApplication@21386f6a
----------------- Done invoking toplevel() on ptolemy.moml.MoMLSimpleApplication@21386f6a
reloadAllAccessors: .PubSubWithInitialTokens2

===========================================================================================
----------------- testing Wed Jun 06 21:16:45 UTC 2018 /home/travis/build/icyphy/ptII/ptolemy/actor/lib/test/auto/PublisherClassNoParameter.xml
----------------- Instantiating /home/travis/build/icyphy/ptII/ptolemy/actor/lib/test/auto/PublisherClassNoParameter.xml
2 ms. Memory: 1230336K Free: 708954K (58%)
----------------- Invoking toplevel() on ptolemy.moml.MoMLSimpleApplication@4d148764
----------------- Done invoking toplevel() on ptolemy.moml.MoMLSimpleApplication@4d148764
reloadAllAccessors: .PublisherClassNoParameter

===========================================================================================
----------------- testing Wed Jun 06 21:16:45 UTC 2018 /home/travis/build/icyphy/ptII/ptolemy/actor/lib/test/auto/PublisherClassParameter.xml
----------------- Instantiating /home/travis/build/icyphy/ptII/ptolemy/actor/lib/test/auto/PublisherClassParameter.xml
2 ms. Memory: 1230336K Free: 686652K (56%)
----------------- Invoking toplevel() on ptolemy.moml.MoMLSimpleApplication@19096e28
----------------- Done invoking toplevel() on ptolemy.moml.MoMLSimpleApplication@19096e28
reloadAllAccessors: .PublisherClassParameter

===========================================================================================
----------------- testing Wed Jun 06 21:16:45 UTC 2018 /home/travis/build/icyphy/ptII/ptolemy/actor/lib/test/auto/PublisherNonStrictTest.xml
----------------- Instantiating /home/travis/build/icyphy/ptII/ptolemy/actor/lib/test/auto/PublisherNonStrictTest.xml
3 ms. Memory: 1230336K Free: 675383K (55%)
----------------- Invoking toplevel() on ptolemy.moml.MoMLSimpleApplication@2fa6986c
----------------- Done invoking toplevel() on ptolemy.moml.MoMLSimpleApplication@2fa6986c
reloadAllAccessors: .PublisherNonStrictTest

===========================================================================================
----------------- testing Wed Jun 06 21:16:45 UTC 2018 /home/travis/build/icyphy/ptII/ptolemy/actor/lib/test/auto/PublisherPort1.xml
----------------- Instantiating /home/travis/build/icyphy/ptII/ptolemy/actor/lib/test/auto/PublisherPort1.xml
8 ms. Memory: 1230336K Free: 658732K (54%)
----------------- Invoking toplevel() on ptolemy.moml.MoMLSimpleApplication@53ffb392
----------------- Done invoking toplevel() on ptolemy.moml.MoMLSimpleApplication@53ffb392
reloadAllAccessors: .PublisherPort1

===========================================================================================
----------------- testing Wed Jun 06 21:16:46 UTC 2018 /home/travis/build/icyphy/ptII/ptolemy/actor/lib/test/auto/PublisherPort2.xml
----------------- Instantiating /home/travis/build/icyphy/ptII/ptolemy/actor/lib/test/auto/PublisherPort2.xml
2 ms. Memory: 1230336K Free: 647463K (53%)
----------------- Invoking toplevel() on ptolemy.moml.MoMLSimpleApplication@352ce5a
----------------- Done invoking toplevel() on ptolemy.moml.MoMLSimpleApplication@352ce5a
reloadAllAccessors: .PublisherPort2

===========================================================================================
----------------- testing Wed Jun 06 21:16:46 UTC 2018 /home/travis/build/icyphy/ptII/ptolemy/actor/lib/test/auto/PublisherPort3.xml
----------------- Instantiating /home/travis/build/icyphy/ptII/ptolemy/actor/lib/test/auto/PublisherPort3.xml
3 ms. Memory: 1230336K Free: 630811K (51%)
----------------- Invoking toplevel() on ptolemy.moml.MoMLSimpleApplication@4004112
----------------- Done invoking toplevel() on ptolemy.moml.MoMLSimpleApplication@4004112
reloadAllAccessors: .PublisherPort3

===========================================================================================
----------------- testing Wed Jun 06 21:16:46 UTC 2018 /home/travis/build/icyphy/ptII/ptolemy/actor/lib/test/auto/PublisherPort4.xml
----------------- Instantiating /home/travis/build/icyphy/ptII/ptolemy/actor/lib/test/auto/PublisherPort4.xml
5 ms. Memory: 1230336K Free: 619542K (50%)
----------------- Invoking toplevel() on ptolemy.moml.MoMLSimpleApplication@3cd38b21
----------------- Done invoking toplevel() on ptolemy.moml.MoMLSimpleApplication@3cd38b21
reloadAllAccessors: .PublisherPort4

===========================================================================================
----------------- testing Wed Jun 06 21:16:46 UTC 2018 /home/travis/build/icyphy/ptII/ptolemy/actor/lib/test/auto/PublisherPort5.xml
----------------- Instantiating /home/travis/build/icyphy/ptII/ptolemy/actor/lib/test/auto/PublisherPort5.xml
3 ms. Memory: 1230336K Free: 602891K (49%)
----------------- Invoking toplevel() on ptolemy.moml.MoMLSimpleApplication@25cb31c3
----------------- Done invoking toplevel() on ptolemy.moml.MoMLSimpleApplication@25cb31c3
reloadAllAccessors: .PublisherPort5

===========================================================================================
----------------- testing Wed Jun 06 21:16:46 UTC 2018 /home/travis/build/icyphy/ptII/ptolemy/actor/lib/test/auto/PublisherPort5LookAlike.xml
----------------- Instantiating /home/travis/build/icyphy/ptII/ptolemy/actor/lib/test/auto/PublisherPort5LookAlike.xml
6 ms. Memory: 1230336K Free: 591622K (48%)
----------------- Invoking toplevel() on ptolemy.moml.MoMLSimpleApplication@6aefc67f
----------------- Done invoking toplevel() on ptolemy.moml.MoMLSimpleApplication@6aefc67f
reloadAllAccessors: .PublisherPort5LookAlike

===========================================================================================
----------------- testing Wed Jun 06 21:16:46 UTC 2018 /home/travis/build/icyphy/ptII/ptolemy/actor/lib/test/auto/PublisherPort6.xml
----------------- Instantiating /home/travis/build/icyphy/ptII/ptolemy/actor/lib/test/auto/PublisherPort6.xml
2 ms. Memory: 1230336K Free: 574970K (47%)
----------------- Invoking toplevel() on ptolemy.moml.MoMLSimpleApplication@58cd4ec
----------------- Done invoking toplevel() on ptolemy.moml.MoMLSimpleApplication@58cd4ec
reloadAllAccessors: .PublisherPort6

===========================================================================================
----------------- testing Wed Jun 06 21:16:46 UTC 2018 /home/travis/build/icyphy/ptII/ptolemy/actor/lib/test/auto/PublisherPort7.xml
----------------- Instantiating /home/travis/build/icyphy/ptII/ptolemy/actor/lib/test/auto/PublisherPort7.xml
3 ms. Memory: 1230336K Free: 563701K (46%)
----------------- Invoking toplevel() on ptolemy.moml.MoMLSimpleApplication@540d57a2
----------------- Done invoking toplevel() on ptolemy.moml.MoMLSimpleApplication@540d57a2
reloadAllAccessors: .PublisherPort7

===========================================================================================
----------------- testing Wed Jun 06 21:16:46 UTC 2018 /home/travis/build/icyphy/ptII/ptolemy/actor/lib/test/auto/PublisherPort8.xml
----------------- Instantiating /home/travis/build/icyphy/ptII/ptolemy/actor/lib/test/auto/PublisherPort8.xml
3 ms. Memory: 1230336K Free: 541415K (44%)
----------------- Invoking toplevel() on ptolemy.moml.MoMLSimpleApplication@6ba46e04
----------------- Done invoking toplevel() on ptolemy.moml.MoMLSimpleApplication@6ba46e04
reloadAllAccessors: .PublisherPort8

===========================================================================================
----------------- testing Wed Jun 06 21:16:46 UTC 2018 /home/travis/build/icyphy/ptII/ptolemy/actor/lib/test/auto/PublisherPortSubscriberChannelVariablesAOC2.xml
----------------- Instantiating /home/travis/build/icyphy/ptII/ptolemy/actor/lib/test/auto/PublisherPortSubscriberChannelVariablesAOC2.xml
3 ms. Memory: 1230336K Free: 518861K (42%)
----------------- Invoking toplevel() on ptolemy.moml.MoMLSimpleApplication@15fb7800
----------------- Done invoking toplevel() on ptolemy.moml.MoMLSimpleApplication@15fb7800
reloadAllAccessors: .PublisherPortSubscriberChannelVariablesAOC2

===========================================================================================
----------------- testing Wed Jun 06 21:16:46 UTC 2018 /home/travis/build/icyphy/ptII/ptolemy/actor/lib/test/auto/PublisherPortSubscriberOpaqueWidthInference.xml
----------------- Instantiating /home/travis/build/icyphy/ptII/ptolemy/actor/lib/test/auto/PublisherPortSubscriberOpaqueWidthInference.xml
4 ms. Memory: 1230336K Free: 507591K (41%)
----------------- Invoking toplevel() on ptolemy.moml.MoMLSimpleApplication@7f747a9
----------------- Done invoking toplevel() on ptolemy.moml.MoMLSimpleApplication@7f747a9
reloadAllAccessors: .PublisherPortSubscriberOpaqueWidthInference

===========================================================================================
----------------- testing Wed Jun 06 21:16:46 UTC 2018 /home/travis/build/icyphy/ptII/ptolemy/actor/lib/test/auto/PublisherPortSubscriberPortAdjacent.xml
----------------- Instantiating /home/travis/build/icyphy/ptII/ptolemy/actor/lib/test/auto/PublisherPortSubscriberPortAdjacent.xml
2 ms. Memory: 1230336K Free: 485305K (39%)
----------------- Invoking toplevel() on ptolemy.moml.MoMLSimpleApplication@16c35e42
----------------- Done invoking toplevel() on ptolemy.moml.MoMLSimpleApplication@16c35e42
reloadAllAccessors: .PublisherPortSubscriberPortAdjacent

===========================================================================================
----------------- testing Wed Jun 06 21:16:46 UTC 2018 /home/travis/build/icyphy/ptII/ptolemy/actor/lib/test/auto/PublisherPortSubscriberPortExpression.xml
----------------- Instantiating /home/travis/build/icyphy/ptII/ptolemy/actor/lib/test/auto/PublisherPortSubscriberPortExpression.xml
3 ms. Memory: 1230336K Free: 474036K (39%)
----------------- Invoking toplevel() on ptolemy.moml.MoMLSimpleApplication@c5d372b
----------------- Done invoking toplevel() on ptolemy.moml.MoMLSimpleApplication@c5d372b
reloadAllAccessors: .PublisherPortSubscriberPortExpression

===========================================================================================
----------------- testing Wed Jun 06 21:16:46 UTC 2018 /home/travis/build/icyphy/ptII/ptolemy/actor/lib/test/auto/PublisherPortSubscriberPortOpaqueD3Reverse.xml
----------------- Instantiating /home/travis/build/icyphy/ptII/ptolemy/actor/lib/test/auto/PublisherPortSubscriberPortOpaqueD3Reverse.xml
7 ms. Memory: 1230336K Free: 451734K (37%)
----------------- Invoking toplevel() on ptolemy.moml.MoMLSimpleApplication@61941812
----------------- Done invoking toplevel() on ptolemy.moml.MoMLSimpleApplication@61941812
reloadAllAccessors: .PublisherPortSubscriberPortOpaqueD3Reverse

===========================================================================================
----------------- testing Wed Jun 06 21:16:46 UTC 2018 /home/travis/build/icyphy/ptII/ptolemy/actor/lib/test/auto/PublisherPortSubscriberPortOpaqueWidthInference.xml
----------------- Instantiating /home/travis/build/icyphy/ptII/ptolemy/actor/lib/test/auto/PublisherPortSubscriberPortOpaqueWidthInference.xml
4 ms. Memory: 1230336K Free: 440465K (36%)
----------------- Invoking toplevel() on ptolemy.moml.MoMLSimpleApplication@7a41d10a
----------------- Done invoking toplevel() on ptolemy.moml.MoMLSimpleApplication@7a41d10a
reloadAllAccessors: .PublisherPortSubscriberPortOpaqueWidthInference

===========================================================================================
----------------- testing Wed Jun 06 21:16:46 UTC 2018 /home/travis/build/icyphy/ptII/ptolemy/actor/lib/test/auto/PublisherPortToplevelSubscriberPortAOC.xml
----------------- Instantiating /home/travis/build/icyphy/ptII/ptolemy/actor/lib/test/auto/PublisherPortToplevelSubscriberPortAOC.xml
.PublisherPortToplevelSubscriberPortAOC.TestExceptionAttribute: initialize() was not invoked, but wrapup() was.  This is unusual, but not always a problem.  For example, exporting JNLP will do this.
0 ms. Memory: 1230336K Free: 423813K (34%)
----------------- Invoking toplevel() on ptolemy.moml.MoMLSimpleApplication@1428a8d8
----------------- Done invoking toplevel() on ptolemy.moml.MoMLSimpleApplication@1428a8d8
reloadAllAccessors: .PublisherPortToplevelSubscriberPortAOC

===========================================================================================
----------------- testing Wed Jun 06 21:16:46 UTC 2018 /home/travis/build/icyphy/ptII/ptolemy/actor/lib/test/auto/PublisherSubscriber.xml
----------------- Instantiating /home/travis/build/icyphy/ptII/ptolemy/actor/lib/test/auto/PublisherSubscriber.xml
2 ms. Memory: 1230336K Free: 412544K (34%)
----------------- Invoking toplevel() on ptolemy.moml.MoMLSimpleApplication@2ec23cee
----------------- Done invoking toplevel() on ptolemy.moml.MoMLSimpleApplication@2ec23cee
reloadAllAccessors: .PublisherSubscriber

===========================================================================================
----------------- testing Wed Jun 06 21:16:46 UTC 2018 /home/travis/build/icyphy/ptII/ptolemy/actor/lib/test/auto/PublisherSubscriber10.xml
----------------- Instantiating /home/travis/build/icyphy/ptII/ptolemy/actor/lib/test/auto/PublisherSubscriber10.xml
5 ms. Memory: 1230336K Free: 390242K (32%)
----------------- Invoking toplevel() on ptolemy.moml.MoMLSimpleApplication@369f4353
----------------- Done invoking toplevel() on ptolemy.moml.MoMLSimpleApplication@369f4353
reloadAllAccessors: .PublisherSubscriber10

===========================================================================================
----------------- testing Wed Jun 06 21:16:46 UTC 2018 /home/travis/build/icyphy/ptII/ptolemy/actor/lib/test/auto/PublisherSubscriber10InitialOutputs.xml
----------------- Instantiating /home/travis/build/icyphy/ptII/ptolemy/actor/lib/test/auto/PublisherSubscriber10InitialOutputs.xml
4 ms. Memory: 1230336K Free: 373323K (30%)
----------------- Invoking toplevel() on ptolemy.moml.MoMLSimpleApplication@7d6be094
----------------- Done invoking toplevel() on ptolemy.moml.MoMLSimpleApplication@7d6be094
reloadAllAccessors: .PublisherSubscriber10InitialOutputs

===========================================================================================
----------------- testing Wed Jun 06 21:16:46 UTC 2018 /home/travis/build/icyphy/ptII/ptolemy/actor/lib/test/auto/PublisherSubscriber11.xml
----------------- Instantiating /home/travis/build/icyphy/ptII/ptolemy/actor/lib/test/auto/PublisherSubscriber11.xml
2 ms. Memory: 1230336K Free: 356671K (29%)
----------------- Invoking toplevel() on ptolemy.moml.MoMLSimpleApplication@4b0eda03
----------------- Done invoking toplevel() on ptolemy.moml.MoMLSimpleApplication@4b0eda03
reloadAllAccessors: .PublisherSubscriber11

===========================================================================================
----------------- testing Wed Jun 06 21:16:46 UTC 2018 /home/travis/build/icyphy/ptII/ptolemy/actor/lib/test/auto/PublisherSubscriber12.xml
----------------- Instantiating /home/travis/build/icyphy/ptII/ptolemy/actor/lib/test/auto/PublisherSubscriber12.xml
2 ms. Memory: 1230336K Free: 345402K (28%)
----------------- Invoking toplevel() on ptolemy.moml.MoMLSimpleApplication@6c1479c
----------------- Done invoking toplevel() on ptolemy.moml.MoMLSimpleApplication@6c1479c
reloadAllAccessors: .PublisherSubscriber12

===========================================================================================
----------------- testing Wed Jun 06 21:16:46 UTC 2018 /home/travis/build/icyphy/ptII/ptolemy/actor/lib/test/auto/PublisherSubscriber13.xml
----------------- Instantiating /home/travis/build/icyphy/ptII/ptolemy/actor/lib/test/auto/PublisherSubscriber13.xml
2 ms. Memory: 1230336K Free: 328751K (27%)
----------------- Invoking toplevel() on ptolemy.moml.MoMLSimpleApplication@75ef2423
----------------- Done invoking toplevel() on ptolemy.moml.MoMLSimpleApplication@75ef2423
reloadAllAccessors: .PublisherSubscriber13

===========================================================================================
----------------- testing Wed Jun 06 21:16:46 UTC 2018 /home/travis/build/icyphy/ptII/ptolemy/actor/lib/test/auto/PublisherSubscriber14.xml
----------------- Instantiating /home/travis/build/icyphy/ptII/ptolemy/actor/lib/test/auto/PublisherSubscriber14.xml
2 ms. Memory: 1230336K Free: 311831K (25%)
----------------- Invoking toplevel() on ptolemy.moml.MoMLSimpleApplication@2f7563a2
----------------- Done invoking toplevel() on ptolemy.moml.MoMLSimpleApplication@2f7563a2
reloadAllAccessors: .PublisherSubscriber14

===========================================================================================
----------------- testing Wed Jun 06 21:16:46 UTC 2018 /home/travis/build/icyphy/ptII/ptolemy/actor/lib/test/auto/PublisherSubscriber2.xml
----------------- Instantiating /home/travis/build/icyphy/ptII/ptolemy/actor/lib/test/auto/PublisherSubscriber2.xml
1 ms. Memory: 1230336K Free: 295179K (24%)
----------------- Invoking toplevel() on ptolemy.moml.MoMLSimpleApplication@61872f83
----------------- Done invoking toplevel() on ptolemy.moml.MoMLSimpleApplication@61872f83
reloadAllAccessors: .PublisherSubscriber2

===========================================================================================
----------------- testing Wed Jun 06 21:16:46 UTC 2018 /home/travis/build/icyphy/ptII/ptolemy/actor/lib/test/auto/PublisherSubscriber3.xml
----------------- Instantiating /home/travis/build/icyphy/ptII/ptolemy/actor/lib/test/auto/PublisherSubscriber3.xml
2 ms. Memory: 1230336K Free: 283910K (23%)
----------------- Invoking toplevel() on ptolemy.moml.MoMLSimpleApplication@1068d724
----------------- Done invoking toplevel() on ptolemy.moml.MoMLSimpleApplication@1068d724
reloadAllAccessors: .PublisherSubscriber3

===========================================================================================
----------------- testing Wed Jun 06 21:16:46 UTC 2018 /home/travis/build/icyphy/ptII/ptolemy/actor/lib/test/auto/PublisherSubscriber4.xml
----------------- Instantiating /home/travis/build/icyphy/ptII/ptolemy/actor/lib/test/auto/PublisherSubscriber4.xml
2 ms. Memory: 1230336K Free: 267259K (22%)
----------------- Invoking toplevel() on ptolemy.moml.MoMLSimpleApplication@3759f6fd
----------------- Done invoking toplevel() on ptolemy.moml.MoMLSimpleApplication@3759f6fd
reloadAllAccessors: .PublisherSubscriber4

===========================================================================================
----------------- testing Wed Jun 06 21:16:46 UTC 2018 /home/travis/build/icyphy/ptII/ptolemy/actor/lib/test/auto/PublisherSubscriber5.xml
----------------- Instantiating /home/travis/build/icyphy/ptII/ptolemy/actor/lib/test/auto/PublisherSubscriber5.xml
2 ms. Memory: 1230336K Free: 255989K (21%)
----------------- Invoking toplevel() on ptolemy.moml.MoMLSimpleApplication@2f28f4c9
----------------- Done invoking toplevel() on ptolemy.moml.MoMLSimpleApplication@2f28f4c9
reloadAllAccessors: .PublisherSubscriber5

===========================================================================================
----------------- testing Wed Jun 06 21:16:46 UTC 2018 /home/travis/build/icyphy/ptII/ptolemy/actor/lib/test/auto/PublisherSubscriber6.xml
----------------- Instantiating /home/travis/build/icyphy/ptII/ptolemy/actor/lib/test/auto/PublisherSubscriber6.xml
2 ms. Memory: 1230336K Free: 244720K (20%)
----------------- Invoking toplevel() on ptolemy.moml.MoMLSimpleApplication@267a7a64
----------------- Done invoking toplevel() on ptolemy.moml.MoMLSimpleApplication@267a7a64
reloadAllAccessors: .PublisherSubscriber6

===========================================================================================
----------------- testing Wed Jun 06 21:16:46 UTC 2018 /home/travis/build/icyphy/ptII/ptolemy/actor/lib/test/auto/PublisherSubscriber7.xml
----------------- Instantiating /home/travis/build/icyphy/ptII/ptolemy/actor/lib/test/auto/PublisherSubscriber7.xml
2 ms. Memory: 1230336K Free: 228069K (19%)
----------------- Invoking toplevel() on ptolemy.moml.MoMLSimpleApplication@76e2dc2d
----------------- Done invoking toplevel() on ptolemy.moml.MoMLSimpleApplication@76e2dc2d
reloadAllAccessors: .PublisherSubscriber7

===========================================================================================
----------------- testing Wed Jun 06 21:16:46 UTC 2018 /home/travis/build/icyphy/ptII/ptolemy/actor/lib/test/auto/PublisherSubscriber8.xml
----------------- Instantiating /home/travis/build/icyphy/ptII/ptolemy/actor/lib/test/auto/PublisherSubscriber8.xml
18 ms. Memory: 1230336K Free: 160454K (13%)
----------------- Invoking toplevel() on ptolemy.moml.MoMLSimpleApplication@4cec62ad
----------------- Done invoking toplevel() on ptolemy.moml.MoMLSimpleApplication@4cec62ad
reloadAllAccessors: .PublisherSubscriber8

===========================================================================================
----------------- testing Wed Jun 06 21:16:46 UTC 2018 /home/travis/build/icyphy/ptII/ptolemy/actor/lib/test/auto/PublisherSubscriber9.xml
----------------- Instantiating /home/travis/build/icyphy/ptII/ptolemy/actor/lib/test/auto/PublisherSubscriber9.xml
3 ms. Memory: 1230336K Free: 143802K (12%)
----------------- Invoking toplevel() on ptolemy.moml.MoMLSimpleApplication@1299cb56
----------------- Done invoking toplevel() on ptolemy.moml.MoMLSimpleApplication@1299cb56
reloadAllAccessors: .PublisherSubscriber9

===========================================================================================
----------------- testing Wed Jun 06 21:16:46 UTC 2018 /home/travis/build/icyphy/ptII/ptolemy/actor/lib/test/auto/PublisherSubscriberAdjacent.xml
----------------- Instantiating /home/travis/build/icyphy/ptII/ptolemy/actor/lib/test/auto/PublisherSubscriberAdjacent.xml
2 ms. Memory: 1230336K Free: 126883K (10%)
----------------- Invoking toplevel() on ptolemy.moml.MoMLSimpleApplication@10864092
----------------- Done invoking toplevel() on ptolemy.moml.MoMLSimpleApplication@10864092
reloadAllAccessors: .PublisherSubscriberAdjacent

===========================================================================================
----------------- testing Wed Jun 06 21:16:46 UTC 2018 /home/travis/build/icyphy/ptII/ptolemy/actor/lib/test/auto/PublisherSubscriberChannelVariablesAOC2.xml
----------------- Instantiating /home/travis/build/icyphy/ptII/ptolemy/actor/lib/test/auto/PublisherSubscriberChannelVariablesAOC2.xml
3 ms. Memory: 1230336K Free: 98930K (8%)
----------------- Invoking toplevel() on ptolemy.moml.MoMLSimpleApplication@d684c00
----------------- Done invoking toplevel() on ptolemy.moml.MoMLSimpleApplication@d684c00
reloadAllAccessors: .PublisherSubscriberChannelVariablesAOC2

===========================================================================================
----------------- testing Wed Jun 06 21:16:46 UTC 2018 /home/travis/build/icyphy/ptII/ptolemy/actor/lib/test/auto/PublisherSubscriberD3.xml
----------------- Instantiating /home/travis/build/icyphy/ptII/ptolemy/actor/lib/test/auto/PublisherSubscriberD3.xml
1 ms. Memory: 1230336K Free: 87661K (7%)
----------------- Invoking toplevel() on ptolemy.moml.MoMLSimpleApplication@524a4a11
----------------- Done invoking toplevel() on ptolemy.moml.MoMLSimpleApplication@524a4a11
reloadAllAccessors: .PublisherSubscriberD3

===========================================================================================
----------------- testing Wed Jun 06 21:16:46 UTC 2018 /home/travis/build/icyphy/ptII/ptolemy/actor/lib/test/auto/PublisherSubscriberD3Reverse.xml
----------------- Instantiating /home/travis/build/icyphy/ptII/ptolemy/actor/lib/test/auto/PublisherSubscriberD3Reverse.xml
2 ms. Memory: 1230336K Free: 71010K (6%)
----------------- Invoking toplevel() on ptolemy.moml.MoMLSimpleApplication@6ee5ceab
----------------- Done invoking toplevel() on ptolemy.moml.MoMLSimpleApplication@6ee5ceab
reloadAllAccessors: .PublisherSubscriberD3Reverse

===========================================================================================
----------------- testing Wed Jun 06 21:16:46 UTC 2018 /home/travis/build/icyphy/ptII/ptolemy/actor/lib/test/auto/PublisherSubscriberExpression.xml
----------------- Instantiating /home/travis/build/icyphy/ptII/ptolemy/actor/lib/test/auto/PublisherSubscriberExpression.xml
8 ms. Memory: 1250304K Free: 1204182K (96%)
----------------- Invoking toplevel() on ptolemy.moml.MoMLSimpleApplication@456e4e78
----------------- Done invoking toplevel() on ptolemy.moml.MoMLSimpleApplication@456e4e78
reloadAllAccessors: .PublisherSubscriberExpression

===========================================================================================
----------------- testing Wed Jun 06 21:16:46 UTC 2018 /home/travis/build/icyphy/ptII/ptolemy/actor/lib/test/auto/PublisherSubscriberOpaque.xml
----------------- Instantiating /home/travis/build/icyphy/ptII/ptolemy/actor/lib/test/auto/PublisherSubscriberOpaque.xml
4 ms. Memory: 1250304K Free: 1185281K (95%)
----------------- Invoking toplevel() on ptolemy.moml.MoMLSimpleApplication@10a1a164
----------------- Done invoking toplevel() on ptolemy.moml.MoMLSimpleApplication@10a1a164
reloadAllAccessors: .PublisherSubscriberOpaque

===========================================================================================
----------------- testing Wed Jun 06 21:16:46 UTC 2018 /home/travis/build/icyphy/ptII/ptolemy/actor/lib/test/auto/PublisherSubscriberOpaqueD3.xml
----------------- Instantiating /home/travis/build/icyphy/ptII/ptolemy/actor/lib/test/auto/PublisherSubscriberOpaqueD3.xml
5 ms. Memory: 1250304K Free: 1163606K (93%)
----------------- Invoking toplevel() on ptolemy.moml.MoMLSimpleApplication@101d1f0f
----------------- Done invoking toplevel() on ptolemy.moml.MoMLSimpleApplication@101d1f0f
reloadAllAccessors: .PublisherSubscriberOpaqueD3

===========================================================================================
----------------- testing Wed Jun 06 21:16:46 UTC 2018 /home/travis/build/icyphy/ptII/ptolemy/actor/lib/test/auto/PublisherSubscriberOpaqueD3Reverse.xml
----------------- Instantiating /home/travis/build/icyphy/ptII/ptolemy/actor/lib/test/auto/PublisherSubscriberOpaqueD3Reverse.xml
7 ms. Memory: 1250304K Free: 1146599K (92%)
----------------- Invoking toplevel() on ptolemy.moml.MoMLSimpleApplication@47ffb76c
----------------- Done invoking toplevel() on ptolemy.moml.MoMLSimpleApplication@47ffb76c
reloadAllAccessors: .PublisherSubscriberOpaqueD3Reverse

===========================================================================================
----------------- testing Wed Jun 06 21:16:46 UTC 2018 /home/travis/build/icyphy/ptII/ptolemy/actor/lib/test/auto/PublisherSubscriberOpaqueWidthInference.xml
----------------- Instantiating /home/travis/build/icyphy/ptII/ptolemy/actor/lib/test/auto/PublisherSubscriberOpaqueWidthInference.xml
5 ms. Memory: 1250304K Free: 1124916K (90%)
----------------- Invoking toplevel() on ptolemy.moml.MoMLSimpleApplication@75508a1b
----------------- Done invoking toplevel() on ptolemy.moml.MoMLSimpleApplication@75508a1b
reloadAllAccessors: .PublisherSubscriberOpaqueWidthInference

===========================================================================================
----------------- testing Wed Jun 06 21:16:46 UTC 2018 /home/travis/build/icyphy/ptII/ptolemy/actor/lib/test/auto/PublisherTestSubscriber.xml
----------------- Instantiating /home/travis/build/icyphy/ptII/ptolemy/actor/lib/test/auto/PublisherTestSubscriber.xml
2 ms. Memory: 1250304K Free: 1113596K (89%)
----------------- Invoking toplevel() on ptolemy.moml.MoMLSimpleApplication@5574efc7
----------------- Done invoking toplevel() on ptolemy.moml.MoMLSimpleApplication@5574efc7
reloadAllAccessors: .PublisherTestSubscriber

===========================================================================================
----------------- testing Wed Jun 06 21:16:46 UTC 2018 /home/travis/build/icyphy/ptII/ptolemy/actor/lib/test/auto/PublisherToplevelSubscriberPortAOC.xml
----------------- Instantiating /home/travis/build/icyphy/ptII/ptolemy/actor/lib/test/auto/PublisherToplevelSubscriberPortAOC.xml
2 ms. Memory: 1250304K Free: 1097581K (88%)
----------------- Invoking toplevel() on ptolemy.moml.MoMLSimpleApplication@411e58ae
----------------- Done invoking toplevel() on ptolemy.moml.MoMLSimpleApplication@411e58ae
reloadAllAccessors: .PublisherToplevelSubscriberPortAOC

===========================================================================================
----------------- testing Wed Jun 06 21:16:46 UTC 2018 /home/travis/build/icyphy/ptII/ptolemy/actor/lib/test/auto/PulseFiringLimitDE.xml
----------------- Instantiating /home/travis/build/icyphy/ptII/ptolemy/actor/lib/test/auto/PulseFiringLimitDE.xml
2 ms. Memory: 1250304K Free: 1086261K (87%)
----------------- Invoking toplevel() on ptolemy.moml.MoMLSimpleApplication@64d7a536
----------------- Done invoking toplevel() on ptolemy.moml.MoMLSimpleApplication@64d7a536
reloadAllAccessors: .PulseFiringLimitDE

===========================================================================================
----------------- testing Wed Jun 06 21:16:46 UTC 2018 /home/travis/build/icyphy/ptII/ptolemy/actor/lib/test/auto/Ramp1.xml
----------------- Instantiating /home/travis/build/icyphy/ptII/ptolemy/actor/lib/test/auto/Ramp1.xml
2 ms. Memory: 1250304K Free: 1070246K (86%)
----------------- Invoking toplevel() on ptolemy.moml.MoMLSimpleApplication@5c15f02e
----------------- Done invoking toplevel() on ptolemy.moml.MoMLSimpleApplication@5c15f02e
reloadAllAccessors: .Ramp1

===========================================================================================
----------------- testing Wed Jun 06 21:16:46 UTC 2018 /home/travis/build/icyphy/ptII/ptolemy/actor/lib/test/auto/RampFiringLimitDE.xml
----------------- Instantiating /home/travis/build/icyphy/ptII/ptolemy/actor/lib/test/auto/RampFiringLimitDE.xml
4 ms. Memory: 1250304K Free: 1058926K (85%)
----------------- Invoking toplevel() on ptolemy.moml.MoMLSimpleApplication@7a1aa652
----------------- Done invoking toplevel() on ptolemy.moml.MoMLSimpleApplication@7a1aa652
reloadAllAccessors: .RampFiringLimitDE

===========================================================================================
----------------- testing Wed Jun 06 21:16:47 UTC 2018 /home/travis/build/icyphy/ptII/ptolemy/actor/lib/test/auto/RampFiringLimitSDF.xml
----------------- Instantiating /home/travis/build/icyphy/ptII/ptolemy/actor/lib/test/auto/RampFiringLimitSDF.xml
1 ms. Memory: 1250304K Free: 1042911K (83%)
----------------- Invoking toplevel() on ptolemy.moml.MoMLSimpleApplication@236fabdf
----------------- Done invoking toplevel() on ptolemy.moml.MoMLSimpleApplication@236fabdf
reloadAllAccessors: .RampFiringLimitSDF

===========================================================================================
----------------- testing Wed Jun 06 21:16:47 UTC 2018 /home/travis/build/icyphy/ptII/ptolemy/actor/lib/test/auto/RandomInteger.xml
----------------- Instantiating /home/travis/build/icyphy/ptII/ptolemy/actor/lib/test/auto/RandomInteger.xml
1 ms. Memory: 1250304K Free: 1026897K (82%)
----------------- Invoking toplevel() on ptolemy.moml.MoMLSimpleApplication@53874086
----------------- Done invoking toplevel() on ptolemy.moml.MoMLSimpleApplication@53874086
reloadAllAccessors: .RandomInteger

===========================================================================================
----------------- testing Wed Jun 06 21:16:47 UTC 2018 /home/travis/build/icyphy/ptII/ptolemy/actor/lib/test/auto/ReadFile1.xml
----------------- Instantiating /home/travis/build/icyphy/ptII/ptolemy/actor/lib/test/auto/ReadFile1.xml
1 ms. Memory: 1250304K Free: 1015576K (81%)
----------------- Invoking toplevel() on ptolemy.moml.MoMLSimpleApplication@3214afc3
----------------- Done invoking toplevel() on ptolemy.moml.MoMLSimpleApplication@3214afc3
reloadAllAccessors: .ReadFile1

===========================================================================================
----------------- testing Wed Jun 06 21:16:47 UTC 2018 /home/travis/build/icyphy/ptII/ptolemy/actor/lib/test/auto/ReadFile2.xml
----------------- Instantiating /home/travis/build/icyphy/ptII/ptolemy/actor/lib/test/auto/ReadFile2.xml
0 ms. Memory: 1250304K Free: 999562K (80%)
----------------- Invoking toplevel() on ptolemy.moml.MoMLSimpleApplication@117e9044
----------------- Done invoking toplevel() on ptolemy.moml.MoMLSimpleApplication@117e9044
reloadAllAccessors: .ReadFile2

===========================================================================================
----------------- testing Wed Jun 06 21:16:47 UTC 2018 /home/travis/build/icyphy/ptII/ptolemy/actor/lib/test/auto/Reader.xml
----------------- Instantiating /home/travis/build/icyphy/ptII/ptolemy/actor/lib/test/auto/Reader.xml
actor.lib.Reader is obsolete, use actor.lib.io.ExpressionReader instead
2 ms. Memory: 1250304K Free: 988241K (79%)
----------------- Invoking toplevel() on ptolemy.moml.MoMLSimpleApplication@1b7a12fe
----------------- Done invoking toplevel() on ptolemy.moml.MoMLSimpleApplication@1b7a12fe
reloadAllAccessors: .Reader

===========================================================================================
----------------- testing Wed Jun 06 21:16:47 UTC 2018 /home/travis/build/icyphy/ptII/ptolemy/actor/lib/test/auto/RecordAssemblerDisplayNameTest.xml
----------------- Instantiating /home/travis/build/icyphy/ptII/ptolemy/actor/lib/test/auto/RecordAssemblerDisplayNameTest.xml
3615 ms. Memory: 1307136K Free: 915508K (70%)
----------------- Invoking toplevel() on ptolemy.moml.MoMLSimpleApplication@7690288a
----------------- Done invoking toplevel() on ptolemy.moml.MoMLSimpleApplication@7690288a
reloadAllAccessors: .RecordAssemblerDisplayNameTest

===========================================================================================
----------------- testing Wed Jun 06 21:16:50 UTC 2018 /home/travis/build/icyphy/ptII/ptolemy/actor/lib/test/auto/RecordAssemblerTypeError.xml
----------------- Instantiating /home/travis/build/icyphy/ptII/ptolemy/actor/lib/test/auto/RecordAssemblerTypeError.xml
4 ms. Memory: 1307136K Free: 890948K (68%)
----------------- Invoking toplevel() on ptolemy.moml.MoMLSimpleApplication@293c7999
----------------- Done invoking toplevel() on ptolemy.moml.MoMLSimpleApplication@293c7999
reloadAllAccessors: .RecordAssemblerTypeError

===========================================================================================
----------------- testing Wed Jun 06 21:16:50 UTC 2018 /home/travis/build/icyphy/ptII/ptolemy/actor/lib/test/auto/RecordDisassember.xml
----------------- Instantiating /home/travis/build/icyphy/ptII/ptolemy/actor/lib/test/auto/RecordDisassember.xml
2 ms. Memory: 1307136K Free: 875402K (67%)
----------------- Invoking toplevel() on ptolemy.moml.MoMLSimpleApplication@1ae2c6d8
----------------- Done invoking toplevel() on ptolemy.moml.MoMLSimpleApplication@1ae2c6d8
reloadAllAccessors: .RecordDisassember

===========================================================================================
----------------- testing Wed Jun 06 21:16:50 UTC 2018 /home/travis/build/icyphy/ptII/ptolemy/actor/lib/test/auto/RecordDisassemberDisplayNameTest.xml
----------------- Instantiating /home/travis/build/icyphy/ptII/ptolemy/actor/lib/test/auto/RecordDisassemberDisplayNameTest.xml
4 ms. Memory: 1307136K Free: 859855K (66%)
----------------- Invoking toplevel() on ptolemy.moml.MoMLSimpleApplication@2b0b822d
----------------- Done invoking toplevel() on ptolemy.moml.MoMLSimpleApplication@2b0b822d
reloadAllAccessors: .RecordDisassemberDisplayNameTest

===========================================================================================
----------------- testing Wed Jun 06 21:16:50 UTC 2018 /home/travis/build/icyphy/ptII/ptolemy/actor/lib/test/auto/RecordDisassembler.xml
----------------- Instantiating /home/travis/build/icyphy/ptII/ptolemy/actor/lib/test/auto/RecordDisassembler.xml
2 ms. Memory: 1307136K Free: 847854K (65%)
----------------- Invoking toplevel() on ptolemy.moml.MoMLSimpleApplication@2a637f06
----------------- Done invoking toplevel() on ptolemy.moml.MoMLSimpleApplication@2a637f06
reloadAllAccessors: .RecordDisassembler

===========================================================================================
----------------- testing Wed Jun 06 21:16:50 UTC 2018 /home/travis/build/icyphy/ptII/ptolemy/actor/lib/test/auto/RecordDisassembler2.xml
----------------- Instantiating /home/travis/build/icyphy/ptII/ptolemy/actor/lib/test/auto/RecordDisassembler2.xml
2 ms. Memory: 1307136K Free: 832307K (64%)
----------------- Invoking toplevel() on ptolemy.moml.MoMLSimpleApplication@58f4f2b5
----------------- Done invoking toplevel() on ptolemy.moml.MoMLSimpleApplication@58f4f2b5
reloadAllAccessors: .RecordDisassembler2

===========================================================================================
----------------- testing Wed Jun 06 21:16:50 UTC 2018 /home/travis/build/icyphy/ptII/ptolemy/actor/lib/test/auto/RecordUpdater.xml
----------------- Instantiating /home/travis/build/icyphy/ptII/ptolemy/actor/lib/test/auto/RecordUpdater.xml
2 ms. Memory: 1307136K Free: 816761K (62%)
----------------- Invoking toplevel() on ptolemy.moml.MoMLSimpleApplication@720bd904
----------------- Done invoking toplevel() on ptolemy.moml.MoMLSimpleApplication@720bd904
reloadAllAccessors: .RecordUpdater

===========================================================================================
----------------- testing Wed Jun 06 21:16:50 UTC 2018 /home/travis/build/icyphy/ptII/ptolemy/actor/lib/test/auto/RecordUpdater2.xml
----------------- Instantiating /home/travis/build/icyphy/ptII/ptolemy/actor/lib/test/auto/RecordUpdater2.xml
2 ms. Memory: 1307136K Free: 804759K (62%)
----------------- Invoking toplevel() on ptolemy.moml.MoMLSimpleApplication@51fba6f4
----------------- Done invoking toplevel() on ptolemy.moml.MoMLSimpleApplication@51fba6f4
reloadAllAccessors: .RecordUpdater2

===========================================================================================
----------------- testing Wed Jun 06 21:16:50 UTC 2018 /home/travis/build/icyphy/ptII/ptolemy/actor/lib/test/auto/RecursiveLattice.xml
----------------- Instantiating /home/travis/build/icyphy/ptII/ptolemy/actor/lib/test/auto/RecursiveLattice.xml
2 ms. Memory: 1307136K Free: 789213K (60%)
----------------- Invoking toplevel() on ptolemy.moml.MoMLSimpleApplication@469b3ec0
----------------- Done invoking toplevel() on ptolemy.moml.MoMLSimpleApplication@469b3ec0
reloadAllAccessors: .RecursiveLattice

===========================================================================================
----------------- testing Wed Jun 06 21:16:50 UTC 2018 /home/travis/build/icyphy/ptII/ptolemy/actor/lib/test/auto/Router.xml
----------------- Instantiating /home/travis/build/icyphy/ptII/ptolemy/actor/lib/test/auto/Router.xml
3004 ms. Memory: 1307136K Free: 767650K (59%)
----------------- Invoking toplevel() on ptolemy.moml.MoMLSimpleApplication@6efebde6
----------------- Done invoking toplevel() on ptolemy.moml.MoMLSimpleApplication@6efebde6
reloadAllAccessors: .Router

===========================================================================================
----------------- testing Wed Jun 06 21:16:53 UTC 2018 /home/travis/build/icyphy/ptII/ptolemy/actor/lib/test/auto/Router2.xml
----------------- Instantiating /home/travis/build/icyphy/ptII/ptolemy/actor/lib/test/auto/Router2.xml
3002 ms. Memory: 1307136K Free: 746087K (57%)
----------------- Invoking toplevel() on ptolemy.moml.MoMLSimpleApplication@773f17c
----------------- Done invoking toplevel() on ptolemy.moml.MoMLSimpleApplication@773f17c
reloadAllAccessors: .Router2

===========================================================================================
----------------- testing Wed Jun 06 21:16:56 UTC 2018 /home/travis/build/icyphy/ptII/ptolemy/actor/lib/test/auto/RunningMaximum.xml
----------------- Instantiating /home/travis/build/icyphy/ptII/ptolemy/actor/lib/test/auto/RunningMaximum.xml
2 ms. Memory: 1307136K Free: 734086K (56%)
----------------- Invoking toplevel() on ptolemy.moml.MoMLSimpleApplication@4fc83233
----------------- Done invoking toplevel() on ptolemy.moml.MoMLSimpleApplication@4fc83233
reloadAllAccessors: .RunningMaximum

===========================================================================================
----------------- testing Wed Jun 06 21:16:56 UTC 2018 /home/travis/build/icyphy/ptII/ptolemy/actor/lib/test/auto/RunningMinimum.xml
----------------- Instantiating /home/travis/build/icyphy/ptII/ptolemy/actor/lib/test/auto/RunningMinimum.xml
1 ms. Memory: 1307136K Free: 718539K (55%)
----------------- Invoking toplevel() on ptolemy.moml.MoMLSimpleApplication@15079c8d
----------------- Done invoking toplevel() on ptolemy.moml.MoMLSimpleApplication@15079c8d
reloadAllAccessors: .RunningMinimum

===========================================================================================
----------------- testing Wed Jun 06 21:16:56 UTC 2018 /home/travis/build/icyphy/ptII/ptolemy/actor/lib/test/auto/Scale.xml
----------------- Instantiating /home/travis/build/icyphy/ptII/ptolemy/actor/lib/test/auto/Scale.xml
2 ms. Memory: 1307136K Free: 702993K (54%)
----------------- Invoking toplevel() on ptolemy.moml.MoMLSimpleApplication@33fc6725
----------------- Done invoking toplevel() on ptolemy.moml.MoMLSimpleApplication@33fc6725
reloadAllAccessors: .Scale

===========================================================================================
----------------- testing Wed Jun 06 21:16:56 UTC 2018 /home/travis/build/icyphy/ptII/ptolemy/actor/lib/test/auto/Scale2.xml
----------------- Instantiating /home/travis/build/icyphy/ptII/ptolemy/actor/lib/test/auto/Scale2.xml
2 ms. Memory: 1307136K Free: 687446K (53%)
----------------- Invoking toplevel() on ptolemy.moml.MoMLSimpleApplication@32d43bf9
----------------- Done invoking toplevel() on ptolemy.moml.MoMLSimpleApplication@32d43bf9
reloadAllAccessors: .Scale2

===========================================================================================
----------------- testing Wed Jun 06 21:16:56 UTC 2018 /home/travis/build/icyphy/ptII/ptolemy/actor/lib/test/auto/Scale3.xml
----------------- Instantiating /home/travis/build/icyphy/ptII/ptolemy/actor/lib/test/auto/Scale3.xml
2 ms. Memory: 1307136K Free: 675445K (52%)
----------------- Invoking toplevel() on ptolemy.moml.MoMLSimpleApplication@4ad8175e
----------------- Done invoking toplevel() on ptolemy.moml.MoMLSimpleApplication@4ad8175e
reloadAllAccessors: .Scale3

===========================================================================================
----------------- testing Wed Jun 06 21:16:56 UTC 2018 /home/travis/build/icyphy/ptII/ptolemy/actor/lib/test/auto/ScaleArray.xml
----------------- Instantiating /home/travis/build/icyphy/ptII/ptolemy/actor/lib/test/auto/ScaleArray.xml
1 ms. Memory: 1307136K Free: 659899K (50%)
----------------- Invoking toplevel() on ptolemy.moml.MoMLSimpleApplication@59a86e45
----------------- Done invoking toplevel() on ptolemy.moml.MoMLSimpleApplication@59a86e45
reloadAllAccessors: .ScaleArray

===========================================================================================
----------------- testing Wed Jun 06 21:16:56 UTC 2018 /home/travis/build/icyphy/ptII/ptolemy/actor/lib/test/auto/ScaleArray2.xml
----------------- Instantiating /home/travis/build/icyphy/ptII/ptolemy/actor/lib/test/auto/ScaleArray2.xml
2 ms. Memory: 1307136K Free: 644352K (49%)
----------------- Invoking toplevel() on ptolemy.moml.MoMLSimpleApplication@6b02fe4f
----------------- Done invoking toplevel() on ptolemy.moml.MoMLSimpleApplication@6b02fe4f
reloadAllAccessors: .ScaleArray2

===========================================================================================
----------------- testing Wed Jun 06 21:16:57 UTC 2018 /home/travis/build/icyphy/ptII/ptolemy/actor/lib/test/auto/ScaleMatrix.xml
----------------- Instantiating /home/travis/build/icyphy/ptII/ptolemy/actor/lib/test/auto/ScaleMatrix.xml
88 ms. Memory: 1307136K Free: 626350K (48%)
----------------- Invoking toplevel() on ptolemy.moml.MoMLSimpleApplication@5cda37f
----------------- Done invoking toplevel() on ptolemy.moml.MoMLSimpleApplication@5cda37f
reloadAllAccessors: .ScaleMatrix

===========================================================================================
----------------- testing Wed Jun 06 21:16:57 UTC 2018 /home/travis/build/icyphy/ptII/ptolemy/actor/lib/test/auto/Select.xml
----------------- Instantiating /home/travis/build/icyphy/ptII/ptolemy/actor/lib/test/auto/Select.xml
4 ms. Memory: 1307136K Free: 610804K (47%)
----------------- Invoking toplevel() on ptolemy.moml.MoMLSimpleApplication@5f3463f4
----------------- Done invoking toplevel() on ptolemy.moml.MoMLSimpleApplication@5f3463f4
reloadAllAccessors: .Select

===========================================================================================
----------------- testing Wed Jun 06 21:16:57 UTC 2018 /home/travis/build/icyphy/ptII/ptolemy/actor/lib/test/auto/Select2.xml
----------------- Instantiating /home/travis/build/icyphy/ptII/ptolemy/actor/lib/test/auto/Select2.xml
1 ms. Memory: 1307136K Free: 595257K (46%)
----------------- Invoking toplevel() on ptolemy.moml.MoMLSimpleApplication@27b96b84
----------------- Done invoking toplevel() on ptolemy.moml.MoMLSimpleApplication@27b96b84
reloadAllAccessors: .Select2

===========================================================================================
----------------- testing Wed Jun 06 21:16:57 UTC 2018 /home/travis/build/icyphy/ptII/ptolemy/actor/lib/test/auto/SequenceToArray2.xml
----------------- Instantiating /home/travis/build/icyphy/ptII/ptolemy/actor/lib/test/auto/SequenceToArray2.xml
74 ms. Memory: 1307136K Free: 513687K (39%)
----------------- Invoking toplevel() on ptolemy.moml.MoMLSimpleApplication@2f438ece
----------------- Done invoking toplevel() on ptolemy.moml.MoMLSimpleApplication@2f438ece
reloadAllAccessors: .SequenceToArray2

===========================================================================================
----------------- testing Wed Jun 06 21:16:57 UTC 2018 /home/travis/build/icyphy/ptII/ptolemy/actor/lib/test/auto/SequentialClock.xml
----------------- Instantiating /home/travis/build/icyphy/ptII/ptolemy/actor/lib/test/auto/SequentialClock.xml
2 ms. Memory: 1307136K Free: 501686K (38%)
----------------- Invoking toplevel() on ptolemy.moml.MoMLSimpleApplication@856fdb0
----------------- Done invoking toplevel() on ptolemy.moml.MoMLSimpleApplication@856fdb0
reloadAllAccessors: .SequentialClock

===========================================================================================
----------------- testing Wed Jun 06 21:16:57 UTC 2018 /home/travis/build/icyphy/ptII/ptolemy/actor/lib/test/auto/SetVariable.xml
----------------- Instantiating /home/travis/build/icyphy/ptII/ptolemy/actor/lib/test/auto/SetVariable.xml
2 ms. Memory: 1307136K Free: 486140K (37%)
----------------- Invoking toplevel() on ptolemy.moml.MoMLSimpleApplication@23b7d80
----------------- Done invoking toplevel() on ptolemy.moml.MoMLSimpleApplication@23b7d80
reloadAllAccessors: .SetVariable

===========================================================================================
----------------- testing Wed Jun 06 21:16:57 UTC 2018 /home/travis/build/icyphy/ptII/ptolemy/actor/lib/test/auto/SetVariable2.xml
----------------- Instantiating /home/travis/build/icyphy/ptII/ptolemy/actor/lib/test/auto/SetVariable2.xml
2 ms. Memory: 1307136K Free: 470593K (36%)
----------------- Invoking toplevel() on ptolemy.moml.MoMLSimpleApplication@645adfc4
----------------- Done invoking toplevel() on ptolemy.moml.MoMLSimpleApplication@645adfc4
reloadAllAccessors: .SetVariable2

===========================================================================================
----------------- testing Wed Jun 06 21:16:57 UTC 2018 /home/travis/build/icyphy/ptII/ptolemy/actor/lib/test/auto/SetVariable3.xml
----------------- Instantiating /home/travis/build/icyphy/ptII/ptolemy/actor/lib/test/auto/SetVariable3.xml
3 ms. Memory: 1307136K Free: 458592K (35%)
----------------- Invoking toplevel() on ptolemy.moml.MoMLSimpleApplication@349c4019
----------------- Done invoking toplevel() on ptolemy.moml.MoMLSimpleApplication@349c4019
reloadAllAccessors: .SetVariable3

===========================================================================================
----------------- testing Wed Jun 06 21:16:57 UTC 2018 /home/travis/build/icyphy/ptII/ptolemy/actor/lib/test/auto/SetVariable4.xml
----------------- Instantiating /home/travis/build/icyphy/ptII/ptolemy/actor/lib/test/auto/SetVariable4.xml
15 ms. Memory: 1307136K Free: 401041K (31%)
----------------- Invoking toplevel() on ptolemy.moml.MoMLSimpleApplication@729f6dc4
----------------- Done invoking toplevel() on ptolemy.moml.MoMLSimpleApplication@729f6dc4
reloadAllAccessors: .SetVariable4

===========================================================================================
----------------- testing Wed Jun 06 21:16:57 UTC 2018 /home/travis/build/icyphy/ptII/ptolemy/actor/lib/test/auto/SetVariable5.xml
----------------- Instantiating /home/travis/build/icyphy/ptII/ptolemy/actor/lib/test/auto/SetVariable5.xml
9 ms. Memory: 1307136K Free: 379478K (29%)
----------------- Invoking toplevel() on ptolemy.moml.MoMLSimpleApplication@410b7c6a
----------------- Done invoking toplevel() on ptolemy.moml.MoMLSimpleApplication@410b7c6a
reloadAllAccessors: .SetVariable5

===========================================================================================
----------------- testing Wed Jun 06 21:16:57 UTC 2018 /home/travis/build/icyphy/ptII/ptolemy/actor/lib/test/auto/Sinewave.xml
----------------- Instantiating /home/travis/build/icyphy/ptII/ptolemy/actor/lib/test/auto/Sinewave.xml
3 ms. Memory: 1307136K Free: 357931K (27%)
----------------- Invoking toplevel() on ptolemy.moml.MoMLSimpleApplication@2e6925e0
----------------- Done invoking toplevel() on ptolemy.moml.MoMLSimpleApplication@2e6925e0
reloadAllAccessors: .Sinewave

===========================================================================================
----------------- testing Wed Jun 06 21:16:57 UTC 2018 /home/travis/build/icyphy/ptII/ptolemy/actor/lib/test/auto/Sinewave2.xml
----------------- Instantiating /home/travis/build/icyphy/ptII/ptolemy/actor/lib/test/auto/Sinewave2.xml
4 ms. Memory: 1307136K Free: 345930K (26%)
----------------- Invoking toplevel() on ptolemy.moml.MoMLSimpleApplication@68608fde
----------------- Done invoking toplevel() on ptolemy.moml.MoMLSimpleApplication@68608fde
reloadAllAccessors: .Sinewave2

===========================================================================================
----------------- testing Wed Jun 06 21:16:57 UTC 2018 /home/travis/build/icyphy/ptII/ptolemy/actor/lib/test/auto/Sinewave3.xml
----------------- Instantiating /home/travis/build/icyphy/ptII/ptolemy/actor/lib/test/auto/Sinewave3.xml
5 ms. Memory: 1307136K Free: 330383K (25%)
----------------- Invoking toplevel() on ptolemy.moml.MoMLSimpleApplication@52e296f1
----------------- Done invoking toplevel() on ptolemy.moml.MoMLSimpleApplication@52e296f1
reloadAllAccessors: .Sinewave3

===========================================================================================
----------------- testing Wed Jun 06 21:16:57 UTC 2018 /home/travis/build/icyphy/ptII/ptolemy/actor/lib/test/auto/SingleEvent.xml
----------------- Instantiating /home/travis/build/icyphy/ptII/ptolemy/actor/lib/test/auto/SingleEvent.xml
1 ms. Memory: 1307136K Free: 314837K (24%)
----------------- Invoking toplevel() on ptolemy.moml.MoMLSimpleApplication@2bc2a53
----------------- Done invoking toplevel() on ptolemy.moml.MoMLSimpleApplication@2bc2a53
reloadAllAccessors: .SingleEvent

===========================================================================================
----------------- testing Wed Jun 06 21:16:57 UTC 2018 /home/travis/build/icyphy/ptII/ptolemy/actor/lib/test/auto/Sleep.xml
----------------- Instantiating /home/travis/build/icyphy/ptII/ptolemy/actor/lib/test/auto/Sleep.xml
6003 ms. Memory: 1307136K Free: 302836K (23%)
----------------- Invoking toplevel() on ptolemy.moml.MoMLSimpleApplication@2b9f863e
----------------- Done invoking toplevel() on ptolemy.moml.MoMLSimpleApplication@2b9f863e
reloadAllAccessors: .Sleep

===========================================================================================
----------------- testing Wed Jun 06 21:17:03 UTC 2018 /home/travis/build/icyphy/ptII/ptolemy/actor/lib/test/auto/SleepMultipleFire.xml
----------------- Instantiating /home/travis/build/icyphy/ptII/ptolemy/actor/lib/test/auto/SleepMultipleFire.xml
1006 ms. Memory: 1307136K Free: 287289K (22%)
----------------- Invoking toplevel() on ptolemy.moml.MoMLSimpleApplication@d46cf1c
----------------- Done invoking toplevel() on ptolemy.moml.MoMLSimpleApplication@d46cf1c
reloadAllAccessors: .SleepMultipleFire

===========================================================================================
----------------- testing Wed Jun 06 21:17:04 UTC 2018 /home/travis/build/icyphy/ptII/ptolemy/actor/lib/test/auto/StopDE.xml
----------------- Instantiating /home/travis/build/icyphy/ptII/ptolemy/actor/lib/test/auto/StopDE.xml
10 ms. Memory: 1307136K Free: 271743K (21%)
----------------- Invoking toplevel() on ptolemy.moml.MoMLSimpleApplication@37e09b8e
----------------- Done invoking toplevel() on ptolemy.moml.MoMLSimpleApplication@37e09b8e
reloadAllAccessors: .StopDE

===========================================================================================
----------------- testing Wed Jun 06 21:17:04 UTC 2018 /home/travis/build/icyphy/ptII/ptolemy/actor/lib/test/auto/StopSDF.xml
----------------- Instantiating /home/travis/build/icyphy/ptII/ptolemy/actor/lib/test/auto/StopSDF.xml
2 ms. Memory: 1307136K Free: 256196K (20%)
----------------- Invoking toplevel() on ptolemy.moml.MoMLSimpleApplication@56362ecd
----------------- Done invoking toplevel() on ptolemy.moml.MoMLSimpleApplication@56362ecd
reloadAllAccessors: .StopSDF

===========================================================================================
----------------- testing Wed Jun 06 21:17:04 UTC 2018 /home/travis/build/icyphy/ptII/ptolemy/actor/lib/test/auto/StringConstant.xml
----------------- Instantiating /home/travis/build/icyphy/ptII/ptolemy/actor/lib/test/auto/StringConstant.xml
3 ms. Memory: 1307136K Free: 244195K (19%)
----------------- Invoking toplevel() on ptolemy.moml.MoMLSimpleApplication@63f40373
----------------- Done invoking toplevel() on ptolemy.moml.MoMLSimpleApplication@63f40373
reloadAllAccessors: .StringConstant

===========================================================================================
----------------- testing Wed Jun 06 21:17:04 UTC 2018 /home/travis/build/icyphy/ptII/ptolemy/actor/lib/test/auto/SubscriberPortInitialValues1.xml
----------------- Instantiating /home/travis/build/icyphy/ptII/ptolemy/actor/lib/test/auto/SubscriberPortInitialValues1.xml
6 ms. Memory: 1307136K Free: 228649K (17%)
----------------- Invoking toplevel() on ptolemy.moml.MoMLSimpleApplication@48441028
----------------- Done invoking toplevel() on ptolemy.moml.MoMLSimpleApplication@48441028
reloadAllAccessors: .SubscriberPortInitialValues1

===========================================================================================
----------------- testing Wed Jun 06 21:17:04 UTC 2018 /home/travis/build/icyphy/ptII/ptolemy/actor/lib/test/auto/SubscriberPortInitialValues13.xml
----------------- Instantiating /home/travis/build/icyphy/ptII/ptolemy/actor/lib/test/auto/SubscriberPortInitialValues13.xml
4 ms. Memory: 1307136K Free: 207085K (16%)
----------------- Invoking toplevel() on ptolemy.moml.MoMLSimpleApplication@2d617bee
----------------- Done invoking toplevel() on ptolemy.moml.MoMLSimpleApplication@2d617bee
reloadAllAccessors: .SubscriberPortInitialValues13

===========================================================================================
----------------- testing Wed Jun 06 21:17:04 UTC 2018 /home/travis/build/icyphy/ptII/ptolemy/actor/lib/test/auto/SubscriberPortInitialValues14.xml
----------------- Instantiating /home/travis/build/icyphy/ptII/ptolemy/actor/lib/test/auto/SubscriberPortInitialValues14.xml
3 ms. Memory: 1307136K Free: 191539K (15%)
----------------- Invoking toplevel() on ptolemy.moml.MoMLSimpleApplication@20773539
----------------- Done invoking toplevel() on ptolemy.moml.MoMLSimpleApplication@20773539
reloadAllAccessors: .SubscriberPortInitialValues14

===========================================================================================
----------------- testing Wed Jun 06 21:17:04 UTC 2018 /home/travis/build/icyphy/ptII/ptolemy/actor/lib/test/auto/SubscriberPortInitialValues2.xml
----------------- Instantiating /home/travis/build/icyphy/ptII/ptolemy/actor/lib/test/auto/SubscriberPortInitialValues2.xml
3 ms. Memory: 1307136K Free: 179538K (14%)
----------------- Invoking toplevel() on ptolemy.moml.MoMLSimpleApplication@72983c3c
----------------- Done invoking toplevel() on ptolemy.moml.MoMLSimpleApplication@72983c3c
reloadAllAccessors: .SubscriberPortInitialValues2

===========================================================================================
----------------- testing Wed Jun 06 21:17:04 UTC 2018 /home/travis/build/icyphy/ptII/ptolemy/actor/lib/test/auto/SubscriberPortInitialValues3.xml
----------------- Instantiating /home/travis/build/icyphy/ptII/ptolemy/actor/lib/test/auto/SubscriberPortInitialValues3.xml
3 ms. Memory: 1307136K Free: 157975K (12%)
----------------- Invoking toplevel() on ptolemy.moml.MoMLSimpleApplication@63af69e6
----------------- Done invoking toplevel() on ptolemy.moml.MoMLSimpleApplication@63af69e6
reloadAllAccessors: .SubscriberPortInitialValues3

===========================================================================================
----------------- testing Wed Jun 06 21:17:04 UTC 2018 /home/travis/build/icyphy/ptII/ptolemy/actor/lib/test/auto/SubscriptionAggregator.xml
----------------- Instantiating /home/travis/build/icyphy/ptII/ptolemy/actor/lib/test/auto/SubscriptionAggregator.xml
2 ms. Memory: 1307136K Free: 142429K (11%)
----------------- Invoking toplevel() on ptolemy.moml.MoMLSimpleApplication@55cc0ea8
----------------- Done invoking toplevel() on ptolemy.moml.MoMLSimpleApplication@55cc0ea8
reloadAllAccessors: .SubscriptionAggregator

===========================================================================================
----------------- testing Wed Jun 06 21:17:04 UTC 2018 /home/travis/build/icyphy/ptII/ptolemy/actor/lib/test/auto/SubscriptionAggregator2.xml
----------------- Instantiating /home/travis/build/icyphy/ptII/ptolemy/actor/lib/test/auto/SubscriptionAggregator2.xml
2 ms. Memory: 1307136K Free: 130427K (10%)
----------------- Invoking toplevel() on ptolemy.moml.MoMLSimpleApplication@148b28b
----------------- Done invoking toplevel() on ptolemy.moml.MoMLSimpleApplication@148b28b
reloadAllAccessors: .SubscriptionAggregator2

===========================================================================================
----------------- testing Wed Jun 06 21:17:04 UTC 2018 /home/travis/build/icyphy/ptII/ptolemy/actor/lib/test/auto/SubscriptionAggregator3.xml
----------------- Instantiating /home/travis/build/icyphy/ptII/ptolemy/actor/lib/test/auto/SubscriptionAggregator3.xml
7 ms. Memory: 1307136K Free: 108864K (8%)
----------------- Invoking toplevel() on ptolemy.moml.MoMLSimpleApplication@34c62ef1
----------------- Done invoking toplevel() on ptolemy.moml.MoMLSimpleApplication@34c62ef1
reloadAllAccessors: .SubscriptionAggregator3

===========================================================================================
----------------- testing Wed Jun 06 21:17:04 UTC 2018 /home/travis/build/icyphy/ptII/ptolemy/actor/lib/test/auto/SubscriptionAggregatorMultiply.xml
----------------- Instantiating /home/travis/build/icyphy/ptII/ptolemy/actor/lib/test/auto/SubscriptionAggregatorMultiply.xml
8 ms. Memory: 1307136K Free: 93317K (7%)
----------------- Invoking toplevel() on ptolemy.moml.MoMLSimpleApplication@7476054b
----------------- Done invoking toplevel() on ptolemy.moml.MoMLSimpleApplication@7476054b
reloadAllAccessors: .SubscriptionAggregatorMultiply

===========================================================================================
----------------- testing Wed Jun 06 21:17:04 UTC 2018 /home/travis/build/icyphy/ptII/ptolemy/actor/lib/test/auto/SubscriptionAggregatorPortMultiply1.xml
----------------- Instantiating /home/travis/build/icyphy/ptII/ptolemy/actor/lib/test/auto/SubscriptionAggregatorPortMultiply1.xml
4 ms. Memory: 1307136K Free: 77771K (6%)
----------------- Invoking toplevel() on ptolemy.moml.MoMLSimpleApplication@18d814fa
----------------- Done invoking toplevel() on ptolemy.moml.MoMLSimpleApplication@18d814fa
reloadAllAccessors: .SubscriptionAggregatorPortMultiply1

===========================================================================================
----------------- testing Wed Jun 06 21:17:04 UTC 2018 /home/travis/build/icyphy/ptII/ptolemy/actor/lib/test/auto/Switch.xml
----------------- Instantiating /home/travis/build/icyphy/ptII/ptolemy/actor/lib/test/auto/Switch.xml
13 ms. Memory: 1317376K Free: 1237424K (94%)
----------------- Invoking toplevel() on ptolemy.moml.MoMLSimpleApplication@4755478f
----------------- Done invoking toplevel() on ptolemy.moml.MoMLSimpleApplication@4755478f
reloadAllAccessors: .Switch

===========================================================================================
----------------- testing Wed Jun 06 21:17:04 UTC 2018 /home/travis/build/icyphy/ptII/ptolemy/actor/lib/test/auto/Switch2.xml
----------------- Instantiating /home/travis/build/icyphy/ptII/ptolemy/actor/lib/test/auto/Switch2.xml
1 ms. Memory: 1317376K Free: 1219292K (93%)
----------------- Invoking toplevel() on ptolemy.moml.MoMLSimpleApplication@69a706d4
----------------- Done invoking toplevel() on ptolemy.moml.MoMLSimpleApplication@69a706d4
reloadAllAccessors: .Switch2

===========================================================================================
----------------- testing Wed Jun 06 21:17:04 UTC 2018 /home/travis/build/icyphy/ptII/ptolemy/actor/lib/test/auto/SwitchDE.xml
----------------- Instantiating /home/travis/build/icyphy/ptII/ptolemy/actor/lib/test/auto/SwitchDE.xml
2 ms. Memory: 1317376K Free: 1204160K (91%)
----------------- Invoking toplevel() on ptolemy.moml.MoMLSimpleApplication@442a1cce
----------------- Done invoking toplevel() on ptolemy.moml.MoMLSimpleApplication@442a1cce
reloadAllAccessors: .SwitchDE

===========================================================================================
----------------- testing Wed Jun 06 21:17:04 UTC 2018 /home/travis/build/icyphy/ptII/ptolemy/actor/lib/test/auto/SynchronizerDE.xml
----------------- Instantiating /home/travis/build/icyphy/ptII/ptolemy/actor/lib/test/auto/SynchronizerDE.xml
4 ms. Memory: 1317376K Free: 1183020K (90%)
----------------- Invoking toplevel() on ptolemy.moml.MoMLSimpleApplication@7e9d111
----------------- Done invoking toplevel() on ptolemy.moml.MoMLSimpleApplication@7e9d111
reloadAllAccessors: .SynchronizerDE

===========================================================================================
----------------- testing Wed Jun 06 21:17:04 UTC 2018 /home/travis/build/icyphy/ptII/ptolemy/actor/lib/test/auto/Test.xml
----------------- Instantiating /home/travis/build/icyphy/ptII/ptolemy/actor/lib/test/auto/Test.xml
2 ms. Memory: 1317376K Free: 1167888K (89%)
----------------- Invoking toplevel() on ptolemy.moml.MoMLSimpleApplication@72dbf93
----------------- Done invoking toplevel() on ptolemy.moml.MoMLSimpleApplication@72dbf93
reloadAllAccessors: .Test

===========================================================================================
----------------- testing Wed Jun 06 21:17:04 UTC 2018 /home/travis/build/icyphy/ptII/ptolemy/actor/lib/test/auto/TestExceptionAttribute1.xml
----------------- Instantiating /home/travis/build/icyphy/ptII/ptolemy/actor/lib/test/auto/TestExceptionAttribute1.xml
1 ms. Memory: 1317376K Free: 1152756K (88%)
----------------- Invoking toplevel() on ptolemy.moml.MoMLSimpleApplication@1f5f1ddc
----------------- Done invoking toplevel() on ptolemy.moml.MoMLSimpleApplication@1f5f1ddc
reloadAllAccessors: .TestExceptionAttribute1

===========================================================================================
----------------- testing Wed Jun 06 21:17:04 UTC 2018 /home/travis/build/icyphy/ptII/ptolemy/actor/lib/test/auto/TestExceptionAttribute2.xml
----------------- Instantiating /home/travis/build/icyphy/ptII/ptolemy/actor/lib/test/auto/TestExceptionAttribute2.xml
0 ms. Memory: 1317376K Free: 1140755K (87%)
----------------- Invoking toplevel() on ptolemy.moml.MoMLSimpleApplication@56871151
----------------- Done invoking toplevel() on ptolemy.moml.MoMLSimpleApplication@56871151
reloadAllAccessors: .TestExceptionAttribute2

===========================================================================================
----------------- testing Wed Jun 06 21:17:04 UTC 2018 /home/travis/build/icyphy/ptII/ptolemy/actor/lib/test/auto/TestExceptionAttribute3.xml
----------------- Instantiating /home/travis/build/icyphy/ptII/ptolemy/actor/lib/test/auto/TestExceptionAttribute3.xml
.TestExceptionAttribute3.TestExceptionAttribute: initialize() was not invoked, but wrapup() was.  This is unusual, but not always a problem.  For example, exporting JNLP will do this.
0 ms. Memory: 1317376K Free: 1125623K (85%)
----------------- Invoking toplevel() on ptolemy.moml.MoMLSimpleApplication@69a084d9
----------------- Done invoking toplevel() on ptolemy.moml.MoMLSimpleApplication@69a084d9
reloadAllAccessors: .TestExceptionAttribute3

===========================================================================================
----------------- testing Wed Jun 06 21:17:04 UTC 2018 /home/travis/build/icyphy/ptII/ptolemy/actor/lib/test/auto/TestExceptionAttribute4.xml
----------------- Instantiating /home/travis/build/icyphy/ptII/ptolemy/actor/lib/test/auto/TestExceptionAttribute4.xml
.TestExceptionAttribute4.TestExceptionAttribute: initialize() was not invoked, but wrapup() was.  This is unusual, but not always a problem.  For example, exporting JNLP will do this.
.TestExceptionAttribute4.TestExceptionAttribute2: initialize() was not invoked, but wrapup() was.  This is unusual, but not always a problem.  For example, exporting JNLP will do this.
0 ms. Memory: 1317376K Free: 1110491K (84%)
----------------- Invoking toplevel() on ptolemy.moml.MoMLSimpleApplication@23da79a5
----------------- Done invoking toplevel() on ptolemy.moml.MoMLSimpleApplication@23da79a5
reloadAllAccessors: .TestExceptionAttribute4

===========================================================================================
----------------- testing Wed Jun 06 21:17:04 UTC 2018 /home/travis/build/icyphy/ptII/ptolemy/actor/lib/test/auto/TestExceptionHandler1.xml
----------------- Instantiating /home/travis/build/icyphy/ptII/ptolemy/actor/lib/test/auto/TestExceptionHandler1.xml
0 ms. Memory: 1317376K Free: 1095359K (83%)
----------------- Invoking toplevel() on ptolemy.moml.MoMLSimpleApplication@119ea06c
----------------- Done invoking toplevel() on ptolemy.moml.MoMLSimpleApplication@119ea06c
reloadAllAccessors: .TestExceptionHandler1

===========================================================================================
----------------- testing Wed Jun 06 21:17:04 UTC 2018 /home/travis/build/icyphy/ptII/ptolemy/actor/lib/test/auto/TestExceptionHandler2.xml
----------------- Instantiating /home/travis/build/icyphy/ptII/ptolemy/actor/lib/test/auto/TestExceptionHandler2.xml
0 ms. Memory: 1317376K Free: 1080227K (82%)
----------------- Invoking toplevel() on ptolemy.moml.MoMLSimpleApplication@2420a174
----------------- Done invoking toplevel() on ptolemy.moml.MoMLSimpleApplication@2420a174
reloadAllAccessors: .TestExceptionHandler2

===========================================================================================
----------------- testing Wed Jun 06 21:17:04 UTC 2018 /home/travis/build/icyphy/ptII/ptolemy/actor/lib/test/auto/TestExceptionHandler3.xml
----------------- Instantiating /home/travis/build/icyphy/ptII/ptolemy/actor/lib/test/auto/TestExceptionHandler3.xml
0 ms. Memory: 1317376K Free: 1065096K (81%)
----------------- Invoking toplevel() on ptolemy.moml.MoMLSimpleApplication@548a4384
----------------- Done invoking toplevel() on ptolemy.moml.MoMLSimpleApplication@548a4384
reloadAllAccessors: .TestExceptionHandler3

===========================================================================================
----------------- testing Wed Jun 06 21:17:04 UTC 2018 /home/travis/build/icyphy/ptII/ptolemy/actor/lib/test/auto/TestExceptionHandler4.xml
----------------- Instantiating /home/travis/build/icyphy/ptII/ptolemy/actor/lib/test/auto/TestExceptionHandler4.xml
1 ms. Memory: 1317376K Free: 1053094K (80%)
----------------- Invoking toplevel() on ptolemy.moml.MoMLSimpleApplication@5257d85
----------------- Done invoking toplevel() on ptolemy.moml.MoMLSimpleApplication@5257d85
reloadAllAccessors: .TestExceptionHandler4

===========================================================================================
----------------- testing Wed Jun 06 21:17:04 UTC 2018 /home/travis/build/icyphy/ptII/ptolemy/actor/lib/test/auto/TestRequireCorrectOrder.xml
----------------- Instantiating /home/travis/build/icyphy/ptII/ptolemy/actor/lib/test/auto/TestRequireCorrectOrder.xml
2 ms. Memory: 1317376K Free: 1037962K (79%)
----------------- Invoking toplevel() on ptolemy.moml.MoMLSimpleApplication@308d095f
----------------- Done invoking toplevel() on ptolemy.moml.MoMLSimpleApplication@308d095f
reloadAllAccessors: .TestRequireCorrectOrder

===========================================================================================
----------------- testing Wed Jun 06 21:17:04 UTC 2018 /home/travis/build/icyphy/ptII/ptolemy/actor/lib/test/auto/TestSimple.xml
----------------- Instantiating /home/travis/build/icyphy/ptII/ptolemy/actor/lib/test/auto/TestSimple.xml
2 ms. Memory: 1317376K Free: 1022831K (78%)
----------------- Invoking toplevel() on ptolemy.moml.MoMLSimpleApplication@616410ce
----------------- Done invoking toplevel() on ptolemy.moml.MoMLSimpleApplication@616410ce
reloadAllAccessors: .TestSimple

===========================================================================================
----------------- testing Wed Jun 06 21:17:04 UTC 2018 /home/travis/build/icyphy/ptII/ptolemy/actor/lib/test/auto/ThrowModelError.xml
----------------- Instantiating /home/travis/build/icyphy/ptII/ptolemy/actor/lib/test/auto/ThrowModelError.xml
1 ms. Memory: 1317376K Free: 1007699K (76%)
----------------- Invoking toplevel() on ptolemy.moml.MoMLSimpleApplication@341f655
----------------- Done invoking toplevel() on ptolemy.moml.MoMLSimpleApplication@341f655
reloadAllAccessors: .ThrowModelError

===========================================================================================
----------------- testing Wed Jun 06 21:17:04 UTC 2018 /home/travis/build/icyphy/ptII/ptolemy/actor/lib/test/auto/TimeDelayMicrosteps.xml
----------------- Instantiating /home/travis/build/icyphy/ptII/ptolemy/actor/lib/test/auto/TimeDelayMicrosteps.xml
2 ms. Memory: 1317376K Free: 992567K (75%)
----------------- Invoking toplevel() on ptolemy.moml.MoMLSimpleApplication@65f528e8
----------------- Done invoking toplevel() on ptolemy.moml.MoMLSimpleApplication@65f528e8
reloadAllAccessors: .TimeDelayMicrosteps

===========================================================================================
----------------- testing Wed Jun 06 21:17:05 UTC 2018 /home/travis/build/icyphy/ptII/ptolemy/actor/lib/test/auto/TimeDelayMicrosteps2.xml
----------------- Instantiating /home/travis/build/icyphy/ptII/ptolemy/actor/lib/test/auto/TimeDelayMicrosteps2.xml
2 ms. Memory: 1317376K Free: 977436K (74%)
----------------- Invoking toplevel() on ptolemy.moml.MoMLSimpleApplication@37fb9ea1
----------------- Done invoking toplevel() on ptolemy.moml.MoMLSimpleApplication@37fb9ea1
reloadAllAccessors: .TimeDelayMicrosteps2

===========================================================================================
----------------- testing Wed Jun 06 21:17:05 UTC 2018 /home/travis/build/icyphy/ptII/ptolemy/actor/lib/test/auto/TimeDelayMicrosteps3.xml
----------------- Instantiating /home/travis/build/icyphy/ptII/ptolemy/actor/lib/test/auto/TimeDelayMicrosteps3.xml
3 ms. Memory: 1317376K Free: 965434K (73%)
----------------- Invoking toplevel() on ptolemy.moml.MoMLSimpleApplication@66c4ab74
----------------- Done invoking toplevel() on ptolemy.moml.MoMLSimpleApplication@66c4ab74
reloadAllAccessors: .TimeDelayMicrosteps3

===========================================================================================
----------------- testing Wed Jun 06 21:17:05 UTC 2018 /home/travis/build/icyphy/ptII/ptolemy/actor/lib/test/auto/TimeDelayVariableMicrosteps.xml
----------------- Instantiating /home/travis/build/icyphy/ptII/ptolemy/actor/lib/test/auto/TimeDelayVariableMicrosteps.xml
2 ms. Memory: 1317376K Free: 950303K (72%)
----------------- Invoking toplevel() on ptolemy.moml.MoMLSimpleApplication@27c1bb81
----------------- Done invoking toplevel() on ptolemy.moml.MoMLSimpleApplication@27c1bb81
reloadAllAccessors: .TimeDelayVariableMicrosteps

===========================================================================================
----------------- testing Wed Jun 06 21:17:05 UTC 2018 /home/travis/build/icyphy/ptII/ptolemy/actor/lib/test/auto/TimeGap.xml
----------------- Instantiating /home/travis/build/icyphy/ptII/ptolemy/actor/lib/test/auto/TimeGap.xml
2 ms. Memory: 1317376K Free: 935171K (71%)
----------------- Invoking toplevel() on ptolemy.moml.MoMLSimpleApplication@424c9b4e
----------------- Done invoking toplevel() on ptolemy.moml.MoMLSimpleApplication@424c9b4e
reloadAllAccessors: .TimeGap

===========================================================================================
----------------- testing Wed Jun 06 21:17:05 UTC 2018 /home/travis/build/icyphy/ptII/ptolemy/actor/lib/test/auto/TimeGap2.xml
----------------- Instantiating /home/travis/build/icyphy/ptII/ptolemy/actor/lib/test/auto/TimeGap2.xml
2 ms. Memory: 1317376K Free: 920039K (70%)
----------------- Invoking toplevel() on ptolemy.moml.MoMLSimpleApplication@33513a25
----------------- Done invoking toplevel() on ptolemy.moml.MoMLSimpleApplication@33513a25
reloadAllAccessors: .TimeGap2

===========================================================================================
----------------- testing Wed Jun 06 21:17:05 UTC 2018 /home/travis/build/icyphy/ptII/ptolemy/actor/lib/test/auto/TimedSinewave.xml
----------------- Instantiating /home/travis/build/icyphy/ptII/ptolemy/actor/lib/test/auto/TimedSinewave.xml
14 ms. Memory: 1317376K Free: 898891K (68%)
----------------- Invoking toplevel() on ptolemy.moml.MoMLSimpleApplication@7ce94593
----------------- Done invoking toplevel() on ptolemy.moml.MoMLSimpleApplication@7ce94593
reloadAllAccessors: .TimedSinewave

===========================================================================================
----------------- testing Wed Jun 06 21:17:05 UTC 2018 /home/travis/build/icyphy/ptII/ptolemy/actor/lib/test/auto/TimedSinewavePhase.xml
----------------- Instantiating /home/travis/build/icyphy/ptII/ptolemy/actor/lib/test/auto/TimedSinewavePhase.xml
8 ms. Memory: 1317376K Free: 877758K (67%)
----------------- Invoking toplevel() on ptolemy.moml.MoMLSimpleApplication@566e9750
----------------- Done invoking toplevel() on ptolemy.moml.MoMLSimpleApplication@566e9750
reloadAllAccessors: .TimedSinewavePhase

===========================================================================================
----------------- testing Wed Jun 06 21:17:05 UTC 2018 /home/travis/build/icyphy/ptII/ptolemy/actor/lib/test/auto/Timer.xml
----------------- Instantiating /home/travis/build/icyphy/ptII/ptolemy/actor/lib/test/auto/Timer.xml
2 ms. Memory: 1317376K Free: 865757K (66%)
----------------- Invoking toplevel() on ptolemy.moml.MoMLSimpleApplication@728f528f
----------------- Done invoking toplevel() on ptolemy.moml.MoMLSimpleApplication@728f528f
reloadAllAccessors: .Timer

===========================================================================================
----------------- testing Wed Jun 06 21:17:05 UTC 2018 /home/travis/build/icyphy/ptII/ptolemy/actor/lib/test/auto/TriangularDistTestModel.xml
----------------- Instantiating /home/travis/build/icyphy/ptII/ptolemy/actor/lib/test/auto/TriangularDistTestModel.xml
2 ms. Memory: 1317376K Free: 850625K (65%)
----------------- Invoking toplevel() on ptolemy.moml.MoMLSimpleApplication@5c1498d8
----------------- Done invoking toplevel() on ptolemy.moml.MoMLSimpleApplication@5c1498d8
reloadAllAccessors: .TriangularDistTestModel

===========================================================================================
----------------- testing Wed Jun 06 21:17:05 UTC 2018 /home/travis/build/icyphy/ptII/ptolemy/actor/lib/test/auto/TrigFunction.xml
----------------- Instantiating /home/travis/build/icyphy/ptII/ptolemy/actor/lib/test/auto/TrigFunction.xml
1 ms. Memory: 1317376K Free: 835493K (63%)
----------------- Invoking toplevel() on ptolemy.moml.MoMLSimpleApplication@765ea432
----------------- Done invoking toplevel() on ptolemy.moml.MoMLSimpleApplication@765ea432
reloadAllAccessors: .TrigFunction

===========================================================================================
----------------- testing Wed Jun 06 21:17:05 UTC 2018 /home/travis/build/icyphy/ptII/ptolemy/actor/lib/test/auto/TrigFunctionDE.xml
----------------- Instantiating /home/travis/build/icyphy/ptII/ptolemy/actor/lib/test/auto/TrigFunctionDE.xml
2 ms. Memory: 1317376K Free: 820361K (62%)
----------------- Invoking toplevel() on ptolemy.moml.MoMLSimpleApplication@ee8e24
----------------- Done invoking toplevel() on ptolemy.moml.MoMLSimpleApplication@ee8e24
reloadAllAccessors: .TrigFunctionDE

===========================================================================================
----------------- testing Wed Jun 06 21:17:05 UTC 2018 /home/travis/build/icyphy/ptII/ptolemy/actor/lib/test/auto/TrigFunctionInverse.xml
----------------- Instantiating /home/travis/build/icyphy/ptII/ptolemy/actor/lib/test/auto/TrigFunctionInverse.xml
2 ms. Memory: 1317376K Free: 805230K (61%)
----------------- Invoking toplevel() on ptolemy.moml.MoMLSimpleApplication@5caf5a5b
----------------- Done invoking toplevel() on ptolemy.moml.MoMLSimpleApplication@5caf5a5b
reloadAllAccessors: .TrigFunctionInverse

===========================================================================================
----------------- testing Wed Jun 06 21:17:05 UTC 2018 /home/travis/build/icyphy/ptII/ptolemy/actor/lib/test/auto/TrigFunctionTan.xml
----------------- Instantiating /home/travis/build/icyphy/ptII/ptolemy/actor/lib/test/auto/TrigFunctionTan.xml
2 ms. Memory: 1317376K Free: 790098K (60%)
----------------- Invoking toplevel() on ptolemy.moml.MoMLSimpleApplication@362e80a0
----------------- Done invoking toplevel() on ptolemy.moml.MoMLSimpleApplication@362e80a0
reloadAllAccessors: .TrigFunctionTan

===========================================================================================
----------------- testing Wed Jun 06 21:17:05 UTC 2018 /home/travis/build/icyphy/ptII/ptolemy/actor/lib/test/auto/TriggeredClock.xml
----------------- Instantiating /home/travis/build/icyphy/ptII/ptolemy/actor/lib/test/auto/TriggeredClock.xml
1 ms. Memory: 1317376K Free: 774966K (59%)
----------------- Invoking toplevel() on ptolemy.moml.MoMLSimpleApplication@1ce7b8a9
----------------- Done invoking toplevel() on ptolemy.moml.MoMLSimpleApplication@1ce7b8a9
reloadAllAccessors: .TriggeredClock

===========================================================================================
----------------- testing Wed Jun 06 21:17:05 UTC 2018 /home/travis/build/icyphy/ptII/ptolemy/actor/lib/test/auto/URLDirectoryReader.xml
----------------- Instantiating /home/travis/build/icyphy/ptII/ptolemy/actor/lib/test/auto/URLDirectoryReader.xml
31 ms. Memory: 1317376K Free: 762965K (58%)
----------------- Invoking toplevel() on ptolemy.moml.MoMLSimpleApplication@283a6cc6
----------------- Done invoking toplevel() on ptolemy.moml.MoMLSimpleApplication@283a6cc6
reloadAllAccessors: .URLDirectoryReader

===========================================================================================
----------------- testing Wed Jun 06 21:17:05 UTC 2018 /home/travis/build/icyphy/ptII/ptolemy/actor/lib/test/auto/URLDirectoryReader3.xml
----------------- Instantiating /home/travis/build/icyphy/ptII/ptolemy/actor/lib/test/auto/URLDirectoryReader3.xml
1161 ms. Memory: 1317376K Free: 711821K (54%)
----------------- Invoking toplevel() on ptolemy.moml.MoMLSimpleApplication@52e64af3
----------------- Done invoking toplevel() on ptolemy.moml.MoMLSimpleApplication@52e64af3
reloadAllAccessors: .URLDirectoryReader3

===========================================================================================
----------------- testing Wed Jun 06 21:17:06 UTC 2018 /home/travis/build/icyphy/ptII/ptolemy/actor/lib/test/auto/UnaryMathFunction.xml
----------------- Instantiating /home/travis/build/icyphy/ptII/ptolemy/actor/lib/test/auto/UnaryMathFunction.xml
10 ms. Memory: 1317376K Free: 696689K (53%)
----------------- Invoking toplevel() on ptolemy.moml.MoMLSimpleApplication@11926718
----------------- Done invoking toplevel() on ptolemy.moml.MoMLSimpleApplication@11926718
reloadAllAccessors: .UnaryMathFunction

===========================================================================================
----------------- testing Wed Jun 06 21:17:06 UTC 2018 /home/travis/build/icyphy/ptII/ptolemy/actor/lib/test/auto/Uniform.xml
----------------- Instantiating /home/travis/build/icyphy/ptII/ptolemy/actor/lib/test/auto/Uniform.xml
9 ms. Memory: 1317376K Free: 681557K (52%)
----------------- Invoking toplevel() on ptolemy.moml.MoMLSimpleApplication@899d8a6
----------------- Done invoking toplevel() on ptolemy.moml.MoMLSimpleApplication@899d8a6
reloadAllAccessors: .Uniform

===========================================================================================
----------------- testing Wed Jun 06 21:17:06 UTC 2018 /home/travis/build/icyphy/ptII/ptolemy/actor/lib/test/auto/UnionDisassemblerTest.xml
----------------- Instantiating /home/travis/build/icyphy/ptII/ptolemy/actor/lib/test/auto/UnionDisassemblerTest.xml
15 ms. Memory: 1317376K Free: 666425K (51%)
----------------- Invoking toplevel() on ptolemy.moml.MoMLSimpleApplication@41322fe6
----------------- Done invoking toplevel() on ptolemy.moml.MoMLSimpleApplication@41322fe6
reloadAllAccessors: .UnionDisassemblerTest

===========================================================================================
----------------- testing Wed Jun 06 21:17:06 UTC 2018 /home/travis/build/icyphy/ptII/ptolemy/actor/lib/test/auto/UtilityFunctions.xml
----------------- Instantiating /home/travis/build/icyphy/ptII/ptolemy/actor/lib/test/auto/UtilityFunctions.xml
5 ms. Memory: 1317376K Free: 651294K (49%)
----------------- Invoking toplevel() on ptolemy.moml.MoMLSimpleApplication@606cc894
----------------- Done invoking toplevel() on ptolemy.moml.MoMLSimpleApplication@606cc894
reloadAllAccessors: .UtilityFunctions

===========================================================================================
----------------- testing Wed Jun 06 21:17:06 UTC 2018 /home/travis/build/icyphy/ptII/ptolemy/actor/lib/test/auto/VariableSleep.xml
----------------- Instantiating /home/travis/build/icyphy/ptII/ptolemy/actor/lib/test/auto/VariableSleep.xml
503 ms. Memory: 1317376K Free: 639292K (49%)
----------------- Invoking toplevel() on ptolemy.moml.MoMLSimpleApplication@254eb33c
----------------- Done invoking toplevel() on ptolemy.moml.MoMLSimpleApplication@254eb33c
reloadAllAccessors: .VariableSleep

===========================================================================================
----------------- testing Wed Jun 06 21:17:07 UTC 2018 /home/travis/build/icyphy/ptII/ptolemy/actor/lib/test/auto/VectorAssemblerDisassemblerCT.xml
----------------- Instantiating /home/travis/build/icyphy/ptII/ptolemy/actor/lib/test/auto/VectorAssemblerDisassemblerCT.xml
62 ms. Memory: 1317376K Free: 612143K (46%)
----------------- Invoking toplevel() on ptolemy.moml.MoMLSimpleApplication@5babfe87
----------------- Done invoking toplevel() on ptolemy.moml.MoMLSimpleApplication@5babfe87
reloadAllAccessors: .VectorAssemblerDisassemblerCT

===========================================================================================
----------------- testing Wed Jun 06 21:17:07 UTC 2018 /home/travis/build/icyphy/ptII/ptolemy/actor/lib/test/auto/VectorAssemblerDisassemblerDE.xml
----------------- Instantiating /home/travis/build/icyphy/ptII/ptolemy/actor/lib/test/auto/VectorAssemblerDisassemblerDE.xml
2 ms. Memory: 1317376K Free: 597012K (45%)
----------------- Invoking toplevel() on ptolemy.moml.MoMLSimpleApplication@5719129b
----------------- Done invoking toplevel() on ptolemy.moml.MoMLSimpleApplication@5719129b
reloadAllAccessors: .VectorAssemblerDisassemblerDE

===========================================================================================
----------------- testing Wed Jun 06 21:17:07 UTC 2018 /home/travis/build/icyphy/ptII/ptolemy/actor/lib/test/auto/VectorAssemblerDisassemblerSDF.xml
----------------- Instantiating /home/travis/build/icyphy/ptII/ptolemy/actor/lib/test/auto/VectorAssemblerDisassemblerSDF.xml
2 ms. Memory: 1317376K Free: 581880K (44%)
----------------- Invoking toplevel() on ptolemy.moml.MoMLSimpleApplication@564eda59
----------------- Done invoking toplevel() on ptolemy.moml.MoMLSimpleApplication@564eda59
reloadAllAccessors: .VectorAssemblerDisassemblerSDF

===========================================================================================
----------------- testing Wed Jun 06 21:17:07 UTC 2018 /home/travis/build/icyphy/ptII/ptolemy/actor/lib/test/auto/WallClockTime.xml
----------------- Instantiating /home/travis/build/icyphy/ptII/ptolemy/actor/lib/test/auto/WallClockTime.xml
1006 ms. Memory: 1317376K Free: 566748K (43%)
----------------- Invoking toplevel() on ptolemy.moml.MoMLSimpleApplication@790f4e4a
----------------- Done invoking toplevel() on ptolemy.moml.MoMLSimpleApplication@790f4e4a
reloadAllAccessors: .WallClockTime

===========================================================================================
----------------- testing Wed Jun 06 21:17:08 UTC 2018 /home/travis/build/icyphy/ptII/ptolemy/actor/lib/test/auto/WidthTestWithSubscriberPublisher.xml
----------------- Instantiating /home/travis/build/icyphy/ptII/ptolemy/actor/lib/test/auto/WidthTestWithSubscriberPublisher.xml
12 ms. Memory: 1317376K Free: 539607K (41%)
----------------- Invoking toplevel() on ptolemy.moml.MoMLSimpleApplication@15f45fee
----------------- Done invoking toplevel() on ptolemy.moml.MoMLSimpleApplication@15f45fee
reloadAllAccessors: .WidthTestWithSubscriberPublisher

===========================================================================================
----------------- testing Wed Jun 06 21:17:08 UTC 2018 /home/travis/build/icyphy/ptII/ptolemy/actor/lib/test/auto/WidthTestWithSubscriberPublisher2.xml
----------------- Instantiating /home/travis/build/icyphy/ptII/ptolemy/actor/lib/test/auto/WidthTestWithSubscriberPublisher2.xml
2 ms. Memory: 1317376K Free: 527606K (40%)
----------------- Invoking toplevel() on ptolemy.moml.MoMLSimpleApplication@5ae16d3
----------------- Done invoking toplevel() on ptolemy.moml.MoMLSimpleApplication@5ae16d3
reloadAllAccessors: .WidthTestWithSubscriberPublisher2

===========================================================================================
----------------- testing Wed Jun 06 21:17:08 UTC 2018 /home/travis/build/icyphy/ptII/ptolemy/actor/lib/test/auto/WidthTestWithSubscriberPublisher3.xml
----------------- Instantiating /home/travis/build/icyphy/ptII/ptolemy/actor/lib/test/auto/WidthTestWithSubscriberPublisher3.xml
1 ms. Memory: 1317376K Free: 512474K (39%)
----------------- Invoking toplevel() on ptolemy.moml.MoMLSimpleApplication@867870
----------------- Done invoking toplevel() on ptolemy.moml.MoMLSimpleApplication@867870
reloadAllAccessors: .WidthTestWithSubscriberPublisher3

===========================================================================================
----------------- testing Wed Jun 06 21:17:08 UTC 2018 /home/travis/build/icyphy/ptII/ptolemy/actor/lib/test/auto/Writer.xml
----------------- Instantiating /home/travis/build/icyphy/ptII/ptolemy/actor/lib/test/auto/Writer.xml
0
1
2
3
4
1 ms. Memory: 1317376K Free: 497342K (38%)
----------------- Invoking toplevel() on ptolemy.moml.MoMLSimpleApplication@696d3633
----------------- Done invoking toplevel() on ptolemy.moml.MoMLSimpleApplication@696d3633
reloadAllAccessors: .Writer

===========================================================================================
----------------- testing Wed Jun 06 21:17:08 UTC 2018 /home/travis/build/icyphy/ptII/ptolemy/actor/lib/test/auto/array.xml
----------------- Instantiating /home/travis/build/icyphy/ptII/ptolemy/actor/lib/test/auto/array.xml
1 ms. Memory: 1317376K Free: 482210K (37%)
----------------- Invoking toplevel() on ptolemy.moml.MoMLSimpleApplication@73e9ed85
----------------- Done invoking toplevel() on ptolemy.moml.MoMLSimpleApplication@73e9ed85
reloadAllAccessors: .array

===========================================================================================
----------------- testing Wed Jun 06 21:17:08 UTC 2018 /home/travis/build/icyphy/ptII/ptolemy/actor/lib/test/auto/array2.xml
----------------- Instantiating /home/travis/build/icyphy/ptII/ptolemy/actor/lib/test/auto/array2.xml
6 ms. Memory: 1317376K Free: 467078K (35%)
----------------- Invoking toplevel() on ptolemy.moml.MoMLSimpleApplication@7deec8e0
----------------- Done invoking toplevel() on ptolemy.moml.MoMLSimpleApplication@7deec8e0
reloadAllAccessors: .array2

===========================================================================================
----------------- testing Wed Jun 06 21:17:08 UTC 2018 /home/travis/build/icyphy/ptII/ptolemy/actor/lib/test/auto/arrayType.xml
----------------- Instantiating /home/travis/build/icyphy/ptII/ptolemy/actor/lib/test/auto/arrayType.xml
1 ms. Memory: 1317376K Free: 451946K (34%)
----------------- Invoking toplevel() on ptolemy.moml.MoMLSimpleApplication@4b080eea
----------------- Done invoking toplevel() on ptolemy.moml.MoMLSimpleApplication@4b080eea
reloadAllAccessors: .arrayType

===========================================================================================
----------------- testing Wed Jun 06 21:17:08 UTC 2018 /home/travis/build/icyphy/ptII/ptolemy/actor/lib/test/auto/arrayType10.xml
----------------- Instantiating /home/travis/build/icyphy/ptII/ptolemy/actor/lib/test/auto/arrayType10.xml
2 ms. Memory: 1317376K Free: 436815K (33%)
----------------- Invoking toplevel() on ptolemy.moml.MoMLSimpleApplication@6ddade7c
----------------- Done invoking toplevel() on ptolemy.moml.MoMLSimpleApplication@6ddade7c
reloadAllAccessors: .arrayType10

===========================================================================================
----------------- testing Wed Jun 06 21:17:08 UTC 2018 /home/travis/build/icyphy/ptII/ptolemy/actor/lib/test/auto/arrayType11.xml
----------------- Instantiating /home/travis/build/icyphy/ptII/ptolemy/actor/lib/test/auto/arrayType11.xml
2 ms. Memory: 1317376K Free: 424813K (32%)
----------------- Invoking toplevel() on ptolemy.moml.MoMLSimpleApplication@51cdb57c
----------------- Done invoking toplevel() on ptolemy.moml.MoMLSimpleApplication@51cdb57c
reloadAllAccessors: .arrayType11

===========================================================================================
----------------- testing Wed Jun 06 21:17:08 UTC 2018 /home/travis/build/icyphy/ptII/ptolemy/actor/lib/test/auto/arrayType12.xml
----------------- Instantiating /home/travis/build/icyphy/ptII/ptolemy/actor/lib/test/auto/arrayType12.xml
1 ms. Memory: 1317376K Free: 409682K (31%)
----------------- Invoking toplevel() on ptolemy.moml.MoMLSimpleApplication@4b393527
----------------- Done invoking toplevel() on ptolemy.moml.MoMLSimpleApplication@4b393527
reloadAllAccessors: .arrayType12

===========================================================================================
----------------- testing Wed Jun 06 21:17:08 UTC 2018 /home/travis/build/icyphy/ptII/ptolemy/actor/lib/test/auto/arrayType13.xml
----------------- Instantiating /home/travis/build/icyphy/ptII/ptolemy/actor/lib/test/auto/arrayType13.xml
1 ms. Memory: 1317376K Free: 394550K (30%)
----------------- Invoking toplevel() on ptolemy.moml.MoMLSimpleApplication@243c67a8
----------------- Done invoking toplevel() on ptolemy.moml.MoMLSimpleApplication@243c67a8
reloadAllAccessors: .arrayType13

===========================================================================================
----------------- testing Wed Jun 06 21:17:08 UTC 2018 /home/travis/build/icyphy/ptII/ptolemy/actor/lib/test/auto/arrayType14.xml
----------------- Instantiating /home/travis/build/icyphy/ptII/ptolemy/actor/lib/test/auto/arrayType14.xml
2 ms. Memory: 1317376K Free: 379418K (29%)
----------------- Invoking toplevel() on ptolemy.moml.MoMLSimpleApplication@42e01475
----------------- Done invoking toplevel() on ptolemy.moml.MoMLSimpleApplication@42e01475
reloadAllAccessors: .arrayType14

===========================================================================================
----------------- testing Wed Jun 06 21:17:08 UTC 2018 /home/travis/build/icyphy/ptII/ptolemy/actor/lib/test/auto/arrayType15.xml
----------------- Instantiating /home/travis/build/icyphy/ptII/ptolemy/actor/lib/test/auto/arrayType15.xml
1 ms. Memory: 1317376K Free: 364286K (28%)
----------------- Invoking toplevel() on ptolemy.moml.MoMLSimpleApplication@72a53248
----------------- Done invoking toplevel() on ptolemy.moml.MoMLSimpleApplication@72a53248
reloadAllAccessors: .arrayType15

===========================================================================================
----------------- testing Wed Jun 06 21:17:08 UTC 2018 /home/travis/build/icyphy/ptII/ptolemy/actor/lib/test/auto/arrayType16.xml
----------------- Instantiating /home/travis/build/icyphy/ptII/ptolemy/actor/lib/test/auto/arrayType16.xml
1 ms. Memory: 1317376K Free: 349155K (27%)
----------------- Invoking toplevel() on ptolemy.moml.MoMLSimpleApplication@58631a7a
----------------- Done invoking toplevel() on ptolemy.moml.MoMLSimpleApplication@58631a7a
reloadAllAccessors: .arrayType16

===========================================================================================
----------------- testing Wed Jun 06 21:17:08 UTC 2018 /home/travis/build/icyphy/ptII/ptolemy/actor/lib/test/auto/arrayType17.xml
----------------- Instantiating /home/travis/build/icyphy/ptII/ptolemy/actor/lib/test/auto/arrayType17.xml
1 ms. Memory: 1317376K Free: 337153K (26%)
----------------- Invoking toplevel() on ptolemy.moml.MoMLSimpleApplication@596b71b0
----------------- Done invoking toplevel() on ptolemy.moml.MoMLSimpleApplication@596b71b0
reloadAllAccessors: .arrayType17

===========================================================================================
----------------- testing Wed Jun 06 21:17:08 UTC 2018 /home/travis/build/icyphy/ptII/ptolemy/actor/lib/test/auto/arrayType18.xml
----------------- Instantiating /home/travis/build/icyphy/ptII/ptolemy/actor/lib/test/auto/arrayType18.xml
1 ms. Memory: 1317376K Free: 322021K (24%)
----------------- Invoking toplevel() on ptolemy.moml.MoMLSimpleApplication@22cac3af
----------------- Done invoking toplevel() on ptolemy.moml.MoMLSimpleApplication@22cac3af
reloadAllAccessors: .arrayType18

===========================================================================================
----------------- testing Wed Jun 06 21:17:08 UTC 2018 /home/travis/build/icyphy/ptII/ptolemy/actor/lib/test/auto/arrayType19.xml
----------------- Instantiating /home/travis/build/icyphy/ptII/ptolemy/actor/lib/test/auto/arrayType19.xml
1 ms. Memory: 1317376K Free: 306889K (23%)
----------------- Invoking toplevel() on ptolemy.moml.MoMLSimpleApplication@1f17153d
----------------- Done invoking toplevel() on ptolemy.moml.MoMLSimpleApplication@1f17153d
reloadAllAccessors: .arrayType19

===========================================================================================
----------------- testing Wed Jun 06 21:17:08 UTC 2018 /home/travis/build/icyphy/ptII/ptolemy/actor/lib/test/auto/arrayType2.xml
----------------- Instantiating /home/travis/build/icyphy/ptII/ptolemy/actor/lib/test/auto/arrayType2.xml
1 ms. Memory: 1317376K Free: 291758K (22%)
----------------- Invoking toplevel() on ptolemy.moml.MoMLSimpleApplication@4ef3cd6a
----------------- Done invoking toplevel() on ptolemy.moml.MoMLSimpleApplication@4ef3cd6a
reloadAllAccessors: .arrayType2

===========================================================================================
----------------- testing Wed Jun 06 21:17:08 UTC 2018 /home/travis/build/icyphy/ptII/ptolemy/actor/lib/test/auto/arrayType20.xml
----------------- Instantiating /home/travis/build/icyphy/ptII/ptolemy/actor/lib/test/auto/arrayType20.xml
1 ms. Memory: 1317376K Free: 276626K (21%)
----------------- Invoking toplevel() on ptolemy.moml.MoMLSimpleApplication@659bd782
----------------- Done invoking toplevel() on ptolemy.moml.MoMLSimpleApplication@659bd782
reloadAllAccessors: .arrayType20

===========================================================================================
----------------- testing Wed Jun 06 21:17:08 UTC 2018 /home/travis/build/icyphy/ptII/ptolemy/actor/lib/test/auto/arrayType21.xml
----------------- Instantiating /home/travis/build/icyphy/ptII/ptolemy/actor/lib/test/auto/arrayType21.xml
1 ms. Memory: 1317376K Free: 261494K (20%)
----------------- Invoking toplevel() on ptolemy.moml.MoMLSimpleApplication@49b0abc0
----------------- Done invoking toplevel() on ptolemy.moml.MoMLSimpleApplication@49b0abc0
reloadAllAccessors: .arrayType21

===========================================================================================
----------------- testing Wed Jun 06 21:17:09 UTC 2018 /home/travis/build/icyphy/ptII/ptolemy/actor/lib/test/auto/arrayType22.xml
----------------- Instantiating /home/travis/build/icyphy/ptII/ptolemy/actor/lib/test/auto/arrayType22.xml
1 ms. Memory: 1317376K Free: 246362K (19%)
----------------- Invoking toplevel() on ptolemy.moml.MoMLSimpleApplication@9a9048c
----------------- Done invoking toplevel() on ptolemy.moml.MoMLSimpleApplication@9a9048c
reloadAllAccessors: .arrayType22

===========================================================================================
----------------- testing Wed Jun 06 21:17:09 UTC 2018 /home/travis/build/icyphy/ptII/ptolemy/actor/lib/test/auto/arrayType23.xml
----------------- Instantiating /home/travis/build/icyphy/ptII/ptolemy/actor/lib/test/auto/arrayType23.xml
3 ms. Memory: 1317376K Free: 234361K (18%)
----------------- Invoking toplevel() on ptolemy.moml.MoMLSimpleApplication@11a8c5f8
----------------- Done invoking toplevel() on ptolemy.moml.MoMLSimpleApplication@11a8c5f8
reloadAllAccessors: .arrayType23

===========================================================================================
----------------- testing Wed Jun 06 21:17:09 UTC 2018 /home/travis/build/icyphy/ptII/ptolemy/actor/lib/test/auto/arrayType24.xml
----------------- Instantiating /home/travis/build/icyphy/ptII/ptolemy/actor/lib/test/auto/arrayType24.xml
2 ms. Memory: 1317376K Free: 219229K (17%)
----------------- Invoking toplevel() on ptolemy.moml.MoMLSimpleApplication@49a5bfb0
----------------- Done invoking toplevel() on ptolemy.moml.MoMLSimpleApplication@49a5bfb0
reloadAllAccessors: .arrayType24

===========================================================================================
----------------- testing Wed Jun 06 21:17:09 UTC 2018 /home/travis/build/icyphy/ptII/ptolemy/actor/lib/test/auto/arrayType25.xml
----------------- Instantiating /home/travis/build/icyphy/ptII/ptolemy/actor/lib/test/auto/arrayType25.xml
2 ms. Memory: 1317376K Free: 204097K (15%)
----------------- Invoking toplevel() on ptolemy.moml.MoMLSimpleApplication@308d13ea
----------------- Done invoking toplevel() on ptolemy.moml.MoMLSimpleApplication@308d13ea
reloadAllAccessors: .arrayType25

===========================================================================================
----------------- testing Wed Jun 06 21:17:09 UTC 2018 /home/travis/build/icyphy/ptII/ptolemy/actor/lib/test/auto/arrayType26.xml
----------------- Instantiating /home/travis/build/icyphy/ptII/ptolemy/actor/lib/test/auto/arrayType26.xml
1 ms. Memory: 1317376K Free: 188965K (14%)
----------------- Invoking toplevel() on ptolemy.moml.MoMLSimpleApplication@5873a2e4
----------------- Done invoking toplevel() on ptolemy.moml.MoMLSimpleApplication@5873a2e4
reloadAllAccessors: .arrayType26

===========================================================================================
----------------- testing Wed Jun 06 21:17:09 UTC 2018 /home/travis/build/icyphy/ptII/ptolemy/actor/lib/test/auto/arrayType27.xml
----------------- Instantiating /home/travis/build/icyphy/ptII/ptolemy/actor/lib/test/auto/arrayType27.xml
1 ms. Memory: 1317376K Free: 173834K (13%)
----------------- Invoking toplevel() on ptolemy.moml.MoMLSimpleApplication@7e378e9e
----------------- Done invoking toplevel() on ptolemy.moml.MoMLSimpleApplication@7e378e9e
reloadAllAccessors: .arrayType27

===========================================================================================
----------------- testing Wed Jun 06 21:17:09 UTC 2018 /home/travis/build/icyphy/ptII/ptolemy/actor/lib/test/auto/arrayType28.xml
----------------- Instantiating /home/travis/build/icyphy/ptII/ptolemy/actor/lib/test/auto/arrayType28.xml
1 ms. Memory: 1317376K Free: 158702K (12%)
----------------- Invoking toplevel() on ptolemy.moml.MoMLSimpleApplication@321f5fd2
----------------- Done invoking toplevel() on ptolemy.moml.MoMLSimpleApplication@321f5fd2
reloadAllAccessors: .arrayType28

===========================================================================================
----------------- testing Wed Jun 06 21:17:09 UTC 2018 /home/travis/build/icyphy/ptII/ptolemy/actor/lib/test/auto/arrayType3.xml
----------------- Instantiating /home/travis/build/icyphy/ptII/ptolemy/actor/lib/test/auto/arrayType3.xml
1 ms. Memory: 1317376K Free: 143570K (11%)
----------------- Invoking toplevel() on ptolemy.moml.MoMLSimpleApplication@7f9f7133
----------------- Done invoking toplevel() on ptolemy.moml.MoMLSimpleApplication@7f9f7133
reloadAllAccessors: .arrayType3

===========================================================================================
----------------- testing Wed Jun 06 21:17:09 UTC 2018 /home/travis/build/icyphy/ptII/ptolemy/actor/lib/test/auto/arrayType4.xml
----------------- Instantiating /home/travis/build/icyphy/ptII/ptolemy/actor/lib/test/auto/arrayType4.xml
1 ms. Memory: 1317376K Free: 131569K (10%)
----------------- Invoking toplevel() on ptolemy.moml.MoMLSimpleApplication@65fd9244
----------------- Done invoking toplevel() on ptolemy.moml.MoMLSimpleApplication@65fd9244
reloadAllAccessors: .arrayType4

===========================================================================================
----------------- testing Wed Jun 06 21:17:09 UTC 2018 /home/travis/build/icyphy/ptII/ptolemy/actor/lib/test/auto/arrayType5.xml
----------------- Instantiating /home/travis/build/icyphy/ptII/ptolemy/actor/lib/test/auto/arrayType5.xml
3 ms. Memory: 1317376K Free: 116437K (9%)
----------------- Invoking toplevel() on ptolemy.moml.MoMLSimpleApplication@180a7c00
----------------- Done invoking toplevel() on ptolemy.moml.MoMLSimpleApplication@180a7c00
reloadAllAccessors: .arrayType5

===========================================================================================
----------------- testing Wed Jun 06 21:17:09 UTC 2018 /home/travis/build/icyphy/ptII/ptolemy/actor/lib/test/auto/arrayType6.xml
----------------- Instantiating /home/travis/build/icyphy/ptII/ptolemy/actor/lib/test/auto/arrayType6.xml
1 ms. Memory: 1317376K Free: 101305K (8%)
----------------- Invoking toplevel() on ptolemy.moml.MoMLSimpleApplication@22e60cd3
----------------- Done invoking toplevel() on ptolemy.moml.MoMLSimpleApplication@22e60cd3
reloadAllAccessors: .arrayType6

===========================================================================================
----------------- testing Wed Jun 06 21:17:09 UTC 2018 /home/travis/build/icyphy/ptII/ptolemy/actor/lib/test/auto/arrayType7.xml
----------------- Instantiating /home/travis/build/icyphy/ptII/ptolemy/actor/lib/test/auto/arrayType7.xml
1 ms. Memory: 1317376K Free: 86173K (7%)
----------------- Invoking toplevel() on ptolemy.moml.MoMLSimpleApplication@3a48c296
----------------- Done invoking toplevel() on ptolemy.moml.MoMLSimpleApplication@3a48c296
reloadAllAccessors: .arrayType7

===========================================================================================
----------------- testing Wed Jun 06 21:17:09 UTC 2018 /home/travis/build/icyphy/ptII/ptolemy/actor/lib/test/auto/arrayType8.xml
----------------- Instantiating /home/travis/build/icyphy/ptII/ptolemy/actor/lib/test/auto/arrayType8.xml
2 ms. Memory: 1317376K Free: 76308K (6%)
----------------- Invoking toplevel() on ptolemy.moml.MoMLSimpleApplication@5eca8a15
----------------- Done invoking toplevel() on ptolemy.moml.MoMLSimpleApplication@5eca8a15
reloadAllAccessors: .arrayType8

===========================================================================================
----------------- testing Wed Jun 06 21:17:09 UTC 2018 /home/travis/build/icyphy/ptII/ptolemy/actor/lib/test/auto/arrayType9.xml
----------------- Instantiating /home/travis/build/icyphy/ptII/ptolemy/actor/lib/test/auto/arrayType9.xml
1 ms. Memory: 1362432K Free: 1292514K (95%)
----------------- Invoking toplevel() on ptolemy.moml.MoMLSimpleApplication@28a35aca
----------------- Done invoking toplevel() on ptolemy.moml.MoMLSimpleApplication@28a35aca
reloadAllAccessors: .arrayType9

===========================================================================================
----------------- testing Wed Jun 06 21:17:09 UTC 2018 /home/travis/build/icyphy/ptII/ptolemy/actor/lib/test/auto/cast.xml
----------------- Instantiating /home/travis/build/icyphy/ptII/ptolemy/actor/lib/test/auto/cast.xml
2 ms. Memory: 1362432K Free: 1279995K (94%)
----------------- Invoking toplevel() on ptolemy.moml.MoMLSimpleApplication@33d1a008
----------------- Done invoking toplevel() on ptolemy.moml.MoMLSimpleApplication@33d1a008
reloadAllAccessors: .cast

===========================================================================================
----------------- testing Wed Jun 06 21:17:09 UTC 2018 /home/travis/build/icyphy/ptII/ptolemy/actor/lib/test/auto/compositeMultiPort.xml
----------------- Instantiating /home/travis/build/icyphy/ptII/ptolemy/actor/lib/test/auto/compositeMultiPort.xml
4 ms. Memory: 1362432K Free: 1263891K (93%)
----------------- Invoking toplevel() on ptolemy.moml.MoMLSimpleApplication@37ac7147
----------------- Done invoking toplevel() on ptolemy.moml.MoMLSimpleApplication@37ac7147
reloadAllAccessors: .compositeMultiPort

===========================================================================================
----------------- testing Wed Jun 06 21:17:09 UTC 2018 /home/travis/build/icyphy/ptII/ptolemy/actor/lib/test/auto/expressionCastInference.xml
----------------- Instantiating /home/travis/build/icyphy/ptII/ptolemy/actor/lib/test/auto/expressionCastInference.xml
3 ms. Memory: 1362432K Free: 1247786K (92%)
----------------- Invoking toplevel() on ptolemy.moml.MoMLSimpleApplication@22ad8434
----------------- Done invoking toplevel() on ptolemy.moml.MoMLSimpleApplication@22ad8434
reloadAllAccessors: .expressionCastInference

===========================================================================================
----------------- testing Wed Jun 06 21:17:09 UTC 2018 /home/travis/build/icyphy/ptII/ptolemy/actor/lib/test/auto/expressionCastInference2.xml
----------------- Instantiating /home/travis/build/icyphy/ptII/ptolemy/actor/lib/test/auto/expressionCastInference2.xml
1 ms. Memory: 1362432K Free: 1231682K (90%)
----------------- Invoking toplevel() on ptolemy.moml.MoMLSimpleApplication@4da5ffb9
----------------- Done invoking toplevel() on ptolemy.moml.MoMLSimpleApplication@4da5ffb9
reloadAllAccessors: .expressionCastInference2

===========================================================================================
----------------- testing Wed Jun 06 21:17:09 UTC 2018 /home/travis/build/icyphy/ptII/ptolemy/actor/lib/test/auto/expressionInference.xml
----------------- Instantiating /home/travis/build/icyphy/ptII/ptolemy/actor/lib/test/auto/expressionInference.xml
1 ms. Memory: 1362432K Free: 1219164K (89%)
----------------- Invoking toplevel() on ptolemy.moml.MoMLSimpleApplication@9d35c44
----------------- Done invoking toplevel() on ptolemy.moml.MoMLSimpleApplication@9d35c44
reloadAllAccessors: .expressionInference

===========================================================================================
----------------- testing Wed Jun 06 21:17:09 UTC 2018 /home/travis/build/icyphy/ptII/ptolemy/actor/lib/test/auto/expression_bug.xml
----------------- Instantiating /home/travis/build/icyphy/ptII/ptolemy/actor/lib/test/auto/expression_bug.xml
1 ms. Memory: 1362432K Free: 1203059K (88%)
----------------- Invoking toplevel() on ptolemy.moml.MoMLSimpleApplication@6d3b81d
----------------- Done invoking toplevel() on ptolemy.moml.MoMLSimpleApplication@6d3b81d
reloadAllAccessors: .expression_bug

===========================================================================================
----------------- testing Wed Jun 06 21:17:09 UTC 2018 /home/travis/build/icyphy/ptII/ptolemy/actor/lib/test/auto/factorial.xml
----------------- Instantiating /home/travis/build/icyphy/ptII/ptolemy/actor/lib/test/auto/factorial.xml
39 ms. Memory: 1362432K Free: 1186955K (87%)
----------------- Invoking toplevel() on ptolemy.moml.MoMLSimpleApplication@339a510a
----------------- Done invoking toplevel() on ptolemy.moml.MoMLSimpleApplication@339a510a
reloadAllAccessors: .factorial

===========================================================================================
----------------- testing Wed Jun 06 21:17:09 UTC 2018 /home/travis/build/icyphy/ptII/ptolemy/actor/lib/test/auto/filterTest1.xml
----------------- Instantiating /home/travis/build/icyphy/ptII/ptolemy/actor/lib/test/auto/filterTest1.xml
2 ms. Memory: 1362432K Free: 1170851K (86%)
----------------- Invoking toplevel() on ptolemy.moml.MoMLSimpleApplication@cdde6f0
----------------- Done invoking toplevel() on ptolemy.moml.MoMLSimpleApplication@cdde6f0
reloadAllAccessors: .filterTest1

===========================================================================================
----------------- testing Wed Jun 06 21:17:09 UTC 2018 /home/travis/build/icyphy/ptII/ptolemy/actor/lib/test/auto/funcApplyInConst.xml
----------------- Instantiating /home/travis/build/icyphy/ptII/ptolemy/actor/lib/test/auto/funcApplyInConst.xml
1 ms. Memory: 1362432K Free: 1158332K (85%)
----------------- Invoking toplevel() on ptolemy.moml.MoMLSimpleApplication@2c47de73
----------------- Done invoking toplevel() on ptolemy.moml.MoMLSimpleApplication@2c47de73
reloadAllAccessors: .funcApplyInConst

===========================================================================================
----------------- testing Wed Jun 06 21:17:09 UTC 2018 /home/travis/build/icyphy/ptII/ptolemy/actor/lib/test/auto/funcApplyInExpr.xml
----------------- Instantiating /home/travis/build/icyphy/ptII/ptolemy/actor/lib/test/auto/funcApplyInExpr.xml
1 ms. Memory: 1362432K Free: 1142228K (84%)
----------------- Invoking toplevel() on ptolemy.moml.MoMLSimpleApplication@260c37ab
----------------- Done invoking toplevel() on ptolemy.moml.MoMLSimpleApplication@260c37ab
reloadAllAccessors: .funcApplyInExpr

===========================================================================================
----------------- testing Wed Jun 06 21:17:09 UTC 2018 /home/travis/build/icyphy/ptII/ptolemy/actor/lib/test/auto/function.xml
----------------- Instantiating /home/travis/build/icyphy/ptII/ptolemy/actor/lib/test/auto/function.xml
2 ms. Memory: 1362432K Free: 1126123K (83%)
----------------- Invoking toplevel() on ptolemy.moml.MoMLSimpleApplication@3ade1488
----------------- Done invoking toplevel() on ptolemy.moml.MoMLSimpleApplication@3ade1488
reloadAllAccessors: .function

===========================================================================================
----------------- testing Wed Jun 06 21:17:09 UTC 2018 /home/travis/build/icyphy/ptII/ptolemy/actor/lib/test/auto/function2.xml
----------------- Instantiating /home/travis/build/icyphy/ptII/ptolemy/actor/lib/test/auto/function2.xml
1 ms. Memory: 1362432K Free: 1110019K (81%)
----------------- Invoking toplevel() on ptolemy.moml.MoMLSimpleApplication@e779c8b
----------------- Done invoking toplevel() on ptolemy.moml.MoMLSimpleApplication@e779c8b
reloadAllAccessors: .function2

===========================================================================================
----------------- testing Wed Jun 06 21:17:09 UTC 2018 /home/travis/build/icyphy/ptII/ptolemy/actor/lib/test/auto/function3.xml
----------------- Instantiating /home/travis/build/icyphy/ptII/ptolemy/actor/lib/test/auto/function3.xml
1 ms. Memory: 1362432K Free: 1097501K (81%)
----------------- Invoking toplevel() on ptolemy.moml.MoMLSimpleApplication@4766a345
----------------- Done invoking toplevel() on ptolemy.moml.MoMLSimpleApplication@4766a345
reloadAllAccessors: .function3

===========================================================================================
----------------- testing Wed Jun 06 21:17:09 UTC 2018 /home/travis/build/icyphy/ptII/ptolemy/actor/lib/test/auto/functionClosureTest1.xml
----------------- Instantiating /home/travis/build/icyphy/ptII/ptolemy/actor/lib/test/auto/functionClosureTest1.xml
4 ms. Memory: 1362432K Free: 1081396K (79%)
----------------- Invoking toplevel() on ptolemy.moml.MoMLSimpleApplication@36e2fe79
----------------- Done invoking toplevel() on ptolemy.moml.MoMLSimpleApplication@36e2fe79
reloadAllAccessors: .functionClosureTest1

===========================================================================================
----------------- testing Wed Jun 06 21:17:09 UTC 2018 /home/travis/build/icyphy/ptII/ptolemy/actor/lib/test/auto/functionClosureTest2.xml
----------------- Instantiating /home/travis/build/icyphy/ptII/ptolemy/actor/lib/test/auto/functionClosureTest2.xml
1 ms. Memory: 1362432K Free: 1065292K (78%)
----------------- Invoking toplevel() on ptolemy.moml.MoMLSimpleApplication@2d7a92e7
----------------- Done invoking toplevel() on ptolemy.moml.MoMLSimpleApplication@2d7a92e7
reloadAllAccessors: .functionClosureTest2

===========================================================================================
----------------- testing Wed Jun 06 21:17:09 UTC 2018 /home/travis/build/icyphy/ptII/ptolemy/actor/lib/test/auto/functionClosureTest3.xml
----------------- Instantiating /home/travis/build/icyphy/ptII/ptolemy/actor/lib/test/auto/functionClosureTest3.xml
2 ms. Memory: 1362432K Free: 1049187K (77%)
----------------- Invoking toplevel() on ptolemy.moml.MoMLSimpleApplication@6410f952
----------------- Done invoking toplevel() on ptolemy.moml.MoMLSimpleApplication@6410f952
reloadAllAccessors: .functionClosureTest3

===========================================================================================
----------------- testing Wed Jun 06 21:17:09 UTC 2018 /home/travis/build/icyphy/ptII/ptolemy/actor/lib/test/auto/functionClosureTest4.xml
----------------- Instantiating /home/travis/build/icyphy/ptII/ptolemy/actor/lib/test/auto/functionClosureTest4.xml
4 ms. Memory: 1362432K Free: 1033083K (76%)
----------------- Invoking toplevel() on ptolemy.moml.MoMLSimpleApplication@623b8602
----------------- Done invoking toplevel() on ptolemy.moml.MoMLSimpleApplication@623b8602
reloadAllAccessors: .functionClosureTest4

===========================================================================================
----------------- testing Wed Jun 06 21:17:09 UTC 2018 /home/travis/build/icyphy/ptII/ptolemy/actor/lib/test/auto/functionClosureTest5.xml
----------------- Instantiating /home/travis/build/icyphy/ptII/ptolemy/actor/lib/test/auto/functionClosureTest5.xml
3 ms. Memory: 1362432K Free: 1020565K (75%)
----------------- Invoking toplevel() on ptolemy.moml.MoMLSimpleApplication@9dbed7f
----------------- Done invoking toplevel() on ptolemy.moml.MoMLSimpleApplication@9dbed7f
reloadAllAccessors: .functionClosureTest5

===========================================================================================
----------------- testing Wed Jun 06 21:17:09 UTC 2018 /home/travis/build/icyphy/ptII/ptolemy/actor/lib/test/auto/functionClosureTest6.xml
----------------- Instantiating /home/travis/build/icyphy/ptII/ptolemy/actor/lib/test/auto/functionClosureTest6.xml
2 ms. Memory: 1362432K Free: 1004461K (74%)
----------------- Invoking toplevel() on ptolemy.moml.MoMLSimpleApplication@2eb3e1ac
----------------- Done invoking toplevel() on ptolemy.moml.MoMLSimpleApplication@2eb3e1ac
reloadAllAccessors: .functionClosureTest6

===========================================================================================
----------------- testing Wed Jun 06 21:17:09 UTC 2018 /home/travis/build/icyphy/ptII/ptolemy/actor/lib/test/auto/functionsOnArcs.xml
----------------- Instantiating /home/travis/build/icyphy/ptII/ptolemy/actor/lib/test/auto/functionsOnArcs.xml
2 ms. Memory: 1362432K Free: 988356K (73%)
----------------- Invoking toplevel() on ptolemy.moml.MoMLSimpleApplication@560571b
----------------- Done invoking toplevel() on ptolemy.moml.MoMLSimpleApplication@560571b
reloadAllAccessors: .functionsOnArcs

===========================================================================================
----------------- testing Wed Jun 06 21:17:09 UTC 2018 /home/travis/build/icyphy/ptII/ptolemy/actor/lib/test/auto/functionsOnArcsHOF.xml
----------------- Instantiating /home/travis/build/icyphy/ptII/ptolemy/actor/lib/test/auto/functionsOnArcsHOF.xml
6 ms. Memory: 1362432K Free: 972252K (71%)
----------------- Invoking toplevel() on ptolemy.moml.MoMLSimpleApplication@c6afa1e
----------------- Done invoking toplevel() on ptolemy.moml.MoMLSimpleApplication@c6afa1e
reloadAllAccessors: .functionsOnArcsHOF

===========================================================================================
----------------- testing Wed Jun 06 21:17:09 UTC 2018 /home/travis/build/icyphy/ptII/ptolemy/actor/lib/test/auto/logic.xml
----------------- Instantiating /home/travis/build/icyphy/ptII/ptolemy/actor/lib/test/auto/logic.xml
2 ms. Memory: 1362432K Free: 959733K (70%)
----------------- Invoking toplevel() on ptolemy.moml.MoMLSimpleApplication@1127f0f1
----------------- Done invoking toplevel() on ptolemy.moml.MoMLSimpleApplication@1127f0f1
reloadAllAccessors: .logic

===========================================================================================
----------------- testing Wed Jun 06 21:17:09 UTC 2018 /home/travis/build/icyphy/ptII/ptolemy/actor/lib/test/auto/matrixType.xml
----------------- Instantiating /home/travis/build/icyphy/ptII/ptolemy/actor/lib/test/auto/matrixType.xml
1 ms. Memory: 1362432K Free: 943629K (69%)
----------------- Invoking toplevel() on ptolemy.moml.MoMLSimpleApplication@1e744897
----------------- Done invoking toplevel() on ptolemy.moml.MoMLSimpleApplication@1e744897
reloadAllAccessors: .matrixType

===========================================================================================
----------------- testing Wed Jun 06 21:17:09 UTC 2018 /home/travis/build/icyphy/ptII/ptolemy/actor/lib/test/auto/matrixType10.xml
----------------- Instantiating /home/travis/build/icyphy/ptII/ptolemy/actor/lib/test/auto/matrixType10.xml
2 ms. Memory: 1362432K Free: 927525K (68%)
----------------- Invoking toplevel() on ptolemy.moml.MoMLSimpleApplication@1f3ce748
----------------- Done invoking toplevel() on ptolemy.moml.MoMLSimpleApplication@1f3ce748
reloadAllAccessors: .matrixType10

===========================================================================================
----------------- testing Wed Jun 06 21:17:09 UTC 2018 /home/travis/build/icyphy/ptII/ptolemy/actor/lib/test/auto/matrixType11.xml
----------------- Instantiating /home/travis/build/icyphy/ptII/ptolemy/actor/lib/test/auto/matrixType11.xml
1 ms. Memory: 1362432K Free: 911420K (67%)
----------------- Invoking toplevel() on ptolemy.moml.MoMLSimpleApplication@33165da
----------------- Done invoking toplevel() on ptolemy.moml.MoMLSimpleApplication@33165da
reloadAllAccessors: .matrixType11

===========================================================================================
----------------- testing Wed Jun 06 21:17:09 UTC 2018 /home/travis/build/icyphy/ptII/ptolemy/actor/lib/test/auto/matrixType12.xml
----------------- Instantiating /home/travis/build/icyphy/ptII/ptolemy/actor/lib/test/auto/matrixType12.xml
1 ms. Memory: 1362432K Free: 898902K (66%)
----------------- Invoking toplevel() on ptolemy.moml.MoMLSimpleApplication@64acdebe
----------------- Done invoking toplevel() on ptolemy.moml.MoMLSimpleApplication@64acdebe
reloadAllAccessors: .matrixType12

===========================================================================================
----------------- testing Wed Jun 06 21:17:09 UTC 2018 /home/travis/build/icyphy/ptII/ptolemy/actor/lib/test/auto/matrixType13.xml
----------------- Instantiating /home/travis/build/icyphy/ptII/ptolemy/actor/lib/test/auto/matrixType13.xml
1 ms. Memory: 1362432K Free: 882797K (65%)
----------------- Invoking toplevel() on ptolemy.moml.MoMLSimpleApplication@3b6dc083
----------------- Done invoking toplevel() on ptolemy.moml.MoMLSimpleApplication@3b6dc083
reloadAllAccessors: .matrixType13

===========================================================================================
----------------- testing Wed Jun 06 21:17:09 UTC 2018 /home/travis/build/icyphy/ptII/ptolemy/actor/lib/test/auto/matrixType14.xml
----------------- Instantiating /home/travis/build/icyphy/ptII/ptolemy/actor/lib/test/auto/matrixType14.xml
1 ms. Memory: 1362432K Free: 866693K (64%)
----------------- Invoking toplevel() on ptolemy.moml.MoMLSimpleApplication@34d27f71
----------------- Done invoking toplevel() on ptolemy.moml.MoMLSimpleApplication@34d27f71
reloadAllAccessors: .matrixType14

===========================================================================================
----------------- testing Wed Jun 06 21:17:09 UTC 2018 /home/travis/build/icyphy/ptII/ptolemy/actor/lib/test/auto/matrixType2.xml
----------------- Instantiating /home/travis/build/icyphy/ptII/ptolemy/actor/lib/test/auto/matrixType2.xml
4 ms. Memory: 1362432K Free: 850589K (62%)
----------------- Invoking toplevel() on ptolemy.moml.MoMLSimpleApplication@1181b29e
----------------- Done invoking toplevel() on ptolemy.moml.MoMLSimpleApplication@1181b29e
reloadAllAccessors: .matrixType2

===========================================================================================
----------------- testing Wed Jun 06 21:17:09 UTC 2018 /home/travis/build/icyphy/ptII/ptolemy/actor/lib/test/auto/matrixType3.xml
----------------- Instantiating /home/travis/build/icyphy/ptII/ptolemy/actor/lib/test/auto/matrixType3.xml
1 ms. Memory: 1362432K Free: 838070K (62%)
----------------- Invoking toplevel() on ptolemy.moml.MoMLSimpleApplication@15010e25
----------------- Done invoking toplevel() on ptolemy.moml.MoMLSimpleApplication@15010e25
reloadAllAccessors: .matrixType3

===========================================================================================
----------------- testing Wed Jun 06 21:17:09 UTC 2018 /home/travis/build/icyphy/ptII/ptolemy/actor/lib/test/auto/matrixType4.xml
----------------- Instantiating /home/travis/build/icyphy/ptII/ptolemy/actor/lib/test/auto/matrixType4.xml
1 ms. Memory: 1362432K Free: 821966K (60%)
----------------- Invoking toplevel() on ptolemy.moml.MoMLSimpleApplication@6ba32ec9
----------------- Done invoking toplevel() on ptolemy.moml.MoMLSimpleApplication@6ba32ec9
reloadAllAccessors: .matrixType4

===========================================================================================
----------------- testing Wed Jun 06 21:17:09 UTC 2018 /home/travis/build/icyphy/ptII/ptolemy/actor/lib/test/auto/matrixType5.xml
----------------- Instantiating /home/travis/build/icyphy/ptII/ptolemy/actor/lib/test/auto/matrixType5.xml
2 ms. Memory: 1362432K Free: 805861K (59%)
----------------- Invoking toplevel() on ptolemy.moml.MoMLSimpleApplication@3bbfc9b7
----------------- Done invoking toplevel() on ptolemy.moml.MoMLSimpleApplication@3bbfc9b7
reloadAllAccessors: .matrixType5

===========================================================================================
----------------- testing Wed Jun 06 21:17:09 UTC 2018 /home/travis/build/icyphy/ptII/ptolemy/actor/lib/test/auto/matrixType6.xml
----------------- Instantiating /home/travis/build/icyphy/ptII/ptolemy/actor/lib/test/auto/matrixType6.xml
1 ms. Memory: 1362432K Free: 789757K (58%)
----------------- Invoking toplevel() on ptolemy.moml.MoMLSimpleApplication@564fb20a
----------------- Done invoking toplevel() on ptolemy.moml.MoMLSimpleApplication@564fb20a
reloadAllAccessors: .matrixType6

===========================================================================================
----------------- testing Wed Jun 06 21:17:09 UTC 2018 /home/travis/build/icyphy/ptII/ptolemy/actor/lib/test/auto/matrixType7.xml
----------------- Instantiating /home/travis/build/icyphy/ptII/ptolemy/actor/lib/test/auto/matrixType7.xml
2 ms. Memory: 1362432K Free: 777239K (57%)
----------------- Invoking toplevel() on ptolemy.moml.MoMLSimpleApplication@5815f1da
----------------- Done invoking toplevel() on ptolemy.moml.MoMLSimpleApplication@5815f1da
reloadAllAccessors: .matrixType7

===========================================================================================
----------------- testing Wed Jun 06 21:17:09 UTC 2018 /home/travis/build/icyphy/ptII/ptolemy/actor/lib/test/auto/matrixType8.xml
----------------- Instantiating /home/travis/build/icyphy/ptII/ptolemy/actor/lib/test/auto/matrixType8.xml
1 ms. Memory: 1362432K Free: 761134K (56%)
----------------- Invoking toplevel() on ptolemy.moml.MoMLSimpleApplication@681aa6d5
----------------- Done invoking toplevel() on ptolemy.moml.MoMLSimpleApplication@681aa6d5
reloadAllAccessors: .matrixType8

===========================================================================================
----------------- testing Wed Jun 06 21:17:09 UTC 2018 /home/travis/build/icyphy/ptII/ptolemy/actor/lib/test/auto/matrixType9.xml
----------------- Instantiating /home/travis/build/icyphy/ptII/ptolemy/actor/lib/test/auto/matrixType9.xml
1 ms. Memory: 1362432K Free: 745030K (55%)
----------------- Invoking toplevel() on ptolemy.moml.MoMLSimpleApplication@65a6db4b
----------------- Done invoking toplevel() on ptolemy.moml.MoMLSimpleApplication@65a6db4b
reloadAllAccessors: .matrixType9

===========================================================================================
----------------- testing Wed Jun 06 21:17:09 UTC 2018 /home/travis/build/icyphy/ptII/ptolemy/actor/lib/test/auto/paraFunctest.xml
----------------- Instantiating /home/travis/build/icyphy/ptII/ptolemy/actor/lib/test/auto/paraFunctest.xml
1 ms. Memory: 1362432K Free: 728925K (54%)
----------------- Invoking toplevel() on ptolemy.moml.MoMLSimpleApplication@577359fd
----------------- Done invoking toplevel() on ptolemy.moml.MoMLSimpleApplication@577359fd
reloadAllAccessors: .paraFunctest

===========================================================================================
----------------- testing Wed Jun 06 21:17:09 UTC 2018 /home/travis/build/icyphy/ptII/ptolemy/actor/lib/test/auto/paraFunctest2.xml
----------------- Instantiating /home/travis/build/icyphy/ptII/ptolemy/actor/lib/test/auto/paraFunctest2.xml
1 ms. Memory: 1362432K Free: 716407K (53%)
----------------- Invoking toplevel() on ptolemy.moml.MoMLSimpleApplication@1d248653
----------------- Done invoking toplevel() on ptolemy.moml.MoMLSimpleApplication@1d248653
reloadAllAccessors: .paraFunctest2

===========================================================================================
----------------- testing Wed Jun 06 21:17:09 UTC 2018 /home/travis/build/icyphy/ptII/ptolemy/actor/lib/test/auto/parameterPassing.xml
----------------- Instantiating /home/travis/build/icyphy/ptII/ptolemy/actor/lib/test/auto/parameterPassing.xml
1 ms. Memory: 1362432K Free: 700303K (51%)
----------------- Invoking toplevel() on ptolemy.moml.MoMLSimpleApplication@49db9e04
----------------- Done invoking toplevel() on ptolemy.moml.MoMLSimpleApplication@49db9e04
reloadAllAccessors: .parameterPassing

===========================================================================================
----------------- testing Wed Jun 06 21:17:09 UTC 2018 /home/travis/build/icyphy/ptII/ptolemy/actor/lib/test/auto/record.xml
----------------- Instantiating /home/travis/build/icyphy/ptII/ptolemy/actor/lib/test/auto/record.xml
1 ms. Memory: 1362432K Free: 684198K (50%)
----------------- Invoking toplevel() on ptolemy.moml.MoMLSimpleApplication@1bb194bc
----------------- Done invoking toplevel() on ptolemy.moml.MoMLSimpleApplication@1bb194bc
reloadAllAccessors: .record

===========================================================================================
----------------- testing Wed Jun 06 21:17:09 UTC 2018 /home/travis/build/icyphy/ptII/ptolemy/actor/lib/test/auto/sizedarray1.xml
----------------- Instantiating /home/travis/build/icyphy/ptII/ptolemy/actor/lib/test/auto/sizedarray1.xml
2 ms. Memory: 1362432K Free: 668094K (49%)
----------------- Invoking toplevel() on ptolemy.moml.MoMLSimpleApplication@4ed0ea8
----------------- Done invoking toplevel() on ptolemy.moml.MoMLSimpleApplication@4ed0ea8
reloadAllAccessors: .sizedarray1

===========================================================================================
----------------- testing Wed Jun 06 21:17:09 UTC 2018 /home/travis/build/icyphy/ptII/ptolemy/actor/lib/test/auto/sizedarray2.xml
----------------- Instantiating /home/travis/build/icyphy/ptII/ptolemy/actor/lib/test/auto/sizedarray2.xml
1 ms. Memory: 1362432K Free: 651990K (48%)
----------------- Invoking toplevel() on ptolemy.moml.MoMLSimpleApplication@1d56fe03
----------------- Done invoking toplevel() on ptolemy.moml.MoMLSimpleApplication@1d56fe03
reloadAllAccessors: .sizedarray2

===========================================================================================
----------------- testing Wed Jun 06 21:17:09 UTC 2018 /home/travis/build/icyphy/ptII/ptolemy/actor/lib/test/auto/twoPublishers.xml
----------------- Instantiating /home/travis/build/icyphy/ptII/ptolemy/actor/lib/test/auto/twoPublishers.xml
2 ms. Memory: 1362432K Free: 633196K (46%)
----------------- Invoking toplevel() on ptolemy.moml.MoMLSimpleApplication@3472fef6
----------------- Done invoking toplevel() on ptolemy.moml.MoMLSimpleApplication@3472fef6
reloadAllAccessors: .twoPublishers
AutoTests.java: About to close Vertx.
AutoTests.java: Vertx closed.
]]></system-out>
  <system-err><![CDATA[java.lang.RuntimeException: Execution failed
	at ptolemy.moml.MoMLSimpleApplication$UnloadThread.run(MoMLSimpleApplication.java:402)
Caused by: java.lang.RuntimeException: Normally, we would exit here because Manager.exitAfterWrapup() was called.  However, because the ptolemy.ptII.exitAfterWrapup property is set, we throw this exception instead.
	at ptolemy.util.StringUtilities.exit(StringUtilities.java:365)
	at ptolemy.actor.Manager.wrapup(Manager.java:1531)
	at ptolemy.actor.Manager.execute(Manager.java:407)
	at ptolemy.actor.Manager.run(Manager.java:1263)
	at ptolemy.actor.Manager$PtolemyRunThread.run(Manager.java:1915)
Warning: '.top.test' is in training mode, set the trainingMode parameter to false before checking in
Warning: '.top.test' is in training mode, set the trainingMode parameter to false before checking in
Warning: '.top.test' is in training mode, set the trainingMode parameter to false before checking in
Warning: '.BooleanSwitch_RegressionTest_WrongTrainingValues.Test' is in training mode, set the trainingMode parameter to false before checking in
Warning: '.BooleanSwitch_RegressionTest_WrongTrainingValues.Test2' is in training mode, set the trainingMode parameter to false before checking in
Warning: '.BooleanSwitch_RegressionTest_WrongTrainingValues.Test2' The test produced 0 tokens.
Warning: '.top.testExceptionHandler' is in training mode, set the trainingMode parameter to false before checking in
java.lang.RuntimeException: Execution failed
	at ptolemy.moml.MoMLSimpleApplication$UnloadThread.run(MoMLSimpleApplication.java:402)
Caused by: ptolemy.kernel.util.IllegalActionException: PublisherPorts cannot be used at the top level, use a Publisher actor instead.
  in .PublisherPortToplevelSubscriber.PublisherPort
	at ptolemy.actor.PublisherPort.preinitialize(PublisherPort.java:403)
	at ptolemy.actor.CompositeActor.preinitialize(CompositeActor.java:1769)
	at ptolemy.actor.Manager.preinitializeAndResolveTypes(Manager.java:1040)
	at ptolemy.actor.Manager.initialize(Manager.java:710)
	at ptolemy.actor.Manager.execute(Manager.java:356)
	at ptolemy.actor.Manager.run(Manager.java:1263)
	at ptolemy.actor.Manager$PtolemyRunThread.run(Manager.java:1915)
java.lang.reflect.InvocationTargetException
	at sun.reflect.NativeConstructorAccessorImpl.newInstance0(Native Method)
	at sun.reflect.NativeConstructorAccessorImpl.newInstance(NativeConstructorAccessorImpl.java:62)
	at sun.reflect.DelegatingConstructorAccessorImpl.newInstance(DelegatingConstructorAccessorImpl.java:45)
	at java.lang.reflect.Constructor.newInstance(Constructor.java:423)
	at ptolemy.util.test.junit.AutoKnownFailedTests.RunModel(AutoKnownFailedTests.java:107)
	at sun.reflect.NativeMethodAccessorImpl.invoke0(Native Method)
	at sun.reflect.NativeMethodAccessorImpl.invoke(NativeMethodAccessorImpl.java:62)
	at sun.reflect.DelegatingMethodAccessorImpl.invoke(DelegatingMethodAccessorImpl.java:43)
	at java.lang.reflect.Method.invoke(Method.java:498)
	at org.junit.runners.model.FrameworkMethod$1.runReflectiveCall(FrameworkMethod.java:44)
	at org.junit.internal.runners.model.ReflectiveCallable.run(ReflectiveCallable.java:15)
	at org.junit.runners.model.FrameworkMethod.invokeExplosively(FrameworkMethod.java:41)
	at junitparams.internal.InvokeParameterisedMethod.evaluate(InvokeParameterisedMethod.java:102)
	at org.junit.internal.runners.statements.FailOnTimeout$1.run(FailOnTimeout.java:28)
Caused by: ptolemy.kernel.util.IllegalActionException: PublisherPorts cannot be used at the top level, use a Publisher actor instead.
  in .PublisherPortToplevelSubscriber.PublisherPort
	at ptolemy.actor.PublisherPort.preinitialize(PublisherPort.java:403)
	at ptolemy.actor.CompositeActor.preinitialize(CompositeActor.java:1769)
	at ptolemy.actor.Manager.preinitializeAndResolveTypes(Manager.java:1040)
	at ptolemy.actor.Manager.initialize(Manager.java:710)
	at ptolemy.actor.Manager.execute(Manager.java:356)
	at ptolemy.actor.Manager.run(Manager.java:1263)
	at ptolemy.actor.Manager$PtolemyRunThread.run(Manager.java:1915)
java.lang.RuntimeException: Execution failed
	at ptolemy.moml.MoMLSimpleApplication$UnloadThread.run(MoMLSimpleApplication.java:402)
Caused by: ptolemy.kernel.util.IllegalActionException: SubscriberPorts cannot be used at the top level, use a Subscriber actor instead.
  in .PublisherSubscriberPortToplevel.SubscriberPort
	at ptolemy.actor.SubscriberPort.preinitialize(SubscriberPort.java:328)
	at ptolemy.actor.CompositeActor.preinitialize(CompositeActor.java:1769)
	at ptolemy.actor.Manager.preinitializeAndResolveTypes(Manager.java:1040)
	at ptolemy.actor.Manager.initialize(Manager.java:710)
	at ptolemy.actor.Manager.execute(Manager.java:356)
	at ptolemy.actor.Manager.run(Manager.java:1263)
	at ptolemy.actor.Manager$PtolemyRunThread.run(Manager.java:1915)
java.lang.reflect.InvocationTargetException
	at sun.reflect.NativeConstructorAccessorImpl.newInstance0(Native Method)
	at sun.reflect.NativeConstructorAccessorImpl.newInstance(NativeConstructorAccessorImpl.java:62)
	at sun.reflect.DelegatingConstructorAccessorImpl.newInstance(DelegatingConstructorAccessorImpl.java:45)
	at java.lang.reflect.Constructor.newInstance(Constructor.java:423)
	at ptolemy.util.test.junit.AutoKnownFailedTests.RunModel(AutoKnownFailedTests.java:107)
	at sun.reflect.NativeMethodAccessorImpl.invoke0(Native Method)
	at sun.reflect.NativeMethodAccessorImpl.invoke(NativeMethodAccessorImpl.java:62)
	at sun.reflect.DelegatingMethodAccessorImpl.invoke(DelegatingMethodAccessorImpl.java:43)
	at java.lang.reflect.Method.invoke(Method.java:498)
	at org.junit.runners.model.FrameworkMethod$1.runReflectiveCall(FrameworkMethod.java:44)
	at org.junit.internal.runners.model.ReflectiveCallable.run(ReflectiveCallable.java:15)
	at org.junit.runners.model.FrameworkMethod.invokeExplosively(FrameworkMethod.java:41)
	at junitparams.internal.InvokeParameterisedMethod.evaluate(InvokeParameterisedMethod.java:102)
	at org.junit.internal.runners.statements.FailOnTimeout$1.run(FailOnTimeout.java:28)
Caused by: ptolemy.kernel.util.IllegalActionException: SubscriberPorts cannot be used at the top level, use a Subscriber actor instead.
  in .PublisherSubscriberPortToplevel.SubscriberPort
	at ptolemy.actor.SubscriberPort.preinitialize(SubscriberPort.java:328)
	at ptolemy.actor.CompositeActor.preinitialize(CompositeActor.java:1769)
	at ptolemy.actor.Manager.preinitializeAndResolveTypes(Manager.java:1040)
	at ptolemy.actor.Manager.initialize(Manager.java:710)
	at ptolemy.actor.Manager.execute(Manager.java:356)
	at ptolemy.actor.Manager.run(Manager.java:1263)
	at ptolemy.actor.Manager$PtolemyRunThread.run(Manager.java:1915)
java.lang.RuntimeException: Execution failed
	at ptolemy.moml.MoMLSimpleApplication$UnloadThread.run(MoMLSimpleApplication.java:402)
Caused by: ptolemy.kernel.util.IllegalActionException: SubscriptionAggregatorPorts cannot be used at the top level, use a SubscriptionAggregator actor instead.
  in .PublisherSubscriptionAggregatorPort.SubscriptionAggregatorPort
	at ptolemy.actor.SubscriptionAggregatorPort.preinitialize(SubscriptionAggregatorPort.java:353)
	at ptolemy.actor.CompositeActor.preinitialize(CompositeActor.java:1769)
	at ptolemy.actor.Manager.preinitializeAndResolveTypes(Manager.java:1040)
	at ptolemy.actor.Manager.initialize(Manager.java:710)
	at ptolemy.actor.Manager.execute(Manager.java:356)
	at ptolemy.actor.Manager.run(Manager.java:1263)
	at ptolemy.actor.Manager$PtolemyRunThread.run(Manager.java:1915)
java.lang.reflect.InvocationTargetException
	at sun.reflect.NativeConstructorAccessorImpl.newInstance0(Native Method)
	at sun.reflect.NativeConstructorAccessorImpl.newInstance(NativeConstructorAccessorImpl.java:62)
	at sun.reflect.DelegatingConstructorAccessorImpl.newInstance(DelegatingConstructorAccessorImpl.java:45)
	at java.lang.reflect.Constructor.newInstance(Constructor.java:423)
	at ptolemy.util.test.junit.AutoKnownFailedTests.RunModel(AutoKnownFailedTests.java:107)
	at sun.reflect.NativeMethodAccessorImpl.invoke0(Native Method)
	at sun.reflect.NativeMethodAccessorImpl.invoke(NativeMethodAccessorImpl.java:62)
	at sun.reflect.DelegatingMethodAccessorImpl.invoke(DelegatingMethodAccessorImpl.java:43)
	at java.lang.reflect.Method.invoke(Method.java:498)
	at org.junit.runners.model.FrameworkMethod$1.runReflectiveCall(FrameworkMethod.java:44)
	at org.junit.internal.runners.model.ReflectiveCallable.run(ReflectiveCallable.java:15)
	at org.junit.runners.model.FrameworkMethod.invokeExplosively(FrameworkMethod.java:41)
	at junitparams.internal.InvokeParameterisedMethod.evaluate(InvokeParameterisedMethod.java:102)
	at org.junit.internal.runners.statements.FailOnTimeout$1.run(FailOnTimeout.java:28)
Caused by: ptolemy.kernel.util.IllegalActionException: SubscriptionAggregatorPorts cannot be used at the top level, use a SubscriptionAggregator actor instead.
  in .PublisherSubscriptionAggregatorPort.SubscriptionAggregatorPort
	at ptolemy.actor.SubscriptionAggregatorPort.preinitialize(SubscriptionAggregatorPort.java:353)
	at ptolemy.actor.CompositeActor.preinitialize(CompositeActor.java:1769)
	at ptolemy.actor.Manager.preinitializeAndResolveTypes(Manager.java:1040)
	at ptolemy.actor.Manager.initialize(Manager.java:710)
	at ptolemy.actor.Manager.execute(Manager.java:356)
	at ptolemy.actor.Manager.run(Manager.java:1263)
	at ptolemy.actor.Manager$PtolemyRunThread.run(Manager.java:1915)
java.lang.RuntimeException: Execution failed
	at ptolemy.moml.MoMLSimpleApplication$UnloadThread.run(MoMLSimpleApplication.java:402)
Caused by: ptolemy.kernel.util.IllegalActionException: TypeTest actor has no training data.
  in .sizedarray3.TypeTest
	at ptolemy.actor.lib.TypeTest.initialize(TypeTest.java:250)
	at ptolemy.actor.Director.initialize(Director.java:938)
	at ptolemy.actor.Director.initialize(Director.java:907)
	at ptolemy.actor.sched.StaticSchedulingDirector.initialize(StaticSchedulingDirector.java:159)
	at ptolemy.domains.sdf.kernel.SDFDirector.initialize(SDFDirector.java:544)
	at ptolemy.actor.CompositeActor.initialize(CompositeActor.java:935)
	at ptolemy.actor.Manager.initialize(Manager.java:724)
	at ptolemy.actor.Manager.execute(Manager.java:356)
	at ptolemy.actor.Manager.run(Manager.java:1263)
	at ptolemy.actor.Manager$PtolemyRunThread.run(Manager.java:1915)
java.lang.reflect.InvocationTargetException
	at sun.reflect.NativeConstructorAccessorImpl.newInstance0(Native Method)
	at sun.reflect.NativeConstructorAccessorImpl.newInstance(NativeConstructorAccessorImpl.java:62)
	at sun.reflect.DelegatingConstructorAccessorImpl.newInstance(DelegatingConstructorAccessorImpl.java:45)
	at java.lang.reflect.Constructor.newInstance(Constructor.java:423)
	at ptolemy.util.test.junit.AutoKnownFailedTests.RunModel(AutoKnownFailedTests.java:107)
	at sun.reflect.NativeMethodAccessorImpl.invoke0(Native Method)
	at sun.reflect.NativeMethodAccessorImpl.invoke(NativeMethodAccessorImpl.java:62)
	at sun.reflect.DelegatingMethodAccessorImpl.invoke(DelegatingMethodAccessorImpl.java:43)
	at java.lang.reflect.Method.invoke(Method.java:498)
	at org.junit.runners.model.FrameworkMethod$1.runReflectiveCall(FrameworkMethod.java:44)
	at org.junit.internal.runners.model.ReflectiveCallable.run(ReflectiveCallable.java:15)
	at org.junit.runners.model.FrameworkMethod.invokeExplosively(FrameworkMethod.java:41)
	at junitparams.internal.InvokeParameterisedMethod.evaluate(InvokeParameterisedMethod.java:102)
	at org.junit.internal.runners.statements.FailOnTimeout$1.run(FailOnTimeout.java:28)
Caused by: ptolemy.kernel.util.IllegalActionException: TypeTest actor has no training data.
  in .sizedarray3.TypeTest
	at ptolemy.actor.lib.TypeTest.initialize(TypeTest.java:250)
	at ptolemy.actor.Director.initialize(Director.java:938)
	at ptolemy.actor.Director.initialize(Director.java:907)
	at ptolemy.actor.sched.StaticSchedulingDirector.initialize(StaticSchedulingDirector.java:159)
	at ptolemy.domains.sdf.kernel.SDFDirector.initialize(SDFDirector.java:544)
	at ptolemy.actor.CompositeActor.initialize(CompositeActor.java:935)
	at ptolemy.actor.Manager.initialize(Manager.java:724)
	at ptolemy.actor.Manager.execute(Manager.java:356)
	at ptolemy.actor.Manager.run(Manager.java:1263)
	at ptolemy.actor.Manager$PtolemyRunThread.run(Manager.java:1915)
ptolemy.kernel.util.InternalErrorException: Exec Stderr Gobbler-3: Failed while reading from java.lang.UNIXProcess$ProcessPipeInputStream@66931182. To avoid this, try setting the ignoreIOExceptionReadErrors parameter to true.null
  in .ExecEnvironment.Exec
Because:
Stream closed
	at ptolemy.actor.lib.Exec$_StreamReaderThread._read(Exec.java:762)
	at ptolemy.actor.lib.Exec$_StreamReaderThread.run(Exec.java:706)
Caused by: java.io.IOException: Stream closed
	at sun.nio.cs.StreamDecoder.ensureOpen(StreamDecoder.java:46)
	at sun.nio.cs.StreamDecoder.read(StreamDecoder.java:148)
	at java.io.InputStreamReader.read(InputStreamReader.java:184)
	at ptolemy.actor.lib.Exec$_StreamReaderThread._read(Exec.java:724)
	... 1 more
Caused by: java.io.IOException: Stream closed
	at sun.nio.cs.StreamDecoder.ensureOpen(StreamDecoder.java:46)
	at sun.nio.cs.StreamDecoder.read(StreamDecoder.java:148)
	at java.io.InputStreamReader.read(InputStreamReader.java:184)
	at ptolemy.actor.lib.Exec$_StreamReaderThread._read(Exec.java:724)
	at ptolemy.actor.lib.Exec$_StreamReaderThread.run(Exec.java:706)
]]></system-err>
</testsuite>
