<?xml version="1.0" encoding="UTF-8" ?>
<testsuite errors="0" failures="0" hostname="travis-job-6619270e-455a-49dd-bded-8b1e717902a0" name="ptolemy.actor.lib.test.junit.JUnitTclTest" skipped="0" tests="517" time="59.815" timestamp="2019-02-24T15:06:23">
  <properties>
    <property name="npm.executable" value="npm" />
    <property name="file.encoding.pkg" value="sun.io" />
    <property name="env.TRAVIS_ROOT" value="/" />
    <property name="ptII.mk.exists" value="true" />
    <property name="env.TRAVIS_APP_HOST" value="build.travis-ci.org" />
    <property name="env.rvm_bin_path" value="/home/travis/.rvm/bin" />
    <property name="java.home" value="/usr/lib/jvm/java-8-oracle/jre" />
    <property name="env.TRAVIS_JOB_NUMBER" value="1018.8" />
    <property name="env.TRAVIS_HOME" value="/home/travis" />
    <property name="env.DISPLAY" value=":99.0" />
    <property name="java.net.preferIPv4Stack" value="true" />
    <property name="env.TRAVIS_INIT" value="upstart" />
    <property name="env.SSH_TTY" value="/dev/pts/0" />
    <property name="env.RUN_TESTS" value="true" />
    <property name="timeout.short" value="1000000" />
    <property name="env.TRAVIS_JOB_NAME" value="" />
    <property name="env.TRAVIS_STACK_NODE_ATTRIBUTES" value="/.node-attributes.yml" />
    <property name="junit.formatter" value="xml" />
    <property name="java.endorsed.dirs" value="/usr/lib/jvm/java-8-oracle/jre/lib/endorsed" />
    <property name="env.TRAVIS_SUDO" value="true" />
    <property name="env.LOGNAME" value="travis" />
    <property name="env.PT_TRAVIS_TEST_CORE1_XML" value="true" />
    <property name="jsdoc.home" value="node_modules/@terraswarm/jsdoc" />
    <property name="debuglevel" value="source,lines,vars" />
    <property name="checkstyle.formatter" value="xml" />
    <property name="bin.vergil.makeable" value="true" />
    <property name="env._system_version" value="14.04" />
    <property name="sun.os.patch.level" value="unknown" />
    <property name="java.vendor.url" value="http://java.oracle.com/" />
    <property name="env.TRAVIS_BUILD_WEB_URL" value="https://travis-ci.org/icyphy/ptII/builds/497782740" />
    <property name="java.version" value="1.8.0_151" />
    <property name="env.TZ" value="UTC" />
    <property name="env.PT_NO_NET" value="true" />
    <property name="env.TRAVIS_PULL_REQUEST_SHA" value="" />
    <property name="env.TRAVIS_SECURE_ENV_VARS" value="true" />
    <property name="env._system_type" value="Linux" />
    <property name="java.vendor.url.bug" value="http://bugreport.sun.com/bugreport/" />
    <property name="env.SSH_CLIENT" value="10.10.19.221 56700 22" />
    <property name="npmjs-org-is-up" value="true" />
    <property name="env.GEM_HOME" value="/home/travis/.rvm/gems/ruby-2.4.1" />
    <property name="env.HAS_ANTARES_THREE_LITTLE_FRONZIES_BADGE" value="true" />
    <property name="env.PS4" value="+" />
    <property name="ant.project.invoked-targets" value="build,test.core1.xml" />
    <property name="env.TRAVIS_PULL_REQUEST_BRANCH" value="" />
    <property name="env.TRAVIS_REPO_SLUG" value="icyphy/ptII" />
    <property name="env.TRAVIS_APT_PROXY" value="http://build-cache.travisci.net" />
    <property name="node.in.path" value="true" />
    <property name="java.maxmemory" value="1400m" />
    <property name="env.RUBY_VERSION" value="ruby-2.4.1" />
    <property name="user.name" value="travis" />
    <property name="env.LANG" value="en_US.UTF-8" />
    <property name="sun.io.unicode.encoding" value="UnicodeLittle" />
    <property name="sun.jnu.encoding" value="UTF-8" />
    <property name="java.runtime.name" value="Java(TM) SE Runtime Environment" />
    <property name="usefile" value="false" />
    <property name="return.code" value="0" />
    <property name="junit.single.formatter" value="plain" />
    <property name="env.DYLD_LIBRARY_PATH" value="/home/travis/pthla/certi-tools/lib:" />
    <property name="env.DEBIAN_FRONTEND" value="noninteractive" />
    <property name="env.SSH_CONNECTION" value="10.10.19.221 56700 10.20.0.151 22" />
    <property name="env.MYSQL_UNIX_PORT" value="/var/run/mysqld/mysqld.sock" />
    <property name="env.TRAVIS_ALLOW_FAILURE" value="false" />
    <property name="env.LC_ALL" value="en_US.UTF-8" />
    <property name="env.TRAVIS_JOB_WEB_URL" value="https://travis-ci.org/icyphy/ptII/jobs/497782748" />
    <property name="java.specification.name" value="Java Platform API Specification" />
    <property name="node.works" value="true" />
    <property name="user.timezone" value="" />
    <property name="path.separator" value=":" />
    <property name="env.TRAVIS_ENABLE_INFRA_DETECTION" value="true" />
    <property name="env.PYTHON_CFLAGS" value="-g -fstack-protector --param=ssp-buffer-size=4 -Wformat -Werror=format-security" />
    <property name="timeout.long" value="4000000" />
    <property name="env.CERTI_HOME" value="/home/travis/pthla/certi-tools" />
    <property name="file.encoding" value="UTF-8" />
    <property name="ant.file.ptII" value="/home/travis/build/icyphy/ptII/build.xml" />
    <property name="javadoc.packagenames" value="com.*,diva.*,lbnl.*,org.hlacerti.*,org.json.*,org.ptolemy.*,org.terraswarm.*,ptolemy.*,ptserver.*" />
    <property name="env.TRAVIS_PULL_REQUEST_SLUG" value="" />
    <property name="ant.project.default-target" value="build" />
    <property name="env.GIT_ASKPASS" value="echo" />
    <property name="env.HOME" value="/home/travis" />
    <property name="sun.java.command" value="org.apache.tools.ant.taskdefs.optional.junit.JUnitTestRunner ptolemy.actor.lib.test.junit.JUnitTclTest skipNonTests=false filtertrace=true haltOnError=false haltOnFailure=false formatter=org.apache.tools.ant.taskdefs.optional.junit.OutErrSummaryJUnitResultFormatter showoutput=true outputtoformatters=true logfailedtests=true threadid=0 logtestlistenerevents=false formatter=org.apache.tools.ant.taskdefs.optional.junit.XMLJUnitResultFormatter,/home/travis/build/icyphy/ptII/reports/junit/TEST-ptolemy.actor.lib.test.junit.JUnitTclTest.xml crashfile=/home/travis/build/icyphy/ptII/junitvmwatcher4011687454035418415.properties propsfile=/home/travis/build/icyphy/ptII/junit1032478922704925099.properties" />
    <property name="env.MANPATH" value="/home/travis/.nvm/versions/node/v7.10.1/share/man:/home/travis/.kiex/elixirs/elixir-1.4.5/man:/home/travis/.rvm/rubies/ruby-2.4.1/share/man:/usr/local/man:/usr/local/cmake-3.9.2/man:/usr/local/clang-5.0.0/share/man:/usr/local/share/man:/usr/share/man:/home/travis/.rvm/man" />
    <property name="env.COMPOSER_NO_INTERACTION" value="1" />
    <property name="env.JDK_SWITCHER_DEFAULT" value="oraclejdk8" />
    <property name="env.TRAVIS_TIMER_ID" value="2357012f" />
    <property name="ant.file" value="/home/travis/build/icyphy/ptII/build.xml" />
    <property name="env.TRAVIS_COMMIT_RANGE" value="911b78fe5d8d...003cabe2a2ed" />
    <property name="env._system_name" value="Ubuntu" />
    <property name="timeout" value="2400000" />
    <property name="ptII.classpath.optional.property" value="/home/travis/build/icyphy/ptII/lib/bsh-2.0b4.jar:/home/travis/build/icyphy/ptII/lib/ptCal.jar:/home/travis/build/icyphy/ptII/lib/java_cup.jar:/home/travis/build/icyphy/ptII/lib/saxon8.jar:/home/travis/build/icyphy/ptII/lib/saxon8-dom.jar:/home/travis/build/icyphy/ptII/lib/chic.jar:/home/travis/build/icyphy/ptII/lib/ptcolt.jar:/usr/lib/jvm/java-8-oracle/lib/tools.jar:/home/travis/build/icyphy/ptII/vendors/misc/itext/iText.jar:/home/travis/build/icyphy/ptII/lib/g4ltl.jar:/home/travis/build/icyphy/ptII/lib/StructuralCoder.jar:/home/travis/build/icyphy/ptII/vendors/jai-1_1_2_01/lib/jai_core.jar:/home/travis/build/icyphy/ptII/vendors/jai-1_1_2_01/lib/jai_codec.jar:/home/travis/build/icyphy/ptII/lib/jcerti.jar:/home/travis/build/icyphy/ptII/lib/javax.mail.jar:/home/travis/build/icyphy/ptII/vendors/JMF-2.1.1e/lib/jmf.jar:/home/travis/build/icyphy/ptII/lib/jna-4.0.0-variadic.jar:/home/travis/build/icyphy/ptII/vendors/misc/joystick/Joystick.jar:/home/travis/build/icyphy/ptII/lib/ptjacl.jar:/home/travis/build/icyphy/ptII/lib/jsoup-1.8.2.jar:/home/travis/build/icyphy/ptII/lib/junit-4.8.2.jar:/home/travis/build/icyphy/ptII/lib/JUnitParams-0.4.0.jar:/home/travis/build/icyphy/ptII/ptolemy/actor/lib/excel/jxl.jar:/home/travis/build/icyphy/ptII/lib/jython.jar:/home/travis/build/icyphy/ptII/lib/kieler.jar:/home/travis/build/icyphy/ptII/vendors/opencv/share/OpenCV/java/opencv-341.jar:/home/travis/build/icyphy/ptII/lib/oscP5.jar:/home/travis/build/icyphy/ptII/lib/nrjavaserial-3.11.0.devel.jar:/home/travis/build/icyphy/ptII/vendors/j3d/lib/j3dcore.jar:/home/travis/build/icyphy/ptII/vendors/j3d/lib/j3dutils.jar:/home/travis/build/icyphy/ptII/vendors/j3d/lib/vecmath.jar:/home/travis/build/icyphy/ptII/ptolemy/distributed/jini/jar/jini-core.jar:/home/travis/build/icyphy/ptII/ptolemy/distributed/jini/jar/jini-ext.jar:/home/travis/build/icyphy/ptII/ptolemy/distributed/jini/jar/sun-util.jar:/home/travis/build/icyphy/ptII/lib/protobuf-java-2.4.1.jar:/home/travis/build/icyphy/ptII/lib/org.eclipse.paho.client.mqttv3.jar:/home/travis/build/icyphy/ptII/lib/mapss.jar:/home/travis/build/icyphy/ptII/ptolemy/actor/ptalon/antlr/antlr.jar:/home/travis/build/icyphy/ptII/lib/JRI.jar:/home/travis/build/icyphy/ptII/lib/commons-lang-2.6.jar:/home/travis/build/icyphy/ptII/lib/commons-logging-1.1.1.jar:/home/travis/build/icyphy/ptII/lib/sootclasses.jar:/home/travis/build/icyphy/ptII/ptolemy/actor/lib/database/mysql-connector-java-5.1.6-bin.jar:/home/travis/build/icyphy/ptII/vendors/misc/sphinx4/sphinx4-data-5prealpha.jar:/home/travis/build/icyphy/ptII/vendors/misc/sphinx4/sphinx4-core-5prealpha.jar:/home/travis/build/icyphy/ptII/lib/PDFRenderer.jar:/home/travis/build/icyphy/ptII/lib/svgSalamander.jar:/home/travis/build/icyphy/ptII/lib/rsyntaxtextarea-2.6.0-SNAPSHOT.jar:/home/travis/build/icyphy/ptII/lib/hazelcast-3.8.2.jar:/home/travis/build/icyphy/ptII/lib/jackson-annotations-2.9.0.jar:/home/travis/build/icyphy/ptII/lib/jackson-core-2.9.3.jar:/home/travis/build/icyphy/ptII/lib/jackson-databind-2.9.3.jar:/home/travis/build/icyphy/ptII/lib/netty-buffer-4.1.19.Final.jar:/home/travis/build/icyphy/ptII/lib/netty-codec-4.1.19.Final.jar:/home/travis/build/icyphy/ptII/lib/netty-codec-dns-4.1.19.Final.jar:/home/travis/build/icyphy/ptII/lib/netty-codec-http-4.1.19.Final.jar:/home/travis/build/icyphy/ptII/lib/netty-codec-http2-4.1.19.Final.jar:/home/travis/build/icyphy/ptII/lib/netty-common-4.1.19.Final.jar:/home/travis/build/icyphy/ptII/lib/netty-handler-4.1.19.Final.jar:/home/travis/build/icyphy/ptII/lib/netty-resolver-4.1.19.Final.jar:/home/travis/build/icyphy/ptII/lib/netty-resolver-dns-4.1.19.Final.jar:/home/travis/build/icyphy/ptII/lib/netty-transport-4.1.19.Final.jar:/home/travis/build/icyphy/ptII/lib/vertx-codegen-3.5.1.jar:/home/travis/build/icyphy/ptII/lib/vertx-core-3.5.2-SNAPSHOT.jar:/home/travis/build/icyphy/ptII/lib/vertx-hazelcast-3.5.1.jar:/home/travis/build/icyphy/ptII/lib/vertx-lang-js-3.5.1.jar:/home/travis/build/icyphy/ptII/lib/vertx-service-proxy-3.5.1.jar:/home/travis/build/icyphy/ptII/lib/vertx-web-3.5.1.jar:/home/travis/build/icyphy/ptII/lib/slf4j-api-1.7.13.jar:/home/travis/build/icyphy/ptII/lib/slf4j-simple-1.7.13.jar:/home/travis/build/icyphy/ptII/lib/webcam-capture-0.3.12.jar:/home/travis/build/icyphy/ptII/lib/bridj-0.7.0.jar:/home/travis/build/icyphy/ptII/lib/xbjlib-1.1.0.nrjavaserial.jar" />
    <property name="test.batch" value="**/junit/*.java" />
    <property name="env._" value="/usr/bin/timeout" />
    <property name="java.io.tmpdir" value="/tmp" />
    <property name="env.TRAVIS_INTERNAL_RUBY_REGEX" value="^ruby-(2\.[0-4]\.[0-9]|1\.9\.3)" />
    <property name="user.language" value="en" />
    <property name="env.HISTCONTROL" value="ignoredups:ignorespace" />
    <property name="env.GOROOT" value="/home/travis/.gimme/versions/go1.7.4.linux.amd64" />
    <property name="line.separator" value="&#xa;" />
    <property name="target" value="1.8" />
    <property name="env.TRAVIS_BUILD_DIR" value="/home/travis/build/icyphy/ptII" />
    <property name="env.ANT_OPTS" value="-Xmx2048m" />
    <property name="ant.file.type" value="file" />
    <property name="ptolemy.ptII.batchMode" value="true" />
    <property name="env.HISTSIZE" value="1000" />
    <property name="env.MERB_ENV" value="test" />
    <property name="java.vm.info" value="mixed mode" />
    <property name="source" value="1.8" />
    <property name="java.vm.specification.name" value="Java Virtual Machine Specification" />
    <property name="env.TRAVIS_TEST_RESULT" value="0" />
    <property name="jsdoc.command" value="node_modules/@terraswarm/jsdoc/jsdoc.js" />
    <property name="npm.works" value="true" />
    <property name="cobertura.dir" value="/home/travis/build/icyphy/ptII/vendors/cobertura-2.0.3" />
    <property name="env.rvm_path" value="/home/travis/.rvm" />
    <property name="env.GEM_PATH" value="/home/travis/.rvm/gems/ruby-2.4.1:/home/travis/.rvm/gems/ruby-2.4.1@global" />
    <property name="env.LC_CTYPE" value="en_US.UTF-8" />
    <property name="java.awt.printerjob" value="sun.print.PSPrinterJob" />
    <property name="env.TRAVIS_CMD" value="$PTII/bin/ptIITravisBuild.sh $SECONDS" />
    <property name="env.TRAVIS_STACK_NAME" value="garnet" />
    <property name="env.TRAVIS_TIMER_START_TIME" value="1551020415451051024" />
    <property name="ant.version" value="Apache Ant(TM) version 1.10.1 compiled on February 2 2017" />
    <property name="ptII.reports" value="/home/travis/build/icyphy/ptII/reports" />
    <property name="env.TRAVIS_STACK_TIMESTAMP" value="2017-12-05 19:33:09 UTC" />
    <property name="ant.file.type.ptII" value="file" />
    <property name="env.RBENV_SHELL" value="bash" />
    <property name="os.name" value="Linux" />
    <property name="java.specification.vendor" value="Oracle Corporation" />
    <property name="env.rvm_version" value="1.29.3 (latest)" />
    <property name="env.TRAVIS_INFRA" value="gce" />
    <property name="env.TERM" value="xterm" />
    <property name="java.vm.name" value="Java HotSpot(TM) 64-Bit Server VM" />
    <property name="env.TRAVIS_BUILD_NUMBER" value="1018" />
    <property name="env.CI" value="true" />
    <property name="java.library.path" value="/home/travis/pthla/certi-tools/lib:/usr/lib/jni:/usr/local/share/OpenCV/java/:/usr/share/OpenCV/java::/usr/java/packages/lib/amd64:/usr/lib64:/lib64:/lib:/usr/lib" />
    <property name="env.rvm_prefix" value="/home/travis" />
    <property name="env.PATH" value="/home/travis/pthla/certi-tools/share/scripts:/home/travis/.rvm/gems/ruby-2.4.1/bin:/home/travis/.rvm/gems/ruby-2.4.1@global/bin:/home/travis/.rvm/rubies/ruby-2.4.1/bin:/home/travis/.rvm/bin:/home/travis/.nvm/versions/node/v7.10.1/bin:./node_modules/.bin:/home/travis/build/icyphy/ptII/bin:/home/travis/pthla/certi-tools/bin:/home/travis/bin:/home/travis/.local/bin:/opt/pyenv/shims:/home/travis/.phpenv/shims:/home/travis/perl5/perlbrew/bin:/home/travis/.kiex/elixirs/elixir-1.4.5/bin:/home/travis/.kiex/bin:/home/travis/gopath/bin:/home/travis/.gimme/versions/go1.7.4.linux.amd64/bin:/usr/local/phantomjs/bin:/usr/local/phantomjs:/usr/local/neo4j-3.2.7/bin:/usr/local/maven-3.5.2/bin:/usr/local/cmake-3.9.2/bin:/usr/local/clang-5.0.0/bin:/usr/local/sbin:/usr/local/bin:/usr/sbin:/usr/bin:/sbin:/bin:/home/travis/.phpenv/bin:/opt/pyenv/bin:/home/travis/.yarn/bin" />
    <property name="env.TRAVIS_OS_NAME" value="linux" />
    <property name="ant.java.version" value="1.8" />
    <property name="basedir" value="/home/travis/build/icyphy/ptII" />
    <property name="java.class.version" value="52.0" />
    <property name="env.SHLVL" value="3" />
    <property name="env.LD_LIBRARY_PATH" value="/home/travis/pthla/certi-tools/lib:/usr/lib/jni:/usr/local/share/OpenCV/java/:/usr/share/OpenCV/java:" />
    <property name="env.RACK_ENV" value="test" />
    <property name="ant.home" value="/home/travis/build/icyphy/ptII/ant" />
    <property name="env.PERLBREW_BASHRC_VERSION" value="0.80" />
    <property name="env.NVM_DIR" value="/home/travis/.nvm" />
    <property name="env.TRAVIS_BUILD_ID" value="497782740" />
    <property name="env.CERTI_FOM_PATH" value="/home/travis/pthla/certi-tools/share/federations" />
    <property name="env.PYENV_ROOT" value="/opt/pyenv" />
    <property name="env.TRAVIS_UID" value="2000" />
    <property name="env.rvm_pretty_print_flag" value="auto" />
    <property name="env.NVM_BIN" value="/home/travis/.nvm/versions/node/v7.10.1/bin" />
    <property name="env.TRAVIS_COMMIT" value="003cabe2a2eda7d4163ced0f6506a06e4702c296" />
    <property name="env._system_arch" value="x86_64" />
    <property name="node.executable" value="node" />
    <property name="sun.boot.library.path" value="/usr/lib/jvm/java-8-oracle/jre/lib/amd64" />
    <property name="sun.management.compiler" value="HotSpot 64-Bit Tiered Compilers" />
    <property name="env.GOPATH" value="/home/travis/gopath" />
    <property name="java.awt.graphicsenv" value="sun.awt.X11GraphicsEnvironment" />
    <property name="ptolemy.ptII.dir" value="/home/travis/build/icyphy/ptII" />
    <property name="env.USER" value="travis" />
    <property name="env.HISTFILESIZE" value="2000" />
    <property name="timeout.longest" value="19000000" />
    <property name="env.TRAVIS_STACK_FEATURES" value="basic cassandra chromium couchdb disabled-ipv6 docker docker-compose elasticsearch firefox go-toolchain google-chrome jdk memcached mongodb mysql neo4j nodejs_interpreter perl_interpreter perlbrew phantomjs postgresql python_interpreter rabbitmq redis riak ruby_interpreter sqlite xserver" />
    <property name="env.TRAVIS_PULL_REQUEST" value="false" />
    <property name="env.PYENV_SHELL" value="bash" />
    <property name="ant.project.name" value="ptII" />
    <property name="java.vm.specification.version" value="1.8" />
    <property name="env.ANSI_RESET" value="\033[0m" />
    <property name="env.TRAVIS_DIST" value="trusty" />
    <property name="env.CERTI_VERSION" value="4.0.0" />
    <property name="env.NLSPATH" value="/usr/dt/lib/nls/msg/%L/%N.cat" />
    <property name="awt.toolkit" value="sun.awt.X11.XToolkit" />
    <property name="env.CERTI_HOST" value="localhost" />
    <property name="env.MY_RUBY_HOME" value="/home/travis/.rvm/rubies/ruby-2.4.1" />
    <property name="sun.cpu.isalist" value="" />
    <property name="env.TRAVIS_TMPDIR" value="/tmp/tmp.zW75fTVA9a" />
    <property name="java.ext.dirs" value="/usr/lib/jvm/java-8-oracle/jre/lib/ext:/usr/java/packages/lib/ext" />
    <property name="os.version" value="4.4.0-101-generic" />
    <property name="user.home" value="/home/travis" />
    <property name="env.MIX_ARCHIVES" value="/home/travis/.kiex/mix/elixir-1.4.5" />
    <property name="java.vm.vendor" value="Oracle Corporation" />
    <property name="env.TRAVIS_TAG" value="nightly" />
    <property name="env.ANSI_YELLOW" value="\033[33;1m" />
    <property name="env.TRAVIS_FILTERED" value="redirect_io" />
    <property name="env.ANSI_GREEN" value="\033[32;1m" />
    <property name="env.JAVA_HOME" value="/usr/lib/jvm/java-8-oracle" />
    <property name="env.PTII" value="/home/travis/build/icyphy/ptII" />
    <property name="javadoc.excludepackagenames" value="adm.cvs2svn.*,build.*,config.*,doc.coding.templates.*,jni.test.jni.meaningOfLife.*,jni.test.jni.testDeux.*,jni.test.jni.testTrois.*,org.terraswarm.accessor.accessors.web.node_modules.*,org.terraswarm.accessor.accessors.web.hosts.cordova.demo.*,org.terraswarm.accessor.accessors.web.hosts.cordova.plugins.*,org.terraswarm.accessor.accessors-svn.*,pt-modules.*,ptolemy.apps.agilent.*,ptolemy.apps.anytimecontrol.*,ptolemy.apps.apes.*,ptolemy.apps.charon.*,ptolemy.apps.crazyboard.*,ptolemy.apps.eclipse.*,ptolemy.apps.etherealSting.*,ptolemy.apps.fullscreen.*,ptolemy.apps.giotto.*,ptolemy.apps.ia.*,ptolemy.apps.interfaces.*,ptolemy.apps.jmf.*,ptolemy.apps.kurt.*,ptolemy.apps.kvm.*,ptolemy.apps.lego.*,ptolemy.apps.lejos.*,ptolemy.apps.midp.*,ptolemy.apps.mobileCoding.*,ptolemy.apps.pendulum.*,ptolemy.apps.rijndael.*,ptolemy.apps.robot.*,ptolemy.apps.security.*,ptolemy.apps.sobel.*,ptolemy.apps.soot.*,ptolemy.apps.throttle.*,ptolemy.apps.tini.*,ptolemy.apps.transmission.*,ptolemy.apps.vergil.*,ptolemy.apps.waba.*,ptolemy.apps.websensor.*,ptolemy.apps.webstart.*,ptolemy.apps.xsl.*,ptolemy.apps.zaurus.*,ptolemy.codegen.c.actor.lib.oldJavaFiles.*,ptolemy.codegen.dsp.lib.*,ptolemy.codegen.kernel.newInterfaces.*,ptolemy.codegen.lib.*,ptolemy.copernicus.kernel.fragment.*,ptolemy.copernicus.shallow.cg.*,ptolemy.domains.giotto.demo.Hierarchy.Hierarchy.*,ptolemy.domains.giotto.demo.Multimode.Multimode.*,ptolemy.domains.giotto.demo.Simple.Simple.*,ptolemy.domains.gr.lib.experimental.*,ptolemy.domains.gro.*,ptolemy.domains.pdf.*,ptolemy.domains.ptinyos.demo.Surge.output.*,ptolemy.moml.test.NoPackageActor.java*,ptolemy.plot.adm.*,ptolemy.plot.servlet.*,reports.*,signed.*,src.*,target.*,vendors.*,ptolemy.apps.eclipse.awt.*,ptolemy.backtrack.*,ptolemy.backtrack.ast.*,ptolemy.cg.adapter.generic.program.procedural.c.mbed*,ptolemy.homer.*,org.ptolemy.scala.*,diva.util.java2d.svg.*,ptolemy.domains.ptinyos.*,ptolemy.actor.lib.fmi.fmipp.*,,org.terraswarm.accessor.accessors.web.node_modules.*,org.terraswarm.accessor.accessors-svn,ptolemy.apps.*,ptolemy.actor.ptalon.demo.ptinyos.SendAndReceiveCnt.output,ptolemy.actor.ptalon.demo.ptinyos.SenseToLeds.output,ptolemy.domains.ptinyos.demo.CntToLedsAndRfm.output,ptolemy.domains.ptinyos.demo.RfmToLeds.output,ptolemy.domains.ptinyos.demo.SendAndReceiveCnt.output,ptolemy.domains.ptinyos.demo.SenseToLeds.output,ptolemy.actor.lib.jjs.modules.udpSocket.*" />
    <property name="env.TRAVIS_COMMIT_MESSAGE" value="Minor changes in the comments." />
    <property name="keystore" value="ptKeystore" />
    <property name="env.XDG_SESSION_ID" value="2" />
    <property name="junit.output.dir" value="/home/travis/build/icyphy/ptII/reports/junit" />
    <property name="npm.return.code" value="0" />
    <property name="user.dir" value="/home/travis/build/icyphy/ptII/ptolemy/actor/lib/test" />
    <property name="env.TRAVIS_NODE_VERSION" value="7" />
    <property name="env.XFILESEARCHPATH" value="/usr/dt/app-defaults/%L/Dt" />
    <property name="env.TRAVIS_EVENT_TYPE" value="push" />
    <property name="env.MAIL" value="/var/mail/travis" />
    <property name="env.PWD" value="/home/travis/build/icyphy/ptII" />
    <property name="env.PERLBREW_ROOT" value="/home/travis/perl5/perlbrew" />
    <property name="timeout.npm" value="45000" />
    <property name="env.TRAVIS_ARCH" value="amd64" />
    <property name="env.PAGER" value="cat" />
    <property name="sun.cpu.endian" value="little" />
    <property name="env.TRAVIS_BUILD_STAGE_NAME" value="Test" />
    <property name="env.PERLBREW_HOME" value="/home/travis/.perlbrew" />
    <property name="env.RAILS_ENV" value="test" />
    <property name="java.vm.version" value="25.151-b12" />
    <property name="java.class.path" value="/home/travis/.ptolemyII:/home/travis/.ptolemyII/*:/home/travis/build/icyphy/ptII:/home/travis/build/icyphy/ptII/lib/bsh-2.0b4.jar:/home/travis/build/icyphy/ptII/lib/ptCal.jar:/home/travis/build/icyphy/ptII/lib/java_cup.jar:/home/travis/build/icyphy/ptII/lib/saxon8.jar:/home/travis/build/icyphy/ptII/lib/saxon8-dom.jar:/home/travis/build/icyphy/ptII/lib/chic.jar:/home/travis/build/icyphy/ptII/lib/ptcolt.jar:/usr/lib/jvm/java-8-oracle/lib/tools.jar:/home/travis/build/icyphy/ptII/vendors/misc/itext/iText.jar:/home/travis/build/icyphy/ptII/lib/g4ltl.jar:/home/travis/build/icyphy/ptII/lib/StructuralCoder.jar:/home/travis/build/icyphy/ptII/vendors/jai-1_1_2_01/lib/jai_core.jar:/home/travis/build/icyphy/ptII/vendors/jai-1_1_2_01/lib/jai_codec.jar:/home/travis/build/icyphy/ptII/lib/jcerti.jar:/home/travis/build/icyphy/ptII/lib/javax.mail.jar:/home/travis/build/icyphy/ptII/vendors/JMF-2.1.1e/lib/jmf.jar:/home/travis/build/icyphy/ptII/lib/jna-4.0.0-variadic.jar:/home/travis/build/icyphy/ptII/vendors/misc/joystick/Joystick.jar:/home/travis/build/icyphy/ptII/lib/ptjacl.jar:/home/travis/build/icyphy/ptII/lib/jsoup-1.8.2.jar:/home/travis/build/icyphy/ptII/lib/junit-4.8.2.jar:/home/travis/build/icyphy/ptII/lib/JUnitParams-0.4.0.jar:/home/travis/build/icyphy/ptII/ptolemy/actor/lib/excel/jxl.jar:/home/travis/build/icyphy/ptII/lib/jython.jar:/home/travis/build/icyphy/ptII/lib/kieler.jar:/home/travis/build/icyphy/ptII/vendors/opencv/share/OpenCV/java/opencv-341.jar:/home/travis/build/icyphy/ptII/lib/oscP5.jar:/home/travis/build/icyphy/ptII/lib/nrjavaserial-3.11.0.devel.jar:/home/travis/build/icyphy/ptII/vendors/j3d/lib/j3dcore.jar:/home/travis/build/icyphy/ptII/vendors/j3d/lib/j3dutils.jar:/home/travis/build/icyphy/ptII/vendors/j3d/lib/vecmath.jar:/home/travis/build/icyphy/ptII/ptolemy/distributed/jini/jar/jini-core.jar:/home/travis/build/icyphy/ptII/ptolemy/distributed/jini/jar/jini-ext.jar:/home/travis/build/icyphy/ptII/ptolemy/distributed/jini/jar/sun-util.jar:/home/travis/build/icyphy/ptII/lib/protobuf-java-2.4.1.jar:/home/travis/build/icyphy/ptII/lib/org.eclipse.paho.client.mqttv3.jar:/home/travis/build/icyphy/ptII/lib/mapss.jar:/home/travis/build/icyphy/ptII/ptolemy/actor/ptalon/antlr/antlr.jar:/home/travis/build/icyphy/ptII/lib/JRI.jar:/home/travis/build/icyphy/ptII/lib/commons-lang-2.6.jar:/home/travis/build/icyphy/ptII/lib/commons-logging-1.1.1.jar:/home/travis/build/icyphy/ptII/lib/sootclasses.jar:/home/travis/build/icyphy/ptII/ptolemy/actor/lib/database/mysql-connector-java-5.1.6-bin.jar:/home/travis/build/icyphy/ptII/vendors/misc/sphinx4/sphinx4-data-5prealpha.jar:/home/travis/build/icyphy/ptII/vendors/misc/sphinx4/sphinx4-core-5prealpha.jar:/home/travis/build/icyphy/ptII/lib/PDFRenderer.jar:/home/travis/build/icyphy/ptII/lib/svgSalamander.jar:/home/travis/build/icyphy/ptII/lib/rsyntaxtextarea-2.6.0-SNAPSHOT.jar:/home/travis/build/icyphy/ptII/lib/hazelcast-3.8.2.jar:/home/travis/build/icyphy/ptII/lib/jackson-annotations-2.9.0.jar:/home/travis/build/icyphy/ptII/lib/jackson-core-2.9.3.jar:/home/travis/build/icyphy/ptII/lib/jackson-databind-2.9.3.jar:/home/travis/build/icyphy/ptII/lib/netty-buffer-4.1.19.Final.jar:/home/travis/build/icyphy/ptII/lib/netty-codec-4.1.19.Final.jar:/home/travis/build/icyphy/ptII/lib/netty-codec-dns-4.1.19.Final.jar:/home/travis/build/icyphy/ptII/lib/netty-codec-http-4.1.19.Final.jar:/home/travis/build/icyphy/ptII/lib/netty-codec-http2-4.1.19.Final.jar:/home/travis/build/icyphy/ptII/lib/netty-common-4.1.19.Final.jar:/home/travis/build/icyphy/ptII/lib/netty-handler-4.1.19.Final.jar:/home/travis/build/icyphy/ptII/lib/netty-resolver-4.1.19.Final.jar:/home/travis/build/icyphy/ptII/lib/netty-resolver-dns-4.1.19.Final.jar:/home/travis/build/icyphy/ptII/lib/netty-transport-4.1.19.Final.jar:/home/travis/build/icyphy/ptII/lib/vertx-codegen-3.5.1.jar:/home/travis/build/icyphy/ptII/lib/vertx-core-3.5.2-SNAPSHOT.jar:/home/travis/build/icyphy/ptII/lib/vertx-hazelcast-3.5.1.jar:/home/travis/build/icyphy/ptII/lib/vertx-lang-js-3.5.1.jar:/home/travis/build/icyphy/ptII/lib/vertx-service-proxy-3.5.1.jar:/home/travis/build/icyphy/ptII/lib/vertx-web-3.5.1.jar:/home/travis/build/icyphy/ptII/lib/slf4j-api-1.7.13.jar:/home/travis/build/icyphy/ptII/lib/slf4j-simple-1.7.13.jar:/home/travis/build/icyphy/ptII/lib/webcam-capture-0.3.12.jar:/home/travis/build/icyphy/ptII/lib/bridj-0.7.0.jar:/home/travis/build/icyphy/ptII/lib/xbjlib-1.1.0.nrjavaserial.jar:/home/travis/build/icyphy/ptII/ptolemy/moml/test:/home/travis/build/icyphy/ptII/ant/lib/ant-launcher.jar:/home/travis/build/icyphy/ptII/ant/lib/ant.jar:/home/travis/build/icyphy/ptII/ant/lib/ant-junit.jar:/home/travis/build/icyphy/ptII/ant/lib/ant-junit4.jar" />
    <property name="ant.library.dir" value="/home/travis/build/icyphy/ptII/ant/lib" />
    <property name="os.arch" value="amd64" />
    <property name="env.TRAVIS_LANGUAGE" value="node_js" />
    <property name="env.CONTINUOUS_INTEGRATION" value="true" />
    <property name="env.TRAVIS_STACK_LANGUAGES" value="__garnet__ c c++ clojure cplusplus cpp default go groovy java node_js php pure_java python ruby scala" />
    <property name="test.name" value="ptolemy.actor.lib.test.junit.JUnitTclTest" />
    <property name="sun.java.launcher" value="SUN_STANDARD" />
    <property name="env.PYTHON_CONFIGURE_OPTS" value="--enable-unicode=ucs4 --with-wide-unicode --enable-shared --enable-ipv6 --enable-loadable-sqlite-extensions --with-computed-gotos" />
    <property name="ant.core.lib" value="/home/travis/build/icyphy/ptII/ant/lib/ant.jar" />
    <property name="java.vm.specification.vendor" value="Oracle Corporation" />
    <property name="env.BCVTB_HOME" value="/home/travis/build/icyphy/ptII/lbnl" />
    <property name="file.separator" value="/" />
    <property name="spotbugs.home" value="/home/travis/build/icyphy/ptII/vendors/spotbugs-3.1.1" />
    <property name="java.runtime.version" value="1.8.0_151-b12" />
    <property name="sun.boot.class.path" value="/usr/lib/jvm/java-8-oracle/jre/lib/resources.jar:/usr/lib/jvm/java-8-oracle/jre/lib/rt.jar:/usr/lib/jvm/java-8-oracle/jre/lib/sunrsasign.jar:/usr/lib/jvm/java-8-oracle/jre/lib/jsse.jar:/usr/lib/jvm/java-8-oracle/jre/lib/jce.jar:/usr/lib/jvm/java-8-oracle/jre/lib/charsets.jar:/usr/lib/jvm/java-8-oracle/jre/lib/jfr.jar:/usr/lib/jvm/java-8-oracle/jre/classes" />
    <property name="env.ANSI_CLEAR" value="\033[0K" />
    <property name="env.HAS_JOSH_K_SEAL_OF_APPROVAL" value="true" />
    <property name="env.XDG_RUNTIME_DIR" value="/run/user/2000" />
    <property name="env.TRAVIS_OSX_IMAGE" value="" />
    <property name="env.TRAVIS_BRANCH" value="master" />
    <property name="env.TRAVIS_JOB_ID" value="497782748" />
    <property name="user.country" value="US" />
    <property name="env.CERTI_HOME_TRAVIS" value="/home/travis/pthla/certi-tools" />
    <property name="env.SHELL" value="/bin/bash" />
    <property name="java.maxmemory.large" value="5000m" />
    <property name="model" value="" />
    <property name="env.CASHER_DIR" value="/home/travis/.casher" />
    <property name="env.NVM_CD_FLAGS" value="" />
    <property name="jshint.executable" value="/home/travis/node_modules/jshint/bin/jshint" />
    <property name="java.vendor" value="Oracle Corporation" />
    <property name="env.JRUBY_OPTS" value=" --client -J-XX:+TieredCompilation -J-XX:TieredStopAtLevel=1 -J-Xss2m -Xcompile.invokedynamic=false" />
    <property name="env.TRAVIS_PRE_CHEF_BOOTSTRAP_TIME" value="2017-12-05T19:32:55" />
    <property name="env.TRAVIS_STACK_JOB_BOARD_REGISTER" value="/.job-board-register.yml" />
    <property name="env.ELIXIR_VERSION" value="1.4.5" />
    <property name="env.ANSI_RED" value="\033[31;1m" />
    <property name="java.specification.version" value="1.8" />
    <property name="env.TRAVIS" value="true" />
    <property name="env.IRBRC" value="/home/travis/.rvm/rubies/ruby-2.4.1/.irbrc" />
    <property name="sun.arch.data.model" value="64" />
  </properties>
  <testcase classname="ptolemy.util.test.junit.TclTests" name="[0] /home/travis/build/icyphy/ptII/ptolemy/actor/lib/test/AbsoluteValue.tcl (RunTclFile)" time="0.441" />
  <testcase classname="ptolemy.util.test.junit.TclTests" name="[1] /home/travis/build/icyphy/ptII/ptolemy/actor/lib/test/AddSubtract.tcl (RunTclFile)" time="0.069" />
  <testcase classname="ptolemy.util.test.junit.TclTests" name="[2] /home/travis/build/icyphy/ptII/ptolemy/actor/lib/test/Average.tcl (RunTclFile)" time="0.033" />
  <testcase classname="ptolemy.util.test.junit.TclTests" name="[3] /home/travis/build/icyphy/ptII/ptolemy/actor/lib/test/Bernoulli.tcl (RunTclFile)" time="0.021" />
  <testcase classname="ptolemy.util.test.junit.TclTests" name="[4] /home/travis/build/icyphy/ptII/ptolemy/actor/lib/test/Clock.tcl (RunTclFile)" time="0.104" />
  <testcase classname="ptolemy.util.test.junit.TclTests" name="[5] /home/travis/build/icyphy/ptII/ptolemy/actor/lib/test/Commutator.tcl (RunTclFile)" time="0.103" />
  <testcase classname="ptolemy.util.test.junit.TclTests" name="[6] /home/travis/build/icyphy/ptII/ptolemy/actor/lib/test/Const.tcl (RunTclFile)" time="0.14" />
  <testcase classname="ptolemy.util.test.junit.TclTests" name="[7] /home/travis/build/icyphy/ptII/ptolemy/actor/lib/test/CurrentTime.tcl (RunTclFile)" time="0.047" />
  <testcase classname="ptolemy.util.test.junit.TclTests" name="[8] /home/travis/build/icyphy/ptII/ptolemy/actor/lib/test/DB.tcl (RunTclFile)" time="0.029" />
  <testcase classname="ptolemy.util.test.junit.TclTests" name="[9] /home/travis/build/icyphy/ptII/ptolemy/actor/lib/test/DiscreteRandomSource.tcl (RunTclFile)" time="0.035" />
  <testcase classname="ptolemy.util.test.junit.TclTests" name="[10] /home/travis/build/icyphy/ptII/ptolemy/actor/lib/test/Distributor.tcl (RunTclFile)" time="0.033" />
  <testcase classname="ptolemy.util.test.junit.TclTests" name="[11] /home/travis/build/icyphy/ptII/ptolemy/actor/lib/test/Exit.tcl (RunTclFile)" time="0.05" />
  <testcase classname="ptolemy.util.test.junit.TclTests" name="[12] /home/travis/build/icyphy/ptII/ptolemy/actor/lib/test/Expression.tcl (RunTclFile)" time="0.103" />
  <testcase classname="ptolemy.util.test.junit.TclTests" name="[13] /home/travis/build/icyphy/ptII/ptolemy/actor/lib/test/Gaussian.tcl (RunTclFile)" time="0.657" />
  <testcase classname="ptolemy.util.test.junit.TclTests" name="[14] /home/travis/build/icyphy/ptII/ptolemy/actor/lib/test/IIR.tcl (RunTclFile)" time="0.03" />
  <testcase classname="ptolemy.util.test.junit.TclTests" name="[15] /home/travis/build/icyphy/ptII/ptolemy/actor/lib/test/Interpolator.tcl (RunTclFile)" time="0.097" />
  <testcase classname="ptolemy.util.test.junit.TclTests" name="[16] /home/travis/build/icyphy/ptII/ptolemy/actor/lib/test/MathFunction.tcl (RunTclFile)" time="0.079" />
  <testcase classname="ptolemy.util.test.junit.TclTests" name="[17] /home/travis/build/icyphy/ptII/ptolemy/actor/lib/test/Maximum.tcl (RunTclFile)" time="0.044" />
  <testcase classname="ptolemy.util.test.junit.TclTests" name="[18] /home/travis/build/icyphy/ptII/ptolemy/actor/lib/test/Minimum.tcl (RunTclFile)" time="0.031" />
  <testcase classname="ptolemy.util.test.junit.TclTests" name="[19] /home/travis/build/icyphy/ptII/ptolemy/actor/lib/test/MultiplyDivide.tcl (RunTclFile)" time="0.045" />
  <testcase classname="ptolemy.util.test.junit.TclTests" name="[20] /home/travis/build/icyphy/ptII/ptolemy/actor/lib/test/OrderedMerge.tcl (RunTclFile)" time="0.118" />
  <testcase classname="ptolemy.util.test.junit.TclTests" name="[21] /home/travis/build/icyphy/ptII/ptolemy/actor/lib/test/Publisher.tcl (RunTclFile)" time="0.694" />
  <testcase classname="ptolemy.util.test.junit.TclTests" name="[22] /home/travis/build/icyphy/ptII/ptolemy/actor/lib/test/Pulse.tcl (RunTclFile)" time="0.067" />
  <testcase classname="ptolemy.util.test.junit.TclTests" name="[23] /home/travis/build/icyphy/ptII/ptolemy/actor/lib/test/Ramp.tcl (RunTclFile)" time="1.927" />
  <testcase classname="ptolemy.util.test.junit.TclTests" name="[24] /home/travis/build/icyphy/ptII/ptolemy/actor/lib/test/RampContinuous.tcl (RunTclFile)" time="0.018" />
  <testcase classname="ptolemy.util.test.junit.TclTests" name="[25] /home/travis/build/icyphy/ptII/ptolemy/actor/lib/test/RecordAssembler.tcl (RunTclFile)" time="0.016" />
  <testcase classname="ptolemy.util.test.junit.TclTests" name="[26] /home/travis/build/icyphy/ptII/ptolemy/actor/lib/test/RecordDisassembler.tcl (RunTclFile)" time="0.017" />
  <testcase classname="ptolemy.util.test.junit.TclTests" name="[27] /home/travis/build/icyphy/ptII/ptolemy/actor/lib/test/Scale.tcl (RunTclFile)" time="0.016" />
  <testcase classname="ptolemy.util.test.junit.TclTests" name="[28] /home/travis/build/icyphy/ptII/ptolemy/actor/lib/test/SequentialClock.tcl (RunTclFile)" time="0.012" />
  <testcase classname="ptolemy.util.test.junit.TclTests" name="[29] /home/travis/build/icyphy/ptII/ptolemy/actor/lib/test/SetVariable.tcl (RunTclFile)" time="0.013" />
  <testcase classname="ptolemy.util.test.junit.TclTests" name="[30] /home/travis/build/icyphy/ptII/ptolemy/actor/lib/test/Sinewave.tcl (RunTclFile)" time="0.024" />
  <testcase classname="ptolemy.util.test.junit.TclTests" name="[31] /home/travis/build/icyphy/ptII/ptolemy/actor/lib/test/SubscriptionAggregator.tcl (RunTclFile)" time="1.926" />
  <testcase classname="ptolemy.util.test.junit.TclTests" name="[32] /home/travis/build/icyphy/ptII/ptolemy/actor/lib/test/Test.tcl (RunTclFile)" time="0.094" />
  <testcase classname="ptolemy.util.test.junit.TclTests" name="[33] /home/travis/build/icyphy/ptII/ptolemy/actor/lib/test/TestExceptionHandler.tcl (RunTclFile)" time="0.013" />
  <testcase classname="ptolemy.util.test.junit.TclTests" name="[34] /home/travis/build/icyphy/ptII/ptolemy/actor/lib/test/UnionDisassembler.tcl (RunTclFile)" time="0.055" />
  <testcase classname="ptolemy.util.test.junit.TclTests" name="[35] /home/travis/build/icyphy/ptII/ptolemy/actor/lib/test/VariableClock.tcl (RunTclFile)" time="0.029" />
  <testcase classname="ptolemy.util.test.junit.AutoKnownFailedTests" name="[0] /home/travis/build/icyphy/ptII/ptolemy/actor/lib/test/auto/knownFailedTests/PublisherPortToplevelSubscriber.xml (RunModel)" time="0.026" />
  <testcase classname="ptolemy.util.test.junit.AutoKnownFailedTests" name="[1] /home/travis/build/icyphy/ptII/ptolemy/actor/lib/test/auto/knownFailedTests/PublisherSubscriberPortToplevel.xml (RunModel)" time="0.032" />
  <testcase classname="ptolemy.util.test.junit.AutoKnownFailedTests" name="[2] /home/travis/build/icyphy/ptII/ptolemy/actor/lib/test/auto/knownFailedTests/PublisherSubscriptionAggregatorPort.xml (RunModel)" time="0.016" />
  <testcase classname="ptolemy.util.test.junit.AutoKnownFailedTests" name="[3] /home/travis/build/icyphy/ptII/ptolemy/actor/lib/test/auto/knownFailedTests/sizedarray3.xml (RunModel)" time="0.036" />
  <testcase classname="ptolemy.util.test.junit.AutoNameArchTests" name="[0] ThereAreNoAutoArchTests (RunModel)" time="0.003" />
  <testcase classname="ptolemy.util.test.junit.AutoTests" name="[0] /home/travis/build/icyphy/ptII/ptolemy/actor/lib/test/auto/AbsoluteValue.xml (RunModel)" time="0.179" />
  <testcase classname="ptolemy.util.test.junit.AutoTests" name="[1] /home/travis/build/icyphy/ptII/ptolemy/actor/lib/test/auto/AbsoluteValue2.xml (RunModel)" time="0.059" />
  <testcase classname="ptolemy.util.test.junit.AutoTests" name="[2] /home/travis/build/icyphy/ptII/ptolemy/actor/lib/test/auto/Accumulator.xml (RunModel)" time="0.062" />
  <testcase classname="ptolemy.util.test.junit.AutoTests" name="[3] /home/travis/build/icyphy/ptII/ptolemy/actor/lib/test/auto/Accumulator2.xml (RunModel)" time="0.061" />
  <testcase classname="ptolemy.util.test.junit.AutoTests" name="[4] /home/travis/build/icyphy/ptII/ptolemy/actor/lib/test/auto/Accumulator3.xml (RunModel)" time="0.042" />
  <testcase classname="ptolemy.util.test.junit.AutoTests" name="[5] /home/travis/build/icyphy/ptII/ptolemy/actor/lib/test/auto/ArrayAppend.xml (RunModel)" time="0.053" />
  <testcase classname="ptolemy.util.test.junit.AutoTests" name="[6] /home/travis/build/icyphy/ptII/ptolemy/actor/lib/test/auto/ArrayAppend2.xml (RunModel)" time="0.697" />
  <testcase classname="ptolemy.util.test.junit.AutoTests" name="[7] /home/travis/build/icyphy/ptII/ptolemy/actor/lib/test/auto/ArrayAppend3.xml (RunModel)" time="0.039" />
  <testcase classname="ptolemy.util.test.junit.AutoTests" name="[8] /home/travis/build/icyphy/ptII/ptolemy/actor/lib/test/auto/ArrayAppend4.xml (RunModel)" time="0.02" />
  <testcase classname="ptolemy.util.test.junit.AutoTests" name="[9] /home/travis/build/icyphy/ptII/ptolemy/actor/lib/test/auto/ArrayAppend5.xml (RunModel)" time="0.035" />
  <testcase classname="ptolemy.util.test.junit.AutoTests" name="[10] /home/travis/build/icyphy/ptII/ptolemy/actor/lib/test/auto/ArrayAppend6.xml (RunModel)" time="0.02" />
  <testcase classname="ptolemy.util.test.junit.AutoTests" name="[11] /home/travis/build/icyphy/ptII/ptolemy/actor/lib/test/auto/ArrayAppendPerformanceTest.xml (RunModel)" time="0.041" />
  <testcase classname="ptolemy.util.test.junit.AutoTests" name="[12] /home/travis/build/icyphy/ptII/ptolemy/actor/lib/test/auto/ArrayAppendWithEmptyInput.xml (RunModel)" time="0.076" />
  <testcase classname="ptolemy.util.test.junit.AutoTests" name="[13] /home/travis/build/icyphy/ptII/ptolemy/actor/lib/test/auto/ArrayAverage.xml (RunModel)" time="0.058" />
  <testcase classname="ptolemy.util.test.junit.AutoTests" name="[14] /home/travis/build/icyphy/ptII/ptolemy/actor/lib/test/auto/ArrayContains.xml (RunModel)" time="0.041" />
  <testcase classname="ptolemy.util.test.junit.AutoTests" name="[15] /home/travis/build/icyphy/ptII/ptolemy/actor/lib/test/auto/ArrayElement.xml (RunModel)" time="0.034" />
  <testcase classname="ptolemy.util.test.junit.AutoTests" name="[16] /home/travis/build/icyphy/ptII/ptolemy/actor/lib/test/auto/ArrayElementAsMatrix.xml (RunModel)" time="0.041" />
  <testcase classname="ptolemy.util.test.junit.AutoTests" name="[17] /home/travis/build/icyphy/ptII/ptolemy/actor/lib/test/auto/ArrayElementI.xml (RunModel)" time="0.018" />
  <testcase classname="ptolemy.util.test.junit.AutoTests" name="[18] /home/travis/build/icyphy/ptII/ptolemy/actor/lib/test/auto/ArrayExtract.xml (RunModel)" time="0.05" />
  <testcase classname="ptolemy.util.test.junit.AutoTests" name="[19] /home/travis/build/icyphy/ptII/ptolemy/actor/lib/test/auto/ArrayExtract2.xml (RunModel)" time="0.032" />
  <testcase classname="ptolemy.util.test.junit.AutoTests" name="[20] /home/travis/build/icyphy/ptII/ptolemy/actor/lib/test/auto/ArrayLength.xml (RunModel)" time="0.024" />
  <testcase classname="ptolemy.util.test.junit.AutoTests" name="[21] /home/travis/build/icyphy/ptII/ptolemy/actor/lib/test/auto/ArrayLevelCrossing.xml (RunModel)" time="0.035" />
  <testcase classname="ptolemy.util.test.junit.AutoTests" name="[22] /home/travis/build/icyphy/ptII/ptolemy/actor/lib/test/auto/ArrayLevelCrossing2.xml (RunModel)" time="0.031" />
  <testcase classname="ptolemy.util.test.junit.AutoTests" name="[23] /home/travis/build/icyphy/ptII/ptolemy/actor/lib/test/auto/ArrayPeakSearch.xml (RunModel)" time="0.054" />
  <testcase classname="ptolemy.util.test.junit.AutoTests" name="[24] /home/travis/build/icyphy/ptII/ptolemy/actor/lib/test/auto/ArrayPeakSearch2.xml (RunModel)" time="0.038" />
  <testcase classname="ptolemy.util.test.junit.AutoTests" name="[25] /home/travis/build/icyphy/ptII/ptolemy/actor/lib/test/auto/ArrayPeakSearch3.xml (RunModel)" time="0.038" />
  <testcase classname="ptolemy.util.test.junit.AutoTests" name="[26] /home/travis/build/icyphy/ptII/ptolemy/actor/lib/test/auto/ArrayRemoveElement.xml (RunModel)" time="0.038" />
  <testcase classname="ptolemy.util.test.junit.AutoTests" name="[27] /home/travis/build/icyphy/ptII/ptolemy/actor/lib/test/auto/ArraySort.xml (RunModel)" time="0.086" />
  <testcase classname="ptolemy.util.test.junit.AutoTests" name="[28] /home/travis/build/icyphy/ptII/ptolemy/actor/lib/test/auto/ArraySum.xml (RunModel)" time="0.019" />
  <testcase classname="ptolemy.util.test.junit.AutoTests" name="[29] /home/travis/build/icyphy/ptII/ptolemy/actor/lib/test/auto/ArrayToElements.xml (RunModel)" time="0.021" />
  <testcase classname="ptolemy.util.test.junit.AutoTests" name="[30] /home/travis/build/icyphy/ptII/ptolemy/actor/lib/test/auto/ArrayToMatrix.xml (RunModel)" time="0.065" />
  <testcase classname="ptolemy.util.test.junit.AutoTests" name="[31] /home/travis/build/icyphy/ptII/ptolemy/actor/lib/test/auto/ArrayUpdate1.xml (RunModel)" time="0.025" />
  <testcase classname="ptolemy.util.test.junit.AutoTests" name="[32] /home/travis/build/icyphy/ptII/ptolemy/actor/lib/test/auto/ArrayUpdate2.xml (RunModel)" time="0.023" />
  <testcase classname="ptolemy.util.test.junit.AutoTests" name="[33] /home/travis/build/icyphy/ptII/ptolemy/actor/lib/test/auto/ArrayUpdate3.xml (RunModel)" time="0.016" />
  <testcase classname="ptolemy.util.test.junit.AutoTests" name="[34] /home/travis/build/icyphy/ptII/ptolemy/actor/lib/test/auto/Assert1.xml (RunModel)" time="0.023" />
  <testcase classname="ptolemy.util.test.junit.AutoTests" name="[35] /home/travis/build/icyphy/ptII/ptolemy/actor/lib/test/auto/Assert2.xml (RunModel)" time="0.016" />
  <testcase classname="ptolemy.util.test.junit.AutoTests" name="[36] /home/travis/build/icyphy/ptII/ptolemy/actor/lib/test/auto/BooleanMultiplexor.xml (RunModel)" time="0.014" />
  <testcase classname="ptolemy.util.test.junit.AutoTests" name="[37] /home/travis/build/icyphy/ptII/ptolemy/actor/lib/test/auto/BooleanMultiplexor2.xml (RunModel)" time="0.026" />
  <testcase classname="ptolemy.util.test.junit.AutoTests" name="[38] /home/travis/build/icyphy/ptII/ptolemy/actor/lib/test/auto/BooleanMultiplexor3.xml (RunModel)" time="0.019" />
  <testcase classname="ptolemy.util.test.junit.AutoTests" name="[39] /home/travis/build/icyphy/ptII/ptolemy/actor/lib/test/auto/BooleanSelect.xml (RunModel)" time="0.015" />
  <testcase classname="ptolemy.util.test.junit.AutoTests" name="[40] /home/travis/build/icyphy/ptII/ptolemy/actor/lib/test/auto/BooleanSelect2.xml (RunModel)" time="0.017" />
  <testcase classname="ptolemy.util.test.junit.AutoTests" name="[41] /home/travis/build/icyphy/ptII/ptolemy/actor/lib/test/auto/BooleanSwitch.xml (RunModel)" time="0.017" />
  <testcase classname="ptolemy.util.test.junit.AutoTests" name="[42] /home/travis/build/icyphy/ptII/ptolemy/actor/lib/test/auto/BooleanSwitch2.xml (RunModel)" time="0.01" />
  <testcase classname="ptolemy.util.test.junit.AutoTests" name="[43] /home/travis/build/icyphy/ptII/ptolemy/actor/lib/test/auto/BooleanSwitchCloningBugWithClassRelationGroup.xml (RunModel)" time="0.02" />
  <testcase classname="ptolemy.util.test.junit.AutoTests" name="[44] /home/travis/build/icyphy/ptII/ptolemy/actor/lib/test/auto/BusActors.xml (RunModel)" time="0.027" />
  <testcase classname="ptolemy.util.test.junit.AutoTests" name="[45] /home/travis/build/icyphy/ptII/ptolemy/actor/lib/test/auto/ClassWrapper.xml (RunModel)" time="0.009" />
  <testcase classname="ptolemy.util.test.junit.AutoTests" name="[46] /home/travis/build/icyphy/ptII/ptolemy/actor/lib/test/auto/Clock.xml (RunModel)" time="0.009" />
  <testcase classname="ptolemy.util.test.junit.AutoTests" name="[47] /home/travis/build/icyphy/ptII/ptolemy/actor/lib/test/auto/Clock10.xml (RunModel)" time="0.016" />
  <testcase classname="ptolemy.util.test.junit.AutoTests" name="[48] /home/travis/build/icyphy/ptII/ptolemy/actor/lib/test/auto/Clock11.xml (RunModel)" time="0.017" />
  <testcase classname="ptolemy.util.test.junit.AutoTests" name="[49] /home/travis/build/icyphy/ptII/ptolemy/actor/lib/test/auto/Clock12.xml (RunModel)" time="0.016" />
  <testcase classname="ptolemy.util.test.junit.AutoTests" name="[50] /home/travis/build/icyphy/ptII/ptolemy/actor/lib/test/auto/Clock13.xml (RunModel)" time="0.022" />
  <testcase classname="ptolemy.util.test.junit.AutoTests" name="[51] /home/travis/build/icyphy/ptII/ptolemy/actor/lib/test/auto/Clock14.xml (RunModel)" time="0.018" />
  <testcase classname="ptolemy.util.test.junit.AutoTests" name="[52] /home/travis/build/icyphy/ptII/ptolemy/actor/lib/test/auto/Clock15.xml (RunModel)" time="0.009" />
  <testcase classname="ptolemy.util.test.junit.AutoTests" name="[53] /home/travis/build/icyphy/ptII/ptolemy/actor/lib/test/auto/Clock16.xml (RunModel)" time="0.076" />
  <testcase classname="ptolemy.util.test.junit.AutoTests" name="[54] /home/travis/build/icyphy/ptII/ptolemy/actor/lib/test/auto/Clock17.xml (RunModel)" time="0.063" />
  <testcase classname="ptolemy.util.test.junit.AutoTests" name="[55] /home/travis/build/icyphy/ptII/ptolemy/actor/lib/test/auto/Clock18.xml (RunModel)" time="0.034" />
  <testcase classname="ptolemy.util.test.junit.AutoTests" name="[56] /home/travis/build/icyphy/ptII/ptolemy/actor/lib/test/auto/Clock19.xml (RunModel)" time="0.031" />
  <testcase classname="ptolemy.util.test.junit.AutoTests" name="[57] /home/travis/build/icyphy/ptII/ptolemy/actor/lib/test/auto/Clock2.xml (RunModel)" time="0.012" />
  <testcase classname="ptolemy.util.test.junit.AutoTests" name="[58] /home/travis/build/icyphy/ptII/ptolemy/actor/lib/test/auto/Clock20.xml (RunModel)" time="0.024" />
  <testcase classname="ptolemy.util.test.junit.AutoTests" name="[59] /home/travis/build/icyphy/ptII/ptolemy/actor/lib/test/auto/Clock21.xml (RunModel)" time="0.015" />
  <testcase classname="ptolemy.util.test.junit.AutoTests" name="[60] /home/travis/build/icyphy/ptII/ptolemy/actor/lib/test/auto/Clock22.xml (RunModel)" time="0.012" />
  <testcase classname="ptolemy.util.test.junit.AutoTests" name="[61] /home/travis/build/icyphy/ptII/ptolemy/actor/lib/test/auto/Clock23.xml (RunModel)" time="0.012" />
  <testcase classname="ptolemy.util.test.junit.AutoTests" name="[62] /home/travis/build/icyphy/ptII/ptolemy/actor/lib/test/auto/Clock24.xml (RunModel)" time="0.017" />
  <testcase classname="ptolemy.util.test.junit.AutoTests" name="[63] /home/travis/build/icyphy/ptII/ptolemy/actor/lib/test/auto/Clock4.xml (RunModel)" time="0.01" />
  <testcase classname="ptolemy.util.test.junit.AutoTests" name="[64] /home/travis/build/icyphy/ptII/ptolemy/actor/lib/test/auto/Clock5.xml (RunModel)" time="0.016" />
  <testcase classname="ptolemy.util.test.junit.AutoTests" name="[65] /home/travis/build/icyphy/ptII/ptolemy/actor/lib/test/auto/Clock6.xml (RunModel)" time="0.012" />
  <testcase classname="ptolemy.util.test.junit.AutoTests" name="[66] /home/travis/build/icyphy/ptII/ptolemy/actor/lib/test/auto/Clock7.xml (RunModel)" time="0.01" />
  <testcase classname="ptolemy.util.test.junit.AutoTests" name="[67] /home/travis/build/icyphy/ptII/ptolemy/actor/lib/test/auto/Clock8.xml (RunModel)" time="0.012" />
  <testcase classname="ptolemy.util.test.junit.AutoTests" name="[68] /home/travis/build/icyphy/ptII/ptolemy/actor/lib/test/auto/Clock9.xml (RunModel)" time="0.017" />
  <testcase classname="ptolemy.util.test.junit.AutoTests" name="[69] /home/travis/build/icyphy/ptII/ptolemy/actor/lib/test/auto/CommDistDiscard.xml (RunModel)" time="0.019" />
  <testcase classname="ptolemy.util.test.junit.AutoTests" name="[70] /home/travis/build/icyphy/ptII/ptolemy/actor/lib/test/auto/Commutator.xml (RunModel)" time="0.013" />
  <testcase classname="ptolemy.util.test.junit.AutoTests" name="[71] /home/travis/build/icyphy/ptII/ptolemy/actor/lib/test/auto/Commutator2.xml (RunModel)" time="0.01" />
  <testcase classname="ptolemy.util.test.junit.AutoTests" name="[72] /home/travis/build/icyphy/ptII/ptolemy/actor/lib/test/auto/Commutator3.xml (RunModel)" time="0.015" />
  <testcase classname="ptolemy.util.test.junit.AutoTests" name="[73] /home/travis/build/icyphy/ptII/ptolemy/actor/lib/test/auto/Compare.xml (RunModel)" time="0.02" />
  <testcase classname="ptolemy.util.test.junit.AutoTests" name="[74] /home/travis/build/icyphy/ptII/ptolemy/actor/lib/test/auto/CompareDE.xml (RunModel)" time="0.019" />
  <testcase classname="ptolemy.util.test.junit.AutoTests" name="[75] /home/travis/build/icyphy/ptII/ptolemy/actor/lib/test/auto/ComplexDivide.xml (RunModel)" time="0.01" />
  <testcase classname="ptolemy.util.test.junit.AutoTests" name="[76] /home/travis/build/icyphy/ptII/ptolemy/actor/lib/test/auto/ComputeHistogram.xml (RunModel)" time="0.072" />
  <testcase classname="ptolemy.util.test.junit.AutoTests" name="[77] /home/travis/build/icyphy/ptII/ptolemy/actor/lib/test/auto/ConfigurationSelect.xml (RunModel)" time="0.02" />
  <testcase classname="ptolemy.util.test.junit.AutoTests" name="[78] /home/travis/build/icyphy/ptII/ptolemy/actor/lib/test/auto/ConfigurationSelect2.xml (RunModel)" time="0.016" />
  <testcase classname="ptolemy.util.test.junit.AutoTests" name="[79] /home/travis/build/icyphy/ptII/ptolemy/actor/lib/test/auto/ConfigurationSwitch.xml (RunModel)" time="0.02" />
  <testcase classname="ptolemy.util.test.junit.AutoTests" name="[80] /home/travis/build/icyphy/ptII/ptolemy/actor/lib/test/auto/ConfigurationSwitch2.xml (RunModel)" time="0.022" />
  <testcase classname="ptolemy.util.test.junit.AutoTests" name="[81] /home/travis/build/icyphy/ptII/ptolemy/actor/lib/test/auto/ConfigurationSwitchCloningBugWithClassRelationGroup.xml (RunModel)" time="0.027" />
  <testcase classname="ptolemy.util.test.junit.AutoTests" name="[82] /home/travis/build/icyphy/ptII/ptolemy/actor/lib/test/auto/ConfigurationSwitchSelectSDF.xml (RunModel)" time="0.021" />
  <testcase classname="ptolemy.util.test.junit.AutoTests" name="[83] /home/travis/build/icyphy/ptII/ptolemy/actor/lib/test/auto/ConfigurationSwitchSelectSDF2.xml (RunModel)" time="0.014" />
  <testcase classname="ptolemy.util.test.junit.AutoTests" name="[84] /home/travis/build/icyphy/ptII/ptolemy/actor/lib/test/auto/Const.xml (RunModel)" time="0.008" />
  <testcase classname="ptolemy.util.test.junit.AutoTests" name="[85] /home/travis/build/icyphy/ptII/ptolemy/actor/lib/test/auto/Const2.xml (RunModel)" time="0.011" />
  <testcase classname="ptolemy.util.test.junit.AutoTests" name="[86] /home/travis/build/icyphy/ptII/ptolemy/actor/lib/test/auto/Const3.xml (RunModel)" time="0.006" />
  <testcase classname="ptolemy.util.test.junit.AutoTests" name="[87] /home/travis/build/icyphy/ptII/ptolemy/actor/lib/test/auto/ConstantPublisherPort1.xml (RunModel)" time="0.028" />
  <testcase classname="ptolemy.util.test.junit.AutoTests" name="[88] /home/travis/build/icyphy/ptII/ptolemy/actor/lib/test/auto/ConstantPublisherPort2.xml (RunModel)" time="0.033" />
  <testcase classname="ptolemy.util.test.junit.AutoTests" name="[89] /home/travis/build/icyphy/ptII/ptolemy/actor/lib/test/auto/ConstantPublisherPort3.xml (RunModel)" time="0.03" />
  <testcase classname="ptolemy.util.test.junit.AutoTests" name="[90] /home/travis/build/icyphy/ptII/ptolemy/actor/lib/test/auto/ConstantPublisherPort4.xml (RunModel)" time="0.022" />
  <testcase classname="ptolemy.util.test.junit.AutoTests" name="[91] /home/travis/build/icyphy/ptII/ptolemy/actor/lib/test/auto/ConstantPublisherPort5.xml (RunModel)" time="0.045" />
  <testcase classname="ptolemy.util.test.junit.AutoTests" name="[92] /home/travis/build/icyphy/ptII/ptolemy/actor/lib/test/auto/ConstantPublisherPort6.xml (RunModel)" time="0.037" />
  <testcase classname="ptolemy.util.test.junit.AutoTests" name="[93] /home/travis/build/icyphy/ptII/ptolemy/actor/lib/test/auto/ConstantPublisherPort7.xml (RunModel)" time="0.055" />
  <testcase classname="ptolemy.util.test.junit.AutoTests" name="[94] /home/travis/build/icyphy/ptII/ptolemy/actor/lib/test/auto/ConstraintMonitor1.xml (RunModel)" time="0.036" />
  <testcase classname="ptolemy.util.test.junit.AutoTests" name="[95] /home/travis/build/icyphy/ptII/ptolemy/actor/lib/test/auto/ConstraintMonitor2.xml (RunModel)" time="0.019" />
  <testcase classname="ptolemy.util.test.junit.AutoTests" name="[96] /home/travis/build/icyphy/ptII/ptolemy/actor/lib/test/auto/ConstraintMonitor3.xml (RunModel)" time="0.012" />
  <testcase classname="ptolemy.util.test.junit.AutoTests" name="[97] /home/travis/build/icyphy/ptII/ptolemy/actor/lib/test/auto/ConstraintMonitor4.xml (RunModel)" time="0.016" />
  <testcase classname="ptolemy.util.test.junit.AutoTests" name="[98] /home/travis/build/icyphy/ptII/ptolemy/actor/lib/test/auto/ConstraintMonitor5.xml (RunModel)" time="0.01" />
  <testcase classname="ptolemy.util.test.junit.AutoTests" name="[99] /home/travis/build/icyphy/ptII/ptolemy/actor/lib/test/auto/ConstraintMonitor6.xml (RunModel)" time="0.02" />
  <testcase classname="ptolemy.util.test.junit.AutoTests" name="[100] /home/travis/build/icyphy/ptII/ptolemy/actor/lib/test/auto/ConstraintMonitor7.xml (RunModel)" time="0.018" />
  <testcase classname="ptolemy.util.test.junit.AutoTests" name="[101] /home/travis/build/icyphy/ptII/ptolemy/actor/lib/test/auto/ConstraintMonitor8.xml (RunModel)" time="0.026" />
  <testcase classname="ptolemy.util.test.junit.AutoTests" name="[102] /home/travis/build/icyphy/ptII/ptolemy/actor/lib/test/auto/Counter.xml (RunModel)" time="0.01" />
  <testcase classname="ptolemy.util.test.junit.AutoTests" name="[103] /home/travis/build/icyphy/ptII/ptolemy/actor/lib/test/auto/CurrentTimeSDF.xml (RunModel)" time="0.008" />
  <testcase classname="ptolemy.util.test.junit.AutoTests" name="[104] /home/travis/build/icyphy/ptII/ptolemy/actor/lib/test/auto/DB.xml (RunModel)" time="0.01" />
  <testcase classname="ptolemy.util.test.junit.AutoTests" name="[105] /home/travis/build/icyphy/ptII/ptolemy/actor/lib/test/auto/DBDE.xml (RunModel)" time="0.012" />
  <testcase classname="ptolemy.util.test.junit.AutoTests" name="[106] /home/travis/build/icyphy/ptII/ptolemy/actor/lib/test/auto/DateConstructor.xml (RunModel)" time="0.049" />
  <testcase classname="ptolemy.util.test.junit.AutoTests" name="[107] /home/travis/build/icyphy/ptII/ptolemy/actor/lib/test/auto/DelayTime.xml (RunModel)" time="0.015" />
  <testcase classname="ptolemy.util.test.junit.AutoTests" name="[108] /home/travis/build/icyphy/ptII/ptolemy/actor/lib/test/auto/Dictionary1.xml (RunModel)" time="0.02" />
  <testcase classname="ptolemy.util.test.junit.AutoTests" name="[109] /home/travis/build/icyphy/ptII/ptolemy/actor/lib/test/auto/Dictionary2.xml (RunModel)" time="0.012" />
  <testcase classname="ptolemy.util.test.junit.AutoTests" name="[110] /home/travis/build/icyphy/ptII/ptolemy/actor/lib/test/auto/Dictionary3.xml (RunModel)" time="0.013" />
  <testcase classname="ptolemy.util.test.junit.AutoTests" name="[111] /home/travis/build/icyphy/ptII/ptolemy/actor/lib/test/auto/Dictionary4.xml (RunModel)" time="0.022" />
  <testcase classname="ptolemy.util.test.junit.AutoTests" name="[112] /home/travis/build/icyphy/ptII/ptolemy/actor/lib/test/auto/Differential.xml (RunModel)" time="0.01" />
  <testcase classname="ptolemy.util.test.junit.AutoTests" name="[113] /home/travis/build/icyphy/ptII/ptolemy/actor/lib/test/auto/Director.xml (RunModel)" time="0.01" />
  <testcase classname="ptolemy.util.test.junit.AutoTests" name="[114] /home/travis/build/icyphy/ptII/ptolemy/actor/lib/test/auto/DiscreteClock.xml (RunModel)" time="0.01" />
  <testcase classname="ptolemy.util.test.junit.AutoTests" name="[115] /home/travis/build/icyphy/ptII/ptolemy/actor/lib/test/auto/DiscreteClock10.xml (RunModel)" time="0.014" />
  <testcase classname="ptolemy.util.test.junit.AutoTests" name="[116] /home/travis/build/icyphy/ptII/ptolemy/actor/lib/test/auto/DiscreteClock11.xml (RunModel)" time="0.014" />
  <testcase classname="ptolemy.util.test.junit.AutoTests" name="[117] /home/travis/build/icyphy/ptII/ptolemy/actor/lib/test/auto/DiscreteClock12.xml (RunModel)" time="0.011" />
  <testcase classname="ptolemy.util.test.junit.AutoTests" name="[118] /home/travis/build/icyphy/ptII/ptolemy/actor/lib/test/auto/DiscreteClock13.xml (RunModel)" time="0.016" />
  <testcase classname="ptolemy.util.test.junit.AutoTests" name="[119] /home/travis/build/icyphy/ptII/ptolemy/actor/lib/test/auto/DiscreteClock14.xml (RunModel)" time="0.02" />
  <testcase classname="ptolemy.util.test.junit.AutoTests" name="[120] /home/travis/build/icyphy/ptII/ptolemy/actor/lib/test/auto/DiscreteClock15.xml (RunModel)" time="0.015" />
  <testcase classname="ptolemy.util.test.junit.AutoTests" name="[121] /home/travis/build/icyphy/ptII/ptolemy/actor/lib/test/auto/DiscreteClock16.xml (RunModel)" time="0.647" />
  <testcase classname="ptolemy.util.test.junit.AutoTests" name="[122] /home/travis/build/icyphy/ptII/ptolemy/actor/lib/test/auto/DiscreteClock17.xml (RunModel)" time="0.044" />
  <testcase classname="ptolemy.util.test.junit.AutoTests" name="[123] /home/travis/build/icyphy/ptII/ptolemy/actor/lib/test/auto/DiscreteClock18.xml (RunModel)" time="0.027" />
  <testcase classname="ptolemy.util.test.junit.AutoTests" name="[124] /home/travis/build/icyphy/ptII/ptolemy/actor/lib/test/auto/DiscreteClock19.xml (RunModel)" time="0.051" />
  <testcase classname="ptolemy.util.test.junit.AutoTests" name="[125] /home/travis/build/icyphy/ptII/ptolemy/actor/lib/test/auto/DiscreteClock2.xml (RunModel)" time="0.014" />
  <testcase classname="ptolemy.util.test.junit.AutoTests" name="[126] /home/travis/build/icyphy/ptII/ptolemy/actor/lib/test/auto/DiscreteClock20.xml (RunModel)" time="0.021" />
  <testcase classname="ptolemy.util.test.junit.AutoTests" name="[127] /home/travis/build/icyphy/ptII/ptolemy/actor/lib/test/auto/DiscreteClock21.xml (RunModel)" time="0.017" />
  <testcase classname="ptolemy.util.test.junit.AutoTests" name="[128] /home/travis/build/icyphy/ptII/ptolemy/actor/lib/test/auto/DiscreteClock22.xml (RunModel)" time="0.014" />
  <testcase classname="ptolemy.util.test.junit.AutoTests" name="[129] /home/travis/build/icyphy/ptII/ptolemy/actor/lib/test/auto/DiscreteClock23.xml (RunModel)" time="0.018" />
  <testcase classname="ptolemy.util.test.junit.AutoTests" name="[130] /home/travis/build/icyphy/ptII/ptolemy/actor/lib/test/auto/DiscreteClock24.xml (RunModel)" time="0.014" />
  <testcase classname="ptolemy.util.test.junit.AutoTests" name="[131] /home/travis/build/icyphy/ptII/ptolemy/actor/lib/test/auto/DiscreteClock4.xml (RunModel)" time="0.016" />
  <testcase classname="ptolemy.util.test.junit.AutoTests" name="[132] /home/travis/build/icyphy/ptII/ptolemy/actor/lib/test/auto/DiscreteClock5.xml (RunModel)" time="0.008" />
  <testcase classname="ptolemy.util.test.junit.AutoTests" name="[133] /home/travis/build/icyphy/ptII/ptolemy/actor/lib/test/auto/DiscreteClock6.xml (RunModel)" time="0.008" />
  <testcase classname="ptolemy.util.test.junit.AutoTests" name="[134] /home/travis/build/icyphy/ptII/ptolemy/actor/lib/test/auto/DiscreteClock7.xml (RunModel)" time="0.009" />
  <testcase classname="ptolemy.util.test.junit.AutoTests" name="[135] /home/travis/build/icyphy/ptII/ptolemy/actor/lib/test/auto/DiscreteClock8.xml (RunModel)" time="0.013" />
  <testcase classname="ptolemy.util.test.junit.AutoTests" name="[136] /home/travis/build/icyphy/ptII/ptolemy/actor/lib/test/auto/DiscreteClock9.xml (RunModel)" time="0.014" />
  <testcase classname="ptolemy.util.test.junit.AutoTests" name="[137] /home/travis/build/icyphy/ptII/ptolemy/actor/lib/test/auto/DisplayArray.xml (RunModel)" time="0.015" />
  <testcase classname="ptolemy.util.test.junit.AutoTests" name="[138] /home/travis/build/icyphy/ptII/ptolemy/actor/lib/test/auto/Distributor.xml (RunModel)" time="0.007" />
  <testcase classname="ptolemy.util.test.junit.AutoTests" name="[139] /home/travis/build/icyphy/ptII/ptolemy/actor/lib/test/auto/Distributor2.xml (RunModel)" time="0.012" />
  <testcase classname="ptolemy.util.test.junit.AutoTests" name="[140] /home/travis/build/icyphy/ptII/ptolemy/actor/lib/test/auto/DownSample.xml (RunModel)" time="0.008" />
  <testcase classname="ptolemy.util.test.junit.AutoTests" name="[141] /home/travis/build/icyphy/ptII/ptolemy/actor/lib/test/auto/ElectronicUnitBase1.xml (RunModel)" time="0.054" />
  <testcase classname="ptolemy.util.test.junit.AutoTests" name="[142] /home/travis/build/icyphy/ptII/ptolemy/actor/lib/test/auto/ElementsToArray.xml (RunModel)" time="0.01" />
  <testcase classname="ptolemy.util.test.junit.AutoTests" name="[143] /home/travis/build/icyphy/ptII/ptolemy/actor/lib/test/auto/Equals.xml (RunModel)" time="0.019" />
  <testcase classname="ptolemy.util.test.junit.AutoTests" name="[144] /home/travis/build/icyphy/ptII/ptolemy/actor/lib/test/auto/Exec.xml (RunModel)" time="0.019" />
  <testcase classname="ptolemy.util.test.junit.AutoTests" name="[145] /home/travis/build/icyphy/ptII/ptolemy/actor/lib/test/auto/ExecEnvironment.xml (RunModel)" time="0.033" />
  <testcase classname="ptolemy.util.test.junit.AutoTests" name="[146] /home/travis/build/icyphy/ptII/ptolemy/actor/lib/test/auto/ExecNonZeroReturnOutput.xml (RunModel)" time="0.16" />
  <testcase classname="ptolemy.util.test.junit.AutoTests" name="[147] /home/travis/build/icyphy/ptII/ptolemy/actor/lib/test/auto/ExecRunDemos.xml (RunModel)" time="9.282" />
  <testcase classname="ptolemy.util.test.junit.AutoTests" name="[148] /home/travis/build/icyphy/ptII/ptolemy/actor/lib/test/auto/ExecStop.xml (RunModel)" time="5.022" />
  <testcase classname="ptolemy.util.test.junit.AutoTests" name="[149] /home/travis/build/icyphy/ptII/ptolemy/actor/lib/test/auto/ExecutionTimeSDF.xml (RunModel)" time="6.039" />
  <testcase classname="ptolemy.util.test.junit.AutoTests" name="[150] /home/travis/build/icyphy/ptII/ptolemy/actor/lib/test/auto/Expression1.xml (RunModel)" time="0.009" />
  <testcase classname="ptolemy.util.test.junit.AutoTests" name="[151] /home/travis/build/icyphy/ptII/ptolemy/actor/lib/test/auto/Expression10.xml (RunModel)" time="0.043" />
  <testcase classname="ptolemy.util.test.junit.AutoTests" name="[152] /home/travis/build/icyphy/ptII/ptolemy/actor/lib/test/auto/Expression11.xml (RunModel)" time="0.02" />
  <testcase classname="ptolemy.util.test.junit.AutoTests" name="[153] /home/travis/build/icyphy/ptII/ptolemy/actor/lib/test/auto/Expression12.xml (RunModel)" time="0.015" />
  <testcase classname="ptolemy.util.test.junit.AutoTests" name="[154] /home/travis/build/icyphy/ptII/ptolemy/actor/lib/test/auto/Expression13.xml (RunModel)" time="0.013" />
  <testcase classname="ptolemy.util.test.junit.AutoTests" name="[155] /home/travis/build/icyphy/ptII/ptolemy/actor/lib/test/auto/Expression14.xml (RunModel)" time="0.043" />
  <testcase classname="ptolemy.util.test.junit.AutoTests" name="[156] /home/travis/build/icyphy/ptII/ptolemy/actor/lib/test/auto/Expression15.xml (RunModel)" time="0.019" />
  <testcase classname="ptolemy.util.test.junit.AutoTests" name="[157] /home/travis/build/icyphy/ptII/ptolemy/actor/lib/test/auto/Expression16.xml (RunModel)" time="0.029" />
  <testcase classname="ptolemy.util.test.junit.AutoTests" name="[158] /home/travis/build/icyphy/ptII/ptolemy/actor/lib/test/auto/Expression17.xml (RunModel)" time="0.013" />
  <testcase classname="ptolemy.util.test.junit.AutoTests" name="[159] /home/travis/build/icyphy/ptII/ptolemy/actor/lib/test/auto/Expression18.xml (RunModel)" time="0.018" />
  <testcase classname="ptolemy.util.test.junit.AutoTests" name="[160] /home/travis/build/icyphy/ptII/ptolemy/actor/lib/test/auto/Expression2.xml (RunModel)" time="0.02" />
  <testcase classname="ptolemy.util.test.junit.AutoTests" name="[161] /home/travis/build/icyphy/ptII/ptolemy/actor/lib/test/auto/Expression3.xml (RunModel)" time="0.012" />
  <testcase classname="ptolemy.util.test.junit.AutoTests" name="[162] /home/travis/build/icyphy/ptII/ptolemy/actor/lib/test/auto/Expression4.xml (RunModel)" time="0.02" />
  <testcase classname="ptolemy.util.test.junit.AutoTests" name="[163] /home/travis/build/icyphy/ptII/ptolemy/actor/lib/test/auto/Expression5.xml (RunModel)" time="0.015" />
  <testcase classname="ptolemy.util.test.junit.AutoTests" name="[164] /home/travis/build/icyphy/ptII/ptolemy/actor/lib/test/auto/Expression6.xml (RunModel)" time="0.017" />
  <testcase classname="ptolemy.util.test.junit.AutoTests" name="[165] /home/travis/build/icyphy/ptII/ptolemy/actor/lib/test/auto/Expression7.xml (RunModel)" time="0.014" />
  <testcase classname="ptolemy.util.test.junit.AutoTests" name="[166] /home/travis/build/icyphy/ptII/ptolemy/actor/lib/test/auto/Expression8.xml (RunModel)" time="0.017" />
  <testcase classname="ptolemy.util.test.junit.AutoTests" name="[167] /home/travis/build/icyphy/ptII/ptolemy/actor/lib/test/auto/Expression9.xml (RunModel)" time="0.009" />
  <testcase classname="ptolemy.util.test.junit.AutoTests" name="[168] /home/travis/build/icyphy/ptII/ptolemy/actor/lib/test/auto/ExpressionConcatenateArrayType.xml (RunModel)" time="0.028" />
  <testcase classname="ptolemy.util.test.junit.AutoTests" name="[169] /home/travis/build/icyphy/ptII/ptolemy/actor/lib/test/auto/ExpressionConcatenateArrayType2.xml (RunModel)" time="0.025" />
  <testcase classname="ptolemy.util.test.junit.AutoTests" name="[170] /home/travis/build/icyphy/ptII/ptolemy/actor/lib/test/auto/ExpressionFix.xml (RunModel)" time="0.029" />
  <testcase classname="ptolemy.util.test.junit.AutoTests" name="[171] /home/travis/build/icyphy/ptII/ptolemy/actor/lib/test/auto/ExpressionFix2.xml (RunModel)" time="0.017" />
  <testcase classname="ptolemy.util.test.junit.AutoTests" name="[172] /home/travis/build/icyphy/ptII/ptolemy/actor/lib/test/auto/ExpressionFix3.xml (RunModel)" time="0.013" />
  <testcase classname="ptolemy.util.test.junit.AutoTests" name="[173] /home/travis/build/icyphy/ptII/ptolemy/actor/lib/test/auto/FileWriter1.xml (RunModel)" time="0.009" />
  <testcase classname="ptolemy.util.test.junit.AutoTests" name="[174] /home/travis/build/icyphy/ptII/ptolemy/actor/lib/test/auto/FileWriter2.xml (RunModel)" time="0.009" />
  <testcase classname="ptolemy.util.test.junit.AutoTests" name="[175] /home/travis/build/icyphy/ptII/ptolemy/actor/lib/test/auto/FileWriter3.xml (RunModel)" time="0.01" />
  <testcase classname="ptolemy.util.test.junit.AutoTests" name="[176] /home/travis/build/icyphy/ptII/ptolemy/actor/lib/test/auto/Gaussian.xml (RunModel)" time="0.011" />
  <testcase classname="ptolemy.util.test.junit.AutoTests" name="[177] /home/travis/build/icyphy/ptII/ptolemy/actor/lib/test/auto/Gaussian1.xml (RunModel)" time="0.023" />
  <testcase classname="ptolemy.util.test.junit.AutoTests" name="[178] /home/travis/build/icyphy/ptII/ptolemy/actor/lib/test/auto/Gaussian2.xml (RunModel)" time="0.017" />
  <testcase classname="ptolemy.util.test.junit.AutoTests" name="[179] /home/travis/build/icyphy/ptII/ptolemy/actor/lib/test/auto/GradientAdaptiveLattice.xml (RunModel)" time="0.015" />
  <testcase classname="ptolemy.util.test.junit.AutoTests" name="[180] /home/travis/build/icyphy/ptII/ptolemy/actor/lib/test/auto/IIR.xml (RunModel)" time="0.009" />
  <testcase classname="ptolemy.util.test.junit.AutoTests" name="[181] /home/travis/build/icyphy/ptII/ptolemy/actor/lib/test/auto/InputOutputTransparentPorts.xml (RunModel)" time="0.017" />
  <testcase classname="ptolemy.util.test.junit.AutoTests" name="[182] /home/travis/build/icyphy/ptII/ptolemy/actor/lib/test/auto/Interpolator.xml (RunModel)" time="0.012" />
  <testcase classname="ptolemy.util.test.junit.AutoTests" name="[183] /home/travis/build/icyphy/ptII/ptolemy/actor/lib/test/auto/InterpolatorFiringLimitDE.xml (RunModel)" time="0.014" />
  <testcase classname="ptolemy.util.test.junit.AutoTests" name="[184] /home/travis/build/icyphy/ptII/ptolemy/actor/lib/test/auto/Lattice.xml (RunModel)" time="0.007" />
  <testcase classname="ptolemy.util.test.junit.AutoTests" name="[185] /home/travis/build/icyphy/ptII/ptolemy/actor/lib/test/auto/LazyAOCTestLazy.xml (RunModel)" time="0.03" />
  <testcase classname="ptolemy.util.test.junit.AutoTests" name="[186] /home/travis/build/icyphy/ptII/ptolemy/actor/lib/test/auto/LazyAOCTestNonLazy.xml (RunModel)" time="0.049" />
  <testcase classname="ptolemy.util.test.junit.AutoTests" name="[187] /home/travis/build/icyphy/ptII/ptolemy/actor/lib/test/auto/LazyInnerClass.xml (RunModel)" time="0.044" />
  <testcase classname="ptolemy.util.test.junit.AutoTests" name="[188] /home/travis/build/icyphy/ptII/ptolemy/actor/lib/test/auto/LazyPubSub.xml (RunModel)" time="0.057" />
  <testcase classname="ptolemy.util.test.junit.AutoTests" name="[189] /home/travis/build/icyphy/ptII/ptolemy/actor/lib/test/auto/LazyPubSub2.xml (RunModel)" time="0.062" />
  <testcase classname="ptolemy.util.test.junit.AutoTests" name="[190] /home/travis/build/icyphy/ptII/ptolemy/actor/lib/test/auto/LazyPubSub3.xml (RunModel)" time="0.031" />
  <testcase classname="ptolemy.util.test.junit.AutoTests" name="[191] /home/travis/build/icyphy/ptII/ptolemy/actor/lib/test/auto/LazySubClassModel.xml (RunModel)" time="0.022" />
  <testcase classname="ptolemy.util.test.junit.AutoTests" name="[192] /home/travis/build/icyphy/ptII/ptolemy/actor/lib/test/auto/LevelCrossTest1.xml (RunModel)" time="0.013" />
  <testcase classname="ptolemy.util.test.junit.AutoTests" name="[193] /home/travis/build/icyphy/ptII/ptolemy/actor/lib/test/auto/LevelCrossTest10.xml (RunModel)" time="0.018" />
  <testcase classname="ptolemy.util.test.junit.AutoTests" name="[194] /home/travis/build/icyphy/ptII/ptolemy/actor/lib/test/auto/LevelCrossTest11.xml (RunModel)" time="0.013" />
  <testcase classname="ptolemy.util.test.junit.AutoTests" name="[195] /home/travis/build/icyphy/ptII/ptolemy/actor/lib/test/auto/LevelCrossTest12.xml (RunModel)" time="0.02" />
  <testcase classname="ptolemy.util.test.junit.AutoTests" name="[196] /home/travis/build/icyphy/ptII/ptolemy/actor/lib/test/auto/LevelCrossTest13.xml (RunModel)" time="0.015" />
  <testcase classname="ptolemy.util.test.junit.AutoTests" name="[197] /home/travis/build/icyphy/ptII/ptolemy/actor/lib/test/auto/LevelCrossTest2.xml (RunModel)" time="0.01" />
  <testcase classname="ptolemy.util.test.junit.AutoTests" name="[198] /home/travis/build/icyphy/ptII/ptolemy/actor/lib/test/auto/LevelCrossTest3.xml (RunModel)" time="0.012" />
  <testcase classname="ptolemy.util.test.junit.AutoTests" name="[199] /home/travis/build/icyphy/ptII/ptolemy/actor/lib/test/auto/LevelCrossTest4.xml (RunModel)" time="0.012" />
  <testcase classname="ptolemy.util.test.junit.AutoTests" name="[200] /home/travis/build/icyphy/ptII/ptolemy/actor/lib/test/auto/LevelCrossTest5.xml (RunModel)" time="0.016" />
  <testcase classname="ptolemy.util.test.junit.AutoTests" name="[201] /home/travis/build/icyphy/ptII/ptolemy/actor/lib/test/auto/LevelCrossTest6.xml (RunModel)" time="0.014" />
  <testcase classname="ptolemy.util.test.junit.AutoTests" name="[202] /home/travis/build/icyphy/ptII/ptolemy/actor/lib/test/auto/LevelCrossTest7.xml (RunModel)" time="0.033" />
  <testcase classname="ptolemy.util.test.junit.AutoTests" name="[203] /home/travis/build/icyphy/ptII/ptolemy/actor/lib/test/auto/LevelCrossTest8.xml (RunModel)" time="0.02" />
  <testcase classname="ptolemy.util.test.junit.AutoTests" name="[204] /home/travis/build/icyphy/ptII/ptolemy/actor/lib/test/auto/LevelCrossTest9.xml (RunModel)" time="0.015" />
  <testcase classname="ptolemy.util.test.junit.AutoTests" name="[205] /home/travis/build/icyphy/ptII/ptolemy/actor/lib/test/auto/LevinsonDurbin.xml (RunModel)" time="0.009" />
  <testcase classname="ptolemy.util.test.junit.AutoTests" name="[206] /home/travis/build/icyphy/ptII/ptolemy/actor/lib/test/auto/LevinsonDurbin2.xml (RunModel)" time="0.008" />
  <testcase classname="ptolemy.util.test.junit.AutoTests" name="[207] /home/travis/build/icyphy/ptII/ptolemy/actor/lib/test/auto/LevinsonDurbin3.xml (RunModel)" time="0.007" />
  <testcase classname="ptolemy.util.test.junit.AutoTests" name="[208] /home/travis/build/icyphy/ptII/ptolemy/actor/lib/test/auto/Limiter.xml (RunModel)" time="0.029" />
  <testcase classname="ptolemy.util.test.junit.AutoTests" name="[209] /home/travis/build/icyphy/ptII/ptolemy/actor/lib/test/auto/LinearDifferenceEquationSystem.xml (RunModel)" time="0.02" />
  <testcase classname="ptolemy.util.test.junit.AutoTests" name="[210] /home/travis/build/icyphy/ptII/ptolemy/actor/lib/test/auto/LookupTable.xml (RunModel)" time="0.01" />
  <testcase classname="ptolemy.util.test.junit.AutoTests" name="[211] /home/travis/build/icyphy/ptII/ptolemy/actor/lib/test/auto/MathFunction.xml (RunModel)" time="0.016" />
  <testcase classname="ptolemy.util.test.junit.AutoTests" name="[212] /home/travis/build/icyphy/ptII/ptolemy/actor/lib/test/auto/MathFunction2.xml (RunModel)" time="0.01" />
  <testcase classname="ptolemy.util.test.junit.AutoTests" name="[213] /home/travis/build/icyphy/ptII/ptolemy/actor/lib/test/auto/MathFunction3.xml (RunModel)" time="0.019" />
  <testcase classname="ptolemy.util.test.junit.AutoTests" name="[214] /home/travis/build/icyphy/ptII/ptolemy/actor/lib/test/auto/MatrixCropBoolean.xml (RunModel)" time="0.011" />
  <testcase classname="ptolemy.util.test.junit.AutoTests" name="[215] /home/travis/build/icyphy/ptII/ptolemy/actor/lib/test/auto/MatrixCropComplex.xml (RunModel)" time="0.009" />
  <testcase classname="ptolemy.util.test.junit.AutoTests" name="[216] /home/travis/build/icyphy/ptII/ptolemy/actor/lib/test/auto/MatrixCropDouble.xml (RunModel)" time="0.009" />
  <testcase classname="ptolemy.util.test.junit.AutoTests" name="[217] /home/travis/build/icyphy/ptII/ptolemy/actor/lib/test/auto/MatrixCropFix.xml (RunModel)" time="0.01" />
  <testcase classname="ptolemy.util.test.junit.AutoTests" name="[218] /home/travis/build/icyphy/ptII/ptolemy/actor/lib/test/auto/MatrixCropInt.xml (RunModel)" time="0.008" />
  <testcase classname="ptolemy.util.test.junit.AutoTests" name="[219] /home/travis/build/icyphy/ptII/ptolemy/actor/lib/test/auto/MatrixCropLong.xml (RunModel)" time="0.008" />
  <testcase classname="ptolemy.util.test.junit.AutoTests" name="[220] /home/travis/build/icyphy/ptII/ptolemy/actor/lib/test/auto/MatrixToArray.xml (RunModel)" time="0.05" />
  <testcase classname="ptolemy.util.test.junit.AutoTests" name="[221] /home/travis/build/icyphy/ptII/ptolemy/actor/lib/test/auto/MaxIndex.xml (RunModel)" time="0.011" />
  <testcase classname="ptolemy.util.test.junit.AutoTests" name="[222] /home/travis/build/icyphy/ptII/ptolemy/actor/lib/test/auto/Maximum.xml (RunModel)" time="0.022" />
  <testcase classname="ptolemy.util.test.junit.AutoTests" name="[223] /home/travis/build/icyphy/ptII/ptolemy/actor/lib/test/auto/MaximumComplex.xml (RunModel)" time="0.015" />
  <testcase classname="ptolemy.util.test.junit.AutoTests" name="[224] /home/travis/build/icyphy/ptII/ptolemy/actor/lib/test/auto/MethodCallTest.xml (RunModel)" time="0.022" />
  <testcase classname="ptolemy.util.test.junit.AutoTests" name="[225] /home/travis/build/icyphy/ptII/ptolemy/actor/lib/test/auto/Minimum.xml (RunModel)" time="0.013" />
  <testcase classname="ptolemy.util.test.junit.AutoTests" name="[226] /home/travis/build/icyphy/ptII/ptolemy/actor/lib/test/auto/MinimumComplex.xml (RunModel)" time="0.014" />
  <testcase classname="ptolemy.util.test.junit.AutoTests" name="[227] /home/travis/build/icyphy/ptII/ptolemy/actor/lib/test/auto/MinimumMultiports.xml (RunModel)" time="0.019" />
  <testcase classname="ptolemy.util.test.junit.AutoTests" name="[228] /home/travis/build/icyphy/ptII/ptolemy/actor/lib/test/auto/ModifyDate.xml (RunModel)" time="0.04" />
  <testcase classname="ptolemy.util.test.junit.AutoTests" name="[229] /home/travis/build/icyphy/ptII/ptolemy/actor/lib/test/auto/ModifyDate2.xml (RunModel)" time="0.026" />
  <testcase classname="ptolemy.util.test.junit.AutoTests" name="[230] /home/travis/build/icyphy/ptII/ptolemy/actor/lib/test/auto/MovingAverage.xml (RunModel)" time="0.013" />
  <testcase classname="ptolemy.util.test.junit.AutoTests" name="[231] /home/travis/build/icyphy/ptII/ptolemy/actor/lib/test/auto/MovingMaximum.xml (RunModel)" time="0.009" />
  <testcase classname="ptolemy.util.test.junit.AutoTests" name="[232] /home/travis/build/icyphy/ptII/ptolemy/actor/lib/test/auto/MultipleLinksToSameRelation.xml (RunModel)" time="0.008" />
  <testcase classname="ptolemy.util.test.junit.AutoTests" name="[233] /home/travis/build/icyphy/ptII/ptolemy/actor/lib/test/auto/MultipleLinksToSameRelationDE.xml (RunModel)" time="0.014" />
  <testcase classname="ptolemy.util.test.junit.AutoTests" name="[234] /home/travis/build/icyphy/ptII/ptolemy/actor/lib/test/auto/Multiplexor.xml (RunModel)" time="0.012" />
  <testcase classname="ptolemy.util.test.junit.AutoTests" name="[235] /home/travis/build/icyphy/ptII/ptolemy/actor/lib/test/auto/Multiplexor1.xml (RunModel)" time="0.01" />
  <testcase classname="ptolemy.util.test.junit.AutoTests" name="[236] /home/travis/build/icyphy/ptII/ptolemy/actor/lib/test/auto/Multiplexor2.xml (RunModel)" time="0.012" />
  <testcase classname="ptolemy.util.test.junit.AutoTests" name="[237] /home/travis/build/icyphy/ptII/ptolemy/actor/lib/test/auto/Multiplexor3.xml (RunModel)" time="0.008" />
  <testcase classname="ptolemy.util.test.junit.AutoTests" name="[238] /home/travis/build/icyphy/ptII/ptolemy/actor/lib/test/auto/MultiplexorDE.xml (RunModel)" time="0.018" />
  <testcase classname="ptolemy.util.test.junit.AutoTests" name="[239] /home/travis/build/icyphy/ptII/ptolemy/actor/lib/test/auto/MultiportBroadcastTest.xml (RunModel)" time="0.096" />
  <testcase classname="ptolemy.util.test.junit.AutoTests" name="[240] /home/travis/build/icyphy/ptII/ptolemy/actor/lib/test/auto/MultiportOutHangDuringGetWidth.xml (RunModel)" time="0.039" />
  <testcase classname="ptolemy.util.test.junit.AutoTests" name="[241] /home/travis/build/icyphy/ptII/ptolemy/actor/lib/test/auto/NilToken.xml (RunModel)" time="0.013" />
  <testcase classname="ptolemy.util.test.junit.AutoTests" name="[242] /home/travis/build/icyphy/ptII/ptolemy/actor/lib/test/auto/NilTokenNonStrictTest.xml (RunModel)" time="0.011" />
  <testcase classname="ptolemy.util.test.junit.AutoTests" name="[243] /home/travis/build/icyphy/ptII/ptolemy/actor/lib/test/auto/NilTokenRecord.xml (RunModel)" time="0.022" />
  <testcase classname="ptolemy.util.test.junit.AutoTests" name="[244] /home/travis/build/icyphy/ptII/ptolemy/actor/lib/test/auto/NilTokenTypeTest.xml (RunModel)" time="0.043" />
  <testcase classname="ptolemy.util.test.junit.AutoTests" name="[245] /home/travis/build/icyphy/ptII/ptolemy/actor/lib/test/auto/ObjectToken1.xml (RunModel)" time="0.007" />
  <testcase classname="ptolemy.util.test.junit.AutoTests" name="[246] /home/travis/build/icyphy/ptII/ptolemy/actor/lib/test/auto/OrderedMerge.xml (RunModel)" time="0.009" />
  <testcase classname="ptolemy.util.test.junit.AutoTests" name="[247] /home/travis/build/icyphy/ptII/ptolemy/actor/lib/test/auto/OrderedRecordDisassembler.xml (RunModel)" time="0.015" />
  <testcase classname="ptolemy.util.test.junit.AutoTests" name="[248] /home/travis/build/icyphy/ptII/ptolemy/actor/lib/test/auto/OrderedRecordDisassembler2.xml (RunModel)" time="0.015" />
  <testcase classname="ptolemy.util.test.junit.AutoTests" name="[249] /home/travis/build/icyphy/ptII/ptolemy/actor/lib/test/auto/OrderedRecordUpdater.xml (RunModel)" time="0.008" />
  <testcase classname="ptolemy.util.test.junit.AutoTests" name="[250] /home/travis/build/icyphy/ptII/ptolemy/actor/lib/test/auto/OrderedRecordUpdater2.xml (RunModel)" time="0.009" />
  <testcase classname="ptolemy.util.test.junit.AutoTests" name="[251] /home/travis/build/icyphy/ptII/ptolemy/actor/lib/test/auto/PhaseUnwrap.xml (RunModel)" time="0.011" />
  <testcase classname="ptolemy.util.test.junit.AutoTests" name="[252] /home/travis/build/icyphy/ptII/ptolemy/actor/lib/test/auto/PoissonClock.xml (RunModel)" time="0.008" />
  <testcase classname="ptolemy.util.test.junit.AutoTests" name="[253] /home/travis/build/icyphy/ptII/ptolemy/actor/lib/test/auto/PoissonClock2.xml (RunModel)" time="0.007" />
  <testcase classname="ptolemy.util.test.junit.AutoTests" name="[254] /home/travis/build/icyphy/ptII/ptolemy/actor/lib/test/auto/PoissonClock3.xml (RunModel)" time="0.007" />
  <testcase classname="ptolemy.util.test.junit.AutoTests" name="[255] /home/travis/build/icyphy/ptII/ptolemy/actor/lib/test/auto/PubSubWithInitialTokens.xml (RunModel)" time="0.009" />
  <testcase classname="ptolemy.util.test.junit.AutoTests" name="[256] /home/travis/build/icyphy/ptII/ptolemy/actor/lib/test/auto/PubSubWithInitialTokens2.xml (RunModel)" time="0.009" />
  <testcase classname="ptolemy.util.test.junit.AutoTests" name="[257] /home/travis/build/icyphy/ptII/ptolemy/actor/lib/test/auto/PublisherClassNoParameter.xml (RunModel)" time="0.018" />
  <testcase classname="ptolemy.util.test.junit.AutoTests" name="[258] /home/travis/build/icyphy/ptII/ptolemy/actor/lib/test/auto/PublisherClassParameter.xml (RunModel)" time="0.017" />
  <testcase classname="ptolemy.util.test.junit.AutoTests" name="[259] /home/travis/build/icyphy/ptII/ptolemy/actor/lib/test/auto/PublisherNonStrictTest.xml (RunModel)" time="0.013" />
  <testcase classname="ptolemy.util.test.junit.AutoTests" name="[260] /home/travis/build/icyphy/ptII/ptolemy/actor/lib/test/auto/PublisherPort1.xml (RunModel)" time="0.009" />
  <testcase classname="ptolemy.util.test.junit.AutoTests" name="[261] /home/travis/build/icyphy/ptII/ptolemy/actor/lib/test/auto/PublisherPort2.xml (RunModel)" time="0.008" />
  <testcase classname="ptolemy.util.test.junit.AutoTests" name="[262] /home/travis/build/icyphy/ptII/ptolemy/actor/lib/test/auto/PublisherPort3.xml (RunModel)" time="0.01" />
  <testcase classname="ptolemy.util.test.junit.AutoTests" name="[263] /home/travis/build/icyphy/ptII/ptolemy/actor/lib/test/auto/PublisherPort4.xml (RunModel)" time="0.01" />
  <testcase classname="ptolemy.util.test.junit.AutoTests" name="[264] /home/travis/build/icyphy/ptII/ptolemy/actor/lib/test/auto/PublisherPort5.xml (RunModel)" time="0.012" />
  <testcase classname="ptolemy.util.test.junit.AutoTests" name="[265] /home/travis/build/icyphy/ptII/ptolemy/actor/lib/test/auto/PublisherPort5LookAlike.xml (RunModel)" time="0.012" />
  <testcase classname="ptolemy.util.test.junit.AutoTests" name="[266] /home/travis/build/icyphy/ptII/ptolemy/actor/lib/test/auto/PublisherPort6.xml (RunModel)" time="0.011" />
  <testcase classname="ptolemy.util.test.junit.AutoTests" name="[267] /home/travis/build/icyphy/ptII/ptolemy/actor/lib/test/auto/PublisherPort7.xml (RunModel)" time="0.012" />
  <testcase classname="ptolemy.util.test.junit.AutoTests" name="[268] /home/travis/build/icyphy/ptII/ptolemy/actor/lib/test/auto/PublisherPort8.xml (RunModel)" time="0.015" />
  <testcase classname="ptolemy.util.test.junit.AutoTests" name="[269] /home/travis/build/icyphy/ptII/ptolemy/actor/lib/test/auto/PublisherPortSubscriberChannelVariablesAOC2.xml (RunModel)" time="0.029" />
  <testcase classname="ptolemy.util.test.junit.AutoTests" name="[270] /home/travis/build/icyphy/ptII/ptolemy/actor/lib/test/auto/PublisherPortSubscriberOpaqueWidthInference.xml (RunModel)" time="0.014" />
  <testcase classname="ptolemy.util.test.junit.AutoTests" name="[271] /home/travis/build/icyphy/ptII/ptolemy/actor/lib/test/auto/PublisherPortSubscriberPortAdjacent.xml (RunModel)" time="0.014" />
  <testcase classname="ptolemy.util.test.junit.AutoTests" name="[272] /home/travis/build/icyphy/ptII/ptolemy/actor/lib/test/auto/PublisherPortSubscriberPortExpression.xml (RunModel)" time="0.014" />
  <testcase classname="ptolemy.util.test.junit.AutoTests" name="[273] /home/travis/build/icyphy/ptII/ptolemy/actor/lib/test/auto/PublisherPortSubscriberPortOpaqueD3Reverse.xml (RunModel)" time="0.018" />
  <testcase classname="ptolemy.util.test.junit.AutoTests" name="[274] /home/travis/build/icyphy/ptII/ptolemy/actor/lib/test/auto/PublisherPortSubscriberPortOpaqueWidthInference.xml (RunModel)" time="0.014" />
  <testcase classname="ptolemy.util.test.junit.AutoTests" name="[275] /home/travis/build/icyphy/ptII/ptolemy/actor/lib/test/auto/PublisherPortToplevelSubscriberPortAOC.xml (RunModel)" time="0.009" />
  <testcase classname="ptolemy.util.test.junit.AutoTests" name="[276] /home/travis/build/icyphy/ptII/ptolemy/actor/lib/test/auto/PublisherSubscriber.xml (RunModel)" time="0.012" />
  <testcase classname="ptolemy.util.test.junit.AutoTests" name="[277] /home/travis/build/icyphy/ptII/ptolemy/actor/lib/test/auto/PublisherSubscriber10.xml (RunModel)" time="0.017" />
  <testcase classname="ptolemy.util.test.junit.AutoTests" name="[278] /home/travis/build/icyphy/ptII/ptolemy/actor/lib/test/auto/PublisherSubscriber10InitialOutputs.xml (RunModel)" time="0.016" />
  <testcase classname="ptolemy.util.test.junit.AutoTests" name="[279] /home/travis/build/icyphy/ptII/ptolemy/actor/lib/test/auto/PublisherSubscriber11.xml (RunModel)" time="0.01" />
  <testcase classname="ptolemy.util.test.junit.AutoTests" name="[280] /home/travis/build/icyphy/ptII/ptolemy/actor/lib/test/auto/PublisherSubscriber12.xml (RunModel)" time="0.011" />
  <testcase classname="ptolemy.util.test.junit.AutoTests" name="[281] /home/travis/build/icyphy/ptII/ptolemy/actor/lib/test/auto/PublisherSubscriber13.xml (RunModel)" time="0.009" />
  <testcase classname="ptolemy.util.test.junit.AutoTests" name="[282] /home/travis/build/icyphy/ptII/ptolemy/actor/lib/test/auto/PublisherSubscriber14.xml (RunModel)" time="0.015" />
  <testcase classname="ptolemy.util.test.junit.AutoTests" name="[283] /home/travis/build/icyphy/ptII/ptolemy/actor/lib/test/auto/PublisherSubscriber2.xml (RunModel)" time="0.008" />
  <testcase classname="ptolemy.util.test.junit.AutoTests" name="[284] /home/travis/build/icyphy/ptII/ptolemy/actor/lib/test/auto/PublisherSubscriber3.xml (RunModel)" time="0.008" />
  <testcase classname="ptolemy.util.test.junit.AutoTests" name="[285] /home/travis/build/icyphy/ptII/ptolemy/actor/lib/test/auto/PublisherSubscriber4.xml (RunModel)" time="0.007" />
  <testcase classname="ptolemy.util.test.junit.AutoTests" name="[286] /home/travis/build/icyphy/ptII/ptolemy/actor/lib/test/auto/PublisherSubscriber5.xml (RunModel)" time="0.01" />
  <testcase classname="ptolemy.util.test.junit.AutoTests" name="[287] /home/travis/build/icyphy/ptII/ptolemy/actor/lib/test/auto/PublisherSubscriber6.xml (RunModel)" time="0.011" />
  <testcase classname="ptolemy.util.test.junit.AutoTests" name="[288] /home/travis/build/icyphy/ptII/ptolemy/actor/lib/test/auto/PublisherSubscriber7.xml (RunModel)" time="0.011" />
  <testcase classname="ptolemy.util.test.junit.AutoTests" name="[289] /home/travis/build/icyphy/ptII/ptolemy/actor/lib/test/auto/PublisherSubscriber8.xml (RunModel)" time="0.024" />
  <testcase classname="ptolemy.util.test.junit.AutoTests" name="[290] /home/travis/build/icyphy/ptII/ptolemy/actor/lib/test/auto/PublisherSubscriber9.xml (RunModel)" time="0.016" />
  <testcase classname="ptolemy.util.test.junit.AutoTests" name="[291] /home/travis/build/icyphy/ptII/ptolemy/actor/lib/test/auto/PublisherSubscriberAdjacent.xml (RunModel)" time="0.015" />
  <testcase classname="ptolemy.util.test.junit.AutoTests" name="[292] /home/travis/build/icyphy/ptII/ptolemy/actor/lib/test/auto/PublisherSubscriberChannelVariablesAOC2.xml (RunModel)" time="0.025" />
  <testcase classname="ptolemy.util.test.junit.AutoTests" name="[293] /home/travis/build/icyphy/ptII/ptolemy/actor/lib/test/auto/PublisherSubscriberD3.xml (RunModel)" time="0.013" />
  <testcase classname="ptolemy.util.test.junit.AutoTests" name="[294] /home/travis/build/icyphy/ptII/ptolemy/actor/lib/test/auto/PublisherSubscriberD3Reverse.xml (RunModel)" time="0.011" />
  <testcase classname="ptolemy.util.test.junit.AutoTests" name="[295] /home/travis/build/icyphy/ptII/ptolemy/actor/lib/test/auto/PublisherSubscriberExpression.xml (RunModel)" time="0.017" />
  <testcase classname="ptolemy.util.test.junit.AutoTests" name="[296] /home/travis/build/icyphy/ptII/ptolemy/actor/lib/test/auto/PublisherSubscriberOpaque.xml (RunModel)" time="0.014" />
  <testcase classname="ptolemy.util.test.junit.AutoTests" name="[297] /home/travis/build/icyphy/ptII/ptolemy/actor/lib/test/auto/PublisherSubscriberOpaqueD3.xml (RunModel)" time="0.021" />
  <testcase classname="ptolemy.util.test.junit.AutoTests" name="[298] /home/travis/build/icyphy/ptII/ptolemy/actor/lib/test/auto/PublisherSubscriberOpaqueD3Reverse.xml (RunModel)" time="0.024" />
  <testcase classname="ptolemy.util.test.junit.AutoTests" name="[299] /home/travis/build/icyphy/ptII/ptolemy/actor/lib/test/auto/PublisherSubscriberOpaqueWidthInference.xml (RunModel)" time="0.015" />
  <testcase classname="ptolemy.util.test.junit.AutoTests" name="[300] /home/travis/build/icyphy/ptII/ptolemy/actor/lib/test/auto/PublisherTestSubscriber.xml (RunModel)" time="0.017" />
  <testcase classname="ptolemy.util.test.junit.AutoTests" name="[301] /home/travis/build/icyphy/ptII/ptolemy/actor/lib/test/auto/PublisherToplevelSubscriberPortAOC.xml (RunModel)" time="0.01" />
  <testcase classname="ptolemy.util.test.junit.AutoTests" name="[302] /home/travis/build/icyphy/ptII/ptolemy/actor/lib/test/auto/PulseFiringLimitDE.xml (RunModel)" time="0.014" />
  <testcase classname="ptolemy.util.test.junit.AutoTests" name="[303] /home/travis/build/icyphy/ptII/ptolemy/actor/lib/test/auto/Ramp1.xml (RunModel)" time="0.006" />
  <testcase classname="ptolemy.util.test.junit.AutoTests" name="[304] /home/travis/build/icyphy/ptII/ptolemy/actor/lib/test/auto/RampFiringLimitDE.xml (RunModel)" time="0.016" />
  <testcase classname="ptolemy.util.test.junit.AutoTests" name="[305] /home/travis/build/icyphy/ptII/ptolemy/actor/lib/test/auto/RampFiringLimitSDF.xml (RunModel)" time="0.01" />
  <testcase classname="ptolemy.util.test.junit.AutoTests" name="[306] /home/travis/build/icyphy/ptII/ptolemy/actor/lib/test/auto/RandomInteger.xml (RunModel)" time="0.008" />
  <testcase classname="ptolemy.util.test.junit.AutoTests" name="[307] /home/travis/build/icyphy/ptII/ptolemy/actor/lib/test/auto/ReadFile1.xml (RunModel)" time="0.009" />
  <testcase classname="ptolemy.util.test.junit.AutoTests" name="[308] /home/travis/build/icyphy/ptII/ptolemy/actor/lib/test/auto/ReadFile2.xml (RunModel)" time="0.007" />
  <testcase classname="ptolemy.util.test.junit.AutoTests" name="[309] /home/travis/build/icyphy/ptII/ptolemy/actor/lib/test/auto/Reader.xml (RunModel)" time="0.017" />
  <testcase classname="ptolemy.util.test.junit.AutoTests" name="[310] /home/travis/build/icyphy/ptII/ptolemy/actor/lib/test/auto/RecordAssemblerDisplayNameTest.xml (RunModel)" time="2.997" />
  <testcase classname="ptolemy.util.test.junit.AutoTests" name="[311] /home/travis/build/icyphy/ptII/ptolemy/actor/lib/test/auto/RecordAssemblerTypeError.xml (RunModel)" time="0.028" />
  <testcase classname="ptolemy.util.test.junit.AutoTests" name="[312] /home/travis/build/icyphy/ptII/ptolemy/actor/lib/test/auto/RecordDisassember.xml (RunModel)" time="0.008" />
  <testcase classname="ptolemy.util.test.junit.AutoTests" name="[313] /home/travis/build/icyphy/ptII/ptolemy/actor/lib/test/auto/RecordDisassemberDisplayNameTest.xml (RunModel)" time="0.023" />
  <testcase classname="ptolemy.util.test.junit.AutoTests" name="[314] /home/travis/build/icyphy/ptII/ptolemy/actor/lib/test/auto/RecordDisassembler.xml (RunModel)" time="0.008" />
  <testcase classname="ptolemy.util.test.junit.AutoTests" name="[315] /home/travis/build/icyphy/ptII/ptolemy/actor/lib/test/auto/RecordDisassembler2.xml (RunModel)" time="0.01" />
  <testcase classname="ptolemy.util.test.junit.AutoTests" name="[316] /home/travis/build/icyphy/ptII/ptolemy/actor/lib/test/auto/RecordUpdater.xml (RunModel)" time="0.008" />
  <testcase classname="ptolemy.util.test.junit.AutoTests" name="[317] /home/travis/build/icyphy/ptII/ptolemy/actor/lib/test/auto/RecordUpdater2.xml (RunModel)" time="0.008" />
  <testcase classname="ptolemy.util.test.junit.AutoTests" name="[318] /home/travis/build/icyphy/ptII/ptolemy/actor/lib/test/auto/RecursiveLattice.xml (RunModel)" time="0.008" />
  <testcase classname="ptolemy.util.test.junit.AutoTests" name="[319] /home/travis/build/icyphy/ptII/ptolemy/actor/lib/test/auto/Router.xml (RunModel)" time="3.025" />
  <testcase classname="ptolemy.util.test.junit.AutoTests" name="[320] /home/travis/build/icyphy/ptII/ptolemy/actor/lib/test/auto/Router2.xml (RunModel)" time="3.035" />
  <testcase classname="ptolemy.util.test.junit.AutoTests" name="[321] /home/travis/build/icyphy/ptII/ptolemy/actor/lib/test/auto/RunningMaximum.xml (RunModel)" time="0.015" />
  <testcase classname="ptolemy.util.test.junit.AutoTests" name="[322] /home/travis/build/icyphy/ptII/ptolemy/actor/lib/test/auto/RunningMinimum.xml (RunModel)" time="0.009" />
  <testcase classname="ptolemy.util.test.junit.AutoTests" name="[323] /home/travis/build/icyphy/ptII/ptolemy/actor/lib/test/auto/Scale.xml (RunModel)" time="0.006" />
  <testcase classname="ptolemy.util.test.junit.AutoTests" name="[324] /home/travis/build/icyphy/ptII/ptolemy/actor/lib/test/auto/Scale2.xml (RunModel)" time="0.008" />
  <testcase classname="ptolemy.util.test.junit.AutoTests" name="[325] /home/travis/build/icyphy/ptII/ptolemy/actor/lib/test/auto/Scale3.xml (RunModel)" time="0.013" />
  <testcase classname="ptolemy.util.test.junit.AutoTests" name="[326] /home/travis/build/icyphy/ptII/ptolemy/actor/lib/test/auto/ScaleArray.xml (RunModel)" time="0.007" />
  <testcase classname="ptolemy.util.test.junit.AutoTests" name="[327] /home/travis/build/icyphy/ptII/ptolemy/actor/lib/test/auto/ScaleArray2.xml (RunModel)" time="0.006" />
  <testcase classname="ptolemy.util.test.junit.AutoTests" name="[328] /home/travis/build/icyphy/ptII/ptolemy/actor/lib/test/auto/ScaleMatrix.xml (RunModel)" time="0.098" />
  <testcase classname="ptolemy.util.test.junit.AutoTests" name="[329] /home/travis/build/icyphy/ptII/ptolemy/actor/lib/test/auto/Select.xml (RunModel)" time="0.011" />
  <testcase classname="ptolemy.util.test.junit.AutoTests" name="[330] /home/travis/build/icyphy/ptII/ptolemy/actor/lib/test/auto/Select2.xml (RunModel)" time="0.007" />
  <testcase classname="ptolemy.util.test.junit.AutoTests" name="[331] /home/travis/build/icyphy/ptII/ptolemy/actor/lib/test/auto/SequenceToArray2.xml (RunModel)" time="0.1" />
  <testcase classname="ptolemy.util.test.junit.AutoTests" name="[332] /home/travis/build/icyphy/ptII/ptolemy/actor/lib/test/auto/SequentialClock.xml (RunModel)" time="0.019" />
  <testcase classname="ptolemy.util.test.junit.AutoTests" name="[333] /home/travis/build/icyphy/ptII/ptolemy/actor/lib/test/auto/SetVariable.xml (RunModel)" time="0.01" />
  <testcase classname="ptolemy.util.test.junit.AutoTests" name="[334] /home/travis/build/icyphy/ptII/ptolemy/actor/lib/test/auto/SetVariable2.xml (RunModel)" time="0.008" />
  <testcase classname="ptolemy.util.test.junit.AutoTests" name="[335] /home/travis/build/icyphy/ptII/ptolemy/actor/lib/test/auto/SetVariable3.xml (RunModel)" time="0.011" />
  <testcase classname="ptolemy.util.test.junit.AutoTests" name="[336] /home/travis/build/icyphy/ptII/ptolemy/actor/lib/test/auto/SetVariable4.xml (RunModel)" time="0.024" />
  <testcase classname="ptolemy.util.test.junit.AutoTests" name="[337] /home/travis/build/icyphy/ptII/ptolemy/actor/lib/test/auto/SetVariable5.xml (RunModel)" time="0.023" />
  <testcase classname="ptolemy.util.test.junit.AutoTests" name="[338] /home/travis/build/icyphy/ptII/ptolemy/actor/lib/test/auto/Sinewave.xml (RunModel)" time="0.032" />
  <testcase classname="ptolemy.util.test.junit.AutoTests" name="[339] /home/travis/build/icyphy/ptII/ptolemy/actor/lib/test/auto/Sinewave2.xml (RunModel)" time="0.018" />
  <testcase classname="ptolemy.util.test.junit.AutoTests" name="[340] /home/travis/build/icyphy/ptII/ptolemy/actor/lib/test/auto/Sinewave3.xml (RunModel)" time="0.019" />
  <testcase classname="ptolemy.util.test.junit.AutoTests" name="[341] /home/travis/build/icyphy/ptII/ptolemy/actor/lib/test/auto/SingleEvent.xml (RunModel)" time="0.008" />
  <testcase classname="ptolemy.util.test.junit.AutoTests" name="[342] /home/travis/build/icyphy/ptII/ptolemy/actor/lib/test/auto/Sleep.xml (RunModel)" time="6.012" />
  <testcase classname="ptolemy.util.test.junit.AutoTests" name="[343] /home/travis/build/icyphy/ptII/ptolemy/actor/lib/test/auto/SleepMultipleFire.xml (RunModel)" time="1.018" />
  <testcase classname="ptolemy.util.test.junit.AutoTests" name="[344] /home/travis/build/icyphy/ptII/ptolemy/actor/lib/test/auto/StopDE.xml (RunModel)" time="0.011" />
  <testcase classname="ptolemy.util.test.junit.AutoTests" name="[345] /home/travis/build/icyphy/ptII/ptolemy/actor/lib/test/auto/StopSDF.xml (RunModel)" time="0.01" />
  <testcase classname="ptolemy.util.test.junit.AutoTests" name="[346] /home/travis/build/icyphy/ptII/ptolemy/actor/lib/test/auto/StringConstant.xml (RunModel)" time="0.008" />
  <testcase classname="ptolemy.util.test.junit.AutoTests" name="[347] /home/travis/build/icyphy/ptII/ptolemy/actor/lib/test/auto/SubscriberPortInitialValues1.xml (RunModel)" time="0.015" />
  <testcase classname="ptolemy.util.test.junit.AutoTests" name="[348] /home/travis/build/icyphy/ptII/ptolemy/actor/lib/test/auto/SubscriberPortInitialValues13.xml (RunModel)" time="0.02" />
  <testcase classname="ptolemy.util.test.junit.AutoTests" name="[349] /home/travis/build/icyphy/ptII/ptolemy/actor/lib/test/auto/SubscriberPortInitialValues14.xml (RunModel)" time="0.014" />
  <testcase classname="ptolemy.util.test.junit.AutoTests" name="[350] /home/travis/build/icyphy/ptII/ptolemy/actor/lib/test/auto/SubscriberPortInitialValues2.xml (RunModel)" time="0.013" />
  <testcase classname="ptolemy.util.test.junit.AutoTests" name="[351] /home/travis/build/icyphy/ptII/ptolemy/actor/lib/test/auto/SubscriberPortInitialValues3.xml (RunModel)" time="0.016" />
  <testcase classname="ptolemy.util.test.junit.AutoTests" name="[352] /home/travis/build/icyphy/ptII/ptolemy/actor/lib/test/auto/SubscriptionAggregator.xml (RunModel)" time="0.009" />
  <testcase classname="ptolemy.util.test.junit.AutoTests" name="[353] /home/travis/build/icyphy/ptII/ptolemy/actor/lib/test/auto/SubscriptionAggregator2.xml (RunModel)" time="0.01" />
  <testcase classname="ptolemy.util.test.junit.AutoTests" name="[354] /home/travis/build/icyphy/ptII/ptolemy/actor/lib/test/auto/SubscriptionAggregator3.xml (RunModel)" time="0.013" />
  <testcase classname="ptolemy.util.test.junit.AutoTests" name="[355] /home/travis/build/icyphy/ptII/ptolemy/actor/lib/test/auto/SubscriptionAggregatorMultiply.xml (RunModel)" time="0.014" />
  <testcase classname="ptolemy.util.test.junit.AutoTests" name="[356] /home/travis/build/icyphy/ptII/ptolemy/actor/lib/test/auto/SubscriptionAggregatorPortMultiply1.xml (RunModel)" time="0.012" />
  <testcase classname="ptolemy.util.test.junit.AutoTests" name="[357] /home/travis/build/icyphy/ptII/ptolemy/actor/lib/test/auto/Switch.xml (RunModel)" time="0.012" />
  <testcase classname="ptolemy.util.test.junit.AutoTests" name="[358] /home/travis/build/icyphy/ptII/ptolemy/actor/lib/test/auto/Switch2.xml (RunModel)" time="0.012" />
  <testcase classname="ptolemy.util.test.junit.AutoTests" name="[359] /home/travis/build/icyphy/ptII/ptolemy/actor/lib/test/auto/SwitchDE.xml (RunModel)" time="0.012" />
  <testcase classname="ptolemy.util.test.junit.AutoTests" name="[360] /home/travis/build/icyphy/ptII/ptolemy/actor/lib/test/auto/SynchronizerDE.xml (RunModel)" time="0.017" />
  <testcase classname="ptolemy.util.test.junit.AutoTests" name="[361] /home/travis/build/icyphy/ptII/ptolemy/actor/lib/test/auto/Test.xml (RunModel)" time="0.008" />
  <testcase classname="ptolemy.util.test.junit.AutoTests" name="[362] /home/travis/build/icyphy/ptII/ptolemy/actor/lib/test/auto/TestExceptionAttribute1.xml (RunModel)" time="0.005" />
  <testcase classname="ptolemy.util.test.junit.AutoTests" name="[363] /home/travis/build/icyphy/ptII/ptolemy/actor/lib/test/auto/TestExceptionAttribute2.xml (RunModel)" time="0.006" />
  <testcase classname="ptolemy.util.test.junit.AutoTests" name="[364] /home/travis/build/icyphy/ptII/ptolemy/actor/lib/test/auto/TestExceptionAttribute3.xml (RunModel)" time="0.006" />
  <testcase classname="ptolemy.util.test.junit.AutoTests" name="[365] /home/travis/build/icyphy/ptII/ptolemy/actor/lib/test/auto/TestExceptionAttribute4.xml (RunModel)" time="0.006" />
  <testcase classname="ptolemy.util.test.junit.AutoTests" name="[366] /home/travis/build/icyphy/ptII/ptolemy/actor/lib/test/auto/TestExceptionHandler1.xml (RunModel)" time="0.005" />
  <testcase classname="ptolemy.util.test.junit.AutoTests" name="[367] /home/travis/build/icyphy/ptII/ptolemy/actor/lib/test/auto/TestExceptionHandler2.xml (RunModel)" time="0.005" />
  <testcase classname="ptolemy.util.test.junit.AutoTests" name="[368] /home/travis/build/icyphy/ptII/ptolemy/actor/lib/test/auto/TestExceptionHandler3.xml (RunModel)" time="0.005" />
  <testcase classname="ptolemy.util.test.junit.AutoTests" name="[369] /home/travis/build/icyphy/ptII/ptolemy/actor/lib/test/auto/TestExceptionHandler4.xml (RunModel)" time="0.005" />
  <testcase classname="ptolemy.util.test.junit.AutoTests" name="[370] /home/travis/build/icyphy/ptII/ptolemy/actor/lib/test/auto/TestRequireCorrectOrder.xml (RunModel)" time="0.01" />
  <testcase classname="ptolemy.util.test.junit.AutoTests" name="[371] /home/travis/build/icyphy/ptII/ptolemy/actor/lib/test/auto/TestSimple.xml (RunModel)" time="0.006" />
  <testcase classname="ptolemy.util.test.junit.AutoTests" name="[372] /home/travis/build/icyphy/ptII/ptolemy/actor/lib/test/auto/ThrowModelError.xml (RunModel)" time="0.01" />
  <testcase classname="ptolemy.util.test.junit.AutoTests" name="[373] /home/travis/build/icyphy/ptII/ptolemy/actor/lib/test/auto/TimeDelayMicrosteps.xml (RunModel)" time="0.013" />
  <testcase classname="ptolemy.util.test.junit.AutoTests" name="[374] /home/travis/build/icyphy/ptII/ptolemy/actor/lib/test/auto/TimeDelayMicrosteps2.xml (RunModel)" time="0.014" />
  <testcase classname="ptolemy.util.test.junit.AutoTests" name="[375] /home/travis/build/icyphy/ptII/ptolemy/actor/lib/test/auto/TimeDelayMicrosteps3.xml (RunModel)" time="0.012" />
  <testcase classname="ptolemy.util.test.junit.AutoTests" name="[376] /home/travis/build/icyphy/ptII/ptolemy/actor/lib/test/auto/TimeDelayVariableMicrosteps.xml (RunModel)" time="0.011" />
  <testcase classname="ptolemy.util.test.junit.AutoTests" name="[377] /home/travis/build/icyphy/ptII/ptolemy/actor/lib/test/auto/TimeGap.xml (RunModel)" time="0.012" />
  <testcase classname="ptolemy.util.test.junit.AutoTests" name="[378] /home/travis/build/icyphy/ptII/ptolemy/actor/lib/test/auto/TimeGap2.xml (RunModel)" time="0.009" />
  <testcase classname="ptolemy.util.test.junit.AutoTests" name="[379] /home/travis/build/icyphy/ptII/ptolemy/actor/lib/test/auto/TimedSinewave.xml (RunModel)" time="0.036" />
  <testcase classname="ptolemy.util.test.junit.AutoTests" name="[380] /home/travis/build/icyphy/ptII/ptolemy/actor/lib/test/auto/TimedSinewavePhase.xml (RunModel)" time="0.021" />
  <testcase classname="ptolemy.util.test.junit.AutoTests" name="[381] /home/travis/build/icyphy/ptII/ptolemy/actor/lib/test/auto/Timer.xml (RunModel)" time="0.013" />
  <testcase classname="ptolemy.util.test.junit.AutoTests" name="[382] /home/travis/build/icyphy/ptII/ptolemy/actor/lib/test/auto/TriangularDistTestModel.xml (RunModel)" time="0.013" />
  <testcase classname="ptolemy.util.test.junit.AutoTests" name="[383] /home/travis/build/icyphy/ptII/ptolemy/actor/lib/test/auto/TrigFunction.xml (RunModel)" time="0.007" />
  <testcase classname="ptolemy.util.test.junit.AutoTests" name="[384] /home/travis/build/icyphy/ptII/ptolemy/actor/lib/test/auto/TrigFunctionDE.xml (RunModel)" time="0.009" />
  <testcase classname="ptolemy.util.test.junit.AutoTests" name="[385] /home/travis/build/icyphy/ptII/ptolemy/actor/lib/test/auto/TrigFunctionInverse.xml (RunModel)" time="0.008" />
  <testcase classname="ptolemy.util.test.junit.AutoTests" name="[386] /home/travis/build/icyphy/ptII/ptolemy/actor/lib/test/auto/TrigFunctionTan.xml (RunModel)" time="0.005" />
  <testcase classname="ptolemy.util.test.junit.AutoTests" name="[387] /home/travis/build/icyphy/ptII/ptolemy/actor/lib/test/auto/TriggeredClock.xml (RunModel)" time="0.007" />
  <testcase classname="ptolemy.util.test.junit.AutoTests" name="[388] /home/travis/build/icyphy/ptII/ptolemy/actor/lib/test/auto/URLDirectoryReader.xml (RunModel)" time="0.083" />
  <testcase classname="ptolemy.util.test.junit.AutoTests" name="[389] /home/travis/build/icyphy/ptII/ptolemy/actor/lib/test/auto/URLDirectoryReader3.xml (RunModel)" time="1.688" />
  <testcase classname="ptolemy.util.test.junit.AutoTests" name="[390] /home/travis/build/icyphy/ptII/ptolemy/actor/lib/test/auto/UnaryMathFunction.xml (RunModel)" time="0.018" />
  <testcase classname="ptolemy.util.test.junit.AutoTests" name="[391] /home/travis/build/icyphy/ptII/ptolemy/actor/lib/test/auto/Uniform.xml (RunModel)" time="0.011" />
  <testcase classname="ptolemy.util.test.junit.AutoTests" name="[392] /home/travis/build/icyphy/ptII/ptolemy/actor/lib/test/auto/UnionDisassemblerTest.xml (RunModel)" time="0.007" />
  <testcase classname="ptolemy.util.test.junit.AutoTests" name="[393] /home/travis/build/icyphy/ptII/ptolemy/actor/lib/test/auto/UtilityFunctions.xml (RunModel)" time="0.007" />
  <testcase classname="ptolemy.util.test.junit.AutoTests" name="[394] /home/travis/build/icyphy/ptII/ptolemy/actor/lib/test/auto/VariableSleep.xml (RunModel)" time="0.511" />
  <testcase classname="ptolemy.util.test.junit.AutoTests" name="[395] /home/travis/build/icyphy/ptII/ptolemy/actor/lib/test/auto/VectorAssemblerDisassemblerCT.xml (RunModel)" time="0.117" />
  <testcase classname="ptolemy.util.test.junit.AutoTests" name="[396] /home/travis/build/icyphy/ptII/ptolemy/actor/lib/test/auto/VectorAssemblerDisassemblerDE.xml (RunModel)" time="0.015" />
  <testcase classname="ptolemy.util.test.junit.AutoTests" name="[397] /home/travis/build/icyphy/ptII/ptolemy/actor/lib/test/auto/VectorAssemblerDisassemblerSDF.xml (RunModel)" time="0.013" />
  <testcase classname="ptolemy.util.test.junit.AutoTests" name="[398] /home/travis/build/icyphy/ptII/ptolemy/actor/lib/test/auto/WallClockTime.xml (RunModel)" time="1.014" />
  <testcase classname="ptolemy.util.test.junit.AutoTests" name="[399] /home/travis/build/icyphy/ptII/ptolemy/actor/lib/test/auto/WidthTestWithSubscriberPublisher.xml (RunModel)" time="0.044" />
  <testcase classname="ptolemy.util.test.junit.AutoTests" name="[400] /home/travis/build/icyphy/ptII/ptolemy/actor/lib/test/auto/WidthTestWithSubscriberPublisher2.xml (RunModel)" time="0.019" />
  <testcase classname="ptolemy.util.test.junit.AutoTests" name="[401] /home/travis/build/icyphy/ptII/ptolemy/actor/lib/test/auto/WidthTestWithSubscriberPublisher3.xml (RunModel)" time="0.025" />
  <testcase classname="ptolemy.util.test.junit.AutoTests" name="[402] /home/travis/build/icyphy/ptII/ptolemy/actor/lib/test/auto/Writer.xml (RunModel)" time="0.021" />
  <testcase classname="ptolemy.util.test.junit.AutoTests" name="[403] /home/travis/build/icyphy/ptII/ptolemy/actor/lib/test/auto/array.xml (RunModel)" time="0.012" />
  <testcase classname="ptolemy.util.test.junit.AutoTests" name="[404] /home/travis/build/icyphy/ptII/ptolemy/actor/lib/test/auto/array2.xml (RunModel)" time="0.012" />
  <testcase classname="ptolemy.util.test.junit.AutoTests" name="[405] /home/travis/build/icyphy/ptII/ptolemy/actor/lib/test/auto/arrayType.xml (RunModel)" time="0.01" />
  <testcase classname="ptolemy.util.test.junit.AutoTests" name="[406] /home/travis/build/icyphy/ptII/ptolemy/actor/lib/test/auto/arrayType10.xml (RunModel)" time="0.011" />
  <testcase classname="ptolemy.util.test.junit.AutoTests" name="[407] /home/travis/build/icyphy/ptII/ptolemy/actor/lib/test/auto/arrayType11.xml (RunModel)" time="0.007" />
  <testcase classname="ptolemy.util.test.junit.AutoTests" name="[408] /home/travis/build/icyphy/ptII/ptolemy/actor/lib/test/auto/arrayType12.xml (RunModel)" time="0.008" />
  <testcase classname="ptolemy.util.test.junit.AutoTests" name="[409] /home/travis/build/icyphy/ptII/ptolemy/actor/lib/test/auto/arrayType13.xml (RunModel)" time="0.008" />
  <testcase classname="ptolemy.util.test.junit.AutoTests" name="[410] /home/travis/build/icyphy/ptII/ptolemy/actor/lib/test/auto/arrayType14.xml (RunModel)" time="0.008" />
  <testcase classname="ptolemy.util.test.junit.AutoTests" name="[411] /home/travis/build/icyphy/ptII/ptolemy/actor/lib/test/auto/arrayType15.xml (RunModel)" time="0.008" />
  <testcase classname="ptolemy.util.test.junit.AutoTests" name="[412] /home/travis/build/icyphy/ptII/ptolemy/actor/lib/test/auto/arrayType16.xml (RunModel)" time="0.008" />
  <testcase classname="ptolemy.util.test.junit.AutoTests" name="[413] /home/travis/build/icyphy/ptII/ptolemy/actor/lib/test/auto/arrayType17.xml (RunModel)" time="0.009" />
  <testcase classname="ptolemy.util.test.junit.AutoTests" name="[414] /home/travis/build/icyphy/ptII/ptolemy/actor/lib/test/auto/arrayType18.xml (RunModel)" time="0.008" />
  <testcase classname="ptolemy.util.test.junit.AutoTests" name="[415] /home/travis/build/icyphy/ptII/ptolemy/actor/lib/test/auto/arrayType19.xml (RunModel)" time="0.008" />
  <testcase classname="ptolemy.util.test.junit.AutoTests" name="[416] /home/travis/build/icyphy/ptII/ptolemy/actor/lib/test/auto/arrayType2.xml (RunModel)" time="0.009" />
  <testcase classname="ptolemy.util.test.junit.AutoTests" name="[417] /home/travis/build/icyphy/ptII/ptolemy/actor/lib/test/auto/arrayType20.xml (RunModel)" time="0.009" />
  <testcase classname="ptolemy.util.test.junit.AutoTests" name="[418] /home/travis/build/icyphy/ptII/ptolemy/actor/lib/test/auto/arrayType21.xml (RunModel)" time="0.008" />
  <testcase classname="ptolemy.util.test.junit.AutoTests" name="[419] /home/travis/build/icyphy/ptII/ptolemy/actor/lib/test/auto/arrayType22.xml (RunModel)" time="0.007" />
  <testcase classname="ptolemy.util.test.junit.AutoTests" name="[420] /home/travis/build/icyphy/ptII/ptolemy/actor/lib/test/auto/arrayType23.xml (RunModel)" time="0.007" />
  <testcase classname="ptolemy.util.test.junit.AutoTests" name="[421] /home/travis/build/icyphy/ptII/ptolemy/actor/lib/test/auto/arrayType24.xml (RunModel)" time="0.008" />
  <testcase classname="ptolemy.util.test.junit.AutoTests" name="[422] /home/travis/build/icyphy/ptII/ptolemy/actor/lib/test/auto/arrayType25.xml (RunModel)" time="0.009" />
  <testcase classname="ptolemy.util.test.junit.AutoTests" name="[423] /home/travis/build/icyphy/ptII/ptolemy/actor/lib/test/auto/arrayType26.xml (RunModel)" time="0.008" />
  <testcase classname="ptolemy.util.test.junit.AutoTests" name="[424] /home/travis/build/icyphy/ptII/ptolemy/actor/lib/test/auto/arrayType27.xml (RunModel)" time="0.008" />
  <testcase classname="ptolemy.util.test.junit.AutoTests" name="[425] /home/travis/build/icyphy/ptII/ptolemy/actor/lib/test/auto/arrayType28.xml (RunModel)" time="0.008" />
  <testcase classname="ptolemy.util.test.junit.AutoTests" name="[426] /home/travis/build/icyphy/ptII/ptolemy/actor/lib/test/auto/arrayType3.xml (RunModel)" time="0.008" />
  <testcase classname="ptolemy.util.test.junit.AutoTests" name="[427] /home/travis/build/icyphy/ptII/ptolemy/actor/lib/test/auto/arrayType4.xml (RunModel)" time="0.01" />
  <testcase classname="ptolemy.util.test.junit.AutoTests" name="[428] /home/travis/build/icyphy/ptII/ptolemy/actor/lib/test/auto/arrayType5.xml (RunModel)" time="0.008" />
  <testcase classname="ptolemy.util.test.junit.AutoTests" name="[429] /home/travis/build/icyphy/ptII/ptolemy/actor/lib/test/auto/arrayType6.xml (RunModel)" time="0.008" />
  <testcase classname="ptolemy.util.test.junit.AutoTests" name="[430] /home/travis/build/icyphy/ptII/ptolemy/actor/lib/test/auto/arrayType7.xml (RunModel)" time="0.007" />
  <testcase classname="ptolemy.util.test.junit.AutoTests" name="[431] /home/travis/build/icyphy/ptII/ptolemy/actor/lib/test/auto/arrayType8.xml (RunModel)" time="0.008" />
  <testcase classname="ptolemy.util.test.junit.AutoTests" name="[432] /home/travis/build/icyphy/ptII/ptolemy/actor/lib/test/auto/arrayType9.xml (RunModel)" time="0.008" />
  <testcase classname="ptolemy.util.test.junit.AutoTests" name="[433] /home/travis/build/icyphy/ptII/ptolemy/actor/lib/test/auto/cast.xml (RunModel)" time="0.008" />
  <testcase classname="ptolemy.util.test.junit.AutoTests" name="[434] /home/travis/build/icyphy/ptII/ptolemy/actor/lib/test/auto/compositeMultiPort.xml (RunModel)" time="0.016" />
  <testcase classname="ptolemy.util.test.junit.AutoTests" name="[435] /home/travis/build/icyphy/ptII/ptolemy/actor/lib/test/auto/expressionCastInference.xml (RunModel)" time="0.008" />
  <testcase classname="ptolemy.util.test.junit.AutoTests" name="[436] /home/travis/build/icyphy/ptII/ptolemy/actor/lib/test/auto/expressionCastInference2.xml (RunModel)" time="0.008" />
  <testcase classname="ptolemy.util.test.junit.AutoTests" name="[437] /home/travis/build/icyphy/ptII/ptolemy/actor/lib/test/auto/expressionInference.xml (RunModel)" time="0.007" />
  <testcase classname="ptolemy.util.test.junit.AutoTests" name="[438] /home/travis/build/icyphy/ptII/ptolemy/actor/lib/test/auto/expression_bug.xml (RunModel)" time="0.006" />
  <testcase classname="ptolemy.util.test.junit.AutoTests" name="[439] /home/travis/build/icyphy/ptII/ptolemy/actor/lib/test/auto/factorial.xml (RunModel)" time="0.04" />
  <testcase classname="ptolemy.util.test.junit.AutoTests" name="[440] /home/travis/build/icyphy/ptII/ptolemy/actor/lib/test/auto/filterTest1.xml (RunModel)" time="0.012" />
  <testcase classname="ptolemy.util.test.junit.AutoTests" name="[441] /home/travis/build/icyphy/ptII/ptolemy/actor/lib/test/auto/funcApplyInConst.xml (RunModel)" time="0.007" />
  <testcase classname="ptolemy.util.test.junit.AutoTests" name="[442] /home/travis/build/icyphy/ptII/ptolemy/actor/lib/test/auto/funcApplyInExpr.xml (RunModel)" time="0.006" />
  <testcase classname="ptolemy.util.test.junit.AutoTests" name="[443] /home/travis/build/icyphy/ptII/ptolemy/actor/lib/test/auto/function.xml (RunModel)" time="0.009" />
  <testcase classname="ptolemy.util.test.junit.AutoTests" name="[444] /home/travis/build/icyphy/ptII/ptolemy/actor/lib/test/auto/function2.xml (RunModel)" time="0.008" />
  <testcase classname="ptolemy.util.test.junit.AutoTests" name="[445] /home/travis/build/icyphy/ptII/ptolemy/actor/lib/test/auto/function3.xml (RunModel)" time="0.007" />
  <testcase classname="ptolemy.util.test.junit.AutoTests" name="[446] /home/travis/build/icyphy/ptII/ptolemy/actor/lib/test/auto/functionClosureTest1.xml (RunModel)" time="0.01" />
  <testcase classname="ptolemy.util.test.junit.AutoTests" name="[447] /home/travis/build/icyphy/ptII/ptolemy/actor/lib/test/auto/functionClosureTest2.xml (RunModel)" time="0.007" />
  <testcase classname="ptolemy.util.test.junit.AutoTests" name="[448] /home/travis/build/icyphy/ptII/ptolemy/actor/lib/test/auto/functionClosureTest3.xml (RunModel)" time="0.008" />
  <testcase classname="ptolemy.util.test.junit.AutoTests" name="[449] /home/travis/build/icyphy/ptII/ptolemy/actor/lib/test/auto/functionClosureTest4.xml (RunModel)" time="0.018" />
  <testcase classname="ptolemy.util.test.junit.AutoTests" name="[450] /home/travis/build/icyphy/ptII/ptolemy/actor/lib/test/auto/functionClosureTest5.xml (RunModel)" time="0.011" />
  <testcase classname="ptolemy.util.test.junit.AutoTests" name="[451] /home/travis/build/icyphy/ptII/ptolemy/actor/lib/test/auto/functionClosureTest6.xml (RunModel)" time="0.012" />
  <testcase classname="ptolemy.util.test.junit.AutoTests" name="[452] /home/travis/build/icyphy/ptII/ptolemy/actor/lib/test/auto/functionsOnArcs.xml (RunModel)" time="0.009" />
  <testcase classname="ptolemy.util.test.junit.AutoTests" name="[453] /home/travis/build/icyphy/ptII/ptolemy/actor/lib/test/auto/functionsOnArcsHOF.xml (RunModel)" time="0.012" />
  <testcase classname="ptolemy.util.test.junit.AutoTests" name="[454] /home/travis/build/icyphy/ptII/ptolemy/actor/lib/test/auto/logic.xml (RunModel)" time="0.015" />
  <testcase classname="ptolemy.util.test.junit.AutoTests" name="[455] /home/travis/build/icyphy/ptII/ptolemy/actor/lib/test/auto/matrixType.xml (RunModel)" time="0.008" />
  <testcase classname="ptolemy.util.test.junit.AutoTests" name="[456] /home/travis/build/icyphy/ptII/ptolemy/actor/lib/test/auto/matrixType10.xml (RunModel)" time="0.008" />
  <testcase classname="ptolemy.util.test.junit.AutoTests" name="[457] /home/travis/build/icyphy/ptII/ptolemy/actor/lib/test/auto/matrixType11.xml (RunModel)" time="0.008" />
  <testcase classname="ptolemy.util.test.junit.AutoTests" name="[458] /home/travis/build/icyphy/ptII/ptolemy/actor/lib/test/auto/matrixType12.xml (RunModel)" time="0.009" />
  <testcase classname="ptolemy.util.test.junit.AutoTests" name="[459] /home/travis/build/icyphy/ptII/ptolemy/actor/lib/test/auto/matrixType13.xml (RunModel)" time="0.008" />
  <testcase classname="ptolemy.util.test.junit.AutoTests" name="[460] /home/travis/build/icyphy/ptII/ptolemy/actor/lib/test/auto/matrixType14.xml (RunModel)" time="0.013" />
  <testcase classname="ptolemy.util.test.junit.AutoTests" name="[461] /home/travis/build/icyphy/ptII/ptolemy/actor/lib/test/auto/matrixType2.xml (RunModel)" time="0.007" />
  <testcase classname="ptolemy.util.test.junit.AutoTests" name="[462] /home/travis/build/icyphy/ptII/ptolemy/actor/lib/test/auto/matrixType3.xml (RunModel)" time="0.009" />
  <testcase classname="ptolemy.util.test.junit.AutoTests" name="[463] /home/travis/build/icyphy/ptII/ptolemy/actor/lib/test/auto/matrixType4.xml (RunModel)" time="0.007" />
  <testcase classname="ptolemy.util.test.junit.AutoTests" name="[464] /home/travis/build/icyphy/ptII/ptolemy/actor/lib/test/auto/matrixType5.xml (RunModel)" time="0.008" />
  <testcase classname="ptolemy.util.test.junit.AutoTests" name="[465] /home/travis/build/icyphy/ptII/ptolemy/actor/lib/test/auto/matrixType6.xml (RunModel)" time="0.007" />
  <testcase classname="ptolemy.util.test.junit.AutoTests" name="[466] /home/travis/build/icyphy/ptII/ptolemy/actor/lib/test/auto/matrixType7.xml (RunModel)" time="0.007" />
  <testcase classname="ptolemy.util.test.junit.AutoTests" name="[467] /home/travis/build/icyphy/ptII/ptolemy/actor/lib/test/auto/matrixType8.xml (RunModel)" time="0.007" />
  <testcase classname="ptolemy.util.test.junit.AutoTests" name="[468] /home/travis/build/icyphy/ptII/ptolemy/actor/lib/test/auto/matrixType9.xml (RunModel)" time="0.007" />
  <testcase classname="ptolemy.util.test.junit.AutoTests" name="[469] /home/travis/build/icyphy/ptII/ptolemy/actor/lib/test/auto/paraFunctest.xml (RunModel)" time="0.006" />
  <testcase classname="ptolemy.util.test.junit.AutoTests" name="[470] /home/travis/build/icyphy/ptII/ptolemy/actor/lib/test/auto/paraFunctest2.xml (RunModel)" time="0.009" />
  <testcase classname="ptolemy.util.test.junit.AutoTests" name="[471] /home/travis/build/icyphy/ptII/ptolemy/actor/lib/test/auto/parameterPassing.xml (RunModel)" time="0.007" />
  <testcase classname="ptolemy.util.test.junit.AutoTests" name="[472] /home/travis/build/icyphy/ptII/ptolemy/actor/lib/test/auto/record.xml (RunModel)" time="0.008" />
  <testcase classname="ptolemy.util.test.junit.AutoTests" name="[473] /home/travis/build/icyphy/ptII/ptolemy/actor/lib/test/auto/sizedarray1.xml (RunModel)" time="0.008" />
  <testcase classname="ptolemy.util.test.junit.AutoTests" name="[474] /home/travis/build/icyphy/ptII/ptolemy/actor/lib/test/auto/sizedarray2.xml (RunModel)" time="0.008" />
  <testcase classname="ptolemy.util.test.junit.AutoTests" name="[475] /home/travis/build/icyphy/ptII/ptolemy/actor/lib/test/auto/twoPublishers.xml (RunModel)" time="0.018" />
  <system-out><![CDATA[/home/travis/build/icyphy/ptII/ptolemy/actor/lib/test/AbsoluteValue.tcl
testDefs.tcl: setting time out to 9000 seconds at Sun Feb 24 15:06:23 UTC 2019
75 ms. Memory: 116224K Free: 109658K (94%)
4 ms. Memory: 116224K Free: 108470K (93%)
4 ms. Memory: 116224K Free: 107868K (93%)
4 ms. Memory: 116224K Free: 106673K (92%)
/home/travis/build/icyphy/ptII/ptolemy/actor/lib/test/AddSubtract.tcl
12 ms. Memory: 116224K Free: 104853K (90%)
4 ms. Memory: 116224K Free: 104220K (90%)
5 ms. Memory: 116224K Free: 103024K (89%)
5 ms. Memory: 116224K Free: 102423K (88%)
5 ms. Memory: 116224K Free: 101813K (88%)
4 ms. Memory: 116224K Free: 101196K (87%)
/home/travis/build/icyphy/ptII/ptolemy/actor/lib/test/Average.tcl
6 ms. Memory: 116224K Free: 99375K (86%)
5 ms. Memory: 116224K Free: 98149K (84%)
/home/travis/build/icyphy/ptII/ptolemy/actor/lib/test/Bernoulli.tcl
4 ms. Memory: 116224K Free: 96352K (83%)
2 ms. Memory: 116224K Free: 95758K (82%)
/home/travis/build/icyphy/ptII/ptolemy/actor/lib/test/Clock.tcl
preinitializing
resolving types
initializing
executing number 1
wrapping up
idle
16 ms. Memory: 116224K Free: 93946K (81%)
Completed execution with 5 iterations
preinitializing
resolving types
initializing
executing number 1
wrapping up
idle
3 ms. Memory: 116224K Free: 92743K (80%)
Completed execution with 5 iterations
preinitializing
resolving types
initializing
executing number 1
wrapping up
idle
10 ms. Memory: 116224K Free: 92133K (79%)
Completed execution with 5 iterations
/home/travis/build/icyphy/ptII/ptolemy/actor/lib/test/Commutator.tcl
9 ms. Memory: 116224K Free: 90336K (78%)
5 ms. Memory: 116224K Free: 89134K (77%)
8 ms. Memory: 116224K Free: 84923K (73%)
/home/travis/build/icyphy/ptII/ptolemy/actor/lib/test/Const.tcl
3 ms. Memory: 116224K Free: 83108K (72%)
10 ms. Memory: 116224K Free: 82514K (71%)
2 ms. Memory: 116224K Free: 81921K (70%)
1 ms. Memory: 116224K Free: 81327K (70%)
18 ms. Memory: 146944K Free: 140432K (96%)
14 ms. Memory: 146944K Free: 138841K (94%)
12 ms. Memory: 146944K Free: 137649K (94%)
5 ms. Memory: 146944K Free: 136440K (93%)
/home/travis/build/icyphy/ptII/ptolemy/actor/lib/test/CurrentTime.tcl
preinitializing
resolving types
initializing
executing number 1
wrapping up
idle
11 ms. Memory: 146944K Free: 135232K (92%)
Completed execution with 11 iterations
/home/travis/build/icyphy/ptII/ptolemy/actor/lib/test/DB.tcl
7 ms. Memory: 146944K Free: 132848K (90%)
2 ms. Memory: 146944K Free: 132848K (90%)
1 ms. Memory: 146944K Free: 131640K (90%)
/home/travis/build/icyphy/ptII/ptolemy/actor/lib/test/DiscreteRandomSource.tcl
preinitializing
resolving types
initializing
executing number 1
wrapping up
idle
8 ms. Memory: 146944K Free: 130432K (89%)
Completed execution with 4 iterations
preinitializing
resolving types
initializing
executing number 1
wrapping up
idle
2 ms. Memory: 146944K Free: 130432K (89%)
Completed execution with 4 iterations
preinitializing
resolving types
initializing
executing number 1
wrapping up
idle
2 ms. Memory: 146944K Free: 129240K (88%)
Completed execution with 4 iterations
preinitializing
resolving types
initializing
executing number 1
wrapping up
idle
3 ms. Memory: 146944K Free: 129240K (88%)
Completed execution with 4 iterations
preinitializing
resolving types
initializing
executing number 1
wrapping up
idle
3 ms. Memory: 146944K Free: 129240K (88%)
Completed execution with 4 iterations
/home/travis/build/icyphy/ptII/ptolemy/actor/lib/test/Distributor.tcl
4 ms. Memory: 146944K Free: 126840K (86%)
3 ms. Memory: 146944K Free: 126840K (86%)
StreamChangeRequest.changeExecuted(): <deleteEntity name="rec2"/> succeeded
StreamChangeRequest.changeExecuted(): <deleteRelation name="r2"/> succeeded
StreamChangeRequest.changeExecuted(): Record firings per iteration succeeded
4 ms. Memory: 146944K Free: 124440K (85%)
/home/travis/build/icyphy/ptII/ptolemy/actor/lib/test/Exit.tcl
Exit.tcl: this will print a message about Manager.exitAfterWrapup, which can be ignored.
5 ms. Memory: 146944K Free: 120233K (82%)
/home/travis/build/icyphy/ptII/ptolemy/actor/lib/test/Expression.tcl
9 ms. Memory: 146944K Free: 117796K (80%)
9 ms. Memory: 146944K Free: 116588K (79%)
2 ms. Memory: 146944K Free: 116588K (79%)
preinitializing
resolving types
initializing
executing number 1
wrapping up
idle
5 ms. Memory: 146944K Free: 115396K (79%)
Completed execution with 6 iterations
4 ms. Memory: 146944K Free: 114204K (78%)
4 ms. Memory: 146944K Free: 112996K (77%)
4 ms. Memory: 146944K Free: 110559K (75%)
3 ms. Memory: 146944K Free: 109351K (74%)
7 ms. Memory: 146944K Free: 108143K (74%)
/home/travis/build/icyphy/ptII/ptolemy/actor/lib/test/Gaussian.tcl
8 ms. Memory: 146944K Free: 106951K (73%)
sleeping 1 seconds: ........................................................................................................................................................................................................................................................................................................................................................................................................................................................................................................................................................................................................................................................................................................................................................................................................................................................................................................................................................................................................................................................................................................................................................................................................................................................................................................................................................................................................................................................................................................................................................................................................................................................................................................................................................................................................................................................................................................................................................................................................................................................................................................................................................................................................................................................................................................................................................................................................................................................................................................................................................................................................................................................................................................................................................................................................................................................................................................................................................................................................................................................................................................................................................................................................................................................................................................................................................................................................................................................................................................................................................................................................................................................................................................................................................................................................................................................................................................................................................................................................................................................................................................................................................................................................................................................................................................................................................................................................................................................................................................................................................................................................................................................................................................................................................................................................................................................................................................................................................................................................................................................................................................................................................................................................................................................................................................................................................................................................................................................................................................................................................................................................................................................................................................................................................................................................................................................................................................................................................................................................................................................................................................................................................................................................................................................................................................................................................................................................................................................................................................................................................................................................................................................................................................................................................................................................................................................................................................................................................................................................................................................................................................................................................................................................................................................................................................................................................................................................................................................................................................................................................................................................................................................................................................................................................................................................................................................................................................................................................................................................................................................................................................................................................................................................................................................................................................................................................................................................................................................................................................................................................................................................................................................................................................................................................................................................................................................................................................................................................................................................................................................................................................................................................................................................................................................................................................................................................................................................................................................................................................................................................................................................................................................................................................................................................................................................................................................................................................................................................................................................................................................................................................................................................................................................................................................................................................................................................................................................................................................................................................................................................................................................................................................................................................................................................................................................................................................................................................................................................................................................................................................................................................................................................................................................................................................................................................................................................................................................................................................................................................................................................................................................................................................................................................................................................................................................................................................................................................................................................................................................................................................................................................................................................................................................................................................................................................................................................................................................................................................................................................................................................................................................................................................................................................................................................................................................................................................................................................................................................................................................................................................................................................................................................................................................................................................................................................................................................................................................................................................................................................................................................................................................................................................................................................................................................................................................................................................................................................................................................................................................................................................................................................................................................................................................................................................................................................................................................................................................................................................................................................................................................................................................................................................................................................................................................................................................................................................................................................................................................................................................................................................................................................................................................................................................................................................................................................................................................................................................................................................................................................................................................................................................................................................................................................................................................................................................................................................................................................................................................................................................................................................................................................................................................................................................................................................................................................................................................................................................................................................................................................................................................................................................................................................................................................................................................................................................................................................................................................................................................................................................................................................................................................................................................................................................................................................................................................................................................................................................................................................................................................................................................................................................................................................................................................................................................................................................................................................................................................................................................................................................................................................................................................................................................................................................................................................................................................................................................................................................................................................................................................................................................................................................................................................................................................................................................................................................................................................................................................................................................................................................................................................................................................................................................................................................................................................................................................................................................................................................................................................................................................................................................................................................................................................................................................................................................................................................................................................................................................................................................................................................................................................................................................................................................................................................................................................................................................................................................................................................................................................................................................................................................................................................................................................................................................................................................................................................................................................................................................................................................................................................................................................................................................................................................................................................................................................................................................................................................................................................................................................................................................................................................................................................................................................................................................................................................................................................................................................................................................................................................................................................................................................................................................................................................................................................................................................................................................................................................................................................................................................................................................................................................................................................................................................................................................................................................................................................................................................................................................................................................................................................................................................................................................................................................................................................................................................................................................................................................................................................................................................................................................................................................................................................................................................................................................................................................................................................................................................................................................................................................................................................................................................................................................................................................................................................................................................................................................................................................................................................................................................................................................................................................................................................................................................................................................................................................................................................................................................................................................................................................................................................................................................................................................................................................................................................................................................................................................................................................................................................................................................................................................................................................................................................................................................................................................................................................................................................................................................................................................................................................................................................................................................................................................................................................................................................................................................................................................................................................................................................................................................................................................................................................................................................................................................................................................................................................................................................................................................................................................................................................................................................................................................................................................................................................................................................................................................................................................................................................................................................................................................................................................................................................................................................................................................................................................................................................................................................................................................................................................................................................................................................................................................................................................................................................................................................................................................................................................................................................................................................................................................................................................................................................................................................................................................................................................................................................................................................................................................................................................................................................................................................................................................................................................................................................................................................................................................................................................................................................................................................................................................................................................................................................................................................................................................................................................................................................................................................................................................................................................................................................................................................................................................................................................................................................................................................................................................................................................................................................................................................................................................................................................................................................................................................................................................................................................................................................................................................................................................................................................................................................................................................................................................................................................................................................................................................................................................................................................................................................................................................................................................................................................................................................................................................................................................................................................................................................................................................................................................................................................................................................................................................................................................................................................................................................................................................................................................................................................................................................................................................................................................................................................................................................................................................................................................................................................................................................................................................................................................................................................................................................................................................................................................................................................................................................................................................................................................................................................................................................................................................................................................................................................................................................................................................................................................................................................................................................................................................................................................................................................................................................................................................................................................................................................................................................................................................................................................................................................................................................................................................................................................................................................................................................................................................................................................................................................................................................................................................................................................................................................................................................................................................................................................................................................................................................................................................................................................................................................................................................................................................................................................................................................................................................................................................................................................................................................................................................................................................................................................................................................................................................................................................................................................................................................................................................................................................................................................................................................................................................................................................................................................................................................................................................................................................................................................................................................................................................................................................................................................................................................................................................................................................................................................................................................................................................................................................................................................................................................................................................................................................................................................................................................................................................................................................................................................................................................................................................................................................................................................................................................................................................................................................................................................................................................................................................................................................................................................................................................................................................................................................................................................................................................................................................................................................................................................................................................................................................................................................................................................................................................................5 ms. Memory: 208384K Free: 129125K (62%)
4 ms. Memory: 208384K Free: 129125K (62%)
2 ms. Memory: 208384K Free: 129125K (62%)
2 ms. Memory: 208384K Free: 129125K (62%)
2 ms. Memory: 208384K Free: 126728K (61%)
/home/travis/build/icyphy/ptII/ptolemy/actor/lib/test/IIR.tcl
/home/travis/build/icyphy/ptII/ptolemy/actor/lib/test/Interpolator.tcl
4 ms. Memory: 208384K Free: 123812K (59%)
2 ms. Memory: 208384K Free: 121416K (58%)
2 ms. Memory: 208384K Free: 121416K (58%)
1 ms. Memory: 208384K Free: 121416K (58%)
6 ms. Memory: 208384K Free: 121416K (58%)
7 ms. Memory: 208384K Free: 119019K (57%)
2 ms. Memory: 208384K Free: 119019K (57%)
2 ms. Memory: 208384K Free: 116623K (56%)
2 ms. Memory: 208384K Free: 116623K (56%)
2 ms. Memory: 208384K Free: 116623K (56%)
/home/travis/build/icyphy/ptII/ptolemy/actor/lib/test/MathFunction.tcl
6 ms. Memory: 208384K Free: 114227K (55%)
6 ms. Memory: 208384K Free: 111830K (54%)
2 ms. Memory: 208384K Free: 111830K (54%)
2 ms. Memory: 208384K Free: 111830K (54%)
3 ms. Memory: 208384K Free: 109430K (53%)
4 ms. Memory: 208384K Free: 107034K (51%)
/home/travis/build/icyphy/ptII/ptolemy/actor/lib/test/Maximum.tcl
3 ms. Memory: 208384K Free: 104638K (50%)
7 ms. Memory: 208384K Free: 104638K (50%)
7 ms. Memory: 208384K Free: 104638K (50%)
5 ms. Memory: 208384K Free: 104638K (50%)
/home/travis/build/icyphy/ptII/ptolemy/actor/lib/test/Minimum.tcl
5 ms. Memory: 208384K Free: 102241K (49%)
4 ms. Memory: 208384K Free: 102241K (49%)
2 ms. Memory: 208384K Free: 99845K (48%)
2 ms. Memory: 208384K Free: 99845K (48%)
/home/travis/build/icyphy/ptII/ptolemy/actor/lib/test/MultiplyDivide.tcl
12 ms. Memory: 208384K Free: 97448K (47%)
9 ms. Memory: 208384K Free: 97448K (47%)
2 ms. Memory: 208384K Free: 97448K (47%)
3 ms. Memory: 208384K Free: 95052K (46%)
3 ms. Memory: 208384K Free: 95052K (46%)
/home/travis/build/icyphy/ptII/ptolemy/actor/lib/test/OrderedMerge.tcl
Connections changed on port: inputA
Connections changed on port: inputB
Connections changed on port: output
Connections changed on port: output
Connections changed on port: output
Connections changed on port: input
.top. Preinitializing ...
Invoking preinitialize():  .top.OrderedMerge
Called preinitialize()
Invoking preinitialize():  .top.Ramp
Called preinitialize()
Invoking preinitialize():  .top.Ramp2
Called preinitialize()
Invoking preinitialize():  .top.Test
Called preinitialize()
Connections changed on port: inputA
Connections changed on port: output
Connections changed on port: inputB
Connections changed on port: output
Connections changed on port: output
Connections changed on port: input
.top. Finished preinitialize().
Called initialize().
Invoking initialize():  .top.OrderedMerge
Initializing actor: .top.OrderedMerge
Adding a thread: .top.OrderedMerge
Invoking initialize():  .top.Ramp
Initializing actor: .top.Ramp
Adding a thread: .top.Ramp
Invoking initialize():  .top.Ramp2
Initializing actor: .top.Ramp2
Adding a thread: .top.Ramp2
Invoking initialize():  .top.Test
Initializing actor: .top.Test
Adding a thread: .top.Test
-- Starting thread.
Called initialize()
Called prefire()
Called fire()
-- Starting thread.
Called initialize()
Called prefire()
Called fire()
Called postfire()
Called prefire()
Called fire()
-- Starting thread.
Called initialize()
Called prefire()
Called fire()
Called postfire()
Called prefire()
Called fire()
Called fire().
Checking for deadlock:
There are 3 Blocked actors, 0 Stopped actors, and 4 active threads.
Waiting for actors to stop.
-- Starting thread.
Called initialize()
Called prefire()
Called fire()
Checking for deadlock:
There are 2 Blocked actors, 0 Stopped actors, and 4 active threads.
Waiting for actors to stop.
Called postfire()
Called prefire()
Called fire()
Checking for deadlock:
There are 3 Blocked actors, 0 Stopped actors, and 4 active threads.
Waiting for actors to stop.
Read input token from inputA with value 0.0
Next port to read input from is inputB
Called postfire()
Called prefire()
Called fire()
Checking for deadlock:
There are 2 Blocked actors, 0 Stopped actors, and 4 active threads.
Waiting for actors to stop.
Called postfire()
Called prefire()
Called fire()
Checking for deadlock:
There are 3 Blocked actors, 0 Stopped actors, and 4 active threads.
Waiting for actors to stop.
Read input token from inputB with value 0.0
Checking for deadlock:
There are 2 Blocked actors, 0 Stopped actors, and 4 active threads.
Waiting for actors to stop.
-- Read input: 0.0, which is expected to match: 0.0
Called prefire()
Called fire()
Checking for deadlock:
There are 3 Blocked actors, 0 Stopped actors, and 4 active threads.
Waiting for actors to stop.
Sent output token with value 0.0
Next port to read input from is inputA
Called postfire()
Called prefire()
Called fire()
Checking for deadlock:
There are 2 Blocked actors, 0 Stopped actors, and 4 active threads.
Waiting for actors to stop.
Called postfire()
Called prefire()
Called fire()
Checking for deadlock:
There are 3 Blocked actors, 0 Stopped actors, and 4 active threads.
Waiting for actors to stop.
Read input token from inputA with value 1.0
Checking for deadlock:
There are 2 Blocked actors, 0 Stopped actors, and 4 active threads.
Waiting for actors to stop.
-- Read input: 0.0, which is expected to match: 0.0
Called prefire()
Called fire()
Checking for deadlock:
There are 3 Blocked actors, 0 Stopped actors, and 4 active threads.
Waiting for actors to stop.
Sent output token with value 0.0
Next port to read input from is inputB
Called postfire()
Called prefire()
Called fire()
Checking for deadlock:
There are 2 Blocked actors, 0 Stopped actors, and 4 active threads.
Waiting for actors to stop.
Called postfire()
Called prefire()
Called fire()
Checking for deadlock:
There are 3 Blocked actors, 0 Stopped actors, and 4 active threads.
Waiting for actors to stop.
Read input token from inputB with value 1.5
Checking for deadlock:
There are 2 Blocked actors, 0 Stopped actors, and 4 active threads.
Waiting for actors to stop.
-- Read input: 1.0, which is expected to match: 1.0
Called prefire()
Called fire()
Checking for deadlock:
There are 3 Blocked actors, 0 Stopped actors, and 4 active threads.
Waiting for actors to stop.
Sent output token with value 1.0
Next port to read input from is inputA
Called postfire()
Called prefire()
Called fire()
Checking for deadlock:
There are 2 Blocked actors, 0 Stopped actors, and 4 active threads.
Waiting for actors to stop.
Called postfire()
Called prefire()
Called fire()
Checking for deadlock:
There are 3 Blocked actors, 0 Stopped actors, and 4 active threads.
Waiting for actors to stop.
Read input token from inputA with value 2.0
Checking for deadlock:
There are 2 Blocked actors, 0 Stopped actors, and 4 active threads.
Waiting for actors to stop.
-- Read input: 1.5, which is expected to match: 1.5
Called prefire()
Called fire()
Checking for deadlock:
There are 3 Blocked actors, 0 Stopped actors, and 4 active threads.
Waiting for actors to stop.
Sent output token with value 1.5
Next port to read input from is inputB
Called postfire()
Called prefire()
Called fire()
Checking for deadlock:
There are 2 Blocked actors, 0 Stopped actors, and 4 active threads.
Waiting for actors to stop.
Called postfire()
Called prefire()
Called fire()
Checking for deadlock:
There are 3 Blocked actors, 0 Stopped actors, and 4 active threads.
Waiting for actors to stop.
Read input token from inputB with value 3.0
Checking for deadlock:
There are 2 Blocked actors, 0 Stopped actors, and 4 active threads.
Waiting for actors to stop.
-- Read input: 2.0, which is expected to match: 2.0
Called prefire()
Called fire()
Checking for deadlock:
There are 3 Blocked actors, 0 Stopped actors, and 4 active threads.
Waiting for actors to stop.
Sent output token with value 2.0
Next port to read input from is inputA
Called postfire()
Called prefire()
Called fire()
Called postfire()
Called prefire()
Called fire()
Checking for deadlock:
There are 3 Blocked actors, 0 Stopped actors, and 4 active threads.
Waiting for actors to stop.
Read input token from inputA with value 3.0
-- Read input: 3.0, which is expected to match: 3.0
Called prefire()
Called fire()
Checking for deadlock:
There are 3 Blocked actors, 0 Stopped actors, and 4 active threads.
Waiting for actors to stop.
Sent output token with value 3.0
Next port to read input from is inputB
Called postfire()
Called prefire()
Called fire()
Checking for deadlock:
There are 2 Blocked actors, 0 Stopped actors, and 4 active threads.
Waiting for actors to stop.
Called postfire()
Called prefire()
Called fire()
Checking for deadlock:
There are 3 Blocked actors, 0 Stopped actors, and 4 active threads.
Waiting for actors to stop.
Read input token from inputB with value 4.5
Checking for deadlock:
There are 2 Blocked actors, 0 Stopped actors, and 4 active threads.
Waiting for actors to stop.
-- Read input: 3.0, which is expected to match: 3.0
Called prefire()
Called fire()
Checking for deadlock:
There are 3 Blocked actors, 0 Stopped actors, and 4 active threads.
Waiting for actors to stop.
Sent output token with value 3.0
Next port to read input from is inputA
Called postfire()
Called prefire()
Called fire()
Called postfire()
Called prefire()
Called fire()
Checking for deadlock:
There are 3 Blocked actors, 0 Stopped actors, and 4 active threads.
Waiting for actors to stop.
Read input token from inputA with value 4.0
-- Read input: 4.0, which is expected to match: 4.0
Called prefire()
Called fire()
Past the end of training data. Read and discard all inputs.
Checking for deadlock:
There are 3 Blocked actors, 0 Stopped actors, and 4 active threads.
Waiting for actors to stop.
Sent output token with value 4.0
Next port to read input from is inputA
Called postfire()
Called prefire()
Called fire()
Called postfire()
Called prefire()
Called fire()
Checking for deadlock:
There are 3 Blocked actors, 0 Stopped actors, and 4 active threads.
Waiting for actors to stop.
Read input token from inputA with value 5.0
Called prefire()
Called fire()
Past the end of training data. Read and discard all inputs.
Checking for deadlock:
There are 3 Blocked actors, 0 Stopped actors, and 4 active threads.
Waiting for actors to stop.
Sent output token with value 4.5
Next port to read input from is inputB
Called postfire()
Called prefire()
Called fire()
Checking for deadlock:
There are 2 Blocked actors, 0 Stopped actors, and 4 active threads.
Waiting for actors to stop.
Called postfire()
Called prefire()
Called fire()
Checking for deadlock:
There are 3 Blocked actors, 0 Stopped actors, and 4 active threads.
Waiting for actors to stop.
Read input token from inputB with value 6.0
Checking for deadlock:
There are 2 Blocked actors, 0 Stopped actors, and 4 active threads.
Waiting for actors to stop.
Called prefire()
Called fire()
Past the end of training data. Read and discard all inputs.
Checking for deadlock:
There are 3 Blocked actors, 0 Stopped actors, and 4 active threads.
Waiting for actors to stop.
Sent output token with value 5.0
Next port to read input from is inputA
Called postfire()
Called prefire()
Called fire()
Called postfire()
Called prefire()
Called fire()
Checking for deadlock:
There are 3 Blocked actors, 0 Stopped actors, and 4 active threads.
Waiting for actors to stop.
Read input token from inputA with value 6.0
Called prefire()
Called fire()
Past the end of training data. Read and discard all inputs.
Checking for deadlock:
There are 3 Blocked actors, 0 Stopped actors, and 4 active threads.
Waiting for actors to stop.
Sent output token with value 6.0
Next port to read input from is inputB
Called postfire()
Called prefire()
Called fire()
Checking for deadlock:
There are 2 Blocked actors, 0 Stopped actors, and 4 active threads.
Waiting for actors to stop.
Called postfire()
Called prefire()
Called fire()
Checking for deadlock:
There are 3 Blocked actors, 0 Stopped actors, and 4 active threads.
Waiting for actors to stop.
Read input token from inputB with value 7.5
Checking for deadlock:
There are 2 Blocked actors, 0 Stopped actors, and 4 active threads.
Waiting for actors to stop.
Called prefire()
Called fire()
Past the end of training data. Read and discard all inputs.
Checking for deadlock:
There are 3 Blocked actors, 0 Stopped actors, and 4 active threads.
Waiting for actors to stop.
Sent output token with value 6.0
Next port to read input from is inputA
Called postfire()
Called prefire()
Called fire()
Called postfire()
Called prefire()
Called fire()
Checking for deadlock:
There are 3 Blocked actors, 0 Stopped actors, and 4 active threads.
Waiting for actors to stop.
Read input token from inputA with value 7.0
Called prefire()
Called fire()
Past the end of training data. Read and discard all inputs.
Checking for deadlock:
There are 3 Blocked actors, 0 Stopped actors, and 4 active threads.
Waiting for actors to stop.
Sent output token with value 7.0
Next port to read input from is inputA
Called postfire()
Called prefire()
Called fire()
-- Thread wrapup() called.
Called wrapup()
Thread .top.Ramp is exiting.
-- Thread stopped.
Checking for deadlock:
There are 2 Blocked actors, 0 Stopped actors, and 3 active threads.
Waiting for actors to stop.
Read input token from inputA with value 8.0
Called prefire()
Called fire()
Past the end of training data. Read and discard all inputs.
Checking for deadlock:
There are 2 Blocked actors, 0 Stopped actors, and 3 active threads.
Waiting for actors to stop.
Sent output token with value 7.5
Next port to read input from is inputB
Called postfire()
Called prefire()
Called fire()
Checking for deadlock:
There are 1 Blocked actors, 0 Stopped actors, and 3 active threads.
Waiting for actors to stop.
Called postfire()
Called prefire()
Called fire()
Checking for deadlock:
There are 2 Blocked actors, 0 Stopped actors, and 3 active threads.
Waiting for actors to stop.
Read input token from inputB with value 9.0
Checking for deadlock:
There are 1 Blocked actors, 0 Stopped actors, and 3 active threads.
Waiting for actors to stop.
Called prefire()
Called fire()
Past the end of training data. Read and discard all inputs.
Checking for deadlock:
There are 2 Blocked actors, 0 Stopped actors, and 3 active threads.
Waiting for actors to stop.
Sent output token with value 8.0
Next port to read input from is inputA
Called postfire()
Called prefire()
Called fire()
Read input token from inputA with value 9.0
Checking for deadlock:
There are 1 Blocked actors, 0 Stopped actors, and 3 active threads.
Waiting for actors to stop.
Called prefire()
Called fire()
Past the end of training data. Read and discard all inputs.
Checking for deadlock:
There are 2 Blocked actors, 0 Stopped actors, and 3 active threads.
Waiting for actors to stop.
Sent output token with value 9.0
Next port to read input from is inputB
Called postfire()
Called prefire()
Called fire()
Checking for deadlock:
There are 1 Blocked actors, 0 Stopped actors, and 3 active threads.
Waiting for actors to stop.
Called postfire()
Called prefire()
Called fire()
Checking for deadlock:
There are 2 Blocked actors, 0 Stopped actors, and 3 active threads.
Waiting for actors to stop.
Read input token from inputB with value 10.5
Checking for deadlock:
There are 1 Blocked actors, 0 Stopped actors, and 3 active threads.
Waiting for actors to stop.
Called prefire()
Called fire()
Past the end of training data. Read and discard all inputs.
Checking for deadlock:
There are 2 Blocked actors, 0 Stopped actors, and 3 active threads.
Waiting for actors to stop.
Sent output token with value 9.0
Next port to read input from is inputA
Called postfire()
Called prefire()
Called fire()
Checking for deadlock:
There are 3 Blocked actors, 0 Stopped actors, and 3 active threads.
Actors have stopped.
Checking for deadlock:
There are 3 Blocked actors, 0 Stopped actors, and 3 active threads.
Deadlock detected.
Resolving Deadlock
Checking for deadlock:
There are 3 Blocked actors, 0 Stopped actors, and 3 active threads.
Artificial Deadlock - increasing queue capacity.
increasing the capacity of receiver ptolemy.actor.TypedIOPort {.top.OrderedMerge.inputB} to 2
Director: Called postfire().
Called postfire().
_stopRequested = false
_stopFireRequested = false
Returning from postfire(): true
Called fire().
Checking for deadlock:
There are 2 Blocked actors, 0 Stopped actors, and 3 active threads.
Waiting for actors to stop.
-- Thread wrapup() called.
Called wrapup()
Thread .top.Ramp2 is exiting.
-- Thread stopped.
Checking for deadlock:
There are 2 Blocked actors, 0 Stopped actors, and 2 active threads.
Actors have stopped.
Checking for deadlock:
There are 2 Blocked actors, 0 Stopped actors, and 2 active threads.
Deadlock detected.
Resolving Deadlock
Checking for deadlock:
There are 2 Blocked actors, 0 Stopped actors, and 2 active threads.
Deadlock detected: no processes blocked on write, but some are blocked on read.
Called postfire().
_stopRequested = false
_stopFireRequested = false
Returning from postfire(): false
Finished deactivating branches.
Called wrapup().
-- Thread wrapup() called.
Called wrapup()
Thread .top.OrderedMerge is exiting.
-- Thread stopped.
-- Blocked Receiver call threw TerminateProcessException.
-- Thread wrapup() called.
Called wrapup()
Thread .top.Test is exiting.
-- Thread stopped.
-- Blocked Receiver call threw TerminateProcessException.
50 ms. Memory: 208384K Free: 87740K (42%)
.top. Preinitializing ...
Invoking preinitialize():  .top.OrderedMerge
Called preinitialize()
Invoking preinitialize():  .top.Ramp
Called preinitialize()
Invoking preinitialize():  .top.Ramp2
Called preinitialize()
Invoking preinitialize():  .top.Test
Called preinitialize()
.top. Finished preinitialize().
Called initialize().
Invoking initialize():  .top.OrderedMerge
Initializing actor: .top.OrderedMerge
Adding a thread: .top.OrderedMerge
Invoking initialize():  .top.Ramp
Initializing actor: .top.Ramp
Adding a thread: .top.Ramp
Invoking initialize():  .top.Ramp2
Initializing actor: .top.Ramp2
Adding a thread: .top.Ramp2
Invoking initialize():  .top.Test
Initializing actor: .top.Test
Adding a thread: .top.Test
-- Starting thread.
Called initialize()
Called prefire()
Called fire()
-- Starting thread.
Called initialize()
Called prefire()
Called fire()
Called postfire()
Called prefire()
Called fire()
-- Starting thread.
Called initialize()
Called prefire()
Called fire()
Called postfire()
Called prefire()
Called fire()
Called fire().
Checking for deadlock:
There are 3 Blocked actors, 0 Stopped actors, and 4 active threads.
Waiting for actors to stop.
-- Starting thread.
Called initialize()
Called prefire()
Called fire()
Checking for deadlock:
There are 2 Blocked actors, 0 Stopped actors, and 4 active threads.
Waiting for actors to stop.
Called postfire()
Called prefire()
Called fire()
Checking for deadlock:
There are 3 Blocked actors, 0 Stopped actors, and 4 active threads.
Waiting for actors to stop.
Read input token from inputA with value 0.0
Next port to read input from is inputB
Called postfire()
Called prefire()
Called fire()
Checking for deadlock:
There are 2 Blocked actors, 0 Stopped actors, and 4 active threads.
Waiting for actors to stop.
Called postfire()
Called prefire()
Called fire()
Checking for deadlock:
There are 3 Blocked actors, 0 Stopped actors, and 4 active threads.
Waiting for actors to stop.
Read input token from inputB with value 0.0
Checking for deadlock:
There are 2 Blocked actors, 0 Stopped actors, and 4 active threads.
Waiting for actors to stop.
-- Read input: 0.0, which is expected to match: 0.0
Called prefire()
Called fire()
Checking for deadlock:
There are 3 Blocked actors, 0 Stopped actors, and 4 active threads.
Waiting for actors to stop.
Sent output token with value 0.0
Next port to read input from is inputA
Called postfire()
Called prefire()
Called fire()
Checking for deadlock:
There are 2 Blocked actors, 0 Stopped actors, and 4 active threads.
Waiting for actors to stop.
Called postfire()
Called prefire()
Called fire()
Checking for deadlock:
There are 3 Blocked actors, 0 Stopped actors, and 4 active threads.
Waiting for actors to stop.
Read input token from inputA with value 1.0
Checking for deadlock:
There are 2 Blocked actors, 0 Stopped actors, and 4 active threads.
Waiting for actors to stop.
-- Read input: 0.0, which is expected to match: 0.0
Called prefire()
Called fire()
Checking for deadlock:
There are 3 Blocked actors, 0 Stopped actors, and 4 active threads.
Waiting for actors to stop.
Sent output token with value 0.0
Next port to read input from is inputB
Called postfire()
Called prefire()
Called fire()
Checking for deadlock:
There are 2 Blocked actors, 0 Stopped actors, and 4 active threads.
Waiting for actors to stop.
Called postfire()
Called prefire()
Called fire()
Checking for deadlock:
There are 3 Blocked actors, 0 Stopped actors, and 4 active threads.
Waiting for actors to stop.
Read input token from inputB with value 1.5
Checking for deadlock:
There are 2 Blocked actors, 0 Stopped actors, and 4 active threads.
Waiting for actors to stop.
-- Read input: 1.0, which is expected to match: 1.0
Called prefire()
Called fire()
Checking for deadlock:
There are 3 Blocked actors, 0 Stopped actors, and 4 active threads.
Waiting for actors to stop.
Sent output token with value 1.0
Next port to read input from is inputA
Called postfire()
Called prefire()
Called fire()
Checking for deadlock:
There are 2 Blocked actors, 0 Stopped actors, and 4 active threads.
Waiting for actors to stop.
Called postfire()
Called prefire()
Called fire()
Checking for deadlock:
There are 3 Blocked actors, 0 Stopped actors, and 4 active threads.
Waiting for actors to stop.
Read input token from inputA with value 2.0
Checking for deadlock:
There are 2 Blocked actors, 0 Stopped actors, and 4 active threads.
Waiting for actors to stop.
-- Read input: 1.5, which is expected to match: 1.5
Called prefire()
Called fire()
Checking for deadlock:
There are 3 Blocked actors, 0 Stopped actors, and 4 active threads.
Waiting for actors to stop.
Sent output token with value 1.5
Next port to read input from is inputB
Called postfire()
Called prefire()
Called fire()
Checking for deadlock:
There are 2 Blocked actors, 0 Stopped actors, and 4 active threads.
Waiting for actors to stop.
Called postfire()
Called prefire()
Called fire()
Checking for deadlock:
There are 3 Blocked actors, 0 Stopped actors, and 4 active threads.
Waiting for actors to stop.
Read input token from inputB with value 3.0
Checking for deadlock:
There are 2 Blocked actors, 0 Stopped actors, and 4 active threads.
Waiting for actors to stop.
-- Read input: 2.0, which is expected to match: 2.0
Called prefire()
Called fire()
Checking for deadlock:
There are 3 Blocked actors, 0 Stopped actors, and 4 active threads.
Waiting for actors to stop.
Sent output token with value 2.0
Next port to read input from is inputA
Called postfire()
Called prefire()
Called fire()
Checking for deadlock:
There are 2 Blocked actors, 0 Stopped actors, and 4 active threads.
Waiting for actors to stop.
Called postfire()
Called prefire()
Called fire()
Checking for deadlock:
There are 3 Blocked actors, 0 Stopped actors, and 4 active threads.
Waiting for actors to stop.
Read input token from inputA with value 3.0
Checking for deadlock:
There are 2 Blocked actors, 0 Stopped actors, and 4 active threads.
Waiting for actors to stop.
-- Read input: 3.0, which is expected to match: 3.0
Called prefire()
Called fire()
Checking for deadlock:
There are 3 Blocked actors, 0 Stopped actors, and 4 active threads.
Waiting for actors to stop.
Sent output token with value 3.0
Next port to read input from is inputB
Called postfire()
Called prefire()
Called fire()
Checking for deadlock:
There are 2 Blocked actors, 0 Stopped actors, and 4 active threads.
Waiting for actors to stop.
Called postfire()
Called prefire()
Called fire()
Checking for deadlock:
There are 3 Blocked actors, 0 Stopped actors, and 4 active threads.
Waiting for actors to stop.
Read input token from inputB with value 4.5
Checking for deadlock:
There are 2 Blocked actors, 0 Stopped actors, and 4 active threads.
Waiting for actors to stop.
-- Read input: 3.0, which is expected to match: 3.0
Called prefire()
Called fire()
Checking for deadlock:
There are 3 Blocked actors, 0 Stopped actors, and 4 active threads.
Waiting for actors to stop.
Sent output token with value 3.0
Next port to read input from is inputA
Called postfire()
Called prefire()
Called fire()
Checking for deadlock:
There are 2 Blocked actors, 0 Stopped actors, and 4 active threads.
Waiting for actors to stop.
Called postfire()
Called prefire()
Called fire()
Checking for deadlock:
There are 3 Blocked actors, 0 Stopped actors, and 4 active threads.
Waiting for actors to stop.
Read input token from inputA with value 4.0
Checking for deadlock:
There are 2 Blocked actors, 0 Stopped actors, and 4 active threads.
Waiting for actors to stop.
-- Read input: 4.0, which is expected to match: 4.0
Called prefire()
Called fire()
Past the end of training data. Read and discard all inputs.
Checking for deadlock:
There are 3 Blocked actors, 0 Stopped actors, and 4 active threads.
Waiting for actors to stop.
Sent output token with value 4.0
Next port to read input from is inputA
Called postfire()
Called prefire()
Called fire()
Checking for deadlock:
There are 2 Blocked actors, 0 Stopped actors, and 4 active threads.
Waiting for actors to stop.
Called postfire()
Called prefire()
Called fire()
Checking for deadlock:
There are 3 Blocked actors, 0 Stopped actors, and 4 active threads.
Waiting for actors to stop.
Read input token from inputA with value 5.0
Checking for deadlock:
There are 2 Blocked actors, 0 Stopped actors, and 4 active threads.
Waiting for actors to stop.
Called prefire()
Called fire()
Past the end of training data. Read and discard all inputs.
Checking for deadlock:
There are 3 Blocked actors, 0 Stopped actors, and 4 active threads.
Waiting for actors to stop.
Sent output token with value 4.5
Next port to read input from is inputB
Called postfire()
Called prefire()
Called fire()
Checking for deadlock:
There are 2 Blocked actors, 0 Stopped actors, and 4 active threads.
Waiting for actors to stop.
Called postfire()
Called prefire()
Called fire()
Checking for deadlock:
There are 3 Blocked actors, 0 Stopped actors, and 4 active threads.
Waiting for actors to stop.
Read input token from inputB with value 6.0
Checking for deadlock:
There are 2 Blocked actors, 0 Stopped actors, and 4 active threads.
Waiting for actors to stop.
Called prefire()
Called fire()
Past the end of training data. Read and discard all inputs.
Checking for deadlock:
There are 3 Blocked actors, 0 Stopped actors, and 4 active threads.
Waiting for actors to stop.
Sent output token with value 5.0
Next port to read input from is inputA
Called postfire()
Called prefire()
Called fire()
Checking for deadlock:
There are 2 Blocked actors, 0 Stopped actors, and 4 active threads.
Waiting for actors to stop.
Called postfire()
Called prefire()
Called fire()
Checking for deadlock:
There are 3 Blocked actors, 0 Stopped actors, and 4 active threads.
Waiting for actors to stop.
Read input token from inputA with value 6.0
Checking for deadlock:
There are 2 Blocked actors, 0 Stopped actors, and 4 active threads.
Waiting for actors to stop.
Called prefire()
Called fire()
Past the end of training data. Read and discard all inputs.
Checking for deadlock:
There are 3 Blocked actors, 0 Stopped actors, and 4 active threads.
Waiting for actors to stop.
Sent output token with value 6.0
Next port to read input from is inputB
Called postfire()
Called prefire()
Called fire()
Checking for deadlock:
There are 2 Blocked actors, 0 Stopped actors, and 4 active threads.
Waiting for actors to stop.
Called postfire()
Called prefire()
Called fire()
Checking for deadlock:
There are 3 Blocked actors, 0 Stopped actors, and 4 active threads.
Waiting for actors to stop.
Read input token from inputB with value 7.5
Checking for deadlock:
There are 2 Blocked actors, 0 Stopped actors, and 4 active threads.
Waiting for actors to stop.
Called prefire()
Called fire()
Past the end of training data. Read and discard all inputs.
Checking for deadlock:
There are 3 Blocked actors, 0 Stopped actors, and 4 active threads.
Waiting for actors to stop.
Sent output token with value 6.0
Next port to read input from is inputA
Called postfire()
Called prefire()
Called fire()
Checking for deadlock:
There are 2 Blocked actors, 0 Stopped actors, and 4 active threads.
Waiting for actors to stop.
Called postfire()
Called prefire()
Called fire()
Checking for deadlock:
There are 3 Blocked actors, 0 Stopped actors, and 4 active threads.
Waiting for actors to stop.
Read input token from inputA with value 7.0
Checking for deadlock:
There are 2 Blocked actors, 0 Stopped actors, and 4 active threads.
Waiting for actors to stop.
Called prefire()
Called fire()
Past the end of training data. Read and discard all inputs.
Checking for deadlock:
There are 3 Blocked actors, 0 Stopped actors, and 4 active threads.
Waiting for actors to stop.
Sent output token with value 7.0
Next port to read input from is inputA
Called postfire()
Called prefire()
Called fire()
Checking for deadlock:
There are 2 Blocked actors, 0 Stopped actors, and 4 active threads.
Waiting for actors to stop.
-- Thread wrapup() called.
Called wrapup()
Thread .top.Ramp is exiting.
Checking for deadlock:
There are 2 Blocked actors, 0 Stopped actors, and 3 active threads.
Waiting for actors to stop.
-- Thread stopped.
Read input token from inputA with value 8.0
Checking for deadlock:
There are 1 Blocked actors, 0 Stopped actors, and 3 active threads.
Waiting for actors to stop.
Called prefire()
Called fire()
Past the end of training data. Read and discard all inputs.
Checking for deadlock:
There are 2 Blocked actors, 0 Stopped actors, and 3 active threads.
Waiting for actors to stop.
Sent output token with value 7.5
Next port to read input from is inputB
Called postfire()
Called prefire()
Called fire()
Checking for deadlock:
There are 1 Blocked actors, 0 Stopped actors, and 3 active threads.
Waiting for actors to stop.
Called postfire()
Called prefire()
Called fire()
Checking for deadlock:
There are 2 Blocked actors, 0 Stopped actors, and 3 active threads.
Waiting for actors to stop.
Read input token from inputB with value 9.0
Checking for deadlock:
There are 1 Blocked actors, 0 Stopped actors, and 3 active threads.
Waiting for actors to stop.
Called prefire()
Called fire()
Past the end of training data. Read and discard all inputs.
Checking for deadlock:
There are 2 Blocked actors, 0 Stopped actors, and 3 active threads.
Waiting for actors to stop.
Sent output token with value 8.0
Next port to read input from is inputA
Called postfire()
Called prefire()
Called fire()
Read input token from inputA with value 9.0
Checking for deadlock:
There are 1 Blocked actors, 0 Stopped actors, and 3 active threads.
Waiting for actors to stop.
Called prefire()
Called fire()
Past the end of training data. Read and discard all inputs.
Checking for deadlock:
There are 2 Blocked actors, 0 Stopped actors, and 3 active threads.
Waiting for actors to stop.
Sent output token with value 9.0
Next port to read input from is inputB
Called postfire()
Called prefire()
Called fire()
Checking for deadlock:
There are 1 Blocked actors, 0 Stopped actors, and 3 active threads.
Waiting for actors to stop.
Called postfire()
Called prefire()
Called fire()
Checking for deadlock:
There are 2 Blocked actors, 0 Stopped actors, and 3 active threads.
Waiting for actors to stop.
Read input token from inputB with value 10.5
Checking for deadlock:
There are 1 Blocked actors, 0 Stopped actors, and 3 active threads.
Waiting for actors to stop.
Called prefire()
Called fire()
Past the end of training data. Read and discard all inputs.
Checking for deadlock:
There are 2 Blocked actors, 0 Stopped actors, and 3 active threads.
Waiting for actors to stop.
Sent output token with value 9.0
Next port to read input from is inputA
Called postfire()
Called prefire()
Called fire()
Checking for deadlock:
There are 3 Blocked actors, 0 Stopped actors, and 3 active threads.
Actors have stopped.
Checking for deadlock:
There are 3 Blocked actors, 0 Stopped actors, and 3 active threads.
Deadlock detected.
Resolving Deadlock
Checking for deadlock:
There are 3 Blocked actors, 0 Stopped actors, and 3 active threads.
Artificial Deadlock - increasing queue capacity.
increasing the capacity of receiver ptolemy.actor.TypedIOPort {.top.OrderedMerge.inputB} to 2
Director: Called postfire().
Called postfire().
_stopRequested = false
_stopFireRequested = false
Returning from postfire(): true
Called fire().
Checking for deadlock:
There are 2 Blocked actors, 0 Stopped actors, and 3 active threads.
Waiting for actors to stop.
-- Thread wrapup() called.
Called wrapup()
Thread .top.Ramp2 is exiting.
-- Thread stopped.
Checking for deadlock:
There are 2 Blocked actors, 0 Stopped actors, and 2 active threads.
Actors have stopped.
Checking for deadlock:
There are 2 Blocked actors, 0 Stopped actors, and 2 active threads.
Deadlock detected.
Resolving Deadlock
Checking for deadlock:
There are 2 Blocked actors, 0 Stopped actors, and 2 active threads.
Deadlock detected: no processes blocked on write, but some are blocked on read.
Called postfire().
_stopRequested = false
_stopFireRequested = false
Returning from postfire(): false
Finished deactivating branches.
Called wrapup().
-- Thread wrapup() called.
Called wrapup()
Thread .top.OrderedMerge is exiting.
-- Thread stopped.
-- Blocked Receiver call threw TerminateProcessException.
-- Thread wrapup() called.
Called wrapup()
Thread .top.Test is exiting.
-- Thread stopped.
-- Blocked Receiver call threw TerminateProcessException.
37 ms. Memory: 208384K Free: 82825K (40%)
/home/travis/build/icyphy/ptII/ptolemy/actor/lib/test/Publisher.tcl
6 ms. Memory: 208384K Free: 197113K (95%)
3 ms. Memory: 208384K Free: 192423K (92%)
3 ms. Memory: 208384K Free: 187733K (90%)
3 ms. Memory: 208384K Free: 187733K (90%)
2 ms. Memory: 208384K Free: 187733K (90%)
6 ms. Memory: 208384K Free: 185388K (89%)
2 ms. Memory: 208384K Free: 185388K (89%)
2 ms. Memory: 208384K Free: 183043K (88%)
1 ms. Memory: 208384K Free: 176009K (84%)
3 ms. Memory: 208384K Free: 171319K (82%)
1 ms. Memory: 208384K Free: 171319K (82%)
1 ms. Memory: 208384K Free: 168974K (81%)
18 ms. Memory: 208384K Free: 159594K (77%)
13 ms. Memory: 208384K Free: 150215K (72%)
14 ms. Memory: 208384K Free: 138490K (66%)
/home/travis/build/icyphy/ptII/ptolemy/actor/lib/test/Pulse.tcl
6 ms. Memory: 208384K Free: 98626K (47%)
8 ms. Memory: 208384K Free: 98626K (47%)
7 ms. Memory: 208384K Free: 96282K (46%)
2 ms. Memory: 208384K Free: 96282K (46%)
1 ms. Memory: 208384K Free: 96282K (46%)
1 ms. Memory: 208384K Free: 93937K (45%)
2 ms. Memory: 208384K Free: 93937K (45%)
1 ms. Memory: 208384K Free: 93937K (45%)
1 ms. Memory: 208384K Free: 91592K (44%)
/home/travis/build/icyphy/ptII/ptolemy/actor/lib/test/Ramp.tcl
8 ms. Memory: 208384K Free: 91592K (44%)
4 ms. Memory: 208384K Free: 89247K (43%)
3 ms. Memory: 208384K Free: 89247K (43%)
2 ms. Memory: 208384K Free: 89247K (43%)
5 ms. Memory: 208384K Free: 86902K (42%)
7 ms. Memory: 208384K Free: 86902K (42%)
4 ms. Memory: 208384K Free: 84557K (41%)
5 actors
6000 microseconds per iteration to create
11 ms. Memory: 208384K Free: 82212K (39%)
1 ms. Memory: 208384K Free: 82212K (39%)
5 ms. Memory: 208384K Free: 82212K (39%)
2 ms. Memory: 208384K Free: 82212K (39%)
50 actors
65000 microseconds per iteration to create
21 ms. Memory: 332288K Free: 310002K (93%)
5 ms. Memory: 332288K Free: 310002K (93%)
5 ms. Memory: 332288K Free: 305243K (92%)
4 ms. Memory: 332288K Free: 305243K (92%)
500 actors
1398000 microseconds per iteration to create
206 ms. Memory: 332288K Free: 133234K (40%)
42 ms. Memory: 332288K Free: 128475K (39%)
42 ms. Memory: 332288K Free: 123716K (37%)
41 ms. Memory: 332288K Free: 118957K (36%)
/home/travis/build/icyphy/ptII/ptolemy/actor/lib/test/RampContinuous.tcl
6 ms. Memory: 332288K Free: 118957K (36%)
/home/travis/build/icyphy/ptII/ptolemy/actor/lib/test/RecordAssembler.tcl
4 ms. Memory: 332288K Free: 114199K (34%)
3 ms. Memory: 332288K Free: 114199K (34%)
/home/travis/build/icyphy/ptII/ptolemy/actor/lib/test/RecordDisassembler.tcl
4 ms. Memory: 332288K Free: 114199K (34%)
3 ms. Memory: 332288K Free: 114199K (34%)
3 ms. Memory: 332288K Free: 109438K (33%)
/home/travis/build/icyphy/ptII/ptolemy/actor/lib/test/Scale.tcl
2 ms. Memory: 332288K Free: 109438K (33%)
2 ms. Memory: 332288K Free: 109438K (33%)
1 ms. Memory: 332288K Free: 109438K (33%)
1 ms. Memory: 332288K Free: 104671K (32%)
2 ms. Memory: 332288K Free: 104671K (32%)
/home/travis/build/icyphy/ptII/ptolemy/actor/lib/test/SequentialClock.tcl
preinitializing
resolving types
initializing
executing number 1
wrapping up
idle
2 ms. Memory: 332288K Free: 104671K (32%)
Completed execution with 5 iterations
preinitializing
resolving types
initializing
executing number 1
wrapping up
idle
1 ms. Memory: 332288K Free: 104671K (32%)
Completed execution with 5 iterations
preinitializing
resolving types
initializing
executing number 1
wrapping up
idle
1 ms. Memory: 332288K Free: 104671K (32%)
Completed execution with 5 iterations
/home/travis/build/icyphy/ptII/ptolemy/actor/lib/test/SetVariable.tcl
4 ms. Memory: 332288K Free: 99897K (30%)
/home/travis/build/icyphy/ptII/ptolemy/actor/lib/test/Sinewave.tcl
/home/travis/build/icyphy/ptII/ptolemy/actor/lib/test/SubscriptionAggregator.tcl
9 ms. Memory: 332288K Free: 90371K (27%)
3 ms. Memory: 332288K Free: 85604K (26%)
1 ms. Memory: 332288K Free: 85604K (26%)
1 ms. Memory: 332288K Free: 85604K (26%)
1 ms. Memory: 332288K Free: 80830K (24%)
3 ms. Memory: 332288K Free: 80830K (24%)
...............................................................1003 ms. Memory: 578048K Free: 210402K (36%)
/home/travis/build/icyphy/ptII/ptolemy/actor/lib/test/Test.tcl
 The next command will produce a warning about training mode,
   which may be ignored.
4 ms. Memory: 578048K Free: 200774K (35%)
2 ms. Memory: 578048K Free: 200774K (35%)
1 ms. Memory: 578048K Free: 200774K (35%)
2 ms. Memory: 578048K Free: 200774K (35%)
2 ms. Memory: 578048K Free: 200774K (35%)
2 ms. Memory: 578048K Free: 200774K (35%)
5 ms. Memory: 578048K Free: 200774K (35%)
 The next command will produce a warning about training mode,
   which may be ignored.
6 ms. Memory: 578048K Free: 200774K (35%)
 The next command will produce a warning about training mode,
   which may be ignored.
2 ms. Memory: 578048K Free: 200774K (35%)
1 ms. Memory: 578048K Free: 200774K (35%)
1 ms. Memory: 578048K Free: 191145K (33%)
3 ms. Memory: 578048K Free: 191145K (33%)
3 ms. Memory: 578048K Free: 191145K (33%)
4 ms. Memory: 578048K Free: 191145K (33%)
/home/travis/build/icyphy/ptII/ptolemy/actor/lib/test/TestExceptionHandler.tcl
 The next command will produce a warning about training mode,
   which may be ignored.
2 ms. Memory: 578048K Free: 191145K (33%)
0 ms. Memory: 578048K Free: 191145K (33%)
0 ms. Memory: 578048K Free: 191145K (33%)
/home/travis/build/icyphy/ptII/ptolemy/actor/lib/test/UnionDisassembler.tcl
21 ms. Memory: 578048K Free: 181517K (31%)
/home/travis/build/icyphy/ptII/ptolemy/actor/lib/test/VariableClock.tcl
preinitializing
resolving types
initializing
executing number 1
wrapping up
idle
8 ms. Memory: 578048K Free: 181517K (31%)
Completed execution with 11 iterations
preinitializing
resolving types
initializing
executing number 1
wrapping up
idle
6 ms. Memory: 578048K Free: 181517K (31%)
Completed execution with 10 iterations
02/24/19 03:06:30
Failed: 0  Total Tests: 234  ((Passed: 234, Newly Passed: 0)  Known Failed: 0) /home/travis/build/icyphy/ptII/ptolemy/actor/lib/test
----------------- testing (KnownFailure) /home/travis/build/icyphy/ptII/ptolemy/actor/lib/test/auto/knownFailedTests/PublisherPortToplevelSubscriber.xml
2 ms. Memory: 578048K Free: 162156K (28%)
Known Failure: java.lang.reflect.InvocationTargetException
----------------- testing (KnownFailure) /home/travis/build/icyphy/ptII/ptolemy/actor/lib/test/auto/knownFailedTests/PublisherSubscriberPortToplevel.xml
0 ms. Memory: 578048K Free: 142659K (25%)
Known Failure: java.lang.reflect.InvocationTargetException
----------------- testing (KnownFailure) /home/travis/build/icyphy/ptII/ptolemy/actor/lib/test/auto/knownFailedTests/PublisherSubscriptionAggregatorPort.xml
2 ms. Memory: 578048K Free: 123162K (21%)
Known Failure: java.lang.reflect.InvocationTargetException
----------------- testing (KnownFailure) /home/travis/build/icyphy/ptII/ptolemy/actor/lib/test/auto/knownFailedTests/sizedarray3.xml
4 ms. Memory: 578048K Free: 103665K (18%)
Known Failure: java.lang.reflect.InvocationTargetException
No auto/linux-amd64/*.xml tests in /home/travis/build/icyphy/ptII/ptolemy/actor/lib/test
AutoTests.java: About to close Vertx.
AutoTests.java: Vertx closed.

===========================================================================================
----------------- testing Sun Feb 24 15:06:30 UTC 2019 /home/travis/build/icyphy/ptII/ptolemy/actor/lib/test/auto/AbsoluteValue.xml
----------------- Instantiating /home/travis/build/icyphy/ptII/ptolemy/actor/lib/test/auto/AbsoluteValue.xml
14 ms. Memory: 581120K Free: 495807K (85%)
----------------- Invoking toplevel() on ptolemy.moml.MoMLSimpleApplication@4d2b5083
----------------- Done invoking toplevel() on ptolemy.moml.MoMLSimpleApplication@4d2b5083
reloadAllAccessors: .AbsoluteValue

===========================================================================================
----------------- testing Sun Feb 24 15:06:31 UTC 2019 /home/travis/build/icyphy/ptII/ptolemy/actor/lib/test/auto/AbsoluteValue2.xml
----------------- Instantiating /home/travis/build/icyphy/ptII/ptolemy/actor/lib/test/auto/AbsoluteValue2.xml
13 ms. Memory: 581120K Free: 477050K (82%)
----------------- Invoking toplevel() on ptolemy.moml.MoMLSimpleApplication@1416830e
----------------- Done invoking toplevel() on ptolemy.moml.MoMLSimpleApplication@1416830e
reloadAllAccessors: .AbsoluteValue2

===========================================================================================
----------------- testing Sun Feb 24 15:06:31 UTC 2019 /home/travis/build/icyphy/ptII/ptolemy/actor/lib/test/auto/Accumulator.xml
----------------- Instantiating /home/travis/build/icyphy/ptII/ptolemy/actor/lib/test/auto/Accumulator.xml
7 ms. Memory: 581120K Free: 467302K (80%)
----------------- Invoking toplevel() on ptolemy.moml.MoMLSimpleApplication@6cde569d
----------------- Done invoking toplevel() on ptolemy.moml.MoMLSimpleApplication@6cde569d
reloadAllAccessors: .Accumulator

===========================================================================================
----------------- testing Sun Feb 24 15:06:31 UTC 2019 /home/travis/build/icyphy/ptII/ptolemy/actor/lib/test/auto/Accumulator2.xml
----------------- Instantiating /home/travis/build/icyphy/ptII/ptolemy/actor/lib/test/auto/Accumulator2.xml
10 ms. Memory: 581120K Free: 457553K (79%)
----------------- Invoking toplevel() on ptolemy.moml.MoMLSimpleApplication@165e548f
----------------- Done invoking toplevel() on ptolemy.moml.MoMLSimpleApplication@165e548f
reloadAllAccessors: .Accumulator2

===========================================================================================
----------------- testing Sun Feb 24 15:06:31 UTC 2019 /home/travis/build/icyphy/ptII/ptolemy/actor/lib/test/auto/Accumulator3.xml
----------------- Instantiating /home/travis/build/icyphy/ptII/ptolemy/actor/lib/test/auto/Accumulator3.xml
4 ms. Memory: 581120K Free: 447805K (77%)
----------------- Invoking toplevel() on ptolemy.moml.MoMLSimpleApplication@1120a23d
----------------- Done invoking toplevel() on ptolemy.moml.MoMLSimpleApplication@1120a23d
reloadAllAccessors: .Accumulator3

===========================================================================================
----------------- testing Sun Feb 24 15:06:31 UTC 2019 /home/travis/build/icyphy/ptII/ptolemy/actor/lib/test/auto/ArrayAppend.xml
----------------- Instantiating /home/travis/build/icyphy/ptII/ptolemy/actor/lib/test/auto/ArrayAppend.xml
4 ms. Memory: 581120K Free: 429048K (74%)
----------------- Invoking toplevel() on ptolemy.moml.MoMLSimpleApplication@7786a230
----------------- Done invoking toplevel() on ptolemy.moml.MoMLSimpleApplication@7786a230
reloadAllAccessors: .ArrayAppend

===========================================================================================
----------------- testing Sun Feb 24 15:06:31 UTC 2019 /home/travis/build/icyphy/ptII/ptolemy/actor/lib/test/auto/ArrayAppend2.xml
----------------- Instantiating /home/travis/build/icyphy/ptII/ptolemy/actor/lib/test/auto/ArrayAppend2.xml
677 ms. Memory: 581120K Free: 351060K (60%)
----------------- Invoking toplevel() on ptolemy.moml.MoMLSimpleApplication@2e596a4c
----------------- Done invoking toplevel() on ptolemy.moml.MoMLSimpleApplication@2e596a4c
reloadAllAccessors: .ArrayAppend2

===========================================================================================
----------------- testing Sun Feb 24 15:06:32 UTC 2019 /home/travis/build/icyphy/ptII/ptolemy/actor/lib/test/auto/ArrayAppend3.xml
----------------- Instantiating /home/travis/build/icyphy/ptII/ptolemy/actor/lib/test/auto/ArrayAppend3.xml
12 ms. Memory: 581120K Free: 341312K (59%)
----------------- Invoking toplevel() on ptolemy.moml.MoMLSimpleApplication@46911abf
----------------- Done invoking toplevel() on ptolemy.moml.MoMLSimpleApplication@46911abf
reloadAllAccessors: .ArrayAppend3

===========================================================================================
----------------- testing Sun Feb 24 15:06:32 UTC 2019 /home/travis/build/icyphy/ptII/ptolemy/actor/lib/test/auto/ArrayAppend4.xml
----------------- Instantiating /home/travis/build/icyphy/ptII/ptolemy/actor/lib/test/auto/ArrayAppend4.xml
2 ms. Memory: 581120K Free: 331563K (57%)
----------------- Invoking toplevel() on ptolemy.moml.MoMLSimpleApplication@7e1ccd4c
----------------- Done invoking toplevel() on ptolemy.moml.MoMLSimpleApplication@7e1ccd4c
reloadAllAccessors: .ArrayAppend4

===========================================================================================
----------------- testing Sun Feb 24 15:06:32 UTC 2019 /home/travis/build/icyphy/ptII/ptolemy/actor/lib/test/auto/ArrayAppend5.xml
----------------- Instantiating /home/travis/build/icyphy/ptII/ptolemy/actor/lib/test/auto/ArrayAppend5.xml
3 ms. Memory: 581120K Free: 312807K (54%)
----------------- Invoking toplevel() on ptolemy.moml.MoMLSimpleApplication@124c730
----------------- Done invoking toplevel() on ptolemy.moml.MoMLSimpleApplication@124c730
reloadAllAccessors: .ArrayAppend5

===========================================================================================
----------------- testing Sun Feb 24 15:06:32 UTC 2019 /home/travis/build/icyphy/ptII/ptolemy/actor/lib/test/auto/ArrayAppend6.xml
----------------- Instantiating /home/travis/build/icyphy/ptII/ptolemy/actor/lib/test/auto/ArrayAppend6.xml
3 ms. Memory: 581120K Free: 303059K (52%)
----------------- Invoking toplevel() on ptolemy.moml.MoMLSimpleApplication@27e31ae5
----------------- Done invoking toplevel() on ptolemy.moml.MoMLSimpleApplication@27e31ae5
reloadAllAccessors: .ArrayAppend6

===========================================================================================
----------------- testing Sun Feb 24 15:06:32 UTC 2019 /home/travis/build/icyphy/ptII/ptolemy/actor/lib/test/auto/ArrayAppendPerformanceTest.xml
----------------- Instantiating /home/travis/build/icyphy/ptII/ptolemy/actor/lib/test/auto/ArrayAppendPerformanceTest.xml
14 ms. Memory: 581120K Free: 288420K (50%)
----------------- Invoking toplevel() on ptolemy.moml.MoMLSimpleApplication@36879536
----------------- Done invoking toplevel() on ptolemy.moml.MoMLSimpleApplication@36879536
reloadAllAccessors: .ArrayAppendPerformanceTest

===========================================================================================
----------------- testing Sun Feb 24 15:06:32 UTC 2019 /home/travis/build/icyphy/ptII/ptolemy/actor/lib/test/auto/ArrayAppendWithEmptyInput.xml
----------------- Instantiating /home/travis/build/icyphy/ptII/ptolemy/actor/lib/test/auto/ArrayAppendWithEmptyInput.xml
27 ms. Memory: 581120K Free: 268907K (46%)
----------------- Invoking toplevel() on ptolemy.moml.MoMLSimpleApplication@5197b514
----------------- Done invoking toplevel() on ptolemy.moml.MoMLSimpleApplication@5197b514
reloadAllAccessors: .ArrayAppendWithEmptyInput

===========================================================================================
----------------- testing Sun Feb 24 15:06:32 UTC 2019 /home/travis/build/icyphy/ptII/ptolemy/actor/lib/test/auto/ArrayAverage.xml
----------------- Instantiating /home/travis/build/icyphy/ptII/ptolemy/actor/lib/test/auto/ArrayAverage.xml
3 ms. Memory: 581120K Free: 245268K (42%)
----------------- Invoking toplevel() on ptolemy.moml.MoMLSimpleApplication@5f0d3ee6
----------------- Done invoking toplevel() on ptolemy.moml.MoMLSimpleApplication@5f0d3ee6
reloadAllAccessors: .ArrayAverage

===========================================================================================
----------------- testing Sun Feb 24 15:06:32 UTC 2019 /home/travis/build/icyphy/ptII/ptolemy/actor/lib/test/auto/ArrayContains.xml
----------------- Instantiating /home/travis/build/icyphy/ptII/ptolemy/actor/lib/test/auto/ArrayContains.xml
12 ms. Memory: 581120K Free: 235520K (41%)
----------------- Invoking toplevel() on ptolemy.moml.MoMLSimpleApplication@1f1b9799
----------------- Done invoking toplevel() on ptolemy.moml.MoMLSimpleApplication@1f1b9799
reloadAllAccessors: .ArrayContains

===========================================================================================
----------------- testing Sun Feb 24 15:06:32 UTC 2019 /home/travis/build/icyphy/ptII/ptolemy/actor/lib/test/auto/ArrayElement.xml
----------------- Instantiating /home/travis/build/icyphy/ptII/ptolemy/actor/lib/test/auto/ArrayElement.xml
12 ms. Memory: 581120K Free: 225771K (39%)
----------------- Invoking toplevel() on ptolemy.moml.MoMLSimpleApplication@2501d0f0
----------------- Done invoking toplevel() on ptolemy.moml.MoMLSimpleApplication@2501d0f0
reloadAllAccessors: .ArrayElement

===========================================================================================
----------------- testing Sun Feb 24 15:06:32 UTC 2019 /home/travis/build/icyphy/ptII/ptolemy/actor/lib/test/auto/ArrayElementAsMatrix.xml
----------------- Instantiating /home/travis/build/icyphy/ptII/ptolemy/actor/lib/test/auto/ArrayElementAsMatrix.xml
20 ms. Memory: 581120K Free: 211133K (36%)
----------------- Invoking toplevel() on ptolemy.moml.MoMLSimpleApplication@7de3722f
----------------- Done invoking toplevel() on ptolemy.moml.MoMLSimpleApplication@7de3722f
reloadAllAccessors: .ArrayElementAsMatrix

===========================================================================================
----------------- testing Sun Feb 24 15:06:32 UTC 2019 /home/travis/build/icyphy/ptII/ptolemy/actor/lib/test/auto/ArrayElementI.xml
----------------- Instantiating /home/travis/build/icyphy/ptII/ptolemy/actor/lib/test/auto/ArrayElementI.xml
4 ms. Memory: 581120K Free: 192376K (33%)
----------------- Invoking toplevel() on ptolemy.moml.MoMLSimpleApplication@29c80339
----------------- Done invoking toplevel() on ptolemy.moml.MoMLSimpleApplication@29c80339
reloadAllAccessors: .ArrayElementI

===========================================================================================
----------------- testing Sun Feb 24 15:06:32 UTC 2019 /home/travis/build/icyphy/ptII/ptolemy/actor/lib/test/auto/ArrayExtract.xml
----------------- Instantiating /home/travis/build/icyphy/ptII/ptolemy/actor/lib/test/auto/ArrayExtract.xml
5 ms. Memory: 581120K Free: 182627K (31%)
----------------- Invoking toplevel() on ptolemy.moml.MoMLSimpleApplication@204514b3
----------------- Done invoking toplevel() on ptolemy.moml.MoMLSimpleApplication@204514b3
reloadAllAccessors: .ArrayExtract

===========================================================================================
----------------- testing Sun Feb 24 15:06:32 UTC 2019 /home/travis/build/icyphy/ptII/ptolemy/actor/lib/test/auto/ArrayExtract2.xml
----------------- Instantiating /home/travis/build/icyphy/ptII/ptolemy/actor/lib/test/auto/ArrayExtract2.xml
9 ms. Memory: 581120K Free: 172879K (30%)
----------------- Invoking toplevel() on ptolemy.moml.MoMLSimpleApplication@55b6ed65
----------------- Done invoking toplevel() on ptolemy.moml.MoMLSimpleApplication@55b6ed65
reloadAllAccessors: .ArrayExtract2

===========================================================================================
----------------- testing Sun Feb 24 15:06:32 UTC 2019 /home/travis/build/icyphy/ptII/ptolemy/actor/lib/test/auto/ArrayLength.xml
----------------- Instantiating /home/travis/build/icyphy/ptII/ptolemy/actor/lib/test/auto/ArrayLength.xml
3 ms. Memory: 581120K Free: 163130K (28%)
----------------- Invoking toplevel() on ptolemy.moml.MoMLSimpleApplication@4c668e24
----------------- Done invoking toplevel() on ptolemy.moml.MoMLSimpleApplication@4c668e24
reloadAllAccessors: .ArrayLength

===========================================================================================
----------------- testing Sun Feb 24 15:06:32 UTC 2019 /home/travis/build/icyphy/ptII/ptolemy/actor/lib/test/auto/ArrayLevelCrossing.xml
----------------- Instantiating /home/travis/build/icyphy/ptII/ptolemy/actor/lib/test/auto/ArrayLevelCrossing.xml
7 ms. Memory: 581120K Free: 139483K (24%)
----------------- Invoking toplevel() on ptolemy.moml.MoMLSimpleApplication@1f4973ad
----------------- Done invoking toplevel() on ptolemy.moml.MoMLSimpleApplication@1f4973ad
reloadAllAccessors: .ArrayLevelCrossing

===========================================================================================
----------------- testing Sun Feb 24 15:06:32 UTC 2019 /home/travis/build/icyphy/ptII/ptolemy/actor/lib/test/auto/ArrayLevelCrossing2.xml
----------------- Instantiating /home/travis/build/icyphy/ptII/ptolemy/actor/lib/test/auto/ArrayLevelCrossing2.xml
2 ms. Memory: 581120K Free: 129735K (22%)
----------------- Invoking toplevel() on ptolemy.moml.MoMLSimpleApplication@8ba0c85
----------------- Done invoking toplevel() on ptolemy.moml.MoMLSimpleApplication@8ba0c85
reloadAllAccessors: .ArrayLevelCrossing2

===========================================================================================
----------------- testing Sun Feb 24 15:06:32 UTC 2019 /home/travis/build/icyphy/ptII/ptolemy/actor/lib/test/auto/ArrayPeakSearch.xml
----------------- Instantiating /home/travis/build/icyphy/ptII/ptolemy/actor/lib/test/auto/ArrayPeakSearch.xml
8 ms. Memory: 581120K Free: 115112K (20%)
----------------- Invoking toplevel() on ptolemy.moml.MoMLSimpleApplication@2237e07c
----------------- Done invoking toplevel() on ptolemy.moml.MoMLSimpleApplication@2237e07c
reloadAllAccessors: .ArrayPeakSearch

===========================================================================================
----------------- testing Sun Feb 24 15:06:32 UTC 2019 /home/travis/build/icyphy/ptII/ptolemy/actor/lib/test/auto/ArrayPeakSearch2.xml
----------------- Instantiating /home/travis/build/icyphy/ptII/ptolemy/actor/lib/test/auto/ArrayPeakSearch2.xml
7 ms. Memory: 581120K Free: 100481K (17%)
----------------- Invoking toplevel() on ptolemy.moml.MoMLSimpleApplication@29a1cf7a
----------------- Done invoking toplevel() on ptolemy.moml.MoMLSimpleApplication@29a1cf7a
reloadAllAccessors: .ArrayPeakSearch2

===========================================================================================
----------------- testing Sun Feb 24 15:06:32 UTC 2019 /home/travis/build/icyphy/ptII/ptolemy/actor/lib/test/auto/ArrayPeakSearch3.xml
----------------- Instantiating /home/travis/build/icyphy/ptII/ptolemy/actor/lib/test/auto/ArrayPeakSearch3.xml
6 ms. Memory: 581120K Free: 76851K (13%)
----------------- Invoking toplevel() on ptolemy.moml.MoMLSimpleApplication@1ba7fd7d
----------------- Done invoking toplevel() on ptolemy.moml.MoMLSimpleApplication@1ba7fd7d
reloadAllAccessors: .ArrayPeakSearch3

===========================================================================================
----------------- testing Sun Feb 24 15:06:32 UTC 2019 /home/travis/build/icyphy/ptII/ptolemy/actor/lib/test/auto/ArrayRemoveElement.xml
----------------- Instantiating /home/travis/build/icyphy/ptII/ptolemy/actor/lib/test/auto/ArrayRemoveElement.xml
8 ms. Memory: 581120K Free: 62220K (11%)
----------------- Invoking toplevel() on ptolemy.moml.MoMLSimpleApplication@3fa334c9
----------------- Done invoking toplevel() on ptolemy.moml.MoMLSimpleApplication@3fa334c9
reloadAllAccessors: .ArrayRemoveElement

===========================================================================================
----------------- testing Sun Feb 24 15:06:32 UTC 2019 /home/travis/build/icyphy/ptII/ptolemy/actor/lib/test/auto/ArraySort.xml
----------------- Instantiating /home/travis/build/icyphy/ptII/ptolemy/actor/lib/test/auto/ArraySort.xml
51 ms. Memory: 880640K Free: 836950K (95%)
----------------- Invoking toplevel() on ptolemy.moml.MoMLSimpleApplication@2ffc8d0d
----------------- Done invoking toplevel() on ptolemy.moml.MoMLSimpleApplication@2ffc8d0d
reloadAllAccessors: .ArraySort

===========================================================================================
----------------- testing Sun Feb 24 15:06:33 UTC 2019 /home/travis/build/icyphy/ptII/ptolemy/actor/lib/test/auto/ArraySum.xml
----------------- Instantiating /home/travis/build/icyphy/ptII/ptolemy/actor/lib/test/auto/ArraySum.xml
2 ms. Memory: 880640K Free: 815153K (93%)
----------------- Invoking toplevel() on ptolemy.moml.MoMLSimpleApplication@3b136407
----------------- Done invoking toplevel() on ptolemy.moml.MoMLSimpleApplication@3b136407
reloadAllAccessors: .ArraySum

===========================================================================================
----------------- testing Sun Feb 24 15:06:33 UTC 2019 /home/travis/build/icyphy/ptII/ptolemy/actor/lib/test/auto/ArrayToElements.xml
----------------- Instantiating /home/travis/build/icyphy/ptII/ptolemy/actor/lib/test/auto/ArrayToElements.xml
5 ms. Memory: 880640K Free: 807351K (92%)
----------------- Invoking toplevel() on ptolemy.moml.MoMLSimpleApplication@931b4e9
----------------- Done invoking toplevel() on ptolemy.moml.MoMLSimpleApplication@931b4e9
reloadAllAccessors: .ArrayToElements

===========================================================================================
----------------- testing Sun Feb 24 15:06:33 UTC 2019 /home/travis/build/icyphy/ptII/ptolemy/actor/lib/test/auto/ArrayToMatrix.xml
----------------- Instantiating /home/travis/build/icyphy/ptII/ptolemy/actor/lib/test/auto/ArrayToMatrix.xml
17 ms. Memory: 880640K Free: 787562K (89%)
----------------- Invoking toplevel() on ptolemy.moml.MoMLSimpleApplication@81017f7
----------------- Done invoking toplevel() on ptolemy.moml.MoMLSimpleApplication@81017f7
reloadAllAccessors: .ArrayToMatrix

===========================================================================================
----------------- testing Sun Feb 24 15:06:33 UTC 2019 /home/travis/build/icyphy/ptII/ptolemy/actor/lib/test/auto/ArrayUpdate1.xml
----------------- Instantiating /home/travis/build/icyphy/ptII/ptolemy/actor/lib/test/auto/ArrayUpdate1.xml
5 ms. Memory: 880640K Free: 779759K (89%)
----------------- Invoking toplevel() on ptolemy.moml.MoMLSimpleApplication@5e9d16c0
----------------- Done invoking toplevel() on ptolemy.moml.MoMLSimpleApplication@5e9d16c0
reloadAllAccessors: .ArrayUpdate1

===========================================================================================
----------------- testing Sun Feb 24 15:06:33 UTC 2019 /home/travis/build/icyphy/ptII/ptolemy/actor/lib/test/auto/ArrayUpdate2.xml
----------------- Instantiating /home/travis/build/icyphy/ptII/ptolemy/actor/lib/test/auto/ArrayUpdate2.xml
3 ms. Memory: 880640K Free: 761941K (87%)
----------------- Invoking toplevel() on ptolemy.moml.MoMLSimpleApplication@614a13fc
----------------- Done invoking toplevel() on ptolemy.moml.MoMLSimpleApplication@614a13fc
reloadAllAccessors: .ArrayUpdate2

===========================================================================================
----------------- testing Sun Feb 24 15:06:33 UTC 2019 /home/travis/build/icyphy/ptII/ptolemy/actor/lib/test/auto/ArrayUpdate3.xml
----------------- Instantiating /home/travis/build/icyphy/ptII/ptolemy/actor/lib/test/auto/ArrayUpdate3.xml
2 ms. Memory: 880640K Free: 754139K (86%)
----------------- Invoking toplevel() on ptolemy.moml.MoMLSimpleApplication@41bb71f9
----------------- Done invoking toplevel() on ptolemy.moml.MoMLSimpleApplication@41bb71f9
reloadAllAccessors: .ArrayUpdate3

===========================================================================================
----------------- testing Sun Feb 24 15:06:33 UTC 2019 /home/travis/build/icyphy/ptII/ptolemy/actor/lib/test/auto/Assert1.xml
----------------- Instantiating /home/travis/build/icyphy/ptII/ptolemy/actor/lib/test/auto/Assert1.xml
3 ms. Memory: 880640K Free: 746336K (85%)
----------------- Invoking toplevel() on ptolemy.moml.MoMLSimpleApplication@6c1a9566
----------------- Done invoking toplevel() on ptolemy.moml.MoMLSimpleApplication@6c1a9566
reloadAllAccessors: .Assert1

===========================================================================================
----------------- testing Sun Feb 24 15:06:33 UTC 2019 /home/travis/build/icyphy/ptII/ptolemy/actor/lib/test/auto/Assert2.xml
----------------- Instantiating /home/travis/build/icyphy/ptII/ptolemy/actor/lib/test/auto/Assert2.xml
6 ms. Memory: 880640K Free: 738533K (84%)
----------------- Invoking toplevel() on ptolemy.moml.MoMLSimpleApplication@27565d9d
----------------- Done invoking toplevel() on ptolemy.moml.MoMLSimpleApplication@27565d9d
reloadAllAccessors: .Assert2

===========================================================================================
----------------- testing Sun Feb 24 15:06:33 UTC 2019 /home/travis/build/icyphy/ptII/ptolemy/actor/lib/test/auto/BooleanMultiplexor.xml
----------------- Instantiating /home/travis/build/icyphy/ptII/ptolemy/actor/lib/test/auto/BooleanMultiplexor.xml
2 ms. Memory: 880640K Free: 730730K (83%)
----------------- Invoking toplevel() on ptolemy.moml.MoMLSimpleApplication@3e48a593
----------------- Done invoking toplevel() on ptolemy.moml.MoMLSimpleApplication@3e48a593
reloadAllAccessors: .BooleanMultiplexor

===========================================================================================
----------------- testing Sun Feb 24 15:06:33 UTC 2019 /home/travis/build/icyphy/ptII/ptolemy/actor/lib/test/auto/BooleanMultiplexor2.xml
----------------- Instantiating /home/travis/build/icyphy/ptII/ptolemy/actor/lib/test/auto/BooleanMultiplexor2.xml
11 ms. Memory: 880640K Free: 708995K (81%)
----------------- Invoking toplevel() on ptolemy.moml.MoMLSimpleApplication@33ef6eae
----------------- Done invoking toplevel() on ptolemy.moml.MoMLSimpleApplication@33ef6eae
reloadAllAccessors: .BooleanMultiplexor2

===========================================================================================
----------------- testing Sun Feb 24 15:06:33 UTC 2019 /home/travis/build/icyphy/ptII/ptolemy/actor/lib/test/auto/BooleanMultiplexor3.xml
----------------- Instantiating /home/travis/build/icyphy/ptII/ptolemy/actor/lib/test/auto/BooleanMultiplexor3.xml
6 ms. Memory: 880640K Free: 701192K (80%)
----------------- Invoking toplevel() on ptolemy.moml.MoMLSimpleApplication@25fb93e4
----------------- Done invoking toplevel() on ptolemy.moml.MoMLSimpleApplication@25fb93e4
reloadAllAccessors: .BooleanMultiplexor3

===========================================================================================
----------------- testing Sun Feb 24 15:06:33 UTC 2019 /home/travis/build/icyphy/ptII/ptolemy/actor/lib/test/auto/BooleanSelect.xml
----------------- Instantiating /home/travis/build/icyphy/ptII/ptolemy/actor/lib/test/auto/BooleanSelect.xml
3 ms. Memory: 880640K Free: 693389K (79%)
----------------- Invoking toplevel() on ptolemy.moml.MoMLSimpleApplication@3c55617a
----------------- Done invoking toplevel() on ptolemy.moml.MoMLSimpleApplication@3c55617a
reloadAllAccessors: .BooleanSelect

===========================================================================================
----------------- testing Sun Feb 24 15:06:33 UTC 2019 /home/travis/build/icyphy/ptII/ptolemy/actor/lib/test/auto/BooleanSelect2.xml
----------------- Instantiating /home/travis/build/icyphy/ptII/ptolemy/actor/lib/test/auto/BooleanSelect2.xml
2 ms. Memory: 880640K Free: 685586K (78%)
----------------- Invoking toplevel() on ptolemy.moml.MoMLSimpleApplication@58683d2e
----------------- Done invoking toplevel() on ptolemy.moml.MoMLSimpleApplication@58683d2e
reloadAllAccessors: .BooleanSelect2

===========================================================================================
----------------- testing Sun Feb 24 15:06:33 UTC 2019 /home/travis/build/icyphy/ptII/ptolemy/actor/lib/test/auto/BooleanSwitch.xml
----------------- Instantiating /home/travis/build/icyphy/ptII/ptolemy/actor/lib/test/auto/BooleanSwitch.xml
5 ms. Memory: 880640K Free: 667768K (76%)
----------------- Invoking toplevel() on ptolemy.moml.MoMLSimpleApplication@59a9ece3
----------------- Done invoking toplevel() on ptolemy.moml.MoMLSimpleApplication@59a9ece3
reloadAllAccessors: .BooleanSwitch

===========================================================================================
----------------- testing Sun Feb 24 15:06:33 UTC 2019 /home/travis/build/icyphy/ptII/ptolemy/actor/lib/test/auto/BooleanSwitch2.xml
----------------- Instantiating /home/travis/build/icyphy/ptII/ptolemy/actor/lib/test/auto/BooleanSwitch2.xml
1 ms. Memory: 880640K Free: 659965K (75%)
----------------- Invoking toplevel() on ptolemy.moml.MoMLSimpleApplication@417337a3
----------------- Done invoking toplevel() on ptolemy.moml.MoMLSimpleApplication@417337a3
reloadAllAccessors: .BooleanSwitch2

===========================================================================================
----------------- testing Sun Feb 24 15:06:33 UTC 2019 /home/travis/build/icyphy/ptII/ptolemy/actor/lib/test/auto/BooleanSwitchCloningBugWithClassRelationGroup.xml
----------------- Instantiating /home/travis/build/icyphy/ptII/ptolemy/actor/lib/test/auto/BooleanSwitchCloningBugWithClassRelationGroup.xml
2 ms. Memory: 880640K Free: 648261K (74%)
----------------- Invoking toplevel() on ptolemy.moml.MoMLSimpleApplication@15821ff4
----------------- Done invoking toplevel() on ptolemy.moml.MoMLSimpleApplication@15821ff4
reloadAllAccessors: .BooleanSwitchCloningBugWithClassRelationGroup

===========================================================================================
----------------- testing Sun Feb 24 15:06:33 UTC 2019 /home/travis/build/icyphy/ptII/ptolemy/actor/lib/test/auto/BusActors.xml
----------------- Instantiating /home/travis/build/icyphy/ptII/ptolemy/actor/lib/test/auto/BusActors.xml
3 ms. Memory: 880640K Free: 636541K (72%)
----------------- Invoking toplevel() on ptolemy.moml.MoMLSimpleApplication@7d780cf7
----------------- Done invoking toplevel() on ptolemy.moml.MoMLSimpleApplication@7d780cf7
reloadAllAccessors: .BusActors

===========================================================================================
----------------- testing Sun Feb 24 15:06:33 UTC 2019 /home/travis/build/icyphy/ptII/ptolemy/actor/lib/test/auto/ClassWrapper.xml
----------------- Instantiating /home/travis/build/icyphy/ptII/ptolemy/actor/lib/test/auto/ClassWrapper.xml
1 ms. Memory: 880640K Free: 628738K (71%)
----------------- Invoking toplevel() on ptolemy.moml.MoMLSimpleApplication@2ad229b2
----------------- Done invoking toplevel() on ptolemy.moml.MoMLSimpleApplication@2ad229b2
reloadAllAccessors: .ClassWrapper

===========================================================================================
----------------- testing Sun Feb 24 15:06:33 UTC 2019 /home/travis/build/icyphy/ptII/ptolemy/actor/lib/test/auto/Clock.xml
----------------- Instantiating /home/travis/build/icyphy/ptII/ptolemy/actor/lib/test/auto/Clock.xml
1 ms. Memory: 880640K Free: 610920K (69%)
----------------- Invoking toplevel() on ptolemy.moml.MoMLSimpleApplication@5cff2084
----------------- Done invoking toplevel() on ptolemy.moml.MoMLSimpleApplication@5cff2084
reloadAllAccessors: .Clock

===========================================================================================
----------------- testing Sun Feb 24 15:06:33 UTC 2019 /home/travis/build/icyphy/ptII/ptolemy/actor/lib/test/auto/Clock10.xml
----------------- Instantiating /home/travis/build/icyphy/ptII/ptolemy/actor/lib/test/auto/Clock10.xml
4 ms. Memory: 880640K Free: 603117K (68%)
----------------- Invoking toplevel() on ptolemy.moml.MoMLSimpleApplication@a1d4081
----------------- Done invoking toplevel() on ptolemy.moml.MoMLSimpleApplication@a1d4081
reloadAllAccessors: .Clock10

===========================================================================================
----------------- testing Sun Feb 24 15:06:33 UTC 2019 /home/travis/build/icyphy/ptII/ptolemy/actor/lib/test/auto/Clock11.xml
----------------- Instantiating /home/travis/build/icyphy/ptII/ptolemy/actor/lib/test/auto/Clock11.xml
5 ms. Memory: 880640K Free: 595314K (68%)
----------------- Invoking toplevel() on ptolemy.moml.MoMLSimpleApplication@1dfb1b9
----------------- Done invoking toplevel() on ptolemy.moml.MoMLSimpleApplication@1dfb1b9
reloadAllAccessors: .Clock11

===========================================================================================
----------------- testing Sun Feb 24 15:06:33 UTC 2019 /home/travis/build/icyphy/ptII/ptolemy/actor/lib/test/auto/Clock12.xml
----------------- Instantiating /home/travis/build/icyphy/ptII/ptolemy/actor/lib/test/auto/Clock12.xml
4 ms. Memory: 880640K Free: 587511K (67%)
----------------- Invoking toplevel() on ptolemy.moml.MoMLSimpleApplication@747852a4
----------------- Done invoking toplevel() on ptolemy.moml.MoMLSimpleApplication@747852a4
reloadAllAccessors: .Clock12

===========================================================================================
----------------- testing Sun Feb 24 15:06:33 UTC 2019 /home/travis/build/icyphy/ptII/ptolemy/actor/lib/test/auto/Clock13.xml
----------------- Instantiating /home/travis/build/icyphy/ptII/ptolemy/actor/lib/test/auto/Clock13.xml
8 ms. Memory: 880640K Free: 569694K (65%)
----------------- Invoking toplevel() on ptolemy.moml.MoMLSimpleApplication@4eafab11
----------------- Done invoking toplevel() on ptolemy.moml.MoMLSimpleApplication@4eafab11
reloadAllAccessors: .Clock13

===========================================================================================
----------------- testing Sun Feb 24 15:06:33 UTC 2019 /home/travis/build/icyphy/ptII/ptolemy/actor/lib/test/auto/Clock14.xml
----------------- Instantiating /home/travis/build/icyphy/ptII/ptolemy/actor/lib/test/auto/Clock14.xml
8 ms. Memory: 880640K Free: 561891K (64%)
----------------- Invoking toplevel() on ptolemy.moml.MoMLSimpleApplication@7ea4a66c
----------------- Done invoking toplevel() on ptolemy.moml.MoMLSimpleApplication@7ea4a66c
reloadAllAccessors: .Clock14

===========================================================================================
----------------- testing Sun Feb 24 15:06:33 UTC 2019 /home/travis/build/icyphy/ptII/ptolemy/actor/lib/test/auto/Clock15.xml
----------------- Instantiating /home/travis/build/icyphy/ptII/ptolemy/actor/lib/test/auto/Clock15.xml
2 ms. Memory: 880640K Free: 554088K (63%)
----------------- Invoking toplevel() on ptolemy.moml.MoMLSimpleApplication@1ff6d9c4
----------------- Done invoking toplevel() on ptolemy.moml.MoMLSimpleApplication@1ff6d9c4
reloadAllAccessors: .Clock15

===========================================================================================
----------------- testing Sun Feb 24 15:06:33 UTC 2019 /home/travis/build/icyphy/ptII/ptolemy/actor/lib/test/auto/Clock16.xml
----------------- Instantiating /home/travis/build/icyphy/ptII/ptolemy/actor/lib/test/auto/Clock16.xml
23 ms. Memory: 880640K Free: 538481K (61%)
----------------- Invoking toplevel() on ptolemy.moml.MoMLSimpleApplication@abb5b4
----------------- Done invoking toplevel() on ptolemy.moml.MoMLSimpleApplication@abb5b4
reloadAllAccessors: .Clock16

===========================================================================================
----------------- testing Sun Feb 24 15:06:33 UTC 2019 /home/travis/build/icyphy/ptII/ptolemy/actor/lib/test/auto/Clock17.xml
----------------- Instantiating /home/travis/build/icyphy/ptII/ptolemy/actor/lib/test/auto/Clock17.xml
33 ms. Memory: 880640K Free: 512837K (58%)
----------------- Invoking toplevel() on ptolemy.moml.MoMLSimpleApplication@40067727
----------------- Done invoking toplevel() on ptolemy.moml.MoMLSimpleApplication@40067727
reloadAllAccessors: .Clock17

===========================================================================================
----------------- testing Sun Feb 24 15:06:33 UTC 2019 /home/travis/build/icyphy/ptII/ptolemy/actor/lib/test/auto/Clock18.xml
----------------- Instantiating /home/travis/build/icyphy/ptII/ptolemy/actor/lib/test/auto/Clock18.xml
14 ms. Memory: 880640K Free: 497207K (56%)
----------------- Invoking toplevel() on ptolemy.moml.MoMLSimpleApplication@4e434472
----------------- Done invoking toplevel() on ptolemy.moml.MoMLSimpleApplication@4e434472
reloadAllAccessors: .Clock18

===========================================================================================
----------------- testing Sun Feb 24 15:06:33 UTC 2019 /home/travis/build/icyphy/ptII/ptolemy/actor/lib/test/auto/Clock19.xml
----------------- Instantiating /home/travis/build/icyphy/ptII/ptolemy/actor/lib/test/auto/Clock19.xml
12 ms. Memory: 880640K Free: 481585K (55%)
----------------- Invoking toplevel() on ptolemy.moml.MoMLSimpleApplication@65bd2244
----------------- Done invoking toplevel() on ptolemy.moml.MoMLSimpleApplication@65bd2244
reloadAllAccessors: .Clock19

===========================================================================================
----------------- testing Sun Feb 24 15:06:33 UTC 2019 /home/travis/build/icyphy/ptII/ptolemy/actor/lib/test/auto/Clock2.xml
----------------- Instantiating /home/travis/build/icyphy/ptII/ptolemy/actor/lib/test/auto/Clock2.xml
5 ms. Memory: 880640K Free: 473782K (54%)
----------------- Invoking toplevel() on ptolemy.moml.MoMLSimpleApplication@4398d56a
----------------- Done invoking toplevel() on ptolemy.moml.MoMLSimpleApplication@4398d56a
reloadAllAccessors: .Clock2

===========================================================================================
----------------- testing Sun Feb 24 15:06:33 UTC 2019 /home/travis/build/icyphy/ptII/ptolemy/actor/lib/test/auto/Clock20.xml
----------------- Instantiating /home/travis/build/icyphy/ptII/ptolemy/actor/lib/test/auto/Clock20.xml
8 ms. Memory: 880640K Free: 465979K (53%)
----------------- Invoking toplevel() on ptolemy.moml.MoMLSimpleApplication@31293bf2
----------------- Done invoking toplevel() on ptolemy.moml.MoMLSimpleApplication@31293bf2
reloadAllAccessors: .Clock20

===========================================================================================
----------------- testing Sun Feb 24 15:06:33 UTC 2019 /home/travis/build/icyphy/ptII/ptolemy/actor/lib/test/auto/Clock21.xml
----------------- Instantiating /home/travis/build/icyphy/ptII/ptolemy/actor/lib/test/auto/Clock21.xml
6 ms. Memory: 880640K Free: 448161K (51%)
----------------- Invoking toplevel() on ptolemy.moml.MoMLSimpleApplication@60e90472
----------------- Done invoking toplevel() on ptolemy.moml.MoMLSimpleApplication@60e90472
reloadAllAccessors: .Clock21

===========================================================================================
----------------- testing Sun Feb 24 15:06:33 UTC 2019 /home/travis/build/icyphy/ptII/ptolemy/actor/lib/test/auto/Clock22.xml
----------------- Instantiating /home/travis/build/icyphy/ptII/ptolemy/actor/lib/test/auto/Clock22.xml
2 ms. Memory: 880640K Free: 440358K (50%)
----------------- Invoking toplevel() on ptolemy.moml.MoMLSimpleApplication@4094bce9
----------------- Done invoking toplevel() on ptolemy.moml.MoMLSimpleApplication@4094bce9
reloadAllAccessors: .Clock22

===========================================================================================
----------------- testing Sun Feb 24 15:06:33 UTC 2019 /home/travis/build/icyphy/ptII/ptolemy/actor/lib/test/auto/Clock23.xml
----------------- Instantiating /home/travis/build/icyphy/ptII/ptolemy/actor/lib/test/auto/Clock23.xml
2 ms. Memory: 880640K Free: 432556K (49%)
----------------- Invoking toplevel() on ptolemy.moml.MoMLSimpleApplication@1eca5916
----------------- Done invoking toplevel() on ptolemy.moml.MoMLSimpleApplication@1eca5916
reloadAllAccessors: .Clock23

===========================================================================================
----------------- testing Sun Feb 24 15:06:33 UTC 2019 /home/travis/build/icyphy/ptII/ptolemy/actor/lib/test/auto/Clock24.xml
----------------- Instantiating /home/travis/build/icyphy/ptII/ptolemy/actor/lib/test/auto/Clock24.xml
2 ms. Memory: 880640K Free: 424753K (48%)
----------------- Invoking toplevel() on ptolemy.moml.MoMLSimpleApplication@4c85fa64
----------------- Done invoking toplevel() on ptolemy.moml.MoMLSimpleApplication@4c85fa64
reloadAllAccessors: .Clock24

===========================================================================================
----------------- testing Sun Feb 24 15:06:34 UTC 2019 /home/travis/build/icyphy/ptII/ptolemy/actor/lib/test/auto/Clock4.xml
----------------- Instantiating /home/travis/build/icyphy/ptII/ptolemy/actor/lib/test/auto/Clock4.xml
1 ms. Memory: 880640K Free: 406935K (46%)
----------------- Invoking toplevel() on ptolemy.moml.MoMLSimpleApplication@68c60558
----------------- Done invoking toplevel() on ptolemy.moml.MoMLSimpleApplication@68c60558
reloadAllAccessors: .Clock4

===========================================================================================
----------------- testing Sun Feb 24 15:06:34 UTC 2019 /home/travis/build/icyphy/ptII/ptolemy/actor/lib/test/auto/Clock5.xml
----------------- Instantiating /home/travis/build/icyphy/ptII/ptolemy/actor/lib/test/auto/Clock5.xml
1 ms. Memory: 880640K Free: 399132K (45%)
----------------- Invoking toplevel() on ptolemy.moml.MoMLSimpleApplication@1f839a37
----------------- Done invoking toplevel() on ptolemy.moml.MoMLSimpleApplication@1f839a37
reloadAllAccessors: .Clock5

===========================================================================================
----------------- testing Sun Feb 24 15:06:34 UTC 2019 /home/travis/build/icyphy/ptII/ptolemy/actor/lib/test/auto/Clock6.xml
----------------- Instantiating /home/travis/build/icyphy/ptII/ptolemy/actor/lib/test/auto/Clock6.xml
2 ms. Memory: 880640K Free: 391329K (44%)
----------------- Invoking toplevel() on ptolemy.moml.MoMLSimpleApplication@44138d98
----------------- Done invoking toplevel() on ptolemy.moml.MoMLSimpleApplication@44138d98
reloadAllAccessors: .Clock6

===========================================================================================
----------------- testing Sun Feb 24 15:06:34 UTC 2019 /home/travis/build/icyphy/ptII/ptolemy/actor/lib/test/auto/Clock7.xml
----------------- Instantiating /home/travis/build/icyphy/ptII/ptolemy/actor/lib/test/auto/Clock7.xml
3 ms. Memory: 880640K Free: 383526K (44%)
----------------- Invoking toplevel() on ptolemy.moml.MoMLSimpleApplication@4c8aeb0e
----------------- Done invoking toplevel() on ptolemy.moml.MoMLSimpleApplication@4c8aeb0e
reloadAllAccessors: .Clock7

===========================================================================================
----------------- testing Sun Feb 24 15:06:34 UTC 2019 /home/travis/build/icyphy/ptII/ptolemy/actor/lib/test/auto/Clock8.xml
----------------- Instantiating /home/travis/build/icyphy/ptII/ptolemy/actor/lib/test/auto/Clock8.xml
3 ms. Memory: 880640K Free: 375723K (43%)
----------------- Invoking toplevel() on ptolemy.moml.MoMLSimpleApplication@648f4ab3
----------------- Done invoking toplevel() on ptolemy.moml.MoMLSimpleApplication@648f4ab3
reloadAllAccessors: .Clock8

===========================================================================================
----------------- testing Sun Feb 24 15:06:34 UTC 2019 /home/travis/build/icyphy/ptII/ptolemy/actor/lib/test/auto/Clock9.xml
----------------- Instantiating /home/travis/build/icyphy/ptII/ptolemy/actor/lib/test/auto/Clock9.xml
2 ms. Memory: 880640K Free: 357906K (41%)
----------------- Invoking toplevel() on ptolemy.moml.MoMLSimpleApplication@455b4b12
----------------- Done invoking toplevel() on ptolemy.moml.MoMLSimpleApplication@455b4b12
reloadAllAccessors: .Clock9

===========================================================================================
----------------- testing Sun Feb 24 15:06:34 UTC 2019 /home/travis/build/icyphy/ptII/ptolemy/actor/lib/test/auto/CommDistDiscard.xml
----------------- Instantiating /home/travis/build/icyphy/ptII/ptolemy/actor/lib/test/auto/CommDistDiscard.xml
4 ms. Memory: 880640K Free: 350103K (40%)
----------------- Invoking toplevel() on ptolemy.moml.MoMLSimpleApplication@710dd9c
----------------- Done invoking toplevel() on ptolemy.moml.MoMLSimpleApplication@710dd9c
reloadAllAccessors: .CommDistDiscard

===========================================================================================
----------------- testing Sun Feb 24 15:06:34 UTC 2019 /home/travis/build/icyphy/ptII/ptolemy/actor/lib/test/auto/Commutator.xml
----------------- Instantiating /home/travis/build/icyphy/ptII/ptolemy/actor/lib/test/auto/Commutator.xml
3 ms. Memory: 880640K Free: 342300K (39%)
----------------- Invoking toplevel() on ptolemy.moml.MoMLSimpleApplication@2aea9920
----------------- Done invoking toplevel() on ptolemy.moml.MoMLSimpleApplication@2aea9920
reloadAllAccessors: .Commutator

===========================================================================================
----------------- testing Sun Feb 24 15:06:34 UTC 2019 /home/travis/build/icyphy/ptII/ptolemy/actor/lib/test/auto/Commutator2.xml
----------------- Instantiating /home/travis/build/icyphy/ptII/ptolemy/actor/lib/test/auto/Commutator2.xml
2 ms. Memory: 880640K Free: 334497K (38%)
----------------- Invoking toplevel() on ptolemy.moml.MoMLSimpleApplication@5ebb5db0
----------------- Done invoking toplevel() on ptolemy.moml.MoMLSimpleApplication@5ebb5db0
reloadAllAccessors: .Commutator2

===========================================================================================
----------------- testing Sun Feb 24 15:06:34 UTC 2019 /home/travis/build/icyphy/ptII/ptolemy/actor/lib/test/auto/Commutator3.xml
----------------- Instantiating /home/travis/build/icyphy/ptII/ptolemy/actor/lib/test/auto/Commutator3.xml
3 ms. Memory: 880640K Free: 316679K (36%)
----------------- Invoking toplevel() on ptolemy.moml.MoMLSimpleApplication@a51bae3
----------------- Done invoking toplevel() on ptolemy.moml.MoMLSimpleApplication@a51bae3
reloadAllAccessors: .Commutator3

===========================================================================================
----------------- testing Sun Feb 24 15:06:34 UTC 2019 /home/travis/build/icyphy/ptII/ptolemy/actor/lib/test/auto/Compare.xml
----------------- Instantiating /home/travis/build/icyphy/ptII/ptolemy/actor/lib/test/auto/Compare.xml
2 ms. Memory: 880640K Free: 304959K (35%)
----------------- Invoking toplevel() on ptolemy.moml.MoMLSimpleApplication@2fd88550
----------------- Done invoking toplevel() on ptolemy.moml.MoMLSimpleApplication@2fd88550
reloadAllAccessors: .Compare

===========================================================================================
----------------- testing Sun Feb 24 15:06:34 UTC 2019 /home/travis/build/icyphy/ptII/ptolemy/actor/lib/test/auto/CompareDE.xml
----------------- Instantiating /home/travis/build/icyphy/ptII/ptolemy/actor/lib/test/auto/CompareDE.xml
5 ms. Memory: 880640K Free: 293239K (33%)
----------------- Invoking toplevel() on ptolemy.moml.MoMLSimpleApplication@70501458
----------------- Done invoking toplevel() on ptolemy.moml.MoMLSimpleApplication@70501458
reloadAllAccessors: .CompareDE

===========================================================================================
----------------- testing Sun Feb 24 15:06:34 UTC 2019 /home/travis/build/icyphy/ptII/ptolemy/actor/lib/test/auto/ComplexDivide.xml
----------------- Instantiating /home/travis/build/icyphy/ptII/ptolemy/actor/lib/test/auto/ComplexDivide.xml
2 ms. Memory: 880640K Free: 285436K (32%)
----------------- Invoking toplevel() on ptolemy.moml.MoMLSimpleApplication@3aeca949
----------------- Done invoking toplevel() on ptolemy.moml.MoMLSimpleApplication@3aeca949
reloadAllAccessors: .ComplexDivide

===========================================================================================
----------------- testing Sun Feb 24 15:06:34 UTC 2019 /home/travis/build/icyphy/ptII/ptolemy/actor/lib/test/auto/ComputeHistogram.xml
----------------- Instantiating /home/travis/build/icyphy/ptII/ptolemy/actor/lib/test/auto/ComputeHistogram.xml
34 ms. Memory: 880640K Free: 269798K (31%)
----------------- Invoking toplevel() on ptolemy.moml.MoMLSimpleApplication@429c4c8b
----------------- Done invoking toplevel() on ptolemy.moml.MoMLSimpleApplication@429c4c8b
reloadAllAccessors: .ComputeHistogram

===========================================================================================
----------------- testing Sun Feb 24 15:06:34 UTC 2019 /home/travis/build/icyphy/ptII/ptolemy/actor/lib/test/auto/ConfigurationSelect.xml
----------------- Instantiating /home/travis/build/icyphy/ptII/ptolemy/actor/lib/test/auto/ConfigurationSelect.xml
5 ms. Memory: 880640K Free: 251980K (29%)
----------------- Invoking toplevel() on ptolemy.moml.MoMLSimpleApplication@7cb8513e
----------------- Done invoking toplevel() on ptolemy.moml.MoMLSimpleApplication@7cb8513e
reloadAllAccessors: .ConfigurationSelect

===========================================================================================
----------------- testing Sun Feb 24 15:06:34 UTC 2019 /home/travis/build/icyphy/ptII/ptolemy/actor/lib/test/auto/ConfigurationSelect2.xml
----------------- Instantiating /home/travis/build/icyphy/ptII/ptolemy/actor/lib/test/auto/ConfigurationSelect2.xml
2 ms. Memory: 880640K Free: 244178K (28%)
----------------- Invoking toplevel() on ptolemy.moml.MoMLSimpleApplication@2137200b
----------------- Done invoking toplevel() on ptolemy.moml.MoMLSimpleApplication@2137200b
reloadAllAccessors: .ConfigurationSelect2

===========================================================================================
----------------- testing Sun Feb 24 15:06:34 UTC 2019 /home/travis/build/icyphy/ptII/ptolemy/actor/lib/test/auto/ConfigurationSwitch.xml
----------------- Instantiating /home/travis/build/icyphy/ptII/ptolemy/actor/lib/test/auto/ConfigurationSwitch.xml
2 ms. Memory: 880640K Free: 236375K (27%)
----------------- Invoking toplevel() on ptolemy.moml.MoMLSimpleApplication@7721299d
----------------- Done invoking toplevel() on ptolemy.moml.MoMLSimpleApplication@7721299d
reloadAllAccessors: .ConfigurationSwitch

===========================================================================================
----------------- testing Sun Feb 24 15:06:34 UTC 2019 /home/travis/build/icyphy/ptII/ptolemy/actor/lib/test/auto/ConfigurationSwitch2.xml
----------------- Instantiating /home/travis/build/icyphy/ptII/ptolemy/actor/lib/test/auto/ConfigurationSwitch2.xml
4 ms. Memory: 880640K Free: 228572K (26%)
----------------- Invoking toplevel() on ptolemy.moml.MoMLSimpleApplication@79dbca05
----------------- Done invoking toplevel() on ptolemy.moml.MoMLSimpleApplication@79dbca05
reloadAllAccessors: .ConfigurationSwitch2

===========================================================================================
----------------- testing Sun Feb 24 15:06:34 UTC 2019 /home/travis/build/icyphy/ptII/ptolemy/actor/lib/test/auto/ConfigurationSwitchCloningBugWithClassRelationGroup.xml
----------------- Instantiating /home/travis/build/icyphy/ptII/ptolemy/actor/lib/test/auto/ConfigurationSwitchCloningBugWithClassRelationGroup.xml
1 ms. Memory: 880640K Free: 206836K (23%)
----------------- Invoking toplevel() on ptolemy.moml.MoMLSimpleApplication@676de9ad
----------------- Done invoking toplevel() on ptolemy.moml.MoMLSimpleApplication@676de9ad
reloadAllAccessors: .ConfigurationSwitchCloningBugWithClassRelationGroup

===========================================================================================
----------------- testing Sun Feb 24 15:06:34 UTC 2019 /home/travis/build/icyphy/ptII/ptolemy/actor/lib/test/auto/ConfigurationSwitchSelectSDF.xml
----------------- Instantiating /home/travis/build/icyphy/ptII/ptolemy/actor/lib/test/auto/ConfigurationSwitchSelectSDF.xml
3 ms. Memory: 880640K Free: 199033K (23%)
----------------- Invoking toplevel() on ptolemy.moml.MoMLSimpleApplication@64ce565
----------------- Done invoking toplevel() on ptolemy.moml.MoMLSimpleApplication@64ce565
reloadAllAccessors: .ConfigurationSwitchSelectSDF

===========================================================================================
----------------- testing Sun Feb 24 15:06:34 UTC 2019 /home/travis/build/icyphy/ptII/ptolemy/actor/lib/test/auto/ConfigurationSwitchSelectSDF2.xml
----------------- Instantiating /home/travis/build/icyphy/ptII/ptolemy/actor/lib/test/auto/ConfigurationSwitchSelectSDF2.xml
2 ms. Memory: 880640K Free: 191231K (22%)
----------------- Invoking toplevel() on ptolemy.moml.MoMLSimpleApplication@5858b3b5
----------------- Done invoking toplevel() on ptolemy.moml.MoMLSimpleApplication@5858b3b5
reloadAllAccessors: .ConfigurationSwitchSelectSDF2

===========================================================================================
----------------- testing Sun Feb 24 15:06:34 UTC 2019 /home/travis/build/icyphy/ptII/ptolemy/actor/lib/test/auto/Const.xml
----------------- Instantiating /home/travis/build/icyphy/ptII/ptolemy/actor/lib/test/auto/Const.xml
2 ms. Memory: 880640K Free: 183428K (21%)
----------------- Invoking toplevel() on ptolemy.moml.MoMLSimpleApplication@1dede85
----------------- Done invoking toplevel() on ptolemy.moml.MoMLSimpleApplication@1dede85
reloadAllAccessors: .Const

===========================================================================================
----------------- testing Sun Feb 24 15:06:34 UTC 2019 /home/travis/build/icyphy/ptII/ptolemy/actor/lib/test/auto/Const2.xml
----------------- Instantiating /home/travis/build/icyphy/ptII/ptolemy/actor/lib/test/auto/Const2.xml
2 ms. Memory: 880640K Free: 165610K (19%)
----------------- Invoking toplevel() on ptolemy.moml.MoMLSimpleApplication@2fb6a0fa
----------------- Done invoking toplevel() on ptolemy.moml.MoMLSimpleApplication@2fb6a0fa
reloadAllAccessors: .Const2

===========================================================================================
----------------- testing Sun Feb 24 15:06:34 UTC 2019 /home/travis/build/icyphy/ptII/ptolemy/actor/lib/test/auto/Const3.xml
----------------- Instantiating /home/travis/build/icyphy/ptII/ptolemy/actor/lib/test/auto/Const3.xml
1 ms. Memory: 880640K Free: 157807K (18%)
----------------- Invoking toplevel() on ptolemy.moml.MoMLSimpleApplication@4fe5f01c
----------------- Done invoking toplevel() on ptolemy.moml.MoMLSimpleApplication@4fe5f01c
reloadAllAccessors: .Const3

===========================================================================================
----------------- testing Sun Feb 24 15:06:34 UTC 2019 /home/travis/build/icyphy/ptII/ptolemy/actor/lib/test/auto/ConstantPublisherPort1.xml
----------------- Instantiating /home/travis/build/icyphy/ptII/ptolemy/actor/lib/test/auto/ConstantPublisherPort1.xml
5 ms. Memory: 880640K Free: 146095K (17%)
----------------- Invoking toplevel() on ptolemy.moml.MoMLSimpleApplication@3c2cb6cf
----------------- Done invoking toplevel() on ptolemy.moml.MoMLSimpleApplication@3c2cb6cf
reloadAllAccessors: .ConstantPublisherPort1

===========================================================================================
----------------- testing Sun Feb 24 15:06:34 UTC 2019 /home/travis/build/icyphy/ptII/ptolemy/actor/lib/test/auto/ConstantPublisherPort2.xml
----------------- Instantiating /home/travis/build/icyphy/ptII/ptolemy/actor/lib/test/auto/ConstantPublisherPort2.xml
13 ms. Memory: 880640K Free: 134374K (15%)
----------------- Invoking toplevel() on ptolemy.moml.MoMLSimpleApplication@54e0f05a
----------------- Done invoking toplevel() on ptolemy.moml.MoMLSimpleApplication@54e0f05a
reloadAllAccessors: .ConstantPublisherPort2

===========================================================================================
----------------- testing Sun Feb 24 15:06:34 UTC 2019 /home/travis/build/icyphy/ptII/ptolemy/actor/lib/test/auto/ConstantPublisherPort3.xml
----------------- Instantiating /home/travis/build/icyphy/ptII/ptolemy/actor/lib/test/auto/ConstantPublisherPort3.xml
8 ms. Memory: 880640K Free: 122670K (14%)
----------------- Invoking toplevel() on ptolemy.moml.MoMLSimpleApplication@3e0ac078
----------------- Done invoking toplevel() on ptolemy.moml.MoMLSimpleApplication@3e0ac078
reloadAllAccessors: .ConstantPublisherPort3

===========================================================================================
----------------- testing Sun Feb 24 15:06:34 UTC 2019 /home/travis/build/icyphy/ptII/ptolemy/actor/lib/test/auto/ConstantPublisherPort4.xml
----------------- Instantiating /home/travis/build/icyphy/ptII/ptolemy/actor/lib/test/auto/ConstantPublisherPort4.xml
3 ms. Memory: 880640K Free: 100950K (11%)
----------------- Invoking toplevel() on ptolemy.moml.MoMLSimpleApplication@9d2c186
----------------- Done invoking toplevel() on ptolemy.moml.MoMLSimpleApplication@9d2c186
reloadAllAccessors: .ConstantPublisherPort4

===========================================================================================
----------------- testing Sun Feb 24 15:06:34 UTC 2019 /home/travis/build/icyphy/ptII/ptolemy/actor/lib/test/auto/ConstantPublisherPort5.xml
----------------- Instantiating /home/travis/build/icyphy/ptII/ptolemy/actor/lib/test/auto/ConstantPublisherPort5.xml
32 ms. Memory: 880640K Free: 81443K (9%)
----------------- Invoking toplevel() on ptolemy.moml.MoMLSimpleApplication@5c6bb641
----------------- Done invoking toplevel() on ptolemy.moml.MoMLSimpleApplication@5c6bb641
reloadAllAccessors: .ConstantPublisherPort5

===========================================================================================
----------------- testing Sun Feb 24 15:06:34 UTC 2019 /home/travis/build/icyphy/ptII/ptolemy/actor/lib/test/auto/ConstantPublisherPort6.xml
----------------- Instantiating /home/travis/build/icyphy/ptII/ptolemy/actor/lib/test/auto/ConstantPublisherPort6.xml
21 ms. Memory: 880640K Free: 60564K (7%)
----------------- Invoking toplevel() on ptolemy.moml.MoMLSimpleApplication@2a95521
----------------- Done invoking toplevel() on ptolemy.moml.MoMLSimpleApplication@2a95521
reloadAllAccessors: .ConstantPublisherPort6

===========================================================================================
----------------- testing Sun Feb 24 15:06:34 UTC 2019 /home/travis/build/icyphy/ptII/ptolemy/actor/lib/test/auto/ConstantPublisherPort7.xml
----------------- Instantiating /home/travis/build/icyphy/ptII/ptolemy/actor/lib/test/auto/ConstantPublisherPort7.xml
12 ms. Memory: 881152K Free: 812331K (92%)
----------------- Invoking toplevel() on ptolemy.moml.MoMLSimpleApplication@53eff9a5
----------------- Done invoking toplevel() on ptolemy.moml.MoMLSimpleApplication@53eff9a5
reloadAllAccessors: .ConstantPublisherPort7

===========================================================================================
----------------- testing Sun Feb 24 15:06:34 UTC 2019 /home/travis/build/icyphy/ptII/ptolemy/actor/lib/test/auto/ConstraintMonitor1.xml
----------------- Instantiating /home/travis/build/icyphy/ptII/ptolemy/actor/lib/test/auto/ConstraintMonitor1.xml
7 ms. Memory: 881152K Free: 794400K (90%)
----------------- Invoking toplevel() on ptolemy.moml.MoMLSimpleApplication@4fa4a822
----------------- Done invoking toplevel() on ptolemy.moml.MoMLSimpleApplication@4fa4a822
reloadAllAccessors: .ConstraintMonitor1

===========================================================================================
----------------- testing Sun Feb 24 15:06:34 UTC 2019 /home/travis/build/icyphy/ptII/ptolemy/actor/lib/test/auto/ConstraintMonitor2.xml
----------------- Instantiating /home/travis/build/icyphy/ptII/ptolemy/actor/lib/test/auto/ConstraintMonitor2.xml
6 ms. Memory: 881152K Free: 783996K (89%)
----------------- Invoking toplevel() on ptolemy.moml.MoMLSimpleApplication@4a9ee942
----------------- Done invoking toplevel() on ptolemy.moml.MoMLSimpleApplication@4a9ee942
reloadAllAccessors: .ConstraintMonitor2

===========================================================================================
----------------- testing Sun Feb 24 15:06:34 UTC 2019 /home/travis/build/icyphy/ptII/ptolemy/actor/lib/test/auto/ConstraintMonitor3.xml
----------------- Instantiating /home/travis/build/icyphy/ptII/ptolemy/actor/lib/test/auto/ConstraintMonitor3.xml
2 ms. Memory: 881152K Free: 773592K (88%)
----------------- Invoking toplevel() on ptolemy.moml.MoMLSimpleApplication@2d4e02a9
----------------- Done invoking toplevel() on ptolemy.moml.MoMLSimpleApplication@2d4e02a9
reloadAllAccessors: .ConstraintMonitor3

===========================================================================================
----------------- testing Sun Feb 24 15:06:34 UTC 2019 /home/travis/build/icyphy/ptII/ptolemy/actor/lib/test/auto/ConstraintMonitor4.xml
----------------- Instantiating /home/travis/build/icyphy/ptII/ptolemy/actor/lib/test/auto/ConstraintMonitor4.xml
1 ms. Memory: 881152K Free: 755662K (86%)
----------------- Invoking toplevel() on ptolemy.moml.MoMLSimpleApplication@1ee79678
----------------- Done invoking toplevel() on ptolemy.moml.MoMLSimpleApplication@1ee79678
reloadAllAccessors: .ConstraintMonitor4

===========================================================================================
----------------- testing Sun Feb 24 15:06:34 UTC 2019 /home/travis/build/icyphy/ptII/ptolemy/actor/lib/test/auto/ConstraintMonitor5.xml
----------------- Instantiating /home/travis/build/icyphy/ptII/ptolemy/actor/lib/test/auto/ConstraintMonitor5.xml
2 ms. Memory: 881152K Free: 745258K (85%)
----------------- Invoking toplevel() on ptolemy.moml.MoMLSimpleApplication@1949a354
----------------- Done invoking toplevel() on ptolemy.moml.MoMLSimpleApplication@1949a354
reloadAllAccessors: .ConstraintMonitor5

===========================================================================================
----------------- testing Sun Feb 24 15:06:34 UTC 2019 /home/travis/build/icyphy/ptII/ptolemy/actor/lib/test/auto/ConstraintMonitor6.xml
----------------- Instantiating /home/travis/build/icyphy/ptII/ptolemy/actor/lib/test/auto/ConstraintMonitor6.xml
7 ms. Memory: 881152K Free: 734854K (83%)
----------------- Invoking toplevel() on ptolemy.moml.MoMLSimpleApplication@1717fe3
----------------- Done invoking toplevel() on ptolemy.moml.MoMLSimpleApplication@1717fe3
reloadAllAccessors: .ConstraintMonitor6

===========================================================================================
----------------- testing Sun Feb 24 15:06:35 UTC 2019 /home/travis/build/icyphy/ptII/ptolemy/actor/lib/test/auto/ConstraintMonitor7.xml
----------------- Instantiating /home/travis/build/icyphy/ptII/ptolemy/actor/lib/test/auto/ConstraintMonitor7.xml
8 ms. Memory: 881152K Free: 716762K (81%)
----------------- Invoking toplevel() on ptolemy.moml.MoMLSimpleApplication@fb29b2a
----------------- Done invoking toplevel() on ptolemy.moml.MoMLSimpleApplication@fb29b2a
reloadAllAccessors: .ConstraintMonitor7

===========================================================================================
----------------- testing Sun Feb 24 15:06:35 UTC 2019 /home/travis/build/icyphy/ptII/ptolemy/actor/lib/test/auto/ConstraintMonitor8.xml
----------------- Instantiating /home/travis/build/icyphy/ptII/ptolemy/actor/lib/test/auto/ConstraintMonitor8.xml
8 ms. Memory: 881152K Free: 706358K (80%)
----------------- Invoking toplevel() on ptolemy.moml.MoMLSimpleApplication@41895257
----------------- Done invoking toplevel() on ptolemy.moml.MoMLSimpleApplication@41895257
reloadAllAccessors: .ConstraintMonitor8

===========================================================================================
----------------- testing Sun Feb 24 15:06:35 UTC 2019 /home/travis/build/icyphy/ptII/ptolemy/actor/lib/test/auto/Counter.xml
----------------- Instantiating /home/travis/build/icyphy/ptII/ptolemy/actor/lib/test/auto/Counter.xml
2 ms. Memory: 881152K Free: 695954K (79%)
----------------- Invoking toplevel() on ptolemy.moml.MoMLSimpleApplication@73f6a8bb
----------------- Done invoking toplevel() on ptolemy.moml.MoMLSimpleApplication@73f6a8bb
reloadAllAccessors: .Counter

===========================================================================================
----------------- testing Sun Feb 24 15:06:35 UTC 2019 /home/travis/build/icyphy/ptII/ptolemy/actor/lib/test/auto/CurrentTimeSDF.xml
----------------- Instantiating /home/travis/build/icyphy/ptII/ptolemy/actor/lib/test/auto/CurrentTimeSDF.xml
1 ms. Memory: 881152K Free: 678024K (77%)
----------------- Invoking toplevel() on ptolemy.moml.MoMLSimpleApplication@5a02d046
----------------- Done invoking toplevel() on ptolemy.moml.MoMLSimpleApplication@5a02d046
reloadAllAccessors: .CurrentTimeSDF

===========================================================================================
----------------- testing Sun Feb 24 15:06:35 UTC 2019 /home/travis/build/icyphy/ptII/ptolemy/actor/lib/test/auto/DB.xml
----------------- Instantiating /home/travis/build/icyphy/ptII/ptolemy/actor/lib/test/auto/DB.xml
2 ms. Memory: 881152K Free: 667620K (76%)
----------------- Invoking toplevel() on ptolemy.moml.MoMLSimpleApplication@3d1f54a6
----------------- Done invoking toplevel() on ptolemy.moml.MoMLSimpleApplication@3d1f54a6
reloadAllAccessors: .DB

===========================================================================================
----------------- testing Sun Feb 24 15:06:35 UTC 2019 /home/travis/build/icyphy/ptII/ptolemy/actor/lib/test/auto/DBDE.xml
----------------- Instantiating /home/travis/build/icyphy/ptII/ptolemy/actor/lib/test/auto/DBDE.xml
2 ms. Memory: 881152K Free: 657216K (75%)
----------------- Invoking toplevel() on ptolemy.moml.MoMLSimpleApplication@e32e6
----------------- Done invoking toplevel() on ptolemy.moml.MoMLSimpleApplication@e32e6
reloadAllAccessors: .DBDE

===========================================================================================
----------------- testing Sun Feb 24 15:06:35 UTC 2019 /home/travis/build/icyphy/ptII/ptolemy/actor/lib/test/auto/DateConstructor.xml
----------------- Instantiating /home/travis/build/icyphy/ptII/ptolemy/actor/lib/test/auto/DateConstructor.xml
12 ms. Memory: 881152K Free: 636400K (72%)
----------------- Invoking toplevel() on ptolemy.moml.MoMLSimpleApplication@26a58aca
----------------- Done invoking toplevel() on ptolemy.moml.MoMLSimpleApplication@26a58aca
reloadAllAccessors: .DateConstructor

===========================================================================================
----------------- testing Sun Feb 24 15:06:35 UTC 2019 /home/travis/build/icyphy/ptII/ptolemy/actor/lib/test/auto/DelayTime.xml
----------------- Instantiating /home/travis/build/icyphy/ptII/ptolemy/actor/lib/test/auto/DelayTime.xml
3 ms. Memory: 881152K Free: 618470K (70%)
----------------- Invoking toplevel() on ptolemy.moml.MoMLSimpleApplication@37bb75d5
----------------- Done invoking toplevel() on ptolemy.moml.MoMLSimpleApplication@37bb75d5
reloadAllAccessors: .DelayTime

===========================================================================================
----------------- testing Sun Feb 24 15:06:35 UTC 2019 /home/travis/build/icyphy/ptII/ptolemy/actor/lib/test/auto/Dictionary1.xml
----------------- Instantiating /home/travis/build/icyphy/ptII/ptolemy/actor/lib/test/auto/Dictionary1.xml
1 ms. Memory: 881152K Free: 608066K (69%)
----------------- Invoking toplevel() on ptolemy.moml.MoMLSimpleApplication@5e1c1029
----------------- Done invoking toplevel() on ptolemy.moml.MoMLSimpleApplication@5e1c1029
reloadAllAccessors: .Dictionary1

===========================================================================================
----------------- testing Sun Feb 24 15:06:35 UTC 2019 /home/travis/build/icyphy/ptII/ptolemy/actor/lib/test/auto/Dictionary2.xml
----------------- Instantiating /home/travis/build/icyphy/ptII/ptolemy/actor/lib/test/auto/Dictionary2.xml
1 ms. Memory: 881152K Free: 597662K (68%)
----------------- Invoking toplevel() on ptolemy.moml.MoMLSimpleApplication@3ab5b1c2
----------------- Done invoking toplevel() on ptolemy.moml.MoMLSimpleApplication@3ab5b1c2
reloadAllAccessors: .Dictionary2

===========================================================================================
----------------- testing Sun Feb 24 15:06:35 UTC 2019 /home/travis/build/icyphy/ptII/ptolemy/actor/lib/test/auto/Dictionary3.xml
----------------- Instantiating /home/travis/build/icyphy/ptII/ptolemy/actor/lib/test/auto/Dictionary3.xml
1 ms. Memory: 881152K Free: 579731K (66%)
----------------- Invoking toplevel() on ptolemy.moml.MoMLSimpleApplication@3d772442
----------------- Done invoking toplevel() on ptolemy.moml.MoMLSimpleApplication@3d772442
reloadAllAccessors: .Dictionary3

===========================================================================================
----------------- testing Sun Feb 24 15:06:35 UTC 2019 /home/travis/build/icyphy/ptII/ptolemy/actor/lib/test/auto/Dictionary4.xml
----------------- Instantiating /home/travis/build/icyphy/ptII/ptolemy/actor/lib/test/auto/Dictionary4.xml
3 ms. Memory: 881152K Free: 569327K (65%)
----------------- Invoking toplevel() on ptolemy.moml.MoMLSimpleApplication@46f3af24
----------------- Done invoking toplevel() on ptolemy.moml.MoMLSimpleApplication@46f3af24
reloadAllAccessors: .Dictionary4

===========================================================================================
----------------- testing Sun Feb 24 15:06:35 UTC 2019 /home/travis/build/icyphy/ptII/ptolemy/actor/lib/test/auto/Differential.xml
----------------- Instantiating /home/travis/build/icyphy/ptII/ptolemy/actor/lib/test/auto/Differential.xml
2 ms. Memory: 881152K Free: 558924K (63%)
----------------- Invoking toplevel() on ptolemy.moml.MoMLSimpleApplication@df9e4e9
----------------- Done invoking toplevel() on ptolemy.moml.MoMLSimpleApplication@df9e4e9
reloadAllAccessors: .Differential

===========================================================================================
----------------- testing Sun Feb 24 15:06:35 UTC 2019 /home/travis/build/icyphy/ptII/ptolemy/actor/lib/test/auto/Director.xml
----------------- Instantiating /home/travis/build/icyphy/ptII/ptolemy/actor/lib/test/auto/Director.xml
2 ms. Memory: 881152K Free: 540993K (61%)
----------------- Invoking toplevel() on ptolemy.moml.MoMLSimpleApplication@43ca651c
----------------- Done invoking toplevel() on ptolemy.moml.MoMLSimpleApplication@43ca651c
reloadAllAccessors: .Director

===========================================================================================
----------------- testing Sun Feb 24 15:06:35 UTC 2019 /home/travis/build/icyphy/ptII/ptolemy/actor/lib/test/auto/DiscreteClock.xml
----------------- Instantiating /home/travis/build/icyphy/ptII/ptolemy/actor/lib/test/auto/DiscreteClock.xml
1 ms. Memory: 881152K Free: 530589K (60%)
----------------- Invoking toplevel() on ptolemy.moml.MoMLSimpleApplication@7078d137
----------------- Done invoking toplevel() on ptolemy.moml.MoMLSimpleApplication@7078d137
reloadAllAccessors: .DiscreteClock

===========================================================================================
----------------- testing Sun Feb 24 15:06:35 UTC 2019 /home/travis/build/icyphy/ptII/ptolemy/actor/lib/test/auto/DiscreteClock10.xml
----------------- Instantiating /home/travis/build/icyphy/ptII/ptolemy/actor/lib/test/auto/DiscreteClock10.xml
2 ms. Memory: 881152K Free: 520185K (59%)
----------------- Invoking toplevel() on ptolemy.moml.MoMLSimpleApplication@4a1341d2
----------------- Done invoking toplevel() on ptolemy.moml.MoMLSimpleApplication@4a1341d2
reloadAllAccessors: .DiscreteClock10

===========================================================================================
----------------- testing Sun Feb 24 15:06:35 UTC 2019 /home/travis/build/icyphy/ptII/ptolemy/actor/lib/test/auto/DiscreteClock11.xml
----------------- Instantiating /home/travis/build/icyphy/ptII/ptolemy/actor/lib/test/auto/DiscreteClock11.xml
2 ms. Memory: 881152K Free: 502255K (57%)
----------------- Invoking toplevel() on ptolemy.moml.MoMLSimpleApplication@2d79d1cb
----------------- Done invoking toplevel() on ptolemy.moml.MoMLSimpleApplication@2d79d1cb
reloadAllAccessors: .DiscreteClock11

===========================================================================================
----------------- testing Sun Feb 24 15:06:35 UTC 2019 /home/travis/build/icyphy/ptII/ptolemy/actor/lib/test/auto/DiscreteClock12.xml
----------------- Instantiating /home/travis/build/icyphy/ptII/ptolemy/actor/lib/test/auto/DiscreteClock12.xml
2 ms. Memory: 881152K Free: 491851K (56%)
----------------- Invoking toplevel() on ptolemy.moml.MoMLSimpleApplication@1e72850e
----------------- Done invoking toplevel() on ptolemy.moml.MoMLSimpleApplication@1e72850e
reloadAllAccessors: .DiscreteClock12

===========================================================================================
----------------- testing Sun Feb 24 15:06:35 UTC 2019 /home/travis/build/icyphy/ptII/ptolemy/actor/lib/test/auto/DiscreteClock13.xml
----------------- Instantiating /home/travis/build/icyphy/ptII/ptolemy/actor/lib/test/auto/DiscreteClock13.xml
6 ms. Memory: 881152K Free: 481447K (55%)
----------------- Invoking toplevel() on ptolemy.moml.MoMLSimpleApplication@1b84b79f
----------------- Done invoking toplevel() on ptolemy.moml.MoMLSimpleApplication@1b84b79f
reloadAllAccessors: .DiscreteClock13

===========================================================================================
----------------- testing Sun Feb 24 15:06:35 UTC 2019 /home/travis/build/icyphy/ptII/ptolemy/actor/lib/test/auto/DiscreteClock14.xml
----------------- Instantiating /home/travis/build/icyphy/ptII/ptolemy/actor/lib/test/auto/DiscreteClock14.xml
6 ms. Memory: 881152K Free: 471043K (53%)
----------------- Invoking toplevel() on ptolemy.moml.MoMLSimpleApplication@3857538d
----------------- Done invoking toplevel() on ptolemy.moml.MoMLSimpleApplication@3857538d
reloadAllAccessors: .DiscreteClock14

===========================================================================================
----------------- testing Sun Feb 24 15:06:35 UTC 2019 /home/travis/build/icyphy/ptII/ptolemy/actor/lib/test/auto/DiscreteClock15.xml
----------------- Instantiating /home/travis/build/icyphy/ptII/ptolemy/actor/lib/test/auto/DiscreteClock15.xml
7 ms. Memory: 881152K Free: 453112K (51%)
----------------- Invoking toplevel() on ptolemy.moml.MoMLSimpleApplication@57dc7024
----------------- Done invoking toplevel() on ptolemy.moml.MoMLSimpleApplication@57dc7024
reloadAllAccessors: .DiscreteClock15

===========================================================================================
----------------- testing Sun Feb 24 15:06:35 UTC 2019 /home/travis/build/icyphy/ptII/ptolemy/actor/lib/test/auto/DiscreteClock16.xml
----------------- Instantiating /home/travis/build/icyphy/ptII/ptolemy/actor/lib/test/auto/DiscreteClock16.xml
624 ms. Memory: 1368064K Free: 1326456K (97%)
----------------- Invoking toplevel() on ptolemy.moml.MoMLSimpleApplication@2d0bdf2e
----------------- Done invoking toplevel() on ptolemy.moml.MoMLSimpleApplication@2d0bdf2e
reloadAllAccessors: .DiscreteClock16

===========================================================================================
----------------- testing Sun Feb 24 15:06:36 UTC 2019 /home/travis/build/icyphy/ptII/ptolemy/actor/lib/test/auto/DiscreteClock17.xml
----------------- Instantiating /home/travis/build/icyphy/ptII/ptolemy/actor/lib/test/auto/DiscreteClock17.xml
22 ms. Memory: 1368064K Free: 1279742K (94%)
----------------- Invoking toplevel() on ptolemy.moml.MoMLSimpleApplication@1d3390a3
----------------- Done invoking toplevel() on ptolemy.moml.MoMLSimpleApplication@1d3390a3
reloadAllAccessors: .DiscreteClock17

===========================================================================================
----------------- testing Sun Feb 24 15:06:36 UTC 2019 /home/travis/build/icyphy/ptII/ptolemy/actor/lib/test/auto/DiscreteClock18.xml
----------------- Instantiating /home/travis/build/icyphy/ptII/ptolemy/actor/lib/test/auto/DiscreteClock18.xml
8 ms. Memory: 1368064K Free: 1254593K (92%)
----------------- Invoking toplevel() on ptolemy.moml.MoMLSimpleApplication@4d2ff974
----------------- Done invoking toplevel() on ptolemy.moml.MoMLSimpleApplication@4d2ff974
reloadAllAccessors: .DiscreteClock18

===========================================================================================
----------------- testing Sun Feb 24 15:06:36 UTC 2019 /home/travis/build/icyphy/ptII/ptolemy/actor/lib/test/auto/DiscreteClock19.xml
----------------- Instantiating /home/travis/build/icyphy/ptII/ptolemy/actor/lib/test/auto/DiscreteClock19.xml
20 ms. Memory: 1368064K Free: 1229611K (90%)
----------------- Invoking toplevel() on ptolemy.moml.MoMLSimpleApplication@13f0a5cb
----------------- Done invoking toplevel() on ptolemy.moml.MoMLSimpleApplication@13f0a5cb
reloadAllAccessors: .DiscreteClock19

===========================================================================================
----------------- testing Sun Feb 24 15:06:36 UTC 2019 /home/travis/build/icyphy/ptII/ptolemy/actor/lib/test/auto/DiscreteClock2.xml
----------------- Instantiating /home/travis/build/icyphy/ptII/ptolemy/actor/lib/test/auto/DiscreteClock2.xml
6 ms. Memory: 1368064K Free: 1203655K (88%)
----------------- Invoking toplevel() on ptolemy.moml.MoMLSimpleApplication@4ea25664
----------------- Done invoking toplevel() on ptolemy.moml.MoMLSimpleApplication@4ea25664
reloadAllAccessors: .DiscreteClock2

===========================================================================================
----------------- testing Sun Feb 24 15:06:36 UTC 2019 /home/travis/build/icyphy/ptII/ptolemy/actor/lib/test/auto/DiscreteClock20.xml
----------------- Instantiating /home/travis/build/icyphy/ptII/ptolemy/actor/lib/test/auto/DiscreteClock20.xml
9 ms. Memory: 1368064K Free: 1187011K (87%)
----------------- Invoking toplevel() on ptolemy.moml.MoMLSimpleApplication@76177bed
----------------- Done invoking toplevel() on ptolemy.moml.MoMLSimpleApplication@76177bed
reloadAllAccessors: .DiscreteClock20

===========================================================================================
----------------- testing Sun Feb 24 15:06:36 UTC 2019 /home/travis/build/icyphy/ptII/ptolemy/actor/lib/test/auto/DiscreteClock21.xml
----------------- Instantiating /home/travis/build/icyphy/ptII/ptolemy/actor/lib/test/auto/DiscreteClock21.xml
6 ms. Memory: 1368064K Free: 1170368K (86%)
----------------- Invoking toplevel() on ptolemy.moml.MoMLSimpleApplication@5e1576e
----------------- Done invoking toplevel() on ptolemy.moml.MoMLSimpleApplication@5e1576e
reloadAllAccessors: .DiscreteClock21

===========================================================================================
----------------- testing Sun Feb 24 15:06:36 UTC 2019 /home/travis/build/icyphy/ptII/ptolemy/actor/lib/test/auto/DiscreteClock22.xml
----------------- Instantiating /home/travis/build/icyphy/ptII/ptolemy/actor/lib/test/auto/DiscreteClock22.xml
7 ms. Memory: 1368064K Free: 1153724K (84%)
----------------- Invoking toplevel() on ptolemy.moml.MoMLSimpleApplication@7c2182c2
----------------- Done invoking toplevel() on ptolemy.moml.MoMLSimpleApplication@7c2182c2
reloadAllAccessors: .DiscreteClock22

===========================================================================================
----------------- testing Sun Feb 24 15:06:36 UTC 2019 /home/travis/build/icyphy/ptII/ptolemy/actor/lib/test/auto/DiscreteClock23.xml
----------------- Instantiating /home/travis/build/icyphy/ptII/ptolemy/actor/lib/test/auto/DiscreteClock23.xml
9 ms. Memory: 1368064K Free: 1127768K (82%)
----------------- Invoking toplevel() on ptolemy.moml.MoMLSimpleApplication@173c858f
----------------- Done invoking toplevel() on ptolemy.moml.MoMLSimpleApplication@173c858f
reloadAllAccessors: .DiscreteClock23

===========================================================================================
----------------- testing Sun Feb 24 15:06:36 UTC 2019 /home/travis/build/icyphy/ptII/ptolemy/actor/lib/test/auto/DiscreteClock24.xml
----------------- Instantiating /home/travis/build/icyphy/ptII/ptolemy/actor/lib/test/auto/DiscreteClock24.xml
5 ms. Memory: 1368064K Free: 1111124K (81%)
----------------- Invoking toplevel() on ptolemy.moml.MoMLSimpleApplication@cbec1f1
----------------- Done invoking toplevel() on ptolemy.moml.MoMLSimpleApplication@cbec1f1
reloadAllAccessors: .DiscreteClock24

===========================================================================================
----------------- testing Sun Feb 24 15:06:36 UTC 2019 /home/travis/build/icyphy/ptII/ptolemy/actor/lib/test/auto/DiscreteClock4.xml
----------------- Instantiating /home/travis/build/icyphy/ptII/ptolemy/actor/lib/test/auto/DiscreteClock4.xml
3 ms. Memory: 1368064K Free: 1094481K (80%)
----------------- Invoking toplevel() on ptolemy.moml.MoMLSimpleApplication@4be9d96b
----------------- Done invoking toplevel() on ptolemy.moml.MoMLSimpleApplication@4be9d96b
reloadAllAccessors: .DiscreteClock4

===========================================================================================
----------------- testing Sun Feb 24 15:06:36 UTC 2019 /home/travis/build/icyphy/ptII/ptolemy/actor/lib/test/auto/DiscreteClock5.xml
----------------- Instantiating /home/travis/build/icyphy/ptII/ptolemy/actor/lib/test/auto/DiscreteClock5.xml
2 ms. Memory: 1368064K Free: 1077837K (79%)
----------------- Invoking toplevel() on ptolemy.moml.MoMLSimpleApplication@9a712a0
----------------- Done invoking toplevel() on ptolemy.moml.MoMLSimpleApplication@9a712a0
reloadAllAccessors: .DiscreteClock5

===========================================================================================
----------------- testing Sun Feb 24 15:06:36 UTC 2019 /home/travis/build/icyphy/ptII/ptolemy/actor/lib/test/auto/DiscreteClock6.xml
----------------- Instantiating /home/travis/build/icyphy/ptII/ptolemy/actor/lib/test/auto/DiscreteClock6.xml
0 ms. Memory: 1368064K Free: 1051880K (77%)
----------------- Invoking toplevel() on ptolemy.moml.MoMLSimpleApplication@46da1bfb
----------------- Done invoking toplevel() on ptolemy.moml.MoMLSimpleApplication@46da1bfb
reloadAllAccessors: .DiscreteClock6

===========================================================================================
----------------- testing Sun Feb 24 15:06:36 UTC 2019 /home/travis/build/icyphy/ptII/ptolemy/actor/lib/test/auto/DiscreteClock7.xml
----------------- Instantiating /home/travis/build/icyphy/ptII/ptolemy/actor/lib/test/auto/DiscreteClock7.xml
2 ms. Memory: 1368064K Free: 1035237K (76%)
----------------- Invoking toplevel() on ptolemy.moml.MoMLSimpleApplication@2079034d
----------------- Done invoking toplevel() on ptolemy.moml.MoMLSimpleApplication@2079034d
reloadAllAccessors: .DiscreteClock7

===========================================================================================
----------------- testing Sun Feb 24 15:06:36 UTC 2019 /home/travis/build/icyphy/ptII/ptolemy/actor/lib/test/auto/DiscreteClock8.xml
----------------- Instantiating /home/travis/build/icyphy/ptII/ptolemy/actor/lib/test/auto/DiscreteClock8.xml
6 ms. Memory: 1368064K Free: 1018594K (74%)
----------------- Invoking toplevel() on ptolemy.moml.MoMLSimpleApplication@19ade80d
----------------- Done invoking toplevel() on ptolemy.moml.MoMLSimpleApplication@19ade80d
reloadAllAccessors: .DiscreteClock8

===========================================================================================
----------------- testing Sun Feb 24 15:06:36 UTC 2019 /home/travis/build/icyphy/ptII/ptolemy/actor/lib/test/auto/DiscreteClock9.xml
----------------- Instantiating /home/travis/build/icyphy/ptII/ptolemy/actor/lib/test/auto/DiscreteClock9.xml
6 ms. Memory: 1368064K Free: 1001950K (73%)
----------------- Invoking toplevel() on ptolemy.moml.MoMLSimpleApplication@59b5d077
----------------- Done invoking toplevel() on ptolemy.moml.MoMLSimpleApplication@59b5d077
reloadAllAccessors: .DiscreteClock9

===========================================================================================
----------------- testing Sun Feb 24 15:06:36 UTC 2019 /home/travis/build/icyphy/ptII/ptolemy/actor/lib/test/auto/DisplayArray.xml
----------------- Instantiating /home/travis/build/icyphy/ptII/ptolemy/actor/lib/test/auto/DisplayArray.xml
1 ms. Memory: 1368064K Free: 975993K (71%)
----------------- Invoking toplevel() on ptolemy.moml.MoMLSimpleApplication@18bf7763
----------------- Done invoking toplevel() on ptolemy.moml.MoMLSimpleApplication@18bf7763
reloadAllAccessors: .DisplayArray

===========================================================================================
----------------- testing Sun Feb 24 15:06:36 UTC 2019 /home/travis/build/icyphy/ptII/ptolemy/actor/lib/test/auto/Distributor.xml
----------------- Instantiating /home/travis/build/icyphy/ptII/ptolemy/actor/lib/test/auto/Distributor.xml
1 ms. Memory: 1368064K Free: 959350K (70%)
----------------- Invoking toplevel() on ptolemy.moml.MoMLSimpleApplication@50dff106
----------------- Done invoking toplevel() on ptolemy.moml.MoMLSimpleApplication@50dff106
reloadAllAccessors: .Distributor

===========================================================================================
----------------- testing Sun Feb 24 15:06:36 UTC 2019 /home/travis/build/icyphy/ptII/ptolemy/actor/lib/test/auto/Distributor2.xml
----------------- Instantiating /home/travis/build/icyphy/ptII/ptolemy/actor/lib/test/auto/Distributor2.xml
2 ms. Memory: 1368064K Free: 942706K (69%)
----------------- Invoking toplevel() on ptolemy.moml.MoMLSimpleApplication@784fe579
----------------- Done invoking toplevel() on ptolemy.moml.MoMLSimpleApplication@784fe579
reloadAllAccessors: .Distributor2

===========================================================================================
----------------- testing Sun Feb 24 15:06:36 UTC 2019 /home/travis/build/icyphy/ptII/ptolemy/actor/lib/test/auto/DownSample.xml
----------------- Instantiating /home/travis/build/icyphy/ptII/ptolemy/actor/lib/test/auto/DownSample.xml
1 ms. Memory: 1368064K Free: 926063K (68%)
----------------- Invoking toplevel() on ptolemy.moml.MoMLSimpleApplication@4126432e
----------------- Done invoking toplevel() on ptolemy.moml.MoMLSimpleApplication@4126432e
reloadAllAccessors: .DownSample

===========================================================================================
----------------- testing Sun Feb 24 15:06:36 UTC 2019 /home/travis/build/icyphy/ptII/ptolemy/actor/lib/test/auto/ElectronicUnitBase1.xml
----------------- Instantiating /home/travis/build/icyphy/ptII/ptolemy/actor/lib/test/auto/ElectronicUnitBase1.xml
19 ms. Memory: 1368064K Free: 891768K (65%)
----------------- Invoking toplevel() on ptolemy.moml.MoMLSimpleApplication@7caef8cd
----------------- Done invoking toplevel() on ptolemy.moml.MoMLSimpleApplication@7caef8cd
reloadAllAccessors: .ElectronicUnitBase1

===========================================================================================
----------------- testing Sun Feb 24 15:06:36 UTC 2019 /home/travis/build/icyphy/ptII/ptolemy/actor/lib/test/auto/ElementsToArray.xml
----------------- Instantiating /home/travis/build/icyphy/ptII/ptolemy/actor/lib/test/auto/ElementsToArray.xml
3 ms. Memory: 1368064K Free: 875125K (64%)
----------------- Invoking toplevel() on ptolemy.moml.MoMLSimpleApplication@5211da00
----------------- Done invoking toplevel() on ptolemy.moml.MoMLSimpleApplication@5211da00
reloadAllAccessors: .ElementsToArray

===========================================================================================
----------------- testing Sun Feb 24 15:06:36 UTC 2019 /home/travis/build/icyphy/ptII/ptolemy/actor/lib/test/auto/Equals.xml
----------------- Instantiating /home/travis/build/icyphy/ptII/ptolemy/actor/lib/test/auto/Equals.xml
7 ms. Memory: 1368064K Free: 858482K (63%)
----------------- Invoking toplevel() on ptolemy.moml.MoMLSimpleApplication@67fa1253
----------------- Done invoking toplevel() on ptolemy.moml.MoMLSimpleApplication@67fa1253
reloadAllAccessors: .Equals

===========================================================================================
----------------- testing Sun Feb 24 15:06:36 UTC 2019 /home/travis/build/icyphy/ptII/ptolemy/actor/lib/test/auto/Exec.xml
----------------- Instantiating /home/travis/build/icyphy/ptII/ptolemy/actor/lib/test/auto/Exec.xml
11 ms. Memory: 1368064K Free: 829356K (61%)
----------------- Invoking toplevel() on ptolemy.moml.MoMLSimpleApplication@4e70bcd1
----------------- Done invoking toplevel() on ptolemy.moml.MoMLSimpleApplication@4e70bcd1
reloadAllAccessors: .Exec

===========================================================================================
----------------- testing Sun Feb 24 15:06:36 UTC 2019 /home/travis/build/icyphy/ptII/ptolemy/actor/lib/test/auto/ExecEnvironment.xml
----------------- Instantiating /home/travis/build/icyphy/ptII/ptolemy/actor/lib/test/auto/ExecEnvironment.xml
24 ms. Memory: 1368064K Free: 803399K (59%)
----------------- Invoking toplevel() on ptolemy.moml.MoMLSimpleApplication@3768ee99
----------------- Done invoking toplevel() on ptolemy.moml.MoMLSimpleApplication@3768ee99
reloadAllAccessors: .ExecEnvironment

===========================================================================================
----------------- testing Sun Feb 24 15:06:36 UTC 2019 /home/travis/build/icyphy/ptII/ptolemy/actor/lib/test/auto/ExecNonZeroReturnOutput.xml
----------------- Instantiating /home/travis/build/icyphy/ptII/ptolemy/actor/lib/test/auto/ExecNonZeroReturnOutput.xml
145 ms. Memory: 1368064K Free: 678572K (50%)
----------------- Invoking toplevel() on ptolemy.moml.MoMLSimpleApplication@53f36c5d
----------------- Done invoking toplevel() on ptolemy.moml.MoMLSimpleApplication@53f36c5d
reloadAllAccessors: .ExecNonZeroReturnOutput

===========================================================================================
----------------- testing Sun Feb 24 15:06:36 UTC 2019 /home/travis/build/icyphy/ptII/ptolemy/actor/lib/test/auto/ExecRunDemos.xml
----------------- Instantiating /home/travis/build/icyphy/ptII/ptolemy/actor/lib/test/auto/ExecRunDemos.xml
Finished: 34 ms. Memory: 116224K Free: 100560K (87%)

Finished: 55 ms. Memory: 116224K Free: 97677K (84%)

Finished: 86 ms. Memory: 116224K Free: 98218K (85%)

Finished: 36 ms. Memory: 116224K Free: 99544K (86%)

Finished: 34 ms. Memory: 116224K Free: 100576K (87%)

9231 ms. Memory: 1368064K Free: 570372K (42%)
----------------- Invoking toplevel() on ptolemy.moml.MoMLSimpleApplication@2ec25e07
----------------- Done invoking toplevel() on ptolemy.moml.MoMLSimpleApplication@2ec25e07
reloadAllAccessors: .ExecRunDemos

===========================================================================================
----------------- testing Sun Feb 24 15:06:46 UTC 2019 /home/travis/build/icyphy/ptII/ptolemy/actor/lib/test/auto/ExecStop.xml
----------------- Instantiating /home/travis/build/icyphy/ptII/ptolemy/actor/lib/test/auto/ExecStop.xml
5004 ms. Memory: 1368064K Free: 378972K (28%)
----------------- Invoking toplevel() on ptolemy.moml.MoMLSimpleApplication@608f19f2
----------------- Done invoking toplevel() on ptolemy.moml.MoMLSimpleApplication@608f19f2
reloadAllAccessors: .ExecStop

===========================================================================================
----------------- testing Sun Feb 24 15:06:51 UTC 2019 /home/travis/build/icyphy/ptII/ptolemy/actor/lib/test/auto/ExecutionTimeSDF.xml
----------------- Instantiating /home/travis/build/icyphy/ptII/ptolemy/actor/lib/test/auto/ExecutionTimeSDF.xml
Fired ExecutionTime: -749367296
Fired ExecutionTime: 989600000
Fired ExecutionTime: -770967296
6007 ms. Memory: 1368064K Free: 344686K (25%)
----------------- Invoking toplevel() on ptolemy.moml.MoMLSimpleApplication@23eddd95
----------------- Done invoking toplevel() on ptolemy.moml.MoMLSimpleApplication@23eddd95
reloadAllAccessors: .ExecutionTimeSDF

===========================================================================================
----------------- testing Sun Feb 24 15:06:57 UTC 2019 /home/travis/build/icyphy/ptII/ptolemy/actor/lib/test/auto/Expression1.xml
----------------- Instantiating /home/travis/build/icyphy/ptII/ptolemy/actor/lib/test/auto/Expression1.xml
2 ms. Memory: 1368064K Free: 328042K (24%)
----------------- Invoking toplevel() on ptolemy.moml.MoMLSimpleApplication@2dde5525
----------------- Done invoking toplevel() on ptolemy.moml.MoMLSimpleApplication@2dde5525
reloadAllAccessors: .Expression1

===========================================================================================
----------------- testing Sun Feb 24 15:06:57 UTC 2019 /home/travis/build/icyphy/ptII/ptolemy/actor/lib/test/auto/Expression10.xml
----------------- Instantiating /home/travis/build/icyphy/ptII/ptolemy/actor/lib/test/auto/Expression10.xml
6 ms. Memory: 1368064K Free: 311399K (23%)
----------------- Invoking toplevel() on ptolemy.moml.MoMLSimpleApplication@2b1d1349
----------------- Done invoking toplevel() on ptolemy.moml.MoMLSimpleApplication@2b1d1349
reloadAllAccessors: .Expression10

===========================================================================================
----------------- testing Sun Feb 24 15:06:57 UTC 2019 /home/travis/build/icyphy/ptII/ptolemy/actor/lib/test/auto/Expression11.xml
----------------- Instantiating /home/travis/build/icyphy/ptII/ptolemy/actor/lib/test/auto/Expression11.xml
2 ms. Memory: 1368064K Free: 294755K (22%)
----------------- Invoking toplevel() on ptolemy.moml.MoMLSimpleApplication@5829664d
----------------- Done invoking toplevel() on ptolemy.moml.MoMLSimpleApplication@5829664d
reloadAllAccessors: .Expression11

===========================================================================================
----------------- testing Sun Feb 24 15:06:57 UTC 2019 /home/travis/build/icyphy/ptII/ptolemy/actor/lib/test/auto/Expression12.xml
----------------- Instantiating /home/travis/build/icyphy/ptII/ptolemy/actor/lib/test/auto/Expression12.xml
3 ms. Memory: 1368064K Free: 268798K (20%)
----------------- Invoking toplevel() on ptolemy.moml.MoMLSimpleApplication@123c41d0
----------------- Done invoking toplevel() on ptolemy.moml.MoMLSimpleApplication@123c41d0
reloadAllAccessors: .Expression12

===========================================================================================
----------------- testing Sun Feb 24 15:06:57 UTC 2019 /home/travis/build/icyphy/ptII/ptolemy/actor/lib/test/auto/Expression13.xml
----------------- Instantiating /home/travis/build/icyphy/ptII/ptolemy/actor/lib/test/auto/Expression13.xml
3 ms. Memory: 1368064K Free: 252155K (18%)
----------------- Invoking toplevel() on ptolemy.moml.MoMLSimpleApplication@59bc0083
----------------- Done invoking toplevel() on ptolemy.moml.MoMLSimpleApplication@59bc0083
reloadAllAccessors: .Expression13

===========================================================================================
----------------- testing Sun Feb 24 15:06:57 UTC 2019 /home/travis/build/icyphy/ptII/ptolemy/actor/lib/test/auto/Expression14.xml
----------------- Instantiating /home/travis/build/icyphy/ptII/ptolemy/actor/lib/test/auto/Expression14.xml
4 ms. Memory: 1368064K Free: 235512K (17%)
----------------- Invoking toplevel() on ptolemy.moml.MoMLSimpleApplication@6c271aa1
----------------- Done invoking toplevel() on ptolemy.moml.MoMLSimpleApplication@6c271aa1
reloadAllAccessors: .Expression14

===========================================================================================
----------------- testing Sun Feb 24 15:06:57 UTC 2019 /home/travis/build/icyphy/ptII/ptolemy/actor/lib/test/auto/Expression15.xml
----------------- Instantiating /home/travis/build/icyphy/ptII/ptolemy/actor/lib/test/auto/Expression15.xml
1 ms. Memory: 1368064K Free: 218868K (16%)
----------------- Invoking toplevel() on ptolemy.moml.MoMLSimpleApplication@35e06126
----------------- Done invoking toplevel() on ptolemy.moml.MoMLSimpleApplication@35e06126
reloadAllAccessors: .Expression15

===========================================================================================
----------------- testing Sun Feb 24 15:06:57 UTC 2019 /home/travis/build/icyphy/ptII/ptolemy/actor/lib/test/auto/Expression16.xml
----------------- Instantiating /home/travis/build/icyphy/ptII/ptolemy/actor/lib/test/auto/Expression16.xml
3 ms. Memory: 1368064K Free: 192911K (14%)
----------------- Invoking toplevel() on ptolemy.moml.MoMLSimpleApplication@2b399024
----------------- Done invoking toplevel() on ptolemy.moml.MoMLSimpleApplication@2b399024
reloadAllAccessors: .Expression16

===========================================================================================
----------------- testing Sun Feb 24 15:06:57 UTC 2019 /home/travis/build/icyphy/ptII/ptolemy/actor/lib/test/auto/Expression17.xml
----------------- Instantiating /home/travis/build/icyphy/ptII/ptolemy/actor/lib/test/auto/Expression17.xml
4 ms. Memory: 1368064K Free: 176268K (13%)
----------------- Invoking toplevel() on ptolemy.moml.MoMLSimpleApplication@4496079
----------------- Done invoking toplevel() on ptolemy.moml.MoMLSimpleApplication@4496079
reloadAllAccessors: .Expression17

===========================================================================================
----------------- testing Sun Feb 24 15:06:57 UTC 2019 /home/travis/build/icyphy/ptII/ptolemy/actor/lib/test/auto/Expression18.xml
----------------- Instantiating /home/travis/build/icyphy/ptII/ptolemy/actor/lib/test/auto/Expression18.xml
3 ms. Memory: 1368064K Free: 159625K (12%)
----------------- Invoking toplevel() on ptolemy.moml.MoMLSimpleApplication@77df4c49
----------------- Done invoking toplevel() on ptolemy.moml.MoMLSimpleApplication@77df4c49
reloadAllAccessors: .Expression18

===========================================================================================
----------------- testing Sun Feb 24 15:06:57 UTC 2019 /home/travis/build/icyphy/ptII/ptolemy/actor/lib/test/auto/Expression2.xml
----------------- Instantiating /home/travis/build/icyphy/ptII/ptolemy/actor/lib/test/auto/Expression2.xml
5 ms. Memory: 1368064K Free: 142981K (10%)
----------------- Invoking toplevel() on ptolemy.moml.MoMLSimpleApplication@452ba03a
----------------- Done invoking toplevel() on ptolemy.moml.MoMLSimpleApplication@452ba03a
reloadAllAccessors: .Expression2

===========================================================================================
----------------- testing Sun Feb 24 15:06:57 UTC 2019 /home/travis/build/icyphy/ptII/ptolemy/actor/lib/test/auto/Expression3.xml
----------------- Instantiating /home/travis/build/icyphy/ptII/ptolemy/actor/lib/test/auto/Expression3.xml
4 ms. Memory: 1368064K Free: 117024K (9%)
----------------- Invoking toplevel() on ptolemy.moml.MoMLSimpleApplication@39d293b1
----------------- Done invoking toplevel() on ptolemy.moml.MoMLSimpleApplication@39d293b1
reloadAllAccessors: .Expression3

===========================================================================================
----------------- testing Sun Feb 24 15:06:57 UTC 2019 /home/travis/build/icyphy/ptII/ptolemy/actor/lib/test/auto/Expression4.xml
----------------- Instantiating /home/travis/build/icyphy/ptII/ptolemy/actor/lib/test/auto/Expression4.xml
6 ms. Memory: 1368064K Free: 100381K (7%)
----------------- Invoking toplevel() on ptolemy.moml.MoMLSimpleApplication@4df1dc11
----------------- Done invoking toplevel() on ptolemy.moml.MoMLSimpleApplication@4df1dc11
reloadAllAccessors: .Expression4

===========================================================================================
----------------- testing Sun Feb 24 15:06:57 UTC 2019 /home/travis/build/icyphy/ptII/ptolemy/actor/lib/test/auto/Expression5.xml
----------------- Instantiating /home/travis/build/icyphy/ptII/ptolemy/actor/lib/test/auto/Expression5.xml
5 ms. Memory: 1368064K Free: 83737K (6%)
----------------- Invoking toplevel() on ptolemy.moml.MoMLSimpleApplication@6acbf2e7
----------------- Done invoking toplevel() on ptolemy.moml.MoMLSimpleApplication@6acbf2e7
reloadAllAccessors: .Expression5

===========================================================================================
----------------- testing Sun Feb 24 15:06:57 UTC 2019 /home/travis/build/icyphy/ptII/ptolemy/actor/lib/test/auto/Expression6.xml
----------------- Instantiating /home/travis/build/icyphy/ptII/ptolemy/actor/lib/test/auto/Expression6.xml
5 ms. Memory: 1368576K Free: 1319777K (96%)
----------------- Invoking toplevel() on ptolemy.moml.MoMLSimpleApplication@12c033c5
----------------- Done invoking toplevel() on ptolemy.moml.MoMLSimpleApplication@12c033c5
reloadAllAccessors: .Expression6

===========================================================================================
----------------- testing Sun Feb 24 15:06:57 UTC 2019 /home/travis/build/icyphy/ptII/ptolemy/actor/lib/test/auto/Expression7.xml
----------------- Instantiating /home/travis/build/icyphy/ptII/ptolemy/actor/lib/test/auto/Expression7.xml
2 ms. Memory: 1368576K Free: 1300589K (95%)
----------------- Invoking toplevel() on ptolemy.moml.MoMLSimpleApplication@408d2602
----------------- Done invoking toplevel() on ptolemy.moml.MoMLSimpleApplication@408d2602
reloadAllAccessors: .Expression7

===========================================================================================
----------------- testing Sun Feb 24 15:06:57 UTC 2019 /home/travis/build/icyphy/ptII/ptolemy/actor/lib/test/auto/Expression8.xml
----------------- Instantiating /home/travis/build/icyphy/ptII/ptolemy/actor/lib/test/auto/Expression8.xml
8 ms. Memory: 1368576K Free: 1288107K (94%)
----------------- Invoking toplevel() on ptolemy.moml.MoMLSimpleApplication@34cd74c8
----------------- Done invoking toplevel() on ptolemy.moml.MoMLSimpleApplication@34cd74c8
reloadAllAccessors: .Expression8

===========================================================================================
----------------- testing Sun Feb 24 15:06:57 UTC 2019 /home/travis/build/icyphy/ptII/ptolemy/actor/lib/test/auto/Expression9.xml
----------------- Instantiating /home/travis/build/icyphy/ptII/ptolemy/actor/lib/test/auto/Expression9.xml
1 ms. Memory: 1368576K Free: 1268918K (93%)
----------------- Invoking toplevel() on ptolemy.moml.MoMLSimpleApplication@60e62f53
----------------- Done invoking toplevel() on ptolemy.moml.MoMLSimpleApplication@60e62f53
reloadAllAccessors: .Expression9

===========================================================================================
----------------- testing Sun Feb 24 15:06:57 UTC 2019 /home/travis/build/icyphy/ptII/ptolemy/actor/lib/test/auto/ExpressionConcatenateArrayType.xml
----------------- Instantiating /home/travis/build/icyphy/ptII/ptolemy/actor/lib/test/auto/ExpressionConcatenateArrayType.xml
2 ms. Memory: 1368576K Free: 1256436K (92%)
----------------- Invoking toplevel() on ptolemy.moml.MoMLSimpleApplication@63e345c0
----------------- Done invoking toplevel() on ptolemy.moml.MoMLSimpleApplication@63e345c0
reloadAllAccessors: .ExpressionConcatenateArrayType

===========================================================================================
----------------- testing Sun Feb 24 15:06:57 UTC 2019 /home/travis/build/icyphy/ptII/ptolemy/actor/lib/test/auto/ExpressionConcatenateArrayType2.xml
----------------- Instantiating /home/travis/build/icyphy/ptII/ptolemy/actor/lib/test/auto/ExpressionConcatenateArrayType2.xml
6 ms. Memory: 1368576K Free: 1243953K (91%)
----------------- Invoking toplevel() on ptolemy.moml.MoMLSimpleApplication@3063c391
----------------- Done invoking toplevel() on ptolemy.moml.MoMLSimpleApplication@3063c391
reloadAllAccessors: .ExpressionConcatenateArrayType2

===========================================================================================
----------------- testing Sun Feb 24 15:06:57 UTC 2019 /home/travis/build/icyphy/ptII/ptolemy/actor/lib/test/auto/ExpressionFix.xml
----------------- Instantiating /home/travis/build/icyphy/ptII/ptolemy/actor/lib/test/auto/ExpressionFix.xml
10 ms. Memory: 1368576K Free: 1224655K (89%)
----------------- Invoking toplevel() on ptolemy.moml.MoMLSimpleApplication@70179a
----------------- Done invoking toplevel() on ptolemy.moml.MoMLSimpleApplication@70179a
reloadAllAccessors: .ExpressionFix

===========================================================================================
----------------- testing Sun Feb 24 15:06:57 UTC 2019 /home/travis/build/icyphy/ptII/ptolemy/actor/lib/test/auto/ExpressionFix2.xml
----------------- Instantiating /home/travis/build/icyphy/ptII/ptolemy/actor/lib/test/auto/ExpressionFix2.xml
4 ms. Memory: 1368576K Free: 1204059K (88%)
----------------- Invoking toplevel() on ptolemy.moml.MoMLSimpleApplication@e1d68f5
----------------- Done invoking toplevel() on ptolemy.moml.MoMLSimpleApplication@e1d68f5
reloadAllAccessors: .ExpressionFix2

===========================================================================================
----------------- testing Sun Feb 24 15:06:57 UTC 2019 /home/travis/build/icyphy/ptII/ptolemy/actor/lib/test/auto/ExpressionFix3.xml
----------------- Instantiating /home/travis/build/icyphy/ptII/ptolemy/actor/lib/test/auto/ExpressionFix3.xml
3 ms. Memory: 1368576K Free: 1191576K (87%)
----------------- Invoking toplevel() on ptolemy.moml.MoMLSimpleApplication@210b0848
----------------- Done invoking toplevel() on ptolemy.moml.MoMLSimpleApplication@210b0848
reloadAllAccessors: .ExpressionFix3

===========================================================================================
----------------- testing Sun Feb 24 15:06:57 UTC 2019 /home/travis/build/icyphy/ptII/ptolemy/actor/lib/test/auto/FileWriter1.xml
----------------- Instantiating /home/travis/build/icyphy/ptII/ptolemy/actor/lib/test/auto/FileWriter1.xml
2 ms. Memory: 1368576K Free: 1172388K (86%)
----------------- Invoking toplevel() on ptolemy.moml.MoMLSimpleApplication@45fac7e
----------------- Done invoking toplevel() on ptolemy.moml.MoMLSimpleApplication@45fac7e
reloadAllAccessors: .FileWriter1

===========================================================================================
----------------- testing Sun Feb 24 15:06:57 UTC 2019 /home/travis/build/icyphy/ptII/ptolemy/actor/lib/test/auto/FileWriter2.xml
----------------- Instantiating /home/travis/build/icyphy/ptII/ptolemy/actor/lib/test/auto/FileWriter2.xml
2 ms. Memory: 1368576K Free: 1159906K (85%)
----------------- Invoking toplevel() on ptolemy.moml.MoMLSimpleApplication@3980cc32
----------------- Done invoking toplevel() on ptolemy.moml.MoMLSimpleApplication@3980cc32
reloadAllAccessors: .FileWriter2

===========================================================================================
----------------- testing Sun Feb 24 15:06:57 UTC 2019 /home/travis/build/icyphy/ptII/ptolemy/actor/lib/test/auto/FileWriter3.xml
----------------- Instantiating /home/travis/build/icyphy/ptII/ptolemy/actor/lib/test/auto/FileWriter3.xml
1 ms. Memory: 1368576K Free: 1147423K (84%)
----------------- Invoking toplevel() on ptolemy.moml.MoMLSimpleApplication@43361711
----------------- Done invoking toplevel() on ptolemy.moml.MoMLSimpleApplication@43361711
reloadAllAccessors: .FileWriter3

===========================================================================================
----------------- testing Sun Feb 24 15:06:57 UTC 2019 /home/travis/build/icyphy/ptII/ptolemy/actor/lib/test/auto/Gaussian.xml
----------------- Instantiating /home/travis/build/icyphy/ptII/ptolemy/actor/lib/test/auto/Gaussian.xml
2 ms. Memory: 1368576K Free: 1128235K (82%)
----------------- Invoking toplevel() on ptolemy.moml.MoMLSimpleApplication@70d55b50
----------------- Done invoking toplevel() on ptolemy.moml.MoMLSimpleApplication@70d55b50
reloadAllAccessors: .Gaussian

===========================================================================================
----------------- testing Sun Feb 24 15:06:57 UTC 2019 /home/travis/build/icyphy/ptII/ptolemy/actor/lib/test/auto/Gaussian1.xml
----------------- Instantiating /home/travis/build/icyphy/ptII/ptolemy/actor/lib/test/auto/Gaussian1.xml
6 ms. Memory: 1368576K Free: 1115752K (82%)
----------------- Invoking toplevel() on ptolemy.moml.MoMLSimpleApplication@455ad856
----------------- Done invoking toplevel() on ptolemy.moml.MoMLSimpleApplication@455ad856
reloadAllAccessors: .Gaussian1

===========================================================================================
----------------- testing Sun Feb 24 15:06:57 UTC 2019 /home/travis/build/icyphy/ptII/ptolemy/actor/lib/test/auto/Gaussian2.xml
----------------- Instantiating /home/travis/build/icyphy/ptII/ptolemy/actor/lib/test/auto/Gaussian2.xml
2 ms. Memory: 1368576K Free: 1103270K (81%)
----------------- Invoking toplevel() on ptolemy.moml.MoMLSimpleApplication@5820e094
----------------- Done invoking toplevel() on ptolemy.moml.MoMLSimpleApplication@5820e094
reloadAllAccessors: .Gaussian2

===========================================================================================
----------------- testing Sun Feb 24 15:06:57 UTC 2019 /home/travis/build/icyphy/ptII/ptolemy/actor/lib/test/auto/GradientAdaptiveLattice.xml
----------------- Instantiating /home/travis/build/icyphy/ptII/ptolemy/actor/lib/test/auto/GradientAdaptiveLattice.xml
2 ms. Memory: 1368576K Free: 1084081K (79%)
----------------- Invoking toplevel() on ptolemy.moml.MoMLSimpleApplication@453748ca
----------------- Done invoking toplevel() on ptolemy.moml.MoMLSimpleApplication@453748ca
reloadAllAccessors: .GradientAdaptiveLattice

===========================================================================================
----------------- testing Sun Feb 24 15:06:57 UTC 2019 /home/travis/build/icyphy/ptII/ptolemy/actor/lib/test/auto/IIR.xml
----------------- Instantiating /home/travis/build/icyphy/ptII/ptolemy/actor/lib/test/auto/IIR.xml
1 ms. Memory: 1368576K Free: 1071599K (78%)
----------------- Invoking toplevel() on ptolemy.moml.MoMLSimpleApplication@3a540d81
----------------- Done invoking toplevel() on ptolemy.moml.MoMLSimpleApplication@3a540d81
reloadAllAccessors: .IIR

===========================================================================================
----------------- testing Sun Feb 24 15:06:57 UTC 2019 /home/travis/build/icyphy/ptII/ptolemy/actor/lib/test/auto/InputOutputTransparentPorts.xml
----------------- Instantiating /home/travis/build/icyphy/ptII/ptolemy/actor/lib/test/auto/InputOutputTransparentPorts.xml
2 ms. Memory: 1368576K Free: 1052411K (77%)
----------------- Invoking toplevel() on ptolemy.moml.MoMLSimpleApplication@6427985d
----------------- Done invoking toplevel() on ptolemy.moml.MoMLSimpleApplication@6427985d
reloadAllAccessors: .InputOutputTransparentPorts

===========================================================================================
----------------- testing Sun Feb 24 15:06:57 UTC 2019 /home/travis/build/icyphy/ptII/ptolemy/actor/lib/test/auto/Interpolator.xml
----------------- Instantiating /home/travis/build/icyphy/ptII/ptolemy/actor/lib/test/auto/Interpolator.xml
4 ms. Memory: 1368576K Free: 1039928K (76%)
----------------- Invoking toplevel() on ptolemy.moml.MoMLSimpleApplication@4f657505
----------------- Done invoking toplevel() on ptolemy.moml.MoMLSimpleApplication@4f657505
reloadAllAccessors: .Interpolator

===========================================================================================
----------------- testing Sun Feb 24 15:06:57 UTC 2019 /home/travis/build/icyphy/ptII/ptolemy/actor/lib/test/auto/InterpolatorFiringLimitDE.xml
----------------- Instantiating /home/travis/build/icyphy/ptII/ptolemy/actor/lib/test/auto/InterpolatorFiringLimitDE.xml
2 ms. Memory: 1368576K Free: 1027445K (75%)
----------------- Invoking toplevel() on ptolemy.moml.MoMLSimpleApplication@a7326af
----------------- Done invoking toplevel() on ptolemy.moml.MoMLSimpleApplication@a7326af
reloadAllAccessors: .InterpolatorFiringLimitDE

===========================================================================================
----------------- testing Sun Feb 24 15:06:58 UTC 2019 /home/travis/build/icyphy/ptII/ptolemy/actor/lib/test/auto/Lattice.xml
----------------- Instantiating /home/travis/build/icyphy/ptII/ptolemy/actor/lib/test/auto/Lattice.xml
1 ms. Memory: 1368576K Free: 1008257K (74%)
----------------- Invoking toplevel() on ptolemy.moml.MoMLSimpleApplication@3a8daff4
----------------- Done invoking toplevel() on ptolemy.moml.MoMLSimpleApplication@3a8daff4
reloadAllAccessors: .Lattice

===========================================================================================
----------------- testing Sun Feb 24 15:06:58 UTC 2019 /home/travis/build/icyphy/ptII/ptolemy/actor/lib/test/auto/LazyAOCTestLazy.xml
----------------- Instantiating /home/travis/build/icyphy/ptII/ptolemy/actor/lib/test/auto/LazyAOCTestLazy.xml
12 ms. Memory: 1368576K Free: 995775K (73%)
----------------- Invoking toplevel() on ptolemy.moml.MoMLSimpleApplication@443b7ef
----------------- Done invoking toplevel() on ptolemy.moml.MoMLSimpleApplication@443b7ef
reloadAllAccessors: .LazyAOCTestLazy

===========================================================================================
----------------- testing Sun Feb 24 15:06:58 UTC 2019 /home/travis/build/icyphy/ptII/ptolemy/actor/lib/test/auto/LazyAOCTestNonLazy.xml
----------------- Instantiating /home/travis/build/icyphy/ptII/ptolemy/actor/lib/test/auto/LazyAOCTestNonLazy.xml
10 ms. Memory: 1368576K Free: 983292K (72%)
----------------- Invoking toplevel() on ptolemy.moml.MoMLSimpleApplication@147ef4be
----------------- Done invoking toplevel() on ptolemy.moml.MoMLSimpleApplication@147ef4be
reloadAllAccessors: .LazyAOCTestNonLazy

===========================================================================================
----------------- testing Sun Feb 24 15:06:58 UTC 2019 /home/travis/build/icyphy/ptII/ptolemy/actor/lib/test/auto/LazyInnerClass.xml
----------------- Instantiating /home/travis/build/icyphy/ptII/ptolemy/actor/lib/test/auto/LazyInnerClass.xml
18 ms. Memory: 1368576K Free: 964104K (70%)
----------------- Invoking toplevel() on ptolemy.moml.MoMLSimpleApplication@1d087adf
----------------- Done invoking toplevel() on ptolemy.moml.MoMLSimpleApplication@1d087adf
reloadAllAccessors: .LazyInnerClass

===========================================================================================
----------------- testing Sun Feb 24 15:06:58 UTC 2019 /home/travis/build/icyphy/ptII/ptolemy/actor/lib/test/auto/LazyPubSub.xml
----------------- Instantiating /home/travis/build/icyphy/ptII/ptolemy/actor/lib/test/auto/LazyPubSub.xml
24 ms. Memory: 1368576K Free: 951621K (70%)
----------------- Invoking toplevel() on ptolemy.moml.MoMLSimpleApplication@60e4177d
----------------- Done invoking toplevel() on ptolemy.moml.MoMLSimpleApplication@60e4177d
reloadAllAccessors: .LazyPubSub

===========================================================================================
----------------- testing Sun Feb 24 15:06:58 UTC 2019 /home/travis/build/icyphy/ptII/ptolemy/actor/lib/test/auto/LazyPubSub2.xml
----------------- Instantiating /home/travis/build/icyphy/ptII/ptolemy/actor/lib/test/auto/LazyPubSub2.xml
23 ms. Memory: 1368576K Free: 939139K (69%)
----------------- Invoking toplevel() on ptolemy.moml.MoMLSimpleApplication@1f717003
----------------- Done invoking toplevel() on ptolemy.moml.MoMLSimpleApplication@1f717003
reloadAllAccessors: .LazyPubSub2

===========================================================================================
----------------- testing Sun Feb 24 15:06:58 UTC 2019 /home/travis/build/icyphy/ptII/ptolemy/actor/lib/test/auto/LazyPubSub3.xml
----------------- Instantiating /home/travis/build/icyphy/ptII/ptolemy/actor/lib/test/auto/LazyPubSub3.xml
17 ms. Memory: 1368576K Free: 919950K (67%)
----------------- Invoking toplevel() on ptolemy.moml.MoMLSimpleApplication@16509e
----------------- Done invoking toplevel() on ptolemy.moml.MoMLSimpleApplication@16509e
reloadAllAccessors: .LazyPubSub3

===========================================================================================
----------------- testing Sun Feb 24 15:06:58 UTC 2019 /home/travis/build/icyphy/ptII/ptolemy/actor/lib/test/auto/LazySubClassModel.xml
----------------- Instantiating /home/travis/build/icyphy/ptII/ptolemy/actor/lib/test/auto/LazySubClassModel.xml
4 ms. Memory: 1368576K Free: 901218K (66%)
----------------- Invoking toplevel() on ptolemy.moml.MoMLSimpleApplication@c439c8e
----------------- Done invoking toplevel() on ptolemy.moml.MoMLSimpleApplication@c439c8e
reloadAllAccessors: .LazySubClassModel

===========================================================================================
----------------- testing Sun Feb 24 15:06:58 UTC 2019 /home/travis/build/icyphy/ptII/ptolemy/actor/lib/test/auto/LevelCrossTest1.xml
----------------- Instantiating /home/travis/build/icyphy/ptII/ptolemy/actor/lib/test/auto/LevelCrossTest1.xml
1 ms. Memory: 1368576K Free: 882030K (64%)
----------------- Invoking toplevel() on ptolemy.moml.MoMLSimpleApplication@3ff88590
----------------- Done invoking toplevel() on ptolemy.moml.MoMLSimpleApplication@3ff88590
reloadAllAccessors: .broken

===========================================================================================
----------------- testing Sun Feb 24 15:06:58 UTC 2019 /home/travis/build/icyphy/ptII/ptolemy/actor/lib/test/auto/LevelCrossTest10.xml
----------------- Instantiating /home/travis/build/icyphy/ptII/ptolemy/actor/lib/test/auto/LevelCrossTest10.xml
1 ms. Memory: 1368576K Free: 869547K (64%)
----------------- Invoking toplevel() on ptolemy.moml.MoMLSimpleApplication@2797836c
----------------- Done invoking toplevel() on ptolemy.moml.MoMLSimpleApplication@2797836c
reloadAllAccessors: .LevelCrossTest10

===========================================================================================
----------------- testing Sun Feb 24 15:06:58 UTC 2019 /home/travis/build/icyphy/ptII/ptolemy/actor/lib/test/auto/LevelCrossTest11.xml
----------------- Instantiating /home/travis/build/icyphy/ptII/ptolemy/actor/lib/test/auto/LevelCrossTest11.xml
1 ms. Memory: 1368576K Free: 857065K (63%)
----------------- Invoking toplevel() on ptolemy.moml.MoMLSimpleApplication@47462ead
----------------- Done invoking toplevel() on ptolemy.moml.MoMLSimpleApplication@47462ead
reloadAllAccessors: .LevelCrossTest11

===========================================================================================
----------------- testing Sun Feb 24 15:06:58 UTC 2019 /home/travis/build/icyphy/ptII/ptolemy/actor/lib/test/auto/LevelCrossTest12.xml
----------------- Instantiating /home/travis/build/icyphy/ptII/ptolemy/actor/lib/test/auto/LevelCrossTest12.xml
1 ms. Memory: 1368576K Free: 837876K (61%)
----------------- Invoking toplevel() on ptolemy.moml.MoMLSimpleApplication@7aa06080
----------------- Done invoking toplevel() on ptolemy.moml.MoMLSimpleApplication@7aa06080
reloadAllAccessors: .LevelCrossTest12

===========================================================================================
----------------- testing Sun Feb 24 15:06:58 UTC 2019 /home/travis/build/icyphy/ptII/ptolemy/actor/lib/test/auto/LevelCrossTest13.xml
----------------- Instantiating /home/travis/build/icyphy/ptII/ptolemy/actor/lib/test/auto/LevelCrossTest13.xml
1 ms. Memory: 1368576K Free: 825394K (60%)
----------------- Invoking toplevel() on ptolemy.moml.MoMLSimpleApplication@7df162
----------------- Done invoking toplevel() on ptolemy.moml.MoMLSimpleApplication@7df162
reloadAllAccessors: .LevelCrossTest13

===========================================================================================
----------------- testing Sun Feb 24 15:06:58 UTC 2019 /home/travis/build/icyphy/ptII/ptolemy/actor/lib/test/auto/LevelCrossTest2.xml
----------------- Instantiating /home/travis/build/icyphy/ptII/ptolemy/actor/lib/test/auto/LevelCrossTest2.xml
1 ms. Memory: 1368576K Free: 812911K (59%)
----------------- Invoking toplevel() on ptolemy.moml.MoMLSimpleApplication@197de2be
----------------- Done invoking toplevel() on ptolemy.moml.MoMLSimpleApplication@197de2be
reloadAllAccessors: .broken

===========================================================================================
----------------- testing Sun Feb 24 15:06:58 UTC 2019 /home/travis/build/icyphy/ptII/ptolemy/actor/lib/test/auto/LevelCrossTest3.xml
----------------- Instantiating /home/travis/build/icyphy/ptII/ptolemy/actor/lib/test/auto/LevelCrossTest3.xml
1 ms. Memory: 1368576K Free: 793723K (58%)
----------------- Invoking toplevel() on ptolemy.moml.MoMLSimpleApplication@13ae6a12
----------------- Done invoking toplevel() on ptolemy.moml.MoMLSimpleApplication@13ae6a12
reloadAllAccessors: .LevelCrossTest3

===========================================================================================
----------------- testing Sun Feb 24 15:06:58 UTC 2019 /home/travis/build/icyphy/ptII/ptolemy/actor/lib/test/auto/LevelCrossTest4.xml
----------------- Instantiating /home/travis/build/icyphy/ptII/ptolemy/actor/lib/test/auto/LevelCrossTest4.xml
2 ms. Memory: 1368576K Free: 781240K (57%)
----------------- Invoking toplevel() on ptolemy.moml.MoMLSimpleApplication@5b74dcbf
----------------- Done invoking toplevel() on ptolemy.moml.MoMLSimpleApplication@5b74dcbf
reloadAllAccessors: .broken

===========================================================================================
----------------- testing Sun Feb 24 15:06:58 UTC 2019 /home/travis/build/icyphy/ptII/ptolemy/actor/lib/test/auto/LevelCrossTest5.xml
----------------- Instantiating /home/travis/build/icyphy/ptII/ptolemy/actor/lib/test/auto/LevelCrossTest5.xml
4 ms. Memory: 1368576K Free: 768758K (56%)
----------------- Invoking toplevel() on ptolemy.moml.MoMLSimpleApplication@75a5878f
----------------- Done invoking toplevel() on ptolemy.moml.MoMLSimpleApplication@75a5878f
reloadAllAccessors: .LevelCrossTest5

===========================================================================================
----------------- testing Sun Feb 24 15:06:58 UTC 2019 /home/travis/build/icyphy/ptII/ptolemy/actor/lib/test/auto/LevelCrossTest6.xml
----------------- Instantiating /home/travis/build/icyphy/ptII/ptolemy/actor/lib/test/auto/LevelCrossTest6.xml
1 ms. Memory: 1368576K Free: 749570K (55%)
----------------- Invoking toplevel() on ptolemy.moml.MoMLSimpleApplication@613cdc9f
----------------- Done invoking toplevel() on ptolemy.moml.MoMLSimpleApplication@613cdc9f
reloadAllAccessors: .LevelCrossTest6

===========================================================================================
----------------- testing Sun Feb 24 15:06:58 UTC 2019 /home/travis/build/icyphy/ptII/ptolemy/actor/lib/test/auto/LevelCrossTest7.xml
----------------- Instantiating /home/travis/build/icyphy/ptII/ptolemy/actor/lib/test/auto/LevelCrossTest7.xml
7 ms. Memory: 1368576K Free: 737087K (54%)
----------------- Invoking toplevel() on ptolemy.moml.MoMLSimpleApplication@cac8656
----------------- Done invoking toplevel() on ptolemy.moml.MoMLSimpleApplication@cac8656
reloadAllAccessors: .LevelCrossTest7

===========================================================================================
----------------- testing Sun Feb 24 15:06:58 UTC 2019 /home/travis/build/icyphy/ptII/ptolemy/actor/lib/test/auto/LevelCrossTest8.xml
----------------- Instantiating /home/travis/build/icyphy/ptII/ptolemy/actor/lib/test/auto/LevelCrossTest8.xml
2 ms. Memory: 1368576K Free: 724604K (53%)
----------------- Invoking toplevel() on ptolemy.moml.MoMLSimpleApplication@2526d68f
----------------- Done invoking toplevel() on ptolemy.moml.MoMLSimpleApplication@2526d68f
reloadAllAccessors: .LevelCrossTest8

===========================================================================================
----------------- testing Sun Feb 24 15:06:58 UTC 2019 /home/travis/build/icyphy/ptII/ptolemy/actor/lib/test/auto/LevelCrossTest9.xml
----------------- Instantiating /home/travis/build/icyphy/ptII/ptolemy/actor/lib/test/auto/LevelCrossTest9.xml
1 ms. Memory: 1368576K Free: 705416K (52%)
----------------- Invoking toplevel() on ptolemy.moml.MoMLSimpleApplication@5f2d2f62
----------------- Done invoking toplevel() on ptolemy.moml.MoMLSimpleApplication@5f2d2f62
reloadAllAccessors: .LevelCrossTest9

===========================================================================================
----------------- testing Sun Feb 24 15:06:58 UTC 2019 /home/travis/build/icyphy/ptII/ptolemy/actor/lib/test/auto/LevinsonDurbin.xml
----------------- Instantiating /home/travis/build/icyphy/ptII/ptolemy/actor/lib/test/auto/LevinsonDurbin.xml
2 ms. Memory: 1368576K Free: 692934K (51%)
----------------- Invoking toplevel() on ptolemy.moml.MoMLSimpleApplication@1ef85063
----------------- Done invoking toplevel() on ptolemy.moml.MoMLSimpleApplication@1ef85063
reloadAllAccessors: .LevinsonDurbin

===========================================================================================
----------------- testing Sun Feb 24 15:06:58 UTC 2019 /home/travis/build/icyphy/ptII/ptolemy/actor/lib/test/auto/LevinsonDurbin2.xml
----------------- Instantiating /home/travis/build/icyphy/ptII/ptolemy/actor/lib/test/auto/LevinsonDurbin2.xml
1 ms. Memory: 1368576K Free: 673745K (49%)
----------------- Invoking toplevel() on ptolemy.moml.MoMLSimpleApplication@73ac4b79
----------------- Done invoking toplevel() on ptolemy.moml.MoMLSimpleApplication@73ac4b79
reloadAllAccessors: .LevinsonDurbin2

===========================================================================================
----------------- testing Sun Feb 24 15:06:58 UTC 2019 /home/travis/build/icyphy/ptII/ptolemy/actor/lib/test/auto/LevinsonDurbin3.xml
----------------- Instantiating /home/travis/build/icyphy/ptII/ptolemy/actor/lib/test/auto/LevinsonDurbin3.xml
2 ms. Memory: 1368576K Free: 661263K (48%)
----------------- Invoking toplevel() on ptolemy.moml.MoMLSimpleApplication@66e03779
----------------- Done invoking toplevel() on ptolemy.moml.MoMLSimpleApplication@66e03779
reloadAllAccessors: .LevinsonDurbin3

===========================================================================================
----------------- testing Sun Feb 24 15:06:58 UTC 2019 /home/travis/build/icyphy/ptII/ptolemy/actor/lib/test/auto/Limiter.xml
----------------- Instantiating /home/travis/build/icyphy/ptII/ptolemy/actor/lib/test/auto/Limiter.xml
3 ms. Memory: 1368576K Free: 648780K (47%)
----------------- Invoking toplevel() on ptolemy.moml.MoMLSimpleApplication@36396b8b
----------------- Done invoking toplevel() on ptolemy.moml.MoMLSimpleApplication@36396b8b
reloadAllAccessors: .Limiter

===========================================================================================
----------------- testing Sun Feb 24 15:06:58 UTC 2019 /home/travis/build/icyphy/ptII/ptolemy/actor/lib/test/auto/LinearDifferenceEquationSystem.xml
----------------- Instantiating /home/travis/build/icyphy/ptII/ptolemy/actor/lib/test/auto/LinearDifferenceEquationSystem.xml
4 ms. Memory: 1368576K Free: 629592K (46%)
----------------- Invoking toplevel() on ptolemy.moml.MoMLSimpleApplication@20e67fb7
----------------- Done invoking toplevel() on ptolemy.moml.MoMLSimpleApplication@20e67fb7
reloadAllAccessors: .LinearDifferenceEquationSystem

===========================================================================================
----------------- testing Sun Feb 24 15:06:58 UTC 2019 /home/travis/build/icyphy/ptII/ptolemy/actor/lib/test/auto/LookupTable.xml
----------------- Instantiating /home/travis/build/icyphy/ptII/ptolemy/actor/lib/test/auto/LookupTable.xml
1 ms. Memory: 1368576K Free: 617109K (45%)
----------------- Invoking toplevel() on ptolemy.moml.MoMLSimpleApplication@15c9fe68
----------------- Done invoking toplevel() on ptolemy.moml.MoMLSimpleApplication@15c9fe68
reloadAllAccessors: .LookupTable

===========================================================================================
----------------- testing Sun Feb 24 15:06:58 UTC 2019 /home/travis/build/icyphy/ptII/ptolemy/actor/lib/test/auto/MathFunction.xml
----------------- Instantiating /home/travis/build/icyphy/ptII/ptolemy/actor/lib/test/auto/MathFunction.xml
2 ms. Memory: 1368576K Free: 604627K (44%)
----------------- Invoking toplevel() on ptolemy.moml.MoMLSimpleApplication@35e8b95
----------------- Done invoking toplevel() on ptolemy.moml.MoMLSimpleApplication@35e8b95
reloadAllAccessors: .MathFunction

===========================================================================================
----------------- testing Sun Feb 24 15:06:58 UTC 2019 /home/travis/build/icyphy/ptII/ptolemy/actor/lib/test/auto/MathFunction2.xml
----------------- Instantiating /home/travis/build/icyphy/ptII/ptolemy/actor/lib/test/auto/MathFunction2.xml
2 ms. Memory: 1368576K Free: 585438K (43%)
----------------- Invoking toplevel() on ptolemy.moml.MoMLSimpleApplication@54f3f5b7
----------------- Done invoking toplevel() on ptolemy.moml.MoMLSimpleApplication@54f3f5b7
reloadAllAccessors: .MathFunction2

===========================================================================================
----------------- testing Sun Feb 24 15:06:58 UTC 2019 /home/travis/build/icyphy/ptII/ptolemy/actor/lib/test/auto/MathFunction3.xml
----------------- Instantiating /home/travis/build/icyphy/ptII/ptolemy/actor/lib/test/auto/MathFunction3.xml
5 ms. Memory: 1368576K Free: 572956K (42%)
----------------- Invoking toplevel() on ptolemy.moml.MoMLSimpleApplication@676d351c
----------------- Done invoking toplevel() on ptolemy.moml.MoMLSimpleApplication@676d351c
reloadAllAccessors: .MathFunction3

===========================================================================================
----------------- testing Sun Feb 24 15:06:58 UTC 2019 /home/travis/build/icyphy/ptII/ptolemy/actor/lib/test/auto/MatrixCropBoolean.xml
----------------- Instantiating /home/travis/build/icyphy/ptII/ptolemy/actor/lib/test/auto/MatrixCropBoolean.xml
2 ms. Memory: 1368576K Free: 560473K (41%)
----------------- Invoking toplevel() on ptolemy.moml.MoMLSimpleApplication@290247bf
----------------- Done invoking toplevel() on ptolemy.moml.MoMLSimpleApplication@290247bf
reloadAllAccessors: .MatrixCropBoolean

===========================================================================================
----------------- testing Sun Feb 24 15:06:58 UTC 2019 /home/travis/build/icyphy/ptII/ptolemy/actor/lib/test/auto/MatrixCropComplex.xml
----------------- Instantiating /home/travis/build/icyphy/ptII/ptolemy/actor/lib/test/auto/MatrixCropComplex.xml
1 ms. Memory: 1368576K Free: 541285K (40%)
----------------- Invoking toplevel() on ptolemy.moml.MoMLSimpleApplication@193149c6
----------------- Done invoking toplevel() on ptolemy.moml.MoMLSimpleApplication@193149c6
reloadAllAccessors: .MatrixCropComplex

===========================================================================================
----------------- testing Sun Feb 24 15:06:58 UTC 2019 /home/travis/build/icyphy/ptII/ptolemy/actor/lib/test/auto/MatrixCropDouble.xml
----------------- Instantiating /home/travis/build/icyphy/ptII/ptolemy/actor/lib/test/auto/MatrixCropDouble.xml
2 ms. Memory: 1368576K Free: 528802K (39%)
----------------- Invoking toplevel() on ptolemy.moml.MoMLSimpleApplication@7b761019
----------------- Done invoking toplevel() on ptolemy.moml.MoMLSimpleApplication@7b761019
reloadAllAccessors: .MatrixCropDouble

===========================================================================================
----------------- testing Sun Feb 24 15:06:58 UTC 2019 /home/travis/build/icyphy/ptII/ptolemy/actor/lib/test/auto/MatrixCropFix.xml
----------------- Instantiating /home/travis/build/icyphy/ptII/ptolemy/actor/lib/test/auto/MatrixCropFix.xml
2 ms. Memory: 1368576K Free: 509614K (37%)
----------------- Invoking toplevel() on ptolemy.moml.MoMLSimpleApplication@454964b8
----------------- Done invoking toplevel() on ptolemy.moml.MoMLSimpleApplication@454964b8
reloadAllAccessors: .MatrixCropFix

===========================================================================================
----------------- testing Sun Feb 24 15:06:58 UTC 2019 /home/travis/build/icyphy/ptII/ptolemy/actor/lib/test/auto/MatrixCropInt.xml
----------------- Instantiating /home/travis/build/icyphy/ptII/ptolemy/actor/lib/test/auto/MatrixCropInt.xml
1 ms. Memory: 1368576K Free: 497131K (36%)
----------------- Invoking toplevel() on ptolemy.moml.MoMLSimpleApplication@412445b9
----------------- Done invoking toplevel() on ptolemy.moml.MoMLSimpleApplication@412445b9
reloadAllAccessors: .MatrixCropInt

===========================================================================================
----------------- testing Sun Feb 24 15:06:58 UTC 2019 /home/travis/build/icyphy/ptII/ptolemy/actor/lib/test/auto/MatrixCropLong.xml
----------------- Instantiating /home/travis/build/icyphy/ptII/ptolemy/actor/lib/test/auto/MatrixCropLong.xml
2 ms. Memory: 1368576K Free: 484649K (35%)
----------------- Invoking toplevel() on ptolemy.moml.MoMLSimpleApplication@36cf1455
----------------- Done invoking toplevel() on ptolemy.moml.MoMLSimpleApplication@36cf1455
reloadAllAccessors: .MatrixCropLong

===========================================================================================
----------------- testing Sun Feb 24 15:06:58 UTC 2019 /home/travis/build/icyphy/ptII/ptolemy/actor/lib/test/auto/MatrixToArray.xml
----------------- Instantiating /home/travis/build/icyphy/ptII/ptolemy/actor/lib/test/auto/MatrixToArray.xml
6 ms. Memory: 1368576K Free: 452946K (33%)
----------------- Invoking toplevel() on ptolemy.moml.MoMLSimpleApplication@785048f2
----------------- Done invoking toplevel() on ptolemy.moml.MoMLSimpleApplication@785048f2
reloadAllAccessors: .MatrixToArray

===========================================================================================
----------------- testing Sun Feb 24 15:06:58 UTC 2019 /home/travis/build/icyphy/ptII/ptolemy/actor/lib/test/auto/MaxIndex.xml
----------------- Instantiating /home/travis/build/icyphy/ptII/ptolemy/actor/lib/test/auto/MaxIndex.xml
2 ms. Memory: 1368576K Free: 440464K (32%)
----------------- Invoking toplevel() on ptolemy.moml.MoMLSimpleApplication@67dca819
----------------- Done invoking toplevel() on ptolemy.moml.MoMLSimpleApplication@67dca819
reloadAllAccessors: .MaxIndex

===========================================================================================
----------------- testing Sun Feb 24 15:06:58 UTC 2019 /home/travis/build/icyphy/ptII/ptolemy/actor/lib/test/auto/Maximum.xml
----------------- Instantiating /home/travis/build/icyphy/ptII/ptolemy/actor/lib/test/auto/Maximum.xml
7 ms. Memory: 1368576K Free: 427981K (31%)
----------------- Invoking toplevel() on ptolemy.moml.MoMLSimpleApplication@31d436d8
----------------- Done invoking toplevel() on ptolemy.moml.MoMLSimpleApplication@31d436d8
reloadAllAccessors: .Maximum

===========================================================================================
----------------- testing Sun Feb 24 15:06:58 UTC 2019 /home/travis/build/icyphy/ptII/ptolemy/actor/lib/test/auto/MaximumComplex.xml
----------------- Instantiating /home/travis/build/icyphy/ptII/ptolemy/actor/lib/test/auto/MaximumComplex.xml
6 ms. Memory: 1368576K Free: 408793K (30%)
----------------- Invoking toplevel() on ptolemy.moml.MoMLSimpleApplication@4fb2f6fa
----------------- Done invoking toplevel() on ptolemy.moml.MoMLSimpleApplication@4fb2f6fa
reloadAllAccessors: .MaximumComplex

===========================================================================================
----------------- testing Sun Feb 24 15:06:58 UTC 2019 /home/travis/build/icyphy/ptII/ptolemy/actor/lib/test/auto/MethodCallTest.xml
----------------- Instantiating /home/travis/build/icyphy/ptII/ptolemy/actor/lib/test/auto/MethodCallTest.xml
2 ms. Memory: 1368576K Free: 396310K (29%)
----------------- Invoking toplevel() on ptolemy.moml.MoMLSimpleApplication@a6629b0
----------------- Done invoking toplevel() on ptolemy.moml.MoMLSimpleApplication@a6629b0
reloadAllAccessors: .MethodCallTest

===========================================================================================
----------------- testing Sun Feb 24 15:06:59 UTC 2019 /home/travis/build/icyphy/ptII/ptolemy/actor/lib/test/auto/Minimum.xml
----------------- Instantiating /home/travis/build/icyphy/ptII/ptolemy/actor/lib/test/auto/Minimum.xml
3 ms. Memory: 1368576K Free: 377122K (28%)
----------------- Invoking toplevel() on ptolemy.moml.MoMLSimpleApplication@1072bedc
----------------- Done invoking toplevel() on ptolemy.moml.MoMLSimpleApplication@1072bedc
reloadAllAccessors: .Minimum

===========================================================================================
----------------- testing Sun Feb 24 15:06:59 UTC 2019 /home/travis/build/icyphy/ptII/ptolemy/actor/lib/test/auto/MinimumComplex.xml
----------------- Instantiating /home/travis/build/icyphy/ptII/ptolemy/actor/lib/test/auto/MinimumComplex.xml
2 ms. Memory: 1368576K Free: 364640K (27%)
----------------- Invoking toplevel() on ptolemy.moml.MoMLSimpleApplication@4033425b
----------------- Done invoking toplevel() on ptolemy.moml.MoMLSimpleApplication@4033425b
reloadAllAccessors: .MinimumComplex

===========================================================================================
----------------- testing Sun Feb 24 15:06:59 UTC 2019 /home/travis/build/icyphy/ptII/ptolemy/actor/lib/test/auto/MinimumMultiports.xml
----------------- Instantiating /home/travis/build/icyphy/ptII/ptolemy/actor/lib/test/auto/MinimumMultiports.xml
4 ms. Memory: 1368576K Free: 352157K (26%)
----------------- Invoking toplevel() on ptolemy.moml.MoMLSimpleApplication@281fbf13
----------------- Done invoking toplevel() on ptolemy.moml.MoMLSimpleApplication@281fbf13
reloadAllAccessors: .MinimumMultiports

===========================================================================================
----------------- testing Sun Feb 24 15:06:59 UTC 2019 /home/travis/build/icyphy/ptII/ptolemy/actor/lib/test/auto/ModifyDate.xml
----------------- Instantiating /home/travis/build/icyphy/ptII/ptolemy/actor/lib/test/auto/ModifyDate.xml
8 ms. Memory: 1368576K Free: 326720K (24%)
----------------- Invoking toplevel() on ptolemy.moml.MoMLSimpleApplication@42134721
----------------- Done invoking toplevel() on ptolemy.moml.MoMLSimpleApplication@42134721
reloadAllAccessors: .ModifyDate

===========================================================================================
----------------- testing Sun Feb 24 15:06:59 UTC 2019 /home/travis/build/icyphy/ptII/ptolemy/actor/lib/test/auto/ModifyDate2.xml
----------------- Instantiating /home/travis/build/icyphy/ptII/ptolemy/actor/lib/test/auto/ModifyDate2.xml
3 ms. Memory: 1368576K Free: 307995K (23%)
----------------- Invoking toplevel() on ptolemy.moml.MoMLSimpleApplication@5d6520ff
----------------- Done invoking toplevel() on ptolemy.moml.MoMLSimpleApplication@5d6520ff
reloadAllAccessors: .ModifyDate2

===========================================================================================
----------------- testing Sun Feb 24 15:06:59 UTC 2019 /home/travis/build/icyphy/ptII/ptolemy/actor/lib/test/auto/MovingAverage.xml
----------------- Instantiating /home/travis/build/icyphy/ptII/ptolemy/actor/lib/test/auto/MovingAverage.xml
2 ms. Memory: 1368576K Free: 295513K (22%)
----------------- Invoking toplevel() on ptolemy.moml.MoMLSimpleApplication@69b39e48
----------------- Done invoking toplevel() on ptolemy.moml.MoMLSimpleApplication@69b39e48
reloadAllAccessors: .MovingAverage

===========================================================================================
----------------- testing Sun Feb 24 15:06:59 UTC 2019 /home/travis/build/icyphy/ptII/ptolemy/actor/lib/test/auto/MovingMaximum.xml
----------------- Instantiating /home/travis/build/icyphy/ptII/ptolemy/actor/lib/test/auto/MovingMaximum.xml
1 ms. Memory: 1368576K Free: 276324K (20%)
----------------- Invoking toplevel() on ptolemy.moml.MoMLSimpleApplication@2b11db07
----------------- Done invoking toplevel() on ptolemy.moml.MoMLSimpleApplication@2b11db07
reloadAllAccessors: .MovingMaximum

===========================================================================================
----------------- testing Sun Feb 24 15:06:59 UTC 2019 /home/travis/build/icyphy/ptII/ptolemy/actor/lib/test/auto/MultipleLinksToSameRelation.xml
----------------- Instantiating /home/travis/build/icyphy/ptII/ptolemy/actor/lib/test/auto/MultipleLinksToSameRelation.xml
2 ms. Memory: 1368576K Free: 263842K (19%)
----------------- Invoking toplevel() on ptolemy.moml.MoMLSimpleApplication@265b0cec
----------------- Done invoking toplevel() on ptolemy.moml.MoMLSimpleApplication@265b0cec
reloadAllAccessors: .MultipleLinksToSameRelation

===========================================================================================
----------------- testing Sun Feb 24 15:06:59 UTC 2019 /home/travis/build/icyphy/ptII/ptolemy/actor/lib/test/auto/MultipleLinksToSameRelationDE.xml
----------------- Instantiating /home/travis/build/icyphy/ptII/ptolemy/actor/lib/test/auto/MultipleLinksToSameRelationDE.xml
5 ms. Memory: 1368576K Free: 251359K (18%)
----------------- Invoking toplevel() on ptolemy.moml.MoMLSimpleApplication@b9a2872
----------------- Done invoking toplevel() on ptolemy.moml.MoMLSimpleApplication@b9a2872
reloadAllAccessors: .MultipleLinksToSameRelationDE

===========================================================================================
----------------- testing Sun Feb 24 15:06:59 UTC 2019 /home/travis/build/icyphy/ptII/ptolemy/actor/lib/test/auto/Multiplexor.xml
----------------- Instantiating /home/travis/build/icyphy/ptII/ptolemy/actor/lib/test/auto/Multiplexor.xml
3 ms. Memory: 1368576K Free: 232171K (17%)
----------------- Invoking toplevel() on ptolemy.moml.MoMLSimpleApplication@4b57918c
----------------- Done invoking toplevel() on ptolemy.moml.MoMLSimpleApplication@4b57918c
reloadAllAccessors: .Multiplexor

===========================================================================================
----------------- testing Sun Feb 24 15:06:59 UTC 2019 /home/travis/build/icyphy/ptII/ptolemy/actor/lib/test/auto/Multiplexor1.xml
----------------- Instantiating /home/travis/build/icyphy/ptII/ptolemy/actor/lib/test/auto/Multiplexor1.xml
2 ms. Memory: 1368576K Free: 219689K (16%)
----------------- Invoking toplevel() on ptolemy.moml.MoMLSimpleApplication@38133f9b
----------------- Done invoking toplevel() on ptolemy.moml.MoMLSimpleApplication@38133f9b
reloadAllAccessors: .Multiplexor1

===========================================================================================
----------------- testing Sun Feb 24 15:06:59 UTC 2019 /home/travis/build/icyphy/ptII/ptolemy/actor/lib/test/auto/Multiplexor2.xml
----------------- Instantiating /home/travis/build/icyphy/ptII/ptolemy/actor/lib/test/auto/Multiplexor2.xml
3 ms. Memory: 1368576K Free: 200500K (15%)
----------------- Invoking toplevel() on ptolemy.moml.MoMLSimpleApplication@4935ce2f
----------------- Done invoking toplevel() on ptolemy.moml.MoMLSimpleApplication@4935ce2f
reloadAllAccessors: .Multiplexor2

===========================================================================================
----------------- testing Sun Feb 24 15:06:59 UTC 2019 /home/travis/build/icyphy/ptII/ptolemy/actor/lib/test/auto/Multiplexor3.xml
----------------- Instantiating /home/travis/build/icyphy/ptII/ptolemy/actor/lib/test/auto/Multiplexor3.xml
2 ms. Memory: 1368576K Free: 188018K (14%)
----------------- Invoking toplevel() on ptolemy.moml.MoMLSimpleApplication@2893a87f
----------------- Done invoking toplevel() on ptolemy.moml.MoMLSimpleApplication@2893a87f
reloadAllAccessors: .Multiplexor3

===========================================================================================
----------------- testing Sun Feb 24 15:06:59 UTC 2019 /home/travis/build/icyphy/ptII/ptolemy/actor/lib/test/auto/MultiplexorDE.xml
----------------- Instantiating /home/travis/build/icyphy/ptII/ptolemy/actor/lib/test/auto/MultiplexorDE.xml
2 ms. Memory: 1368576K Free: 175535K (13%)
----------------- Invoking toplevel() on ptolemy.moml.MoMLSimpleApplication@4ff5daae
----------------- Done invoking toplevel() on ptolemy.moml.MoMLSimpleApplication@4ff5daae
reloadAllAccessors: .MultiplexorDE

===========================================================================================
----------------- testing Sun Feb 24 15:06:59 UTC 2019 /home/travis/build/icyphy/ptII/ptolemy/actor/lib/test/auto/MultiportBroadcastTest.xml
----------------- Instantiating /home/travis/build/icyphy/ptII/ptolemy/actor/lib/test/auto/MultiportBroadcastTest.xml
87 ms. Memory: 1368576K Free: 156347K (11%)
----------------- Invoking toplevel() on ptolemy.moml.MoMLSimpleApplication@463dfc6a
----------------- Done invoking toplevel() on ptolemy.moml.MoMLSimpleApplication@463dfc6a
reloadAllAccessors: .MultiportBroadcastTest

===========================================================================================
----------------- testing Sun Feb 24 15:06:59 UTC 2019 /home/travis/build/icyphy/ptII/ptolemy/actor/lib/test/auto/MultiportOutHangDuringGetWidth.xml
----------------- Instantiating /home/travis/build/icyphy/ptII/ptolemy/actor/lib/test/auto/MultiportOutHangDuringGetWidth.xml
10 ms. Memory: 1368576K Free: 137623K (10%)
----------------- Invoking toplevel() on ptolemy.moml.MoMLSimpleApplication@5e3e7bbb
----------------- Done invoking toplevel() on ptolemy.moml.MoMLSimpleApplication@5e3e7bbb
reloadAllAccessors: .MultiportOutHangDuringGetWidth

===========================================================================================
----------------- testing Sun Feb 24 15:06:59 UTC 2019 /home/travis/build/icyphy/ptII/ptolemy/actor/lib/test/auto/NilToken.xml
----------------- Instantiating /home/travis/build/icyphy/ptII/ptolemy/actor/lib/test/auto/NilToken.xml
1 ms. Memory: 1368576K Free: 125140K (9%)
----------------- Invoking toplevel() on ptolemy.moml.MoMLSimpleApplication@3f328d4a
----------------- Done invoking toplevel() on ptolemy.moml.MoMLSimpleApplication@3f328d4a
reloadAllAccessors: .NilToken

===========================================================================================
----------------- testing Sun Feb 24 15:06:59 UTC 2019 /home/travis/build/icyphy/ptII/ptolemy/actor/lib/test/auto/NilTokenNonStrictTest.xml
----------------- Instantiating /home/travis/build/icyphy/ptII/ptolemy/actor/lib/test/auto/NilTokenNonStrictTest.xml
1 ms. Memory: 1368576K Free: 105952K (8%)
----------------- Invoking toplevel() on ptolemy.moml.MoMLSimpleApplication@6948021b
----------------- Done invoking toplevel() on ptolemy.moml.MoMLSimpleApplication@6948021b
reloadAllAccessors: .NilTokenNonStrictTest

===========================================================================================
----------------- testing Sun Feb 24 15:06:59 UTC 2019 /home/travis/build/icyphy/ptII/ptolemy/actor/lib/test/auto/NilTokenRecord.xml
----------------- Instantiating /home/travis/build/icyphy/ptII/ptolemy/actor/lib/test/auto/NilTokenRecord.xml
5 ms. Memory: 1368576K Free: 93469K (7%)
----------------- Invoking toplevel() on ptolemy.moml.MoMLSimpleApplication@31eb25ff
----------------- Done invoking toplevel() on ptolemy.moml.MoMLSimpleApplication@31eb25ff
reloadAllAccessors: .NilTokenRecord

===========================================================================================
----------------- testing Sun Feb 24 15:06:59 UTC 2019 /home/travis/build/icyphy/ptII/ptolemy/actor/lib/test/auto/NilTokenTypeTest.xml
----------------- Instantiating /home/travis/build/icyphy/ptII/ptolemy/actor/lib/test/auto/NilTokenTypeTest.xml
6 ms. Memory: 1525248K Free: 1475439K (97%)
----------------- Invoking toplevel() on ptolemy.moml.MoMLSimpleApplication@732f9768
----------------- Done invoking toplevel() on ptolemy.moml.MoMLSimpleApplication@732f9768
reloadAllAccessors: .NilTokenTypeTest

===========================================================================================
----------------- testing Sun Feb 24 15:06:59 UTC 2019 /home/travis/build/icyphy/ptII/ptolemy/actor/lib/test/auto/ObjectToken1.xml
----------------- Instantiating /home/travis/build/icyphy/ptII/ptolemy/actor/lib/test/auto/ObjectToken1.xml
2 ms. Memory: 1525248K Free: 1454617K (95%)
----------------- Invoking toplevel() on ptolemy.moml.MoMLSimpleApplication@160c9996
----------------- Done invoking toplevel() on ptolemy.moml.MoMLSimpleApplication@160c9996
reloadAllAccessors: .ObjectToken1

===========================================================================================
----------------- testing Sun Feb 24 15:06:59 UTC 2019 /home/travis/build/icyphy/ptII/ptolemy/actor/lib/test/auto/OrderedMerge.xml
----------------- Instantiating /home/travis/build/icyphy/ptII/ptolemy/actor/lib/test/auto/OrderedMerge.xml
4 ms. Memory: 1525248K Free: 1411916K (93%)
----------------- Invoking toplevel() on ptolemy.moml.MoMLSimpleApplication@36075b38
----------------- Done invoking toplevel() on ptolemy.moml.MoMLSimpleApplication@36075b38
reloadAllAccessors: .OrderedMerge

===========================================================================================
----------------- testing Sun Feb 24 15:06:59 UTC 2019 /home/travis/build/icyphy/ptII/ptolemy/actor/lib/test/auto/OrderedRecordDisassembler.xml
----------------- Instantiating /home/travis/build/icyphy/ptII/ptolemy/actor/lib/test/auto/OrderedRecordDisassembler.xml
2 ms. Memory: 1525248K Free: 1391095K (91%)
----------------- Invoking toplevel() on ptolemy.moml.MoMLSimpleApplication@2821c79b
----------------- Done invoking toplevel() on ptolemy.moml.MoMLSimpleApplication@2821c79b
reloadAllAccessors: .OrderedRecordDisassembler

===========================================================================================
----------------- testing Sun Feb 24 15:06:59 UTC 2019 /home/travis/build/icyphy/ptII/ptolemy/actor/lib/test/auto/OrderedRecordDisassembler2.xml
----------------- Instantiating /home/travis/build/icyphy/ptII/ptolemy/actor/lib/test/auto/OrderedRecordDisassembler2.xml
3 ms. Memory: 1525248K Free: 1376861K (90%)
----------------- Invoking toplevel() on ptolemy.moml.MoMLSimpleApplication@1540d1c6
----------------- Done invoking toplevel() on ptolemy.moml.MoMLSimpleApplication@1540d1c6
reloadAllAccessors: .OrderedRecordDisassembler2

===========================================================================================
----------------- testing Sun Feb 24 15:06:59 UTC 2019 /home/travis/build/icyphy/ptII/ptolemy/actor/lib/test/auto/OrderedRecordUpdater.xml
----------------- Instantiating /home/travis/build/icyphy/ptII/ptolemy/actor/lib/test/auto/OrderedRecordUpdater.xml
2 ms. Memory: 1525248K Free: 1362546K (89%)
----------------- Invoking toplevel() on ptolemy.moml.MoMLSimpleApplication@6e95f464
----------------- Done invoking toplevel() on ptolemy.moml.MoMLSimpleApplication@6e95f464
reloadAllAccessors: .RecordUpdater

===========================================================================================
----------------- testing Sun Feb 24 15:06:59 UTC 2019 /home/travis/build/icyphy/ptII/ptolemy/actor/lib/test/auto/OrderedRecordUpdater2.xml
----------------- Instantiating /home/travis/build/icyphy/ptII/ptolemy/actor/lib/test/auto/OrderedRecordUpdater2.xml
2 ms. Memory: 1525248K Free: 1341724K (88%)
----------------- Invoking toplevel() on ptolemy.moml.MoMLSimpleApplication@228087e
----------------- Done invoking toplevel() on ptolemy.moml.MoMLSimpleApplication@228087e
reloadAllAccessors: .RecordUpdater2

===========================================================================================
----------------- testing Sun Feb 24 15:06:59 UTC 2019 /home/travis/build/icyphy/ptII/ptolemy/actor/lib/test/auto/PhaseUnwrap.xml
----------------- Instantiating /home/travis/build/icyphy/ptII/ptolemy/actor/lib/test/auto/PhaseUnwrap.xml
1 ms. Memory: 1525248K Free: 1327490K (87%)
----------------- Invoking toplevel() on ptolemy.moml.MoMLSimpleApplication@323d49a5
----------------- Done invoking toplevel() on ptolemy.moml.MoMLSimpleApplication@323d49a5
reloadAllAccessors: .PhaseUnwrap

===========================================================================================
----------------- testing Sun Feb 24 15:06:59 UTC 2019 /home/travis/build/icyphy/ptII/ptolemy/actor/lib/test/auto/PoissonClock.xml
----------------- Instantiating /home/travis/build/icyphy/ptII/ptolemy/actor/lib/test/auto/PoissonClock.xml
1 ms. Memory: 1525248K Free: 1306669K (86%)
----------------- Invoking toplevel() on ptolemy.moml.MoMLSimpleApplication@4dea6fc8
----------------- Done invoking toplevel() on ptolemy.moml.MoMLSimpleApplication@4dea6fc8
reloadAllAccessors: .PoissonClock

===========================================================================================
----------------- testing Sun Feb 24 15:06:59 UTC 2019 /home/travis/build/icyphy/ptII/ptolemy/actor/lib/test/auto/PoissonClock2.xml
----------------- Instantiating /home/travis/build/icyphy/ptII/ptolemy/actor/lib/test/auto/PoissonClock2.xml
2 ms. Memory: 1525248K Free: 1292435K (85%)
----------------- Invoking toplevel() on ptolemy.moml.MoMLSimpleApplication@3b98d491
----------------- Done invoking toplevel() on ptolemy.moml.MoMLSimpleApplication@3b98d491
reloadAllAccessors: .PoissonClock2

===========================================================================================
----------------- testing Sun Feb 24 15:06:59 UTC 2019 /home/travis/build/icyphy/ptII/ptolemy/actor/lib/test/auto/PoissonClock3.xml
----------------- Instantiating /home/travis/build/icyphy/ptII/ptolemy/actor/lib/test/auto/PoissonClock3.xml
1 ms. Memory: 1525248K Free: 1278201K (84%)
----------------- Invoking toplevel() on ptolemy.moml.MoMLSimpleApplication@4c206f6e
----------------- Done invoking toplevel() on ptolemy.moml.MoMLSimpleApplication@4c206f6e
reloadAllAccessors: .PoissonClock3

===========================================================================================
----------------- testing Sun Feb 24 15:06:59 UTC 2019 /home/travis/build/icyphy/ptII/ptolemy/actor/lib/test/auto/PubSubWithInitialTokens.xml
----------------- Instantiating /home/travis/build/icyphy/ptII/ptolemy/actor/lib/test/auto/PubSubWithInitialTokens.xml
2 ms. Memory: 1525248K Free: 1257379K (82%)
----------------- Invoking toplevel() on ptolemy.moml.MoMLSimpleApplication@38afe9bc
----------------- Done invoking toplevel() on ptolemy.moml.MoMLSimpleApplication@38afe9bc
reloadAllAccessors: .PubSubWithInitialTokens

===========================================================================================
----------------- testing Sun Feb 24 15:06:59 UTC 2019 /home/travis/build/icyphy/ptII/ptolemy/actor/lib/test/auto/PubSubWithInitialTokens2.xml
----------------- Instantiating /home/travis/build/icyphy/ptII/ptolemy/actor/lib/test/auto/PubSubWithInitialTokens2.xml
2 ms. Memory: 1525248K Free: 1243146K (82%)
----------------- Invoking toplevel() on ptolemy.moml.MoMLSimpleApplication@1a58295a
----------------- Done invoking toplevel() on ptolemy.moml.MoMLSimpleApplication@1a58295a
reloadAllAccessors: .PubSubWithInitialTokens2

===========================================================================================
----------------- testing Sun Feb 24 15:06:59 UTC 2019 /home/travis/build/icyphy/ptII/ptolemy/actor/lib/test/auto/PublisherClassNoParameter.xml
----------------- Instantiating /home/travis/build/icyphy/ptII/ptolemy/actor/lib/test/auto/PublisherClassNoParameter.xml
2 ms. Memory: 1525248K Free: 1221779K (80%)
----------------- Invoking toplevel() on ptolemy.moml.MoMLSimpleApplication@b04ce65
----------------- Done invoking toplevel() on ptolemy.moml.MoMLSimpleApplication@b04ce65
reloadAllAccessors: .PublisherClassNoParameter

===========================================================================================
----------------- testing Sun Feb 24 15:06:59 UTC 2019 /home/travis/build/icyphy/ptII/ptolemy/actor/lib/test/auto/PublisherClassParameter.xml
----------------- Instantiating /home/travis/build/icyphy/ptII/ptolemy/actor/lib/test/auto/PublisherClassParameter.xml
2 ms. Memory: 1525248K Free: 1193840K (78%)
----------------- Invoking toplevel() on ptolemy.moml.MoMLSimpleApplication@55bc2b8c
----------------- Done invoking toplevel() on ptolemy.moml.MoMLSimpleApplication@55bc2b8c
reloadAllAccessors: .PublisherClassParameter

===========================================================================================
----------------- testing Sun Feb 24 15:06:59 UTC 2019 /home/travis/build/icyphy/ptII/ptolemy/actor/lib/test/auto/PublisherNonStrictTest.xml
----------------- Instantiating /home/travis/build/icyphy/ptII/ptolemy/actor/lib/test/auto/PublisherNonStrictTest.xml
2 ms. Memory: 1525248K Free: 1179607K (77%)
----------------- Invoking toplevel() on ptolemy.moml.MoMLSimpleApplication@4cc77549
----------------- Done invoking toplevel() on ptolemy.moml.MoMLSimpleApplication@4cc77549
reloadAllAccessors: .PublisherNonStrictTest

===========================================================================================
----------------- testing Sun Feb 24 15:06:59 UTC 2019 /home/travis/build/icyphy/ptII/ptolemy/actor/lib/test/auto/PublisherPort1.xml
----------------- Instantiating /home/travis/build/icyphy/ptII/ptolemy/actor/lib/test/auto/PublisherPort1.xml
2 ms. Memory: 1525248K Free: 1158785K (76%)
----------------- Invoking toplevel() on ptolemy.moml.MoMLSimpleApplication@5435a0fd
----------------- Done invoking toplevel() on ptolemy.moml.MoMLSimpleApplication@5435a0fd
reloadAllAccessors: .PublisherPort1

===========================================================================================
----------------- testing Sun Feb 24 15:06:59 UTC 2019 /home/travis/build/icyphy/ptII/ptolemy/actor/lib/test/auto/PublisherPort2.xml
----------------- Instantiating /home/travis/build/icyphy/ptII/ptolemy/actor/lib/test/auto/PublisherPort2.xml
1 ms. Memory: 1525248K Free: 1144551K (75%)
----------------- Invoking toplevel() on ptolemy.moml.MoMLSimpleApplication@507ee9ea
----------------- Done invoking toplevel() on ptolemy.moml.MoMLSimpleApplication@507ee9ea
reloadAllAccessors: .PublisherPort2

===========================================================================================
----------------- testing Sun Feb 24 15:06:59 UTC 2019 /home/travis/build/icyphy/ptII/ptolemy/actor/lib/test/auto/PublisherPort3.xml
----------------- Instantiating /home/travis/build/icyphy/ptII/ptolemy/actor/lib/test/auto/PublisherPort3.xml
2 ms. Memory: 1525248K Free: 1130318K (74%)
----------------- Invoking toplevel() on ptolemy.moml.MoMLSimpleApplication@7adfa2d2
----------------- Done invoking toplevel() on ptolemy.moml.MoMLSimpleApplication@7adfa2d2
reloadAllAccessors: .PublisherPort3

===========================================================================================
----------------- testing Sun Feb 24 15:06:59 UTC 2019 /home/travis/build/icyphy/ptII/ptolemy/actor/lib/test/auto/PublisherPort4.xml
----------------- Instantiating /home/travis/build/icyphy/ptII/ptolemy/actor/lib/test/auto/PublisherPort4.xml
2 ms. Memory: 1525248K Free: 1109496K (73%)
----------------- Invoking toplevel() on ptolemy.moml.MoMLSimpleApplication@4d5b4ca8
----------------- Done invoking toplevel() on ptolemy.moml.MoMLSimpleApplication@4d5b4ca8
reloadAllAccessors: .PublisherPort4

===========================================================================================
----------------- testing Sun Feb 24 15:06:59 UTC 2019 /home/travis/build/icyphy/ptII/ptolemy/actor/lib/test/auto/PublisherPort5.xml
----------------- Instantiating /home/travis/build/icyphy/ptII/ptolemy/actor/lib/test/auto/PublisherPort5.xml
3 ms. Memory: 1525248K Free: 1095262K (72%)
----------------- Invoking toplevel() on ptolemy.moml.MoMLSimpleApplication@75a44fc1
----------------- Done invoking toplevel() on ptolemy.moml.MoMLSimpleApplication@75a44fc1
reloadAllAccessors: .PublisherPort5

===========================================================================================
----------------- testing Sun Feb 24 15:06:59 UTC 2019 /home/travis/build/icyphy/ptII/ptolemy/actor/lib/test/auto/PublisherPort5LookAlike.xml
----------------- Instantiating /home/travis/build/icyphy/ptII/ptolemy/actor/lib/test/auto/PublisherPort5LookAlike.xml
3 ms. Memory: 1525248K Free: 1081029K (71%)
----------------- Invoking toplevel() on ptolemy.moml.MoMLSimpleApplication@a2abb9f
----------------- Done invoking toplevel() on ptolemy.moml.MoMLSimpleApplication@a2abb9f
reloadAllAccessors: .PublisherPort5LookAlike

===========================================================================================
----------------- testing Sun Feb 24 15:06:59 UTC 2019 /home/travis/build/icyphy/ptII/ptolemy/actor/lib/test/auto/PublisherPort6.xml
----------------- Instantiating /home/travis/build/icyphy/ptII/ptolemy/actor/lib/test/auto/PublisherPort6.xml
1 ms. Memory: 1525248K Free: 1060207K (70%)
----------------- Invoking toplevel() on ptolemy.moml.MoMLSimpleApplication@5d3c36c4
----------------- Done invoking toplevel() on ptolemy.moml.MoMLSimpleApplication@5d3c36c4
reloadAllAccessors: .PublisherPort6

===========================================================================================
----------------- testing Sun Feb 24 15:06:59 UTC 2019 /home/travis/build/icyphy/ptII/ptolemy/actor/lib/test/auto/PublisherPort7.xml
----------------- Instantiating /home/travis/build/icyphy/ptII/ptolemy/actor/lib/test/auto/PublisherPort7.xml
3 ms. Memory: 1525248K Free: 1045973K (69%)
----------------- Invoking toplevel() on ptolemy.moml.MoMLSimpleApplication@7af99fe8
----------------- Done invoking toplevel() on ptolemy.moml.MoMLSimpleApplication@7af99fe8
reloadAllAccessors: .PublisherPort7

===========================================================================================
----------------- testing Sun Feb 24 15:06:59 UTC 2019 /home/travis/build/icyphy/ptII/ptolemy/actor/lib/test/auto/PublisherPort8.xml
----------------- Instantiating /home/travis/build/icyphy/ptII/ptolemy/actor/lib/test/auto/PublisherPort8.xml
3 ms. Memory: 1525248K Free: 1025151K (67%)
----------------- Invoking toplevel() on ptolemy.moml.MoMLSimpleApplication@4c3124fc
----------------- Done invoking toplevel() on ptolemy.moml.MoMLSimpleApplication@4c3124fc
reloadAllAccessors: .PublisherPort8

===========================================================================================
----------------- testing Sun Feb 24 15:06:59 UTC 2019 /home/travis/build/icyphy/ptII/ptolemy/actor/lib/test/auto/PublisherPortSubscriberChannelVariablesAOC2.xml
----------------- Instantiating /home/travis/build/icyphy/ptII/ptolemy/actor/lib/test/auto/PublisherPortSubscriberChannelVariablesAOC2.xml
3 ms. Memory: 1525248K Free: 996652K (65%)
----------------- Invoking toplevel() on ptolemy.moml.MoMLSimpleApplication@192cf757
----------------- Done invoking toplevel() on ptolemy.moml.MoMLSimpleApplication@192cf757
reloadAllAccessors: .PublisherPortSubscriberChannelVariablesAOC2

===========================================================================================
----------------- testing Sun Feb 24 15:06:59 UTC 2019 /home/travis/build/icyphy/ptII/ptolemy/actor/lib/test/auto/PublisherPortSubscriberOpaqueWidthInference.xml
----------------- Instantiating /home/travis/build/icyphy/ptII/ptolemy/actor/lib/test/auto/PublisherPortSubscriberOpaqueWidthInference.xml
3 ms. Memory: 1525248K Free: 982418K (64%)
----------------- Invoking toplevel() on ptolemy.moml.MoMLSimpleApplication@445a3d9b
----------------- Done invoking toplevel() on ptolemy.moml.MoMLSimpleApplication@445a3d9b
reloadAllAccessors: .PublisherPortSubscriberOpaqueWidthInference

===========================================================================================
----------------- testing Sun Feb 24 15:06:59 UTC 2019 /home/travis/build/icyphy/ptII/ptolemy/actor/lib/test/auto/PublisherPortSubscriberPortAdjacent.xml
----------------- Instantiating /home/travis/build/icyphy/ptII/ptolemy/actor/lib/test/auto/PublisherPortSubscriberPortAdjacent.xml
1 ms. Memory: 1525248K Free: 961596K (63%)
----------------- Invoking toplevel() on ptolemy.moml.MoMLSimpleApplication@7d091388
----------------- Done invoking toplevel() on ptolemy.moml.MoMLSimpleApplication@7d091388
reloadAllAccessors: .PublisherPortSubscriberPortAdjacent

===========================================================================================
----------------- testing Sun Feb 24 15:06:59 UTC 2019 /home/travis/build/icyphy/ptII/ptolemy/actor/lib/test/auto/PublisherPortSubscriberPortExpression.xml
----------------- Instantiating /home/travis/build/icyphy/ptII/ptolemy/actor/lib/test/auto/PublisherPortSubscriberPortExpression.xml
2 ms. Memory: 1525248K Free: 947363K (62%)
----------------- Invoking toplevel() on ptolemy.moml.MoMLSimpleApplication@173e55d8
----------------- Done invoking toplevel() on ptolemy.moml.MoMLSimpleApplication@173e55d8
reloadAllAccessors: .PublisherPortSubscriberPortExpression

===========================================================================================
----------------- testing Sun Feb 24 15:07:00 UTC 2019 /home/travis/build/icyphy/ptII/ptolemy/actor/lib/test/auto/PublisherPortSubscriberPortOpaqueD3Reverse.xml
----------------- Instantiating /home/travis/build/icyphy/ptII/ptolemy/actor/lib/test/auto/PublisherPortSubscriberPortOpaqueD3Reverse.xml
4 ms. Memory: 1525248K Free: 926541K (61%)
----------------- Invoking toplevel() on ptolemy.moml.MoMLSimpleApplication@69fcafaa
----------------- Done invoking toplevel() on ptolemy.moml.MoMLSimpleApplication@69fcafaa
reloadAllAccessors: .PublisherPortSubscriberPortOpaqueD3Reverse

===========================================================================================
----------------- testing Sun Feb 24 15:07:00 UTC 2019 /home/travis/build/icyphy/ptII/ptolemy/actor/lib/test/auto/PublisherPortSubscriberPortOpaqueWidthInference.xml
----------------- Instantiating /home/travis/build/icyphy/ptII/ptolemy/actor/lib/test/auto/PublisherPortSubscriberPortOpaqueWidthInference.xml
3 ms. Memory: 1525248K Free: 912307K (60%)
----------------- Invoking toplevel() on ptolemy.moml.MoMLSimpleApplication@54a57d0d
----------------- Done invoking toplevel() on ptolemy.moml.MoMLSimpleApplication@54a57d0d
reloadAllAccessors: .PublisherPortSubscriberPortOpaqueWidthInference

===========================================================================================
----------------- testing Sun Feb 24 15:07:00 UTC 2019 /home/travis/build/icyphy/ptII/ptolemy/actor/lib/test/auto/PublisherPortToplevelSubscriberPortAOC.xml
----------------- Instantiating /home/travis/build/icyphy/ptII/ptolemy/actor/lib/test/auto/PublisherPortToplevelSubscriberPortAOC.xml
.PublisherPortToplevelSubscriberPortAOC.TestExceptionAttribute: initialize() was not invoked, but wrapup() was.  This is unusual, but not always a problem.  For example, exporting JNLP will do this.
0 ms. Memory: 1525248K Free: 898074K (59%)
----------------- Invoking toplevel() on ptolemy.moml.MoMLSimpleApplication@3dda28e2
----------------- Done invoking toplevel() on ptolemy.moml.MoMLSimpleApplication@3dda28e2
reloadAllAccessors: .PublisherPortToplevelSubscriberPortAOC

===========================================================================================
----------------- testing Sun Feb 24 15:07:00 UTC 2019 /home/travis/build/icyphy/ptII/ptolemy/actor/lib/test/auto/PublisherSubscriber.xml
----------------- Instantiating /home/travis/build/icyphy/ptII/ptolemy/actor/lib/test/auto/PublisherSubscriber.xml
3 ms. Memory: 1525248K Free: 877252K (58%)
----------------- Invoking toplevel() on ptolemy.moml.MoMLSimpleApplication@47efe9f3
----------------- Done invoking toplevel() on ptolemy.moml.MoMLSimpleApplication@47efe9f3
reloadAllAccessors: .PublisherSubscriber

===========================================================================================
----------------- testing Sun Feb 24 15:07:00 UTC 2019 /home/travis/build/icyphy/ptII/ptolemy/actor/lib/test/auto/PublisherSubscriber10.xml
----------------- Instantiating /home/travis/build/icyphy/ptII/ptolemy/actor/lib/test/auto/PublisherSubscriber10.xml
4 ms. Memory: 1525248K Free: 863019K (57%)
----------------- Invoking toplevel() on ptolemy.moml.MoMLSimpleApplication@54fe1a11
----------------- Done invoking toplevel() on ptolemy.moml.MoMLSimpleApplication@54fe1a11
reloadAllAccessors: .PublisherSubscriber10

===========================================================================================
----------------- testing Sun Feb 24 15:07:00 UTC 2019 /home/travis/build/icyphy/ptII/ptolemy/actor/lib/test/auto/PublisherSubscriber10InitialOutputs.xml
----------------- Instantiating /home/travis/build/icyphy/ptII/ptolemy/actor/lib/test/auto/PublisherSubscriber10InitialOutputs.xml
4 ms. Memory: 1525248K Free: 848785K (56%)
----------------- Invoking toplevel() on ptolemy.moml.MoMLSimpleApplication@842fdce
----------------- Done invoking toplevel() on ptolemy.moml.MoMLSimpleApplication@842fdce
reloadAllAccessors: .PublisherSubscriber10InitialOutputs

===========================================================================================
----------------- testing Sun Feb 24 15:07:00 UTC 2019 /home/travis/build/icyphy/ptII/ptolemy/actor/lib/test/auto/PublisherSubscriber11.xml
----------------- Instantiating /home/travis/build/icyphy/ptII/ptolemy/actor/lib/test/auto/PublisherSubscriber11.xml
2 ms. Memory: 1525248K Free: 827963K (54%)
----------------- Invoking toplevel() on ptolemy.moml.MoMLSimpleApplication@5ad7446a
----------------- Done invoking toplevel() on ptolemy.moml.MoMLSimpleApplication@5ad7446a
reloadAllAccessors: .PublisherSubscriber11

===========================================================================================
----------------- testing Sun Feb 24 15:07:00 UTC 2019 /home/travis/build/icyphy/ptII/ptolemy/actor/lib/test/auto/PublisherSubscriber12.xml
----------------- Instantiating /home/travis/build/icyphy/ptII/ptolemy/actor/lib/test/auto/PublisherSubscriber12.xml
2 ms. Memory: 1525248K Free: 813729K (53%)
----------------- Invoking toplevel() on ptolemy.moml.MoMLSimpleApplication@47dc0384
----------------- Done invoking toplevel() on ptolemy.moml.MoMLSimpleApplication@47dc0384
reloadAllAccessors: .PublisherSubscriber12

===========================================================================================
----------------- testing Sun Feb 24 15:07:00 UTC 2019 /home/travis/build/icyphy/ptII/ptolemy/actor/lib/test/auto/PublisherSubscriber13.xml
----------------- Instantiating /home/travis/build/icyphy/ptII/ptolemy/actor/lib/test/auto/PublisherSubscriber13.xml
2 ms. Memory: 1525248K Free: 792907K (52%)
----------------- Invoking toplevel() on ptolemy.moml.MoMLSimpleApplication@7557b101
----------------- Done invoking toplevel() on ptolemy.moml.MoMLSimpleApplication@7557b101
reloadAllAccessors: .PublisherSubscriber13

===========================================================================================
----------------- testing Sun Feb 24 15:07:00 UTC 2019 /home/travis/build/icyphy/ptII/ptolemy/actor/lib/test/auto/PublisherSubscriber14.xml
----------------- Instantiating /home/travis/build/icyphy/ptII/ptolemy/actor/lib/test/auto/PublisherSubscriber14.xml
2 ms. Memory: 1525248K Free: 778674K (51%)
----------------- Invoking toplevel() on ptolemy.moml.MoMLSimpleApplication@5294c14e
----------------- Done invoking toplevel() on ptolemy.moml.MoMLSimpleApplication@5294c14e
reloadAllAccessors: .PublisherSubscriber14

===========================================================================================
----------------- testing Sun Feb 24 15:07:00 UTC 2019 /home/travis/build/icyphy/ptII/ptolemy/actor/lib/test/auto/PublisherSubscriber2.xml
----------------- Instantiating /home/travis/build/icyphy/ptII/ptolemy/actor/lib/test/auto/PublisherSubscriber2.xml
1 ms. Memory: 1525248K Free: 764440K (50%)
----------------- Invoking toplevel() on ptolemy.moml.MoMLSimpleApplication@745e136f
----------------- Done invoking toplevel() on ptolemy.moml.MoMLSimpleApplication@745e136f
reloadAllAccessors: .PublisherSubscriber2

===========================================================================================
----------------- testing Sun Feb 24 15:07:00 UTC 2019 /home/travis/build/icyphy/ptII/ptolemy/actor/lib/test/auto/PublisherSubscriber3.xml
----------------- Instantiating /home/travis/build/icyphy/ptII/ptolemy/actor/lib/test/auto/PublisherSubscriber3.xml
2 ms. Memory: 1525248K Free: 743618K (49%)
----------------- Invoking toplevel() on ptolemy.moml.MoMLSimpleApplication@5d3b7f53
----------------- Done invoking toplevel() on ptolemy.moml.MoMLSimpleApplication@5d3b7f53
reloadAllAccessors: .PublisherSubscriber3

===========================================================================================
----------------- testing Sun Feb 24 15:07:00 UTC 2019 /home/travis/build/icyphy/ptII/ptolemy/actor/lib/test/auto/PublisherSubscriber4.xml
----------------- Instantiating /home/travis/build/icyphy/ptII/ptolemy/actor/lib/test/auto/PublisherSubscriber4.xml
2 ms. Memory: 1525248K Free: 729385K (48%)
----------------- Invoking toplevel() on ptolemy.moml.MoMLSimpleApplication@7693ff81
----------------- Done invoking toplevel() on ptolemy.moml.MoMLSimpleApplication@7693ff81
reloadAllAccessors: .PublisherSubscriber4

===========================================================================================
----------------- testing Sun Feb 24 15:07:00 UTC 2019 /home/travis/build/icyphy/ptII/ptolemy/actor/lib/test/auto/PublisherSubscriber5.xml
----------------- Instantiating /home/travis/build/icyphy/ptII/ptolemy/actor/lib/test/auto/PublisherSubscriber5.xml
2 ms. Memory: 1525248K Free: 708563K (46%)
----------------- Invoking toplevel() on ptolemy.moml.MoMLSimpleApplication@5e87ca8f
----------------- Done invoking toplevel() on ptolemy.moml.MoMLSimpleApplication@5e87ca8f
reloadAllAccessors: .PublisherSubscriber5

===========================================================================================
----------------- testing Sun Feb 24 15:07:00 UTC 2019 /home/travis/build/icyphy/ptII/ptolemy/actor/lib/test/auto/PublisherSubscriber6.xml
----------------- Instantiating /home/travis/build/icyphy/ptII/ptolemy/actor/lib/test/auto/PublisherSubscriber6.xml
2 ms. Memory: 1525248K Free: 694329K (46%)
----------------- Invoking toplevel() on ptolemy.moml.MoMLSimpleApplication@5104d086
----------------- Done invoking toplevel() on ptolemy.moml.MoMLSimpleApplication@5104d086
reloadAllAccessors: .PublisherSubscriber6

===========================================================================================
----------------- testing Sun Feb 24 15:07:00 UTC 2019 /home/travis/build/icyphy/ptII/ptolemy/actor/lib/test/auto/PublisherSubscriber7.xml
----------------- Instantiating /home/travis/build/icyphy/ptII/ptolemy/actor/lib/test/auto/PublisherSubscriber7.xml
2 ms. Memory: 1525248K Free: 680096K (45%)
----------------- Invoking toplevel() on ptolemy.moml.MoMLSimpleApplication@71dd8413
----------------- Done invoking toplevel() on ptolemy.moml.MoMLSimpleApplication@71dd8413
reloadAllAccessors: .PublisherSubscriber7

===========================================================================================
----------------- testing Sun Feb 24 15:07:00 UTC 2019 /home/travis/build/icyphy/ptII/ptolemy/actor/lib/test/auto/PublisherSubscriber8.xml
----------------- Instantiating /home/travis/build/icyphy/ptII/ptolemy/actor/lib/test/auto/PublisherSubscriber8.xml
13 ms. Memory: 1525248K Free: 588105K (39%)
----------------- Invoking toplevel() on ptolemy.moml.MoMLSimpleApplication@79765fa
----------------- Done invoking toplevel() on ptolemy.moml.MoMLSimpleApplication@79765fa
reloadAllAccessors: .PublisherSubscriber8

===========================================================================================
----------------- testing Sun Feb 24 15:07:00 UTC 2019 /home/travis/build/icyphy/ptII/ptolemy/actor/lib/test/auto/PublisherSubscriber9.xml
----------------- Instantiating /home/travis/build/icyphy/ptII/ptolemy/actor/lib/test/auto/PublisherSubscriber9.xml
2 ms. Memory: 1525248K Free: 573872K (38%)
----------------- Invoking toplevel() on ptolemy.moml.MoMLSimpleApplication@683424b1
----------------- Done invoking toplevel() on ptolemy.moml.MoMLSimpleApplication@683424b1
reloadAllAccessors: .PublisherSubscriber9

===========================================================================================
----------------- testing Sun Feb 24 15:07:00 UTC 2019 /home/travis/build/icyphy/ptII/ptolemy/actor/lib/test/auto/PublisherSubscriberAdjacent.xml
----------------- Instantiating /home/travis/build/icyphy/ptII/ptolemy/actor/lib/test/auto/PublisherSubscriberAdjacent.xml
2 ms. Memory: 1525248K Free: 559638K (37%)
----------------- Invoking toplevel() on ptolemy.moml.MoMLSimpleApplication@53b9de6b
----------------- Done invoking toplevel() on ptolemy.moml.MoMLSimpleApplication@53b9de6b
reloadAllAccessors: .PublisherSubscriberAdjacent

===========================================================================================
----------------- testing Sun Feb 24 15:07:00 UTC 2019 /home/travis/build/icyphy/ptII/ptolemy/actor/lib/test/auto/PublisherSubscriberChannelVariablesAOC2.xml
----------------- Instantiating /home/travis/build/icyphy/ptII/ptolemy/actor/lib/test/auto/PublisherSubscriberChannelVariablesAOC2.xml
3 ms. Memory: 1525248K Free: 531683K (35%)
----------------- Invoking toplevel() on ptolemy.moml.MoMLSimpleApplication@516bc27c
----------------- Done invoking toplevel() on ptolemy.moml.MoMLSimpleApplication@516bc27c
reloadAllAccessors: .PublisherSubscriberChannelVariablesAOC2

===========================================================================================
----------------- testing Sun Feb 24 15:07:00 UTC 2019 /home/travis/build/icyphy/ptII/ptolemy/actor/lib/test/auto/PublisherSubscriberD3.xml
----------------- Instantiating /home/travis/build/icyphy/ptII/ptolemy/actor/lib/test/auto/PublisherSubscriberD3.xml
1 ms. Memory: 1525248K Free: 517450K (34%)
----------------- Invoking toplevel() on ptolemy.moml.MoMLSimpleApplication@124f173d
----------------- Done invoking toplevel() on ptolemy.moml.MoMLSimpleApplication@124f173d
reloadAllAccessors: .PublisherSubscriberD3

===========================================================================================
----------------- testing Sun Feb 24 15:07:00 UTC 2019 /home/travis/build/icyphy/ptII/ptolemy/actor/lib/test/auto/PublisherSubscriberD3Reverse.xml
----------------- Instantiating /home/travis/build/icyphy/ptII/ptolemy/actor/lib/test/auto/PublisherSubscriberD3Reverse.xml
1 ms. Memory: 1525248K Free: 496628K (33%)
----------------- Invoking toplevel() on ptolemy.moml.MoMLSimpleApplication@32d4c9cc
----------------- Done invoking toplevel() on ptolemy.moml.MoMLSimpleApplication@32d4c9cc
reloadAllAccessors: .PublisherSubscriberD3Reverse

===========================================================================================
----------------- testing Sun Feb 24 15:07:00 UTC 2019 /home/travis/build/icyphy/ptII/ptolemy/actor/lib/test/auto/PublisherSubscriberExpression.xml
----------------- Instantiating /home/travis/build/icyphy/ptII/ptolemy/actor/lib/test/auto/PublisherSubscriberExpression.xml
3 ms. Memory: 1525248K Free: 482394K (32%)
----------------- Invoking toplevel() on ptolemy.moml.MoMLSimpleApplication@5c2d853
----------------- Done invoking toplevel() on ptolemy.moml.MoMLSimpleApplication@5c2d853
reloadAllAccessors: .PublisherSubscriberExpression

===========================================================================================
----------------- testing Sun Feb 24 15:07:00 UTC 2019 /home/travis/build/icyphy/ptII/ptolemy/actor/lib/test/auto/PublisherSubscriberOpaque.xml
----------------- Instantiating /home/travis/build/icyphy/ptII/ptolemy/actor/lib/test/auto/PublisherSubscriberOpaque.xml
3 ms. Memory: 1525248K Free: 468161K (31%)
----------------- Invoking toplevel() on ptolemy.moml.MoMLSimpleApplication@745d6dd8
----------------- Done invoking toplevel() on ptolemy.moml.MoMLSimpleApplication@745d6dd8
reloadAllAccessors: .PublisherSubscriberOpaque

===========================================================================================
----------------- testing Sun Feb 24 15:07:00 UTC 2019 /home/travis/build/icyphy/ptII/ptolemy/actor/lib/test/auto/PublisherSubscriberOpaqueD3.xml
----------------- Instantiating /home/travis/build/icyphy/ptII/ptolemy/actor/lib/test/auto/PublisherSubscriberOpaqueD3.xml
4 ms. Memory: 1525248K Free: 440206K (29%)
----------------- Invoking toplevel() on ptolemy.moml.MoMLSimpleApplication@109a0554
----------------- Done invoking toplevel() on ptolemy.moml.MoMLSimpleApplication@109a0554
reloadAllAccessors: .PublisherSubscriberOpaqueD3

===========================================================================================
----------------- testing Sun Feb 24 15:07:00 UTC 2019 /home/travis/build/icyphy/ptII/ptolemy/actor/lib/test/auto/PublisherSubscriberOpaqueD3Reverse.xml
----------------- Instantiating /home/travis/build/icyphy/ptII/ptolemy/actor/lib/test/auto/PublisherSubscriberOpaqueD3Reverse.xml
8 ms. Memory: 1525248K Free: 425972K (28%)
----------------- Invoking toplevel() on ptolemy.moml.MoMLSimpleApplication@d2502e4
----------------- Done invoking toplevel() on ptolemy.moml.MoMLSimpleApplication@d2502e4
reloadAllAccessors: .PublisherSubscriberOpaqueD3Reverse

===========================================================================================
----------------- testing Sun Feb 24 15:07:00 UTC 2019 /home/travis/build/icyphy/ptII/ptolemy/actor/lib/test/auto/PublisherSubscriberOpaqueWidthInference.xml
----------------- Instantiating /home/travis/build/icyphy/ptII/ptolemy/actor/lib/test/auto/PublisherSubscriberOpaqueWidthInference.xml
3 ms. Memory: 1525248K Free: 405150K (27%)
----------------- Invoking toplevel() on ptolemy.moml.MoMLSimpleApplication@be09e15
----------------- Done invoking toplevel() on ptolemy.moml.MoMLSimpleApplication@be09e15
reloadAllAccessors: .PublisherSubscriberOpaqueWidthInference

===========================================================================================
----------------- testing Sun Feb 24 15:07:00 UTC 2019 /home/travis/build/icyphy/ptII/ptolemy/actor/lib/test/auto/PublisherTestSubscriber.xml
----------------- Instantiating /home/travis/build/icyphy/ptII/ptolemy/actor/lib/test/auto/PublisherTestSubscriber.xml
2 ms. Memory: 1525248K Free: 390917K (26%)
----------------- Invoking toplevel() on ptolemy.moml.MoMLSimpleApplication@56d89e5
----------------- Done invoking toplevel() on ptolemy.moml.MoMLSimpleApplication@56d89e5
reloadAllAccessors: .PublisherTestSubscriber

===========================================================================================
----------------- testing Sun Feb 24 15:07:00 UTC 2019 /home/travis/build/icyphy/ptII/ptolemy/actor/lib/test/auto/PublisherToplevelSubscriberPortAOC.xml
----------------- Instantiating /home/travis/build/icyphy/ptII/ptolemy/actor/lib/test/auto/PublisherToplevelSubscriberPortAOC.xml
2 ms. Memory: 1525248K Free: 376683K (25%)
----------------- Invoking toplevel() on ptolemy.moml.MoMLSimpleApplication@14cc7125
----------------- Done invoking toplevel() on ptolemy.moml.MoMLSimpleApplication@14cc7125
reloadAllAccessors: .PublisherToplevelSubscriberPortAOC

===========================================================================================
----------------- testing Sun Feb 24 15:07:00 UTC 2019 /home/travis/build/icyphy/ptII/ptolemy/actor/lib/test/auto/PulseFiringLimitDE.xml
----------------- Instantiating /home/travis/build/icyphy/ptII/ptolemy/actor/lib/test/auto/PulseFiringLimitDE.xml
1 ms. Memory: 1525248K Free: 355861K (23%)
----------------- Invoking toplevel() on ptolemy.moml.MoMLSimpleApplication@7f24a5e5
----------------- Done invoking toplevel() on ptolemy.moml.MoMLSimpleApplication@7f24a5e5
reloadAllAccessors: .PulseFiringLimitDE

===========================================================================================
----------------- testing Sun Feb 24 15:07:00 UTC 2019 /home/travis/build/icyphy/ptII/ptolemy/actor/lib/test/auto/Ramp1.xml
----------------- Instantiating /home/travis/build/icyphy/ptII/ptolemy/actor/lib/test/auto/Ramp1.xml
1 ms. Memory: 1525248K Free: 341628K (22%)
----------------- Invoking toplevel() on ptolemy.moml.MoMLSimpleApplication@7d57cc42
----------------- Done invoking toplevel() on ptolemy.moml.MoMLSimpleApplication@7d57cc42
reloadAllAccessors: .Ramp1

===========================================================================================
----------------- testing Sun Feb 24 15:07:00 UTC 2019 /home/travis/build/icyphy/ptII/ptolemy/actor/lib/test/auto/RampFiringLimitDE.xml
----------------- Instantiating /home/travis/build/icyphy/ptII/ptolemy/actor/lib/test/auto/RampFiringLimitDE.xml
8 ms. Memory: 1525248K Free: 320806K (21%)
----------------- Invoking toplevel() on ptolemy.moml.MoMLSimpleApplication@2d5b8a61
----------------- Done invoking toplevel() on ptolemy.moml.MoMLSimpleApplication@2d5b8a61
reloadAllAccessors: .RampFiringLimitDE

===========================================================================================
----------------- testing Sun Feb 24 15:07:00 UTC 2019 /home/travis/build/icyphy/ptII/ptolemy/actor/lib/test/auto/RampFiringLimitSDF.xml
----------------- Instantiating /home/travis/build/icyphy/ptII/ptolemy/actor/lib/test/auto/RampFiringLimitSDF.xml
2 ms. Memory: 1525248K Free: 306572K (20%)
----------------- Invoking toplevel() on ptolemy.moml.MoMLSimpleApplication@6e04fdff
----------------- Done invoking toplevel() on ptolemy.moml.MoMLSimpleApplication@6e04fdff
reloadAllAccessors: .RampFiringLimitSDF

===========================================================================================
----------------- testing Sun Feb 24 15:07:00 UTC 2019 /home/travis/build/icyphy/ptII/ptolemy/actor/lib/test/auto/RandomInteger.xml
----------------- Instantiating /home/travis/build/icyphy/ptII/ptolemy/actor/lib/test/auto/RandomInteger.xml
1 ms. Memory: 1525248K Free: 292339K (19%)
----------------- Invoking toplevel() on ptolemy.moml.MoMLSimpleApplication@2f00be8e
----------------- Done invoking toplevel() on ptolemy.moml.MoMLSimpleApplication@2f00be8e
reloadAllAccessors: .RandomInteger

===========================================================================================
----------------- testing Sun Feb 24 15:07:00 UTC 2019 /home/travis/build/icyphy/ptII/ptolemy/actor/lib/test/auto/ReadFile1.xml
----------------- Instantiating /home/travis/build/icyphy/ptII/ptolemy/actor/lib/test/auto/ReadFile1.xml
2 ms. Memory: 1525248K Free: 271517K (18%)
----------------- Invoking toplevel() on ptolemy.moml.MoMLSimpleApplication@227dd368
----------------- Done invoking toplevel() on ptolemy.moml.MoMLSimpleApplication@227dd368
reloadAllAccessors: .ReadFile1

===========================================================================================
----------------- testing Sun Feb 24 15:07:00 UTC 2019 /home/travis/build/icyphy/ptII/ptolemy/actor/lib/test/auto/ReadFile2.xml
----------------- Instantiating /home/travis/build/icyphy/ptII/ptolemy/actor/lib/test/auto/ReadFile2.xml
1 ms. Memory: 1525248K Free: 257283K (17%)
----------------- Invoking toplevel() on ptolemy.moml.MoMLSimpleApplication@6329ebc7
----------------- Done invoking toplevel() on ptolemy.moml.MoMLSimpleApplication@6329ebc7
reloadAllAccessors: .ReadFile2

===========================================================================================
----------------- testing Sun Feb 24 15:07:00 UTC 2019 /home/travis/build/icyphy/ptII/ptolemy/actor/lib/test/auto/Reader.xml
----------------- Instantiating /home/travis/build/icyphy/ptII/ptolemy/actor/lib/test/auto/Reader.xml
actor.lib.Reader is obsolete, use actor.lib.io.ExpressionReader instead
6 ms. Memory: 1525248K Free: 243049K (16%)
----------------- Invoking toplevel() on ptolemy.moml.MoMLSimpleApplication@41b26858
----------------- Done invoking toplevel() on ptolemy.moml.MoMLSimpleApplication@41b26858
reloadAllAccessors: .Reader

===========================================================================================
----------------- testing Sun Feb 24 15:07:00 UTC 2019 /home/travis/build/icyphy/ptII/ptolemy/actor/lib/test/auto/RecordAssemblerDisplayNameTest.xml
----------------- Instantiating /home/travis/build/icyphy/ptII/ptolemy/actor/lib/test/auto/RecordAssemblerDisplayNameTest.xml
2987 ms. Memory: 1559040K Free: 452675K (29%)
----------------- Invoking toplevel() on ptolemy.moml.MoMLSimpleApplication@7cff89c7
----------------- Done invoking toplevel() on ptolemy.moml.MoMLSimpleApplication@7cff89c7
reloadAllAccessors: .RecordAssemblerDisplayNameTest

===========================================================================================
----------------- testing Sun Feb 24 15:07:03 UTC 2019 /home/travis/build/icyphy/ptII/ptolemy/actor/lib/test/auto/RecordAssemblerTypeError.xml
----------------- Instantiating /home/travis/build/icyphy/ptII/ptolemy/actor/lib/test/auto/RecordAssemblerTypeError.xml
4 ms. Memory: 1559040K Free: 421927K (27%)
----------------- Invoking toplevel() on ptolemy.moml.MoMLSimpleApplication@415f4c46
----------------- Done invoking toplevel() on ptolemy.moml.MoMLSimpleApplication@415f4c46
reloadAllAccessors: .RecordAssemblerTypeError

===========================================================================================
----------------- testing Sun Feb 24 15:07:03 UTC 2019 /home/travis/build/icyphy/ptII/ptolemy/actor/lib/test/auto/RecordDisassember.xml
----------------- Instantiating /home/travis/build/icyphy/ptII/ptolemy/actor/lib/test/auto/RecordDisassember.xml
3 ms. Memory: 1559040K Free: 407529K (26%)
----------------- Invoking toplevel() on ptolemy.moml.MoMLSimpleApplication@15c7dd5d
----------------- Done invoking toplevel() on ptolemy.moml.MoMLSimpleApplication@15c7dd5d
reloadAllAccessors: .RecordDisassember

===========================================================================================
----------------- testing Sun Feb 24 15:07:03 UTC 2019 /home/travis/build/icyphy/ptII/ptolemy/actor/lib/test/auto/RecordDisassemberDisplayNameTest.xml
----------------- Instantiating /home/travis/build/icyphy/ptII/ptolemy/actor/lib/test/auto/RecordDisassemberDisplayNameTest.xml
5 ms. Memory: 1559040K Free: 387633K (25%)
----------------- Invoking toplevel() on ptolemy.moml.MoMLSimpleApplication@60973956
----------------- Done invoking toplevel() on ptolemy.moml.MoMLSimpleApplication@60973956
reloadAllAccessors: .RecordDisassemberDisplayNameTest

===========================================================================================
----------------- testing Sun Feb 24 15:07:03 UTC 2019 /home/travis/build/icyphy/ptII/ptolemy/actor/lib/test/auto/RecordDisassembler.xml
----------------- Instantiating /home/travis/build/icyphy/ptII/ptolemy/actor/lib/test/auto/RecordDisassembler.xml
1 ms. Memory: 1559040K Free: 373235K (24%)
----------------- Invoking toplevel() on ptolemy.moml.MoMLSimpleApplication@20158b34
----------------- Done invoking toplevel() on ptolemy.moml.MoMLSimpleApplication@20158b34
reloadAllAccessors: .RecordDisassembler

===========================================================================================
----------------- testing Sun Feb 24 15:07:03 UTC 2019 /home/travis/build/icyphy/ptII/ptolemy/actor/lib/test/auto/RecordDisassembler2.xml
----------------- Instantiating /home/travis/build/icyphy/ptII/ptolemy/actor/lib/test/auto/RecordDisassembler2.xml
2 ms. Memory: 1559040K Free: 353338K (23%)
----------------- Invoking toplevel() on ptolemy.moml.MoMLSimpleApplication@28835ffd
----------------- Done invoking toplevel() on ptolemy.moml.MoMLSimpleApplication@28835ffd
reloadAllAccessors: .RecordDisassembler2

===========================================================================================
----------------- testing Sun Feb 24 15:07:03 UTC 2019 /home/travis/build/icyphy/ptII/ptolemy/actor/lib/test/auto/RecordUpdater.xml
----------------- Instantiating /home/travis/build/icyphy/ptII/ptolemy/actor/lib/test/auto/RecordUpdater.xml
2 ms. Memory: 1559040K Free: 338941K (22%)
----------------- Invoking toplevel() on ptolemy.moml.MoMLSimpleApplication@39b2a4f3
----------------- Done invoking toplevel() on ptolemy.moml.MoMLSimpleApplication@39b2a4f3
reloadAllAccessors: .RecordUpdater

===========================================================================================
----------------- testing Sun Feb 24 15:07:03 UTC 2019 /home/travis/build/icyphy/ptII/ptolemy/actor/lib/test/auto/RecordUpdater2.xml
----------------- Instantiating /home/travis/build/icyphy/ptII/ptolemy/actor/lib/test/auto/RecordUpdater2.xml
2 ms. Memory: 1559040K Free: 319044K (20%)
----------------- Invoking toplevel() on ptolemy.moml.MoMLSimpleApplication@6d1b04fa
----------------- Done invoking toplevel() on ptolemy.moml.MoMLSimpleApplication@6d1b04fa
reloadAllAccessors: .RecordUpdater2

===========================================================================================
----------------- testing Sun Feb 24 15:07:03 UTC 2019 /home/travis/build/icyphy/ptII/ptolemy/actor/lib/test/auto/RecursiveLattice.xml
----------------- Instantiating /home/travis/build/icyphy/ptII/ptolemy/actor/lib/test/auto/RecursiveLattice.xml
1 ms. Memory: 1559040K Free: 304647K (20%)
----------------- Invoking toplevel() on ptolemy.moml.MoMLSimpleApplication@174577a8
----------------- Done invoking toplevel() on ptolemy.moml.MoMLSimpleApplication@174577a8
reloadAllAccessors: .RecursiveLattice

===========================================================================================
----------------- testing Sun Feb 24 15:07:03 UTC 2019 /home/travis/build/icyphy/ptII/ptolemy/actor/lib/test/auto/Router.xml
----------------- Instantiating /home/travis/build/icyphy/ptII/ptolemy/actor/lib/test/auto/Router.xml
3004 ms. Memory: 1559040K Free: 284750K (18%)
----------------- Invoking toplevel() on ptolemy.moml.MoMLSimpleApplication@5c44c58b
----------------- Done invoking toplevel() on ptolemy.moml.MoMLSimpleApplication@5c44c58b
reloadAllAccessors: .Router

===========================================================================================
----------------- testing Sun Feb 24 15:07:06 UTC 2019 /home/travis/build/icyphy/ptII/ptolemy/actor/lib/test/auto/Router2.xml
----------------- Instantiating /home/travis/build/icyphy/ptII/ptolemy/actor/lib/test/auto/Router2.xml
3003 ms. Memory: 1559040K Free: 270352K (17%)
----------------- Invoking toplevel() on ptolemy.moml.MoMLSimpleApplication@42f4b4ab
----------------- Done invoking toplevel() on ptolemy.moml.MoMLSimpleApplication@42f4b4ab
reloadAllAccessors: .Router2

===========================================================================================
----------------- testing Sun Feb 24 15:07:09 UTC 2019 /home/travis/build/icyphy/ptII/ptolemy/actor/lib/test/auto/RunningMaximum.xml
----------------- Instantiating /home/travis/build/icyphy/ptII/ptolemy/actor/lib/test/auto/RunningMaximum.xml
2 ms. Memory: 1559040K Free: 250456K (16%)
----------------- Invoking toplevel() on ptolemy.moml.MoMLSimpleApplication@2a380860
----------------- Done invoking toplevel() on ptolemy.moml.MoMLSimpleApplication@2a380860
reloadAllAccessors: .RunningMaximum

===========================================================================================
----------------- testing Sun Feb 24 15:07:09 UTC 2019 /home/travis/build/icyphy/ptII/ptolemy/actor/lib/test/auto/RunningMinimum.xml
----------------- Instantiating /home/travis/build/icyphy/ptII/ptolemy/actor/lib/test/auto/RunningMinimum.xml
2 ms. Memory: 1559040K Free: 236058K (15%)
----------------- Invoking toplevel() on ptolemy.moml.MoMLSimpleApplication@3dfe572
----------------- Done invoking toplevel() on ptolemy.moml.MoMLSimpleApplication@3dfe572
reloadAllAccessors: .RunningMinimum

===========================================================================================
----------------- testing Sun Feb 24 15:07:09 UTC 2019 /home/travis/build/icyphy/ptII/ptolemy/actor/lib/test/auto/Scale.xml
----------------- Instantiating /home/travis/build/icyphy/ptII/ptolemy/actor/lib/test/auto/Scale.xml
1 ms. Memory: 1559040K Free: 216161K (14%)
----------------- Invoking toplevel() on ptolemy.moml.MoMLSimpleApplication@653cd62d
----------------- Done invoking toplevel() on ptolemy.moml.MoMLSimpleApplication@653cd62d
reloadAllAccessors: .Scale

===========================================================================================
----------------- testing Sun Feb 24 15:07:09 UTC 2019 /home/travis/build/icyphy/ptII/ptolemy/actor/lib/test/auto/Scale2.xml
----------------- Instantiating /home/travis/build/icyphy/ptII/ptolemy/actor/lib/test/auto/Scale2.xml
1 ms. Memory: 1559040K Free: 201764K (13%)
----------------- Invoking toplevel() on ptolemy.moml.MoMLSimpleApplication@748ff96c
----------------- Done invoking toplevel() on ptolemy.moml.MoMLSimpleApplication@748ff96c
reloadAllAccessors: .Scale2

===========================================================================================
----------------- testing Sun Feb 24 15:07:09 UTC 2019 /home/travis/build/icyphy/ptII/ptolemy/actor/lib/test/auto/Scale3.xml
----------------- Instantiating /home/travis/build/icyphy/ptII/ptolemy/actor/lib/test/auto/Scale3.xml
2 ms. Memory: 1559040K Free: 181867K (12%)
----------------- Invoking toplevel() on ptolemy.moml.MoMLSimpleApplication@7d28e62e
----------------- Done invoking toplevel() on ptolemy.moml.MoMLSimpleApplication@7d28e62e
reloadAllAccessors: .Scale3

===========================================================================================
----------------- testing Sun Feb 24 15:07:09 UTC 2019 /home/travis/build/icyphy/ptII/ptolemy/actor/lib/test/auto/ScaleArray.xml
----------------- Instantiating /home/travis/build/icyphy/ptII/ptolemy/actor/lib/test/auto/ScaleArray.xml
2 ms. Memory: 1559040K Free: 167470K (11%)
----------------- Invoking toplevel() on ptolemy.moml.MoMLSimpleApplication@b4d7356
----------------- Done invoking toplevel() on ptolemy.moml.MoMLSimpleApplication@b4d7356
reloadAllAccessors: .ScaleArray

===========================================================================================
----------------- testing Sun Feb 24 15:07:09 UTC 2019 /home/travis/build/icyphy/ptII/ptolemy/actor/lib/test/auto/ScaleArray2.xml
----------------- Instantiating /home/travis/build/icyphy/ptII/ptolemy/actor/lib/test/auto/ScaleArray2.xml
1 ms. Memory: 1559040K Free: 153072K (10%)
----------------- Invoking toplevel() on ptolemy.moml.MoMLSimpleApplication@2c0f417b
----------------- Done invoking toplevel() on ptolemy.moml.MoMLSimpleApplication@2c0f417b
reloadAllAccessors: .ScaleArray2

===========================================================================================
----------------- testing Sun Feb 24 15:07:09 UTC 2019 /home/travis/build/icyphy/ptII/ptolemy/actor/lib/test/auto/ScaleMatrix.xml
----------------- Instantiating /home/travis/build/icyphy/ptII/ptolemy/actor/lib/test/auto/ScaleMatrix.xml
92 ms. Memory: 1559040K Free: 125977K (8%)
----------------- Invoking toplevel() on ptolemy.moml.MoMLSimpleApplication@4b16af5b
----------------- Done invoking toplevel() on ptolemy.moml.MoMLSimpleApplication@4b16af5b
reloadAllAccessors: .ScaleMatrix

===========================================================================================
----------------- testing Sun Feb 24 15:07:10 UTC 2019 /home/travis/build/icyphy/ptII/ptolemy/actor/lib/test/auto/Select.xml
----------------- Instantiating /home/travis/build/icyphy/ptII/ptolemy/actor/lib/test/auto/Select.xml
2 ms. Memory: 1559040K Free: 111579K (7%)
----------------- Invoking toplevel() on ptolemy.moml.MoMLSimpleApplication@55bf98dd
----------------- Done invoking toplevel() on ptolemy.moml.MoMLSimpleApplication@55bf98dd
reloadAllAccessors: .Select

===========================================================================================
----------------- testing Sun Feb 24 15:07:10 UTC 2019 /home/travis/build/icyphy/ptII/ptolemy/actor/lib/test/auto/Select2.xml
----------------- Instantiating /home/travis/build/icyphy/ptII/ptolemy/actor/lib/test/auto/Select2.xml
1 ms. Memory: 1559040K Free: 91683K (6%)
----------------- Invoking toplevel() on ptolemy.moml.MoMLSimpleApplication@44f6f983
----------------- Done invoking toplevel() on ptolemy.moml.MoMLSimpleApplication@44f6f983
reloadAllAccessors: .Select2

===========================================================================================
----------------- testing Sun Feb 24 15:07:10 UTC 2019 /home/travis/build/icyphy/ptII/ptolemy/actor/lib/test/auto/SequenceToArray2.xml
----------------- Instantiating /home/travis/build/icyphy/ptII/ptolemy/actor/lib/test/auto/SequenceToArray2.xml
62 ms. Memory: 1678336K Free: 1556097K (93%)
----------------- Invoking toplevel() on ptolemy.moml.MoMLSimpleApplication@11236f69
----------------- Done invoking toplevel() on ptolemy.moml.MoMLSimpleApplication@11236f69
reloadAllAccessors: .SequenceToArray2

===========================================================================================
----------------- testing Sun Feb 24 15:07:10 UTC 2019 /home/travis/build/icyphy/ptII/ptolemy/actor/lib/test/auto/SequentialClock.xml
----------------- Instantiating /home/travis/build/icyphy/ptII/ptolemy/actor/lib/test/auto/SequentialClock.xml
2 ms. Memory: 1678336K Free: 1536021K (92%)
----------------- Invoking toplevel() on ptolemy.moml.MoMLSimpleApplication@702fc538
----------------- Done invoking toplevel() on ptolemy.moml.MoMLSimpleApplication@702fc538
reloadAllAccessors: .SequentialClock

===========================================================================================
----------------- testing Sun Feb 24 15:07:10 UTC 2019 /home/travis/build/icyphy/ptII/ptolemy/actor/lib/test/auto/SetVariable.xml
----------------- Instantiating /home/travis/build/icyphy/ptII/ptolemy/actor/lib/test/auto/SetVariable.xml
4 ms. Memory: 1678336K Free: 1515944K (90%)
----------------- Invoking toplevel() on ptolemy.moml.MoMLSimpleApplication@386599c2
----------------- Done invoking toplevel() on ptolemy.moml.MoMLSimpleApplication@386599c2
reloadAllAccessors: .SetVariable

===========================================================================================
----------------- testing Sun Feb 24 15:07:10 UTC 2019 /home/travis/build/icyphy/ptII/ptolemy/actor/lib/test/auto/SetVariable2.xml
----------------- Instantiating /home/travis/build/icyphy/ptII/ptolemy/actor/lib/test/auto/SetVariable2.xml
3 ms. Memory: 1678336K Free: 1500180K (89%)
----------------- Invoking toplevel() on ptolemy.moml.MoMLSimpleApplication@476acf21
----------------- Done invoking toplevel() on ptolemy.moml.MoMLSimpleApplication@476acf21
reloadAllAccessors: .SetVariable2

===========================================================================================
----------------- testing Sun Feb 24 15:07:10 UTC 2019 /home/travis/build/icyphy/ptII/ptolemy/actor/lib/test/auto/SetVariable3.xml
----------------- Instantiating /home/travis/build/icyphy/ptII/ptolemy/actor/lib/test/auto/SetVariable3.xml
4 ms. Memory: 1678336K Free: 1480104K (88%)
----------------- Invoking toplevel() on ptolemy.moml.MoMLSimpleApplication@14d0ac27
----------------- Done invoking toplevel() on ptolemy.moml.MoMLSimpleApplication@14d0ac27
reloadAllAccessors: .SetVariable3

===========================================================================================
----------------- testing Sun Feb 24 15:07:10 UTC 2019 /home/travis/build/icyphy/ptII/ptolemy/actor/lib/test/auto/SetVariable4.xml
----------------- Instantiating /home/travis/build/icyphy/ptII/ptolemy/actor/lib/test/auto/SetVariable4.xml
14 ms. Memory: 1678336K Free: 1404852K (84%)
----------------- Invoking toplevel() on ptolemy.moml.MoMLSimpleApplication@2900a7f4
----------------- Done invoking toplevel() on ptolemy.moml.MoMLSimpleApplication@2900a7f4
reloadAllAccessors: .SetVariable4

===========================================================================================
----------------- testing Sun Feb 24 15:07:10 UTC 2019 /home/travis/build/icyphy/ptII/ptolemy/actor/lib/test/auto/SetVariable5.xml
----------------- Instantiating /home/travis/build/icyphy/ptII/ptolemy/actor/lib/test/auto/SetVariable5.xml
8 ms. Memory: 1678336K Free: 1389087K (83%)
----------------- Invoking toplevel() on ptolemy.moml.MoMLSimpleApplication@254786df
----------------- Done invoking toplevel() on ptolemy.moml.MoMLSimpleApplication@254786df
reloadAllAccessors: .SetVariable5

===========================================================================================
----------------- testing Sun Feb 24 15:07:10 UTC 2019 /home/travis/build/icyphy/ptII/ptolemy/actor/lib/test/auto/Sinewave.xml
----------------- Instantiating /home/travis/build/icyphy/ptII/ptolemy/actor/lib/test/auto/Sinewave.xml
11 ms. Memory: 1678336K Free: 1361129K (81%)
----------------- Invoking toplevel() on ptolemy.moml.MoMLSimpleApplication@5cef7ce7
----------------- Done invoking toplevel() on ptolemy.moml.MoMLSimpleApplication@5cef7ce7
reloadAllAccessors: .Sinewave

===========================================================================================
----------------- testing Sun Feb 24 15:07:10 UTC 2019 /home/travis/build/icyphy/ptII/ptolemy/actor/lib/test/auto/Sinewave2.xml
----------------- Instantiating /home/travis/build/icyphy/ptII/ptolemy/actor/lib/test/auto/Sinewave2.xml
9 ms. Memory: 1678336K Free: 1345364K (80%)
----------------- Invoking toplevel() on ptolemy.moml.MoMLSimpleApplication@32dfedad
----------------- Done invoking toplevel() on ptolemy.moml.MoMLSimpleApplication@32dfedad
reloadAllAccessors: .Sinewave2

===========================================================================================
----------------- testing Sun Feb 24 15:07:10 UTC 2019 /home/travis/build/icyphy/ptII/ptolemy/actor/lib/test/auto/Sinewave3.xml
----------------- Instantiating /home/travis/build/icyphy/ptII/ptolemy/actor/lib/test/auto/Sinewave3.xml
9 ms. Memory: 1678336K Free: 1325288K (79%)
----------------- Invoking toplevel() on ptolemy.moml.MoMLSimpleApplication@954171e
----------------- Done invoking toplevel() on ptolemy.moml.MoMLSimpleApplication@954171e
reloadAllAccessors: .Sinewave3

===========================================================================================
----------------- testing Sun Feb 24 15:07:10 UTC 2019 /home/travis/build/icyphy/ptII/ptolemy/actor/lib/test/auto/SingleEvent.xml
----------------- Instantiating /home/travis/build/icyphy/ptII/ptolemy/actor/lib/test/auto/SingleEvent.xml
3 ms. Memory: 1678336K Free: 1305212K (78%)
----------------- Invoking toplevel() on ptolemy.moml.MoMLSimpleApplication@a680a46
----------------- Done invoking toplevel() on ptolemy.moml.MoMLSimpleApplication@a680a46
reloadAllAccessors: .SingleEvent

===========================================================================================
----------------- testing Sun Feb 24 15:07:10 UTC 2019 /home/travis/build/icyphy/ptII/ptolemy/actor/lib/test/auto/Sleep.xml
----------------- Instantiating /home/travis/build/icyphy/ptII/ptolemy/actor/lib/test/auto/Sleep.xml
6003 ms. Memory: 1678336K Free: 1289447K (77%)
----------------- Invoking toplevel() on ptolemy.moml.MoMLSimpleApplication@6bc5fbc1
----------------- Done invoking toplevel() on ptolemy.moml.MoMLSimpleApplication@6bc5fbc1
reloadAllAccessors: .Sleep

===========================================================================================
----------------- testing Sun Feb 24 15:07:16 UTC 2019 /home/travis/build/icyphy/ptII/ptolemy/actor/lib/test/auto/SleepMultipleFire.xml
----------------- Instantiating /home/travis/build/icyphy/ptII/ptolemy/actor/lib/test/auto/SleepMultipleFire.xml
1005 ms. Memory: 1678336K Free: 1269371K (76%)
----------------- Invoking toplevel() on ptolemy.moml.MoMLSimpleApplication@3f3d367d
----------------- Done invoking toplevel() on ptolemy.moml.MoMLSimpleApplication@3f3d367d
reloadAllAccessors: .SleepMultipleFire

===========================================================================================
----------------- testing Sun Feb 24 15:07:17 UTC 2019 /home/travis/build/icyphy/ptII/ptolemy/actor/lib/test/auto/StopDE.xml
----------------- Instantiating /home/travis/build/icyphy/ptII/ptolemy/actor/lib/test/auto/StopDE.xml
2 ms. Memory: 1678336K Free: 1253606K (75%)
----------------- Invoking toplevel() on ptolemy.moml.MoMLSimpleApplication@37bb4bb9
----------------- Done invoking toplevel() on ptolemy.moml.MoMLSimpleApplication@37bb4bb9
reloadAllAccessors: .StopDE

===========================================================================================
----------------- testing Sun Feb 24 15:07:17 UTC 2019 /home/travis/build/icyphy/ptII/ptolemy/actor/lib/test/auto/StopSDF.xml
----------------- Instantiating /home/travis/build/icyphy/ptII/ptolemy/actor/lib/test/auto/StopSDF.xml
2 ms. Memory: 1678336K Free: 1233530K (73%)
----------------- Invoking toplevel() on ptolemy.moml.MoMLSimpleApplication@150bdf12
----------------- Done invoking toplevel() on ptolemy.moml.MoMLSimpleApplication@150bdf12
reloadAllAccessors: .StopSDF

===========================================================================================
----------------- testing Sun Feb 24 15:07:17 UTC 2019 /home/travis/build/icyphy/ptII/ptolemy/actor/lib/test/auto/StringConstant.xml
----------------- Instantiating /home/travis/build/icyphy/ptII/ptolemy/actor/lib/test/auto/StringConstant.xml
1 ms. Memory: 1678336K Free: 1213454K (72%)
----------------- Invoking toplevel() on ptolemy.moml.MoMLSimpleApplication@7b4b310d
----------------- Done invoking toplevel() on ptolemy.moml.MoMLSimpleApplication@7b4b310d
reloadAllAccessors: .StringConstant

===========================================================================================
----------------- testing Sun Feb 24 15:07:17 UTC 2019 /home/travis/build/icyphy/ptII/ptolemy/actor/lib/test/auto/SubscriberPortInitialValues1.xml
----------------- Instantiating /home/travis/build/icyphy/ptII/ptolemy/actor/lib/test/auto/SubscriberPortInitialValues1.xml
4 ms. Memory: 1678336K Free: 1197690K (71%)
----------------- Invoking toplevel() on ptolemy.moml.MoMLSimpleApplication@7b331cc5
----------------- Done invoking toplevel() on ptolemy.moml.MoMLSimpleApplication@7b331cc5
reloadAllAccessors: .SubscriberPortInitialValues1

===========================================================================================
----------------- testing Sun Feb 24 15:07:17 UTC 2019 /home/travis/build/icyphy/ptII/ptolemy/actor/lib/test/auto/SubscriberPortInitialValues13.xml
----------------- Instantiating /home/travis/build/icyphy/ptII/ptolemy/actor/lib/test/auto/SubscriberPortInitialValues13.xml
3 ms. Memory: 1678336K Free: 1169723K (70%)
----------------- Invoking toplevel() on ptolemy.moml.MoMLSimpleApplication@1573457d
----------------- Done invoking toplevel() on ptolemy.moml.MoMLSimpleApplication@1573457d
reloadAllAccessors: .SubscriberPortInitialValues13

===========================================================================================
----------------- testing Sun Feb 24 15:07:17 UTC 2019 /home/travis/build/icyphy/ptII/ptolemy/actor/lib/test/auto/SubscriberPortInitialValues14.xml
----------------- Instantiating /home/travis/build/icyphy/ptII/ptolemy/actor/lib/test/auto/SubscriberPortInitialValues14.xml
4 ms. Memory: 1678336K Free: 1153959K (69%)
----------------- Invoking toplevel() on ptolemy.moml.MoMLSimpleApplication@73d57085
----------------- Done invoking toplevel() on ptolemy.moml.MoMLSimpleApplication@73d57085
reloadAllAccessors: .SubscriberPortInitialValues14

===========================================================================================
----------------- testing Sun Feb 24 15:07:17 UTC 2019 /home/travis/build/icyphy/ptII/ptolemy/actor/lib/test/auto/SubscriberPortInitialValues2.xml
----------------- Instantiating /home/travis/build/icyphy/ptII/ptolemy/actor/lib/test/auto/SubscriberPortInitialValues2.xml
3 ms. Memory: 1678336K Free: 1133882K (68%)
----------------- Invoking toplevel() on ptolemy.moml.MoMLSimpleApplication@6a396ee
----------------- Done invoking toplevel() on ptolemy.moml.MoMLSimpleApplication@6a396ee
reloadAllAccessors: .SubscriberPortInitialValues2

===========================================================================================
----------------- testing Sun Feb 24 15:07:17 UTC 2019 /home/travis/build/icyphy/ptII/ptolemy/actor/lib/test/auto/SubscriberPortInitialValues3.xml
----------------- Instantiating /home/travis/build/icyphy/ptII/ptolemy/actor/lib/test/auto/SubscriberPortInitialValues3.xml
3 ms. Memory: 1678336K Free: 1113806K (66%)
----------------- Invoking toplevel() on ptolemy.moml.MoMLSimpleApplication@34143166
----------------- Done invoking toplevel() on ptolemy.moml.MoMLSimpleApplication@34143166
reloadAllAccessors: .SubscriberPortInitialValues3

===========================================================================================
----------------- testing Sun Feb 24 15:07:17 UTC 2019 /home/travis/build/icyphy/ptII/ptolemy/actor/lib/test/auto/SubscriptionAggregator.xml
----------------- Instantiating /home/travis/build/icyphy/ptII/ptolemy/actor/lib/test/auto/SubscriptionAggregator.xml
2 ms. Memory: 1678336K Free: 1098042K (65%)
----------------- Invoking toplevel() on ptolemy.moml.MoMLSimpleApplication@14ea3714
----------------- Done invoking toplevel() on ptolemy.moml.MoMLSimpleApplication@14ea3714
reloadAllAccessors: .SubscriptionAggregator

===========================================================================================
----------------- testing Sun Feb 24 15:07:17 UTC 2019 /home/travis/build/icyphy/ptII/ptolemy/actor/lib/test/auto/SubscriptionAggregator2.xml
----------------- Instantiating /home/travis/build/icyphy/ptII/ptolemy/actor/lib/test/auto/SubscriptionAggregator2.xml
2 ms. Memory: 1678336K Free: 1077965K (64%)
----------------- Invoking toplevel() on ptolemy.moml.MoMLSimpleApplication@4a0d729
----------------- Done invoking toplevel() on ptolemy.moml.MoMLSimpleApplication@4a0d729
reloadAllAccessors: .SubscriptionAggregator2

===========================================================================================
----------------- testing Sun Feb 24 15:07:17 UTC 2019 /home/travis/build/icyphy/ptII/ptolemy/actor/lib/test/auto/SubscriptionAggregator3.xml
----------------- Instantiating /home/travis/build/icyphy/ptII/ptolemy/actor/lib/test/auto/SubscriptionAggregator3.xml
2 ms. Memory: 1678336K Free: 1062201K (63%)
----------------- Invoking toplevel() on ptolemy.moml.MoMLSimpleApplication@46f261b5
----------------- Done invoking toplevel() on ptolemy.moml.MoMLSimpleApplication@46f261b5
reloadAllAccessors: .SubscriptionAggregator3

===========================================================================================
----------------- testing Sun Feb 24 15:07:17 UTC 2019 /home/travis/build/icyphy/ptII/ptolemy/actor/lib/test/auto/SubscriptionAggregatorMultiply.xml
----------------- Instantiating /home/travis/build/icyphy/ptII/ptolemy/actor/lib/test/auto/SubscriptionAggregatorMultiply.xml
3 ms. Memory: 1678336K Free: 1042125K (62%)
----------------- Invoking toplevel() on ptolemy.moml.MoMLSimpleApplication@b8de5b1
----------------- Done invoking toplevel() on ptolemy.moml.MoMLSimpleApplication@b8de5b1
reloadAllAccessors: .SubscriptionAggregatorMultiply

===========================================================================================
----------------- testing Sun Feb 24 15:07:17 UTC 2019 /home/travis/build/icyphy/ptII/ptolemy/actor/lib/test/auto/SubscriptionAggregatorPortMultiply1.xml
----------------- Instantiating /home/travis/build/icyphy/ptII/ptolemy/actor/lib/test/auto/SubscriptionAggregatorPortMultiply1.xml
3 ms. Memory: 1678336K Free: 1022049K (61%)
----------------- Invoking toplevel() on ptolemy.moml.MoMLSimpleApplication@2da58046
----------------- Done invoking toplevel() on ptolemy.moml.MoMLSimpleApplication@2da58046
reloadAllAccessors: .SubscriptionAggregatorPortMultiply1

===========================================================================================
----------------- testing Sun Feb 24 15:07:17 UTC 2019 /home/travis/build/icyphy/ptII/ptolemy/actor/lib/test/auto/Switch.xml
----------------- Instantiating /home/travis/build/icyphy/ptII/ptolemy/actor/lib/test/auto/Switch.xml
3 ms. Memory: 1678336K Free: 958952K (57%)
----------------- Invoking toplevel() on ptolemy.moml.MoMLSimpleApplication@5004160
----------------- Done invoking toplevel() on ptolemy.moml.MoMLSimpleApplication@5004160
reloadAllAccessors: .Switch

===========================================================================================
----------------- testing Sun Feb 24 15:07:17 UTC 2019 /home/travis/build/icyphy/ptII/ptolemy/actor/lib/test/auto/Switch2.xml
----------------- Instantiating /home/travis/build/icyphy/ptII/ptolemy/actor/lib/test/auto/Switch2.xml
1 ms. Memory: 1678336K Free: 938876K (56%)
----------------- Invoking toplevel() on ptolemy.moml.MoMLSimpleApplication@6246fb21
----------------- Done invoking toplevel() on ptolemy.moml.MoMLSimpleApplication@6246fb21
reloadAllAccessors: .Switch2

===========================================================================================
----------------- testing Sun Feb 24 15:07:17 UTC 2019 /home/travis/build/icyphy/ptII/ptolemy/actor/lib/test/auto/SwitchDE.xml
----------------- Instantiating /home/travis/build/icyphy/ptII/ptolemy/actor/lib/test/auto/SwitchDE.xml
1 ms. Memory: 1678336K Free: 923112K (55%)
----------------- Invoking toplevel() on ptolemy.moml.MoMLSimpleApplication@3097927b
----------------- Done invoking toplevel() on ptolemy.moml.MoMLSimpleApplication@3097927b
reloadAllAccessors: .SwitchDE

===========================================================================================
----------------- testing Sun Feb 24 15:07:17 UTC 2019 /home/travis/build/icyphy/ptII/ptolemy/actor/lib/test/auto/SynchronizerDE.xml
----------------- Instantiating /home/travis/build/icyphy/ptII/ptolemy/actor/lib/test/auto/SynchronizerDE.xml
4 ms. Memory: 1678336K Free: 903035K (54%)
----------------- Invoking toplevel() on ptolemy.moml.MoMLSimpleApplication@6ec09ddd
----------------- Done invoking toplevel() on ptolemy.moml.MoMLSimpleApplication@6ec09ddd
reloadAllAccessors: .SynchronizerDE

===========================================================================================
----------------- testing Sun Feb 24 15:07:17 UTC 2019 /home/travis/build/icyphy/ptII/ptolemy/actor/lib/test/auto/Test.xml
----------------- Instantiating /home/travis/build/icyphy/ptII/ptolemy/actor/lib/test/auto/Test.xml
2 ms. Memory: 1678336K Free: 882959K (53%)
----------------- Invoking toplevel() on ptolemy.moml.MoMLSimpleApplication@df01ceb
----------------- Done invoking toplevel() on ptolemy.moml.MoMLSimpleApplication@df01ceb
reloadAllAccessors: .Test

===========================================================================================
----------------- testing Sun Feb 24 15:07:17 UTC 2019 /home/travis/build/icyphy/ptII/ptolemy/actor/lib/test/auto/TestExceptionAttribute1.xml
----------------- Instantiating /home/travis/build/icyphy/ptII/ptolemy/actor/lib/test/auto/TestExceptionAttribute1.xml
0 ms. Memory: 1678336K Free: 867195K (52%)
----------------- Invoking toplevel() on ptolemy.moml.MoMLSimpleApplication@1298709c
----------------- Done invoking toplevel() on ptolemy.moml.MoMLSimpleApplication@1298709c
reloadAllAccessors: .TestExceptionAttribute1

===========================================================================================
----------------- testing Sun Feb 24 15:07:17 UTC 2019 /home/travis/build/icyphy/ptII/ptolemy/actor/lib/test/auto/TestExceptionAttribute2.xml
----------------- Instantiating /home/travis/build/icyphy/ptII/ptolemy/actor/lib/test/auto/TestExceptionAttribute2.xml
1 ms. Memory: 1678336K Free: 847118K (50%)
----------------- Invoking toplevel() on ptolemy.moml.MoMLSimpleApplication@1900674c
----------------- Done invoking toplevel() on ptolemy.moml.MoMLSimpleApplication@1900674c
reloadAllAccessors: .TestExceptionAttribute2

===========================================================================================
----------------- testing Sun Feb 24 15:07:17 UTC 2019 /home/travis/build/icyphy/ptII/ptolemy/actor/lib/test/auto/TestExceptionAttribute3.xml
----------------- Instantiating /home/travis/build/icyphy/ptII/ptolemy/actor/lib/test/auto/TestExceptionAttribute3.xml
.TestExceptionAttribute3.TestExceptionAttribute: initialize() was not invoked, but wrapup() was.  This is unusual, but not always a problem.  For example, exporting JNLP will do this.
0 ms. Memory: 1678336K Free: 831354K (50%)
----------------- Invoking toplevel() on ptolemy.moml.MoMLSimpleApplication@610ff55
----------------- Done invoking toplevel() on ptolemy.moml.MoMLSimpleApplication@610ff55
reloadAllAccessors: .TestExceptionAttribute3

===========================================================================================
----------------- testing Sun Feb 24 15:07:17 UTC 2019 /home/travis/build/icyphy/ptII/ptolemy/actor/lib/test/auto/TestExceptionAttribute4.xml
----------------- Instantiating /home/travis/build/icyphy/ptII/ptolemy/actor/lib/test/auto/TestExceptionAttribute4.xml
.TestExceptionAttribute4.TestExceptionAttribute: initialize() was not invoked, but wrapup() was.  This is unusual, but not always a problem.  For example, exporting JNLP will do this.
.TestExceptionAttribute4.TestExceptionAttribute2: initialize() was not invoked, but wrapup() was.  This is unusual, but not always a problem.  For example, exporting JNLP will do this.
1 ms. Memory: 1678336K Free: 811278K (48%)
----------------- Invoking toplevel() on ptolemy.moml.MoMLSimpleApplication@35c1615
----------------- Done invoking toplevel() on ptolemy.moml.MoMLSimpleApplication@35c1615
reloadAllAccessors: .TestExceptionAttribute4

===========================================================================================
----------------- testing Sun Feb 24 15:07:17 UTC 2019 /home/travis/build/icyphy/ptII/ptolemy/actor/lib/test/auto/TestExceptionHandler1.xml
----------------- Instantiating /home/travis/build/icyphy/ptII/ptolemy/actor/lib/test/auto/TestExceptionHandler1.xml
1 ms. Memory: 1678336K Free: 791201K (47%)
----------------- Invoking toplevel() on ptolemy.moml.MoMLSimpleApplication@6b8158e9
----------------- Done invoking toplevel() on ptolemy.moml.MoMLSimpleApplication@6b8158e9
reloadAllAccessors: .TestExceptionHandler1

===========================================================================================
----------------- testing Sun Feb 24 15:07:17 UTC 2019 /home/travis/build/icyphy/ptII/ptolemy/actor/lib/test/auto/TestExceptionHandler2.xml
----------------- Instantiating /home/travis/build/icyphy/ptII/ptolemy/actor/lib/test/auto/TestExceptionHandler2.xml
1 ms. Memory: 1678336K Free: 775437K (46%)
----------------- Invoking toplevel() on ptolemy.moml.MoMLSimpleApplication@636f7490
----------------- Done invoking toplevel() on ptolemy.moml.MoMLSimpleApplication@636f7490
reloadAllAccessors: .TestExceptionHandler2

===========================================================================================
----------------- testing Sun Feb 24 15:07:17 UTC 2019 /home/travis/build/icyphy/ptII/ptolemy/actor/lib/test/auto/TestExceptionHandler3.xml
----------------- Instantiating /home/travis/build/icyphy/ptII/ptolemy/actor/lib/test/auto/TestExceptionHandler3.xml
1 ms. Memory: 1678336K Free: 755361K (45%)
----------------- Invoking toplevel() on ptolemy.moml.MoMLSimpleApplication@40eb984a
----------------- Done invoking toplevel() on ptolemy.moml.MoMLSimpleApplication@40eb984a
reloadAllAccessors: .TestExceptionHandler3

===========================================================================================
----------------- testing Sun Feb 24 15:07:17 UTC 2019 /home/travis/build/icyphy/ptII/ptolemy/actor/lib/test/auto/TestExceptionHandler4.xml
----------------- Instantiating /home/travis/build/icyphy/ptII/ptolemy/actor/lib/test/auto/TestExceptionHandler4.xml
1 ms. Memory: 1678336K Free: 739596K (44%)
----------------- Invoking toplevel() on ptolemy.moml.MoMLSimpleApplication@2f104c0e
----------------- Done invoking toplevel() on ptolemy.moml.MoMLSimpleApplication@2f104c0e
reloadAllAccessors: .TestExceptionHandler4

===========================================================================================
----------------- testing Sun Feb 24 15:07:17 UTC 2019 /home/travis/build/icyphy/ptII/ptolemy/actor/lib/test/auto/TestRequireCorrectOrder.xml
----------------- Instantiating /home/travis/build/icyphy/ptII/ptolemy/actor/lib/test/auto/TestRequireCorrectOrder.xml
2 ms. Memory: 1678336K Free: 719520K (43%)
----------------- Invoking toplevel() on ptolemy.moml.MoMLSimpleApplication@3cce123e
----------------- Done invoking toplevel() on ptolemy.moml.MoMLSimpleApplication@3cce123e
reloadAllAccessors: .TestRequireCorrectOrder

===========================================================================================
----------------- testing Sun Feb 24 15:07:17 UTC 2019 /home/travis/build/icyphy/ptII/ptolemy/actor/lib/test/auto/TestSimple.xml
----------------- Instantiating /home/travis/build/icyphy/ptII/ptolemy/actor/lib/test/auto/TestSimple.xml
2 ms. Memory: 1678336K Free: 699444K (42%)
----------------- Invoking toplevel() on ptolemy.moml.MoMLSimpleApplication@74263d14
----------------- Done invoking toplevel() on ptolemy.moml.MoMLSimpleApplication@74263d14
reloadAllAccessors: .TestSimple

===========================================================================================
----------------- testing Sun Feb 24 15:07:17 UTC 2019 /home/travis/build/icyphy/ptII/ptolemy/actor/lib/test/auto/ThrowModelError.xml
----------------- Instantiating /home/travis/build/icyphy/ptII/ptolemy/actor/lib/test/auto/ThrowModelError.xml
2 ms. Memory: 1678336K Free: 683679K (41%)
----------------- Invoking toplevel() on ptolemy.moml.MoMLSimpleApplication@73791b0f
----------------- Done invoking toplevel() on ptolemy.moml.MoMLSimpleApplication@73791b0f
reloadAllAccessors: .ThrowModelError

===========================================================================================
----------------- testing Sun Feb 24 15:07:17 UTC 2019 /home/travis/build/icyphy/ptII/ptolemy/actor/lib/test/auto/TimeDelayMicrosteps.xml
----------------- Instantiating /home/travis/build/icyphy/ptII/ptolemy/actor/lib/test/auto/TimeDelayMicrosteps.xml
2 ms. Memory: 1678336K Free: 663603K (40%)
----------------- Invoking toplevel() on ptolemy.moml.MoMLSimpleApplication@573841fe
----------------- Done invoking toplevel() on ptolemy.moml.MoMLSimpleApplication@573841fe
reloadAllAccessors: .TimeDelayMicrosteps

===========================================================================================
----------------- testing Sun Feb 24 15:07:17 UTC 2019 /home/travis/build/icyphy/ptII/ptolemy/actor/lib/test/auto/TimeDelayMicrosteps2.xml
----------------- Instantiating /home/travis/build/icyphy/ptII/ptolemy/actor/lib/test/auto/TimeDelayMicrosteps2.xml
2 ms. Memory: 1678336K Free: 643526K (38%)
----------------- Invoking toplevel() on ptolemy.moml.MoMLSimpleApplication@293d3470
----------------- Done invoking toplevel() on ptolemy.moml.MoMLSimpleApplication@293d3470
reloadAllAccessors: .TimeDelayMicrosteps2

===========================================================================================
----------------- testing Sun Feb 24 15:07:17 UTC 2019 /home/travis/build/icyphy/ptII/ptolemy/actor/lib/test/auto/TimeDelayMicrosteps3.xml
----------------- Instantiating /home/travis/build/icyphy/ptII/ptolemy/actor/lib/test/auto/TimeDelayMicrosteps3.xml
2 ms. Memory: 1678336K Free: 627762K (37%)
----------------- Invoking toplevel() on ptolemy.moml.MoMLSimpleApplication@16f76332
----------------- Done invoking toplevel() on ptolemy.moml.MoMLSimpleApplication@16f76332
reloadAllAccessors: .TimeDelayMicrosteps3

===========================================================================================
----------------- testing Sun Feb 24 15:07:17 UTC 2019 /home/travis/build/icyphy/ptII/ptolemy/actor/lib/test/auto/TimeDelayVariableMicrosteps.xml
----------------- Instantiating /home/travis/build/icyphy/ptII/ptolemy/actor/lib/test/auto/TimeDelayVariableMicrosteps.xml
2 ms. Memory: 1678336K Free: 607686K (36%)
----------------- Invoking toplevel() on ptolemy.moml.MoMLSimpleApplication@7ec68a38
----------------- Done invoking toplevel() on ptolemy.moml.MoMLSimpleApplication@7ec68a38
reloadAllAccessors: .TimeDelayVariableMicrosteps

===========================================================================================
----------------- testing Sun Feb 24 15:07:17 UTC 2019 /home/travis/build/icyphy/ptII/ptolemy/actor/lib/test/auto/TimeGap.xml
----------------- Instantiating /home/travis/build/icyphy/ptII/ptolemy/actor/lib/test/auto/TimeGap.xml
2 ms. Memory: 1678336K Free: 591921K (35%)
----------------- Invoking toplevel() on ptolemy.moml.MoMLSimpleApplication@35250252
----------------- Done invoking toplevel() on ptolemy.moml.MoMLSimpleApplication@35250252
reloadAllAccessors: .TimeGap

===========================================================================================
----------------- testing Sun Feb 24 15:07:17 UTC 2019 /home/travis/build/icyphy/ptII/ptolemy/actor/lib/test/auto/TimeGap2.xml
----------------- Instantiating /home/travis/build/icyphy/ptII/ptolemy/actor/lib/test/auto/TimeGap2.xml
2 ms. Memory: 1678336K Free: 571845K (34%)
----------------- Invoking toplevel() on ptolemy.moml.MoMLSimpleApplication@320dc81a
----------------- Done invoking toplevel() on ptolemy.moml.MoMLSimpleApplication@320dc81a
reloadAllAccessors: .TimeGap2

===========================================================================================
----------------- testing Sun Feb 24 15:07:18 UTC 2019 /home/travis/build/icyphy/ptII/ptolemy/actor/lib/test/auto/TimedSinewave.xml
----------------- Instantiating /home/travis/build/icyphy/ptII/ptolemy/actor/lib/test/auto/TimedSinewave.xml
12 ms. Memory: 1678336K Free: 543878K (32%)
----------------- Invoking toplevel() on ptolemy.moml.MoMLSimpleApplication@2ec0237c
----------------- Done invoking toplevel() on ptolemy.moml.MoMLSimpleApplication@2ec0237c
reloadAllAccessors: .TimedSinewave

===========================================================================================
----------------- testing Sun Feb 24 15:07:18 UTC 2019 /home/travis/build/icyphy/ptII/ptolemy/actor/lib/test/auto/TimedSinewavePhase.xml
----------------- Instantiating /home/travis/build/icyphy/ptII/ptolemy/actor/lib/test/auto/TimedSinewavePhase.xml
8 ms. Memory: 1678336K Free: 528114K (31%)
----------------- Invoking toplevel() on ptolemy.moml.MoMLSimpleApplication@7ad7d395
----------------- Done invoking toplevel() on ptolemy.moml.MoMLSimpleApplication@7ad7d395
reloadAllAccessors: .TimedSinewavePhase

===========================================================================================
----------------- testing Sun Feb 24 15:07:18 UTC 2019 /home/travis/build/icyphy/ptII/ptolemy/actor/lib/test/auto/Timer.xml
----------------- Instantiating /home/travis/build/icyphy/ptII/ptolemy/actor/lib/test/auto/Timer.xml
2 ms. Memory: 1678336K Free: 508038K (30%)
----------------- Invoking toplevel() on ptolemy.moml.MoMLSimpleApplication@41d24dd1
----------------- Done invoking toplevel() on ptolemy.moml.MoMLSimpleApplication@41d24dd1
reloadAllAccessors: .Timer

===========================================================================================
----------------- testing Sun Feb 24 15:07:18 UTC 2019 /home/travis/build/icyphy/ptII/ptolemy/actor/lib/test/auto/TriangularDistTestModel.xml
----------------- Instantiating /home/travis/build/icyphy/ptII/ptolemy/actor/lib/test/auto/TriangularDistTestModel.xml
2 ms. Memory: 1678336K Free: 492273K (29%)
----------------- Invoking toplevel() on ptolemy.moml.MoMLSimpleApplication@4eb4d7cc
----------------- Done invoking toplevel() on ptolemy.moml.MoMLSimpleApplication@4eb4d7cc
reloadAllAccessors: .TriangularDistTestModel

===========================================================================================
----------------- testing Sun Feb 24 15:07:18 UTC 2019 /home/travis/build/icyphy/ptII/ptolemy/actor/lib/test/auto/TrigFunction.xml
----------------- Instantiating /home/travis/build/icyphy/ptII/ptolemy/actor/lib/test/auto/TrigFunction.xml
1 ms. Memory: 1678336K Free: 472197K (28%)
----------------- Invoking toplevel() on ptolemy.moml.MoMLSimpleApplication@2982775e
----------------- Done invoking toplevel() on ptolemy.moml.MoMLSimpleApplication@2982775e
reloadAllAccessors: .TrigFunction

===========================================================================================
----------------- testing Sun Feb 24 15:07:18 UTC 2019 /home/travis/build/icyphy/ptII/ptolemy/actor/lib/test/auto/TrigFunctionDE.xml
----------------- Instantiating /home/travis/build/icyphy/ptII/ptolemy/actor/lib/test/auto/TrigFunctionDE.xml
1 ms. Memory: 1678336K Free: 452121K (27%)
----------------- Invoking toplevel() on ptolemy.moml.MoMLSimpleApplication@76648467
----------------- Done invoking toplevel() on ptolemy.moml.MoMLSimpleApplication@76648467
reloadAllAccessors: .TrigFunctionDE

===========================================================================================
----------------- testing Sun Feb 24 15:07:18 UTC 2019 /home/travis/build/icyphy/ptII/ptolemy/actor/lib/test/auto/TrigFunctionInverse.xml
----------------- Instantiating /home/travis/build/icyphy/ptII/ptolemy/actor/lib/test/auto/TrigFunctionInverse.xml
2 ms. Memory: 1678336K Free: 436356K (26%)
----------------- Invoking toplevel() on ptolemy.moml.MoMLSimpleApplication@645c7b59
----------------- Done invoking toplevel() on ptolemy.moml.MoMLSimpleApplication@645c7b59
reloadAllAccessors: .TrigFunctionInverse

===========================================================================================
----------------- testing Sun Feb 24 15:07:18 UTC 2019 /home/travis/build/icyphy/ptII/ptolemy/actor/lib/test/auto/TrigFunctionTan.xml
----------------- Instantiating /home/travis/build/icyphy/ptII/ptolemy/actor/lib/test/auto/TrigFunctionTan.xml
1 ms. Memory: 1678336K Free: 416280K (25%)
----------------- Invoking toplevel() on ptolemy.moml.MoMLSimpleApplication@719cb3ce
----------------- Done invoking toplevel() on ptolemy.moml.MoMLSimpleApplication@719cb3ce
reloadAllAccessors: .TrigFunctionTan

===========================================================================================
----------------- testing Sun Feb 24 15:07:18 UTC 2019 /home/travis/build/icyphy/ptII/ptolemy/actor/lib/test/auto/TriggeredClock.xml
----------------- Instantiating /home/travis/build/icyphy/ptII/ptolemy/actor/lib/test/auto/TriggeredClock.xml
1 ms. Memory: 1678336K Free: 400516K (24%)
----------------- Invoking toplevel() on ptolemy.moml.MoMLSimpleApplication@694a595c
----------------- Done invoking toplevel() on ptolemy.moml.MoMLSimpleApplication@694a595c
reloadAllAccessors: .TriggeredClock

===========================================================================================
----------------- testing Sun Feb 24 15:07:18 UTC 2019 /home/travis/build/icyphy/ptII/ptolemy/actor/lib/test/auto/URLDirectoryReader.xml
----------------- Instantiating /home/travis/build/icyphy/ptII/ptolemy/actor/lib/test/auto/URLDirectoryReader.xml
30 ms. Memory: 1678336K Free: 380439K (23%)
----------------- Invoking toplevel() on ptolemy.moml.MoMLSimpleApplication@7c328360
----------------- Done invoking toplevel() on ptolemy.moml.MoMLSimpleApplication@7c328360
reloadAllAccessors: .URLDirectoryReader

===========================================================================================
----------------- testing Sun Feb 24 15:07:18 UTC 2019 /home/travis/build/icyphy/ptII/ptolemy/actor/lib/test/auto/URLDirectoryReader3.xml
----------------- Instantiating /home/travis/build/icyphy/ptII/ptolemy/actor/lib/test/auto/URLDirectoryReader3.xml
1414 ms. Memory: 1678336K Free: 312813K (19%)
----------------- Invoking toplevel() on ptolemy.moml.MoMLSimpleApplication@7bca4c37
----------------- Done invoking toplevel() on ptolemy.moml.MoMLSimpleApplication@7bca4c37
reloadAllAccessors: .URLDirectoryReader3

===========================================================================================
----------------- testing Sun Feb 24 15:07:19 UTC 2019 /home/travis/build/icyphy/ptII/ptolemy/actor/lib/test/auto/UnaryMathFunction.xml
----------------- Instantiating /home/travis/build/icyphy/ptII/ptolemy/actor/lib/test/auto/UnaryMathFunction.xml
2 ms. Memory: 1678336K Free: 297049K (18%)
----------------- Invoking toplevel() on ptolemy.moml.MoMLSimpleApplication@4b70a095
----------------- Done invoking toplevel() on ptolemy.moml.MoMLSimpleApplication@4b70a095
reloadAllAccessors: .UnaryMathFunction

===========================================================================================
----------------- testing Sun Feb 24 15:07:19 UTC 2019 /home/travis/build/icyphy/ptII/ptolemy/actor/lib/test/auto/Uniform.xml
----------------- Instantiating /home/travis/build/icyphy/ptII/ptolemy/actor/lib/test/auto/Uniform.xml
2 ms. Memory: 1678336K Free: 276973K (17%)
----------------- Invoking toplevel() on ptolemy.moml.MoMLSimpleApplication@49efb6f0
----------------- Done invoking toplevel() on ptolemy.moml.MoMLSimpleApplication@49efb6f0
reloadAllAccessors: .Uniform

===========================================================================================
----------------- testing Sun Feb 24 15:07:19 UTC 2019 /home/travis/build/icyphy/ptII/ptolemy/actor/lib/test/auto/UnionDisassemblerTest.xml
----------------- Instantiating /home/travis/build/icyphy/ptII/ptolemy/actor/lib/test/auto/UnionDisassemblerTest.xml
5 ms. Memory: 1678336K Free: 261208K (16%)
----------------- Invoking toplevel() on ptolemy.moml.MoMLSimpleApplication@24d7b960
----------------- Done invoking toplevel() on ptolemy.moml.MoMLSimpleApplication@24d7b960
reloadAllAccessors: .UnionDisassemblerTest

===========================================================================================
----------------- testing Sun Feb 24 15:07:20 UTC 2019 /home/travis/build/icyphy/ptII/ptolemy/actor/lib/test/auto/UtilityFunctions.xml
----------------- Instantiating /home/travis/build/icyphy/ptII/ptolemy/actor/lib/test/auto/UtilityFunctions.xml
1 ms. Memory: 1678336K Free: 241132K (14%)
----------------- Invoking toplevel() on ptolemy.moml.MoMLSimpleApplication@2e1101b1
----------------- Done invoking toplevel() on ptolemy.moml.MoMLSimpleApplication@2e1101b1
reloadAllAccessors: .UtilityFunctions

===========================================================================================
----------------- testing Sun Feb 24 15:07:20 UTC 2019 /home/travis/build/icyphy/ptII/ptolemy/actor/lib/test/auto/VariableSleep.xml
----------------- Instantiating /home/travis/build/icyphy/ptII/ptolemy/actor/lib/test/auto/VariableSleep.xml
503 ms. Memory: 1678336K Free: 221056K (13%)
----------------- Invoking toplevel() on ptolemy.moml.MoMLSimpleApplication@1e4ded1f
----------------- Done invoking toplevel() on ptolemy.moml.MoMLSimpleApplication@1e4ded1f
reloadAllAccessors: .VariableSleep

===========================================================================================
----------------- testing Sun Feb 24 15:07:20 UTC 2019 /home/travis/build/icyphy/ptII/ptolemy/actor/lib/test/auto/VectorAssemblerDisassemblerCT.xml
----------------- Instantiating /home/travis/build/icyphy/ptII/ptolemy/actor/lib/test/auto/VectorAssemblerDisassemblerCT.xml
72 ms. Memory: 1678336K Free: 189511K (11%)
----------------- Invoking toplevel() on ptolemy.moml.MoMLSimpleApplication@444bb067
----------------- Done invoking toplevel() on ptolemy.moml.MoMLSimpleApplication@444bb067
reloadAllAccessors: .VectorAssemblerDisassemblerCT

===========================================================================================
----------------- testing Sun Feb 24 15:07:20 UTC 2019 /home/travis/build/icyphy/ptII/ptolemy/actor/lib/test/auto/VectorAssemblerDisassemblerDE.xml
----------------- Instantiating /home/travis/build/icyphy/ptII/ptolemy/actor/lib/test/auto/VectorAssemblerDisassemblerDE.xml
2 ms. Memory: 1678336K Free: 169434K (10%)
----------------- Invoking toplevel() on ptolemy.moml.MoMLSimpleApplication@4d65323
----------------- Done invoking toplevel() on ptolemy.moml.MoMLSimpleApplication@4d65323
reloadAllAccessors: .VectorAssemblerDisassemblerDE

===========================================================================================
----------------- testing Sun Feb 24 15:07:20 UTC 2019 /home/travis/build/icyphy/ptII/ptolemy/actor/lib/test/auto/VectorAssemblerDisassemblerSDF.xml
----------------- Instantiating /home/travis/build/icyphy/ptII/ptolemy/actor/lib/test/auto/VectorAssemblerDisassemblerSDF.xml
3 ms. Memory: 1678336K Free: 149358K (9%)
----------------- Invoking toplevel() on ptolemy.moml.MoMLSimpleApplication@7626335e
----------------- Done invoking toplevel() on ptolemy.moml.MoMLSimpleApplication@7626335e
reloadAllAccessors: .VectorAssemblerDisassemblerSDF

===========================================================================================
----------------- testing Sun Feb 24 15:07:20 UTC 2019 /home/travis/build/icyphy/ptII/ptolemy/actor/lib/test/auto/WallClockTime.xml
----------------- Instantiating /home/travis/build/icyphy/ptII/ptolemy/actor/lib/test/auto/WallClockTime.xml
1005 ms. Memory: 1678336K Free: 133594K (8%)
----------------- Invoking toplevel() on ptolemy.moml.MoMLSimpleApplication@d723935
----------------- Done invoking toplevel() on ptolemy.moml.MoMLSimpleApplication@d723935
reloadAllAccessors: .WallClockTime

===========================================================================================
----------------- testing Sun Feb 24 15:07:21 UTC 2019 /home/travis/build/icyphy/ptII/ptolemy/actor/lib/test/auto/WidthTestWithSubscriberPublisher.xml
----------------- Instantiating /home/travis/build/icyphy/ptII/ptolemy/actor/lib/test/auto/WidthTestWithSubscriberPublisher.xml
7 ms. Memory: 1678336K Free: 105619K (6%)
----------------- Invoking toplevel() on ptolemy.moml.MoMLSimpleApplication@18916ca7
----------------- Done invoking toplevel() on ptolemy.moml.MoMLSimpleApplication@18916ca7
reloadAllAccessors: .WidthTestWithSubscriberPublisher

===========================================================================================
----------------- testing Sun Feb 24 15:07:21 UTC 2019 /home/travis/build/icyphy/ptII/ptolemy/actor/lib/test/auto/WidthTestWithSubscriberPublisher2.xml
----------------- Instantiating /home/travis/build/icyphy/ptII/ptolemy/actor/lib/test/auto/WidthTestWithSubscriberPublisher2.xml
6 ms. Memory: 1678336K Free: 89854K (5%)
----------------- Invoking toplevel() on ptolemy.moml.MoMLSimpleApplication@1d5c3fc2
----------------- Done invoking toplevel() on ptolemy.moml.MoMLSimpleApplication@1d5c3fc2
reloadAllAccessors: .WidthTestWithSubscriberPublisher2

===========================================================================================
----------------- testing Sun Feb 24 15:07:21 UTC 2019 /home/travis/build/icyphy/ptII/ptolemy/actor/lib/test/auto/WidthTestWithSubscriberPublisher3.xml
----------------- Instantiating /home/travis/build/icyphy/ptII/ptolemy/actor/lib/test/auto/WidthTestWithSubscriberPublisher3.xml
2 ms. Memory: 1678336K Free: 69778K (4%)
----------------- Invoking toplevel() on ptolemy.moml.MoMLSimpleApplication@69e6211e
----------------- Done invoking toplevel() on ptolemy.moml.MoMLSimpleApplication@69e6211e
reloadAllAccessors: .WidthTestWithSubscriberPublisher3

===========================================================================================
----------------- testing Sun Feb 24 15:07:21 UTC 2019 /home/travis/build/icyphy/ptII/ptolemy/actor/lib/test/auto/Writer.xml
----------------- Instantiating /home/travis/build/icyphy/ptII/ptolemy/actor/lib/test/auto/Writer.xml
0
1
2
3
4
15 ms. Memory: 1694720K Free: 1639888K (97%)
----------------- Invoking toplevel() on ptolemy.moml.MoMLSimpleApplication@6957934d
----------------- Done invoking toplevel() on ptolemy.moml.MoMLSimpleApplication@6957934d
reloadAllAccessors: .Writer

===========================================================================================
----------------- testing Sun Feb 24 15:07:21 UTC 2019 /home/travis/build/icyphy/ptII/ptolemy/actor/lib/test/auto/array.xml
----------------- Instantiating /home/travis/build/icyphy/ptII/ptolemy/actor/lib/test/auto/array.xml
1 ms. Memory: 1694720K Free: 1616047K (95%)
----------------- Invoking toplevel() on ptolemy.moml.MoMLSimpleApplication@665dcff3
----------------- Done invoking toplevel() on ptolemy.moml.MoMLSimpleApplication@665dcff3
reloadAllAccessors: .array

===========================================================================================
----------------- testing Sun Feb 24 15:07:21 UTC 2019 /home/travis/build/icyphy/ptII/ptolemy/actor/lib/test/auto/array2.xml
----------------- Instantiating /home/travis/build/icyphy/ptII/ptolemy/actor/lib/test/auto/array2.xml
6 ms. Memory: 1694720K Free: 1596148K (94%)
----------------- Invoking toplevel() on ptolemy.moml.MoMLSimpleApplication@3d2f6504
----------------- Done invoking toplevel() on ptolemy.moml.MoMLSimpleApplication@3d2f6504
reloadAllAccessors: .array2

===========================================================================================
----------------- testing Sun Feb 24 15:07:21 UTC 2019 /home/travis/build/icyphy/ptII/ptolemy/actor/lib/test/auto/arrayType.xml
----------------- Instantiating /home/travis/build/icyphy/ptII/ptolemy/actor/lib/test/auto/arrayType.xml
1 ms. Memory: 1694720K Free: 1580383K (93%)
----------------- Invoking toplevel() on ptolemy.moml.MoMLSimpleApplication@108ee544
----------------- Done invoking toplevel() on ptolemy.moml.MoMLSimpleApplication@108ee544
reloadAllAccessors: .arrayType

===========================================================================================
----------------- testing Sun Feb 24 15:07:21 UTC 2019 /home/travis/build/icyphy/ptII/ptolemy/actor/lib/test/auto/arrayType10.xml
----------------- Instantiating /home/travis/build/icyphy/ptII/ptolemy/actor/lib/test/auto/arrayType10.xml
1 ms. Memory: 1694720K Free: 1560484K (92%)
----------------- Invoking toplevel() on ptolemy.moml.MoMLSimpleApplication@5a7a21a0
----------------- Done invoking toplevel() on ptolemy.moml.MoMLSimpleApplication@5a7a21a0
reloadAllAccessors: .arrayType10

===========================================================================================
----------------- testing Sun Feb 24 15:07:21 UTC 2019 /home/travis/build/icyphy/ptII/ptolemy/actor/lib/test/auto/arrayType11.xml
----------------- Instantiating /home/travis/build/icyphy/ptII/ptolemy/actor/lib/test/auto/arrayType11.xml
1 ms. Memory: 1694720K Free: 1540585K (91%)
----------------- Invoking toplevel() on ptolemy.moml.MoMLSimpleApplication@303c8f09
----------------- Done invoking toplevel() on ptolemy.moml.MoMLSimpleApplication@303c8f09
reloadAllAccessors: .arrayType11

===========================================================================================
----------------- testing Sun Feb 24 15:07:21 UTC 2019 /home/travis/build/icyphy/ptII/ptolemy/actor/lib/test/auto/arrayType12.xml
----------------- Instantiating /home/travis/build/icyphy/ptII/ptolemy/actor/lib/test/auto/arrayType12.xml
1 ms. Memory: 1694720K Free: 1524820K (90%)
----------------- Invoking toplevel() on ptolemy.moml.MoMLSimpleApplication@73652b05
----------------- Done invoking toplevel() on ptolemy.moml.MoMLSimpleApplication@73652b05
reloadAllAccessors: .arrayType12

===========================================================================================
----------------- testing Sun Feb 24 15:07:21 UTC 2019 /home/travis/build/icyphy/ptII/ptolemy/actor/lib/test/auto/arrayType13.xml
----------------- Instantiating /home/travis/build/icyphy/ptII/ptolemy/actor/lib/test/auto/arrayType13.xml
1 ms. Memory: 1694720K Free: 1504921K (89%)
----------------- Invoking toplevel() on ptolemy.moml.MoMLSimpleApplication@3c1dd446
----------------- Done invoking toplevel() on ptolemy.moml.MoMLSimpleApplication@3c1dd446
reloadAllAccessors: .arrayType13

===========================================================================================
----------------- testing Sun Feb 24 15:07:21 UTC 2019 /home/travis/build/icyphy/ptII/ptolemy/actor/lib/test/auto/arrayType14.xml
----------------- Instantiating /home/travis/build/icyphy/ptII/ptolemy/actor/lib/test/auto/arrayType14.xml
1 ms. Memory: 1694720K Free: 1485022K (88%)
----------------- Invoking toplevel() on ptolemy.moml.MoMLSimpleApplication@318b2606
----------------- Done invoking toplevel() on ptolemy.moml.MoMLSimpleApplication@318b2606
reloadAllAccessors: .arrayType14

===========================================================================================
----------------- testing Sun Feb 24 15:07:21 UTC 2019 /home/travis/build/icyphy/ptII/ptolemy/actor/lib/test/auto/arrayType15.xml
----------------- Instantiating /home/travis/build/icyphy/ptII/ptolemy/actor/lib/test/auto/arrayType15.xml
1 ms. Memory: 1694720K Free: 1469257K (87%)
----------------- Invoking toplevel() on ptolemy.moml.MoMLSimpleApplication@5fae4053
----------------- Done invoking toplevel() on ptolemy.moml.MoMLSimpleApplication@5fae4053
reloadAllAccessors: .arrayType15

===========================================================================================
----------------- testing Sun Feb 24 15:07:21 UTC 2019 /home/travis/build/icyphy/ptII/ptolemy/actor/lib/test/auto/arrayType16.xml
----------------- Instantiating /home/travis/build/icyphy/ptII/ptolemy/actor/lib/test/auto/arrayType16.xml
2 ms. Memory: 1694720K Free: 1449358K (86%)
----------------- Invoking toplevel() on ptolemy.moml.MoMLSimpleApplication@311efd92
----------------- Done invoking toplevel() on ptolemy.moml.MoMLSimpleApplication@311efd92
reloadAllAccessors: .arrayType16

===========================================================================================
----------------- testing Sun Feb 24 15:07:21 UTC 2019 /home/travis/build/icyphy/ptII/ptolemy/actor/lib/test/auto/arrayType17.xml
----------------- Instantiating /home/travis/build/icyphy/ptII/ptolemy/actor/lib/test/auto/arrayType17.xml
1 ms. Memory: 1694720K Free: 1429459K (84%)
----------------- Invoking toplevel() on ptolemy.moml.MoMLSimpleApplication@4730ba10
----------------- Done invoking toplevel() on ptolemy.moml.MoMLSimpleApplication@4730ba10
reloadAllAccessors: .arrayType17

===========================================================================================
----------------- testing Sun Feb 24 15:07:21 UTC 2019 /home/travis/build/icyphy/ptII/ptolemy/actor/lib/test/auto/arrayType18.xml
----------------- Instantiating /home/travis/build/icyphy/ptII/ptolemy/actor/lib/test/auto/arrayType18.xml
2 ms. Memory: 1694720K Free: 1413694K (83%)
----------------- Invoking toplevel() on ptolemy.moml.MoMLSimpleApplication@4f2e636
----------------- Done invoking toplevel() on ptolemy.moml.MoMLSimpleApplication@4f2e636
reloadAllAccessors: .arrayType18

===========================================================================================
----------------- testing Sun Feb 24 15:07:22 UTC 2019 /home/travis/build/icyphy/ptII/ptolemy/actor/lib/test/auto/arrayType19.xml
----------------- Instantiating /home/travis/build/icyphy/ptII/ptolemy/actor/lib/test/auto/arrayType19.xml
1 ms. Memory: 1694720K Free: 1393795K (82%)
----------------- Invoking toplevel() on ptolemy.moml.MoMLSimpleApplication@6af4ddea
----------------- Done invoking toplevel() on ptolemy.moml.MoMLSimpleApplication@6af4ddea
reloadAllAccessors: .arrayType19

===========================================================================================
----------------- testing Sun Feb 24 15:07:22 UTC 2019 /home/travis/build/icyphy/ptII/ptolemy/actor/lib/test/auto/arrayType2.xml
----------------- Instantiating /home/travis/build/icyphy/ptII/ptolemy/actor/lib/test/auto/arrayType2.xml
1 ms. Memory: 1694720K Free: 1373896K (81%)
----------------- Invoking toplevel() on ptolemy.moml.MoMLSimpleApplication@2f8ba437
----------------- Done invoking toplevel() on ptolemy.moml.MoMLSimpleApplication@2f8ba437
reloadAllAccessors: .arrayType2

===========================================================================================
----------------- testing Sun Feb 24 15:07:22 UTC 2019 /home/travis/build/icyphy/ptII/ptolemy/actor/lib/test/auto/arrayType20.xml
----------------- Instantiating /home/travis/build/icyphy/ptII/ptolemy/actor/lib/test/auto/arrayType20.xml
2 ms. Memory: 1694720K Free: 1358131K (80%)
----------------- Invoking toplevel() on ptolemy.moml.MoMLSimpleApplication@2715d31e
----------------- Done invoking toplevel() on ptolemy.moml.MoMLSimpleApplication@2715d31e
reloadAllAccessors: .arrayType20

===========================================================================================
----------------- testing Sun Feb 24 15:07:22 UTC 2019 /home/travis/build/icyphy/ptII/ptolemy/actor/lib/test/auto/arrayType21.xml
----------------- Instantiating /home/travis/build/icyphy/ptII/ptolemy/actor/lib/test/auto/arrayType21.xml
1 ms. Memory: 1694720K Free: 1338232K (79%)
----------------- Invoking toplevel() on ptolemy.moml.MoMLSimpleApplication@27c96773
----------------- Done invoking toplevel() on ptolemy.moml.MoMLSimpleApplication@27c96773
reloadAllAccessors: .arrayType21

===========================================================================================
----------------- testing Sun Feb 24 15:07:22 UTC 2019 /home/travis/build/icyphy/ptII/ptolemy/actor/lib/test/auto/arrayType22.xml
----------------- Instantiating /home/travis/build/icyphy/ptII/ptolemy/actor/lib/test/auto/arrayType22.xml
1 ms. Memory: 1694720K Free: 1322468K (78%)
----------------- Invoking toplevel() on ptolemy.moml.MoMLSimpleApplication@2230c2d8
----------------- Done invoking toplevel() on ptolemy.moml.MoMLSimpleApplication@2230c2d8
reloadAllAccessors: .arrayType22

===========================================================================================
----------------- testing Sun Feb 24 15:07:22 UTC 2019 /home/travis/build/icyphy/ptII/ptolemy/actor/lib/test/auto/arrayType23.xml
----------------- Instantiating /home/travis/build/icyphy/ptII/ptolemy/actor/lib/test/auto/arrayType23.xml
1 ms. Memory: 1694720K Free: 1302568K (77%)
----------------- Invoking toplevel() on ptolemy.moml.MoMLSimpleApplication@3447f050
----------------- Done invoking toplevel() on ptolemy.moml.MoMLSimpleApplication@3447f050
reloadAllAccessors: .arrayType23

===========================================================================================
----------------- testing Sun Feb 24 15:07:22 UTC 2019 /home/travis/build/icyphy/ptII/ptolemy/actor/lib/test/auto/arrayType24.xml
----------------- Instantiating /home/travis/build/icyphy/ptII/ptolemy/actor/lib/test/auto/arrayType24.xml
2 ms. Memory: 1694720K Free: 1282669K (76%)
----------------- Invoking toplevel() on ptolemy.moml.MoMLSimpleApplication@1555922
----------------- Done invoking toplevel() on ptolemy.moml.MoMLSimpleApplication@1555922
reloadAllAccessors: .arrayType24

===========================================================================================
----------------- testing Sun Feb 24 15:07:22 UTC 2019 /home/travis/build/icyphy/ptII/ptolemy/actor/lib/test/auto/arrayType25.xml
----------------- Instantiating /home/travis/build/icyphy/ptII/ptolemy/actor/lib/test/auto/arrayType25.xml
1 ms. Memory: 1694720K Free: 1266905K (75%)
----------------- Invoking toplevel() on ptolemy.moml.MoMLSimpleApplication@39ba316b
----------------- Done invoking toplevel() on ptolemy.moml.MoMLSimpleApplication@39ba316b
reloadAllAccessors: .arrayType25

===========================================================================================
----------------- testing Sun Feb 24 15:07:22 UTC 2019 /home/travis/build/icyphy/ptII/ptolemy/actor/lib/test/auto/arrayType26.xml
----------------- Instantiating /home/travis/build/icyphy/ptII/ptolemy/actor/lib/test/auto/arrayType26.xml
1 ms. Memory: 1694720K Free: 1247005K (74%)
----------------- Invoking toplevel() on ptolemy.moml.MoMLSimpleApplication@2f13269e
----------------- Done invoking toplevel() on ptolemy.moml.MoMLSimpleApplication@2f13269e
reloadAllAccessors: .arrayType26

===========================================================================================
----------------- testing Sun Feb 24 15:07:22 UTC 2019 /home/travis/build/icyphy/ptII/ptolemy/actor/lib/test/auto/arrayType27.xml
----------------- Instantiating /home/travis/build/icyphy/ptII/ptolemy/actor/lib/test/auto/arrayType27.xml
1 ms. Memory: 1694720K Free: 1227105K (72%)
----------------- Invoking toplevel() on ptolemy.moml.MoMLSimpleApplication@16aa3692
----------------- Done invoking toplevel() on ptolemy.moml.MoMLSimpleApplication@16aa3692
reloadAllAccessors: .arrayType27

===========================================================================================
----------------- testing Sun Feb 24 15:07:22 UTC 2019 /home/travis/build/icyphy/ptII/ptolemy/actor/lib/test/auto/arrayType28.xml
----------------- Instantiating /home/travis/build/icyphy/ptII/ptolemy/actor/lib/test/auto/arrayType28.xml
1 ms. Memory: 1694720K Free: 1211341K (71%)
----------------- Invoking toplevel() on ptolemy.moml.MoMLSimpleApplication@570783b6
----------------- Done invoking toplevel() on ptolemy.moml.MoMLSimpleApplication@570783b6
reloadAllAccessors: .arrayType28

===========================================================================================
----------------- testing Sun Feb 24 15:07:22 UTC 2019 /home/travis/build/icyphy/ptII/ptolemy/actor/lib/test/auto/arrayType3.xml
----------------- Instantiating /home/travis/build/icyphy/ptII/ptolemy/actor/lib/test/auto/arrayType3.xml
1 ms. Memory: 1694720K Free: 1191442K (70%)
----------------- Invoking toplevel() on ptolemy.moml.MoMLSimpleApplication@5a44be93
----------------- Done invoking toplevel() on ptolemy.moml.MoMLSimpleApplication@5a44be93
reloadAllAccessors: .arrayType3

===========================================================================================
----------------- testing Sun Feb 24 15:07:22 UTC 2019 /home/travis/build/icyphy/ptII/ptolemy/actor/lib/test/auto/arrayType4.xml
----------------- Instantiating /home/travis/build/icyphy/ptII/ptolemy/actor/lib/test/auto/arrayType4.xml
1 ms. Memory: 1694720K Free: 1171542K (69%)
----------------- Invoking toplevel() on ptolemy.moml.MoMLSimpleApplication@2800e818
----------------- Done invoking toplevel() on ptolemy.moml.MoMLSimpleApplication@2800e818
reloadAllAccessors: .arrayType4

===========================================================================================
----------------- testing Sun Feb 24 15:07:22 UTC 2019 /home/travis/build/icyphy/ptII/ptolemy/actor/lib/test/auto/arrayType5.xml
----------------- Instantiating /home/travis/build/icyphy/ptII/ptolemy/actor/lib/test/auto/arrayType5.xml
1 ms. Memory: 1694720K Free: 1155778K (68%)
----------------- Invoking toplevel() on ptolemy.moml.MoMLSimpleApplication@7f467cec
----------------- Done invoking toplevel() on ptolemy.moml.MoMLSimpleApplication@7f467cec
reloadAllAccessors: .arrayType5

===========================================================================================
----------------- testing Sun Feb 24 15:07:22 UTC 2019 /home/travis/build/icyphy/ptII/ptolemy/actor/lib/test/auto/arrayType6.xml
----------------- Instantiating /home/travis/build/icyphy/ptII/ptolemy/actor/lib/test/auto/arrayType6.xml
1 ms. Memory: 1694720K Free: 1135879K (67%)
----------------- Invoking toplevel() on ptolemy.moml.MoMLSimpleApplication@711a312
----------------- Done invoking toplevel() on ptolemy.moml.MoMLSimpleApplication@711a312
reloadAllAccessors: .arrayType6

===========================================================================================
----------------- testing Sun Feb 24 15:07:22 UTC 2019 /home/travis/build/icyphy/ptII/ptolemy/actor/lib/test/auto/arrayType7.xml
----------------- Instantiating /home/travis/build/icyphy/ptII/ptolemy/actor/lib/test/auto/arrayType7.xml
1 ms. Memory: 1694720K Free: 1115979K (66%)
----------------- Invoking toplevel() on ptolemy.moml.MoMLSimpleApplication@2c0f062b
----------------- Done invoking toplevel() on ptolemy.moml.MoMLSimpleApplication@2c0f062b
reloadAllAccessors: .arrayType7

===========================================================================================
----------------- testing Sun Feb 24 15:07:22 UTC 2019 /home/travis/build/icyphy/ptII/ptolemy/actor/lib/test/auto/arrayType8.xml
----------------- Instantiating /home/travis/build/icyphy/ptII/ptolemy/actor/lib/test/auto/arrayType8.xml
1 ms. Memory: 1694720K Free: 1100215K (65%)
----------------- Invoking toplevel() on ptolemy.moml.MoMLSimpleApplication@2465b0fa
----------------- Done invoking toplevel() on ptolemy.moml.MoMLSimpleApplication@2465b0fa
reloadAllAccessors: .arrayType8

===========================================================================================
----------------- testing Sun Feb 24 15:07:22 UTC 2019 /home/travis/build/icyphy/ptII/ptolemy/actor/lib/test/auto/arrayType9.xml
----------------- Instantiating /home/travis/build/icyphy/ptII/ptolemy/actor/lib/test/auto/arrayType9.xml
2 ms. Memory: 1694720K Free: 1080315K (64%)
----------------- Invoking toplevel() on ptolemy.moml.MoMLSimpleApplication@67cfa975
----------------- Done invoking toplevel() on ptolemy.moml.MoMLSimpleApplication@67cfa975
reloadAllAccessors: .arrayType9

===========================================================================================
----------------- testing Sun Feb 24 15:07:22 UTC 2019 /home/travis/build/icyphy/ptII/ptolemy/actor/lib/test/auto/cast.xml
----------------- Instantiating /home/travis/build/icyphy/ptII/ptolemy/actor/lib/test/auto/cast.xml
2 ms. Memory: 1694720K Free: 1060416K (63%)
----------------- Invoking toplevel() on ptolemy.moml.MoMLSimpleApplication@2f86d675
----------------- Done invoking toplevel() on ptolemy.moml.MoMLSimpleApplication@2f86d675
reloadAllAccessors: .cast

===========================================================================================
----------------- testing Sun Feb 24 15:07:22 UTC 2019 /home/travis/build/icyphy/ptII/ptolemy/actor/lib/test/auto/compositeMultiPort.xml
----------------- Instantiating /home/travis/build/icyphy/ptII/ptolemy/actor/lib/test/auto/compositeMultiPort.xml
2 ms. Memory: 1694720K Free: 1044652K (62%)
----------------- Invoking toplevel() on ptolemy.moml.MoMLSimpleApplication@46fb84b6
----------------- Done invoking toplevel() on ptolemy.moml.MoMLSimpleApplication@46fb84b6
reloadAllAccessors: .compositeMultiPort

===========================================================================================
----------------- testing Sun Feb 24 15:07:22 UTC 2019 /home/travis/build/icyphy/ptII/ptolemy/actor/lib/test/auto/expressionCastInference.xml
----------------- Instantiating /home/travis/build/icyphy/ptII/ptolemy/actor/lib/test/auto/expressionCastInference.xml
2 ms. Memory: 1694720K Free: 1024752K (60%)
----------------- Invoking toplevel() on ptolemy.moml.MoMLSimpleApplication@3da212ca
----------------- Done invoking toplevel() on ptolemy.moml.MoMLSimpleApplication@3da212ca
reloadAllAccessors: .expressionCastInference

===========================================================================================
----------------- testing Sun Feb 24 15:07:22 UTC 2019 /home/travis/build/icyphy/ptII/ptolemy/actor/lib/test/auto/expressionCastInference2.xml
----------------- Instantiating /home/travis/build/icyphy/ptII/ptolemy/actor/lib/test/auto/expressionCastInference2.xml
1 ms. Memory: 1694720K Free: 1004853K (59%)
----------------- Invoking toplevel() on ptolemy.moml.MoMLSimpleApplication@3d6c6e02
----------------- Done invoking toplevel() on ptolemy.moml.MoMLSimpleApplication@3d6c6e02
reloadAllAccessors: .expressionCastInference2

===========================================================================================
----------------- testing Sun Feb 24 15:07:22 UTC 2019 /home/travis/build/icyphy/ptII/ptolemy/actor/lib/test/auto/expressionInference.xml
----------------- Instantiating /home/travis/build/icyphy/ptII/ptolemy/actor/lib/test/auto/expressionInference.xml
1 ms. Memory: 1694720K Free: 989089K (58%)
----------------- Invoking toplevel() on ptolemy.moml.MoMLSimpleApplication@394e0b99
----------------- Done invoking toplevel() on ptolemy.moml.MoMLSimpleApplication@394e0b99
reloadAllAccessors: .expressionInference

===========================================================================================
----------------- testing Sun Feb 24 15:07:22 UTC 2019 /home/travis/build/icyphy/ptII/ptolemy/actor/lib/test/auto/expression_bug.xml
----------------- Instantiating /home/travis/build/icyphy/ptII/ptolemy/actor/lib/test/auto/expression_bug.xml
1 ms. Memory: 1694720K Free: 969189K (57%)
----------------- Invoking toplevel() on ptolemy.moml.MoMLSimpleApplication@7aee04c3
----------------- Done invoking toplevel() on ptolemy.moml.MoMLSimpleApplication@7aee04c3
reloadAllAccessors: .expression_bug

===========================================================================================
----------------- testing Sun Feb 24 15:07:22 UTC 2019 /home/travis/build/icyphy/ptII/ptolemy/actor/lib/test/auto/factorial.xml
----------------- Instantiating /home/travis/build/icyphy/ptII/ptolemy/actor/lib/test/auto/factorial.xml
28 ms. Memory: 1694720K Free: 953400K (56%)
----------------- Invoking toplevel() on ptolemy.moml.MoMLSimpleApplication@2db88f77
----------------- Done invoking toplevel() on ptolemy.moml.MoMLSimpleApplication@2db88f77
reloadAllAccessors: .factorial

===========================================================================================
----------------- testing Sun Feb 24 15:07:22 UTC 2019 /home/travis/build/icyphy/ptII/ptolemy/actor/lib/test/auto/filterTest1.xml
----------------- Instantiating /home/travis/build/icyphy/ptII/ptolemy/actor/lib/test/auto/filterTest1.xml
3 ms. Memory: 1694720K Free: 933501K (55%)
----------------- Invoking toplevel() on ptolemy.moml.MoMLSimpleApplication@104ba6f9
----------------- Done invoking toplevel() on ptolemy.moml.MoMLSimpleApplication@104ba6f9
reloadAllAccessors: .filterTest1

===========================================================================================
----------------- testing Sun Feb 24 15:07:22 UTC 2019 /home/travis/build/icyphy/ptII/ptolemy/actor/lib/test/auto/funcApplyInConst.xml
----------------- Instantiating /home/travis/build/icyphy/ptII/ptolemy/actor/lib/test/auto/funcApplyInConst.xml
1 ms. Memory: 1694720K Free: 913601K (54%)
----------------- Invoking toplevel() on ptolemy.moml.MoMLSimpleApplication@155b136e
----------------- Done invoking toplevel() on ptolemy.moml.MoMLSimpleApplication@155b136e
reloadAllAccessors: .funcApplyInConst

===========================================================================================
----------------- testing Sun Feb 24 15:07:22 UTC 2019 /home/travis/build/icyphy/ptII/ptolemy/actor/lib/test/auto/funcApplyInExpr.xml
----------------- Instantiating /home/travis/build/icyphy/ptII/ptolemy/actor/lib/test/auto/funcApplyInExpr.xml
1 ms. Memory: 1694720K Free: 897837K (53%)
----------------- Invoking toplevel() on ptolemy.moml.MoMLSimpleApplication@41b0ff15
----------------- Done invoking toplevel() on ptolemy.moml.MoMLSimpleApplication@41b0ff15
reloadAllAccessors: .funcApplyInExpr

===========================================================================================
----------------- testing Sun Feb 24 15:07:22 UTC 2019 /home/travis/build/icyphy/ptII/ptolemy/actor/lib/test/auto/function.xml
----------------- Instantiating /home/travis/build/icyphy/ptII/ptolemy/actor/lib/test/auto/function.xml
1 ms. Memory: 1694720K Free: 877938K (52%)
----------------- Invoking toplevel() on ptolemy.moml.MoMLSimpleApplication@546d12e6
----------------- Done invoking toplevel() on ptolemy.moml.MoMLSimpleApplication@546d12e6
reloadAllAccessors: .function

===========================================================================================
----------------- testing Sun Feb 24 15:07:22 UTC 2019 /home/travis/build/icyphy/ptII/ptolemy/actor/lib/test/auto/function2.xml
----------------- Instantiating /home/travis/build/icyphy/ptII/ptolemy/actor/lib/test/auto/function2.xml
1 ms. Memory: 1694720K Free: 858038K (51%)
----------------- Invoking toplevel() on ptolemy.moml.MoMLSimpleApplication@8a53e47
----------------- Done invoking toplevel() on ptolemy.moml.MoMLSimpleApplication@8a53e47
reloadAllAccessors: .function2

===========================================================================================
----------------- testing Sun Feb 24 15:07:22 UTC 2019 /home/travis/build/icyphy/ptII/ptolemy/actor/lib/test/auto/function3.xml
----------------- Instantiating /home/travis/build/icyphy/ptII/ptolemy/actor/lib/test/auto/function3.xml
1 ms. Memory: 1694720K Free: 842274K (50%)
----------------- Invoking toplevel() on ptolemy.moml.MoMLSimpleApplication@93e9e7f
----------------- Done invoking toplevel() on ptolemy.moml.MoMLSimpleApplication@93e9e7f
reloadAllAccessors: .function3

===========================================================================================
----------------- testing Sun Feb 24 15:07:22 UTC 2019 /home/travis/build/icyphy/ptII/ptolemy/actor/lib/test/auto/functionClosureTest1.xml
----------------- Instantiating /home/travis/build/icyphy/ptII/ptolemy/actor/lib/test/auto/functionClosureTest1.xml
1 ms. Memory: 1694720K Free: 822374K (49%)
----------------- Invoking toplevel() on ptolemy.moml.MoMLSimpleApplication@d908569
----------------- Done invoking toplevel() on ptolemy.moml.MoMLSimpleApplication@d908569
reloadAllAccessors: .functionClosureTest1

===========================================================================================
----------------- testing Sun Feb 24 15:07:22 UTC 2019 /home/travis/build/icyphy/ptII/ptolemy/actor/lib/test/auto/functionClosureTest2.xml
----------------- Instantiating /home/travis/build/icyphy/ptII/ptolemy/actor/lib/test/auto/functionClosureTest2.xml
1 ms. Memory: 1694720K Free: 802475K (47%)
----------------- Invoking toplevel() on ptolemy.moml.MoMLSimpleApplication@62578172
----------------- Done invoking toplevel() on ptolemy.moml.MoMLSimpleApplication@62578172
reloadAllAccessors: .functionClosureTest2

===========================================================================================
----------------- testing Sun Feb 24 15:07:22 UTC 2019 /home/travis/build/icyphy/ptII/ptolemy/actor/lib/test/auto/functionClosureTest3.xml
----------------- Instantiating /home/travis/build/icyphy/ptII/ptolemy/actor/lib/test/auto/functionClosureTest3.xml
2 ms. Memory: 1694720K Free: 786711K (46%)
----------------- Invoking toplevel() on ptolemy.moml.MoMLSimpleApplication@42812123
----------------- Done invoking toplevel() on ptolemy.moml.MoMLSimpleApplication@42812123
reloadAllAccessors: .functionClosureTest3

===========================================================================================
----------------- testing Sun Feb 24 15:07:22 UTC 2019 /home/travis/build/icyphy/ptII/ptolemy/actor/lib/test/auto/functionClosureTest4.xml
----------------- Instantiating /home/travis/build/icyphy/ptII/ptolemy/actor/lib/test/auto/functionClosureTest4.xml
6 ms. Memory: 1694720K Free: 766811K (45%)
----------------- Invoking toplevel() on ptolemy.moml.MoMLSimpleApplication@30f128df
----------------- Done invoking toplevel() on ptolemy.moml.MoMLSimpleApplication@30f128df
reloadAllAccessors: .functionClosureTest4

===========================================================================================
----------------- testing Sun Feb 24 15:07:22 UTC 2019 /home/travis/build/icyphy/ptII/ptolemy/actor/lib/test/auto/functionClosureTest5.xml
----------------- Instantiating /home/travis/build/icyphy/ptII/ptolemy/actor/lib/test/auto/functionClosureTest5.xml
3 ms. Memory: 1694720K Free: 746912K (44%)
----------------- Invoking toplevel() on ptolemy.moml.MoMLSimpleApplication@56b960b0
----------------- Done invoking toplevel() on ptolemy.moml.MoMLSimpleApplication@56b960b0
reloadAllAccessors: .functionClosureTest5

===========================================================================================
----------------- testing Sun Feb 24 15:07:22 UTC 2019 /home/travis/build/icyphy/ptII/ptolemy/actor/lib/test/auto/functionClosureTest6.xml
----------------- Instantiating /home/travis/build/icyphy/ptII/ptolemy/actor/lib/test/auto/functionClosureTest6.xml
2 ms. Memory: 1694720K Free: 731148K (43%)
----------------- Invoking toplevel() on ptolemy.moml.MoMLSimpleApplication@41a87a0f
----------------- Done invoking toplevel() on ptolemy.moml.MoMLSimpleApplication@41a87a0f
reloadAllAccessors: .functionClosureTest6

===========================================================================================
----------------- testing Sun Feb 24 15:07:22 UTC 2019 /home/travis/build/icyphy/ptII/ptolemy/actor/lib/test/auto/functionsOnArcs.xml
----------------- Instantiating /home/travis/build/icyphy/ptII/ptolemy/actor/lib/test/auto/functionsOnArcs.xml
1 ms. Memory: 1694720K Free: 711248K (42%)
----------------- Invoking toplevel() on ptolemy.moml.MoMLSimpleApplication@d714d47
----------------- Done invoking toplevel() on ptolemy.moml.MoMLSimpleApplication@d714d47
reloadAllAccessors: .functionsOnArcs

===========================================================================================
----------------- testing Sun Feb 24 15:07:22 UTC 2019 /home/travis/build/icyphy/ptII/ptolemy/actor/lib/test/auto/functionsOnArcsHOF.xml
----------------- Instantiating /home/travis/build/icyphy/ptII/ptolemy/actor/lib/test/auto/functionsOnArcsHOF.xml
3 ms. Memory: 1694720K Free: 691349K (41%)
----------------- Invoking toplevel() on ptolemy.moml.MoMLSimpleApplication@1804197d
----------------- Done invoking toplevel() on ptolemy.moml.MoMLSimpleApplication@1804197d
reloadAllAccessors: .functionsOnArcsHOF

===========================================================================================
----------------- testing Sun Feb 24 15:07:22 UTC 2019 /home/travis/build/icyphy/ptII/ptolemy/actor/lib/test/auto/logic.xml
----------------- Instantiating /home/travis/build/icyphy/ptII/ptolemy/actor/lib/test/auto/logic.xml
2 ms. Memory: 1694720K Free: 675584K (40%)
----------------- Invoking toplevel() on ptolemy.moml.MoMLSimpleApplication@30a82447
----------------- Done invoking toplevel() on ptolemy.moml.MoMLSimpleApplication@30a82447
reloadAllAccessors: .logic

===========================================================================================
----------------- testing Sun Feb 24 15:07:22 UTC 2019 /home/travis/build/icyphy/ptII/ptolemy/actor/lib/test/auto/matrixType.xml
----------------- Instantiating /home/travis/build/icyphy/ptII/ptolemy/actor/lib/test/auto/matrixType.xml
2 ms. Memory: 1694720K Free: 655685K (39%)
----------------- Invoking toplevel() on ptolemy.moml.MoMLSimpleApplication@1c28f835
----------------- Done invoking toplevel() on ptolemy.moml.MoMLSimpleApplication@1c28f835
reloadAllAccessors: .matrixType

===========================================================================================
----------------- testing Sun Feb 24 15:07:22 UTC 2019 /home/travis/build/icyphy/ptII/ptolemy/actor/lib/test/auto/matrixType10.xml
----------------- Instantiating /home/travis/build/icyphy/ptII/ptolemy/actor/lib/test/auto/matrixType10.xml
2 ms. Memory: 1694720K Free: 635786K (38%)
----------------- Invoking toplevel() on ptolemy.moml.MoMLSimpleApplication@3740dad6
----------------- Done invoking toplevel() on ptolemy.moml.MoMLSimpleApplication@3740dad6
reloadAllAccessors: .matrixType10

===========================================================================================
----------------- testing Sun Feb 24 15:07:22 UTC 2019 /home/travis/build/icyphy/ptII/ptolemy/actor/lib/test/auto/matrixType11.xml
----------------- Instantiating /home/travis/build/icyphy/ptII/ptolemy/actor/lib/test/auto/matrixType11.xml
1 ms. Memory: 1694720K Free: 620021K (37%)
----------------- Invoking toplevel() on ptolemy.moml.MoMLSimpleApplication@95c853b
----------------- Done invoking toplevel() on ptolemy.moml.MoMLSimpleApplication@95c853b
reloadAllAccessors: .matrixType11

===========================================================================================
----------------- testing Sun Feb 24 15:07:22 UTC 2019 /home/travis/build/icyphy/ptII/ptolemy/actor/lib/test/auto/matrixType12.xml
----------------- Instantiating /home/travis/build/icyphy/ptII/ptolemy/actor/lib/test/auto/matrixType12.xml
1 ms. Memory: 1694720K Free: 600122K (35%)
----------------- Invoking toplevel() on ptolemy.moml.MoMLSimpleApplication@40797f82
----------------- Done invoking toplevel() on ptolemy.moml.MoMLSimpleApplication@40797f82
reloadAllAccessors: .matrixType12

===========================================================================================
----------------- testing Sun Feb 24 15:07:22 UTC 2019 /home/travis/build/icyphy/ptII/ptolemy/actor/lib/test/auto/matrixType13.xml
----------------- Instantiating /home/travis/build/icyphy/ptII/ptolemy/actor/lib/test/auto/matrixType13.xml
2 ms. Memory: 1694720K Free: 580222K (34%)
----------------- Invoking toplevel() on ptolemy.moml.MoMLSimpleApplication@7d59acfc
----------------- Done invoking toplevel() on ptolemy.moml.MoMLSimpleApplication@7d59acfc
reloadAllAccessors: .matrixType13

===========================================================================================
----------------- testing Sun Feb 24 15:07:22 UTC 2019 /home/travis/build/icyphy/ptII/ptolemy/actor/lib/test/auto/matrixType14.xml
----------------- Instantiating /home/travis/build/icyphy/ptII/ptolemy/actor/lib/test/auto/matrixType14.xml
2 ms. Memory: 1694720K Free: 564458K (33%)
----------------- Invoking toplevel() on ptolemy.moml.MoMLSimpleApplication@6addf3b5
----------------- Done invoking toplevel() on ptolemy.moml.MoMLSimpleApplication@6addf3b5
reloadAllAccessors: .matrixType14

===========================================================================================
----------------- testing Sun Feb 24 15:07:22 UTC 2019 /home/travis/build/icyphy/ptII/ptolemy/actor/lib/test/auto/matrixType2.xml
----------------- Instantiating /home/travis/build/icyphy/ptII/ptolemy/actor/lib/test/auto/matrixType2.xml
1 ms. Memory: 1694720K Free: 544558K (32%)
----------------- Invoking toplevel() on ptolemy.moml.MoMLSimpleApplication@33a26eb0
----------------- Done invoking toplevel() on ptolemy.moml.MoMLSimpleApplication@33a26eb0
reloadAllAccessors: .matrixType2

===========================================================================================
----------------- testing Sun Feb 24 15:07:22 UTC 2019 /home/travis/build/icyphy/ptII/ptolemy/actor/lib/test/auto/matrixType3.xml
----------------- Instantiating /home/travis/build/icyphy/ptII/ptolemy/actor/lib/test/auto/matrixType3.xml
2 ms. Memory: 1694720K Free: 524659K (31%)
----------------- Invoking toplevel() on ptolemy.moml.MoMLSimpleApplication@7f41fa9d
----------------- Done invoking toplevel() on ptolemy.moml.MoMLSimpleApplication@7f41fa9d
reloadAllAccessors: .matrixType3

===========================================================================================
----------------- testing Sun Feb 24 15:07:22 UTC 2019 /home/travis/build/icyphy/ptII/ptolemy/actor/lib/test/auto/matrixType4.xml
----------------- Instantiating /home/travis/build/icyphy/ptII/ptolemy/actor/lib/test/auto/matrixType4.xml
1 ms. Memory: 1694720K Free: 508895K (30%)
----------------- Invoking toplevel() on ptolemy.moml.MoMLSimpleApplication@299f501d
----------------- Done invoking toplevel() on ptolemy.moml.MoMLSimpleApplication@299f501d
reloadAllAccessors: .matrixType4

===========================================================================================
----------------- testing Sun Feb 24 15:07:22 UTC 2019 /home/travis/build/icyphy/ptII/ptolemy/actor/lib/test/auto/matrixType5.xml
----------------- Instantiating /home/travis/build/icyphy/ptII/ptolemy/actor/lib/test/auto/matrixType5.xml
2 ms. Memory: 1694720K Free: 488995K (29%)
----------------- Invoking toplevel() on ptolemy.moml.MoMLSimpleApplication@70f72cf6
----------------- Done invoking toplevel() on ptolemy.moml.MoMLSimpleApplication@70f72cf6
reloadAllAccessors: .matrixType5

===========================================================================================
----------------- testing Sun Feb 24 15:07:22 UTC 2019 /home/travis/build/icyphy/ptII/ptolemy/actor/lib/test/auto/matrixType6.xml
----------------- Instantiating /home/travis/build/icyphy/ptII/ptolemy/actor/lib/test/auto/matrixType6.xml
1 ms. Memory: 1694720K Free: 469096K (28%)
----------------- Invoking toplevel() on ptolemy.moml.MoMLSimpleApplication@743ae91d
----------------- Done invoking toplevel() on ptolemy.moml.MoMLSimpleApplication@743ae91d
reloadAllAccessors: .matrixType6

===========================================================================================
----------------- testing Sun Feb 24 15:07:22 UTC 2019 /home/travis/build/icyphy/ptII/ptolemy/actor/lib/test/auto/matrixType7.xml
----------------- Instantiating /home/travis/build/icyphy/ptII/ptolemy/actor/lib/test/auto/matrixType7.xml
1 ms. Memory: 1694720K Free: 453331K (27%)
----------------- Invoking toplevel() on ptolemy.moml.MoMLSimpleApplication@fd930d8
----------------- Done invoking toplevel() on ptolemy.moml.MoMLSimpleApplication@fd930d8
reloadAllAccessors: .matrixType7

===========================================================================================
----------------- testing Sun Feb 24 15:07:22 UTC 2019 /home/travis/build/icyphy/ptII/ptolemy/actor/lib/test/auto/matrixType8.xml
----------------- Instantiating /home/travis/build/icyphy/ptII/ptolemy/actor/lib/test/auto/matrixType8.xml
1 ms. Memory: 1694720K Free: 433432K (26%)
----------------- Invoking toplevel() on ptolemy.moml.MoMLSimpleApplication@34431a3d
----------------- Done invoking toplevel() on ptolemy.moml.MoMLSimpleApplication@34431a3d
reloadAllAccessors: .matrixType8

===========================================================================================
----------------- testing Sun Feb 24 15:07:22 UTC 2019 /home/travis/build/icyphy/ptII/ptolemy/actor/lib/test/auto/matrixType9.xml
----------------- Instantiating /home/travis/build/icyphy/ptII/ptolemy/actor/lib/test/auto/matrixType9.xml
1 ms. Memory: 1694720K Free: 413533K (24%)
----------------- Invoking toplevel() on ptolemy.moml.MoMLSimpleApplication@55466319
----------------- Done invoking toplevel() on ptolemy.moml.MoMLSimpleApplication@55466319
reloadAllAccessors: .matrixType9

===========================================================================================
----------------- testing Sun Feb 24 15:07:22 UTC 2019 /home/travis/build/icyphy/ptII/ptolemy/actor/lib/test/auto/paraFunctest.xml
----------------- Instantiating /home/travis/build/icyphy/ptII/ptolemy/actor/lib/test/auto/paraFunctest.xml
1 ms. Memory: 1694720K Free: 397768K (23%)
----------------- Invoking toplevel() on ptolemy.moml.MoMLSimpleApplication@5b894305
----------------- Done invoking toplevel() on ptolemy.moml.MoMLSimpleApplication@5b894305
reloadAllAccessors: .paraFunctest

===========================================================================================
----------------- testing Sun Feb 24 15:07:22 UTC 2019 /home/travis/build/icyphy/ptII/ptolemy/actor/lib/test/auto/paraFunctest2.xml
----------------- Instantiating /home/travis/build/icyphy/ptII/ptolemy/actor/lib/test/auto/paraFunctest2.xml
1 ms. Memory: 1694720K Free: 377869K (22%)
----------------- Invoking toplevel() on ptolemy.moml.MoMLSimpleApplication@35c8a6d6
----------------- Done invoking toplevel() on ptolemy.moml.MoMLSimpleApplication@35c8a6d6
reloadAllAccessors: .paraFunctest2

===========================================================================================
----------------- testing Sun Feb 24 15:07:22 UTC 2019 /home/travis/build/icyphy/ptII/ptolemy/actor/lib/test/auto/parameterPassing.xml
----------------- Instantiating /home/travis/build/icyphy/ptII/ptolemy/actor/lib/test/auto/parameterPassing.xml
0 ms. Memory: 1694720K Free: 357970K (21%)
----------------- Invoking toplevel() on ptolemy.moml.MoMLSimpleApplication@7120a98a
----------------- Done invoking toplevel() on ptolemy.moml.MoMLSimpleApplication@7120a98a
reloadAllAccessors: .parameterPassing

===========================================================================================
----------------- testing Sun Feb 24 15:07:22 UTC 2019 /home/travis/build/icyphy/ptII/ptolemy/actor/lib/test/auto/record.xml
----------------- Instantiating /home/travis/build/icyphy/ptII/ptolemy/actor/lib/test/auto/record.xml
2 ms. Memory: 1694720K Free: 342205K (20%)
----------------- Invoking toplevel() on ptolemy.moml.MoMLSimpleApplication@3e47382
----------------- Done invoking toplevel() on ptolemy.moml.MoMLSimpleApplication@3e47382
reloadAllAccessors: .record

===========================================================================================
----------------- testing Sun Feb 24 15:07:22 UTC 2019 /home/travis/build/icyphy/ptII/ptolemy/actor/lib/test/auto/sizedarray1.xml
----------------- Instantiating /home/travis/build/icyphy/ptII/ptolemy/actor/lib/test/auto/sizedarray1.xml
2 ms. Memory: 1694720K Free: 322306K (19%)
----------------- Invoking toplevel() on ptolemy.moml.MoMLSimpleApplication@1073504d
----------------- Done invoking toplevel() on ptolemy.moml.MoMLSimpleApplication@1073504d
reloadAllAccessors: .sizedarray1

===========================================================================================
----------------- testing Sun Feb 24 15:07:22 UTC 2019 /home/travis/build/icyphy/ptII/ptolemy/actor/lib/test/auto/sizedarray2.xml
----------------- Instantiating /home/travis/build/icyphy/ptII/ptolemy/actor/lib/test/auto/sizedarray2.xml
2 ms. Memory: 1694720K Free: 302406K (18%)
----------------- Invoking toplevel() on ptolemy.moml.MoMLSimpleApplication@67d960aa
----------------- Done invoking toplevel() on ptolemy.moml.MoMLSimpleApplication@67d960aa
reloadAllAccessors: .sizedarray2

===========================================================================================
----------------- testing Sun Feb 24 15:07:22 UTC 2019 /home/travis/build/icyphy/ptII/ptolemy/actor/lib/test/auto/twoPublishers.xml
----------------- Instantiating /home/travis/build/icyphy/ptII/ptolemy/actor/lib/test/auto/twoPublishers.xml
4 ms. Memory: 1694720K Free: 278744K (16%)
----------------- Invoking toplevel() on ptolemy.moml.MoMLSimpleApplication@85a2d5a
----------------- Done invoking toplevel() on ptolemy.moml.MoMLSimpleApplication@85a2d5a
reloadAllAccessors: .twoPublishers
AutoTests.java: About to close Vertx.
AutoTests.java: Vertx closed.
]]></system-out>
  <system-err><![CDATA[java.lang.RuntimeException: Execution failed
	at ptolemy.moml.MoMLSimpleApplication$UnloadThread.run(MoMLSimpleApplication.java:402)
Caused by: java.lang.RuntimeException: StringUtilities.exit() was called. Normally, we would exit here because Manager.exitAfterWrapup() was called.  However, because the ptolemy.ptII.exitAfterWrapup property is set, we throw this exception instead.
	at ptolemy.util.StringUtilities.exit(StringUtilities.java:363)
	at ptolemy.actor.Manager.wrapup(Manager.java:1531)
	at ptolemy.actor.Manager.execute(Manager.java:407)
	at ptolemy.actor.Manager.run(Manager.java:1263)
	at ptolemy.actor.Manager$PtolemyRunThread.run(Manager.java:1915)
Warning: '.top.test' is in training mode, set the trainingMode parameter to false before checking in
Warning: '.top.test' is in training mode, set the trainingMode parameter to false before checking in
Warning: '.top.test' is in training mode, set the trainingMode parameter to false before checking in
Warning: '.BooleanSwitch_RegressionTest_WrongTrainingValues.Test' is in training mode, set the trainingMode parameter to false before checking in
Warning: '.BooleanSwitch_RegressionTest_WrongTrainingValues.Test2' is in training mode, set the trainingMode parameter to false before checking in
Warning: '.BooleanSwitch_RegressionTest_WrongTrainingValues.Test2' The test produced 0 tokens.
Warning: '.top.testExceptionHandler' is in training mode, set the trainingMode parameter to false before checking in
java.lang.RuntimeException: Execution failed
	at ptolemy.moml.MoMLSimpleApplication$UnloadThread.run(MoMLSimpleApplication.java:402)
Caused by: ptolemy.kernel.util.IllegalActionException: PublisherPorts cannot be used at the top level, use a Publisher actor instead.
  in .PublisherPortToplevelSubscriber.PublisherPort
	at ptolemy.actor.PublisherPort.preinitialize(PublisherPort.java:403)
	at ptolemy.actor.CompositeActor.preinitialize(CompositeActor.java:1769)
	at ptolemy.actor.Manager.preinitializeAndResolveTypes(Manager.java:1040)
	at ptolemy.actor.Manager.initialize(Manager.java:710)
	at ptolemy.actor.Manager.execute(Manager.java:356)
	at ptolemy.actor.Manager.run(Manager.java:1263)
	at ptolemy.actor.Manager$PtolemyRunThread.run(Manager.java:1915)
java.lang.reflect.InvocationTargetException
	at sun.reflect.NativeConstructorAccessorImpl.newInstance0(Native Method)
	at sun.reflect.NativeConstructorAccessorImpl.newInstance(NativeConstructorAccessorImpl.java:62)
	at sun.reflect.DelegatingConstructorAccessorImpl.newInstance(DelegatingConstructorAccessorImpl.java:45)
	at java.lang.reflect.Constructor.newInstance(Constructor.java:423)
	at ptolemy.util.test.junit.AutoKnownFailedTests.RunModel(AutoKnownFailedTests.java:105)
	at sun.reflect.NativeMethodAccessorImpl.invoke0(Native Method)
	at sun.reflect.NativeMethodAccessorImpl.invoke(NativeMethodAccessorImpl.java:62)
	at sun.reflect.DelegatingMethodAccessorImpl.invoke(DelegatingMethodAccessorImpl.java:43)
	at java.lang.reflect.Method.invoke(Method.java:498)
	at org.junit.runners.model.FrameworkMethod$1.runReflectiveCall(FrameworkMethod.java:44)
	at org.junit.internal.runners.model.ReflectiveCallable.run(ReflectiveCallable.java:15)
	at org.junit.runners.model.FrameworkMethod.invokeExplosively(FrameworkMethod.java:41)
	at junitparams.internal.InvokeParameterisedMethod.evaluate(InvokeParameterisedMethod.java:102)
	at org.junit.internal.runners.statements.FailOnTimeout$1.run(FailOnTimeout.java:28)
Caused by: ptolemy.kernel.util.IllegalActionException: PublisherPorts cannot be used at the top level, use a Publisher actor instead.
  in .PublisherPortToplevelSubscriber.PublisherPort
	at ptolemy.actor.PublisherPort.preinitialize(PublisherPort.java:403)
	at ptolemy.actor.CompositeActor.preinitialize(CompositeActor.java:1769)
	at ptolemy.actor.Manager.preinitializeAndResolveTypes(Manager.java:1040)
	at ptolemy.actor.Manager.initialize(Manager.java:710)
	at ptolemy.actor.Manager.execute(Manager.java:356)
	at ptolemy.actor.Manager.run(Manager.java:1263)
	at ptolemy.actor.Manager$PtolemyRunThread.run(Manager.java:1915)
java.lang.RuntimeException: Execution failed
	at ptolemy.moml.MoMLSimpleApplication$UnloadThread.run(MoMLSimpleApplication.java:402)
Caused by: ptolemy.kernel.util.IllegalActionException: SubscriberPorts cannot be used at the top level, use a Subscriber actor instead.
  in .PublisherSubscriberPortToplevel.SubscriberPort
	at ptolemy.actor.SubscriberPort.preinitialize(SubscriberPort.java:328)
	at ptolemy.actor.CompositeActor.preinitialize(CompositeActor.java:1769)
	at ptolemy.actor.Manager.preinitializeAndResolveTypes(Manager.java:1040)
	at ptolemy.actor.Manager.initialize(Manager.java:710)
	at ptolemy.actor.Manager.execute(Manager.java:356)
	at ptolemy.actor.Manager.run(Manager.java:1263)
	at ptolemy.actor.Manager$PtolemyRunThread.run(Manager.java:1915)
java.lang.reflect.InvocationTargetException
	at sun.reflect.NativeConstructorAccessorImpl.newInstance0(Native Method)
	at sun.reflect.NativeConstructorAccessorImpl.newInstance(NativeConstructorAccessorImpl.java:62)
	at sun.reflect.DelegatingConstructorAccessorImpl.newInstance(DelegatingConstructorAccessorImpl.java:45)
	at java.lang.reflect.Constructor.newInstance(Constructor.java:423)
	at ptolemy.util.test.junit.AutoKnownFailedTests.RunModel(AutoKnownFailedTests.java:105)
	at sun.reflect.NativeMethodAccessorImpl.invoke0(Native Method)
	at sun.reflect.NativeMethodAccessorImpl.invoke(NativeMethodAccessorImpl.java:62)
	at sun.reflect.DelegatingMethodAccessorImpl.invoke(DelegatingMethodAccessorImpl.java:43)
	at java.lang.reflect.Method.invoke(Method.java:498)
	at org.junit.runners.model.FrameworkMethod$1.runReflectiveCall(FrameworkMethod.java:44)
	at org.junit.internal.runners.model.ReflectiveCallable.run(ReflectiveCallable.java:15)
	at org.junit.runners.model.FrameworkMethod.invokeExplosively(FrameworkMethod.java:41)
	at junitparams.internal.InvokeParameterisedMethod.evaluate(InvokeParameterisedMethod.java:102)
	at org.junit.internal.runners.statements.FailOnTimeout$1.run(FailOnTimeout.java:28)
Caused by: ptolemy.kernel.util.IllegalActionException: SubscriberPorts cannot be used at the top level, use a Subscriber actor instead.
  in .PublisherSubscriberPortToplevel.SubscriberPort
	at ptolemy.actor.SubscriberPort.preinitialize(SubscriberPort.java:328)
	at ptolemy.actor.CompositeActor.preinitialize(CompositeActor.java:1769)
	at ptolemy.actor.Manager.preinitializeAndResolveTypes(Manager.java:1040)
	at ptolemy.actor.Manager.initialize(Manager.java:710)
	at ptolemy.actor.Manager.execute(Manager.java:356)
	at ptolemy.actor.Manager.run(Manager.java:1263)
	at ptolemy.actor.Manager$PtolemyRunThread.run(Manager.java:1915)
java.lang.RuntimeException: Execution failed
	at ptolemy.moml.MoMLSimpleApplication$UnloadThread.run(MoMLSimpleApplication.java:402)
Caused by: ptolemy.kernel.util.IllegalActionException: SubscriptionAggregatorPorts cannot be used at the top level, use a SubscriptionAggregator actor instead.
  in .PublisherSubscriptionAggregatorPort.SubscriptionAggregatorPort
	at ptolemy.actor.SubscriptionAggregatorPort.preinitialize(SubscriptionAggregatorPort.java:353)
	at ptolemy.actor.CompositeActor.preinitialize(CompositeActor.java:1769)
	at ptolemy.actor.Manager.preinitializeAndResolveTypes(Manager.java:1040)
	at ptolemy.actor.Manager.initialize(Manager.java:710)
	at ptolemy.actor.Manager.execute(Manager.java:356)
	at ptolemy.actor.Manager.run(Manager.java:1263)
	at ptolemy.actor.Manager$PtolemyRunThread.run(Manager.java:1915)
java.lang.reflect.InvocationTargetException
	at sun.reflect.NativeConstructorAccessorImpl.newInstance0(Native Method)
	at sun.reflect.NativeConstructorAccessorImpl.newInstance(NativeConstructorAccessorImpl.java:62)
	at sun.reflect.DelegatingConstructorAccessorImpl.newInstance(DelegatingConstructorAccessorImpl.java:45)
	at java.lang.reflect.Constructor.newInstance(Constructor.java:423)
	at ptolemy.util.test.junit.AutoKnownFailedTests.RunModel(AutoKnownFailedTests.java:105)
	at sun.reflect.NativeMethodAccessorImpl.invoke0(Native Method)
	at sun.reflect.NativeMethodAccessorImpl.invoke(NativeMethodAccessorImpl.java:62)
	at sun.reflect.DelegatingMethodAccessorImpl.invoke(DelegatingMethodAccessorImpl.java:43)
	at java.lang.reflect.Method.invoke(Method.java:498)
	at org.junit.runners.model.FrameworkMethod$1.runReflectiveCall(FrameworkMethod.java:44)
	at org.junit.internal.runners.model.ReflectiveCallable.run(ReflectiveCallable.java:15)
	at org.junit.runners.model.FrameworkMethod.invokeExplosively(FrameworkMethod.java:41)
	at junitparams.internal.InvokeParameterisedMethod.evaluate(InvokeParameterisedMethod.java:102)
	at org.junit.internal.runners.statements.FailOnTimeout$1.run(FailOnTimeout.java:28)
Caused by: ptolemy.kernel.util.IllegalActionException: SubscriptionAggregatorPorts cannot be used at the top level, use a SubscriptionAggregator actor instead.
  in .PublisherSubscriptionAggregatorPort.SubscriptionAggregatorPort
	at ptolemy.actor.SubscriptionAggregatorPort.preinitialize(SubscriptionAggregatorPort.java:353)
	at ptolemy.actor.CompositeActor.preinitialize(CompositeActor.java:1769)
	at ptolemy.actor.Manager.preinitializeAndResolveTypes(Manager.java:1040)
	at ptolemy.actor.Manager.initialize(Manager.java:710)
	at ptolemy.actor.Manager.execute(Manager.java:356)
	at ptolemy.actor.Manager.run(Manager.java:1263)
	at ptolemy.actor.Manager$PtolemyRunThread.run(Manager.java:1915)
java.lang.RuntimeException: Execution failed
	at ptolemy.moml.MoMLSimpleApplication$UnloadThread.run(MoMLSimpleApplication.java:402)
Caused by: ptolemy.kernel.util.IllegalActionException: TypeTest actor has no training data.
  in .sizedarray3.TypeTest
	at ptolemy.actor.lib.TypeTest.initialize(TypeTest.java:250)
	at ptolemy.actor.Director.initialize(Director.java:938)
	at ptolemy.actor.Director.initialize(Director.java:907)
	at ptolemy.actor.sched.StaticSchedulingDirector.initialize(StaticSchedulingDirector.java:159)
	at ptolemy.domains.sdf.kernel.SDFDirector.initialize(SDFDirector.java:544)
	at ptolemy.actor.CompositeActor.initialize(CompositeActor.java:935)
	at ptolemy.actor.Manager.initialize(Manager.java:724)
	at ptolemy.actor.Manager.execute(Manager.java:356)
	at ptolemy.actor.Manager.run(Manager.java:1263)
	at ptolemy.actor.Manager$PtolemyRunThread.run(Manager.java:1915)
java.lang.reflect.InvocationTargetException
	at sun.reflect.NativeConstructorAccessorImpl.newInstance0(Native Method)
	at sun.reflect.NativeConstructorAccessorImpl.newInstance(NativeConstructorAccessorImpl.java:62)
	at sun.reflect.DelegatingConstructorAccessorImpl.newInstance(DelegatingConstructorAccessorImpl.java:45)
	at java.lang.reflect.Constructor.newInstance(Constructor.java:423)
	at ptolemy.util.test.junit.AutoKnownFailedTests.RunModel(AutoKnownFailedTests.java:105)
	at sun.reflect.NativeMethodAccessorImpl.invoke0(Native Method)
	at sun.reflect.NativeMethodAccessorImpl.invoke(NativeMethodAccessorImpl.java:62)
	at sun.reflect.DelegatingMethodAccessorImpl.invoke(DelegatingMethodAccessorImpl.java:43)
	at java.lang.reflect.Method.invoke(Method.java:498)
	at org.junit.runners.model.FrameworkMethod$1.runReflectiveCall(FrameworkMethod.java:44)
	at org.junit.internal.runners.model.ReflectiveCallable.run(ReflectiveCallable.java:15)
	at org.junit.runners.model.FrameworkMethod.invokeExplosively(FrameworkMethod.java:41)
	at junitparams.internal.InvokeParameterisedMethod.evaluate(InvokeParameterisedMethod.java:102)
	at org.junit.internal.runners.statements.FailOnTimeout$1.run(FailOnTimeout.java:28)
Caused by: ptolemy.kernel.util.IllegalActionException: TypeTest actor has no training data.
  in .sizedarray3.TypeTest
	at ptolemy.actor.lib.TypeTest.initialize(TypeTest.java:250)
	at ptolemy.actor.Director.initialize(Director.java:938)
	at ptolemy.actor.Director.initialize(Director.java:907)
	at ptolemy.actor.sched.StaticSchedulingDirector.initialize(StaticSchedulingDirector.java:159)
	at ptolemy.domains.sdf.kernel.SDFDirector.initialize(SDFDirector.java:544)
	at ptolemy.actor.CompositeActor.initialize(CompositeActor.java:935)
	at ptolemy.actor.Manager.initialize(Manager.java:724)
	at ptolemy.actor.Manager.execute(Manager.java:356)
	at ptolemy.actor.Manager.run(Manager.java:1263)
	at ptolemy.actor.Manager$PtolemyRunThread.run(Manager.java:1915)
]]></system-err>
</testsuite>
