<?xml version="1.0" encoding="UTF-8" ?>
<testsuite errors="0" failures="0" hostname="travis-job-eac7788b-698c-4f91-ae3c-a17db47ab813" name="ptolemy.domains.de.test.junit.JUnitTclTest" skipped="0" tests="101" time="132.249" timestamp="2019-12-08T06:21:36">
  <properties>
    <property name="npm.executable" value="npm" />
    <property name="env.TRAVIS_ROOT" value="/" />
    <property name="ptII.mk.exists" value="true" />
    <property name="env.TRAVIS_APP_HOST" value="build.travis-ci.org" />
    <property name="env.rvm_bin_path" value="/home/travis/.rvm/bin" />
    <property name="java.home" value="/usr/local/lib/jvm/openjdk11" />
    <property name="env.TRAVIS_JOB_NUMBER" value="1421.9" />
    <property name="env.TRAVIS_HOME" value="/home/travis" />
    <property name="env.DISPLAY" value=":99.0" />
    <property name="env.TRAVIS_INIT" value="systemd" />
    <property name="env.SSH_TTY" value="/dev/pts/0" />
    <property name="java.net.preferIPv4Stack" value="true" />
    <property name="env.RUN_TESTS" value="true" />
    <property name="timeout.short" value="1000000" />
    <property name="junit.formatter" value="xml" />
    <property name="env.TRAVIS_SUDO" value="true" />
    <property name="env.TRAVIS_JOB_NAME" value="" />
    <property name="env.TRAVIS_STACK_NODE_ATTRIBUTES" value="/.node-attributes.yml" />
    <property name="env.LOGNAME" value="travis" />
    <property name="jsdoc.home" value="node_modules/@terraswarm/jsdoc" />
    <property name="debuglevel" value="source,lines,vars" />
    <property name="checkstyle.formatter" value="xml" />
    <property name="env._system_version" value="16.04" />
    <property name="bin.vergil.makeable" value="true" />
    <property name="sun.os.patch.level" value="unknown" />
    <property name="java.vendor.url" value="http://java.oracle.com/" />
    <property name="env.TRAVIS_BUILD_WEB_URL" value="https://travis-ci.org/icyphy/ptII/builds/622193359" />
    <property name="java.version" value="11.0.2" />
    <property name="env.TZ" value="UTC" />
    <property name="env.TRAVIS_PULL_REQUEST_SHA" value="" />
    <property name="env.PT_NO_NET" value="true" />
    <property name="env.TRAVIS_SECURE_ENV_VARS" value="true" />
    <property name="env._system_type" value="Linux" />
    <property name="java.vendor.url.bug" value="http://bugreport.java.com/bugreport/" />
    <property name="npmjs-org-is-up" value="true" />
    <property name="env.LANGUAGE" value="en_US.UTF-8" />
    <property name="env.SSH_CLIENT" value="10.24.4.8 41294 22" />
    <property name="env.GEM_HOME" value="/home/travis/.rvm/gems/ruby-2.5.3" />
    <property name="env.HAS_ANTARES_THREE_LITTLE_FRONZIES_BADGE" value="true" />
    <property name="java.version.date" value="2019-01-15" />
    <property name="env.PS4" value="+" />
    <property name="ant.project.invoked-targets" value="build,test.core2.xml" />
    <property name="env.TRAVIS_PULL_REQUEST_BRANCH" value="" />
    <property name="env.TRAVIS_REPO_SLUG" value="icyphy/ptII" />
    <property name="env.XDG_DATA_DIRS" value="/usr/local/share:/usr/share:/var/lib/snapd/desktop" />
    <property name="jdk.debug" value="release" />
    <property name="env.TRAVIS_APT_PROXY" value="http://apt.cache.travis-ci.com" />
    <property name="env.TRAVIS_CPU_ARCH" value="amd64" />
    <property name="node.in.path" value="true" />
    <property name="user.name" value="travis" />
    <property name="java.maxmemory" value="1400m" />
    <property name="env.RUBY_VERSION" value="ruby-2.5.3" />
    <property name="env.LANG" value="en_US.UTF-8" />
    <property name="sun.io.unicode.encoding" value="UnicodeLittle" />
    <property name="sun.jnu.encoding" value="UTF-8" />
    <property name="java.runtime.name" value="OpenJDK Runtime Environment" />
    <property name="usefile" value="false" />
    <property name="return.code" value="0" />
    <property name="junit.single.formatter" value="plain" />
    <property name="env.DYLD_LIBRARY_PATH" value="/home/travis/pthla/certi-tools/lib:" />
    <property name="env.DEBIAN_FRONTEND" value="noninteractive" />
    <property name="env.SSH_CONNECTION" value="10.24.4.8 41294 10.20.0.31 22" />
    <property name="env.MYSQL_UNIX_PORT" value="/var/run/mysqld/mysqld.sock" />
    <property name="env.LC_ALL" value="en_US.UTF-8" />
    <property name="env.TRAVIS_ALLOW_FAILURE" value="false" />
    <property name="env.TRAVIS_JOB_WEB_URL" value="https://travis-ci.org/icyphy/ptII/jobs/622193368" />
    <property name="java.specification.name" value="Java Platform API Specification" />
    <property name="node.works" value="true" />
    <property name="user.timezone" value="" />
    <property name="path.separator" value=":" />
    <property name="env.TRAVIS_ENABLE_INFRA_DETECTION" value="true" />
    <property name="env.PYTHON_CFLAGS" value="-g -fstack-protector --param=ssp-buffer-size=4 -Wformat -Werror=format-security" />
    <property name="timeout.long" value="4000000" />
    <property name="env.CERTI_HOME" value="/home/travis/pthla/certi-tools" />
    <property name="ant.file.ptII" value="/home/travis/build/icyphy/ptII/build.xml" />
    <property name="javadoc.packagenames" value="com.*,diva.*,lbnl.*,org.hlacerti.*,org.json.*,org.ptolemy.*,org.terraswarm.*,ptolemy.*,ptserver.*" />
    <property name="file.encoding" value="UTF-8" />
    <property name="env.TRAVIS_PULL_REQUEST_SLUG" value="" />
    <property name="ant.project.default-target" value="build" />
    <property name="env.GIT_ASKPASS" value="echo" />
    <property name="env.HOME" value="/home/travis" />
    <property name="sun.java.command" value="org.apache.tools.ant.taskdefs.optional.junit.JUnitTestRunner ptolemy.domains.de.test.junit.JUnitTclTest skipNonTests=false filtertrace=true haltOnError=false haltOnFailure=false formatter=org.apache.tools.ant.taskdefs.optional.junit.OutErrSummaryJUnitResultFormatter showoutput=true outputtoformatters=true logfailedtests=true threadid=0 logtestlistenerevents=false formatter=org.apache.tools.ant.taskdefs.optional.junit.XMLJUnitResultFormatter,/home/travis/build/icyphy/ptII/reports/junit/TEST-ptolemy.domains.de.test.junit.JUnitTclTest.xml crashfile=/home/travis/build/icyphy/ptII/junitvmwatcher8232921532112204171.properties propsfile=/home/travis/build/icyphy/ptII/junit11313601854193118743.properties" />
    <property name="env.COMPOSER_NO_INTERACTION" value="1" />
    <property name="env.MANPATH" value="/home/travis/.nvm/versions/node/v7.10.1/share/man:/home/travis/.rvm/rubies/ruby-2.5.3/share/man:/usr/local/cmake-3.12.4/man:/usr/local/clang-7.0.0/share/man:/usr/local/man:/usr/local/share/man:/usr/share/man:/home/travis/.rvm/man" />
    <property name="env.TRAVIS_TIMER_ID" value="017268d8" />
    <property name="ant.file" value="/home/travis/build/icyphy/ptII/build.xml" />
    <property name="env.TRAVIS_COMMIT_RANGE" value="45a1af74cde64810f1a740ff9bd66386be4e642c...11deb69804adb5926cd4863c8231df6048994796" />
    <property name="env._system_name" value="Ubuntu" />
    <property name="ptII.classpath.optional.property" value="/home/travis/build/icyphy/ptII/lib/bsh-2.0b4.jar:/home/travis/build/icyphy/ptII/lib/ptCal.jar:/home/travis/build/icyphy/ptII/lib/java_cup.jar:/home/travis/build/icyphy/ptII/lib/saxon8.jar:/home/travis/build/icyphy/ptII/lib/saxon8-dom.jar:/home/travis/build/icyphy/ptII/lib/chic.jar:/home/travis/build/icyphy/ptII/lib/ptcolt.jar:/home/travis/build/icyphy/ptII/vendors/misc/itext/iText.jar:/home/travis/build/icyphy/ptII/lib/g4ltl.jar:/home/travis/build/icyphy/ptII/lib/StructuralCoder.jar:/home/travis/build/icyphy/ptII/lib/jcerti.jar:/home/travis/build/icyphy/ptII/lib/javax.mail.jar:/home/travis/build/icyphy/ptII/vendors/JMF-2.1.1e/lib/jmf.jar:/home/travis/build/icyphy/ptII/lib/jna-4.0.0-variadic.jar:/home/travis/build/icyphy/ptII/vendors/misc/joystick/Joystick.jar:/home/travis/build/icyphy/ptII/lib/ptjacl.jar:/home/travis/build/icyphy/ptII/lib/jsoup-1.8.2.jar:/home/travis/build/icyphy/ptII/lib/junit-4.8.2.jar:/home/travis/build/icyphy/ptII/lib/JUnitParams-0.4.0.jar:/home/travis/build/icyphy/ptII/ptolemy/actor/lib/excel/jxl.jar:/home/travis/build/icyphy/ptII/lib/jython.jar:/home/travis/build/icyphy/ptII/lib/kieler.jar:/home/travis/build/icyphy/ptII/vendors/opencv/share/OpenCV/java/opencv-341.jar:/home/travis/build/icyphy/ptII/lib/oscP5.jar:/home/travis/build/icyphy/ptII/lib/nrjavaserial-3.11.0.devel.jar:/home/travis/build/icyphy/ptII/vendors/j3d/lib/Linux/j3dcore.jar:/home/travis/build/icyphy/ptII/vendors/j3d/lib/Linux/j3dutils.jar:/home/travis/build/icyphy/ptII/vendors/j3d/lib/Linux/vecmath.jar:/home/travis/build/icyphy/ptII/vendors/jogl/lib/Linux/gluegen-rt-natives-linux-amd64.jar:/home/travis/build/icyphy/ptII/vendors/jogl/lib/Linux/gluegen-rt.jar:/home/travis/build/icyphy/ptII/vendors/jogl/lib/Linux/jogl-all-natives-linux-amd64.jar:/home/travis/build/icyphy/ptII/vendors/jogl/lib/Linux/jogl-all.jar:/home/travis/build/icyphy/ptII/ptolemy/distributed/jini/jar/jini-core.jar:/home/travis/build/icyphy/ptII/ptolemy/distributed/jini/jar/jini-ext.jar:/home/travis/build/icyphy/ptII/ptolemy/distributed/jini/jar/sun-util.jar:/home/travis/build/icyphy/ptII/lib/protobuf-java-2.4.1.jar:/home/travis/build/icyphy/ptII/lib/org.eclipse.paho.client.mqttv3.jar:/home/travis/build/icyphy/ptII/lib/mapss.jar:/home/travis/build/icyphy/ptII/ptolemy/actor/ptalon/antlr/antlr.jar:/home/travis/build/icyphy/ptII/lib/JRI.jar:/home/travis/build/icyphy/ptII/lib/commons-lang-2.6.jar:/home/travis/build/icyphy/ptII/lib/commons-logging-1.1.1.jar:/home/travis/build/icyphy/ptII/lib/sootclasses.jar:/home/travis/build/icyphy/ptII/ptolemy/actor/lib/database/mysql-connector-java-5.1.6-bin.jar:/home/travis/build/icyphy/ptII/vendors/misc/sphinx4/sphinx4-data-5prealpha.jar:/home/travis/build/icyphy/ptII/vendors/misc/sphinx4/sphinx4-core-5prealpha.jar:/home/travis/build/icyphy/ptII/lib/PDFRenderer.jar:/home/travis/build/icyphy/ptII/lib/svgSalamander.jar:/home/travis/build/icyphy/ptII/lib/rsyntaxtextarea-2.6.0-SNAPSHOT.jar:/home/travis/build/icyphy/ptII/lib/hazelcast-3.8.2.jar:/home/travis/build/icyphy/ptII/lib/jackson-annotations-2.9.0.jar:/home/travis/build/icyphy/ptII/lib/jackson-core-2.9.3.jar:/home/travis/build/icyphy/ptII/lib/jackson-databind-2.9.3.jar:/home/travis/build/icyphy/ptII/lib/netty-buffer-4.1.19.Final.jar:/home/travis/build/icyphy/ptII/lib/netty-codec-4.1.19.Final.jar:/home/travis/build/icyphy/ptII/lib/netty-codec-dns-4.1.19.Final.jar:/home/travis/build/icyphy/ptII/lib/netty-codec-http-4.1.19.Final.jar:/home/travis/build/icyphy/ptII/lib/netty-codec-http2-4.1.19.Final.jar:/home/travis/build/icyphy/ptII/lib/netty-common-4.1.19.Final.jar:/home/travis/build/icyphy/ptII/lib/netty-handler-4.1.19.Final.jar:/home/travis/build/icyphy/ptII/lib/netty-resolver-4.1.19.Final.jar:/home/travis/build/icyphy/ptII/lib/netty-resolver-dns-4.1.19.Final.jar:/home/travis/build/icyphy/ptII/lib/netty-transport-4.1.19.Final.jar:/home/travis/build/icyphy/ptII/lib/vertx-codegen-3.5.1.jar:/home/travis/build/icyphy/ptII/lib/vertx-core-3.5.2-SNAPSHOT.jar:/home/travis/build/icyphy/ptII/lib/vertx-hazelcast-3.5.1.jar:/home/travis/build/icyphy/ptII/lib/vertx-lang-js-3.5.1.jar:/home/travis/build/icyphy/ptII/lib/vertx-service-proxy-3.5.1.jar:/home/travis/build/icyphy/ptII/lib/vertx-web-3.5.1.jar:/home/travis/build/icyphy/ptII/lib/slf4j-api-1.7.13.jar:/home/travis/build/icyphy/ptII/lib/slf4j-simple-1.7.13.jar:/home/travis/build/icyphy/ptII/lib/webcam-capture-0.3.12.jar:/home/travis/build/icyphy/ptII/lib/bridj-0.7.0.jar:/home/travis/build/icyphy/ptII/lib/xbjlib-1.1.0.nrjavaserial.jar" />
    <property name="timeout" value="2400000" />
    <property name="test.batch" value="**/junit/*.java" />
    <property name="env._" value="/usr/bin/timeout" />
    <property name="java.io.tmpdir" value="/tmp" />
    <property name="user.language" value="en" />
    <property name="env.TRAVIS_INTERNAL_RUBY_REGEX" value="^ruby-(2\.[0-4]\.[0-9]|1\.9\.3)" />
    <property name="env.HISTCONTROL" value="ignoredups:ignorespace" />
    <property name="env.GOROOT" value="/home/travis/.gimme/versions/go1.11.1.linux.amd64" />
    <property name="line.separator" value="&#xa;" />
    <property name="target" value="11" />
    <property name="env.TRAVIS_BUILD_DIR" value="/home/travis/build/icyphy/ptII" />
    <property name="env.ANT_OPTS" value="-Xmx2048m" />
    <property name="ant.file.type" value="file" />
    <property name="ptolemy.ptII.batchMode" value="true" />
    <property name="env.HISTSIZE" value="1000" />
    <property name="env.MERB_ENV" value="test" />
    <property name="java.vm.info" value="mixed mode" />
    <property name="source" value="11" />
    <property name="java.vm.specification.name" value="Java Virtual Machine Specification" />
    <property name="env.TRAVIS_TEST_RESULT" value="0" />
    <property name="jsdoc.command" value="node_modules/@terraswarm/jsdoc/jsdoc.js" />
    <property name="npm.works" value="true" />
    <property name="cobertura.dir" value="/home/travis/build/icyphy/ptII/vendors/cobertura-2.0.3" />
    <property name="jsdoc.command.exists" value="true" />
    <property name="env.rvm_path" value="/home/travis/.rvm" />
    <property name="env.GEM_PATH" value="/home/travis/.rvm/gems/ruby-2.5.3:/home/travis/.rvm/gems/ruby-2.5.3@global" />
    <property name="env.LC_CTYPE" value="en_US.UTF-8" />
    <property name="env.TRAVIS_CMD" value="$PTII/bin/ptIITravisBuild.sh $SECONDS" />
    <property name="java.awt.printerjob" value="sun.print.PSPrinterJob" />
    <property name="env.TRAVIS_STACK_NAME" value="sardonyx" />
    <property name="env.TRAVIS_TIMER_START_TIME" value="1575785858525032961" />
    <property name="ant.version" value="Apache Ant(TM) version 1.10.1 compiled on February 2 2017" />
    <property name="ptII.reports" value="/home/travis/build/icyphy/ptII/reports" />
    <property name="env.TRAVIS_STACK_TIMESTAMP" value="2019-03-25 16:16:56 UTC" />
    <property name="ant.file.type.ptII" value="file" />
    <property name="env.RBENV_SHELL" value="bash" />
    <property name="os.name" value="Linux" />
    <property name="java.specification.vendor" value="Oracle Corporation" />
    <property name="env.rvm_version" value="1.29.7 (latest)" />
    <property name="env.TRAVIS_INFRA" value="unknown" />
    <property name="env.TERM" value="xterm" />
    <property name="java.vm.name" value="OpenJDK 64-Bit Server VM" />
    <property name="env.TRAVIS_BUILD_NUMBER" value="1421" />
    <property name="env.CI" value="true" />
    <property name="java.library.path" value="/home/travis/pthla/certi-tools/lib:/usr/lib/jni:/usr/local/share/OpenCV/java/:/usr/share/OpenCV/java::/usr/java/packages/lib:/usr/lib64:/lib64:/lib:/usr/lib" />
    <property name="jdk.module.path" value="/home/travis/build/icyphy/ptII/vendors/javafx/javafx-sdk-11.0.2/lib:" />
    <property name="env.rvm_prefix" value="/home/travis" />
    <property name="env.PATH" value="/home/travis/pthla/certi-tools/share/scripts:/home/travis/.rvm/gems/ruby-2.5.3/bin:/home/travis/.rvm/gems/ruby-2.5.3@global/bin:/home/travis/.rvm/rubies/ruby-2.5.3/bin:/home/travis/.rvm/bin:/home/travis/.nvm/versions/node/v7.10.1/bin:./node_modules/.bin:/home/travis/build/icyphy/ptII/bin:/home/travis/pthla/certi-tools/bin:/home/travis/bin:/home/travis/.local/bin:/usr/local/lib/jvm/openjdk11/bin:/opt/pyenv/shims:/home/travis/.phpenv/shims:/home/travis/perl5/perlbrew/bin:/home/travis/gopath/bin:/home/travis/.gimme/versions/go1.11.1.linux.amd64/bin:/usr/local/maven-3.6.0/bin:/usr/local/cmake-3.12.4/bin:/usr/local/clang-7.0.0/bin:/usr/local/sbin:/usr/local/bin:/usr/sbin:/usr/bin:/sbin:/bin:/snap/bin:/home/travis/.phpenv/bin:/opt/pyenv/bin:/home/travis/.yarn/bin" />
    <property name="env.TRAVIS_OS_NAME" value="linux" />
    <property name="ant.java.version" value="9" />
    <property name="basedir" value="/home/travis/build/icyphy/ptII" />
    <property name="java.class.version" value="55.0" />
    <property name="env.SHLVL" value="3" />
    <property name="env.LD_LIBRARY_PATH" value="/home/travis/pthla/certi-tools/lib:/usr/lib/jni:/usr/local/share/OpenCV/java/:/usr/share/OpenCV/java:" />
    <property name="env.RACK_ENV" value="test" />
    <property name="ant.home" value="/home/travis/build/icyphy/ptII/ant" />
    <property name="env.NVM_DIR" value="/home/travis/.nvm" />
    <property name="env.CERTI_FOM_PATH" value="/home/travis/pthla/certi-tools/share/federations" />
    <property name="env.TRAVIS_BUILD_ID" value="622193359" />
    <property name="env.PYENV_ROOT" value="/opt/pyenv" />
    <property name="env.TRAVIS_UID" value="2000" />
    <property name="prism.verbose" value="true" />
    <property name="env.NVM_BIN" value="/home/travis/.nvm/versions/node/v7.10.1/bin" />
    <property name="env.TRAVIS_COMMIT" value="11deb69804adb5926cd4863c8231df6048994796" />
    <property name="env._system_arch" value="x86_64" />
    <property name="node.executable" value="node" />
    <property name="sun.boot.library.path" value="/usr/local/lib/jvm/openjdk11/lib" />
    <property name="sun.management.compiler" value="HotSpot 64-Bit Tiered Compilers" />
    <property name="java.awt.graphicsenv" value="sun.awt.X11GraphicsEnvironment" />
    <property name="env.GOPATH" value="/home/travis/gopath" />
    <property name="ptolemy.ptII.dir" value="/home/travis/build/icyphy/ptII" />
    <property name="env.USER" value="travis" />
    <property name="env.HISTFILESIZE" value="2000" />
    <property name="timeout.longest" value="19000000" />
    <property name="env.PERLBREW_SHELLRC_VERSION" value="0.86" />
    <property name="env.TRAVIS_STACK_FEATURES" value="basic couchdb disabled-ipv6 docker docker-compose elasticsearch firefox go-toolchain google-chrome jdk memcached mongodb mysql nodejs_interpreter perl_interpreter perlbrew phantomjs postgresql python_interpreter redis ruby_interpreter sqlite xserver" />
    <property name="env.TRAVIS_PULL_REQUEST" value="false" />
    <property name="env.PYENV_SHELL" value="bash" />
    <property name="ant.project.name" value="ptII" />
    <property name="env.ANSI_RESET" value="\033[0m" />
    <property name="java.vm.specification.version" value="11" />
    <property name="env.TRAVIS_DIST" value="xenial" />
    <property name="env.CERTI_VERSION" value="4.0.0" />
    <property name="env.CERTI_HOST" value="localhost" />
    <property name="awt.toolkit" value="sun.awt.X11.XToolkit" />
    <property name="env.MY_RUBY_HOME" value="/home/travis/.rvm/rubies/ruby-2.5.3" />
    <property name="sun.cpu.isalist" value="" />
    <property name="env.TRAVIS_TMPDIR" value="/tmp/tmp.PXvSNWWBuD" />
    <property name="java.vm.compressedOopsMode" value="Zero based" />
    <property name="os.version" value="4.15.0-1028-gcp" />
    <property name="user.home" value="/home/travis" />
    <property name="java.vm.vendor" value="Oracle Corporation" />
    <property name="env.TRAVIS_TAG" value="nightly" />
    <property name="env.ANSI_YELLOW" value="\033[33;1m" />
    <property name="env.TRAVIS_FILTERED" value="redirect_io" />
    <property name="env.ANSI_GREEN" value="\033[32;1m" />
    <property name="env.JAVA_HOME" value="/usr/local/lib/jvm/openjdk11" />
    <property name="javadoc.excludepackagenames" value="adm.cvs2svn.*,build.*,config.*,doc.coding.templates.*,jni.test.jni.meaningOfLife.*,jni.test.jni.testDeux.*,jni.test.jni.testTrois.*,org.terraswarm.accessor.accessors.web.node_modules.*,org.terraswarm.accessor.accessors.web.hosts.cordova.demo.*,org.terraswarm.accessor.accessors.web.hosts.cordova.plugins.*,org.terraswarm.accessor.accessors-svn.*,pt-modules.*,ptolemy.apps.agilent.*,ptolemy.apps.anytimecontrol.*,ptolemy.apps.apes.*,ptolemy.apps.charon.*,ptolemy.apps.crazyboard.*,ptolemy.apps.eclipse.*,ptolemy.apps.etherealSting.*,ptolemy.apps.fullscreen.*,ptolemy.apps.giotto.*,ptolemy.apps.ia.*,ptolemy.apps.interfaces.*,ptolemy.apps.jmf.*,ptolemy.apps.kurt.*,ptolemy.apps.kvm.*,ptolemy.apps.lego.*,ptolemy.apps.lejos.*,ptolemy.apps.midp.*,ptolemy.apps.mobileCoding.*,ptolemy.apps.pendulum.*,ptolemy.apps.rijndael.*,ptolemy.apps.robot.*,ptolemy.apps.security.*,ptolemy.apps.sobel.*,ptolemy.apps.soot.*,ptolemy.apps.throttle.*,ptolemy.apps.tini.*,ptolemy.apps.transmission.*,ptolemy.apps.vergil.*,ptolemy.apps.waba.*,ptolemy.apps.websensor.*,ptolemy.apps.webstart.*,ptolemy.apps.xsl.*,ptolemy.apps.zaurus.*,ptolemy.codegen.c.actor.lib.oldJavaFiles.*,ptolemy.codegen.dsp.lib.*,ptolemy.codegen.kernel.newInterfaces.*,ptolemy.codegen.lib.*,ptolemy.copernicus.kernel.fragment.*,ptolemy.copernicus.shallow.cg.*,ptolemy.domains.giotto.demo.Hierarchy.Hierarchy.*,ptolemy.domains.giotto.demo.Multimode.Multimode.*,ptolemy.domains.giotto.demo.Simple.Simple.*,ptolemy.domains.gr.lib.experimental.*,ptolemy.domains.gro.*,ptolemy.domains.pdf.*,ptolemy.domains.ptinyos.demo.Surge.output.*,ptolemy.moml.test.NoPackageActor.java*,ptolemy.plot.adm.*,ptolemy.plot.servlet.*,reports.*,signed.*,src.*,target.*,vendors.*,ptolemy.copernicus.applet.*,ptolemy.media.viewer.*,ptolemy.actor.corba.*,doc.doclets.*,ptolemy.apps.eclipse.awt.*,ptolemy.backtrack.*,ptolemy.backtrack.ast.*,ptolemy.cg.adapter.generic.program.procedural.c.mbed*,ptolemy.homer.*,ptolemy.actor.lib.jai.*,org.ptolemy.scala.*,diva.util.java2d.svg.*,ptolemy.domains.ptinyos.*,ptolemy.actor.lib.fmi.fmipp.*,,org.terraswarm.accessor.accessors.web.node_modules.*,org.terraswarm.accessor.accessors-svn,ptolemy.apps.*,ptolemy.actor.ptalon.demo.ptinyos.SendAndReceiveCnt.output,ptolemy.actor.ptalon.demo.ptinyos.SenseToLeds.output,ptolemy.domains.ptinyos.demo.CntToLedsAndRfm.output,ptolemy.domains.ptinyos.demo.RfmToLeds.output,ptolemy.domains.ptinyos.demo.SendAndReceiveCnt.output,ptolemy.domains.ptinyos.demo.SenseToLeds.output,ptolemy.actor.lib.jjs.modules.udpSocket.*" />
    <property name="env.PTII" value="/home/travis/build/icyphy/ptII" />
    <property name="env.XDG_SESSION_ID" value="2" />
    <property name="keystore" value="ptKeystore" />
    <property name="env.TRAVIS_COMMIT_MESSAGE" value="Conform a model to new HlaManager design." />
    <property name="junit.output.dir" value="/home/travis/build/icyphy/ptII/reports/junit" />
    <property name="npm.return.code" value="0" />
    <property name="user.dir" value="/home/travis/build/icyphy/ptII/ptolemy/domains/de/test" />
    <property name="env.TRAVIS_NODE_VERSION" value="7" />
    <property name="env.TRAVIS_EVENT_TYPE" value="cron" />
    <property name="env.MAIL" value="/var/mail/travis" />
    <property name="env.PERLBREW_ROOT" value="/home/travis/perl5/perlbrew" />
    <property name="env.PWD" value="/home/travis/build/icyphy/ptII" />
    <property name="timeout.npm" value="45000" />
    <property name="env.PT_TRAVIS_TEST_CORE2_XML" value="true" />
    <property name="env.TRAVIS_ARCH" value="amd64" />
    <property name="sun.cpu.endian" value="little" />
    <property name="env.PAGER" value="cat" />
    <property name="env.TRAVIS_BUILD_STAGE_NAME" value="Test" />
    <property name="env.PERLBREW_HOME" value="/home/travis/.perlbrew" />
    <property name="java.vm.version" value="11.0.2+9" />
    <property name="env.RAILS_ENV" value="test" />
    <property name="java.class.path" value="/home/travis/build/icyphy/ptII:/home/travis/build/icyphy/ptII/lib/bsh-2.0b4.jar:/home/travis/build/icyphy/ptII/lib/ptCal.jar:/home/travis/build/icyphy/ptII/lib/java_cup.jar:/home/travis/build/icyphy/ptII/lib/saxon8.jar:/home/travis/build/icyphy/ptII/lib/saxon8-dom.jar:/home/travis/build/icyphy/ptII/lib/chic.jar:/home/travis/build/icyphy/ptII/lib/ptcolt.jar:/home/travis/build/icyphy/ptII/vendors/misc/itext/iText.jar:/home/travis/build/icyphy/ptII/lib/g4ltl.jar:/home/travis/build/icyphy/ptII/lib/StructuralCoder.jar:/home/travis/build/icyphy/ptII/lib/jcerti.jar:/home/travis/build/icyphy/ptII/lib/javax.mail.jar:/home/travis/build/icyphy/ptII/vendors/JMF-2.1.1e/lib/jmf.jar:/home/travis/build/icyphy/ptII/lib/jna-4.0.0-variadic.jar:/home/travis/build/icyphy/ptII/vendors/misc/joystick/Joystick.jar:/home/travis/build/icyphy/ptII/lib/ptjacl.jar:/home/travis/build/icyphy/ptII/lib/jsoup-1.8.2.jar:/home/travis/build/icyphy/ptII/lib/junit-4.8.2.jar:/home/travis/build/icyphy/ptII/lib/JUnitParams-0.4.0.jar:/home/travis/build/icyphy/ptII/ptolemy/actor/lib/excel/jxl.jar:/home/travis/build/icyphy/ptII/lib/jython.jar:/home/travis/build/icyphy/ptII/lib/kieler.jar:/home/travis/build/icyphy/ptII/vendors/opencv/share/OpenCV/java/opencv-341.jar:/home/travis/build/icyphy/ptII/lib/oscP5.jar:/home/travis/build/icyphy/ptII/lib/nrjavaserial-3.11.0.devel.jar:/home/travis/build/icyphy/ptII/vendors/j3d/lib/Linux/j3dcore.jar:/home/travis/build/icyphy/ptII/vendors/j3d/lib/Linux/j3dutils.jar:/home/travis/build/icyphy/ptII/vendors/j3d/lib/Linux/vecmath.jar:/home/travis/build/icyphy/ptII/vendors/jogl/lib/Linux/gluegen-rt-natives-linux-amd64.jar:/home/travis/build/icyphy/ptII/vendors/jogl/lib/Linux/gluegen-rt.jar:/home/travis/build/icyphy/ptII/vendors/jogl/lib/Linux/jogl-all-natives-linux-amd64.jar:/home/travis/build/icyphy/ptII/vendors/jogl/lib/Linux/jogl-all.jar:/home/travis/build/icyphy/ptII/ptolemy/distributed/jini/jar/jini-core.jar:/home/travis/build/icyphy/ptII/ptolemy/distributed/jini/jar/jini-ext.jar:/home/travis/build/icyphy/ptII/ptolemy/distributed/jini/jar/sun-util.jar:/home/travis/build/icyphy/ptII/lib/protobuf-java-2.4.1.jar:/home/travis/build/icyphy/ptII/lib/org.eclipse.paho.client.mqttv3.jar:/home/travis/build/icyphy/ptII/lib/mapss.jar:/home/travis/build/icyphy/ptII/ptolemy/actor/ptalon/antlr/antlr.jar:/home/travis/build/icyphy/ptII/lib/JRI.jar:/home/travis/build/icyphy/ptII/lib/commons-lang-2.6.jar:/home/travis/build/icyphy/ptII/lib/commons-logging-1.1.1.jar:/home/travis/build/icyphy/ptII/lib/sootclasses.jar:/home/travis/build/icyphy/ptII/ptolemy/actor/lib/database/mysql-connector-java-5.1.6-bin.jar:/home/travis/build/icyphy/ptII/vendors/misc/sphinx4/sphinx4-data-5prealpha.jar:/home/travis/build/icyphy/ptII/vendors/misc/sphinx4/sphinx4-core-5prealpha.jar:/home/travis/build/icyphy/ptII/lib/PDFRenderer.jar:/home/travis/build/icyphy/ptII/lib/svgSalamander.jar:/home/travis/build/icyphy/ptII/lib/rsyntaxtextarea-2.6.0-SNAPSHOT.jar:/home/travis/build/icyphy/ptII/lib/hazelcast-3.8.2.jar:/home/travis/build/icyphy/ptII/lib/jackson-annotations-2.9.0.jar:/home/travis/build/icyphy/ptII/lib/jackson-core-2.9.3.jar:/home/travis/build/icyphy/ptII/lib/jackson-databind-2.9.3.jar:/home/travis/build/icyphy/ptII/lib/netty-buffer-4.1.19.Final.jar:/home/travis/build/icyphy/ptII/lib/netty-codec-4.1.19.Final.jar:/home/travis/build/icyphy/ptII/lib/netty-codec-dns-4.1.19.Final.jar:/home/travis/build/icyphy/ptII/lib/netty-codec-http-4.1.19.Final.jar:/home/travis/build/icyphy/ptII/lib/netty-codec-http2-4.1.19.Final.jar:/home/travis/build/icyphy/ptII/lib/netty-common-4.1.19.Final.jar:/home/travis/build/icyphy/ptII/lib/netty-handler-4.1.19.Final.jar:/home/travis/build/icyphy/ptII/lib/netty-resolver-4.1.19.Final.jar:/home/travis/build/icyphy/ptII/lib/netty-resolver-dns-4.1.19.Final.jar:/home/travis/build/icyphy/ptII/lib/netty-transport-4.1.19.Final.jar:/home/travis/build/icyphy/ptII/lib/vertx-codegen-3.5.1.jar:/home/travis/build/icyphy/ptII/lib/vertx-core-3.5.2-SNAPSHOT.jar:/home/travis/build/icyphy/ptII/lib/vertx-hazelcast-3.5.1.jar:/home/travis/build/icyphy/ptII/lib/vertx-lang-js-3.5.1.jar:/home/travis/build/icyphy/ptII/lib/vertx-service-proxy-3.5.1.jar:/home/travis/build/icyphy/ptII/lib/vertx-web-3.5.1.jar:/home/travis/build/icyphy/ptII/lib/slf4j-api-1.7.13.jar:/home/travis/build/icyphy/ptII/lib/slf4j-simple-1.7.13.jar:/home/travis/build/icyphy/ptII/lib/webcam-capture-0.3.12.jar:/home/travis/build/icyphy/ptII/lib/bridj-0.7.0.jar:/home/travis/build/icyphy/ptII/lib/xbjlib-1.1.0.nrjavaserial.jar:/home/travis/build/icyphy/ptII/ptolemy/moml/test:/home/travis/build/icyphy/ptII/ant/lib/ant-launcher.jar:/home/travis/build/icyphy/ptII/ant/lib/ant.jar:/home/travis/build/icyphy/ptII/ant/lib/ant-junit.jar:/home/travis/build/icyphy/ptII/ant/lib/ant-junit4.jar" />
    <property name="ant.library.dir" value="/home/travis/build/icyphy/ptII/ant/lib" />
    <property name="os.arch" value="amd64" />
    <property name="env.CONTINUOUS_INTEGRATION" value="true" />
    <property name="env.TRAVIS_LANGUAGE" value="node_js" />
    <property name="env.TRAVIS_STACK_LANGUAGES" value="__sardonyx__ c c++ clojure cplusplus cpp default generic go groovy java node_js php pure_java python ruby scala" />
    <property name="test.name" value="ptolemy.actor.lib.test.junit.JUnitTclTest" />
    <property name="env.APT_KEY_DONT_WARN_ON_DANGEROUS_USAGE" value="1" />
    <property name="sun.java.launcher" value="SUN_STANDARD" />
    <property name="env.PYTHON_CONFIGURE_OPTS" value="--enable-unicode=ucs4 --with-wide-unicode --enable-shared --enable-ipv6 --enable-loadable-sqlite-extensions --with-computed-gotos" />
    <property name="ant.core.lib" value="/home/travis/build/icyphy/ptII/ant/lib/ant.jar" />
    <property name="java.vm.specification.vendor" value="Oracle Corporation" />
    <property name="env.BCVTB_HOME" value="/home/travis/build/icyphy/ptII/lbnl" />
    <property name="file.separator" value="/" />
    <property name="spotbugs.home" value="/home/travis/build/icyphy/ptII/vendors/spotbugs-3.1.1" />
    <property name="java.runtime.version" value="11.0.2+9" />
    <property name="env.ANSI_CLEAR" value="\033[0K" />
    <property name="javafx.verbose" value="true" />
    <property name="env.HAS_JOSH_K_SEAL_OF_APPROVAL" value="true" />
    <property name="env.XDG_RUNTIME_DIR" value="/run/user/2000" />
    <property name="env.TRAVIS_OSX_IMAGE" value="" />
    <property name="env.TRAVIS_JOB_ID" value="622193368" />
    <property name="env.TRAVIS_BRANCH" value="master" />
    <property name="user.country" value="US" />
    <property name="env.CERTI_HOME_TRAVIS" value="/home/travis/pthla/certi-tools" />
    <property name="env.SHELL" value="/bin/bash" />
    <property name="java.maxmemory.large" value="3200m" />
    <property name="model" value="" />
    <property name="env.CASHER_DIR" value="/home/travis/.casher" />
    <property name="env.NVM_CD_FLAGS" value="" />
    <property name="java.vendor.version" value="18.9" />
    <property name="jshint.executable" value="/home/travis/node_modules/jshint/bin/jshint" />
    <property name="env.JRUBY_OPTS" value=" --client -J-XX:+TieredCompilation -J-XX:TieredStopAtLevel=1 -J-Xss2m -Xcompile.invokedynamic=false" />
    <property name="java.vendor" value="Oracle Corporation" />
    <property name="env.TRAVIS_PRE_CHEF_BOOTSTRAP_TIME" value="2019-03-25T16:16:42" />
    <property name="env.TRAVIS_STACK_JOB_BOARD_REGISTER" value="/.job-board-register.yml" />
    <property name="env.ANSI_RED" value="\033[31;1m" />
    <property name="java.specification.version" value="11" />
    <property name="env.IRBRC" value="/home/travis/.rvm/rubies/ruby-2.5.3/.irbrc" />
    <property name="env.TRAVIS" value="true" />
    <property name="sun.arch.data.model" value="64" />
  </properties>
  <testcase classname="ptolemy.util.test.junit.TclTests" name="[0] /home/travis/build/icyphy/ptII/ptolemy/domains/de/test/DependencyLoop.tcl (RunTclFile)" time="1.038" />
  <testcase classname="ptolemy.util.test.junit.TclTests" name="[1] /home/travis/build/icyphy/ptII/ptolemy/domains/de/test/RunDETestsAsQSS.tcl (RunTclFile)" time="89.629" />
  <testcase classname="ptolemy.util.test.junit.AutoKnownFailedTests" name="[0] /home/travis/build/icyphy/ptII/ptolemy/domains/de/test/auto/knownFailedTests/DESDFClockTest.xml (RunModel)" time="2.034" />
  <testcase classname="ptolemy.util.test.junit.AutoKnownFailedTests" name="[1] /home/travis/build/icyphy/ptII/ptolemy/domains/de/test/auto/knownFailedTests/DirectFeedback.xml (RunModel)" time="0.026" />
  <testcase classname="ptolemy.util.test.junit.AutoKnownFailedTests" name="[2] /home/travis/build/icyphy/ptII/ptolemy/domains/de/test/auto/knownFailedTests/FSMSource.xml (RunModel)" time="0.025" />
  <testcase classname="ptolemy.util.test.junit.AutoKnownFailedTests" name="[3] /home/travis/build/icyphy/ptII/ptolemy/domains/de/test/auto/knownFailedTests/HierarchicalModel.xml (RunModel)" time="0.036" />
  <testcase classname="ptolemy.util.test.junit.AutoKnownFailedTests" name="[4] /home/travis/build/icyphy/ptII/ptolemy/domains/de/test/auto/knownFailedTests/dependencyLoop.xml (RunModel)" time="0.049" />
  <testcase classname="ptolemy.util.test.junit.AutoKnownFailedTests" name="[5] /home/travis/build/icyphy/ptII/ptolemy/domains/de/test/auto/knownFailedTests/dependencyLoop2.xml (RunModel)" time="0.05" />
  <testcase classname="ptolemy.util.test.junit.AutoNameArchTests" name="[0] ThereAreNoAutoArchTests (RunModel)" time="0.001" />
  <testcase classname="ptolemy.util.test.junit.AutoTests" name="[0] /home/travis/build/icyphy/ptII/ptolemy/domains/de/test/auto/ActorDepthCalculation_actorWithoutPorts.xml (RunModel)" time="0.022" />
  <testcase classname="ptolemy.util.test.junit.AutoTests" name="[1] /home/travis/build/icyphy/ptII/ptolemy/domains/de/test/auto/AssemblyLine.xml (RunModel)" time="0.033" />
  <testcase classname="ptolemy.util.test.junit.AutoTests" name="[2] /home/travis/build/icyphy/ptII/ptolemy/domains/de/test/auto/CQBug1.xml (RunModel)" time="0.012" />
  <testcase classname="ptolemy.util.test.junit.AutoTests" name="[3] /home/travis/build/icyphy/ptII/ptolemy/domains/de/test/auto/CancelFireAt.xml (RunModel)" time="0.018" />
  <testcase classname="ptolemy.util.test.junit.AutoTests" name="[4] /home/travis/build/icyphy/ptII/ptolemy/domains/de/test/auto/CausalityAndComposabilityAnalysis.xml (RunModel)" time="0.019" />
  <testcase classname="ptolemy.util.test.junit.AutoTests" name="[5] /home/travis/build/icyphy/ptII/ptolemy/domains/de/test/auto/CausalityInterface1.xml (RunModel)" time="0.017" />
  <testcase classname="ptolemy.util.test.junit.AutoTests" name="[6] /home/travis/build/icyphy/ptII/ptolemy/domains/de/test/auto/CausalityInterface15.xml (RunModel)" time="0.015" />
  <testcase classname="ptolemy.util.test.junit.AutoTests" name="[7] /home/travis/build/icyphy/ptII/ptolemy/domains/de/test/auto/CausalityInterface2.xml (RunModel)" time="0.018" />
  <testcase classname="ptolemy.util.test.junit.AutoTests" name="[8] /home/travis/build/icyphy/ptII/ptolemy/domains/de/test/auto/CausalityInterface3.xml (RunModel)" time="0.014" />
  <testcase classname="ptolemy.util.test.junit.AutoTests" name="[9] /home/travis/build/icyphy/ptII/ptolemy/domains/de/test/auto/ClockDrift.xml (RunModel)" time="0.043" />
  <testcase classname="ptolemy.util.test.junit.AutoTests" name="[10] /home/travis/build/icyphy/ptII/ptolemy/domains/de/test/auto/ClockDriftAndValueChange.xml (RunModel)" time="0.035" />
  <testcase classname="ptolemy.util.test.junit.AutoTests" name="[11] /home/travis/build/icyphy/ptII/ptolemy/domains/de/test/auto/ClockDriftChange.xml (RunModel)" time="0.036" />
  <testcase classname="ptolemy.util.test.junit.AutoTests" name="[12] /home/travis/build/icyphy/ptII/ptolemy/domains/de/test/auto/ComposableCausalityAnalysis.xml (RunModel)" time="0.017" />
  <testcase classname="ptolemy.util.test.junit.AutoTests" name="[13] /home/travis/build/icyphy/ptII/ptolemy/domains/de/test/auto/DEFixedPointLimitation.xml (RunModel)" time="0.008" />
  <testcase classname="ptolemy.util.test.junit.AutoTests" name="[14] /home/travis/build/icyphy/ptII/ptolemy/domains/de/test/auto/DEScheduleTest.xml (RunModel)" time="0.02" />
  <testcase classname="ptolemy.util.test.junit.AutoTests" name="[15] /home/travis/build/icyphy/ptII/ptolemy/domains/de/test/auto/DEinDEwithStartTimes.xml (RunModel)" time="0.015" />
  <testcase classname="ptolemy.util.test.junit.AutoTests" name="[16] /home/travis/build/icyphy/ptII/ptolemy/domains/de/test/auto/DEinDEwithStartTimes2.xml (RunModel)" time="0.017" />
  <testcase classname="ptolemy.util.test.junit.AutoTests" name="[17] /home/travis/build/icyphy/ptII/ptolemy/domains/de/test/auto/DateDemo.xml (RunModel)" time="0.036" />
  <testcase classname="ptolemy.util.test.junit.AutoTests" name="[18] /home/travis/build/icyphy/ptII/ptolemy/domains/de/test/auto/DateToEvent.xml (RunModel)" time="2.046" />
  <testcase classname="ptolemy.util.test.junit.AutoTests" name="[19] /home/travis/build/icyphy/ptII/ptolemy/domains/de/test/auto/DepthTest1.xml (RunModel)" time="0.009" />
  <testcase classname="ptolemy.util.test.junit.AutoTests" name="[20] /home/travis/build/icyphy/ptII/ptolemy/domains/de/test/auto/DepthTest2.xml (RunModel)" time="0.025" />
  <testcase classname="ptolemy.util.test.junit.AutoTests" name="[21] /home/travis/build/icyphy/ptII/ptolemy/domains/de/test/auto/DepthTest3.xml (RunModel)" time="0.009" />
  <testcase classname="ptolemy.util.test.junit.AutoTests" name="[22] /home/travis/build/icyphy/ptII/ptolemy/domains/de/test/auto/DepthTest4.xml (RunModel)" time="0.029" />
  <testcase classname="ptolemy.util.test.junit.AutoTests" name="[23] /home/travis/build/icyphy/ptII/ptolemy/domains/de/test/auto/DepthTest5.xml (RunModel)" time="0.015" />
  <testcase classname="ptolemy.util.test.junit.AutoTests" name="[24] /home/travis/build/icyphy/ptII/ptolemy/domains/de/test/auto/DepthTest6.xml (RunModel)" time="0.013" />
  <testcase classname="ptolemy.util.test.junit.AutoTests" name="[25] /home/travis/build/icyphy/ptII/ptolemy/domains/de/test/auto/DepthTest7.xml (RunModel)" time="0.018" />
  <testcase classname="ptolemy.util.test.junit.AutoTests" name="[26] /home/travis/build/icyphy/ptII/ptolemy/domains/de/test/auto/EventToDate.xml (RunModel)" time="3.043" />
  <testcase classname="ptolemy.util.test.junit.AutoTests" name="[27] /home/travis/build/icyphy/ptII/ptolemy/domains/de/test/auto/FSM1.xml (RunModel)" time="0.05" />
  <testcase classname="ptolemy.util.test.junit.AutoTests" name="[28] /home/travis/build/icyphy/ptII/ptolemy/domains/de/test/auto/FSM7.xml (RunModel)" time="0.067" />
  <testcase classname="ptolemy.util.test.junit.AutoTests" name="[29] /home/travis/build/icyphy/ptII/ptolemy/domains/de/test/auto/Inspection.xml (RunModel)" time="0.059" />
  <testcase classname="ptolemy.util.test.junit.AutoTests" name="[30] /home/travis/build/icyphy/ptII/ptolemy/domains/de/test/auto/Iteration.xml (RunModel)" time="0.033" />
  <testcase classname="ptolemy.util.test.junit.AutoTests" name="[31] /home/travis/build/icyphy/ptII/ptolemy/domains/de/test/auto/LineFault.xml (RunModel)" time="0.599" />
  <testcase classname="ptolemy.util.test.junit.AutoTests" name="[32] /home/travis/build/icyphy/ptII/ptolemy/domains/de/test/auto/MergeModel1Add.xml (RunModel)" time="0.058" />
  <testcase classname="ptolemy.util.test.junit.AutoTests" name="[33] /home/travis/build/icyphy/ptII/ptolemy/domains/de/test/auto/MergeModel2Add.xml (RunModel)" time="0.052" />
  <testcase classname="ptolemy.util.test.junit.AutoTests" name="[34] /home/travis/build/icyphy/ptII/ptolemy/domains/de/test/auto/MergeModel3Add.xml (RunModel)" time="0.044" />
  <testcase classname="ptolemy.util.test.junit.AutoTests" name="[35] /home/travis/build/icyphy/ptII/ptolemy/domains/de/test/auto/MergeWithoutDiscard.xml (RunModel)" time="0.02" />
  <testcase classname="ptolemy.util.test.junit.AutoTests" name="[36] /home/travis/build/icyphy/ptII/ptolemy/domains/de/test/auto/Modal1.xml (RunModel)" time="0.031" />
  <testcase classname="ptolemy.util.test.junit.AutoTests" name="[37] /home/travis/build/icyphy/ptII/ptolemy/domains/de/test/auto/Modal2.xml (RunModel)" time="0.034" />
  <testcase classname="ptolemy.util.test.junit.AutoTests" name="[38] /home/travis/build/icyphy/ptII/ptolemy/domains/de/test/auto/Modal3.xml (RunModel)" time="0.032" />
  <testcase classname="ptolemy.util.test.junit.AutoTests" name="[39] /home/travis/build/icyphy/ptII/ptolemy/domains/de/test/auto/Modal4.xml (RunModel)" time="0.037" />
  <testcase classname="ptolemy.util.test.junit.AutoTests" name="[40] /home/travis/build/icyphy/ptII/ptolemy/domains/de/test/auto/Modal5.xml (RunModel)" time="0.051" />
  <testcase classname="ptolemy.util.test.junit.AutoTests" name="[41] /home/travis/build/icyphy/ptII/ptolemy/domains/de/test/auto/Modal6.xml (RunModel)" time="0.042" />
  <testcase classname="ptolemy.util.test.junit.AutoTests" name="[42] /home/travis/build/icyphy/ptII/ptolemy/domains/de/test/auto/Modal7.xml (RunModel)" time="0.032" />
  <testcase classname="ptolemy.util.test.junit.AutoTests" name="[43] /home/travis/build/icyphy/ptII/ptolemy/domains/de/test/auto/ModalModel.xml (RunModel)" time="0.171" />
  <testcase classname="ptolemy.util.test.junit.AutoTests" name="[44] /home/travis/build/icyphy/ptII/ptolemy/domains/de/test/auto/ModalSource.xml (RunModel)" time="0.02" />
  <testcase classname="ptolemy.util.test.junit.AutoTests" name="[45] /home/travis/build/icyphy/ptII/ptolemy/domains/de/test/auto/NonInterruptibleTimerZeroDelay.xml (RunModel)" time="0.009" />
  <testcase classname="ptolemy.util.test.junit.AutoTests" name="[46] /home/travis/build/icyphy/ptII/ptolemy/domains/de/test/auto/OpenQueueingNetwork.xml (RunModel)" time="2.639" />
  <testcase classname="ptolemy.util.test.junit.AutoTests" name="[47] /home/travis/build/icyphy/ptII/ptolemy/domains/de/test/auto/OpenQueuingNetwork.xml (RunModel)" time="0.309" />
  <testcase classname="ptolemy.util.test.junit.AutoTests" name="[48] /home/travis/build/icyphy/ptII/ptolemy/domains/de/test/auto/PeriodicSampler.xml (RunModel)" time="0.011" />
  <testcase classname="ptolemy.util.test.junit.AutoTests" name="[49] /home/travis/build/icyphy/ptII/ptolemy/domains/de/test/auto/PersistentIO.xml (RunModel)" time="0.021" />
  <testcase classname="ptolemy.util.test.junit.AutoTests" name="[50] /home/travis/build/icyphy/ptII/ptolemy/domains/de/test/auto/PortParameterResetOnInitialize.xml (RunModel)" time="0.011" />
  <testcase classname="ptolemy.util.test.junit.AutoTests" name="[51] /home/travis/build/icyphy/ptII/ptolemy/domains/de/test/auto/PortParameterUpdates.xml (RunModel)" time="0.019" />
  <testcase classname="ptolemy.util.test.junit.AutoTests" name="[52] /home/travis/build/icyphy/ptII/ptolemy/domains/de/test/auto/QueueAndServer.xml (RunModel)" time="0.02" />
  <testcase classname="ptolemy.util.test.junit.AutoTests" name="[53] /home/travis/build/icyphy/ptII/ptolemy/domains/de/test/auto/Records.xml (RunModel)" time="0.014" />
  <testcase classname="ptolemy.util.test.junit.AutoTests" name="[54] /home/travis/build/icyphy/ptII/ptolemy/domains/de/test/auto/ResetTransitionWithStartTime1.xml (RunModel)" time="0.017" />
  <testcase classname="ptolemy.util.test.junit.AutoTests" name="[55] /home/travis/build/icyphy/ptII/ptolemy/domains/de/test/auto/ResetTransitionWithStartTime2.xml (RunModel)" time="0.019" />
  <testcase classname="ptolemy.util.test.junit.AutoTests" name="[56] /home/travis/build/icyphy/ptII/ptolemy/domains/de/test/auto/ResetTransitionWithStartTime3.xml (RunModel)" time="0.017" />
  <testcase classname="ptolemy.util.test.junit.AutoTests" name="[57] /home/travis/build/icyphy/ptII/ptolemy/domains/de/test/auto/ResetTransitionWithStartTime4.xml (RunModel)" time="0.018" />
  <testcase classname="ptolemy.util.test.junit.AutoTests" name="[58] /home/travis/build/icyphy/ptII/ptolemy/domains/de/test/auto/ResettableTimer1.xml (RunModel)" time="0.009" />
  <testcase classname="ptolemy.util.test.junit.AutoTests" name="[59] /home/travis/build/icyphy/ptII/ptolemy/domains/de/test/auto/ResettableTimer2.xml (RunModel)" time="0.009" />
  <testcase classname="ptolemy.util.test.junit.AutoTests" name="[60] /home/travis/build/icyphy/ptII/ptolemy/domains/de/test/auto/ResettableTimer3.xml (RunModel)" time="0.008" />
  <testcase classname="ptolemy.util.test.junit.AutoTests" name="[61] /home/travis/build/icyphy/ptII/ptolemy/domains/de/test/auto/ResettableTimer4.xml (RunModel)" time="0.008" />
  <testcase classname="ptolemy.util.test.junit.AutoTests" name="[62] /home/travis/build/icyphy/ptII/ptolemy/domains/de/test/auto/ResettableTimer5.xml (RunModel)" time="0.009" />
  <testcase classname="ptolemy.util.test.junit.AutoTests" name="[63] /home/travis/build/icyphy/ptII/ptolemy/domains/de/test/auto/ResettableTimer6.xml (RunModel)" time="0.018" />
  <testcase classname="ptolemy.util.test.junit.AutoTests" name="[64] /home/travis/build/icyphy/ptII/ptolemy/domains/de/test/auto/ServerZeroDelay.xml (RunModel)" time="0.012" />
  <testcase classname="ptolemy.util.test.junit.AutoTests" name="[65] /home/travis/build/icyphy/ptII/ptolemy/domains/de/test/auto/SmartSender.xml (RunModel)" time="3.008" />
  <testcase classname="ptolemy.util.test.junit.AutoTests" name="[66] /home/travis/build/icyphy/ptII/ptolemy/domains/de/test/auto/ThreadedComposite.xml (RunModel)" time="0.141" />
  <testcase classname="ptolemy.util.test.junit.AutoTests" name="[67] /home/travis/build/icyphy/ptII/ptolemy/domains/de/test/auto/Time.xml (RunModel)" time="0.484" />
  <testcase classname="ptolemy.util.test.junit.AutoTests" name="[68] /home/travis/build/icyphy/ptII/ptolemy/domains/de/test/auto/TimeDelayZeroDelay.xml (RunModel)" time="0.011" />
  <testcase classname="ptolemy.util.test.junit.AutoTests" name="[69] /home/travis/build/icyphy/ptII/ptolemy/domains/de/test/auto/TimerZeroDelay.xml (RunModel)" time="0.01" />
  <testcase classname="ptolemy.util.test.junit.AutoTests" name="[70] /home/travis/build/icyphy/ptII/ptolemy/domains/de/test/auto/TimingParadox.xml (RunModel)" time="0.381" />
  <testcase classname="ptolemy.util.test.junit.AutoTests" name="[71] /home/travis/build/icyphy/ptII/ptolemy/domains/de/test/auto/TransferInputs.xml (RunModel)" time="0.014" />
  <testcase classname="ptolemy.util.test.junit.AutoTests" name="[72] /home/travis/build/icyphy/ptII/ptolemy/domains/de/test/auto/TransferOutputs2.xml (RunModel)" time="0.014" />
  <testcase classname="ptolemy.util.test.junit.AutoTests" name="[73] /home/travis/build/icyphy/ptII/ptolemy/domains/de/test/auto/Trilateration.xml (RunModel)" time="12.458" />
  <testcase classname="ptolemy.util.test.junit.AutoTests" name="[74] /home/travis/build/icyphy/ptII/ptolemy/domains/de/test/auto/TwoSigmaDelta.xml (RunModel)" time="1.98" />
  <testcase classname="ptolemy.util.test.junit.AutoTests" name="[75] /home/travis/build/icyphy/ptII/ptolemy/domains/de/test/auto/VariableDelay.xml (RunModel)" time="0.011" />
  <testcase classname="ptolemy.util.test.junit.AutoTests" name="[76] /home/travis/build/icyphy/ptII/ptolemy/domains/de/test/auto/VariableDelay2.xml (RunModel)" time="0.011" />
  <testcase classname="ptolemy.util.test.junit.AutoTests" name="[77] /home/travis/build/icyphy/ptII/ptolemy/domains/de/test/auto/VariableDelayZeroDelay.xml (RunModel)" time="0.012" />
  <testcase classname="ptolemy.util.test.junit.AutoTests" name="[78] /home/travis/build/icyphy/ptII/ptolemy/domains/de/test/auto/VariableDelayZeroDelay2.xml (RunModel)" time="0.015" />
  <testcase classname="ptolemy.util.test.junit.AutoTests" name="[79] /home/travis/build/icyphy/ptII/ptolemy/domains/de/test/auto/deInCt.xml (RunModel)" time="0.016" />
  <testcase classname="ptolemy.util.test.junit.AutoTests" name="[80] /home/travis/build/icyphy/ptII/ptolemy/domains/de/test/auto/deInCt2.xml (RunModel)" time="0.009" />
  <testcase classname="ptolemy.util.test.junit.AutoTests" name="[81] /home/travis/build/icyphy/ptII/ptolemy/domains/de/test/auto/dynamicCausalityInterface1.xml (RunModel)" time="0.017" />
  <testcase classname="ptolemy.util.test.junit.AutoTests" name="[82] /home/travis/build/icyphy/ptII/ptolemy/domains/de/test/auto/fsm_de_test.xml (RunModel)" time="0.022" />
  <testcase classname="ptolemy.util.test.junit.AutoTests" name="[83] /home/travis/build/icyphy/ptII/ptolemy/domains/de/test/auto/functionDependencyReconstruction.xml (RunModel)" time="0.043" />
  <testcase classname="ptolemy.util.test.junit.AutoTests" name="[84] /home/travis/build/icyphy/ptII/ptolemy/domains/de/test/auto/multirate.xml (RunModel)" time="0.016" />
  <testcase classname="ptolemy.util.test.junit.AutoTests" name="[85] /home/travis/build/icyphy/ptII/ptolemy/domains/de/test/auto/multirate2.xml (RunModel)" time="0.018" />
  <testcase classname="ptolemy.util.test.junit.AutoTests" name="[86] /home/travis/build/icyphy/ptII/ptolemy/domains/de/test/auto/realtime.xml (RunModel)" time="10.01" />
  <testcase classname="ptolemy.util.test.junit.AutoTests" name="[87] /home/travis/build/icyphy/ptII/ptolemy/domains/de/test/auto/relationGroup.xml (RunModel)" time="0.012" />
  <testcase classname="ptolemy.util.test.junit.AutoTests" name="[88] /home/travis/build/icyphy/ptII/ptolemy/domains/de/test/auto/relationGroup2.xml (RunModel)" time="0.008" />
  <testcase classname="ptolemy.util.test.junit.AutoTests" name="[89] /home/travis/build/icyphy/ptII/ptolemy/domains/de/test/auto/sortWithOpaquePorts.xml (RunModel)" time="0.007" />
  <testcase classname="ptolemy.util.test.junit.AutoTests" name="[90] /home/travis/build/icyphy/ptII/ptolemy/domains/de/test/auto/transferInputsandOutputs.xml (RunModel)" time="0.018" />
  <testcase classname="ptolemy.util.test.junit.AutoTests" name="[91] /home/travis/build/icyphy/ptII/ptolemy/domains/de/test/auto/triggerType.xml (RunModel)" time="0.008" />
  <system-out><![CDATA[/home/travis/build/icyphy/ptII/ptolemy/domains/de/test/DependencyLoop.tcl
testDefs.tcl: setting time out to 9000 seconds at Sun Dec 08 06:21:37 UTC 2019
76 ms. Memory: 120832K Free: 71620K (59%)
12 ms. Memory: 120832K Free: 54212K (45%)
/home/travis/build/icyphy/ptII/ptolemy/domains/de/test/RunDETestsAsQSS.tcl
Run the DE tests using ptolemy.domains.qss.test.QSSDirectorTest, which extends QSSDirector and prints a message in the constructors.
------------------ testing $PTII/ptolemy/domains/de/test/auto/knownFailedTests/DirectFeedback.xml (Known Failure) 
56 ms. Memory: 120832K Free: 48578K (40%)


==== $PTIIhome/travis/build/icyphy/ptII/ptolemy/domains/de/test/../../../../: Auto Automatic test in file $PTII/ptolemy/domains/de/test/auto/knownFailedTests/DirectFeedback.xml
==== Contents of test case:

	    # FIXME: we should use $relativeFilename here, but it
	    # might have backslashes under Windows, which causes no end
	    # of trouble.
	    createAndExecute $file
	    list {}
	
.... Test generated KNOWN error:
    while executing
ptolemy.kernel.util.IllegalActionException: Test fails in iteration 1.
Value was: 1.0. Should have been: 2.0
  in .DirectFeedback.Test
	at ptolemy.actor.lib.Test.fire(Test.java:268)
	at ptolemy.domains.de.kernel.DEDirector._fire(DEDirector.java:1949)
	at ptolemy.domains.de.kernel.DEDirector.fire(DEDirector.java:502)
	at ptolemy.actor.CompositeActor.fire(CompositeActor.java:455)
	at ptolemy.actor.Manager.iterate(Manager.java:851)
	at ptolemy.actor.Manager.execute(Manager.java:369)
	at ptolemy.actor.Manager.run(Manager.java:1263)
	at ptolemy.actor.Manager$PtolemyRunThread.run(Manager.java:1933)

    while executing
ptolemy.kernel.util.IllegalActionException: Test fails in iteration 1.
Value was: 1.0. Should have been: 2.0
  in .DirectFeedback.Test
    while executing
"java::new ptolemy.moml.MoMLSimpleApplication $file
"
    (procedure "createAndExecute" line 2)
    invoked from within
"createAndExecute $file"
    ("uplevel" body line 5)
    invoked from within
"uplevel $contents_of_test"
------------------ testing $PTII/ptolemy/domains/de/test/auto/knownFailedTests/dependencyLoop.xml (Known Failure) 
55 ms. Memory: 120832K Free: 108383K (90%)


==== $PTIIhome/travis/build/icyphy/ptII/ptolemy/domains/de/test/../../../../: Auto Automatic test in file $PTII/ptolemy/domains/de/test/auto/knownFailedTests/dependencyLoop.xml
==== Contents of test case:

	    # FIXME: we should use $relativeFilename here, but it
	    # might have backslashes under Windows, which causes no end
	    # of trouble.
	    createAndExecute $file
	    list {}
	
.... Test generated KNOWN error:
    while executing
ptolemy.kernel.util.IllegalActionException: Found a zero delay loop containing .dependencyLoop.original
  in .dependencyLoop and .dependencyLoop.original
	at ptolemy.actor.util.CausalityInterfaceForComposites._computeOutputPortDepth(CausalityInterfaceForComposites.java:759)
	at ptolemy.actor.util.CausalityInterfaceForComposites._computeInputDepth(CausalityInterfaceForComposites.java:696)
	at ptolemy.actor.util.CausalityInterfaceForComposites._computeOutputPortDepth(CausalityInterfaceForComposites.java:765)
	at ptolemy.actor.util.CausalityInterfaceForComposites._computeInputDepth(CausalityInterfaceForComposites.java:696)
	at ptolemy.actor.util.CausalityInterfaceForComposites._computeOutputPortDepth(CausalityInterfaceForComposites.java:765)
	at ptolemy.actor.util.CausalityInterfaceForComposites._computeInputDepth(CausalityInterfaceForComposites.java:696)
	at ptolemy.actor.util.CausalityInterfaceForComposites._computeActorDepth(CausalityInterfaceForComposites.java:532)
	at ptolemy.actor.util.CausalityInterfaceForComposites.checkForCycles(CausalityInterfaceForComposites.java:96)
	at ptolemy.domains.de.kernel.DEDirector.preinitialize(DEDirector.java:1338)
	at ptolemy.actor.CompositeActor.preinitialize(CompositeActor.java:1828)
	at ptolemy.actor.Manager.preinitializeAndResolveTypes(Manager.java:1040)
	at ptolemy.actor.Manager.initialize(Manager.java:710)
	at ptolemy.actor.Manager.execute(Manager.java:356)
	at ptolemy.actor.Manager.run(Manager.java:1263)
	at ptolemy.actor.Manager$PtolemyRunThread.run(Manager.java:1933)

    while executing
ptolemy.kernel.util.IllegalActionException: Found a zero delay loop containing .dependencyLoop.original
  in .dependencyLoop and .dependencyLoop.original
    while executing
"java::new ptolemy.moml.MoMLSimpleApplication $file
"
    (procedure "createAndExecute" line 2)
    invoked from within
"createAndExecute $file"
    ("uplevel" body line 5)
    invoked from within
"uplevel $contents_of_test"
------------------ testing $PTII/ptolemy/domains/de/test/auto/knownFailedTests/FSMSource.xml (Known Failure) 
66 ms. Memory: 120832K Free: 99211K (82%)
!!!! Auto was marked as failing, but now passes
------------------ testing $PTII/ptolemy/domains/de/test/auto/knownFailedTests/HierarchicalModel.xml (Known Failure) 
5 ms. Memory: 120832K Free: 81819K (68%)


==== $PTIIhome/travis/build/icyphy/ptII/ptolemy/domains/de/test/../../../../: Auto Automatic test in file $PTII/ptolemy/domains/de/test/auto/knownFailedTests/HierarchicalModel.xml
==== Contents of test case:

	    # FIXME: we should use $relativeFilename here, but it
	    # might have backslashes under Windows, which causes no end
	    # of trouble.
	    createAndExecute $file
	    list {}
	
.... Test generated KNOWN error:
    while executing
ptolemy.kernel.util.IllegalActionException: Found a zero delay loop containing .HierarchicalModel.A
  in .HierarchicalModel and .HierarchicalModel.A
	at ptolemy.actor.util.CausalityInterfaceForComposites._computeOutputPortDepth(CausalityInterfaceForComposites.java:759)
	at ptolemy.actor.util.CausalityInterfaceForComposites._computeInputDepth(CausalityInterfaceForComposites.java:696)
	at ptolemy.actor.util.CausalityInterfaceForComposites._computeOutputPortDepth(CausalityInterfaceForComposites.java:765)
	at ptolemy.actor.util.CausalityInterfaceForComposites._computeInputDepth(CausalityInterfaceForComposites.java:696)
	at ptolemy.actor.util.CausalityInterfaceForComposites._computeOutputPortDepth(CausalityInterfaceForComposites.java:765)
	at ptolemy.actor.util.CausalityInterfaceForComposites._computeInputDepth(CausalityInterfaceForComposites.java:696)
	at ptolemy.actor.util.CausalityInterfaceForComposites._computeActorDepth(CausalityInterfaceForComposites.java:532)
	at ptolemy.actor.util.CausalityInterfaceForComposites.checkForCycles(CausalityInterfaceForComposites.java:96)
	at ptolemy.domains.de.kernel.DEDirector.preinitialize(DEDirector.java:1338)
	at ptolemy.actor.CompositeActor.preinitialize(CompositeActor.java:1828)
	at ptolemy.actor.Manager.preinitializeAndResolveTypes(Manager.java:1040)
	at ptolemy.actor.Manager.initialize(Manager.java:710)
	at ptolemy.actor.Manager.execute(Manager.java:356)
	at ptolemy.actor.Manager.run(Manager.java:1263)
	at ptolemy.actor.Manager$PtolemyRunThread.run(Manager.java:1933)

    while executing
ptolemy.kernel.util.IllegalActionException: Found a zero delay loop containing .HierarchicalModel.A
  in .HierarchicalModel and .HierarchicalModel.A
    while executing
"java::new ptolemy.moml.MoMLSimpleApplication $file
"
    (procedure "createAndExecute" line 2)
    invoked from within
"createAndExecute $file"
    ("uplevel" body line 5)
    invoked from within
"uplevel $contents_of_test"
------------------ testing $PTII/ptolemy/domains/de/test/auto/knownFailedTests/dependencyLoop2.xml (Known Failure) 
27 ms. Memory: 120832K Free: 106331K (88%)


==== $PTIIhome/travis/build/icyphy/ptII/ptolemy/domains/de/test/../../../../: Auto Automatic test in file $PTII/ptolemy/domains/de/test/auto/knownFailedTests/dependencyLoop2.xml
==== Contents of test case:

	    # FIXME: we should use $relativeFilename here, but it
	    # might have backslashes under Windows, which causes no end
	    # of trouble.
	    createAndExecute $file
	    list {}
	
.... Test generated KNOWN error:
    while executing
ptolemy.kernel.util.IllegalActionException: Found a zero delay loop containing .dependencyLoop2.original
  in .dependencyLoop2 and .dependencyLoop2.original
	at ptolemy.actor.util.CausalityInterfaceForComposites._computeOutputPortDepth(CausalityInterfaceForComposites.java:759)
	at ptolemy.actor.util.CausalityInterfaceForComposites._computeInputDepth(CausalityInterfaceForComposites.java:696)
	at ptolemy.actor.util.CausalityInterfaceForComposites._computeOutputPortDepth(CausalityInterfaceForComposites.java:765)
	at ptolemy.actor.util.CausalityInterfaceForComposites._computeInputDepth(CausalityInterfaceForComposites.java:696)
	at ptolemy.actor.util.CausalityInterfaceForComposites._computeOutputPortDepth(CausalityInterfaceForComposites.java:765)
	at ptolemy.actor.util.CausalityInterfaceForComposites._computeInputDepth(CausalityInterfaceForComposites.java:696)
	at ptolemy.actor.util.CausalityInterfaceForComposites._computeActorDepth(CausalityInterfaceForComposites.java:532)
	at ptolemy.actor.util.CausalityInterfaceForComposites.checkForCycles(CausalityInterfaceForComposites.java:96)
	at ptolemy.domains.de.kernel.DEDirector.preinitialize(DEDirector.java:1338)
	at ptolemy.actor.CompositeActor.preinitialize(CompositeActor.java:1828)
	at ptolemy.actor.Manager.preinitializeAndResolveTypes(Manager.java:1040)
	at ptolemy.actor.Manager.initialize(Manager.java:710)
	at ptolemy.actor.Manager.execute(Manager.java:356)
	at ptolemy.actor.Manager.run(Manager.java:1263)
	at ptolemy.actor.Manager$PtolemyRunThread.run(Manager.java:1933)

    while executing
ptolemy.kernel.util.IllegalActionException: Found a zero delay loop containing .dependencyLoop2.original
  in .dependencyLoop2 and .dependencyLoop2.original
    while executing
"java::new ptolemy.moml.MoMLSimpleApplication $file
"
    (procedure "createAndExecute" line 2)
    invoked from within
"createAndExecute $file"
    ("uplevel" body line 5)
    invoked from within
"uplevel $contents_of_test"
------------------ testing $PTII/ptolemy/domains/de/test/auto/knownFailedTests/DESDFClockTest.xml (Known Failure) 
2064 ms. Memory: 120832K Free: 92683K (77%)


==== $PTIIhome/travis/build/icyphy/ptII/ptolemy/domains/de/test/../../../../: Auto Automatic test in file $PTII/ptolemy/domains/de/test/auto/knownFailedTests/DESDFClockTest.xml
==== Contents of test case:

	    # FIXME: we should use $relativeFilename here, but it
	    # might have backslashes under Windows, which causes no end
	    # of trouble.
	    createAndExecute $file
	    list {}
	
.... Test generated KNOWN error:
    while executing
ptolemy.kernel.util.IllegalActionException: Actor is not ready to fire.  Perhaps UpSample.prefire() returned false? Try debugging the actor by selecting "Listen to Actor".  Also, for SDF check moml for tokenConsumptionRate on input.
  in .DESDFClockTest.Play Bell.Copy1:SDF Director and .DESDFClockTest.Play Bell.UpSample
	at ptolemy.actor.sched.StaticSchedulingDirector.fire(StaticSchedulingDirector.java:227)
	at ptolemy.domains.sdf.kernel.SDFDirector.fire(SDFDirector.java:500)
	at ptolemy.actor.CompositeActor.fire(CompositeActor.java:455)
	at ptolemy.domains.de.kernel.DEDirector._fire(DEDirector.java:1949)
	at ptolemy.domains.de.kernel.DEDirector.fire(DEDirector.java:502)
	at ptolemy.actor.CompositeActor.fire(CompositeActor.java:455)
	at ptolemy.actor.Manager.iterate(Manager.java:851)
	at ptolemy.actor.Manager.execute(Manager.java:369)
	at ptolemy.actor.Manager.run(Manager.java:1263)
	at ptolemy.actor.Manager$PtolemyRunThread.run(Manager.java:1933)

    while executing
ptolemy.kernel.util.IllegalActionException: Actor is not ready to fire.  Perhaps UpSample.prefire() returned false? Try debugging the actor by selecting "Listen to Actor".  Also, for SDF check moml for tokenConsumptionRate on input.
  in .DESDFClockTest.Play Bell.Copy1:SDF Director and .DESDFClockTest.Play Bell.UpSample
    while executing
"java::new ptolemy.moml.MoMLSimpleApplication $file
"
    (procedure "createAndExecute" line 2)
    invoked from within
"createAndExecute $file"
    ("uplevel" body line 5)
    invoked from within
"uplevel $contents_of_test"
------------------ testing $PTII/ptolemy/domains/de/test/auto/ActorDepthCalculation_actorWithoutPorts.xml
auto.tcl: Setting watchdog for 200 seconds at Sun Dec 08 06:21:41 UTC 2019
5 ms. Memory: 120832K Free: 85861K (71%)
ptolemy.util.test.WatchDog.cancel(): canceling Sun Dec 08 06:21:41 UTC 2019
auto.tcl: Setting watchdog for 200 seconds at Sun Dec 08 06:21:41 UTC 2019
5 ms. Memory: 120832K Free: 84220K (70%)
ptolemy.util.test.WatchDog.cancel(): canceling Sun Dec 08 06:21:41 UTC 2019
------------------ testing $PTII/ptolemy/domains/de/test/auto/AssemblyLine.xml
auto.tcl: Setting watchdog for 200 seconds at Sun Dec 08 06:21:41 UTC 2019
7 ms. Memory: 48128K Free: 26050K (54%)
ptolemy.util.test.WatchDog.cancel(): canceling Sun Dec 08 06:21:41 UTC 2019
auto.tcl: Setting watchdog for 200 seconds at Sun Dec 08 06:21:41 UTC 2019
10 ms. Memory: 48128K Free: 25298K (53%)
ptolemy.util.test.WatchDog.cancel(): canceling Sun Dec 08 06:21:41 UTC 2019
------------------ testing $PTII/ptolemy/domains/de/test/auto/CQBug1.xml
auto.tcl: Setting watchdog for 200 seconds at Sun Dec 08 06:21:41 UTC 2019
13 ms. Memory: 48128K Free: 31466K (65%)
ptolemy.util.test.WatchDog.cancel(): canceling Sun Dec 08 06:21:41 UTC 2019
auto.tcl: Setting watchdog for 200 seconds at Sun Dec 08 06:21:41 UTC 2019
2 ms. Memory: 48128K Free: 31032K (64%)
ptolemy.util.test.WatchDog.cancel(): canceling Sun Dec 08 06:21:41 UTC 2019
------------------ testing $PTII/ptolemy/domains/de/test/auto/CancelFireAt.xml
auto.tcl: Setting watchdog for 200 seconds at Sun Dec 08 06:21:41 UTC 2019
2 ms. Memory: 45056K Free: 29757K (66%)
ptolemy.util.test.WatchDog.cancel(): canceling Sun Dec 08 06:21:41 UTC 2019
auto.tcl: Setting watchdog for 200 seconds at Sun Dec 08 06:21:41 UTC 2019
2 ms. Memory: 45056K Free: 29325K (65%)
ptolemy.util.test.WatchDog.cancel(): canceling Sun Dec 08 06:21:41 UTC 2019
------------------ testing $PTII/ptolemy/domains/de/test/auto/CausalityAndComposabilityAnalysis.xml
auto.tcl: Setting watchdog for 200 seconds at Sun Dec 08 06:21:41 UTC 2019
7 ms. Memory: 45056K Free: 27456K (61%)
ptolemy.util.test.WatchDog.cancel(): canceling Sun Dec 08 06:21:41 UTC 2019
auto.tcl: Setting watchdog for 200 seconds at Sun Dec 08 06:21:41 UTC 2019
9 ms. Memory: 45056K Free: 27025K (60%)
ptolemy.util.test.WatchDog.cancel(): canceling Sun Dec 08 06:21:41 UTC 2019
------------------ testing $PTII/ptolemy/domains/de/test/auto/CausalityInterface1.xml
auto.tcl: Setting watchdog for 200 seconds at Sun Dec 08 06:21:41 UTC 2019
29 ms. Memory: 45056K Free: 26376K (59%)
ptolemy.util.test.WatchDog.cancel(): canceling Sun Dec 08 06:21:42 UTC 2019
auto.tcl: Setting watchdog for 200 seconds at Sun Dec 08 06:21:42 UTC 2019
4 ms. Memory: 45056K Free: 25407K (56%)
ptolemy.util.test.WatchDog.cancel(): canceling Sun Dec 08 06:21:42 UTC 2019
------------------ testing $PTII/ptolemy/domains/de/test/auto/CausalityInterface15.xml
auto.tcl: Setting watchdog for 200 seconds at Sun Dec 08 06:21:42 UTC 2019
10 ms. Memory: 45056K Free: 26320K (58%)
ptolemy.util.test.WatchDog.cancel(): canceling Sun Dec 08 06:21:42 UTC 2019
auto.tcl: Setting watchdog for 200 seconds at Sun Dec 08 06:21:42 UTC 2019
4 ms. Memory: 45056K Free: 25341K (56%)
ptolemy.util.test.WatchDog.cancel(): canceling Sun Dec 08 06:21:42 UTC 2019
------------------ testing $PTII/ptolemy/domains/de/test/auto/CausalityInterface2.xml
auto.tcl: Setting watchdog for 200 seconds at Sun Dec 08 06:21:42 UTC 2019
6 ms. Memory: 45056K Free: 27040K (60%)
ptolemy.util.test.WatchDog.cancel(): canceling Sun Dec 08 06:21:42 UTC 2019
auto.tcl: Setting watchdog for 200 seconds at Sun Dec 08 06:21:42 UTC 2019
3 ms. Memory: 45056K Free: 26333K (58%)
ptolemy.util.test.WatchDog.cancel(): canceling Sun Dec 08 06:21:42 UTC 2019
------------------ testing $PTII/ptolemy/domains/de/test/auto/CausalityInterface3.xml
auto.tcl: Setting watchdog for 200 seconds at Sun Dec 08 06:21:42 UTC 2019
7 ms. Memory: 45056K Free: 26564K (59%)
ptolemy.util.test.WatchDog.cancel(): canceling Sun Dec 08 06:21:42 UTC 2019
auto.tcl: Setting watchdog for 200 seconds at Sun Dec 08 06:21:42 UTC 2019
3 ms. Memory: 45056K Free: 25984K (58%)
ptolemy.util.test.WatchDog.cancel(): canceling Sun Dec 08 06:21:42 UTC 2019
------------------ testing $PTII/ptolemy/domains/de/test/auto/ClockDrift.xml
auto.tcl: Setting watchdog for 200 seconds at Sun Dec 08 06:21:42 UTC 2019
103 ms. Memory: 45056K Free: 19157K (43%)
ptolemy.util.test.WatchDog.cancel(): canceling Sun Dec 08 06:21:42 UTC 2019
auto.tcl: Setting watchdog for 200 seconds at Sun Dec 08 06:21:42 UTC 2019
47 ms. Memory: 45056K Free: 16138K (36%)
ptolemy.util.test.WatchDog.cancel(): canceling Sun Dec 08 06:21:42 UTC 2019
------------------ testing $PTII/ptolemy/domains/de/test/auto/ClockDriftAndValueChange.xml
auto.tcl: Setting watchdog for 200 seconds at Sun Dec 08 06:21:42 UTC 2019
42 ms. Memory: 45056K Free: 19225K (43%)
ptolemy.util.test.WatchDog.cancel(): canceling Sun Dec 08 06:21:42 UTC 2019
auto.tcl: Setting watchdog for 200 seconds at Sun Dec 08 06:21:42 UTC 2019
18 ms. Memory: 45056K Free: 16381K (36%)
ptolemy.util.test.WatchDog.cancel(): canceling Sun Dec 08 06:21:42 UTC 2019
------------------ testing $PTII/ptolemy/domains/de/test/auto/ClockDriftChange.xml
auto.tcl: Setting watchdog for 200 seconds at Sun Dec 08 06:21:42 UTC 2019
26 ms. Memory: 45056K Free: 21271K (47%)
ptolemy.util.test.WatchDog.cancel(): canceling Sun Dec 08 06:21:42 UTC 2019
auto.tcl: Setting watchdog for 200 seconds at Sun Dec 08 06:21:42 UTC 2019
29 ms. Memory: 45056K Free: 18714K (42%)
ptolemy.util.test.WatchDog.cancel(): canceling Sun Dec 08 06:21:42 UTC 2019
------------------ testing $PTII/ptolemy/domains/de/test/auto/ComposableCausalityAnalysis.xml
auto.tcl: Setting watchdog for 200 seconds at Sun Dec 08 06:21:42 UTC 2019
5 ms. Memory: 45056K Free: 25927K (58%)
ptolemy.util.test.WatchDog.cancel(): canceling Sun Dec 08 06:21:42 UTC 2019
auto.tcl: Setting watchdog for 200 seconds at Sun Dec 08 06:21:42 UTC 2019
3 ms. Memory: 45056K Free: 24853K (55%)
ptolemy.util.test.WatchDog.cancel(): canceling Sun Dec 08 06:21:42 UTC 2019
------------------ testing $PTII/ptolemy/domains/de/test/auto/DEFixedPointLimitation.xml
auto.tcl: Setting watchdog for 200 seconds at Sun Dec 08 06:21:42 UTC 2019
4 ms. Memory: 45056K Free: 27272K (61%)
ptolemy.util.test.WatchDog.cancel(): canceling Sun Dec 08 06:21:43 UTC 2019
auto.tcl: Setting watchdog for 200 seconds at Sun Dec 08 06:21:43 UTC 2019
2 ms. Memory: 45056K Free: 26352K (58%)
ptolemy.util.test.WatchDog.cancel(): canceling Sun Dec 08 06:21:43 UTC 2019
------------------ testing $PTII/ptolemy/domains/de/test/auto/DEScheduleTest.xml
auto.tcl: Setting watchdog for 200 seconds at Sun Dec 08 06:21:43 UTC 2019
6 ms. Memory: 45056K Free: 27541K (61%)
ptolemy.util.test.WatchDog.cancel(): canceling Sun Dec 08 06:21:43 UTC 2019
auto.tcl: Setting watchdog for 200 seconds at Sun Dec 08 06:21:43 UTC 2019
2 ms. Memory: 45056K Free: 26783K (59%)
ptolemy.util.test.WatchDog.cancel(): canceling Sun Dec 08 06:21:43 UTC 2019
------------------ testing $PTII/ptolemy/domains/de/test/auto/DEinDEwithStartTimes.xml
auto.tcl: Setting watchdog for 200 seconds at Sun Dec 08 06:21:43 UTC 2019
4 ms. Memory: 45056K Free: 25711K (57%)
ptolemy.util.test.WatchDog.cancel(): canceling Sun Dec 08 06:21:43 UTC 2019
auto.tcl: Setting watchdog for 200 seconds at Sun Dec 08 06:21:43 UTC 2019
4 ms. Memory: 45056K Free: 24304K (54%)
ptolemy.util.test.WatchDog.cancel(): canceling Sun Dec 08 06:21:43 UTC 2019
------------------ testing $PTII/ptolemy/domains/de/test/auto/DEinDEwithStartTimes2.xml
auto.tcl: Setting watchdog for 200 seconds at Sun Dec 08 06:21:43 UTC 2019
6 ms. Memory: 45056K Free: 24922K (55%)
ptolemy.util.test.WatchDog.cancel(): canceling Sun Dec 08 06:21:43 UTC 2019
auto.tcl: Setting watchdog for 200 seconds at Sun Dec 08 06:21:43 UTC 2019
5 ms. Memory: 45056K Free: 23624K (52%)
ptolemy.util.test.WatchDog.cancel(): canceling Sun Dec 08 06:21:43 UTC 2019
------------------ testing $PTII/ptolemy/domains/de/test/auto/DateDemo.xml
auto.tcl: Setting watchdog for 200 seconds at Sun Dec 08 06:21:43 UTC 2019
24 ms. Memory: 45056K Free: 19285K (43%)
ptolemy.util.test.WatchDog.cancel(): canceling Sun Dec 08 06:21:43 UTC 2019
auto.tcl: Setting watchdog for 200 seconds at Sun Dec 08 06:21:43 UTC 2019
13 ms. Memory: 45056K Free: 17744K (39%)
ptolemy.util.test.WatchDog.cancel(): canceling Sun Dec 08 06:21:43 UTC 2019
------------------ testing $PTII/ptolemy/domains/de/test/auto/DateToEvent.xml
auto.tcl: Setting watchdog for 200 seconds at Sun Dec 08 06:21:43 UTC 2019
2014 ms. Memory: 45056K Free: 15188K (34%)
ptolemy.util.test.WatchDog.cancel(): canceling Sun Dec 08 06:21:45 UTC 2019
auto.tcl: Setting watchdog for 200 seconds at Sun Dec 08 06:21:45 UTC 2019
2004 ms. Memory: 45056K Free: 14445K (32%)
ptolemy.util.test.WatchDog.cancel(): canceling Sun Dec 08 06:21:47 UTC 2019
------------------ testing $PTII/ptolemy/domains/de/test/auto/DepthTest1.xml
auto.tcl: Setting watchdog for 200 seconds at Sun Dec 08 06:21:47 UTC 2019
4 ms. Memory: 45056K Free: 28477K (63%)
ptolemy.util.test.WatchDog.cancel(): canceling Sun Dec 08 06:21:47 UTC 2019
auto.tcl: Setting watchdog for 200 seconds at Sun Dec 08 06:21:47 UTC 2019
1 ms. Memory: 45056K Free: 27969K (62%)
ptolemy.util.test.WatchDog.cancel(): canceling Sun Dec 08 06:21:47 UTC 2019
------------------ testing $PTII/ptolemy/domains/de/test/auto/DepthTest2.xml
auto.tcl: Setting watchdog for 200 seconds at Sun Dec 08 06:21:47 UTC 2019
6 ms. Memory: 45056K Free: 25186K (56%)
ptolemy.util.test.WatchDog.cancel(): canceling Sun Dec 08 06:21:47 UTC 2019
auto.tcl: Setting watchdog for 200 seconds at Sun Dec 08 06:21:47 UTC 2019
2 ms. Memory: 45056K Free: 24663K (55%)
ptolemy.util.test.WatchDog.cancel(): canceling Sun Dec 08 06:21:47 UTC 2019
------------------ testing $PTII/ptolemy/domains/de/test/auto/DepthTest3.xml
auto.tcl: Setting watchdog for 200 seconds at Sun Dec 08 06:21:47 UTC 2019
3 ms. Memory: 45056K Free: 28666K (64%)
ptolemy.util.test.WatchDog.cancel(): canceling Sun Dec 08 06:21:47 UTC 2019
auto.tcl: Setting watchdog for 200 seconds at Sun Dec 08 06:21:47 UTC 2019
2 ms. Memory: 45056K Free: 28283K (63%)
ptolemy.util.test.WatchDog.cancel(): canceling Sun Dec 08 06:21:47 UTC 2019
------------------ testing $PTII/ptolemy/domains/de/test/auto/DepthTest4.xml
auto.tcl: Setting watchdog for 200 seconds at Sun Dec 08 06:21:47 UTC 2019
3 ms. Memory: 45056K Free: 27023K (60%)
ptolemy.util.test.WatchDog.cancel(): canceling Sun Dec 08 06:21:47 UTC 2019
auto.tcl: Setting watchdog for 200 seconds at Sun Dec 08 06:21:47 UTC 2019
2 ms. Memory: 45056K Free: 26296K (58%)
ptolemy.util.test.WatchDog.cancel(): canceling Sun Dec 08 06:21:47 UTC 2019
------------------ testing $PTII/ptolemy/domains/de/test/auto/DepthTest5.xml
auto.tcl: Setting watchdog for 200 seconds at Sun Dec 08 06:21:47 UTC 2019
3 ms. Memory: 45056K Free: 26177K (58%)
ptolemy.util.test.WatchDog.cancel(): canceling Sun Dec 08 06:21:47 UTC 2019
auto.tcl: Setting watchdog for 200 seconds at Sun Dec 08 06:21:47 UTC 2019
3 ms. Memory: 45056K Free: 25796K (57%)
ptolemy.util.test.WatchDog.cancel(): canceling Sun Dec 08 06:21:47 UTC 2019
------------------ testing $PTII/ptolemy/domains/de/test/auto/DepthTest6.xml
auto.tcl: Setting watchdog for 200 seconds at Sun Dec 08 06:21:47 UTC 2019
3 ms. Memory: 45056K Free: 26119K (58%)
ptolemy.util.test.WatchDog.cancel(): canceling Sun Dec 08 06:21:47 UTC 2019
auto.tcl: Setting watchdog for 200 seconds at Sun Dec 08 06:21:47 UTC 2019
3 ms. Memory: 45056K Free: 25605K (57%)
ptolemy.util.test.WatchDog.cancel(): canceling Sun Dec 08 06:21:47 UTC 2019
------------------ testing $PTII/ptolemy/domains/de/test/auto/DepthTest7.xml
auto.tcl: Setting watchdog for 200 seconds at Sun Dec 08 06:21:47 UTC 2019
3 ms. Memory: 45056K Free: 26954K (60%)
ptolemy.util.test.WatchDog.cancel(): canceling Sun Dec 08 06:21:48 UTC 2019
auto.tcl: Setting watchdog for 200 seconds at Sun Dec 08 06:21:48 UTC 2019
2 ms. Memory: 45056K Free: 26222K (58%)
ptolemy.util.test.WatchDog.cancel(): canceling Sun Dec 08 06:21:48 UTC 2019
------------------ testing $PTII/ptolemy/domains/de/test/auto/EventToDate.xml
auto.tcl: Setting watchdog for 200 seconds at Sun Dec 08 06:21:48 UTC 2019
3005 ms. Memory: 45056K Free: 17746K (39%)
ptolemy.util.test.WatchDog.cancel(): canceling Sun Dec 08 06:21:51 UTC 2019
auto.tcl: Setting watchdog for 200 seconds at Sun Dec 08 06:21:51 UTC 2019
3004 ms. Memory: 45056K Free: 17065K (38%)
ptolemy.util.test.WatchDog.cancel(): canceling Sun Dec 08 06:21:54 UTC 2019
------------------ testing $PTII/ptolemy/domains/de/test/auto/FSM1.xml
auto.tcl: Setting watchdog for 200 seconds at Sun Dec 08 06:21:54 UTC 2019
18 ms. Memory: 45056K Free: 18474K (41%)
ptolemy.util.test.WatchDog.cancel(): canceling Sun Dec 08 06:21:54 UTC 2019
auto.tcl: Setting watchdog for 200 seconds at Sun Dec 08 06:21:54 UTC 2019
35 ms. Memory: 45056K Free: 15337K (34%)
ptolemy.util.test.WatchDog.cancel(): canceling Sun Dec 08 06:21:54 UTC 2019
------------------ testing $PTII/ptolemy/domains/de/test/auto/FSM7.xml
auto.tcl: Setting watchdog for 200 seconds at Sun Dec 08 06:21:54 UTC 2019
16 ms. Memory: 45056K Free: 18661K (41%)
ptolemy.util.test.WatchDog.cancel(): canceling Sun Dec 08 06:21:54 UTC 2019
auto.tcl: Setting watchdog for 200 seconds at Sun Dec 08 06:21:54 UTC 2019
15 ms. Memory: 45056K Free: 15493K (34%)
ptolemy.util.test.WatchDog.cancel(): canceling Sun Dec 08 06:21:54 UTC 2019
------------------ testing $PTII/ptolemy/domains/de/test/auto/Inspection.xml
auto.tcl: Setting watchdog for 200 seconds at Sun Dec 08 06:21:54 UTC 2019
30 ms. Memory: 45056K Free: 18711K (42%)
ptolemy.util.test.WatchDog.cancel(): canceling Sun Dec 08 06:21:54 UTC 2019
auto.tcl: Setting watchdog for 200 seconds at Sun Dec 08 06:21:54 UTC 2019
28 ms. Memory: 45056K Free: 16958K (38%)
ptolemy.util.test.WatchDog.cancel(): canceling Sun Dec 08 06:21:54 UTC 2019
------------------ testing $PTII/ptolemy/domains/de/test/auto/Iteration.xml
auto.tcl: Setting watchdog for 200 seconds at Sun Dec 08 06:21:54 UTC 2019
7 ms. Memory: 45056K Free: 24445K (54%)
ptolemy.util.test.WatchDog.cancel(): canceling Sun Dec 08 06:21:54 UTC 2019
auto.tcl: Setting watchdog for 200 seconds at Sun Dec 08 06:21:54 UTC 2019
5 ms. Memory: 45056K Free: 23015K (51%)
ptolemy.util.test.WatchDog.cancel(): canceling Sun Dec 08 06:21:54 UTC 2019
------------------ testing $PTII/ptolemy/domains/de/test/auto/LineFault.xml
auto.tcl: Setting watchdog for 200 seconds at Sun Dec 08 06:21:54 UTC 2019
604 ms. Memory: 56320K Free: 20093K (36%)
ptolemy.util.test.WatchDog.cancel(): canceling Sun Dec 08 06:21:55 UTC 2019
auto.tcl: Setting watchdog for 200 seconds at Sun Dec 08 06:21:55 UTC 2019
691 ms. Memory: 56320K Free: 18079K (32%)
ptolemy.util.test.WatchDog.cancel(): canceling Sun Dec 08 06:21:56 UTC 2019
------------------ testing $PTII/ptolemy/domains/de/test/auto/MergeModel1Add.xml
auto.tcl: Setting watchdog for 200 seconds at Sun Dec 08 06:21:56 UTC 2019
34 ms. Memory: 51200K Free: 16509K (32%)
ptolemy.util.test.WatchDog.cancel(): canceling Sun Dec 08 06:21:56 UTC 2019
auto.tcl: Setting watchdog for 200 seconds at Sun Dec 08 06:21:56 UTC 2019
13 ms. Memory: 51200K Free: 14868K (29%)
ptolemy.util.test.WatchDog.cancel(): canceling Sun Dec 08 06:21:56 UTC 2019
------------------ testing $PTII/ptolemy/domains/de/test/auto/MergeModel2Add.xml
auto.tcl: Setting watchdog for 200 seconds at Sun Dec 08 06:21:56 UTC 2019
13 ms. Memory: 48128K Free: 15206K (32%)
ptolemy.util.test.WatchDog.cancel(): canceling Sun Dec 08 06:21:56 UTC 2019
auto.tcl: Setting watchdog for 200 seconds at Sun Dec 08 06:21:56 UTC 2019
10 ms. Memory: 48128K Free: 13515K (28%)
ptolemy.util.test.WatchDog.cancel(): canceling Sun Dec 08 06:21:56 UTC 2019
------------------ testing $PTII/ptolemy/domains/de/test/auto/MergeModel3Add.xml
auto.tcl: Setting watchdog for 200 seconds at Sun Dec 08 06:21:56 UTC 2019
8 ms. Memory: 48128K Free: 15483K (32%)
ptolemy.util.test.WatchDog.cancel(): canceling Sun Dec 08 06:21:56 UTC 2019
auto.tcl: Setting watchdog for 200 seconds at Sun Dec 08 06:21:56 UTC 2019
8 ms. Memory: 48128K Free: 14017K (29%)
ptolemy.util.test.WatchDog.cancel(): canceling Sun Dec 08 06:21:56 UTC 2019
------------------ testing $PTII/ptolemy/domains/de/test/auto/MergeWithoutDiscard.xml
auto.tcl: Setting watchdog for 200 seconds at Sun Dec 08 06:21:56 UTC 2019
1 ms. Memory: 48128K Free: 30365K (63%)
ptolemy.util.test.WatchDog.cancel(): canceling Sun Dec 08 06:21:56 UTC 2019
auto.tcl: Setting watchdog for 200 seconds at Sun Dec 08 06:21:56 UTC 2019
1 ms. Memory: 48128K Free: 29471K (61%)
ptolemy.util.test.WatchDog.cancel(): canceling Sun Dec 08 06:21:56 UTC 2019
------------------ testing $PTII/ptolemy/domains/de/test/auto/Modal1.xml
auto.tcl: Setting watchdog for 200 seconds at Sun Dec 08 06:21:56 UTC 2019
20 ms. Memory: 48128K Free: 22226K (46%)
ptolemy.util.test.WatchDog.cancel(): canceling Sun Dec 08 06:21:56 UTC 2019
auto.tcl: Setting watchdog for 200 seconds at Sun Dec 08 06:21:56 UTC 2019
19 ms. Memory: 48128K Free: 18964K (39%)
ptolemy.util.test.WatchDog.cancel(): canceling Sun Dec 08 06:21:56 UTC 2019
------------------ testing $PTII/ptolemy/domains/de/test/auto/Modal2.xml
auto.tcl: Setting watchdog for 200 seconds at Sun Dec 08 06:21:56 UTC 2019
19 ms. Memory: 48128K Free: 22102K (46%)
ptolemy.util.test.WatchDog.cancel(): canceling Sun Dec 08 06:21:56 UTC 2019
auto.tcl: Setting watchdog for 200 seconds at Sun Dec 08 06:21:56 UTC 2019
15 ms. Memory: 48128K Free: 18858K (39%)
ptolemy.util.test.WatchDog.cancel(): canceling Sun Dec 08 06:21:56 UTC 2019
------------------ testing $PTII/ptolemy/domains/de/test/auto/Modal3.xml
auto.tcl: Setting watchdog for 200 seconds at Sun Dec 08 06:21:56 UTC 2019
10 ms. Memory: 48128K Free: 22071K (46%)
ptolemy.util.test.WatchDog.cancel(): canceling Sun Dec 08 06:21:57 UTC 2019
auto.tcl: Setting watchdog for 200 seconds at Sun Dec 08 06:21:57 UTC 2019
11 ms. Memory: 48128K Free: 18843K (39%)
ptolemy.util.test.WatchDog.cancel(): canceling Sun Dec 08 06:21:57 UTC 2019
------------------ testing $PTII/ptolemy/domains/de/test/auto/Modal4.xml
auto.tcl: Setting watchdog for 200 seconds at Sun Dec 08 06:21:57 UTC 2019
20 ms. Memory: 48128K Free: 21055K (44%)
ptolemy.util.test.WatchDog.cancel(): canceling Sun Dec 08 06:21:57 UTC 2019
auto.tcl: Setting watchdog for 200 seconds at Sun Dec 08 06:21:57 UTC 2019
16 ms. Memory: 48128K Free: 17236K (36%)
ptolemy.util.test.WatchDog.cancel(): canceling Sun Dec 08 06:21:57 UTC 2019
------------------ testing $PTII/ptolemy/domains/de/test/auto/Modal5.xml
auto.tcl: Setting watchdog for 200 seconds at Sun Dec 08 06:21:57 UTC 2019
15 ms. Memory: 48128K Free: 21028K (44%)
ptolemy.util.test.WatchDog.cancel(): canceling Sun Dec 08 06:21:57 UTC 2019
auto.tcl: Setting watchdog for 200 seconds at Sun Dec 08 06:21:57 UTC 2019
13 ms. Memory: 48128K Free: 17223K (36%)
ptolemy.util.test.WatchDog.cancel(): canceling Sun Dec 08 06:21:57 UTC 2019
------------------ testing $PTII/ptolemy/domains/de/test/auto/Modal6.xml
auto.tcl: Setting watchdog for 200 seconds at Sun Dec 08 06:21:57 UTC 2019
18 ms. Memory: 48128K Free: 21811K (45%)
ptolemy.util.test.WatchDog.cancel(): canceling Sun Dec 08 06:21:57 UTC 2019
auto.tcl: Setting watchdog for 200 seconds at Sun Dec 08 06:21:57 UTC 2019
15 ms. Memory: 48128K Free: 17849K (37%)
ptolemy.util.test.WatchDog.cancel(): canceling Sun Dec 08 06:21:57 UTC 2019
------------------ testing $PTII/ptolemy/domains/de/test/auto/Modal7.xml
auto.tcl: Setting watchdog for 200 seconds at Sun Dec 08 06:21:57 UTC 2019
9 ms. Memory: 48128K Free: 21028K (44%)
ptolemy.util.test.WatchDog.cancel(): canceling Sun Dec 08 06:21:57 UTC 2019
auto.tcl: Setting watchdog for 200 seconds at Sun Dec 08 06:21:57 UTC 2019
9 ms. Memory: 48128K Free: 17406K (36%)
ptolemy.util.test.WatchDog.cancel(): canceling Sun Dec 08 06:21:57 UTC 2019
------------------ testing $PTII/ptolemy/domains/de/test/auto/ModalModel.xml
auto.tcl: Setting watchdog for 200 seconds at Sun Dec 08 06:21:57 UTC 2019
175 ms. Memory: 48128K Free: 15346K (32%)
ptolemy.util.test.WatchDog.cancel(): canceling Sun Dec 08 06:21:57 UTC 2019
auto.tcl: Setting watchdog for 200 seconds at Sun Dec 08 06:21:57 UTC 2019
235 ms. Memory: 59392K Free: 22085K (37%)
ptolemy.util.test.WatchDog.cancel(): canceling Sun Dec 08 06:21:58 UTC 2019
------------------ testing $PTII/ptolemy/domains/de/test/auto/ModalSource.xml
auto.tcl: Setting watchdog for 200 seconds at Sun Dec 08 06:21:58 UTC 2019
9 ms. Memory: 51200K Free: 28968K (57%)
ptolemy.util.test.WatchDog.cancel(): canceling Sun Dec 08 06:21:58 UTC 2019
auto.tcl: Setting watchdog for 200 seconds at Sun Dec 08 06:21:58 UTC 2019
5 ms. Memory: 51200K Free: 26920K (53%)
ptolemy.util.test.WatchDog.cancel(): canceling Sun Dec 08 06:21:58 UTC 2019
------------------ testing $PTII/ptolemy/domains/de/test/auto/NonInterruptibleTimerZeroDelay.xml
auto.tcl: Setting watchdog for 200 seconds at Sun Dec 08 06:21:58 UTC 2019
3 ms. Memory: 51200K Free: 33873K (66%)
ptolemy.util.test.WatchDog.cancel(): canceling Sun Dec 08 06:21:58 UTC 2019
auto.tcl: Setting watchdog for 200 seconds at Sun Dec 08 06:21:58 UTC 2019
2 ms. Memory: 51200K Free: 33233K (65%)
ptolemy.util.test.WatchDog.cancel(): canceling Sun Dec 08 06:21:58 UTC 2019
------------------ testing $PTII/ptolemy/domains/de/test/auto/OpenQueueingNetwork.xml
auto.tcl: Setting watchdog for 200 seconds at Sun Dec 08 06:21:58 UTC 2019
3013 ms. Memory: 104448K Free: 77004K (74%)
ptolemy.util.test.WatchDog.cancel(): canceling Sun Dec 08 06:22:01 UTC 2019
auto.tcl: Setting watchdog for 200 seconds at Sun Dec 08 06:22:01 UTC 2019
2621 ms. Memory: 128000K Free: 38653K (30%)
ptolemy.util.test.WatchDog.cancel(): canceling Sun Dec 08 06:22:03 UTC 2019
------------------ testing $PTII/ptolemy/domains/de/test/auto/OpenQueuingNetwork.xml
auto.tcl: Setting watchdog for 200 seconds at Sun Dec 08 06:22:04 UTC 2019
273 ms. Memory: 66560K Free: 37155K (56%)
ptolemy.util.test.WatchDog.cancel(): canceling Sun Dec 08 06:22:04 UTC 2019
auto.tcl: Setting watchdog for 200 seconds at Sun Dec 08 06:22:04 UTC 2019
254 ms. Memory: 66560K Free: 22279K (33%)
ptolemy.util.test.WatchDog.cancel(): canceling Sun Dec 08 06:22:04 UTC 2019
------------------ testing $PTII/ptolemy/domains/de/test/auto/PeriodicSampler.xml
auto.tcl: Setting watchdog for 200 seconds at Sun Dec 08 06:22:04 UTC 2019
3 ms. Memory: 48128K Free: 30029K (62%)
ptolemy.util.test.WatchDog.cancel(): canceling Sun Dec 08 06:22:04 UTC 2019
auto.tcl: Setting watchdog for 200 seconds at Sun Dec 08 06:22:04 UTC 2019
2 ms. Memory: 48128K Free: 29524K (61%)
ptolemy.util.test.WatchDog.cancel(): canceling Sun Dec 08 06:22:04 UTC 2019
------------------ testing $PTII/ptolemy/domains/de/test/auto/PersistentIO.xml
auto.tcl: Setting watchdog for 200 seconds at Sun Dec 08 06:22:04 UTC 2019
5 ms. Memory: 48128K Free: 24954K (52%)
ptolemy.util.test.WatchDog.cancel(): canceling Sun Dec 08 06:22:04 UTC 2019
auto.tcl: Setting watchdog for 200 seconds at Sun Dec 08 06:22:04 UTC 2019
5 ms. Memory: 48128K Free: 23478K (49%)
ptolemy.util.test.WatchDog.cancel(): canceling Sun Dec 08 06:22:04 UTC 2019
------------------ testing $PTII/ptolemy/domains/de/test/auto/PortParameterResetOnInitialize.xml
auto.tcl: Setting watchdog for 200 seconds at Sun Dec 08 06:22:04 UTC 2019
2 ms. Memory: 48128K Free: 29946K (62%)
ptolemy.util.test.WatchDog.cancel(): canceling Sun Dec 08 06:22:04 UTC 2019
auto.tcl: Setting watchdog for 200 seconds at Sun Dec 08 06:22:04 UTC 2019
2 ms. Memory: 48128K Free: 29451K (61%)
ptolemy.util.test.WatchDog.cancel(): canceling Sun Dec 08 06:22:04 UTC 2019
------------------ testing $PTII/ptolemy/domains/de/test/auto/PortParameterUpdates.xml
auto.tcl: Setting watchdog for 200 seconds at Sun Dec 08 06:22:04 UTC 2019
3 ms. Memory: 48128K Free: 28268K (59%)
ptolemy.util.test.WatchDog.cancel(): canceling Sun Dec 08 06:22:04 UTC 2019
auto.tcl: Setting watchdog for 200 seconds at Sun Dec 08 06:22:04 UTC 2019
4 ms. Memory: 48128K Free: 27045K (56%)
ptolemy.util.test.WatchDog.cancel(): canceling Sun Dec 08 06:22:04 UTC 2019
------------------ testing $PTII/ptolemy/domains/de/test/auto/QueueAndServer.xml
auto.tcl: Setting watchdog for 200 seconds at Sun Dec 08 06:22:05 UTC 2019
14 ms. Memory: 48128K Free: 26955K (56%)
ptolemy.util.test.WatchDog.cancel(): canceling Sun Dec 08 06:22:05 UTC 2019
auto.tcl: Setting watchdog for 200 seconds at Sun Dec 08 06:22:05 UTC 2019
6 ms. Memory: 48128K Free: 25508K (53%)
ptolemy.util.test.WatchDog.cancel(): canceling Sun Dec 08 06:22:05 UTC 2019
------------------ testing $PTII/ptolemy/domains/de/test/auto/Records.xml
auto.tcl: Setting watchdog for 200 seconds at Sun Dec 08 06:22:05 UTC 2019
4 ms. Memory: 48128K Free: 29481K (61%)
ptolemy.util.test.WatchDog.cancel(): canceling Sun Dec 08 06:22:05 UTC 2019
auto.tcl: Setting watchdog for 200 seconds at Sun Dec 08 06:22:05 UTC 2019
2 ms. Memory: 48128K Free: 28998K (60%)
ptolemy.util.test.WatchDog.cancel(): canceling Sun Dec 08 06:22:05 UTC 2019
------------------ testing $PTII/ptolemy/domains/de/test/auto/ResetTransitionWithStartTime1.xml
auto.tcl: Setting watchdog for 200 seconds at Sun Dec 08 06:22:05 UTC 2019
13 ms. Memory: 48128K Free: 26437K (55%)
ptolemy.util.test.WatchDog.cancel(): canceling Sun Dec 08 06:22:05 UTC 2019
auto.tcl: Setting watchdog for 200 seconds at Sun Dec 08 06:22:05 UTC 2019
7 ms. Memory: 48128K Free: 24433K (51%)
ptolemy.util.test.WatchDog.cancel(): canceling Sun Dec 08 06:22:05 UTC 2019
------------------ testing $PTII/ptolemy/domains/de/test/auto/ResetTransitionWithStartTime2.xml
auto.tcl: Setting watchdog for 200 seconds at Sun Dec 08 06:22:05 UTC 2019
7 ms. Memory: 48128K Free: 26393K (55%)
ptolemy.util.test.WatchDog.cancel(): canceling Sun Dec 08 06:22:05 UTC 2019
auto.tcl: Setting watchdog for 200 seconds at Sun Dec 08 06:22:05 UTC 2019
8 ms. Memory: 48128K Free: 23862K (50%)
ptolemy.util.test.WatchDog.cancel(): canceling Sun Dec 08 06:22:05 UTC 2019
------------------ testing $PTII/ptolemy/domains/de/test/auto/ResetTransitionWithStartTime3.xml
auto.tcl: Setting watchdog for 200 seconds at Sun Dec 08 06:22:05 UTC 2019
6 ms. Memory: 48128K Free: 26392K (55%)
ptolemy.util.test.WatchDog.cancel(): canceling Sun Dec 08 06:22:05 UTC 2019
auto.tcl: Setting watchdog for 200 seconds at Sun Dec 08 06:22:05 UTC 2019
6 ms. Memory: 48128K Free: 24344K (51%)
ptolemy.util.test.WatchDog.cancel(): canceling Sun Dec 08 06:22:05 UTC 2019
------------------ testing $PTII/ptolemy/domains/de/test/auto/ResetTransitionWithStartTime4.xml
auto.tcl: Setting watchdog for 200 seconds at Sun Dec 08 06:22:05 UTC 2019
7 ms. Memory: 48128K Free: 26878K (56%)
ptolemy.util.test.WatchDog.cancel(): canceling Sun Dec 08 06:22:05 UTC 2019
auto.tcl: Setting watchdog for 200 seconds at Sun Dec 08 06:22:05 UTC 2019
4 ms. Memory: 48128K Free: 25425K (53%)
ptolemy.util.test.WatchDog.cancel(): canceling Sun Dec 08 06:22:05 UTC 2019
------------------ testing $PTII/ptolemy/domains/de/test/auto/ResettableTimer1.xml
auto.tcl: Setting watchdog for 200 seconds at Sun Dec 08 06:22:05 UTC 2019
2 ms. Memory: 48128K Free: 30589K (64%)
ptolemy.util.test.WatchDog.cancel(): canceling Sun Dec 08 06:22:05 UTC 2019
auto.tcl: Setting watchdog for 200 seconds at Sun Dec 08 06:22:05 UTC 2019
2 ms. Memory: 48128K Free: 29972K (62%)
ptolemy.util.test.WatchDog.cancel(): canceling Sun Dec 08 06:22:05 UTC 2019
------------------ testing $PTII/ptolemy/domains/de/test/auto/ResettableTimer2.xml
auto.tcl: Setting watchdog for 200 seconds at Sun Dec 08 06:22:05 UTC 2019
3 ms. Memory: 48128K Free: 30631K (64%)
ptolemy.util.test.WatchDog.cancel(): canceling Sun Dec 08 06:22:05 UTC 2019
auto.tcl: Setting watchdog for 200 seconds at Sun Dec 08 06:22:05 UTC 2019
3 ms. Memory: 48128K Free: 29561K (61%)
ptolemy.util.test.WatchDog.cancel(): canceling Sun Dec 08 06:22:05 UTC 2019
------------------ testing $PTII/ptolemy/domains/de/test/auto/ResettableTimer3.xml
auto.tcl: Setting watchdog for 200 seconds at Sun Dec 08 06:22:05 UTC 2019
2 ms. Memory: 48128K Free: 31020K (64%)
ptolemy.util.test.WatchDog.cancel(): canceling Sun Dec 08 06:22:05 UTC 2019
auto.tcl: Setting watchdog for 200 seconds at Sun Dec 08 06:22:05 UTC 2019
1 ms. Memory: 48128K Free: 30539K (63%)
ptolemy.util.test.WatchDog.cancel(): canceling Sun Dec 08 06:22:05 UTC 2019
------------------ testing $PTII/ptolemy/domains/de/test/auto/ResettableTimer4.xml
auto.tcl: Setting watchdog for 200 seconds at Sun Dec 08 06:22:05 UTC 2019
1 ms. Memory: 48128K Free: 30571K (64%)
ptolemy.util.test.WatchDog.cancel(): canceling Sun Dec 08 06:22:05 UTC 2019
auto.tcl: Setting watchdog for 200 seconds at Sun Dec 08 06:22:05 UTC 2019
1 ms. Memory: 48128K Free: 30073K (62%)
ptolemy.util.test.WatchDog.cancel(): canceling Sun Dec 08 06:22:05 UTC 2019
------------------ testing $PTII/ptolemy/domains/de/test/auto/ResettableTimer5.xml
auto.tcl: Setting watchdog for 200 seconds at Sun Dec 08 06:22:05 UTC 2019
1 ms. Memory: 48128K Free: 30008K (62%)
ptolemy.util.test.WatchDog.cancel(): canceling Sun Dec 08 06:22:05 UTC 2019
auto.tcl: Setting watchdog for 200 seconds at Sun Dec 08 06:22:05 UTC 2019
1 ms. Memory: 48128K Free: 29544K (61%)
ptolemy.util.test.WatchDog.cancel(): canceling Sun Dec 08 06:22:05 UTC 2019
------------------ testing $PTII/ptolemy/domains/de/test/auto/ResettableTimer6.xml
auto.tcl: Setting watchdog for 200 seconds at Sun Dec 08 06:22:05 UTC 2019
2 ms. Memory: 48128K Free: 29998K (62%)
ptolemy.util.test.WatchDog.cancel(): canceling Sun Dec 08 06:22:05 UTC 2019
auto.tcl: Setting watchdog for 200 seconds at Sun Dec 08 06:22:05 UTC 2019
1 ms. Memory: 48128K Free: 29502K (61%)
ptolemy.util.test.WatchDog.cancel(): canceling Sun Dec 08 06:22:05 UTC 2019
------------------ testing $PTII/ptolemy/domains/de/test/auto/ServerZeroDelay.xml
auto.tcl: Setting watchdog for 200 seconds at Sun Dec 08 06:22:05 UTC 2019
5 ms. Memory: 48128K Free: 30517K (63%)
ptolemy.util.test.WatchDog.cancel(): canceling Sun Dec 08 06:22:05 UTC 2019
auto.tcl: Setting watchdog for 200 seconds at Sun Dec 08 06:22:05 UTC 2019
3 ms. Memory: 48128K Free: 29575K (61%)
ptolemy.util.test.WatchDog.cancel(): canceling Sun Dec 08 06:22:05 UTC 2019
------------------ testing $PTII/ptolemy/domains/de/test/auto/SmartSender.xml
auto.tcl: Setting watchdog for 200 seconds at Sun Dec 08 06:22:06 UTC 2019
3001 ms. Memory: 48128K Free: 30545K (63%)
ptolemy.util.test.WatchDog.cancel(): canceling Sun Dec 08 06:22:09 UTC 2019
auto.tcl: Setting watchdog for 200 seconds at Sun Dec 08 06:22:09 UTC 2019
3002 ms. Memory: 48128K Free: 30047K (62%)
ptolemy.util.test.WatchDog.cancel(): canceling Sun Dec 08 06:22:12 UTC 2019
------------------ testing $PTII/ptolemy/domains/de/test/auto/ThreadedComposite.xml
auto.tcl: Setting watchdog for 200 seconds at Sun Dec 08 06:22:12 UTC 2019
248 ms. Memory: 48128K Free: 11580K (24%)
ptolemy.util.test.WatchDog.cancel(): canceling Sun Dec 08 06:22:12 UTC 2019
auto.tcl: Setting watchdog for 200 seconds at Sun Dec 08 06:22:12 UTC 2019
151 ms. Memory: 48128K Free: 25449K (53%)
ptolemy.util.test.WatchDog.cancel(): canceling Sun Dec 08 06:22:12 UTC 2019
------------------ testing $PTII/ptolemy/domains/de/test/auto/Time.xml
auto.tcl: Setting watchdog for 200 seconds at Sun Dec 08 06:22:12 UTC 2019
609 ms. Memory: 48128K Free: 32746K (68%)
ptolemy.util.test.WatchDog.cancel(): canceling Sun Dec 08 06:22:13 UTC 2019
auto.tcl: Setting watchdog for 200 seconds at Sun Dec 08 06:22:13 UTC 2019
573 ms. Memory: 48128K Free: 8585K (18%)
ptolemy.util.test.WatchDog.cancel(): canceling Sun Dec 08 06:22:13 UTC 2019
------------------ testing $PTII/ptolemy/domains/de/test/auto/TimeDelayZeroDelay.xml
auto.tcl: Setting watchdog for 200 seconds at Sun Dec 08 06:22:13 UTC 2019
3 ms. Memory: 48128K Free: 30443K (63%)
ptolemy.util.test.WatchDog.cancel(): canceling Sun Dec 08 06:22:13 UTC 2019
auto.tcl: Setting watchdog for 200 seconds at Sun Dec 08 06:22:13 UTC 2019
2 ms. Memory: 48128K Free: 29575K (61%)
ptolemy.util.test.WatchDog.cancel(): canceling Sun Dec 08 06:22:13 UTC 2019
------------------ testing $PTII/ptolemy/domains/de/test/auto/TimerZeroDelay.xml
auto.tcl: Setting watchdog for 200 seconds at Sun Dec 08 06:22:13 UTC 2019
3 ms. Memory: 48128K Free: 30925K (64%)
ptolemy.util.test.WatchDog.cancel(): canceling Sun Dec 08 06:22:13 UTC 2019
auto.tcl: Setting watchdog for 200 seconds at Sun Dec 08 06:22:13 UTC 2019
2 ms. Memory: 48128K Free: 30491K (63%)
ptolemy.util.test.WatchDog.cancel(): canceling Sun Dec 08 06:22:13 UTC 2019
------------------ testing $PTII/ptolemy/domains/de/test/auto/TimingParadox.xml
auto.tcl: Setting watchdog for 200 seconds at Sun Dec 08 06:22:13 UTC 2019
398 ms. Memory: 48128K Free: 14188K (29%)
ptolemy.util.test.WatchDog.cancel(): canceling Sun Dec 08 06:22:14 UTC 2019
auto.tcl: Setting watchdog for 200 seconds at Sun Dec 08 06:22:14 UTC 2019
411 ms. Memory: 48128K Free: 26248K (55%)
ptolemy.util.test.WatchDog.cancel(): canceling Sun Dec 08 06:22:14 UTC 2019
------------------ testing $PTII/ptolemy/domains/de/test/auto/TransferInputs.xml
auto.tcl: Setting watchdog for 200 seconds at Sun Dec 08 06:22:14 UTC 2019
2 ms. Memory: 48128K Free: 28967K (60%)
ptolemy.util.test.WatchDog.cancel(): canceling Sun Dec 08 06:22:14 UTC 2019
auto.tcl: Setting watchdog for 200 seconds at Sun Dec 08 06:22:14 UTC 2019
2 ms. Memory: 48128K Free: 28111K (58%)
ptolemy.util.test.WatchDog.cancel(): canceling Sun Dec 08 06:22:14 UTC 2019
------------------ testing $PTII/ptolemy/domains/de/test/auto/TransferOutputs2.xml
auto.tcl: Setting watchdog for 200 seconds at Sun Dec 08 06:22:15 UTC 2019
11 ms. Memory: 48128K Free: 26396K (55%)
ptolemy.util.test.WatchDog.cancel(): canceling Sun Dec 08 06:22:15 UTC 2019
auto.tcl: Setting watchdog for 200 seconds at Sun Dec 08 06:22:15 UTC 2019
3 ms. Memory: 48128K Free: 24996K (52%)
ptolemy.util.test.WatchDog.cancel(): canceling Sun Dec 08 06:22:15 UTC 2019
------------------ testing $PTII/ptolemy/domains/de/test/auto/Trilateration.xml
auto.tcl: Setting watchdog for 200 seconds at Sun Dec 08 06:22:15 UTC 2019
14083 ms. Memory: 405504K Free: 361132K (89%)
ptolemy.util.test.WatchDog.cancel(): canceling Sun Dec 08 06:22:30 UTC 2019
auto.tcl: Setting watchdog for 200 seconds at Sun Dec 08 06:22:30 UTC 2019
10941 ms. Memory: 405504K Free: 373634K (92%)
ptolemy.util.test.WatchDog.cancel(): canceling Sun Dec 08 06:22:41 UTC 2019
------------------ testing $PTII/ptolemy/domains/de/test/auto/TwoSigmaDelta.xml
auto.tcl: Setting watchdog for 200 seconds at Sun Dec 08 06:22:41 UTC 2019
2811 ms. Memory: 89088K Free: 23031K (26%)
ptolemy.util.test.WatchDog.cancel(): canceling Sun Dec 08 06:22:44 UTC 2019
auto.tcl: Setting watchdog for 200 seconds at Sun Dec 08 06:22:44 UTC 2019
2084 ms. Memory: 89088K Free: 21979K (25%)
ptolemy.util.test.WatchDog.cancel(): canceling Sun Dec 08 06:22:46 UTC 2019
------------------ testing $PTII/ptolemy/domains/de/test/auto/VariableDelay.xml
auto.tcl: Setting watchdog for 200 seconds at Sun Dec 08 06:22:46 UTC 2019
3 ms. Memory: 51200K Free: 32520K (64%)
ptolemy.util.test.WatchDog.cancel(): canceling Sun Dec 08 06:22:46 UTC 2019
auto.tcl: Setting watchdog for 200 seconds at Sun Dec 08 06:22:46 UTC 2019
2 ms. Memory: 51200K Free: 31504K (62%)
ptolemy.util.test.WatchDog.cancel(): canceling Sun Dec 08 06:22:46 UTC 2019
------------------ testing $PTII/ptolemy/domains/de/test/auto/VariableDelay2.xml
auto.tcl: Setting watchdog for 200 seconds at Sun Dec 08 06:22:46 UTC 2019
8 ms. Memory: 51200K Free: 32927K (64%)
ptolemy.util.test.WatchDog.cancel(): canceling Sun Dec 08 06:22:46 UTC 2019
auto.tcl: Setting watchdog for 200 seconds at Sun Dec 08 06:22:46 UTC 2019
3 ms. Memory: 51200K Free: 32423K (63%)
ptolemy.util.test.WatchDog.cancel(): canceling Sun Dec 08 06:22:46 UTC 2019
------------------ testing $PTII/ptolemy/domains/de/test/auto/VariableDelayZeroDelay.xml
auto.tcl: Setting watchdog for 200 seconds at Sun Dec 08 06:22:46 UTC 2019
7 ms. Memory: 51200K Free: 33446K (65%)
ptolemy.util.test.WatchDog.cancel(): canceling Sun Dec 08 06:22:46 UTC 2019
auto.tcl: Setting watchdog for 200 seconds at Sun Dec 08 06:22:46 UTC 2019
2 ms. Memory: 51200K Free: 32918K (64%)
ptolemy.util.test.WatchDog.cancel(): canceling Sun Dec 08 06:22:46 UTC 2019
------------------ testing $PTII/ptolemy/domains/de/test/auto/VariableDelayZeroDelay2.xml
auto.tcl: Setting watchdog for 200 seconds at Sun Dec 08 06:22:46 UTC 2019
2 ms. Memory: 51200K Free: 33445K (65%)
ptolemy.util.test.WatchDog.cancel(): canceling Sun Dec 08 06:22:46 UTC 2019
auto.tcl: Setting watchdog for 200 seconds at Sun Dec 08 06:22:46 UTC 2019
2 ms. Memory: 51200K Free: 32421K (63%)
ptolemy.util.test.WatchDog.cancel(): canceling Sun Dec 08 06:22:46 UTC 2019
------------------ testing $PTII/ptolemy/domains/de/test/auto/deInCt.xml
auto.tcl: Setting watchdog for 200 seconds at Sun Dec 08 06:22:46 UTC 2019
0
1
1
0
0
0
0
1
1
1
1
0
0
0
1
1
1
0
0
0
1
1
1
0
0
0
0
0
0
0
0
0
10 ms. Memory: 48128K Free: 29346K (61%)
ptolemy.util.test.WatchDog.cancel(): canceling Sun Dec 08 06:22:46 UTC 2019
auto.tcl: Setting watchdog for 200 seconds at Sun Dec 08 06:22:46 UTC 2019
0
1
1
1
1
0
0
0
0
1
1
1
0
0
0
0
1
1
1
1
0
0
0
0
1
1
1
0
0
0
1
1
1
1
8 ms. Memory: 48128K Free: 27805K (58%)
ptolemy.util.test.WatchDog.cancel(): canceling Sun Dec 08 06:22:46 UTC 2019
------------------ testing $PTII/ptolemy/domains/de/test/auto/deInCt2.xml
auto.tcl: Setting watchdog for 200 seconds at Sun Dec 08 06:22:46 UTC 2019
0
1
1
1
0
0
1
1
1
0
0
1
1
1
0
0
1
1
1
0
0
1
1
1
0
0
1
1
1
0
0
1
1
1
0
0
1
1
1
0
0
0
6 ms. Memory: 48128K Free: 29349K (61%)
ptolemy.util.test.WatchDog.cancel(): canceling Sun Dec 08 06:22:46 UTC 2019
auto.tcl: Setting watchdog for 200 seconds at Sun Dec 08 06:22:46 UTC 2019
0
1
1
1
0
0
1
1
1
0
0
1
1
1
0
0
1
1
1
0
0
1
1
1
0
0
1
1
1
0
0
1
1
1
0
0
1
1
1
0
0
0
8 ms. Memory: 48128K Free: 27856K (58%)
ptolemy.util.test.WatchDog.cancel(): canceling Sun Dec 08 06:22:46 UTC 2019
------------------ testing $PTII/ptolemy/domains/de/test/auto/dynamicCausalityInterface1.xml
auto.tcl: Setting watchdog for 200 seconds at Sun Dec 08 06:22:46 UTC 2019
2 ms. Memory: 48128K Free: 24638K (51%)
ptolemy.util.test.WatchDog.cancel(): canceling Sun Dec 08 06:22:46 UTC 2019
auto.tcl: Setting watchdog for 200 seconds at Sun Dec 08 06:22:46 UTC 2019
1 ms. Memory: 48128K Free: 24223K (50%)
ptolemy.util.test.WatchDog.cancel(): canceling Sun Dec 08 06:22:46 UTC 2019
------------------ testing $PTII/ptolemy/domains/de/test/auto/fsm_de_test.xml
auto.tcl: Setting watchdog for 200 seconds at Sun Dec 08 06:22:46 UTC 2019
11 ms. Memory: 48128K Free: 25145K (52%)
ptolemy.util.test.WatchDog.cancel(): canceling Sun Dec 08 06:22:47 UTC 2019
auto.tcl: Setting watchdog for 200 seconds at Sun Dec 08 06:22:47 UTC 2019
6 ms. Memory: 48128K Free: 23136K (48%)
ptolemy.util.test.WatchDog.cancel(): canceling Sun Dec 08 06:22:47 UTC 2019
------------------ testing $PTII/ptolemy/domains/de/test/auto/functionDependencyReconstruction.xml
auto.tcl: Setting watchdog for 200 seconds at Sun Dec 08 06:22:47 UTC 2019
3 ms. Memory: 48128K Free: 18991K (39%)
ptolemy.util.test.WatchDog.cancel(): canceling Sun Dec 08 06:22:47 UTC 2019
auto.tcl: Setting watchdog for 200 seconds at Sun Dec 08 06:22:47 UTC 2019
3 ms. Memory: 48128K Free: 17015K (35%)
ptolemy.util.test.WatchDog.cancel(): canceling Sun Dec 08 06:22:47 UTC 2019
------------------ testing $PTII/ptolemy/domains/de/test/auto/multirate.xml
auto.tcl: Setting watchdog for 200 seconds at Sun Dec 08 06:22:47 UTC 2019
8 ms. Memory: 48128K Free: 27445K (57%)
ptolemy.util.test.WatchDog.cancel(): canceling Sun Dec 08 06:22:47 UTC 2019
auto.tcl: Setting watchdog for 200 seconds at Sun Dec 08 06:22:47 UTC 2019
3 ms. Memory: 48128K Free: 26597K (55%)
ptolemy.util.test.WatchDog.cancel(): canceling Sun Dec 08 06:22:47 UTC 2019
------------------ testing $PTII/ptolemy/domains/de/test/auto/multirate2.xml
auto.tcl: Setting watchdog for 200 seconds at Sun Dec 08 06:22:47 UTC 2019
2 ms. Memory: 48128K Free: 27742K (58%)
ptolemy.util.test.WatchDog.cancel(): canceling Sun Dec 08 06:22:47 UTC 2019
auto.tcl: Setting watchdog for 200 seconds at Sun Dec 08 06:22:47 UTC 2019
4 ms. Memory: 48128K Free: 26283K (55%)
ptolemy.util.test.WatchDog.cancel(): canceling Sun Dec 08 06:22:47 UTC 2019
------------------ testing $PTII/ptolemy/domains/de/test/auto/realtime.xml
auto.tcl: Setting watchdog for 200 seconds at Sun Dec 08 06:22:47 UTC 2019
10002 ms. Memory: 48128K Free: 30034K (62%)
ptolemy.util.test.WatchDog.cancel(): canceling Sun Dec 08 06:22:57 UTC 2019
auto.tcl: Setting watchdog for 200 seconds at Sun Dec 08 06:22:57 UTC 2019
10002 ms. Memory: 48128K Free: 29293K (61%)
ptolemy.util.test.WatchDog.cancel(): canceling Sun Dec 08 06:23:07 UTC 2019
------------------ testing $PTII/ptolemy/domains/de/test/auto/relationGroup.xml
auto.tcl: Setting watchdog for 200 seconds at Sun Dec 08 06:23:07 UTC 2019
2 ms. Memory: 48128K Free: 31107K (65%)
ptolemy.util.test.WatchDog.cancel(): canceling Sun Dec 08 06:23:07 UTC 2019
auto.tcl: Setting watchdog for 200 seconds at Sun Dec 08 06:23:07 UTC 2019
2 ms. Memory: 48128K Free: 30373K (63%)
ptolemy.util.test.WatchDog.cancel(): canceling Sun Dec 08 06:23:07 UTC 2019
------------------ testing $PTII/ptolemy/domains/de/test/auto/relationGroup2.xml
auto.tcl: Setting watchdog for 200 seconds at Sun Dec 08 06:23:07 UTC 2019
2 ms. Memory: 48128K Free: 30908K (64%)
ptolemy.util.test.WatchDog.cancel(): canceling Sun Dec 08 06:23:07 UTC 2019
auto.tcl: Setting watchdog for 200 seconds at Sun Dec 08 06:23:07 UTC 2019
1 ms. Memory: 48128K Free: 30424K (63%)
ptolemy.util.test.WatchDog.cancel(): canceling Sun Dec 08 06:23:07 UTC 2019
------------------ testing $PTII/ptolemy/domains/de/test/auto/sortWithOpaquePorts.xml
auto.tcl: Setting watchdog for 200 seconds at Sun Dec 08 06:23:07 UTC 2019
2 ms. Memory: 48128K Free: 29871K (62%)
ptolemy.util.test.WatchDog.cancel(): canceling Sun Dec 08 06:23:07 UTC 2019
auto.tcl: Setting watchdog for 200 seconds at Sun Dec 08 06:23:07 UTC 2019
2 ms. Memory: 48128K Free: 28859K (60%)
ptolemy.util.test.WatchDog.cancel(): canceling Sun Dec 08 06:23:07 UTC 2019
------------------ testing $PTII/ptolemy/domains/de/test/auto/transferInputsandOutputs.xml
auto.tcl: Setting watchdog for 200 seconds at Sun Dec 08 06:23:07 UTC 2019
2 ms. Memory: 48128K Free: 27314K (57%)
ptolemy.util.test.WatchDog.cancel(): canceling Sun Dec 08 06:23:07 UTC 2019
auto.tcl: Setting watchdog for 200 seconds at Sun Dec 08 06:23:07 UTC 2019
3 ms. Memory: 48128K Free: 26365K (55%)
ptolemy.util.test.WatchDog.cancel(): canceling Sun Dec 08 06:23:07 UTC 2019
------------------ testing $PTII/ptolemy/domains/de/test/auto/triggerType.xml
auto.tcl: Setting watchdog for 200 seconds at Sun Dec 08 06:23:07 UTC 2019
1 ms. Memory: 48128K Free: 30339K (63%)
ptolemy.util.test.WatchDog.cancel(): canceling Sun Dec 08 06:23:07 UTC 2019
auto.tcl: Setting watchdog for 200 seconds at Sun Dec 08 06:23:07 UTC 2019
2 ms. Memory: 48128K Free: 29375K (61%)
ptolemy.util.test.WatchDog.cancel(): canceling Sun Dec 08 06:23:07 UTC 2019
12/08/19 06:23:07
Failed: 0  Total Tests: 192  ((Passed: 187, Newly Passed: 1)  Known Failed: 5) /home/travis/build/icyphy/ptII/ptolemy/domains/de/test
12/08/19 06:23:07
Failed: 0  Total Tests: 192  ((Passed: 187, Newly Passed: 1)  Known Failed: 5) /home/travis/build/icyphy/ptII/ptolemy/domains/de/test
----------------- testing (KnownFailure) /home/travis/build/icyphy/ptII/ptolemy/domains/de/test/auto/knownFailedTests/DESDFClockTest.xml
2011 ms. Memory: 48128K Free: 23734K (49%)
Known Failure: java.lang.reflect.InvocationTargetException
----------------- testing (KnownFailure) /home/travis/build/icyphy/ptII/ptolemy/domains/de/test/auto/knownFailedTests/DirectFeedback.xml
1 ms. Memory: 48128K Free: 20152K (42%)
Known Failure: java.lang.reflect.InvocationTargetException
----------------- testing (KnownFailure) /home/travis/build/icyphy/ptII/ptolemy/domains/de/test/auto/knownFailedTests/FSMSource.xml
12 ms. Memory: 48128K Free: 12984K (27%)
----------------- testing (KnownFailure) /home/travis/build/icyphy/ptII/ptolemy/domains/de/test/auto/knownFailedTests/HierarchicalModel.xml
2 ms. Memory: 48128K Free: 23183K (48%)
Known Failure: java.lang.reflect.InvocationTargetException
----------------- testing (KnownFailure) /home/travis/build/icyphy/ptII/ptolemy/domains/de/test/auto/knownFailedTests/dependencyLoop.xml
7 ms. Memory: 48128K Free: 33425K (69%)
Known Failure: java.lang.reflect.InvocationTargetException
----------------- testing (KnownFailure) /home/travis/build/icyphy/ptII/ptolemy/domains/de/test/auto/knownFailedTests/dependencyLoop2.xml
9 ms. Memory: 48128K Free: 18131K (38%)
Known Failure: java.lang.reflect.InvocationTargetException
No auto/linux-amd64/*.xml tests in /home/travis/build/icyphy/ptII/ptolemy/domains/de/test
AutoTests.java: About to close Vertx.
AutoTests.java: Vertx closed.

===========================================================================================
----------------- testing Sun Dec 08 06:23:09 UTC 2019 /home/travis/build/icyphy/ptII/ptolemy/domains/de/test/auto/ActorDepthCalculation_actorWithoutPorts.xml
----------------- Instantiating /home/travis/build/icyphy/ptII/ptolemy/domains/de/test/auto/ActorDepthCalculation_actorWithoutPorts.xml
2 ms. Memory: 48128K Free: 11858K (25%)
----------------- Invoking toplevel() on ptolemy.moml.MoMLSimpleApplication@5c6908d3
----------------- Done invoking toplevel() on ptolemy.moml.MoMLSimpleApplication@5c6908d3
reloadAllAccessors: .ActorDepthCalculation_actorWithoutPorts

===========================================================================================
----------------- testing Sun Dec 08 06:23:10 UTC 2019 /home/travis/build/icyphy/ptII/ptolemy/domains/de/test/auto/AssemblyLine.xml
----------------- Instantiating /home/travis/build/icyphy/ptII/ptolemy/domains/de/test/auto/AssemblyLine.xml
3 ms. Memory: 48128K Free: 30676K (64%)
----------------- Invoking toplevel() on ptolemy.moml.MoMLSimpleApplication@26b4f371
----------------- Done invoking toplevel() on ptolemy.moml.MoMLSimpleApplication@26b4f371
reloadAllAccessors: .AssemblyLine

===========================================================================================
----------------- testing Sun Dec 08 06:23:10 UTC 2019 /home/travis/build/icyphy/ptII/ptolemy/domains/de/test/auto/CQBug1.xml
----------------- Instantiating /home/travis/build/icyphy/ptII/ptolemy/domains/de/test/auto/CQBug1.xml
1 ms. Memory: 48128K Free: 27774K (58%)
----------------- Invoking toplevel() on ptolemy.moml.MoMLSimpleApplication@580f9774
----------------- Done invoking toplevel() on ptolemy.moml.MoMLSimpleApplication@580f9774
reloadAllAccessors: .CQBug1

===========================================================================================
----------------- testing Sun Dec 08 06:23:10 UTC 2019 /home/travis/build/icyphy/ptII/ptolemy/domains/de/test/auto/CancelFireAt.xml
----------------- Instantiating /home/travis/build/icyphy/ptII/ptolemy/domains/de/test/auto/CancelFireAt.xml
8 ms. Memory: 48128K Free: 25540K (53%)
----------------- Invoking toplevel() on ptolemy.moml.MoMLSimpleApplication@6d2c9155
----------------- Done invoking toplevel() on ptolemy.moml.MoMLSimpleApplication@6d2c9155
reloadAllAccessors: .CancelFireAt

===========================================================================================
----------------- testing Sun Dec 08 06:23:10 UTC 2019 /home/travis/build/icyphy/ptII/ptolemy/domains/de/test/auto/CausalityAndComposabilityAnalysis.xml
----------------- Instantiating /home/travis/build/icyphy/ptII/ptolemy/domains/de/test/auto/CausalityAndComposabilityAnalysis.xml
1 ms. Memory: 48128K Free: 21272K (44%)
----------------- Invoking toplevel() on ptolemy.moml.MoMLSimpleApplication@12cc13b4
----------------- Done invoking toplevel() on ptolemy.moml.MoMLSimpleApplication@12cc13b4
reloadAllAccessors: .CausalityAndComposabilityAnalysis

===========================================================================================
----------------- testing Sun Dec 08 06:23:10 UTC 2019 /home/travis/build/icyphy/ptII/ptolemy/domains/de/test/auto/CausalityInterface1.xml
----------------- Instantiating /home/travis/build/icyphy/ptII/ptolemy/domains/de/test/auto/CausalityInterface1.xml
6 ms. Memory: 48128K Free: 16339K (34%)
----------------- Invoking toplevel() on ptolemy.moml.MoMLSimpleApplication@47aeda1d
----------------- Done invoking toplevel() on ptolemy.moml.MoMLSimpleApplication@47aeda1d
reloadAllAccessors: .CausalityInterface1

===========================================================================================
----------------- testing Sun Dec 08 06:23:10 UTC 2019 /home/travis/build/icyphy/ptII/ptolemy/domains/de/test/auto/CausalityInterface15.xml
----------------- Instantiating /home/travis/build/icyphy/ptII/ptolemy/domains/de/test/auto/CausalityInterface15.xml
1 ms. Memory: 48128K Free: 10995K (23%)
----------------- Invoking toplevel() on ptolemy.moml.MoMLSimpleApplication@2859b65e
----------------- Done invoking toplevel() on ptolemy.moml.MoMLSimpleApplication@2859b65e
reloadAllAccessors: .CausalityInterface15

===========================================================================================
----------------- testing Sun Dec 08 06:23:10 UTC 2019 /home/travis/build/icyphy/ptII/ptolemy/domains/de/test/auto/CausalityInterface2.xml
----------------- Instantiating /home/travis/build/icyphy/ptII/ptolemy/domains/de/test/auto/CausalityInterface2.xml
1 ms. Memory: 48128K Free: 32071K (67%)
----------------- Invoking toplevel() on ptolemy.moml.MoMLSimpleApplication@32bb41a1
----------------- Done invoking toplevel() on ptolemy.moml.MoMLSimpleApplication@32bb41a1
reloadAllAccessors: .CausalityInterface2

===========================================================================================
----------------- testing Sun Dec 08 06:23:10 UTC 2019 /home/travis/build/icyphy/ptII/ptolemy/domains/de/test/auto/CausalityInterface3.xml
----------------- Instantiating /home/travis/build/icyphy/ptII/ptolemy/domains/de/test/auto/CausalityInterface3.xml
2 ms. Memory: 48128K Free: 27193K (57%)
----------------- Invoking toplevel() on ptolemy.moml.MoMLSimpleApplication@444fe88a
----------------- Done invoking toplevel() on ptolemy.moml.MoMLSimpleApplication@444fe88a
reloadAllAccessors: .CausalityInterface3

===========================================================================================
----------------- testing Sun Dec 08 06:23:10 UTC 2019 /home/travis/build/icyphy/ptII/ptolemy/domains/de/test/auto/ClockDrift.xml
----------------- Instantiating /home/travis/build/icyphy/ptII/ptolemy/domains/de/test/auto/ClockDrift.xml
19 ms. Memory: 48128K Free: 15513K (32%)
----------------- Invoking toplevel() on ptolemy.moml.MoMLSimpleApplication@2b6a2161
----------------- Done invoking toplevel() on ptolemy.moml.MoMLSimpleApplication@2b6a2161
reloadAllAccessors: .ClockDrift

===========================================================================================
----------------- testing Sun Dec 08 06:23:10 UTC 2019 /home/travis/build/icyphy/ptII/ptolemy/domains/de/test/auto/ClockDriftAndValueChange.xml
----------------- Instantiating /home/travis/build/icyphy/ptII/ptolemy/domains/de/test/auto/ClockDriftAndValueChange.xml
11 ms. Memory: 48128K Free: 29397K (61%)
----------------- Invoking toplevel() on ptolemy.moml.MoMLSimpleApplication@5e8e2d4c
----------------- Done invoking toplevel() on ptolemy.moml.MoMLSimpleApplication@5e8e2d4c
reloadAllAccessors: .ClockDriftAndValueChange

===========================================================================================
----------------- testing Sun Dec 08 06:23:10 UTC 2019 /home/travis/build/icyphy/ptII/ptolemy/domains/de/test/auto/ClockDriftChange.xml
----------------- Instantiating /home/travis/build/icyphy/ptII/ptolemy/domains/de/test/auto/ClockDriftChange.xml
11 ms. Memory: 48128K Free: 19498K (41%)
----------------- Invoking toplevel() on ptolemy.moml.MoMLSimpleApplication@348d37ae
----------------- Done invoking toplevel() on ptolemy.moml.MoMLSimpleApplication@348d37ae
reloadAllAccessors: .ClockDriftChange

===========================================================================================
----------------- testing Sun Dec 08 06:23:10 UTC 2019 /home/travis/build/icyphy/ptII/ptolemy/domains/de/test/auto/ComposableCausalityAnalysis.xml
----------------- Instantiating /home/travis/build/icyphy/ptII/ptolemy/domains/de/test/auto/ComposableCausalityAnalysis.xml
1 ms. Memory: 48128K Free: 13732K (29%)
----------------- Invoking toplevel() on ptolemy.moml.MoMLSimpleApplication@299d428b
----------------- Done invoking toplevel() on ptolemy.moml.MoMLSimpleApplication@299d428b
reloadAllAccessors: .ComposableCausalityAnalysis

===========================================================================================
----------------- testing Sun Dec 08 06:23:10 UTC 2019 /home/travis/build/icyphy/ptII/ptolemy/domains/de/test/auto/DEFixedPointLimitation.xml
----------------- Instantiating /home/travis/build/icyphy/ptII/ptolemy/domains/de/test/auto/DEFixedPointLimitation.xml
1 ms. Memory: 48128K Free: 9236K (19%)
----------------- Invoking toplevel() on ptolemy.moml.MoMLSimpleApplication@6406eaef
----------------- Done invoking toplevel() on ptolemy.moml.MoMLSimpleApplication@6406eaef
reloadAllAccessors: .DEFixedPointLimitation

===========================================================================================
----------------- testing Sun Dec 08 06:23:10 UTC 2019 /home/travis/build/icyphy/ptII/ptolemy/domains/de/test/auto/DEScheduleTest.xml
----------------- Instantiating /home/travis/build/icyphy/ptII/ptolemy/domains/de/test/auto/DEScheduleTest.xml
3 ms. Memory: 48128K Free: 30644K (64%)
----------------- Invoking toplevel() on ptolemy.moml.MoMLSimpleApplication@3c5c1b15
----------------- Done invoking toplevel() on ptolemy.moml.MoMLSimpleApplication@3c5c1b15
reloadAllAccessors: .DEScheduleTest

===========================================================================================
----------------- testing Sun Dec 08 06:23:10 UTC 2019 /home/travis/build/icyphy/ptII/ptolemy/domains/de/test/auto/DEinDEwithStartTimes.xml
----------------- Instantiating /home/travis/build/icyphy/ptII/ptolemy/domains/de/test/auto/DEinDEwithStartTimes.xml
2 ms. Memory: 48128K Free: 24990K (52%)
----------------- Invoking toplevel() on ptolemy.moml.MoMLSimpleApplication@b260402
----------------- Done invoking toplevel() on ptolemy.moml.MoMLSimpleApplication@b260402
reloadAllAccessors: .DEinDEwithStartTimes

===========================================================================================
----------------- testing Sun Dec 08 06:23:10 UTC 2019 /home/travis/build/icyphy/ptII/ptolemy/domains/de/test/auto/DEinDEwithStartTimes2.xml
----------------- Instantiating /home/travis/build/icyphy/ptII/ptolemy/domains/de/test/auto/DEinDEwithStartTimes2.xml
2 ms. Memory: 48128K Free: 18513K (38%)
----------------- Invoking toplevel() on ptolemy.moml.MoMLSimpleApplication@56a775c1
----------------- Done invoking toplevel() on ptolemy.moml.MoMLSimpleApplication@56a775c1
reloadAllAccessors: .DEinDEwithStartTimes2

===========================================================================================
----------------- testing Sun Dec 08 06:23:10 UTC 2019 /home/travis/build/icyphy/ptII/ptolemy/domains/de/test/auto/DateDemo.xml
----------------- Instantiating /home/travis/build/icyphy/ptII/ptolemy/domains/de/test/auto/DateDemo.xml
7 ms. Memory: 48128K Free: 31520K (65%)
----------------- Invoking toplevel() on ptolemy.moml.MoMLSimpleApplication@b30bb94
----------------- Done invoking toplevel() on ptolemy.moml.MoMLSimpleApplication@b30bb94
reloadAllAccessors: .DateDemo

===========================================================================================
----------------- testing Sun Dec 08 06:23:10 UTC 2019 /home/travis/build/icyphy/ptII/ptolemy/domains/de/test/auto/DateToEvent.xml
----------------- Instantiating /home/travis/build/icyphy/ptII/ptolemy/domains/de/test/auto/DateToEvent.xml
2005 ms. Memory: 48128K Free: 15917K (33%)
----------------- Invoking toplevel() on ptolemy.moml.MoMLSimpleApplication@77a5e4fc
----------------- Done invoking toplevel() on ptolemy.moml.MoMLSimpleApplication@77a5e4fc
reloadAllAccessors: .DateToEvent

===========================================================================================
----------------- testing Sun Dec 08 06:23:12 UTC 2019 /home/travis/build/icyphy/ptII/ptolemy/domains/de/test/auto/DepthTest1.xml
----------------- Instantiating /home/travis/build/icyphy/ptII/ptolemy/domains/de/test/auto/DepthTest1.xml
1 ms. Memory: 48128K Free: 13036K (27%)
----------------- Invoking toplevel() on ptolemy.moml.MoMLSimpleApplication@c82b182
----------------- Done invoking toplevel() on ptolemy.moml.MoMLSimpleApplication@c82b182
reloadAllAccessors: .DepthTest1

===========================================================================================
----------------- testing Sun Dec 08 06:23:12 UTC 2019 /home/travis/build/icyphy/ptII/ptolemy/domains/de/test/auto/DepthTest2.xml
----------------- Instantiating /home/travis/build/icyphy/ptII/ptolemy/domains/de/test/auto/DepthTest2.xml
2 ms. Memory: 48128K Free: 31333K (65%)
----------------- Invoking toplevel() on ptolemy.moml.MoMLSimpleApplication@7c2b506a
----------------- Done invoking toplevel() on ptolemy.moml.MoMLSimpleApplication@7c2b506a
reloadAllAccessors: .DepthTest2

===========================================================================================
----------------- testing Sun Dec 08 06:23:12 UTC 2019 /home/travis/build/icyphy/ptII/ptolemy/domains/de/test/auto/DepthTest3.xml
----------------- Instantiating /home/travis/build/icyphy/ptII/ptolemy/domains/de/test/auto/DepthTest3.xml
1 ms. Memory: 48128K Free: 28317K (59%)
----------------- Invoking toplevel() on ptolemy.moml.MoMLSimpleApplication@4051cba3
----------------- Done invoking toplevel() on ptolemy.moml.MoMLSimpleApplication@4051cba3
reloadAllAccessors: .DepthTest3

===========================================================================================
----------------- testing Sun Dec 08 06:23:12 UTC 2019 /home/travis/build/icyphy/ptII/ptolemy/domains/de/test/auto/DepthTest4.xml
----------------- Instantiating /home/travis/build/icyphy/ptII/ptolemy/domains/de/test/auto/DepthTest4.xml
11 ms. Memory: 48128K Free: 23415K (49%)
----------------- Invoking toplevel() on ptolemy.moml.MoMLSimpleApplication@405a9c4e
----------------- Done invoking toplevel() on ptolemy.moml.MoMLSimpleApplication@405a9c4e
reloadAllAccessors: .DepthTest4

===========================================================================================
----------------- testing Sun Dec 08 06:23:12 UTC 2019 /home/travis/build/icyphy/ptII/ptolemy/domains/de/test/auto/DepthTest5.xml
----------------- Instantiating /home/travis/build/icyphy/ptII/ptolemy/domains/de/test/auto/DepthTest5.xml
1 ms. Memory: 48128K Free: 18085K (38%)
----------------- Invoking toplevel() on ptolemy.moml.MoMLSimpleApplication@1a6d3459
----------------- Done invoking toplevel() on ptolemy.moml.MoMLSimpleApplication@1a6d3459
reloadAllAccessors: .DepthTest5

===========================================================================================
----------------- testing Sun Dec 08 06:23:12 UTC 2019 /home/travis/build/icyphy/ptII/ptolemy/domains/de/test/auto/DepthTest6.xml
----------------- Instantiating /home/travis/build/icyphy/ptII/ptolemy/domains/de/test/auto/DepthTest6.xml
2 ms. Memory: 48128K Free: 12793K (27%)
----------------- Invoking toplevel() on ptolemy.moml.MoMLSimpleApplication@627826df
----------------- Done invoking toplevel() on ptolemy.moml.MoMLSimpleApplication@627826df
reloadAllAccessors: .DepthTest6

===========================================================================================
----------------- testing Sun Dec 08 06:23:12 UTC 2019 /home/travis/build/icyphy/ptII/ptolemy/domains/de/test/auto/DepthTest7.xml
----------------- Instantiating /home/travis/build/icyphy/ptII/ptolemy/domains/de/test/auto/DepthTest7.xml
2 ms. Memory: 48128K Free: 32515K (68%)
----------------- Invoking toplevel() on ptolemy.moml.MoMLSimpleApplication@2883c9d
----------------- Done invoking toplevel() on ptolemy.moml.MoMLSimpleApplication@2883c9d
reloadAllAccessors: .DepthTest7

===========================================================================================
----------------- testing Sun Dec 08 06:23:12 UTC 2019 /home/travis/build/icyphy/ptII/ptolemy/domains/de/test/auto/EventToDate.xml
----------------- Instantiating /home/travis/build/icyphy/ptII/ptolemy/domains/de/test/auto/EventToDate.xml
3004 ms. Memory: 48128K Free: 19257K (40%)
----------------- Invoking toplevel() on ptolemy.moml.MoMLSimpleApplication@171edcfa
----------------- Done invoking toplevel() on ptolemy.moml.MoMLSimpleApplication@171edcfa
reloadAllAccessors: .EventToDate

===========================================================================================
----------------- testing Sun Dec 08 06:23:15 UTC 2019 /home/travis/build/icyphy/ptII/ptolemy/domains/de/test/auto/FSM1.xml
----------------- Instantiating /home/travis/build/icyphy/ptII/ptolemy/domains/de/test/auto/FSM1.xml
26 ms. Memory: 48128K Free: 31944K (66%)
----------------- Invoking toplevel() on ptolemy.moml.MoMLSimpleApplication@32b8d878
----------------- Done invoking toplevel() on ptolemy.moml.MoMLSimpleApplication@32b8d878
reloadAllAccessors: .FSM1

===========================================================================================
----------------- testing Sun Dec 08 06:23:15 UTC 2019 /home/travis/build/icyphy/ptII/ptolemy/domains/de/test/auto/FSM7.xml
----------------- Instantiating /home/travis/build/icyphy/ptII/ptolemy/domains/de/test/auto/FSM7.xml
21 ms. Memory: 48128K Free: 19312K (40%)
----------------- Invoking toplevel() on ptolemy.moml.MoMLSimpleApplication@b5f3ef1
----------------- Done invoking toplevel() on ptolemy.moml.MoMLSimpleApplication@b5f3ef1
reloadAllAccessors: .FSM7

===========================================================================================
----------------- testing Sun Dec 08 06:23:15 UTC 2019 /home/travis/build/icyphy/ptII/ptolemy/domains/de/test/auto/Inspection.xml
----------------- Instantiating /home/travis/build/icyphy/ptII/ptolemy/domains/de/test/auto/Inspection.xml
24 ms. Memory: 48128K Free: 31386K (65%)
----------------- Invoking toplevel() on ptolemy.moml.MoMLSimpleApplication@5ff5d61e
----------------- Done invoking toplevel() on ptolemy.moml.MoMLSimpleApplication@5ff5d61e
reloadAllAccessors: .Inspection

===========================================================================================
----------------- testing Sun Dec 08 06:23:15 UTC 2019 /home/travis/build/icyphy/ptII/ptolemy/domains/de/test/auto/Iteration.xml
----------------- Instantiating /home/travis/build/icyphy/ptII/ptolemy/domains/de/test/auto/Iteration.xml
4 ms. Memory: 48128K Free: 24662K (51%)
----------------- Invoking toplevel() on ptolemy.moml.MoMLSimpleApplication@2270b4ae
----------------- Done invoking toplevel() on ptolemy.moml.MoMLSimpleApplication@2270b4ae
reloadAllAccessors: .Iteration

===========================================================================================
----------------- testing Sun Dec 08 06:23:15 UTC 2019 /home/travis/build/icyphy/ptII/ptolemy/domains/de/test/auto/LineFault.xml
----------------- Instantiating /home/travis/build/icyphy/ptII/ptolemy/domains/de/test/auto/LineFault.xml
478 ms. Memory: 48128K Free: 26223K (54%)
----------------- Invoking toplevel() on ptolemy.moml.MoMLSimpleApplication@34de892
----------------- Done invoking toplevel() on ptolemy.moml.MoMLSimpleApplication@34de892
reloadAllAccessors: .LineFault

===========================================================================================
----------------- testing Sun Dec 08 06:23:16 UTC 2019 /home/travis/build/icyphy/ptII/ptolemy/domains/de/test/auto/MergeModel1Add.xml
----------------- Instantiating /home/travis/build/icyphy/ptII/ptolemy/domains/de/test/auto/MergeModel1Add.xml
6 ms. Memory: 48128K Free: 28625K (59%)
----------------- Invoking toplevel() on ptolemy.moml.MoMLSimpleApplication@522a7c86
----------------- Done invoking toplevel() on ptolemy.moml.MoMLSimpleApplication@522a7c86
reloadAllAccessors: .MergeModel1Add

===========================================================================================
----------------- testing Sun Dec 08 06:23:16 UTC 2019 /home/travis/build/icyphy/ptII/ptolemy/domains/de/test/auto/MergeModel2Add.xml
----------------- Instantiating /home/travis/build/icyphy/ptII/ptolemy/domains/de/test/auto/MergeModel2Add.xml
17 ms. Memory: 48128K Free: 31555K (66%)
----------------- Invoking toplevel() on ptolemy.moml.MoMLSimpleApplication@4396a343
----------------- Done invoking toplevel() on ptolemy.moml.MoMLSimpleApplication@4396a343
reloadAllAccessors: .MergeModel2Add

===========================================================================================
----------------- testing Sun Dec 08 06:23:16 UTC 2019 /home/travis/build/icyphy/ptII/ptolemy/domains/de/test/auto/MergeModel3Add.xml
----------------- Instantiating /home/travis/build/icyphy/ptII/ptolemy/domains/de/test/auto/MergeModel3Add.xml
6 ms. Memory: 48128K Free: 13969K (29%)
----------------- Invoking toplevel() on ptolemy.moml.MoMLSimpleApplication@50362967
----------------- Done invoking toplevel() on ptolemy.moml.MoMLSimpleApplication@50362967
reloadAllAccessors: .MergeModel3Add

===========================================================================================
----------------- testing Sun Dec 08 06:23:16 UTC 2019 /home/travis/build/icyphy/ptII/ptolemy/domains/de/test/auto/MergeWithoutDiscard.xml
----------------- Instantiating /home/travis/build/icyphy/ptII/ptolemy/domains/de/test/auto/MergeWithoutDiscard.xml
2 ms. Memory: 48128K Free: 30532K (63%)
----------------- Invoking toplevel() on ptolemy.moml.MoMLSimpleApplication@3487a4ca
----------------- Done invoking toplevel() on ptolemy.moml.MoMLSimpleApplication@3487a4ca
reloadAllAccessors: .MergeWithoutDiscard

===========================================================================================
----------------- testing Sun Dec 08 06:23:16 UTC 2019 /home/travis/build/icyphy/ptII/ptolemy/domains/de/test/auto/Modal1.xml
----------------- Instantiating /home/travis/build/icyphy/ptII/ptolemy/domains/de/test/auto/Modal1.xml
10 ms. Memory: 48128K Free: 18260K (38%)
----------------- Invoking toplevel() on ptolemy.moml.MoMLSimpleApplication@7a5ea792
----------------- Done invoking toplevel() on ptolemy.moml.MoMLSimpleApplication@7a5ea792
reloadAllAccessors: .Modal1

===========================================================================================
----------------- testing Sun Dec 08 06:23:16 UTC 2019 /home/travis/build/icyphy/ptII/ptolemy/domains/de/test/auto/Modal2.xml
----------------- Instantiating /home/travis/build/icyphy/ptII/ptolemy/domains/de/test/auto/Modal2.xml
8 ms. Memory: 48128K Free: 27556K (57%)
----------------- Invoking toplevel() on ptolemy.moml.MoMLSimpleApplication@3ebb15c4
----------------- Done invoking toplevel() on ptolemy.moml.MoMLSimpleApplication@3ebb15c4
reloadAllAccessors: .Modal2

===========================================================================================
----------------- testing Sun Dec 08 06:23:16 UTC 2019 /home/travis/build/icyphy/ptII/ptolemy/domains/de/test/auto/Modal3.xml
----------------- Instantiating /home/travis/build/icyphy/ptII/ptolemy/domains/de/test/auto/Modal3.xml
10 ms. Memory: 48128K Free: 15515K (32%)
----------------- Invoking toplevel() on ptolemy.moml.MoMLSimpleApplication@75efb24a
----------------- Done invoking toplevel() on ptolemy.moml.MoMLSimpleApplication@75efb24a
reloadAllAccessors: .Modal3

===========================================================================================
----------------- testing Sun Dec 08 06:23:16 UTC 2019 /home/travis/build/icyphy/ptII/ptolemy/domains/de/test/auto/Modal4.xml
----------------- Instantiating /home/travis/build/icyphy/ptII/ptolemy/domains/de/test/auto/Modal4.xml
11 ms. Memory: 48128K Free: 24007K (50%)
----------------- Invoking toplevel() on ptolemy.moml.MoMLSimpleApplication@48fc51f8
----------------- Done invoking toplevel() on ptolemy.moml.MoMLSimpleApplication@48fc51f8
reloadAllAccessors: .Modal4

===========================================================================================
----------------- testing Sun Dec 08 06:23:16 UTC 2019 /home/travis/build/icyphy/ptII/ptolemy/domains/de/test/auto/Modal5.xml
----------------- Instantiating /home/travis/build/icyphy/ptII/ptolemy/domains/de/test/auto/Modal5.xml
10 ms. Memory: 48128K Free: 11149K (23%)
----------------- Invoking toplevel() on ptolemy.moml.MoMLSimpleApplication@7b29cc4c
----------------- Done invoking toplevel() on ptolemy.moml.MoMLSimpleApplication@7b29cc4c
reloadAllAccessors: .Modal5

===========================================================================================
----------------- testing Sun Dec 08 06:23:16 UTC 2019 /home/travis/build/icyphy/ptII/ptolemy/domains/de/test/auto/Modal6.xml
----------------- Instantiating /home/travis/build/icyphy/ptII/ptolemy/domains/de/test/auto/Modal6.xml
12 ms. Memory: 63488K Free: 35885K (57%)
----------------- Invoking toplevel() on ptolemy.moml.MoMLSimpleApplication@5564cd4d
----------------- Done invoking toplevel() on ptolemy.moml.MoMLSimpleApplication@5564cd4d
reloadAllAccessors: .Modal6

===========================================================================================
----------------- testing Sun Dec 08 06:23:16 UTC 2019 /home/travis/build/icyphy/ptII/ptolemy/domains/de/test/auto/Modal7.xml
----------------- Instantiating /home/travis/build/icyphy/ptII/ptolemy/domains/de/test/auto/Modal7.xml
8 ms. Memory: 63488K Free: 22573K (36%)
----------------- Invoking toplevel() on ptolemy.moml.MoMLSimpleApplication@294cf3cd
----------------- Done invoking toplevel() on ptolemy.moml.MoMLSimpleApplication@294cf3cd
reloadAllAccessors: .Modal7

===========================================================================================
----------------- testing Sun Dec 08 06:23:16 UTC 2019 /home/travis/build/icyphy/ptII/ptolemy/domains/de/test/auto/ModalModel.xml
----------------- Instantiating /home/travis/build/icyphy/ptII/ptolemy/domains/de/test/auto/ModalModel.xml
121 ms. Memory: 63488K Free: 38693K (61%)
----------------- Invoking toplevel() on ptolemy.moml.MoMLSimpleApplication@23d4fc52
----------------- Done invoking toplevel() on ptolemy.moml.MoMLSimpleApplication@23d4fc52
reloadAllAccessors: .ModalModel

===========================================================================================
----------------- testing Sun Dec 08 06:23:17 UTC 2019 /home/travis/build/icyphy/ptII/ptolemy/domains/de/test/auto/ModalSource.xml
----------------- Instantiating /home/travis/build/icyphy/ptII/ptolemy/domains/de/test/auto/ModalSource.xml
5 ms. Memory: 63488K Free: 30380K (48%)
----------------- Invoking toplevel() on ptolemy.moml.MoMLSimpleApplication@417612b3
----------------- Done invoking toplevel() on ptolemy.moml.MoMLSimpleApplication@417612b3
reloadAllAccessors: .ModalSource

===========================================================================================
----------------- testing Sun Dec 08 06:23:17 UTC 2019 /home/travis/build/icyphy/ptII/ptolemy/domains/de/test/auto/NonInterruptibleTimerZeroDelay.xml
----------------- Instantiating /home/travis/build/icyphy/ptII/ptolemy/domains/de/test/auto/NonInterruptibleTimerZeroDelay.xml
2 ms. Memory: 63488K Free: 26894K (42%)
----------------- Invoking toplevel() on ptolemy.moml.MoMLSimpleApplication@6b090cf2
----------------- Done invoking toplevel() on ptolemy.moml.MoMLSimpleApplication@6b090cf2
reloadAllAccessors: .NonInterruptibleTimerZeroDelay

===========================================================================================
----------------- testing Sun Dec 08 06:23:17 UTC 2019 /home/travis/build/icyphy/ptII/ptolemy/domains/de/test/auto/OpenQueueingNetwork.xml
----------------- Instantiating /home/travis/build/icyphy/ptII/ptolemy/domains/de/test/auto/OpenQueueingNetwork.xml
2528 ms. Memory: 175104K Free: 152816K (87%)
----------------- Invoking toplevel() on ptolemy.moml.MoMLSimpleApplication@df9be2b
----------------- Done invoking toplevel() on ptolemy.moml.MoMLSimpleApplication@df9be2b
reloadAllAccessors: .OpenQueueingNetwork

===========================================================================================
----------------- testing Sun Dec 08 06:23:19 UTC 2019 /home/travis/build/icyphy/ptII/ptolemy/domains/de/test/auto/OpenQueuingNetwork.xml
----------------- Instantiating /home/travis/build/icyphy/ptII/ptolemy/domains/de/test/auto/OpenQueuingNetwork.xml
246 ms. Memory: 175104K Free: 76016K (43%)
----------------- Invoking toplevel() on ptolemy.moml.MoMLSimpleApplication@1ed5ffb9
----------------- Done invoking toplevel() on ptolemy.moml.MoMLSimpleApplication@1ed5ffb9
reloadAllAccessors: .OpenQueuingNetwork

===========================================================================================
----------------- testing Sun Dec 08 06:23:20 UTC 2019 /home/travis/build/icyphy/ptII/ptolemy/domains/de/test/auto/PeriodicSampler.xml
----------------- Instantiating /home/travis/build/icyphy/ptII/ptolemy/domains/de/test/auto/PeriodicSampler.xml
2 ms. Memory: 175104K Free: 71920K (41%)
----------------- Invoking toplevel() on ptolemy.moml.MoMLSimpleApplication@58ea0323
----------------- Done invoking toplevel() on ptolemy.moml.MoMLSimpleApplication@58ea0323
reloadAllAccessors: .PeriodicSampler

===========================================================================================
----------------- testing Sun Dec 08 06:23:20 UTC 2019 /home/travis/build/icyphy/ptII/ptolemy/domains/de/test/auto/PersistentIO.xml
----------------- Instantiating /home/travis/build/icyphy/ptII/ptolemy/domains/de/test/auto/PersistentIO.xml
8 ms. Memory: 175104K Free: 62194K (36%)
----------------- Invoking toplevel() on ptolemy.moml.MoMLSimpleApplication@42f11adf
----------------- Done invoking toplevel() on ptolemy.moml.MoMLSimpleApplication@42f11adf
reloadAllAccessors: .PersistentIO

===========================================================================================
----------------- testing Sun Dec 08 06:23:20 UTC 2019 /home/travis/build/icyphy/ptII/ptolemy/domains/de/test/auto/PortParameterResetOnInitialize.xml
----------------- Instantiating /home/travis/build/icyphy/ptII/ptolemy/domains/de/test/auto/PortParameterResetOnInitialize.xml
2 ms. Memory: 175104K Free: 154254K (88%)
----------------- Invoking toplevel() on ptolemy.moml.MoMLSimpleApplication@1ad2a7c1
----------------- Done invoking toplevel() on ptolemy.moml.MoMLSimpleApplication@1ad2a7c1
reloadAllAccessors: .PortParameterResetOnInitialize

===========================================================================================
----------------- testing Sun Dec 08 06:23:20 UTC 2019 /home/travis/build/icyphy/ptII/ptolemy/domains/de/test/auto/PortParameterUpdates.xml
----------------- Instantiating /home/travis/build/icyphy/ptII/ptolemy/domains/de/test/auto/PortParameterUpdates.xml
7 ms. Memory: 175104K Free: 147630K (84%)
----------------- Invoking toplevel() on ptolemy.moml.MoMLSimpleApplication@12a69e1a
----------------- Done invoking toplevel() on ptolemy.moml.MoMLSimpleApplication@12a69e1a
reloadAllAccessors: .PortParameterUpdates

===========================================================================================
----------------- testing Sun Dec 08 06:23:20 UTC 2019 /home/travis/build/icyphy/ptII/ptolemy/domains/de/test/auto/QueueAndServer.xml
----------------- Instantiating /home/travis/build/icyphy/ptII/ptolemy/domains/de/test/auto/QueueAndServer.xml
5 ms. Memory: 175104K Free: 139948K (80%)
----------------- Invoking toplevel() on ptolemy.moml.MoMLSimpleApplication@a223ecd
----------------- Done invoking toplevel() on ptolemy.moml.MoMLSimpleApplication@a223ecd
reloadAllAccessors: .QueueAndServer

===========================================================================================
----------------- testing Sun Dec 08 06:23:20 UTC 2019 /home/travis/build/icyphy/ptII/ptolemy/domains/de/test/auto/Records.xml
----------------- Instantiating /home/travis/build/icyphy/ptII/ptolemy/domains/de/test/auto/Records.xml
4 ms. Memory: 175104K Free: 134318K (77%)
----------------- Invoking toplevel() on ptolemy.moml.MoMLSimpleApplication@7147d15c
----------------- Done invoking toplevel() on ptolemy.moml.MoMLSimpleApplication@7147d15c
reloadAllAccessors: .Records

===========================================================================================
----------------- testing Sun Dec 08 06:23:20 UTC 2019 /home/travis/build/icyphy/ptII/ptolemy/domains/de/test/auto/ResetTransitionWithStartTime1.xml
----------------- Instantiating /home/travis/build/icyphy/ptII/ptolemy/domains/de/test/auto/ResetTransitionWithStartTime1.xml
5 ms. Memory: 175104K Free: 126126K (72%)
----------------- Invoking toplevel() on ptolemy.moml.MoMLSimpleApplication@7d027260
----------------- Done invoking toplevel() on ptolemy.moml.MoMLSimpleApplication@7d027260
reloadAllAccessors: .ResetTransitionWithStartTime1

===========================================================================================
----------------- testing Sun Dec 08 06:23:20 UTC 2019 /home/travis/build/icyphy/ptII/ptolemy/domains/de/test/auto/ResetTransitionWithStartTime2.xml
----------------- Instantiating /home/travis/build/icyphy/ptII/ptolemy/domains/de/test/auto/ResetTransitionWithStartTime2.xml
5 ms. Memory: 175104K Free: 117934K (67%)
----------------- Invoking toplevel() on ptolemy.moml.MoMLSimpleApplication@152dc6b5
----------------- Done invoking toplevel() on ptolemy.moml.MoMLSimpleApplication@152dc6b5
reloadAllAccessors: .ResetTransitionWithStartTime2

===========================================================================================
----------------- testing Sun Dec 08 06:23:20 UTC 2019 /home/travis/build/icyphy/ptII/ptolemy/domains/de/test/auto/ResetTransitionWithStartTime3.xml
----------------- Instantiating /home/travis/build/icyphy/ptII/ptolemy/domains/de/test/auto/ResetTransitionWithStartTime3.xml
4 ms. Memory: 175104K Free: 109742K (63%)
----------------- Invoking toplevel() on ptolemy.moml.MoMLSimpleApplication@695f6010
----------------- Done invoking toplevel() on ptolemy.moml.MoMLSimpleApplication@695f6010
reloadAllAccessors: .ResetTransitionWithStartTime3

===========================================================================================
----------------- testing Sun Dec 08 06:23:20 UTC 2019 /home/travis/build/icyphy/ptII/ptolemy/domains/de/test/auto/ResetTransitionWithStartTime4.xml
----------------- Instantiating /home/travis/build/icyphy/ptII/ptolemy/domains/de/test/auto/ResetTransitionWithStartTime4.xml
5 ms. Memory: 175104K Free: 102054K (58%)
----------------- Invoking toplevel() on ptolemy.moml.MoMLSimpleApplication@36c86daf
----------------- Done invoking toplevel() on ptolemy.moml.MoMLSimpleApplication@36c86daf
reloadAllAccessors: .ResetTransitionWithStartTime4

===========================================================================================
----------------- testing Sun Dec 08 06:23:20 UTC 2019 /home/travis/build/icyphy/ptII/ptolemy/domains/de/test/auto/ResettableTimer1.xml
----------------- Instantiating /home/travis/build/icyphy/ptII/ptolemy/domains/de/test/auto/ResettableTimer1.xml
2 ms. Memory: 175104K Free: 97934K (56%)
----------------- Invoking toplevel() on ptolemy.moml.MoMLSimpleApplication@3916b020
----------------- Done invoking toplevel() on ptolemy.moml.MoMLSimpleApplication@3916b020
reloadAllAccessors: .ResettableTimer1

===========================================================================================
----------------- testing Sun Dec 08 06:23:20 UTC 2019 /home/travis/build/icyphy/ptII/ptolemy/domains/de/test/auto/ResettableTimer2.xml
----------------- Instantiating /home/travis/build/icyphy/ptII/ptolemy/domains/de/test/auto/ResettableTimer2.xml
1 ms. Memory: 175104K Free: 93854K (54%)
----------------- Invoking toplevel() on ptolemy.moml.MoMLSimpleApplication@6835c4ec
----------------- Done invoking toplevel() on ptolemy.moml.MoMLSimpleApplication@6835c4ec
reloadAllAccessors: .ResettableTimer2

===========================================================================================
----------------- testing Sun Dec 08 06:23:20 UTC 2019 /home/travis/build/icyphy/ptII/ptolemy/domains/de/test/auto/ResettableTimer3.xml
----------------- Instantiating /home/travis/build/icyphy/ptII/ptolemy/domains/de/test/auto/ResettableTimer3.xml
1 ms. Memory: 175104K Free: 89772K (51%)
----------------- Invoking toplevel() on ptolemy.moml.MoMLSimpleApplication@7dc7bbe4
----------------- Done invoking toplevel() on ptolemy.moml.MoMLSimpleApplication@7dc7bbe4
reloadAllAccessors: .ResettableTimer3

===========================================================================================
----------------- testing Sun Dec 08 06:23:20 UTC 2019 /home/travis/build/icyphy/ptII/ptolemy/domains/de/test/auto/ResettableTimer4.xml
----------------- Instantiating /home/travis/build/icyphy/ptII/ptolemy/domains/de/test/auto/ResettableTimer4.xml
1 ms. Memory: 175104K Free: 85676K (49%)
----------------- Invoking toplevel() on ptolemy.moml.MoMLSimpleApplication@5cd3a57a
----------------- Done invoking toplevel() on ptolemy.moml.MoMLSimpleApplication@5cd3a57a
reloadAllAccessors: .ResettableTimer4

===========================================================================================
----------------- testing Sun Dec 08 06:23:20 UTC 2019 /home/travis/build/icyphy/ptII/ptolemy/domains/de/test/auto/ResettableTimer5.xml
----------------- Instantiating /home/travis/build/icyphy/ptII/ptolemy/domains/de/test/auto/ResettableTimer5.xml
2 ms. Memory: 175104K Free: 81070K (46%)
----------------- Invoking toplevel() on ptolemy.moml.MoMLSimpleApplication@2a69f092
----------------- Done invoking toplevel() on ptolemy.moml.MoMLSimpleApplication@2a69f092
reloadAllAccessors: .ResettableTimer5

===========================================================================================
----------------- testing Sun Dec 08 06:23:20 UTC 2019 /home/travis/build/icyphy/ptII/ptolemy/domains/de/test/auto/ResettableTimer6.xml
----------------- Instantiating /home/travis/build/icyphy/ptII/ptolemy/domains/de/test/auto/ResettableTimer6.xml
7 ms. Memory: 175104K Free: 76460K (44%)
----------------- Invoking toplevel() on ptolemy.moml.MoMLSimpleApplication@197102da
----------------- Done invoking toplevel() on ptolemy.moml.MoMLSimpleApplication@197102da
reloadAllAccessors: .ResettableTimer6

===========================================================================================
----------------- testing Sun Dec 08 06:23:20 UTC 2019 /home/travis/build/icyphy/ptII/ptolemy/domains/de/test/auto/ServerZeroDelay.xml
----------------- Instantiating /home/travis/build/icyphy/ptII/ptolemy/domains/de/test/auto/ServerZeroDelay.xml
2 ms. Memory: 175104K Free: 72334K (41%)
----------------- Invoking toplevel() on ptolemy.moml.MoMLSimpleApplication@4f96676d
----------------- Done invoking toplevel() on ptolemy.moml.MoMLSimpleApplication@4f96676d
reloadAllAccessors: .ServerZeroDelay

===========================================================================================
----------------- testing Sun Dec 08 06:23:20 UTC 2019 /home/travis/build/icyphy/ptII/ptolemy/domains/de/test/auto/SmartSender.xml
----------------- Instantiating /home/travis/build/icyphy/ptII/ptolemy/domains/de/test/auto/SmartSender.xml
3002 ms. Memory: 175104K Free: 68268K (39%)
----------------- Invoking toplevel() on ptolemy.moml.MoMLSimpleApplication@2a3e9873
----------------- Done invoking toplevel() on ptolemy.moml.MoMLSimpleApplication@2a3e9873
reloadAllAccessors: .SmartSender

===========================================================================================
----------------- testing Sun Dec 08 06:23:23 UTC 2019 /home/travis/build/icyphy/ptII/ptolemy/domains/de/test/auto/ThreadedComposite.xml
----------------- Instantiating /home/travis/build/icyphy/ptII/ptolemy/domains/de/test/auto/ThreadedComposite.xml
113 ms. Memory: 175104K Free: 147960K (84%)
----------------- Invoking toplevel() on ptolemy.moml.MoMLSimpleApplication@332f592f
----------------- Done invoking toplevel() on ptolemy.moml.MoMLSimpleApplication@332f592f
reloadAllAccessors: .ThreadedComposite

===========================================================================================
----------------- testing Sun Dec 08 06:23:23 UTC 2019 /home/travis/build/icyphy/ptII/ptolemy/domains/de/test/auto/Time.xml
----------------- Instantiating /home/travis/build/icyphy/ptII/ptolemy/domains/de/test/auto/Time.xml
472 ms. Memory: 175104K Free: 94712K (54%)
----------------- Invoking toplevel() on ptolemy.moml.MoMLSimpleApplication@74088fe8
----------------- Done invoking toplevel() on ptolemy.moml.MoMLSimpleApplication@74088fe8
reloadAllAccessors: .Time

===========================================================================================
----------------- testing Sun Dec 08 06:23:23 UTC 2019 /home/travis/build/icyphy/ptII/ptolemy/domains/de/test/auto/TimeDelayZeroDelay.xml
----------------- Instantiating /home/travis/build/icyphy/ptII/ptolemy/domains/de/test/auto/TimeDelayZeroDelay.xml
2 ms. Memory: 175104K Free: 90616K (52%)
----------------- Invoking toplevel() on ptolemy.moml.MoMLSimpleApplication@7c242003
----------------- Done invoking toplevel() on ptolemy.moml.MoMLSimpleApplication@7c242003
reloadAllAccessors: .TimeDelayZeroDelay

===========================================================================================
----------------- testing Sun Dec 08 06:23:23 UTC 2019 /home/travis/build/icyphy/ptII/ptolemy/domains/de/test/auto/TimerZeroDelay.xml
----------------- Instantiating /home/travis/build/icyphy/ptII/ptolemy/domains/de/test/auto/TimerZeroDelay.xml
2 ms. Memory: 175104K Free: 86490K (49%)
----------------- Invoking toplevel() on ptolemy.moml.MoMLSimpleApplication@7a33a283
----------------- Done invoking toplevel() on ptolemy.moml.MoMLSimpleApplication@7a33a283
reloadAllAccessors: .TimerZeroDelay

===========================================================================================
----------------- testing Sun Dec 08 06:23:24 UTC 2019 /home/travis/build/icyphy/ptII/ptolemy/domains/de/test/auto/TimingParadox.xml
----------------- Instantiating /home/travis/build/icyphy/ptII/ptolemy/domains/de/test/auto/TimingParadox.xml
313 ms. Memory: 175104K Free: 121525K (69%)
----------------- Invoking toplevel() on ptolemy.moml.MoMLSimpleApplication@23be0e83
----------------- Done invoking toplevel() on ptolemy.moml.MoMLSimpleApplication@23be0e83
reloadAllAccessors: .TimingParadox

===========================================================================================
----------------- testing Sun Dec 08 06:23:24 UTC 2019 /home/travis/build/icyphy/ptII/ptolemy/domains/de/test/auto/TransferInputs.xml
----------------- Instantiating /home/travis/build/icyphy/ptII/ptolemy/domains/de/test/auto/TransferInputs.xml
2 ms. Memory: 175104K Free: 116919K (67%)
----------------- Invoking toplevel() on ptolemy.moml.MoMLSimpleApplication@63599439
----------------- Done invoking toplevel() on ptolemy.moml.MoMLSimpleApplication@63599439
reloadAllAccessors: .TransferInputs

===========================================================================================
----------------- testing Sun Dec 08 06:23:24 UTC 2019 /home/travis/build/icyphy/ptII/ptolemy/domains/de/test/auto/TransferOutputs2.xml
----------------- Instantiating /home/travis/build/icyphy/ptII/ptolemy/domains/de/test/auto/TransferOutputs2.xml
2 ms. Memory: 175104K Free: 108727K (62%)
----------------- Invoking toplevel() on ptolemy.moml.MoMLSimpleApplication@45c0430e
----------------- Done invoking toplevel() on ptolemy.moml.MoMLSimpleApplication@45c0430e
reloadAllAccessors: .TransferOutputs2

===========================================================================================
----------------- testing Sun Dec 08 06:23:24 UTC 2019 /home/travis/build/icyphy/ptII/ptolemy/domains/de/test/auto/Trilateration.xml
----------------- Instantiating /home/travis/build/icyphy/ptII/ptolemy/domains/de/test/auto/Trilateration.xml
11720 ms. Memory: 436224K Free: 400011K (92%)
----------------- Invoking toplevel() on ptolemy.moml.MoMLSimpleApplication@2730a4c2
----------------- Done invoking toplevel() on ptolemy.moml.MoMLSimpleApplication@2730a4c2
reloadAllAccessors: .Trilateration

===========================================================================================
----------------- testing Sun Dec 08 06:23:36 UTC 2019 /home/travis/build/icyphy/ptII/ptolemy/domains/de/test/auto/TwoSigmaDelta.xml
----------------- Instantiating /home/travis/build/icyphy/ptII/ptolemy/domains/de/test/auto/TwoSigmaDelta.xml
1939 ms. Memory: 436224K Free: 199321K (46%)
----------------- Invoking toplevel() on ptolemy.moml.MoMLSimpleApplication@58858689
----------------- Done invoking toplevel() on ptolemy.moml.MoMLSimpleApplication@58858689
reloadAllAccessors: .TwoSigmaDelta

===========================================================================================
----------------- testing Sun Dec 08 06:23:38 UTC 2019 /home/travis/build/icyphy/ptII/ptolemy/domains/de/test/auto/VariableDelay.xml
----------------- Instantiating /home/travis/build/icyphy/ptII/ptolemy/domains/de/test/auto/VariableDelay.xml
2 ms. Memory: 436224K Free: 194715K (45%)
----------------- Invoking toplevel() on ptolemy.moml.MoMLSimpleApplication@5d81cf6
----------------- Done invoking toplevel() on ptolemy.moml.MoMLSimpleApplication@5d81cf6
reloadAllAccessors: .VariableDelay

===========================================================================================
----------------- testing Sun Dec 08 06:23:38 UTC 2019 /home/travis/build/icyphy/ptII/ptolemy/domains/de/test/auto/VariableDelay2.xml
----------------- Instantiating /home/travis/build/icyphy/ptII/ptolemy/domains/de/test/auto/VariableDelay2.xml
1 ms. Memory: 436224K Free: 190091K (44%)
----------------- Invoking toplevel() on ptolemy.moml.MoMLSimpleApplication@66caabe6
----------------- Done invoking toplevel() on ptolemy.moml.MoMLSimpleApplication@66caabe6
reloadAllAccessors: .VariableDelay2

===========================================================================================
----------------- testing Sun Dec 08 06:23:38 UTC 2019 /home/travis/build/icyphy/ptII/ptolemy/domains/de/test/auto/VariableDelayZeroDelay.xml
----------------- Instantiating /home/travis/build/icyphy/ptII/ptolemy/domains/de/test/auto/VariableDelayZeroDelay.xml
2 ms. Memory: 436224K Free: 186009K (43%)
----------------- Invoking toplevel() on ptolemy.moml.MoMLSimpleApplication@6f959fc7
----------------- Done invoking toplevel() on ptolemy.moml.MoMLSimpleApplication@6f959fc7
reloadAllAccessors: .VariableDelayZeroDelay

===========================================================================================
----------------- testing Sun Dec 08 06:23:38 UTC 2019 /home/travis/build/icyphy/ptII/ptolemy/domains/de/test/auto/VariableDelayZeroDelay2.xml
----------------- Instantiating /home/travis/build/icyphy/ptII/ptolemy/domains/de/test/auto/VariableDelayZeroDelay2.xml
2 ms. Memory: 436224K Free: 181913K (42%)
----------------- Invoking toplevel() on ptolemy.moml.MoMLSimpleApplication@7a66e8c7
----------------- Done invoking toplevel() on ptolemy.moml.MoMLSimpleApplication@7a66e8c7
reloadAllAccessors: .VariableDelayZeroDelay2

===========================================================================================
----------------- testing Sun Dec 08 06:23:38 UTC 2019 /home/travis/build/icyphy/ptII/ptolemy/domains/de/test/auto/deInCt.xml
----------------- Instantiating /home/travis/build/icyphy/ptII/ptolemy/domains/de/test/auto/deInCt.xml
0
1
1
1
0
0
1
1
1
0
0
0
0
1
1
1
1
0
0
0
1
1
1
1
1
0
0
0
1
1
1
0
0
0
0
0
8 ms. Memory: 436224K Free: 176793K (41%)
----------------- Invoking toplevel() on ptolemy.moml.MoMLSimpleApplication@4a8eccfe
----------------- Done invoking toplevel() on ptolemy.moml.MoMLSimpleApplication@4a8eccfe
reloadAllAccessors: .deInCt

===========================================================================================
----------------- testing Sun Dec 08 06:23:38 UTC 2019 /home/travis/build/icyphy/ptII/ptolemy/domains/de/test/auto/deInCt2.xml
----------------- Instantiating /home/travis/build/icyphy/ptII/ptolemy/domains/de/test/auto/deInCt2.xml
0
1
1
1
0
0
1
1
1
0
0
1
1
1
0
0
1
1
1
0
0
1
1
1
0
0
1
1
1
0
0
1
1
1
0
0
1
1
1
0
0
0
3 ms. Memory: 436224K Free: 171163K (39%)
----------------- Invoking toplevel() on ptolemy.moml.MoMLSimpleApplication@53c879b
----------------- Done invoking toplevel() on ptolemy.moml.MoMLSimpleApplication@53c879b
reloadAllAccessors: .deInCt2

===========================================================================================
----------------- testing Sun Dec 08 06:23:38 UTC 2019 /home/travis/build/icyphy/ptII/ptolemy/domains/de/test/auto/dynamicCausalityInterface1.xml
----------------- Instantiating /home/travis/build/icyphy/ptII/ptolemy/domains/de/test/auto/dynamicCausalityInterface1.xml
1 ms. Memory: 436224K Free: 161947K (37%)
----------------- Invoking toplevel() on ptolemy.moml.MoMLSimpleApplication@5482389d
----------------- Done invoking toplevel() on ptolemy.moml.MoMLSimpleApplication@5482389d
reloadAllAccessors: .dynamicCausalityInterface1

===========================================================================================
----------------- testing Sun Dec 08 06:23:38 UTC 2019 /home/travis/build/icyphy/ptII/ptolemy/domains/de/test/auto/fsm_de_test.xml
----------------- Instantiating /home/travis/build/icyphy/ptII/ptolemy/domains/de/test/auto/fsm_de_test.xml
4 ms. Memory: 436224K Free: 152731K (35%)
----------------- Invoking toplevel() on ptolemy.moml.MoMLSimpleApplication@3d633045
----------------- Done invoking toplevel() on ptolemy.moml.MoMLSimpleApplication@3d633045
reloadAllAccessors: .fsm_de_test

===========================================================================================
----------------- testing Sun Dec 08 06:23:38 UTC 2019 /home/travis/build/icyphy/ptII/ptolemy/domains/de/test/auto/functionDependencyReconstruction.xml
----------------- Instantiating /home/travis/build/icyphy/ptII/ptolemy/domains/de/test/auto/functionDependencyReconstruction.xml
3 ms. Memory: 436224K Free: 395572K (91%)
----------------- Invoking toplevel() on ptolemy.moml.MoMLSimpleApplication@c734457
----------------- Done invoking toplevel() on ptolemy.moml.MoMLSimpleApplication@c734457
reloadAllAccessors: .functionDependencyReconstruction

===========================================================================================
----------------- testing Sun Dec 08 06:23:39 UTC 2019 /home/travis/build/icyphy/ptII/ptolemy/domains/de/test/auto/multirate.xml
----------------- Instantiating /home/travis/build/icyphy/ptII/ptolemy/domains/de/test/auto/multirate.xml
3 ms. Memory: 436224K Free: 388948K (89%)
----------------- Invoking toplevel() on ptolemy.moml.MoMLSimpleApplication@2aecb5ac
----------------- Done invoking toplevel() on ptolemy.moml.MoMLSimpleApplication@2aecb5ac
reloadAllAccessors: .multirate

===========================================================================================
----------------- testing Sun Dec 08 06:23:39 UTC 2019 /home/travis/build/icyphy/ptII/ptolemy/domains/de/test/auto/multirate2.xml
----------------- Instantiating /home/travis/build/icyphy/ptII/ptolemy/domains/de/test/auto/multirate2.xml
2 ms. Memory: 436224K Free: 382276K (88%)
----------------- Invoking toplevel() on ptolemy.moml.MoMLSimpleApplication@72b0b5f4
----------------- Done invoking toplevel() on ptolemy.moml.MoMLSimpleApplication@72b0b5f4
reloadAllAccessors: .multirate2

===========================================================================================
----------------- testing Sun Dec 08 06:23:39 UTC 2019 /home/travis/build/icyphy/ptII/ptolemy/domains/de/test/auto/realtime.xml
----------------- Instantiating /home/travis/build/icyphy/ptII/ptolemy/domains/de/test/auto/realtime.xml
10001 ms. Memory: 436224K Free: 377684K (87%)
----------------- Invoking toplevel() on ptolemy.moml.MoMLSimpleApplication@46632945
----------------- Done invoking toplevel() on ptolemy.moml.MoMLSimpleApplication@46632945
reloadAllAccessors: .realtime

===========================================================================================
----------------- testing Sun Dec 08 06:23:49 UTC 2019 /home/travis/build/icyphy/ptII/ptolemy/domains/de/test/auto/relationGroup.xml
----------------- Instantiating /home/travis/build/icyphy/ptII/ptolemy/domains/de/test/auto/relationGroup.xml
3 ms. Memory: 436224K Free: 374098K (86%)
----------------- Invoking toplevel() on ptolemy.moml.MoMLSimpleApplication@76fbf295
----------------- Done invoking toplevel() on ptolemy.moml.MoMLSimpleApplication@76fbf295
reloadAllAccessors: .relationGroup

===========================================================================================
----------------- testing Sun Dec 08 06:23:49 UTC 2019 /home/travis/build/icyphy/ptII/ptolemy/domains/de/test/auto/relationGroup2.xml
----------------- Instantiating /home/travis/build/icyphy/ptII/ptolemy/domains/de/test/auto/relationGroup2.xml
1 ms. Memory: 436224K Free: 370516K (85%)
----------------- Invoking toplevel() on ptolemy.moml.MoMLSimpleApplication@490ca8ce
----------------- Done invoking toplevel() on ptolemy.moml.MoMLSimpleApplication@490ca8ce
reloadAllAccessors: .relationGroup2

===========================================================================================
----------------- testing Sun Dec 08 06:23:49 UTC 2019 /home/travis/build/icyphy/ptII/ptolemy/domains/de/test/auto/sortWithOpaquePorts.xml
----------------- Instantiating /home/travis/build/icyphy/ptII/ptolemy/domains/de/test/auto/sortWithOpaquePorts.xml
1 ms. Memory: 436224K Free: 365876K (84%)
----------------- Invoking toplevel() on ptolemy.moml.MoMLSimpleApplication@4af2542d
----------------- Done invoking toplevel() on ptolemy.moml.MoMLSimpleApplication@4af2542d
reloadAllAccessors: .sortWithOpaquePorts

===========================================================================================
----------------- testing Sun Dec 08 06:23:49 UTC 2019 /home/travis/build/icyphy/ptII/ptolemy/domains/de/test/auto/transferInputsandOutputs.xml
----------------- Instantiating /home/travis/build/icyphy/ptII/ptolemy/domains/de/test/auto/transferInputsandOutputs.xml
2 ms. Memory: 436224K Free: 358738K (82%)
----------------- Invoking toplevel() on ptolemy.moml.MoMLSimpleApplication@68c7d84d
----------------- Done invoking toplevel() on ptolemy.moml.MoMLSimpleApplication@68c7d84d
reloadAllAccessors: .transferInputsandOutputs

===========================================================================================
----------------- testing Sun Dec 08 06:23:49 UTC 2019 /home/travis/build/icyphy/ptII/ptolemy/domains/de/test/auto/triggerType.xml
----------------- Instantiating /home/travis/build/icyphy/ptII/ptolemy/domains/de/test/auto/triggerType.xml
2 ms. Memory: 436224K Free: 354612K (81%)
----------------- Invoking toplevel() on ptolemy.moml.MoMLSimpleApplication@204f08c1
----------------- Done invoking toplevel() on ptolemy.moml.MoMLSimpleApplication@204f08c1
reloadAllAccessors: .triggerType
AutoTests.java: About to close Vertx.
AutoTests.java: Vertx closed.
]]></system-out>
  <system-err><![CDATA[java.lang.RuntimeException: Execution failed
	at ptolemy.moml.MoMLSimpleApplication$UnloadThread.run(MoMLSimpleApplication.java:402)
Caused by: ptolemy.kernel.util.IllegalActionException: Found a zero delay loop containing .dependencyLoop.original
  in .dependencyLoop and .dependencyLoop.original
	at ptolemy.actor.util.CausalityInterfaceForComposites._computeOutputPortDepth(CausalityInterfaceForComposites.java:759)
	at ptolemy.actor.util.CausalityInterfaceForComposites._computeInputDepth(CausalityInterfaceForComposites.java:696)
	at ptolemy.actor.util.CausalityInterfaceForComposites._computeOutputPortDepth(CausalityInterfaceForComposites.java:765)
	at ptolemy.actor.util.CausalityInterfaceForComposites._computeInputDepth(CausalityInterfaceForComposites.java:696)
	at ptolemy.actor.util.CausalityInterfaceForComposites._computeOutputPortDepth(CausalityInterfaceForComposites.java:765)
	at ptolemy.actor.util.CausalityInterfaceForComposites._computeInputDepth(CausalityInterfaceForComposites.java:696)
	at ptolemy.actor.util.CausalityInterfaceForComposites._computeActorDepth(CausalityInterfaceForComposites.java:532)
	at ptolemy.actor.util.CausalityInterfaceForComposites.checkForCycles(CausalityInterfaceForComposites.java:96)
	at ptolemy.domains.de.kernel.DEDirector.preinitialize(DEDirector.java:1338)
	at ptolemy.actor.CompositeActor.preinitialize(CompositeActor.java:1828)
	at ptolemy.actor.Manager.preinitializeAndResolveTypes(Manager.java:1040)
	at ptolemy.actor.Manager.initialize(Manager.java:710)
	at ptolemy.actor.Manager.execute(Manager.java:356)
	at ptolemy.actor.Manager.run(Manager.java:1263)
	at ptolemy.actor.Manager$PtolemyRunThread.run(Manager.java:1933)
java.lang.RuntimeException: Execution failed
	at ptolemy.moml.MoMLSimpleApplication$UnloadThread.run(MoMLSimpleApplication.java:402)
Caused by: ptolemy.kernel.util.IllegalActionException: Found a zero delay loop containing .dependencyLoop2.original
  in .dependencyLoop2 and .dependencyLoop2.original
	at ptolemy.actor.util.CausalityInterfaceForComposites._computeOutputPortDepth(CausalityInterfaceForComposites.java:759)
	at ptolemy.actor.util.CausalityInterfaceForComposites._computeInputDepth(CausalityInterfaceForComposites.java:696)
	at ptolemy.actor.util.CausalityInterfaceForComposites._computeOutputPortDepth(CausalityInterfaceForComposites.java:765)
	at ptolemy.actor.util.CausalityInterfaceForComposites._computeInputDepth(CausalityInterfaceForComposites.java:696)
	at ptolemy.actor.util.CausalityInterfaceForComposites._computeOutputPortDepth(CausalityInterfaceForComposites.java:765)
	at ptolemy.actor.util.CausalityInterfaceForComposites._computeInputDepth(CausalityInterfaceForComposites.java:696)
	at ptolemy.actor.util.CausalityInterfaceForComposites._computeActorDepth(CausalityInterfaceForComposites.java:532)
	at ptolemy.actor.util.CausalityInterfaceForComposites.checkForCycles(CausalityInterfaceForComposites.java:96)
	at ptolemy.domains.de.kernel.DEDirector.preinitialize(DEDirector.java:1338)
	at ptolemy.actor.CompositeActor.preinitialize(CompositeActor.java:1828)
	at ptolemy.actor.Manager.preinitializeAndResolveTypes(Manager.java:1040)
	at ptolemy.actor.Manager.initialize(Manager.java:710)
	at ptolemy.actor.Manager.execute(Manager.java:356)
	at ptolemy.actor.Manager.run(Manager.java:1263)
	at ptolemy.actor.Manager$PtolemyRunThread.run(Manager.java:1933)
java.lang.RuntimeException: Execution failed
	at ptolemy.moml.MoMLSimpleApplication$UnloadThread.run(MoMLSimpleApplication.java:402)
Caused by: ptolemy.kernel.util.IllegalActionException: Test fails in iteration 1.
Value was: 1.0. Should have been: 2.0
  in .DirectFeedback.Test
	at ptolemy.actor.lib.Test.fire(Test.java:268)
	at ptolemy.domains.de.kernel.DEDirector._fire(DEDirector.java:1949)
	at ptolemy.domains.de.kernel.DEDirector.fire(DEDirector.java:502)
	at ptolemy.actor.CompositeActor.fire(CompositeActor.java:455)
	at ptolemy.actor.Manager.iterate(Manager.java:851)
	at ptolemy.actor.Manager.execute(Manager.java:369)
	at ptolemy.actor.Manager.run(Manager.java:1263)
	at ptolemy.actor.Manager$PtolemyRunThread.run(Manager.java:1933)
java.lang.RuntimeException: Execution failed
	at ptolemy.moml.MoMLSimpleApplication$UnloadThread.run(MoMLSimpleApplication.java:402)
Caused by: ptolemy.kernel.util.IllegalActionException: Found a zero delay loop containing .dependencyLoop.original
  in .dependencyLoop and .dependencyLoop.original
	at ptolemy.actor.util.CausalityInterfaceForComposites._computeOutputPortDepth(CausalityInterfaceForComposites.java:759)
	at ptolemy.actor.util.CausalityInterfaceForComposites._computeInputDepth(CausalityInterfaceForComposites.java:696)
	at ptolemy.actor.util.CausalityInterfaceForComposites._computeOutputPortDepth(CausalityInterfaceForComposites.java:765)
	at ptolemy.actor.util.CausalityInterfaceForComposites._computeInputDepth(CausalityInterfaceForComposites.java:696)
	at ptolemy.actor.util.CausalityInterfaceForComposites._computeOutputPortDepth(CausalityInterfaceForComposites.java:765)
	at ptolemy.actor.util.CausalityInterfaceForComposites._computeInputDepth(CausalityInterfaceForComposites.java:696)
	at ptolemy.actor.util.CausalityInterfaceForComposites._computeActorDepth(CausalityInterfaceForComposites.java:532)
	at ptolemy.actor.util.CausalityInterfaceForComposites.checkForCycles(CausalityInterfaceForComposites.java:96)
	at ptolemy.domains.de.kernel.DEDirector.preinitialize(DEDirector.java:1338)
	at ptolemy.actor.CompositeActor.preinitialize(CompositeActor.java:1828)
	at ptolemy.actor.Manager.preinitializeAndResolveTypes(Manager.java:1040)
	at ptolemy.actor.Manager.initialize(Manager.java:710)
	at ptolemy.actor.Manager.execute(Manager.java:356)
	at ptolemy.actor.Manager.run(Manager.java:1263)
	at ptolemy.actor.Manager$PtolemyRunThread.run(Manager.java:1933)
java.lang.RuntimeException: Execution failed
	at ptolemy.moml.MoMLSimpleApplication$UnloadThread.run(MoMLSimpleApplication.java:402)
Caused by: ptolemy.kernel.util.IllegalActionException: Found a zero delay loop containing .HierarchicalModel.A
  in .HierarchicalModel and .HierarchicalModel.A
	at ptolemy.actor.util.CausalityInterfaceForComposites._computeOutputPortDepth(CausalityInterfaceForComposites.java:759)
	at ptolemy.actor.util.CausalityInterfaceForComposites._computeInputDepth(CausalityInterfaceForComposites.java:696)
	at ptolemy.actor.util.CausalityInterfaceForComposites._computeOutputPortDepth(CausalityInterfaceForComposites.java:765)
	at ptolemy.actor.util.CausalityInterfaceForComposites._computeInputDepth(CausalityInterfaceForComposites.java:696)
	at ptolemy.actor.util.CausalityInterfaceForComposites._computeOutputPortDepth(CausalityInterfaceForComposites.java:765)
	at ptolemy.actor.util.CausalityInterfaceForComposites._computeInputDepth(CausalityInterfaceForComposites.java:696)
	at ptolemy.actor.util.CausalityInterfaceForComposites._computeActorDepth(CausalityInterfaceForComposites.java:532)
	at ptolemy.actor.util.CausalityInterfaceForComposites.checkForCycles(CausalityInterfaceForComposites.java:96)
	at ptolemy.domains.de.kernel.DEDirector.preinitialize(DEDirector.java:1338)
	at ptolemy.actor.CompositeActor.preinitialize(CompositeActor.java:1828)
	at ptolemy.actor.Manager.preinitializeAndResolveTypes(Manager.java:1040)
	at ptolemy.actor.Manager.initialize(Manager.java:710)
	at ptolemy.actor.Manager.execute(Manager.java:356)
	at ptolemy.actor.Manager.run(Manager.java:1263)
	at ptolemy.actor.Manager$PtolemyRunThread.run(Manager.java:1933)
java.lang.RuntimeException: Execution failed
	at ptolemy.moml.MoMLSimpleApplication$UnloadThread.run(MoMLSimpleApplication.java:402)
Caused by: ptolemy.kernel.util.IllegalActionException: Found a zero delay loop containing .dependencyLoop2.original
  in .dependencyLoop2 and .dependencyLoop2.original
	at ptolemy.actor.util.CausalityInterfaceForComposites._computeOutputPortDepth(CausalityInterfaceForComposites.java:759)
	at ptolemy.actor.util.CausalityInterfaceForComposites._computeInputDepth(CausalityInterfaceForComposites.java:696)
	at ptolemy.actor.util.CausalityInterfaceForComposites._computeOutputPortDepth(CausalityInterfaceForComposites.java:765)
	at ptolemy.actor.util.CausalityInterfaceForComposites._computeInputDepth(CausalityInterfaceForComposites.java:696)
	at ptolemy.actor.util.CausalityInterfaceForComposites._computeOutputPortDepth(CausalityInterfaceForComposites.java:765)
	at ptolemy.actor.util.CausalityInterfaceForComposites._computeInputDepth(CausalityInterfaceForComposites.java:696)
	at ptolemy.actor.util.CausalityInterfaceForComposites._computeActorDepth(CausalityInterfaceForComposites.java:532)
	at ptolemy.actor.util.CausalityInterfaceForComposites.checkForCycles(CausalityInterfaceForComposites.java:96)
	at ptolemy.domains.de.kernel.DEDirector.preinitialize(DEDirector.java:1338)
	at ptolemy.actor.CompositeActor.preinitialize(CompositeActor.java:1828)
	at ptolemy.actor.Manager.preinitializeAndResolveTypes(Manager.java:1040)
	at ptolemy.actor.Manager.initialize(Manager.java:710)
	at ptolemy.actor.Manager.execute(Manager.java:356)
	at ptolemy.actor.Manager.run(Manager.java:1263)
	at ptolemy.actor.Manager$PtolemyRunThread.run(Manager.java:1933)
java.lang.RuntimeException: Execution failed
	at ptolemy.moml.MoMLSimpleApplication$UnloadThread.run(MoMLSimpleApplication.java:402)
Caused by: ptolemy.kernel.util.IllegalActionException: Actor is not ready to fire.  Perhaps UpSample.prefire() returned false? Try debugging the actor by selecting "Listen to Actor".  Also, for SDF check moml for tokenConsumptionRate on input.
  in .DESDFClockTest.Play Bell.Copy1:SDF Director and .DESDFClockTest.Play Bell.UpSample
	at ptolemy.actor.sched.StaticSchedulingDirector.fire(StaticSchedulingDirector.java:227)
	at ptolemy.domains.sdf.kernel.SDFDirector.fire(SDFDirector.java:500)
	at ptolemy.actor.CompositeActor.fire(CompositeActor.java:455)
	at ptolemy.domains.de.kernel.DEDirector._fire(DEDirector.java:1949)
	at ptolemy.domains.de.kernel.DEDirector.fire(DEDirector.java:502)
	at ptolemy.actor.CompositeActor.fire(CompositeActor.java:455)
	at ptolemy.actor.Manager.iterate(Manager.java:851)
	at ptolemy.actor.Manager.execute(Manager.java:369)
	at ptolemy.actor.Manager.run(Manager.java:1263)
	at ptolemy.actor.Manager$PtolemyRunThread.run(Manager.java:1933)
java.lang.RuntimeException: Execution failed
	at ptolemy.moml.MoMLSimpleApplication$UnloadThread.run(MoMLSimpleApplication.java:402)
Caused by: ptolemy.kernel.util.IllegalActionException: Actor is not ready to fire.  Perhaps UpSample.prefire() returned false? Try debugging the actor by selecting "Listen to Actor".  Also, for SDF check moml for tokenConsumptionRate on input.
  in .DESDFClockTest.Play Bell.Copy1:SDF Director and .DESDFClockTest.Play Bell.UpSample
	at ptolemy.actor.sched.StaticSchedulingDirector.fire(StaticSchedulingDirector.java:227)
	at ptolemy.domains.sdf.kernel.SDFDirector.fire(SDFDirector.java:500)
	at ptolemy.actor.CompositeActor.fire(CompositeActor.java:455)
	at ptolemy.domains.de.kernel.DEDirector._fire(DEDirector.java:1949)
	at ptolemy.domains.de.kernel.DEDirector.fire(DEDirector.java:502)
	at ptolemy.actor.CompositeActor.fire(CompositeActor.java:455)
	at ptolemy.actor.Manager.iterate(Manager.java:851)
	at ptolemy.actor.Manager.execute(Manager.java:369)
	at ptolemy.actor.Manager.run(Manager.java:1263)
	at ptolemy.actor.Manager$PtolemyRunThread.run(Manager.java:1933)
java.lang.reflect.InvocationTargetException
	at java.base/jdk.internal.reflect.NativeConstructorAccessorImpl.newInstance0(Native Method)
	at java.base/jdk.internal.reflect.NativeConstructorAccessorImpl.newInstance(NativeConstructorAccessorImpl.java:62)
	at java.base/jdk.internal.reflect.DelegatingConstructorAccessorImpl.newInstance(DelegatingConstructorAccessorImpl.java:45)
	at java.base/java.lang.reflect.Constructor.newInstance(Constructor.java:490)
	at ptolemy.util.test.junit.AutoKnownFailedTests.RunModel(AutoKnownFailedTests.java:105)
	at java.base/jdk.internal.reflect.NativeMethodAccessorImpl.invoke0(Native Method)
	at java.base/jdk.internal.reflect.NativeMethodAccessorImpl.invoke(NativeMethodAccessorImpl.java:62)
	at java.base/jdk.internal.reflect.DelegatingMethodAccessorImpl.invoke(DelegatingMethodAccessorImpl.java:43)
	at java.base/java.lang.reflect.Method.invoke(Method.java:566)
	at org.junit.runners.model.FrameworkMethod$1.runReflectiveCall(FrameworkMethod.java:44)
	at org.junit.internal.runners.model.ReflectiveCallable.run(ReflectiveCallable.java:15)
	at org.junit.runners.model.FrameworkMethod.invokeExplosively(FrameworkMethod.java:41)
	at junitparams.internal.InvokeParameterisedMethod.evaluate(InvokeParameterisedMethod.java:102)
	at org.junit.internal.runners.statements.FailOnTimeout$1.run(FailOnTimeout.java:28)
Caused by: ptolemy.kernel.util.IllegalActionException: Actor is not ready to fire.  Perhaps UpSample.prefire() returned false? Try debugging the actor by selecting "Listen to Actor".  Also, for SDF check moml for tokenConsumptionRate on input.
  in .DESDFClockTest.Play Bell.Copy1:SDF Director and .DESDFClockTest.Play Bell.UpSample
	at ptolemy.actor.sched.StaticSchedulingDirector.fire(StaticSchedulingDirector.java:227)
	at ptolemy.domains.sdf.kernel.SDFDirector.fire(SDFDirector.java:500)
	at ptolemy.actor.CompositeActor.fire(CompositeActor.java:455)
	at ptolemy.domains.de.kernel.DEDirector._fire(DEDirector.java:1949)
	at ptolemy.domains.de.kernel.DEDirector.fire(DEDirector.java:502)
	at ptolemy.actor.CompositeActor.fire(CompositeActor.java:455)
	at ptolemy.actor.Manager.iterate(Manager.java:851)
	at ptolemy.actor.Manager.execute(Manager.java:369)
	at ptolemy.actor.Manager.run(Manager.java:1263)
	at ptolemy.actor.Manager$PtolemyRunThread.run(Manager.java:1933)
java.lang.RuntimeException: Execution failed
	at ptolemy.moml.MoMLSimpleApplication$UnloadThread.run(MoMLSimpleApplication.java:402)
Caused by: ptolemy.kernel.util.IllegalActionException: Test fails in iteration 1.
Value was: 1.0. Should have been: 2.0
  in .DirectFeedback.Test
	at ptolemy.actor.lib.Test.fire(Test.java:268)
	at ptolemy.domains.de.kernel.DEDirector._fire(DEDirector.java:1949)
	at ptolemy.domains.de.kernel.DEDirector.fire(DEDirector.java:502)
	at ptolemy.actor.CompositeActor.fire(CompositeActor.java:455)
	at ptolemy.actor.Manager.iterate(Manager.java:851)
	at ptolemy.actor.Manager.execute(Manager.java:369)
	at ptolemy.actor.Manager.run(Manager.java:1263)
	at ptolemy.actor.Manager$PtolemyRunThread.run(Manager.java:1933)
java.lang.reflect.InvocationTargetException
	at java.base/jdk.internal.reflect.NativeConstructorAccessorImpl.newInstance0(Native Method)
	at java.base/jdk.internal.reflect.NativeConstructorAccessorImpl.newInstance(NativeConstructorAccessorImpl.java:62)
	at java.base/jdk.internal.reflect.DelegatingConstructorAccessorImpl.newInstance(DelegatingConstructorAccessorImpl.java:45)
	at java.base/java.lang.reflect.Constructor.newInstance(Constructor.java:490)
	at ptolemy.util.test.junit.AutoKnownFailedTests.RunModel(AutoKnownFailedTests.java:105)
	at java.base/jdk.internal.reflect.NativeMethodAccessorImpl.invoke0(Native Method)
	at java.base/jdk.internal.reflect.NativeMethodAccessorImpl.invoke(NativeMethodAccessorImpl.java:62)
	at java.base/jdk.internal.reflect.DelegatingMethodAccessorImpl.invoke(DelegatingMethodAccessorImpl.java:43)
	at java.base/java.lang.reflect.Method.invoke(Method.java:566)
	at org.junit.runners.model.FrameworkMethod$1.runReflectiveCall(FrameworkMethod.java:44)
	at org.junit.internal.runners.model.ReflectiveCallable.run(ReflectiveCallable.java:15)
	at org.junit.runners.model.FrameworkMethod.invokeExplosively(FrameworkMethod.java:41)
	at junitparams.internal.InvokeParameterisedMethod.evaluate(InvokeParameterisedMethod.java:102)
	at org.junit.internal.runners.statements.FailOnTimeout$1.run(FailOnTimeout.java:28)
Caused by: ptolemy.kernel.util.IllegalActionException: Test fails in iteration 1.
Value was: 1.0. Should have been: 2.0
  in .DirectFeedback.Test
	at ptolemy.actor.lib.Test.fire(Test.java:268)
	at ptolemy.domains.de.kernel.DEDirector._fire(DEDirector.java:1949)
	at ptolemy.domains.de.kernel.DEDirector.fire(DEDirector.java:502)
	at ptolemy.actor.CompositeActor.fire(CompositeActor.java:455)
	at ptolemy.actor.Manager.iterate(Manager.java:851)
	at ptolemy.actor.Manager.execute(Manager.java:369)
	at ptolemy.actor.Manager.run(Manager.java:1263)
	at ptolemy.actor.Manager$PtolemyRunThread.run(Manager.java:1933)
java.lang.RuntimeException: Execution failed
	at ptolemy.moml.MoMLSimpleApplication$UnloadThread.run(MoMLSimpleApplication.java:402)
Caused by: ptolemy.kernel.util.IllegalActionException: Found a zero delay loop containing .HierarchicalModel.A
  in .HierarchicalModel and .HierarchicalModel.A
	at ptolemy.actor.util.CausalityInterfaceForComposites._computeOutputPortDepth(CausalityInterfaceForComposites.java:759)
	at ptolemy.actor.util.CausalityInterfaceForComposites._computeInputDepth(CausalityInterfaceForComposites.java:696)
	at ptolemy.actor.util.CausalityInterfaceForComposites._computeOutputPortDepth(CausalityInterfaceForComposites.java:765)
	at ptolemy.actor.util.CausalityInterfaceForComposites._computeInputDepth(CausalityInterfaceForComposites.java:696)
	at ptolemy.actor.util.CausalityInterfaceForComposites._computeOutputPortDepth(CausalityInterfaceForComposites.java:765)
	at ptolemy.actor.util.CausalityInterfaceForComposites._computeInputDepth(CausalityInterfaceForComposites.java:696)
	at ptolemy.actor.util.CausalityInterfaceForComposites._computeActorDepth(CausalityInterfaceForComposites.java:532)
	at ptolemy.actor.util.CausalityInterfaceForComposites.checkForCycles(CausalityInterfaceForComposites.java:96)
	at ptolemy.domains.de.kernel.DEDirector.preinitialize(DEDirector.java:1338)
	at ptolemy.actor.CompositeActor.preinitialize(CompositeActor.java:1828)
	at ptolemy.actor.Manager.preinitializeAndResolveTypes(Manager.java:1040)
	at ptolemy.actor.Manager.initialize(Manager.java:710)
	at ptolemy.actor.Manager.execute(Manager.java:356)
	at ptolemy.actor.Manager.run(Manager.java:1263)
	at ptolemy.actor.Manager$PtolemyRunThread.run(Manager.java:1933)
java.lang.reflect.InvocationTargetException
	at java.base/jdk.internal.reflect.NativeConstructorAccessorImpl.newInstance0(Native Method)
	at java.base/jdk.internal.reflect.NativeConstructorAccessorImpl.newInstance(NativeConstructorAccessorImpl.java:62)
	at java.base/jdk.internal.reflect.DelegatingConstructorAccessorImpl.newInstance(DelegatingConstructorAccessorImpl.java:45)
	at java.base/java.lang.reflect.Constructor.newInstance(Constructor.java:490)
	at ptolemy.util.test.junit.AutoKnownFailedTests.RunModel(AutoKnownFailedTests.java:105)
	at java.base/jdk.internal.reflect.NativeMethodAccessorImpl.invoke0(Native Method)
	at java.base/jdk.internal.reflect.NativeMethodAccessorImpl.invoke(NativeMethodAccessorImpl.java:62)
	at java.base/jdk.internal.reflect.DelegatingMethodAccessorImpl.invoke(DelegatingMethodAccessorImpl.java:43)
	at java.base/java.lang.reflect.Method.invoke(Method.java:566)
	at org.junit.runners.model.FrameworkMethod$1.runReflectiveCall(FrameworkMethod.java:44)
	at org.junit.internal.runners.model.ReflectiveCallable.run(ReflectiveCallable.java:15)
	at org.junit.runners.model.FrameworkMethod.invokeExplosively(FrameworkMethod.java:41)
	at junitparams.internal.InvokeParameterisedMethod.evaluate(InvokeParameterisedMethod.java:102)
	at org.junit.internal.runners.statements.FailOnTimeout$1.run(FailOnTimeout.java:28)
Caused by: ptolemy.kernel.util.IllegalActionException: Found a zero delay loop containing .HierarchicalModel.A
  in .HierarchicalModel and .HierarchicalModel.A
	at ptolemy.actor.util.CausalityInterfaceForComposites._computeOutputPortDepth(CausalityInterfaceForComposites.java:759)
	at ptolemy.actor.util.CausalityInterfaceForComposites._computeInputDepth(CausalityInterfaceForComposites.java:696)
	at ptolemy.actor.util.CausalityInterfaceForComposites._computeOutputPortDepth(CausalityInterfaceForComposites.java:765)
	at ptolemy.actor.util.CausalityInterfaceForComposites._computeInputDepth(CausalityInterfaceForComposites.java:696)
	at ptolemy.actor.util.CausalityInterfaceForComposites._computeOutputPortDepth(CausalityInterfaceForComposites.java:765)
	at ptolemy.actor.util.CausalityInterfaceForComposites._computeInputDepth(CausalityInterfaceForComposites.java:696)
	at ptolemy.actor.util.CausalityInterfaceForComposites._computeActorDepth(CausalityInterfaceForComposites.java:532)
	at ptolemy.actor.util.CausalityInterfaceForComposites.checkForCycles(CausalityInterfaceForComposites.java:96)
	at ptolemy.domains.de.kernel.DEDirector.preinitialize(DEDirector.java:1338)
	at ptolemy.actor.CompositeActor.preinitialize(CompositeActor.java:1828)
	at ptolemy.actor.Manager.preinitializeAndResolveTypes(Manager.java:1040)
	at ptolemy.actor.Manager.initialize(Manager.java:710)
	at ptolemy.actor.Manager.execute(Manager.java:356)
	at ptolemy.actor.Manager.run(Manager.java:1263)
	at ptolemy.actor.Manager$PtolemyRunThread.run(Manager.java:1933)
java.lang.RuntimeException: Execution failed
	at ptolemy.moml.MoMLSimpleApplication$UnloadThread.run(MoMLSimpleApplication.java:402)
Caused by: ptolemy.kernel.util.IllegalActionException: Found a zero delay loop containing .dependencyLoop.original
  in .dependencyLoop and .dependencyLoop.original
	at ptolemy.actor.util.CausalityInterfaceForComposites._computeOutputPortDepth(CausalityInterfaceForComposites.java:759)
	at ptolemy.actor.util.CausalityInterfaceForComposites._computeInputDepth(CausalityInterfaceForComposites.java:696)
	at ptolemy.actor.util.CausalityInterfaceForComposites._computeOutputPortDepth(CausalityInterfaceForComposites.java:765)
	at ptolemy.actor.util.CausalityInterfaceForComposites._computeInputDepth(CausalityInterfaceForComposites.java:696)
	at ptolemy.actor.util.CausalityInterfaceForComposites._computeOutputPortDepth(CausalityInterfaceForComposites.java:765)
	at ptolemy.actor.util.CausalityInterfaceForComposites._computeInputDepth(CausalityInterfaceForComposites.java:696)
	at ptolemy.actor.util.CausalityInterfaceForComposites._computeActorDepth(CausalityInterfaceForComposites.java:532)
	at ptolemy.actor.util.CausalityInterfaceForComposites.checkForCycles(CausalityInterfaceForComposites.java:96)
	at ptolemy.domains.de.kernel.DEDirector.preinitialize(DEDirector.java:1338)
	at ptolemy.actor.CompositeActor.preinitialize(CompositeActor.java:1828)
	at ptolemy.actor.Manager.preinitializeAndResolveTypes(Manager.java:1040)
	at ptolemy.actor.Manager.initialize(Manager.java:710)
	at ptolemy.actor.Manager.execute(Manager.java:356)
	at ptolemy.actor.Manager.run(Manager.java:1263)
	at ptolemy.actor.Manager$PtolemyRunThread.run(Manager.java:1933)
java.lang.reflect.InvocationTargetException
	at java.base/jdk.internal.reflect.NativeConstructorAccessorImpl.newInstance0(Native Method)
	at java.base/jdk.internal.reflect.NativeConstructorAccessorImpl.newInstance(NativeConstructorAccessorImpl.java:62)
	at java.base/jdk.internal.reflect.DelegatingConstructorAccessorImpl.newInstance(DelegatingConstructorAccessorImpl.java:45)
	at java.base/java.lang.reflect.Constructor.newInstance(Constructor.java:490)
	at ptolemy.util.test.junit.AutoKnownFailedTests.RunModel(AutoKnownFailedTests.java:105)
	at java.base/jdk.internal.reflect.NativeMethodAccessorImpl.invoke0(Native Method)
	at java.base/jdk.internal.reflect.NativeMethodAccessorImpl.invoke(NativeMethodAccessorImpl.java:62)
	at java.base/jdk.internal.reflect.DelegatingMethodAccessorImpl.invoke(DelegatingMethodAccessorImpl.java:43)
	at java.base/java.lang.reflect.Method.invoke(Method.java:566)
	at org.junit.runners.model.FrameworkMethod$1.runReflectiveCall(FrameworkMethod.java:44)
	at org.junit.internal.runners.model.ReflectiveCallable.run(ReflectiveCallable.java:15)
	at org.junit.runners.model.FrameworkMethod.invokeExplosively(FrameworkMethod.java:41)
	at junitparams.internal.InvokeParameterisedMethod.evaluate(InvokeParameterisedMethod.java:102)
	at org.junit.internal.runners.statements.FailOnTimeout$1.run(FailOnTimeout.java:28)
Caused by: ptolemy.kernel.util.IllegalActionException: Found a zero delay loop containing .dependencyLoop.original
  in .dependencyLoop and .dependencyLoop.original
	at ptolemy.actor.util.CausalityInterfaceForComposites._computeOutputPortDepth(CausalityInterfaceForComposites.java:759)
	at ptolemy.actor.util.CausalityInterfaceForComposites._computeInputDepth(CausalityInterfaceForComposites.java:696)
	at ptolemy.actor.util.CausalityInterfaceForComposites._computeOutputPortDepth(CausalityInterfaceForComposites.java:765)
	at ptolemy.actor.util.CausalityInterfaceForComposites._computeInputDepth(CausalityInterfaceForComposites.java:696)
	at ptolemy.actor.util.CausalityInterfaceForComposites._computeOutputPortDepth(CausalityInterfaceForComposites.java:765)
	at ptolemy.actor.util.CausalityInterfaceForComposites._computeInputDepth(CausalityInterfaceForComposites.java:696)
	at ptolemy.actor.util.CausalityInterfaceForComposites._computeActorDepth(CausalityInterfaceForComposites.java:532)
	at ptolemy.actor.util.CausalityInterfaceForComposites.checkForCycles(CausalityInterfaceForComposites.java:96)
	at ptolemy.domains.de.kernel.DEDirector.preinitialize(DEDirector.java:1338)
	at ptolemy.actor.CompositeActor.preinitialize(CompositeActor.java:1828)
	at ptolemy.actor.Manager.preinitializeAndResolveTypes(Manager.java:1040)
	at ptolemy.actor.Manager.initialize(Manager.java:710)
	at ptolemy.actor.Manager.execute(Manager.java:356)
	at ptolemy.actor.Manager.run(Manager.java:1263)
	at ptolemy.actor.Manager$PtolemyRunThread.run(Manager.java:1933)
java.lang.RuntimeException: Execution failed
	at ptolemy.moml.MoMLSimpleApplication$UnloadThread.run(MoMLSimpleApplication.java:402)
Caused by: ptolemy.kernel.util.IllegalActionException: Found a zero delay loop containing .dependencyLoop2.original
  in .dependencyLoop2 and .dependencyLoop2.original
	at ptolemy.actor.util.CausalityInterfaceForComposites._computeOutputPortDepth(CausalityInterfaceForComposites.java:759)
	at ptolemy.actor.util.CausalityInterfaceForComposites._computeInputDepth(CausalityInterfaceForComposites.java:696)
	at ptolemy.actor.util.CausalityInterfaceForComposites._computeOutputPortDepth(CausalityInterfaceForComposites.java:765)
	at ptolemy.actor.util.CausalityInterfaceForComposites._computeInputDepth(CausalityInterfaceForComposites.java:696)
	at ptolemy.actor.util.CausalityInterfaceForComposites._computeOutputPortDepth(CausalityInterfaceForComposites.java:765)
	at ptolemy.actor.util.CausalityInterfaceForComposites._computeInputDepth(CausalityInterfaceForComposites.java:696)
	at ptolemy.actor.util.CausalityInterfaceForComposites._computeActorDepth(CausalityInterfaceForComposites.java:532)
	at ptolemy.actor.util.CausalityInterfaceForComposites.checkForCycles(CausalityInterfaceForComposites.java:96)
	at ptolemy.domains.de.kernel.DEDirector.preinitialize(DEDirector.java:1338)
	at ptolemy.actor.CompositeActor.preinitialize(CompositeActor.java:1828)
	at ptolemy.actor.Manager.preinitializeAndResolveTypes(Manager.java:1040)
	at ptolemy.actor.Manager.initialize(Manager.java:710)
	at ptolemy.actor.Manager.execute(Manager.java:356)
	at ptolemy.actor.Manager.run(Manager.java:1263)
	at ptolemy.actor.Manager$PtolemyRunThread.run(Manager.java:1933)
java.lang.reflect.InvocationTargetException
	at java.base/jdk.internal.reflect.NativeConstructorAccessorImpl.newInstance0(Native Method)
	at java.base/jdk.internal.reflect.NativeConstructorAccessorImpl.newInstance(NativeConstructorAccessorImpl.java:62)
	at java.base/jdk.internal.reflect.DelegatingConstructorAccessorImpl.newInstance(DelegatingConstructorAccessorImpl.java:45)
	at java.base/java.lang.reflect.Constructor.newInstance(Constructor.java:490)
	at ptolemy.util.test.junit.AutoKnownFailedTests.RunModel(AutoKnownFailedTests.java:105)
	at java.base/jdk.internal.reflect.NativeMethodAccessorImpl.invoke0(Native Method)
	at java.base/jdk.internal.reflect.NativeMethodAccessorImpl.invoke(NativeMethodAccessorImpl.java:62)
	at java.base/jdk.internal.reflect.DelegatingMethodAccessorImpl.invoke(DelegatingMethodAccessorImpl.java:43)
	at java.base/java.lang.reflect.Method.invoke(Method.java:566)
	at org.junit.runners.model.FrameworkMethod$1.runReflectiveCall(FrameworkMethod.java:44)
	at org.junit.internal.runners.model.ReflectiveCallable.run(ReflectiveCallable.java:15)
	at org.junit.runners.model.FrameworkMethod.invokeExplosively(FrameworkMethod.java:41)
	at junitparams.internal.InvokeParameterisedMethod.evaluate(InvokeParameterisedMethod.java:102)
	at org.junit.internal.runners.statements.FailOnTimeout$1.run(FailOnTimeout.java:28)
Caused by: ptolemy.kernel.util.IllegalActionException: Found a zero delay loop containing .dependencyLoop2.original
  in .dependencyLoop2 and .dependencyLoop2.original
	at ptolemy.actor.util.CausalityInterfaceForComposites._computeOutputPortDepth(CausalityInterfaceForComposites.java:759)
	at ptolemy.actor.util.CausalityInterfaceForComposites._computeInputDepth(CausalityInterfaceForComposites.java:696)
	at ptolemy.actor.util.CausalityInterfaceForComposites._computeOutputPortDepth(CausalityInterfaceForComposites.java:765)
	at ptolemy.actor.util.CausalityInterfaceForComposites._computeInputDepth(CausalityInterfaceForComposites.java:696)
	at ptolemy.actor.util.CausalityInterfaceForComposites._computeOutputPortDepth(CausalityInterfaceForComposites.java:765)
	at ptolemy.actor.util.CausalityInterfaceForComposites._computeInputDepth(CausalityInterfaceForComposites.java:696)
	at ptolemy.actor.util.CausalityInterfaceForComposites._computeActorDepth(CausalityInterfaceForComposites.java:532)
	at ptolemy.actor.util.CausalityInterfaceForComposites.checkForCycles(CausalityInterfaceForComposites.java:96)
	at ptolemy.domains.de.kernel.DEDirector.preinitialize(DEDirector.java:1338)
	at ptolemy.actor.CompositeActor.preinitialize(CompositeActor.java:1828)
	at ptolemy.actor.Manager.preinitializeAndResolveTypes(Manager.java:1040)
	at ptolemy.actor.Manager.initialize(Manager.java:710)
	at ptolemy.actor.Manager.execute(Manager.java:356)
	at ptolemy.actor.Manager.run(Manager.java:1263)
	at ptolemy.actor.Manager$PtolemyRunThread.run(Manager.java:1933)
]]></system-err>
</testsuite>
