<?xml version="1.0" encoding="UTF-8" ?>
<testsuite errors="0" failures="0" hostname="travis-job-81c0764a-81ec-4ed2-a4de-25c490cddcdd" name="ptolemy.actor.lib.test.junit.JUnitTclTest" skipped="0" tests="517" time="61.858" timestamp="2020-03-09T14:42:25">
  <properties>
    <property name="npm.executable" value="npm" />
    <property name="env.TRAVIS_ROOT" value="/" />
    <property name="ptII.mk.exists" value="true" />
    <property name="env.TRAVIS_APP_HOST" value="build.travis-ci.org" />
    <property name="env.rvm_bin_path" value="/home/travis/.rvm/bin" />
    <property name="java.home" value="/usr/local/lib/jvm/openjdk11" />
    <property name="env.TRAVIS_JOB_NUMBER" value="1562.8" />
    <property name="env.TRAVIS_HOME" value="/home/travis" />
    <property name="env.DISPLAY" value=":99.0" />
    <property name="env.TRAVIS_INIT" value="systemd" />
    <property name="env.SSH_TTY" value="/dev/pts/0" />
    <property name="java.net.preferIPv4Stack" value="true" />
    <property name="env.RUN_TESTS" value="true" />
    <property name="timeout.short" value="1000000" />
    <property name="junit.formatter" value="xml" />
    <property name="env.TRAVIS_SUDO" value="true" />
    <property name="env.TRAVIS_JOB_NAME" value="" />
    <property name="env.TRAVIS_STACK_NODE_ATTRIBUTES" value="/.node-attributes.yml" />
    <property name="env.LOGNAME" value="travis" />
    <property name="env.PT_TRAVIS_TEST_CORE1_XML" value="true" />
    <property name="jsdoc.home" value="node_modules/@terraswarm/jsdoc" />
    <property name="debuglevel" value="source,lines,vars" />
    <property name="checkstyle.formatter" value="xml" />
    <property name="env._system_version" value="16.04" />
    <property name="bin.vergil.makeable" value="true" />
    <property name="sun.os.patch.level" value="unknown" />
    <property name="java.vendor.url" value="http://java.oracle.com/" />
    <property name="env.TRAVIS_BUILD_WEB_URL" value="https://travis-ci.org/icyphy/ptII/builds/660164736" />
    <property name="java.version" value="11.0.2" />
    <property name="env.TZ" value="UTC" />
    <property name="env.TRAVIS_PULL_REQUEST_SHA" value="" />
    <property name="env.PT_NO_NET" value="true" />
    <property name="env.TRAVIS_SECURE_ENV_VARS" value="true" />
    <property name="env._system_type" value="Linux" />
    <property name="java.vendor.url.bug" value="http://bugreport.java.com/bugreport/" />
    <property name="npmjs-org-is-up" value="true" />
    <property name="env.LANGUAGE" value="en_US.UTF-8" />
    <property name="env.SSH_CLIENT" value="10.16.2.59 42816 22" />
    <property name="env.GEM_HOME" value="/home/travis/.rvm/gems/ruby-2.5.3" />
    <property name="env.HAS_ANTARES_THREE_LITTLE_FRONZIES_BADGE" value="true" />
    <property name="java.version.date" value="2019-01-15" />
    <property name="env.PS4" value="+" />
    <property name="ant.project.invoked-targets" value="build,test.core1.xml" />
    <property name="env.TRAVIS_PULL_REQUEST_BRANCH" value="" />
    <property name="env.TRAVIS_REPO_SLUG" value="icyphy/ptII" />
    <property name="env.XDG_DATA_DIRS" value="/usr/local/share:/usr/share:/var/lib/snapd/desktop" />
    <property name="jdk.debug" value="release" />
    <property name="env.TRAVIS_APT_PROXY" value="http://build-cache.travisci.net" />
    <property name="env.TRAVIS_CPU_ARCH" value="amd64" />
    <property name="node.in.path" value="true" />
    <property name="user.name" value="travis" />
    <property name="java.maxmemory" value="1400m" />
    <property name="env.RUBY_VERSION" value="ruby-2.5.3" />
    <property name="env.LANG" value="en_US.UTF-8" />
    <property name="sun.io.unicode.encoding" value="UnicodeLittle" />
    <property name="sun.jnu.encoding" value="UTF-8" />
    <property name="java.runtime.name" value="OpenJDK Runtime Environment" />
    <property name="usefile" value="false" />
    <property name="return.code" value="0" />
    <property name="junit.single.formatter" value="plain" />
    <property name="env.DYLD_LIBRARY_PATH" value="/home/travis/pthla/certi-tools/lib:" />
    <property name="env.DEBIAN_FRONTEND" value="noninteractive" />
    <property name="env.SSH_CONNECTION" value="10.16.2.59 42816 10.20.1.163 22" />
    <property name="env.MYSQL_UNIX_PORT" value="/var/run/mysqld/mysqld.sock" />
    <property name="env.LC_ALL" value="en_US.UTF-8" />
    <property name="env.TRAVIS_ALLOW_FAILURE" value="false" />
    <property name="env.TRAVIS_JOB_WEB_URL" value="https://travis-ci.org/icyphy/ptII/jobs/660164744" />
    <property name="java.specification.name" value="Java Platform API Specification" />
    <property name="node.works" value="true" />
    <property name="user.timezone" value="" />
    <property name="path.separator" value=":" />
    <property name="env.TRAVIS_ENABLE_INFRA_DETECTION" value="true" />
    <property name="env.PYTHON_CFLAGS" value="-g -fstack-protector --param=ssp-buffer-size=4 -Wformat -Werror=format-security" />
    <property name="timeout.long" value="4000000" />
    <property name="env.CERTI_HOME" value="/home/travis/pthla/certi-tools" />
    <property name="ant.file.ptII" value="/home/travis/build/icyphy/ptII/build.xml" />
    <property name="javadoc.packagenames" value="com.*,diva.*,lbnl.*,org.hlacerti.*,org.json.*,org.ptolemy.*,org.terraswarm.*,ptolemy.*,ptserver.*" />
    <property name="file.encoding" value="UTF-8" />
    <property name="env.TRAVIS_PULL_REQUEST_SLUG" value="" />
    <property name="ant.project.default-target" value="build" />
    <property name="env.GIT_ASKPASS" value="echo" />
    <property name="env.HOME" value="/home/travis" />
    <property name="sun.java.command" value="org.apache.tools.ant.taskdefs.optional.junit.JUnitTestRunner ptolemy.actor.lib.test.junit.JUnitTclTest skipNonTests=false filtertrace=true haltOnError=false haltOnFailure=false formatter=org.apache.tools.ant.taskdefs.optional.junit.OutErrSummaryJUnitResultFormatter showoutput=true outputtoformatters=true logfailedtests=true threadid=0 logtestlistenerevents=false formatter=org.apache.tools.ant.taskdefs.optional.junit.XMLJUnitResultFormatter,/home/travis/build/icyphy/ptII/reports/junit/TEST-ptolemy.actor.lib.test.junit.JUnitTclTest.xml crashfile=/home/travis/build/icyphy/ptII/junitvmwatcher14321780296873147708.properties propsfile=/home/travis/build/icyphy/ptII/junit5852004147226623833.properties" />
    <property name="env.COMPOSER_NO_INTERACTION" value="1" />
    <property name="env.MANPATH" value="/home/travis/.nvm/versions/node/v7.10.1/share/man:/home/travis/.rvm/rubies/ruby-2.5.3/share/man:/usr/local/cmake-3.12.4/man:/usr/local/clang-7.0.0/share/man:/usr/local/man:/usr/local/share/man:/usr/share/man:/home/travis/.rvm/man" />
    <property name="env.TRAVIS_TIMER_ID" value="01aa9c50" />
    <property name="ant.file" value="/home/travis/build/icyphy/ptII/build.xml" />
    <property name="env.TRAVIS_COMMIT_RANGE" value="b3830017b506...0a0c98fd90fc" />
    <property name="env._system_name" value="Ubuntu" />
    <property name="ptII.classpath.optional.property" value="/home/travis/build/icyphy/ptII/lib/bsh-2.0b4.jar:/home/travis/build/icyphy/ptII/lib/ptCal.jar:/home/travis/build/icyphy/ptII/lib/java_cup.jar:/home/travis/build/icyphy/ptII/lib/saxon8.jar:/home/travis/build/icyphy/ptII/lib/saxon8-dom.jar:/home/travis/build/icyphy/ptII/lib/chic.jar:/home/travis/build/icyphy/ptII/lib/ptcolt.jar:/home/travis/build/icyphy/ptII/vendors/misc/itext/iText.jar:/home/travis/build/icyphy/ptII/lib/g4ltl.jar:/home/travis/build/icyphy/ptII/lib/StructuralCoder.jar:/home/travis/build/icyphy/ptII/lib/jcerti.jar:/home/travis/build/icyphy/ptII/lib/javax.mail.jar:/home/travis/build/icyphy/ptII/vendors/JMF-2.1.1e/lib/jmf.jar:/home/travis/build/icyphy/ptII/lib/jna-4.0.0-variadic.jar:/home/travis/build/icyphy/ptII/vendors/misc/joystick/Joystick.jar:/home/travis/build/icyphy/ptII/lib/ptjacl.jar:/home/travis/build/icyphy/ptII/lib/jsoup-1.8.2.jar:/home/travis/build/icyphy/ptII/lib/junit-4.8.2.jar:/home/travis/build/icyphy/ptII/lib/JUnitParams-0.4.0.jar:/home/travis/build/icyphy/ptII/ptolemy/actor/lib/excel/jxl.jar:/home/travis/build/icyphy/ptII/lib/jython.jar:/home/travis/build/icyphy/ptII/lib/kieler.jar:/home/travis/build/icyphy/ptII/vendors/opencv/share/OpenCV/java/opencv-341.jar:/home/travis/build/icyphy/ptII/lib/oscP5.jar:/home/travis/build/icyphy/ptII/lib/nrjavaserial-3.11.0.devel.jar:/home/travis/build/icyphy/ptII/vendors/j3d/lib/Linux/j3dcore.jar:/home/travis/build/icyphy/ptII/vendors/j3d/lib/Linux/j3dutils.jar:/home/travis/build/icyphy/ptII/vendors/j3d/lib/Linux/vecmath.jar:/home/travis/build/icyphy/ptII/vendors/jogl/lib/Linux/gluegen-rt-natives-linux-amd64.jar:/home/travis/build/icyphy/ptII/vendors/jogl/lib/Linux/gluegen-rt.jar:/home/travis/build/icyphy/ptII/vendors/jogl/lib/Linux/jogl-all-natives-linux-amd64.jar:/home/travis/build/icyphy/ptII/vendors/jogl/lib/Linux/jogl-all.jar:/home/travis/build/icyphy/ptII/ptolemy/distributed/jini/jar/jini-core.jar:/home/travis/build/icyphy/ptII/ptolemy/distributed/jini/jar/jini-ext.jar:/home/travis/build/icyphy/ptII/ptolemy/distributed/jini/jar/sun-util.jar:/home/travis/build/icyphy/ptII/lib/protobuf-java-2.4.1.jar:/home/travis/build/icyphy/ptII/lib/org.eclipse.paho.client.mqttv3.jar:/home/travis/build/icyphy/ptII/lib/mapss.jar:/home/travis/build/icyphy/ptII/ptolemy/actor/ptalon/antlr/antlr.jar:/home/travis/build/icyphy/ptII/lib/JRI.jar:/home/travis/build/icyphy/ptII/lib/commons-lang-2.6.jar:/home/travis/build/icyphy/ptII/lib/commons-logging-1.1.1.jar:/home/travis/build/icyphy/ptII/lib/sootclasses.jar:/home/travis/build/icyphy/ptII/ptolemy/actor/lib/database/mysql-connector-java-5.1.6-bin.jar:/home/travis/build/icyphy/ptII/vendors/misc/sphinx4/sphinx4-data-5prealpha.jar:/home/travis/build/icyphy/ptII/vendors/misc/sphinx4/sphinx4-core-5prealpha.jar:/home/travis/build/icyphy/ptII/lib/PDFRenderer.jar:/home/travis/build/icyphy/ptII/lib/svgSalamander.jar:/home/travis/build/icyphy/ptII/lib/rsyntaxtextarea-2.6.0-SNAPSHOT.jar:/home/travis/build/icyphy/ptII/lib/hazelcast-3.8.2.jar:/home/travis/build/icyphy/ptII/lib/jackson-annotations-2.9.0.jar:/home/travis/build/icyphy/ptII/lib/jackson-core-2.9.3.jar:/home/travis/build/icyphy/ptII/lib/jackson-databind-2.9.3.jar:/home/travis/build/icyphy/ptII/lib/netty-buffer-4.1.19.Final.jar:/home/travis/build/icyphy/ptII/lib/netty-codec-4.1.19.Final.jar:/home/travis/build/icyphy/ptII/lib/netty-codec-dns-4.1.19.Final.jar:/home/travis/build/icyphy/ptII/lib/netty-codec-http-4.1.19.Final.jar:/home/travis/build/icyphy/ptII/lib/netty-codec-http2-4.1.19.Final.jar:/home/travis/build/icyphy/ptII/lib/netty-common-4.1.19.Final.jar:/home/travis/build/icyphy/ptII/lib/netty-handler-4.1.19.Final.jar:/home/travis/build/icyphy/ptII/lib/netty-resolver-4.1.19.Final.jar:/home/travis/build/icyphy/ptII/lib/netty-resolver-dns-4.1.19.Final.jar:/home/travis/build/icyphy/ptII/lib/netty-transport-4.1.19.Final.jar:/home/travis/build/icyphy/ptII/lib/vertx-codegen-3.5.1.jar:/home/travis/build/icyphy/ptII/lib/vertx-core-3.5.2-SNAPSHOT.jar:/home/travis/build/icyphy/ptII/lib/vertx-hazelcast-3.5.1.jar:/home/travis/build/icyphy/ptII/lib/vertx-lang-js-3.5.1.jar:/home/travis/build/icyphy/ptII/lib/vertx-service-proxy-3.5.1.jar:/home/travis/build/icyphy/ptII/lib/vertx-web-3.5.1.jar:/home/travis/build/icyphy/ptII/lib/slf4j-api-1.7.13.jar:/home/travis/build/icyphy/ptII/lib/slf4j-simple-1.7.13.jar:/home/travis/build/icyphy/ptII/lib/webcam-capture-0.3.12.jar:/home/travis/build/icyphy/ptII/lib/bridj-0.7.0.jar:/home/travis/build/icyphy/ptII/lib/xbjlib-1.1.0.nrjavaserial.jar" />
    <property name="timeout" value="2400000" />
    <property name="test.batch" value="**/junit/*.java" />
    <property name="env._" value="/usr/bin/timeout" />
    <property name="java.io.tmpdir" value="/tmp" />
    <property name="user.language" value="en" />
    <property name="env.TRAVIS_INTERNAL_RUBY_REGEX" value="^ruby-(2\.[0-4]\.[0-9]|1\.9\.3)" />
    <property name="env.HISTCONTROL" value="ignoredups:ignorespace" />
    <property name="env.GOROOT" value="/home/travis/.gimme/versions/go1.11.1.linux.amd64" />
    <property name="line.separator" value="&#xa;" />
    <property name="target" value="11" />
    <property name="env.TRAVIS_BUILD_DIR" value="/home/travis/build/icyphy/ptII" />
    <property name="env.ANT_OPTS" value="-Xmx2048m" />
    <property name="ant.file.type" value="file" />
    <property name="ptolemy.ptII.batchMode" value="true" />
    <property name="env.HISTSIZE" value="1000" />
    <property name="env.MERB_ENV" value="test" />
    <property name="java.vm.info" value="mixed mode" />
    <property name="source" value="11" />
    <property name="java.vm.specification.name" value="Java Virtual Machine Specification" />
    <property name="env.TRAVIS_TEST_RESULT" value="0" />
    <property name="jsdoc.command" value="node_modules/@terraswarm/jsdoc/jsdoc.js" />
    <property name="npm.works" value="true" />
    <property name="cobertura.dir" value="/home/travis/build/icyphy/ptII/vendors/cobertura-2.0.3" />
    <property name="jsdoc.command.exists" value="true" />
    <property name="env.rvm_path" value="/home/travis/.rvm" />
    <property name="env.GEM_PATH" value="/home/travis/.rvm/gems/ruby-2.5.3:/home/travis/.rvm/gems/ruby-2.5.3@global" />
    <property name="env.LC_CTYPE" value="en_US.UTF-8" />
    <property name="env.TRAVIS_CMD" value="$PTII/bin/ptIITravisBuild.sh $SECONDS" />
    <property name="java.awt.printerjob" value="sun.print.PSPrinterJob" />
    <property name="env.TRAVIS_STACK_NAME" value="sardonyx" />
    <property name="env.TRAVIS_TIMER_START_TIME" value="1583764307979683460" />
    <property name="ant.version" value="Apache Ant(TM) version 1.10.1 compiled on February 2 2017" />
    <property name="ptII.reports" value="/home/travis/build/icyphy/ptII/reports" />
    <property name="env.TRAVIS_STACK_TIMESTAMP" value="2019-03-25 16:16:56 UTC" />
    <property name="ant.file.type.ptII" value="file" />
    <property name="env.RBENV_SHELL" value="bash" />
    <property name="os.name" value="Linux" />
    <property name="java.specification.vendor" value="Oracle Corporation" />
    <property name="env.rvm_version" value="1.29.7 (latest)" />
    <property name="env.TRAVIS_INFRA" value="unknown" />
    <property name="env.TERM" value="xterm" />
    <property name="java.vm.name" value="OpenJDK 64-Bit Server VM" />
    <property name="env.TRAVIS_BUILD_NUMBER" value="1562" />
    <property name="env.CI" value="true" />
    <property name="java.library.path" value="/home/travis/pthla/certi-tools/lib:/usr/lib/jni:/usr/local/share/OpenCV/java/:/usr/share/OpenCV/java::/usr/java/packages/lib:/usr/lib64:/lib64:/lib:/usr/lib" />
    <property name="jdk.module.path" value="/home/travis/build/icyphy/ptII/vendors/javafx/javafx-sdk-11.0.2/lib:" />
    <property name="env.rvm_prefix" value="/home/travis" />
    <property name="env.PATH" value="/home/travis/pthla/certi-tools/share/scripts:/home/travis/.rvm/gems/ruby-2.5.3/bin:/home/travis/.rvm/gems/ruby-2.5.3@global/bin:/home/travis/.rvm/rubies/ruby-2.5.3/bin:/home/travis/.rvm/bin:/home/travis/.nvm/versions/node/v7.10.1/bin:./node_modules/.bin:/home/travis/build/icyphy/ptII/bin:/home/travis/pthla/certi-tools/bin:/home/travis/bin:/home/travis/.local/bin:/usr/local/lib/jvm/openjdk11/bin:/opt/pyenv/shims:/home/travis/.phpenv/shims:/home/travis/perl5/perlbrew/bin:/home/travis/gopath/bin:/home/travis/.gimme/versions/go1.11.1.linux.amd64/bin:/usr/local/maven-3.6.0/bin:/usr/local/cmake-3.12.4/bin:/usr/local/clang-7.0.0/bin:/usr/local/sbin:/usr/local/bin:/usr/sbin:/usr/bin:/sbin:/bin:/snap/bin:/home/travis/.phpenv/bin:/opt/pyenv/bin:/home/travis/.yarn/bin" />
    <property name="env.TRAVIS_OS_NAME" value="linux" />
    <property name="ant.java.version" value="9" />
    <property name="basedir" value="/home/travis/build/icyphy/ptII" />
    <property name="java.class.version" value="55.0" />
    <property name="env.SHLVL" value="3" />
    <property name="env.LD_LIBRARY_PATH" value="/home/travis/pthla/certi-tools/lib:/usr/lib/jni:/usr/local/share/OpenCV/java/:/usr/share/OpenCV/java:" />
    <property name="env.RACK_ENV" value="test" />
    <property name="ant.home" value="/home/travis/build/icyphy/ptII/ant" />
    <property name="env.NVM_DIR" value="/home/travis/.nvm" />
    <property name="env.CERTI_FOM_PATH" value="/home/travis/pthla/certi-tools/share/federations" />
    <property name="env.TRAVIS_BUILD_ID" value="660164736" />
    <property name="env.PYENV_ROOT" value="/opt/pyenv" />
    <property name="env.TRAVIS_UID" value="2000" />
    <property name="prism.verbose" value="true" />
    <property name="env.NVM_BIN" value="/home/travis/.nvm/versions/node/v7.10.1/bin" />
    <property name="env.TRAVIS_COMMIT" value="0a0c98fd90fc757a47a1ade8037916a316208f08" />
    <property name="env._system_arch" value="x86_64" />
    <property name="node.executable" value="node" />
    <property name="sun.boot.library.path" value="/usr/local/lib/jvm/openjdk11/lib" />
    <property name="sun.management.compiler" value="HotSpot 64-Bit Tiered Compilers" />
    <property name="java.awt.graphicsenv" value="sun.awt.X11GraphicsEnvironment" />
    <property name="env.GOPATH" value="/home/travis/gopath" />
    <property name="ptolemy.ptII.dir" value="/home/travis/build/icyphy/ptII" />
    <property name="env.USER" value="travis" />
    <property name="env.HISTFILESIZE" value="2000" />
    <property name="env.NVM_INC" value="/home/travis/.nvm/versions/node/v7.10.1/include/node" />
    <property name="timeout.longest" value="19000000" />
    <property name="env.PERLBREW_SHELLRC_VERSION" value="0.86" />
    <property name="env.TRAVIS_STACK_FEATURES" value="basic couchdb disabled-ipv6 docker docker-compose elasticsearch firefox go-toolchain google-chrome jdk memcached mongodb mysql nodejs_interpreter perl_interpreter perlbrew phantomjs postgresql python_interpreter redis ruby_interpreter sqlite xserver" />
    <property name="env.TRAVIS_PULL_REQUEST" value="false" />
    <property name="env.PYENV_SHELL" value="bash" />
    <property name="ant.project.name" value="ptII" />
    <property name="env.ANSI_RESET" value="\033[0m" />
    <property name="java.vm.specification.version" value="11" />
    <property name="env.TRAVIS_DIST" value="xenial" />
    <property name="env.CERTI_VERSION" value="4.0.0" />
    <property name="env.CERTI_HOST" value="localhost" />
    <property name="awt.toolkit" value="sun.awt.X11.XToolkit" />
    <property name="env.MY_RUBY_HOME" value="/home/travis/.rvm/rubies/ruby-2.5.3" />
    <property name="sun.cpu.isalist" value="" />
    <property name="env.TRAVIS_TMPDIR" value="/tmp/tmp.fP2egrrGvq" />
    <property name="java.vm.compressedOopsMode" value="Zero based" />
    <property name="os.version" value="4.15.0-1028-gcp" />
    <property name="user.home" value="/home/travis" />
    <property name="java.vm.vendor" value="Oracle Corporation" />
    <property name="env.TRAVIS_TAG" value="nightly" />
    <property name="env.ANSI_YELLOW" value="\033[33;1m" />
    <property name="env.TRAVIS_FILTERED" value="redirect_io" />
    <property name="env.ANSI_GREEN" value="\033[32;1m" />
    <property name="env.JAVA_HOME" value="/usr/local/lib/jvm/openjdk11" />
    <property name="javadoc.excludepackagenames" value="adm.cvs2svn.*,build.*,config.*,doc.coding.templates.*,jni.test.jni.meaningOfLife.*,jni.test.jni.testDeux.*,jni.test.jni.testTrois.*,org.terraswarm.accessor.accessors.web.node_modules.*,org.terraswarm.accessor.accessors.web.hosts.cordova.demo.*,org.terraswarm.accessor.accessors.web.hosts.cordova.plugins.*,org.terraswarm.accessor.accessors-svn.*,pt-modules.*,ptolemy.apps.agilent.*,ptolemy.apps.anytimecontrol.*,ptolemy.apps.apes.*,ptolemy.apps.charon.*,ptolemy.apps.crazyboard.*,ptolemy.apps.eclipse.*,ptolemy.apps.etherealSting.*,ptolemy.apps.fullscreen.*,ptolemy.apps.giotto.*,ptolemy.apps.ia.*,ptolemy.apps.interfaces.*,ptolemy.apps.jmf.*,ptolemy.apps.kurt.*,ptolemy.apps.kvm.*,ptolemy.apps.lego.*,ptolemy.apps.lejos.*,ptolemy.apps.midp.*,ptolemy.apps.mobileCoding.*,ptolemy.apps.pendulum.*,ptolemy.apps.rijndael.*,ptolemy.apps.robot.*,ptolemy.apps.security.*,ptolemy.apps.sobel.*,ptolemy.apps.soot.*,ptolemy.apps.throttle.*,ptolemy.apps.tini.*,ptolemy.apps.transmission.*,ptolemy.apps.vergil.*,ptolemy.apps.waba.*,ptolemy.apps.websensor.*,ptolemy.apps.webstart.*,ptolemy.apps.xsl.*,ptolemy.apps.zaurus.*,ptolemy.codegen.c.actor.lib.oldJavaFiles.*,ptolemy.codegen.dsp.lib.*,ptolemy.codegen.kernel.newInterfaces.*,ptolemy.codegen.lib.*,ptolemy.copernicus.kernel.fragment.*,ptolemy.copernicus.shallow.cg.*,ptolemy.domains.giotto.demo.Hierarchy.Hierarchy.*,ptolemy.domains.giotto.demo.Multimode.Multimode.*,ptolemy.domains.giotto.demo.Simple.Simple.*,ptolemy.domains.gr.lib.experimental.*,ptolemy.domains.gro.*,ptolemy.domains.pdf.*,ptolemy.domains.ptinyos.demo.Surge.output.*,ptolemy.moml.test.NoPackageActor.java*,ptolemy.plot.adm.*,ptolemy.plot.servlet.*,reports.*,signed.*,src.*,target.*,vendors.*,ptolemy.copernicus.applet.*,ptolemy.media.viewer.*,ptolemy.actor.corba.*,doc.doclets.*,ptolemy.apps.eclipse.awt.*,ptolemy.backtrack.*,ptolemy.backtrack.ast.*,ptolemy.cg.adapter.generic.program.procedural.c.mbed*,ptolemy.homer.*,ptolemy.actor.lib.jai.*,org.ptolemy.scala.*,diva.util.java2d.svg.*,ptolemy.domains.ptinyos.*,ptolemy.actor.lib.fmi.fmipp.*,,org.terraswarm.accessor.accessors.web.node_modules.*,org.terraswarm.accessor.accessors-svn,ptolemy.apps.*,ptolemy.actor.ptalon.demo.ptinyos.SendAndReceiveCnt.output,ptolemy.actor.ptalon.demo.ptinyos.SenseToLeds.output,ptolemy.domains.ptinyos.demo.CntToLedsAndRfm.output,ptolemy.domains.ptinyos.demo.RfmToLeds.output,ptolemy.domains.ptinyos.demo.SendAndReceiveCnt.output,ptolemy.domains.ptinyos.demo.SenseToLeds.output,ptolemy.actor.lib.jjs.modules.udpSocket.*" />
    <property name="env.PTII" value="/home/travis/build/icyphy/ptII" />
    <property name="env.XDG_SESSION_ID" value="2" />
    <property name="keystore" value="ptKeystore" />
    <property name="env.TRAVIS_COMMIT_MESSAGE" value="Updating SpaceFOm model and adding SESDfom model." />
    <property name="junit.output.dir" value="/home/travis/build/icyphy/ptII/reports/junit" />
    <property name="npm.return.code" value="0" />
    <property name="user.dir" value="/home/travis/build/icyphy/ptII/ptolemy/actor/lib/test" />
    <property name="env.TRAVIS_NODE_VERSION" value="7" />
    <property name="env.TRAVIS_EVENT_TYPE" value="push" />
    <property name="env.MAIL" value="/var/mail/travis" />
    <property name="env.PERLBREW_ROOT" value="/home/travis/perl5/perlbrew" />
    <property name="env.PWD" value="/home/travis/build/icyphy/ptII" />
    <property name="timeout.npm" value="45000" />
    <property name="env.TRAVIS_ARCH" value="amd64" />
    <property name="sun.cpu.endian" value="little" />
    <property name="env.PAGER" value="cat" />
    <property name="env.TRAVIS_BUILD_STAGE_NAME" value="Test" />
    <property name="env.PERLBREW_HOME" value="/home/travis/.perlbrew" />
    <property name="java.vm.version" value="11.0.2+9" />
    <property name="env.RAILS_ENV" value="test" />
    <property name="java.class.path" value="/home/travis/.ptolemyII:/home/travis/.ptolemyII/*:/home/travis/build/icyphy/ptII:/home/travis/build/icyphy/ptII/lib/bsh-2.0b4.jar:/home/travis/build/icyphy/ptII/lib/ptCal.jar:/home/travis/build/icyphy/ptII/lib/java_cup.jar:/home/travis/build/icyphy/ptII/lib/saxon8.jar:/home/travis/build/icyphy/ptII/lib/saxon8-dom.jar:/home/travis/build/icyphy/ptII/lib/chic.jar:/home/travis/build/icyphy/ptII/lib/ptcolt.jar:/home/travis/build/icyphy/ptII/vendors/misc/itext/iText.jar:/home/travis/build/icyphy/ptII/lib/g4ltl.jar:/home/travis/build/icyphy/ptII/lib/StructuralCoder.jar:/home/travis/build/icyphy/ptII/lib/jcerti.jar:/home/travis/build/icyphy/ptII/lib/javax.mail.jar:/home/travis/build/icyphy/ptII/vendors/JMF-2.1.1e/lib/jmf.jar:/home/travis/build/icyphy/ptII/lib/jna-4.0.0-variadic.jar:/home/travis/build/icyphy/ptII/vendors/misc/joystick/Joystick.jar:/home/travis/build/icyphy/ptII/lib/ptjacl.jar:/home/travis/build/icyphy/ptII/lib/jsoup-1.8.2.jar:/home/travis/build/icyphy/ptII/lib/junit-4.8.2.jar:/home/travis/build/icyphy/ptII/lib/JUnitParams-0.4.0.jar:/home/travis/build/icyphy/ptII/ptolemy/actor/lib/excel/jxl.jar:/home/travis/build/icyphy/ptII/lib/jython.jar:/home/travis/build/icyphy/ptII/lib/kieler.jar:/home/travis/build/icyphy/ptII/vendors/opencv/share/OpenCV/java/opencv-341.jar:/home/travis/build/icyphy/ptII/lib/oscP5.jar:/home/travis/build/icyphy/ptII/lib/nrjavaserial-3.11.0.devel.jar:/home/travis/build/icyphy/ptII/vendors/j3d/lib/Linux/j3dcore.jar:/home/travis/build/icyphy/ptII/vendors/j3d/lib/Linux/j3dutils.jar:/home/travis/build/icyphy/ptII/vendors/j3d/lib/Linux/vecmath.jar:/home/travis/build/icyphy/ptII/vendors/jogl/lib/Linux/gluegen-rt-natives-linux-amd64.jar:/home/travis/build/icyphy/ptII/vendors/jogl/lib/Linux/gluegen-rt.jar:/home/travis/build/icyphy/ptII/vendors/jogl/lib/Linux/jogl-all-natives-linux-amd64.jar:/home/travis/build/icyphy/ptII/vendors/jogl/lib/Linux/jogl-all.jar:/home/travis/build/icyphy/ptII/ptolemy/distributed/jini/jar/jini-core.jar:/home/travis/build/icyphy/ptII/ptolemy/distributed/jini/jar/jini-ext.jar:/home/travis/build/icyphy/ptII/ptolemy/distributed/jini/jar/sun-util.jar:/home/travis/build/icyphy/ptII/lib/protobuf-java-2.4.1.jar:/home/travis/build/icyphy/ptII/lib/org.eclipse.paho.client.mqttv3.jar:/home/travis/build/icyphy/ptII/lib/mapss.jar:/home/travis/build/icyphy/ptII/ptolemy/actor/ptalon/antlr/antlr.jar:/home/travis/build/icyphy/ptII/lib/JRI.jar:/home/travis/build/icyphy/ptII/lib/commons-lang-2.6.jar:/home/travis/build/icyphy/ptII/lib/commons-logging-1.1.1.jar:/home/travis/build/icyphy/ptII/lib/sootclasses.jar:/home/travis/build/icyphy/ptII/ptolemy/actor/lib/database/mysql-connector-java-5.1.6-bin.jar:/home/travis/build/icyphy/ptII/vendors/misc/sphinx4/sphinx4-data-5prealpha.jar:/home/travis/build/icyphy/ptII/vendors/misc/sphinx4/sphinx4-core-5prealpha.jar:/home/travis/build/icyphy/ptII/lib/PDFRenderer.jar:/home/travis/build/icyphy/ptII/lib/svgSalamander.jar:/home/travis/build/icyphy/ptII/lib/rsyntaxtextarea-2.6.0-SNAPSHOT.jar:/home/travis/build/icyphy/ptII/lib/hazelcast-3.8.2.jar:/home/travis/build/icyphy/ptII/lib/jackson-annotations-2.9.0.jar:/home/travis/build/icyphy/ptII/lib/jackson-core-2.9.3.jar:/home/travis/build/icyphy/ptII/lib/jackson-databind-2.9.3.jar:/home/travis/build/icyphy/ptII/lib/netty-buffer-4.1.19.Final.jar:/home/travis/build/icyphy/ptII/lib/netty-codec-4.1.19.Final.jar:/home/travis/build/icyphy/ptII/lib/netty-codec-dns-4.1.19.Final.jar:/home/travis/build/icyphy/ptII/lib/netty-codec-http-4.1.19.Final.jar:/home/travis/build/icyphy/ptII/lib/netty-codec-http2-4.1.19.Final.jar:/home/travis/build/icyphy/ptII/lib/netty-common-4.1.19.Final.jar:/home/travis/build/icyphy/ptII/lib/netty-handler-4.1.19.Final.jar:/home/travis/build/icyphy/ptII/lib/netty-resolver-4.1.19.Final.jar:/home/travis/build/icyphy/ptII/lib/netty-resolver-dns-4.1.19.Final.jar:/home/travis/build/icyphy/ptII/lib/netty-transport-4.1.19.Final.jar:/home/travis/build/icyphy/ptII/lib/vertx-codegen-3.5.1.jar:/home/travis/build/icyphy/ptII/lib/vertx-core-3.5.2-SNAPSHOT.jar:/home/travis/build/icyphy/ptII/lib/vertx-hazelcast-3.5.1.jar:/home/travis/build/icyphy/ptII/lib/vertx-lang-js-3.5.1.jar:/home/travis/build/icyphy/ptII/lib/vertx-service-proxy-3.5.1.jar:/home/travis/build/icyphy/ptII/lib/vertx-web-3.5.1.jar:/home/travis/build/icyphy/ptII/lib/slf4j-api-1.7.13.jar:/home/travis/build/icyphy/ptII/lib/slf4j-simple-1.7.13.jar:/home/travis/build/icyphy/ptII/lib/webcam-capture-0.3.12.jar:/home/travis/build/icyphy/ptII/lib/bridj-0.7.0.jar:/home/travis/build/icyphy/ptII/lib/xbjlib-1.1.0.nrjavaserial.jar:/home/travis/build/icyphy/ptII/ptolemy/moml/test:/home/travis/build/icyphy/ptII/ant/lib/ant-launcher.jar:/home/travis/build/icyphy/ptII/ant/lib/ant.jar:/home/travis/build/icyphy/ptII/ant/lib/ant-junit.jar:/home/travis/build/icyphy/ptII/ant/lib/ant-junit4.jar" />
    <property name="ant.library.dir" value="/home/travis/build/icyphy/ptII/ant/lib" />
    <property name="os.arch" value="amd64" />
    <property name="env.CONTINUOUS_INTEGRATION" value="true" />
    <property name="env.TRAVIS_LANGUAGE" value="node_js" />
    <property name="env.TRAVIS_STACK_LANGUAGES" value="__sardonyx__ c c++ clojure cplusplus cpp default generic go groovy java node_js php pure_java python ruby scala" />
    <property name="test.name" value="ptolemy.actor.lib.test.junit.JUnitTclTest" />
    <property name="env.APT_KEY_DONT_WARN_ON_DANGEROUS_USAGE" value="1" />
    <property name="sun.java.launcher" value="SUN_STANDARD" />
    <property name="env.PYTHON_CONFIGURE_OPTS" value="--enable-unicode=ucs4 --with-wide-unicode --enable-shared --enable-ipv6 --enable-loadable-sqlite-extensions --with-computed-gotos" />
    <property name="ant.core.lib" value="/home/travis/build/icyphy/ptII/ant/lib/ant.jar" />
    <property name="java.vm.specification.vendor" value="Oracle Corporation" />
    <property name="env.BCVTB_HOME" value="/home/travis/build/icyphy/ptII/lbnl" />
    <property name="file.separator" value="/" />
    <property name="spotbugs.home" value="/home/travis/build/icyphy/ptII/vendors/spotbugs-3.1.1" />
    <property name="java.runtime.version" value="11.0.2+9" />
    <property name="env.ANSI_CLEAR" value="\033[0K" />
    <property name="javafx.verbose" value="true" />
    <property name="env.HAS_JOSH_K_SEAL_OF_APPROVAL" value="true" />
    <property name="env.XDG_RUNTIME_DIR" value="/run/user/2000" />
    <property name="env.TRAVIS_OSX_IMAGE" value="" />
    <property name="env.TRAVIS_JOB_ID" value="660164744" />
    <property name="env.TRAVIS_BRANCH" value="master" />
    <property name="user.country" value="US" />
    <property name="env.CERTI_HOME_TRAVIS" value="/home/travis/pthla/certi-tools" />
    <property name="env.SHELL" value="/bin/bash" />
    <property name="java.maxmemory.large" value="3200m" />
    <property name="model" value="" />
    <property name="env.CASHER_DIR" value="/home/travis/.casher" />
    <property name="env.NVM_CD_FLAGS" value="" />
    <property name="java.vendor.version" value="18.9" />
    <property name="jshint.executable" value="/home/travis/node_modules/jshint/bin/jshint" />
    <property name="env.JRUBY_OPTS" value=" --client -J-XX:+TieredCompilation -J-XX:TieredStopAtLevel=1 -J-Xss2m -Xcompile.invokedynamic=false" />
    <property name="java.vendor" value="Oracle Corporation" />
    <property name="env.TRAVIS_PRE_CHEF_BOOTSTRAP_TIME" value="2019-03-25T16:16:42" />
    <property name="env.TRAVIS_STACK_JOB_BOARD_REGISTER" value="/.job-board-register.yml" />
    <property name="env.ANSI_RED" value="\033[31;1m" />
    <property name="java.specification.version" value="11" />
    <property name="env.IRBRC" value="/home/travis/.rvm/rubies/ruby-2.5.3/.irbrc" />
    <property name="env.TRAVIS" value="true" />
    <property name="sun.arch.data.model" value="64" />
  </properties>
  <testcase classname="ptolemy.util.test.junit.TclTests" name="[0] /home/travis/build/icyphy/ptII/ptolemy/actor/lib/test/AbsoluteValue.tcl (RunTclFile)" time="0.542" />
  <testcase classname="ptolemy.util.test.junit.TclTests" name="[1] /home/travis/build/icyphy/ptII/ptolemy/actor/lib/test/AddSubtract.tcl (RunTclFile)" time="0.215" />
  <testcase classname="ptolemy.util.test.junit.TclTests" name="[2] /home/travis/build/icyphy/ptII/ptolemy/actor/lib/test/Average.tcl (RunTclFile)" time="0.073" />
  <testcase classname="ptolemy.util.test.junit.TclTests" name="[3] /home/travis/build/icyphy/ptII/ptolemy/actor/lib/test/Bernoulli.tcl (RunTclFile)" time="0.044" />
  <testcase classname="ptolemy.util.test.junit.TclTests" name="[4] /home/travis/build/icyphy/ptII/ptolemy/actor/lib/test/Clock.tcl (RunTclFile)" time="0.073" />
  <testcase classname="ptolemy.util.test.junit.TclTests" name="[5] /home/travis/build/icyphy/ptII/ptolemy/actor/lib/test/Commutator.tcl (RunTclFile)" time="0.097" />
  <testcase classname="ptolemy.util.test.junit.TclTests" name="[6] /home/travis/build/icyphy/ptII/ptolemy/actor/lib/test/Const.tcl (RunTclFile)" time="0.074" />
  <testcase classname="ptolemy.util.test.junit.TclTests" name="[7] /home/travis/build/icyphy/ptII/ptolemy/actor/lib/test/CurrentTime.tcl (RunTclFile)" time="0.02" />
  <testcase classname="ptolemy.util.test.junit.TclTests" name="[8] /home/travis/build/icyphy/ptII/ptolemy/actor/lib/test/DB.tcl (RunTclFile)" time="0.023" />
  <testcase classname="ptolemy.util.test.junit.TclTests" name="[9] /home/travis/build/icyphy/ptII/ptolemy/actor/lib/test/DiscreteRandomSource.tcl (RunTclFile)" time="0.026" />
  <testcase classname="ptolemy.util.test.junit.TclTests" name="[10] /home/travis/build/icyphy/ptII/ptolemy/actor/lib/test/Distributor.tcl (RunTclFile)" time="0.084" />
  <testcase classname="ptolemy.util.test.junit.TclTests" name="[11] /home/travis/build/icyphy/ptII/ptolemy/actor/lib/test/Exit.tcl (RunTclFile)" time="0.112" />
  <testcase classname="ptolemy.util.test.junit.TclTests" name="[12] /home/travis/build/icyphy/ptII/ptolemy/actor/lib/test/Expression.tcl (RunTclFile)" time="0.137" />
  <testcase classname="ptolemy.util.test.junit.TclTests" name="[13] /home/travis/build/icyphy/ptII/ptolemy/actor/lib/test/Gaussian.tcl (RunTclFile)" time="0.908" />
  <testcase classname="ptolemy.util.test.junit.TclTests" name="[14] /home/travis/build/icyphy/ptII/ptolemy/actor/lib/test/IIR.tcl (RunTclFile)" time="0.036" />
  <testcase classname="ptolemy.util.test.junit.TclTests" name="[15] /home/travis/build/icyphy/ptII/ptolemy/actor/lib/test/Interpolator.tcl (RunTclFile)" time="0.051" />
  <testcase classname="ptolemy.util.test.junit.TclTests" name="[16] /home/travis/build/icyphy/ptII/ptolemy/actor/lib/test/MathFunction.tcl (RunTclFile)" time="0.047" />
  <testcase classname="ptolemy.util.test.junit.TclTests" name="[17] /home/travis/build/icyphy/ptII/ptolemy/actor/lib/test/Maximum.tcl (RunTclFile)" time="0.035" />
  <testcase classname="ptolemy.util.test.junit.TclTests" name="[18] /home/travis/build/icyphy/ptII/ptolemy/actor/lib/test/Minimum.tcl (RunTclFile)" time="0.02" />
  <testcase classname="ptolemy.util.test.junit.TclTests" name="[19] /home/travis/build/icyphy/ptII/ptolemy/actor/lib/test/MultiplyDivide.tcl (RunTclFile)" time="0.022" />
  <testcase classname="ptolemy.util.test.junit.TclTests" name="[20] /home/travis/build/icyphy/ptII/ptolemy/actor/lib/test/OrderedMerge.tcl (RunTclFile)" time="0.12" />
  <testcase classname="ptolemy.util.test.junit.TclTests" name="[21] /home/travis/build/icyphy/ptII/ptolemy/actor/lib/test/Publisher.tcl (RunTclFile)" time="0.809" />
  <testcase classname="ptolemy.util.test.junit.TclTests" name="[22] /home/travis/build/icyphy/ptII/ptolemy/actor/lib/test/Pulse.tcl (RunTclFile)" time="0.051" />
  <testcase classname="ptolemy.util.test.junit.TclTests" name="[23] /home/travis/build/icyphy/ptII/ptolemy/actor/lib/test/Ramp.tcl (RunTclFile)" time="1.807" />
  <testcase classname="ptolemy.util.test.junit.TclTests" name="[24] /home/travis/build/icyphy/ptII/ptolemy/actor/lib/test/RampContinuous.tcl (RunTclFile)" time="0.017" />
  <testcase classname="ptolemy.util.test.junit.TclTests" name="[25] /home/travis/build/icyphy/ptII/ptolemy/actor/lib/test/RecordAssembler.tcl (RunTclFile)" time="0.039" />
  <testcase classname="ptolemy.util.test.junit.TclTests" name="[26] /home/travis/build/icyphy/ptII/ptolemy/actor/lib/test/RecordDisassembler.tcl (RunTclFile)" time="0.072" />
  <testcase classname="ptolemy.util.test.junit.TclTests" name="[27] /home/travis/build/icyphy/ptII/ptolemy/actor/lib/test/Scale.tcl (RunTclFile)" time="0.019" />
  <testcase classname="ptolemy.util.test.junit.TclTests" name="[28] /home/travis/build/icyphy/ptII/ptolemy/actor/lib/test/SequentialClock.tcl (RunTclFile)" time="0.013" />
  <testcase classname="ptolemy.util.test.junit.TclTests" name="[29] /home/travis/build/icyphy/ptII/ptolemy/actor/lib/test/SetVariable.tcl (RunTclFile)" time="0.009" />
  <testcase classname="ptolemy.util.test.junit.TclTests" name="[30] /home/travis/build/icyphy/ptII/ptolemy/actor/lib/test/Sinewave.tcl (RunTclFile)" time="0.026" />
  <testcase classname="ptolemy.util.test.junit.TclTests" name="[31] /home/travis/build/icyphy/ptII/ptolemy/actor/lib/test/SubscriptionAggregator.tcl (RunTclFile)" time="2.164" />
  <testcase classname="ptolemy.util.test.junit.TclTests" name="[32] /home/travis/build/icyphy/ptII/ptolemy/actor/lib/test/Test.tcl (RunTclFile)" time="0.142" />
  <testcase classname="ptolemy.util.test.junit.TclTests" name="[33] /home/travis/build/icyphy/ptII/ptolemy/actor/lib/test/TestExceptionHandler.tcl (RunTclFile)" time="0.011" />
  <testcase classname="ptolemy.util.test.junit.TclTests" name="[34] /home/travis/build/icyphy/ptII/ptolemy/actor/lib/test/UnionDisassembler.tcl (RunTclFile)" time="0.051" />
  <testcase classname="ptolemy.util.test.junit.TclTests" name="[35] /home/travis/build/icyphy/ptII/ptolemy/actor/lib/test/VariableClock.tcl (RunTclFile)" time="0.017" />
  <testcase classname="ptolemy.util.test.junit.AutoKnownFailedTests" name="[0] /home/travis/build/icyphy/ptII/ptolemy/actor/lib/test/auto/knownFailedTests/PublisherPortToplevelSubscriber.xml (RunModel)" time="0.04" />
  <testcase classname="ptolemy.util.test.junit.AutoKnownFailedTests" name="[1] /home/travis/build/icyphy/ptII/ptolemy/actor/lib/test/auto/knownFailedTests/PublisherSubscriberPortToplevel.xml (RunModel)" time="0.021" />
  <testcase classname="ptolemy.util.test.junit.AutoKnownFailedTests" name="[2] /home/travis/build/icyphy/ptII/ptolemy/actor/lib/test/auto/knownFailedTests/PublisherSubscriptionAggregatorPort.xml (RunModel)" time="0.023" />
  <testcase classname="ptolemy.util.test.junit.AutoKnownFailedTests" name="[3] /home/travis/build/icyphy/ptII/ptolemy/actor/lib/test/auto/knownFailedTests/sizedarray3.xml (RunModel)" time="0.025" />
  <testcase classname="ptolemy.util.test.junit.AutoNameArchTests" name="[0] ThereAreNoAutoArchTests (RunModel)" time="0.003" />
  <testcase classname="ptolemy.util.test.junit.AutoTests" name="[0] /home/travis/build/icyphy/ptII/ptolemy/actor/lib/test/auto/AbsoluteValue.xml (RunModel)" time="0.108" />
  <testcase classname="ptolemy.util.test.junit.AutoTests" name="[1] /home/travis/build/icyphy/ptII/ptolemy/actor/lib/test/auto/AbsoluteValue2.xml (RunModel)" time="0.044" />
  <testcase classname="ptolemy.util.test.junit.AutoTests" name="[2] /home/travis/build/icyphy/ptII/ptolemy/actor/lib/test/auto/Accumulator.xml (RunModel)" time="0.065" />
  <testcase classname="ptolemy.util.test.junit.AutoTests" name="[3] /home/travis/build/icyphy/ptII/ptolemy/actor/lib/test/auto/Accumulator2.xml (RunModel)" time="0.056" />
  <testcase classname="ptolemy.util.test.junit.AutoTests" name="[4] /home/travis/build/icyphy/ptII/ptolemy/actor/lib/test/auto/Accumulator3.xml (RunModel)" time="0.046" />
  <testcase classname="ptolemy.util.test.junit.AutoTests" name="[5] /home/travis/build/icyphy/ptII/ptolemy/actor/lib/test/auto/ArrayAppend.xml (RunModel)" time="0.056" />
  <testcase classname="ptolemy.util.test.junit.AutoTests" name="[6] /home/travis/build/icyphy/ptII/ptolemy/actor/lib/test/auto/ArrayAppend2.xml (RunModel)" time="0.409" />
  <testcase classname="ptolemy.util.test.junit.AutoTests" name="[7] /home/travis/build/icyphy/ptII/ptolemy/actor/lib/test/auto/ArrayAppend3.xml (RunModel)" time="0.032" />
  <testcase classname="ptolemy.util.test.junit.AutoTests" name="[8] /home/travis/build/icyphy/ptII/ptolemy/actor/lib/test/auto/ArrayAppend4.xml (RunModel)" time="0.022" />
  <testcase classname="ptolemy.util.test.junit.AutoTests" name="[9] /home/travis/build/icyphy/ptII/ptolemy/actor/lib/test/auto/ArrayAppend5.xml (RunModel)" time="0.019" />
  <testcase classname="ptolemy.util.test.junit.AutoTests" name="[10] /home/travis/build/icyphy/ptII/ptolemy/actor/lib/test/auto/ArrayAppend6.xml (RunModel)" time="0.025" />
  <testcase classname="ptolemy.util.test.junit.AutoTests" name="[11] /home/travis/build/icyphy/ptII/ptolemy/actor/lib/test/auto/ArrayAppendPerformanceTest.xml (RunModel)" time="0.069" />
  <testcase classname="ptolemy.util.test.junit.AutoTests" name="[12] /home/travis/build/icyphy/ptII/ptolemy/actor/lib/test/auto/ArrayAppendWithEmptyInput.xml (RunModel)" time="0.057" />
  <testcase classname="ptolemy.util.test.junit.AutoTests" name="[13] /home/travis/build/icyphy/ptII/ptolemy/actor/lib/test/auto/ArrayAverage.xml (RunModel)" time="0.06" />
  <testcase classname="ptolemy.util.test.junit.AutoTests" name="[14] /home/travis/build/icyphy/ptII/ptolemy/actor/lib/test/auto/ArrayContains.xml (RunModel)" time="0.035" />
  <testcase classname="ptolemy.util.test.junit.AutoTests" name="[15] /home/travis/build/icyphy/ptII/ptolemy/actor/lib/test/auto/ArrayElement.xml (RunModel)" time="0.033" />
  <testcase classname="ptolemy.util.test.junit.AutoTests" name="[16] /home/travis/build/icyphy/ptII/ptolemy/actor/lib/test/auto/ArrayElementAsMatrix.xml (RunModel)" time="0.037" />
  <testcase classname="ptolemy.util.test.junit.AutoTests" name="[17] /home/travis/build/icyphy/ptII/ptolemy/actor/lib/test/auto/ArrayElementI.xml (RunModel)" time="0.015" />
  <testcase classname="ptolemy.util.test.junit.AutoTests" name="[18] /home/travis/build/icyphy/ptII/ptolemy/actor/lib/test/auto/ArrayExtract.xml (RunModel)" time="0.023" />
  <testcase classname="ptolemy.util.test.junit.AutoTests" name="[19] /home/travis/build/icyphy/ptII/ptolemy/actor/lib/test/auto/ArrayExtract2.xml (RunModel)" time="0.018" />
  <testcase classname="ptolemy.util.test.junit.AutoTests" name="[20] /home/travis/build/icyphy/ptII/ptolemy/actor/lib/test/auto/ArrayLength.xml (RunModel)" time="0.03" />
  <testcase classname="ptolemy.util.test.junit.AutoTests" name="[21] /home/travis/build/icyphy/ptII/ptolemy/actor/lib/test/auto/ArrayLevelCrossing.xml (RunModel)" time="0.029" />
  <testcase classname="ptolemy.util.test.junit.AutoTests" name="[22] /home/travis/build/icyphy/ptII/ptolemy/actor/lib/test/auto/ArrayLevelCrossing2.xml (RunModel)" time="0.033" />
  <testcase classname="ptolemy.util.test.junit.AutoTests" name="[23] /home/travis/build/icyphy/ptII/ptolemy/actor/lib/test/auto/ArrayPeakSearch.xml (RunModel)" time="0.044" />
  <testcase classname="ptolemy.util.test.junit.AutoTests" name="[24] /home/travis/build/icyphy/ptII/ptolemy/actor/lib/test/auto/ArrayPeakSearch2.xml (RunModel)" time="0.032" />
  <testcase classname="ptolemy.util.test.junit.AutoTests" name="[25] /home/travis/build/icyphy/ptII/ptolemy/actor/lib/test/auto/ArrayPeakSearch3.xml (RunModel)" time="0.027" />
  <testcase classname="ptolemy.util.test.junit.AutoTests" name="[26] /home/travis/build/icyphy/ptII/ptolemy/actor/lib/test/auto/ArrayRemoveElement.xml (RunModel)" time="0.027" />
  <testcase classname="ptolemy.util.test.junit.AutoTests" name="[27] /home/travis/build/icyphy/ptII/ptolemy/actor/lib/test/auto/ArraySort.xml (RunModel)" time="0.03" />
  <testcase classname="ptolemy.util.test.junit.AutoTests" name="[28] /home/travis/build/icyphy/ptII/ptolemy/actor/lib/test/auto/ArraySum.xml (RunModel)" time="0.018" />
  <testcase classname="ptolemy.util.test.junit.AutoTests" name="[29] /home/travis/build/icyphy/ptII/ptolemy/actor/lib/test/auto/ArrayToElements.xml (RunModel)" time="0.018" />
  <testcase classname="ptolemy.util.test.junit.AutoTests" name="[30] /home/travis/build/icyphy/ptII/ptolemy/actor/lib/test/auto/ArrayToMatrix.xml (RunModel)" time="0.049" />
  <testcase classname="ptolemy.util.test.junit.AutoTests" name="[31] /home/travis/build/icyphy/ptII/ptolemy/actor/lib/test/auto/ArrayUpdate1.xml (RunModel)" time="0.014" />
  <testcase classname="ptolemy.util.test.junit.AutoTests" name="[32] /home/travis/build/icyphy/ptII/ptolemy/actor/lib/test/auto/ArrayUpdate2.xml (RunModel)" time="0.021" />
  <testcase classname="ptolemy.util.test.junit.AutoTests" name="[33] /home/travis/build/icyphy/ptII/ptolemy/actor/lib/test/auto/ArrayUpdate3.xml (RunModel)" time="0.016" />
  <testcase classname="ptolemy.util.test.junit.AutoTests" name="[34] /home/travis/build/icyphy/ptII/ptolemy/actor/lib/test/auto/Assert1.xml (RunModel)" time="0.023" />
  <testcase classname="ptolemy.util.test.junit.AutoTests" name="[35] /home/travis/build/icyphy/ptII/ptolemy/actor/lib/test/auto/Assert2.xml (RunModel)" time="0.027" />
  <testcase classname="ptolemy.util.test.junit.AutoTests" name="[36] /home/travis/build/icyphy/ptII/ptolemy/actor/lib/test/auto/BooleanMultiplexor.xml (RunModel)" time="0.018" />
  <testcase classname="ptolemy.util.test.junit.AutoTests" name="[37] /home/travis/build/icyphy/ptII/ptolemy/actor/lib/test/auto/BooleanMultiplexor2.xml (RunModel)" time="0.029" />
  <testcase classname="ptolemy.util.test.junit.AutoTests" name="[38] /home/travis/build/icyphy/ptII/ptolemy/actor/lib/test/auto/BooleanMultiplexor3.xml (RunModel)" time="0.019" />
  <testcase classname="ptolemy.util.test.junit.AutoTests" name="[39] /home/travis/build/icyphy/ptII/ptolemy/actor/lib/test/auto/BooleanSelect.xml (RunModel)" time="0.022" />
  <testcase classname="ptolemy.util.test.junit.AutoTests" name="[40] /home/travis/build/icyphy/ptII/ptolemy/actor/lib/test/auto/BooleanSelect2.xml (RunModel)" time="0.015" />
  <testcase classname="ptolemy.util.test.junit.AutoTests" name="[41] /home/travis/build/icyphy/ptII/ptolemy/actor/lib/test/auto/BooleanSwitch.xml (RunModel)" time="0.02" />
  <testcase classname="ptolemy.util.test.junit.AutoTests" name="[42] /home/travis/build/icyphy/ptII/ptolemy/actor/lib/test/auto/BooleanSwitch2.xml (RunModel)" time="0.021" />
  <testcase classname="ptolemy.util.test.junit.AutoTests" name="[43] /home/travis/build/icyphy/ptII/ptolemy/actor/lib/test/auto/BooleanSwitchCloningBugWithClassRelationGroup.xml (RunModel)" time="0.022" />
  <testcase classname="ptolemy.util.test.junit.AutoTests" name="[44] /home/travis/build/icyphy/ptII/ptolemy/actor/lib/test/auto/BusActors.xml (RunModel)" time="0.04" />
  <testcase classname="ptolemy.util.test.junit.AutoTests" name="[45] /home/travis/build/icyphy/ptII/ptolemy/actor/lib/test/auto/ClassWrapper.xml (RunModel)" time="0.017" />
  <testcase classname="ptolemy.util.test.junit.AutoTests" name="[46] /home/travis/build/icyphy/ptII/ptolemy/actor/lib/test/auto/Clock.xml (RunModel)" time="0.01" />
  <testcase classname="ptolemy.util.test.junit.AutoTests" name="[47] /home/travis/build/icyphy/ptII/ptolemy/actor/lib/test/auto/Clock10.xml (RunModel)" time="0.017" />
  <testcase classname="ptolemy.util.test.junit.AutoTests" name="[48] /home/travis/build/icyphy/ptII/ptolemy/actor/lib/test/auto/Clock11.xml (RunModel)" time="0.021" />
  <testcase classname="ptolemy.util.test.junit.AutoTests" name="[49] /home/travis/build/icyphy/ptII/ptolemy/actor/lib/test/auto/Clock12.xml (RunModel)" time="0.021" />
  <testcase classname="ptolemy.util.test.junit.AutoTests" name="[50] /home/travis/build/icyphy/ptII/ptolemy/actor/lib/test/auto/Clock13.xml (RunModel)" time="0.016" />
  <testcase classname="ptolemy.util.test.junit.AutoTests" name="[51] /home/travis/build/icyphy/ptII/ptolemy/actor/lib/test/auto/Clock14.xml (RunModel)" time="0.017" />
  <testcase classname="ptolemy.util.test.junit.AutoTests" name="[52] /home/travis/build/icyphy/ptII/ptolemy/actor/lib/test/auto/Clock15.xml (RunModel)" time="0.014" />
  <testcase classname="ptolemy.util.test.junit.AutoTests" name="[53] /home/travis/build/icyphy/ptII/ptolemy/actor/lib/test/auto/Clock16.xml (RunModel)" time="0.092" />
  <testcase classname="ptolemy.util.test.junit.AutoTests" name="[54] /home/travis/build/icyphy/ptII/ptolemy/actor/lib/test/auto/Clock17.xml (RunModel)" time="0.04" />
  <testcase classname="ptolemy.util.test.junit.AutoTests" name="[55] /home/travis/build/icyphy/ptII/ptolemy/actor/lib/test/auto/Clock18.xml (RunModel)" time="0.055" />
  <testcase classname="ptolemy.util.test.junit.AutoTests" name="[56] /home/travis/build/icyphy/ptII/ptolemy/actor/lib/test/auto/Clock19.xml (RunModel)" time="0.036" />
  <testcase classname="ptolemy.util.test.junit.AutoTests" name="[57] /home/travis/build/icyphy/ptII/ptolemy/actor/lib/test/auto/Clock2.xml (RunModel)" time="0.01" />
  <testcase classname="ptolemy.util.test.junit.AutoTests" name="[58] /home/travis/build/icyphy/ptII/ptolemy/actor/lib/test/auto/Clock20.xml (RunModel)" time="0.02" />
  <testcase classname="ptolemy.util.test.junit.AutoTests" name="[59] /home/travis/build/icyphy/ptII/ptolemy/actor/lib/test/auto/Clock21.xml (RunModel)" time="0.014" />
  <testcase classname="ptolemy.util.test.junit.AutoTests" name="[60] /home/travis/build/icyphy/ptII/ptolemy/actor/lib/test/auto/Clock22.xml (RunModel)" time="0.014" />
  <testcase classname="ptolemy.util.test.junit.AutoTests" name="[61] /home/travis/build/icyphy/ptII/ptolemy/actor/lib/test/auto/Clock23.xml (RunModel)" time="0.02" />
  <testcase classname="ptolemy.util.test.junit.AutoTests" name="[62] /home/travis/build/icyphy/ptII/ptolemy/actor/lib/test/auto/Clock24.xml (RunModel)" time="0.014" />
  <testcase classname="ptolemy.util.test.junit.AutoTests" name="[63] /home/travis/build/icyphy/ptII/ptolemy/actor/lib/test/auto/Clock4.xml (RunModel)" time="0.01" />
  <testcase classname="ptolemy.util.test.junit.AutoTests" name="[64] /home/travis/build/icyphy/ptII/ptolemy/actor/lib/test/auto/Clock5.xml (RunModel)" time="0.016" />
  <testcase classname="ptolemy.util.test.junit.AutoTests" name="[65] /home/travis/build/icyphy/ptII/ptolemy/actor/lib/test/auto/Clock6.xml (RunModel)" time="0.01" />
  <testcase classname="ptolemy.util.test.junit.AutoTests" name="[66] /home/travis/build/icyphy/ptII/ptolemy/actor/lib/test/auto/Clock7.xml (RunModel)" time="0.009" />
  <testcase classname="ptolemy.util.test.junit.AutoTests" name="[67] /home/travis/build/icyphy/ptII/ptolemy/actor/lib/test/auto/Clock8.xml (RunModel)" time="0.013" />
  <testcase classname="ptolemy.util.test.junit.AutoTests" name="[68] /home/travis/build/icyphy/ptII/ptolemy/actor/lib/test/auto/Clock9.xml (RunModel)" time="0.013" />
  <testcase classname="ptolemy.util.test.junit.AutoTests" name="[69] /home/travis/build/icyphy/ptII/ptolemy/actor/lib/test/auto/CommDistDiscard.xml (RunModel)" time="0.02" />
  <testcase classname="ptolemy.util.test.junit.AutoTests" name="[70] /home/travis/build/icyphy/ptII/ptolemy/actor/lib/test/auto/Commutator.xml (RunModel)" time="0.014" />
  <testcase classname="ptolemy.util.test.junit.AutoTests" name="[71] /home/travis/build/icyphy/ptII/ptolemy/actor/lib/test/auto/Commutator2.xml (RunModel)" time="0.009" />
  <testcase classname="ptolemy.util.test.junit.AutoTests" name="[72] /home/travis/build/icyphy/ptII/ptolemy/actor/lib/test/auto/Commutator3.xml (RunModel)" time="0.011" />
  <testcase classname="ptolemy.util.test.junit.AutoTests" name="[73] /home/travis/build/icyphy/ptII/ptolemy/actor/lib/test/auto/Compare.xml (RunModel)" time="0.022" />
  <testcase classname="ptolemy.util.test.junit.AutoTests" name="[74] /home/travis/build/icyphy/ptII/ptolemy/actor/lib/test/auto/CompareDE.xml (RunModel)" time="0.017" />
  <testcase classname="ptolemy.util.test.junit.AutoTests" name="[75] /home/travis/build/icyphy/ptII/ptolemy/actor/lib/test/auto/ComplexDivide.xml (RunModel)" time="0.009" />
  <testcase classname="ptolemy.util.test.junit.AutoTests" name="[76] /home/travis/build/icyphy/ptII/ptolemy/actor/lib/test/auto/ComputeHistogram.xml (RunModel)" time="0.047" />
  <testcase classname="ptolemy.util.test.junit.AutoTests" name="[77] /home/travis/build/icyphy/ptII/ptolemy/actor/lib/test/auto/ConfigurationSelect.xml (RunModel)" time="0.016" />
  <testcase classname="ptolemy.util.test.junit.AutoTests" name="[78] /home/travis/build/icyphy/ptII/ptolemy/actor/lib/test/auto/ConfigurationSelect2.xml (RunModel)" time="0.014" />
  <testcase classname="ptolemy.util.test.junit.AutoTests" name="[79] /home/travis/build/icyphy/ptII/ptolemy/actor/lib/test/auto/ConfigurationSwitch.xml (RunModel)" time="0.03" />
  <testcase classname="ptolemy.util.test.junit.AutoTests" name="[80] /home/travis/build/icyphy/ptII/ptolemy/actor/lib/test/auto/ConfigurationSwitch2.xml (RunModel)" time="0.026" />
  <testcase classname="ptolemy.util.test.junit.AutoTests" name="[81] /home/travis/build/icyphy/ptII/ptolemy/actor/lib/test/auto/ConfigurationSwitchCloningBugWithClassRelationGroup.xml (RunModel)" time="0.027" />
  <testcase classname="ptolemy.util.test.junit.AutoTests" name="[82] /home/travis/build/icyphy/ptII/ptolemy/actor/lib/test/auto/ConfigurationSwitchSelectSDF.xml (RunModel)" time="0.018" />
  <testcase classname="ptolemy.util.test.junit.AutoTests" name="[83] /home/travis/build/icyphy/ptII/ptolemy/actor/lib/test/auto/ConfigurationSwitchSelectSDF2.xml (RunModel)" time="0.02" />
  <testcase classname="ptolemy.util.test.junit.AutoTests" name="[84] /home/travis/build/icyphy/ptII/ptolemy/actor/lib/test/auto/Const.xml (RunModel)" time="0.008" />
  <testcase classname="ptolemy.util.test.junit.AutoTests" name="[85] /home/travis/build/icyphy/ptII/ptolemy/actor/lib/test/auto/Const2.xml (RunModel)" time="0.012" />
  <testcase classname="ptolemy.util.test.junit.AutoTests" name="[86] /home/travis/build/icyphy/ptII/ptolemy/actor/lib/test/auto/Const3.xml (RunModel)" time="0.008" />
  <testcase classname="ptolemy.util.test.junit.AutoTests" name="[87] /home/travis/build/icyphy/ptII/ptolemy/actor/lib/test/auto/ConstantPublisherPort1.xml (RunModel)" time="0.026" />
  <testcase classname="ptolemy.util.test.junit.AutoTests" name="[88] /home/travis/build/icyphy/ptII/ptolemy/actor/lib/test/auto/ConstantPublisherPort2.xml (RunModel)" time="0.026" />
  <testcase classname="ptolemy.util.test.junit.AutoTests" name="[89] /home/travis/build/icyphy/ptII/ptolemy/actor/lib/test/auto/ConstantPublisherPort3.xml (RunModel)" time="0.025" />
  <testcase classname="ptolemy.util.test.junit.AutoTests" name="[90] /home/travis/build/icyphy/ptII/ptolemy/actor/lib/test/auto/ConstantPublisherPort4.xml (RunModel)" time="0.017" />
  <testcase classname="ptolemy.util.test.junit.AutoTests" name="[91] /home/travis/build/icyphy/ptII/ptolemy/actor/lib/test/auto/ConstantPublisherPort5.xml (RunModel)" time="0.05" />
  <testcase classname="ptolemy.util.test.junit.AutoTests" name="[92] /home/travis/build/icyphy/ptII/ptolemy/actor/lib/test/auto/ConstantPublisherPort6.xml (RunModel)" time="0.038" />
  <testcase classname="ptolemy.util.test.junit.AutoTests" name="[93] /home/travis/build/icyphy/ptII/ptolemy/actor/lib/test/auto/ConstantPublisherPort7.xml (RunModel)" time="0.034" />
  <testcase classname="ptolemy.util.test.junit.AutoTests" name="[94] /home/travis/build/icyphy/ptII/ptolemy/actor/lib/test/auto/ConstraintMonitor1.xml (RunModel)" time="0.034" />
  <testcase classname="ptolemy.util.test.junit.AutoTests" name="[95] /home/travis/build/icyphy/ptII/ptolemy/actor/lib/test/auto/ConstraintMonitor2.xml (RunModel)" time="0.016" />
  <testcase classname="ptolemy.util.test.junit.AutoTests" name="[96] /home/travis/build/icyphy/ptII/ptolemy/actor/lib/test/auto/ConstraintMonitor3.xml (RunModel)" time="0.034" />
  <testcase classname="ptolemy.util.test.junit.AutoTests" name="[97] /home/travis/build/icyphy/ptII/ptolemy/actor/lib/test/auto/ConstraintMonitor4.xml (RunModel)" time="0.014" />
  <testcase classname="ptolemy.util.test.junit.AutoTests" name="[98] /home/travis/build/icyphy/ptII/ptolemy/actor/lib/test/auto/ConstraintMonitor5.xml (RunModel)" time="0.012" />
  <testcase classname="ptolemy.util.test.junit.AutoTests" name="[99] /home/travis/build/icyphy/ptII/ptolemy/actor/lib/test/auto/ConstraintMonitor6.xml (RunModel)" time="0.017" />
  <testcase classname="ptolemy.util.test.junit.AutoTests" name="[100] /home/travis/build/icyphy/ptII/ptolemy/actor/lib/test/auto/ConstraintMonitor7.xml (RunModel)" time="0.015" />
  <testcase classname="ptolemy.util.test.junit.AutoTests" name="[101] /home/travis/build/icyphy/ptII/ptolemy/actor/lib/test/auto/ConstraintMonitor8.xml (RunModel)" time="0.019" />
  <testcase classname="ptolemy.util.test.junit.AutoTests" name="[102] /home/travis/build/icyphy/ptII/ptolemy/actor/lib/test/auto/Counter.xml (RunModel)" time="0.012" />
  <testcase classname="ptolemy.util.test.junit.AutoTests" name="[103] /home/travis/build/icyphy/ptII/ptolemy/actor/lib/test/auto/CurrentTimeSDF.xml (RunModel)" time="0.01" />
  <testcase classname="ptolemy.util.test.junit.AutoTests" name="[104] /home/travis/build/icyphy/ptII/ptolemy/actor/lib/test/auto/DB.xml (RunModel)" time="0.012" />
  <testcase classname="ptolemy.util.test.junit.AutoTests" name="[105] /home/travis/build/icyphy/ptII/ptolemy/actor/lib/test/auto/DBDE.xml (RunModel)" time="0.014" />
  <testcase classname="ptolemy.util.test.junit.AutoTests" name="[106] /home/travis/build/icyphy/ptII/ptolemy/actor/lib/test/auto/DateConstructor.xml (RunModel)" time="0.057" />
  <testcase classname="ptolemy.util.test.junit.AutoTests" name="[107] /home/travis/build/icyphy/ptII/ptolemy/actor/lib/test/auto/DelayTime.xml (RunModel)" time="0.02" />
  <testcase classname="ptolemy.util.test.junit.AutoTests" name="[108] /home/travis/build/icyphy/ptII/ptolemy/actor/lib/test/auto/Dictionary1.xml (RunModel)" time="0.016" />
  <testcase classname="ptolemy.util.test.junit.AutoTests" name="[109] /home/travis/build/icyphy/ptII/ptolemy/actor/lib/test/auto/Dictionary2.xml (RunModel)" time="0.025" />
  <testcase classname="ptolemy.util.test.junit.AutoTests" name="[110] /home/travis/build/icyphy/ptII/ptolemy/actor/lib/test/auto/Dictionary3.xml (RunModel)" time="0.014" />
  <testcase classname="ptolemy.util.test.junit.AutoTests" name="[111] /home/travis/build/icyphy/ptII/ptolemy/actor/lib/test/auto/Dictionary4.xml (RunModel)" time="0.018" />
  <testcase classname="ptolemy.util.test.junit.AutoTests" name="[112] /home/travis/build/icyphy/ptII/ptolemy/actor/lib/test/auto/Differential.xml (RunModel)" time="0.014" />
  <testcase classname="ptolemy.util.test.junit.AutoTests" name="[113] /home/travis/build/icyphy/ptII/ptolemy/actor/lib/test/auto/Director.xml (RunModel)" time="0.01" />
  <testcase classname="ptolemy.util.test.junit.AutoTests" name="[114] /home/travis/build/icyphy/ptII/ptolemy/actor/lib/test/auto/DiscreteClock.xml (RunModel)" time="0.008" />
  <testcase classname="ptolemy.util.test.junit.AutoTests" name="[115] /home/travis/build/icyphy/ptII/ptolemy/actor/lib/test/auto/DiscreteClock10.xml (RunModel)" time="0.011" />
  <testcase classname="ptolemy.util.test.junit.AutoTests" name="[116] /home/travis/build/icyphy/ptII/ptolemy/actor/lib/test/auto/DiscreteClock11.xml (RunModel)" time="0.012" />
  <testcase classname="ptolemy.util.test.junit.AutoTests" name="[117] /home/travis/build/icyphy/ptII/ptolemy/actor/lib/test/auto/DiscreteClock12.xml (RunModel)" time="0.013" />
  <testcase classname="ptolemy.util.test.junit.AutoTests" name="[118] /home/travis/build/icyphy/ptII/ptolemy/actor/lib/test/auto/DiscreteClock13.xml (RunModel)" time="0.013" />
  <testcase classname="ptolemy.util.test.junit.AutoTests" name="[119] /home/travis/build/icyphy/ptII/ptolemy/actor/lib/test/auto/DiscreteClock14.xml (RunModel)" time="0.017" />
  <testcase classname="ptolemy.util.test.junit.AutoTests" name="[120] /home/travis/build/icyphy/ptII/ptolemy/actor/lib/test/auto/DiscreteClock15.xml (RunModel)" time="0.016" />
  <testcase classname="ptolemy.util.test.junit.AutoTests" name="[121] /home/travis/build/icyphy/ptII/ptolemy/actor/lib/test/auto/DiscreteClock16.xml (RunModel)" time="0.045" />
  <testcase classname="ptolemy.util.test.junit.AutoTests" name="[122] /home/travis/build/icyphy/ptII/ptolemy/actor/lib/test/auto/DiscreteClock17.xml (RunModel)" time="0.037" />
  <testcase classname="ptolemy.util.test.junit.AutoTests" name="[123] /home/travis/build/icyphy/ptII/ptolemy/actor/lib/test/auto/DiscreteClock18.xml (RunModel)" time="0.042" />
  <testcase classname="ptolemy.util.test.junit.AutoTests" name="[124] /home/travis/build/icyphy/ptII/ptolemy/actor/lib/test/auto/DiscreteClock19.xml (RunModel)" time="0.043" />
  <testcase classname="ptolemy.util.test.junit.AutoTests" name="[125] /home/travis/build/icyphy/ptII/ptolemy/actor/lib/test/auto/DiscreteClock2.xml (RunModel)" time="0.009" />
  <testcase classname="ptolemy.util.test.junit.AutoTests" name="[126] /home/travis/build/icyphy/ptII/ptolemy/actor/lib/test/auto/DiscreteClock20.xml (RunModel)" time="0.034" />
  <testcase classname="ptolemy.util.test.junit.AutoTests" name="[127] /home/travis/build/icyphy/ptII/ptolemy/actor/lib/test/auto/DiscreteClock21.xml (RunModel)" time="0.016" />
  <testcase classname="ptolemy.util.test.junit.AutoTests" name="[128] /home/travis/build/icyphy/ptII/ptolemy/actor/lib/test/auto/DiscreteClock22.xml (RunModel)" time="0.015" />
  <testcase classname="ptolemy.util.test.junit.AutoTests" name="[129] /home/travis/build/icyphy/ptII/ptolemy/actor/lib/test/auto/DiscreteClock23.xml (RunModel)" time="0.018" />
  <testcase classname="ptolemy.util.test.junit.AutoTests" name="[130] /home/travis/build/icyphy/ptII/ptolemy/actor/lib/test/auto/DiscreteClock24.xml (RunModel)" time="0.012" />
  <testcase classname="ptolemy.util.test.junit.AutoTests" name="[131] /home/travis/build/icyphy/ptII/ptolemy/actor/lib/test/auto/DiscreteClock4.xml (RunModel)" time="0.014" />
  <testcase classname="ptolemy.util.test.junit.AutoTests" name="[132] /home/travis/build/icyphy/ptII/ptolemy/actor/lib/test/auto/DiscreteClock5.xml (RunModel)" time="0.009" />
  <testcase classname="ptolemy.util.test.junit.AutoTests" name="[133] /home/travis/build/icyphy/ptII/ptolemy/actor/lib/test/auto/DiscreteClock6.xml (RunModel)" time="0.012" />
  <testcase classname="ptolemy.util.test.junit.AutoTests" name="[134] /home/travis/build/icyphy/ptII/ptolemy/actor/lib/test/auto/DiscreteClock7.xml (RunModel)" time="0.011" />
  <testcase classname="ptolemy.util.test.junit.AutoTests" name="[135] /home/travis/build/icyphy/ptII/ptolemy/actor/lib/test/auto/DiscreteClock8.xml (RunModel)" time="0.019" />
  <testcase classname="ptolemy.util.test.junit.AutoTests" name="[136] /home/travis/build/icyphy/ptII/ptolemy/actor/lib/test/auto/DiscreteClock9.xml (RunModel)" time="0.012" />
  <testcase classname="ptolemy.util.test.junit.AutoTests" name="[137] /home/travis/build/icyphy/ptII/ptolemy/actor/lib/test/auto/DisplayArray.xml (RunModel)" time="0.01" />
  <testcase classname="ptolemy.util.test.junit.AutoTests" name="[138] /home/travis/build/icyphy/ptII/ptolemy/actor/lib/test/auto/Distributor.xml (RunModel)" time="0.011" />
  <testcase classname="ptolemy.util.test.junit.AutoTests" name="[139] /home/travis/build/icyphy/ptII/ptolemy/actor/lib/test/auto/Distributor2.xml (RunModel)" time="0.009" />
  <testcase classname="ptolemy.util.test.junit.AutoTests" name="[140] /home/travis/build/icyphy/ptII/ptolemy/actor/lib/test/auto/DownSample.xml (RunModel)" time="0.012" />
  <testcase classname="ptolemy.util.test.junit.AutoTests" name="[141] /home/travis/build/icyphy/ptII/ptolemy/actor/lib/test/auto/ElectronicUnitBase1.xml (RunModel)" time="0.061" />
  <testcase classname="ptolemy.util.test.junit.AutoTests" name="[142] /home/travis/build/icyphy/ptII/ptolemy/actor/lib/test/auto/ElementsToArray.xml (RunModel)" time="0.01" />
  <testcase classname="ptolemy.util.test.junit.AutoTests" name="[143] /home/travis/build/icyphy/ptII/ptolemy/actor/lib/test/auto/Equals.xml (RunModel)" time="0.019" />
  <testcase classname="ptolemy.util.test.junit.AutoTests" name="[144] /home/travis/build/icyphy/ptII/ptolemy/actor/lib/test/auto/Exec.xml (RunModel)" time="0.034" />
  <testcase classname="ptolemy.util.test.junit.AutoTests" name="[145] /home/travis/build/icyphy/ptII/ptolemy/actor/lib/test/auto/ExecEnvironment.xml (RunModel)" time="0.035" />
  <testcase classname="ptolemy.util.test.junit.AutoTests" name="[146] /home/travis/build/icyphy/ptII/ptolemy/actor/lib/test/auto/ExecNonZeroReturnOutput.xml (RunModel)" time="0.179" />
  <testcase classname="ptolemy.util.test.junit.AutoTests" name="[147] /home/travis/build/icyphy/ptII/ptolemy/actor/lib/test/auto/ExecRunDemos.xml (RunModel)" time="10.642" />
  <testcase classname="ptolemy.util.test.junit.AutoTests" name="[148] /home/travis/build/icyphy/ptII/ptolemy/actor/lib/test/auto/ExecStop.xml (RunModel)" time="5.027" />
  <testcase classname="ptolemy.util.test.junit.AutoTests" name="[149] /home/travis/build/icyphy/ptII/ptolemy/actor/lib/test/auto/ExecutionTimeSDF.xml (RunModel)" time="6.031" />
  <testcase classname="ptolemy.util.test.junit.AutoTests" name="[150] /home/travis/build/icyphy/ptII/ptolemy/actor/lib/test/auto/Expression1.xml (RunModel)" time="0.008" />
  <testcase classname="ptolemy.util.test.junit.AutoTests" name="[151] /home/travis/build/icyphy/ptII/ptolemy/actor/lib/test/auto/Expression10.xml (RunModel)" time="0.022" />
  <testcase classname="ptolemy.util.test.junit.AutoTests" name="[152] /home/travis/build/icyphy/ptII/ptolemy/actor/lib/test/auto/Expression11.xml (RunModel)" time="0.011" />
  <testcase classname="ptolemy.util.test.junit.AutoTests" name="[153] /home/travis/build/icyphy/ptII/ptolemy/actor/lib/test/auto/Expression12.xml (RunModel)" time="0.018" />
  <testcase classname="ptolemy.util.test.junit.AutoTests" name="[154] /home/travis/build/icyphy/ptII/ptolemy/actor/lib/test/auto/Expression13.xml (RunModel)" time="0.012" />
  <testcase classname="ptolemy.util.test.junit.AutoTests" name="[155] /home/travis/build/icyphy/ptII/ptolemy/actor/lib/test/auto/Expression14.xml (RunModel)" time="0.017" />
  <testcase classname="ptolemy.util.test.junit.AutoTests" name="[156] /home/travis/build/icyphy/ptII/ptolemy/actor/lib/test/auto/Expression15.xml (RunModel)" time="0.007" />
  <testcase classname="ptolemy.util.test.junit.AutoTests" name="[157] /home/travis/build/icyphy/ptII/ptolemy/actor/lib/test/auto/Expression16.xml (RunModel)" time="0.02" />
  <testcase classname="ptolemy.util.test.junit.AutoTests" name="[158] /home/travis/build/icyphy/ptII/ptolemy/actor/lib/test/auto/Expression17.xml (RunModel)" time="0.011" />
  <testcase classname="ptolemy.util.test.junit.AutoTests" name="[159] /home/travis/build/icyphy/ptII/ptolemy/actor/lib/test/auto/Expression18.xml (RunModel)" time="0.013" />
  <testcase classname="ptolemy.util.test.junit.AutoTests" name="[160] /home/travis/build/icyphy/ptII/ptolemy/actor/lib/test/auto/Expression2.xml (RunModel)" time="0.014" />
  <testcase classname="ptolemy.util.test.junit.AutoTests" name="[161] /home/travis/build/icyphy/ptII/ptolemy/actor/lib/test/auto/Expression3.xml (RunModel)" time="0.013" />
  <testcase classname="ptolemy.util.test.junit.AutoTests" name="[162] /home/travis/build/icyphy/ptII/ptolemy/actor/lib/test/auto/Expression4.xml (RunModel)" time="0.019" />
  <testcase classname="ptolemy.util.test.junit.AutoTests" name="[163] /home/travis/build/icyphy/ptII/ptolemy/actor/lib/test/auto/Expression5.xml (RunModel)" time="0.011" />
  <testcase classname="ptolemy.util.test.junit.AutoTests" name="[164] /home/travis/build/icyphy/ptII/ptolemy/actor/lib/test/auto/Expression6.xml (RunModel)" time="0.01" />
  <testcase classname="ptolemy.util.test.junit.AutoTests" name="[165] /home/travis/build/icyphy/ptII/ptolemy/actor/lib/test/auto/Expression7.xml (RunModel)" time="0.011" />
  <testcase classname="ptolemy.util.test.junit.AutoTests" name="[166] /home/travis/build/icyphy/ptII/ptolemy/actor/lib/test/auto/Expression8.xml (RunModel)" time="0.016" />
  <testcase classname="ptolemy.util.test.junit.AutoTests" name="[167] /home/travis/build/icyphy/ptII/ptolemy/actor/lib/test/auto/Expression9.xml (RunModel)" time="0.008" />
  <testcase classname="ptolemy.util.test.junit.AutoTests" name="[168] /home/travis/build/icyphy/ptII/ptolemy/actor/lib/test/auto/ExpressionConcatenateArrayType.xml (RunModel)" time="0.032" />
  <testcase classname="ptolemy.util.test.junit.AutoTests" name="[169] /home/travis/build/icyphy/ptII/ptolemy/actor/lib/test/auto/ExpressionConcatenateArrayType2.xml (RunModel)" time="0.02" />
  <testcase classname="ptolemy.util.test.junit.AutoTests" name="[170] /home/travis/build/icyphy/ptII/ptolemy/actor/lib/test/auto/ExpressionFix.xml (RunModel)" time="0.04" />
  <testcase classname="ptolemy.util.test.junit.AutoTests" name="[171] /home/travis/build/icyphy/ptII/ptolemy/actor/lib/test/auto/ExpressionFix2.xml (RunModel)" time="0.014" />
  <testcase classname="ptolemy.util.test.junit.AutoTests" name="[172] /home/travis/build/icyphy/ptII/ptolemy/actor/lib/test/auto/ExpressionFix3.xml (RunModel)" time="0.012" />
  <testcase classname="ptolemy.util.test.junit.AutoTests" name="[173] /home/travis/build/icyphy/ptII/ptolemy/actor/lib/test/auto/FileWriter1.xml (RunModel)" time="0.009" />
  <testcase classname="ptolemy.util.test.junit.AutoTests" name="[174] /home/travis/build/icyphy/ptII/ptolemy/actor/lib/test/auto/FileWriter2.xml (RunModel)" time="0.011" />
  <testcase classname="ptolemy.util.test.junit.AutoTests" name="[175] /home/travis/build/icyphy/ptII/ptolemy/actor/lib/test/auto/FileWriter3.xml (RunModel)" time="0.018" />
  <testcase classname="ptolemy.util.test.junit.AutoTests" name="[176] /home/travis/build/icyphy/ptII/ptolemy/actor/lib/test/auto/Gaussian.xml (RunModel)" time="0.014" />
  <testcase classname="ptolemy.util.test.junit.AutoTests" name="[177] /home/travis/build/icyphy/ptII/ptolemy/actor/lib/test/auto/Gaussian1.xml (RunModel)" time="0.02" />
  <testcase classname="ptolemy.util.test.junit.AutoTests" name="[178] /home/travis/build/icyphy/ptII/ptolemy/actor/lib/test/auto/Gaussian2.xml (RunModel)" time="0.02" />
  <testcase classname="ptolemy.util.test.junit.AutoTests" name="[179] /home/travis/build/icyphy/ptII/ptolemy/actor/lib/test/auto/GradientAdaptiveLattice.xml (RunModel)" time="0.017" />
  <testcase classname="ptolemy.util.test.junit.AutoTests" name="[180] /home/travis/build/icyphy/ptII/ptolemy/actor/lib/test/auto/IIR.xml (RunModel)" time="0.011" />
  <testcase classname="ptolemy.util.test.junit.AutoTests" name="[181] /home/travis/build/icyphy/ptII/ptolemy/actor/lib/test/auto/InputOutputTransparentPorts.xml (RunModel)" time="0.017" />
  <testcase classname="ptolemy.util.test.junit.AutoTests" name="[182] /home/travis/build/icyphy/ptII/ptolemy/actor/lib/test/auto/Interpolator.xml (RunModel)" time="0.012" />
  <testcase classname="ptolemy.util.test.junit.AutoTests" name="[183] /home/travis/build/icyphy/ptII/ptolemy/actor/lib/test/auto/InterpolatorFiringLimitDE.xml (RunModel)" time="0.013" />
  <testcase classname="ptolemy.util.test.junit.AutoTests" name="[184] /home/travis/build/icyphy/ptII/ptolemy/actor/lib/test/auto/Lattice.xml (RunModel)" time="0.011" />
  <testcase classname="ptolemy.util.test.junit.AutoTests" name="[185] /home/travis/build/icyphy/ptII/ptolemy/actor/lib/test/auto/LazyAOCTestLazy.xml (RunModel)" time="0.027" />
  <testcase classname="ptolemy.util.test.junit.AutoTests" name="[186] /home/travis/build/icyphy/ptII/ptolemy/actor/lib/test/auto/LazyAOCTestNonLazy.xml (RunModel)" time="0.017" />
  <testcase classname="ptolemy.util.test.junit.AutoTests" name="[187] /home/travis/build/icyphy/ptII/ptolemy/actor/lib/test/auto/LazyInnerClass.xml (RunModel)" time="0.022" />
  <testcase classname="ptolemy.util.test.junit.AutoTests" name="[188] /home/travis/build/icyphy/ptII/ptolemy/actor/lib/test/auto/LazyPubSub.xml (RunModel)" time="0.028" />
  <testcase classname="ptolemy.util.test.junit.AutoTests" name="[189] /home/travis/build/icyphy/ptII/ptolemy/actor/lib/test/auto/LazyPubSub2.xml (RunModel)" time="0.054" />
  <testcase classname="ptolemy.util.test.junit.AutoTests" name="[190] /home/travis/build/icyphy/ptII/ptolemy/actor/lib/test/auto/LazyPubSub3.xml (RunModel)" time="0.055" />
  <testcase classname="ptolemy.util.test.junit.AutoTests" name="[191] /home/travis/build/icyphy/ptII/ptolemy/actor/lib/test/auto/LazySubClassModel.xml (RunModel)" time="0.053" />
  <testcase classname="ptolemy.util.test.junit.AutoTests" name="[192] /home/travis/build/icyphy/ptII/ptolemy/actor/lib/test/auto/LevelCrossTest1.xml (RunModel)" time="0.01" />
  <testcase classname="ptolemy.util.test.junit.AutoTests" name="[193] /home/travis/build/icyphy/ptII/ptolemy/actor/lib/test/auto/LevelCrossTest10.xml (RunModel)" time="0.018" />
  <testcase classname="ptolemy.util.test.junit.AutoTests" name="[194] /home/travis/build/icyphy/ptII/ptolemy/actor/lib/test/auto/LevelCrossTest11.xml (RunModel)" time="0.011" />
  <testcase classname="ptolemy.util.test.junit.AutoTests" name="[195] /home/travis/build/icyphy/ptII/ptolemy/actor/lib/test/auto/LevelCrossTest12.xml (RunModel)" time="0.012" />
  <testcase classname="ptolemy.util.test.junit.AutoTests" name="[196] /home/travis/build/icyphy/ptII/ptolemy/actor/lib/test/auto/LevelCrossTest13.xml (RunModel)" time="0.017" />
  <testcase classname="ptolemy.util.test.junit.AutoTests" name="[197] /home/travis/build/icyphy/ptII/ptolemy/actor/lib/test/auto/LevelCrossTest2.xml (RunModel)" time="0.011" />
  <testcase classname="ptolemy.util.test.junit.AutoTests" name="[198] /home/travis/build/icyphy/ptII/ptolemy/actor/lib/test/auto/LevelCrossTest3.xml (RunModel)" time="0.011" />
  <testcase classname="ptolemy.util.test.junit.AutoTests" name="[199] /home/travis/build/icyphy/ptII/ptolemy/actor/lib/test/auto/LevelCrossTest4.xml (RunModel)" time="0.01" />
  <testcase classname="ptolemy.util.test.junit.AutoTests" name="[200] /home/travis/build/icyphy/ptII/ptolemy/actor/lib/test/auto/LevelCrossTest5.xml (RunModel)" time="0.012" />
  <testcase classname="ptolemy.util.test.junit.AutoTests" name="[201] /home/travis/build/icyphy/ptII/ptolemy/actor/lib/test/auto/LevelCrossTest6.xml (RunModel)" time="0.018" />
  <testcase classname="ptolemy.util.test.junit.AutoTests" name="[202] /home/travis/build/icyphy/ptII/ptolemy/actor/lib/test/auto/LevelCrossTest7.xml (RunModel)" time="0.014" />
  <testcase classname="ptolemy.util.test.junit.AutoTests" name="[203] /home/travis/build/icyphy/ptII/ptolemy/actor/lib/test/auto/LevelCrossTest8.xml (RunModel)" time="0.014" />
  <testcase classname="ptolemy.util.test.junit.AutoTests" name="[204] /home/travis/build/icyphy/ptII/ptolemy/actor/lib/test/auto/LevelCrossTest9.xml (RunModel)" time="0.013" />
  <testcase classname="ptolemy.util.test.junit.AutoTests" name="[205] /home/travis/build/icyphy/ptII/ptolemy/actor/lib/test/auto/LevinsonDurbin.xml (RunModel)" time="0.016" />
  <testcase classname="ptolemy.util.test.junit.AutoTests" name="[206] /home/travis/build/icyphy/ptII/ptolemy/actor/lib/test/auto/LevinsonDurbin2.xml (RunModel)" time="0.01" />
  <testcase classname="ptolemy.util.test.junit.AutoTests" name="[207] /home/travis/build/icyphy/ptII/ptolemy/actor/lib/test/auto/LevinsonDurbin3.xml (RunModel)" time="0.009" />
  <testcase classname="ptolemy.util.test.junit.AutoTests" name="[208] /home/travis/build/icyphy/ptII/ptolemy/actor/lib/test/auto/Limiter.xml (RunModel)" time="0.043" />
  <testcase classname="ptolemy.util.test.junit.AutoTests" name="[209] /home/travis/build/icyphy/ptII/ptolemy/actor/lib/test/auto/LinearDifferenceEquationSystem.xml (RunModel)" time="0.02" />
  <testcase classname="ptolemy.util.test.junit.AutoTests" name="[210] /home/travis/build/icyphy/ptII/ptolemy/actor/lib/test/auto/LookupTable.xml (RunModel)" time="0.011" />
  <testcase classname="ptolemy.util.test.junit.AutoTests" name="[211] /home/travis/build/icyphy/ptII/ptolemy/actor/lib/test/auto/MathFunction.xml (RunModel)" time="0.017" />
  <testcase classname="ptolemy.util.test.junit.AutoTests" name="[212] /home/travis/build/icyphy/ptII/ptolemy/actor/lib/test/auto/MathFunction2.xml (RunModel)" time="0.018" />
  <testcase classname="ptolemy.util.test.junit.AutoTests" name="[213] /home/travis/build/icyphy/ptII/ptolemy/actor/lib/test/auto/MathFunction3.xml (RunModel)" time="0.025" />
  <testcase classname="ptolemy.util.test.junit.AutoTests" name="[214] /home/travis/build/icyphy/ptII/ptolemy/actor/lib/test/auto/MatrixCropBoolean.xml (RunModel)" time="0.009" />
  <testcase classname="ptolemy.util.test.junit.AutoTests" name="[215] /home/travis/build/icyphy/ptII/ptolemy/actor/lib/test/auto/MatrixCropComplex.xml (RunModel)" time="0.009" />
  <testcase classname="ptolemy.util.test.junit.AutoTests" name="[216] /home/travis/build/icyphy/ptII/ptolemy/actor/lib/test/auto/MatrixCropDouble.xml (RunModel)" time="0.008" />
  <testcase classname="ptolemy.util.test.junit.AutoTests" name="[217] /home/travis/build/icyphy/ptII/ptolemy/actor/lib/test/auto/MatrixCropFix.xml (RunModel)" time="0.012" />
  <testcase classname="ptolemy.util.test.junit.AutoTests" name="[218] /home/travis/build/icyphy/ptII/ptolemy/actor/lib/test/auto/MatrixCropInt.xml (RunModel)" time="0.009" />
  <testcase classname="ptolemy.util.test.junit.AutoTests" name="[219] /home/travis/build/icyphy/ptII/ptolemy/actor/lib/test/auto/MatrixCropLong.xml (RunModel)" time="0.009" />
  <testcase classname="ptolemy.util.test.junit.AutoTests" name="[220] /home/travis/build/icyphy/ptII/ptolemy/actor/lib/test/auto/MatrixToArray.xml (RunModel)" time="0.054" />
  <testcase classname="ptolemy.util.test.junit.AutoTests" name="[221] /home/travis/build/icyphy/ptII/ptolemy/actor/lib/test/auto/MaxIndex.xml (RunModel)" time="0.013" />
  <testcase classname="ptolemy.util.test.junit.AutoTests" name="[222] /home/travis/build/icyphy/ptII/ptolemy/actor/lib/test/auto/Maximum.xml (RunModel)" time="0.014" />
  <testcase classname="ptolemy.util.test.junit.AutoTests" name="[223] /home/travis/build/icyphy/ptII/ptolemy/actor/lib/test/auto/MaximumComplex.xml (RunModel)" time="0.019" />
  <testcase classname="ptolemy.util.test.junit.AutoTests" name="[224] /home/travis/build/icyphy/ptII/ptolemy/actor/lib/test/auto/MethodCallTest.xml (RunModel)" time="0.021" />
  <testcase classname="ptolemy.util.test.junit.AutoTests" name="[225] /home/travis/build/icyphy/ptII/ptolemy/actor/lib/test/auto/Minimum.xml (RunModel)" time="0.014" />
  <testcase classname="ptolemy.util.test.junit.AutoTests" name="[226] /home/travis/build/icyphy/ptII/ptolemy/actor/lib/test/auto/MinimumComplex.xml (RunModel)" time="0.025" />
  <testcase classname="ptolemy.util.test.junit.AutoTests" name="[227] /home/travis/build/icyphy/ptII/ptolemy/actor/lib/test/auto/MinimumMultiports.xml (RunModel)" time="0.018" />
  <testcase classname="ptolemy.util.test.junit.AutoTests" name="[228] /home/travis/build/icyphy/ptII/ptolemy/actor/lib/test/auto/ModifyDate.xml (RunModel)" time="0.042" />
  <testcase classname="ptolemy.util.test.junit.AutoTests" name="[229] /home/travis/build/icyphy/ptII/ptolemy/actor/lib/test/auto/ModifyDate2.xml (RunModel)" time="0.029" />
  <testcase classname="ptolemy.util.test.junit.AutoTests" name="[230] /home/travis/build/icyphy/ptII/ptolemy/actor/lib/test/auto/MovingAverage.xml (RunModel)" time="0.012" />
  <testcase classname="ptolemy.util.test.junit.AutoTests" name="[231] /home/travis/build/icyphy/ptII/ptolemy/actor/lib/test/auto/MovingMaximum.xml (RunModel)" time="0.014" />
  <testcase classname="ptolemy.util.test.junit.AutoTests" name="[232] /home/travis/build/icyphy/ptII/ptolemy/actor/lib/test/auto/MultipleLinksToSameRelation.xml (RunModel)" time="0.01" />
  <testcase classname="ptolemy.util.test.junit.AutoTests" name="[233] /home/travis/build/icyphy/ptII/ptolemy/actor/lib/test/auto/MultipleLinksToSameRelationDE.xml (RunModel)" time="0.011" />
  <testcase classname="ptolemy.util.test.junit.AutoTests" name="[234] /home/travis/build/icyphy/ptII/ptolemy/actor/lib/test/auto/Multiplexor.xml (RunModel)" time="0.012" />
  <testcase classname="ptolemy.util.test.junit.AutoTests" name="[235] /home/travis/build/icyphy/ptII/ptolemy/actor/lib/test/auto/Multiplexor1.xml (RunModel)" time="0.01" />
  <testcase classname="ptolemy.util.test.junit.AutoTests" name="[236] /home/travis/build/icyphy/ptII/ptolemy/actor/lib/test/auto/Multiplexor2.xml (RunModel)" time="0.019" />
  <testcase classname="ptolemy.util.test.junit.AutoTests" name="[237] /home/travis/build/icyphy/ptII/ptolemy/actor/lib/test/auto/Multiplexor3.xml (RunModel)" time="0.009" />
  <testcase classname="ptolemy.util.test.junit.AutoTests" name="[238] /home/travis/build/icyphy/ptII/ptolemy/actor/lib/test/auto/MultiplexorDE.xml (RunModel)" time="0.016" />
  <testcase classname="ptolemy.util.test.junit.AutoTests" name="[239] /home/travis/build/icyphy/ptII/ptolemy/actor/lib/test/auto/MultiportBroadcastTest.xml (RunModel)" time="0.097" />
  <testcase classname="ptolemy.util.test.junit.AutoTests" name="[240] /home/travis/build/icyphy/ptII/ptolemy/actor/lib/test/auto/MultiportOutHangDuringGetWidth.xml (RunModel)" time="0.032" />
  <testcase classname="ptolemy.util.test.junit.AutoTests" name="[241] /home/travis/build/icyphy/ptII/ptolemy/actor/lib/test/auto/NilToken.xml (RunModel)" time="0.012" />
  <testcase classname="ptolemy.util.test.junit.AutoTests" name="[242] /home/travis/build/icyphy/ptII/ptolemy/actor/lib/test/auto/NilTokenNonStrictTest.xml (RunModel)" time="0.011" />
  <testcase classname="ptolemy.util.test.junit.AutoTests" name="[243] /home/travis/build/icyphy/ptII/ptolemy/actor/lib/test/auto/NilTokenRecord.xml (RunModel)" time="0.026" />
  <testcase classname="ptolemy.util.test.junit.AutoTests" name="[244] /home/travis/build/icyphy/ptII/ptolemy/actor/lib/test/auto/NilTokenTypeTest.xml (RunModel)" time="0.027" />
  <testcase classname="ptolemy.util.test.junit.AutoTests" name="[245] /home/travis/build/icyphy/ptII/ptolemy/actor/lib/test/auto/ObjectToken1.xml (RunModel)" time="0.008" />
  <testcase classname="ptolemy.util.test.junit.AutoTests" name="[246] /home/travis/build/icyphy/ptII/ptolemy/actor/lib/test/auto/OrderedMerge.xml (RunModel)" time="0.025" />
  <testcase classname="ptolemy.util.test.junit.AutoTests" name="[247] /home/travis/build/icyphy/ptII/ptolemy/actor/lib/test/auto/OrderedRecordDisassembler.xml (RunModel)" time="0.021" />
  <testcase classname="ptolemy.util.test.junit.AutoTests" name="[248] /home/travis/build/icyphy/ptII/ptolemy/actor/lib/test/auto/OrderedRecordDisassembler2.xml (RunModel)" time="0.018" />
  <testcase classname="ptolemy.util.test.junit.AutoTests" name="[249] /home/travis/build/icyphy/ptII/ptolemy/actor/lib/test/auto/OrderedRecordUpdater.xml (RunModel)" time="0.01" />
  <testcase classname="ptolemy.util.test.junit.AutoTests" name="[250] /home/travis/build/icyphy/ptII/ptolemy/actor/lib/test/auto/OrderedRecordUpdater2.xml (RunModel)" time="0.017" />
  <testcase classname="ptolemy.util.test.junit.AutoTests" name="[251] /home/travis/build/icyphy/ptII/ptolemy/actor/lib/test/auto/PhaseUnwrap.xml (RunModel)" time="0.012" />
  <testcase classname="ptolemy.util.test.junit.AutoTests" name="[252] /home/travis/build/icyphy/ptII/ptolemy/actor/lib/test/auto/PoissonClock.xml (RunModel)" time="0.01" />
  <testcase classname="ptolemy.util.test.junit.AutoTests" name="[253] /home/travis/build/icyphy/ptII/ptolemy/actor/lib/test/auto/PoissonClock2.xml (RunModel)" time="0.007" />
  <testcase classname="ptolemy.util.test.junit.AutoTests" name="[254] /home/travis/build/icyphy/ptII/ptolemy/actor/lib/test/auto/PoissonClock3.xml (RunModel)" time="0.024" />
  <testcase classname="ptolemy.util.test.junit.AutoTests" name="[255] /home/travis/build/icyphy/ptII/ptolemy/actor/lib/test/auto/PubSubWithInitialTokens.xml (RunModel)" time="0.018" />
  <testcase classname="ptolemy.util.test.junit.AutoTests" name="[256] /home/travis/build/icyphy/ptII/ptolemy/actor/lib/test/auto/PubSubWithInitialTokens2.xml (RunModel)" time="0.01" />
  <testcase classname="ptolemy.util.test.junit.AutoTests" name="[257] /home/travis/build/icyphy/ptII/ptolemy/actor/lib/test/auto/PublisherClassNoParameter.xml (RunModel)" time="0.019" />
  <testcase classname="ptolemy.util.test.junit.AutoTests" name="[258] /home/travis/build/icyphy/ptII/ptolemy/actor/lib/test/auto/PublisherClassParameter.xml (RunModel)" time="0.017" />
  <testcase classname="ptolemy.util.test.junit.AutoTests" name="[259] /home/travis/build/icyphy/ptII/ptolemy/actor/lib/test/auto/PublisherNonStrictTest.xml (RunModel)" time="0.013" />
  <testcase classname="ptolemy.util.test.junit.AutoTests" name="[260] /home/travis/build/icyphy/ptII/ptolemy/actor/lib/test/auto/PublisherPort1.xml (RunModel)" time="0.015" />
  <testcase classname="ptolemy.util.test.junit.AutoTests" name="[261] /home/travis/build/icyphy/ptII/ptolemy/actor/lib/test/auto/PublisherPort2.xml (RunModel)" time="0.016" />
  <testcase classname="ptolemy.util.test.junit.AutoTests" name="[262] /home/travis/build/icyphy/ptII/ptolemy/actor/lib/test/auto/PublisherPort3.xml (RunModel)" time="0.012" />
  <testcase classname="ptolemy.util.test.junit.AutoTests" name="[263] /home/travis/build/icyphy/ptII/ptolemy/actor/lib/test/auto/PublisherPort4.xml (RunModel)" time="0.012" />
  <testcase classname="ptolemy.util.test.junit.AutoTests" name="[264] /home/travis/build/icyphy/ptII/ptolemy/actor/lib/test/auto/PublisherPort5.xml (RunModel)" time="0.016" />
  <testcase classname="ptolemy.util.test.junit.AutoTests" name="[265] /home/travis/build/icyphy/ptII/ptolemy/actor/lib/test/auto/PublisherPort5LookAlike.xml (RunModel)" time="0.016" />
  <testcase classname="ptolemy.util.test.junit.AutoTests" name="[266] /home/travis/build/icyphy/ptII/ptolemy/actor/lib/test/auto/PublisherPort6.xml (RunModel)" time="0.011" />
  <testcase classname="ptolemy.util.test.junit.AutoTests" name="[267] /home/travis/build/icyphy/ptII/ptolemy/actor/lib/test/auto/PublisherPort7.xml (RunModel)" time="0.014" />
  <testcase classname="ptolemy.util.test.junit.AutoTests" name="[268] /home/travis/build/icyphy/ptII/ptolemy/actor/lib/test/auto/PublisherPort8.xml (RunModel)" time="0.016" />
  <testcase classname="ptolemy.util.test.junit.AutoTests" name="[269] /home/travis/build/icyphy/ptII/ptolemy/actor/lib/test/auto/PublisherPortSubscriberChannelVariablesAOC2.xml (RunModel)" time="0.031" />
  <testcase classname="ptolemy.util.test.junit.AutoTests" name="[270] /home/travis/build/icyphy/ptII/ptolemy/actor/lib/test/auto/PublisherPortSubscriberOpaqueWidthInference.xml (RunModel)" time="0.02" />
  <testcase classname="ptolemy.util.test.junit.AutoTests" name="[271] /home/travis/build/icyphy/ptII/ptolemy/actor/lib/test/auto/PublisherPortSubscriberPortAdjacent.xml (RunModel)" time="0.017" />
  <testcase classname="ptolemy.util.test.junit.AutoTests" name="[272] /home/travis/build/icyphy/ptII/ptolemy/actor/lib/test/auto/PublisherPortSubscriberPortExpression.xml (RunModel)" time="0.014" />
  <testcase classname="ptolemy.util.test.junit.AutoTests" name="[273] /home/travis/build/icyphy/ptII/ptolemy/actor/lib/test/auto/PublisherPortSubscriberPortOpaqueD3Reverse.xml (RunModel)" time="0.018" />
  <testcase classname="ptolemy.util.test.junit.AutoTests" name="[274] /home/travis/build/icyphy/ptII/ptolemy/actor/lib/test/auto/PublisherPortSubscriberPortOpaqueWidthInference.xml (RunModel)" time="0.017" />
  <testcase classname="ptolemy.util.test.junit.AutoTests" name="[275] /home/travis/build/icyphy/ptII/ptolemy/actor/lib/test/auto/PublisherPortToplevelSubscriberPortAOC.xml (RunModel)" time="0.016" />
  <testcase classname="ptolemy.util.test.junit.AutoTests" name="[276] /home/travis/build/icyphy/ptII/ptolemy/actor/lib/test/auto/PublisherSubscriber.xml (RunModel)" time="0.014" />
  <testcase classname="ptolemy.util.test.junit.AutoTests" name="[277] /home/travis/build/icyphy/ptII/ptolemy/actor/lib/test/auto/PublisherSubscriber10.xml (RunModel)" time="0.022" />
  <testcase classname="ptolemy.util.test.junit.AutoTests" name="[278] /home/travis/build/icyphy/ptII/ptolemy/actor/lib/test/auto/PublisherSubscriber10InitialOutputs.xml (RunModel)" time="0.035" />
  <testcase classname="ptolemy.util.test.junit.AutoTests" name="[279] /home/travis/build/icyphy/ptII/ptolemy/actor/lib/test/auto/PublisherSubscriber11.xml (RunModel)" time="0.026" />
  <testcase classname="ptolemy.util.test.junit.AutoTests" name="[280] /home/travis/build/icyphy/ptII/ptolemy/actor/lib/test/auto/PublisherSubscriber12.xml (RunModel)" time="0.022" />
  <testcase classname="ptolemy.util.test.junit.AutoTests" name="[281] /home/travis/build/icyphy/ptII/ptolemy/actor/lib/test/auto/PublisherSubscriber13.xml (RunModel)" time="0.009" />
  <testcase classname="ptolemy.util.test.junit.AutoTests" name="[282] /home/travis/build/icyphy/ptII/ptolemy/actor/lib/test/auto/PublisherSubscriber14.xml (RunModel)" time="0.021" />
  <testcase classname="ptolemy.util.test.junit.AutoTests" name="[283] /home/travis/build/icyphy/ptII/ptolemy/actor/lib/test/auto/PublisherSubscriber2.xml (RunModel)" time="0.011" />
  <testcase classname="ptolemy.util.test.junit.AutoTests" name="[284] /home/travis/build/icyphy/ptII/ptolemy/actor/lib/test/auto/PublisherSubscriber3.xml (RunModel)" time="0.009" />
  <testcase classname="ptolemy.util.test.junit.AutoTests" name="[285] /home/travis/build/icyphy/ptII/ptolemy/actor/lib/test/auto/PublisherSubscriber4.xml (RunModel)" time="0.008" />
  <testcase classname="ptolemy.util.test.junit.AutoTests" name="[286] /home/travis/build/icyphy/ptII/ptolemy/actor/lib/test/auto/PublisherSubscriber5.xml (RunModel)" time="0.011" />
  <testcase classname="ptolemy.util.test.junit.AutoTests" name="[287] /home/travis/build/icyphy/ptII/ptolemy/actor/lib/test/auto/PublisherSubscriber6.xml (RunModel)" time="0.018" />
  <testcase classname="ptolemy.util.test.junit.AutoTests" name="[288] /home/travis/build/icyphy/ptII/ptolemy/actor/lib/test/auto/PublisherSubscriber7.xml (RunModel)" time="0.016" />
  <testcase classname="ptolemy.util.test.junit.AutoTests" name="[289] /home/travis/build/icyphy/ptII/ptolemy/actor/lib/test/auto/PublisherSubscriber8.xml (RunModel)" time="0.026" />
  <testcase classname="ptolemy.util.test.junit.AutoTests" name="[290] /home/travis/build/icyphy/ptII/ptolemy/actor/lib/test/auto/PublisherSubscriber9.xml (RunModel)" time="0.019" />
  <testcase classname="ptolemy.util.test.junit.AutoTests" name="[291] /home/travis/build/icyphy/ptII/ptolemy/actor/lib/test/auto/PublisherSubscriberAdjacent.xml (RunModel)" time="0.014" />
  <testcase classname="ptolemy.util.test.junit.AutoTests" name="[292] /home/travis/build/icyphy/ptII/ptolemy/actor/lib/test/auto/PublisherSubscriberChannelVariablesAOC2.xml (RunModel)" time="0.025" />
  <testcase classname="ptolemy.util.test.junit.AutoTests" name="[293] /home/travis/build/icyphy/ptII/ptolemy/actor/lib/test/auto/PublisherSubscriberD3.xml (RunModel)" time="0.011" />
  <testcase classname="ptolemy.util.test.junit.AutoTests" name="[294] /home/travis/build/icyphy/ptII/ptolemy/actor/lib/test/auto/PublisherSubscriberD3Reverse.xml (RunModel)" time="0.01" />
  <testcase classname="ptolemy.util.test.junit.AutoTests" name="[295] /home/travis/build/icyphy/ptII/ptolemy/actor/lib/test/auto/PublisherSubscriberExpression.xml (RunModel)" time="0.015" />
  <testcase classname="ptolemy.util.test.junit.AutoTests" name="[296] /home/travis/build/icyphy/ptII/ptolemy/actor/lib/test/auto/PublisherSubscriberOpaque.xml (RunModel)" time="0.016" />
  <testcase classname="ptolemy.util.test.junit.AutoTests" name="[297] /home/travis/build/icyphy/ptII/ptolemy/actor/lib/test/auto/PublisherSubscriberOpaqueD3.xml (RunModel)" time="0.022" />
  <testcase classname="ptolemy.util.test.junit.AutoTests" name="[298] /home/travis/build/icyphy/ptII/ptolemy/actor/lib/test/auto/PublisherSubscriberOpaqueD3Reverse.xml (RunModel)" time="0.02" />
  <testcase classname="ptolemy.util.test.junit.AutoTests" name="[299] /home/travis/build/icyphy/ptII/ptolemy/actor/lib/test/auto/PublisherSubscriberOpaqueWidthInference.xml (RunModel)" time="0.014" />
  <testcase classname="ptolemy.util.test.junit.AutoTests" name="[300] /home/travis/build/icyphy/ptII/ptolemy/actor/lib/test/auto/PublisherTestSubscriber.xml (RunModel)" time="0.022" />
  <testcase classname="ptolemy.util.test.junit.AutoTests" name="[301] /home/travis/build/icyphy/ptII/ptolemy/actor/lib/test/auto/PublisherToplevelSubscriberPortAOC.xml (RunModel)" time="0.011" />
  <testcase classname="ptolemy.util.test.junit.AutoTests" name="[302] /home/travis/build/icyphy/ptII/ptolemy/actor/lib/test/auto/PulseFiringLimitDE.xml (RunModel)" time="0.015" />
  <testcase classname="ptolemy.util.test.junit.AutoTests" name="[303] /home/travis/build/icyphy/ptII/ptolemy/actor/lib/test/auto/Ramp1.xml (RunModel)" time="0.007" />
  <testcase classname="ptolemy.util.test.junit.AutoTests" name="[304] /home/travis/build/icyphy/ptII/ptolemy/actor/lib/test/auto/RampFiringLimitDE.xml (RunModel)" time="0.01" />
  <testcase classname="ptolemy.util.test.junit.AutoTests" name="[305] /home/travis/build/icyphy/ptII/ptolemy/actor/lib/test/auto/RampFiringLimitSDF.xml (RunModel)" time="0.01" />
  <testcase classname="ptolemy.util.test.junit.AutoTests" name="[306] /home/travis/build/icyphy/ptII/ptolemy/actor/lib/test/auto/RandomInteger.xml (RunModel)" time="0.007" />
  <testcase classname="ptolemy.util.test.junit.AutoTests" name="[307] /home/travis/build/icyphy/ptII/ptolemy/actor/lib/test/auto/ReadFile1.xml (RunModel)" time="0.007" />
  <testcase classname="ptolemy.util.test.junit.AutoTests" name="[308] /home/travis/build/icyphy/ptII/ptolemy/actor/lib/test/auto/ReadFile2.xml (RunModel)" time="0.007" />
  <testcase classname="ptolemy.util.test.junit.AutoTests" name="[309] /home/travis/build/icyphy/ptII/ptolemy/actor/lib/test/auto/Reader.xml (RunModel)" time="0.011" />
  <testcase classname="ptolemy.util.test.junit.AutoTests" name="[310] /home/travis/build/icyphy/ptII/ptolemy/actor/lib/test/auto/RecordAssemblerDisplayNameTest.xml (RunModel)" time="3.44" />
  <testcase classname="ptolemy.util.test.junit.AutoTests" name="[311] /home/travis/build/icyphy/ptII/ptolemy/actor/lib/test/auto/RecordAssemblerTypeError.xml (RunModel)" time="0.047" />
  <testcase classname="ptolemy.util.test.junit.AutoTests" name="[312] /home/travis/build/icyphy/ptII/ptolemy/actor/lib/test/auto/RecordDisassember.xml (RunModel)" time="0.015" />
  <testcase classname="ptolemy.util.test.junit.AutoTests" name="[313] /home/travis/build/icyphy/ptII/ptolemy/actor/lib/test/auto/RecordDisassemberDisplayNameTest.xml (RunModel)" time="0.02" />
  <testcase classname="ptolemy.util.test.junit.AutoTests" name="[314] /home/travis/build/icyphy/ptII/ptolemy/actor/lib/test/auto/RecordDisassembler.xml (RunModel)" time="0.01" />
  <testcase classname="ptolemy.util.test.junit.AutoTests" name="[315] /home/travis/build/icyphy/ptII/ptolemy/actor/lib/test/auto/RecordDisassembler2.xml (RunModel)" time="0.01" />
  <testcase classname="ptolemy.util.test.junit.AutoTests" name="[316] /home/travis/build/icyphy/ptII/ptolemy/actor/lib/test/auto/RecordUpdater.xml (RunModel)" time="0.01" />
  <testcase classname="ptolemy.util.test.junit.AutoTests" name="[317] /home/travis/build/icyphy/ptII/ptolemy/actor/lib/test/auto/RecordUpdater2.xml (RunModel)" time="0.008" />
  <testcase classname="ptolemy.util.test.junit.AutoTests" name="[318] /home/travis/build/icyphy/ptII/ptolemy/actor/lib/test/auto/RecursiveLattice.xml (RunModel)" time="0.007" />
  <testcase classname="ptolemy.util.test.junit.AutoTests" name="[319] /home/travis/build/icyphy/ptII/ptolemy/actor/lib/test/auto/Router.xml (RunModel)" time="3.024" />
  <testcase classname="ptolemy.util.test.junit.AutoTests" name="[320] /home/travis/build/icyphy/ptII/ptolemy/actor/lib/test/auto/Router2.xml (RunModel)" time="3.029" />
  <testcase classname="ptolemy.util.test.junit.AutoTests" name="[321] /home/travis/build/icyphy/ptII/ptolemy/actor/lib/test/auto/RunningMaximum.xml (RunModel)" time="0.021" />
  <testcase classname="ptolemy.util.test.junit.AutoTests" name="[322] /home/travis/build/icyphy/ptII/ptolemy/actor/lib/test/auto/RunningMinimum.xml (RunModel)" time="0.022" />
  <testcase classname="ptolemy.util.test.junit.AutoTests" name="[323] /home/travis/build/icyphy/ptII/ptolemy/actor/lib/test/auto/Scale.xml (RunModel)" time="0.013" />
  <testcase classname="ptolemy.util.test.junit.AutoTests" name="[324] /home/travis/build/icyphy/ptII/ptolemy/actor/lib/test/auto/Scale2.xml (RunModel)" time="0.009" />
  <testcase classname="ptolemy.util.test.junit.AutoTests" name="[325] /home/travis/build/icyphy/ptII/ptolemy/actor/lib/test/auto/Scale3.xml (RunModel)" time="0.013" />
  <testcase classname="ptolemy.util.test.junit.AutoTests" name="[326] /home/travis/build/icyphy/ptII/ptolemy/actor/lib/test/auto/ScaleArray.xml (RunModel)" time="0.007" />
  <testcase classname="ptolemy.util.test.junit.AutoTests" name="[327] /home/travis/build/icyphy/ptII/ptolemy/actor/lib/test/auto/ScaleArray2.xml (RunModel)" time="0.008" />
  <testcase classname="ptolemy.util.test.junit.AutoTests" name="[328] /home/travis/build/icyphy/ptII/ptolemy/actor/lib/test/auto/ScaleMatrix.xml (RunModel)" time="0.107" />
  <testcase classname="ptolemy.util.test.junit.AutoTests" name="[329] /home/travis/build/icyphy/ptII/ptolemy/actor/lib/test/auto/Select.xml (RunModel)" time="0.013" />
  <testcase classname="ptolemy.util.test.junit.AutoTests" name="[330] /home/travis/build/icyphy/ptII/ptolemy/actor/lib/test/auto/Select2.xml (RunModel)" time="0.008" />
  <testcase classname="ptolemy.util.test.junit.AutoTests" name="[331] /home/travis/build/icyphy/ptII/ptolemy/actor/lib/test/auto/SequenceToArray2.xml (RunModel)" time="0.138" />
  <testcase classname="ptolemy.util.test.junit.AutoTests" name="[332] /home/travis/build/icyphy/ptII/ptolemy/actor/lib/test/auto/SequentialClock.xml (RunModel)" time="0.011" />
  <testcase classname="ptolemy.util.test.junit.AutoTests" name="[333] /home/travis/build/icyphy/ptII/ptolemy/actor/lib/test/auto/SetVariable.xml (RunModel)" time="0.014" />
  <testcase classname="ptolemy.util.test.junit.AutoTests" name="[334] /home/travis/build/icyphy/ptII/ptolemy/actor/lib/test/auto/SetVariable2.xml (RunModel)" time="0.01" />
  <testcase classname="ptolemy.util.test.junit.AutoTests" name="[335] /home/travis/build/icyphy/ptII/ptolemy/actor/lib/test/auto/SetVariable3.xml (RunModel)" time="0.015" />
  <testcase classname="ptolemy.util.test.junit.AutoTests" name="[336] /home/travis/build/icyphy/ptII/ptolemy/actor/lib/test/auto/SetVariable4.xml (RunModel)" time="0.033" />
  <testcase classname="ptolemy.util.test.junit.AutoTests" name="[337] /home/travis/build/icyphy/ptII/ptolemy/actor/lib/test/auto/SetVariable5.xml (RunModel)" time="0.042" />
  <testcase classname="ptolemy.util.test.junit.AutoTests" name="[338] /home/travis/build/icyphy/ptII/ptolemy/actor/lib/test/auto/Sinewave.xml (RunModel)" time="0.028" />
  <testcase classname="ptolemy.util.test.junit.AutoTests" name="[339] /home/travis/build/icyphy/ptII/ptolemy/actor/lib/test/auto/Sinewave2.xml (RunModel)" time="0.016" />
  <testcase classname="ptolemy.util.test.junit.AutoTests" name="[340] /home/travis/build/icyphy/ptII/ptolemy/actor/lib/test/auto/Sinewave3.xml (RunModel)" time="0.025" />
  <testcase classname="ptolemy.util.test.junit.AutoTests" name="[341] /home/travis/build/icyphy/ptII/ptolemy/actor/lib/test/auto/SingleEvent.xml (RunModel)" time="0.008" />
  <testcase classname="ptolemy.util.test.junit.AutoTests" name="[342] /home/travis/build/icyphy/ptII/ptolemy/actor/lib/test/auto/Sleep.xml (RunModel)" time="6.021" />
  <testcase classname="ptolemy.util.test.junit.AutoTests" name="[343] /home/travis/build/icyphy/ptII/ptolemy/actor/lib/test/auto/SleepMultipleFire.xml (RunModel)" time="1.024" />
  <testcase classname="ptolemy.util.test.junit.AutoTests" name="[344] /home/travis/build/icyphy/ptII/ptolemy/actor/lib/test/auto/StopDE.xml (RunModel)" time="0.015" />
  <testcase classname="ptolemy.util.test.junit.AutoTests" name="[345] /home/travis/build/icyphy/ptII/ptolemy/actor/lib/test/auto/StopSDF.xml (RunModel)" time="0.01" />
  <testcase classname="ptolemy.util.test.junit.AutoTests" name="[346] /home/travis/build/icyphy/ptII/ptolemy/actor/lib/test/auto/StringConstant.xml (RunModel)" time="0.015" />
  <testcase classname="ptolemy.util.test.junit.AutoTests" name="[347] /home/travis/build/icyphy/ptII/ptolemy/actor/lib/test/auto/SubscriberPortInitialValues1.xml (RunModel)" time="0.021" />
  <testcase classname="ptolemy.util.test.junit.AutoTests" name="[348] /home/travis/build/icyphy/ptII/ptolemy/actor/lib/test/auto/SubscriberPortInitialValues13.xml (RunModel)" time="0.031" />
  <testcase classname="ptolemy.util.test.junit.AutoTests" name="[349] /home/travis/build/icyphy/ptII/ptolemy/actor/lib/test/auto/SubscriberPortInitialValues14.xml (RunModel)" time="0.015" />
  <testcase classname="ptolemy.util.test.junit.AutoTests" name="[350] /home/travis/build/icyphy/ptII/ptolemy/actor/lib/test/auto/SubscriberPortInitialValues2.xml (RunModel)" time="0.015" />
  <testcase classname="ptolemy.util.test.junit.AutoTests" name="[351] /home/travis/build/icyphy/ptII/ptolemy/actor/lib/test/auto/SubscriberPortInitialValues3.xml (RunModel)" time="0.018" />
  <testcase classname="ptolemy.util.test.junit.AutoTests" name="[352] /home/travis/build/icyphy/ptII/ptolemy/actor/lib/test/auto/SubscriptionAggregator.xml (RunModel)" time="0.01" />
  <testcase classname="ptolemy.util.test.junit.AutoTests" name="[353] /home/travis/build/icyphy/ptII/ptolemy/actor/lib/test/auto/SubscriptionAggregator2.xml (RunModel)" time="0.013" />
  <testcase classname="ptolemy.util.test.junit.AutoTests" name="[354] /home/travis/build/icyphy/ptII/ptolemy/actor/lib/test/auto/SubscriptionAggregator3.xml (RunModel)" time="0.014" />
  <testcase classname="ptolemy.util.test.junit.AutoTests" name="[355] /home/travis/build/icyphy/ptII/ptolemy/actor/lib/test/auto/SubscriptionAggregatorMultiply.xml (RunModel)" time="0.014" />
  <testcase classname="ptolemy.util.test.junit.AutoTests" name="[356] /home/travis/build/icyphy/ptII/ptolemy/actor/lib/test/auto/SubscriptionAggregatorPortMultiply1.xml (RunModel)" time="0.013" />
  <testcase classname="ptolemy.util.test.junit.AutoTests" name="[357] /home/travis/build/icyphy/ptII/ptolemy/actor/lib/test/auto/Switch.xml (RunModel)" time="0.038" />
  <testcase classname="ptolemy.util.test.junit.AutoTests" name="[358] /home/travis/build/icyphy/ptII/ptolemy/actor/lib/test/auto/Switch2.xml (RunModel)" time="0.011" />
  <testcase classname="ptolemy.util.test.junit.AutoTests" name="[359] /home/travis/build/icyphy/ptII/ptolemy/actor/lib/test/auto/SwitchDE.xml (RunModel)" time="0.014" />
  <testcase classname="ptolemy.util.test.junit.AutoTests" name="[360] /home/travis/build/icyphy/ptII/ptolemy/actor/lib/test/auto/SynchronizerDE.xml (RunModel)" time="0.022" />
  <testcase classname="ptolemy.util.test.junit.AutoTests" name="[361] /home/travis/build/icyphy/ptII/ptolemy/actor/lib/test/auto/Test.xml (RunModel)" time="0.015" />
  <testcase classname="ptolemy.util.test.junit.AutoTests" name="[362] /home/travis/build/icyphy/ptII/ptolemy/actor/lib/test/auto/TestExceptionAttribute1.xml (RunModel)" time="0.007" />
  <testcase classname="ptolemy.util.test.junit.AutoTests" name="[363] /home/travis/build/icyphy/ptII/ptolemy/actor/lib/test/auto/TestExceptionAttribute2.xml (RunModel)" time="0.011" />
  <testcase classname="ptolemy.util.test.junit.AutoTests" name="[364] /home/travis/build/icyphy/ptII/ptolemy/actor/lib/test/auto/TestExceptionAttribute3.xml (RunModel)" time="0.01" />
  <testcase classname="ptolemy.util.test.junit.AutoTests" name="[365] /home/travis/build/icyphy/ptII/ptolemy/actor/lib/test/auto/TestExceptionAttribute4.xml (RunModel)" time="0.007" />
  <testcase classname="ptolemy.util.test.junit.AutoTests" name="[366] /home/travis/build/icyphy/ptII/ptolemy/actor/lib/test/auto/TestExceptionHandler1.xml (RunModel)" time="0.01" />
  <testcase classname="ptolemy.util.test.junit.AutoTests" name="[367] /home/travis/build/icyphy/ptII/ptolemy/actor/lib/test/auto/TestExceptionHandler2.xml (RunModel)" time="0.01" />
  <testcase classname="ptolemy.util.test.junit.AutoTests" name="[368] /home/travis/build/icyphy/ptII/ptolemy/actor/lib/test/auto/TestExceptionHandler3.xml (RunModel)" time="0.005" />
  <testcase classname="ptolemy.util.test.junit.AutoTests" name="[369] /home/travis/build/icyphy/ptII/ptolemy/actor/lib/test/auto/TestExceptionHandler4.xml (RunModel)" time="0.005" />
  <testcase classname="ptolemy.util.test.junit.AutoTests" name="[370] /home/travis/build/icyphy/ptII/ptolemy/actor/lib/test/auto/TestRequireCorrectOrder.xml (RunModel)" time="0.012" />
  <testcase classname="ptolemy.util.test.junit.AutoTests" name="[371] /home/travis/build/icyphy/ptII/ptolemy/actor/lib/test/auto/TestSimple.xml (RunModel)" time="0.007" />
  <testcase classname="ptolemy.util.test.junit.AutoTests" name="[372] /home/travis/build/icyphy/ptII/ptolemy/actor/lib/test/auto/ThrowModelError.xml (RunModel)" time="0.009" />
  <testcase classname="ptolemy.util.test.junit.AutoTests" name="[373] /home/travis/build/icyphy/ptII/ptolemy/actor/lib/test/auto/TimeDelayMicrosteps.xml (RunModel)" time="0.016" />
  <testcase classname="ptolemy.util.test.junit.AutoTests" name="[374] /home/travis/build/icyphy/ptII/ptolemy/actor/lib/test/auto/TimeDelayMicrosteps2.xml (RunModel)" time="0.014" />
  <testcase classname="ptolemy.util.test.junit.AutoTests" name="[375] /home/travis/build/icyphy/ptII/ptolemy/actor/lib/test/auto/TimeDelayMicrosteps3.xml (RunModel)" time="0.012" />
  <testcase classname="ptolemy.util.test.junit.AutoTests" name="[376] /home/travis/build/icyphy/ptII/ptolemy/actor/lib/test/auto/TimeDelayVariableMicrosteps.xml (RunModel)" time="0.011" />
  <testcase classname="ptolemy.util.test.junit.AutoTests" name="[377] /home/travis/build/icyphy/ptII/ptolemy/actor/lib/test/auto/TimeGap.xml (RunModel)" time="0.014" />
  <testcase classname="ptolemy.util.test.junit.AutoTests" name="[378] /home/travis/build/icyphy/ptII/ptolemy/actor/lib/test/auto/TimeGap2.xml (RunModel)" time="0.009" />
  <testcase classname="ptolemy.util.test.junit.AutoTests" name="[379] /home/travis/build/icyphy/ptII/ptolemy/actor/lib/test/auto/TimedSinewave.xml (RunModel)" time="0.045" />
  <testcase classname="ptolemy.util.test.junit.AutoTests" name="[380] /home/travis/build/icyphy/ptII/ptolemy/actor/lib/test/auto/TimedSinewavePhase.xml (RunModel)" time="0.044" />
  <testcase classname="ptolemy.util.test.junit.AutoTests" name="[381] /home/travis/build/icyphy/ptII/ptolemy/actor/lib/test/auto/Timer.xml (RunModel)" time="0.014" />
  <testcase classname="ptolemy.util.test.junit.AutoTests" name="[382] /home/travis/build/icyphy/ptII/ptolemy/actor/lib/test/auto/TriangularDistTestModel.xml (RunModel)" time="0.015" />
  <testcase classname="ptolemy.util.test.junit.AutoTests" name="[383] /home/travis/build/icyphy/ptII/ptolemy/actor/lib/test/auto/TrigFunction.xml (RunModel)" time="0.008" />
  <testcase classname="ptolemy.util.test.junit.AutoTests" name="[384] /home/travis/build/icyphy/ptII/ptolemy/actor/lib/test/auto/TrigFunctionDE.xml (RunModel)" time="0.011" />
  <testcase classname="ptolemy.util.test.junit.AutoTests" name="[385] /home/travis/build/icyphy/ptII/ptolemy/actor/lib/test/auto/TrigFunctionInverse.xml (RunModel)" time="0.008" />
  <testcase classname="ptolemy.util.test.junit.AutoTests" name="[386] /home/travis/build/icyphy/ptII/ptolemy/actor/lib/test/auto/TrigFunctionTan.xml (RunModel)" time="0.006" />
  <testcase classname="ptolemy.util.test.junit.AutoTests" name="[387] /home/travis/build/icyphy/ptII/ptolemy/actor/lib/test/auto/TriggeredClock.xml (RunModel)" time="0.008" />
  <testcase classname="ptolemy.util.test.junit.AutoTests" name="[388] /home/travis/build/icyphy/ptII/ptolemy/actor/lib/test/auto/URLDirectoryReader.xml (RunModel)" time="0.12" />
  <testcase classname="ptolemy.util.test.junit.AutoTests" name="[389] /home/travis/build/icyphy/ptII/ptolemy/actor/lib/test/auto/URLDirectoryReader3.xml (RunModel)" time="1.732" />
  <testcase classname="ptolemy.util.test.junit.AutoTests" name="[390] /home/travis/build/icyphy/ptII/ptolemy/actor/lib/test/auto/UnaryMathFunction.xml (RunModel)" time="0.029" />
  <testcase classname="ptolemy.util.test.junit.AutoTests" name="[391] /home/travis/build/icyphy/ptII/ptolemy/actor/lib/test/auto/Uniform.xml (RunModel)" time="0.012" />
  <testcase classname="ptolemy.util.test.junit.AutoTests" name="[392] /home/travis/build/icyphy/ptII/ptolemy/actor/lib/test/auto/UnionDisassemblerTest.xml (RunModel)" time="0.014" />
  <testcase classname="ptolemy.util.test.junit.AutoTests" name="[393] /home/travis/build/icyphy/ptII/ptolemy/actor/lib/test/auto/UtilityFunctions.xml (RunModel)" time="0.007" />
  <testcase classname="ptolemy.util.test.junit.AutoTests" name="[394] /home/travis/build/icyphy/ptII/ptolemy/actor/lib/test/auto/VariableSleep.xml (RunModel)" time="0.511" />
  <testcase classname="ptolemy.util.test.junit.AutoTests" name="[395] /home/travis/build/icyphy/ptII/ptolemy/actor/lib/test/auto/VectorAssemblerDisassemblerCT.xml (RunModel)" time="0.109" />
  <testcase classname="ptolemy.util.test.junit.AutoTests" name="[396] /home/travis/build/icyphy/ptII/ptolemy/actor/lib/test/auto/VectorAssemblerDisassemblerDE.xml (RunModel)" time="0.02" />
  <testcase classname="ptolemy.util.test.junit.AutoTests" name="[397] /home/travis/build/icyphy/ptII/ptolemy/actor/lib/test/auto/VectorAssemblerDisassemblerSDF.xml (RunModel)" time="0.013" />
  <testcase classname="ptolemy.util.test.junit.AutoTests" name="[398] /home/travis/build/icyphy/ptII/ptolemy/actor/lib/test/auto/WallClockTime.xml (RunModel)" time="1.012" />
  <testcase classname="ptolemy.util.test.junit.AutoTests" name="[399] /home/travis/build/icyphy/ptII/ptolemy/actor/lib/test/auto/WidthTestWithSubscriberPublisher.xml (RunModel)" time="0.04" />
  <testcase classname="ptolemy.util.test.junit.AutoTests" name="[400] /home/travis/build/icyphy/ptII/ptolemy/actor/lib/test/auto/WidthTestWithSubscriberPublisher2.xml (RunModel)" time="0.013" />
  <testcase classname="ptolemy.util.test.junit.AutoTests" name="[401] /home/travis/build/icyphy/ptII/ptolemy/actor/lib/test/auto/WidthTestWithSubscriberPublisher3.xml (RunModel)" time="0.014" />
  <testcase classname="ptolemy.util.test.junit.AutoTests" name="[402] /home/travis/build/icyphy/ptII/ptolemy/actor/lib/test/auto/Writer.xml (RunModel)" time="0.007" />
  <testcase classname="ptolemy.util.test.junit.AutoTests" name="[403] /home/travis/build/icyphy/ptII/ptolemy/actor/lib/test/auto/array.xml (RunModel)" time="0.028" />
  <testcase classname="ptolemy.util.test.junit.AutoTests" name="[404] /home/travis/build/icyphy/ptII/ptolemy/actor/lib/test/auto/array2.xml (RunModel)" time="0.011" />
  <testcase classname="ptolemy.util.test.junit.AutoTests" name="[405] /home/travis/build/icyphy/ptII/ptolemy/actor/lib/test/auto/arrayType.xml (RunModel)" time="0.011" />
  <testcase classname="ptolemy.util.test.junit.AutoTests" name="[406] /home/travis/build/icyphy/ptII/ptolemy/actor/lib/test/auto/arrayType10.xml (RunModel)" time="0.008" />
  <testcase classname="ptolemy.util.test.junit.AutoTests" name="[407] /home/travis/build/icyphy/ptII/ptolemy/actor/lib/test/auto/arrayType11.xml (RunModel)" time="0.008" />
  <testcase classname="ptolemy.util.test.junit.AutoTests" name="[408] /home/travis/build/icyphy/ptII/ptolemy/actor/lib/test/auto/arrayType12.xml (RunModel)" time="0.008" />
  <testcase classname="ptolemy.util.test.junit.AutoTests" name="[409] /home/travis/build/icyphy/ptII/ptolemy/actor/lib/test/auto/arrayType13.xml (RunModel)" time="0.009" />
  <testcase classname="ptolemy.util.test.junit.AutoTests" name="[410] /home/travis/build/icyphy/ptII/ptolemy/actor/lib/test/auto/arrayType14.xml (RunModel)" time="0.009" />
  <testcase classname="ptolemy.util.test.junit.AutoTests" name="[411] /home/travis/build/icyphy/ptII/ptolemy/actor/lib/test/auto/arrayType15.xml (RunModel)" time="0.01" />
  <testcase classname="ptolemy.util.test.junit.AutoTests" name="[412] /home/travis/build/icyphy/ptII/ptolemy/actor/lib/test/auto/arrayType16.xml (RunModel)" time="0.009" />
  <testcase classname="ptolemy.util.test.junit.AutoTests" name="[413] /home/travis/build/icyphy/ptII/ptolemy/actor/lib/test/auto/arrayType17.xml (RunModel)" time="0.009" />
  <testcase classname="ptolemy.util.test.junit.AutoTests" name="[414] /home/travis/build/icyphy/ptII/ptolemy/actor/lib/test/auto/arrayType18.xml (RunModel)" time="0.007" />
  <testcase classname="ptolemy.util.test.junit.AutoTests" name="[415] /home/travis/build/icyphy/ptII/ptolemy/actor/lib/test/auto/arrayType19.xml (RunModel)" time="0.008" />
  <testcase classname="ptolemy.util.test.junit.AutoTests" name="[416] /home/travis/build/icyphy/ptII/ptolemy/actor/lib/test/auto/arrayType2.xml (RunModel)" time="0.008" />
  <testcase classname="ptolemy.util.test.junit.AutoTests" name="[417] /home/travis/build/icyphy/ptII/ptolemy/actor/lib/test/auto/arrayType20.xml (RunModel)" time="0.008" />
  <testcase classname="ptolemy.util.test.junit.AutoTests" name="[418] /home/travis/build/icyphy/ptII/ptolemy/actor/lib/test/auto/arrayType21.xml (RunModel)" time="0.009" />
  <testcase classname="ptolemy.util.test.junit.AutoTests" name="[419] /home/travis/build/icyphy/ptII/ptolemy/actor/lib/test/auto/arrayType22.xml (RunModel)" time="0.008" />
  <testcase classname="ptolemy.util.test.junit.AutoTests" name="[420] /home/travis/build/icyphy/ptII/ptolemy/actor/lib/test/auto/arrayType23.xml (RunModel)" time="0.008" />
  <testcase classname="ptolemy.util.test.junit.AutoTests" name="[421] /home/travis/build/icyphy/ptII/ptolemy/actor/lib/test/auto/arrayType24.xml (RunModel)" time="0.009" />
  <testcase classname="ptolemy.util.test.junit.AutoTests" name="[422] /home/travis/build/icyphy/ptII/ptolemy/actor/lib/test/auto/arrayType25.xml (RunModel)" time="0.009" />
  <testcase classname="ptolemy.util.test.junit.AutoTests" name="[423] /home/travis/build/icyphy/ptII/ptolemy/actor/lib/test/auto/arrayType26.xml (RunModel)" time="0.026" />
  <testcase classname="ptolemy.util.test.junit.AutoTests" name="[424] /home/travis/build/icyphy/ptII/ptolemy/actor/lib/test/auto/arrayType27.xml (RunModel)" time="0.009" />
  <testcase classname="ptolemy.util.test.junit.AutoTests" name="[425] /home/travis/build/icyphy/ptII/ptolemy/actor/lib/test/auto/arrayType28.xml (RunModel)" time="0.01" />
  <testcase classname="ptolemy.util.test.junit.AutoTests" name="[426] /home/travis/build/icyphy/ptII/ptolemy/actor/lib/test/auto/arrayType3.xml (RunModel)" time="0.009" />
  <testcase classname="ptolemy.util.test.junit.AutoTests" name="[427] /home/travis/build/icyphy/ptII/ptolemy/actor/lib/test/auto/arrayType4.xml (RunModel)" time="0.008" />
  <testcase classname="ptolemy.util.test.junit.AutoTests" name="[428] /home/travis/build/icyphy/ptII/ptolemy/actor/lib/test/auto/arrayType5.xml (RunModel)" time="0.015" />
  <testcase classname="ptolemy.util.test.junit.AutoTests" name="[429] /home/travis/build/icyphy/ptII/ptolemy/actor/lib/test/auto/arrayType6.xml (RunModel)" time="0.008" />
  <testcase classname="ptolemy.util.test.junit.AutoTests" name="[430] /home/travis/build/icyphy/ptII/ptolemy/actor/lib/test/auto/arrayType7.xml (RunModel)" time="0.029" />
  <testcase classname="ptolemy.util.test.junit.AutoTests" name="[431] /home/travis/build/icyphy/ptII/ptolemy/actor/lib/test/auto/arrayType8.xml (RunModel)" time="0.009" />
  <testcase classname="ptolemy.util.test.junit.AutoTests" name="[432] /home/travis/build/icyphy/ptII/ptolemy/actor/lib/test/auto/arrayType9.xml (RunModel)" time="0.008" />
  <testcase classname="ptolemy.util.test.junit.AutoTests" name="[433] /home/travis/build/icyphy/ptII/ptolemy/actor/lib/test/auto/cast.xml (RunModel)" time="0.018" />
  <testcase classname="ptolemy.util.test.junit.AutoTests" name="[434] /home/travis/build/icyphy/ptII/ptolemy/actor/lib/test/auto/compositeMultiPort.xml (RunModel)" time="0.015" />
  <testcase classname="ptolemy.util.test.junit.AutoTests" name="[435] /home/travis/build/icyphy/ptII/ptolemy/actor/lib/test/auto/expressionCastInference.xml (RunModel)" time="0.011" />
  <testcase classname="ptolemy.util.test.junit.AutoTests" name="[436] /home/travis/build/icyphy/ptII/ptolemy/actor/lib/test/auto/expressionCastInference2.xml (RunModel)" time="0.007" />
  <testcase classname="ptolemy.util.test.junit.AutoTests" name="[437] /home/travis/build/icyphy/ptII/ptolemy/actor/lib/test/auto/expressionInference.xml (RunModel)" time="0.007" />
  <testcase classname="ptolemy.util.test.junit.AutoTests" name="[438] /home/travis/build/icyphy/ptII/ptolemy/actor/lib/test/auto/expression_bug.xml (RunModel)" time="0.008" />
  <testcase classname="ptolemy.util.test.junit.AutoTests" name="[439] /home/travis/build/icyphy/ptII/ptolemy/actor/lib/test/auto/factorial.xml (RunModel)" time="0.041" />
  <testcase classname="ptolemy.util.test.junit.AutoTests" name="[440] /home/travis/build/icyphy/ptII/ptolemy/actor/lib/test/auto/filterTest1.xml (RunModel)" time="0.014" />
  <testcase classname="ptolemy.util.test.junit.AutoTests" name="[441] /home/travis/build/icyphy/ptII/ptolemy/actor/lib/test/auto/funcApplyInConst.xml (RunModel)" time="0.006" />
  <testcase classname="ptolemy.util.test.junit.AutoTests" name="[442] /home/travis/build/icyphy/ptII/ptolemy/actor/lib/test/auto/funcApplyInExpr.xml (RunModel)" time="0.005" />
  <testcase classname="ptolemy.util.test.junit.AutoTests" name="[443] /home/travis/build/icyphy/ptII/ptolemy/actor/lib/test/auto/function.xml (RunModel)" time="0.012" />
  <testcase classname="ptolemy.util.test.junit.AutoTests" name="[444] /home/travis/build/icyphy/ptII/ptolemy/actor/lib/test/auto/function2.xml (RunModel)" time="0.049" />
  <testcase classname="ptolemy.util.test.junit.AutoTests" name="[445] /home/travis/build/icyphy/ptII/ptolemy/actor/lib/test/auto/function3.xml (RunModel)" time="0.031" />
  <testcase classname="ptolemy.util.test.junit.AutoTests" name="[446] /home/travis/build/icyphy/ptII/ptolemy/actor/lib/test/auto/functionClosureTest1.xml (RunModel)" time="0.031" />
  <testcase classname="ptolemy.util.test.junit.AutoTests" name="[447] /home/travis/build/icyphy/ptII/ptolemy/actor/lib/test/auto/functionClosureTest2.xml (RunModel)" time="0.032" />
  <testcase classname="ptolemy.util.test.junit.AutoTests" name="[448] /home/travis/build/icyphy/ptII/ptolemy/actor/lib/test/auto/functionClosureTest3.xml (RunModel)" time="0.048" />
  <testcase classname="ptolemy.util.test.junit.AutoTests" name="[449] /home/travis/build/icyphy/ptII/ptolemy/actor/lib/test/auto/functionClosureTest4.xml (RunModel)" time="0.034" />
  <testcase classname="ptolemy.util.test.junit.AutoTests" name="[450] /home/travis/build/icyphy/ptII/ptolemy/actor/lib/test/auto/functionClosureTest5.xml (RunModel)" time="0.034" />
  <testcase classname="ptolemy.util.test.junit.AutoTests" name="[451] /home/travis/build/icyphy/ptII/ptolemy/actor/lib/test/auto/functionClosureTest6.xml (RunModel)" time="0.02" />
  <testcase classname="ptolemy.util.test.junit.AutoTests" name="[452] /home/travis/build/icyphy/ptII/ptolemy/actor/lib/test/auto/functionsOnArcs.xml (RunModel)" time="0.011" />
  <testcase classname="ptolemy.util.test.junit.AutoTests" name="[453] /home/travis/build/icyphy/ptII/ptolemy/actor/lib/test/auto/functionsOnArcsHOF.xml (RunModel)" time="0.012" />
  <testcase classname="ptolemy.util.test.junit.AutoTests" name="[454] /home/travis/build/icyphy/ptII/ptolemy/actor/lib/test/auto/logic.xml (RunModel)" time="0.015" />
  <testcase classname="ptolemy.util.test.junit.AutoTests" name="[455] /home/travis/build/icyphy/ptII/ptolemy/actor/lib/test/auto/matrixType.xml (RunModel)" time="0.009" />
  <testcase classname="ptolemy.util.test.junit.AutoTests" name="[456] /home/travis/build/icyphy/ptII/ptolemy/actor/lib/test/auto/matrixType10.xml (RunModel)" time="0.008" />
  <testcase classname="ptolemy.util.test.junit.AutoTests" name="[457] /home/travis/build/icyphy/ptII/ptolemy/actor/lib/test/auto/matrixType11.xml (RunModel)" time="0.007" />
  <testcase classname="ptolemy.util.test.junit.AutoTests" name="[458] /home/travis/build/icyphy/ptII/ptolemy/actor/lib/test/auto/matrixType12.xml (RunModel)" time="0.01" />
  <testcase classname="ptolemy.util.test.junit.AutoTests" name="[459] /home/travis/build/icyphy/ptII/ptolemy/actor/lib/test/auto/matrixType13.xml (RunModel)" time="0.007" />
  <testcase classname="ptolemy.util.test.junit.AutoTests" name="[460] /home/travis/build/icyphy/ptII/ptolemy/actor/lib/test/auto/matrixType14.xml (RunModel)" time="0.009" />
  <testcase classname="ptolemy.util.test.junit.AutoTests" name="[461] /home/travis/build/icyphy/ptII/ptolemy/actor/lib/test/auto/matrixType2.xml (RunModel)" time="0.008" />
  <testcase classname="ptolemy.util.test.junit.AutoTests" name="[462] /home/travis/build/icyphy/ptII/ptolemy/actor/lib/test/auto/matrixType3.xml (RunModel)" time="0.009" />
  <testcase classname="ptolemy.util.test.junit.AutoTests" name="[463] /home/travis/build/icyphy/ptII/ptolemy/actor/lib/test/auto/matrixType4.xml (RunModel)" time="0.008" />
  <testcase classname="ptolemy.util.test.junit.AutoTests" name="[464] /home/travis/build/icyphy/ptII/ptolemy/actor/lib/test/auto/matrixType5.xml (RunModel)" time="0.007" />
  <testcase classname="ptolemy.util.test.junit.AutoTests" name="[465] /home/travis/build/icyphy/ptII/ptolemy/actor/lib/test/auto/matrixType6.xml (RunModel)" time="0.008" />
  <testcase classname="ptolemy.util.test.junit.AutoTests" name="[466] /home/travis/build/icyphy/ptII/ptolemy/actor/lib/test/auto/matrixType7.xml (RunModel)" time="0.008" />
  <testcase classname="ptolemy.util.test.junit.AutoTests" name="[467] /home/travis/build/icyphy/ptII/ptolemy/actor/lib/test/auto/matrixType8.xml (RunModel)" time="0.008" />
  <testcase classname="ptolemy.util.test.junit.AutoTests" name="[468] /home/travis/build/icyphy/ptII/ptolemy/actor/lib/test/auto/matrixType9.xml (RunModel)" time="0.007" />
  <testcase classname="ptolemy.util.test.junit.AutoTests" name="[469] /home/travis/build/icyphy/ptII/ptolemy/actor/lib/test/auto/paraFunctest.xml (RunModel)" time="0.006" />
  <testcase classname="ptolemy.util.test.junit.AutoTests" name="[470] /home/travis/build/icyphy/ptII/ptolemy/actor/lib/test/auto/paraFunctest2.xml (RunModel)" time="0.007" />
  <testcase classname="ptolemy.util.test.junit.AutoTests" name="[471] /home/travis/build/icyphy/ptII/ptolemy/actor/lib/test/auto/parameterPassing.xml (RunModel)" time="0.007" />
  <testcase classname="ptolemy.util.test.junit.AutoTests" name="[472] /home/travis/build/icyphy/ptII/ptolemy/actor/lib/test/auto/record.xml (RunModel)" time="0.008" />
  <testcase classname="ptolemy.util.test.junit.AutoTests" name="[473] /home/travis/build/icyphy/ptII/ptolemy/actor/lib/test/auto/sizedarray1.xml (RunModel)" time="0.008" />
  <testcase classname="ptolemy.util.test.junit.AutoTests" name="[474] /home/travis/build/icyphy/ptII/ptolemy/actor/lib/test/auto/sizedarray2.xml (RunModel)" time="0.008" />
  <testcase classname="ptolemy.util.test.junit.AutoTests" name="[475] /home/travis/build/icyphy/ptII/ptolemy/actor/lib/test/auto/twoPublishers.xml (RunModel)" time="0.017" />
  <system-out><![CDATA[/home/travis/build/icyphy/ptII/ptolemy/actor/lib/test/AbsoluteValue.tcl
testDefs.tcl: setting time out to 9000 seconds at Mon Mar 09 14:42:25 UTC 2020
119 ms. Memory: 129024K Free: 93057K (72%)
9 ms. Memory: 129024K Free: 91519K (71%)
17 ms. Memory: 129024K Free: 90495K (70%)
13 ms. Memory: 129024K Free: 89985K (70%)
/home/travis/build/icyphy/ptII/ptolemy/actor/lib/test/AddSubtract.tcl
19 ms. Memory: 129024K Free: 87937K (68%)
6 ms. Memory: 129024K Free: 86913K (67%)
7 ms. Memory: 129024K Free: 86399K (67%)
17 ms. Memory: 129024K Free: 85360K (66%)
78 ms. Memory: 129024K Free: 82817K (64%)
10 ms. Memory: 129024K Free: 81793K (63%)
/home/travis/build/icyphy/ptII/ptolemy/actor/lib/test/Average.tcl
17 ms. Memory: 129024K Free: 80240K (62%)
18 ms. Memory: 129024K Free: 78721K (61%)
/home/travis/build/icyphy/ptII/ptolemy/actor/lib/test/Bernoulli.tcl
4 ms. Memory: 129024K Free: 77168K (60%)
9 ms. Memory: 129024K Free: 77168K (60%)
/home/travis/build/icyphy/ptII/ptolemy/actor/lib/test/Clock.tcl
preinitializing
resolving types
initializing
executing number 1
wrapping up
idle
20 ms. Memory: 129024K Free: 74111K (57%)
Completed execution with 5 iterations
preinitializing
resolving types
initializing
executing number 1
wrapping up
idle
4 ms. Memory: 129024K Free: 73601K (57%)
Completed execution with 5 iterations
preinitializing
resolving types
initializing
executing number 1
wrapping up
idle
4 ms. Memory: 129024K Free: 73087K (57%)
Completed execution with 5 iterations
/home/travis/build/icyphy/ptII/ptolemy/actor/lib/test/Commutator.tcl
6 ms. Memory: 129024K Free: 71039K (55%)
6 ms. Memory: 129024K Free: 70000K (54%)
9 ms. Memory: 129024K Free: 64385K (50%)
/home/travis/build/icyphy/ptII/ptolemy/actor/lib/test/Const.tcl
4 ms. Memory: 129024K Free: 62832K (49%)
2 ms. Memory: 129024K Free: 62337K (48%)
3 ms. Memory: 129024K Free: 61823K (48%)
2 ms. Memory: 129024K Free: 61313K (48%)
2 ms. Memory: 129024K Free: 60289K (47%)
12 ms. Memory: 129024K Free: 58751K (46%)
5 ms. Memory: 129024K Free: 57712K (45%)
3 ms. Memory: 129024K Free: 56703K (44%)
/home/travis/build/icyphy/ptII/ptolemy/actor/lib/test/CurrentTime.tcl
preinitializing
resolving types
initializing
executing number 1
wrapping up
idle
6 ms. Memory: 129024K Free: 55169K (43%)
Completed execution with 11 iterations
/home/travis/build/icyphy/ptII/ptolemy/actor/lib/test/DB.tcl
4 ms. Memory: 129024K Free: 53121K (41%)
2 ms. Memory: 129024K Free: 52607K (41%)
2 ms. Memory: 129024K Free: 52097K (40%)
/home/travis/build/icyphy/ptII/ptolemy/actor/lib/test/DiscreteRandomSource.tcl
preinitializing
resolving types
initializing
executing number 1
wrapping up
idle
4 ms. Memory: 129024K Free: 51073K (40%)
Completed execution with 4 iterations
preinitializing
resolving types
initializing
executing number 1
wrapping up
idle
3 ms. Memory: 129024K Free: 50552K (39%)
Completed execution with 4 iterations
preinitializing
resolving types
initializing
executing number 1
wrapping up
idle
3 ms. Memory: 129024K Free: 50049K (39%)
Completed execution with 4 iterations
preinitializing
resolving types
initializing
executing number 1
wrapping up
idle
3 ms. Memory: 129024K Free: 49520K (38%)
Completed execution with 4 iterations
preinitializing
resolving types
initializing
executing number 1
wrapping up
idle
3 ms. Memory: 129024K Free: 49025K (38%)
Completed execution with 4 iterations
/home/travis/build/icyphy/ptII/ptolemy/actor/lib/test/Distributor.tcl
26 ms. Memory: 129024K Free: 114032K (88%)
11 ms. Memory: 129024K Free: 113537K (88%)
StreamChangeRequest.changeExecuted(): <deleteEntity name="rec2"/> succeeded
StreamChangeRequest.changeExecuted(): <deleteRelation name="r2"/> succeeded
StreamChangeRequest.changeExecuted(): Record firings per iteration succeeded
8 ms. Memory: 129024K Free: 110465K (86%)
/home/travis/build/icyphy/ptII/ptolemy/actor/lib/test/Exit.tcl
Exit.tcl: this will print a message about Manager.exitAfterWrapup, which can be ignored.
12 ms. Memory: 129024K Free: 107837K (84%)
/home/travis/build/icyphy/ptII/ptolemy/actor/lib/test/Expression.tcl
26 ms. Memory: 129024K Free: 103807K (80%)
14 ms. Memory: 129024K Free: 103297K (80%)
4 ms. Memory: 129024K Free: 102752K (80%)
preinitializing
resolving types
initializing
executing number 1
wrapping up
idle
16 ms. Memory: 129024K Free: 101249K (78%)
Completed execution with 6 iterations
3 ms. Memory: 129024K Free: 100225K (78%)
10 ms. Memory: 129024K Free: 99696K (77%)
4 ms. Memory: 129024K Free: 98177K (76%)
7 ms. Memory: 129024K Free: 96608K (75%)
6 ms. Memory: 129024K Free: 95615K (74%)
/home/travis/build/icyphy/ptII/ptolemy/actor/lib/test/Gaussian.tcl
11 ms. Memory: 129024K Free: 94081K (73%)
sleeping 1 seconds: .............................................................................................................................................................................................................................................................................................................................................................................................................................................................................................................................................................................................................................................................................................................................................................................................................................................................................................................................................................................................................................................................................................................................................................................................................................................................................................................................................................................................................................................................................................................................................................................................................................................................................................................................................................................................................................................................................................................................................................................................................................................................................................................................................................................................................................................................................................................................................................................................................................................................................................................................................................................................................................................................................................................................................................................................................................................................................................................................................................................................................................................................................................................................................................................................................................................................................................................................................................................................................................................................................................................................................................................................................................................................................................................................................................................................................................................................................................................................................................................................................................................................................................................................................................................................................................................................................................................................................................................................................................................................................................................................................................................................................................................................................................................................................................................................................................................................................................................................................................................................................................................................................................................................................................................................................................................................................................................................................................................................................................................................................................................................................................................................................................................................................................................................................................................................................................................................................................................................................................................................................................................................................................................................................................................................................................................................................................................................................................................................................................................................................................................................................................................................................................................................................................................................................................................................................................................................................................................................................................................................................................................................................................................................................................................................................................................................................................................................................................................................................................................................................................................................................................................................................................................................................................................................................................................................................................................................................................................................................................................................................................................................................................................................................................................................................................................................................................................................................................................................................................................................................................................................................................................................................................................................................................................................................................................................................................................................................................................................................................................................................................................................................................................................................................................................................................................................................................................................................................................................................................................................................................................................................................................................................................................................................................................................................................................................................................................................................................................................................................................................................................................................................................................................................................................................................................................................................................................................................................................................................................................................................................................................................................................................................................................................................................................................................................................................................................................................................................................................................................................................................................................................................................................................................................................................................................................................................................................................................................................................................................................................................................................................................................................................................................................................................................................................................................................................................................................................................................................................................................................................................................................................................................................................................................................................................................................................................................................................................................................................................................................................................................................................................................................................................................................................................................................................................................................................................................................................................................................................................................................................................................................................................................................................................................................................................................................................................................................................................................................................................................................................................................................................................................................................................................................................................................................................................................................................................................................................................................................................................................................................................................................................................................................................................................................................................................................................................................................................................................................................................................................................................................................................................................................................................................................................................................................................................................................................................................................................................................................................................................................................................................................................................................................................................................................................................................................................................................................................................................................................................................................................................................................................................................................................................................................................................................................................................................................................................................................................................................................................................................................................................................................................................................................................................................................................................................................................................................................................................................................................................................................................................................................................................................................................................................................................................................................................................................................................................................................................................................................................................................................................................................................................................................................................................................................................................................................................................................................................................................................................................................................................................................................................................................................................................................................................................................................................................................................................................................................................................................................................................................................................................................................................................................................................................................................................................................................................................................................................................................................................................................................................................................................................................................................................................................................................................................................................................................................................................................................................................................................................................................................................................................................................................................................................................................................................................................................................................................................................................................................................................................................................................................................................................................................................................................................................................................................................................................................................................................................................................................................................................................................................................................................................................................................................................................................................................................................................................................................................................................................................................................................................................................................................................................................................................................................................................................................................................................................................................................................................................................................................................................................................................................................................................................................................................................................................................................................................................................................................................................................................................................................................................................................................................................................................................................................................................................................................................................................................................................................................................................................................................................................................................................................................................................................................................................................................................................................................................................................................................................................................................................................................................................................................................................................................................................................................................................................................................................................................................................................................................................................................................................................................................................................................................................................................................................................................................................................................................................................................................................................................................................................................................................................................................................................................................................................................................................................................................................................................................................................................................................................................................................................................................................................................................................................................................................................................................................................................................................................................................................................................................................................................................................................................................................................................................................................................................................................................................................................................................................................................................................................................................................................................................................................................................................................................................................................................................................................................................................................................................................................................................................................................................................................................................................................................................................................................................................................................................................................................................................................................................................................................................................................................................................................................................................................................................................................................................................................................................................................................................................................................................................................................................................................................................................................................................................................................................................................................................................................................................................................................................................................................................................................................................................................................................................................................................................................................................................................................................................................................................................................................................................................................................................................................................................................................................................................................................................................................................................................................................................................................................................................................................................................................................................................................................................................................................................................................................................................................................................................................................................................................................................................................................................................................................................................................................................................................................................................................................................................................................................................................................................................................................................................................................................................................................................................................................................................................................................................................................................................................................................................................................................................................................................................................................................................................................................................................................................................................................................................................................................................................................................................................................................................................................................................................................................................................................................................................................................................................................................................................................................................................................................................................................................................................................................................................................................................................................................................................................................................................................................................................................................................................................................................................................................................................................................................................................................................................................................................................................................................................................................................................................................................................................................................................................................................................................................................................................................................................................................................................................................................................................................................................................................................................................................................................................................................................................................................................................................................................................................................................................................................................................................................................................................................................................................................................................................................................................................................................................................................................................................................................................................................................................................................................................................................................................................................................................................................................................................................................................................................................................................................................................................................................................................................................................................................................................................................................................................................................................................................................................................................................................................................................................................................................................................................................................................................................................................................................................................................................................................................................................................................................................................................................................................................................................................................................................................................................................................................................................................................................................................................................................................................................................................................................................................................................................................................................................................................................................................................................................................................................................................................................................................................................................................................................................................................................................................................................................................................................................................................................................................................................................................................................................................................................................................................................................................................................................................................................................................................................................................................................................................................................................................................................................................................................................................................................................................................................................................................................................................................................................................................................................................................................................................................................................................................................................................................................................................................................................................................................................................................................................................................................................................................................................................................................................................................................................................................................................................................................................................................................................................................................................................................................................................................................................................................................................................................................................................................................................................................................................................................................................................................................................................................................................................................................................................................................................................................................................................................................................................................................................................................................................................................................................................................................................................................................................................................................................................................................................................................................................................................................................................................................................................................................................................................................................................................................................................................................................................................................................................................................................................................................................................................................................................................................................................................................................................................................................................................................................................................................................................................................................................................................................................................................................................................................................................................................................................................................................................................................................................................................................................................................................................................................................................................................................................................................................................................................................................................................................................................................................................................................................................................................................................................................................................................................................................................................................................................................................................................................................................................................................................................................................................................................................................................................................................................................................................................................................................................................................................................................................................................................................................................................................................................................................................................................................................................................................................................................................................................................................................................................................................................................................................................................................................................................................................................................................................................................................................................................................................................................................................................................................................................................................................................................................................................................................................................................................................................................................................................................................................................................................................................................................................................................................................................................................................................................................................................................................................................................................................................................................................................................................................................................................................................................................................................................................................................................................................................................................................................................................................................................................................................................................................................................................................................................................................................................................................................................................................................................................................................................................................................................................................................................................................................................................................................................................................................................................................................................................................................................................................................................................................................................................................................................................................................................................................................................................................................................................................................................................................................................................................................................................................................................................................................................................................................................................................................................................................................................................................................................................................................................................................................................................................................................................................................................................................................................................................................................................................................................................................................................................................................................................................................................................................................................................................................................................................................................................................................................................................................................................................................................................................................................................................................................................................................................................................................................................................................................................................................................................................................................................................................................................................................................................................................................................................................................................................................................................................................................................................................................................................................................................................................................................................................................................................................................................................................................................................................................................................................................................................................................................................................................................................................................................................................................................................................................................................................................................................................................................................................................................................................................................................................................................................................................................................................................................................................................................................................................................................................................................................................................................................................................................................................................................................................................................................................................................................................................................................................................................................................................................................................................................................................................................................................................................................................................................................................................................................................................................................................................................................................................................................................................................................................................................................................................................................................................................................................................................................................................................................................................................................................................................................................................................................................................................................................................................................................................................................................................................................................................................................................................................................................................................................................................................................................................................................................................................................................................................................................................................................................................................................................................................................................................................................................................................................................................................................................................................................................................................................................................................................................................................................................................................................................................................................................................................................................................................................................................................................................................................................................................................................................................................................................................................................................................................................................................................................................................................................................................................................................................................................................................................................................................................................................................................................................................................................................................................................................................................................................................................................................................................................................................................................................................................................................................................................................................................................................................................................................................................................................................................................................................................................................................................................................................................................................................................................................................................................................................................................................................................................................................................................................................................................................................................................................................................................................................................................................................................................................................................................................................................................................................................................................................................................................................................................................................................................................................................................................................................................................................................................................................................................................................................................................................................................................................................................................................................................................................................................................................................................................................................................................................................................................................................................................................................................................................................................................................................................................................................................................................................................................................................................................................................................................................................................................................................................................................................................................................................................................................................................................................................................................................................................................................................................................................................................................................................................................................................................................................................................................................................................................................................................................................................................................................................................................................................................................................................................................................................................................................................................................................................................................................................................................................................................................................................................................................................................................................................................................................................................................................................................................................................................................................................................................................................................................................................................................................................................................................................................................................................................................................................................................................................................................................................................................................................................................................................................................................................................................................................................................................................................................................................................................................................................................................................................................................................................................................................................................................................................................................................................................................................................................................................................................................................................................................................................................................................................................................................................................................................................................................................................................................................................................................................................................................................................................................................................................................................................................................................................................................................................................................................................................................................................................................................................................................................................................................................................................................................................................................................................................................................................................3 ms. Memory: 129024K Free: 90525K (70%)
2 ms. Memory: 129024K Free: 89501K (69%)
2 ms. Memory: 129024K Free: 88973K (69%)
1 ms. Memory: 129024K Free: 88477K (69%)
1 ms. Memory: 129024K Free: 87947K (68%)
/home/travis/build/icyphy/ptII/ptolemy/actor/lib/test/IIR.tcl
/home/travis/build/icyphy/ptII/ptolemy/actor/lib/test/Interpolator.tcl
4 ms. Memory: 129024K Free: 83861K (65%)
1 ms. Memory: 129024K Free: 83357K (65%)
1 ms. Memory: 129024K Free: 82829K (64%)
2 ms. Memory: 129024K Free: 82333K (64%)
2 ms. Memory: 129024K Free: 81309K (63%)
2 ms. Memory: 129024K Free: 80781K (63%)
2 ms. Memory: 129024K Free: 79757K (62%)
2 ms. Memory: 129024K Free: 78733K (61%)
2 ms. Memory: 129024K Free: 78237K (61%)
2 ms. Memory: 129024K Free: 77213K (60%)
/home/travis/build/icyphy/ptII/ptolemy/actor/lib/test/MathFunction.tcl
3 ms. Memory: 129024K Free: 75165K (58%)
2 ms. Memory: 129024K Free: 73613K (57%)
2 ms. Memory: 129024K Free: 72573K (56%)
2 ms. Memory: 129024K Free: 71573K (55%)
3 ms. Memory: 129024K Free: 70541K (55%)
6 ms. Memory: 129024K Free: 68493K (53%)
/home/travis/build/icyphy/ptII/ptolemy/actor/lib/test/Maximum.tcl
4 ms. Memory: 129024K Free: 66459K (52%)
2 ms. Memory: 129024K Free: 65949K (51%)
3 ms. Memory: 129024K Free: 65421K (51%)
4 ms. Memory: 129024K Free: 64397K (50%)
/home/travis/build/icyphy/ptII/ptolemy/actor/lib/test/Minimum.tcl
3 ms. Memory: 129024K Free: 62877K (49%)
1 ms. Memory: 129024K Free: 62349K (48%)
2 ms. Memory: 129024K Free: 61339K (48%)
2 ms. Memory: 129024K Free: 60829K (47%)
/home/travis/build/icyphy/ptII/ptolemy/actor/lib/test/MultiplyDivide.tcl
4 ms. Memory: 129024K Free: 58781K (46%)
2 ms. Memory: 129024K Free: 58253K (45%)
2 ms. Memory: 129024K Free: 57757K (45%)
3 ms. Memory: 129024K Free: 56733K (44%)
2 ms. Memory: 129024K Free: 56205K (44%)
/home/travis/build/icyphy/ptII/ptolemy/actor/lib/test/OrderedMerge.tcl
Connections changed on port: inputA
Connections changed on port: inputB
Connections changed on port: output
Connections changed on port: output
Connections changed on port: output
Connections changed on port: input
.top. Preinitializing ...
Invoking preinitialize():  .top.OrderedMerge
Called preinitialize()
Invoking preinitialize():  .top.Ramp
Called preinitialize()
Invoking preinitialize():  .top.Ramp2
Called preinitialize()
Invoking preinitialize():  .top.Test
Called preinitialize()
Connections changed on port: inputA
Connections changed on port: output
Connections changed on port: inputB
Connections changed on port: output
Connections changed on port: output
Connections changed on port: input
.top. Finished preinitialize().
Called initialize().
Invoking initialize():  .top.OrderedMerge
Initializing actor: .top.OrderedMerge
Adding a thread: .top.OrderedMerge
Invoking initialize():  .top.Ramp
Initializing actor: .top.Ramp
Adding a thread: .top.Ramp
Invoking initialize():  .top.Ramp2
Initializing actor: .top.Ramp2
Adding a thread: .top.Ramp2
Invoking initialize():  .top.Test
Initializing actor: .top.Test
Adding a thread: .top.Test
Called fire().
Checking for deadlock:
-- Starting thread.
Called initialize()
-- Starting thread.
-- Starting thread.
Called initialize()
Called initialize()
Called prefire()
Called prefire()
Called prefire()
Called fire()
Called fire()
Called fire()
-- Starting thread.
Called initialize()
Called prefire()
Called fire()
There are 0 Blocked actors, 0 Stopped actors, and 4 active threads.
Waiting for actors to stop.
Called postfire()
Called postfire()
Called prefire()
Called prefire()
Called fire()
Called fire()
Read input token from inputA with value 0.0
Next port to read input from is inputB
Called postfire()
Called prefire()
Called fire()
Checking for deadlock:
There are 2 Blocked actors, 0 Stopped actors, and 4 active threads.
Waiting for actors to stop.
Read input token from inputB with value 0.0
Sent output token with value 0.0
Next port to read input from is inputA
Called postfire()
Called prefire()
Called fire()
Called postfire()
Called prefire()
Called fire()
-- Read input: 0.0, which is expected to match: 0.0
Called prefire()
Called fire()
Read input token from inputA with value 1.0
Sent output token with value 0.0
Next port to read input from is inputB
Called postfire()
Called prefire()
Called fire()
Checking for deadlock:
There are 1 Blocked actors, 0 Stopped actors, and 4 active threads.
Waiting for actors to stop.
Called postfire()
Called prefire()
Called fire()
Called postfire()
Called prefire()
Called fire()
-- Read input: 0.0, which is expected to match: 0.0
Called prefire()
Called fire()
Checking for deadlock:
There are 3 Blocked actors, 0 Stopped actors, and 4 active threads.
Waiting for actors to stop.
Read input token from inputB with value 1.5
Sent output token with value 1.0
Next port to read input from is inputA
Called postfire()
Called prefire()
Called fire()
Read input token from inputA with value 2.0
Checking for deadlock:
There are 1 Blocked actors, 0 Stopped actors, and 4 active threads.
Waiting for actors to stop.
-- Read input: 1.0, which is expected to match: 1.0
Called prefire()
Called fire()
Checking for deadlock:
There are 1 Blocked actors, 0 Stopped actors, and 4 active threads.
Waiting for actors to stop.
Called postfire()
Called postfire()
Called prefire()
Called fire()
-- Read input: 1.5, which is expected to match: 1.5
Called prefire()
Called fire()
Called prefire()
Called fire()
Sent output token with value 1.5
Next port to read input from is inputB
Called postfire()
Called prefire()
Called fire()
Read input token from inputB with value 3.0
Sent output token with value 2.0
Next port to read input from is inputA
Called postfire()
Called prefire()
Called fire()
Read input token from inputA with value 3.0
Checking for deadlock:
There are 1 Blocked actors, 0 Stopped actors, and 4 active threads.
Waiting for actors to stop.
Called postfire()
Called prefire()
Called fire()
-- Read input: 2.0, which is expected to match: 2.0
Called prefire()
Called fire()
Checking for deadlock:
There are 2 Blocked actors, 0 Stopped actors, and 4 active threads.
Waiting for actors to stop.
Called postfire()
Called prefire()
Called fire()
-- Read input: 3.0, which is expected to match: 3.0
Called prefire()
Called fire()
Checking for deadlock:
There are 3 Blocked actors, 0 Stopped actors, and 4 active threads.
Waiting for actors to stop.
Sent output token with value 3.0
Next port to read input from is inputB
Called postfire()
Called prefire()
Called fire()
Read input token from inputB with value 4.5
Sent output token with value 3.0
Next port to read input from is inputA
Called postfire()
Called prefire()
Called fire()
Read input token from inputA with value 4.0
Checking for deadlock:
There are 1 Blocked actors, 0 Stopped actors, and 4 active threads.
Waiting for actors to stop.
Called postfire()
Called postfire()
Called prefire()
Called fire()
-- Read input: 3.0, which is expected to match: 3.0
Called prefire()
Called fire()
Called prefire()
Called fire()
Checking for deadlock:
There are 3 Blocked actors, 0 Stopped actors, and 4 active threads.
Waiting for actors to stop.
-- Read input: 4.0, which is expected to match: 4.0
Called prefire()
Called fire()
Past the end of training data. Read and discard all inputs.
Checking for deadlock:
There are 3 Blocked actors, 0 Stopped actors, and 4 active threads.
Waiting for actors to stop.
Sent output token with value 4.0
Next port to read input from is inputA
Called postfire()
Called prefire()
Called fire()
Checking for deadlock:
Called postfire()
There are 2 Blocked actors, 0 Stopped actors, and 4 active threads.
Called prefire()
Waiting for actors to stop.
Called fire()
Checking for deadlock:
There are 3 Blocked actors, 0 Stopped actors, and 4 active threads.
Waiting for actors to stop.
Read input token from inputA with value 5.0
Checking for deadlock:
There are 2 Blocked actors, 0 Stopped actors, and 4 active threads.
Waiting for actors to stop.
Called prefire()
Called fire()
Past the end of training data. Read and discard all inputs.
Checking for deadlock:
There are 3 Blocked actors, 0 Stopped actors, and 4 active threads.
Waiting for actors to stop.
Sent output token with value 4.5
Next port to read input from is inputB
Called postfire()
Called prefire()
Called fire()
Read input token from inputB with value 6.0
Sent output token with value 5.0
Next port to read input from is inputA
Called postfire()
Called prefire()
Called fire()
Read input token from inputA with value 6.0
Checking for deadlock:
There are 1 Blocked actors, 0 Stopped actors, and 4 active threads.
Waiting for actors to stop.
Called postfire()
Called postfire()
Called prefire()
Called fire()
Called prefire()
Called fire()
Past the end of training data. Read and discard all inputs.
Called prefire()
Called fire()
Checking for deadlock:
There are 3 Blocked actors, 0 Stopped actors, and 4 active threads.
Waiting for actors to stop.
Called prefire()
Called fire()
Past the end of training data. Read and discard all inputs.
Checking for deadlock:
There are 3 Blocked actors, 0 Stopped actors, and 4 active threads.
Waiting for actors to stop.
Sent output token with value 6.0
Next port to read input from is inputB
Called postfire()
Called prefire()
Called fire()
Checking for deadlock:
There are 2 Blocked actors, 0 Stopped actors, and 4 active threads.
Waiting for actors to stop.
Called postfire()
Called prefire()
Called fire()
Checking for deadlock:
There are 3 Blocked actors, 0 Stopped actors, and 4 active threads.
Waiting for actors to stop.
Read input token from inputB with value 7.5
Checking for deadlock:
There are 2 Blocked actors, 0 Stopped actors, and 4 active threads.
Waiting for actors to stop.
Called prefire()
Called fire()
Past the end of training data. Read and discard all inputs.
Checking for deadlock:
There are 3 Blocked actors, 0 Stopped actors, and 4 active threads.
Waiting for actors to stop.
Sent output token with value 6.0
Next port to read input from is inputA
Called postfire()
Called prefire()
Called fire()
Checking for deadlock:
There are 2 Blocked actors, 0 Stopped actors, and 4 active threads.
Waiting for actors to stop.
Called postfire()
Read input token from inputA with value 7.0
Called prefire()
Called fire()
Called prefire()
Called fire()
Past the end of training data. Read and discard all inputs.
Checking for deadlock:
There are 3 Blocked actors, 0 Stopped actors, and 4 active threads.
Waiting for actors to stop.
Sent output token with value 7.0
Next port to read input from is inputA
Called postfire()
Called prefire()
Called fire()
Read input token from inputA with value 8.0
-- Thread wrapup() called.
Called wrapup()
Sent output token with value 7.5
Next port to read input from is inputB
Called postfire()
Called prefire()
Called fire()
Thread .top.Ramp is exiting.
Checking for deadlock:
-- Thread stopped.
There are 1 Blocked actors, 0 Stopped actors, and 3 active threads.
Waiting for actors to stop.
Called prefire()
Called fire()
Past the end of training data. Read and discard all inputs.
Called postfire()
Called prefire()
Called fire()
Checking for deadlock:
There are 2 Blocked actors, 0 Stopped actors, and 3 active threads.
Waiting for actors to stop.
Read input token from inputB with value 9.0
Called prefire()
Called fire()
Past the end of training data. Read and discard all inputs.
Checking for deadlock:
There are 2 Blocked actors, 0 Stopped actors, and 3 active threads.
Waiting for actors to stop.
Sent output token with value 8.0
Next port to read input from is inputA
Called postfire()
Called prefire()
Called fire()
Read input token from inputA with value 9.0
Called prefire()
Called fire()
Past the end of training data. Read and discard all inputs.
Checking for deadlock:
There are 2 Blocked actors, 0 Stopped actors, and 3 active threads.
Waiting for actors to stop.
Sent output token with value 9.0
Next port to read input from is inputB
Called postfire()
Called prefire()
Called fire()
Checking for deadlock:
There are 1 Blocked actors, 0 Stopped actors, and 3 active threads.
Waiting for actors to stop.
Called postfire()
Called prefire()
Called fire()
Checking for deadlock:
There are 2 Blocked actors, 0 Stopped actors, and 3 active threads.
Waiting for actors to stop.
Read input token from inputB with value 10.5
Checking for deadlock:
There are 1 Blocked actors, 0 Stopped actors, and 3 active threads.
Waiting for actors to stop.
Called prefire()
Called fire()
Past the end of training data. Read and discard all inputs.
Checking for deadlock:
There are 2 Blocked actors, 0 Stopped actors, and 3 active threads.
Waiting for actors to stop.
Sent output token with value 9.0
Next port to read input from is inputA
Called postfire()
Called prefire()
Called fire()
Checking for deadlock:
There are 3 Blocked actors, 0 Stopped actors, and 3 active threads.
Actors have stopped.
Checking for deadlock:
There are 3 Blocked actors, 0 Stopped actors, and 3 active threads.
Deadlock detected.
Resolving Deadlock
Checking for deadlock:
There are 3 Blocked actors, 0 Stopped actors, and 3 active threads.
Artificial Deadlock - increasing queue capacity.
increasing the capacity of receiver ptolemy.actor.TypedIOPort {.top.OrderedMerge.inputB} to 2
-- Thread wrapup() called.
Called wrapup()
Thread .top.Ramp2 is exiting.
-- Thread stopped.
Director: Called postfire().
Called postfire().
_stopRequested = false
_stopFireRequested = false
Returning from postfire(): true
Called fire().
Checking for deadlock:
There are 2 Blocked actors, 0 Stopped actors, and 2 active threads.
Actors have stopped.
Checking for deadlock:
There are 2 Blocked actors, 0 Stopped actors, and 2 active threads.
Deadlock detected.
Resolving Deadlock
Checking for deadlock:
There are 2 Blocked actors, 0 Stopped actors, and 2 active threads.
Deadlock detected: no processes blocked on write, but some are blocked on read.
Called postfire().
_stopRequested = false
_stopFireRequested = false
Returning from postfire(): false
Finished deactivating branches.
Called wrapup().
-- Thread wrapup() called.
Called wrapup()
Thread .top.Test is exiting.
-- Thread stopped.
-- Blocked Receiver call threw TerminateProcessException.
-- Thread wrapup() called.
Called wrapup()
Thread .top.OrderedMerge is exiting.
-- Thread stopped.
-- Blocked Receiver call threw TerminateProcessException.
48 ms. Memory: 129024K Free: 50959K (39%)
.top. Preinitializing ...
Invoking preinitialize():  .top.OrderedMerge
Called preinitialize()
Invoking preinitialize():  .top.Ramp
Called preinitialize()
Invoking preinitialize():  .top.Ramp2
Called preinitialize()
Invoking preinitialize():  .top.Test
Called preinitialize()
.top. Finished preinitialize().
Called initialize().
Invoking initialize():  .top.OrderedMerge
Initializing actor: .top.OrderedMerge
Adding a thread: .top.OrderedMerge
Invoking initialize():  .top.Ramp
Initializing actor: .top.Ramp
Adding a thread: .top.Ramp
Invoking initialize():  .top.Ramp2
Initializing actor: .top.Ramp2
Adding a thread: .top.Ramp2
Invoking initialize():  .top.Test
Initializing actor: .top.Test
Adding a thread: .top.Test
-- Starting thread.
Called initialize()
Called prefire()
Called fire()
-- Starting thread.
Called initialize()
Called prefire()
Called fire()
Called postfire()
Called prefire()
Called fire()
-- Starting thread.
Called initialize()
Called prefire()
Called fire()
Called postfire()
Called prefire()
Called fire()
Called fire().
Checking for deadlock:
There are 3 Blocked actors, 0 Stopped actors, and 4 active threads.
Waiting for actors to stop.
-- Starting thread.
Called initialize()
Called prefire()
Called fire()
Checking for deadlock:
There are 2 Blocked actors, 0 Stopped actors, and 4 active threads.
Waiting for actors to stop.
Called postfire()
Called prefire()
Called fire()
Checking for deadlock:
There are 3 Blocked actors, 0 Stopped actors, and 4 active threads.
Waiting for actors to stop.
Read input token from inputA with value 0.0
Next port to read input from is inputB
Called postfire()
Called prefire()
Called fire()
Called postfire()
Called prefire()
Called fire()
Checking for deadlock:
There are 3 Blocked actors, 0 Stopped actors, and 4 active threads.
Waiting for actors to stop.
Read input token from inputB with value 0.0
-- Read input: 0.0, which is expected to match: 0.0
Called prefire()
Called fire()
Checking for deadlock:
There are 3 Blocked actors, 0 Stopped actors, and 4 active threads.
Waiting for actors to stop.
Sent output token with value 0.0
Next port to read input from is inputA
Called postfire()
Called prefire()
Called fire()
Checking for deadlock:
There are 2 Blocked actors, 0 Stopped actors, and 4 active threads.
Waiting for actors to stop.
Called postfire()
Called prefire()
Called fire()
Checking for deadlock:
There are 3 Blocked actors, 0 Stopped actors, and 4 active threads.
Waiting for actors to stop.
Read input token from inputA with value 1.0
Checking for deadlock:
There are 2 Blocked actors, 0 Stopped actors, and 4 active threads.
Waiting for actors to stop.
-- Read input: 0.0, which is expected to match: 0.0
Called prefire()
Called fire()
Checking for deadlock:
There are 3 Blocked actors, 0 Stopped actors, and 4 active threads.
Waiting for actors to stop.
Sent output token with value 0.0
Next port to read input from is inputB
Called postfire()
Called prefire()
Called fire()
Checking for deadlock:
There are 2 Blocked actors, 0 Stopped actors, and 4 active threads.
Waiting for actors to stop.
Called postfire()
Called prefire()
Called fire()
Checking for deadlock:
There are 3 Blocked actors, 0 Stopped actors, and 4 active threads.
Waiting for actors to stop.
Read input token from inputB with value 1.5
Checking for deadlock:
There are 2 Blocked actors, 0 Stopped actors, and 4 active threads.
Waiting for actors to stop.
-- Read input: 1.0, which is expected to match: 1.0
Called prefire()
Called fire()
Checking for deadlock:
There are 3 Blocked actors, 0 Stopped actors, and 4 active threads.
Waiting for actors to stop.
Sent output token with value 1.0
Next port to read input from is inputA
Called postfire()
Called prefire()
Called fire()
Checking for deadlock:
There are 2 Blocked actors, 0 Stopped actors, and 4 active threads.
Waiting for actors to stop.
Called postfire()
Called prefire()
Called fire()
Checking for deadlock:
There are 3 Blocked actors, 0 Stopped actors, and 4 active threads.
Waiting for actors to stop.
Read input token from inputA with value 2.0
Checking for deadlock:
There are 2 Blocked actors, 0 Stopped actors, and 4 active threads.
Waiting for actors to stop.
-- Read input: 1.5, which is expected to match: 1.5
Called prefire()
Called fire()
Checking for deadlock:
There are 3 Blocked actors, 0 Stopped actors, and 4 active threads.
Waiting for actors to stop.
Sent output token with value 1.5
Next port to read input from is inputB
Called postfire()
Called prefire()
Called fire()
Called postfire()
Called prefire()
Called fire()
Checking for deadlock:
There are 3 Blocked actors, 0 Stopped actors, and 4 active threads.
Waiting for actors to stop.
Read input token from inputB with value 3.0
-- Read input: 2.0, which is expected to match: 2.0
Called prefire()
Called fire()
Checking for deadlock:
There are 3 Blocked actors, 0 Stopped actors, and 4 active threads.
Waiting for actors to stop.
Sent output token with value 2.0
Next port to read input from is inputA
Called postfire()
Called prefire()
Called fire()
Checking for deadlock:
There are 2 Blocked actors, 0 Stopped actors, and 4 active threads.
Waiting for actors to stop.
Called postfire()
Called prefire()
Called fire()
Checking for deadlock:
There are 3 Blocked actors, 0 Stopped actors, and 4 active threads.
Waiting for actors to stop.
Read input token from inputA with value 3.0
Checking for deadlock:
There are 2 Blocked actors, 0 Stopped actors, and 4 active threads.
Waiting for actors to stop.
-- Read input: 3.0, which is expected to match: 3.0
Called prefire()
Called fire()
Checking for deadlock:
There are 3 Blocked actors, 0 Stopped actors, and 4 active threads.
Waiting for actors to stop.
Sent output token with value 3.0
Next port to read input from is inputB
Called postfire()
Called prefire()
Called fire()
Checking for deadlock:
There are 2 Blocked actors, 0 Stopped actors, and 4 active threads.
Waiting for actors to stop.
Called postfire()
Called prefire()
Called fire()
Checking for deadlock:
There are 3 Blocked actors, 0 Stopped actors, and 4 active threads.
Waiting for actors to stop.
Read input token from inputB with value 4.5
Checking for deadlock:
There are 2 Blocked actors, 0 Stopped actors, and 4 active threads.
Waiting for actors to stop.
-- Read input: 3.0, which is expected to match: 3.0
Called prefire()
Called fire()
Checking for deadlock:
There are 3 Blocked actors, 0 Stopped actors, and 4 active threads.
Waiting for actors to stop.
Sent output token with value 3.0
Next port to read input from is inputA
Called postfire()
Called prefire()
Called fire()
Checking for deadlock:
There are 2 Blocked actors, 0 Stopped actors, and 4 active threads.
Waiting for actors to stop.
Called postfire()
Called prefire()
Called fire()
Checking for deadlock:
There are 3 Blocked actors, 0 Stopped actors, and 4 active threads.
Waiting for actors to stop.
Read input token from inputA with value 4.0
Checking for deadlock:
There are 2 Blocked actors, 0 Stopped actors, and 4 active threads.
Waiting for actors to stop.
-- Read input: 4.0, which is expected to match: 4.0
Called prefire()
Called fire()
Past the end of training data. Read and discard all inputs.
Checking for deadlock:
There are 3 Blocked actors, 0 Stopped actors, and 4 active threads.
Waiting for actors to stop.
Sent output token with value 4.0
Next port to read input from is inputA
Called postfire()
Called prefire()
Called fire()
Checking for deadlock:
There are 2 Blocked actors, 0 Stopped actors, and 4 active threads.
Waiting for actors to stop.
Called postfire()
Called prefire()
Called fire()
Checking for deadlock:
There are 3 Blocked actors, 0 Stopped actors, and 4 active threads.
Waiting for actors to stop.
Read input token from inputA with value 5.0
Checking for deadlock:
There are 2 Blocked actors, 0 Stopped actors, and 4 active threads.
Waiting for actors to stop.
Called prefire()
Called fire()
Past the end of training data. Read and discard all inputs.
Checking for deadlock:
There are 3 Blocked actors, 0 Stopped actors, and 4 active threads.
Waiting for actors to stop.
Sent output token with value 4.5
Next port to read input from is inputB
Called postfire()
Called prefire()
Called fire()
Checking for deadlock:
There are 2 Blocked actors, 0 Stopped actors, and 4 active threads.
Waiting for actors to stop.
Called postfire()
Called prefire()
Called fire()
Checking for deadlock:
There are 3 Blocked actors, 0 Stopped actors, and 4 active threads.
Waiting for actors to stop.
Read input token from inputB with value 6.0
Checking for deadlock:
There are 2 Blocked actors, 0 Stopped actors, and 4 active threads.
Waiting for actors to stop.
Called prefire()
Called fire()
Past the end of training data. Read and discard all inputs.
Checking for deadlock:
There are 3 Blocked actors, 0 Stopped actors, and 4 active threads.
Waiting for actors to stop.
Sent output token with value 5.0
Next port to read input from is inputA
Called postfire()
Called prefire()
Called fire()
Checking for deadlock:
There are 2 Blocked actors, 0 Stopped actors, and 4 active threads.
Waiting for actors to stop.
Called postfire()
Called prefire()
Called fire()
Checking for deadlock:
There are 3 Blocked actors, 0 Stopped actors, and 4 active threads.
Waiting for actors to stop.
Read input token from inputA with value 6.0
Checking for deadlock:
There are 2 Blocked actors, 0 Stopped actors, and 4 active threads.
Waiting for actors to stop.
Called prefire()
Called fire()
Past the end of training data. Read and discard all inputs.
Checking for deadlock:
There are 3 Blocked actors, 0 Stopped actors, and 4 active threads.
Waiting for actors to stop.
Sent output token with value 6.0
Next port to read input from is inputB
Called postfire()
Called prefire()
Called fire()
Called postfire()
Called prefire()
Called fire()
Checking for deadlock:
There are 3 Blocked actors, 0 Stopped actors, and 4 active threads.
Waiting for actors to stop.
Read input token from inputB with value 7.5
Called prefire()
Called fire()
Past the end of training data. Read and discard all inputs.
Checking for deadlock:
There are 3 Blocked actors, 0 Stopped actors, and 4 active threads.
Waiting for actors to stop.
Sent output token with value 6.0
Next port to read input from is inputA
Called postfire()
Called prefire()
Called fire()
Checking for deadlock:
There are 2 Blocked actors, 0 Stopped actors, and 4 active threads.
Waiting for actors to stop.
Called postfire()
Called prefire()
Called fire()
Checking for deadlock:
There are 3 Blocked actors, 0 Stopped actors, and 4 active threads.
Waiting for actors to stop.
Read input token from inputA with value 7.0
Checking for deadlock:
There are 2 Blocked actors, 0 Stopped actors, and 4 active threads.
Waiting for actors to stop.
Called prefire()
Called fire()
Past the end of training data. Read and discard all inputs.
Checking for deadlock:
There are 3 Blocked actors, 0 Stopped actors, and 4 active threads.
Waiting for actors to stop.
Sent output token with value 7.0
Next port to read input from is inputA
Called postfire()
Called prefire()
Called fire()
Checking for deadlock:
There are 2 Blocked actors, 0 Stopped actors, and 4 active threads.
Waiting for actors to stop.
-- Thread wrapup() called.
Called wrapup()
Thread .top.Ramp is exiting.
Checking for deadlock:
There are 2 Blocked actors, 0 Stopped actors, and 3 active threads.
Waiting for actors to stop.
-- Thread stopped.
Read input token from inputA with value 8.0
Called prefire()
Called fire()
Past the end of training data. Read and discard all inputs.
Checking for deadlock:
There are 2 Blocked actors, 0 Stopped actors, and 3 active threads.
Waiting for actors to stop.
Sent output token with value 7.5
Next port to read input from is inputB
Called postfire()
Called prefire()
Called fire()
Called postfire()
Called prefire()
Called fire()
Checking for deadlock:
There are 2 Blocked actors, 0 Stopped actors, and 3 active threads.
Waiting for actors to stop.
Read input token from inputB with value 9.0
Called prefire()
Called fire()
Past the end of training data. Read and discard all inputs.
Checking for deadlock:
There are 2 Blocked actors, 0 Stopped actors, and 3 active threads.
Waiting for actors to stop.
Sent output token with value 8.0
Next port to read input from is inputA
Called postfire()
Called prefire()
Called fire()
Read input token from inputA with value 9.0
Called prefire()
Called fire()
Past the end of training data. Read and discard all inputs.
Checking for deadlock:
There are 2 Blocked actors, 0 Stopped actors, and 3 active threads.
Waiting for actors to stop.
Sent output token with value 9.0
Next port to read input from is inputB
Called postfire()
Called prefire()
Called fire()
Checking for deadlock:
There are 1 Blocked actors, 0 Stopped actors, and 3 active threads.
Waiting for actors to stop.
Called postfire()
Called prefire()
Called fire()
Checking for deadlock:
There are 2 Blocked actors, 0 Stopped actors, and 3 active threads.
Waiting for actors to stop.
Read input token from inputB with value 10.5
Checking for deadlock:
There are 1 Blocked actors, 0 Stopped actors, and 3 active threads.
Waiting for actors to stop.
Called prefire()
Called fire()
Past the end of training data. Read and discard all inputs.
Checking for deadlock:
There are 2 Blocked actors, 0 Stopped actors, and 3 active threads.
Waiting for actors to stop.
Sent output token with value 9.0
Next port to read input from is inputA
Called postfire()
Called prefire()
Called fire()
Checking for deadlock:
There are 3 Blocked actors, 0 Stopped actors, and 3 active threads.
Actors have stopped.
Checking for deadlock:
There are 3 Blocked actors, 0 Stopped actors, and 3 active threads.
Deadlock detected.
Resolving Deadlock
Checking for deadlock:
There are 3 Blocked actors, 0 Stopped actors, and 3 active threads.
Artificial Deadlock - increasing queue capacity.
increasing the capacity of receiver ptolemy.actor.TypedIOPort {.top.OrderedMerge.inputB} to 2
Director: Called postfire().
Called postfire().
_stopRequested = false
_stopFireRequested = false
Returning from postfire(): true
Called fire().
Checking for deadlock:
There are 2 Blocked actors, 0 Stopped actors, and 3 active threads.
Waiting for actors to stop.
-- Thread wrapup() called.
Called wrapup()
Thread .top.Ramp2 is exiting.
-- Thread stopped.
Checking for deadlock:
There are 2 Blocked actors, 0 Stopped actors, and 2 active threads.
Actors have stopped.
Checking for deadlock:
There are 2 Blocked actors, 0 Stopped actors, and 2 active threads.
Deadlock detected.
Resolving Deadlock
Checking for deadlock:
There are 2 Blocked actors, 0 Stopped actors, and 2 active threads.
Deadlock detected: no processes blocked on write, but some are blocked on read.
Called postfire().
_stopRequested = false
_stopFireRequested = false
Returning from postfire(): false
Finished deactivating branches.
Called wrapup().
-- Thread wrapup() called.
Called wrapup()
-- Thread wrapup() called.
Called wrapup()
Thread .top.OrderedMerge is exiting.
-- Thread stopped.
-- Blocked Receiver call threw TerminateProcessException.
Thread .top.Test is exiting.
-- Thread stopped.
-- Blocked Receiver call threw TerminateProcessException.
58 ms. Memory: 129024K Free: 48541K (38%)
/home/travis/build/icyphy/ptII/ptolemy/actor/lib/test/Publisher.tcl
6 ms. Memory: 129024K Free: 108719K (84%)
4 ms. Memory: 129024K Free: 103599K (80%)
3 ms. Memory: 129024K Free: 99503K (77%)
3 ms. Memory: 129024K Free: 98479K (76%)
2 ms. Memory: 129024K Free: 97965K (76%)
3 ms. Memory: 129024K Free: 96941K (75%)
3 ms. Memory: 129024K Free: 96431K (75%)
10 ms. Memory: 129024K Free: 95407K (74%)
49 ms. Memory: 129024K Free: 111224K (86%)
8 ms. Memory: 129024K Free: 107128K (83%)
3 ms. Memory: 129024K Free: 106618K (83%)
3 ms. Memory: 129024K Free: 104570K (81%)
7 ms. Memory: 129024K Free: 96888K (75%)
6 ms. Memory: 129024K Free: 87162K (68%)
6 ms. Memory: 129024K Free: 76394K (59%)
/home/travis/build/icyphy/ptII/ptolemy/actor/lib/test/Pulse.tcl
3 ms. Memory: 155648K Free: 125385K (81%)
1 ms. Memory: 155648K Free: 124881K (80%)
2 ms. Memory: 155648K Free: 124337K (80%)
1 ms. Memory: 155648K Free: 123857K (80%)
1 ms. Memory: 155648K Free: 123329K (79%)
6 ms. Memory: 155648K Free: 122319K (79%)
2 ms. Memory: 155648K Free: 121281K (78%)
2 ms. Memory: 155648K Free: 120271K (77%)
1 ms. Memory: 155648K Free: 119761K (77%)
/home/travis/build/icyphy/ptII/ptolemy/actor/lib/test/Ramp.tcl
3 ms. Memory: 155648K Free: 117713K (76%)
1 ms. Memory: 155648K Free: 117169K (75%)
6 ms. Memory: 155648K Free: 116161K (75%)
2 ms. Memory: 155648K Free: 115665K (74%)
8 ms. Memory: 155648K Free: 114641K (74%)
10 ms. Memory: 155648K Free: 114113K (73%)
7 ms. Memory: 155648K Free: 113073K (73%)
5 actors
8000 microseconds per iteration to create
11 ms. Memory: 155648K Free: 110545K (71%)
5 ms. Memory: 155648K Free: 109521K (70%)
3 ms. Memory: 155648K Free: 109007K (70%)
6 ms. Memory: 155648K Free: 108497K (70%)
50 actors
45000 microseconds per iteration to create
42 ms. Memory: 155648K Free: 93137K (60%)
13 ms. Memory: 155648K Free: 92113K (59%)
4 ms. Memory: 155648K Free: 91089K (59%)
12 ms. Memory: 155648K Free: 90065K (58%)
500 actors
1285000 microseconds per iteration to create
204 ms. Memory: 155648K Free: 77917K (50%)
35 ms. Memory: 155648K Free: 72797K (47%)
34 ms. Memory: 155648K Free: 67677K (43%)
35 ms. Memory: 155648K Free: 62557K (40%)
/home/travis/build/icyphy/ptII/ptolemy/actor/lib/test/RampContinuous.tcl
7 ms. Memory: 155648K Free: 61013K (39%)
/home/travis/build/icyphy/ptII/ptolemy/actor/lib/test/RecordAssembler.tcl
10 ms. Memory: 155648K Free: 59485K (38%)
11 ms. Memory: 155648K Free: 58461K (38%)
/home/travis/build/icyphy/ptII/ptolemy/actor/lib/test/RecordDisassembler.tcl
9 ms. Memory: 155648K Free: 56413K (36%)
39 ms. Memory: 155648K Free: 132106K (85%)
3 ms. Memory: 155648K Free: 131066K (84%)
/home/travis/build/icyphy/ptII/ptolemy/actor/lib/test/Scale.tcl
3 ms. Memory: 155648K Free: 129049K (83%)
1 ms. Memory: 155648K Free: 128025K (82%)
1 ms. Memory: 155648K Free: 127515K (82%)
2 ms. Memory: 155648K Free: 126491K (81%)
2 ms. Memory: 155648K Free: 125970K (81%)
/home/travis/build/icyphy/ptII/ptolemy/actor/lib/test/SequentialClock.tcl
preinitializing
resolving types
initializing
executing number 1
wrapping up
idle
2 ms. Memory: 155648K Free: 124443K (80%)
Completed execution with 5 iterations
preinitializing
resolving types
initializing
executing number 1
wrapping up
idle
2 ms. Memory: 155648K Free: 123914K (80%)
Completed execution with 5 iterations
preinitializing
resolving types
initializing
executing number 1
wrapping up
idle
1 ms. Memory: 155648K Free: 123419K (79%)
Completed execution with 5 iterations
/home/travis/build/icyphy/ptII/ptolemy/actor/lib/test/SetVariable.tcl
4 ms. Memory: 155648K Free: 121371K (78%)
/home/travis/build/icyphy/ptII/ptolemy/actor/lib/test/Sinewave.tcl
/home/travis/build/icyphy/ptII/ptolemy/actor/lib/test/SubscriptionAggregator.tcl
12 ms. Memory: 155648K Free: 110107K (71%)
5 ms. Memory: 155648K Free: 109578K (70%)
2 ms. Memory: 155648K Free: 109083K (70%)
1 ms. Memory: 155648K Free: 108554K (70%)
2 ms. Memory: 155648K Free: 104987K (67%)
11 ms. Memory: 155648K Free: 102939K (66%)
...............................................................984 ms. Memory: 323584K Free: 261256K (81%)
/home/travis/build/icyphy/ptII/ptolemy/actor/lib/test/Test.tcl
 The next command will produce a warning about training mode,
   which may be ignored.
9 ms. Memory: 323584K Free: 259210K (80%)
8 ms. Memory: 323584K Free: 258186K (80%)
2 ms. Memory: 323584K Free: 257665K (80%)
3 ms. Memory: 323584K Free: 257162K (79%)
9 ms. Memory: 323584K Free: 256633K (79%)
4 ms. Memory: 323584K Free: 255114K (79%)
11 ms. Memory: 323584K Free: 254090K (79%)
 The next command will produce a warning about training mode,
   which may be ignored.
4 ms. Memory: 323584K Free: 251528K (78%)
 The next command will produce a warning about training mode,
   which may be ignored.
5 ms. Memory: 323584K Free: 250504K (77%)
3 ms. Memory: 323584K Free: 249994K (77%)
1 ms. Memory: 323584K Free: 249465K (77%)
2 ms. Memory: 323584K Free: 248970K (77%)
9 ms. Memory: 323584K Free: 247946K (77%)
3 ms. Memory: 323584K Free: 243850K (75%)
/home/travis/build/icyphy/ptII/ptolemy/actor/lib/test/TestExceptionHandler.tcl
 The next command will produce a warning about training mode,
   which may be ignored.
3 ms. Memory: 323584K Free: 242826K (75%)
1 ms. Memory: 323584K Free: 242312K (75%)
1 ms. Memory: 323584K Free: 241802K (75%)
/home/travis/build/icyphy/ptII/ptolemy/actor/lib/test/UnionDisassembler.tcl
15 ms. Memory: 323584K Free: 234634K (73%)
/home/travis/build/icyphy/ptII/ptolemy/actor/lib/test/VariableClock.tcl
preinitializing
resolving types
initializing
executing number 1
wrapping up
idle
4 ms. Memory: 323584K Free: 232586K (72%)
Completed execution with 11 iterations
preinitializing
resolving types
initializing
executing number 1
wrapping up
idle
3 ms. Memory: 323584K Free: 231033K (71%)
Completed execution with 10 iterations
03/09/20 02:42:33
Failed: 0  Total Tests: 233  ((Passed: 233, Newly Passed: 0)  Known Failed: 0) /home/travis/build/icyphy/ptII/ptolemy/actor/lib/test
----------------- testing (KnownFailure) /home/travis/build/icyphy/ptII/ptolemy/actor/lib/test/auto/knownFailedTests/PublisherPortToplevelSubscriber.xml
2 ms. Memory: 323584K Free: 227976K (70%)
Known Failure: java.lang.reflect.InvocationTargetException
----------------- testing (KnownFailure) /home/travis/build/icyphy/ptII/ptolemy/actor/lib/test/auto/knownFailedTests/PublisherSubscriberPortToplevel.xml
0 ms. Memory: 323584K Free: 223370K (69%)
Known Failure: java.lang.reflect.InvocationTargetException
----------------- testing (KnownFailure) /home/travis/build/icyphy/ptII/ptolemy/actor/lib/test/auto/knownFailedTests/PublisherSubscriptionAggregatorPort.xml
0 ms. Memory: 323584K Free: 219784K (68%)
Known Failure: java.lang.reflect.InvocationTargetException
----------------- testing (KnownFailure) /home/travis/build/icyphy/ptII/ptolemy/actor/lib/test/auto/knownFailedTests/sizedarray3.xml
5 ms. Memory: 323584K Free: 215688K (67%)
Known Failure: java.lang.reflect.InvocationTargetException
No auto/linux-amd64/*.xml tests in /home/travis/build/icyphy/ptII/ptolemy/actor/lib/test
AutoTests.java: About to close Vertx.
AutoTests.java: Vertx closed.

===========================================================================================
----------------- testing Mon Mar 09 14:42:34 UTC 2020 /home/travis/build/icyphy/ptII/ptolemy/actor/lib/test/auto/AbsoluteValue.xml
----------------- Instantiating /home/travis/build/icyphy/ptII/ptolemy/actor/lib/test/auto/AbsoluteValue.xml
13 ms. Memory: 323584K Free: 192650K (60%)
----------------- Invoking toplevel() on ptolemy.moml.MoMLSimpleApplication@66831ecb
----------------- Done invoking toplevel() on ptolemy.moml.MoMLSimpleApplication@66831ecb
reloadAllAccessors: .AbsoluteValue

===========================================================================================
----------------- testing Mon Mar 09 14:42:34 UTC 2020 /home/travis/build/icyphy/ptII/ptolemy/actor/lib/test/auto/AbsoluteValue2.xml
----------------- Instantiating /home/travis/build/icyphy/ptII/ptolemy/actor/lib/test/auto/AbsoluteValue2.xml
5 ms. Memory: 323584K Free: 185992K (57%)
----------------- Invoking toplevel() on ptolemy.moml.MoMLSimpleApplication@17413229
----------------- Done invoking toplevel() on ptolemy.moml.MoMLSimpleApplication@17413229
reloadAllAccessors: .AbsoluteValue2

===========================================================================================
----------------- testing Mon Mar 09 14:42:34 UTC 2020 /home/travis/build/icyphy/ptII/ptolemy/actor/lib/test/auto/Accumulator.xml
----------------- Instantiating /home/travis/build/icyphy/ptII/ptolemy/actor/lib/test/auto/Accumulator.xml
6 ms. Memory: 323584K Free: 179338K (55%)
----------------- Invoking toplevel() on ptolemy.moml.MoMLSimpleApplication@420b727c
----------------- Done invoking toplevel() on ptolemy.moml.MoMLSimpleApplication@420b727c
reloadAllAccessors: .Accumulator

===========================================================================================
----------------- testing Mon Mar 09 14:42:34 UTC 2020 /home/travis/build/icyphy/ptII/ptolemy/actor/lib/test/auto/Accumulator2.xml
----------------- Instantiating /home/travis/build/icyphy/ptII/ptolemy/actor/lib/test/auto/Accumulator2.xml
3 ms. Memory: 323584K Free: 174218K (54%)
----------------- Invoking toplevel() on ptolemy.moml.MoMLSimpleApplication@125ad290
----------------- Done invoking toplevel() on ptolemy.moml.MoMLSimpleApplication@125ad290
reloadAllAccessors: .Accumulator2

===========================================================================================
----------------- testing Mon Mar 09 14:42:34 UTC 2020 /home/travis/build/icyphy/ptII/ptolemy/actor/lib/test/auto/Accumulator3.xml
----------------- Instantiating /home/travis/build/icyphy/ptII/ptolemy/actor/lib/test/auto/Accumulator3.xml
3 ms. Memory: 323584K Free: 169608K (52%)
----------------- Invoking toplevel() on ptolemy.moml.MoMLSimpleApplication@1239188
----------------- Done invoking toplevel() on ptolemy.moml.MoMLSimpleApplication@1239188
reloadAllAccessors: .Accumulator3

===========================================================================================
----------------- testing Mon Mar 09 14:42:34 UTC 2020 /home/travis/build/icyphy/ptII/ptolemy/actor/lib/test/auto/ArrayAppend.xml
----------------- Instantiating /home/travis/build/icyphy/ptII/ptolemy/actor/lib/test/auto/ArrayAppend.xml
8 ms. Memory: 323584K Free: 163433K (51%)
----------------- Invoking toplevel() on ptolemy.moml.MoMLSimpleApplication@69183a20
----------------- Done invoking toplevel() on ptolemy.moml.MoMLSimpleApplication@69183a20
reloadAllAccessors: .ArrayAppend

===========================================================================================
----------------- testing Mon Mar 09 14:42:34 UTC 2020 /home/travis/build/icyphy/ptII/ptolemy/actor/lib/test/auto/ArrayAppend2.xml
----------------- Instantiating /home/travis/build/icyphy/ptII/ptolemy/actor/lib/test/auto/ArrayAppend2.xml
388 ms. Memory: 323584K Free: 212729K (66%)
----------------- Invoking toplevel() on ptolemy.moml.MoMLSimpleApplication@4fce2fc3
----------------- Done invoking toplevel() on ptolemy.moml.MoMLSimpleApplication@4fce2fc3
reloadAllAccessors: .ArrayAppend2

===========================================================================================
----------------- testing Mon Mar 09 14:42:34 UTC 2020 /home/travis/build/icyphy/ptII/ptolemy/actor/lib/test/auto/ArrayAppend3.xml
----------------- Instantiating /home/travis/build/icyphy/ptII/ptolemy/actor/lib/test/auto/ArrayAppend3.xml
9 ms. Memory: 323584K Free: 206901K (64%)
----------------- Invoking toplevel() on ptolemy.moml.MoMLSimpleApplication@5716f053
----------------- Done invoking toplevel() on ptolemy.moml.MoMLSimpleApplication@5716f053
reloadAllAccessors: .ArrayAppend3

===========================================================================================
----------------- testing Mon Mar 09 14:42:34 UTC 2020 /home/travis/build/icyphy/ptII/ptolemy/actor/lib/test/auto/ArrayAppend4.xml
----------------- Instantiating /home/travis/build/icyphy/ptII/ptolemy/actor/lib/test/auto/ArrayAppend4.xml
3 ms. Memory: 323584K Free: 201795K (62%)
----------------- Invoking toplevel() on ptolemy.moml.MoMLSimpleApplication@7639234c
----------------- Done invoking toplevel() on ptolemy.moml.MoMLSimpleApplication@7639234c
reloadAllAccessors: .ArrayAppend4

===========================================================================================
----------------- testing Mon Mar 09 14:42:34 UTC 2020 /home/travis/build/icyphy/ptII/ptolemy/actor/lib/test/auto/ArrayAppend5.xml
----------------- Instantiating /home/travis/build/icyphy/ptII/ptolemy/actor/lib/test/auto/ArrayAppend5.xml
2 ms. Memory: 323584K Free: 196675K (61%)
----------------- Invoking toplevel() on ptolemy.moml.MoMLSimpleApplication@53b44af5
----------------- Done invoking toplevel() on ptolemy.moml.MoMLSimpleApplication@53b44af5
reloadAllAccessors: .ArrayAppend5

===========================================================================================
----------------- testing Mon Mar 09 14:42:35 UTC 2020 /home/travis/build/icyphy/ptII/ptolemy/actor/lib/test/auto/ArrayAppend6.xml
----------------- Instantiating /home/travis/build/icyphy/ptII/ptolemy/actor/lib/test/auto/ArrayAppend6.xml
4 ms. Memory: 323584K Free: 191555K (59%)
----------------- Invoking toplevel() on ptolemy.moml.MoMLSimpleApplication@1a2f57ee
----------------- Done invoking toplevel() on ptolemy.moml.MoMLSimpleApplication@1a2f57ee
reloadAllAccessors: .ArrayAppend6

===========================================================================================
----------------- testing Mon Mar 09 14:42:35 UTC 2020 /home/travis/build/icyphy/ptII/ptolemy/actor/lib/test/auto/ArrayAppendPerformanceTest.xml
----------------- Instantiating /home/travis/build/icyphy/ptII/ptolemy/actor/lib/test/auto/ArrayAppendPerformanceTest.xml
38 ms. Memory: 323584K Free: 180291K (56%)
----------------- Invoking toplevel() on ptolemy.moml.MoMLSimpleApplication@58dad4a1
----------------- Done invoking toplevel() on ptolemy.moml.MoMLSimpleApplication@58dad4a1
reloadAllAccessors: .ArrayAppendPerformanceTest

===========================================================================================
----------------- testing Mon Mar 09 14:42:35 UTC 2020 /home/travis/build/icyphy/ptII/ptolemy/actor/lib/test/auto/ArrayAppendWithEmptyInput.xml
----------------- Instantiating /home/travis/build/icyphy/ptII/ptolemy/actor/lib/test/auto/ArrayAppendWithEmptyInput.xml
18 ms. Memory: 323584K Free: 172613K (53%)
----------------- Invoking toplevel() on ptolemy.moml.MoMLSimpleApplication@9769dbd
----------------- Done invoking toplevel() on ptolemy.moml.MoMLSimpleApplication@9769dbd
reloadAllAccessors: .ArrayAppendWithEmptyInput

===========================================================================================
----------------- testing Mon Mar 09 14:42:35 UTC 2020 /home/travis/build/icyphy/ptII/ptolemy/actor/lib/test/auto/ArrayAverage.xml
----------------- Instantiating /home/travis/build/icyphy/ptII/ptolemy/actor/lib/test/auto/ArrayAverage.xml
5 ms. Memory: 323584K Free: 164421K (51%)
----------------- Invoking toplevel() on ptolemy.moml.MoMLSimpleApplication@61494e64
----------------- Done invoking toplevel() on ptolemy.moml.MoMLSimpleApplication@61494e64
reloadAllAccessors: .ArrayAverage

===========================================================================================
----------------- testing Mon Mar 09 14:42:35 UTC 2020 /home/travis/build/icyphy/ptII/ptolemy/actor/lib/test/auto/ArrayContains.xml
----------------- Instantiating /home/travis/build/icyphy/ptII/ptolemy/actor/lib/test/auto/ArrayContains.xml
10 ms. Memory: 323584K Free: 158787K (49%)
----------------- Invoking toplevel() on ptolemy.moml.MoMLSimpleApplication@611a82c4
----------------- Done invoking toplevel() on ptolemy.moml.MoMLSimpleApplication@611a82c4
reloadAllAccessors: .ArrayContains

===========================================================================================
----------------- testing Mon Mar 09 14:42:35 UTC 2020 /home/travis/build/icyphy/ptII/ptolemy/actor/lib/test/auto/ArrayElement.xml
----------------- Instantiating /home/travis/build/icyphy/ptII/ptolemy/actor/lib/test/auto/ArrayElement.xml
12 ms. Memory: 323584K Free: 153637K (47%)
----------------- Invoking toplevel() on ptolemy.moml.MoMLSimpleApplication@7188e5d1
----------------- Done invoking toplevel() on ptolemy.moml.MoMLSimpleApplication@7188e5d1
reloadAllAccessors: .ArrayElement

===========================================================================================
----------------- testing Mon Mar 09 14:42:35 UTC 2020 /home/travis/build/icyphy/ptII/ptolemy/actor/lib/test/auto/ArrayElementAsMatrix.xml
----------------- Instantiating /home/travis/build/icyphy/ptII/ptolemy/actor/lib/test/auto/ArrayElementAsMatrix.xml
11 ms. Memory: 323584K Free: 143427K (44%)
----------------- Invoking toplevel() on ptolemy.moml.MoMLSimpleApplication@34fa3617
----------------- Done invoking toplevel() on ptolemy.moml.MoMLSimpleApplication@34fa3617
reloadAllAccessors: .ArrayElementAsMatrix

===========================================================================================
----------------- testing Mon Mar 09 14:42:35 UTC 2020 /home/travis/build/icyphy/ptII/ptolemy/actor/lib/test/auto/ArrayElementI.xml
----------------- Instantiating /home/travis/build/icyphy/ptII/ptolemy/actor/lib/test/auto/ArrayElementI.xml
2 ms. Memory: 323584K Free: 138307K (43%)
----------------- Invoking toplevel() on ptolemy.moml.MoMLSimpleApplication@613ed8ba
----------------- Done invoking toplevel() on ptolemy.moml.MoMLSimpleApplication@613ed8ba
reloadAllAccessors: .ArrayElementI

===========================================================================================
----------------- testing Mon Mar 09 14:42:35 UTC 2020 /home/travis/build/icyphy/ptII/ptolemy/actor/lib/test/auto/ArrayExtract.xml
----------------- Instantiating /home/travis/build/icyphy/ptII/ptolemy/actor/lib/test/auto/ArrayExtract.xml
5 ms. Memory: 323584K Free: 129605K (40%)
----------------- Invoking toplevel() on ptolemy.moml.MoMLSimpleApplication@6bd7adb
----------------- Done invoking toplevel() on ptolemy.moml.MoMLSimpleApplication@6bd7adb
reloadAllAccessors: .ArrayExtract

===========================================================================================
----------------- testing Mon Mar 09 14:42:35 UTC 2020 /home/travis/build/icyphy/ptII/ptolemy/actor/lib/test/auto/ArrayExtract2.xml
----------------- Instantiating /home/travis/build/icyphy/ptII/ptolemy/actor/lib/test/auto/ArrayExtract2.xml
4 ms. Memory: 323584K Free: 124485K (38%)
----------------- Invoking toplevel() on ptolemy.moml.MoMLSimpleApplication@10edb4c7
----------------- Done invoking toplevel() on ptolemy.moml.MoMLSimpleApplication@10edb4c7
reloadAllAccessors: .ArrayExtract2

===========================================================================================
----------------- testing Mon Mar 09 14:42:35 UTC 2020 /home/travis/build/icyphy/ptII/ptolemy/actor/lib/test/auto/ArrayLength.xml
----------------- Instantiating /home/travis/build/icyphy/ptII/ptolemy/actor/lib/test/auto/ArrayLength.xml
4 ms. Memory: 323584K Free: 272451K (84%)
----------------- Invoking toplevel() on ptolemy.moml.MoMLSimpleApplication@597a90bf
----------------- Done invoking toplevel() on ptolemy.moml.MoMLSimpleApplication@597a90bf
reloadAllAccessors: .ArrayLength

===========================================================================================
----------------- testing Mon Mar 09 14:42:35 UTC 2020 /home/travis/build/icyphy/ptII/ptolemy/actor/lib/test/auto/ArrayLevelCrossing.xml
----------------- Instantiating /home/travis/build/icyphy/ptII/ptolemy/actor/lib/test/auto/ArrayLevelCrossing.xml
4 ms. Memory: 323584K Free: 264259K (82%)
----------------- Invoking toplevel() on ptolemy.moml.MoMLSimpleApplication@37b8d8c2
----------------- Done invoking toplevel() on ptolemy.moml.MoMLSimpleApplication@37b8d8c2
reloadAllAccessors: .ArrayLevelCrossing

===========================================================================================
----------------- testing Mon Mar 09 14:42:35 UTC 2020 /home/travis/build/icyphy/ptII/ptolemy/actor/lib/test/auto/ArrayLevelCrossing2.xml
----------------- Instantiating /home/travis/build/icyphy/ptII/ptolemy/actor/lib/test/auto/ArrayLevelCrossing2.xml
2 ms. Memory: 323584K Free: 257061K (79%)
----------------- Invoking toplevel() on ptolemy.moml.MoMLSimpleApplication@53e5ac74
----------------- Done invoking toplevel() on ptolemy.moml.MoMLSimpleApplication@53e5ac74
reloadAllAccessors: .ArrayLevelCrossing2

===========================================================================================
----------------- testing Mon Mar 09 14:42:35 UTC 2020 /home/travis/build/icyphy/ptII/ptolemy/actor/lib/test/auto/ArrayPeakSearch.xml
----------------- Instantiating /home/travis/build/icyphy/ptII/ptolemy/actor/lib/test/auto/ArrayPeakSearch.xml
6 ms. Memory: 323584K Free: 247875K (77%)
----------------- Invoking toplevel() on ptolemy.moml.MoMLSimpleApplication@61067b8f
----------------- Done invoking toplevel() on ptolemy.moml.MoMLSimpleApplication@61067b8f
reloadAllAccessors: .ArrayPeakSearch

===========================================================================================
----------------- testing Mon Mar 09 14:42:35 UTC 2020 /home/travis/build/icyphy/ptII/ptolemy/actor/lib/test/auto/ArrayPeakSearch2.xml
----------------- Instantiating /home/travis/build/icyphy/ptII/ptolemy/actor/lib/test/auto/ArrayPeakSearch2.xml
4 ms. Memory: 323584K Free: 237629K (73%)
----------------- Invoking toplevel() on ptolemy.moml.MoMLSimpleApplication@35b9585b
----------------- Done invoking toplevel() on ptolemy.moml.MoMLSimpleApplication@35b9585b
reloadAllAccessors: .ArrayPeakSearch2

===========================================================================================
----------------- testing Mon Mar 09 14:42:35 UTC 2020 /home/travis/build/icyphy/ptII/ptolemy/actor/lib/test/auto/ArrayPeakSearch3.xml
----------------- Instantiating /home/travis/build/icyphy/ptII/ptolemy/actor/lib/test/auto/ArrayPeakSearch3.xml
4 ms. Memory: 323584K Free: 228419K (71%)
----------------- Invoking toplevel() on ptolemy.moml.MoMLSimpleApplication@5b0a171a
----------------- Done invoking toplevel() on ptolemy.moml.MoMLSimpleApplication@5b0a171a
reloadAllAccessors: .ArrayPeakSearch3

===========================================================================================
----------------- testing Mon Mar 09 14:42:35 UTC 2020 /home/travis/build/icyphy/ptII/ptolemy/actor/lib/test/auto/ArrayRemoveElement.xml
----------------- Instantiating /home/travis/build/icyphy/ptII/ptolemy/actor/lib/test/auto/ArrayRemoveElement.xml
3 ms. Memory: 323584K Free: 220741K (68%)
----------------- Invoking toplevel() on ptolemy.moml.MoMLSimpleApplication@65568224
----------------- Done invoking toplevel() on ptolemy.moml.MoMLSimpleApplication@65568224
reloadAllAccessors: .ArrayRemoveElement

===========================================================================================
----------------- testing Mon Mar 09 14:42:35 UTC 2020 /home/travis/build/icyphy/ptII/ptolemy/actor/lib/test/auto/ArraySort.xml
----------------- Instantiating /home/travis/build/icyphy/ptII/ptolemy/actor/lib/test/auto/ArraySort.xml
4 ms. Memory: 323584K Free: 211525K (65%)
----------------- Invoking toplevel() on ptolemy.moml.MoMLSimpleApplication@6f9e4425
----------------- Done invoking toplevel() on ptolemy.moml.MoMLSimpleApplication@6f9e4425
reloadAllAccessors: .ArraySort

===========================================================================================
----------------- testing Mon Mar 09 14:42:35 UTC 2020 /home/travis/build/icyphy/ptII/ptolemy/actor/lib/test/auto/ArraySum.xml
----------------- Instantiating /home/travis/build/icyphy/ptII/ptolemy/actor/lib/test/auto/ArraySum.xml
4 ms. Memory: 323584K Free: 206405K (64%)
----------------- Invoking toplevel() on ptolemy.moml.MoMLSimpleApplication@5fd3ffb4
----------------- Done invoking toplevel() on ptolemy.moml.MoMLSimpleApplication@5fd3ffb4
reloadAllAccessors: .ArraySum

===========================================================================================
----------------- testing Mon Mar 09 14:42:35 UTC 2020 /home/travis/build/icyphy/ptII/ptolemy/actor/lib/test/auto/ArrayToElements.xml
----------------- Instantiating /home/travis/build/icyphy/ptII/ptolemy/actor/lib/test/auto/ArrayToElements.xml
6 ms. Memory: 323584K Free: 200771K (62%)
----------------- Invoking toplevel() on ptolemy.moml.MoMLSimpleApplication@437f061f
----------------- Done invoking toplevel() on ptolemy.moml.MoMLSimpleApplication@437f061f
reloadAllAccessors: .ArrayToElements

===========================================================================================
----------------- testing Mon Mar 09 14:42:35 UTC 2020 /home/travis/build/icyphy/ptII/ptolemy/actor/lib/test/auto/ArrayToMatrix.xml
----------------- Instantiating /home/travis/build/icyphy/ptII/ptolemy/actor/lib/test/auto/ArrayToMatrix.xml
11 ms. Memory: 323584K Free: 186949K (58%)
----------------- Invoking toplevel() on ptolemy.moml.MoMLSimpleApplication@3488daa7
----------------- Done invoking toplevel() on ptolemy.moml.MoMLSimpleApplication@3488daa7
reloadAllAccessors: .ArrayToMatrix

===========================================================================================
----------------- testing Mon Mar 09 14:42:35 UTC 2020 /home/travis/build/icyphy/ptII/ptolemy/actor/lib/test/auto/ArrayUpdate1.xml
----------------- Instantiating /home/travis/build/icyphy/ptII/ptolemy/actor/lib/test/auto/ArrayUpdate1.xml
4 ms. Memory: 323584K Free: 181829K (56%)
----------------- Invoking toplevel() on ptolemy.moml.MoMLSimpleApplication@59b380cd
----------------- Done invoking toplevel() on ptolemy.moml.MoMLSimpleApplication@59b380cd
reloadAllAccessors: .ArrayUpdate1

===========================================================================================
----------------- testing Mon Mar 09 14:42:35 UTC 2020 /home/travis/build/icyphy/ptII/ptolemy/actor/lib/test/auto/ArrayUpdate2.xml
----------------- Instantiating /home/travis/build/icyphy/ptII/ptolemy/actor/lib/test/auto/ArrayUpdate2.xml
6 ms. Memory: 323584K Free: 175685K (54%)
----------------- Invoking toplevel() on ptolemy.moml.MoMLSimpleApplication@4fc6c7d4
----------------- Done invoking toplevel() on ptolemy.moml.MoMLSimpleApplication@4fc6c7d4
reloadAllAccessors: .ArrayUpdate2

===========================================================================================
----------------- testing Mon Mar 09 14:42:35 UTC 2020 /home/travis/build/icyphy/ptII/ptolemy/actor/lib/test/auto/ArrayUpdate3.xml
----------------- Instantiating /home/travis/build/icyphy/ptII/ptolemy/actor/lib/test/auto/ArrayUpdate3.xml
4 ms. Memory: 323584K Free: 170565K (53%)
----------------- Invoking toplevel() on ptolemy.moml.MoMLSimpleApplication@3989efdc
----------------- Done invoking toplevel() on ptolemy.moml.MoMLSimpleApplication@3989efdc
reloadAllAccessors: .ArrayUpdate3

===========================================================================================
----------------- testing Mon Mar 09 14:42:35 UTC 2020 /home/travis/build/icyphy/ptII/ptolemy/actor/lib/test/auto/Assert1.xml
----------------- Instantiating /home/travis/build/icyphy/ptII/ptolemy/actor/lib/test/auto/Assert1.xml
5 ms. Memory: 323584K Free: 166469K (51%)
----------------- Invoking toplevel() on ptolemy.moml.MoMLSimpleApplication@108ef9b0
----------------- Done invoking toplevel() on ptolemy.moml.MoMLSimpleApplication@108ef9b0
reloadAllAccessors: .Assert1

===========================================================================================
----------------- testing Mon Mar 09 14:42:35 UTC 2020 /home/travis/build/icyphy/ptII/ptolemy/actor/lib/test/auto/Assert2.xml
----------------- Instantiating /home/travis/build/icyphy/ptII/ptolemy/actor/lib/test/auto/Assert2.xml
18 ms. Memory: 323584K Free: 160835K (50%)
----------------- Invoking toplevel() on ptolemy.moml.MoMLSimpleApplication@5c622cbc
----------------- Done invoking toplevel() on ptolemy.moml.MoMLSimpleApplication@5c622cbc
reloadAllAccessors: .Assert2

===========================================================================================
----------------- testing Mon Mar 09 14:42:35 UTC 2020 /home/travis/build/icyphy/ptII/ptolemy/actor/lib/test/auto/BooleanMultiplexor.xml
----------------- Instantiating /home/travis/build/icyphy/ptII/ptolemy/actor/lib/test/auto/BooleanMultiplexor.xml
2 ms. Memory: 323584K Free: 155685K (48%)
----------------- Invoking toplevel() on ptolemy.moml.MoMLSimpleApplication@6dd886ab
----------------- Done invoking toplevel() on ptolemy.moml.MoMLSimpleApplication@6dd886ab
reloadAllAccessors: .BooleanMultiplexor

===========================================================================================
----------------- testing Mon Mar 09 14:42:35 UTC 2020 /home/travis/build/icyphy/ptII/ptolemy/actor/lib/test/auto/BooleanMultiplexor2.xml
----------------- Instantiating /home/travis/build/icyphy/ptII/ptolemy/actor/lib/test/auto/BooleanMultiplexor2.xml
14 ms. Memory: 323584K Free: 149061K (46%)
----------------- Invoking toplevel() on ptolemy.moml.MoMLSimpleApplication@44ce9aea
----------------- Done invoking toplevel() on ptolemy.moml.MoMLSimpleApplication@44ce9aea
reloadAllAccessors: .BooleanMultiplexor2

===========================================================================================
----------------- testing Mon Mar 09 14:42:36 UTC 2020 /home/travis/build/icyphy/ptII/ptolemy/actor/lib/test/auto/BooleanMultiplexor3.xml
----------------- Instantiating /home/travis/build/icyphy/ptII/ptolemy/actor/lib/test/auto/BooleanMultiplexor3.xml
5 ms. Memory: 323584K Free: 145475K (45%)
----------------- Invoking toplevel() on ptolemy.moml.MoMLSimpleApplication@6f4aa1c2
----------------- Done invoking toplevel() on ptolemy.moml.MoMLSimpleApplication@6f4aa1c2
reloadAllAccessors: .BooleanMultiplexor3

===========================================================================================
----------------- testing Mon Mar 09 14:42:36 UTC 2020 /home/travis/build/icyphy/ptII/ptolemy/actor/lib/test/auto/BooleanSelect.xml
----------------- Instantiating /home/travis/build/icyphy/ptII/ptolemy/actor/lib/test/auto/BooleanSelect.xml
8 ms. Memory: 323584K Free: 139301K (43%)
----------------- Invoking toplevel() on ptolemy.moml.MoMLSimpleApplication@1c28fe6
----------------- Done invoking toplevel() on ptolemy.moml.MoMLSimpleApplication@1c28fe6
reloadAllAccessors: .BooleanSelect

===========================================================================================
----------------- testing Mon Mar 09 14:42:36 UTC 2020 /home/travis/build/icyphy/ptII/ptolemy/actor/lib/test/auto/BooleanSelect2.xml
----------------- Instantiating /home/travis/build/icyphy/ptII/ptolemy/actor/lib/test/auto/BooleanSelect2.xml
1 ms. Memory: 323584K Free: 135235K (42%)
----------------- Invoking toplevel() on ptolemy.moml.MoMLSimpleApplication@20c303d
----------------- Done invoking toplevel() on ptolemy.moml.MoMLSimpleApplication@20c303d
reloadAllAccessors: .BooleanSelect2

===========================================================================================
----------------- testing Mon Mar 09 14:42:36 UTC 2020 /home/travis/build/icyphy/ptII/ptolemy/actor/lib/test/auto/BooleanSwitch.xml
----------------- Instantiating /home/travis/build/icyphy/ptII/ptolemy/actor/lib/test/auto/BooleanSwitch.xml
7 ms. Memory: 323584K Free: 129091K (40%)
----------------- Invoking toplevel() on ptolemy.moml.MoMLSimpleApplication@30424e04
----------------- Done invoking toplevel() on ptolemy.moml.MoMLSimpleApplication@30424e04
reloadAllAccessors: .BooleanSwitch

===========================================================================================
----------------- testing Mon Mar 09 14:42:36 UTC 2020 /home/travis/build/icyphy/ptII/ptolemy/actor/lib/test/auto/BooleanSwitch2.xml
----------------- Instantiating /home/travis/build/icyphy/ptII/ptolemy/actor/lib/test/auto/BooleanSwitch2.xml
2 ms. Memory: 323584K Free: 124995K (39%)
----------------- Invoking toplevel() on ptolemy.moml.MoMLSimpleApplication@678e88d
----------------- Done invoking toplevel() on ptolemy.moml.MoMLSimpleApplication@678e88d
reloadAllAccessors: .BooleanSwitch2

===========================================================================================
----------------- testing Mon Mar 09 14:42:36 UTC 2020 /home/travis/build/icyphy/ptII/ptolemy/actor/lib/test/auto/BooleanSwitchCloningBugWithClassRelationGroup.xml
----------------- Instantiating /home/travis/build/icyphy/ptII/ptolemy/actor/lib/test/auto/BooleanSwitchCloningBugWithClassRelationGroup.xml
2 ms. Memory: 323584K Free: 118341K (37%)
----------------- Invoking toplevel() on ptolemy.moml.MoMLSimpleApplication@14b5bddf
----------------- Done invoking toplevel() on ptolemy.moml.MoMLSimpleApplication@14b5bddf
reloadAllAccessors: .BooleanSwitchCloningBugWithClassRelationGroup

===========================================================================================
----------------- testing Mon Mar 09 14:42:36 UTC 2020 /home/travis/build/icyphy/ptII/ptolemy/actor/lib/test/auto/BusActors.xml
----------------- Instantiating /home/travis/build/icyphy/ptII/ptolemy/actor/lib/test/auto/BusActors.xml
6 ms. Memory: 323584K Free: 110149K (34%)
----------------- Invoking toplevel() on ptolemy.moml.MoMLSimpleApplication@f2f51ff
----------------- Done invoking toplevel() on ptolemy.moml.MoMLSimpleApplication@f2f51ff
reloadAllAccessors: .BusActors

===========================================================================================
----------------- testing Mon Mar 09 14:42:36 UTC 2020 /home/travis/build/icyphy/ptII/ptolemy/actor/lib/test/auto/ClassWrapper.xml
----------------- Instantiating /home/travis/build/icyphy/ptII/ptolemy/actor/lib/test/auto/ClassWrapper.xml
4 ms. Memory: 323584K Free: 106053K (33%)
----------------- Invoking toplevel() on ptolemy.moml.MoMLSimpleApplication@688d64dc
----------------- Done invoking toplevel() on ptolemy.moml.MoMLSimpleApplication@688d64dc
reloadAllAccessors: .ClassWrapper

===========================================================================================
----------------- testing Mon Mar 09 14:42:36 UTC 2020 /home/travis/build/icyphy/ptII/ptolemy/actor/lib/test/auto/Clock.xml
----------------- Instantiating /home/travis/build/icyphy/ptII/ptolemy/actor/lib/test/auto/Clock.xml
4 ms. Memory: 323584K Free: 101957K (32%)
----------------- Invoking toplevel() on ptolemy.moml.MoMLSimpleApplication@34562410
----------------- Done invoking toplevel() on ptolemy.moml.MoMLSimpleApplication@34562410
reloadAllAccessors: .Clock

===========================================================================================
----------------- testing Mon Mar 09 14:42:36 UTC 2020 /home/travis/build/icyphy/ptII/ptolemy/actor/lib/test/auto/Clock10.xml
----------------- Instantiating /home/travis/build/icyphy/ptII/ptolemy/actor/lib/test/auto/Clock10.xml
4 ms. Memory: 323584K Free: 96323K (30%)
----------------- Invoking toplevel() on ptolemy.moml.MoMLSimpleApplication@5a99637
----------------- Done invoking toplevel() on ptolemy.moml.MoMLSimpleApplication@5a99637
reloadAllAccessors: .Clock10

===========================================================================================
----------------- testing Mon Mar 09 14:42:36 UTC 2020 /home/travis/build/icyphy/ptII/ptolemy/actor/lib/test/auto/Clock11.xml
----------------- Instantiating /home/travis/build/icyphy/ptII/ptolemy/actor/lib/test/auto/Clock11.xml
6 ms. Memory: 323584K Free: 90179K (28%)
----------------- Invoking toplevel() on ptolemy.moml.MoMLSimpleApplication@320038a1
----------------- Done invoking toplevel() on ptolemy.moml.MoMLSimpleApplication@320038a1
reloadAllAccessors: .Clock11

===========================================================================================
----------------- testing Mon Mar 09 14:42:36 UTC 2020 /home/travis/build/icyphy/ptII/ptolemy/actor/lib/test/auto/Clock12.xml
----------------- Instantiating /home/travis/build/icyphy/ptII/ptolemy/actor/lib/test/auto/Clock12.xml
5 ms. Memory: 323584K Free: 84549K (26%)
----------------- Invoking toplevel() on ptolemy.moml.MoMLSimpleApplication@10b12fab
----------------- Done invoking toplevel() on ptolemy.moml.MoMLSimpleApplication@10b12fab
reloadAllAccessors: .Clock12

===========================================================================================
----------------- testing Mon Mar 09 14:42:36 UTC 2020 /home/travis/build/icyphy/ptII/ptolemy/actor/lib/test/auto/Clock13.xml
----------------- Instantiating /home/travis/build/icyphy/ptII/ptolemy/actor/lib/test/auto/Clock13.xml
5 ms. Memory: 323584K Free: 267583K (83%)
----------------- Invoking toplevel() on ptolemy.moml.MoMLSimpleApplication@47446e69
----------------- Done invoking toplevel() on ptolemy.moml.MoMLSimpleApplication@47446e69
reloadAllAccessors: .Clock13

===========================================================================================
----------------- testing Mon Mar 09 14:42:36 UTC 2020 /home/travis/build/icyphy/ptII/ptolemy/actor/lib/test/auto/Clock14.xml
----------------- Instantiating /home/travis/build/icyphy/ptII/ptolemy/actor/lib/test/auto/Clock14.xml
6 ms. Memory: 323584K Free: 261919K (81%)
----------------- Invoking toplevel() on ptolemy.moml.MoMLSimpleApplication@7593fa7a
----------------- Done invoking toplevel() on ptolemy.moml.MoMLSimpleApplication@7593fa7a
reloadAllAccessors: .Clock14

===========================================================================================
----------------- testing Mon Mar 09 14:42:36 UTC 2020 /home/travis/build/icyphy/ptII/ptolemy/actor/lib/test/auto/Clock15.xml
----------------- Instantiating /home/travis/build/icyphy/ptII/ptolemy/actor/lib/test/auto/Clock15.xml
5 ms. Memory: 323584K Free: 255799K (79%)
----------------- Invoking toplevel() on ptolemy.moml.MoMLSimpleApplication@224e7242
----------------- Done invoking toplevel() on ptolemy.moml.MoMLSimpleApplication@224e7242
reloadAllAccessors: .Clock15

===========================================================================================
----------------- testing Mon Mar 09 14:42:36 UTC 2020 /home/travis/build/icyphy/ptII/ptolemy/actor/lib/test/auto/Clock16.xml
----------------- Instantiating /home/travis/build/icyphy/ptII/ptolemy/actor/lib/test/auto/Clock16.xml
24 ms. Memory: 323584K Free: 241455K (75%)
----------------- Invoking toplevel() on ptolemy.moml.MoMLSimpleApplication@5a75134c
----------------- Done invoking toplevel() on ptolemy.moml.MoMLSimpleApplication@5a75134c
reloadAllAccessors: .Clock16

===========================================================================================
----------------- testing Mon Mar 09 14:42:36 UTC 2020 /home/travis/build/icyphy/ptII/ptolemy/actor/lib/test/auto/Clock17.xml
----------------- Instantiating /home/travis/build/icyphy/ptII/ptolemy/actor/lib/test/auto/Clock17.xml
17 ms. Memory: 323584K Free: 227119K (70%)
----------------- Invoking toplevel() on ptolemy.moml.MoMLSimpleApplication@636aff34
----------------- Done invoking toplevel() on ptolemy.moml.MoMLSimpleApplication@636aff34
reloadAllAccessors: .Clock17

===========================================================================================
----------------- testing Mon Mar 09 14:42:36 UTC 2020 /home/travis/build/icyphy/ptII/ptolemy/actor/lib/test/auto/Clock18.xml
----------------- Instantiating /home/travis/build/icyphy/ptII/ptolemy/actor/lib/test/auto/Clock18.xml
20 ms. Memory: 323584K Free: 213311K (66%)
----------------- Invoking toplevel() on ptolemy.moml.MoMLSimpleApplication@3731e70d
----------------- Done invoking toplevel() on ptolemy.moml.MoMLSimpleApplication@3731e70d
reloadAllAccessors: .Clock18

===========================================================================================
----------------- testing Mon Mar 09 14:42:36 UTC 2020 /home/travis/build/icyphy/ptII/ptolemy/actor/lib/test/auto/Clock19.xml
----------------- Instantiating /home/travis/build/icyphy/ptII/ptolemy/actor/lib/test/auto/Clock19.xml
11 ms. Memory: 323584K Free: 200495K (62%)
----------------- Invoking toplevel() on ptolemy.moml.MoMLSimpleApplication@3fc2d569
----------------- Done invoking toplevel() on ptolemy.moml.MoMLSimpleApplication@3fc2d569
reloadAllAccessors: .Clock19

===========================================================================================
----------------- testing Mon Mar 09 14:42:36 UTC 2020 /home/travis/build/icyphy/ptII/ptolemy/actor/lib/test/auto/Clock2.xml
----------------- Instantiating /home/travis/build/icyphy/ptII/ptolemy/actor/lib/test/auto/Clock2.xml
4 ms. Memory: 323584K Free: 195903K (61%)
----------------- Invoking toplevel() on ptolemy.moml.MoMLSimpleApplication@3baf98b5
----------------- Done invoking toplevel() on ptolemy.moml.MoMLSimpleApplication@3baf98b5
reloadAllAccessors: .Clock2

===========================================================================================
----------------- testing Mon Mar 09 14:42:36 UTC 2020 /home/travis/build/icyphy/ptII/ptolemy/actor/lib/test/auto/Clock20.xml
----------------- Instantiating /home/travis/build/icyphy/ptII/ptolemy/actor/lib/test/auto/Clock20.xml
8 ms. Memory: 323584K Free: 190783K (59%)
----------------- Invoking toplevel() on ptolemy.moml.MoMLSimpleApplication@35d4910f
----------------- Done invoking toplevel() on ptolemy.moml.MoMLSimpleApplication@35d4910f
reloadAllAccessors: .Clock20

===========================================================================================
----------------- testing Mon Mar 09 14:42:36 UTC 2020 /home/travis/build/icyphy/ptII/ptolemy/actor/lib/test/auto/Clock21.xml
----------------- Instantiating /home/travis/build/icyphy/ptII/ptolemy/actor/lib/test/auto/Clock21.xml
6 ms. Memory: 323584K Free: 185149K (57%)
----------------- Invoking toplevel() on ptolemy.moml.MoMLSimpleApplication@4cd00dbd
----------------- Done invoking toplevel() on ptolemy.moml.MoMLSimpleApplication@4cd00dbd
reloadAllAccessors: .Clock21

===========================================================================================
----------------- testing Mon Mar 09 14:42:36 UTC 2020 /home/travis/build/icyphy/ptII/ptolemy/actor/lib/test/auto/Clock22.xml
----------------- Instantiating /home/travis/build/icyphy/ptII/ptolemy/actor/lib/test/auto/Clock22.xml
5 ms. Memory: 323584K Free: 180029K (56%)
----------------- Invoking toplevel() on ptolemy.moml.MoMLSimpleApplication@2375dc75
----------------- Done invoking toplevel() on ptolemy.moml.MoMLSimpleApplication@2375dc75
reloadAllAccessors: .Clock22

===========================================================================================
----------------- testing Mon Mar 09 14:42:36 UTC 2020 /home/travis/build/icyphy/ptII/ptolemy/actor/lib/test/auto/Clock23.xml
----------------- Instantiating /home/travis/build/icyphy/ptII/ptolemy/actor/lib/test/auto/Clock23.xml
7 ms. Memory: 323584K Free: 174399K (54%)
----------------- Invoking toplevel() on ptolemy.moml.MoMLSimpleApplication@5c09e153
----------------- Done invoking toplevel() on ptolemy.moml.MoMLSimpleApplication@5c09e153
reloadAllAccessors: .Clock23

===========================================================================================
----------------- testing Mon Mar 09 14:42:36 UTC 2020 /home/travis/build/icyphy/ptII/ptolemy/actor/lib/test/auto/Clock24.xml
----------------- Instantiating /home/travis/build/icyphy/ptII/ptolemy/actor/lib/test/auto/Clock24.xml
6 ms. Memory: 323584K Free: 168765K (52%)
----------------- Invoking toplevel() on ptolemy.moml.MoMLSimpleApplication@30f3166f
----------------- Done invoking toplevel() on ptolemy.moml.MoMLSimpleApplication@30f3166f
reloadAllAccessors: .Clock24

===========================================================================================
----------------- testing Mon Mar 09 14:42:36 UTC 2020 /home/travis/build/icyphy/ptII/ptolemy/actor/lib/test/auto/Clock4.xml
----------------- Instantiating /home/travis/build/icyphy/ptII/ptolemy/actor/lib/test/auto/Clock4.xml
1 ms. Memory: 323584K Free: 164159K (51%)
----------------- Invoking toplevel() on ptolemy.moml.MoMLSimpleApplication@45822732
----------------- Done invoking toplevel() on ptolemy.moml.MoMLSimpleApplication@45822732
reloadAllAccessors: .Clock4

===========================================================================================
----------------- testing Mon Mar 09 14:42:36 UTC 2020 /home/travis/build/icyphy/ptII/ptolemy/actor/lib/test/auto/Clock5.xml
----------------- Instantiating /home/travis/build/icyphy/ptII/ptolemy/actor/lib/test/auto/Clock5.xml
2 ms. Memory: 323584K Free: 158519K (49%)
----------------- Invoking toplevel() on ptolemy.moml.MoMLSimpleApplication@4379c67c
----------------- Done invoking toplevel() on ptolemy.moml.MoMLSimpleApplication@4379c67c
reloadAllAccessors: .Clock5

===========================================================================================
----------------- testing Mon Mar 09 14:42:36 UTC 2020 /home/travis/build/icyphy/ptII/ptolemy/actor/lib/test/auto/Clock6.xml
----------------- Instantiating /home/travis/build/icyphy/ptII/ptolemy/actor/lib/test/auto/Clock6.xml
2 ms. Memory: 323584K Free: 154429K (48%)
----------------- Invoking toplevel() on ptolemy.moml.MoMLSimpleApplication@2d27799a
----------------- Done invoking toplevel() on ptolemy.moml.MoMLSimpleApplication@2d27799a
reloadAllAccessors: .Clock6

===========================================================================================
----------------- testing Mon Mar 09 14:42:36 UTC 2020 /home/travis/build/icyphy/ptII/ptolemy/actor/lib/test/auto/Clock7.xml
----------------- Instantiating /home/travis/build/icyphy/ptII/ptolemy/actor/lib/test/auto/Clock7.xml
1 ms. Memory: 323584K Free: 149309K (46%)
----------------- Invoking toplevel() on ptolemy.moml.MoMLSimpleApplication@ee4c5fc
----------------- Done invoking toplevel() on ptolemy.moml.MoMLSimpleApplication@ee4c5fc
reloadAllAccessors: .Clock7

===========================================================================================
----------------- testing Mon Mar 09 14:42:36 UTC 2020 /home/travis/build/icyphy/ptII/ptolemy/actor/lib/test/auto/Clock8.xml
----------------- Instantiating /home/travis/build/icyphy/ptII/ptolemy/actor/lib/test/auto/Clock8.xml
4 ms. Memory: 323584K Free: 143679K (44%)
----------------- Invoking toplevel() on ptolemy.moml.MoMLSimpleApplication@683bd0c8
----------------- Done invoking toplevel() on ptolemy.moml.MoMLSimpleApplication@683bd0c8
reloadAllAccessors: .Clock8

===========================================================================================
----------------- testing Mon Mar 09 14:42:36 UTC 2020 /home/travis/build/icyphy/ptII/ptolemy/actor/lib/test/auto/Clock9.xml
----------------- Instantiating /home/travis/build/icyphy/ptII/ptolemy/actor/lib/test/auto/Clock9.xml
4 ms. Memory: 323584K Free: 138559K (43%)
----------------- Invoking toplevel() on ptolemy.moml.MoMLSimpleApplication@7f957ae4
----------------- Done invoking toplevel() on ptolemy.moml.MoMLSimpleApplication@7f957ae4
reloadAllAccessors: .Clock9

===========================================================================================
----------------- testing Mon Mar 09 14:42:36 UTC 2020 /home/travis/build/icyphy/ptII/ptolemy/actor/lib/test/auto/CommDistDiscard.xml
----------------- Instantiating /home/travis/build/icyphy/ptII/ptolemy/actor/lib/test/auto/CommDistDiscard.xml
3 ms. Memory: 323584K Free: 132925K (41%)
----------------- Invoking toplevel() on ptolemy.moml.MoMLSimpleApplication@3a1d3992
----------------- Done invoking toplevel() on ptolemy.moml.MoMLSimpleApplication@3a1d3992
reloadAllAccessors: .CommDistDiscard

===========================================================================================
----------------- testing Mon Mar 09 14:42:36 UTC 2020 /home/travis/build/icyphy/ptII/ptolemy/actor/lib/test/auto/Commutator.xml
----------------- Instantiating /home/travis/build/icyphy/ptII/ptolemy/actor/lib/test/auto/Commutator.xml
2 ms. Memory: 323584K Free: 128829K (40%)
----------------- Invoking toplevel() on ptolemy.moml.MoMLSimpleApplication@56a926e0
----------------- Done invoking toplevel() on ptolemy.moml.MoMLSimpleApplication@56a926e0
reloadAllAccessors: .Commutator

===========================================================================================
----------------- testing Mon Mar 09 14:42:36 UTC 2020 /home/travis/build/icyphy/ptII/ptolemy/actor/lib/test/auto/Commutator2.xml
----------------- Instantiating /home/travis/build/icyphy/ptII/ptolemy/actor/lib/test/auto/Commutator2.xml
1 ms. Memory: 323584K Free: 124223K (38%)
----------------- Invoking toplevel() on ptolemy.moml.MoMLSimpleApplication@7a07b5c1
----------------- Done invoking toplevel() on ptolemy.moml.MoMLSimpleApplication@7a07b5c1
reloadAllAccessors: .Commutator2

===========================================================================================
----------------- testing Mon Mar 09 14:42:36 UTC 2020 /home/travis/build/icyphy/ptII/ptolemy/actor/lib/test/auto/Commutator3.xml
----------------- Instantiating /home/travis/build/icyphy/ptII/ptolemy/actor/lib/test/auto/Commutator3.xml
1 ms. Memory: 323584K Free: 119613K (37%)
----------------- Invoking toplevel() on ptolemy.moml.MoMLSimpleApplication@2e505fec
----------------- Done invoking toplevel() on ptolemy.moml.MoMLSimpleApplication@2e505fec
reloadAllAccessors: .Commutator3

===========================================================================================
----------------- testing Mon Mar 09 14:42:36 UTC 2020 /home/travis/build/icyphy/ptII/ptolemy/actor/lib/test/auto/Compare.xml
----------------- Instantiating /home/travis/build/icyphy/ptII/ptolemy/actor/lib/test/auto/Compare.xml
2 ms. Memory: 323584K Free: 113469K (35%)
----------------- Invoking toplevel() on ptolemy.moml.MoMLSimpleApplication@6b0b13c7
----------------- Done invoking toplevel() on ptolemy.moml.MoMLSimpleApplication@6b0b13c7
reloadAllAccessors: .Compare

===========================================================================================
----------------- testing Mon Mar 09 14:42:36 UTC 2020 /home/travis/build/icyphy/ptII/ptolemy/actor/lib/test/auto/CompareDE.xml
----------------- Instantiating /home/travis/build/icyphy/ptII/ptolemy/actor/lib/test/auto/CompareDE.xml
5 ms. Memory: 323584K Free: 106287K (33%)
----------------- Invoking toplevel() on ptolemy.moml.MoMLSimpleApplication@19fbdb2b
----------------- Done invoking toplevel() on ptolemy.moml.MoMLSimpleApplication@19fbdb2b
reloadAllAccessors: .CompareDE

===========================================================================================
----------------- testing Mon Mar 09 14:42:36 UTC 2020 /home/travis/build/icyphy/ptII/ptolemy/actor/lib/test/auto/ComplexDivide.xml
----------------- Instantiating /home/travis/build/icyphy/ptII/ptolemy/actor/lib/test/auto/ComplexDivide.xml
1 ms. Memory: 323584K Free: 102719K (32%)
----------------- Invoking toplevel() on ptolemy.moml.MoMLSimpleApplication@58b3746b
----------------- Done invoking toplevel() on ptolemy.moml.MoMLSimpleApplication@58b3746b
reloadAllAccessors: .ComplexDivide

===========================================================================================
----------------- testing Mon Mar 09 14:42:36 UTC 2020 /home/travis/build/icyphy/ptII/ptolemy/actor/lib/test/auto/ComputeHistogram.xml
----------------- Instantiating /home/travis/build/icyphy/ptII/ptolemy/actor/lib/test/auto/ComputeHistogram.xml
21 ms. Memory: 323584K Free: 90431K (28%)
----------------- Invoking toplevel() on ptolemy.moml.MoMLSimpleApplication@4b366531
----------------- Done invoking toplevel() on ptolemy.moml.MoMLSimpleApplication@4b366531
reloadAllAccessors: .ComputeHistogram

===========================================================================================
----------------- testing Mon Mar 09 14:42:37 UTC 2020 /home/travis/build/icyphy/ptII/ptolemy/actor/lib/test/auto/ConfigurationSelect.xml
----------------- Instantiating /home/travis/build/icyphy/ptII/ptolemy/actor/lib/test/auto/ConfigurationSelect.xml
2 ms. Memory: 323584K Free: 84783K (26%)
----------------- Invoking toplevel() on ptolemy.moml.MoMLSimpleApplication@2d91f23b
----------------- Done invoking toplevel() on ptolemy.moml.MoMLSimpleApplication@2d91f23b
reloadAllAccessors: .ConfigurationSelect

===========================================================================================
----------------- testing Mon Mar 09 14:42:37 UTC 2020 /home/travis/build/icyphy/ptII/ptolemy/actor/lib/test/auto/ConfigurationSelect2.xml
----------------- Instantiating /home/travis/build/icyphy/ptII/ptolemy/actor/lib/test/auto/ConfigurationSelect2.xml
1 ms. Memory: 546816K Free: 493145K (90%)
----------------- Invoking toplevel() on ptolemy.moml.MoMLSimpleApplication@723a3e1c
----------------- Done invoking toplevel() on ptolemy.moml.MoMLSimpleApplication@723a3e1c
reloadAllAccessors: .ConfigurationSelect2

===========================================================================================
----------------- testing Mon Mar 09 14:42:37 UTC 2020 /home/travis/build/icyphy/ptII/ptolemy/actor/lib/test/auto/ConfigurationSwitch.xml
----------------- Instantiating /home/travis/build/icyphy/ptII/ptolemy/actor/lib/test/auto/ConfigurationSwitch.xml
2 ms. Memory: 546816K Free: 487515K (89%)
----------------- Invoking toplevel() on ptolemy.moml.MoMLSimpleApplication@1fe0beb6
----------------- Done invoking toplevel() on ptolemy.moml.MoMLSimpleApplication@1fe0beb6
reloadAllAccessors: .ConfigurationSwitch

===========================================================================================
----------------- testing Mon Mar 09 14:42:37 UTC 2020 /home/travis/build/icyphy/ptII/ptolemy/actor/lib/test/auto/ConfigurationSwitch2.xml
----------------- Instantiating /home/travis/build/icyphy/ptII/ptolemy/actor/lib/test/auto/ConfigurationSwitch2.xml
4 ms. Memory: 546816K Free: 481881K (88%)
----------------- Invoking toplevel() on ptolemy.moml.MoMLSimpleApplication@6d174433
----------------- Done invoking toplevel() on ptolemy.moml.MoMLSimpleApplication@6d174433
reloadAllAccessors: .ConfigurationSwitch2

===========================================================================================
----------------- testing Mon Mar 09 14:42:37 UTC 2020 /home/travis/build/icyphy/ptII/ptolemy/actor/lib/test/auto/ConfigurationSwitchCloningBugWithClassRelationGroup.xml
----------------- Instantiating /home/travis/build/icyphy/ptII/ptolemy/actor/lib/test/auto/ConfigurationSwitchCloningBugWithClassRelationGroup.xml
2 ms. Memory: 546816K Free: 475227K (87%)
----------------- Invoking toplevel() on ptolemy.moml.MoMLSimpleApplication@356d3358
----------------- Done invoking toplevel() on ptolemy.moml.MoMLSimpleApplication@356d3358
reloadAllAccessors: .ConfigurationSwitchCloningBugWithClassRelationGroup

===========================================================================================
----------------- testing Mon Mar 09 14:42:37 UTC 2020 /home/travis/build/icyphy/ptII/ptolemy/actor/lib/test/auto/ConfigurationSwitchSelectSDF.xml
----------------- Instantiating /home/travis/build/icyphy/ptII/ptolemy/actor/lib/test/auto/ConfigurationSwitchSelectSDF.xml
5 ms. Memory: 546816K Free: 469593K (86%)
----------------- Invoking toplevel() on ptolemy.moml.MoMLSimpleApplication@3a1590ab
----------------- Done invoking toplevel() on ptolemy.moml.MoMLSimpleApplication@3a1590ab
reloadAllAccessors: .ConfigurationSwitchSelectSDF

===========================================================================================
----------------- testing Mon Mar 09 14:42:37 UTC 2020 /home/travis/build/icyphy/ptII/ptolemy/actor/lib/test/auto/ConfigurationSwitchSelectSDF2.xml
----------------- Instantiating /home/travis/build/icyphy/ptII/ptolemy/actor/lib/test/auto/ConfigurationSwitchSelectSDF2.xml
3 ms. Memory: 546816K Free: 464473K (85%)
----------------- Invoking toplevel() on ptolemy.moml.MoMLSimpleApplication@1effb7c4
----------------- Done invoking toplevel() on ptolemy.moml.MoMLSimpleApplication@1effb7c4
reloadAllAccessors: .ConfigurationSwitchSelectSDF2

===========================================================================================
----------------- testing Mon Mar 09 14:42:37 UTC 2020 /home/travis/build/icyphy/ptII/ptolemy/actor/lib/test/auto/Const.xml
----------------- Instantiating /home/travis/build/icyphy/ptII/ptolemy/actor/lib/test/auto/Const.xml
1 ms. Memory: 546816K Free: 460891K (84%)
----------------- Invoking toplevel() on ptolemy.moml.MoMLSimpleApplication@6ce00090
----------------- Done invoking toplevel() on ptolemy.moml.MoMLSimpleApplication@6ce00090
reloadAllAccessors: .Const

===========================================================================================
----------------- testing Mon Mar 09 14:42:37 UTC 2020 /home/travis/build/icyphy/ptII/ptolemy/actor/lib/test/auto/Const2.xml
----------------- Instantiating /home/travis/build/icyphy/ptII/ptolemy/actor/lib/test/auto/Const2.xml
1 ms. Memory: 546816K Free: 456795K (84%)
----------------- Invoking toplevel() on ptolemy.moml.MoMLSimpleApplication@42ca89b6
----------------- Done invoking toplevel() on ptolemy.moml.MoMLSimpleApplication@42ca89b6
reloadAllAccessors: .Const2

===========================================================================================
----------------- testing Mon Mar 09 14:42:37 UTC 2020 /home/travis/build/icyphy/ptII/ptolemy/actor/lib/test/auto/Const3.xml
----------------- Instantiating /home/travis/build/icyphy/ptII/ptolemy/actor/lib/test/auto/Const3.xml
1 ms. Memory: 546816K Free: 454233K (83%)
----------------- Invoking toplevel() on ptolemy.moml.MoMLSimpleApplication@6888fe98
----------------- Done invoking toplevel() on ptolemy.moml.MoMLSimpleApplication@6888fe98
reloadAllAccessors: .Const3

===========================================================================================
----------------- testing Mon Mar 09 14:42:37 UTC 2020 /home/travis/build/icyphy/ptII/ptolemy/actor/lib/test/auto/ConstantPublisherPort1.xml
----------------- Instantiating /home/travis/build/icyphy/ptII/ptolemy/actor/lib/test/auto/ConstantPublisherPort1.xml
6 ms. Memory: 546816K Free: 445017K (81%)
----------------- Invoking toplevel() on ptolemy.moml.MoMLSimpleApplication@24aaa381
----------------- Done invoking toplevel() on ptolemy.moml.MoMLSimpleApplication@24aaa381
reloadAllAccessors: .ConstantPublisherPort1

===========================================================================================
----------------- testing Mon Mar 09 14:42:37 UTC 2020 /home/travis/build/icyphy/ptII/ptolemy/actor/lib/test/auto/ConstantPublisherPort2.xml
----------------- Instantiating /home/travis/build/icyphy/ptII/ptolemy/actor/lib/test/auto/ConstantPublisherPort2.xml
11 ms. Memory: 546816K Free: 436825K (80%)
----------------- Invoking toplevel() on ptolemy.moml.MoMLSimpleApplication@6c4bf289
----------------- Done invoking toplevel() on ptolemy.moml.MoMLSimpleApplication@6c4bf289
reloadAllAccessors: .ConstantPublisherPort2

===========================================================================================
----------------- testing Mon Mar 09 14:42:37 UTC 2020 /home/travis/build/icyphy/ptII/ptolemy/actor/lib/test/auto/ConstantPublisherPort3.xml
----------------- Instantiating /home/travis/build/icyphy/ptII/ptolemy/actor/lib/test/auto/ConstantPublisherPort3.xml
8 ms. Memory: 546816K Free: 429147K (78%)
----------------- Invoking toplevel() on ptolemy.moml.MoMLSimpleApplication@2bd55f0d
----------------- Done invoking toplevel() on ptolemy.moml.MoMLSimpleApplication@2bd55f0d
reloadAllAccessors: .ConstantPublisherPort3

===========================================================================================
----------------- testing Mon Mar 09 14:42:37 UTC 2020 /home/travis/build/icyphy/ptII/ptolemy/actor/lib/test/auto/ConstantPublisherPort4.xml
----------------- Instantiating /home/travis/build/icyphy/ptII/ptolemy/actor/lib/test/auto/ConstantPublisherPort4.xml
2 ms. Memory: 546816K Free: 421979K (77%)
----------------- Invoking toplevel() on ptolemy.moml.MoMLSimpleApplication@761a74bd
----------------- Done invoking toplevel() on ptolemy.moml.MoMLSimpleApplication@761a74bd
reloadAllAccessors: .ConstantPublisherPort4

===========================================================================================
----------------- testing Mon Mar 09 14:42:37 UTC 2020 /home/travis/build/icyphy/ptII/ptolemy/actor/lib/test/auto/ConstantPublisherPort5.xml
----------------- Instantiating /home/travis/build/icyphy/ptII/ptolemy/actor/lib/test/auto/ConstantPublisherPort5.xml
34 ms. Memory: 546816K Free: 412249K (75%)
----------------- Invoking toplevel() on ptolemy.moml.MoMLSimpleApplication@3e49f206
----------------- Done invoking toplevel() on ptolemy.moml.MoMLSimpleApplication@3e49f206
reloadAllAccessors: .ConstantPublisherPort5

===========================================================================================
----------------- testing Mon Mar 09 14:42:37 UTC 2020 /home/travis/build/icyphy/ptII/ptolemy/actor/lib/test/auto/ConstantPublisherPort6.xml
----------------- Instantiating /home/travis/build/icyphy/ptII/ptolemy/actor/lib/test/auto/ConstantPublisherPort6.xml
20 ms. Memory: 546816K Free: 403033K (74%)
----------------- Invoking toplevel() on ptolemy.moml.MoMLSimpleApplication@16104b4c
----------------- Done invoking toplevel() on ptolemy.moml.MoMLSimpleApplication@16104b4c
reloadAllAccessors: .ConstantPublisherPort6

===========================================================================================
----------------- testing Mon Mar 09 14:42:37 UTC 2020 /home/travis/build/icyphy/ptII/ptolemy/actor/lib/test/auto/ConstantPublisherPort7.xml
----------------- Instantiating /home/travis/build/icyphy/ptII/ptolemy/actor/lib/test/auto/ConstantPublisherPort7.xml
18 ms. Memory: 546816K Free: 393307K (72%)
----------------- Invoking toplevel() on ptolemy.moml.MoMLSimpleApplication@251827ac
----------------- Done invoking toplevel() on ptolemy.moml.MoMLSimpleApplication@251827ac
reloadAllAccessors: .ConstantPublisherPort7

===========================================================================================
----------------- testing Mon Mar 09 14:42:37 UTC 2020 /home/travis/build/icyphy/ptII/ptolemy/actor/lib/test/auto/ConstraintMonitor1.xml
----------------- Instantiating /home/travis/build/icyphy/ptII/ptolemy/actor/lib/test/auto/ConstraintMonitor1.xml
2 ms. Memory: 546816K Free: 388697K (71%)
----------------- Invoking toplevel() on ptolemy.moml.MoMLSimpleApplication@5509b93c
----------------- Done invoking toplevel() on ptolemy.moml.MoMLSimpleApplication@5509b93c
reloadAllAccessors: .ConstraintMonitor1

===========================================================================================
----------------- testing Mon Mar 09 14:42:37 UTC 2020 /home/travis/build/icyphy/ptII/ptolemy/actor/lib/test/auto/ConstraintMonitor2.xml
----------------- Instantiating /home/travis/build/icyphy/ptII/ptolemy/actor/lib/test/auto/ConstraintMonitor2.xml
4 ms. Memory: 546816K Free: 384091K (70%)
----------------- Invoking toplevel() on ptolemy.moml.MoMLSimpleApplication@331130f9
----------------- Done invoking toplevel() on ptolemy.moml.MoMLSimpleApplication@331130f9
reloadAllAccessors: .ConstraintMonitor2

===========================================================================================
----------------- testing Mon Mar 09 14:42:37 UTC 2020 /home/travis/build/icyphy/ptII/ptolemy/actor/lib/test/auto/ConstraintMonitor3.xml
----------------- Instantiating /home/travis/build/icyphy/ptII/ptolemy/actor/lib/test/auto/ConstraintMonitor3.xml
5 ms. Memory: 546816K Free: 379481K (69%)
----------------- Invoking toplevel() on ptolemy.moml.MoMLSimpleApplication@65d0a5b5
----------------- Done invoking toplevel() on ptolemy.moml.MoMLSimpleApplication@65d0a5b5
reloadAllAccessors: .ConstraintMonitor3

===========================================================================================
----------------- testing Mon Mar 09 14:42:37 UTC 2020 /home/travis/build/icyphy/ptII/ptolemy/actor/lib/test/auto/ConstraintMonitor4.xml
----------------- Instantiating /home/travis/build/icyphy/ptII/ptolemy/actor/lib/test/auto/ConstraintMonitor4.xml
1 ms. Memory: 546816K Free: 374875K (69%)
----------------- Invoking toplevel() on ptolemy.moml.MoMLSimpleApplication@555d2bf0
----------------- Done invoking toplevel() on ptolemy.moml.MoMLSimpleApplication@555d2bf0
reloadAllAccessors: .ConstraintMonitor4

===========================================================================================
----------------- testing Mon Mar 09 14:42:37 UTC 2020 /home/travis/build/icyphy/ptII/ptolemy/actor/lib/test/auto/ConstraintMonitor5.xml
----------------- Instantiating /home/travis/build/icyphy/ptII/ptolemy/actor/lib/test/auto/ConstraintMonitor5.xml
1 ms. Memory: 546816K Free: 369755K (68%)
----------------- Invoking toplevel() on ptolemy.moml.MoMLSimpleApplication@102ac9a3
----------------- Done invoking toplevel() on ptolemy.moml.MoMLSimpleApplication@102ac9a3
reloadAllAccessors: .ConstraintMonitor5

===========================================================================================
----------------- testing Mon Mar 09 14:42:37 UTC 2020 /home/travis/build/icyphy/ptII/ptolemy/actor/lib/test/auto/ConstraintMonitor6.xml
----------------- Instantiating /home/travis/build/icyphy/ptII/ptolemy/actor/lib/test/auto/ConstraintMonitor6.xml
6 ms. Memory: 546816K Free: 363611K (66%)
----------------- Invoking toplevel() on ptolemy.moml.MoMLSimpleApplication@65e830d1
----------------- Done invoking toplevel() on ptolemy.moml.MoMLSimpleApplication@65e830d1
reloadAllAccessors: .ConstraintMonitor6

===========================================================================================
----------------- testing Mon Mar 09 14:42:37 UTC 2020 /home/travis/build/icyphy/ptII/ptolemy/actor/lib/test/auto/ConstraintMonitor7.xml
----------------- Instantiating /home/travis/build/icyphy/ptII/ptolemy/actor/lib/test/auto/ConstraintMonitor7.xml
2 ms. Memory: 546816K Free: 357963K (65%)
----------------- Invoking toplevel() on ptolemy.moml.MoMLSimpleApplication@32b11976
----------------- Done invoking toplevel() on ptolemy.moml.MoMLSimpleApplication@32b11976
reloadAllAccessors: .ConstraintMonitor7

===========================================================================================
----------------- testing Mon Mar 09 14:42:37 UTC 2020 /home/travis/build/icyphy/ptII/ptolemy/actor/lib/test/auto/ConstraintMonitor8.xml
----------------- Instantiating /home/travis/build/icyphy/ptII/ptolemy/actor/lib/test/auto/ConstraintMonitor8.xml
5 ms. Memory: 546816K Free: 350299K (64%)
----------------- Invoking toplevel() on ptolemy.moml.MoMLSimpleApplication@25ae907a
----------------- Done invoking toplevel() on ptolemy.moml.MoMLSimpleApplication@25ae907a
reloadAllAccessors: .ConstraintMonitor8

===========================================================================================
----------------- testing Mon Mar 09 14:42:37 UTC 2020 /home/travis/build/icyphy/ptII/ptolemy/actor/lib/test/auto/Counter.xml
----------------- Instantiating /home/travis/build/icyphy/ptII/ptolemy/actor/lib/test/auto/Counter.xml
2 ms. Memory: 546816K Free: 345689K (63%)
----------------- Invoking toplevel() on ptolemy.moml.MoMLSimpleApplication@5b234502
----------------- Done invoking toplevel() on ptolemy.moml.MoMLSimpleApplication@5b234502
reloadAllAccessors: .Counter

===========================================================================================
----------------- testing Mon Mar 09 14:42:37 UTC 2020 /home/travis/build/icyphy/ptII/ptolemy/actor/lib/test/auto/CurrentTimeSDF.xml
----------------- Instantiating /home/travis/build/icyphy/ptII/ptolemy/actor/lib/test/auto/CurrentTimeSDF.xml
1 ms. Memory: 546816K Free: 341593K (62%)
----------------- Invoking toplevel() on ptolemy.moml.MoMLSimpleApplication@40bfdcc0
----------------- Done invoking toplevel() on ptolemy.moml.MoMLSimpleApplication@40bfdcc0
reloadAllAccessors: .CurrentTimeSDF

===========================================================================================
----------------- testing Mon Mar 09 14:42:37 UTC 2020 /home/travis/build/icyphy/ptII/ptolemy/actor/lib/test/auto/DB.xml
----------------- Instantiating /home/travis/build/icyphy/ptII/ptolemy/actor/lib/test/auto/DB.xml
2 ms. Memory: 546816K Free: 336473K (62%)
----------------- Invoking toplevel() on ptolemy.moml.MoMLSimpleApplication@23a22f83
----------------- Done invoking toplevel() on ptolemy.moml.MoMLSimpleApplication@23a22f83
reloadAllAccessors: .DB

===========================================================================================
----------------- testing Mon Mar 09 14:42:37 UTC 2020 /home/travis/build/icyphy/ptII/ptolemy/actor/lib/test/auto/DBDE.xml
----------------- Instantiating /home/travis/build/icyphy/ptII/ptolemy/actor/lib/test/auto/DBDE.xml
2 ms. Memory: 546816K Free: 330843K (61%)
----------------- Invoking toplevel() on ptolemy.moml.MoMLSimpleApplication@3d70e6ea
----------------- Done invoking toplevel() on ptolemy.moml.MoMLSimpleApplication@3d70e6ea
reloadAllAccessors: .DBDE

===========================================================================================
----------------- testing Mon Mar 09 14:42:37 UTC 2020 /home/travis/build/icyphy/ptII/ptolemy/actor/lib/test/auto/DateConstructor.xml
----------------- Instantiating /home/travis/build/icyphy/ptII/ptolemy/actor/lib/test/auto/DateConstructor.xml
22 ms. Memory: 546816K Free: 313435K (57%)
----------------- Invoking toplevel() on ptolemy.moml.MoMLSimpleApplication@6c988804
----------------- Done invoking toplevel() on ptolemy.moml.MoMLSimpleApplication@6c988804
reloadAllAccessors: .DateConstructor

===========================================================================================
----------------- testing Mon Mar 09 14:42:37 UTC 2020 /home/travis/build/icyphy/ptII/ptolemy/actor/lib/test/auto/DelayTime.xml
----------------- Instantiating /home/travis/build/icyphy/ptII/ptolemy/actor/lib/test/auto/DelayTime.xml
9 ms. Memory: 546816K Free: 308315K (56%)
----------------- Invoking toplevel() on ptolemy.moml.MoMLSimpleApplication@371e2907
----------------- Done invoking toplevel() on ptolemy.moml.MoMLSimpleApplication@371e2907
reloadAllAccessors: .DelayTime

===========================================================================================
----------------- testing Mon Mar 09 14:42:37 UTC 2020 /home/travis/build/icyphy/ptII/ptolemy/actor/lib/test/auto/Dictionary1.xml
----------------- Instantiating /home/travis/build/icyphy/ptII/ptolemy/actor/lib/test/auto/Dictionary1.xml
2 ms. Memory: 546816K Free: 303195K (55%)
----------------- Invoking toplevel() on ptolemy.moml.MoMLSimpleApplication@50faa78e
----------------- Done invoking toplevel() on ptolemy.moml.MoMLSimpleApplication@50faa78e
reloadAllAccessors: .Dictionary1

===========================================================================================
----------------- testing Mon Mar 09 14:42:37 UTC 2020 /home/travis/build/icyphy/ptII/ptolemy/actor/lib/test/auto/Dictionary2.xml
----------------- Instantiating /home/travis/build/icyphy/ptII/ptolemy/actor/lib/test/auto/Dictionary2.xml
3 ms. Memory: 546816K Free: 297561K (54%)
----------------- Invoking toplevel() on ptolemy.moml.MoMLSimpleApplication@7edcc9da
----------------- Done invoking toplevel() on ptolemy.moml.MoMLSimpleApplication@7edcc9da
reloadAllAccessors: .Dictionary2

===========================================================================================
----------------- testing Mon Mar 09 14:42:37 UTC 2020 /home/travis/build/icyphy/ptII/ptolemy/actor/lib/test/auto/Dictionary3.xml
----------------- Instantiating /home/travis/build/icyphy/ptII/ptolemy/actor/lib/test/auto/Dictionary3.xml
2 ms. Memory: 546816K Free: 291931K (53%)
----------------- Invoking toplevel() on ptolemy.moml.MoMLSimpleApplication@3d789d54
----------------- Done invoking toplevel() on ptolemy.moml.MoMLSimpleApplication@3d789d54
reloadAllAccessors: .Dictionary3

===========================================================================================
----------------- testing Mon Mar 09 14:42:37 UTC 2020 /home/travis/build/icyphy/ptII/ptolemy/actor/lib/test/auto/Dictionary4.xml
----------------- Instantiating /home/travis/build/icyphy/ptII/ptolemy/actor/lib/test/auto/Dictionary4.xml
3 ms. Memory: 546816K Free: 284763K (52%)
----------------- Invoking toplevel() on ptolemy.moml.MoMLSimpleApplication@34cb243a
----------------- Done invoking toplevel() on ptolemy.moml.MoMLSimpleApplication@34cb243a
reloadAllAccessors: .Dictionary4

===========================================================================================
----------------- testing Mon Mar 09 14:42:37 UTC 2020 /home/travis/build/icyphy/ptII/ptolemy/actor/lib/test/auto/Differential.xml
----------------- Instantiating /home/travis/build/icyphy/ptII/ptolemy/actor/lib/test/auto/Differential.xml
3 ms. Memory: 546816K Free: 280667K (51%)
----------------- Invoking toplevel() on ptolemy.moml.MoMLSimpleApplication@50d72066
----------------- Done invoking toplevel() on ptolemy.moml.MoMLSimpleApplication@50d72066
reloadAllAccessors: .Differential

===========================================================================================
----------------- testing Mon Mar 09 14:42:37 UTC 2020 /home/travis/build/icyphy/ptII/ptolemy/actor/lib/test/auto/Director.xml
----------------- Instantiating /home/travis/build/icyphy/ptII/ptolemy/actor/lib/test/auto/Director.xml
2 ms. Memory: 546816K Free: 277081K (51%)
----------------- Invoking toplevel() on ptolemy.moml.MoMLSimpleApplication@7b46eb8d
----------------- Done invoking toplevel() on ptolemy.moml.MoMLSimpleApplication@7b46eb8d
reloadAllAccessors: .Director

===========================================================================================
----------------- testing Mon Mar 09 14:42:38 UTC 2020 /home/travis/build/icyphy/ptII/ptolemy/actor/lib/test/auto/DiscreteClock.xml
----------------- Instantiating /home/travis/build/icyphy/ptII/ptolemy/actor/lib/test/auto/DiscreteClock.xml
1 ms. Memory: 546816K Free: 272985K (50%)
----------------- Invoking toplevel() on ptolemy.moml.MoMLSimpleApplication@78e333a2
----------------- Done invoking toplevel() on ptolemy.moml.MoMLSimpleApplication@78e333a2
reloadAllAccessors: .DiscreteClock

===========================================================================================
----------------- testing Mon Mar 09 14:42:38 UTC 2020 /home/travis/build/icyphy/ptII/ptolemy/actor/lib/test/auto/DiscreteClock10.xml
----------------- Instantiating /home/travis/build/icyphy/ptII/ptolemy/actor/lib/test/auto/DiscreteClock10.xml
1 ms. Memory: 546816K Free: 267355K (49%)
----------------- Invoking toplevel() on ptolemy.moml.MoMLSimpleApplication@6c87854f
----------------- Done invoking toplevel() on ptolemy.moml.MoMLSimpleApplication@6c87854f
reloadAllAccessors: .DiscreteClock10

===========================================================================================
----------------- testing Mon Mar 09 14:42:38 UTC 2020 /home/travis/build/icyphy/ptII/ptolemy/actor/lib/test/auto/DiscreteClock11.xml
----------------- Instantiating /home/travis/build/icyphy/ptII/ptolemy/actor/lib/test/auto/DiscreteClock11.xml
1 ms. Memory: 546816K Free: 261211K (48%)
----------------- Invoking toplevel() on ptolemy.moml.MoMLSimpleApplication@34298e7
----------------- Done invoking toplevel() on ptolemy.moml.MoMLSimpleApplication@34298e7
reloadAllAccessors: .DiscreteClock11

===========================================================================================
----------------- testing Mon Mar 09 14:42:38 UTC 2020 /home/travis/build/icyphy/ptII/ptolemy/actor/lib/test/auto/DiscreteClock12.xml
----------------- Instantiating /home/travis/build/icyphy/ptII/ptolemy/actor/lib/test/auto/DiscreteClock12.xml
3 ms. Memory: 546816K Free: 255067K (47%)
----------------- Invoking toplevel() on ptolemy.moml.MoMLSimpleApplication@178ffb77
----------------- Done invoking toplevel() on ptolemy.moml.MoMLSimpleApplication@178ffb77
reloadAllAccessors: .DiscreteClock12

===========================================================================================
----------------- testing Mon Mar 09 14:42:38 UTC 2020 /home/travis/build/icyphy/ptII/ptolemy/actor/lib/test/auto/DiscreteClock13.xml
----------------- Instantiating /home/travis/build/icyphy/ptII/ptolemy/actor/lib/test/auto/DiscreteClock13.xml
4 ms. Memory: 546816K Free: 248923K (46%)
----------------- Invoking toplevel() on ptolemy.moml.MoMLSimpleApplication@3ef302bb
----------------- Done invoking toplevel() on ptolemy.moml.MoMLSimpleApplication@3ef302bb
reloadAllAccessors: .DiscreteClock13

===========================================================================================
----------------- testing Mon Mar 09 14:42:38 UTC 2020 /home/travis/build/icyphy/ptII/ptolemy/actor/lib/test/auto/DiscreteClock14.xml
----------------- Instantiating /home/travis/build/icyphy/ptII/ptolemy/actor/lib/test/auto/DiscreteClock14.xml
4 ms. Memory: 546816K Free: 243259K (44%)
----------------- Invoking toplevel() on ptolemy.moml.MoMLSimpleApplication@131d6a60
----------------- Done invoking toplevel() on ptolemy.moml.MoMLSimpleApplication@131d6a60
reloadAllAccessors: .DiscreteClock14

===========================================================================================
----------------- testing Mon Mar 09 14:42:38 UTC 2020 /home/travis/build/icyphy/ptII/ptolemy/actor/lib/test/auto/DiscreteClock15.xml
----------------- Instantiating /home/travis/build/icyphy/ptII/ptolemy/actor/lib/test/auto/DiscreteClock15.xml
2 ms. Memory: 546816K Free: 237139K (43%)
----------------- Invoking toplevel() on ptolemy.moml.MoMLSimpleApplication@1d6024b6
----------------- Done invoking toplevel() on ptolemy.moml.MoMLSimpleApplication@1d6024b6
reloadAllAccessors: .DiscreteClock15

===========================================================================================
----------------- testing Mon Mar 09 14:42:38 UTC 2020 /home/travis/build/icyphy/ptII/ptolemy/actor/lib/test/auto/DiscreteClock16.xml
----------------- Instantiating /home/travis/build/icyphy/ptII/ptolemy/actor/lib/test/auto/DiscreteClock16.xml
16 ms. Memory: 546816K Free: 223323K (41%)
----------------- Invoking toplevel() on ptolemy.moml.MoMLSimpleApplication@4ed327e3
----------------- Done invoking toplevel() on ptolemy.moml.MoMLSimpleApplication@4ed327e3
reloadAllAccessors: .DiscreteClock16

===========================================================================================
----------------- testing Mon Mar 09 14:42:38 UTC 2020 /home/travis/build/icyphy/ptII/ptolemy/actor/lib/test/auto/DiscreteClock17.xml
----------------- Instantiating /home/travis/build/icyphy/ptII/ptolemy/actor/lib/test/auto/DiscreteClock17.xml
14 ms. Memory: 546816K Free: 208459K (38%)
----------------- Invoking toplevel() on ptolemy.moml.MoMLSimpleApplication@1c42d68a
----------------- Done invoking toplevel() on ptolemy.moml.MoMLSimpleApplication@1c42d68a
reloadAllAccessors: .DiscreteClock17

===========================================================================================
----------------- testing Mon Mar 09 14:42:38 UTC 2020 /home/travis/build/icyphy/ptII/ptolemy/actor/lib/test/auto/DiscreteClock18.xml
----------------- Instantiating /home/travis/build/icyphy/ptII/ptolemy/actor/lib/test/auto/DiscreteClock18.xml
22 ms. Memory: 546816K Free: 195155K (36%)
----------------- Invoking toplevel() on ptolemy.moml.MoMLSimpleApplication@15aaa2cf
----------------- Done invoking toplevel() on ptolemy.moml.MoMLSimpleApplication@15aaa2cf
reloadAllAccessors: .DiscreteClock18

===========================================================================================
----------------- testing Mon Mar 09 14:42:38 UTC 2020 /home/travis/build/icyphy/ptII/ptolemy/actor/lib/test/auto/DiscreteClock19.xml
----------------- Instantiating /home/travis/build/icyphy/ptII/ptolemy/actor/lib/test/auto/DiscreteClock19.xml
19 ms. Memory: 546816K Free: 181339K (33%)
----------------- Invoking toplevel() on ptolemy.moml.MoMLSimpleApplication@564b178d
----------------- Done invoking toplevel() on ptolemy.moml.MoMLSimpleApplication@564b178d
reloadAllAccessors: .DiscreteClock19

===========================================================================================
----------------- testing Mon Mar 09 14:42:38 UTC 2020 /home/travis/build/icyphy/ptII/ptolemy/actor/lib/test/auto/DiscreteClock2.xml
----------------- Instantiating /home/travis/build/icyphy/ptII/ptolemy/actor/lib/test/auto/DiscreteClock2.xml
4 ms. Memory: 546816K Free: 176219K (32%)
----------------- Invoking toplevel() on ptolemy.moml.MoMLSimpleApplication@3789817e
----------------- Done invoking toplevel() on ptolemy.moml.MoMLSimpleApplication@3789817e
reloadAllAccessors: .DiscreteClock2

===========================================================================================
----------------- testing Mon Mar 09 14:42:38 UTC 2020 /home/travis/build/icyphy/ptII/ptolemy/actor/lib/test/auto/DiscreteClock20.xml
----------------- Instantiating /home/travis/build/icyphy/ptII/ptolemy/actor/lib/test/auto/DiscreteClock20.xml
5 ms. Memory: 546816K Free: 493800K (90%)
----------------- Invoking toplevel() on ptolemy.moml.MoMLSimpleApplication@4beaff1d
----------------- Done invoking toplevel() on ptolemy.moml.MoMLSimpleApplication@4beaff1d
reloadAllAccessors: .DiscreteClock20

===========================================================================================
----------------- testing Mon Mar 09 14:42:38 UTC 2020 /home/travis/build/icyphy/ptII/ptolemy/actor/lib/test/auto/DiscreteClock21.xml
----------------- Instantiating /home/travis/build/icyphy/ptII/ptolemy/actor/lib/test/auto/DiscreteClock21.xml
4 ms. Memory: 546816K Free: 488176K (89%)
----------------- Invoking toplevel() on ptolemy.moml.MoMLSimpleApplication@2d185759
----------------- Done invoking toplevel() on ptolemy.moml.MoMLSimpleApplication@2d185759
reloadAllAccessors: .DiscreteClock21

===========================================================================================
----------------- testing Mon Mar 09 14:42:38 UTC 2020 /home/travis/build/icyphy/ptII/ptolemy/actor/lib/test/auto/DiscreteClock22.xml
----------------- Instantiating /home/travis/build/icyphy/ptII/ptolemy/actor/lib/test/auto/DiscreteClock22.xml
5 ms. Memory: 546816K Free: 482542K (88%)
----------------- Invoking toplevel() on ptolemy.moml.MoMLSimpleApplication@7515bc66
----------------- Done invoking toplevel() on ptolemy.moml.MoMLSimpleApplication@7515bc66
reloadAllAccessors: .DiscreteClock22

===========================================================================================
----------------- testing Mon Mar 09 14:42:38 UTC 2020 /home/travis/build/icyphy/ptII/ptolemy/actor/lib/test/auto/DiscreteClock23.xml
----------------- Instantiating /home/travis/build/icyphy/ptII/ptolemy/actor/lib/test/auto/DiscreteClock23.xml
9 ms. Memory: 546816K Free: 476912K (87%)
----------------- Invoking toplevel() on ptolemy.moml.MoMLSimpleApplication@330aaf8a
----------------- Done invoking toplevel() on ptolemy.moml.MoMLSimpleApplication@330aaf8a
reloadAllAccessors: .DiscreteClock23

===========================================================================================
----------------- testing Mon Mar 09 14:42:38 UTC 2020 /home/travis/build/icyphy/ptII/ptolemy/actor/lib/test/auto/DiscreteClock24.xml
----------------- Instantiating /home/travis/build/icyphy/ptII/ptolemy/actor/lib/test/auto/DiscreteClock24.xml
4 ms. Memory: 546816K Free: 471278K (86%)
----------------- Invoking toplevel() on ptolemy.moml.MoMLSimpleApplication@2667806e
----------------- Done invoking toplevel() on ptolemy.moml.MoMLSimpleApplication@2667806e
reloadAllAccessors: .DiscreteClock24

===========================================================================================
----------------- testing Mon Mar 09 14:42:38 UTC 2020 /home/travis/build/icyphy/ptII/ptolemy/actor/lib/test/auto/DiscreteClock4.xml
----------------- Instantiating /home/travis/build/icyphy/ptII/ptolemy/actor/lib/test/auto/DiscreteClock4.xml
6 ms. Memory: 546816K Free: 466144K (85%)
----------------- Invoking toplevel() on ptolemy.moml.MoMLSimpleApplication@569461d7
----------------- Done invoking toplevel() on ptolemy.moml.MoMLSimpleApplication@569461d7
reloadAllAccessors: .DiscreteClock4

===========================================================================================
----------------- testing Mon Mar 09 14:42:38 UTC 2020 /home/travis/build/icyphy/ptII/ptolemy/actor/lib/test/auto/DiscreteClock5.xml
----------------- Instantiating /home/travis/build/icyphy/ptII/ptolemy/actor/lib/test/auto/DiscreteClock5.xml
1 ms. Memory: 546816K Free: 460528K (84%)
----------------- Invoking toplevel() on ptolemy.moml.MoMLSimpleApplication@a95774b
----------------- Done invoking toplevel() on ptolemy.moml.MoMLSimpleApplication@a95774b
reloadAllAccessors: .DiscreteClock5

===========================================================================================
----------------- testing Mon Mar 09 14:42:38 UTC 2020 /home/travis/build/icyphy/ptII/ptolemy/actor/lib/test/auto/DiscreteClock6.xml
----------------- Instantiating /home/travis/build/icyphy/ptII/ptolemy/actor/lib/test/auto/DiscreteClock6.xml
2 ms. Memory: 546816K Free: 456432K (83%)
----------------- Invoking toplevel() on ptolemy.moml.MoMLSimpleApplication@335d41a9
----------------- Done invoking toplevel() on ptolemy.moml.MoMLSimpleApplication@335d41a9
reloadAllAccessors: .DiscreteClock6

===========================================================================================
----------------- testing Mon Mar 09 14:42:38 UTC 2020 /home/travis/build/icyphy/ptII/ptolemy/actor/lib/test/auto/DiscreteClock7.xml
----------------- Instantiating /home/travis/build/icyphy/ptII/ptolemy/actor/lib/test/auto/DiscreteClock7.xml
1 ms. Memory: 546816K Free: 451822K (83%)
----------------- Invoking toplevel() on ptolemy.moml.MoMLSimpleApplication@40e60222
----------------- Done invoking toplevel() on ptolemy.moml.MoMLSimpleApplication@40e60222
reloadAllAccessors: .DiscreteClock7

===========================================================================================
----------------- testing Mon Mar 09 14:42:38 UTC 2020 /home/travis/build/icyphy/ptII/ptolemy/actor/lib/test/auto/DiscreteClock8.xml
----------------- Instantiating /home/travis/build/icyphy/ptII/ptolemy/actor/lib/test/auto/DiscreteClock8.xml
4 ms. Memory: 546816K Free: 446672K (82%)
----------------- Invoking toplevel() on ptolemy.moml.MoMLSimpleApplication@6b5bd1d1
----------------- Done invoking toplevel() on ptolemy.moml.MoMLSimpleApplication@6b5bd1d1
reloadAllAccessors: .DiscreteClock8

===========================================================================================
----------------- testing Mon Mar 09 14:42:38 UTC 2020 /home/travis/build/icyphy/ptII/ptolemy/actor/lib/test/auto/DiscreteClock9.xml
----------------- Instantiating /home/travis/build/icyphy/ptII/ptolemy/actor/lib/test/auto/DiscreteClock9.xml
4 ms. Memory: 546816K Free: 440528K (81%)
----------------- Invoking toplevel() on ptolemy.moml.MoMLSimpleApplication@4f3e019b
----------------- Done invoking toplevel() on ptolemy.moml.MoMLSimpleApplication@4f3e019b
reloadAllAccessors: .DiscreteClock9

===========================================================================================
----------------- testing Mon Mar 09 14:42:38 UTC 2020 /home/travis/build/icyphy/ptII/ptolemy/actor/lib/test/auto/DisplayArray.xml
----------------- Instantiating /home/travis/build/icyphy/ptII/ptolemy/actor/lib/test/auto/DisplayArray.xml
2 ms. Memory: 546816K Free: 436976K (80%)
----------------- Invoking toplevel() on ptolemy.moml.MoMLSimpleApplication@983d529
----------------- Done invoking toplevel() on ptolemy.moml.MoMLSimpleApplication@983d529
reloadAllAccessors: .DisplayArray

===========================================================================================
----------------- testing Mon Mar 09 14:42:38 UTC 2020 /home/travis/build/icyphy/ptII/ptolemy/actor/lib/test/auto/Distributor.xml
----------------- Instantiating /home/travis/build/icyphy/ptII/ptolemy/actor/lib/test/auto/Distributor.xml
1 ms. Memory: 546816K Free: 431856K (79%)
----------------- Invoking toplevel() on ptolemy.moml.MoMLSimpleApplication@4c504a5e
----------------- Done invoking toplevel() on ptolemy.moml.MoMLSimpleApplication@4c504a5e
reloadAllAccessors: .Distributor

===========================================================================================
----------------- testing Mon Mar 09 14:42:38 UTC 2020 /home/travis/build/icyphy/ptII/ptolemy/actor/lib/test/auto/Distributor2.xml
----------------- Instantiating /home/travis/build/icyphy/ptII/ptolemy/actor/lib/test/auto/Distributor2.xml
1 ms. Memory: 546816K Free: 426736K (78%)
----------------- Invoking toplevel() on ptolemy.moml.MoMLSimpleApplication@29d110f1
----------------- Done invoking toplevel() on ptolemy.moml.MoMLSimpleApplication@29d110f1
reloadAllAccessors: .Distributor2

===========================================================================================
----------------- testing Mon Mar 09 14:42:38 UTC 2020 /home/travis/build/icyphy/ptII/ptolemy/actor/lib/test/auto/DownSample.xml
----------------- Instantiating /home/travis/build/icyphy/ptII/ptolemy/actor/lib/test/auto/DownSample.xml
1 ms. Memory: 546816K Free: 422126K (77%)
----------------- Invoking toplevel() on ptolemy.moml.MoMLSimpleApplication@797d9983
----------------- Done invoking toplevel() on ptolemy.moml.MoMLSimpleApplication@797d9983
reloadAllAccessors: .DownSample

===========================================================================================
----------------- testing Mon Mar 09 14:42:38 UTC 2020 /home/travis/build/icyphy/ptII/ptolemy/actor/lib/test/auto/ElectronicUnitBase1.xml
----------------- Instantiating /home/travis/build/icyphy/ptII/ptolemy/actor/lib/test/auto/ElectronicUnitBase1.xml
14 ms. Memory: 546816K Free: 406256K (74%)
----------------- Invoking toplevel() on ptolemy.moml.MoMLSimpleApplication@7d984515
----------------- Done invoking toplevel() on ptolemy.moml.MoMLSimpleApplication@7d984515
reloadAllAccessors: .ElectronicUnitBase1

===========================================================================================
----------------- testing Mon Mar 09 14:42:38 UTC 2020 /home/travis/build/icyphy/ptII/ptolemy/actor/lib/test/auto/ElementsToArray.xml
----------------- Instantiating /home/travis/build/icyphy/ptII/ptolemy/actor/lib/test/auto/ElementsToArray.xml
1 ms. Memory: 546816K Free: 401136K (73%)
----------------- Invoking toplevel() on ptolemy.moml.MoMLSimpleApplication@5e1491e4
----------------- Done invoking toplevel() on ptolemy.moml.MoMLSimpleApplication@5e1491e4
reloadAllAccessors: .ElementsToArray

===========================================================================================
----------------- testing Mon Mar 09 14:42:38 UTC 2020 /home/travis/build/icyphy/ptII/ptolemy/actor/lib/test/auto/Equals.xml
----------------- Instantiating /home/travis/build/icyphy/ptII/ptolemy/actor/lib/test/auto/Equals.xml
2 ms. Memory: 546816K Free: 396526K (73%)
----------------- Invoking toplevel() on ptolemy.moml.MoMLSimpleApplication@24eaecd4
----------------- Done invoking toplevel() on ptolemy.moml.MoMLSimpleApplication@24eaecd4
reloadAllAccessors: .Equals

===========================================================================================
----------------- testing Mon Mar 09 14:42:38 UTC 2020 /home/travis/build/icyphy/ptII/ptolemy/actor/lib/test/auto/Exec.xml
----------------- Instantiating /home/travis/build/icyphy/ptII/ptolemy/actor/lib/test/auto/Exec.xml
17 ms. Memory: 546816K Free: 390880K (71%)
----------------- Invoking toplevel() on ptolemy.moml.MoMLSimpleApplication@4363cdc4
----------------- Done invoking toplevel() on ptolemy.moml.MoMLSimpleApplication@4363cdc4
reloadAllAccessors: .Exec

===========================================================================================
----------------- testing Mon Mar 09 14:42:38 UTC 2020 /home/travis/build/icyphy/ptII/ptolemy/actor/lib/test/auto/ExecEnvironment.xml
----------------- Instantiating /home/travis/build/icyphy/ptII/ptolemy/actor/lib/test/auto/ExecEnvironment.xml
22 ms. Memory: 546816K Free: 385776K (71%)
----------------- Invoking toplevel() on ptolemy.moml.MoMLSimpleApplication@14e56354
----------------- Done invoking toplevel() on ptolemy.moml.MoMLSimpleApplication@14e56354
reloadAllAccessors: .ExecEnvironment

===========================================================================================
----------------- testing Mon Mar 09 14:42:38 UTC 2020 /home/travis/build/icyphy/ptII/ptolemy/actor/lib/test/auto/ExecNonZeroReturnOutput.xml
----------------- Instantiating /home/travis/build/icyphy/ptII/ptolemy/actor/lib/test/auto/ExecNonZeroReturnOutput.xml
155 ms. Memory: 546816K Free: 374512K (68%)
----------------- Invoking toplevel() on ptolemy.moml.MoMLSimpleApplication@5c26cb5d
----------------- Done invoking toplevel() on ptolemy.moml.MoMLSimpleApplication@5c26cb5d
reloadAllAccessors: .ExecNonZeroReturnOutput

===========================================================================================
----------------- testing Mon Mar 09 14:42:38 UTC 2020 /home/travis/build/icyphy/ptII/ptolemy/actor/lib/test/auto/ExecRunDemos.xml
----------------- Instantiating /home/travis/build/icyphy/ptII/ptolemy/actor/lib/test/auto/ExecRunDemos.xml
Finished: 106 ms. Memory: 129024K Free: 112286K (87%)

Finished: 63 ms. Memory: 129024K Free: 109503K (85%)

Finished: 67 ms. Memory: 129024K Free: 109564K (85%)

Finished: 103 ms. Memory: 129024K Free: 111035K (86%)

Finished: 90 ms. Memory: 129024K Free: 111971K (87%)

10592 ms. Memory: 546816K Free: 353006K (65%)
----------------- Invoking toplevel() on ptolemy.moml.MoMLSimpleApplication@62b1c4c0
----------------- Done invoking toplevel() on ptolemy.moml.MoMLSimpleApplication@62b1c4c0
reloadAllAccessors: .ExecRunDemos

===========================================================================================
----------------- testing Mon Mar 09 14:42:49 UTC 2020 /home/travis/build/icyphy/ptII/ptolemy/actor/lib/test/auto/ExecStop.xml
----------------- Instantiating /home/travis/build/icyphy/ptII/ptolemy/actor/lib/test/auto/ExecStop.xml
5015 ms. Memory: 546816K Free: 219888K (40%)
----------------- Invoking toplevel() on ptolemy.moml.MoMLSimpleApplication@37e52619
----------------- Done invoking toplevel() on ptolemy.moml.MoMLSimpleApplication@37e52619
reloadAllAccessors: .ExecStop

===========================================================================================
----------------- testing Mon Mar 09 14:42:54 UTC 2020 /home/travis/build/icyphy/ptII/ptolemy/actor/lib/test/auto/ExecutionTimeSDF.xml
----------------- Instantiating /home/travis/build/icyphy/ptII/ptolemy/actor/lib/test/auto/ExecutionTimeSDF.xml
Fired ExecutionTime: -448567296
Fired ExecutionTime: 1343600000
Fired ExecutionTime: -207367296
6004 ms. Memory: 546816K Free: 207600K (38%)
----------------- Invoking toplevel() on ptolemy.moml.MoMLSimpleApplication@3cbed3db
----------------- Done invoking toplevel() on ptolemy.moml.MoMLSimpleApplication@3cbed3db
reloadAllAccessors: .ExecutionTimeSDF

===========================================================================================
----------------- testing Mon Mar 09 14:43:00 UTC 2020 /home/travis/build/icyphy/ptII/ptolemy/actor/lib/test/auto/Expression1.xml
----------------- Instantiating /home/travis/build/icyphy/ptII/ptolemy/actor/lib/test/auto/Expression1.xml
1 ms. Memory: 546816K Free: 204014K (37%)
----------------- Invoking toplevel() on ptolemy.moml.MoMLSimpleApplication@745a4cc
----------------- Done invoking toplevel() on ptolemy.moml.MoMLSimpleApplication@745a4cc
reloadAllAccessors: .Expression1

===========================================================================================
----------------- testing Mon Mar 09 14:43:00 UTC 2020 /home/travis/build/icyphy/ptII/ptolemy/actor/lib/test/auto/Expression10.xml
----------------- Instantiating /home/travis/build/icyphy/ptII/ptolemy/actor/lib/test/auto/Expression10.xml
8 ms. Memory: 546816K Free: 198894K (36%)
----------------- Invoking toplevel() on ptolemy.moml.MoMLSimpleApplication@561878d7
----------------- Done invoking toplevel() on ptolemy.moml.MoMLSimpleApplication@561878d7
reloadAllAccessors: .Expression10

===========================================================================================
----------------- testing Mon Mar 09 14:43:00 UTC 2020 /home/travis/build/icyphy/ptII/ptolemy/actor/lib/test/auto/Expression11.xml
----------------- Instantiating /home/travis/build/icyphy/ptII/ptolemy/actor/lib/test/auto/Expression11.xml
2 ms. Memory: 546816K Free: 193774K (35%)
----------------- Invoking toplevel() on ptolemy.moml.MoMLSimpleApplication@512ceb53
----------------- Done invoking toplevel() on ptolemy.moml.MoMLSimpleApplication@512ceb53
reloadAllAccessors: .Expression11

===========================================================================================
----------------- testing Mon Mar 09 14:43:00 UTC 2020 /home/travis/build/icyphy/ptII/ptolemy/actor/lib/test/auto/Expression12.xml
----------------- Instantiating /home/travis/build/icyphy/ptII/ptolemy/actor/lib/test/auto/Expression12.xml
8 ms. Memory: 546816K Free: 188144K (34%)
----------------- Invoking toplevel() on ptolemy.moml.MoMLSimpleApplication@29c02d20
----------------- Done invoking toplevel() on ptolemy.moml.MoMLSimpleApplication@29c02d20
reloadAllAccessors: .Expression12

===========================================================================================
----------------- testing Mon Mar 09 14:43:00 UTC 2020 /home/travis/build/icyphy/ptII/ptolemy/actor/lib/test/auto/Expression13.xml
----------------- Instantiating /home/travis/build/icyphy/ptII/ptolemy/actor/lib/test/auto/Expression13.xml
3 ms. Memory: 546816K Free: 183024K (33%)
----------------- Invoking toplevel() on ptolemy.moml.MoMLSimpleApplication@e4f6ff9
----------------- Done invoking toplevel() on ptolemy.moml.MoMLSimpleApplication@e4f6ff9
reloadAllAccessors: .Expression13

===========================================================================================
----------------- testing Mon Mar 09 14:43:00 UTC 2020 /home/travis/build/icyphy/ptII/ptolemy/actor/lib/test/auto/Expression14.xml
----------------- Instantiating /home/travis/build/icyphy/ptII/ptolemy/actor/lib/test/auto/Expression14.xml
7 ms. Memory: 546816K Free: 176880K (32%)
----------------- Invoking toplevel() on ptolemy.moml.MoMLSimpleApplication@136f64c1
----------------- Done invoking toplevel() on ptolemy.moml.MoMLSimpleApplication@136f64c1
reloadAllAccessors: .Expression14

===========================================================================================
----------------- testing Mon Mar 09 14:43:00 UTC 2020 /home/travis/build/icyphy/ptII/ptolemy/actor/lib/test/auto/Expression15.xml
----------------- Instantiating /home/travis/build/icyphy/ptII/ptolemy/actor/lib/test/auto/Expression15.xml
1 ms. Memory: 546816K Free: 173808K (32%)
----------------- Invoking toplevel() on ptolemy.moml.MoMLSimpleApplication@3a503677
----------------- Done invoking toplevel() on ptolemy.moml.MoMLSimpleApplication@3a503677
reloadAllAccessors: .Expression15

===========================================================================================
----------------- testing Mon Mar 09 14:43:00 UTC 2020 /home/travis/build/icyphy/ptII/ptolemy/actor/lib/test/auto/Expression16.xml
----------------- Instantiating /home/travis/build/icyphy/ptII/ptolemy/actor/lib/test/auto/Expression16.xml
3 ms. Memory: 546816K Free: 490815K (90%)
----------------- Invoking toplevel() on ptolemy.moml.MoMLSimpleApplication@6b0412e4
----------------- Done invoking toplevel() on ptolemy.moml.MoMLSimpleApplication@6b0412e4
reloadAllAccessors: .Expression16

===========================================================================================
----------------- testing Mon Mar 09 14:43:00 UTC 2020 /home/travis/build/icyphy/ptII/ptolemy/actor/lib/test/auto/Expression17.xml
----------------- Instantiating /home/travis/build/icyphy/ptII/ptolemy/actor/lib/test/auto/Expression17.xml
3 ms. Memory: 546816K Free: 485695K (89%)
----------------- Invoking toplevel() on ptolemy.moml.MoMLSimpleApplication@c2f1dd6
----------------- Done invoking toplevel() on ptolemy.moml.MoMLSimpleApplication@c2f1dd6
reloadAllAccessors: .Expression17

===========================================================================================
----------------- testing Mon Mar 09 14:43:00 UTC 2020 /home/travis/build/icyphy/ptII/ptolemy/actor/lib/test/auto/Expression18.xml
----------------- Instantiating /home/travis/build/icyphy/ptII/ptolemy/actor/lib/test/auto/Expression18.xml
3 ms. Memory: 546816K Free: 480061K (88%)
----------------- Invoking toplevel() on ptolemy.moml.MoMLSimpleApplication@4c5fcffb
----------------- Done invoking toplevel() on ptolemy.moml.MoMLSimpleApplication@4c5fcffb
reloadAllAccessors: .Expression18

===========================================================================================
----------------- testing Mon Mar 09 14:43:00 UTC 2020 /home/travis/build/icyphy/ptII/ptolemy/actor/lib/test/auto/Expression2.xml
----------------- Instantiating /home/travis/build/icyphy/ptII/ptolemy/actor/lib/test/auto/Expression2.xml
4 ms. Memory: 546816K Free: 474941K (87%)
----------------- Invoking toplevel() on ptolemy.moml.MoMLSimpleApplication@e994567
----------------- Done invoking toplevel() on ptolemy.moml.MoMLSimpleApplication@e994567
reloadAllAccessors: .Expression2

===========================================================================================
----------------- testing Mon Mar 09 14:43:00 UTC 2020 /home/travis/build/icyphy/ptII/ptolemy/actor/lib/test/auto/Expression3.xml
----------------- Instantiating /home/travis/build/icyphy/ptII/ptolemy/actor/lib/test/auto/Expression3.xml
6 ms. Memory: 546816K Free: 470335K (86%)
----------------- Invoking toplevel() on ptolemy.moml.MoMLSimpleApplication@57a9f9fa
----------------- Done invoking toplevel() on ptolemy.moml.MoMLSimpleApplication@57a9f9fa
reloadAllAccessors: .Expression3

===========================================================================================
----------------- testing Mon Mar 09 14:43:00 UTC 2020 /home/travis/build/icyphy/ptII/ptolemy/actor/lib/test/auto/Expression4.xml
----------------- Instantiating /home/travis/build/icyphy/ptII/ptolemy/actor/lib/test/auto/Expression4.xml
5 ms. Memory: 546816K Free: 462639K (85%)
----------------- Invoking toplevel() on ptolemy.moml.MoMLSimpleApplication@2a2e0b83
----------------- Done invoking toplevel() on ptolemy.moml.MoMLSimpleApplication@2a2e0b83
reloadAllAccessors: .Expression4

===========================================================================================
----------------- testing Mon Mar 09 14:43:00 UTC 2020 /home/travis/build/icyphy/ptII/ptolemy/actor/lib/test/auto/Expression5.xml
----------------- Instantiating /home/travis/build/icyphy/ptII/ptolemy/actor/lib/test/auto/Expression5.xml
4 ms. Memory: 546816K Free: 457533K (84%)
----------------- Invoking toplevel() on ptolemy.moml.MoMLSimpleApplication@2437df6b
----------------- Done invoking toplevel() on ptolemy.moml.MoMLSimpleApplication@2437df6b
reloadAllAccessors: .Expression5

===========================================================================================
----------------- testing Mon Mar 09 14:43:00 UTC 2020 /home/travis/build/icyphy/ptII/ptolemy/actor/lib/test/auto/Expression6.xml
----------------- Instantiating /home/travis/build/icyphy/ptII/ptolemy/actor/lib/test/auto/Expression6.xml
2 ms. Memory: 546816K Free: 452927K (83%)
----------------- Invoking toplevel() on ptolemy.moml.MoMLSimpleApplication@5b5ab576
----------------- Done invoking toplevel() on ptolemy.moml.MoMLSimpleApplication@5b5ab576
reloadAllAccessors: .Expression6

===========================================================================================
----------------- testing Mon Mar 09 14:43:00 UTC 2020 /home/travis/build/icyphy/ptII/ptolemy/actor/lib/test/auto/Expression7.xml
----------------- Instantiating /home/travis/build/icyphy/ptII/ptolemy/actor/lib/test/auto/Expression7.xml
2 ms. Memory: 546816K Free: 447807K (82%)
----------------- Invoking toplevel() on ptolemy.moml.MoMLSimpleApplication@a89bb0
----------------- Done invoking toplevel() on ptolemy.moml.MoMLSimpleApplication@a89bb0
reloadAllAccessors: .Expression7

===========================================================================================
----------------- testing Mon Mar 09 14:43:00 UTC 2020 /home/travis/build/icyphy/ptII/ptolemy/actor/lib/test/auto/Expression8.xml
----------------- Instantiating /home/travis/build/icyphy/ptII/ptolemy/actor/lib/test/auto/Expression8.xml
8 ms. Memory: 546816K Free: 442687K (81%)
----------------- Invoking toplevel() on ptolemy.moml.MoMLSimpleApplication@6f087b5d
----------------- Done invoking toplevel() on ptolemy.moml.MoMLSimpleApplication@6f087b5d
reloadAllAccessors: .Expression8

===========================================================================================
----------------- testing Mon Mar 09 14:43:01 UTC 2020 /home/travis/build/icyphy/ptII/ptolemy/actor/lib/test/auto/Expression9.xml
----------------- Instantiating /home/travis/build/icyphy/ptII/ptolemy/actor/lib/test/auto/Expression9.xml
1 ms. Memory: 546816K Free: 439101K (80%)
----------------- Invoking toplevel() on ptolemy.moml.MoMLSimpleApplication@54789c0c
----------------- Done invoking toplevel() on ptolemy.moml.MoMLSimpleApplication@54789c0c
reloadAllAccessors: .Expression9

===========================================================================================
----------------- testing Mon Mar 09 14:43:01 UTC 2020 /home/travis/build/icyphy/ptII/ptolemy/actor/lib/test/auto/ExpressionConcatenateArrayType.xml
----------------- Instantiating /home/travis/build/icyphy/ptII/ptolemy/actor/lib/test/auto/ExpressionConcatenateArrayType.xml
4 ms. Memory: 546816K Free: 432447K (79%)
----------------- Invoking toplevel() on ptolemy.moml.MoMLSimpleApplication@63b6a78
----------------- Done invoking toplevel() on ptolemy.moml.MoMLSimpleApplication@63b6a78
reloadAllAccessors: .ExpressionConcatenateArrayType

===========================================================================================
----------------- testing Mon Mar 09 14:43:01 UTC 2020 /home/travis/build/icyphy/ptII/ptolemy/actor/lib/test/auto/ExpressionConcatenateArrayType2.xml
----------------- Instantiating /home/travis/build/icyphy/ptII/ptolemy/actor/lib/test/auto/ExpressionConcatenateArrayType2.xml
2 ms. Memory: 546816K Free: 426813K (78%)
----------------- Invoking toplevel() on ptolemy.moml.MoMLSimpleApplication@66055e2b
----------------- Done invoking toplevel() on ptolemy.moml.MoMLSimpleApplication@66055e2b
reloadAllAccessors: .ExpressionConcatenateArrayType2

===========================================================================================
----------------- testing Mon Mar 09 14:43:01 UTC 2020 /home/travis/build/icyphy/ptII/ptolemy/actor/lib/test/auto/ExpressionFix.xml
----------------- Instantiating /home/travis/build/icyphy/ptII/ptolemy/actor/lib/test/auto/ExpressionFix.xml
19 ms. Memory: 546816K Free: 420159K (77%)
----------------- Invoking toplevel() on ptolemy.moml.MoMLSimpleApplication@e0bac7f
----------------- Done invoking toplevel() on ptolemy.moml.MoMLSimpleApplication@e0bac7f
reloadAllAccessors: .ExpressionFix

===========================================================================================
----------------- testing Mon Mar 09 14:43:01 UTC 2020 /home/travis/build/icyphy/ptII/ptolemy/actor/lib/test/auto/ExpressionFix2.xml
----------------- Instantiating /home/travis/build/icyphy/ptII/ptolemy/actor/lib/test/auto/ExpressionFix2.xml
3 ms. Memory: 546816K Free: 416063K (76%)
----------------- Invoking toplevel() on ptolemy.moml.MoMLSimpleApplication@4adca49d
----------------- Done invoking toplevel() on ptolemy.moml.MoMLSimpleApplication@4adca49d
reloadAllAccessors: .ExpressionFix2

===========================================================================================
----------------- testing Mon Mar 09 14:43:01 UTC 2020 /home/travis/build/icyphy/ptII/ptolemy/actor/lib/test/auto/ExpressionFix3.xml
----------------- Instantiating /home/travis/build/icyphy/ptII/ptolemy/actor/lib/test/auto/ExpressionFix3.xml
2 ms. Memory: 546816K Free: 411453K (75%)
----------------- Invoking toplevel() on ptolemy.moml.MoMLSimpleApplication@23cfe4d0
----------------- Done invoking toplevel() on ptolemy.moml.MoMLSimpleApplication@23cfe4d0
reloadAllAccessors: .ExpressionFix3

===========================================================================================
----------------- testing Mon Mar 09 14:43:01 UTC 2020 /home/travis/build/icyphy/ptII/ptolemy/actor/lib/test/auto/FileWriter1.xml
----------------- Instantiating /home/travis/build/icyphy/ptII/ptolemy/actor/lib/test/auto/FileWriter1.xml
3 ms. Memory: 546816K Free: 407357K (74%)
----------------- Invoking toplevel() on ptolemy.moml.MoMLSimpleApplication@5d538611
----------------- Done invoking toplevel() on ptolemy.moml.MoMLSimpleApplication@5d538611
reloadAllAccessors: .FileWriter1

===========================================================================================
----------------- testing Mon Mar 09 14:43:01 UTC 2020 /home/travis/build/icyphy/ptII/ptolemy/actor/lib/test/auto/FileWriter2.xml
----------------- Instantiating /home/travis/build/icyphy/ptII/ptolemy/actor/lib/test/auto/FileWriter2.xml
3 ms. Memory: 546816K Free: 403261K (74%)
----------------- Invoking toplevel() on ptolemy.moml.MoMLSimpleApplication@570a05a9
----------------- Done invoking toplevel() on ptolemy.moml.MoMLSimpleApplication@570a05a9
reloadAllAccessors: .FileWriter2

===========================================================================================
----------------- testing Mon Mar 09 14:43:01 UTC 2020 /home/travis/build/icyphy/ptII/ptolemy/actor/lib/test/auto/FileWriter3.xml
----------------- Instantiating /home/travis/build/icyphy/ptII/ptolemy/actor/lib/test/auto/FileWriter3.xml
3 ms. Memory: 546816K Free: 399165K (73%)
----------------- Invoking toplevel() on ptolemy.moml.MoMLSimpleApplication@11d3daaa
----------------- Done invoking toplevel() on ptolemy.moml.MoMLSimpleApplication@11d3daaa
reloadAllAccessors: .FileWriter3

===========================================================================================
----------------- testing Mon Mar 09 14:43:01 UTC 2020 /home/travis/build/icyphy/ptII/ptolemy/actor/lib/test/auto/Gaussian.xml
----------------- Instantiating /home/travis/build/icyphy/ptII/ptolemy/actor/lib/test/auto/Gaussian.xml
4 ms. Memory: 546816K Free: 394559K (72%)
----------------- Invoking toplevel() on ptolemy.moml.MoMLSimpleApplication@234b0235
----------------- Done invoking toplevel() on ptolemy.moml.MoMLSimpleApplication@234b0235
reloadAllAccessors: .Gaussian

===========================================================================================
----------------- testing Mon Mar 09 14:43:01 UTC 2020 /home/travis/build/icyphy/ptII/ptolemy/actor/lib/test/auto/Gaussian1.xml
----------------- Instantiating /home/travis/build/icyphy/ptII/ptolemy/actor/lib/test/auto/Gaussian1.xml
9 ms. Memory: 546816K Free: 388911K (71%)
----------------- Invoking toplevel() on ptolemy.moml.MoMLSimpleApplication@3ac22fc5
----------------- Done invoking toplevel() on ptolemy.moml.MoMLSimpleApplication@3ac22fc5
reloadAllAccessors: .Gaussian1

===========================================================================================
----------------- testing Mon Mar 09 14:43:01 UTC 2020 /home/travis/build/icyphy/ptII/ptolemy/actor/lib/test/auto/Gaussian2.xml
----------------- Instantiating /home/travis/build/icyphy/ptII/ptolemy/actor/lib/test/auto/Gaussian2.xml
2 ms. Memory: 546816K Free: 383295K (70%)
----------------- Invoking toplevel() on ptolemy.moml.MoMLSimpleApplication@4ddc543a
----------------- Done invoking toplevel() on ptolemy.moml.MoMLSimpleApplication@4ddc543a
reloadAllAccessors: .Gaussian2

===========================================================================================
----------------- testing Mon Mar 09 14:43:01 UTC 2020 /home/travis/build/icyphy/ptII/ptolemy/actor/lib/test/auto/GradientAdaptiveLattice.xml
----------------- Instantiating /home/travis/build/icyphy/ptII/ptolemy/actor/lib/test/auto/GradientAdaptiveLattice.xml
2 ms. Memory: 546816K Free: 378175K (69%)
----------------- Invoking toplevel() on ptolemy.moml.MoMLSimpleApplication@fdafaa0
----------------- Done invoking toplevel() on ptolemy.moml.MoMLSimpleApplication@fdafaa0
reloadAllAccessors: .GradientAdaptiveLattice

===========================================================================================
----------------- testing Mon Mar 09 14:43:01 UTC 2020 /home/travis/build/icyphy/ptII/ptolemy/actor/lib/test/auto/IIR.xml
----------------- Instantiating /home/travis/build/icyphy/ptII/ptolemy/actor/lib/test/auto/IIR.xml
1 ms. Memory: 546816K Free: 373565K (68%)
----------------- Invoking toplevel() on ptolemy.moml.MoMLSimpleApplication@2b36483f
----------------- Done invoking toplevel() on ptolemy.moml.MoMLSimpleApplication@2b36483f
reloadAllAccessors: .IIR

===========================================================================================
----------------- testing Mon Mar 09 14:43:01 UTC 2020 /home/travis/build/icyphy/ptII/ptolemy/actor/lib/test/auto/InputOutputTransparentPorts.xml
----------------- Instantiating /home/travis/build/icyphy/ptII/ptolemy/actor/lib/test/auto/InputOutputTransparentPorts.xml
1 ms. Memory: 546816K Free: 366397K (67%)
----------------- Invoking toplevel() on ptolemy.moml.MoMLSimpleApplication@1f0be14d
----------------- Done invoking toplevel() on ptolemy.moml.MoMLSimpleApplication@1f0be14d
reloadAllAccessors: .InputOutputTransparentPorts

===========================================================================================
----------------- testing Mon Mar 09 14:43:01 UTC 2020 /home/travis/build/icyphy/ptII/ptolemy/actor/lib/test/auto/Interpolator.xml
----------------- Instantiating /home/travis/build/icyphy/ptII/ptolemy/actor/lib/test/auto/Interpolator.xml
4 ms. Memory: 546816K Free: 362301K (66%)
----------------- Invoking toplevel() on ptolemy.moml.MoMLSimpleApplication@72867b39
----------------- Done invoking toplevel() on ptolemy.moml.MoMLSimpleApplication@72867b39
reloadAllAccessors: .Interpolator

===========================================================================================
----------------- testing Mon Mar 09 14:43:01 UTC 2020 /home/travis/build/icyphy/ptII/ptolemy/actor/lib/test/auto/InterpolatorFiringLimitDE.xml
----------------- Instantiating /home/travis/build/icyphy/ptII/ptolemy/actor/lib/test/auto/InterpolatorFiringLimitDE.xml
2 ms. Memory: 546816K Free: 355647K (65%)
----------------- Invoking toplevel() on ptolemy.moml.MoMLSimpleApplication@2c89ee62
----------------- Done invoking toplevel() on ptolemy.moml.MoMLSimpleApplication@2c89ee62
reloadAllAccessors: .InterpolatorFiringLimitDE

===========================================================================================
----------------- testing Mon Mar 09 14:43:01 UTC 2020 /home/travis/build/icyphy/ptII/ptolemy/actor/lib/test/auto/Lattice.xml
----------------- Instantiating /home/travis/build/icyphy/ptII/ptolemy/actor/lib/test/auto/Lattice.xml
1 ms. Memory: 546816K Free: 351551K (64%)
----------------- Invoking toplevel() on ptolemy.moml.MoMLSimpleApplication@8c4f1be
----------------- Done invoking toplevel() on ptolemy.moml.MoMLSimpleApplication@8c4f1be
reloadAllAccessors: .Lattice

===========================================================================================
----------------- testing Mon Mar 09 14:43:01 UTC 2020 /home/travis/build/icyphy/ptII/ptolemy/actor/lib/test/auto/LazyAOCTestLazy.xml
----------------- Instantiating /home/travis/build/icyphy/ptII/ptolemy/actor/lib/test/auto/LazyAOCTestLazy.xml
15 ms. Memory: 546816K Free: 345407K (63%)
----------------- Invoking toplevel() on ptolemy.moml.MoMLSimpleApplication@6ff9b4a9
----------------- Done invoking toplevel() on ptolemy.moml.MoMLSimpleApplication@6ff9b4a9
reloadAllAccessors: .LazyAOCTestLazy

===========================================================================================
----------------- testing Mon Mar 09 14:43:01 UTC 2020 /home/travis/build/icyphy/ptII/ptolemy/actor/lib/test/auto/LazyAOCTestNonLazy.xml
----------------- Instantiating /home/travis/build/icyphy/ptII/ptolemy/actor/lib/test/auto/LazyAOCTestNonLazy.xml
2 ms. Memory: 546816K Free: 338749K (62%)
----------------- Invoking toplevel() on ptolemy.moml.MoMLSimpleApplication@538e621d
----------------- Done invoking toplevel() on ptolemy.moml.MoMLSimpleApplication@538e621d
reloadAllAccessors: .LazyAOCTestNonLazy

===========================================================================================
----------------- testing Mon Mar 09 14:43:01 UTC 2020 /home/travis/build/icyphy/ptII/ptolemy/actor/lib/test/auto/LazyInnerClass.xml
----------------- Instantiating /home/travis/build/icyphy/ptII/ptolemy/actor/lib/test/auto/LazyInnerClass.xml
11 ms. Memory: 546816K Free: 330047K (60%)
----------------- Invoking toplevel() on ptolemy.moml.MoMLSimpleApplication@37229d35
----------------- Done invoking toplevel() on ptolemy.moml.MoMLSimpleApplication@37229d35
reloadAllAccessors: .LazyInnerClass

===========================================================================================
----------------- testing Mon Mar 09 14:43:01 UTC 2020 /home/travis/build/icyphy/ptII/ptolemy/actor/lib/test/auto/LazyPubSub.xml
----------------- Instantiating /home/travis/build/icyphy/ptII/ptolemy/actor/lib/test/auto/LazyPubSub.xml
14 ms. Memory: 546816K Free: 319807K (58%)
----------------- Invoking toplevel() on ptolemy.moml.MoMLSimpleApplication@3a0391f8
----------------- Done invoking toplevel() on ptolemy.moml.MoMLSimpleApplication@3a0391f8
reloadAllAccessors: .LazyPubSub

===========================================================================================
----------------- testing Mon Mar 09 14:43:01 UTC 2020 /home/travis/build/icyphy/ptII/ptolemy/actor/lib/test/auto/LazyPubSub2.xml
----------------- Instantiating /home/travis/build/icyphy/ptII/ptolemy/actor/lib/test/auto/LazyPubSub2.xml
19 ms. Memory: 546816K Free: 310077K (57%)
----------------- Invoking toplevel() on ptolemy.moml.MoMLSimpleApplication@6b4295e5
----------------- Done invoking toplevel() on ptolemy.moml.MoMLSimpleApplication@6b4295e5
reloadAllAccessors: .LazyPubSub2

===========================================================================================
----------------- testing Mon Mar 09 14:43:01 UTC 2020 /home/travis/build/icyphy/ptII/ptolemy/actor/lib/test/auto/LazyPubSub3.xml
----------------- Instantiating /home/travis/build/icyphy/ptII/ptolemy/actor/lib/test/auto/LazyPubSub3.xml
17 ms. Memory: 546816K Free: 299837K (55%)
----------------- Invoking toplevel() on ptolemy.moml.MoMLSimpleApplication@74d4d656
----------------- Done invoking toplevel() on ptolemy.moml.MoMLSimpleApplication@74d4d656
reloadAllAccessors: .LazyPubSub3

===========================================================================================
----------------- testing Mon Mar 09 14:43:01 UTC 2020 /home/travis/build/icyphy/ptII/ptolemy/actor/lib/test/auto/LazySubClassModel.xml
----------------- Instantiating /home/travis/build/icyphy/ptII/ptolemy/actor/lib/test/auto/LazySubClassModel.xml
2 ms. Memory: 546816K Free: 290621K (53%)
----------------- Invoking toplevel() on ptolemy.moml.MoMLSimpleApplication@2842842d
----------------- Done invoking toplevel() on ptolemy.moml.MoMLSimpleApplication@2842842d
reloadAllAccessors: .LazySubClassModel

===========================================================================================
----------------- testing Mon Mar 09 14:43:01 UTC 2020 /home/travis/build/icyphy/ptII/ptolemy/actor/lib/test/auto/LevelCrossTest1.xml
----------------- Instantiating /home/travis/build/icyphy/ptII/ptolemy/actor/lib/test/auto/LevelCrossTest1.xml
2 ms. Memory: 546816K Free: 284991K (52%)
----------------- Invoking toplevel() on ptolemy.moml.MoMLSimpleApplication@2c01761d
----------------- Done invoking toplevel() on ptolemy.moml.MoMLSimpleApplication@2c01761d
reloadAllAccessors: .broken

===========================================================================================
----------------- testing Mon Mar 09 14:43:01 UTC 2020 /home/travis/build/icyphy/ptII/ptolemy/actor/lib/test/auto/LevelCrossTest10.xml
----------------- Instantiating /home/travis/build/icyphy/ptII/ptolemy/actor/lib/test/auto/LevelCrossTest10.xml
1 ms. Memory: 546816K Free: 277309K (51%)
----------------- Invoking toplevel() on ptolemy.moml.MoMLSimpleApplication@1185c87b
----------------- Done invoking toplevel() on ptolemy.moml.MoMLSimpleApplication@1185c87b
reloadAllAccessors: .LevelCrossTest10

===========================================================================================
----------------- testing Mon Mar 09 14:43:01 UTC 2020 /home/travis/build/icyphy/ptII/ptolemy/actor/lib/test/auto/LevelCrossTest11.xml
----------------- Instantiating /home/travis/build/icyphy/ptII/ptolemy/actor/lib/test/auto/LevelCrossTest11.xml
1 ms. Memory: 546816K Free: 270141K (49%)
----------------- Invoking toplevel() on ptolemy.moml.MoMLSimpleApplication@5b4c3f62
----------------- Done invoking toplevel() on ptolemy.moml.MoMLSimpleApplication@5b4c3f62
reloadAllAccessors: .LevelCrossTest11

===========================================================================================
----------------- testing Mon Mar 09 14:43:01 UTC 2020 /home/travis/build/icyphy/ptII/ptolemy/actor/lib/test/auto/LevelCrossTest12.xml
----------------- Instantiating /home/travis/build/icyphy/ptII/ptolemy/actor/lib/test/auto/LevelCrossTest12.xml
0 ms. Memory: 546816K Free: 263487K (48%)
----------------- Invoking toplevel() on ptolemy.moml.MoMLSimpleApplication@11e4662c
----------------- Done invoking toplevel() on ptolemy.moml.MoMLSimpleApplication@11e4662c
reloadAllAccessors: .LevelCrossTest12

===========================================================================================
----------------- testing Mon Mar 09 14:43:01 UTC 2020 /home/travis/build/icyphy/ptII/ptolemy/actor/lib/test/auto/LevelCrossTest13.xml
----------------- Instantiating /home/travis/build/icyphy/ptII/ptolemy/actor/lib/test/auto/LevelCrossTest13.xml
1 ms. Memory: 546816K Free: 255295K (47%)
----------------- Invoking toplevel() on ptolemy.moml.MoMLSimpleApplication@7bea74d1
----------------- Done invoking toplevel() on ptolemy.moml.MoMLSimpleApplication@7bea74d1
reloadAllAccessors: .LevelCrossTest13

===========================================================================================
----------------- testing Mon Mar 09 14:43:01 UTC 2020 /home/travis/build/icyphy/ptII/ptolemy/actor/lib/test/auto/LevelCrossTest2.xml
----------------- Instantiating /home/travis/build/icyphy/ptII/ptolemy/actor/lib/test/auto/LevelCrossTest2.xml
1 ms. Memory: 546816K Free: 249661K (46%)
----------------- Invoking toplevel() on ptolemy.moml.MoMLSimpleApplication@7e1d8171
----------------- Done invoking toplevel() on ptolemy.moml.MoMLSimpleApplication@7e1d8171
reloadAllAccessors: .broken

===========================================================================================
----------------- testing Mon Mar 09 14:43:01 UTC 2020 /home/travis/build/icyphy/ptII/ptolemy/actor/lib/test/auto/LevelCrossTest3.xml
----------------- Instantiating /home/travis/build/icyphy/ptII/ptolemy/actor/lib/test/auto/LevelCrossTest3.xml
2 ms. Memory: 546816K Free: 243007K (44%)
----------------- Invoking toplevel() on ptolemy.moml.MoMLSimpleApplication@4ef5d0f2
----------------- Done invoking toplevel() on ptolemy.moml.MoMLSimpleApplication@4ef5d0f2
reloadAllAccessors: .LevelCrossTest3

===========================================================================================
----------------- testing Mon Mar 09 14:43:01 UTC 2020 /home/travis/build/icyphy/ptII/ptolemy/actor/lib/test/auto/LevelCrossTest4.xml
----------------- Instantiating /home/travis/build/icyphy/ptII/ptolemy/actor/lib/test/auto/LevelCrossTest4.xml
1 ms. Memory: 546816K Free: 237373K (43%)
----------------- Invoking toplevel() on ptolemy.moml.MoMLSimpleApplication@46df3fac
----------------- Done invoking toplevel() on ptolemy.moml.MoMLSimpleApplication@46df3fac
reloadAllAccessors: .broken

===========================================================================================
----------------- testing Mon Mar 09 14:43:01 UTC 2020 /home/travis/build/icyphy/ptII/ptolemy/actor/lib/test/auto/LevelCrossTest5.xml
----------------- Instantiating /home/travis/build/icyphy/ptII/ptolemy/actor/lib/test/auto/LevelCrossTest5.xml
1 ms. Memory: 546816K Free: 230719K (42%)
----------------- Invoking toplevel() on ptolemy.moml.MoMLSimpleApplication@20865c44
----------------- Done invoking toplevel() on ptolemy.moml.MoMLSimpleApplication@20865c44
reloadAllAccessors: .LevelCrossTest5

===========================================================================================
----------------- testing Mon Mar 09 14:43:01 UTC 2020 /home/travis/build/icyphy/ptII/ptolemy/actor/lib/test/auto/LevelCrossTest6.xml
----------------- Instantiating /home/travis/build/icyphy/ptII/ptolemy/actor/lib/test/auto/LevelCrossTest6.xml
4 ms. Memory: 546816K Free: 224061K (41%)
----------------- Invoking toplevel() on ptolemy.moml.MoMLSimpleApplication@592f839a
----------------- Done invoking toplevel() on ptolemy.moml.MoMLSimpleApplication@592f839a
reloadAllAccessors: .LevelCrossTest6

===========================================================================================
----------------- testing Mon Mar 09 14:43:01 UTC 2020 /home/travis/build/icyphy/ptII/ptolemy/actor/lib/test/auto/LevelCrossTest7.xml
----------------- Instantiating /home/travis/build/icyphy/ptII/ptolemy/actor/lib/test/auto/LevelCrossTest7.xml
1 ms. Memory: 546816K Free: 216383K (40%)
----------------- Invoking toplevel() on ptolemy.moml.MoMLSimpleApplication@2226d916
----------------- Done invoking toplevel() on ptolemy.moml.MoMLSimpleApplication@2226d916
reloadAllAccessors: .LevelCrossTest7

===========================================================================================
----------------- testing Mon Mar 09 14:43:01 UTC 2020 /home/travis/build/icyphy/ptII/ptolemy/actor/lib/test/auto/LevelCrossTest8.xml
----------------- Instantiating /home/travis/build/icyphy/ptII/ptolemy/actor/lib/test/auto/LevelCrossTest8.xml
1 ms. Memory: 546816K Free: 208701K (38%)
----------------- Invoking toplevel() on ptolemy.moml.MoMLSimpleApplication@540cb63a
----------------- Done invoking toplevel() on ptolemy.moml.MoMLSimpleApplication@540cb63a
reloadAllAccessors: .LevelCrossTest8

===========================================================================================
----------------- testing Mon Mar 09 14:43:01 UTC 2020 /home/travis/build/icyphy/ptII/ptolemy/actor/lib/test/auto/LevelCrossTest9.xml
----------------- Instantiating /home/travis/build/icyphy/ptII/ptolemy/actor/lib/test/auto/LevelCrossTest9.xml
1 ms. Memory: 546816K Free: 202047K (37%)
----------------- Invoking toplevel() on ptolemy.moml.MoMLSimpleApplication@45234dda
----------------- Done invoking toplevel() on ptolemy.moml.MoMLSimpleApplication@45234dda
reloadAllAccessors: .LevelCrossTest9

===========================================================================================
----------------- testing Mon Mar 09 14:43:01 UTC 2020 /home/travis/build/icyphy/ptII/ptolemy/actor/lib/test/auto/LevinsonDurbin.xml
----------------- Instantiating /home/travis/build/icyphy/ptII/ptolemy/actor/lib/test/auto/LevinsonDurbin.xml
9 ms. Memory: 546816K Free: 197951K (36%)
----------------- Invoking toplevel() on ptolemy.moml.MoMLSimpleApplication@25b58ddc
----------------- Done invoking toplevel() on ptolemy.moml.MoMLSimpleApplication@25b58ddc
reloadAllAccessors: .LevinsonDurbin

===========================================================================================
----------------- testing Mon Mar 09 14:43:01 UTC 2020 /home/travis/build/icyphy/ptII/ptolemy/actor/lib/test/auto/LevinsonDurbin2.xml
----------------- Instantiating /home/travis/build/icyphy/ptII/ptolemy/actor/lib/test/auto/LevinsonDurbin2.xml
1 ms. Memory: 546816K Free: 193855K (35%)
----------------- Invoking toplevel() on ptolemy.moml.MoMLSimpleApplication@2fac4cb
----------------- Done invoking toplevel() on ptolemy.moml.MoMLSimpleApplication@2fac4cb
reloadAllAccessors: .LevinsonDurbin2

===========================================================================================
----------------- testing Mon Mar 09 14:43:01 UTC 2020 /home/travis/build/icyphy/ptII/ptolemy/actor/lib/test/auto/LevinsonDurbin3.xml
----------------- Instantiating /home/travis/build/icyphy/ptII/ptolemy/actor/lib/test/auto/LevinsonDurbin3.xml
2 ms. Memory: 546816K Free: 189759K (35%)
----------------- Invoking toplevel() on ptolemy.moml.MoMLSimpleApplication@4683a861
----------------- Done invoking toplevel() on ptolemy.moml.MoMLSimpleApplication@4683a861
reloadAllAccessors: .LevinsonDurbin3

===========================================================================================
----------------- testing Mon Mar 09 14:43:01 UTC 2020 /home/travis/build/icyphy/ptII/ptolemy/actor/lib/test/auto/Limiter.xml
----------------- Instantiating /home/travis/build/icyphy/ptII/ptolemy/actor/lib/test/auto/Limiter.xml
9 ms. Memory: 546816K Free: 180543K (33%)
----------------- Invoking toplevel() on ptolemy.moml.MoMLSimpleApplication@694e19a9
----------------- Done invoking toplevel() on ptolemy.moml.MoMLSimpleApplication@694e19a9
reloadAllAccessors: .Limiter

===========================================================================================
----------------- testing Mon Mar 09 14:43:01 UTC 2020 /home/travis/build/icyphy/ptII/ptolemy/actor/lib/test/auto/LinearDifferenceEquationSystem.xml
----------------- Instantiating /home/travis/build/icyphy/ptII/ptolemy/actor/lib/test/auto/LinearDifferenceEquationSystem.xml
3 ms. Memory: 546816K Free: 173375K (32%)
----------------- Invoking toplevel() on ptolemy.moml.MoMLSimpleApplication@9999f62
----------------- Done invoking toplevel() on ptolemy.moml.MoMLSimpleApplication@9999f62
reloadAllAccessors: .LinearDifferenceEquationSystem

===========================================================================================
----------------- testing Mon Mar 09 14:43:02 UTC 2020 /home/travis/build/icyphy/ptII/ptolemy/actor/lib/test/auto/LookupTable.xml
----------------- Instantiating /home/travis/build/icyphy/ptII/ptolemy/actor/lib/test/auto/LookupTable.xml
1 ms. Memory: 546816K Free: 491075K (90%)
----------------- Invoking toplevel() on ptolemy.moml.MoMLSimpleApplication@5c4ac0ce
----------------- Done invoking toplevel() on ptolemy.moml.MoMLSimpleApplication@5c4ac0ce
reloadAllAccessors: .LookupTable

===========================================================================================
----------------- testing Mon Mar 09 14:43:02 UTC 2020 /home/travis/build/icyphy/ptII/ptolemy/actor/lib/test/auto/MathFunction.xml
----------------- Instantiating /home/travis/build/icyphy/ptII/ptolemy/actor/lib/test/auto/MathFunction.xml
2 ms. Memory: 546816K Free: 482883K (88%)
----------------- Invoking toplevel() on ptolemy.moml.MoMLSimpleApplication@217534c9
----------------- Done invoking toplevel() on ptolemy.moml.MoMLSimpleApplication@217534c9
reloadAllAccessors: .MathFunction

===========================================================================================
----------------- testing Mon Mar 09 14:43:02 UTC 2020 /home/travis/build/icyphy/ptII/ptolemy/actor/lib/test/auto/MathFunction2.xml
----------------- Instantiating /home/travis/build/icyphy/ptII/ptolemy/actor/lib/test/auto/MathFunction2.xml
9 ms. Memory: 546816K Free: 478787K (88%)
----------------- Invoking toplevel() on ptolemy.moml.MoMLSimpleApplication@7c3cf07c
----------------- Done invoking toplevel() on ptolemy.moml.MoMLSimpleApplication@7c3cf07c
reloadAllAccessors: .MathFunction2

===========================================================================================
----------------- testing Mon Mar 09 14:43:02 UTC 2020 /home/travis/build/icyphy/ptII/ptolemy/actor/lib/test/auto/MathFunction3.xml
----------------- Instantiating /home/travis/build/icyphy/ptII/ptolemy/actor/lib/test/auto/MathFunction3.xml
2 ms. Memory: 546816K Free: 471619K (86%)
----------------- Invoking toplevel() on ptolemy.moml.MoMLSimpleApplication@5b310e89
----------------- Done invoking toplevel() on ptolemy.moml.MoMLSimpleApplication@5b310e89
reloadAllAccessors: .MathFunction3

===========================================================================================
----------------- testing Mon Mar 09 14:43:02 UTC 2020 /home/travis/build/icyphy/ptII/ptolemy/actor/lib/test/auto/MatrixCropBoolean.xml
----------------- Instantiating /home/travis/build/icyphy/ptII/ptolemy/actor/lib/test/auto/MatrixCropBoolean.xml
1 ms. Memory: 546816K Free: 466469K (85%)
----------------- Invoking toplevel() on ptolemy.moml.MoMLSimpleApplication@6423eb45
----------------- Done invoking toplevel() on ptolemy.moml.MoMLSimpleApplication@6423eb45
reloadAllAccessors: .MatrixCropBoolean

===========================================================================================
----------------- testing Mon Mar 09 14:43:02 UTC 2020 /home/travis/build/icyphy/ptII/ptolemy/actor/lib/test/auto/MatrixCropComplex.xml
----------------- Instantiating /home/travis/build/icyphy/ptII/ptolemy/actor/lib/test/auto/MatrixCropComplex.xml
2 ms. Memory: 546816K Free: 461373K (84%)
----------------- Invoking toplevel() on ptolemy.moml.MoMLSimpleApplication@2e1db2a3
----------------- Done invoking toplevel() on ptolemy.moml.MoMLSimpleApplication@2e1db2a3
reloadAllAccessors: .MatrixCropComplex

===========================================================================================
----------------- testing Mon Mar 09 14:43:02 UTC 2020 /home/travis/build/icyphy/ptII/ptolemy/actor/lib/test/auto/MatrixCropDouble.xml
----------------- Instantiating /home/travis/build/icyphy/ptII/ptolemy/actor/lib/test/auto/MatrixCropDouble.xml
2 ms. Memory: 546816K Free: 456773K (84%)
----------------- Invoking toplevel() on ptolemy.moml.MoMLSimpleApplication@2637a57
----------------- Done invoking toplevel() on ptolemy.moml.MoMLSimpleApplication@2637a57
reloadAllAccessors: .MatrixCropDouble

===========================================================================================
----------------- testing Mon Mar 09 14:43:02 UTC 2020 /home/travis/build/icyphy/ptII/ptolemy/actor/lib/test/auto/MatrixCropFix.xml
----------------- Instantiating /home/travis/build/icyphy/ptII/ptolemy/actor/lib/test/auto/MatrixCropFix.xml
2 ms. Memory: 546816K Free: 451653K (83%)
----------------- Invoking toplevel() on ptolemy.moml.MoMLSimpleApplication@445d8874
----------------- Done invoking toplevel() on ptolemy.moml.MoMLSimpleApplication@445d8874
reloadAllAccessors: .MatrixCropFix

===========================================================================================
----------------- testing Mon Mar 09 14:43:02 UTC 2020 /home/travis/build/icyphy/ptII/ptolemy/actor/lib/test/auto/MatrixCropInt.xml
----------------- Instantiating /home/travis/build/icyphy/ptII/ptolemy/actor/lib/test/auto/MatrixCropInt.xml
1 ms. Memory: 546816K Free: 446533K (82%)
----------------- Invoking toplevel() on ptolemy.moml.MoMLSimpleApplication@7708d5bd
----------------- Done invoking toplevel() on ptolemy.moml.MoMLSimpleApplication@7708d5bd
reloadAllAccessors: .MatrixCropInt

===========================================================================================
----------------- testing Mon Mar 09 14:43:02 UTC 2020 /home/travis/build/icyphy/ptII/ptolemy/actor/lib/test/auto/MatrixCropLong.xml
----------------- Instantiating /home/travis/build/icyphy/ptII/ptolemy/actor/lib/test/auto/MatrixCropLong.xml
1 ms. Memory: 546816K Free: 441917K (81%)
----------------- Invoking toplevel() on ptolemy.moml.MoMLSimpleApplication@56b55c68
----------------- Done invoking toplevel() on ptolemy.moml.MoMLSimpleApplication@56b55c68
reloadAllAccessors: .MatrixCropLong

===========================================================================================
----------------- testing Mon Mar 09 14:43:02 UTC 2020 /home/travis/build/icyphy/ptII/ptolemy/actor/lib/test/auto/MatrixToArray.xml
----------------- Instantiating /home/travis/build/icyphy/ptII/ptolemy/actor/lib/test/auto/MatrixToArray.xml
6 ms. Memory: 546816K Free: 426563K (78%)
----------------- Invoking toplevel() on ptolemy.moml.MoMLSimpleApplication@6b48a01e
----------------- Done invoking toplevel() on ptolemy.moml.MoMLSimpleApplication@6b48a01e
reloadAllAccessors: .MatrixToArray

===========================================================================================
----------------- testing Mon Mar 09 14:43:02 UTC 2020 /home/travis/build/icyphy/ptII/ptolemy/actor/lib/test/auto/MaxIndex.xml
----------------- Instantiating /home/travis/build/icyphy/ptII/ptolemy/actor/lib/test/auto/MaxIndex.xml
2 ms. Memory: 546816K Free: 421443K (77%)
----------------- Invoking toplevel() on ptolemy.moml.MoMLSimpleApplication@17df4283
----------------- Done invoking toplevel() on ptolemy.moml.MoMLSimpleApplication@17df4283
reloadAllAccessors: .MaxIndex

===========================================================================================
----------------- testing Mon Mar 09 14:43:02 UTC 2020 /home/travis/build/icyphy/ptII/ptolemy/actor/lib/test/auto/Maximum.xml
----------------- Instantiating /home/travis/build/icyphy/ptII/ptolemy/actor/lib/test/auto/Maximum.xml
3 ms. Memory: 546816K Free: 414789K (76%)
----------------- Invoking toplevel() on ptolemy.moml.MoMLSimpleApplication@2a0d0a4e
----------------- Done invoking toplevel() on ptolemy.moml.MoMLSimpleApplication@2a0d0a4e
reloadAllAccessors: .Maximum

===========================================================================================
----------------- testing Mon Mar 09 14:43:02 UTC 2020 /home/travis/build/icyphy/ptII/ptolemy/actor/lib/test/auto/MaximumComplex.xml
----------------- Instantiating /home/travis/build/icyphy/ptII/ptolemy/actor/lib/test/auto/MaximumComplex.xml
5 ms. Memory: 546816K Free: 408645K (75%)
----------------- Invoking toplevel() on ptolemy.moml.MoMLSimpleApplication@d7d7afe
----------------- Done invoking toplevel() on ptolemy.moml.MoMLSimpleApplication@d7d7afe
reloadAllAccessors: .MaximumComplex

===========================================================================================
----------------- testing Mon Mar 09 14:43:02 UTC 2020 /home/travis/build/icyphy/ptII/ptolemy/actor/lib/test/auto/MethodCallTest.xml
----------------- Instantiating /home/travis/build/icyphy/ptII/ptolemy/actor/lib/test/auto/MethodCallTest.xml
2 ms. Memory: 546816K Free: 401987K (74%)
----------------- Invoking toplevel() on ptolemy.moml.MoMLSimpleApplication@c3b947e
----------------- Done invoking toplevel() on ptolemy.moml.MoMLSimpleApplication@c3b947e
reloadAllAccessors: .MethodCallTest

===========================================================================================
----------------- testing Mon Mar 09 14:43:02 UTC 2020 /home/travis/build/icyphy/ptII/ptolemy/actor/lib/test/auto/Minimum.xml
----------------- Instantiating /home/travis/build/icyphy/ptII/ptolemy/actor/lib/test/auto/Minimum.xml
2 ms. Memory: 546816K Free: 395333K (72%)
----------------- Invoking toplevel() on ptolemy.moml.MoMLSimpleApplication@59c43f1b
----------------- Done invoking toplevel() on ptolemy.moml.MoMLSimpleApplication@59c43f1b
reloadAllAccessors: .Minimum

===========================================================================================
----------------- testing Mon Mar 09 14:43:02 UTC 2020 /home/travis/build/icyphy/ptII/ptolemy/actor/lib/test/auto/MinimumComplex.xml
----------------- Instantiating /home/travis/build/icyphy/ptII/ptolemy/actor/lib/test/auto/MinimumComplex.xml
3 ms. Memory: 546816K Free: 389189K (71%)
----------------- Invoking toplevel() on ptolemy.moml.MoMLSimpleApplication@5b571184
----------------- Done invoking toplevel() on ptolemy.moml.MoMLSimpleApplication@5b571184
reloadAllAccessors: .MinimumComplex

===========================================================================================
----------------- testing Mon Mar 09 14:43:02 UTC 2020 /home/travis/build/icyphy/ptII/ptolemy/actor/lib/test/auto/MinimumMultiports.xml
----------------- Instantiating /home/travis/build/icyphy/ptII/ptolemy/actor/lib/test/auto/MinimumMultiports.xml
4 ms. Memory: 546816K Free: 380469K (70%)
----------------- Invoking toplevel() on ptolemy.moml.MoMLSimpleApplication@40699998
----------------- Done invoking toplevel() on ptolemy.moml.MoMLSimpleApplication@40699998
reloadAllAccessors: .MinimumMultiports

===========================================================================================
----------------- testing Mon Mar 09 14:43:02 UTC 2020 /home/travis/build/icyphy/ptII/ptolemy/actor/lib/test/auto/ModifyDate.xml
----------------- Instantiating /home/travis/build/icyphy/ptII/ptolemy/actor/lib/test/auto/ModifyDate.xml
9 ms. Memory: 546816K Free: 367171K (67%)
----------------- Invoking toplevel() on ptolemy.moml.MoMLSimpleApplication@7864b194
----------------- Done invoking toplevel() on ptolemy.moml.MoMLSimpleApplication@7864b194
reloadAllAccessors: .ModifyDate

===========================================================================================
----------------- testing Mon Mar 09 14:43:02 UTC 2020 /home/travis/build/icyphy/ptII/ptolemy/actor/lib/test/auto/ModifyDate2.xml
----------------- Instantiating /home/travis/build/icyphy/ptII/ptolemy/actor/lib/test/auto/ModifyDate2.xml
3 ms. Memory: 546816K Free: 358469K (66%)
----------------- Invoking toplevel() on ptolemy.moml.MoMLSimpleApplication@190b2cb1
----------------- Done invoking toplevel() on ptolemy.moml.MoMLSimpleApplication@190b2cb1
reloadAllAccessors: .ModifyDate2

===========================================================================================
----------------- testing Mon Mar 09 14:43:02 UTC 2020 /home/travis/build/icyphy/ptII/ptolemy/actor/lib/test/auto/MovingAverage.xml
----------------- Instantiating /home/travis/build/icyphy/ptII/ptolemy/actor/lib/test/auto/MovingAverage.xml
1 ms. Memory: 546816K Free: 353349K (65%)
----------------- Invoking toplevel() on ptolemy.moml.MoMLSimpleApplication@5700e540
----------------- Done invoking toplevel() on ptolemy.moml.MoMLSimpleApplication@5700e540
reloadAllAccessors: .MovingAverage

===========================================================================================
----------------- testing Mon Mar 09 14:43:02 UTC 2020 /home/travis/build/icyphy/ptII/ptolemy/actor/lib/test/auto/MovingMaximum.xml
----------------- Instantiating /home/travis/build/icyphy/ptII/ptolemy/actor/lib/test/auto/MovingMaximum.xml
2 ms. Memory: 546816K Free: 348739K (64%)
----------------- Invoking toplevel() on ptolemy.moml.MoMLSimpleApplication@46dafe30
----------------- Done invoking toplevel() on ptolemy.moml.MoMLSimpleApplication@46dafe30
reloadAllAccessors: .MovingMaximum

===========================================================================================
----------------- testing Mon Mar 09 14:43:02 UTC 2020 /home/travis/build/icyphy/ptII/ptolemy/actor/lib/test/auto/MultipleLinksToSameRelation.xml
----------------- Instantiating /home/travis/build/icyphy/ptII/ptolemy/actor/lib/test/auto/MultipleLinksToSameRelation.xml
3 ms. Memory: 546816K Free: 344643K (63%)
----------------- Invoking toplevel() on ptolemy.moml.MoMLSimpleApplication@63ccd8c6
----------------- Done invoking toplevel() on ptolemy.moml.MoMLSimpleApplication@63ccd8c6
reloadAllAccessors: .MultipleLinksToSameRelation

===========================================================================================
----------------- testing Mon Mar 09 14:43:02 UTC 2020 /home/travis/build/icyphy/ptII/ptolemy/actor/lib/test/auto/MultipleLinksToSameRelationDE.xml
----------------- Instantiating /home/travis/build/icyphy/ptII/ptolemy/actor/lib/test/auto/MultipleLinksToSameRelationDE.xml
4 ms. Memory: 546816K Free: 340037K (62%)
----------------- Invoking toplevel() on ptolemy.moml.MoMLSimpleApplication@707081bb
----------------- Done invoking toplevel() on ptolemy.moml.MoMLSimpleApplication@707081bb
reloadAllAccessors: .MultipleLinksToSameRelationDE

===========================================================================================
----------------- testing Mon Mar 09 14:43:02 UTC 2020 /home/travis/build/icyphy/ptII/ptolemy/actor/lib/test/auto/Multiplexor.xml
----------------- Instantiating /home/travis/build/icyphy/ptII/ptolemy/actor/lib/test/auto/Multiplexor.xml
2 ms. Memory: 546816K Free: 334403K (61%)
----------------- Invoking toplevel() on ptolemy.moml.MoMLSimpleApplication@76bca19
----------------- Done invoking toplevel() on ptolemy.moml.MoMLSimpleApplication@76bca19
reloadAllAccessors: .Multiplexor

===========================================================================================
----------------- testing Mon Mar 09 14:43:02 UTC 2020 /home/travis/build/icyphy/ptII/ptolemy/actor/lib/test/auto/Multiplexor1.xml
----------------- Instantiating /home/travis/build/icyphy/ptII/ptolemy/actor/lib/test/auto/Multiplexor1.xml
2 ms. Memory: 546816K Free: 328773K (60%)
----------------- Invoking toplevel() on ptolemy.moml.MoMLSimpleApplication@7603dc1
----------------- Done invoking toplevel() on ptolemy.moml.MoMLSimpleApplication@7603dc1
reloadAllAccessors: .Multiplexor1

===========================================================================================
----------------- testing Mon Mar 09 14:43:02 UTC 2020 /home/travis/build/icyphy/ptII/ptolemy/actor/lib/test/auto/Multiplexor2.xml
----------------- Instantiating /home/travis/build/icyphy/ptII/ptolemy/actor/lib/test/auto/Multiplexor2.xml
6 ms. Memory: 546816K Free: 322112K (59%)
----------------- Invoking toplevel() on ptolemy.moml.MoMLSimpleApplication@29f3026
----------------- Done invoking toplevel() on ptolemy.moml.MoMLSimpleApplication@29f3026
reloadAllAccessors: .Multiplexor2

===========================================================================================
----------------- testing Mon Mar 09 14:43:02 UTC 2020 /home/travis/build/icyphy/ptII/ptolemy/actor/lib/test/auto/Multiplexor3.xml
----------------- Instantiating /home/travis/build/icyphy/ptII/ptolemy/actor/lib/test/auto/Multiplexor3.xml
1 ms. Memory: 546816K Free: 318019K (58%)
----------------- Invoking toplevel() on ptolemy.moml.MoMLSimpleApplication@454f975d
----------------- Done invoking toplevel() on ptolemy.moml.MoMLSimpleApplication@454f975d
reloadAllAccessors: .Multiplexor3

===========================================================================================
----------------- testing Mon Mar 09 14:43:02 UTC 2020 /home/travis/build/icyphy/ptII/ptolemy/actor/lib/test/auto/MultiplexorDE.xml
----------------- Instantiating /home/travis/build/icyphy/ptII/ptolemy/actor/lib/test/auto/MultiplexorDE.xml
2 ms. Memory: 546816K Free: 310341K (57%)
----------------- Invoking toplevel() on ptolemy.moml.MoMLSimpleApplication@7105f664
----------------- Done invoking toplevel() on ptolemy.moml.MoMLSimpleApplication@7105f664
reloadAllAccessors: .MultiplexorDE

===========================================================================================
----------------- testing Mon Mar 09 14:43:02 UTC 2020 /home/travis/build/icyphy/ptII/ptolemy/actor/lib/test/auto/MultiportBroadcastTest.xml
----------------- Instantiating /home/travis/build/icyphy/ptII/ptolemy/actor/lib/test/auto/MultiportBroadcastTest.xml
87 ms. Memory: 546816K Free: 303683K (56%)
----------------- Invoking toplevel() on ptolemy.moml.MoMLSimpleApplication@1b21b3de
----------------- Done invoking toplevel() on ptolemy.moml.MoMLSimpleApplication@1b21b3de
reloadAllAccessors: .MultiportBroadcastTest

===========================================================================================
----------------- testing Mon Mar 09 14:43:02 UTC 2020 /home/travis/build/icyphy/ptII/ptolemy/actor/lib/test/auto/MultiportOutHangDuringGetWidth.xml
----------------- Instantiating /home/travis/build/icyphy/ptII/ptolemy/actor/lib/test/auto/MultiportOutHangDuringGetWidth.xml
11 ms. Memory: 546816K Free: 291381K (53%)
----------------- Invoking toplevel() on ptolemy.moml.MoMLSimpleApplication@400ec5ff
----------------- Done invoking toplevel() on ptolemy.moml.MoMLSimpleApplication@400ec5ff
reloadAllAccessors: .MultiportOutHangDuringGetWidth

===========================================================================================
----------------- testing Mon Mar 09 14:43:02 UTC 2020 /home/travis/build/icyphy/ptII/ptolemy/actor/lib/test/auto/NilToken.xml
----------------- Instantiating /home/travis/build/icyphy/ptII/ptolemy/actor/lib/test/auto/NilToken.xml
1 ms. Memory: 546816K Free: 287299K (53%)
----------------- Invoking toplevel() on ptolemy.moml.MoMLSimpleApplication@4d8357d8
----------------- Done invoking toplevel() on ptolemy.moml.MoMLSimpleApplication@4d8357d8
reloadAllAccessors: .NilToken

===========================================================================================
----------------- testing Mon Mar 09 14:43:02 UTC 2020 /home/travis/build/icyphy/ptII/ptolemy/actor/lib/test/auto/NilTokenNonStrictTest.xml
----------------- Instantiating /home/travis/build/icyphy/ptII/ptolemy/actor/lib/test/auto/NilTokenNonStrictTest.xml
1 ms. Memory: 546816K Free: 282179K (52%)
----------------- Invoking toplevel() on ptolemy.moml.MoMLSimpleApplication@4fabdb21
----------------- Done invoking toplevel() on ptolemy.moml.MoMLSimpleApplication@4fabdb21
reloadAllAccessors: .NilTokenNonStrictTest

===========================================================================================
----------------- testing Mon Mar 09 14:43:02 UTC 2020 /home/travis/build/icyphy/ptII/ptolemy/actor/lib/test/auto/NilTokenRecord.xml
----------------- Instantiating /home/travis/build/icyphy/ptII/ptolemy/actor/lib/test/auto/NilTokenRecord.xml
6 ms. Memory: 546816K Free: 275011K (50%)
----------------- Invoking toplevel() on ptolemy.moml.MoMLSimpleApplication@297654c4
----------------- Done invoking toplevel() on ptolemy.moml.MoMLSimpleApplication@297654c4
reloadAllAccessors: .NilTokenRecord

===========================================================================================
----------------- testing Mon Mar 09 14:43:02 UTC 2020 /home/travis/build/icyphy/ptII/ptolemy/actor/lib/test/auto/NilTokenTypeTest.xml
----------------- Instantiating /home/travis/build/icyphy/ptII/ptolemy/actor/lib/test/auto/NilTokenTypeTest.xml
5 ms. Memory: 546816K Free: 265285K (49%)
----------------- Invoking toplevel() on ptolemy.moml.MoMLSimpleApplication@4faaa2b
----------------- Done invoking toplevel() on ptolemy.moml.MoMLSimpleApplication@4faaa2b
reloadAllAccessors: .NilTokenTypeTest

===========================================================================================
----------------- testing Mon Mar 09 14:43:02 UTC 2020 /home/travis/build/icyphy/ptII/ptolemy/actor/lib/test/auto/ObjectToken1.xml
----------------- Instantiating /home/travis/build/icyphy/ptII/ptolemy/actor/lib/test/auto/ObjectToken1.xml
3 ms. Memory: 546816K Free: 261189K (48%)
----------------- Invoking toplevel() on ptolemy.moml.MoMLSimpleApplication@3dd5f442
----------------- Done invoking toplevel() on ptolemy.moml.MoMLSimpleApplication@3dd5f442
reloadAllAccessors: .ObjectToken1

===========================================================================================
----------------- testing Mon Mar 09 14:43:02 UTC 2020 /home/travis/build/icyphy/ptII/ptolemy/actor/lib/test/auto/OrderedMerge.xml
----------------- Instantiating /home/travis/build/icyphy/ptII/ptolemy/actor/lib/test/auto/OrderedMerge.xml
15 ms. Memory: 546816K Free: 255555K (47%)
----------------- Invoking toplevel() on ptolemy.moml.MoMLSimpleApplication@55ef32a2
----------------- Done invoking toplevel() on ptolemy.moml.MoMLSimpleApplication@55ef32a2
reloadAllAccessors: .OrderedMerge

===========================================================================================
----------------- testing Mon Mar 09 14:43:02 UTC 2020 /home/travis/build/icyphy/ptII/ptolemy/actor/lib/test/auto/OrderedRecordDisassembler.xml
----------------- Instantiating /home/travis/build/icyphy/ptII/ptolemy/actor/lib/test/auto/OrderedRecordDisassembler.xml
3 ms. Memory: 546816K Free: 250405K (46%)
----------------- Invoking toplevel() on ptolemy.moml.MoMLSimpleApplication@39cff6be
----------------- Done invoking toplevel() on ptolemy.moml.MoMLSimpleApplication@39cff6be
reloadAllAccessors: .OrderedRecordDisassembler

===========================================================================================
----------------- testing Mon Mar 09 14:43:02 UTC 2020 /home/travis/build/icyphy/ptII/ptolemy/actor/lib/test/auto/OrderedRecordDisassembler2.xml
----------------- Instantiating /home/travis/build/icyphy/ptII/ptolemy/actor/lib/test/auto/OrderedRecordDisassembler2.xml
4 ms. Memory: 546816K Free: 242757K (44%)
----------------- Invoking toplevel() on ptolemy.moml.MoMLSimpleApplication@ffcd8f1
----------------- Done invoking toplevel() on ptolemy.moml.MoMLSimpleApplication@ffcd8f1
reloadAllAccessors: .OrderedRecordDisassembler2

===========================================================================================
----------------- testing Mon Mar 09 14:43:02 UTC 2020 /home/travis/build/icyphy/ptII/ptolemy/actor/lib/test/auto/OrderedRecordUpdater.xml
----------------- Instantiating /home/travis/build/icyphy/ptII/ptolemy/actor/lib/test/auto/OrderedRecordUpdater.xml
1 ms. Memory: 546816K Free: 238147K (44%)
----------------- Invoking toplevel() on ptolemy.moml.MoMLSimpleApplication@67d2fd12
----------------- Done invoking toplevel() on ptolemy.moml.MoMLSimpleApplication@67d2fd12
reloadAllAccessors: .RecordUpdater

===========================================================================================
----------------- testing Mon Mar 09 14:43:02 UTC 2020 /home/travis/build/icyphy/ptII/ptolemy/actor/lib/test/auto/OrderedRecordUpdater2.xml
----------------- Instantiating /home/travis/build/icyphy/ptII/ptolemy/actor/lib/test/auto/OrderedRecordUpdater2.xml
3 ms. Memory: 546816K Free: 233027K (43%)
----------------- Invoking toplevel() on ptolemy.moml.MoMLSimpleApplication@29e6e94
----------------- Done invoking toplevel() on ptolemy.moml.MoMLSimpleApplication@29e6e94
reloadAllAccessors: .RecordUpdater2

===========================================================================================
----------------- testing Mon Mar 09 14:43:02 UTC 2020 /home/travis/build/icyphy/ptII/ptolemy/actor/lib/test/auto/PhaseUnwrap.xml
----------------- Instantiating /home/travis/build/icyphy/ptII/ptolemy/actor/lib/test/auto/PhaseUnwrap.xml
1 ms. Memory: 546816K Free: 228421K (42%)
----------------- Invoking toplevel() on ptolemy.moml.MoMLSimpleApplication@535be912
----------------- Done invoking toplevel() on ptolemy.moml.MoMLSimpleApplication@535be912
reloadAllAccessors: .PhaseUnwrap

===========================================================================================
----------------- testing Mon Mar 09 14:43:02 UTC 2020 /home/travis/build/icyphy/ptII/ptolemy/actor/lib/test/auto/PoissonClock.xml
----------------- Instantiating /home/travis/build/icyphy/ptII/ptolemy/actor/lib/test/auto/PoissonClock.xml
1 ms. Memory: 546816K Free: 224325K (41%)
----------------- Invoking toplevel() on ptolemy.moml.MoMLSimpleApplication@52b6cd40
----------------- Done invoking toplevel() on ptolemy.moml.MoMLSimpleApplication@52b6cd40
reloadAllAccessors: .PoissonClock

===========================================================================================
----------------- testing Mon Mar 09 14:43:02 UTC 2020 /home/travis/build/icyphy/ptII/ptolemy/actor/lib/test/auto/PoissonClock2.xml
----------------- Instantiating /home/travis/build/icyphy/ptII/ptolemy/actor/lib/test/auto/PoissonClock2.xml
2 ms. Memory: 546816K Free: 219715K (40%)
----------------- Invoking toplevel() on ptolemy.moml.MoMLSimpleApplication@31cd5d91
----------------- Done invoking toplevel() on ptolemy.moml.MoMLSimpleApplication@31cd5d91
reloadAllAccessors: .PoissonClock2

===========================================================================================
----------------- testing Mon Mar 09 14:43:02 UTC 2020 /home/travis/build/icyphy/ptII/ptolemy/actor/lib/test/auto/PoissonClock3.xml
----------------- Instantiating /home/travis/build/icyphy/ptII/ptolemy/actor/lib/test/auto/PoissonClock3.xml
1 ms. Memory: 546816K Free: 215109K (39%)
----------------- Invoking toplevel() on ptolemy.moml.MoMLSimpleApplication@4a556583
----------------- Done invoking toplevel() on ptolemy.moml.MoMLSimpleApplication@4a556583
reloadAllAccessors: .PoissonClock3

===========================================================================================
----------------- testing Mon Mar 09 14:43:03 UTC 2020 /home/travis/build/icyphy/ptII/ptolemy/actor/lib/test/auto/PubSubWithInitialTokens.xml
----------------- Instantiating /home/travis/build/icyphy/ptII/ptolemy/actor/lib/test/auto/PubSubWithInitialTokens.xml
3 ms. Memory: 546816K Free: 209445K (38%)
----------------- Invoking toplevel() on ptolemy.moml.MoMLSimpleApplication@6b647534
----------------- Done invoking toplevel() on ptolemy.moml.MoMLSimpleApplication@6b647534
reloadAllAccessors: .PubSubWithInitialTokens

===========================================================================================
----------------- testing Mon Mar 09 14:43:03 UTC 2020 /home/travis/build/icyphy/ptII/ptolemy/actor/lib/test/auto/PubSubWithInitialTokens2.xml
----------------- Instantiating /home/travis/build/icyphy/ptII/ptolemy/actor/lib/test/auto/PubSubWithInitialTokens2.xml
2 ms. Memory: 546816K Free: 202821K (37%)
----------------- Invoking toplevel() on ptolemy.moml.MoMLSimpleApplication@3f6dbcff
----------------- Done invoking toplevel() on ptolemy.moml.MoMLSimpleApplication@3f6dbcff
reloadAllAccessors: .PubSubWithInitialTokens2

===========================================================================================
----------------- testing Mon Mar 09 14:43:03 UTC 2020 /home/travis/build/icyphy/ptII/ptolemy/actor/lib/test/auto/PublisherClassNoParameter.xml
----------------- Instantiating /home/travis/build/icyphy/ptII/ptolemy/actor/lib/test/auto/PublisherClassNoParameter.xml
1 ms. Memory: 546816K Free: 192581K (35%)
----------------- Invoking toplevel() on ptolemy.moml.MoMLSimpleApplication@936de3
----------------- Done invoking toplevel() on ptolemy.moml.MoMLSimpleApplication@936de3
reloadAllAccessors: .PublisherClassNoParameter

===========================================================================================
----------------- testing Mon Mar 09 14:43:03 UTC 2020 /home/travis/build/icyphy/ptII/ptolemy/actor/lib/test/auto/PublisherClassParameter.xml
----------------- Instantiating /home/travis/build/icyphy/ptII/ptolemy/actor/lib/test/auto/PublisherClassParameter.xml
2 ms. Memory: 546816K Free: 182341K (33%)
----------------- Invoking toplevel() on ptolemy.moml.MoMLSimpleApplication@5226b699
----------------- Done invoking toplevel() on ptolemy.moml.MoMLSimpleApplication@5226b699
reloadAllAccessors: .PublisherClassParameter

===========================================================================================
----------------- testing Mon Mar 09 14:43:03 UTC 2020 /home/travis/build/icyphy/ptII/ptolemy/actor/lib/test/auto/PublisherNonStrictTest.xml
----------------- Instantiating /home/travis/build/icyphy/ptII/ptolemy/actor/lib/test/auto/PublisherNonStrictTest.xml
3 ms. Memory: 546816K Free: 174149K (32%)
----------------- Invoking toplevel() on ptolemy.moml.MoMLSimpleApplication@7ee2211f
----------------- Done invoking toplevel() on ptolemy.moml.MoMLSimpleApplication@7ee2211f
reloadAllAccessors: .PublisherNonStrictTest

===========================================================================================
----------------- testing Mon Mar 09 14:43:03 UTC 2020 /home/travis/build/icyphy/ptII/ptolemy/actor/lib/test/auto/PublisherPort1.xml
----------------- Instantiating /home/travis/build/icyphy/ptII/ptolemy/actor/lib/test/auto/PublisherPort1.xml
2 ms. Memory: 546816K Free: 491061K (90%)
----------------- Invoking toplevel() on ptolemy.moml.MoMLSimpleApplication@3166c1f2
----------------- Done invoking toplevel() on ptolemy.moml.MoMLSimpleApplication@3166c1f2
reloadAllAccessors: .PublisherPort1

===========================================================================================
----------------- testing Mon Mar 09 14:43:03 UTC 2020 /home/travis/build/icyphy/ptII/ptolemy/actor/lib/test/auto/PublisherPort2.xml
----------------- Instantiating /home/travis/build/icyphy/ptII/ptolemy/actor/lib/test/auto/PublisherPort2.xml
11 ms. Memory: 546816K Free: 485955K (89%)
----------------- Invoking toplevel() on ptolemy.moml.MoMLSimpleApplication@3c52c4fc
----------------- Done invoking toplevel() on ptolemy.moml.MoMLSimpleApplication@3c52c4fc
reloadAllAccessors: .PublisherPort2

===========================================================================================
----------------- testing Mon Mar 09 14:43:03 UTC 2020 /home/travis/build/icyphy/ptII/ptolemy/actor/lib/test/auto/PublisherPort3.xml
----------------- Instantiating /home/travis/build/icyphy/ptII/ptolemy/actor/lib/test/auto/PublisherPort3.xml
2 ms. Memory: 546816K Free: 479301K (88%)
----------------- Invoking toplevel() on ptolemy.moml.MoMLSimpleApplication@1d177dfb
----------------- Done invoking toplevel() on ptolemy.moml.MoMLSimpleApplication@1d177dfb
reloadAllAccessors: .PublisherPort3

===========================================================================================
----------------- testing Mon Mar 09 14:43:03 UTC 2020 /home/travis/build/icyphy/ptII/ptolemy/actor/lib/test/auto/PublisherPort4.xml
----------------- Instantiating /home/travis/build/icyphy/ptII/ptolemy/actor/lib/test/auto/PublisherPort4.xml
2 ms. Memory: 546816K Free: 473661K (87%)
----------------- Invoking toplevel() on ptolemy.moml.MoMLSimpleApplication@14cb1e9a
----------------- Done invoking toplevel() on ptolemy.moml.MoMLSimpleApplication@14cb1e9a
reloadAllAccessors: .PublisherPort4

===========================================================================================
----------------- testing Mon Mar 09 14:43:03 UTC 2020 /home/travis/build/icyphy/ptII/ptolemy/actor/lib/test/auto/PublisherPort5.xml
----------------- Instantiating /home/travis/build/icyphy/ptII/ptolemy/actor/lib/test/auto/PublisherPort5.xml
5 ms. Memory: 546816K Free: 465989K (85%)
----------------- Invoking toplevel() on ptolemy.moml.MoMLSimpleApplication@4bf32352
----------------- Done invoking toplevel() on ptolemy.moml.MoMLSimpleApplication@4bf32352
reloadAllAccessors: .PublisherPort5

===========================================================================================
----------------- testing Mon Mar 09 14:43:03 UTC 2020 /home/travis/build/icyphy/ptII/ptolemy/actor/lib/test/auto/PublisherPort5LookAlike.xml
----------------- Instantiating /home/travis/build/icyphy/ptII/ptolemy/actor/lib/test/auto/PublisherPort5LookAlike.xml
7 ms. Memory: 546816K Free: 457797K (84%)
----------------- Invoking toplevel() on ptolemy.moml.MoMLSimpleApplication@4c640d73
----------------- Done invoking toplevel() on ptolemy.moml.MoMLSimpleApplication@4c640d73
reloadAllAccessors: .PublisherPort5LookAlike

===========================================================================================
----------------- testing Mon Mar 09 14:43:03 UTC 2020 /home/travis/build/icyphy/ptII/ptolemy/actor/lib/test/auto/PublisherPort6.xml
----------------- Instantiating /home/travis/build/icyphy/ptII/ptolemy/actor/lib/test/auto/PublisherPort6.xml
2 ms. Memory: 546816K Free: 451139K (83%)
----------------- Invoking toplevel() on ptolemy.moml.MoMLSimpleApplication@11ad6fa3
----------------- Done invoking toplevel() on ptolemy.moml.MoMLSimpleApplication@11ad6fa3
reloadAllAccessors: .PublisherPort6

===========================================================================================
----------------- testing Mon Mar 09 14:43:03 UTC 2020 /home/travis/build/icyphy/ptII/ptolemy/actor/lib/test/auto/PublisherPort7.xml
----------------- Instantiating /home/travis/build/icyphy/ptII/ptolemy/actor/lib/test/auto/PublisherPort7.xml
3 ms. Memory: 546816K Free: 443461K (81%)
----------------- Invoking toplevel() on ptolemy.moml.MoMLSimpleApplication@7b8095c5
----------------- Done invoking toplevel() on ptolemy.moml.MoMLSimpleApplication@7b8095c5
reloadAllAccessors: .PublisherPort7

===========================================================================================
----------------- testing Mon Mar 09 14:43:03 UTC 2020 /home/travis/build/icyphy/ptII/ptolemy/actor/lib/test/auto/PublisherPort8.xml
----------------- Instantiating /home/travis/build/icyphy/ptII/ptolemy/actor/lib/test/auto/PublisherPort8.xml
4 ms. Memory: 546816K Free: 434755K (80%)
----------------- Invoking toplevel() on ptolemy.moml.MoMLSimpleApplication@3f9316e8
----------------- Done invoking toplevel() on ptolemy.moml.MoMLSimpleApplication@3f9316e8
reloadAllAccessors: .PublisherPort8

===========================================================================================
----------------- testing Mon Mar 09 14:43:03 UTC 2020 /home/travis/build/icyphy/ptII/ptolemy/actor/lib/test/auto/PublisherPortSubscriberChannelVariablesAOC2.xml
----------------- Instantiating /home/travis/build/icyphy/ptII/ptolemy/actor/lib/test/auto/PublisherPortSubscriberChannelVariablesAOC2.xml
3 ms. Memory: 546816K Free: 417347K (76%)
----------------- Invoking toplevel() on ptolemy.moml.MoMLSimpleApplication@41b639f4
----------------- Done invoking toplevel() on ptolemy.moml.MoMLSimpleApplication@41b639f4
reloadAllAccessors: .PublisherPortSubscriberChannelVariablesAOC2

===========================================================================================
----------------- testing Mon Mar 09 14:43:03 UTC 2020 /home/travis/build/icyphy/ptII/ptolemy/actor/lib/test/auto/PublisherPortSubscriberOpaqueWidthInference.xml
----------------- Instantiating /home/travis/build/icyphy/ptII/ptolemy/actor/lib/test/auto/PublisherPortSubscriberOpaqueWidthInference.xml
3 ms. Memory: 546816K Free: 409141K (75%)
----------------- Invoking toplevel() on ptolemy.moml.MoMLSimpleApplication@72aee03c
----------------- Done invoking toplevel() on ptolemy.moml.MoMLSimpleApplication@72aee03c
reloadAllAccessors: .PublisherPortSubscriberOpaqueWidthInference

===========================================================================================
----------------- testing Mon Mar 09 14:43:03 UTC 2020 /home/travis/build/icyphy/ptII/ptolemy/actor/lib/test/auto/PublisherPortSubscriberPortAdjacent.xml
----------------- Instantiating /home/travis/build/icyphy/ptII/ptolemy/actor/lib/test/auto/PublisherPortSubscriberPortAdjacent.xml
1 ms. Memory: 546816K Free: 400963K (73%)
----------------- Invoking toplevel() on ptolemy.moml.MoMLSimpleApplication@58cffa5
----------------- Done invoking toplevel() on ptolemy.moml.MoMLSimpleApplication@58cffa5
reloadAllAccessors: .PublisherPortSubscriberPortAdjacent

===========================================================================================
----------------- testing Mon Mar 09 14:43:03 UTC 2020 /home/travis/build/icyphy/ptII/ptolemy/actor/lib/test/auto/PublisherPortSubscriberPortExpression.xml
----------------- Instantiating /home/travis/build/icyphy/ptII/ptolemy/actor/lib/test/auto/PublisherPortSubscriberPortExpression.xml
3 ms. Memory: 546816K Free: 393285K (72%)
----------------- Invoking toplevel() on ptolemy.moml.MoMLSimpleApplication@6c313f4c
----------------- Done invoking toplevel() on ptolemy.moml.MoMLSimpleApplication@6c313f4c
reloadAllAccessors: .PublisherPortSubscriberPortExpression

===========================================================================================
----------------- testing Mon Mar 09 14:43:03 UTC 2020 /home/travis/build/icyphy/ptII/ptolemy/actor/lib/test/auto/PublisherPortSubscriberPortOpaqueD3Reverse.xml
----------------- Instantiating /home/travis/build/icyphy/ptII/ptolemy/actor/lib/test/auto/PublisherPortSubscriberPortOpaqueD3Reverse.xml
6 ms. Memory: 546816K Free: 382531K (70%)
----------------- Invoking toplevel() on ptolemy.moml.MoMLSimpleApplication@244e68b8
----------------- Done invoking toplevel() on ptolemy.moml.MoMLSimpleApplication@244e68b8
reloadAllAccessors: .PublisherPortSubscriberPortOpaqueD3Reverse

===========================================================================================
----------------- testing Mon Mar 09 14:43:03 UTC 2020 /home/travis/build/icyphy/ptII/ptolemy/actor/lib/test/auto/PublisherPortSubscriberPortOpaqueWidthInference.xml
----------------- Instantiating /home/travis/build/icyphy/ptII/ptolemy/actor/lib/test/auto/PublisherPortSubscriberPortOpaqueWidthInference.xml
4 ms. Memory: 546816K Free: 374853K (69%)
----------------- Invoking toplevel() on ptolemy.moml.MoMLSimpleApplication@706a7ae3
----------------- Done invoking toplevel() on ptolemy.moml.MoMLSimpleApplication@706a7ae3
reloadAllAccessors: .PublisherPortSubscriberPortOpaqueWidthInference

===========================================================================================
----------------- testing Mon Mar 09 14:43:03 UTC 2020 /home/travis/build/icyphy/ptII/ptolemy/actor/lib/test/auto/PublisherPortToplevelSubscriberPortAOC.xml
----------------- Instantiating /home/travis/build/icyphy/ptII/ptolemy/actor/lib/test/auto/PublisherPortToplevelSubscriberPortAOC.xml
.PublisherPortToplevelSubscriberPortAOC.TestExceptionAttribute: initialize() was not invoked, but wrapup() was.  This is unusual, but not always a problem.  For example, exporting JNLP will do this.
1 ms. Memory: 546816K Free: 368709K (67%)
----------------- Invoking toplevel() on ptolemy.moml.MoMLSimpleApplication@22b42c50
----------------- Done invoking toplevel() on ptolemy.moml.MoMLSimpleApplication@22b42c50
reloadAllAccessors: .PublisherPortToplevelSubscriberPortAOC

===========================================================================================
----------------- testing Mon Mar 09 14:43:03 UTC 2020 /home/travis/build/icyphy/ptII/ptolemy/actor/lib/test/auto/PublisherSubscriber.xml
----------------- Instantiating /home/travis/build/icyphy/ptII/ptolemy/actor/lib/test/auto/PublisherSubscriber.xml
3 ms. Memory: 546816K Free: 360997K (66%)
----------------- Invoking toplevel() on ptolemy.moml.MoMLSimpleApplication@1fe1b3a3
----------------- Done invoking toplevel() on ptolemy.moml.MoMLSimpleApplication@1fe1b3a3
reloadAllAccessors: .PublisherSubscriber

===========================================================================================
----------------- testing Mon Mar 09 14:43:03 UTC 2020 /home/travis/build/icyphy/ptII/ptolemy/actor/lib/test/auto/PublisherSubscriber10.xml
----------------- Instantiating /home/travis/build/icyphy/ptII/ptolemy/actor/lib/test/auto/PublisherSubscriber10.xml
8 ms. Memory: 546816K Free: 351301K (64%)
----------------- Invoking toplevel() on ptolemy.moml.MoMLSimpleApplication@2a945689
----------------- Done invoking toplevel() on ptolemy.moml.MoMLSimpleApplication@2a945689
reloadAllAccessors: .PublisherSubscriber10

===========================================================================================
----------------- testing Mon Mar 09 14:43:03 UTC 2020 /home/travis/build/icyphy/ptII/ptolemy/actor/lib/test/auto/PublisherSubscriber10InitialOutputs.xml
----------------- Instantiating /home/travis/build/icyphy/ptII/ptolemy/actor/lib/test/auto/PublisherSubscriber10InitialOutputs.xml
11 ms. Memory: 546816K Free: 342085K (63%)
----------------- Invoking toplevel() on ptolemy.moml.MoMLSimpleApplication@72cfed93
----------------- Done invoking toplevel() on ptolemy.moml.MoMLSimpleApplication@72cfed93
reloadAllAccessors: .PublisherSubscriber10InitialOutputs

===========================================================================================
----------------- testing Mon Mar 09 14:43:03 UTC 2020 /home/travis/build/icyphy/ptII/ptolemy/actor/lib/test/auto/PublisherSubscriber11.xml
----------------- Instantiating /home/travis/build/icyphy/ptII/ptolemy/actor/lib/test/auto/PublisherSubscriber11.xml
3 ms. Memory: 546816K Free: 335941K (61%)
----------------- Invoking toplevel() on ptolemy.moml.MoMLSimpleApplication@354aff0e
----------------- Done invoking toplevel() on ptolemy.moml.MoMLSimpleApplication@354aff0e
reloadAllAccessors: .PublisherSubscriber11

===========================================================================================
----------------- testing Mon Mar 09 14:43:03 UTC 2020 /home/travis/build/icyphy/ptII/ptolemy/actor/lib/test/auto/PublisherSubscriber12.xml
----------------- Instantiating /home/travis/build/icyphy/ptII/ptolemy/actor/lib/test/auto/PublisherSubscriber12.xml
5 ms. Memory: 546816K Free: 328259K (60%)
----------------- Invoking toplevel() on ptolemy.moml.MoMLSimpleApplication@1c5c404e
----------------- Done invoking toplevel() on ptolemy.moml.MoMLSimpleApplication@1c5c404e
reloadAllAccessors: .PublisherSubscriber12

===========================================================================================
----------------- testing Mon Mar 09 14:43:03 UTC 2020 /home/travis/build/icyphy/ptII/ptolemy/actor/lib/test/auto/PublisherSubscriber13.xml
----------------- Instantiating /home/travis/build/icyphy/ptII/ptolemy/actor/lib/test/auto/PublisherSubscriber13.xml
2 ms. Memory: 546816K Free: 322629K (59%)
----------------- Invoking toplevel() on ptolemy.moml.MoMLSimpleApplication@32bef413
----------------- Done invoking toplevel() on ptolemy.moml.MoMLSimpleApplication@32bef413
reloadAllAccessors: .PublisherSubscriber13

===========================================================================================
----------------- testing Mon Mar 09 14:43:03 UTC 2020 /home/travis/build/icyphy/ptII/ptolemy/actor/lib/test/auto/PublisherSubscriber14.xml
----------------- Instantiating /home/travis/build/icyphy/ptII/ptolemy/actor/lib/test/auto/PublisherSubscriber14.xml
2 ms. Memory: 546816K Free: 313909K (57%)
----------------- Invoking toplevel() on ptolemy.moml.MoMLSimpleApplication@245caa5
----------------- Done invoking toplevel() on ptolemy.moml.MoMLSimpleApplication@245caa5
reloadAllAccessors: .PublisherSubscriber14

===========================================================================================
----------------- testing Mon Mar 09 14:43:03 UTC 2020 /home/travis/build/icyphy/ptII/ptolemy/actor/lib/test/auto/PublisherSubscriber2.xml
----------------- Instantiating /home/travis/build/icyphy/ptII/ptolemy/actor/lib/test/auto/PublisherSubscriber2.xml
3 ms. Memory: 546816K Free: 308293K (56%)
----------------- Invoking toplevel() on ptolemy.moml.MoMLSimpleApplication@4ae23886
----------------- Done invoking toplevel() on ptolemy.moml.MoMLSimpleApplication@4ae23886
reloadAllAccessors: .PublisherSubscriber2

===========================================================================================
----------------- testing Mon Mar 09 14:43:03 UTC 2020 /home/travis/build/icyphy/ptII/ptolemy/actor/lib/test/auto/PublisherSubscriber3.xml
----------------- Instantiating /home/travis/build/icyphy/ptII/ptolemy/actor/lib/test/auto/PublisherSubscriber3.xml
2 ms. Memory: 546816K Free: 302629K (55%)
----------------- Invoking toplevel() on ptolemy.moml.MoMLSimpleApplication@334e9623
----------------- Done invoking toplevel() on ptolemy.moml.MoMLSimpleApplication@334e9623
reloadAllAccessors: .PublisherSubscriber3

===========================================================================================
----------------- testing Mon Mar 09 14:43:03 UTC 2020 /home/travis/build/icyphy/ptII/ptolemy/actor/lib/test/auto/PublisherSubscriber4.xml
----------------- Instantiating /home/travis/build/icyphy/ptII/ptolemy/actor/lib/test/auto/PublisherSubscriber4.xml
2 ms. Memory: 546816K Free: 297029K (54%)
----------------- Invoking toplevel() on ptolemy.moml.MoMLSimpleApplication@136ff403
----------------- Done invoking toplevel() on ptolemy.moml.MoMLSimpleApplication@136ff403
reloadAllAccessors: .PublisherSubscriber4

===========================================================================================
----------------- testing Mon Mar 09 14:43:03 UTC 2020 /home/travis/build/icyphy/ptII/ptolemy/actor/lib/test/auto/PublisherSubscriber5.xml
----------------- Instantiating /home/travis/build/icyphy/ptII/ptolemy/actor/lib/test/auto/PublisherSubscriber5.xml
2 ms. Memory: 546816K Free: 290357K (53%)
----------------- Invoking toplevel() on ptolemy.moml.MoMLSimpleApplication@44d73724
----------------- Done invoking toplevel() on ptolemy.moml.MoMLSimpleApplication@44d73724
reloadAllAccessors: .PublisherSubscriber5

===========================================================================================
----------------- testing Mon Mar 09 14:43:03 UTC 2020 /home/travis/build/icyphy/ptII/ptolemy/actor/lib/test/auto/PublisherSubscriber6.xml
----------------- Instantiating /home/travis/build/icyphy/ptII/ptolemy/actor/lib/test/auto/PublisherSubscriber6.xml
4 ms. Memory: 546816K Free: 283717K (52%)
----------------- Invoking toplevel() on ptolemy.moml.MoMLSimpleApplication@14b6a191
----------------- Done invoking toplevel() on ptolemy.moml.MoMLSimpleApplication@14b6a191
reloadAllAccessors: .PublisherSubscriber6

===========================================================================================
----------------- testing Mon Mar 09 14:43:03 UTC 2020 /home/travis/build/icyphy/ptII/ptolemy/actor/lib/test/auto/PublisherSubscriber7.xml
----------------- Instantiating /home/travis/build/icyphy/ptII/ptolemy/actor/lib/test/auto/PublisherSubscriber7.xml
3 ms. Memory: 546816K Free: 277045K (51%)
----------------- Invoking toplevel() on ptolemy.moml.MoMLSimpleApplication@7b94c8a2
----------------- Done invoking toplevel() on ptolemy.moml.MoMLSimpleApplication@7b94c8a2
reloadAllAccessors: .PublisherSubscriber7

===========================================================================================
----------------- testing Mon Mar 09 14:43:03 UTC 2020 /home/travis/build/icyphy/ptII/ptolemy/actor/lib/test/auto/PublisherSubscriber8.xml
----------------- Instantiating /home/travis/build/icyphy/ptII/ptolemy/actor/lib/test/auto/PublisherSubscriber8.xml
13 ms. Memory: 546816K Free: 265285K (49%)
----------------- Invoking toplevel() on ptolemy.moml.MoMLSimpleApplication@1761c9a1
----------------- Done invoking toplevel() on ptolemy.moml.MoMLSimpleApplication@1761c9a1
reloadAllAccessors: .PublisherSubscriber8

===========================================================================================
----------------- testing Mon Mar 09 14:43:03 UTC 2020 /home/travis/build/icyphy/ptII/ptolemy/actor/lib/test/auto/PublisherSubscriber9.xml
----------------- Instantiating /home/travis/build/icyphy/ptII/ptolemy/actor/lib/test/auto/PublisherSubscriber9.xml
3 ms. Memory: 546816K Free: 258117K (47%)
----------------- Invoking toplevel() on ptolemy.moml.MoMLSimpleApplication@278b7bb5
----------------- Done invoking toplevel() on ptolemy.moml.MoMLSimpleApplication@278b7bb5
reloadAllAccessors: .PublisherSubscriber9

===========================================================================================
----------------- testing Mon Mar 09 14:43:03 UTC 2020 /home/travis/build/icyphy/ptII/ptolemy/actor/lib/test/auto/PublisherSubscriberAdjacent.xml
----------------- Instantiating /home/travis/build/icyphy/ptII/ptolemy/actor/lib/test/auto/PublisherSubscriberAdjacent.xml
2 ms. Memory: 546816K Free: 249411K (46%)
----------------- Invoking toplevel() on ptolemy.moml.MoMLSimpleApplication@7e880d44
----------------- Done invoking toplevel() on ptolemy.moml.MoMLSimpleApplication@7e880d44
reloadAllAccessors: .PublisherSubscriberAdjacent

===========================================================================================
----------------- testing Mon Mar 09 14:43:03 UTC 2020 /home/travis/build/icyphy/ptII/ptolemy/actor/lib/test/auto/PublisherSubscriberChannelVariablesAOC2.xml
----------------- Instantiating /home/travis/build/icyphy/ptII/ptolemy/actor/lib/test/auto/PublisherSubscriberChannelVariablesAOC2.xml
2 ms. Memory: 546816K Free: 234565K (43%)
----------------- Invoking toplevel() on ptolemy.moml.MoMLSimpleApplication@58040184
----------------- Done invoking toplevel() on ptolemy.moml.MoMLSimpleApplication@58040184
reloadAllAccessors: .PublisherSubscriberChannelVariablesAOC2

===========================================================================================
----------------- testing Mon Mar 09 14:43:03 UTC 2020 /home/travis/build/icyphy/ptII/ptolemy/actor/lib/test/auto/PublisherSubscriberD3.xml
----------------- Instantiating /home/travis/build/icyphy/ptII/ptolemy/actor/lib/test/auto/PublisherSubscriberD3.xml
2 ms. Memory: 546816K Free: 227397K (42%)
----------------- Invoking toplevel() on ptolemy.moml.MoMLSimpleApplication@1862aa7e
----------------- Done invoking toplevel() on ptolemy.moml.MoMLSimpleApplication@1862aa7e
reloadAllAccessors: .PublisherSubscriberD3

===========================================================================================
----------------- testing Mon Mar 09 14:43:03 UTC 2020 /home/travis/build/icyphy/ptII/ptolemy/actor/lib/test/auto/PublisherSubscriberD3Reverse.xml
----------------- Instantiating /home/travis/build/icyphy/ptII/ptolemy/actor/lib/test/auto/PublisherSubscriberD3Reverse.xml
1 ms. Memory: 546816K Free: 221253K (40%)
----------------- Invoking toplevel() on ptolemy.moml.MoMLSimpleApplication@1997f563
----------------- Done invoking toplevel() on ptolemy.moml.MoMLSimpleApplication@1997f563
reloadAllAccessors: .PublisherSubscriberD3Reverse

===========================================================================================
----------------- testing Mon Mar 09 14:43:03 UTC 2020 /home/travis/build/icyphy/ptII/ptolemy/actor/lib/test/auto/PublisherSubscriberExpression.xml
----------------- Instantiating /home/travis/build/icyphy/ptII/ptolemy/actor/lib/test/auto/PublisherSubscriberExpression.xml
3 ms. Memory: 546816K Free: 212517K (39%)
----------------- Invoking toplevel() on ptolemy.moml.MoMLSimpleApplication@2a424489
----------------- Done invoking toplevel() on ptolemy.moml.MoMLSimpleApplication@2a424489
reloadAllAccessors: .PublisherSubscriberExpression

===========================================================================================
----------------- testing Mon Mar 09 14:43:03 UTC 2020 /home/travis/build/icyphy/ptII/ptolemy/actor/lib/test/auto/PublisherSubscriberOpaque.xml
----------------- Instantiating /home/travis/build/icyphy/ptII/ptolemy/actor/lib/test/auto/PublisherSubscriberOpaque.xml
4 ms. Memory: 546816K Free: 203845K (37%)
----------------- Invoking toplevel() on ptolemy.moml.MoMLSimpleApplication@6749bf66
----------------- Done invoking toplevel() on ptolemy.moml.MoMLSimpleApplication@6749bf66
reloadAllAccessors: .PublisherSubscriberOpaque

===========================================================================================
----------------- testing Mon Mar 09 14:43:03 UTC 2020 /home/travis/build/icyphy/ptII/ptolemy/actor/lib/test/auto/PublisherSubscriberOpaqueD3.xml
----------------- Instantiating /home/travis/build/icyphy/ptII/ptolemy/actor/lib/test/auto/PublisherSubscriberOpaqueD3.xml
5 ms. Memory: 546816K Free: 192581K (35%)
----------------- Invoking toplevel() on ptolemy.moml.MoMLSimpleApplication@57bb519
----------------- Done invoking toplevel() on ptolemy.moml.MoMLSimpleApplication@57bb519
reloadAllAccessors: .PublisherSubscriberOpaqueD3

===========================================================================================
----------------- testing Mon Mar 09 14:43:03 UTC 2020 /home/travis/build/icyphy/ptII/ptolemy/actor/lib/test/auto/PublisherSubscriberOpaqueD3Reverse.xml
----------------- Instantiating /home/travis/build/icyphy/ptII/ptolemy/actor/lib/test/auto/PublisherSubscriberOpaqueD3Reverse.xml
8 ms. Memory: 546816K Free: 181827K (33%)
----------------- Invoking toplevel() on ptolemy.moml.MoMLSimpleApplication@a1c2dda
----------------- Done invoking toplevel() on ptolemy.moml.MoMLSimpleApplication@a1c2dda
reloadAllAccessors: .PublisherSubscriberOpaqueD3Reverse

===========================================================================================
----------------- testing Mon Mar 09 14:43:03 UTC 2020 /home/travis/build/icyphy/ptII/ptolemy/actor/lib/test/auto/PublisherSubscriberOpaqueWidthInference.xml
----------------- Instantiating /home/travis/build/icyphy/ptII/ptolemy/actor/lib/test/auto/PublisherSubscriberOpaqueWidthInference.xml
4 ms. Memory: 546816K Free: 173621K (32%)
----------------- Invoking toplevel() on ptolemy.moml.MoMLSimpleApplication@1abfbd96
----------------- Done invoking toplevel() on ptolemy.moml.MoMLSimpleApplication@1abfbd96
reloadAllAccessors: .PublisherSubscriberOpaqueWidthInference

===========================================================================================
----------------- testing Mon Mar 09 14:43:03 UTC 2020 /home/travis/build/icyphy/ptII/ptolemy/actor/lib/test/auto/PublisherTestSubscriber.xml
----------------- Instantiating /home/travis/build/icyphy/ptII/ptolemy/actor/lib/test/auto/PublisherTestSubscriber.xml
3 ms. Memory: 546816K Free: 488517K (89%)
----------------- Invoking toplevel() on ptolemy.moml.MoMLSimpleApplication@22d74aec
----------------- Done invoking toplevel() on ptolemy.moml.MoMLSimpleApplication@22d74aec
reloadAllAccessors: .PublisherTestSubscriber

===========================================================================================
----------------- testing Mon Mar 09 14:43:03 UTC 2020 /home/travis/build/icyphy/ptII/ptolemy/actor/lib/test/auto/PublisherToplevelSubscriberPortAOC.xml
----------------- Instantiating /home/travis/build/icyphy/ptII/ptolemy/actor/lib/test/auto/PublisherToplevelSubscriberPortAOC.xml
1 ms. Memory: 546816K Free: 482373K (88%)
----------------- Invoking toplevel() on ptolemy.moml.MoMLSimpleApplication@358d1945
----------------- Done invoking toplevel() on ptolemy.moml.MoMLSimpleApplication@358d1945
reloadAllAccessors: .PublisherToplevelSubscriberPortAOC

===========================================================================================
----------------- testing Mon Mar 09 14:43:04 UTC 2020 /home/travis/build/icyphy/ptII/ptolemy/actor/lib/test/auto/PulseFiringLimitDE.xml
----------------- Instantiating /home/travis/build/icyphy/ptII/ptolemy/actor/lib/test/auto/PulseFiringLimitDE.xml
2 ms. Memory: 546816K Free: 476229K (87%)
----------------- Invoking toplevel() on ptolemy.moml.MoMLSimpleApplication@48423bd4
----------------- Done invoking toplevel() on ptolemy.moml.MoMLSimpleApplication@48423bd4
reloadAllAccessors: .PulseFiringLimitDE

===========================================================================================
----------------- testing Mon Mar 09 14:43:04 UTC 2020 /home/travis/build/icyphy/ptII/ptolemy/actor/lib/test/auto/Ramp1.xml
----------------- Instantiating /home/travis/build/icyphy/ptII/ptolemy/actor/lib/test/auto/Ramp1.xml
1 ms. Memory: 546816K Free: 472133K (86%)
----------------- Invoking toplevel() on ptolemy.moml.MoMLSimpleApplication@44dbdf83
----------------- Done invoking toplevel() on ptolemy.moml.MoMLSimpleApplication@44dbdf83
reloadAllAccessors: .Ramp1

===========================================================================================
----------------- testing Mon Mar 09 14:43:04 UTC 2020 /home/travis/build/icyphy/ptII/ptolemy/actor/lib/test/auto/RampFiringLimitDE.xml
----------------- Instantiating /home/travis/build/icyphy/ptII/ptolemy/actor/lib/test/auto/RampFiringLimitDE.xml
2 ms. Memory: 546816K Free: 465989K (85%)
----------------- Invoking toplevel() on ptolemy.moml.MoMLSimpleApplication@1871968f
----------------- Done invoking toplevel() on ptolemy.moml.MoMLSimpleApplication@1871968f
reloadAllAccessors: .RampFiringLimitDE

===========================================================================================
----------------- testing Mon Mar 09 14:43:04 UTC 2020 /home/travis/build/icyphy/ptII/ptolemy/actor/lib/test/auto/RampFiringLimitSDF.xml
----------------- Instantiating /home/travis/build/icyphy/ptII/ptolemy/actor/lib/test/auto/RampFiringLimitSDF.xml
3 ms. Memory: 546816K Free: 460869K (84%)
----------------- Invoking toplevel() on ptolemy.moml.MoMLSimpleApplication@25f92bbc
----------------- Done invoking toplevel() on ptolemy.moml.MoMLSimpleApplication@25f92bbc
reloadAllAccessors: .RampFiringLimitSDF

===========================================================================================
----------------- testing Mon Mar 09 14:43:04 UTC 2020 /home/travis/build/icyphy/ptII/ptolemy/actor/lib/test/auto/RandomInteger.xml
----------------- Instantiating /home/travis/build/icyphy/ptII/ptolemy/actor/lib/test/auto/RandomInteger.xml
1 ms. Memory: 546816K Free: 456259K (83%)
----------------- Invoking toplevel() on ptolemy.moml.MoMLSimpleApplication@70fb6530
----------------- Done invoking toplevel() on ptolemy.moml.MoMLSimpleApplication@70fb6530
reloadAllAccessors: .RandomInteger

===========================================================================================
----------------- testing Mon Mar 09 14:43:04 UTC 2020 /home/travis/build/icyphy/ptII/ptolemy/actor/lib/test/auto/ReadFile1.xml
----------------- Instantiating /home/travis/build/icyphy/ptII/ptolemy/actor/lib/test/auto/ReadFile1.xml
1 ms. Memory: 546816K Free: 451653K (83%)
----------------- Invoking toplevel() on ptolemy.moml.MoMLSimpleApplication@56649077
----------------- Done invoking toplevel() on ptolemy.moml.MoMLSimpleApplication@56649077
reloadAllAccessors: .ReadFile1

===========================================================================================
----------------- testing Mon Mar 09 14:43:04 UTC 2020 /home/travis/build/icyphy/ptII/ptolemy/actor/lib/test/auto/ReadFile2.xml
----------------- Instantiating /home/travis/build/icyphy/ptII/ptolemy/actor/lib/test/auto/ReadFile2.xml
1 ms. Memory: 546816K Free: 447557K (82%)
----------------- Invoking toplevel() on ptolemy.moml.MoMLSimpleApplication@aed9299
----------------- Done invoking toplevel() on ptolemy.moml.MoMLSimpleApplication@aed9299
reloadAllAccessors: .ReadFile2

===========================================================================================
----------------- testing Mon Mar 09 14:43:04 UTC 2020 /home/travis/build/icyphy/ptII/ptolemy/actor/lib/test/auto/Reader.xml
----------------- Instantiating /home/travis/build/icyphy/ptII/ptolemy/actor/lib/test/auto/Reader.xml
actor.lib.Reader is obsolete, use actor.lib.io.ExpressionReader instead
3 ms. Memory: 546816K Free: 443461K (81%)
----------------- Invoking toplevel() on ptolemy.moml.MoMLSimpleApplication@7a0ee73a
----------------- Done invoking toplevel() on ptolemy.moml.MoMLSimpleApplication@7a0ee73a
reloadAllAccessors: .Reader

===========================================================================================
----------------- testing Mon Mar 09 14:43:04 UTC 2020 /home/travis/build/icyphy/ptII/ptolemy/actor/lib/test/auto/RecordAssemblerDisplayNameTest.xml
----------------- Instantiating /home/travis/build/icyphy/ptII/ptolemy/actor/lib/test/auto/RecordAssemblerDisplayNameTest.xml
3431 ms. Memory: 546816K Free: 189037K (35%)
----------------- Invoking toplevel() on ptolemy.moml.MoMLSimpleApplication@55fe781a
----------------- Done invoking toplevel() on ptolemy.moml.MoMLSimpleApplication@55fe781a
reloadAllAccessors: .RecordAssemblerDisplayNameTest

===========================================================================================
----------------- testing Mon Mar 09 14:43:07 UTC 2020 /home/travis/build/icyphy/ptII/ptolemy/actor/lib/test/auto/RecordAssemblerTypeError.xml
----------------- Instantiating /home/travis/build/icyphy/ptII/ptolemy/actor/lib/test/auto/RecordAssemblerTypeError.xml
22 ms. Memory: 546816K Free: 179307K (33%)
----------------- Invoking toplevel() on ptolemy.moml.MoMLSimpleApplication@8ff8daa
----------------- Done invoking toplevel() on ptolemy.moml.MoMLSimpleApplication@8ff8daa
reloadAllAccessors: .RecordAssemblerTypeError

===========================================================================================
----------------- testing Mon Mar 09 14:43:07 UTC 2020 /home/travis/build/icyphy/ptII/ptolemy/actor/lib/test/auto/RecordDisassember.xml
----------------- Instantiating /home/travis/build/icyphy/ptII/ptolemy/actor/lib/test/auto/RecordDisassember.xml
4 ms. Memory: 546816K Free: 174701K (32%)
----------------- Invoking toplevel() on ptolemy.moml.MoMLSimpleApplication@8003637
----------------- Done invoking toplevel() on ptolemy.moml.MoMLSimpleApplication@8003637
reloadAllAccessors: .RecordDisassember

===========================================================================================
----------------- testing Mon Mar 09 14:43:07 UTC 2020 /home/travis/build/icyphy/ptII/ptolemy/actor/lib/test/auto/RecordDisassemberDisplayNameTest.xml
----------------- Instantiating /home/travis/build/icyphy/ptII/ptolemy/actor/lib/test/auto/RecordDisassemberDisplayNameTest.xml
5 ms. Memory: 546816K Free: 489027K (89%)
----------------- Invoking toplevel() on ptolemy.moml.MoMLSimpleApplication@f3c4806
----------------- Done invoking toplevel() on ptolemy.moml.MoMLSimpleApplication@f3c4806
reloadAllAccessors: .RecordDisassemberDisplayNameTest

===========================================================================================
----------------- testing Mon Mar 09 14:43:07 UTC 2020 /home/travis/build/icyphy/ptII/ptolemy/actor/lib/test/auto/RecordDisassembler.xml
----------------- Instantiating /home/travis/build/icyphy/ptII/ptolemy/actor/lib/test/auto/RecordDisassembler.xml
3 ms. Memory: 546816K Free: 483877K (88%)
----------------- Invoking toplevel() on ptolemy.moml.MoMLSimpleApplication@9e566f0
----------------- Done invoking toplevel() on ptolemy.moml.MoMLSimpleApplication@9e566f0
reloadAllAccessors: .RecordDisassembler

===========================================================================================
----------------- testing Mon Mar 09 14:43:07 UTC 2020 /home/travis/build/icyphy/ptII/ptolemy/actor/lib/test/auto/RecordDisassembler2.xml
----------------- Instantiating /home/travis/build/icyphy/ptII/ptolemy/actor/lib/test/auto/RecordDisassembler2.xml
4 ms. Memory: 546816K Free: 478277K (87%)
----------------- Invoking toplevel() on ptolemy.moml.MoMLSimpleApplication@40ed9840
----------------- Done invoking toplevel() on ptolemy.moml.MoMLSimpleApplication@40ed9840
reloadAllAccessors: .RecordDisassembler2

===========================================================================================
----------------- testing Mon Mar 09 14:43:07 UTC 2020 /home/travis/build/icyphy/ptII/ptolemy/actor/lib/test/auto/RecordUpdater.xml
----------------- Instantiating /home/travis/build/icyphy/ptII/ptolemy/actor/lib/test/auto/RecordUpdater.xml
2 ms. Memory: 546816K Free: 473667K (87%)
----------------- Invoking toplevel() on ptolemy.moml.MoMLSimpleApplication@6581ef3c
----------------- Done invoking toplevel() on ptolemy.moml.MoMLSimpleApplication@6581ef3c
reloadAllAccessors: .RecordUpdater

===========================================================================================
----------------- testing Mon Mar 09 14:43:07 UTC 2020 /home/travis/build/icyphy/ptII/ptolemy/actor/lib/test/auto/RecordUpdater2.xml
----------------- Instantiating /home/travis/build/icyphy/ptII/ptolemy/actor/lib/test/auto/RecordUpdater2.xml
1 ms. Memory: 546816K Free: 468547K (86%)
----------------- Invoking toplevel() on ptolemy.moml.MoMLSimpleApplication@1019789a
----------------- Done invoking toplevel() on ptolemy.moml.MoMLSimpleApplication@1019789a
reloadAllAccessors: .RecordUpdater2

===========================================================================================
----------------- testing Mon Mar 09 14:43:07 UTC 2020 /home/travis/build/icyphy/ptII/ptolemy/actor/lib/test/auto/RecursiveLattice.xml
----------------- Instantiating /home/travis/build/icyphy/ptII/ptolemy/actor/lib/test/auto/RecursiveLattice.xml
1 ms. Memory: 546816K Free: 463427K (85%)
----------------- Invoking toplevel() on ptolemy.moml.MoMLSimpleApplication@59255aa2
----------------- Done invoking toplevel() on ptolemy.moml.MoMLSimpleApplication@59255aa2
reloadAllAccessors: .RecursiveLattice

===========================================================================================
----------------- testing Mon Mar 09 14:43:07 UTC 2020 /home/travis/build/icyphy/ptII/ptolemy/actor/lib/test/auto/Router.xml
----------------- Instantiating /home/travis/build/icyphy/ptII/ptolemy/actor/lib/test/auto/Router.xml
3004 ms. Memory: 546816K Free: 453187K (83%)
----------------- Invoking toplevel() on ptolemy.moml.MoMLSimpleApplication@238161eb
----------------- Done invoking toplevel() on ptolemy.moml.MoMLSimpleApplication@238161eb
reloadAllAccessors: .Router

===========================================================================================
----------------- testing Mon Mar 09 14:43:10 UTC 2020 /home/travis/build/icyphy/ptII/ptolemy/actor/lib/test/auto/Router2.xml
----------------- Instantiating /home/travis/build/icyphy/ptII/ptolemy/actor/lib/test/auto/Router2.xml
3005 ms. Memory: 546816K Free: 441923K (81%)
----------------- Invoking toplevel() on ptolemy.moml.MoMLSimpleApplication@5aa259f7
----------------- Done invoking toplevel() on ptolemy.moml.MoMLSimpleApplication@5aa259f7
reloadAllAccessors: .Router2

===========================================================================================
----------------- testing Mon Mar 09 14:43:13 UTC 2020 /home/travis/build/icyphy/ptII/ptolemy/actor/lib/test/auto/RunningMaximum.xml
----------------- Instantiating /home/travis/build/icyphy/ptII/ptolemy/actor/lib/test/auto/RunningMaximum.xml
4 ms. Memory: 546816K Free: 437317K (80%)
----------------- Invoking toplevel() on ptolemy.moml.MoMLSimpleApplication@cef8482
----------------- Done invoking toplevel() on ptolemy.moml.MoMLSimpleApplication@cef8482
reloadAllAccessors: .RunningMaximum

===========================================================================================
----------------- testing Mon Mar 09 14:43:13 UTC 2020 /home/travis/build/icyphy/ptII/ptolemy/actor/lib/test/auto/RunningMinimum.xml
----------------- Instantiating /home/travis/build/icyphy/ptII/ptolemy/actor/lib/test/auto/RunningMinimum.xml
9 ms. Memory: 546816K Free: 432707K (79%)
----------------- Invoking toplevel() on ptolemy.moml.MoMLSimpleApplication@299e556a
----------------- Done invoking toplevel() on ptolemy.moml.MoMLSimpleApplication@299e556a
reloadAllAccessors: .RunningMinimum

===========================================================================================
----------------- testing Mon Mar 09 14:43:13 UTC 2020 /home/travis/build/icyphy/ptII/ptolemy/actor/lib/test/auto/Scale.xml
----------------- Instantiating /home/travis/build/icyphy/ptII/ptolemy/actor/lib/test/auto/Scale.xml
2 ms. Memory: 546816K Free: 428101K (78%)
----------------- Invoking toplevel() on ptolemy.moml.MoMLSimpleApplication@442b3038
----------------- Done invoking toplevel() on ptolemy.moml.MoMLSimpleApplication@442b3038
reloadAllAccessors: .Scale

===========================================================================================
----------------- testing Mon Mar 09 14:43:13 UTC 2020 /home/travis/build/icyphy/ptII/ptolemy/actor/lib/test/auto/Scale2.xml
----------------- Instantiating /home/travis/build/icyphy/ptII/ptolemy/actor/lib/test/auto/Scale2.xml
2 ms. Memory: 546816K Free: 422981K (77%)
----------------- Invoking toplevel() on ptolemy.moml.MoMLSimpleApplication@2a86f9c0
----------------- Done invoking toplevel() on ptolemy.moml.MoMLSimpleApplication@2a86f9c0
reloadAllAccessors: .Scale2

===========================================================================================
----------------- testing Mon Mar 09 14:43:13 UTC 2020 /home/travis/build/icyphy/ptII/ptolemy/actor/lib/test/auto/Scale3.xml
----------------- Instantiating /home/travis/build/icyphy/ptII/ptolemy/actor/lib/test/auto/Scale3.xml
3 ms. Memory: 546816K Free: 416837K (76%)
----------------- Invoking toplevel() on ptolemy.moml.MoMLSimpleApplication@67e66f7e
----------------- Done invoking toplevel() on ptolemy.moml.MoMLSimpleApplication@67e66f7e
reloadAllAccessors: .Scale3

===========================================================================================
----------------- testing Mon Mar 09 14:43:13 UTC 2020 /home/travis/build/icyphy/ptII/ptolemy/actor/lib/test/auto/ScaleArray.xml
----------------- Instantiating /home/travis/build/icyphy/ptII/ptolemy/actor/lib/test/auto/ScaleArray.xml
1 ms. Memory: 546816K Free: 412227K (75%)
----------------- Invoking toplevel() on ptolemy.moml.MoMLSimpleApplication@4cf58653
----------------- Done invoking toplevel() on ptolemy.moml.MoMLSimpleApplication@4cf58653
reloadAllAccessors: .ScaleArray

===========================================================================================
----------------- testing Mon Mar 09 14:43:13 UTC 2020 /home/travis/build/icyphy/ptII/ptolemy/actor/lib/test/auto/ScaleArray2.xml
----------------- Instantiating /home/travis/build/icyphy/ptII/ptolemy/actor/lib/test/auto/ScaleArray2.xml
2 ms. Memory: 546816K Free: 407621K (75%)
----------------- Invoking toplevel() on ptolemy.moml.MoMLSimpleApplication@36ea91a7
----------------- Done invoking toplevel() on ptolemy.moml.MoMLSimpleApplication@36ea91a7
reloadAllAccessors: .ScaleArray2

===========================================================================================
----------------- testing Mon Mar 09 14:43:13 UTC 2020 /home/travis/build/icyphy/ptII/ptolemy/actor/lib/test/auto/ScaleMatrix.xml
----------------- Instantiating /home/travis/build/icyphy/ptII/ptolemy/actor/lib/test/auto/ScaleMatrix.xml
100 ms. Memory: 546816K Free: 394309K (72%)
----------------- Invoking toplevel() on ptolemy.moml.MoMLSimpleApplication@6bc75a7f
----------------- Done invoking toplevel() on ptolemy.moml.MoMLSimpleApplication@6bc75a7f
reloadAllAccessors: .ScaleMatrix

===========================================================================================
----------------- testing Mon Mar 09 14:43:14 UTC 2020 /home/travis/build/icyphy/ptII/ptolemy/actor/lib/test/auto/Select.xml
----------------- Instantiating /home/travis/build/icyphy/ptII/ptolemy/actor/lib/test/auto/Select.xml
2 ms. Memory: 546816K Free: 388165K (71%)
----------------- Invoking toplevel() on ptolemy.moml.MoMLSimpleApplication@2d85fbb5
----------------- Done invoking toplevel() on ptolemy.moml.MoMLSimpleApplication@2d85fbb5
reloadAllAccessors: .Select

===========================================================================================
----------------- testing Mon Mar 09 14:43:14 UTC 2020 /home/travis/build/icyphy/ptII/ptolemy/actor/lib/test/auto/Select2.xml
----------------- Instantiating /home/travis/build/icyphy/ptII/ptolemy/actor/lib/test/auto/Select2.xml
2 ms. Memory: 546816K Free: 383555K (70%)
----------------- Invoking toplevel() on ptolemy.moml.MoMLSimpleApplication@499a1e1
----------------- Done invoking toplevel() on ptolemy.moml.MoMLSimpleApplication@499a1e1
reloadAllAccessors: .Select2

===========================================================================================
----------------- testing Mon Mar 09 14:43:14 UTC 2020 /home/travis/build/icyphy/ptII/ptolemy/actor/lib/test/auto/SequenceToArray2.xml
----------------- Instantiating /home/travis/build/icyphy/ptII/ptolemy/actor/lib/test/auto/SequenceToArray2.xml
104 ms. Memory: 546816K Free: 358965K (66%)
----------------- Invoking toplevel() on ptolemy.moml.MoMLSimpleApplication@11c96991
----------------- Done invoking toplevel() on ptolemy.moml.MoMLSimpleApplication@11c96991
reloadAllAccessors: .SequenceToArray2

===========================================================================================
----------------- testing Mon Mar 09 14:43:14 UTC 2020 /home/travis/build/icyphy/ptII/ptolemy/actor/lib/test/auto/SequentialClock.xml
----------------- Instantiating /home/travis/build/icyphy/ptII/ptolemy/actor/lib/test/auto/SequentialClock.xml
1 ms. Memory: 546816K Free: 354883K (65%)
----------------- Invoking toplevel() on ptolemy.moml.MoMLSimpleApplication@737f6f3d
----------------- Done invoking toplevel() on ptolemy.moml.MoMLSimpleApplication@737f6f3d
reloadAllAccessors: .SequentialClock

===========================================================================================
----------------- testing Mon Mar 09 14:43:14 UTC 2020 /home/travis/build/icyphy/ptII/ptolemy/actor/lib/test/auto/SetVariable.xml
----------------- Instantiating /home/travis/build/icyphy/ptII/ptolemy/actor/lib/test/auto/SetVariable.xml
4 ms. Memory: 546816K Free: 350277K (64%)
----------------- Invoking toplevel() on ptolemy.moml.MoMLSimpleApplication@794b2f4d
----------------- Done invoking toplevel() on ptolemy.moml.MoMLSimpleApplication@794b2f4d
reloadAllAccessors: .SetVariable

===========================================================================================
----------------- testing Mon Mar 09 14:43:14 UTC 2020 /home/travis/build/icyphy/ptII/ptolemy/actor/lib/test/auto/SetVariable2.xml
----------------- Instantiating /home/travis/build/icyphy/ptII/ptolemy/actor/lib/test/auto/SetVariable2.xml
4 ms. Memory: 546816K Free: 345157K (63%)
----------------- Invoking toplevel() on ptolemy.moml.MoMLSimpleApplication@1358789f
----------------- Done invoking toplevel() on ptolemy.moml.MoMLSimpleApplication@1358789f
reloadAllAccessors: .SetVariable2

===========================================================================================
----------------- testing Mon Mar 09 14:43:14 UTC 2020 /home/travis/build/icyphy/ptII/ptolemy/actor/lib/test/auto/SetVariable3.xml
----------------- Instantiating /home/travis/build/icyphy/ptII/ptolemy/actor/lib/test/auto/SetVariable3.xml
7 ms. Memory: 546816K Free: 340037K (62%)
----------------- Invoking toplevel() on ptolemy.moml.MoMLSimpleApplication@2f0c120c
----------------- Done invoking toplevel() on ptolemy.moml.MoMLSimpleApplication@2f0c120c
reloadAllAccessors: .SetVariable3

===========================================================================================
----------------- testing Mon Mar 09 14:43:14 UTC 2020 /home/travis/build/icyphy/ptII/ptolemy/actor/lib/test/auto/SetVariable4.xml
----------------- Instantiating /home/travis/build/icyphy/ptII/ptolemy/actor/lib/test/auto/SetVariable4.xml
23 ms. Memory: 546816K Free: 330819K (60%)
----------------- Invoking toplevel() on ptolemy.moml.MoMLSimpleApplication@71a53bda
----------------- Done invoking toplevel() on ptolemy.moml.MoMLSimpleApplication@71a53bda
reloadAllAccessors: .SetVariable4

===========================================================================================
----------------- testing Mon Mar 09 14:43:14 UTC 2020 /home/travis/build/icyphy/ptII/ptolemy/actor/lib/test/auto/SetVariable5.xml
----------------- Instantiating /home/travis/build/icyphy/ptII/ptolemy/actor/lib/test/auto/SetVariable5.xml
24 ms. Memory: 546816K Free: 321605K (59%)
----------------- Invoking toplevel() on ptolemy.moml.MoMLSimpleApplication@46760578
----------------- Done invoking toplevel() on ptolemy.moml.MoMLSimpleApplication@46760578
reloadAllAccessors: .SetVariable5

===========================================================================================
----------------- testing Mon Mar 09 14:43:14 UTC 2020 /home/travis/build/icyphy/ptII/ptolemy/actor/lib/test/auto/Sinewave.xml
----------------- Instantiating /home/travis/build/icyphy/ptII/ptolemy/actor/lib/test/auto/Sinewave.xml
6 ms. Memory: 546816K Free: 310341K (57%)
----------------- Invoking toplevel() on ptolemy.moml.MoMLSimpleApplication@7e2f51d
----------------- Done invoking toplevel() on ptolemy.moml.MoMLSimpleApplication@7e2f51d
reloadAllAccessors: .Sinewave

===========================================================================================
----------------- testing Mon Mar 09 14:43:14 UTC 2020 /home/travis/build/icyphy/ptII/ptolemy/actor/lib/test/auto/Sinewave2.xml
----------------- Instantiating /home/travis/build/icyphy/ptII/ptolemy/actor/lib/test/auto/Sinewave2.xml
5 ms. Memory: 546816K Free: 302645K (55%)
----------------- Invoking toplevel() on ptolemy.moml.MoMLSimpleApplication@568f5dcc
----------------- Done invoking toplevel() on ptolemy.moml.MoMLSimpleApplication@568f5dcc
reloadAllAccessors: .Sinewave2

===========================================================================================
----------------- testing Mon Mar 09 14:43:14 UTC 2020 /home/travis/build/icyphy/ptII/ptolemy/actor/lib/test/auto/Sinewave3.xml
----------------- Instantiating /home/travis/build/icyphy/ptII/ptolemy/actor/lib/test/auto/Sinewave3.xml
12 ms. Memory: 546816K Free: 293957K (54%)
----------------- Invoking toplevel() on ptolemy.moml.MoMLSimpleApplication@59a5074a
----------------- Done invoking toplevel() on ptolemy.moml.MoMLSimpleApplication@59a5074a
reloadAllAccessors: .Sinewave3

===========================================================================================
----------------- testing Mon Mar 09 14:43:14 UTC 2020 /home/travis/build/icyphy/ptII/ptolemy/actor/lib/test/auto/SingleEvent.xml
----------------- Instantiating /home/travis/build/icyphy/ptII/ptolemy/actor/lib/test/auto/SingleEvent.xml
1 ms. Memory: 546816K Free: 289861K (53%)
----------------- Invoking toplevel() on ptolemy.moml.MoMLSimpleApplication@f3ea039
----------------- Done invoking toplevel() on ptolemy.moml.MoMLSimpleApplication@f3ea039
reloadAllAccessors: .SingleEvent

===========================================================================================
----------------- testing Mon Mar 09 14:43:14 UTC 2020 /home/travis/build/icyphy/ptII/ptolemy/actor/lib/test/auto/Sleep.xml
----------------- Instantiating /home/travis/build/icyphy/ptII/ptolemy/actor/lib/test/auto/Sleep.xml
6003 ms. Memory: 546816K Free: 284227K (52%)
----------------- Invoking toplevel() on ptolemy.moml.MoMLSimpleApplication@68bf5b33
----------------- Done invoking toplevel() on ptolemy.moml.MoMLSimpleApplication@68bf5b33
reloadAllAccessors: .Sleep

===========================================================================================
----------------- testing Mon Mar 09 14:43:20 UTC 2020 /home/travis/build/icyphy/ptII/ptolemy/actor/lib/test/auto/SleepMultipleFire.xml
----------------- Instantiating /home/travis/build/icyphy/ptII/ptolemy/actor/lib/test/auto/SleepMultipleFire.xml
1005 ms. Memory: 546816K Free: 278083K (51%)
----------------- Invoking toplevel() on ptolemy.moml.MoMLSimpleApplication@3984b738
----------------- Done invoking toplevel() on ptolemy.moml.MoMLSimpleApplication@3984b738
reloadAllAccessors: .SleepMultipleFire

===========================================================================================
----------------- testing Mon Mar 09 14:43:21 UTC 2020 /home/travis/build/icyphy/ptII/ptolemy/actor/lib/test/auto/StopDE.xml
----------------- Instantiating /home/travis/build/icyphy/ptII/ptolemy/actor/lib/test/auto/StopDE.xml
3 ms. Memory: 546816K Free: 271939K (50%)
----------------- Invoking toplevel() on ptolemy.moml.MoMLSimpleApplication@588583c2
----------------- Done invoking toplevel() on ptolemy.moml.MoMLSimpleApplication@588583c2
reloadAllAccessors: .StopDE

===========================================================================================
----------------- testing Mon Mar 09 14:43:21 UTC 2020 /home/travis/build/icyphy/ptII/ptolemy/actor/lib/test/auto/StopSDF.xml
----------------- Instantiating /home/travis/build/icyphy/ptII/ptolemy/actor/lib/test/auto/StopSDF.xml
2 ms. Memory: 546816K Free: 266819K (49%)
----------------- Invoking toplevel() on ptolemy.moml.MoMLSimpleApplication@1e45d6d3
----------------- Done invoking toplevel() on ptolemy.moml.MoMLSimpleApplication@1e45d6d3
reloadAllAccessors: .StopSDF

===========================================================================================
----------------- testing Mon Mar 09 14:43:21 UTC 2020 /home/travis/build/icyphy/ptII/ptolemy/actor/lib/test/auto/StringConstant.xml
----------------- Instantiating /home/travis/build/icyphy/ptII/ptolemy/actor/lib/test/auto/StringConstant.xml
8 ms. Memory: 546816K Free: 262723K (48%)
----------------- Invoking toplevel() on ptolemy.moml.MoMLSimpleApplication@6b8311e0
----------------- Done invoking toplevel() on ptolemy.moml.MoMLSimpleApplication@6b8311e0
reloadAllAccessors: .StringConstant

===========================================================================================
----------------- testing Mon Mar 09 14:43:21 UTC 2020 /home/travis/build/icyphy/ptII/ptolemy/actor/lib/test/auto/SubscriberPortInitialValues1.xml
----------------- Instantiating /home/travis/build/icyphy/ptII/ptolemy/actor/lib/test/auto/SubscriberPortInitialValues1.xml
9 ms. Memory: 546816K Free: 254021K (46%)
----------------- Invoking toplevel() on ptolemy.moml.MoMLSimpleApplication@73b1c78c
----------------- Done invoking toplevel() on ptolemy.moml.MoMLSimpleApplication@73b1c78c
reloadAllAccessors: .SubscriberPortInitialValues1

===========================================================================================
----------------- testing Mon Mar 09 14:43:21 UTC 2020 /home/travis/build/icyphy/ptII/ptolemy/actor/lib/test/auto/SubscriberPortInitialValues13.xml
----------------- Instantiating /home/travis/build/icyphy/ptII/ptolemy/actor/lib/test/auto/SubscriberPortInitialValues13.xml
5 ms. Memory: 546816K Free: 241219K (44%)
----------------- Invoking toplevel() on ptolemy.moml.MoMLSimpleApplication@f4d3c6f
----------------- Done invoking toplevel() on ptolemy.moml.MoMLSimpleApplication@f4d3c6f
reloadAllAccessors: .SubscriberPortInitialValues13

===========================================================================================
----------------- testing Mon Mar 09 14:43:21 UTC 2020 /home/travis/build/icyphy/ptII/ptolemy/actor/lib/test/auto/SubscriberPortInitialValues14.xml
----------------- Instantiating /home/travis/build/icyphy/ptII/ptolemy/actor/lib/test/auto/SubscriberPortInitialValues14.xml
3 ms. Memory: 546816K Free: 233027K (43%)
----------------- Invoking toplevel() on ptolemy.moml.MoMLSimpleApplication@3d83adca
----------------- Done invoking toplevel() on ptolemy.moml.MoMLSimpleApplication@3d83adca
reloadAllAccessors: .SubscriberPortInitialValues14

===========================================================================================
----------------- testing Mon Mar 09 14:43:21 UTC 2020 /home/travis/build/icyphy/ptII/ptolemy/actor/lib/test/auto/SubscriberPortInitialValues2.xml
----------------- Instantiating /home/travis/build/icyphy/ptII/ptolemy/actor/lib/test/auto/SubscriberPortInitialValues2.xml
3 ms. Memory: 546816K Free: 225349K (41%)
----------------- Invoking toplevel() on ptolemy.moml.MoMLSimpleApplication@155398e2
----------------- Done invoking toplevel() on ptolemy.moml.MoMLSimpleApplication@155398e2
reloadAllAccessors: .SubscriberPortInitialValues2

===========================================================================================
----------------- testing Mon Mar 09 14:43:21 UTC 2020 /home/travis/build/icyphy/ptII/ptolemy/actor/lib/test/auto/SubscriberPortInitialValues3.xml
----------------- Instantiating /home/travis/build/icyphy/ptII/ptolemy/actor/lib/test/auto/SubscriberPortInitialValues3.xml
3 ms. Memory: 546816K Free: 214085K (39%)
----------------- Invoking toplevel() on ptolemy.moml.MoMLSimpleApplication@32bf7132
----------------- Done invoking toplevel() on ptolemy.moml.MoMLSimpleApplication@32bf7132
reloadAllAccessors: .SubscriberPortInitialValues3

===========================================================================================
----------------- testing Mon Mar 09 14:43:21 UTC 2020 /home/travis/build/icyphy/ptII/ptolemy/actor/lib/test/auto/SubscriptionAggregator.xml
----------------- Instantiating /home/travis/build/icyphy/ptII/ptolemy/actor/lib/test/auto/SubscriptionAggregator.xml
3 ms. Memory: 546816K Free: 207413K (38%)
----------------- Invoking toplevel() on ptolemy.moml.MoMLSimpleApplication@2d59c8cd
----------------- Done invoking toplevel() on ptolemy.moml.MoMLSimpleApplication@2d59c8cd
reloadAllAccessors: .SubscriptionAggregator

===========================================================================================
----------------- testing Mon Mar 09 14:43:21 UTC 2020 /home/travis/build/icyphy/ptII/ptolemy/actor/lib/test/auto/SubscriptionAggregator2.xml
----------------- Instantiating /home/travis/build/icyphy/ptII/ptolemy/actor/lib/test/auto/SubscriptionAggregator2.xml
3 ms. Memory: 546816K Free: 200773K (37%)
----------------- Invoking toplevel() on ptolemy.moml.MoMLSimpleApplication@6150d2a5
----------------- Done invoking toplevel() on ptolemy.moml.MoMLSimpleApplication@6150d2a5
reloadAllAccessors: .SubscriptionAggregator2

===========================================================================================
----------------- testing Mon Mar 09 14:43:21 UTC 2020 /home/travis/build/icyphy/ptII/ptolemy/actor/lib/test/auto/SubscriptionAggregator3.xml
----------------- Instantiating /home/travis/build/icyphy/ptII/ptolemy/actor/lib/test/auto/SubscriptionAggregator3.xml
2 ms. Memory: 546816K Free: 191557K (35%)
----------------- Invoking toplevel() on ptolemy.moml.MoMLSimpleApplication@456e3c66
----------------- Done invoking toplevel() on ptolemy.moml.MoMLSimpleApplication@456e3c66
reloadAllAccessors: .SubscriptionAggregator3

===========================================================================================
----------------- testing Mon Mar 09 14:43:21 UTC 2020 /home/travis/build/icyphy/ptII/ptolemy/actor/lib/test/auto/SubscriptionAggregatorMultiply.xml
----------------- Instantiating /home/travis/build/icyphy/ptII/ptolemy/actor/lib/test/auto/SubscriptionAggregatorMultiply.xml
4 ms. Memory: 546816K Free: 182845K (33%)
----------------- Invoking toplevel() on ptolemy.moml.MoMLSimpleApplication@3a6a52f3
----------------- Done invoking toplevel() on ptolemy.moml.MoMLSimpleApplication@3a6a52f3
reloadAllAccessors: .SubscriptionAggregatorMultiply

===========================================================================================
----------------- testing Mon Mar 09 14:43:21 UTC 2020 /home/travis/build/icyphy/ptII/ptolemy/actor/lib/test/auto/SubscriptionAggregatorPortMultiply1.xml
----------------- Instantiating /home/travis/build/icyphy/ptII/ptolemy/actor/lib/test/auto/SubscriptionAggregatorPortMultiply1.xml
3 ms. Memory: 546816K Free: 174659K (32%)
----------------- Invoking toplevel() on ptolemy.moml.MoMLSimpleApplication@2b86fa56
----------------- Done invoking toplevel() on ptolemy.moml.MoMLSimpleApplication@2b86fa56
reloadAllAccessors: .SubscriptionAggregatorPortMultiply1

===========================================================================================
----------------- testing Mon Mar 09 14:43:21 UTC 2020 /home/travis/build/icyphy/ptII/ptolemy/actor/lib/test/auto/Switch.xml
----------------- Instantiating /home/travis/build/icyphy/ptII/ptolemy/actor/lib/test/auto/Switch.xml
7 ms. Memory: 546816K Free: 488575K (89%)
----------------- Invoking toplevel() on ptolemy.moml.MoMLSimpleApplication@2fb5e078
----------------- Done invoking toplevel() on ptolemy.moml.MoMLSimpleApplication@2fb5e078
reloadAllAccessors: .Switch

===========================================================================================
----------------- testing Mon Mar 09 14:43:21 UTC 2020 /home/travis/build/icyphy/ptII/ptolemy/actor/lib/test/auto/Switch2.xml
----------------- Instantiating /home/travis/build/icyphy/ptII/ptolemy/actor/lib/test/auto/Switch2.xml
0 ms. Memory: 546816K Free: 483455K (88%)
----------------- Invoking toplevel() on ptolemy.moml.MoMLSimpleApplication@3b02942d
----------------- Done invoking toplevel() on ptolemy.moml.MoMLSimpleApplication@3b02942d
reloadAllAccessors: .Switch2

===========================================================================================
----------------- testing Mon Mar 09 14:43:21 UTC 2020 /home/travis/build/icyphy/ptII/ptolemy/actor/lib/test/auto/SwitchDE.xml
----------------- Instantiating /home/travis/build/icyphy/ptII/ptolemy/actor/lib/test/auto/SwitchDE.xml
4 ms. Memory: 546816K Free: 477281K (87%)
----------------- Invoking toplevel() on ptolemy.moml.MoMLSimpleApplication@56bfff95
----------------- Done invoking toplevel() on ptolemy.moml.MoMLSimpleApplication@56bfff95
reloadAllAccessors: .SwitchDE

===========================================================================================
----------------- testing Mon Mar 09 14:43:21 UTC 2020 /home/travis/build/icyphy/ptII/ptolemy/actor/lib/test/auto/SynchronizerDE.xml
----------------- Instantiating /home/travis/build/icyphy/ptII/ptolemy/actor/lib/test/auto/SynchronizerDE.xml
8 ms. Memory: 546816K Free: 469105K (86%)
----------------- Invoking toplevel() on ptolemy.moml.MoMLSimpleApplication@582be7e6
----------------- Done invoking toplevel() on ptolemy.moml.MoMLSimpleApplication@582be7e6
reloadAllAccessors: .SynchronizerDE

===========================================================================================
----------------- testing Mon Mar 09 14:43:21 UTC 2020 /home/travis/build/icyphy/ptII/ptolemy/actor/lib/test/auto/Test.xml
----------------- Instantiating /home/travis/build/icyphy/ptII/ptolemy/actor/lib/test/auto/Test.xml
9 ms. Memory: 546816K Free: 463969K (85%)
----------------- Invoking toplevel() on ptolemy.moml.MoMLSimpleApplication@204d3830
----------------- Done invoking toplevel() on ptolemy.moml.MoMLSimpleApplication@204d3830
reloadAllAccessors: .Test

===========================================================================================
----------------- testing Mon Mar 09 14:43:21 UTC 2020 /home/travis/build/icyphy/ptII/ptolemy/actor/lib/test/auto/TestExceptionAttribute1.xml
----------------- Instantiating /home/travis/build/icyphy/ptII/ptolemy/actor/lib/test/auto/TestExceptionAttribute1.xml
1 ms. Memory: 546816K Free: 459903K (84%)
----------------- Invoking toplevel() on ptolemy.moml.MoMLSimpleApplication@6af4df11
----------------- Done invoking toplevel() on ptolemy.moml.MoMLSimpleApplication@6af4df11
reloadAllAccessors: .TestExceptionAttribute1

===========================================================================================
----------------- testing Mon Mar 09 14:43:21 UTC 2020 /home/travis/build/icyphy/ptII/ptolemy/actor/lib/test/auto/TestExceptionAttribute2.xml
----------------- Instantiating /home/travis/build/icyphy/ptII/ptolemy/actor/lib/test/auto/TestExceptionAttribute2.xml
1 ms. Memory: 546816K Free: 456321K (83%)
----------------- Invoking toplevel() on ptolemy.moml.MoMLSimpleApplication@21c1c5bc
----------------- Done invoking toplevel() on ptolemy.moml.MoMLSimpleApplication@21c1c5bc
reloadAllAccessors: .TestExceptionAttribute2

===========================================================================================
----------------- testing Mon Mar 09 14:43:21 UTC 2020 /home/travis/build/icyphy/ptII/ptolemy/actor/lib/test/auto/TestExceptionAttribute3.xml
----------------- Instantiating /home/travis/build/icyphy/ptII/ptolemy/actor/lib/test/auto/TestExceptionAttribute3.xml
.TestExceptionAttribute3.TestExceptionAttribute: initialize() was not invoked, but wrapup() was.  This is unusual, but not always a problem.  For example, exporting JNLP will do this.
1 ms. Memory: 546816K Free: 452735K (83%)
----------------- Invoking toplevel() on ptolemy.moml.MoMLSimpleApplication@3f642c6a
----------------- Done invoking toplevel() on ptolemy.moml.MoMLSimpleApplication@3f642c6a
reloadAllAccessors: .TestExceptionAttribute3

===========================================================================================
----------------- testing Mon Mar 09 14:43:21 UTC 2020 /home/travis/build/icyphy/ptII/ptolemy/actor/lib/test/auto/TestExceptionAttribute4.xml
----------------- Instantiating /home/travis/build/icyphy/ptII/ptolemy/actor/lib/test/auto/TestExceptionAttribute4.xml
.TestExceptionAttribute4.TestExceptionAttribute: initialize() was not invoked, but wrapup() was.  This is unusual, but not always a problem.  For example, exporting JNLP will do this.
.TestExceptionAttribute4.TestExceptionAttribute2: initialize() was not invoked, but wrapup() was.  This is unusual, but not always a problem.  For example, exporting JNLP will do this.
0 ms. Memory: 546816K Free: 448129K (82%)
----------------- Invoking toplevel() on ptolemy.moml.MoMLSimpleApplication@3c7d9b95
----------------- Done invoking toplevel() on ptolemy.moml.MoMLSimpleApplication@3c7d9b95
reloadAllAccessors: .TestExceptionAttribute4

===========================================================================================
----------------- testing Mon Mar 09 14:43:21 UTC 2020 /home/travis/build/icyphy/ptII/ptolemy/actor/lib/test/auto/TestExceptionHandler1.xml
----------------- Instantiating /home/travis/build/icyphy/ptII/ptolemy/actor/lib/test/auto/TestExceptionHandler1.xml
1 ms. Memory: 546816K Free: 444033K (81%)
----------------- Invoking toplevel() on ptolemy.moml.MoMLSimpleApplication@53fd815
----------------- Done invoking toplevel() on ptolemy.moml.MoMLSimpleApplication@53fd815
reloadAllAccessors: .TestExceptionHandler1

===========================================================================================
----------------- testing Mon Mar 09 14:43:21 UTC 2020 /home/travis/build/icyphy/ptII/ptolemy/actor/lib/test/auto/TestExceptionHandler2.xml
----------------- Instantiating /home/travis/build/icyphy/ptII/ptolemy/actor/lib/test/auto/TestExceptionHandler2.xml
1 ms. Memory: 546816K Free: 440447K (81%)
----------------- Invoking toplevel() on ptolemy.moml.MoMLSimpleApplication@45879556
----------------- Done invoking toplevel() on ptolemy.moml.MoMLSimpleApplication@45879556
reloadAllAccessors: .TestExceptionHandler2

===========================================================================================
----------------- testing Mon Mar 09 14:43:21 UTC 2020 /home/travis/build/icyphy/ptII/ptolemy/actor/lib/test/auto/TestExceptionHandler3.xml
----------------- Instantiating /home/travis/build/icyphy/ptII/ptolemy/actor/lib/test/auto/TestExceptionHandler3.xml
1 ms. Memory: 546816K Free: 436865K (80%)
----------------- Invoking toplevel() on ptolemy.moml.MoMLSimpleApplication@4c57360a
----------------- Done invoking toplevel() on ptolemy.moml.MoMLSimpleApplication@4c57360a
reloadAllAccessors: .TestExceptionHandler3

===========================================================================================
----------------- testing Mon Mar 09 14:43:21 UTC 2020 /home/travis/build/icyphy/ptII/ptolemy/actor/lib/test/auto/TestExceptionHandler4.xml
----------------- Instantiating /home/travis/build/icyphy/ptII/ptolemy/actor/lib/test/auto/TestExceptionHandler4.xml
1 ms. Memory: 546816K Free: 432769K (79%)
----------------- Invoking toplevel() on ptolemy.moml.MoMLSimpleApplication@31765be3
----------------- Done invoking toplevel() on ptolemy.moml.MoMLSimpleApplication@31765be3
reloadAllAccessors: .TestExceptionHandler4

===========================================================================================
----------------- testing Mon Mar 09 14:43:21 UTC 2020 /home/travis/build/icyphy/ptII/ptolemy/actor/lib/test/auto/TestRequireCorrectOrder.xml
----------------- Instantiating /home/travis/build/icyphy/ptII/ptolemy/actor/lib/test/auto/TestRequireCorrectOrder.xml
5 ms. Memory: 546816K Free: 427105K (78%)
----------------- Invoking toplevel() on ptolemy.moml.MoMLSimpleApplication@1d1edba3
----------------- Done invoking toplevel() on ptolemy.moml.MoMLSimpleApplication@1d1edba3
reloadAllAccessors: .TestRequireCorrectOrder

===========================================================================================
----------------- testing Mon Mar 09 14:43:21 UTC 2020 /home/travis/build/icyphy/ptII/ptolemy/actor/lib/test/auto/TestSimple.xml
----------------- Instantiating /home/travis/build/icyphy/ptII/ptolemy/actor/lib/test/auto/TestSimple.xml
2 ms. Memory: 546816K Free: 422529K (77%)
----------------- Invoking toplevel() on ptolemy.moml.MoMLSimpleApplication@315559de
----------------- Done invoking toplevel() on ptolemy.moml.MoMLSimpleApplication@315559de
reloadAllAccessors: .TestSimple

===========================================================================================
----------------- testing Mon Mar 09 14:43:21 UTC 2020 /home/travis/build/icyphy/ptII/ptolemy/actor/lib/test/auto/ThrowModelError.xml
----------------- Instantiating /home/travis/build/icyphy/ptII/ptolemy/actor/lib/test/auto/ThrowModelError.xml
2 ms. Memory: 546816K Free: 417919K (76%)
----------------- Invoking toplevel() on ptolemy.moml.MoMLSimpleApplication@358a0aa4
----------------- Done invoking toplevel() on ptolemy.moml.MoMLSimpleApplication@358a0aa4
reloadAllAccessors: .ThrowModelError

===========================================================================================
----------------- testing Mon Mar 09 14:43:21 UTC 2020 /home/travis/build/icyphy/ptII/ptolemy/actor/lib/test/auto/TimeDelayMicrosteps.xml
----------------- Instantiating /home/travis/build/icyphy/ptII/ptolemy/actor/lib/test/auto/TimeDelayMicrosteps.xml
3 ms. Memory: 546816K Free: 410737K (75%)
----------------- Invoking toplevel() on ptolemy.moml.MoMLSimpleApplication@1bd8d1fe
----------------- Done invoking toplevel() on ptolemy.moml.MoMLSimpleApplication@1bd8d1fe
reloadAllAccessors: .TimeDelayMicrosteps

===========================================================================================
----------------- testing Mon Mar 09 14:43:21 UTC 2020 /home/travis/build/icyphy/ptII/ptolemy/actor/lib/test/auto/TimeDelayMicrosteps2.xml
----------------- Instantiating /home/travis/build/icyphy/ptII/ptolemy/actor/lib/test/auto/TimeDelayMicrosteps2.xml
2 ms. Memory: 546816K Free: 403553K (74%)
----------------- Invoking toplevel() on ptolemy.moml.MoMLSimpleApplication@61fb2408
----------------- Done invoking toplevel() on ptolemy.moml.MoMLSimpleApplication@61fb2408
reloadAllAccessors: .TimeDelayMicrosteps2

===========================================================================================
----------------- testing Mon Mar 09 14:43:22 UTC 2020 /home/travis/build/icyphy/ptII/ptolemy/actor/lib/test/auto/TimeDelayMicrosteps3.xml
----------------- Instantiating /home/travis/build/icyphy/ptII/ptolemy/actor/lib/test/auto/TimeDelayMicrosteps3.xml
3 ms. Memory: 546816K Free: 396929K (73%)
----------------- Invoking toplevel() on ptolemy.moml.MoMLSimpleApplication@7e96ce9b
----------------- Done invoking toplevel() on ptolemy.moml.MoMLSimpleApplication@7e96ce9b
reloadAllAccessors: .TimeDelayMicrosteps3

===========================================================================================
----------------- testing Mon Mar 09 14:43:22 UTC 2020 /home/travis/build/icyphy/ptII/ptolemy/actor/lib/test/auto/TimeDelayVariableMicrosteps.xml
----------------- Instantiating /home/travis/build/icyphy/ptII/ptolemy/actor/lib/test/auto/TimeDelayVariableMicrosteps.xml
2 ms. Memory: 546816K Free: 390271K (71%)
----------------- Invoking toplevel() on ptolemy.moml.MoMLSimpleApplication@2f074a95
----------------- Done invoking toplevel() on ptolemy.moml.MoMLSimpleApplication@2f074a95
reloadAllAccessors: .TimeDelayVariableMicrosteps

===========================================================================================
----------------- testing Mon Mar 09 14:43:22 UTC 2020 /home/travis/build/icyphy/ptII/ptolemy/actor/lib/test/auto/TimeGap.xml
----------------- Instantiating /home/travis/build/icyphy/ptII/ptolemy/actor/lib/test/auto/TimeGap.xml
3 ms. Memory: 546816K Free: 384641K (70%)
----------------- Invoking toplevel() on ptolemy.moml.MoMLSimpleApplication@1ffe79c6
----------------- Done invoking toplevel() on ptolemy.moml.MoMLSimpleApplication@1ffe79c6
reloadAllAccessors: .TimeGap

===========================================================================================
----------------- testing Mon Mar 09 14:43:22 UTC 2020 /home/travis/build/icyphy/ptII/ptolemy/actor/lib/test/auto/TimeGap2.xml
----------------- Instantiating /home/travis/build/icyphy/ptII/ptolemy/actor/lib/test/auto/TimeGap2.xml
2 ms. Memory: 546816K Free: 378993K (69%)
----------------- Invoking toplevel() on ptolemy.moml.MoMLSimpleApplication@223d734a
----------------- Done invoking toplevel() on ptolemy.moml.MoMLSimpleApplication@223d734a
reloadAllAccessors: .TimeGap2

===========================================================================================
----------------- testing Mon Mar 09 14:43:22 UTC 2020 /home/travis/build/icyphy/ptII/ptolemy/actor/lib/test/auto/TimedSinewave.xml
----------------- Instantiating /home/travis/build/icyphy/ptII/ptolemy/actor/lib/test/auto/TimedSinewave.xml
21 ms. Memory: 546816K Free: 364671K (67%)
----------------- Invoking toplevel() on ptolemy.moml.MoMLSimpleApplication@5f76df26
----------------- Done invoking toplevel() on ptolemy.moml.MoMLSimpleApplication@5f76df26
reloadAllAccessors: .TimedSinewave

===========================================================================================
----------------- testing Mon Mar 09 14:43:22 UTC 2020 /home/travis/build/icyphy/ptII/ptolemy/actor/lib/test/auto/TimedSinewavePhase.xml
----------------- Instantiating /home/travis/build/icyphy/ptII/ptolemy/actor/lib/test/auto/TimedSinewavePhase.xml
13 ms. Memory: 546816K Free: 354431K (65%)
----------------- Invoking toplevel() on ptolemy.moml.MoMLSimpleApplication@6273f0f8
----------------- Done invoking toplevel() on ptolemy.moml.MoMLSimpleApplication@6273f0f8
reloadAllAccessors: .TimedSinewavePhase

===========================================================================================
----------------- testing Mon Mar 09 14:43:22 UTC 2020 /home/travis/build/icyphy/ptII/ptolemy/actor/lib/test/auto/Timer.xml
----------------- Instantiating /home/travis/build/icyphy/ptII/ptolemy/actor/lib/test/auto/Timer.xml
2 ms. Memory: 546816K Free: 348801K (64%)
----------------- Invoking toplevel() on ptolemy.moml.MoMLSimpleApplication@4bbb04fc
----------------- Done invoking toplevel() on ptolemy.moml.MoMLSimpleApplication@4bbb04fc
reloadAllAccessors: .Timer

===========================================================================================
----------------- testing Mon Mar 09 14:43:22 UTC 2020 /home/travis/build/icyphy/ptII/ptolemy/actor/lib/test/auto/TriangularDistTestModel.xml
----------------- Instantiating /home/travis/build/icyphy/ptII/ptolemy/actor/lib/test/auto/TriangularDistTestModel.xml
2 ms. Memory: 546816K Free: 343137K (63%)
----------------- Invoking toplevel() on ptolemy.moml.MoMLSimpleApplication@6f548e59
----------------- Done invoking toplevel() on ptolemy.moml.MoMLSimpleApplication@6f548e59
reloadAllAccessors: .TriangularDistTestModel

===========================================================================================
----------------- testing Mon Mar 09 14:43:22 UTC 2020 /home/travis/build/icyphy/ptII/ptolemy/actor/lib/test/auto/TrigFunction.xml
----------------- Instantiating /home/travis/build/icyphy/ptII/ptolemy/actor/lib/test/auto/TrigFunction.xml
1 ms. Memory: 546816K Free: 338047K (62%)
----------------- Invoking toplevel() on ptolemy.moml.MoMLSimpleApplication@451c827d
----------------- Done invoking toplevel() on ptolemy.moml.MoMLSimpleApplication@451c827d
reloadAllAccessors: .TrigFunction

===========================================================================================
----------------- testing Mon Mar 09 14:43:22 UTC 2020 /home/travis/build/icyphy/ptII/ptolemy/actor/lib/test/auto/TrigFunctionDE.xml
----------------- Instantiating /home/travis/build/icyphy/ptII/ptolemy/actor/lib/test/auto/TrigFunctionDE.xml
2 ms. Memory: 546816K Free: 331889K (61%)
----------------- Invoking toplevel() on ptolemy.moml.MoMLSimpleApplication@19f831d5
----------------- Done invoking toplevel() on ptolemy.moml.MoMLSimpleApplication@19f831d5
reloadAllAccessors: .TrigFunctionDE

===========================================================================================
----------------- testing Mon Mar 09 14:43:22 UTC 2020 /home/travis/build/icyphy/ptII/ptolemy/actor/lib/test/auto/TrigFunctionInverse.xml
----------------- Instantiating /home/travis/build/icyphy/ptII/ptolemy/actor/lib/test/auto/TrigFunctionInverse.xml
2 ms. Memory: 546816K Free: 326783K (60%)
----------------- Invoking toplevel() on ptolemy.moml.MoMLSimpleApplication@337c04e3
----------------- Done invoking toplevel() on ptolemy.moml.MoMLSimpleApplication@337c04e3
reloadAllAccessors: .TrigFunctionInverse

===========================================================================================
----------------- testing Mon Mar 09 14:43:22 UTC 2020 /home/travis/build/icyphy/ptII/ptolemy/actor/lib/test/auto/TrigFunctionTan.xml
----------------- Instantiating /home/travis/build/icyphy/ptII/ptolemy/actor/lib/test/auto/TrigFunctionTan.xml
1 ms. Memory: 546816K Free: 322687K (59%)
----------------- Invoking toplevel() on ptolemy.moml.MoMLSimpleApplication@7e745416
----------------- Done invoking toplevel() on ptolemy.moml.MoMLSimpleApplication@7e745416
reloadAllAccessors: .TrigFunctionTan

===========================================================================================
----------------- testing Mon Mar 09 14:43:22 UTC 2020 /home/travis/build/icyphy/ptII/ptolemy/actor/lib/test/auto/TriggeredClock.xml
----------------- Instantiating /home/travis/build/icyphy/ptII/ptolemy/actor/lib/test/auto/TriggeredClock.xml
2 ms. Memory: 546816K Free: 317057K (58%)
----------------- Invoking toplevel() on ptolemy.moml.MoMLSimpleApplication@40d766b9
----------------- Done invoking toplevel() on ptolemy.moml.MoMLSimpleApplication@40d766b9
reloadAllAccessors: .TriggeredClock

===========================================================================================
----------------- testing Mon Mar 09 14:43:22 UTC 2020 /home/travis/build/icyphy/ptII/ptolemy/actor/lib/test/auto/URLDirectoryReader.xml
----------------- Instantiating /home/travis/build/icyphy/ptII/ptolemy/actor/lib/test/auto/URLDirectoryReader.xml
41 ms. Memory: 546816K Free: 307327K (56%)
----------------- Invoking toplevel() on ptolemy.moml.MoMLSimpleApplication@2d2dbbf3
----------------- Done invoking toplevel() on ptolemy.moml.MoMLSimpleApplication@2d2dbbf3
reloadAllAccessors: .URLDirectoryReader

===========================================================================================
----------------- testing Mon Mar 09 14:43:22 UTC 2020 /home/travis/build/icyphy/ptII/ptolemy/actor/lib/test/auto/URLDirectoryReader3.xml
----------------- Instantiating /home/travis/build/icyphy/ptII/ptolemy/actor/lib/test/auto/URLDirectoryReader3.xml
1394 ms. Memory: 546816K Free: 484943K (89%)
----------------- Invoking toplevel() on ptolemy.moml.MoMLSimpleApplication@49f2b6fb
----------------- Done invoking toplevel() on ptolemy.moml.MoMLSimpleApplication@49f2b6fb
reloadAllAccessors: .URLDirectoryReader3

===========================================================================================
----------------- testing Mon Mar 09 14:43:24 UTC 2020 /home/travis/build/icyphy/ptII/ptolemy/actor/lib/test/auto/UnaryMathFunction.xml
----------------- Instantiating /home/travis/build/icyphy/ptII/ptolemy/actor/lib/test/auto/UnaryMathFunction.xml
2 ms. Memory: 546816K Free: 477261K (87%)
----------------- Invoking toplevel() on ptolemy.moml.MoMLSimpleApplication@6499d067
----------------- Done invoking toplevel() on ptolemy.moml.MoMLSimpleApplication@6499d067
reloadAllAccessors: .UnaryMathFunction

===========================================================================================
----------------- testing Mon Mar 09 14:43:24 UTC 2020 /home/travis/build/icyphy/ptII/ptolemy/actor/lib/test/auto/Uniform.xml
----------------- Instantiating /home/travis/build/icyphy/ptII/ptolemy/actor/lib/test/auto/Uniform.xml
4 ms. Memory: 546816K Free: 472141K (86%)
----------------- Invoking toplevel() on ptolemy.moml.MoMLSimpleApplication@297ccc20
----------------- Done invoking toplevel() on ptolemy.moml.MoMLSimpleApplication@297ccc20
reloadAllAccessors: .Uniform

===========================================================================================
----------------- testing Mon Mar 09 14:43:24 UTC 2020 /home/travis/build/icyphy/ptII/ptolemy/actor/lib/test/auto/UnionDisassemblerTest.xml
----------------- Instantiating /home/travis/build/icyphy/ptII/ptolemy/actor/lib/test/auto/UnionDisassemblerTest.xml
13 ms. Memory: 546816K Free: 468559K (86%)
----------------- Invoking toplevel() on ptolemy.moml.MoMLSimpleApplication@73d1b2e1
----------------- Done invoking toplevel() on ptolemy.moml.MoMLSimpleApplication@73d1b2e1
reloadAllAccessors: .UnionDisassemblerTest

===========================================================================================
----------------- testing Mon Mar 09 14:43:24 UTC 2020 /home/travis/build/icyphy/ptII/ptolemy/actor/lib/test/auto/UtilityFunctions.xml
----------------- Instantiating /home/travis/build/icyphy/ptII/ptolemy/actor/lib/test/auto/UtilityFunctions.xml
1 ms. Memory: 546816K Free: 464463K (85%)
----------------- Invoking toplevel() on ptolemy.moml.MoMLSimpleApplication@5a246d5d
----------------- Done invoking toplevel() on ptolemy.moml.MoMLSimpleApplication@5a246d5d
reloadAllAccessors: .UtilityFunctions

===========================================================================================
----------------- testing Mon Mar 09 14:43:24 UTC 2020 /home/travis/build/icyphy/ptII/ptolemy/actor/lib/test/auto/VariableSleep.xml
----------------- Instantiating /home/travis/build/icyphy/ptII/ptolemy/actor/lib/test/auto/VariableSleep.xml
503 ms. Memory: 546816K Free: 458829K (84%)
----------------- Invoking toplevel() on ptolemy.moml.MoMLSimpleApplication@433485c1
----------------- Done invoking toplevel() on ptolemy.moml.MoMLSimpleApplication@433485c1
reloadAllAccessors: .VariableSleep

===========================================================================================
----------------- testing Mon Mar 09 14:43:24 UTC 2020 /home/travis/build/icyphy/ptII/ptolemy/actor/lib/test/auto/VectorAssemblerDisassemblerCT.xml
----------------- Instantiating /home/travis/build/icyphy/ptII/ptolemy/actor/lib/test/auto/VectorAssemblerDisassemblerCT.xml
73 ms. Memory: 546816K Free: 438863K (80%)
----------------- Invoking toplevel() on ptolemy.moml.MoMLSimpleApplication@279def41
----------------- Done invoking toplevel() on ptolemy.moml.MoMLSimpleApplication@279def41
reloadAllAccessors: .VectorAssemblerDisassemblerCT

===========================================================================================
----------------- testing Mon Mar 09 14:43:24 UTC 2020 /home/travis/build/icyphy/ptII/ptolemy/actor/lib/test/auto/VectorAssemblerDisassemblerDE.xml
----------------- Instantiating /home/travis/build/icyphy/ptII/ptolemy/actor/lib/test/auto/VectorAssemblerDisassemblerDE.xml
10 ms. Memory: 546816K Free: 431695K (79%)
----------------- Invoking toplevel() on ptolemy.moml.MoMLSimpleApplication@5bbb815a
----------------- Done invoking toplevel() on ptolemy.moml.MoMLSimpleApplication@5bbb815a
reloadAllAccessors: .VectorAssemblerDisassemblerDE

===========================================================================================
----------------- testing Mon Mar 09 14:43:24 UTC 2020 /home/travis/build/icyphy/ptII/ptolemy/actor/lib/test/auto/VectorAssemblerDisassemblerSDF.xml
----------------- Instantiating /home/travis/build/icyphy/ptII/ptolemy/actor/lib/test/auto/VectorAssemblerDisassemblerSDF.xml
3 ms. Memory: 546816K Free: 425037K (78%)
----------------- Invoking toplevel() on ptolemy.moml.MoMLSimpleApplication@6930bc14
----------------- Done invoking toplevel() on ptolemy.moml.MoMLSimpleApplication@6930bc14
reloadAllAccessors: .VectorAssemblerDisassemblerSDF

===========================================================================================
----------------- testing Mon Mar 09 14:43:24 UTC 2020 /home/travis/build/icyphy/ptII/ptolemy/actor/lib/test/auto/WallClockTime.xml
----------------- Instantiating /home/travis/build/icyphy/ptII/ptolemy/actor/lib/test/auto/WallClockTime.xml
1004 ms. Memory: 546816K Free: 419407K (77%)
----------------- Invoking toplevel() on ptolemy.moml.MoMLSimpleApplication@45242c9f
----------------- Done invoking toplevel() on ptolemy.moml.MoMLSimpleApplication@45242c9f
reloadAllAccessors: .WallClockTime

===========================================================================================
----------------- testing Mon Mar 09 14:43:25 UTC 2020 /home/travis/build/icyphy/ptII/ptolemy/actor/lib/test/auto/WidthTestWithSubscriberPublisher.xml
----------------- Instantiating /home/travis/build/icyphy/ptII/ptolemy/actor/lib/test/auto/WidthTestWithSubscriberPublisher.xml
9 ms. Memory: 546816K Free: 401485K (73%)
----------------- Invoking toplevel() on ptolemy.moml.MoMLSimpleApplication@3eb62506
----------------- Done invoking toplevel() on ptolemy.moml.MoMLSimpleApplication@3eb62506
reloadAllAccessors: .WidthTestWithSubscriberPublisher

===========================================================================================
----------------- testing Mon Mar 09 14:43:25 UTC 2020 /home/travis/build/icyphy/ptII/ptolemy/actor/lib/test/auto/WidthTestWithSubscriberPublisher2.xml
----------------- Instantiating /home/travis/build/icyphy/ptII/ptolemy/actor/lib/test/auto/WidthTestWithSubscriberPublisher2.xml
3 ms. Memory: 546816K Free: 394831K (72%)
----------------- Invoking toplevel() on ptolemy.moml.MoMLSimpleApplication@1cedbd16
----------------- Done invoking toplevel() on ptolemy.moml.MoMLSimpleApplication@1cedbd16
reloadAllAccessors: .WidthTestWithSubscriberPublisher2

===========================================================================================
----------------- testing Mon Mar 09 14:43:25 UTC 2020 /home/travis/build/icyphy/ptII/ptolemy/actor/lib/test/auto/WidthTestWithSubscriberPublisher3.xml
----------------- Instantiating /home/travis/build/icyphy/ptII/ptolemy/actor/lib/test/auto/WidthTestWithSubscriberPublisher3.xml
1 ms. Memory: 546816K Free: 389197K (71%)
----------------- Invoking toplevel() on ptolemy.moml.MoMLSimpleApplication@464deaab
----------------- Done invoking toplevel() on ptolemy.moml.MoMLSimpleApplication@464deaab
reloadAllAccessors: .WidthTestWithSubscriberPublisher3

===========================================================================================
----------------- testing Mon Mar 09 14:43:25 UTC 2020 /home/travis/build/icyphy/ptII/ptolemy/actor/lib/test/auto/Writer.xml
----------------- Instantiating /home/travis/build/icyphy/ptII/ptolemy/actor/lib/test/auto/Writer.xml
0
1
2
3
4
1 ms. Memory: 546816K Free: 385071K (70%)
----------------- Invoking toplevel() on ptolemy.moml.MoMLSimpleApplication@b32a180
----------------- Done invoking toplevel() on ptolemy.moml.MoMLSimpleApplication@b32a180
reloadAllAccessors: .Writer

===========================================================================================
----------------- testing Mon Mar 09 14:43:25 UTC 2020 /home/travis/build/icyphy/ptII/ptolemy/actor/lib/test/auto/array.xml
----------------- Instantiating /home/travis/build/icyphy/ptII/ptolemy/actor/lib/test/auto/array.xml
3 ms. Memory: 546816K Free: 379981K (69%)
----------------- Invoking toplevel() on ptolemy.moml.MoMLSimpleApplication@2db41ec3
----------------- Done invoking toplevel() on ptolemy.moml.MoMLSimpleApplication@2db41ec3
reloadAllAccessors: .array

===========================================================================================
----------------- testing Mon Mar 09 14:43:26 UTC 2020 /home/travis/build/icyphy/ptII/ptolemy/actor/lib/test/auto/array2.xml
----------------- Instantiating /home/travis/build/icyphy/ptII/ptolemy/actor/lib/test/auto/array2.xml
4 ms. Memory: 546816K Free: 375375K (69%)
----------------- Invoking toplevel() on ptolemy.moml.MoMLSimpleApplication@71d957f
----------------- Done invoking toplevel() on ptolemy.moml.MoMLSimpleApplication@71d957f
reloadAllAccessors: .array2

===========================================================================================
----------------- testing Mon Mar 09 14:43:26 UTC 2020 /home/travis/build/icyphy/ptII/ptolemy/actor/lib/test/auto/arrayType.xml
----------------- Instantiating /home/travis/build/icyphy/ptII/ptolemy/actor/lib/test/auto/arrayType.xml
2 ms. Memory: 546816K Free: 370255K (68%)
----------------- Invoking toplevel() on ptolemy.moml.MoMLSimpleApplication@4798b1e3
----------------- Done invoking toplevel() on ptolemy.moml.MoMLSimpleApplication@4798b1e3
reloadAllAccessors: .arrayType

===========================================================================================
----------------- testing Mon Mar 09 14:43:26 UTC 2020 /home/travis/build/icyphy/ptII/ptolemy/actor/lib/test/auto/arrayType10.xml
----------------- Instantiating /home/travis/build/icyphy/ptII/ptolemy/actor/lib/test/auto/arrayType10.xml
2 ms. Memory: 546816K Free: 365135K (67%)
----------------- Invoking toplevel() on ptolemy.moml.MoMLSimpleApplication@4b0a26fd
----------------- Done invoking toplevel() on ptolemy.moml.MoMLSimpleApplication@4b0a26fd
reloadAllAccessors: .arrayType10

===========================================================================================
----------------- testing Mon Mar 09 14:43:26 UTC 2020 /home/travis/build/icyphy/ptII/ptolemy/actor/lib/test/auto/arrayType11.xml
----------------- Instantiating /home/travis/build/icyphy/ptII/ptolemy/actor/lib/test/auto/arrayType11.xml
1 ms. Memory: 546816K Free: 360525K (66%)
----------------- Invoking toplevel() on ptolemy.moml.MoMLSimpleApplication@616f54c7
----------------- Done invoking toplevel() on ptolemy.moml.MoMLSimpleApplication@616f54c7
reloadAllAccessors: .arrayType11

===========================================================================================
----------------- testing Mon Mar 09 14:43:26 UTC 2020 /home/travis/build/icyphy/ptII/ptolemy/actor/lib/test/auto/arrayType12.xml
----------------- Instantiating /home/travis/build/icyphy/ptII/ptolemy/actor/lib/test/auto/arrayType12.xml
2 ms. Memory: 546816K Free: 355919K (65%)
----------------- Invoking toplevel() on ptolemy.moml.MoMLSimpleApplication@174e6bbc
----------------- Done invoking toplevel() on ptolemy.moml.MoMLSimpleApplication@174e6bbc
reloadAllAccessors: .arrayType12

===========================================================================================
----------------- testing Mon Mar 09 14:43:26 UTC 2020 /home/travis/build/icyphy/ptII/ptolemy/actor/lib/test/auto/arrayType13.xml
----------------- Instantiating /home/travis/build/icyphy/ptII/ptolemy/actor/lib/test/auto/arrayType13.xml
1 ms. Memory: 546816K Free: 350285K (64%)
----------------- Invoking toplevel() on ptolemy.moml.MoMLSimpleApplication@3aea7944
----------------- Done invoking toplevel() on ptolemy.moml.MoMLSimpleApplication@3aea7944
reloadAllAccessors: .arrayType13

===========================================================================================
----------------- testing Mon Mar 09 14:43:26 UTC 2020 /home/travis/build/icyphy/ptII/ptolemy/actor/lib/test/auto/arrayType14.xml
----------------- Instantiating /home/travis/build/icyphy/ptII/ptolemy/actor/lib/test/auto/arrayType14.xml
1 ms. Memory: 546816K Free: 345165K (63%)
----------------- Invoking toplevel() on ptolemy.moml.MoMLSimpleApplication@59bcde1c
----------------- Done invoking toplevel() on ptolemy.moml.MoMLSimpleApplication@59bcde1c
reloadAllAccessors: .arrayType14

===========================================================================================
----------------- testing Mon Mar 09 14:43:26 UTC 2020 /home/travis/build/icyphy/ptII/ptolemy/actor/lib/test/auto/arrayType15.xml
----------------- Instantiating /home/travis/build/icyphy/ptII/ptolemy/actor/lib/test/auto/arrayType15.xml
2 ms. Memory: 546816K Free: 339535K (62%)
----------------- Invoking toplevel() on ptolemy.moml.MoMLSimpleApplication@1cd2da9f
----------------- Done invoking toplevel() on ptolemy.moml.MoMLSimpleApplication@1cd2da9f
reloadAllAccessors: .arrayType15

===========================================================================================
----------------- testing Mon Mar 09 14:43:26 UTC 2020 /home/travis/build/icyphy/ptII/ptolemy/actor/lib/test/auto/arrayType16.xml
----------------- Instantiating /home/travis/build/icyphy/ptII/ptolemy/actor/lib/test/auto/arrayType16.xml
1 ms. Memory: 546816K Free: 334415K (61%)
----------------- Invoking toplevel() on ptolemy.moml.MoMLSimpleApplication@699d91b5
----------------- Done invoking toplevel() on ptolemy.moml.MoMLSimpleApplication@699d91b5
reloadAllAccessors: .arrayType16

===========================================================================================
----------------- testing Mon Mar 09 14:43:26 UTC 2020 /home/travis/build/icyphy/ptII/ptolemy/actor/lib/test/auto/arrayType17.xml
----------------- Instantiating /home/travis/build/icyphy/ptII/ptolemy/actor/lib/test/auto/arrayType17.xml
1 ms. Memory: 546816K Free: 329295K (60%)
----------------- Invoking toplevel() on ptolemy.moml.MoMLSimpleApplication@5251f5f0
----------------- Done invoking toplevel() on ptolemy.moml.MoMLSimpleApplication@5251f5f0
reloadAllAccessors: .arrayType17

===========================================================================================
----------------- testing Mon Mar 09 14:43:26 UTC 2020 /home/travis/build/icyphy/ptII/ptolemy/actor/lib/test/auto/arrayType18.xml
----------------- Instantiating /home/travis/build/icyphy/ptII/ptolemy/actor/lib/test/auto/arrayType18.xml
1 ms. Memory: 546816K Free: 324175K (59%)
----------------- Invoking toplevel() on ptolemy.moml.MoMLSimpleApplication@2d528aa5
----------------- Done invoking toplevel() on ptolemy.moml.MoMLSimpleApplication@2d528aa5
reloadAllAccessors: .arrayType18

===========================================================================================
----------------- testing Mon Mar 09 14:43:26 UTC 2020 /home/travis/build/icyphy/ptII/ptolemy/actor/lib/test/auto/arrayType19.xml
----------------- Instantiating /home/travis/build/icyphy/ptII/ptolemy/actor/lib/test/auto/arrayType19.xml
2 ms. Memory: 546816K Free: 319565K (58%)
----------------- Invoking toplevel() on ptolemy.moml.MoMLSimpleApplication@24c4037f
----------------- Done invoking toplevel() on ptolemy.moml.MoMLSimpleApplication@24c4037f
reloadAllAccessors: .arrayType19

===========================================================================================
----------------- testing Mon Mar 09 14:43:26 UTC 2020 /home/travis/build/icyphy/ptII/ptolemy/actor/lib/test/auto/arrayType2.xml
----------------- Instantiating /home/travis/build/icyphy/ptII/ptolemy/actor/lib/test/auto/arrayType2.xml
2 ms. Memory: 546816K Free: 314445K (58%)
----------------- Invoking toplevel() on ptolemy.moml.MoMLSimpleApplication@3c556eba
----------------- Done invoking toplevel() on ptolemy.moml.MoMLSimpleApplication@3c556eba
reloadAllAccessors: .arrayType2

===========================================================================================
----------------- testing Mon Mar 09 14:43:26 UTC 2020 /home/travis/build/icyphy/ptII/ptolemy/actor/lib/test/auto/arrayType20.xml
----------------- Instantiating /home/travis/build/icyphy/ptII/ptolemy/actor/lib/test/auto/arrayType20.xml
1 ms. Memory: 546816K Free: 309325K (57%)
----------------- Invoking toplevel() on ptolemy.moml.MoMLSimpleApplication@292e0d0c
----------------- Done invoking toplevel() on ptolemy.moml.MoMLSimpleApplication@292e0d0c
reloadAllAccessors: .arrayType20

===========================================================================================
----------------- testing Mon Mar 09 14:43:26 UTC 2020 /home/travis/build/icyphy/ptII/ptolemy/actor/lib/test/auto/arrayType21.xml
----------------- Instantiating /home/travis/build/icyphy/ptII/ptolemy/actor/lib/test/auto/arrayType21.xml
1 ms. Memory: 546816K Free: 304719K (56%)
----------------- Invoking toplevel() on ptolemy.moml.MoMLSimpleApplication@3a2c4012
----------------- Done invoking toplevel() on ptolemy.moml.MoMLSimpleApplication@3a2c4012
reloadAllAccessors: .arrayType21

===========================================================================================
----------------- testing Mon Mar 09 14:43:26 UTC 2020 /home/travis/build/icyphy/ptII/ptolemy/actor/lib/test/auto/arrayType22.xml
----------------- Instantiating /home/travis/build/icyphy/ptII/ptolemy/actor/lib/test/auto/arrayType22.xml
1 ms. Memory: 546816K Free: 299599K (55%)
----------------- Invoking toplevel() on ptolemy.moml.MoMLSimpleApplication@744e9f97
----------------- Done invoking toplevel() on ptolemy.moml.MoMLSimpleApplication@744e9f97
reloadAllAccessors: .arrayType22

===========================================================================================
----------------- testing Mon Mar 09 14:43:26 UTC 2020 /home/travis/build/icyphy/ptII/ptolemy/actor/lib/test/auto/arrayType23.xml
----------------- Instantiating /home/travis/build/icyphy/ptII/ptolemy/actor/lib/test/auto/arrayType23.xml
1 ms. Memory: 546816K Free: 294989K (54%)
----------------- Invoking toplevel() on ptolemy.moml.MoMLSimpleApplication@2009d22e
----------------- Done invoking toplevel() on ptolemy.moml.MoMLSimpleApplication@2009d22e
reloadAllAccessors: .arrayType23

===========================================================================================
----------------- testing Mon Mar 09 14:43:26 UTC 2020 /home/travis/build/icyphy/ptII/ptolemy/actor/lib/test/auto/arrayType24.xml
----------------- Instantiating /home/travis/build/icyphy/ptII/ptolemy/actor/lib/test/auto/arrayType24.xml
3 ms. Memory: 546816K Free: 290383K (53%)
----------------- Invoking toplevel() on ptolemy.moml.MoMLSimpleApplication@6a2fc7d7
----------------- Done invoking toplevel() on ptolemy.moml.MoMLSimpleApplication@6a2fc7d7
reloadAllAccessors: .arrayType24

===========================================================================================
----------------- testing Mon Mar 09 14:43:26 UTC 2020 /home/travis/build/icyphy/ptII/ptolemy/actor/lib/test/auto/arrayType25.xml
----------------- Instantiating /home/travis/build/icyphy/ptII/ptolemy/actor/lib/test/auto/arrayType25.xml
1 ms. Memory: 546816K Free: 284749K (52%)
----------------- Invoking toplevel() on ptolemy.moml.MoMLSimpleApplication@724ad146
----------------- Done invoking toplevel() on ptolemy.moml.MoMLSimpleApplication@724ad146
reloadAllAccessors: .arrayType25

===========================================================================================
----------------- testing Mon Mar 09 14:43:26 UTC 2020 /home/travis/build/icyphy/ptII/ptolemy/actor/lib/test/auto/arrayType26.xml
----------------- Instantiating /home/travis/build/icyphy/ptII/ptolemy/actor/lib/test/auto/arrayType26.xml
2 ms. Memory: 546816K Free: 279629K (51%)
----------------- Invoking toplevel() on ptolemy.moml.MoMLSimpleApplication@195e25e1
----------------- Done invoking toplevel() on ptolemy.moml.MoMLSimpleApplication@195e25e1
reloadAllAccessors: .arrayType26

===========================================================================================
----------------- testing Mon Mar 09 14:43:26 UTC 2020 /home/travis/build/icyphy/ptII/ptolemy/actor/lib/test/auto/arrayType27.xml
----------------- Instantiating /home/travis/build/icyphy/ptII/ptolemy/actor/lib/test/auto/arrayType27.xml
1 ms. Memory: 546816K Free: 273999K (50%)
----------------- Invoking toplevel() on ptolemy.moml.MoMLSimpleApplication@66acf424
----------------- Done invoking toplevel() on ptolemy.moml.MoMLSimpleApplication@66acf424
reloadAllAccessors: .arrayType27

===========================================================================================
----------------- testing Mon Mar 09 14:43:26 UTC 2020 /home/travis/build/icyphy/ptII/ptolemy/actor/lib/test/auto/arrayType28.xml
----------------- Instantiating /home/travis/build/icyphy/ptII/ptolemy/actor/lib/test/auto/arrayType28.xml
2 ms. Memory: 546816K Free: 268879K (49%)
----------------- Invoking toplevel() on ptolemy.moml.MoMLSimpleApplication@3ac2c293
----------------- Done invoking toplevel() on ptolemy.moml.MoMLSimpleApplication@3ac2c293
reloadAllAccessors: .arrayType28

===========================================================================================
----------------- testing Mon Mar 09 14:43:26 UTC 2020 /home/travis/build/icyphy/ptII/ptolemy/actor/lib/test/auto/arrayType3.xml
----------------- Instantiating /home/travis/build/icyphy/ptII/ptolemy/actor/lib/test/auto/arrayType3.xml
2 ms. Memory: 546816K Free: 263759K (48%)
----------------- Invoking toplevel() on ptolemy.moml.MoMLSimpleApplication@62fd0d40
----------------- Done invoking toplevel() on ptolemy.moml.MoMLSimpleApplication@62fd0d40
reloadAllAccessors: .arrayType3

===========================================================================================
----------------- testing Mon Mar 09 14:43:26 UTC 2020 /home/travis/build/icyphy/ptII/ptolemy/actor/lib/test/auto/arrayType4.xml
----------------- Instantiating /home/travis/build/icyphy/ptII/ptolemy/actor/lib/test/auto/arrayType4.xml
1 ms. Memory: 546816K Free: 258125K (47%)
----------------- Invoking toplevel() on ptolemy.moml.MoMLSimpleApplication@48338182
----------------- Done invoking toplevel() on ptolemy.moml.MoMLSimpleApplication@48338182
reloadAllAccessors: .arrayType4

===========================================================================================
----------------- testing Mon Mar 09 14:43:26 UTC 2020 /home/travis/build/icyphy/ptII/ptolemy/actor/lib/test/auto/arrayType5.xml
----------------- Instantiating /home/travis/build/icyphy/ptII/ptolemy/actor/lib/test/auto/arrayType5.xml
2 ms. Memory: 546816K Free: 253005K (46%)
----------------- Invoking toplevel() on ptolemy.moml.MoMLSimpleApplication@64f011a3
----------------- Done invoking toplevel() on ptolemy.moml.MoMLSimpleApplication@64f011a3
reloadAllAccessors: .arrayType5

===========================================================================================
----------------- testing Mon Mar 09 14:43:26 UTC 2020 /home/travis/build/icyphy/ptII/ptolemy/actor/lib/test/auto/arrayType6.xml
----------------- Instantiating /home/travis/build/icyphy/ptII/ptolemy/actor/lib/test/auto/arrayType6.xml
1 ms. Memory: 546816K Free: 247885K (45%)
----------------- Invoking toplevel() on ptolemy.moml.MoMLSimpleApplication@61afdec8
----------------- Done invoking toplevel() on ptolemy.moml.MoMLSimpleApplication@61afdec8
reloadAllAccessors: .arrayType6

===========================================================================================
----------------- testing Mon Mar 09 14:43:26 UTC 2020 /home/travis/build/icyphy/ptII/ptolemy/actor/lib/test/auto/arrayType7.xml
----------------- Instantiating /home/travis/build/icyphy/ptII/ptolemy/actor/lib/test/auto/arrayType7.xml
8 ms. Memory: 546816K Free: 243279K (44%)
----------------- Invoking toplevel() on ptolemy.moml.MoMLSimpleApplication@8393d69
----------------- Done invoking toplevel() on ptolemy.moml.MoMLSimpleApplication@8393d69
reloadAllAccessors: .arrayType7

===========================================================================================
----------------- testing Mon Mar 09 14:43:26 UTC 2020 /home/travis/build/icyphy/ptII/ptolemy/actor/lib/test/auto/arrayType8.xml
----------------- Instantiating /home/travis/build/icyphy/ptII/ptolemy/actor/lib/test/auto/arrayType8.xml
2 ms. Memory: 546816K Free: 238669K (44%)
----------------- Invoking toplevel() on ptolemy.moml.MoMLSimpleApplication@354c107c
----------------- Done invoking toplevel() on ptolemy.moml.MoMLSimpleApplication@354c107c
reloadAllAccessors: .arrayType8

===========================================================================================
----------------- testing Mon Mar 09 14:43:26 UTC 2020 /home/travis/build/icyphy/ptII/ptolemy/actor/lib/test/auto/arrayType9.xml
----------------- Instantiating /home/travis/build/icyphy/ptII/ptolemy/actor/lib/test/auto/arrayType9.xml
1 ms. Memory: 546816K Free: 233549K (43%)
----------------- Invoking toplevel() on ptolemy.moml.MoMLSimpleApplication@5d7e81a8
----------------- Done invoking toplevel() on ptolemy.moml.MoMLSimpleApplication@5d7e81a8
reloadAllAccessors: .arrayType9

===========================================================================================
----------------- testing Mon Mar 09 14:43:26 UTC 2020 /home/travis/build/icyphy/ptII/ptolemy/actor/lib/test/auto/cast.xml
----------------- Instantiating /home/travis/build/icyphy/ptII/ptolemy/actor/lib/test/auto/cast.xml
11 ms. Memory: 546816K Free: 228943K (42%)
----------------- Invoking toplevel() on ptolemy.moml.MoMLSimpleApplication@5918e9f0
----------------- Done invoking toplevel() on ptolemy.moml.MoMLSimpleApplication@5918e9f0
reloadAllAccessors: .cast

===========================================================================================
----------------- testing Mon Mar 09 14:43:26 UTC 2020 /home/travis/build/icyphy/ptII/ptolemy/actor/lib/test/auto/compositeMultiPort.xml
----------------- Instantiating /home/travis/build/icyphy/ptII/ptolemy/actor/lib/test/auto/compositeMultiPort.xml
3 ms. Memory: 546816K Free: 219727K (40%)
----------------- Invoking toplevel() on ptolemy.moml.MoMLSimpleApplication@22e078e
----------------- Done invoking toplevel() on ptolemy.moml.MoMLSimpleApplication@22e078e
reloadAllAccessors: .compositeMultiPort

===========================================================================================
----------------- testing Mon Mar 09 14:43:26 UTC 2020 /home/travis/build/icyphy/ptII/ptolemy/actor/lib/test/auto/expressionCastInference.xml
----------------- Instantiating /home/travis/build/icyphy/ptII/ptolemy/actor/lib/test/auto/expressionCastInference.xml
2 ms. Memory: 546816K Free: 215117K (39%)
----------------- Invoking toplevel() on ptolemy.moml.MoMLSimpleApplication@28ce0e69
----------------- Done invoking toplevel() on ptolemy.moml.MoMLSimpleApplication@28ce0e69
reloadAllAccessors: .expressionCastInference

===========================================================================================
----------------- testing Mon Mar 09 14:43:26 UTC 2020 /home/travis/build/icyphy/ptII/ptolemy/actor/lib/test/auto/expressionCastInference2.xml
----------------- Instantiating /home/travis/build/icyphy/ptII/ptolemy/actor/lib/test/auto/expressionCastInference2.xml
2 ms. Memory: 546816K Free: 209997K (38%)
----------------- Invoking toplevel() on ptolemy.moml.MoMLSimpleApplication@4cc04a47
----------------- Done invoking toplevel() on ptolemy.moml.MoMLSimpleApplication@4cc04a47
reloadAllAccessors: .expressionCastInference2

===========================================================================================
----------------- testing Mon Mar 09 14:43:26 UTC 2020 /home/travis/build/icyphy/ptII/ptolemy/actor/lib/test/auto/expressionInference.xml
----------------- Instantiating /home/travis/build/icyphy/ptII/ptolemy/actor/lib/test/auto/expressionInference.xml
1 ms. Memory: 546816K Free: 205901K (38%)
----------------- Invoking toplevel() on ptolemy.moml.MoMLSimpleApplication@670f5143
----------------- Done invoking toplevel() on ptolemy.moml.MoMLSimpleApplication@670f5143
reloadAllAccessors: .expressionInference

===========================================================================================
----------------- testing Mon Mar 09 14:43:26 UTC 2020 /home/travis/build/icyphy/ptII/ptolemy/actor/lib/test/auto/expression_bug.xml
----------------- Instantiating /home/travis/build/icyphy/ptII/ptolemy/actor/lib/test/auto/expression_bug.xml
1 ms. Memory: 546816K Free: 201805K (37%)
----------------- Invoking toplevel() on ptolemy.moml.MoMLSimpleApplication@7e46643a
----------------- Done invoking toplevel() on ptolemy.moml.MoMLSimpleApplication@7e46643a
reloadAllAccessors: .expression_bug

===========================================================================================
----------------- testing Mon Mar 09 14:43:26 UTC 2020 /home/travis/build/icyphy/ptII/ptolemy/actor/lib/test/auto/factorial.xml
----------------- Instantiating /home/travis/build/icyphy/ptII/ptolemy/actor/lib/test/auto/factorial.xml
29 ms. Memory: 546816K Free: 193103K (35%)
----------------- Invoking toplevel() on ptolemy.moml.MoMLSimpleApplication@52e49f16
----------------- Done invoking toplevel() on ptolemy.moml.MoMLSimpleApplication@52e49f16
reloadAllAccessors: .factorial

===========================================================================================
----------------- testing Mon Mar 09 14:43:26 UTC 2020 /home/travis/build/icyphy/ptII/ptolemy/actor/lib/test/auto/filterTest1.xml
----------------- Instantiating /home/travis/build/icyphy/ptII/ptolemy/actor/lib/test/auto/filterTest1.xml
5 ms. Memory: 546816K Free: 187469K (34%)
----------------- Invoking toplevel() on ptolemy.moml.MoMLSimpleApplication@1fec9d26
----------------- Done invoking toplevel() on ptolemy.moml.MoMLSimpleApplication@1fec9d26
reloadAllAccessors: .filterTest1

===========================================================================================
----------------- testing Mon Mar 09 14:43:26 UTC 2020 /home/travis/build/icyphy/ptII/ptolemy/actor/lib/test/auto/funcApplyInConst.xml
----------------- Instantiating /home/travis/build/icyphy/ptII/ptolemy/actor/lib/test/auto/funcApplyInConst.xml
1 ms. Memory: 546816K Free: 183373K (34%)
----------------- Invoking toplevel() on ptolemy.moml.MoMLSimpleApplication@2fe4bd4
----------------- Done invoking toplevel() on ptolemy.moml.MoMLSimpleApplication@2fe4bd4
reloadAllAccessors: .funcApplyInConst

===========================================================================================
----------------- testing Mon Mar 09 14:43:26 UTC 2020 /home/travis/build/icyphy/ptII/ptolemy/actor/lib/test/auto/funcApplyInExpr.xml
----------------- Instantiating /home/travis/build/icyphy/ptII/ptolemy/actor/lib/test/auto/funcApplyInExpr.xml
1 ms. Memory: 546816K Free: 179791K (33%)
----------------- Invoking toplevel() on ptolemy.moml.MoMLSimpleApplication@10a6c77d
----------------- Done invoking toplevel() on ptolemy.moml.MoMLSimpleApplication@10a6c77d
reloadAllAccessors: .funcApplyInExpr

===========================================================================================
----------------- testing Mon Mar 09 14:43:26 UTC 2020 /home/travis/build/icyphy/ptII/ptolemy/actor/lib/test/auto/function.xml
----------------- Instantiating /home/travis/build/icyphy/ptII/ptolemy/actor/lib/test/auto/function.xml
3 ms. Memory: 546816K Free: 174671K (32%)
----------------- Invoking toplevel() on ptolemy.moml.MoMLSimpleApplication@2fcdb82c
----------------- Done invoking toplevel() on ptolemy.moml.MoMLSimpleApplication@2fcdb82c
reloadAllAccessors: .function

===========================================================================================
----------------- testing Mon Mar 09 14:43:26 UTC 2020 /home/travis/build/icyphy/ptII/ptolemy/actor/lib/test/auto/function2.xml
----------------- Instantiating /home/travis/build/icyphy/ptII/ptolemy/actor/lib/test/auto/function2.xml
2 ms. Memory: 546816K Free: 488915K (89%)
----------------- Invoking toplevel() on ptolemy.moml.MoMLSimpleApplication@63c1e07a
----------------- Done invoking toplevel() on ptolemy.moml.MoMLSimpleApplication@63c1e07a
reloadAllAccessors: .function2

===========================================================================================
----------------- testing Mon Mar 09 14:43:26 UTC 2020 /home/travis/build/icyphy/ptII/ptolemy/actor/lib/test/auto/function3.xml
----------------- Instantiating /home/travis/build/icyphy/ptII/ptolemy/actor/lib/test/auto/function3.xml
1 ms. Memory: 546816K Free: 484819K (89%)
----------------- Invoking toplevel() on ptolemy.moml.MoMLSimpleApplication@6ecc90bc
----------------- Done invoking toplevel() on ptolemy.moml.MoMLSimpleApplication@6ecc90bc
reloadAllAccessors: .function3

===========================================================================================
----------------- testing Mon Mar 09 14:43:26 UTC 2020 /home/travis/build/icyphy/ptII/ptolemy/actor/lib/test/auto/functionClosureTest1.xml
----------------- Instantiating /home/travis/build/icyphy/ptII/ptolemy/actor/lib/test/auto/functionClosureTest1.xml
2 ms. Memory: 546816K Free: 479189K (88%)
----------------- Invoking toplevel() on ptolemy.moml.MoMLSimpleApplication@c600658
----------------- Done invoking toplevel() on ptolemy.moml.MoMLSimpleApplication@c600658
reloadAllAccessors: .functionClosureTest1

===========================================================================================
----------------- testing Mon Mar 09 14:43:26 UTC 2020 /home/travis/build/icyphy/ptII/ptolemy/actor/lib/test/auto/functionClosureTest2.xml
----------------- Instantiating /home/travis/build/icyphy/ptII/ptolemy/actor/lib/test/auto/functionClosureTest2.xml
1 ms. Memory: 546816K Free: 475093K (87%)
----------------- Invoking toplevel() on ptolemy.moml.MoMLSimpleApplication@6078de52
----------------- Done invoking toplevel() on ptolemy.moml.MoMLSimpleApplication@6078de52
reloadAllAccessors: .functionClosureTest2

===========================================================================================
----------------- testing Mon Mar 09 14:43:26 UTC 2020 /home/travis/build/icyphy/ptII/ptolemy/actor/lib/test/auto/functionClosureTest3.xml
----------------- Instantiating /home/travis/build/icyphy/ptII/ptolemy/actor/lib/test/auto/functionClosureTest3.xml
2 ms. Memory: 546816K Free: 469973K (86%)
----------------- Invoking toplevel() on ptolemy.moml.MoMLSimpleApplication@34fed4de
----------------- Done invoking toplevel() on ptolemy.moml.MoMLSimpleApplication@34fed4de
reloadAllAccessors: .functionClosureTest3

===========================================================================================
----------------- testing Mon Mar 09 14:43:26 UTC 2020 /home/travis/build/icyphy/ptII/ptolemy/actor/lib/test/auto/functionClosureTest4.xml
----------------- Instantiating /home/travis/build/icyphy/ptII/ptolemy/actor/lib/test/auto/functionClosureTest4.xml
3 ms. Memory: 546816K Free: 463315K (85%)
----------------- Invoking toplevel() on ptolemy.moml.MoMLSimpleApplication@63158b70
----------------- Done invoking toplevel() on ptolemy.moml.MoMLSimpleApplication@63158b70
reloadAllAccessors: .functionClosureTest4

===========================================================================================
----------------- testing Mon Mar 09 14:43:26 UTC 2020 /home/travis/build/icyphy/ptII/ptolemy/actor/lib/test/auto/functionClosureTest5.xml
----------------- Instantiating /home/travis/build/icyphy/ptII/ptolemy/actor/lib/test/auto/functionClosureTest5.xml
3 ms. Memory: 546816K Free: 458181K (84%)
----------------- Invoking toplevel() on ptolemy.moml.MoMLSimpleApplication@71d8aa9a
----------------- Done invoking toplevel() on ptolemy.moml.MoMLSimpleApplication@71d8aa9a
reloadAllAccessors: .functionClosureTest5

===========================================================================================
----------------- testing Mon Mar 09 14:43:26 UTC 2020 /home/travis/build/icyphy/ptII/ptolemy/actor/lib/test/auto/functionClosureTest6.xml
----------------- Instantiating /home/travis/build/icyphy/ptII/ptolemy/actor/lib/test/auto/functionClosureTest6.xml
2 ms. Memory: 546816K Free: 453069K (83%)
----------------- Invoking toplevel() on ptolemy.moml.MoMLSimpleApplication@2d5c2b8
----------------- Done invoking toplevel() on ptolemy.moml.MoMLSimpleApplication@2d5c2b8
reloadAllAccessors: .functionClosureTest6

===========================================================================================
----------------- testing Mon Mar 09 14:43:26 UTC 2020 /home/travis/build/icyphy/ptII/ptolemy/actor/lib/test/auto/functionsOnArcs.xml
----------------- Instantiating /home/travis/build/icyphy/ptII/ptolemy/actor/lib/test/auto/functionsOnArcs.xml
2 ms. Memory: 546816K Free: 447955K (82%)
----------------- Invoking toplevel() on ptolemy.moml.MoMLSimpleApplication@19730686
----------------- Done invoking toplevel() on ptolemy.moml.MoMLSimpleApplication@19730686
reloadAllAccessors: .functionsOnArcs

===========================================================================================
----------------- testing Mon Mar 09 14:43:26 UTC 2020 /home/travis/build/icyphy/ptII/ptolemy/actor/lib/test/auto/functionsOnArcsHOF.xml
----------------- Instantiating /home/travis/build/icyphy/ptII/ptolemy/actor/lib/test/auto/functionsOnArcsHOF.xml
3 ms. Memory: 546816K Free: 441811K (81%)
----------------- Invoking toplevel() on ptolemy.moml.MoMLSimpleApplication@68489da0
----------------- Done invoking toplevel() on ptolemy.moml.MoMLSimpleApplication@68489da0
reloadAllAccessors: .functionsOnArcsHOF

===========================================================================================
----------------- testing Mon Mar 09 14:43:26 UTC 2020 /home/travis/build/icyphy/ptII/ptolemy/actor/lib/test/auto/logic.xml
----------------- Instantiating /home/travis/build/icyphy/ptII/ptolemy/actor/lib/test/auto/logic.xml
2 ms. Memory: 546816K Free: 434643K (79%)
----------------- Invoking toplevel() on ptolemy.moml.MoMLSimpleApplication@678dcb35
----------------- Done invoking toplevel() on ptolemy.moml.MoMLSimpleApplication@678dcb35
reloadAllAccessors: .logic

===========================================================================================
----------------- testing Mon Mar 09 14:43:26 UTC 2020 /home/travis/build/icyphy/ptII/ptolemy/actor/lib/test/auto/matrixType.xml
----------------- Instantiating /home/travis/build/icyphy/ptII/ptolemy/actor/lib/test/auto/matrixType.xml
1 ms. Memory: 546816K Free: 429523K (79%)
----------------- Invoking toplevel() on ptolemy.moml.MoMLSimpleApplication@6ecca682
----------------- Done invoking toplevel() on ptolemy.moml.MoMLSimpleApplication@6ecca682
reloadAllAccessors: .matrixType

===========================================================================================
----------------- testing Mon Mar 09 14:43:27 UTC 2020 /home/travis/build/icyphy/ptII/ptolemy/actor/lib/test/auto/matrixType10.xml
----------------- Instantiating /home/travis/build/icyphy/ptII/ptolemy/actor/lib/test/auto/matrixType10.xml
1 ms. Memory: 546816K Free: 424917K (78%)
----------------- Invoking toplevel() on ptolemy.moml.MoMLSimpleApplication@5feb8c0f
----------------- Done invoking toplevel() on ptolemy.moml.MoMLSimpleApplication@5feb8c0f
reloadAllAccessors: .matrixType10

===========================================================================================
----------------- testing Mon Mar 09 14:43:27 UTC 2020 /home/travis/build/icyphy/ptII/ptolemy/actor/lib/test/auto/matrixType11.xml
----------------- Instantiating /home/travis/build/icyphy/ptII/ptolemy/actor/lib/test/auto/matrixType11.xml
1 ms. Memory: 546816K Free: 419797K (77%)
----------------- Invoking toplevel() on ptolemy.moml.MoMLSimpleApplication@57c2d794
----------------- Done invoking toplevel() on ptolemy.moml.MoMLSimpleApplication@57c2d794
reloadAllAccessors: .matrixType11

===========================================================================================
----------------- testing Mon Mar 09 14:43:27 UTC 2020 /home/travis/build/icyphy/ptII/ptolemy/actor/lib/test/auto/matrixType12.xml
----------------- Instantiating /home/travis/build/icyphy/ptII/ptolemy/actor/lib/test/auto/matrixType12.xml
1 ms. Memory: 546816K Free: 415187K (76%)
----------------- Invoking toplevel() on ptolemy.moml.MoMLSimpleApplication@e0c90d4
----------------- Done invoking toplevel() on ptolemy.moml.MoMLSimpleApplication@e0c90d4
reloadAllAccessors: .matrixType12

===========================================================================================
----------------- testing Mon Mar 09 14:43:27 UTC 2020 /home/travis/build/icyphy/ptII/ptolemy/actor/lib/test/auto/matrixType13.xml
----------------- Instantiating /home/travis/build/icyphy/ptII/ptolemy/actor/lib/test/auto/matrixType13.xml
1 ms. Memory: 546816K Free: 410067K (75%)
----------------- Invoking toplevel() on ptolemy.moml.MoMLSimpleApplication@4fea5c88
----------------- Done invoking toplevel() on ptolemy.moml.MoMLSimpleApplication@4fea5c88
reloadAllAccessors: .matrixType13

===========================================================================================
----------------- testing Mon Mar 09 14:43:27 UTC 2020 /home/travis/build/icyphy/ptII/ptolemy/actor/lib/test/auto/matrixType14.xml
----------------- Instantiating /home/travis/build/icyphy/ptII/ptolemy/actor/lib/test/auto/matrixType14.xml
2 ms. Memory: 546816K Free: 404947K (74%)
----------------- Invoking toplevel() on ptolemy.moml.MoMLSimpleApplication@7dd66495
----------------- Done invoking toplevel() on ptolemy.moml.MoMLSimpleApplication@7dd66495
reloadAllAccessors: .matrixType14

===========================================================================================
----------------- testing Mon Mar 09 14:43:27 UTC 2020 /home/travis/build/icyphy/ptII/ptolemy/actor/lib/test/auto/matrixType2.xml
----------------- Instantiating /home/travis/build/icyphy/ptII/ptolemy/actor/lib/test/auto/matrixType2.xml
1 ms. Memory: 546816K Free: 399827K (73%)
----------------- Invoking toplevel() on ptolemy.moml.MoMLSimpleApplication@5ef70916
----------------- Done invoking toplevel() on ptolemy.moml.MoMLSimpleApplication@5ef70916
reloadAllAccessors: .matrixType2

===========================================================================================
----------------- testing Mon Mar 09 14:43:27 UTC 2020 /home/travis/build/icyphy/ptII/ptolemy/actor/lib/test/auto/matrixType3.xml
----------------- Instantiating /home/travis/build/icyphy/ptII/ptolemy/actor/lib/test/auto/matrixType3.xml
4 ms. Memory: 546816K Free: 395221K (72%)
----------------- Invoking toplevel() on ptolemy.moml.MoMLSimpleApplication@57b98abc
----------------- Done invoking toplevel() on ptolemy.moml.MoMLSimpleApplication@57b98abc
reloadAllAccessors: .matrixType3

===========================================================================================
----------------- testing Mon Mar 09 14:43:27 UTC 2020 /home/travis/build/icyphy/ptII/ptolemy/actor/lib/test/auto/matrixType4.xml
----------------- Instantiating /home/travis/build/icyphy/ptII/ptolemy/actor/lib/test/auto/matrixType4.xml
1 ms. Memory: 546816K Free: 390101K (71%)
----------------- Invoking toplevel() on ptolemy.moml.MoMLSimpleApplication@34bb3208
----------------- Done invoking toplevel() on ptolemy.moml.MoMLSimpleApplication@34bb3208
reloadAllAccessors: .matrixType4

===========================================================================================
----------------- testing Mon Mar 09 14:43:27 UTC 2020 /home/travis/build/icyphy/ptII/ptolemy/actor/lib/test/auto/matrixType5.xml
----------------- Instantiating /home/travis/build/icyphy/ptII/ptolemy/actor/lib/test/auto/matrixType5.xml
1 ms. Memory: 546816K Free: 385491K (70%)
----------------- Invoking toplevel() on ptolemy.moml.MoMLSimpleApplication@7d7e6403
----------------- Done invoking toplevel() on ptolemy.moml.MoMLSimpleApplication@7d7e6403
reloadAllAccessors: .matrixType5

===========================================================================================
----------------- testing Mon Mar 09 14:43:27 UTC 2020 /home/travis/build/icyphy/ptII/ptolemy/actor/lib/test/auto/matrixType6.xml
----------------- Instantiating /home/travis/build/icyphy/ptII/ptolemy/actor/lib/test/auto/matrixType6.xml
1 ms. Memory: 546816K Free: 380371K (70%)
----------------- Invoking toplevel() on ptolemy.moml.MoMLSimpleApplication@680b568b
----------------- Done invoking toplevel() on ptolemy.moml.MoMLSimpleApplication@680b568b
reloadAllAccessors: .matrixType6

===========================================================================================
----------------- testing Mon Mar 09 14:43:27 UTC 2020 /home/travis/build/icyphy/ptII/ptolemy/actor/lib/test/auto/matrixType7.xml
----------------- Instantiating /home/travis/build/icyphy/ptII/ptolemy/actor/lib/test/auto/matrixType7.xml
1 ms. Memory: 546816K Free: 375765K (69%)
----------------- Invoking toplevel() on ptolemy.moml.MoMLSimpleApplication@1fbbaf1e
----------------- Done invoking toplevel() on ptolemy.moml.MoMLSimpleApplication@1fbbaf1e
reloadAllAccessors: .matrixType7

===========================================================================================
----------------- testing Mon Mar 09 14:43:27 UTC 2020 /home/travis/build/icyphy/ptII/ptolemy/actor/lib/test/auto/matrixType8.xml
----------------- Instantiating /home/travis/build/icyphy/ptII/ptolemy/actor/lib/test/auto/matrixType8.xml
2 ms. Memory: 546816K Free: 370645K (68%)
----------------- Invoking toplevel() on ptolemy.moml.MoMLSimpleApplication@391172d6
----------------- Done invoking toplevel() on ptolemy.moml.MoMLSimpleApplication@391172d6
reloadAllAccessors: .matrixType8

===========================================================================================
----------------- testing Mon Mar 09 14:43:27 UTC 2020 /home/travis/build/icyphy/ptII/ptolemy/actor/lib/test/auto/matrixType9.xml
----------------- Instantiating /home/travis/build/icyphy/ptII/ptolemy/actor/lib/test/auto/matrixType9.xml
1 ms. Memory: 546816K Free: 366035K (67%)
----------------- Invoking toplevel() on ptolemy.moml.MoMLSimpleApplication@79f5c9ab
----------------- Done invoking toplevel() on ptolemy.moml.MoMLSimpleApplication@79f5c9ab
reloadAllAccessors: .matrixType9

===========================================================================================
----------------- testing Mon Mar 09 14:43:27 UTC 2020 /home/travis/build/icyphy/ptII/ptolemy/actor/lib/test/auto/paraFunctest.xml
----------------- Instantiating /home/travis/build/icyphy/ptII/ptolemy/actor/lib/test/auto/paraFunctest.xml
2 ms. Memory: 546816K Free: 361939K (66%)
----------------- Invoking toplevel() on ptolemy.moml.MoMLSimpleApplication@35d11500
----------------- Done invoking toplevel() on ptolemy.moml.MoMLSimpleApplication@35d11500
reloadAllAccessors: .paraFunctest

===========================================================================================
----------------- testing Mon Mar 09 14:43:27 UTC 2020 /home/travis/build/icyphy/ptII/ptolemy/actor/lib/test/auto/paraFunctest2.xml
----------------- Instantiating /home/travis/build/icyphy/ptII/ptolemy/actor/lib/test/auto/paraFunctest2.xml
1 ms. Memory: 546816K Free: 357843K (65%)
----------------- Invoking toplevel() on ptolemy.moml.MoMLSimpleApplication@3950555
----------------- Done invoking toplevel() on ptolemy.moml.MoMLSimpleApplication@3950555
reloadAllAccessors: .paraFunctest2

===========================================================================================
----------------- testing Mon Mar 09 14:43:27 UTC 2020 /home/travis/build/icyphy/ptII/ptolemy/actor/lib/test/auto/parameterPassing.xml
----------------- Instantiating /home/travis/build/icyphy/ptII/ptolemy/actor/lib/test/auto/parameterPassing.xml
1 ms. Memory: 546816K Free: 353237K (65%)
----------------- Invoking toplevel() on ptolemy.moml.MoMLSimpleApplication@778cb3c7
----------------- Done invoking toplevel() on ptolemy.moml.MoMLSimpleApplication@778cb3c7
reloadAllAccessors: .parameterPassing

===========================================================================================
----------------- testing Mon Mar 09 14:43:27 UTC 2020 /home/travis/build/icyphy/ptII/ptolemy/actor/lib/test/auto/record.xml
----------------- Instantiating /home/travis/build/icyphy/ptII/ptolemy/actor/lib/test/auto/record.xml
2 ms. Memory: 546816K Free: 348117K (64%)
----------------- Invoking toplevel() on ptolemy.moml.MoMLSimpleApplication@1e546246
----------------- Done invoking toplevel() on ptolemy.moml.MoMLSimpleApplication@1e546246
reloadAllAccessors: .record

===========================================================================================
----------------- testing Mon Mar 09 14:43:27 UTC 2020 /home/travis/build/icyphy/ptII/ptolemy/actor/lib/test/auto/sizedarray1.xml
----------------- Instantiating /home/travis/build/icyphy/ptII/ptolemy/actor/lib/test/auto/sizedarray1.xml
1 ms. Memory: 546816K Free: 342997K (63%)
----------------- Invoking toplevel() on ptolemy.moml.MoMLSimpleApplication@56228ab5
----------------- Done invoking toplevel() on ptolemy.moml.MoMLSimpleApplication@56228ab5
reloadAllAccessors: .sizedarray1

===========================================================================================
----------------- testing Mon Mar 09 14:43:27 UTC 2020 /home/travis/build/icyphy/ptII/ptolemy/actor/lib/test/auto/sizedarray2.xml
----------------- Instantiating /home/travis/build/icyphy/ptII/ptolemy/actor/lib/test/auto/sizedarray2.xml
2 ms. Memory: 546816K Free: 337363K (62%)
----------------- Invoking toplevel() on ptolemy.moml.MoMLSimpleApplication@317db207
----------------- Done invoking toplevel() on ptolemy.moml.MoMLSimpleApplication@317db207
reloadAllAccessors: .sizedarray2

===========================================================================================
----------------- testing Mon Mar 09 14:43:27 UTC 2020 /home/travis/build/icyphy/ptII/ptolemy/actor/lib/test/auto/twoPublishers.xml
----------------- Instantiating /home/travis/build/icyphy/ptII/ptolemy/actor/lib/test/auto/twoPublishers.xml
3 ms. Memory: 546816K Free: 327123K (60%)
----------------- Invoking toplevel() on ptolemy.moml.MoMLSimpleApplication@6bd0a023
----------------- Done invoking toplevel() on ptolemy.moml.MoMLSimpleApplication@6bd0a023
reloadAllAccessors: .twoPublishers
AutoTests.java: About to close Vertx.
AutoTests.java: Vertx closed.
]]></system-out>
  <system-err><![CDATA[java.lang.RuntimeException: Execution failed
	at ptolemy.moml.MoMLSimpleApplication$UnloadThread.run(MoMLSimpleApplication.java:402)
Caused by: java.lang.RuntimeException: StringUtilities.exit() was called. Normally, we would exit here because Manager.exitAfterWrapup() was called.  However, because the ptolemy.ptII.exitAfterWrapup property is set, we throw this exception instead.
	at ptolemy.util.StringUtilities.exit(StringUtilities.java:365)
	at ptolemy.actor.Manager.wrapup(Manager.java:1549)
	at ptolemy.actor.Manager.execute(Manager.java:407)
	at ptolemy.actor.Manager.run(Manager.java:1263)
	at ptolemy.actor.Manager$PtolemyRunThread.run(Manager.java:1933)
Warning: '.top.test' is in training mode, set the trainingMode parameter to false before checking in
Warning: '.top.test' is in training mode, set the trainingMode parameter to false before checking in
Warning: '.top.test' is in training mode, set the trainingMode parameter to false before checking in
Warning: '.BooleanSwitch_RegressionTest_WrongTrainingValues.Test' is in training mode, set the trainingMode parameter to false before checking in
Warning: '.BooleanSwitch_RegressionTest_WrongTrainingValues.Test2' is in training mode, set the trainingMode parameter to false before checking in
Warning: '.BooleanSwitch_RegressionTest_WrongTrainingValues.Test2' The test produced 0 tokens.
Warning: '.top.testExceptionHandler' is in training mode, set the trainingMode parameter to false before checking in
java.lang.RuntimeException: Execution failed
	at ptolemy.moml.MoMLSimpleApplication$UnloadThread.run(MoMLSimpleApplication.java:402)
Caused by: ptolemy.kernel.util.IllegalActionException: PublisherPorts cannot be used at the top level, use a Publisher actor instead.
  in .PublisherPortToplevelSubscriber.PublisherPort
	at ptolemy.actor.PublisherPort.preinitialize(PublisherPort.java:403)
	at ptolemy.actor.CompositeActor.preinitialize(CompositeActor.java:1769)
	at ptolemy.actor.Manager.preinitializeAndResolveTypes(Manager.java:1040)
	at ptolemy.actor.Manager.initialize(Manager.java:710)
	at ptolemy.actor.Manager.execute(Manager.java:356)
	at ptolemy.actor.Manager.run(Manager.java:1263)
	at ptolemy.actor.Manager$PtolemyRunThread.run(Manager.java:1933)
java.lang.reflect.InvocationTargetException
	at java.base/jdk.internal.reflect.NativeConstructorAccessorImpl.newInstance0(Native Method)
	at java.base/jdk.internal.reflect.NativeConstructorAccessorImpl.newInstance(NativeConstructorAccessorImpl.java:62)
	at java.base/jdk.internal.reflect.DelegatingConstructorAccessorImpl.newInstance(DelegatingConstructorAccessorImpl.java:45)
	at java.base/java.lang.reflect.Constructor.newInstance(Constructor.java:490)
	at ptolemy.util.test.junit.AutoKnownFailedTests.RunModel(AutoKnownFailedTests.java:105)
	at java.base/jdk.internal.reflect.NativeMethodAccessorImpl.invoke0(Native Method)
	at java.base/jdk.internal.reflect.NativeMethodAccessorImpl.invoke(NativeMethodAccessorImpl.java:62)
	at java.base/jdk.internal.reflect.DelegatingMethodAccessorImpl.invoke(DelegatingMethodAccessorImpl.java:43)
	at java.base/java.lang.reflect.Method.invoke(Method.java:566)
	at org.junit.runners.model.FrameworkMethod$1.runReflectiveCall(FrameworkMethod.java:44)
	at org.junit.internal.runners.model.ReflectiveCallable.run(ReflectiveCallable.java:15)
	at org.junit.runners.model.FrameworkMethod.invokeExplosively(FrameworkMethod.java:41)
	at junitparams.internal.InvokeParameterisedMethod.evaluate(InvokeParameterisedMethod.java:102)
	at org.junit.internal.runners.statements.FailOnTimeout$1.run(FailOnTimeout.java:28)
Caused by: ptolemy.kernel.util.IllegalActionException: PublisherPorts cannot be used at the top level, use a Publisher actor instead.
  in .PublisherPortToplevelSubscriber.PublisherPort
	at ptolemy.actor.PublisherPort.preinitialize(PublisherPort.java:403)
	at ptolemy.actor.CompositeActor.preinitialize(CompositeActor.java:1769)
	at ptolemy.actor.Manager.preinitializeAndResolveTypes(Manager.java:1040)
	at ptolemy.actor.Manager.initialize(Manager.java:710)
	at ptolemy.actor.Manager.execute(Manager.java:356)
	at ptolemy.actor.Manager.run(Manager.java:1263)
	at ptolemy.actor.Manager$PtolemyRunThread.run(Manager.java:1933)
java.lang.RuntimeException: Execution failed
	at ptolemy.moml.MoMLSimpleApplication$UnloadThread.run(MoMLSimpleApplication.java:402)
Caused by: ptolemy.kernel.util.IllegalActionException: SubscriberPorts cannot be used at the top level, use a Subscriber actor instead.
  in .PublisherSubscriberPortToplevel.SubscriberPort
	at ptolemy.actor.SubscriberPort.preinitialize(SubscriberPort.java:328)
	at ptolemy.actor.CompositeActor.preinitialize(CompositeActor.java:1769)
	at ptolemy.actor.Manager.preinitializeAndResolveTypes(Manager.java:1040)
	at ptolemy.actor.Manager.initialize(Manager.java:710)
	at ptolemy.actor.Manager.execute(Manager.java:356)
	at ptolemy.actor.Manager.run(Manager.java:1263)
	at ptolemy.actor.Manager$PtolemyRunThread.run(Manager.java:1933)
java.lang.reflect.InvocationTargetException
	at java.base/jdk.internal.reflect.NativeConstructorAccessorImpl.newInstance0(Native Method)
	at java.base/jdk.internal.reflect.NativeConstructorAccessorImpl.newInstance(NativeConstructorAccessorImpl.java:62)
	at java.base/jdk.internal.reflect.DelegatingConstructorAccessorImpl.newInstance(DelegatingConstructorAccessorImpl.java:45)
	at java.base/java.lang.reflect.Constructor.newInstance(Constructor.java:490)
	at ptolemy.util.test.junit.AutoKnownFailedTests.RunModel(AutoKnownFailedTests.java:105)
	at java.base/jdk.internal.reflect.NativeMethodAccessorImpl.invoke0(Native Method)
	at java.base/jdk.internal.reflect.NativeMethodAccessorImpl.invoke(NativeMethodAccessorImpl.java:62)
	at java.base/jdk.internal.reflect.DelegatingMethodAccessorImpl.invoke(DelegatingMethodAccessorImpl.java:43)
	at java.base/java.lang.reflect.Method.invoke(Method.java:566)
	at org.junit.runners.model.FrameworkMethod$1.runReflectiveCall(FrameworkMethod.java:44)
	at org.junit.internal.runners.model.ReflectiveCallable.run(ReflectiveCallable.java:15)
	at org.junit.runners.model.FrameworkMethod.invokeExplosively(FrameworkMethod.java:41)
	at junitparams.internal.InvokeParameterisedMethod.evaluate(InvokeParameterisedMethod.java:102)
	at org.junit.internal.runners.statements.FailOnTimeout$1.run(FailOnTimeout.java:28)
Caused by: ptolemy.kernel.util.IllegalActionException: SubscriberPorts cannot be used at the top level, use a Subscriber actor instead.
  in .PublisherSubscriberPortToplevel.SubscriberPort
	at ptolemy.actor.SubscriberPort.preinitialize(SubscriberPort.java:328)
	at ptolemy.actor.CompositeActor.preinitialize(CompositeActor.java:1769)
	at ptolemy.actor.Manager.preinitializeAndResolveTypes(Manager.java:1040)
	at ptolemy.actor.Manager.initialize(Manager.java:710)
	at ptolemy.actor.Manager.execute(Manager.java:356)
	at ptolemy.actor.Manager.run(Manager.java:1263)
	at ptolemy.actor.Manager$PtolemyRunThread.run(Manager.java:1933)
java.lang.RuntimeException: Execution failed
	at ptolemy.moml.MoMLSimpleApplication$UnloadThread.run(MoMLSimpleApplication.java:402)
Caused by: ptolemy.kernel.util.IllegalActionException: SubscriptionAggregatorPorts cannot be used at the top level, use a SubscriptionAggregator actor instead.
  in .PublisherSubscriptionAggregatorPort.SubscriptionAggregatorPort
	at ptolemy.actor.SubscriptionAggregatorPort.preinitialize(SubscriptionAggregatorPort.java:353)
	at ptolemy.actor.CompositeActor.preinitialize(CompositeActor.java:1769)
	at ptolemy.actor.Manager.preinitializeAndResolveTypes(Manager.java:1040)
	at ptolemy.actor.Manager.initialize(Manager.java:710)
	at ptolemy.actor.Manager.execute(Manager.java:356)
	at ptolemy.actor.Manager.run(Manager.java:1263)
	at ptolemy.actor.Manager$PtolemyRunThread.run(Manager.java:1933)
java.lang.reflect.InvocationTargetException
	at java.base/jdk.internal.reflect.NativeConstructorAccessorImpl.newInstance0(Native Method)
	at java.base/jdk.internal.reflect.NativeConstructorAccessorImpl.newInstance(NativeConstructorAccessorImpl.java:62)
	at java.base/jdk.internal.reflect.DelegatingConstructorAccessorImpl.newInstance(DelegatingConstructorAccessorImpl.java:45)
	at java.base/java.lang.reflect.Constructor.newInstance(Constructor.java:490)
	at ptolemy.util.test.junit.AutoKnownFailedTests.RunModel(AutoKnownFailedTests.java:105)
	at java.base/jdk.internal.reflect.NativeMethodAccessorImpl.invoke0(Native Method)
	at java.base/jdk.internal.reflect.NativeMethodAccessorImpl.invoke(NativeMethodAccessorImpl.java:62)
	at java.base/jdk.internal.reflect.DelegatingMethodAccessorImpl.invoke(DelegatingMethodAccessorImpl.java:43)
	at java.base/java.lang.reflect.Method.invoke(Method.java:566)
	at org.junit.runners.model.FrameworkMethod$1.runReflectiveCall(FrameworkMethod.java:44)
	at org.junit.internal.runners.model.ReflectiveCallable.run(ReflectiveCallable.java:15)
	at org.junit.runners.model.FrameworkMethod.invokeExplosively(FrameworkMethod.java:41)
	at junitparams.internal.InvokeParameterisedMethod.evaluate(InvokeParameterisedMethod.java:102)
	at org.junit.internal.runners.statements.FailOnTimeout$1.run(FailOnTimeout.java:28)
Caused by: ptolemy.kernel.util.IllegalActionException: SubscriptionAggregatorPorts cannot be used at the top level, use a SubscriptionAggregator actor instead.
  in .PublisherSubscriptionAggregatorPort.SubscriptionAggregatorPort
	at ptolemy.actor.SubscriptionAggregatorPort.preinitialize(SubscriptionAggregatorPort.java:353)
	at ptolemy.actor.CompositeActor.preinitialize(CompositeActor.java:1769)
	at ptolemy.actor.Manager.preinitializeAndResolveTypes(Manager.java:1040)
	at ptolemy.actor.Manager.initialize(Manager.java:710)
	at ptolemy.actor.Manager.execute(Manager.java:356)
	at ptolemy.actor.Manager.run(Manager.java:1263)
	at ptolemy.actor.Manager$PtolemyRunThread.run(Manager.java:1933)
java.lang.RuntimeException: Execution failed
	at ptolemy.moml.MoMLSimpleApplication$UnloadThread.run(MoMLSimpleApplication.java:402)
Caused by: ptolemy.kernel.util.IllegalActionException: TypeTest actor has no training data.
  in .sizedarray3.TypeTest
	at ptolemy.actor.lib.TypeTest.initialize(TypeTest.java:250)
	at ptolemy.actor.Director.initialize(Director.java:938)
	at ptolemy.actor.Director.initialize(Director.java:907)
	at ptolemy.actor.sched.StaticSchedulingDirector.initialize(StaticSchedulingDirector.java:159)
	at ptolemy.domains.sdf.kernel.SDFDirector.initialize(SDFDirector.java:544)
	at ptolemy.actor.CompositeActor.initialize(CompositeActor.java:935)
	at ptolemy.actor.Manager.initialize(Manager.java:724)
	at ptolemy.actor.Manager.execute(Manager.java:356)
	at ptolemy.actor.Manager.run(Manager.java:1263)
	at ptolemy.actor.Manager$PtolemyRunThread.run(Manager.java:1933)
java.lang.reflect.InvocationTargetException
	at java.base/jdk.internal.reflect.NativeConstructorAccessorImpl.newInstance0(Native Method)
	at java.base/jdk.internal.reflect.NativeConstructorAccessorImpl.newInstance(NativeConstructorAccessorImpl.java:62)
	at java.base/jdk.internal.reflect.DelegatingConstructorAccessorImpl.newInstance(DelegatingConstructorAccessorImpl.java:45)
	at java.base/java.lang.reflect.Constructor.newInstance(Constructor.java:490)
	at ptolemy.util.test.junit.AutoKnownFailedTests.RunModel(AutoKnownFailedTests.java:105)
	at java.base/jdk.internal.reflect.NativeMethodAccessorImpl.invoke0(Native Method)
	at java.base/jdk.internal.reflect.NativeMethodAccessorImpl.invoke(NativeMethodAccessorImpl.java:62)
	at java.base/jdk.internal.reflect.DelegatingMethodAccessorImpl.invoke(DelegatingMethodAccessorImpl.java:43)
	at java.base/java.lang.reflect.Method.invoke(Method.java:566)
	at org.junit.runners.model.FrameworkMethod$1.runReflectiveCall(FrameworkMethod.java:44)
	at org.junit.internal.runners.model.ReflectiveCallable.run(ReflectiveCallable.java:15)
	at org.junit.runners.model.FrameworkMethod.invokeExplosively(FrameworkMethod.java:41)
	at junitparams.internal.InvokeParameterisedMethod.evaluate(InvokeParameterisedMethod.java:102)
	at org.junit.internal.runners.statements.FailOnTimeout$1.run(FailOnTimeout.java:28)
Caused by: ptolemy.kernel.util.IllegalActionException: TypeTest actor has no training data.
  in .sizedarray3.TypeTest
	at ptolemy.actor.lib.TypeTest.initialize(TypeTest.java:250)
	at ptolemy.actor.Director.initialize(Director.java:938)
	at ptolemy.actor.Director.initialize(Director.java:907)
	at ptolemy.actor.sched.StaticSchedulingDirector.initialize(StaticSchedulingDirector.java:159)
	at ptolemy.domains.sdf.kernel.SDFDirector.initialize(SDFDirector.java:544)
	at ptolemy.actor.CompositeActor.initialize(CompositeActor.java:935)
	at ptolemy.actor.Manager.initialize(Manager.java:724)
	at ptolemy.actor.Manager.execute(Manager.java:356)
	at ptolemy.actor.Manager.run(Manager.java:1263)
	at ptolemy.actor.Manager$PtolemyRunThread.run(Manager.java:1933)
]]></system-err>
</testsuite>
