<?xml version="1.0" encoding="UTF-8" ?>
<testsuite errors="0" failures="0" hostname="travis-job-39ddd2ef-3d44-4d1e-b9df-ca689027d755" name="ptolemy.domains.de.test.junit.JUnitTclTest" skipped="0" tests="101" time="129.334" timestamp="2018-09-09T02:24:17">
  <properties>
    <property name="npm.executable" value="npm" />
    <property name="file.encoding.pkg" value="sun.io" />
    <property name="ptII.mk.exists" value="true" />
    <property name="env.rvm_bin_path" value="/home/travis/.rvm/bin" />
    <property name="java.home" value="/usr/lib/jvm/java-8-oracle/jre" />
    <property name="env.TRAVIS_JOB_NUMBER" value="724.9" />
    <property name="env.DISPLAY" value=":99.0" />
    <property name="java.net.preferIPv4Stack" value="true" />
    <property name="env.TRAVIS_INIT" value="upstart" />
    <property name="env.SSH_TTY" value="/dev/pts/0" />
    <property name="env.RUN_TESTS" value="false" />
    <property name="timeout.short" value="1000000" />
    <property name="env.TRAVIS_STACK_NODE_ATTRIBUTES" value="/.node-attributes.yml" />
    <property name="junit.formatter" value="xml" />
    <property name="java.endorsed.dirs" value="/usr/lib/jvm/java-8-oracle/jre/lib/endorsed" />
    <property name="env.TRAVIS_SUDO" value="true" />
    <property name="env.LOGNAME" value="travis" />
    <property name="jsdoc.home" value="node_modules/@terraswarm/jsdoc" />
    <property name="debuglevel" value="source,lines,vars" />
    <property name="checkstyle.formatter" value="xml" />
    <property name="bin.vergil.makeable" value="true" />
    <property name="env._system_version" value="14.04" />
    <property name="sun.os.patch.level" value="unknown" />
    <property name="java.vendor.url" value="http://java.oracle.com/" />
    <property name="java.version" value="1.8.0_151" />
    <property name="env.TZ" value="UTC" />
    <property name="env.PT_NO_NET" value="true" />
    <property name="env.TRAVIS_PULL_REQUEST_SHA" value="" />
    <property name="env.TRAVIS_SECURE_ENV_VARS" value="true" />
    <property name="env._system_type" value="Linux" />
    <property name="java.vendor.url.bug" value="http://bugreport.sun.com/bugreport/" />
    <property name="env.SSH_CLIENT" value="10.10.16.9 51886 22" />
    <property name="npmjs-org-is-up" value="true" />
    <property name="env.GEM_HOME" value="/home/travis/.rvm/gems/ruby-2.4.1" />
    <property name="env.HAS_ANTARES_THREE_LITTLE_FRONZIES_BADGE" value="true" />
    <property name="env.PS4" value="+" />
    <property name="ant.project.invoked-targets" value="build,test.core2.xml" />
    <property name="env.TRAVIS_PULL_REQUEST_BRANCH" value="" />
    <property name="env.TRAVIS_REPO_SLUG" value="icyphy/ptII" />
    <property name="node.in.path" value="true" />
    <property name="java.maxmemory" value="1400m" />
    <property name="env.RUBY_VERSION" value="ruby-2.4.1" />
    <property name="user.name" value="travis" />
    <property name="env.LANG" value="en_US.UTF-8" />
    <property name="sun.io.unicode.encoding" value="UnicodeLittle" />
    <property name="sun.jnu.encoding" value="UTF-8" />
    <property name="java.runtime.name" value="Java(TM) SE Runtime Environment" />
    <property name="usefile" value="false" />
    <property name="return.code" value="0" />
    <property name="junit.single.formatter" value="plain" />
    <property name="env.DYLD_LIBRARY_PATH" value="/home/travis/pthla/certi-tools/lib:" />
    <property name="env.DEBIAN_FRONTEND" value="noninteractive" />
    <property name="env.SSH_CONNECTION" value="10.10.16.9 51886 10.20.0.176 22" />
    <property name="env.MYSQL_UNIX_PORT" value="/var/run/mysqld/mysqld.sock" />
    <property name="env.TRAVIS_ALLOW_FAILURE" value="false" />
    <property name="env.LC_ALL" value="en_US.UTF-8" />
    <property name="java.specification.name" value="Java Platform API Specification" />
    <property name="node.works" value="true" />
    <property name="user.timezone" value="" />
    <property name="path.separator" value=":" />
    <property name="env.PYTHON_CFLAGS" value="-g -fstack-protector --param=ssp-buffer-size=4 -Wformat -Werror=format-security" />
    <property name="timeout.long" value="4000000" />
    <property name="env.CERTI_HOME" value="/home/travis/pthla/certi-tools" />
    <property name="file.encoding" value="UTF-8" />
    <property name="ant.file.ptII" value="/home/travis/build/icyphy/ptII/build.xml" />
    <property name="javadoc.packagenames" value="com.*,diva.*,lbnl.*,org.hlacerti.*,org.json.*,org.ptolemy.*,org.terraswarm.*,ptolemy.*,ptserver.*" />
    <property name="env.TRAVIS_PULL_REQUEST_SLUG" value="" />
    <property name="ant.project.default-target" value="build" />
    <property name="env.GIT_ASKPASS" value="echo" />
    <property name="env.HOME" value="/home/travis" />
    <property name="sun.java.command" value="org.apache.tools.ant.taskdefs.optional.junit.JUnitTestRunner ptolemy.domains.de.test.junit.JUnitTclTest skipNonTests=false filtertrace=true haltOnError=false haltOnFailure=false formatter=org.apache.tools.ant.taskdefs.optional.junit.OutErrSummaryJUnitResultFormatter showoutput=true outputtoformatters=true logfailedtests=true threadid=0 logtestlistenerevents=false formatter=org.apache.tools.ant.taskdefs.optional.junit.XMLJUnitResultFormatter,/home/travis/build/icyphy/ptII/reports/junit/TEST-ptolemy.domains.de.test.junit.JUnitTclTest.xml crashfile=/home/travis/build/icyphy/ptII/junitvmwatcher6610243138675244652.properties propsfile=/home/travis/build/icyphy/ptII/junit5591061666872130653.properties" />
    <property name="env.MANPATH" value="/home/travis/.nvm/versions/node/v7.10.1/share/man:/home/travis/.kiex/elixirs/elixir-1.4.5/man:/home/travis/.rvm/rubies/ruby-2.4.1/share/man:/usr/local/man:/usr/local/cmake-3.9.2/man:/usr/local/clang-5.0.0/share/man:/usr/local/share/man:/usr/share/man:/home/travis/.rvm/man" />
    <property name="env.COMPOSER_NO_INTERACTION" value="1" />
    <property name="env.JDK_SWITCHER_DEFAULT" value="oraclejdk8" />
    <property name="ant.file" value="/home/travis/build/icyphy/ptII/build.xml" />
    <property name="env.TRAVIS_COMMIT_RANGE" value="c044cb6dc88aec8d9f1ff10d3d6a6137edbceeff...0ab21fb3a645caa3718ae0e80a93ee8e243b51e9" />
    <property name="env._system_name" value="Ubuntu" />
    <property name="timeout" value="2400000" />
    <property name="ptII.classpath.optional.property" value="/home/travis/build/icyphy/ptII/lib/bsh-2.0b4.jar:/home/travis/build/icyphy/ptII/lib/ptCal.jar:/home/travis/build/icyphy/ptII/lib/java_cup.jar:/home/travis/build/icyphy/ptII/lib/saxon8.jar:/home/travis/build/icyphy/ptII/lib/saxon8-dom.jar:/home/travis/build/icyphy/ptII/lib/chic.jar:/home/travis/build/icyphy/ptII/lib/ptcolt.jar:/usr/lib/jvm/java-8-oracle/lib/tools.jar:/usr/lib/eclipse/plugins/org.eclipse.jdt.core_3.8.2.dist.jar:/usr/lib/eclipse/plugins/org.eclipse.core.runtime_3.8.0.dist.jar:/usr/lib/eclipse/plugins/org.eclipse.osgi_3.8.1.dist.jar:/usr/lib/eclipse/plugins/org.eclipse.core.resources_3.8.1.dist.jar:/usr/lib/eclipse/plugins/org.eclipse.equinox.common_3.6.100.dist.jar:/usr/lib/eclipse/plugins/org.eclipse.core.jobs_3.5.200.dist.jar:/usr/lib/eclipse/plugins/org.eclipse.core.contenttype_3.4.200.dist.jar:/usr/lib/eclipse/plugins/org.eclipse.equinox.preferences_3.5.0.dist.jar:/usr/lib/eclipse/plugins/org.eclipse.text_3.5.200.dist.jar:/usr/lib/eclipse/plugins/org.eclipse.ui.workbench_3.8.1.dist.jar:/usr/lib/eclipse/plugins/org.eclipse.jface_3.8.0.dist.jar:/usr/lib/eclipse/plugins/org.eclipse.swt_3.8.2.jar:/usr/lib/eclipse/plugins/org.eclipse.jface.text_3.8.1.dist.jar:/usr/lib/eclipse/plugins/org.eclipse.ui.workbench.texteditor_3.8.0.dist.jar:/usr/lib/eclipse/plugins/org.eclipse.ui.editors_3.8.0.dist.jar:/usr/lib/eclipse/plugins/org.eclipse.core.commands_3.6.1.dist.jar:/usr/lib/eclipse/plugins/org.eclipse.equinox.registry_3.5.200.dist.jar:/usr/lib/eclipse/plugins/org.eclipse.ui.console_3.5.100.dist.jar:/usr/lib/eclipse/plugins/org.eclipse.ui.forms_3.5.200.dist.jar:/usr/lib/eclipse/plugins/org.eclipse.ui.ide_3.8.1.dist.jar:/home/travis/build/icyphy/ptII/vendors/oracle/dbxml.jar:/home/travis/build/icyphy/ptII/vendors/oracle/db.jar:/home/travis/build/icyphy/ptII/vendors/misc/itext/iText.jar:/home/travis/build/icyphy/ptII/lib/g4ltl.jar:/home/travis/build/icyphy/ptII/lib/StructuralCoder.jar:/home/travis/build/icyphy/ptII/lib/org-openide-util.jar:/home/travis/build/icyphy/ptII/lib/org-openide-util-lookup.jar:/home/travis/build/icyphy/ptII/lib/org-netbeans-api-visual.jar:/home/travis/build/icyphy/ptII/vendors/jai-1_1_2_01/lib/jai_core.jar:/home/travis/build/icyphy/ptII/vendors/jai-1_1_2_01/lib/jai_codec.jar:/home/travis/build/icyphy/ptII/lib/jcerti.jar:/home/travis/build/icyphy/ptII/lib/smack.jar:/home/travis/build/icyphy/ptII/lib/smackx.jar:/home/travis/build/icyphy/ptII/lib/jetty-all-8.1.5-v20120716.jar:/home/travis/build/icyphy/ptII/lib/javax.servlet-api-3.0.1.jar:/home/travis/build/icyphy/ptII/lib/javax.mail.jar:/home/travis/build/icyphy/ptII/vendors/JMF-2.1.1e/lib/jmf.jar:/home/travis/build/icyphy/ptII/lib/jna-4.0.0-variadic.jar:/home/travis/build/icyphy/ptII/vendors/misc/joystick/Joystick.jar:/home/travis/build/icyphy/ptII/lib/ptjacl.jar:/home/travis/build/icyphy/ptII/lib/jsoup-1.8.2.jar:/home/travis/build/icyphy/ptII/lib/junit-4.8.2.jar:/home/travis/build/icyphy/ptII/lib/JUnitParams-0.4.0.jar:/home/travis/build/icyphy/ptII/ptolemy/actor/lib/excel/jxl.jar:/home/travis/build/icyphy/ptII/lib/jython.jar:/home/travis/build/icyphy/ptII/lib/kieler.jar:/home/travis/build/icyphy/ptII/vendors/opencv/share/OpenCV/java/opencv-341.jar:/home/travis/build/icyphy/ptII/lib/oscP5.jar:/home/travis/build/icyphy/ptII/lib/nrjavaserial-3.11.0.devel.jar:/home/travis/build/icyphy/ptII/vendors/j3d/lib/j3dcore.jar:/home/travis/build/icyphy/ptII/vendors/j3d/lib/j3dutils.jar:/home/travis/build/icyphy/ptII/vendors/j3d/lib/vecmath.jar:/home/travis/build/icyphy/ptII/ptolemy/distributed/jini/jar/jini-core.jar:/home/travis/build/icyphy/ptII/ptolemy/distributed/jini/jar/jini-ext.jar:/home/travis/build/icyphy/ptII/ptolemy/distributed/jini/jar/sun-util.jar:/home/travis/build/icyphy/ptII/lib/protobuf-java-2.4.1.jar:/home/travis/build/icyphy/ptII/lib/org.eclipse.paho.client.mqttv3.jar:/home/travis/build/icyphy/ptII/ptserver/lib/hessian-4.0.7.jar:/home/travis/build/icyphy/ptII/ptserver/lib/wmqtt.jar:/home/travis/build/icyphy/ptII/lib/mapss.jar:/home/travis/build/icyphy/ptII/ptolemy/actor/ptalon/antlr/antlr.jar:/home/travis/build/icyphy/ptII/lib/JRI.jar:/home/travis/build/icyphy/ptII/lib/commons-lang-2.6.jar:/home/travis/build/icyphy/ptII/lib/commons-logging-1.1.1.jar:/home/travis/build/icyphy/ptII/lib/sootclasses.jar:/home/travis/build/icyphy/ptII/ptolemy/actor/lib/database/mysql-connector-java-5.1.6-bin.jar:/home/travis/build/icyphy/ptII/vendors/misc/sphinx4/sphinx4-data-5prealpha.jar:/home/travis/build/icyphy/ptII/vendors/misc/sphinx4/sphinx4-core-5prealpha.jar:/home/travis/build/icyphy/ptII/lib/PDFRenderer.jar:/home/travis/build/icyphy/ptII/lib/svgSalamander.jar:/home/travis/build/icyphy/ptII/lib/rsyntaxtextarea-2.6.0-SNAPSHOT.jar:/home/travis/build/icyphy/ptII/lib/hazelcast-3.8.2.jar:/home/travis/build/icyphy/ptII/lib/jackson-annotations-2.9.0.jar:/home/travis/build/icyphy/ptII/lib/jackson-core-2.9.3.jar:/home/travis/build/icyphy/ptII/lib/jackson-databind-2.9.3.jar:/home/travis/build/icyphy/ptII/lib/netty-buffer-4.1.19.Final.jar:/home/travis/build/icyphy/ptII/lib/netty-codec-4.1.19.Final.jar:/home/travis/build/icyphy/ptII/lib/netty-codec-dns-4.1.19.Final.jar:/home/travis/build/icyphy/ptII/lib/netty-codec-http-4.1.19.Final.jar:/home/travis/build/icyphy/ptII/lib/netty-codec-http2-4.1.19.Final.jar:/home/travis/build/icyphy/ptII/lib/netty-common-4.1.19.Final.jar:/home/travis/build/icyphy/ptII/lib/netty-handler-4.1.19.Final.jar:/home/travis/build/icyphy/ptII/lib/netty-resolver-4.1.19.Final.jar:/home/travis/build/icyphy/ptII/lib/netty-resolver-dns-4.1.19.Final.jar:/home/travis/build/icyphy/ptII/lib/netty-transport-4.1.19.Final.jar:/home/travis/build/icyphy/ptII/lib/vertx-codegen-3.5.1.jar:/home/travis/build/icyphy/ptII/lib/vertx-core-3.5.2-SNAPSHOT.jar:/home/travis/build/icyphy/ptII/lib/vertx-hazelcast-3.5.1.jar:/home/travis/build/icyphy/ptII/lib/vertx-lang-js-3.5.1.jar:/home/travis/build/icyphy/ptII/lib/vertx-service-proxy-3.5.1.jar:/home/travis/build/icyphy/ptII/lib/vertx-web-3.5.1.jar:/home/travis/build/icyphy/ptII/lib/slf4j-api-1.7.13.jar:/home/travis/build/icyphy/ptII/lib/slf4j-simple-1.7.13.jar:/home/travis/build/icyphy/ptII/lib/webcam-capture-0.3.12.jar:/home/travis/build/icyphy/ptII/lib/bridj-0.7.0.jar:/home/travis/build/icyphy/ptII/lib/xbjlib-1.1.0.nrjavaserial.jar" />
    <property name="test.batch" value="**/junit/*.java" />
    <property name="env._" value="/usr/bin/timeout" />
    <property name="java.io.tmpdir" value="/tmp" />
    <property name="user.language" value="en" />
    <property name="env.HISTCONTROL" value="ignoredups:ignorespace" />
    <property name="env.GOROOT" value="/home/travis/.gimme/versions/go1.7.4.linux.amd64" />
    <property name="line.separator" value="&#xa;" />
    <property name="target" value="1.8" />
    <property name="env.TRAVIS_BUILD_DIR" value="/home/travis/build/icyphy/ptII" />
    <property name="env.ANT_OPTS" value="-Xmx2048m" />
    <property name="ant.file.type" value="file" />
    <property name="ptolemy.ptII.batchMode" value="true" />
    <property name="env.HISTSIZE" value="1000" />
    <property name="env.MERB_ENV" value="test" />
    <property name="java.vm.info" value="mixed mode" />
    <property name="source" value="1.8" />
    <property name="java.vm.specification.name" value="Java Virtual Machine Specification" />
    <property name="env.TRAVIS_TEST_RESULT" value="0" />
    <property name="jsdoc.command" value="node_modules/@terraswarm/jsdoc/jsdoc.js" />
    <property name="npm.works" value="true" />
    <property name="cobertura.dir" value="/home/travis/build/icyphy/ptII/vendors/cobertura-2.0.3" />
    <property name="env.rvm_path" value="/home/travis/.rvm" />
    <property name="env.GEM_PATH" value="/home/travis/.rvm/gems/ruby-2.4.1:/home/travis/.rvm/gems/ruby-2.4.1@global" />
    <property name="env.LC_CTYPE" value="en_US.UTF-8" />
    <property name="java.awt.printerjob" value="sun.print.PSPrinterJob" />
    <property name="env.TRAVIS_STACK_NAME" value="garnet" />
    <property name="ant.version" value="Apache Ant(TM) version 1.10.1 compiled on February 2 2017" />
    <property name="ptII.reports" value="/home/travis/build/icyphy/ptII/reports" />
    <property name="env.TRAVIS_STACK_TIMESTAMP" value="2017-12-05 19:33:09 UTC" />
    <property name="ant.file.type.ptII" value="file" />
    <property name="env.RBENV_SHELL" value="bash" />
    <property name="os.name" value="Linux" />
    <property name="java.specification.vendor" value="Oracle Corporation" />
    <property name="env.rvm_version" value="1.29.3 (latest)" />
    <property name="env.TERM" value="xterm" />
    <property name="java.vm.name" value="Java HotSpot(TM) 64-Bit Server VM" />
    <property name="env.TRAVIS_BUILD_NUMBER" value="724" />
    <property name="env.CI" value="true" />
    <property name="java.library.path" value="/home/travis/pthla/certi-tools/lib:/usr/lib/jni:/usr/local/share/OpenCV/java/:/usr/share/OpenCV/java::/usr/java/packages/lib/amd64:/usr/lib64:/lib64:/lib:/usr/lib" />
    <property name="env.rvm_prefix" value="/home/travis" />
    <property name="env.PATH" value="/home/travis/pthla/certi-tools/share/scripts:/home/travis/.rvm/gems/ruby-2.4.1/bin:/home/travis/.rvm/gems/ruby-2.4.1@global/bin:/home/travis/.rvm/rubies/ruby-2.4.1/bin:/home/travis/.rvm/bin:/home/travis/.nvm/versions/node/v7.10.1/bin:./node_modules/.bin:/home/travis/build/icyphy/ptII/bin:/home/travis/pthla/certi-tools/bin:/home/travis/bin:/home/travis/.local/bin:/opt/pyenv/shims:/home/travis/.phpenv/shims:/home/travis/perl5/perlbrew/bin:/home/travis/.kiex/elixirs/elixir-1.4.5/bin:/home/travis/.kiex/bin:/home/travis/gopath/bin:/home/travis/.gimme/versions/go1.7.4.linux.amd64/bin:/usr/local/phantomjs/bin:/usr/local/phantomjs:/usr/local/neo4j-3.2.7/bin:/usr/local/maven-3.5.2/bin:/usr/local/cmake-3.9.2/bin:/usr/local/clang-5.0.0/bin:/usr/local/sbin:/usr/local/bin:/usr/sbin:/usr/bin:/sbin:/bin:/home/travis/.phpenv/bin:/opt/pyenv/bin:/home/travis/.yarn/bin" />
    <property name="env.TRAVIS_OS_NAME" value="linux" />
    <property name="ant.java.version" value="1.8" />
    <property name="basedir" value="/home/travis/build/icyphy/ptII" />
    <property name="java.class.version" value="52.0" />
    <property name="env.SHLVL" value="3" />
    <property name="env.LD_LIBRARY_PATH" value="/home/travis/pthla/certi-tools/lib:/usr/lib/jni:/usr/local/share/OpenCV/java/:/usr/share/OpenCV/java:" />
    <property name="env.RACK_ENV" value="test" />
    <property name="ant.home" value="/home/travis/build/icyphy/ptII/ant" />
    <property name="env.NVM_DIR" value="/home/travis/.nvm" />
    <property name="env.PERLBREW_BASHRC_VERSION" value="0.80" />
    <property name="env.CERTI_FOM_PATH" value="/home/travis/pthla/certi-tools/share/federations" />
    <property name="env.TRAVIS_BUILD_ID" value="426236786" />
    <property name="env.PYENV_ROOT" value="/opt/pyenv" />
    <property name="env.TRAVIS_UID" value="2000" />
    <property name="env.rvm_pretty_print_flag" value="auto" />
    <property name="env.NVM_BIN" value="/home/travis/.nvm/versions/node/v7.10.1/bin" />
    <property name="env.TRAVIS_COMMIT" value="0ab21fb3a645caa3718ae0e80a93ee8e243b51e9" />
    <property name="env._system_arch" value="x86_64" />
    <property name="node.executable" value="node" />
    <property name="sun.boot.library.path" value="/usr/lib/jvm/java-8-oracle/jre/lib/amd64" />
    <property name="sun.management.compiler" value="HotSpot 64-Bit Tiered Compilers" />
    <property name="env.GOPATH" value="/home/travis/gopath" />
    <property name="java.awt.graphicsenv" value="sun.awt.X11GraphicsEnvironment" />
    <property name="ptolemy.ptII.dir" value="/home/travis/build/icyphy/ptII" />
    <property name="env.USER" value="travis" />
    <property name="env.HISTFILESIZE" value="2000" />
    <property name="timeout.longest" value="19000000" />
    <property name="env.TRAVIS_STACK_FEATURES" value="basic cassandra chromium couchdb disabled-ipv6 docker docker-compose elasticsearch firefox go-toolchain google-chrome jdk memcached mongodb mysql neo4j nodejs_interpreter perl_interpreter perlbrew phantomjs postgresql python_interpreter rabbitmq redis riak ruby_interpreter sqlite xserver" />
    <property name="env.TRAVIS_PULL_REQUEST" value="false" />
    <property name="env.PYENV_SHELL" value="bash" />
    <property name="ant.project.name" value="ptII" />
    <property name="java.vm.specification.version" value="1.8" />
    <property name="env.TRAVIS_DIST" value="trusty" />
    <property name="env.CERTI_VERSION" value="4.0.0" />
    <property name="env.NLSPATH" value="/usr/dt/lib/nls/msg/%L/%N.cat" />
    <property name="awt.toolkit" value="sun.awt.X11.XToolkit" />
    <property name="env.CERTI_HOST" value="localhost" />
    <property name="env.MY_RUBY_HOME" value="/home/travis/.rvm/rubies/ruby-2.4.1" />
    <property name="sun.cpu.isalist" value="" />
    <property name="java.ext.dirs" value="/usr/lib/jvm/java-8-oracle/jre/lib/ext:/usr/java/packages/lib/ext" />
    <property name="os.version" value="4.4.0-101-generic" />
    <property name="user.home" value="/home/travis" />
    <property name="env.MIX_ARCHIVES" value="/home/travis/.kiex/mix/elixir-1.4.5" />
    <property name="java.vm.vendor" value="Oracle Corporation" />
    <property name="env.TRAVIS_TAG" value="nightly" />
    <property name="env.TRAVIS_FILTERED" value="redirect_io" />
    <property name="env.JAVA_HOME" value="/usr/lib/jvm/java-8-oracle" />
    <property name="env.PTII" value="/home/travis/build/icyphy/ptII" />
    <property name="javadoc.excludepackagenames" value="adm.cvs2svn.*,build.*,config.*,doc.coding.templates.*,jni.test.jni.meaningOfLife.*,jni.test.jni.testDeux.*,jni.test.jni.testTrois.*,org.terraswarm.accessor.accessors.web.node_modules.*,org.terraswarm.accessor.accessors.web.hosts.cordova.demo.*,org.terraswarm.accessor.accessors.web.hosts.cordova.plugins.*,org.terraswarm.accessor.accessors-svn.*,pt-modules.*,ptolemy.apps.agilent.*,ptolemy.apps.anytimecontrol.*,ptolemy.apps.apes.*,ptolemy.apps.charon.*,ptolemy.apps.crazyboard.*,ptolemy.apps.eclipse.*,ptolemy.apps.etherealSting.*,ptolemy.apps.fullscreen.*,ptolemy.apps.giotto.*,ptolemy.apps.ia.*,ptolemy.apps.interfaces.*,ptolemy.apps.jmf.*,ptolemy.apps.kurt.*,ptolemy.apps.kvm.*,ptolemy.apps.lego.*,ptolemy.apps.lejos.*,ptolemy.apps.midp.*,ptolemy.apps.mobileCoding.*,ptolemy.apps.pendulum.*,ptolemy.apps.rijndael.*,ptolemy.apps.robot.*,ptolemy.apps.security.*,ptolemy.apps.sobel.*,ptolemy.apps.soot.*,ptolemy.apps.throttle.*,ptolemy.apps.tini.*,ptolemy.apps.transmission.*,ptolemy.apps.vergil.*,ptolemy.apps.waba.*,ptolemy.apps.websensor.*,ptolemy.apps.webstart.*,ptolemy.apps.xsl.*,ptolemy.apps.zaurus.*,ptolemy.backtrack.eclipse.plugin.*,ptolemy.backtrack.test.*,ptolemy.codegen.c.actor.lib.oldJavaFiles.*,ptolemy.codegen.dsp.lib.*,ptolemy.codegen.kernel.newInterfaces.*,ptolemy.codegen.lib.*,ptolemy.copernicus.kernel.fragment.*,ptolemy.copernicus.shallow.cg.*,ptolemy.domains.giotto.demo.Hierarchy.Hierarchy.*,ptolemy.domains.giotto.demo.Multimode.Multimode.*,ptolemy.domains.giotto.demo.Simple.Simple.*,ptolemy.domains.gr.lib.experimental.*,ptolemy.domains.gro.*,ptolemy.domains.pdf.*,ptolemy.domains.ptinyos.demo.Surge.output.*,ptolemy.moml.test.NoPackageActor.java*,ptolemy.plot.adm.*,ptolemy.plot.servlet.*,reports.*,signed.*,src.*,target.*,vendors.*,ptolemy.cg.adapter.generic.program.procedural.c.mbed*,ptolemy.actor.lib.fmi.fmus.omc*,ptolemy.domains.openmodelica*,ptdb.kernel.bl.save.test.*,ptdb.kernel.bl.load.test.*,ptdb.kernel.bl.search.test.*,ptdb.kernel.bl.migration.test.*,ptdb.kernel.database.test.*,ptdb.test.*,ptdb.gui.test.*,org.ptolemy.scala.*,diva.util.java2d.svg.*,ptolemy.domains.ptinyos.*,ptolemy.actor.lib.fmi.fmipp.*,,org.terraswarm.accessor.accessors.web.node_modules.*,org.terraswarm.accessor.accessors-svn,ptolemy.apps.*,ptolemy.actor.ptalon.demo.ptinyos.SendAndReceiveCnt.output,ptolemy.actor.ptalon.demo.ptinyos.SenseToLeds.output,ptolemy.domains.ptinyos.demo.CntToLedsAndRfm.output,ptolemy.domains.ptinyos.demo.RfmToLeds.output,ptolemy.domains.ptinyos.demo.SendAndReceiveCnt.output,ptolemy.domains.ptinyos.demo.SenseToLeds.output,ptolemy.actor.lib.jjs.modules.udpSocket.*" />
    <property name="env.TRAVIS_COMMIT_MESSAGE" value="Added example where the Turtle format can be used to load a raw ontology into the semantic repo." />
    <property name="keystore" value="ptKeystore" />
    <property name="env.XDG_SESSION_ID" value="2" />
    <property name="junit.output.dir" value="/home/travis/build/icyphy/ptII/reports/junit" />
    <property name="npm.return.code" value="0" />
    <property name="user.dir" value="/home/travis/build/icyphy/ptII/ptolemy/domains/de/test" />
    <property name="env.TRAVIS_NODE_VERSION" value="7" />
    <property name="env.XFILESEARCHPATH" value="/usr/dt/app-defaults/%L/Dt" />
    <property name="env.TRAVIS_EVENT_TYPE" value="cron" />
    <property name="env.MAIL" value="/var/mail/travis" />
    <property name="env.PERLBREW_ROOT" value="/home/travis/perl5/perlbrew" />
    <property name="env.PWD" value="/home/travis/build/icyphy/ptII" />
    <property name="timeout.npm" value="45000" />
    <property name="env.PT_TRAVIS_TEST_CORE2_XML" value="true" />
    <property name="env.PAGER" value="cat" />
    <property name="sun.cpu.endian" value="little" />
    <property name="env.TRAVIS_BUILD_STAGE_NAME" value="Test" />
    <property name="env.PERLBREW_HOME" value="/home/travis/.perlbrew" />
    <property name="env.RAILS_ENV" value="test" />
    <property name="java.vm.version" value="25.151-b12" />
    <property name="java.class.path" value="/home/travis/build/icyphy/ptII:/home/travis/build/icyphy/ptII/lib/bsh-2.0b4.jar:/home/travis/build/icyphy/ptII/lib/ptCal.jar:/home/travis/build/icyphy/ptII/lib/java_cup.jar:/home/travis/build/icyphy/ptII/lib/saxon8.jar:/home/travis/build/icyphy/ptII/lib/saxon8-dom.jar:/home/travis/build/icyphy/ptII/lib/chic.jar:/home/travis/build/icyphy/ptII/lib/ptcolt.jar:/usr/lib/jvm/java-8-oracle/lib/tools.jar:/usr/lib/eclipse/plugins/org.eclipse.jdt.core_3.8.2.dist.jar:/usr/lib/eclipse/plugins/org.eclipse.core.runtime_3.8.0.dist.jar:/usr/lib/eclipse/plugins/org.eclipse.osgi_3.8.1.dist.jar:/usr/lib/eclipse/plugins/org.eclipse.core.resources_3.8.1.dist.jar:/usr/lib/eclipse/plugins/org.eclipse.equinox.common_3.6.100.dist.jar:/usr/lib/eclipse/plugins/org.eclipse.core.jobs_3.5.200.dist.jar:/usr/lib/eclipse/plugins/org.eclipse.core.contenttype_3.4.200.dist.jar:/usr/lib/eclipse/plugins/org.eclipse.equinox.preferences_3.5.0.dist.jar:/usr/lib/eclipse/plugins/org.eclipse.text_3.5.200.dist.jar:/usr/lib/eclipse/plugins/org.eclipse.ui.workbench_3.8.1.dist.jar:/usr/lib/eclipse/plugins/org.eclipse.jface_3.8.0.dist.jar:/usr/lib/eclipse/plugins/org.eclipse.swt_3.8.2.jar:/usr/lib/eclipse/plugins/org.eclipse.jface.text_3.8.1.dist.jar:/usr/lib/eclipse/plugins/org.eclipse.ui.workbench.texteditor_3.8.0.dist.jar:/usr/lib/eclipse/plugins/org.eclipse.ui.editors_3.8.0.dist.jar:/usr/lib/eclipse/plugins/org.eclipse.core.commands_3.6.1.dist.jar:/usr/lib/eclipse/plugins/org.eclipse.equinox.registry_3.5.200.dist.jar:/usr/lib/eclipse/plugins/org.eclipse.ui.console_3.5.100.dist.jar:/usr/lib/eclipse/plugins/org.eclipse.ui.forms_3.5.200.dist.jar:/usr/lib/eclipse/plugins/org.eclipse.ui.ide_3.8.1.dist.jar:/home/travis/build/icyphy/ptII/vendors/oracle/dbxml.jar:/home/travis/build/icyphy/ptII/vendors/oracle/db.jar:/home/travis/build/icyphy/ptII/vendors/misc/itext/iText.jar:/home/travis/build/icyphy/ptII/lib/g4ltl.jar:/home/travis/build/icyphy/ptII/lib/StructuralCoder.jar:/home/travis/build/icyphy/ptII/lib/org-openide-util.jar:/home/travis/build/icyphy/ptII/lib/org-openide-util-lookup.jar:/home/travis/build/icyphy/ptII/lib/org-netbeans-api-visual.jar:/home/travis/build/icyphy/ptII/vendors/jai-1_1_2_01/lib/jai_core.jar:/home/travis/build/icyphy/ptII/vendors/jai-1_1_2_01/lib/jai_codec.jar:/home/travis/build/icyphy/ptII/lib/jcerti.jar:/home/travis/build/icyphy/ptII/lib/smack.jar:/home/travis/build/icyphy/ptII/lib/smackx.jar:/home/travis/build/icyphy/ptII/lib/jetty-all-8.1.5-v20120716.jar:/home/travis/build/icyphy/ptII/lib/javax.servlet-api-3.0.1.jar:/home/travis/build/icyphy/ptII/lib/javax.mail.jar:/home/travis/build/icyphy/ptII/vendors/JMF-2.1.1e/lib/jmf.jar:/home/travis/build/icyphy/ptII/lib/jna-4.0.0-variadic.jar:/home/travis/build/icyphy/ptII/vendors/misc/joystick/Joystick.jar:/home/travis/build/icyphy/ptII/lib/ptjacl.jar:/home/travis/build/icyphy/ptII/lib/jsoup-1.8.2.jar:/home/travis/build/icyphy/ptII/lib/junit-4.8.2.jar:/home/travis/build/icyphy/ptII/lib/JUnitParams-0.4.0.jar:/home/travis/build/icyphy/ptII/ptolemy/actor/lib/excel/jxl.jar:/home/travis/build/icyphy/ptII/lib/jython.jar:/home/travis/build/icyphy/ptII/lib/kieler.jar:/home/travis/build/icyphy/ptII/vendors/opencv/share/OpenCV/java/opencv-341.jar:/home/travis/build/icyphy/ptII/lib/oscP5.jar:/home/travis/build/icyphy/ptII/lib/nrjavaserial-3.11.0.devel.jar:/home/travis/build/icyphy/ptII/vendors/j3d/lib/j3dcore.jar:/home/travis/build/icyphy/ptII/vendors/j3d/lib/j3dutils.jar:/home/travis/build/icyphy/ptII/vendors/j3d/lib/vecmath.jar:/home/travis/build/icyphy/ptII/ptolemy/distributed/jini/jar/jini-core.jar:/home/travis/build/icyphy/ptII/ptolemy/distributed/jini/jar/jini-ext.jar:/home/travis/build/icyphy/ptII/ptolemy/distributed/jini/jar/sun-util.jar:/home/travis/build/icyphy/ptII/lib/protobuf-java-2.4.1.jar:/home/travis/build/icyphy/ptII/lib/org.eclipse.paho.client.mqttv3.jar:/home/travis/build/icyphy/ptII/ptserver/lib/hessian-4.0.7.jar:/home/travis/build/icyphy/ptII/ptserver/lib/wmqtt.jar:/home/travis/build/icyphy/ptII/lib/mapss.jar:/home/travis/build/icyphy/ptII/ptolemy/actor/ptalon/antlr/antlr.jar:/home/travis/build/icyphy/ptII/lib/JRI.jar:/home/travis/build/icyphy/ptII/lib/commons-lang-2.6.jar:/home/travis/build/icyphy/ptII/lib/commons-logging-1.1.1.jar:/home/travis/build/icyphy/ptII/lib/sootclasses.jar:/home/travis/build/icyphy/ptII/ptolemy/actor/lib/database/mysql-connector-java-5.1.6-bin.jar:/home/travis/build/icyphy/ptII/vendors/misc/sphinx4/sphinx4-data-5prealpha.jar:/home/travis/build/icyphy/ptII/vendors/misc/sphinx4/sphinx4-core-5prealpha.jar:/home/travis/build/icyphy/ptII/lib/PDFRenderer.jar:/home/travis/build/icyphy/ptII/lib/svgSalamander.jar:/home/travis/build/icyphy/ptII/lib/rsyntaxtextarea-2.6.0-SNAPSHOT.jar:/home/travis/build/icyphy/ptII/lib/hazelcast-3.8.2.jar:/home/travis/build/icyphy/ptII/lib/jackson-annotations-2.9.0.jar:/home/travis/build/icyphy/ptII/lib/jackson-core-2.9.3.jar:/home/travis/build/icyphy/ptII/lib/jackson-databind-2.9.3.jar:/home/travis/build/icyphy/ptII/lib/netty-buffer-4.1.19.Final.jar:/home/travis/build/icyphy/ptII/lib/netty-codec-4.1.19.Final.jar:/home/travis/build/icyphy/ptII/lib/netty-codec-dns-4.1.19.Final.jar:/home/travis/build/icyphy/ptII/lib/netty-codec-http-4.1.19.Final.jar:/home/travis/build/icyphy/ptII/lib/netty-codec-http2-4.1.19.Final.jar:/home/travis/build/icyphy/ptII/lib/netty-common-4.1.19.Final.jar:/home/travis/build/icyphy/ptII/lib/netty-handler-4.1.19.Final.jar:/home/travis/build/icyphy/ptII/lib/netty-resolver-4.1.19.Final.jar:/home/travis/build/icyphy/ptII/lib/netty-resolver-dns-4.1.19.Final.jar:/home/travis/build/icyphy/ptII/lib/netty-transport-4.1.19.Final.jar:/home/travis/build/icyphy/ptII/lib/vertx-codegen-3.5.1.jar:/home/travis/build/icyphy/ptII/lib/vertx-core-3.5.2-SNAPSHOT.jar:/home/travis/build/icyphy/ptII/lib/vertx-hazelcast-3.5.1.jar:/home/travis/build/icyphy/ptII/lib/vertx-lang-js-3.5.1.jar:/home/travis/build/icyphy/ptII/lib/vertx-service-proxy-3.5.1.jar:/home/travis/build/icyphy/ptII/lib/vertx-web-3.5.1.jar:/home/travis/build/icyphy/ptII/lib/slf4j-api-1.7.13.jar:/home/travis/build/icyphy/ptII/lib/slf4j-simple-1.7.13.jar:/home/travis/build/icyphy/ptII/lib/webcam-capture-0.3.12.jar:/home/travis/build/icyphy/ptII/lib/bridj-0.7.0.jar:/home/travis/build/icyphy/ptII/lib/xbjlib-1.1.0.nrjavaserial.jar:/home/travis/build/icyphy/ptII/ptolemy/moml/test:/home/travis/build/icyphy/ptII/ant/lib/ant-launcher.jar:/home/travis/build/icyphy/ptII/ant/lib/ant.jar:/home/travis/build/icyphy/ptII/ant/lib/ant-junit.jar:/home/travis/build/icyphy/ptII/ant/lib/ant-junit4.jar" />
    <property name="ant.library.dir" value="/home/travis/build/icyphy/ptII/ant/lib" />
    <property name="os.arch" value="amd64" />
    <property name="env.TRAVIS_LANGUAGE" value="node_js" />
    <property name="env.CONTINUOUS_INTEGRATION" value="true" />
    <property name="env.TRAVIS_STACK_LANGUAGES" value="__garnet__ c c++ clojure cplusplus cpp default go groovy java node_js php pure_java python ruby scala" />
    <property name="test.name" value="ptolemy.actor.lib.test.junit.JUnitTclTest" />
    <property name="sun.java.launcher" value="SUN_STANDARD" />
    <property name="env.PYTHON_CONFIGURE_OPTS" value="--enable-unicode=ucs4 --with-wide-unicode --enable-shared --enable-ipv6 --enable-loadable-sqlite-extensions --with-computed-gotos" />
    <property name="ant.core.lib" value="/home/travis/build/icyphy/ptII/ant/lib/ant.jar" />
    <property name="java.vm.specification.vendor" value="Oracle Corporation" />
    <property name="env.BCVTB_HOME" value="/home/travis/build/icyphy/ptII/lbnl" />
    <property name="file.separator" value="/" />
    <property name="java.runtime.version" value="1.8.0_151-b12" />
    <property name="spotbugs.home" value="/home/travis/build/icyphy/ptII/vendors/spotbugs-3.1.1" />
    <property name="sun.boot.class.path" value="/usr/lib/jvm/java-8-oracle/jre/lib/resources.jar:/usr/lib/jvm/java-8-oracle/jre/lib/rt.jar:/usr/lib/jvm/java-8-oracle/jre/lib/sunrsasign.jar:/usr/lib/jvm/java-8-oracle/jre/lib/jsse.jar:/usr/lib/jvm/java-8-oracle/jre/lib/jce.jar:/usr/lib/jvm/java-8-oracle/jre/lib/charsets.jar:/usr/lib/jvm/java-8-oracle/jre/lib/jfr.jar:/usr/lib/jvm/java-8-oracle/jre/classes" />
    <property name="env.HAS_JOSH_K_SEAL_OF_APPROVAL" value="true" />
    <property name="env.XDG_RUNTIME_DIR" value="/run/user/2000" />
    <property name="env.TRAVIS_OSX_IMAGE" value="" />
    <property name="env.TRAVIS_BRANCH" value="master" />
    <property name="env.TRAVIS_JOB_ID" value="426236795" />
    <property name="user.country" value="US" />
    <property name="env.CERTI_HOME_TRAVIS" value="/home/travis/pthla/certi-tools" />
    <property name="env.SHELL" value="/bin/bash" />
    <property name="java.maxmemory.large" value="5000m" />
    <property name="model" value="" />
    <property name="env.CASHER_DIR" value="/home/travis/.casher" />
    <property name="env.NVM_CD_FLAGS" value="" />
    <property name="jshint.executable" value="/home/travis/node_modules/jshint/bin/jshint" />
    <property name="java.vendor" value="Oracle Corporation" />
    <property name="env.JRUBY_OPTS" value=" --client -J-XX:+TieredCompilation -J-XX:TieredStopAtLevel=1 -J-Xss2m -Xcompile.invokedynamic=false" />
    <property name="env.TRAVIS_PRE_CHEF_BOOTSTRAP_TIME" value="2017-12-05T19:32:55" />
    <property name="env.ELIXIR_VERSION" value="1.4.5" />
    <property name="env.TRAVIS_STACK_JOB_BOARD_REGISTER" value="/.job-board-register.yml" />
    <property name="java.specification.version" value="1.8" />
    <property name="env.TRAVIS" value="true" />
    <property name="env.IRBRC" value="/home/travis/.rvm/rubies/ruby-2.4.1/.irbrc" />
    <property name="sun.arch.data.model" value="64" />
  </properties>
  <testcase classname="ptolemy.util.test.junit.TclTests" name="[0] /home/travis/build/icyphy/ptII/ptolemy/domains/de/test/DependencyLoop.tcl (RunTclFile)" time="0.769" />
  <testcase classname="ptolemy.util.test.junit.TclTests" name="[1] /home/travis/build/icyphy/ptII/ptolemy/domains/de/test/RunDETestsAsQSS.tcl (RunTclFile)" time="88.206" />
  <testcase classname="ptolemy.util.test.junit.AutoKnownFailedTests" name="[0] /home/travis/build/icyphy/ptII/ptolemy/domains/de/test/auto/knownFailedTests/DESDFClockTest.xml (RunModel)" time="2.034" />
  <testcase classname="ptolemy.util.test.junit.AutoKnownFailedTests" name="[1] /home/travis/build/icyphy/ptII/ptolemy/domains/de/test/auto/knownFailedTests/DirectFeedback.xml (RunModel)" time="0.008" />
  <testcase classname="ptolemy.util.test.junit.AutoKnownFailedTests" name="[2] /home/travis/build/icyphy/ptII/ptolemy/domains/de/test/auto/knownFailedTests/FSMSource.xml (RunModel)" time="0.016" />
  <testcase classname="ptolemy.util.test.junit.AutoKnownFailedTests" name="[3] /home/travis/build/icyphy/ptII/ptolemy/domains/de/test/auto/knownFailedTests/HierarchicalModel.xml (RunModel)" time="0.024" />
  <testcase classname="ptolemy.util.test.junit.AutoKnownFailedTests" name="[4] /home/travis/build/icyphy/ptII/ptolemy/domains/de/test/auto/knownFailedTests/dependencyLoop.xml (RunModel)" time="0.026" />
  <testcase classname="ptolemy.util.test.junit.AutoKnownFailedTests" name="[5] /home/travis/build/icyphy/ptII/ptolemy/domains/de/test/auto/knownFailedTests/dependencyLoop2.xml (RunModel)" time="0.027" />
  <testcase classname="ptolemy.util.test.junit.AutoNameArchTests" name="[0] ThereAreNoAutoArchTests (RunModel)" time="0.005" />
  <testcase classname="ptolemy.util.test.junit.AutoTests" name="[0] /home/travis/build/icyphy/ptII/ptolemy/domains/de/test/auto/ActorDepthCalculation_actorWithoutPorts.xml (RunModel)" time="0.01" />
  <testcase classname="ptolemy.util.test.junit.AutoTests" name="[1] /home/travis/build/icyphy/ptII/ptolemy/domains/de/test/auto/AssemblyLine.xml (RunModel)" time="0.014" />
  <testcase classname="ptolemy.util.test.junit.AutoTests" name="[2] /home/travis/build/icyphy/ptII/ptolemy/domains/de/test/auto/CQBug1.xml (RunModel)" time="0.004" />
  <testcase classname="ptolemy.util.test.junit.AutoTests" name="[3] /home/travis/build/icyphy/ptII/ptolemy/domains/de/test/auto/CancelFireAt.xml (RunModel)" time="0.003" />
  <testcase classname="ptolemy.util.test.junit.AutoTests" name="[4] /home/travis/build/icyphy/ptII/ptolemy/domains/de/test/auto/CausalityAndComposabilityAnalysis.xml (RunModel)" time="0.022" />
  <testcase classname="ptolemy.util.test.junit.AutoTests" name="[5] /home/travis/build/icyphy/ptII/ptolemy/domains/de/test/auto/CausalityInterface1.xml (RunModel)" time="0.009" />
  <testcase classname="ptolemy.util.test.junit.AutoTests" name="[6] /home/travis/build/icyphy/ptII/ptolemy/domains/de/test/auto/CausalityInterface15.xml (RunModel)" time="0.011" />
  <testcase classname="ptolemy.util.test.junit.AutoTests" name="[7] /home/travis/build/icyphy/ptII/ptolemy/domains/de/test/auto/CausalityInterface2.xml (RunModel)" time="0.01" />
  <testcase classname="ptolemy.util.test.junit.AutoTests" name="[8] /home/travis/build/icyphy/ptII/ptolemy/domains/de/test/auto/CausalityInterface3.xml (RunModel)" time="0.013" />
  <testcase classname="ptolemy.util.test.junit.AutoTests" name="[9] /home/travis/build/icyphy/ptII/ptolemy/domains/de/test/auto/ClockDrift.xml (RunModel)" time="0.036" />
  <testcase classname="ptolemy.util.test.junit.AutoTests" name="[10] /home/travis/build/icyphy/ptII/ptolemy/domains/de/test/auto/ClockDriftAndValueChange.xml (RunModel)" time="0.027" />
  <testcase classname="ptolemy.util.test.junit.AutoTests" name="[11] /home/travis/build/icyphy/ptII/ptolemy/domains/de/test/auto/ClockDriftChange.xml (RunModel)" time="0.024" />
  <testcase classname="ptolemy.util.test.junit.AutoTests" name="[12] /home/travis/build/icyphy/ptII/ptolemy/domains/de/test/auto/ComposableCausalityAnalysis.xml (RunModel)" time="0.014" />
  <testcase classname="ptolemy.util.test.junit.AutoTests" name="[13] /home/travis/build/icyphy/ptII/ptolemy/domains/de/test/auto/DEFixedPointLimitation.xml (RunModel)" time="0.009" />
  <testcase classname="ptolemy.util.test.junit.AutoTests" name="[14] /home/travis/build/icyphy/ptII/ptolemy/domains/de/test/auto/DEScheduleTest.xml (RunModel)" time="0.009" />
  <testcase classname="ptolemy.util.test.junit.AutoTests" name="[15] /home/travis/build/icyphy/ptII/ptolemy/domains/de/test/auto/DEinDEwithStartTimes.xml (RunModel)" time="0.013" />
  <testcase classname="ptolemy.util.test.junit.AutoTests" name="[16] /home/travis/build/icyphy/ptII/ptolemy/domains/de/test/auto/DEinDEwithStartTimes2.xml (RunModel)" time="0.012" />
  <testcase classname="ptolemy.util.test.junit.AutoTests" name="[17] /home/travis/build/icyphy/ptII/ptolemy/domains/de/test/auto/DateDemo.xml (RunModel)" time="0.031" />
  <testcase classname="ptolemy.util.test.junit.AutoTests" name="[18] /home/travis/build/icyphy/ptII/ptolemy/domains/de/test/auto/DateToEvent.xml (RunModel)" time="2.038" />
  <testcase classname="ptolemy.util.test.junit.AutoTests" name="[19] /home/travis/build/icyphy/ptII/ptolemy/domains/de/test/auto/DepthTest1.xml (RunModel)" time="0.021" />
  <testcase classname="ptolemy.util.test.junit.AutoTests" name="[20] /home/travis/build/icyphy/ptII/ptolemy/domains/de/test/auto/DepthTest2.xml (RunModel)" time="0.018" />
  <testcase classname="ptolemy.util.test.junit.AutoTests" name="[21] /home/travis/build/icyphy/ptII/ptolemy/domains/de/test/auto/DepthTest3.xml (RunModel)" time="0.008" />
  <testcase classname="ptolemy.util.test.junit.AutoTests" name="[22] /home/travis/build/icyphy/ptII/ptolemy/domains/de/test/auto/DepthTest4.xml (RunModel)" time="0.013" />
  <testcase classname="ptolemy.util.test.junit.AutoTests" name="[23] /home/travis/build/icyphy/ptII/ptolemy/domains/de/test/auto/DepthTest5.xml (RunModel)" time="0.015" />
  <testcase classname="ptolemy.util.test.junit.AutoTests" name="[24] /home/travis/build/icyphy/ptII/ptolemy/domains/de/test/auto/DepthTest6.xml (RunModel)" time="0.018" />
  <testcase classname="ptolemy.util.test.junit.AutoTests" name="[25] /home/travis/build/icyphy/ptII/ptolemy/domains/de/test/auto/DepthTest7.xml (RunModel)" time="0.013" />
  <testcase classname="ptolemy.util.test.junit.AutoTests" name="[26] /home/travis/build/icyphy/ptII/ptolemy/domains/de/test/auto/EventToDate.xml (RunModel)" time="3.037" />
  <testcase classname="ptolemy.util.test.junit.AutoTests" name="[27] /home/travis/build/icyphy/ptII/ptolemy/domains/de/test/auto/FSM1.xml (RunModel)" time="0.035" />
  <testcase classname="ptolemy.util.test.junit.AutoTests" name="[28] /home/travis/build/icyphy/ptII/ptolemy/domains/de/test/auto/FSM7.xml (RunModel)" time="0.04" />
  <testcase classname="ptolemy.util.test.junit.AutoTests" name="[29] /home/travis/build/icyphy/ptII/ptolemy/domains/de/test/auto/Inspection.xml (RunModel)" time="0.07" />
  <testcase classname="ptolemy.util.test.junit.AutoTests" name="[30] /home/travis/build/icyphy/ptII/ptolemy/domains/de/test/auto/Iteration.xml (RunModel)" time="0.033" />
  <testcase classname="ptolemy.util.test.junit.AutoTests" name="[31] /home/travis/build/icyphy/ptII/ptolemy/domains/de/test/auto/LineFault.xml (RunModel)" time="0.618" />
  <testcase classname="ptolemy.util.test.junit.AutoTests" name="[32] /home/travis/build/icyphy/ptII/ptolemy/domains/de/test/auto/MergeModel1Add.xml (RunModel)" time="0.049" />
  <testcase classname="ptolemy.util.test.junit.AutoTests" name="[33] /home/travis/build/icyphy/ptII/ptolemy/domains/de/test/auto/MergeModel2Add.xml (RunModel)" time="0.042" />
  <testcase classname="ptolemy.util.test.junit.AutoTests" name="[34] /home/travis/build/icyphy/ptII/ptolemy/domains/de/test/auto/MergeModel3Add.xml (RunModel)" time="0.043" />
  <testcase classname="ptolemy.util.test.junit.AutoTests" name="[35] /home/travis/build/icyphy/ptII/ptolemy/domains/de/test/auto/MergeWithoutDiscard.xml (RunModel)" time="0.011" />
  <testcase classname="ptolemy.util.test.junit.AutoTests" name="[36] /home/travis/build/icyphy/ptII/ptolemy/domains/de/test/auto/Modal1.xml (RunModel)" time="0.032" />
  <testcase classname="ptolemy.util.test.junit.AutoTests" name="[37] /home/travis/build/icyphy/ptII/ptolemy/domains/de/test/auto/Modal2.xml (RunModel)" time="0.04" />
  <testcase classname="ptolemy.util.test.junit.AutoTests" name="[38] /home/travis/build/icyphy/ptII/ptolemy/domains/de/test/auto/Modal3.xml (RunModel)" time="0.032" />
  <testcase classname="ptolemy.util.test.junit.AutoTests" name="[39] /home/travis/build/icyphy/ptII/ptolemy/domains/de/test/auto/Modal4.xml (RunModel)" time="0.03" />
  <testcase classname="ptolemy.util.test.junit.AutoTests" name="[40] /home/travis/build/icyphy/ptII/ptolemy/domains/de/test/auto/Modal5.xml (RunModel)" time="0.034" />
  <testcase classname="ptolemy.util.test.junit.AutoTests" name="[41] /home/travis/build/icyphy/ptII/ptolemy/domains/de/test/auto/Modal6.xml (RunModel)" time="0.029" />
  <testcase classname="ptolemy.util.test.junit.AutoTests" name="[42] /home/travis/build/icyphy/ptII/ptolemy/domains/de/test/auto/Modal7.xml (RunModel)" time="0.032" />
  <testcase classname="ptolemy.util.test.junit.AutoTests" name="[43] /home/travis/build/icyphy/ptII/ptolemy/domains/de/test/auto/ModalModel.xml (RunModel)" time="0.185" />
  <testcase classname="ptolemy.util.test.junit.AutoTests" name="[44] /home/travis/build/icyphy/ptII/ptolemy/domains/de/test/auto/ModalSource.xml (RunModel)" time="0.019" />
  <testcase classname="ptolemy.util.test.junit.AutoTests" name="[45] /home/travis/build/icyphy/ptII/ptolemy/domains/de/test/auto/NonInterruptibleTimerZeroDelay.xml (RunModel)" time="0.01" />
  <testcase classname="ptolemy.util.test.junit.AutoTests" name="[46] /home/travis/build/icyphy/ptII/ptolemy/domains/de/test/auto/OpenQueueingNetwork.xml (RunModel)" time="2.701" />
  <testcase classname="ptolemy.util.test.junit.AutoTests" name="[47] /home/travis/build/icyphy/ptII/ptolemy/domains/de/test/auto/OpenQueuingNetwork.xml (RunModel)" time="0.325" />
  <testcase classname="ptolemy.util.test.junit.AutoTests" name="[48] /home/travis/build/icyphy/ptII/ptolemy/domains/de/test/auto/PeriodicSampler.xml (RunModel)" time="0.01" />
  <testcase classname="ptolemy.util.test.junit.AutoTests" name="[49] /home/travis/build/icyphy/ptII/ptolemy/domains/de/test/auto/PersistentIO.xml (RunModel)" time="0.024" />
  <testcase classname="ptolemy.util.test.junit.AutoTests" name="[50] /home/travis/build/icyphy/ptII/ptolemy/domains/de/test/auto/PortParameterResetOnInitialize.xml (RunModel)" time="0.009" />
  <testcase classname="ptolemy.util.test.junit.AutoTests" name="[51] /home/travis/build/icyphy/ptII/ptolemy/domains/de/test/auto/PortParameterUpdates.xml (RunModel)" time="0.014" />
  <testcase classname="ptolemy.util.test.junit.AutoTests" name="[52] /home/travis/build/icyphy/ptII/ptolemy/domains/de/test/auto/QueueAndServer.xml (RunModel)" time="0.021" />
  <testcase classname="ptolemy.util.test.junit.AutoTests" name="[53] /home/travis/build/icyphy/ptII/ptolemy/domains/de/test/auto/Records.xml (RunModel)" time="0.016" />
  <testcase classname="ptolemy.util.test.junit.AutoTests" name="[54] /home/travis/build/icyphy/ptII/ptolemy/domains/de/test/auto/ResetTransitionWithStartTime1.xml (RunModel)" time="0.025" />
  <testcase classname="ptolemy.util.test.junit.AutoTests" name="[55] /home/travis/build/icyphy/ptII/ptolemy/domains/de/test/auto/ResetTransitionWithStartTime2.xml (RunModel)" time="0.018" />
  <testcase classname="ptolemy.util.test.junit.AutoTests" name="[56] /home/travis/build/icyphy/ptII/ptolemy/domains/de/test/auto/ResetTransitionWithStartTime3.xml (RunModel)" time="0.019" />
  <testcase classname="ptolemy.util.test.junit.AutoTests" name="[57] /home/travis/build/icyphy/ptII/ptolemy/domains/de/test/auto/ResetTransitionWithStartTime4.xml (RunModel)" time="0.022" />
  <testcase classname="ptolemy.util.test.junit.AutoTests" name="[58] /home/travis/build/icyphy/ptII/ptolemy/domains/de/test/auto/ResettableTimer1.xml (RunModel)" time="0.011" />
  <testcase classname="ptolemy.util.test.junit.AutoTests" name="[59] /home/travis/build/icyphy/ptII/ptolemy/domains/de/test/auto/ResettableTimer2.xml (RunModel)" time="0.015" />
  <testcase classname="ptolemy.util.test.junit.AutoTests" name="[60] /home/travis/build/icyphy/ptII/ptolemy/domains/de/test/auto/ResettableTimer3.xml (RunModel)" time="0.011" />
  <testcase classname="ptolemy.util.test.junit.AutoTests" name="[61] /home/travis/build/icyphy/ptII/ptolemy/domains/de/test/auto/ResettableTimer4.xml (RunModel)" time="0.01" />
  <testcase classname="ptolemy.util.test.junit.AutoTests" name="[62] /home/travis/build/icyphy/ptII/ptolemy/domains/de/test/auto/ResettableTimer5.xml (RunModel)" time="0.01" />
  <testcase classname="ptolemy.util.test.junit.AutoTests" name="[63] /home/travis/build/icyphy/ptII/ptolemy/domains/de/test/auto/ResettableTimer6.xml (RunModel)" time="0.02" />
  <testcase classname="ptolemy.util.test.junit.AutoTests" name="[64] /home/travis/build/icyphy/ptII/ptolemy/domains/de/test/auto/ServerZeroDelay.xml (RunModel)" time="0.012" />
  <testcase classname="ptolemy.util.test.junit.AutoTests" name="[65] /home/travis/build/icyphy/ptII/ptolemy/domains/de/test/auto/SmartSender.xml (RunModel)" time="3.015" />
  <testcase classname="ptolemy.util.test.junit.AutoTests" name="[66] /home/travis/build/icyphy/ptII/ptolemy/domains/de/test/auto/ThreadedComposite.xml (RunModel)" time="0.199" />
  <testcase classname="ptolemy.util.test.junit.AutoTests" name="[67] /home/travis/build/icyphy/ptII/ptolemy/domains/de/test/auto/Time.xml (RunModel)" time="0.465" />
  <testcase classname="ptolemy.util.test.junit.AutoTests" name="[68] /home/travis/build/icyphy/ptII/ptolemy/domains/de/test/auto/TimeDelayZeroDelay.xml (RunModel)" time="0.018" />
  <testcase classname="ptolemy.util.test.junit.AutoTests" name="[69] /home/travis/build/icyphy/ptII/ptolemy/domains/de/test/auto/TimerZeroDelay.xml (RunModel)" time="0.014" />
  <testcase classname="ptolemy.util.test.junit.AutoTests" name="[70] /home/travis/build/icyphy/ptII/ptolemy/domains/de/test/auto/TimingParadox.xml (RunModel)" time="0.34" />
  <testcase classname="ptolemy.util.test.junit.AutoTests" name="[71] /home/travis/build/icyphy/ptII/ptolemy/domains/de/test/auto/TransferInputs.xml (RunModel)" time="0.009" />
  <testcase classname="ptolemy.util.test.junit.AutoTests" name="[72] /home/travis/build/icyphy/ptII/ptolemy/domains/de/test/auto/TransferOutputs2.xml (RunModel)" time="0.017" />
  <testcase classname="ptolemy.util.test.junit.AutoTests" name="[73] /home/travis/build/icyphy/ptII/ptolemy/domains/de/test/auto/Trilateration.xml (RunModel)" time="11.246" />
  <testcase classname="ptolemy.util.test.junit.AutoTests" name="[74] /home/travis/build/icyphy/ptII/ptolemy/domains/de/test/auto/TwoSigmaDelta.xml (RunModel)" time="2.224" />
  <testcase classname="ptolemy.util.test.junit.AutoTests" name="[75] /home/travis/build/icyphy/ptII/ptolemy/domains/de/test/auto/VariableDelay.xml (RunModel)" time="0.01" />
  <testcase classname="ptolemy.util.test.junit.AutoTests" name="[76] /home/travis/build/icyphy/ptII/ptolemy/domains/de/test/auto/VariableDelay2.xml (RunModel)" time="0.008" />
  <testcase classname="ptolemy.util.test.junit.AutoTests" name="[77] /home/travis/build/icyphy/ptII/ptolemy/domains/de/test/auto/VariableDelayZeroDelay.xml (RunModel)" time="0.014" />
  <testcase classname="ptolemy.util.test.junit.AutoTests" name="[78] /home/travis/build/icyphy/ptII/ptolemy/domains/de/test/auto/VariableDelayZeroDelay2.xml (RunModel)" time="0.009" />
  <testcase classname="ptolemy.util.test.junit.AutoTests" name="[79] /home/travis/build/icyphy/ptII/ptolemy/domains/de/test/auto/deInCt.xml (RunModel)" time="0.016" />
  <testcase classname="ptolemy.util.test.junit.AutoTests" name="[80] /home/travis/build/icyphy/ptII/ptolemy/domains/de/test/auto/deInCt2.xml (RunModel)" time="0.014" />
  <testcase classname="ptolemy.util.test.junit.AutoTests" name="[81] /home/travis/build/icyphy/ptII/ptolemy/domains/de/test/auto/dynamicCausalityInterface1.xml (RunModel)" time="0.018" />
  <testcase classname="ptolemy.util.test.junit.AutoTests" name="[82] /home/travis/build/icyphy/ptII/ptolemy/domains/de/test/auto/fsm_de_test.xml (RunModel)" time="0.028" />
  <testcase classname="ptolemy.util.test.junit.AutoTests" name="[83] /home/travis/build/icyphy/ptII/ptolemy/domains/de/test/auto/functionDependencyReconstruction.xml (RunModel)" time="0.038" />
  <testcase classname="ptolemy.util.test.junit.AutoTests" name="[84] /home/travis/build/icyphy/ptII/ptolemy/domains/de/test/auto/multirate.xml (RunModel)" time="0.017" />
  <testcase classname="ptolemy.util.test.junit.AutoTests" name="[85] /home/travis/build/icyphy/ptII/ptolemy/domains/de/test/auto/multirate2.xml (RunModel)" time="0.015" />
  <testcase classname="ptolemy.util.test.junit.AutoTests" name="[86] /home/travis/build/icyphy/ptII/ptolemy/domains/de/test/auto/realtime.xml (RunModel)" time="10.011" />
  <testcase classname="ptolemy.util.test.junit.AutoTests" name="[87] /home/travis/build/icyphy/ptII/ptolemy/domains/de/test/auto/relationGroup.xml (RunModel)" time="0.011" />
  <testcase classname="ptolemy.util.test.junit.AutoTests" name="[88] /home/travis/build/icyphy/ptII/ptolemy/domains/de/test/auto/relationGroup2.xml (RunModel)" time="0.009" />
  <testcase classname="ptolemy.util.test.junit.AutoTests" name="[89] /home/travis/build/icyphy/ptII/ptolemy/domains/de/test/auto/sortWithOpaquePorts.xml (RunModel)" time="0.01" />
  <testcase classname="ptolemy.util.test.junit.AutoTests" name="[90] /home/travis/build/icyphy/ptII/ptolemy/domains/de/test/auto/transferInputsandOutputs.xml (RunModel)" time="0.024" />
  <testcase classname="ptolemy.util.test.junit.AutoTests" name="[91] /home/travis/build/icyphy/ptII/ptolemy/domains/de/test/auto/triggerType.xml (RunModel)" time="0.013" />
  <system-out><![CDATA[/home/travis/build/icyphy/ptII/ptolemy/domains/de/test/DependencyLoop.tcl
testDefs.tcl: setting time out to 9000 seconds at Sun Sep 09 02:24:17 UTC 2018
22 ms. Memory: 116224K Free: 93467K (80%)
5 ms. Memory: 146944K Free: 135489K (92%)
/home/travis/build/icyphy/ptII/ptolemy/domains/de/test/RunDETestsAsQSS.tcl
Run the DE tests using ptolemy.domains.qss.test.QSSDirectorTest, which extends QSSDirector and prints a message in the constructors.
------------------ testing $PTII/ptolemy/domains/de/test/auto/knownFailedTests/dependencyLoop.xml (Known Failure) 
11 ms. Memory: 146944K Free: 132377K (90%)


==== $PTIIhome/travis/build/icyphy/ptII/ptolemy/domains/de/test/../../../../: Auto Automatic test in file $PTII/ptolemy/domains/de/test/auto/knownFailedTests/dependencyLoop.xml
==== Contents of test case:

	    # FIXME: we should use $relativeFilename here, but it
	    # might have backslashes under Windows, which causes no end
	    # of trouble.
	    createAndExecute $file
	    list {}
	
.... Test generated KNOWN error:
    while executing
ptolemy.kernel.util.IllegalActionException: Found a zero delay loop containing .dependencyLoop.original
  in .dependencyLoop and .dependencyLoop.original
	at ptolemy.actor.util.CausalityInterfaceForComposites._computeOutputPortDepth(CausalityInterfaceForComposites.java:759)
	at ptolemy.actor.util.CausalityInterfaceForComposites._computeInputDepth(CausalityInterfaceForComposites.java:696)
	at ptolemy.actor.util.CausalityInterfaceForComposites._computeOutputPortDepth(CausalityInterfaceForComposites.java:765)
	at ptolemy.actor.util.CausalityInterfaceForComposites._computeInputDepth(CausalityInterfaceForComposites.java:696)
	at ptolemy.actor.util.CausalityInterfaceForComposites._computeOutputPortDepth(CausalityInterfaceForComposites.java:765)
	at ptolemy.actor.util.CausalityInterfaceForComposites._computeInputDepth(CausalityInterfaceForComposites.java:696)
	at ptolemy.actor.util.CausalityInterfaceForComposites._computeActorDepth(CausalityInterfaceForComposites.java:532)
	at ptolemy.actor.util.CausalityInterfaceForComposites.checkForCycles(CausalityInterfaceForComposites.java:96)
	at ptolemy.domains.de.kernel.DEDirector.preinitialize(DEDirector.java:1338)
	at ptolemy.actor.CompositeActor.preinitialize(CompositeActor.java:1828)
	at ptolemy.actor.Manager.preinitializeAndResolveTypes(Manager.java:1040)
	at ptolemy.actor.Manager.initialize(Manager.java:710)
	at ptolemy.actor.Manager.execute(Manager.java:356)
	at ptolemy.actor.Manager.run(Manager.java:1263)
	at ptolemy.actor.Manager$PtolemyRunThread.run(Manager.java:1915)

    while executing
ptolemy.kernel.util.IllegalActionException: Found a zero delay loop containing .dependencyLoop.original
  in .dependencyLoop and .dependencyLoop.original
    while executing
"java::new ptolemy.moml.MoMLSimpleApplication $file
"
    (procedure "createAndExecute" line 2)
    invoked from within
"createAndExecute $file"
    ("uplevel" body line 5)
    invoked from within
"uplevel $contents_of_test"
------------------ testing $PTII/ptolemy/domains/de/test/auto/knownFailedTests/DESDFClockTest.xml (Known Failure) 
2104 ms. Memory: 146944K Free: 116648K (79%)


==== $PTIIhome/travis/build/icyphy/ptII/ptolemy/domains/de/test/../../../../: Auto Automatic test in file $PTII/ptolemy/domains/de/test/auto/knownFailedTests/DESDFClockTest.xml
==== Contents of test case:

	    # FIXME: we should use $relativeFilename here, but it
	    # might have backslashes under Windows, which causes no end
	    # of trouble.
	    createAndExecute $file
	    list {}
	
.... Test generated KNOWN error:
    while executing
ptolemy.kernel.util.IllegalActionException: Actor is not ready to fire.  Perhaps UpSample.prefire() returned false? Try debugging the actor by selecting "Listen to Actor".  Also, for SDF check moml for tokenConsumptionRate on input.
  in .DESDFClockTest.Play Bell.Copy1:SDF Director and .DESDFClockTest.Play Bell.UpSample
	at ptolemy.actor.sched.StaticSchedulingDirector.fire(StaticSchedulingDirector.java:227)
	at ptolemy.domains.sdf.kernel.SDFDirector.fire(SDFDirector.java:500)
	at ptolemy.actor.CompositeActor.fire(CompositeActor.java:455)
	at ptolemy.domains.de.kernel.DEDirector._fire(DEDirector.java:1949)
	at ptolemy.domains.de.kernel.DEDirector.fire(DEDirector.java:502)
	at ptolemy.actor.CompositeActor.fire(CompositeActor.java:455)
	at ptolemy.actor.Manager.iterate(Manager.java:851)
	at ptolemy.actor.Manager.execute(Manager.java:369)
	at ptolemy.actor.Manager.run(Manager.java:1263)
	at ptolemy.actor.Manager$PtolemyRunThread.run(Manager.java:1915)

    while executing
ptolemy.kernel.util.IllegalActionException: Actor is not ready to fire.  Perhaps UpSample.prefire() returned false? Try debugging the actor by selecting "Listen to Actor".  Also, for SDF check moml for tokenConsumptionRate on input.
  in .DESDFClockTest.Play Bell.Copy1:SDF Director and .DESDFClockTest.Play Bell.UpSample
    while executing
"java::new ptolemy.moml.MoMLSimpleApplication $file
"
    (procedure "createAndExecute" line 2)
    invoked from within
"createAndExecute $file"
    ("uplevel" body line 5)
    invoked from within
"uplevel $contents_of_test"
------------------ testing $PTII/ptolemy/domains/de/test/auto/knownFailedTests/FSMSource.xml (Known Failure) 
23 ms. Memory: 146944K Free: 107710K (73%)
!!!! Auto was marked as failing, but now passes
------------------ testing $PTII/ptolemy/domains/de/test/auto/knownFailedTests/dependencyLoop2.xml (Known Failure) 
7 ms. Memory: 146944K Free: 105827K (72%)


==== $PTIIhome/travis/build/icyphy/ptII/ptolemy/domains/de/test/../../../../: Auto Automatic test in file $PTII/ptolemy/domains/de/test/auto/knownFailedTests/dependencyLoop2.xml
==== Contents of test case:

	    # FIXME: we should use $relativeFilename here, but it
	    # might have backslashes under Windows, which causes no end
	    # of trouble.
	    createAndExecute $file
	    list {}
	
.... Test generated KNOWN error:
    while executing
ptolemy.kernel.util.IllegalActionException: Found a zero delay loop containing .dependencyLoop2.original
  in .dependencyLoop2 and .dependencyLoop2.original
	at ptolemy.actor.util.CausalityInterfaceForComposites._computeOutputPortDepth(CausalityInterfaceForComposites.java:759)
	at ptolemy.actor.util.CausalityInterfaceForComposites._computeInputDepth(CausalityInterfaceForComposites.java:696)
	at ptolemy.actor.util.CausalityInterfaceForComposites._computeOutputPortDepth(CausalityInterfaceForComposites.java:765)
	at ptolemy.actor.util.CausalityInterfaceForComposites._computeInputDepth(CausalityInterfaceForComposites.java:696)
	at ptolemy.actor.util.CausalityInterfaceForComposites._computeOutputPortDepth(CausalityInterfaceForComposites.java:765)
	at ptolemy.actor.util.CausalityInterfaceForComposites._computeInputDepth(CausalityInterfaceForComposites.java:696)
	at ptolemy.actor.util.CausalityInterfaceForComposites._computeActorDepth(CausalityInterfaceForComposites.java:532)
	at ptolemy.actor.util.CausalityInterfaceForComposites.checkForCycles(CausalityInterfaceForComposites.java:96)
	at ptolemy.domains.de.kernel.DEDirector.preinitialize(DEDirector.java:1338)
	at ptolemy.actor.CompositeActor.preinitialize(CompositeActor.java:1828)
	at ptolemy.actor.Manager.preinitializeAndResolveTypes(Manager.java:1040)
	at ptolemy.actor.Manager.initialize(Manager.java:710)
	at ptolemy.actor.Manager.execute(Manager.java:356)
	at ptolemy.actor.Manager.run(Manager.java:1263)
	at ptolemy.actor.Manager$PtolemyRunThread.run(Manager.java:1915)

    while executing
ptolemy.kernel.util.IllegalActionException: Found a zero delay loop containing .dependencyLoop2.original
  in .dependencyLoop2 and .dependencyLoop2.original
    while executing
"java::new ptolemy.moml.MoMLSimpleApplication $file
"
    (procedure "createAndExecute" line 2)
    invoked from within
"createAndExecute $file"
    ("uplevel" body line 5)
    invoked from within
"uplevel $contents_of_test"
------------------ testing $PTII/ptolemy/domains/de/test/auto/knownFailedTests/HierarchicalModel.xml (Known Failure) 
12 ms. Memory: 146944K Free: 85331K (58%)


==== $PTIIhome/travis/build/icyphy/ptII/ptolemy/domains/de/test/../../../../: Auto Automatic test in file $PTII/ptolemy/domains/de/test/auto/knownFailedTests/HierarchicalModel.xml
==== Contents of test case:

	    # FIXME: we should use $relativeFilename here, but it
	    # might have backslashes under Windows, which causes no end
	    # of trouble.
	    createAndExecute $file
	    list {}
	
.... Test generated KNOWN error:
    while executing
ptolemy.kernel.util.IllegalActionException: Found a zero delay loop containing .HierarchicalModel.A
  in .HierarchicalModel and .HierarchicalModel.A
	at ptolemy.actor.util.CausalityInterfaceForComposites._computeOutputPortDepth(CausalityInterfaceForComposites.java:759)
	at ptolemy.actor.util.CausalityInterfaceForComposites._computeInputDepth(CausalityInterfaceForComposites.java:696)
	at ptolemy.actor.util.CausalityInterfaceForComposites._computeOutputPortDepth(CausalityInterfaceForComposites.java:765)
	at ptolemy.actor.util.CausalityInterfaceForComposites._computeInputDepth(CausalityInterfaceForComposites.java:696)
	at ptolemy.actor.util.CausalityInterfaceForComposites._computeOutputPortDepth(CausalityInterfaceForComposites.java:765)
	at ptolemy.actor.util.CausalityInterfaceForComposites._computeInputDepth(CausalityInterfaceForComposites.java:696)
	at ptolemy.actor.util.CausalityInterfaceForComposites._computeActorDepth(CausalityInterfaceForComposites.java:532)
	at ptolemy.actor.util.CausalityInterfaceForComposites.checkForCycles(CausalityInterfaceForComposites.java:96)
	at ptolemy.domains.de.kernel.DEDirector.preinitialize(DEDirector.java:1338)
	at ptolemy.actor.CompositeActor.preinitialize(CompositeActor.java:1828)
	at ptolemy.actor.Manager.preinitializeAndResolveTypes(Manager.java:1040)
	at ptolemy.actor.Manager.initialize(Manager.java:710)
	at ptolemy.actor.Manager.execute(Manager.java:356)
	at ptolemy.actor.Manager.run(Manager.java:1263)
	at ptolemy.actor.Manager$PtolemyRunThread.run(Manager.java:1915)

    while executing
ptolemy.kernel.util.IllegalActionException: Found a zero delay loop containing .HierarchicalModel.A
  in .HierarchicalModel and .HierarchicalModel.A
    while executing
"java::new ptolemy.moml.MoMLSimpleApplication $file
"
    (procedure "createAndExecute" line 2)
    invoked from within
"createAndExecute $file"
    ("uplevel" body line 5)
    invoked from within
"uplevel $contents_of_test"
------------------ testing $PTII/ptolemy/domains/de/test/auto/knownFailedTests/DirectFeedback.xml (Known Failure) 
10 ms. Memory: 146944K Free: 141366K (96%)


==== $PTIIhome/travis/build/icyphy/ptII/ptolemy/domains/de/test/../../../../: Auto Automatic test in file $PTII/ptolemy/domains/de/test/auto/knownFailedTests/DirectFeedback.xml
==== Contents of test case:

	    # FIXME: we should use $relativeFilename here, but it
	    # might have backslashes under Windows, which causes no end
	    # of trouble.
	    createAndExecute $file
	    list {}
	
.... Test generated KNOWN error:
    while executing
ptolemy.kernel.util.IllegalActionException: Test fails in iteration 1.
Value was: 1.0. Should have been: 2.0
  in .DirectFeedback.Test
	at ptolemy.actor.lib.Test.fire(Test.java:268)
	at ptolemy.domains.de.kernel.DEDirector._fire(DEDirector.java:1949)
	at ptolemy.domains.de.kernel.DEDirector.fire(DEDirector.java:502)
	at ptolemy.actor.CompositeActor.fire(CompositeActor.java:455)
	at ptolemy.actor.Manager.iterate(Manager.java:851)
	at ptolemy.actor.Manager.execute(Manager.java:369)
	at ptolemy.actor.Manager.run(Manager.java:1263)
	at ptolemy.actor.Manager$PtolemyRunThread.run(Manager.java:1915)

    while executing
ptolemy.kernel.util.IllegalActionException: Test fails in iteration 1.
Value was: 1.0. Should have been: 2.0
  in .DirectFeedback.Test
    while executing
"java::new ptolemy.moml.MoMLSimpleApplication $file
"
    (procedure "createAndExecute" line 2)
    invoked from within
"createAndExecute $file"
    ("uplevel" body line 5)
    invoked from within
"uplevel $contents_of_test"
------------------ testing $PTII/ptolemy/domains/de/test/auto/ActorDepthCalculation_actorWithoutPorts.xml
auto.tcl: Setting watchdog for 200 seconds at Sun Sep 09 02:24:20 UTC 2018
4 ms. Memory: 146944K Free: 132406K (90%)
ptolemy.util.test.WatchDog.cancel(): canceling Sun Sep 09 02:24:20 UTC 2018
auto.tcl: Setting watchdog for 200 seconds at Sun Sep 09 02:24:20 UTC 2018
5 ms. Memory: 146944K Free: 131365K (89%)
ptolemy.util.test.WatchDog.cancel(): canceling Sun Sep 09 02:24:20 UTC 2018
------------------ testing $PTII/ptolemy/domains/de/test/auto/AssemblyLine.xml
auto.tcl: Setting watchdog for 200 seconds at Sun Sep 09 02:24:20 UTC 2018
14 ms. Memory: 208384K Free: 182823K (88%)
ptolemy.util.test.WatchDog.cancel(): canceling Sun Sep 09 02:24:21 UTC 2018
auto.tcl: Setting watchdog for 200 seconds at Sun Sep 09 02:24:21 UTC 2018
11 ms. Memory: 208384K Free: 182823K (88%)
ptolemy.util.test.WatchDog.cancel(): canceling Sun Sep 09 02:24:21 UTC 2018
------------------ testing $PTII/ptolemy/domains/de/test/auto/CQBug1.xml
auto.tcl: Setting watchdog for 200 seconds at Sun Sep 09 02:24:21 UTC 2018
7 ms. Memory: 208384K Free: 197704K (95%)
ptolemy.util.test.WatchDog.cancel(): canceling Sun Sep 09 02:24:21 UTC 2018
auto.tcl: Setting watchdog for 200 seconds at Sun Sep 09 02:24:21 UTC 2018
3 ms. Memory: 208384K Free: 197366K (95%)
ptolemy.util.test.WatchDog.cancel(): canceling Sun Sep 09 02:24:21 UTC 2018
------------------ testing $PTII/ptolemy/domains/de/test/auto/CancelFireAt.xml
auto.tcl: Setting watchdog for 200 seconds at Sun Sep 09 02:24:21 UTC 2018
6 ms. Memory: 208384K Free: 201086K (96%)
ptolemy.util.test.WatchDog.cancel(): canceling Sun Sep 09 02:24:21 UTC 2018
auto.tcl: Setting watchdog for 200 seconds at Sun Sep 09 02:24:21 UTC 2018
3 ms. Memory: 208384K Free: 198982K (95%)
ptolemy.util.test.WatchDog.cancel(): canceling Sun Sep 09 02:24:21 UTC 2018
------------------ testing $PTII/ptolemy/domains/de/test/auto/CausalityAndComposabilityAnalysis.xml
auto.tcl: Setting watchdog for 200 seconds at Sun Sep 09 02:24:21 UTC 2018
21 ms. Memory: 208384K Free: 196885K (94%)
ptolemy.util.test.WatchDog.cancel(): canceling Sun Sep 09 02:24:21 UTC 2018
auto.tcl: Setting watchdog for 200 seconds at Sun Sep 09 02:24:21 UTC 2018
12 ms. Memory: 208384K Free: 196885K (94%)
ptolemy.util.test.WatchDog.cancel(): canceling Sun Sep 09 02:24:21 UTC 2018
------------------ testing $PTII/ptolemy/domains/de/test/auto/CausalityInterface1.xml
auto.tcl: Setting watchdog for 200 seconds at Sun Sep 09 02:24:21 UTC 2018
12 ms. Memory: 208384K Free: 196413K (94%)
ptolemy.util.test.WatchDog.cancel(): canceling Sun Sep 09 02:24:21 UTC 2018
auto.tcl: Setting watchdog for 200 seconds at Sun Sep 09 02:24:21 UTC 2018
11 ms. Memory: 208384K Free: 196413K (94%)
ptolemy.util.test.WatchDog.cancel(): canceling Sun Sep 09 02:24:21 UTC 2018
------------------ testing $PTII/ptolemy/domains/de/test/auto/CausalityInterface15.xml
auto.tcl: Setting watchdog for 200 seconds at Sun Sep 09 02:24:21 UTC 2018
8 ms. Memory: 208384K Free: 196404K (94%)
ptolemy.util.test.WatchDog.cancel(): canceling Sun Sep 09 02:24:21 UTC 2018
auto.tcl: Setting watchdog for 200 seconds at Sun Sep 09 02:24:21 UTC 2018
4 ms. Memory: 208384K Free: 196404K (94%)
ptolemy.util.test.WatchDog.cancel(): canceling Sun Sep 09 02:24:21 UTC 2018
------------------ testing $PTII/ptolemy/domains/de/test/auto/CausalityInterface2.xml
auto.tcl: Setting watchdog for 200 seconds at Sun Sep 09 02:24:21 UTC 2018
3 ms. Memory: 208384K Free: 196388K (94%)
ptolemy.util.test.WatchDog.cancel(): canceling Sun Sep 09 02:24:21 UTC 2018
auto.tcl: Setting watchdog for 200 seconds at Sun Sep 09 02:24:21 UTC 2018
3 ms. Memory: 208384K Free: 196388K (94%)
ptolemy.util.test.WatchDog.cancel(): canceling Sun Sep 09 02:24:21 UTC 2018
------------------ testing $PTII/ptolemy/domains/de/test/auto/CausalityInterface3.xml
auto.tcl: Setting watchdog for 200 seconds at Sun Sep 09 02:24:21 UTC 2018
10 ms. Memory: 208384K Free: 196401K (94%)
ptolemy.util.test.WatchDog.cancel(): canceling Sun Sep 09 02:24:21 UTC 2018
auto.tcl: Setting watchdog for 200 seconds at Sun Sep 09 02:24:21 UTC 2018
3 ms. Memory: 208384K Free: 196401K (94%)
ptolemy.util.test.WatchDog.cancel(): canceling Sun Sep 09 02:24:21 UTC 2018
------------------ testing $PTII/ptolemy/domains/de/test/auto/ClockDrift.xml
auto.tcl: Setting watchdog for 200 seconds at Sun Sep 09 02:24:22 UTC 2018
115 ms. Memory: 208384K Free: 187622K (90%)
ptolemy.util.test.WatchDog.cancel(): canceling Sun Sep 09 02:24:22 UTC 2018
auto.tcl: Setting watchdog for 200 seconds at Sun Sep 09 02:24:22 UTC 2018
76 ms. Memory: 208384K Free: 185518K (89%)
ptolemy.util.test.WatchDog.cancel(): canceling Sun Sep 09 02:24:22 UTC 2018
------------------ testing $PTII/ptolemy/domains/de/test/auto/ClockDriftAndValueChange.xml
auto.tcl: Setting watchdog for 200 seconds at Sun Sep 09 02:24:22 UTC 2018
55 ms. Memory: 208384K Free: 187454K (90%)
ptolemy.util.test.WatchDog.cancel(): canceling Sun Sep 09 02:24:22 UTC 2018
auto.tcl: Setting watchdog for 200 seconds at Sun Sep 09 02:24:22 UTC 2018
40 ms. Memory: 208384K Free: 185351K (89%)
ptolemy.util.test.WatchDog.cancel(): canceling Sun Sep 09 02:24:22 UTC 2018
------------------ testing $PTII/ptolemy/domains/de/test/auto/ClockDriftChange.xml
auto.tcl: Setting watchdog for 200 seconds at Sun Sep 09 02:24:22 UTC 2018
23 ms. Memory: 208384K Free: 190781K (92%)
ptolemy.util.test.WatchDog.cancel(): canceling Sun Sep 09 02:24:22 UTC 2018
auto.tcl: Setting watchdog for 200 seconds at Sun Sep 09 02:24:22 UTC 2018
25 ms. Memory: 208384K Free: 188677K (91%)
ptolemy.util.test.WatchDog.cancel(): canceling Sun Sep 09 02:24:22 UTC 2018
------------------ testing $PTII/ptolemy/domains/de/test/auto/ComposableCausalityAnalysis.xml
auto.tcl: Setting watchdog for 200 seconds at Sun Sep 09 02:24:22 UTC 2018
2 ms. Memory: 208384K Free: 196255K (94%)
ptolemy.util.test.WatchDog.cancel(): canceling Sun Sep 09 02:24:22 UTC 2018
auto.tcl: Setting watchdog for 200 seconds at Sun Sep 09 02:24:22 UTC 2018
4 ms. Memory: 208384K Free: 194152K (93%)
ptolemy.util.test.WatchDog.cancel(): canceling Sun Sep 09 02:24:22 UTC 2018
------------------ testing $PTII/ptolemy/domains/de/test/auto/DEFixedPointLimitation.xml
auto.tcl: Setting watchdog for 200 seconds at Sun Sep 09 02:24:22 UTC 2018
2 ms. Memory: 208384K Free: 196336K (94%)
ptolemy.util.test.WatchDog.cancel(): canceling Sun Sep 09 02:24:22 UTC 2018
auto.tcl: Setting watchdog for 200 seconds at Sun Sep 09 02:24:22 UTC 2018
1 ms. Memory: 208384K Free: 196336K (94%)
ptolemy.util.test.WatchDog.cancel(): canceling Sun Sep 09 02:24:22 UTC 2018
------------------ testing $PTII/ptolemy/domains/de/test/auto/DEScheduleTest.xml
auto.tcl: Setting watchdog for 200 seconds at Sun Sep 09 02:24:22 UTC 2018
3 ms. Memory: 208384K Free: 198476K (95%)
ptolemy.util.test.WatchDog.cancel(): canceling Sun Sep 09 02:24:22 UTC 2018
auto.tcl: Setting watchdog for 200 seconds at Sun Sep 09 02:24:22 UTC 2018
5 ms. Memory: 208384K Free: 196372K (94%)
ptolemy.util.test.WatchDog.cancel(): canceling Sun Sep 09 02:24:22 UTC 2018
------------------ testing $PTII/ptolemy/domains/de/test/auto/DEinDEwithStartTimes.xml
auto.tcl: Setting watchdog for 200 seconds at Sun Sep 09 02:24:22 UTC 2018
10 ms. Memory: 208384K Free: 196342K (94%)
ptolemy.util.test.WatchDog.cancel(): canceling Sun Sep 09 02:24:22 UTC 2018
auto.tcl: Setting watchdog for 200 seconds at Sun Sep 09 02:24:22 UTC 2018
8 ms. Memory: 208384K Free: 194239K (93%)
ptolemy.util.test.WatchDog.cancel(): canceling Sun Sep 09 02:24:22 UTC 2018
------------------ testing $PTII/ptolemy/domains/de/test/auto/DEinDEwithStartTimes2.xml
auto.tcl: Setting watchdog for 200 seconds at Sun Sep 09 02:24:23 UTC 2018
4 ms. Memory: 208384K Free: 196660K (94%)
ptolemy.util.test.WatchDog.cancel(): canceling Sun Sep 09 02:24:23 UTC 2018
auto.tcl: Setting watchdog for 200 seconds at Sun Sep 09 02:24:23 UTC 2018
4 ms. Memory: 208384K Free: 194218K (93%)
ptolemy.util.test.WatchDog.cancel(): canceling Sun Sep 09 02:24:23 UTC 2018
------------------ testing $PTII/ptolemy/domains/de/test/auto/DateDemo.xml
auto.tcl: Setting watchdog for 200 seconds at Sun Sep 09 02:24:23 UTC 2018
22 ms. Memory: 208384K Free: 188741K (91%)
ptolemy.util.test.WatchDog.cancel(): canceling Sun Sep 09 02:24:23 UTC 2018
auto.tcl: Setting watchdog for 200 seconds at Sun Sep 09 02:24:23 UTC 2018
10 ms. Memory: 208384K Free: 186638K (90%)
ptolemy.util.test.WatchDog.cancel(): canceling Sun Sep 09 02:24:23 UTC 2018
------------------ testing $PTII/ptolemy/domains/de/test/auto/DateToEvent.xml
auto.tcl: Setting watchdog for 200 seconds at Sun Sep 09 02:24:23 UTC 2018
2012 ms. Memory: 208384K Free: 183453K (88%)
ptolemy.util.test.WatchDog.cancel(): canceling Sun Sep 09 02:24:25 UTC 2018
auto.tcl: Setting watchdog for 200 seconds at Sun Sep 09 02:24:25 UTC 2018
2005 ms. Memory: 208384K Free: 180996K (87%)
ptolemy.util.test.WatchDog.cancel(): canceling Sun Sep 09 02:24:27 UTC 2018
------------------ testing $PTII/ptolemy/domains/de/test/auto/DepthTest1.xml
auto.tcl: Setting watchdog for 200 seconds at Sun Sep 09 02:24:27 UTC 2018
2 ms. Memory: 208384K Free: 198005K (95%)
ptolemy.util.test.WatchDog.cancel(): canceling Sun Sep 09 02:24:27 UTC 2018
auto.tcl: Setting watchdog for 200 seconds at Sun Sep 09 02:24:27 UTC 2018
2 ms. Memory: 208384K Free: 198005K (95%)
ptolemy.util.test.WatchDog.cancel(): canceling Sun Sep 09 02:24:27 UTC 2018
------------------ testing $PTII/ptolemy/domains/de/test/auto/DepthTest2.xml
auto.tcl: Setting watchdog for 200 seconds at Sun Sep 09 02:24:27 UTC 2018
4 ms. Memory: 208384K Free: 194200K (93%)
ptolemy.util.test.WatchDog.cancel(): canceling Sun Sep 09 02:24:27 UTC 2018
auto.tcl: Setting watchdog for 200 seconds at Sun Sep 09 02:24:27 UTC 2018
7 ms. Memory: 208384K Free: 194200K (93%)
ptolemy.util.test.WatchDog.cancel(): canceling Sun Sep 09 02:24:27 UTC 2018
------------------ testing $PTII/ptolemy/domains/de/test/auto/DepthTest3.xml
auto.tcl: Setting watchdog for 200 seconds at Sun Sep 09 02:24:27 UTC 2018
2 ms. Memory: 208384K Free: 198340K (95%)
ptolemy.util.test.WatchDog.cancel(): canceling Sun Sep 09 02:24:27 UTC 2018
auto.tcl: Setting watchdog for 200 seconds at Sun Sep 09 02:24:27 UTC 2018
2 ms. Memory: 208384K Free: 198340K (95%)
ptolemy.util.test.WatchDog.cancel(): canceling Sun Sep 09 02:24:27 UTC 2018
------------------ testing $PTII/ptolemy/domains/de/test/auto/DepthTest4.xml
auto.tcl: Setting watchdog for 200 seconds at Sun Sep 09 02:24:27 UTC 2018
6 ms. Memory: 208384K Free: 196323K (94%)
ptolemy.util.test.WatchDog.cancel(): canceling Sun Sep 09 02:24:27 UTC 2018
auto.tcl: Setting watchdog for 200 seconds at Sun Sep 09 02:24:27 UTC 2018
2 ms. Memory: 208384K Free: 196323K (94%)
ptolemy.util.test.WatchDog.cancel(): canceling Sun Sep 09 02:24:27 UTC 2018
------------------ testing $PTII/ptolemy/domains/de/test/auto/DepthTest5.xml
auto.tcl: Setting watchdog for 200 seconds at Sun Sep 09 02:24:27 UTC 2018
4 ms. Memory: 208384K Free: 196608K (94%)
ptolemy.util.test.WatchDog.cancel(): canceling Sun Sep 09 02:24:27 UTC 2018
auto.tcl: Setting watchdog for 200 seconds at Sun Sep 09 02:24:27 UTC 2018
3 ms. Memory: 208384K Free: 196608K (94%)
ptolemy.util.test.WatchDog.cancel(): canceling Sun Sep 09 02:24:27 UTC 2018
------------------ testing $PTII/ptolemy/domains/de/test/auto/DepthTest6.xml
auto.tcl: Setting watchdog for 200 seconds at Sun Sep 09 02:24:27 UTC 2018
14 ms. Memory: 208384K Free: 196585K (94%)
ptolemy.util.test.WatchDog.cancel(): canceling Sun Sep 09 02:24:27 UTC 2018
auto.tcl: Setting watchdog for 200 seconds at Sun Sep 09 02:24:27 UTC 2018
3 ms. Memory: 208384K Free: 196585K (94%)
ptolemy.util.test.WatchDog.cancel(): canceling Sun Sep 09 02:24:27 UTC 2018
------------------ testing $PTII/ptolemy/domains/de/test/auto/DepthTest7.xml
auto.tcl: Setting watchdog for 200 seconds at Sun Sep 09 02:24:27 UTC 2018
2 ms. Memory: 208384K Free: 196228K (94%)
ptolemy.util.test.WatchDog.cancel(): canceling Sun Sep 09 02:24:27 UTC 2018
auto.tcl: Setting watchdog for 200 seconds at Sun Sep 09 02:24:27 UTC 2018
2 ms. Memory: 208384K Free: 196228K (94%)
ptolemy.util.test.WatchDog.cancel(): canceling Sun Sep 09 02:24:27 UTC 2018
------------------ testing $PTII/ptolemy/domains/de/test/auto/EventToDate.xml
auto.tcl: Setting watchdog for 200 seconds at Sun Sep 09 02:24:28 UTC 2018
3006 ms. Memory: 208384K Free: 185732K (89%)
ptolemy.util.test.WatchDog.cancel(): canceling Sun Sep 09 02:24:31 UTC 2018
auto.tcl: Setting watchdog for 200 seconds at Sun Sep 09 02:24:31 UTC 2018
3005 ms. Memory: 208384K Free: 185732K (89%)
ptolemy.util.test.WatchDog.cancel(): canceling Sun Sep 09 02:24:34 UTC 2018
------------------ testing $PTII/ptolemy/domains/de/test/auto/FSM1.xml
auto.tcl: Setting watchdog for 200 seconds at Sun Sep 09 02:24:34 UTC 2018
46 ms. Memory: 208384K Free: 189272K (91%)
ptolemy.util.test.WatchDog.cancel(): canceling Sun Sep 09 02:24:34 UTC 2018
auto.tcl: Setting watchdog for 200 seconds at Sun Sep 09 02:24:34 UTC 2018
19 ms. Memory: 208384K Free: 185065K (89%)
ptolemy.util.test.WatchDog.cancel(): canceling Sun Sep 09 02:24:34 UTC 2018
------------------ testing $PTII/ptolemy/domains/de/test/auto/FSM7.xml
auto.tcl: Setting watchdog for 200 seconds at Sun Sep 09 02:24:34 UTC 2018
14 ms. Memory: 208384K Free: 187371K (90%)
ptolemy.util.test.WatchDog.cancel(): canceling Sun Sep 09 02:24:34 UTC 2018
auto.tcl: Setting watchdog for 200 seconds at Sun Sep 09 02:24:34 UTC 2018
16 ms. Memory: 208384K Free: 185268K (89%)
ptolemy.util.test.WatchDog.cancel(): canceling Sun Sep 09 02:24:34 UTC 2018
------------------ testing $PTII/ptolemy/domains/de/test/auto/Inspection.xml
auto.tcl: Setting watchdog for 200 seconds at Sun Sep 09 02:24:34 UTC 2018
44 ms. Memory: 208384K Free: 188586K (90%)
ptolemy.util.test.WatchDog.cancel(): canceling Sun Sep 09 02:24:34 UTC 2018
auto.tcl: Setting watchdog for 200 seconds at Sun Sep 09 02:24:34 UTC 2018
24 ms. Memory: 208384K Free: 186482K (89%)
ptolemy.util.test.WatchDog.cancel(): canceling Sun Sep 09 02:24:34 UTC 2018
------------------ testing $PTII/ptolemy/domains/de/test/auto/Iteration.xml
auto.tcl: Setting watchdog for 200 seconds at Sun Sep 09 02:24:34 UTC 2018
9 ms. Memory: 208384K Free: 196034K (94%)
ptolemy.util.test.WatchDog.cancel(): canceling Sun Sep 09 02:24:34 UTC 2018
auto.tcl: Setting watchdog for 200 seconds at Sun Sep 09 02:24:34 UTC 2018
6 ms. Memory: 208384K Free: 193930K (93%)
ptolemy.util.test.WatchDog.cancel(): canceling Sun Sep 09 02:24:34 UTC 2018
------------------ testing $PTII/ptolemy/domains/de/test/auto/LineFault.xml
auto.tcl: Setting watchdog for 200 seconds at Sun Sep 09 02:24:34 UTC 2018
745 ms. Memory: 208384K Free: 196266K (94%)
ptolemy.util.test.WatchDog.cancel(): canceling Sun Sep 09 02:24:35 UTC 2018
auto.tcl: Setting watchdog for 200 seconds at Sun Sep 09 02:24:35 UTC 2018
649 ms. Memory: 208384K Free: 138762K (67%)
ptolemy.util.test.WatchDog.cancel(): canceling Sun Sep 09 02:24:36 UTC 2018
------------------ testing $PTII/ptolemy/domains/de/test/auto/MergeModel1Add.xml
auto.tcl: Setting watchdog for 200 seconds at Sun Sep 09 02:24:36 UTC 2018
27 ms. Memory: 331264K Free: 298827K (90%)
ptolemy.util.test.WatchDog.cancel(): canceling Sun Sep 09 02:24:36 UTC 2018
auto.tcl: Setting watchdog for 200 seconds at Sun Sep 09 02:24:36 UTC 2018
12 ms. Memory: 331264K Free: 298827K (90%)
ptolemy.util.test.WatchDog.cancel(): canceling Sun Sep 09 02:24:36 UTC 2018
------------------ testing $PTII/ptolemy/domains/de/test/auto/MergeModel2Add.xml
auto.tcl: Setting watchdog for 200 seconds at Sun Sep 09 02:24:36 UTC 2018
13 ms. Memory: 331264K Free: 304127K (92%)
ptolemy.util.test.WatchDog.cancel(): canceling Sun Sep 09 02:24:36 UTC 2018
auto.tcl: Setting watchdog for 200 seconds at Sun Sep 09 02:24:36 UTC 2018
7 ms. Memory: 331264K Free: 300165K (91%)
ptolemy.util.test.WatchDog.cancel(): canceling Sun Sep 09 02:24:36 UTC 2018
------------------ testing $PTII/ptolemy/domains/de/test/auto/MergeModel3Add.xml
auto.tcl: Setting watchdog for 200 seconds at Sun Sep 09 02:24:36 UTC 2018
13 ms. Memory: 331264K Free: 304130K (92%)
ptolemy.util.test.WatchDog.cancel(): canceling Sun Sep 09 02:24:36 UTC 2018
auto.tcl: Setting watchdog for 200 seconds at Sun Sep 09 02:24:36 UTC 2018
9 ms. Memory: 331264K Free: 300184K (91%)
ptolemy.util.test.WatchDog.cancel(): canceling Sun Sep 09 02:24:36 UTC 2018
------------------ testing $PTII/ptolemy/domains/de/test/auto/MergeWithoutDiscard.xml
auto.tcl: Setting watchdog for 200 seconds at Sun Sep 09 02:24:36 UTC 2018
4 ms. Memory: 331264K Free: 319942K (97%)
ptolemy.util.test.WatchDog.cancel(): canceling Sun Sep 09 02:24:36 UTC 2018
auto.tcl: Setting watchdog for 200 seconds at Sun Sep 09 02:24:36 UTC 2018
1 ms. Memory: 331264K Free: 315996K (95%)
ptolemy.util.test.WatchDog.cancel(): canceling Sun Sep 09 02:24:36 UTC 2018
------------------ testing $PTII/ptolemy/domains/de/test/auto/Modal1.xml
auto.tcl: Setting watchdog for 200 seconds at Sun Sep 09 02:24:36 UTC 2018
12 ms. Memory: 331264K Free: 309474K (93%)
ptolemy.util.test.WatchDog.cancel(): canceling Sun Sep 09 02:24:37 UTC 2018
auto.tcl: Setting watchdog for 200 seconds at Sun Sep 09 02:24:37 UTC 2018
13 ms. Memory: 331264K Free: 305528K (92%)
ptolemy.util.test.WatchDog.cancel(): canceling Sun Sep 09 02:24:37 UTC 2018
------------------ testing $PTII/ptolemy/domains/de/test/auto/Modal2.xml
auto.tcl: Setting watchdog for 200 seconds at Sun Sep 09 02:24:37 UTC 2018
11 ms. Memory: 331264K Free: 309361K (93%)
ptolemy.util.test.WatchDog.cancel(): canceling Sun Sep 09 02:24:37 UTC 2018
auto.tcl: Setting watchdog for 200 seconds at Sun Sep 09 02:24:37 UTC 2018
12 ms. Memory: 331264K Free: 305415K (92%)
ptolemy.util.test.WatchDog.cancel(): canceling Sun Sep 09 02:24:37 UTC 2018
------------------ testing $PTII/ptolemy/domains/de/test/auto/Modal3.xml
auto.tcl: Setting watchdog for 200 seconds at Sun Sep 09 02:24:37 UTC 2018
11 ms. Memory: 331264K Free: 304440K (92%)
ptolemy.util.test.WatchDog.cancel(): canceling Sun Sep 09 02:24:37 UTC 2018
auto.tcl: Setting watchdog for 200 seconds at Sun Sep 09 02:24:37 UTC 2018
12 ms. Memory: 331264K Free: 300478K (91%)
ptolemy.util.test.WatchDog.cancel(): canceling Sun Sep 09 02:24:37 UTC 2018
------------------ testing $PTII/ptolemy/domains/de/test/auto/Modal4.xml
auto.tcl: Setting watchdog for 200 seconds at Sun Sep 09 02:24:37 UTC 2018
12 ms. Memory: 331264K Free: 309658K (93%)
ptolemy.util.test.WatchDog.cancel(): canceling Sun Sep 09 02:24:37 UTC 2018
auto.tcl: Setting watchdog for 200 seconds at Sun Sep 09 02:24:37 UTC 2018
15 ms. Memory: 331264K Free: 305427K (92%)
ptolemy.util.test.WatchDog.cancel(): canceling Sun Sep 09 02:24:37 UTC 2018
------------------ testing $PTII/ptolemy/domains/de/test/auto/Modal5.xml
auto.tcl: Setting watchdog for 200 seconds at Sun Sep 09 02:24:37 UTC 2018
17 ms. Memory: 331264K Free: 309362K (93%)
ptolemy.util.test.WatchDog.cancel(): canceling Sun Sep 09 02:24:37 UTC 2018
auto.tcl: Setting watchdog for 200 seconds at Sun Sep 09 02:24:37 UTC 2018
14 ms. Memory: 331264K Free: 305416K (92%)
ptolemy.util.test.WatchDog.cancel(): canceling Sun Sep 09 02:24:37 UTC 2018
------------------ testing $PTII/ptolemy/domains/de/test/auto/Modal6.xml
auto.tcl: Setting watchdog for 200 seconds at Sun Sep 09 02:24:37 UTC 2018
23 ms. Memory: 331264K Free: 309358K (93%)
ptolemy.util.test.WatchDog.cancel(): canceling Sun Sep 09 02:24:37 UTC 2018
auto.tcl: Setting watchdog for 200 seconds at Sun Sep 09 02:24:37 UTC 2018
22 ms. Memory: 331264K Free: 305412K (92%)
ptolemy.util.test.WatchDog.cancel(): canceling Sun Sep 09 02:24:37 UTC 2018
------------------ testing $PTII/ptolemy/domains/de/test/auto/Modal7.xml
auto.tcl: Setting watchdog for 200 seconds at Sun Sep 09 02:24:37 UTC 2018
22 ms. Memory: 331264K Free: 309325K (93%)
ptolemy.util.test.WatchDog.cancel(): canceling Sun Sep 09 02:24:37 UTC 2018
auto.tcl: Setting watchdog for 200 seconds at Sun Sep 09 02:24:37 UTC 2018
13 ms. Memory: 331264K Free: 305379K (92%)
ptolemy.util.test.WatchDog.cancel(): canceling Sun Sep 09 02:24:37 UTC 2018
------------------ testing $PTII/ptolemy/domains/de/test/auto/ModalModel.xml
auto.tcl: Setting watchdog for 200 seconds at Sun Sep 09 02:24:37 UTC 2018
228 ms. Memory: 331264K Free: 248107K (75%)
ptolemy.util.test.WatchDog.cancel(): canceling Sun Sep 09 02:24:38 UTC 2018
auto.tcl: Setting watchdog for 200 seconds at Sun Sep 09 02:24:38 UTC 2018
212 ms. Memory: 331264K Free: 192656K (58%)
ptolemy.util.test.WatchDog.cancel(): canceling Sun Sep 09 02:24:38 UTC 2018
------------------ testing $PTII/ptolemy/domains/de/test/auto/ModalSource.xml
auto.tcl: Setting watchdog for 200 seconds at Sun Sep 09 02:24:38 UTC 2018
14 ms. Memory: 331264K Free: 316095K (95%)
ptolemy.util.test.WatchDog.cancel(): canceling Sun Sep 09 02:24:38 UTC 2018
auto.tcl: Setting watchdog for 200 seconds at Sun Sep 09 02:24:38 UTC 2018
7 ms. Memory: 331264K Free: 312564K (94%)
ptolemy.util.test.WatchDog.cancel(): canceling Sun Sep 09 02:24:38 UTC 2018
------------------ testing $PTII/ptolemy/domains/de/test/auto/NonInterruptibleTimerZeroDelay.xml
auto.tcl: Setting watchdog for 200 seconds at Sun Sep 09 02:24:38 UTC 2018
4 ms. Memory: 331264K Free: 320465K (97%)
ptolemy.util.test.WatchDog.cancel(): canceling Sun Sep 09 02:24:38 UTC 2018
auto.tcl: Setting watchdog for 200 seconds at Sun Sep 09 02:24:38 UTC 2018
2 ms. Memory: 331264K Free: 316934K (96%)
ptolemy.util.test.WatchDog.cancel(): canceling Sun Sep 09 02:24:38 UTC 2018
------------------ testing $PTII/ptolemy/domains/de/test/auto/OpenQueueingNetwork.xml
auto.tcl: Setting watchdog for 200 seconds at Sun Sep 09 02:24:38 UTC 2018
3157 ms. Memory: 317952K Free: 164527K (52%)
ptolemy.util.test.WatchDog.cancel(): canceling Sun Sep 09 02:24:41 UTC 2018
auto.tcl: Setting watchdog for 200 seconds at Sun Sep 09 02:24:41 UTC 2018
2481 ms. Memory: 287232K Free: 242220K (84%)
ptolemy.util.test.WatchDog.cancel(): canceling Sun Sep 09 02:24:44 UTC 2018
------------------ testing $PTII/ptolemy/domains/de/test/auto/OpenQueuingNetwork.xml
auto.tcl: Setting watchdog for 200 seconds at Sun Sep 09 02:24:44 UTC 2018
294 ms. Memory: 287232K Free: 190152K (66%)
ptolemy.util.test.WatchDog.cancel(): canceling Sun Sep 09 02:24:44 UTC 2018
auto.tcl: Setting watchdog for 200 seconds at Sun Sep 09 02:24:44 UTC 2018
272 ms. Memory: 287232K Free: 129412K (45%)
ptolemy.util.test.WatchDog.cancel(): canceling Sun Sep 09 02:24:45 UTC 2018
------------------ testing $PTII/ptolemy/domains/de/test/auto/PeriodicSampler.xml
auto.tcl: Setting watchdog for 200 seconds at Sun Sep 09 02:24:45 UTC 2018
3 ms. Memory: 289792K Free: 274438K (95%)
ptolemy.util.test.WatchDog.cancel(): canceling Sun Sep 09 02:24:45 UTC 2018
auto.tcl: Setting watchdog for 200 seconds at Sun Sep 09 02:24:45 UTC 2018
2 ms. Memory: 289792K Free: 274438K (95%)
ptolemy.util.test.WatchDog.cancel(): canceling Sun Sep 09 02:24:45 UTC 2018
------------------ testing $PTII/ptolemy/domains/de/test/auto/PersistentIO.xml
auto.tcl: Setting watchdog for 200 seconds at Sun Sep 09 02:24:45 UTC 2018
6 ms. Memory: 287232K Free: 266684K (93%)
ptolemy.util.test.WatchDog.cancel(): canceling Sun Sep 09 02:24:45 UTC 2018
auto.tcl: Setting watchdog for 200 seconds at Sun Sep 09 02:24:45 UTC 2018
4 ms. Memory: 287232K Free: 266684K (93%)
ptolemy.util.test.WatchDog.cancel(): canceling Sun Sep 09 02:24:45 UTC 2018
------------------ testing $PTII/ptolemy/domains/de/test/auto/PortParameterResetOnInitialize.xml
auto.tcl: Setting watchdog for 200 seconds at Sun Sep 09 02:24:45 UTC 2018
2 ms. Memory: 289280K Free: 274301K (95%)
ptolemy.util.test.WatchDog.cancel(): canceling Sun Sep 09 02:24:45 UTC 2018
auto.tcl: Setting watchdog for 200 seconds at Sun Sep 09 02:24:45 UTC 2018
2 ms. Memory: 289280K Free: 274301K (95%)
ptolemy.util.test.WatchDog.cancel(): canceling Sun Sep 09 02:24:45 UTC 2018
------------------ testing $PTII/ptolemy/domains/de/test/auto/PortParameterUpdates.xml
auto.tcl: Setting watchdog for 200 seconds at Sun Sep 09 02:24:45 UTC 2018
4 ms. Memory: 287232K Free: 274530K (96%)
ptolemy.util.test.WatchDog.cancel(): canceling Sun Sep 09 02:24:45 UTC 2018
auto.tcl: Setting watchdog for 200 seconds at Sun Sep 09 02:24:45 UTC 2018
4 ms. Memory: 287232K Free: 271630K (95%)
ptolemy.util.test.WatchDog.cancel(): canceling Sun Sep 09 02:24:45 UTC 2018
------------------ testing $PTII/ptolemy/domains/de/test/auto/QueueAndServer.xml
auto.tcl: Setting watchdog for 200 seconds at Sun Sep 09 02:24:45 UTC 2018
7 ms. Memory: 289280K Free: 271467K (94%)
ptolemy.util.test.WatchDog.cancel(): canceling Sun Sep 09 02:24:45 UTC 2018
auto.tcl: Setting watchdog for 200 seconds at Sun Sep 09 02:24:45 UTC 2018
7 ms. Memory: 289280K Free: 271467K (94%)
ptolemy.util.test.WatchDog.cancel(): canceling Sun Sep 09 02:24:45 UTC 2018
------------------ testing $PTII/ptolemy/domains/de/test/auto/Records.xml
auto.tcl: Setting watchdog for 200 seconds at Sun Sep 09 02:24:45 UTC 2018
6 ms. Memory: 287232K Free: 274351K (96%)
ptolemy.util.test.WatchDog.cancel(): canceling Sun Sep 09 02:24:45 UTC 2018
auto.tcl: Setting watchdog for 200 seconds at Sun Sep 09 02:24:45 UTC 2018
2 ms. Memory: 287232K Free: 274351K (96%)
ptolemy.util.test.WatchDog.cancel(): canceling Sun Sep 09 02:24:45 UTC 2018
------------------ testing $PTII/ptolemy/domains/de/test/auto/ResetTransitionWithStartTime1.xml
auto.tcl: Setting watchdog for 200 seconds at Sun Sep 09 02:24:45 UTC 2018
16 ms. Memory: 288768K Free: 272996K (95%)
ptolemy.util.test.WatchDog.cancel(): canceling Sun Sep 09 02:24:45 UTC 2018
auto.tcl: Setting watchdog for 200 seconds at Sun Sep 09 02:24:45 UTC 2018
9 ms. Memory: 288768K Free: 270088K (94%)
ptolemy.util.test.WatchDog.cancel(): canceling Sun Sep 09 02:24:45 UTC 2018
------------------ testing $PTII/ptolemy/domains/de/test/auto/ResetTransitionWithStartTime2.xml
auto.tcl: Setting watchdog for 200 seconds at Sun Sep 09 02:24:45 UTC 2018
6 ms. Memory: 287232K Free: 271544K (95%)
ptolemy.util.test.WatchDog.cancel(): canceling Sun Sep 09 02:24:45 UTC 2018
auto.tcl: Setting watchdog for 200 seconds at Sun Sep 09 02:24:45 UTC 2018
6 ms. Memory: 287232K Free: 268636K (94%)
ptolemy.util.test.WatchDog.cancel(): canceling Sun Sep 09 02:24:45 UTC 2018
------------------ testing $PTII/ptolemy/domains/de/test/auto/ResetTransitionWithStartTime3.xml
auto.tcl: Setting watchdog for 200 seconds at Sun Sep 09 02:24:45 UTC 2018
8 ms. Memory: 288768K Free: 272978K (95%)
ptolemy.util.test.WatchDog.cancel(): canceling Sun Sep 09 02:24:45 UTC 2018
auto.tcl: Setting watchdog for 200 seconds at Sun Sep 09 02:24:45 UTC 2018
6 ms. Memory: 288768K Free: 270077K (94%)
ptolemy.util.test.WatchDog.cancel(): canceling Sun Sep 09 02:24:45 UTC 2018
------------------ testing $PTII/ptolemy/domains/de/test/auto/ResetTransitionWithStartTime4.xml
auto.tcl: Setting watchdog for 200 seconds at Sun Sep 09 02:24:45 UTC 2018
4 ms. Memory: 287232K Free: 271463K (95%)
ptolemy.util.test.WatchDog.cancel(): canceling Sun Sep 09 02:24:45 UTC 2018
auto.tcl: Setting watchdog for 200 seconds at Sun Sep 09 02:24:45 UTC 2018
4 ms. Memory: 287232K Free: 271463K (95%)
ptolemy.util.test.WatchDog.cancel(): canceling Sun Sep 09 02:24:45 UTC 2018
------------------ testing $PTII/ptolemy/domains/de/test/auto/ResettableTimer1.xml
auto.tcl: Setting watchdog for 200 seconds at Sun Sep 09 02:24:45 UTC 2018
3 ms. Memory: 288768K Free: 275879K (96%)
ptolemy.util.test.WatchDog.cancel(): canceling Sun Sep 09 02:24:45 UTC 2018
auto.tcl: Setting watchdog for 200 seconds at Sun Sep 09 02:24:45 UTC 2018
2 ms. Memory: 288768K Free: 275879K (96%)
ptolemy.util.test.WatchDog.cancel(): canceling Sun Sep 09 02:24:45 UTC 2018
------------------ testing $PTII/ptolemy/domains/de/test/auto/ResettableTimer2.xml
auto.tcl: Setting watchdog for 200 seconds at Sun Sep 09 02:24:45 UTC 2018
3 ms. Memory: 287232K Free: 274510K (96%)
ptolemy.util.test.WatchDog.cancel(): canceling Sun Sep 09 02:24:45 UTC 2018
auto.tcl: Setting watchdog for 200 seconds at Sun Sep 09 02:24:45 UTC 2018
2 ms. Memory: 287232K Free: 274510K (96%)
ptolemy.util.test.WatchDog.cancel(): canceling Sun Sep 09 02:24:45 UTC 2018
------------------ testing $PTII/ptolemy/domains/de/test/auto/ResettableTimer3.xml
auto.tcl: Setting watchdog for 200 seconds at Sun Sep 09 02:24:45 UTC 2018
1 ms. Memory: 288256K Free: 275425K (96%)
ptolemy.util.test.WatchDog.cancel(): canceling Sun Sep 09 02:24:45 UTC 2018
auto.tcl: Setting watchdog for 200 seconds at Sun Sep 09 02:24:45 UTC 2018
1 ms. Memory: 288256K Free: 275425K (96%)
ptolemy.util.test.WatchDog.cancel(): canceling Sun Sep 09 02:24:45 UTC 2018
------------------ testing $PTII/ptolemy/domains/de/test/auto/ResettableTimer4.xml
auto.tcl: Setting watchdog for 200 seconds at Sun Sep 09 02:24:46 UTC 2018
2 ms. Memory: 287232K Free: 274515K (96%)
ptolemy.util.test.WatchDog.cancel(): canceling Sun Sep 09 02:24:46 UTC 2018
auto.tcl: Setting watchdog for 200 seconds at Sun Sep 09 02:24:46 UTC 2018
1 ms. Memory: 287232K Free: 274515K (96%)
ptolemy.util.test.WatchDog.cancel(): canceling Sun Sep 09 02:24:46 UTC 2018
------------------ testing $PTII/ptolemy/domains/de/test/auto/ResettableTimer5.xml
auto.tcl: Setting watchdog for 200 seconds at Sun Sep 09 02:24:46 UTC 2018
1 ms. Memory: 288256K Free: 273494K (95%)
ptolemy.util.test.WatchDog.cancel(): canceling Sun Sep 09 02:24:46 UTC 2018
auto.tcl: Setting watchdog for 200 seconds at Sun Sep 09 02:24:46 UTC 2018
2 ms. Memory: 288256K Free: 273494K (95%)
ptolemy.util.test.WatchDog.cancel(): canceling Sun Sep 09 02:24:46 UTC 2018
------------------ testing $PTII/ptolemy/domains/de/test/auto/ResettableTimer6.xml
auto.tcl: Setting watchdog for 200 seconds at Sun Sep 09 02:24:46 UTC 2018
2 ms. Memory: 287232K Free: 272303K (95%)
ptolemy.util.test.WatchDog.cancel(): canceling Sun Sep 09 02:24:46 UTC 2018
auto.tcl: Setting watchdog for 200 seconds at Sun Sep 09 02:24:46 UTC 2018
1 ms. Memory: 287232K Free: 272303K (95%)
ptolemy.util.test.WatchDog.cancel(): canceling Sun Sep 09 02:24:46 UTC 2018
------------------ testing $PTII/ptolemy/domains/de/test/auto/ServerZeroDelay.xml
auto.tcl: Setting watchdog for 200 seconds at Sun Sep 09 02:24:46 UTC 2018
3 ms. Memory: 288256K Free: 275477K (96%)
ptolemy.util.test.WatchDog.cancel(): canceling Sun Sep 09 02:24:46 UTC 2018
auto.tcl: Setting watchdog for 200 seconds at Sun Sep 09 02:24:46 UTC 2018
3 ms. Memory: 288256K Free: 275477K (96%)
ptolemy.util.test.WatchDog.cancel(): canceling Sun Sep 09 02:24:46 UTC 2018
------------------ testing $PTII/ptolemy/domains/de/test/auto/SmartSender.xml
auto.tcl: Setting watchdog for 200 seconds at Sun Sep 09 02:24:46 UTC 2018
3003 ms. Memory: 287232K Free: 272406K (95%)
ptolemy.util.test.WatchDog.cancel(): canceling Sun Sep 09 02:24:49 UTC 2018
auto.tcl: Setting watchdog for 200 seconds at Sun Sep 09 02:24:49 UTC 2018
3003 ms. Memory: 287232K Free: 272406K (95%)
ptolemy.util.test.WatchDog.cancel(): canceling Sun Sep 09 02:24:52 UTC 2018
------------------ testing $PTII/ptolemy/domains/de/test/auto/ThreadedComposite.xml
auto.tcl: Setting watchdog for 200 seconds at Sun Sep 09 02:24:52 UTC 2018
260 ms. Memory: 288256K Free: 252261K (88%)
ptolemy.util.test.WatchDog.cancel(): canceling Sun Sep 09 02:24:52 UTC 2018
auto.tcl: Setting watchdog for 200 seconds at Sun Sep 09 02:24:52 UTC 2018
156 ms. Memory: 288256K Free: 234111K (81%)
ptolemy.util.test.WatchDog.cancel(): canceling Sun Sep 09 02:24:52 UTC 2018
------------------ testing $PTII/ptolemy/domains/de/test/auto/Time.xml
auto.tcl: Setting watchdog for 200 seconds at Sun Sep 09 02:24:52 UTC 2018
571 ms. Memory: 287232K Free: 222615K (78%)
ptolemy.util.test.WatchDog.cancel(): canceling Sun Sep 09 02:24:53 UTC 2018
auto.tcl: Setting watchdog for 200 seconds at Sun Sep 09 02:24:53 UTC 2018
491 ms. Memory: 287232K Free: 170412K (59%)
ptolemy.util.test.WatchDog.cancel(): canceling Sun Sep 09 02:24:53 UTC 2018
------------------ testing $PTII/ptolemy/domains/de/test/auto/TimeDelayZeroDelay.xml
auto.tcl: Setting watchdog for 200 seconds at Sun Sep 09 02:24:54 UTC 2018
2 ms. Memory: 287744K Free: 275433K (96%)
ptolemy.util.test.WatchDog.cancel(): canceling Sun Sep 09 02:24:54 UTC 2018
auto.tcl: Setting watchdog for 200 seconds at Sun Sep 09 02:24:54 UTC 2018
2 ms. Memory: 287744K Free: 275433K (96%)
ptolemy.util.test.WatchDog.cancel(): canceling Sun Sep 09 02:24:54 UTC 2018
------------------ testing $PTII/ptolemy/domains/de/test/auto/TimerZeroDelay.xml
auto.tcl: Setting watchdog for 200 seconds at Sun Sep 09 02:24:54 UTC 2018
4 ms. Memory: 287232K Free: 275030K (96%)
ptolemy.util.test.WatchDog.cancel(): canceling Sun Sep 09 02:24:54 UTC 2018
auto.tcl: Setting watchdog for 200 seconds at Sun Sep 09 02:24:54 UTC 2018
2 ms. Memory: 287232K Free: 275030K (96%)
ptolemy.util.test.WatchDog.cancel(): canceling Sun Sep 09 02:24:54 UTC 2018
------------------ testing $PTII/ptolemy/domains/de/test/auto/TimingParadox.xml
auto.tcl: Setting watchdog for 200 seconds at Sun Sep 09 02:24:54 UTC 2018
378 ms. Memory: 287744K Free: 211319K (73%)
ptolemy.util.test.WatchDog.cancel(): canceling Sun Sep 09 02:24:54 UTC 2018
auto.tcl: Setting watchdog for 200 seconds at Sun Sep 09 02:24:54 UTC 2018
362 ms. Memory: 287744K Free: 177567K (62%)
ptolemy.util.test.WatchDog.cancel(): canceling Sun Sep 09 02:24:55 UTC 2018
------------------ testing $PTII/ptolemy/domains/de/test/auto/TransferInputs.xml
auto.tcl: Setting watchdog for 200 seconds at Sun Sep 09 02:24:55 UTC 2018
2 ms. Memory: 287744K Free: 274406K (95%)
ptolemy.util.test.WatchDog.cancel(): canceling Sun Sep 09 02:24:55 UTC 2018
auto.tcl: Setting watchdog for 200 seconds at Sun Sep 09 02:24:55 UTC 2018
2 ms. Memory: 287744K Free: 274406K (95%)
ptolemy.util.test.WatchDog.cancel(): canceling Sun Sep 09 02:24:55 UTC 2018
------------------ testing $PTII/ptolemy/domains/de/test/auto/TransferOutputs2.xml
auto.tcl: Setting watchdog for 200 seconds at Sun Sep 09 02:24:55 UTC 2018
3 ms. Memory: 287232K Free: 270325K (94%)
ptolemy.util.test.WatchDog.cancel(): canceling Sun Sep 09 02:24:55 UTC 2018
auto.tcl: Setting watchdog for 200 seconds at Sun Sep 09 02:24:55 UTC 2018
3 ms. Memory: 287232K Free: 267697K (93%)
ptolemy.util.test.WatchDog.cancel(): canceling Sun Sep 09 02:24:55 UTC 2018
------------------ testing $PTII/ptolemy/domains/de/test/auto/Trilateration.xml
auto.tcl: Setting watchdog for 200 seconds at Sun Sep 09 02:24:55 UTC 2018
12985 ms. Memory: 473088K Free: 302750K (64%)
ptolemy.util.test.WatchDog.cancel(): canceling Sun Sep 09 02:25:09 UTC 2018
auto.tcl: Setting watchdog for 200 seconds at Sun Sep 09 02:25:09 UTC 2018
9908 ms. Memory: 352256K Free: 265742K (75%)
ptolemy.util.test.WatchDog.cancel(): canceling Sun Sep 09 02:25:19 UTC 2018
------------------ testing $PTII/ptolemy/domains/de/test/auto/TwoSigmaDelta.xml
auto.tcl: Setting watchdog for 200 seconds at Sun Sep 09 02:25:19 UTC 2018
3054 ms. Memory: 339968K Free: 307754K (91%)
ptolemy.util.test.WatchDog.cancel(): canceling Sun Sep 09 02:25:22 UTC 2018
auto.tcl: Setting watchdog for 200 seconds at Sun Sep 09 02:25:22 UTC 2018
2201 ms. Memory: 339968K Free: 79143K (23%)
ptolemy.util.test.WatchDog.cancel(): canceling Sun Sep 09 02:25:24 UTC 2018
------------------ testing $PTII/ptolemy/domains/de/test/auto/VariableDelay.xml
auto.tcl: Setting watchdog for 200 seconds at Sun Sep 09 02:25:24 UTC 2018
2 ms. Memory: 337408K Free: 325488K (96%)
ptolemy.util.test.WatchDog.cancel(): canceling Sun Sep 09 02:25:24 UTC 2018
auto.tcl: Setting watchdog for 200 seconds at Sun Sep 09 02:25:24 UTC 2018
2 ms. Memory: 337408K Free: 321603K (95%)
ptolemy.util.test.WatchDog.cancel(): canceling Sun Sep 09 02:25:24 UTC 2018
------------------ testing $PTII/ptolemy/domains/de/test/auto/VariableDelay2.xml
auto.tcl: Setting watchdog for 200 seconds at Sun Sep 09 02:25:25 UTC 2018
7 ms. Memory: 339456K Free: 327947K (97%)
ptolemy.util.test.WatchDog.cancel(): canceling Sun Sep 09 02:25:25 UTC 2018
auto.tcl: Setting watchdog for 200 seconds at Sun Sep 09 02:25:25 UTC 2018
2 ms. Memory: 339456K Free: 324053K (95%)
ptolemy.util.test.WatchDog.cancel(): canceling Sun Sep 09 02:25:25 UTC 2018
------------------ testing $PTII/ptolemy/domains/de/test/auto/VariableDelayZeroDelay.xml
auto.tcl: Setting watchdog for 200 seconds at Sun Sep 09 02:25:25 UTC 2018
2 ms. Memory: 337408K Free: 323337K (96%)
ptolemy.util.test.WatchDog.cancel(): canceling Sun Sep 09 02:25:25 UTC 2018
auto.tcl: Setting watchdog for 200 seconds at Sun Sep 09 02:25:25 UTC 2018
2 ms. Memory: 337408K Free: 319460K (95%)
ptolemy.util.test.WatchDog.cancel(): canceling Sun Sep 09 02:25:25 UTC 2018
------------------ testing $PTII/ptolemy/domains/de/test/auto/VariableDelayZeroDelay2.xml
auto.tcl: Setting watchdog for 200 seconds at Sun Sep 09 02:25:25 UTC 2018
4 ms. Memory: 339456K Free: 325383K (96%)
ptolemy.util.test.WatchDog.cancel(): canceling Sun Sep 09 02:25:25 UTC 2018
auto.tcl: Setting watchdog for 200 seconds at Sun Sep 09 02:25:25 UTC 2018
2 ms. Memory: 339456K Free: 321490K (95%)
ptolemy.util.test.WatchDog.cancel(): canceling Sun Sep 09 02:25:25 UTC 2018
------------------ testing $PTII/ptolemy/domains/de/test/auto/deInCt.xml
auto.tcl: Setting watchdog for 200 seconds at Sun Sep 09 02:25:25 UTC 2018
0
1
1
1
0
0
0
0
0
0
1
1
1
1
0
0
0
0
1
1
1
0
0
0
1
1
1
0
0
0
0
1
1
1
1
14 ms. Memory: 337408K Free: 319444K (95%)
ptolemy.util.test.WatchDog.cancel(): canceling Sun Sep 09 02:25:25 UTC 2018
auto.tcl: Setting watchdog for 200 seconds at Sun Sep 09 02:25:25 UTC 2018
0
1
1
1
0
0
0
0
0
0
1
1
1
0
0
0
1
1
0
0
0
0
1
1
1
1
0
0
0
0
0
7 ms. Memory: 337408K Free: 319444K (95%)
ptolemy.util.test.WatchDog.cancel(): canceling Sun Sep 09 02:25:25 UTC 2018
------------------ testing $PTII/ptolemy/domains/de/test/auto/deInCt2.xml
auto.tcl: Setting watchdog for 200 seconds at Sun Sep 09 02:25:25 UTC 2018
0
1
1
1
0
0
1
1
1
0
0
1
1
1
0
0
1
1
1
0
0
1
1
1
0
0
1
1
1
0
0
1
1
1
0
0
1
1
1
0
0
0
10 ms. Memory: 338944K Free: 320979K (95%)
ptolemy.util.test.WatchDog.cancel(): canceling Sun Sep 09 02:25:25 UTC 2018
auto.tcl: Setting watchdog for 200 seconds at Sun Sep 09 02:25:25 UTC 2018
0
1
1
1
0
0
1
1
1
0
0
1
1
1
0
0
1
1
1
0
0
1
1
1
0
0
1
1
1
0
0
1
1
1
0
0
1
1
1
0
0
0
7 ms. Memory: 338944K Free: 320979K (95%)
ptolemy.util.test.WatchDog.cancel(): canceling Sun Sep 09 02:25:25 UTC 2018
------------------ testing $PTII/ptolemy/domains/de/test/auto/dynamicCausalityInterface1.xml
auto.tcl: Setting watchdog for 200 seconds at Sun Sep 09 02:25:25 UTC 2018
2 ms. Memory: 337408K Free: 318117K (94%)
ptolemy.util.test.WatchDog.cancel(): canceling Sun Sep 09 02:25:25 UTC 2018
auto.tcl: Setting watchdog for 200 seconds at Sun Sep 09 02:25:25 UTC 2018
1 ms. Memory: 337408K Free: 318117K (94%)
ptolemy.util.test.WatchDog.cancel(): canceling Sun Sep 09 02:25:25 UTC 2018
------------------ testing $PTII/ptolemy/domains/de/test/auto/fsm_de_test.xml
auto.tcl: Setting watchdog for 200 seconds at Sun Sep 09 02:25:25 UTC 2018
15 ms. Memory: 338944K Free: 316988K (94%)
ptolemy.util.test.WatchDog.cancel(): canceling Sun Sep 09 02:25:25 UTC 2018
auto.tcl: Setting watchdog for 200 seconds at Sun Sep 09 02:25:25 UTC 2018
5 ms. Memory: 338944K Free: 316988K (94%)
ptolemy.util.test.WatchDog.cancel(): canceling Sun Sep 09 02:25:25 UTC 2018
------------------ testing $PTII/ptolemy/domains/de/test/auto/functionDependencyReconstruction.xml
auto.tcl: Setting watchdog for 200 seconds at Sun Sep 09 02:25:25 UTC 2018
3 ms. Memory: 337408K Free: 311557K (92%)
ptolemy.util.test.WatchDog.cancel(): canceling Sun Sep 09 02:25:25 UTC 2018
auto.tcl: Setting watchdog for 200 seconds at Sun Sep 09 02:25:25 UTC 2018
3 ms. Memory: 337408K Free: 307664K (91%)
ptolemy.util.test.WatchDog.cancel(): canceling Sun Sep 09 02:25:25 UTC 2018
------------------ testing $PTII/ptolemy/domains/de/test/auto/multirate.xml
auto.tcl: Setting watchdog for 200 seconds at Sun Sep 09 02:25:25 UTC 2018
4 ms. Memory: 338432K Free: 320220K (95%)
ptolemy.util.test.WatchDog.cancel(): canceling Sun Sep 09 02:25:25 UTC 2018
auto.tcl: Setting watchdog for 200 seconds at Sun Sep 09 02:25:25 UTC 2018
3 ms. Memory: 338432K Free: 320216K (95%)
ptolemy.util.test.WatchDog.cancel(): canceling Sun Sep 09 02:25:25 UTC 2018
------------------ testing $PTII/ptolemy/domains/de/test/auto/multirate2.xml
auto.tcl: Setting watchdog for 200 seconds at Sun Sep 09 02:25:25 UTC 2018
5 ms. Memory: 337408K Free: 319384K (95%)
ptolemy.util.test.WatchDog.cancel(): canceling Sun Sep 09 02:25:25 UTC 2018
auto.tcl: Setting watchdog for 200 seconds at Sun Sep 09 02:25:25 UTC 2018
3 ms. Memory: 337408K Free: 319384K (95%)
ptolemy.util.test.WatchDog.cancel(): canceling Sun Sep 09 02:25:25 UTC 2018
------------------ testing $PTII/ptolemy/domains/de/test/auto/realtime.xml
auto.tcl: Setting watchdog for 200 seconds at Sun Sep 09 02:25:25 UTC 2018
10002 ms. Memory: 338432K Free: 320403K (95%)
ptolemy.util.test.WatchDog.cancel(): canceling Sun Sep 09 02:25:35 UTC 2018
auto.tcl: Setting watchdog for 200 seconds at Sun Sep 09 02:25:35 UTC 2018
10002 ms. Memory: 338432K Free: 320403K (95%)
ptolemy.util.test.WatchDog.cancel(): canceling Sun Sep 09 02:25:45 UTC 2018
------------------ testing $PTII/ptolemy/domains/de/test/auto/relationGroup.xml
auto.tcl: Setting watchdog for 200 seconds at Sun Sep 09 02:25:45 UTC 2018
1 ms. Memory: 337408K Free: 325862K (97%)
ptolemy.util.test.WatchDog.cancel(): canceling Sun Sep 09 02:25:45 UTC 2018
auto.tcl: Setting watchdog for 200 seconds at Sun Sep 09 02:25:45 UTC 2018
1 ms. Memory: 337408K Free: 325862K (97%)
ptolemy.util.test.WatchDog.cancel(): canceling Sun Sep 09 02:25:45 UTC 2018
------------------ testing $PTII/ptolemy/domains/de/test/auto/relationGroup2.xml
auto.tcl: Setting watchdog for 200 seconds at Sun Sep 09 02:25:45 UTC 2018
1 ms. Memory: 338432K Free: 324354K (96%)
ptolemy.util.test.WatchDog.cancel(): canceling Sun Sep 09 02:25:45 UTC 2018
auto.tcl: Setting watchdog for 200 seconds at Sun Sep 09 02:25:45 UTC 2018
2 ms. Memory: 338432K Free: 324354K (96%)
ptolemy.util.test.WatchDog.cancel(): canceling Sun Sep 09 02:25:45 UTC 2018
------------------ testing $PTII/ptolemy/domains/de/test/auto/sortWithOpaquePorts.xml
auto.tcl: Setting watchdog for 200 seconds at Sun Sep 09 02:25:45 UTC 2018
1 ms. Memory: 337408K Free: 323326K (96%)
ptolemy.util.test.WatchDog.cancel(): canceling Sun Sep 09 02:25:45 UTC 2018
auto.tcl: Setting watchdog for 200 seconds at Sun Sep 09 02:25:45 UTC 2018
2 ms. Memory: 337408K Free: 319449K (95%)
ptolemy.util.test.WatchDog.cancel(): canceling Sun Sep 09 02:25:45 UTC 2018
------------------ testing $PTII/ptolemy/domains/de/test/auto/transferInputsandOutputs.xml
auto.tcl: Setting watchdog for 200 seconds at Sun Sep 09 02:25:45 UTC 2018
2 ms. Memory: 337920K Free: 322496K (95%)
ptolemy.util.test.WatchDog.cancel(): canceling Sun Sep 09 02:25:45 UTC 2018
auto.tcl: Setting watchdog for 200 seconds at Sun Sep 09 02:25:45 UTC 2018
1 ms. Memory: 337920K Free: 322496K (95%)
ptolemy.util.test.WatchDog.cancel(): canceling Sun Sep 09 02:25:45 UTC 2018
------------------ testing $PTII/ptolemy/domains/de/test/auto/triggerType.xml
auto.tcl: Setting watchdog for 200 seconds at Sun Sep 09 02:25:46 UTC 2018
1 ms. Memory: 337408K Free: 323268K (96%)
ptolemy.util.test.WatchDog.cancel(): canceling Sun Sep 09 02:25:46 UTC 2018
auto.tcl: Setting watchdog for 200 seconds at Sun Sep 09 02:25:46 UTC 2018
1 ms. Memory: 337408K Free: 319382K (95%)
ptolemy.util.test.WatchDog.cancel(): canceling Sun Sep 09 02:25:46 UTC 2018
09/09/18 02:25:46
Failed: 0  Total Tests: 192  ((Passed: 187, Newly Passed: 1)  Known Failed: 5) /home/travis/build/icyphy/ptII/ptolemy/domains/de/test
09/09/18 02:25:46
Failed: 0  Total Tests: 192  ((Passed: 187, Newly Passed: 1)  Known Failed: 5) /home/travis/build/icyphy/ptII/ptolemy/domains/de/test
----------------- testing (KnownFailure) /home/travis/build/icyphy/ptII/ptolemy/domains/de/test/auto/knownFailedTests/DESDFClockTest.xml
2014 ms. Memory: 337920K Free: 313589K (93%)
Known Failure: java.lang.reflect.InvocationTargetException
----------------- testing (KnownFailure) /home/travis/build/icyphy/ptII/ptolemy/domains/de/test/auto/knownFailedTests/DirectFeedback.xml
1 ms. Memory: 337920K Free: 293109K (87%)
Known Failure: java.lang.reflect.InvocationTargetException
----------------- testing (KnownFailure) /home/travis/build/icyphy/ptII/ptolemy/domains/de/test/auto/knownFailedTests/FSMSource.xml
7 ms. Memory: 337920K Free: 267493K (79%)
----------------- testing (KnownFailure) /home/travis/build/icyphy/ptII/ptolemy/domains/de/test/auto/knownFailedTests/HierarchicalModel.xml
1 ms. Memory: 337920K Free: 241877K (72%)
Known Failure: java.lang.reflect.InvocationTargetException
----------------- testing (KnownFailure) /home/travis/build/icyphy/ptII/ptolemy/domains/de/test/auto/knownFailedTests/dependencyLoop.xml
2 ms. Memory: 337920K Free: 211156K (62%)
Known Failure: java.lang.reflect.InvocationTargetException
----------------- testing (KnownFailure) /home/travis/build/icyphy/ptII/ptolemy/domains/de/test/auto/knownFailedTests/dependencyLoop2.xml
2 ms. Memory: 337920K Free: 180420K (53%)
Known Failure: java.lang.reflect.InvocationTargetException
No auto/linux-amd64/*.xml tests in /home/travis/build/icyphy/ptII/ptolemy/domains/de/test
AutoTests.java: About to close Vertx.
AutoTests.java: Vertx closed.

===========================================================================================
----------------- testing Sun Sep 09 02:25:48 UTC 2018 /home/travis/build/icyphy/ptII/ptolemy/domains/de/test/auto/ActorDepthCalculation_actorWithoutPorts.xml
----------------- Instantiating /home/travis/build/icyphy/ptII/ptolemy/domains/de/test/auto/ActorDepthCalculation_actorWithoutPorts.xml
3 ms. Memory: 337920K Free: 154820K (46%)
----------------- Invoking toplevel() on ptolemy.moml.MoMLSimpleApplication@59092118
----------------- Done invoking toplevel() on ptolemy.moml.MoMLSimpleApplication@59092118
reloadAllAccessors: .ActorDepthCalculation_actorWithoutPorts

===========================================================================================
----------------- testing Sun Sep 09 02:25:48 UTC 2018 /home/travis/build/icyphy/ptII/ptolemy/domains/de/test/auto/AssemblyLine.xml
----------------- Instantiating /home/travis/build/icyphy/ptII/ptolemy/domains/de/test/auto/AssemblyLine.xml
1 ms. Memory: 337920K Free: 139459K (41%)
----------------- Invoking toplevel() on ptolemy.moml.MoMLSimpleApplication@5b14b7ef
----------------- Done invoking toplevel() on ptolemy.moml.MoMLSimpleApplication@5b14b7ef
reloadAllAccessors: .AssemblyLine

===========================================================================================
----------------- testing Sun Sep 09 02:25:48 UTC 2018 /home/travis/build/icyphy/ptII/ptolemy/domains/de/test/auto/CQBug1.xml
----------------- Instantiating /home/travis/build/icyphy/ptII/ptolemy/domains/de/test/auto/CQBug1.xml
0 ms. Memory: 337920K Free: 129219K (38%)
----------------- Invoking toplevel() on ptolemy.moml.MoMLSimpleApplication@73404a15
----------------- Done invoking toplevel() on ptolemy.moml.MoMLSimpleApplication@73404a15
reloadAllAccessors: .CQBug1

===========================================================================================
----------------- testing Sun Sep 09 02:25:48 UTC 2018 /home/travis/build/icyphy/ptII/ptolemy/domains/de/test/auto/CancelFireAt.xml
----------------- Instantiating /home/travis/build/icyphy/ptII/ptolemy/domains/de/test/auto/CancelFireAt.xml
1 ms. Memory: 337920K Free: 118979K (35%)
----------------- Invoking toplevel() on ptolemy.moml.MoMLSimpleApplication@34e56b15
----------------- Done invoking toplevel() on ptolemy.moml.MoMLSimpleApplication@34e56b15
reloadAllAccessors: .CancelFireAt

===========================================================================================
----------------- testing Sun Sep 09 02:25:48 UTC 2018 /home/travis/build/icyphy/ptII/ptolemy/domains/de/test/auto/CausalityAndComposabilityAnalysis.xml
----------------- Instantiating /home/travis/build/icyphy/ptII/ptolemy/domains/de/test/auto/CausalityAndComposabilityAnalysis.xml
1 ms. Memory: 337920K Free: 108739K (32%)
----------------- Invoking toplevel() on ptolemy.moml.MoMLSimpleApplication@35cbc68c
----------------- Done invoking toplevel() on ptolemy.moml.MoMLSimpleApplication@35cbc68c
reloadAllAccessors: .CausalityAndComposabilityAnalysis

===========================================================================================
----------------- testing Sun Sep 09 02:25:48 UTC 2018 /home/travis/build/icyphy/ptII/ptolemy/domains/de/test/auto/CausalityInterface1.xml
----------------- Instantiating /home/travis/build/icyphy/ptII/ptolemy/domains/de/test/auto/CausalityInterface1.xml
4 ms. Memory: 337920K Free: 98499K (29%)
----------------- Invoking toplevel() on ptolemy.moml.MoMLSimpleApplication@2552758f
----------------- Done invoking toplevel() on ptolemy.moml.MoMLSimpleApplication@2552758f
reloadAllAccessors: .CausalityInterface1

===========================================================================================
----------------- testing Sun Sep 09 02:25:48 UTC 2018 /home/travis/build/icyphy/ptII/ptolemy/domains/de/test/auto/CausalityInterface15.xml
----------------- Instantiating /home/travis/build/icyphy/ptII/ptolemy/domains/de/test/auto/CausalityInterface15.xml
1 ms. Memory: 337920K Free: 84382K (25%)
----------------- Invoking toplevel() on ptolemy.moml.MoMLSimpleApplication@a766ac7
----------------- Done invoking toplevel() on ptolemy.moml.MoMLSimpleApplication@a766ac7
reloadAllAccessors: .CausalityInterface15

===========================================================================================
----------------- testing Sun Sep 09 02:25:48 UTC 2018 /home/travis/build/icyphy/ptII/ptolemy/domains/de/test/auto/CausalityInterface2.xml
----------------- Instantiating /home/travis/build/icyphy/ptII/ptolemy/domains/de/test/auto/CausalityInterface2.xml
1 ms. Memory: 337920K Free: 76831K (23%)
----------------- Invoking toplevel() on ptolemy.moml.MoMLSimpleApplication@422065dc
----------------- Done invoking toplevel() on ptolemy.moml.MoMLSimpleApplication@422065dc
reloadAllAccessors: .CausalityInterface2

===========================================================================================
----------------- testing Sun Sep 09 02:25:48 UTC 2018 /home/travis/build/icyphy/ptII/ptolemy/domains/de/test/auto/CausalityInterface3.xml
----------------- Instantiating /home/travis/build/icyphy/ptII/ptolemy/domains/de/test/auto/CausalityInterface3.xml
1 ms. Memory: 326144K Free: 311009K (95%)
----------------- Invoking toplevel() on ptolemy.moml.MoMLSimpleApplication@71147143
----------------- Done invoking toplevel() on ptolemy.moml.MoMLSimpleApplication@71147143
reloadAllAccessors: .CausalityInterface3

===========================================================================================
----------------- testing Sun Sep 09 02:25:48 UTC 2018 /home/travis/build/icyphy/ptII/ptolemy/domains/de/test/auto/ClockDrift.xml
----------------- Instantiating /home/travis/build/icyphy/ptII/ptolemy/domains/de/test/auto/ClockDrift.xml
14 ms. Memory: 326144K Free: 288986K (89%)
----------------- Invoking toplevel() on ptolemy.moml.MoMLSimpleApplication@4bd4bf2b
----------------- Done invoking toplevel() on ptolemy.moml.MoMLSimpleApplication@4bd4bf2b
reloadAllAccessors: .ClockDrift

===========================================================================================
----------------- testing Sun Sep 09 02:25:48 UTC 2018 /home/travis/build/icyphy/ptII/ptolemy/domains/de/test/auto/ClockDriftAndValueChange.xml
----------------- Instantiating /home/travis/build/icyphy/ptII/ptolemy/domains/de/test/auto/ClockDriftAndValueChange.xml
8 ms. Memory: 326144K Free: 269406K (83%)
----------------- Invoking toplevel() on ptolemy.moml.MoMLSimpleApplication@60a49f92
----------------- Done invoking toplevel() on ptolemy.moml.MoMLSimpleApplication@60a49f92
reloadAllAccessors: .ClockDriftAndValueChange

===========================================================================================
----------------- testing Sun Sep 09 02:25:48 UTC 2018 /home/travis/build/icyphy/ptII/ptolemy/domains/de/test/auto/ClockDriftChange.xml
----------------- Instantiating /home/travis/build/icyphy/ptII/ptolemy/domains/de/test/auto/ClockDriftChange.xml
7 ms. Memory: 326144K Free: 254714K (78%)
----------------- Invoking toplevel() on ptolemy.moml.MoMLSimpleApplication@3ef54f24
----------------- Done invoking toplevel() on ptolemy.moml.MoMLSimpleApplication@3ef54f24
reloadAllAccessors: .ClockDriftChange

===========================================================================================
----------------- testing Sun Sep 09 02:25:48 UTC 2018 /home/travis/build/icyphy/ptII/ptolemy/domains/de/test/auto/ComposableCausalityAnalysis.xml
----------------- Instantiating /home/travis/build/icyphy/ptII/ptolemy/domains/de/test/auto/ComposableCausalityAnalysis.xml
1 ms. Memory: 326144K Free: 240014K (74%)
----------------- Invoking toplevel() on ptolemy.moml.MoMLSimpleApplication@b3667a8
----------------- Done invoking toplevel() on ptolemy.moml.MoMLSimpleApplication@b3667a8
reloadAllAccessors: .ComposableCausalityAnalysis

===========================================================================================
----------------- testing Sun Sep 09 02:25:48 UTC 2018 /home/travis/build/icyphy/ptII/ptolemy/domains/de/test/auto/DEFixedPointLimitation.xml
----------------- Instantiating /home/travis/build/icyphy/ptII/ptolemy/domains/de/test/auto/DEFixedPointLimitation.xml
0 ms. Memory: 326144K Free: 230224K (71%)
----------------- Invoking toplevel() on ptolemy.moml.MoMLSimpleApplication@61d94ce6
----------------- Done invoking toplevel() on ptolemy.moml.MoMLSimpleApplication@61d94ce6
reloadAllAccessors: .DEFixedPointLimitation

===========================================================================================
----------------- testing Sun Sep 09 02:25:48 UTC 2018 /home/travis/build/icyphy/ptII/ptolemy/domains/de/test/auto/DEScheduleTest.xml
----------------- Instantiating /home/travis/build/icyphy/ptII/ptolemy/domains/de/test/auto/DEScheduleTest.xml
2 ms. Memory: 326144K Free: 217999K (67%)
----------------- Invoking toplevel() on ptolemy.moml.MoMLSimpleApplication@78b54360
----------------- Done invoking toplevel() on ptolemy.moml.MoMLSimpleApplication@78b54360
reloadAllAccessors: .DEScheduleTest

===========================================================================================
----------------- testing Sun Sep 09 02:25:48 UTC 2018 /home/travis/build/icyphy/ptII/ptolemy/domains/de/test/auto/DEinDEwithStartTimes.xml
----------------- Instantiating /home/travis/build/icyphy/ptII/ptolemy/domains/de/test/auto/DEinDEwithStartTimes.xml
1 ms. Memory: 326144K Free: 208210K (64%)
----------------- Invoking toplevel() on ptolemy.moml.MoMLSimpleApplication@1aab9829
----------------- Done invoking toplevel() on ptolemy.moml.MoMLSimpleApplication@1aab9829
reloadAllAccessors: .DEinDEwithStartTimes

===========================================================================================
----------------- testing Sun Sep 09 02:25:48 UTC 2018 /home/travis/build/icyphy/ptII/ptolemy/domains/de/test/auto/DEinDEwithStartTimes2.xml
----------------- Instantiating /home/travis/build/icyphy/ptII/ptolemy/domains/de/test/auto/DEinDEwithStartTimes2.xml
2 ms. Memory: 326144K Free: 193507K (59%)
----------------- Invoking toplevel() on ptolemy.moml.MoMLSimpleApplication@1d1c4dc
----------------- Done invoking toplevel() on ptolemy.moml.MoMLSimpleApplication@1d1c4dc
reloadAllAccessors: .DEinDEwithStartTimes2

===========================================================================================
----------------- testing Sun Sep 09 02:25:48 UTC 2018 /home/travis/build/icyphy/ptII/ptolemy/domains/de/test/auto/DateDemo.xml
----------------- Instantiating /home/travis/build/icyphy/ptII/ptolemy/domains/de/test/auto/DateDemo.xml
12 ms. Memory: 326144K Free: 173896K (53%)
----------------- Invoking toplevel() on ptolemy.moml.MoMLSimpleApplication@5cc65dab
----------------- Done invoking toplevel() on ptolemy.moml.MoMLSimpleApplication@5cc65dab
reloadAllAccessors: .DateDemo

===========================================================================================
----------------- testing Sun Sep 09 02:25:48 UTC 2018 /home/travis/build/icyphy/ptII/ptolemy/domains/de/test/auto/DateToEvent.xml
----------------- Instantiating /home/travis/build/icyphy/ptII/ptolemy/domains/de/test/auto/DateToEvent.xml
2005 ms. Memory: 326144K Free: 149422K (46%)
----------------- Invoking toplevel() on ptolemy.moml.MoMLSimpleApplication@66b33025
----------------- Done invoking toplevel() on ptolemy.moml.MoMLSimpleApplication@66b33025
reloadAllAccessors: .DateToEvent

===========================================================================================
----------------- testing Sun Sep 09 02:25:50 UTC 2018 /home/travis/build/icyphy/ptII/ptolemy/domains/de/test/auto/DepthTest1.xml
----------------- Instantiating /home/travis/build/icyphy/ptII/ptolemy/domains/de/test/auto/DepthTest1.xml
2 ms. Memory: 326144K Free: 137197K (42%)
----------------- Invoking toplevel() on ptolemy.moml.MoMLSimpleApplication@4d893f17
----------------- Done invoking toplevel() on ptolemy.moml.MoMLSimpleApplication@4d893f17
reloadAllAccessors: .DepthTest1

===========================================================================================
----------------- testing Sun Sep 09 02:25:50 UTC 2018 /home/travis/build/icyphy/ptII/ptolemy/domains/de/test/auto/DepthTest2.xml
----------------- Instantiating /home/travis/build/icyphy/ptII/ptolemy/domains/de/test/auto/DepthTest2.xml
1 ms. Memory: 326144K Free: 122497K (38%)
----------------- Invoking toplevel() on ptolemy.moml.MoMLSimpleApplication@3941a579
----------------- Done invoking toplevel() on ptolemy.moml.MoMLSimpleApplication@3941a579
reloadAllAccessors: .DepthTest2

===========================================================================================
----------------- testing Sun Sep 09 02:25:50 UTC 2018 /home/travis/build/icyphy/ptII/ptolemy/domains/de/test/auto/DepthTest3.xml
----------------- Instantiating /home/travis/build/icyphy/ptII/ptolemy/domains/de/test/auto/DepthTest3.xml
1 ms. Memory: 326144K Free: 112707K (35%)
----------------- Invoking toplevel() on ptolemy.moml.MoMLSimpleApplication@5b76340d
----------------- Done invoking toplevel() on ptolemy.moml.MoMLSimpleApplication@5b76340d
reloadAllAccessors: .DepthTest3

===========================================================================================
----------------- testing Sun Sep 09 02:25:50 UTC 2018 /home/travis/build/icyphy/ptII/ptolemy/domains/de/test/auto/DepthTest4.xml
----------------- Instantiating /home/travis/build/icyphy/ptII/ptolemy/domains/de/test/auto/DepthTest4.xml
1 ms. Memory: 326144K Free: 102918K (32%)
----------------- Invoking toplevel() on ptolemy.moml.MoMLSimpleApplication@2828c41c
----------------- Done invoking toplevel() on ptolemy.moml.MoMLSimpleApplication@2828c41c
reloadAllAccessors: .DepthTest4

===========================================================================================
----------------- testing Sun Sep 09 02:25:50 UTC 2018 /home/travis/build/icyphy/ptII/ptolemy/domains/de/test/auto/DepthTest5.xml
----------------- Instantiating /home/travis/build/icyphy/ptII/ptolemy/domains/de/test/auto/DepthTest5.xml
2 ms. Memory: 326144K Free: 88218K (27%)
----------------- Invoking toplevel() on ptolemy.moml.MoMLSimpleApplication@6127bd34
----------------- Done invoking toplevel() on ptolemy.moml.MoMLSimpleApplication@6127bd34
reloadAllAccessors: .DepthTest5

===========================================================================================
----------------- testing Sun Sep 09 02:25:50 UTC 2018 /home/travis/build/icyphy/ptII/ptolemy/domains/de/test/auto/DepthTest6.xml
----------------- Instantiating /home/travis/build/icyphy/ptII/ptolemy/domains/de/test/auto/DepthTest6.xml
6 ms. Memory: 315904K Free: 305606K (97%)
----------------- Invoking toplevel() on ptolemy.moml.MoMLSimpleApplication@14cdb4fd
----------------- Done invoking toplevel() on ptolemy.moml.MoMLSimpleApplication@14cdb4fd
reloadAllAccessors: .DepthTest6

===========================================================================================
----------------- testing Sun Sep 09 02:25:50 UTC 2018 /home/travis/build/icyphy/ptII/ptolemy/domains/de/test/auto/DepthTest7.xml
----------------- Instantiating /home/travis/build/icyphy/ptII/ptolemy/domains/de/test/auto/DepthTest7.xml
1 ms. Memory: 315904K Free: 294614K (93%)
----------------- Invoking toplevel() on ptolemy.moml.MoMLSimpleApplication@1f8b900a
----------------- Done invoking toplevel() on ptolemy.moml.MoMLSimpleApplication@1f8b900a
reloadAllAccessors: .DepthTest7

===========================================================================================
----------------- testing Sun Sep 09 02:25:50 UTC 2018 /home/travis/build/icyphy/ptII/ptolemy/domains/de/test/auto/EventToDate.xml
----------------- Instantiating /home/travis/build/icyphy/ptII/ptolemy/domains/de/test/auto/EventToDate.xml
3003 ms. Memory: 315904K Free: 275863K (87%)
----------------- Invoking toplevel() on ptolemy.moml.MoMLSimpleApplication@13e15cb1
----------------- Done invoking toplevel() on ptolemy.moml.MoMLSimpleApplication@13e15cb1
reloadAllAccessors: .EventToDate

===========================================================================================
----------------- testing Sun Sep 09 02:25:53 UTC 2018 /home/travis/build/icyphy/ptII/ptolemy/domains/de/test/auto/FSM1.xml
----------------- Instantiating /home/travis/build/icyphy/ptII/ptolemy/domains/de/test/auto/FSM1.xml
11 ms. Memory: 315904K Free: 259458K (82%)
----------------- Invoking toplevel() on ptolemy.moml.MoMLSimpleApplication@4fb776ff
----------------- Done invoking toplevel() on ptolemy.moml.MoMLSimpleApplication@4fb776ff
reloadAllAccessors: .FSM1

===========================================================================================
----------------- testing Sun Sep 09 02:25:53 UTC 2018 /home/travis/build/icyphy/ptII/ptolemy/domains/de/test/auto/FSM7.xml
----------------- Instantiating /home/travis/build/icyphy/ptII/ptolemy/domains/de/test/auto/FSM7.xml
10 ms. Memory: 315904K Free: 241445K (76%)
----------------- Invoking toplevel() on ptolemy.moml.MoMLSimpleApplication@2d871f3b
----------------- Done invoking toplevel() on ptolemy.moml.MoMLSimpleApplication@2d871f3b
reloadAllAccessors: .FSM7

===========================================================================================
----------------- testing Sun Sep 09 02:25:53 UTC 2018 /home/travis/build/icyphy/ptII/ptolemy/domains/de/test/auto/Inspection.xml
----------------- Instantiating /home/travis/build/icyphy/ptII/ptolemy/domains/de/test/auto/Inspection.xml
25 ms. Memory: 315904K Free: 227398K (72%)
----------------- Invoking toplevel() on ptolemy.moml.MoMLSimpleApplication@140d6c10
----------------- Done invoking toplevel() on ptolemy.moml.MoMLSimpleApplication@140d6c10
reloadAllAccessors: .Inspection

===========================================================================================
----------------- testing Sun Sep 09 02:25:53 UTC 2018 /home/travis/build/icyphy/ptII/ptolemy/domains/de/test/auto/Iteration.xml
----------------- Instantiating /home/travis/build/icyphy/ptII/ptolemy/domains/de/test/auto/Iteration.xml
13 ms. Memory: 315904K Free: 218023K (69%)
----------------- Invoking toplevel() on ptolemy.moml.MoMLSimpleApplication@351f5937
----------------- Done invoking toplevel() on ptolemy.moml.MoMLSimpleApplication@351f5937
reloadAllAccessors: .Iteration

===========================================================================================
----------------- testing Sun Sep 09 02:25:53 UTC 2018 /home/travis/build/icyphy/ptII/ptolemy/domains/de/test/auto/LineFault.xml
----------------- Instantiating /home/travis/build/icyphy/ptII/ptolemy/domains/de/test/auto/LineFault.xml
463 ms. Memory: 315904K Free: 96919K (31%)
----------------- Invoking toplevel() on ptolemy.moml.MoMLSimpleApplication@79a2cb94
----------------- Done invoking toplevel() on ptolemy.moml.MoMLSimpleApplication@79a2cb94
reloadAllAccessors: .LineFault

===========================================================================================
----------------- testing Sun Sep 09 02:25:54 UTC 2018 /home/travis/build/icyphy/ptII/ptolemy/domains/de/test/auto/MergeModel1Add.xml
----------------- Instantiating /home/travis/build/icyphy/ptII/ptolemy/domains/de/test/auto/MergeModel1Add.xml
6 ms. Memory: 315904K Free: 76302K (24%)
----------------- Invoking toplevel() on ptolemy.moml.MoMLSimpleApplication@38da1567
----------------- Done invoking toplevel() on ptolemy.moml.MoMLSimpleApplication@38da1567
reloadAllAccessors: .MergeModel1Add

===========================================================================================
----------------- testing Sun Sep 09 02:25:54 UTC 2018 /home/travis/build/icyphy/ptII/ptolemy/domains/de/test/auto/MergeModel2Add.xml
----------------- Instantiating /home/travis/build/icyphy/ptII/ptolemy/domains/de/test/auto/MergeModel2Add.xml
5 ms. Memory: 305152K Free: 279301K (92%)
----------------- Invoking toplevel() on ptolemy.moml.MoMLSimpleApplication@55b15fd7
----------------- Done invoking toplevel() on ptolemy.moml.MoMLSimpleApplication@55b15fd7
reloadAllAccessors: .MergeModel2Add

===========================================================================================
----------------- testing Sun Sep 09 02:25:54 UTC 2018 /home/travis/build/icyphy/ptII/ptolemy/domains/de/test/auto/MergeModel3Add.xml
----------------- Instantiating /home/travis/build/icyphy/ptII/ptolemy/domains/de/test/auto/MergeModel3Add.xml
5 ms. Memory: 305152K Free: 258086K (85%)
----------------- Invoking toplevel() on ptolemy.moml.MoMLSimpleApplication@6038049e
----------------- Done invoking toplevel() on ptolemy.moml.MoMLSimpleApplication@6038049e
reloadAllAccessors: .MergeModel3Add

===========================================================================================
----------------- testing Sun Sep 09 02:25:54 UTC 2018 /home/travis/build/icyphy/ptII/ptolemy/domains/de/test/auto/MergeWithoutDiscard.xml
----------------- Instantiating /home/travis/build/icyphy/ptII/ptolemy/domains/de/test/auto/MergeWithoutDiscard.xml
1 ms. Memory: 305152K Free: 251358K (82%)
----------------- Invoking toplevel() on ptolemy.moml.MoMLSimpleApplication@4d895e7d
----------------- Done invoking toplevel() on ptolemy.moml.MoMLSimpleApplication@4d895e7d
reloadAllAccessors: .MergeWithoutDiscard

===========================================================================================
----------------- testing Sun Sep 09 02:25:54 UTC 2018 /home/travis/build/icyphy/ptII/ptolemy/domains/de/test/auto/Modal1.xml
----------------- Instantiating /home/travis/build/icyphy/ptII/ptolemy/domains/de/test/auto/Modal1.xml
9 ms. Memory: 305152K Free: 234658K (77%)
----------------- Invoking toplevel() on ptolemy.moml.MoMLSimpleApplication@4dfe9cd9
----------------- Done invoking toplevel() on ptolemy.moml.MoMLSimpleApplication@4dfe9cd9
reloadAllAccessors: .Modal1

===========================================================================================
----------------- testing Sun Sep 09 02:25:54 UTC 2018 /home/travis/build/icyphy/ptII/ptolemy/domains/de/test/auto/Modal2.xml
----------------- Instantiating /home/travis/build/icyphy/ptII/ptolemy/domains/de/test/auto/Modal2.xml
14 ms. Memory: 305152K Free: 218956K (72%)
----------------- Invoking toplevel() on ptolemy.moml.MoMLSimpleApplication@620e82d9
----------------- Done invoking toplevel() on ptolemy.moml.MoMLSimpleApplication@620e82d9
reloadAllAccessors: .Modal2

===========================================================================================
----------------- testing Sun Sep 09 02:25:54 UTC 2018 /home/travis/build/icyphy/ptII/ptolemy/domains/de/test/auto/Modal3.xml
----------------- Instantiating /home/travis/build/icyphy/ptII/ptolemy/domains/de/test/auto/Modal3.xml
7 ms. Memory: 305152K Free: 202264K (66%)
----------------- Invoking toplevel() on ptolemy.moml.MoMLSimpleApplication@5190b482
----------------- Done invoking toplevel() on ptolemy.moml.MoMLSimpleApplication@5190b482
reloadAllAccessors: .Modal3

===========================================================================================
----------------- testing Sun Sep 09 02:25:54 UTC 2018 /home/travis/build/icyphy/ptII/ptolemy/domains/de/test/auto/Modal4.xml
----------------- Instantiating /home/travis/build/icyphy/ptII/ptolemy/domains/de/test/auto/Modal4.xml
9 ms. Memory: 305152K Free: 186561K (61%)
----------------- Invoking toplevel() on ptolemy.moml.MoMLSimpleApplication@1ccec97b
----------------- Done invoking toplevel() on ptolemy.moml.MoMLSimpleApplication@1ccec97b
reloadAllAccessors: .Modal4

===========================================================================================
----------------- testing Sun Sep 09 02:25:54 UTC 2018 /home/travis/build/icyphy/ptII/ptolemy/domains/de/test/auto/Modal5.xml
----------------- Instantiating /home/travis/build/icyphy/ptII/ptolemy/domains/de/test/auto/Modal5.xml
10 ms. Memory: 305152K Free: 169870K (56%)
----------------- Invoking toplevel() on ptolemy.moml.MoMLSimpleApplication@3a12cdbf
----------------- Done invoking toplevel() on ptolemy.moml.MoMLSimpleApplication@3a12cdbf
reloadAllAccessors: .Modal5

===========================================================================================
----------------- testing Sun Sep 09 02:25:54 UTC 2018 /home/travis/build/icyphy/ptII/ptolemy/domains/de/test/auto/Modal6.xml
----------------- Instantiating /home/travis/build/icyphy/ptII/ptolemy/domains/de/test/auto/Modal6.xml
9 ms. Memory: 305152K Free: 154160K (51%)
----------------- Invoking toplevel() on ptolemy.moml.MoMLSimpleApplication@7d6b0811
----------------- Done invoking toplevel() on ptolemy.moml.MoMLSimpleApplication@7d6b0811
reloadAllAccessors: .Modal6

===========================================================================================
----------------- testing Sun Sep 09 02:25:54 UTC 2018 /home/travis/build/icyphy/ptII/ptolemy/domains/de/test/auto/Modal7.xml
----------------- Instantiating /home/travis/build/icyphy/ptII/ptolemy/domains/de/test/auto/Modal7.xml
8 ms. Memory: 305152K Free: 137491K (45%)
----------------- Invoking toplevel() on ptolemy.moml.MoMLSimpleApplication@6064e1d6
----------------- Done invoking toplevel() on ptolemy.moml.MoMLSimpleApplication@6064e1d6
reloadAllAccessors: .Modal7

===========================================================================================
----------------- testing Sun Sep 09 02:25:54 UTC 2018 /home/travis/build/icyphy/ptII/ptolemy/domains/de/test/auto/ModalModel.xml
----------------- Instantiating /home/travis/build/icyphy/ptII/ptolemy/domains/de/test/auto/ModalModel.xml
139 ms. Memory: 295936K Free: 280471K (95%)
----------------- Invoking toplevel() on ptolemy.moml.MoMLSimpleApplication@2be3c70b
----------------- Done invoking toplevel() on ptolemy.moml.MoMLSimpleApplication@2be3c70b
reloadAllAccessors: .ModalModel

===========================================================================================
----------------- testing Sun Sep 09 02:25:55 UTC 2018 /home/travis/build/icyphy/ptII/ptolemy/domains/de/test/auto/ModalSource.xml
----------------- Instantiating /home/travis/build/icyphy/ptII/ptolemy/domains/de/test/auto/ModalSource.xml
5 ms. Memory: 295936K Free: 270014K (91%)
----------------- Invoking toplevel() on ptolemy.moml.MoMLSimpleApplication@2d3c216a
----------------- Done invoking toplevel() on ptolemy.moml.MoMLSimpleApplication@2d3c216a
reloadAllAccessors: .ModalSource

===========================================================================================
----------------- testing Sun Sep 09 02:25:55 UTC 2018 /home/travis/build/icyphy/ptII/ptolemy/domains/de/test/auto/NonInterruptibleTimerZeroDelay.xml
----------------- Instantiating /home/travis/build/icyphy/ptII/ptolemy/domains/de/test/auto/NonInterruptibleTimerZeroDelay.xml
2 ms. Memory: 295936K Free: 262929K (89%)
----------------- Invoking toplevel() on ptolemy.moml.MoMLSimpleApplication@7c8f498d
----------------- Done invoking toplevel() on ptolemy.moml.MoMLSimpleApplication@7c8f498d
reloadAllAccessors: .NonInterruptibleTimerZeroDelay

===========================================================================================
----------------- testing Sun Sep 09 02:25:55 UTC 2018 /home/travis/build/icyphy/ptII/ptolemy/domains/de/test/auto/OpenQueueingNetwork.xml
----------------- Instantiating /home/travis/build/icyphy/ptII/ptolemy/domains/de/test/auto/OpenQueueingNetwork.xml
2600 ms. Memory: 269312K Free: 214135K (80%)
----------------- Invoking toplevel() on ptolemy.moml.MoMLSimpleApplication@4ae87a4c
----------------- Done invoking toplevel() on ptolemy.moml.MoMLSimpleApplication@4ae87a4c
reloadAllAccessors: .OpenQueueingNetwork

===========================================================================================
----------------- testing Sun Sep 09 02:25:57 UTC 2018 /home/travis/build/icyphy/ptII/ptolemy/domains/de/test/auto/OpenQueuingNetwork.xml
----------------- Instantiating /home/travis/build/icyphy/ptII/ptolemy/domains/de/test/auto/OpenQueuingNetwork.xml
269 ms. Memory: 269312K Free: 123661K (46%)
----------------- Invoking toplevel() on ptolemy.moml.MoMLSimpleApplication@67a3aca1
----------------- Done invoking toplevel() on ptolemy.moml.MoMLSimpleApplication@67a3aca1
reloadAllAccessors: .OpenQueuingNetwork

===========================================================================================
----------------- testing Sun Sep 09 02:25:58 UTC 2018 /home/travis/build/icyphy/ptII/ptolemy/domains/de/test/auto/PeriodicSampler.xml
----------------- Instantiating /home/travis/build/icyphy/ptII/ptolemy/domains/de/test/auto/PeriodicSampler.xml
4 ms. Memory: 269312K Free: 117621K (44%)
----------------- Invoking toplevel() on ptolemy.moml.MoMLSimpleApplication@31b4978
----------------- Done invoking toplevel() on ptolemy.moml.MoMLSimpleApplication@31b4978
reloadAllAccessors: .PeriodicSampler

===========================================================================================
----------------- testing Sun Sep 09 02:25:58 UTC 2018 /home/travis/build/icyphy/ptII/ptolemy/domains/de/test/auto/PersistentIO.xml
----------------- Instantiating /home/travis/build/icyphy/ptII/ptolemy/domains/de/test/auto/PersistentIO.xml
4 ms. Memory: 269312K Free: 105935K (39%)
----------------- Invoking toplevel() on ptolemy.moml.MoMLSimpleApplication@5681aff1
----------------- Done invoking toplevel() on ptolemy.moml.MoMLSimpleApplication@5681aff1
reloadAllAccessors: .PersistentIO

===========================================================================================
----------------- testing Sun Sep 09 02:25:58 UTC 2018 /home/travis/build/icyphy/ptII/ptolemy/domains/de/test/auto/PortParameterResetOnInitialize.xml
----------------- Instantiating /home/travis/build/icyphy/ptII/ptolemy/domains/de/test/auto/PortParameterResetOnInitialize.xml
2 ms. Memory: 269312K Free: 99523K (37%)
----------------- Invoking toplevel() on ptolemy.moml.MoMLSimpleApplication@2af9bd39
----------------- Done invoking toplevel() on ptolemy.moml.MoMLSimpleApplication@2af9bd39
reloadAllAccessors: .PortParameterResetOnInitialize

===========================================================================================
----------------- testing Sun Sep 09 02:25:58 UTC 2018 /home/travis/build/icyphy/ptII/ptolemy/domains/de/test/auto/PortParameterUpdates.xml
----------------- Instantiating /home/travis/build/icyphy/ptII/ptolemy/domains/de/test/auto/PortParameterUpdates.xml
2 ms. Memory: 269312K Free: 91604K (34%)
----------------- Invoking toplevel() on ptolemy.moml.MoMLSimpleApplication@49ab0807
----------------- Done invoking toplevel() on ptolemy.moml.MoMLSimpleApplication@49ab0807
reloadAllAccessors: .PortParameterUpdates

===========================================================================================
----------------- testing Sun Sep 09 02:25:58 UTC 2018 /home/travis/build/icyphy/ptII/ptolemy/domains/de/test/auto/QueueAndServer.xml
----------------- Instantiating /home/travis/build/icyphy/ptII/ptolemy/domains/de/test/auto/QueueAndServer.xml
6 ms. Memory: 269312K Free: 81805K (30%)
----------------- Invoking toplevel() on ptolemy.moml.MoMLSimpleApplication@38d9dd43
----------------- Done invoking toplevel() on ptolemy.moml.MoMLSimpleApplication@38d9dd43
reloadAllAccessors: .QueueAndServer

===========================================================================================
----------------- testing Sun Sep 09 02:25:58 UTC 2018 /home/travis/build/icyphy/ptII/ptolemy/domains/de/test/auto/Records.xml
----------------- Instantiating /home/travis/build/icyphy/ptII/ptolemy/domains/de/test/auto/Records.xml
2 ms. Memory: 269312K Free: 73498K (27%)
----------------- Invoking toplevel() on ptolemy.moml.MoMLSimpleApplication@1beb00e
----------------- Done invoking toplevel() on ptolemy.moml.MoMLSimpleApplication@1beb00e
reloadAllAccessors: .Records

===========================================================================================
----------------- testing Sun Sep 09 02:25:58 UTC 2018 /home/travis/build/icyphy/ptII/ptolemy/domains/de/test/auto/ResetTransitionWithStartTime1.xml
----------------- Instantiating /home/travis/build/icyphy/ptII/ptolemy/domains/de/test/auto/ResetTransitionWithStartTime1.xml
4 ms. Memory: 263168K Free: 244402K (93%)
----------------- Invoking toplevel() on ptolemy.moml.MoMLSimpleApplication@12d831b8
----------------- Done invoking toplevel() on ptolemy.moml.MoMLSimpleApplication@12d831b8
reloadAllAccessors: .ResetTransitionWithStartTime1

===========================================================================================
----------------- testing Sun Sep 09 02:25:58 UTC 2018 /home/travis/build/icyphy/ptII/ptolemy/domains/de/test/auto/ResetTransitionWithStartTime2.xml
----------------- Instantiating /home/travis/build/icyphy/ptII/ptolemy/domains/de/test/auto/ResetTransitionWithStartTime2.xml
5 ms. Memory: 263168K Free: 233029K (89%)
----------------- Invoking toplevel() on ptolemy.moml.MoMLSimpleApplication@759f75b6
----------------- Done invoking toplevel() on ptolemy.moml.MoMLSimpleApplication@759f75b6
reloadAllAccessors: .ResetTransitionWithStartTime2

===========================================================================================
----------------- testing Sun Sep 09 02:25:58 UTC 2018 /home/travis/build/icyphy/ptII/ptolemy/domains/de/test/auto/ResetTransitionWithStartTime3.xml
----------------- Instantiating /home/travis/build/icyphy/ptII/ptolemy/domains/de/test/auto/ResetTransitionWithStartTime3.xml
5 ms. Memory: 263168K Free: 221665K (84%)
----------------- Invoking toplevel() on ptolemy.moml.MoMLSimpleApplication@21a351cf
----------------- Done invoking toplevel() on ptolemy.moml.MoMLSimpleApplication@21a351cf
reloadAllAccessors: .ResetTransitionWithStartTime3

===========================================================================================
----------------- testing Sun Sep 09 02:25:58 UTC 2018 /home/travis/build/icyphy/ptII/ptolemy/domains/de/test/auto/ResetTransitionWithStartTime4.xml
----------------- Instantiating /home/travis/build/icyphy/ptII/ptolemy/domains/de/test/auto/ResetTransitionWithStartTime4.xml
4 ms. Memory: 263168K Free: 212102K (81%)
----------------- Invoking toplevel() on ptolemy.moml.MoMLSimpleApplication@33a2f717
----------------- Done invoking toplevel() on ptolemy.moml.MoMLSimpleApplication@33a2f717
reloadAllAccessors: .ResetTransitionWithStartTime4

===========================================================================================
----------------- testing Sun Sep 09 02:25:58 UTC 2018 /home/travis/build/icyphy/ptII/ptolemy/domains/de/test/auto/ResettableTimer1.xml
----------------- Instantiating /home/travis/build/icyphy/ptII/ptolemy/domains/de/test/auto/ResettableTimer1.xml
2 ms. Memory: 263168K Free: 206145K (78%)
----------------- Invoking toplevel() on ptolemy.moml.MoMLSimpleApplication@24e819f3
----------------- Done invoking toplevel() on ptolemy.moml.MoMLSimpleApplication@24e819f3
reloadAllAccessors: .ResettableTimer1

===========================================================================================
----------------- testing Sun Sep 09 02:25:58 UTC 2018 /home/travis/build/icyphy/ptII/ptolemy/domains/de/test/auto/ResettableTimer2.xml
----------------- Instantiating /home/travis/build/icyphy/ptII/ptolemy/domains/de/test/auto/ResettableTimer2.xml
2 ms. Memory: 263168K Free: 200195K (76%)
----------------- Invoking toplevel() on ptolemy.moml.MoMLSimpleApplication@5d7a6c88
----------------- Done invoking toplevel() on ptolemy.moml.MoMLSimpleApplication@5d7a6c88
reloadAllAccessors: .ResettableTimer2

===========================================================================================
----------------- testing Sun Sep 09 02:25:58 UTC 2018 /home/travis/build/icyphy/ptII/ptolemy/domains/de/test/auto/ResettableTimer3.xml
----------------- Instantiating /home/travis/build/icyphy/ptII/ptolemy/domains/de/test/auto/ResettableTimer3.xml
2 ms. Memory: 263168K Free: 194251K (74%)
----------------- Invoking toplevel() on ptolemy.moml.MoMLSimpleApplication@6f356e8e
----------------- Done invoking toplevel() on ptolemy.moml.MoMLSimpleApplication@6f356e8e
reloadAllAccessors: .ResettableTimer3

===========================================================================================
----------------- testing Sun Sep 09 02:25:58 UTC 2018 /home/travis/build/icyphy/ptII/ptolemy/domains/de/test/auto/ResettableTimer4.xml
----------------- Instantiating /home/travis/build/icyphy/ptII/ptolemy/domains/de/test/auto/ResettableTimer4.xml
1 ms. Memory: 263168K Free: 188293K (72%)
----------------- Invoking toplevel() on ptolemy.moml.MoMLSimpleApplication@1fac9b84
----------------- Done invoking toplevel() on ptolemy.moml.MoMLSimpleApplication@1fac9b84
reloadAllAccessors: .ResettableTimer4

===========================================================================================
----------------- testing Sun Sep 09 02:25:58 UTC 2018 /home/travis/build/icyphy/ptII/ptolemy/domains/de/test/auto/ResettableTimer5.xml
----------------- Instantiating /home/travis/build/icyphy/ptII/ptolemy/domains/de/test/auto/ResettableTimer5.xml
2 ms. Memory: 263168K Free: 180541K (69%)
----------------- Invoking toplevel() on ptolemy.moml.MoMLSimpleApplication@3dcd2c96
----------------- Done invoking toplevel() on ptolemy.moml.MoMLSimpleApplication@3dcd2c96
reloadAllAccessors: .ResettableTimer5

===========================================================================================
----------------- testing Sun Sep 09 02:25:58 UTC 2018 /home/travis/build/icyphy/ptII/ptolemy/domains/de/test/auto/ResettableTimer6.xml
----------------- Instantiating /home/travis/build/icyphy/ptII/ptolemy/domains/de/test/auto/ResettableTimer6.xml
4 ms. Memory: 263168K Free: 172781K (66%)
----------------- Invoking toplevel() on ptolemy.moml.MoMLSimpleApplication@7e06467a
----------------- Done invoking toplevel() on ptolemy.moml.MoMLSimpleApplication@7e06467a
reloadAllAccessors: .ResettableTimer6

===========================================================================================
----------------- testing Sun Sep 09 02:25:58 UTC 2018 /home/travis/build/icyphy/ptII/ptolemy/domains/de/test/auto/ServerZeroDelay.xml
----------------- Instantiating /home/travis/build/icyphy/ptII/ptolemy/domains/de/test/auto/ServerZeroDelay.xml
1 ms. Memory: 263168K Free: 166823K (63%)
----------------- Invoking toplevel() on ptolemy.moml.MoMLSimpleApplication@17d27415
----------------- Done invoking toplevel() on ptolemy.moml.MoMLSimpleApplication@17d27415
reloadAllAccessors: .ServerZeroDelay

===========================================================================================
----------------- testing Sun Sep 09 02:25:58 UTC 2018 /home/travis/build/icyphy/ptII/ptolemy/domains/de/test/auto/SmartSender.xml
----------------- Instantiating /home/travis/build/icyphy/ptII/ptolemy/domains/de/test/auto/SmartSender.xml
3001 ms. Memory: 263168K Free: 160865K (61%)
----------------- Invoking toplevel() on ptolemy.moml.MoMLSimpleApplication@769026f8
----------------- Done invoking toplevel() on ptolemy.moml.MoMLSimpleApplication@769026f8
reloadAllAccessors: .SmartSender

===========================================================================================
----------------- testing Sun Sep 09 02:26:01 UTC 2018 /home/travis/build/icyphy/ptII/ptolemy/domains/de/test/auto/ThreadedComposite.xml
----------------- Instantiating /home/travis/build/icyphy/ptII/ptolemy/domains/de/test/auto/ThreadedComposite.xml
171 ms. Memory: 263168K Free: 135042K (51%)
----------------- Invoking toplevel() on ptolemy.moml.MoMLSimpleApplication@11630066
----------------- Done invoking toplevel() on ptolemy.moml.MoMLSimpleApplication@11630066
reloadAllAccessors: .ThreadedComposite

===========================================================================================
----------------- testing Sun Sep 09 02:26:01 UTC 2018 /home/travis/build/icyphy/ptII/ptolemy/domains/de/test/auto/Time.xml
----------------- Instantiating /home/travis/build/icyphy/ptII/ptolemy/domains/de/test/auto/Time.xml
450 ms. Memory: 263168K Free: 78605K (30%)
----------------- Invoking toplevel() on ptolemy.moml.MoMLSimpleApplication@68f6906b
----------------- Done invoking toplevel() on ptolemy.moml.MoMLSimpleApplication@68f6906b
reloadAllAccessors: .Time

===========================================================================================
----------------- testing Sun Sep 09 02:26:02 UTC 2018 /home/travis/build/icyphy/ptII/ptolemy/domains/de/test/auto/TimeDelayZeroDelay.xml
----------------- Instantiating /home/travis/build/icyphy/ptII/ptolemy/domains/de/test/auto/TimeDelayZeroDelay.xml
7 ms. Memory: 253952K Free: 244126K (96%)
----------------- Invoking toplevel() on ptolemy.moml.MoMLSimpleApplication@3b424944
----------------- Done invoking toplevel() on ptolemy.moml.MoMLSimpleApplication@3b424944
reloadAllAccessors: .TimeDelayZeroDelay

===========================================================================================
----------------- testing Sun Sep 09 02:26:02 UTC 2018 /home/travis/build/icyphy/ptII/ptolemy/domains/de/test/auto/TimerZeroDelay.xml
----------------- Instantiating /home/travis/build/icyphy/ptII/ptolemy/domains/de/test/auto/TimerZeroDelay.xml
2 ms. Memory: 253952K Free: 237981K (94%)
----------------- Invoking toplevel() on ptolemy.moml.MoMLSimpleApplication@5cc58512
----------------- Done invoking toplevel() on ptolemy.moml.MoMLSimpleApplication@5cc58512
reloadAllAccessors: .TimerZeroDelay

===========================================================================================
----------------- testing Sun Sep 09 02:26:02 UTC 2018 /home/travis/build/icyphy/ptII/ptolemy/domains/de/test/auto/TimingParadox.xml
----------------- Instantiating /home/travis/build/icyphy/ptII/ptolemy/domains/de/test/auto/TimingParadox.xml
267 ms. Memory: 253952K Free: 169471K (67%)
----------------- Invoking toplevel() on ptolemy.moml.MoMLSimpleApplication@389a403b
----------------- Done invoking toplevel() on ptolemy.moml.MoMLSimpleApplication@389a403b
reloadAllAccessors: .TimingParadox

===========================================================================================
----------------- testing Sun Sep 09 02:26:02 UTC 2018 /home/travis/build/icyphy/ptII/ptolemy/domains/de/test/auto/TransferInputs.xml
----------------- Instantiating /home/travis/build/icyphy/ptII/ptolemy/domains/de/test/auto/TransferInputs.xml
1 ms. Memory: 253952K Free: 164206K (65%)
----------------- Invoking toplevel() on ptolemy.moml.MoMLSimpleApplication@4efb8b41
----------------- Done invoking toplevel() on ptolemy.moml.MoMLSimpleApplication@4efb8b41
reloadAllAccessors: .TransferInputs

===========================================================================================
----------------- testing Sun Sep 09 02:26:02 UTC 2018 /home/travis/build/icyphy/ptII/ptolemy/domains/de/test/auto/TransferOutputs2.xml
----------------- Instantiating /home/travis/build/icyphy/ptII/ptolemy/domains/de/test/auto/TransferOutputs2.xml
2 ms. Memory: 253952K Free: 154531K (61%)
----------------- Invoking toplevel() on ptolemy.moml.MoMLSimpleApplication@3831573f
----------------- Done invoking toplevel() on ptolemy.moml.MoMLSimpleApplication@3831573f
reloadAllAccessors: .TransferOutputs2

===========================================================================================
----------------- testing Sun Sep 09 02:26:02 UTC 2018 /home/travis/build/icyphy/ptII/ptolemy/domains/de/test/auto/Trilateration.xml
----------------- Instantiating /home/travis/build/icyphy/ptII/ptolemy/domains/de/test/auto/Trilateration.xml
10465 ms. Memory: 541184K Free: 81294K (15%)
----------------- Invoking toplevel() on ptolemy.moml.MoMLSimpleApplication@1a0c3044
----------------- Done invoking toplevel() on ptolemy.moml.MoMLSimpleApplication@1a0c3044
reloadAllAccessors: .Trilateration

===========================================================================================
----------------- testing Sun Sep 09 02:26:13 UTC 2018 /home/travis/build/icyphy/ptII/ptolemy/domains/de/test/auto/TwoSigmaDelta.xml
----------------- Instantiating /home/travis/build/icyphy/ptII/ptolemy/domains/de/test/auto/TwoSigmaDelta.xml
2154 ms. Memory: 523776K Free: 229267K (44%)
----------------- Invoking toplevel() on ptolemy.moml.MoMLSimpleApplication@5c6d86e4
----------------- Done invoking toplevel() on ptolemy.moml.MoMLSimpleApplication@5c6d86e4
reloadAllAccessors: .TwoSigmaDelta

===========================================================================================
----------------- testing Sun Sep 09 02:26:16 UTC 2018 /home/travis/build/icyphy/ptII/ptolemy/domains/de/test/auto/VariableDelay.xml
----------------- Instantiating /home/travis/build/icyphy/ptII/ptolemy/domains/de/test/auto/VariableDelay.xml
3 ms. Memory: 523776K Free: 210940K (40%)
----------------- Invoking toplevel() on ptolemy.moml.MoMLSimpleApplication@581ff019
----------------- Done invoking toplevel() on ptolemy.moml.MoMLSimpleApplication@581ff019
reloadAllAccessors: .VariableDelay

===========================================================================================
----------------- testing Sun Sep 09 02:26:16 UTC 2018 /home/travis/build/icyphy/ptII/ptolemy/domains/de/test/auto/VariableDelay2.xml
----------------- Instantiating /home/travis/build/icyphy/ptII/ptolemy/domains/de/test/auto/VariableDelay2.xml
1 ms. Memory: 523776K Free: 192878K (37%)
----------------- Invoking toplevel() on ptolemy.moml.MoMLSimpleApplication@7f4d80c5
----------------- Done invoking toplevel() on ptolemy.moml.MoMLSimpleApplication@7f4d80c5
reloadAllAccessors: .VariableDelay2

===========================================================================================
----------------- testing Sun Sep 09 02:26:16 UTC 2018 /home/travis/build/icyphy/ptII/ptolemy/domains/de/test/auto/VariableDelayZeroDelay.xml
----------------- Instantiating /home/travis/build/icyphy/ptII/ptolemy/domains/de/test/auto/VariableDelayZeroDelay.xml
5 ms. Memory: 523776K Free: 174816K (33%)
----------------- Invoking toplevel() on ptolemy.moml.MoMLSimpleApplication@54e3809a
----------------- Done invoking toplevel() on ptolemy.moml.MoMLSimpleApplication@54e3809a
reloadAllAccessors: .VariableDelayZeroDelay

===========================================================================================
----------------- testing Sun Sep 09 02:26:16 UTC 2018 /home/travis/build/icyphy/ptII/ptolemy/domains/de/test/auto/VariableDelayZeroDelay2.xml
----------------- Instantiating /home/travis/build/icyphy/ptII/ptolemy/domains/de/test/auto/VariableDelayZeroDelay2.xml
2 ms. Memory: 523776K Free: 156754K (30%)
----------------- Invoking toplevel() on ptolemy.moml.MoMLSimpleApplication@3567b0
----------------- Done invoking toplevel() on ptolemy.moml.MoMLSimpleApplication@3567b0
reloadAllAccessors: .VariableDelayZeroDelay2

===========================================================================================
----------------- testing Sun Sep 09 02:26:16 UTC 2018 /home/travis/build/icyphy/ptII/ptolemy/domains/de/test/auto/deInCt.xml
----------------- Instantiating /home/travis/build/icyphy/ptII/ptolemy/domains/de/test/auto/deInCt.xml
0
1
1
1
0
0
0
1
1
1
1
0
0
0
0
1
1
1
1
1
0
0
0
1
1
1
0
0
0
1
1
0
0
0
0
1
1
1
0
0
0
1
1
1
1
6 ms. Memory: 523776K Free: 138692K (26%)
----------------- Invoking toplevel() on ptolemy.moml.MoMLSimpleApplication@3ee9d20f
----------------- Done invoking toplevel() on ptolemy.moml.MoMLSimpleApplication@3ee9d20f
reloadAllAccessors: .deInCt

===========================================================================================
----------------- testing Sun Sep 09 02:26:16 UTC 2018 /home/travis/build/icyphy/ptII/ptolemy/domains/de/test/auto/deInCt2.xml
----------------- Instantiating /home/travis/build/icyphy/ptII/ptolemy/domains/de/test/auto/deInCt2.xml
0
1
1
1
0
0
1
1
1
0
0
1
1
1
0
0
1
1
1
0
0
1
1
1
0
0
1
1
1
0
0
1
1
1
0
0
1
1
1
0
0
0
4 ms. Memory: 523776K Free: 120630K (23%)
----------------- Invoking toplevel() on ptolemy.moml.MoMLSimpleApplication@cace827
----------------- Done invoking toplevel() on ptolemy.moml.MoMLSimpleApplication@cace827
reloadAllAccessors: .deInCt2

===========================================================================================
----------------- testing Sun Sep 09 02:26:16 UTC 2018 /home/travis/build/icyphy/ptII/ptolemy/domains/de/test/auto/dynamicCausalityInterface1.xml
----------------- Instantiating /home/travis/build/icyphy/ptII/ptolemy/domains/de/test/auto/dynamicCausalityInterface1.xml
1 ms. Memory: 523776K Free: 93795K (18%)
----------------- Invoking toplevel() on ptolemy.moml.MoMLSimpleApplication@39675000
----------------- Done invoking toplevel() on ptolemy.moml.MoMLSimpleApplication@39675000
reloadAllAccessors: .dynamicCausalityInterface1

===========================================================================================
----------------- testing Sun Sep 09 02:26:16 UTC 2018 /home/travis/build/icyphy/ptII/ptolemy/domains/de/test/auto/fsm_de_test.xml
----------------- Instantiating /home/travis/build/icyphy/ptII/ptolemy/domains/de/test/auto/fsm_de_test.xml
6 ms. Memory: 523776K Free: 75731K (14%)
----------------- Invoking toplevel() on ptolemy.moml.MoMLSimpleApplication@21bf08ef
----------------- Done invoking toplevel() on ptolemy.moml.MoMLSimpleApplication@21bf08ef
reloadAllAccessors: .fsm_de_test

===========================================================================================
----------------- testing Sun Sep 09 02:26:16 UTC 2018 /home/travis/build/icyphy/ptII/ptolemy/domains/de/test/auto/functionDependencyReconstruction.xml
----------------- Instantiating /home/travis/build/icyphy/ptII/ptolemy/domains/de/test/auto/functionDependencyReconstruction.xml
2 ms. Memory: 500224K Free: 468839K (94%)
----------------- Invoking toplevel() on ptolemy.moml.MoMLSimpleApplication@9e83c79
----------------- Done invoking toplevel() on ptolemy.moml.MoMLSimpleApplication@9e83c79
reloadAllAccessors: .functionDependencyReconstruction

===========================================================================================
----------------- testing Sun Sep 09 02:26:16 UTC 2018 /home/travis/build/icyphy/ptII/ptolemy/domains/de/test/auto/multirate.xml
----------------- Instantiating /home/travis/build/icyphy/ptII/ptolemy/domains/de/test/auto/multirate.xml
5 ms. Memory: 500224K Free: 455697K (91%)
----------------- Invoking toplevel() on ptolemy.moml.MoMLSimpleApplication@5f096102
----------------- Done invoking toplevel() on ptolemy.moml.MoMLSimpleApplication@5f096102
reloadAllAccessors: .multirate

===========================================================================================
----------------- testing Sun Sep 09 02:26:16 UTC 2018 /home/travis/build/icyphy/ptII/ptolemy/domains/de/test/auto/multirate2.xml
----------------- Instantiating /home/travis/build/icyphy/ptII/ptolemy/domains/de/test/auto/multirate2.xml
3 ms. Memory: 500224K Free: 442555K (88%)
----------------- Invoking toplevel() on ptolemy.moml.MoMLSimpleApplication@2d1643be
----------------- Done invoking toplevel() on ptolemy.moml.MoMLSimpleApplication@2d1643be
reloadAllAccessors: .multirate2

===========================================================================================
----------------- testing Sun Sep 09 02:26:16 UTC 2018 /home/travis/build/icyphy/ptII/ptolemy/domains/de/test/auto/realtime.xml
----------------- Instantiating /home/travis/build/icyphy/ptII/ptolemy/domains/de/test/auto/realtime.xml
10002 ms. Memory: 500224K Free: 433596K (87%)
----------------- Invoking toplevel() on ptolemy.moml.MoMLSimpleApplication@3ceb77c0
----------------- Done invoking toplevel() on ptolemy.moml.MoMLSimpleApplication@3ceb77c0
reloadAllAccessors: .realtime

===========================================================================================
----------------- testing Sun Sep 09 02:26:26 UTC 2018 /home/travis/build/icyphy/ptII/ptolemy/domains/de/test/auto/relationGroup.xml
----------------- Instantiating /home/travis/build/icyphy/ptII/ptolemy/domains/de/test/auto/relationGroup.xml
5 ms. Memory: 500224K Free: 424637K (85%)
----------------- Invoking toplevel() on ptolemy.moml.MoMLSimpleApplication@381fe0bb
----------------- Done invoking toplevel() on ptolemy.moml.MoMLSimpleApplication@381fe0bb
reloadAllAccessors: .relationGroup

===========================================================================================
----------------- testing Sun Sep 09 02:26:26 UTC 2018 /home/travis/build/icyphy/ptII/ptolemy/domains/de/test/auto/relationGroup2.xml
----------------- Instantiating /home/travis/build/icyphy/ptII/ptolemy/domains/de/test/auto/relationGroup2.xml
1 ms. Memory: 500224K Free: 415678K (83%)
----------------- Invoking toplevel() on ptolemy.moml.MoMLSimpleApplication@61ec9b13
----------------- Done invoking toplevel() on ptolemy.moml.MoMLSimpleApplication@61ec9b13
reloadAllAccessors: .relationGroup2

===========================================================================================
----------------- testing Sun Sep 09 02:26:26 UTC 2018 /home/travis/build/icyphy/ptII/ptolemy/domains/de/test/auto/sortWithOpaquePorts.xml
----------------- Instantiating /home/travis/build/icyphy/ptII/ptolemy/domains/de/test/auto/sortWithOpaquePorts.xml
2 ms. Memory: 500224K Free: 406917K (81%)
----------------- Invoking toplevel() on ptolemy.moml.MoMLSimpleApplication@53b4092f
----------------- Done invoking toplevel() on ptolemy.moml.MoMLSimpleApplication@53b4092f
reloadAllAccessors: .sortWithOpaquePorts

===========================================================================================
----------------- testing Sun Sep 09 02:26:26 UTC 2018 /home/travis/build/icyphy/ptII/ptolemy/domains/de/test/auto/transferInputsandOutputs.xml
----------------- Instantiating /home/travis/build/icyphy/ptII/ptolemy/domains/de/test/auto/transferInputsandOutputs.xml
2 ms. Memory: 500224K Free: 393760K (79%)
----------------- Invoking toplevel() on ptolemy.moml.MoMLSimpleApplication@444561be
----------------- Done invoking toplevel() on ptolemy.moml.MoMLSimpleApplication@444561be
reloadAllAccessors: .transferInputsandOutputs

===========================================================================================
----------------- testing Sun Sep 09 02:26:26 UTC 2018 /home/travis/build/icyphy/ptII/ptolemy/domains/de/test/auto/triggerType.xml
----------------- Instantiating /home/travis/build/icyphy/ptII/ptolemy/domains/de/test/auto/triggerType.xml
2 ms. Memory: 500224K Free: 384801K (77%)
----------------- Invoking toplevel() on ptolemy.moml.MoMLSimpleApplication@5953b6c5
----------------- Done invoking toplevel() on ptolemy.moml.MoMLSimpleApplication@5953b6c5
reloadAllAccessors: .triggerType
AutoTests.java: About to close Vertx.
AutoTests.java: Vertx closed.
]]></system-out>
  <system-err><![CDATA[java.lang.RuntimeException: Execution failed
	at ptolemy.moml.MoMLSimpleApplication$UnloadThread.run(MoMLSimpleApplication.java:402)
Caused by: ptolemy.kernel.util.IllegalActionException: Found a zero delay loop containing .dependencyLoop.original
  in .dependencyLoop and .dependencyLoop.original
	at ptolemy.actor.util.CausalityInterfaceForComposites._computeOutputPortDepth(CausalityInterfaceForComposites.java:759)
	at ptolemy.actor.util.CausalityInterfaceForComposites._computeInputDepth(CausalityInterfaceForComposites.java:696)
	at ptolemy.actor.util.CausalityInterfaceForComposites._computeOutputPortDepth(CausalityInterfaceForComposites.java:765)
	at ptolemy.actor.util.CausalityInterfaceForComposites._computeInputDepth(CausalityInterfaceForComposites.java:696)
	at ptolemy.actor.util.CausalityInterfaceForComposites._computeOutputPortDepth(CausalityInterfaceForComposites.java:765)
	at ptolemy.actor.util.CausalityInterfaceForComposites._computeInputDepth(CausalityInterfaceForComposites.java:696)
	at ptolemy.actor.util.CausalityInterfaceForComposites._computeActorDepth(CausalityInterfaceForComposites.java:532)
	at ptolemy.actor.util.CausalityInterfaceForComposites.checkForCycles(CausalityInterfaceForComposites.java:96)
	at ptolemy.domains.de.kernel.DEDirector.preinitialize(DEDirector.java:1338)
	at ptolemy.actor.CompositeActor.preinitialize(CompositeActor.java:1828)
	at ptolemy.actor.Manager.preinitializeAndResolveTypes(Manager.java:1040)
	at ptolemy.actor.Manager.initialize(Manager.java:710)
	at ptolemy.actor.Manager.execute(Manager.java:356)
	at ptolemy.actor.Manager.run(Manager.java:1263)
	at ptolemy.actor.Manager$PtolemyRunThread.run(Manager.java:1915)
java.lang.RuntimeException: Execution failed
	at ptolemy.moml.MoMLSimpleApplication$UnloadThread.run(MoMLSimpleApplication.java:402)
Caused by: ptolemy.kernel.util.IllegalActionException: Found a zero delay loop containing .dependencyLoop2.original
  in .dependencyLoop2 and .dependencyLoop2.original
	at ptolemy.actor.util.CausalityInterfaceForComposites._computeOutputPortDepth(CausalityInterfaceForComposites.java:759)
	at ptolemy.actor.util.CausalityInterfaceForComposites._computeInputDepth(CausalityInterfaceForComposites.java:696)
	at ptolemy.actor.util.CausalityInterfaceForComposites._computeOutputPortDepth(CausalityInterfaceForComposites.java:765)
	at ptolemy.actor.util.CausalityInterfaceForComposites._computeInputDepth(CausalityInterfaceForComposites.java:696)
	at ptolemy.actor.util.CausalityInterfaceForComposites._computeOutputPortDepth(CausalityInterfaceForComposites.java:765)
	at ptolemy.actor.util.CausalityInterfaceForComposites._computeInputDepth(CausalityInterfaceForComposites.java:696)
	at ptolemy.actor.util.CausalityInterfaceForComposites._computeActorDepth(CausalityInterfaceForComposites.java:532)
	at ptolemy.actor.util.CausalityInterfaceForComposites.checkForCycles(CausalityInterfaceForComposites.java:96)
	at ptolemy.domains.de.kernel.DEDirector.preinitialize(DEDirector.java:1338)
	at ptolemy.actor.CompositeActor.preinitialize(CompositeActor.java:1828)
	at ptolemy.actor.Manager.preinitializeAndResolveTypes(Manager.java:1040)
	at ptolemy.actor.Manager.initialize(Manager.java:710)
	at ptolemy.actor.Manager.execute(Manager.java:356)
	at ptolemy.actor.Manager.run(Manager.java:1263)
	at ptolemy.actor.Manager$PtolemyRunThread.run(Manager.java:1915)
java.lang.RuntimeException: Execution failed
	at ptolemy.moml.MoMLSimpleApplication$UnloadThread.run(MoMLSimpleApplication.java:402)
Caused by: ptolemy.kernel.util.IllegalActionException: Found a zero delay loop containing .dependencyLoop.original
  in .dependencyLoop and .dependencyLoop.original
	at ptolemy.actor.util.CausalityInterfaceForComposites._computeOutputPortDepth(CausalityInterfaceForComposites.java:759)
	at ptolemy.actor.util.CausalityInterfaceForComposites._computeInputDepth(CausalityInterfaceForComposites.java:696)
	at ptolemy.actor.util.CausalityInterfaceForComposites._computeOutputPortDepth(CausalityInterfaceForComposites.java:765)
	at ptolemy.actor.util.CausalityInterfaceForComposites._computeInputDepth(CausalityInterfaceForComposites.java:696)
	at ptolemy.actor.util.CausalityInterfaceForComposites._computeOutputPortDepth(CausalityInterfaceForComposites.java:765)
	at ptolemy.actor.util.CausalityInterfaceForComposites._computeInputDepth(CausalityInterfaceForComposites.java:696)
	at ptolemy.actor.util.CausalityInterfaceForComposites._computeActorDepth(CausalityInterfaceForComposites.java:532)
	at ptolemy.actor.util.CausalityInterfaceForComposites.checkForCycles(CausalityInterfaceForComposites.java:96)
	at ptolemy.domains.de.kernel.DEDirector.preinitialize(DEDirector.java:1338)
	at ptolemy.actor.CompositeActor.preinitialize(CompositeActor.java:1828)
	at ptolemy.actor.Manager.preinitializeAndResolveTypes(Manager.java:1040)
	at ptolemy.actor.Manager.initialize(Manager.java:710)
	at ptolemy.actor.Manager.execute(Manager.java:356)
	at ptolemy.actor.Manager.run(Manager.java:1263)
	at ptolemy.actor.Manager$PtolemyRunThread.run(Manager.java:1915)
java.lang.RuntimeException: Execution failed
	at ptolemy.moml.MoMLSimpleApplication$UnloadThread.run(MoMLSimpleApplication.java:402)
Caused by: ptolemy.kernel.util.IllegalActionException: Actor is not ready to fire.  Perhaps UpSample.prefire() returned false? Try debugging the actor by selecting "Listen to Actor".  Also, for SDF check moml for tokenConsumptionRate on input.
  in .DESDFClockTest.Play Bell.Copy1:SDF Director and .DESDFClockTest.Play Bell.UpSample
	at ptolemy.actor.sched.StaticSchedulingDirector.fire(StaticSchedulingDirector.java:227)
	at ptolemy.domains.sdf.kernel.SDFDirector.fire(SDFDirector.java:500)
	at ptolemy.actor.CompositeActor.fire(CompositeActor.java:455)
	at ptolemy.domains.de.kernel.DEDirector._fire(DEDirector.java:1949)
	at ptolemy.domains.de.kernel.DEDirector.fire(DEDirector.java:502)
	at ptolemy.actor.CompositeActor.fire(CompositeActor.java:455)
	at ptolemy.actor.Manager.iterate(Manager.java:851)
	at ptolemy.actor.Manager.execute(Manager.java:369)
	at ptolemy.actor.Manager.run(Manager.java:1263)
	at ptolemy.actor.Manager$PtolemyRunThread.run(Manager.java:1915)
java.lang.RuntimeException: Execution failed
	at ptolemy.moml.MoMLSimpleApplication$UnloadThread.run(MoMLSimpleApplication.java:402)
Caused by: ptolemy.kernel.util.IllegalActionException: Found a zero delay loop containing .dependencyLoop2.original
  in .dependencyLoop2 and .dependencyLoop2.original
	at ptolemy.actor.util.CausalityInterfaceForComposites._computeOutputPortDepth(CausalityInterfaceForComposites.java:759)
	at ptolemy.actor.util.CausalityInterfaceForComposites._computeInputDepth(CausalityInterfaceForComposites.java:696)
	at ptolemy.actor.util.CausalityInterfaceForComposites._computeOutputPortDepth(CausalityInterfaceForComposites.java:765)
	at ptolemy.actor.util.CausalityInterfaceForComposites._computeInputDepth(CausalityInterfaceForComposites.java:696)
	at ptolemy.actor.util.CausalityInterfaceForComposites._computeOutputPortDepth(CausalityInterfaceForComposites.java:765)
	at ptolemy.actor.util.CausalityInterfaceForComposites._computeInputDepth(CausalityInterfaceForComposites.java:696)
	at ptolemy.actor.util.CausalityInterfaceForComposites._computeActorDepth(CausalityInterfaceForComposites.java:532)
	at ptolemy.actor.util.CausalityInterfaceForComposites.checkForCycles(CausalityInterfaceForComposites.java:96)
	at ptolemy.domains.de.kernel.DEDirector.preinitialize(DEDirector.java:1338)
	at ptolemy.actor.CompositeActor.preinitialize(CompositeActor.java:1828)
	at ptolemy.actor.Manager.preinitializeAndResolveTypes(Manager.java:1040)
	at ptolemy.actor.Manager.initialize(Manager.java:710)
	at ptolemy.actor.Manager.execute(Manager.java:356)
	at ptolemy.actor.Manager.run(Manager.java:1263)
	at ptolemy.actor.Manager$PtolemyRunThread.run(Manager.java:1915)
java.lang.RuntimeException: Execution failed
	at ptolemy.moml.MoMLSimpleApplication$UnloadThread.run(MoMLSimpleApplication.java:402)
Caused by: ptolemy.kernel.util.IllegalActionException: Found a zero delay loop containing .HierarchicalModel.A
  in .HierarchicalModel and .HierarchicalModel.A
	at ptolemy.actor.util.CausalityInterfaceForComposites._computeOutputPortDepth(CausalityInterfaceForComposites.java:759)
	at ptolemy.actor.util.CausalityInterfaceForComposites._computeInputDepth(CausalityInterfaceForComposites.java:696)
	at ptolemy.actor.util.CausalityInterfaceForComposites._computeOutputPortDepth(CausalityInterfaceForComposites.java:765)
	at ptolemy.actor.util.CausalityInterfaceForComposites._computeInputDepth(CausalityInterfaceForComposites.java:696)
	at ptolemy.actor.util.CausalityInterfaceForComposites._computeOutputPortDepth(CausalityInterfaceForComposites.java:765)
	at ptolemy.actor.util.CausalityInterfaceForComposites._computeInputDepth(CausalityInterfaceForComposites.java:696)
	at ptolemy.actor.util.CausalityInterfaceForComposites._computeActorDepth(CausalityInterfaceForComposites.java:532)
	at ptolemy.actor.util.CausalityInterfaceForComposites.checkForCycles(CausalityInterfaceForComposites.java:96)
	at ptolemy.domains.de.kernel.DEDirector.preinitialize(DEDirector.java:1338)
	at ptolemy.actor.CompositeActor.preinitialize(CompositeActor.java:1828)
	at ptolemy.actor.Manager.preinitializeAndResolveTypes(Manager.java:1040)
	at ptolemy.actor.Manager.initialize(Manager.java:710)
	at ptolemy.actor.Manager.execute(Manager.java:356)
	at ptolemy.actor.Manager.run(Manager.java:1263)
	at ptolemy.actor.Manager$PtolemyRunThread.run(Manager.java:1915)
java.lang.RuntimeException: Execution failed
	at ptolemy.moml.MoMLSimpleApplication$UnloadThread.run(MoMLSimpleApplication.java:402)
Caused by: ptolemy.kernel.util.IllegalActionException: Test fails in iteration 1.
Value was: 1.0. Should have been: 2.0
  in .DirectFeedback.Test
	at ptolemy.actor.lib.Test.fire(Test.java:268)
	at ptolemy.domains.de.kernel.DEDirector._fire(DEDirector.java:1949)
	at ptolemy.domains.de.kernel.DEDirector.fire(DEDirector.java:502)
	at ptolemy.actor.CompositeActor.fire(CompositeActor.java:455)
	at ptolemy.actor.Manager.iterate(Manager.java:851)
	at ptolemy.actor.Manager.execute(Manager.java:369)
	at ptolemy.actor.Manager.run(Manager.java:1263)
	at ptolemy.actor.Manager$PtolemyRunThread.run(Manager.java:1915)
java.lang.RuntimeException: Execution failed
	at ptolemy.moml.MoMLSimpleApplication$UnloadThread.run(MoMLSimpleApplication.java:402)
Caused by: ptolemy.kernel.util.IllegalActionException: Actor is not ready to fire.  Perhaps UpSample.prefire() returned false? Try debugging the actor by selecting "Listen to Actor".  Also, for SDF check moml for tokenConsumptionRate on input.
  in .DESDFClockTest.Play Bell.Copy1:SDF Director and .DESDFClockTest.Play Bell.UpSample
	at ptolemy.actor.sched.StaticSchedulingDirector.fire(StaticSchedulingDirector.java:227)
	at ptolemy.domains.sdf.kernel.SDFDirector.fire(SDFDirector.java:500)
	at ptolemy.actor.CompositeActor.fire(CompositeActor.java:455)
	at ptolemy.domains.de.kernel.DEDirector._fire(DEDirector.java:1949)
	at ptolemy.domains.de.kernel.DEDirector.fire(DEDirector.java:502)
	at ptolemy.actor.CompositeActor.fire(CompositeActor.java:455)
	at ptolemy.actor.Manager.iterate(Manager.java:851)
	at ptolemy.actor.Manager.execute(Manager.java:369)
	at ptolemy.actor.Manager.run(Manager.java:1263)
	at ptolemy.actor.Manager$PtolemyRunThread.run(Manager.java:1915)
java.lang.reflect.InvocationTargetException
	at sun.reflect.NativeConstructorAccessorImpl.newInstance0(Native Method)
	at sun.reflect.NativeConstructorAccessorImpl.newInstance(NativeConstructorAccessorImpl.java:62)
	at sun.reflect.DelegatingConstructorAccessorImpl.newInstance(DelegatingConstructorAccessorImpl.java:45)
	at java.lang.reflect.Constructor.newInstance(Constructor.java:423)
	at ptolemy.util.test.junit.AutoKnownFailedTests.RunModel(AutoKnownFailedTests.java:107)
	at sun.reflect.NativeMethodAccessorImpl.invoke0(Native Method)
	at sun.reflect.NativeMethodAccessorImpl.invoke(NativeMethodAccessorImpl.java:62)
	at sun.reflect.DelegatingMethodAccessorImpl.invoke(DelegatingMethodAccessorImpl.java:43)
	at java.lang.reflect.Method.invoke(Method.java:498)
	at org.junit.runners.model.FrameworkMethod$1.runReflectiveCall(FrameworkMethod.java:44)
	at org.junit.internal.runners.model.ReflectiveCallable.run(ReflectiveCallable.java:15)
	at org.junit.runners.model.FrameworkMethod.invokeExplosively(FrameworkMethod.java:41)
	at junitparams.internal.InvokeParameterisedMethod.evaluate(InvokeParameterisedMethod.java:102)
	at org.junit.internal.runners.statements.FailOnTimeout$1.run(FailOnTimeout.java:28)
Caused by: ptolemy.kernel.util.IllegalActionException: Actor is not ready to fire.  Perhaps UpSample.prefire() returned false? Try debugging the actor by selecting "Listen to Actor".  Also, for SDF check moml for tokenConsumptionRate on input.
  in .DESDFClockTest.Play Bell.Copy1:SDF Director and .DESDFClockTest.Play Bell.UpSample
	at ptolemy.actor.sched.StaticSchedulingDirector.fire(StaticSchedulingDirector.java:227)
	at ptolemy.domains.sdf.kernel.SDFDirector.fire(SDFDirector.java:500)
	at ptolemy.actor.CompositeActor.fire(CompositeActor.java:455)
	at ptolemy.domains.de.kernel.DEDirector._fire(DEDirector.java:1949)
	at ptolemy.domains.de.kernel.DEDirector.fire(DEDirector.java:502)
	at ptolemy.actor.CompositeActor.fire(CompositeActor.java:455)
	at ptolemy.actor.Manager.iterate(Manager.java:851)
	at ptolemy.actor.Manager.execute(Manager.java:369)
	at ptolemy.actor.Manager.run(Manager.java:1263)
	at ptolemy.actor.Manager$PtolemyRunThread.run(Manager.java:1915)
java.lang.RuntimeException: Execution failed
	at ptolemy.moml.MoMLSimpleApplication$UnloadThread.run(MoMLSimpleApplication.java:402)
Caused by: ptolemy.kernel.util.IllegalActionException: Test fails in iteration 1.
Value was: 1.0. Should have been: 2.0
  in .DirectFeedback.Test
	at ptolemy.actor.lib.Test.fire(Test.java:268)
	at ptolemy.domains.de.kernel.DEDirector._fire(DEDirector.java:1949)
	at ptolemy.domains.de.kernel.DEDirector.fire(DEDirector.java:502)
	at ptolemy.actor.CompositeActor.fire(CompositeActor.java:455)
	at ptolemy.actor.Manager.iterate(Manager.java:851)
	at ptolemy.actor.Manager.execute(Manager.java:369)
	at ptolemy.actor.Manager.run(Manager.java:1263)
	at ptolemy.actor.Manager$PtolemyRunThread.run(Manager.java:1915)
java.lang.reflect.InvocationTargetException
	at sun.reflect.NativeConstructorAccessorImpl.newInstance0(Native Method)
	at sun.reflect.NativeConstructorAccessorImpl.newInstance(NativeConstructorAccessorImpl.java:62)
	at sun.reflect.DelegatingConstructorAccessorImpl.newInstance(DelegatingConstructorAccessorImpl.java:45)
	at java.lang.reflect.Constructor.newInstance(Constructor.java:423)
	at ptolemy.util.test.junit.AutoKnownFailedTests.RunModel(AutoKnownFailedTests.java:107)
	at sun.reflect.NativeMethodAccessorImpl.invoke0(Native Method)
	at sun.reflect.NativeMethodAccessorImpl.invoke(NativeMethodAccessorImpl.java:62)
	at sun.reflect.DelegatingMethodAccessorImpl.invoke(DelegatingMethodAccessorImpl.java:43)
	at java.lang.reflect.Method.invoke(Method.java:498)
	at org.junit.runners.model.FrameworkMethod$1.runReflectiveCall(FrameworkMethod.java:44)
	at org.junit.internal.runners.model.ReflectiveCallable.run(ReflectiveCallable.java:15)
	at org.junit.runners.model.FrameworkMethod.invokeExplosively(FrameworkMethod.java:41)
	at junitparams.internal.InvokeParameterisedMethod.evaluate(InvokeParameterisedMethod.java:102)
	at org.junit.internal.runners.statements.FailOnTimeout$1.run(FailOnTimeout.java:28)
Caused by: ptolemy.kernel.util.IllegalActionException: Test fails in iteration 1.
Value was: 1.0. Should have been: 2.0
  in .DirectFeedback.Test
	at ptolemy.actor.lib.Test.fire(Test.java:268)
	at ptolemy.domains.de.kernel.DEDirector._fire(DEDirector.java:1949)
	at ptolemy.domains.de.kernel.DEDirector.fire(DEDirector.java:502)
	at ptolemy.actor.CompositeActor.fire(CompositeActor.java:455)
	at ptolemy.actor.Manager.iterate(Manager.java:851)
	at ptolemy.actor.Manager.execute(Manager.java:369)
	at ptolemy.actor.Manager.run(Manager.java:1263)
	at ptolemy.actor.Manager$PtolemyRunThread.run(Manager.java:1915)
java.lang.RuntimeException: Execution failed
	at ptolemy.moml.MoMLSimpleApplication$UnloadThread.run(MoMLSimpleApplication.java:402)
Caused by: ptolemy.kernel.util.IllegalActionException: Found a zero delay loop containing .HierarchicalModel.A
  in .HierarchicalModel and .HierarchicalModel.A
	at ptolemy.actor.util.CausalityInterfaceForComposites._computeOutputPortDepth(CausalityInterfaceForComposites.java:759)
	at ptolemy.actor.util.CausalityInterfaceForComposites._computeInputDepth(CausalityInterfaceForComposites.java:696)
	at ptolemy.actor.util.CausalityInterfaceForComposites._computeOutputPortDepth(CausalityInterfaceForComposites.java:765)
	at ptolemy.actor.util.CausalityInterfaceForComposites._computeInputDepth(CausalityInterfaceForComposites.java:696)
	at ptolemy.actor.util.CausalityInterfaceForComposites._computeOutputPortDepth(CausalityInterfaceForComposites.java:765)
	at ptolemy.actor.util.CausalityInterfaceForComposites._computeInputDepth(CausalityInterfaceForComposites.java:696)
	at ptolemy.actor.util.CausalityInterfaceForComposites._computeActorDepth(CausalityInterfaceForComposites.java:532)
	at ptolemy.actor.util.CausalityInterfaceForComposites.checkForCycles(CausalityInterfaceForComposites.java:96)
	at ptolemy.domains.de.kernel.DEDirector.preinitialize(DEDirector.java:1338)
	at ptolemy.actor.CompositeActor.preinitialize(CompositeActor.java:1828)
	at ptolemy.actor.Manager.preinitializeAndResolveTypes(Manager.java:1040)
	at ptolemy.actor.Manager.initialize(Manager.java:710)
	at ptolemy.actor.Manager.execute(Manager.java:356)
	at ptolemy.actor.Manager.run(Manager.java:1263)
	at ptolemy.actor.Manager$PtolemyRunThread.run(Manager.java:1915)
java.lang.reflect.InvocationTargetException
	at sun.reflect.NativeConstructorAccessorImpl.newInstance0(Native Method)
	at sun.reflect.NativeConstructorAccessorImpl.newInstance(NativeConstructorAccessorImpl.java:62)
	at sun.reflect.DelegatingConstructorAccessorImpl.newInstance(DelegatingConstructorAccessorImpl.java:45)
	at java.lang.reflect.Constructor.newInstance(Constructor.java:423)
	at ptolemy.util.test.junit.AutoKnownFailedTests.RunModel(AutoKnownFailedTests.java:107)
	at sun.reflect.NativeMethodAccessorImpl.invoke0(Native Method)
	at sun.reflect.NativeMethodAccessorImpl.invoke(NativeMethodAccessorImpl.java:62)
	at sun.reflect.DelegatingMethodAccessorImpl.invoke(DelegatingMethodAccessorImpl.java:43)
	at java.lang.reflect.Method.invoke(Method.java:498)
	at org.junit.runners.model.FrameworkMethod$1.runReflectiveCall(FrameworkMethod.java:44)
	at org.junit.internal.runners.model.ReflectiveCallable.run(ReflectiveCallable.java:15)
	at org.junit.runners.model.FrameworkMethod.invokeExplosively(FrameworkMethod.java:41)
	at junitparams.internal.InvokeParameterisedMethod.evaluate(InvokeParameterisedMethod.java:102)
	at org.junit.internal.runners.statements.FailOnTimeout$1.run(FailOnTimeout.java:28)
Caused by: ptolemy.kernel.util.IllegalActionException: Found a zero delay loop containing .HierarchicalModel.A
  in .HierarchicalModel and .HierarchicalModel.A
	at ptolemy.actor.util.CausalityInterfaceForComposites._computeOutputPortDepth(CausalityInterfaceForComposites.java:759)
	at ptolemy.actor.util.CausalityInterfaceForComposites._computeInputDepth(CausalityInterfaceForComposites.java:696)
	at ptolemy.actor.util.CausalityInterfaceForComposites._computeOutputPortDepth(CausalityInterfaceForComposites.java:765)
	at ptolemy.actor.util.CausalityInterfaceForComposites._computeInputDepth(CausalityInterfaceForComposites.java:696)
	at ptolemy.actor.util.CausalityInterfaceForComposites._computeOutputPortDepth(CausalityInterfaceForComposites.java:765)
	at ptolemy.actor.util.CausalityInterfaceForComposites._computeInputDepth(CausalityInterfaceForComposites.java:696)
	at ptolemy.actor.util.CausalityInterfaceForComposites._computeActorDepth(CausalityInterfaceForComposites.java:532)
	at ptolemy.actor.util.CausalityInterfaceForComposites.checkForCycles(CausalityInterfaceForComposites.java:96)
	at ptolemy.domains.de.kernel.DEDirector.preinitialize(DEDirector.java:1338)
	at ptolemy.actor.CompositeActor.preinitialize(CompositeActor.java:1828)
	at ptolemy.actor.Manager.preinitializeAndResolveTypes(Manager.java:1040)
	at ptolemy.actor.Manager.initialize(Manager.java:710)
	at ptolemy.actor.Manager.execute(Manager.java:356)
	at ptolemy.actor.Manager.run(Manager.java:1263)
	at ptolemy.actor.Manager$PtolemyRunThread.run(Manager.java:1915)
java.lang.RuntimeException: Execution failed
	at ptolemy.moml.MoMLSimpleApplication$UnloadThread.run(MoMLSimpleApplication.java:402)
Caused by: ptolemy.kernel.util.IllegalActionException: Found a zero delay loop containing .dependencyLoop.original
  in .dependencyLoop and .dependencyLoop.original
	at ptolemy.actor.util.CausalityInterfaceForComposites._computeOutputPortDepth(CausalityInterfaceForComposites.java:759)
	at ptolemy.actor.util.CausalityInterfaceForComposites._computeInputDepth(CausalityInterfaceForComposites.java:696)
	at ptolemy.actor.util.CausalityInterfaceForComposites._computeOutputPortDepth(CausalityInterfaceForComposites.java:765)
	at ptolemy.actor.util.CausalityInterfaceForComposites._computeInputDepth(CausalityInterfaceForComposites.java:696)
	at ptolemy.actor.util.CausalityInterfaceForComposites._computeOutputPortDepth(CausalityInterfaceForComposites.java:765)
	at ptolemy.actor.util.CausalityInterfaceForComposites._computeInputDepth(CausalityInterfaceForComposites.java:696)
	at ptolemy.actor.util.CausalityInterfaceForComposites._computeActorDepth(CausalityInterfaceForComposites.java:532)
	at ptolemy.actor.util.CausalityInterfaceForComposites.checkForCycles(CausalityInterfaceForComposites.java:96)
	at ptolemy.domains.de.kernel.DEDirector.preinitialize(DEDirector.java:1338)
	at ptolemy.actor.CompositeActor.preinitialize(CompositeActor.java:1828)
	at ptolemy.actor.Manager.preinitializeAndResolveTypes(Manager.java:1040)
	at ptolemy.actor.Manager.initialize(Manager.java:710)
	at ptolemy.actor.Manager.execute(Manager.java:356)
	at ptolemy.actor.Manager.run(Manager.java:1263)
	at ptolemy.actor.Manager$PtolemyRunThread.run(Manager.java:1915)
java.lang.reflect.InvocationTargetException
	at sun.reflect.NativeConstructorAccessorImpl.newInstance0(Native Method)
	at sun.reflect.NativeConstructorAccessorImpl.newInstance(NativeConstructorAccessorImpl.java:62)
	at sun.reflect.DelegatingConstructorAccessorImpl.newInstance(DelegatingConstructorAccessorImpl.java:45)
	at java.lang.reflect.Constructor.newInstance(Constructor.java:423)
	at ptolemy.util.test.junit.AutoKnownFailedTests.RunModel(AutoKnownFailedTests.java:107)
	at sun.reflect.NativeMethodAccessorImpl.invoke0(Native Method)
	at sun.reflect.NativeMethodAccessorImpl.invoke(NativeMethodAccessorImpl.java:62)
	at sun.reflect.DelegatingMethodAccessorImpl.invoke(DelegatingMethodAccessorImpl.java:43)
	at java.lang.reflect.Method.invoke(Method.java:498)
	at org.junit.runners.model.FrameworkMethod$1.runReflectiveCall(FrameworkMethod.java:44)
	at org.junit.internal.runners.model.ReflectiveCallable.run(ReflectiveCallable.java:15)
	at org.junit.runners.model.FrameworkMethod.invokeExplosively(FrameworkMethod.java:41)
	at junitparams.internal.InvokeParameterisedMethod.evaluate(InvokeParameterisedMethod.java:102)
	at org.junit.internal.runners.statements.FailOnTimeout$1.run(FailOnTimeout.java:28)
Caused by: ptolemy.kernel.util.IllegalActionException: Found a zero delay loop containing .dependencyLoop.original
  in .dependencyLoop and .dependencyLoop.original
	at ptolemy.actor.util.CausalityInterfaceForComposites._computeOutputPortDepth(CausalityInterfaceForComposites.java:759)
	at ptolemy.actor.util.CausalityInterfaceForComposites._computeInputDepth(CausalityInterfaceForComposites.java:696)
	at ptolemy.actor.util.CausalityInterfaceForComposites._computeOutputPortDepth(CausalityInterfaceForComposites.java:765)
	at ptolemy.actor.util.CausalityInterfaceForComposites._computeInputDepth(CausalityInterfaceForComposites.java:696)
	at ptolemy.actor.util.CausalityInterfaceForComposites._computeOutputPortDepth(CausalityInterfaceForComposites.java:765)
	at ptolemy.actor.util.CausalityInterfaceForComposites._computeInputDepth(CausalityInterfaceForComposites.java:696)
	at ptolemy.actor.util.CausalityInterfaceForComposites._computeActorDepth(CausalityInterfaceForComposites.java:532)
	at ptolemy.actor.util.CausalityInterfaceForComposites.checkForCycles(CausalityInterfaceForComposites.java:96)
	at ptolemy.domains.de.kernel.DEDirector.preinitialize(DEDirector.java:1338)
	at ptolemy.actor.CompositeActor.preinitialize(CompositeActor.java:1828)
	at ptolemy.actor.Manager.preinitializeAndResolveTypes(Manager.java:1040)
	at ptolemy.actor.Manager.initialize(Manager.java:710)
	at ptolemy.actor.Manager.execute(Manager.java:356)
	at ptolemy.actor.Manager.run(Manager.java:1263)
	at ptolemy.actor.Manager$PtolemyRunThread.run(Manager.java:1915)
java.lang.RuntimeException: Execution failed
	at ptolemy.moml.MoMLSimpleApplication$UnloadThread.run(MoMLSimpleApplication.java:402)
Caused by: ptolemy.kernel.util.IllegalActionException: Found a zero delay loop containing .dependencyLoop2.original
  in .dependencyLoop2 and .dependencyLoop2.original
	at ptolemy.actor.util.CausalityInterfaceForComposites._computeOutputPortDepth(CausalityInterfaceForComposites.java:759)
	at ptolemy.actor.util.CausalityInterfaceForComposites._computeInputDepth(CausalityInterfaceForComposites.java:696)
	at ptolemy.actor.util.CausalityInterfaceForComposites._computeOutputPortDepth(CausalityInterfaceForComposites.java:765)
	at ptolemy.actor.util.CausalityInterfaceForComposites._computeInputDepth(CausalityInterfaceForComposites.java:696)
	at ptolemy.actor.util.CausalityInterfaceForComposites._computeOutputPortDepth(CausalityInterfaceForComposites.java:765)
	at ptolemy.actor.util.CausalityInterfaceForComposites._computeInputDepth(CausalityInterfaceForComposites.java:696)
	at ptolemy.actor.util.CausalityInterfaceForComposites._computeActorDepth(CausalityInterfaceForComposites.java:532)
	at ptolemy.actor.util.CausalityInterfaceForComposites.checkForCycles(CausalityInterfaceForComposites.java:96)
	at ptolemy.domains.de.kernel.DEDirector.preinitialize(DEDirector.java:1338)
	at ptolemy.actor.CompositeActor.preinitialize(CompositeActor.java:1828)
	at ptolemy.actor.Manager.preinitializeAndResolveTypes(Manager.java:1040)
	at ptolemy.actor.Manager.initialize(Manager.java:710)
	at ptolemy.actor.Manager.execute(Manager.java:356)
	at ptolemy.actor.Manager.run(Manager.java:1263)
	at ptolemy.actor.Manager$PtolemyRunThread.run(Manager.java:1915)
java.lang.reflect.InvocationTargetException
	at sun.reflect.NativeConstructorAccessorImpl.newInstance0(Native Method)
	at sun.reflect.NativeConstructorAccessorImpl.newInstance(NativeConstructorAccessorImpl.java:62)
	at sun.reflect.DelegatingConstructorAccessorImpl.newInstance(DelegatingConstructorAccessorImpl.java:45)
	at java.lang.reflect.Constructor.newInstance(Constructor.java:423)
	at ptolemy.util.test.junit.AutoKnownFailedTests.RunModel(AutoKnownFailedTests.java:107)
	at sun.reflect.NativeMethodAccessorImpl.invoke0(Native Method)
	at sun.reflect.NativeMethodAccessorImpl.invoke(NativeMethodAccessorImpl.java:62)
	at sun.reflect.DelegatingMethodAccessorImpl.invoke(DelegatingMethodAccessorImpl.java:43)
	at java.lang.reflect.Method.invoke(Method.java:498)
	at org.junit.runners.model.FrameworkMethod$1.runReflectiveCall(FrameworkMethod.java:44)
	at org.junit.internal.runners.model.ReflectiveCallable.run(ReflectiveCallable.java:15)
	at org.junit.runners.model.FrameworkMethod.invokeExplosively(FrameworkMethod.java:41)
	at junitparams.internal.InvokeParameterisedMethod.evaluate(InvokeParameterisedMethod.java:102)
	at org.junit.internal.runners.statements.FailOnTimeout$1.run(FailOnTimeout.java:28)
Caused by: ptolemy.kernel.util.IllegalActionException: Found a zero delay loop containing .dependencyLoop2.original
  in .dependencyLoop2 and .dependencyLoop2.original
	at ptolemy.actor.util.CausalityInterfaceForComposites._computeOutputPortDepth(CausalityInterfaceForComposites.java:759)
	at ptolemy.actor.util.CausalityInterfaceForComposites._computeInputDepth(CausalityInterfaceForComposites.java:696)
	at ptolemy.actor.util.CausalityInterfaceForComposites._computeOutputPortDepth(CausalityInterfaceForComposites.java:765)
	at ptolemy.actor.util.CausalityInterfaceForComposites._computeInputDepth(CausalityInterfaceForComposites.java:696)
	at ptolemy.actor.util.CausalityInterfaceForComposites._computeOutputPortDepth(CausalityInterfaceForComposites.java:765)
	at ptolemy.actor.util.CausalityInterfaceForComposites._computeInputDepth(CausalityInterfaceForComposites.java:696)
	at ptolemy.actor.util.CausalityInterfaceForComposites._computeActorDepth(CausalityInterfaceForComposites.java:532)
	at ptolemy.actor.util.CausalityInterfaceForComposites.checkForCycles(CausalityInterfaceForComposites.java:96)
	at ptolemy.domains.de.kernel.DEDirector.preinitialize(DEDirector.java:1338)
	at ptolemy.actor.CompositeActor.preinitialize(CompositeActor.java:1828)
	at ptolemy.actor.Manager.preinitializeAndResolveTypes(Manager.java:1040)
	at ptolemy.actor.Manager.initialize(Manager.java:710)
	at ptolemy.actor.Manager.execute(Manager.java:356)
	at ptolemy.actor.Manager.run(Manager.java:1263)
	at ptolemy.actor.Manager$PtolemyRunThread.run(Manager.java:1915)
]]></system-err>
</testsuite>
