<?xml version="1.0" encoding="UTF-8" ?>
<testsuite errors="0" failures="0" hostname="travis-job-f55bb34d-e825-43d4-8ee7-c34accb2fa22" name="ptolemy.domains.de.test.junit.JUnitTclTest" skipped="0" tests="101" time="125.504" timestamp="2019-03-20T04:12:20">
  <properties>
    <property name="npm.executable" value="npm" />
    <property name="file.encoding.pkg" value="sun.io" />
    <property name="env.TRAVIS_ROOT" value="/" />
    <property name="ptII.mk.exists" value="true" />
    <property name="env.TRAVIS_APP_HOST" value="build.travis-ci.org" />
    <property name="env.rvm_bin_path" value="/home/travis/.rvm/bin" />
    <property name="java.home" value="/usr/lib/jvm/java-8-oracle/jre" />
    <property name="env.TRAVIS_JOB_NUMBER" value="1054.9" />
    <property name="env.TRAVIS_HOME" value="/home/travis" />
    <property name="env.DISPLAY" value=":99.0" />
    <property name="java.net.preferIPv4Stack" value="true" />
    <property name="env.TRAVIS_INIT" value="upstart" />
    <property name="env.SSH_TTY" value="/dev/pts/0" />
    <property name="env.RUN_TESTS" value="true" />
    <property name="timeout.short" value="1000000" />
    <property name="env.TRAVIS_JOB_NAME" value="" />
    <property name="env.TRAVIS_STACK_NODE_ATTRIBUTES" value="/.node-attributes.yml" />
    <property name="junit.formatter" value="xml" />
    <property name="java.endorsed.dirs" value="/usr/lib/jvm/java-8-oracle/jre/lib/endorsed" />
    <property name="env.TRAVIS_SUDO" value="true" />
    <property name="env.LOGNAME" value="travis" />
    <property name="jsdoc.home" value="node_modules/@terraswarm/jsdoc" />
    <property name="debuglevel" value="source,lines,vars" />
    <property name="checkstyle.formatter" value="xml" />
    <property name="bin.vergil.makeable" value="true" />
    <property name="env._system_version" value="14.04" />
    <property name="sun.os.patch.level" value="unknown" />
    <property name="java.vendor.url" value="http://java.oracle.com/" />
    <property name="env.TRAVIS_BUILD_WEB_URL" value="https://travis-ci.org/icyphy/ptII/builds/508727262" />
    <property name="java.version" value="1.8.0_151" />
    <property name="env.TZ" value="UTC" />
    <property name="env.PT_NO_NET" value="true" />
    <property name="env.TRAVIS_PULL_REQUEST_SHA" value="" />
    <property name="env.TRAVIS_SECURE_ENV_VARS" value="true" />
    <property name="env._system_type" value="Linux" />
    <property name="java.vendor.url.bug" value="http://bugreport.sun.com/bugreport/" />
    <property name="env.SSH_CLIENT" value="10.10.19.222 39272 22" />
    <property name="npmjs-org-is-up" value="true" />
    <property name="env.GEM_HOME" value="/home/travis/.rvm/gems/ruby-2.4.1" />
    <property name="env.HAS_ANTARES_THREE_LITTLE_FRONZIES_BADGE" value="true" />
    <property name="env.PS4" value="+" />
    <property name="ant.project.invoked-targets" value="build,test.core2.xml" />
    <property name="env.TRAVIS_PULL_REQUEST_BRANCH" value="" />
    <property name="env.TRAVIS_REPO_SLUG" value="icyphy/ptII" />
    <property name="env.TRAVIS_APT_PROXY" value="http://build-cache.travisci.net" />
    <property name="node.in.path" value="true" />
    <property name="java.maxmemory" value="1400m" />
    <property name="env.RUBY_VERSION" value="ruby-2.4.1" />
    <property name="user.name" value="travis" />
    <property name="env.LANG" value="en_US.UTF-8" />
    <property name="sun.io.unicode.encoding" value="UnicodeLittle" />
    <property name="sun.jnu.encoding" value="UTF-8" />
    <property name="java.runtime.name" value="Java(TM) SE Runtime Environment" />
    <property name="usefile" value="false" />
    <property name="return.code" value="0" />
    <property name="junit.single.formatter" value="plain" />
    <property name="env.DYLD_LIBRARY_PATH" value="/home/travis/pthla/certi-tools/lib:" />
    <property name="env.DEBIAN_FRONTEND" value="noninteractive" />
    <property name="env.SSH_CONNECTION" value="10.10.19.222 39272 10.20.1.29 22" />
    <property name="env.MYSQL_UNIX_PORT" value="/var/run/mysqld/mysqld.sock" />
    <property name="env.TRAVIS_ALLOW_FAILURE" value="false" />
    <property name="env.LC_ALL" value="en_US.UTF-8" />
    <property name="env.TRAVIS_JOB_WEB_URL" value="https://travis-ci.org/icyphy/ptII/jobs/508727271" />
    <property name="java.specification.name" value="Java Platform API Specification" />
    <property name="node.works" value="true" />
    <property name="user.timezone" value="" />
    <property name="path.separator" value=":" />
    <property name="env.TRAVIS_ENABLE_INFRA_DETECTION" value="true" />
    <property name="env.PYTHON_CFLAGS" value="-g -fstack-protector --param=ssp-buffer-size=4 -Wformat -Werror=format-security" />
    <property name="timeout.long" value="4000000" />
    <property name="env.CERTI_HOME" value="/home/travis/pthla/certi-tools" />
    <property name="file.encoding" value="UTF-8" />
    <property name="ant.file.ptII" value="/home/travis/build/icyphy/ptII/build.xml" />
    <property name="javadoc.packagenames" value="com.*,diva.*,lbnl.*,org.hlacerti.*,org.json.*,org.ptolemy.*,org.terraswarm.*,ptolemy.*,ptserver.*" />
    <property name="env.TRAVIS_PULL_REQUEST_SLUG" value="" />
    <property name="ant.project.default-target" value="build" />
    <property name="env.GIT_ASKPASS" value="echo" />
    <property name="env.HOME" value="/home/travis" />
    <property name="sun.java.command" value="org.apache.tools.ant.taskdefs.optional.junit.JUnitTestRunner ptolemy.domains.de.test.junit.JUnitTclTest skipNonTests=false filtertrace=true haltOnError=false haltOnFailure=false formatter=org.apache.tools.ant.taskdefs.optional.junit.OutErrSummaryJUnitResultFormatter showoutput=true outputtoformatters=true logfailedtests=true threadid=0 logtestlistenerevents=false formatter=org.apache.tools.ant.taskdefs.optional.junit.XMLJUnitResultFormatter,/home/travis/build/icyphy/ptII/reports/junit/TEST-ptolemy.domains.de.test.junit.JUnitTclTest.xml crashfile=/home/travis/build/icyphy/ptII/junitvmwatcher6258098869641284673.properties propsfile=/home/travis/build/icyphy/ptII/junit7553992956491727169.properties" />
    <property name="env.MANPATH" value="/home/travis/.nvm/versions/node/v7.10.1/share/man:/home/travis/.kiex/elixirs/elixir-1.4.5/man:/home/travis/.rvm/rubies/ruby-2.4.1/share/man:/usr/local/man:/usr/local/cmake-3.9.2/man:/usr/local/clang-5.0.0/share/man:/usr/local/share/man:/usr/share/man:/home/travis/.rvm/man" />
    <property name="env.COMPOSER_NO_INTERACTION" value="1" />
    <property name="env.JDK_SWITCHER_DEFAULT" value="oraclejdk8" />
    <property name="env.TRAVIS_TIMER_ID" value="006c9ea0" />
    <property name="ant.file" value="/home/travis/build/icyphy/ptII/build.xml" />
    <property name="env.TRAVIS_COMMIT_RANGE" value="cdf011915240a8a4144e92c06adf27b4fd123c97...67555cc8f7f8bee349ae8a97249408c1f5190cda" />
    <property name="env._system_name" value="Ubuntu" />
    <property name="timeout" value="2400000" />
    <property name="ptII.classpath.optional.property" value="/home/travis/build/icyphy/ptII/lib/bsh-2.0b4.jar:/home/travis/build/icyphy/ptII/lib/ptCal.jar:/home/travis/build/icyphy/ptII/lib/java_cup.jar:/home/travis/build/icyphy/ptII/lib/saxon8.jar:/home/travis/build/icyphy/ptII/lib/saxon8-dom.jar:/home/travis/build/icyphy/ptII/lib/chic.jar:/home/travis/build/icyphy/ptII/lib/ptcolt.jar:/usr/lib/jvm/java-8-oracle/lib/tools.jar:/home/travis/build/icyphy/ptII/vendors/misc/itext/iText.jar:/home/travis/build/icyphy/ptII/lib/g4ltl.jar:/home/travis/build/icyphy/ptII/lib/StructuralCoder.jar:/home/travis/build/icyphy/ptII/vendors/jai-1_1_2_01/lib/jai_core.jar:/home/travis/build/icyphy/ptII/vendors/jai-1_1_2_01/lib/jai_codec.jar:/home/travis/build/icyphy/ptII/lib/jcerti.jar:/home/travis/build/icyphy/ptII/lib/javax.mail.jar:/home/travis/build/icyphy/ptII/vendors/JMF-2.1.1e/lib/jmf.jar:/home/travis/build/icyphy/ptII/lib/jna-4.0.0-variadic.jar:/home/travis/build/icyphy/ptII/vendors/misc/joystick/Joystick.jar:/home/travis/build/icyphy/ptII/lib/ptjacl.jar:/home/travis/build/icyphy/ptII/lib/jsoup-1.8.2.jar:/home/travis/build/icyphy/ptII/lib/junit-4.8.2.jar:/home/travis/build/icyphy/ptII/lib/JUnitParams-0.4.0.jar:/home/travis/build/icyphy/ptII/ptolemy/actor/lib/excel/jxl.jar:/home/travis/build/icyphy/ptII/lib/jython.jar:/home/travis/build/icyphy/ptII/lib/kieler.jar:/home/travis/build/icyphy/ptII/vendors/opencv/share/OpenCV/java/opencv-341.jar:/home/travis/build/icyphy/ptII/lib/oscP5.jar:/home/travis/build/icyphy/ptII/lib/nrjavaserial-3.11.0.devel.jar:/home/travis/build/icyphy/ptII/vendors/j3d/lib/j3dcore.jar:/home/travis/build/icyphy/ptII/vendors/j3d/lib/j3dutils.jar:/home/travis/build/icyphy/ptII/vendors/j3d/lib/vecmath.jar:/home/travis/build/icyphy/ptII/ptolemy/distributed/jini/jar/jini-core.jar:/home/travis/build/icyphy/ptII/ptolemy/distributed/jini/jar/jini-ext.jar:/home/travis/build/icyphy/ptII/ptolemy/distributed/jini/jar/sun-util.jar:/home/travis/build/icyphy/ptII/lib/protobuf-java-2.4.1.jar:/home/travis/build/icyphy/ptII/lib/org.eclipse.paho.client.mqttv3.jar:/home/travis/build/icyphy/ptII/lib/mapss.jar:/home/travis/build/icyphy/ptII/ptolemy/actor/ptalon/antlr/antlr.jar:/home/travis/build/icyphy/ptII/lib/JRI.jar:/home/travis/build/icyphy/ptII/lib/commons-lang-2.6.jar:/home/travis/build/icyphy/ptII/lib/commons-logging-1.1.1.jar:/home/travis/build/icyphy/ptII/lib/sootclasses.jar:/home/travis/build/icyphy/ptII/ptolemy/actor/lib/database/mysql-connector-java-5.1.6-bin.jar:/home/travis/build/icyphy/ptII/vendors/misc/sphinx4/sphinx4-data-5prealpha.jar:/home/travis/build/icyphy/ptII/vendors/misc/sphinx4/sphinx4-core-5prealpha.jar:/home/travis/build/icyphy/ptII/lib/PDFRenderer.jar:/home/travis/build/icyphy/ptII/lib/svgSalamander.jar:/home/travis/build/icyphy/ptII/lib/rsyntaxtextarea-2.6.0-SNAPSHOT.jar:/home/travis/build/icyphy/ptII/lib/hazelcast-3.8.2.jar:/home/travis/build/icyphy/ptII/lib/jackson-annotations-2.9.0.jar:/home/travis/build/icyphy/ptII/lib/jackson-core-2.9.3.jar:/home/travis/build/icyphy/ptII/lib/jackson-databind-2.9.3.jar:/home/travis/build/icyphy/ptII/lib/netty-buffer-4.1.19.Final.jar:/home/travis/build/icyphy/ptII/lib/netty-codec-4.1.19.Final.jar:/home/travis/build/icyphy/ptII/lib/netty-codec-dns-4.1.19.Final.jar:/home/travis/build/icyphy/ptII/lib/netty-codec-http-4.1.19.Final.jar:/home/travis/build/icyphy/ptII/lib/netty-codec-http2-4.1.19.Final.jar:/home/travis/build/icyphy/ptII/lib/netty-common-4.1.19.Final.jar:/home/travis/build/icyphy/ptII/lib/netty-handler-4.1.19.Final.jar:/home/travis/build/icyphy/ptII/lib/netty-resolver-4.1.19.Final.jar:/home/travis/build/icyphy/ptII/lib/netty-resolver-dns-4.1.19.Final.jar:/home/travis/build/icyphy/ptII/lib/netty-transport-4.1.19.Final.jar:/home/travis/build/icyphy/ptII/lib/vertx-codegen-3.5.1.jar:/home/travis/build/icyphy/ptII/lib/vertx-core-3.5.2-SNAPSHOT.jar:/home/travis/build/icyphy/ptII/lib/vertx-hazelcast-3.5.1.jar:/home/travis/build/icyphy/ptII/lib/vertx-lang-js-3.5.1.jar:/home/travis/build/icyphy/ptII/lib/vertx-service-proxy-3.5.1.jar:/home/travis/build/icyphy/ptII/lib/vertx-web-3.5.1.jar:/home/travis/build/icyphy/ptII/lib/slf4j-api-1.7.13.jar:/home/travis/build/icyphy/ptII/lib/slf4j-simple-1.7.13.jar:/home/travis/build/icyphy/ptII/lib/webcam-capture-0.3.12.jar:/home/travis/build/icyphy/ptII/lib/bridj-0.7.0.jar:/home/travis/build/icyphy/ptII/lib/xbjlib-1.1.0.nrjavaserial.jar" />
    <property name="test.batch" value="**/junit/*.java" />
    <property name="env._" value="/usr/bin/timeout" />
    <property name="java.io.tmpdir" value="/tmp" />
    <property name="env.TRAVIS_INTERNAL_RUBY_REGEX" value="^ruby-(2\.[0-4]\.[0-9]|1\.9\.3)" />
    <property name="user.language" value="en" />
    <property name="env.HISTCONTROL" value="ignoredups:ignorespace" />
    <property name="env.GOROOT" value="/home/travis/.gimme/versions/go1.7.4.linux.amd64" />
    <property name="line.separator" value="&#xa;" />
    <property name="target" value="1.8" />
    <property name="env.TRAVIS_BUILD_DIR" value="/home/travis/build/icyphy/ptII" />
    <property name="env.ANT_OPTS" value="-Xmx2048m" />
    <property name="ant.file.type" value="file" />
    <property name="ptolemy.ptII.batchMode" value="true" />
    <property name="env.HISTSIZE" value="1000" />
    <property name="env.MERB_ENV" value="test" />
    <property name="java.vm.info" value="mixed mode" />
    <property name="source" value="1.8" />
    <property name="java.vm.specification.name" value="Java Virtual Machine Specification" />
    <property name="env.TRAVIS_TEST_RESULT" value="0" />
    <property name="jsdoc.command" value="node_modules/@terraswarm/jsdoc/jsdoc.js" />
    <property name="npm.works" value="true" />
    <property name="cobertura.dir" value="/home/travis/build/icyphy/ptII/vendors/cobertura-2.0.3" />
    <property name="env.rvm_path" value="/home/travis/.rvm" />
    <property name="env.GEM_PATH" value="/home/travis/.rvm/gems/ruby-2.4.1:/home/travis/.rvm/gems/ruby-2.4.1@global" />
    <property name="env.LC_CTYPE" value="en_US.UTF-8" />
    <property name="java.awt.printerjob" value="sun.print.PSPrinterJob" />
    <property name="env.TRAVIS_CMD" value="$PTII/bin/ptIITravisBuild.sh $SECONDS" />
    <property name="env.TRAVIS_STACK_NAME" value="garnet" />
    <property name="env.TRAVIS_TIMER_START_TIME" value="1553054639996699182" />
    <property name="ant.version" value="Apache Ant(TM) version 1.10.1 compiled on February 2 2017" />
    <property name="ptII.reports" value="/home/travis/build/icyphy/ptII/reports" />
    <property name="env.TRAVIS_STACK_TIMESTAMP" value="2017-12-05 19:33:09 UTC" />
    <property name="ant.file.type.ptII" value="file" />
    <property name="env.RBENV_SHELL" value="bash" />
    <property name="os.name" value="Linux" />
    <property name="java.specification.vendor" value="Oracle Corporation" />
    <property name="env.rvm_version" value="1.29.3 (latest)" />
    <property name="env.TRAVIS_INFRA" value="gce" />
    <property name="env.TERM" value="xterm" />
    <property name="java.vm.name" value="Java HotSpot(TM) 64-Bit Server VM" />
    <property name="env.TRAVIS_BUILD_NUMBER" value="1054" />
    <property name="env.CI" value="true" />
    <property name="java.library.path" value="/home/travis/pthla/certi-tools/lib:/usr/lib/jni:/usr/local/share/OpenCV/java/:/usr/share/OpenCV/java::/usr/java/packages/lib/amd64:/usr/lib64:/lib64:/lib:/usr/lib" />
    <property name="env.rvm_prefix" value="/home/travis" />
    <property name="env.PATH" value="/home/travis/pthla/certi-tools/share/scripts:/home/travis/.rvm/gems/ruby-2.4.1/bin:/home/travis/.rvm/gems/ruby-2.4.1@global/bin:/home/travis/.rvm/rubies/ruby-2.4.1/bin:/home/travis/.rvm/bin:/home/travis/.nvm/versions/node/v7.10.1/bin:./node_modules/.bin:/home/travis/build/icyphy/ptII/bin:/home/travis/pthla/certi-tools/bin:/home/travis/bin:/home/travis/.local/bin:/opt/pyenv/shims:/home/travis/.phpenv/shims:/home/travis/perl5/perlbrew/bin:/home/travis/.kiex/elixirs/elixir-1.4.5/bin:/home/travis/.kiex/bin:/home/travis/gopath/bin:/home/travis/.gimme/versions/go1.7.4.linux.amd64/bin:/usr/local/phantomjs/bin:/usr/local/phantomjs:/usr/local/neo4j-3.2.7/bin:/usr/local/maven-3.5.2/bin:/usr/local/cmake-3.9.2/bin:/usr/local/clang-5.0.0/bin:/usr/local/sbin:/usr/local/bin:/usr/sbin:/usr/bin:/sbin:/bin:/home/travis/.phpenv/bin:/opt/pyenv/bin:/home/travis/.yarn/bin" />
    <property name="env.TRAVIS_OS_NAME" value="linux" />
    <property name="ant.java.version" value="1.8" />
    <property name="basedir" value="/home/travis/build/icyphy/ptII" />
    <property name="java.class.version" value="52.0" />
    <property name="env.SHLVL" value="3" />
    <property name="env.LD_LIBRARY_PATH" value="/home/travis/pthla/certi-tools/lib:/usr/lib/jni:/usr/local/share/OpenCV/java/:/usr/share/OpenCV/java:" />
    <property name="env.RACK_ENV" value="test" />
    <property name="ant.home" value="/home/travis/build/icyphy/ptII/ant" />
    <property name="env.PERLBREW_BASHRC_VERSION" value="0.80" />
    <property name="env.NVM_DIR" value="/home/travis/.nvm" />
    <property name="env.TRAVIS_BUILD_ID" value="508727262" />
    <property name="env.CERTI_FOM_PATH" value="/home/travis/pthla/certi-tools/share/federations" />
    <property name="env.PYENV_ROOT" value="/opt/pyenv" />
    <property name="env.TRAVIS_UID" value="2000" />
    <property name="env.rvm_pretty_print_flag" value="auto" />
    <property name="env.NVM_BIN" value="/home/travis/.nvm/versions/node/v7.10.1/bin" />
    <property name="env.TRAVIS_COMMIT" value="67555cc8f7f8bee349ae8a97249408c1f5190cda" />
    <property name="env._system_arch" value="x86_64" />
    <property name="node.executable" value="node" />
    <property name="sun.boot.library.path" value="/usr/lib/jvm/java-8-oracle/jre/lib/amd64" />
    <property name="sun.management.compiler" value="HotSpot 64-Bit Tiered Compilers" />
    <property name="env.GOPATH" value="/home/travis/gopath" />
    <property name="java.awt.graphicsenv" value="sun.awt.X11GraphicsEnvironment" />
    <property name="ptolemy.ptII.dir" value="/home/travis/build/icyphy/ptII" />
    <property name="env.USER" value="travis" />
    <property name="env.HISTFILESIZE" value="2000" />
    <property name="timeout.longest" value="19000000" />
    <property name="env.TRAVIS_STACK_FEATURES" value="basic cassandra chromium couchdb disabled-ipv6 docker docker-compose elasticsearch firefox go-toolchain google-chrome jdk memcached mongodb mysql neo4j nodejs_interpreter perl_interpreter perlbrew phantomjs postgresql python_interpreter rabbitmq redis riak ruby_interpreter sqlite xserver" />
    <property name="env.TRAVIS_PULL_REQUEST" value="false" />
    <property name="env.PYENV_SHELL" value="bash" />
    <property name="ant.project.name" value="ptII" />
    <property name="java.vm.specification.version" value="1.8" />
    <property name="env.ANSI_RESET" value="\033[0m" />
    <property name="env.TRAVIS_DIST" value="trusty" />
    <property name="env.CERTI_VERSION" value="4.0.0" />
    <property name="env.NLSPATH" value="/usr/dt/lib/nls/msg/%L/%N.cat" />
    <property name="awt.toolkit" value="sun.awt.X11.XToolkit" />
    <property name="env.CERTI_HOST" value="localhost" />
    <property name="env.MY_RUBY_HOME" value="/home/travis/.rvm/rubies/ruby-2.4.1" />
    <property name="sun.cpu.isalist" value="" />
    <property name="env.TRAVIS_TMPDIR" value="/tmp/tmp.pnFbeKovJ8" />
    <property name="java.ext.dirs" value="/usr/lib/jvm/java-8-oracle/jre/lib/ext:/usr/java/packages/lib/ext" />
    <property name="os.version" value="4.4.0-101-generic" />
    <property name="user.home" value="/home/travis" />
    <property name="env.MIX_ARCHIVES" value="/home/travis/.kiex/mix/elixir-1.4.5" />
    <property name="java.vm.vendor" value="Oracle Corporation" />
    <property name="env.TRAVIS_TAG" value="nightly" />
    <property name="env.ANSI_YELLOW" value="\033[33;1m" />
    <property name="env.TRAVIS_FILTERED" value="redirect_io" />
    <property name="env.ANSI_GREEN" value="\033[32;1m" />
    <property name="env.JAVA_HOME" value="/usr/lib/jvm/java-8-oracle" />
    <property name="env.PTII" value="/home/travis/build/icyphy/ptII" />
    <property name="javadoc.excludepackagenames" value="adm.cvs2svn.*,build.*,config.*,doc.coding.templates.*,jni.test.jni.meaningOfLife.*,jni.test.jni.testDeux.*,jni.test.jni.testTrois.*,org.terraswarm.accessor.accessors.web.node_modules.*,org.terraswarm.accessor.accessors.web.hosts.cordova.demo.*,org.terraswarm.accessor.accessors.web.hosts.cordova.plugins.*,org.terraswarm.accessor.accessors-svn.*,pt-modules.*,ptolemy.apps.agilent.*,ptolemy.apps.anytimecontrol.*,ptolemy.apps.apes.*,ptolemy.apps.charon.*,ptolemy.apps.crazyboard.*,ptolemy.apps.eclipse.*,ptolemy.apps.etherealSting.*,ptolemy.apps.fullscreen.*,ptolemy.apps.giotto.*,ptolemy.apps.ia.*,ptolemy.apps.interfaces.*,ptolemy.apps.jmf.*,ptolemy.apps.kurt.*,ptolemy.apps.kvm.*,ptolemy.apps.lego.*,ptolemy.apps.lejos.*,ptolemy.apps.midp.*,ptolemy.apps.mobileCoding.*,ptolemy.apps.pendulum.*,ptolemy.apps.rijndael.*,ptolemy.apps.robot.*,ptolemy.apps.security.*,ptolemy.apps.sobel.*,ptolemy.apps.soot.*,ptolemy.apps.throttle.*,ptolemy.apps.tini.*,ptolemy.apps.transmission.*,ptolemy.apps.vergil.*,ptolemy.apps.waba.*,ptolemy.apps.websensor.*,ptolemy.apps.webstart.*,ptolemy.apps.xsl.*,ptolemy.apps.zaurus.*,ptolemy.codegen.c.actor.lib.oldJavaFiles.*,ptolemy.codegen.dsp.lib.*,ptolemy.codegen.kernel.newInterfaces.*,ptolemy.codegen.lib.*,ptolemy.copernicus.kernel.fragment.*,ptolemy.copernicus.shallow.cg.*,ptolemy.domains.giotto.demo.Hierarchy.Hierarchy.*,ptolemy.domains.giotto.demo.Multimode.Multimode.*,ptolemy.domains.giotto.demo.Simple.Simple.*,ptolemy.domains.gr.lib.experimental.*,ptolemy.domains.gro.*,ptolemy.domains.pdf.*,ptolemy.domains.ptinyos.demo.Surge.output.*,ptolemy.moml.test.NoPackageActor.java*,ptolemy.plot.adm.*,ptolemy.plot.servlet.*,reports.*,signed.*,src.*,target.*,vendors.*,ptolemy.apps.eclipse.awt.*,ptolemy.backtrack.*,ptolemy.backtrack.ast.*,ptolemy.cg.adapter.generic.program.procedural.c.mbed*,ptolemy.homer.*,org.ptolemy.scala.*,diva.util.java2d.svg.*,ptolemy.domains.ptinyos.*,ptolemy.actor.lib.fmi.fmipp.*,,org.terraswarm.accessor.accessors.web.node_modules.*,org.terraswarm.accessor.accessors-svn,ptolemy.apps.*,ptolemy.actor.ptalon.demo.ptinyos.SendAndReceiveCnt.output,ptolemy.actor.ptalon.demo.ptinyos.SenseToLeds.output,ptolemy.domains.ptinyos.demo.CntToLedsAndRfm.output,ptolemy.domains.ptinyos.demo.RfmToLeds.output,ptolemy.domains.ptinyos.demo.SendAndReceiveCnt.output,ptolemy.domains.ptinyos.demo.SenseToLeds.output,ptolemy.actor.lib.jjs.modules.udpSocket.*" />
    <property name="env.TRAVIS_COMMIT_MESSAGE" value="Fine tuned documentation and changed a tick2() to tick() and watch for stopRequested" />
    <property name="keystore" value="ptKeystore" />
    <property name="env.XDG_SESSION_ID" value="2" />
    <property name="junit.output.dir" value="/home/travis/build/icyphy/ptII/reports/junit" />
    <property name="npm.return.code" value="0" />
    <property name="user.dir" value="/home/travis/build/icyphy/ptII/ptolemy/domains/de/test" />
    <property name="env.TRAVIS_NODE_VERSION" value="7" />
    <property name="env.XFILESEARCHPATH" value="/usr/dt/app-defaults/%L/Dt" />
    <property name="env.TRAVIS_EVENT_TYPE" value="cron" />
    <property name="env.MAIL" value="/var/mail/travis" />
    <property name="env.PWD" value="/home/travis/build/icyphy/ptII" />
    <property name="env.PERLBREW_ROOT" value="/home/travis/perl5/perlbrew" />
    <property name="timeout.npm" value="45000" />
    <property name="env.PT_TRAVIS_TEST_CORE2_XML" value="true" />
    <property name="env.TRAVIS_ARCH" value="amd64" />
    <property name="env.PAGER" value="cat" />
    <property name="sun.cpu.endian" value="little" />
    <property name="env.TRAVIS_BUILD_STAGE_NAME" value="Test" />
    <property name="env.PERLBREW_HOME" value="/home/travis/.perlbrew" />
    <property name="env.RAILS_ENV" value="test" />
    <property name="java.vm.version" value="25.151-b12" />
    <property name="java.class.path" value="/home/travis/build/icyphy/ptII:/home/travis/build/icyphy/ptII/lib/bsh-2.0b4.jar:/home/travis/build/icyphy/ptII/lib/ptCal.jar:/home/travis/build/icyphy/ptII/lib/java_cup.jar:/home/travis/build/icyphy/ptII/lib/saxon8.jar:/home/travis/build/icyphy/ptII/lib/saxon8-dom.jar:/home/travis/build/icyphy/ptII/lib/chic.jar:/home/travis/build/icyphy/ptII/lib/ptcolt.jar:/usr/lib/jvm/java-8-oracle/lib/tools.jar:/home/travis/build/icyphy/ptII/vendors/misc/itext/iText.jar:/home/travis/build/icyphy/ptII/lib/g4ltl.jar:/home/travis/build/icyphy/ptII/lib/StructuralCoder.jar:/home/travis/build/icyphy/ptII/vendors/jai-1_1_2_01/lib/jai_core.jar:/home/travis/build/icyphy/ptII/vendors/jai-1_1_2_01/lib/jai_codec.jar:/home/travis/build/icyphy/ptII/lib/jcerti.jar:/home/travis/build/icyphy/ptII/lib/javax.mail.jar:/home/travis/build/icyphy/ptII/vendors/JMF-2.1.1e/lib/jmf.jar:/home/travis/build/icyphy/ptII/lib/jna-4.0.0-variadic.jar:/home/travis/build/icyphy/ptII/vendors/misc/joystick/Joystick.jar:/home/travis/build/icyphy/ptII/lib/ptjacl.jar:/home/travis/build/icyphy/ptII/lib/jsoup-1.8.2.jar:/home/travis/build/icyphy/ptII/lib/junit-4.8.2.jar:/home/travis/build/icyphy/ptII/lib/JUnitParams-0.4.0.jar:/home/travis/build/icyphy/ptII/ptolemy/actor/lib/excel/jxl.jar:/home/travis/build/icyphy/ptII/lib/jython.jar:/home/travis/build/icyphy/ptII/lib/kieler.jar:/home/travis/build/icyphy/ptII/vendors/opencv/share/OpenCV/java/opencv-341.jar:/home/travis/build/icyphy/ptII/lib/oscP5.jar:/home/travis/build/icyphy/ptII/lib/nrjavaserial-3.11.0.devel.jar:/home/travis/build/icyphy/ptII/vendors/j3d/lib/j3dcore.jar:/home/travis/build/icyphy/ptII/vendors/j3d/lib/j3dutils.jar:/home/travis/build/icyphy/ptII/vendors/j3d/lib/vecmath.jar:/home/travis/build/icyphy/ptII/ptolemy/distributed/jini/jar/jini-core.jar:/home/travis/build/icyphy/ptII/ptolemy/distributed/jini/jar/jini-ext.jar:/home/travis/build/icyphy/ptII/ptolemy/distributed/jini/jar/sun-util.jar:/home/travis/build/icyphy/ptII/lib/protobuf-java-2.4.1.jar:/home/travis/build/icyphy/ptII/lib/org.eclipse.paho.client.mqttv3.jar:/home/travis/build/icyphy/ptII/lib/mapss.jar:/home/travis/build/icyphy/ptII/ptolemy/actor/ptalon/antlr/antlr.jar:/home/travis/build/icyphy/ptII/lib/JRI.jar:/home/travis/build/icyphy/ptII/lib/commons-lang-2.6.jar:/home/travis/build/icyphy/ptII/lib/commons-logging-1.1.1.jar:/home/travis/build/icyphy/ptII/lib/sootclasses.jar:/home/travis/build/icyphy/ptII/ptolemy/actor/lib/database/mysql-connector-java-5.1.6-bin.jar:/home/travis/build/icyphy/ptII/vendors/misc/sphinx4/sphinx4-data-5prealpha.jar:/home/travis/build/icyphy/ptII/vendors/misc/sphinx4/sphinx4-core-5prealpha.jar:/home/travis/build/icyphy/ptII/lib/PDFRenderer.jar:/home/travis/build/icyphy/ptII/lib/svgSalamander.jar:/home/travis/build/icyphy/ptII/lib/rsyntaxtextarea-2.6.0-SNAPSHOT.jar:/home/travis/build/icyphy/ptII/lib/hazelcast-3.8.2.jar:/home/travis/build/icyphy/ptII/lib/jackson-annotations-2.9.0.jar:/home/travis/build/icyphy/ptII/lib/jackson-core-2.9.3.jar:/home/travis/build/icyphy/ptII/lib/jackson-databind-2.9.3.jar:/home/travis/build/icyphy/ptII/lib/netty-buffer-4.1.19.Final.jar:/home/travis/build/icyphy/ptII/lib/netty-codec-4.1.19.Final.jar:/home/travis/build/icyphy/ptII/lib/netty-codec-dns-4.1.19.Final.jar:/home/travis/build/icyphy/ptII/lib/netty-codec-http-4.1.19.Final.jar:/home/travis/build/icyphy/ptII/lib/netty-codec-http2-4.1.19.Final.jar:/home/travis/build/icyphy/ptII/lib/netty-common-4.1.19.Final.jar:/home/travis/build/icyphy/ptII/lib/netty-handler-4.1.19.Final.jar:/home/travis/build/icyphy/ptII/lib/netty-resolver-4.1.19.Final.jar:/home/travis/build/icyphy/ptII/lib/netty-resolver-dns-4.1.19.Final.jar:/home/travis/build/icyphy/ptII/lib/netty-transport-4.1.19.Final.jar:/home/travis/build/icyphy/ptII/lib/vertx-codegen-3.5.1.jar:/home/travis/build/icyphy/ptII/lib/vertx-core-3.5.2-SNAPSHOT.jar:/home/travis/build/icyphy/ptII/lib/vertx-hazelcast-3.5.1.jar:/home/travis/build/icyphy/ptII/lib/vertx-lang-js-3.5.1.jar:/home/travis/build/icyphy/ptII/lib/vertx-service-proxy-3.5.1.jar:/home/travis/build/icyphy/ptII/lib/vertx-web-3.5.1.jar:/home/travis/build/icyphy/ptII/lib/slf4j-api-1.7.13.jar:/home/travis/build/icyphy/ptII/lib/slf4j-simple-1.7.13.jar:/home/travis/build/icyphy/ptII/lib/webcam-capture-0.3.12.jar:/home/travis/build/icyphy/ptII/lib/bridj-0.7.0.jar:/home/travis/build/icyphy/ptII/lib/xbjlib-1.1.0.nrjavaserial.jar:/home/travis/build/icyphy/ptII/ptolemy/moml/test:/home/travis/build/icyphy/ptII/ant/lib/ant-launcher.jar:/home/travis/build/icyphy/ptII/ant/lib/ant.jar:/home/travis/build/icyphy/ptII/ant/lib/ant-junit.jar:/home/travis/build/icyphy/ptII/ant/lib/ant-junit4.jar" />
    <property name="ant.library.dir" value="/home/travis/build/icyphy/ptII/ant/lib" />
    <property name="os.arch" value="amd64" />
    <property name="env.TRAVIS_LANGUAGE" value="node_js" />
    <property name="env.CONTINUOUS_INTEGRATION" value="true" />
    <property name="env.TRAVIS_STACK_LANGUAGES" value="__garnet__ c c++ clojure cplusplus cpp default go groovy java node_js php pure_java python ruby scala" />
    <property name="test.name" value="ptolemy.actor.lib.test.junit.JUnitTclTest" />
    <property name="sun.java.launcher" value="SUN_STANDARD" />
    <property name="env.PYTHON_CONFIGURE_OPTS" value="--enable-unicode=ucs4 --with-wide-unicode --enable-shared --enable-ipv6 --enable-loadable-sqlite-extensions --with-computed-gotos" />
    <property name="ant.core.lib" value="/home/travis/build/icyphy/ptII/ant/lib/ant.jar" />
    <property name="java.vm.specification.vendor" value="Oracle Corporation" />
    <property name="env.BCVTB_HOME" value="/home/travis/build/icyphy/ptII/lbnl" />
    <property name="file.separator" value="/" />
    <property name="spotbugs.home" value="/home/travis/build/icyphy/ptII/vendors/spotbugs-3.1.1" />
    <property name="java.runtime.version" value="1.8.0_151-b12" />
    <property name="sun.boot.class.path" value="/usr/lib/jvm/java-8-oracle/jre/lib/resources.jar:/usr/lib/jvm/java-8-oracle/jre/lib/rt.jar:/usr/lib/jvm/java-8-oracle/jre/lib/sunrsasign.jar:/usr/lib/jvm/java-8-oracle/jre/lib/jsse.jar:/usr/lib/jvm/java-8-oracle/jre/lib/jce.jar:/usr/lib/jvm/java-8-oracle/jre/lib/charsets.jar:/usr/lib/jvm/java-8-oracle/jre/lib/jfr.jar:/usr/lib/jvm/java-8-oracle/jre/classes" />
    <property name="env.ANSI_CLEAR" value="\033[0K" />
    <property name="env.HAS_JOSH_K_SEAL_OF_APPROVAL" value="true" />
    <property name="env.XDG_RUNTIME_DIR" value="/run/user/2000" />
    <property name="env.TRAVIS_OSX_IMAGE" value="" />
    <property name="env.TRAVIS_BRANCH" value="master" />
    <property name="env.TRAVIS_JOB_ID" value="508727271" />
    <property name="user.country" value="US" />
    <property name="env.CERTI_HOME_TRAVIS" value="/home/travis/pthla/certi-tools" />
    <property name="env.SHELL" value="/bin/bash" />
    <property name="java.maxmemory.large" value="5000m" />
    <property name="model" value="" />
    <property name="env.CASHER_DIR" value="/home/travis/.casher" />
    <property name="env.NVM_CD_FLAGS" value="" />
    <property name="jshint.executable" value="/home/travis/node_modules/jshint/bin/jshint" />
    <property name="java.vendor" value="Oracle Corporation" />
    <property name="env.JRUBY_OPTS" value=" --client -J-XX:+TieredCompilation -J-XX:TieredStopAtLevel=1 -J-Xss2m -Xcompile.invokedynamic=false" />
    <property name="env.TRAVIS_PRE_CHEF_BOOTSTRAP_TIME" value="2017-12-05T19:32:55" />
    <property name="env.TRAVIS_STACK_JOB_BOARD_REGISTER" value="/.job-board-register.yml" />
    <property name="env.ELIXIR_VERSION" value="1.4.5" />
    <property name="env.ANSI_RED" value="\033[31;1m" />
    <property name="java.specification.version" value="1.8" />
    <property name="env.TRAVIS" value="true" />
    <property name="env.IRBRC" value="/home/travis/.rvm/rubies/ruby-2.4.1/.irbrc" />
    <property name="sun.arch.data.model" value="64" />
  </properties>
  <testcase classname="ptolemy.util.test.junit.TclTests" name="[0] /home/travis/build/icyphy/ptII/ptolemy/domains/de/test/DependencyLoop.tcl (RunTclFile)" time="0.758" />
  <testcase classname="ptolemy.util.test.junit.TclTests" name="[1] /home/travis/build/icyphy/ptII/ptolemy/domains/de/test/RunDETestsAsQSS.tcl (RunTclFile)" time="86.06" />
  <testcase classname="ptolemy.util.test.junit.AutoKnownFailedTests" name="[0] /home/travis/build/icyphy/ptII/ptolemy/domains/de/test/auto/knownFailedTests/DESDFClockTest.xml (RunModel)" time="2.026" />
  <testcase classname="ptolemy.util.test.junit.AutoKnownFailedTests" name="[1] /home/travis/build/icyphy/ptII/ptolemy/domains/de/test/auto/knownFailedTests/DirectFeedback.xml (RunModel)" time="0.011" />
  <testcase classname="ptolemy.util.test.junit.AutoKnownFailedTests" name="[2] /home/travis/build/icyphy/ptII/ptolemy/domains/de/test/auto/knownFailedTests/FSMSource.xml (RunModel)" time="0.019" />
  <testcase classname="ptolemy.util.test.junit.AutoKnownFailedTests" name="[3] /home/travis/build/icyphy/ptII/ptolemy/domains/de/test/auto/knownFailedTests/HierarchicalModel.xml (RunModel)" time="0.028" />
  <testcase classname="ptolemy.util.test.junit.AutoKnownFailedTests" name="[4] /home/travis/build/icyphy/ptII/ptolemy/domains/de/test/auto/knownFailedTests/dependencyLoop.xml (RunModel)" time="0.025" />
  <testcase classname="ptolemy.util.test.junit.AutoKnownFailedTests" name="[5] /home/travis/build/icyphy/ptII/ptolemy/domains/de/test/auto/knownFailedTests/dependencyLoop2.xml (RunModel)" time="0.032" />
  <testcase classname="ptolemy.util.test.junit.AutoNameArchTests" name="[0] ThereAreNoAutoArchTests (RunModel)" time="0.004" />
  <testcase classname="ptolemy.util.test.junit.AutoTests" name="[0] /home/travis/build/icyphy/ptII/ptolemy/domains/de/test/auto/ActorDepthCalculation_actorWithoutPorts.xml (RunModel)" time="0.015" />
  <testcase classname="ptolemy.util.test.junit.AutoTests" name="[1] /home/travis/build/icyphy/ptII/ptolemy/domains/de/test/auto/AssemblyLine.xml (RunModel)" time="0.018" />
  <testcase classname="ptolemy.util.test.junit.AutoTests" name="[2] /home/travis/build/icyphy/ptII/ptolemy/domains/de/test/auto/CQBug1.xml (RunModel)" time="0.012" />
  <testcase classname="ptolemy.util.test.junit.AutoTests" name="[3] /home/travis/build/icyphy/ptII/ptolemy/domains/de/test/auto/CancelFireAt.xml (RunModel)" time="0.009" />
  <testcase classname="ptolemy.util.test.junit.AutoTests" name="[4] /home/travis/build/icyphy/ptII/ptolemy/domains/de/test/auto/CausalityAndComposabilityAnalysis.xml (RunModel)" time="0.01" />
  <testcase classname="ptolemy.util.test.junit.AutoTests" name="[5] /home/travis/build/icyphy/ptII/ptolemy/domains/de/test/auto/CausalityInterface1.xml (RunModel)" time="0.01" />
  <testcase classname="ptolemy.util.test.junit.AutoTests" name="[6] /home/travis/build/icyphy/ptII/ptolemy/domains/de/test/auto/CausalityInterface15.xml (RunModel)" time="0.01" />
  <testcase classname="ptolemy.util.test.junit.AutoTests" name="[7] /home/travis/build/icyphy/ptII/ptolemy/domains/de/test/auto/CausalityInterface2.xml (RunModel)" time="0.008" />
  <testcase classname="ptolemy.util.test.junit.AutoTests" name="[8] /home/travis/build/icyphy/ptII/ptolemy/domains/de/test/auto/CausalityInterface3.xml (RunModel)" time="0.008" />
  <testcase classname="ptolemy.util.test.junit.AutoTests" name="[9] /home/travis/build/icyphy/ptII/ptolemy/domains/de/test/auto/ClockDrift.xml (RunModel)" time="0.023" />
  <testcase classname="ptolemy.util.test.junit.AutoTests" name="[10] /home/travis/build/icyphy/ptII/ptolemy/domains/de/test/auto/ClockDriftAndValueChange.xml (RunModel)" time="0.022" />
  <testcase classname="ptolemy.util.test.junit.AutoTests" name="[11] /home/travis/build/icyphy/ptII/ptolemy/domains/de/test/auto/ClockDriftChange.xml (RunModel)" time="0.024" />
  <testcase classname="ptolemy.util.test.junit.AutoTests" name="[12] /home/travis/build/icyphy/ptII/ptolemy/domains/de/test/auto/ComposableCausalityAnalysis.xml (RunModel)" time="0.013" />
  <testcase classname="ptolemy.util.test.junit.AutoTests" name="[13] /home/travis/build/icyphy/ptII/ptolemy/domains/de/test/auto/DEFixedPointLimitation.xml (RunModel)" time="0.009" />
  <testcase classname="ptolemy.util.test.junit.AutoTests" name="[14] /home/travis/build/icyphy/ptII/ptolemy/domains/de/test/auto/DEScheduleTest.xml (RunModel)" time="0.007" />
  <testcase classname="ptolemy.util.test.junit.AutoTests" name="[15] /home/travis/build/icyphy/ptII/ptolemy/domains/de/test/auto/DEinDEwithStartTimes.xml (RunModel)" time="0.008" />
  <testcase classname="ptolemy.util.test.junit.AutoTests" name="[16] /home/travis/build/icyphy/ptII/ptolemy/domains/de/test/auto/DEinDEwithStartTimes2.xml (RunModel)" time="0.013" />
  <testcase classname="ptolemy.util.test.junit.AutoTests" name="[17] /home/travis/build/icyphy/ptII/ptolemy/domains/de/test/auto/DateDemo.xml (RunModel)" time="0.021" />
  <testcase classname="ptolemy.util.test.junit.AutoTests" name="[18] /home/travis/build/icyphy/ptII/ptolemy/domains/de/test/auto/DateToEvent.xml (RunModel)" time="2.025" />
  <testcase classname="ptolemy.util.test.junit.AutoTests" name="[19] /home/travis/build/icyphy/ptII/ptolemy/domains/de/test/auto/DepthTest1.xml (RunModel)" time="0.009" />
  <testcase classname="ptolemy.util.test.junit.AutoTests" name="[20] /home/travis/build/icyphy/ptII/ptolemy/domains/de/test/auto/DepthTest2.xml (RunModel)" time="0.013" />
  <testcase classname="ptolemy.util.test.junit.AutoTests" name="[21] /home/travis/build/icyphy/ptII/ptolemy/domains/de/test/auto/DepthTest3.xml (RunModel)" time="0.005" />
  <testcase classname="ptolemy.util.test.junit.AutoTests" name="[22] /home/travis/build/icyphy/ptII/ptolemy/domains/de/test/auto/DepthTest4.xml (RunModel)" time="0.007" />
  <testcase classname="ptolemy.util.test.junit.AutoTests" name="[23] /home/travis/build/icyphy/ptII/ptolemy/domains/de/test/auto/DepthTest5.xml (RunModel)" time="0.009" />
  <testcase classname="ptolemy.util.test.junit.AutoTests" name="[24] /home/travis/build/icyphy/ptII/ptolemy/domains/de/test/auto/DepthTest6.xml (RunModel)" time="0.008" />
  <testcase classname="ptolemy.util.test.junit.AutoTests" name="[25] /home/travis/build/icyphy/ptII/ptolemy/domains/de/test/auto/DepthTest7.xml (RunModel)" time="0.008" />
  <testcase classname="ptolemy.util.test.junit.AutoTests" name="[26] /home/travis/build/icyphy/ptII/ptolemy/domains/de/test/auto/EventToDate.xml (RunModel)" time="3.022" />
  <testcase classname="ptolemy.util.test.junit.AutoTests" name="[27] /home/travis/build/icyphy/ptII/ptolemy/domains/de/test/auto/FSM1.xml (RunModel)" time="0.025" />
  <testcase classname="ptolemy.util.test.junit.AutoTests" name="[28] /home/travis/build/icyphy/ptII/ptolemy/domains/de/test/auto/FSM7.xml (RunModel)" time="0.033" />
  <testcase classname="ptolemy.util.test.junit.AutoTests" name="[29] /home/travis/build/icyphy/ptII/ptolemy/domains/de/test/auto/Inspection.xml (RunModel)" time="0.033" />
  <testcase classname="ptolemy.util.test.junit.AutoTests" name="[30] /home/travis/build/icyphy/ptII/ptolemy/domains/de/test/auto/Iteration.xml (RunModel)" time="0.029" />
  <testcase classname="ptolemy.util.test.junit.AutoTests" name="[31] /home/travis/build/icyphy/ptII/ptolemy/domains/de/test/auto/LineFault.xml (RunModel)" time="0.595" />
  <testcase classname="ptolemy.util.test.junit.AutoTests" name="[32] /home/travis/build/icyphy/ptII/ptolemy/domains/de/test/auto/MergeModel1Add.xml (RunModel)" time="0.037" />
  <testcase classname="ptolemy.util.test.junit.AutoTests" name="[33] /home/travis/build/icyphy/ptII/ptolemy/domains/de/test/auto/MergeModel2Add.xml (RunModel)" time="0.042" />
  <testcase classname="ptolemy.util.test.junit.AutoTests" name="[34] /home/travis/build/icyphy/ptII/ptolemy/domains/de/test/auto/MergeModel3Add.xml (RunModel)" time="0.043" />
  <testcase classname="ptolemy.util.test.junit.AutoTests" name="[35] /home/travis/build/icyphy/ptII/ptolemy/domains/de/test/auto/MergeWithoutDiscard.xml (RunModel)" time="0.01" />
  <testcase classname="ptolemy.util.test.junit.AutoTests" name="[36] /home/travis/build/icyphy/ptII/ptolemy/domains/de/test/auto/Modal1.xml (RunModel)" time="0.031" />
  <testcase classname="ptolemy.util.test.junit.AutoTests" name="[37] /home/travis/build/icyphy/ptII/ptolemy/domains/de/test/auto/Modal2.xml (RunModel)" time="0.033" />
  <testcase classname="ptolemy.util.test.junit.AutoTests" name="[38] /home/travis/build/icyphy/ptII/ptolemy/domains/de/test/auto/Modal3.xml (RunModel)" time="0.032" />
  <testcase classname="ptolemy.util.test.junit.AutoTests" name="[39] /home/travis/build/icyphy/ptII/ptolemy/domains/de/test/auto/Modal4.xml (RunModel)" time="0.028" />
  <testcase classname="ptolemy.util.test.junit.AutoTests" name="[40] /home/travis/build/icyphy/ptII/ptolemy/domains/de/test/auto/Modal5.xml (RunModel)" time="0.028" />
  <testcase classname="ptolemy.util.test.junit.AutoTests" name="[41] /home/travis/build/icyphy/ptII/ptolemy/domains/de/test/auto/Modal6.xml (RunModel)" time="0.027" />
  <testcase classname="ptolemy.util.test.junit.AutoTests" name="[42] /home/travis/build/icyphy/ptII/ptolemy/domains/de/test/auto/Modal7.xml (RunModel)" time="0.029" />
  <testcase classname="ptolemy.util.test.junit.AutoTests" name="[43] /home/travis/build/icyphy/ptII/ptolemy/domains/de/test/auto/ModalModel.xml (RunModel)" time="0.163" />
  <testcase classname="ptolemy.util.test.junit.AutoTests" name="[44] /home/travis/build/icyphy/ptII/ptolemy/domains/de/test/auto/ModalSource.xml (RunModel)" time="0.013" />
  <testcase classname="ptolemy.util.test.junit.AutoTests" name="[45] /home/travis/build/icyphy/ptII/ptolemy/domains/de/test/auto/NonInterruptibleTimerZeroDelay.xml (RunModel)" time="0.006" />
  <testcase classname="ptolemy.util.test.junit.AutoTests" name="[46] /home/travis/build/icyphy/ptII/ptolemy/domains/de/test/auto/OpenQueueingNetwork.xml (RunModel)" time="1.918" />
  <testcase classname="ptolemy.util.test.junit.AutoTests" name="[47] /home/travis/build/icyphy/ptII/ptolemy/domains/de/test/auto/OpenQueuingNetwork.xml (RunModel)" time="0.251" />
  <testcase classname="ptolemy.util.test.junit.AutoTests" name="[48] /home/travis/build/icyphy/ptII/ptolemy/domains/de/test/auto/PeriodicSampler.xml (RunModel)" time="0.006" />
  <testcase classname="ptolemy.util.test.junit.AutoTests" name="[49] /home/travis/build/icyphy/ptII/ptolemy/domains/de/test/auto/PersistentIO.xml (RunModel)" time="0.016" />
  <testcase classname="ptolemy.util.test.junit.AutoTests" name="[50] /home/travis/build/icyphy/ptII/ptolemy/domains/de/test/auto/PortParameterResetOnInitialize.xml (RunModel)" time="0.007" />
  <testcase classname="ptolemy.util.test.junit.AutoTests" name="[51] /home/travis/build/icyphy/ptII/ptolemy/domains/de/test/auto/PortParameterUpdates.xml (RunModel)" time="0.033" />
  <testcase classname="ptolemy.util.test.junit.AutoTests" name="[52] /home/travis/build/icyphy/ptII/ptolemy/domains/de/test/auto/QueueAndServer.xml (RunModel)" time="0.024" />
  <testcase classname="ptolemy.util.test.junit.AutoTests" name="[53] /home/travis/build/icyphy/ptII/ptolemy/domains/de/test/auto/Records.xml (RunModel)" time="0.017" />
  <testcase classname="ptolemy.util.test.junit.AutoTests" name="[54] /home/travis/build/icyphy/ptII/ptolemy/domains/de/test/auto/ResetTransitionWithStartTime1.xml (RunModel)" time="0.016" />
  <testcase classname="ptolemy.util.test.junit.AutoTests" name="[55] /home/travis/build/icyphy/ptII/ptolemy/domains/de/test/auto/ResetTransitionWithStartTime2.xml (RunModel)" time="0.015" />
  <testcase classname="ptolemy.util.test.junit.AutoTests" name="[56] /home/travis/build/icyphy/ptII/ptolemy/domains/de/test/auto/ResetTransitionWithStartTime3.xml (RunModel)" time="0.017" />
  <testcase classname="ptolemy.util.test.junit.AutoTests" name="[57] /home/travis/build/icyphy/ptII/ptolemy/domains/de/test/auto/ResetTransitionWithStartTime4.xml (RunModel)" time="0.017" />
  <testcase classname="ptolemy.util.test.junit.AutoTests" name="[58] /home/travis/build/icyphy/ptII/ptolemy/domains/de/test/auto/ResettableTimer1.xml (RunModel)" time="0.008" />
  <testcase classname="ptolemy.util.test.junit.AutoTests" name="[59] /home/travis/build/icyphy/ptII/ptolemy/domains/de/test/auto/ResettableTimer2.xml (RunModel)" time="0.007" />
  <testcase classname="ptolemy.util.test.junit.AutoTests" name="[60] /home/travis/build/icyphy/ptII/ptolemy/domains/de/test/auto/ResettableTimer3.xml (RunModel)" time="0.007" />
  <testcase classname="ptolemy.util.test.junit.AutoTests" name="[61] /home/travis/build/icyphy/ptII/ptolemy/domains/de/test/auto/ResettableTimer4.xml (RunModel)" time="0.008" />
  <testcase classname="ptolemy.util.test.junit.AutoTests" name="[62] /home/travis/build/icyphy/ptII/ptolemy/domains/de/test/auto/ResettableTimer5.xml (RunModel)" time="0.007" />
  <testcase classname="ptolemy.util.test.junit.AutoTests" name="[63] /home/travis/build/icyphy/ptII/ptolemy/domains/de/test/auto/ResettableTimer6.xml (RunModel)" time="0.017" />
  <testcase classname="ptolemy.util.test.junit.AutoTests" name="[64] /home/travis/build/icyphy/ptII/ptolemy/domains/de/test/auto/ServerZeroDelay.xml (RunModel)" time="0.008" />
  <testcase classname="ptolemy.util.test.junit.AutoTests" name="[65] /home/travis/build/icyphy/ptII/ptolemy/domains/de/test/auto/SmartSender.xml (RunModel)" time="3.007" />
  <testcase classname="ptolemy.util.test.junit.AutoTests" name="[66] /home/travis/build/icyphy/ptII/ptolemy/domains/de/test/auto/ThreadedComposite.xml (RunModel)" time="0.173" />
  <testcase classname="ptolemy.util.test.junit.AutoTests" name="[67] /home/travis/build/icyphy/ptII/ptolemy/domains/de/test/auto/Time.xml (RunModel)" time="0.439" />
  <testcase classname="ptolemy.util.test.junit.AutoTests" name="[68] /home/travis/build/icyphy/ptII/ptolemy/domains/de/test/auto/TimeDelayZeroDelay.xml (RunModel)" time="0.01" />
  <testcase classname="ptolemy.util.test.junit.AutoTests" name="[69] /home/travis/build/icyphy/ptII/ptolemy/domains/de/test/auto/TimerZeroDelay.xml (RunModel)" time="0.008" />
  <testcase classname="ptolemy.util.test.junit.AutoTests" name="[70] /home/travis/build/icyphy/ptII/ptolemy/domains/de/test/auto/TimingParadox.xml (RunModel)" time="0.346" />
  <testcase classname="ptolemy.util.test.junit.AutoTests" name="[71] /home/travis/build/icyphy/ptII/ptolemy/domains/de/test/auto/TransferInputs.xml (RunModel)" time="0.018" />
  <testcase classname="ptolemy.util.test.junit.AutoTests" name="[72] /home/travis/build/icyphy/ptII/ptolemy/domains/de/test/auto/TransferOutputs2.xml (RunModel)" time="0.014" />
  <testcase classname="ptolemy.util.test.junit.AutoTests" name="[73] /home/travis/build/icyphy/ptII/ptolemy/domains/de/test/auto/Trilateration.xml (RunModel)" time="11.047" />
  <testcase classname="ptolemy.util.test.junit.AutoTests" name="[74] /home/travis/build/icyphy/ptII/ptolemy/domains/de/test/auto/TwoSigmaDelta.xml (RunModel)" time="2.034" />
  <testcase classname="ptolemy.util.test.junit.AutoTests" name="[75] /home/travis/build/icyphy/ptII/ptolemy/domains/de/test/auto/VariableDelay.xml (RunModel)" time="0.008" />
  <testcase classname="ptolemy.util.test.junit.AutoTests" name="[76] /home/travis/build/icyphy/ptII/ptolemy/domains/de/test/auto/VariableDelay2.xml (RunModel)" time="0.011" />
  <testcase classname="ptolemy.util.test.junit.AutoTests" name="[77] /home/travis/build/icyphy/ptII/ptolemy/domains/de/test/auto/VariableDelayZeroDelay.xml (RunModel)" time="0.009" />
  <testcase classname="ptolemy.util.test.junit.AutoTests" name="[78] /home/travis/build/icyphy/ptII/ptolemy/domains/de/test/auto/VariableDelayZeroDelay2.xml (RunModel)" time="0.008" />
  <testcase classname="ptolemy.util.test.junit.AutoTests" name="[79] /home/travis/build/icyphy/ptII/ptolemy/domains/de/test/auto/deInCt.xml (RunModel)" time="0.013" />
  <testcase classname="ptolemy.util.test.junit.AutoTests" name="[80] /home/travis/build/icyphy/ptII/ptolemy/domains/de/test/auto/deInCt2.xml (RunModel)" time="0.025" />
  <testcase classname="ptolemy.util.test.junit.AutoTests" name="[81] /home/travis/build/icyphy/ptII/ptolemy/domains/de/test/auto/dynamicCausalityInterface1.xml (RunModel)" time="0.016" />
  <testcase classname="ptolemy.util.test.junit.AutoTests" name="[82] /home/travis/build/icyphy/ptII/ptolemy/domains/de/test/auto/fsm_de_test.xml (RunModel)" time="0.022" />
  <testcase classname="ptolemy.util.test.junit.AutoTests" name="[83] /home/travis/build/icyphy/ptII/ptolemy/domains/de/test/auto/functionDependencyReconstruction.xml (RunModel)" time="0.027" />
  <testcase classname="ptolemy.util.test.junit.AutoTests" name="[84] /home/travis/build/icyphy/ptII/ptolemy/domains/de/test/auto/multirate.xml (RunModel)" time="0.015" />
  <testcase classname="ptolemy.util.test.junit.AutoTests" name="[85] /home/travis/build/icyphy/ptII/ptolemy/domains/de/test/auto/multirate2.xml (RunModel)" time="0.014" />
  <testcase classname="ptolemy.util.test.junit.AutoTests" name="[86] /home/travis/build/icyphy/ptII/ptolemy/domains/de/test/auto/realtime.xml (RunModel)" time="10.01" />
  <testcase classname="ptolemy.util.test.junit.AutoTests" name="[87] /home/travis/build/icyphy/ptII/ptolemy/domains/de/test/auto/relationGroup.xml (RunModel)" time="0.007" />
  <testcase classname="ptolemy.util.test.junit.AutoTests" name="[88] /home/travis/build/icyphy/ptII/ptolemy/domains/de/test/auto/relationGroup2.xml (RunModel)" time="0.006" />
  <testcase classname="ptolemy.util.test.junit.AutoTests" name="[89] /home/travis/build/icyphy/ptII/ptolemy/domains/de/test/auto/sortWithOpaquePorts.xml (RunModel)" time="0.006" />
  <testcase classname="ptolemy.util.test.junit.AutoTests" name="[90] /home/travis/build/icyphy/ptII/ptolemy/domains/de/test/auto/transferInputsandOutputs.xml (RunModel)" time="0.012" />
  <testcase classname="ptolemy.util.test.junit.AutoTests" name="[91] /home/travis/build/icyphy/ptII/ptolemy/domains/de/test/auto/triggerType.xml (RunModel)" time="0.006" />
  <system-out><![CDATA[/home/travis/build/icyphy/ptII/ptolemy/domains/de/test/DependencyLoop.tcl
testDefs.tcl: setting time out to 9000 seconds at Wed Mar 20 04:12:20 UTC 2019
14 ms. Memory: 116224K Free: 97571K (84%)
29 ms. Memory: 146944K Free: 141190K (96%)
/home/travis/build/icyphy/ptII/ptolemy/domains/de/test/RunDETestsAsQSS.tcl
Run the DE tests using ptolemy.domains.qss.test.QSSDirectorTest, which extends QSSDirector and prints a message in the constructors.
------------------ testing $PTII/ptolemy/domains/de/test/auto/knownFailedTests/dependencyLoop.xml (Known Failure) 
14 ms. Memory: 146944K Free: 136545K (93%)


==== $PTIIhome/travis/build/icyphy/ptII/ptolemy/domains/de/test/../../../../: Auto Automatic test in file $PTII/ptolemy/domains/de/test/auto/knownFailedTests/dependencyLoop.xml
==== Contents of test case:

	    # FIXME: we should use $relativeFilename here, but it
	    # might have backslashes under Windows, which causes no end
	    # of trouble.
	    createAndExecute $file
	    list {}
	
.... Test generated KNOWN error:
    while executing
ptolemy.kernel.util.IllegalActionException: Found a zero delay loop containing .dependencyLoop.original
  in .dependencyLoop and .dependencyLoop.original
	at ptolemy.actor.util.CausalityInterfaceForComposites._computeOutputPortDepth(CausalityInterfaceForComposites.java:759)
	at ptolemy.actor.util.CausalityInterfaceForComposites._computeInputDepth(CausalityInterfaceForComposites.java:696)
	at ptolemy.actor.util.CausalityInterfaceForComposites._computeOutputPortDepth(CausalityInterfaceForComposites.java:765)
	at ptolemy.actor.util.CausalityInterfaceForComposites._computeInputDepth(CausalityInterfaceForComposites.java:696)
	at ptolemy.actor.util.CausalityInterfaceForComposites._computeOutputPortDepth(CausalityInterfaceForComposites.java:765)
	at ptolemy.actor.util.CausalityInterfaceForComposites._computeInputDepth(CausalityInterfaceForComposites.java:696)
	at ptolemy.actor.util.CausalityInterfaceForComposites._computeActorDepth(CausalityInterfaceForComposites.java:532)
	at ptolemy.actor.util.CausalityInterfaceForComposites.checkForCycles(CausalityInterfaceForComposites.java:96)
	at ptolemy.domains.de.kernel.DEDirector.preinitialize(DEDirector.java:1338)
	at ptolemy.actor.CompositeActor.preinitialize(CompositeActor.java:1828)
	at ptolemy.actor.Manager.preinitializeAndResolveTypes(Manager.java:1040)
	at ptolemy.actor.Manager.initialize(Manager.java:710)
	at ptolemy.actor.Manager.execute(Manager.java:356)
	at ptolemy.actor.Manager.run(Manager.java:1263)
	at ptolemy.actor.Manager$PtolemyRunThread.run(Manager.java:1915)

    while executing
ptolemy.kernel.util.IllegalActionException: Found a zero delay loop containing .dependencyLoop.original
  in .dependencyLoop and .dependencyLoop.original
    while executing
"java::new ptolemy.moml.MoMLSimpleApplication $file
"
    (procedure "createAndExecute" line 2)
    invoked from within
"createAndExecute $file"
    ("uplevel" body line 5)
    invoked from within
"uplevel $contents_of_test"
------------------ testing $PTII/ptolemy/domains/de/test/auto/knownFailedTests/DESDFClockTest.xml (Known Failure) 
2047 ms. Memory: 146944K Free: 121364K (83%)


==== $PTIIhome/travis/build/icyphy/ptII/ptolemy/domains/de/test/../../../../: Auto Automatic test in file $PTII/ptolemy/domains/de/test/auto/knownFailedTests/DESDFClockTest.xml
==== Contents of test case:

	    # FIXME: we should use $relativeFilename here, but it
	    # might have backslashes under Windows, which causes no end
	    # of trouble.
	    createAndExecute $file
	    list {}
	
.... Test generated KNOWN error:
    while executing
ptolemy.kernel.util.IllegalActionException: Actor is not ready to fire.  Perhaps UpSample.prefire() returned false? Try debugging the actor by selecting "Listen to Actor".  Also, for SDF check moml for tokenConsumptionRate on input.
  in .DESDFClockTest.Play Bell.Copy1:SDF Director and .DESDFClockTest.Play Bell.UpSample
	at ptolemy.actor.sched.StaticSchedulingDirector.fire(StaticSchedulingDirector.java:227)
	at ptolemy.domains.sdf.kernel.SDFDirector.fire(SDFDirector.java:500)
	at ptolemy.actor.CompositeActor.fire(CompositeActor.java:455)
	at ptolemy.domains.de.kernel.DEDirector._fire(DEDirector.java:1949)
	at ptolemy.domains.de.kernel.DEDirector.fire(DEDirector.java:502)
	at ptolemy.actor.CompositeActor.fire(CompositeActor.java:455)
	at ptolemy.actor.Manager.iterate(Manager.java:851)
	at ptolemy.actor.Manager.execute(Manager.java:369)
	at ptolemy.actor.Manager.run(Manager.java:1263)
	at ptolemy.actor.Manager$PtolemyRunThread.run(Manager.java:1915)

    while executing
ptolemy.kernel.util.IllegalActionException: Actor is not ready to fire.  Perhaps UpSample.prefire() returned false? Try debugging the actor by selecting "Listen to Actor".  Also, for SDF check moml for tokenConsumptionRate on input.
  in .DESDFClockTest.Play Bell.Copy1:SDF Director and .DESDFClockTest.Play Bell.UpSample
    while executing
"java::new ptolemy.moml.MoMLSimpleApplication $file
"
    (procedure "createAndExecute" line 2)
    invoked from within
"createAndExecute $file"
    ("uplevel" body line 5)
    invoked from within
"uplevel $contents_of_test"
------------------ testing $PTII/ptolemy/domains/de/test/auto/knownFailedTests/FSMSource.xml (Known Failure) 
47 ms. Memory: 146944K Free: 111898K (76%)
!!!! Auto was marked as failing, but now passes
------------------ testing $PTII/ptolemy/domains/de/test/auto/knownFailedTests/dependencyLoop2.xml (Known Failure) 
10 ms. Memory: 146944K Free: 110015K (75%)


==== $PTIIhome/travis/build/icyphy/ptII/ptolemy/domains/de/test/../../../../: Auto Automatic test in file $PTII/ptolemy/domains/de/test/auto/knownFailedTests/dependencyLoop2.xml
==== Contents of test case:

	    # FIXME: we should use $relativeFilename here, but it
	    # might have backslashes under Windows, which causes no end
	    # of trouble.
	    createAndExecute $file
	    list {}
	
.... Test generated KNOWN error:
    while executing
ptolemy.kernel.util.IllegalActionException: Found a zero delay loop containing .dependencyLoop2.original
  in .dependencyLoop2 and .dependencyLoop2.original
	at ptolemy.actor.util.CausalityInterfaceForComposites._computeOutputPortDepth(CausalityInterfaceForComposites.java:759)
	at ptolemy.actor.util.CausalityInterfaceForComposites._computeInputDepth(CausalityInterfaceForComposites.java:696)
	at ptolemy.actor.util.CausalityInterfaceForComposites._computeOutputPortDepth(CausalityInterfaceForComposites.java:765)
	at ptolemy.actor.util.CausalityInterfaceForComposites._computeInputDepth(CausalityInterfaceForComposites.java:696)
	at ptolemy.actor.util.CausalityInterfaceForComposites._computeOutputPortDepth(CausalityInterfaceForComposites.java:765)
	at ptolemy.actor.util.CausalityInterfaceForComposites._computeInputDepth(CausalityInterfaceForComposites.java:696)
	at ptolemy.actor.util.CausalityInterfaceForComposites._computeActorDepth(CausalityInterfaceForComposites.java:532)
	at ptolemy.actor.util.CausalityInterfaceForComposites.checkForCycles(CausalityInterfaceForComposites.java:96)
	at ptolemy.domains.de.kernel.DEDirector.preinitialize(DEDirector.java:1338)
	at ptolemy.actor.CompositeActor.preinitialize(CompositeActor.java:1828)
	at ptolemy.actor.Manager.preinitializeAndResolveTypes(Manager.java:1040)
	at ptolemy.actor.Manager.initialize(Manager.java:710)
	at ptolemy.actor.Manager.execute(Manager.java:356)
	at ptolemy.actor.Manager.run(Manager.java:1263)
	at ptolemy.actor.Manager$PtolemyRunThread.run(Manager.java:1915)

    while executing
ptolemy.kernel.util.IllegalActionException: Found a zero delay loop containing .dependencyLoop2.original
  in .dependencyLoop2 and .dependencyLoop2.original
    while executing
"java::new ptolemy.moml.MoMLSimpleApplication $file
"
    (procedure "createAndExecute" line 2)
    invoked from within
"createAndExecute $file"
    ("uplevel" body line 5)
    invoked from within
"uplevel $contents_of_test"
------------------ testing $PTII/ptolemy/domains/de/test/auto/knownFailedTests/HierarchicalModel.xml (Known Failure) 
4 ms. Memory: 146944K Free: 89925K (61%)


==== $PTIIhome/travis/build/icyphy/ptII/ptolemy/domains/de/test/../../../../: Auto Automatic test in file $PTII/ptolemy/domains/de/test/auto/knownFailedTests/HierarchicalModel.xml
==== Contents of test case:

	    # FIXME: we should use $relativeFilename here, but it
	    # might have backslashes under Windows, which causes no end
	    # of trouble.
	    createAndExecute $file
	    list {}
	
.... Test generated KNOWN error:
    while executing
ptolemy.kernel.util.IllegalActionException: Found a zero delay loop containing .HierarchicalModel.A
  in .HierarchicalModel and .HierarchicalModel.A
	at ptolemy.actor.util.CausalityInterfaceForComposites._computeOutputPortDepth(CausalityInterfaceForComposites.java:759)
	at ptolemy.actor.util.CausalityInterfaceForComposites._computeInputDepth(CausalityInterfaceForComposites.java:696)
	at ptolemy.actor.util.CausalityInterfaceForComposites._computeOutputPortDepth(CausalityInterfaceForComposites.java:765)
	at ptolemy.actor.util.CausalityInterfaceForComposites._computeInputDepth(CausalityInterfaceForComposites.java:696)
	at ptolemy.actor.util.CausalityInterfaceForComposites._computeOutputPortDepth(CausalityInterfaceForComposites.java:765)
	at ptolemy.actor.util.CausalityInterfaceForComposites._computeInputDepth(CausalityInterfaceForComposites.java:696)
	at ptolemy.actor.util.CausalityInterfaceForComposites._computeActorDepth(CausalityInterfaceForComposites.java:532)
	at ptolemy.actor.util.CausalityInterfaceForComposites.checkForCycles(CausalityInterfaceForComposites.java:96)
	at ptolemy.domains.de.kernel.DEDirector.preinitialize(DEDirector.java:1338)
	at ptolemy.actor.CompositeActor.preinitialize(CompositeActor.java:1828)
	at ptolemy.actor.Manager.preinitializeAndResolveTypes(Manager.java:1040)
	at ptolemy.actor.Manager.initialize(Manager.java:710)
	at ptolemy.actor.Manager.execute(Manager.java:356)
	at ptolemy.actor.Manager.run(Manager.java:1263)
	at ptolemy.actor.Manager$PtolemyRunThread.run(Manager.java:1915)

    while executing
ptolemy.kernel.util.IllegalActionException: Found a zero delay loop containing .HierarchicalModel.A
  in .HierarchicalModel and .HierarchicalModel.A
    while executing
"java::new ptolemy.moml.MoMLSimpleApplication $file
"
    (procedure "createAndExecute" line 2)
    invoked from within
"createAndExecute $file"
    ("uplevel" body line 5)
    invoked from within
"uplevel $contents_of_test"
------------------ testing $PTII/ptolemy/domains/de/test/auto/knownFailedTests/DirectFeedback.xml (Known Failure) 
7 ms. Memory: 146944K Free: 85782K (58%)


==== $PTIIhome/travis/build/icyphy/ptII/ptolemy/domains/de/test/../../../../: Auto Automatic test in file $PTII/ptolemy/domains/de/test/auto/knownFailedTests/DirectFeedback.xml
==== Contents of test case:

	    # FIXME: we should use $relativeFilename here, but it
	    # might have backslashes under Windows, which causes no end
	    # of trouble.
	    createAndExecute $file
	    list {}
	
.... Test generated KNOWN error:
    while executing
ptolemy.kernel.util.IllegalActionException: Test fails in iteration 1.
Value was: 1.0. Should have been: 2.0
  in .DirectFeedback.Test
	at ptolemy.actor.lib.Test.fire(Test.java:268)
	at ptolemy.domains.de.kernel.DEDirector._fire(DEDirector.java:1949)
	at ptolemy.domains.de.kernel.DEDirector.fire(DEDirector.java:502)
	at ptolemy.actor.CompositeActor.fire(CompositeActor.java:455)
	at ptolemy.actor.Manager.iterate(Manager.java:851)
	at ptolemy.actor.Manager.execute(Manager.java:369)
	at ptolemy.actor.Manager.run(Manager.java:1263)
	at ptolemy.actor.Manager$PtolemyRunThread.run(Manager.java:1915)

    while executing
ptolemy.kernel.util.IllegalActionException: Test fails in iteration 1.
Value was: 1.0. Should have been: 2.0
  in .DirectFeedback.Test
    while executing
"java::new ptolemy.moml.MoMLSimpleApplication $file
"
    (procedure "createAndExecute" line 2)
    invoked from within
"createAndExecute $file"
    ("uplevel" body line 5)
    invoked from within
"uplevel $contents_of_test"
------------------ testing $PTII/ptolemy/domains/de/test/auto/ActorDepthCalculation_actorWithoutPorts.xml
auto.tcl: Setting watchdog for 200 seconds at Wed Mar 20 04:12:23 UTC 2019
11 ms. Memory: 146944K Free: 138735K (94%)
ptolemy.util.test.WatchDog.cancel(): canceling Wed Mar 20 04:12:23 UTC 2019
auto.tcl: Setting watchdog for 200 seconds at Wed Mar 20 04:12:23 UTC 2019
4 ms. Memory: 146944K Free: 136698K (93%)
ptolemy.util.test.WatchDog.cancel(): canceling Wed Mar 20 04:12:23 UTC 2019
------------------ testing $PTII/ptolemy/domains/de/test/auto/AssemblyLine.xml
auto.tcl: Setting watchdog for 200 seconds at Wed Mar 20 04:12:24 UTC 2019
20 ms. Memory: 208384K Free: 183416K (88%)
ptolemy.util.test.WatchDog.cancel(): canceling Wed Mar 20 04:12:24 UTC 2019
auto.tcl: Setting watchdog for 200 seconds at Wed Mar 20 04:12:24 UTC 2019
9 ms. Memory: 208384K Free: 183416K (88%)
ptolemy.util.test.WatchDog.cancel(): canceling Wed Mar 20 04:12:24 UTC 2019
------------------ testing $PTII/ptolemy/domains/de/test/auto/CQBug1.xml
auto.tcl: Setting watchdog for 200 seconds at Wed Mar 20 04:12:24 UTC 2019
4 ms. Memory: 208384K Free: 197912K (95%)
ptolemy.util.test.WatchDog.cancel(): canceling Wed Mar 20 04:12:24 UTC 2019
auto.tcl: Setting watchdog for 200 seconds at Wed Mar 20 04:12:24 UTC 2019
1 ms. Memory: 208384K Free: 197912K (95%)
ptolemy.util.test.WatchDog.cancel(): canceling Wed Mar 20 04:12:24 UTC 2019
------------------ testing $PTII/ptolemy/domains/de/test/auto/CancelFireAt.xml
auto.tcl: Setting watchdog for 200 seconds at Wed Mar 20 04:12:24 UTC 2019
4 ms. Memory: 208384K Free: 201568K (97%)
ptolemy.util.test.WatchDog.cancel(): canceling Wed Mar 20 04:12:24 UTC 2019
auto.tcl: Setting watchdog for 200 seconds at Wed Mar 20 04:12:24 UTC 2019
3 ms. Memory: 208384K Free: 199531K (96%)
ptolemy.util.test.WatchDog.cancel(): canceling Wed Mar 20 04:12:24 UTC 2019
------------------ testing $PTII/ptolemy/domains/de/test/auto/CausalityAndComposabilityAnalysis.xml
auto.tcl: Setting watchdog for 200 seconds at Wed Mar 20 04:12:24 UTC 2019
8 ms. Memory: 208384K Free: 198610K (95%)
ptolemy.util.test.WatchDog.cancel(): canceling Wed Mar 20 04:12:24 UTC 2019
auto.tcl: Setting watchdog for 200 seconds at Wed Mar 20 04:12:24 UTC 2019
5 ms. Memory: 208384K Free: 196572K (94%)
ptolemy.util.test.WatchDog.cancel(): canceling Wed Mar 20 04:12:24 UTC 2019
------------------ testing $PTII/ptolemy/domains/de/test/auto/CausalityInterface1.xml
auto.tcl: Setting watchdog for 200 seconds at Wed Mar 20 04:12:24 UTC 2019
17 ms. Memory: 208384K Free: 196478K (94%)
ptolemy.util.test.WatchDog.cancel(): canceling Wed Mar 20 04:12:24 UTC 2019
auto.tcl: Setting watchdog for 200 seconds at Wed Mar 20 04:12:24 UTC 2019
7 ms. Memory: 208384K Free: 196478K (94%)
ptolemy.util.test.WatchDog.cancel(): canceling Wed Mar 20 04:12:24 UTC 2019
------------------ testing $PTII/ptolemy/domains/de/test/auto/CausalityInterface15.xml
auto.tcl: Setting watchdog for 200 seconds at Wed Mar 20 04:12:24 UTC 2019
7 ms. Memory: 208384K Free: 196987K (95%)
ptolemy.util.test.WatchDog.cancel(): canceling Wed Mar 20 04:12:24 UTC 2019
auto.tcl: Setting watchdog for 200 seconds at Wed Mar 20 04:12:24 UTC 2019
4 ms. Memory: 208384K Free: 196987K (95%)
ptolemy.util.test.WatchDog.cancel(): canceling Wed Mar 20 04:12:24 UTC 2019
------------------ testing $PTII/ptolemy/domains/de/test/auto/CausalityInterface2.xml
auto.tcl: Setting watchdog for 200 seconds at Wed Mar 20 04:12:24 UTC 2019
4 ms. Memory: 208384K Free: 196452K (94%)
ptolemy.util.test.WatchDog.cancel(): canceling Wed Mar 20 04:12:25 UTC 2019
auto.tcl: Setting watchdog for 200 seconds at Wed Mar 20 04:12:25 UTC 2019
3 ms. Memory: 208384K Free: 196452K (94%)
ptolemy.util.test.WatchDog.cancel(): canceling Wed Mar 20 04:12:25 UTC 2019
------------------ testing $PTII/ptolemy/domains/de/test/auto/CausalityInterface3.xml
auto.tcl: Setting watchdog for 200 seconds at Wed Mar 20 04:12:25 UTC 2019
3 ms. Memory: 208384K Free: 196481K (94%)
ptolemy.util.test.WatchDog.cancel(): canceling Wed Mar 20 04:12:25 UTC 2019
auto.tcl: Setting watchdog for 200 seconds at Wed Mar 20 04:12:25 UTC 2019
7 ms. Memory: 208384K Free: 196481K (94%)
ptolemy.util.test.WatchDog.cancel(): canceling Wed Mar 20 04:12:25 UTC 2019
------------------ testing $PTII/ptolemy/domains/de/test/auto/ClockDrift.xml
auto.tcl: Setting watchdog for 200 seconds at Wed Mar 20 04:12:25 UTC 2019
97 ms. Memory: 208384K Free: 187876K (90%)
ptolemy.util.test.WatchDog.cancel(): canceling Wed Mar 20 04:12:25 UTC 2019
auto.tcl: Setting watchdog for 200 seconds at Wed Mar 20 04:12:25 UTC 2019
56 ms. Memory: 208384K Free: 185823K (89%)
ptolemy.util.test.WatchDog.cancel(): canceling Wed Mar 20 04:12:25 UTC 2019
------------------ testing $PTII/ptolemy/domains/de/test/auto/ClockDriftAndValueChange.xml
auto.tcl: Setting watchdog for 200 seconds at Wed Mar 20 04:12:25 UTC 2019
28 ms. Memory: 208384K Free: 189740K (91%)
ptolemy.util.test.WatchDog.cancel(): canceling Wed Mar 20 04:12:25 UTC 2019
auto.tcl: Setting watchdog for 200 seconds at Wed Mar 20 04:12:25 UTC 2019
23 ms. Memory: 208384K Free: 185665K (89%)
ptolemy.util.test.WatchDog.cancel(): canceling Wed Mar 20 04:12:25 UTC 2019
------------------ testing $PTII/ptolemy/domains/de/test/auto/ClockDriftChange.xml
auto.tcl: Setting watchdog for 200 seconds at Wed Mar 20 04:12:25 UTC 2019
34 ms. Memory: 208384K Free: 190987K (92%)
ptolemy.util.test.WatchDog.cancel(): canceling Wed Mar 20 04:12:25 UTC 2019
auto.tcl: Setting watchdog for 200 seconds at Wed Mar 20 04:12:25 UTC 2019
28 ms. Memory: 208384K Free: 188950K (91%)
ptolemy.util.test.WatchDog.cancel(): canceling Wed Mar 20 04:12:25 UTC 2019
------------------ testing $PTII/ptolemy/domains/de/test/auto/ComposableCausalityAnalysis.xml
auto.tcl: Setting watchdog for 200 seconds at Wed Mar 20 04:12:25 UTC 2019
3 ms. Memory: 208384K Free: 196353K (94%)
ptolemy.util.test.WatchDog.cancel(): canceling Wed Mar 20 04:12:25 UTC 2019
auto.tcl: Setting watchdog for 200 seconds at Wed Mar 20 04:12:25 UTC 2019
2 ms. Memory: 208384K Free: 194300K (93%)
ptolemy.util.test.WatchDog.cancel(): canceling Wed Mar 20 04:12:25 UTC 2019
------------------ testing $PTII/ptolemy/domains/de/test/auto/DEFixedPointLimitation.xml
auto.tcl: Setting watchdog for 200 seconds at Wed Mar 20 04:12:25 UTC 2019
2 ms. Memory: 208384K Free: 198463K (95%)
ptolemy.util.test.WatchDog.cancel(): canceling Wed Mar 20 04:12:25 UTC 2019
auto.tcl: Setting watchdog for 200 seconds at Wed Mar 20 04:12:25 UTC 2019
2 ms. Memory: 208384K Free: 196423K (94%)
ptolemy.util.test.WatchDog.cancel(): canceling Wed Mar 20 04:12:25 UTC 2019
------------------ testing $PTII/ptolemy/domains/de/test/auto/DEScheduleTest.xml
auto.tcl: Setting watchdog for 200 seconds at Wed Mar 20 04:12:25 UTC 2019
4 ms. Memory: 208384K Free: 198491K (95%)
ptolemy.util.test.WatchDog.cancel(): canceling Wed Mar 20 04:12:25 UTC 2019
auto.tcl: Setting watchdog for 200 seconds at Wed Mar 20 04:12:25 UTC 2019
5 ms. Memory: 208384K Free: 196437K (94%)
ptolemy.util.test.WatchDog.cancel(): canceling Wed Mar 20 04:12:25 UTC 2019
------------------ testing $PTII/ptolemy/domains/de/test/auto/DEinDEwithStartTimes.xml
auto.tcl: Setting watchdog for 200 seconds at Wed Mar 20 04:12:25 UTC 2019
6 ms. Memory: 208384K Free: 196422K (94%)
ptolemy.util.test.WatchDog.cancel(): canceling Wed Mar 20 04:12:25 UTC 2019
auto.tcl: Setting watchdog for 200 seconds at Wed Mar 20 04:12:25 UTC 2019
3 ms. Memory: 208384K Free: 194385K (93%)
ptolemy.util.test.WatchDog.cancel(): canceling Wed Mar 20 04:12:25 UTC 2019
------------------ testing $PTII/ptolemy/domains/de/test/auto/DEinDEwithStartTimes2.xml
auto.tcl: Setting watchdog for 200 seconds at Wed Mar 20 04:12:25 UTC 2019
8 ms. Memory: 208384K Free: 196403K (94%)
ptolemy.util.test.WatchDog.cancel(): canceling Wed Mar 20 04:12:26 UTC 2019
auto.tcl: Setting watchdog for 200 seconds at Wed Mar 20 04:12:26 UTC 2019
4 ms. Memory: 208384K Free: 194349K (93%)
ptolemy.util.test.WatchDog.cancel(): canceling Wed Mar 20 04:12:26 UTC 2019
------------------ testing $PTII/ptolemy/domains/de/test/auto/DateDemo.xml
auto.tcl: Setting watchdog for 200 seconds at Wed Mar 20 04:12:26 UTC 2019
17 ms. Memory: 208384K Free: 189004K (91%)
ptolemy.util.test.WatchDog.cancel(): canceling Wed Mar 20 04:12:26 UTC 2019
auto.tcl: Setting watchdog for 200 seconds at Wed Mar 20 04:12:26 UTC 2019
6 ms. Memory: 208384K Free: 186951K (90%)
ptolemy.util.test.WatchDog.cancel(): canceling Wed Mar 20 04:12:26 UTC 2019
------------------ testing $PTII/ptolemy/domains/de/test/auto/DateToEvent.xml
auto.tcl: Setting watchdog for 200 seconds at Wed Mar 20 04:12:26 UTC 2019
2009 ms. Memory: 208384K Free: 181392K (87%)
ptolemy.util.test.WatchDog.cancel(): canceling Wed Mar 20 04:12:28 UTC 2019
auto.tcl: Setting watchdog for 200 seconds at Wed Mar 20 04:12:28 UTC 2019
2004 ms. Memory: 208384K Free: 181392K (87%)
ptolemy.util.test.WatchDog.cancel(): canceling Wed Mar 20 04:12:30 UTC 2019
------------------ testing $PTII/ptolemy/domains/de/test/auto/DepthTest1.xml
auto.tcl: Setting watchdog for 200 seconds at Wed Mar 20 04:12:30 UTC 2019
4 ms. Memory: 208384K Free: 195236K (94%)
ptolemy.util.test.WatchDog.cancel(): canceling Wed Mar 20 04:12:30 UTC 2019
auto.tcl: Setting watchdog for 200 seconds at Wed Mar 20 04:12:30 UTC 2019
1 ms. Memory: 208384K Free: 195236K (94%)
ptolemy.util.test.WatchDog.cancel(): canceling Wed Mar 20 04:12:30 UTC 2019
------------------ testing $PTII/ptolemy/domains/de/test/auto/DepthTest2.xml
auto.tcl: Setting watchdog for 200 seconds at Wed Mar 20 04:12:30 UTC 2019
3 ms. Memory: 208384K Free: 194443K (93%)
ptolemy.util.test.WatchDog.cancel(): canceling Wed Mar 20 04:12:30 UTC 2019
auto.tcl: Setting watchdog for 200 seconds at Wed Mar 20 04:12:30 UTC 2019
5 ms. Memory: 208384K Free: 194443K (93%)
ptolemy.util.test.WatchDog.cancel(): canceling Wed Mar 20 04:12:30 UTC 2019
------------------ testing $PTII/ptolemy/domains/de/test/auto/DepthTest3.xml
auto.tcl: Setting watchdog for 200 seconds at Wed Mar 20 04:12:30 UTC 2019
1 ms. Memory: 208384K Free: 198042K (95%)
ptolemy.util.test.WatchDog.cancel(): canceling Wed Mar 20 04:12:30 UTC 2019
auto.tcl: Setting watchdog for 200 seconds at Wed Mar 20 04:12:30 UTC 2019
1 ms. Memory: 208384K Free: 198042K (95%)
ptolemy.util.test.WatchDog.cancel(): canceling Wed Mar 20 04:12:30 UTC 2019
------------------ testing $PTII/ptolemy/domains/de/test/auto/DepthTest4.xml
auto.tcl: Setting watchdog for 200 seconds at Wed Mar 20 04:12:30 UTC 2019
3 ms. Memory: 208384K Free: 196068K (94%)
ptolemy.util.test.WatchDog.cancel(): canceling Wed Mar 20 04:12:30 UTC 2019
auto.tcl: Setting watchdog for 200 seconds at Wed Mar 20 04:12:30 UTC 2019
3 ms. Memory: 208384K Free: 196068K (94%)
ptolemy.util.test.WatchDog.cancel(): canceling Wed Mar 20 04:12:30 UTC 2019
------------------ testing $PTII/ptolemy/domains/de/test/auto/DepthTest5.xml
auto.tcl: Setting watchdog for 200 seconds at Wed Mar 20 04:12:30 UTC 2019
2 ms. Memory: 208384K Free: 196039K (94%)
ptolemy.util.test.WatchDog.cancel(): canceling Wed Mar 20 04:12:30 UTC 2019
auto.tcl: Setting watchdog for 200 seconds at Wed Mar 20 04:12:30 UTC 2019
2 ms. Memory: 208384K Free: 196039K (94%)
ptolemy.util.test.WatchDog.cancel(): canceling Wed Mar 20 04:12:30 UTC 2019
------------------ testing $PTII/ptolemy/domains/de/test/auto/DepthTest6.xml
auto.tcl: Setting watchdog for 200 seconds at Wed Mar 20 04:12:30 UTC 2019
6 ms. Memory: 208384K Free: 196016K (94%)
ptolemy.util.test.WatchDog.cancel(): canceling Wed Mar 20 04:12:30 UTC 2019
auto.tcl: Setting watchdog for 200 seconds at Wed Mar 20 04:12:30 UTC 2019
3 ms. Memory: 208384K Free: 196016K (94%)
ptolemy.util.test.WatchDog.cancel(): canceling Wed Mar 20 04:12:30 UTC 2019
------------------ testing $PTII/ptolemy/domains/de/test/auto/DepthTest7.xml
auto.tcl: Setting watchdog for 200 seconds at Wed Mar 20 04:12:30 UTC 2019
2 ms. Memory: 208384K Free: 195988K (94%)
ptolemy.util.test.WatchDog.cancel(): canceling Wed Mar 20 04:12:30 UTC 2019
auto.tcl: Setting watchdog for 200 seconds at Wed Mar 20 04:12:30 UTC 2019
2 ms. Memory: 208384K Free: 195988K (94%)
ptolemy.util.test.WatchDog.cancel(): canceling Wed Mar 20 04:12:30 UTC 2019
------------------ testing $PTII/ptolemy/domains/de/test/auto/EventToDate.xml
auto.tcl: Setting watchdog for 200 seconds at Wed Mar 20 04:12:30 UTC 2019
3011 ms. Memory: 208384K Free: 187821K (90%)
ptolemy.util.test.WatchDog.cancel(): canceling Wed Mar 20 04:12:33 UTC 2019
auto.tcl: Setting watchdog for 200 seconds at Wed Mar 20 04:12:33 UTC 2019
3005 ms. Memory: 208384K Free: 185784K (89%)
ptolemy.util.test.WatchDog.cancel(): canceling Wed Mar 20 04:12:36 UTC 2019
------------------ testing $PTII/ptolemy/domains/de/test/auto/FSM1.xml
auto.tcl: Setting watchdog for 200 seconds at Wed Mar 20 04:12:36 UTC 2019
30 ms. Memory: 208384K Free: 189127K (91%)
ptolemy.util.test.WatchDog.cancel(): canceling Wed Mar 20 04:12:37 UTC 2019
auto.tcl: Setting watchdog for 200 seconds at Wed Mar 20 04:12:37 UTC 2019
19 ms. Memory: 208384K Free: 185052K (89%)
ptolemy.util.test.WatchDog.cancel(): canceling Wed Mar 20 04:12:37 UTC 2019
------------------ testing $PTII/ptolemy/domains/de/test/auto/FSM7.xml
auto.tcl: Setting watchdog for 200 seconds at Wed Mar 20 04:12:37 UTC 2019
17 ms. Memory: 208384K Free: 189345K (91%)
ptolemy.util.test.WatchDog.cancel(): canceling Wed Mar 20 04:12:37 UTC 2019
auto.tcl: Setting watchdog for 200 seconds at Wed Mar 20 04:12:37 UTC 2019
20 ms. Memory: 208384K Free: 185252K (89%)
ptolemy.util.test.WatchDog.cancel(): canceling Wed Mar 20 04:12:37 UTC 2019
------------------ testing $PTII/ptolemy/domains/de/test/auto/Inspection.xml
auto.tcl: Setting watchdog for 200 seconds at Wed Mar 20 04:12:37 UTC 2019
37 ms. Memory: 208384K Free: 188506K (90%)
ptolemy.util.test.WatchDog.cancel(): canceling Wed Mar 20 04:12:37 UTC 2019
auto.tcl: Setting watchdog for 200 seconds at Wed Mar 20 04:12:37 UTC 2019
30 ms. Memory: 208384K Free: 186452K (89%)
ptolemy.util.test.WatchDog.cancel(): canceling Wed Mar 20 04:12:37 UTC 2019
------------------ testing $PTII/ptolemy/domains/de/test/auto/Iteration.xml
auto.tcl: Setting watchdog for 200 seconds at Wed Mar 20 04:12:37 UTC 2019
15 ms. Memory: 208384K Free: 195803K (94%)
ptolemy.util.test.WatchDog.cancel(): canceling Wed Mar 20 04:12:37 UTC 2019
auto.tcl: Setting watchdog for 200 seconds at Wed Mar 20 04:12:37 UTC 2019
9 ms. Memory: 208384K Free: 193750K (93%)
ptolemy.util.test.WatchDog.cancel(): canceling Wed Mar 20 04:12:37 UTC 2019
------------------ testing $PTII/ptolemy/domains/de/test/auto/LineFault.xml
auto.tcl: Setting watchdog for 200 seconds at Wed Mar 20 04:12:37 UTC 2019
727 ms. Memory: 208384K Free: 199517K (96%)
ptolemy.util.test.WatchDog.cancel(): canceling Wed Mar 20 04:12:38 UTC 2019
auto.tcl: Setting watchdog for 200 seconds at Wed Mar 20 04:12:38 UTC 2019
561 ms. Memory: 208384K Free: 142147K (68%)
ptolemy.util.test.WatchDog.cancel(): canceling Wed Mar 20 04:12:39 UTC 2019
------------------ testing $PTII/ptolemy/domains/de/test/auto/MergeModel1Add.xml
auto.tcl: Setting watchdog for 200 seconds at Wed Mar 20 04:12:39 UTC 2019
30 ms. Memory: 331264K Free: 300473K (91%)
ptolemy.util.test.WatchDog.cancel(): canceling Wed Mar 20 04:12:39 UTC 2019
auto.tcl: Setting watchdog for 200 seconds at Wed Mar 20 04:12:39 UTC 2019
11 ms. Memory: 331264K Free: 300473K (91%)
ptolemy.util.test.WatchDog.cancel(): canceling Wed Mar 20 04:12:39 UTC 2019
------------------ testing $PTII/ptolemy/domains/de/test/auto/MergeModel2Add.xml
auto.tcl: Setting watchdog for 200 seconds at Wed Mar 20 04:12:39 UTC 2019
11 ms. Memory: 331264K Free: 305401K (92%)
ptolemy.util.test.WatchDog.cancel(): canceling Wed Mar 20 04:12:39 UTC 2019
auto.tcl: Setting watchdog for 200 seconds at Wed Mar 20 04:12:39 UTC 2019
11 ms. Memory: 331264K Free: 301839K (91%)
ptolemy.util.test.WatchDog.cancel(): canceling Wed Mar 20 04:12:39 UTC 2019
------------------ testing $PTII/ptolemy/domains/de/test/auto/MergeModel3Add.xml
auto.tcl: Setting watchdog for 200 seconds at Wed Mar 20 04:12:39 UTC 2019
12 ms. Memory: 331264K Free: 305395K (92%)
ptolemy.util.test.WatchDog.cancel(): canceling Wed Mar 20 04:12:39 UTC 2019
auto.tcl: Setting watchdog for 200 seconds at Wed Mar 20 04:12:39 UTC 2019
7 ms. Memory: 331264K Free: 301817K (91%)
ptolemy.util.test.WatchDog.cancel(): canceling Wed Mar 20 04:12:39 UTC 2019
------------------ testing $PTII/ptolemy/domains/de/test/auto/MergeWithoutDiscard.xml
auto.tcl: Setting watchdog for 200 seconds at Wed Mar 20 04:12:39 UTC 2019
3 ms. Memory: 331264K Free: 316111K (95%)
ptolemy.util.test.WatchDog.cancel(): canceling Wed Mar 20 04:12:39 UTC 2019
auto.tcl: Setting watchdog for 200 seconds at Wed Mar 20 04:12:39 UTC 2019
1 ms. Memory: 331264K Free: 316111K (95%)
ptolemy.util.test.WatchDog.cancel(): canceling Wed Mar 20 04:12:39 UTC 2019
------------------ testing $PTII/ptolemy/domains/de/test/auto/Modal1.xml
auto.tcl: Setting watchdog for 200 seconds at Wed Mar 20 04:12:39 UTC 2019
16 ms. Memory: 331264K Free: 310389K (94%)
ptolemy.util.test.WatchDog.cancel(): canceling Wed Mar 20 04:12:39 UTC 2019
auto.tcl: Setting watchdog for 200 seconds at Wed Mar 20 04:12:39 UTC 2019
12 ms. Memory: 331264K Free: 306827K (93%)
ptolemy.util.test.WatchDog.cancel(): canceling Wed Mar 20 04:12:39 UTC 2019
------------------ testing $PTII/ptolemy/domains/de/test/auto/Modal2.xml
auto.tcl: Setting watchdog for 200 seconds at Wed Mar 20 04:12:39 UTC 2019
17 ms. Memory: 331264K Free: 310262K (94%)
ptolemy.util.test.WatchDog.cancel(): canceling Wed Mar 20 04:12:39 UTC 2019
auto.tcl: Setting watchdog for 200 seconds at Wed Mar 20 04:12:39 UTC 2019
17 ms. Memory: 331264K Free: 306692K (93%)
ptolemy.util.test.WatchDog.cancel(): canceling Wed Mar 20 04:12:39 UTC 2019
------------------ testing $PTII/ptolemy/domains/de/test/auto/Modal3.xml
auto.tcl: Setting watchdog for 200 seconds at Wed Mar 20 04:12:39 UTC 2019
18 ms. Memory: 331264K Free: 310253K (94%)
ptolemy.util.test.WatchDog.cancel(): canceling Wed Mar 20 04:12:39 UTC 2019
auto.tcl: Setting watchdog for 200 seconds at Wed Mar 20 04:12:39 UTC 2019
9 ms. Memory: 331264K Free: 306675K (93%)
ptolemy.util.test.WatchDog.cancel(): canceling Wed Mar 20 04:12:39 UTC 2019
------------------ testing $PTII/ptolemy/domains/de/test/auto/Modal4.xml
auto.tcl: Setting watchdog for 200 seconds at Wed Mar 20 04:12:39 UTC 2019
24 ms. Memory: 331264K Free: 310290K (94%)
ptolemy.util.test.WatchDog.cancel(): canceling Wed Mar 20 04:12:39 UTC 2019
auto.tcl: Setting watchdog for 200 seconds at Wed Mar 20 04:12:39 UTC 2019
16 ms. Memory: 331264K Free: 306712K (93%)
ptolemy.util.test.WatchDog.cancel(): canceling Wed Mar 20 04:12:39 UTC 2019
------------------ testing $PTII/ptolemy/domains/de/test/auto/Modal5.xml
auto.tcl: Setting watchdog for 200 seconds at Wed Mar 20 04:12:40 UTC 2019
16 ms. Memory: 331264K Free: 310277K (94%)
ptolemy.util.test.WatchDog.cancel(): canceling Wed Mar 20 04:12:40 UTC 2019
auto.tcl: Setting watchdog for 200 seconds at Wed Mar 20 04:12:40 UTC 2019
12 ms. Memory: 331264K Free: 306715K (93%)
ptolemy.util.test.WatchDog.cancel(): canceling Wed Mar 20 04:12:40 UTC 2019
------------------ testing $PTII/ptolemy/domains/de/test/auto/Modal6.xml
auto.tcl: Setting watchdog for 200 seconds at Wed Mar 20 04:12:40 UTC 2019
11 ms. Memory: 331264K Free: 310259K (94%)
ptolemy.util.test.WatchDog.cancel(): canceling Wed Mar 20 04:12:40 UTC 2019
auto.tcl: Setting watchdog for 200 seconds at Wed Mar 20 04:12:40 UTC 2019
13 ms. Memory: 331264K Free: 306681K (93%)
ptolemy.util.test.WatchDog.cancel(): canceling Wed Mar 20 04:12:40 UTC 2019
------------------ testing $PTII/ptolemy/domains/de/test/auto/Modal7.xml
auto.tcl: Setting watchdog for 200 seconds at Wed Mar 20 04:12:40 UTC 2019
9 ms. Memory: 331264K Free: 306689K (93%)
ptolemy.util.test.WatchDog.cancel(): canceling Wed Mar 20 04:12:40 UTC 2019
auto.tcl: Setting watchdog for 200 seconds at Wed Mar 20 04:12:40 UTC 2019
10 ms. Memory: 331264K Free: 303111K (92%)
ptolemy.util.test.WatchDog.cancel(): canceling Wed Mar 20 04:12:40 UTC 2019
------------------ testing $PTII/ptolemy/domains/de/test/auto/ModalModel.xml
auto.tcl: Setting watchdog for 200 seconds at Wed Mar 20 04:12:40 UTC 2019
201 ms. Memory: 331264K Free: 247626K (75%)
ptolemy.util.test.WatchDog.cancel(): canceling Wed Mar 20 04:12:40 UTC 2019
auto.tcl: Setting watchdog for 200 seconds at Wed Mar 20 04:12:40 UTC 2019
181 ms. Memory: 331264K Free: 190497K (58%)
ptolemy.util.test.WatchDog.cancel(): canceling Wed Mar 20 04:12:40 UTC 2019
------------------ testing $PTII/ptolemy/domains/de/test/auto/ModalSource.xml
auto.tcl: Setting watchdog for 200 seconds at Wed Mar 20 04:12:40 UTC 2019
6 ms. Memory: 331264K Free: 316539K (96%)
ptolemy.util.test.WatchDog.cancel(): canceling Wed Mar 20 04:12:40 UTC 2019
auto.tcl: Setting watchdog for 200 seconds at Wed Mar 20 04:12:40 UTC 2019
5 ms. Memory: 331264K Free: 313261K (95%)
ptolemy.util.test.WatchDog.cancel(): canceling Wed Mar 20 04:12:40 UTC 2019
------------------ testing $PTII/ptolemy/domains/de/test/auto/NonInterruptibleTimerZeroDelay.xml
auto.tcl: Setting watchdog for 200 seconds at Wed Mar 20 04:12:40 UTC 2019
4 ms. Memory: 331264K Free: 320901K (97%)
ptolemy.util.test.WatchDog.cancel(): canceling Wed Mar 20 04:12:40 UTC 2019
auto.tcl: Setting watchdog for 200 seconds at Wed Mar 20 04:12:40 UTC 2019
2 ms. Memory: 331264K Free: 317623K (96%)
ptolemy.util.test.WatchDog.cancel(): canceling Wed Mar 20 04:12:40 UTC 2019
------------------ testing $PTII/ptolemy/domains/de/test/auto/OpenQueueingNetwork.xml
auto.tcl: Setting watchdog for 200 seconds at Wed Mar 20 04:12:40 UTC 2019
3117 ms. Memory: 573952K Free: 390781K (68%)
ptolemy.util.test.WatchDog.cancel(): canceling Wed Mar 20 04:12:44 UTC 2019
auto.tcl: Setting watchdog for 200 seconds at Wed Mar 20 04:12:44 UTC 2019
2734 ms. Memory: 574464K Free: 286484K (50%)
ptolemy.util.test.WatchDog.cancel(): canceling Wed Mar 20 04:12:46 UTC 2019
------------------ testing $PTII/ptolemy/domains/de/test/auto/OpenQueuingNetwork.xml
auto.tcl: Setting watchdog for 200 seconds at Wed Mar 20 04:12:47 UTC 2019
255 ms. Memory: 1064960K Free: 938038K (88%)
ptolemy.util.test.WatchDog.cancel(): canceling Wed Mar 20 04:12:47 UTC 2019
auto.tcl: Setting watchdog for 200 seconds at Wed Mar 20 04:12:47 UTC 2019
255 ms. Memory: 1064960K Free: 883475K (83%)
ptolemy.util.test.WatchDog.cancel(): canceling Wed Mar 20 04:12:47 UTC 2019
------------------ testing $PTII/ptolemy/domains/de/test/auto/PeriodicSampler.xml
auto.tcl: Setting watchdog for 200 seconds at Wed Mar 20 04:12:47 UTC 2019
2 ms. Memory: 1065472K Free: 1035627K (97%)
ptolemy.util.test.WatchDog.cancel(): canceling Wed Mar 20 04:12:47 UTC 2019
auto.tcl: Setting watchdog for 200 seconds at Wed Mar 20 04:12:47 UTC 2019
2 ms. Memory: 1065472K Free: 1035627K (97%)
ptolemy.util.test.WatchDog.cancel(): canceling Wed Mar 20 04:12:47 UTC 2019
------------------ testing $PTII/ptolemy/domains/de/test/auto/PersistentIO.xml
auto.tcl: Setting watchdog for 200 seconds at Wed Mar 20 04:12:47 UTC 2019
7 ms. Memory: 1065472K Free: 1037354K (97%)
ptolemy.util.test.WatchDog.cancel(): canceling Wed Mar 20 04:12:47 UTC 2019
auto.tcl: Setting watchdog for 200 seconds at Wed Mar 20 04:12:47 UTC 2019
3 ms. Memory: 1065472K Free: 1037354K (97%)
ptolemy.util.test.WatchDog.cancel(): canceling Wed Mar 20 04:12:47 UTC 2019
------------------ testing $PTII/ptolemy/domains/de/test/auto/PortParameterResetOnInitialize.xml
auto.tcl: Setting watchdog for 200 seconds at Wed Mar 20 04:12:47 UTC 2019
2 ms. Memory: 1065472K Free: 1026255K (96%)
ptolemy.util.test.WatchDog.cancel(): canceling Wed Mar 20 04:12:47 UTC 2019
auto.tcl: Setting watchdog for 200 seconds at Wed Mar 20 04:12:47 UTC 2019
1 ms. Memory: 1065472K Free: 1026255K (96%)
ptolemy.util.test.WatchDog.cancel(): canceling Wed Mar 20 04:12:47 UTC 2019
------------------ testing $PTII/ptolemy/domains/de/test/auto/PortParameterUpdates.xml
auto.tcl: Setting watchdog for 200 seconds at Wed Mar 20 04:12:47 UTC 2019
5 ms. Memory: 1065472K Free: 1037348K (97%)
ptolemy.util.test.WatchDog.cancel(): canceling Wed Mar 20 04:12:47 UTC 2019
auto.tcl: Setting watchdog for 200 seconds at Wed Mar 20 04:12:47 UTC 2019
4 ms. Memory: 1065472K Free: 1037348K (97%)
ptolemy.util.test.WatchDog.cancel(): canceling Wed Mar 20 04:12:47 UTC 2019
------------------ testing $PTII/ptolemy/domains/de/test/auto/QueueAndServer.xml
auto.tcl: Setting watchdog for 200 seconds at Wed Mar 20 04:12:47 UTC 2019
19 ms. Memory: 1065472K Free: 1036171K (97%)
ptolemy.util.test.WatchDog.cancel(): canceling Wed Mar 20 04:12:47 UTC 2019
auto.tcl: Setting watchdog for 200 seconds at Wed Mar 20 04:12:47 UTC 2019
7 ms. Memory: 1065472K Free: 1036171K (97%)
ptolemy.util.test.WatchDog.cancel(): canceling Wed Mar 20 04:12:47 UTC 2019
------------------ testing $PTII/ptolemy/domains/de/test/auto/Records.xml
auto.tcl: Setting watchdog for 200 seconds at Wed Mar 20 04:12:47 UTC 2019
12 ms. Memory: 1065472K Free: 1036113K (97%)
ptolemy.util.test.WatchDog.cancel(): canceling Wed Mar 20 04:12:48 UTC 2019
auto.tcl: Setting watchdog for 200 seconds at Wed Mar 20 04:12:48 UTC 2019
2 ms. Memory: 1065472K Free: 1036113K (97%)
ptolemy.util.test.WatchDog.cancel(): canceling Wed Mar 20 04:12:48 UTC 2019
------------------ testing $PTII/ptolemy/domains/de/test/auto/ResetTransitionWithStartTime1.xml
auto.tcl: Setting watchdog for 200 seconds at Wed Mar 20 04:12:48 UTC 2019
11 ms. Memory: 1065472K Free: 1037277K (97%)
ptolemy.util.test.WatchDog.cancel(): canceling Wed Mar 20 04:12:48 UTC 2019
auto.tcl: Setting watchdog for 200 seconds at Wed Mar 20 04:12:48 UTC 2019
4 ms. Memory: 1065472K Free: 1036137K (97%)
ptolemy.util.test.WatchDog.cancel(): canceling Wed Mar 20 04:12:48 UTC 2019
------------------ testing $PTII/ptolemy/domains/de/test/auto/ResetTransitionWithStartTime2.xml
auto.tcl: Setting watchdog for 200 seconds at Wed Mar 20 04:12:48 UTC 2019
6 ms. Memory: 1064448K Free: 1036245K (97%)
ptolemy.util.test.WatchDog.cancel(): canceling Wed Mar 20 04:12:48 UTC 2019
auto.tcl: Setting watchdog for 200 seconds at Wed Mar 20 04:12:48 UTC 2019
7 ms. Memory: 1064448K Free: 1036245K (97%)
ptolemy.util.test.WatchDog.cancel(): canceling Wed Mar 20 04:12:48 UTC 2019
------------------ testing $PTII/ptolemy/domains/de/test/auto/ResetTransitionWithStartTime3.xml
auto.tcl: Setting watchdog for 200 seconds at Wed Mar 20 04:12:48 UTC 2019
8 ms. Memory: 1064960K Free: 1035616K (97%)
ptolemy.util.test.WatchDog.cancel(): canceling Wed Mar 20 04:12:48 UTC 2019
auto.tcl: Setting watchdog for 200 seconds at Wed Mar 20 04:12:48 UTC 2019
6 ms. Memory: 1064960K Free: 1035616K (97%)
ptolemy.util.test.WatchDog.cancel(): canceling Wed Mar 20 04:12:48 UTC 2019
------------------ testing $PTII/ptolemy/domains/de/test/auto/ResetTransitionWithStartTime4.xml
auto.tcl: Setting watchdog for 200 seconds at Wed Mar 20 04:12:48 UTC 2019
4 ms. Memory: 1064960K Free: 1035615K (97%)
ptolemy.util.test.WatchDog.cancel(): canceling Wed Mar 20 04:12:48 UTC 2019
auto.tcl: Setting watchdog for 200 seconds at Wed Mar 20 04:12:48 UTC 2019
4 ms. Memory: 1064960K Free: 1035615K (97%)
ptolemy.util.test.WatchDog.cancel(): canceling Wed Mar 20 04:12:48 UTC 2019
------------------ testing $PTII/ptolemy/domains/de/test/auto/ResettableTimer1.xml
auto.tcl: Setting watchdog for 200 seconds at Wed Mar 20 04:12:48 UTC 2019
4 ms. Memory: 1064960K Free: 1035610K (97%)
ptolemy.util.test.WatchDog.cancel(): canceling Wed Mar 20 04:12:48 UTC 2019
auto.tcl: Setting watchdog for 200 seconds at Wed Mar 20 04:12:48 UTC 2019
2 ms. Memory: 1064960K Free: 1035610K (97%)
ptolemy.util.test.WatchDog.cancel(): canceling Wed Mar 20 04:12:48 UTC 2019
------------------ testing $PTII/ptolemy/domains/de/test/auto/ResettableTimer2.xml
auto.tcl: Setting watchdog for 200 seconds at Wed Mar 20 04:12:48 UTC 2019
2 ms. Memory: 1064960K Free: 1036808K (97%)
ptolemy.util.test.WatchDog.cancel(): canceling Wed Mar 20 04:12:48 UTC 2019
auto.tcl: Setting watchdog for 200 seconds at Wed Mar 20 04:12:48 UTC 2019
2 ms. Memory: 1064960K Free: 1036808K (97%)
ptolemy.util.test.WatchDog.cancel(): canceling Wed Mar 20 04:12:48 UTC 2019
------------------ testing $PTII/ptolemy/domains/de/test/auto/ResettableTimer3.xml
auto.tcl: Setting watchdog for 200 seconds at Wed Mar 20 04:12:48 UTC 2019
1 ms. Memory: 1064960K Free: 1035667K (97%)
ptolemy.util.test.WatchDog.cancel(): canceling Wed Mar 20 04:12:48 UTC 2019
auto.tcl: Setting watchdog for 200 seconds at Wed Mar 20 04:12:48 UTC 2019
1 ms. Memory: 1064960K Free: 1035667K (97%)
ptolemy.util.test.WatchDog.cancel(): canceling Wed Mar 20 04:12:48 UTC 2019
------------------ testing $PTII/ptolemy/domains/de/test/auto/ResettableTimer4.xml
auto.tcl: Setting watchdog for 200 seconds at Wed Mar 20 04:12:48 UTC 2019
1 ms. Memory: 1063936K Free: 1035796K (97%)
ptolemy.util.test.WatchDog.cancel(): canceling Wed Mar 20 04:12:48 UTC 2019
auto.tcl: Setting watchdog for 200 seconds at Wed Mar 20 04:12:48 UTC 2019
1 ms. Memory: 1063936K Free: 1035796K (97%)
ptolemy.util.test.WatchDog.cancel(): canceling Wed Mar 20 04:12:48 UTC 2019
------------------ testing $PTII/ptolemy/domains/de/test/auto/ResettableTimer5.xml
auto.tcl: Setting watchdog for 200 seconds at Wed Mar 20 04:12:48 UTC 2019
2 ms. Memory: 1064448K Free: 1026486K (96%)
ptolemy.util.test.WatchDog.cancel(): canceling Wed Mar 20 04:12:48 UTC 2019
auto.tcl: Setting watchdog for 200 seconds at Wed Mar 20 04:12:48 UTC 2019
1 ms. Memory: 1064448K Free: 1026486K (96%)
ptolemy.util.test.WatchDog.cancel(): canceling Wed Mar 20 04:12:48 UTC 2019
------------------ testing $PTII/ptolemy/domains/de/test/auto/ResettableTimer6.xml
auto.tcl: Setting watchdog for 200 seconds at Wed Mar 20 04:12:48 UTC 2019
2 ms. Memory: 1064448K Free: 1025296K (96%)
ptolemy.util.test.WatchDog.cancel(): canceling Wed Mar 20 04:12:48 UTC 2019
auto.tcl: Setting watchdog for 200 seconds at Wed Mar 20 04:12:48 UTC 2019
1 ms. Memory: 1064448K Free: 1025296K (96%)
ptolemy.util.test.WatchDog.cancel(): canceling Wed Mar 20 04:12:48 UTC 2019
------------------ testing $PTII/ptolemy/domains/de/test/auto/ServerZeroDelay.xml
auto.tcl: Setting watchdog for 200 seconds at Wed Mar 20 04:12:48 UTC 2019
4 ms. Memory: 1064448K Free: 1036247K (97%)
ptolemy.util.test.WatchDog.cancel(): canceling Wed Mar 20 04:12:48 UTC 2019
auto.tcl: Setting watchdog for 200 seconds at Wed Mar 20 04:12:48 UTC 2019
2 ms. Memory: 1064448K Free: 1036247K (97%)
ptolemy.util.test.WatchDog.cancel(): canceling Wed Mar 20 04:12:48 UTC 2019
------------------ testing $PTII/ptolemy/domains/de/test/auto/SmartSender.xml
auto.tcl: Setting watchdog for 200 seconds at Wed Mar 20 04:12:48 UTC 2019
3002 ms. Memory: 1064448K Free: 1026422K (96%)
ptolemy.util.test.WatchDog.cancel(): canceling Wed Mar 20 04:12:51 UTC 2019
auto.tcl: Setting watchdog for 200 seconds at Wed Mar 20 04:12:51 UTC 2019
3002 ms. Memory: 1064448K Free: 1026422K (96%)
ptolemy.util.test.WatchDog.cancel(): canceling Wed Mar 20 04:12:54 UTC 2019
------------------ testing $PTII/ptolemy/domains/de/test/auto/ThreadedComposite.xml
auto.tcl: Setting watchdog for 200 seconds at Wed Mar 20 04:12:54 UTC 2019
201 ms. Memory: 1064448K Free: 1005655K (94%)
ptolemy.util.test.WatchDog.cancel(): canceling Wed Mar 20 04:12:55 UTC 2019
auto.tcl: Setting watchdog for 200 seconds at Wed Mar 20 04:12:55 UTC 2019
123 ms. Memory: 1064448K Free: 972367K (91%)
ptolemy.util.test.WatchDog.cancel(): canceling Wed Mar 20 04:12:55 UTC 2019
------------------ testing $PTII/ptolemy/domains/de/test/auto/Time.xml
auto.tcl: Setting watchdog for 200 seconds at Wed Mar 20 04:12:55 UTC 2019
514 ms. Memory: 1064448K Free: 985726K (93%)
ptolemy.util.test.WatchDog.cancel(): canceling Wed Mar 20 04:12:55 UTC 2019
auto.tcl: Setting watchdog for 200 seconds at Wed Mar 20 04:12:55 UTC 2019
457 ms. Memory: 1064448K Free: 931134K (87%)
ptolemy.util.test.WatchDog.cancel(): canceling Wed Mar 20 04:12:56 UTC 2019
------------------ testing $PTII/ptolemy/domains/de/test/auto/TimeDelayZeroDelay.xml
auto.tcl: Setting watchdog for 200 seconds at Wed Mar 20 04:12:56 UTC 2019
2 ms. Memory: 1064448K Free: 1035021K (97%)
ptolemy.util.test.WatchDog.cancel(): canceling Wed Mar 20 04:12:56 UTC 2019
auto.tcl: Setting watchdog for 200 seconds at Wed Mar 20 04:12:56 UTC 2019
2 ms. Memory: 1064448K Free: 1035021K (97%)
ptolemy.util.test.WatchDog.cancel(): canceling Wed Mar 20 04:12:56 UTC 2019
------------------ testing $PTII/ptolemy/domains/de/test/auto/TimerZeroDelay.xml
auto.tcl: Setting watchdog for 200 seconds at Wed Mar 20 04:12:56 UTC 2019
2 ms. Memory: 1063424K Free: 1035181K (97%)
ptolemy.util.test.WatchDog.cancel(): canceling Wed Mar 20 04:12:56 UTC 2019
auto.tcl: Setting watchdog for 200 seconds at Wed Mar 20 04:12:56 UTC 2019
2 ms. Memory: 1063424K Free: 1035181K (97%)
ptolemy.util.test.WatchDog.cancel(): canceling Wed Mar 20 04:12:56 UTC 2019
------------------ testing $PTII/ptolemy/domains/de/test/auto/TimingParadox.xml
auto.tcl: Setting watchdog for 200 seconds at Wed Mar 20 04:12:56 UTC 2019
330 ms. Memory: 1063936K Free: 977764K (92%)
ptolemy.util.test.WatchDog.cancel(): canceling Wed Mar 20 04:12:56 UTC 2019
auto.tcl: Setting watchdog for 200 seconds at Wed Mar 20 04:12:56 UTC 2019
328 ms. Memory: 1063936K Free: 936821K (88%)
ptolemy.util.test.WatchDog.cancel(): canceling Wed Mar 20 04:12:57 UTC 2019
------------------ testing $PTII/ptolemy/domains/de/test/auto/TransferInputs.xml
auto.tcl: Setting watchdog for 200 seconds at Wed Mar 20 04:12:57 UTC 2019
2 ms. Memory: 1063424K Free: 1034154K (97%)
ptolemy.util.test.WatchDog.cancel(): canceling Wed Mar 20 04:12:57 UTC 2019
auto.tcl: Setting watchdog for 200 seconds at Wed Mar 20 04:12:57 UTC 2019
2 ms. Memory: 1063424K Free: 1034154K (97%)
ptolemy.util.test.WatchDog.cancel(): canceling Wed Mar 20 04:12:57 UTC 2019
------------------ testing $PTII/ptolemy/domains/de/test/auto/TransferOutputs2.xml
auto.tcl: Setting watchdog for 200 seconds at Wed Mar 20 04:12:57 UTC 2019
2 ms. Memory: 1063936K Free: 1025952K (96%)
ptolemy.util.test.WatchDog.cancel(): canceling Wed Mar 20 04:12:57 UTC 2019
auto.tcl: Setting watchdog for 200 seconds at Wed Mar 20 04:12:57 UTC 2019
3 ms. Memory: 1063936K Free: 1025952K (96%)
ptolemy.util.test.WatchDog.cancel(): canceling Wed Mar 20 04:12:57 UTC 2019
------------------ testing $PTII/ptolemy/domains/de/test/auto/Trilateration.xml
auto.tcl: Setting watchdog for 200 seconds at Wed Mar 20 04:12:57 UTC 2019
12815 ms. Memory: 933376K Free: 776385K (83%)
ptolemy.util.test.WatchDog.cancel(): canceling Wed Mar 20 04:13:11 UTC 2019
auto.tcl: Setting watchdog for 200 seconds at Wed Mar 20 04:13:11 UTC 2019
10134 ms. Memory: 812544K Free: 467743K (58%)
ptolemy.util.test.WatchDog.cancel(): canceling Wed Mar 20 04:13:21 UTC 2019
------------------ testing $PTII/ptolemy/domains/de/test/auto/TwoSigmaDelta.xml
auto.tcl: Setting watchdog for 200 seconds at Wed Mar 20 04:13:21 UTC 2019
2637 ms. Memory: 816640K Free: 511324K (63%)
ptolemy.util.test.WatchDog.cancel(): canceling Wed Mar 20 04:13:24 UTC 2019
auto.tcl: Setting watchdog for 200 seconds at Wed Mar 20 04:13:24 UTC 2019
2042 ms. Memory: 816640K Free: 272177K (33%)
ptolemy.util.test.WatchDog.cancel(): canceling Wed Mar 20 04:13:26 UTC 2019
------------------ testing $PTII/ptolemy/domains/de/test/auto/VariableDelay.xml
auto.tcl: Setting watchdog for 200 seconds at Wed Mar 20 04:13:26 UTC 2019
3 ms. Memory: 813056K Free: 789765K (97%)
ptolemy.util.test.WatchDog.cancel(): canceling Wed Mar 20 04:13:26 UTC 2019
auto.tcl: Setting watchdog for 200 seconds at Wed Mar 20 04:13:26 UTC 2019
1 ms. Memory: 813056K Free: 789765K (97%)
ptolemy.util.test.WatchDog.cancel(): canceling Wed Mar 20 04:13:26 UTC 2019
------------------ testing $PTII/ptolemy/domains/de/test/auto/VariableDelay2.xml
auto.tcl: Setting watchdog for 200 seconds at Wed Mar 20 04:13:26 UTC 2019
2 ms. Memory: 812544K Free: 789764K (97%)
ptolemy.util.test.WatchDog.cancel(): canceling Wed Mar 20 04:13:26 UTC 2019
auto.tcl: Setting watchdog for 200 seconds at Wed Mar 20 04:13:26 UTC 2019
1 ms. Memory: 812544K Free: 789764K (97%)
ptolemy.util.test.WatchDog.cancel(): canceling Wed Mar 20 04:13:26 UTC 2019
------------------ testing $PTII/ptolemy/domains/de/test/auto/VariableDelayZeroDelay.xml
auto.tcl: Setting watchdog for 200 seconds at Wed Mar 20 04:13:26 UTC 2019
3 ms. Memory: 812544K Free: 789763K (97%)
ptolemy.util.test.WatchDog.cancel(): canceling Wed Mar 20 04:13:26 UTC 2019
auto.tcl: Setting watchdog for 200 seconds at Wed Mar 20 04:13:26 UTC 2019
1 ms. Memory: 812544K Free: 789763K (97%)
ptolemy.util.test.WatchDog.cancel(): canceling Wed Mar 20 04:13:26 UTC 2019
------------------ testing $PTII/ptolemy/domains/de/test/auto/VariableDelayZeroDelay2.xml
auto.tcl: Setting watchdog for 200 seconds at Wed Mar 20 04:13:26 UTC 2019
1 ms. Memory: 816128K Free: 786034K (96%)
ptolemy.util.test.WatchDog.cancel(): canceling Wed Mar 20 04:13:26 UTC 2019
auto.tcl: Setting watchdog for 200 seconds at Wed Mar 20 04:13:26 UTC 2019
2 ms. Memory: 816128K Free: 786034K (96%)
ptolemy.util.test.WatchDog.cancel(): canceling Wed Mar 20 04:13:26 UTC 2019
------------------ testing $PTII/ptolemy/domains/de/test/auto/deInCt.xml
auto.tcl: Setting watchdog for 200 seconds at Wed Mar 20 04:13:26 UTC 2019
0
1
1
0
0
0
1
1
1
0
0
0
0
1
1
1
1
0
0
1
1
1
1
1
0
0
0
1
1
1
0
0
0
1
1
1
0
0
0
1
1
1
1
11 ms. Memory: 812544K Free: 782348K (96%)
ptolemy.util.test.WatchDog.cancel(): canceling Wed Mar 20 04:13:26 UTC 2019
auto.tcl: Setting watchdog for 200 seconds at Wed Mar 20 04:13:26 UTC 2019
0
1
1
0
0
0
1
1
1
0
0
0
1
1
1
0
0
0
1
1
1
1
0
0
0
0
1
1
1
0
0
0
0
1
1
1
1
0
0
0
1
1
1
0
0
0
0
9 ms. Memory: 812544K Free: 782348K (96%)
ptolemy.util.test.WatchDog.cancel(): canceling Wed Mar 20 04:13:26 UTC 2019
------------------ testing $PTII/ptolemy/domains/de/test/auto/deInCt2.xml
auto.tcl: Setting watchdog for 200 seconds at Wed Mar 20 04:13:26 UTC 2019
0
1
1
1
0
0
1
1
1
0
0
1
1
1
0
0
1
1
1
0
0
1
1
1
0
0
1
1
1
0
0
1
1
1
0
0
1
1
1
0
0
0
18 ms. Memory: 815616K Free: 785420K (96%)
ptolemy.util.test.WatchDog.cancel(): canceling Wed Mar 20 04:13:26 UTC 2019
auto.tcl: Setting watchdog for 200 seconds at Wed Mar 20 04:13:26 UTC 2019
0
1
1
1
0
0
1
1
1
0
0
1
1
1
0
0
1
1
1
0
0
1
1
1
0
0
1
1
1
0
0
1
1
1
0
0
1
1
1
0
0
0
5 ms. Memory: 815616K Free: 785420K (96%)
ptolemy.util.test.WatchDog.cancel(): canceling Wed Mar 20 04:13:26 UTC 2019
------------------ testing $PTII/ptolemy/domains/de/test/auto/dynamicCausalityInterface1.xml
auto.tcl: Setting watchdog for 200 seconds at Wed Mar 20 04:13:26 UTC 2019
3 ms. Memory: 812544K Free: 789753K (97%)
ptolemy.util.test.WatchDog.cancel(): canceling Wed Mar 20 04:13:26 UTC 2019
auto.tcl: Setting watchdog for 200 seconds at Wed Mar 20 04:13:26 UTC 2019
1 ms. Memory: 812544K Free: 789753K (97%)
ptolemy.util.test.WatchDog.cancel(): canceling Wed Mar 20 04:13:26 UTC 2019
------------------ testing $PTII/ptolemy/domains/de/test/auto/fsm_de_test.xml
auto.tcl: Setting watchdog for 200 seconds at Wed Mar 20 04:13:26 UTC 2019
15 ms. Memory: 815104K Free: 784896K (96%)
ptolemy.util.test.WatchDog.cancel(): canceling Wed Mar 20 04:13:26 UTC 2019
auto.tcl: Setting watchdog for 200 seconds at Wed Mar 20 04:13:26 UTC 2019
5 ms. Memory: 815104K Free: 784896K (96%)
ptolemy.util.test.WatchDog.cancel(): canceling Wed Mar 20 04:13:26 UTC 2019
------------------ testing $PTII/ptolemy/domains/de/test/auto/functionDependencyReconstruction.xml
auto.tcl: Setting watchdog for 200 seconds at Wed Mar 20 04:13:26 UTC 2019
2 ms. Memory: 812544K Free: 771704K (95%)
ptolemy.util.test.WatchDog.cancel(): canceling Wed Mar 20 04:13:26 UTC 2019
auto.tcl: Setting watchdog for 200 seconds at Wed Mar 20 04:13:26 UTC 2019
2 ms. Memory: 812544K Free: 771704K (95%)
ptolemy.util.test.WatchDog.cancel(): canceling Wed Mar 20 04:13:26 UTC 2019
------------------ testing $PTII/ptolemy/domains/de/test/auto/multirate.xml
auto.tcl: Setting watchdog for 200 seconds at Wed Mar 20 04:13:26 UTC 2019
6 ms. Memory: 814592K Free: 784251K (96%)
ptolemy.util.test.WatchDog.cancel(): canceling Wed Mar 20 04:13:26 UTC 2019
auto.tcl: Setting watchdog for 200 seconds at Wed Mar 20 04:13:26 UTC 2019
6 ms. Memory: 814592K Free: 784251K (96%)
ptolemy.util.test.WatchDog.cancel(): canceling Wed Mar 20 04:13:27 UTC 2019
------------------ testing $PTII/ptolemy/domains/de/test/auto/multirate2.xml
auto.tcl: Setting watchdog for 200 seconds at Wed Mar 20 04:13:27 UTC 2019
5 ms. Memory: 812544K Free: 782391K (96%)
ptolemy.util.test.WatchDog.cancel(): canceling Wed Mar 20 04:13:27 UTC 2019
auto.tcl: Setting watchdog for 200 seconds at Wed Mar 20 04:13:27 UTC 2019
3 ms. Memory: 812544K Free: 782391K (96%)
ptolemy.util.test.WatchDog.cancel(): canceling Wed Mar 20 04:13:27 UTC 2019
------------------ testing $PTII/ptolemy/domains/de/test/auto/realtime.xml
auto.tcl: Setting watchdog for 200 seconds at Wed Mar 20 04:13:27 UTC 2019
10001 ms. Memory: 814592K Free: 784339K (96%)
ptolemy.util.test.WatchDog.cancel(): canceling Wed Mar 20 04:13:37 UTC 2019
auto.tcl: Setting watchdog for 200 seconds at Wed Mar 20 04:13:37 UTC 2019
10001 ms. Memory: 814592K Free: 784339K (96%)
ptolemy.util.test.WatchDog.cancel(): canceling Wed Mar 20 04:13:47 UTC 2019
------------------ testing $PTII/ptolemy/domains/de/test/auto/relationGroup.xml
auto.tcl: Setting watchdog for 200 seconds at Wed Mar 20 04:13:47 UTC 2019
1 ms. Memory: 812544K Free: 782415K (96%)
ptolemy.util.test.WatchDog.cancel(): canceling Wed Mar 20 04:13:47 UTC 2019
auto.tcl: Setting watchdog for 200 seconds at Wed Mar 20 04:13:47 UTC 2019
1 ms. Memory: 812544K Free: 782415K (96%)
ptolemy.util.test.WatchDog.cancel(): canceling Wed Mar 20 04:13:47 UTC 2019
------------------ testing $PTII/ptolemy/domains/de/test/auto/relationGroup2.xml
auto.tcl: Setting watchdog for 200 seconds at Wed Mar 20 04:13:47 UTC 2019
2 ms. Memory: 814080K Free: 783978K (96%)
ptolemy.util.test.WatchDog.cancel(): canceling Wed Mar 20 04:13:47 UTC 2019
auto.tcl: Setting watchdog for 200 seconds at Wed Mar 20 04:13:47 UTC 2019
1 ms. Memory: 814080K Free: 783978K (96%)
ptolemy.util.test.WatchDog.cancel(): canceling Wed Mar 20 04:13:47 UTC 2019
------------------ testing $PTII/ptolemy/domains/de/test/auto/sortWithOpaquePorts.xml
auto.tcl: Setting watchdog for 200 seconds at Wed Mar 20 04:13:47 UTC 2019
1 ms. Memory: 812544K Free: 782442K (96%)
ptolemy.util.test.WatchDog.cancel(): canceling Wed Mar 20 04:13:47 UTC 2019
auto.tcl: Setting watchdog for 200 seconds at Wed Mar 20 04:13:47 UTC 2019
2 ms. Memory: 812544K Free: 782442K (96%)
ptolemy.util.test.WatchDog.cancel(): canceling Wed Mar 20 04:13:47 UTC 2019
------------------ testing $PTII/ptolemy/domains/de/test/auto/transferInputsandOutputs.xml
auto.tcl: Setting watchdog for 200 seconds at Wed Mar 20 04:13:47 UTC 2019
4 ms. Memory: 814080K Free: 783966K (96%)
ptolemy.util.test.WatchDog.cancel(): canceling Wed Mar 20 04:13:47 UTC 2019
auto.tcl: Setting watchdog for 200 seconds at Wed Mar 20 04:13:47 UTC 2019
1 ms. Memory: 814080K Free: 783966K (96%)
ptolemy.util.test.WatchDog.cancel(): canceling Wed Mar 20 04:13:47 UTC 2019
------------------ testing $PTII/ptolemy/domains/de/test/auto/triggerType.xml
auto.tcl: Setting watchdog for 200 seconds at Wed Mar 20 04:13:47 UTC 2019
1 ms. Memory: 812544K Free: 782380K (96%)
ptolemy.util.test.WatchDog.cancel(): canceling Wed Mar 20 04:13:47 UTC 2019
auto.tcl: Setting watchdog for 200 seconds at Wed Mar 20 04:13:47 UTC 2019
1 ms. Memory: 812544K Free: 782380K (96%)
ptolemy.util.test.WatchDog.cancel(): canceling Wed Mar 20 04:13:47 UTC 2019
03/20/19 04:13:47
Failed: 0  Total Tests: 192  ((Passed: 187, Newly Passed: 1)  Known Failed: 5) /home/travis/build/icyphy/ptII/ptolemy/domains/de/test
03/20/19 04:13:47
Failed: 0  Total Tests: 192  ((Passed: 187, Newly Passed: 1)  Known Failed: 5) /home/travis/build/icyphy/ptII/ptolemy/domains/de/test
----------------- testing (KnownFailure) /home/travis/build/icyphy/ptII/ptolemy/domains/de/test/auto/knownFailedTests/DESDFClockTest.xml
2009 ms. Memory: 813568K Free: 768736K (94%)
Known Failure: java.lang.reflect.InvocationTargetException
----------------- testing (KnownFailure) /home/travis/build/icyphy/ptII/ptolemy/domains/de/test/auto/knownFailedTests/DirectFeedback.xml
2 ms. Memory: 813568K Free: 710245K (87%)
Known Failure: java.lang.reflect.InvocationTargetException
----------------- testing (KnownFailure) /home/travis/build/icyphy/ptII/ptolemy/domains/de/test/auto/knownFailedTests/FSMSource.xml
9 ms. Memory: 813568K Free: 651754K (80%)
----------------- testing (KnownFailure) /home/travis/build/icyphy/ptII/ptolemy/domains/de/test/auto/knownFailedTests/HierarchicalModel.xml
2 ms. Memory: 813568K Free: 607869K (75%)
Known Failure: java.lang.reflect.InvocationTargetException
----------------- testing (KnownFailure) /home/travis/build/icyphy/ptII/ptolemy/domains/de/test/auto/knownFailedTests/dependencyLoop.xml
2 ms. Memory: 813568K Free: 549378K (68%)
Known Failure: java.lang.reflect.InvocationTargetException
----------------- testing (KnownFailure) /home/travis/build/icyphy/ptII/ptolemy/domains/de/test/auto/knownFailedTests/dependencyLoop2.xml
2 ms. Memory: 813568K Free: 490887K (60%)
Known Failure: java.lang.reflect.InvocationTargetException
No auto/linux-amd64/*.xml tests in /home/travis/build/icyphy/ptII/ptolemy/domains/de/test
AutoTests.java: About to close Vertx.
AutoTests.java: Vertx closed.

===========================================================================================
----------------- testing Wed Mar 20 04:13:49 UTC 2019 /home/travis/build/icyphy/ptII/ptolemy/domains/de/test/auto/ActorDepthCalculation_actorWithoutPorts.xml
----------------- Instantiating /home/travis/build/icyphy/ptII/ptolemy/domains/de/test/auto/ActorDepthCalculation_actorWithoutPorts.xml
1 ms. Memory: 813568K Free: 417773K (51%)
----------------- Invoking toplevel() on ptolemy.moml.MoMLSimpleApplication@4df848f9
----------------- Done invoking toplevel() on ptolemy.moml.MoMLSimpleApplication@4df848f9
reloadAllAccessors: .ActorDepthCalculation_actorWithoutPorts

===========================================================================================
----------------- testing Wed Mar 20 04:13:49 UTC 2019 /home/travis/build/icyphy/ptII/ptolemy/domains/de/test/auto/AssemblyLine.xml
----------------- Instantiating /home/travis/build/icyphy/ptII/ptolemy/domains/de/test/auto/AssemblyLine.xml
4 ms. Memory: 813568K Free: 388528K (48%)
----------------- Invoking toplevel() on ptolemy.moml.MoMLSimpleApplication@486c0bd3
----------------- Done invoking toplevel() on ptolemy.moml.MoMLSimpleApplication@486c0bd3
reloadAllAccessors: .AssemblyLine

===========================================================================================
----------------- testing Wed Mar 20 04:13:49 UTC 2019 /home/travis/build/icyphy/ptII/ptolemy/domains/de/test/auto/CQBug1.xml
----------------- Instantiating /home/travis/build/icyphy/ptII/ptolemy/domains/de/test/auto/CQBug1.xml
0 ms. Memory: 813568K Free: 359282K (44%)
----------------- Invoking toplevel() on ptolemy.moml.MoMLSimpleApplication@5728d969
----------------- Done invoking toplevel() on ptolemy.moml.MoMLSimpleApplication@5728d969
reloadAllAccessors: .CQBug1

===========================================================================================
----------------- testing Wed Mar 20 04:13:49 UTC 2019 /home/travis/build/icyphy/ptII/ptolemy/domains/de/test/auto/CancelFireAt.xml
----------------- Instantiating /home/travis/build/icyphy/ptII/ptolemy/domains/de/test/auto/CancelFireAt.xml
1 ms. Memory: 813568K Free: 330037K (41%)
----------------- Invoking toplevel() on ptolemy.moml.MoMLSimpleApplication@617b46fd
----------------- Done invoking toplevel() on ptolemy.moml.MoMLSimpleApplication@617b46fd
reloadAllAccessors: .CancelFireAt

===========================================================================================
----------------- testing Wed Mar 20 04:13:49 UTC 2019 /home/travis/build/icyphy/ptII/ptolemy/domains/de/test/auto/CausalityAndComposabilityAnalysis.xml
----------------- Instantiating /home/travis/build/icyphy/ptII/ptolemy/domains/de/test/auto/CausalityAndComposabilityAnalysis.xml
2 ms. Memory: 813568K Free: 300791K (37%)
----------------- Invoking toplevel() on ptolemy.moml.MoMLSimpleApplication@15cfd70f
----------------- Done invoking toplevel() on ptolemy.moml.MoMLSimpleApplication@15cfd70f
reloadAllAccessors: .CausalityAndComposabilityAnalysis

===========================================================================================
----------------- testing Wed Mar 20 04:13:49 UTC 2019 /home/travis/build/icyphy/ptII/ptolemy/domains/de/test/auto/CausalityInterface1.xml
----------------- Instantiating /home/travis/build/icyphy/ptII/ptolemy/domains/de/test/auto/CausalityInterface1.xml
4 ms. Memory: 813568K Free: 271546K (33%)
----------------- Invoking toplevel() on ptolemy.moml.MoMLSimpleApplication@3398e7ce
----------------- Done invoking toplevel() on ptolemy.moml.MoMLSimpleApplication@3398e7ce
reloadAllAccessors: .CausalityInterface1

===========================================================================================
----------------- testing Wed Mar 20 04:13:49 UTC 2019 /home/travis/build/icyphy/ptII/ptolemy/domains/de/test/auto/CausalityInterface15.xml
----------------- Instantiating /home/travis/build/icyphy/ptII/ptolemy/domains/de/test/auto/CausalityInterface15.xml
1 ms. Memory: 813568K Free: 242300K (30%)
----------------- Invoking toplevel() on ptolemy.moml.MoMLSimpleApplication@3d90af99
----------------- Done invoking toplevel() on ptolemy.moml.MoMLSimpleApplication@3d90af99
reloadAllAccessors: .CausalityInterface15

===========================================================================================
----------------- testing Wed Mar 20 04:13:49 UTC 2019 /home/travis/build/icyphy/ptII/ptolemy/domains/de/test/auto/CausalityInterface2.xml
----------------- Instantiating /home/travis/build/icyphy/ptII/ptolemy/domains/de/test/auto/CausalityInterface2.xml
1 ms. Memory: 813568K Free: 213055K (26%)
----------------- Invoking toplevel() on ptolemy.moml.MoMLSimpleApplication@75750cec
----------------- Done invoking toplevel() on ptolemy.moml.MoMLSimpleApplication@75750cec
reloadAllAccessors: .CausalityInterface2

===========================================================================================
----------------- testing Wed Mar 20 04:13:49 UTC 2019 /home/travis/build/icyphy/ptII/ptolemy/domains/de/test/auto/CausalityInterface3.xml
----------------- Instantiating /home/travis/build/icyphy/ptII/ptolemy/domains/de/test/auto/CausalityInterface3.xml
2 ms. Memory: 813568K Free: 183809K (23%)
----------------- Invoking toplevel() on ptolemy.moml.MoMLSimpleApplication@40527e63
----------------- Done invoking toplevel() on ptolemy.moml.MoMLSimpleApplication@40527e63
reloadAllAccessors: .CausalityInterface3

===========================================================================================
----------------- testing Wed Mar 20 04:13:49 UTC 2019 /home/travis/build/icyphy/ptII/ptolemy/domains/de/test/auto/ClockDrift.xml
----------------- Instantiating /home/travis/build/icyphy/ptII/ptolemy/domains/de/test/auto/ClockDrift.xml
9 ms. Memory: 813568K Free: 154564K (19%)
----------------- Invoking toplevel() on ptolemy.moml.MoMLSimpleApplication@2deae583
----------------- Done invoking toplevel() on ptolemy.moml.MoMLSimpleApplication@2deae583
reloadAllAccessors: .ClockDrift

===========================================================================================
----------------- testing Wed Mar 20 04:13:49 UTC 2019 /home/travis/build/icyphy/ptII/ptolemy/domains/de/test/auto/ClockDriftAndValueChange.xml
----------------- Instantiating /home/travis/build/icyphy/ptII/ptolemy/domains/de/test/auto/ClockDriftAndValueChange.xml
8 ms. Memory: 813568K Free: 125318K (15%)
----------------- Invoking toplevel() on ptolemy.moml.MoMLSimpleApplication@75cc557
----------------- Done invoking toplevel() on ptolemy.moml.MoMLSimpleApplication@75cc557
reloadAllAccessors: .ClockDriftAndValueChange

===========================================================================================
----------------- testing Wed Mar 20 04:13:49 UTC 2019 /home/travis/build/icyphy/ptII/ptolemy/domains/de/test/auto/ClockDriftChange.xml
----------------- Instantiating /home/travis/build/icyphy/ptII/ptolemy/domains/de/test/auto/ClockDriftChange.xml
7 ms. Memory: 813568K Free: 96073K (12%)
----------------- Invoking toplevel() on ptolemy.moml.MoMLSimpleApplication@1c2f0863
----------------- Done invoking toplevel() on ptolemy.moml.MoMLSimpleApplication@1c2f0863
reloadAllAccessors: .ClockDriftChange

===========================================================================================
----------------- testing Wed Mar 20 04:13:49 UTC 2019 /home/travis/build/icyphy/ptII/ptolemy/domains/de/test/auto/ComposableCausalityAnalysis.xml
----------------- Instantiating /home/travis/build/icyphy/ptII/ptolemy/domains/de/test/auto/ComposableCausalityAnalysis.xml
1 ms. Memory: 813568K Free: 77567K (10%)
----------------- Invoking toplevel() on ptolemy.moml.MoMLSimpleApplication@b713e36
----------------- Done invoking toplevel() on ptolemy.moml.MoMLSimpleApplication@b713e36
reloadAllAccessors: .ComposableCausalityAnalysis

===========================================================================================
----------------- testing Wed Mar 20 04:13:49 UTC 2019 /home/travis/build/icyphy/ptII/ptolemy/domains/de/test/auto/DEFixedPointLimitation.xml
----------------- Instantiating /home/travis/build/icyphy/ptII/ptolemy/domains/de/test/auto/DEFixedPointLimitation.xml
0 ms. Memory: 777728K Free: 744753K (96%)
----------------- Invoking toplevel() on ptolemy.moml.MoMLSimpleApplication@281077af
----------------- Done invoking toplevel() on ptolemy.moml.MoMLSimpleApplication@281077af
reloadAllAccessors: .DEFixedPointLimitation

===========================================================================================
----------------- testing Wed Mar 20 04:13:49 UTC 2019 /home/travis/build/icyphy/ptII/ptolemy/domains/de/test/auto/DEScheduleTest.xml
----------------- Instantiating /home/travis/build/icyphy/ptII/ptolemy/domains/de/test/auto/DEScheduleTest.xml
1 ms. Memory: 777728K Free: 710324K (91%)
----------------- Invoking toplevel() on ptolemy.moml.MoMLSimpleApplication@7557b67d
----------------- Done invoking toplevel() on ptolemy.moml.MoMLSimpleApplication@7557b67d
reloadAllAccessors: .DEScheduleTest

===========================================================================================
----------------- testing Wed Mar 20 04:13:49 UTC 2019 /home/travis/build/icyphy/ptII/ptolemy/domains/de/test/auto/DEinDEwithStartTimes.xml
----------------- Instantiating /home/travis/build/icyphy/ptII/ptolemy/domains/de/test/auto/DEinDEwithStartTimes.xml
1 ms. Memory: 777728K Free: 682471K (88%)
----------------- Invoking toplevel() on ptolemy.moml.MoMLSimpleApplication@563a92f4
----------------- Done invoking toplevel() on ptolemy.moml.MoMLSimpleApplication@563a92f4
reloadAllAccessors: .DEinDEwithStartTimes

===========================================================================================
----------------- testing Wed Mar 20 04:13:49 UTC 2019 /home/travis/build/icyphy/ptII/ptolemy/domains/de/test/auto/DEinDEwithStartTimes2.xml
----------------- Instantiating /home/travis/build/icyphy/ptII/ptolemy/domains/de/test/auto/DEinDEwithStartTimes2.xml
1 ms. Memory: 777728K Free: 654618K (84%)
----------------- Invoking toplevel() on ptolemy.moml.MoMLSimpleApplication@38c1801
----------------- Done invoking toplevel() on ptolemy.moml.MoMLSimpleApplication@38c1801
reloadAllAccessors: .DEinDEwithStartTimes2

===========================================================================================
----------------- testing Wed Mar 20 04:13:49 UTC 2019 /home/travis/build/icyphy/ptII/ptolemy/domains/de/test/auto/DateDemo.xml
----------------- Instantiating /home/travis/build/icyphy/ptII/ptolemy/domains/de/test/auto/DateDemo.xml
3 ms. Memory: 777728K Free: 626704K (81%)
----------------- Invoking toplevel() on ptolemy.moml.MoMLSimpleApplication@443ee839
----------------- Done invoking toplevel() on ptolemy.moml.MoMLSimpleApplication@443ee839
reloadAllAccessors: .DateDemo

===========================================================================================
----------------- testing Wed Mar 20 04:13:49 UTC 2019 /home/travis/build/icyphy/ptII/ptolemy/domains/de/test/auto/DateToEvent.xml
----------------- Instantiating /home/travis/build/icyphy/ptII/ptolemy/domains/de/test/auto/DateToEvent.xml
2003 ms. Memory: 777728K Free: 584925K (75%)
----------------- Invoking toplevel() on ptolemy.moml.MoMLSimpleApplication@240f500d
----------------- Done invoking toplevel() on ptolemy.moml.MoMLSimpleApplication@240f500d
reloadAllAccessors: .DateToEvent

===========================================================================================
----------------- testing Wed Mar 20 04:13:51 UTC 2019 /home/travis/build/icyphy/ptII/ptolemy/domains/de/test/auto/DepthTest1.xml
----------------- Instantiating /home/travis/build/icyphy/ptII/ptolemy/domains/de/test/auto/DepthTest1.xml
1 ms. Memory: 777728K Free: 557072K (72%)
----------------- Invoking toplevel() on ptolemy.moml.MoMLSimpleApplication@12889296
----------------- Done invoking toplevel() on ptolemy.moml.MoMLSimpleApplication@12889296
reloadAllAccessors: .DepthTest1

===========================================================================================
----------------- testing Wed Mar 20 04:13:51 UTC 2019 /home/travis/build/icyphy/ptII/ptolemy/domains/de/test/auto/DepthTest2.xml
----------------- Instantiating /home/travis/build/icyphy/ptII/ptolemy/domains/de/test/auto/DepthTest2.xml
1 ms. Memory: 777728K Free: 529219K (68%)
----------------- Invoking toplevel() on ptolemy.moml.MoMLSimpleApplication@5f6a1cdd
----------------- Done invoking toplevel() on ptolemy.moml.MoMLSimpleApplication@5f6a1cdd
reloadAllAccessors: .DepthTest2

===========================================================================================
----------------- testing Wed Mar 20 04:13:51 UTC 2019 /home/travis/build/icyphy/ptII/ptolemy/domains/de/test/auto/DepthTest3.xml
----------------- Instantiating /home/travis/build/icyphy/ptII/ptolemy/domains/de/test/auto/DepthTest3.xml
0 ms. Memory: 777728K Free: 501366K (64%)
----------------- Invoking toplevel() on ptolemy.moml.MoMLSimpleApplication@47953742
----------------- Done invoking toplevel() on ptolemy.moml.MoMLSimpleApplication@47953742
reloadAllAccessors: .DepthTest3

===========================================================================================
----------------- testing Wed Mar 20 04:13:51 UTC 2019 /home/travis/build/icyphy/ptII/ptolemy/domains/de/test/auto/DepthTest4.xml
----------------- Instantiating /home/travis/build/icyphy/ptII/ptolemy/domains/de/test/auto/DepthTest4.xml
1 ms. Memory: 777728K Free: 473514K (61%)
----------------- Invoking toplevel() on ptolemy.moml.MoMLSimpleApplication@6fe757fa
----------------- Done invoking toplevel() on ptolemy.moml.MoMLSimpleApplication@6fe757fa
reloadAllAccessors: .DepthTest4

===========================================================================================
----------------- testing Wed Mar 20 04:13:51 UTC 2019 /home/travis/build/icyphy/ptII/ptolemy/domains/de/test/auto/DepthTest5.xml
----------------- Instantiating /home/travis/build/icyphy/ptII/ptolemy/domains/de/test/auto/DepthTest5.xml
1 ms. Memory: 777728K Free: 445661K (57%)
----------------- Invoking toplevel() on ptolemy.moml.MoMLSimpleApplication@5293f8c
----------------- Done invoking toplevel() on ptolemy.moml.MoMLSimpleApplication@5293f8c
reloadAllAccessors: .DepthTest5

===========================================================================================
----------------- testing Wed Mar 20 04:13:51 UTC 2019 /home/travis/build/icyphy/ptII/ptolemy/domains/de/test/auto/DepthTest6.xml
----------------- Instantiating /home/travis/build/icyphy/ptII/ptolemy/domains/de/test/auto/DepthTest6.xml
1 ms. Memory: 777728K Free: 417808K (54%)
----------------- Invoking toplevel() on ptolemy.moml.MoMLSimpleApplication@6d904564
----------------- Done invoking toplevel() on ptolemy.moml.MoMLSimpleApplication@6d904564
reloadAllAccessors: .DepthTest6

===========================================================================================
----------------- testing Wed Mar 20 04:13:51 UTC 2019 /home/travis/build/icyphy/ptII/ptolemy/domains/de/test/auto/DepthTest7.xml
----------------- Instantiating /home/travis/build/icyphy/ptII/ptolemy/domains/de/test/auto/DepthTest7.xml
1 ms. Memory: 777728K Free: 389955K (50%)
----------------- Invoking toplevel() on ptolemy.moml.MoMLSimpleApplication@24b766c
----------------- Done invoking toplevel() on ptolemy.moml.MoMLSimpleApplication@24b766c
reloadAllAccessors: .DepthTest7

===========================================================================================
----------------- testing Wed Mar 20 04:13:51 UTC 2019 /home/travis/build/icyphy/ptII/ptolemy/domains/de/test/auto/EventToDate.xml
----------------- Instantiating /home/travis/build/icyphy/ptII/ptolemy/domains/de/test/auto/EventToDate.xml
3003 ms. Memory: 777728K Free: 362102K (47%)
----------------- Invoking toplevel() on ptolemy.moml.MoMLSimpleApplication@400f7354
----------------- Done invoking toplevel() on ptolemy.moml.MoMLSimpleApplication@400f7354
reloadAllAccessors: .EventToDate

===========================================================================================
----------------- testing Wed Mar 20 04:13:54 UTC 2019 /home/travis/build/icyphy/ptII/ptolemy/domains/de/test/auto/FSM1.xml
----------------- Instantiating /home/travis/build/icyphy/ptII/ptolemy/domains/de/test/auto/FSM1.xml
6 ms. Memory: 777728K Free: 334249K (43%)
----------------- Invoking toplevel() on ptolemy.moml.MoMLSimpleApplication@7618bea2
----------------- Done invoking toplevel() on ptolemy.moml.MoMLSimpleApplication@7618bea2
reloadAllAccessors: .FSM1

===========================================================================================
----------------- testing Wed Mar 20 04:13:54 UTC 2019 /home/travis/build/icyphy/ptII/ptolemy/domains/de/test/auto/FSM7.xml
----------------- Instantiating /home/travis/build/icyphy/ptII/ptolemy/domains/de/test/auto/FSM7.xml
12 ms. Memory: 777728K Free: 299820K (39%)
----------------- Invoking toplevel() on ptolemy.moml.MoMLSimpleApplication@1e7dcf47
----------------- Done invoking toplevel() on ptolemy.moml.MoMLSimpleApplication@1e7dcf47
reloadAllAccessors: .FSM7

===========================================================================================
----------------- testing Wed Mar 20 04:13:55 UTC 2019 /home/travis/build/icyphy/ptII/ptolemy/domains/de/test/auto/Inspection.xml
----------------- Instantiating /home/travis/build/icyphy/ptII/ptolemy/domains/de/test/auto/Inspection.xml
16 ms. Memory: 777728K Free: 271968K (35%)
----------------- Invoking toplevel() on ptolemy.moml.MoMLSimpleApplication@3ab81a64
----------------- Done invoking toplevel() on ptolemy.moml.MoMLSimpleApplication@3ab81a64
reloadAllAccessors: .Inspection

===========================================================================================
----------------- testing Wed Mar 20 04:13:55 UTC 2019 /home/travis/build/icyphy/ptII/ptolemy/domains/de/test/auto/Iteration.xml
----------------- Instantiating /home/travis/build/icyphy/ptII/ptolemy/domains/de/test/auto/Iteration.xml
11 ms. Memory: 777728K Free: 244115K (31%)
----------------- Invoking toplevel() on ptolemy.moml.MoMLSimpleApplication@13e2ddfc
----------------- Done invoking toplevel() on ptolemy.moml.MoMLSimpleApplication@13e2ddfc
reloadAllAccessors: .Iteration

===========================================================================================
----------------- testing Wed Mar 20 04:13:55 UTC 2019 /home/travis/build/icyphy/ptII/ptolemy/domains/de/test/auto/LineFault.xml
----------------- Instantiating /home/travis/build/icyphy/ptII/ptolemy/domains/de/test/auto/LineFault.xml
459 ms. Memory: 777728K Free: 118745K (15%)
----------------- Invoking toplevel() on ptolemy.moml.MoMLSimpleApplication@42ecfa90
----------------- Done invoking toplevel() on ptolemy.moml.MoMLSimpleApplication@42ecfa90
reloadAllAccessors: .LineFault

===========================================================================================
----------------- testing Wed Mar 20 04:13:55 UTC 2019 /home/travis/build/icyphy/ptII/ptolemy/domains/de/test/auto/MergeModel1Add.xml
----------------- Instantiating /home/travis/build/icyphy/ptII/ptolemy/domains/de/test/auto/MergeModel1Add.xml
5 ms. Memory: 777728K Free: 76950K (10%)
----------------- Invoking toplevel() on ptolemy.moml.MoMLSimpleApplication@695f18d1
----------------- Done invoking toplevel() on ptolemy.moml.MoMLSimpleApplication@695f18d1
reloadAllAccessors: .MergeModel1Add

===========================================================================================
----------------- testing Wed Mar 20 04:13:55 UTC 2019 /home/travis/build/icyphy/ptII/ptolemy/domains/de/test/auto/MergeModel2Add.xml
----------------- Instantiating /home/travis/build/icyphy/ptII/ptolemy/domains/de/test/auto/MergeModel2Add.xml
6 ms. Memory: 745472K Free: 713361K (96%)
----------------- Invoking toplevel() on ptolemy.moml.MoMLSimpleApplication@2c9f1670
----------------- Done invoking toplevel() on ptolemy.moml.MoMLSimpleApplication@2c9f1670
reloadAllAccessors: .MergeModel2Add

===========================================================================================
----------------- testing Wed Mar 20 04:13:55 UTC 2019 /home/travis/build/icyphy/ptII/ptolemy/domains/de/test/auto/MergeModel3Add.xml
----------------- Instantiating /home/travis/build/icyphy/ptII/ptolemy/domains/de/test/auto/MergeModel3Add.xml
5 ms. Memory: 745472K Free: 682662K (92%)
----------------- Invoking toplevel() on ptolemy.moml.MoMLSimpleApplication@24f6f4d9
----------------- Done invoking toplevel() on ptolemy.moml.MoMLSimpleApplication@24f6f4d9
reloadAllAccessors: .MergeModel3Add

===========================================================================================
----------------- testing Wed Mar 20 04:13:55 UTC 2019 /home/travis/build/icyphy/ptII/ptolemy/domains/de/test/auto/MergeWithoutDiscard.xml
----------------- Instantiating /home/travis/build/icyphy/ptII/ptolemy/domains/de/test/auto/MergeWithoutDiscard.xml
2 ms. Memory: 745472K Free: 669401K (90%)
----------------- Invoking toplevel() on ptolemy.moml.MoMLSimpleApplication@68f3f6ab
----------------- Done invoking toplevel() on ptolemy.moml.MoMLSimpleApplication@68f3f6ab
reloadAllAccessors: .MergeWithoutDiscard

===========================================================================================
----------------- testing Wed Mar 20 04:13:55 UTC 2019 /home/travis/build/icyphy/ptII/ptolemy/domains/de/test/auto/Modal1.xml
----------------- Instantiating /home/travis/build/icyphy/ptII/ptolemy/domains/de/test/auto/Modal1.xml
9 ms. Memory: 745472K Free: 649456K (87%)
----------------- Invoking toplevel() on ptolemy.moml.MoMLSimpleApplication@610b68df
----------------- Done invoking toplevel() on ptolemy.moml.MoMLSimpleApplication@610b68df
reloadAllAccessors: .Modal1

===========================================================================================
----------------- testing Wed Mar 20 04:13:55 UTC 2019 /home/travis/build/icyphy/ptII/ptolemy/domains/de/test/auto/Modal2.xml
----------------- Instantiating /home/travis/build/icyphy/ptII/ptolemy/domains/de/test/auto/Modal2.xml
12 ms. Memory: 745472K Free: 629549K (84%)
----------------- Invoking toplevel() on ptolemy.moml.MoMLSimpleApplication@434730b5
----------------- Done invoking toplevel() on ptolemy.moml.MoMLSimpleApplication@434730b5
reloadAllAccessors: .Modal2

===========================================================================================
----------------- testing Wed Mar 20 04:13:55 UTC 2019 /home/travis/build/icyphy/ptII/ptolemy/domains/de/test/auto/Modal3.xml
----------------- Instantiating /home/travis/build/icyphy/ptII/ptolemy/domains/de/test/auto/Modal3.xml
8 ms. Memory: 745472K Free: 609649K (82%)
----------------- Invoking toplevel() on ptolemy.moml.MoMLSimpleApplication@33d85772
----------------- Done invoking toplevel() on ptolemy.moml.MoMLSimpleApplication@33d85772
reloadAllAccessors: .Modal3

===========================================================================================
----------------- testing Wed Mar 20 04:13:55 UTC 2019 /home/travis/build/icyphy/ptII/ptolemy/domains/de/test/auto/Modal4.xml
----------------- Instantiating /home/travis/build/icyphy/ptII/ptolemy/domains/de/test/auto/Modal4.xml
8 ms. Memory: 745472K Free: 589742K (79%)
----------------- Invoking toplevel() on ptolemy.moml.MoMLSimpleApplication@1ea9cb46
----------------- Done invoking toplevel() on ptolemy.moml.MoMLSimpleApplication@1ea9cb46
reloadAllAccessors: .Modal4

===========================================================================================
----------------- testing Wed Mar 20 04:13:55 UTC 2019 /home/travis/build/icyphy/ptII/ptolemy/domains/de/test/auto/Modal5.xml
----------------- Instantiating /home/travis/build/icyphy/ptII/ptolemy/domains/de/test/auto/Modal5.xml
8 ms. Memory: 745472K Free: 569835K (76%)
----------------- Invoking toplevel() on ptolemy.moml.MoMLSimpleApplication@68d1ff34
----------------- Done invoking toplevel() on ptolemy.moml.MoMLSimpleApplication@68d1ff34
reloadAllAccessors: .Modal5

===========================================================================================
----------------- testing Wed Mar 20 04:13:55 UTC 2019 /home/travis/build/icyphy/ptII/ptolemy/domains/de/test/auto/Modal6.xml
----------------- Instantiating /home/travis/build/icyphy/ptII/ptolemy/domains/de/test/auto/Modal6.xml
8 ms. Memory: 745472K Free: 549943K (74%)
----------------- Invoking toplevel() on ptolemy.moml.MoMLSimpleApplication@7ff827b6
----------------- Done invoking toplevel() on ptolemy.moml.MoMLSimpleApplication@7ff827b6
reloadAllAccessors: .Modal6

===========================================================================================
----------------- testing Wed Mar 20 04:13:56 UTC 2019 /home/travis/build/icyphy/ptII/ptolemy/domains/de/test/auto/Modal7.xml
----------------- Instantiating /home/travis/build/icyphy/ptII/ptolemy/domains/de/test/auto/Modal7.xml
8 ms. Memory: 745472K Free: 525874K (71%)
----------------- Invoking toplevel() on ptolemy.moml.MoMLSimpleApplication@19b91f3b
----------------- Done invoking toplevel() on ptolemy.moml.MoMLSimpleApplication@19b91f3b
reloadAllAccessors: .Modal7

===========================================================================================
----------------- testing Wed Mar 20 04:13:56 UTC 2019 /home/travis/build/icyphy/ptII/ptolemy/domains/de/test/auto/ModalModel.xml
----------------- Instantiating /home/travis/build/icyphy/ptII/ptolemy/domains/de/test/auto/ModalModel.xml
122 ms. Memory: 745472K Free: 452859K (61%)
----------------- Invoking toplevel() on ptolemy.moml.MoMLSimpleApplication@6e7b913
----------------- Done invoking toplevel() on ptolemy.moml.MoMLSimpleApplication@6e7b913
reloadAllAccessors: .ModalModel

===========================================================================================
----------------- testing Wed Mar 20 04:13:56 UTC 2019 /home/travis/build/icyphy/ptII/ptolemy/domains/de/test/auto/ModalSource.xml
----------------- Instantiating /home/travis/build/icyphy/ptII/ptolemy/domains/de/test/auto/ModalSource.xml
4 ms. Memory: 745472K Free: 439598K (59%)
----------------- Invoking toplevel() on ptolemy.moml.MoMLSimpleApplication@4a575b3e
----------------- Done invoking toplevel() on ptolemy.moml.MoMLSimpleApplication@4a575b3e
reloadAllAccessors: .ModalSource

===========================================================================================
----------------- testing Wed Mar 20 04:13:56 UTC 2019 /home/travis/build/icyphy/ptII/ptolemy/domains/de/test/auto/NonInterruptibleTimerZeroDelay.xml
----------------- Instantiating /home/travis/build/icyphy/ptII/ptolemy/domains/de/test/auto/NonInterruptibleTimerZeroDelay.xml
1 ms. Memory: 745472K Free: 426337K (57%)
----------------- Invoking toplevel() on ptolemy.moml.MoMLSimpleApplication@35a8e19d
----------------- Done invoking toplevel() on ptolemy.moml.MoMLSimpleApplication@35a8e19d
reloadAllAccessors: .NonInterruptibleTimerZeroDelay

===========================================================================================
----------------- testing Wed Mar 20 04:13:56 UTC 2019 /home/travis/build/icyphy/ptII/ptolemy/domains/de/test/auto/OpenQueueingNetwork.xml
----------------- Instantiating /home/travis/build/icyphy/ptII/ptolemy/domains/de/test/auto/OpenQueueingNetwork.xml
1855 ms. Memory: 714240K Free: 437905K (61%)
----------------- Invoking toplevel() on ptolemy.moml.MoMLSimpleApplication@3b9d95ca
----------------- Done invoking toplevel() on ptolemy.moml.MoMLSimpleApplication@3b9d95ca
reloadAllAccessors: .OpenQueueingNetwork

===========================================================================================
----------------- testing Wed Mar 20 04:13:58 UTC 2019 /home/travis/build/icyphy/ptII/ptolemy/domains/de/test/auto/OpenQueuingNetwork.xml
----------------- Instantiating /home/travis/build/icyphy/ptII/ptolemy/domains/de/test/auto/OpenQueuingNetwork.xml
204 ms. Memory: 714240K Free: 339105K (47%)
----------------- Invoking toplevel() on ptolemy.moml.MoMLSimpleApplication@7f9fb1f9
----------------- Done invoking toplevel() on ptolemy.moml.MoMLSimpleApplication@7f9fb1f9
reloadAllAccessors: .OpenQueuingNetwork

===========================================================================================
----------------- testing Wed Mar 20 04:13:58 UTC 2019 /home/travis/build/icyphy/ptII/ptolemy/domains/de/test/auto/PeriodicSampler.xml
----------------- Instantiating /home/travis/build/icyphy/ptII/ptolemy/domains/de/test/auto/PeriodicSampler.xml
1 ms. Memory: 714240K Free: 330681K (46%)
----------------- Invoking toplevel() on ptolemy.moml.MoMLSimpleApplication@62dc745
----------------- Done invoking toplevel() on ptolemy.moml.MoMLSimpleApplication@62dc745
reloadAllAccessors: .PeriodicSampler

===========================================================================================
----------------- testing Wed Mar 20 04:13:58 UTC 2019 /home/travis/build/icyphy/ptII/ptolemy/domains/de/test/auto/PersistentIO.xml
----------------- Instantiating /home/travis/build/icyphy/ptII/ptolemy/domains/de/test/auto/PersistentIO.xml
3 ms. Memory: 714240K Free: 318028K (45%)
----------------- Invoking toplevel() on ptolemy.moml.MoMLSimpleApplication@4ec0df40
----------------- Done invoking toplevel() on ptolemy.moml.MoMLSimpleApplication@4ec0df40
reloadAllAccessors: .PersistentIO

===========================================================================================
----------------- testing Wed Mar 20 04:13:58 UTC 2019 /home/travis/build/icyphy/ptII/ptolemy/domains/de/test/auto/PortParameterResetOnInitialize.xml
----------------- Instantiating /home/travis/build/icyphy/ptII/ptolemy/domains/de/test/auto/PortParameterResetOnInitialize.xml
1 ms. Memory: 714240K Free: 309604K (43%)
----------------- Invoking toplevel() on ptolemy.moml.MoMLSimpleApplication@63c85a2f
----------------- Done invoking toplevel() on ptolemy.moml.MoMLSimpleApplication@63c85a2f
reloadAllAccessors: .PortParameterResetOnInitialize

===========================================================================================
----------------- testing Wed Mar 20 04:13:58 UTC 2019 /home/travis/build/icyphy/ptII/ptolemy/domains/de/test/auto/PortParameterUpdates.xml
----------------- Instantiating /home/travis/build/icyphy/ptII/ptolemy/domains/de/test/auto/PortParameterUpdates.xml
4 ms. Memory: 714240K Free: 296960K (42%)
----------------- Invoking toplevel() on ptolemy.moml.MoMLSimpleApplication@45f33050
----------------- Done invoking toplevel() on ptolemy.moml.MoMLSimpleApplication@45f33050
reloadAllAccessors: .PortParameterUpdates

===========================================================================================
----------------- testing Wed Mar 20 04:13:58 UTC 2019 /home/travis/build/icyphy/ptII/ptolemy/domains/de/test/auto/QueueAndServer.xml
----------------- Instantiating /home/travis/build/icyphy/ptII/ptolemy/domains/de/test/auto/QueueAndServer.xml
5 ms. Memory: 714240K Free: 281660K (39%)
----------------- Invoking toplevel() on ptolemy.moml.MoMLSimpleApplication@401068fd
----------------- Done invoking toplevel() on ptolemy.moml.MoMLSimpleApplication@401068fd
reloadAllAccessors: .QueueAndServer

===========================================================================================
----------------- testing Wed Mar 20 04:13:58 UTC 2019 /home/travis/build/icyphy/ptII/ptolemy/domains/de/test/auto/Records.xml
----------------- Instantiating /home/travis/build/icyphy/ptII/ptolemy/domains/de/test/auto/Records.xml
3 ms. Memory: 714240K Free: 269008K (38%)
----------------- Invoking toplevel() on ptolemy.moml.MoMLSimpleApplication@139908d0
----------------- Done invoking toplevel() on ptolemy.moml.MoMLSimpleApplication@139908d0
reloadAllAccessors: .Records

===========================================================================================
----------------- testing Wed Mar 20 04:13:58 UTC 2019 /home/travis/build/icyphy/ptII/ptolemy/domains/de/test/auto/ResetTransitionWithStartTime1.xml
----------------- Instantiating /home/travis/build/icyphy/ptII/ptolemy/domains/de/test/auto/ResetTransitionWithStartTime1.xml
4 ms. Memory: 714240K Free: 256356K (36%)
----------------- Invoking toplevel() on ptolemy.moml.MoMLSimpleApplication@37e3d21a
----------------- Done invoking toplevel() on ptolemy.moml.MoMLSimpleApplication@37e3d21a
reloadAllAccessors: .ResetTransitionWithStartTime1

===========================================================================================
----------------- testing Wed Mar 20 04:13:58 UTC 2019 /home/travis/build/icyphy/ptII/ptolemy/domains/de/test/auto/ResetTransitionWithStartTime2.xml
----------------- Instantiating /home/travis/build/icyphy/ptII/ptolemy/domains/de/test/auto/ResetTransitionWithStartTime2.xml
3 ms. Memory: 714240K Free: 243704K (34%)
----------------- Invoking toplevel() on ptolemy.moml.MoMLSimpleApplication@6ca7509a
----------------- Done invoking toplevel() on ptolemy.moml.MoMLSimpleApplication@6ca7509a
reloadAllAccessors: .ResetTransitionWithStartTime2

===========================================================================================
----------------- testing Wed Mar 20 04:13:58 UTC 2019 /home/travis/build/icyphy/ptII/ptolemy/domains/de/test/auto/ResetTransitionWithStartTime3.xml
----------------- Instantiating /home/travis/build/icyphy/ptII/ptolemy/domains/de/test/auto/ResetTransitionWithStartTime3.xml
3 ms. Memory: 714240K Free: 231051K (32%)
----------------- Invoking toplevel() on ptolemy.moml.MoMLSimpleApplication@4cda0a06
----------------- Done invoking toplevel() on ptolemy.moml.MoMLSimpleApplication@4cda0a06
reloadAllAccessors: .ResetTransitionWithStartTime3

===========================================================================================
----------------- testing Wed Mar 20 04:13:58 UTC 2019 /home/travis/build/icyphy/ptII/ptolemy/domains/de/test/auto/ResetTransitionWithStartTime4.xml
----------------- Instantiating /home/travis/build/icyphy/ptII/ptolemy/domains/de/test/auto/ResetTransitionWithStartTime4.xml
3 ms. Memory: 714240K Free: 215774K (30%)
----------------- Invoking toplevel() on ptolemy.moml.MoMLSimpleApplication@314a8907
----------------- Done invoking toplevel() on ptolemy.moml.MoMLSimpleApplication@314a8907
reloadAllAccessors: .ResetTransitionWithStartTime4

===========================================================================================
----------------- testing Wed Mar 20 04:13:58 UTC 2019 /home/travis/build/icyphy/ptII/ptolemy/domains/de/test/auto/ResettableTimer1.xml
----------------- Instantiating /home/travis/build/icyphy/ptII/ptolemy/domains/de/test/auto/ResettableTimer1.xml
2 ms. Memory: 714240K Free: 207350K (29%)
----------------- Invoking toplevel() on ptolemy.moml.MoMLSimpleApplication@4725291d
----------------- Done invoking toplevel() on ptolemy.moml.MoMLSimpleApplication@4725291d
reloadAllAccessors: .ResettableTimer1

===========================================================================================
----------------- testing Wed Mar 20 04:13:58 UTC 2019 /home/travis/build/icyphy/ptII/ptolemy/domains/de/test/auto/ResettableTimer2.xml
----------------- Instantiating /home/travis/build/icyphy/ptII/ptolemy/domains/de/test/auto/ResettableTimer2.xml
1 ms. Memory: 714240K Free: 198926K (28%)
----------------- Invoking toplevel() on ptolemy.moml.MoMLSimpleApplication@211aa404
----------------- Done invoking toplevel() on ptolemy.moml.MoMLSimpleApplication@211aa404
reloadAllAccessors: .ResettableTimer2

===========================================================================================
----------------- testing Wed Mar 20 04:13:58 UTC 2019 /home/travis/build/icyphy/ptII/ptolemy/domains/de/test/auto/ResettableTimer3.xml
----------------- Instantiating /home/travis/build/icyphy/ptII/ptolemy/domains/de/test/auto/ResettableTimer3.xml
1 ms. Memory: 714240K Free: 190502K (27%)
----------------- Invoking toplevel() on ptolemy.moml.MoMLSimpleApplication@30551c35
----------------- Done invoking toplevel() on ptolemy.moml.MoMLSimpleApplication@30551c35
reloadAllAccessors: .ResettableTimer3

===========================================================================================
----------------- testing Wed Mar 20 04:13:58 UTC 2019 /home/travis/build/icyphy/ptII/ptolemy/domains/de/test/auto/ResettableTimer4.xml
----------------- Instantiating /home/travis/build/icyphy/ptII/ptolemy/domains/de/test/auto/ResettableTimer4.xml
1 ms. Memory: 714240K Free: 182078K (25%)
----------------- Invoking toplevel() on ptolemy.moml.MoMLSimpleApplication@74c28ff
----------------- Done invoking toplevel() on ptolemy.moml.MoMLSimpleApplication@74c28ff
reloadAllAccessors: .ResettableTimer4

===========================================================================================
----------------- testing Wed Mar 20 04:13:58 UTC 2019 /home/travis/build/icyphy/ptII/ptolemy/domains/de/test/auto/ResettableTimer5.xml
----------------- Instantiating /home/travis/build/icyphy/ptII/ptolemy/domains/de/test/auto/ResettableTimer5.xml
1 ms. Memory: 714240K Free: 171029K (24%)
----------------- Invoking toplevel() on ptolemy.moml.MoMLSimpleApplication@3f91481a
----------------- Done invoking toplevel() on ptolemy.moml.MoMLSimpleApplication@3f91481a
reloadAllAccessors: .ResettableTimer5

===========================================================================================
----------------- testing Wed Mar 20 04:13:58 UTC 2019 /home/travis/build/icyphy/ptII/ptolemy/domains/de/test/auto/ResettableTimer6.xml
----------------- Instantiating /home/travis/build/icyphy/ptII/ptolemy/domains/de/test/auto/ResettableTimer6.xml
5 ms. Memory: 714240K Free: 162605K (23%)
----------------- Invoking toplevel() on ptolemy.moml.MoMLSimpleApplication@6edf37e3
----------------- Done invoking toplevel() on ptolemy.moml.MoMLSimpleApplication@6edf37e3
reloadAllAccessors: .ResettableTimer6

===========================================================================================
----------------- testing Wed Mar 20 04:13:58 UTC 2019 /home/travis/build/icyphy/ptII/ptolemy/domains/de/test/auto/ServerZeroDelay.xml
----------------- Instantiating /home/travis/build/icyphy/ptII/ptolemy/domains/de/test/auto/ServerZeroDelay.xml
2 ms. Memory: 714240K Free: 154181K (22%)
----------------- Invoking toplevel() on ptolemy.moml.MoMLSimpleApplication@31e7bce1
----------------- Done invoking toplevel() on ptolemy.moml.MoMLSimpleApplication@31e7bce1
reloadAllAccessors: .ServerZeroDelay

===========================================================================================
----------------- testing Wed Mar 20 04:13:58 UTC 2019 /home/travis/build/icyphy/ptII/ptolemy/domains/de/test/auto/SmartSender.xml
----------------- Instantiating /home/travis/build/icyphy/ptII/ptolemy/domains/de/test/auto/SmartSender.xml
3000 ms. Memory: 714240K Free: 145757K (20%)
----------------- Invoking toplevel() on ptolemy.moml.MoMLSimpleApplication@400eaa61
----------------- Done invoking toplevel() on ptolemy.moml.MoMLSimpleApplication@400eaa61
reloadAllAccessors: .SmartSender

===========================================================================================
----------------- testing Wed Mar 20 04:14:01 UTC 2019 /home/travis/build/icyphy/ptII/ptolemy/domains/de/test/auto/ThreadedComposite.xml
----------------- Instantiating /home/travis/build/icyphy/ptII/ptolemy/domains/de/test/auto/ThreadedComposite.xml
128 ms. Memory: 714240K Free: 116240K (16%)
----------------- Invoking toplevel() on ptolemy.moml.MoMLSimpleApplication@10f59d36
----------------- Done invoking toplevel() on ptolemy.moml.MoMLSimpleApplication@10f59d36
reloadAllAccessors: .ThreadedComposite

===========================================================================================
----------------- testing Wed Mar 20 04:14:01 UTC 2019 /home/travis/build/icyphy/ptII/ptolemy/domains/de/test/auto/Time.xml
----------------- Instantiating /home/travis/build/icyphy/ptII/ptolemy/domains/de/test/auto/Time.xml
430 ms. Memory: 683520K Free: 659283K (96%)
----------------- Invoking toplevel() on ptolemy.moml.MoMLSimpleApplication@17459294
----------------- Done invoking toplevel() on ptolemy.moml.MoMLSimpleApplication@17459294
reloadAllAccessors: .Time

===========================================================================================
----------------- testing Wed Mar 20 04:14:02 UTC 2019 /home/travis/build/icyphy/ptII/ptolemy/domains/de/test/auto/TimeDelayZeroDelay.xml
----------------- Instantiating /home/travis/build/icyphy/ptII/ptolemy/domains/de/test/auto/TimeDelayZeroDelay.xml
2 ms. Memory: 683520K Free: 647537K (95%)
----------------- Invoking toplevel() on ptolemy.moml.MoMLSimpleApplication@1dc5fb80
----------------- Done invoking toplevel() on ptolemy.moml.MoMLSimpleApplication@1dc5fb80
reloadAllAccessors: .TimeDelayZeroDelay

===========================================================================================
----------------- testing Wed Mar 20 04:14:02 UTC 2019 /home/travis/build/icyphy/ptII/ptolemy/domains/de/test/auto/TimerZeroDelay.xml
----------------- Instantiating /home/travis/build/icyphy/ptII/ptolemy/domains/de/test/auto/TimerZeroDelay.xml
2 ms. Memory: 683520K Free: 639508K (94%)
----------------- Invoking toplevel() on ptolemy.moml.MoMLSimpleApplication@657bcf3a
----------------- Done invoking toplevel() on ptolemy.moml.MoMLSimpleApplication@657bcf3a
reloadAllAccessors: .TimerZeroDelay

===========================================================================================
----------------- testing Wed Mar 20 04:14:02 UTC 2019 /home/travis/build/icyphy/ptII/ptolemy/domains/de/test/auto/TimingParadox.xml
----------------- Instantiating /home/travis/build/icyphy/ptII/ptolemy/domains/de/test/auto/TimingParadox.xml
287 ms. Memory: 683520K Free: 567206K (83%)
----------------- Invoking toplevel() on ptolemy.moml.MoMLSimpleApplication@407b8dd4
----------------- Done invoking toplevel() on ptolemy.moml.MoMLSimpleApplication@407b8dd4
reloadAllAccessors: .TimingParadox

===========================================================================================
----------------- testing Wed Mar 20 04:14:02 UTC 2019 /home/travis/build/icyphy/ptII/ptolemy/domains/de/test/auto/TransferInputs.xml
----------------- Instantiating /home/travis/build/icyphy/ptII/ptolemy/domains/de/test/auto/TransferInputs.xml
2 ms. Memory: 683520K Free: 557467K (82%)
----------------- Invoking toplevel() on ptolemy.moml.MoMLSimpleApplication@1be61aac
----------------- Done invoking toplevel() on ptolemy.moml.MoMLSimpleApplication@1be61aac
reloadAllAccessors: .TransferInputs

===========================================================================================
----------------- testing Wed Mar 20 04:14:02 UTC 2019 /home/travis/build/icyphy/ptII/ptolemy/domains/de/test/auto/TransferOutputs2.xml
----------------- Instantiating /home/travis/build/icyphy/ptII/ptolemy/domains/de/test/auto/TransferOutputs2.xml
2 ms. Memory: 683520K Free: 545408K (80%)
----------------- Invoking toplevel() on ptolemy.moml.MoMLSimpleApplication@69a98e29
----------------- Done invoking toplevel() on ptolemy.moml.MoMLSimpleApplication@69a98e29
reloadAllAccessors: .TransferOutputs2

===========================================================================================
----------------- testing Wed Mar 20 04:14:02 UTC 2019 /home/travis/build/icyphy/ptII/ptolemy/domains/de/test/auto/Trilateration.xml
----------------- Instantiating /home/travis/build/icyphy/ptII/ptolemy/domains/de/test/auto/Trilateration.xml
10389 ms. Memory: 555008K Free: 271515K (49%)
----------------- Invoking toplevel() on ptolemy.moml.MoMLSimpleApplication@360be789
----------------- Done invoking toplevel() on ptolemy.moml.MoMLSimpleApplication@360be789
reloadAllAccessors: .Trilateration

===========================================================================================
----------------- testing Wed Mar 20 04:14:13 UTC 2019 /home/travis/build/icyphy/ptII/ptolemy/domains/de/test/auto/TwoSigmaDelta.xml
----------------- Instantiating /home/travis/build/icyphy/ptII/ptolemy/domains/de/test/auto/TwoSigmaDelta.xml
1992 ms. Memory: 538112K Free: 434521K (81%)
----------------- Invoking toplevel() on ptolemy.moml.MoMLSimpleApplication@10394ca5
----------------- Done invoking toplevel() on ptolemy.moml.MoMLSimpleApplication@10394ca5
reloadAllAccessors: .TwoSigmaDelta

===========================================================================================
----------------- testing Wed Mar 20 04:14:15 UTC 2019 /home/travis/build/icyphy/ptII/ptolemy/domains/de/test/auto/VariableDelay.xml
----------------- Instantiating /home/travis/build/icyphy/ptII/ptolemy/domains/de/test/auto/VariableDelay.xml
2 ms. Memory: 538112K Free: 420334K (78%)
----------------- Invoking toplevel() on ptolemy.moml.MoMLSimpleApplication@6e21beaf
----------------- Done invoking toplevel() on ptolemy.moml.MoMLSimpleApplication@6e21beaf
reloadAllAccessors: .VariableDelay

===========================================================================================
----------------- testing Wed Mar 20 04:14:15 UTC 2019 /home/travis/build/icyphy/ptII/ptolemy/domains/de/test/auto/VariableDelay2.xml
----------------- Instantiating /home/travis/build/icyphy/ptII/ptolemy/domains/de/test/auto/VariableDelay2.xml
1 ms. Memory: 538112K Free: 410753K (76%)
----------------- Invoking toplevel() on ptolemy.moml.MoMLSimpleApplication@ee61db6
----------------- Done invoking toplevel() on ptolemy.moml.MoMLSimpleApplication@ee61db6
reloadAllAccessors: .VariableDelay2

===========================================================================================
----------------- testing Wed Mar 20 04:14:15 UTC 2019 /home/travis/build/icyphy/ptII/ptolemy/domains/de/test/auto/VariableDelayZeroDelay.xml
----------------- Instantiating /home/travis/build/icyphy/ptII/ptolemy/domains/de/test/auto/VariableDelayZeroDelay.xml
1 ms. Memory: 538112K Free: 401172K (75%)
----------------- Invoking toplevel() on ptolemy.moml.MoMLSimpleApplication@64d1e654
----------------- Done invoking toplevel() on ptolemy.moml.MoMLSimpleApplication@64d1e654
reloadAllAccessors: .VariableDelayZeroDelay

===========================================================================================
----------------- testing Wed Mar 20 04:14:15 UTC 2019 /home/travis/build/icyphy/ptII/ptolemy/domains/de/test/auto/VariableDelayZeroDelay2.xml
----------------- Instantiating /home/travis/build/icyphy/ptII/ptolemy/domains/de/test/auto/VariableDelayZeroDelay2.xml
2 ms. Memory: 538112K Free: 391591K (73%)
----------------- Invoking toplevel() on ptolemy.moml.MoMLSimpleApplication@247ae3d3
----------------- Done invoking toplevel() on ptolemy.moml.MoMLSimpleApplication@247ae3d3
reloadAllAccessors: .VariableDelayZeroDelay2

===========================================================================================
----------------- testing Wed Mar 20 04:14:15 UTC 2019 /home/travis/build/icyphy/ptII/ptolemy/domains/de/test/auto/deInCt.xml
----------------- Instantiating /home/travis/build/icyphy/ptII/ptolemy/domains/de/test/auto/deInCt.xml
0
1
1
1
1
0
0
0
1
1
1
0
0
0
1
1
1
1
0
0
0
1
1
1
0
0
1
1
1
1
1
0
0
0
1
1
0
0
0
0
4 ms. Memory: 538112K Free: 382010K (71%)
----------------- Invoking toplevel() on ptolemy.moml.MoMLSimpleApplication@2bb554b3
----------------- Done invoking toplevel() on ptolemy.moml.MoMLSimpleApplication@2bb554b3
reloadAllAccessors: .deInCt

===========================================================================================
----------------- testing Wed Mar 20 04:14:15 UTC 2019 /home/travis/build/icyphy/ptII/ptolemy/domains/de/test/auto/deInCt2.xml
----------------- Instantiating /home/travis/build/icyphy/ptII/ptolemy/domains/de/test/auto/deInCt2.xml
0
1
1
1
0
0
1
1
1
0
0
1
1
1
0
0
1
1
1
0
0
1
1
1
0
0
1
1
1
0
0
1
1
1
0
0
1
1
1
0
0
0
8 ms. Memory: 538112K Free: 372422K (69%)
----------------- Invoking toplevel() on ptolemy.moml.MoMLSimpleApplication@2d5390ad
----------------- Done invoking toplevel() on ptolemy.moml.MoMLSimpleApplication@2d5390ad
reloadAllAccessors: .deInCt2

===========================================================================================
----------------- testing Wed Mar 20 04:14:15 UTC 2019 /home/travis/build/icyphy/ptII/ptolemy/domains/de/test/auto/dynamicCausalityInterface1.xml
----------------- Instantiating /home/travis/build/icyphy/ptII/ptolemy/domains/de/test/auto/dynamicCausalityInterface1.xml
0 ms. Memory: 538112K Free: 358310K (67%)
----------------- Invoking toplevel() on ptolemy.moml.MoMLSimpleApplication@4048cccd
----------------- Done invoking toplevel() on ptolemy.moml.MoMLSimpleApplication@4048cccd
reloadAllAccessors: .dynamicCausalityInterface1

===========================================================================================
----------------- testing Wed Mar 20 04:14:15 UTC 2019 /home/travis/build/icyphy/ptII/ptolemy/domains/de/test/auto/fsm_de_test.xml
----------------- Instantiating /home/travis/build/icyphy/ptII/ptolemy/domains/de/test/auto/fsm_de_test.xml
4 ms. Memory: 538112K Free: 344197K (64%)
----------------- Invoking toplevel() on ptolemy.moml.MoMLSimpleApplication@cf22e00
----------------- Done invoking toplevel() on ptolemy.moml.MoMLSimpleApplication@cf22e00
reloadAllAccessors: .fsm_de_test

===========================================================================================
----------------- testing Wed Mar 20 04:14:15 UTC 2019 /home/travis/build/icyphy/ptII/ptolemy/domains/de/test/auto/functionDependencyReconstruction.xml
----------------- Instantiating /home/travis/build/icyphy/ptII/ptolemy/domains/de/test/auto/functionDependencyReconstruction.xml
2 ms. Memory: 538112K Free: 321052K (60%)
----------------- Invoking toplevel() on ptolemy.moml.MoMLSimpleApplication@11138ed7
----------------- Done invoking toplevel() on ptolemy.moml.MoMLSimpleApplication@11138ed7
reloadAllAccessors: .functionDependencyReconstruction

===========================================================================================
----------------- testing Wed Mar 20 04:14:15 UTC 2019 /home/travis/build/icyphy/ptII/ptolemy/domains/de/test/auto/multirate.xml
----------------- Instantiating /home/travis/build/icyphy/ptII/ptolemy/domains/de/test/auto/multirate.xml
3 ms. Memory: 538112K Free: 306939K (57%)
----------------- Invoking toplevel() on ptolemy.moml.MoMLSimpleApplication@7a546c3d
----------------- Done invoking toplevel() on ptolemy.moml.MoMLSimpleApplication@7a546c3d
reloadAllAccessors: .multirate

===========================================================================================
----------------- testing Wed Mar 20 04:14:15 UTC 2019 /home/travis/build/icyphy/ptII/ptolemy/domains/de/test/auto/multirate2.xml
----------------- Instantiating /home/travis/build/icyphy/ptII/ptolemy/domains/de/test/auto/multirate2.xml
2 ms. Memory: 538112K Free: 292835K (54%)
----------------- Invoking toplevel() on ptolemy.moml.MoMLSimpleApplication@767b5575
----------------- Done invoking toplevel() on ptolemy.moml.MoMLSimpleApplication@767b5575
reloadAllAccessors: .multirate2

===========================================================================================
----------------- testing Wed Mar 20 04:14:15 UTC 2019 /home/travis/build/icyphy/ptII/ptolemy/domains/de/test/auto/realtime.xml
----------------- Instantiating /home/travis/build/icyphy/ptII/ptolemy/domains/de/test/auto/realtime.xml
10002 ms. Memory: 538112K Free: 283254K (53%)
----------------- Invoking toplevel() on ptolemy.moml.MoMLSimpleApplication@6ade6c0b
----------------- Done invoking toplevel() on ptolemy.moml.MoMLSimpleApplication@6ade6c0b
reloadAllAccessors: .realtime

===========================================================================================
----------------- testing Wed Mar 20 04:14:25 UTC 2019 /home/travis/build/icyphy/ptII/ptolemy/domains/de/test/auto/relationGroup.xml
----------------- Instantiating /home/travis/build/icyphy/ptII/ptolemy/domains/de/test/auto/relationGroup.xml
2 ms. Memory: 538112K Free: 273673K (51%)
----------------- Invoking toplevel() on ptolemy.moml.MoMLSimpleApplication@6a627f4b
----------------- Done invoking toplevel() on ptolemy.moml.MoMLSimpleApplication@6a627f4b
reloadAllAccessors: .relationGroup

===========================================================================================
----------------- testing Wed Mar 20 04:14:25 UTC 2019 /home/travis/build/icyphy/ptII/ptolemy/domains/de/test/auto/relationGroup2.xml
----------------- Instantiating /home/travis/build/icyphy/ptII/ptolemy/domains/de/test/auto/relationGroup2.xml
1 ms. Memory: 538112K Free: 264092K (49%)
----------------- Invoking toplevel() on ptolemy.moml.MoMLSimpleApplication@79bfc09d
----------------- Done invoking toplevel() on ptolemy.moml.MoMLSimpleApplication@79bfc09d
reloadAllAccessors: .relationGroup2

===========================================================================================
----------------- testing Wed Mar 20 04:14:26 UTC 2019 /home/travis/build/icyphy/ptII/ptolemy/domains/de/test/auto/sortWithOpaquePorts.xml
----------------- Instantiating /home/travis/build/icyphy/ptII/ptolemy/domains/de/test/auto/sortWithOpaquePorts.xml
1 ms. Memory: 538112K Free: 254511K (47%)
----------------- Invoking toplevel() on ptolemy.moml.MoMLSimpleApplication@49e81af0
----------------- Done invoking toplevel() on ptolemy.moml.MoMLSimpleApplication@49e81af0
reloadAllAccessors: .sortWithOpaquePorts

===========================================================================================
----------------- testing Wed Mar 20 04:14:26 UTC 2019 /home/travis/build/icyphy/ptII/ptolemy/domains/de/test/auto/transferInputsandOutputs.xml
----------------- Instantiating /home/travis/build/icyphy/ptII/ptolemy/domains/de/test/auto/transferInputsandOutputs.xml
1 ms. Memory: 538112K Free: 240415K (45%)
----------------- Invoking toplevel() on ptolemy.moml.MoMLSimpleApplication@465c7c2a
----------------- Done invoking toplevel() on ptolemy.moml.MoMLSimpleApplication@465c7c2a
reloadAllAccessors: .transferInputsandOutputs

===========================================================================================
----------------- testing Wed Mar 20 04:14:26 UTC 2019 /home/travis/build/icyphy/ptII/ptolemy/domains/de/test/auto/triggerType.xml
----------------- Instantiating /home/travis/build/icyphy/ptII/ptolemy/domains/de/test/auto/triggerType.xml
1 ms. Memory: 538112K Free: 230834K (43%)
----------------- Invoking toplevel() on ptolemy.moml.MoMLSimpleApplication@69b402da
----------------- Done invoking toplevel() on ptolemy.moml.MoMLSimpleApplication@69b402da
reloadAllAccessors: .triggerType
AutoTests.java: About to close Vertx.
AutoTests.java: Vertx closed.
]]></system-out>
  <system-err><![CDATA[java.lang.RuntimeException: Execution failed
	at ptolemy.moml.MoMLSimpleApplication$UnloadThread.run(MoMLSimpleApplication.java:402)
Caused by: ptolemy.kernel.util.IllegalActionException: Found a zero delay loop containing .dependencyLoop.original
  in .dependencyLoop and .dependencyLoop.original
	at ptolemy.actor.util.CausalityInterfaceForComposites._computeOutputPortDepth(CausalityInterfaceForComposites.java:759)
	at ptolemy.actor.util.CausalityInterfaceForComposites._computeInputDepth(CausalityInterfaceForComposites.java:696)
	at ptolemy.actor.util.CausalityInterfaceForComposites._computeOutputPortDepth(CausalityInterfaceForComposites.java:765)
	at ptolemy.actor.util.CausalityInterfaceForComposites._computeInputDepth(CausalityInterfaceForComposites.java:696)
	at ptolemy.actor.util.CausalityInterfaceForComposites._computeOutputPortDepth(CausalityInterfaceForComposites.java:765)
	at ptolemy.actor.util.CausalityInterfaceForComposites._computeInputDepth(CausalityInterfaceForComposites.java:696)
	at ptolemy.actor.util.CausalityInterfaceForComposites._computeActorDepth(CausalityInterfaceForComposites.java:532)
	at ptolemy.actor.util.CausalityInterfaceForComposites.checkForCycles(CausalityInterfaceForComposites.java:96)
	at ptolemy.domains.de.kernel.DEDirector.preinitialize(DEDirector.java:1338)
	at ptolemy.actor.CompositeActor.preinitialize(CompositeActor.java:1828)
	at ptolemy.actor.Manager.preinitializeAndResolveTypes(Manager.java:1040)
	at ptolemy.actor.Manager.initialize(Manager.java:710)
	at ptolemy.actor.Manager.execute(Manager.java:356)
	at ptolemy.actor.Manager.run(Manager.java:1263)
	at ptolemy.actor.Manager$PtolemyRunThread.run(Manager.java:1915)
java.lang.RuntimeException: Execution failed
	at ptolemy.moml.MoMLSimpleApplication$UnloadThread.run(MoMLSimpleApplication.java:402)
Caused by: ptolemy.kernel.util.IllegalActionException: Found a zero delay loop containing .dependencyLoop2.original
  in .dependencyLoop2 and .dependencyLoop2.original
	at ptolemy.actor.util.CausalityInterfaceForComposites._computeOutputPortDepth(CausalityInterfaceForComposites.java:759)
	at ptolemy.actor.util.CausalityInterfaceForComposites._computeInputDepth(CausalityInterfaceForComposites.java:696)
	at ptolemy.actor.util.CausalityInterfaceForComposites._computeOutputPortDepth(CausalityInterfaceForComposites.java:765)
	at ptolemy.actor.util.CausalityInterfaceForComposites._computeInputDepth(CausalityInterfaceForComposites.java:696)
	at ptolemy.actor.util.CausalityInterfaceForComposites._computeOutputPortDepth(CausalityInterfaceForComposites.java:765)
	at ptolemy.actor.util.CausalityInterfaceForComposites._computeInputDepth(CausalityInterfaceForComposites.java:696)
	at ptolemy.actor.util.CausalityInterfaceForComposites._computeActorDepth(CausalityInterfaceForComposites.java:532)
	at ptolemy.actor.util.CausalityInterfaceForComposites.checkForCycles(CausalityInterfaceForComposites.java:96)
	at ptolemy.domains.de.kernel.DEDirector.preinitialize(DEDirector.java:1338)
	at ptolemy.actor.CompositeActor.preinitialize(CompositeActor.java:1828)
	at ptolemy.actor.Manager.preinitializeAndResolveTypes(Manager.java:1040)
	at ptolemy.actor.Manager.initialize(Manager.java:710)
	at ptolemy.actor.Manager.execute(Manager.java:356)
	at ptolemy.actor.Manager.run(Manager.java:1263)
	at ptolemy.actor.Manager$PtolemyRunThread.run(Manager.java:1915)
java.lang.RuntimeException: Execution failed
	at ptolemy.moml.MoMLSimpleApplication$UnloadThread.run(MoMLSimpleApplication.java:402)
Caused by: ptolemy.kernel.util.IllegalActionException: Found a zero delay loop containing .dependencyLoop.original
  in .dependencyLoop and .dependencyLoop.original
	at ptolemy.actor.util.CausalityInterfaceForComposites._computeOutputPortDepth(CausalityInterfaceForComposites.java:759)
	at ptolemy.actor.util.CausalityInterfaceForComposites._computeInputDepth(CausalityInterfaceForComposites.java:696)
	at ptolemy.actor.util.CausalityInterfaceForComposites._computeOutputPortDepth(CausalityInterfaceForComposites.java:765)
	at ptolemy.actor.util.CausalityInterfaceForComposites._computeInputDepth(CausalityInterfaceForComposites.java:696)
	at ptolemy.actor.util.CausalityInterfaceForComposites._computeOutputPortDepth(CausalityInterfaceForComposites.java:765)
	at ptolemy.actor.util.CausalityInterfaceForComposites._computeInputDepth(CausalityInterfaceForComposites.java:696)
	at ptolemy.actor.util.CausalityInterfaceForComposites._computeActorDepth(CausalityInterfaceForComposites.java:532)
	at ptolemy.actor.util.CausalityInterfaceForComposites.checkForCycles(CausalityInterfaceForComposites.java:96)
	at ptolemy.domains.de.kernel.DEDirector.preinitialize(DEDirector.java:1338)
	at ptolemy.actor.CompositeActor.preinitialize(CompositeActor.java:1828)
	at ptolemy.actor.Manager.preinitializeAndResolveTypes(Manager.java:1040)
	at ptolemy.actor.Manager.initialize(Manager.java:710)
	at ptolemy.actor.Manager.execute(Manager.java:356)
	at ptolemy.actor.Manager.run(Manager.java:1263)
	at ptolemy.actor.Manager$PtolemyRunThread.run(Manager.java:1915)
java.lang.RuntimeException: Execution failed
	at ptolemy.moml.MoMLSimpleApplication$UnloadThread.run(MoMLSimpleApplication.java:402)
Caused by: ptolemy.kernel.util.IllegalActionException: Actor is not ready to fire.  Perhaps UpSample.prefire() returned false? Try debugging the actor by selecting "Listen to Actor".  Also, for SDF check moml for tokenConsumptionRate on input.
  in .DESDFClockTest.Play Bell.Copy1:SDF Director and .DESDFClockTest.Play Bell.UpSample
	at ptolemy.actor.sched.StaticSchedulingDirector.fire(StaticSchedulingDirector.java:227)
	at ptolemy.domains.sdf.kernel.SDFDirector.fire(SDFDirector.java:500)
	at ptolemy.actor.CompositeActor.fire(CompositeActor.java:455)
	at ptolemy.domains.de.kernel.DEDirector._fire(DEDirector.java:1949)
	at ptolemy.domains.de.kernel.DEDirector.fire(DEDirector.java:502)
	at ptolemy.actor.CompositeActor.fire(CompositeActor.java:455)
	at ptolemy.actor.Manager.iterate(Manager.java:851)
	at ptolemy.actor.Manager.execute(Manager.java:369)
	at ptolemy.actor.Manager.run(Manager.java:1263)
	at ptolemy.actor.Manager$PtolemyRunThread.run(Manager.java:1915)
java.lang.RuntimeException: Execution failed
	at ptolemy.moml.MoMLSimpleApplication$UnloadThread.run(MoMLSimpleApplication.java:402)
Caused by: ptolemy.kernel.util.IllegalActionException: Found a zero delay loop containing .dependencyLoop2.original
  in .dependencyLoop2 and .dependencyLoop2.original
	at ptolemy.actor.util.CausalityInterfaceForComposites._computeOutputPortDepth(CausalityInterfaceForComposites.java:759)
	at ptolemy.actor.util.CausalityInterfaceForComposites._computeInputDepth(CausalityInterfaceForComposites.java:696)
	at ptolemy.actor.util.CausalityInterfaceForComposites._computeOutputPortDepth(CausalityInterfaceForComposites.java:765)
	at ptolemy.actor.util.CausalityInterfaceForComposites._computeInputDepth(CausalityInterfaceForComposites.java:696)
	at ptolemy.actor.util.CausalityInterfaceForComposites._computeOutputPortDepth(CausalityInterfaceForComposites.java:765)
	at ptolemy.actor.util.CausalityInterfaceForComposites._computeInputDepth(CausalityInterfaceForComposites.java:696)
	at ptolemy.actor.util.CausalityInterfaceForComposites._computeActorDepth(CausalityInterfaceForComposites.java:532)
	at ptolemy.actor.util.CausalityInterfaceForComposites.checkForCycles(CausalityInterfaceForComposites.java:96)
	at ptolemy.domains.de.kernel.DEDirector.preinitialize(DEDirector.java:1338)
	at ptolemy.actor.CompositeActor.preinitialize(CompositeActor.java:1828)
	at ptolemy.actor.Manager.preinitializeAndResolveTypes(Manager.java:1040)
	at ptolemy.actor.Manager.initialize(Manager.java:710)
	at ptolemy.actor.Manager.execute(Manager.java:356)
	at ptolemy.actor.Manager.run(Manager.java:1263)
	at ptolemy.actor.Manager$PtolemyRunThread.run(Manager.java:1915)
java.lang.RuntimeException: Execution failed
	at ptolemy.moml.MoMLSimpleApplication$UnloadThread.run(MoMLSimpleApplication.java:402)
Caused by: ptolemy.kernel.util.IllegalActionException: Found a zero delay loop containing .HierarchicalModel.A
  in .HierarchicalModel and .HierarchicalModel.A
	at ptolemy.actor.util.CausalityInterfaceForComposites._computeOutputPortDepth(CausalityInterfaceForComposites.java:759)
	at ptolemy.actor.util.CausalityInterfaceForComposites._computeInputDepth(CausalityInterfaceForComposites.java:696)
	at ptolemy.actor.util.CausalityInterfaceForComposites._computeOutputPortDepth(CausalityInterfaceForComposites.java:765)
	at ptolemy.actor.util.CausalityInterfaceForComposites._computeInputDepth(CausalityInterfaceForComposites.java:696)
	at ptolemy.actor.util.CausalityInterfaceForComposites._computeOutputPortDepth(CausalityInterfaceForComposites.java:765)
	at ptolemy.actor.util.CausalityInterfaceForComposites._computeInputDepth(CausalityInterfaceForComposites.java:696)
	at ptolemy.actor.util.CausalityInterfaceForComposites._computeActorDepth(CausalityInterfaceForComposites.java:532)
	at ptolemy.actor.util.CausalityInterfaceForComposites.checkForCycles(CausalityInterfaceForComposites.java:96)
	at ptolemy.domains.de.kernel.DEDirector.preinitialize(DEDirector.java:1338)
	at ptolemy.actor.CompositeActor.preinitialize(CompositeActor.java:1828)
	at ptolemy.actor.Manager.preinitializeAndResolveTypes(Manager.java:1040)
	at ptolemy.actor.Manager.initialize(Manager.java:710)
	at ptolemy.actor.Manager.execute(Manager.java:356)
	at ptolemy.actor.Manager.run(Manager.java:1263)
	at ptolemy.actor.Manager$PtolemyRunThread.run(Manager.java:1915)
java.lang.RuntimeException: Execution failed
	at ptolemy.moml.MoMLSimpleApplication$UnloadThread.run(MoMLSimpleApplication.java:402)
Caused by: ptolemy.kernel.util.IllegalActionException: Test fails in iteration 1.
Value was: 1.0. Should have been: 2.0
  in .DirectFeedback.Test
	at ptolemy.actor.lib.Test.fire(Test.java:268)
	at ptolemy.domains.de.kernel.DEDirector._fire(DEDirector.java:1949)
	at ptolemy.domains.de.kernel.DEDirector.fire(DEDirector.java:502)
	at ptolemy.actor.CompositeActor.fire(CompositeActor.java:455)
	at ptolemy.actor.Manager.iterate(Manager.java:851)
	at ptolemy.actor.Manager.execute(Manager.java:369)
	at ptolemy.actor.Manager.run(Manager.java:1263)
	at ptolemy.actor.Manager$PtolemyRunThread.run(Manager.java:1915)
java.lang.RuntimeException: Execution failed
	at ptolemy.moml.MoMLSimpleApplication$UnloadThread.run(MoMLSimpleApplication.java:402)
Caused by: ptolemy.kernel.util.IllegalActionException: Actor is not ready to fire.  Perhaps UpSample.prefire() returned false? Try debugging the actor by selecting "Listen to Actor".  Also, for SDF check moml for tokenConsumptionRate on input.
  in .DESDFClockTest.Play Bell.Copy1:SDF Director and .DESDFClockTest.Play Bell.UpSample
	at ptolemy.actor.sched.StaticSchedulingDirector.fire(StaticSchedulingDirector.java:227)
	at ptolemy.domains.sdf.kernel.SDFDirector.fire(SDFDirector.java:500)
	at ptolemy.actor.CompositeActor.fire(CompositeActor.java:455)
	at ptolemy.domains.de.kernel.DEDirector._fire(DEDirector.java:1949)
	at ptolemy.domains.de.kernel.DEDirector.fire(DEDirector.java:502)
	at ptolemy.actor.CompositeActor.fire(CompositeActor.java:455)
	at ptolemy.actor.Manager.iterate(Manager.java:851)
	at ptolemy.actor.Manager.execute(Manager.java:369)
	at ptolemy.actor.Manager.run(Manager.java:1263)
	at ptolemy.actor.Manager$PtolemyRunThread.run(Manager.java:1915)
java.lang.reflect.InvocationTargetException
	at sun.reflect.NativeConstructorAccessorImpl.newInstance0(Native Method)
	at sun.reflect.NativeConstructorAccessorImpl.newInstance(NativeConstructorAccessorImpl.java:62)
	at sun.reflect.DelegatingConstructorAccessorImpl.newInstance(DelegatingConstructorAccessorImpl.java:45)
	at java.lang.reflect.Constructor.newInstance(Constructor.java:423)
	at ptolemy.util.test.junit.AutoKnownFailedTests.RunModel(AutoKnownFailedTests.java:105)
	at sun.reflect.NativeMethodAccessorImpl.invoke0(Native Method)
	at sun.reflect.NativeMethodAccessorImpl.invoke(NativeMethodAccessorImpl.java:62)
	at sun.reflect.DelegatingMethodAccessorImpl.invoke(DelegatingMethodAccessorImpl.java:43)
	at java.lang.reflect.Method.invoke(Method.java:498)
	at org.junit.runners.model.FrameworkMethod$1.runReflectiveCall(FrameworkMethod.java:44)
	at org.junit.internal.runners.model.ReflectiveCallable.run(ReflectiveCallable.java:15)
	at org.junit.runners.model.FrameworkMethod.invokeExplosively(FrameworkMethod.java:41)
	at junitparams.internal.InvokeParameterisedMethod.evaluate(InvokeParameterisedMethod.java:102)
	at org.junit.internal.runners.statements.FailOnTimeout$1.run(FailOnTimeout.java:28)
Caused by: ptolemy.kernel.util.IllegalActionException: Actor is not ready to fire.  Perhaps UpSample.prefire() returned false? Try debugging the actor by selecting "Listen to Actor".  Also, for SDF check moml for tokenConsumptionRate on input.
  in .DESDFClockTest.Play Bell.Copy1:SDF Director and .DESDFClockTest.Play Bell.UpSample
	at ptolemy.actor.sched.StaticSchedulingDirector.fire(StaticSchedulingDirector.java:227)
	at ptolemy.domains.sdf.kernel.SDFDirector.fire(SDFDirector.java:500)
	at ptolemy.actor.CompositeActor.fire(CompositeActor.java:455)
	at ptolemy.domains.de.kernel.DEDirector._fire(DEDirector.java:1949)
	at ptolemy.domains.de.kernel.DEDirector.fire(DEDirector.java:502)
	at ptolemy.actor.CompositeActor.fire(CompositeActor.java:455)
	at ptolemy.actor.Manager.iterate(Manager.java:851)
	at ptolemy.actor.Manager.execute(Manager.java:369)
	at ptolemy.actor.Manager.run(Manager.java:1263)
	at ptolemy.actor.Manager$PtolemyRunThread.run(Manager.java:1915)
java.lang.RuntimeException: Execution failed
	at ptolemy.moml.MoMLSimpleApplication$UnloadThread.run(MoMLSimpleApplication.java:402)
Caused by: ptolemy.kernel.util.IllegalActionException: Test fails in iteration 1.
Value was: 1.0. Should have been: 2.0
  in .DirectFeedback.Test
	at ptolemy.actor.lib.Test.fire(Test.java:268)
	at ptolemy.domains.de.kernel.DEDirector._fire(DEDirector.java:1949)
	at ptolemy.domains.de.kernel.DEDirector.fire(DEDirector.java:502)
	at ptolemy.actor.CompositeActor.fire(CompositeActor.java:455)
	at ptolemy.actor.Manager.iterate(Manager.java:851)
	at ptolemy.actor.Manager.execute(Manager.java:369)
	at ptolemy.actor.Manager.run(Manager.java:1263)
	at ptolemy.actor.Manager$PtolemyRunThread.run(Manager.java:1915)
java.lang.reflect.InvocationTargetException
	at sun.reflect.NativeConstructorAccessorImpl.newInstance0(Native Method)
	at sun.reflect.NativeConstructorAccessorImpl.newInstance(NativeConstructorAccessorImpl.java:62)
	at sun.reflect.DelegatingConstructorAccessorImpl.newInstance(DelegatingConstructorAccessorImpl.java:45)
	at java.lang.reflect.Constructor.newInstance(Constructor.java:423)
	at ptolemy.util.test.junit.AutoKnownFailedTests.RunModel(AutoKnownFailedTests.java:105)
	at sun.reflect.NativeMethodAccessorImpl.invoke0(Native Method)
	at sun.reflect.NativeMethodAccessorImpl.invoke(NativeMethodAccessorImpl.java:62)
	at sun.reflect.DelegatingMethodAccessorImpl.invoke(DelegatingMethodAccessorImpl.java:43)
	at java.lang.reflect.Method.invoke(Method.java:498)
	at org.junit.runners.model.FrameworkMethod$1.runReflectiveCall(FrameworkMethod.java:44)
	at org.junit.internal.runners.model.ReflectiveCallable.run(ReflectiveCallable.java:15)
	at org.junit.runners.model.FrameworkMethod.invokeExplosively(FrameworkMethod.java:41)
	at junitparams.internal.InvokeParameterisedMethod.evaluate(InvokeParameterisedMethod.java:102)
	at org.junit.internal.runners.statements.FailOnTimeout$1.run(FailOnTimeout.java:28)
Caused by: ptolemy.kernel.util.IllegalActionException: Test fails in iteration 1.
Value was: 1.0. Should have been: 2.0
  in .DirectFeedback.Test
	at ptolemy.actor.lib.Test.fire(Test.java:268)
	at ptolemy.domains.de.kernel.DEDirector._fire(DEDirector.java:1949)
	at ptolemy.domains.de.kernel.DEDirector.fire(DEDirector.java:502)
	at ptolemy.actor.CompositeActor.fire(CompositeActor.java:455)
	at ptolemy.actor.Manager.iterate(Manager.java:851)
	at ptolemy.actor.Manager.execute(Manager.java:369)
	at ptolemy.actor.Manager.run(Manager.java:1263)
	at ptolemy.actor.Manager$PtolemyRunThread.run(Manager.java:1915)
java.lang.RuntimeException: Execution failed
	at ptolemy.moml.MoMLSimpleApplication$UnloadThread.run(MoMLSimpleApplication.java:402)
Caused by: ptolemy.kernel.util.IllegalActionException: Found a zero delay loop containing .HierarchicalModel.A
  in .HierarchicalModel and .HierarchicalModel.A
	at ptolemy.actor.util.CausalityInterfaceForComposites._computeOutputPortDepth(CausalityInterfaceForComposites.java:759)
	at ptolemy.actor.util.CausalityInterfaceForComposites._computeInputDepth(CausalityInterfaceForComposites.java:696)
	at ptolemy.actor.util.CausalityInterfaceForComposites._computeOutputPortDepth(CausalityInterfaceForComposites.java:765)
	at ptolemy.actor.util.CausalityInterfaceForComposites._computeInputDepth(CausalityInterfaceForComposites.java:696)
	at ptolemy.actor.util.CausalityInterfaceForComposites._computeOutputPortDepth(CausalityInterfaceForComposites.java:765)
	at ptolemy.actor.util.CausalityInterfaceForComposites._computeInputDepth(CausalityInterfaceForComposites.java:696)
	at ptolemy.actor.util.CausalityInterfaceForComposites._computeActorDepth(CausalityInterfaceForComposites.java:532)
	at ptolemy.actor.util.CausalityInterfaceForComposites.checkForCycles(CausalityInterfaceForComposites.java:96)
	at ptolemy.domains.de.kernel.DEDirector.preinitialize(DEDirector.java:1338)
	at ptolemy.actor.CompositeActor.preinitialize(CompositeActor.java:1828)
	at ptolemy.actor.Manager.preinitializeAndResolveTypes(Manager.java:1040)
	at ptolemy.actor.Manager.initialize(Manager.java:710)
	at ptolemy.actor.Manager.execute(Manager.java:356)
	at ptolemy.actor.Manager.run(Manager.java:1263)
	at ptolemy.actor.Manager$PtolemyRunThread.run(Manager.java:1915)
java.lang.reflect.InvocationTargetException
	at sun.reflect.NativeConstructorAccessorImpl.newInstance0(Native Method)
	at sun.reflect.NativeConstructorAccessorImpl.newInstance(NativeConstructorAccessorImpl.java:62)
	at sun.reflect.DelegatingConstructorAccessorImpl.newInstance(DelegatingConstructorAccessorImpl.java:45)
	at java.lang.reflect.Constructor.newInstance(Constructor.java:423)
	at ptolemy.util.test.junit.AutoKnownFailedTests.RunModel(AutoKnownFailedTests.java:105)
	at sun.reflect.NativeMethodAccessorImpl.invoke0(Native Method)
	at sun.reflect.NativeMethodAccessorImpl.invoke(NativeMethodAccessorImpl.java:62)
	at sun.reflect.DelegatingMethodAccessorImpl.invoke(DelegatingMethodAccessorImpl.java:43)
	at java.lang.reflect.Method.invoke(Method.java:498)
	at org.junit.runners.model.FrameworkMethod$1.runReflectiveCall(FrameworkMethod.java:44)
	at org.junit.internal.runners.model.ReflectiveCallable.run(ReflectiveCallable.java:15)
	at org.junit.runners.model.FrameworkMethod.invokeExplosively(FrameworkMethod.java:41)
	at junitparams.internal.InvokeParameterisedMethod.evaluate(InvokeParameterisedMethod.java:102)
	at org.junit.internal.runners.statements.FailOnTimeout$1.run(FailOnTimeout.java:28)
Caused by: ptolemy.kernel.util.IllegalActionException: Found a zero delay loop containing .HierarchicalModel.A
  in .HierarchicalModel and .HierarchicalModel.A
	at ptolemy.actor.util.CausalityInterfaceForComposites._computeOutputPortDepth(CausalityInterfaceForComposites.java:759)
	at ptolemy.actor.util.CausalityInterfaceForComposites._computeInputDepth(CausalityInterfaceForComposites.java:696)
	at ptolemy.actor.util.CausalityInterfaceForComposites._computeOutputPortDepth(CausalityInterfaceForComposites.java:765)
	at ptolemy.actor.util.CausalityInterfaceForComposites._computeInputDepth(CausalityInterfaceForComposites.java:696)
	at ptolemy.actor.util.CausalityInterfaceForComposites._computeOutputPortDepth(CausalityInterfaceForComposites.java:765)
	at ptolemy.actor.util.CausalityInterfaceForComposites._computeInputDepth(CausalityInterfaceForComposites.java:696)
	at ptolemy.actor.util.CausalityInterfaceForComposites._computeActorDepth(CausalityInterfaceForComposites.java:532)
	at ptolemy.actor.util.CausalityInterfaceForComposites.checkForCycles(CausalityInterfaceForComposites.java:96)
	at ptolemy.domains.de.kernel.DEDirector.preinitialize(DEDirector.java:1338)
	at ptolemy.actor.CompositeActor.preinitialize(CompositeActor.java:1828)
	at ptolemy.actor.Manager.preinitializeAndResolveTypes(Manager.java:1040)
	at ptolemy.actor.Manager.initialize(Manager.java:710)
	at ptolemy.actor.Manager.execute(Manager.java:356)
	at ptolemy.actor.Manager.run(Manager.java:1263)
	at ptolemy.actor.Manager$PtolemyRunThread.run(Manager.java:1915)
java.lang.RuntimeException: Execution failed
	at ptolemy.moml.MoMLSimpleApplication$UnloadThread.run(MoMLSimpleApplication.java:402)
Caused by: ptolemy.kernel.util.IllegalActionException: Found a zero delay loop containing .dependencyLoop.original
  in .dependencyLoop and .dependencyLoop.original
	at ptolemy.actor.util.CausalityInterfaceForComposites._computeOutputPortDepth(CausalityInterfaceForComposites.java:759)
	at ptolemy.actor.util.CausalityInterfaceForComposites._computeInputDepth(CausalityInterfaceForComposites.java:696)
	at ptolemy.actor.util.CausalityInterfaceForComposites._computeOutputPortDepth(CausalityInterfaceForComposites.java:765)
	at ptolemy.actor.util.CausalityInterfaceForComposites._computeInputDepth(CausalityInterfaceForComposites.java:696)
	at ptolemy.actor.util.CausalityInterfaceForComposites._computeOutputPortDepth(CausalityInterfaceForComposites.java:765)
	at ptolemy.actor.util.CausalityInterfaceForComposites._computeInputDepth(CausalityInterfaceForComposites.java:696)
	at ptolemy.actor.util.CausalityInterfaceForComposites._computeActorDepth(CausalityInterfaceForComposites.java:532)
	at ptolemy.actor.util.CausalityInterfaceForComposites.checkForCycles(CausalityInterfaceForComposites.java:96)
	at ptolemy.domains.de.kernel.DEDirector.preinitialize(DEDirector.java:1338)
	at ptolemy.actor.CompositeActor.preinitialize(CompositeActor.java:1828)
	at ptolemy.actor.Manager.preinitializeAndResolveTypes(Manager.java:1040)
	at ptolemy.actor.Manager.initialize(Manager.java:710)
	at ptolemy.actor.Manager.execute(Manager.java:356)
	at ptolemy.actor.Manager.run(Manager.java:1263)
	at ptolemy.actor.Manager$PtolemyRunThread.run(Manager.java:1915)
java.lang.reflect.InvocationTargetException
	at sun.reflect.NativeConstructorAccessorImpl.newInstance0(Native Method)
	at sun.reflect.NativeConstructorAccessorImpl.newInstance(NativeConstructorAccessorImpl.java:62)
	at sun.reflect.DelegatingConstructorAccessorImpl.newInstance(DelegatingConstructorAccessorImpl.java:45)
	at java.lang.reflect.Constructor.newInstance(Constructor.java:423)
	at ptolemy.util.test.junit.AutoKnownFailedTests.RunModel(AutoKnownFailedTests.java:105)
	at sun.reflect.NativeMethodAccessorImpl.invoke0(Native Method)
	at sun.reflect.NativeMethodAccessorImpl.invoke(NativeMethodAccessorImpl.java:62)
	at sun.reflect.DelegatingMethodAccessorImpl.invoke(DelegatingMethodAccessorImpl.java:43)
	at java.lang.reflect.Method.invoke(Method.java:498)
	at org.junit.runners.model.FrameworkMethod$1.runReflectiveCall(FrameworkMethod.java:44)
	at org.junit.internal.runners.model.ReflectiveCallable.run(ReflectiveCallable.java:15)
	at org.junit.runners.model.FrameworkMethod.invokeExplosively(FrameworkMethod.java:41)
	at junitparams.internal.InvokeParameterisedMethod.evaluate(InvokeParameterisedMethod.java:102)
	at org.junit.internal.runners.statements.FailOnTimeout$1.run(FailOnTimeout.java:28)
Caused by: ptolemy.kernel.util.IllegalActionException: Found a zero delay loop containing .dependencyLoop.original
  in .dependencyLoop and .dependencyLoop.original
	at ptolemy.actor.util.CausalityInterfaceForComposites._computeOutputPortDepth(CausalityInterfaceForComposites.java:759)
	at ptolemy.actor.util.CausalityInterfaceForComposites._computeInputDepth(CausalityInterfaceForComposites.java:696)
	at ptolemy.actor.util.CausalityInterfaceForComposites._computeOutputPortDepth(CausalityInterfaceForComposites.java:765)
	at ptolemy.actor.util.CausalityInterfaceForComposites._computeInputDepth(CausalityInterfaceForComposites.java:696)
	at ptolemy.actor.util.CausalityInterfaceForComposites._computeOutputPortDepth(CausalityInterfaceForComposites.java:765)
	at ptolemy.actor.util.CausalityInterfaceForComposites._computeInputDepth(CausalityInterfaceForComposites.java:696)
	at ptolemy.actor.util.CausalityInterfaceForComposites._computeActorDepth(CausalityInterfaceForComposites.java:532)
	at ptolemy.actor.util.CausalityInterfaceForComposites.checkForCycles(CausalityInterfaceForComposites.java:96)
	at ptolemy.domains.de.kernel.DEDirector.preinitialize(DEDirector.java:1338)
	at ptolemy.actor.CompositeActor.preinitialize(CompositeActor.java:1828)
	at ptolemy.actor.Manager.preinitializeAndResolveTypes(Manager.java:1040)
	at ptolemy.actor.Manager.initialize(Manager.java:710)
	at ptolemy.actor.Manager.execute(Manager.java:356)
	at ptolemy.actor.Manager.run(Manager.java:1263)
	at ptolemy.actor.Manager$PtolemyRunThread.run(Manager.java:1915)
java.lang.RuntimeException: Execution failed
	at ptolemy.moml.MoMLSimpleApplication$UnloadThread.run(MoMLSimpleApplication.java:402)
Caused by: ptolemy.kernel.util.IllegalActionException: Found a zero delay loop containing .dependencyLoop2.original
  in .dependencyLoop2 and .dependencyLoop2.original
	at ptolemy.actor.util.CausalityInterfaceForComposites._computeOutputPortDepth(CausalityInterfaceForComposites.java:759)
	at ptolemy.actor.util.CausalityInterfaceForComposites._computeInputDepth(CausalityInterfaceForComposites.java:696)
	at ptolemy.actor.util.CausalityInterfaceForComposites._computeOutputPortDepth(CausalityInterfaceForComposites.java:765)
	at ptolemy.actor.util.CausalityInterfaceForComposites._computeInputDepth(CausalityInterfaceForComposites.java:696)
	at ptolemy.actor.util.CausalityInterfaceForComposites._computeOutputPortDepth(CausalityInterfaceForComposites.java:765)
	at ptolemy.actor.util.CausalityInterfaceForComposites._computeInputDepth(CausalityInterfaceForComposites.java:696)
	at ptolemy.actor.util.CausalityInterfaceForComposites._computeActorDepth(CausalityInterfaceForComposites.java:532)
	at ptolemy.actor.util.CausalityInterfaceForComposites.checkForCycles(CausalityInterfaceForComposites.java:96)
	at ptolemy.domains.de.kernel.DEDirector.preinitialize(DEDirector.java:1338)
	at ptolemy.actor.CompositeActor.preinitialize(CompositeActor.java:1828)
	at ptolemy.actor.Manager.preinitializeAndResolveTypes(Manager.java:1040)
	at ptolemy.actor.Manager.initialize(Manager.java:710)
	at ptolemy.actor.Manager.execute(Manager.java:356)
	at ptolemy.actor.Manager.run(Manager.java:1263)
	at ptolemy.actor.Manager$PtolemyRunThread.run(Manager.java:1915)
java.lang.reflect.InvocationTargetException
	at sun.reflect.NativeConstructorAccessorImpl.newInstance0(Native Method)
	at sun.reflect.NativeConstructorAccessorImpl.newInstance(NativeConstructorAccessorImpl.java:62)
	at sun.reflect.DelegatingConstructorAccessorImpl.newInstance(DelegatingConstructorAccessorImpl.java:45)
	at java.lang.reflect.Constructor.newInstance(Constructor.java:423)
	at ptolemy.util.test.junit.AutoKnownFailedTests.RunModel(AutoKnownFailedTests.java:105)
	at sun.reflect.NativeMethodAccessorImpl.invoke0(Native Method)
	at sun.reflect.NativeMethodAccessorImpl.invoke(NativeMethodAccessorImpl.java:62)
	at sun.reflect.DelegatingMethodAccessorImpl.invoke(DelegatingMethodAccessorImpl.java:43)
	at java.lang.reflect.Method.invoke(Method.java:498)
	at org.junit.runners.model.FrameworkMethod$1.runReflectiveCall(FrameworkMethod.java:44)
	at org.junit.internal.runners.model.ReflectiveCallable.run(ReflectiveCallable.java:15)
	at org.junit.runners.model.FrameworkMethod.invokeExplosively(FrameworkMethod.java:41)
	at junitparams.internal.InvokeParameterisedMethod.evaluate(InvokeParameterisedMethod.java:102)
	at org.junit.internal.runners.statements.FailOnTimeout$1.run(FailOnTimeout.java:28)
Caused by: ptolemy.kernel.util.IllegalActionException: Found a zero delay loop containing .dependencyLoop2.original
  in .dependencyLoop2 and .dependencyLoop2.original
	at ptolemy.actor.util.CausalityInterfaceForComposites._computeOutputPortDepth(CausalityInterfaceForComposites.java:759)
	at ptolemy.actor.util.CausalityInterfaceForComposites._computeInputDepth(CausalityInterfaceForComposites.java:696)
	at ptolemy.actor.util.CausalityInterfaceForComposites._computeOutputPortDepth(CausalityInterfaceForComposites.java:765)
	at ptolemy.actor.util.CausalityInterfaceForComposites._computeInputDepth(CausalityInterfaceForComposites.java:696)
	at ptolemy.actor.util.CausalityInterfaceForComposites._computeOutputPortDepth(CausalityInterfaceForComposites.java:765)
	at ptolemy.actor.util.CausalityInterfaceForComposites._computeInputDepth(CausalityInterfaceForComposites.java:696)
	at ptolemy.actor.util.CausalityInterfaceForComposites._computeActorDepth(CausalityInterfaceForComposites.java:532)
	at ptolemy.actor.util.CausalityInterfaceForComposites.checkForCycles(CausalityInterfaceForComposites.java:96)
	at ptolemy.domains.de.kernel.DEDirector.preinitialize(DEDirector.java:1338)
	at ptolemy.actor.CompositeActor.preinitialize(CompositeActor.java:1828)
	at ptolemy.actor.Manager.preinitializeAndResolveTypes(Manager.java:1040)
	at ptolemy.actor.Manager.initialize(Manager.java:710)
	at ptolemy.actor.Manager.execute(Manager.java:356)
	at ptolemy.actor.Manager.run(Manager.java:1263)
	at ptolemy.actor.Manager$PtolemyRunThread.run(Manager.java:1915)
]]></system-err>
</testsuite>
