<?xml version="1.0" encoding="UTF-8" ?>
<testsuite errors="1" failures="0" hostname="travis-job-15a36596-bd96-48e8-9ffb-ef4248a98fcd" name="ptolemy.actor.lib.test.junit.JUnitTclTest" skipped="0" tests="517" time="58.985" timestamp="2019-05-21T04:22:10">
  <properties>
    <property name="npm.executable" value="npm" />
    <property name="file.encoding.pkg" value="sun.io" />
    <property name="env.TRAVIS_ROOT" value="/" />
    <property name="ptII.mk.exists" value="true" />
    <property name="env.TRAVIS_APP_HOST" value="build.travis-ci.org" />
    <property name="env.rvm_bin_path" value="/home/travis/.rvm/bin" />
    <property name="java.home" value="/usr/lib/jvm/java-8-oracle/jre" />
    <property name="env.TRAVIS_JOB_NUMBER" value="1138.8" />
    <property name="env.TRAVIS_HOME" value="/home/travis" />
    <property name="env.DISPLAY" value=":99.0" />
    <property name="java.net.preferIPv4Stack" value="true" />
    <property name="env.TRAVIS_INIT" value="upstart" />
    <property name="env.SSH_TTY" value="/dev/pts/0" />
    <property name="env.RUN_TESTS" value="true" />
    <property name="timeout.short" value="1000000" />
    <property name="env.TRAVIS_JOB_NAME" value="" />
    <property name="env.TRAVIS_STACK_NODE_ATTRIBUTES" value="/.node-attributes.yml" />
    <property name="junit.formatter" value="xml" />
    <property name="java.endorsed.dirs" value="/usr/lib/jvm/java-8-oracle/jre/lib/endorsed" />
    <property name="env.TRAVIS_SUDO" value="true" />
    <property name="env.LOGNAME" value="travis" />
    <property name="env.PT_TRAVIS_TEST_CORE1_XML" value="true" />
    <property name="jsdoc.home" value="node_modules/@terraswarm/jsdoc" />
    <property name="debuglevel" value="source,lines,vars" />
    <property name="checkstyle.formatter" value="xml" />
    <property name="bin.vergil.makeable" value="true" />
    <property name="env._system_version" value="14.04" />
    <property name="sun.os.patch.level" value="unknown" />
    <property name="java.vendor.url" value="http://java.oracle.com/" />
    <property name="env.TRAVIS_BUILD_WEB_URL" value="https://travis-ci.org/icyphy/ptII/builds/535115091" />
    <property name="java.version" value="1.8.0_151" />
    <property name="env.TZ" value="UTC" />
    <property name="env.PT_NO_NET" value="true" />
    <property name="env.TRAVIS_PULL_REQUEST_SHA" value="" />
    <property name="env.TRAVIS_SECURE_ENV_VARS" value="true" />
    <property name="env._system_type" value="Linux" />
    <property name="java.vendor.url.bug" value="http://bugreport.sun.com/bugreport/" />
    <property name="env.SSH_CLIENT" value="10.10.19.219 52508 22" />
    <property name="npmjs-org-is-up" value="true" />
    <property name="env.GEM_HOME" value="/home/travis/.rvm/gems/ruby-2.4.1" />
    <property name="env.HAS_ANTARES_THREE_LITTLE_FRONZIES_BADGE" value="true" />
    <property name="env.PS4" value="+" />
    <property name="ant.project.invoked-targets" value="build,test.core1.xml" />
    <property name="env.TRAVIS_PULL_REQUEST_BRANCH" value="" />
    <property name="env.TRAVIS_REPO_SLUG" value="icyphy/ptII" />
    <property name="env.TRAVIS_APT_PROXY" value="http://build-cache.travisci.net" />
    <property name="node.in.path" value="true" />
    <property name="java.maxmemory" value="1400m" />
    <property name="env.RUBY_VERSION" value="ruby-2.4.1" />
    <property name="user.name" value="travis" />
    <property name="env.LANG" value="en_US.UTF-8" />
    <property name="sun.io.unicode.encoding" value="UnicodeLittle" />
    <property name="sun.jnu.encoding" value="UTF-8" />
    <property name="java.runtime.name" value="Java(TM) SE Runtime Environment" />
    <property name="usefile" value="false" />
    <property name="return.code" value="0" />
    <property name="junit.single.formatter" value="plain" />
    <property name="env.DEBIAN_FRONTEND" value="noninteractive" />
    <property name="env.SSH_CONNECTION" value="10.10.19.219 52508 10.20.1.146 22" />
    <property name="env.MYSQL_UNIX_PORT" value="/var/run/mysqld/mysqld.sock" />
    <property name="env.TRAVIS_ALLOW_FAILURE" value="false" />
    <property name="env.LC_ALL" value="en_US.UTF-8" />
    <property name="env.TRAVIS_JOB_WEB_URL" value="https://travis-ci.org/icyphy/ptII/jobs/535115099" />
    <property name="java.specification.name" value="Java Platform API Specification" />
    <property name="node.works" value="true" />
    <property name="user.timezone" value="" />
    <property name="path.separator" value=":" />
    <property name="env.TRAVIS_ENABLE_INFRA_DETECTION" value="true" />
    <property name="env.PYTHON_CFLAGS" value="-g -fstack-protector --param=ssp-buffer-size=4 -Wformat -Werror=format-security" />
    <property name="timeout.long" value="4000000" />
    <property name="file.encoding" value="UTF-8" />
    <property name="ant.file.ptII" value="/home/travis/build/icyphy/ptII/build.xml" />
    <property name="javadoc.packagenames" value="com.*,diva.*,lbnl.*,org.hlacerti.*,org.json.*,org.ptolemy.*,org.terraswarm.*,ptolemy.*,ptserver.*" />
    <property name="env.TRAVIS_PULL_REQUEST_SLUG" value="" />
    <property name="ant.project.default-target" value="build" />
    <property name="env.GIT_ASKPASS" value="echo" />
    <property name="env.HOME" value="/home/travis" />
    <property name="sun.java.command" value="org.apache.tools.ant.taskdefs.optional.junit.JUnitTestRunner ptolemy.actor.lib.test.junit.JUnitTclTest skipNonTests=false filtertrace=true haltOnError=false haltOnFailure=false formatter=org.apache.tools.ant.taskdefs.optional.junit.OutErrSummaryJUnitResultFormatter showoutput=true outputtoformatters=true logfailedtests=true threadid=0 logtestlistenerevents=false formatter=org.apache.tools.ant.taskdefs.optional.junit.XMLJUnitResultFormatter,/home/travis/build/icyphy/ptII/reports/junit/TEST-ptolemy.actor.lib.test.junit.JUnitTclTest.xml crashfile=/home/travis/build/icyphy/ptII/junitvmwatcher6852093942230344595.properties propsfile=/home/travis/build/icyphy/ptII/junit4738661679734400814.properties" />
    <property name="env.MANPATH" value="/home/travis/.nvm/versions/node/v7.10.1/share/man:/home/travis/.kiex/elixirs/elixir-1.4.5/man:/home/travis/.rvm/rubies/ruby-2.4.1/share/man:/usr/local/man:/usr/local/cmake-3.9.2/man:/usr/local/clang-5.0.0/share/man:/usr/local/share/man:/usr/share/man:/home/travis/.rvm/man" />
    <property name="env.COMPOSER_NO_INTERACTION" value="1" />
    <property name="env.JDK_SWITCHER_DEFAULT" value="oraclejdk8" />
    <property name="env.TRAVIS_TIMER_ID" value="10cb8a00" />
    <property name="ant.file" value="/home/travis/build/icyphy/ptII/build.xml" />
    <property name="env.TRAVIS_COMMIT_RANGE" value="25358e19e906f8e9155807d44808777cd5710b63...03859736f61821d9cf596b8cb9a71eb7250d4667" />
    <property name="env._system_name" value="Ubuntu" />
    <property name="timeout" value="2400000" />
    <property name="ptII.classpath.optional.property" value="/home/travis/build/icyphy/ptII/lib/bsh-2.0b4.jar:/home/travis/build/icyphy/ptII/lib/ptCal.jar:/home/travis/build/icyphy/ptII/lib/java_cup.jar:/home/travis/build/icyphy/ptII/lib/saxon8.jar:/home/travis/build/icyphy/ptII/lib/saxon8-dom.jar:/home/travis/build/icyphy/ptII/lib/chic.jar:/home/travis/build/icyphy/ptII/lib/ptcolt.jar:/usr/lib/jvm/java-8-oracle/lib/tools.jar:/home/travis/build/icyphy/ptII/vendors/misc/itext/iText.jar:/home/travis/build/icyphy/ptII/lib/g4ltl.jar:/home/travis/build/icyphy/ptII/lib/StructuralCoder.jar:/home/travis/build/icyphy/ptII/vendors/jai-1_1_2_01/lib/jai_core.jar:/home/travis/build/icyphy/ptII/vendors/jai-1_1_2_01/lib/jai_codec.jar:/home/travis/build/icyphy/ptII/lib/jcerti.jar:/home/travis/build/icyphy/ptII/lib/javax.mail.jar:/home/travis/build/icyphy/ptII/vendors/JMF-2.1.1e/lib/jmf.jar:/home/travis/build/icyphy/ptII/lib/jna-4.0.0-variadic.jar:/home/travis/build/icyphy/ptII/vendors/misc/joystick/Joystick.jar:/home/travis/build/icyphy/ptII/lib/ptjacl.jar:/home/travis/build/icyphy/ptII/lib/jsoup-1.8.2.jar:/home/travis/build/icyphy/ptII/lib/junit-4.8.2.jar:/home/travis/build/icyphy/ptII/lib/JUnitParams-0.4.0.jar:/home/travis/build/icyphy/ptII/ptolemy/actor/lib/excel/jxl.jar:/home/travis/build/icyphy/ptII/lib/jython.jar:/home/travis/build/icyphy/ptII/lib/kieler.jar:/home/travis/build/icyphy/ptII/vendors/opencv/share/OpenCV/java/opencv-341.jar:/home/travis/build/icyphy/ptII/lib/oscP5.jar:/home/travis/build/icyphy/ptII/lib/nrjavaserial-3.11.0.devel.jar:/home/travis/build/icyphy/ptII/vendors/j3d/lib/j3dcore.jar:/home/travis/build/icyphy/ptII/vendors/j3d/lib/j3dutils.jar:/home/travis/build/icyphy/ptII/vendors/j3d/lib/vecmath.jar:/home/travis/build/icyphy/ptII/ptolemy/distributed/jini/jar/jini-core.jar:/home/travis/build/icyphy/ptII/ptolemy/distributed/jini/jar/jini-ext.jar:/home/travis/build/icyphy/ptII/ptolemy/distributed/jini/jar/sun-util.jar:/home/travis/build/icyphy/ptII/lib/protobuf-java-2.4.1.jar:/home/travis/build/icyphy/ptII/lib/org.eclipse.paho.client.mqttv3.jar:/home/travis/build/icyphy/ptII/lib/mapss.jar:/home/travis/build/icyphy/ptII/ptolemy/actor/ptalon/antlr/antlr.jar:/home/travis/build/icyphy/ptII/lib/JRI.jar:/home/travis/build/icyphy/ptII/lib/commons-lang-2.6.jar:/home/travis/build/icyphy/ptII/lib/commons-logging-1.1.1.jar:/home/travis/build/icyphy/ptII/lib/sootclasses.jar:/home/travis/build/icyphy/ptII/ptolemy/actor/lib/database/mysql-connector-java-5.1.6-bin.jar:/home/travis/build/icyphy/ptII/vendors/misc/sphinx4/sphinx4-data-5prealpha.jar:/home/travis/build/icyphy/ptII/vendors/misc/sphinx4/sphinx4-core-5prealpha.jar:/home/travis/build/icyphy/ptII/lib/PDFRenderer.jar:/home/travis/build/icyphy/ptII/lib/svgSalamander.jar:/home/travis/build/icyphy/ptII/lib/rsyntaxtextarea-2.6.0-SNAPSHOT.jar:/home/travis/build/icyphy/ptII/lib/hazelcast-3.8.2.jar:/home/travis/build/icyphy/ptII/lib/jackson-annotations-2.9.0.jar:/home/travis/build/icyphy/ptII/lib/jackson-core-2.9.3.jar:/home/travis/build/icyphy/ptII/lib/jackson-databind-2.9.3.jar:/home/travis/build/icyphy/ptII/lib/netty-buffer-4.1.19.Final.jar:/home/travis/build/icyphy/ptII/lib/netty-codec-4.1.19.Final.jar:/home/travis/build/icyphy/ptII/lib/netty-codec-dns-4.1.19.Final.jar:/home/travis/build/icyphy/ptII/lib/netty-codec-http-4.1.19.Final.jar:/home/travis/build/icyphy/ptII/lib/netty-codec-http2-4.1.19.Final.jar:/home/travis/build/icyphy/ptII/lib/netty-common-4.1.19.Final.jar:/home/travis/build/icyphy/ptII/lib/netty-handler-4.1.19.Final.jar:/home/travis/build/icyphy/ptII/lib/netty-resolver-4.1.19.Final.jar:/home/travis/build/icyphy/ptII/lib/netty-resolver-dns-4.1.19.Final.jar:/home/travis/build/icyphy/ptII/lib/netty-transport-4.1.19.Final.jar:/home/travis/build/icyphy/ptII/lib/vertx-codegen-3.5.1.jar:/home/travis/build/icyphy/ptII/lib/vertx-core-3.5.2-SNAPSHOT.jar:/home/travis/build/icyphy/ptII/lib/vertx-hazelcast-3.5.1.jar:/home/travis/build/icyphy/ptII/lib/vertx-lang-js-3.5.1.jar:/home/travis/build/icyphy/ptII/lib/vertx-service-proxy-3.5.1.jar:/home/travis/build/icyphy/ptII/lib/vertx-web-3.5.1.jar:/home/travis/build/icyphy/ptII/lib/slf4j-api-1.7.13.jar:/home/travis/build/icyphy/ptII/lib/slf4j-simple-1.7.13.jar:/home/travis/build/icyphy/ptII/lib/webcam-capture-0.3.12.jar:/home/travis/build/icyphy/ptII/lib/bridj-0.7.0.jar:/home/travis/build/icyphy/ptII/lib/xbjlib-1.1.0.nrjavaserial.jar" />
    <property name="test.batch" value="**/junit/*.java" />
    <property name="env._" value="/usr/bin/timeout" />
    <property name="java.io.tmpdir" value="/tmp" />
    <property name="env.TRAVIS_INTERNAL_RUBY_REGEX" value="^ruby-(2\.[0-4]\.[0-9]|1\.9\.3)" />
    <property name="user.language" value="en" />
    <property name="env.HISTCONTROL" value="ignoredups:ignorespace" />
    <property name="env.GOROOT" value="/home/travis/.gimme/versions/go1.7.4.linux.amd64" />
    <property name="line.separator" value="&#xa;" />
    <property name="target" value="1.8" />
    <property name="env.TRAVIS_BUILD_DIR" value="/home/travis/build/icyphy/ptII" />
    <property name="env.ANT_OPTS" value="-Xmx2048m" />
    <property name="ant.file.type" value="file" />
    <property name="ptolemy.ptII.batchMode" value="true" />
    <property name="env.HISTSIZE" value="1000" />
    <property name="env.MERB_ENV" value="test" />
    <property name="java.vm.info" value="mixed mode" />
    <property name="source" value="1.8" />
    <property name="java.vm.specification.name" value="Java Virtual Machine Specification" />
    <property name="env.TRAVIS_TEST_RESULT" value="0" />
    <property name="jsdoc.command" value="node_modules/@terraswarm/jsdoc/jsdoc.js" />
    <property name="npm.works" value="true" />
    <property name="cobertura.dir" value="/home/travis/build/icyphy/ptII/vendors/cobertura-2.0.3" />
    <property name="env.rvm_path" value="/home/travis/.rvm" />
    <property name="env.GEM_PATH" value="/home/travis/.rvm/gems/ruby-2.4.1:/home/travis/.rvm/gems/ruby-2.4.1@global" />
    <property name="env.LC_CTYPE" value="en_US.UTF-8" />
    <property name="java.awt.printerjob" value="sun.print.PSPrinterJob" />
    <property name="env.TRAVIS_CMD" value="$PTII/bin/ptIITravisBuild.sh $SECONDS" />
    <property name="env.TRAVIS_STACK_NAME" value="garnet" />
    <property name="env.TRAVIS_TIMER_START_TIME" value="1558412146924824159" />
    <property name="ant.version" value="Apache Ant(TM) version 1.10.1 compiled on February 2 2017" />
    <property name="ptII.reports" value="/home/travis/build/icyphy/ptII/reports" />
    <property name="env.TRAVIS_STACK_TIMESTAMP" value="2017-12-05 19:33:09 UTC" />
    <property name="ant.file.type.ptII" value="file" />
    <property name="env.RBENV_SHELL" value="bash" />
    <property name="os.name" value="Linux" />
    <property name="java.specification.vendor" value="Oracle Corporation" />
    <property name="env.rvm_version" value="1.29.3 (latest)" />
    <property name="env.TRAVIS_INFRA" value="gce" />
    <property name="env.TERM" value="xterm" />
    <property name="java.vm.name" value="Java HotSpot(TM) 64-Bit Server VM" />
    <property name="env.TRAVIS_BUILD_NUMBER" value="1138" />
    <property name="env.CI" value="true" />
    <property name="java.library.path" value="/usr/lib/jni:/usr/local/share/OpenCV/java/:/usr/share/OpenCV/java::/usr/java/packages/lib/amd64:/usr/lib64:/lib64:/lib:/usr/lib" />
    <property name="env.rvm_prefix" value="/home/travis" />
    <property name="env.PATH" value="/home/travis/.rvm/gems/ruby-2.4.1/bin:/home/travis/.rvm/gems/ruby-2.4.1@global/bin:/home/travis/.rvm/rubies/ruby-2.4.1/bin:/home/travis/.rvm/bin:/home/travis/.nvm/versions/node/v7.10.1/bin:./node_modules/.bin:/home/travis/build/icyphy/ptII/bin:/home/travis/pthla/certi-tools/bin:/home/travis/bin:/home/travis/.local/bin:/opt/pyenv/shims:/home/travis/.phpenv/shims:/home/travis/perl5/perlbrew/bin:/home/travis/.kiex/elixirs/elixir-1.4.5/bin:/home/travis/.kiex/bin:/home/travis/gopath/bin:/home/travis/.gimme/versions/go1.7.4.linux.amd64/bin:/usr/local/phantomjs/bin:/usr/local/phantomjs:/usr/local/neo4j-3.2.7/bin:/usr/local/maven-3.5.2/bin:/usr/local/cmake-3.9.2/bin:/usr/local/clang-5.0.0/bin:/usr/local/sbin:/usr/local/bin:/usr/sbin:/usr/bin:/sbin:/bin:/home/travis/.phpenv/bin:/opt/pyenv/bin:/home/travis/.yarn/bin" />
    <property name="env.TRAVIS_OS_NAME" value="linux" />
    <property name="ant.java.version" value="1.8" />
    <property name="basedir" value="/home/travis/build/icyphy/ptII" />
    <property name="java.class.version" value="52.0" />
    <property name="env.SHLVL" value="3" />
    <property name="env.LD_LIBRARY_PATH" value="/usr/lib/jni:/usr/local/share/OpenCV/java/:/usr/share/OpenCV/java:" />
    <property name="env.RACK_ENV" value="test" />
    <property name="ant.home" value="/home/travis/build/icyphy/ptII/ant" />
    <property name="env.NVM_DIR" value="/home/travis/.nvm" />
    <property name="env.PERLBREW_BASHRC_VERSION" value="0.80" />
    <property name="env.TRAVIS_BUILD_ID" value="535115091" />
    <property name="env.PYENV_ROOT" value="/opt/pyenv" />
    <property name="env.TRAVIS_UID" value="2000" />
    <property name="env.rvm_pretty_print_flag" value="auto" />
    <property name="env.NVM_BIN" value="/home/travis/.nvm/versions/node/v7.10.1/bin" />
    <property name="env.TRAVIS_COMMIT" value="03859736f61821d9cf596b8cb9a71eb7250d4667" />
    <property name="env._system_arch" value="x86_64" />
    <property name="node.executable" value="node" />
    <property name="sun.boot.library.path" value="/usr/lib/jvm/java-8-oracle/jre/lib/amd64" />
    <property name="sun.management.compiler" value="HotSpot 64-Bit Tiered Compilers" />
    <property name="env.GOPATH" value="/home/travis/gopath" />
    <property name="java.awt.graphicsenv" value="sun.awt.X11GraphicsEnvironment" />
    <property name="ptolemy.ptII.dir" value="/home/travis/build/icyphy/ptII" />
    <property name="env.USER" value="travis" />
    <property name="env.HISTFILESIZE" value="2000" />
    <property name="timeout.longest" value="19000000" />
    <property name="env.TRAVIS_STACK_FEATURES" value="basic cassandra chromium couchdb disabled-ipv6 docker docker-compose elasticsearch firefox go-toolchain google-chrome jdk memcached mongodb mysql neo4j nodejs_interpreter perl_interpreter perlbrew phantomjs postgresql python_interpreter rabbitmq redis riak ruby_interpreter sqlite xserver" />
    <property name="env.TRAVIS_PULL_REQUEST" value="false" />
    <property name="env.PYENV_SHELL" value="bash" />
    <property name="ant.project.name" value="ptII" />
    <property name="java.vm.specification.version" value="1.8" />
    <property name="env.ANSI_RESET" value="\033[0m" />
    <property name="env.TRAVIS_DIST" value="trusty" />
    <property name="env.NLSPATH" value="/usr/dt/lib/nls/msg/%L/%N.cat" />
    <property name="awt.toolkit" value="sun.awt.X11.XToolkit" />
    <property name="env.MY_RUBY_HOME" value="/home/travis/.rvm/rubies/ruby-2.4.1" />
    <property name="sun.cpu.isalist" value="" />
    <property name="env.TRAVIS_TMPDIR" value="/tmp/tmp.6Jp3OcMtPq" />
    <property name="java.ext.dirs" value="/usr/lib/jvm/java-8-oracle/jre/lib/ext:/usr/java/packages/lib/ext" />
    <property name="os.version" value="4.4.0-101-generic" />
    <property name="user.home" value="/home/travis" />
    <property name="env.MIX_ARCHIVES" value="/home/travis/.kiex/mix/elixir-1.4.5" />
    <property name="java.vm.vendor" value="Oracle Corporation" />
    <property name="env.TRAVIS_TAG" value="nightly" />
    <property name="env.ANSI_YELLOW" value="\033[33;1m" />
    <property name="env.TRAVIS_FILTERED" value="redirect_io" />
    <property name="env.PTII" value="/home/travis/build/icyphy/ptII" />
    <property name="env.JAVA_HOME" value="/usr/lib/jvm/java-8-oracle" />
    <property name="javadoc.excludepackagenames" value="adm.cvs2svn.*,build.*,config.*,doc.coding.templates.*,jni.test.jni.meaningOfLife.*,jni.test.jni.testDeux.*,jni.test.jni.testTrois.*,org.terraswarm.accessor.accessors.web.node_modules.*,org.terraswarm.accessor.accessors.web.hosts.cordova.demo.*,org.terraswarm.accessor.accessors.web.hosts.cordova.plugins.*,org.terraswarm.accessor.accessors-svn.*,pt-modules.*,ptolemy.apps.agilent.*,ptolemy.apps.anytimecontrol.*,ptolemy.apps.apes.*,ptolemy.apps.charon.*,ptolemy.apps.crazyboard.*,ptolemy.apps.eclipse.*,ptolemy.apps.etherealSting.*,ptolemy.apps.fullscreen.*,ptolemy.apps.giotto.*,ptolemy.apps.ia.*,ptolemy.apps.interfaces.*,ptolemy.apps.jmf.*,ptolemy.apps.kurt.*,ptolemy.apps.kvm.*,ptolemy.apps.lego.*,ptolemy.apps.lejos.*,ptolemy.apps.midp.*,ptolemy.apps.mobileCoding.*,ptolemy.apps.pendulum.*,ptolemy.apps.rijndael.*,ptolemy.apps.robot.*,ptolemy.apps.security.*,ptolemy.apps.sobel.*,ptolemy.apps.soot.*,ptolemy.apps.throttle.*,ptolemy.apps.tini.*,ptolemy.apps.transmission.*,ptolemy.apps.vergil.*,ptolemy.apps.waba.*,ptolemy.apps.websensor.*,ptolemy.apps.webstart.*,ptolemy.apps.xsl.*,ptolemy.apps.zaurus.*,ptolemy.codegen.c.actor.lib.oldJavaFiles.*,ptolemy.codegen.dsp.lib.*,ptolemy.codegen.kernel.newInterfaces.*,ptolemy.codegen.lib.*,ptolemy.copernicus.kernel.fragment.*,ptolemy.copernicus.shallow.cg.*,ptolemy.domains.giotto.demo.Hierarchy.Hierarchy.*,ptolemy.domains.giotto.demo.Multimode.Multimode.*,ptolemy.domains.giotto.demo.Simple.Simple.*,ptolemy.domains.gr.lib.experimental.*,ptolemy.domains.gro.*,ptolemy.domains.pdf.*,ptolemy.domains.ptinyos.demo.Surge.output.*,ptolemy.moml.test.NoPackageActor.java*,ptolemy.plot.adm.*,ptolemy.plot.servlet.*,reports.*,signed.*,src.*,target.*,vendors.*,ptolemy.apps.eclipse.awt.*,ptolemy.backtrack.*,ptolemy.backtrack.ast.*,ptolemy.cg.adapter.generic.program.procedural.c.mbed*,ptolemy.homer.*,org.ptolemy.scala.*,diva.util.java2d.svg.*,ptolemy.domains.ptinyos.*,ptolemy.actor.lib.fmi.fmipp.*,,org.terraswarm.accessor.accessors.web.node_modules.*,org.terraswarm.accessor.accessors-svn,ptolemy.apps.*,ptolemy.actor.ptalon.demo.ptinyos.SendAndReceiveCnt.output,ptolemy.actor.ptalon.demo.ptinyos.SenseToLeds.output,ptolemy.domains.ptinyos.demo.CntToLedsAndRfm.output,ptolemy.domains.ptinyos.demo.RfmToLeds.output,ptolemy.domains.ptinyos.demo.SendAndReceiveCnt.output,ptolemy.domains.ptinyos.demo.SenseToLeds.output,ptolemy.actor.lib.jjs.modules.udpSocket.*" />
    <property name="env.ANSI_GREEN" value="\033[32;1m" />
    <property name="env.TRAVIS_COMMIT_MESSAGE" value="Tuning docs" />
    <property name="keystore" value="ptKeystore" />
    <property name="env.XDG_SESSION_ID" value="2" />
    <property name="junit.output.dir" value="/home/travis/build/icyphy/ptII/reports/junit" />
    <property name="npm.return.code" value="0" />
    <property name="user.dir" value="/home/travis/build/icyphy/ptII/ptolemy/actor/lib/test" />
    <property name="env.XFILESEARCHPATH" value="/usr/dt/app-defaults/%L/Dt" />
    <property name="env.TRAVIS_NODE_VERSION" value="7" />
    <property name="env.MAIL" value="/var/mail/travis" />
    <property name="env.TRAVIS_EVENT_TYPE" value="cron" />
    <property name="env.PWD" value="/home/travis/build/icyphy/ptII" />
    <property name="env.PERLBREW_ROOT" value="/home/travis/perl5/perlbrew" />
    <property name="timeout.npm" value="45000" />
    <property name="env.TRAVIS_ARCH" value="amd64" />
    <property name="env.PAGER" value="cat" />
    <property name="sun.cpu.endian" value="little" />
    <property name="env.TRAVIS_BUILD_STAGE_NAME" value="Test" />
    <property name="env.PERLBREW_HOME" value="/home/travis/.perlbrew" />
    <property name="java.vm.version" value="25.151-b12" />
    <property name="env.RAILS_ENV" value="test" />
    <property name="java.class.path" value="/home/travis/.ptolemyII:/home/travis/.ptolemyII/*:/home/travis/build/icyphy/ptII:/home/travis/build/icyphy/ptII/lib/bsh-2.0b4.jar:/home/travis/build/icyphy/ptII/lib/ptCal.jar:/home/travis/build/icyphy/ptII/lib/java_cup.jar:/home/travis/build/icyphy/ptII/lib/saxon8.jar:/home/travis/build/icyphy/ptII/lib/saxon8-dom.jar:/home/travis/build/icyphy/ptII/lib/chic.jar:/home/travis/build/icyphy/ptII/lib/ptcolt.jar:/usr/lib/jvm/java-8-oracle/lib/tools.jar:/home/travis/build/icyphy/ptII/vendors/misc/itext/iText.jar:/home/travis/build/icyphy/ptII/lib/g4ltl.jar:/home/travis/build/icyphy/ptII/lib/StructuralCoder.jar:/home/travis/build/icyphy/ptII/vendors/jai-1_1_2_01/lib/jai_core.jar:/home/travis/build/icyphy/ptII/vendors/jai-1_1_2_01/lib/jai_codec.jar:/home/travis/build/icyphy/ptII/lib/jcerti.jar:/home/travis/build/icyphy/ptII/lib/javax.mail.jar:/home/travis/build/icyphy/ptII/vendors/JMF-2.1.1e/lib/jmf.jar:/home/travis/build/icyphy/ptII/lib/jna-4.0.0-variadic.jar:/home/travis/build/icyphy/ptII/vendors/misc/joystick/Joystick.jar:/home/travis/build/icyphy/ptII/lib/ptjacl.jar:/home/travis/build/icyphy/ptII/lib/jsoup-1.8.2.jar:/home/travis/build/icyphy/ptII/lib/junit-4.8.2.jar:/home/travis/build/icyphy/ptII/lib/JUnitParams-0.4.0.jar:/home/travis/build/icyphy/ptII/ptolemy/actor/lib/excel/jxl.jar:/home/travis/build/icyphy/ptII/lib/jython.jar:/home/travis/build/icyphy/ptII/lib/kieler.jar:/home/travis/build/icyphy/ptII/vendors/opencv/share/OpenCV/java/opencv-341.jar:/home/travis/build/icyphy/ptII/lib/oscP5.jar:/home/travis/build/icyphy/ptII/lib/nrjavaserial-3.11.0.devel.jar:/home/travis/build/icyphy/ptII/vendors/j3d/lib/j3dcore.jar:/home/travis/build/icyphy/ptII/vendors/j3d/lib/j3dutils.jar:/home/travis/build/icyphy/ptII/vendors/j3d/lib/vecmath.jar:/home/travis/build/icyphy/ptII/ptolemy/distributed/jini/jar/jini-core.jar:/home/travis/build/icyphy/ptII/ptolemy/distributed/jini/jar/jini-ext.jar:/home/travis/build/icyphy/ptII/ptolemy/distributed/jini/jar/sun-util.jar:/home/travis/build/icyphy/ptII/lib/protobuf-java-2.4.1.jar:/home/travis/build/icyphy/ptII/lib/org.eclipse.paho.client.mqttv3.jar:/home/travis/build/icyphy/ptII/lib/mapss.jar:/home/travis/build/icyphy/ptII/ptolemy/actor/ptalon/antlr/antlr.jar:/home/travis/build/icyphy/ptII/lib/JRI.jar:/home/travis/build/icyphy/ptII/lib/commons-lang-2.6.jar:/home/travis/build/icyphy/ptII/lib/commons-logging-1.1.1.jar:/home/travis/build/icyphy/ptII/lib/sootclasses.jar:/home/travis/build/icyphy/ptII/ptolemy/actor/lib/database/mysql-connector-java-5.1.6-bin.jar:/home/travis/build/icyphy/ptII/vendors/misc/sphinx4/sphinx4-data-5prealpha.jar:/home/travis/build/icyphy/ptII/vendors/misc/sphinx4/sphinx4-core-5prealpha.jar:/home/travis/build/icyphy/ptII/lib/PDFRenderer.jar:/home/travis/build/icyphy/ptII/lib/svgSalamander.jar:/home/travis/build/icyphy/ptII/lib/rsyntaxtextarea-2.6.0-SNAPSHOT.jar:/home/travis/build/icyphy/ptII/lib/hazelcast-3.8.2.jar:/home/travis/build/icyphy/ptII/lib/jackson-annotations-2.9.0.jar:/home/travis/build/icyphy/ptII/lib/jackson-core-2.9.3.jar:/home/travis/build/icyphy/ptII/lib/jackson-databind-2.9.3.jar:/home/travis/build/icyphy/ptII/lib/netty-buffer-4.1.19.Final.jar:/home/travis/build/icyphy/ptII/lib/netty-codec-4.1.19.Final.jar:/home/travis/build/icyphy/ptII/lib/netty-codec-dns-4.1.19.Final.jar:/home/travis/build/icyphy/ptII/lib/netty-codec-http-4.1.19.Final.jar:/home/travis/build/icyphy/ptII/lib/netty-codec-http2-4.1.19.Final.jar:/home/travis/build/icyphy/ptII/lib/netty-common-4.1.19.Final.jar:/home/travis/build/icyphy/ptII/lib/netty-handler-4.1.19.Final.jar:/home/travis/build/icyphy/ptII/lib/netty-resolver-4.1.19.Final.jar:/home/travis/build/icyphy/ptII/lib/netty-resolver-dns-4.1.19.Final.jar:/home/travis/build/icyphy/ptII/lib/netty-transport-4.1.19.Final.jar:/home/travis/build/icyphy/ptII/lib/vertx-codegen-3.5.1.jar:/home/travis/build/icyphy/ptII/lib/vertx-core-3.5.2-SNAPSHOT.jar:/home/travis/build/icyphy/ptII/lib/vertx-hazelcast-3.5.1.jar:/home/travis/build/icyphy/ptII/lib/vertx-lang-js-3.5.1.jar:/home/travis/build/icyphy/ptII/lib/vertx-service-proxy-3.5.1.jar:/home/travis/build/icyphy/ptII/lib/vertx-web-3.5.1.jar:/home/travis/build/icyphy/ptII/lib/slf4j-api-1.7.13.jar:/home/travis/build/icyphy/ptII/lib/slf4j-simple-1.7.13.jar:/home/travis/build/icyphy/ptII/lib/webcam-capture-0.3.12.jar:/home/travis/build/icyphy/ptII/lib/bridj-0.7.0.jar:/home/travis/build/icyphy/ptII/lib/xbjlib-1.1.0.nrjavaserial.jar:/home/travis/build/icyphy/ptII/ptolemy/moml/test:/home/travis/build/icyphy/ptII/ant/lib/ant-launcher.jar:/home/travis/build/icyphy/ptII/ant/lib/ant.jar:/home/travis/build/icyphy/ptII/ant/lib/ant-junit.jar:/home/travis/build/icyphy/ptII/ant/lib/ant-junit4.jar" />
    <property name="ant.library.dir" value="/home/travis/build/icyphy/ptII/ant/lib" />
    <property name="os.arch" value="amd64" />
    <property name="env.TRAVIS_LANGUAGE" value="node_js" />
    <property name="env.CONTINUOUS_INTEGRATION" value="true" />
    <property name="env.TRAVIS_STACK_LANGUAGES" value="__garnet__ c c++ clojure cplusplus cpp default go groovy java node_js php pure_java python ruby scala" />
    <property name="test.name" value="ptolemy.actor.lib.test.junit.JUnitTclTest" />
    <property name="sun.java.launcher" value="SUN_STANDARD" />
    <property name="env.PYTHON_CONFIGURE_OPTS" value="--enable-unicode=ucs4 --with-wide-unicode --enable-shared --enable-ipv6 --enable-loadable-sqlite-extensions --with-computed-gotos" />
    <property name="ant.core.lib" value="/home/travis/build/icyphy/ptII/ant/lib/ant.jar" />
    <property name="java.vm.specification.vendor" value="Oracle Corporation" />
    <property name="env.BCVTB_HOME" value="/home/travis/build/icyphy/ptII/lbnl" />
    <property name="file.separator" value="/" />
    <property name="java.runtime.version" value="1.8.0_151-b12" />
    <property name="spotbugs.home" value="/home/travis/build/icyphy/ptII/vendors/spotbugs-3.1.1" />
    <property name="sun.boot.class.path" value="/usr/lib/jvm/java-8-oracle/jre/lib/resources.jar:/usr/lib/jvm/java-8-oracle/jre/lib/rt.jar:/usr/lib/jvm/java-8-oracle/jre/lib/sunrsasign.jar:/usr/lib/jvm/java-8-oracle/jre/lib/jsse.jar:/usr/lib/jvm/java-8-oracle/jre/lib/jce.jar:/usr/lib/jvm/java-8-oracle/jre/lib/charsets.jar:/usr/lib/jvm/java-8-oracle/jre/lib/jfr.jar:/usr/lib/jvm/java-8-oracle/jre/classes" />
    <property name="env.ANSI_CLEAR" value="\033[0K" />
    <property name="env.HAS_JOSH_K_SEAL_OF_APPROVAL" value="true" />
    <property name="env.TRAVIS_OSX_IMAGE" value="" />
    <property name="env.XDG_RUNTIME_DIR" value="/run/user/2000" />
    <property name="env.TRAVIS_JOB_ID" value="535115099" />
    <property name="env.TRAVIS_BRANCH" value="master" />
    <property name="user.country" value="US" />
    <property name="env.CERTI_HOME_TRAVIS" value="/home/travis/pthla/certi-tools" />
    <property name="env.SHELL" value="/bin/bash" />
    <property name="java.maxmemory.large" value="5000m" />
    <property name="model" value="" />
    <property name="env.CASHER_DIR" value="/home/travis/.casher" />
    <property name="env.NVM_CD_FLAGS" value="" />
    <property name="jshint.executable" value="/home/travis/node_modules/jshint/bin/jshint" />
    <property name="java.vendor" value="Oracle Corporation" />
    <property name="env.JRUBY_OPTS" value=" --client -J-XX:+TieredCompilation -J-XX:TieredStopAtLevel=1 -J-Xss2m -Xcompile.invokedynamic=false" />
    <property name="env.TRAVIS_PRE_CHEF_BOOTSTRAP_TIME" value="2017-12-05T19:32:55" />
    <property name="env.TRAVIS_STACK_JOB_BOARD_REGISTER" value="/.job-board-register.yml" />
    <property name="env.ELIXIR_VERSION" value="1.4.5" />
    <property name="env.ANSI_RED" value="\033[31;1m" />
    <property name="java.specification.version" value="1.8" />
    <property name="env.TRAVIS" value="true" />
    <property name="env.IRBRC" value="/home/travis/.rvm/rubies/ruby-2.4.1/.irbrc" />
    <property name="sun.arch.data.model" value="64" />
  </properties>
  <testcase classname="ptolemy.util.test.junit.TclTests" name="[0] /home/travis/build/icyphy/ptII/ptolemy/actor/lib/test/AbsoluteValue.tcl (RunTclFile)" time="0.454" />
  <testcase classname="ptolemy.util.test.junit.TclTests" name="[1] /home/travis/build/icyphy/ptII/ptolemy/actor/lib/test/AddSubtract.tcl (RunTclFile)" time="0.055" />
  <testcase classname="ptolemy.util.test.junit.TclTests" name="[2] /home/travis/build/icyphy/ptII/ptolemy/actor/lib/test/Average.tcl (RunTclFile)" time="0.057" />
  <testcase classname="ptolemy.util.test.junit.TclTests" name="[3] /home/travis/build/icyphy/ptII/ptolemy/actor/lib/test/Bernoulli.tcl (RunTclFile)" time="0.028" />
  <testcase classname="ptolemy.util.test.junit.TclTests" name="[4] /home/travis/build/icyphy/ptII/ptolemy/actor/lib/test/Clock.tcl (RunTclFile)" time="0.104" />
  <testcase classname="ptolemy.util.test.junit.TclTests" name="[5] /home/travis/build/icyphy/ptII/ptolemy/actor/lib/test/Commutator.tcl (RunTclFile)" time="0.153" />
  <testcase classname="ptolemy.util.test.junit.TclTests" name="[6] /home/travis/build/icyphy/ptII/ptolemy/actor/lib/test/Const.tcl (RunTclFile)" time="0.104" />
  <testcase classname="ptolemy.util.test.junit.TclTests" name="[7] /home/travis/build/icyphy/ptII/ptolemy/actor/lib/test/CurrentTime.tcl (RunTclFile)" time="0.019" />
  <testcase classname="ptolemy.util.test.junit.TclTests" name="[8] /home/travis/build/icyphy/ptII/ptolemy/actor/lib/test/DB.tcl (RunTclFile)" time="0.035" />
  <testcase classname="ptolemy.util.test.junit.TclTests" name="[9] /home/travis/build/icyphy/ptII/ptolemy/actor/lib/test/DiscreteRandomSource.tcl (RunTclFile)" time="0.047" />
  <testcase classname="ptolemy.util.test.junit.TclTests" name="[10] /home/travis/build/icyphy/ptII/ptolemy/actor/lib/test/Distributor.tcl (RunTclFile)" time="0.06" />
  <testcase classname="ptolemy.util.test.junit.TclTests" name="[11] /home/travis/build/icyphy/ptII/ptolemy/actor/lib/test/Exit.tcl (RunTclFile)" time="0.061" />
  <testcase classname="ptolemy.util.test.junit.TclTests" name="[12] /home/travis/build/icyphy/ptII/ptolemy/actor/lib/test/Expression.tcl (RunTclFile)" time="0.119" />
  <testcase classname="ptolemy.util.test.junit.TclTests" name="[13] /home/travis/build/icyphy/ptII/ptolemy/actor/lib/test/Gaussian.tcl (RunTclFile)" time="0.83" />
  <testcase classname="ptolemy.util.test.junit.TclTests" name="[14] /home/travis/build/icyphy/ptII/ptolemy/actor/lib/test/IIR.tcl (RunTclFile)" time="0.031" />
  <testcase classname="ptolemy.util.test.junit.TclTests" name="[15] /home/travis/build/icyphy/ptII/ptolemy/actor/lib/test/Interpolator.tcl (RunTclFile)" time="0.1" />
  <testcase classname="ptolemy.util.test.junit.TclTests" name="[16] /home/travis/build/icyphy/ptII/ptolemy/actor/lib/test/MathFunction.tcl (RunTclFile)" time="0.076" />
  <testcase classname="ptolemy.util.test.junit.TclTests" name="[17] /home/travis/build/icyphy/ptII/ptolemy/actor/lib/test/Maximum.tcl (RunTclFile)" time="0.03" />
  <testcase classname="ptolemy.util.test.junit.TclTests" name="[18] /home/travis/build/icyphy/ptII/ptolemy/actor/lib/test/Minimum.tcl (RunTclFile)" time="0.037" />
  <testcase classname="ptolemy.util.test.junit.TclTests" name="[19] /home/travis/build/icyphy/ptII/ptolemy/actor/lib/test/MultiplyDivide.tcl (RunTclFile)" time="0.042" />
  <testcase classname="ptolemy.util.test.junit.TclTests" name="[20] /home/travis/build/icyphy/ptII/ptolemy/actor/lib/test/OrderedMerge.tcl (RunTclFile)" time="0.097" />
  <testcase classname="ptolemy.util.test.junit.TclTests" name="[21] /home/travis/build/icyphy/ptII/ptolemy/actor/lib/test/Publisher.tcl (RunTclFile)" time="0.655" />
  <testcase classname="ptolemy.util.test.junit.TclTests" name="[22] /home/travis/build/icyphy/ptII/ptolemy/actor/lib/test/Pulse.tcl (RunTclFile)" time="0.029" />
  <testcase classname="ptolemy.util.test.junit.TclTests" name="[23] /home/travis/build/icyphy/ptII/ptolemy/actor/lib/test/Ramp.tcl (RunTclFile)" time="1.792" />
  <testcase classname="ptolemy.util.test.junit.TclTests" name="[24] /home/travis/build/icyphy/ptII/ptolemy/actor/lib/test/RampContinuous.tcl (RunTclFile)" time="0.02" />
  <testcase classname="ptolemy.util.test.junit.TclTests" name="[25] /home/travis/build/icyphy/ptII/ptolemy/actor/lib/test/RecordAssembler.tcl (RunTclFile)" time="0.019" />
  <testcase classname="ptolemy.util.test.junit.TclTests" name="[26] /home/travis/build/icyphy/ptII/ptolemy/actor/lib/test/RecordDisassembler.tcl (RunTclFile)" time="0.029" />
  <testcase classname="ptolemy.util.test.junit.TclTests" name="[27] /home/travis/build/icyphy/ptII/ptolemy/actor/lib/test/Scale.tcl (RunTclFile)" time="0.029" />
  <testcase classname="ptolemy.util.test.junit.TclTests" name="[28] /home/travis/build/icyphy/ptII/ptolemy/actor/lib/test/SequentialClock.tcl (RunTclFile)" time="0.025" />
  <testcase classname="ptolemy.util.test.junit.TclTests" name="[29] /home/travis/build/icyphy/ptII/ptolemy/actor/lib/test/SetVariable.tcl (RunTclFile)" time="0.016" />
  <testcase classname="ptolemy.util.test.junit.TclTests" name="[30] /home/travis/build/icyphy/ptII/ptolemy/actor/lib/test/Sinewave.tcl (RunTclFile)" time="0.055" />
  <testcase classname="ptolemy.util.test.junit.TclTests" name="[31] /home/travis/build/icyphy/ptII/ptolemy/actor/lib/test/SubscriptionAggregator.tcl (RunTclFile)" time="1.773" />
  <testcase classname="ptolemy.util.test.junit.TclTests" name="[32] /home/travis/build/icyphy/ptII/ptolemy/actor/lib/test/Test.tcl (RunTclFile)" time="0.072" />
  <testcase classname="ptolemy.util.test.junit.TclTests" name="[33] /home/travis/build/icyphy/ptII/ptolemy/actor/lib/test/TestExceptionHandler.tcl (RunTclFile)" time="0.011" />
  <testcase classname="ptolemy.util.test.junit.TclTests" name="[34] /home/travis/build/icyphy/ptII/ptolemy/actor/lib/test/UnionDisassembler.tcl (RunTclFile)" time="0.042" />
  <testcase classname="ptolemy.util.test.junit.TclTests" name="[35] /home/travis/build/icyphy/ptII/ptolemy/actor/lib/test/VariableClock.tcl (RunTclFile)" time="0.015" />
  <testcase classname="ptolemy.util.test.junit.AutoKnownFailedTests" name="[0] /home/travis/build/icyphy/ptII/ptolemy/actor/lib/test/auto/knownFailedTests/PublisherPortToplevelSubscriber.xml (RunModel)" time="0.02" />
  <testcase classname="ptolemy.util.test.junit.AutoKnownFailedTests" name="[1] /home/travis/build/icyphy/ptII/ptolemy/actor/lib/test/auto/knownFailedTests/PublisherSubscriberPortToplevel.xml (RunModel)" time="0.016" />
  <testcase classname="ptolemy.util.test.junit.AutoKnownFailedTests" name="[2] /home/travis/build/icyphy/ptII/ptolemy/actor/lib/test/auto/knownFailedTests/PublisherSubscriptionAggregatorPort.xml (RunModel)" time="0.024" />
  <testcase classname="ptolemy.util.test.junit.AutoKnownFailedTests" name="[3] /home/travis/build/icyphy/ptII/ptolemy/actor/lib/test/auto/knownFailedTests/sizedarray3.xml (RunModel)" time="0.023" />
  <testcase classname="ptolemy.util.test.junit.AutoNameArchTests" name="[0] ThereAreNoAutoArchTests (RunModel)" time="0.001" />
  <testcase classname="ptolemy.util.test.junit.AutoTests" name="[0] /home/travis/build/icyphy/ptII/ptolemy/actor/lib/test/auto/AbsoluteValue.xml (RunModel)" time="0.164" />
  <testcase classname="ptolemy.util.test.junit.AutoTests" name="[1] /home/travis/build/icyphy/ptII/ptolemy/actor/lib/test/auto/AbsoluteValue2.xml (RunModel)" time="0.071" />
  <testcase classname="ptolemy.util.test.junit.AutoTests" name="[2] /home/travis/build/icyphy/ptII/ptolemy/actor/lib/test/auto/Accumulator.xml (RunModel)" time="0.061" />
  <testcase classname="ptolemy.util.test.junit.AutoTests" name="[3] /home/travis/build/icyphy/ptII/ptolemy/actor/lib/test/auto/Accumulator2.xml (RunModel)" time="0.031" />
  <testcase classname="ptolemy.util.test.junit.AutoTests" name="[4] /home/travis/build/icyphy/ptII/ptolemy/actor/lib/test/auto/Accumulator3.xml (RunModel)" time="0.061" />
  <testcase classname="ptolemy.util.test.junit.AutoTests" name="[5] /home/travis/build/icyphy/ptII/ptolemy/actor/lib/test/auto/ArrayAppend.xml (RunModel)" time="0.06" />
  <testcase classname="ptolemy.util.test.junit.AutoTests" name="[6] /home/travis/build/icyphy/ptII/ptolemy/actor/lib/test/auto/ArrayAppend2.xml (RunModel)" time="0.325" />
  <testcase classname="ptolemy.util.test.junit.AutoTests" name="[7] /home/travis/build/icyphy/ptII/ptolemy/actor/lib/test/auto/ArrayAppend3.xml (RunModel)" time="0.027" />
  <testcase classname="ptolemy.util.test.junit.AutoTests" name="[8] /home/travis/build/icyphy/ptII/ptolemy/actor/lib/test/auto/ArrayAppend4.xml (RunModel)" time="0.027" />
  <testcase classname="ptolemy.util.test.junit.AutoTests" name="[9] /home/travis/build/icyphy/ptII/ptolemy/actor/lib/test/auto/ArrayAppend5.xml (RunModel)" time="0.028" />
  <testcase classname="ptolemy.util.test.junit.AutoTests" name="[10] /home/travis/build/icyphy/ptII/ptolemy/actor/lib/test/auto/ArrayAppend6.xml (RunModel)" time="0.024" />
  <testcase classname="ptolemy.util.test.junit.AutoTests" name="[11] /home/travis/build/icyphy/ptII/ptolemy/actor/lib/test/auto/ArrayAppendPerformanceTest.xml (RunModel)" time="0.058" />
  <testcase classname="ptolemy.util.test.junit.AutoTests" name="[12] /home/travis/build/icyphy/ptII/ptolemy/actor/lib/test/auto/ArrayAppendWithEmptyInput.xml (RunModel)" time="0.071" />
  <testcase classname="ptolemy.util.test.junit.AutoTests" name="[13] /home/travis/build/icyphy/ptII/ptolemy/actor/lib/test/auto/ArrayAverage.xml (RunModel)" time="0.061" />
  <testcase classname="ptolemy.util.test.junit.AutoTests" name="[14] /home/travis/build/icyphy/ptII/ptolemy/actor/lib/test/auto/ArrayContains.xml (RunModel)" time="0.032" />
  <testcase classname="ptolemy.util.test.junit.AutoTests" name="[15] /home/travis/build/icyphy/ptII/ptolemy/actor/lib/test/auto/ArrayElement.xml (RunModel)" time="0.019" />
  <testcase classname="ptolemy.util.test.junit.AutoTests" name="[16] /home/travis/build/icyphy/ptII/ptolemy/actor/lib/test/auto/ArrayElementAsMatrix.xml (RunModel)" time="0.046" />
  <testcase classname="ptolemy.util.test.junit.AutoTests" name="[17] /home/travis/build/icyphy/ptII/ptolemy/actor/lib/test/auto/ArrayElementI.xml (RunModel)" time="0.018" />
  <testcase classname="ptolemy.util.test.junit.AutoTests" name="[18] /home/travis/build/icyphy/ptII/ptolemy/actor/lib/test/auto/ArrayExtract.xml (RunModel)" time="0.038" />
  <testcase classname="ptolemy.util.test.junit.AutoTests" name="[19] /home/travis/build/icyphy/ptII/ptolemy/actor/lib/test/auto/ArrayExtract2.xml (RunModel)" time="0.017" />
  <testcase classname="ptolemy.util.test.junit.AutoTests" name="[20] /home/travis/build/icyphy/ptII/ptolemy/actor/lib/test/auto/ArrayLength.xml (RunModel)" time="0.019" />
  <testcase classname="ptolemy.util.test.junit.AutoTests" name="[21] /home/travis/build/icyphy/ptII/ptolemy/actor/lib/test/auto/ArrayLevelCrossing.xml (RunModel)" time="0.03" />
  <testcase classname="ptolemy.util.test.junit.AutoTests" name="[22] /home/travis/build/icyphy/ptII/ptolemy/actor/lib/test/auto/ArrayLevelCrossing2.xml (RunModel)" time="0.024" />
  <testcase classname="ptolemy.util.test.junit.AutoTests" name="[23] /home/travis/build/icyphy/ptII/ptolemy/actor/lib/test/auto/ArrayPeakSearch.xml (RunModel)" time="0.048" />
  <testcase classname="ptolemy.util.test.junit.AutoTests" name="[24] /home/travis/build/icyphy/ptII/ptolemy/actor/lib/test/auto/ArrayPeakSearch2.xml (RunModel)" time="0.038" />
  <testcase classname="ptolemy.util.test.junit.AutoTests" name="[25] /home/travis/build/icyphy/ptII/ptolemy/actor/lib/test/auto/ArrayPeakSearch3.xml (RunModel)" time="0.036" />
  <testcase classname="ptolemy.util.test.junit.AutoTests" name="[26] /home/travis/build/icyphy/ptII/ptolemy/actor/lib/test/auto/ArrayRemoveElement.xml (RunModel)" time="0.025" />
  <testcase classname="ptolemy.util.test.junit.AutoTests" name="[27] /home/travis/build/icyphy/ptII/ptolemy/actor/lib/test/auto/ArraySort.xml (RunModel)" time="0.032" />
  <testcase classname="ptolemy.util.test.junit.AutoTests" name="[28] /home/travis/build/icyphy/ptII/ptolemy/actor/lib/test/auto/ArraySum.xml (RunModel)" time="0.023" />
  <testcase classname="ptolemy.util.test.junit.AutoTests" name="[29] /home/travis/build/icyphy/ptII/ptolemy/actor/lib/test/auto/ArrayToElements.xml (RunModel)" time="0.017" />
  <testcase classname="ptolemy.util.test.junit.AutoTests" name="[30] /home/travis/build/icyphy/ptII/ptolemy/actor/lib/test/auto/ArrayToMatrix.xml (RunModel)" time="0.065" />
  <testcase classname="ptolemy.util.test.junit.AutoTests" name="[31] /home/travis/build/icyphy/ptII/ptolemy/actor/lib/test/auto/ArrayUpdate1.xml (RunModel)" time="0.022" />
  <testcase classname="ptolemy.util.test.junit.AutoTests" name="[32] /home/travis/build/icyphy/ptII/ptolemy/actor/lib/test/auto/ArrayUpdate2.xml (RunModel)" time="0.037" />
  <testcase classname="ptolemy.util.test.junit.AutoTests" name="[33] /home/travis/build/icyphy/ptII/ptolemy/actor/lib/test/auto/ArrayUpdate3.xml (RunModel)" time="0.014" />
  <testcase classname="ptolemy.util.test.junit.AutoTests" name="[34] /home/travis/build/icyphy/ptII/ptolemy/actor/lib/test/auto/Assert1.xml (RunModel)" time="0.024" />
  <testcase classname="ptolemy.util.test.junit.AutoTests" name="[35] /home/travis/build/icyphy/ptII/ptolemy/actor/lib/test/auto/Assert2.xml (RunModel)" time="0.021" />
  <testcase classname="ptolemy.util.test.junit.AutoTests" name="[36] /home/travis/build/icyphy/ptII/ptolemy/actor/lib/test/auto/BooleanMultiplexor.xml (RunModel)" time="0.021" />
  <testcase classname="ptolemy.util.test.junit.AutoTests" name="[37] /home/travis/build/icyphy/ptII/ptolemy/actor/lib/test/auto/BooleanMultiplexor2.xml (RunModel)" time="0.077" />
  <testcase classname="ptolemy.util.test.junit.AutoTests" name="[38] /home/travis/build/icyphy/ptII/ptolemy/actor/lib/test/auto/BooleanMultiplexor3.xml (RunModel)" time="0.02" />
  <testcase classname="ptolemy.util.test.junit.AutoTests" name="[39] /home/travis/build/icyphy/ptII/ptolemy/actor/lib/test/auto/BooleanSelect.xml (RunModel)" time="0.023" />
  <testcase classname="ptolemy.util.test.junit.AutoTests" name="[40] /home/travis/build/icyphy/ptII/ptolemy/actor/lib/test/auto/BooleanSelect2.xml (RunModel)" time="0.014" />
  <testcase classname="ptolemy.util.test.junit.AutoTests" name="[41] /home/travis/build/icyphy/ptII/ptolemy/actor/lib/test/auto/BooleanSwitch.xml (RunModel)" time="0.019" />
  <testcase classname="ptolemy.util.test.junit.AutoTests" name="[42] /home/travis/build/icyphy/ptII/ptolemy/actor/lib/test/auto/BooleanSwitch2.xml (RunModel)" time="0.016" />
  <testcase classname="ptolemy.util.test.junit.AutoTests" name="[43] /home/travis/build/icyphy/ptII/ptolemy/actor/lib/test/auto/BooleanSwitchCloningBugWithClassRelationGroup.xml (RunModel)" time="0.045" />
  <testcase classname="ptolemy.util.test.junit.AutoTests" name="[44] /home/travis/build/icyphy/ptII/ptolemy/actor/lib/test/auto/BusActors.xml (RunModel)" time="0.046" />
  <testcase classname="ptolemy.util.test.junit.AutoTests" name="[45] /home/travis/build/icyphy/ptII/ptolemy/actor/lib/test/auto/ClassWrapper.xml (RunModel)" time="0.01" />
  <testcase classname="ptolemy.util.test.junit.AutoTests" name="[46] /home/travis/build/icyphy/ptII/ptolemy/actor/lib/test/auto/Clock.xml (RunModel)" time="0.01" />
  <testcase classname="ptolemy.util.test.junit.AutoTests" name="[47] /home/travis/build/icyphy/ptII/ptolemy/actor/lib/test/auto/Clock10.xml (RunModel)" time="0.02" />
  <testcase classname="ptolemy.util.test.junit.AutoTests" name="[48] /home/travis/build/icyphy/ptII/ptolemy/actor/lib/test/auto/Clock11.xml (RunModel)" time="0.013" />
  <testcase classname="ptolemy.util.test.junit.AutoTests" name="[49] /home/travis/build/icyphy/ptII/ptolemy/actor/lib/test/auto/Clock12.xml (RunModel)" time="0.012" />
  <testcase classname="ptolemy.util.test.junit.AutoTests" name="[50] /home/travis/build/icyphy/ptII/ptolemy/actor/lib/test/auto/Clock13.xml (RunModel)" time="0.012" />
  <testcase classname="ptolemy.util.test.junit.AutoTests" name="[51] /home/travis/build/icyphy/ptII/ptolemy/actor/lib/test/auto/Clock14.xml (RunModel)" time="0.011" />
  <testcase classname="ptolemy.util.test.junit.AutoTests" name="[52] /home/travis/build/icyphy/ptII/ptolemy/actor/lib/test/auto/Clock15.xml (RunModel)" time="0.019" />
  <testcase classname="ptolemy.util.test.junit.AutoTests" name="[53] /home/travis/build/icyphy/ptII/ptolemy/actor/lib/test/auto/Clock16.xml (RunModel)" time="0.075" />
  <testcase classname="ptolemy.util.test.junit.AutoTests" name="[54] /home/travis/build/icyphy/ptII/ptolemy/actor/lib/test/auto/Clock17.xml (RunModel)" time="0.081" />
  <testcase classname="ptolemy.util.test.junit.AutoTests" name="[55] /home/travis/build/icyphy/ptII/ptolemy/actor/lib/test/auto/Clock18.xml (RunModel)" time="0.04" />
  <testcase classname="ptolemy.util.test.junit.AutoTests" name="[56] /home/travis/build/icyphy/ptII/ptolemy/actor/lib/test/auto/Clock19.xml (RunModel)" time="0.042" />
  <testcase classname="ptolemy.util.test.junit.AutoTests" name="[57] /home/travis/build/icyphy/ptII/ptolemy/actor/lib/test/auto/Clock2.xml (RunModel)" time="0.008" />
  <testcase classname="ptolemy.util.test.junit.AutoTests" name="[58] /home/travis/build/icyphy/ptII/ptolemy/actor/lib/test/auto/Clock20.xml (RunModel)" time="0.022" />
  <testcase classname="ptolemy.util.test.junit.AutoTests" name="[59] /home/travis/build/icyphy/ptII/ptolemy/actor/lib/test/auto/Clock21.xml (RunModel)" time="0.016" />
  <testcase classname="ptolemy.util.test.junit.AutoTests" name="[60] /home/travis/build/icyphy/ptII/ptolemy/actor/lib/test/auto/Clock22.xml (RunModel)" time="0.015" />
  <testcase classname="ptolemy.util.test.junit.AutoTests" name="[61] /home/travis/build/icyphy/ptII/ptolemy/actor/lib/test/auto/Clock23.xml (RunModel)" time="0.02" />
  <testcase classname="ptolemy.util.test.junit.AutoTests" name="[62] /home/travis/build/icyphy/ptII/ptolemy/actor/lib/test/auto/Clock24.xml (RunModel)" time="0.013" />
  <testcase classname="ptolemy.util.test.junit.AutoTests" name="[63] /home/travis/build/icyphy/ptII/ptolemy/actor/lib/test/auto/Clock4.xml (RunModel)" time="0.016" />
  <testcase classname="ptolemy.util.test.junit.AutoTests" name="[64] /home/travis/build/icyphy/ptII/ptolemy/actor/lib/test/auto/Clock5.xml (RunModel)" time="0.012" />
  <testcase classname="ptolemy.util.test.junit.AutoTests" name="[65] /home/travis/build/icyphy/ptII/ptolemy/actor/lib/test/auto/Clock6.xml (RunModel)" time="0.009" />
  <testcase classname="ptolemy.util.test.junit.AutoTests" name="[66] /home/travis/build/icyphy/ptII/ptolemy/actor/lib/test/auto/Clock7.xml (RunModel)" time="0.011" />
  <testcase classname="ptolemy.util.test.junit.AutoTests" name="[67] /home/travis/build/icyphy/ptII/ptolemy/actor/lib/test/auto/Clock8.xml (RunModel)" time="0.012" />
  <testcase classname="ptolemy.util.test.junit.AutoTests" name="[68] /home/travis/build/icyphy/ptII/ptolemy/actor/lib/test/auto/Clock9.xml (RunModel)" time="0.015" />
  <testcase classname="ptolemy.util.test.junit.AutoTests" name="[69] /home/travis/build/icyphy/ptII/ptolemy/actor/lib/test/auto/CommDistDiscard.xml (RunModel)" time="0.017" />
  <testcase classname="ptolemy.util.test.junit.AutoTests" name="[70] /home/travis/build/icyphy/ptII/ptolemy/actor/lib/test/auto/Commutator.xml (RunModel)" time="0.012" />
  <testcase classname="ptolemy.util.test.junit.AutoTests" name="[71] /home/travis/build/icyphy/ptII/ptolemy/actor/lib/test/auto/Commutator2.xml (RunModel)" time="0.01" />
  <testcase classname="ptolemy.util.test.junit.AutoTests" name="[72] /home/travis/build/icyphy/ptII/ptolemy/actor/lib/test/auto/Commutator3.xml (RunModel)" time="0.01" />
  <testcase classname="ptolemy.util.test.junit.AutoTests" name="[73] /home/travis/build/icyphy/ptII/ptolemy/actor/lib/test/auto/Compare.xml (RunModel)" time="0.016" />
  <testcase classname="ptolemy.util.test.junit.AutoTests" name="[74] /home/travis/build/icyphy/ptII/ptolemy/actor/lib/test/auto/CompareDE.xml (RunModel)" time="0.016" />
  <testcase classname="ptolemy.util.test.junit.AutoTests" name="[75] /home/travis/build/icyphy/ptII/ptolemy/actor/lib/test/auto/ComplexDivide.xml (RunModel)" time="0.011" />
  <testcase classname="ptolemy.util.test.junit.AutoTests" name="[76] /home/travis/build/icyphy/ptII/ptolemy/actor/lib/test/auto/ComputeHistogram.xml (RunModel)" time="0.053" />
  <testcase classname="ptolemy.util.test.junit.AutoTests" name="[77] /home/travis/build/icyphy/ptII/ptolemy/actor/lib/test/auto/ConfigurationSelect.xml (RunModel)" time="0.015" />
  <testcase classname="ptolemy.util.test.junit.AutoTests" name="[78] /home/travis/build/icyphy/ptII/ptolemy/actor/lib/test/auto/ConfigurationSelect2.xml (RunModel)" time="0.011" />
  <testcase classname="ptolemy.util.test.junit.AutoTests" name="[79] /home/travis/build/icyphy/ptII/ptolemy/actor/lib/test/auto/ConfigurationSwitch.xml (RunModel)" time="0.014" />
  <testcase classname="ptolemy.util.test.junit.AutoTests" name="[80] /home/travis/build/icyphy/ptII/ptolemy/actor/lib/test/auto/ConfigurationSwitch2.xml (RunModel)" time="0.012" />
  <testcase classname="ptolemy.util.test.junit.AutoTests" name="[81] /home/travis/build/icyphy/ptII/ptolemy/actor/lib/test/auto/ConfigurationSwitchCloningBugWithClassRelationGroup.xml (RunModel)" time="0.016" />
  <testcase classname="ptolemy.util.test.junit.AutoTests" name="[82] /home/travis/build/icyphy/ptII/ptolemy/actor/lib/test/auto/ConfigurationSwitchSelectSDF.xml (RunModel)" time="0.014" />
  <testcase classname="ptolemy.util.test.junit.AutoTests" name="[83] /home/travis/build/icyphy/ptII/ptolemy/actor/lib/test/auto/ConfigurationSwitchSelectSDF2.xml (RunModel)" time="0.014" />
  <testcase classname="ptolemy.util.test.junit.AutoTests" name="[84] /home/travis/build/icyphy/ptII/ptolemy/actor/lib/test/auto/Const.xml (RunModel)" time="0.008" />
  <testcase classname="ptolemy.util.test.junit.AutoTests" name="[85] /home/travis/build/icyphy/ptII/ptolemy/actor/lib/test/auto/Const2.xml (RunModel)" time="0.009" />
  <testcase classname="ptolemy.util.test.junit.AutoTests" name="[86] /home/travis/build/icyphy/ptII/ptolemy/actor/lib/test/auto/Const3.xml (RunModel)" time="0.007" />
  <testcase classname="ptolemy.util.test.junit.AutoTests" name="[87] /home/travis/build/icyphy/ptII/ptolemy/actor/lib/test/auto/ConstantPublisherPort1.xml (RunModel)" time="0.019" />
  <testcase classname="ptolemy.util.test.junit.AutoTests" name="[88] /home/travis/build/icyphy/ptII/ptolemy/actor/lib/test/auto/ConstantPublisherPort2.xml (RunModel)" time="0.018" />
  <testcase classname="ptolemy.util.test.junit.AutoTests" name="[89] /home/travis/build/icyphy/ptII/ptolemy/actor/lib/test/auto/ConstantPublisherPort3.xml (RunModel)" time="0.016" />
  <testcase classname="ptolemy.util.test.junit.AutoTests" name="[90] /home/travis/build/icyphy/ptII/ptolemy/actor/lib/test/auto/ConstantPublisherPort4.xml (RunModel)" time="0.015" />
  <testcase classname="ptolemy.util.test.junit.AutoTests" name="[91] /home/travis/build/icyphy/ptII/ptolemy/actor/lib/test/auto/ConstantPublisherPort5.xml (RunModel)" time="0.038" />
  <testcase classname="ptolemy.util.test.junit.AutoTests" name="[92] /home/travis/build/icyphy/ptII/ptolemy/actor/lib/test/auto/ConstantPublisherPort6.xml (RunModel)" time="0.028" />
  <testcase classname="ptolemy.util.test.junit.AutoTests" name="[93] /home/travis/build/icyphy/ptII/ptolemy/actor/lib/test/auto/ConstantPublisherPort7.xml (RunModel)" time="0.072" />
  <testcase classname="ptolemy.util.test.junit.AutoTests" name="[94] /home/travis/build/icyphy/ptII/ptolemy/actor/lib/test/auto/ConstraintMonitor1.xml (RunModel)" time="0.035" />
  <testcase classname="ptolemy.util.test.junit.AutoTests" name="[95] /home/travis/build/icyphy/ptII/ptolemy/actor/lib/test/auto/ConstraintMonitor2.xml (RunModel)" time="0.013" />
  <testcase classname="ptolemy.util.test.junit.AutoTests" name="[96] /home/travis/build/icyphy/ptII/ptolemy/actor/lib/test/auto/ConstraintMonitor3.xml (RunModel)" time="0.015" />
  <testcase classname="ptolemy.util.test.junit.AutoTests" name="[97] /home/travis/build/icyphy/ptII/ptolemy/actor/lib/test/auto/ConstraintMonitor4.xml (RunModel)" time="0.011" />
  <testcase classname="ptolemy.util.test.junit.AutoTests" name="[98] /home/travis/build/icyphy/ptII/ptolemy/actor/lib/test/auto/ConstraintMonitor5.xml (RunModel)" time="0.014" />
  <testcase classname="ptolemy.util.test.junit.AutoTests" name="[99] /home/travis/build/icyphy/ptII/ptolemy/actor/lib/test/auto/ConstraintMonitor6.xml (RunModel)" time="0.016" />
  <testcase classname="ptolemy.util.test.junit.AutoTests" name="[100] /home/travis/build/icyphy/ptII/ptolemy/actor/lib/test/auto/ConstraintMonitor7.xml (RunModel)" time="0.016" />
  <testcase classname="ptolemy.util.test.junit.AutoTests" name="[101] /home/travis/build/icyphy/ptII/ptolemy/actor/lib/test/auto/ConstraintMonitor8.xml (RunModel)" time="0.013" />
  <testcase classname="ptolemy.util.test.junit.AutoTests" name="[102] /home/travis/build/icyphy/ptII/ptolemy/actor/lib/test/auto/Counter.xml (RunModel)" time="0.01" />
  <testcase classname="ptolemy.util.test.junit.AutoTests" name="[103] /home/travis/build/icyphy/ptII/ptolemy/actor/lib/test/auto/CurrentTimeSDF.xml (RunModel)" time="0.008" />
  <testcase classname="ptolemy.util.test.junit.AutoTests" name="[104] /home/travis/build/icyphy/ptII/ptolemy/actor/lib/test/auto/DB.xml (RunModel)" time="0.01" />
  <testcase classname="ptolemy.util.test.junit.AutoTests" name="[105] /home/travis/build/icyphy/ptII/ptolemy/actor/lib/test/auto/DBDE.xml (RunModel)" time="0.011" />
  <testcase classname="ptolemy.util.test.junit.AutoTests" name="[106] /home/travis/build/icyphy/ptII/ptolemy/actor/lib/test/auto/DateConstructor.xml (RunModel)" time="0.041" />
  <testcase classname="ptolemy.util.test.junit.AutoTests" name="[107] /home/travis/build/icyphy/ptII/ptolemy/actor/lib/test/auto/DelayTime.xml (RunModel)" time="0.011" />
  <testcase classname="ptolemy.util.test.junit.AutoTests" name="[108] /home/travis/build/icyphy/ptII/ptolemy/actor/lib/test/auto/Dictionary1.xml (RunModel)" time="0.018" />
  <testcase classname="ptolemy.util.test.junit.AutoTests" name="[109] /home/travis/build/icyphy/ptII/ptolemy/actor/lib/test/auto/Dictionary2.xml (RunModel)" time="0.012" />
  <testcase classname="ptolemy.util.test.junit.AutoTests" name="[110] /home/travis/build/icyphy/ptII/ptolemy/actor/lib/test/auto/Dictionary3.xml (RunModel)" time="0.012" />
  <testcase classname="ptolemy.util.test.junit.AutoTests" name="[111] /home/travis/build/icyphy/ptII/ptolemy/actor/lib/test/auto/Dictionary4.xml (RunModel)" time="0.015" />
  <testcase classname="ptolemy.util.test.junit.AutoTests" name="[112] /home/travis/build/icyphy/ptII/ptolemy/actor/lib/test/auto/Differential.xml (RunModel)" time="0.01" />
  <testcase classname="ptolemy.util.test.junit.AutoTests" name="[113] /home/travis/build/icyphy/ptII/ptolemy/actor/lib/test/auto/Director.xml (RunModel)" time="0.008" />
  <testcase classname="ptolemy.util.test.junit.AutoTests" name="[114] /home/travis/build/icyphy/ptII/ptolemy/actor/lib/test/auto/DiscreteClock.xml (RunModel)" time="0.007" />
  <testcase classname="ptolemy.util.test.junit.AutoTests" name="[115] /home/travis/build/icyphy/ptII/ptolemy/actor/lib/test/auto/DiscreteClock10.xml (RunModel)" time="0.01" />
  <testcase classname="ptolemy.util.test.junit.AutoTests" name="[116] /home/travis/build/icyphy/ptII/ptolemy/actor/lib/test/auto/DiscreteClock11.xml (RunModel)" time="0.011" />
  <testcase classname="ptolemy.util.test.junit.AutoTests" name="[117] /home/travis/build/icyphy/ptII/ptolemy/actor/lib/test/auto/DiscreteClock12.xml (RunModel)" time="0.01" />
  <testcase classname="ptolemy.util.test.junit.AutoTests" name="[118] /home/travis/build/icyphy/ptII/ptolemy/actor/lib/test/auto/DiscreteClock13.xml (RunModel)" time="0.015" />
  <testcase classname="ptolemy.util.test.junit.AutoTests" name="[119] /home/travis/build/icyphy/ptII/ptolemy/actor/lib/test/auto/DiscreteClock14.xml (RunModel)" time="0.013" />
  <testcase classname="ptolemy.util.test.junit.AutoTests" name="[120] /home/travis/build/icyphy/ptII/ptolemy/actor/lib/test/auto/DiscreteClock15.xml (RunModel)" time="0.011" />
  <testcase classname="ptolemy.util.test.junit.AutoTests" name="[121] /home/travis/build/icyphy/ptII/ptolemy/actor/lib/test/auto/DiscreteClock16.xml (RunModel)" time="0.037" />
  <testcase classname="ptolemy.util.test.junit.AutoTests" name="[122] /home/travis/build/icyphy/ptII/ptolemy/actor/lib/test/auto/DiscreteClock17.xml (RunModel)" time="0.033" />
  <testcase classname="ptolemy.util.test.junit.AutoTests" name="[123] /home/travis/build/icyphy/ptII/ptolemy/actor/lib/test/auto/DiscreteClock18.xml (RunModel)" time="0.03" />
  <testcase classname="ptolemy.util.test.junit.AutoTests" name="[124] /home/travis/build/icyphy/ptII/ptolemy/actor/lib/test/auto/DiscreteClock19.xml (RunModel)" time="0.032" />
  <testcase classname="ptolemy.util.test.junit.AutoTests" name="[125] /home/travis/build/icyphy/ptII/ptolemy/actor/lib/test/auto/DiscreteClock2.xml (RunModel)" time="0.012" />
  <testcase classname="ptolemy.util.test.junit.AutoTests" name="[126] /home/travis/build/icyphy/ptII/ptolemy/actor/lib/test/auto/DiscreteClock20.xml (RunModel)" time="0.012" />
  <testcase classname="ptolemy.util.test.junit.AutoTests" name="[127] /home/travis/build/icyphy/ptII/ptolemy/actor/lib/test/auto/DiscreteClock21.xml (RunModel)" time="0.014" />
  <testcase classname="ptolemy.util.test.junit.AutoTests" name="[128] /home/travis/build/icyphy/ptII/ptolemy/actor/lib/test/auto/DiscreteClock22.xml (RunModel)" time="0.014" />
  <testcase classname="ptolemy.util.test.junit.AutoTests" name="[129] /home/travis/build/icyphy/ptII/ptolemy/actor/lib/test/auto/DiscreteClock23.xml (RunModel)" time="0.015" />
  <testcase classname="ptolemy.util.test.junit.AutoTests" name="[130] /home/travis/build/icyphy/ptII/ptolemy/actor/lib/test/auto/DiscreteClock24.xml (RunModel)" time="0.015" />
  <testcase classname="ptolemy.util.test.junit.AutoTests" name="[131] /home/travis/build/icyphy/ptII/ptolemy/actor/lib/test/auto/DiscreteClock4.xml (RunModel)" time="0.009" />
  <testcase classname="ptolemy.util.test.junit.AutoTests" name="[132] /home/travis/build/icyphy/ptII/ptolemy/actor/lib/test/auto/DiscreteClock5.xml (RunModel)" time="0.009" />
  <testcase classname="ptolemy.util.test.junit.AutoTests" name="[133] /home/travis/build/icyphy/ptII/ptolemy/actor/lib/test/auto/DiscreteClock6.xml (RunModel)" time="0.007" />
  <testcase classname="ptolemy.util.test.junit.AutoTests" name="[134] /home/travis/build/icyphy/ptII/ptolemy/actor/lib/test/auto/DiscreteClock7.xml (RunModel)" time="0.008" />
  <testcase classname="ptolemy.util.test.junit.AutoTests" name="[135] /home/travis/build/icyphy/ptII/ptolemy/actor/lib/test/auto/DiscreteClock8.xml (RunModel)" time="0.012" />
  <testcase classname="ptolemy.util.test.junit.AutoTests" name="[136] /home/travis/build/icyphy/ptII/ptolemy/actor/lib/test/auto/DiscreteClock9.xml (RunModel)" time="0.015" />
  <testcase classname="ptolemy.util.test.junit.AutoTests" name="[137] /home/travis/build/icyphy/ptII/ptolemy/actor/lib/test/auto/DisplayArray.xml (RunModel)" time="0.008" />
  <testcase classname="ptolemy.util.test.junit.AutoTests" name="[138] /home/travis/build/icyphy/ptII/ptolemy/actor/lib/test/auto/Distributor.xml (RunModel)" time="0.012" />
  <testcase classname="ptolemy.util.test.junit.AutoTests" name="[139] /home/travis/build/icyphy/ptII/ptolemy/actor/lib/test/auto/Distributor2.xml (RunModel)" time="0.012" />
  <testcase classname="ptolemy.util.test.junit.AutoTests" name="[140] /home/travis/build/icyphy/ptII/ptolemy/actor/lib/test/auto/DownSample.xml (RunModel)" time="0.469" />
  <testcase classname="ptolemy.util.test.junit.AutoTests" name="[141] /home/travis/build/icyphy/ptII/ptolemy/actor/lib/test/auto/ElectronicUnitBase1.xml (RunModel)" time="0.081" />
  <testcase classname="ptolemy.util.test.junit.AutoTests" name="[142] /home/travis/build/icyphy/ptII/ptolemy/actor/lib/test/auto/ElementsToArray.xml (RunModel)" time="0.009" />
  <testcase classname="ptolemy.util.test.junit.AutoTests" name="[143] /home/travis/build/icyphy/ptII/ptolemy/actor/lib/test/auto/Equals.xml (RunModel)" time="0.01" />
  <testcase classname="ptolemy.util.test.junit.AutoTests" name="[144] /home/travis/build/icyphy/ptII/ptolemy/actor/lib/test/auto/Exec.xml (RunModel)" time="0.016" />
  <testcase classname="ptolemy.util.test.junit.AutoTests" name="[145] /home/travis/build/icyphy/ptII/ptolemy/actor/lib/test/auto/ExecEnvironment.xml (RunModel)" time="0.042" />
  <testcase classname="ptolemy.util.test.junit.AutoTests" name="[146] /home/travis/build/icyphy/ptII/ptolemy/actor/lib/test/auto/ExecNonZeroReturnOutput.xml (RunModel)" time="0.152" />
  <testcase classname="ptolemy.util.test.junit.AutoTests" name="[147] /home/travis/build/icyphy/ptII/ptolemy/actor/lib/test/auto/ExecRunDemos.xml (RunModel)" time="9.04" />
  <testcase classname="ptolemy.util.test.junit.AutoTests" name="[148] /home/travis/build/icyphy/ptII/ptolemy/actor/lib/test/auto/ExecStop.xml (RunModel)" time="5.041" />
  <testcase classname="ptolemy.util.test.junit.AutoTests" name="[149] /home/travis/build/icyphy/ptII/ptolemy/actor/lib/test/auto/ExecutionTimeSDF.xml (RunModel)" time="6.038">
    <error type="java.lang.reflect.InvocationTargetException">java.lang.reflect.InvocationTargetException
	at java.lang.reflect.Constructor.newInstance(Constructor.java:423)
	at ptolemy.util.test.junit.AutoTests.RunModel(AutoTests.java:193)
	at junitparams.internal.InvokeParameterisedMethod.evaluate(InvokeParameterisedMethod.java:102)
Caused by: ptolemy.kernel.util.IllegalActionException: Test fails in iteration 0.
Value was: 6001L. Should have been: 6000L
  in .ExecutionTimeSDF.NonStrictTest
	at ptolemy.actor.lib.NonStrictTest.postfire(NonStrictTest.java:328)
	at ptolemy.actor.AtomicActor.iterate(AtomicActor.java:518)
	at ptolemy.actor.sched.StaticSchedulingDirector.fire(StaticSchedulingDirector.java:216)
	at ptolemy.domains.sdf.kernel.SDFDirector.fire(SDFDirector.java:500)
	at ptolemy.actor.CompositeActor.fire(CompositeActor.java:455)
	at ptolemy.actor.Manager.iterate(Manager.java:851)
	at ptolemy.actor.Manager.execute(Manager.java:369)
	at ptolemy.actor.Manager.run(Manager.java:1263)
	at ptolemy.actor.Manager$PtolemyRunThread.run(Manager.java:1915)
</error>
  </testcase>
  <testcase classname="ptolemy.util.test.junit.AutoTests" name="[150] /home/travis/build/icyphy/ptII/ptolemy/actor/lib/test/auto/Expression1.xml (RunModel)" time="0.014" />
  <testcase classname="ptolemy.util.test.junit.AutoTests" name="[151] /home/travis/build/icyphy/ptII/ptolemy/actor/lib/test/auto/Expression10.xml (RunModel)" time="0.014" />
  <testcase classname="ptolemy.util.test.junit.AutoTests" name="[152] /home/travis/build/icyphy/ptII/ptolemy/actor/lib/test/auto/Expression11.xml (RunModel)" time="0.011" />
  <testcase classname="ptolemy.util.test.junit.AutoTests" name="[153] /home/travis/build/icyphy/ptII/ptolemy/actor/lib/test/auto/Expression12.xml (RunModel)" time="0.012" />
  <testcase classname="ptolemy.util.test.junit.AutoTests" name="[154] /home/travis/build/icyphy/ptII/ptolemy/actor/lib/test/auto/Expression13.xml (RunModel)" time="0.013" />
  <testcase classname="ptolemy.util.test.junit.AutoTests" name="[155] /home/travis/build/icyphy/ptII/ptolemy/actor/lib/test/auto/Expression14.xml (RunModel)" time="0.016" />
  <testcase classname="ptolemy.util.test.junit.AutoTests" name="[156] /home/travis/build/icyphy/ptII/ptolemy/actor/lib/test/auto/Expression15.xml (RunModel)" time="0.008" />
  <testcase classname="ptolemy.util.test.junit.AutoTests" name="[157] /home/travis/build/icyphy/ptII/ptolemy/actor/lib/test/auto/Expression16.xml (RunModel)" time="0.012" />
  <testcase classname="ptolemy.util.test.junit.AutoTests" name="[158] /home/travis/build/icyphy/ptII/ptolemy/actor/lib/test/auto/Expression17.xml (RunModel)" time="0.011" />
  <testcase classname="ptolemy.util.test.junit.AutoTests" name="[159] /home/travis/build/icyphy/ptII/ptolemy/actor/lib/test/auto/Expression18.xml (RunModel)" time="0.015" />
  <testcase classname="ptolemy.util.test.junit.AutoTests" name="[160] /home/travis/build/icyphy/ptII/ptolemy/actor/lib/test/auto/Expression2.xml (RunModel)" time="0.012" />
  <testcase classname="ptolemy.util.test.junit.AutoTests" name="[161] /home/travis/build/icyphy/ptII/ptolemy/actor/lib/test/auto/Expression3.xml (RunModel)" time="0.012" />
  <testcase classname="ptolemy.util.test.junit.AutoTests" name="[162] /home/travis/build/icyphy/ptII/ptolemy/actor/lib/test/auto/Expression4.xml (RunModel)" time="0.019" />
  <testcase classname="ptolemy.util.test.junit.AutoTests" name="[163] /home/travis/build/icyphy/ptII/ptolemy/actor/lib/test/auto/Expression5.xml (RunModel)" time="0.019" />
  <testcase classname="ptolemy.util.test.junit.AutoTests" name="[164] /home/travis/build/icyphy/ptII/ptolemy/actor/lib/test/auto/Expression6.xml (RunModel)" time="0.011" />
  <testcase classname="ptolemy.util.test.junit.AutoTests" name="[165] /home/travis/build/icyphy/ptII/ptolemy/actor/lib/test/auto/Expression7.xml (RunModel)" time="0.013" />
  <testcase classname="ptolemy.util.test.junit.AutoTests" name="[166] /home/travis/build/icyphy/ptII/ptolemy/actor/lib/test/auto/Expression8.xml (RunModel)" time="0.017" />
  <testcase classname="ptolemy.util.test.junit.AutoTests" name="[167] /home/travis/build/icyphy/ptII/ptolemy/actor/lib/test/auto/Expression9.xml (RunModel)" time="0.009" />
  <testcase classname="ptolemy.util.test.junit.AutoTests" name="[168] /home/travis/build/icyphy/ptII/ptolemy/actor/lib/test/auto/ExpressionConcatenateArrayType.xml (RunModel)" time="0.028" />
  <testcase classname="ptolemy.util.test.junit.AutoTests" name="[169] /home/travis/build/icyphy/ptII/ptolemy/actor/lib/test/auto/ExpressionConcatenateArrayType2.xml (RunModel)" time="0.022" />
  <testcase classname="ptolemy.util.test.junit.AutoTests" name="[170] /home/travis/build/icyphy/ptII/ptolemy/actor/lib/test/auto/ExpressionFix.xml (RunModel)" time="0.047" />
  <testcase classname="ptolemy.util.test.junit.AutoTests" name="[171] /home/travis/build/icyphy/ptII/ptolemy/actor/lib/test/auto/ExpressionFix2.xml (RunModel)" time="0.019" />
  <testcase classname="ptolemy.util.test.junit.AutoTests" name="[172] /home/travis/build/icyphy/ptII/ptolemy/actor/lib/test/auto/ExpressionFix3.xml (RunModel)" time="0.014" />
  <testcase classname="ptolemy.util.test.junit.AutoTests" name="[173] /home/travis/build/icyphy/ptII/ptolemy/actor/lib/test/auto/FileWriter1.xml (RunModel)" time="0.011" />
  <testcase classname="ptolemy.util.test.junit.AutoTests" name="[174] /home/travis/build/icyphy/ptII/ptolemy/actor/lib/test/auto/FileWriter2.xml (RunModel)" time="0.015" />
  <testcase classname="ptolemy.util.test.junit.AutoTests" name="[175] /home/travis/build/icyphy/ptII/ptolemy/actor/lib/test/auto/FileWriter3.xml (RunModel)" time="0.012" />
  <testcase classname="ptolemy.util.test.junit.AutoTests" name="[176] /home/travis/build/icyphy/ptII/ptolemy/actor/lib/test/auto/Gaussian.xml (RunModel)" time="0.012" />
  <testcase classname="ptolemy.util.test.junit.AutoTests" name="[177] /home/travis/build/icyphy/ptII/ptolemy/actor/lib/test/auto/Gaussian1.xml (RunModel)" time="0.025" />
  <testcase classname="ptolemy.util.test.junit.AutoTests" name="[178] /home/travis/build/icyphy/ptII/ptolemy/actor/lib/test/auto/Gaussian2.xml (RunModel)" time="0.02" />
  <testcase classname="ptolemy.util.test.junit.AutoTests" name="[179] /home/travis/build/icyphy/ptII/ptolemy/actor/lib/test/auto/GradientAdaptiveLattice.xml (RunModel)" time="0.022" />
  <testcase classname="ptolemy.util.test.junit.AutoTests" name="[180] /home/travis/build/icyphy/ptII/ptolemy/actor/lib/test/auto/IIR.xml (RunModel)" time="0.01" />
  <testcase classname="ptolemy.util.test.junit.AutoTests" name="[181] /home/travis/build/icyphy/ptII/ptolemy/actor/lib/test/auto/InputOutputTransparentPorts.xml (RunModel)" time="0.021" />
  <testcase classname="ptolemy.util.test.junit.AutoTests" name="[182] /home/travis/build/icyphy/ptII/ptolemy/actor/lib/test/auto/Interpolator.xml (RunModel)" time="0.013" />
  <testcase classname="ptolemy.util.test.junit.AutoTests" name="[183] /home/travis/build/icyphy/ptII/ptolemy/actor/lib/test/auto/InterpolatorFiringLimitDE.xml (RunModel)" time="0.014" />
  <testcase classname="ptolemy.util.test.junit.AutoTests" name="[184] /home/travis/build/icyphy/ptII/ptolemy/actor/lib/test/auto/Lattice.xml (RunModel)" time="0.011" />
  <testcase classname="ptolemy.util.test.junit.AutoTests" name="[185] /home/travis/build/icyphy/ptII/ptolemy/actor/lib/test/auto/LazyAOCTestLazy.xml (RunModel)" time="0.032" />
  <testcase classname="ptolemy.util.test.junit.AutoTests" name="[186] /home/travis/build/icyphy/ptII/ptolemy/actor/lib/test/auto/LazyAOCTestNonLazy.xml (RunModel)" time="0.044" />
  <testcase classname="ptolemy.util.test.junit.AutoTests" name="[187] /home/travis/build/icyphy/ptII/ptolemy/actor/lib/test/auto/LazyInnerClass.xml (RunModel)" time="0.039" />
  <testcase classname="ptolemy.util.test.junit.AutoTests" name="[188] /home/travis/build/icyphy/ptII/ptolemy/actor/lib/test/auto/LazyPubSub.xml (RunModel)" time="0.057" />
  <testcase classname="ptolemy.util.test.junit.AutoTests" name="[189] /home/travis/build/icyphy/ptII/ptolemy/actor/lib/test/auto/LazyPubSub2.xml (RunModel)" time="0.048" />
  <testcase classname="ptolemy.util.test.junit.AutoTests" name="[190] /home/travis/build/icyphy/ptII/ptolemy/actor/lib/test/auto/LazyPubSub3.xml (RunModel)" time="0.024" />
  <testcase classname="ptolemy.util.test.junit.AutoTests" name="[191] /home/travis/build/icyphy/ptII/ptolemy/actor/lib/test/auto/LazySubClassModel.xml (RunModel)" time="0.023" />
  <testcase classname="ptolemy.util.test.junit.AutoTests" name="[192] /home/travis/build/icyphy/ptII/ptolemy/actor/lib/test/auto/LevelCrossTest1.xml (RunModel)" time="0.01" />
  <testcase classname="ptolemy.util.test.junit.AutoTests" name="[193] /home/travis/build/icyphy/ptII/ptolemy/actor/lib/test/auto/LevelCrossTest10.xml (RunModel)" time="0.017" />
  <testcase classname="ptolemy.util.test.junit.AutoTests" name="[194] /home/travis/build/icyphy/ptII/ptolemy/actor/lib/test/auto/LevelCrossTest11.xml (RunModel)" time="0.011" />
  <testcase classname="ptolemy.util.test.junit.AutoTests" name="[195] /home/travis/build/icyphy/ptII/ptolemy/actor/lib/test/auto/LevelCrossTest12.xml (RunModel)" time="0.017" />
  <testcase classname="ptolemy.util.test.junit.AutoTests" name="[196] /home/travis/build/icyphy/ptII/ptolemy/actor/lib/test/auto/LevelCrossTest13.xml (RunModel)" time="0.012" />
  <testcase classname="ptolemy.util.test.junit.AutoTests" name="[197] /home/travis/build/icyphy/ptII/ptolemy/actor/lib/test/auto/LevelCrossTest2.xml (RunModel)" time="0.011" />
  <testcase classname="ptolemy.util.test.junit.AutoTests" name="[198] /home/travis/build/icyphy/ptII/ptolemy/actor/lib/test/auto/LevelCrossTest3.xml (RunModel)" time="0.012" />
  <testcase classname="ptolemy.util.test.junit.AutoTests" name="[199] /home/travis/build/icyphy/ptII/ptolemy/actor/lib/test/auto/LevelCrossTest4.xml (RunModel)" time="0.009" />
  <testcase classname="ptolemy.util.test.junit.AutoTests" name="[200] /home/travis/build/icyphy/ptII/ptolemy/actor/lib/test/auto/LevelCrossTest5.xml (RunModel)" time="0.011" />
  <testcase classname="ptolemy.util.test.junit.AutoTests" name="[201] /home/travis/build/icyphy/ptII/ptolemy/actor/lib/test/auto/LevelCrossTest6.xml (RunModel)" time="0.012" />
  <testcase classname="ptolemy.util.test.junit.AutoTests" name="[202] /home/travis/build/icyphy/ptII/ptolemy/actor/lib/test/auto/LevelCrossTest7.xml (RunModel)" time="0.019" />
  <testcase classname="ptolemy.util.test.junit.AutoTests" name="[203] /home/travis/build/icyphy/ptII/ptolemy/actor/lib/test/auto/LevelCrossTest8.xml (RunModel)" time="0.012" />
  <testcase classname="ptolemy.util.test.junit.AutoTests" name="[204] /home/travis/build/icyphy/ptII/ptolemy/actor/lib/test/auto/LevelCrossTest9.xml (RunModel)" time="0.013" />
  <testcase classname="ptolemy.util.test.junit.AutoTests" name="[205] /home/travis/build/icyphy/ptII/ptolemy/actor/lib/test/auto/LevinsonDurbin.xml (RunModel)" time="0.013" />
  <testcase classname="ptolemy.util.test.junit.AutoTests" name="[206] /home/travis/build/icyphy/ptII/ptolemy/actor/lib/test/auto/LevinsonDurbin2.xml (RunModel)" time="0.009" />
  <testcase classname="ptolemy.util.test.junit.AutoTests" name="[207] /home/travis/build/icyphy/ptII/ptolemy/actor/lib/test/auto/LevinsonDurbin3.xml (RunModel)" time="0.008" />
  <testcase classname="ptolemy.util.test.junit.AutoTests" name="[208] /home/travis/build/icyphy/ptII/ptolemy/actor/lib/test/auto/Limiter.xml (RunModel)" time="0.031" />
  <testcase classname="ptolemy.util.test.junit.AutoTests" name="[209] /home/travis/build/icyphy/ptII/ptolemy/actor/lib/test/auto/LinearDifferenceEquationSystem.xml (RunModel)" time="0.027" />
  <testcase classname="ptolemy.util.test.junit.AutoTests" name="[210] /home/travis/build/icyphy/ptII/ptolemy/actor/lib/test/auto/LookupTable.xml (RunModel)" time="0.021" />
  <testcase classname="ptolemy.util.test.junit.AutoTests" name="[211] /home/travis/build/icyphy/ptII/ptolemy/actor/lib/test/auto/MathFunction.xml (RunModel)" time="0.02" />
  <testcase classname="ptolemy.util.test.junit.AutoTests" name="[212] /home/travis/build/icyphy/ptII/ptolemy/actor/lib/test/auto/MathFunction2.xml (RunModel)" time="0.01" />
  <testcase classname="ptolemy.util.test.junit.AutoTests" name="[213] /home/travis/build/icyphy/ptII/ptolemy/actor/lib/test/auto/MathFunction3.xml (RunModel)" time="0.019" />
  <testcase classname="ptolemy.util.test.junit.AutoTests" name="[214] /home/travis/build/icyphy/ptII/ptolemy/actor/lib/test/auto/MatrixCropBoolean.xml (RunModel)" time="0.013" />
  <testcase classname="ptolemy.util.test.junit.AutoTests" name="[215] /home/travis/build/icyphy/ptII/ptolemy/actor/lib/test/auto/MatrixCropComplex.xml (RunModel)" time="0.008" />
  <testcase classname="ptolemy.util.test.junit.AutoTests" name="[216] /home/travis/build/icyphy/ptII/ptolemy/actor/lib/test/auto/MatrixCropDouble.xml (RunModel)" time="0.008" />
  <testcase classname="ptolemy.util.test.junit.AutoTests" name="[217] /home/travis/build/icyphy/ptII/ptolemy/actor/lib/test/auto/MatrixCropFix.xml (RunModel)" time="0.012" />
  <testcase classname="ptolemy.util.test.junit.AutoTests" name="[218] /home/travis/build/icyphy/ptII/ptolemy/actor/lib/test/auto/MatrixCropInt.xml (RunModel)" time="0.008" />
  <testcase classname="ptolemy.util.test.junit.AutoTests" name="[219] /home/travis/build/icyphy/ptII/ptolemy/actor/lib/test/auto/MatrixCropLong.xml (RunModel)" time="0.009" />
  <testcase classname="ptolemy.util.test.junit.AutoTests" name="[220] /home/travis/build/icyphy/ptII/ptolemy/actor/lib/test/auto/MatrixToArray.xml (RunModel)" time="0.038" />
  <testcase classname="ptolemy.util.test.junit.AutoTests" name="[221] /home/travis/build/icyphy/ptII/ptolemy/actor/lib/test/auto/MaxIndex.xml (RunModel)" time="0.01" />
  <testcase classname="ptolemy.util.test.junit.AutoTests" name="[222] /home/travis/build/icyphy/ptII/ptolemy/actor/lib/test/auto/Maximum.xml (RunModel)" time="0.012" />
  <testcase classname="ptolemy.util.test.junit.AutoTests" name="[223] /home/travis/build/icyphy/ptII/ptolemy/actor/lib/test/auto/MaximumComplex.xml (RunModel)" time="0.012" />
  <testcase classname="ptolemy.util.test.junit.AutoTests" name="[224] /home/travis/build/icyphy/ptII/ptolemy/actor/lib/test/auto/MethodCallTest.xml (RunModel)" time="0.018" />
  <testcase classname="ptolemy.util.test.junit.AutoTests" name="[225] /home/travis/build/icyphy/ptII/ptolemy/actor/lib/test/auto/Minimum.xml (RunModel)" time="0.011" />
  <testcase classname="ptolemy.util.test.junit.AutoTests" name="[226] /home/travis/build/icyphy/ptII/ptolemy/actor/lib/test/auto/MinimumComplex.xml (RunModel)" time="0.013" />
  <testcase classname="ptolemy.util.test.junit.AutoTests" name="[227] /home/travis/build/icyphy/ptII/ptolemy/actor/lib/test/auto/MinimumMultiports.xml (RunModel)" time="0.017" />
  <testcase classname="ptolemy.util.test.junit.AutoTests" name="[228] /home/travis/build/icyphy/ptII/ptolemy/actor/lib/test/auto/ModifyDate.xml (RunModel)" time="0.035" />
  <testcase classname="ptolemy.util.test.junit.AutoTests" name="[229] /home/travis/build/icyphy/ptII/ptolemy/actor/lib/test/auto/ModifyDate2.xml (RunModel)" time="0.025" />
  <testcase classname="ptolemy.util.test.junit.AutoTests" name="[230] /home/travis/build/icyphy/ptII/ptolemy/actor/lib/test/auto/MovingAverage.xml (RunModel)" time="0.011" />
  <testcase classname="ptolemy.util.test.junit.AutoTests" name="[231] /home/travis/build/icyphy/ptII/ptolemy/actor/lib/test/auto/MovingMaximum.xml (RunModel)" time="0.01" />
  <testcase classname="ptolemy.util.test.junit.AutoTests" name="[232] /home/travis/build/icyphy/ptII/ptolemy/actor/lib/test/auto/MultipleLinksToSameRelation.xml (RunModel)" time="0.007" />
  <testcase classname="ptolemy.util.test.junit.AutoTests" name="[233] /home/travis/build/icyphy/ptII/ptolemy/actor/lib/test/auto/MultipleLinksToSameRelationDE.xml (RunModel)" time="0.009" />
  <testcase classname="ptolemy.util.test.junit.AutoTests" name="[234] /home/travis/build/icyphy/ptII/ptolemy/actor/lib/test/auto/Multiplexor.xml (RunModel)" time="0.012" />
  <testcase classname="ptolemy.util.test.junit.AutoTests" name="[235] /home/travis/build/icyphy/ptII/ptolemy/actor/lib/test/auto/Multiplexor1.xml (RunModel)" time="0.014" />
  <testcase classname="ptolemy.util.test.junit.AutoTests" name="[236] /home/travis/build/icyphy/ptII/ptolemy/actor/lib/test/auto/Multiplexor2.xml (RunModel)" time="0.012" />
  <testcase classname="ptolemy.util.test.junit.AutoTests" name="[237] /home/travis/build/icyphy/ptII/ptolemy/actor/lib/test/auto/Multiplexor3.xml (RunModel)" time="0.008" />
  <testcase classname="ptolemy.util.test.junit.AutoTests" name="[238] /home/travis/build/icyphy/ptII/ptolemy/actor/lib/test/auto/MultiplexorDE.xml (RunModel)" time="0.015" />
  <testcase classname="ptolemy.util.test.junit.AutoTests" name="[239] /home/travis/build/icyphy/ptII/ptolemy/actor/lib/test/auto/MultiportBroadcastTest.xml (RunModel)" time="0.06" />
  <testcase classname="ptolemy.util.test.junit.AutoTests" name="[240] /home/travis/build/icyphy/ptII/ptolemy/actor/lib/test/auto/MultiportOutHangDuringGetWidth.xml (RunModel)" time="0.029" />
  <testcase classname="ptolemy.util.test.junit.AutoTests" name="[241] /home/travis/build/icyphy/ptII/ptolemy/actor/lib/test/auto/NilToken.xml (RunModel)" time="0.008" />
  <testcase classname="ptolemy.util.test.junit.AutoTests" name="[242] /home/travis/build/icyphy/ptII/ptolemy/actor/lib/test/auto/NilTokenNonStrictTest.xml (RunModel)" time="0.015" />
  <testcase classname="ptolemy.util.test.junit.AutoTests" name="[243] /home/travis/build/icyphy/ptII/ptolemy/actor/lib/test/auto/NilTokenRecord.xml (RunModel)" time="0.019" />
  <testcase classname="ptolemy.util.test.junit.AutoTests" name="[244] /home/travis/build/icyphy/ptII/ptolemy/actor/lib/test/auto/NilTokenTypeTest.xml (RunModel)" time="0.023" />
  <testcase classname="ptolemy.util.test.junit.AutoTests" name="[245] /home/travis/build/icyphy/ptII/ptolemy/actor/lib/test/auto/ObjectToken1.xml (RunModel)" time="0.007" />
  <testcase classname="ptolemy.util.test.junit.AutoTests" name="[246] /home/travis/build/icyphy/ptII/ptolemy/actor/lib/test/auto/OrderedMerge.xml (RunModel)" time="0.011" />
  <testcase classname="ptolemy.util.test.junit.AutoTests" name="[247] /home/travis/build/icyphy/ptII/ptolemy/actor/lib/test/auto/OrderedRecordDisassembler.xml (RunModel)" time="0.012" />
  <testcase classname="ptolemy.util.test.junit.AutoTests" name="[248] /home/travis/build/icyphy/ptII/ptolemy/actor/lib/test/auto/OrderedRecordDisassembler2.xml (RunModel)" time="0.016" />
  <testcase classname="ptolemy.util.test.junit.AutoTests" name="[249] /home/travis/build/icyphy/ptII/ptolemy/actor/lib/test/auto/OrderedRecordUpdater.xml (RunModel)" time="0.011" />
  <testcase classname="ptolemy.util.test.junit.AutoTests" name="[250] /home/travis/build/icyphy/ptII/ptolemy/actor/lib/test/auto/OrderedRecordUpdater2.xml (RunModel)" time="0.01" />
  <testcase classname="ptolemy.util.test.junit.AutoTests" name="[251] /home/travis/build/icyphy/ptII/ptolemy/actor/lib/test/auto/PhaseUnwrap.xml (RunModel)" time="0.014" />
  <testcase classname="ptolemy.util.test.junit.AutoTests" name="[252] /home/travis/build/icyphy/ptII/ptolemy/actor/lib/test/auto/PoissonClock.xml (RunModel)" time="0.009" />
  <testcase classname="ptolemy.util.test.junit.AutoTests" name="[253] /home/travis/build/icyphy/ptII/ptolemy/actor/lib/test/auto/PoissonClock2.xml (RunModel)" time="0.008" />
  <testcase classname="ptolemy.util.test.junit.AutoTests" name="[254] /home/travis/build/icyphy/ptII/ptolemy/actor/lib/test/auto/PoissonClock3.xml (RunModel)" time="0.009" />
  <testcase classname="ptolemy.util.test.junit.AutoTests" name="[255] /home/travis/build/icyphy/ptII/ptolemy/actor/lib/test/auto/PubSubWithInitialTokens.xml (RunModel)" time="0.01" />
  <testcase classname="ptolemy.util.test.junit.AutoTests" name="[256] /home/travis/build/icyphy/ptII/ptolemy/actor/lib/test/auto/PubSubWithInitialTokens2.xml (RunModel)" time="0.011" />
  <testcase classname="ptolemy.util.test.junit.AutoTests" name="[257] /home/travis/build/icyphy/ptII/ptolemy/actor/lib/test/auto/PublisherClassNoParameter.xml (RunModel)" time="0.028" />
  <testcase classname="ptolemy.util.test.junit.AutoTests" name="[258] /home/travis/build/icyphy/ptII/ptolemy/actor/lib/test/auto/PublisherClassParameter.xml (RunModel)" time="0.019" />
  <testcase classname="ptolemy.util.test.junit.AutoTests" name="[259] /home/travis/build/icyphy/ptII/ptolemy/actor/lib/test/auto/PublisherNonStrictTest.xml (RunModel)" time="0.015" />
  <testcase classname="ptolemy.util.test.junit.AutoTests" name="[260] /home/travis/build/icyphy/ptII/ptolemy/actor/lib/test/auto/PublisherPort1.xml (RunModel)" time="0.011" />
  <testcase classname="ptolemy.util.test.junit.AutoTests" name="[261] /home/travis/build/icyphy/ptII/ptolemy/actor/lib/test/auto/PublisherPort2.xml (RunModel)" time="0.009" />
  <testcase classname="ptolemy.util.test.junit.AutoTests" name="[262] /home/travis/build/icyphy/ptII/ptolemy/actor/lib/test/auto/PublisherPort3.xml (RunModel)" time="0.011" />
  <testcase classname="ptolemy.util.test.junit.AutoTests" name="[263] /home/travis/build/icyphy/ptII/ptolemy/actor/lib/test/auto/PublisherPort4.xml (RunModel)" time="0.011" />
  <testcase classname="ptolemy.util.test.junit.AutoTests" name="[264] /home/travis/build/icyphy/ptII/ptolemy/actor/lib/test/auto/PublisherPort5.xml (RunModel)" time="0.015" />
  <testcase classname="ptolemy.util.test.junit.AutoTests" name="[265] /home/travis/build/icyphy/ptII/ptolemy/actor/lib/test/auto/PublisherPort5LookAlike.xml (RunModel)" time="0.014" />
  <testcase classname="ptolemy.util.test.junit.AutoTests" name="[266] /home/travis/build/icyphy/ptII/ptolemy/actor/lib/test/auto/PublisherPort6.xml (RunModel)" time="0.01" />
  <testcase classname="ptolemy.util.test.junit.AutoTests" name="[267] /home/travis/build/icyphy/ptII/ptolemy/actor/lib/test/auto/PublisherPort7.xml (RunModel)" time="0.013" />
  <testcase classname="ptolemy.util.test.junit.AutoTests" name="[268] /home/travis/build/icyphy/ptII/ptolemy/actor/lib/test/auto/PublisherPort8.xml (RunModel)" time="0.013" />
  <testcase classname="ptolemy.util.test.junit.AutoTests" name="[269] /home/travis/build/icyphy/ptII/ptolemy/actor/lib/test/auto/PublisherPortSubscriberChannelVariablesAOC2.xml (RunModel)" time="0.027" />
  <testcase classname="ptolemy.util.test.junit.AutoTests" name="[270] /home/travis/build/icyphy/ptII/ptolemy/actor/lib/test/auto/PublisherPortSubscriberOpaqueWidthInference.xml (RunModel)" time="0.014" />
  <testcase classname="ptolemy.util.test.junit.AutoTests" name="[271] /home/travis/build/icyphy/ptII/ptolemy/actor/lib/test/auto/PublisherPortSubscriberPortAdjacent.xml (RunModel)" time="0.014" />
  <testcase classname="ptolemy.util.test.junit.AutoTests" name="[272] /home/travis/build/icyphy/ptII/ptolemy/actor/lib/test/auto/PublisherPortSubscriberPortExpression.xml (RunModel)" time="0.014" />
  <testcase classname="ptolemy.util.test.junit.AutoTests" name="[273] /home/travis/build/icyphy/ptII/ptolemy/actor/lib/test/auto/PublisherPortSubscriberPortOpaqueD3Reverse.xml (RunModel)" time="0.018" />
  <testcase classname="ptolemy.util.test.junit.AutoTests" name="[274] /home/travis/build/icyphy/ptII/ptolemy/actor/lib/test/auto/PublisherPortSubscriberPortOpaqueWidthInference.xml (RunModel)" time="0.014" />
  <testcase classname="ptolemy.util.test.junit.AutoTests" name="[275] /home/travis/build/icyphy/ptII/ptolemy/actor/lib/test/auto/PublisherPortToplevelSubscriberPortAOC.xml (RunModel)" time="0.009" />
  <testcase classname="ptolemy.util.test.junit.AutoTests" name="[276] /home/travis/build/icyphy/ptII/ptolemy/actor/lib/test/auto/PublisherSubscriber.xml (RunModel)" time="0.011" />
  <testcase classname="ptolemy.util.test.junit.AutoTests" name="[277] /home/travis/build/icyphy/ptII/ptolemy/actor/lib/test/auto/PublisherSubscriber10.xml (RunModel)" time="0.017" />
  <testcase classname="ptolemy.util.test.junit.AutoTests" name="[278] /home/travis/build/icyphy/ptII/ptolemy/actor/lib/test/auto/PublisherSubscriber10InitialOutputs.xml (RunModel)" time="0.016" />
  <testcase classname="ptolemy.util.test.junit.AutoTests" name="[279] /home/travis/build/icyphy/ptII/ptolemy/actor/lib/test/auto/PublisherSubscriber11.xml (RunModel)" time="0.026" />
  <testcase classname="ptolemy.util.test.junit.AutoTests" name="[280] /home/travis/build/icyphy/ptII/ptolemy/actor/lib/test/auto/PublisherSubscriber12.xml (RunModel)" time="0.014" />
  <testcase classname="ptolemy.util.test.junit.AutoTests" name="[281] /home/travis/build/icyphy/ptII/ptolemy/actor/lib/test/auto/PublisherSubscriber13.xml (RunModel)" time="0.009" />
  <testcase classname="ptolemy.util.test.junit.AutoTests" name="[282] /home/travis/build/icyphy/ptII/ptolemy/actor/lib/test/auto/PublisherSubscriber14.xml (RunModel)" time="0.03" />
  <testcase classname="ptolemy.util.test.junit.AutoTests" name="[283] /home/travis/build/icyphy/ptII/ptolemy/actor/lib/test/auto/PublisherSubscriber2.xml (RunModel)" time="0.012" />
  <testcase classname="ptolemy.util.test.junit.AutoTests" name="[284] /home/travis/build/icyphy/ptII/ptolemy/actor/lib/test/auto/PublisherSubscriber3.xml (RunModel)" time="0.009" />
  <testcase classname="ptolemy.util.test.junit.AutoTests" name="[285] /home/travis/build/icyphy/ptII/ptolemy/actor/lib/test/auto/PublisherSubscriber4.xml (RunModel)" time="0.009" />
  <testcase classname="ptolemy.util.test.junit.AutoTests" name="[286] /home/travis/build/icyphy/ptII/ptolemy/actor/lib/test/auto/PublisherSubscriber5.xml (RunModel)" time="0.012" />
  <testcase classname="ptolemy.util.test.junit.AutoTests" name="[287] /home/travis/build/icyphy/ptII/ptolemy/actor/lib/test/auto/PublisherSubscriber6.xml (RunModel)" time="0.016" />
  <testcase classname="ptolemy.util.test.junit.AutoTests" name="[288] /home/travis/build/icyphy/ptII/ptolemy/actor/lib/test/auto/PublisherSubscriber7.xml (RunModel)" time="0.017" />
  <testcase classname="ptolemy.util.test.junit.AutoTests" name="[289] /home/travis/build/icyphy/ptII/ptolemy/actor/lib/test/auto/PublisherSubscriber8.xml (RunModel)" time="0.035" />
  <testcase classname="ptolemy.util.test.junit.AutoTests" name="[290] /home/travis/build/icyphy/ptII/ptolemy/actor/lib/test/auto/PublisherSubscriber9.xml (RunModel)" time="0.018" />
  <testcase classname="ptolemy.util.test.junit.AutoTests" name="[291] /home/travis/build/icyphy/ptII/ptolemy/actor/lib/test/auto/PublisherSubscriberAdjacent.xml (RunModel)" time="0.016" />
  <testcase classname="ptolemy.util.test.junit.AutoTests" name="[292] /home/travis/build/icyphy/ptII/ptolemy/actor/lib/test/auto/PublisherSubscriberChannelVariablesAOC2.xml (RunModel)" time="0.027" />
  <testcase classname="ptolemy.util.test.junit.AutoTests" name="[293] /home/travis/build/icyphy/ptII/ptolemy/actor/lib/test/auto/PublisherSubscriberD3.xml (RunModel)" time="0.014" />
  <testcase classname="ptolemy.util.test.junit.AutoTests" name="[294] /home/travis/build/icyphy/ptII/ptolemy/actor/lib/test/auto/PublisherSubscriberD3Reverse.xml (RunModel)" time="0.016" />
  <testcase classname="ptolemy.util.test.junit.AutoTests" name="[295] /home/travis/build/icyphy/ptII/ptolemy/actor/lib/test/auto/PublisherSubscriberExpression.xml (RunModel)" time="0.016" />
  <testcase classname="ptolemy.util.test.junit.AutoTests" name="[296] /home/travis/build/icyphy/ptII/ptolemy/actor/lib/test/auto/PublisherSubscriberOpaque.xml (RunModel)" time="0.015" />
  <testcase classname="ptolemy.util.test.junit.AutoTests" name="[297] /home/travis/build/icyphy/ptII/ptolemy/actor/lib/test/auto/PublisherSubscriberOpaqueD3.xml (RunModel)" time="0.022" />
  <testcase classname="ptolemy.util.test.junit.AutoTests" name="[298] /home/travis/build/icyphy/ptII/ptolemy/actor/lib/test/auto/PublisherSubscriberOpaqueD3Reverse.xml (RunModel)" time="0.02" />
  <testcase classname="ptolemy.util.test.junit.AutoTests" name="[299] /home/travis/build/icyphy/ptII/ptolemy/actor/lib/test/auto/PublisherSubscriberOpaqueWidthInference.xml (RunModel)" time="0.016" />
  <testcase classname="ptolemy.util.test.junit.AutoTests" name="[300] /home/travis/build/icyphy/ptII/ptolemy/actor/lib/test/auto/PublisherTestSubscriber.xml (RunModel)" time="0.015" />
  <testcase classname="ptolemy.util.test.junit.AutoTests" name="[301] /home/travis/build/icyphy/ptII/ptolemy/actor/lib/test/auto/PublisherToplevelSubscriberPortAOC.xml (RunModel)" time="0.015" />
  <testcase classname="ptolemy.util.test.junit.AutoTests" name="[302] /home/travis/build/icyphy/ptII/ptolemy/actor/lib/test/auto/PulseFiringLimitDE.xml (RunModel)" time="0.015" />
  <testcase classname="ptolemy.util.test.junit.AutoTests" name="[303] /home/travis/build/icyphy/ptII/ptolemy/actor/lib/test/auto/Ramp1.xml (RunModel)" time="0.007" />
  <testcase classname="ptolemy.util.test.junit.AutoTests" name="[304] /home/travis/build/icyphy/ptII/ptolemy/actor/lib/test/auto/RampFiringLimitDE.xml (RunModel)" time="0.01" />
  <testcase classname="ptolemy.util.test.junit.AutoTests" name="[305] /home/travis/build/icyphy/ptII/ptolemy/actor/lib/test/auto/RampFiringLimitSDF.xml (RunModel)" time="0.011" />
  <testcase classname="ptolemy.util.test.junit.AutoTests" name="[306] /home/travis/build/icyphy/ptII/ptolemy/actor/lib/test/auto/RandomInteger.xml (RunModel)" time="0.01" />
  <testcase classname="ptolemy.util.test.junit.AutoTests" name="[307] /home/travis/build/icyphy/ptII/ptolemy/actor/lib/test/auto/ReadFile1.xml (RunModel)" time="0.008" />
  <testcase classname="ptolemy.util.test.junit.AutoTests" name="[308] /home/travis/build/icyphy/ptII/ptolemy/actor/lib/test/auto/ReadFile2.xml (RunModel)" time="0.007" />
  <testcase classname="ptolemy.util.test.junit.AutoTests" name="[309] /home/travis/build/icyphy/ptII/ptolemy/actor/lib/test/auto/Reader.xml (RunModel)" time="0.014" />
  <testcase classname="ptolemy.util.test.junit.AutoTests" name="[310] /home/travis/build/icyphy/ptII/ptolemy/actor/lib/test/auto/RecordAssemblerDisplayNameTest.xml (RunModel)" time="2.817" />
  <testcase classname="ptolemy.util.test.junit.AutoTests" name="[311] /home/travis/build/icyphy/ptII/ptolemy/actor/lib/test/auto/RecordAssemblerTypeError.xml (RunModel)" time="0.044" />
  <testcase classname="ptolemy.util.test.junit.AutoTests" name="[312] /home/travis/build/icyphy/ptII/ptolemy/actor/lib/test/auto/RecordDisassember.xml (RunModel)" time="0.022" />
  <testcase classname="ptolemy.util.test.junit.AutoTests" name="[313] /home/travis/build/icyphy/ptII/ptolemy/actor/lib/test/auto/RecordDisassemberDisplayNameTest.xml (RunModel)" time="0.027" />
  <testcase classname="ptolemy.util.test.junit.AutoTests" name="[314] /home/travis/build/icyphy/ptII/ptolemy/actor/lib/test/auto/RecordDisassembler.xml (RunModel)" time="0.012" />
  <testcase classname="ptolemy.util.test.junit.AutoTests" name="[315] /home/travis/build/icyphy/ptII/ptolemy/actor/lib/test/auto/RecordDisassembler2.xml (RunModel)" time="0.01" />
  <testcase classname="ptolemy.util.test.junit.AutoTests" name="[316] /home/travis/build/icyphy/ptII/ptolemy/actor/lib/test/auto/RecordUpdater.xml (RunModel)" time="0.01" />
  <testcase classname="ptolemy.util.test.junit.AutoTests" name="[317] /home/travis/build/icyphy/ptII/ptolemy/actor/lib/test/auto/RecordUpdater2.xml (RunModel)" time="0.01" />
  <testcase classname="ptolemy.util.test.junit.AutoTests" name="[318] /home/travis/build/icyphy/ptII/ptolemy/actor/lib/test/auto/RecursiveLattice.xml (RunModel)" time="0.011" />
  <testcase classname="ptolemy.util.test.junit.AutoTests" name="[319] /home/travis/build/icyphy/ptII/ptolemy/actor/lib/test/auto/Router.xml (RunModel)" time="3.026" />
  <testcase classname="ptolemy.util.test.junit.AutoTests" name="[320] /home/travis/build/icyphy/ptII/ptolemy/actor/lib/test/auto/Router2.xml (RunModel)" time="3.047" />
  <testcase classname="ptolemy.util.test.junit.AutoTests" name="[321] /home/travis/build/icyphy/ptII/ptolemy/actor/lib/test/auto/RunningMaximum.xml (RunModel)" time="0.013" />
  <testcase classname="ptolemy.util.test.junit.AutoTests" name="[322] /home/travis/build/icyphy/ptII/ptolemy/actor/lib/test/auto/RunningMinimum.xml (RunModel)" time="0.012" />
  <testcase classname="ptolemy.util.test.junit.AutoTests" name="[323] /home/travis/build/icyphy/ptII/ptolemy/actor/lib/test/auto/Scale.xml (RunModel)" time="0.01" />
  <testcase classname="ptolemy.util.test.junit.AutoTests" name="[324] /home/travis/build/icyphy/ptII/ptolemy/actor/lib/test/auto/Scale2.xml (RunModel)" time="0.01" />
  <testcase classname="ptolemy.util.test.junit.AutoTests" name="[325] /home/travis/build/icyphy/ptII/ptolemy/actor/lib/test/auto/Scale3.xml (RunModel)" time="0.015" />
  <testcase classname="ptolemy.util.test.junit.AutoTests" name="[326] /home/travis/build/icyphy/ptII/ptolemy/actor/lib/test/auto/ScaleArray.xml (RunModel)" time="0.008" />
  <testcase classname="ptolemy.util.test.junit.AutoTests" name="[327] /home/travis/build/icyphy/ptII/ptolemy/actor/lib/test/auto/ScaleArray2.xml (RunModel)" time="0.009" />
  <testcase classname="ptolemy.util.test.junit.AutoTests" name="[328] /home/travis/build/icyphy/ptII/ptolemy/actor/lib/test/auto/ScaleMatrix.xml (RunModel)" time="0.116" />
  <testcase classname="ptolemy.util.test.junit.AutoTests" name="[329] /home/travis/build/icyphy/ptII/ptolemy/actor/lib/test/auto/Select.xml (RunModel)" time="0.03" />
  <testcase classname="ptolemy.util.test.junit.AutoTests" name="[330] /home/travis/build/icyphy/ptII/ptolemy/actor/lib/test/auto/Select2.xml (RunModel)" time="0.009" />
  <testcase classname="ptolemy.util.test.junit.AutoTests" name="[331] /home/travis/build/icyphy/ptII/ptolemy/actor/lib/test/auto/SequenceToArray2.xml (RunModel)" time="0.125" />
  <testcase classname="ptolemy.util.test.junit.AutoTests" name="[332] /home/travis/build/icyphy/ptII/ptolemy/actor/lib/test/auto/SequentialClock.xml (RunModel)" time="0.014" />
  <testcase classname="ptolemy.util.test.junit.AutoTests" name="[333] /home/travis/build/icyphy/ptII/ptolemy/actor/lib/test/auto/SetVariable.xml (RunModel)" time="0.012" />
  <testcase classname="ptolemy.util.test.junit.AutoTests" name="[334] /home/travis/build/icyphy/ptII/ptolemy/actor/lib/test/auto/SetVariable2.xml (RunModel)" time="0.011" />
  <testcase classname="ptolemy.util.test.junit.AutoTests" name="[335] /home/travis/build/icyphy/ptII/ptolemy/actor/lib/test/auto/SetVariable3.xml (RunModel)" time="0.02" />
  <testcase classname="ptolemy.util.test.junit.AutoTests" name="[336] /home/travis/build/icyphy/ptII/ptolemy/actor/lib/test/auto/SetVariable4.xml (RunModel)" time="0.034" />
  <testcase classname="ptolemy.util.test.junit.AutoTests" name="[337] /home/travis/build/icyphy/ptII/ptolemy/actor/lib/test/auto/SetVariable5.xml (RunModel)" time="0.045" />
  <testcase classname="ptolemy.util.test.junit.AutoTests" name="[338] /home/travis/build/icyphy/ptII/ptolemy/actor/lib/test/auto/Sinewave.xml (RunModel)" time="0.03" />
  <testcase classname="ptolemy.util.test.junit.AutoTests" name="[339] /home/travis/build/icyphy/ptII/ptolemy/actor/lib/test/auto/Sinewave2.xml (RunModel)" time="0.018" />
  <testcase classname="ptolemy.util.test.junit.AutoTests" name="[340] /home/travis/build/icyphy/ptII/ptolemy/actor/lib/test/auto/Sinewave3.xml (RunModel)" time="0.022" />
  <testcase classname="ptolemy.util.test.junit.AutoTests" name="[341] /home/travis/build/icyphy/ptII/ptolemy/actor/lib/test/auto/SingleEvent.xml (RunModel)" time="0.011" />
  <testcase classname="ptolemy.util.test.junit.AutoTests" name="[342] /home/travis/build/icyphy/ptII/ptolemy/actor/lib/test/auto/Sleep.xml (RunModel)" time="6.02" />
  <testcase classname="ptolemy.util.test.junit.AutoTests" name="[343] /home/travis/build/icyphy/ptII/ptolemy/actor/lib/test/auto/SleepMultipleFire.xml (RunModel)" time="1.017" />
  <testcase classname="ptolemy.util.test.junit.AutoTests" name="[344] /home/travis/build/icyphy/ptII/ptolemy/actor/lib/test/auto/StopDE.xml (RunModel)" time="0.013" />
  <testcase classname="ptolemy.util.test.junit.AutoTests" name="[345] /home/travis/build/icyphy/ptII/ptolemy/actor/lib/test/auto/StopSDF.xml (RunModel)" time="0.014" />
  <testcase classname="ptolemy.util.test.junit.AutoTests" name="[346] /home/travis/build/icyphy/ptII/ptolemy/actor/lib/test/auto/StringConstant.xml (RunModel)" time="0.029" />
  <testcase classname="ptolemy.util.test.junit.AutoTests" name="[347] /home/travis/build/icyphy/ptII/ptolemy/actor/lib/test/auto/SubscriberPortInitialValues1.xml (RunModel)" time="0.048" />
  <testcase classname="ptolemy.util.test.junit.AutoTests" name="[348] /home/travis/build/icyphy/ptII/ptolemy/actor/lib/test/auto/SubscriberPortInitialValues13.xml (RunModel)" time="0.058" />
  <testcase classname="ptolemy.util.test.junit.AutoTests" name="[349] /home/travis/build/icyphy/ptII/ptolemy/actor/lib/test/auto/SubscriberPortInitialValues14.xml (RunModel)" time="0.046" />
  <testcase classname="ptolemy.util.test.junit.AutoTests" name="[350] /home/travis/build/icyphy/ptII/ptolemy/actor/lib/test/auto/SubscriberPortInitialValues2.xml (RunModel)" time="0.032" />
  <testcase classname="ptolemy.util.test.junit.AutoTests" name="[351] /home/travis/build/icyphy/ptII/ptolemy/actor/lib/test/auto/SubscriberPortInitialValues3.xml (RunModel)" time="0.029" />
  <testcase classname="ptolemy.util.test.junit.AutoTests" name="[352] /home/travis/build/icyphy/ptII/ptolemy/actor/lib/test/auto/SubscriptionAggregator.xml (RunModel)" time="0.012" />
  <testcase classname="ptolemy.util.test.junit.AutoTests" name="[353] /home/travis/build/icyphy/ptII/ptolemy/actor/lib/test/auto/SubscriptionAggregator2.xml (RunModel)" time="0.012" />
  <testcase classname="ptolemy.util.test.junit.AutoTests" name="[354] /home/travis/build/icyphy/ptII/ptolemy/actor/lib/test/auto/SubscriptionAggregator3.xml (RunModel)" time="0.016" />
  <testcase classname="ptolemy.util.test.junit.AutoTests" name="[355] /home/travis/build/icyphy/ptII/ptolemy/actor/lib/test/auto/SubscriptionAggregatorMultiply.xml (RunModel)" time="0.021" />
  <testcase classname="ptolemy.util.test.junit.AutoTests" name="[356] /home/travis/build/icyphy/ptII/ptolemy/actor/lib/test/auto/SubscriptionAggregatorPortMultiply1.xml (RunModel)" time="0.014" />
  <testcase classname="ptolemy.util.test.junit.AutoTests" name="[357] /home/travis/build/icyphy/ptII/ptolemy/actor/lib/test/auto/Switch.xml (RunModel)" time="0.013" />
  <testcase classname="ptolemy.util.test.junit.AutoTests" name="[358] /home/travis/build/icyphy/ptII/ptolemy/actor/lib/test/auto/Switch2.xml (RunModel)" time="0.014" />
  <testcase classname="ptolemy.util.test.junit.AutoTests" name="[359] /home/travis/build/icyphy/ptII/ptolemy/actor/lib/test/auto/SwitchDE.xml (RunModel)" time="0.013" />
  <testcase classname="ptolemy.util.test.junit.AutoTests" name="[360] /home/travis/build/icyphy/ptII/ptolemy/actor/lib/test/auto/SynchronizerDE.xml (RunModel)" time="0.021" />
  <testcase classname="ptolemy.util.test.junit.AutoTests" name="[361] /home/travis/build/icyphy/ptII/ptolemy/actor/lib/test/auto/Test.xml (RunModel)" time="0.009" />
  <testcase classname="ptolemy.util.test.junit.AutoTests" name="[362] /home/travis/build/icyphy/ptII/ptolemy/actor/lib/test/auto/TestExceptionAttribute1.xml (RunModel)" time="0.008" />
  <testcase classname="ptolemy.util.test.junit.AutoTests" name="[363] /home/travis/build/icyphy/ptII/ptolemy/actor/lib/test/auto/TestExceptionAttribute2.xml (RunModel)" time="0.007" />
  <testcase classname="ptolemy.util.test.junit.AutoTests" name="[364] /home/travis/build/icyphy/ptII/ptolemy/actor/lib/test/auto/TestExceptionAttribute3.xml (RunModel)" time="0.006" />
  <testcase classname="ptolemy.util.test.junit.AutoTests" name="[365] /home/travis/build/icyphy/ptII/ptolemy/actor/lib/test/auto/TestExceptionAttribute4.xml (RunModel)" time="0.007" />
  <testcase classname="ptolemy.util.test.junit.AutoTests" name="[366] /home/travis/build/icyphy/ptII/ptolemy/actor/lib/test/auto/TestExceptionHandler1.xml (RunModel)" time="0.006" />
  <testcase classname="ptolemy.util.test.junit.AutoTests" name="[367] /home/travis/build/icyphy/ptII/ptolemy/actor/lib/test/auto/TestExceptionHandler2.xml (RunModel)" time="0.011" />
  <testcase classname="ptolemy.util.test.junit.AutoTests" name="[368] /home/travis/build/icyphy/ptII/ptolemy/actor/lib/test/auto/TestExceptionHandler3.xml (RunModel)" time="0.006" />
  <testcase classname="ptolemy.util.test.junit.AutoTests" name="[369] /home/travis/build/icyphy/ptII/ptolemy/actor/lib/test/auto/TestExceptionHandler4.xml (RunModel)" time="0.007" />
  <testcase classname="ptolemy.util.test.junit.AutoTests" name="[370] /home/travis/build/icyphy/ptII/ptolemy/actor/lib/test/auto/TestRequireCorrectOrder.xml (RunModel)" time="0.009" />
  <testcase classname="ptolemy.util.test.junit.AutoTests" name="[371] /home/travis/build/icyphy/ptII/ptolemy/actor/lib/test/auto/TestSimple.xml (RunModel)" time="0.007" />
  <testcase classname="ptolemy.util.test.junit.AutoTests" name="[372] /home/travis/build/icyphy/ptII/ptolemy/actor/lib/test/auto/ThrowModelError.xml (RunModel)" time="0.01" />
  <testcase classname="ptolemy.util.test.junit.AutoTests" name="[373] /home/travis/build/icyphy/ptII/ptolemy/actor/lib/test/auto/TimeDelayMicrosteps.xml (RunModel)" time="0.013" />
  <testcase classname="ptolemy.util.test.junit.AutoTests" name="[374] /home/travis/build/icyphy/ptII/ptolemy/actor/lib/test/auto/TimeDelayMicrosteps2.xml (RunModel)" time="0.014" />
  <testcase classname="ptolemy.util.test.junit.AutoTests" name="[375] /home/travis/build/icyphy/ptII/ptolemy/actor/lib/test/auto/TimeDelayMicrosteps3.xml (RunModel)" time="0.012" />
  <testcase classname="ptolemy.util.test.junit.AutoTests" name="[376] /home/travis/build/icyphy/ptII/ptolemy/actor/lib/test/auto/TimeDelayVariableMicrosteps.xml (RunModel)" time="0.011" />
  <testcase classname="ptolemy.util.test.junit.AutoTests" name="[377] /home/travis/build/icyphy/ptII/ptolemy/actor/lib/test/auto/TimeGap.xml (RunModel)" time="0.012" />
  <testcase classname="ptolemy.util.test.junit.AutoTests" name="[378] /home/travis/build/icyphy/ptII/ptolemy/actor/lib/test/auto/TimeGap2.xml (RunModel)" time="0.011" />
  <testcase classname="ptolemy.util.test.junit.AutoTests" name="[379] /home/travis/build/icyphy/ptII/ptolemy/actor/lib/test/auto/TimedSinewave.xml (RunModel)" time="0.06" />
  <testcase classname="ptolemy.util.test.junit.AutoTests" name="[380] /home/travis/build/icyphy/ptII/ptolemy/actor/lib/test/auto/TimedSinewavePhase.xml (RunModel)" time="0.033" />
  <testcase classname="ptolemy.util.test.junit.AutoTests" name="[381] /home/travis/build/icyphy/ptII/ptolemy/actor/lib/test/auto/Timer.xml (RunModel)" time="0.013" />
  <testcase classname="ptolemy.util.test.junit.AutoTests" name="[382] /home/travis/build/icyphy/ptII/ptolemy/actor/lib/test/auto/TriangularDistTestModel.xml (RunModel)" time="0.02" />
  <testcase classname="ptolemy.util.test.junit.AutoTests" name="[383] /home/travis/build/icyphy/ptII/ptolemy/actor/lib/test/auto/TrigFunction.xml (RunModel)" time="0.011" />
  <testcase classname="ptolemy.util.test.junit.AutoTests" name="[384] /home/travis/build/icyphy/ptII/ptolemy/actor/lib/test/auto/TrigFunctionDE.xml (RunModel)" time="0.013" />
  <testcase classname="ptolemy.util.test.junit.AutoTests" name="[385] /home/travis/build/icyphy/ptII/ptolemy/actor/lib/test/auto/TrigFunctionInverse.xml (RunModel)" time="0.011" />
  <testcase classname="ptolemy.util.test.junit.AutoTests" name="[386] /home/travis/build/icyphy/ptII/ptolemy/actor/lib/test/auto/TrigFunctionTan.xml (RunModel)" time="0.007" />
  <testcase classname="ptolemy.util.test.junit.AutoTests" name="[387] /home/travis/build/icyphy/ptII/ptolemy/actor/lib/test/auto/TriggeredClock.xml (RunModel)" time="0.009" />
  <testcase classname="ptolemy.util.test.junit.AutoTests" name="[388] /home/travis/build/icyphy/ptII/ptolemy/actor/lib/test/auto/URLDirectoryReader.xml (RunModel)" time="0.082" />
  <testcase classname="ptolemy.util.test.junit.AutoTests" name="[389] /home/travis/build/icyphy/ptII/ptolemy/actor/lib/test/auto/URLDirectoryReader3.xml (RunModel)" time="1.371" />
  <testcase classname="ptolemy.util.test.junit.AutoTests" name="[390] /home/travis/build/icyphy/ptII/ptolemy/actor/lib/test/auto/UnaryMathFunction.xml (RunModel)" time="0.032" />
  <testcase classname="ptolemy.util.test.junit.AutoTests" name="[391] /home/travis/build/icyphy/ptII/ptolemy/actor/lib/test/auto/Uniform.xml (RunModel)" time="0.042" />
  <testcase classname="ptolemy.util.test.junit.AutoTests" name="[392] /home/travis/build/icyphy/ptII/ptolemy/actor/lib/test/auto/UnionDisassemblerTest.xml (RunModel)" time="0.027" />
  <testcase classname="ptolemy.util.test.junit.AutoTests" name="[393] /home/travis/build/icyphy/ptII/ptolemy/actor/lib/test/auto/UtilityFunctions.xml (RunModel)" time="0.028" />
  <testcase classname="ptolemy.util.test.junit.AutoTests" name="[394] /home/travis/build/icyphy/ptII/ptolemy/actor/lib/test/auto/VariableSleep.xml (RunModel)" time="0.533" />
  <testcase classname="ptolemy.util.test.junit.AutoTests" name="[395] /home/travis/build/icyphy/ptII/ptolemy/actor/lib/test/auto/VectorAssemblerDisassemblerCT.xml (RunModel)" time="0.1" />
  <testcase classname="ptolemy.util.test.junit.AutoTests" name="[396] /home/travis/build/icyphy/ptII/ptolemy/actor/lib/test/auto/VectorAssemblerDisassemblerDE.xml (RunModel)" time="0.012" />
  <testcase classname="ptolemy.util.test.junit.AutoTests" name="[397] /home/travis/build/icyphy/ptII/ptolemy/actor/lib/test/auto/VectorAssemblerDisassemblerSDF.xml (RunModel)" time="0.013" />
  <testcase classname="ptolemy.util.test.junit.AutoTests" name="[398] /home/travis/build/icyphy/ptII/ptolemy/actor/lib/test/auto/WallClockTime.xml (RunModel)" time="1.014" />
  <testcase classname="ptolemy.util.test.junit.AutoTests" name="[399] /home/travis/build/icyphy/ptII/ptolemy/actor/lib/test/auto/WidthTestWithSubscriberPublisher.xml (RunModel)" time="0.052" />
  <testcase classname="ptolemy.util.test.junit.AutoTests" name="[400] /home/travis/build/icyphy/ptII/ptolemy/actor/lib/test/auto/WidthTestWithSubscriberPublisher2.xml (RunModel)" time="0.014" />
  <testcase classname="ptolemy.util.test.junit.AutoTests" name="[401] /home/travis/build/icyphy/ptII/ptolemy/actor/lib/test/auto/WidthTestWithSubscriberPublisher3.xml (RunModel)" time="0.01" />
  <testcase classname="ptolemy.util.test.junit.AutoTests" name="[402] /home/travis/build/icyphy/ptII/ptolemy/actor/lib/test/auto/Writer.xml (RunModel)" time="0.008" />
  <testcase classname="ptolemy.util.test.junit.AutoTests" name="[403] /home/travis/build/icyphy/ptII/ptolemy/actor/lib/test/auto/array.xml (RunModel)" time="0.01" />
  <testcase classname="ptolemy.util.test.junit.AutoTests" name="[404] /home/travis/build/icyphy/ptII/ptolemy/actor/lib/test/auto/array2.xml (RunModel)" time="0.02" />
  <testcase classname="ptolemy.util.test.junit.AutoTests" name="[405] /home/travis/build/icyphy/ptII/ptolemy/actor/lib/test/auto/arrayType.xml (RunModel)" time="0.012" />
  <testcase classname="ptolemy.util.test.junit.AutoTests" name="[406] /home/travis/build/icyphy/ptII/ptolemy/actor/lib/test/auto/arrayType10.xml (RunModel)" time="0.01" />
  <testcase classname="ptolemy.util.test.junit.AutoTests" name="[407] /home/travis/build/icyphy/ptII/ptolemy/actor/lib/test/auto/arrayType11.xml (RunModel)" time="0.012" />
  <testcase classname="ptolemy.util.test.junit.AutoTests" name="[408] /home/travis/build/icyphy/ptII/ptolemy/actor/lib/test/auto/arrayType12.xml (RunModel)" time="0.009" />
  <testcase classname="ptolemy.util.test.junit.AutoTests" name="[409] /home/travis/build/icyphy/ptII/ptolemy/actor/lib/test/auto/arrayType13.xml (RunModel)" time="0.009" />
  <testcase classname="ptolemy.util.test.junit.AutoTests" name="[410] /home/travis/build/icyphy/ptII/ptolemy/actor/lib/test/auto/arrayType14.xml (RunModel)" time="0.01" />
  <testcase classname="ptolemy.util.test.junit.AutoTests" name="[411] /home/travis/build/icyphy/ptII/ptolemy/actor/lib/test/auto/arrayType15.xml (RunModel)" time="0.011" />
  <testcase classname="ptolemy.util.test.junit.AutoTests" name="[412] /home/travis/build/icyphy/ptII/ptolemy/actor/lib/test/auto/arrayType16.xml (RunModel)" time="0.01" />
  <testcase classname="ptolemy.util.test.junit.AutoTests" name="[413] /home/travis/build/icyphy/ptII/ptolemy/actor/lib/test/auto/arrayType17.xml (RunModel)" time="0.01" />
  <testcase classname="ptolemy.util.test.junit.AutoTests" name="[414] /home/travis/build/icyphy/ptII/ptolemy/actor/lib/test/auto/arrayType18.xml (RunModel)" time="0.016" />
  <testcase classname="ptolemy.util.test.junit.AutoTests" name="[415] /home/travis/build/icyphy/ptII/ptolemy/actor/lib/test/auto/arrayType19.xml (RunModel)" time="0.01" />
  <testcase classname="ptolemy.util.test.junit.AutoTests" name="[416] /home/travis/build/icyphy/ptII/ptolemy/actor/lib/test/auto/arrayType2.xml (RunModel)" time="0.015" />
  <testcase classname="ptolemy.util.test.junit.AutoTests" name="[417] /home/travis/build/icyphy/ptII/ptolemy/actor/lib/test/auto/arrayType20.xml (RunModel)" time="0.01" />
  <testcase classname="ptolemy.util.test.junit.AutoTests" name="[418] /home/travis/build/icyphy/ptII/ptolemy/actor/lib/test/auto/arrayType21.xml (RunModel)" time="0.012" />
  <testcase classname="ptolemy.util.test.junit.AutoTests" name="[419] /home/travis/build/icyphy/ptII/ptolemy/actor/lib/test/auto/arrayType22.xml (RunModel)" time="0.009" />
  <testcase classname="ptolemy.util.test.junit.AutoTests" name="[420] /home/travis/build/icyphy/ptII/ptolemy/actor/lib/test/auto/arrayType23.xml (RunModel)" time="0.012" />
  <testcase classname="ptolemy.util.test.junit.AutoTests" name="[421] /home/travis/build/icyphy/ptII/ptolemy/actor/lib/test/auto/arrayType24.xml (RunModel)" time="0.013" />
  <testcase classname="ptolemy.util.test.junit.AutoTests" name="[422] /home/travis/build/icyphy/ptII/ptolemy/actor/lib/test/auto/arrayType25.xml (RunModel)" time="0.01" />
  <testcase classname="ptolemy.util.test.junit.AutoTests" name="[423] /home/travis/build/icyphy/ptII/ptolemy/actor/lib/test/auto/arrayType26.xml (RunModel)" time="0.009" />
  <testcase classname="ptolemy.util.test.junit.AutoTests" name="[424] /home/travis/build/icyphy/ptII/ptolemy/actor/lib/test/auto/arrayType27.xml (RunModel)" time="0.009" />
  <testcase classname="ptolemy.util.test.junit.AutoTests" name="[425] /home/travis/build/icyphy/ptII/ptolemy/actor/lib/test/auto/arrayType28.xml (RunModel)" time="0.011" />
  <testcase classname="ptolemy.util.test.junit.AutoTests" name="[426] /home/travis/build/icyphy/ptII/ptolemy/actor/lib/test/auto/arrayType3.xml (RunModel)" time="0.009" />
  <testcase classname="ptolemy.util.test.junit.AutoTests" name="[427] /home/travis/build/icyphy/ptII/ptolemy/actor/lib/test/auto/arrayType4.xml (RunModel)" time="0.009" />
  <testcase classname="ptolemy.util.test.junit.AutoTests" name="[428] /home/travis/build/icyphy/ptII/ptolemy/actor/lib/test/auto/arrayType5.xml (RunModel)" time="0.009" />
  <testcase classname="ptolemy.util.test.junit.AutoTests" name="[429] /home/travis/build/icyphy/ptII/ptolemy/actor/lib/test/auto/arrayType6.xml (RunModel)" time="0.008" />
  <testcase classname="ptolemy.util.test.junit.AutoTests" name="[430] /home/travis/build/icyphy/ptII/ptolemy/actor/lib/test/auto/arrayType7.xml (RunModel)" time="0.01" />
  <testcase classname="ptolemy.util.test.junit.AutoTests" name="[431] /home/travis/build/icyphy/ptII/ptolemy/actor/lib/test/auto/arrayType8.xml (RunModel)" time="0.021" />
  <testcase classname="ptolemy.util.test.junit.AutoTests" name="[432] /home/travis/build/icyphy/ptII/ptolemy/actor/lib/test/auto/arrayType9.xml (RunModel)" time="0.009" />
  <testcase classname="ptolemy.util.test.junit.AutoTests" name="[433] /home/travis/build/icyphy/ptII/ptolemy/actor/lib/test/auto/cast.xml (RunModel)" time="0.009" />
  <testcase classname="ptolemy.util.test.junit.AutoTests" name="[434] /home/travis/build/icyphy/ptII/ptolemy/actor/lib/test/auto/compositeMultiPort.xml (RunModel)" time="0.018" />
  <testcase classname="ptolemy.util.test.junit.AutoTests" name="[435] /home/travis/build/icyphy/ptII/ptolemy/actor/lib/test/auto/expressionCastInference.xml (RunModel)" time="0.012" />
  <testcase classname="ptolemy.util.test.junit.AutoTests" name="[436] /home/travis/build/icyphy/ptII/ptolemy/actor/lib/test/auto/expressionCastInference2.xml (RunModel)" time="0.008" />
  <testcase classname="ptolemy.util.test.junit.AutoTests" name="[437] /home/travis/build/icyphy/ptII/ptolemy/actor/lib/test/auto/expressionInference.xml (RunModel)" time="0.008" />
  <testcase classname="ptolemy.util.test.junit.AutoTests" name="[438] /home/travis/build/icyphy/ptII/ptolemy/actor/lib/test/auto/expression_bug.xml (RunModel)" time="0.008" />
  <testcase classname="ptolemy.util.test.junit.AutoTests" name="[439] /home/travis/build/icyphy/ptII/ptolemy/actor/lib/test/auto/factorial.xml (RunModel)" time="0.04" />
  <testcase classname="ptolemy.util.test.junit.AutoTests" name="[440] /home/travis/build/icyphy/ptII/ptolemy/actor/lib/test/auto/filterTest1.xml (RunModel)" time="0.024" />
  <testcase classname="ptolemy.util.test.junit.AutoTests" name="[441] /home/travis/build/icyphy/ptII/ptolemy/actor/lib/test/auto/funcApplyInConst.xml (RunModel)" time="0.006" />
  <testcase classname="ptolemy.util.test.junit.AutoTests" name="[442] /home/travis/build/icyphy/ptII/ptolemy/actor/lib/test/auto/funcApplyInExpr.xml (RunModel)" time="0.006" />
  <testcase classname="ptolemy.util.test.junit.AutoTests" name="[443] /home/travis/build/icyphy/ptII/ptolemy/actor/lib/test/auto/function.xml (RunModel)" time="0.008" />
  <testcase classname="ptolemy.util.test.junit.AutoTests" name="[444] /home/travis/build/icyphy/ptII/ptolemy/actor/lib/test/auto/function2.xml (RunModel)" time="0.009" />
  <testcase classname="ptolemy.util.test.junit.AutoTests" name="[445] /home/travis/build/icyphy/ptII/ptolemy/actor/lib/test/auto/function3.xml (RunModel)" time="0.007" />
  <testcase classname="ptolemy.util.test.junit.AutoTests" name="[446] /home/travis/build/icyphy/ptII/ptolemy/actor/lib/test/auto/functionClosureTest1.xml (RunModel)" time="0.01" />
  <testcase classname="ptolemy.util.test.junit.AutoTests" name="[447] /home/travis/build/icyphy/ptII/ptolemy/actor/lib/test/auto/functionClosureTest2.xml (RunModel)" time="0.007" />
  <testcase classname="ptolemy.util.test.junit.AutoTests" name="[448] /home/travis/build/icyphy/ptII/ptolemy/actor/lib/test/auto/functionClosureTest3.xml (RunModel)" time="0.009" />
  <testcase classname="ptolemy.util.test.junit.AutoTests" name="[449] /home/travis/build/icyphy/ptII/ptolemy/actor/lib/test/auto/functionClosureTest4.xml (RunModel)" time="0.012" />
  <testcase classname="ptolemy.util.test.junit.AutoTests" name="[450] /home/travis/build/icyphy/ptII/ptolemy/actor/lib/test/auto/functionClosureTest5.xml (RunModel)" time="0.011" />
  <testcase classname="ptolemy.util.test.junit.AutoTests" name="[451] /home/travis/build/icyphy/ptII/ptolemy/actor/lib/test/auto/functionClosureTest6.xml (RunModel)" time="0.011" />
  <testcase classname="ptolemy.util.test.junit.AutoTests" name="[452] /home/travis/build/icyphy/ptII/ptolemy/actor/lib/test/auto/functionsOnArcs.xml (RunModel)" time="0.009" />
  <testcase classname="ptolemy.util.test.junit.AutoTests" name="[453] /home/travis/build/icyphy/ptII/ptolemy/actor/lib/test/auto/functionsOnArcsHOF.xml (RunModel)" time="0.01" />
  <testcase classname="ptolemy.util.test.junit.AutoTests" name="[454] /home/travis/build/icyphy/ptII/ptolemy/actor/lib/test/auto/logic.xml (RunModel)" time="0.016" />
  <testcase classname="ptolemy.util.test.junit.AutoTests" name="[455] /home/travis/build/icyphy/ptII/ptolemy/actor/lib/test/auto/matrixType.xml (RunModel)" time="0.009" />
  <testcase classname="ptolemy.util.test.junit.AutoTests" name="[456] /home/travis/build/icyphy/ptII/ptolemy/actor/lib/test/auto/matrixType10.xml (RunModel)" time="0.009" />
  <testcase classname="ptolemy.util.test.junit.AutoTests" name="[457] /home/travis/build/icyphy/ptII/ptolemy/actor/lib/test/auto/matrixType11.xml (RunModel)" time="0.008" />
  <testcase classname="ptolemy.util.test.junit.AutoTests" name="[458] /home/travis/build/icyphy/ptII/ptolemy/actor/lib/test/auto/matrixType12.xml (RunModel)" time="0.009" />
  <testcase classname="ptolemy.util.test.junit.AutoTests" name="[459] /home/travis/build/icyphy/ptII/ptolemy/actor/lib/test/auto/matrixType13.xml (RunModel)" time="0.008" />
  <testcase classname="ptolemy.util.test.junit.AutoTests" name="[460] /home/travis/build/icyphy/ptII/ptolemy/actor/lib/test/auto/matrixType14.xml (RunModel)" time="0.009" />
  <testcase classname="ptolemy.util.test.junit.AutoTests" name="[461] /home/travis/build/icyphy/ptII/ptolemy/actor/lib/test/auto/matrixType2.xml (RunModel)" time="0.009" />
  <testcase classname="ptolemy.util.test.junit.AutoTests" name="[462] /home/travis/build/icyphy/ptII/ptolemy/actor/lib/test/auto/matrixType3.xml (RunModel)" time="0.008" />
  <testcase classname="ptolemy.util.test.junit.AutoTests" name="[463] /home/travis/build/icyphy/ptII/ptolemy/actor/lib/test/auto/matrixType4.xml (RunModel)" time="0.009" />
  <testcase classname="ptolemy.util.test.junit.AutoTests" name="[464] /home/travis/build/icyphy/ptII/ptolemy/actor/lib/test/auto/matrixType5.xml (RunModel)" time="0.009" />
  <testcase classname="ptolemy.util.test.junit.AutoTests" name="[465] /home/travis/build/icyphy/ptII/ptolemy/actor/lib/test/auto/matrixType6.xml (RunModel)" time="0.009" />
  <testcase classname="ptolemy.util.test.junit.AutoTests" name="[466] /home/travis/build/icyphy/ptII/ptolemy/actor/lib/test/auto/matrixType7.xml (RunModel)" time="0.008" />
  <testcase classname="ptolemy.util.test.junit.AutoTests" name="[467] /home/travis/build/icyphy/ptII/ptolemy/actor/lib/test/auto/matrixType8.xml (RunModel)" time="0.008" />
  <testcase classname="ptolemy.util.test.junit.AutoTests" name="[468] /home/travis/build/icyphy/ptII/ptolemy/actor/lib/test/auto/matrixType9.xml (RunModel)" time="0.009" />
  <testcase classname="ptolemy.util.test.junit.AutoTests" name="[469] /home/travis/build/icyphy/ptII/ptolemy/actor/lib/test/auto/paraFunctest.xml (RunModel)" time="0.007" />
  <testcase classname="ptolemy.util.test.junit.AutoTests" name="[470] /home/travis/build/icyphy/ptII/ptolemy/actor/lib/test/auto/paraFunctest2.xml (RunModel)" time="0.007" />
  <testcase classname="ptolemy.util.test.junit.AutoTests" name="[471] /home/travis/build/icyphy/ptII/ptolemy/actor/lib/test/auto/parameterPassing.xml (RunModel)" time="0.007" />
  <testcase classname="ptolemy.util.test.junit.AutoTests" name="[472] /home/travis/build/icyphy/ptII/ptolemy/actor/lib/test/auto/record.xml (RunModel)" time="0.008" />
  <testcase classname="ptolemy.util.test.junit.AutoTests" name="[473] /home/travis/build/icyphy/ptII/ptolemy/actor/lib/test/auto/sizedarray1.xml (RunModel)" time="0.009" />
  <testcase classname="ptolemy.util.test.junit.AutoTests" name="[474] /home/travis/build/icyphy/ptII/ptolemy/actor/lib/test/auto/sizedarray2.xml (RunModel)" time="0.009" />
  <testcase classname="ptolemy.util.test.junit.AutoTests" name="[475] /home/travis/build/icyphy/ptII/ptolemy/actor/lib/test/auto/twoPublishers.xml (RunModel)" time="0.02" />
  <system-out><![CDATA[/home/travis/build/icyphy/ptII/ptolemy/actor/lib/test/AbsoluteValue.tcl
testDefs.tcl: setting time out to 9000 seconds at Tue May 21 04:22:10 UTC 2019
79 ms. Memory: 116224K Free: 109583K (94%)
4 ms. Memory: 116224K Free: 108375K (93%)
4 ms. Memory: 116224K Free: 107764K (93%)
4 ms. Memory: 116224K Free: 106557K (92%)
/home/travis/build/icyphy/ptII/ptolemy/actor/lib/test/AddSubtract.tcl
7 ms. Memory: 116224K Free: 104715K (90%)
5 ms. Memory: 116224K Free: 104079K (90%)
4 ms. Memory: 116224K Free: 103468K (89%)
6 ms. Memory: 116224K Free: 102277K (88%)
5 ms. Memory: 116224K Free: 101666K (87%)
4 ms. Memory: 116224K Free: 101062K (87%)
/home/travis/build/icyphy/ptII/ptolemy/actor/lib/test/Average.tcl
11 ms. Memory: 116224K Free: 99228K (85%)
9 ms. Memory: 116224K Free: 98021K (84%)
/home/travis/build/icyphy/ptII/ptolemy/actor/lib/test/Bernoulli.tcl
8 ms. Memory: 116224K Free: 96218K (83%)
6 ms. Memory: 116224K Free: 95623K (82%)
/home/travis/build/icyphy/ptII/ptolemy/actor/lib/test/Clock.tcl
preinitializing
resolving types
initializing
executing number 1
wrapping up
idle
22 ms. Memory: 116224K Free: 93829K (81%)
Completed execution with 5 iterations
preinitializing
resolving types
initializing
executing number 1
wrapping up
idle
9 ms. Memory: 116224K Free: 92622K (80%)
Completed execution with 5 iterations
preinitializing
resolving types
initializing
executing number 1
wrapping up
idle
3 ms. Memory: 116224K Free: 91994K (79%)
Completed execution with 5 iterations
/home/travis/build/icyphy/ptII/ptolemy/actor/lib/test/Commutator.tcl
11 ms. Memory: 116224K Free: 90192K (78%)
14 ms. Memory: 116224K Free: 88993K (77%)
14 ms. Memory: 116224K Free: 84785K (73%)
/home/travis/build/icyphy/ptII/ptolemy/actor/lib/test/Const.tcl
3 ms. Memory: 116224K Free: 82991K (71%)
2 ms. Memory: 116224K Free: 82387K (71%)
3 ms. Memory: 116224K Free: 81784K (70%)
2 ms. Memory: 116224K Free: 81173K (70%)
18 ms. Memory: 146944K Free: 140436K (96%)
12 ms. Memory: 146944K Free: 138841K (94%)
3 ms. Memory: 146944K Free: 137645K (94%)
3 ms. Memory: 146944K Free: 135204K (92%)
/home/travis/build/icyphy/ptII/ptolemy/actor/lib/test/CurrentTime.tcl
preinitializing
resolving types
initializing
executing number 1
wrapping up
idle
6 ms. Memory: 146944K Free: 133992K (91%)
Completed execution with 11 iterations
/home/travis/build/icyphy/ptII/ptolemy/actor/lib/test/DB.tcl
3 ms. Memory: 146944K Free: 131593K (90%)
2 ms. Memory: 146944K Free: 131593K (90%)
1 ms. Memory: 146944K Free: 130397K (89%)
/home/travis/build/icyphy/ptII/ptolemy/actor/lib/test/DiscreteRandomSource.tcl
preinitializing
resolving types
initializing
executing number 1
wrapping up
idle
7 ms. Memory: 146944K Free: 129185K (88%)
Completed execution with 4 iterations
preinitializing
resolving types
initializing
executing number 1
wrapping up
idle
8 ms. Memory: 146944K Free: 129185K (88%)
Completed execution with 4 iterations
preinitializing
resolving types
initializing
executing number 1
wrapping up
idle
2 ms. Memory: 146944K Free: 127989K (87%)
Completed execution with 4 iterations
preinitializing
resolving types
initializing
executing number 1
wrapping up
idle
2 ms. Memory: 146944K Free: 127989K (87%)
Completed execution with 4 iterations
preinitializing
resolving types
initializing
executing number 1
wrapping up
idle
11 ms. Memory: 146944K Free: 127989K (87%)
Completed execution with 4 iterations
/home/travis/build/icyphy/ptII/ptolemy/actor/lib/test/Distributor.tcl
11 ms. Memory: 146944K Free: 125597K (85%)
7 ms. Memory: 146944K Free: 125597K (85%)
StreamChangeRequest.changeExecuted(): <deleteEntity name="rec2"/> succeeded
StreamChangeRequest.changeExecuted(): <deleteRelation name="r2"/> succeeded
StreamChangeRequest.changeExecuted(): Record firings per iteration succeeded
5 ms. Memory: 146944K Free: 123203K (84%)
/home/travis/build/icyphy/ptII/ptolemy/actor/lib/test/Exit.tcl
Exit.tcl: this will print a message about Manager.exitAfterWrapup, which can be ignored.
3 ms. Memory: 146944K Free: 119001K (81%)
/home/travis/build/icyphy/ptII/ptolemy/actor/lib/test/Expression.tcl
7 ms. Memory: 146944K Free: 116576K (79%)
12 ms. Memory: 146944K Free: 115380K (79%)
2 ms. Memory: 146944K Free: 115380K (79%)
preinitializing
resolving types
initializing
executing number 1
wrapping up
idle
5 ms. Memory: 146944K Free: 112989K (77%)
Completed execution with 6 iterations
3 ms. Memory: 146944K Free: 112989K (77%)
2 ms. Memory: 146944K Free: 111793K (76%)
11 ms. Memory: 146944K Free: 110597K (75%)
7 ms. Memory: 146944K Free: 109401K (74%)
7 ms. Memory: 146944K Free: 108205K (74%)
/home/travis/build/icyphy/ptII/ptolemy/actor/lib/test/Gaussian.tcl
10 ms. Memory: 146944K Free: 107009K (73%)
sleeping 1 seconds: ..............................................................................................................................................................................................................................................................................................................................................................................................................................................................................................................................................................................................................................................................................................................................................................................................................................................................................................................................................................................................................................................................................................................................................................................................................................................................................................................................................................................................................................................................................................................................................................................................................................................................................................................................................................................................................................................................................................................................................................................................................................................................................................................................................................................................................................................................................................................................................................................................................................................................................................................................................................................................................................................................................................................................................................................................................................................................................................................................................................................................................................................................................................................................................................................................................................................................................................................................................................................................................................................................................................................................................................................................................................................................................................................................................................................................................................................................................................................................................................................................................................................................................................................................................................................................................................................................................................................................................................................................................................................................................................................................................................................................................................................................................................................................................................................................................................................................................................................................................................................................................................................................................................................................................................................................................................................................................................................................................................................................................................................................................................................................................................................................................................................................................................................................................................................................................................................................................................................................................................................................................................................................................................................................................................................................................................................................................................................................................................................................................................................................................................................................................................................................................................................................................................................................................................................................................................................................................................................................................................................................................................................................................................................................................................................................................................................................................................................................................................................................................................................................................................................................................................................................................................................................................................................................................................................................................................................................................................................................................................................................................................................................................................................................................................................................................................................................................................................................................................................................................................................................................................................................................................................................................................................................................................................................................................................................................................................................................................................................................................................................................................................................................................................................................................................................................................................................................................................................................................................................................................................................................................................................................................................................................................................................................................................................................................................................................................................................................................................................................................................................................................................................................................................................................................................................................................................................................................................................................................................................................................................................................................................................................................................................................................................................................................................................................................................................................................................................................................................................................................................................................................................................................................................................................................................................................................................................................................................................................................................................................................................................................................................................................................................................................................................................................................................................................................................................................................................................................................................................................................................................................................................................................................................................................................................................................................................................................................................................................................................................................................................................................................................................................................................................................................................................................................................................................................................................................................................................................................................................................................................................................................................................................................................................................................................................................................................................................................................................................................................................................................................................................................................................................................................................................................................................................................................................................................................................................................................................................................................................................................................................................................................................................................................................................................................................................................................................................................................................................................................................................................................................................................................................................................................................................................................................................................................................................................................................................................................................................................................................................................................................................................................................................................................................................................................................................................................................................................................................................................................................................................................................................................................................................................................................................................................................................................................................................................................................................................................................................................................................................................................................................................................................................................................................................................................................................................................................................................................................................................................................................................................................................................................................................................................................................................................................................................................................................................................................................................................................................................................................................................................................................................................................................................................................................................................................................................................................................................................................................................................................................................................................................................................................................................................................................................................................................................................................................................................................................................................................................................................................................................................................................................................................................................................................................................................................................................................................................................................................................................................................................................................................................................................................................................................................................................................................................................................................................................................................................................................................................................................................................................................................................................................................................................................................................................................................................................................................................................................................................................................................................................................................................................................................................................................................................................................................................................................................................................................................................................................................................................................................................................................................................................................................................................................................................................................................................................................................................................................................................................................................................................................................................................................................................................................................................................................................................................................................................................................................................................................................................................................................................................................................................................................................................................................................................................................................................................................................................................................................................................................................................................................................................................................................................................................................................................................................................................................................................................................................................................................................................................................................................................................................................................................................................................................................................................................................................................................................................................................................................................................................................................................................................................................................................................................................................................................................................................................................................................................................................................................................................................................................................................................................................................................................................................................................................................................................................................................................................................................................................................................................................................................................................................................................................................................................................................................................................................................................................................................................................................................................................................................................................................................................................................................................................................................................................................................................................................................................................................................................................................................................................................................................................................................................................................................................................................................................................................................................................................................................................................................................................................................................................................................................................................................................................................................................................................................................................................................................................................................................................................................................................................................................................................................................................................................................................................................................................................................................................................................................................................................................................................................................................................................................................................................................................................................................................................................................................................................................................................................................................................................................................................................................................................................................................................................................................................................................................................................................................................................................................................................................................................................................................................................................................................................................................................................................................................................................................................................................................................................................................................................................................................................................................................................................................................................................................................................................................................................................................................................................................................................................................................................................................................................................................................................................................................................................................................................................................................................................................................................................................................................................................................................................................................................................................................................................................................................................................................................................................................................................................................................................................................................................................................................................................................................................................................................................................................................................................................................................................................................................................................................................................................................................................................................................................................................................................................................................................................................................................................................................................................................................................................................................................................................................................................................................................................................................................................................................................................................................................................................................................................................................................................................................................................................................................................................................................................................................................................................................................................................................................................................................................................................................................................................................................................................................................................................................................................................................................................................................................................................................................................................................................................................................................................................................................................................................................................................................................................................................................................................................................................................................................................................................................................................................................................................................................................................................................................................................................................................................................................................................................................................................................................................................................................................................................................................................................................................................................................................................................................................................................................................................................................................................................................................................................................................................................................................................................................................................................................................................................................................................................................................................................................................................................................................................................................................................................................................................................................................................................................................................................................................................................................................................................................................................................................................................................................................................................................................................................................................................................................................................................................................................................................................................................................................................................................................................................................................................................................................................................................................................................................................................................................................................................................................................................................................................................................................................................................................................................................................................................................................................................................................................................................................................................................................................................................................................................................................................................................................................................................................................................................................................................................................................................................................................................................................................................................................................................................................................................................................................................................................................................................................................................................................................................................................................................................................................................................................................................................................................................................................................................................................................................................................................................................................................................................................................................................................................................................................................................................................................................................................................................................................................................................................................................................................................................................................................................................................................................................................................................................................................................................................................................................................................................................................................................................................................................................................................................................................................................................................................................................................................................................................................................................................................................................................................................................................................................................................................................................................................................................................................................................................................................................................................................................................................................................................................................................................................................................................................................................................................................................................................................................................................................................................................................................................................................................................................................................................................................................................................................................................................................................................................................................................................................................................................................................................................................................................................................................................................................................................................................................................................................................................................................................................................................................................................................................................................................................................................................................................................................................................................................................................................................................................................................................................................................................................................................................................................................................................................................................................................................................................................................................................................................................................................................................................................................................................................................................................................................................................................................................................................................................................................................................................................................................................................................................................................................................................................................................................................................................................................................................................................................................................................................................................................................................................................................................................................................................................................................................................................................................................................................................................................................................................................................................................................................................................................................................................................................................................................................................................................................................................................................................................................................................................................................................................................................................................................................................................................................................................................................................................................................................................................................................................................................................................................................................................................................................................................................................................................................................................................................................................................................................................................................................................................................................................................................................................................................................................................................................................................................................................................................................................................................................................................................................................................................................................................................................................................................................................................................................................................................................................................................................................................................................................................................................................................................................................................................................................................................................................................................................................................................................................................................................................................................................................................................................................................................................................................................................................................................................................................................................................................................................................................................................................................................................................................................................................................................................................................................................................................................................................................................................................................................................................................................................................................................................................................................................................................................................................................................................................................................................................................................................................................................................................................................................................................................................................................................................................................................................................................................................................................................................................................................................................................................................................................................................................................................................................................................................................................................................................................................................................................................................................................................................................................................................................................................................................................................................................................................................................................................................................................................................................................................................................................................................................................................................................................................................................................................................................................................................................................................................................................................................................................................................................................................................................................................................................................................................................................................................................................................................................................................................................................................................................................................................................................................................................................................................................................................................................................................................................................................................................................................................................................................................................................................................................................................................................................................................................................................................................................................................................................................................................................................................................................................................................................................................................................................................................................................................................................................................................................................................................................................................................................................................................................................................................................................................................................................................................................................................................................................................................................................................................................................................................................................................................................................................................................................................................................................................................................................................................................................................................................................................................................................................................................................................................................................................................................................................................................................................................................................................................................................................................................................................................................................................................................................................................................................................................................................................................................................................................................................................................................................................2 ms. Memory: 208384K Free: 193655K (93%)
2 ms. Memory: 208384K Free: 193655K (93%)
1 ms. Memory: 208384K Free: 193655K (93%)
3 ms. Memory: 208384K Free: 190716K (92%)
5 ms. Memory: 208384K Free: 190716K (92%)
/home/travis/build/icyphy/ptII/ptolemy/actor/lib/test/IIR.tcl
/home/travis/build/icyphy/ptII/ptolemy/actor/lib/test/Interpolator.tcl
2 ms. Memory: 208384K Free: 185870K (89%)
1 ms. Memory: 208384K Free: 185870K (89%)
3 ms. Memory: 208384K Free: 185870K (89%)
2 ms. Memory: 208384K Free: 185870K (89%)
6 ms. Memory: 208384K Free: 183451K (88%)
4 ms. Memory: 208384K Free: 183451K (88%)
2 ms. Memory: 208384K Free: 183451K (88%)
5 ms. Memory: 208384K Free: 181032K (87%)
2 ms. Memory: 208384K Free: 181032K (87%)
9 ms. Memory: 208384K Free: 181032K (87%)
/home/travis/build/icyphy/ptII/ptolemy/actor/lib/test/MathFunction.tcl
8 ms. Memory: 208384K Free: 178613K (86%)
2 ms. Memory: 208384K Free: 176194K (85%)
2 ms. Memory: 208384K Free: 176194K (85%)
14 ms. Memory: 208384K Free: 173775K (83%)
3 ms. Memory: 208384K Free: 173775K (83%)
5 ms. Memory: 208384K Free: 171356K (82%)
/home/travis/build/icyphy/ptII/ptolemy/actor/lib/test/Maximum.tcl
7 ms. Memory: 208384K Free: 168937K (81%)
2 ms. Memory: 208384K Free: 168937K (81%)
2 ms. Memory: 208384K Free: 168937K (81%)
2 ms. Memory: 208384K Free: 166518K (80%)
/home/travis/build/icyphy/ptII/ptolemy/actor/lib/test/Minimum.tcl
9 ms. Memory: 208384K Free: 166518K (80%)
2 ms. Memory: 208384K Free: 164099K (79%)
2 ms. Memory: 208384K Free: 164099K (79%)
2 ms. Memory: 208384K Free: 164099K (79%)
/home/travis/build/icyphy/ptII/ptolemy/actor/lib/test/MultiplyDivide.tcl
9 ms. Memory: 208384K Free: 161680K (78%)
7 ms. Memory: 208384K Free: 161680K (78%)
4 ms. Memory: 208384K Free: 159261K (76%)
4 ms. Memory: 208384K Free: 159261K (76%)
3 ms. Memory: 208384K Free: 159261K (76%)
/home/travis/build/icyphy/ptII/ptolemy/actor/lib/test/OrderedMerge.tcl
Connections changed on port: inputA
Connections changed on port: inputB
Connections changed on port: output
Connections changed on port: output
Connections changed on port: output
Connections changed on port: input
.top. Preinitializing ...
Invoking preinitialize():  .top.OrderedMerge
Called preinitialize()
Invoking preinitialize():  .top.Ramp
Called preinitialize()
Invoking preinitialize():  .top.Ramp2
Called preinitialize()
Invoking preinitialize():  .top.Test
Called preinitialize()
Connections changed on port: inputA
Connections changed on port: output
Connections changed on port: inputB
Connections changed on port: output
Connections changed on port: output
Connections changed on port: input
.top. Finished preinitialize().
Called initialize().
Invoking initialize():  .top.OrderedMerge
Initializing actor: .top.OrderedMerge
Adding a thread: .top.OrderedMerge
Invoking initialize():  .top.Ramp
Initializing actor: .top.Ramp
Adding a thread: .top.Ramp
Invoking initialize():  .top.Ramp2
Initializing actor: .top.Ramp2
Adding a thread: .top.Ramp2
Invoking initialize():  .top.Test
Initializing actor: .top.Test
Adding a thread: .top.Test
-- Starting thread.
Called initialize()
Called prefire()
Called fire()
-- Starting thread.
Called initialize()
Called prefire()
Called fire()
Called postfire()
Called prefire()
Called fire()
-- Starting thread.
Called initialize()
Called prefire()
Called fire()
Called postfire()
Called prefire()
Called fire()
Called fire().
Checking for deadlock:
There are 3 Blocked actors, 0 Stopped actors, and 4 active threads.
Waiting for actors to stop.
-- Starting thread.
Called initialize()
Called prefire()
Called fire()
Checking for deadlock:
There are 2 Blocked actors, 0 Stopped actors, and 4 active threads.
Waiting for actors to stop.
Called postfire()
Called prefire()
Called fire()
Checking for deadlock:
There are 3 Blocked actors, 0 Stopped actors, and 4 active threads.
Waiting for actors to stop.
Read input token from inputA with value 0.0
Next port to read input from is inputB
Called postfire()
Called prefire()
Called fire()
Checking for deadlock:
There are 2 Blocked actors, 0 Stopped actors, and 4 active threads.
Waiting for actors to stop.
Called postfire()
Called prefire()
Called fire()
Checking for deadlock:
There are 3 Blocked actors, 0 Stopped actors, and 4 active threads.
Waiting for actors to stop.
Read input token from inputB with value 0.0
Checking for deadlock:
There are 2 Blocked actors, 0 Stopped actors, and 4 active threads.
Waiting for actors to stop.
-- Read input: 0.0, which is expected to match: 0.0
Called prefire()
Called fire()
Checking for deadlock:
There are 3 Blocked actors, 0 Stopped actors, and 4 active threads.
Waiting for actors to stop.
Sent output token with value 0.0
Next port to read input from is inputA
Called postfire()
Called prefire()
Called fire()
Called postfire()
Called prefire()
Called fire()
Checking for deadlock:
There are 3 Blocked actors, 0 Stopped actors, and 4 active threads.
Waiting for actors to stop.
Read input token from inputA with value 1.0
-- Read input: 0.0, which is expected to match: 0.0
Called prefire()
Called fire()
Checking for deadlock:
There are 3 Blocked actors, 0 Stopped actors, and 4 active threads.
Waiting for actors to stop.
Sent output token with value 0.0
Next port to read input from is inputB
Called postfire()
Called prefire()
Called fire()
Checking for deadlock:
There are 2 Blocked actors, 0 Stopped actors, and 4 active threads.
Waiting for actors to stop.
Called postfire()
Called prefire()
Called fire()
Checking for deadlock:
There are 3 Blocked actors, 0 Stopped actors, and 4 active threads.
Waiting for actors to stop.
Read input token from inputB with value 1.5
Checking for deadlock:
There are 2 Blocked actors, 0 Stopped actors, and 4 active threads.
Waiting for actors to stop.
-- Read input: 1.0, which is expected to match: 1.0
Called prefire()
Called fire()
Checking for deadlock:
There are 3 Blocked actors, 0 Stopped actors, and 4 active threads.
Waiting for actors to stop.
Sent output token with value 1.0
Next port to read input from is inputA
Called postfire()
Called prefire()
Called fire()
Called postfire()
Called prefire()
Called fire()
Checking for deadlock:
There are 3 Blocked actors, 0 Stopped actors, and 4 active threads.
Waiting for actors to stop.
Read input token from inputA with value 2.0
-- Read input: 1.5, which is expected to match: 1.5
Called prefire()
Called fire()
Checking for deadlock:
There are 3 Blocked actors, 0 Stopped actors, and 4 active threads.
Waiting for actors to stop.
Sent output token with value 1.5
Next port to read input from is inputB
Called postfire()
Called prefire()
Called fire()
Checking for deadlock:
There are 2 Blocked actors, 0 Stopped actors, and 4 active threads.
Waiting for actors to stop.
Called postfire()
Called prefire()
Called fire()
Checking for deadlock:
There are 3 Blocked actors, 0 Stopped actors, and 4 active threads.
Waiting for actors to stop.
Read input token from inputB with value 3.0
Checking for deadlock:
There are 2 Blocked actors, 0 Stopped actors, and 4 active threads.
Waiting for actors to stop.
-- Read input: 2.0, which is expected to match: 2.0
Called prefire()
Called fire()
Checking for deadlock:
There are 3 Blocked actors, 0 Stopped actors, and 4 active threads.
Waiting for actors to stop.
Sent output token with value 2.0
Next port to read input from is inputA
Called postfire()
Called prefire()
Called fire()
Called postfire()
Called prefire()
Called fire()
Checking for deadlock:
There are 3 Blocked actors, 0 Stopped actors, and 4 active threads.
Waiting for actors to stop.
Read input token from inputA with value 3.0
-- Read input: 3.0, which is expected to match: 3.0
Called prefire()
Called fire()
Checking for deadlock:
There are 3 Blocked actors, 0 Stopped actors, and 4 active threads.
Waiting for actors to stop.
Sent output token with value 3.0
Next port to read input from is inputB
Called postfire()
Called prefire()
Called fire()
Checking for deadlock:
There are 2 Blocked actors, 0 Stopped actors, and 4 active threads.
Waiting for actors to stop.
Called postfire()
Called prefire()
Called fire()
Checking for deadlock:
There are 3 Blocked actors, 0 Stopped actors, and 4 active threads.
Waiting for actors to stop.
Read input token from inputB with value 4.5
Checking for deadlock:
There are 2 Blocked actors, 0 Stopped actors, and 4 active threads.
Waiting for actors to stop.
-- Read input: 3.0, which is expected to match: 3.0
Called prefire()
Called fire()
Checking for deadlock:
There are 3 Blocked actors, 0 Stopped actors, and 4 active threads.
Waiting for actors to stop.
Sent output token with value 3.0
Next port to read input from is inputA
Called postfire()
Called prefire()
Called fire()
Called postfire()
Called prefire()
Called fire()
Checking for deadlock:
There are 3 Blocked actors, 0 Stopped actors, and 4 active threads.
Waiting for actors to stop.
Read input token from inputA with value 4.0
-- Read input: 4.0, which is expected to match: 4.0
Called prefire()
Called fire()
Past the end of training data. Read and discard all inputs.
Checking for deadlock:
There are 3 Blocked actors, 0 Stopped actors, and 4 active threads.
Waiting for actors to stop.
Sent output token with value 4.0
Next port to read input from is inputA
Called postfire()
Called prefire()
Called fire()
Called postfire()
Called prefire()
Called fire()
Checking for deadlock:
There are 3 Blocked actors, 0 Stopped actors, and 4 active threads.
Waiting for actors to stop.
Read input token from inputA with value 5.0
Called prefire()
Called fire()
Past the end of training data. Read and discard all inputs.
Checking for deadlock:
There are 3 Blocked actors, 0 Stopped actors, and 4 active threads.
Waiting for actors to stop.
Sent output token with value 4.5
Next port to read input from is inputB
Called postfire()
Called prefire()
Called fire()
Checking for deadlock:
There are 2 Blocked actors, 0 Stopped actors, and 4 active threads.
Waiting for actors to stop.
Called postfire()
Called prefire()
Called fire()
Checking for deadlock:
There are 3 Blocked actors, 0 Stopped actors, and 4 active threads.
Waiting for actors to stop.
Read input token from inputB with value 6.0
Checking for deadlock:
There are 2 Blocked actors, 0 Stopped actors, and 4 active threads.
Waiting for actors to stop.
Called prefire()
Called fire()
Past the end of training data. Read and discard all inputs.
Checking for deadlock:
There are 3 Blocked actors, 0 Stopped actors, and 4 active threads.
Waiting for actors to stop.
Sent output token with value 5.0
Next port to read input from is inputA
Called postfire()
Called prefire()
Called fire()
Called postfire()
Called prefire()
Called fire()
Checking for deadlock:
There are 3 Blocked actors, 0 Stopped actors, and 4 active threads.
Waiting for actors to stop.
Read input token from inputA with value 6.0
Called prefire()
Called fire()
Past the end of training data. Read and discard all inputs.
Checking for deadlock:
There are 3 Blocked actors, 0 Stopped actors, and 4 active threads.
Waiting for actors to stop.
Sent output token with value 6.0
Next port to read input from is inputB
Called postfire()
Called prefire()
Called fire()
Checking for deadlock:
There are 2 Blocked actors, 0 Stopped actors, and 4 active threads.
Waiting for actors to stop.
Called postfire()
Called prefire()
Called fire()
Checking for deadlock:
There are 3 Blocked actors, 0 Stopped actors, and 4 active threads.
Waiting for actors to stop.
Read input token from inputB with value 7.5
Checking for deadlock:
There are 2 Blocked actors, 0 Stopped actors, and 4 active threads.
Waiting for actors to stop.
Called prefire()
Called fire()
Past the end of training data. Read and discard all inputs.
Checking for deadlock:
There are 3 Blocked actors, 0 Stopped actors, and 4 active threads.
Waiting for actors to stop.
Sent output token with value 6.0
Next port to read input from is inputA
Called postfire()
Called prefire()
Called fire()
Called postfire()
Called prefire()
Called fire()
Checking for deadlock:
There are 3 Blocked actors, 0 Stopped actors, and 4 active threads.
Waiting for actors to stop.
Read input token from inputA with value 7.0
Called prefire()
Called fire()
Past the end of training data. Read and discard all inputs.
Checking for deadlock:
There are 3 Blocked actors, 0 Stopped actors, and 4 active threads.
Waiting for actors to stop.
Sent output token with value 7.0
Next port to read input from is inputA
Called postfire()
Called prefire()
Called fire()
-- Thread wrapup() called.
Called wrapup()
Thread .top.Ramp is exiting.
-- Thread stopped.
Checking for deadlock:
There are 2 Blocked actors, 0 Stopped actors, and 3 active threads.
Waiting for actors to stop.
Read input token from inputA with value 8.0
Called prefire()
Called fire()
Past the end of training data. Read and discard all inputs.
Checking for deadlock:
There are 2 Blocked actors, 0 Stopped actors, and 3 active threads.
Waiting for actors to stop.
Sent output token with value 7.5
Next port to read input from is inputB
Called postfire()
Called prefire()
Called fire()
Checking for deadlock:
There are 1 Blocked actors, 0 Stopped actors, and 3 active threads.
Waiting for actors to stop.
Called postfire()
Called prefire()
Called fire()
Checking for deadlock:
There are 2 Blocked actors, 0 Stopped actors, and 3 active threads.
Waiting for actors to stop.
Read input token from inputB with value 9.0
Checking for deadlock:
There are 1 Blocked actors, 0 Stopped actors, and 3 active threads.
Waiting for actors to stop.
Called prefire()
Called fire()
Past the end of training data. Read and discard all inputs.
Checking for deadlock:
There are 2 Blocked actors, 0 Stopped actors, and 3 active threads.
Waiting for actors to stop.
Sent output token with value 8.0
Next port to read input from is inputA
Called postfire()
Called prefire()
Called fire()
Read input token from inputA with value 9.0
Checking for deadlock:
There are 1 Blocked actors, 0 Stopped actors, and 3 active threads.
Waiting for actors to stop.
Called prefire()
Called fire()
Past the end of training data. Read and discard all inputs.
Checking for deadlock:
There are 2 Blocked actors, 0 Stopped actors, and 3 active threads.
Waiting for actors to stop.
Sent output token with value 9.0
Next port to read input from is inputB
Called postfire()
Called prefire()
Called fire()
Checking for deadlock:
There are 1 Blocked actors, 0 Stopped actors, and 3 active threads.
Waiting for actors to stop.
Called postfire()
Called prefire()
Called fire()
Checking for deadlock:
There are 2 Blocked actors, 0 Stopped actors, and 3 active threads.
Waiting for actors to stop.
Read input token from inputB with value 10.5
Checking for deadlock:
There are 1 Blocked actors, 0 Stopped actors, and 3 active threads.
Waiting for actors to stop.
Called prefire()
Called fire()
Past the end of training data. Read and discard all inputs.
Checking for deadlock:
There are 2 Blocked actors, 0 Stopped actors, and 3 active threads.
Waiting for actors to stop.
Sent output token with value 9.0
Next port to read input from is inputA
Called postfire()
Called prefire()
Called fire()
Checking for deadlock:
There are 3 Blocked actors, 0 Stopped actors, and 3 active threads.
Actors have stopped.
Checking for deadlock:
There are 3 Blocked actors, 0 Stopped actors, and 3 active threads.
Deadlock detected.
Resolving Deadlock
Checking for deadlock:
There are 3 Blocked actors, 0 Stopped actors, and 3 active threads.
Artificial Deadlock - increasing queue capacity.
increasing the capacity of receiver ptolemy.actor.TypedIOPort {.top.OrderedMerge.inputB} to 2
Director: Called postfire().
Called postfire().
-- Thread wrapup() called.
_stopRequested = false
Called wrapup()
_stopFireRequested = false
Returning from postfire(): true
Thread .top.Ramp2 is exiting.
-- Thread stopped.
Called fire().
Checking for deadlock:
There are 2 Blocked actors, 0 Stopped actors, and 2 active threads.
Actors have stopped.
Checking for deadlock:
There are 2 Blocked actors, 0 Stopped actors, and 2 active threads.
Deadlock detected.
Resolving Deadlock
Checking for deadlock:
There are 2 Blocked actors, 0 Stopped actors, and 2 active threads.
Deadlock detected: no processes blocked on write, but some are blocked on read.
Called postfire().
_stopRequested = false
_stopFireRequested = false
Returning from postfire(): false
Finished deactivating branches.
Called wrapup().
-- Thread wrapup() called.
-- Thread wrapup() called.
Called wrapup()
Called wrapup()
Thread .top.OrderedMerge is exiting.
-- Thread stopped.
-- Blocked Receiver call threw TerminateProcessException.
Thread .top.Test is exiting.
-- Thread stopped.
-- Blocked Receiver call threw TerminateProcessException.
32 ms. Memory: 208384K Free: 151927K (73%)
.top. Preinitializing ...
Invoking preinitialize():  .top.OrderedMerge
Called preinitialize()
Invoking preinitialize():  .top.Ramp
Called preinitialize()
Invoking preinitialize():  .top.Ramp2
Called preinitialize()
Invoking preinitialize():  .top.Test
Called preinitialize()
.top. Finished preinitialize().
Called initialize().
Invoking initialize():  .top.OrderedMerge
Initializing actor: .top.OrderedMerge
Adding a thread: .top.OrderedMerge
Invoking initialize():  .top.Ramp
Initializing actor: .top.Ramp
Adding a thread: .top.Ramp
Invoking initialize():  .top.Ramp2
Initializing actor: .top.Ramp2
Adding a thread: .top.Ramp2
Invoking initialize():  .top.Test
Initializing actor: .top.Test
Adding a thread: .top.Test
-- Starting thread.
Called initialize()
Called prefire()
Called fire()
-- Starting thread.
Called initialize()
Called prefire()
Called fire()
Called postfire()
Called prefire()
Called fire()
-- Starting thread.
Called initialize()
Called prefire()
Called fire()
Called postfire()
Called prefire()
Called fire()
Called fire().
Checking for deadlock:
There are 3 Blocked actors, 0 Stopped actors, and 4 active threads.
Waiting for actors to stop.
-- Starting thread.
Called initialize()
Called prefire()
Called fire()
Checking for deadlock:
There are 2 Blocked actors, 0 Stopped actors, and 4 active threads.
Waiting for actors to stop.
Read input token from inputA with value 0.0
Called postfire()
Called prefire()
Called fire()
Next port to read input from is inputB
Called postfire()
Called prefire()
Called fire()
Read input token from inputB with value 0.0
Called postfire()
Called prefire()
Called fire()
Sent output token with value 0.0
Checking for deadlock:
There are 2 Blocked actors, 0 Stopped actors, and 4 active threads.
Waiting for actors to stop.
Next port to read input from is inputA
Called postfire()
Called prefire()
-- Read input: 0.0, which is expected to match: 0.0
Called prefire()
Called fire()
Checking for deadlock:
There are 3 Blocked actors, 0 Stopped actors, and 4 active threads.
Waiting for actors to stop.
Called fire()
Checking for deadlock:
There are 2 Blocked actors, 0 Stopped actors, and 4 active threads.
Waiting for actors to stop.
Called postfire()
Called prefire()
Called fire()
Checking for deadlock:
There are 3 Blocked actors, 0 Stopped actors, and 4 active threads.
Read input token from inputA with value 1.0
Waiting for actors to stop.
Checking for deadlock:
There are 2 Blocked actors, 0 Stopped actors, and 4 active threads.
Waiting for actors to stop.
Sent output token with value 0.0
-- Read input: 0.0, which is expected to match: 0.0
Next port to read input from is inputB
Called postfire()
Called prefire()
Called prefire()
Called fire()
Called fire()
Checking for deadlock:
Read input token from inputB with value 1.5
There are 2 Blocked actors, 0 Stopped actors, and 4 active threads.
Waiting for actors to stop.
Called postfire()
Called prefire()
Called fire()
Checking for deadlock:
There are 2 Blocked actors, 0 Stopped actors, and 4 active threads.
Waiting for actors to stop.
Sent output token with value 1.0
Next port to read input from is inputA
Called postfire()
Called prefire()
Called fire()
Read input token from inputA with value 2.0
Sent output token with value 1.5
-- Read input: 1.0, which is expected to match: 1.0
Called prefire()
Called fire()
-- Read input: 1.5, which is expected to match: 1.5
Called prefire()
Called fire()
Checking for deadlock:
There are 2 Blocked actors, 0 Stopped actors, and 4 active threads.
Waiting for actors to stop.
Called postfire()
Called prefire()
Called fire()
Checking for deadlock:
There are 3 Blocked actors, 0 Stopped actors, and 4 active threads.
Waiting for actors to stop.
Next port to read input from is inputB
Called postfire()
Called prefire()
Called fire()
Checking for deadlock:
There are 2 Blocked actors, 0 Stopped actors, and 4 active threads.
Waiting for actors to stop.
Called postfire()
Called prefire()
Called fire()
Checking for deadlock:
There are 3 Blocked actors, 0 Stopped actors, and 4 active threads.
Waiting for actors to stop.
Read input token from inputB with value 3.0
Checking for deadlock:
There are 2 Blocked actors, 0 Stopped actors, and 4 active threads.
Waiting for actors to stop.
Sent output token with value 2.0
-- Read input: 2.0, which is expected to match: 2.0
Called prefire()
Called fire()
Checking for deadlock:
There are 3 Blocked actors, 0 Stopped actors, and 4 active threads.
Waiting for actors to stop.
Next port to read input from is inputA
Called postfire()
Called prefire()
Called fire()
Checking for deadlock:
There are 2 Blocked actors, 0 Stopped actors, and 4 active threads.
Waiting for actors to stop.
Called postfire()
Read input token from inputA with value 3.0
Called prefire()
Called fire()
Sent output token with value 3.0
Checking for deadlock:
There are 2 Blocked actors, 0 Stopped actors, and 4 active threads.
-- Read input: 3.0, which is expected to match: 3.0
Waiting for actors to stop.
Called prefire()
Called fire()
Checking for deadlock:
There are 3 Blocked actors, 0 Stopped actors, and 4 active threads.
Waiting for actors to stop.
Next port to read input from is inputB
Called postfire()
Called prefire()
Called fire()
Called postfire()
Called prefire()
Called fire()
Checking for deadlock:
There are 3 Blocked actors, 0 Stopped actors, and 4 active threads.
Waiting for actors to stop.
Read input token from inputB with value 4.5
Sent output token with value 3.0
Checking for deadlock:
There are 2 Blocked actors, 0 Stopped actors, and 4 active threads.
Waiting for actors to stop.
-- Read input: 3.0, which is expected to match: 3.0
Called prefire()
Called fire()
Checking for deadlock:
There are 3 Blocked actors, 0 Stopped actors, and 4 active threads.
Waiting for actors to stop.
Next port to read input from is inputA
Called postfire()
Called prefire()
Called fire()
Checking for deadlock:
There are 2 Blocked actors, 0 Stopped actors, and 4 active threads.
Waiting for actors to stop.
Read input token from inputA with value 4.0
Called postfire()
Called prefire()
Called fire()
Sent output token with value 4.0
Checking for deadlock:
There are 2 Blocked actors, 0 Stopped actors, and 4 active threads.
Waiting for actors to stop.
-- Read input: 4.0, which is expected to match: 4.0
Next port to read input from is inputA
Called prefire()
Called postfire()
Called fire()
Called prefire()
Past the end of training data. Read and discard all inputs.
Called fire()
Checking for deadlock:
There are 3 Blocked actors, 0 Stopped actors, and 4 active threads.
Waiting for actors to stop.
Checking for deadlock:
There are 2 Blocked actors, 0 Stopped actors, and 4 active threads.
Waiting for actors to stop.
Called postfire()
Read input token from inputA with value 5.0
Called prefire()
Called fire()
Checking for deadlock:
There are 2 Blocked actors, 0 Stopped actors, and 4 active threads.
Called prefire()
Waiting for actors to stop.
Called fire()
Past the end of training data. Read and discard all inputs.
Checking for deadlock:
There are 3 Blocked actors, 0 Stopped actors, and 4 active threads.
Waiting for actors to stop.
Sent output token with value 4.5
Next port to read input from is inputB
Called postfire()
Called prefire()
Called fire()
Called postfire()
Called prefire()
Called fire()
Checking for deadlock:
There are 3 Blocked actors, 0 Stopped actors, and 4 active threads.
Waiting for actors to stop.
Read input token from inputB with value 6.0
Checking for deadlock:
There are 2 Blocked actors, 0 Stopped actors, and 4 active threads.
Called prefire()
Waiting for actors to stop.
Called fire()
Past the end of training data. Read and discard all inputs.
Checking for deadlock:
There are 3 Blocked actors, 0 Stopped actors, and 4 active threads.
Waiting for actors to stop.
Sent output token with value 5.0
Next port to read input from is inputA
Called postfire()
Called prefire()
Called fire()
Checking for deadlock:
There are 2 Blocked actors, 0 Stopped actors, and 4 active threads.
Waiting for actors to stop.
Called postfire()
Called prefire()
Called fire()
Checking for deadlock:
There are 3 Blocked actors, 0 Stopped actors, and 4 active threads.
Waiting for actors to stop.
Read input token from inputA with value 6.0
Checking for deadlock:
There are 2 Blocked actors, 0 Stopped actors, and 4 active threads.
Waiting for actors to stop.
Called prefire()
Called fire()
Past the end of training data. Read and discard all inputs.
Sent output token with value 6.0
Checking for deadlock:
There are 3 Blocked actors, 0 Stopped actors, and 4 active threads.
Waiting for actors to stop.
Next port to read input from is inputB
Called postfire()
Called prefire()
Called fire()
Checking for deadlock:
There are 2 Blocked actors, 0 Stopped actors, and 4 active threads.
Waiting for actors to stop.
Read input token from inputB with value 7.5
Called postfire()
Called prefire()
Called fire()
Checking for deadlock:
There are 3 Blocked actors, 0 Stopped actors, and 4 active threads.
Waiting for actors to stop.
Checking for deadlock:
Sent output token with value 6.0
There are 2 Blocked actors, 0 Stopped actors, and 4 active threads.
Waiting for actors to stop.
Called prefire()
Called fire()
Next port to read input from is inputA
Past the end of training data. Read and discard all inputs.
Called postfire()
Called prefire()
Called fire()
Checking for deadlock:
There are 3 Blocked actors, 0 Stopped actors, and 4 active threads.
Waiting for actors to stop.
Checking for deadlock:
There are 2 Blocked actors, 0 Stopped actors, and 4 active threads.
Waiting for actors to stop.
Called postfire()
Called prefire()
Read input token from inputA with value 7.0
Called fire()
Called prefire()
Checking for deadlock:
There are 2 Blocked actors, 0 Stopped actors, and 4 active threads.
Called fire()
Waiting for actors to stop.
Past the end of training data. Read and discard all inputs.
Sent output token with value 7.0
Checking for deadlock:
Next port to read input from is inputA
Called postfire()
There are 3 Blocked actors, 0 Stopped actors, and 4 active threads.
Called prefire()
Waiting for actors to stop.
Called fire()
Checking for deadlock:
-- Thread wrapup() called.
There are 2 Blocked actors, 0 Stopped actors, and 4 active threads.
Called wrapup()
Waiting for actors to stop.
Thread .top.Ramp is exiting.
-- Thread stopped.
Read input token from inputA with value 8.0
Sent output token with value 7.5
Next port to read input from is inputB
Called postfire()
Called prefire()
Called fire()
Read input token from inputB with value 9.0
Called prefire()
Called fire()
Sent output token with value 8.0
Past the end of training data. Read and discard all inputs.
Called prefire()
Next port to read input from is inputA
Called fire()
Called postfire()
Past the end of training data. Read and discard all inputs.
Called prefire()
Called fire()
Checking for deadlock:
There are 1 Blocked actors, 0 Stopped actors, and 3 active threads.
Read input token from inputA with value 9.0
Waiting for actors to stop.
Sent output token with value 9.0
Called postfire()
Called prefire()
Called fire()
Next port to read input from is inputB
Called postfire()
Checking for deadlock:
Called prefire()
There are 1 Blocked actors, 0 Stopped actors, and 3 active threads.
Waiting for actors to stop.
Called fire()
Called prefire()
Called fire()
Past the end of training data. Read and discard all inputs.
Read input token from inputB with value 10.5
Checking for deadlock:
There are 1 Blocked actors, 0 Stopped actors, and 3 active threads.
Waiting for actors to stop.
Called postfire()
Called prefire()
Sent output token with value 9.0
Called fire()
Next port to read input from is inputA
Called postfire()
Checking for deadlock:
Called prefire()
There are 1 Blocked actors, 0 Stopped actors, and 3 active threads.
Called fire()
Waiting for actors to stop.
Called prefire()
Called fire()
Past the end of training data. Read and discard all inputs.
Checking for deadlock:
There are 3 Blocked actors, 0 Stopped actors, and 3 active threads.
Actors have stopped.
Checking for deadlock:
There are 3 Blocked actors, 0 Stopped actors, and 3 active threads.
Deadlock detected.
Resolving Deadlock
Checking for deadlock:
There are 3 Blocked actors, 0 Stopped actors, and 3 active threads.
Artificial Deadlock - increasing queue capacity.
increasing the capacity of receiver ptolemy.actor.TypedIOPort {.top.OrderedMerge.inputB} to 2
Director: Called postfire().
Called postfire().
_stopRequested = false
-- Thread wrapup() called.
_stopFireRequested = false
Called wrapup()
Returning from postfire(): true
Thread .top.Ramp2 is exiting.
-- Thread stopped.
Called fire().
Checking for deadlock:
There are 2 Blocked actors, 0 Stopped actors, and 2 active threads.
Actors have stopped.
Checking for deadlock:
There are 2 Blocked actors, 0 Stopped actors, and 2 active threads.
Deadlock detected.
Resolving Deadlock
Checking for deadlock:
There are 2 Blocked actors, 0 Stopped actors, and 2 active threads.
Deadlock detected: no processes blocked on write, but some are blocked on read.
Called postfire().
_stopRequested = false
_stopFireRequested = false
Returning from postfire(): false
Finished deactivating branches.
Called wrapup().
-- Thread wrapup() called.
Called wrapup()
Thread .top.OrderedMerge is exiting.
-- Thread stopped.
-- Blocked Receiver call threw TerminateProcessException.
-- Thread wrapup() called.
Called wrapup()
Thread .top.Test is exiting.
-- Thread stopped.
-- Blocked Receiver call threw TerminateProcessException.
35 ms. Memory: 208384K Free: 147012K (71%)
/home/travis/build/icyphy/ptII/ptolemy/actor/lib/test/Publisher.tcl
17 ms. Memory: 208384K Free: 139755K (67%)
12 ms. Memory: 208384K Free: 134917K (65%)
11 ms. Memory: 208384K Free: 130063K (62%)
8 ms. Memory: 208384K Free: 130063K (62%)
10 ms. Memory: 208384K Free: 130063K (62%)
3 ms. Memory: 208384K Free: 127644K (61%)
4 ms. Memory: 208384K Free: 127644K (61%)
3 ms. Memory: 208384K Free: 127644K (61%)
1 ms. Memory: 208384K Free: 117968K (57%)
5 ms. Memory: 208384K Free: 113130K (54%)
2 ms. Memory: 208384K Free: 113130K (54%)
1 ms. Memory: 208384K Free: 110695K (53%)
6 ms. Memory: 208384K Free: 103421K (50%)
5 ms. Memory: 208384K Free: 93697K (45%)
6 ms. Memory: 208384K Free: 81586K (39%)
/home/travis/build/icyphy/ptII/ptolemy/actor/lib/test/Pulse.tcl
2 ms. Memory: 330752K Free: 281259K (85%)
1 ms. Memory: 330752K Free: 281259K (85%)
1 ms. Memory: 330752K Free: 281259K (85%)
1 ms. Memory: 330752K Free: 281259K (85%)
1 ms. Memory: 330752K Free: 281259K (85%)
1 ms. Memory: 330752K Free: 281259K (85%)
2 ms. Memory: 330752K Free: 281259K (85%)
1 ms. Memory: 330752K Free: 276526K (84%)
1 ms. Memory: 330752K Free: 276526K (84%)
/home/travis/build/icyphy/ptII/ptolemy/actor/lib/test/Ramp.tcl
3 ms. Memory: 330752K Free: 276526K (84%)
2 ms. Memory: 330752K Free: 276526K (84%)
5 ms. Memory: 330752K Free: 276526K (84%)
1 ms. Memory: 330752K Free: 271786K (82%)
3 ms. Memory: 330752K Free: 271786K (82%)
11 ms. Memory: 330752K Free: 271786K (82%)
10 ms. Memory: 330752K Free: 271786K (82%)
5 actors
8000 microseconds per iteration to create
31 ms. Memory: 330752K Free: 266373K (81%)
5 ms. Memory: 330752K Free: 266373K (81%)
3 ms. Memory: 330752K Free: 266373K (81%)
3 ms. Memory: 330752K Free: 266373K (81%)
50 actors
24000 microseconds per iteration to create
23 ms. Memory: 330752K Free: 252160K (76%)
5 ms. Memory: 330752K Free: 247428K (75%)
4 ms. Memory: 330752K Free: 247428K (75%)
5 ms. Memory: 330752K Free: 247428K (75%)
500 actors
1229000 microseconds per iteration to create
221 ms. Memory: 330752K Free: 81541K (25%)
84 ms. Memory: 331776K Free: 313720K (95%)
35 ms. Memory: 331776K Free: 308494K (93%)
33 ms. Memory: 331776K Free: 303704K (92%)
/home/travis/build/icyphy/ptII/ptolemy/actor/lib/test/RampContinuous.tcl
7 ms. Memory: 331776K Free: 303704K (92%)
/home/travis/build/icyphy/ptII/ptolemy/actor/lib/test/RecordAssembler.tcl
6 ms. Memory: 331776K Free: 298915K (90%)
3 ms. Memory: 331776K Free: 298915K (90%)
/home/travis/build/icyphy/ptII/ptolemy/actor/lib/test/RecordDisassembler.tcl
8 ms. Memory: 331776K Free: 298915K (90%)
5 ms. Memory: 331776K Free: 298915K (90%)
4 ms. Memory: 331776K Free: 294126K (89%)
/home/travis/build/icyphy/ptII/ptolemy/actor/lib/test/Scale.tcl
2 ms. Memory: 331776K Free: 294126K (89%)
3 ms. Memory: 331776K Free: 294126K (89%)
1 ms. Memory: 331776K Free: 294126K (89%)
4 ms. Memory: 331776K Free: 289321K (87%)
4 ms. Memory: 331776K Free: 289321K (87%)
/home/travis/build/icyphy/ptII/ptolemy/actor/lib/test/SequentialClock.tcl
preinitializing
resolving types
initializing
executing number 1
wrapping up
idle
6 ms. Memory: 331776K Free: 289321K (87%)
Completed execution with 5 iterations
preinitializing
resolving types
initializing
executing number 1
wrapping up
idle
6 ms. Memory: 331776K Free: 289321K (87%)
Completed execution with 5 iterations
preinitializing
resolving types
initializing
executing number 1
wrapping up
idle
1 ms. Memory: 331776K Free: 289321K (87%)
Completed execution with 5 iterations
/home/travis/build/icyphy/ptII/ptolemy/actor/lib/test/SetVariable.tcl
4 ms. Memory: 331776K Free: 284515K (86%)
/home/travis/build/icyphy/ptII/ptolemy/actor/lib/test/Sinewave.tcl
/home/travis/build/icyphy/ptII/ptolemy/actor/lib/test/SubscriptionAggregator.tcl
6 ms. Memory: 331776K Free: 274905K (83%)
4 ms. Memory: 331776K Free: 270115K (81%)
0 ms. Memory: 331776K Free: 270115K (81%)
1 ms. Memory: 331776K Free: 270115K (81%)
2 ms. Memory: 331776K Free: 270115K (81%)
3 ms. Memory: 331776K Free: 265322K (80%)
...............................................................774 ms. Memory: 576000K Free: 219387K (38%)
/home/travis/build/icyphy/ptII/ptolemy/actor/lib/test/Test.tcl
 The next command will produce a warning about training mode,
   which may be ignored.
4 ms. Memory: 576000K Free: 219387K (38%)
2 ms. Memory: 576000K Free: 219387K (38%)
1 ms. Memory: 576000K Free: 219387K (38%)
1 ms. Memory: 576000K Free: 219387K (38%)
1 ms. Memory: 576000K Free: 219387K (38%)
3 ms. Memory: 576000K Free: 219387K (38%)
3 ms. Memory: 576000K Free: 209832K (36%)
 The next command will produce a warning about training mode,
   which may be ignored.
4 ms. Memory: 576000K Free: 209832K (36%)
 The next command will produce a warning about training mode,
   which may be ignored.
2 ms. Memory: 576000K Free: 209832K (36%)
1 ms. Memory: 576000K Free: 209832K (36%)
1 ms. Memory: 576000K Free: 209832K (36%)
1 ms. Memory: 576000K Free: 209832K (36%)
2 ms. Memory: 576000K Free: 209832K (36%)
3 ms. Memory: 576000K Free: 200284K (35%)
/home/travis/build/icyphy/ptII/ptolemy/actor/lib/test/TestExceptionHandler.tcl
 The next command will produce a warning about training mode,
   which may be ignored.
2 ms. Memory: 576000K Free: 200284K (35%)
0 ms. Memory: 576000K Free: 200284K (35%)
1 ms. Memory: 576000K Free: 200284K (35%)
/home/travis/build/icyphy/ptII/ptolemy/actor/lib/test/UnionDisassembler.tcl
12 ms. Memory: 576000K Free: 190745K (33%)
/home/travis/build/icyphy/ptII/ptolemy/actor/lib/test/VariableClock.tcl
preinitializing
resolving types
initializing
executing number 1
wrapping up
idle
3 ms. Memory: 576000K Free: 190745K (33%)
Completed execution with 11 iterations
preinitializing
resolving types
initializing
executing number 1
wrapping up
idle
3 ms. Memory: 576000K Free: 190745K (33%)
Completed execution with 10 iterations
05/21/19 04:22:18
Failed: 0  Total Tests: 234  ((Passed: 234, Newly Passed: 0)  Known Failed: 0) /home/travis/build/icyphy/ptII/ptolemy/actor/lib/test
----------------- testing (KnownFailure) /home/travis/build/icyphy/ptII/ptolemy/actor/lib/test/auto/knownFailedTests/PublisherPortToplevelSubscriber.xml
1 ms. Memory: 576000K Free: 181027K (31%)
Known Failure: java.lang.reflect.InvocationTargetException
----------------- testing (KnownFailure) /home/travis/build/icyphy/ptII/ptolemy/actor/lib/test/auto/knownFailedTests/PublisherSubscriberPortToplevel.xml
1 ms. Memory: 576000K Free: 161591K (28%)
Known Failure: java.lang.reflect.InvocationTargetException
----------------- testing (KnownFailure) /home/travis/build/icyphy/ptII/ptolemy/actor/lib/test/auto/knownFailedTests/PublisherSubscriptionAggregatorPort.xml
3 ms. Memory: 576000K Free: 142156K (25%)
Known Failure: java.lang.reflect.InvocationTargetException
----------------- testing (KnownFailure) /home/travis/build/icyphy/ptII/ptolemy/actor/lib/test/auto/knownFailedTests/sizedarray3.xml
5 ms. Memory: 576000K Free: 122720K (21%)
Known Failure: java.lang.reflect.InvocationTargetException
No auto/linux-amd64/*.xml tests in /home/travis/build/icyphy/ptII/ptolemy/actor/lib/test
AutoTests.java: About to close Vertx.
AutoTests.java: Vertx closed.

===========================================================================================
----------------- testing Tue May 21 04:22:18 UTC 2019 /home/travis/build/icyphy/ptII/ptolemy/actor/lib/test/auto/AbsoluteValue.xml
----------------- Instantiating /home/travis/build/icyphy/ptII/ptolemy/actor/lib/test/auto/AbsoluteValue.xml
74 ms. Memory: 579584K Free: 522917K (90%)
----------------- Invoking toplevel() on ptolemy.moml.MoMLSimpleApplication@11990f46
----------------- Done invoking toplevel() on ptolemy.moml.MoMLSimpleApplication@11990f46
reloadAllAccessors: .AbsoluteValue

===========================================================================================
----------------- testing Tue May 21 04:22:18 UTC 2019 /home/travis/build/icyphy/ptII/ptolemy/actor/lib/test/auto/AbsoluteValue2.xml
----------------- Instantiating /home/travis/build/icyphy/ptII/ptolemy/actor/lib/test/auto/AbsoluteValue2.xml
4 ms. Memory: 579584K Free: 501581K (87%)
----------------- Invoking toplevel() on ptolemy.moml.MoMLSimpleApplication@6ed7ff8f
----------------- Done invoking toplevel() on ptolemy.moml.MoMLSimpleApplication@6ed7ff8f
reloadAllAccessors: .AbsoluteValue2

===========================================================================================
----------------- testing Tue May 21 04:22:18 UTC 2019 /home/travis/build/icyphy/ptII/ptolemy/actor/lib/test/auto/Accumulator.xml
----------------- Instantiating /home/travis/build/icyphy/ptII/ptolemy/actor/lib/test/auto/Accumulator.xml
6 ms. Memory: 579584K Free: 491847K (85%)
----------------- Invoking toplevel() on ptolemy.moml.MoMLSimpleApplication@7fa7f465
----------------- Done invoking toplevel() on ptolemy.moml.MoMLSimpleApplication@7fa7f465
reloadAllAccessors: .Accumulator

===========================================================================================
----------------- testing Tue May 21 04:22:18 UTC 2019 /home/travis/build/icyphy/ptII/ptolemy/actor/lib/test/auto/Accumulator2.xml
----------------- Instantiating /home/travis/build/icyphy/ptII/ptolemy/actor/lib/test/auto/Accumulator2.xml
4 ms. Memory: 579584K Free: 485369K (84%)
----------------- Invoking toplevel() on ptolemy.moml.MoMLSimpleApplication@5c48e157
----------------- Done invoking toplevel() on ptolemy.moml.MoMLSimpleApplication@5c48e157
reloadAllAccessors: .Accumulator2

===========================================================================================
----------------- testing Tue May 21 04:22:18 UTC 2019 /home/travis/build/icyphy/ptII/ptolemy/actor/lib/test/auto/Accumulator3.xml
----------------- Instantiating /home/travis/build/icyphy/ptII/ptolemy/actor/lib/test/auto/Accumulator3.xml
14 ms. Memory: 579584K Free: 478890K (83%)
----------------- Invoking toplevel() on ptolemy.moml.MoMLSimpleApplication@6ac0db40
----------------- Done invoking toplevel() on ptolemy.moml.MoMLSimpleApplication@6ac0db40
reloadAllAccessors: .Accumulator3

===========================================================================================
----------------- testing Tue May 21 04:22:18 UTC 2019 /home/travis/build/icyphy/ptII/ptolemy/actor/lib/test/auto/ArrayAppend.xml
----------------- Instantiating /home/travis/build/icyphy/ptII/ptolemy/actor/lib/test/auto/ArrayAppend.xml
4 ms. Memory: 579584K Free: 460358K (79%)
----------------- Invoking toplevel() on ptolemy.moml.MoMLSimpleApplication@4ac20e9d
----------------- Done invoking toplevel() on ptolemy.moml.MoMLSimpleApplication@4ac20e9d
reloadAllAccessors: .ArrayAppend

===========================================================================================
----------------- testing Tue May 21 04:22:18 UTC 2019 /home/travis/build/icyphy/ptII/ptolemy/actor/lib/test/auto/ArrayAppend2.xml
----------------- Instantiating /home/travis/build/icyphy/ptII/ptolemy/actor/lib/test/auto/ArrayAppend2.xml
287 ms. Memory: 579584K Free: 395557K (68%)
----------------- Invoking toplevel() on ptolemy.moml.MoMLSimpleApplication@100b96f5
----------------- Done invoking toplevel() on ptolemy.moml.MoMLSimpleApplication@100b96f5
reloadAllAccessors: .ArrayAppend2

===========================================================================================
----------------- testing Tue May 21 04:22:19 UTC 2019 /home/travis/build/icyphy/ptII/ptolemy/actor/lib/test/auto/ArrayAppend3.xml
----------------- Instantiating /home/travis/build/icyphy/ptII/ptolemy/actor/lib/test/auto/ArrayAppend3.xml
11 ms. Memory: 579584K Free: 389078K (67%)
----------------- Invoking toplevel() on ptolemy.moml.MoMLSimpleApplication@69149916
----------------- Done invoking toplevel() on ptolemy.moml.MoMLSimpleApplication@69149916
reloadAllAccessors: .ArrayAppend3

===========================================================================================
----------------- testing Tue May 21 04:22:19 UTC 2019 /home/travis/build/icyphy/ptII/ptolemy/actor/lib/test/auto/ArrayAppend4.xml
----------------- Instantiating /home/travis/build/icyphy/ptII/ptolemy/actor/lib/test/auto/ArrayAppend4.xml
3 ms. Memory: 579584K Free: 382600K (66%)
----------------- Invoking toplevel() on ptolemy.moml.MoMLSimpleApplication@3f62c3cd
----------------- Done invoking toplevel() on ptolemy.moml.MoMLSimpleApplication@3f62c3cd
reloadAllAccessors: .ArrayAppend4

===========================================================================================
----------------- testing Tue May 21 04:22:19 UTC 2019 /home/travis/build/icyphy/ptII/ptolemy/actor/lib/test/auto/ArrayAppend5.xml
----------------- Instantiating /home/travis/build/icyphy/ptII/ptolemy/actor/lib/test/auto/ArrayAppend5.xml
9 ms. Memory: 579584K Free: 367315K (63%)
----------------- Invoking toplevel() on ptolemy.moml.MoMLSimpleApplication@5ccd9802
----------------- Done invoking toplevel() on ptolemy.moml.MoMLSimpleApplication@5ccd9802
reloadAllAccessors: .ArrayAppend5

===========================================================================================
----------------- testing Tue May 21 04:22:19 UTC 2019 /home/travis/build/icyphy/ptII/ptolemy/actor/lib/test/auto/ArrayAppend6.xml
----------------- Instantiating /home/travis/build/icyphy/ptII/ptolemy/actor/lib/test/auto/ArrayAppend6.xml
3 ms. Memory: 579584K Free: 360837K (62%)
----------------- Invoking toplevel() on ptolemy.moml.MoMLSimpleApplication@4e602636
----------------- Done invoking toplevel() on ptolemy.moml.MoMLSimpleApplication@4e602636
reloadAllAccessors: .ArrayAppend6

===========================================================================================
----------------- testing Tue May 21 04:22:19 UTC 2019 /home/travis/build/icyphy/ptII/ptolemy/actor/lib/test/auto/ArrayAppendPerformanceTest.xml
----------------- Instantiating /home/travis/build/icyphy/ptII/ptolemy/actor/lib/test/auto/ArrayAppendPerformanceTest.xml
28 ms. Memory: 579584K Free: 347871K (60%)
----------------- Invoking toplevel() on ptolemy.moml.MoMLSimpleApplication@1980a7af
----------------- Done invoking toplevel() on ptolemy.moml.MoMLSimpleApplication@1980a7af
reloadAllAccessors: .ArrayAppendPerformanceTest

===========================================================================================
----------------- testing Tue May 21 04:22:19 UTC 2019 /home/travis/build/icyphy/ptII/ptolemy/actor/lib/test/auto/ArrayAppendWithEmptyInput.xml
----------------- Instantiating /home/travis/build/icyphy/ptII/ptolemy/actor/lib/test/auto/ArrayAppendWithEmptyInput.xml
21 ms. Memory: 579584K Free: 338138K (58%)
----------------- Invoking toplevel() on ptolemy.moml.MoMLSimpleApplication@7809df8a
----------------- Done invoking toplevel() on ptolemy.moml.MoMLSimpleApplication@7809df8a
reloadAllAccessors: .ArrayAppendWithEmptyInput

===========================================================================================
----------------- testing Tue May 21 04:22:19 UTC 2019 /home/travis/build/icyphy/ptII/ptolemy/actor/lib/test/auto/ArrayAverage.xml
----------------- Instantiating /home/travis/build/icyphy/ptII/ptolemy/actor/lib/test/auto/ArrayAverage.xml
6 ms. Memory: 579584K Free: 319598K (55%)
----------------- Invoking toplevel() on ptolemy.moml.MoMLSimpleApplication@2898ea5
----------------- Done invoking toplevel() on ptolemy.moml.MoMLSimpleApplication@2898ea5
reloadAllAccessors: .ArrayAverage

===========================================================================================
----------------- testing Tue May 21 04:22:19 UTC 2019 /home/travis/build/icyphy/ptII/ptolemy/actor/lib/test/auto/ArrayContains.xml
----------------- Instantiating /home/travis/build/icyphy/ptII/ptolemy/actor/lib/test/auto/ArrayContains.xml
7 ms. Memory: 579584K Free: 309880K (53%)
----------------- Invoking toplevel() on ptolemy.moml.MoMLSimpleApplication@3334857f
----------------- Done invoking toplevel() on ptolemy.moml.MoMLSimpleApplication@3334857f
reloadAllAccessors: .ArrayContains

===========================================================================================
----------------- testing Tue May 21 04:22:19 UTC 2019 /home/travis/build/icyphy/ptII/ptolemy/actor/lib/test/auto/ArrayElement.xml
----------------- Instantiating /home/travis/build/icyphy/ptII/ptolemy/actor/lib/test/auto/ArrayElement.xml
3 ms. Memory: 579584K Free: 303401K (52%)
----------------- Invoking toplevel() on ptolemy.moml.MoMLSimpleApplication@1c37c412
----------------- Done invoking toplevel() on ptolemy.moml.MoMLSimpleApplication@1c37c412
reloadAllAccessors: .ArrayElement

===========================================================================================
----------------- testing Tue May 21 04:22:19 UTC 2019 /home/travis/build/icyphy/ptII/ptolemy/actor/lib/test/auto/ArrayElementAsMatrix.xml
----------------- Instantiating /home/travis/build/icyphy/ptII/ptolemy/actor/lib/test/auto/ArrayElementAsMatrix.xml
13 ms. Memory: 579584K Free: 293668K (51%)
----------------- Invoking toplevel() on ptolemy.moml.MoMLSimpleApplication@88f1afe
----------------- Done invoking toplevel() on ptolemy.moml.MoMLSimpleApplication@88f1afe
reloadAllAccessors: .ArrayElementAsMatrix

===========================================================================================
----------------- testing Tue May 21 04:22:19 UTC 2019 /home/travis/build/icyphy/ptII/ptolemy/actor/lib/test/auto/ArrayElementI.xml
----------------- Instantiating /home/travis/build/icyphy/ptII/ptolemy/actor/lib/test/auto/ArrayElementI.xml
3 ms. Memory: 579584K Free: 278383K (48%)
----------------- Invoking toplevel() on ptolemy.moml.MoMLSimpleApplication@4fcd025a
----------------- Done invoking toplevel() on ptolemy.moml.MoMLSimpleApplication@4fcd025a
reloadAllAccessors: .ArrayElementI

===========================================================================================
----------------- testing Tue May 21 04:22:19 UTC 2019 /home/travis/build/icyphy/ptII/ptolemy/actor/lib/test/auto/ArrayExtract.xml
----------------- Instantiating /home/travis/build/icyphy/ptII/ptolemy/actor/lib/test/auto/ArrayExtract.xml
4 ms. Memory: 579584K Free: 268657K (46%)
----------------- Invoking toplevel() on ptolemy.moml.MoMLSimpleApplication@9fd58f
----------------- Done invoking toplevel() on ptolemy.moml.MoMLSimpleApplication@9fd58f
reloadAllAccessors: .ArrayExtract

===========================================================================================
----------------- testing Tue May 21 04:22:19 UTC 2019 /home/travis/build/icyphy/ptII/ptolemy/actor/lib/test/auto/ArrayExtract2.xml
----------------- Instantiating /home/travis/build/icyphy/ptII/ptolemy/actor/lib/test/auto/ArrayExtract2.xml
3 ms. Memory: 579584K Free: 262179K (45%)
----------------- Invoking toplevel() on ptolemy.moml.MoMLSimpleApplication@11b27f87
----------------- Done invoking toplevel() on ptolemy.moml.MoMLSimpleApplication@11b27f87
reloadAllAccessors: .ArrayExtract2

===========================================================================================
----------------- testing Tue May 21 04:22:19 UTC 2019 /home/travis/build/icyphy/ptII/ptolemy/actor/lib/test/auto/ArrayLength.xml
----------------- Instantiating /home/travis/build/icyphy/ptII/ptolemy/actor/lib/test/auto/ArrayLength.xml
1 ms. Memory: 579584K Free: 255700K (44%)
----------------- Invoking toplevel() on ptolemy.moml.MoMLSimpleApplication@3da1895e
----------------- Done invoking toplevel() on ptolemy.moml.MoMLSimpleApplication@3da1895e
reloadAllAccessors: .ArrayLength

===========================================================================================
----------------- testing Tue May 21 04:22:19 UTC 2019 /home/travis/build/icyphy/ptII/ptolemy/actor/lib/test/auto/ArrayLevelCrossing.xml
----------------- Instantiating /home/travis/build/icyphy/ptII/ptolemy/actor/lib/test/auto/ArrayLevelCrossing.xml
7 ms. Memory: 579584K Free: 237160K (41%)
----------------- Invoking toplevel() on ptolemy.moml.MoMLSimpleApplication@61aed0fc
----------------- Done invoking toplevel() on ptolemy.moml.MoMLSimpleApplication@61aed0fc
reloadAllAccessors: .ArrayLevelCrossing

===========================================================================================
----------------- testing Tue May 21 04:22:19 UTC 2019 /home/travis/build/icyphy/ptII/ptolemy/actor/lib/test/auto/ArrayLevelCrossing2.xml
----------------- Instantiating /home/travis/build/icyphy/ptII/ptolemy/actor/lib/test/auto/ArrayLevelCrossing2.xml
2 ms. Memory: 579584K Free: 227434K (39%)
----------------- Invoking toplevel() on ptolemy.moml.MoMLSimpleApplication@1c1a25a9
----------------- Done invoking toplevel() on ptolemy.moml.MoMLSimpleApplication@1c1a25a9
reloadAllAccessors: .ArrayLevelCrossing2

===========================================================================================
----------------- testing Tue May 21 04:22:19 UTC 2019 /home/travis/build/icyphy/ptII/ptolemy/actor/lib/test/auto/ArrayPeakSearch.xml
----------------- Instantiating /home/travis/build/icyphy/ptII/ptolemy/actor/lib/test/auto/ArrayPeakSearch.xml
6 ms. Memory: 579584K Free: 214461K (37%)
----------------- Invoking toplevel() on ptolemy.moml.MoMLSimpleApplication@17ddcea3
----------------- Done invoking toplevel() on ptolemy.moml.MoMLSimpleApplication@17ddcea3
reloadAllAccessors: .ArrayPeakSearch

===========================================================================================
----------------- testing Tue May 21 04:22:19 UTC 2019 /home/travis/build/icyphy/ptII/ptolemy/actor/lib/test/auto/ArrayPeakSearch2.xml
----------------- Instantiating /home/travis/build/icyphy/ptII/ptolemy/actor/lib/test/auto/ArrayPeakSearch2.xml
6 ms. Memory: 579584K Free: 201488K (35%)
----------------- Invoking toplevel() on ptolemy.moml.MoMLSimpleApplication@3a152a92
----------------- Done invoking toplevel() on ptolemy.moml.MoMLSimpleApplication@3a152a92
reloadAllAccessors: .ArrayPeakSearch2

===========================================================================================
----------------- testing Tue May 21 04:22:20 UTC 2019 /home/travis/build/icyphy/ptII/ptolemy/actor/lib/test/auto/ArrayPeakSearch3.xml
----------------- Instantiating /home/travis/build/icyphy/ptII/ptolemy/actor/lib/test/auto/ArrayPeakSearch3.xml
7 ms. Memory: 579584K Free: 179724K (31%)
----------------- Invoking toplevel() on ptolemy.moml.MoMLSimpleApplication@c38fdc7
----------------- Done invoking toplevel() on ptolemy.moml.MoMLSimpleApplication@c38fdc7
reloadAllAccessors: .ArrayPeakSearch3

===========================================================================================
----------------- testing Tue May 21 04:22:20 UTC 2019 /home/travis/build/icyphy/ptII/ptolemy/actor/lib/test/auto/ArrayRemoveElement.xml
----------------- Instantiating /home/travis/build/icyphy/ptII/ptolemy/actor/lib/test/auto/ArrayRemoveElement.xml
2 ms. Memory: 579584K Free: 169991K (29%)
----------------- Invoking toplevel() on ptolemy.moml.MoMLSimpleApplication@53d6616f
----------------- Done invoking toplevel() on ptolemy.moml.MoMLSimpleApplication@53d6616f
reloadAllAccessors: .ArrayRemoveElement

===========================================================================================
----------------- testing Tue May 21 04:22:20 UTC 2019 /home/travis/build/icyphy/ptII/ptolemy/actor/lib/test/auto/ArraySort.xml
----------------- Instantiating /home/travis/build/icyphy/ptII/ptolemy/actor/lib/test/auto/ArraySort.xml
4 ms. Memory: 579584K Free: 157017K (27%)
----------------- Invoking toplevel() on ptolemy.moml.MoMLSimpleApplication@2489577
----------------- Done invoking toplevel() on ptolemy.moml.MoMLSimpleApplication@2489577
reloadAllAccessors: .ArraySort

===========================================================================================
----------------- testing Tue May 21 04:22:20 UTC 2019 /home/travis/build/icyphy/ptII/ptolemy/actor/lib/test/auto/ArraySum.xml
----------------- Instantiating /home/travis/build/icyphy/ptII/ptolemy/actor/lib/test/auto/ArraySum.xml
7 ms. Memory: 579584K Free: 150539K (26%)
----------------- Invoking toplevel() on ptolemy.moml.MoMLSimpleApplication@461c8acd
----------------- Done invoking toplevel() on ptolemy.moml.MoMLSimpleApplication@461c8acd
reloadAllAccessors: .ArraySum

===========================================================================================
----------------- testing Tue May 21 04:22:20 UTC 2019 /home/travis/build/icyphy/ptII/ptolemy/actor/lib/test/auto/ArrayToElements.xml
----------------- Instantiating /home/travis/build/icyphy/ptII/ptolemy/actor/lib/test/auto/ArrayToElements.xml
3 ms. Memory: 579584K Free: 132007K (23%)
----------------- Invoking toplevel() on ptolemy.moml.MoMLSimpleApplication@27291861
----------------- Done invoking toplevel() on ptolemy.moml.MoMLSimpleApplication@27291861
reloadAllAccessors: .ArrayToElements

===========================================================================================
----------------- testing Tue May 21 04:22:20 UTC 2019 /home/travis/build/icyphy/ptII/ptolemy/actor/lib/test/auto/ArrayToMatrix.xml
----------------- Instantiating /home/travis/build/icyphy/ptII/ptolemy/actor/lib/test/auto/ArrayToMatrix.xml
11 ms. Memory: 579584K Free: 115787K (20%)
----------------- Invoking toplevel() on ptolemy.moml.MoMLSimpleApplication@44f10a14
----------------- Done invoking toplevel() on ptolemy.moml.MoMLSimpleApplication@44f10a14
reloadAllAccessors: .ArrayToMatrix

===========================================================================================
----------------- testing Tue May 21 04:22:20 UTC 2019 /home/travis/build/icyphy/ptII/ptolemy/actor/lib/test/auto/ArrayUpdate1.xml
----------------- Instantiating /home/travis/build/icyphy/ptII/ptolemy/actor/lib/test/auto/ArrayUpdate1.xml
6 ms. Memory: 579584K Free: 109308K (19%)
----------------- Invoking toplevel() on ptolemy.moml.MoMLSimpleApplication@11cfeca4
----------------- Done invoking toplevel() on ptolemy.moml.MoMLSimpleApplication@11cfeca4
reloadAllAccessors: .ArrayUpdate1

===========================================================================================
----------------- testing Tue May 21 04:22:20 UTC 2019 /home/travis/build/icyphy/ptII/ptolemy/actor/lib/test/auto/ArrayUpdate2.xml
----------------- Instantiating /home/travis/build/icyphy/ptII/ptolemy/actor/lib/test/auto/ArrayUpdate2.xml
4 ms. Memory: 579584K Free: 99574K (17%)
----------------- Invoking toplevel() on ptolemy.moml.MoMLSimpleApplication@1ca9e9cf
----------------- Done invoking toplevel() on ptolemy.moml.MoMLSimpleApplication@1ca9e9cf
reloadAllAccessors: .ArrayUpdate2

===========================================================================================
----------------- testing Tue May 21 04:22:20 UTC 2019 /home/travis/build/icyphy/ptII/ptolemy/actor/lib/test/auto/ArrayUpdate3.xml
----------------- Instantiating /home/travis/build/icyphy/ptII/ptolemy/actor/lib/test/auto/ArrayUpdate3.xml
2 ms. Memory: 579584K Free: 84290K (15%)
----------------- Invoking toplevel() on ptolemy.moml.MoMLSimpleApplication@1f73c284
----------------- Done invoking toplevel() on ptolemy.moml.MoMLSimpleApplication@1f73c284
reloadAllAccessors: .ArrayUpdate3

===========================================================================================
----------------- testing Tue May 21 04:22:20 UTC 2019 /home/travis/build/icyphy/ptII/ptolemy/actor/lib/test/auto/Assert1.xml
----------------- Instantiating /home/travis/build/icyphy/ptII/ptolemy/actor/lib/test/auto/Assert1.xml
2 ms. Memory: 579584K Free: 77811K (13%)
----------------- Invoking toplevel() on ptolemy.moml.MoMLSimpleApplication@1e89b328
----------------- Done invoking toplevel() on ptolemy.moml.MoMLSimpleApplication@1e89b328
reloadAllAccessors: .Assert1

===========================================================================================
----------------- testing Tue May 21 04:22:20 UTC 2019 /home/travis/build/icyphy/ptII/ptolemy/actor/lib/test/auto/Assert2.xml
----------------- Instantiating /home/travis/build/icyphy/ptII/ptolemy/actor/lib/test/auto/Assert2.xml
6 ms. Memory: 579584K Free: 71333K (12%)
----------------- Invoking toplevel() on ptolemy.moml.MoMLSimpleApplication@42fc219
----------------- Done invoking toplevel() on ptolemy.moml.MoMLSimpleApplication@42fc219
reloadAllAccessors: .Assert2

===========================================================================================
----------------- testing Tue May 21 04:22:20 UTC 2019 /home/travis/build/icyphy/ptII/ptolemy/actor/lib/test/auto/BooleanMultiplexor.xml
----------------- Instantiating /home/travis/build/icyphy/ptII/ptolemy/actor/lib/test/auto/BooleanMultiplexor.xml
4 ms. Memory: 579584K Free: 64854K (11%)
----------------- Invoking toplevel() on ptolemy.moml.MoMLSimpleApplication@20d534e0
----------------- Done invoking toplevel() on ptolemy.moml.MoMLSimpleApplication@20d534e0
reloadAllAccessors: .BooleanMultiplexor

===========================================================================================
----------------- testing Tue May 21 04:22:20 UTC 2019 /home/travis/build/icyphy/ptII/ptolemy/actor/lib/test/auto/BooleanMultiplexor2.xml
----------------- Instantiating /home/travis/build/icyphy/ptII/ptolemy/actor/lib/test/auto/BooleanMultiplexor2.xml
8 ms. Memory: 877568K Free: 828255K (94%)
----------------- Invoking toplevel() on ptolemy.moml.MoMLSimpleApplication@3a41f49a
----------------- Done invoking toplevel() on ptolemy.moml.MoMLSimpleApplication@3a41f49a
reloadAllAccessors: .BooleanMultiplexor2

===========================================================================================
----------------- testing Tue May 21 04:22:20 UTC 2019 /home/travis/build/icyphy/ptII/ptolemy/actor/lib/test/auto/BooleanMultiplexor3.xml
----------------- Instantiating /home/travis/build/icyphy/ptII/ptolemy/actor/lib/test/auto/BooleanMultiplexor3.xml
2 ms. Memory: 877568K Free: 807351K (92%)
----------------- Invoking toplevel() on ptolemy.moml.MoMLSimpleApplication@6396d8e1
----------------- Done invoking toplevel() on ptolemy.moml.MoMLSimpleApplication@6396d8e1
reloadAllAccessors: .BooleanMultiplexor3

===========================================================================================
----------------- testing Tue May 21 04:22:20 UTC 2019 /home/travis/build/icyphy/ptII/ptolemy/actor/lib/test/auto/BooleanSelect.xml
----------------- Instantiating /home/travis/build/icyphy/ptII/ptolemy/actor/lib/test/auto/BooleanSelect.xml
6 ms. Memory: 877568K Free: 796981K (91%)
----------------- Invoking toplevel() on ptolemy.moml.MoMLSimpleApplication@3a40dea3
----------------- Done invoking toplevel() on ptolemy.moml.MoMLSimpleApplication@3a40dea3
reloadAllAccessors: .BooleanSelect

===========================================================================================
----------------- testing Tue May 21 04:22:20 UTC 2019 /home/travis/build/icyphy/ptII/ptolemy/actor/lib/test/auto/BooleanSelect2.xml
----------------- Instantiating /home/travis/build/icyphy/ptII/ptolemy/actor/lib/test/auto/BooleanSelect2.xml
1 ms. Memory: 877568K Free: 786611K (90%)
----------------- Invoking toplevel() on ptolemy.moml.MoMLSimpleApplication@1da9064f
----------------- Done invoking toplevel() on ptolemy.moml.MoMLSimpleApplication@1da9064f
reloadAllAccessors: .BooleanSelect2

===========================================================================================
----------------- testing Tue May 21 04:22:20 UTC 2019 /home/travis/build/icyphy/ptII/ptolemy/actor/lib/test/auto/BooleanSwitch.xml
----------------- Instantiating /home/travis/build/icyphy/ptII/ptolemy/actor/lib/test/auto/BooleanSwitch.xml
4 ms. Memory: 877568K Free: 776241K (88%)
----------------- Invoking toplevel() on ptolemy.moml.MoMLSimpleApplication@20d28f98
----------------- Done invoking toplevel() on ptolemy.moml.MoMLSimpleApplication@20d28f98
reloadAllAccessors: .BooleanSwitch

===========================================================================================
----------------- testing Tue May 21 04:22:20 UTC 2019 /home/travis/build/icyphy/ptII/ptolemy/actor/lib/test/auto/BooleanSwitch2.xml
----------------- Instantiating /home/travis/build/icyphy/ptII/ptolemy/actor/lib/test/auto/BooleanSwitch2.xml
4 ms. Memory: 877568K Free: 755719K (86%)
----------------- Invoking toplevel() on ptolemy.moml.MoMLSimpleApplication@12824720
----------------- Done invoking toplevel() on ptolemy.moml.MoMLSimpleApplication@12824720
reloadAllAccessors: .BooleanSwitch2

===========================================================================================
----------------- testing Tue May 21 04:22:20 UTC 2019 /home/travis/build/icyphy/ptII/ptolemy/actor/lib/test/auto/BooleanSwitchCloningBugWithClassRelationGroup.xml
----------------- Instantiating /home/travis/build/icyphy/ptII/ptolemy/actor/lib/test/auto/BooleanSwitchCloningBugWithClassRelationGroup.xml
2 ms. Memory: 877568K Free: 745349K (85%)
----------------- Invoking toplevel() on ptolemy.moml.MoMLSimpleApplication@4d51a4d0
----------------- Done invoking toplevel() on ptolemy.moml.MoMLSimpleApplication@4d51a4d0
reloadAllAccessors: .BooleanSwitchCloningBugWithClassRelationGroup

===========================================================================================
----------------- testing Tue May 21 04:22:20 UTC 2019 /home/travis/build/icyphy/ptII/ptolemy/actor/lib/test/auto/BusActors.xml
----------------- Instantiating /home/travis/build/icyphy/ptII/ptolemy/actor/lib/test/auto/BusActors.xml
8 ms. Memory: 877568K Free: 729778K (83%)
----------------- Invoking toplevel() on ptolemy.moml.MoMLSimpleApplication@612d1cb2
----------------- Done invoking toplevel() on ptolemy.moml.MoMLSimpleApplication@612d1cb2
reloadAllAccessors: .BusActors

===========================================================================================
----------------- testing Tue May 21 04:22:20 UTC 2019 /home/travis/build/icyphy/ptII/ptolemy/actor/lib/test/auto/ClassWrapper.xml
----------------- Instantiating /home/travis/build/icyphy/ptII/ptolemy/actor/lib/test/auto/ClassWrapper.xml
2 ms. Memory: 877568K Free: 719409K (82%)
----------------- Invoking toplevel() on ptolemy.moml.MoMLSimpleApplication@4858e2e2
----------------- Done invoking toplevel() on ptolemy.moml.MoMLSimpleApplication@4858e2e2
reloadAllAccessors: .ClassWrapper

===========================================================================================
----------------- testing Tue May 21 04:22:20 UTC 2019 /home/travis/build/icyphy/ptII/ptolemy/actor/lib/test/auto/Clock.xml
----------------- Instantiating /home/travis/build/icyphy/ptII/ptolemy/actor/lib/test/auto/Clock.xml
1 ms. Memory: 877568K Free: 709039K (81%)
----------------- Invoking toplevel() on ptolemy.moml.MoMLSimpleApplication@3c44dee2
----------------- Done invoking toplevel() on ptolemy.moml.MoMLSimpleApplication@3c44dee2
reloadAllAccessors: .Clock

===========================================================================================
----------------- testing Tue May 21 04:22:20 UTC 2019 /home/travis/build/icyphy/ptII/ptolemy/actor/lib/test/auto/Clock10.xml
----------------- Instantiating /home/travis/build/icyphy/ptII/ptolemy/actor/lib/test/auto/Clock10.xml
5 ms. Memory: 877568K Free: 688517K (78%)
----------------- Invoking toplevel() on ptolemy.moml.MoMLSimpleApplication@78bedef8
----------------- Done invoking toplevel() on ptolemy.moml.MoMLSimpleApplication@78bedef8
reloadAllAccessors: .Clock10

===========================================================================================
----------------- testing Tue May 21 04:22:20 UTC 2019 /home/travis/build/icyphy/ptII/ptolemy/actor/lib/test/auto/Clock11.xml
----------------- Instantiating /home/travis/build/icyphy/ptII/ptolemy/actor/lib/test/auto/Clock11.xml
2 ms. Memory: 877568K Free: 678147K (77%)
----------------- Invoking toplevel() on ptolemy.moml.MoMLSimpleApplication@d14e8b6
----------------- Done invoking toplevel() on ptolemy.moml.MoMLSimpleApplication@d14e8b6
reloadAllAccessors: .Clock11

===========================================================================================
----------------- testing Tue May 21 04:22:20 UTC 2019 /home/travis/build/icyphy/ptII/ptolemy/actor/lib/test/auto/Clock12.xml
----------------- Instantiating /home/travis/build/icyphy/ptII/ptolemy/actor/lib/test/auto/Clock12.xml
2 ms. Memory: 877568K Free: 667777K (76%)
----------------- Invoking toplevel() on ptolemy.moml.MoMLSimpleApplication@65992c7b
----------------- Done invoking toplevel() on ptolemy.moml.MoMLSimpleApplication@65992c7b
reloadAllAccessors: .Clock12

===========================================================================================
----------------- testing Tue May 21 04:22:20 UTC 2019 /home/travis/build/icyphy/ptII/ptolemy/actor/lib/test/auto/Clock13.xml
----------------- Instantiating /home/travis/build/icyphy/ptII/ptolemy/actor/lib/test/auto/Clock13.xml
2 ms. Memory: 877568K Free: 657407K (75%)
----------------- Invoking toplevel() on ptolemy.moml.MoMLSimpleApplication@6d5c60e4
----------------- Done invoking toplevel() on ptolemy.moml.MoMLSimpleApplication@6d5c60e4
reloadAllAccessors: .Clock13

===========================================================================================
----------------- testing Tue May 21 04:22:20 UTC 2019 /home/travis/build/icyphy/ptII/ptolemy/actor/lib/test/auto/Clock14.xml
----------------- Instantiating /home/travis/build/icyphy/ptII/ptolemy/actor/lib/test/auto/Clock14.xml
3 ms. Memory: 877568K Free: 636885K (73%)
----------------- Invoking toplevel() on ptolemy.moml.MoMLSimpleApplication@6675f1c1
----------------- Done invoking toplevel() on ptolemy.moml.MoMLSimpleApplication@6675f1c1
reloadAllAccessors: .Clock14

===========================================================================================
----------------- testing Tue May 21 04:22:20 UTC 2019 /home/travis/build/icyphy/ptII/ptolemy/actor/lib/test/auto/Clock15.xml
----------------- Instantiating /home/travis/build/icyphy/ptII/ptolemy/actor/lib/test/auto/Clock15.xml
5 ms. Memory: 877568K Free: 626515K (71%)
----------------- Invoking toplevel() on ptolemy.moml.MoMLSimpleApplication@383214c3
----------------- Done invoking toplevel() on ptolemy.moml.MoMLSimpleApplication@383214c3
reloadAllAccessors: .Clock15

===========================================================================================
----------------- testing Tue May 21 04:22:20 UTC 2019 /home/travis/build/icyphy/ptII/ptolemy/actor/lib/test/auto/Clock16.xml
----------------- Instantiating /home/travis/build/icyphy/ptII/ptolemy/actor/lib/test/auto/Clock16.xml
18 ms. Memory: 877568K Free: 610945K (70%)
----------------- Invoking toplevel() on ptolemy.moml.MoMLSimpleApplication@61c63813
----------------- Done invoking toplevel() on ptolemy.moml.MoMLSimpleApplication@61c63813
reloadAllAccessors: .Clock16

===========================================================================================
----------------- testing Tue May 21 04:22:20 UTC 2019 /home/travis/build/icyphy/ptII/ptolemy/actor/lib/test/auto/Clock17.xml
----------------- Instantiating /home/travis/build/icyphy/ptII/ptolemy/actor/lib/test/auto/Clock17.xml
26 ms. Memory: 877568K Free: 595374K (68%)
----------------- Invoking toplevel() on ptolemy.moml.MoMLSimpleApplication@1e603eec
----------------- Done invoking toplevel() on ptolemy.moml.MoMLSimpleApplication@1e603eec
reloadAllAccessors: .Clock17

===========================================================================================
----------------- testing Tue May 21 04:22:21 UTC 2019 /home/travis/build/icyphy/ptII/ptolemy/actor/lib/test/auto/Clock18.xml
----------------- Instantiating /home/travis/build/icyphy/ptII/ptolemy/actor/lib/test/auto/Clock18.xml
16 ms. Memory: 877568K Free: 579803K (66%)
----------------- Invoking toplevel() on ptolemy.moml.MoMLSimpleApplication@39107272
----------------- Done invoking toplevel() on ptolemy.moml.MoMLSimpleApplication@39107272
reloadAllAccessors: .Clock18

===========================================================================================
----------------- testing Tue May 21 04:22:21 UTC 2019 /home/travis/build/icyphy/ptII/ptolemy/actor/lib/test/auto/Clock19.xml
----------------- Instantiating /home/travis/build/icyphy/ptII/ptolemy/actor/lib/test/auto/Clock19.xml
9 ms. Memory: 877568K Free: 554080K (63%)
----------------- Invoking toplevel() on ptolemy.moml.MoMLSimpleApplication@7cad9f0
----------------- Done invoking toplevel() on ptolemy.moml.MoMLSimpleApplication@7cad9f0
reloadAllAccessors: .Clock19

===========================================================================================
----------------- testing Tue May 21 04:22:21 UTC 2019 /home/travis/build/icyphy/ptII/ptolemy/actor/lib/test/auto/Clock2.xml
----------------- Instantiating /home/travis/build/icyphy/ptII/ptolemy/actor/lib/test/auto/Clock2.xml
2 ms. Memory: 877568K Free: 543711K (62%)
----------------- Invoking toplevel() on ptolemy.moml.MoMLSimpleApplication@3eece8f
----------------- Done invoking toplevel() on ptolemy.moml.MoMLSimpleApplication@3eece8f
reloadAllAccessors: .Clock2

===========================================================================================
----------------- testing Tue May 21 04:22:21 UTC 2019 /home/travis/build/icyphy/ptII/ptolemy/actor/lib/test/auto/Clock20.xml
----------------- Instantiating /home/travis/build/icyphy/ptII/ptolemy/actor/lib/test/auto/Clock20.xml
11 ms. Memory: 877568K Free: 533341K (61%)
----------------- Invoking toplevel() on ptolemy.moml.MoMLSimpleApplication@255362b0
----------------- Done invoking toplevel() on ptolemy.moml.MoMLSimpleApplication@255362b0
reloadAllAccessors: .Clock20

===========================================================================================
----------------- testing Tue May 21 04:22:21 UTC 2019 /home/travis/build/icyphy/ptII/ptolemy/actor/lib/test/auto/Clock21.xml
----------------- Instantiating /home/travis/build/icyphy/ptII/ptolemy/actor/lib/test/auto/Clock21.xml
7 ms. Memory: 877568K Free: 522971K (60%)
----------------- Invoking toplevel() on ptolemy.moml.MoMLSimpleApplication@636d642
----------------- Done invoking toplevel() on ptolemy.moml.MoMLSimpleApplication@636d642
reloadAllAccessors: .Clock21

===========================================================================================
----------------- testing Tue May 21 04:22:21 UTC 2019 /home/travis/build/icyphy/ptII/ptolemy/actor/lib/test/auto/Clock22.xml
----------------- Instantiating /home/travis/build/icyphy/ptII/ptolemy/actor/lib/test/auto/Clock22.xml
3 ms. Memory: 877568K Free: 502449K (57%)
----------------- Invoking toplevel() on ptolemy.moml.MoMLSimpleApplication@55c9e1a6
----------------- Done invoking toplevel() on ptolemy.moml.MoMLSimpleApplication@55c9e1a6
reloadAllAccessors: .Clock22

===========================================================================================
----------------- testing Tue May 21 04:22:21 UTC 2019 /home/travis/build/icyphy/ptII/ptolemy/actor/lib/test/auto/Clock23.xml
----------------- Instantiating /home/travis/build/icyphy/ptII/ptolemy/actor/lib/test/auto/Clock23.xml
8 ms. Memory: 877568K Free: 492079K (56%)
----------------- Invoking toplevel() on ptolemy.moml.MoMLSimpleApplication@28acbc75
----------------- Done invoking toplevel() on ptolemy.moml.MoMLSimpleApplication@28acbc75
reloadAllAccessors: .Clock23

===========================================================================================
----------------- testing Tue May 21 04:22:21 UTC 2019 /home/travis/build/icyphy/ptII/ptolemy/actor/lib/test/auto/Clock24.xml
----------------- Instantiating /home/travis/build/icyphy/ptII/ptolemy/actor/lib/test/auto/Clock24.xml
3 ms. Memory: 877568K Free: 481709K (55%)
----------------- Invoking toplevel() on ptolemy.moml.MoMLSimpleApplication@59753f8f
----------------- Done invoking toplevel() on ptolemy.moml.MoMLSimpleApplication@59753f8f
reloadAllAccessors: .Clock24

===========================================================================================
----------------- testing Tue May 21 04:22:21 UTC 2019 /home/travis/build/icyphy/ptII/ptolemy/actor/lib/test/auto/Clock4.xml
----------------- Instantiating /home/travis/build/icyphy/ptII/ptolemy/actor/lib/test/auto/Clock4.xml
2 ms. Memory: 877568K Free: 471339K (54%)
----------------- Invoking toplevel() on ptolemy.moml.MoMLSimpleApplication@7d3dc026
----------------- Done invoking toplevel() on ptolemy.moml.MoMLSimpleApplication@7d3dc026
reloadAllAccessors: .Clock4

===========================================================================================
----------------- testing Tue May 21 04:22:21 UTC 2019 /home/travis/build/icyphy/ptII/ptolemy/actor/lib/test/auto/Clock5.xml
----------------- Instantiating /home/travis/build/icyphy/ptII/ptolemy/actor/lib/test/auto/Clock5.xml
2 ms. Memory: 877568K Free: 460970K (53%)
----------------- Invoking toplevel() on ptolemy.moml.MoMLSimpleApplication@5cb035d1
----------------- Done invoking toplevel() on ptolemy.moml.MoMLSimpleApplication@5cb035d1
reloadAllAccessors: .Clock5

===========================================================================================
----------------- testing Tue May 21 04:22:21 UTC 2019 /home/travis/build/icyphy/ptII/ptolemy/actor/lib/test/auto/Clock6.xml
----------------- Instantiating /home/travis/build/icyphy/ptII/ptolemy/actor/lib/test/auto/Clock6.xml
1 ms. Memory: 877568K Free: 440448K (50%)
----------------- Invoking toplevel() on ptolemy.moml.MoMLSimpleApplication@632ee976
----------------- Done invoking toplevel() on ptolemy.moml.MoMLSimpleApplication@632ee976
reloadAllAccessors: .Clock6

===========================================================================================
----------------- testing Tue May 21 04:22:21 UTC 2019 /home/travis/build/icyphy/ptII/ptolemy/actor/lib/test/auto/Clock7.xml
----------------- Instantiating /home/travis/build/icyphy/ptII/ptolemy/actor/lib/test/auto/Clock7.xml
3 ms. Memory: 877568K Free: 430078K (49%)
----------------- Invoking toplevel() on ptolemy.moml.MoMLSimpleApplication@755b6339
----------------- Done invoking toplevel() on ptolemy.moml.MoMLSimpleApplication@755b6339
reloadAllAccessors: .Clock7

===========================================================================================
----------------- testing Tue May 21 04:22:21 UTC 2019 /home/travis/build/icyphy/ptII/ptolemy/actor/lib/test/auto/Clock8.xml
----------------- Instantiating /home/travis/build/icyphy/ptII/ptolemy/actor/lib/test/auto/Clock8.xml
1 ms. Memory: 877568K Free: 419708K (48%)
----------------- Invoking toplevel() on ptolemy.moml.MoMLSimpleApplication@5590e856
----------------- Done invoking toplevel() on ptolemy.moml.MoMLSimpleApplication@5590e856
reloadAllAccessors: .Clock8

===========================================================================================
----------------- testing Tue May 21 04:22:21 UTC 2019 /home/travis/build/icyphy/ptII/ptolemy/actor/lib/test/auto/Clock9.xml
----------------- Instantiating /home/travis/build/icyphy/ptII/ptolemy/actor/lib/test/auto/Clock9.xml
6 ms. Memory: 877568K Free: 409338K (47%)
----------------- Invoking toplevel() on ptolemy.moml.MoMLSimpleApplication@751ba8e8
----------------- Done invoking toplevel() on ptolemy.moml.MoMLSimpleApplication@751ba8e8
reloadAllAccessors: .Clock9

===========================================================================================
----------------- testing Tue May 21 04:22:21 UTC 2019 /home/travis/build/icyphy/ptII/ptolemy/actor/lib/test/auto/CommDistDiscard.xml
----------------- Instantiating /home/travis/build/icyphy/ptII/ptolemy/actor/lib/test/auto/CommDistDiscard.xml
2 ms. Memory: 877568K Free: 388816K (44%)
----------------- Invoking toplevel() on ptolemy.moml.MoMLSimpleApplication@d895a23
----------------- Done invoking toplevel() on ptolemy.moml.MoMLSimpleApplication@d895a23
reloadAllAccessors: .CommDistDiscard

===========================================================================================
----------------- testing Tue May 21 04:22:21 UTC 2019 /home/travis/build/icyphy/ptII/ptolemy/actor/lib/test/auto/Commutator.xml
----------------- Instantiating /home/travis/build/icyphy/ptII/ptolemy/actor/lib/test/auto/Commutator.xml
1 ms. Memory: 877568K Free: 378446K (43%)
----------------- Invoking toplevel() on ptolemy.moml.MoMLSimpleApplication@1c9cd14c
----------------- Done invoking toplevel() on ptolemy.moml.MoMLSimpleApplication@1c9cd14c
reloadAllAccessors: .Commutator

===========================================================================================
----------------- testing Tue May 21 04:22:21 UTC 2019 /home/travis/build/icyphy/ptII/ptolemy/actor/lib/test/auto/Commutator2.xml
----------------- Instantiating /home/travis/build/icyphy/ptII/ptolemy/actor/lib/test/auto/Commutator2.xml
2 ms. Memory: 877568K Free: 368077K (42%)
----------------- Invoking toplevel() on ptolemy.moml.MoMLSimpleApplication@6b768cc7
----------------- Done invoking toplevel() on ptolemy.moml.MoMLSimpleApplication@6b768cc7
reloadAllAccessors: .Commutator2

===========================================================================================
----------------- testing Tue May 21 04:22:21 UTC 2019 /home/travis/build/icyphy/ptII/ptolemy/actor/lib/test/auto/Commutator3.xml
----------------- Instantiating /home/travis/build/icyphy/ptII/ptolemy/actor/lib/test/auto/Commutator3.xml
2 ms. Memory: 877568K Free: 357707K (41%)
----------------- Invoking toplevel() on ptolemy.moml.MoMLSimpleApplication@78ea7ab7
----------------- Done invoking toplevel() on ptolemy.moml.MoMLSimpleApplication@78ea7ab7
reloadAllAccessors: .Commutator3

===========================================================================================
----------------- testing Tue May 21 04:22:21 UTC 2019 /home/travis/build/icyphy/ptII/ptolemy/actor/lib/test/auto/Compare.xml
----------------- Instantiating /home/travis/build/icyphy/ptII/ptolemy/actor/lib/test/auto/Compare.xml
2 ms. Memory: 877568K Free: 347337K (40%)
----------------- Invoking toplevel() on ptolemy.moml.MoMLSimpleApplication@720ee870
----------------- Done invoking toplevel() on ptolemy.moml.MoMLSimpleApplication@720ee870
reloadAllAccessors: .Compare

===========================================================================================
----------------- testing Tue May 21 04:22:21 UTC 2019 /home/travis/build/icyphy/ptII/ptolemy/actor/lib/test/auto/CompareDE.xml
----------------- Instantiating /home/travis/build/icyphy/ptII/ptolemy/actor/lib/test/auto/CompareDE.xml
3 ms. Memory: 877568K Free: 326815K (37%)
----------------- Invoking toplevel() on ptolemy.moml.MoMLSimpleApplication@25ee238d
----------------- Done invoking toplevel() on ptolemy.moml.MoMLSimpleApplication@25ee238d
reloadAllAccessors: .CompareDE

===========================================================================================
----------------- testing Tue May 21 04:22:21 UTC 2019 /home/travis/build/icyphy/ptII/ptolemy/actor/lib/test/auto/ComplexDivide.xml
----------------- Instantiating /home/travis/build/icyphy/ptII/ptolemy/actor/lib/test/auto/ComplexDivide.xml
2 ms. Memory: 877568K Free: 316445K (36%)
----------------- Invoking toplevel() on ptolemy.moml.MoMLSimpleApplication@6affd14
----------------- Done invoking toplevel() on ptolemy.moml.MoMLSimpleApplication@6affd14
reloadAllAccessors: .ComplexDivide

===========================================================================================
----------------- testing Tue May 21 04:22:21 UTC 2019 /home/travis/build/icyphy/ptII/ptolemy/actor/lib/test/auto/ComputeHistogram.xml
----------------- Instantiating /home/travis/build/icyphy/ptII/ptolemy/actor/lib/test/auto/ComputeHistogram.xml
25 ms. Memory: 877568K Free: 300875K (34%)
----------------- Invoking toplevel() on ptolemy.moml.MoMLSimpleApplication@29e09892
----------------- Done invoking toplevel() on ptolemy.moml.MoMLSimpleApplication@29e09892
reloadAllAccessors: .ComputeHistogram

===========================================================================================
----------------- testing Tue May 21 04:22:21 UTC 2019 /home/travis/build/icyphy/ptII/ptolemy/actor/lib/test/auto/ConfigurationSelect.xml
----------------- Instantiating /home/travis/build/icyphy/ptII/ptolemy/actor/lib/test/auto/ConfigurationSelect.xml
3 ms. Memory: 877568K Free: 290505K (33%)
----------------- Invoking toplevel() on ptolemy.moml.MoMLSimpleApplication@67be9561
----------------- Done invoking toplevel() on ptolemy.moml.MoMLSimpleApplication@67be9561
reloadAllAccessors: .ConfigurationSelect

===========================================================================================
----------------- testing Tue May 21 04:22:21 UTC 2019 /home/travis/build/icyphy/ptII/ptolemy/actor/lib/test/auto/ConfigurationSelect2.xml
----------------- Instantiating /home/travis/build/icyphy/ptII/ptolemy/actor/lib/test/auto/ConfigurationSelect2.xml
1 ms. Memory: 877568K Free: 269982K (31%)
----------------- Invoking toplevel() on ptolemy.moml.MoMLSimpleApplication@45c9952a
----------------- Done invoking toplevel() on ptolemy.moml.MoMLSimpleApplication@45c9952a
reloadAllAccessors: .ConfigurationSelect2

===========================================================================================
----------------- testing Tue May 21 04:22:21 UTC 2019 /home/travis/build/icyphy/ptII/ptolemy/actor/lib/test/auto/ConfigurationSwitch.xml
----------------- Instantiating /home/travis/build/icyphy/ptII/ptolemy/actor/lib/test/auto/ConfigurationSwitch.xml
3 ms. Memory: 877568K Free: 259613K (30%)
----------------- Invoking toplevel() on ptolemy.moml.MoMLSimpleApplication@710b7ab8
----------------- Done invoking toplevel() on ptolemy.moml.MoMLSimpleApplication@710b7ab8
reloadAllAccessors: .ConfigurationSwitch

===========================================================================================
----------------- testing Tue May 21 04:22:21 UTC 2019 /home/travis/build/icyphy/ptII/ptolemy/actor/lib/test/auto/ConfigurationSwitch2.xml
----------------- Instantiating /home/travis/build/icyphy/ptII/ptolemy/actor/lib/test/auto/ConfigurationSwitch2.xml
3 ms. Memory: 877568K Free: 249243K (28%)
----------------- Invoking toplevel() on ptolemy.moml.MoMLSimpleApplication@1ebb9586
----------------- Done invoking toplevel() on ptolemy.moml.MoMLSimpleApplication@1ebb9586
reloadAllAccessors: .ConfigurationSwitch2

===========================================================================================
----------------- testing Tue May 21 04:22:21 UTC 2019 /home/travis/build/icyphy/ptII/ptolemy/actor/lib/test/auto/ConfigurationSwitchCloningBugWithClassRelationGroup.xml
----------------- Instantiating /home/travis/build/icyphy/ptII/ptolemy/actor/lib/test/auto/ConfigurationSwitchCloningBugWithClassRelationGroup.xml
1 ms. Memory: 877568K Free: 238873K (27%)
----------------- Invoking toplevel() on ptolemy.moml.MoMLSimpleApplication@1792da1b
----------------- Done invoking toplevel() on ptolemy.moml.MoMLSimpleApplication@1792da1b
reloadAllAccessors: .ConfigurationSwitchCloningBugWithClassRelationGroup

===========================================================================================
----------------- testing Tue May 21 04:22:21 UTC 2019 /home/travis/build/icyphy/ptII/ptolemy/actor/lib/test/auto/ConfigurationSwitchSelectSDF.xml
----------------- Instantiating /home/travis/build/icyphy/ptII/ptolemy/actor/lib/test/auto/ConfigurationSwitchSelectSDF.xml
3 ms. Memory: 877568K Free: 228503K (26%)
----------------- Invoking toplevel() on ptolemy.moml.MoMLSimpleApplication@7b9b4b42
----------------- Done invoking toplevel() on ptolemy.moml.MoMLSimpleApplication@7b9b4b42
reloadAllAccessors: .ConfigurationSwitchSelectSDF

===========================================================================================
----------------- testing Tue May 21 04:22:21 UTC 2019 /home/travis/build/icyphy/ptII/ptolemy/actor/lib/test/auto/ConfigurationSwitchSelectSDF2.xml
----------------- Instantiating /home/travis/build/icyphy/ptII/ptolemy/actor/lib/test/auto/ConfigurationSwitchSelectSDF2.xml
2 ms. Memory: 877568K Free: 207981K (24%)
----------------- Invoking toplevel() on ptolemy.moml.MoMLSimpleApplication@5182a7bc
----------------- Done invoking toplevel() on ptolemy.moml.MoMLSimpleApplication@5182a7bc
reloadAllAccessors: .ConfigurationSwitchSelectSDF2

===========================================================================================
----------------- testing Tue May 21 04:22:21 UTC 2019 /home/travis/build/icyphy/ptII/ptolemy/actor/lib/test/auto/Const.xml
----------------- Instantiating /home/travis/build/icyphy/ptII/ptolemy/actor/lib/test/auto/Const.xml
2 ms. Memory: 877568K Free: 197611K (23%)
----------------- Invoking toplevel() on ptolemy.moml.MoMLSimpleApplication@7aba4680
----------------- Done invoking toplevel() on ptolemy.moml.MoMLSimpleApplication@7aba4680
reloadAllAccessors: .Const

===========================================================================================
----------------- testing Tue May 21 04:22:21 UTC 2019 /home/travis/build/icyphy/ptII/ptolemy/actor/lib/test/auto/Const2.xml
----------------- Instantiating /home/travis/build/icyphy/ptII/ptolemy/actor/lib/test/auto/Const2.xml
1 ms. Memory: 877568K Free: 187242K (21%)
----------------- Invoking toplevel() on ptolemy.moml.MoMLSimpleApplication@315146fc
----------------- Done invoking toplevel() on ptolemy.moml.MoMLSimpleApplication@315146fc
reloadAllAccessors: .Const2

===========================================================================================
----------------- testing Tue May 21 04:22:21 UTC 2019 /home/travis/build/icyphy/ptII/ptolemy/actor/lib/test/auto/Const3.xml
----------------- Instantiating /home/travis/build/icyphy/ptII/ptolemy/actor/lib/test/auto/Const3.xml
1 ms. Memory: 877568K Free: 176872K (20%)
----------------- Invoking toplevel() on ptolemy.moml.MoMLSimpleApplication@6f61d64c
----------------- Done invoking toplevel() on ptolemy.moml.MoMLSimpleApplication@6f61d64c
reloadAllAccessors: .Const3

===========================================================================================
----------------- testing Tue May 21 04:22:21 UTC 2019 /home/travis/build/icyphy/ptII/ptolemy/actor/lib/test/auto/ConstantPublisherPort1.xml
----------------- Instantiating /home/travis/build/icyphy/ptII/ptolemy/actor/lib/test/auto/ConstantPublisherPort1.xml
5 ms. Memory: 877568K Free: 151148K (17%)
----------------- Invoking toplevel() on ptolemy.moml.MoMLSimpleApplication@3e70f4a3
----------------- Done invoking toplevel() on ptolemy.moml.MoMLSimpleApplication@3e70f4a3
reloadAllAccessors: .ConstantPublisherPort1

===========================================================================================
----------------- testing Tue May 21 04:22:21 UTC 2019 /home/travis/build/icyphy/ptII/ptolemy/actor/lib/test/auto/ConstantPublisherPort2.xml
----------------- Instantiating /home/travis/build/icyphy/ptII/ptolemy/actor/lib/test/auto/ConstantPublisherPort2.xml
4 ms. Memory: 877568K Free: 140779K (16%)
----------------- Invoking toplevel() on ptolemy.moml.MoMLSimpleApplication@2ef101bf
----------------- Done invoking toplevel() on ptolemy.moml.MoMLSimpleApplication@2ef101bf
reloadAllAccessors: .ConstantPublisherPort2

===========================================================================================
----------------- testing Tue May 21 04:22:21 UTC 2019 /home/travis/build/icyphy/ptII/ptolemy/actor/lib/test/auto/ConstantPublisherPort3.xml
----------------- Instantiating /home/travis/build/icyphy/ptII/ptolemy/actor/lib/test/auto/ConstantPublisherPort3.xml
4 ms. Memory: 877568K Free: 130125K (15%)
----------------- Invoking toplevel() on ptolemy.moml.MoMLSimpleApplication@575b77c1
----------------- Done invoking toplevel() on ptolemy.moml.MoMLSimpleApplication@575b77c1
reloadAllAccessors: .ConstantPublisherPort3

===========================================================================================
----------------- testing Tue May 21 04:22:21 UTC 2019 /home/travis/build/icyphy/ptII/ptolemy/actor/lib/test/auto/ConstantPublisherPort4.xml
----------------- Instantiating /home/travis/build/icyphy/ptII/ptolemy/actor/lib/test/auto/ConstantPublisherPort4.xml
3 ms. Memory: 877568K Free: 119755K (14%)
----------------- Invoking toplevel() on ptolemy.moml.MoMLSimpleApplication@53defb45
----------------- Done invoking toplevel() on ptolemy.moml.MoMLSimpleApplication@53defb45
reloadAllAccessors: .ConstantPublisherPort4

===========================================================================================
----------------- testing Tue May 21 04:22:21 UTC 2019 /home/travis/build/icyphy/ptII/ptolemy/actor/lib/test/auto/ConstantPublisherPort5.xml
----------------- Instantiating /home/travis/build/icyphy/ptII/ptolemy/actor/lib/test/auto/ConstantPublisherPort5.xml
23 ms. Memory: 877568K Free: 83662K (10%)
----------------- Invoking toplevel() on ptolemy.moml.MoMLSimpleApplication@38700248
----------------- Done invoking toplevel() on ptolemy.moml.MoMLSimpleApplication@38700248
reloadAllAccessors: .ConstantPublisherPort5

===========================================================================================
----------------- testing Tue May 21 04:22:21 UTC 2019 /home/travis/build/icyphy/ptII/ptolemy/actor/lib/test/auto/ConstantPublisherPort6.xml
----------------- Instantiating /home/travis/build/icyphy/ptII/ptolemy/actor/lib/test/auto/ConstantPublisherPort6.xml
16 ms. Memory: 877568K Free: 58381K (7%)
----------------- Invoking toplevel() on ptolemy.moml.MoMLSimpleApplication@5ccd6701
----------------- Done invoking toplevel() on ptolemy.moml.MoMLSimpleApplication@5ccd6701
reloadAllAccessors: .ConstantPublisherPort6

===========================================================================================
----------------- testing Tue May 21 04:22:21 UTC 2019 /home/travis/build/icyphy/ptII/ptolemy/actor/lib/test/auto/ConstantPublisherPort7.xml
----------------- Instantiating /home/travis/build/icyphy/ptII/ptolemy/actor/lib/test/auto/ConstantPublisherPort7.xml
18 ms. Memory: 878592K Free: 810406K (92%)
----------------- Invoking toplevel() on ptolemy.moml.MoMLSimpleApplication@59a959fb
----------------- Done invoking toplevel() on ptolemy.moml.MoMLSimpleApplication@59a959fb
reloadAllAccessors: .ConstantPublisherPort7

===========================================================================================
----------------- testing Tue May 21 04:22:22 UTC 2019 /home/travis/build/icyphy/ptII/ptolemy/actor/lib/test/auto/ConstraintMonitor1.xml
----------------- Instantiating /home/travis/build/icyphy/ptII/ptolemy/actor/lib/test/auto/ConstraintMonitor1.xml
5 ms. Memory: 878592K Free: 792570K (90%)
----------------- Invoking toplevel() on ptolemy.moml.MoMLSimpleApplication@2b386222
----------------- Done invoking toplevel() on ptolemy.moml.MoMLSimpleApplication@2b386222
reloadAllAccessors: .ConstraintMonitor1

===========================================================================================
----------------- testing Tue May 21 04:22:22 UTC 2019 /home/travis/build/icyphy/ptII/ptolemy/actor/lib/test/auto/ConstraintMonitor2.xml
----------------- Instantiating /home/travis/build/icyphy/ptII/ptolemy/actor/lib/test/auto/ConstraintMonitor2.xml
4 ms. Memory: 878592K Free: 782200K (89%)
----------------- Invoking toplevel() on ptolemy.moml.MoMLSimpleApplication@18a3a9ee
----------------- Done invoking toplevel() on ptolemy.moml.MoMLSimpleApplication@18a3a9ee
reloadAllAccessors: .ConstraintMonitor2

===========================================================================================
----------------- testing Tue May 21 04:22:22 UTC 2019 /home/travis/build/icyphy/ptII/ptolemy/actor/lib/test/auto/ConstraintMonitor3.xml
----------------- Instantiating /home/travis/build/icyphy/ptII/ptolemy/actor/lib/test/auto/ConstraintMonitor3.xml
2 ms. Memory: 878592K Free: 771830K (88%)
----------------- Invoking toplevel() on ptolemy.moml.MoMLSimpleApplication@571d3d39
----------------- Done invoking toplevel() on ptolemy.moml.MoMLSimpleApplication@571d3d39
reloadAllAccessors: .ConstraintMonitor3

===========================================================================================
----------------- testing Tue May 21 04:22:22 UTC 2019 /home/travis/build/icyphy/ptII/ptolemy/actor/lib/test/auto/ConstraintMonitor4.xml
----------------- Instantiating /home/travis/build/icyphy/ptII/ptolemy/actor/lib/test/auto/ConstraintMonitor4.xml
2 ms. Memory: 878592K Free: 753994K (86%)
----------------- Invoking toplevel() on ptolemy.moml.MoMLSimpleApplication@5e238dd7
----------------- Done invoking toplevel() on ptolemy.moml.MoMLSimpleApplication@5e238dd7
reloadAllAccessors: .ConstraintMonitor4

===========================================================================================
----------------- testing Tue May 21 04:22:22 UTC 2019 /home/travis/build/icyphy/ptII/ptolemy/actor/lib/test/auto/ConstraintMonitor5.xml
----------------- Instantiating /home/travis/build/icyphy/ptII/ptolemy/actor/lib/test/auto/ConstraintMonitor5.xml
5 ms. Memory: 878592K Free: 743624K (85%)
----------------- Invoking toplevel() on ptolemy.moml.MoMLSimpleApplication@5d92fd08
----------------- Done invoking toplevel() on ptolemy.moml.MoMLSimpleApplication@5d92fd08
reloadAllAccessors: .ConstraintMonitor5

===========================================================================================
----------------- testing Tue May 21 04:22:22 UTC 2019 /home/travis/build/icyphy/ptII/ptolemy/actor/lib/test/auto/ConstraintMonitor6.xml
----------------- Instantiating /home/travis/build/icyphy/ptII/ptolemy/actor/lib/test/auto/ConstraintMonitor6.xml
6 ms. Memory: 878592K Free: 733255K (83%)
----------------- Invoking toplevel() on ptolemy.moml.MoMLSimpleApplication@2c1f2fc2
----------------- Done invoking toplevel() on ptolemy.moml.MoMLSimpleApplication@2c1f2fc2
reloadAllAccessors: .ConstraintMonitor6

===========================================================================================
----------------- testing Tue May 21 04:22:22 UTC 2019 /home/travis/build/icyphy/ptII/ptolemy/actor/lib/test/auto/ConstraintMonitor7.xml
----------------- Instantiating /home/travis/build/icyphy/ptII/ptolemy/actor/lib/test/auto/ConstraintMonitor7.xml
7 ms. Memory: 878592K Free: 715419K (81%)
----------------- Invoking toplevel() on ptolemy.moml.MoMLSimpleApplication@6f866f2a
----------------- Done invoking toplevel() on ptolemy.moml.MoMLSimpleApplication@6f866f2a
reloadAllAccessors: .ConstraintMonitor7

===========================================================================================
----------------- testing Tue May 21 04:22:22 UTC 2019 /home/travis/build/icyphy/ptII/ptolemy/actor/lib/test/auto/ConstraintMonitor8.xml
----------------- Instantiating /home/travis/build/icyphy/ptII/ptolemy/actor/lib/test/auto/ConstraintMonitor8.xml
3 ms. Memory: 878592K Free: 705049K (80%)
----------------- Invoking toplevel() on ptolemy.moml.MoMLSimpleApplication@9638e9e
----------------- Done invoking toplevel() on ptolemy.moml.MoMLSimpleApplication@9638e9e
reloadAllAccessors: .ConstraintMonitor8

===========================================================================================
----------------- testing Tue May 21 04:22:22 UTC 2019 /home/travis/build/icyphy/ptII/ptolemy/actor/lib/test/auto/Counter.xml
----------------- Instantiating /home/travis/build/icyphy/ptII/ptolemy/actor/lib/test/auto/Counter.xml
2 ms. Memory: 878592K Free: 694679K (79%)
----------------- Invoking toplevel() on ptolemy.moml.MoMLSimpleApplication@50510ec2
----------------- Done invoking toplevel() on ptolemy.moml.MoMLSimpleApplication@50510ec2
reloadAllAccessors: .Counter

===========================================================================================
----------------- testing Tue May 21 04:22:22 UTC 2019 /home/travis/build/icyphy/ptII/ptolemy/actor/lib/test/auto/CurrentTimeSDF.xml
----------------- Instantiating /home/travis/build/icyphy/ptII/ptolemy/actor/lib/test/auto/CurrentTimeSDF.xml
1 ms. Memory: 878592K Free: 676843K (77%)
----------------- Invoking toplevel() on ptolemy.moml.MoMLSimpleApplication@2e90302f
----------------- Done invoking toplevel() on ptolemy.moml.MoMLSimpleApplication@2e90302f
reloadAllAccessors: .CurrentTimeSDF

===========================================================================================
----------------- testing Tue May 21 04:22:22 UTC 2019 /home/travis/build/icyphy/ptII/ptolemy/actor/lib/test/auto/DB.xml
----------------- Instantiating /home/travis/build/icyphy/ptII/ptolemy/actor/lib/test/auto/DB.xml
2 ms. Memory: 878592K Free: 666473K (76%)
----------------- Invoking toplevel() on ptolemy.moml.MoMLSimpleApplication@dfb7ef1
----------------- Done invoking toplevel() on ptolemy.moml.MoMLSimpleApplication@dfb7ef1
reloadAllAccessors: .DB

===========================================================================================
----------------- testing Tue May 21 04:22:22 UTC 2019 /home/travis/build/icyphy/ptII/ptolemy/actor/lib/test/auto/DBDE.xml
----------------- Instantiating /home/travis/build/icyphy/ptII/ptolemy/actor/lib/test/auto/DBDE.xml
2 ms. Memory: 878592K Free: 656104K (75%)
----------------- Invoking toplevel() on ptolemy.moml.MoMLSimpleApplication@2bb36c6e
----------------- Done invoking toplevel() on ptolemy.moml.MoMLSimpleApplication@2bb36c6e
reloadAllAccessors: .DBDE

===========================================================================================
----------------- testing Tue May 21 04:22:22 UTC 2019 /home/travis/build/icyphy/ptII/ptolemy/actor/lib/test/auto/DateConstructor.xml
----------------- Instantiating /home/travis/build/icyphy/ptII/ptolemy/actor/lib/test/auto/DateConstructor.xml
11 ms. Memory: 878592K Free: 627882K (71%)
----------------- Invoking toplevel() on ptolemy.moml.MoMLSimpleApplication@23ebfa75
----------------- Done invoking toplevel() on ptolemy.moml.MoMLSimpleApplication@23ebfa75
reloadAllAccessors: .DateConstructor

===========================================================================================
----------------- testing Tue May 21 04:22:22 UTC 2019 /home/travis/build/icyphy/ptII/ptolemy/actor/lib/test/auto/DelayTime.xml
----------------- Instantiating /home/travis/build/icyphy/ptII/ptolemy/actor/lib/test/auto/DelayTime.xml
3 ms. Memory: 878592K Free: 617512K (70%)
----------------- Invoking toplevel() on ptolemy.moml.MoMLSimpleApplication@642552d3
----------------- Done invoking toplevel() on ptolemy.moml.MoMLSimpleApplication@642552d3
reloadAllAccessors: .DelayTime

===========================================================================================
----------------- testing Tue May 21 04:22:22 UTC 2019 /home/travis/build/icyphy/ptII/ptolemy/actor/lib/test/auto/Dictionary1.xml
----------------- Instantiating /home/travis/build/icyphy/ptII/ptolemy/actor/lib/test/auto/Dictionary1.xml
2 ms. Memory: 878592K Free: 607142K (69%)
----------------- Invoking toplevel() on ptolemy.moml.MoMLSimpleApplication@3591278e
----------------- Done invoking toplevel() on ptolemy.moml.MoMLSimpleApplication@3591278e
reloadAllAccessors: .Dictionary1

===========================================================================================
----------------- testing Tue May 21 04:22:22 UTC 2019 /home/travis/build/icyphy/ptII/ptolemy/actor/lib/test/auto/Dictionary2.xml
----------------- Instantiating /home/travis/build/icyphy/ptII/ptolemy/actor/lib/test/auto/Dictionary2.xml
1 ms. Memory: 878592K Free: 596773K (68%)
----------------- Invoking toplevel() on ptolemy.moml.MoMLSimpleApplication@35043deb
----------------- Done invoking toplevel() on ptolemy.moml.MoMLSimpleApplication@35043deb
reloadAllAccessors: .Dictionary2

===========================================================================================
----------------- testing Tue May 21 04:22:22 UTC 2019 /home/travis/build/icyphy/ptII/ptolemy/actor/lib/test/auto/Dictionary3.xml
----------------- Instantiating /home/travis/build/icyphy/ptII/ptolemy/actor/lib/test/auto/Dictionary3.xml
1 ms. Memory: 878592K Free: 578937K (66%)
----------------- Invoking toplevel() on ptolemy.moml.MoMLSimpleApplication@1f88375f
----------------- Done invoking toplevel() on ptolemy.moml.MoMLSimpleApplication@1f88375f
reloadAllAccessors: .Dictionary3

===========================================================================================
----------------- testing Tue May 21 04:22:22 UTC 2019 /home/travis/build/icyphy/ptII/ptolemy/actor/lib/test/auto/Dictionary4.xml
----------------- Instantiating /home/travis/build/icyphy/ptII/ptolemy/actor/lib/test/auto/Dictionary4.xml
2 ms. Memory: 878592K Free: 568567K (65%)
----------------- Invoking toplevel() on ptolemy.moml.MoMLSimpleApplication@71b83c78
----------------- Done invoking toplevel() on ptolemy.moml.MoMLSimpleApplication@71b83c78
reloadAllAccessors: .Dictionary4

===========================================================================================
----------------- testing Tue May 21 04:22:22 UTC 2019 /home/travis/build/icyphy/ptII/ptolemy/actor/lib/test/auto/Differential.xml
----------------- Instantiating /home/travis/build/icyphy/ptII/ptolemy/actor/lib/test/auto/Differential.xml
1 ms. Memory: 878592K Free: 558197K (64%)
----------------- Invoking toplevel() on ptolemy.moml.MoMLSimpleApplication@5f5a5f7e
----------------- Done invoking toplevel() on ptolemy.moml.MoMLSimpleApplication@5f5a5f7e
reloadAllAccessors: .Differential

===========================================================================================
----------------- testing Tue May 21 04:22:22 UTC 2019 /home/travis/build/icyphy/ptII/ptolemy/actor/lib/test/auto/Director.xml
----------------- Instantiating /home/travis/build/icyphy/ptII/ptolemy/actor/lib/test/auto/Director.xml
2 ms. Memory: 878592K Free: 540361K (62%)
----------------- Invoking toplevel() on ptolemy.moml.MoMLSimpleApplication@5786b4c0
----------------- Done invoking toplevel() on ptolemy.moml.MoMLSimpleApplication@5786b4c0
reloadAllAccessors: .Director

===========================================================================================
----------------- testing Tue May 21 04:22:22 UTC 2019 /home/travis/build/icyphy/ptII/ptolemy/actor/lib/test/auto/DiscreteClock.xml
----------------- Instantiating /home/travis/build/icyphy/ptII/ptolemy/actor/lib/test/auto/DiscreteClock.xml
1 ms. Memory: 878592K Free: 529992K (60%)
----------------- Invoking toplevel() on ptolemy.moml.MoMLSimpleApplication@5a4d6f37
----------------- Done invoking toplevel() on ptolemy.moml.MoMLSimpleApplication@5a4d6f37
reloadAllAccessors: .DiscreteClock

===========================================================================================
----------------- testing Tue May 21 04:22:22 UTC 2019 /home/travis/build/icyphy/ptII/ptolemy/actor/lib/test/auto/DiscreteClock10.xml
----------------- Instantiating /home/travis/build/icyphy/ptII/ptolemy/actor/lib/test/auto/DiscreteClock10.xml
2 ms. Memory: 878592K Free: 519622K (59%)
----------------- Invoking toplevel() on ptolemy.moml.MoMLSimpleApplication@1857ccb4
----------------- Done invoking toplevel() on ptolemy.moml.MoMLSimpleApplication@1857ccb4
reloadAllAccessors: .DiscreteClock10

===========================================================================================
----------------- testing Tue May 21 04:22:22 UTC 2019 /home/travis/build/icyphy/ptII/ptolemy/actor/lib/test/auto/DiscreteClock11.xml
----------------- Instantiating /home/travis/build/icyphy/ptII/ptolemy/actor/lib/test/auto/DiscreteClock11.xml
2 ms. Memory: 878592K Free: 501786K (57%)
----------------- Invoking toplevel() on ptolemy.moml.MoMLSimpleApplication@1c4b58a
----------------- Done invoking toplevel() on ptolemy.moml.MoMLSimpleApplication@1c4b58a
reloadAllAccessors: .DiscreteClock11

===========================================================================================
----------------- testing Tue May 21 04:22:22 UTC 2019 /home/travis/build/icyphy/ptII/ptolemy/actor/lib/test/auto/DiscreteClock12.xml
----------------- Instantiating /home/travis/build/icyphy/ptII/ptolemy/actor/lib/test/auto/DiscreteClock12.xml
2 ms. Memory: 878592K Free: 491416K (56%)
----------------- Invoking toplevel() on ptolemy.moml.MoMLSimpleApplication@1d05149
----------------- Done invoking toplevel() on ptolemy.moml.MoMLSimpleApplication@1d05149
reloadAllAccessors: .DiscreteClock12

===========================================================================================
----------------- testing Tue May 21 04:22:22 UTC 2019 /home/travis/build/icyphy/ptII/ptolemy/actor/lib/test/auto/DiscreteClock13.xml
----------------- Instantiating /home/travis/build/icyphy/ptII/ptolemy/actor/lib/test/auto/DiscreteClock13.xml
6 ms. Memory: 878592K Free: 481046K (55%)
----------------- Invoking toplevel() on ptolemy.moml.MoMLSimpleApplication@6175bfa4
----------------- Done invoking toplevel() on ptolemy.moml.MoMLSimpleApplication@6175bfa4
reloadAllAccessors: .DiscreteClock13

===========================================================================================
----------------- testing Tue May 21 04:22:22 UTC 2019 /home/travis/build/icyphy/ptII/ptolemy/actor/lib/test/auto/DiscreteClock14.xml
----------------- Instantiating /home/travis/build/icyphy/ptII/ptolemy/actor/lib/test/auto/DiscreteClock14.xml
2 ms. Memory: 878592K Free: 463210K (53%)
----------------- Invoking toplevel() on ptolemy.moml.MoMLSimpleApplication@c1fa1bb
----------------- Done invoking toplevel() on ptolemy.moml.MoMLSimpleApplication@c1fa1bb
reloadAllAccessors: .DiscreteClock14

===========================================================================================
----------------- testing Tue May 21 04:22:22 UTC 2019 /home/travis/build/icyphy/ptII/ptolemy/actor/lib/test/auto/DiscreteClock15.xml
----------------- Instantiating /home/travis/build/icyphy/ptII/ptolemy/actor/lib/test/auto/DiscreteClock15.xml
2 ms. Memory: 878592K Free: 452840K (52%)
----------------- Invoking toplevel() on ptolemy.moml.MoMLSimpleApplication@2a7809aa
----------------- Done invoking toplevel() on ptolemy.moml.MoMLSimpleApplication@2a7809aa
reloadAllAccessors: .DiscreteClock15

===========================================================================================
----------------- testing Tue May 21 04:22:22 UTC 2019 /home/travis/build/icyphy/ptII/ptolemy/actor/lib/test/auto/DiscreteClock16.xml
----------------- Instantiating /home/travis/build/icyphy/ptII/ptolemy/actor/lib/test/auto/DiscreteClock16.xml
9 ms. Memory: 878592K Free: 437270K (50%)
----------------- Invoking toplevel() on ptolemy.moml.MoMLSimpleApplication@716a41f9
----------------- Done invoking toplevel() on ptolemy.moml.MoMLSimpleApplication@716a41f9
reloadAllAccessors: .DiscreteClock16

===========================================================================================
----------------- testing Tue May 21 04:22:22 UTC 2019 /home/travis/build/icyphy/ptII/ptolemy/actor/lib/test/auto/DiscreteClock17.xml
----------------- Instantiating /home/travis/build/icyphy/ptII/ptolemy/actor/lib/test/auto/DiscreteClock17.xml
11 ms. Memory: 878592K Free: 421715K (48%)
----------------- Invoking toplevel() on ptolemy.moml.MoMLSimpleApplication@5cb8b6f1
----------------- Done invoking toplevel() on ptolemy.moml.MoMLSimpleApplication@5cb8b6f1
reloadAllAccessors: .DiscreteClock17

===========================================================================================
----------------- testing Tue May 21 04:22:22 UTC 2019 /home/travis/build/icyphy/ptII/ptolemy/actor/lib/test/auto/DiscreteClock18.xml
----------------- Instantiating /home/travis/build/icyphy/ptII/ptolemy/actor/lib/test/auto/DiscreteClock18.xml
8 ms. Memory: 878592K Free: 398694K (45%)
----------------- Invoking toplevel() on ptolemy.moml.MoMLSimpleApplication@183e3733
----------------- Done invoking toplevel() on ptolemy.moml.MoMLSimpleApplication@183e3733
reloadAllAccessors: .DiscreteClock18

===========================================================================================
----------------- testing Tue May 21 04:22:22 UTC 2019 /home/travis/build/icyphy/ptII/ptolemy/actor/lib/test/auto/DiscreteClock19.xml
----------------- Instantiating /home/travis/build/icyphy/ptII/ptolemy/actor/lib/test/auto/DiscreteClock19.xml
9 ms. Memory: 878592K Free: 383131K (44%)
----------------- Invoking toplevel() on ptolemy.moml.MoMLSimpleApplication@1ff445bb
----------------- Done invoking toplevel() on ptolemy.moml.MoMLSimpleApplication@1ff445bb
reloadAllAccessors: .DiscreteClock19

===========================================================================================
----------------- testing Tue May 21 04:22:22 UTC 2019 /home/travis/build/icyphy/ptII/ptolemy/actor/lib/test/auto/DiscreteClock2.xml
----------------- Instantiating /home/travis/build/icyphy/ptII/ptolemy/actor/lib/test/auto/DiscreteClock2.xml
5 ms. Memory: 878592K Free: 372761K (42%)
----------------- Invoking toplevel() on ptolemy.moml.MoMLSimpleApplication@4440c2de
----------------- Done invoking toplevel() on ptolemy.moml.MoMLSimpleApplication@4440c2de
reloadAllAccessors: .DiscreteClock2

===========================================================================================
----------------- testing Tue May 21 04:22:22 UTC 2019 /home/travis/build/icyphy/ptII/ptolemy/actor/lib/test/auto/DiscreteClock20.xml
----------------- Instantiating /home/travis/build/icyphy/ptII/ptolemy/actor/lib/test/auto/DiscreteClock20.xml
3 ms. Memory: 878592K Free: 354926K (40%)
----------------- Invoking toplevel() on ptolemy.moml.MoMLSimpleApplication@35fdbd2e
----------------- Done invoking toplevel() on ptolemy.moml.MoMLSimpleApplication@35fdbd2e
reloadAllAccessors: .DiscreteClock20

===========================================================================================
----------------- testing Tue May 21 04:22:22 UTC 2019 /home/travis/build/icyphy/ptII/ptolemy/actor/lib/test/auto/DiscreteClock21.xml
----------------- Instantiating /home/travis/build/icyphy/ptII/ptolemy/actor/lib/test/auto/DiscreteClock21.xml
6 ms. Memory: 878592K Free: 344556K (39%)
----------------- Invoking toplevel() on ptolemy.moml.MoMLSimpleApplication@7cb1c9c
----------------- Done invoking toplevel() on ptolemy.moml.MoMLSimpleApplication@7cb1c9c
reloadAllAccessors: .DiscreteClock21

===========================================================================================
----------------- testing Tue May 21 04:22:22 UTC 2019 /home/travis/build/icyphy/ptII/ptolemy/actor/lib/test/auto/DiscreteClock22.xml
----------------- Instantiating /home/travis/build/icyphy/ptII/ptolemy/actor/lib/test/auto/DiscreteClock22.xml
6 ms. Memory: 878592K Free: 334186K (38%)
----------------- Invoking toplevel() on ptolemy.moml.MoMLSimpleApplication@337e09c6
----------------- Done invoking toplevel() on ptolemy.moml.MoMLSimpleApplication@337e09c6
reloadAllAccessors: .DiscreteClock22

===========================================================================================
----------------- testing Tue May 21 04:22:22 UTC 2019 /home/travis/build/icyphy/ptII/ptolemy/actor/lib/test/auto/DiscreteClock23.xml
----------------- Instantiating /home/travis/build/icyphy/ptII/ptolemy/actor/lib/test/auto/DiscreteClock23.xml
6 ms. Memory: 878592K Free: 316350K (36%)
----------------- Invoking toplevel() on ptolemy.moml.MoMLSimpleApplication@21a2145b
----------------- Done invoking toplevel() on ptolemy.moml.MoMLSimpleApplication@21a2145b
reloadAllAccessors: .DiscreteClock23

===========================================================================================
----------------- testing Tue May 21 04:22:22 UTC 2019 /home/travis/build/icyphy/ptII/ptolemy/actor/lib/test/auto/DiscreteClock24.xml
----------------- Instantiating /home/travis/build/icyphy/ptII/ptolemy/actor/lib/test/auto/DiscreteClock24.xml
6 ms. Memory: 878592K Free: 305980K (35%)
----------------- Invoking toplevel() on ptolemy.moml.MoMLSimpleApplication@77882c7d
----------------- Done invoking toplevel() on ptolemy.moml.MoMLSimpleApplication@77882c7d
reloadAllAccessors: .DiscreteClock24

===========================================================================================
----------------- testing Tue May 21 04:22:22 UTC 2019 /home/travis/build/icyphy/ptII/ptolemy/actor/lib/test/auto/DiscreteClock4.xml
----------------- Instantiating /home/travis/build/icyphy/ptII/ptolemy/actor/lib/test/auto/DiscreteClock4.xml
2 ms. Memory: 878592K Free: 295611K (34%)
----------------- Invoking toplevel() on ptolemy.moml.MoMLSimpleApplication@792b55c5
----------------- Done invoking toplevel() on ptolemy.moml.MoMLSimpleApplication@792b55c5
reloadAllAccessors: .DiscreteClock4

===========================================================================================
----------------- testing Tue May 21 04:22:22 UTC 2019 /home/travis/build/icyphy/ptII/ptolemy/actor/lib/test/auto/DiscreteClock5.xml
----------------- Instantiating /home/travis/build/icyphy/ptII/ptolemy/actor/lib/test/auto/DiscreteClock5.xml
1 ms. Memory: 878592K Free: 277775K (32%)
----------------- Invoking toplevel() on ptolemy.moml.MoMLSimpleApplication@5c3b0802
----------------- Done invoking toplevel() on ptolemy.moml.MoMLSimpleApplication@5c3b0802
reloadAllAccessors: .DiscreteClock5

===========================================================================================
----------------- testing Tue May 21 04:22:22 UTC 2019 /home/travis/build/icyphy/ptII/ptolemy/actor/lib/test/auto/DiscreteClock6.xml
----------------- Instantiating /home/travis/build/icyphy/ptII/ptolemy/actor/lib/test/auto/DiscreteClock6.xml
2 ms. Memory: 878592K Free: 267405K (30%)
----------------- Invoking toplevel() on ptolemy.moml.MoMLSimpleApplication@3ce49b54
----------------- Done invoking toplevel() on ptolemy.moml.MoMLSimpleApplication@3ce49b54
reloadAllAccessors: .DiscreteClock6

===========================================================================================
----------------- testing Tue May 21 04:22:22 UTC 2019 /home/travis/build/icyphy/ptII/ptolemy/actor/lib/test/auto/DiscreteClock7.xml
----------------- Instantiating /home/travis/build/icyphy/ptII/ptolemy/actor/lib/test/auto/DiscreteClock7.xml
2 ms. Memory: 878592K Free: 257035K (29%)
----------------- Invoking toplevel() on ptolemy.moml.MoMLSimpleApplication@450e85db
----------------- Done invoking toplevel() on ptolemy.moml.MoMLSimpleApplication@450e85db
reloadAllAccessors: .DiscreteClock7

===========================================================================================
----------------- testing Tue May 21 04:22:22 UTC 2019 /home/travis/build/icyphy/ptII/ptolemy/actor/lib/test/auto/DiscreteClock8.xml
----------------- Instantiating /home/travis/build/icyphy/ptII/ptolemy/actor/lib/test/auto/DiscreteClock8.xml
5 ms. Memory: 878592K Free: 239199K (27%)
----------------- Invoking toplevel() on ptolemy.moml.MoMLSimpleApplication@2b367e58
----------------- Done invoking toplevel() on ptolemy.moml.MoMLSimpleApplication@2b367e58
reloadAllAccessors: .DiscreteClock8

===========================================================================================
----------------- testing Tue May 21 04:22:22 UTC 2019 /home/travis/build/icyphy/ptII/ptolemy/actor/lib/test/auto/DiscreteClock9.xml
----------------- Instantiating /home/travis/build/icyphy/ptII/ptolemy/actor/lib/test/auto/DiscreteClock9.xml
6 ms. Memory: 878592K Free: 228829K (26%)
----------------- Invoking toplevel() on ptolemy.moml.MoMLSimpleApplication@13cdc893
----------------- Done invoking toplevel() on ptolemy.moml.MoMLSimpleApplication@13cdc893
reloadAllAccessors: .DiscreteClock9

===========================================================================================
----------------- testing Tue May 21 04:22:22 UTC 2019 /home/travis/build/icyphy/ptII/ptolemy/actor/lib/test/auto/DisplayArray.xml
----------------- Instantiating /home/travis/build/icyphy/ptII/ptolemy/actor/lib/test/auto/DisplayArray.xml
1 ms. Memory: 878592K Free: 218460K (25%)
----------------- Invoking toplevel() on ptolemy.moml.MoMLSimpleApplication@75e2eebd
----------------- Done invoking toplevel() on ptolemy.moml.MoMLSimpleApplication@75e2eebd
reloadAllAccessors: .DisplayArray

===========================================================================================
----------------- testing Tue May 21 04:22:22 UTC 2019 /home/travis/build/icyphy/ptII/ptolemy/actor/lib/test/auto/Distributor.xml
----------------- Instantiating /home/travis/build/icyphy/ptII/ptolemy/actor/lib/test/auto/Distributor.xml
2 ms. Memory: 878592K Free: 200624K (23%)
----------------- Invoking toplevel() on ptolemy.moml.MoMLSimpleApplication@de5c3f4
----------------- Done invoking toplevel() on ptolemy.moml.MoMLSimpleApplication@de5c3f4
reloadAllAccessors: .Distributor

===========================================================================================
----------------- testing Tue May 21 04:22:22 UTC 2019 /home/travis/build/icyphy/ptII/ptolemy/actor/lib/test/auto/Distributor2.xml
----------------- Instantiating /home/travis/build/icyphy/ptII/ptolemy/actor/lib/test/auto/Distributor2.xml
1 ms. Memory: 878592K Free: 190254K (22%)
----------------- Invoking toplevel() on ptolemy.moml.MoMLSimpleApplication@56f3a56f
----------------- Done invoking toplevel() on ptolemy.moml.MoMLSimpleApplication@56f3a56f
reloadAllAccessors: .Distributor2

===========================================================================================
----------------- testing Tue May 21 04:22:22 UTC 2019 /home/travis/build/icyphy/ptII/ptolemy/actor/lib/test/auto/DownSample.xml
----------------- Instantiating /home/travis/build/icyphy/ptII/ptolemy/actor/lib/test/auto/DownSample.xml
2 ms. Memory: 1363968K Free: 1300263K (95%)
----------------- Invoking toplevel() on ptolemy.moml.MoMLSimpleApplication@c22657c
----------------- Done invoking toplevel() on ptolemy.moml.MoMLSimpleApplication@c22657c
reloadAllAccessors: .DownSample

===========================================================================================
----------------- testing Tue May 21 04:22:23 UTC 2019 /home/travis/build/icyphy/ptII/ptolemy/actor/lib/test/auto/ElectronicUnitBase1.xml
----------------- Instantiating /home/travis/build/icyphy/ptII/ptolemy/actor/lib/test/auto/ElectronicUnitBase1.xml
32 ms. Memory: 1363968K Free: 1266148K (93%)
----------------- Invoking toplevel() on ptolemy.moml.MoMLSimpleApplication@212ee9b
----------------- Done invoking toplevel() on ptolemy.moml.MoMLSimpleApplication@212ee9b
reloadAllAccessors: .ElectronicUnitBase1

===========================================================================================
----------------- testing Tue May 21 04:22:23 UTC 2019 /home/travis/build/icyphy/ptII/ptolemy/actor/lib/test/auto/ElementsToArray.xml
----------------- Instantiating /home/travis/build/icyphy/ptII/ptolemy/actor/lib/test/auto/ElementsToArray.xml
2 ms. Memory: 1363968K Free: 1249560K (92%)
----------------- Invoking toplevel() on ptolemy.moml.MoMLSimpleApplication@6bab4525
----------------- Done invoking toplevel() on ptolemy.moml.MoMLSimpleApplication@6bab4525
reloadAllAccessors: .ElementsToArray

===========================================================================================
----------------- testing Tue May 21 04:22:23 UTC 2019 /home/travis/build/icyphy/ptII/ptolemy/actor/lib/test/auto/Equals.xml
----------------- Instantiating /home/travis/build/icyphy/ptII/ptolemy/actor/lib/test/auto/Equals.xml
2 ms. Memory: 1363968K Free: 1232971K (90%)
----------------- Invoking toplevel() on ptolemy.moml.MoMLSimpleApplication@6139989e
----------------- Done invoking toplevel() on ptolemy.moml.MoMLSimpleApplication@6139989e
reloadAllAccessors: .Equals

===========================================================================================
----------------- testing Tue May 21 04:22:23 UTC 2019 /home/travis/build/icyphy/ptII/ptolemy/actor/lib/test/auto/Exec.xml
----------------- Instantiating /home/travis/build/icyphy/ptII/ptolemy/actor/lib/test/auto/Exec.xml
8 ms. Memory: 1363968K Free: 1178128K (86%)
----------------- Invoking toplevel() on ptolemy.moml.MoMLSimpleApplication@68665c8c
----------------- Done invoking toplevel() on ptolemy.moml.MoMLSimpleApplication@68665c8c
reloadAllAccessors: .Exec

===========================================================================================
----------------- testing Tue May 21 04:22:23 UTC 2019 /home/travis/build/icyphy/ptII/ptolemy/actor/lib/test/auto/ExecEnvironment.xml
----------------- Instantiating /home/travis/build/icyphy/ptII/ptolemy/actor/lib/test/auto/ExecEnvironment.xml
31 ms. Memory: 1363968K Free: 1136655K (83%)
----------------- Invoking toplevel() on ptolemy.moml.MoMLSimpleApplication@5bb7ab69
----------------- Done invoking toplevel() on ptolemy.moml.MoMLSimpleApplication@5bb7ab69
reloadAllAccessors: .ExecEnvironment

===========================================================================================
----------------- testing Tue May 21 04:22:23 UTC 2019 /home/travis/build/icyphy/ptII/ptolemy/actor/lib/test/auto/ExecNonZeroReturnOutput.xml
----------------- Instantiating /home/travis/build/icyphy/ptII/ptolemy/actor/lib/test/auto/ExecNonZeroReturnOutput.xml
137 ms. Memory: 1363968K Free: 1012238K (74%)
----------------- Invoking toplevel() on ptolemy.moml.MoMLSimpleApplication@4484fbb2
----------------- Done invoking toplevel() on ptolemy.moml.MoMLSimpleApplication@4484fbb2
reloadAllAccessors: .ExecNonZeroReturnOutput

===========================================================================================
----------------- testing Tue May 21 04:22:23 UTC 2019 /home/travis/build/icyphy/ptII/ptolemy/actor/lib/test/auto/ExecRunDemos.xml
----------------- Instantiating /home/travis/build/icyphy/ptII/ptolemy/actor/lib/test/auto/ExecRunDemos.xml
Finished: 35 ms. Memory: 116224K Free: 100562K (87%)

Finished: 34 ms. Memory: 116224K Free: 97678K (84%)

Finished: 78 ms. Memory: 116224K Free: 98220K (85%)

Finished: 65 ms. Memory: 116224K Free: 99546K (86%)

Finished: 38 ms. Memory: 116224K Free: 100660K (87%)

8997 ms. Memory: 1363968K Free: 904143K (66%)
----------------- Invoking toplevel() on ptolemy.moml.MoMLSimpleApplication@6defec20
----------------- Done invoking toplevel() on ptolemy.moml.MoMLSimpleApplication@6defec20
reloadAllAccessors: .ExecRunDemos

===========================================================================================
----------------- testing Tue May 21 04:22:32 UTC 2019 /home/travis/build/icyphy/ptII/ptolemy/actor/lib/test/auto/ExecStop.xml
----------------- Instantiating /home/travis/build/icyphy/ptII/ptolemy/actor/lib/test/auto/ExecStop.xml
5021 ms. Memory: 1363968K Free: 679264K (50%)
----------------- Invoking toplevel() on ptolemy.moml.MoMLSimpleApplication@608f19f2
----------------- Done invoking toplevel() on ptolemy.moml.MoMLSimpleApplication@608f19f2
reloadAllAccessors: .ExecStop

===========================================================================================
----------------- testing Tue May 21 04:22:37 UTC 2019 /home/travis/build/icyphy/ptII/ptolemy/actor/lib/test/auto/ExecutionTimeSDF.xml
----------------- Instantiating /home/travis/build/icyphy/ptII/ptolemy/actor/lib/test/auto/ExecutionTimeSDF.xml
Fired ExecutionTime: 495600000
Fired ExecutionTime: 926800000
Fired ExecutionTime: -1656167296
6010 ms. Memory: 1363968K Free: 654365K (48%)

===========================================================================================
----------------- testing Tue May 21 04:22:43 UTC 2019 /home/travis/build/icyphy/ptII/ptolemy/actor/lib/test/auto/Expression1.xml
----------------- Instantiating /home/travis/build/icyphy/ptII/ptolemy/actor/lib/test/auto/Expression1.xml
1 ms. Memory: 1363968K Free: 621187K (46%)
----------------- Invoking toplevel() on ptolemy.moml.MoMLSimpleApplication@2eb1cf36
----------------- Done invoking toplevel() on ptolemy.moml.MoMLSimpleApplication@2eb1cf36
reloadAllAccessors: .Expression1

===========================================================================================
----------------- testing Tue May 21 04:22:43 UTC 2019 /home/travis/build/icyphy/ptII/ptolemy/actor/lib/test/auto/Expression10.xml
----------------- Instantiating /home/travis/build/icyphy/ptII/ptolemy/actor/lib/test/auto/Expression10.xml
5 ms. Memory: 1363968K Free: 604598K (44%)
----------------- Invoking toplevel() on ptolemy.moml.MoMLSimpleApplication@a2a1435
----------------- Done invoking toplevel() on ptolemy.moml.MoMLSimpleApplication@a2a1435
reloadAllAccessors: .Expression10

===========================================================================================
----------------- testing Tue May 21 04:22:43 UTC 2019 /home/travis/build/icyphy/ptII/ptolemy/actor/lib/test/auto/Expression11.xml
----------------- Instantiating /home/travis/build/icyphy/ptII/ptolemy/actor/lib/test/auto/Expression11.xml
2 ms. Memory: 1363968K Free: 578786K (42%)
----------------- Invoking toplevel() on ptolemy.moml.MoMLSimpleApplication@5a7f70c8
----------------- Done invoking toplevel() on ptolemy.moml.MoMLSimpleApplication@5a7f70c8
reloadAllAccessors: .Expression11

===========================================================================================
----------------- testing Tue May 21 04:22:43 UTC 2019 /home/travis/build/icyphy/ptII/ptolemy/actor/lib/test/auto/Expression12.xml
----------------- Instantiating /home/travis/build/icyphy/ptII/ptolemy/actor/lib/test/auto/Expression12.xml
2 ms. Memory: 1363968K Free: 562197K (41%)
----------------- Invoking toplevel() on ptolemy.moml.MoMLSimpleApplication@6ddc68b3
----------------- Done invoking toplevel() on ptolemy.moml.MoMLSimpleApplication@6ddc68b3
reloadAllAccessors: .Expression12

===========================================================================================
----------------- testing Tue May 21 04:22:43 UTC 2019 /home/travis/build/icyphy/ptII/ptolemy/actor/lib/test/auto/Expression13.xml
----------------- Instantiating /home/travis/build/icyphy/ptII/ptolemy/actor/lib/test/auto/Expression13.xml
3 ms. Memory: 1363968K Free: 545608K (40%)
----------------- Invoking toplevel() on ptolemy.moml.MoMLSimpleApplication@160a7164
----------------- Done invoking toplevel() on ptolemy.moml.MoMLSimpleApplication@160a7164
reloadAllAccessors: .Expression13

===========================================================================================
----------------- testing Tue May 21 04:22:44 UTC 2019 /home/travis/build/icyphy/ptII/ptolemy/actor/lib/test/auto/Expression14.xml
----------------- Instantiating /home/travis/build/icyphy/ptII/ptolemy/actor/lib/test/auto/Expression14.xml
4 ms. Memory: 1363968K Free: 529019K (39%)
----------------- Invoking toplevel() on ptolemy.moml.MoMLSimpleApplication@6ce508ef
----------------- Done invoking toplevel() on ptolemy.moml.MoMLSimpleApplication@6ce508ef
reloadAllAccessors: .Expression14

===========================================================================================
----------------- testing Tue May 21 04:22:44 UTC 2019 /home/travis/build/icyphy/ptII/ptolemy/actor/lib/test/auto/Expression15.xml
----------------- Instantiating /home/travis/build/icyphy/ptII/ptolemy/actor/lib/test/auto/Expression15.xml
1 ms. Memory: 1363968K Free: 503207K (37%)
----------------- Invoking toplevel() on ptolemy.moml.MoMLSimpleApplication@59cb4eed
----------------- Done invoking toplevel() on ptolemy.moml.MoMLSimpleApplication@59cb4eed
reloadAllAccessors: .Expression15

===========================================================================================
----------------- testing Tue May 21 04:22:44 UTC 2019 /home/travis/build/icyphy/ptII/ptolemy/actor/lib/test/auto/Expression16.xml
----------------- Instantiating /home/travis/build/icyphy/ptII/ptolemy/actor/lib/test/auto/Expression16.xml
2 ms. Memory: 1363968K Free: 486618K (36%)
----------------- Invoking toplevel() on ptolemy.moml.MoMLSimpleApplication@88116bf
----------------- Done invoking toplevel() on ptolemy.moml.MoMLSimpleApplication@88116bf
reloadAllAccessors: .Expression16

===========================================================================================
----------------- testing Tue May 21 04:22:44 UTC 2019 /home/travis/build/icyphy/ptII/ptolemy/actor/lib/test/auto/Expression17.xml
----------------- Instantiating /home/travis/build/icyphy/ptII/ptolemy/actor/lib/test/auto/Expression17.xml
3 ms. Memory: 1363968K Free: 461943K (34%)
----------------- Invoking toplevel() on ptolemy.moml.MoMLSimpleApplication@76479087
----------------- Done invoking toplevel() on ptolemy.moml.MoMLSimpleApplication@76479087
reloadAllAccessors: .Expression17

===========================================================================================
----------------- testing Tue May 21 04:22:44 UTC 2019 /home/travis/build/icyphy/ptII/ptolemy/actor/lib/test/auto/Expression18.xml
----------------- Instantiating /home/travis/build/icyphy/ptII/ptolemy/actor/lib/test/auto/Expression18.xml
4 ms. Memory: 1363968K Free: 445354K (33%)
----------------- Invoking toplevel() on ptolemy.moml.MoMLSimpleApplication@48db0c29
----------------- Done invoking toplevel() on ptolemy.moml.MoMLSimpleApplication@48db0c29
reloadAllAccessors: .Expression18

===========================================================================================
----------------- testing Tue May 21 04:22:44 UTC 2019 /home/travis/build/icyphy/ptII/ptolemy/actor/lib/test/auto/Expression2.xml
----------------- Instantiating /home/travis/build/icyphy/ptII/ptolemy/actor/lib/test/auto/Expression2.xml
4 ms. Memory: 1363968K Free: 419542K (31%)
----------------- Invoking toplevel() on ptolemy.moml.MoMLSimpleApplication@2d8f4ff3
----------------- Done invoking toplevel() on ptolemy.moml.MoMLSimpleApplication@2d8f4ff3
reloadAllAccessors: .Expression2

===========================================================================================
----------------- testing Tue May 21 04:22:44 UTC 2019 /home/travis/build/icyphy/ptII/ptolemy/actor/lib/test/auto/Expression3.xml
----------------- Instantiating /home/travis/build/icyphy/ptII/ptolemy/actor/lib/test/auto/Expression3.xml
4 ms. Memory: 1363968K Free: 402953K (30%)
----------------- Invoking toplevel() on ptolemy.moml.MoMLSimpleApplication@3b925cdd
----------------- Done invoking toplevel() on ptolemy.moml.MoMLSimpleApplication@3b925cdd
reloadAllAccessors: .Expression3

===========================================================================================
----------------- testing Tue May 21 04:22:44 UTC 2019 /home/travis/build/icyphy/ptII/ptolemy/actor/lib/test/auto/Expression4.xml
----------------- Instantiating /home/travis/build/icyphy/ptII/ptolemy/actor/lib/test/auto/Expression4.xml
3 ms. Memory: 1363968K Free: 386364K (28%)
----------------- Invoking toplevel() on ptolemy.moml.MoMLSimpleApplication@478f0edd
----------------- Done invoking toplevel() on ptolemy.moml.MoMLSimpleApplication@478f0edd
reloadAllAccessors: .Expression4

===========================================================================================
----------------- testing Tue May 21 04:22:44 UTC 2019 /home/travis/build/icyphy/ptII/ptolemy/actor/lib/test/auto/Expression5.xml
----------------- Instantiating /home/travis/build/icyphy/ptII/ptolemy/actor/lib/test/auto/Expression5.xml
9 ms. Memory: 1363968K Free: 369775K (27%)
----------------- Invoking toplevel() on ptolemy.moml.MoMLSimpleApplication@37ca598a
----------------- Done invoking toplevel() on ptolemy.moml.MoMLSimpleApplication@37ca598a
reloadAllAccessors: .Expression5

===========================================================================================
----------------- testing Tue May 21 04:22:44 UTC 2019 /home/travis/build/icyphy/ptII/ptolemy/actor/lib/test/auto/Expression6.xml
----------------- Instantiating /home/travis/build/icyphy/ptII/ptolemy/actor/lib/test/auto/Expression6.xml
2 ms. Memory: 1363968K Free: 343963K (25%)
----------------- Invoking toplevel() on ptolemy.moml.MoMLSimpleApplication@74d3eea8
----------------- Done invoking toplevel() on ptolemy.moml.MoMLSimpleApplication@74d3eea8
reloadAllAccessors: .Expression6

===========================================================================================
----------------- testing Tue May 21 04:22:44 UTC 2019 /home/travis/build/icyphy/ptII/ptolemy/actor/lib/test/auto/Expression7.xml
----------------- Instantiating /home/travis/build/icyphy/ptII/ptolemy/actor/lib/test/auto/Expression7.xml
3 ms. Memory: 1363968K Free: 327374K (24%)
----------------- Invoking toplevel() on ptolemy.moml.MoMLSimpleApplication@412ba470
----------------- Done invoking toplevel() on ptolemy.moml.MoMLSimpleApplication@412ba470
reloadAllAccessors: .Expression7

===========================================================================================
----------------- testing Tue May 21 04:22:44 UTC 2019 /home/travis/build/icyphy/ptII/ptolemy/actor/lib/test/auto/Expression8.xml
----------------- Instantiating /home/travis/build/icyphy/ptII/ptolemy/actor/lib/test/auto/Expression8.xml
9 ms. Memory: 1363968K Free: 310785K (23%)
----------------- Invoking toplevel() on ptolemy.moml.MoMLSimpleApplication@3533d51e
----------------- Done invoking toplevel() on ptolemy.moml.MoMLSimpleApplication@3533d51e
reloadAllAccessors: .Expression8

===========================================================================================
----------------- testing Tue May 21 04:22:44 UTC 2019 /home/travis/build/icyphy/ptII/ptolemy/actor/lib/test/auto/Expression9.xml
----------------- Instantiating /home/travis/build/icyphy/ptII/ptolemy/actor/lib/test/auto/Expression9.xml
1 ms. Memory: 1363968K Free: 294196K (22%)
----------------- Invoking toplevel() on ptolemy.moml.MoMLSimpleApplication@3a3cb941
----------------- Done invoking toplevel() on ptolemy.moml.MoMLSimpleApplication@3a3cb941
reloadAllAccessors: .Expression9

===========================================================================================
----------------- testing Tue May 21 04:22:44 UTC 2019 /home/travis/build/icyphy/ptII/ptolemy/actor/lib/test/auto/ExpressionConcatenateArrayType.xml
----------------- Instantiating /home/travis/build/icyphy/ptII/ptolemy/actor/lib/test/auto/ExpressionConcatenateArrayType.xml
2 ms. Memory: 1363968K Free: 268384K (20%)
----------------- Invoking toplevel() on ptolemy.moml.MoMLSimpleApplication@62609099
----------------- Done invoking toplevel() on ptolemy.moml.MoMLSimpleApplication@62609099
reloadAllAccessors: .ExpressionConcatenateArrayType

===========================================================================================
----------------- testing Tue May 21 04:22:44 UTC 2019 /home/travis/build/icyphy/ptII/ptolemy/actor/lib/test/auto/ExpressionConcatenateArrayType2.xml
----------------- Instantiating /home/travis/build/icyphy/ptII/ptolemy/actor/lib/test/auto/ExpressionConcatenateArrayType2.xml
3 ms. Memory: 1363968K Free: 251795K (18%)
----------------- Invoking toplevel() on ptolemy.moml.MoMLSimpleApplication@4e954295
----------------- Done invoking toplevel() on ptolemy.moml.MoMLSimpleApplication@4e954295
reloadAllAccessors: .ExpressionConcatenateArrayType2

===========================================================================================
----------------- testing Tue May 21 04:22:44 UTC 2019 /home/travis/build/icyphy/ptII/ptolemy/actor/lib/test/auto/ExpressionFix.xml
----------------- Instantiating /home/travis/build/icyphy/ptII/ptolemy/actor/lib/test/auto/ExpressionFix.xml
20 ms. Memory: 1363968K Free: 235206K (17%)
----------------- Invoking toplevel() on ptolemy.moml.MoMLSimpleApplication@11908a36
----------------- Done invoking toplevel() on ptolemy.moml.MoMLSimpleApplication@11908a36
reloadAllAccessors: .ExpressionFix

===========================================================================================
----------------- testing Tue May 21 04:22:44 UTC 2019 /home/travis/build/icyphy/ptII/ptolemy/actor/lib/test/auto/ExpressionFix2.xml
----------------- Instantiating /home/travis/build/icyphy/ptII/ptolemy/actor/lib/test/auto/ExpressionFix2.xml
6 ms. Memory: 1363968K Free: 218617K (16%)
----------------- Invoking toplevel() on ptolemy.moml.MoMLSimpleApplication@72f479f6
----------------- Done invoking toplevel() on ptolemy.moml.MoMLSimpleApplication@72f479f6
reloadAllAccessors: .ExpressionFix2

===========================================================================================
----------------- testing Tue May 21 04:22:44 UTC 2019 /home/travis/build/icyphy/ptII/ptolemy/actor/lib/test/auto/ExpressionFix3.xml
----------------- Instantiating /home/travis/build/icyphy/ptII/ptolemy/actor/lib/test/auto/ExpressionFix3.xml
3 ms. Memory: 1363968K Free: 192805K (14%)
----------------- Invoking toplevel() on ptolemy.moml.MoMLSimpleApplication@6595d2b2
----------------- Done invoking toplevel() on ptolemy.moml.MoMLSimpleApplication@6595d2b2
reloadAllAccessors: .ExpressionFix3

===========================================================================================
----------------- testing Tue May 21 04:22:44 UTC 2019 /home/travis/build/icyphy/ptII/ptolemy/actor/lib/test/auto/FileWriter1.xml
----------------- Instantiating /home/travis/build/icyphy/ptII/ptolemy/actor/lib/test/auto/FileWriter1.xml
2 ms. Memory: 1363968K Free: 176216K (13%)
----------------- Invoking toplevel() on ptolemy.moml.MoMLSimpleApplication@45b6c024
----------------- Done invoking toplevel() on ptolemy.moml.MoMLSimpleApplication@45b6c024
reloadAllAccessors: .FileWriter1

===========================================================================================
----------------- testing Tue May 21 04:22:44 UTC 2019 /home/travis/build/icyphy/ptII/ptolemy/actor/lib/test/auto/FileWriter2.xml
----------------- Instantiating /home/travis/build/icyphy/ptII/ptolemy/actor/lib/test/auto/FileWriter2.xml
6 ms. Memory: 1363968K Free: 159628K (12%)
----------------- Invoking toplevel() on ptolemy.moml.MoMLSimpleApplication@2cc8e4f0
----------------- Done invoking toplevel() on ptolemy.moml.MoMLSimpleApplication@2cc8e4f0
reloadAllAccessors: .FileWriter2

===========================================================================================
----------------- testing Tue May 21 04:22:44 UTC 2019 /home/travis/build/icyphy/ptII/ptolemy/actor/lib/test/auto/FileWriter3.xml
----------------- Instantiating /home/travis/build/icyphy/ptII/ptolemy/actor/lib/test/auto/FileWriter3.xml
2 ms. Memory: 1363968K Free: 133815K (10%)
----------------- Invoking toplevel() on ptolemy.moml.MoMLSimpleApplication@5b0bf0a0
----------------- Done invoking toplevel() on ptolemy.moml.MoMLSimpleApplication@5b0bf0a0
reloadAllAccessors: .FileWriter3

===========================================================================================
----------------- testing Tue May 21 04:22:44 UTC 2019 /home/travis/build/icyphy/ptII/ptolemy/actor/lib/test/auto/Gaussian.xml
----------------- Instantiating /home/travis/build/icyphy/ptII/ptolemy/actor/lib/test/auto/Gaussian.xml
3 ms. Memory: 1363968K Free: 117227K (9%)
----------------- Invoking toplevel() on ptolemy.moml.MoMLSimpleApplication@5b37844
----------------- Done invoking toplevel() on ptolemy.moml.MoMLSimpleApplication@5b37844
reloadAllAccessors: .Gaussian

===========================================================================================
----------------- testing Tue May 21 04:22:44 UTC 2019 /home/travis/build/icyphy/ptII/ptolemy/actor/lib/test/auto/Gaussian1.xml
----------------- Instantiating /home/travis/build/icyphy/ptII/ptolemy/actor/lib/test/auto/Gaussian1.xml
13 ms. Memory: 1363968K Free: 100638K (7%)
----------------- Invoking toplevel() on ptolemy.moml.MoMLSimpleApplication@459b5f69
----------------- Done invoking toplevel() on ptolemy.moml.MoMLSimpleApplication@459b5f69
reloadAllAccessors: .Gaussian1

===========================================================================================
----------------- testing Tue May 21 04:22:44 UTC 2019 /home/travis/build/icyphy/ptII/ptolemy/actor/lib/test/auto/Gaussian2.xml
----------------- Instantiating /home/travis/build/icyphy/ptII/ptolemy/actor/lib/test/auto/Gaussian2.xml
3 ms. Memory: 1363968K Free: 84049K (6%)
----------------- Invoking toplevel() on ptolemy.moml.MoMLSimpleApplication@2c244aba
----------------- Done invoking toplevel() on ptolemy.moml.MoMLSimpleApplication@2c244aba
reloadAllAccessors: .Gaussian2

===========================================================================================
----------------- testing Tue May 21 04:22:44 UTC 2019 /home/travis/build/icyphy/ptII/ptolemy/actor/lib/test/auto/GradientAdaptiveLattice.xml
----------------- Instantiating /home/travis/build/icyphy/ptII/ptolemy/actor/lib/test/auto/GradientAdaptiveLattice.xml
2 ms. Memory: 1364480K Free: 1310159K (96%)
----------------- Invoking toplevel() on ptolemy.moml.MoMLSimpleApplication@44a95c7
----------------- Done invoking toplevel() on ptolemy.moml.MoMLSimpleApplication@44a95c7
reloadAllAccessors: .GradientAdaptiveLattice

===========================================================================================
----------------- testing Tue May 21 04:22:44 UTC 2019 /home/travis/build/icyphy/ptII/ptolemy/actor/lib/test/auto/IIR.xml
----------------- Instantiating /home/travis/build/icyphy/ptII/ptolemy/actor/lib/test/auto/IIR.xml
1 ms. Memory: 1364480K Free: 1291076K (95%)
----------------- Invoking toplevel() on ptolemy.moml.MoMLSimpleApplication@5c26ce2d
----------------- Done invoking toplevel() on ptolemy.moml.MoMLSimpleApplication@5c26ce2d
reloadAllAccessors: .IIR

===========================================================================================
----------------- testing Tue May 21 04:22:44 UTC 2019 /home/travis/build/icyphy/ptII/ptolemy/actor/lib/test/auto/InputOutputTransparentPorts.xml
----------------- Instantiating /home/travis/build/icyphy/ptII/ptolemy/actor/lib/test/auto/InputOutputTransparentPorts.xml
1 ms. Memory: 1364480K Free: 1278635K (94%)
----------------- Invoking toplevel() on ptolemy.moml.MoMLSimpleApplication@a01e497
----------------- Done invoking toplevel() on ptolemy.moml.MoMLSimpleApplication@a01e497
reloadAllAccessors: .InputOutputTransparentPorts

===========================================================================================
----------------- testing Tue May 21 04:22:44 UTC 2019 /home/travis/build/icyphy/ptII/ptolemy/actor/lib/test/auto/Interpolator.xml
----------------- Instantiating /home/travis/build/icyphy/ptII/ptolemy/actor/lib/test/auto/Interpolator.xml
5 ms. Memory: 1364480K Free: 1259552K (92%)
----------------- Invoking toplevel() on ptolemy.moml.MoMLSimpleApplication@6474c205
----------------- Done invoking toplevel() on ptolemy.moml.MoMLSimpleApplication@6474c205
reloadAllAccessors: .Interpolator

===========================================================================================
----------------- testing Tue May 21 04:22:44 UTC 2019 /home/travis/build/icyphy/ptII/ptolemy/actor/lib/test/auto/InterpolatorFiringLimitDE.xml
----------------- Instantiating /home/travis/build/icyphy/ptII/ptolemy/actor/lib/test/auto/InterpolatorFiringLimitDE.xml
2 ms. Memory: 1364480K Free: 1247111K (91%)
----------------- Invoking toplevel() on ptolemy.moml.MoMLSimpleApplication@57b694ed
----------------- Done invoking toplevel() on ptolemy.moml.MoMLSimpleApplication@57b694ed
reloadAllAccessors: .InterpolatorFiringLimitDE

===========================================================================================
----------------- testing Tue May 21 04:22:44 UTC 2019 /home/travis/build/icyphy/ptII/ptolemy/actor/lib/test/auto/Lattice.xml
----------------- Instantiating /home/travis/build/icyphy/ptII/ptolemy/actor/lib/test/auto/Lattice.xml
2 ms. Memory: 1364480K Free: 1234669K (90%)
----------------- Invoking toplevel() on ptolemy.moml.MoMLSimpleApplication@2ca6ff45
----------------- Done invoking toplevel() on ptolemy.moml.MoMLSimpleApplication@2ca6ff45
reloadAllAccessors: .Lattice

===========================================================================================
----------------- testing Tue May 21 04:22:44 UTC 2019 /home/travis/build/icyphy/ptII/ptolemy/actor/lib/test/auto/LazyAOCTestLazy.xml
----------------- Instantiating /home/travis/build/icyphy/ptII/ptolemy/actor/lib/test/auto/LazyAOCTestLazy.xml
19 ms. Memory: 1364480K Free: 1215586K (89%)
----------------- Invoking toplevel() on ptolemy.moml.MoMLSimpleApplication@208e5753
----------------- Done invoking toplevel() on ptolemy.moml.MoMLSimpleApplication@208e5753
reloadAllAccessors: .LazyAOCTestLazy

===========================================================================================
----------------- testing Tue May 21 04:22:44 UTC 2019 /home/travis/build/icyphy/ptII/ptolemy/actor/lib/test/auto/LazyAOCTestNonLazy.xml
----------------- Instantiating /home/travis/build/icyphy/ptII/ptolemy/actor/lib/test/auto/LazyAOCTestNonLazy.xml
6 ms. Memory: 1364480K Free: 1203145K (88%)
----------------- Invoking toplevel() on ptolemy.moml.MoMLSimpleApplication@1695eeb9
----------------- Done invoking toplevel() on ptolemy.moml.MoMLSimpleApplication@1695eeb9
reloadAllAccessors: .LazyAOCTestNonLazy

===========================================================================================
----------------- testing Tue May 21 04:22:44 UTC 2019 /home/travis/build/icyphy/ptII/ptolemy/actor/lib/test/auto/LazyInnerClass.xml
----------------- Instantiating /home/travis/build/icyphy/ptII/ptolemy/actor/lib/test/auto/LazyInnerClass.xml
18 ms. Memory: 1364480K Free: 1190703K (87%)
----------------- Invoking toplevel() on ptolemy.moml.MoMLSimpleApplication@79ce1050
----------------- Done invoking toplevel() on ptolemy.moml.MoMLSimpleApplication@79ce1050
reloadAllAccessors: .LazyInnerClass

===========================================================================================
----------------- testing Tue May 21 04:22:44 UTC 2019 /home/travis/build/icyphy/ptII/ptolemy/actor/lib/test/auto/LazyPubSub.xml
----------------- Instantiating /home/travis/build/icyphy/ptII/ptolemy/actor/lib/test/auto/LazyPubSub.xml
19 ms. Memory: 1364480K Free: 1171621K (86%)
----------------- Invoking toplevel() on ptolemy.moml.MoMLSimpleApplication@7e23eeb6
----------------- Done invoking toplevel() on ptolemy.moml.MoMLSimpleApplication@7e23eeb6
reloadAllAccessors: .LazyPubSub

===========================================================================================
----------------- testing Tue May 21 04:22:44 UTC 2019 /home/travis/build/icyphy/ptII/ptolemy/actor/lib/test/auto/LazyPubSub2.xml
----------------- Instantiating /home/travis/build/icyphy/ptII/ptolemy/actor/lib/test/auto/LazyPubSub2.xml
17 ms. Memory: 1364480K Free: 1159011K (85%)
----------------- Invoking toplevel() on ptolemy.moml.MoMLSimpleApplication@3a51ae16
----------------- Done invoking toplevel() on ptolemy.moml.MoMLSimpleApplication@3a51ae16
reloadAllAccessors: .LazyPubSub2

===========================================================================================
----------------- testing Tue May 21 04:22:44 UTC 2019 /home/travis/build/icyphy/ptII/ptolemy/actor/lib/test/auto/LazyPubSub3.xml
----------------- Instantiating /home/travis/build/icyphy/ptII/ptolemy/actor/lib/test/auto/LazyPubSub3.xml
10 ms. Memory: 1364480K Free: 1146569K (84%)
----------------- Invoking toplevel() on ptolemy.moml.MoMLSimpleApplication@6737526b
----------------- Done invoking toplevel() on ptolemy.moml.MoMLSimpleApplication@6737526b
reloadAllAccessors: .LazyPubSub3

===========================================================================================
----------------- testing Tue May 21 04:22:44 UTC 2019 /home/travis/build/icyphy/ptII/ptolemy/actor/lib/test/auto/LazySubClassModel.xml
----------------- Instantiating /home/travis/build/icyphy/ptII/ptolemy/actor/lib/test/auto/LazySubClassModel.xml
1 ms. Memory: 1364480K Free: 1121258K (82%)
----------------- Invoking toplevel() on ptolemy.moml.MoMLSimpleApplication@3e9dfdea
----------------- Done invoking toplevel() on ptolemy.moml.MoMLSimpleApplication@3e9dfdea
reloadAllAccessors: .LazySubClassModel

===========================================================================================
----------------- testing Tue May 21 04:22:44 UTC 2019 /home/travis/build/icyphy/ptII/ptolemy/actor/lib/test/auto/LevelCrossTest1.xml
----------------- Instantiating /home/travis/build/icyphy/ptII/ptolemy/actor/lib/test/auto/LevelCrossTest1.xml
1 ms. Memory: 1364480K Free: 1108817K (81%)
----------------- Invoking toplevel() on ptolemy.moml.MoMLSimpleApplication@6c5aeb0
----------------- Done invoking toplevel() on ptolemy.moml.MoMLSimpleApplication@6c5aeb0
reloadAllAccessors: .broken

===========================================================================================
----------------- testing Tue May 21 04:22:44 UTC 2019 /home/travis/build/icyphy/ptII/ptolemy/actor/lib/test/auto/LevelCrossTest10.xml
----------------- Instantiating /home/travis/build/icyphy/ptII/ptolemy/actor/lib/test/auto/LevelCrossTest10.xml
1 ms. Memory: 1364480K Free: 1089734K (80%)
----------------- Invoking toplevel() on ptolemy.moml.MoMLSimpleApplication@358d32d6
----------------- Done invoking toplevel() on ptolemy.moml.MoMLSimpleApplication@358d32d6
reloadAllAccessors: .LevelCrossTest10

===========================================================================================
----------------- testing Tue May 21 04:22:44 UTC 2019 /home/travis/build/icyphy/ptII/ptolemy/actor/lib/test/auto/LevelCrossTest11.xml
----------------- Instantiating /home/travis/build/icyphy/ptII/ptolemy/actor/lib/test/auto/LevelCrossTest11.xml
1 ms. Memory: 1364480K Free: 1077293K (79%)
----------------- Invoking toplevel() on ptolemy.moml.MoMLSimpleApplication@6a74c664
----------------- Done invoking toplevel() on ptolemy.moml.MoMLSimpleApplication@6a74c664
reloadAllAccessors: .LevelCrossTest11

===========================================================================================
----------------- testing Tue May 21 04:22:45 UTC 2019 /home/travis/build/icyphy/ptII/ptolemy/actor/lib/test/auto/LevelCrossTest12.xml
----------------- Instantiating /home/travis/build/icyphy/ptII/ptolemy/actor/lib/test/auto/LevelCrossTest12.xml
1 ms. Memory: 1364480K Free: 1064851K (78%)
----------------- Invoking toplevel() on ptolemy.moml.MoMLSimpleApplication@365c539d
----------------- Done invoking toplevel() on ptolemy.moml.MoMLSimpleApplication@365c539d
reloadAllAccessors: .LevelCrossTest12

===========================================================================================
----------------- testing Tue May 21 04:22:45 UTC 2019 /home/travis/build/icyphy/ptII/ptolemy/actor/lib/test/auto/LevelCrossTest13.xml
----------------- Instantiating /home/travis/build/icyphy/ptII/ptolemy/actor/lib/test/auto/LevelCrossTest13.xml
1 ms. Memory: 1364480K Free: 1045769K (77%)
----------------- Invoking toplevel() on ptolemy.moml.MoMLSimpleApplication@1ff52c83
----------------- Done invoking toplevel() on ptolemy.moml.MoMLSimpleApplication@1ff52c83
reloadAllAccessors: .LevelCrossTest13

===========================================================================================
----------------- testing Tue May 21 04:22:45 UTC 2019 /home/travis/build/icyphy/ptII/ptolemy/actor/lib/test/auto/LevelCrossTest2.xml
----------------- Instantiating /home/travis/build/icyphy/ptII/ptolemy/actor/lib/test/auto/LevelCrossTest2.xml
1 ms. Memory: 1364480K Free: 1033327K (76%)
----------------- Invoking toplevel() on ptolemy.moml.MoMLSimpleApplication@2cd7fece
----------------- Done invoking toplevel() on ptolemy.moml.MoMLSimpleApplication@2cd7fece
reloadAllAccessors: .broken

===========================================================================================
----------------- testing Tue May 21 04:22:45 UTC 2019 /home/travis/build/icyphy/ptII/ptolemy/actor/lib/test/auto/LevelCrossTest3.xml
----------------- Instantiating /home/travis/build/icyphy/ptII/ptolemy/actor/lib/test/auto/LevelCrossTest3.xml
2 ms. Memory: 1364480K Free: 1020885K (75%)
----------------- Invoking toplevel() on ptolemy.moml.MoMLSimpleApplication@679cf4fc
----------------- Done invoking toplevel() on ptolemy.moml.MoMLSimpleApplication@679cf4fc
reloadAllAccessors: .LevelCrossTest3

===========================================================================================
----------------- testing Tue May 21 04:22:45 UTC 2019 /home/travis/build/icyphy/ptII/ptolemy/actor/lib/test/auto/LevelCrossTest4.xml
----------------- Instantiating /home/travis/build/icyphy/ptII/ptolemy/actor/lib/test/auto/LevelCrossTest4.xml
1 ms. Memory: 1364480K Free: 1001803K (73%)
----------------- Invoking toplevel() on ptolemy.moml.MoMLSimpleApplication@50a666ad
----------------- Done invoking toplevel() on ptolemy.moml.MoMLSimpleApplication@50a666ad
reloadAllAccessors: .broken

===========================================================================================
----------------- testing Tue May 21 04:22:45 UTC 2019 /home/travis/build/icyphy/ptII/ptolemy/actor/lib/test/auto/LevelCrossTest5.xml
----------------- Instantiating /home/travis/build/icyphy/ptII/ptolemy/actor/lib/test/auto/LevelCrossTest5.xml
1 ms. Memory: 1364480K Free: 989361K (73%)
----------------- Invoking toplevel() on ptolemy.moml.MoMLSimpleApplication@17671797
----------------- Done invoking toplevel() on ptolemy.moml.MoMLSimpleApplication@17671797
reloadAllAccessors: .LevelCrossTest5

===========================================================================================
----------------- testing Tue May 21 04:22:45 UTC 2019 /home/travis/build/icyphy/ptII/ptolemy/actor/lib/test/auto/LevelCrossTest6.xml
----------------- Instantiating /home/travis/build/icyphy/ptII/ptolemy/actor/lib/test/auto/LevelCrossTest6.xml
1 ms. Memory: 1364480K Free: 976920K (72%)
----------------- Invoking toplevel() on ptolemy.moml.MoMLSimpleApplication@3f0b4caf
----------------- Done invoking toplevel() on ptolemy.moml.MoMLSimpleApplication@3f0b4caf
reloadAllAccessors: .LevelCrossTest6

===========================================================================================
----------------- testing Tue May 21 04:22:45 UTC 2019 /home/travis/build/icyphy/ptII/ptolemy/actor/lib/test/auto/LevelCrossTest7.xml
----------------- Instantiating /home/travis/build/icyphy/ptII/ptolemy/actor/lib/test/auto/LevelCrossTest7.xml
1 ms. Memory: 1364480K Free: 957837K (70%)
----------------- Invoking toplevel() on ptolemy.moml.MoMLSimpleApplication@588ffc38
----------------- Done invoking toplevel() on ptolemy.moml.MoMLSimpleApplication@588ffc38
reloadAllAccessors: .LevelCrossTest7

===========================================================================================
----------------- testing Tue May 21 04:22:45 UTC 2019 /home/travis/build/icyphy/ptII/ptolemy/actor/lib/test/auto/LevelCrossTest8.xml
----------------- Instantiating /home/travis/build/icyphy/ptII/ptolemy/actor/lib/test/auto/LevelCrossTest8.xml
1 ms. Memory: 1364480K Free: 945396K (69%)
----------------- Invoking toplevel() on ptolemy.moml.MoMLSimpleApplication@47913ee4
----------------- Done invoking toplevel() on ptolemy.moml.MoMLSimpleApplication@47913ee4
reloadAllAccessors: .LevelCrossTest8

===========================================================================================
----------------- testing Tue May 21 04:22:45 UTC 2019 /home/travis/build/icyphy/ptII/ptolemy/actor/lib/test/auto/LevelCrossTest9.xml
----------------- Instantiating /home/travis/build/icyphy/ptII/ptolemy/actor/lib/test/auto/LevelCrossTest9.xml
1 ms. Memory: 1364480K Free: 926313K (68%)
----------------- Invoking toplevel() on ptolemy.moml.MoMLSimpleApplication@172bf596
----------------- Done invoking toplevel() on ptolemy.moml.MoMLSimpleApplication@172bf596
reloadAllAccessors: .LevelCrossTest9

===========================================================================================
----------------- testing Tue May 21 04:22:45 UTC 2019 /home/travis/build/icyphy/ptII/ptolemy/actor/lib/test/auto/LevinsonDurbin.xml
----------------- Instantiating /home/travis/build/icyphy/ptII/ptolemy/actor/lib/test/auto/LevinsonDurbin.xml
5 ms. Memory: 1364480K Free: 913872K (67%)
----------------- Invoking toplevel() on ptolemy.moml.MoMLSimpleApplication@261b0602
----------------- Done invoking toplevel() on ptolemy.moml.MoMLSimpleApplication@261b0602
reloadAllAccessors: .LevinsonDurbin

===========================================================================================
----------------- testing Tue May 21 04:22:45 UTC 2019 /home/travis/build/icyphy/ptII/ptolemy/actor/lib/test/auto/LevinsonDurbin2.xml
----------------- Instantiating /home/travis/build/icyphy/ptII/ptolemy/actor/lib/test/auto/LevinsonDurbin2.xml
1 ms. Memory: 1364480K Free: 901430K (66%)
----------------- Invoking toplevel() on ptolemy.moml.MoMLSimpleApplication@67897657
----------------- Done invoking toplevel() on ptolemy.moml.MoMLSimpleApplication@67897657
reloadAllAccessors: .LevinsonDurbin2

===========================================================================================
----------------- testing Tue May 21 04:22:45 UTC 2019 /home/travis/build/icyphy/ptII/ptolemy/actor/lib/test/auto/LevinsonDurbin3.xml
----------------- Instantiating /home/travis/build/icyphy/ptII/ptolemy/actor/lib/test/auto/LevinsonDurbin3.xml
2 ms. Memory: 1364480K Free: 882348K (65%)
----------------- Invoking toplevel() on ptolemy.moml.MoMLSimpleApplication@7dd87205
----------------- Done invoking toplevel() on ptolemy.moml.MoMLSimpleApplication@7dd87205
reloadAllAccessors: .LevinsonDurbin3

===========================================================================================
----------------- testing Tue May 21 04:22:45 UTC 2019 /home/travis/build/icyphy/ptII/ptolemy/actor/lib/test/auto/Limiter.xml
----------------- Instantiating /home/travis/build/icyphy/ptII/ptolemy/actor/lib/test/auto/Limiter.xml
3 ms. Memory: 1364480K Free: 869906K (64%)
----------------- Invoking toplevel() on ptolemy.moml.MoMLSimpleApplication@5a1030a1
----------------- Done invoking toplevel() on ptolemy.moml.MoMLSimpleApplication@5a1030a1
reloadAllAccessors: .Limiter

===========================================================================================
----------------- testing Tue May 21 04:22:45 UTC 2019 /home/travis/build/icyphy/ptII/ptolemy/actor/lib/test/auto/LinearDifferenceEquationSystem.xml
----------------- Instantiating /home/travis/build/icyphy/ptII/ptolemy/actor/lib/test/auto/LinearDifferenceEquationSystem.xml
8 ms. Memory: 1364480K Free: 857464K (63%)
----------------- Invoking toplevel() on ptolemy.moml.MoMLSimpleApplication@652dab4
----------------- Done invoking toplevel() on ptolemy.moml.MoMLSimpleApplication@652dab4
reloadAllAccessors: .LinearDifferenceEquationSystem

===========================================================================================
----------------- testing Tue May 21 04:22:45 UTC 2019 /home/travis/build/icyphy/ptII/ptolemy/actor/lib/test/auto/LookupTable.xml
----------------- Instantiating /home/travis/build/icyphy/ptII/ptolemy/actor/lib/test/auto/LookupTable.xml
2 ms. Memory: 1364480K Free: 838382K (61%)
----------------- Invoking toplevel() on ptolemy.moml.MoMLSimpleApplication@49407a9a
----------------- Done invoking toplevel() on ptolemy.moml.MoMLSimpleApplication@49407a9a
reloadAllAccessors: .LookupTable

===========================================================================================
----------------- testing Tue May 21 04:22:45 UTC 2019 /home/travis/build/icyphy/ptII/ptolemy/actor/lib/test/auto/MathFunction.xml
----------------- Instantiating /home/travis/build/icyphy/ptII/ptolemy/actor/lib/test/auto/MathFunction.xml
4 ms. Memory: 1364480K Free: 825940K (61%)
----------------- Invoking toplevel() on ptolemy.moml.MoMLSimpleApplication@19fb0c26
----------------- Done invoking toplevel() on ptolemy.moml.MoMLSimpleApplication@19fb0c26
reloadAllAccessors: .MathFunction

===========================================================================================
----------------- testing Tue May 21 04:22:45 UTC 2019 /home/travis/build/icyphy/ptII/ptolemy/actor/lib/test/auto/MathFunction2.xml
----------------- Instantiating /home/travis/build/icyphy/ptII/ptolemy/actor/lib/test/auto/MathFunction2.xml
1 ms. Memory: 1364480K Free: 806858K (59%)
----------------- Invoking toplevel() on ptolemy.moml.MoMLSimpleApplication@139ae448
----------------- Done invoking toplevel() on ptolemy.moml.MoMLSimpleApplication@139ae448
reloadAllAccessors: .MathFunction2

===========================================================================================
----------------- testing Tue May 21 04:22:45 UTC 2019 /home/travis/build/icyphy/ptII/ptolemy/actor/lib/test/auto/MathFunction3.xml
----------------- Instantiating /home/travis/build/icyphy/ptII/ptolemy/actor/lib/test/auto/MathFunction3.xml
6 ms. Memory: 1364480K Free: 794416K (58%)
----------------- Invoking toplevel() on ptolemy.moml.MoMLSimpleApplication@4d7ee9b9
----------------- Done invoking toplevel() on ptolemy.moml.MoMLSimpleApplication@4d7ee9b9
reloadAllAccessors: .MathFunction3

===========================================================================================
----------------- testing Tue May 21 04:22:45 UTC 2019 /home/travis/build/icyphy/ptII/ptolemy/actor/lib/test/auto/MatrixCropBoolean.xml
----------------- Instantiating /home/travis/build/icyphy/ptII/ptolemy/actor/lib/test/auto/MatrixCropBoolean.xml
1 ms. Memory: 1364480K Free: 781975K (57%)
----------------- Invoking toplevel() on ptolemy.moml.MoMLSimpleApplication@33659983
----------------- Done invoking toplevel() on ptolemy.moml.MoMLSimpleApplication@33659983
reloadAllAccessors: .MatrixCropBoolean

===========================================================================================
----------------- testing Tue May 21 04:22:45 UTC 2019 /home/travis/build/icyphy/ptII/ptolemy/actor/lib/test/auto/MatrixCropComplex.xml
----------------- Instantiating /home/travis/build/icyphy/ptII/ptolemy/actor/lib/test/auto/MatrixCropComplex.xml
2 ms. Memory: 1364480K Free: 762892K (56%)
----------------- Invoking toplevel() on ptolemy.moml.MoMLSimpleApplication@3fde2b96
----------------- Done invoking toplevel() on ptolemy.moml.MoMLSimpleApplication@3fde2b96
reloadAllAccessors: .MatrixCropComplex

===========================================================================================
----------------- testing Tue May 21 04:22:45 UTC 2019 /home/travis/build/icyphy/ptII/ptolemy/actor/lib/test/auto/MatrixCropDouble.xml
----------------- Instantiating /home/travis/build/icyphy/ptII/ptolemy/actor/lib/test/auto/MatrixCropDouble.xml
2 ms. Memory: 1364480K Free: 750451K (55%)
----------------- Invoking toplevel() on ptolemy.moml.MoMLSimpleApplication@4e923225
----------------- Done invoking toplevel() on ptolemy.moml.MoMLSimpleApplication@4e923225
reloadAllAccessors: .MatrixCropDouble

===========================================================================================
----------------- testing Tue May 21 04:22:45 UTC 2019 /home/travis/build/icyphy/ptII/ptolemy/actor/lib/test/auto/MatrixCropFix.xml
----------------- Instantiating /home/travis/build/icyphy/ptII/ptolemy/actor/lib/test/auto/MatrixCropFix.xml
2 ms. Memory: 1364480K Free: 738009K (54%)
----------------- Invoking toplevel() on ptolemy.moml.MoMLSimpleApplication@2989cfd5
----------------- Done invoking toplevel() on ptolemy.moml.MoMLSimpleApplication@2989cfd5
reloadAllAccessors: .MatrixCropFix

===========================================================================================
----------------- testing Tue May 21 04:22:45 UTC 2019 /home/travis/build/icyphy/ptII/ptolemy/actor/lib/test/auto/MatrixCropInt.xml
----------------- Instantiating /home/travis/build/icyphy/ptII/ptolemy/actor/lib/test/auto/MatrixCropInt.xml
2 ms. Memory: 1364480K Free: 718927K (53%)
----------------- Invoking toplevel() on ptolemy.moml.MoMLSimpleApplication@680b2f16
----------------- Done invoking toplevel() on ptolemy.moml.MoMLSimpleApplication@680b2f16
reloadAllAccessors: .MatrixCropInt

===========================================================================================
----------------- testing Tue May 21 04:22:45 UTC 2019 /home/travis/build/icyphy/ptII/ptolemy/actor/lib/test/auto/MatrixCropLong.xml
----------------- Instantiating /home/travis/build/icyphy/ptII/ptolemy/actor/lib/test/auto/MatrixCropLong.xml
1 ms. Memory: 1364480K Free: 706485K (52%)
----------------- Invoking toplevel() on ptolemy.moml.MoMLSimpleApplication@7b85de57
----------------- Done invoking toplevel() on ptolemy.moml.MoMLSimpleApplication@7b85de57
reloadAllAccessors: .MatrixCropLong

===========================================================================================
----------------- testing Tue May 21 04:22:45 UTC 2019 /home/travis/build/icyphy/ptII/ptolemy/actor/lib/test/auto/MatrixToArray.xml
----------------- Instantiating /home/travis/build/icyphy/ptII/ptolemy/actor/lib/test/auto/MatrixToArray.xml
4 ms. Memory: 1364480K Free: 681570K (50%)
----------------- Invoking toplevel() on ptolemy.moml.MoMLSimpleApplication@2a5badc2
----------------- Done invoking toplevel() on ptolemy.moml.MoMLSimpleApplication@2a5badc2
reloadAllAccessors: .MatrixToArray

===========================================================================================
----------------- testing Tue May 21 04:22:45 UTC 2019 /home/travis/build/icyphy/ptII/ptolemy/actor/lib/test/auto/MaxIndex.xml
----------------- Instantiating /home/travis/build/icyphy/ptII/ptolemy/actor/lib/test/auto/MaxIndex.xml
2 ms. Memory: 1364480K Free: 662488K (49%)
----------------- Invoking toplevel() on ptolemy.moml.MoMLSimpleApplication@3c647ee2
----------------- Done invoking toplevel() on ptolemy.moml.MoMLSimpleApplication@3c647ee2
reloadAllAccessors: .MaxIndex

===========================================================================================
----------------- testing Tue May 21 04:22:45 UTC 2019 /home/travis/build/icyphy/ptII/ptolemy/actor/lib/test/auto/Maximum.xml
----------------- Instantiating /home/travis/build/icyphy/ptII/ptolemy/actor/lib/test/auto/Maximum.xml
2 ms. Memory: 1364480K Free: 650046K (48%)
----------------- Invoking toplevel() on ptolemy.moml.MoMLSimpleApplication@612cc51f
----------------- Done invoking toplevel() on ptolemy.moml.MoMLSimpleApplication@612cc51f
reloadAllAccessors: .Maximum

===========================================================================================
----------------- testing Tue May 21 04:22:45 UTC 2019 /home/travis/build/icyphy/ptII/ptolemy/actor/lib/test/auto/MaximumComplex.xml
----------------- Instantiating /home/travis/build/icyphy/ptII/ptolemy/actor/lib/test/auto/MaximumComplex.xml
2 ms. Memory: 1364480K Free: 630964K (46%)
----------------- Invoking toplevel() on ptolemy.moml.MoMLSimpleApplication@6ef1cc89
----------------- Done invoking toplevel() on ptolemy.moml.MoMLSimpleApplication@6ef1cc89
reloadAllAccessors: .MaximumComplex

===========================================================================================
----------------- testing Tue May 21 04:22:45 UTC 2019 /home/travis/build/icyphy/ptII/ptolemy/actor/lib/test/auto/MethodCallTest.xml
----------------- Instantiating /home/travis/build/icyphy/ptII/ptolemy/actor/lib/test/auto/MethodCallTest.xml
2 ms. Memory: 1364480K Free: 618522K (45%)
----------------- Invoking toplevel() on ptolemy.moml.MoMLSimpleApplication@1730ed55
----------------- Done invoking toplevel() on ptolemy.moml.MoMLSimpleApplication@1730ed55
reloadAllAccessors: .MethodCallTest

===========================================================================================
----------------- testing Tue May 21 04:22:45 UTC 2019 /home/travis/build/icyphy/ptII/ptolemy/actor/lib/test/auto/Minimum.xml
----------------- Instantiating /home/travis/build/icyphy/ptII/ptolemy/actor/lib/test/auto/Minimum.xml
2 ms. Memory: 1364480K Free: 606081K (44%)
----------------- Invoking toplevel() on ptolemy.moml.MoMLSimpleApplication@48cc4806
----------------- Done invoking toplevel() on ptolemy.moml.MoMLSimpleApplication@48cc4806
reloadAllAccessors: .Minimum

===========================================================================================
----------------- testing Tue May 21 04:22:45 UTC 2019 /home/travis/build/icyphy/ptII/ptolemy/actor/lib/test/auto/MinimumComplex.xml
----------------- Instantiating /home/travis/build/icyphy/ptII/ptolemy/actor/lib/test/auto/MinimumComplex.xml
2 ms. Memory: 1364480K Free: 586998K (43%)
----------------- Invoking toplevel() on ptolemy.moml.MoMLSimpleApplication@b37ed3b
----------------- Done invoking toplevel() on ptolemy.moml.MoMLSimpleApplication@b37ed3b
reloadAllAccessors: .MinimumComplex

===========================================================================================
----------------- testing Tue May 21 04:22:45 UTC 2019 /home/travis/build/icyphy/ptII/ptolemy/actor/lib/test/auto/MinimumMultiports.xml
----------------- Instantiating /home/travis/build/icyphy/ptII/ptolemy/actor/lib/test/auto/MinimumMultiports.xml
4 ms. Memory: 1364480K Free: 574557K (42%)
----------------- Invoking toplevel() on ptolemy.moml.MoMLSimpleApplication@1e84f5a5
----------------- Done invoking toplevel() on ptolemy.moml.MoMLSimpleApplication@1e84f5a5
reloadAllAccessors: .MinimumMultiports

===========================================================================================
----------------- testing Tue May 21 04:22:45 UTC 2019 /home/travis/build/icyphy/ptII/ptolemy/actor/lib/test/auto/ModifyDate.xml
----------------- Instantiating /home/travis/build/icyphy/ptII/ptolemy/actor/lib/test/auto/ModifyDate.xml
4 ms. Memory: 1364480K Free: 555878K (41%)
----------------- Invoking toplevel() on ptolemy.moml.MoMLSimpleApplication@35a98d4e
----------------- Done invoking toplevel() on ptolemy.moml.MoMLSimpleApplication@35a98d4e
reloadAllAccessors: .ModifyDate

===========================================================================================
----------------- testing Tue May 21 04:22:45 UTC 2019 /home/travis/build/icyphy/ptII/ptolemy/actor/lib/test/auto/ModifyDate2.xml
----------------- Instantiating /home/travis/build/icyphy/ptII/ptolemy/actor/lib/test/auto/ModifyDate2.xml
2 ms. Memory: 1364480K Free: 530559K (39%)
----------------- Invoking toplevel() on ptolemy.moml.MoMLSimpleApplication@7c622b17
----------------- Done invoking toplevel() on ptolemy.moml.MoMLSimpleApplication@7c622b17
reloadAllAccessors: .ModifyDate2

===========================================================================================
----------------- testing Tue May 21 04:22:45 UTC 2019 /home/travis/build/icyphy/ptII/ptolemy/actor/lib/test/auto/MovingAverage.xml
----------------- Instantiating /home/travis/build/icyphy/ptII/ptolemy/actor/lib/test/auto/MovingAverage.xml
1 ms. Memory: 1364480K Free: 518118K (38%)
----------------- Invoking toplevel() on ptolemy.moml.MoMLSimpleApplication@4125742e
----------------- Done invoking toplevel() on ptolemy.moml.MoMLSimpleApplication@4125742e
reloadAllAccessors: .MovingAverage

===========================================================================================
----------------- testing Tue May 21 04:22:45 UTC 2019 /home/travis/build/icyphy/ptII/ptolemy/actor/lib/test/auto/MovingMaximum.xml
----------------- Instantiating /home/travis/build/icyphy/ptII/ptolemy/actor/lib/test/auto/MovingMaximum.xml
2 ms. Memory: 1364480K Free: 499035K (37%)
----------------- Invoking toplevel() on ptolemy.moml.MoMLSimpleApplication@5f0e0251
----------------- Done invoking toplevel() on ptolemy.moml.MoMLSimpleApplication@5f0e0251
reloadAllAccessors: .MovingMaximum

===========================================================================================
----------------- testing Tue May 21 04:22:45 UTC 2019 /home/travis/build/icyphy/ptII/ptolemy/actor/lib/test/auto/MultipleLinksToSameRelation.xml
----------------- Instantiating /home/travis/build/icyphy/ptII/ptolemy/actor/lib/test/auto/MultipleLinksToSameRelation.xml
2 ms. Memory: 1364480K Free: 486594K (36%)
----------------- Invoking toplevel() on ptolemy.moml.MoMLSimpleApplication@524d957d
----------------- Done invoking toplevel() on ptolemy.moml.MoMLSimpleApplication@524d957d
reloadAllAccessors: .MultipleLinksToSameRelation

===========================================================================================
----------------- testing Tue May 21 04:22:45 UTC 2019 /home/travis/build/icyphy/ptII/ptolemy/actor/lib/test/auto/MultipleLinksToSameRelationDE.xml
----------------- Instantiating /home/travis/build/icyphy/ptII/ptolemy/actor/lib/test/auto/MultipleLinksToSameRelationDE.xml
2 ms. Memory: 1364480K Free: 474152K (35%)
----------------- Invoking toplevel() on ptolemy.moml.MoMLSimpleApplication@455fa030
----------------- Done invoking toplevel() on ptolemy.moml.MoMLSimpleApplication@455fa030
reloadAllAccessors: .MultipleLinksToSameRelationDE

===========================================================================================
----------------- testing Tue May 21 04:22:45 UTC 2019 /home/travis/build/icyphy/ptII/ptolemy/actor/lib/test/auto/Multiplexor.xml
----------------- Instantiating /home/travis/build/icyphy/ptII/ptolemy/actor/lib/test/auto/Multiplexor.xml
2 ms. Memory: 1364480K Free: 455070K (33%)
----------------- Invoking toplevel() on ptolemy.moml.MoMLSimpleApplication@3f05647d
----------------- Done invoking toplevel() on ptolemy.moml.MoMLSimpleApplication@3f05647d
reloadAllAccessors: .Multiplexor

===========================================================================================
----------------- testing Tue May 21 04:22:45 UTC 2019 /home/travis/build/icyphy/ptII/ptolemy/actor/lib/test/auto/Multiplexor1.xml
----------------- Instantiating /home/travis/build/icyphy/ptII/ptolemy/actor/lib/test/auto/Multiplexor1.xml
2 ms. Memory: 1364480K Free: 442628K (32%)
----------------- Invoking toplevel() on ptolemy.moml.MoMLSimpleApplication@6e800a1f
----------------- Done invoking toplevel() on ptolemy.moml.MoMLSimpleApplication@6e800a1f
reloadAllAccessors: .Multiplexor1

===========================================================================================
----------------- testing Tue May 21 04:22:45 UTC 2019 /home/travis/build/icyphy/ptII/ptolemy/actor/lib/test/auto/Multiplexor2.xml
----------------- Instantiating /home/travis/build/icyphy/ptII/ptolemy/actor/lib/test/auto/Multiplexor2.xml
2 ms. Memory: 1364480K Free: 430187K (32%)
----------------- Invoking toplevel() on ptolemy.moml.MoMLSimpleApplication@459db01b
----------------- Done invoking toplevel() on ptolemy.moml.MoMLSimpleApplication@459db01b
reloadAllAccessors: .Multiplexor2

===========================================================================================
----------------- testing Tue May 21 04:22:45 UTC 2019 /home/travis/build/icyphy/ptII/ptolemy/actor/lib/test/auto/Multiplexor3.xml
----------------- Instantiating /home/travis/build/icyphy/ptII/ptolemy/actor/lib/test/auto/Multiplexor3.xml
2 ms. Memory: 1364480K Free: 411104K (30%)
----------------- Invoking toplevel() on ptolemy.moml.MoMLSimpleApplication@7fb76636
----------------- Done invoking toplevel() on ptolemy.moml.MoMLSimpleApplication@7fb76636
reloadAllAccessors: .Multiplexor3

===========================================================================================
----------------- testing Tue May 21 04:22:45 UTC 2019 /home/travis/build/icyphy/ptII/ptolemy/actor/lib/test/auto/MultiplexorDE.xml
----------------- Instantiating /home/travis/build/icyphy/ptII/ptolemy/actor/lib/test/auto/MultiplexorDE.xml
2 ms. Memory: 1364480K Free: 398663K (29%)
----------------- Invoking toplevel() on ptolemy.moml.MoMLSimpleApplication@2d8ce18e
----------------- Done invoking toplevel() on ptolemy.moml.MoMLSimpleApplication@2d8ce18e
reloadAllAccessors: .MultiplexorDE

===========================================================================================
----------------- testing Tue May 21 04:22:45 UTC 2019 /home/travis/build/icyphy/ptII/ptolemy/actor/lib/test/auto/MultiportBroadcastTest.xml
----------------- Instantiating /home/travis/build/icyphy/ptII/ptolemy/actor/lib/test/auto/MultiportBroadcastTest.xml
50 ms. Memory: 1364480K Free: 379580K (28%)
----------------- Invoking toplevel() on ptolemy.moml.MoMLSimpleApplication@62636624
----------------- Done invoking toplevel() on ptolemy.moml.MoMLSimpleApplication@62636624
reloadAllAccessors: .MultiportBroadcastTest

===========================================================================================
----------------- testing Tue May 21 04:22:45 UTC 2019 /home/travis/build/icyphy/ptII/ptolemy/actor/lib/test/auto/MultiportOutHangDuringGetWidth.xml
----------------- Instantiating /home/travis/build/icyphy/ptII/ptolemy/actor/lib/test/auto/MultiportOutHangDuringGetWidth.xml
4 ms. Memory: 1364480K Free: 360918K (26%)
----------------- Invoking toplevel() on ptolemy.moml.MoMLSimpleApplication@2f6e1281
----------------- Done invoking toplevel() on ptolemy.moml.MoMLSimpleApplication@2f6e1281
reloadAllAccessors: .MultiportOutHangDuringGetWidth

===========================================================================================
----------------- testing Tue May 21 04:22:45 UTC 2019 /home/travis/build/icyphy/ptII/ptolemy/actor/lib/test/auto/NilToken.xml
----------------- Instantiating /home/travis/build/icyphy/ptII/ptolemy/actor/lib/test/auto/NilToken.xml
1 ms. Memory: 1364480K Free: 348476K (26%)
----------------- Invoking toplevel() on ptolemy.moml.MoMLSimpleApplication@5adacf39
----------------- Done invoking toplevel() on ptolemy.moml.MoMLSimpleApplication@5adacf39
reloadAllAccessors: .NilToken

===========================================================================================
----------------- testing Tue May 21 04:22:45 UTC 2019 /home/travis/build/icyphy/ptII/ptolemy/actor/lib/test/auto/NilTokenNonStrictTest.xml
----------------- Instantiating /home/travis/build/icyphy/ptII/ptolemy/actor/lib/test/auto/NilTokenNonStrictTest.xml
6 ms. Memory: 1364480K Free: 329394K (24%)
----------------- Invoking toplevel() on ptolemy.moml.MoMLSimpleApplication@29e1f527
----------------- Done invoking toplevel() on ptolemy.moml.MoMLSimpleApplication@29e1f527
reloadAllAccessors: .NilTokenNonStrictTest

===========================================================================================
----------------- testing Tue May 21 04:22:46 UTC 2019 /home/travis/build/icyphy/ptII/ptolemy/actor/lib/test/auto/NilTokenRecord.xml
----------------- Instantiating /home/travis/build/icyphy/ptII/ptolemy/actor/lib/test/auto/NilTokenRecord.xml
4 ms. Memory: 1364480K Free: 316952K (23%)
----------------- Invoking toplevel() on ptolemy.moml.MoMLSimpleApplication@7c7bc942
----------------- Done invoking toplevel() on ptolemy.moml.MoMLSimpleApplication@7c7bc942
reloadAllAccessors: .NilTokenRecord

===========================================================================================
----------------- testing Tue May 21 04:22:46 UTC 2019 /home/travis/build/icyphy/ptII/ptolemy/actor/lib/test/auto/NilTokenTypeTest.xml
----------------- Instantiating /home/travis/build/icyphy/ptII/ptolemy/actor/lib/test/auto/NilTokenTypeTest.xml
4 ms. Memory: 1364480K Free: 298274K (22%)
----------------- Invoking toplevel() on ptolemy.moml.MoMLSimpleApplication@4c5b15cc
----------------- Done invoking toplevel() on ptolemy.moml.MoMLSimpleApplication@4c5b15cc
reloadAllAccessors: .NilTokenTypeTest

===========================================================================================
----------------- testing Tue May 21 04:22:46 UTC 2019 /home/travis/build/icyphy/ptII/ptolemy/actor/lib/test/auto/ObjectToken1.xml
----------------- Instantiating /home/travis/build/icyphy/ptII/ptolemy/actor/lib/test/auto/ObjectToken1.xml
1 ms. Memory: 1364480K Free: 279192K (20%)
----------------- Invoking toplevel() on ptolemy.moml.MoMLSimpleApplication@199584d
----------------- Done invoking toplevel() on ptolemy.moml.MoMLSimpleApplication@199584d
reloadAllAccessors: .ObjectToken1

===========================================================================================
----------------- testing Tue May 21 04:22:46 UTC 2019 /home/travis/build/icyphy/ptII/ptolemy/actor/lib/test/auto/OrderedMerge.xml
----------------- Instantiating /home/travis/build/icyphy/ptII/ptolemy/actor/lib/test/auto/OrderedMerge.xml
6 ms. Memory: 1364480K Free: 241867K (18%)
----------------- Invoking toplevel() on ptolemy.moml.MoMLSimpleApplication@84580b9
----------------- Done invoking toplevel() on ptolemy.moml.MoMLSimpleApplication@84580b9
reloadAllAccessors: .OrderedMerge

===========================================================================================
----------------- testing Tue May 21 04:22:46 UTC 2019 /home/travis/build/icyphy/ptII/ptolemy/actor/lib/test/auto/OrderedRecordDisassembler.xml
----------------- Instantiating /home/travis/build/icyphy/ptII/ptolemy/actor/lib/test/auto/OrderedRecordDisassembler.xml
3 ms. Memory: 1364480K Free: 222784K (16%)
----------------- Invoking toplevel() on ptolemy.moml.MoMLSimpleApplication@7c24d292
----------------- Done invoking toplevel() on ptolemy.moml.MoMLSimpleApplication@7c24d292
reloadAllAccessors: .OrderedRecordDisassembler

===========================================================================================
----------------- testing Tue May 21 04:22:46 UTC 2019 /home/travis/build/icyphy/ptII/ptolemy/actor/lib/test/auto/OrderedRecordDisassembler2.xml
----------------- Instantiating /home/travis/build/icyphy/ptII/ptolemy/actor/lib/test/auto/OrderedRecordDisassembler2.xml
3 ms. Memory: 1364480K Free: 210343K (15%)
----------------- Invoking toplevel() on ptolemy.moml.MoMLSimpleApplication@53e11e87
----------------- Done invoking toplevel() on ptolemy.moml.MoMLSimpleApplication@53e11e87
reloadAllAccessors: .OrderedRecordDisassembler2

===========================================================================================
----------------- testing Tue May 21 04:22:46 UTC 2019 /home/travis/build/icyphy/ptII/ptolemy/actor/lib/test/auto/OrderedRecordUpdater.xml
----------------- Instantiating /home/travis/build/icyphy/ptII/ptolemy/actor/lib/test/auto/OrderedRecordUpdater.xml
3 ms. Memory: 1364480K Free: 197901K (15%)
----------------- Invoking toplevel() on ptolemy.moml.MoMLSimpleApplication@4f692688
----------------- Done invoking toplevel() on ptolemy.moml.MoMLSimpleApplication@4f692688
reloadAllAccessors: .RecordUpdater

===========================================================================================
----------------- testing Tue May 21 04:22:46 UTC 2019 /home/travis/build/icyphy/ptII/ptolemy/actor/lib/test/auto/OrderedRecordUpdater2.xml
----------------- Instantiating /home/travis/build/icyphy/ptII/ptolemy/actor/lib/test/auto/OrderedRecordUpdater2.xml
1 ms. Memory: 1364480K Free: 178819K (13%)
----------------- Invoking toplevel() on ptolemy.moml.MoMLSimpleApplication@2ae2bd42
----------------- Done invoking toplevel() on ptolemy.moml.MoMLSimpleApplication@2ae2bd42
reloadAllAccessors: .RecordUpdater2

===========================================================================================
----------------- testing Tue May 21 04:22:46 UTC 2019 /home/travis/build/icyphy/ptII/ptolemy/actor/lib/test/auto/PhaseUnwrap.xml
----------------- Instantiating /home/travis/build/icyphy/ptII/ptolemy/actor/lib/test/auto/PhaseUnwrap.xml
2 ms. Memory: 1364480K Free: 166377K (12%)
----------------- Invoking toplevel() on ptolemy.moml.MoMLSimpleApplication@49b6ee89
----------------- Done invoking toplevel() on ptolemy.moml.MoMLSimpleApplication@49b6ee89
reloadAllAccessors: .PhaseUnwrap

===========================================================================================
----------------- testing Tue May 21 04:22:46 UTC 2019 /home/travis/build/icyphy/ptII/ptolemy/actor/lib/test/auto/PoissonClock.xml
----------------- Instantiating /home/travis/build/icyphy/ptII/ptolemy/actor/lib/test/auto/PoissonClock.xml
2 ms. Memory: 1364480K Free: 153936K (11%)
----------------- Invoking toplevel() on ptolemy.moml.MoMLSimpleApplication@595ad9c2
----------------- Done invoking toplevel() on ptolemy.moml.MoMLSimpleApplication@595ad9c2
reloadAllAccessors: .PoissonClock

===========================================================================================
----------------- testing Tue May 21 04:22:46 UTC 2019 /home/travis/build/icyphy/ptII/ptolemy/actor/lib/test/auto/PoissonClock2.xml
----------------- Instantiating /home/travis/build/icyphy/ptII/ptolemy/actor/lib/test/auto/PoissonClock2.xml
1 ms. Memory: 1364480K Free: 134854K (10%)
----------------- Invoking toplevel() on ptolemy.moml.MoMLSimpleApplication@44b736e1
----------------- Done invoking toplevel() on ptolemy.moml.MoMLSimpleApplication@44b736e1
reloadAllAccessors: .PoissonClock2

===========================================================================================
----------------- testing Tue May 21 04:22:46 UTC 2019 /home/travis/build/icyphy/ptII/ptolemy/actor/lib/test/auto/PoissonClock3.xml
----------------- Instantiating /home/travis/build/icyphy/ptII/ptolemy/actor/lib/test/auto/PoissonClock3.xml
2 ms. Memory: 1364480K Free: 122412K (9%)
----------------- Invoking toplevel() on ptolemy.moml.MoMLSimpleApplication@557ad476
----------------- Done invoking toplevel() on ptolemy.moml.MoMLSimpleApplication@557ad476
reloadAllAccessors: .PoissonClock3

===========================================================================================
----------------- testing Tue May 21 04:22:46 UTC 2019 /home/travis/build/icyphy/ptII/ptolemy/actor/lib/test/auto/PubSubWithInitialTokens.xml
----------------- Instantiating /home/travis/build/icyphy/ptII/ptolemy/actor/lib/test/auto/PubSubWithInitialTokens.xml
2 ms. Memory: 1364480K Free: 103330K (8%)
----------------- Invoking toplevel() on ptolemy.moml.MoMLSimpleApplication@22491694
----------------- Done invoking toplevel() on ptolemy.moml.MoMLSimpleApplication@22491694
reloadAllAccessors: .PubSubWithInitialTokens

===========================================================================================
----------------- testing Tue May 21 04:22:46 UTC 2019 /home/travis/build/icyphy/ptII/ptolemy/actor/lib/test/auto/PubSubWithInitialTokens2.xml
----------------- Instantiating /home/travis/build/icyphy/ptII/ptolemy/actor/lib/test/auto/PubSubWithInitialTokens2.xml
2 ms. Memory: 1364480K Free: 90888K (7%)
----------------- Invoking toplevel() on ptolemy.moml.MoMLSimpleApplication@479e6d06
----------------- Done invoking toplevel() on ptolemy.moml.MoMLSimpleApplication@479e6d06
reloadAllAccessors: .PubSubWithInitialTokens2

===========================================================================================
----------------- testing Tue May 21 04:22:46 UTC 2019 /home/travis/build/icyphy/ptII/ptolemy/actor/lib/test/auto/PublisherClassNoParameter.xml
----------------- Instantiating /home/travis/build/icyphy/ptII/ptolemy/actor/lib/test/auto/PublisherClassNoParameter.xml
12 ms. Memory: 1562624K Free: 1518534K (97%)
----------------- Invoking toplevel() on ptolemy.moml.MoMLSimpleApplication@15712014
----------------- Done invoking toplevel() on ptolemy.moml.MoMLSimpleApplication@15712014
reloadAllAccessors: .PublisherClassNoParameter

===========================================================================================
----------------- testing Tue May 21 04:22:46 UTC 2019 /home/travis/build/icyphy/ptII/ptolemy/actor/lib/test/auto/PublisherClassParameter.xml
----------------- Instantiating /home/travis/build/icyphy/ptII/ptolemy/actor/lib/test/auto/PublisherClassParameter.xml
2 ms. Memory: 1562624K Free: 1486281K (95%)
----------------- Invoking toplevel() on ptolemy.moml.MoMLSimpleApplication@d6d3148
----------------- Done invoking toplevel() on ptolemy.moml.MoMLSimpleApplication@d6d3148
reloadAllAccessors: .PublisherClassParameter

===========================================================================================
----------------- testing Tue May 21 04:22:46 UTC 2019 /home/travis/build/icyphy/ptII/ptolemy/actor/lib/test/auto/PublisherNonStrictTest.xml
----------------- Instantiating /home/travis/build/icyphy/ptII/ptolemy/actor/lib/test/auto/PublisherNonStrictTest.xml
3 ms. Memory: 1562624K Free: 1471674K (94%)
----------------- Invoking toplevel() on ptolemy.moml.MoMLSimpleApplication@3b0c9533
----------------- Done invoking toplevel() on ptolemy.moml.MoMLSimpleApplication@3b0c9533
reloadAllAccessors: .PublisherNonStrictTest

===========================================================================================
----------------- testing Tue May 21 04:22:46 UTC 2019 /home/travis/build/icyphy/ptII/ptolemy/actor/lib/test/auto/PublisherPort1.xml
----------------- Instantiating /home/travis/build/icyphy/ptII/ptolemy/actor/lib/test/auto/PublisherPort1.xml
3 ms. Memory: 1562624K Free: 1450465K (93%)
----------------- Invoking toplevel() on ptolemy.moml.MoMLSimpleApplication@28fc7f96
----------------- Done invoking toplevel() on ptolemy.moml.MoMLSimpleApplication@28fc7f96
reloadAllAccessors: .PublisherPort1

===========================================================================================
----------------- testing Tue May 21 04:22:46 UTC 2019 /home/travis/build/icyphy/ptII/ptolemy/actor/lib/test/auto/PublisherPort2.xml
----------------- Instantiating /home/travis/build/icyphy/ptII/ptolemy/actor/lib/test/auto/PublisherPort2.xml
1 ms. Memory: 1562624K Free: 1435857K (92%)
----------------- Invoking toplevel() on ptolemy.moml.MoMLSimpleApplication@2c3c7b1b
----------------- Done invoking toplevel() on ptolemy.moml.MoMLSimpleApplication@2c3c7b1b
reloadAllAccessors: .PublisherPort2

===========================================================================================
----------------- testing Tue May 21 04:22:46 UTC 2019 /home/travis/build/icyphy/ptII/ptolemy/actor/lib/test/auto/PublisherPort3.xml
----------------- Instantiating /home/travis/build/icyphy/ptII/ptolemy/actor/lib/test/auto/PublisherPort3.xml
3 ms. Memory: 1562624K Free: 1421250K (91%)
----------------- Invoking toplevel() on ptolemy.moml.MoMLSimpleApplication@65f9d4d8
----------------- Done invoking toplevel() on ptolemy.moml.MoMLSimpleApplication@65f9d4d8
reloadAllAccessors: .PublisherPort3

===========================================================================================
----------------- testing Tue May 21 04:22:46 UTC 2019 /home/travis/build/icyphy/ptII/ptolemy/actor/lib/test/auto/PublisherPort4.xml
----------------- Instantiating /home/travis/build/icyphy/ptII/ptolemy/actor/lib/test/auto/PublisherPort4.xml
3 ms. Memory: 1562624K Free: 1400041K (90%)
----------------- Invoking toplevel() on ptolemy.moml.MoMLSimpleApplication@2cdc6817
----------------- Done invoking toplevel() on ptolemy.moml.MoMLSimpleApplication@2cdc6817
reloadAllAccessors: .PublisherPort4

===========================================================================================
----------------- testing Tue May 21 04:22:46 UTC 2019 /home/travis/build/icyphy/ptII/ptolemy/actor/lib/test/auto/PublisherPort5.xml
----------------- Instantiating /home/travis/build/icyphy/ptII/ptolemy/actor/lib/test/auto/PublisherPort5.xml
3 ms. Memory: 1562624K Free: 1385434K (89%)
----------------- Invoking toplevel() on ptolemy.moml.MoMLSimpleApplication@29ac16b3
----------------- Done invoking toplevel() on ptolemy.moml.MoMLSimpleApplication@29ac16b3
reloadAllAccessors: .PublisherPort5

===========================================================================================
----------------- testing Tue May 21 04:22:46 UTC 2019 /home/travis/build/icyphy/ptII/ptolemy/actor/lib/test/auto/PublisherPort5LookAlike.xml
----------------- Instantiating /home/travis/build/icyphy/ptII/ptolemy/actor/lib/test/auto/PublisherPort5LookAlike.xml
3 ms. Memory: 1562624K Free: 1364097K (87%)
----------------- Invoking toplevel() on ptolemy.moml.MoMLSimpleApplication@5fc58e68
----------------- Done invoking toplevel() on ptolemy.moml.MoMLSimpleApplication@5fc58e68
reloadAllAccessors: .PublisherPort5LookAlike

===========================================================================================
----------------- testing Tue May 21 04:22:46 UTC 2019 /home/travis/build/icyphy/ptII/ptolemy/actor/lib/test/auto/PublisherPort6.xml
----------------- Instantiating /home/travis/build/icyphy/ptII/ptolemy/actor/lib/test/auto/PublisherPort6.xml
2 ms. Memory: 1562624K Free: 1349489K (86%)
----------------- Invoking toplevel() on ptolemy.moml.MoMLSimpleApplication@4dd874c9
----------------- Done invoking toplevel() on ptolemy.moml.MoMLSimpleApplication@4dd874c9
reloadAllAccessors: .PublisherPort6

===========================================================================================
----------------- testing Tue May 21 04:22:46 UTC 2019 /home/travis/build/icyphy/ptII/ptolemy/actor/lib/test/auto/PublisherPort7.xml
----------------- Instantiating /home/travis/build/icyphy/ptII/ptolemy/actor/lib/test/auto/PublisherPort7.xml
3 ms. Memory: 1562624K Free: 1334882K (85%)
----------------- Invoking toplevel() on ptolemy.moml.MoMLSimpleApplication@1ecc3a23
----------------- Done invoking toplevel() on ptolemy.moml.MoMLSimpleApplication@1ecc3a23
reloadAllAccessors: .PublisherPort7

===========================================================================================
----------------- testing Tue May 21 04:22:46 UTC 2019 /home/travis/build/icyphy/ptII/ptolemy/actor/lib/test/auto/PublisherPort8.xml
----------------- Instantiating /home/travis/build/icyphy/ptII/ptolemy/actor/lib/test/auto/PublisherPort8.xml
3 ms. Memory: 1562624K Free: 1313673K (84%)
----------------- Invoking toplevel() on ptolemy.moml.MoMLSimpleApplication@83aa155
----------------- Done invoking toplevel() on ptolemy.moml.MoMLSimpleApplication@83aa155
reloadAllAccessors: .PublisherPort8

===========================================================================================
----------------- testing Tue May 21 04:22:46 UTC 2019 /home/travis/build/icyphy/ptII/ptolemy/actor/lib/test/auto/PublisherPortSubscriberChannelVariablesAOC2.xml
----------------- Instantiating /home/travis/build/icyphy/ptII/ptolemy/actor/lib/test/auto/PublisherPortSubscriberChannelVariablesAOC2.xml
3 ms. Memory: 1562624K Free: 1284458K (82%)
----------------- Invoking toplevel() on ptolemy.moml.MoMLSimpleApplication@3f6fdca2
----------------- Done invoking toplevel() on ptolemy.moml.MoMLSimpleApplication@3f6fdca2
reloadAllAccessors: .PublisherPortSubscriberChannelVariablesAOC2

===========================================================================================
----------------- testing Tue May 21 04:22:46 UTC 2019 /home/travis/build/icyphy/ptII/ptolemy/actor/lib/test/auto/PublisherPortSubscriberOpaqueWidthInference.xml
----------------- Instantiating /home/travis/build/icyphy/ptII/ptolemy/actor/lib/test/auto/PublisherPortSubscriberOpaqueWidthInference.xml
3 ms. Memory: 1562624K Free: 1269851K (81%)
----------------- Invoking toplevel() on ptolemy.moml.MoMLSimpleApplication@30fc827f
----------------- Done invoking toplevel() on ptolemy.moml.MoMLSimpleApplication@30fc827f
reloadAllAccessors: .PublisherPortSubscriberOpaqueWidthInference

===========================================================================================
----------------- testing Tue May 21 04:22:46 UTC 2019 /home/travis/build/icyphy/ptII/ptolemy/actor/lib/test/auto/PublisherPortSubscriberPortAdjacent.xml
----------------- Instantiating /home/travis/build/icyphy/ptII/ptolemy/actor/lib/test/auto/PublisherPortSubscriberPortAdjacent.xml
1 ms. Memory: 1562624K Free: 1248642K (80%)
----------------- Invoking toplevel() on ptolemy.moml.MoMLSimpleApplication@783204a9
----------------- Done invoking toplevel() on ptolemy.moml.MoMLSimpleApplication@783204a9
reloadAllAccessors: .PublisherPortSubscriberPortAdjacent

===========================================================================================
----------------- testing Tue May 21 04:22:46 UTC 2019 /home/travis/build/icyphy/ptII/ptolemy/actor/lib/test/auto/PublisherPortSubscriberPortExpression.xml
----------------- Instantiating /home/travis/build/icyphy/ptII/ptolemy/actor/lib/test/auto/PublisherPortSubscriberPortExpression.xml
3 ms. Memory: 1562624K Free: 1234035K (79%)
----------------- Invoking toplevel() on ptolemy.moml.MoMLSimpleApplication@21ee334e
----------------- Done invoking toplevel() on ptolemy.moml.MoMLSimpleApplication@21ee334e
reloadAllAccessors: .PublisherPortSubscriberPortExpression

===========================================================================================
----------------- testing Tue May 21 04:22:46 UTC 2019 /home/travis/build/icyphy/ptII/ptolemy/actor/lib/test/auto/PublisherPortSubscriberPortOpaqueD3Reverse.xml
----------------- Instantiating /home/travis/build/icyphy/ptII/ptolemy/actor/lib/test/auto/PublisherPortSubscriberPortOpaqueD3Reverse.xml
6 ms. Memory: 1562624K Free: 1212826K (78%)
----------------- Invoking toplevel() on ptolemy.moml.MoMLSimpleApplication@3111bace
----------------- Done invoking toplevel() on ptolemy.moml.MoMLSimpleApplication@3111bace
reloadAllAccessors: .PublisherPortSubscriberPortOpaqueD3Reverse

===========================================================================================
----------------- testing Tue May 21 04:22:46 UTC 2019 /home/travis/build/icyphy/ptII/ptolemy/actor/lib/test/auto/PublisherPortSubscriberPortOpaqueWidthInference.xml
----------------- Instantiating /home/travis/build/icyphy/ptII/ptolemy/actor/lib/test/auto/PublisherPortSubscriberPortOpaqueWidthInference.xml
4 ms. Memory: 1562624K Free: 1198219K (77%)
----------------- Invoking toplevel() on ptolemy.moml.MoMLSimpleApplication@124f173d
----------------- Done invoking toplevel() on ptolemy.moml.MoMLSimpleApplication@124f173d
reloadAllAccessors: .PublisherPortSubscriberPortOpaqueWidthInference

===========================================================================================
----------------- testing Tue May 21 04:22:46 UTC 2019 /home/travis/build/icyphy/ptII/ptolemy/actor/lib/test/auto/PublisherPortToplevelSubscriberPortAOC.xml
----------------- Instantiating /home/travis/build/icyphy/ptII/ptolemy/actor/lib/test/auto/PublisherPortToplevelSubscriberPortAOC.xml
.PublisherPortToplevelSubscriberPortAOC.TestExceptionAttribute: initialize() was not invoked, but wrapup() was.  This is unusual, but not always a problem.  For example, exporting JNLP will do this.
0 ms. Memory: 1562624K Free: 1183612K (76%)
----------------- Invoking toplevel() on ptolemy.moml.MoMLSimpleApplication@73b361d9
----------------- Done invoking toplevel() on ptolemy.moml.MoMLSimpleApplication@73b361d9
reloadAllAccessors: .PublisherPortToplevelSubscriberPortAOC

===========================================================================================
----------------- testing Tue May 21 04:22:46 UTC 2019 /home/travis/build/icyphy/ptII/ptolemy/actor/lib/test/auto/PublisherSubscriber.xml
----------------- Instantiating /home/travis/build/icyphy/ptII/ptolemy/actor/lib/test/auto/PublisherSubscriber.xml
2 ms. Memory: 1562624K Free: 1162403K (74%)
----------------- Invoking toplevel() on ptolemy.moml.MoMLSimpleApplication@1dd548aa
----------------- Done invoking toplevel() on ptolemy.moml.MoMLSimpleApplication@1dd548aa
reloadAllAccessors: .PublisherSubscriber

===========================================================================================
----------------- testing Tue May 21 04:22:46 UTC 2019 /home/travis/build/icyphy/ptII/ptolemy/actor/lib/test/auto/PublisherSubscriber10.xml
----------------- Instantiating /home/travis/build/icyphy/ptII/ptolemy/actor/lib/test/auto/PublisherSubscriber10.xml
4 ms. Memory: 1562624K Free: 1147796K (73%)
----------------- Invoking toplevel() on ptolemy.moml.MoMLSimpleApplication@73a966b6
----------------- Done invoking toplevel() on ptolemy.moml.MoMLSimpleApplication@73a966b6
reloadAllAccessors: .PublisherSubscriber10

===========================================================================================
----------------- testing Tue May 21 04:22:46 UTC 2019 /home/travis/build/icyphy/ptII/ptolemy/actor/lib/test/auto/PublisherSubscriber10InitialOutputs.xml
----------------- Instantiating /home/travis/build/icyphy/ptII/ptolemy/actor/lib/test/auto/PublisherSubscriber10InitialOutputs.xml
5 ms. Memory: 1562624K Free: 1126587K (72%)
----------------- Invoking toplevel() on ptolemy.moml.MoMLSimpleApplication@1c08671
----------------- Done invoking toplevel() on ptolemy.moml.MoMLSimpleApplication@1c08671
reloadAllAccessors: .PublisherSubscriber10InitialOutputs

===========================================================================================
----------------- testing Tue May 21 04:22:46 UTC 2019 /home/travis/build/icyphy/ptII/ptolemy/actor/lib/test/auto/PublisherSubscriber11.xml
----------------- Instantiating /home/travis/build/icyphy/ptII/ptolemy/actor/lib/test/auto/PublisherSubscriber11.xml
2 ms. Memory: 1562624K Free: 1111979K (71%)
----------------- Invoking toplevel() on ptolemy.moml.MoMLSimpleApplication@409f027b
----------------- Done invoking toplevel() on ptolemy.moml.MoMLSimpleApplication@409f027b
reloadAllAccessors: .PublisherSubscriber11

===========================================================================================
----------------- testing Tue May 21 04:22:46 UTC 2019 /home/travis/build/icyphy/ptII/ptolemy/actor/lib/test/auto/PublisherSubscriber12.xml
----------------- Instantiating /home/travis/build/icyphy/ptII/ptolemy/actor/lib/test/auto/PublisherSubscriber12.xml
5 ms. Memory: 1562624K Free: 1097372K (70%)
----------------- Invoking toplevel() on ptolemy.moml.MoMLSimpleApplication@5e2b744
----------------- Done invoking toplevel() on ptolemy.moml.MoMLSimpleApplication@5e2b744
reloadAllAccessors: .PublisherSubscriber12

===========================================================================================
----------------- testing Tue May 21 04:22:46 UTC 2019 /home/travis/build/icyphy/ptII/ptolemy/actor/lib/test/auto/PublisherSubscriber13.xml
----------------- Instantiating /home/travis/build/icyphy/ptII/ptolemy/actor/lib/test/auto/PublisherSubscriber13.xml
1 ms. Memory: 1562624K Free: 1076163K (69%)
----------------- Invoking toplevel() on ptolemy.moml.MoMLSimpleApplication@52a7cd0f
----------------- Done invoking toplevel() on ptolemy.moml.MoMLSimpleApplication@52a7cd0f
reloadAllAccessors: .PublisherSubscriber13

===========================================================================================
----------------- testing Tue May 21 04:22:46 UTC 2019 /home/travis/build/icyphy/ptII/ptolemy/actor/lib/test/auto/PublisherSubscriber14.xml
----------------- Instantiating /home/travis/build/icyphy/ptII/ptolemy/actor/lib/test/auto/PublisherSubscriber14.xml
2 ms. Memory: 1562624K Free: 1061556K (68%)
----------------- Invoking toplevel() on ptolemy.moml.MoMLSimpleApplication@3aa9a02c
----------------- Done invoking toplevel() on ptolemy.moml.MoMLSimpleApplication@3aa9a02c
reloadAllAccessors: .PublisherSubscriber14

===========================================================================================
----------------- testing Tue May 21 04:22:46 UTC 2019 /home/travis/build/icyphy/ptII/ptolemy/actor/lib/test/auto/PublisherSubscriber2.xml
----------------- Instantiating /home/travis/build/icyphy/ptII/ptolemy/actor/lib/test/auto/PublisherSubscriber2.xml
3 ms. Memory: 1562624K Free: 1046949K (67%)
----------------- Invoking toplevel() on ptolemy.moml.MoMLSimpleApplication@50a54d52
----------------- Done invoking toplevel() on ptolemy.moml.MoMLSimpleApplication@50a54d52
reloadAllAccessors: .PublisherSubscriber2

===========================================================================================
----------------- testing Tue May 21 04:22:46 UTC 2019 /home/travis/build/icyphy/ptII/ptolemy/actor/lib/test/auto/PublisherSubscriber3.xml
----------------- Instantiating /home/travis/build/icyphy/ptII/ptolemy/actor/lib/test/auto/PublisherSubscriber3.xml
2 ms. Memory: 1562624K Free: 1025740K (66%)
----------------- Invoking toplevel() on ptolemy.moml.MoMLSimpleApplication@3b80087
----------------- Done invoking toplevel() on ptolemy.moml.MoMLSimpleApplication@3b80087
reloadAllAccessors: .PublisherSubscriber3

===========================================================================================
----------------- testing Tue May 21 04:22:46 UTC 2019 /home/travis/build/icyphy/ptII/ptolemy/actor/lib/test/auto/PublisherSubscriber4.xml
----------------- Instantiating /home/travis/build/icyphy/ptII/ptolemy/actor/lib/test/auto/PublisherSubscriber4.xml
2 ms. Memory: 1562624K Free: 1011132K (65%)
----------------- Invoking toplevel() on ptolemy.moml.MoMLSimpleApplication@61ed2106
----------------- Done invoking toplevel() on ptolemy.moml.MoMLSimpleApplication@61ed2106
reloadAllAccessors: .PublisherSubscriber4

===========================================================================================
----------------- testing Tue May 21 04:22:46 UTC 2019 /home/travis/build/icyphy/ptII/ptolemy/actor/lib/test/auto/PublisherSubscriber5.xml
----------------- Instantiating /home/travis/build/icyphy/ptII/ptolemy/actor/lib/test/auto/PublisherSubscriber5.xml
2 ms. Memory: 1562624K Free: 989924K (63%)
----------------- Invoking toplevel() on ptolemy.moml.MoMLSimpleApplication@3c2a5882
----------------- Done invoking toplevel() on ptolemy.moml.MoMLSimpleApplication@3c2a5882
reloadAllAccessors: .PublisherSubscriber5

===========================================================================================
----------------- testing Tue May 21 04:22:46 UTC 2019 /home/travis/build/icyphy/ptII/ptolemy/actor/lib/test/auto/PublisherSubscriber6.xml
----------------- Instantiating /home/travis/build/icyphy/ptII/ptolemy/actor/lib/test/auto/PublisherSubscriber6.xml
4 ms. Memory: 1562624K Free: 975316K (62%)
----------------- Invoking toplevel() on ptolemy.moml.MoMLSimpleApplication@2ca57855
----------------- Done invoking toplevel() on ptolemy.moml.MoMLSimpleApplication@2ca57855
reloadAllAccessors: .PublisherSubscriber6

===========================================================================================
----------------- testing Tue May 21 04:22:46 UTC 2019 /home/travis/build/icyphy/ptII/ptolemy/actor/lib/test/auto/PublisherSubscriber7.xml
----------------- Instantiating /home/travis/build/icyphy/ptII/ptolemy/actor/lib/test/auto/PublisherSubscriber7.xml
7 ms. Memory: 1562624K Free: 960709K (61%)
----------------- Invoking toplevel() on ptolemy.moml.MoMLSimpleApplication@3bcf3f93
----------------- Done invoking toplevel() on ptolemy.moml.MoMLSimpleApplication@3bcf3f93
reloadAllAccessors: .PublisherSubscriber7

===========================================================================================
----------------- testing Tue May 21 04:22:46 UTC 2019 /home/travis/build/icyphy/ptII/ptolemy/actor/lib/test/auto/PublisherSubscriber8.xml
----------------- Instantiating /home/travis/build/icyphy/ptII/ptolemy/actor/lib/test/auto/PublisherSubscriber8.xml
18 ms. Memory: 1562624K Free: 866463K (55%)
----------------- Invoking toplevel() on ptolemy.moml.MoMLSimpleApplication@6144cafe
----------------- Done invoking toplevel() on ptolemy.moml.MoMLSimpleApplication@6144cafe
reloadAllAccessors: .PublisherSubscriber8

===========================================================================================
----------------- testing Tue May 21 04:22:46 UTC 2019 /home/travis/build/icyphy/ptII/ptolemy/actor/lib/test/auto/PublisherSubscriber9.xml
----------------- Instantiating /home/travis/build/icyphy/ptII/ptolemy/actor/lib/test/auto/PublisherSubscriber9.xml
2 ms. Memory: 1562624K Free: 851855K (55%)
----------------- Invoking toplevel() on ptolemy.moml.MoMLSimpleApplication@686d6f84
----------------- Done invoking toplevel() on ptolemy.moml.MoMLSimpleApplication@686d6f84
reloadAllAccessors: .PublisherSubscriber9

===========================================================================================
----------------- testing Tue May 21 04:22:46 UTC 2019 /home/travis/build/icyphy/ptII/ptolemy/actor/lib/test/auto/PublisherSubscriberAdjacent.xml
----------------- Instantiating /home/travis/build/icyphy/ptII/ptolemy/actor/lib/test/auto/PublisherSubscriberAdjacent.xml
2 ms. Memory: 1562624K Free: 830647K (53%)
----------------- Invoking toplevel() on ptolemy.moml.MoMLSimpleApplication@366255ff
----------------- Done invoking toplevel() on ptolemy.moml.MoMLSimpleApplication@366255ff
reloadAllAccessors: .PublisherSubscriberAdjacent

===========================================================================================
----------------- testing Tue May 21 04:22:46 UTC 2019 /home/travis/build/icyphy/ptII/ptolemy/actor/lib/test/auto/PublisherSubscriberChannelVariablesAOC2.xml
----------------- Instantiating /home/travis/build/icyphy/ptII/ptolemy/actor/lib/test/auto/PublisherSubscriberChannelVariablesAOC2.xml
3 ms. Memory: 1562624K Free: 808727K (52%)
----------------- Invoking toplevel() on ptolemy.moml.MoMLSimpleApplication@6a41b81
----------------- Done invoking toplevel() on ptolemy.moml.MoMLSimpleApplication@6a41b81
reloadAllAccessors: .PublisherSubscriberChannelVariablesAOC2

===========================================================================================
----------------- testing Tue May 21 04:22:47 UTC 2019 /home/travis/build/icyphy/ptII/ptolemy/actor/lib/test/auto/PublisherSubscriberD3.xml
----------------- Instantiating /home/travis/build/icyphy/ptII/ptolemy/actor/lib/test/auto/PublisherSubscriberD3.xml
1 ms. Memory: 1562624K Free: 794120K (51%)
----------------- Invoking toplevel() on ptolemy.moml.MoMLSimpleApplication@286c5d64
----------------- Done invoking toplevel() on ptolemy.moml.MoMLSimpleApplication@286c5d64
reloadAllAccessors: .PublisherSubscriberD3

===========================================================================================
----------------- testing Tue May 21 04:22:47 UTC 2019 /home/travis/build/icyphy/ptII/ptolemy/actor/lib/test/auto/PublisherSubscriberD3Reverse.xml
----------------- Instantiating /home/travis/build/icyphy/ptII/ptolemy/actor/lib/test/auto/PublisherSubscriberD3Reverse.xml
2 ms. Memory: 1562624K Free: 772911K (49%)
----------------- Invoking toplevel() on ptolemy.moml.MoMLSimpleApplication@3e1c84a2
----------------- Done invoking toplevel() on ptolemy.moml.MoMLSimpleApplication@3e1c84a2
reloadAllAccessors: .PublisherSubscriberD3Reverse

===========================================================================================
----------------- testing Tue May 21 04:22:47 UTC 2019 /home/travis/build/icyphy/ptII/ptolemy/actor/lib/test/auto/PublisherSubscriberExpression.xml
----------------- Instantiating /home/travis/build/icyphy/ptII/ptolemy/actor/lib/test/auto/PublisherSubscriberExpression.xml
3 ms. Memory: 1562624K Free: 758304K (49%)
----------------- Invoking toplevel() on ptolemy.moml.MoMLSimpleApplication@672ae41a
----------------- Done invoking toplevel() on ptolemy.moml.MoMLSimpleApplication@672ae41a
reloadAllAccessors: .PublisherSubscriberExpression

===========================================================================================
----------------- testing Tue May 21 04:22:47 UTC 2019 /home/travis/build/icyphy/ptII/ptolemy/actor/lib/test/auto/PublisherSubscriberOpaque.xml
----------------- Instantiating /home/travis/build/icyphy/ptII/ptolemy/actor/lib/test/auto/PublisherSubscriberOpaque.xml
3 ms. Memory: 1562624K Free: 743696K (48%)
----------------- Invoking toplevel() on ptolemy.moml.MoMLSimpleApplication@3fdc9b7d
----------------- Done invoking toplevel() on ptolemy.moml.MoMLSimpleApplication@3fdc9b7d
reloadAllAccessors: .PublisherSubscriberOpaque

===========================================================================================
----------------- testing Tue May 21 04:22:47 UTC 2019 /home/travis/build/icyphy/ptII/ptolemy/actor/lib/test/auto/PublisherSubscriberOpaqueD3.xml
----------------- Instantiating /home/travis/build/icyphy/ptII/ptolemy/actor/lib/test/auto/PublisherSubscriberOpaqueD3.xml
5 ms. Memory: 1562624K Free: 715168K (46%)
----------------- Invoking toplevel() on ptolemy.moml.MoMLSimpleApplication@58693324
----------------- Done invoking toplevel() on ptolemy.moml.MoMLSimpleApplication@58693324
reloadAllAccessors: .PublisherSubscriberOpaqueD3

===========================================================================================
----------------- testing Tue May 21 04:22:47 UTC 2019 /home/travis/build/icyphy/ptII/ptolemy/actor/lib/test/auto/PublisherSubscriberOpaqueD3Reverse.xml
----------------- Instantiating /home/travis/build/icyphy/ptII/ptolemy/actor/lib/test/auto/PublisherSubscriberOpaqueD3Reverse.xml
7 ms. Memory: 1562624K Free: 700560K (45%)
----------------- Invoking toplevel() on ptolemy.moml.MoMLSimpleApplication@3521578e
----------------- Done invoking toplevel() on ptolemy.moml.MoMLSimpleApplication@3521578e
reloadAllAccessors: .PublisherSubscriberOpaqueD3Reverse

===========================================================================================
----------------- testing Tue May 21 04:22:47 UTC 2019 /home/travis/build/icyphy/ptII/ptolemy/actor/lib/test/auto/PublisherSubscriberOpaqueWidthInference.xml
----------------- Instantiating /home/travis/build/icyphy/ptII/ptolemy/actor/lib/test/auto/PublisherSubscriberOpaqueWidthInference.xml
3 ms. Memory: 1562624K Free: 679352K (43%)
----------------- Invoking toplevel() on ptolemy.moml.MoMLSimpleApplication@65345d7c
----------------- Done invoking toplevel() on ptolemy.moml.MoMLSimpleApplication@65345d7c
reloadAllAccessors: .PublisherSubscriberOpaqueWidthInference

===========================================================================================
----------------- testing Tue May 21 04:22:47 UTC 2019 /home/travis/build/icyphy/ptII/ptolemy/actor/lib/test/auto/PublisherTestSubscriber.xml
----------------- Instantiating /home/travis/build/icyphy/ptII/ptolemy/actor/lib/test/auto/PublisherTestSubscriber.xml
3 ms. Memory: 1562624K Free: 664744K (43%)
----------------- Invoking toplevel() on ptolemy.moml.MoMLSimpleApplication@3223a037
----------------- Done invoking toplevel() on ptolemy.moml.MoMLSimpleApplication@3223a037
reloadAllAccessors: .PublisherTestSubscriber

===========================================================================================
----------------- testing Tue May 21 04:22:47 UTC 2019 /home/travis/build/icyphy/ptII/ptolemy/actor/lib/test/auto/PublisherToplevelSubscriberPortAOC.xml
----------------- Instantiating /home/travis/build/icyphy/ptII/ptolemy/actor/lib/test/auto/PublisherToplevelSubscriberPortAOC.xml
2 ms. Memory: 1562624K Free: 650137K (42%)
----------------- Invoking toplevel() on ptolemy.moml.MoMLSimpleApplication@91f5403
----------------- Done invoking toplevel() on ptolemy.moml.MoMLSimpleApplication@91f5403
reloadAllAccessors: .PublisherToplevelSubscriberPortAOC

===========================================================================================
----------------- testing Tue May 21 04:22:47 UTC 2019 /home/travis/build/icyphy/ptII/ptolemy/actor/lib/test/auto/PulseFiringLimitDE.xml
----------------- Instantiating /home/travis/build/icyphy/ptII/ptolemy/actor/lib/test/auto/PulseFiringLimitDE.xml
2 ms. Memory: 1562624K Free: 628928K (40%)
----------------- Invoking toplevel() on ptolemy.moml.MoMLSimpleApplication@3bbed817
----------------- Done invoking toplevel() on ptolemy.moml.MoMLSimpleApplication@3bbed817
reloadAllAccessors: .PulseFiringLimitDE

===========================================================================================
----------------- testing Tue May 21 04:22:47 UTC 2019 /home/travis/build/icyphy/ptII/ptolemy/actor/lib/test/auto/Ramp1.xml
----------------- Instantiating /home/travis/build/icyphy/ptII/ptolemy/actor/lib/test/auto/Ramp1.xml
1 ms. Memory: 1562624K Free: 614321K (39%)
----------------- Invoking toplevel() on ptolemy.moml.MoMLSimpleApplication@16bc108b
----------------- Done invoking toplevel() on ptolemy.moml.MoMLSimpleApplication@16bc108b
reloadAllAccessors: .Ramp1

===========================================================================================
----------------- testing Tue May 21 04:22:47 UTC 2019 /home/travis/build/icyphy/ptII/ptolemy/actor/lib/test/auto/RampFiringLimitDE.xml
----------------- Instantiating /home/travis/build/icyphy/ptII/ptolemy/actor/lib/test/auto/RampFiringLimitDE.xml
2 ms. Memory: 1562624K Free: 593112K (38%)
----------------- Invoking toplevel() on ptolemy.moml.MoMLSimpleApplication@2fafa61e
----------------- Done invoking toplevel() on ptolemy.moml.MoMLSimpleApplication@2fafa61e
reloadAllAccessors: .RampFiringLimitDE

===========================================================================================
----------------- testing Tue May 21 04:22:47 UTC 2019 /home/travis/build/icyphy/ptII/ptolemy/actor/lib/test/auto/RampFiringLimitSDF.xml
----------------- Instantiating /home/travis/build/icyphy/ptII/ptolemy/actor/lib/test/auto/RampFiringLimitSDF.xml
3 ms. Memory: 1562624K Free: 578505K (37%)
----------------- Invoking toplevel() on ptolemy.moml.MoMLSimpleApplication@4b410c18
----------------- Done invoking toplevel() on ptolemy.moml.MoMLSimpleApplication@4b410c18
reloadAllAccessors: .RampFiringLimitSDF

===========================================================================================
----------------- testing Tue May 21 04:22:47 UTC 2019 /home/travis/build/icyphy/ptII/ptolemy/actor/lib/test/auto/RandomInteger.xml
----------------- Instantiating /home/travis/build/icyphy/ptII/ptolemy/actor/lib/test/auto/RandomInteger.xml
1 ms. Memory: 1562624K Free: 563898K (36%)
----------------- Invoking toplevel() on ptolemy.moml.MoMLSimpleApplication@105dd291
----------------- Done invoking toplevel() on ptolemy.moml.MoMLSimpleApplication@105dd291
reloadAllAccessors: .RandomInteger

===========================================================================================
----------------- testing Tue May 21 04:22:47 UTC 2019 /home/travis/build/icyphy/ptII/ptolemy/actor/lib/test/auto/ReadFile1.xml
----------------- Instantiating /home/travis/build/icyphy/ptII/ptolemy/actor/lib/test/auto/ReadFile1.xml
1 ms. Memory: 1562624K Free: 542689K (35%)
----------------- Invoking toplevel() on ptolemy.moml.MoMLSimpleApplication@443a9292
----------------- Done invoking toplevel() on ptolemy.moml.MoMLSimpleApplication@443a9292
reloadAllAccessors: .ReadFile1

===========================================================================================
----------------- testing Tue May 21 04:22:47 UTC 2019 /home/travis/build/icyphy/ptII/ptolemy/actor/lib/test/auto/ReadFile2.xml
----------------- Instantiating /home/travis/build/icyphy/ptII/ptolemy/actor/lib/test/auto/ReadFile2.xml
1 ms. Memory: 1562624K Free: 528081K (34%)
----------------- Invoking toplevel() on ptolemy.moml.MoMLSimpleApplication@35383bae
----------------- Done invoking toplevel() on ptolemy.moml.MoMLSimpleApplication@35383bae
reloadAllAccessors: .ReadFile2

===========================================================================================
----------------- testing Tue May 21 04:22:47 UTC 2019 /home/travis/build/icyphy/ptII/ptolemy/actor/lib/test/auto/Reader.xml
----------------- Instantiating /home/travis/build/icyphy/ptII/ptolemy/actor/lib/test/auto/Reader.xml
actor.lib.Reader is obsolete, use actor.lib.io.ExpressionReader instead
6 ms. Memory: 1562624K Free: 506873K (32%)
----------------- Invoking toplevel() on ptolemy.moml.MoMLSimpleApplication@22afdc9e
----------------- Done invoking toplevel() on ptolemy.moml.MoMLSimpleApplication@22afdc9e
reloadAllAccessors: .Reader

===========================================================================================
----------------- testing Tue May 21 04:22:47 UTC 2019 /home/travis/build/icyphy/ptII/ptolemy/actor/lib/test/auto/RecordAssemblerDisplayNameTest.xml
----------------- Instantiating /home/travis/build/icyphy/ptII/ptolemy/actor/lib/test/auto/RecordAssemblerDisplayNameTest.xml
2807 ms. Memory: 1592832K Free: 751907K (47%)
----------------- Invoking toplevel() on ptolemy.moml.MoMLSimpleApplication@386d88a6
----------------- Done invoking toplevel() on ptolemy.moml.MoMLSimpleApplication@386d88a6
reloadAllAccessors: .RecordAssemblerDisplayNameTest

===========================================================================================
----------------- testing Tue May 21 04:22:50 UTC 2019 /home/travis/build/icyphy/ptII/ptolemy/actor/lib/test/auto/RecordAssemblerTypeError.xml
----------------- Instantiating /home/travis/build/icyphy/ptII/ptolemy/actor/lib/test/auto/RecordAssemblerTypeError.xml
11 ms. Memory: 1592832K Free: 720738K (45%)
----------------- Invoking toplevel() on ptolemy.moml.MoMLSimpleApplication@4d4c21c5
----------------- Done invoking toplevel() on ptolemy.moml.MoMLSimpleApplication@4d4c21c5
reloadAllAccessors: .RecordAssemblerTypeError

===========================================================================================
----------------- testing Tue May 21 04:22:50 UTC 2019 /home/travis/build/icyphy/ptII/ptolemy/actor/lib/test/auto/RecordDisassember.xml
----------------- Instantiating /home/travis/build/icyphy/ptII/ptolemy/actor/lib/test/auto/RecordDisassember.xml
7 ms. Memory: 1592832K Free: 706002K (44%)
----------------- Invoking toplevel() on ptolemy.moml.MoMLSimpleApplication@11794b49
----------------- Done invoking toplevel() on ptolemy.moml.MoMLSimpleApplication@11794b49
reloadAllAccessors: .RecordDisassember

===========================================================================================
----------------- testing Tue May 21 04:22:50 UTC 2019 /home/travis/build/icyphy/ptII/ptolemy/actor/lib/test/auto/RecordDisassemberDisplayNameTest.xml
----------------- Instantiating /home/travis/build/icyphy/ptII/ptolemy/actor/lib/test/auto/RecordDisassemberDisplayNameTest.xml
10 ms. Memory: 1592832K Free: 685969K (43%)
----------------- Invoking toplevel() on ptolemy.moml.MoMLSimpleApplication@38e19ab8
----------------- Done invoking toplevel() on ptolemy.moml.MoMLSimpleApplication@38e19ab8
reloadAllAccessors: .RecordDisassemberDisplayNameTest

===========================================================================================
----------------- testing Tue May 21 04:22:50 UTC 2019 /home/travis/build/icyphy/ptII/ptolemy/actor/lib/test/auto/RecordDisassembler.xml
----------------- Instantiating /home/travis/build/icyphy/ptII/ptolemy/actor/lib/test/auto/RecordDisassembler.xml
2 ms. Memory: 1592832K Free: 671233K (42%)
----------------- Invoking toplevel() on ptolemy.moml.MoMLSimpleApplication@60e9b0a
----------------- Done invoking toplevel() on ptolemy.moml.MoMLSimpleApplication@60e9b0a
reloadAllAccessors: .RecordDisassembler

===========================================================================================
----------------- testing Tue May 21 04:22:50 UTC 2019 /home/travis/build/icyphy/ptII/ptolemy/actor/lib/test/auto/RecordDisassembler2.xml
----------------- Instantiating /home/travis/build/icyphy/ptII/ptolemy/actor/lib/test/auto/RecordDisassembler2.xml
2 ms. Memory: 1592832K Free: 651200K (41%)
----------------- Invoking toplevel() on ptolemy.moml.MoMLSimpleApplication@40374ff8
----------------- Done invoking toplevel() on ptolemy.moml.MoMLSimpleApplication@40374ff8
reloadAllAccessors: .RecordDisassembler2

===========================================================================================
----------------- testing Tue May 21 04:22:50 UTC 2019 /home/travis/build/icyphy/ptII/ptolemy/actor/lib/test/auto/RecordUpdater.xml
----------------- Instantiating /home/travis/build/icyphy/ptII/ptolemy/actor/lib/test/auto/RecordUpdater.xml
2 ms. Memory: 1592832K Free: 636464K (40%)
----------------- Invoking toplevel() on ptolemy.moml.MoMLSimpleApplication@4f4ef178
----------------- Done invoking toplevel() on ptolemy.moml.MoMLSimpleApplication@4f4ef178
reloadAllAccessors: .RecordUpdater

===========================================================================================
----------------- testing Tue May 21 04:22:50 UTC 2019 /home/travis/build/icyphy/ptII/ptolemy/actor/lib/test/auto/RecordUpdater2.xml
----------------- Instantiating /home/travis/build/icyphy/ptII/ptolemy/actor/lib/test/auto/RecordUpdater2.xml
2 ms. Memory: 1592832K Free: 616430K (39%)
----------------- Invoking toplevel() on ptolemy.moml.MoMLSimpleApplication@3c1f9e1c
----------------- Done invoking toplevel() on ptolemy.moml.MoMLSimpleApplication@3c1f9e1c
reloadAllAccessors: .RecordUpdater2

===========================================================================================
----------------- testing Tue May 21 04:22:50 UTC 2019 /home/travis/build/icyphy/ptII/ptolemy/actor/lib/test/auto/RecursiveLattice.xml
----------------- Instantiating /home/travis/build/icyphy/ptII/ptolemy/actor/lib/test/auto/RecursiveLattice.xml
1 ms. Memory: 1592832K Free: 601695K (38%)
----------------- Invoking toplevel() on ptolemy.moml.MoMLSimpleApplication@438475e1
----------------- Done invoking toplevel() on ptolemy.moml.MoMLSimpleApplication@438475e1
reloadAllAccessors: .RecursiveLattice

===========================================================================================
----------------- testing Tue May 21 04:22:50 UTC 2019 /home/travis/build/icyphy/ptII/ptolemy/actor/lib/test/auto/Router.xml
----------------- Instantiating /home/travis/build/icyphy/ptII/ptolemy/actor/lib/test/auto/Router.xml
3003 ms. Memory: 1592832K Free: 581661K (37%)
----------------- Invoking toplevel() on ptolemy.moml.MoMLSimpleApplication@3e0d8f32
----------------- Done invoking toplevel() on ptolemy.moml.MoMLSimpleApplication@3e0d8f32
reloadAllAccessors: .Router

===========================================================================================
----------------- testing Tue May 21 04:22:53 UTC 2019 /home/travis/build/icyphy/ptII/ptolemy/actor/lib/test/auto/Router2.xml
----------------- Instantiating /home/travis/build/icyphy/ptII/ptolemy/actor/lib/test/auto/Router2.xml
3005 ms. Memory: 1592832K Free: 566926K (36%)
----------------- Invoking toplevel() on ptolemy.moml.MoMLSimpleApplication@4482a033
----------------- Done invoking toplevel() on ptolemy.moml.MoMLSimpleApplication@4482a033
reloadAllAccessors: .Router2

===========================================================================================
----------------- testing Tue May 21 04:22:56 UTC 2019 /home/travis/build/icyphy/ptII/ptolemy/actor/lib/test/auto/RunningMaximum.xml
----------------- Instantiating /home/travis/build/icyphy/ptII/ptolemy/actor/lib/test/auto/RunningMaximum.xml
2 ms. Memory: 1592832K Free: 546892K (34%)
----------------- Invoking toplevel() on ptolemy.moml.MoMLSimpleApplication@4b19a0f7
----------------- Done invoking toplevel() on ptolemy.moml.MoMLSimpleApplication@4b19a0f7
reloadAllAccessors: .RunningMaximum

===========================================================================================
----------------- testing Tue May 21 04:22:56 UTC 2019 /home/travis/build/icyphy/ptII/ptolemy/actor/lib/test/auto/RunningMinimum.xml
----------------- Instantiating /home/travis/build/icyphy/ptII/ptolemy/actor/lib/test/auto/RunningMinimum.xml
2 ms. Memory: 1592832K Free: 532157K (33%)
----------------- Invoking toplevel() on ptolemy.moml.MoMLSimpleApplication@19b11281
----------------- Done invoking toplevel() on ptolemy.moml.MoMLSimpleApplication@19b11281
reloadAllAccessors: .RunningMinimum

===========================================================================================
----------------- testing Tue May 21 04:22:56 UTC 2019 /home/travis/build/icyphy/ptII/ptolemy/actor/lib/test/auto/Scale.xml
----------------- Instantiating /home/travis/build/icyphy/ptII/ptolemy/actor/lib/test/auto/Scale.xml
2 ms. Memory: 1592832K Free: 512123K (32%)
----------------- Invoking toplevel() on ptolemy.moml.MoMLSimpleApplication@3365c079
----------------- Done invoking toplevel() on ptolemy.moml.MoMLSimpleApplication@3365c079
reloadAllAccessors: .Scale

===========================================================================================
----------------- testing Tue May 21 04:22:56 UTC 2019 /home/travis/build/icyphy/ptII/ptolemy/actor/lib/test/auto/Scale2.xml
----------------- Instantiating /home/travis/build/icyphy/ptII/ptolemy/actor/lib/test/auto/Scale2.xml
2 ms. Memory: 1592832K Free: 497388K (31%)
----------------- Invoking toplevel() on ptolemy.moml.MoMLSimpleApplication@1c547828
----------------- Done invoking toplevel() on ptolemy.moml.MoMLSimpleApplication@1c547828
reloadAllAccessors: .Scale2

===========================================================================================
----------------- testing Tue May 21 04:22:56 UTC 2019 /home/travis/build/icyphy/ptII/ptolemy/actor/lib/test/auto/Scale3.xml
----------------- Instantiating /home/travis/build/icyphy/ptII/ptolemy/actor/lib/test/auto/Scale3.xml
2 ms. Memory: 1592832K Free: 477354K (30%)
----------------- Invoking toplevel() on ptolemy.moml.MoMLSimpleApplication@bf42dff
----------------- Done invoking toplevel() on ptolemy.moml.MoMLSimpleApplication@bf42dff
reloadAllAccessors: .Scale3

===========================================================================================
----------------- testing Tue May 21 04:22:56 UTC 2019 /home/travis/build/icyphy/ptII/ptolemy/actor/lib/test/auto/ScaleArray.xml
----------------- Instantiating /home/travis/build/icyphy/ptII/ptolemy/actor/lib/test/auto/ScaleArray.xml
2 ms. Memory: 1592832K Free: 462619K (29%)
----------------- Invoking toplevel() on ptolemy.moml.MoMLSimpleApplication@2c843bc6
----------------- Done invoking toplevel() on ptolemy.moml.MoMLSimpleApplication@2c843bc6
reloadAllAccessors: .ScaleArray

===========================================================================================
----------------- testing Tue May 21 04:22:56 UTC 2019 /home/travis/build/icyphy/ptII/ptolemy/actor/lib/test/auto/ScaleArray2.xml
----------------- Instantiating /home/travis/build/icyphy/ptII/ptolemy/actor/lib/test/auto/ScaleArray2.xml
1 ms. Memory: 1592832K Free: 442585K (28%)
----------------- Invoking toplevel() on ptolemy.moml.MoMLSimpleApplication@5ee4e89a
----------------- Done invoking toplevel() on ptolemy.moml.MoMLSimpleApplication@5ee4e89a
reloadAllAccessors: .ScaleArray2

===========================================================================================
----------------- testing Tue May 21 04:22:56 UTC 2019 /home/travis/build/icyphy/ptII/ptolemy/actor/lib/test/auto/ScaleMatrix.xml
----------------- Instantiating /home/travis/build/icyphy/ptII/ptolemy/actor/lib/test/auto/ScaleMatrix.xml
108 ms. Memory: 1592832K Free: 420481K (26%)
----------------- Invoking toplevel() on ptolemy.moml.MoMLSimpleApplication@547e18e0
----------------- Done invoking toplevel() on ptolemy.moml.MoMLSimpleApplication@547e18e0
reloadAllAccessors: .ScaleMatrix

===========================================================================================
----------------- testing Tue May 21 04:22:56 UTC 2019 /home/travis/build/icyphy/ptII/ptolemy/actor/lib/test/auto/Select.xml
----------------- Instantiating /home/travis/build/icyphy/ptII/ptolemy/actor/lib/test/auto/Select.xml
4 ms. Memory: 1592832K Free: 400448K (25%)
----------------- Invoking toplevel() on ptolemy.moml.MoMLSimpleApplication@9e939de
----------------- Done invoking toplevel() on ptolemy.moml.MoMLSimpleApplication@9e939de
reloadAllAccessors: .Select

===========================================================================================
----------------- testing Tue May 21 04:22:56 UTC 2019 /home/travis/build/icyphy/ptII/ptolemy/actor/lib/test/auto/Select2.xml
----------------- Instantiating /home/travis/build/icyphy/ptII/ptolemy/actor/lib/test/auto/Select2.xml
1 ms. Memory: 1592832K Free: 385712K (24%)
----------------- Invoking toplevel() on ptolemy.moml.MoMLSimpleApplication@37ada1eb
----------------- Done invoking toplevel() on ptolemy.moml.MoMLSimpleApplication@37ada1eb
reloadAllAccessors: .Select2

===========================================================================================
----------------- testing Tue May 21 04:22:56 UTC 2019 /home/travis/build/icyphy/ptII/ptolemy/actor/lib/test/auto/SequenceToArray2.xml
----------------- Instantiating /home/travis/build/icyphy/ptII/ptolemy/actor/lib/test/auto/SequenceToArray2.xml
89 ms. Memory: 1592832K Free: 291986K (18%)
----------------- Invoking toplevel() on ptolemy.moml.MoMLSimpleApplication@7d7040a3
----------------- Done invoking toplevel() on ptolemy.moml.MoMLSimpleApplication@7d7040a3
reloadAllAccessors: .SequenceToArray2

===========================================================================================
----------------- testing Tue May 21 04:22:56 UTC 2019 /home/travis/build/icyphy/ptII/ptolemy/actor/lib/test/auto/SequentialClock.xml
----------------- Instantiating /home/travis/build/icyphy/ptII/ptolemy/actor/lib/test/auto/SequentialClock.xml
1 ms. Memory: 1592832K Free: 277250K (17%)
----------------- Invoking toplevel() on ptolemy.moml.MoMLSimpleApplication@54e47ed9
----------------- Done invoking toplevel() on ptolemy.moml.MoMLSimpleApplication@54e47ed9
reloadAllAccessors: .SequentialClock

===========================================================================================
----------------- testing Tue May 21 04:22:56 UTC 2019 /home/travis/build/icyphy/ptII/ptolemy/actor/lib/test/auto/SetVariable.xml
----------------- Instantiating /home/travis/build/icyphy/ptII/ptolemy/actor/lib/test/auto/SetVariable.xml
3 ms. Memory: 1592832K Free: 257216K (16%)
----------------- Invoking toplevel() on ptolemy.moml.MoMLSimpleApplication@29f292e5
----------------- Done invoking toplevel() on ptolemy.moml.MoMLSimpleApplication@29f292e5
reloadAllAccessors: .SetVariable

===========================================================================================
----------------- testing Tue May 21 04:22:56 UTC 2019 /home/travis/build/icyphy/ptII/ptolemy/actor/lib/test/auto/SetVariable2.xml
----------------- Instantiating /home/travis/build/icyphy/ptII/ptolemy/actor/lib/test/auto/SetVariable2.xml
2 ms. Memory: 1592832K Free: 242481K (15%)
----------------- Invoking toplevel() on ptolemy.moml.MoMLSimpleApplication@6a512
----------------- Done invoking toplevel() on ptolemy.moml.MoMLSimpleApplication@6a512
reloadAllAccessors: .SetVariable2

===========================================================================================
----------------- testing Tue May 21 04:22:56 UTC 2019 /home/travis/build/icyphy/ptII/ptolemy/actor/lib/test/auto/SetVariable3.xml
----------------- Instantiating /home/travis/build/icyphy/ptII/ptolemy/actor/lib/test/auto/SetVariable3.xml
8 ms. Memory: 1592832K Free: 222447K (14%)
----------------- Invoking toplevel() on ptolemy.moml.MoMLSimpleApplication@39680aee
----------------- Done invoking toplevel() on ptolemy.moml.MoMLSimpleApplication@39680aee
reloadAllAccessors: .SetVariable3

===========================================================================================
----------------- testing Tue May 21 04:22:56 UTC 2019 /home/travis/build/icyphy/ptII/ptolemy/actor/lib/test/auto/SetVariable4.xml
----------------- Instantiating /home/travis/build/icyphy/ptII/ptolemy/actor/lib/test/auto/SetVariable4.xml
14 ms. Memory: 1592832K Free: 156138K (10%)
----------------- Invoking toplevel() on ptolemy.moml.MoMLSimpleApplication@611a2814
----------------- Done invoking toplevel() on ptolemy.moml.MoMLSimpleApplication@611a2814
reloadAllAccessors: .SetVariable4

===========================================================================================
----------------- testing Tue May 21 04:22:56 UTC 2019 /home/travis/build/icyphy/ptII/ptolemy/actor/lib/test/auto/SetVariable5.xml
----------------- Instantiating /home/travis/build/icyphy/ptII/ptolemy/actor/lib/test/auto/SetVariable5.xml
17 ms. Memory: 1592832K Free: 136104K (9%)
----------------- Invoking toplevel() on ptolemy.moml.MoMLSimpleApplication@6171e40d
----------------- Done invoking toplevel() on ptolemy.moml.MoMLSimpleApplication@6171e40d
reloadAllAccessors: .SetVariable5

===========================================================================================
----------------- testing Tue May 21 04:22:57 UTC 2019 /home/travis/build/icyphy/ptII/ptolemy/actor/lib/test/auto/Sinewave.xml
----------------- Instantiating /home/travis/build/icyphy/ptII/ptolemy/actor/lib/test/auto/Sinewave.xml
6 ms. Memory: 1592832K Free: 113985K (7%)
----------------- Invoking toplevel() on ptolemy.moml.MoMLSimpleApplication@3cf76cb9
----------------- Done invoking toplevel() on ptolemy.moml.MoMLSimpleApplication@3cf76cb9
reloadAllAccessors: .Sinewave

===========================================================================================
----------------- testing Tue May 21 04:22:57 UTC 2019 /home/travis/build/icyphy/ptII/ptolemy/actor/lib/test/auto/Sinewave2.xml
----------------- Instantiating /home/travis/build/icyphy/ptII/ptolemy/actor/lib/test/auto/Sinewave2.xml
7 ms. Memory: 1592832K Free: 93951K (6%)
----------------- Invoking toplevel() on ptolemy.moml.MoMLSimpleApplication@2867e6da
----------------- Done invoking toplevel() on ptolemy.moml.MoMLSimpleApplication@2867e6da
reloadAllAccessors: .Sinewave2

===========================================================================================
----------------- testing Tue May 21 04:22:57 UTC 2019 /home/travis/build/icyphy/ptII/ptolemy/actor/lib/test/auto/Sinewave3.xml
----------------- Instantiating /home/travis/build/icyphy/ptII/ptolemy/actor/lib/test/auto/Sinewave3.xml
9 ms. Memory: 1592832K Free: 79216K (5%)
----------------- Invoking toplevel() on ptolemy.moml.MoMLSimpleApplication@4f7eca3f
----------------- Done invoking toplevel() on ptolemy.moml.MoMLSimpleApplication@4f7eca3f
reloadAllAccessors: .Sinewave3

===========================================================================================
----------------- testing Tue May 21 04:22:57 UTC 2019 /home/travis/build/icyphy/ptII/ptolemy/actor/lib/test/auto/SingleEvent.xml
----------------- Instantiating /home/travis/build/icyphy/ptII/ptolemy/actor/lib/test/auto/SingleEvent.xml
5 ms. Memory: 1755136K Free: 1692754K (96%)
----------------- Invoking toplevel() on ptolemy.moml.MoMLSimpleApplication@47402993
----------------- Done invoking toplevel() on ptolemy.moml.MoMLSimpleApplication@47402993
reloadAllAccessors: .SingleEvent

===========================================================================================
----------------- testing Tue May 21 04:22:57 UTC 2019 /home/travis/build/icyphy/ptII/ptolemy/actor/lib/test/auto/Sleep.xml
----------------- Instantiating /home/travis/build/icyphy/ptII/ptolemy/actor/lib/test/auto/Sleep.xml
6006 ms. Memory: 1755136K Free: 1676226K (96%)
----------------- Invoking toplevel() on ptolemy.moml.MoMLSimpleApplication@3ff20ad0
----------------- Done invoking toplevel() on ptolemy.moml.MoMLSimpleApplication@3ff20ad0
reloadAllAccessors: .Sleep

===========================================================================================
----------------- testing Tue May 21 04:23:03 UTC 2019 /home/travis/build/icyphy/ptII/ptolemy/actor/lib/test/auto/SleepMultipleFire.xml
----------------- Instantiating /home/travis/build/icyphy/ptII/ptolemy/actor/lib/test/auto/SleepMultipleFire.xml
1005 ms. Memory: 1755136K Free: 1655184K (94%)
----------------- Invoking toplevel() on ptolemy.moml.MoMLSimpleApplication@7fa74832
----------------- Done invoking toplevel() on ptolemy.moml.MoMLSimpleApplication@7fa74832
reloadAllAccessors: .SleepMultipleFire

===========================================================================================
----------------- testing Tue May 21 04:23:04 UTC 2019 /home/travis/build/icyphy/ptII/ptolemy/actor/lib/test/auto/StopDE.xml
----------------- Instantiating /home/travis/build/icyphy/ptII/ptolemy/actor/lib/test/auto/StopDE.xml
3 ms. Memory: 1755136K Free: 1638657K (93%)
----------------- Invoking toplevel() on ptolemy.moml.MoMLSimpleApplication@1a8e4f19
----------------- Done invoking toplevel() on ptolemy.moml.MoMLSimpleApplication@1a8e4f19
reloadAllAccessors: .StopDE

===========================================================================================
----------------- testing Tue May 21 04:23:04 UTC 2019 /home/travis/build/icyphy/ptII/ptolemy/actor/lib/test/auto/StopSDF.xml
----------------- Instantiating /home/travis/build/icyphy/ptII/ptolemy/actor/lib/test/auto/StopSDF.xml
3 ms. Memory: 1755136K Free: 1617614K (92%)
----------------- Invoking toplevel() on ptolemy.moml.MoMLSimpleApplication@6cfca66a
----------------- Done invoking toplevel() on ptolemy.moml.MoMLSimpleApplication@6cfca66a
reloadAllAccessors: .StopSDF

===========================================================================================
----------------- testing Tue May 21 04:23:04 UTC 2019 /home/travis/build/icyphy/ptII/ptolemy/actor/lib/test/auto/StringConstant.xml
----------------- Instantiating /home/travis/build/icyphy/ptII/ptolemy/actor/lib/test/auto/StringConstant.xml
9 ms. Memory: 1755136K Free: 1596572K (91%)
----------------- Invoking toplevel() on ptolemy.moml.MoMLSimpleApplication@31ca1242
----------------- Done invoking toplevel() on ptolemy.moml.MoMLSimpleApplication@31ca1242
reloadAllAccessors: .StringConstant

===========================================================================================
----------------- testing Tue May 21 04:23:04 UTC 2019 /home/travis/build/icyphy/ptII/ptolemy/actor/lib/test/auto/SubscriberPortInitialValues1.xml
----------------- Instantiating /home/travis/build/icyphy/ptII/ptolemy/actor/lib/test/auto/SubscriberPortInitialValues1.xml
5 ms. Memory: 1755136K Free: 1580044K (90%)
----------------- Invoking toplevel() on ptolemy.moml.MoMLSimpleApplication@3bcc6a43
----------------- Done invoking toplevel() on ptolemy.moml.MoMLSimpleApplication@3bcc6a43
reloadAllAccessors: .SubscriberPortInitialValues1

===========================================================================================
----------------- testing Tue May 21 04:23:04 UTC 2019 /home/travis/build/icyphy/ptII/ptolemy/actor/lib/test/auto/SubscriberPortInitialValues13.xml
----------------- Instantiating /home/travis/build/icyphy/ptII/ptolemy/actor/lib/test/auto/SubscriberPortInitialValues13.xml
5 ms. Memory: 1755136K Free: 1550722K (88%)
----------------- Invoking toplevel() on ptolemy.moml.MoMLSimpleApplication@29a3986c
----------------- Done invoking toplevel() on ptolemy.moml.MoMLSimpleApplication@29a3986c
reloadAllAccessors: .SubscriberPortInitialValues13

===========================================================================================
----------------- testing Tue May 21 04:23:04 UTC 2019 /home/travis/build/icyphy/ptII/ptolemy/actor/lib/test/auto/SubscriberPortInitialValues14.xml
----------------- Instantiating /home/travis/build/icyphy/ptII/ptolemy/actor/lib/test/auto/SubscriberPortInitialValues14.xml
12 ms. Memory: 1755136K Free: 1534195K (87%)
----------------- Invoking toplevel() on ptolemy.moml.MoMLSimpleApplication@301119e7
----------------- Done invoking toplevel() on ptolemy.moml.MoMLSimpleApplication@301119e7
reloadAllAccessors: .SubscriberPortInitialValues14

===========================================================================================
----------------- testing Tue May 21 04:23:04 UTC 2019 /home/travis/build/icyphy/ptII/ptolemy/actor/lib/test/auto/SubscriberPortInitialValues2.xml
----------------- Instantiating /home/travis/build/icyphy/ptII/ptolemy/actor/lib/test/auto/SubscriberPortInitialValues2.xml
6 ms. Memory: 1755136K Free: 1513091K (86%)
----------------- Invoking toplevel() on ptolemy.moml.MoMLSimpleApplication@3e830765
----------------- Done invoking toplevel() on ptolemy.moml.MoMLSimpleApplication@3e830765
reloadAllAccessors: .SubscriberPortInitialValues2

===========================================================================================
----------------- testing Tue May 21 04:23:04 UTC 2019 /home/travis/build/icyphy/ptII/ptolemy/actor/lib/test/auto/SubscriberPortInitialValues3.xml
----------------- Instantiating /home/travis/build/icyphy/ptII/ptolemy/actor/lib/test/auto/SubscriberPortInitialValues3.xml
6 ms. Memory: 1755136K Free: 1496564K (85%)
----------------- Invoking toplevel() on ptolemy.moml.MoMLSimpleApplication@6f83b64
----------------- Done invoking toplevel() on ptolemy.moml.MoMLSimpleApplication@6f83b64
reloadAllAccessors: .SubscriberPortInitialValues3

===========================================================================================
----------------- testing Tue May 21 04:23:04 UTC 2019 /home/travis/build/icyphy/ptII/ptolemy/actor/lib/test/auto/SubscriptionAggregator.xml
----------------- Instantiating /home/travis/build/icyphy/ptII/ptolemy/actor/lib/test/auto/SubscriptionAggregator.xml
2 ms. Memory: 1755136K Free: 1475522K (84%)
----------------- Invoking toplevel() on ptolemy.moml.MoMLSimpleApplication@75124d3e
----------------- Done invoking toplevel() on ptolemy.moml.MoMLSimpleApplication@75124d3e
reloadAllAccessors: .SubscriptionAggregator

===========================================================================================
----------------- testing Tue May 21 04:23:04 UTC 2019 /home/travis/build/icyphy/ptII/ptolemy/actor/lib/test/auto/SubscriptionAggregator2.xml
----------------- Instantiating /home/travis/build/icyphy/ptII/ptolemy/actor/lib/test/auto/SubscriptionAggregator2.xml
2 ms. Memory: 1755136K Free: 1454479K (83%)
----------------- Invoking toplevel() on ptolemy.moml.MoMLSimpleApplication@37a4f35e
----------------- Done invoking toplevel() on ptolemy.moml.MoMLSimpleApplication@37a4f35e
reloadAllAccessors: .SubscriptionAggregator2

===========================================================================================
----------------- testing Tue May 21 04:23:04 UTC 2019 /home/travis/build/icyphy/ptII/ptolemy/actor/lib/test/auto/SubscriptionAggregator3.xml
----------------- Instantiating /home/travis/build/icyphy/ptII/ptolemy/actor/lib/test/auto/SubscriptionAggregator3.xml
3 ms. Memory: 1755136K Free: 1437952K (82%)
----------------- Invoking toplevel() on ptolemy.moml.MoMLSimpleApplication@5fe6377b
----------------- Done invoking toplevel() on ptolemy.moml.MoMLSimpleApplication@5fe6377b
reloadAllAccessors: .SubscriptionAggregator3

===========================================================================================
----------------- testing Tue May 21 04:23:04 UTC 2019 /home/travis/build/icyphy/ptII/ptolemy/actor/lib/test/auto/SubscriptionAggregatorMultiply.xml
----------------- Instantiating /home/travis/build/icyphy/ptII/ptolemy/actor/lib/test/auto/SubscriptionAggregatorMultiply.xml
9 ms. Memory: 1755136K Free: 1416909K (81%)
----------------- Invoking toplevel() on ptolemy.moml.MoMLSimpleApplication@54379758
----------------- Done invoking toplevel() on ptolemy.moml.MoMLSimpleApplication@54379758
reloadAllAccessors: .SubscriptionAggregatorMultiply

===========================================================================================
----------------- testing Tue May 21 04:23:04 UTC 2019 /home/travis/build/icyphy/ptII/ptolemy/actor/lib/test/auto/SubscriptionAggregatorPortMultiply1.xml
----------------- Instantiating /home/travis/build/icyphy/ptII/ptolemy/actor/lib/test/auto/SubscriptionAggregatorPortMultiply1.xml
3 ms. Memory: 1755136K Free: 1400382K (80%)
----------------- Invoking toplevel() on ptolemy.moml.MoMLSimpleApplication@147d1c7
----------------- Done invoking toplevel() on ptolemy.moml.MoMLSimpleApplication@147d1c7
reloadAllAccessors: .SubscriptionAggregatorPortMultiply1

===========================================================================================
----------------- testing Tue May 21 04:23:04 UTC 2019 /home/travis/build/icyphy/ptII/ptolemy/actor/lib/test/auto/Switch.xml
----------------- Instantiating /home/travis/build/icyphy/ptII/ptolemy/actor/lib/test/auto/Switch.xml
3 ms. Memory: 1755136K Free: 1329758K (76%)
----------------- Invoking toplevel() on ptolemy.moml.MoMLSimpleApplication@4574f1e4
----------------- Done invoking toplevel() on ptolemy.moml.MoMLSimpleApplication@4574f1e4
reloadAllAccessors: .Switch

===========================================================================================
----------------- testing Tue May 21 04:23:04 UTC 2019 /home/travis/build/icyphy/ptII/ptolemy/actor/lib/test/auto/Switch2.xml
----------------- Instantiating /home/travis/build/icyphy/ptII/ptolemy/actor/lib/test/auto/Switch2.xml
1 ms. Memory: 1755136K Free: 1308715K (75%)
----------------- Invoking toplevel() on ptolemy.moml.MoMLSimpleApplication@29fcd37f
----------------- Done invoking toplevel() on ptolemy.moml.MoMLSimpleApplication@29fcd37f
reloadAllAccessors: .Switch2

===========================================================================================
----------------- testing Tue May 21 04:23:04 UTC 2019 /home/travis/build/icyphy/ptII/ptolemy/actor/lib/test/auto/SwitchDE.xml
----------------- Instantiating /home/travis/build/icyphy/ptII/ptolemy/actor/lib/test/auto/SwitchDE.xml
3 ms. Memory: 1755136K Free: 1292188K (74%)
----------------- Invoking toplevel() on ptolemy.moml.MoMLSimpleApplication@77eb4a5
----------------- Done invoking toplevel() on ptolemy.moml.MoMLSimpleApplication@77eb4a5
reloadAllAccessors: .SwitchDE

===========================================================================================
----------------- testing Tue May 21 04:23:04 UTC 2019 /home/travis/build/icyphy/ptII/ptolemy/actor/lib/test/auto/SynchronizerDE.xml
----------------- Instantiating /home/travis/build/icyphy/ptII/ptolemy/actor/lib/test/auto/SynchronizerDE.xml
3 ms. Memory: 1755136K Free: 1271145K (72%)
----------------- Invoking toplevel() on ptolemy.moml.MoMLSimpleApplication@688658f5
----------------- Done invoking toplevel() on ptolemy.moml.MoMLSimpleApplication@688658f5
reloadAllAccessors: .SynchronizerDE

===========================================================================================
----------------- testing Tue May 21 04:23:04 UTC 2019 /home/travis/build/icyphy/ptII/ptolemy/actor/lib/test/auto/Test.xml
----------------- Instantiating /home/travis/build/icyphy/ptII/ptolemy/actor/lib/test/auto/Test.xml
2 ms. Memory: 1755136K Free: 1254618K (71%)
----------------- Invoking toplevel() on ptolemy.moml.MoMLSimpleApplication@2f17df0
----------------- Done invoking toplevel() on ptolemy.moml.MoMLSimpleApplication@2f17df0
reloadAllAccessors: .Test

===========================================================================================
----------------- testing Tue May 21 04:23:04 UTC 2019 /home/travis/build/icyphy/ptII/ptolemy/actor/lib/test/auto/TestExceptionAttribute1.xml
----------------- Instantiating /home/travis/build/icyphy/ptII/ptolemy/actor/lib/test/auto/TestExceptionAttribute1.xml
2 ms. Memory: 1755136K Free: 1233576K (70%)
----------------- Invoking toplevel() on ptolemy.moml.MoMLSimpleApplication@71007e84
----------------- Done invoking toplevel() on ptolemy.moml.MoMLSimpleApplication@71007e84
reloadAllAccessors: .TestExceptionAttribute1

===========================================================================================
----------------- testing Tue May 21 04:23:04 UTC 2019 /home/travis/build/icyphy/ptII/ptolemy/actor/lib/test/auto/TestExceptionAttribute2.xml
----------------- Instantiating /home/travis/build/icyphy/ptII/ptolemy/actor/lib/test/auto/TestExceptionAttribute2.xml
1 ms. Memory: 1755136K Free: 1217048K (69%)
----------------- Invoking toplevel() on ptolemy.moml.MoMLSimpleApplication@1e900e6d
----------------- Done invoking toplevel() on ptolemy.moml.MoMLSimpleApplication@1e900e6d
reloadAllAccessors: .TestExceptionAttribute2

===========================================================================================
----------------- testing Tue May 21 04:23:04 UTC 2019 /home/travis/build/icyphy/ptII/ptolemy/actor/lib/test/auto/TestExceptionAttribute3.xml
----------------- Instantiating /home/travis/build/icyphy/ptII/ptolemy/actor/lib/test/auto/TestExceptionAttribute3.xml
.TestExceptionAttribute3.TestExceptionAttribute: initialize() was not invoked, but wrapup() was.  This is unusual, but not always a problem.  For example, exporting JNLP will do this.
1 ms. Memory: 1755136K Free: 1196006K (68%)
----------------- Invoking toplevel() on ptolemy.moml.MoMLSimpleApplication@148e7a98
----------------- Done invoking toplevel() on ptolemy.moml.MoMLSimpleApplication@148e7a98
reloadAllAccessors: .TestExceptionAttribute3

===========================================================================================
----------------- testing Tue May 21 04:23:04 UTC 2019 /home/travis/build/icyphy/ptII/ptolemy/actor/lib/test/auto/TestExceptionAttribute4.xml
----------------- Instantiating /home/travis/build/icyphy/ptII/ptolemy/actor/lib/test/auto/TestExceptionAttribute4.xml
.TestExceptionAttribute4.TestExceptionAttribute: initialize() was not invoked, but wrapup() was.  This is unusual, but not always a problem.  For example, exporting JNLP will do this.
.TestExceptionAttribute4.TestExceptionAttribute2: initialize() was not invoked, but wrapup() was.  This is unusual, but not always a problem.  For example, exporting JNLP will do this.
1 ms. Memory: 1755136K Free: 1174964K (67%)
----------------- Invoking toplevel() on ptolemy.moml.MoMLSimpleApplication@2c8686eb
----------------- Done invoking toplevel() on ptolemy.moml.MoMLSimpleApplication@2c8686eb
reloadAllAccessors: .TestExceptionAttribute4

===========================================================================================
----------------- testing Tue May 21 04:23:04 UTC 2019 /home/travis/build/icyphy/ptII/ptolemy/actor/lib/test/auto/TestExceptionHandler1.xml
----------------- Instantiating /home/travis/build/icyphy/ptII/ptolemy/actor/lib/test/auto/TestExceptionHandler1.xml
1 ms. Memory: 1755136K Free: 1158436K (66%)
----------------- Invoking toplevel() on ptolemy.moml.MoMLSimpleApplication@66c01224
----------------- Done invoking toplevel() on ptolemy.moml.MoMLSimpleApplication@66c01224
reloadAllAccessors: .TestExceptionHandler1

===========================================================================================
----------------- testing Tue May 21 04:23:04 UTC 2019 /home/travis/build/icyphy/ptII/ptolemy/actor/lib/test/auto/TestExceptionHandler2.xml
----------------- Instantiating /home/travis/build/icyphy/ptII/ptolemy/actor/lib/test/auto/TestExceptionHandler2.xml
1 ms. Memory: 1755136K Free: 1137394K (65%)
----------------- Invoking toplevel() on ptolemy.moml.MoMLSimpleApplication@2e83b2ee
----------------- Done invoking toplevel() on ptolemy.moml.MoMLSimpleApplication@2e83b2ee
reloadAllAccessors: .TestExceptionHandler2

===========================================================================================
----------------- testing Tue May 21 04:23:04 UTC 2019 /home/travis/build/icyphy/ptII/ptolemy/actor/lib/test/auto/TestExceptionHandler3.xml
----------------- Instantiating /home/travis/build/icyphy/ptII/ptolemy/actor/lib/test/auto/TestExceptionHandler3.xml
1 ms. Memory: 1755136K Free: 1120866K (64%)
----------------- Invoking toplevel() on ptolemy.moml.MoMLSimpleApplication@5722da71
----------------- Done invoking toplevel() on ptolemy.moml.MoMLSimpleApplication@5722da71
reloadAllAccessors: .TestExceptionHandler3

===========================================================================================
----------------- testing Tue May 21 04:23:04 UTC 2019 /home/travis/build/icyphy/ptII/ptolemy/actor/lib/test/auto/TestExceptionHandler4.xml
----------------- Instantiating /home/travis/build/icyphy/ptII/ptolemy/actor/lib/test/auto/TestExceptionHandler4.xml
1 ms. Memory: 1755136K Free: 1099824K (63%)
----------------- Invoking toplevel() on ptolemy.moml.MoMLSimpleApplication@5e880c73
----------------- Done invoking toplevel() on ptolemy.moml.MoMLSimpleApplication@5e880c73
reloadAllAccessors: .TestExceptionHandler4

===========================================================================================
----------------- testing Tue May 21 04:23:04 UTC 2019 /home/travis/build/icyphy/ptII/ptolemy/actor/lib/test/auto/TestRequireCorrectOrder.xml
----------------- Instantiating /home/travis/build/icyphy/ptII/ptolemy/actor/lib/test/auto/TestRequireCorrectOrder.xml
2 ms. Memory: 1755136K Free: 1078782K (61%)
----------------- Invoking toplevel() on ptolemy.moml.MoMLSimpleApplication@542ad08c
----------------- Done invoking toplevel() on ptolemy.moml.MoMLSimpleApplication@542ad08c
reloadAllAccessors: .TestRequireCorrectOrder

===========================================================================================
----------------- testing Tue May 21 04:23:04 UTC 2019 /home/travis/build/icyphy/ptII/ptolemy/actor/lib/test/auto/TestSimple.xml
----------------- Instantiating /home/travis/build/icyphy/ptII/ptolemy/actor/lib/test/auto/TestSimple.xml
1 ms. Memory: 1755136K Free: 1062254K (61%)
----------------- Invoking toplevel() on ptolemy.moml.MoMLSimpleApplication@27e87588
----------------- Done invoking toplevel() on ptolemy.moml.MoMLSimpleApplication@27e87588
reloadAllAccessors: .TestSimple

===========================================================================================
----------------- testing Tue May 21 04:23:04 UTC 2019 /home/travis/build/icyphy/ptII/ptolemy/actor/lib/test/auto/ThrowModelError.xml
----------------- Instantiating /home/travis/build/icyphy/ptII/ptolemy/actor/lib/test/auto/ThrowModelError.xml
1 ms. Memory: 1755136K Free: 1041212K (59%)
----------------- Invoking toplevel() on ptolemy.moml.MoMLSimpleApplication@701727bd
----------------- Done invoking toplevel() on ptolemy.moml.MoMLSimpleApplication@701727bd
reloadAllAccessors: .ThrowModelError

===========================================================================================
----------------- testing Tue May 21 04:23:04 UTC 2019 /home/travis/build/icyphy/ptII/ptolemy/actor/lib/test/auto/TimeDelayMicrosteps.xml
----------------- Instantiating /home/travis/build/icyphy/ptII/ptolemy/actor/lib/test/auto/TimeDelayMicrosteps.xml
2 ms. Memory: 1755136K Free: 1024684K (58%)
----------------- Invoking toplevel() on ptolemy.moml.MoMLSimpleApplication@7ed09804
----------------- Done invoking toplevel() on ptolemy.moml.MoMLSimpleApplication@7ed09804
reloadAllAccessors: .TimeDelayMicrosteps

===========================================================================================
----------------- testing Tue May 21 04:23:04 UTC 2019 /home/travis/build/icyphy/ptII/ptolemy/actor/lib/test/auto/TimeDelayMicrosteps2.xml
----------------- Instantiating /home/travis/build/icyphy/ptII/ptolemy/actor/lib/test/auto/TimeDelayMicrosteps2.xml
2 ms. Memory: 1755136K Free: 1003642K (57%)
----------------- Invoking toplevel() on ptolemy.moml.MoMLSimpleApplication@66cec935
----------------- Done invoking toplevel() on ptolemy.moml.MoMLSimpleApplication@66cec935
reloadAllAccessors: .TimeDelayMicrosteps2

===========================================================================================
----------------- testing Tue May 21 04:23:04 UTC 2019 /home/travis/build/icyphy/ptII/ptolemy/actor/lib/test/auto/TimeDelayMicrosteps3.xml
----------------- Instantiating /home/travis/build/icyphy/ptII/ptolemy/actor/lib/test/auto/TimeDelayMicrosteps3.xml
2 ms. Memory: 1755136K Free: 982600K (56%)
----------------- Invoking toplevel() on ptolemy.moml.MoMLSimpleApplication@4d55552f
----------------- Done invoking toplevel() on ptolemy.moml.MoMLSimpleApplication@4d55552f
reloadAllAccessors: .TimeDelayMicrosteps3

===========================================================================================
----------------- testing Tue May 21 04:23:04 UTC 2019 /home/travis/build/icyphy/ptII/ptolemy/actor/lib/test/auto/TimeDelayVariableMicrosteps.xml
----------------- Instantiating /home/travis/build/icyphy/ptII/ptolemy/actor/lib/test/auto/TimeDelayVariableMicrosteps.xml
2 ms. Memory: 1755136K Free: 966072K (55%)
----------------- Invoking toplevel() on ptolemy.moml.MoMLSimpleApplication@130f0720
----------------- Done invoking toplevel() on ptolemy.moml.MoMLSimpleApplication@130f0720
reloadAllAccessors: .TimeDelayVariableMicrosteps

===========================================================================================
----------------- testing Tue May 21 04:23:04 UTC 2019 /home/travis/build/icyphy/ptII/ptolemy/actor/lib/test/auto/TimeGap.xml
----------------- Instantiating /home/travis/build/icyphy/ptII/ptolemy/actor/lib/test/auto/TimeGap.xml
2 ms. Memory: 1755136K Free: 945030K (54%)
----------------- Invoking toplevel() on ptolemy.moml.MoMLSimpleApplication@46acd187
----------------- Done invoking toplevel() on ptolemy.moml.MoMLSimpleApplication@46acd187
reloadAllAccessors: .TimeGap

===========================================================================================
----------------- testing Tue May 21 04:23:04 UTC 2019 /home/travis/build/icyphy/ptII/ptolemy/actor/lib/test/auto/TimeGap2.xml
----------------- Instantiating /home/travis/build/icyphy/ptII/ptolemy/actor/lib/test/auto/TimeGap2.xml
2 ms. Memory: 1755136K Free: 928502K (53%)
----------------- Invoking toplevel() on ptolemy.moml.MoMLSimpleApplication@4e863b10
----------------- Done invoking toplevel() on ptolemy.moml.MoMLSimpleApplication@4e863b10
reloadAllAccessors: .TimeGap2

===========================================================================================
----------------- testing Tue May 21 04:23:04 UTC 2019 /home/travis/build/icyphy/ptII/ptolemy/actor/lib/test/auto/TimedSinewave.xml
----------------- Instantiating /home/travis/build/icyphy/ptII/ptolemy/actor/lib/test/auto/TimedSinewave.xml
24 ms. Memory: 1755136K Free: 899196K (51%)
----------------- Invoking toplevel() on ptolemy.moml.MoMLSimpleApplication@7b9705fb
----------------- Done invoking toplevel() on ptolemy.moml.MoMLSimpleApplication@7b9705fb
reloadAllAccessors: .TimedSinewave

===========================================================================================
----------------- testing Tue May 21 04:23:04 UTC 2019 /home/travis/build/icyphy/ptII/ptolemy/actor/lib/test/auto/TimedSinewavePhase.xml
----------------- Instantiating /home/travis/build/icyphy/ptII/ptolemy/actor/lib/test/auto/TimedSinewavePhase.xml
8 ms. Memory: 1755136K Free: 882669K (50%)
----------------- Invoking toplevel() on ptolemy.moml.MoMLSimpleApplication@4b2422a8
----------------- Done invoking toplevel() on ptolemy.moml.MoMLSimpleApplication@4b2422a8
reloadAllAccessors: .TimedSinewavePhase

===========================================================================================
----------------- testing Tue May 21 04:23:05 UTC 2019 /home/travis/build/icyphy/ptII/ptolemy/actor/lib/test/auto/Timer.xml
----------------- Instantiating /home/travis/build/icyphy/ptII/ptolemy/actor/lib/test/auto/Timer.xml
1 ms. Memory: 1755136K Free: 861626K (49%)
----------------- Invoking toplevel() on ptolemy.moml.MoMLSimpleApplication@63831899
----------------- Done invoking toplevel() on ptolemy.moml.MoMLSimpleApplication@63831899
reloadAllAccessors: .Timer

===========================================================================================
----------------- testing Tue May 21 04:23:05 UTC 2019 /home/travis/build/icyphy/ptII/ptolemy/actor/lib/test/auto/TriangularDistTestModel.xml
----------------- Instantiating /home/travis/build/icyphy/ptII/ptolemy/actor/lib/test/auto/TriangularDistTestModel.xml
2 ms. Memory: 1755136K Free: 840584K (48%)
----------------- Invoking toplevel() on ptolemy.moml.MoMLSimpleApplication@120ae9fb
----------------- Done invoking toplevel() on ptolemy.moml.MoMLSimpleApplication@120ae9fb
reloadAllAccessors: .TriangularDistTestModel

===========================================================================================
----------------- testing Tue May 21 04:23:05 UTC 2019 /home/travis/build/icyphy/ptII/ptolemy/actor/lib/test/auto/TrigFunction.xml
----------------- Instantiating /home/travis/build/icyphy/ptII/ptolemy/actor/lib/test/auto/TrigFunction.xml
2 ms. Memory: 1755136K Free: 824057K (47%)
----------------- Invoking toplevel() on ptolemy.moml.MoMLSimpleApplication@630543e9
----------------- Done invoking toplevel() on ptolemy.moml.MoMLSimpleApplication@630543e9
reloadAllAccessors: .TrigFunction

===========================================================================================
----------------- testing Tue May 21 04:23:05 UTC 2019 /home/travis/build/icyphy/ptII/ptolemy/actor/lib/test/auto/TrigFunctionDE.xml
----------------- Instantiating /home/travis/build/icyphy/ptII/ptolemy/actor/lib/test/auto/TrigFunctionDE.xml
1 ms. Memory: 1755136K Free: 803014K (46%)
----------------- Invoking toplevel() on ptolemy.moml.MoMLSimpleApplication@284aff82
----------------- Done invoking toplevel() on ptolemy.moml.MoMLSimpleApplication@284aff82
reloadAllAccessors: .TrigFunctionDE

===========================================================================================
----------------- testing Tue May 21 04:23:05 UTC 2019 /home/travis/build/icyphy/ptII/ptolemy/actor/lib/test/auto/TrigFunctionInverse.xml
----------------- Instantiating /home/travis/build/icyphy/ptII/ptolemy/actor/lib/test/auto/TrigFunctionInverse.xml
2 ms. Memory: 1755136K Free: 786487K (45%)
----------------- Invoking toplevel() on ptolemy.moml.MoMLSimpleApplication@34932f4c
----------------- Done invoking toplevel() on ptolemy.moml.MoMLSimpleApplication@34932f4c
reloadAllAccessors: .TrigFunctionInverse

===========================================================================================
----------------- testing Tue May 21 04:23:05 UTC 2019 /home/travis/build/icyphy/ptII/ptolemy/actor/lib/test/auto/TrigFunctionTan.xml
----------------- Instantiating /home/travis/build/icyphy/ptII/ptolemy/actor/lib/test/auto/TrigFunctionTan.xml
1 ms. Memory: 1755136K Free: 765444K (44%)
----------------- Invoking toplevel() on ptolemy.moml.MoMLSimpleApplication@3b7ba9fe
----------------- Done invoking toplevel() on ptolemy.moml.MoMLSimpleApplication@3b7ba9fe
reloadAllAccessors: .TrigFunctionTan

===========================================================================================
----------------- testing Tue May 21 04:23:05 UTC 2019 /home/travis/build/icyphy/ptII/ptolemy/actor/lib/test/auto/TriggeredClock.xml
----------------- Instantiating /home/travis/build/icyphy/ptII/ptolemy/actor/lib/test/auto/TriggeredClock.xml
2 ms. Memory: 1755136K Free: 744402K (42%)
----------------- Invoking toplevel() on ptolemy.moml.MoMLSimpleApplication@46edd47
----------------- Done invoking toplevel() on ptolemy.moml.MoMLSimpleApplication@46edd47
reloadAllAccessors: .TriggeredClock

===========================================================================================
----------------- testing Tue May 21 04:23:05 UTC 2019 /home/travis/build/icyphy/ptII/ptolemy/actor/lib/test/auto/URLDirectoryReader.xml
----------------- Instantiating /home/travis/build/icyphy/ptII/ptolemy/actor/lib/test/auto/URLDirectoryReader.xml
25 ms. Memory: 1755136K Free: 727874K (41%)
----------------- Invoking toplevel() on ptolemy.moml.MoMLSimpleApplication@66452867
----------------- Done invoking toplevel() on ptolemy.moml.MoMLSimpleApplication@66452867
reloadAllAccessors: .URLDirectoryReader

===========================================================================================
----------------- testing Tue May 21 04:23:05 UTC 2019 /home/travis/build/icyphy/ptII/ptolemy/actor/lib/test/auto/URLDirectoryReader3.xml
----------------- Instantiating /home/travis/build/icyphy/ptII/ptolemy/actor/lib/test/auto/URLDirectoryReader3.xml
1153 ms. Memory: 1755136K Free: 665513K (38%)
----------------- Invoking toplevel() on ptolemy.moml.MoMLSimpleApplication@3ee9eaf0
----------------- Done invoking toplevel() on ptolemy.moml.MoMLSimpleApplication@3ee9eaf0
reloadAllAccessors: .URLDirectoryReader3

===========================================================================================
----------------- testing Tue May 21 04:23:06 UTC 2019 /home/travis/build/icyphy/ptII/ptolemy/actor/lib/test/auto/UnaryMathFunction.xml
----------------- Instantiating /home/travis/build/icyphy/ptII/ptolemy/actor/lib/test/auto/UnaryMathFunction.xml
2 ms. Memory: 1755136K Free: 648986K (37%)
----------------- Invoking toplevel() on ptolemy.moml.MoMLSimpleApplication@7af3a7f
----------------- Done invoking toplevel() on ptolemy.moml.MoMLSimpleApplication@7af3a7f
reloadAllAccessors: .UnaryMathFunction

===========================================================================================
----------------- testing Tue May 21 04:23:06 UTC 2019 /home/travis/build/icyphy/ptII/ptolemy/actor/lib/test/auto/Uniform.xml
----------------- Instantiating /home/travis/build/icyphy/ptII/ptolemy/actor/lib/test/auto/Uniform.xml
6 ms. Memory: 1755136K Free: 627944K (36%)
----------------- Invoking toplevel() on ptolemy.moml.MoMLSimpleApplication@49d151ab
----------------- Done invoking toplevel() on ptolemy.moml.MoMLSimpleApplication@49d151ab
reloadAllAccessors: .Uniform

===========================================================================================
----------------- testing Tue May 21 04:23:06 UTC 2019 /home/travis/build/icyphy/ptII/ptolemy/actor/lib/test/auto/UnionDisassemblerTest.xml
----------------- Instantiating /home/travis/build/icyphy/ptII/ptolemy/actor/lib/test/auto/UnionDisassemblerTest.xml
10 ms. Memory: 1755136K Free: 606901K (35%)
----------------- Invoking toplevel() on ptolemy.moml.MoMLSimpleApplication@370e9447
----------------- Done invoking toplevel() on ptolemy.moml.MoMLSimpleApplication@370e9447
reloadAllAccessors: .UnionDisassemblerTest

===========================================================================================
----------------- testing Tue May 21 04:23:06 UTC 2019 /home/travis/build/icyphy/ptII/ptolemy/actor/lib/test/auto/UtilityFunctions.xml
----------------- Instantiating /home/travis/build/icyphy/ptII/ptolemy/actor/lib/test/auto/UtilityFunctions.xml
8 ms. Memory: 1755136K Free: 590374K (34%)
----------------- Invoking toplevel() on ptolemy.moml.MoMLSimpleApplication@2e703285
----------------- Done invoking toplevel() on ptolemy.moml.MoMLSimpleApplication@2e703285
reloadAllAccessors: .UtilityFunctions

===========================================================================================
----------------- testing Tue May 21 04:23:06 UTC 2019 /home/travis/build/icyphy/ptII/ptolemy/actor/lib/test/auto/VariableSleep.xml
----------------- Instantiating /home/travis/build/icyphy/ptII/ptolemy/actor/lib/test/auto/VariableSleep.xml
507 ms. Memory: 1755136K Free: 569331K (32%)
----------------- Invoking toplevel() on ptolemy.moml.MoMLSimpleApplication@6870ec84
----------------- Done invoking toplevel() on ptolemy.moml.MoMLSimpleApplication@6870ec84
reloadAllAccessors: .VariableSleep

===========================================================================================
----------------- testing Tue May 21 04:23:07 UTC 2019 /home/travis/build/icyphy/ptII/ptolemy/actor/lib/test/auto/VectorAssemblerDisassemblerCT.xml
----------------- Instantiating /home/travis/build/icyphy/ptII/ptolemy/actor/lib/test/auto/VectorAssemblerDisassemblerCT.xml
51 ms. Memory: 1755136K Free: 544540K (31%)
----------------- Invoking toplevel() on ptolemy.moml.MoMLSimpleApplication@653990e8
----------------- Done invoking toplevel() on ptolemy.moml.MoMLSimpleApplication@653990e8
reloadAllAccessors: .VectorAssemblerDisassemblerCT

===========================================================================================
----------------- testing Tue May 21 04:23:07 UTC 2019 /home/travis/build/icyphy/ptII/ptolemy/actor/lib/test/auto/VectorAssemblerDisassemblerDE.xml
----------------- Instantiating /home/travis/build/icyphy/ptII/ptolemy/actor/lib/test/auto/VectorAssemblerDisassemblerDE.xml
2 ms. Memory: 1755136K Free: 523498K (30%)
----------------- Invoking toplevel() on ptolemy.moml.MoMLSimpleApplication@62a437a7
----------------- Done invoking toplevel() on ptolemy.moml.MoMLSimpleApplication@62a437a7
reloadAllAccessors: .VectorAssemblerDisassemblerDE

===========================================================================================
----------------- testing Tue May 21 04:23:07 UTC 2019 /home/travis/build/icyphy/ptII/ptolemy/actor/lib/test/auto/VectorAssemblerDisassemblerSDF.xml
----------------- Instantiating /home/travis/build/icyphy/ptII/ptolemy/actor/lib/test/auto/VectorAssemblerDisassemblerSDF.xml
2 ms. Memory: 1755136K Free: 502455K (29%)
----------------- Invoking toplevel() on ptolemy.moml.MoMLSimpleApplication@2f2f005e
----------------- Done invoking toplevel() on ptolemy.moml.MoMLSimpleApplication@2f2f005e
reloadAllAccessors: .VectorAssemblerDisassemblerSDF

===========================================================================================
----------------- testing Tue May 21 04:23:07 UTC 2019 /home/travis/build/icyphy/ptII/ptolemy/actor/lib/test/auto/WallClockTime.xml
----------------- Instantiating /home/travis/build/icyphy/ptII/ptolemy/actor/lib/test/auto/WallClockTime.xml
1004 ms. Memory: 1755136K Free: 485928K (28%)
----------------- Invoking toplevel() on ptolemy.moml.MoMLSimpleApplication@7c18fbbe
----------------- Done invoking toplevel() on ptolemy.moml.MoMLSimpleApplication@7c18fbbe
reloadAllAccessors: .WallClockTime

===========================================================================================
----------------- testing Tue May 21 04:23:08 UTC 2019 /home/travis/build/icyphy/ptII/ptolemy/actor/lib/test/auto/WidthTestWithSubscriberPublisher.xml
----------------- Instantiating /home/travis/build/icyphy/ptII/ptolemy/actor/lib/test/auto/WidthTestWithSubscriberPublisher.xml
6 ms. Memory: 1755136K Free: 456606K (26%)
----------------- Invoking toplevel() on ptolemy.moml.MoMLSimpleApplication@240dea4e
----------------- Done invoking toplevel() on ptolemy.moml.MoMLSimpleApplication@240dea4e
reloadAllAccessors: .WidthTestWithSubscriberPublisher

===========================================================================================
----------------- testing Tue May 21 04:23:08 UTC 2019 /home/travis/build/icyphy/ptII/ptolemy/actor/lib/test/auto/WidthTestWithSubscriberPublisher2.xml
----------------- Instantiating /home/travis/build/icyphy/ptII/ptolemy/actor/lib/test/auto/WidthTestWithSubscriberPublisher2.xml
1 ms. Memory: 1755136K Free: 440078K (25%)
----------------- Invoking toplevel() on ptolemy.moml.MoMLSimpleApplication@6126585b
----------------- Done invoking toplevel() on ptolemy.moml.MoMLSimpleApplication@6126585b
reloadAllAccessors: .WidthTestWithSubscriberPublisher2

===========================================================================================
----------------- testing Tue May 21 04:23:08 UTC 2019 /home/travis/build/icyphy/ptII/ptolemy/actor/lib/test/auto/WidthTestWithSubscriberPublisher3.xml
----------------- Instantiating /home/travis/build/icyphy/ptII/ptolemy/actor/lib/test/auto/WidthTestWithSubscriberPublisher3.xml
1 ms. Memory: 1755136K Free: 419036K (24%)
----------------- Invoking toplevel() on ptolemy.moml.MoMLSimpleApplication@7d3fda72
----------------- Done invoking toplevel() on ptolemy.moml.MoMLSimpleApplication@7d3fda72
reloadAllAccessors: .WidthTestWithSubscriberPublisher3

===========================================================================================
----------------- testing Tue May 21 04:23:08 UTC 2019 /home/travis/build/icyphy/ptII/ptolemy/actor/lib/test/auto/Writer.xml
----------------- Instantiating /home/travis/build/icyphy/ptII/ptolemy/actor/lib/test/auto/Writer.xml
0
1
2
3
4
1 ms. Memory: 1755136K Free: 397994K (23%)
----------------- Invoking toplevel() on ptolemy.moml.MoMLSimpleApplication@2760827
----------------- Done invoking toplevel() on ptolemy.moml.MoMLSimpleApplication@2760827
reloadAllAccessors: .Writer

===========================================================================================
----------------- testing Tue May 21 04:23:08 UTC 2019 /home/travis/build/icyphy/ptII/ptolemy/actor/lib/test/auto/array.xml
----------------- Instantiating /home/travis/build/icyphy/ptII/ptolemy/actor/lib/test/auto/array.xml
2 ms. Memory: 1755136K Free: 381466K (22%)
----------------- Invoking toplevel() on ptolemy.moml.MoMLSimpleApplication@7c6113d1
----------------- Done invoking toplevel() on ptolemy.moml.MoMLSimpleApplication@7c6113d1
reloadAllAccessors: .array

===========================================================================================
----------------- testing Tue May 21 04:23:08 UTC 2019 /home/travis/build/icyphy/ptII/ptolemy/actor/lib/test/auto/array2.xml
----------------- Instantiating /home/travis/build/icyphy/ptII/ptolemy/actor/lib/test/auto/array2.xml
10 ms. Memory: 1755136K Free: 360424K (21%)
----------------- Invoking toplevel() on ptolemy.moml.MoMLSimpleApplication@5450e410
----------------- Done invoking toplevel() on ptolemy.moml.MoMLSimpleApplication@5450e410
reloadAllAccessors: .array2

===========================================================================================
----------------- testing Tue May 21 04:23:08 UTC 2019 /home/travis/build/icyphy/ptII/ptolemy/actor/lib/test/auto/arrayType.xml
----------------- Instantiating /home/travis/build/icyphy/ptII/ptolemy/actor/lib/test/auto/arrayType.xml
1 ms. Memory: 1755136K Free: 343897K (20%)
----------------- Invoking toplevel() on ptolemy.moml.MoMLSimpleApplication@4dcc4647
----------------- Done invoking toplevel() on ptolemy.moml.MoMLSimpleApplication@4dcc4647
reloadAllAccessors: .arrayType

===========================================================================================
----------------- testing Tue May 21 04:23:08 UTC 2019 /home/travis/build/icyphy/ptII/ptolemy/actor/lib/test/auto/arrayType10.xml
----------------- Instantiating /home/travis/build/icyphy/ptII/ptolemy/actor/lib/test/auto/arrayType10.xml
2 ms. Memory: 1755136K Free: 322854K (18%)
----------------- Invoking toplevel() on ptolemy.moml.MoMLSimpleApplication@147ddcba
----------------- Done invoking toplevel() on ptolemy.moml.MoMLSimpleApplication@147ddcba
reloadAllAccessors: .arrayType10

===========================================================================================
----------------- testing Tue May 21 04:23:08 UTC 2019 /home/travis/build/icyphy/ptII/ptolemy/actor/lib/test/auto/arrayType11.xml
----------------- Instantiating /home/travis/build/icyphy/ptII/ptolemy/actor/lib/test/auto/arrayType11.xml
1 ms. Memory: 1755136K Free: 301812K (17%)
----------------- Invoking toplevel() on ptolemy.moml.MoMLSimpleApplication@37332c3
----------------- Done invoking toplevel() on ptolemy.moml.MoMLSimpleApplication@37332c3
reloadAllAccessors: .arrayType11

===========================================================================================
----------------- testing Tue May 21 04:23:08 UTC 2019 /home/travis/build/icyphy/ptII/ptolemy/actor/lib/test/auto/arrayType12.xml
----------------- Instantiating /home/travis/build/icyphy/ptII/ptolemy/actor/lib/test/auto/arrayType12.xml
1 ms. Memory: 1755136K Free: 285284K (16%)
----------------- Invoking toplevel() on ptolemy.moml.MoMLSimpleApplication@2fa88a26
----------------- Done invoking toplevel() on ptolemy.moml.MoMLSimpleApplication@2fa88a26
reloadAllAccessors: .arrayType12

===========================================================================================
----------------- testing Tue May 21 04:23:08 UTC 2019 /home/travis/build/icyphy/ptII/ptolemy/actor/lib/test/auto/arrayType13.xml
----------------- Instantiating /home/travis/build/icyphy/ptII/ptolemy/actor/lib/test/auto/arrayType13.xml
2 ms. Memory: 1755136K Free: 264242K (15%)
----------------- Invoking toplevel() on ptolemy.moml.MoMLSimpleApplication@140ad947
----------------- Done invoking toplevel() on ptolemy.moml.MoMLSimpleApplication@140ad947
reloadAllAccessors: .arrayType13

===========================================================================================
----------------- testing Tue May 21 04:23:08 UTC 2019 /home/travis/build/icyphy/ptII/ptolemy/actor/lib/test/auto/arrayType14.xml
----------------- Instantiating /home/travis/build/icyphy/ptII/ptolemy/actor/lib/test/auto/arrayType14.xml
3 ms. Memory: 1755136K Free: 247715K (14%)
----------------- Invoking toplevel() on ptolemy.moml.MoMLSimpleApplication@6481082
----------------- Done invoking toplevel() on ptolemy.moml.MoMLSimpleApplication@6481082
reloadAllAccessors: .arrayType14

===========================================================================================
----------------- testing Tue May 21 04:23:08 UTC 2019 /home/travis/build/icyphy/ptII/ptolemy/actor/lib/test/auto/arrayType15.xml
----------------- Instantiating /home/travis/build/icyphy/ptII/ptolemy/actor/lib/test/auto/arrayType15.xml
2 ms. Memory: 1755136K Free: 226672K (13%)
----------------- Invoking toplevel() on ptolemy.moml.MoMLSimpleApplication@5598b10c
----------------- Done invoking toplevel() on ptolemy.moml.MoMLSimpleApplication@5598b10c
reloadAllAccessors: .arrayType15

===========================================================================================
----------------- testing Tue May 21 04:23:08 UTC 2019 /home/travis/build/icyphy/ptII/ptolemy/actor/lib/test/auto/arrayType16.xml
----------------- Instantiating /home/travis/build/icyphy/ptII/ptolemy/actor/lib/test/auto/arrayType16.xml
2 ms. Memory: 1755136K Free: 205629K (12%)
----------------- Invoking toplevel() on ptolemy.moml.MoMLSimpleApplication@700da3b8
----------------- Done invoking toplevel() on ptolemy.moml.MoMLSimpleApplication@700da3b8
reloadAllAccessors: .arrayType16

===========================================================================================
----------------- testing Tue May 21 04:23:08 UTC 2019 /home/travis/build/icyphy/ptII/ptolemy/actor/lib/test/auto/arrayType17.xml
----------------- Instantiating /home/travis/build/icyphy/ptII/ptolemy/actor/lib/test/auto/arrayType17.xml
2 ms. Memory: 1755136K Free: 189102K (11%)
----------------- Invoking toplevel() on ptolemy.moml.MoMLSimpleApplication@6ed53689
----------------- Done invoking toplevel() on ptolemy.moml.MoMLSimpleApplication@6ed53689
reloadAllAccessors: .arrayType17

===========================================================================================
----------------- testing Tue May 21 04:23:08 UTC 2019 /home/travis/build/icyphy/ptII/ptolemy/actor/lib/test/auto/arrayType18.xml
----------------- Instantiating /home/travis/build/icyphy/ptII/ptolemy/actor/lib/test/auto/arrayType18.xml
8 ms. Memory: 1755136K Free: 168060K (10%)
----------------- Invoking toplevel() on ptolemy.moml.MoMLSimpleApplication@7019bd5f
----------------- Done invoking toplevel() on ptolemy.moml.MoMLSimpleApplication@7019bd5f
reloadAllAccessors: .arrayType18

===========================================================================================
----------------- testing Tue May 21 04:23:08 UTC 2019 /home/travis/build/icyphy/ptII/ptolemy/actor/lib/test/auto/arrayType19.xml
----------------- Instantiating /home/travis/build/icyphy/ptII/ptolemy/actor/lib/test/auto/arrayType19.xml
1 ms. Memory: 1755136K Free: 151532K (9%)
----------------- Invoking toplevel() on ptolemy.moml.MoMLSimpleApplication@77f3fef0
----------------- Done invoking toplevel() on ptolemy.moml.MoMLSimpleApplication@77f3fef0
reloadAllAccessors: .arrayType19

===========================================================================================
----------------- testing Tue May 21 04:23:08 UTC 2019 /home/travis/build/icyphy/ptII/ptolemy/actor/lib/test/auto/arrayType2.xml
----------------- Instantiating /home/travis/build/icyphy/ptII/ptolemy/actor/lib/test/auto/arrayType2.xml
2 ms. Memory: 1755136K Free: 130490K (7%)
----------------- Invoking toplevel() on ptolemy.moml.MoMLSimpleApplication@52a0f120
----------------- Done invoking toplevel() on ptolemy.moml.MoMLSimpleApplication@52a0f120
reloadAllAccessors: .arrayType2

===========================================================================================
----------------- testing Tue May 21 04:23:08 UTC 2019 /home/travis/build/icyphy/ptII/ptolemy/actor/lib/test/auto/arrayType20.xml
----------------- Instantiating /home/travis/build/icyphy/ptII/ptolemy/actor/lib/test/auto/arrayType20.xml
2 ms. Memory: 1755136K Free: 109448K (6%)
----------------- Invoking toplevel() on ptolemy.moml.MoMLSimpleApplication@76115540
----------------- Done invoking toplevel() on ptolemy.moml.MoMLSimpleApplication@76115540
reloadAllAccessors: .arrayType20

===========================================================================================
----------------- testing Tue May 21 04:23:08 UTC 2019 /home/travis/build/icyphy/ptII/ptolemy/actor/lib/test/auto/arrayType21.xml
----------------- Instantiating /home/travis/build/icyphy/ptII/ptolemy/actor/lib/test/auto/arrayType21.xml
2 ms. Memory: 1755136K Free: 92920K (5%)
----------------- Invoking toplevel() on ptolemy.moml.MoMLSimpleApplication@7020ad0b
----------------- Done invoking toplevel() on ptolemy.moml.MoMLSimpleApplication@7020ad0b
reloadAllAccessors: .arrayType21

===========================================================================================
----------------- testing Tue May 21 04:23:08 UTC 2019 /home/travis/build/icyphy/ptII/ptolemy/actor/lib/test/auto/arrayType22.xml
----------------- Instantiating /home/travis/build/icyphy/ptII/ptolemy/actor/lib/test/auto/arrayType22.xml
1 ms. Memory: 1755136K Free: 71878K (4%)
----------------- Invoking toplevel() on ptolemy.moml.MoMLSimpleApplication@3a21f69e
----------------- Done invoking toplevel() on ptolemy.moml.MoMLSimpleApplication@3a21f69e
reloadAllAccessors: .arrayType22

===========================================================================================
----------------- testing Tue May 21 04:23:08 UTC 2019 /home/travis/build/icyphy/ptII/ptolemy/actor/lib/test/auto/arrayType23.xml
----------------- Instantiating /home/travis/build/icyphy/ptII/ptolemy/actor/lib/test/auto/arrayType23.xml
4 ms. Memory: 1755136K Free: 61060K (3%)
----------------- Invoking toplevel() on ptolemy.moml.MoMLSimpleApplication@7942a1ab
----------------- Done invoking toplevel() on ptolemy.moml.MoMLSimpleApplication@7942a1ab
reloadAllAccessors: .arrayType23

===========================================================================================
----------------- testing Tue May 21 04:23:08 UTC 2019 /home/travis/build/icyphy/ptII/ptolemy/actor/lib/test/auto/arrayType24.xml
----------------- Instantiating /home/travis/build/icyphy/ptII/ptolemy/actor/lib/test/auto/arrayType24.xml
2 ms. Memory: 1771520K Free: 1688738K (95%)
----------------- Invoking toplevel() on ptolemy.moml.MoMLSimpleApplication@7e5c4f40
----------------- Done invoking toplevel() on ptolemy.moml.MoMLSimpleApplication@7e5c4f40
reloadAllAccessors: .arrayType24

===========================================================================================
----------------- testing Tue May 21 04:23:08 UTC 2019 /home/travis/build/icyphy/ptII/ptolemy/actor/lib/test/auto/arrayType25.xml
----------------- Instantiating /home/travis/build/icyphy/ptII/ptolemy/actor/lib/test/auto/arrayType25.xml
1 ms. Memory: 1771520K Free: 1662273K (94%)
----------------- Invoking toplevel() on ptolemy.moml.MoMLSimpleApplication@31fe4994
----------------- Done invoking toplevel() on ptolemy.moml.MoMLSimpleApplication@31fe4994
reloadAllAccessors: .arrayType25

===========================================================================================
----------------- testing Tue May 21 04:23:08 UTC 2019 /home/travis/build/icyphy/ptII/ptolemy/actor/lib/test/auto/arrayType26.xml
----------------- Instantiating /home/travis/build/icyphy/ptII/ptolemy/actor/lib/test/auto/arrayType26.xml
2 ms. Memory: 1771520K Free: 1640230K (93%)
----------------- Invoking toplevel() on ptolemy.moml.MoMLSimpleApplication@684f3d10
----------------- Done invoking toplevel() on ptolemy.moml.MoMLSimpleApplication@684f3d10
reloadAllAccessors: .arrayType26

===========================================================================================
----------------- testing Tue May 21 04:23:08 UTC 2019 /home/travis/build/icyphy/ptII/ptolemy/actor/lib/test/auto/arrayType27.xml
----------------- Instantiating /home/travis/build/icyphy/ptII/ptolemy/actor/lib/test/auto/arrayType27.xml
1 ms. Memory: 1771520K Free: 1613765K (91%)
----------------- Invoking toplevel() on ptolemy.moml.MoMLSimpleApplication@36f47a43
----------------- Done invoking toplevel() on ptolemy.moml.MoMLSimpleApplication@36f47a43
reloadAllAccessors: .arrayType27

===========================================================================================
----------------- testing Tue May 21 04:23:08 UTC 2019 /home/travis/build/icyphy/ptII/ptolemy/actor/lib/test/auto/arrayType28.xml
----------------- Instantiating /home/travis/build/icyphy/ptII/ptolemy/actor/lib/test/auto/arrayType28.xml
1 ms. Memory: 1771520K Free: 1591722K (90%)
----------------- Invoking toplevel() on ptolemy.moml.MoMLSimpleApplication@451c007f
----------------- Done invoking toplevel() on ptolemy.moml.MoMLSimpleApplication@451c007f
reloadAllAccessors: .arrayType28

===========================================================================================
----------------- testing Tue May 21 04:23:08 UTC 2019 /home/travis/build/icyphy/ptII/ptolemy/actor/lib/test/auto/arrayType3.xml
----------------- Instantiating /home/travis/build/icyphy/ptII/ptolemy/actor/lib/test/auto/arrayType3.xml
1 ms. Memory: 1771520K Free: 1565257K (88%)
----------------- Invoking toplevel() on ptolemy.moml.MoMLSimpleApplication@1c167e84
----------------- Done invoking toplevel() on ptolemy.moml.MoMLSimpleApplication@1c167e84
reloadAllAccessors: .arrayType3

===========================================================================================
----------------- testing Tue May 21 04:23:08 UTC 2019 /home/travis/build/icyphy/ptII/ptolemy/actor/lib/test/auto/arrayType4.xml
----------------- Instantiating /home/travis/build/icyphy/ptII/ptolemy/actor/lib/test/auto/arrayType4.xml
2 ms. Memory: 1771520K Free: 1538792K (87%)
----------------- Invoking toplevel() on ptolemy.moml.MoMLSimpleApplication@201965eb
----------------- Done invoking toplevel() on ptolemy.moml.MoMLSimpleApplication@201965eb
reloadAllAccessors: .arrayType4

===========================================================================================
----------------- testing Tue May 21 04:23:09 UTC 2019 /home/travis/build/icyphy/ptII/ptolemy/actor/lib/test/auto/arrayType5.xml
----------------- Instantiating /home/travis/build/icyphy/ptII/ptolemy/actor/lib/test/auto/arrayType5.xml
1 ms. Memory: 1771520K Free: 1516749K (86%)
----------------- Invoking toplevel() on ptolemy.moml.MoMLSimpleApplication@24dd595d
----------------- Done invoking toplevel() on ptolemy.moml.MoMLSimpleApplication@24dd595d
reloadAllAccessors: .arrayType5

===========================================================================================
----------------- testing Tue May 21 04:23:09 UTC 2019 /home/travis/build/icyphy/ptII/ptolemy/actor/lib/test/auto/arrayType6.xml
----------------- Instantiating /home/travis/build/icyphy/ptII/ptolemy/actor/lib/test/auto/arrayType6.xml
1 ms. Memory: 1771520K Free: 1490284K (84%)
----------------- Invoking toplevel() on ptolemy.moml.MoMLSimpleApplication@fc12271
----------------- Done invoking toplevel() on ptolemy.moml.MoMLSimpleApplication@fc12271
reloadAllAccessors: .arrayType6

===========================================================================================
----------------- testing Tue May 21 04:23:09 UTC 2019 /home/travis/build/icyphy/ptII/ptolemy/actor/lib/test/auto/arrayType7.xml
----------------- Instantiating /home/travis/build/icyphy/ptII/ptolemy/actor/lib/test/auto/arrayType7.xml
3 ms. Memory: 1771520K Free: 1463819K (83%)
----------------- Invoking toplevel() on ptolemy.moml.MoMLSimpleApplication@6550a869
----------------- Done invoking toplevel() on ptolemy.moml.MoMLSimpleApplication@6550a869
reloadAllAccessors: .arrayType7

===========================================================================================
----------------- testing Tue May 21 04:23:09 UTC 2019 /home/travis/build/icyphy/ptII/ptolemy/actor/lib/test/auto/arrayType8.xml
----------------- Instantiating /home/travis/build/icyphy/ptII/ptolemy/actor/lib/test/auto/arrayType8.xml
1 ms. Memory: 1771520K Free: 1441775K (81%)
----------------- Invoking toplevel() on ptolemy.moml.MoMLSimpleApplication@1cbda32d
----------------- Done invoking toplevel() on ptolemy.moml.MoMLSimpleApplication@1cbda32d
reloadAllAccessors: .arrayType8

===========================================================================================
----------------- testing Tue May 21 04:23:09 UTC 2019 /home/travis/build/icyphy/ptII/ptolemy/actor/lib/test/auto/arrayType9.xml
----------------- Instantiating /home/travis/build/icyphy/ptII/ptolemy/actor/lib/test/auto/arrayType9.xml
1 ms. Memory: 1771520K Free: 1415310K (80%)
----------------- Invoking toplevel() on ptolemy.moml.MoMLSimpleApplication@7407afcc
----------------- Done invoking toplevel() on ptolemy.moml.MoMLSimpleApplication@7407afcc
reloadAllAccessors: .arrayType9

===========================================================================================
----------------- testing Tue May 21 04:23:09 UTC 2019 /home/travis/build/icyphy/ptII/ptolemy/actor/lib/test/auto/cast.xml
----------------- Instantiating /home/travis/build/icyphy/ptII/ptolemy/actor/lib/test/auto/cast.xml
2 ms. Memory: 1771520K Free: 1393267K (79%)
----------------- Invoking toplevel() on ptolemy.moml.MoMLSimpleApplication@37bb368b
----------------- Done invoking toplevel() on ptolemy.moml.MoMLSimpleApplication@37bb368b
reloadAllAccessors: .cast

===========================================================================================
----------------- testing Tue May 21 04:23:09 UTC 2019 /home/travis/build/icyphy/ptII/ptolemy/actor/lib/test/auto/compositeMultiPort.xml
----------------- Instantiating /home/travis/build/icyphy/ptII/ptolemy/actor/lib/test/auto/compositeMultiPort.xml
3 ms. Memory: 1771520K Free: 1366802K (77%)
----------------- Invoking toplevel() on ptolemy.moml.MoMLSimpleApplication@26c8278b
----------------- Done invoking toplevel() on ptolemy.moml.MoMLSimpleApplication@26c8278b
reloadAllAccessors: .compositeMultiPort

===========================================================================================
----------------- testing Tue May 21 04:23:09 UTC 2019 /home/travis/build/icyphy/ptII/ptolemy/actor/lib/test/auto/expressionCastInference.xml
----------------- Instantiating /home/travis/build/icyphy/ptII/ptolemy/actor/lib/test/auto/expressionCastInference.xml
2 ms. Memory: 1771520K Free: 1340337K (76%)
----------------- Invoking toplevel() on ptolemy.moml.MoMLSimpleApplication@374a3395
----------------- Done invoking toplevel() on ptolemy.moml.MoMLSimpleApplication@374a3395
reloadAllAccessors: .expressionCastInference

===========================================================================================
----------------- testing Tue May 21 04:23:09 UTC 2019 /home/travis/build/icyphy/ptII/ptolemy/actor/lib/test/auto/expressionCastInference2.xml
----------------- Instantiating /home/travis/build/icyphy/ptII/ptolemy/actor/lib/test/auto/expressionCastInference2.xml
2 ms. Memory: 1771520K Free: 1318294K (74%)
----------------- Invoking toplevel() on ptolemy.moml.MoMLSimpleApplication@295ab3f1
----------------- Done invoking toplevel() on ptolemy.moml.MoMLSimpleApplication@295ab3f1
reloadAllAccessors: .expressionCastInference2

===========================================================================================
----------------- testing Tue May 21 04:23:09 UTC 2019 /home/travis/build/icyphy/ptII/ptolemy/actor/lib/test/auto/expressionInference.xml
----------------- Instantiating /home/travis/build/icyphy/ptII/ptolemy/actor/lib/test/auto/expressionInference.xml
1 ms. Memory: 1771520K Free: 1291829K (73%)
----------------- Invoking toplevel() on ptolemy.moml.MoMLSimpleApplication@16607ab7
----------------- Done invoking toplevel() on ptolemy.moml.MoMLSimpleApplication@16607ab7
reloadAllAccessors: .expressionInference

===========================================================================================
----------------- testing Tue May 21 04:23:09 UTC 2019 /home/travis/build/icyphy/ptII/ptolemy/actor/lib/test/auto/expression_bug.xml
----------------- Instantiating /home/travis/build/icyphy/ptII/ptolemy/actor/lib/test/auto/expression_bug.xml
2 ms. Memory: 1771520K Free: 1269786K (72%)
----------------- Invoking toplevel() on ptolemy.moml.MoMLSimpleApplication@1cd2ad6c
----------------- Done invoking toplevel() on ptolemy.moml.MoMLSimpleApplication@1cd2ad6c
reloadAllAccessors: .expression_bug

===========================================================================================
----------------- testing Tue May 21 04:23:09 UTC 2019 /home/travis/build/icyphy/ptII/ptolemy/actor/lib/test/auto/factorial.xml
----------------- Instantiating /home/travis/build/icyphy/ptII/ptolemy/actor/lib/test/auto/factorial.xml
27 ms. Memory: 1771520K Free: 1243281K (70%)
----------------- Invoking toplevel() on ptolemy.moml.MoMLSimpleApplication@7ce5a2f0
----------------- Done invoking toplevel() on ptolemy.moml.MoMLSimpleApplication@7ce5a2f0
reloadAllAccessors: .factorial

===========================================================================================
----------------- testing Tue May 21 04:23:09 UTC 2019 /home/travis/build/icyphy/ptII/ptolemy/actor/lib/test/auto/filterTest1.xml
----------------- Instantiating /home/travis/build/icyphy/ptII/ptolemy/actor/lib/test/auto/filterTest1.xml
6 ms. Memory: 1771520K Free: 1216816K (69%)
----------------- Invoking toplevel() on ptolemy.moml.MoMLSimpleApplication@138841f
----------------- Done invoking toplevel() on ptolemy.moml.MoMLSimpleApplication@138841f
reloadAllAccessors: .filterTest1

===========================================================================================
----------------- testing Tue May 21 04:23:09 UTC 2019 /home/travis/build/icyphy/ptII/ptolemy/actor/lib/test/auto/funcApplyInConst.xml
----------------- Instantiating /home/travis/build/icyphy/ptII/ptolemy/actor/lib/test/auto/funcApplyInConst.xml
1 ms. Memory: 1771520K Free: 1194773K (67%)
----------------- Invoking toplevel() on ptolemy.moml.MoMLSimpleApplication@2c238752
----------------- Done invoking toplevel() on ptolemy.moml.MoMLSimpleApplication@2c238752
reloadAllAccessors: .funcApplyInConst

===========================================================================================
----------------- testing Tue May 21 04:23:09 UTC 2019 /home/travis/build/icyphy/ptII/ptolemy/actor/lib/test/auto/funcApplyInExpr.xml
----------------- Instantiating /home/travis/build/icyphy/ptII/ptolemy/actor/lib/test/auto/funcApplyInExpr.xml
1 ms. Memory: 1771520K Free: 1168308K (66%)
----------------- Invoking toplevel() on ptolemy.moml.MoMLSimpleApplication@50db933a
----------------- Done invoking toplevel() on ptolemy.moml.MoMLSimpleApplication@50db933a
reloadAllAccessors: .funcApplyInExpr

===========================================================================================
----------------- testing Tue May 21 04:23:09 UTC 2019 /home/travis/build/icyphy/ptII/ptolemy/actor/lib/test/auto/function.xml
----------------- Instantiating /home/travis/build/icyphy/ptII/ptolemy/actor/lib/test/auto/function.xml
2 ms. Memory: 1771520K Free: 1141843K (64%)
----------------- Invoking toplevel() on ptolemy.moml.MoMLSimpleApplication@28f232ca
----------------- Done invoking toplevel() on ptolemy.moml.MoMLSimpleApplication@28f232ca
reloadAllAccessors: .function

===========================================================================================
----------------- testing Tue May 21 04:23:09 UTC 2019 /home/travis/build/icyphy/ptII/ptolemy/actor/lib/test/auto/function2.xml
----------------- Instantiating /home/travis/build/icyphy/ptII/ptolemy/actor/lib/test/auto/function2.xml
2 ms. Memory: 1771520K Free: 1119800K (63%)
----------------- Invoking toplevel() on ptolemy.moml.MoMLSimpleApplication@5fe8f174
----------------- Done invoking toplevel() on ptolemy.moml.MoMLSimpleApplication@5fe8f174
reloadAllAccessors: .function2

===========================================================================================
----------------- testing Tue May 21 04:23:09 UTC 2019 /home/travis/build/icyphy/ptII/ptolemy/actor/lib/test/auto/function3.xml
----------------- Instantiating /home/travis/build/icyphy/ptII/ptolemy/actor/lib/test/auto/function3.xml
1 ms. Memory: 1771520K Free: 1093335K (62%)
----------------- Invoking toplevel() on ptolemy.moml.MoMLSimpleApplication@1481c561
----------------- Done invoking toplevel() on ptolemy.moml.MoMLSimpleApplication@1481c561
reloadAllAccessors: .function3

===========================================================================================
----------------- testing Tue May 21 04:23:09 UTC 2019 /home/travis/build/icyphy/ptII/ptolemy/actor/lib/test/auto/functionClosureTest1.xml
----------------- Instantiating /home/travis/build/icyphy/ptII/ptolemy/actor/lib/test/auto/functionClosureTest1.xml
1 ms. Memory: 1771520K Free: 1071292K (60%)
----------------- Invoking toplevel() on ptolemy.moml.MoMLSimpleApplication@4fc060aa
----------------- Done invoking toplevel() on ptolemy.moml.MoMLSimpleApplication@4fc060aa
reloadAllAccessors: .functionClosureTest1

===========================================================================================
----------------- testing Tue May 21 04:23:09 UTC 2019 /home/travis/build/icyphy/ptII/ptolemy/actor/lib/test/auto/functionClosureTest2.xml
----------------- Instantiating /home/travis/build/icyphy/ptII/ptolemy/actor/lib/test/auto/functionClosureTest2.xml
1 ms. Memory: 1771520K Free: 1044827K (59%)
----------------- Invoking toplevel() on ptolemy.moml.MoMLSimpleApplication@c5ece6e
----------------- Done invoking toplevel() on ptolemy.moml.MoMLSimpleApplication@c5ece6e
reloadAllAccessors: .functionClosureTest2

===========================================================================================
----------------- testing Tue May 21 04:23:09 UTC 2019 /home/travis/build/icyphy/ptII/ptolemy/actor/lib/test/auto/functionClosureTest3.xml
----------------- Instantiating /home/travis/build/icyphy/ptII/ptolemy/actor/lib/test/auto/functionClosureTest3.xml
2 ms. Memory: 1771520K Free: 1018362K (57%)
----------------- Invoking toplevel() on ptolemy.moml.MoMLSimpleApplication@179ee13b
----------------- Done invoking toplevel() on ptolemy.moml.MoMLSimpleApplication@179ee13b
reloadAllAccessors: .functionClosureTest3

===========================================================================================
----------------- testing Tue May 21 04:23:09 UTC 2019 /home/travis/build/icyphy/ptII/ptolemy/actor/lib/test/auto/functionClosureTest4.xml
----------------- Instantiating /home/travis/build/icyphy/ptII/ptolemy/actor/lib/test/auto/functionClosureTest4.xml
3 ms. Memory: 1771520K Free: 996318K (56%)
----------------- Invoking toplevel() on ptolemy.moml.MoMLSimpleApplication@8330b8e
----------------- Done invoking toplevel() on ptolemy.moml.MoMLSimpleApplication@8330b8e
reloadAllAccessors: .functionClosureTest4

===========================================================================================
----------------- testing Tue May 21 04:23:09 UTC 2019 /home/travis/build/icyphy/ptII/ptolemy/actor/lib/test/auto/functionClosureTest5.xml
----------------- Instantiating /home/travis/build/icyphy/ptII/ptolemy/actor/lib/test/auto/functionClosureTest5.xml
3 ms. Memory: 1771520K Free: 969853K (55%)
----------------- Invoking toplevel() on ptolemy.moml.MoMLSimpleApplication@579c8e46
----------------- Done invoking toplevel() on ptolemy.moml.MoMLSimpleApplication@579c8e46
reloadAllAccessors: .functionClosureTest5

===========================================================================================
----------------- testing Tue May 21 04:23:09 UTC 2019 /home/travis/build/icyphy/ptII/ptolemy/actor/lib/test/auto/functionClosureTest6.xml
----------------- Instantiating /home/travis/build/icyphy/ptII/ptolemy/actor/lib/test/auto/functionClosureTest6.xml
2 ms. Memory: 1771520K Free: 943388K (53%)
----------------- Invoking toplevel() on ptolemy.moml.MoMLSimpleApplication@111d938e
----------------- Done invoking toplevel() on ptolemy.moml.MoMLSimpleApplication@111d938e
reloadAllAccessors: .functionClosureTest6

===========================================================================================
----------------- testing Tue May 21 04:23:09 UTC 2019 /home/travis/build/icyphy/ptII/ptolemy/actor/lib/test/auto/functionsOnArcs.xml
----------------- Instantiating /home/travis/build/icyphy/ptII/ptolemy/actor/lib/test/auto/functionsOnArcs.xml
1 ms. Memory: 1771520K Free: 921345K (52%)
----------------- Invoking toplevel() on ptolemy.moml.MoMLSimpleApplication@635a12cf
----------------- Done invoking toplevel() on ptolemy.moml.MoMLSimpleApplication@635a12cf
reloadAllAccessors: .functionsOnArcs

===========================================================================================
----------------- testing Tue May 21 04:23:09 UTC 2019 /home/travis/build/icyphy/ptII/ptolemy/actor/lib/test/auto/functionsOnArcsHOF.xml
----------------- Instantiating /home/travis/build/icyphy/ptII/ptolemy/actor/lib/test/auto/functionsOnArcsHOF.xml
2 ms. Memory: 1771520K Free: 894880K (51%)
----------------- Invoking toplevel() on ptolemy.moml.MoMLSimpleApplication@9bc574c
----------------- Done invoking toplevel() on ptolemy.moml.MoMLSimpleApplication@9bc574c
reloadAllAccessors: .functionsOnArcsHOF

===========================================================================================
----------------- testing Tue May 21 04:23:09 UTC 2019 /home/travis/build/icyphy/ptII/ptolemy/actor/lib/test/auto/logic.xml
----------------- Instantiating /home/travis/build/icyphy/ptII/ptolemy/actor/lib/test/auto/logic.xml
1 ms. Memory: 1771520K Free: 872837K (49%)
----------------- Invoking toplevel() on ptolemy.moml.MoMLSimpleApplication@71cf1045
----------------- Done invoking toplevel() on ptolemy.moml.MoMLSimpleApplication@71cf1045
reloadAllAccessors: .logic

===========================================================================================
----------------- testing Tue May 21 04:23:09 UTC 2019 /home/travis/build/icyphy/ptII/ptolemy/actor/lib/test/auto/matrixType.xml
----------------- Instantiating /home/travis/build/icyphy/ptII/ptolemy/actor/lib/test/auto/matrixType.xml
1 ms. Memory: 1771520K Free: 846372K (48%)
----------------- Invoking toplevel() on ptolemy.moml.MoMLSimpleApplication@3c9f70f9
----------------- Done invoking toplevel() on ptolemy.moml.MoMLSimpleApplication@3c9f70f9
reloadAllAccessors: .matrixType

===========================================================================================
----------------- testing Tue May 21 04:23:09 UTC 2019 /home/travis/build/icyphy/ptII/ptolemy/actor/lib/test/auto/matrixType10.xml
----------------- Instantiating /home/travis/build/icyphy/ptII/ptolemy/actor/lib/test/auto/matrixType10.xml
2 ms. Memory: 1771520K Free: 819907K (46%)
----------------- Invoking toplevel() on ptolemy.moml.MoMLSimpleApplication@44fa9ce7
----------------- Done invoking toplevel() on ptolemy.moml.MoMLSimpleApplication@44fa9ce7
reloadAllAccessors: .matrixType10

===========================================================================================
----------------- testing Tue May 21 04:23:09 UTC 2019 /home/travis/build/icyphy/ptII/ptolemy/actor/lib/test/auto/matrixType11.xml
----------------- Instantiating /home/travis/build/icyphy/ptII/ptolemy/actor/lib/test/auto/matrixType11.xml
1 ms. Memory: 1771520K Free: 797864K (45%)
----------------- Invoking toplevel() on ptolemy.moml.MoMLSimpleApplication@3b117f17
----------------- Done invoking toplevel() on ptolemy.moml.MoMLSimpleApplication@3b117f17
reloadAllAccessors: .matrixType11

===========================================================================================
----------------- testing Tue May 21 04:23:09 UTC 2019 /home/travis/build/icyphy/ptII/ptolemy/actor/lib/test/auto/matrixType12.xml
----------------- Instantiating /home/travis/build/icyphy/ptII/ptolemy/actor/lib/test/auto/matrixType12.xml
1 ms. Memory: 1771520K Free: 771399K (44%)
----------------- Invoking toplevel() on ptolemy.moml.MoMLSimpleApplication@265e2970
----------------- Done invoking toplevel() on ptolemy.moml.MoMLSimpleApplication@265e2970
reloadAllAccessors: .matrixType12

===========================================================================================
----------------- testing Tue May 21 04:23:09 UTC 2019 /home/travis/build/icyphy/ptII/ptolemy/actor/lib/test/auto/matrixType13.xml
----------------- Instantiating /home/travis/build/icyphy/ptII/ptolemy/actor/lib/test/auto/matrixType13.xml
2 ms. Memory: 1771520K Free: 744934K (42%)
----------------- Invoking toplevel() on ptolemy.moml.MoMLSimpleApplication@12be3ebf
----------------- Done invoking toplevel() on ptolemy.moml.MoMLSimpleApplication@12be3ebf
reloadAllAccessors: .matrixType13

===========================================================================================
----------------- testing Tue May 21 04:23:09 UTC 2019 /home/travis/build/icyphy/ptII/ptolemy/actor/lib/test/auto/matrixType14.xml
----------------- Instantiating /home/travis/build/icyphy/ptII/ptolemy/actor/lib/test/auto/matrixType14.xml
1 ms. Memory: 1771520K Free: 722891K (41%)
----------------- Invoking toplevel() on ptolemy.moml.MoMLSimpleApplication@30495a53
----------------- Done invoking toplevel() on ptolemy.moml.MoMLSimpleApplication@30495a53
reloadAllAccessors: .matrixType14

===========================================================================================
----------------- testing Tue May 21 04:23:09 UTC 2019 /home/travis/build/icyphy/ptII/ptolemy/actor/lib/test/auto/matrixType2.xml
----------------- Instantiating /home/travis/build/icyphy/ptII/ptolemy/actor/lib/test/auto/matrixType2.xml
2 ms. Memory: 1771520K Free: 696426K (39%)
----------------- Invoking toplevel() on ptolemy.moml.MoMLSimpleApplication@4bc6eed7
----------------- Done invoking toplevel() on ptolemy.moml.MoMLSimpleApplication@4bc6eed7
reloadAllAccessors: .matrixType2

===========================================================================================
----------------- testing Tue May 21 04:23:09 UTC 2019 /home/travis/build/icyphy/ptII/ptolemy/actor/lib/test/auto/matrixType3.xml
----------------- Instantiating /home/travis/build/icyphy/ptII/ptolemy/actor/lib/test/auto/matrixType3.xml
1 ms. Memory: 1771520K Free: 674383K (38%)
----------------- Invoking toplevel() on ptolemy.moml.MoMLSimpleApplication@5785f16d
----------------- Done invoking toplevel() on ptolemy.moml.MoMLSimpleApplication@5785f16d
reloadAllAccessors: .matrixType3

===========================================================================================
----------------- testing Tue May 21 04:23:09 UTC 2019 /home/travis/build/icyphy/ptII/ptolemy/actor/lib/test/auto/matrixType4.xml
----------------- Instantiating /home/travis/build/icyphy/ptII/ptolemy/actor/lib/test/auto/matrixType4.xml
1 ms. Memory: 1771520K Free: 647918K (37%)
----------------- Invoking toplevel() on ptolemy.moml.MoMLSimpleApplication@2fdd6662
----------------- Done invoking toplevel() on ptolemy.moml.MoMLSimpleApplication@2fdd6662
reloadAllAccessors: .matrixType4

===========================================================================================
----------------- testing Tue May 21 04:23:09 UTC 2019 /home/travis/build/icyphy/ptII/ptolemy/actor/lib/test/auto/matrixType5.xml
----------------- Instantiating /home/travis/build/icyphy/ptII/ptolemy/actor/lib/test/auto/matrixType5.xml
1 ms. Memory: 1771520K Free: 621453K (35%)
----------------- Invoking toplevel() on ptolemy.moml.MoMLSimpleApplication@21e18cb0
----------------- Done invoking toplevel() on ptolemy.moml.MoMLSimpleApplication@21e18cb0
reloadAllAccessors: .matrixType5

===========================================================================================
----------------- testing Tue May 21 04:23:09 UTC 2019 /home/travis/build/icyphy/ptII/ptolemy/actor/lib/test/auto/matrixType6.xml
----------------- Instantiating /home/travis/build/icyphy/ptII/ptolemy/actor/lib/test/auto/matrixType6.xml
1 ms. Memory: 1771520K Free: 599410K (34%)
----------------- Invoking toplevel() on ptolemy.moml.MoMLSimpleApplication@3848cfb7
----------------- Done invoking toplevel() on ptolemy.moml.MoMLSimpleApplication@3848cfb7
reloadAllAccessors: .matrixType6

===========================================================================================
----------------- testing Tue May 21 04:23:09 UTC 2019 /home/travis/build/icyphy/ptII/ptolemy/actor/lib/test/auto/matrixType7.xml
----------------- Instantiating /home/travis/build/icyphy/ptII/ptolemy/actor/lib/test/auto/matrixType7.xml
2 ms. Memory: 1771520K Free: 572945K (32%)
----------------- Invoking toplevel() on ptolemy.moml.MoMLSimpleApplication@5000894
----------------- Done invoking toplevel() on ptolemy.moml.MoMLSimpleApplication@5000894
reloadAllAccessors: .matrixType7

===========================================================================================
----------------- testing Tue May 21 04:23:09 UTC 2019 /home/travis/build/icyphy/ptII/ptolemy/actor/lib/test/auto/matrixType8.xml
----------------- Instantiating /home/travis/build/icyphy/ptII/ptolemy/actor/lib/test/auto/matrixType8.xml
1 ms. Memory: 1771520K Free: 546480K (31%)
----------------- Invoking toplevel() on ptolemy.moml.MoMLSimpleApplication@1828459a
----------------- Done invoking toplevel() on ptolemy.moml.MoMLSimpleApplication@1828459a
reloadAllAccessors: .matrixType8

===========================================================================================
----------------- testing Tue May 21 04:23:09 UTC 2019 /home/travis/build/icyphy/ptII/ptolemy/actor/lib/test/auto/matrixType9.xml
----------------- Instantiating /home/travis/build/icyphy/ptII/ptolemy/actor/lib/test/auto/matrixType9.xml
2 ms. Memory: 1771520K Free: 524437K (30%)
----------------- Invoking toplevel() on ptolemy.moml.MoMLSimpleApplication@4198c7bf
----------------- Done invoking toplevel() on ptolemy.moml.MoMLSimpleApplication@4198c7bf
reloadAllAccessors: .matrixType9

===========================================================================================
----------------- testing Tue May 21 04:23:09 UTC 2019 /home/travis/build/icyphy/ptII/ptolemy/actor/lib/test/auto/paraFunctest.xml
----------------- Instantiating /home/travis/build/icyphy/ptII/ptolemy/actor/lib/test/auto/paraFunctest.xml
1 ms. Memory: 1771520K Free: 497972K (28%)
----------------- Invoking toplevel() on ptolemy.moml.MoMLSimpleApplication@7cf313ce
----------------- Done invoking toplevel() on ptolemy.moml.MoMLSimpleApplication@7cf313ce
reloadAllAccessors: .paraFunctest

===========================================================================================
----------------- testing Tue May 21 04:23:09 UTC 2019 /home/travis/build/icyphy/ptII/ptolemy/actor/lib/test/auto/paraFunctest2.xml
----------------- Instantiating /home/travis/build/icyphy/ptII/ptolemy/actor/lib/test/auto/paraFunctest2.xml
1 ms. Memory: 1771520K Free: 471507K (27%)
----------------- Invoking toplevel() on ptolemy.moml.MoMLSimpleApplication@4ce13954
----------------- Done invoking toplevel() on ptolemy.moml.MoMLSimpleApplication@4ce13954
reloadAllAccessors: .paraFunctest2

===========================================================================================
----------------- testing Tue May 21 04:23:09 UTC 2019 /home/travis/build/icyphy/ptII/ptolemy/actor/lib/test/auto/parameterPassing.xml
----------------- Instantiating /home/travis/build/icyphy/ptII/ptolemy/actor/lib/test/auto/parameterPassing.xml
1 ms. Memory: 1771520K Free: 449463K (25%)
----------------- Invoking toplevel() on ptolemy.moml.MoMLSimpleApplication@8f0033c
----------------- Done invoking toplevel() on ptolemy.moml.MoMLSimpleApplication@8f0033c
reloadAllAccessors: .parameterPassing

===========================================================================================
----------------- testing Tue May 21 04:23:09 UTC 2019 /home/travis/build/icyphy/ptII/ptolemy/actor/lib/test/auto/record.xml
----------------- Instantiating /home/travis/build/icyphy/ptII/ptolemy/actor/lib/test/auto/record.xml
2 ms. Memory: 1771520K Free: 422998K (24%)
----------------- Invoking toplevel() on ptolemy.moml.MoMLSimpleApplication@6b2f8686
----------------- Done invoking toplevel() on ptolemy.moml.MoMLSimpleApplication@6b2f8686
reloadAllAccessors: .record

===========================================================================================
----------------- testing Tue May 21 04:23:09 UTC 2019 /home/travis/build/icyphy/ptII/ptolemy/actor/lib/test/auto/sizedarray1.xml
----------------- Instantiating /home/travis/build/icyphy/ptII/ptolemy/actor/lib/test/auto/sizedarray1.xml
2 ms. Memory: 1771520K Free: 400955K (23%)
----------------- Invoking toplevel() on ptolemy.moml.MoMLSimpleApplication@141663b6
----------------- Done invoking toplevel() on ptolemy.moml.MoMLSimpleApplication@141663b6
reloadAllAccessors: .sizedarray1

===========================================================================================
----------------- testing Tue May 21 04:23:09 UTC 2019 /home/travis/build/icyphy/ptII/ptolemy/actor/lib/test/auto/sizedarray2.xml
----------------- Instantiating /home/travis/build/icyphy/ptII/ptolemy/actor/lib/test/auto/sizedarray2.xml
1 ms. Memory: 1771520K Free: 374490K (21%)
----------------- Invoking toplevel() on ptolemy.moml.MoMLSimpleApplication@62f771b6
----------------- Done invoking toplevel() on ptolemy.moml.MoMLSimpleApplication@62f771b6
reloadAllAccessors: .sizedarray2

===========================================================================================
----------------- testing Tue May 21 04:23:09 UTC 2019 /home/travis/build/icyphy/ptII/ptolemy/actor/lib/test/auto/twoPublishers.xml
----------------- Instantiating /home/travis/build/icyphy/ptII/ptolemy/actor/lib/test/auto/twoPublishers.xml
3 ms. Memory: 1771520K Free: 348025K (20%)
----------------- Invoking toplevel() on ptolemy.moml.MoMLSimpleApplication@153ab110
----------------- Done invoking toplevel() on ptolemy.moml.MoMLSimpleApplication@153ab110
reloadAllAccessors: .twoPublishers
AutoTests.java: About to close Vertx.
AutoTests.java: Vertx closed.
]]></system-out>
  <system-err><![CDATA[java.lang.RuntimeException: Execution failed
	at ptolemy.moml.MoMLSimpleApplication$UnloadThread.run(MoMLSimpleApplication.java:402)
Caused by: java.lang.RuntimeException: StringUtilities.exit() was called. Normally, we would exit here because Manager.exitAfterWrapup() was called.  However, because the ptolemy.ptII.exitAfterWrapup property is set, we throw this exception instead.
	at ptolemy.util.StringUtilities.exit(StringUtilities.java:363)
	at ptolemy.actor.Manager.wrapup(Manager.java:1531)
	at ptolemy.actor.Manager.execute(Manager.java:407)
	at ptolemy.actor.Manager.run(Manager.java:1263)
	at ptolemy.actor.Manager$PtolemyRunThread.run(Manager.java:1915)
Warning: '.top.test' is in training mode, set the trainingMode parameter to false before checking in
Warning: '.top.test' is in training mode, set the trainingMode parameter to false before checking in
Warning: '.top.test' is in training mode, set the trainingMode parameter to false before checking in
Warning: '.BooleanSwitch_RegressionTest_WrongTrainingValues.Test' is in training mode, set the trainingMode parameter to false before checking in
Warning: '.BooleanSwitch_RegressionTest_WrongTrainingValues.Test2' is in training mode, set the trainingMode parameter to false before checking in
Warning: '.BooleanSwitch_RegressionTest_WrongTrainingValues.Test2' The test produced 0 tokens.
Warning: '.top.testExceptionHandler' is in training mode, set the trainingMode parameter to false before checking in
java.lang.RuntimeException: Execution failed
	at ptolemy.moml.MoMLSimpleApplication$UnloadThread.run(MoMLSimpleApplication.java:402)
Caused by: ptolemy.kernel.util.IllegalActionException: PublisherPorts cannot be used at the top level, use a Publisher actor instead.
  in .PublisherPortToplevelSubscriber.PublisherPort
	at ptolemy.actor.PublisherPort.preinitialize(PublisherPort.java:403)
	at ptolemy.actor.CompositeActor.preinitialize(CompositeActor.java:1769)
	at ptolemy.actor.Manager.preinitializeAndResolveTypes(Manager.java:1040)
	at ptolemy.actor.Manager.initialize(Manager.java:710)
	at ptolemy.actor.Manager.execute(Manager.java:356)
	at ptolemy.actor.Manager.run(Manager.java:1263)
	at ptolemy.actor.Manager$PtolemyRunThread.run(Manager.java:1915)
java.lang.reflect.InvocationTargetException
	at sun.reflect.NativeConstructorAccessorImpl.newInstance0(Native Method)
	at sun.reflect.NativeConstructorAccessorImpl.newInstance(NativeConstructorAccessorImpl.java:62)
	at sun.reflect.DelegatingConstructorAccessorImpl.newInstance(DelegatingConstructorAccessorImpl.java:45)
	at java.lang.reflect.Constructor.newInstance(Constructor.java:423)
	at ptolemy.util.test.junit.AutoKnownFailedTests.RunModel(AutoKnownFailedTests.java:105)
	at sun.reflect.NativeMethodAccessorImpl.invoke0(Native Method)
	at sun.reflect.NativeMethodAccessorImpl.invoke(NativeMethodAccessorImpl.java:62)
	at sun.reflect.DelegatingMethodAccessorImpl.invoke(DelegatingMethodAccessorImpl.java:43)
	at java.lang.reflect.Method.invoke(Method.java:498)
	at org.junit.runners.model.FrameworkMethod$1.runReflectiveCall(FrameworkMethod.java:44)
	at org.junit.internal.runners.model.ReflectiveCallable.run(ReflectiveCallable.java:15)
	at org.junit.runners.model.FrameworkMethod.invokeExplosively(FrameworkMethod.java:41)
	at junitparams.internal.InvokeParameterisedMethod.evaluate(InvokeParameterisedMethod.java:102)
	at org.junit.internal.runners.statements.FailOnTimeout$1.run(FailOnTimeout.java:28)
Caused by: ptolemy.kernel.util.IllegalActionException: PublisherPorts cannot be used at the top level, use a Publisher actor instead.
  in .PublisherPortToplevelSubscriber.PublisherPort
	at ptolemy.actor.PublisherPort.preinitialize(PublisherPort.java:403)
	at ptolemy.actor.CompositeActor.preinitialize(CompositeActor.java:1769)
	at ptolemy.actor.Manager.preinitializeAndResolveTypes(Manager.java:1040)
	at ptolemy.actor.Manager.initialize(Manager.java:710)
	at ptolemy.actor.Manager.execute(Manager.java:356)
	at ptolemy.actor.Manager.run(Manager.java:1263)
	at ptolemy.actor.Manager$PtolemyRunThread.run(Manager.java:1915)
java.lang.RuntimeException: Execution failed
	at ptolemy.moml.MoMLSimpleApplication$UnloadThread.run(MoMLSimpleApplication.java:402)
Caused by: ptolemy.kernel.util.IllegalActionException: SubscriberPorts cannot be used at the top level, use a Subscriber actor instead.
  in .PublisherSubscriberPortToplevel.SubscriberPort
	at ptolemy.actor.SubscriberPort.preinitialize(SubscriberPort.java:328)
	at ptolemy.actor.CompositeActor.preinitialize(CompositeActor.java:1769)
	at ptolemy.actor.Manager.preinitializeAndResolveTypes(Manager.java:1040)
	at ptolemy.actor.Manager.initialize(Manager.java:710)
	at ptolemy.actor.Manager.execute(Manager.java:356)
	at ptolemy.actor.Manager.run(Manager.java:1263)
	at ptolemy.actor.Manager$PtolemyRunThread.run(Manager.java:1915)
java.lang.reflect.InvocationTargetException
	at sun.reflect.NativeConstructorAccessorImpl.newInstance0(Native Method)
	at sun.reflect.NativeConstructorAccessorImpl.newInstance(NativeConstructorAccessorImpl.java:62)
	at sun.reflect.DelegatingConstructorAccessorImpl.newInstance(DelegatingConstructorAccessorImpl.java:45)
	at java.lang.reflect.Constructor.newInstance(Constructor.java:423)
	at ptolemy.util.test.junit.AutoKnownFailedTests.RunModel(AutoKnownFailedTests.java:105)
	at sun.reflect.NativeMethodAccessorImpl.invoke0(Native Method)
	at sun.reflect.NativeMethodAccessorImpl.invoke(NativeMethodAccessorImpl.java:62)
	at sun.reflect.DelegatingMethodAccessorImpl.invoke(DelegatingMethodAccessorImpl.java:43)
	at java.lang.reflect.Method.invoke(Method.java:498)
	at org.junit.runners.model.FrameworkMethod$1.runReflectiveCall(FrameworkMethod.java:44)
	at org.junit.internal.runners.model.ReflectiveCallable.run(ReflectiveCallable.java:15)
	at org.junit.runners.model.FrameworkMethod.invokeExplosively(FrameworkMethod.java:41)
	at junitparams.internal.InvokeParameterisedMethod.evaluate(InvokeParameterisedMethod.java:102)
	at org.junit.internal.runners.statements.FailOnTimeout$1.run(FailOnTimeout.java:28)
Caused by: ptolemy.kernel.util.IllegalActionException: SubscriberPorts cannot be used at the top level, use a Subscriber actor instead.
  in .PublisherSubscriberPortToplevel.SubscriberPort
	at ptolemy.actor.SubscriberPort.preinitialize(SubscriberPort.java:328)
	at ptolemy.actor.CompositeActor.preinitialize(CompositeActor.java:1769)
	at ptolemy.actor.Manager.preinitializeAndResolveTypes(Manager.java:1040)
	at ptolemy.actor.Manager.initialize(Manager.java:710)
	at ptolemy.actor.Manager.execute(Manager.java:356)
	at ptolemy.actor.Manager.run(Manager.java:1263)
	at ptolemy.actor.Manager$PtolemyRunThread.run(Manager.java:1915)
java.lang.RuntimeException: Execution failed
	at ptolemy.moml.MoMLSimpleApplication$UnloadThread.run(MoMLSimpleApplication.java:402)
Caused by: ptolemy.kernel.util.IllegalActionException: SubscriptionAggregatorPorts cannot be used at the top level, use a SubscriptionAggregator actor instead.
  in .PublisherSubscriptionAggregatorPort.SubscriptionAggregatorPort
	at ptolemy.actor.SubscriptionAggregatorPort.preinitialize(SubscriptionAggregatorPort.java:353)
	at ptolemy.actor.CompositeActor.preinitialize(CompositeActor.java:1769)
	at ptolemy.actor.Manager.preinitializeAndResolveTypes(Manager.java:1040)
	at ptolemy.actor.Manager.initialize(Manager.java:710)
	at ptolemy.actor.Manager.execute(Manager.java:356)
	at ptolemy.actor.Manager.run(Manager.java:1263)
	at ptolemy.actor.Manager$PtolemyRunThread.run(Manager.java:1915)
java.lang.reflect.InvocationTargetException
	at sun.reflect.NativeConstructorAccessorImpl.newInstance0(Native Method)
	at sun.reflect.NativeConstructorAccessorImpl.newInstance(NativeConstructorAccessorImpl.java:62)
	at sun.reflect.DelegatingConstructorAccessorImpl.newInstance(DelegatingConstructorAccessorImpl.java:45)
	at java.lang.reflect.Constructor.newInstance(Constructor.java:423)
	at ptolemy.util.test.junit.AutoKnownFailedTests.RunModel(AutoKnownFailedTests.java:105)
	at sun.reflect.NativeMethodAccessorImpl.invoke0(Native Method)
	at sun.reflect.NativeMethodAccessorImpl.invoke(NativeMethodAccessorImpl.java:62)
	at sun.reflect.DelegatingMethodAccessorImpl.invoke(DelegatingMethodAccessorImpl.java:43)
	at java.lang.reflect.Method.invoke(Method.java:498)
	at org.junit.runners.model.FrameworkMethod$1.runReflectiveCall(FrameworkMethod.java:44)
	at org.junit.internal.runners.model.ReflectiveCallable.run(ReflectiveCallable.java:15)
	at org.junit.runners.model.FrameworkMethod.invokeExplosively(FrameworkMethod.java:41)
	at junitparams.internal.InvokeParameterisedMethod.evaluate(InvokeParameterisedMethod.java:102)
	at org.junit.internal.runners.statements.FailOnTimeout$1.run(FailOnTimeout.java:28)
Caused by: ptolemy.kernel.util.IllegalActionException: SubscriptionAggregatorPorts cannot be used at the top level, use a SubscriptionAggregator actor instead.
  in .PublisherSubscriptionAggregatorPort.SubscriptionAggregatorPort
	at ptolemy.actor.SubscriptionAggregatorPort.preinitialize(SubscriptionAggregatorPort.java:353)
	at ptolemy.actor.CompositeActor.preinitialize(CompositeActor.java:1769)
	at ptolemy.actor.Manager.preinitializeAndResolveTypes(Manager.java:1040)
	at ptolemy.actor.Manager.initialize(Manager.java:710)
	at ptolemy.actor.Manager.execute(Manager.java:356)
	at ptolemy.actor.Manager.run(Manager.java:1263)
	at ptolemy.actor.Manager$PtolemyRunThread.run(Manager.java:1915)
java.lang.RuntimeException: Execution failed
	at ptolemy.moml.MoMLSimpleApplication$UnloadThread.run(MoMLSimpleApplication.java:402)
Caused by: ptolemy.kernel.util.IllegalActionException: TypeTest actor has no training data.
  in .sizedarray3.TypeTest
	at ptolemy.actor.lib.TypeTest.initialize(TypeTest.java:250)
	at ptolemy.actor.Director.initialize(Director.java:938)
	at ptolemy.actor.Director.initialize(Director.java:907)
	at ptolemy.actor.sched.StaticSchedulingDirector.initialize(StaticSchedulingDirector.java:159)
	at ptolemy.domains.sdf.kernel.SDFDirector.initialize(SDFDirector.java:544)
	at ptolemy.actor.CompositeActor.initialize(CompositeActor.java:935)
	at ptolemy.actor.Manager.initialize(Manager.java:724)
	at ptolemy.actor.Manager.execute(Manager.java:356)
	at ptolemy.actor.Manager.run(Manager.java:1263)
	at ptolemy.actor.Manager$PtolemyRunThread.run(Manager.java:1915)
java.lang.reflect.InvocationTargetException
	at sun.reflect.NativeConstructorAccessorImpl.newInstance0(Native Method)
	at sun.reflect.NativeConstructorAccessorImpl.newInstance(NativeConstructorAccessorImpl.java:62)
	at sun.reflect.DelegatingConstructorAccessorImpl.newInstance(DelegatingConstructorAccessorImpl.java:45)
	at java.lang.reflect.Constructor.newInstance(Constructor.java:423)
	at ptolemy.util.test.junit.AutoKnownFailedTests.RunModel(AutoKnownFailedTests.java:105)
	at sun.reflect.NativeMethodAccessorImpl.invoke0(Native Method)
	at sun.reflect.NativeMethodAccessorImpl.invoke(NativeMethodAccessorImpl.java:62)
	at sun.reflect.DelegatingMethodAccessorImpl.invoke(DelegatingMethodAccessorImpl.java:43)
	at java.lang.reflect.Method.invoke(Method.java:498)
	at org.junit.runners.model.FrameworkMethod$1.runReflectiveCall(FrameworkMethod.java:44)
	at org.junit.internal.runners.model.ReflectiveCallable.run(ReflectiveCallable.java:15)
	at org.junit.runners.model.FrameworkMethod.invokeExplosively(FrameworkMethod.java:41)
	at junitparams.internal.InvokeParameterisedMethod.evaluate(InvokeParameterisedMethod.java:102)
	at org.junit.internal.runners.statements.FailOnTimeout$1.run(FailOnTimeout.java:28)
Caused by: ptolemy.kernel.util.IllegalActionException: TypeTest actor has no training data.
  in .sizedarray3.TypeTest
	at ptolemy.actor.lib.TypeTest.initialize(TypeTest.java:250)
	at ptolemy.actor.Director.initialize(Director.java:938)
	at ptolemy.actor.Director.initialize(Director.java:907)
	at ptolemy.actor.sched.StaticSchedulingDirector.initialize(StaticSchedulingDirector.java:159)
	at ptolemy.domains.sdf.kernel.SDFDirector.initialize(SDFDirector.java:544)
	at ptolemy.actor.CompositeActor.initialize(CompositeActor.java:935)
	at ptolemy.actor.Manager.initialize(Manager.java:724)
	at ptolemy.actor.Manager.execute(Manager.java:356)
	at ptolemy.actor.Manager.run(Manager.java:1263)
	at ptolemy.actor.Manager$PtolemyRunThread.run(Manager.java:1915)
ptolemy.kernel.util.InternalErrorException: Exec Stdout Gobbler-0: Failed while reading from java.lang.UNIXProcess$ProcessPipeInputStream@6764841a. To avoid this, try setting the ignoreIOExceptionReadErrors parameter to true.null
  in .Exec.Exec
Because:
Stream closed
	at ptolemy.actor.lib.Exec$_StreamReaderThread._read(Exec.java:762)
	at ptolemy.actor.lib.Exec$_StreamReaderThread.run(Exec.java:706)
Caused by: java.io.IOException: Stream closed
	at sun.nio.cs.StreamDecoder.ensureOpen(StreamDecoder.java:46)
	at sun.nio.cs.StreamDecoder.read(StreamDecoder.java:148)
	at java.io.InputStreamReader.read(InputStreamReader.java:184)
	at ptolemy.actor.lib.Exec$_StreamReaderThread._read(Exec.java:724)
	... 1 more
Caused by: java.io.IOException: Stream closed
	at sun.nio.cs.StreamDecoder.ensureOpen(StreamDecoder.java:46)
	at sun.nio.cs.StreamDecoder.read(StreamDecoder.java:148)
	at java.io.InputStreamReader.read(InputStreamReader.java:184)
	at ptolemy.actor.lib.Exec$_StreamReaderThread._read(Exec.java:724)
	at ptolemy.actor.lib.Exec$_StreamReaderThread.run(Exec.java:706)
java.lang.RuntimeException: Execution failed
	at ptolemy.moml.MoMLSimpleApplication$UnloadThread.run(MoMLSimpleApplication.java:402)
Caused by: ptolemy.kernel.util.IllegalActionException: Test fails in iteration 0.
Value was: 6001L. Should have been: 6000L
  in .ExecutionTimeSDF.NonStrictTest
	at ptolemy.actor.lib.NonStrictTest.postfire(NonStrictTest.java:328)
	at ptolemy.actor.AtomicActor.iterate(AtomicActor.java:518)
	at ptolemy.actor.sched.StaticSchedulingDirector.fire(StaticSchedulingDirector.java:216)
	at ptolemy.domains.sdf.kernel.SDFDirector.fire(SDFDirector.java:500)
	at ptolemy.actor.CompositeActor.fire(CompositeActor.java:455)
	at ptolemy.actor.Manager.iterate(Manager.java:851)
	at ptolemy.actor.Manager.execute(Manager.java:369)
	at ptolemy.actor.Manager.run(Manager.java:1263)
	at ptolemy.actor.Manager$PtolemyRunThread.run(Manager.java:1915)
]]></system-err>
</testsuite>
