<?xml version="1.0" encoding="UTF-8" ?>
<testsuite errors="0" failures="0" hostname="travis-job-ba482949-c09b-4329-ada2-66267f91cad6" name="ptolemy.domains.de.test.junit.JUnitTclTest" skipped="0" tests="101" time="126.084" timestamp="2018-09-01T02:01:46">
  <properties>
    <property name="npm.executable" value="npm" />
    <property name="file.encoding.pkg" value="sun.io" />
    <property name="ptII.mk.exists" value="true" />
    <property name="env.rvm_bin_path" value="/home/travis/.rvm/bin" />
    <property name="java.home" value="/usr/lib/jvm/java-8-oracle/jre" />
    <property name="env.TRAVIS_JOB_NUMBER" value="714.9" />
    <property name="env.DISPLAY" value=":99.0" />
    <property name="java.net.preferIPv4Stack" value="true" />
    <property name="env.TRAVIS_INIT" value="upstart" />
    <property name="env.SSH_TTY" value="/dev/pts/0" />
    <property name="env.RUN_TESTS" value="false" />
    <property name="timeout.short" value="1000000" />
    <property name="env.TRAVIS_STACK_NODE_ATTRIBUTES" value="/.node-attributes.yml" />
    <property name="junit.formatter" value="xml" />
    <property name="java.endorsed.dirs" value="/usr/lib/jvm/java-8-oracle/jre/lib/endorsed" />
    <property name="env.TRAVIS_SUDO" value="true" />
    <property name="env.LOGNAME" value="travis" />
    <property name="jsdoc.home" value="node_modules/@terraswarm/jsdoc" />
    <property name="debuglevel" value="source,lines,vars" />
    <property name="checkstyle.formatter" value="xml" />
    <property name="bin.vergil.makeable" value="true" />
    <property name="env._system_version" value="14.04" />
    <property name="sun.os.patch.level" value="unknown" />
    <property name="java.vendor.url" value="http://java.oracle.com/" />
    <property name="java.version" value="1.8.0_151" />
    <property name="env.TZ" value="UTC" />
    <property name="env.PT_NO_NET" value="true" />
    <property name="env.TRAVIS_PULL_REQUEST_SHA" value="" />
    <property name="env.TRAVIS_SECURE_ENV_VARS" value="true" />
    <property name="env._system_type" value="Linux" />
    <property name="java.vendor.url.bug" value="http://bugreport.sun.com/bugreport/" />
    <property name="env.SSH_CLIENT" value="10.10.16.12 59556 22" />
    <property name="npmjs-org-is-up" value="true" />
    <property name="env.GEM_HOME" value="/home/travis/.rvm/gems/ruby-2.4.1" />
    <property name="env.HAS_ANTARES_THREE_LITTLE_FRONZIES_BADGE" value="true" />
    <property name="env.PS4" value="+" />
    <property name="ant.project.invoked-targets" value="build,test.core2.xml" />
    <property name="env.TRAVIS_PULL_REQUEST_BRANCH" value="" />
    <property name="env.TRAVIS_REPO_SLUG" value="icyphy/ptII" />
    <property name="node.in.path" value="true" />
    <property name="java.maxmemory" value="1400m" />
    <property name="env.RUBY_VERSION" value="ruby-2.4.1" />
    <property name="user.name" value="travis" />
    <property name="env.LANG" value="en_US.UTF-8" />
    <property name="sun.io.unicode.encoding" value="UnicodeLittle" />
    <property name="sun.jnu.encoding" value="UTF-8" />
    <property name="java.runtime.name" value="Java(TM) SE Runtime Environment" />
    <property name="usefile" value="false" />
    <property name="return.code" value="0" />
    <property name="junit.single.formatter" value="plain" />
    <property name="env.DYLD_LIBRARY_PATH" value="/home/travis/pthla/certi-tools/lib:" />
    <property name="env.DEBIAN_FRONTEND" value="noninteractive" />
    <property name="env.SSH_CONNECTION" value="10.10.16.12 59556 10.20.0.30 22" />
    <property name="env.MYSQL_UNIX_PORT" value="/var/run/mysqld/mysqld.sock" />
    <property name="env.TRAVIS_ALLOW_FAILURE" value="false" />
    <property name="env.LC_ALL" value="en_US.UTF-8" />
    <property name="java.specification.name" value="Java Platform API Specification" />
    <property name="node.works" value="true" />
    <property name="user.timezone" value="" />
    <property name="path.separator" value=":" />
    <property name="env.PYTHON_CFLAGS" value="-g -fstack-protector --param=ssp-buffer-size=4 -Wformat -Werror=format-security" />
    <property name="timeout.long" value="4000000" />
    <property name="env.CERTI_HOME" value="/home/travis/pthla/certi-tools" />
    <property name="file.encoding" value="UTF-8" />
    <property name="ant.file.ptII" value="/home/travis/build/icyphy/ptII/build.xml" />
    <property name="javadoc.packagenames" value="com.*,diva.*,lbnl.*,org.hlacerti.*,org.json.*,org.ptolemy.*,org.terraswarm.*,ptolemy.*,ptserver.*" />
    <property name="env.TRAVIS_PULL_REQUEST_SLUG" value="" />
    <property name="ant.project.default-target" value="build" />
    <property name="env.GIT_ASKPASS" value="echo" />
    <property name="env.HOME" value="/home/travis" />
    <property name="sun.java.command" value="org.apache.tools.ant.taskdefs.optional.junit.JUnitTestRunner ptolemy.domains.de.test.junit.JUnitTclTest skipNonTests=false filtertrace=true haltOnError=false haltOnFailure=false formatter=org.apache.tools.ant.taskdefs.optional.junit.OutErrSummaryJUnitResultFormatter showoutput=true outputtoformatters=true logfailedtests=true threadid=0 logtestlistenerevents=false formatter=org.apache.tools.ant.taskdefs.optional.junit.XMLJUnitResultFormatter,/home/travis/build/icyphy/ptII/reports/junit/TEST-ptolemy.domains.de.test.junit.JUnitTclTest.xml crashfile=/home/travis/build/icyphy/ptII/junitvmwatcher5584969624150250992.properties propsfile=/home/travis/build/icyphy/ptII/junit4658668219642001926.properties" />
    <property name="env.MANPATH" value="/home/travis/.nvm/versions/node/v7.10.1/share/man:/home/travis/.kiex/elixirs/elixir-1.4.5/man:/home/travis/.rvm/rubies/ruby-2.4.1/share/man:/usr/local/man:/usr/local/cmake-3.9.2/man:/usr/local/clang-5.0.0/share/man:/usr/local/share/man:/usr/share/man:/home/travis/.rvm/man" />
    <property name="env.COMPOSER_NO_INTERACTION" value="1" />
    <property name="env.JDK_SWITCHER_DEFAULT" value="oraclejdk8" />
    <property name="ant.file" value="/home/travis/build/icyphy/ptII/build.xml" />
    <property name="env.TRAVIS_COMMIT_RANGE" value="0cf022ad24b2272dc9a802466af2a6a9926137bb...31232951153ad479e847436f4fe044bd067f5f2a" />
    <property name="env._system_name" value="Ubuntu" />
    <property name="timeout" value="2400000" />
    <property name="ptII.classpath.optional.property" value="/home/travis/build/icyphy/ptII/lib/bsh-2.0b4.jar:/home/travis/build/icyphy/ptII/lib/ptCal.jar:/home/travis/build/icyphy/ptII/lib/java_cup.jar:/home/travis/build/icyphy/ptII/lib/saxon8.jar:/home/travis/build/icyphy/ptII/lib/saxon8-dom.jar:/home/travis/build/icyphy/ptII/lib/chic.jar:/home/travis/build/icyphy/ptII/lib/ptcolt.jar:/usr/lib/jvm/java-8-oracle/lib/tools.jar:/usr/lib/eclipse/plugins/org.eclipse.jdt.core_3.8.2.dist.jar:/usr/lib/eclipse/plugins/org.eclipse.core.runtime_3.8.0.dist.jar:/usr/lib/eclipse/plugins/org.eclipse.osgi_3.8.1.dist.jar:/usr/lib/eclipse/plugins/org.eclipse.core.resources_3.8.1.dist.jar:/usr/lib/eclipse/plugins/org.eclipse.equinox.common_3.6.100.dist.jar:/usr/lib/eclipse/plugins/org.eclipse.core.jobs_3.5.200.dist.jar:/usr/lib/eclipse/plugins/org.eclipse.core.contenttype_3.4.200.dist.jar:/usr/lib/eclipse/plugins/org.eclipse.equinox.preferences_3.5.0.dist.jar:/usr/lib/eclipse/plugins/org.eclipse.text_3.5.200.dist.jar:/usr/lib/eclipse/plugins/org.eclipse.ui.workbench_3.8.1.dist.jar:/usr/lib/eclipse/plugins/org.eclipse.jface_3.8.0.dist.jar:/usr/lib/eclipse/plugins/org.eclipse.swt_3.8.2.jar:/usr/lib/eclipse/plugins/org.eclipse.jface.text_3.8.1.dist.jar:/usr/lib/eclipse/plugins/org.eclipse.ui.workbench.texteditor_3.8.0.dist.jar:/usr/lib/eclipse/plugins/org.eclipse.ui.editors_3.8.0.dist.jar:/usr/lib/eclipse/plugins/org.eclipse.core.commands_3.6.1.dist.jar:/usr/lib/eclipse/plugins/org.eclipse.equinox.registry_3.5.200.dist.jar:/usr/lib/eclipse/plugins/org.eclipse.ui.console_3.5.100.dist.jar:/usr/lib/eclipse/plugins/org.eclipse.ui.forms_3.5.200.dist.jar:/usr/lib/eclipse/plugins/org.eclipse.ui.ide_3.8.1.dist.jar:/home/travis/build/icyphy/ptII/vendors/oracle/dbxml.jar:/home/travis/build/icyphy/ptII/vendors/oracle/db.jar:/home/travis/build/icyphy/ptII/vendors/misc/itext/iText.jar:/home/travis/build/icyphy/ptII/lib/g4ltl.jar:/home/travis/build/icyphy/ptII/lib/StructuralCoder.jar:/home/travis/build/icyphy/ptII/lib/org-openide-util.jar:/home/travis/build/icyphy/ptII/lib/org-openide-util-lookup.jar:/home/travis/build/icyphy/ptII/lib/org-netbeans-api-visual.jar:/home/travis/build/icyphy/ptII/vendors/jai-1_1_2_01/lib/jai_core.jar:/home/travis/build/icyphy/ptII/vendors/jai-1_1_2_01/lib/jai_codec.jar:/home/travis/build/icyphy/ptII/lib/jcerti.jar:/home/travis/build/icyphy/ptII/lib/smack.jar:/home/travis/build/icyphy/ptII/lib/smackx.jar:/home/travis/build/icyphy/ptII/lib/jetty-all-8.1.5-v20120716.jar:/home/travis/build/icyphy/ptII/lib/javax.servlet-api-3.0.1.jar:/home/travis/build/icyphy/ptII/lib/javax.mail.jar:/home/travis/build/icyphy/ptII/vendors/JMF-2.1.1e/lib/jmf.jar:/home/travis/build/icyphy/ptII/lib/jna-4.0.0-variadic.jar:/home/travis/build/icyphy/ptII/vendors/misc/joystick/Joystick.jar:/home/travis/build/icyphy/ptII/lib/ptjacl.jar:/home/travis/build/icyphy/ptII/lib/jsoup-1.8.2.jar:/home/travis/build/icyphy/ptII/lib/junit-4.8.2.jar:/home/travis/build/icyphy/ptII/lib/JUnitParams-0.4.0.jar:/home/travis/build/icyphy/ptII/ptolemy/actor/lib/excel/jxl.jar:/home/travis/build/icyphy/ptII/lib/jython.jar:/home/travis/build/icyphy/ptII/lib/kieler.jar:/home/travis/build/icyphy/ptII/vendors/opencv/share/OpenCV/java/opencv-341.jar:/home/travis/build/icyphy/ptII/lib/oscP5.jar:/home/travis/build/icyphy/ptII/lib/nrjavaserial-3.11.0.devel.jar:/home/travis/build/icyphy/ptII/vendors/j3d/lib/j3dcore.jar:/home/travis/build/icyphy/ptII/vendors/j3d/lib/j3dutils.jar:/home/travis/build/icyphy/ptII/vendors/j3d/lib/vecmath.jar:/home/travis/build/icyphy/ptII/ptolemy/distributed/jini/jar/jini-core.jar:/home/travis/build/icyphy/ptII/ptolemy/distributed/jini/jar/jini-ext.jar:/home/travis/build/icyphy/ptII/ptolemy/distributed/jini/jar/sun-util.jar:/home/travis/build/icyphy/ptII/lib/protobuf-java-2.4.1.jar:/home/travis/build/icyphy/ptII/lib/org.eclipse.paho.client.mqttv3.jar:/home/travis/build/icyphy/ptII/ptserver/lib/hessian-4.0.7.jar:/home/travis/build/icyphy/ptII/ptserver/lib/wmqtt.jar:/home/travis/build/icyphy/ptII/lib/mapss.jar:/home/travis/build/icyphy/ptII/ptolemy/actor/ptalon/antlr/antlr.jar:/home/travis/build/icyphy/ptII/lib/JRI.jar:/home/travis/build/icyphy/ptII/lib/commons-lang-2.6.jar:/home/travis/build/icyphy/ptII/lib/commons-logging-1.1.1.jar:/home/travis/build/icyphy/ptII/lib/sootclasses.jar:/home/travis/build/icyphy/ptII/ptolemy/actor/lib/database/mysql-connector-java-5.1.6-bin.jar:/home/travis/build/icyphy/ptII/vendors/misc/sphinx4/sphinx4-data-5prealpha.jar:/home/travis/build/icyphy/ptII/vendors/misc/sphinx4/sphinx4-core-5prealpha.jar:/home/travis/build/icyphy/ptII/lib/PDFRenderer.jar:/home/travis/build/icyphy/ptII/lib/svgSalamander.jar:/home/travis/build/icyphy/ptII/lib/rsyntaxtextarea-2.6.0-SNAPSHOT.jar:/home/travis/build/icyphy/ptII/lib/hazelcast-3.8.2.jar:/home/travis/build/icyphy/ptII/lib/jackson-annotations-2.9.0.jar:/home/travis/build/icyphy/ptII/lib/jackson-core-2.9.3.jar:/home/travis/build/icyphy/ptII/lib/jackson-databind-2.9.3.jar:/home/travis/build/icyphy/ptII/lib/netty-buffer-4.1.19.Final.jar:/home/travis/build/icyphy/ptII/lib/netty-codec-4.1.19.Final.jar:/home/travis/build/icyphy/ptII/lib/netty-codec-dns-4.1.19.Final.jar:/home/travis/build/icyphy/ptII/lib/netty-codec-http-4.1.19.Final.jar:/home/travis/build/icyphy/ptII/lib/netty-codec-http2-4.1.19.Final.jar:/home/travis/build/icyphy/ptII/lib/netty-common-4.1.19.Final.jar:/home/travis/build/icyphy/ptII/lib/netty-handler-4.1.19.Final.jar:/home/travis/build/icyphy/ptII/lib/netty-resolver-4.1.19.Final.jar:/home/travis/build/icyphy/ptII/lib/netty-resolver-dns-4.1.19.Final.jar:/home/travis/build/icyphy/ptII/lib/netty-transport-4.1.19.Final.jar:/home/travis/build/icyphy/ptII/lib/vertx-codegen-3.5.1.jar:/home/travis/build/icyphy/ptII/lib/vertx-core-3.5.2-SNAPSHOT.jar:/home/travis/build/icyphy/ptII/lib/vertx-hazelcast-3.5.1.jar:/home/travis/build/icyphy/ptII/lib/vertx-lang-js-3.5.1.jar:/home/travis/build/icyphy/ptII/lib/vertx-service-proxy-3.5.1.jar:/home/travis/build/icyphy/ptII/lib/vertx-web-3.5.1.jar:/home/travis/build/icyphy/ptII/lib/slf4j-api-1.7.13.jar:/home/travis/build/icyphy/ptII/lib/slf4j-simple-1.7.13.jar:/home/travis/build/icyphy/ptII/lib/webcam-capture-0.3.12.jar:/home/travis/build/icyphy/ptII/lib/bridj-0.7.0.jar:/home/travis/build/icyphy/ptII/lib/xbjlib-1.1.0.nrjavaserial.jar" />
    <property name="test.batch" value="**/junit/*.java" />
    <property name="env._" value="/usr/bin/timeout" />
    <property name="java.io.tmpdir" value="/tmp" />
    <property name="user.language" value="en" />
    <property name="env.HISTCONTROL" value="ignoredups:ignorespace" />
    <property name="env.GOROOT" value="/home/travis/.gimme/versions/go1.7.4.linux.amd64" />
    <property name="line.separator" value="&#xa;" />
    <property name="target" value="1.8" />
    <property name="env.TRAVIS_BUILD_DIR" value="/home/travis/build/icyphy/ptII" />
    <property name="env.ANT_OPTS" value="-Xmx2048m" />
    <property name="ant.file.type" value="file" />
    <property name="ptolemy.ptII.batchMode" value="true" />
    <property name="env.HISTSIZE" value="1000" />
    <property name="env.MERB_ENV" value="test" />
    <property name="java.vm.info" value="mixed mode" />
    <property name="source" value="1.8" />
    <property name="java.vm.specification.name" value="Java Virtual Machine Specification" />
    <property name="env.TRAVIS_TEST_RESULT" value="0" />
    <property name="jsdoc.command" value="node_modules/@terraswarm/jsdoc/jsdoc.js" />
    <property name="npm.works" value="true" />
    <property name="cobertura.dir" value="/home/travis/build/icyphy/ptII/vendors/cobertura-2.0.3" />
    <property name="env.rvm_path" value="/home/travis/.rvm" />
    <property name="env.GEM_PATH" value="/home/travis/.rvm/gems/ruby-2.4.1:/home/travis/.rvm/gems/ruby-2.4.1@global" />
    <property name="env.LC_CTYPE" value="en_US.UTF-8" />
    <property name="java.awt.printerjob" value="sun.print.PSPrinterJob" />
    <property name="env.TRAVIS_STACK_NAME" value="garnet" />
    <property name="ant.version" value="Apache Ant(TM) version 1.10.1 compiled on February 2 2017" />
    <property name="ptII.reports" value="/home/travis/build/icyphy/ptII/reports" />
    <property name="env.TRAVIS_STACK_TIMESTAMP" value="2017-12-05 19:33:09 UTC" />
    <property name="ant.file.type.ptII" value="file" />
    <property name="env.RBENV_SHELL" value="bash" />
    <property name="os.name" value="Linux" />
    <property name="java.specification.vendor" value="Oracle Corporation" />
    <property name="env.rvm_version" value="1.29.3 (latest)" />
    <property name="env.TERM" value="xterm" />
    <property name="java.vm.name" value="Java HotSpot(TM) 64-Bit Server VM" />
    <property name="env.TRAVIS_BUILD_NUMBER" value="714" />
    <property name="env.CI" value="true" />
    <property name="java.library.path" value="/home/travis/pthla/certi-tools/lib:/usr/lib/jni:/usr/local/share/OpenCV/java/:/usr/share/OpenCV/java::/usr/java/packages/lib/amd64:/usr/lib64:/lib64:/lib:/usr/lib" />
    <property name="env.rvm_prefix" value="/home/travis" />
    <property name="env.PATH" value="/home/travis/pthla/certi-tools/share/scripts:/home/travis/.rvm/gems/ruby-2.4.1/bin:/home/travis/.rvm/gems/ruby-2.4.1@global/bin:/home/travis/.rvm/rubies/ruby-2.4.1/bin:/home/travis/.rvm/bin:/home/travis/.nvm/versions/node/v7.10.1/bin:./node_modules/.bin:/home/travis/build/icyphy/ptII/bin:/home/travis/pthla/certi-tools/bin:/home/travis/bin:/home/travis/.local/bin:/opt/pyenv/shims:/home/travis/.phpenv/shims:/home/travis/perl5/perlbrew/bin:/home/travis/.kiex/elixirs/elixir-1.4.5/bin:/home/travis/.kiex/bin:/home/travis/gopath/bin:/home/travis/.gimme/versions/go1.7.4.linux.amd64/bin:/usr/local/phantomjs/bin:/usr/local/phantomjs:/usr/local/neo4j-3.2.7/bin:/usr/local/maven-3.5.2/bin:/usr/local/cmake-3.9.2/bin:/usr/local/clang-5.0.0/bin:/usr/local/sbin:/usr/local/bin:/usr/sbin:/usr/bin:/sbin:/bin:/home/travis/.phpenv/bin:/opt/pyenv/bin:/home/travis/.yarn/bin" />
    <property name="env.TRAVIS_OS_NAME" value="linux" />
    <property name="ant.java.version" value="1.8" />
    <property name="basedir" value="/home/travis/build/icyphy/ptII" />
    <property name="java.class.version" value="52.0" />
    <property name="env.SHLVL" value="3" />
    <property name="env.LD_LIBRARY_PATH" value="/home/travis/pthla/certi-tools/lib:/usr/lib/jni:/usr/local/share/OpenCV/java/:/usr/share/OpenCV/java:" />
    <property name="env.RACK_ENV" value="test" />
    <property name="ant.home" value="/home/travis/build/icyphy/ptII/ant" />
    <property name="env.NVM_DIR" value="/home/travis/.nvm" />
    <property name="env.PERLBREW_BASHRC_VERSION" value="0.80" />
    <property name="env.CERTI_FOM_PATH" value="/home/travis/pthla/certi-tools/share/federations" />
    <property name="env.TRAVIS_BUILD_ID" value="423258862" />
    <property name="env.PYENV_ROOT" value="/opt/pyenv" />
    <property name="env.TRAVIS_UID" value="2000" />
    <property name="env.rvm_pretty_print_flag" value="auto" />
    <property name="env.NVM_BIN" value="/home/travis/.nvm/versions/node/v7.10.1/bin" />
    <property name="env.TRAVIS_COMMIT" value="31232951153ad479e847436f4fe044bd067f5f2a" />
    <property name="env._system_arch" value="x86_64" />
    <property name="node.executable" value="node" />
    <property name="sun.boot.library.path" value="/usr/lib/jvm/java-8-oracle/jre/lib/amd64" />
    <property name="sun.management.compiler" value="HotSpot 64-Bit Tiered Compilers" />
    <property name="env.GOPATH" value="/home/travis/gopath" />
    <property name="java.awt.graphicsenv" value="sun.awt.X11GraphicsEnvironment" />
    <property name="ptolemy.ptII.dir" value="/home/travis/build/icyphy/ptII" />
    <property name="env.USER" value="travis" />
    <property name="env.HISTFILESIZE" value="2000" />
    <property name="timeout.longest" value="19000000" />
    <property name="env.TRAVIS_STACK_FEATURES" value="basic cassandra chromium couchdb disabled-ipv6 docker docker-compose elasticsearch firefox go-toolchain google-chrome jdk memcached mongodb mysql neo4j nodejs_interpreter perl_interpreter perlbrew phantomjs postgresql python_interpreter rabbitmq redis riak ruby_interpreter sqlite xserver" />
    <property name="env.TRAVIS_PULL_REQUEST" value="false" />
    <property name="env.PYENV_SHELL" value="bash" />
    <property name="ant.project.name" value="ptII" />
    <property name="java.vm.specification.version" value="1.8" />
    <property name="env.TRAVIS_DIST" value="trusty" />
    <property name="env.CERTI_VERSION" value="4.0.0" />
    <property name="env.NLSPATH" value="/usr/dt/lib/nls/msg/%L/%N.cat" />
    <property name="awt.toolkit" value="sun.awt.X11.XToolkit" />
    <property name="env.CERTI_HOST" value="localhost" />
    <property name="env.MY_RUBY_HOME" value="/home/travis/.rvm/rubies/ruby-2.4.1" />
    <property name="sun.cpu.isalist" value="" />
    <property name="java.ext.dirs" value="/usr/lib/jvm/java-8-oracle/jre/lib/ext:/usr/java/packages/lib/ext" />
    <property name="os.version" value="4.4.0-101-generic" />
    <property name="user.home" value="/home/travis" />
    <property name="env.MIX_ARCHIVES" value="/home/travis/.kiex/mix/elixir-1.4.5" />
    <property name="java.vm.vendor" value="Oracle Corporation" />
    <property name="env.TRAVIS_TAG" value="nightly" />
    <property name="env.TRAVIS_FILTERED" value="redirect_io" />
    <property name="env.JAVA_HOME" value="/usr/lib/jvm/java-8-oracle" />
    <property name="env.PTII" value="/home/travis/build/icyphy/ptII" />
    <property name="javadoc.excludepackagenames" value="adm.cvs2svn.*,build.*,config.*,doc.coding.templates.*,jni.test.jni.meaningOfLife.*,jni.test.jni.testDeux.*,jni.test.jni.testTrois.*,org.terraswarm.accessor.accessors.web.node_modules.*,org.terraswarm.accessor.accessors.web.hosts.cordova.demo.*,org.terraswarm.accessor.accessors.web.hosts.cordova.plugins.*,org.terraswarm.accessor.accessors-svn.*,pt-modules.*,ptolemy.apps.agilent.*,ptolemy.apps.anytimecontrol.*,ptolemy.apps.apes.*,ptolemy.apps.charon.*,ptolemy.apps.crazyboard.*,ptolemy.apps.eclipse.*,ptolemy.apps.etherealSting.*,ptolemy.apps.fullscreen.*,ptolemy.apps.giotto.*,ptolemy.apps.ia.*,ptolemy.apps.interfaces.*,ptolemy.apps.jmf.*,ptolemy.apps.kurt.*,ptolemy.apps.kvm.*,ptolemy.apps.lego.*,ptolemy.apps.lejos.*,ptolemy.apps.midp.*,ptolemy.apps.mobileCoding.*,ptolemy.apps.pendulum.*,ptolemy.apps.rijndael.*,ptolemy.apps.robot.*,ptolemy.apps.security.*,ptolemy.apps.sobel.*,ptolemy.apps.soot.*,ptolemy.apps.throttle.*,ptolemy.apps.tini.*,ptolemy.apps.transmission.*,ptolemy.apps.vergil.*,ptolemy.apps.waba.*,ptolemy.apps.websensor.*,ptolemy.apps.webstart.*,ptolemy.apps.xsl.*,ptolemy.apps.zaurus.*,ptolemy.backtrack.eclipse.plugin.*,ptolemy.backtrack.test.*,ptolemy.codegen.c.actor.lib.oldJavaFiles.*,ptolemy.codegen.dsp.lib.*,ptolemy.codegen.kernel.newInterfaces.*,ptolemy.codegen.lib.*,ptolemy.copernicus.kernel.fragment.*,ptolemy.copernicus.shallow.cg.*,ptolemy.domains.giotto.demo.Hierarchy.Hierarchy.*,ptolemy.domains.giotto.demo.Multimode.Multimode.*,ptolemy.domains.giotto.demo.Simple.Simple.*,ptolemy.domains.gr.lib.experimental.*,ptolemy.domains.gro.*,ptolemy.domains.pdf.*,ptolemy.domains.ptinyos.demo.Surge.output.*,ptolemy.moml.test.NoPackageActor.java*,ptolemy.plot.adm.*,ptolemy.plot.servlet.*,reports.*,signed.*,src.*,target.*,vendors.*,ptolemy.cg.adapter.generic.program.procedural.c.mbed*,ptolemy.actor.lib.fmi.fmus.omc*,ptolemy.domains.openmodelica*,ptdb.kernel.bl.save.test.*,ptdb.kernel.bl.load.test.*,ptdb.kernel.bl.search.test.*,ptdb.kernel.bl.migration.test.*,ptdb.kernel.database.test.*,ptdb.test.*,ptdb.gui.test.*,org.ptolemy.scala.*,diva.util.java2d.svg.*,ptolemy.domains.ptinyos.*,ptolemy.actor.lib.fmi.fmipp.*,,org.terraswarm.accessor.accessors.web.node_modules.*,org.terraswarm.accessor.accessors-svn,ptolemy.apps.*,ptolemy.actor.ptalon.demo.ptinyos.SendAndReceiveCnt.output,ptolemy.actor.ptalon.demo.ptinyos.SenseToLeds.output,ptolemy.domains.ptinyos.demo.CntToLedsAndRfm.output,ptolemy.domains.ptinyos.demo.RfmToLeds.output,ptolemy.domains.ptinyos.demo.SendAndReceiveCnt.output,ptolemy.domains.ptinyos.demo.SenseToLeds.output,ptolemy.actor.lib.jjs.modules.udpSocket.*" />
    <property name="env.TRAVIS_COMMIT_MESSAGE" value="Demo tuning" />
    <property name="keystore" value="ptKeystore" />
    <property name="env.XDG_SESSION_ID" value="2" />
    <property name="junit.output.dir" value="/home/travis/build/icyphy/ptII/reports/junit" />
    <property name="npm.return.code" value="0" />
    <property name="user.dir" value="/home/travis/build/icyphy/ptII/ptolemy/domains/de/test" />
    <property name="env.TRAVIS_NODE_VERSION" value="7" />
    <property name="env.XFILESEARCHPATH" value="/usr/dt/app-defaults/%L/Dt" />
    <property name="env.TRAVIS_EVENT_TYPE" value="cron" />
    <property name="env.MAIL" value="/var/mail/travis" />
    <property name="env.PERLBREW_ROOT" value="/home/travis/perl5/perlbrew" />
    <property name="env.PWD" value="/home/travis/build/icyphy/ptII" />
    <property name="timeout.npm" value="45000" />
    <property name="env.PT_TRAVIS_TEST_CORE2_XML" value="true" />
    <property name="env.PAGER" value="cat" />
    <property name="sun.cpu.endian" value="little" />
    <property name="env.TRAVIS_BUILD_STAGE_NAME" value="Test" />
    <property name="env.PERLBREW_HOME" value="/home/travis/.perlbrew" />
    <property name="env.RAILS_ENV" value="test" />
    <property name="java.vm.version" value="25.151-b12" />
    <property name="java.class.path" value="/home/travis/build/icyphy/ptII:/home/travis/build/icyphy/ptII/lib/bsh-2.0b4.jar:/home/travis/build/icyphy/ptII/lib/ptCal.jar:/home/travis/build/icyphy/ptII/lib/java_cup.jar:/home/travis/build/icyphy/ptII/lib/saxon8.jar:/home/travis/build/icyphy/ptII/lib/saxon8-dom.jar:/home/travis/build/icyphy/ptII/lib/chic.jar:/home/travis/build/icyphy/ptII/lib/ptcolt.jar:/usr/lib/jvm/java-8-oracle/lib/tools.jar:/usr/lib/eclipse/plugins/org.eclipse.jdt.core_3.8.2.dist.jar:/usr/lib/eclipse/plugins/org.eclipse.core.runtime_3.8.0.dist.jar:/usr/lib/eclipse/plugins/org.eclipse.osgi_3.8.1.dist.jar:/usr/lib/eclipse/plugins/org.eclipse.core.resources_3.8.1.dist.jar:/usr/lib/eclipse/plugins/org.eclipse.equinox.common_3.6.100.dist.jar:/usr/lib/eclipse/plugins/org.eclipse.core.jobs_3.5.200.dist.jar:/usr/lib/eclipse/plugins/org.eclipse.core.contenttype_3.4.200.dist.jar:/usr/lib/eclipse/plugins/org.eclipse.equinox.preferences_3.5.0.dist.jar:/usr/lib/eclipse/plugins/org.eclipse.text_3.5.200.dist.jar:/usr/lib/eclipse/plugins/org.eclipse.ui.workbench_3.8.1.dist.jar:/usr/lib/eclipse/plugins/org.eclipse.jface_3.8.0.dist.jar:/usr/lib/eclipse/plugins/org.eclipse.swt_3.8.2.jar:/usr/lib/eclipse/plugins/org.eclipse.jface.text_3.8.1.dist.jar:/usr/lib/eclipse/plugins/org.eclipse.ui.workbench.texteditor_3.8.0.dist.jar:/usr/lib/eclipse/plugins/org.eclipse.ui.editors_3.8.0.dist.jar:/usr/lib/eclipse/plugins/org.eclipse.core.commands_3.6.1.dist.jar:/usr/lib/eclipse/plugins/org.eclipse.equinox.registry_3.5.200.dist.jar:/usr/lib/eclipse/plugins/org.eclipse.ui.console_3.5.100.dist.jar:/usr/lib/eclipse/plugins/org.eclipse.ui.forms_3.5.200.dist.jar:/usr/lib/eclipse/plugins/org.eclipse.ui.ide_3.8.1.dist.jar:/home/travis/build/icyphy/ptII/vendors/oracle/dbxml.jar:/home/travis/build/icyphy/ptII/vendors/oracle/db.jar:/home/travis/build/icyphy/ptII/vendors/misc/itext/iText.jar:/home/travis/build/icyphy/ptII/lib/g4ltl.jar:/home/travis/build/icyphy/ptII/lib/StructuralCoder.jar:/home/travis/build/icyphy/ptII/lib/org-openide-util.jar:/home/travis/build/icyphy/ptII/lib/org-openide-util-lookup.jar:/home/travis/build/icyphy/ptII/lib/org-netbeans-api-visual.jar:/home/travis/build/icyphy/ptII/vendors/jai-1_1_2_01/lib/jai_core.jar:/home/travis/build/icyphy/ptII/vendors/jai-1_1_2_01/lib/jai_codec.jar:/home/travis/build/icyphy/ptII/lib/jcerti.jar:/home/travis/build/icyphy/ptII/lib/smack.jar:/home/travis/build/icyphy/ptII/lib/smackx.jar:/home/travis/build/icyphy/ptII/lib/jetty-all-8.1.5-v20120716.jar:/home/travis/build/icyphy/ptII/lib/javax.servlet-api-3.0.1.jar:/home/travis/build/icyphy/ptII/lib/javax.mail.jar:/home/travis/build/icyphy/ptII/vendors/JMF-2.1.1e/lib/jmf.jar:/home/travis/build/icyphy/ptII/lib/jna-4.0.0-variadic.jar:/home/travis/build/icyphy/ptII/vendors/misc/joystick/Joystick.jar:/home/travis/build/icyphy/ptII/lib/ptjacl.jar:/home/travis/build/icyphy/ptII/lib/jsoup-1.8.2.jar:/home/travis/build/icyphy/ptII/lib/junit-4.8.2.jar:/home/travis/build/icyphy/ptII/lib/JUnitParams-0.4.0.jar:/home/travis/build/icyphy/ptII/ptolemy/actor/lib/excel/jxl.jar:/home/travis/build/icyphy/ptII/lib/jython.jar:/home/travis/build/icyphy/ptII/lib/kieler.jar:/home/travis/build/icyphy/ptII/vendors/opencv/share/OpenCV/java/opencv-341.jar:/home/travis/build/icyphy/ptII/lib/oscP5.jar:/home/travis/build/icyphy/ptII/lib/nrjavaserial-3.11.0.devel.jar:/home/travis/build/icyphy/ptII/vendors/j3d/lib/j3dcore.jar:/home/travis/build/icyphy/ptII/vendors/j3d/lib/j3dutils.jar:/home/travis/build/icyphy/ptII/vendors/j3d/lib/vecmath.jar:/home/travis/build/icyphy/ptII/ptolemy/distributed/jini/jar/jini-core.jar:/home/travis/build/icyphy/ptII/ptolemy/distributed/jini/jar/jini-ext.jar:/home/travis/build/icyphy/ptII/ptolemy/distributed/jini/jar/sun-util.jar:/home/travis/build/icyphy/ptII/lib/protobuf-java-2.4.1.jar:/home/travis/build/icyphy/ptII/lib/org.eclipse.paho.client.mqttv3.jar:/home/travis/build/icyphy/ptII/ptserver/lib/hessian-4.0.7.jar:/home/travis/build/icyphy/ptII/ptserver/lib/wmqtt.jar:/home/travis/build/icyphy/ptII/lib/mapss.jar:/home/travis/build/icyphy/ptII/ptolemy/actor/ptalon/antlr/antlr.jar:/home/travis/build/icyphy/ptII/lib/JRI.jar:/home/travis/build/icyphy/ptII/lib/commons-lang-2.6.jar:/home/travis/build/icyphy/ptII/lib/commons-logging-1.1.1.jar:/home/travis/build/icyphy/ptII/lib/sootclasses.jar:/home/travis/build/icyphy/ptII/ptolemy/actor/lib/database/mysql-connector-java-5.1.6-bin.jar:/home/travis/build/icyphy/ptII/vendors/misc/sphinx4/sphinx4-data-5prealpha.jar:/home/travis/build/icyphy/ptII/vendors/misc/sphinx4/sphinx4-core-5prealpha.jar:/home/travis/build/icyphy/ptII/lib/PDFRenderer.jar:/home/travis/build/icyphy/ptII/lib/svgSalamander.jar:/home/travis/build/icyphy/ptII/lib/rsyntaxtextarea-2.6.0-SNAPSHOT.jar:/home/travis/build/icyphy/ptII/lib/hazelcast-3.8.2.jar:/home/travis/build/icyphy/ptII/lib/jackson-annotations-2.9.0.jar:/home/travis/build/icyphy/ptII/lib/jackson-core-2.9.3.jar:/home/travis/build/icyphy/ptII/lib/jackson-databind-2.9.3.jar:/home/travis/build/icyphy/ptII/lib/netty-buffer-4.1.19.Final.jar:/home/travis/build/icyphy/ptII/lib/netty-codec-4.1.19.Final.jar:/home/travis/build/icyphy/ptII/lib/netty-codec-dns-4.1.19.Final.jar:/home/travis/build/icyphy/ptII/lib/netty-codec-http-4.1.19.Final.jar:/home/travis/build/icyphy/ptII/lib/netty-codec-http2-4.1.19.Final.jar:/home/travis/build/icyphy/ptII/lib/netty-common-4.1.19.Final.jar:/home/travis/build/icyphy/ptII/lib/netty-handler-4.1.19.Final.jar:/home/travis/build/icyphy/ptII/lib/netty-resolver-4.1.19.Final.jar:/home/travis/build/icyphy/ptII/lib/netty-resolver-dns-4.1.19.Final.jar:/home/travis/build/icyphy/ptII/lib/netty-transport-4.1.19.Final.jar:/home/travis/build/icyphy/ptII/lib/vertx-codegen-3.5.1.jar:/home/travis/build/icyphy/ptII/lib/vertx-core-3.5.2-SNAPSHOT.jar:/home/travis/build/icyphy/ptII/lib/vertx-hazelcast-3.5.1.jar:/home/travis/build/icyphy/ptII/lib/vertx-lang-js-3.5.1.jar:/home/travis/build/icyphy/ptII/lib/vertx-service-proxy-3.5.1.jar:/home/travis/build/icyphy/ptII/lib/vertx-web-3.5.1.jar:/home/travis/build/icyphy/ptII/lib/slf4j-api-1.7.13.jar:/home/travis/build/icyphy/ptII/lib/slf4j-simple-1.7.13.jar:/home/travis/build/icyphy/ptII/lib/webcam-capture-0.3.12.jar:/home/travis/build/icyphy/ptII/lib/bridj-0.7.0.jar:/home/travis/build/icyphy/ptII/lib/xbjlib-1.1.0.nrjavaserial.jar:/home/travis/build/icyphy/ptII/ptolemy/moml/test:/home/travis/build/icyphy/ptII/ant/lib/ant-launcher.jar:/home/travis/build/icyphy/ptII/ant/lib/ant.jar:/home/travis/build/icyphy/ptII/ant/lib/ant-junit.jar:/home/travis/build/icyphy/ptII/ant/lib/ant-junit4.jar" />
    <property name="ant.library.dir" value="/home/travis/build/icyphy/ptII/ant/lib" />
    <property name="os.arch" value="amd64" />
    <property name="env.TRAVIS_LANGUAGE" value="node_js" />
    <property name="env.CONTINUOUS_INTEGRATION" value="true" />
    <property name="env.TRAVIS_STACK_LANGUAGES" value="__garnet__ c c++ clojure cplusplus cpp default go groovy java node_js php pure_java python ruby scala" />
    <property name="test.name" value="ptolemy.actor.lib.test.junit.JUnitTclTest" />
    <property name="sun.java.launcher" value="SUN_STANDARD" />
    <property name="env.PYTHON_CONFIGURE_OPTS" value="--enable-unicode=ucs4 --with-wide-unicode --enable-shared --enable-ipv6 --enable-loadable-sqlite-extensions --with-computed-gotos" />
    <property name="ant.core.lib" value="/home/travis/build/icyphy/ptII/ant/lib/ant.jar" />
    <property name="java.vm.specification.vendor" value="Oracle Corporation" />
    <property name="env.BCVTB_HOME" value="/home/travis/build/icyphy/ptII/lbnl" />
    <property name="file.separator" value="/" />
    <property name="java.runtime.version" value="1.8.0_151-b12" />
    <property name="spotbugs.home" value="/home/travis/build/icyphy/ptII/vendors/spotbugs-3.1.1" />
    <property name="sun.boot.class.path" value="/usr/lib/jvm/java-8-oracle/jre/lib/resources.jar:/usr/lib/jvm/java-8-oracle/jre/lib/rt.jar:/usr/lib/jvm/java-8-oracle/jre/lib/sunrsasign.jar:/usr/lib/jvm/java-8-oracle/jre/lib/jsse.jar:/usr/lib/jvm/java-8-oracle/jre/lib/jce.jar:/usr/lib/jvm/java-8-oracle/jre/lib/charsets.jar:/usr/lib/jvm/java-8-oracle/jre/lib/jfr.jar:/usr/lib/jvm/java-8-oracle/jre/classes" />
    <property name="env.HAS_JOSH_K_SEAL_OF_APPROVAL" value="true" />
    <property name="env.XDG_RUNTIME_DIR" value="/run/user/2000" />
    <property name="env.TRAVIS_OSX_IMAGE" value="" />
    <property name="env.TRAVIS_BRANCH" value="master" />
    <property name="env.TRAVIS_JOB_ID" value="423258871" />
    <property name="user.country" value="US" />
    <property name="env.CERTI_HOME_TRAVIS" value="/home/travis/pthla/certi-tools" />
    <property name="env.SHELL" value="/bin/bash" />
    <property name="java.maxmemory.large" value="5000m" />
    <property name="model" value="" />
    <property name="env.CASHER_DIR" value="/home/travis/.casher" />
    <property name="env.NVM_CD_FLAGS" value="" />
    <property name="jshint.executable" value="/home/travis/node_modules/jshint/bin/jshint" />
    <property name="java.vendor" value="Oracle Corporation" />
    <property name="env.JRUBY_OPTS" value=" --client -J-XX:+TieredCompilation -J-XX:TieredStopAtLevel=1 -J-Xss2m -Xcompile.invokedynamic=false" />
    <property name="env.TRAVIS_PRE_CHEF_BOOTSTRAP_TIME" value="2017-12-05T19:32:55" />
    <property name="env.ELIXIR_VERSION" value="1.4.5" />
    <property name="env.TRAVIS_STACK_JOB_BOARD_REGISTER" value="/.job-board-register.yml" />
    <property name="java.specification.version" value="1.8" />
    <property name="env.TRAVIS" value="true" />
    <property name="env.IRBRC" value="/home/travis/.rvm/rubies/ruby-2.4.1/.irbrc" />
    <property name="sun.arch.data.model" value="64" />
  </properties>
  <testcase classname="ptolemy.util.test.junit.TclTests" name="[0] /home/travis/build/icyphy/ptII/ptolemy/domains/de/test/DependencyLoop.tcl (RunTclFile)" time="0.644" />
  <testcase classname="ptolemy.util.test.junit.TclTests" name="[1] /home/travis/build/icyphy/ptII/ptolemy/domains/de/test/RunDETestsAsQSS.tcl (RunTclFile)" time="86.619" />
  <testcase classname="ptolemy.util.test.junit.AutoKnownFailedTests" name="[0] /home/travis/build/icyphy/ptII/ptolemy/domains/de/test/auto/knownFailedTests/DESDFClockTest.xml (RunModel)" time="2.024" />
  <testcase classname="ptolemy.util.test.junit.AutoKnownFailedTests" name="[1] /home/travis/build/icyphy/ptII/ptolemy/domains/de/test/auto/knownFailedTests/DirectFeedback.xml (RunModel)" time="0.022" />
  <testcase classname="ptolemy.util.test.junit.AutoKnownFailedTests" name="[2] /home/travis/build/icyphy/ptII/ptolemy/domains/de/test/auto/knownFailedTests/FSMSource.xml (RunModel)" time="0.015" />
  <testcase classname="ptolemy.util.test.junit.AutoKnownFailedTests" name="[3] /home/travis/build/icyphy/ptII/ptolemy/domains/de/test/auto/knownFailedTests/HierarchicalModel.xml (RunModel)" time="0.025" />
  <testcase classname="ptolemy.util.test.junit.AutoKnownFailedTests" name="[4] /home/travis/build/icyphy/ptII/ptolemy/domains/de/test/auto/knownFailedTests/dependencyLoop.xml (RunModel)" time="0.022" />
  <testcase classname="ptolemy.util.test.junit.AutoKnownFailedTests" name="[5] /home/travis/build/icyphy/ptII/ptolemy/domains/de/test/auto/knownFailedTests/dependencyLoop2.xml (RunModel)" time="0.026" />
  <testcase classname="ptolemy.util.test.junit.AutoNameArchTests" name="[0] ThereAreNoAutoArchTests (RunModel)" time="0.0" />
  <testcase classname="ptolemy.util.test.junit.AutoTests" name="[0] /home/travis/build/icyphy/ptII/ptolemy/domains/de/test/auto/ActorDepthCalculation_actorWithoutPorts.xml (RunModel)" time="0.009" />
  <testcase classname="ptolemy.util.test.junit.AutoTests" name="[1] /home/travis/build/icyphy/ptII/ptolemy/domains/de/test/auto/AssemblyLine.xml (RunModel)" time="0.016" />
  <testcase classname="ptolemy.util.test.junit.AutoTests" name="[2] /home/travis/build/icyphy/ptII/ptolemy/domains/de/test/auto/CQBug1.xml (RunModel)" time="0.005" />
  <testcase classname="ptolemy.util.test.junit.AutoTests" name="[3] /home/travis/build/icyphy/ptII/ptolemy/domains/de/test/auto/CancelFireAt.xml (RunModel)" time="0.004" />
  <testcase classname="ptolemy.util.test.junit.AutoTests" name="[4] /home/travis/build/icyphy/ptII/ptolemy/domains/de/test/auto/CausalityAndComposabilityAnalysis.xml (RunModel)" time="0.009" />
  <testcase classname="ptolemy.util.test.junit.AutoTests" name="[5] /home/travis/build/icyphy/ptII/ptolemy/domains/de/test/auto/CausalityInterface1.xml (RunModel)" time="0.011" />
  <testcase classname="ptolemy.util.test.junit.AutoTests" name="[6] /home/travis/build/icyphy/ptII/ptolemy/domains/de/test/auto/CausalityInterface15.xml (RunModel)" time="0.018" />
  <testcase classname="ptolemy.util.test.junit.AutoTests" name="[7] /home/travis/build/icyphy/ptII/ptolemy/domains/de/test/auto/CausalityInterface2.xml (RunModel)" time="0.008" />
  <testcase classname="ptolemy.util.test.junit.AutoTests" name="[8] /home/travis/build/icyphy/ptII/ptolemy/domains/de/test/auto/CausalityInterface3.xml (RunModel)" time="0.007" />
  <testcase classname="ptolemy.util.test.junit.AutoTests" name="[9] /home/travis/build/icyphy/ptII/ptolemy/domains/de/test/auto/ClockDrift.xml (RunModel)" time="0.022" />
  <testcase classname="ptolemy.util.test.junit.AutoTests" name="[10] /home/travis/build/icyphy/ptII/ptolemy/domains/de/test/auto/ClockDriftAndValueChange.xml (RunModel)" time="0.02" />
  <testcase classname="ptolemy.util.test.junit.AutoTests" name="[11] /home/travis/build/icyphy/ptII/ptolemy/domains/de/test/auto/ClockDriftChange.xml (RunModel)" time="0.017" />
  <testcase classname="ptolemy.util.test.junit.AutoTests" name="[12] /home/travis/build/icyphy/ptII/ptolemy/domains/de/test/auto/ComposableCausalityAnalysis.xml (RunModel)" time="0.012" />
  <testcase classname="ptolemy.util.test.junit.AutoTests" name="[13] /home/travis/build/icyphy/ptII/ptolemy/domains/de/test/auto/DEFixedPointLimitation.xml (RunModel)" time="0.006" />
  <testcase classname="ptolemy.util.test.junit.AutoTests" name="[14] /home/travis/build/icyphy/ptII/ptolemy/domains/de/test/auto/DEScheduleTest.xml (RunModel)" time="0.007" />
  <testcase classname="ptolemy.util.test.junit.AutoTests" name="[15] /home/travis/build/icyphy/ptII/ptolemy/domains/de/test/auto/DEinDEwithStartTimes.xml (RunModel)" time="0.007" />
  <testcase classname="ptolemy.util.test.junit.AutoTests" name="[16] /home/travis/build/icyphy/ptII/ptolemy/domains/de/test/auto/DEinDEwithStartTimes2.xml (RunModel)" time="0.008" />
  <testcase classname="ptolemy.util.test.junit.AutoTests" name="[17] /home/travis/build/icyphy/ptII/ptolemy/domains/de/test/auto/DateDemo.xml (RunModel)" time="0.018" />
  <testcase classname="ptolemy.util.test.junit.AutoTests" name="[18] /home/travis/build/icyphy/ptII/ptolemy/domains/de/test/auto/DateToEvent.xml (RunModel)" time="2.025" />
  <testcase classname="ptolemy.util.test.junit.AutoTests" name="[19] /home/travis/build/icyphy/ptII/ptolemy/domains/de/test/auto/DepthTest1.xml (RunModel)" time="0.013" />
  <testcase classname="ptolemy.util.test.junit.AutoTests" name="[20] /home/travis/build/icyphy/ptII/ptolemy/domains/de/test/auto/DepthTest2.xml (RunModel)" time="0.014" />
  <testcase classname="ptolemy.util.test.junit.AutoTests" name="[21] /home/travis/build/icyphy/ptII/ptolemy/domains/de/test/auto/DepthTest3.xml (RunModel)" time="0.01" />
  <testcase classname="ptolemy.util.test.junit.AutoTests" name="[22] /home/travis/build/icyphy/ptII/ptolemy/domains/de/test/auto/DepthTest4.xml (RunModel)" time="0.01" />
  <testcase classname="ptolemy.util.test.junit.AutoTests" name="[23] /home/travis/build/icyphy/ptII/ptolemy/domains/de/test/auto/DepthTest5.xml (RunModel)" time="0.011" />
  <testcase classname="ptolemy.util.test.junit.AutoTests" name="[24] /home/travis/build/icyphy/ptII/ptolemy/domains/de/test/auto/DepthTest6.xml (RunModel)" time="0.01" />
  <testcase classname="ptolemy.util.test.junit.AutoTests" name="[25] /home/travis/build/icyphy/ptII/ptolemy/domains/de/test/auto/DepthTest7.xml (RunModel)" time="0.013" />
  <testcase classname="ptolemy.util.test.junit.AutoTests" name="[26] /home/travis/build/icyphy/ptII/ptolemy/domains/de/test/auto/EventToDate.xml (RunModel)" time="3.028" />
  <testcase classname="ptolemy.util.test.junit.AutoTests" name="[27] /home/travis/build/icyphy/ptII/ptolemy/domains/de/test/auto/FSM1.xml (RunModel)" time="0.032" />
  <testcase classname="ptolemy.util.test.junit.AutoTests" name="[28] /home/travis/build/icyphy/ptII/ptolemy/domains/de/test/auto/FSM7.xml (RunModel)" time="0.028" />
  <testcase classname="ptolemy.util.test.junit.AutoTests" name="[29] /home/travis/build/icyphy/ptII/ptolemy/domains/de/test/auto/Inspection.xml (RunModel)" time="0.038" />
  <testcase classname="ptolemy.util.test.junit.AutoTests" name="[30] /home/travis/build/icyphy/ptII/ptolemy/domains/de/test/auto/Iteration.xml (RunModel)" time="0.019" />
  <testcase classname="ptolemy.util.test.junit.AutoTests" name="[31] /home/travis/build/icyphy/ptII/ptolemy/domains/de/test/auto/LineFault.xml (RunModel)" time="0.403" />
  <testcase classname="ptolemy.util.test.junit.AutoTests" name="[32] /home/travis/build/icyphy/ptII/ptolemy/domains/de/test/auto/MergeModel1Add.xml (RunModel)" time="0.038" />
  <testcase classname="ptolemy.util.test.junit.AutoTests" name="[33] /home/travis/build/icyphy/ptII/ptolemy/domains/de/test/auto/MergeModel2Add.xml (RunModel)" time="0.04" />
  <testcase classname="ptolemy.util.test.junit.AutoTests" name="[34] /home/travis/build/icyphy/ptII/ptolemy/domains/de/test/auto/MergeModel3Add.xml (RunModel)" time="0.041" />
  <testcase classname="ptolemy.util.test.junit.AutoTests" name="[35] /home/travis/build/icyphy/ptII/ptolemy/domains/de/test/auto/MergeWithoutDiscard.xml (RunModel)" time="0.008" />
  <testcase classname="ptolemy.util.test.junit.AutoTests" name="[36] /home/travis/build/icyphy/ptII/ptolemy/domains/de/test/auto/Modal1.xml (RunModel)" time="0.025" />
  <testcase classname="ptolemy.util.test.junit.AutoTests" name="[37] /home/travis/build/icyphy/ptII/ptolemy/domains/de/test/auto/Modal2.xml (RunModel)" time="0.026" />
  <testcase classname="ptolemy.util.test.junit.AutoTests" name="[38] /home/travis/build/icyphy/ptII/ptolemy/domains/de/test/auto/Modal3.xml (RunModel)" time="0.037" />
  <testcase classname="ptolemy.util.test.junit.AutoTests" name="[39] /home/travis/build/icyphy/ptII/ptolemy/domains/de/test/auto/Modal4.xml (RunModel)" time="0.036" />
  <testcase classname="ptolemy.util.test.junit.AutoTests" name="[40] /home/travis/build/icyphy/ptII/ptolemy/domains/de/test/auto/Modal5.xml (RunModel)" time="0.029" />
  <testcase classname="ptolemy.util.test.junit.AutoTests" name="[41] /home/travis/build/icyphy/ptII/ptolemy/domains/de/test/auto/Modal6.xml (RunModel)" time="0.03" />
  <testcase classname="ptolemy.util.test.junit.AutoTests" name="[42] /home/travis/build/icyphy/ptII/ptolemy/domains/de/test/auto/Modal7.xml (RunModel)" time="0.032" />
  <testcase classname="ptolemy.util.test.junit.AutoTests" name="[43] /home/travis/build/icyphy/ptII/ptolemy/domains/de/test/auto/ModalModel.xml (RunModel)" time="0.166" />
  <testcase classname="ptolemy.util.test.junit.AutoTests" name="[44] /home/travis/build/icyphy/ptII/ptolemy/domains/de/test/auto/ModalSource.xml (RunModel)" time="0.017" />
  <testcase classname="ptolemy.util.test.junit.AutoTests" name="[45] /home/travis/build/icyphy/ptII/ptolemy/domains/de/test/auto/NonInterruptibleTimerZeroDelay.xml (RunModel)" time="0.01" />
  <testcase classname="ptolemy.util.test.junit.AutoTests" name="[46] /home/travis/build/icyphy/ptII/ptolemy/domains/de/test/auto/OpenQueueingNetwork.xml (RunModel)" time="2.196" />
  <testcase classname="ptolemy.util.test.junit.AutoTests" name="[47] /home/travis/build/icyphy/ptII/ptolemy/domains/de/test/auto/OpenQueuingNetwork.xml (RunModel)" time="0.264" />
  <testcase classname="ptolemy.util.test.junit.AutoTests" name="[48] /home/travis/build/icyphy/ptII/ptolemy/domains/de/test/auto/PeriodicSampler.xml (RunModel)" time="0.008" />
  <testcase classname="ptolemy.util.test.junit.AutoTests" name="[49] /home/travis/build/icyphy/ptII/ptolemy/domains/de/test/auto/PersistentIO.xml (RunModel)" time="0.019" />
  <testcase classname="ptolemy.util.test.junit.AutoTests" name="[50] /home/travis/build/icyphy/ptII/ptolemy/domains/de/test/auto/PortParameterResetOnInitialize.xml (RunModel)" time="0.008" />
  <testcase classname="ptolemy.util.test.junit.AutoTests" name="[51] /home/travis/build/icyphy/ptII/ptolemy/domains/de/test/auto/PortParameterUpdates.xml (RunModel)" time="0.012" />
  <testcase classname="ptolemy.util.test.junit.AutoTests" name="[52] /home/travis/build/icyphy/ptII/ptolemy/domains/de/test/auto/QueueAndServer.xml (RunModel)" time="0.02" />
  <testcase classname="ptolemy.util.test.junit.AutoTests" name="[53] /home/travis/build/icyphy/ptII/ptolemy/domains/de/test/auto/Records.xml (RunModel)" time="0.013" />
  <testcase classname="ptolemy.util.test.junit.AutoTests" name="[54] /home/travis/build/icyphy/ptII/ptolemy/domains/de/test/auto/ResetTransitionWithStartTime1.xml (RunModel)" time="0.016" />
  <testcase classname="ptolemy.util.test.junit.AutoTests" name="[55] /home/travis/build/icyphy/ptII/ptolemy/domains/de/test/auto/ResetTransitionWithStartTime2.xml (RunModel)" time="0.016" />
  <testcase classname="ptolemy.util.test.junit.AutoTests" name="[56] /home/travis/build/icyphy/ptII/ptolemy/domains/de/test/auto/ResetTransitionWithStartTime3.xml (RunModel)" time="0.017" />
  <testcase classname="ptolemy.util.test.junit.AutoTests" name="[57] /home/travis/build/icyphy/ptII/ptolemy/domains/de/test/auto/ResetTransitionWithStartTime4.xml (RunModel)" time="0.019" />
  <testcase classname="ptolemy.util.test.junit.AutoTests" name="[58] /home/travis/build/icyphy/ptII/ptolemy/domains/de/test/auto/ResettableTimer1.xml (RunModel)" time="0.014" />
  <testcase classname="ptolemy.util.test.junit.AutoTests" name="[59] /home/travis/build/icyphy/ptII/ptolemy/domains/de/test/auto/ResettableTimer2.xml (RunModel)" time="0.009" />
  <testcase classname="ptolemy.util.test.junit.AutoTests" name="[60] /home/travis/build/icyphy/ptII/ptolemy/domains/de/test/auto/ResettableTimer3.xml (RunModel)" time="0.008" />
  <testcase classname="ptolemy.util.test.junit.AutoTests" name="[61] /home/travis/build/icyphy/ptII/ptolemy/domains/de/test/auto/ResettableTimer4.xml (RunModel)" time="0.007" />
  <testcase classname="ptolemy.util.test.junit.AutoTests" name="[62] /home/travis/build/icyphy/ptII/ptolemy/domains/de/test/auto/ResettableTimer5.xml (RunModel)" time="0.009" />
  <testcase classname="ptolemy.util.test.junit.AutoTests" name="[63] /home/travis/build/icyphy/ptII/ptolemy/domains/de/test/auto/ResettableTimer6.xml (RunModel)" time="0.018" />
  <testcase classname="ptolemy.util.test.junit.AutoTests" name="[64] /home/travis/build/icyphy/ptII/ptolemy/domains/de/test/auto/ServerZeroDelay.xml (RunModel)" time="0.011" />
  <testcase classname="ptolemy.util.test.junit.AutoTests" name="[65] /home/travis/build/icyphy/ptII/ptolemy/domains/de/test/auto/SmartSender.xml (RunModel)" time="3.012" />
  <testcase classname="ptolemy.util.test.junit.AutoTests" name="[66] /home/travis/build/icyphy/ptII/ptolemy/domains/de/test/auto/ThreadedComposite.xml (RunModel)" time="0.133" />
  <testcase classname="ptolemy.util.test.junit.AutoTests" name="[67] /home/travis/build/icyphy/ptII/ptolemy/domains/de/test/auto/Time.xml (RunModel)" time="0.409" />
  <testcase classname="ptolemy.util.test.junit.AutoTests" name="[68] /home/travis/build/icyphy/ptII/ptolemy/domains/de/test/auto/TimeDelayZeroDelay.xml (RunModel)" time="0.01" />
  <testcase classname="ptolemy.util.test.junit.AutoTests" name="[69] /home/travis/build/icyphy/ptII/ptolemy/domains/de/test/auto/TimerZeroDelay.xml (RunModel)" time="0.008" />
  <testcase classname="ptolemy.util.test.junit.AutoTests" name="[70] /home/travis/build/icyphy/ptII/ptolemy/domains/de/test/auto/TimingParadox.xml (RunModel)" time="0.31" />
  <testcase classname="ptolemy.util.test.junit.AutoTests" name="[71] /home/travis/build/icyphy/ptII/ptolemy/domains/de/test/auto/TransferInputs.xml (RunModel)" time="0.012" />
  <testcase classname="ptolemy.util.test.junit.AutoTests" name="[72] /home/travis/build/icyphy/ptII/ptolemy/domains/de/test/auto/TransferOutputs2.xml (RunModel)" time="0.015" />
  <testcase classname="ptolemy.util.test.junit.AutoTests" name="[73] /home/travis/build/icyphy/ptII/ptolemy/domains/de/test/auto/Trilateration.xml (RunModel)" time="11.376" />
  <testcase classname="ptolemy.util.test.junit.AutoTests" name="[74] /home/travis/build/icyphy/ptII/ptolemy/domains/de/test/auto/TwoSigmaDelta.xml (RunModel)" time="1.877" />
  <testcase classname="ptolemy.util.test.junit.AutoTests" name="[75] /home/travis/build/icyphy/ptII/ptolemy/domains/de/test/auto/VariableDelay.xml (RunModel)" time="0.01" />
  <testcase classname="ptolemy.util.test.junit.AutoTests" name="[76] /home/travis/build/icyphy/ptII/ptolemy/domains/de/test/auto/VariableDelay2.xml (RunModel)" time="0.01" />
  <testcase classname="ptolemy.util.test.junit.AutoTests" name="[77] /home/travis/build/icyphy/ptII/ptolemy/domains/de/test/auto/VariableDelayZeroDelay.xml (RunModel)" time="0.009" />
  <testcase classname="ptolemy.util.test.junit.AutoTests" name="[78] /home/travis/build/icyphy/ptII/ptolemy/domains/de/test/auto/VariableDelayZeroDelay2.xml (RunModel)" time="0.008" />
  <testcase classname="ptolemy.util.test.junit.AutoTests" name="[79] /home/travis/build/icyphy/ptII/ptolemy/domains/de/test/auto/deInCt.xml (RunModel)" time="0.012" />
  <testcase classname="ptolemy.util.test.junit.AutoTests" name="[80] /home/travis/build/icyphy/ptII/ptolemy/domains/de/test/auto/deInCt2.xml (RunModel)" time="0.011" />
  <testcase classname="ptolemy.util.test.junit.AutoTests" name="[81] /home/travis/build/icyphy/ptII/ptolemy/domains/de/test/auto/dynamicCausalityInterface1.xml (RunModel)" time="0.018" />
  <testcase classname="ptolemy.util.test.junit.AutoTests" name="[82] /home/travis/build/icyphy/ptII/ptolemy/domains/de/test/auto/fsm_de_test.xml (RunModel)" time="0.02" />
  <testcase classname="ptolemy.util.test.junit.AutoTests" name="[83] /home/travis/build/icyphy/ptII/ptolemy/domains/de/test/auto/functionDependencyReconstruction.xml (RunModel)" time="0.037" />
  <testcase classname="ptolemy.util.test.junit.AutoTests" name="[84] /home/travis/build/icyphy/ptII/ptolemy/domains/de/test/auto/multirate.xml (RunModel)" time="0.014" />
  <testcase classname="ptolemy.util.test.junit.AutoTests" name="[85] /home/travis/build/icyphy/ptII/ptolemy/domains/de/test/auto/multirate2.xml (RunModel)" time="0.013" />
  <testcase classname="ptolemy.util.test.junit.AutoTests" name="[86] /home/travis/build/icyphy/ptII/ptolemy/domains/de/test/auto/realtime.xml (RunModel)" time="10.009" />
  <testcase classname="ptolemy.util.test.junit.AutoTests" name="[87] /home/travis/build/icyphy/ptII/ptolemy/domains/de/test/auto/relationGroup.xml (RunModel)" time="0.006" />
  <testcase classname="ptolemy.util.test.junit.AutoTests" name="[88] /home/travis/build/icyphy/ptII/ptolemy/domains/de/test/auto/relationGroup2.xml (RunModel)" time="0.005" />
  <testcase classname="ptolemy.util.test.junit.AutoTests" name="[89] /home/travis/build/icyphy/ptII/ptolemy/domains/de/test/auto/sortWithOpaquePorts.xml (RunModel)" time="0.009" />
  <testcase classname="ptolemy.util.test.junit.AutoTests" name="[90] /home/travis/build/icyphy/ptII/ptolemy/domains/de/test/auto/transferInputsandOutputs.xml (RunModel)" time="0.011" />
  <testcase classname="ptolemy.util.test.junit.AutoTests" name="[91] /home/travis/build/icyphy/ptII/ptolemy/domains/de/test/auto/triggerType.xml (RunModel)" time="0.006" />
  <system-out><![CDATA[/home/travis/build/icyphy/ptII/ptolemy/domains/de/test/DependencyLoop.tcl
testDefs.tcl: setting time out to 9000 seconds at Sat Sep 01 02:01:46 UTC 2018
13 ms. Memory: 116224K Free: 93544K (80%)
6 ms. Memory: 146944K Free: 135098K (92%)
/home/travis/build/icyphy/ptII/ptolemy/domains/de/test/RunDETestsAsQSS.tcl
Run the DE tests using ptolemy.domains.qss.test.QSSDirectorTest, which extends QSSDirector and prints a message in the constructors.
------------------ testing $PTII/ptolemy/domains/de/test/auto/knownFailedTests/dependencyLoop.xml (Known Failure) 
7 ms. Memory: 146944K Free: 131985K (90%)


==== $PTIIhome/travis/build/icyphy/ptII/ptolemy/domains/de/test/../../../../: Auto Automatic test in file $PTII/ptolemy/domains/de/test/auto/knownFailedTests/dependencyLoop.xml
==== Contents of test case:

	    # FIXME: we should use $relativeFilename here, but it
	    # might have backslashes under Windows, which causes no end
	    # of trouble.
	    createAndExecute $file
	    list {}
	
.... Test generated KNOWN error:
    while executing
ptolemy.kernel.util.IllegalActionException: Found a zero delay loop containing .dependencyLoop.original
  in .dependencyLoop and .dependencyLoop.original
	at ptolemy.actor.util.CausalityInterfaceForComposites._computeOutputPortDepth(CausalityInterfaceForComposites.java:759)
	at ptolemy.actor.util.CausalityInterfaceForComposites._computeInputDepth(CausalityInterfaceForComposites.java:696)
	at ptolemy.actor.util.CausalityInterfaceForComposites._computeOutputPortDepth(CausalityInterfaceForComposites.java:765)
	at ptolemy.actor.util.CausalityInterfaceForComposites._computeInputDepth(CausalityInterfaceForComposites.java:696)
	at ptolemy.actor.util.CausalityInterfaceForComposites._computeOutputPortDepth(CausalityInterfaceForComposites.java:765)
	at ptolemy.actor.util.CausalityInterfaceForComposites._computeInputDepth(CausalityInterfaceForComposites.java:696)
	at ptolemy.actor.util.CausalityInterfaceForComposites._computeActorDepth(CausalityInterfaceForComposites.java:532)
	at ptolemy.actor.util.CausalityInterfaceForComposites.checkForCycles(CausalityInterfaceForComposites.java:96)
	at ptolemy.domains.de.kernel.DEDirector.preinitialize(DEDirector.java:1338)
	at ptolemy.actor.CompositeActor.preinitialize(CompositeActor.java:1828)
	at ptolemy.actor.Manager.preinitializeAndResolveTypes(Manager.java:1040)
	at ptolemy.actor.Manager.initialize(Manager.java:710)
	at ptolemy.actor.Manager.execute(Manager.java:356)
	at ptolemy.actor.Manager.run(Manager.java:1263)
	at ptolemy.actor.Manager$PtolemyRunThread.run(Manager.java:1915)

    while executing
ptolemy.kernel.util.IllegalActionException: Found a zero delay loop containing .dependencyLoop.original
  in .dependencyLoop and .dependencyLoop.original
    while executing
"java::new ptolemy.moml.MoMLSimpleApplication $file
"
    (procedure "createAndExecute" line 2)
    invoked from within
"createAndExecute $file"
    ("uplevel" body line 5)
    invoked from within
"uplevel $contents_of_test"
------------------ testing $PTII/ptolemy/domains/de/test/auto/knownFailedTests/DESDFClockTest.xml (Known Failure) 
2057 ms. Memory: 146944K Free: 116643K (79%)


==== $PTIIhome/travis/build/icyphy/ptII/ptolemy/domains/de/test/../../../../: Auto Automatic test in file $PTII/ptolemy/domains/de/test/auto/knownFailedTests/DESDFClockTest.xml
==== Contents of test case:

	    # FIXME: we should use $relativeFilename here, but it
	    # might have backslashes under Windows, which causes no end
	    # of trouble.
	    createAndExecute $file
	    list {}
	
.... Test generated KNOWN error:
    while executing
ptolemy.kernel.util.IllegalActionException: Actor is not ready to fire.  Perhaps UpSample.prefire() returned false? Try debugging the actor by selecting "Listen to Actor".  Also, for SDF check moml for tokenConsumptionRate on input.
  in .DESDFClockTest.Play Bell.Copy1:SDF Director and .DESDFClockTest.Play Bell.UpSample
	at ptolemy.actor.sched.StaticSchedulingDirector.fire(StaticSchedulingDirector.java:227)
	at ptolemy.domains.sdf.kernel.SDFDirector.fire(SDFDirector.java:500)
	at ptolemy.actor.CompositeActor.fire(CompositeActor.java:455)
	at ptolemy.domains.de.kernel.DEDirector._fire(DEDirector.java:1949)
	at ptolemy.domains.de.kernel.DEDirector.fire(DEDirector.java:502)
	at ptolemy.actor.CompositeActor.fire(CompositeActor.java:455)
	at ptolemy.actor.Manager.iterate(Manager.java:851)
	at ptolemy.actor.Manager.execute(Manager.java:369)
	at ptolemy.actor.Manager.run(Manager.java:1263)
	at ptolemy.actor.Manager$PtolemyRunThread.run(Manager.java:1915)

    while executing
ptolemy.kernel.util.IllegalActionException: Actor is not ready to fire.  Perhaps UpSample.prefire() returned false? Try debugging the actor by selecting "Listen to Actor".  Also, for SDF check moml for tokenConsumptionRate on input.
  in .DESDFClockTest.Play Bell.Copy1:SDF Director and .DESDFClockTest.Play Bell.UpSample
    while executing
"java::new ptolemy.moml.MoMLSimpleApplication $file
"
    (procedure "createAndExecute" line 2)
    invoked from within
"createAndExecute $file"
    ("uplevel" body line 5)
    invoked from within
"uplevel $contents_of_test"
------------------ testing $PTII/ptolemy/domains/de/test/auto/knownFailedTests/FSMSource.xml (Known Failure) 
21 ms. Memory: 146944K Free: 107729K (73%)
!!!! Auto was marked as failing, but now passes
------------------ testing $PTII/ptolemy/domains/de/test/auto/knownFailedTests/dependencyLoop2.xml (Known Failure) 
5 ms. Memory: 146944K Free: 105846K (72%)


==== $PTIIhome/travis/build/icyphy/ptII/ptolemy/domains/de/test/../../../../: Auto Automatic test in file $PTII/ptolemy/domains/de/test/auto/knownFailedTests/dependencyLoop2.xml
==== Contents of test case:

	    # FIXME: we should use $relativeFilename here, but it
	    # might have backslashes under Windows, which causes no end
	    # of trouble.
	    createAndExecute $file
	    list {}
	
.... Test generated KNOWN error:
    while executing
ptolemy.kernel.util.IllegalActionException: Found a zero delay loop containing .dependencyLoop2.original
  in .dependencyLoop2 and .dependencyLoop2.original
	at ptolemy.actor.util.CausalityInterfaceForComposites._computeOutputPortDepth(CausalityInterfaceForComposites.java:759)
	at ptolemy.actor.util.CausalityInterfaceForComposites._computeInputDepth(CausalityInterfaceForComposites.java:696)
	at ptolemy.actor.util.CausalityInterfaceForComposites._computeOutputPortDepth(CausalityInterfaceForComposites.java:765)
	at ptolemy.actor.util.CausalityInterfaceForComposites._computeInputDepth(CausalityInterfaceForComposites.java:696)
	at ptolemy.actor.util.CausalityInterfaceForComposites._computeOutputPortDepth(CausalityInterfaceForComposites.java:765)
	at ptolemy.actor.util.CausalityInterfaceForComposites._computeInputDepth(CausalityInterfaceForComposites.java:696)
	at ptolemy.actor.util.CausalityInterfaceForComposites._computeActorDepth(CausalityInterfaceForComposites.java:532)
	at ptolemy.actor.util.CausalityInterfaceForComposites.checkForCycles(CausalityInterfaceForComposites.java:96)
	at ptolemy.domains.de.kernel.DEDirector.preinitialize(DEDirector.java:1338)
	at ptolemy.actor.CompositeActor.preinitialize(CompositeActor.java:1828)
	at ptolemy.actor.Manager.preinitializeAndResolveTypes(Manager.java:1040)
	at ptolemy.actor.Manager.initialize(Manager.java:710)
	at ptolemy.actor.Manager.execute(Manager.java:356)
	at ptolemy.actor.Manager.run(Manager.java:1263)
	at ptolemy.actor.Manager$PtolemyRunThread.run(Manager.java:1915)

    while executing
ptolemy.kernel.util.IllegalActionException: Found a zero delay loop containing .dependencyLoop2.original
  in .dependencyLoop2 and .dependencyLoop2.original
    while executing
"java::new ptolemy.moml.MoMLSimpleApplication $file
"
    (procedure "createAndExecute" line 2)
    invoked from within
"createAndExecute $file"
    ("uplevel" body line 5)
    invoked from within
"uplevel $contents_of_test"
------------------ testing $PTII/ptolemy/domains/de/test/auto/knownFailedTests/HierarchicalModel.xml (Known Failure) 
6 ms. Memory: 146944K Free: 84315K (57%)


==== $PTIIhome/travis/build/icyphy/ptII/ptolemy/domains/de/test/../../../../: Auto Automatic test in file $PTII/ptolemy/domains/de/test/auto/knownFailedTests/HierarchicalModel.xml
==== Contents of test case:

	    # FIXME: we should use $relativeFilename here, but it
	    # might have backslashes under Windows, which causes no end
	    # of trouble.
	    createAndExecute $file
	    list {}
	
.... Test generated KNOWN error:
    while executing
ptolemy.kernel.util.IllegalActionException: Found a zero delay loop containing .HierarchicalModel.A
  in .HierarchicalModel and .HierarchicalModel.A
	at ptolemy.actor.util.CausalityInterfaceForComposites._computeOutputPortDepth(CausalityInterfaceForComposites.java:759)
	at ptolemy.actor.util.CausalityInterfaceForComposites._computeInputDepth(CausalityInterfaceForComposites.java:696)
	at ptolemy.actor.util.CausalityInterfaceForComposites._computeOutputPortDepth(CausalityInterfaceForComposites.java:765)
	at ptolemy.actor.util.CausalityInterfaceForComposites._computeInputDepth(CausalityInterfaceForComposites.java:696)
	at ptolemy.actor.util.CausalityInterfaceForComposites._computeOutputPortDepth(CausalityInterfaceForComposites.java:765)
	at ptolemy.actor.util.CausalityInterfaceForComposites._computeInputDepth(CausalityInterfaceForComposites.java:696)
	at ptolemy.actor.util.CausalityInterfaceForComposites._computeActorDepth(CausalityInterfaceForComposites.java:532)
	at ptolemy.actor.util.CausalityInterfaceForComposites.checkForCycles(CausalityInterfaceForComposites.java:96)
	at ptolemy.domains.de.kernel.DEDirector.preinitialize(DEDirector.java:1338)
	at ptolemy.actor.CompositeActor.preinitialize(CompositeActor.java:1828)
	at ptolemy.actor.Manager.preinitializeAndResolveTypes(Manager.java:1040)
	at ptolemy.actor.Manager.initialize(Manager.java:710)
	at ptolemy.actor.Manager.execute(Manager.java:356)
	at ptolemy.actor.Manager.run(Manager.java:1263)
	at ptolemy.actor.Manager$PtolemyRunThread.run(Manager.java:1915)

    while executing
ptolemy.kernel.util.IllegalActionException: Found a zero delay loop containing .HierarchicalModel.A
  in .HierarchicalModel and .HierarchicalModel.A
    while executing
"java::new ptolemy.moml.MoMLSimpleApplication $file
"
    (procedure "createAndExecute" line 2)
    invoked from within
"createAndExecute $file"
    ("uplevel" body line 5)
    invoked from within
"uplevel $contents_of_test"
------------------ testing $PTII/ptolemy/domains/de/test/auto/knownFailedTests/DirectFeedback.xml (Known Failure) 
14 ms. Memory: 146944K Free: 141131K (96%)


==== $PTIIhome/travis/build/icyphy/ptII/ptolemy/domains/de/test/../../../../: Auto Automatic test in file $PTII/ptolemy/domains/de/test/auto/knownFailedTests/DirectFeedback.xml
==== Contents of test case:

	    # FIXME: we should use $relativeFilename here, but it
	    # might have backslashes under Windows, which causes no end
	    # of trouble.
	    createAndExecute $file
	    list {}
	
.... Test generated KNOWN error:
    while executing
ptolemy.kernel.util.IllegalActionException: Test fails in iteration 1.
Value was: 1.0. Should have been: 2.0
  in .DirectFeedback.Test
	at ptolemy.actor.lib.Test.fire(Test.java:268)
	at ptolemy.domains.de.kernel.DEDirector._fire(DEDirector.java:1949)
	at ptolemy.domains.de.kernel.DEDirector.fire(DEDirector.java:502)
	at ptolemy.actor.CompositeActor.fire(CompositeActor.java:455)
	at ptolemy.actor.Manager.iterate(Manager.java:851)
	at ptolemy.actor.Manager.execute(Manager.java:369)
	at ptolemy.actor.Manager.run(Manager.java:1263)
	at ptolemy.actor.Manager$PtolemyRunThread.run(Manager.java:1915)

    while executing
ptolemy.kernel.util.IllegalActionException: Test fails in iteration 1.
Value was: 1.0. Should have been: 2.0
  in .DirectFeedback.Test
    while executing
"java::new ptolemy.moml.MoMLSimpleApplication $file
"
    (procedure "createAndExecute" line 2)
    invoked from within
"createAndExecute $file"
    ("uplevel" body line 5)
    invoked from within
"uplevel $contents_of_test"
------------------ testing $PTII/ptolemy/domains/de/test/auto/ActorDepthCalculation_actorWithoutPorts.xml
auto.tcl: Setting watchdog for 200 seconds at Sat Sep 01 02:01:49 UTC 2018
4 ms. Memory: 146944K Free: 132436K (90%)
ptolemy.util.test.WatchDog.cancel(): canceling Sat Sep 01 02:01:49 UTC 2018
auto.tcl: Setting watchdog for 200 seconds at Sat Sep 01 02:01:49 UTC 2018
4 ms. Memory: 146944K Free: 131389K (89%)
ptolemy.util.test.WatchDog.cancel(): canceling Sat Sep 01 02:01:49 UTC 2018
------------------ testing $PTII/ptolemy/domains/de/test/auto/AssemblyLine.xml
auto.tcl: Setting watchdog for 200 seconds at Sat Sep 01 02:01:50 UTC 2018
9 ms. Memory: 208384K Free: 186922K (90%)
ptolemy.util.test.WatchDog.cancel(): canceling Sat Sep 01 02:01:50 UTC 2018
auto.tcl: Setting watchdog for 200 seconds at Sat Sep 01 02:01:50 UTC 2018
4 ms. Memory: 208384K Free: 183235K (88%)
ptolemy.util.test.WatchDog.cancel(): canceling Sat Sep 01 02:01:50 UTC 2018
------------------ testing $PTII/ptolemy/domains/de/test/auto/CQBug1.xml
auto.tcl: Setting watchdog for 200 seconds at Sat Sep 01 02:01:50 UTC 2018
3 ms. Memory: 208384K Free: 197340K (95%)
ptolemy.util.test.WatchDog.cancel(): canceling Sat Sep 01 02:01:50 UTC 2018
auto.tcl: Setting watchdog for 200 seconds at Sat Sep 01 02:01:50 UTC 2018
2 ms. Memory: 208384K Free: 197340K (95%)
ptolemy.util.test.WatchDog.cancel(): canceling Sat Sep 01 02:01:50 UTC 2018
------------------ testing $PTII/ptolemy/domains/de/test/auto/CancelFireAt.xml
auto.tcl: Setting watchdog for 200 seconds at Sat Sep 01 02:01:50 UTC 2018
3 ms. Memory: 208384K Free: 199596K (96%)
ptolemy.util.test.WatchDog.cancel(): canceling Sat Sep 01 02:01:50 UTC 2018
auto.tcl: Setting watchdog for 200 seconds at Sat Sep 01 02:01:50 UTC 2018
5 ms. Memory: 208384K Free: 197506K (95%)
ptolemy.util.test.WatchDog.cancel(): canceling Sat Sep 01 02:01:50 UTC 2018
------------------ testing $PTII/ptolemy/domains/de/test/auto/CausalityAndComposabilityAnalysis.xml
auto.tcl: Setting watchdog for 200 seconds at Sat Sep 01 02:01:50 UTC 2018
8 ms. Memory: 208384K Free: 196544K (94%)
ptolemy.util.test.WatchDog.cancel(): canceling Sat Sep 01 02:01:50 UTC 2018
auto.tcl: Setting watchdog for 200 seconds at Sat Sep 01 02:01:50 UTC 2018
6 ms. Memory: 208384K Free: 196544K (94%)
ptolemy.util.test.WatchDog.cancel(): canceling Sat Sep 01 02:01:50 UTC 2018
------------------ testing $PTII/ptolemy/domains/de/test/auto/CausalityInterface1.xml
auto.tcl: Setting watchdog for 200 seconds at Sat Sep 01 02:01:50 UTC 2018
19 ms. Memory: 208384K Free: 196480K (94%)
ptolemy.util.test.WatchDog.cancel(): canceling Sat Sep 01 02:01:50 UTC 2018
auto.tcl: Setting watchdog for 200 seconds at Sat Sep 01 02:01:50 UTC 2018
8 ms. Memory: 208384K Free: 196480K (94%)
ptolemy.util.test.WatchDog.cancel(): canceling Sat Sep 01 02:01:50 UTC 2018
------------------ testing $PTII/ptolemy/domains/de/test/auto/CausalityInterface15.xml
auto.tcl: Setting watchdog for 200 seconds at Sat Sep 01 02:01:50 UTC 2018
16 ms. Memory: 208384K Free: 196469K (94%)
ptolemy.util.test.WatchDog.cancel(): canceling Sat Sep 01 02:01:50 UTC 2018
auto.tcl: Setting watchdog for 200 seconds at Sat Sep 01 02:01:50 UTC 2018
5 ms. Memory: 208384K Free: 194379K (93%)
ptolemy.util.test.WatchDog.cancel(): canceling Sat Sep 01 02:01:50 UTC 2018
------------------ testing $PTII/ptolemy/domains/de/test/auto/CausalityInterface2.xml
auto.tcl: Setting watchdog for 200 seconds at Sat Sep 01 02:01:50 UTC 2018
3 ms. Memory: 208384K Free: 196451K (94%)
ptolemy.util.test.WatchDog.cancel(): canceling Sat Sep 01 02:01:50 UTC 2018
auto.tcl: Setting watchdog for 200 seconds at Sat Sep 01 02:01:50 UTC 2018
4 ms. Memory: 208384K Free: 196451K (94%)
ptolemy.util.test.WatchDog.cancel(): canceling Sat Sep 01 02:01:50 UTC 2018
------------------ testing $PTII/ptolemy/domains/de/test/auto/CausalityInterface3.xml
auto.tcl: Setting watchdog for 200 seconds at Sat Sep 01 02:01:50 UTC 2018
12 ms. Memory: 208384K Free: 196464K (94%)
ptolemy.util.test.WatchDog.cancel(): canceling Sat Sep 01 02:01:50 UTC 2018
auto.tcl: Setting watchdog for 200 seconds at Sat Sep 01 02:01:50 UTC 2018
7 ms. Memory: 208384K Free: 196464K (94%)
ptolemy.util.test.WatchDog.cancel(): canceling Sat Sep 01 02:01:50 UTC 2018
------------------ testing $PTII/ptolemy/domains/de/test/auto/ClockDrift.xml
auto.tcl: Setting watchdog for 200 seconds at Sat Sep 01 02:01:50 UTC 2018
53 ms. Memory: 208384K Free: 187725K (90%)
ptolemy.util.test.WatchDog.cancel(): canceling Sat Sep 01 02:01:51 UTC 2018
auto.tcl: Setting watchdog for 200 seconds at Sat Sep 01 02:01:51 UTC 2018
36 ms. Memory: 208384K Free: 185635K (89%)
ptolemy.util.test.WatchDog.cancel(): canceling Sat Sep 01 02:01:51 UTC 2018
------------------ testing $PTII/ptolemy/domains/de/test/auto/ClockDriftAndValueChange.xml
auto.tcl: Setting watchdog for 200 seconds at Sat Sep 01 02:01:51 UTC 2018
60 ms. Memory: 208384K Free: 187561K (90%)
ptolemy.util.test.WatchDog.cancel(): canceling Sat Sep 01 02:01:51 UTC 2018
auto.tcl: Setting watchdog for 200 seconds at Sat Sep 01 02:01:51 UTC 2018
22 ms. Memory: 208384K Free: 185471K (89%)
ptolemy.util.test.WatchDog.cancel(): canceling Sat Sep 01 02:01:51 UTC 2018
------------------ testing $PTII/ptolemy/domains/de/test/auto/ClockDriftChange.xml
auto.tcl: Setting watchdog for 200 seconds at Sat Sep 01 02:01:51 UTC 2018
41 ms. Memory: 208384K Free: 190873K (92%)
ptolemy.util.test.WatchDog.cancel(): canceling Sat Sep 01 02:01:51 UTC 2018
auto.tcl: Setting watchdog for 200 seconds at Sat Sep 01 02:01:51 UTC 2018
29 ms. Memory: 208384K Free: 188783K (91%)
ptolemy.util.test.WatchDog.cancel(): canceling Sat Sep 01 02:01:51 UTC 2018
------------------ testing $PTII/ptolemy/domains/de/test/auto/ComposableCausalityAnalysis.xml
auto.tcl: Setting watchdog for 200 seconds at Sat Sep 01 02:01:51 UTC 2018
2 ms. Memory: 208384K Free: 196310K (94%)
ptolemy.util.test.WatchDog.cancel(): canceling Sat Sep 01 02:01:51 UTC 2018
auto.tcl: Setting watchdog for 200 seconds at Sat Sep 01 02:01:51 UTC 2018
2 ms. Memory: 208384K Free: 194220K (93%)
ptolemy.util.test.WatchDog.cancel(): canceling Sat Sep 01 02:01:51 UTC 2018
------------------ testing $PTII/ptolemy/domains/de/test/auto/DEFixedPointLimitation.xml
auto.tcl: Setting watchdog for 200 seconds at Sat Sep 01 02:01:51 UTC 2018
1 ms. Memory: 208384K Free: 196391K (94%)
ptolemy.util.test.WatchDog.cancel(): canceling Sat Sep 01 02:01:51 UTC 2018
auto.tcl: Setting watchdog for 200 seconds at Sat Sep 01 02:01:51 UTC 2018
1 ms. Memory: 208384K Free: 196391K (94%)
ptolemy.util.test.WatchDog.cancel(): canceling Sat Sep 01 02:01:51 UTC 2018
------------------ testing $PTII/ptolemy/domains/de/test/auto/DEScheduleTest.xml
auto.tcl: Setting watchdog for 200 seconds at Sat Sep 01 02:01:51 UTC 2018
5 ms. Memory: 208384K Free: 198517K (95%)
ptolemy.util.test.WatchDog.cancel(): canceling Sat Sep 01 02:01:51 UTC 2018
auto.tcl: Setting watchdog for 200 seconds at Sat Sep 01 02:01:51 UTC 2018
3 ms. Memory: 208384K Free: 196427K (94%)
ptolemy.util.test.WatchDog.cancel(): canceling Sat Sep 01 02:01:51 UTC 2018
------------------ testing $PTII/ptolemy/domains/de/test/auto/DEinDEwithStartTimes.xml
auto.tcl: Setting watchdog for 200 seconds at Sat Sep 01 02:01:51 UTC 2018
7 ms. Memory: 208384K Free: 196396K (94%)
ptolemy.util.test.WatchDog.cancel(): canceling Sat Sep 01 02:01:51 UTC 2018
auto.tcl: Setting watchdog for 200 seconds at Sat Sep 01 02:01:51 UTC 2018
3 ms. Memory: 208384K Free: 194306K (93%)
ptolemy.util.test.WatchDog.cancel(): canceling Sat Sep 01 02:01:51 UTC 2018
------------------ testing $PTII/ptolemy/domains/de/test/auto/DEinDEwithStartTimes2.xml
auto.tcl: Setting watchdog for 200 seconds at Sat Sep 01 02:01:51 UTC 2018
6 ms. Memory: 208384K Free: 196714K (94%)
ptolemy.util.test.WatchDog.cancel(): canceling Sat Sep 01 02:01:51 UTC 2018
auto.tcl: Setting watchdog for 200 seconds at Sat Sep 01 02:01:51 UTC 2018
4 ms. Memory: 208384K Free: 194286K (93%)
ptolemy.util.test.WatchDog.cancel(): canceling Sat Sep 01 02:01:51 UTC 2018
------------------ testing $PTII/ptolemy/domains/de/test/auto/DateDemo.xml
auto.tcl: Setting watchdog for 200 seconds at Sat Sep 01 02:01:52 UTC 2018
10 ms. Memory: 208384K Free: 188843K (91%)
ptolemy.util.test.WatchDog.cancel(): canceling Sat Sep 01 02:01:52 UTC 2018
auto.tcl: Setting watchdog for 200 seconds at Sat Sep 01 02:01:52 UTC 2018
6 ms. Memory: 208384K Free: 186753K (90%)
ptolemy.util.test.WatchDog.cancel(): canceling Sat Sep 01 02:01:52 UTC 2018
------------------ testing $PTII/ptolemy/domains/de/test/auto/DateToEvent.xml
auto.tcl: Setting watchdog for 200 seconds at Sat Sep 01 02:01:52 UTC 2018
2009 ms. Memory: 208384K Free: 183587K (88%)
ptolemy.util.test.WatchDog.cancel(): canceling Sat Sep 01 02:01:54 UTC 2018
auto.tcl: Setting watchdog for 200 seconds at Sat Sep 01 02:01:54 UTC 2018
2003 ms. Memory: 208384K Free: 181130K (87%)
ptolemy.util.test.WatchDog.cancel(): canceling Sat Sep 01 02:01:56 UTC 2018
------------------ testing $PTII/ptolemy/domains/de/test/auto/DepthTest1.xml
auto.tcl: Setting watchdog for 200 seconds at Sat Sep 01 02:01:56 UTC 2018
7 ms. Memory: 208384K Free: 198046K (95%)
ptolemy.util.test.WatchDog.cancel(): canceling Sat Sep 01 02:01:56 UTC 2018
auto.tcl: Setting watchdog for 200 seconds at Sat Sep 01 02:01:56 UTC 2018
2 ms. Memory: 208384K Free: 198046K (95%)
ptolemy.util.test.WatchDog.cancel(): canceling Sat Sep 01 02:01:56 UTC 2018
------------------ testing $PTII/ptolemy/domains/de/test/auto/DepthTest2.xml
auto.tcl: Setting watchdog for 200 seconds at Sat Sep 01 02:01:56 UTC 2018
3 ms. Memory: 208384K Free: 194265K (93%)
ptolemy.util.test.WatchDog.cancel(): canceling Sat Sep 01 02:01:56 UTC 2018
auto.tcl: Setting watchdog for 200 seconds at Sat Sep 01 02:01:56 UTC 2018
2 ms. Memory: 208384K Free: 194265K (93%)
ptolemy.util.test.WatchDog.cancel(): canceling Sat Sep 01 02:01:56 UTC 2018
------------------ testing $PTII/ptolemy/domains/de/test/auto/DepthTest3.xml
auto.tcl: Setting watchdog for 200 seconds at Sat Sep 01 02:01:56 UTC 2018
2 ms. Memory: 208384K Free: 198716K (95%)
ptolemy.util.test.WatchDog.cancel(): canceling Sat Sep 01 02:01:56 UTC 2018
auto.tcl: Setting watchdog for 200 seconds at Sat Sep 01 02:01:56 UTC 2018
3 ms. Memory: 208384K Free: 198716K (95%)
ptolemy.util.test.WatchDog.cancel(): canceling Sat Sep 01 02:01:56 UTC 2018
------------------ testing $PTII/ptolemy/domains/de/test/auto/DepthTest4.xml
auto.tcl: Setting watchdog for 200 seconds at Sat Sep 01 02:01:56 UTC 2018
5 ms. Memory: 208384K Free: 196375K (94%)
ptolemy.util.test.WatchDog.cancel(): canceling Sat Sep 01 02:01:56 UTC 2018
auto.tcl: Setting watchdog for 200 seconds at Sat Sep 01 02:01:56 UTC 2018
2 ms. Memory: 208384K Free: 196375K (94%)
ptolemy.util.test.WatchDog.cancel(): canceling Sat Sep 01 02:01:56 UTC 2018
------------------ testing $PTII/ptolemy/domains/de/test/auto/DepthTest5.xml
auto.tcl: Setting watchdog for 200 seconds at Sat Sep 01 02:01:56 UTC 2018
5 ms. Memory: 208384K Free: 196660K (94%)
ptolemy.util.test.WatchDog.cancel(): canceling Sat Sep 01 02:01:56 UTC 2018
auto.tcl: Setting watchdog for 200 seconds at Sat Sep 01 02:01:56 UTC 2018
2 ms. Memory: 208384K Free: 196660K (94%)
ptolemy.util.test.WatchDog.cancel(): canceling Sat Sep 01 02:01:56 UTC 2018
------------------ testing $PTII/ptolemy/domains/de/test/auto/DepthTest6.xml
auto.tcl: Setting watchdog for 200 seconds at Sat Sep 01 02:01:56 UTC 2018
6 ms. Memory: 208384K Free: 196297K (94%)
ptolemy.util.test.WatchDog.cancel(): canceling Sat Sep 01 02:01:56 UTC 2018
auto.tcl: Setting watchdog for 200 seconds at Sat Sep 01 02:01:56 UTC 2018
2 ms. Memory: 208384K Free: 196297K (94%)
ptolemy.util.test.WatchDog.cancel(): canceling Sat Sep 01 02:01:56 UTC 2018
------------------ testing $PTII/ptolemy/domains/de/test/auto/DepthTest7.xml
auto.tcl: Setting watchdog for 200 seconds at Sat Sep 01 02:01:56 UTC 2018
2 ms. Memory: 208384K Free: 196279K (94%)
ptolemy.util.test.WatchDog.cancel(): canceling Sat Sep 01 02:01:56 UTC 2018
auto.tcl: Setting watchdog for 200 seconds at Sat Sep 01 02:01:56 UTC 2018
2 ms. Memory: 208384K Free: 196279K (94%)
ptolemy.util.test.WatchDog.cancel(): canceling Sat Sep 01 02:01:56 UTC 2018
------------------ testing $PTII/ptolemy/domains/de/test/auto/EventToDate.xml
auto.tcl: Setting watchdog for 200 seconds at Sat Sep 01 02:01:56 UTC 2018
3006 ms. Memory: 208384K Free: 185848K (89%)
ptolemy.util.test.WatchDog.cancel(): canceling Sat Sep 01 02:01:59 UTC 2018
auto.tcl: Setting watchdog for 200 seconds at Sat Sep 01 02:01:59 UTC 2018
3003 ms. Memory: 208384K Free: 185848K (89%)
ptolemy.util.test.WatchDog.cancel(): canceling Sat Sep 01 02:02:02 UTC 2018
------------------ testing $PTII/ptolemy/domains/de/test/auto/FSM1.xml
auto.tcl: Setting watchdog for 200 seconds at Sat Sep 01 02:02:02 UTC 2018
39 ms. Memory: 208384K Free: 187259K (90%)
ptolemy.util.test.WatchDog.cancel(): canceling Sat Sep 01 02:02:02 UTC 2018
auto.tcl: Setting watchdog for 200 seconds at Sat Sep 01 02:02:02 UTC 2018
18 ms. Memory: 208384K Free: 185169K (89%)
ptolemy.util.test.WatchDog.cancel(): canceling Sat Sep 01 02:02:02 UTC 2018
------------------ testing $PTII/ptolemy/domains/de/test/auto/FSM7.xml
auto.tcl: Setting watchdog for 200 seconds at Sat Sep 01 02:02:03 UTC 2018
23 ms. Memory: 208384K Free: 187462K (90%)
ptolemy.util.test.WatchDog.cancel(): canceling Sat Sep 01 02:02:03 UTC 2018
auto.tcl: Setting watchdog for 200 seconds at Sat Sep 01 02:02:03 UTC 2018
18 ms. Memory: 208384K Free: 185372K (89%)
ptolemy.util.test.WatchDog.cancel(): canceling Sat Sep 01 02:02:03 UTC 2018
------------------ testing $PTII/ptolemy/domains/de/test/auto/Inspection.xml
auto.tcl: Setting watchdog for 200 seconds at Sat Sep 01 02:02:03 UTC 2018
45 ms. Memory: 208384K Free: 189013K (91%)
ptolemy.util.test.WatchDog.cancel(): canceling Sat Sep 01 02:02:03 UTC 2018
auto.tcl: Setting watchdog for 200 seconds at Sat Sep 01 02:02:03 UTC 2018
27 ms. Memory: 208384K Free: 186922K (90%)
ptolemy.util.test.WatchDog.cancel(): canceling Sat Sep 01 02:02:03 UTC 2018
------------------ testing $PTII/ptolemy/domains/de/test/auto/Iteration.xml
auto.tcl: Setting watchdog for 200 seconds at Sat Sep 01 02:02:03 UTC 2018
7 ms. Memory: 208384K Free: 196421K (94%)
ptolemy.util.test.WatchDog.cancel(): canceling Sat Sep 01 02:02:03 UTC 2018
auto.tcl: Setting watchdog for 200 seconds at Sat Sep 01 02:02:03 UTC 2018
6 ms. Memory: 208384K Free: 194331K (93%)
ptolemy.util.test.WatchDog.cancel(): canceling Sat Sep 01 02:02:03 UTC 2018
------------------ testing $PTII/ptolemy/domains/de/test/auto/LineFault.xml
auto.tcl: Setting watchdog for 200 seconds at Sat Sep 01 02:02:03 UTC 2018
761 ms. Memory: 208384K Free: 196185K (94%)
ptolemy.util.test.WatchDog.cancel(): canceling Sat Sep 01 02:02:04 UTC 2018
auto.tcl: Setting watchdog for 200 seconds at Sat Sep 01 02:02:04 UTC 2018
622 ms. Memory: 208384K Free: 139121K (67%)
ptolemy.util.test.WatchDog.cancel(): canceling Sat Sep 01 02:02:05 UTC 2018
------------------ testing $PTII/ptolemy/domains/de/test/auto/MergeModel1Add.xml
auto.tcl: Setting watchdog for 200 seconds at Sat Sep 01 02:02:05 UTC 2018
22 ms. Memory: 331264K Free: 298889K (90%)
ptolemy.util.test.WatchDog.cancel(): canceling Sat Sep 01 02:02:05 UTC 2018
auto.tcl: Setting watchdog for 200 seconds at Sat Sep 01 02:02:05 UTC 2018
13 ms. Memory: 331264K Free: 298889K (90%)
ptolemy.util.test.WatchDog.cancel(): canceling Sat Sep 01 02:02:05 UTC 2018
------------------ testing $PTII/ptolemy/domains/de/test/auto/MergeModel2Add.xml
auto.tcl: Setting watchdog for 200 seconds at Sat Sep 01 02:02:05 UTC 2018
11 ms. Memory: 331264K Free: 302398K (91%)
ptolemy.util.test.WatchDog.cancel(): canceling Sat Sep 01 02:02:05 UTC 2018
auto.tcl: Setting watchdog for 200 seconds at Sat Sep 01 02:02:05 UTC 2018
7 ms. Memory: 331264K Free: 298454K (90%)
ptolemy.util.test.WatchDog.cancel(): canceling Sat Sep 01 02:02:05 UTC 2018
------------------ testing $PTII/ptolemy/domains/de/test/auto/MergeModel3Add.xml
auto.tcl: Setting watchdog for 200 seconds at Sat Sep 01 02:02:05 UTC 2018
12 ms. Memory: 331264K Free: 302407K (91%)
ptolemy.util.test.WatchDog.cancel(): canceling Sat Sep 01 02:02:05 UTC 2018
auto.tcl: Setting watchdog for 200 seconds at Sat Sep 01 02:02:05 UTC 2018
7 ms. Memory: 331264K Free: 298462K (90%)
ptolemy.util.test.WatchDog.cancel(): canceling Sat Sep 01 02:02:05 UTC 2018
------------------ testing $PTII/ptolemy/domains/de/test/auto/MergeWithoutDiscard.xml
auto.tcl: Setting watchdog for 200 seconds at Sat Sep 01 02:02:05 UTC 2018
2 ms. Memory: 331264K Free: 318466K (96%)
ptolemy.util.test.WatchDog.cancel(): canceling Sat Sep 01 02:02:05 UTC 2018
auto.tcl: Setting watchdog for 200 seconds at Sat Sep 01 02:02:05 UTC 2018
2 ms. Memory: 331264K Free: 314236K (95%)
ptolemy.util.test.WatchDog.cancel(): canceling Sat Sep 01 02:02:05 UTC 2018
------------------ testing $PTII/ptolemy/domains/de/test/auto/Modal1.xml
auto.tcl: Setting watchdog for 200 seconds at Sat Sep 01 02:02:05 UTC 2018
18 ms. Memory: 331264K Free: 308133K (93%)
ptolemy.util.test.WatchDog.cancel(): canceling Sat Sep 01 02:02:05 UTC 2018
auto.tcl: Setting watchdog for 200 seconds at Sat Sep 01 02:02:05 UTC 2018
11 ms. Memory: 331264K Free: 304188K (92%)
ptolemy.util.test.WatchDog.cancel(): canceling Sat Sep 01 02:02:05 UTC 2018
------------------ testing $PTII/ptolemy/domains/de/test/auto/Modal2.xml
auto.tcl: Setting watchdog for 200 seconds at Sat Sep 01 02:02:05 UTC 2018
10 ms. Memory: 331264K Free: 308014K (93%)
ptolemy.util.test.WatchDog.cancel(): canceling Sat Sep 01 02:02:05 UTC 2018
auto.tcl: Setting watchdog for 200 seconds at Sat Sep 01 02:02:05 UTC 2018
11 ms. Memory: 331264K Free: 304070K (92%)
ptolemy.util.test.WatchDog.cancel(): canceling Sat Sep 01 02:02:05 UTC 2018
------------------ testing $PTII/ptolemy/domains/de/test/auto/Modal3.xml
auto.tcl: Setting watchdog for 200 seconds at Sat Sep 01 02:02:05 UTC 2018
11 ms. Memory: 331264K Free: 308005K (93%)
ptolemy.util.test.WatchDog.cancel(): canceling Sat Sep 01 02:02:05 UTC 2018
auto.tcl: Setting watchdog for 200 seconds at Sat Sep 01 02:02:05 UTC 2018
10 ms. Memory: 331264K Free: 304060K (92%)
ptolemy.util.test.WatchDog.cancel(): canceling Sat Sep 01 02:02:05 UTC 2018
------------------ testing $PTII/ptolemy/domains/de/test/auto/Modal4.xml
auto.tcl: Setting watchdog for 200 seconds at Sat Sep 01 02:02:05 UTC 2018
25 ms. Memory: 331264K Free: 308018K (93%)
ptolemy.util.test.WatchDog.cancel(): canceling Sat Sep 01 02:02:06 UTC 2018
auto.tcl: Setting watchdog for 200 seconds at Sat Sep 01 02:02:06 UTC 2018
17 ms. Memory: 331264K Free: 304074K (92%)
ptolemy.util.test.WatchDog.cancel(): canceling Sat Sep 01 02:02:06 UTC 2018
------------------ testing $PTII/ptolemy/domains/de/test/auto/Modal5.xml
auto.tcl: Setting watchdog for 200 seconds at Sat Sep 01 02:02:06 UTC 2018
12 ms. Memory: 331264K Free: 308005K (93%)
ptolemy.util.test.WatchDog.cancel(): canceling Sat Sep 01 02:02:06 UTC 2018
auto.tcl: Setting watchdog for 200 seconds at Sat Sep 01 02:02:06 UTC 2018
13 ms. Memory: 331264K Free: 304061K (92%)
ptolemy.util.test.WatchDog.cancel(): canceling Sat Sep 01 02:02:06 UTC 2018
------------------ testing $PTII/ptolemy/domains/de/test/auto/Modal6.xml
auto.tcl: Setting watchdog for 200 seconds at Sat Sep 01 02:02:06 UTC 2018
15 ms. Memory: 331264K Free: 308003K (93%)
ptolemy.util.test.WatchDog.cancel(): canceling Sat Sep 01 02:02:06 UTC 2018
auto.tcl: Setting watchdog for 200 seconds at Sat Sep 01 02:02:06 UTC 2018
12 ms. Memory: 331264K Free: 304058K (92%)
ptolemy.util.test.WatchDog.cancel(): canceling Sat Sep 01 02:02:06 UTC 2018
------------------ testing $PTII/ptolemy/domains/de/test/auto/Modal7.xml
auto.tcl: Setting watchdog for 200 seconds at Sat Sep 01 02:02:06 UTC 2018
18 ms. Memory: 331264K Free: 308003K (93%)
ptolemy.util.test.WatchDog.cancel(): canceling Sat Sep 01 02:02:06 UTC 2018
auto.tcl: Setting watchdog for 200 seconds at Sat Sep 01 02:02:06 UTC 2018
11 ms. Memory: 331264K Free: 304058K (92%)
ptolemy.util.test.WatchDog.cancel(): canceling Sat Sep 01 02:02:06 UTC 2018
------------------ testing $PTII/ptolemy/domains/de/test/auto/ModalModel.xml
auto.tcl: Setting watchdog for 200 seconds at Sat Sep 01 02:02:06 UTC 2018
200 ms. Memory: 331264K Free: 244528K (74%)
ptolemy.util.test.WatchDog.cancel(): canceling Sat Sep 01 02:02:06 UTC 2018
auto.tcl: Setting watchdog for 200 seconds at Sat Sep 01 02:02:06 UTC 2018
188 ms. Memory: 331264K Free: 189308K (57%)
ptolemy.util.test.WatchDog.cancel(): canceling Sat Sep 01 02:02:06 UTC 2018
------------------ testing $PTII/ptolemy/domains/de/test/auto/ModalSource.xml
auto.tcl: Setting watchdog for 200 seconds at Sat Sep 01 02:02:06 UTC 2018
10 ms. Memory: 331264K Free: 314784K (95%)
ptolemy.util.test.WatchDog.cancel(): canceling Sat Sep 01 02:02:07 UTC 2018
auto.tcl: Setting watchdog for 200 seconds at Sat Sep 01 02:02:07 UTC 2018
7 ms. Memory: 331264K Free: 311271K (94%)
ptolemy.util.test.WatchDog.cancel(): canceling Sat Sep 01 02:02:07 UTC 2018
------------------ testing $PTII/ptolemy/domains/de/test/auto/NonInterruptibleTimerZeroDelay.xml
auto.tcl: Setting watchdog for 200 seconds at Sat Sep 01 02:02:07 UTC 2018
3 ms. Memory: 331264K Free: 319135K (96%)
ptolemy.util.test.WatchDog.cancel(): canceling Sat Sep 01 02:02:07 UTC 2018
auto.tcl: Setting watchdog for 200 seconds at Sat Sep 01 02:02:07 UTC 2018
2 ms. Memory: 331264K Free: 315622K (95%)
ptolemy.util.test.WatchDog.cancel(): canceling Sat Sep 01 02:02:07 UTC 2018
------------------ testing $PTII/ptolemy/domains/de/test/auto/OpenQueueingNetwork.xml
auto.tcl: Setting watchdog for 200 seconds at Sat Sep 01 02:02:07 UTC 2018
2611 ms. Memory: 573952K Free: 419568K (73%)
ptolemy.util.test.WatchDog.cancel(): canceling Sat Sep 01 02:02:09 UTC 2018
auto.tcl: Setting watchdog for 200 seconds at Sat Sep 01 02:02:09 UTC 2018
2369 ms. Memory: 550912K Free: 324427K (59%)
ptolemy.util.test.WatchDog.cancel(): canceling Sat Sep 01 02:02:12 UTC 2018
------------------ testing $PTII/ptolemy/domains/de/test/auto/OpenQueuingNetwork.xml
auto.tcl: Setting watchdog for 200 seconds at Sat Sep 01 02:02:12 UTC 2018
248 ms. Memory: 549888K Free: 434366K (79%)
ptolemy.util.test.WatchDog.cancel(): canceling Sat Sep 01 02:02:12 UTC 2018
auto.tcl: Setting watchdog for 200 seconds at Sat Sep 01 02:02:12 UTC 2018
235 ms. Memory: 549888K Free: 374291K (68%)
ptolemy.util.test.WatchDog.cancel(): canceling Sat Sep 01 02:02:12 UTC 2018
------------------ testing $PTII/ptolemy/domains/de/test/auto/PeriodicSampler.xml
auto.tcl: Setting watchdog for 200 seconds at Sat Sep 01 02:02:12 UTC 2018
6 ms. Memory: 551936K Free: 535022K (97%)
ptolemy.util.test.WatchDog.cancel(): canceling Sat Sep 01 02:02:13 UTC 2018
auto.tcl: Setting watchdog for 200 seconds at Sat Sep 01 02:02:13 UTC 2018
1 ms. Memory: 551936K Free: 535022K (97%)
ptolemy.util.test.WatchDog.cancel(): canceling Sat Sep 01 02:02:13 UTC 2018
------------------ testing $PTII/ptolemy/domains/de/test/auto/PersistentIO.xml
auto.tcl: Setting watchdog for 200 seconds at Sat Sep 01 02:02:13 UTC 2018
10 ms. Memory: 549376K Free: 522905K (95%)
ptolemy.util.test.WatchDog.cancel(): canceling Sat Sep 01 02:02:13 UTC 2018
auto.tcl: Setting watchdog for 200 seconds at Sat Sep 01 02:02:13 UTC 2018
4 ms. Memory: 549376K Free: 522905K (95%)
ptolemy.util.test.WatchDog.cancel(): canceling Sat Sep 01 02:02:13 UTC 2018
------------------ testing $PTII/ptolemy/domains/de/test/auto/PortParameterResetOnInitialize.xml
auto.tcl: Setting watchdog for 200 seconds at Sat Sep 01 02:02:13 UTC 2018
3 ms. Memory: 551424K Free: 530062K (96%)
ptolemy.util.test.WatchDog.cancel(): canceling Sat Sep 01 02:02:13 UTC 2018
auto.tcl: Setting watchdog for 200 seconds at Sat Sep 01 02:02:13 UTC 2018
2 ms. Memory: 551424K Free: 530062K (96%)
ptolemy.util.test.WatchDog.cancel(): canceling Sat Sep 01 02:02:13 UTC 2018
------------------ testing $PTII/ptolemy/domains/de/test/auto/PortParameterUpdates.xml
auto.tcl: Setting watchdog for 200 seconds at Sat Sep 01 02:02:13 UTC 2018
6 ms. Memory: 549376K Free: 533056K (97%)
ptolemy.util.test.WatchDog.cancel(): canceling Sat Sep 01 02:02:13 UTC 2018
auto.tcl: Setting watchdog for 200 seconds at Sat Sep 01 02:02:13 UTC 2018
4 ms. Memory: 549376K Free: 527595K (96%)
ptolemy.util.test.WatchDog.cancel(): canceling Sat Sep 01 02:02:13 UTC 2018
------------------ testing $PTII/ptolemy/domains/de/test/auto/QueueAndServer.xml
auto.tcl: Setting watchdog for 200 seconds at Sat Sep 01 02:02:13 UTC 2018
12 ms. Memory: 551424K Free: 529590K (96%)
ptolemy.util.test.WatchDog.cancel(): canceling Sat Sep 01 02:02:13 UTC 2018
auto.tcl: Setting watchdog for 200 seconds at Sat Sep 01 02:02:13 UTC 2018
6 ms. Memory: 551424K Free: 529590K (96%)
ptolemy.util.test.WatchDog.cancel(): canceling Sat Sep 01 02:02:13 UTC 2018
------------------ testing $PTII/ptolemy/domains/de/test/auto/Records.xml
auto.tcl: Setting watchdog for 200 seconds at Sat Sep 01 02:02:13 UTC 2018
7 ms. Memory: 549376K Free: 528054K (96%)
ptolemy.util.test.WatchDog.cancel(): canceling Sat Sep 01 02:02:13 UTC 2018
auto.tcl: Setting watchdog for 200 seconds at Sat Sep 01 02:02:13 UTC 2018
2 ms. Memory: 549376K Free: 522592K (95%)
ptolemy.util.test.WatchDog.cancel(): canceling Sat Sep 01 02:02:13 UTC 2018
------------------ testing $PTII/ptolemy/domains/de/test/auto/ResetTransitionWithStartTime1.xml
auto.tcl: Setting watchdog for 200 seconds at Sat Sep 01 02:02:13 UTC 2018
8 ms. Memory: 551424K Free: 529559K (96%)
ptolemy.util.test.WatchDog.cancel(): canceling Sat Sep 01 02:02:13 UTC 2018
auto.tcl: Setting watchdog for 200 seconds at Sat Sep 01 02:02:13 UTC 2018
5 ms. Memory: 551424K Free: 529559K (96%)
ptolemy.util.test.WatchDog.cancel(): canceling Sat Sep 01 02:02:13 UTC 2018
------------------ testing $PTII/ptolemy/domains/de/test/auto/ResetTransitionWithStartTime2.xml
auto.tcl: Setting watchdog for 200 seconds at Sat Sep 01 02:02:13 UTC 2018
7 ms. Memory: 549376K Free: 522593K (95%)
ptolemy.util.test.WatchDog.cancel(): canceling Sat Sep 01 02:02:13 UTC 2018
auto.tcl: Setting watchdog for 200 seconds at Sat Sep 01 02:02:13 UTC 2018
5 ms. Memory: 549376K Free: 522593K (95%)
ptolemy.util.test.WatchDog.cancel(): canceling Sat Sep 01 02:02:13 UTC 2018
------------------ testing $PTII/ptolemy/domains/de/test/auto/ResetTransitionWithStartTime3.xml
auto.tcl: Setting watchdog for 200 seconds at Sat Sep 01 02:02:13 UTC 2018
8 ms. Memory: 550912K Free: 528807K (96%)
ptolemy.util.test.WatchDog.cancel(): canceling Sat Sep 01 02:02:13 UTC 2018
auto.tcl: Setting watchdog for 200 seconds at Sat Sep 01 02:02:13 UTC 2018
9 ms. Memory: 550912K Free: 528807K (96%)
ptolemy.util.test.WatchDog.cancel(): canceling Sat Sep 01 02:02:13 UTC 2018
------------------ testing $PTII/ptolemy/domains/de/test/auto/ResetTransitionWithStartTime4.xml
auto.tcl: Setting watchdog for 200 seconds at Sat Sep 01 02:02:13 UTC 2018
4 ms. Memory: 549376K Free: 527269K (96%)
ptolemy.util.test.WatchDog.cancel(): canceling Sat Sep 01 02:02:13 UTC 2018
auto.tcl: Setting watchdog for 200 seconds at Sat Sep 01 02:02:13 UTC 2018
3 ms. Memory: 549376K Free: 527269K (96%)
ptolemy.util.test.WatchDog.cancel(): canceling Sat Sep 01 02:02:13 UTC 2018
------------------ testing $PTII/ptolemy/domains/de/test/auto/ResettableTimer1.xml
auto.tcl: Setting watchdog for 200 seconds at Sat Sep 01 02:02:13 UTC 2018
2 ms. Memory: 550912K Free: 534278K (97%)
ptolemy.util.test.WatchDog.cancel(): canceling Sat Sep 01 02:02:13 UTC 2018
auto.tcl: Setting watchdog for 200 seconds at Sat Sep 01 02:02:13 UTC 2018
2 ms. Memory: 550912K Free: 534278K (97%)
ptolemy.util.test.WatchDog.cancel(): canceling Sat Sep 01 02:02:13 UTC 2018
------------------ testing $PTII/ptolemy/domains/de/test/auto/ResettableTimer2.xml
auto.tcl: Setting watchdog for 200 seconds at Sat Sep 01 02:02:13 UTC 2018
2 ms. Memory: 549376K Free: 533030K (97%)
ptolemy.util.test.WatchDog.cancel(): canceling Sat Sep 01 02:02:13 UTC 2018
auto.tcl: Setting watchdog for 200 seconds at Sat Sep 01 02:02:13 UTC 2018
2 ms. Memory: 549376K Free: 533030K (97%)
ptolemy.util.test.WatchDog.cancel(): canceling Sat Sep 01 02:02:13 UTC 2018
------------------ testing $PTII/ptolemy/domains/de/test/auto/ResettableTimer3.xml
auto.tcl: Setting watchdog for 200 seconds at Sat Sep 01 02:02:13 UTC 2018
2 ms. Memory: 550912K Free: 534336K (97%)
ptolemy.util.test.WatchDog.cancel(): canceling Sat Sep 01 02:02:13 UTC 2018
auto.tcl: Setting watchdog for 200 seconds at Sat Sep 01 02:02:13 UTC 2018
1 ms. Memory: 550912K Free: 534336K (97%)
ptolemy.util.test.WatchDog.cancel(): canceling Sat Sep 01 02:02:13 UTC 2018
------------------ testing $PTII/ptolemy/domains/de/test/auto/ResettableTimer4.xml
auto.tcl: Setting watchdog for 200 seconds at Sat Sep 01 02:02:14 UTC 2018
1 ms. Memory: 549376K Free: 533042K (97%)
ptolemy.util.test.WatchDog.cancel(): canceling Sat Sep 01 02:02:14 UTC 2018
auto.tcl: Setting watchdog for 200 seconds at Sat Sep 01 02:02:14 UTC 2018
1 ms. Memory: 549376K Free: 533042K (97%)
ptolemy.util.test.WatchDog.cancel(): canceling Sat Sep 01 02:02:14 UTC 2018
------------------ testing $PTII/ptolemy/domains/de/test/auto/ResettableTimer5.xml
auto.tcl: Setting watchdog for 200 seconds at Sat Sep 01 02:02:14 UTC 2018
1 ms. Memory: 550400K Free: 529385K (96%)
ptolemy.util.test.WatchDog.cancel(): canceling Sat Sep 01 02:02:14 UTC 2018
auto.tcl: Setting watchdog for 200 seconds at Sat Sep 01 02:02:14 UTC 2018
1 ms. Memory: 550400K Free: 529385K (96%)
ptolemy.util.test.WatchDog.cancel(): canceling Sat Sep 01 02:02:14 UTC 2018
------------------ testing $PTII/ptolemy/domains/de/test/auto/ResettableTimer6.xml
auto.tcl: Setting watchdog for 200 seconds at Sat Sep 01 02:02:14 UTC 2018
1 ms. Memory: 549376K Free: 528080K (96%)
ptolemy.util.test.WatchDog.cancel(): canceling Sat Sep 01 02:02:14 UTC 2018
auto.tcl: Setting watchdog for 200 seconds at Sat Sep 01 02:02:14 UTC 2018
1 ms. Memory: 549376K Free: 528080K (96%)
ptolemy.util.test.WatchDog.cancel(): canceling Sat Sep 01 02:02:14 UTC 2018
------------------ testing $PTII/ptolemy/domains/de/test/auto/ServerZeroDelay.xml
auto.tcl: Setting watchdog for 200 seconds at Sat Sep 01 02:02:14 UTC 2018
3 ms. Memory: 550400K Free: 534004K (97%)
ptolemy.util.test.WatchDog.cancel(): canceling Sat Sep 01 02:02:14 UTC 2018
auto.tcl: Setting watchdog for 200 seconds at Sat Sep 01 02:02:14 UTC 2018
2 ms. Memory: 550400K Free: 534004K (97%)
ptolemy.util.test.WatchDog.cancel(): canceling Sat Sep 01 02:02:14 UTC 2018
------------------ testing $PTII/ptolemy/domains/de/test/auto/SmartSender.xml
auto.tcl: Setting watchdog for 200 seconds at Sat Sep 01 02:02:14 UTC 2018
3002 ms. Memory: 549376K Free: 528296K (96%)
ptolemy.util.test.WatchDog.cancel(): canceling Sat Sep 01 02:02:17 UTC 2018
auto.tcl: Setting watchdog for 200 seconds at Sat Sep 01 02:02:17 UTC 2018
3001 ms. Memory: 549376K Free: 528296K (96%)
ptolemy.util.test.WatchDog.cancel(): canceling Sat Sep 01 02:02:20 UTC 2018
------------------ testing $PTII/ptolemy/domains/de/test/auto/ThreadedComposite.xml
auto.tcl: Setting watchdog for 200 seconds at Sat Sep 01 02:02:20 UTC 2018
213 ms. Memory: 550400K Free: 508806K (92%)
ptolemy.util.test.WatchDog.cancel(): canceling Sat Sep 01 02:02:20 UTC 2018
auto.tcl: Setting watchdog for 200 seconds at Sat Sep 01 02:02:20 UTC 2018
113 ms. Memory: 550400K Free: 493985K (90%)
ptolemy.util.test.WatchDog.cancel(): canceling Sat Sep 01 02:02:20 UTC 2018
------------------ testing $PTII/ptolemy/domains/de/test/auto/Time.xml
auto.tcl: Setting watchdog for 200 seconds at Sat Sep 01 02:02:20 UTC 2018
491 ms. Memory: 549376K Free: 480995K (88%)
ptolemy.util.test.WatchDog.cancel(): canceling Sat Sep 01 02:02:21 UTC 2018
auto.tcl: Setting watchdog for 200 seconds at Sat Sep 01 02:02:21 UTC 2018
422 ms. Memory: 549376K Free: 426381K (78%)
ptolemy.util.test.WatchDog.cancel(): canceling Sat Sep 01 02:02:21 UTC 2018
------------------ testing $PTII/ptolemy/domains/de/test/auto/TimeDelayZeroDelay.xml
auto.tcl: Setting watchdog for 200 seconds at Sat Sep 01 02:02:21 UTC 2018
2 ms. Memory: 550400K Free: 533693K (97%)
ptolemy.util.test.WatchDog.cancel(): canceling Sat Sep 01 02:02:21 UTC 2018
auto.tcl: Setting watchdog for 200 seconds at Sat Sep 01 02:02:21 UTC 2018
2 ms. Memory: 550400K Free: 533693K (97%)
ptolemy.util.test.WatchDog.cancel(): canceling Sat Sep 01 02:02:21 UTC 2018
------------------ testing $PTII/ptolemy/domains/de/test/auto/TimerZeroDelay.xml
auto.tcl: Setting watchdog for 200 seconds at Sat Sep 01 02:02:21 UTC 2018
4 ms. Memory: 549376K Free: 532942K (97%)
ptolemy.util.test.WatchDog.cancel(): canceling Sat Sep 01 02:02:21 UTC 2018
auto.tcl: Setting watchdog for 200 seconds at Sat Sep 01 02:02:21 UTC 2018
2 ms. Memory: 549376K Free: 532942K (97%)
ptolemy.util.test.WatchDog.cancel(): canceling Sat Sep 01 02:02:21 UTC 2018
------------------ testing $PTII/ptolemy/domains/de/test/auto/TimingParadox.xml
auto.tcl: Setting watchdog for 200 seconds at Sat Sep 01 02:02:21 UTC 2018
347 ms. Memory: 549888K Free: 467665K (85%)
ptolemy.util.test.WatchDog.cancel(): canceling Sat Sep 01 02:02:22 UTC 2018
auto.tcl: Setting watchdog for 200 seconds at Sat Sep 01 02:02:22 UTC 2018
345 ms. Memory: 549888K Free: 434896K (79%)
ptolemy.util.test.WatchDog.cancel(): canceling Sat Sep 01 02:02:22 UTC 2018
------------------ testing $PTII/ptolemy/domains/de/test/auto/TransferInputs.xml
auto.tcl: Setting watchdog for 200 seconds at Sat Sep 01 02:02:22 UTC 2018
2 ms. Memory: 549888K Free: 532358K (97%)
ptolemy.util.test.WatchDog.cancel(): canceling Sat Sep 01 02:02:22 UTC 2018
auto.tcl: Setting watchdog for 200 seconds at Sat Sep 01 02:02:22 UTC 2018
2 ms. Memory: 549888K Free: 532358K (97%)
ptolemy.util.test.WatchDog.cancel(): canceling Sat Sep 01 02:02:22 UTC 2018
------------------ testing $PTII/ptolemy/domains/de/test/auto/TransferOutputs2.xml
auto.tcl: Setting watchdog for 200 seconds at Sat Sep 01 02:02:22 UTC 2018
3 ms. Memory: 549376K Free: 522791K (95%)
ptolemy.util.test.WatchDog.cancel(): canceling Sat Sep 01 02:02:22 UTC 2018
auto.tcl: Setting watchdog for 200 seconds at Sat Sep 01 02:02:22 UTC 2018
3 ms. Memory: 549376K Free: 522791K (95%)
ptolemy.util.test.WatchDog.cancel(): canceling Sat Sep 01 02:02:22 UTC 2018
------------------ testing $PTII/ptolemy/domains/de/test/auto/Trilateration.xml
auto.tcl: Setting watchdog for 200 seconds at Sat Sep 01 02:02:22 UTC 2018
12940 ms. Memory: 453632K Free: 137509K (30%)
ptolemy.util.test.WatchDog.cancel(): canceling Sat Sep 01 02:02:36 UTC 2018
auto.tcl: Setting watchdog for 200 seconds at Sat Sep 01 02:02:36 UTC 2018
10397 ms. Memory: 331264K Free: 244034K (74%)
ptolemy.util.test.WatchDog.cancel(): canceling Sat Sep 01 02:02:47 UTC 2018
------------------ testing $PTII/ptolemy/domains/de/test/auto/TwoSigmaDelta.xml
auto.tcl: Setting watchdog for 200 seconds at Sat Sep 01 02:02:47 UTC 2018
2834 ms. Memory: 320000K Free: 256028K (80%)
ptolemy.util.test.WatchDog.cancel(): canceling Sat Sep 01 02:02:50 UTC 2018
auto.tcl: Setting watchdog for 200 seconds at Sat Sep 01 02:02:50 UTC 2018
2146 ms. Memory: 307712K Free: 243154K (79%)
ptolemy.util.test.WatchDog.cancel(): canceling Sat Sep 01 02:02:52 UTC 2018
------------------ testing $PTII/ptolemy/domains/de/test/auto/VariableDelay.xml
auto.tcl: Setting watchdog for 200 seconds at Sat Sep 01 02:02:52 UTC 2018
2 ms. Memory: 309760K Free: 291875K (94%)
ptolemy.util.test.WatchDog.cancel(): canceling Sat Sep 01 02:02:52 UTC 2018
auto.tcl: Setting watchdog for 200 seconds at Sat Sep 01 02:02:52 UTC 2018
2 ms. Memory: 309760K Free: 291875K (94%)
ptolemy.util.test.WatchDog.cancel(): canceling Sat Sep 01 02:02:52 UTC 2018
------------------ testing $PTII/ptolemy/domains/de/test/auto/VariableDelay2.xml
auto.tcl: Setting watchdog for 200 seconds at Sat Sep 01 02:02:52 UTC 2018
7 ms. Memory: 307712K Free: 292488K (95%)
ptolemy.util.test.WatchDog.cancel(): canceling Sat Sep 01 02:02:52 UTC 2018
auto.tcl: Setting watchdog for 200 seconds at Sat Sep 01 02:02:52 UTC 2018
2 ms. Memory: 307712K Free: 292488K (95%)
ptolemy.util.test.WatchDog.cancel(): canceling Sat Sep 01 02:02:52 UTC 2018
------------------ testing $PTII/ptolemy/domains/de/test/auto/VariableDelayZeroDelay.xml
auto.tcl: Setting watchdog for 200 seconds at Sat Sep 01 02:02:52 UTC 2018
2 ms. Memory: 309248K Free: 297305K (96%)
ptolemy.util.test.WatchDog.cancel(): canceling Sat Sep 01 02:02:52 UTC 2018
auto.tcl: Setting watchdog for 200 seconds at Sat Sep 01 02:02:52 UTC 2018
2 ms. Memory: 309248K Free: 294039K (95%)
ptolemy.util.test.WatchDog.cancel(): canceling Sat Sep 01 02:02:52 UTC 2018
------------------ testing $PTII/ptolemy/domains/de/test/auto/VariableDelayZeroDelay2.xml
auto.tcl: Setting watchdog for 200 seconds at Sat Sep 01 02:02:52 UTC 2018
1 ms. Memory: 307712K Free: 290230K (94%)
ptolemy.util.test.WatchDog.cancel(): canceling Sat Sep 01 02:02:52 UTC 2018
auto.tcl: Setting watchdog for 200 seconds at Sat Sep 01 02:02:52 UTC 2018
2 ms. Memory: 307712K Free: 290230K (94%)
ptolemy.util.test.WatchDog.cancel(): canceling Sat Sep 01 02:02:52 UTC 2018
------------------ testing $PTII/ptolemy/domains/de/test/auto/deInCt.xml
auto.tcl: Setting watchdog for 200 seconds at Sat Sep 01 02:02:52 UTC 2018
0
1
1
1
0
0
0
1
1
1
1
0
0
0
0
0
0
1
1
1
0
0
0
1
1
0
0
0
0
1
1
1
1
6 ms. Memory: 309248K Free: 291780K (94%)
ptolemy.util.test.WatchDog.cancel(): canceling Sat Sep 01 02:02:52 UTC 2018
auto.tcl: Setting watchdog for 200 seconds at Sat Sep 01 02:02:52 UTC 2018
0
1
1
1
0
0
0
1
1
1
1
0
0
0
1
1
1
1
1
0
0
0
1
1
1
0
0
0
1
1
1
0
0
0
0
1
1
1
1
1
5 ms. Memory: 309248K Free: 291780K (94%)
ptolemy.util.test.WatchDog.cancel(): canceling Sat Sep 01 02:02:52 UTC 2018
------------------ testing $PTII/ptolemy/domains/de/test/auto/deInCt2.xml
auto.tcl: Setting watchdog for 200 seconds at Sat Sep 01 02:02:52 UTC 2018
0
1
1
1
0
0
1
1
1
0
0
1
1
1
0
0
1
1
1
0
0
1
1
1
0
0
1
1
1
0
0
1
1
1
0
0
1
1
1
0
0
0
10 ms. Memory: 307712K Free: 290235K (94%)
ptolemy.util.test.WatchDog.cancel(): canceling Sat Sep 01 02:02:52 UTC 2018
auto.tcl: Setting watchdog for 200 seconds at Sat Sep 01 02:02:52 UTC 2018
0
1
1
1
0
0
1
1
1
0
0
1
1
1
0
0
1
1
1
0
0
1
1
1
0
0
1
1
1
0
0
1
1
1
0
0
1
1
1
0
0
0
10 ms. Memory: 307712K Free: 290235K (94%)
ptolemy.util.test.WatchDog.cancel(): canceling Sat Sep 01 02:02:52 UTC 2018
------------------ testing $PTII/ptolemy/domains/de/test/auto/dynamicCausalityInterface1.xml
auto.tcl: Setting watchdog for 200 seconds at Sat Sep 01 02:02:53 UTC 2018
2 ms. Memory: 308736K Free: 287988K (93%)
ptolemy.util.test.WatchDog.cancel(): canceling Sat Sep 01 02:02:53 UTC 2018
auto.tcl: Setting watchdog for 200 seconds at Sat Sep 01 02:02:53 UTC 2018
1 ms. Memory: 308736K Free: 284730K (92%)
ptolemy.util.test.WatchDog.cancel(): canceling Sat Sep 01 02:02:53 UTC 2018
------------------ testing $PTII/ptolemy/domains/de/test/auto/fsm_de_test.xml
auto.tcl: Setting watchdog for 200 seconds at Sat Sep 01 02:02:53 UTC 2018
9 ms. Memory: 307712K Free: 286859K (93%)
ptolemy.util.test.WatchDog.cancel(): canceling Sat Sep 01 02:02:53 UTC 2018
auto.tcl: Setting watchdog for 200 seconds at Sat Sep 01 02:02:53 UTC 2018
7 ms. Memory: 307712K Free: 283585K (92%)
ptolemy.util.test.WatchDog.cancel(): canceling Sat Sep 01 02:02:53 UTC 2018
------------------ testing $PTII/ptolemy/domains/de/test/auto/functionDependencyReconstruction.xml
auto.tcl: Setting watchdog for 200 seconds at Sat Sep 01 02:02:53 UTC 2018
3 ms. Memory: 308736K Free: 281359K (91%)
ptolemy.util.test.WatchDog.cancel(): canceling Sat Sep 01 02:02:53 UTC 2018
auto.tcl: Setting watchdog for 200 seconds at Sat Sep 01 02:02:53 UTC 2018
2 ms. Memory: 308736K Free: 278085K (90%)
ptolemy.util.test.WatchDog.cancel(): canceling Sat Sep 01 02:02:53 UTC 2018
------------------ testing $PTII/ptolemy/domains/de/test/auto/multirate.xml
auto.tcl: Setting watchdog for 200 seconds at Sat Sep 01 02:02:53 UTC 2018
4 ms. Memory: 307712K Free: 289975K (94%)
ptolemy.util.test.WatchDog.cancel(): canceling Sat Sep 01 02:02:53 UTC 2018
auto.tcl: Setting watchdog for 200 seconds at Sat Sep 01 02:02:53 UTC 2018
3 ms. Memory: 307712K Free: 286702K (93%)
ptolemy.util.test.WatchDog.cancel(): canceling Sat Sep 01 02:02:53 UTC 2018
------------------ testing $PTII/ptolemy/domains/de/test/auto/multirate2.xml
auto.tcl: Setting watchdog for 200 seconds at Sat Sep 01 02:02:53 UTC 2018
5 ms. Memory: 308736K Free: 293458K (95%)
ptolemy.util.test.WatchDog.cancel(): canceling Sat Sep 01 02:02:53 UTC 2018
auto.tcl: Setting watchdog for 200 seconds at Sat Sep 01 02:02:53 UTC 2018
3 ms. Memory: 308736K Free: 290184K (94%)
ptolemy.util.test.WatchDog.cancel(): canceling Sat Sep 01 02:02:53 UTC 2018
------------------ testing $PTII/ptolemy/domains/de/test/auto/realtime.xml
auto.tcl: Setting watchdog for 200 seconds at Sat Sep 01 02:02:53 UTC 2018
10001 ms. Memory: 307712K Free: 290177K (94%)
ptolemy.util.test.WatchDog.cancel(): canceling Sat Sep 01 02:03:03 UTC 2018
auto.tcl: Setting watchdog for 200 seconds at Sat Sep 01 02:03:03 UTC 2018
10001 ms. Memory: 307712K Free: 290177K (94%)
ptolemy.util.test.WatchDog.cancel(): canceling Sat Sep 01 02:03:13 UTC 2018
------------------ testing $PTII/ptolemy/domains/de/test/auto/relationGroup.xml
auto.tcl: Setting watchdog for 200 seconds at Sat Sep 01 02:03:13 UTC 2018
2 ms. Memory: 308224K Free: 296243K (96%)
ptolemy.util.test.WatchDog.cancel(): canceling Sat Sep 01 02:03:13 UTC 2018
auto.tcl: Setting watchdog for 200 seconds at Sat Sep 01 02:03:13 UTC 2018
1 ms. Memory: 308224K Free: 292986K (95%)
ptolemy.util.test.WatchDog.cancel(): canceling Sat Sep 01 02:03:13 UTC 2018
------------------ testing $PTII/ptolemy/domains/de/test/auto/relationGroup2.xml
auto.tcl: Setting watchdog for 200 seconds at Sat Sep 01 02:03:13 UTC 2018
2 ms. Memory: 307712K Free: 293495K (95%)
ptolemy.util.test.WatchDog.cancel(): canceling Sat Sep 01 02:03:13 UTC 2018
auto.tcl: Setting watchdog for 200 seconds at Sat Sep 01 02:03:13 UTC 2018
1 ms. Memory: 307712K Free: 293495K (95%)
ptolemy.util.test.WatchDog.cancel(): canceling Sat Sep 01 02:03:13 UTC 2018
------------------ testing $PTII/ptolemy/domains/de/test/auto/sortWithOpaquePorts.xml
auto.tcl: Setting watchdog for 200 seconds at Sat Sep 01 02:03:13 UTC 2018
1 ms. Memory: 308224K Free: 290751K (94%)
ptolemy.util.test.WatchDog.cancel(): canceling Sat Sep 01 02:03:13 UTC 2018
auto.tcl: Setting watchdog for 200 seconds at Sat Sep 01 02:03:13 UTC 2018
2 ms. Memory: 308224K Free: 290751K (94%)
ptolemy.util.test.WatchDog.cancel(): canceling Sat Sep 01 02:03:13 UTC 2018
------------------ testing $PTII/ptolemy/domains/de/test/auto/transferInputsandOutputs.xml
auto.tcl: Setting watchdog for 200 seconds at Sat Sep 01 02:03:13 UTC 2018
2 ms. Memory: 307712K Free: 290209K (94%)
ptolemy.util.test.WatchDog.cancel(): canceling Sat Sep 01 02:03:13 UTC 2018
auto.tcl: Setting watchdog for 200 seconds at Sat Sep 01 02:03:13 UTC 2018
2 ms. Memory: 307712K Free: 286952K (93%)
ptolemy.util.test.WatchDog.cancel(): canceling Sat Sep 01 02:03:13 UTC 2018
------------------ testing $PTII/ptolemy/domains/de/test/auto/triggerType.xml
auto.tcl: Setting watchdog for 200 seconds at Sat Sep 01 02:03:13 UTC 2018
1 ms. Memory: 308224K Free: 290672K (94%)
ptolemy.util.test.WatchDog.cancel(): canceling Sat Sep 01 02:03:13 UTC 2018
auto.tcl: Setting watchdog for 200 seconds at Sat Sep 01 02:03:13 UTC 2018
1 ms. Memory: 308224K Free: 290672K (94%)
ptolemy.util.test.WatchDog.cancel(): canceling Sat Sep 01 02:03:13 UTC 2018
09/01/18 02:03:13
Failed: 0  Total Tests: 192  ((Passed: 187, Newly Passed: 1)  Known Failed: 5) /home/travis/build/icyphy/ptII/ptolemy/domains/de/test
09/01/18 02:03:13
Failed: 0  Total Tests: 192  ((Passed: 187, Newly Passed: 1)  Known Failed: 5) /home/travis/build/icyphy/ptII/ptolemy/domains/de/test
----------------- testing (KnownFailure) /home/travis/build/icyphy/ptII/ptolemy/domains/de/test/auto/knownFailedTests/DESDFClockTest.xml
2008 ms. Memory: 307712K Free: 284419K (92%)
Known Failure: java.lang.reflect.InvocationTargetException
----------------- testing (KnownFailure) /home/travis/build/icyphy/ptII/ptolemy/domains/de/test/auto/knownFailedTests/DirectFeedback.xml
1 ms. Memory: 307712K Free: 266306K (87%)
Known Failure: java.lang.reflect.InvocationTargetException
----------------- testing (KnownFailure) /home/travis/build/icyphy/ptII/ptolemy/domains/de/test/auto/knownFailedTests/FSMSource.xml
5 ms. Memory: 307712K Free: 243659K (79%)
----------------- testing (KnownFailure) /home/travis/build/icyphy/ptII/ptolemy/domains/de/test/auto/knownFailedTests/HierarchicalModel.xml
1 ms. Memory: 307712K Free: 220997K (72%)
Known Failure: java.lang.reflect.InvocationTargetException
----------------- testing (KnownFailure) /home/travis/build/icyphy/ptII/ptolemy/domains/de/test/auto/knownFailedTests/dependencyLoop.xml
1 ms. Memory: 307712K Free: 189282K (62%)
Known Failure: java.lang.reflect.InvocationTargetException
----------------- testing (KnownFailure) /home/travis/build/icyphy/ptII/ptolemy/domains/de/test/auto/knownFailedTests/dependencyLoop2.xml
1 ms. Memory: 307712K Free: 157567K (51%)
Known Failure: java.lang.reflect.InvocationTargetException
No auto/linux-amd64/*.xml tests in /home/travis/build/icyphy/ptII/ptolemy/domains/de/test
AutoTests.java: About to close Vertx.
AutoTests.java: Vertx closed.

===========================================================================================
----------------- testing Sat Sep 01 02:03:15 UTC 2018 /home/travis/build/icyphy/ptII/ptolemy/domains/de/test/auto/ActorDepthCalculation_actorWithoutPorts.xml
----------------- Instantiating /home/travis/build/icyphy/ptII/ptolemy/domains/de/test/auto/ActorDepthCalculation_actorWithoutPorts.xml
1 ms. Memory: 307712K Free: 130394K (42%)
----------------- Invoking toplevel() on ptolemy.moml.MoMLSimpleApplication@3cf52678
----------------- Done invoking toplevel() on ptolemy.moml.MoMLSimpleApplication@3cf52678
reloadAllAccessors: .ActorDepthCalculation_actorWithoutPorts

===========================================================================================
----------------- testing Sat Sep 01 02:03:16 UTC 2018 /home/travis/build/icyphy/ptII/ptolemy/domains/de/test/auto/AssemblyLine.xml
----------------- Instantiating /home/travis/build/icyphy/ptII/ptolemy/domains/de/test/auto/AssemblyLine.xml
2 ms. Memory: 307712K Free: 116816K (38%)
----------------- Invoking toplevel() on ptolemy.moml.MoMLSimpleApplication@3ad43b4f
----------------- Done invoking toplevel() on ptolemy.moml.MoMLSimpleApplication@3ad43b4f
reloadAllAccessors: .AssemblyLine

===========================================================================================
----------------- testing Sat Sep 01 02:03:16 UTC 2018 /home/travis/build/icyphy/ptII/ptolemy/domains/de/test/auto/CQBug1.xml
----------------- Instantiating /home/travis/build/icyphy/ptII/ptolemy/domains/de/test/auto/CQBug1.xml
1 ms. Memory: 307712K Free: 107763K (35%)
----------------- Invoking toplevel() on ptolemy.moml.MoMLSimpleApplication@7746685e
----------------- Done invoking toplevel() on ptolemy.moml.MoMLSimpleApplication@7746685e
reloadAllAccessors: .CQBug1

===========================================================================================
----------------- testing Sat Sep 01 02:03:16 UTC 2018 /home/travis/build/icyphy/ptII/ptolemy/domains/de/test/auto/CancelFireAt.xml
----------------- Instantiating /home/travis/build/icyphy/ptII/ptolemy/domains/de/test/auto/CancelFireAt.xml
1 ms. Memory: 307712K Free: 98711K (32%)
----------------- Invoking toplevel() on ptolemy.moml.MoMLSimpleApplication@2ffa38e
----------------- Done invoking toplevel() on ptolemy.moml.MoMLSimpleApplication@2ffa38e
reloadAllAccessors: .CancelFireAt

===========================================================================================
----------------- testing Sat Sep 01 02:03:16 UTC 2018 /home/travis/build/icyphy/ptII/ptolemy/domains/de/test/auto/CausalityAndComposabilityAnalysis.xml
----------------- Instantiating /home/travis/build/icyphy/ptII/ptolemy/domains/de/test/auto/CausalityAndComposabilityAnalysis.xml
1 ms. Memory: 307712K Free: 89659K (29%)
----------------- Invoking toplevel() on ptolemy.moml.MoMLSimpleApplication@2785fa9b
----------------- Done invoking toplevel() on ptolemy.moml.MoMLSimpleApplication@2785fa9b
reloadAllAccessors: .CausalityAndComposabilityAnalysis

===========================================================================================
----------------- testing Sat Sep 01 02:03:16 UTC 2018 /home/travis/build/icyphy/ptII/ptolemy/domains/de/test/auto/CausalityInterface1.xml
----------------- Instantiating /home/travis/build/icyphy/ptII/ptolemy/domains/de/test/auto/CausalityInterface1.xml
3 ms. Memory: 307712K Free: 77349K (25%)
----------------- Invoking toplevel() on ptolemy.moml.MoMLSimpleApplication@1d2ab72f
----------------- Done invoking toplevel() on ptolemy.moml.MoMLSimpleApplication@1d2ab72f
reloadAllAccessors: .CausalityInterface1

===========================================================================================
----------------- testing Sat Sep 01 02:03:16 UTC 2018 /home/travis/build/icyphy/ptII/ptolemy/domains/de/test/auto/CausalityInterface15.xml
----------------- Instantiating /home/travis/build/icyphy/ptII/ptolemy/domains/de/test/auto/CausalityInterface15.xml
1 ms. Memory: 298496K Free: 285046K (95%)
----------------- Invoking toplevel() on ptolemy.moml.MoMLSimpleApplication@4d1c8f0a
----------------- Done invoking toplevel() on ptolemy.moml.MoMLSimpleApplication@4d1c8f0a
reloadAllAccessors: .CausalityInterface15

===========================================================================================
----------------- testing Sat Sep 01 02:03:16 UTC 2018 /home/travis/build/icyphy/ptII/ptolemy/domains/de/test/auto/CausalityInterface2.xml
----------------- Instantiating /home/travis/build/icyphy/ptII/ptolemy/domains/de/test/auto/CausalityInterface2.xml
1 ms. Memory: 298496K Free: 276485K (93%)
----------------- Invoking toplevel() on ptolemy.moml.MoMLSimpleApplication@3329cee9
----------------- Done invoking toplevel() on ptolemy.moml.MoMLSimpleApplication@3329cee9
reloadAllAccessors: .CausalityInterface2

===========================================================================================
----------------- testing Sat Sep 01 02:03:16 UTC 2018 /home/travis/build/icyphy/ptII/ptolemy/domains/de/test/auto/CausalityInterface3.xml
----------------- Instantiating /home/travis/build/icyphy/ptII/ptolemy/domains/de/test/auto/CausalityInterface3.xml
0 ms. Memory: 298496K Free: 267806K (90%)
----------------- Invoking toplevel() on ptolemy.moml.MoMLSimpleApplication@1e07ba85
----------------- Done invoking toplevel() on ptolemy.moml.MoMLSimpleApplication@1e07ba85
reloadAllAccessors: .CausalityInterface3

===========================================================================================
----------------- testing Sat Sep 01 02:03:16 UTC 2018 /home/travis/build/icyphy/ptII/ptolemy/domains/de/test/auto/ClockDrift.xml
----------------- Instantiating /home/travis/build/icyphy/ptII/ptolemy/domains/de/test/auto/ClockDrift.xml
8 ms. Memory: 298496K Free: 252629K (85%)
----------------- Invoking toplevel() on ptolemy.moml.MoMLSimpleApplication@2838282f
----------------- Done invoking toplevel() on ptolemy.moml.MoMLSimpleApplication@2838282f
reloadAllAccessors: .ClockDrift

===========================================================================================
----------------- testing Sat Sep 01 02:03:16 UTC 2018 /home/travis/build/icyphy/ptII/ptolemy/domains/de/test/auto/ClockDriftAndValueChange.xml
----------------- Instantiating /home/travis/build/icyphy/ptII/ptolemy/domains/de/test/auto/ClockDriftAndValueChange.xml
7 ms. Memory: 298496K Free: 237444K (80%)
----------------- Invoking toplevel() on ptolemy.moml.MoMLSimpleApplication@4f491f07
----------------- Done invoking toplevel() on ptolemy.moml.MoMLSimpleApplication@4f491f07
reloadAllAccessors: .ClockDriftAndValueChange

===========================================================================================
----------------- testing Sat Sep 01 02:03:16 UTC 2018 /home/travis/build/icyphy/ptII/ptolemy/domains/de/test/auto/ClockDriftChange.xml
----------------- Instantiating /home/travis/build/icyphy/ptII/ptolemy/domains/de/test/auto/ClockDriftChange.xml
7 ms. Memory: 298496K Free: 222369K (74%)
----------------- Invoking toplevel() on ptolemy.moml.MoMLSimpleApplication@aaca0e6
----------------- Done invoking toplevel() on ptolemy.moml.MoMLSimpleApplication@aaca0e6
reloadAllAccessors: .ClockDriftChange

===========================================================================================
----------------- testing Sat Sep 01 02:03:16 UTC 2018 /home/travis/build/icyphy/ptII/ptolemy/domains/de/test/auto/ComposableCausalityAnalysis.xml
----------------- Instantiating /home/travis/build/icyphy/ptII/ptolemy/domains/de/test/auto/ComposableCausalityAnalysis.xml
1 ms. Memory: 298496K Free: 213690K (72%)
----------------- Invoking toplevel() on ptolemy.moml.MoMLSimpleApplication@4b679d63
----------------- Done invoking toplevel() on ptolemy.moml.MoMLSimpleApplication@4b679d63
reloadAllAccessors: .ComposableCausalityAnalysis

===========================================================================================
----------------- testing Sat Sep 01 02:03:16 UTC 2018 /home/travis/build/icyphy/ptII/ptolemy/domains/de/test/auto/DEFixedPointLimitation.xml
----------------- Instantiating /home/travis/build/icyphy/ptII/ptolemy/domains/de/test/auto/DEFixedPointLimitation.xml
1 ms. Memory: 298496K Free: 207185K (69%)
----------------- Invoking toplevel() on ptolemy.moml.MoMLSimpleApplication@33961fe6
----------------- Done invoking toplevel() on ptolemy.moml.MoMLSimpleApplication@33961fe6
reloadAllAccessors: .DEFixedPointLimitation

===========================================================================================
----------------- testing Sat Sep 01 02:03:16 UTC 2018 /home/travis/build/icyphy/ptII/ptolemy/domains/de/test/auto/DEScheduleTest.xml
----------------- Instantiating /home/travis/build/icyphy/ptII/ptolemy/domains/de/test/auto/DEScheduleTest.xml
1 ms. Memory: 298496K Free: 200671K (67%)
----------------- Invoking toplevel() on ptolemy.moml.MoMLSimpleApplication@1df8ad17
----------------- Done invoking toplevel() on ptolemy.moml.MoMLSimpleApplication@1df8ad17
reloadAllAccessors: .DEScheduleTest

===========================================================================================
----------------- testing Sat Sep 01 02:03:16 UTC 2018 /home/travis/build/icyphy/ptII/ptolemy/domains/de/test/auto/DEinDEwithStartTimes.xml
----------------- Instantiating /home/travis/build/icyphy/ptII/ptolemy/domains/de/test/auto/DEinDEwithStartTimes.xml
1 ms. Memory: 298496K Free: 191976K (64%)
----------------- Invoking toplevel() on ptolemy.moml.MoMLSimpleApplication@3ac77511
----------------- Done invoking toplevel() on ptolemy.moml.MoMLSimpleApplication@3ac77511
reloadAllAccessors: .DEinDEwithStartTimes

===========================================================================================
----------------- testing Sat Sep 01 02:03:16 UTC 2018 /home/travis/build/icyphy/ptII/ptolemy/domains/de/test/auto/DEinDEwithStartTimes2.xml
----------------- Instantiating /home/travis/build/icyphy/ptII/ptolemy/domains/de/test/auto/DEinDEwithStartTimes2.xml
1 ms. Memory: 298496K Free: 181265K (61%)
----------------- Invoking toplevel() on ptolemy.moml.MoMLSimpleApplication@7d1c4a5a
----------------- Done invoking toplevel() on ptolemy.moml.MoMLSimpleApplication@7d1c4a5a
reloadAllAccessors: .DEinDEwithStartTimes2

===========================================================================================
----------------- testing Sat Sep 01 02:03:16 UTC 2018 /home/travis/build/icyphy/ptII/ptolemy/domains/de/test/auto/DateDemo.xml
----------------- Instantiating /home/travis/build/icyphy/ptII/ptolemy/domains/de/test/auto/DateDemo.xml
3 ms. Memory: 298496K Free: 168232K (56%)
----------------- Invoking toplevel() on ptolemy.moml.MoMLSimpleApplication@3fca7ac8
----------------- Done invoking toplevel() on ptolemy.moml.MoMLSimpleApplication@3fca7ac8
reloadAllAccessors: .DateDemo

===========================================================================================
----------------- testing Sat Sep 01 02:03:16 UTC 2018 /home/travis/build/icyphy/ptII/ptolemy/domains/de/test/auto/DateToEvent.xml
----------------- Instantiating /home/travis/build/icyphy/ptII/ptolemy/domains/de/test/auto/DateToEvent.xml
2004 ms. Memory: 298496K Free: 148700K (50%)
----------------- Invoking toplevel() on ptolemy.moml.MoMLSimpleApplication@3cddab8
----------------- Done invoking toplevel() on ptolemy.moml.MoMLSimpleApplication@3cddab8
reloadAllAccessors: .DateToEvent

===========================================================================================
----------------- testing Sat Sep 01 02:03:18 UTC 2018 /home/travis/build/icyphy/ptII/ptolemy/domains/de/test/auto/DepthTest1.xml
----------------- Instantiating /home/travis/build/icyphy/ptII/ptolemy/domains/de/test/auto/DepthTest1.xml
1 ms. Memory: 298496K Free: 142187K (48%)
----------------- Invoking toplevel() on ptolemy.moml.MoMLSimpleApplication@1ce121f0
----------------- Done invoking toplevel() on ptolemy.moml.MoMLSimpleApplication@1ce121f0
reloadAllAccessors: .DepthTest1

===========================================================================================
----------------- testing Sat Sep 01 02:03:18 UTC 2018 /home/travis/build/icyphy/ptII/ptolemy/domains/de/test/auto/DepthTest2.xml
----------------- Instantiating /home/travis/build/icyphy/ptII/ptolemy/domains/de/test/auto/DepthTest2.xml
2 ms. Memory: 298496K Free: 131468K (44%)
----------------- Invoking toplevel() on ptolemy.moml.MoMLSimpleApplication@73290e62
----------------- Done invoking toplevel() on ptolemy.moml.MoMLSimpleApplication@73290e62
reloadAllAccessors: .DepthTest2

===========================================================================================
----------------- testing Sat Sep 01 02:03:18 UTC 2018 /home/travis/build/icyphy/ptII/ptolemy/domains/de/test/auto/DepthTest3.xml
----------------- Instantiating /home/travis/build/icyphy/ptII/ptolemy/domains/de/test/auto/DepthTest3.xml
1 ms. Memory: 298496K Free: 124962K (42%)
----------------- Invoking toplevel() on ptolemy.moml.MoMLSimpleApplication@2a6f0d1d
----------------- Done invoking toplevel() on ptolemy.moml.MoMLSimpleApplication@2a6f0d1d
reloadAllAccessors: .DepthTest3

===========================================================================================
----------------- testing Sat Sep 01 02:03:18 UTC 2018 /home/travis/build/icyphy/ptII/ptolemy/domains/de/test/auto/DepthTest4.xml
----------------- Instantiating /home/travis/build/icyphy/ptII/ptolemy/domains/de/test/auto/DepthTest4.xml
2 ms. Memory: 298496K Free: 116267K (39%)
----------------- Invoking toplevel() on ptolemy.moml.MoMLSimpleApplication@678aa639
----------------- Done invoking toplevel() on ptolemy.moml.MoMLSimpleApplication@678aa639
reloadAllAccessors: .DepthTest4

===========================================================================================
----------------- testing Sat Sep 01 02:03:18 UTC 2018 /home/travis/build/icyphy/ptII/ptolemy/domains/de/test/auto/DepthTest5.xml
----------------- Instantiating /home/travis/build/icyphy/ptII/ptolemy/domains/de/test/auto/DepthTest5.xml
1 ms. Memory: 298496K Free: 107588K (36%)
----------------- Invoking toplevel() on ptolemy.moml.MoMLSimpleApplication@78192767
----------------- Done invoking toplevel() on ptolemy.moml.MoMLSimpleApplication@78192767
reloadAllAccessors: .DepthTest5

===========================================================================================
----------------- testing Sat Sep 01 02:03:18 UTC 2018 /home/travis/build/icyphy/ptII/ptolemy/domains/de/test/auto/DepthTest6.xml
----------------- Instantiating /home/travis/build/icyphy/ptII/ptolemy/domains/de/test/auto/DepthTest6.xml
1 ms. Memory: 298496K Free: 96853K (32%)
----------------- Invoking toplevel() on ptolemy.moml.MoMLSimpleApplication@10ea013a
----------------- Done invoking toplevel() on ptolemy.moml.MoMLSimpleApplication@10ea013a
reloadAllAccessors: .DepthTest6

===========================================================================================
----------------- testing Sat Sep 01 02:03:18 UTC 2018 /home/travis/build/icyphy/ptII/ptolemy/domains/de/test/auto/DepthTest7.xml
----------------- Instantiating /home/travis/build/icyphy/ptII/ptolemy/domains/de/test/auto/DepthTest7.xml
2 ms. Memory: 298496K Free: 88157K (30%)
----------------- Invoking toplevel() on ptolemy.moml.MoMLSimpleApplication@2cd7c378
----------------- Done invoking toplevel() on ptolemy.moml.MoMLSimpleApplication@2cd7c378
reloadAllAccessors: .DepthTest7

===========================================================================================
----------------- testing Sat Sep 01 02:03:18 UTC 2018 /home/travis/build/icyphy/ptII/ptolemy/domains/de/test/auto/EventToDate.xml
----------------- Instantiating /home/travis/build/icyphy/ptII/ptolemy/domains/de/test/auto/EventToDate.xml
3003 ms. Memory: 289280K Free: 278574K (96%)
----------------- Invoking toplevel() on ptolemy.moml.MoMLSimpleApplication@15a7fc6b
----------------- Done invoking toplevel() on ptolemy.moml.MoMLSimpleApplication@15a7fc6b
reloadAllAccessors: .EventToDate

===========================================================================================
----------------- testing Sat Sep 01 02:03:21 UTC 2018 /home/travis/build/icyphy/ptII/ptolemy/domains/de/test/auto/FSM1.xml
----------------- Instantiating /home/travis/build/icyphy/ptII/ptolemy/domains/de/test/auto/FSM1.xml
7 ms. Memory: 289280K Free: 262708K (91%)
----------------- Invoking toplevel() on ptolemy.moml.MoMLSimpleApplication@280ce560
----------------- Done invoking toplevel() on ptolemy.moml.MoMLSimpleApplication@280ce560
reloadAllAccessors: .FSM1

===========================================================================================
----------------- testing Sat Sep 01 02:03:21 UTC 2018 /home/travis/build/icyphy/ptII/ptolemy/domains/de/test/auto/FSM7.xml
----------------- Instantiating /home/travis/build/icyphy/ptII/ptolemy/domains/de/test/auto/FSM7.xml
8 ms. Memory: 289280K Free: 248160K (86%)
----------------- Invoking toplevel() on ptolemy.moml.MoMLSimpleApplication@17aea13a
----------------- Done invoking toplevel() on ptolemy.moml.MoMLSimpleApplication@17aea13a
reloadAllAccessors: .FSM7

===========================================================================================
----------------- testing Sat Sep 01 02:03:21 UTC 2018 /home/travis/build/icyphy/ptII/ptolemy/domains/de/test/auto/Inspection.xml
----------------- Instantiating /home/travis/build/icyphy/ptII/ptolemy/domains/de/test/auto/Inspection.xml
9 ms. Memory: 289280K Free: 232270K (80%)
----------------- Invoking toplevel() on ptolemy.moml.MoMLSimpleApplication@79516224
----------------- Done invoking toplevel() on ptolemy.moml.MoMLSimpleApplication@79516224
reloadAllAccessors: .Inspection

===========================================================================================
----------------- testing Sat Sep 01 02:03:21 UTC 2018 /home/travis/build/icyphy/ptII/ptolemy/domains/de/test/auto/Iteration.xml
----------------- Instantiating /home/travis/build/icyphy/ptII/ptolemy/domains/de/test/auto/Iteration.xml
6 ms. Memory: 289280K Free: 223959K (77%)
----------------- Invoking toplevel() on ptolemy.moml.MoMLSimpleApplication@67665412
----------------- Done invoking toplevel() on ptolemy.moml.MoMLSimpleApplication@67665412
reloadAllAccessors: .Iteration

===========================================================================================
----------------- testing Sat Sep 01 02:03:21 UTC 2018 /home/travis/build/icyphy/ptII/ptolemy/domains/de/test/auto/LineFault.xml
----------------- Instantiating /home/travis/build/icyphy/ptII/ptolemy/domains/de/test/auto/LineFault.xml
320 ms. Memory: 289280K Free: 103431K (36%)
----------------- Invoking toplevel() on ptolemy.moml.MoMLSimpleApplication@75721896
----------------- Done invoking toplevel() on ptolemy.moml.MoMLSimpleApplication@75721896
reloadAllAccessors: .LineFault

===========================================================================================
----------------- testing Sat Sep 01 02:03:21 UTC 2018 /home/travis/build/icyphy/ptII/ptolemy/domains/de/test/auto/MergeModel1Add.xml
----------------- Instantiating /home/travis/build/icyphy/ptII/ptolemy/domains/de/test/auto/MergeModel1Add.xml
5 ms. Memory: 289280K Free: 81319K (28%)
----------------- Invoking toplevel() on ptolemy.moml.MoMLSimpleApplication@4f1b3dfb
----------------- Done invoking toplevel() on ptolemy.moml.MoMLSimpleApplication@4f1b3dfb
reloadAllAccessors: .MergeModel1Add

===========================================================================================
----------------- testing Sat Sep 01 02:03:21 UTC 2018 /home/travis/build/icyphy/ptII/ptolemy/domains/de/test/auto/MergeModel2Add.xml
----------------- Instantiating /home/travis/build/icyphy/ptII/ptolemy/domains/de/test/auto/MergeModel2Add.xml
9 ms. Memory: 280576K Free: 259916K (93%)
----------------- Invoking toplevel() on ptolemy.moml.MoMLSimpleApplication@3a5eec4
----------------- Done invoking toplevel() on ptolemy.moml.MoMLSimpleApplication@3a5eec4
reloadAllAccessors: .MergeModel2Add

===========================================================================================
----------------- testing Sat Sep 01 02:03:21 UTC 2018 /home/travis/build/icyphy/ptII/ptolemy/domains/de/test/auto/MergeModel3Add.xml
----------------- Instantiating /home/travis/build/icyphy/ptII/ptolemy/domains/de/test/auto/MergeModel3Add.xml
4 ms. Memory: 280576K Free: 239114K (85%)
----------------- Invoking toplevel() on ptolemy.moml.MoMLSimpleApplication@6cff2a63
----------------- Done invoking toplevel() on ptolemy.moml.MoMLSimpleApplication@6cff2a63
reloadAllAccessors: .MergeModel3Add

===========================================================================================
----------------- testing Sat Sep 01 02:03:22 UTC 2018 /home/travis/build/icyphy/ptII/ptolemy/domains/de/test/auto/MergeWithoutDiscard.xml
----------------- Instantiating /home/travis/build/icyphy/ptII/ptolemy/domains/de/test/auto/MergeWithoutDiscard.xml
1 ms. Memory: 280576K Free: 232282K (83%)
----------------- Invoking toplevel() on ptolemy.moml.MoMLSimpleApplication@475bb6d2
----------------- Done invoking toplevel() on ptolemy.moml.MoMLSimpleApplication@475bb6d2
reloadAllAccessors: .MergeWithoutDiscard

===========================================================================================
----------------- testing Sat Sep 01 02:03:22 UTC 2018 /home/travis/build/icyphy/ptII/ptolemy/domains/de/test/auto/Modal1.xml
----------------- Instantiating /home/travis/build/icyphy/ptII/ptolemy/domains/de/test/auto/Modal1.xml
9 ms. Memory: 280576K Free: 218336K (78%)
----------------- Invoking toplevel() on ptolemy.moml.MoMLSimpleApplication@b876b22
----------------- Done invoking toplevel() on ptolemy.moml.MoMLSimpleApplication@b876b22
reloadAllAccessors: .Modal1

===========================================================================================
----------------- testing Sat Sep 01 02:03:22 UTC 2018 /home/travis/build/icyphy/ptII/ptolemy/domains/de/test/auto/Modal2.xml
----------------- Instantiating /home/travis/build/icyphy/ptII/ptolemy/domains/de/test/auto/Modal2.xml
6 ms. Memory: 280576K Free: 203557K (73%)
----------------- Invoking toplevel() on ptolemy.moml.MoMLSimpleApplication@7989b3ca
----------------- Done invoking toplevel() on ptolemy.moml.MoMLSimpleApplication@7989b3ca
reloadAllAccessors: .Modal2

===========================================================================================
----------------- testing Sat Sep 01 02:03:22 UTC 2018 /home/travis/build/icyphy/ptII/ptolemy/domains/de/test/auto/Modal3.xml
----------------- Instantiating /home/travis/build/icyphy/ptII/ptolemy/domains/de/test/auto/Modal3.xml
9 ms. Memory: 280576K Free: 187632K (67%)
----------------- Invoking toplevel() on ptolemy.moml.MoMLSimpleApplication@63fbd0cd
----------------- Done invoking toplevel() on ptolemy.moml.MoMLSimpleApplication@63fbd0cd
reloadAllAccessors: .Modal3

===========================================================================================
----------------- testing Sat Sep 01 02:03:22 UTC 2018 /home/travis/build/icyphy/ptII/ptolemy/domains/de/test/auto/Modal4.xml
----------------- Instantiating /home/travis/build/icyphy/ptII/ptolemy/domains/de/test/auto/Modal4.xml
11 ms. Memory: 280576K Free: 170842K (61%)
----------------- Invoking toplevel() on ptolemy.moml.MoMLSimpleApplication@1f6f9765
----------------- Done invoking toplevel() on ptolemy.moml.MoMLSimpleApplication@1f6f9765
reloadAllAccessors: .Modal4

===========================================================================================
----------------- testing Sat Sep 01 02:03:22 UTC 2018 /home/travis/build/icyphy/ptII/ptolemy/domains/de/test/auto/Modal5.xml
----------------- Instantiating /home/travis/build/icyphy/ptII/ptolemy/domains/de/test/auto/Modal5.xml
8 ms. Memory: 280576K Free: 154909K (55%)
----------------- Invoking toplevel() on ptolemy.moml.MoMLSimpleApplication@421c7b2b
----------------- Done invoking toplevel() on ptolemy.moml.MoMLSimpleApplication@421c7b2b
reloadAllAccessors: .Modal5

===========================================================================================
----------------- testing Sat Sep 01 02:03:22 UTC 2018 /home/travis/build/icyphy/ptII/ptolemy/domains/de/test/auto/Modal6.xml
----------------- Instantiating /home/travis/build/icyphy/ptII/ptolemy/domains/de/test/auto/Modal6.xml
9 ms. Memory: 280576K Free: 140107K (50%)
----------------- Invoking toplevel() on ptolemy.moml.MoMLSimpleApplication@23eb2169
----------------- Done invoking toplevel() on ptolemy.moml.MoMLSimpleApplication@23eb2169
reloadAllAccessors: .Modal6

===========================================================================================
----------------- testing Sat Sep 01 02:03:22 UTC 2018 /home/travis/build/icyphy/ptII/ptolemy/domains/de/test/auto/Modal7.xml
----------------- Instantiating /home/travis/build/icyphy/ptII/ptolemy/domains/de/test/auto/Modal7.xml
8 ms. Memory: 280576K Free: 123310K (44%)
----------------- Invoking toplevel() on ptolemy.moml.MoMLSimpleApplication@7f4414b
----------------- Done invoking toplevel() on ptolemy.moml.MoMLSimpleApplication@7f4414b
reloadAllAccessors: .Modal7

===========================================================================================
----------------- testing Sat Sep 01 02:03:22 UTC 2018 /home/travis/build/icyphy/ptII/ptolemy/domains/de/test/auto/ModalModel.xml
----------------- Instantiating /home/travis/build/icyphy/ptII/ptolemy/domains/de/test/auto/ModalModel.xml
124 ms. Memory: 339968K Free: 307239K (90%)
----------------- Invoking toplevel() on ptolemy.moml.MoMLSimpleApplication@40d5b34d
----------------- Done invoking toplevel() on ptolemy.moml.MoMLSimpleApplication@40d5b34d
reloadAllAccessors: .ModalModel

===========================================================================================
----------------- testing Sat Sep 01 02:03:22 UTC 2018 /home/travis/build/icyphy/ptII/ptolemy/domains/de/test/auto/ModalSource.xml
----------------- Instantiating /home/travis/build/icyphy/ptII/ptolemy/domains/de/test/auto/ModalSource.xml
4 ms. Memory: 339968K Free: 294553K (87%)
----------------- Invoking toplevel() on ptolemy.moml.MoMLSimpleApplication@122cbb7f
----------------- Done invoking toplevel() on ptolemy.moml.MoMLSimpleApplication@122cbb7f
reloadAllAccessors: .ModalSource

===========================================================================================
----------------- testing Sat Sep 01 02:03:22 UTC 2018 /home/travis/build/icyphy/ptII/ptolemy/domains/de/test/auto/NonInterruptibleTimerZeroDelay.xml
----------------- Instantiating /home/travis/build/icyphy/ptII/ptolemy/domains/de/test/auto/NonInterruptibleTimerZeroDelay.xml
2 ms. Memory: 339968K Free: 288609K (85%)
----------------- Invoking toplevel() on ptolemy.moml.MoMLSimpleApplication@1f40016b
----------------- Done invoking toplevel() on ptolemy.moml.MoMLSimpleApplication@1f40016b
reloadAllAccessors: .NonInterruptibleTimerZeroDelay

===========================================================================================
----------------- testing Sat Sep 01 02:03:22 UTC 2018 /home/travis/build/icyphy/ptII/ptolemy/domains/de/test/auto/OpenQueueingNetwork.xml
----------------- Instantiating /home/travis/build/icyphy/ptII/ptolemy/domains/de/test/auto/OpenQueueingNetwork.xml
2104 ms. Memory: 402432K Free: 323702K (80%)
----------------- Invoking toplevel() on ptolemy.moml.MoMLSimpleApplication@6c9f1a77
----------------- Done invoking toplevel() on ptolemy.moml.MoMLSimpleApplication@6c9f1a77
reloadAllAccessors: .OpenQueueingNetwork

===========================================================================================
----------------- testing Sat Sep 01 02:03:24 UTC 2018 /home/travis/build/icyphy/ptII/ptolemy/domains/de/test/auto/OpenQueuingNetwork.xml
----------------- Instantiating /home/travis/build/icyphy/ptII/ptolemy/domains/de/test/auto/OpenQueuingNetwork.xml
218 ms. Memory: 402432K Free: 231576K (58%)
----------------- Invoking toplevel() on ptolemy.moml.MoMLSimpleApplication@535358a8
----------------- Done invoking toplevel() on ptolemy.moml.MoMLSimpleApplication@535358a8
reloadAllAccessors: .OpenQueuingNetwork

===========================================================================================
----------------- testing Sat Sep 01 02:03:24 UTC 2018 /home/travis/build/icyphy/ptII/ptolemy/domains/de/test/auto/PeriodicSampler.xml
----------------- Instantiating /home/travis/build/icyphy/ptII/ptolemy/domains/de/test/auto/PeriodicSampler.xml
1 ms. Memory: 402432K Free: 224522K (56%)
----------------- Invoking toplevel() on ptolemy.moml.MoMLSimpleApplication@2c82b971
----------------- Done invoking toplevel() on ptolemy.moml.MoMLSimpleApplication@2c82b971
reloadAllAccessors: .PeriodicSampler

===========================================================================================
----------------- testing Sat Sep 01 02:03:24 UTC 2018 /home/travis/build/icyphy/ptII/ptolemy/domains/de/test/auto/PersistentIO.xml
----------------- Instantiating /home/travis/build/icyphy/ptII/ptolemy/domains/de/test/auto/PersistentIO.xml
3 ms. Memory: 402432K Free: 211045K (52%)
----------------- Invoking toplevel() on ptolemy.moml.MoMLSimpleApplication@73fc0ba3
----------------- Done invoking toplevel() on ptolemy.moml.MoMLSimpleApplication@73fc0ba3
reloadAllAccessors: .PersistentIO

===========================================================================================
----------------- testing Sat Sep 01 02:03:24 UTC 2018 /home/travis/build/icyphy/ptII/ptolemy/domains/de/test/auto/PortParameterResetOnInitialize.xml
----------------- Instantiating /home/travis/build/icyphy/ptII/ptolemy/domains/de/test/auto/PortParameterResetOnInitialize.xml
1 ms. Memory: 402432K Free: 203992K (51%)
----------------- Invoking toplevel() on ptolemy.moml.MoMLSimpleApplication@2dd3decd
----------------- Done invoking toplevel() on ptolemy.moml.MoMLSimpleApplication@2dd3decd
reloadAllAccessors: .PortParameterResetOnInitialize

===========================================================================================
----------------- testing Sat Sep 01 02:03:24 UTC 2018 /home/travis/build/icyphy/ptII/ptolemy/domains/de/test/auto/PortParameterUpdates.xml
----------------- Instantiating /home/travis/build/icyphy/ptII/ptolemy/domains/de/test/auto/PortParameterUpdates.xml
3 ms. Memory: 402432K Free: 194345K (48%)
----------------- Invoking toplevel() on ptolemy.moml.MoMLSimpleApplication@3933200
----------------- Done invoking toplevel() on ptolemy.moml.MoMLSimpleApplication@3933200
reloadAllAccessors: .PortParameterUpdates

===========================================================================================
----------------- testing Sat Sep 01 02:03:24 UTC 2018 /home/travis/build/icyphy/ptII/ptolemy/domains/de/test/auto/QueueAndServer.xml
----------------- Instantiating /home/travis/build/icyphy/ptII/ptolemy/domains/de/test/auto/QueueAndServer.xml
4 ms. Memory: 402432K Free: 184081K (46%)
----------------- Invoking toplevel() on ptolemy.moml.MoMLSimpleApplication@6504c745
----------------- Done invoking toplevel() on ptolemy.moml.MoMLSimpleApplication@6504c745
reloadAllAccessors: .QueueAndServer

===========================================================================================
----------------- testing Sat Sep 01 02:03:24 UTC 2018 /home/travis/build/icyphy/ptII/ptolemy/domains/de/test/auto/Records.xml
----------------- Instantiating /home/travis/build/icyphy/ptII/ptolemy/domains/de/test/auto/Records.xml
3 ms. Memory: 402432K Free: 173809K (43%)
----------------- Invoking toplevel() on ptolemy.moml.MoMLSimpleApplication@7fecce7c
----------------- Done invoking toplevel() on ptolemy.moml.MoMLSimpleApplication@7fecce7c
reloadAllAccessors: .Records

===========================================================================================
----------------- testing Sat Sep 01 02:03:24 UTC 2018 /home/travis/build/icyphy/ptII/ptolemy/domains/de/test/auto/ResetTransitionWithStartTime1.xml
----------------- Instantiating /home/travis/build/icyphy/ptII/ptolemy/domains/de/test/auto/ResetTransitionWithStartTime1.xml
4 ms. Memory: 402432K Free: 163536K (41%)
----------------- Invoking toplevel() on ptolemy.moml.MoMLSimpleApplication@19321fcc
----------------- Done invoking toplevel() on ptolemy.moml.MoMLSimpleApplication@19321fcc
reloadAllAccessors: .ResetTransitionWithStartTime1

===========================================================================================
----------------- testing Sat Sep 01 02:03:25 UTC 2018 /home/travis/build/icyphy/ptII/ptolemy/domains/de/test/auto/ResetTransitionWithStartTime2.xml
----------------- Instantiating /home/travis/build/icyphy/ptII/ptolemy/domains/de/test/auto/ResetTransitionWithStartTime2.xml
4 ms. Memory: 402432K Free: 153273K (38%)
----------------- Invoking toplevel() on ptolemy.moml.MoMLSimpleApplication@b26c9e3
----------------- Done invoking toplevel() on ptolemy.moml.MoMLSimpleApplication@b26c9e3
reloadAllAccessors: .ResetTransitionWithStartTime2

===========================================================================================
----------------- testing Sat Sep 01 02:03:25 UTC 2018 /home/travis/build/icyphy/ptII/ptolemy/domains/de/test/auto/ResetTransitionWithStartTime3.xml
----------------- Instantiating /home/travis/build/icyphy/ptII/ptolemy/domains/de/test/auto/ResetTransitionWithStartTime3.xml
3 ms. Memory: 402432K Free: 143008K (36%)
----------------- Invoking toplevel() on ptolemy.moml.MoMLSimpleApplication@3ea4a676
----------------- Done invoking toplevel() on ptolemy.moml.MoMLSimpleApplication@3ea4a676
reloadAllAccessors: .ResetTransitionWithStartTime3

===========================================================================================
----------------- testing Sat Sep 01 02:03:25 UTC 2018 /home/travis/build/icyphy/ptII/ptolemy/domains/de/test/auto/ResetTransitionWithStartTime4.xml
----------------- Instantiating /home/travis/build/icyphy/ptII/ptolemy/domains/de/test/auto/ResetTransitionWithStartTime4.xml
5 ms. Memory: 402432K Free: 130151K (32%)
----------------- Invoking toplevel() on ptolemy.moml.MoMLSimpleApplication@2a913f58
----------------- Done invoking toplevel() on ptolemy.moml.MoMLSimpleApplication@2a913f58
reloadAllAccessors: .ResetTransitionWithStartTime4

===========================================================================================
----------------- testing Sat Sep 01 02:03:25 UTC 2018 /home/travis/build/icyphy/ptII/ptolemy/domains/de/test/auto/ResettableTimer1.xml
----------------- Instantiating /home/travis/build/icyphy/ptII/ptolemy/domains/de/test/auto/ResettableTimer1.xml
2 ms. Memory: 402432K Free: 123097K (31%)
----------------- Invoking toplevel() on ptolemy.moml.MoMLSimpleApplication@72f50040
----------------- Done invoking toplevel() on ptolemy.moml.MoMLSimpleApplication@72f50040
reloadAllAccessors: .ResettableTimer1

===========================================================================================
----------------- testing Sat Sep 01 02:03:25 UTC 2018 /home/travis/build/icyphy/ptII/ptolemy/domains/de/test/auto/ResettableTimer2.xml
----------------- Instantiating /home/travis/build/icyphy/ptII/ptolemy/domains/de/test/auto/ResettableTimer2.xml
1 ms. Memory: 402432K Free: 116043K (29%)
----------------- Invoking toplevel() on ptolemy.moml.MoMLSimpleApplication@328a2b68
----------------- Done invoking toplevel() on ptolemy.moml.MoMLSimpleApplication@328a2b68
reloadAllAccessors: .ResettableTimer2

===========================================================================================
----------------- testing Sat Sep 01 02:03:25 UTC 2018 /home/travis/build/icyphy/ptII/ptolemy/domains/de/test/auto/ResettableTimer3.xml
----------------- Instantiating /home/travis/build/icyphy/ptII/ptolemy/domains/de/test/auto/ResettableTimer3.xml
2 ms. Memory: 402432K Free: 108989K (27%)
----------------- Invoking toplevel() on ptolemy.moml.MoMLSimpleApplication@26a8bf7c
----------------- Done invoking toplevel() on ptolemy.moml.MoMLSimpleApplication@26a8bf7c
reloadAllAccessors: .ResettableTimer3

===========================================================================================
----------------- testing Sat Sep 01 02:03:25 UTC 2018 /home/travis/build/icyphy/ptII/ptolemy/domains/de/test/auto/ResettableTimer4.xml
----------------- Instantiating /home/travis/build/icyphy/ptII/ptolemy/domains/de/test/auto/ResettableTimer4.xml
1 ms. Memory: 402432K Free: 98709K (25%)
----------------- Invoking toplevel() on ptolemy.moml.MoMLSimpleApplication@5cb3b14d
----------------- Done invoking toplevel() on ptolemy.moml.MoMLSimpleApplication@5cb3b14d
reloadAllAccessors: .ResettableTimer4

===========================================================================================
----------------- testing Sat Sep 01 02:03:25 UTC 2018 /home/travis/build/icyphy/ptII/ptolemy/domains/de/test/auto/ResettableTimer5.xml
----------------- Instantiating /home/travis/build/icyphy/ptII/ptolemy/domains/de/test/auto/ResettableTimer5.xml
2 ms. Memory: 402432K Free: 89063K (22%)
----------------- Invoking toplevel() on ptolemy.moml.MoMLSimpleApplication@14699f70
----------------- Done invoking toplevel() on ptolemy.moml.MoMLSimpleApplication@14699f70
reloadAllAccessors: .ResettableTimer5

===========================================================================================
----------------- testing Sat Sep 01 02:03:25 UTC 2018 /home/travis/build/icyphy/ptII/ptolemy/domains/de/test/auto/ResettableTimer6.xml
----------------- Instantiating /home/travis/build/icyphy/ptII/ptolemy/domains/de/test/auto/ResettableTimer6.xml
4 ms. Memory: 402432K Free: 78782K (20%)
----------------- Invoking toplevel() on ptolemy.moml.MoMLSimpleApplication@620b8dfc
----------------- Done invoking toplevel() on ptolemy.moml.MoMLSimpleApplication@620b8dfc
reloadAllAccessors: .ResettableTimer6

===========================================================================================
----------------- testing Sat Sep 01 02:03:25 UTC 2018 /home/travis/build/icyphy/ptII/ptolemy/domains/de/test/auto/ServerZeroDelay.xml
----------------- Instantiating /home/travis/build/icyphy/ptII/ptolemy/domains/de/test/auto/ServerZeroDelay.xml
1 ms. Memory: 402432K Free: 71728K (18%)
----------------- Invoking toplevel() on ptolemy.moml.MoMLSimpleApplication@6d30cd18
----------------- Done invoking toplevel() on ptolemy.moml.MoMLSimpleApplication@6d30cd18
reloadAllAccessors: .ServerZeroDelay

===========================================================================================
----------------- testing Sat Sep 01 02:03:25 UTC 2018 /home/travis/build/icyphy/ptII/ptolemy/domains/de/test/auto/SmartSender.xml
----------------- Instantiating /home/travis/build/icyphy/ptII/ptolemy/domains/de/test/auto/SmartSender.xml
3001 ms. Memory: 390144K Free: 373497K (96%)
----------------- Invoking toplevel() on ptolemy.moml.MoMLSimpleApplication@1d9fadf7
----------------- Done invoking toplevel() on ptolemy.moml.MoMLSimpleApplication@1d9fadf7
reloadAllAccessors: .SmartSender

===========================================================================================
----------------- testing Sat Sep 01 02:03:28 UTC 2018 /home/travis/build/icyphy/ptII/ptolemy/domains/de/test/auto/ThreadedComposite.xml
----------------- Instantiating /home/travis/build/icyphy/ptII/ptolemy/domains/de/test/auto/ThreadedComposite.xml
111 ms. Memory: 390144K Free: 345979K (89%)
----------------- Invoking toplevel() on ptolemy.moml.MoMLSimpleApplication@13a682b2
----------------- Done invoking toplevel() on ptolemy.moml.MoMLSimpleApplication@13a682b2
reloadAllAccessors: .ThreadedComposite

===========================================================================================
----------------- testing Sat Sep 01 02:03:28 UTC 2018 /home/travis/build/icyphy/ptII/ptolemy/domains/de/test/auto/Time.xml
----------------- Instantiating /home/travis/build/icyphy/ptII/ptolemy/domains/de/test/auto/Time.xml
399 ms. Memory: 390144K Free: 288257K (74%)
----------------- Invoking toplevel() on ptolemy.moml.MoMLSimpleApplication@1601cbfe
----------------- Done invoking toplevel() on ptolemy.moml.MoMLSimpleApplication@1601cbfe
reloadAllAccessors: .Time

===========================================================================================
----------------- testing Sat Sep 01 02:03:28 UTC 2018 /home/travis/build/icyphy/ptII/ptolemy/domains/de/test/auto/TimeDelayZeroDelay.xml
----------------- Instantiating /home/travis/build/icyphy/ptII/ptolemy/domains/de/test/auto/TimeDelayZeroDelay.xml
3 ms. Memory: 390144K Free: 281651K (72%)
----------------- Invoking toplevel() on ptolemy.moml.MoMLSimpleApplication@4d38fd5a
----------------- Done invoking toplevel() on ptolemy.moml.MoMLSimpleApplication@4d38fd5a
reloadAllAccessors: .TimeDelayZeroDelay

===========================================================================================
----------------- testing Sat Sep 01 02:03:28 UTC 2018 /home/travis/build/icyphy/ptII/ptolemy/domains/de/test/auto/TimerZeroDelay.xml
----------------- Instantiating /home/travis/build/icyphy/ptII/ptolemy/domains/de/test/auto/TimerZeroDelay.xml
1 ms. Memory: 390144K Free: 275052K (71%)
----------------- Invoking toplevel() on ptolemy.moml.MoMLSimpleApplication@3324f6eb
----------------- Done invoking toplevel() on ptolemy.moml.MoMLSimpleApplication@3324f6eb
reloadAllAccessors: .TimerZeroDelay

===========================================================================================
----------------- testing Sat Sep 01 02:03:28 UTC 2018 /home/travis/build/icyphy/ptII/ptolemy/domains/de/test/auto/TimingParadox.xml
----------------- Instantiating /home/travis/build/icyphy/ptII/ptolemy/domains/de/test/auto/TimingParadox.xml
251 ms. Memory: 390144K Free: 204942K (53%)
----------------- Invoking toplevel() on ptolemy.moml.MoMLSimpleApplication@796c0645
----------------- Done invoking toplevel() on ptolemy.moml.MoMLSimpleApplication@796c0645
reloadAllAccessors: .TimingParadox

===========================================================================================
----------------- testing Sat Sep 01 02:03:29 UTC 2018 /home/travis/build/icyphy/ptII/ptolemy/domains/de/test/auto/TransferInputs.xml
----------------- Instantiating /home/travis/build/icyphy/ptII/ptolemy/domains/de/test/auto/TransferInputs.xml
2 ms. Memory: 390144K Free: 198335K (51%)
----------------- Invoking toplevel() on ptolemy.moml.MoMLSimpleApplication@12ec8486
----------------- Done invoking toplevel() on ptolemy.moml.MoMLSimpleApplication@12ec8486
reloadAllAccessors: .TransferInputs

===========================================================================================
----------------- testing Sat Sep 01 02:03:29 UTC 2018 /home/travis/build/icyphy/ptII/ptolemy/domains/de/test/auto/TransferOutputs2.xml
----------------- Instantiating /home/travis/build/icyphy/ptII/ptolemy/domains/de/test/auto/TransferOutputs2.xml
2 ms. Memory: 390144K Free: 187175K (48%)
----------------- Invoking toplevel() on ptolemy.moml.MoMLSimpleApplication@6162eaae
----------------- Done invoking toplevel() on ptolemy.moml.MoMLSimpleApplication@6162eaae
reloadAllAccessors: .TransferOutputs2

===========================================================================================
----------------- testing Sat Sep 01 02:03:29 UTC 2018 /home/travis/build/icyphy/ptII/ptolemy/domains/de/test/auto/Trilateration.xml
----------------- Instantiating /home/travis/build/icyphy/ptII/ptolemy/domains/de/test/auto/Trilateration.xml
10693 ms. Memory: 577024K Free: 542518K (94%)
----------------- Invoking toplevel() on ptolemy.moml.MoMLSimpleApplication@57e1c1ad
----------------- Done invoking toplevel() on ptolemy.moml.MoMLSimpleApplication@57e1c1ad
reloadAllAccessors: .Trilateration

===========================================================================================
----------------- testing Sat Sep 01 02:03:40 UTC 2018 /home/travis/build/icyphy/ptII/ptolemy/domains/de/test/auto/TwoSigmaDelta.xml
----------------- Instantiating /home/travis/build/icyphy/ptII/ptolemy/domains/de/test/auto/TwoSigmaDelta.xml
1840 ms. Memory: 577024K Free: 238691K (41%)
----------------- Invoking toplevel() on ptolemy.moml.MoMLSimpleApplication@12453c5b
----------------- Done invoking toplevel() on ptolemy.moml.MoMLSimpleApplication@12453c5b
reloadAllAccessors: .TwoSigmaDelta

===========================================================================================
----------------- testing Sat Sep 01 02:03:42 UTC 2018 /home/travis/build/icyphy/ptII/ptolemy/domains/de/test/auto/VariableDelay.xml
----------------- Instantiating /home/travis/build/icyphy/ptII/ptolemy/domains/de/test/auto/VariableDelay.xml
1 ms. Memory: 577024K Free: 218337K (38%)
----------------- Invoking toplevel() on ptolemy.moml.MoMLSimpleApplication@214d3957
----------------- Done invoking toplevel() on ptolemy.moml.MoMLSimpleApplication@214d3957
reloadAllAccessors: .VariableDelay

===========================================================================================
----------------- testing Sat Sep 01 02:03:42 UTC 2018 /home/travis/build/icyphy/ptII/ptolemy/domains/de/test/auto/VariableDelay2.xml
----------------- Instantiating /home/travis/build/icyphy/ptII/ptolemy/domains/de/test/auto/VariableDelay2.xml
2 ms. Memory: 577024K Free: 197983K (34%)
----------------- Invoking toplevel() on ptolemy.moml.MoMLSimpleApplication@24925a70
----------------- Done invoking toplevel() on ptolemy.moml.MoMLSimpleApplication@24925a70
reloadAllAccessors: .VariableDelay2

===========================================================================================
----------------- testing Sat Sep 01 02:03:42 UTC 2018 /home/travis/build/icyphy/ptII/ptolemy/domains/de/test/auto/VariableDelayZeroDelay.xml
----------------- Instantiating /home/travis/build/icyphy/ptII/ptolemy/domains/de/test/auto/VariableDelayZeroDelay.xml
2 ms. Memory: 577024K Free: 177630K (31%)
----------------- Invoking toplevel() on ptolemy.moml.MoMLSimpleApplication@6b6505a6
----------------- Done invoking toplevel() on ptolemy.moml.MoMLSimpleApplication@6b6505a6
reloadAllAccessors: .VariableDelayZeroDelay

===========================================================================================
----------------- testing Sat Sep 01 02:03:42 UTC 2018 /home/travis/build/icyphy/ptII/ptolemy/domains/de/test/auto/VariableDelayZeroDelay2.xml
----------------- Instantiating /home/travis/build/icyphy/ptII/ptolemy/domains/de/test/auto/VariableDelayZeroDelay2.xml
2 ms. Memory: 577024K Free: 157276K (27%)
----------------- Invoking toplevel() on ptolemy.moml.MoMLSimpleApplication@6bf32c25
----------------- Done invoking toplevel() on ptolemy.moml.MoMLSimpleApplication@6bf32c25
reloadAllAccessors: .VariableDelayZeroDelay2

===========================================================================================
----------------- testing Sat Sep 01 02:03:42 UTC 2018 /home/travis/build/icyphy/ptII/ptolemy/domains/de/test/auto/deInCt.xml
----------------- Instantiating /home/travis/build/icyphy/ptII/ptolemy/domains/de/test/auto/deInCt.xml
0
1
1
0
0
0
1
1
1
0
0
0
1
1
1
0
0
0
0
0
0
1
1
1
1
0
0
0
0
1
1
1
1
0
0
0
0
0
4 ms. Memory: 577024K Free: 136922K (24%)
----------------- Invoking toplevel() on ptolemy.moml.MoMLSimpleApplication@67e794d8
----------------- Done invoking toplevel() on ptolemy.moml.MoMLSimpleApplication@67e794d8
reloadAllAccessors: .deInCt

===========================================================================================
----------------- testing Sat Sep 01 02:03:42 UTC 2018 /home/travis/build/icyphy/ptII/ptolemy/domains/de/test/auto/deInCt2.xml
----------------- Instantiating /home/travis/build/icyphy/ptII/ptolemy/domains/de/test/auto/deInCt2.xml
0
1
1
1
0
0
1
1
1
0
0
1
1
1
0
0
1
1
1
0
0
1
1
1
0
0
1
1
1
0
0
1
1
1
0
0
1
1
1
0
0
0
3 ms. Memory: 577024K Free: 116568K (20%)
----------------- Invoking toplevel() on ptolemy.moml.MoMLSimpleApplication@634f1153
----------------- Done invoking toplevel() on ptolemy.moml.MoMLSimpleApplication@634f1153
reloadAllAccessors: .deInCt2

===========================================================================================
----------------- testing Sat Sep 01 02:03:42 UTC 2018 /home/travis/build/icyphy/ptII/ptolemy/domains/de/test/auto/dynamicCausalityInterface1.xml
----------------- Instantiating /home/travis/build/icyphy/ptII/ptolemy/domains/de/test/auto/dynamicCausalityInterface1.xml
1 ms. Memory: 577024K Free: 96214K (17%)
----------------- Invoking toplevel() on ptolemy.moml.MoMLSimpleApplication@3823ad68
----------------- Done invoking toplevel() on ptolemy.moml.MoMLSimpleApplication@3823ad68
reloadAllAccessors: .dynamicCausalityInterface1

===========================================================================================
----------------- testing Sat Sep 01 02:03:42 UTC 2018 /home/travis/build/icyphy/ptII/ptolemy/domains/de/test/auto/fsm_de_test.xml
----------------- Instantiating /home/travis/build/icyphy/ptII/ptolemy/domains/de/test/auto/fsm_de_test.xml
4 ms. Memory: 577024K Free: 75858K (13%)
----------------- Invoking toplevel() on ptolemy.moml.MoMLSimpleApplication@7bf8284c
----------------- Done invoking toplevel() on ptolemy.moml.MoMLSimpleApplication@7bf8284c
reloadAllAccessors: .fsm_de_test

===========================================================================================
----------------- testing Sat Sep 01 02:03:42 UTC 2018 /home/travis/build/icyphy/ptII/ptolemy/domains/de/test/auto/functionDependencyReconstruction.xml
----------------- Instantiating /home/travis/build/icyphy/ptII/ptolemy/domains/de/test/auto/functionDependencyReconstruction.xml
8 ms. Memory: 559616K Free: 524254K (94%)
----------------- Invoking toplevel() on ptolemy.moml.MoMLSimpleApplication@4b5f54b1
----------------- Done invoking toplevel() on ptolemy.moml.MoMLSimpleApplication@4b5f54b1
reloadAllAccessors: .functionDependencyReconstruction

===========================================================================================
----------------- testing Sat Sep 01 02:03:42 UTC 2018 /home/travis/build/icyphy/ptII/ptolemy/domains/de/test/auto/multirate.xml
----------------- Instantiating /home/travis/build/icyphy/ptII/ptolemy/domains/de/test/auto/multirate.xml
2 ms. Memory: 559616K Free: 504521K (90%)
----------------- Invoking toplevel() on ptolemy.moml.MoMLSimpleApplication@16b21844
----------------- Done invoking toplevel() on ptolemy.moml.MoMLSimpleApplication@16b21844
reloadAllAccessors: .multirate

===========================================================================================
----------------- testing Sat Sep 01 02:03:42 UTC 2018 /home/travis/build/icyphy/ptII/ptolemy/domains/de/test/auto/multirate2.xml
----------------- Instantiating /home/travis/build/icyphy/ptII/ptolemy/domains/de/test/auto/multirate2.xml
2 ms. Memory: 559616K Free: 489617K (87%)
----------------- Invoking toplevel() on ptolemy.moml.MoMLSimpleApplication@6a865d66
----------------- Done invoking toplevel() on ptolemy.moml.MoMLSimpleApplication@6a865d66
reloadAllAccessors: .multirate2

===========================================================================================
----------------- testing Sat Sep 01 02:03:42 UTC 2018 /home/travis/build/icyphy/ptII/ptolemy/domains/de/test/auto/realtime.xml
----------------- Instantiating /home/travis/build/icyphy/ptII/ptolemy/domains/de/test/auto/realtime.xml
10001 ms. Memory: 559616K Free: 479802K (86%)
----------------- Invoking toplevel() on ptolemy.moml.MoMLSimpleApplication@3e468208
----------------- Done invoking toplevel() on ptolemy.moml.MoMLSimpleApplication@3e468208
reloadAllAccessors: .realtime

===========================================================================================
----------------- testing Sat Sep 01 02:03:52 UTC 2018 /home/travis/build/icyphy/ptII/ptolemy/domains/de/test/auto/relationGroup.xml
----------------- Instantiating /home/travis/build/icyphy/ptII/ptolemy/domains/de/test/auto/relationGroup.xml
1 ms. Memory: 559616K Free: 469624K (84%)
----------------- Invoking toplevel() on ptolemy.moml.MoMLSimpleApplication@79bfc09d
----------------- Done invoking toplevel() on ptolemy.moml.MoMLSimpleApplication@79bfc09d
reloadAllAccessors: .relationGroup

===========================================================================================
----------------- testing Sat Sep 01 02:03:52 UTC 2018 /home/travis/build/icyphy/ptII/ptolemy/domains/de/test/auto/relationGroup2.xml
----------------- Instantiating /home/travis/build/icyphy/ptII/ptolemy/domains/de/test/auto/relationGroup2.xml
1 ms. Memory: 559616K Free: 459809K (82%)
----------------- Invoking toplevel() on ptolemy.moml.MoMLSimpleApplication@442132ef
----------------- Done invoking toplevel() on ptolemy.moml.MoMLSimpleApplication@442132ef
reloadAllAccessors: .relationGroup2

===========================================================================================
----------------- testing Sat Sep 01 02:03:52 UTC 2018 /home/travis/build/icyphy/ptII/ptolemy/domains/de/test/auto/sortWithOpaquePorts.xml
----------------- Instantiating /home/travis/build/icyphy/ptII/ptolemy/domains/de/test/auto/sortWithOpaquePorts.xml
1 ms. Memory: 559616K Free: 449630K (80%)
----------------- Invoking toplevel() on ptolemy.moml.MoMLSimpleApplication@7c7ccc56
----------------- Done invoking toplevel() on ptolemy.moml.MoMLSimpleApplication@7c7ccc56
reloadAllAccessors: .sortWithOpaquePorts

===========================================================================================
----------------- testing Sat Sep 01 02:03:52 UTC 2018 /home/travis/build/icyphy/ptII/ptolemy/domains/de/test/auto/transferInputsandOutputs.xml
----------------- Instantiating /home/travis/build/icyphy/ptII/ptolemy/domains/de/test/auto/transferInputsandOutputs.xml
1 ms. Memory: 559616K Free: 435074K (78%)
----------------- Invoking toplevel() on ptolemy.moml.MoMLSimpleApplication@3c0c4718
----------------- Done invoking toplevel() on ptolemy.moml.MoMLSimpleApplication@3c0c4718
reloadAllAccessors: .transferInputsandOutputs

===========================================================================================
----------------- testing Sat Sep 01 02:03:52 UTC 2018 /home/travis/build/icyphy/ptII/ptolemy/domains/de/test/auto/triggerType.xml
----------------- Instantiating /home/travis/build/icyphy/ptII/ptolemy/domains/de/test/auto/triggerType.xml
1 ms. Memory: 559616K Free: 424895K (76%)
----------------- Invoking toplevel() on ptolemy.moml.MoMLSimpleApplication@485edf26
----------------- Done invoking toplevel() on ptolemy.moml.MoMLSimpleApplication@485edf26
reloadAllAccessors: .triggerType
AutoTests.java: About to close Vertx.
AutoTests.java: Vertx closed.
]]></system-out>
  <system-err><![CDATA[java.lang.RuntimeException: Execution failed
	at ptolemy.moml.MoMLSimpleApplication$UnloadThread.run(MoMLSimpleApplication.java:402)
Caused by: ptolemy.kernel.util.IllegalActionException: Found a zero delay loop containing .dependencyLoop.original
  in .dependencyLoop and .dependencyLoop.original
	at ptolemy.actor.util.CausalityInterfaceForComposites._computeOutputPortDepth(CausalityInterfaceForComposites.java:759)
	at ptolemy.actor.util.CausalityInterfaceForComposites._computeInputDepth(CausalityInterfaceForComposites.java:696)
	at ptolemy.actor.util.CausalityInterfaceForComposites._computeOutputPortDepth(CausalityInterfaceForComposites.java:765)
	at ptolemy.actor.util.CausalityInterfaceForComposites._computeInputDepth(CausalityInterfaceForComposites.java:696)
	at ptolemy.actor.util.CausalityInterfaceForComposites._computeOutputPortDepth(CausalityInterfaceForComposites.java:765)
	at ptolemy.actor.util.CausalityInterfaceForComposites._computeInputDepth(CausalityInterfaceForComposites.java:696)
	at ptolemy.actor.util.CausalityInterfaceForComposites._computeActorDepth(CausalityInterfaceForComposites.java:532)
	at ptolemy.actor.util.CausalityInterfaceForComposites.checkForCycles(CausalityInterfaceForComposites.java:96)
	at ptolemy.domains.de.kernel.DEDirector.preinitialize(DEDirector.java:1338)
	at ptolemy.actor.CompositeActor.preinitialize(CompositeActor.java:1828)
	at ptolemy.actor.Manager.preinitializeAndResolveTypes(Manager.java:1040)
	at ptolemy.actor.Manager.initialize(Manager.java:710)
	at ptolemy.actor.Manager.execute(Manager.java:356)
	at ptolemy.actor.Manager.run(Manager.java:1263)
	at ptolemy.actor.Manager$PtolemyRunThread.run(Manager.java:1915)
java.lang.RuntimeException: Execution failed
	at ptolemy.moml.MoMLSimpleApplication$UnloadThread.run(MoMLSimpleApplication.java:402)
Caused by: ptolemy.kernel.util.IllegalActionException: Found a zero delay loop containing .dependencyLoop2.original
  in .dependencyLoop2 and .dependencyLoop2.original
	at ptolemy.actor.util.CausalityInterfaceForComposites._computeOutputPortDepth(CausalityInterfaceForComposites.java:759)
	at ptolemy.actor.util.CausalityInterfaceForComposites._computeInputDepth(CausalityInterfaceForComposites.java:696)
	at ptolemy.actor.util.CausalityInterfaceForComposites._computeOutputPortDepth(CausalityInterfaceForComposites.java:765)
	at ptolemy.actor.util.CausalityInterfaceForComposites._computeInputDepth(CausalityInterfaceForComposites.java:696)
	at ptolemy.actor.util.CausalityInterfaceForComposites._computeOutputPortDepth(CausalityInterfaceForComposites.java:765)
	at ptolemy.actor.util.CausalityInterfaceForComposites._computeInputDepth(CausalityInterfaceForComposites.java:696)
	at ptolemy.actor.util.CausalityInterfaceForComposites._computeActorDepth(CausalityInterfaceForComposites.java:532)
	at ptolemy.actor.util.CausalityInterfaceForComposites.checkForCycles(CausalityInterfaceForComposites.java:96)
	at ptolemy.domains.de.kernel.DEDirector.preinitialize(DEDirector.java:1338)
	at ptolemy.actor.CompositeActor.preinitialize(CompositeActor.java:1828)
	at ptolemy.actor.Manager.preinitializeAndResolveTypes(Manager.java:1040)
	at ptolemy.actor.Manager.initialize(Manager.java:710)
	at ptolemy.actor.Manager.execute(Manager.java:356)
	at ptolemy.actor.Manager.run(Manager.java:1263)
	at ptolemy.actor.Manager$PtolemyRunThread.run(Manager.java:1915)
java.lang.RuntimeException: Execution failed
	at ptolemy.moml.MoMLSimpleApplication$UnloadThread.run(MoMLSimpleApplication.java:402)
Caused by: ptolemy.kernel.util.IllegalActionException: Found a zero delay loop containing .dependencyLoop.original
  in .dependencyLoop and .dependencyLoop.original
	at ptolemy.actor.util.CausalityInterfaceForComposites._computeOutputPortDepth(CausalityInterfaceForComposites.java:759)
	at ptolemy.actor.util.CausalityInterfaceForComposites._computeInputDepth(CausalityInterfaceForComposites.java:696)
	at ptolemy.actor.util.CausalityInterfaceForComposites._computeOutputPortDepth(CausalityInterfaceForComposites.java:765)
	at ptolemy.actor.util.CausalityInterfaceForComposites._computeInputDepth(CausalityInterfaceForComposites.java:696)
	at ptolemy.actor.util.CausalityInterfaceForComposites._computeOutputPortDepth(CausalityInterfaceForComposites.java:765)
	at ptolemy.actor.util.CausalityInterfaceForComposites._computeInputDepth(CausalityInterfaceForComposites.java:696)
	at ptolemy.actor.util.CausalityInterfaceForComposites._computeActorDepth(CausalityInterfaceForComposites.java:532)
	at ptolemy.actor.util.CausalityInterfaceForComposites.checkForCycles(CausalityInterfaceForComposites.java:96)
	at ptolemy.domains.de.kernel.DEDirector.preinitialize(DEDirector.java:1338)
	at ptolemy.actor.CompositeActor.preinitialize(CompositeActor.java:1828)
	at ptolemy.actor.Manager.preinitializeAndResolveTypes(Manager.java:1040)
	at ptolemy.actor.Manager.initialize(Manager.java:710)
	at ptolemy.actor.Manager.execute(Manager.java:356)
	at ptolemy.actor.Manager.run(Manager.java:1263)
	at ptolemy.actor.Manager$PtolemyRunThread.run(Manager.java:1915)
java.lang.RuntimeException: Execution failed
	at ptolemy.moml.MoMLSimpleApplication$UnloadThread.run(MoMLSimpleApplication.java:402)
Caused by: ptolemy.kernel.util.IllegalActionException: Actor is not ready to fire.  Perhaps UpSample.prefire() returned false? Try debugging the actor by selecting "Listen to Actor".  Also, for SDF check moml for tokenConsumptionRate on input.
  in .DESDFClockTest.Play Bell.Copy1:SDF Director and .DESDFClockTest.Play Bell.UpSample
	at ptolemy.actor.sched.StaticSchedulingDirector.fire(StaticSchedulingDirector.java:227)
	at ptolemy.domains.sdf.kernel.SDFDirector.fire(SDFDirector.java:500)
	at ptolemy.actor.CompositeActor.fire(CompositeActor.java:455)
	at ptolemy.domains.de.kernel.DEDirector._fire(DEDirector.java:1949)
	at ptolemy.domains.de.kernel.DEDirector.fire(DEDirector.java:502)
	at ptolemy.actor.CompositeActor.fire(CompositeActor.java:455)
	at ptolemy.actor.Manager.iterate(Manager.java:851)
	at ptolemy.actor.Manager.execute(Manager.java:369)
	at ptolemy.actor.Manager.run(Manager.java:1263)
	at ptolemy.actor.Manager$PtolemyRunThread.run(Manager.java:1915)
java.lang.RuntimeException: Execution failed
	at ptolemy.moml.MoMLSimpleApplication$UnloadThread.run(MoMLSimpleApplication.java:402)
Caused by: ptolemy.kernel.util.IllegalActionException: Found a zero delay loop containing .dependencyLoop2.original
  in .dependencyLoop2 and .dependencyLoop2.original
	at ptolemy.actor.util.CausalityInterfaceForComposites._computeOutputPortDepth(CausalityInterfaceForComposites.java:759)
	at ptolemy.actor.util.CausalityInterfaceForComposites._computeInputDepth(CausalityInterfaceForComposites.java:696)
	at ptolemy.actor.util.CausalityInterfaceForComposites._computeOutputPortDepth(CausalityInterfaceForComposites.java:765)
	at ptolemy.actor.util.CausalityInterfaceForComposites._computeInputDepth(CausalityInterfaceForComposites.java:696)
	at ptolemy.actor.util.CausalityInterfaceForComposites._computeOutputPortDepth(CausalityInterfaceForComposites.java:765)
	at ptolemy.actor.util.CausalityInterfaceForComposites._computeInputDepth(CausalityInterfaceForComposites.java:696)
	at ptolemy.actor.util.CausalityInterfaceForComposites._computeActorDepth(CausalityInterfaceForComposites.java:532)
	at ptolemy.actor.util.CausalityInterfaceForComposites.checkForCycles(CausalityInterfaceForComposites.java:96)
	at ptolemy.domains.de.kernel.DEDirector.preinitialize(DEDirector.java:1338)
	at ptolemy.actor.CompositeActor.preinitialize(CompositeActor.java:1828)
	at ptolemy.actor.Manager.preinitializeAndResolveTypes(Manager.java:1040)
	at ptolemy.actor.Manager.initialize(Manager.java:710)
	at ptolemy.actor.Manager.execute(Manager.java:356)
	at ptolemy.actor.Manager.run(Manager.java:1263)
	at ptolemy.actor.Manager$PtolemyRunThread.run(Manager.java:1915)
java.lang.RuntimeException: Execution failed
	at ptolemy.moml.MoMLSimpleApplication$UnloadThread.run(MoMLSimpleApplication.java:402)
Caused by: ptolemy.kernel.util.IllegalActionException: Found a zero delay loop containing .HierarchicalModel.A
  in .HierarchicalModel and .HierarchicalModel.A
	at ptolemy.actor.util.CausalityInterfaceForComposites._computeOutputPortDepth(CausalityInterfaceForComposites.java:759)
	at ptolemy.actor.util.CausalityInterfaceForComposites._computeInputDepth(CausalityInterfaceForComposites.java:696)
	at ptolemy.actor.util.CausalityInterfaceForComposites._computeOutputPortDepth(CausalityInterfaceForComposites.java:765)
	at ptolemy.actor.util.CausalityInterfaceForComposites._computeInputDepth(CausalityInterfaceForComposites.java:696)
	at ptolemy.actor.util.CausalityInterfaceForComposites._computeOutputPortDepth(CausalityInterfaceForComposites.java:765)
	at ptolemy.actor.util.CausalityInterfaceForComposites._computeInputDepth(CausalityInterfaceForComposites.java:696)
	at ptolemy.actor.util.CausalityInterfaceForComposites._computeActorDepth(CausalityInterfaceForComposites.java:532)
	at ptolemy.actor.util.CausalityInterfaceForComposites.checkForCycles(CausalityInterfaceForComposites.java:96)
	at ptolemy.domains.de.kernel.DEDirector.preinitialize(DEDirector.java:1338)
	at ptolemy.actor.CompositeActor.preinitialize(CompositeActor.java:1828)
	at ptolemy.actor.Manager.preinitializeAndResolveTypes(Manager.java:1040)
	at ptolemy.actor.Manager.initialize(Manager.java:710)
	at ptolemy.actor.Manager.execute(Manager.java:356)
	at ptolemy.actor.Manager.run(Manager.java:1263)
	at ptolemy.actor.Manager$PtolemyRunThread.run(Manager.java:1915)
java.lang.RuntimeException: Execution failed
	at ptolemy.moml.MoMLSimpleApplication$UnloadThread.run(MoMLSimpleApplication.java:402)
Caused by: ptolemy.kernel.util.IllegalActionException: Test fails in iteration 1.
Value was: 1.0. Should have been: 2.0
  in .DirectFeedback.Test
	at ptolemy.actor.lib.Test.fire(Test.java:268)
	at ptolemy.domains.de.kernel.DEDirector._fire(DEDirector.java:1949)
	at ptolemy.domains.de.kernel.DEDirector.fire(DEDirector.java:502)
	at ptolemy.actor.CompositeActor.fire(CompositeActor.java:455)
	at ptolemy.actor.Manager.iterate(Manager.java:851)
	at ptolemy.actor.Manager.execute(Manager.java:369)
	at ptolemy.actor.Manager.run(Manager.java:1263)
	at ptolemy.actor.Manager$PtolemyRunThread.run(Manager.java:1915)
java.lang.RuntimeException: Execution failed
	at ptolemy.moml.MoMLSimpleApplication$UnloadThread.run(MoMLSimpleApplication.java:402)
Caused by: ptolemy.kernel.util.IllegalActionException: Actor is not ready to fire.  Perhaps UpSample.prefire() returned false? Try debugging the actor by selecting "Listen to Actor".  Also, for SDF check moml for tokenConsumptionRate on input.
  in .DESDFClockTest.Play Bell.Copy1:SDF Director and .DESDFClockTest.Play Bell.UpSample
	at ptolemy.actor.sched.StaticSchedulingDirector.fire(StaticSchedulingDirector.java:227)
	at ptolemy.domains.sdf.kernel.SDFDirector.fire(SDFDirector.java:500)
	at ptolemy.actor.CompositeActor.fire(CompositeActor.java:455)
	at ptolemy.domains.de.kernel.DEDirector._fire(DEDirector.java:1949)
	at ptolemy.domains.de.kernel.DEDirector.fire(DEDirector.java:502)
	at ptolemy.actor.CompositeActor.fire(CompositeActor.java:455)
	at ptolemy.actor.Manager.iterate(Manager.java:851)
	at ptolemy.actor.Manager.execute(Manager.java:369)
	at ptolemy.actor.Manager.run(Manager.java:1263)
	at ptolemy.actor.Manager$PtolemyRunThread.run(Manager.java:1915)
java.lang.reflect.InvocationTargetException
	at sun.reflect.NativeConstructorAccessorImpl.newInstance0(Native Method)
	at sun.reflect.NativeConstructorAccessorImpl.newInstance(NativeConstructorAccessorImpl.java:62)
	at sun.reflect.DelegatingConstructorAccessorImpl.newInstance(DelegatingConstructorAccessorImpl.java:45)
	at java.lang.reflect.Constructor.newInstance(Constructor.java:423)
	at ptolemy.util.test.junit.AutoKnownFailedTests.RunModel(AutoKnownFailedTests.java:107)
	at sun.reflect.NativeMethodAccessorImpl.invoke0(Native Method)
	at sun.reflect.NativeMethodAccessorImpl.invoke(NativeMethodAccessorImpl.java:62)
	at sun.reflect.DelegatingMethodAccessorImpl.invoke(DelegatingMethodAccessorImpl.java:43)
	at java.lang.reflect.Method.invoke(Method.java:498)
	at org.junit.runners.model.FrameworkMethod$1.runReflectiveCall(FrameworkMethod.java:44)
	at org.junit.internal.runners.model.ReflectiveCallable.run(ReflectiveCallable.java:15)
	at org.junit.runners.model.FrameworkMethod.invokeExplosively(FrameworkMethod.java:41)
	at junitparams.internal.InvokeParameterisedMethod.evaluate(InvokeParameterisedMethod.java:102)
	at org.junit.internal.runners.statements.FailOnTimeout$1.run(FailOnTimeout.java:28)
Caused by: ptolemy.kernel.util.IllegalActionException: Actor is not ready to fire.  Perhaps UpSample.prefire() returned false? Try debugging the actor by selecting "Listen to Actor".  Also, for SDF check moml for tokenConsumptionRate on input.
  in .DESDFClockTest.Play Bell.Copy1:SDF Director and .DESDFClockTest.Play Bell.UpSample
	at ptolemy.actor.sched.StaticSchedulingDirector.fire(StaticSchedulingDirector.java:227)
	at ptolemy.domains.sdf.kernel.SDFDirector.fire(SDFDirector.java:500)
	at ptolemy.actor.CompositeActor.fire(CompositeActor.java:455)
	at ptolemy.domains.de.kernel.DEDirector._fire(DEDirector.java:1949)
	at ptolemy.domains.de.kernel.DEDirector.fire(DEDirector.java:502)
	at ptolemy.actor.CompositeActor.fire(CompositeActor.java:455)
	at ptolemy.actor.Manager.iterate(Manager.java:851)
	at ptolemy.actor.Manager.execute(Manager.java:369)
	at ptolemy.actor.Manager.run(Manager.java:1263)
	at ptolemy.actor.Manager$PtolemyRunThread.run(Manager.java:1915)
java.lang.RuntimeException: Execution failed
	at ptolemy.moml.MoMLSimpleApplication$UnloadThread.run(MoMLSimpleApplication.java:402)
Caused by: ptolemy.kernel.util.IllegalActionException: Test fails in iteration 1.
Value was: 1.0. Should have been: 2.0
  in .DirectFeedback.Test
	at ptolemy.actor.lib.Test.fire(Test.java:268)
	at ptolemy.domains.de.kernel.DEDirector._fire(DEDirector.java:1949)
	at ptolemy.domains.de.kernel.DEDirector.fire(DEDirector.java:502)
	at ptolemy.actor.CompositeActor.fire(CompositeActor.java:455)
	at ptolemy.actor.Manager.iterate(Manager.java:851)
	at ptolemy.actor.Manager.execute(Manager.java:369)
	at ptolemy.actor.Manager.run(Manager.java:1263)
	at ptolemy.actor.Manager$PtolemyRunThread.run(Manager.java:1915)
java.lang.reflect.InvocationTargetException
	at sun.reflect.NativeConstructorAccessorImpl.newInstance0(Native Method)
	at sun.reflect.NativeConstructorAccessorImpl.newInstance(NativeConstructorAccessorImpl.java:62)
	at sun.reflect.DelegatingConstructorAccessorImpl.newInstance(DelegatingConstructorAccessorImpl.java:45)
	at java.lang.reflect.Constructor.newInstance(Constructor.java:423)
	at ptolemy.util.test.junit.AutoKnownFailedTests.RunModel(AutoKnownFailedTests.java:107)
	at sun.reflect.NativeMethodAccessorImpl.invoke0(Native Method)
	at sun.reflect.NativeMethodAccessorImpl.invoke(NativeMethodAccessorImpl.java:62)
	at sun.reflect.DelegatingMethodAccessorImpl.invoke(DelegatingMethodAccessorImpl.java:43)
	at java.lang.reflect.Method.invoke(Method.java:498)
	at org.junit.runners.model.FrameworkMethod$1.runReflectiveCall(FrameworkMethod.java:44)
	at org.junit.internal.runners.model.ReflectiveCallable.run(ReflectiveCallable.java:15)
	at org.junit.runners.model.FrameworkMethod.invokeExplosively(FrameworkMethod.java:41)
	at junitparams.internal.InvokeParameterisedMethod.evaluate(InvokeParameterisedMethod.java:102)
	at org.junit.internal.runners.statements.FailOnTimeout$1.run(FailOnTimeout.java:28)
Caused by: ptolemy.kernel.util.IllegalActionException: Test fails in iteration 1.
Value was: 1.0. Should have been: 2.0
  in .DirectFeedback.Test
	at ptolemy.actor.lib.Test.fire(Test.java:268)
	at ptolemy.domains.de.kernel.DEDirector._fire(DEDirector.java:1949)
	at ptolemy.domains.de.kernel.DEDirector.fire(DEDirector.java:502)
	at ptolemy.actor.CompositeActor.fire(CompositeActor.java:455)
	at ptolemy.actor.Manager.iterate(Manager.java:851)
	at ptolemy.actor.Manager.execute(Manager.java:369)
	at ptolemy.actor.Manager.run(Manager.java:1263)
	at ptolemy.actor.Manager$PtolemyRunThread.run(Manager.java:1915)
java.lang.RuntimeException: Execution failed
	at ptolemy.moml.MoMLSimpleApplication$UnloadThread.run(MoMLSimpleApplication.java:402)
Caused by: ptolemy.kernel.util.IllegalActionException: Found a zero delay loop containing .HierarchicalModel.A
  in .HierarchicalModel and .HierarchicalModel.A
	at ptolemy.actor.util.CausalityInterfaceForComposites._computeOutputPortDepth(CausalityInterfaceForComposites.java:759)
	at ptolemy.actor.util.CausalityInterfaceForComposites._computeInputDepth(CausalityInterfaceForComposites.java:696)
	at ptolemy.actor.util.CausalityInterfaceForComposites._computeOutputPortDepth(CausalityInterfaceForComposites.java:765)
	at ptolemy.actor.util.CausalityInterfaceForComposites._computeInputDepth(CausalityInterfaceForComposites.java:696)
	at ptolemy.actor.util.CausalityInterfaceForComposites._computeOutputPortDepth(CausalityInterfaceForComposites.java:765)
	at ptolemy.actor.util.CausalityInterfaceForComposites._computeInputDepth(CausalityInterfaceForComposites.java:696)
	at ptolemy.actor.util.CausalityInterfaceForComposites._computeActorDepth(CausalityInterfaceForComposites.java:532)
	at ptolemy.actor.util.CausalityInterfaceForComposites.checkForCycles(CausalityInterfaceForComposites.java:96)
	at ptolemy.domains.de.kernel.DEDirector.preinitialize(DEDirector.java:1338)
	at ptolemy.actor.CompositeActor.preinitialize(CompositeActor.java:1828)
	at ptolemy.actor.Manager.preinitializeAndResolveTypes(Manager.java:1040)
	at ptolemy.actor.Manager.initialize(Manager.java:710)
	at ptolemy.actor.Manager.execute(Manager.java:356)
	at ptolemy.actor.Manager.run(Manager.java:1263)
	at ptolemy.actor.Manager$PtolemyRunThread.run(Manager.java:1915)
java.lang.reflect.InvocationTargetException
	at sun.reflect.NativeConstructorAccessorImpl.newInstance0(Native Method)
	at sun.reflect.NativeConstructorAccessorImpl.newInstance(NativeConstructorAccessorImpl.java:62)
	at sun.reflect.DelegatingConstructorAccessorImpl.newInstance(DelegatingConstructorAccessorImpl.java:45)
	at java.lang.reflect.Constructor.newInstance(Constructor.java:423)
	at ptolemy.util.test.junit.AutoKnownFailedTests.RunModel(AutoKnownFailedTests.java:107)
	at sun.reflect.NativeMethodAccessorImpl.invoke0(Native Method)
	at sun.reflect.NativeMethodAccessorImpl.invoke(NativeMethodAccessorImpl.java:62)
	at sun.reflect.DelegatingMethodAccessorImpl.invoke(DelegatingMethodAccessorImpl.java:43)
	at java.lang.reflect.Method.invoke(Method.java:498)
	at org.junit.runners.model.FrameworkMethod$1.runReflectiveCall(FrameworkMethod.java:44)
	at org.junit.internal.runners.model.ReflectiveCallable.run(ReflectiveCallable.java:15)
	at org.junit.runners.model.FrameworkMethod.invokeExplosively(FrameworkMethod.java:41)
	at junitparams.internal.InvokeParameterisedMethod.evaluate(InvokeParameterisedMethod.java:102)
	at org.junit.internal.runners.statements.FailOnTimeout$1.run(FailOnTimeout.java:28)
Caused by: ptolemy.kernel.util.IllegalActionException: Found a zero delay loop containing .HierarchicalModel.A
  in .HierarchicalModel and .HierarchicalModel.A
	at ptolemy.actor.util.CausalityInterfaceForComposites._computeOutputPortDepth(CausalityInterfaceForComposites.java:759)
	at ptolemy.actor.util.CausalityInterfaceForComposites._computeInputDepth(CausalityInterfaceForComposites.java:696)
	at ptolemy.actor.util.CausalityInterfaceForComposites._computeOutputPortDepth(CausalityInterfaceForComposites.java:765)
	at ptolemy.actor.util.CausalityInterfaceForComposites._computeInputDepth(CausalityInterfaceForComposites.java:696)
	at ptolemy.actor.util.CausalityInterfaceForComposites._computeOutputPortDepth(CausalityInterfaceForComposites.java:765)
	at ptolemy.actor.util.CausalityInterfaceForComposites._computeInputDepth(CausalityInterfaceForComposites.java:696)
	at ptolemy.actor.util.CausalityInterfaceForComposites._computeActorDepth(CausalityInterfaceForComposites.java:532)
	at ptolemy.actor.util.CausalityInterfaceForComposites.checkForCycles(CausalityInterfaceForComposites.java:96)
	at ptolemy.domains.de.kernel.DEDirector.preinitialize(DEDirector.java:1338)
	at ptolemy.actor.CompositeActor.preinitialize(CompositeActor.java:1828)
	at ptolemy.actor.Manager.preinitializeAndResolveTypes(Manager.java:1040)
	at ptolemy.actor.Manager.initialize(Manager.java:710)
	at ptolemy.actor.Manager.execute(Manager.java:356)
	at ptolemy.actor.Manager.run(Manager.java:1263)
	at ptolemy.actor.Manager$PtolemyRunThread.run(Manager.java:1915)
java.lang.RuntimeException: Execution failed
	at ptolemy.moml.MoMLSimpleApplication$UnloadThread.run(MoMLSimpleApplication.java:402)
Caused by: ptolemy.kernel.util.IllegalActionException: Found a zero delay loop containing .dependencyLoop.original
  in .dependencyLoop and .dependencyLoop.original
	at ptolemy.actor.util.CausalityInterfaceForComposites._computeOutputPortDepth(CausalityInterfaceForComposites.java:759)
	at ptolemy.actor.util.CausalityInterfaceForComposites._computeInputDepth(CausalityInterfaceForComposites.java:696)
	at ptolemy.actor.util.CausalityInterfaceForComposites._computeOutputPortDepth(CausalityInterfaceForComposites.java:765)
	at ptolemy.actor.util.CausalityInterfaceForComposites._computeInputDepth(CausalityInterfaceForComposites.java:696)
	at ptolemy.actor.util.CausalityInterfaceForComposites._computeOutputPortDepth(CausalityInterfaceForComposites.java:765)
	at ptolemy.actor.util.CausalityInterfaceForComposites._computeInputDepth(CausalityInterfaceForComposites.java:696)
	at ptolemy.actor.util.CausalityInterfaceForComposites._computeActorDepth(CausalityInterfaceForComposites.java:532)
	at ptolemy.actor.util.CausalityInterfaceForComposites.checkForCycles(CausalityInterfaceForComposites.java:96)
	at ptolemy.domains.de.kernel.DEDirector.preinitialize(DEDirector.java:1338)
	at ptolemy.actor.CompositeActor.preinitialize(CompositeActor.java:1828)
	at ptolemy.actor.Manager.preinitializeAndResolveTypes(Manager.java:1040)
	at ptolemy.actor.Manager.initialize(Manager.java:710)
	at ptolemy.actor.Manager.execute(Manager.java:356)
	at ptolemy.actor.Manager.run(Manager.java:1263)
	at ptolemy.actor.Manager$PtolemyRunThread.run(Manager.java:1915)
java.lang.reflect.InvocationTargetException
	at sun.reflect.NativeConstructorAccessorImpl.newInstance0(Native Method)
	at sun.reflect.NativeConstructorAccessorImpl.newInstance(NativeConstructorAccessorImpl.java:62)
	at sun.reflect.DelegatingConstructorAccessorImpl.newInstance(DelegatingConstructorAccessorImpl.java:45)
	at java.lang.reflect.Constructor.newInstance(Constructor.java:423)
	at ptolemy.util.test.junit.AutoKnownFailedTests.RunModel(AutoKnownFailedTests.java:107)
	at sun.reflect.NativeMethodAccessorImpl.invoke0(Native Method)
	at sun.reflect.NativeMethodAccessorImpl.invoke(NativeMethodAccessorImpl.java:62)
	at sun.reflect.DelegatingMethodAccessorImpl.invoke(DelegatingMethodAccessorImpl.java:43)
	at java.lang.reflect.Method.invoke(Method.java:498)
	at org.junit.runners.model.FrameworkMethod$1.runReflectiveCall(FrameworkMethod.java:44)
	at org.junit.internal.runners.model.ReflectiveCallable.run(ReflectiveCallable.java:15)
	at org.junit.runners.model.FrameworkMethod.invokeExplosively(FrameworkMethod.java:41)
	at junitparams.internal.InvokeParameterisedMethod.evaluate(InvokeParameterisedMethod.java:102)
	at org.junit.internal.runners.statements.FailOnTimeout$1.run(FailOnTimeout.java:28)
Caused by: ptolemy.kernel.util.IllegalActionException: Found a zero delay loop containing .dependencyLoop.original
  in .dependencyLoop and .dependencyLoop.original
	at ptolemy.actor.util.CausalityInterfaceForComposites._computeOutputPortDepth(CausalityInterfaceForComposites.java:759)
	at ptolemy.actor.util.CausalityInterfaceForComposites._computeInputDepth(CausalityInterfaceForComposites.java:696)
	at ptolemy.actor.util.CausalityInterfaceForComposites._computeOutputPortDepth(CausalityInterfaceForComposites.java:765)
	at ptolemy.actor.util.CausalityInterfaceForComposites._computeInputDepth(CausalityInterfaceForComposites.java:696)
	at ptolemy.actor.util.CausalityInterfaceForComposites._computeOutputPortDepth(CausalityInterfaceForComposites.java:765)
	at ptolemy.actor.util.CausalityInterfaceForComposites._computeInputDepth(CausalityInterfaceForComposites.java:696)
	at ptolemy.actor.util.CausalityInterfaceForComposites._computeActorDepth(CausalityInterfaceForComposites.java:532)
	at ptolemy.actor.util.CausalityInterfaceForComposites.checkForCycles(CausalityInterfaceForComposites.java:96)
	at ptolemy.domains.de.kernel.DEDirector.preinitialize(DEDirector.java:1338)
	at ptolemy.actor.CompositeActor.preinitialize(CompositeActor.java:1828)
	at ptolemy.actor.Manager.preinitializeAndResolveTypes(Manager.java:1040)
	at ptolemy.actor.Manager.initialize(Manager.java:710)
	at ptolemy.actor.Manager.execute(Manager.java:356)
	at ptolemy.actor.Manager.run(Manager.java:1263)
	at ptolemy.actor.Manager$PtolemyRunThread.run(Manager.java:1915)
java.lang.RuntimeException: Execution failed
	at ptolemy.moml.MoMLSimpleApplication$UnloadThread.run(MoMLSimpleApplication.java:402)
Caused by: ptolemy.kernel.util.IllegalActionException: Found a zero delay loop containing .dependencyLoop2.original
  in .dependencyLoop2 and .dependencyLoop2.original
	at ptolemy.actor.util.CausalityInterfaceForComposites._computeOutputPortDepth(CausalityInterfaceForComposites.java:759)
	at ptolemy.actor.util.CausalityInterfaceForComposites._computeInputDepth(CausalityInterfaceForComposites.java:696)
	at ptolemy.actor.util.CausalityInterfaceForComposites._computeOutputPortDepth(CausalityInterfaceForComposites.java:765)
	at ptolemy.actor.util.CausalityInterfaceForComposites._computeInputDepth(CausalityInterfaceForComposites.java:696)
	at ptolemy.actor.util.CausalityInterfaceForComposites._computeOutputPortDepth(CausalityInterfaceForComposites.java:765)
	at ptolemy.actor.util.CausalityInterfaceForComposites._computeInputDepth(CausalityInterfaceForComposites.java:696)
	at ptolemy.actor.util.CausalityInterfaceForComposites._computeActorDepth(CausalityInterfaceForComposites.java:532)
	at ptolemy.actor.util.CausalityInterfaceForComposites.checkForCycles(CausalityInterfaceForComposites.java:96)
	at ptolemy.domains.de.kernel.DEDirector.preinitialize(DEDirector.java:1338)
	at ptolemy.actor.CompositeActor.preinitialize(CompositeActor.java:1828)
	at ptolemy.actor.Manager.preinitializeAndResolveTypes(Manager.java:1040)
	at ptolemy.actor.Manager.initialize(Manager.java:710)
	at ptolemy.actor.Manager.execute(Manager.java:356)
	at ptolemy.actor.Manager.run(Manager.java:1263)
	at ptolemy.actor.Manager$PtolemyRunThread.run(Manager.java:1915)
java.lang.reflect.InvocationTargetException
	at sun.reflect.NativeConstructorAccessorImpl.newInstance0(Native Method)
	at sun.reflect.NativeConstructorAccessorImpl.newInstance(NativeConstructorAccessorImpl.java:62)
	at sun.reflect.DelegatingConstructorAccessorImpl.newInstance(DelegatingConstructorAccessorImpl.java:45)
	at java.lang.reflect.Constructor.newInstance(Constructor.java:423)
	at ptolemy.util.test.junit.AutoKnownFailedTests.RunModel(AutoKnownFailedTests.java:107)
	at sun.reflect.NativeMethodAccessorImpl.invoke0(Native Method)
	at sun.reflect.NativeMethodAccessorImpl.invoke(NativeMethodAccessorImpl.java:62)
	at sun.reflect.DelegatingMethodAccessorImpl.invoke(DelegatingMethodAccessorImpl.java:43)
	at java.lang.reflect.Method.invoke(Method.java:498)
	at org.junit.runners.model.FrameworkMethod$1.runReflectiveCall(FrameworkMethod.java:44)
	at org.junit.internal.runners.model.ReflectiveCallable.run(ReflectiveCallable.java:15)
	at org.junit.runners.model.FrameworkMethod.invokeExplosively(FrameworkMethod.java:41)
	at junitparams.internal.InvokeParameterisedMethod.evaluate(InvokeParameterisedMethod.java:102)
	at org.junit.internal.runners.statements.FailOnTimeout$1.run(FailOnTimeout.java:28)
Caused by: ptolemy.kernel.util.IllegalActionException: Found a zero delay loop containing .dependencyLoop2.original
  in .dependencyLoop2 and .dependencyLoop2.original
	at ptolemy.actor.util.CausalityInterfaceForComposites._computeOutputPortDepth(CausalityInterfaceForComposites.java:759)
	at ptolemy.actor.util.CausalityInterfaceForComposites._computeInputDepth(CausalityInterfaceForComposites.java:696)
	at ptolemy.actor.util.CausalityInterfaceForComposites._computeOutputPortDepth(CausalityInterfaceForComposites.java:765)
	at ptolemy.actor.util.CausalityInterfaceForComposites._computeInputDepth(CausalityInterfaceForComposites.java:696)
	at ptolemy.actor.util.CausalityInterfaceForComposites._computeOutputPortDepth(CausalityInterfaceForComposites.java:765)
	at ptolemy.actor.util.CausalityInterfaceForComposites._computeInputDepth(CausalityInterfaceForComposites.java:696)
	at ptolemy.actor.util.CausalityInterfaceForComposites._computeActorDepth(CausalityInterfaceForComposites.java:532)
	at ptolemy.actor.util.CausalityInterfaceForComposites.checkForCycles(CausalityInterfaceForComposites.java:96)
	at ptolemy.domains.de.kernel.DEDirector.preinitialize(DEDirector.java:1338)
	at ptolemy.actor.CompositeActor.preinitialize(CompositeActor.java:1828)
	at ptolemy.actor.Manager.preinitializeAndResolveTypes(Manager.java:1040)
	at ptolemy.actor.Manager.initialize(Manager.java:710)
	at ptolemy.actor.Manager.execute(Manager.java:356)
	at ptolemy.actor.Manager.run(Manager.java:1263)
	at ptolemy.actor.Manager$PtolemyRunThread.run(Manager.java:1915)
]]></system-err>
</testsuite>
