<?xml version="1.0" encoding="UTF-8" ?>
<testsuite errors="0" failures="0" hostname="travis-job-8b8f0002-fa14-4283-8b43-ba47854cc571" name="ptolemy.actor.lib.test.junit.JUnitTclTest" skipped="0" tests="517" time="58.35" timestamp="2018-06-15T17:28:48">
  <properties>
    <property name="npm.executable" value="npm" />
    <property name="file.encoding.pkg" value="sun.io" />
    <property name="ptII.mk.exists" value="true" />
    <property name="env.rvm_bin_path" value="/home/travis/.rvm/bin" />
    <property name="java.home" value="/usr/lib/jvm/java-8-oracle/jre" />
    <property name="env.TRAVIS_JOB_NUMBER" value="594.8" />
    <property name="env.DISPLAY" value=":99.0" />
    <property name="java.net.preferIPv4Stack" value="true" />
    <property name="env.SSH_TTY" value="/dev/pts/0" />
    <property name="env.RUN_TESTS" value="true" />
    <property name="timeout.short" value="1000000" />
    <property name="env.TRAVIS_STACK_NODE_ATTRIBUTES" value="/.node-attributes.yml" />
    <property name="junit.formatter" value="xml" />
    <property name="java.endorsed.dirs" value="/usr/lib/jvm/java-8-oracle/jre/lib/endorsed" />
    <property name="env.TRAVIS_SUDO" value="true" />
    <property name="env.LOGNAME" value="travis" />
    <property name="env.PT_TRAVIS_TEST_CORE1_XML" value="true" />
    <property name="jsdoc.home" value="node_modules/@terraswarm/jsdoc" />
    <property name="debuglevel" value="source,lines,vars" />
    <property name="checkstyle.formatter" value="xml" />
    <property name="bin.vergil.makeable" value="true" />
    <property name="env._system_version" value="14.04" />
    <property name="sun.os.patch.level" value="unknown" />
    <property name="java.vendor.url" value="http://java.oracle.com/" />
    <property name="java.version" value="1.8.0_151" />
    <property name="env.TZ" value="UTC" />
    <property name="env.PT_NO_NET" value="true" />
    <property name="env.TRAVIS_PULL_REQUEST_SHA" value="" />
    <property name="env.TRAVIS_SECURE_ENV_VARS" value="true" />
    <property name="env._system_type" value="Linux" />
    <property name="java.vendor.url.bug" value="http://bugreport.sun.com/bugreport/" />
    <property name="env.SSH_CLIENT" value="10.10.16.3 55528 22" />
    <property name="npmjs-org-is-up" value="true" />
    <property name="env.GEM_HOME" value="/home/travis/.rvm/gems/ruby-2.4.1" />
    <property name="env.HAS_ANTARES_THREE_LITTLE_FRONZIES_BADGE" value="true" />
    <property name="env.PS4" value="+" />
    <property name="ant.project.invoked-targets" value="build,test.core1.xml" />
    <property name="env.TRAVIS_PULL_REQUEST_BRANCH" value="" />
    <property name="env.TRAVIS_REPO_SLUG" value="icyphy/ptII" />
    <property name="node.in.path" value="true" />
    <property name="java.maxmemory" value="1400m" />
    <property name="env.RUBY_VERSION" value="ruby-2.4.1" />
    <property name="user.name" value="travis" />
    <property name="env.LANG" value="en_US.UTF-8" />
    <property name="sun.io.unicode.encoding" value="UnicodeLittle" />
    <property name="sun.jnu.encoding" value="UTF-8" />
    <property name="java.runtime.name" value="Java(TM) SE Runtime Environment" />
    <property name="usefile" value="false" />
    <property name="return.code" value="0" />
    <property name="junit.single.formatter" value="plain" />
    <property name="env.DYLD_LIBRARY_PATH" value="/home/travis/pthla/certi-tools/lib:" />
    <property name="env.DEBIAN_FRONTEND" value="noninteractive" />
    <property name="env.SSH_CONNECTION" value="10.10.16.3 55528 10.20.0.58 22" />
    <property name="env.MYSQL_UNIX_PORT" value="/var/run/mysqld/mysqld.sock" />
    <property name="env.TRAVIS_ALLOW_FAILURE" value="false" />
    <property name="env.LC_ALL" value="en_US.UTF-8" />
    <property name="java.specification.name" value="Java Platform API Specification" />
    <property name="node.works" value="true" />
    <property name="user.timezone" value="" />
    <property name="path.separator" value=":" />
    <property name="env.PYTHON_CFLAGS" value="-g -fstack-protector --param=ssp-buffer-size=4 -Wformat -Werror=format-security" />
    <property name="timeout.long" value="4000000" />
    <property name="env.CERTI_HOME" value="/home/travis/pthla/certi-tools" />
    <property name="file.encoding" value="UTF-8" />
    <property name="ant.file.ptII" value="/home/travis/build/icyphy/ptII/build.xml" />
    <property name="javadoc.packagenames" value="com.*,diva.*,lbnl.*,org.hlacerti.*,org.json.*,org.ptolemy.*,org.terraswarm.*,ptolemy.*,ptserver.*" />
    <property name="env.TRAVIS_PULL_REQUEST_SLUG" value="" />
    <property name="ant.project.default-target" value="build" />
    <property name="env.GIT_ASKPASS" value="echo" />
    <property name="env.HOME" value="/home/travis" />
    <property name="sun.java.command" value="org.apache.tools.ant.taskdefs.optional.junit.JUnitTestRunner ptolemy.actor.lib.test.junit.JUnitTclTest skipNonTests=false filtertrace=true haltOnError=false haltOnFailure=false formatter=org.apache.tools.ant.taskdefs.optional.junit.OutErrSummaryJUnitResultFormatter showoutput=true outputtoformatters=true logfailedtests=true threadid=0 logtestlistenerevents=false formatter=org.apache.tools.ant.taskdefs.optional.junit.XMLJUnitResultFormatter,/home/travis/build/icyphy/ptII/reports/junit/TEST-ptolemy.actor.lib.test.junit.JUnitTclTest.xml crashfile=/home/travis/build/icyphy/ptII/junitvmwatcher3737100966404681138.properties propsfile=/home/travis/build/icyphy/ptII/junit3639724271650985805.properties" />
    <property name="env.MANPATH" value="/home/travis/.nvm/versions/node/v7.10.1/share/man:/home/travis/.kiex/elixirs/elixir-1.4.5/man:/home/travis/.rvm/rubies/ruby-2.4.1/share/man:/usr/local/man:/usr/local/cmake-3.9.2/man:/usr/local/clang-5.0.0/share/man:/usr/local/share/man:/usr/share/man:/home/travis/.rvm/man" />
    <property name="env.COMPOSER_NO_INTERACTION" value="1" />
    <property name="env.JDK_SWITCHER_DEFAULT" value="oraclejdk8" />
    <property name="ant.file" value="/home/travis/build/icyphy/ptII/build.xml" />
    <property name="env.TRAVIS_COMMIT_RANGE" value="34a407ed9f4b...b7eb483fca2f" />
    <property name="env._system_name" value="Ubuntu" />
    <property name="timeout" value="2400000" />
    <property name="ptII.classpath.optional.property" value="/home/travis/build/icyphy/ptII/lib/bsh-2.0b4.jar:/home/travis/build/icyphy/ptII/lib/ptCal.jar:/home/travis/build/icyphy/ptII/lib/java_cup.jar:/home/travis/build/icyphy/ptII/lib/saxon8.jar:/home/travis/build/icyphy/ptII/lib/saxon8-dom.jar:/home/travis/build/icyphy/ptII/lib/chic.jar:/home/travis/build/icyphy/ptII/lib/ptcolt.jar:/usr/lib/jvm/java-8-oracle/lib/tools.jar:/usr/lib/eclipse/plugins/org.eclipse.jdt.core_3.8.2.dist.jar:/usr/lib/eclipse/plugins/org.eclipse.core.runtime_3.8.0.dist.jar:/usr/lib/eclipse/plugins/org.eclipse.osgi_3.8.1.dist.jar:/usr/lib/eclipse/plugins/org.eclipse.core.resources_3.8.1.dist.jar:/usr/lib/eclipse/plugins/org.eclipse.equinox.common_3.6.100.dist.jar:/usr/lib/eclipse/plugins/org.eclipse.core.jobs_3.5.200.dist.jar:/usr/lib/eclipse/plugins/org.eclipse.core.contenttype_3.4.200.dist.jar:/usr/lib/eclipse/plugins/org.eclipse.equinox.preferences_3.5.0.dist.jar:/usr/lib/eclipse/plugins/org.eclipse.text_3.5.200.dist.jar:/usr/lib/eclipse/plugins/org.eclipse.ui.workbench_3.8.1.dist.jar:/usr/lib/eclipse/plugins/org.eclipse.jface_3.8.0.dist.jar:/usr/lib/eclipse/plugins/org.eclipse.swt_3.8.2.jar:/usr/lib/eclipse/plugins/org.eclipse.jface.text_3.8.1.dist.jar:/usr/lib/eclipse/plugins/org.eclipse.ui.workbench.texteditor_3.8.0.dist.jar:/usr/lib/eclipse/plugins/org.eclipse.ui.editors_3.8.0.dist.jar:/usr/lib/eclipse/plugins/org.eclipse.core.commands_3.6.1.dist.jar:/usr/lib/eclipse/plugins/org.eclipse.equinox.registry_3.5.200.dist.jar:/usr/lib/eclipse/plugins/org.eclipse.ui.console_3.5.100.dist.jar:/usr/lib/eclipse/plugins/org.eclipse.ui.forms_3.5.200.dist.jar:/usr/lib/eclipse/plugins/org.eclipse.ui.ide_3.8.1.dist.jar:/home/travis/build/icyphy/ptII/vendors/oracle/dbxml.jar:/home/travis/build/icyphy/ptII/vendors/oracle/db.jar:/home/travis/build/icyphy/ptII/vendors/misc/itext/iText.jar:/home/travis/build/icyphy/ptII/lib/g4ltl.jar:/home/travis/build/icyphy/ptII/lib/StructuralCoder.jar:/home/travis/build/icyphy/ptII/lib/org-openide-util.jar:/home/travis/build/icyphy/ptII/lib/org-openide-util-lookup.jar:/home/travis/build/icyphy/ptII/lib/org-netbeans-api-visual.jar:/home/travis/build/icyphy/ptII/vendors/jai-1_1_2_01/lib/jai_core.jar:/home/travis/build/icyphy/ptII/vendors/jai-1_1_2_01/lib/jai_codec.jar:/home/travis/build/icyphy/ptII/lib/jcerti.jar:/home/travis/build/icyphy/ptII/lib/smack.jar:/home/travis/build/icyphy/ptII/lib/smackx.jar:/home/travis/build/icyphy/ptII/lib/jetty-all-8.1.5-v20120716.jar:/home/travis/build/icyphy/ptII/lib/javax.servlet-api-3.0.1.jar:/home/travis/build/icyphy/ptII/lib/javax.mail.jar:/home/travis/build/icyphy/ptII/vendors/JMF-2.1.1e/lib/jmf.jar:/home/travis/build/icyphy/ptII/lib/jna-4.0.0-variadic.jar:/home/travis/build/icyphy/ptII/vendors/misc/joystick/Joystick.jar:/home/travis/build/icyphy/ptII/lib/ptjacl.jar:/home/travis/build/icyphy/ptII/lib/jsoup-1.8.2.jar:/home/travis/build/icyphy/ptII/lib/junit-4.8.2.jar:/home/travis/build/icyphy/ptII/lib/JUnitParams-0.4.0.jar:/home/travis/build/icyphy/ptII/ptolemy/actor/lib/excel/jxl.jar:/home/travis/build/icyphy/ptII/lib/jython.jar:/home/travis/build/icyphy/ptII/lib/kieler.jar:/home/travis/build/icyphy/ptII/vendors/opencv/share/OpenCV/java/opencv-341.jar:/home/travis/build/icyphy/ptII/lib/oscP5.jar:/home/travis/build/icyphy/ptII/lib/nrjavaserial-3.11.0.devel.jar:/home/travis/build/icyphy/ptII/vendors/j3d/lib/j3dcore.jar:/home/travis/build/icyphy/ptII/vendors/j3d/lib/j3dutils.jar:/home/travis/build/icyphy/ptII/vendors/j3d/lib/vecmath.jar:/home/travis/build/icyphy/ptII/ptolemy/distributed/jini/jar/jini-core.jar:/home/travis/build/icyphy/ptII/ptolemy/distributed/jini/jar/jini-ext.jar:/home/travis/build/icyphy/ptII/ptolemy/distributed/jini/jar/sun-util.jar:/home/travis/build/icyphy/ptII/lib/protobuf-java-2.4.1.jar:/home/travis/build/icyphy/ptII/lib/org.eclipse.paho.client.mqttv3.jar:/home/travis/build/icyphy/ptII/ptserver/lib/hessian-4.0.7.jar:/home/travis/build/icyphy/ptII/ptserver/lib/wmqtt.jar:/home/travis/build/icyphy/ptII/lib/mapss.jar:/home/travis/build/icyphy/ptII/ptolemy/actor/ptalon/antlr/antlr.jar:/home/travis/build/icyphy/ptII/lib/JRI.jar:/home/travis/build/icyphy/ptII/lib/commons-lang-2.6.jar:/home/travis/build/icyphy/ptII/lib/commons-logging-1.1.1.jar:/home/travis/build/icyphy/ptII/lib/sootclasses.jar:/home/travis/build/icyphy/ptII/ptolemy/actor/lib/database/mysql-connector-java-5.1.6-bin.jar:/home/travis/build/icyphy/ptII/vendors/misc/sphinx4/sphinx4-data-5prealpha.jar:/home/travis/build/icyphy/ptII/vendors/misc/sphinx4/sphinx4-core-5prealpha.jar:/home/travis/build/icyphy/ptII/lib/PDFRenderer.jar:/home/travis/build/icyphy/ptII/lib/svgSalamander.jar:/home/travis/build/icyphy/ptII/lib/rsyntaxtextarea-2.6.0-SNAPSHOT.jar:/home/travis/build/icyphy/ptII/lib/hazelcast-3.8.2.jar:/home/travis/build/icyphy/ptII/lib/jackson-annotations-2.9.0.jar:/home/travis/build/icyphy/ptII/lib/jackson-core-2.9.3.jar:/home/travis/build/icyphy/ptII/lib/jackson-databind-2.9.3.jar:/home/travis/build/icyphy/ptII/lib/netty-buffer-4.1.19.Final.jar:/home/travis/build/icyphy/ptII/lib/netty-codec-4.1.19.Final.jar:/home/travis/build/icyphy/ptII/lib/netty-codec-dns-4.1.19.Final.jar:/home/travis/build/icyphy/ptII/lib/netty-codec-http-4.1.19.Final.jar:/home/travis/build/icyphy/ptII/lib/netty-codec-http2-4.1.19.Final.jar:/home/travis/build/icyphy/ptII/lib/netty-common-4.1.19.Final.jar:/home/travis/build/icyphy/ptII/lib/netty-handler-4.1.19.Final.jar:/home/travis/build/icyphy/ptII/lib/netty-resolver-4.1.19.Final.jar:/home/travis/build/icyphy/ptII/lib/netty-resolver-dns-4.1.19.Final.jar:/home/travis/build/icyphy/ptII/lib/netty-transport-4.1.19.Final.jar:/home/travis/build/icyphy/ptII/lib/vertx-codegen-3.5.1.jar:/home/travis/build/icyphy/ptII/lib/vertx-core-3.5.2-SNAPSHOT.jar:/home/travis/build/icyphy/ptII/lib/vertx-hazelcast-3.5.1.jar:/home/travis/build/icyphy/ptII/lib/vertx-lang-js-3.5.1.jar:/home/travis/build/icyphy/ptII/lib/vertx-service-proxy-3.5.1.jar:/home/travis/build/icyphy/ptII/lib/vertx-web-3.5.1.jar:/home/travis/build/icyphy/ptII/lib/slf4j-api-1.7.13.jar:/home/travis/build/icyphy/ptII/lib/slf4j-simple-1.7.13.jar:/home/travis/build/icyphy/ptII/lib/webcam-capture-0.3.12.jar:/home/travis/build/icyphy/ptII/lib/bridj-0.7.0.jar:/home/travis/build/icyphy/ptII/lib/xbjlib-1.1.0.nrjavaserial.jar" />
    <property name="test.batch" value="**/junit/*.java" />
    <property name="env._" value="/usr/bin/timeout" />
    <property name="java.io.tmpdir" value="/tmp" />
    <property name="user.language" value="en" />
    <property name="env.HISTCONTROL" value="ignoredups:ignorespace" />
    <property name="env.GOROOT" value="/home/travis/.gimme/versions/go1.7.4.linux.amd64" />
    <property name="line.separator" value="&#xa;" />
    <property name="target" value="1.8" />
    <property name="env.TRAVIS_BUILD_DIR" value="/home/travis/build/icyphy/ptII" />
    <property name="env.ANT_OPTS" value="-Xmx2048m" />
    <property name="ant.file.type" value="file" />
    <property name="ptolemy.ptII.batchMode" value="true" />
    <property name="env.HISTSIZE" value="1000" />
    <property name="env.MERB_ENV" value="test" />
    <property name="java.vm.info" value="mixed mode" />
    <property name="source" value="1.8" />
    <property name="java.vm.specification.name" value="Java Virtual Machine Specification" />
    <property name="env.TRAVIS_TEST_RESULT" value="0" />
    <property name="jsdoc.command" value="node_modules/@terraswarm/jsdoc/jsdoc.js" />
    <property name="npm.works" value="true" />
    <property name="cobertura.dir" value="/home/travis/build/icyphy/ptII/vendors/cobertura-2.0.3" />
    <property name="env.rvm_path" value="/home/travis/.rvm" />
    <property name="env.GEM_PATH" value="/home/travis/.rvm/gems/ruby-2.4.1:/home/travis/.rvm/gems/ruby-2.4.1@global" />
    <property name="env.LC_CTYPE" value="en_US.UTF-8" />
    <property name="java.awt.printerjob" value="sun.print.PSPrinterJob" />
    <property name="env.TRAVIS_STACK_NAME" value="garnet" />
    <property name="ant.version" value="Apache Ant(TM) version 1.10.1 compiled on February 2 2017" />
    <property name="ptII.reports" value="/home/travis/build/icyphy/ptII/reports" />
    <property name="env.TRAVIS_STACK_TIMESTAMP" value="2017-12-05 19:33:09 UTC" />
    <property name="ant.file.type.ptII" value="file" />
    <property name="env.RBENV_SHELL" value="bash" />
    <property name="os.name" value="Linux" />
    <property name="java.specification.vendor" value="Oracle Corporation" />
    <property name="env.rvm_version" value="1.29.3 (latest)" />
    <property name="env.TERM" value="xterm" />
    <property name="java.vm.name" value="Java HotSpot(TM) 64-Bit Server VM" />
    <property name="env.TRAVIS_BUILD_NUMBER" value="594" />
    <property name="env.CI" value="true" />
    <property name="java.library.path" value="/home/travis/pthla/certi-tools/lib:/usr/lib/jni:/usr/local/share/OpenCV/java/:/usr/share/OpenCV/java::/usr/java/packages/lib/amd64:/usr/lib64:/lib64:/lib:/usr/lib" />
    <property name="env.rvm_prefix" value="/home/travis" />
    <property name="env.PATH" value="/home/travis/pthla/certi-tools/share/scripts:/home/travis/.rvm/gems/ruby-2.4.1/bin:/home/travis/.rvm/gems/ruby-2.4.1@global/bin:/home/travis/.rvm/rubies/ruby-2.4.1/bin:/home/travis/.rvm/bin:/home/travis/.nvm/versions/node/v7.10.1/bin:./node_modules/.bin:/home/travis/build/icyphy/ptII/bin:/home/travis/pthla/certi-tools/bin:/home/travis/bin:/home/travis/.local/bin:/opt/pyenv/shims:/home/travis/.phpenv/shims:/home/travis/perl5/perlbrew/bin:/home/travis/.kiex/elixirs/elixir-1.4.5/bin:/home/travis/.kiex/bin:/home/travis/gopath/bin:/home/travis/.gimme/versions/go1.7.4.linux.amd64/bin:/usr/local/phantomjs/bin:/usr/local/phantomjs:/usr/local/neo4j-3.2.7/bin:/usr/local/maven-3.5.2/bin:/usr/local/cmake-3.9.2/bin:/usr/local/clang-5.0.0/bin:/usr/local/sbin:/usr/local/bin:/usr/sbin:/usr/bin:/sbin:/bin:/home/travis/.phpenv/bin:/opt/pyenv/bin:/home/travis/.yarn/bin" />
    <property name="env.TRAVIS_OS_NAME" value="linux" />
    <property name="ant.java.version" value="1.8" />
    <property name="basedir" value="/home/travis/build/icyphy/ptII" />
    <property name="java.class.version" value="52.0" />
    <property name="env.SHLVL" value="3" />
    <property name="env.LD_LIBRARY_PATH" value="/home/travis/pthla/certi-tools/lib:/usr/lib/jni:/usr/local/share/OpenCV/java/:/usr/share/OpenCV/java:" />
    <property name="env.RACK_ENV" value="test" />
    <property name="ant.home" value="/home/travis/build/icyphy/ptII/ant" />
    <property name="env.NVM_DIR" value="/home/travis/.nvm" />
    <property name="env.PERLBREW_BASHRC_VERSION" value="0.80" />
    <property name="env.CERTI_FOM_PATH" value="/home/travis/pthla/certi-tools/share/federations" />
    <property name="env.TRAVIS_BUILD_ID" value="392801229" />
    <property name="env.PYENV_ROOT" value="/opt/pyenv" />
    <property name="env.TRAVIS_UID" value="2000" />
    <property name="env.rvm_pretty_print_flag" value="auto" />
    <property name="env.NVM_BIN" value="/home/travis/.nvm/versions/node/v7.10.1/bin" />
    <property name="env.TRAVIS_COMMIT" value="b7eb483fca2fed95393ab0d708ae9a26579f9d21" />
    <property name="env._system_arch" value="x86_64" />
    <property name="node.executable" value="node" />
    <property name="sun.boot.library.path" value="/usr/lib/jvm/java-8-oracle/jre/lib/amd64" />
    <property name="sun.management.compiler" value="HotSpot 64-Bit Tiered Compilers" />
    <property name="env.GOPATH" value="/home/travis/gopath" />
    <property name="java.awt.graphicsenv" value="sun.awt.X11GraphicsEnvironment" />
    <property name="ptolemy.ptII.dir" value="/home/travis/build/icyphy/ptII" />
    <property name="env.USER" value="travis" />
    <property name="env.HISTFILESIZE" value="2000" />
    <property name="timeout.longest" value="19000000" />
    <property name="env.TRAVIS_STACK_FEATURES" value="basic cassandra chromium couchdb disabled-ipv6 docker docker-compose elasticsearch firefox go-toolchain google-chrome jdk memcached mongodb mysql neo4j nodejs_interpreter perl_interpreter perlbrew phantomjs postgresql python_interpreter rabbitmq redis riak ruby_interpreter sqlite xserver" />
    <property name="env.TRAVIS_PULL_REQUEST" value="false" />
    <property name="env.PYENV_SHELL" value="bash" />
    <property name="ant.project.name" value="ptII" />
    <property name="java.vm.specification.version" value="1.8" />
    <property name="env.CERTI_VERSION" value="4.0.0" />
    <property name="env.NLSPATH" value="/usr/dt/lib/nls/msg/%L/%N.cat" />
    <property name="awt.toolkit" value="sun.awt.X11.XToolkit" />
    <property name="env.CERTI_HOST" value="localhost" />
    <property name="env.MY_RUBY_HOME" value="/home/travis/.rvm/rubies/ruby-2.4.1" />
    <property name="sun.cpu.isalist" value="" />
    <property name="java.ext.dirs" value="/usr/lib/jvm/java-8-oracle/jre/lib/ext:/usr/java/packages/lib/ext" />
    <property name="os.version" value="4.4.0-101-generic" />
    <property name="user.home" value="/home/travis" />
    <property name="env.MIX_ARCHIVES" value="/home/travis/.kiex/mix/elixir-1.4.5" />
    <property name="java.vm.vendor" value="Oracle Corporation" />
    <property name="env.TRAVIS_TAG" value="nightly" />
    <property name="env.TRAVIS_FILTERED" value="redirect_io" />
    <property name="javadoc.excludepackagenames" value="adm.cvs2svn.*,build.*,config.*,doc.coding.templates.*,jni.test.jni.meaningOfLife.*,jni.test.jni.testDeux.*,jni.test.jni.testTrois.*,org.terraswarm.accessor.accessors.web.node_modules.*,org.terraswarm.accessor.accessors.web.hosts.cordova.demo.*,org.terraswarm.accessor.accessors.web.hosts.cordova.plugins.*,org.terraswarm.accessor.accessors-svn.*,pt-modules.*,ptolemy.apps.agilent.*,ptolemy.apps.anytimecontrol.*,ptolemy.apps.apes.*,ptolemy.apps.charon.*,ptolemy.apps.crazyboard.*,ptolemy.apps.eclipse.*,ptolemy.apps.etherealSting.*,ptolemy.apps.fullscreen.*,ptolemy.apps.giotto.*,ptolemy.apps.ia.*,ptolemy.apps.interfaces.*,ptolemy.apps.jmf.*,ptolemy.apps.kurt.*,ptolemy.apps.kvm.*,ptolemy.apps.lego.*,ptolemy.apps.lejos.*,ptolemy.apps.midp.*,ptolemy.apps.mobileCoding.*,ptolemy.apps.pendulum.*,ptolemy.apps.rijndael.*,ptolemy.apps.robot.*,ptolemy.apps.security.*,ptolemy.apps.sobel.*,ptolemy.apps.soot.*,ptolemy.apps.throttle.*,ptolemy.apps.tini.*,ptolemy.apps.transmission.*,ptolemy.apps.vergil.*,ptolemy.apps.waba.*,ptolemy.apps.websensor.*,ptolemy.apps.webstart.*,ptolemy.apps.xsl.*,ptolemy.apps.zaurus.*,ptolemy.backtrack.eclipse.plugin.*,ptolemy.backtrack.test.*,ptolemy.codegen.c.actor.lib.oldJavaFiles.*,ptolemy.codegen.dsp.lib.*,ptolemy.codegen.kernel.newInterfaces.*,ptolemy.codegen.lib.*,ptolemy.copernicus.kernel.fragment.*,ptolemy.copernicus.shallow.cg.*,ptolemy.domains.giotto.demo.Hierarchy.Hierarchy.*,ptolemy.domains.giotto.demo.Multimode.Multimode.*,ptolemy.domains.giotto.demo.Simple.Simple.*,ptolemy.domains.gr.lib.experimental.*,ptolemy.domains.gro.*,ptolemy.domains.pdf.*,ptolemy.domains.ptinyos.demo.Surge.output.*,ptolemy.moml.test.NoPackageActor.java*,ptolemy.plot.adm.*,ptolemy.plot.servlet.*,reports.*,signed.*,src.*,target.*,vendors.*,ptolemy.cg.adapter.generic.program.procedural.c.mbed*,ptolemy.actor.lib.fmi.fmus.omc*,ptolemy.domains.openmodelica*,ptdb.kernel.bl.save.test.*,ptdb.kernel.bl.load.test.*,ptdb.kernel.bl.search.test.*,ptdb.kernel.bl.migration.test.*,ptdb.kernel.database.test.*,ptdb.test.*,ptdb.gui.test.*,org.ptolemy.scala.*,diva.util.java2d.svg.*,ptolemy.domains.ptinyos.*,ptolemy.actor.lib.fmi.fmipp.*,,org.terraswarm.accessor.accessors.web.node_modules.*,org.terraswarm.accessor.accessors-svn,ptolemy.apps.*,ptolemy.actor.ptalon.demo.ptinyos.SendAndReceiveCnt.output,ptolemy.actor.ptalon.demo.ptinyos.SenseToLeds.output,ptolemy.domains.ptinyos.demo.CntToLedsAndRfm.output,ptolemy.domains.ptinyos.demo.RfmToLeds.output,ptolemy.domains.ptinyos.demo.SendAndReceiveCnt.output,ptolemy.domains.ptinyos.demo.SenseToLeds.output,ptolemy.actor.lib.jjs.modules.udpSocket.*" />
    <property name="env.JAVA_HOME" value="/usr/lib/jvm/java-8-oracle" />
    <property name="env.PTII" value="/home/travis/build/icyphy/ptII" />
    <property name="env.TRAVIS_COMMIT_MESSAGE" value="Updated from beta to 1." />
    <property name="keystore" value="ptKeystore" />
    <property name="env.XDG_SESSION_ID" value="2" />
    <property name="junit.output.dir" value="/home/travis/build/icyphy/ptII/reports/junit" />
    <property name="npm.return.code" value="0" />
    <property name="user.dir" value="/home/travis/build/icyphy/ptII/ptolemy/actor/lib/test" />
    <property name="env.TRAVIS_NODE_VERSION" value="7" />
    <property name="env.XFILESEARCHPATH" value="/usr/dt/app-defaults/%L/Dt" />
    <property name="env.TRAVIS_EVENT_TYPE" value="push" />
    <property name="env.MAIL" value="/var/mail/travis" />
    <property name="env.PWD" value="/home/travis/build/icyphy/ptII" />
    <property name="env.PERLBREW_ROOT" value="/home/travis/perl5/perlbrew" />
    <property name="timeout.npm" value="45000" />
    <property name="env.PAGER" value="cat" />
    <property name="sun.cpu.endian" value="little" />
    <property name="env.TRAVIS_BUILD_STAGE_NAME" value="Test" />
    <property name="env.PERLBREW_HOME" value="/home/travis/.perlbrew" />
    <property name="env.RAILS_ENV" value="test" />
    <property name="java.vm.version" value="25.151-b12" />
    <property name="java.class.path" value="/home/travis/.ptolemyII:/home/travis/.ptolemyII/*:/home/travis/build/icyphy/ptII:/home/travis/build/icyphy/ptII/lib/bsh-2.0b4.jar:/home/travis/build/icyphy/ptII/lib/ptCal.jar:/home/travis/build/icyphy/ptII/lib/java_cup.jar:/home/travis/build/icyphy/ptII/lib/saxon8.jar:/home/travis/build/icyphy/ptII/lib/saxon8-dom.jar:/home/travis/build/icyphy/ptII/lib/chic.jar:/home/travis/build/icyphy/ptII/lib/ptcolt.jar:/usr/lib/jvm/java-8-oracle/lib/tools.jar:/usr/lib/eclipse/plugins/org.eclipse.jdt.core_3.8.2.dist.jar:/usr/lib/eclipse/plugins/org.eclipse.core.runtime_3.8.0.dist.jar:/usr/lib/eclipse/plugins/org.eclipse.osgi_3.8.1.dist.jar:/usr/lib/eclipse/plugins/org.eclipse.core.resources_3.8.1.dist.jar:/usr/lib/eclipse/plugins/org.eclipse.equinox.common_3.6.100.dist.jar:/usr/lib/eclipse/plugins/org.eclipse.core.jobs_3.5.200.dist.jar:/usr/lib/eclipse/plugins/org.eclipse.core.contenttype_3.4.200.dist.jar:/usr/lib/eclipse/plugins/org.eclipse.equinox.preferences_3.5.0.dist.jar:/usr/lib/eclipse/plugins/org.eclipse.text_3.5.200.dist.jar:/usr/lib/eclipse/plugins/org.eclipse.ui.workbench_3.8.1.dist.jar:/usr/lib/eclipse/plugins/org.eclipse.jface_3.8.0.dist.jar:/usr/lib/eclipse/plugins/org.eclipse.swt_3.8.2.jar:/usr/lib/eclipse/plugins/org.eclipse.jface.text_3.8.1.dist.jar:/usr/lib/eclipse/plugins/org.eclipse.ui.workbench.texteditor_3.8.0.dist.jar:/usr/lib/eclipse/plugins/org.eclipse.ui.editors_3.8.0.dist.jar:/usr/lib/eclipse/plugins/org.eclipse.core.commands_3.6.1.dist.jar:/usr/lib/eclipse/plugins/org.eclipse.equinox.registry_3.5.200.dist.jar:/usr/lib/eclipse/plugins/org.eclipse.ui.console_3.5.100.dist.jar:/usr/lib/eclipse/plugins/org.eclipse.ui.forms_3.5.200.dist.jar:/usr/lib/eclipse/plugins/org.eclipse.ui.ide_3.8.1.dist.jar:/home/travis/build/icyphy/ptII/vendors/oracle/dbxml.jar:/home/travis/build/icyphy/ptII/vendors/oracle/db.jar:/home/travis/build/icyphy/ptII/vendors/misc/itext/iText.jar:/home/travis/build/icyphy/ptII/lib/g4ltl.jar:/home/travis/build/icyphy/ptII/lib/StructuralCoder.jar:/home/travis/build/icyphy/ptII/lib/org-openide-util.jar:/home/travis/build/icyphy/ptII/lib/org-openide-util-lookup.jar:/home/travis/build/icyphy/ptII/lib/org-netbeans-api-visual.jar:/home/travis/build/icyphy/ptII/vendors/jai-1_1_2_01/lib/jai_core.jar:/home/travis/build/icyphy/ptII/vendors/jai-1_1_2_01/lib/jai_codec.jar:/home/travis/build/icyphy/ptII/lib/jcerti.jar:/home/travis/build/icyphy/ptII/lib/smack.jar:/home/travis/build/icyphy/ptII/lib/smackx.jar:/home/travis/build/icyphy/ptII/lib/jetty-all-8.1.5-v20120716.jar:/home/travis/build/icyphy/ptII/lib/javax.servlet-api-3.0.1.jar:/home/travis/build/icyphy/ptII/lib/javax.mail.jar:/home/travis/build/icyphy/ptII/vendors/JMF-2.1.1e/lib/jmf.jar:/home/travis/build/icyphy/ptII/lib/jna-4.0.0-variadic.jar:/home/travis/build/icyphy/ptII/vendors/misc/joystick/Joystick.jar:/home/travis/build/icyphy/ptII/lib/ptjacl.jar:/home/travis/build/icyphy/ptII/lib/jsoup-1.8.2.jar:/home/travis/build/icyphy/ptII/lib/junit-4.8.2.jar:/home/travis/build/icyphy/ptII/lib/JUnitParams-0.4.0.jar:/home/travis/build/icyphy/ptII/ptolemy/actor/lib/excel/jxl.jar:/home/travis/build/icyphy/ptII/lib/jython.jar:/home/travis/build/icyphy/ptII/lib/kieler.jar:/home/travis/build/icyphy/ptII/vendors/opencv/share/OpenCV/java/opencv-341.jar:/home/travis/build/icyphy/ptII/lib/oscP5.jar:/home/travis/build/icyphy/ptII/lib/nrjavaserial-3.11.0.devel.jar:/home/travis/build/icyphy/ptII/vendors/j3d/lib/j3dcore.jar:/home/travis/build/icyphy/ptII/vendors/j3d/lib/j3dutils.jar:/home/travis/build/icyphy/ptII/vendors/j3d/lib/vecmath.jar:/home/travis/build/icyphy/ptII/ptolemy/distributed/jini/jar/jini-core.jar:/home/travis/build/icyphy/ptII/ptolemy/distributed/jini/jar/jini-ext.jar:/home/travis/build/icyphy/ptII/ptolemy/distributed/jini/jar/sun-util.jar:/home/travis/build/icyphy/ptII/lib/protobuf-java-2.4.1.jar:/home/travis/build/icyphy/ptII/lib/org.eclipse.paho.client.mqttv3.jar:/home/travis/build/icyphy/ptII/ptserver/lib/hessian-4.0.7.jar:/home/travis/build/icyphy/ptII/ptserver/lib/wmqtt.jar:/home/travis/build/icyphy/ptII/lib/mapss.jar:/home/travis/build/icyphy/ptII/ptolemy/actor/ptalon/antlr/antlr.jar:/home/travis/build/icyphy/ptII/lib/JRI.jar:/home/travis/build/icyphy/ptII/lib/commons-lang-2.6.jar:/home/travis/build/icyphy/ptII/lib/commons-logging-1.1.1.jar:/home/travis/build/icyphy/ptII/lib/sootclasses.jar:/home/travis/build/icyphy/ptII/ptolemy/actor/lib/database/mysql-connector-java-5.1.6-bin.jar:/home/travis/build/icyphy/ptII/vendors/misc/sphinx4/sphinx4-data-5prealpha.jar:/home/travis/build/icyphy/ptII/vendors/misc/sphinx4/sphinx4-core-5prealpha.jar:/home/travis/build/icyphy/ptII/lib/PDFRenderer.jar:/home/travis/build/icyphy/ptII/lib/svgSalamander.jar:/home/travis/build/icyphy/ptII/lib/rsyntaxtextarea-2.6.0-SNAPSHOT.jar:/home/travis/build/icyphy/ptII/lib/hazelcast-3.8.2.jar:/home/travis/build/icyphy/ptII/lib/jackson-annotations-2.9.0.jar:/home/travis/build/icyphy/ptII/lib/jackson-core-2.9.3.jar:/home/travis/build/icyphy/ptII/lib/jackson-databind-2.9.3.jar:/home/travis/build/icyphy/ptII/lib/netty-buffer-4.1.19.Final.jar:/home/travis/build/icyphy/ptII/lib/netty-codec-4.1.19.Final.jar:/home/travis/build/icyphy/ptII/lib/netty-codec-dns-4.1.19.Final.jar:/home/travis/build/icyphy/ptII/lib/netty-codec-http-4.1.19.Final.jar:/home/travis/build/icyphy/ptII/lib/netty-codec-http2-4.1.19.Final.jar:/home/travis/build/icyphy/ptII/lib/netty-common-4.1.19.Final.jar:/home/travis/build/icyphy/ptII/lib/netty-handler-4.1.19.Final.jar:/home/travis/build/icyphy/ptII/lib/netty-resolver-4.1.19.Final.jar:/home/travis/build/icyphy/ptII/lib/netty-resolver-dns-4.1.19.Final.jar:/home/travis/build/icyphy/ptII/lib/netty-transport-4.1.19.Final.jar:/home/travis/build/icyphy/ptII/lib/vertx-codegen-3.5.1.jar:/home/travis/build/icyphy/ptII/lib/vertx-core-3.5.2-SNAPSHOT.jar:/home/travis/build/icyphy/ptII/lib/vertx-hazelcast-3.5.1.jar:/home/travis/build/icyphy/ptII/lib/vertx-lang-js-3.5.1.jar:/home/travis/build/icyphy/ptII/lib/vertx-service-proxy-3.5.1.jar:/home/travis/build/icyphy/ptII/lib/vertx-web-3.5.1.jar:/home/travis/build/icyphy/ptII/lib/slf4j-api-1.7.13.jar:/home/travis/build/icyphy/ptII/lib/slf4j-simple-1.7.13.jar:/home/travis/build/icyphy/ptII/lib/webcam-capture-0.3.12.jar:/home/travis/build/icyphy/ptII/lib/bridj-0.7.0.jar:/home/travis/build/icyphy/ptII/lib/xbjlib-1.1.0.nrjavaserial.jar:/home/travis/build/icyphy/ptII/ptolemy/moml/test:/home/travis/build/icyphy/ptII/ant/lib/ant-launcher.jar:/home/travis/build/icyphy/ptII/ant/lib/ant.jar:/home/travis/build/icyphy/ptII/ant/lib/ant-junit.jar:/home/travis/build/icyphy/ptII/ant/lib/ant-junit4.jar" />
    <property name="ant.library.dir" value="/home/travis/build/icyphy/ptII/ant/lib" />
    <property name="os.arch" value="amd64" />
    <property name="env.TRAVIS_LANGUAGE" value="node_js" />
    <property name="env.CONTINUOUS_INTEGRATION" value="true" />
    <property name="env.TRAVIS_STACK_LANGUAGES" value="__garnet__ c c++ clojure cplusplus cpp default go groovy java node_js php pure_java python ruby scala" />
    <property name="test.name" value="ptolemy.actor.lib.test.junit.JUnitTclTest" />
    <property name="sun.java.launcher" value="SUN_STANDARD" />
    <property name="env.PYTHON_CONFIGURE_OPTS" value="--enable-unicode=ucs4 --with-wide-unicode --enable-shared --enable-ipv6 --enable-loadable-sqlite-extensions --with-computed-gotos" />
    <property name="ant.core.lib" value="/home/travis/build/icyphy/ptII/ant/lib/ant.jar" />
    <property name="java.vm.specification.vendor" value="Oracle Corporation" />
    <property name="env.BCVTB_HOME" value="/home/travis/build/icyphy/ptII/lbnl" />
    <property name="file.separator" value="/" />
    <property name="java.runtime.version" value="1.8.0_151-b12" />
    <property name="spotbugs.home" value="/home/travis/build/icyphy/ptII/vendors/spotbugs-3.1.1" />
    <property name="sun.boot.class.path" value="/usr/lib/jvm/java-8-oracle/jre/lib/resources.jar:/usr/lib/jvm/java-8-oracle/jre/lib/rt.jar:/usr/lib/jvm/java-8-oracle/jre/lib/sunrsasign.jar:/usr/lib/jvm/java-8-oracle/jre/lib/jsse.jar:/usr/lib/jvm/java-8-oracle/jre/lib/jce.jar:/usr/lib/jvm/java-8-oracle/jre/lib/charsets.jar:/usr/lib/jvm/java-8-oracle/jre/lib/jfr.jar:/usr/lib/jvm/java-8-oracle/jre/classes" />
    <property name="env.HAS_JOSH_K_SEAL_OF_APPROVAL" value="true" />
    <property name="env.TRAVIS_OSX_IMAGE" value="" />
    <property name="env.XDG_RUNTIME_DIR" value="/run/user/2000" />
    <property name="env.TRAVIS_BRANCH" value="master" />
    <property name="env.TRAVIS_JOB_ID" value="392801237" />
    <property name="env.CERTI_HOME_TRAVIS" value="/home/travis/pthla/certi-tools" />
    <property name="user.country" value="US" />
    <property name="env.SHELL" value="/bin/bash" />
    <property name="java.maxmemory.large" value="5000m" />
    <property name="model" value="" />
    <property name="env.CASHER_DIR" value="/home/travis/.casher" />
    <property name="env.NVM_CD_FLAGS" value="" />
    <property name="jshint.executable" value="/home/travis/node_modules/jshint/bin/jshint" />
    <property name="java.vendor" value="Oracle Corporation" />
    <property name="env.JRUBY_OPTS" value=" --client -J-XX:+TieredCompilation -J-XX:TieredStopAtLevel=1 -J-Xss2m -Xcompile.invokedynamic=false" />
    <property name="env.TRAVIS_PRE_CHEF_BOOTSTRAP_TIME" value="2017-12-05T19:32:55" />
    <property name="env.TRAVIS_STACK_JOB_BOARD_REGISTER" value="/.job-board-register.yml" />
    <property name="env.ELIXIR_VERSION" value="1.4.5" />
    <property name="java.specification.version" value="1.8" />
    <property name="env.IRBRC" value="/home/travis/.rvm/rubies/ruby-2.4.1/.irbrc" />
    <property name="env.TRAVIS" value="true" />
    <property name="sun.arch.data.model" value="64" />
  </properties>
  <testcase classname="ptolemy.util.test.junit.TclTests" name="[0] /home/travis/build/icyphy/ptII/ptolemy/actor/lib/test/AbsoluteValue.tcl (RunTclFile)" time="0.446" />
  <testcase classname="ptolemy.util.test.junit.TclTests" name="[1] /home/travis/build/icyphy/ptII/ptolemy/actor/lib/test/AddSubtract.tcl (RunTclFile)" time="0.061" />
  <testcase classname="ptolemy.util.test.junit.TclTests" name="[2] /home/travis/build/icyphy/ptII/ptolemy/actor/lib/test/Average.tcl (RunTclFile)" time="0.051" />
  <testcase classname="ptolemy.util.test.junit.TclTests" name="[3] /home/travis/build/icyphy/ptII/ptolemy/actor/lib/test/Bernoulli.tcl (RunTclFile)" time="0.026" />
  <testcase classname="ptolemy.util.test.junit.TclTests" name="[4] /home/travis/build/icyphy/ptII/ptolemy/actor/lib/test/Clock.tcl (RunTclFile)" time="0.065" />
  <testcase classname="ptolemy.util.test.junit.TclTests" name="[5] /home/travis/build/icyphy/ptII/ptolemy/actor/lib/test/Commutator.tcl (RunTclFile)" time="0.081" />
  <testcase classname="ptolemy.util.test.junit.TclTests" name="[6] /home/travis/build/icyphy/ptII/ptolemy/actor/lib/test/Const.tcl (RunTclFile)" time="0.117" />
  <testcase classname="ptolemy.util.test.junit.TclTests" name="[7] /home/travis/build/icyphy/ptII/ptolemy/actor/lib/test/CurrentTime.tcl (RunTclFile)" time="0.039" />
  <testcase classname="ptolemy.util.test.junit.TclTests" name="[8] /home/travis/build/icyphy/ptII/ptolemy/actor/lib/test/DB.tcl (RunTclFile)" time="0.034" />
  <testcase classname="ptolemy.util.test.junit.TclTests" name="[9] /home/travis/build/icyphy/ptII/ptolemy/actor/lib/test/DiscreteRandomSource.tcl (RunTclFile)" time="0.046" />
  <testcase classname="ptolemy.util.test.junit.TclTests" name="[10] /home/travis/build/icyphy/ptII/ptolemy/actor/lib/test/Distributor.tcl (RunTclFile)" time="0.043" />
  <testcase classname="ptolemy.util.test.junit.TclTests" name="[11] /home/travis/build/icyphy/ptII/ptolemy/actor/lib/test/Exit.tcl (RunTclFile)" time="0.057" />
  <testcase classname="ptolemy.util.test.junit.TclTests" name="[12] /home/travis/build/icyphy/ptII/ptolemy/actor/lib/test/Expression.tcl (RunTclFile)" time="0.072" />
  <testcase classname="ptolemy.util.test.junit.TclTests" name="[13] /home/travis/build/icyphy/ptII/ptolemy/actor/lib/test/Gaussian.tcl (RunTclFile)" time="0.642" />
  <testcase classname="ptolemy.util.test.junit.TclTests" name="[14] /home/travis/build/icyphy/ptII/ptolemy/actor/lib/test/IIR.tcl (RunTclFile)" time="0.042" />
  <testcase classname="ptolemy.util.test.junit.TclTests" name="[15] /home/travis/build/icyphy/ptII/ptolemy/actor/lib/test/Interpolator.tcl (RunTclFile)" time="0.105" />
  <testcase classname="ptolemy.util.test.junit.TclTests" name="[16] /home/travis/build/icyphy/ptII/ptolemy/actor/lib/test/MathFunction.tcl (RunTclFile)" time="0.072" />
  <testcase classname="ptolemy.util.test.junit.TclTests" name="[17] /home/travis/build/icyphy/ptII/ptolemy/actor/lib/test/Maximum.tcl (RunTclFile)" time="0.033" />
  <testcase classname="ptolemy.util.test.junit.TclTests" name="[18] /home/travis/build/icyphy/ptII/ptolemy/actor/lib/test/Minimum.tcl (RunTclFile)" time="0.02" />
  <testcase classname="ptolemy.util.test.junit.TclTests" name="[19] /home/travis/build/icyphy/ptII/ptolemy/actor/lib/test/MultiplyDivide.tcl (RunTclFile)" time="0.022" />
  <testcase classname="ptolemy.util.test.junit.TclTests" name="[20] /home/travis/build/icyphy/ptII/ptolemy/actor/lib/test/OrderedMerge.tcl (RunTclFile)" time="0.103" />
  <testcase classname="ptolemy.util.test.junit.TclTests" name="[21] /home/travis/build/icyphy/ptII/ptolemy/actor/lib/test/Publisher.tcl (RunTclFile)" time="0.696" />
  <testcase classname="ptolemy.util.test.junit.TclTests" name="[22] /home/travis/build/icyphy/ptII/ptolemy/actor/lib/test/Pulse.tcl (RunTclFile)" time="0.086" />
  <testcase classname="ptolemy.util.test.junit.TclTests" name="[23] /home/travis/build/icyphy/ptII/ptolemy/actor/lib/test/Ramp.tcl (RunTclFile)" time="1.804" />
  <testcase classname="ptolemy.util.test.junit.TclTests" name="[24] /home/travis/build/icyphy/ptII/ptolemy/actor/lib/test/RampContinuous.tcl (RunTclFile)" time="0.017" />
  <testcase classname="ptolemy.util.test.junit.TclTests" name="[25] /home/travis/build/icyphy/ptII/ptolemy/actor/lib/test/RecordAssembler.tcl (RunTclFile)" time="0.014" />
  <testcase classname="ptolemy.util.test.junit.TclTests" name="[26] /home/travis/build/icyphy/ptII/ptolemy/actor/lib/test/RecordDisassembler.tcl (RunTclFile)" time="0.018" />
  <testcase classname="ptolemy.util.test.junit.TclTests" name="[27] /home/travis/build/icyphy/ptII/ptolemy/actor/lib/test/Scale.tcl (RunTclFile)" time="0.024" />
  <testcase classname="ptolemy.util.test.junit.TclTests" name="[28] /home/travis/build/icyphy/ptII/ptolemy/actor/lib/test/SequentialClock.tcl (RunTclFile)" time="0.017" />
  <testcase classname="ptolemy.util.test.junit.TclTests" name="[29] /home/travis/build/icyphy/ptII/ptolemy/actor/lib/test/SetVariable.tcl (RunTclFile)" time="0.023" />
  <testcase classname="ptolemy.util.test.junit.TclTests" name="[30] /home/travis/build/icyphy/ptII/ptolemy/actor/lib/test/Sinewave.tcl (RunTclFile)" time="0.05" />
  <testcase classname="ptolemy.util.test.junit.TclTests" name="[31] /home/travis/build/icyphy/ptII/ptolemy/actor/lib/test/SubscriptionAggregator.tcl (RunTclFile)" time="1.872" />
  <testcase classname="ptolemy.util.test.junit.TclTests" name="[32] /home/travis/build/icyphy/ptII/ptolemy/actor/lib/test/Test.tcl (RunTclFile)" time="0.066" />
  <testcase classname="ptolemy.util.test.junit.TclTests" name="[33] /home/travis/build/icyphy/ptII/ptolemy/actor/lib/test/TestExceptionHandler.tcl (RunTclFile)" time="0.01" />
  <testcase classname="ptolemy.util.test.junit.TclTests" name="[34] /home/travis/build/icyphy/ptII/ptolemy/actor/lib/test/UnionDisassembler.tcl (RunTclFile)" time="0.049" />
  <testcase classname="ptolemy.util.test.junit.TclTests" name="[35] /home/travis/build/icyphy/ptII/ptolemy/actor/lib/test/VariableClock.tcl (RunTclFile)" time="0.029" />
  <testcase classname="ptolemy.util.test.junit.AutoKnownFailedTests" name="[0] /home/travis/build/icyphy/ptII/ptolemy/actor/lib/test/auto/knownFailedTests/PublisherPortToplevelSubscriber.xml (RunModel)" time="0.021" />
  <testcase classname="ptolemy.util.test.junit.AutoKnownFailedTests" name="[1] /home/travis/build/icyphy/ptII/ptolemy/actor/lib/test/auto/knownFailedTests/PublisherSubscriberPortToplevel.xml (RunModel)" time="0.019" />
  <testcase classname="ptolemy.util.test.junit.AutoKnownFailedTests" name="[2] /home/travis/build/icyphy/ptII/ptolemy/actor/lib/test/auto/knownFailedTests/PublisherSubscriptionAggregatorPort.xml (RunModel)" time="0.024" />
  <testcase classname="ptolemy.util.test.junit.AutoKnownFailedTests" name="[3] /home/travis/build/icyphy/ptII/ptolemy/actor/lib/test/auto/knownFailedTests/sizedarray3.xml (RunModel)" time="0.024" />
  <testcase classname="ptolemy.util.test.junit.AutoNameArchTests" name="[0] ThereAreNoAutoArchTests (RunModel)" time="0.002" />
  <testcase classname="ptolemy.util.test.junit.AutoTests" name="[0] /home/travis/build/icyphy/ptII/ptolemy/actor/lib/test/auto/AbsoluteValue.xml (RunModel)" time="0.11" />
  <testcase classname="ptolemy.util.test.junit.AutoTests" name="[1] /home/travis/build/icyphy/ptII/ptolemy/actor/lib/test/auto/AbsoluteValue2.xml (RunModel)" time="0.066" />
  <testcase classname="ptolemy.util.test.junit.AutoTests" name="[2] /home/travis/build/icyphy/ptII/ptolemy/actor/lib/test/auto/Accumulator.xml (RunModel)" time="0.079" />
  <testcase classname="ptolemy.util.test.junit.AutoTests" name="[3] /home/travis/build/icyphy/ptII/ptolemy/actor/lib/test/auto/Accumulator2.xml (RunModel)" time="0.023" />
  <testcase classname="ptolemy.util.test.junit.AutoTests" name="[4] /home/travis/build/icyphy/ptII/ptolemy/actor/lib/test/auto/Accumulator3.xml (RunModel)" time="0.049" />
  <testcase classname="ptolemy.util.test.junit.AutoTests" name="[5] /home/travis/build/icyphy/ptII/ptolemy/actor/lib/test/auto/ArrayAppend.xml (RunModel)" time="0.031" />
  <testcase classname="ptolemy.util.test.junit.AutoTests" name="[6] /home/travis/build/icyphy/ptII/ptolemy/actor/lib/test/auto/ArrayAppend2.xml (RunModel)" time="0.398" />
  <testcase classname="ptolemy.util.test.junit.AutoTests" name="[7] /home/travis/build/icyphy/ptII/ptolemy/actor/lib/test/auto/ArrayAppend3.xml (RunModel)" time="0.034" />
  <testcase classname="ptolemy.util.test.junit.AutoTests" name="[8] /home/travis/build/icyphy/ptII/ptolemy/actor/lib/test/auto/ArrayAppend4.xml (RunModel)" time="0.022" />
  <testcase classname="ptolemy.util.test.junit.AutoTests" name="[9] /home/travis/build/icyphy/ptII/ptolemy/actor/lib/test/auto/ArrayAppend5.xml (RunModel)" time="0.026" />
  <testcase classname="ptolemy.util.test.junit.AutoTests" name="[10] /home/travis/build/icyphy/ptII/ptolemy/actor/lib/test/auto/ArrayAppend6.xml (RunModel)" time="0.026" />
  <testcase classname="ptolemy.util.test.junit.AutoTests" name="[11] /home/travis/build/icyphy/ptII/ptolemy/actor/lib/test/auto/ArrayAppendPerformanceTest.xml (RunModel)" time="0.048" />
  <testcase classname="ptolemy.util.test.junit.AutoTests" name="[12] /home/travis/build/icyphy/ptII/ptolemy/actor/lib/test/auto/ArrayAppendWithEmptyInput.xml (RunModel)" time="0.052" />
  <testcase classname="ptolemy.util.test.junit.AutoTests" name="[13] /home/travis/build/icyphy/ptII/ptolemy/actor/lib/test/auto/ArrayAverage.xml (RunModel)" time="0.032" />
  <testcase classname="ptolemy.util.test.junit.AutoTests" name="[14] /home/travis/build/icyphy/ptII/ptolemy/actor/lib/test/auto/ArrayContains.xml (RunModel)" time="0.036" />
  <testcase classname="ptolemy.util.test.junit.AutoTests" name="[15] /home/travis/build/icyphy/ptII/ptolemy/actor/lib/test/auto/ArrayElement.xml (RunModel)" time="0.034" />
  <testcase classname="ptolemy.util.test.junit.AutoTests" name="[16] /home/travis/build/icyphy/ptII/ptolemy/actor/lib/test/auto/ArrayElementAsMatrix.xml (RunModel)" time="0.057" />
  <testcase classname="ptolemy.util.test.junit.AutoTests" name="[17] /home/travis/build/icyphy/ptII/ptolemy/actor/lib/test/auto/ArrayElementI.xml (RunModel)" time="0.021" />
  <testcase classname="ptolemy.util.test.junit.AutoTests" name="[18] /home/travis/build/icyphy/ptII/ptolemy/actor/lib/test/auto/ArrayExtract.xml (RunModel)" time="0.047" />
  <testcase classname="ptolemy.util.test.junit.AutoTests" name="[19] /home/travis/build/icyphy/ptII/ptolemy/actor/lib/test/auto/ArrayExtract2.xml (RunModel)" time="0.018" />
  <testcase classname="ptolemy.util.test.junit.AutoTests" name="[20] /home/travis/build/icyphy/ptII/ptolemy/actor/lib/test/auto/ArrayLength.xml (RunModel)" time="0.021" />
  <testcase classname="ptolemy.util.test.junit.AutoTests" name="[21] /home/travis/build/icyphy/ptII/ptolemy/actor/lib/test/auto/ArrayLevelCrossing.xml (RunModel)" time="0.032" />
  <testcase classname="ptolemy.util.test.junit.AutoTests" name="[22] /home/travis/build/icyphy/ptII/ptolemy/actor/lib/test/auto/ArrayLevelCrossing2.xml (RunModel)" time="0.024" />
  <testcase classname="ptolemy.util.test.junit.AutoTests" name="[23] /home/travis/build/icyphy/ptII/ptolemy/actor/lib/test/auto/ArrayPeakSearch.xml (RunModel)" time="0.051" />
  <testcase classname="ptolemy.util.test.junit.AutoTests" name="[24] /home/travis/build/icyphy/ptII/ptolemy/actor/lib/test/auto/ArrayPeakSearch2.xml (RunModel)" time="0.038" />
  <testcase classname="ptolemy.util.test.junit.AutoTests" name="[25] /home/travis/build/icyphy/ptII/ptolemy/actor/lib/test/auto/ArrayPeakSearch3.xml (RunModel)" time="0.075" />
  <testcase classname="ptolemy.util.test.junit.AutoTests" name="[26] /home/travis/build/icyphy/ptII/ptolemy/actor/lib/test/auto/ArrayRemoveElement.xml (RunModel)" time="0.029" />
  <testcase classname="ptolemy.util.test.junit.AutoTests" name="[27] /home/travis/build/icyphy/ptII/ptolemy/actor/lib/test/auto/ArraySort.xml (RunModel)" time="0.034" />
  <testcase classname="ptolemy.util.test.junit.AutoTests" name="[28] /home/travis/build/icyphy/ptII/ptolemy/actor/lib/test/auto/ArraySum.xml (RunModel)" time="0.019" />
  <testcase classname="ptolemy.util.test.junit.AutoTests" name="[29] /home/travis/build/icyphy/ptII/ptolemy/actor/lib/test/auto/ArrayToElements.xml (RunModel)" time="0.023" />
  <testcase classname="ptolemy.util.test.junit.AutoTests" name="[30] /home/travis/build/icyphy/ptII/ptolemy/actor/lib/test/auto/ArrayToMatrix.xml (RunModel)" time="0.059" />
  <testcase classname="ptolemy.util.test.junit.AutoTests" name="[31] /home/travis/build/icyphy/ptII/ptolemy/actor/lib/test/auto/ArrayUpdate1.xml (RunModel)" time="0.015" />
  <testcase classname="ptolemy.util.test.junit.AutoTests" name="[32] /home/travis/build/icyphy/ptII/ptolemy/actor/lib/test/auto/ArrayUpdate2.xml (RunModel)" time="0.024" />
  <testcase classname="ptolemy.util.test.junit.AutoTests" name="[33] /home/travis/build/icyphy/ptII/ptolemy/actor/lib/test/auto/ArrayUpdate3.xml (RunModel)" time="0.015" />
  <testcase classname="ptolemy.util.test.junit.AutoTests" name="[34] /home/travis/build/icyphy/ptII/ptolemy/actor/lib/test/auto/Assert1.xml (RunModel)" time="0.021" />
  <testcase classname="ptolemy.util.test.junit.AutoTests" name="[35] /home/travis/build/icyphy/ptII/ptolemy/actor/lib/test/auto/Assert2.xml (RunModel)" time="0.015" />
  <testcase classname="ptolemy.util.test.junit.AutoTests" name="[36] /home/travis/build/icyphy/ptII/ptolemy/actor/lib/test/auto/BooleanMultiplexor.xml (RunModel)" time="0.013" />
  <testcase classname="ptolemy.util.test.junit.AutoTests" name="[37] /home/travis/build/icyphy/ptII/ptolemy/actor/lib/test/auto/BooleanMultiplexor2.xml (RunModel)" time="0.014" />
  <testcase classname="ptolemy.util.test.junit.AutoTests" name="[38] /home/travis/build/icyphy/ptII/ptolemy/actor/lib/test/auto/BooleanMultiplexor3.xml (RunModel)" time="0.021" />
  <testcase classname="ptolemy.util.test.junit.AutoTests" name="[39] /home/travis/build/icyphy/ptII/ptolemy/actor/lib/test/auto/BooleanSelect.xml (RunModel)" time="0.026" />
  <testcase classname="ptolemy.util.test.junit.AutoTests" name="[40] /home/travis/build/icyphy/ptII/ptolemy/actor/lib/test/auto/BooleanSelect2.xml (RunModel)" time="0.012" />
  <testcase classname="ptolemy.util.test.junit.AutoTests" name="[41] /home/travis/build/icyphy/ptII/ptolemy/actor/lib/test/auto/BooleanSwitch.xml (RunModel)" time="0.014" />
  <testcase classname="ptolemy.util.test.junit.AutoTests" name="[42] /home/travis/build/icyphy/ptII/ptolemy/actor/lib/test/auto/BooleanSwitch2.xml (RunModel)" time="0.011" />
  <testcase classname="ptolemy.util.test.junit.AutoTests" name="[43] /home/travis/build/icyphy/ptII/ptolemy/actor/lib/test/auto/BooleanSwitchCloningBugWithClassRelationGroup.xml (RunModel)" time="0.021" />
  <testcase classname="ptolemy.util.test.junit.AutoTests" name="[44] /home/travis/build/icyphy/ptII/ptolemy/actor/lib/test/auto/BusActors.xml (RunModel)" time="0.024" />
  <testcase classname="ptolemy.util.test.junit.AutoTests" name="[45] /home/travis/build/icyphy/ptII/ptolemy/actor/lib/test/auto/ClassWrapper.xml (RunModel)" time="0.01" />
  <testcase classname="ptolemy.util.test.junit.AutoTests" name="[46] /home/travis/build/icyphy/ptII/ptolemy/actor/lib/test/auto/Clock.xml (RunModel)" time="0.009" />
  <testcase classname="ptolemy.util.test.junit.AutoTests" name="[47] /home/travis/build/icyphy/ptII/ptolemy/actor/lib/test/auto/Clock10.xml (RunModel)" time="0.014" />
  <testcase classname="ptolemy.util.test.junit.AutoTests" name="[48] /home/travis/build/icyphy/ptII/ptolemy/actor/lib/test/auto/Clock11.xml (RunModel)" time="0.013" />
  <testcase classname="ptolemy.util.test.junit.AutoTests" name="[49] /home/travis/build/icyphy/ptII/ptolemy/actor/lib/test/auto/Clock12.xml (RunModel)" time="0.012" />
  <testcase classname="ptolemy.util.test.junit.AutoTests" name="[50] /home/travis/build/icyphy/ptII/ptolemy/actor/lib/test/auto/Clock13.xml (RunModel)" time="0.021" />
  <testcase classname="ptolemy.util.test.junit.AutoTests" name="[51] /home/travis/build/icyphy/ptII/ptolemy/actor/lib/test/auto/Clock14.xml (RunModel)" time="0.017" />
  <testcase classname="ptolemy.util.test.junit.AutoTests" name="[52] /home/travis/build/icyphy/ptII/ptolemy/actor/lib/test/auto/Clock15.xml (RunModel)" time="0.016" />
  <testcase classname="ptolemy.util.test.junit.AutoTests" name="[53] /home/travis/build/icyphy/ptII/ptolemy/actor/lib/test/auto/Clock16.xml (RunModel)" time="0.079" />
  <testcase classname="ptolemy.util.test.junit.AutoTests" name="[54] /home/travis/build/icyphy/ptII/ptolemy/actor/lib/test/auto/Clock17.xml (RunModel)" time="0.078" />
  <testcase classname="ptolemy.util.test.junit.AutoTests" name="[55] /home/travis/build/icyphy/ptII/ptolemy/actor/lib/test/auto/Clock18.xml (RunModel)" time="0.048" />
  <testcase classname="ptolemy.util.test.junit.AutoTests" name="[56] /home/travis/build/icyphy/ptII/ptolemy/actor/lib/test/auto/Clock19.xml (RunModel)" time="0.032" />
  <testcase classname="ptolemy.util.test.junit.AutoTests" name="[57] /home/travis/build/icyphy/ptII/ptolemy/actor/lib/test/auto/Clock2.xml (RunModel)" time="0.016" />
  <testcase classname="ptolemy.util.test.junit.AutoTests" name="[58] /home/travis/build/icyphy/ptII/ptolemy/actor/lib/test/auto/Clock20.xml (RunModel)" time="0.023" />
  <testcase classname="ptolemy.util.test.junit.AutoTests" name="[59] /home/travis/build/icyphy/ptII/ptolemy/actor/lib/test/auto/Clock21.xml (RunModel)" time="0.013" />
  <testcase classname="ptolemy.util.test.junit.AutoTests" name="[60] /home/travis/build/icyphy/ptII/ptolemy/actor/lib/test/auto/Clock22.xml (RunModel)" time="0.015" />
  <testcase classname="ptolemy.util.test.junit.AutoTests" name="[61] /home/travis/build/icyphy/ptII/ptolemy/actor/lib/test/auto/Clock23.xml (RunModel)" time="0.022" />
  <testcase classname="ptolemy.util.test.junit.AutoTests" name="[62] /home/travis/build/icyphy/ptII/ptolemy/actor/lib/test/auto/Clock24.xml (RunModel)" time="0.017" />
  <testcase classname="ptolemy.util.test.junit.AutoTests" name="[63] /home/travis/build/icyphy/ptII/ptolemy/actor/lib/test/auto/Clock4.xml (RunModel)" time="0.015" />
  <testcase classname="ptolemy.util.test.junit.AutoTests" name="[64] /home/travis/build/icyphy/ptII/ptolemy/actor/lib/test/auto/Clock5.xml (RunModel)" time="0.012" />
  <testcase classname="ptolemy.util.test.junit.AutoTests" name="[65] /home/travis/build/icyphy/ptII/ptolemy/actor/lib/test/auto/Clock6.xml (RunModel)" time="0.01" />
  <testcase classname="ptolemy.util.test.junit.AutoTests" name="[66] /home/travis/build/icyphy/ptII/ptolemy/actor/lib/test/auto/Clock7.xml (RunModel)" time="0.011" />
  <testcase classname="ptolemy.util.test.junit.AutoTests" name="[67] /home/travis/build/icyphy/ptII/ptolemy/actor/lib/test/auto/Clock8.xml (RunModel)" time="0.012" />
  <testcase classname="ptolemy.util.test.junit.AutoTests" name="[68] /home/travis/build/icyphy/ptII/ptolemy/actor/lib/test/auto/Clock9.xml (RunModel)" time="0.014" />
  <testcase classname="ptolemy.util.test.junit.AutoTests" name="[69] /home/travis/build/icyphy/ptII/ptolemy/actor/lib/test/auto/CommDistDiscard.xml (RunModel)" time="0.017" />
  <testcase classname="ptolemy.util.test.junit.AutoTests" name="[70] /home/travis/build/icyphy/ptII/ptolemy/actor/lib/test/auto/Commutator.xml (RunModel)" time="0.013" />
  <testcase classname="ptolemy.util.test.junit.AutoTests" name="[71] /home/travis/build/icyphy/ptII/ptolemy/actor/lib/test/auto/Commutator2.xml (RunModel)" time="0.012" />
  <testcase classname="ptolemy.util.test.junit.AutoTests" name="[72] /home/travis/build/icyphy/ptII/ptolemy/actor/lib/test/auto/Commutator3.xml (RunModel)" time="0.018" />
  <testcase classname="ptolemy.util.test.junit.AutoTests" name="[73] /home/travis/build/icyphy/ptII/ptolemy/actor/lib/test/auto/Compare.xml (RunModel)" time="0.018" />
  <testcase classname="ptolemy.util.test.junit.AutoTests" name="[74] /home/travis/build/icyphy/ptII/ptolemy/actor/lib/test/auto/CompareDE.xml (RunModel)" time="0.018" />
  <testcase classname="ptolemy.util.test.junit.AutoTests" name="[75] /home/travis/build/icyphy/ptII/ptolemy/actor/lib/test/auto/ComplexDivide.xml (RunModel)" time="0.01" />
  <testcase classname="ptolemy.util.test.junit.AutoTests" name="[76] /home/travis/build/icyphy/ptII/ptolemy/actor/lib/test/auto/ComputeHistogram.xml (RunModel)" time="0.07" />
  <testcase classname="ptolemy.util.test.junit.AutoTests" name="[77] /home/travis/build/icyphy/ptII/ptolemy/actor/lib/test/auto/ConfigurationSelect.xml (RunModel)" time="0.013" />
  <testcase classname="ptolemy.util.test.junit.AutoTests" name="[78] /home/travis/build/icyphy/ptII/ptolemy/actor/lib/test/auto/ConfigurationSelect2.xml (RunModel)" time="0.011" />
  <testcase classname="ptolemy.util.test.junit.AutoTests" name="[79] /home/travis/build/icyphy/ptII/ptolemy/actor/lib/test/auto/ConfigurationSwitch.xml (RunModel)" time="0.013" />
  <testcase classname="ptolemy.util.test.junit.AutoTests" name="[80] /home/travis/build/icyphy/ptII/ptolemy/actor/lib/test/auto/ConfigurationSwitch2.xml (RunModel)" time="0.043" />
  <testcase classname="ptolemy.util.test.junit.AutoTests" name="[81] /home/travis/build/icyphy/ptII/ptolemy/actor/lib/test/auto/ConfigurationSwitchCloningBugWithClassRelationGroup.xml (RunModel)" time="0.02" />
  <testcase classname="ptolemy.util.test.junit.AutoTests" name="[82] /home/travis/build/icyphy/ptII/ptolemy/actor/lib/test/auto/ConfigurationSwitchSelectSDF.xml (RunModel)" time="0.019" />
  <testcase classname="ptolemy.util.test.junit.AutoTests" name="[83] /home/travis/build/icyphy/ptII/ptolemy/actor/lib/test/auto/ConfigurationSwitchSelectSDF2.xml (RunModel)" time="0.016" />
  <testcase classname="ptolemy.util.test.junit.AutoTests" name="[84] /home/travis/build/icyphy/ptII/ptolemy/actor/lib/test/auto/Const.xml (RunModel)" time="0.006" />
  <testcase classname="ptolemy.util.test.junit.AutoTests" name="[85] /home/travis/build/icyphy/ptII/ptolemy/actor/lib/test/auto/Const2.xml (RunModel)" time="0.008" />
  <testcase classname="ptolemy.util.test.junit.AutoTests" name="[86] /home/travis/build/icyphy/ptII/ptolemy/actor/lib/test/auto/Const3.xml (RunModel)" time="0.006" />
  <testcase classname="ptolemy.util.test.junit.AutoTests" name="[87] /home/travis/build/icyphy/ptII/ptolemy/actor/lib/test/auto/ConstantPublisherPort1.xml (RunModel)" time="0.025" />
  <testcase classname="ptolemy.util.test.junit.AutoTests" name="[88] /home/travis/build/icyphy/ptII/ptolemy/actor/lib/test/auto/ConstantPublisherPort2.xml (RunModel)" time="0.021" />
  <testcase classname="ptolemy.util.test.junit.AutoTests" name="[89] /home/travis/build/icyphy/ptII/ptolemy/actor/lib/test/auto/ConstantPublisherPort3.xml (RunModel)" time="0.018" />
  <testcase classname="ptolemy.util.test.junit.AutoTests" name="[90] /home/travis/build/icyphy/ptII/ptolemy/actor/lib/test/auto/ConstantPublisherPort4.xml (RunModel)" time="0.015" />
  <testcase classname="ptolemy.util.test.junit.AutoTests" name="[91] /home/travis/build/icyphy/ptII/ptolemy/actor/lib/test/auto/ConstantPublisherPort5.xml (RunModel)" time="0.038" />
  <testcase classname="ptolemy.util.test.junit.AutoTests" name="[92] /home/travis/build/icyphy/ptII/ptolemy/actor/lib/test/auto/ConstantPublisherPort6.xml (RunModel)" time="0.032" />
  <testcase classname="ptolemy.util.test.junit.AutoTests" name="[93] /home/travis/build/icyphy/ptII/ptolemy/actor/lib/test/auto/ConstantPublisherPort7.xml (RunModel)" time="0.032" />
  <testcase classname="ptolemy.util.test.junit.AutoTests" name="[94] /home/travis/build/icyphy/ptII/ptolemy/actor/lib/test/auto/ConstraintMonitor1.xml (RunModel)" time="0.036" />
  <testcase classname="ptolemy.util.test.junit.AutoTests" name="[95] /home/travis/build/icyphy/ptII/ptolemy/actor/lib/test/auto/ConstraintMonitor2.xml (RunModel)" time="0.01" />
  <testcase classname="ptolemy.util.test.junit.AutoTests" name="[96] /home/travis/build/icyphy/ptII/ptolemy/actor/lib/test/auto/ConstraintMonitor3.xml (RunModel)" time="0.011" />
  <testcase classname="ptolemy.util.test.junit.AutoTests" name="[97] /home/travis/build/icyphy/ptII/ptolemy/actor/lib/test/auto/ConstraintMonitor4.xml (RunModel)" time="0.01" />
  <testcase classname="ptolemy.util.test.junit.AutoTests" name="[98] /home/travis/build/icyphy/ptII/ptolemy/actor/lib/test/auto/ConstraintMonitor5.xml (RunModel)" time="0.017" />
  <testcase classname="ptolemy.util.test.junit.AutoTests" name="[99] /home/travis/build/icyphy/ptII/ptolemy/actor/lib/test/auto/ConstraintMonitor6.xml (RunModel)" time="0.017" />
  <testcase classname="ptolemy.util.test.junit.AutoTests" name="[100] /home/travis/build/icyphy/ptII/ptolemy/actor/lib/test/auto/ConstraintMonitor7.xml (RunModel)" time="0.013" />
  <testcase classname="ptolemy.util.test.junit.AutoTests" name="[101] /home/travis/build/icyphy/ptII/ptolemy/actor/lib/test/auto/ConstraintMonitor8.xml (RunModel)" time="0.018" />
  <testcase classname="ptolemy.util.test.junit.AutoTests" name="[102] /home/travis/build/icyphy/ptII/ptolemy/actor/lib/test/auto/Counter.xml (RunModel)" time="0.013" />
  <testcase classname="ptolemy.util.test.junit.AutoTests" name="[103] /home/travis/build/icyphy/ptII/ptolemy/actor/lib/test/auto/CurrentTimeSDF.xml (RunModel)" time="0.008" />
  <testcase classname="ptolemy.util.test.junit.AutoTests" name="[104] /home/travis/build/icyphy/ptII/ptolemy/actor/lib/test/auto/DB.xml (RunModel)" time="0.014" />
  <testcase classname="ptolemy.util.test.junit.AutoTests" name="[105] /home/travis/build/icyphy/ptII/ptolemy/actor/lib/test/auto/DBDE.xml (RunModel)" time="0.012" />
  <testcase classname="ptolemy.util.test.junit.AutoTests" name="[106] /home/travis/build/icyphy/ptII/ptolemy/actor/lib/test/auto/DateConstructor.xml (RunModel)" time="0.057" />
  <testcase classname="ptolemy.util.test.junit.AutoTests" name="[107] /home/travis/build/icyphy/ptII/ptolemy/actor/lib/test/auto/DelayTime.xml (RunModel)" time="0.014" />
  <testcase classname="ptolemy.util.test.junit.AutoTests" name="[108] /home/travis/build/icyphy/ptII/ptolemy/actor/lib/test/auto/Dictionary1.xml (RunModel)" time="0.017" />
  <testcase classname="ptolemy.util.test.junit.AutoTests" name="[109] /home/travis/build/icyphy/ptII/ptolemy/actor/lib/test/auto/Dictionary2.xml (RunModel)" time="0.014" />
  <testcase classname="ptolemy.util.test.junit.AutoTests" name="[110] /home/travis/build/icyphy/ptII/ptolemy/actor/lib/test/auto/Dictionary3.xml (RunModel)" time="0.014" />
  <testcase classname="ptolemy.util.test.junit.AutoTests" name="[111] /home/travis/build/icyphy/ptII/ptolemy/actor/lib/test/auto/Dictionary4.xml (RunModel)" time="0.023" />
  <testcase classname="ptolemy.util.test.junit.AutoTests" name="[112] /home/travis/build/icyphy/ptII/ptolemy/actor/lib/test/auto/Differential.xml (RunModel)" time="0.015" />
  <testcase classname="ptolemy.util.test.junit.AutoTests" name="[113] /home/travis/build/icyphy/ptII/ptolemy/actor/lib/test/auto/Director.xml (RunModel)" time="0.01" />
  <testcase classname="ptolemy.util.test.junit.AutoTests" name="[114] /home/travis/build/icyphy/ptII/ptolemy/actor/lib/test/auto/DiscreteClock.xml (RunModel)" time="0.01" />
  <testcase classname="ptolemy.util.test.junit.AutoTests" name="[115] /home/travis/build/icyphy/ptII/ptolemy/actor/lib/test/auto/DiscreteClock10.xml (RunModel)" time="0.012" />
  <testcase classname="ptolemy.util.test.junit.AutoTests" name="[116] /home/travis/build/icyphy/ptII/ptolemy/actor/lib/test/auto/DiscreteClock11.xml (RunModel)" time="0.013" />
  <testcase classname="ptolemy.util.test.junit.AutoTests" name="[117] /home/travis/build/icyphy/ptII/ptolemy/actor/lib/test/auto/DiscreteClock12.xml (RunModel)" time="0.014" />
  <testcase classname="ptolemy.util.test.junit.AutoTests" name="[118] /home/travis/build/icyphy/ptII/ptolemy/actor/lib/test/auto/DiscreteClock13.xml (RunModel)" time="0.012" />
  <testcase classname="ptolemy.util.test.junit.AutoTests" name="[119] /home/travis/build/icyphy/ptII/ptolemy/actor/lib/test/auto/DiscreteClock14.xml (RunModel)" time="0.016" />
  <testcase classname="ptolemy.util.test.junit.AutoTests" name="[120] /home/travis/build/icyphy/ptII/ptolemy/actor/lib/test/auto/DiscreteClock15.xml (RunModel)" time="0.012" />
  <testcase classname="ptolemy.util.test.junit.AutoTests" name="[121] /home/travis/build/icyphy/ptII/ptolemy/actor/lib/test/auto/DiscreteClock16.xml (RunModel)" time="0.04" />
  <testcase classname="ptolemy.util.test.junit.AutoTests" name="[122] /home/travis/build/icyphy/ptII/ptolemy/actor/lib/test/auto/DiscreteClock17.xml (RunModel)" time="0.037" />
  <testcase classname="ptolemy.util.test.junit.AutoTests" name="[123] /home/travis/build/icyphy/ptII/ptolemy/actor/lib/test/auto/DiscreteClock18.xml (RunModel)" time="0.502" />
  <testcase classname="ptolemy.util.test.junit.AutoTests" name="[124] /home/travis/build/icyphy/ptII/ptolemy/actor/lib/test/auto/DiscreteClock19.xml (RunModel)" time="0.047" />
  <testcase classname="ptolemy.util.test.junit.AutoTests" name="[125] /home/travis/build/icyphy/ptII/ptolemy/actor/lib/test/auto/DiscreteClock2.xml (RunModel)" time="0.015" />
  <testcase classname="ptolemy.util.test.junit.AutoTests" name="[126] /home/travis/build/icyphy/ptII/ptolemy/actor/lib/test/auto/DiscreteClock20.xml (RunModel)" time="0.016" />
  <testcase classname="ptolemy.util.test.junit.AutoTests" name="[127] /home/travis/build/icyphy/ptII/ptolemy/actor/lib/test/auto/DiscreteClock21.xml (RunModel)" time="0.013" />
  <testcase classname="ptolemy.util.test.junit.AutoTests" name="[128] /home/travis/build/icyphy/ptII/ptolemy/actor/lib/test/auto/DiscreteClock22.xml (RunModel)" time="0.014" />
  <testcase classname="ptolemy.util.test.junit.AutoTests" name="[129] /home/travis/build/icyphy/ptII/ptolemy/actor/lib/test/auto/DiscreteClock23.xml (RunModel)" time="0.015" />
  <testcase classname="ptolemy.util.test.junit.AutoTests" name="[130] /home/travis/build/icyphy/ptII/ptolemy/actor/lib/test/auto/DiscreteClock24.xml (RunModel)" time="0.014" />
  <testcase classname="ptolemy.util.test.junit.AutoTests" name="[131] /home/travis/build/icyphy/ptII/ptolemy/actor/lib/test/auto/DiscreteClock4.xml (RunModel)" time="0.012" />
  <testcase classname="ptolemy.util.test.junit.AutoTests" name="[132] /home/travis/build/icyphy/ptII/ptolemy/actor/lib/test/auto/DiscreteClock5.xml (RunModel)" time="0.011" />
  <testcase classname="ptolemy.util.test.junit.AutoTests" name="[133] /home/travis/build/icyphy/ptII/ptolemy/actor/lib/test/auto/DiscreteClock6.xml (RunModel)" time="0.009" />
  <testcase classname="ptolemy.util.test.junit.AutoTests" name="[134] /home/travis/build/icyphy/ptII/ptolemy/actor/lib/test/auto/DiscreteClock7.xml (RunModel)" time="0.01" />
  <testcase classname="ptolemy.util.test.junit.AutoTests" name="[135] /home/travis/build/icyphy/ptII/ptolemy/actor/lib/test/auto/DiscreteClock8.xml (RunModel)" time="0.012" />
  <testcase classname="ptolemy.util.test.junit.AutoTests" name="[136] /home/travis/build/icyphy/ptII/ptolemy/actor/lib/test/auto/DiscreteClock9.xml (RunModel)" time="0.009" />
  <testcase classname="ptolemy.util.test.junit.AutoTests" name="[137] /home/travis/build/icyphy/ptII/ptolemy/actor/lib/test/auto/DisplayArray.xml (RunModel)" time="0.024" />
  <testcase classname="ptolemy.util.test.junit.AutoTests" name="[138] /home/travis/build/icyphy/ptII/ptolemy/actor/lib/test/auto/Distributor.xml (RunModel)" time="0.012" />
  <testcase classname="ptolemy.util.test.junit.AutoTests" name="[139] /home/travis/build/icyphy/ptII/ptolemy/actor/lib/test/auto/Distributor2.xml (RunModel)" time="0.009" />
  <testcase classname="ptolemy.util.test.junit.AutoTests" name="[140] /home/travis/build/icyphy/ptII/ptolemy/actor/lib/test/auto/DownSample.xml (RunModel)" time="0.014" />
  <testcase classname="ptolemy.util.test.junit.AutoTests" name="[141] /home/travis/build/icyphy/ptII/ptolemy/actor/lib/test/auto/ElectronicUnitBase1.xml (RunModel)" time="0.074" />
  <testcase classname="ptolemy.util.test.junit.AutoTests" name="[142] /home/travis/build/icyphy/ptII/ptolemy/actor/lib/test/auto/ElementsToArray.xml (RunModel)" time="0.016" />
  <testcase classname="ptolemy.util.test.junit.AutoTests" name="[143] /home/travis/build/icyphy/ptII/ptolemy/actor/lib/test/auto/Equals.xml (RunModel)" time="0.015" />
  <testcase classname="ptolemy.util.test.junit.AutoTests" name="[144] /home/travis/build/icyphy/ptII/ptolemy/actor/lib/test/auto/Exec.xml (RunModel)" time="0.019" />
  <testcase classname="ptolemy.util.test.junit.AutoTests" name="[145] /home/travis/build/icyphy/ptII/ptolemy/actor/lib/test/auto/ExecEnvironment.xml (RunModel)" time="0.032" />
  <testcase classname="ptolemy.util.test.junit.AutoTests" name="[146] /home/travis/build/icyphy/ptII/ptolemy/actor/lib/test/auto/ExecNonZeroReturnOutput.xml (RunModel)" time="0.134" />
  <testcase classname="ptolemy.util.test.junit.AutoTests" name="[147] /home/travis/build/icyphy/ptII/ptolemy/actor/lib/test/auto/ExecRunDemos.xml (RunModel)" time="8.965" />
  <testcase classname="ptolemy.util.test.junit.AutoTests" name="[148] /home/travis/build/icyphy/ptII/ptolemy/actor/lib/test/auto/ExecStop.xml (RunModel)" time="5.026" />
  <testcase classname="ptolemy.util.test.junit.AutoTests" name="[149] /home/travis/build/icyphy/ptII/ptolemy/actor/lib/test/auto/ExecutionTimeSDF.xml (RunModel)" time="6.032" />
  <testcase classname="ptolemy.util.test.junit.AutoTests" name="[150] /home/travis/build/icyphy/ptII/ptolemy/actor/lib/test/auto/Expression1.xml (RunModel)" time="0.014" />
  <testcase classname="ptolemy.util.test.junit.AutoTests" name="[151] /home/travis/build/icyphy/ptII/ptolemy/actor/lib/test/auto/Expression10.xml (RunModel)" time="0.015" />
  <testcase classname="ptolemy.util.test.junit.AutoTests" name="[152] /home/travis/build/icyphy/ptII/ptolemy/actor/lib/test/auto/Expression11.xml (RunModel)" time="0.011" />
  <testcase classname="ptolemy.util.test.junit.AutoTests" name="[153] /home/travis/build/icyphy/ptII/ptolemy/actor/lib/test/auto/Expression12.xml (RunModel)" time="0.014" />
  <testcase classname="ptolemy.util.test.junit.AutoTests" name="[154] /home/travis/build/icyphy/ptII/ptolemy/actor/lib/test/auto/Expression13.xml (RunModel)" time="0.014" />
  <testcase classname="ptolemy.util.test.junit.AutoTests" name="[155] /home/travis/build/icyphy/ptII/ptolemy/actor/lib/test/auto/Expression14.xml (RunModel)" time="0.018" />
  <testcase classname="ptolemy.util.test.junit.AutoTests" name="[156] /home/travis/build/icyphy/ptII/ptolemy/actor/lib/test/auto/Expression15.xml (RunModel)" time="0.01" />
  <testcase classname="ptolemy.util.test.junit.AutoTests" name="[157] /home/travis/build/icyphy/ptII/ptolemy/actor/lib/test/auto/Expression16.xml (RunModel)" time="0.016" />
  <testcase classname="ptolemy.util.test.junit.AutoTests" name="[158] /home/travis/build/icyphy/ptII/ptolemy/actor/lib/test/auto/Expression17.xml (RunModel)" time="0.012" />
  <testcase classname="ptolemy.util.test.junit.AutoTests" name="[159] /home/travis/build/icyphy/ptII/ptolemy/actor/lib/test/auto/Expression18.xml (RunModel)" time="0.014" />
  <testcase classname="ptolemy.util.test.junit.AutoTests" name="[160] /home/travis/build/icyphy/ptII/ptolemy/actor/lib/test/auto/Expression2.xml (RunModel)" time="0.013" />
  <testcase classname="ptolemy.util.test.junit.AutoTests" name="[161] /home/travis/build/icyphy/ptII/ptolemy/actor/lib/test/auto/Expression3.xml (RunModel)" time="0.012" />
  <testcase classname="ptolemy.util.test.junit.AutoTests" name="[162] /home/travis/build/icyphy/ptII/ptolemy/actor/lib/test/auto/Expression4.xml (RunModel)" time="0.024" />
  <testcase classname="ptolemy.util.test.junit.AutoTests" name="[163] /home/travis/build/icyphy/ptII/ptolemy/actor/lib/test/auto/Expression5.xml (RunModel)" time="0.011" />
  <testcase classname="ptolemy.util.test.junit.AutoTests" name="[164] /home/travis/build/icyphy/ptII/ptolemy/actor/lib/test/auto/Expression6.xml (RunModel)" time="0.01" />
  <testcase classname="ptolemy.util.test.junit.AutoTests" name="[165] /home/travis/build/icyphy/ptII/ptolemy/actor/lib/test/auto/Expression7.xml (RunModel)" time="0.013" />
  <testcase classname="ptolemy.util.test.junit.AutoTests" name="[166] /home/travis/build/icyphy/ptII/ptolemy/actor/lib/test/auto/Expression8.xml (RunModel)" time="0.01" />
  <testcase classname="ptolemy.util.test.junit.AutoTests" name="[167] /home/travis/build/icyphy/ptII/ptolemy/actor/lib/test/auto/Expression9.xml (RunModel)" time="0.01" />
  <testcase classname="ptolemy.util.test.junit.AutoTests" name="[168] /home/travis/build/icyphy/ptII/ptolemy/actor/lib/test/auto/ExpressionConcatenateArrayType.xml (RunModel)" time="0.021" />
  <testcase classname="ptolemy.util.test.junit.AutoTests" name="[169] /home/travis/build/icyphy/ptII/ptolemy/actor/lib/test/auto/ExpressionConcatenateArrayType2.xml (RunModel)" time="0.02" />
  <testcase classname="ptolemy.util.test.junit.AutoTests" name="[170] /home/travis/build/icyphy/ptII/ptolemy/actor/lib/test/auto/ExpressionFix.xml (RunModel)" time="0.023" />
  <testcase classname="ptolemy.util.test.junit.AutoTests" name="[171] /home/travis/build/icyphy/ptII/ptolemy/actor/lib/test/auto/ExpressionFix2.xml (RunModel)" time="0.01" />
  <testcase classname="ptolemy.util.test.junit.AutoTests" name="[172] /home/travis/build/icyphy/ptII/ptolemy/actor/lib/test/auto/ExpressionFix3.xml (RunModel)" time="0.011" />
  <testcase classname="ptolemy.util.test.junit.AutoTests" name="[173] /home/travis/build/icyphy/ptII/ptolemy/actor/lib/test/auto/FileWriter1.xml (RunModel)" time="0.01" />
  <testcase classname="ptolemy.util.test.junit.AutoTests" name="[174] /home/travis/build/icyphy/ptII/ptolemy/actor/lib/test/auto/FileWriter2.xml (RunModel)" time="0.01" />
  <testcase classname="ptolemy.util.test.junit.AutoTests" name="[175] /home/travis/build/icyphy/ptII/ptolemy/actor/lib/test/auto/FileWriter3.xml (RunModel)" time="0.015" />
  <testcase classname="ptolemy.util.test.junit.AutoTests" name="[176] /home/travis/build/icyphy/ptII/ptolemy/actor/lib/test/auto/Gaussian.xml (RunModel)" time="0.011" />
  <testcase classname="ptolemy.util.test.junit.AutoTests" name="[177] /home/travis/build/icyphy/ptII/ptolemy/actor/lib/test/auto/Gaussian1.xml (RunModel)" time="0.013" />
  <testcase classname="ptolemy.util.test.junit.AutoTests" name="[178] /home/travis/build/icyphy/ptII/ptolemy/actor/lib/test/auto/Gaussian2.xml (RunModel)" time="0.013" />
  <testcase classname="ptolemy.util.test.junit.AutoTests" name="[179] /home/travis/build/icyphy/ptII/ptolemy/actor/lib/test/auto/GradientAdaptiveLattice.xml (RunModel)" time="0.014" />
  <testcase classname="ptolemy.util.test.junit.AutoTests" name="[180] /home/travis/build/icyphy/ptII/ptolemy/actor/lib/test/auto/IIR.xml (RunModel)" time="0.01" />
  <testcase classname="ptolemy.util.test.junit.AutoTests" name="[181] /home/travis/build/icyphy/ptII/ptolemy/actor/lib/test/auto/InputOutputTransparentPorts.xml (RunModel)" time="0.019" />
  <testcase classname="ptolemy.util.test.junit.AutoTests" name="[182] /home/travis/build/icyphy/ptII/ptolemy/actor/lib/test/auto/Interpolator.xml (RunModel)" time="0.012" />
  <testcase classname="ptolemy.util.test.junit.AutoTests" name="[183] /home/travis/build/icyphy/ptII/ptolemy/actor/lib/test/auto/InterpolatorFiringLimitDE.xml (RunModel)" time="0.01" />
  <testcase classname="ptolemy.util.test.junit.AutoTests" name="[184] /home/travis/build/icyphy/ptII/ptolemy/actor/lib/test/auto/Lattice.xml (RunModel)" time="0.006" />
  <testcase classname="ptolemy.util.test.junit.AutoTests" name="[185] /home/travis/build/icyphy/ptII/ptolemy/actor/lib/test/auto/LazyAOCTestLazy.xml (RunModel)" time="0.029" />
  <testcase classname="ptolemy.util.test.junit.AutoTests" name="[186] /home/travis/build/icyphy/ptII/ptolemy/actor/lib/test/auto/LazyAOCTestNonLazy.xml (RunModel)" time="0.054" />
  <testcase classname="ptolemy.util.test.junit.AutoTests" name="[187] /home/travis/build/icyphy/ptII/ptolemy/actor/lib/test/auto/LazyInnerClass.xml (RunModel)" time="0.034" />
  <testcase classname="ptolemy.util.test.junit.AutoTests" name="[188] /home/travis/build/icyphy/ptII/ptolemy/actor/lib/test/auto/LazyPubSub.xml (RunModel)" time="0.047" />
  <testcase classname="ptolemy.util.test.junit.AutoTests" name="[189] /home/travis/build/icyphy/ptII/ptolemy/actor/lib/test/auto/LazyPubSub2.xml (RunModel)" time="0.023" />
  <testcase classname="ptolemy.util.test.junit.AutoTests" name="[190] /home/travis/build/icyphy/ptII/ptolemy/actor/lib/test/auto/LazyPubSub3.xml (RunModel)" time="0.028" />
  <testcase classname="ptolemy.util.test.junit.AutoTests" name="[191] /home/travis/build/icyphy/ptII/ptolemy/actor/lib/test/auto/LazySubClassModel.xml (RunModel)" time="0.023" />
  <testcase classname="ptolemy.util.test.junit.AutoTests" name="[192] /home/travis/build/icyphy/ptII/ptolemy/actor/lib/test/auto/LevelCrossTest1.xml (RunModel)" time="0.012" />
  <testcase classname="ptolemy.util.test.junit.AutoTests" name="[193] /home/travis/build/icyphy/ptII/ptolemy/actor/lib/test/auto/LevelCrossTest10.xml (RunModel)" time="0.019" />
  <testcase classname="ptolemy.util.test.junit.AutoTests" name="[194] /home/travis/build/icyphy/ptII/ptolemy/actor/lib/test/auto/LevelCrossTest11.xml (RunModel)" time="0.01" />
  <testcase classname="ptolemy.util.test.junit.AutoTests" name="[195] /home/travis/build/icyphy/ptII/ptolemy/actor/lib/test/auto/LevelCrossTest12.xml (RunModel)" time="0.019" />
  <testcase classname="ptolemy.util.test.junit.AutoTests" name="[196] /home/travis/build/icyphy/ptII/ptolemy/actor/lib/test/auto/LevelCrossTest13.xml (RunModel)" time="0.011" />
  <testcase classname="ptolemy.util.test.junit.AutoTests" name="[197] /home/travis/build/icyphy/ptII/ptolemy/actor/lib/test/auto/LevelCrossTest2.xml (RunModel)" time="0.009" />
  <testcase classname="ptolemy.util.test.junit.AutoTests" name="[198] /home/travis/build/icyphy/ptII/ptolemy/actor/lib/test/auto/LevelCrossTest3.xml (RunModel)" time="0.01" />
  <testcase classname="ptolemy.util.test.junit.AutoTests" name="[199] /home/travis/build/icyphy/ptII/ptolemy/actor/lib/test/auto/LevelCrossTest4.xml (RunModel)" time="0.01" />
  <testcase classname="ptolemy.util.test.junit.AutoTests" name="[200] /home/travis/build/icyphy/ptII/ptolemy/actor/lib/test/auto/LevelCrossTest5.xml (RunModel)" time="0.015" />
  <testcase classname="ptolemy.util.test.junit.AutoTests" name="[201] /home/travis/build/icyphy/ptII/ptolemy/actor/lib/test/auto/LevelCrossTest6.xml (RunModel)" time="0.011" />
  <testcase classname="ptolemy.util.test.junit.AutoTests" name="[202] /home/travis/build/icyphy/ptII/ptolemy/actor/lib/test/auto/LevelCrossTest7.xml (RunModel)" time="0.02" />
  <testcase classname="ptolemy.util.test.junit.AutoTests" name="[203] /home/travis/build/icyphy/ptII/ptolemy/actor/lib/test/auto/LevelCrossTest8.xml (RunModel)" time="0.012" />
  <testcase classname="ptolemy.util.test.junit.AutoTests" name="[204] /home/travis/build/icyphy/ptII/ptolemy/actor/lib/test/auto/LevelCrossTest9.xml (RunModel)" time="0.013" />
  <testcase classname="ptolemy.util.test.junit.AutoTests" name="[205] /home/travis/build/icyphy/ptII/ptolemy/actor/lib/test/auto/LevinsonDurbin.xml (RunModel)" time="0.008" />
  <testcase classname="ptolemy.util.test.junit.AutoTests" name="[206] /home/travis/build/icyphy/ptII/ptolemy/actor/lib/test/auto/LevinsonDurbin2.xml (RunModel)" time="0.007" />
  <testcase classname="ptolemy.util.test.junit.AutoTests" name="[207] /home/travis/build/icyphy/ptII/ptolemy/actor/lib/test/auto/LevinsonDurbin3.xml (RunModel)" time="0.007" />
  <testcase classname="ptolemy.util.test.junit.AutoTests" name="[208] /home/travis/build/icyphy/ptII/ptolemy/actor/lib/test/auto/Limiter.xml (RunModel)" time="0.02" />
  <testcase classname="ptolemy.util.test.junit.AutoTests" name="[209] /home/travis/build/icyphy/ptII/ptolemy/actor/lib/test/auto/LinearDifferenceEquationSystem.xml (RunModel)" time="0.018" />
  <testcase classname="ptolemy.util.test.junit.AutoTests" name="[210] /home/travis/build/icyphy/ptII/ptolemy/actor/lib/test/auto/LookupTable.xml (RunModel)" time="0.008" />
  <testcase classname="ptolemy.util.test.junit.AutoTests" name="[211] /home/travis/build/icyphy/ptII/ptolemy/actor/lib/test/auto/MathFunction.xml (RunModel)" time="0.018" />
  <testcase classname="ptolemy.util.test.junit.AutoTests" name="[212] /home/travis/build/icyphy/ptII/ptolemy/actor/lib/test/auto/MathFunction2.xml (RunModel)" time="0.008" />
  <testcase classname="ptolemy.util.test.junit.AutoTests" name="[213] /home/travis/build/icyphy/ptII/ptolemy/actor/lib/test/auto/MathFunction3.xml (RunModel)" time="0.017" />
  <testcase classname="ptolemy.util.test.junit.AutoTests" name="[214] /home/travis/build/icyphy/ptII/ptolemy/actor/lib/test/auto/MatrixCropBoolean.xml (RunModel)" time="0.01" />
  <testcase classname="ptolemy.util.test.junit.AutoTests" name="[215] /home/travis/build/icyphy/ptII/ptolemy/actor/lib/test/auto/MatrixCropComplex.xml (RunModel)" time="0.008" />
  <testcase classname="ptolemy.util.test.junit.AutoTests" name="[216] /home/travis/build/icyphy/ptII/ptolemy/actor/lib/test/auto/MatrixCropDouble.xml (RunModel)" time="0.008" />
  <testcase classname="ptolemy.util.test.junit.AutoTests" name="[217] /home/travis/build/icyphy/ptII/ptolemy/actor/lib/test/auto/MatrixCropFix.xml (RunModel)" time="0.01" />
  <testcase classname="ptolemy.util.test.junit.AutoTests" name="[218] /home/travis/build/icyphy/ptII/ptolemy/actor/lib/test/auto/MatrixCropInt.xml (RunModel)" time="0.009" />
  <testcase classname="ptolemy.util.test.junit.AutoTests" name="[219] /home/travis/build/icyphy/ptII/ptolemy/actor/lib/test/auto/MatrixCropLong.xml (RunModel)" time="0.008" />
  <testcase classname="ptolemy.util.test.junit.AutoTests" name="[220] /home/travis/build/icyphy/ptII/ptolemy/actor/lib/test/auto/MatrixToArray.xml (RunModel)" time="0.042" />
  <testcase classname="ptolemy.util.test.junit.AutoTests" name="[221] /home/travis/build/icyphy/ptII/ptolemy/actor/lib/test/auto/MaxIndex.xml (RunModel)" time="0.012" />
  <testcase classname="ptolemy.util.test.junit.AutoTests" name="[222] /home/travis/build/icyphy/ptII/ptolemy/actor/lib/test/auto/Maximum.xml (RunModel)" time="0.012" />
  <testcase classname="ptolemy.util.test.junit.AutoTests" name="[223] /home/travis/build/icyphy/ptII/ptolemy/actor/lib/test/auto/MaximumComplex.xml (RunModel)" time="0.013" />
  <testcase classname="ptolemy.util.test.junit.AutoTests" name="[224] /home/travis/build/icyphy/ptII/ptolemy/actor/lib/test/auto/MethodCallTest.xml (RunModel)" time="0.017" />
  <testcase classname="ptolemy.util.test.junit.AutoTests" name="[225] /home/travis/build/icyphy/ptII/ptolemy/actor/lib/test/auto/Minimum.xml (RunModel)" time="0.011" />
  <testcase classname="ptolemy.util.test.junit.AutoTests" name="[226] /home/travis/build/icyphy/ptII/ptolemy/actor/lib/test/auto/MinimumComplex.xml (RunModel)" time="0.013" />
  <testcase classname="ptolemy.util.test.junit.AutoTests" name="[227] /home/travis/build/icyphy/ptII/ptolemy/actor/lib/test/auto/MinimumMultiports.xml (RunModel)" time="0.018" />
  <testcase classname="ptolemy.util.test.junit.AutoTests" name="[228] /home/travis/build/icyphy/ptII/ptolemy/actor/lib/test/auto/ModifyDate.xml (RunModel)" time="0.046" />
  <testcase classname="ptolemy.util.test.junit.AutoTests" name="[229] /home/travis/build/icyphy/ptII/ptolemy/actor/lib/test/auto/ModifyDate2.xml (RunModel)" time="0.028" />
  <testcase classname="ptolemy.util.test.junit.AutoTests" name="[230] /home/travis/build/icyphy/ptII/ptolemy/actor/lib/test/auto/MovingAverage.xml (RunModel)" time="0.011" />
  <testcase classname="ptolemy.util.test.junit.AutoTests" name="[231] /home/travis/build/icyphy/ptII/ptolemy/actor/lib/test/auto/MovingMaximum.xml (RunModel)" time="0.009" />
  <testcase classname="ptolemy.util.test.junit.AutoTests" name="[232] /home/travis/build/icyphy/ptII/ptolemy/actor/lib/test/auto/MultipleLinksToSameRelation.xml (RunModel)" time="0.007" />
  <testcase classname="ptolemy.util.test.junit.AutoTests" name="[233] /home/travis/build/icyphy/ptII/ptolemy/actor/lib/test/auto/MultipleLinksToSameRelationDE.xml (RunModel)" time="0.009" />
  <testcase classname="ptolemy.util.test.junit.AutoTests" name="[234] /home/travis/build/icyphy/ptII/ptolemy/actor/lib/test/auto/Multiplexor.xml (RunModel)" time="0.013" />
  <testcase classname="ptolemy.util.test.junit.AutoTests" name="[235] /home/travis/build/icyphy/ptII/ptolemy/actor/lib/test/auto/Multiplexor1.xml (RunModel)" time="0.01" />
  <testcase classname="ptolemy.util.test.junit.AutoTests" name="[236] /home/travis/build/icyphy/ptII/ptolemy/actor/lib/test/auto/Multiplexor2.xml (RunModel)" time="0.018" />
  <testcase classname="ptolemy.util.test.junit.AutoTests" name="[237] /home/travis/build/icyphy/ptII/ptolemy/actor/lib/test/auto/Multiplexor3.xml (RunModel)" time="0.008" />
  <testcase classname="ptolemy.util.test.junit.AutoTests" name="[238] /home/travis/build/icyphy/ptII/ptolemy/actor/lib/test/auto/MultiplexorDE.xml (RunModel)" time="0.018" />
  <testcase classname="ptolemy.util.test.junit.AutoTests" name="[239] /home/travis/build/icyphy/ptII/ptolemy/actor/lib/test/auto/MultiportBroadcastTest.xml (RunModel)" time="0.092" />
  <testcase classname="ptolemy.util.test.junit.AutoTests" name="[240] /home/travis/build/icyphy/ptII/ptolemy/actor/lib/test/auto/MultiportOutHangDuringGetWidth.xml (RunModel)" time="0.035" />
  <testcase classname="ptolemy.util.test.junit.AutoTests" name="[241] /home/travis/build/icyphy/ptII/ptolemy/actor/lib/test/auto/NilToken.xml (RunModel)" time="0.013" />
  <testcase classname="ptolemy.util.test.junit.AutoTests" name="[242] /home/travis/build/icyphy/ptII/ptolemy/actor/lib/test/auto/NilTokenNonStrictTest.xml (RunModel)" time="0.011" />
  <testcase classname="ptolemy.util.test.junit.AutoTests" name="[243] /home/travis/build/icyphy/ptII/ptolemy/actor/lib/test/auto/NilTokenRecord.xml (RunModel)" time="0.022" />
  <testcase classname="ptolemy.util.test.junit.AutoTests" name="[244] /home/travis/build/icyphy/ptII/ptolemy/actor/lib/test/auto/NilTokenTypeTest.xml (RunModel)" time="0.032" />
  <testcase classname="ptolemy.util.test.junit.AutoTests" name="[245] /home/travis/build/icyphy/ptII/ptolemy/actor/lib/test/auto/ObjectToken1.xml (RunModel)" time="0.006" />
  <testcase classname="ptolemy.util.test.junit.AutoTests" name="[246] /home/travis/build/icyphy/ptII/ptolemy/actor/lib/test/auto/OrderedMerge.xml (RunModel)" time="0.016" />
  <testcase classname="ptolemy.util.test.junit.AutoTests" name="[247] /home/travis/build/icyphy/ptII/ptolemy/actor/lib/test/auto/OrderedRecordDisassembler.xml (RunModel)" time="0.017" />
  <testcase classname="ptolemy.util.test.junit.AutoTests" name="[248] /home/travis/build/icyphy/ptII/ptolemy/actor/lib/test/auto/OrderedRecordDisassembler2.xml (RunModel)" time="0.02" />
  <testcase classname="ptolemy.util.test.junit.AutoTests" name="[249] /home/travis/build/icyphy/ptII/ptolemy/actor/lib/test/auto/OrderedRecordUpdater.xml (RunModel)" time="0.02" />
  <testcase classname="ptolemy.util.test.junit.AutoTests" name="[250] /home/travis/build/icyphy/ptII/ptolemy/actor/lib/test/auto/OrderedRecordUpdater2.xml (RunModel)" time="0.017" />
  <testcase classname="ptolemy.util.test.junit.AutoTests" name="[251] /home/travis/build/icyphy/ptII/ptolemy/actor/lib/test/auto/PhaseUnwrap.xml (RunModel)" time="0.011" />
  <testcase classname="ptolemy.util.test.junit.AutoTests" name="[252] /home/travis/build/icyphy/ptII/ptolemy/actor/lib/test/auto/PoissonClock.xml (RunModel)" time="0.01" />
  <testcase classname="ptolemy.util.test.junit.AutoTests" name="[253] /home/travis/build/icyphy/ptII/ptolemy/actor/lib/test/auto/PoissonClock2.xml (RunModel)" time="0.008" />
  <testcase classname="ptolemy.util.test.junit.AutoTests" name="[254] /home/travis/build/icyphy/ptII/ptolemy/actor/lib/test/auto/PoissonClock3.xml (RunModel)" time="0.015" />
  <testcase classname="ptolemy.util.test.junit.AutoTests" name="[255] /home/travis/build/icyphy/ptII/ptolemy/actor/lib/test/auto/PubSubWithInitialTokens.xml (RunModel)" time="0.011" />
  <testcase classname="ptolemy.util.test.junit.AutoTests" name="[256] /home/travis/build/icyphy/ptII/ptolemy/actor/lib/test/auto/PubSubWithInitialTokens2.xml (RunModel)" time="0.012" />
  <testcase classname="ptolemy.util.test.junit.AutoTests" name="[257] /home/travis/build/icyphy/ptII/ptolemy/actor/lib/test/auto/PublisherClassNoParameter.xml (RunModel)" time="0.021" />
  <testcase classname="ptolemy.util.test.junit.AutoTests" name="[258] /home/travis/build/icyphy/ptII/ptolemy/actor/lib/test/auto/PublisherClassParameter.xml (RunModel)" time="0.028" />
  <testcase classname="ptolemy.util.test.junit.AutoTests" name="[259] /home/travis/build/icyphy/ptII/ptolemy/actor/lib/test/auto/PublisherNonStrictTest.xml (RunModel)" time="0.013" />
  <testcase classname="ptolemy.util.test.junit.AutoTests" name="[260] /home/travis/build/icyphy/ptII/ptolemy/actor/lib/test/auto/PublisherPort1.xml (RunModel)" time="0.009" />
  <testcase classname="ptolemy.util.test.junit.AutoTests" name="[261] /home/travis/build/icyphy/ptII/ptolemy/actor/lib/test/auto/PublisherPort2.xml (RunModel)" time="0.007" />
  <testcase classname="ptolemy.util.test.junit.AutoTests" name="[262] /home/travis/build/icyphy/ptII/ptolemy/actor/lib/test/auto/PublisherPort3.xml (RunModel)" time="0.01" />
  <testcase classname="ptolemy.util.test.junit.AutoTests" name="[263] /home/travis/build/icyphy/ptII/ptolemy/actor/lib/test/auto/PublisherPort4.xml (RunModel)" time="0.01" />
  <testcase classname="ptolemy.util.test.junit.AutoTests" name="[264] /home/travis/build/icyphy/ptII/ptolemy/actor/lib/test/auto/PublisherPort5.xml (RunModel)" time="0.017" />
  <testcase classname="ptolemy.util.test.junit.AutoTests" name="[265] /home/travis/build/icyphy/ptII/ptolemy/actor/lib/test/auto/PublisherPort5LookAlike.xml (RunModel)" time="0.016" />
  <testcase classname="ptolemy.util.test.junit.AutoTests" name="[266] /home/travis/build/icyphy/ptII/ptolemy/actor/lib/test/auto/PublisherPort6.xml (RunModel)" time="0.011" />
  <testcase classname="ptolemy.util.test.junit.AutoTests" name="[267] /home/travis/build/icyphy/ptII/ptolemy/actor/lib/test/auto/PublisherPort7.xml (RunModel)" time="0.013" />
  <testcase classname="ptolemy.util.test.junit.AutoTests" name="[268] /home/travis/build/icyphy/ptII/ptolemy/actor/lib/test/auto/PublisherPort8.xml (RunModel)" time="0.015" />
  <testcase classname="ptolemy.util.test.junit.AutoTests" name="[269] /home/travis/build/icyphy/ptII/ptolemy/actor/lib/test/auto/PublisherPortSubscriberChannelVariablesAOC2.xml (RunModel)" time="0.032" />
  <testcase classname="ptolemy.util.test.junit.AutoTests" name="[270] /home/travis/build/icyphy/ptII/ptolemy/actor/lib/test/auto/PublisherPortSubscriberOpaqueWidthInference.xml (RunModel)" time="0.014" />
  <testcase classname="ptolemy.util.test.junit.AutoTests" name="[271] /home/travis/build/icyphy/ptII/ptolemy/actor/lib/test/auto/PublisherPortSubscriberPortAdjacent.xml (RunModel)" time="0.017" />
  <testcase classname="ptolemy.util.test.junit.AutoTests" name="[272] /home/travis/build/icyphy/ptII/ptolemy/actor/lib/test/auto/PublisherPortSubscriberPortExpression.xml (RunModel)" time="0.018" />
  <testcase classname="ptolemy.util.test.junit.AutoTests" name="[273] /home/travis/build/icyphy/ptII/ptolemy/actor/lib/test/auto/PublisherPortSubscriberPortOpaqueD3Reverse.xml (RunModel)" time="0.034" />
  <testcase classname="ptolemy.util.test.junit.AutoTests" name="[274] /home/travis/build/icyphy/ptII/ptolemy/actor/lib/test/auto/PublisherPortSubscriberPortOpaqueWidthInference.xml (RunModel)" time="0.014" />
  <testcase classname="ptolemy.util.test.junit.AutoTests" name="[275] /home/travis/build/icyphy/ptII/ptolemy/actor/lib/test/auto/PublisherPortToplevelSubscriberPortAOC.xml (RunModel)" time="0.009" />
  <testcase classname="ptolemy.util.test.junit.AutoTests" name="[276] /home/travis/build/icyphy/ptII/ptolemy/actor/lib/test/auto/PublisherSubscriber.xml (RunModel)" time="0.019" />
  <testcase classname="ptolemy.util.test.junit.AutoTests" name="[277] /home/travis/build/icyphy/ptII/ptolemy/actor/lib/test/auto/PublisherSubscriber10.xml (RunModel)" time="0.02" />
  <testcase classname="ptolemy.util.test.junit.AutoTests" name="[278] /home/travis/build/icyphy/ptII/ptolemy/actor/lib/test/auto/PublisherSubscriber10InitialOutputs.xml (RunModel)" time="0.02" />
  <testcase classname="ptolemy.util.test.junit.AutoTests" name="[279] /home/travis/build/icyphy/ptII/ptolemy/actor/lib/test/auto/PublisherSubscriber11.xml (RunModel)" time="0.016" />
  <testcase classname="ptolemy.util.test.junit.AutoTests" name="[280] /home/travis/build/icyphy/ptII/ptolemy/actor/lib/test/auto/PublisherSubscriber12.xml (RunModel)" time="0.017" />
  <testcase classname="ptolemy.util.test.junit.AutoTests" name="[281] /home/travis/build/icyphy/ptII/ptolemy/actor/lib/test/auto/PublisherSubscriber13.xml (RunModel)" time="0.011" />
  <testcase classname="ptolemy.util.test.junit.AutoTests" name="[282] /home/travis/build/icyphy/ptII/ptolemy/actor/lib/test/auto/PublisherSubscriber14.xml (RunModel)" time="0.017" />
  <testcase classname="ptolemy.util.test.junit.AutoTests" name="[283] /home/travis/build/icyphy/ptII/ptolemy/actor/lib/test/auto/PublisherSubscriber2.xml (RunModel)" time="0.01" />
  <testcase classname="ptolemy.util.test.junit.AutoTests" name="[284] /home/travis/build/icyphy/ptII/ptolemy/actor/lib/test/auto/PublisherSubscriber3.xml (RunModel)" time="0.013" />
  <testcase classname="ptolemy.util.test.junit.AutoTests" name="[285] /home/travis/build/icyphy/ptII/ptolemy/actor/lib/test/auto/PublisherSubscriber4.xml (RunModel)" time="0.009" />
  <testcase classname="ptolemy.util.test.junit.AutoTests" name="[286] /home/travis/build/icyphy/ptII/ptolemy/actor/lib/test/auto/PublisherSubscriber5.xml (RunModel)" time="0.011" />
  <testcase classname="ptolemy.util.test.junit.AutoTests" name="[287] /home/travis/build/icyphy/ptII/ptolemy/actor/lib/test/auto/PublisherSubscriber6.xml (RunModel)" time="0.011" />
  <testcase classname="ptolemy.util.test.junit.AutoTests" name="[288] /home/travis/build/icyphy/ptII/ptolemy/actor/lib/test/auto/PublisherSubscriber7.xml (RunModel)" time="0.012" />
  <testcase classname="ptolemy.util.test.junit.AutoTests" name="[289] /home/travis/build/icyphy/ptII/ptolemy/actor/lib/test/auto/PublisherSubscriber8.xml (RunModel)" time="0.024" />
  <testcase classname="ptolemy.util.test.junit.AutoTests" name="[290] /home/travis/build/icyphy/ptII/ptolemy/actor/lib/test/auto/PublisherSubscriber9.xml (RunModel)" time="0.018" />
  <testcase classname="ptolemy.util.test.junit.AutoTests" name="[291] /home/travis/build/icyphy/ptII/ptolemy/actor/lib/test/auto/PublisherSubscriberAdjacent.xml (RunModel)" time="0.015" />
  <testcase classname="ptolemy.util.test.junit.AutoTests" name="[292] /home/travis/build/icyphy/ptII/ptolemy/actor/lib/test/auto/PublisherSubscriberChannelVariablesAOC2.xml (RunModel)" time="0.024" />
  <testcase classname="ptolemy.util.test.junit.AutoTests" name="[293] /home/travis/build/icyphy/ptII/ptolemy/actor/lib/test/auto/PublisherSubscriberD3.xml (RunModel)" time="0.013" />
  <testcase classname="ptolemy.util.test.junit.AutoTests" name="[294] /home/travis/build/icyphy/ptII/ptolemy/actor/lib/test/auto/PublisherSubscriberD3Reverse.xml (RunModel)" time="0.011" />
  <testcase classname="ptolemy.util.test.junit.AutoTests" name="[295] /home/travis/build/icyphy/ptII/ptolemy/actor/lib/test/auto/PublisherSubscriberExpression.xml (RunModel)" time="0.016" />
  <testcase classname="ptolemy.util.test.junit.AutoTests" name="[296] /home/travis/build/icyphy/ptII/ptolemy/actor/lib/test/auto/PublisherSubscriberOpaque.xml (RunModel)" time="0.014" />
  <testcase classname="ptolemy.util.test.junit.AutoTests" name="[297] /home/travis/build/icyphy/ptII/ptolemy/actor/lib/test/auto/PublisherSubscriberOpaqueD3.xml (RunModel)" time="0.02" />
  <testcase classname="ptolemy.util.test.junit.AutoTests" name="[298] /home/travis/build/icyphy/ptII/ptolemy/actor/lib/test/auto/PublisherSubscriberOpaqueD3Reverse.xml (RunModel)" time="0.019" />
  <testcase classname="ptolemy.util.test.junit.AutoTests" name="[299] /home/travis/build/icyphy/ptII/ptolemy/actor/lib/test/auto/PublisherSubscriberOpaqueWidthInference.xml (RunModel)" time="0.015" />
  <testcase classname="ptolemy.util.test.junit.AutoTests" name="[300] /home/travis/build/icyphy/ptII/ptolemy/actor/lib/test/auto/PublisherTestSubscriber.xml (RunModel)" time="0.014" />
  <testcase classname="ptolemy.util.test.junit.AutoTests" name="[301] /home/travis/build/icyphy/ptII/ptolemy/actor/lib/test/auto/PublisherToplevelSubscriberPortAOC.xml (RunModel)" time="0.01" />
  <testcase classname="ptolemy.util.test.junit.AutoTests" name="[302] /home/travis/build/icyphy/ptII/ptolemy/actor/lib/test/auto/PulseFiringLimitDE.xml (RunModel)" time="0.012" />
  <testcase classname="ptolemy.util.test.junit.AutoTests" name="[303] /home/travis/build/icyphy/ptII/ptolemy/actor/lib/test/auto/Ramp1.xml (RunModel)" time="0.008" />
  <testcase classname="ptolemy.util.test.junit.AutoTests" name="[304] /home/travis/build/icyphy/ptII/ptolemy/actor/lib/test/auto/RampFiringLimitDE.xml (RunModel)" time="0.011" />
  <testcase classname="ptolemy.util.test.junit.AutoTests" name="[305] /home/travis/build/icyphy/ptII/ptolemy/actor/lib/test/auto/RampFiringLimitSDF.xml (RunModel)" time="0.01" />
  <testcase classname="ptolemy.util.test.junit.AutoTests" name="[306] /home/travis/build/icyphy/ptII/ptolemy/actor/lib/test/auto/RandomInteger.xml (RunModel)" time="0.008" />
  <testcase classname="ptolemy.util.test.junit.AutoTests" name="[307] /home/travis/build/icyphy/ptII/ptolemy/actor/lib/test/auto/ReadFile1.xml (RunModel)" time="0.008" />
  <testcase classname="ptolemy.util.test.junit.AutoTests" name="[308] /home/travis/build/icyphy/ptII/ptolemy/actor/lib/test/auto/ReadFile2.xml (RunModel)" time="0.006" />
  <testcase classname="ptolemy.util.test.junit.AutoTests" name="[309] /home/travis/build/icyphy/ptII/ptolemy/actor/lib/test/auto/Reader.xml (RunModel)" time="0.01" />
  <testcase classname="ptolemy.util.test.junit.AutoTests" name="[310] /home/travis/build/icyphy/ptII/ptolemy/actor/lib/test/auto/RecordAssemblerDisplayNameTest.xml (RunModel)" time="2.915" />
  <testcase classname="ptolemy.util.test.junit.AutoTests" name="[311] /home/travis/build/icyphy/ptII/ptolemy/actor/lib/test/auto/RecordAssemblerTypeError.xml (RunModel)" time="0.031" />
  <testcase classname="ptolemy.util.test.junit.AutoTests" name="[312] /home/travis/build/icyphy/ptII/ptolemy/actor/lib/test/auto/RecordDisassember.xml (RunModel)" time="0.009" />
  <testcase classname="ptolemy.util.test.junit.AutoTests" name="[313] /home/travis/build/icyphy/ptII/ptolemy/actor/lib/test/auto/RecordDisassemberDisplayNameTest.xml (RunModel)" time="0.016" />
  <testcase classname="ptolemy.util.test.junit.AutoTests" name="[314] /home/travis/build/icyphy/ptII/ptolemy/actor/lib/test/auto/RecordDisassembler.xml (RunModel)" time="0.008" />
  <testcase classname="ptolemy.util.test.junit.AutoTests" name="[315] /home/travis/build/icyphy/ptII/ptolemy/actor/lib/test/auto/RecordDisassembler2.xml (RunModel)" time="0.009" />
  <testcase classname="ptolemy.util.test.junit.AutoTests" name="[316] /home/travis/build/icyphy/ptII/ptolemy/actor/lib/test/auto/RecordUpdater.xml (RunModel)" time="0.008" />
  <testcase classname="ptolemy.util.test.junit.AutoTests" name="[317] /home/travis/build/icyphy/ptII/ptolemy/actor/lib/test/auto/RecordUpdater2.xml (RunModel)" time="0.008" />
  <testcase classname="ptolemy.util.test.junit.AutoTests" name="[318] /home/travis/build/icyphy/ptII/ptolemy/actor/lib/test/auto/RecursiveLattice.xml (RunModel)" time="0.007" />
  <testcase classname="ptolemy.util.test.junit.AutoTests" name="[319] /home/travis/build/icyphy/ptII/ptolemy/actor/lib/test/auto/Router.xml (RunModel)" time="3.021" />
  <testcase classname="ptolemy.util.test.junit.AutoTests" name="[320] /home/travis/build/icyphy/ptII/ptolemy/actor/lib/test/auto/Router2.xml (RunModel)" time="3.029" />
  <testcase classname="ptolemy.util.test.junit.AutoTests" name="[321] /home/travis/build/icyphy/ptII/ptolemy/actor/lib/test/auto/RunningMaximum.xml (RunModel)" time="0.01" />
  <testcase classname="ptolemy.util.test.junit.AutoTests" name="[322] /home/travis/build/icyphy/ptII/ptolemy/actor/lib/test/auto/RunningMinimum.xml (RunModel)" time="0.009" />
  <testcase classname="ptolemy.util.test.junit.AutoTests" name="[323] /home/travis/build/icyphy/ptII/ptolemy/actor/lib/test/auto/Scale.xml (RunModel)" time="0.006" />
  <testcase classname="ptolemy.util.test.junit.AutoTests" name="[324] /home/travis/build/icyphy/ptII/ptolemy/actor/lib/test/auto/Scale2.xml (RunModel)" time="0.008" />
  <testcase classname="ptolemy.util.test.junit.AutoTests" name="[325] /home/travis/build/icyphy/ptII/ptolemy/actor/lib/test/auto/Scale3.xml (RunModel)" time="0.013" />
  <testcase classname="ptolemy.util.test.junit.AutoTests" name="[326] /home/travis/build/icyphy/ptII/ptolemy/actor/lib/test/auto/ScaleArray.xml (RunModel)" time="0.007" />
  <testcase classname="ptolemy.util.test.junit.AutoTests" name="[327] /home/travis/build/icyphy/ptII/ptolemy/actor/lib/test/auto/ScaleArray2.xml (RunModel)" time="0.007" />
  <testcase classname="ptolemy.util.test.junit.AutoTests" name="[328] /home/travis/build/icyphy/ptII/ptolemy/actor/lib/test/auto/ScaleMatrix.xml (RunModel)" time="0.107" />
  <testcase classname="ptolemy.util.test.junit.AutoTests" name="[329] /home/travis/build/icyphy/ptII/ptolemy/actor/lib/test/auto/Select.xml (RunModel)" time="0.012" />
  <testcase classname="ptolemy.util.test.junit.AutoTests" name="[330] /home/travis/build/icyphy/ptII/ptolemy/actor/lib/test/auto/Select2.xml (RunModel)" time="0.007" />
  <testcase classname="ptolemy.util.test.junit.AutoTests" name="[331] /home/travis/build/icyphy/ptII/ptolemy/actor/lib/test/auto/SequenceToArray2.xml (RunModel)" time="0.101" />
  <testcase classname="ptolemy.util.test.junit.AutoTests" name="[332] /home/travis/build/icyphy/ptII/ptolemy/actor/lib/test/auto/SequentialClock.xml (RunModel)" time="0.009" />
  <testcase classname="ptolemy.util.test.junit.AutoTests" name="[333] /home/travis/build/icyphy/ptII/ptolemy/actor/lib/test/auto/SetVariable.xml (RunModel)" time="0.009" />
  <testcase classname="ptolemy.util.test.junit.AutoTests" name="[334] /home/travis/build/icyphy/ptII/ptolemy/actor/lib/test/auto/SetVariable2.xml (RunModel)" time="0.011" />
  <testcase classname="ptolemy.util.test.junit.AutoTests" name="[335] /home/travis/build/icyphy/ptII/ptolemy/actor/lib/test/auto/SetVariable3.xml (RunModel)" time="0.015" />
  <testcase classname="ptolemy.util.test.junit.AutoTests" name="[336] /home/travis/build/icyphy/ptII/ptolemy/actor/lib/test/auto/SetVariable4.xml (RunModel)" time="0.025" />
  <testcase classname="ptolemy.util.test.junit.AutoTests" name="[337] /home/travis/build/icyphy/ptII/ptolemy/actor/lib/test/auto/SetVariable5.xml (RunModel)" time="0.034" />
  <testcase classname="ptolemy.util.test.junit.AutoTests" name="[338] /home/travis/build/icyphy/ptII/ptolemy/actor/lib/test/auto/Sinewave.xml (RunModel)" time="0.03" />
  <testcase classname="ptolemy.util.test.junit.AutoTests" name="[339] /home/travis/build/icyphy/ptII/ptolemy/actor/lib/test/auto/Sinewave2.xml (RunModel)" time="0.015" />
  <testcase classname="ptolemy.util.test.junit.AutoTests" name="[340] /home/travis/build/icyphy/ptII/ptolemy/actor/lib/test/auto/Sinewave3.xml (RunModel)" time="0.02" />
  <testcase classname="ptolemy.util.test.junit.AutoTests" name="[341] /home/travis/build/icyphy/ptII/ptolemy/actor/lib/test/auto/SingleEvent.xml (RunModel)" time="0.007" />
  <testcase classname="ptolemy.util.test.junit.AutoTests" name="[342] /home/travis/build/icyphy/ptII/ptolemy/actor/lib/test/auto/Sleep.xml (RunModel)" time="6.012" />
  <testcase classname="ptolemy.util.test.junit.AutoTests" name="[343] /home/travis/build/icyphy/ptII/ptolemy/actor/lib/test/auto/SleepMultipleFire.xml (RunModel)" time="1.016" />
  <testcase classname="ptolemy.util.test.junit.AutoTests" name="[344] /home/travis/build/icyphy/ptII/ptolemy/actor/lib/test/auto/StopDE.xml (RunModel)" time="0.011" />
  <testcase classname="ptolemy.util.test.junit.AutoTests" name="[345] /home/travis/build/icyphy/ptII/ptolemy/actor/lib/test/auto/StopSDF.xml (RunModel)" time="0.01" />
  <testcase classname="ptolemy.util.test.junit.AutoTests" name="[346] /home/travis/build/icyphy/ptII/ptolemy/actor/lib/test/auto/StringConstant.xml (RunModel)" time="0.014" />
  <testcase classname="ptolemy.util.test.junit.AutoTests" name="[347] /home/travis/build/icyphy/ptII/ptolemy/actor/lib/test/auto/SubscriberPortInitialValues1.xml (RunModel)" time="0.023" />
  <testcase classname="ptolemy.util.test.junit.AutoTests" name="[348] /home/travis/build/icyphy/ptII/ptolemy/actor/lib/test/auto/SubscriberPortInitialValues13.xml (RunModel)" time="0.026" />
  <testcase classname="ptolemy.util.test.junit.AutoTests" name="[349] /home/travis/build/icyphy/ptII/ptolemy/actor/lib/test/auto/SubscriberPortInitialValues14.xml (RunModel)" time="0.014" />
  <testcase classname="ptolemy.util.test.junit.AutoTests" name="[350] /home/travis/build/icyphy/ptII/ptolemy/actor/lib/test/auto/SubscriberPortInitialValues2.xml (RunModel)" time="0.015" />
  <testcase classname="ptolemy.util.test.junit.AutoTests" name="[351] /home/travis/build/icyphy/ptII/ptolemy/actor/lib/test/auto/SubscriberPortInitialValues3.xml (RunModel)" time="0.017" />
  <testcase classname="ptolemy.util.test.junit.AutoTests" name="[352] /home/travis/build/icyphy/ptII/ptolemy/actor/lib/test/auto/SubscriptionAggregator.xml (RunModel)" time="0.01" />
  <testcase classname="ptolemy.util.test.junit.AutoTests" name="[353] /home/travis/build/icyphy/ptII/ptolemy/actor/lib/test/auto/SubscriptionAggregator2.xml (RunModel)" time="0.011" />
  <testcase classname="ptolemy.util.test.junit.AutoTests" name="[354] /home/travis/build/icyphy/ptII/ptolemy/actor/lib/test/auto/SubscriptionAggregator3.xml (RunModel)" time="0.016" />
  <testcase classname="ptolemy.util.test.junit.AutoTests" name="[355] /home/travis/build/icyphy/ptII/ptolemy/actor/lib/test/auto/SubscriptionAggregatorMultiply.xml (RunModel)" time="0.016" />
  <testcase classname="ptolemy.util.test.junit.AutoTests" name="[356] /home/travis/build/icyphy/ptII/ptolemy/actor/lib/test/auto/SubscriptionAggregatorPortMultiply1.xml (RunModel)" time="0.019" />
  <testcase classname="ptolemy.util.test.junit.AutoTests" name="[357] /home/travis/build/icyphy/ptII/ptolemy/actor/lib/test/auto/Switch.xml (RunModel)" time="0.02" />
  <testcase classname="ptolemy.util.test.junit.AutoTests" name="[358] /home/travis/build/icyphy/ptII/ptolemy/actor/lib/test/auto/Switch2.xml (RunModel)" time="0.009" />
  <testcase classname="ptolemy.util.test.junit.AutoTests" name="[359] /home/travis/build/icyphy/ptII/ptolemy/actor/lib/test/auto/SwitchDE.xml (RunModel)" time="0.022" />
  <testcase classname="ptolemy.util.test.junit.AutoTests" name="[360] /home/travis/build/icyphy/ptII/ptolemy/actor/lib/test/auto/SynchronizerDE.xml (RunModel)" time="0.021" />
  <testcase classname="ptolemy.util.test.junit.AutoTests" name="[361] /home/travis/build/icyphy/ptII/ptolemy/actor/lib/test/auto/Test.xml (RunModel)" time="0.008" />
  <testcase classname="ptolemy.util.test.junit.AutoTests" name="[362] /home/travis/build/icyphy/ptII/ptolemy/actor/lib/test/auto/TestExceptionAttribute1.xml (RunModel)" time="0.006" />
  <testcase classname="ptolemy.util.test.junit.AutoTests" name="[363] /home/travis/build/icyphy/ptII/ptolemy/actor/lib/test/auto/TestExceptionAttribute2.xml (RunModel)" time="0.006" />
  <testcase classname="ptolemy.util.test.junit.AutoTests" name="[364] /home/travis/build/icyphy/ptII/ptolemy/actor/lib/test/auto/TestExceptionAttribute3.xml (RunModel)" time="0.006" />
  <testcase classname="ptolemy.util.test.junit.AutoTests" name="[365] /home/travis/build/icyphy/ptII/ptolemy/actor/lib/test/auto/TestExceptionAttribute4.xml (RunModel)" time="0.006" />
  <testcase classname="ptolemy.util.test.junit.AutoTests" name="[366] /home/travis/build/icyphy/ptII/ptolemy/actor/lib/test/auto/TestExceptionHandler1.xml (RunModel)" time="0.004" />
  <testcase classname="ptolemy.util.test.junit.AutoTests" name="[367] /home/travis/build/icyphy/ptII/ptolemy/actor/lib/test/auto/TestExceptionHandler2.xml (RunModel)" time="0.009" />
  <testcase classname="ptolemy.util.test.junit.AutoTests" name="[368] /home/travis/build/icyphy/ptII/ptolemy/actor/lib/test/auto/TestExceptionHandler3.xml (RunModel)" time="0.009" />
  <testcase classname="ptolemy.util.test.junit.AutoTests" name="[369] /home/travis/build/icyphy/ptII/ptolemy/actor/lib/test/auto/TestExceptionHandler4.xml (RunModel)" time="0.005" />
  <testcase classname="ptolemy.util.test.junit.AutoTests" name="[370] /home/travis/build/icyphy/ptII/ptolemy/actor/lib/test/auto/TestRequireCorrectOrder.xml (RunModel)" time="0.008" />
  <testcase classname="ptolemy.util.test.junit.AutoTests" name="[371] /home/travis/build/icyphy/ptII/ptolemy/actor/lib/test/auto/TestSimple.xml (RunModel)" time="0.006" />
  <testcase classname="ptolemy.util.test.junit.AutoTests" name="[372] /home/travis/build/icyphy/ptII/ptolemy/actor/lib/test/auto/ThrowModelError.xml (RunModel)" time="0.009" />
  <testcase classname="ptolemy.util.test.junit.AutoTests" name="[373] /home/travis/build/icyphy/ptII/ptolemy/actor/lib/test/auto/TimeDelayMicrosteps.xml (RunModel)" time="0.011" />
  <testcase classname="ptolemy.util.test.junit.AutoTests" name="[374] /home/travis/build/icyphy/ptII/ptolemy/actor/lib/test/auto/TimeDelayMicrosteps2.xml (RunModel)" time="0.014" />
  <testcase classname="ptolemy.util.test.junit.AutoTests" name="[375] /home/travis/build/icyphy/ptII/ptolemy/actor/lib/test/auto/TimeDelayMicrosteps3.xml (RunModel)" time="0.011" />
  <testcase classname="ptolemy.util.test.junit.AutoTests" name="[376] /home/travis/build/icyphy/ptII/ptolemy/actor/lib/test/auto/TimeDelayVariableMicrosteps.xml (RunModel)" time="0.011" />
  <testcase classname="ptolemy.util.test.junit.AutoTests" name="[377] /home/travis/build/icyphy/ptII/ptolemy/actor/lib/test/auto/TimeGap.xml (RunModel)" time="0.013" />
  <testcase classname="ptolemy.util.test.junit.AutoTests" name="[378] /home/travis/build/icyphy/ptII/ptolemy/actor/lib/test/auto/TimeGap2.xml (RunModel)" time="0.009" />
  <testcase classname="ptolemy.util.test.junit.AutoTests" name="[379] /home/travis/build/icyphy/ptII/ptolemy/actor/lib/test/auto/TimedSinewave.xml (RunModel)" time="0.051" />
  <testcase classname="ptolemy.util.test.junit.AutoTests" name="[380] /home/travis/build/icyphy/ptII/ptolemy/actor/lib/test/auto/TimedSinewavePhase.xml (RunModel)" time="0.043" />
  <testcase classname="ptolemy.util.test.junit.AutoTests" name="[381] /home/travis/build/icyphy/ptII/ptolemy/actor/lib/test/auto/Timer.xml (RunModel)" time="0.017" />
  <testcase classname="ptolemy.util.test.junit.AutoTests" name="[382] /home/travis/build/icyphy/ptII/ptolemy/actor/lib/test/auto/TriangularDistTestModel.xml (RunModel)" time="0.015" />
  <testcase classname="ptolemy.util.test.junit.AutoTests" name="[383] /home/travis/build/icyphy/ptII/ptolemy/actor/lib/test/auto/TrigFunction.xml (RunModel)" time="0.008" />
  <testcase classname="ptolemy.util.test.junit.AutoTests" name="[384] /home/travis/build/icyphy/ptII/ptolemy/actor/lib/test/auto/TrigFunctionDE.xml (RunModel)" time="0.011" />
  <testcase classname="ptolemy.util.test.junit.AutoTests" name="[385] /home/travis/build/icyphy/ptII/ptolemy/actor/lib/test/auto/TrigFunctionInverse.xml (RunModel)" time="0.009" />
  <testcase classname="ptolemy.util.test.junit.AutoTests" name="[386] /home/travis/build/icyphy/ptII/ptolemy/actor/lib/test/auto/TrigFunctionTan.xml (RunModel)" time="0.006" />
  <testcase classname="ptolemy.util.test.junit.AutoTests" name="[387] /home/travis/build/icyphy/ptII/ptolemy/actor/lib/test/auto/TriggeredClock.xml (RunModel)" time="0.008" />
  <testcase classname="ptolemy.util.test.junit.AutoTests" name="[388] /home/travis/build/icyphy/ptII/ptolemy/actor/lib/test/auto/URLDirectoryReader.xml (RunModel)" time="0.071" />
  <testcase classname="ptolemy.util.test.junit.AutoTests" name="[389] /home/travis/build/icyphy/ptII/ptolemy/actor/lib/test/auto/URLDirectoryReader3.xml (RunModel)" time="1.383" />
  <testcase classname="ptolemy.util.test.junit.AutoTests" name="[390] /home/travis/build/icyphy/ptII/ptolemy/actor/lib/test/auto/UnaryMathFunction.xml (RunModel)" time="0.025" />
  <testcase classname="ptolemy.util.test.junit.AutoTests" name="[391] /home/travis/build/icyphy/ptII/ptolemy/actor/lib/test/auto/Uniform.xml (RunModel)" time="0.011" />
  <testcase classname="ptolemy.util.test.junit.AutoTests" name="[392] /home/travis/build/icyphy/ptII/ptolemy/actor/lib/test/auto/UnionDisassemblerTest.xml (RunModel)" time="0.007" />
  <testcase classname="ptolemy.util.test.junit.AutoTests" name="[393] /home/travis/build/icyphy/ptII/ptolemy/actor/lib/test/auto/UtilityFunctions.xml (RunModel)" time="0.008" />
  <testcase classname="ptolemy.util.test.junit.AutoTests" name="[394] /home/travis/build/icyphy/ptII/ptolemy/actor/lib/test/auto/VariableSleep.xml (RunModel)" time="0.513" />
  <testcase classname="ptolemy.util.test.junit.AutoTests" name="[395] /home/travis/build/icyphy/ptII/ptolemy/actor/lib/test/auto/VectorAssemblerDisassemblerCT.xml (RunModel)" time="0.115" />
  <testcase classname="ptolemy.util.test.junit.AutoTests" name="[396] /home/travis/build/icyphy/ptII/ptolemy/actor/lib/test/auto/VectorAssemblerDisassemblerDE.xml (RunModel)" time="0.017" />
  <testcase classname="ptolemy.util.test.junit.AutoTests" name="[397] /home/travis/build/icyphy/ptII/ptolemy/actor/lib/test/auto/VectorAssemblerDisassemblerSDF.xml (RunModel)" time="0.02" />
  <testcase classname="ptolemy.util.test.junit.AutoTests" name="[398] /home/travis/build/icyphy/ptII/ptolemy/actor/lib/test/auto/WallClockTime.xml (RunModel)" time="1.016" />
  <testcase classname="ptolemy.util.test.junit.AutoTests" name="[399] /home/travis/build/icyphy/ptII/ptolemy/actor/lib/test/auto/WidthTestWithSubscriberPublisher.xml (RunModel)" time="0.06" />
  <testcase classname="ptolemy.util.test.junit.AutoTests" name="[400] /home/travis/build/icyphy/ptII/ptolemy/actor/lib/test/auto/WidthTestWithSubscriberPublisher2.xml (RunModel)" time="0.017" />
  <testcase classname="ptolemy.util.test.junit.AutoTests" name="[401] /home/travis/build/icyphy/ptII/ptolemy/actor/lib/test/auto/WidthTestWithSubscriberPublisher3.xml (RunModel)" time="0.027" />
  <testcase classname="ptolemy.util.test.junit.AutoTests" name="[402] /home/travis/build/icyphy/ptII/ptolemy/actor/lib/test/auto/Writer.xml (RunModel)" time="0.007" />
  <testcase classname="ptolemy.util.test.junit.AutoTests" name="[403] /home/travis/build/icyphy/ptII/ptolemy/actor/lib/test/auto/array.xml (RunModel)" time="0.009" />
  <testcase classname="ptolemy.util.test.junit.AutoTests" name="[404] /home/travis/build/icyphy/ptII/ptolemy/actor/lib/test/auto/array2.xml (RunModel)" time="0.008" />
  <testcase classname="ptolemy.util.test.junit.AutoTests" name="[405] /home/travis/build/icyphy/ptII/ptolemy/actor/lib/test/auto/arrayType.xml (RunModel)" time="0.014" />
  <testcase classname="ptolemy.util.test.junit.AutoTests" name="[406] /home/travis/build/icyphy/ptII/ptolemy/actor/lib/test/auto/arrayType10.xml (RunModel)" time="0.008" />
  <testcase classname="ptolemy.util.test.junit.AutoTests" name="[407] /home/travis/build/icyphy/ptII/ptolemy/actor/lib/test/auto/arrayType11.xml (RunModel)" time="0.007" />
  <testcase classname="ptolemy.util.test.junit.AutoTests" name="[408] /home/travis/build/icyphy/ptII/ptolemy/actor/lib/test/auto/arrayType12.xml (RunModel)" time="0.008" />
  <testcase classname="ptolemy.util.test.junit.AutoTests" name="[409] /home/travis/build/icyphy/ptII/ptolemy/actor/lib/test/auto/arrayType13.xml (RunModel)" time="0.008" />
  <testcase classname="ptolemy.util.test.junit.AutoTests" name="[410] /home/travis/build/icyphy/ptII/ptolemy/actor/lib/test/auto/arrayType14.xml (RunModel)" time="0.008" />
  <testcase classname="ptolemy.util.test.junit.AutoTests" name="[411] /home/travis/build/icyphy/ptII/ptolemy/actor/lib/test/auto/arrayType15.xml (RunModel)" time="0.008" />
  <testcase classname="ptolemy.util.test.junit.AutoTests" name="[412] /home/travis/build/icyphy/ptII/ptolemy/actor/lib/test/auto/arrayType16.xml (RunModel)" time="0.008" />
  <testcase classname="ptolemy.util.test.junit.AutoTests" name="[413] /home/travis/build/icyphy/ptII/ptolemy/actor/lib/test/auto/arrayType17.xml (RunModel)" time="0.008" />
  <testcase classname="ptolemy.util.test.junit.AutoTests" name="[414] /home/travis/build/icyphy/ptII/ptolemy/actor/lib/test/auto/arrayType18.xml (RunModel)" time="0.01" />
  <testcase classname="ptolemy.util.test.junit.AutoTests" name="[415] /home/travis/build/icyphy/ptII/ptolemy/actor/lib/test/auto/arrayType19.xml (RunModel)" time="0.007" />
  <testcase classname="ptolemy.util.test.junit.AutoTests" name="[416] /home/travis/build/icyphy/ptII/ptolemy/actor/lib/test/auto/arrayType2.xml (RunModel)" time="0.007" />
  <testcase classname="ptolemy.util.test.junit.AutoTests" name="[417] /home/travis/build/icyphy/ptII/ptolemy/actor/lib/test/auto/arrayType20.xml (RunModel)" time="0.008" />
  <testcase classname="ptolemy.util.test.junit.AutoTests" name="[418] /home/travis/build/icyphy/ptII/ptolemy/actor/lib/test/auto/arrayType21.xml (RunModel)" time="0.007" />
  <testcase classname="ptolemy.util.test.junit.AutoTests" name="[419] /home/travis/build/icyphy/ptII/ptolemy/actor/lib/test/auto/arrayType22.xml (RunModel)" time="0.009" />
  <testcase classname="ptolemy.util.test.junit.AutoTests" name="[420] /home/travis/build/icyphy/ptII/ptolemy/actor/lib/test/auto/arrayType23.xml (RunModel)" time="0.008" />
  <testcase classname="ptolemy.util.test.junit.AutoTests" name="[421] /home/travis/build/icyphy/ptII/ptolemy/actor/lib/test/auto/arrayType24.xml (RunModel)" time="0.012" />
  <testcase classname="ptolemy.util.test.junit.AutoTests" name="[422] /home/travis/build/icyphy/ptII/ptolemy/actor/lib/test/auto/arrayType25.xml (RunModel)" time="0.008" />
  <testcase classname="ptolemy.util.test.junit.AutoTests" name="[423] /home/travis/build/icyphy/ptII/ptolemy/actor/lib/test/auto/arrayType26.xml (RunModel)" time="0.008" />
  <testcase classname="ptolemy.util.test.junit.AutoTests" name="[424] /home/travis/build/icyphy/ptII/ptolemy/actor/lib/test/auto/arrayType27.xml (RunModel)" time="0.009" />
  <testcase classname="ptolemy.util.test.junit.AutoTests" name="[425] /home/travis/build/icyphy/ptII/ptolemy/actor/lib/test/auto/arrayType28.xml (RunModel)" time="0.01" />
  <testcase classname="ptolemy.util.test.junit.AutoTests" name="[426] /home/travis/build/icyphy/ptII/ptolemy/actor/lib/test/auto/arrayType3.xml (RunModel)" time="0.009" />
  <testcase classname="ptolemy.util.test.junit.AutoTests" name="[427] /home/travis/build/icyphy/ptII/ptolemy/actor/lib/test/auto/arrayType4.xml (RunModel)" time="0.009" />
  <testcase classname="ptolemy.util.test.junit.AutoTests" name="[428] /home/travis/build/icyphy/ptII/ptolemy/actor/lib/test/auto/arrayType5.xml (RunModel)" time="0.01" />
  <testcase classname="ptolemy.util.test.junit.AutoTests" name="[429] /home/travis/build/icyphy/ptII/ptolemy/actor/lib/test/auto/arrayType6.xml (RunModel)" time="0.019" />
  <testcase classname="ptolemy.util.test.junit.AutoTests" name="[430] /home/travis/build/icyphy/ptII/ptolemy/actor/lib/test/auto/arrayType7.xml (RunModel)" time="0.008" />
  <testcase classname="ptolemy.util.test.junit.AutoTests" name="[431] /home/travis/build/icyphy/ptII/ptolemy/actor/lib/test/auto/arrayType8.xml (RunModel)" time="0.008" />
  <testcase classname="ptolemy.util.test.junit.AutoTests" name="[432] /home/travis/build/icyphy/ptII/ptolemy/actor/lib/test/auto/arrayType9.xml (RunModel)" time="0.008" />
  <testcase classname="ptolemy.util.test.junit.AutoTests" name="[433] /home/travis/build/icyphy/ptII/ptolemy/actor/lib/test/auto/cast.xml (RunModel)" time="0.009" />
  <testcase classname="ptolemy.util.test.junit.AutoTests" name="[434] /home/travis/build/icyphy/ptII/ptolemy/actor/lib/test/auto/compositeMultiPort.xml (RunModel)" time="0.018" />
  <testcase classname="ptolemy.util.test.junit.AutoTests" name="[435] /home/travis/build/icyphy/ptII/ptolemy/actor/lib/test/auto/expressionCastInference.xml (RunModel)" time="0.01" />
  <testcase classname="ptolemy.util.test.junit.AutoTests" name="[436] /home/travis/build/icyphy/ptII/ptolemy/actor/lib/test/auto/expressionCastInference2.xml (RunModel)" time="0.007" />
  <testcase classname="ptolemy.util.test.junit.AutoTests" name="[437] /home/travis/build/icyphy/ptII/ptolemy/actor/lib/test/auto/expressionInference.xml (RunModel)" time="0.007" />
  <testcase classname="ptolemy.util.test.junit.AutoTests" name="[438] /home/travis/build/icyphy/ptII/ptolemy/actor/lib/test/auto/expression_bug.xml (RunModel)" time="0.006" />
  <testcase classname="ptolemy.util.test.junit.AutoTests" name="[439] /home/travis/build/icyphy/ptII/ptolemy/actor/lib/test/auto/factorial.xml (RunModel)" time="0.051" />
  <testcase classname="ptolemy.util.test.junit.AutoTests" name="[440] /home/travis/build/icyphy/ptII/ptolemy/actor/lib/test/auto/filterTest1.xml (RunModel)" time="0.014" />
  <testcase classname="ptolemy.util.test.junit.AutoTests" name="[441] /home/travis/build/icyphy/ptII/ptolemy/actor/lib/test/auto/funcApplyInConst.xml (RunModel)" time="0.005" />
  <testcase classname="ptolemy.util.test.junit.AutoTests" name="[442] /home/travis/build/icyphy/ptII/ptolemy/actor/lib/test/auto/funcApplyInExpr.xml (RunModel)" time="0.005" />
  <testcase classname="ptolemy.util.test.junit.AutoTests" name="[443] /home/travis/build/icyphy/ptII/ptolemy/actor/lib/test/auto/function.xml (RunModel)" time="0.01" />
  <testcase classname="ptolemy.util.test.junit.AutoTests" name="[444] /home/travis/build/icyphy/ptII/ptolemy/actor/lib/test/auto/function2.xml (RunModel)" time="0.007" />
  <testcase classname="ptolemy.util.test.junit.AutoTests" name="[445] /home/travis/build/icyphy/ptII/ptolemy/actor/lib/test/auto/function3.xml (RunModel)" time="0.008" />
  <testcase classname="ptolemy.util.test.junit.AutoTests" name="[446] /home/travis/build/icyphy/ptII/ptolemy/actor/lib/test/auto/functionClosureTest1.xml (RunModel)" time="0.01" />
  <testcase classname="ptolemy.util.test.junit.AutoTests" name="[447] /home/travis/build/icyphy/ptII/ptolemy/actor/lib/test/auto/functionClosureTest2.xml (RunModel)" time="0.007" />
  <testcase classname="ptolemy.util.test.junit.AutoTests" name="[448] /home/travis/build/icyphy/ptII/ptolemy/actor/lib/test/auto/functionClosureTest3.xml (RunModel)" time="0.009" />
  <testcase classname="ptolemy.util.test.junit.AutoTests" name="[449] /home/travis/build/icyphy/ptII/ptolemy/actor/lib/test/auto/functionClosureTest4.xml (RunModel)" time="0.015" />
  <testcase classname="ptolemy.util.test.junit.AutoTests" name="[450] /home/travis/build/icyphy/ptII/ptolemy/actor/lib/test/auto/functionClosureTest5.xml (RunModel)" time="0.011" />
  <testcase classname="ptolemy.util.test.junit.AutoTests" name="[451] /home/travis/build/icyphy/ptII/ptolemy/actor/lib/test/auto/functionClosureTest6.xml (RunModel)" time="0.008" />
  <testcase classname="ptolemy.util.test.junit.AutoTests" name="[452] /home/travis/build/icyphy/ptII/ptolemy/actor/lib/test/auto/functionsOnArcs.xml (RunModel)" time="0.01" />
  <testcase classname="ptolemy.util.test.junit.AutoTests" name="[453] /home/travis/build/icyphy/ptII/ptolemy/actor/lib/test/auto/functionsOnArcsHOF.xml (RunModel)" time="0.011" />
  <testcase classname="ptolemy.util.test.junit.AutoTests" name="[454] /home/travis/build/icyphy/ptII/ptolemy/actor/lib/test/auto/logic.xml (RunModel)" time="0.017" />
  <testcase classname="ptolemy.util.test.junit.AutoTests" name="[455] /home/travis/build/icyphy/ptII/ptolemy/actor/lib/test/auto/matrixType.xml (RunModel)" time="0.008" />
  <testcase classname="ptolemy.util.test.junit.AutoTests" name="[456] /home/travis/build/icyphy/ptII/ptolemy/actor/lib/test/auto/matrixType10.xml (RunModel)" time="0.01" />
  <testcase classname="ptolemy.util.test.junit.AutoTests" name="[457] /home/travis/build/icyphy/ptII/ptolemy/actor/lib/test/auto/matrixType11.xml (RunModel)" time="0.009" />
  <testcase classname="ptolemy.util.test.junit.AutoTests" name="[458] /home/travis/build/icyphy/ptII/ptolemy/actor/lib/test/auto/matrixType12.xml (RunModel)" time="0.011" />
  <testcase classname="ptolemy.util.test.junit.AutoTests" name="[459] /home/travis/build/icyphy/ptII/ptolemy/actor/lib/test/auto/matrixType13.xml (RunModel)" time="0.009" />
  <testcase classname="ptolemy.util.test.junit.AutoTests" name="[460] /home/travis/build/icyphy/ptII/ptolemy/actor/lib/test/auto/matrixType14.xml (RunModel)" time="0.011" />
  <testcase classname="ptolemy.util.test.junit.AutoTests" name="[461] /home/travis/build/icyphy/ptII/ptolemy/actor/lib/test/auto/matrixType2.xml (RunModel)" time="0.009" />
  <testcase classname="ptolemy.util.test.junit.AutoTests" name="[462] /home/travis/build/icyphy/ptII/ptolemy/actor/lib/test/auto/matrixType3.xml (RunModel)" time="0.011" />
  <testcase classname="ptolemy.util.test.junit.AutoTests" name="[463] /home/travis/build/icyphy/ptII/ptolemy/actor/lib/test/auto/matrixType4.xml (RunModel)" time="0.008" />
  <testcase classname="ptolemy.util.test.junit.AutoTests" name="[464] /home/travis/build/icyphy/ptII/ptolemy/actor/lib/test/auto/matrixType5.xml (RunModel)" time="0.008" />
  <testcase classname="ptolemy.util.test.junit.AutoTests" name="[465] /home/travis/build/icyphy/ptII/ptolemy/actor/lib/test/auto/matrixType6.xml (RunModel)" time="0.007" />
  <testcase classname="ptolemy.util.test.junit.AutoTests" name="[466] /home/travis/build/icyphy/ptII/ptolemy/actor/lib/test/auto/matrixType7.xml (RunModel)" time="0.008" />
  <testcase classname="ptolemy.util.test.junit.AutoTests" name="[467] /home/travis/build/icyphy/ptII/ptolemy/actor/lib/test/auto/matrixType8.xml (RunModel)" time="0.009" />
  <testcase classname="ptolemy.util.test.junit.AutoTests" name="[468] /home/travis/build/icyphy/ptII/ptolemy/actor/lib/test/auto/matrixType9.xml (RunModel)" time="0.008" />
  <testcase classname="ptolemy.util.test.junit.AutoTests" name="[469] /home/travis/build/icyphy/ptII/ptolemy/actor/lib/test/auto/paraFunctest.xml (RunModel)" time="0.006" />
  <testcase classname="ptolemy.util.test.junit.AutoTests" name="[470] /home/travis/build/icyphy/ptII/ptolemy/actor/lib/test/auto/paraFunctest2.xml (RunModel)" time="0.008" />
  <testcase classname="ptolemy.util.test.junit.AutoTests" name="[471] /home/travis/build/icyphy/ptII/ptolemy/actor/lib/test/auto/parameterPassing.xml (RunModel)" time="0.009" />
  <testcase classname="ptolemy.util.test.junit.AutoTests" name="[472] /home/travis/build/icyphy/ptII/ptolemy/actor/lib/test/auto/record.xml (RunModel)" time="0.011" />
  <testcase classname="ptolemy.util.test.junit.AutoTests" name="[473] /home/travis/build/icyphy/ptII/ptolemy/actor/lib/test/auto/sizedarray1.xml (RunModel)" time="0.009" />
  <testcase classname="ptolemy.util.test.junit.AutoTests" name="[474] /home/travis/build/icyphy/ptII/ptolemy/actor/lib/test/auto/sizedarray2.xml (RunModel)" time="0.01" />
  <testcase classname="ptolemy.util.test.junit.AutoTests" name="[475] /home/travis/build/icyphy/ptII/ptolemy/actor/lib/test/auto/twoPublishers.xml (RunModel)" time="0.019" />
  <system-out><![CDATA[/home/travis/build/icyphy/ptII/ptolemy/actor/lib/test/AbsoluteValue.tcl
testDefs.tcl: setting time out to 9000 seconds at Fri Jun 15 17:28:48 UTC 2018
72 ms. Memory: 116224K Free: 106796K (92%)
4 ms. Memory: 116224K Free: 105578K (91%)
4 ms. Memory: 116224K Free: 104977K (90%)
4 ms. Memory: 116224K Free: 103766K (89%)
/home/travis/build/icyphy/ptII/ptolemy/actor/lib/test/AddSubtract.tcl
7 ms. Memory: 116224K Free: 101946K (88%)
5 ms. Memory: 116224K Free: 101329K (87%)
4 ms. Memory: 116224K Free: 100110K (86%)
6 ms. Memory: 116224K Free: 99509K (86%)
5 ms. Memory: 116224K Free: 98891K (85%)
4 ms. Memory: 116224K Free: 98290K (85%)
/home/travis/build/icyphy/ptII/ptolemy/actor/lib/test/Average.tcl
20 ms. Memory: 116224K Free: 96438K (83%)
5 ms. Memory: 116224K Free: 95235K (82%)
/home/travis/build/icyphy/ptII/ptolemy/actor/lib/test/Bernoulli.tcl
7 ms. Memory: 116224K Free: 93407K (80%)
2 ms. Memory: 116224K Free: 92790K (80%)
/home/travis/build/icyphy/ptII/ptolemy/actor/lib/test/Clock.tcl
preinitializing
resolving types
initializing
executing number 1
wrapping up
idle
17 ms. Memory: 116224K Free: 90938K (78%)
Completed execution with 5 iterations
preinitializing
resolving types
initializing
executing number 1
wrapping up
idle
3 ms. Memory: 116224K Free: 89736K (77%)
Completed execution with 5 iterations
preinitializing
resolving types
initializing
executing number 1
wrapping up
idle
3 ms. Memory: 116224K Free: 89135K (77%)
Completed execution with 5 iterations
/home/travis/build/icyphy/ptII/ptolemy/actor/lib/test/Commutator.tcl
6 ms. Memory: 116224K Free: 87289K (75%)
5 ms. Memory: 116224K Free: 86086K (74%)
8 ms. Memory: 116224K Free: 81805K (70%)
/home/travis/build/icyphy/ptII/ptolemy/actor/lib/test/Const.tcl
3 ms. Memory: 146944K Free: 139997K (95%)
3 ms. Memory: 146944K Free: 138769K (94%)
2 ms. Memory: 146944K Free: 138769K (94%)
1 ms. Memory: 146944K Free: 137557K (94%)
2 ms. Memory: 146944K Free: 137557K (94%)
24 ms. Memory: 146944K Free: 135134K (92%)
8 ms. Memory: 146944K Free: 135134K (92%)
11 ms. Memory: 146944K Free: 132690K (90%)
/home/travis/build/icyphy/ptII/ptolemy/actor/lib/test/CurrentTime.tcl
preinitializing
resolving types
initializing
executing number 1
wrapping up
idle
6 ms. Memory: 146944K Free: 130259K (89%)
Completed execution with 11 iterations
/home/travis/build/icyphy/ptII/ptolemy/actor/lib/test/DB.tcl
8 ms. Memory: 146944K Free: 129047K (88%)
2 ms. Memory: 146944K Free: 127835K (87%)
2 ms. Memory: 146944K Free: 127835K (87%)
/home/travis/build/icyphy/ptII/ptolemy/actor/lib/test/DiscreteRandomSource.tcl
preinitializing
resolving types
initializing
executing number 1
wrapping up
idle
14 ms. Memory: 146944K Free: 126623K (86%)
Completed execution with 4 iterations
preinitializing
resolving types
initializing
executing number 1
wrapping up
idle
2 ms. Memory: 146944K Free: 125412K (85%)
Completed execution with 4 iterations
preinitializing
resolving types
initializing
executing number 1
wrapping up
idle
10 ms. Memory: 146944K Free: 125412K (85%)
Completed execution with 4 iterations
preinitializing
resolving types
initializing
executing number 1
wrapping up
idle
3 ms. Memory: 146944K Free: 125412K (85%)
Completed execution with 4 iterations
preinitializing
resolving types
initializing
executing number 1
wrapping up
idle
4 ms. Memory: 146944K Free: 124197K (85%)
Completed execution with 4 iterations
/home/travis/build/icyphy/ptII/ptolemy/actor/lib/test/Distributor.tcl
4 ms. Memory: 146944K Free: 122985K (84%)
3 ms. Memory: 146944K Free: 121773K (83%)
StreamChangeRequest.changeExecuted(): <deleteEntity name="rec2"/> succeeded
StreamChangeRequest.changeExecuted(): <deleteRelation name="r2"/> succeeded
StreamChangeRequest.changeExecuted(): Record firings per iteration succeeded
13 ms. Memory: 146944K Free: 119334K (81%)
/home/travis/build/icyphy/ptII/ptolemy/actor/lib/test/Exit.tcl
Exit.tcl: this will print a message about Manager.exitAfterWrapup, which can be ignored.
3 ms. Memory: 146944K Free: 116296K (79%)
/home/travis/build/icyphy/ptII/ptolemy/actor/lib/test/Expression.tcl
9 ms. Memory: 146944K Free: 112643K (77%)
5 ms. Memory: 146944K Free: 112643K (77%)
2 ms. Memory: 146944K Free: 111432K (76%)
preinitializing
resolving types
initializing
executing number 1
wrapping up
idle
5 ms. Memory: 146944K Free: 110220K (75%)
Completed execution with 6 iterations
3 ms. Memory: 146944K Free: 109008K (74%)
3 ms. Memory: 146944K Free: 109008K (74%)
4 ms. Memory: 146944K Free: 107797K (73%)
4 ms. Memory: 146944K Free: 106585K (73%)
3 ms. Memory: 146944K Free: 105373K (72%)
/home/travis/build/icyphy/ptII/ptolemy/actor/lib/test/Gaussian.tcl
16 ms. Memory: 146944K Free: 102949K (70%)
sleeping 1 seconds: ......................................................................................................................................................................................................................................................................................................................................................................................................................................................................................................................................................................................................................................................................................................................................................................................................................................................................................................................................................................................................................................................................................................................................................................................................................................................................................................................................................................................................................................................................................................................................................................................................................................................................................................................................................................................................................................................................................................................................................................................................................................................................................................................................................................................................................................................................................................................................................................................................................................................................................................................................................................................................................................................................................................................................................................................................................................................................................................................................................................................................................................................................................................................................................................................................................................................................................................................................................................................................................................................................................................................................................................................................................................................................................................................................................................................................................................................................................................................................................................................................................................................................................................................................................................................................................................................................................................................................................................................................................................................................................................................................................................................................................................................................................................................................................................................................................................................................................................................................................................................................................................................................................................................................................................................................................................................................................................................................................................................................................................................................................................................................................................................................................................................................................................................................................................................................................................................................................................................................................................................................................................................................................................................................................................................................................................................................................................................................................................................................................................................................................................................................................................................................................................................................................................................................................................................................................................................................................................................................................................................................................................................................................................................................................................................................................................................................................................................................................................................................................................................................................................................................................................................................................................................................................................................................................................................................................................................................................................................................................................................................................................................................................................................................................................................................................................................................................................................................................................................................................................................................................................................................................................................................................................................................................................................................................................................................................................................................................................................................................................................................................................................................................................................................................................................................................................................................................................................................................................................................................................................................................................................................................................................................................................................................................................................................................................................................................................................................................................................................................................................................................................................................................................................................................................................................................................................................................................................................................................................................................................................................................................................................................................................................................................................................................................................................................................................................................................................................................................................................................................................................................................................................................................................................................................................................................................................................................................................................................................................................................................................................................................................................................................................................................................................................................................................................................................................................................................................................................................................................................................................................................................................................................................................................................................................................................................................................................................................................................................................................................................................................................................................................................................................................................................................................................................................................................................................................................................................................................................................................................................................................................................................................................................................................................................................................................................................................................................................................................................................................................................................................................................................................................................................................................................................................................................................................................................................................................................................................................................................................................................................................................................................................................................................................................................................................................................................................................................................................................................................................................................................................................................................................................................................................................................................................................................................................................................................................................................................................................................................................................................................................................................................................................................................................................................................................................................................................................................................................................................................................................................................................................................................................................................................................................................................................................................................................................................................................................................................................................................................................................................................................................................................................................................................................................................................................................................................................................................................................................................................................................................................................................................................................................................................................................................................................................................................................................................................................................................................................................................................................................................................................................................................................................................................................................................................................................................................................................................................................................................................................................................................................................................................................................................................................................................................................................................................................................................................................................................................................................................................................................................................................................................................................................................................................................................................................................................................................................................................................................................................................................................................................................................................................................................................................................................................................................................................................................................................................................................................................................................................................................................................................................................................................................................................................................................................................................................................................................................................................................................................................................................................................................................................................................................................................................................................................................................................................................................................................................................................................................................................................................................................................................................................................................................................................................................................................................................................................................................................................................................................................................................................................................................................................................................................................................................................................................................................................................................................................................................................................................................................................................................................................................................................................................................................................................................................................................................................................................................................................................................................................................................................................................................................................................................................................................................................................................................................................................................................................................................................................................................................................................................................................................................................................................................................................................................................................................................................................................................................................................................................................................................................................................................................................................................................................................................................................................................................................................................................................................................................................................................................................................................................................................................................................................................................................................................................................................................................................................................................................................................................................................................................................................................................................................................................................................................................................................................................................................................................................................................................................................................................................................................................................................................................................................................................................................................................................................................................................................................................................................................................................................................................................................................................................................................................................................................................................................................................................................................................................................................................................................................................................................................................................................................................................................................................................................................................................................................................................................................................................................................................................................................................................................................................................................................................................................................................................................................................................................................................................................................................................................................................................................................................................................................................................................................................................................................................................................................................................................................................................................................................................................................................................................................................................................................................................................................................................................................................................................................................................................................................................................................................................................................................................................................................................................................................................................................................................................................................................................................................................................................................................................................................................................................................................................................................................................................................................................................................................................................................................................................................................................................................................................................................................................................................................................................................................................................................................................................................................................................................................................................................................................................................................................................................................................................................................................................................................................................................................................................................................................................................................................................................................................................................................................................................................................................................................................................................................................................................................................................................................................................................................................................................................................................................................................................................................................................................................................................................................................................................................................................................................................................................................................................................................................................................................................................................................................................................................................................................................................................................................................................................................................................................................................................................................................................................................................................................................................................................................................................................................................................................................................................................................................................................................................................................................................................................................................................................................................................................................................................................................................................................................................................................................................................................................................................................................................................................................................................................................................................................................................................................................................................................................................................................................................................................................................................................................................................................................................................................................................................................................................................................................................................................................................................................................................................................................................................................................................................................................................................................................................................................................................................................................................................................................................................................................................................................................................................................................................................................................................................................................................................................................................................................................................................................................................................................................................................................................................................................................................................................................................................................................................................................................................................................................................................................................................................................................................................................................................................................................................................................................................................................................................................................................................................................................................................................................................................................................................................................................................................................................................................................................................................................................................................................................................................................................................................................................................................................................................................................................................................................................................................................................................................................................................................................................................................................................................................................................................................................................................................................................................................................................................................................................................................................................................................................................................................................................................................................................................................................................................................................................................................................................................................................................................................................................................................................................................................................................................................................................................................................................................................................................................................................................................................................................................................................................................................................................................................................................................................................................................................................................................................................................................................................................................................................................................................................................................................................................................................................................................................................................................................................................................................................................................................................................................................................................................................................................................................................................................................................................................................................................................................................................................................................................................................................................................................................................................................................................................................................................................................................................................................................................................................................................................................................................................................................................................................................................................................................................................................................................................................................................................................................................................................................................................................................................................................................................................................................................................................................................................................................................................................................................................................................................................................................................................................................................................................................................................................................................................................................................................................................................................................................................................................................................................................................................................................................................................................................................................................................................................................................................................................................................................................................................7 ms. Memory: 208384K Free: 119367K (57%)
2 ms. Memory: 208384K Free: 116968K (56%)
2 ms. Memory: 208384K Free: 116968K (56%)
6 ms. Memory: 208384K Free: 116968K (56%)
2 ms. Memory: 208384K Free: 116968K (56%)
/home/travis/build/icyphy/ptII/ptolemy/actor/lib/test/IIR.tcl
/home/travis/build/icyphy/ptII/ptolemy/actor/lib/test/Interpolator.tcl
9 ms. Memory: 208384K Free: 111649K (54%)
1 ms. Memory: 208384K Free: 111649K (54%)
2 ms. Memory: 208384K Free: 109250K (52%)
8 ms. Memory: 208384K Free: 109250K (52%)
6 ms. Memory: 208384K Free: 109250K (52%)
7 ms. Memory: 208384K Free: 106850K (51%)
9 ms. Memory: 208384K Free: 106850K (51%)
2 ms. Memory: 208384K Free: 106850K (51%)
8 ms. Memory: 208384K Free: 104451K (50%)
7 ms. Memory: 208384K Free: 104451K (50%)
/home/travis/build/icyphy/ptII/ptolemy/actor/lib/test/MathFunction.tcl
9 ms. Memory: 208384K Free: 102052K (49%)
3 ms. Memory: 208384K Free: 102052K (49%)
2 ms. Memory: 208384K Free: 99652K (48%)
3 ms. Memory: 208384K Free: 99652K (48%)
3 ms. Memory: 208384K Free: 97253K (47%)
9 ms. Memory: 208384K Free: 94853K (46%)
/home/travis/build/icyphy/ptII/ptolemy/actor/lib/test/Maximum.tcl
5 ms. Memory: 208384K Free: 94853K (46%)
6 ms. Memory: 208384K Free: 92454K (44%)
4 ms. Memory: 208384K Free: 92454K (44%)
2 ms. Memory: 208384K Free: 92454K (44%)
/home/travis/build/icyphy/ptII/ptolemy/actor/lib/test/Minimum.tcl
4 ms. Memory: 208384K Free: 90055K (43%)
2 ms. Memory: 208384K Free: 90055K (43%)
2 ms. Memory: 208384K Free: 90055K (43%)
2 ms. Memory: 208384K Free: 87655K (42%)
/home/travis/build/icyphy/ptII/ptolemy/actor/lib/test/MultiplyDivide.tcl
4 ms. Memory: 208384K Free: 85256K (41%)
2 ms. Memory: 208384K Free: 85256K (41%)
3 ms. Memory: 208384K Free: 85256K (41%)
2 ms. Memory: 208384K Free: 82857K (40%)
2 ms. Memory: 208384K Free: 82857K (40%)
/home/travis/build/icyphy/ptII/ptolemy/actor/lib/test/OrderedMerge.tcl
Connections changed on port: inputA
Connections changed on port: inputB
Connections changed on port: output
Connections changed on port: output
Connections changed on port: output
Connections changed on port: input
.top. Preinitializing ...
Invoking preinitialize():  .top.OrderedMerge
Called preinitialize()
Invoking preinitialize():  .top.Ramp
Called preinitialize()
Invoking preinitialize():  .top.Ramp2
Called preinitialize()
Invoking preinitialize():  .top.Test
Called preinitialize()
Connections changed on port: inputA
Connections changed on port: output
Connections changed on port: inputB
Connections changed on port: output
Connections changed on port: output
Connections changed on port: input
.top. Finished preinitialize().
Called initialize().
Invoking initialize():  .top.OrderedMerge
Initializing actor: .top.OrderedMerge
Adding a thread: .top.OrderedMerge
Invoking initialize():  .top.Ramp
Initializing actor: .top.Ramp
Adding a thread: .top.Ramp
Invoking initialize():  .top.Ramp2
Initializing actor: .top.Ramp2
Adding a thread: .top.Ramp2
Invoking initialize():  .top.Test
Initializing actor: .top.Test
Adding a thread: .top.Test
-- Starting thread.
-- Starting thread.
Called initialize()
Called initialize()
Called prefire()
Called prefire()
Called fire()
Called fire()
Called postfire()
Called prefire()
Called fire()
Called fire().
Checking for deadlock:
There are 1 Blocked actors, 0 Stopped actors, and 4 active threads.
Waiting for actors to stop.
Checking for deadlock:
There are 2 Blocked actors, 0 Stopped actors, and 4 active threads.
-- Starting thread.
Waiting for actors to stop.
Called initialize()
Called prefire()
Called fire()
Called postfire()
Called prefire()
Called fire()
Checking for deadlock:
There are 3 Blocked actors, 0 Stopped actors, and 4 active threads.
Waiting for actors to stop.
-- Starting thread.
Called initialize()
Called prefire()
Called fire()
Checking for deadlock:
There are 2 Blocked actors, 0 Stopped actors, and 4 active threads.
Waiting for actors to stop.
Called postfire()
Called prefire()
Called fire()
Checking for deadlock:
There are 3 Blocked actors, 0 Stopped actors, and 4 active threads.
Read input token from inputA with value 0.0
Waiting for actors to stop.
Next port to read input from is inputB
Called postfire()
Called prefire()
Called fire()
Checking for deadlock:
There are 2 Blocked actors, 0 Stopped actors, and 4 active threads.
Waiting for actors to stop.
Read input token from inputB with value 0.0
Called postfire()
Called prefire()
Called fire()
Checking for deadlock:
There are 2 Blocked actors, 0 Stopped actors, and 4 active threads.
Waiting for actors to stop.
-- Read input: 0.0, which is expected to match: 0.0
Called prefire()
Called fire()
Sent output token with value 0.0
Checking for deadlock:
There are 3 Blocked actors, 0 Stopped actors, and 4 active threads.
Waiting for actors to stop.
Next port to read input from is inputA
Called postfire()
Called prefire()
Called fire()
Checking for deadlock:
There are 2 Blocked actors, 0 Stopped actors, and 4 active threads.
Waiting for actors to stop.
Read input token from inputA with value 1.0
Called postfire()
Called prefire()
Called fire()
Sent output token with value 0.0
-- Read input: 0.0, which is expected to match: 0.0
Next port to read input from is inputB
Called postfire()
Called prefire()
Called prefire()
Called fire()
Called fire()
Checking for deadlock:
Read input token from inputB with value 1.5
There are 2 Blocked actors, 0 Stopped actors, and 4 active threads.
Waiting for actors to stop.
Called postfire()
Called prefire()
Called fire()
Checking for deadlock:
Sent output token with value 1.0
There are 2 Blocked actors, 0 Stopped actors, and 4 active threads.
Waiting for actors to stop.
Next port to read input from is inputA
Called postfire()
Called prefire()
-- Read input: 1.0, which is expected to match: 1.0
Called prefire()
Called fire()
Checking for deadlock:
There are 3 Blocked actors, 0 Stopped actors, and 4 active threads.
Waiting for actors to stop.
Called fire()
Called postfire()
Called prefire()
Called fire()
Checking for deadlock:
There are 3 Blocked actors, 0 Stopped actors, and 4 active threads.
Waiting for actors to stop.
Read input token from inputA with value 2.0
Sent output token with value 1.5
-- Read input: 1.5, which is expected to match: 1.5
Next port to read input from is inputB
Called postfire()
Called prefire()
Called prefire()
Called fire()
Called fire()
Read input token from inputB with value 3.0
Called postfire()
Called prefire()
Called fire()
Sent output token with value 2.0
Checking for deadlock:
There are 2 Blocked actors, 0 Stopped actors, and 4 active threads.
Next port to read input from is inputA
Waiting for actors to stop.
-- Read input: 2.0, which is expected to match: 2.0
Called prefire()
Called fire()
Checking for deadlock:
There are 3 Blocked actors, 0 Stopped actors, and 4 active threads.
Waiting for actors to stop.
Called postfire()
Called prefire()
Called fire()
Called postfire()
Called prefire()
Called fire()
Checking for deadlock:
There are 3 Blocked actors, 0 Stopped actors, and 4 active threads.
Waiting for actors to stop.
Read input token from inputA with value 3.0
Checking for deadlock:
There are 2 Blocked actors, 0 Stopped actors, and 4 active threads.
Waiting for actors to stop.
-- Read input: 3.0, which is expected to match: 3.0
Called prefire()
Called fire()
Checking for deadlock:
There are 3 Blocked actors, 0 Stopped actors, and 4 active threads.
Waiting for actors to stop.
Sent output token with value 3.0
Next port to read input from is inputB
Called postfire()
Called prefire()
Called fire()
Checking for deadlock:
There are 2 Blocked actors, 0 Stopped actors, and 4 active threads.
Waiting for actors to stop.
Read input token from inputB with value 4.5
Called postfire()
Called prefire()
Called fire()
Checking for deadlock:
There are 2 Blocked actors, 0 Stopped actors, and 4 active threads.
-- Read input: 3.0, which is expected to match: 3.0
Waiting for actors to stop.
Called prefire()
Called fire()
Checking for deadlock:
There are 3 Blocked actors, 0 Stopped actors, and 4 active threads.
Sent output token with value 3.0
Waiting for actors to stop.
Next port to read input from is inputA
Called postfire()
Called prefire()
Called fire()
Read input token from inputA with value 4.0
Called postfire()
Called prefire()
Called fire()
Checking for deadlock:
There are 3 Blocked actors, 0 Stopped actors, and 4 active threads.
Waiting for actors to stop.
Checking for deadlock:
There are 2 Blocked actors, 0 Stopped actors, and 4 active threads.
-- Read input: 4.0, which is expected to match: 4.0
Waiting for actors to stop.
Called prefire()
Called fire()
Past the end of training data. Read and discard all inputs.
Checking for deadlock:
There are 3 Blocked actors, 0 Stopped actors, and 4 active threads.
Sent output token with value 4.0
Waiting for actors to stop.
Next port to read input from is inputA
Called postfire()
Called prefire()
Called fire()
Read input token from inputA with value 5.0
Checking for deadlock:
There are 2 Blocked actors, 0 Stopped actors, and 4 active threads.
Waiting for actors to stop.
Called postfire()
Called prefire()
Called fire()
Checking for deadlock:
There are 2 Blocked actors, 0 Stopped actors, and 4 active threads.
Waiting for actors to stop.
Called prefire()
Called fire()
Past the end of training data. Read and discard all inputs.
Checking for deadlock:
There are 3 Blocked actors, 0 Stopped actors, and 4 active threads.
Waiting for actors to stop.
Sent output token with value 4.5
Next port to read input from is inputB
Called postfire()
Called prefire()
Called fire()
Read input token from inputB with value 6.0
Checking for deadlock:
There are 2 Blocked actors, 0 Stopped actors, and 4 active threads.
Waiting for actors to stop.
Called postfire()
Called prefire()
Called fire()
Called prefire()
Called fire()
Checking for deadlock:
There are 2 Blocked actors, 0 Stopped actors, and 4 active threads.
Waiting for actors to stop.
Sent output token with value 5.0
Past the end of training data. Read and discard all inputs.
Next port to read input from is inputA
Called postfire()
Called prefire()
Called fire()
Checking for deadlock:
There are 3 Blocked actors, 0 Stopped actors, and 4 active threads.
Waiting for actors to stop.
Checking for deadlock:
There are 2 Blocked actors, 0 Stopped actors, and 4 active threads.
Waiting for actors to stop.
Read input token from inputA with value 6.0
Called postfire()
Called prefire()
Called fire()
Sent output token with value 6.0
Called prefire()
Called fire()
Next port to read input from is inputB
Past the end of training data. Read and discard all inputs.
Called postfire()
Called prefire()
Called fire()
Checking for deadlock:
There are 3 Blocked actors, 0 Stopped actors, and 4 active threads.
Waiting for actors to stop.
Checking for deadlock:
There are 2 Blocked actors, 0 Stopped actors, and 4 active threads.
Waiting for actors to stop.
Read input token from inputB with value 7.5
Called postfire()
Called prefire()
Called fire()
Sent output token with value 6.0
Called prefire()
Called fire()
Next port to read input from is inputA
Past the end of training data. Read and discard all inputs.
Called postfire()
Called prefire()
Called fire()
Checking for deadlock:
There are 3 Blocked actors, 0 Stopped actors, and 4 active threads.
Waiting for actors to stop.
Checking for deadlock:
There are 2 Blocked actors, 0 Stopped actors, and 4 active threads.
Waiting for actors to stop.
Read input token from inputA with value 7.0
Called postfire()
Sent output token with value 7.0
Called prefire()
Called fire()
Next port to read input from is inputA
Called postfire()
Called prefire()
Called fire()
Called prefire()
Read input token from inputA with value 8.0
Called fire()
Past the end of training data. Read and discard all inputs.
Called prefire()
Sent output token with value 7.5
Called fire()
Past the end of training data. Read and discard all inputs.
Checking for deadlock:
Next port to read input from is inputB
There are 2 Blocked actors, 0 Stopped actors, and 4 active threads.
Waiting for actors to stop.
-- Thread wrapup() called.
Called wrapup()
Thread .top.Ramp is exiting.
-- Thread stopped.
Checking for deadlock:
There are 2 Blocked actors, 0 Stopped actors, and 3 active threads.
Waiting for actors to stop.
Called postfire()
Called prefire()
Called fire()
Called postfire()
Checking for deadlock:
Called prefire()
There are 1 Blocked actors, 0 Stopped actors, and 3 active threads.
Called fire()
Waiting for actors to stop.
Checking for deadlock:
There are 2 Blocked actors, 0 Stopped actors, and 3 active threads.
Waiting for actors to stop.
Read input token from inputB with value 9.0
Sent output token with value 8.0
Called prefire()
Called fire()
Past the end of training data. Read and discard all inputs.
Next port to read input from is inputA
Called postfire()
Checking for deadlock:
There are 2 Blocked actors, 0 Stopped actors, and 3 active threads.
Waiting for actors to stop.
Called prefire()
Called fire()
Read input token from inputA with value 9.0
Checking for deadlock:
There are 1 Blocked actors, 0 Stopped actors, and 3 active threads.
Waiting for actors to stop.
Sent output token with value 9.0
Called prefire()
Called fire()
Past the end of training data. Read and discard all inputs.
Checking for deadlock:
There are 2 Blocked actors, 0 Stopped actors, and 3 active threads.
Waiting for actors to stop.
Next port to read input from is inputB
Called postfire()
Called prefire()
Called fire()
Checking for deadlock:
There are 1 Blocked actors, 0 Stopped actors, and 3 active threads.
Waiting for actors to stop.
Called postfire()
Called prefire()
Called fire()
Read input token from inputB with value 10.5
Checking for deadlock:
There are 2 Blocked actors, 0 Stopped actors, and 3 active threads.
Waiting for actors to stop.
Checking for deadlock:
There are 1 Blocked actors, 0 Stopped actors, and 3 active threads.
Sent output token with value 9.0
Waiting for actors to stop.
Called prefire()
Called fire()
Past the end of training data. Read and discard all inputs.
Checking for deadlock:
There are 2 Blocked actors, 0 Stopped actors, and 3 active threads.
Waiting for actors to stop.
Next port to read input from is inputA
Called postfire()
Called prefire()
Called fire()
Checking for deadlock:
There are 3 Blocked actors, 0 Stopped actors, and 3 active threads.
Actors have stopped.
Checking for deadlock:
There are 3 Blocked actors, 0 Stopped actors, and 3 active threads.
Deadlock detected.
Resolving Deadlock
Checking for deadlock:
There are 3 Blocked actors, 0 Stopped actors, and 3 active threads.
Artificial Deadlock - increasing queue capacity.
increasing the capacity of receiver ptolemy.actor.TypedIOPort {.top.OrderedMerge.inputB} to 2
Director: Called postfire().
Called postfire().
_stopRequested = false
_stopFireRequested = false
Returning from postfire(): true
Called fire().
Checking for deadlock:
There are 2 Blocked actors, 0 Stopped actors, and 3 active threads.
Waiting for actors to stop.
-- Thread wrapup() called.
Called wrapup()
Thread .top.Ramp2 is exiting.
-- Thread stopped.
Checking for deadlock:
There are 2 Blocked actors, 0 Stopped actors, and 2 active threads.
Actors have stopped.
Checking for deadlock:
There are 2 Blocked actors, 0 Stopped actors, and 2 active threads.
Deadlock detected.
Resolving Deadlock
Checking for deadlock:
There are 2 Blocked actors, 0 Stopped actors, and 2 active threads.
Deadlock detected: no processes blocked on write, but some are blocked on read.
Called postfire().
_stopRequested = false
_stopFireRequested = false
Returning from postfire(): false
Finished deactivating branches.
Called wrapup().
-- Thread wrapup() called.
-- Thread wrapup() called.
Called wrapup()
Called wrapup()
Thread .top.OrderedMerge is exiting.
-- Thread stopped.
Thread .top.Test is exiting.
-- Blocked Receiver call threw TerminateProcessException.
-- Thread stopped.
-- Blocked Receiver call threw TerminateProcessException.
46 ms. Memory: 208384K Free: 194821K (93%)
.top. Preinitializing ...
Invoking preinitialize():  .top.OrderedMerge
Called preinitialize()
Invoking preinitialize():  .top.Ramp
Called preinitialize()
Invoking preinitialize():  .top.Ramp2
Called preinitialize()
Invoking preinitialize():  .top.Test
Called preinitialize()
.top. Finished preinitialize().
Called initialize().
Invoking initialize():  .top.OrderedMerge
Initializing actor: .top.OrderedMerge
Adding a thread: .top.OrderedMerge
Invoking initialize():  .top.Ramp
Initializing actor: .top.Ramp
Adding a thread: .top.Ramp
Invoking initialize():  .top.Ramp2
Initializing actor: .top.Ramp2
Adding a thread: .top.Ramp2
Invoking initialize():  .top.Test
Initializing actor: .top.Test
Adding a thread: .top.Test
-- Starting thread.
Called initialize()
Called prefire()
Called fire()
-- Starting thread.
Called initialize()
Called prefire()
Called fire()
Called postfire()
Called prefire()
Called fire()
-- Starting thread.
Called initialize()
Called prefire()
Called fire()
Called postfire()
Called prefire()
Called fire()
Called fire().
Checking for deadlock:
There are 3 Blocked actors, 0 Stopped actors, and 4 active threads.
Waiting for actors to stop.
-- Starting thread.
Called initialize()
Called prefire()
Called fire()
Checking for deadlock:
There are 2 Blocked actors, 0 Stopped actors, and 4 active threads.
Waiting for actors to stop.
Read input token from inputA with value 0.0
Called postfire()
Called prefire()
Called fire()
Next port to read input from is inputB
Called postfire()
Called prefire()
Called fire()
Read input token from inputB with value 0.0
Called postfire()
Called prefire()
Called fire()
Sent output token with value 0.0
Checking for deadlock:
There are 2 Blocked actors, 0 Stopped actors, and 4 active threads.
Waiting for actors to stop.
Next port to read input from is inputA
Called postfire()
Called prefire()
Called fire()
-- Read input: 0.0, which is expected to match: 0.0
Read input token from inputA with value 1.0
Called prefire()
Called fire()
Checking for deadlock:
There are 2 Blocked actors, 0 Stopped actors, and 4 active threads.
Waiting for actors to stop.
Called postfire()
Called prefire()
Called fire()
Checking for deadlock:
There are 3 Blocked actors, 0 Stopped actors, and 4 active threads.
Waiting for actors to stop.
-- Read input: 0.0, which is expected to match: 0.0
Called prefire()
Called fire()
Checking for deadlock:
There are 3 Blocked actors, 0 Stopped actors, and 4 active threads.
Waiting for actors to stop.
Sent output token with value 0.0
Next port to read input from is inputB
Called postfire()
Called prefire()
Called fire()
Read input token from inputB with value 1.5
Called postfire()
Called prefire()
Called fire()
Checking for deadlock:
There are 1 Blocked actors, 0 Stopped actors, and 4 active threads.
Waiting for actors to stop.
-- Read input: 1.0, which is expected to match: 1.0
Called prefire()
Called fire()
Checking for deadlock:
There are 3 Blocked actors, 0 Stopped actors, and 4 active threads.
Waiting for actors to stop.
Sent output token with value 1.0
Next port to read input from is inputA
Called postfire()
Called prefire()
Called fire()
Read input token from inputA with value 2.0
Checking for deadlock:
There are 2 Blocked actors, 0 Stopped actors, and 4 active threads.
Waiting for actors to stop.
Called postfire()
Called prefire()
Called fire()
-- Read input: 1.5, which is expected to match: 1.5
Called prefire()
Called fire()
Checking for deadlock:
There are 3 Blocked actors, 0 Stopped actors, and 4 active threads.
Waiting for actors to stop.
Sent output token with value 1.5
Next port to read input from is inputB
Called postfire()
Called prefire()
Called fire()
Checking for deadlock:
Called postfire()
There are 2 Blocked actors, 0 Stopped actors, and 4 active threads.
Called prefire()
Waiting for actors to stop.
Called fire()
Checking for deadlock:
There are 3 Blocked actors, 0 Stopped actors, and 4 active threads.
Waiting for actors to stop.
Read input token from inputB with value 3.0
Checking for deadlock:
There are 2 Blocked actors, 0 Stopped actors, and 4 active threads.
Waiting for actors to stop.
-- Read input: 2.0, which is expected to match: 2.0
Called prefire()
Called fire()
Checking for deadlock:
There are 3 Blocked actors, 0 Stopped actors, and 4 active threads.
Waiting for actors to stop.
Sent output token with value 2.0
Next port to read input from is inputA
Called postfire()
Called prefire()
Called fire()
Checking for deadlock:
There are 2 Blocked actors, 0 Stopped actors, and 4 active threads.
Waiting for actors to stop.
Read input token from inputA with value 3.0
Called postfire()
Called prefire()
Called fire()
Sent output token with value 3.0
-- Read input: 3.0, which is expected to match: 3.0
Called prefire()
Called fire()
Checking for deadlock:
There are 3 Blocked actors, 0 Stopped actors, and 4 active threads.
Waiting for actors to stop.
Next port to read input from is inputB
Called postfire()
Called prefire()
Called fire()
Checking for deadlock:
There are 2 Blocked actors, 0 Stopped actors, and 4 active threads.
Waiting for actors to stop.
Read input token from inputB with value 4.5
Called postfire()
Called prefire()
Called fire()
Checking for deadlock:
There are 3 Blocked actors, 0 Stopped actors, and 4 active threads.
Waiting for actors to stop.
Checking for deadlock:
There are 2 Blocked actors, 0 Stopped actors, and 4 active threads.
Waiting for actors to stop.
-- Read input: 3.0, which is expected to match: 3.0
Called prefire()
Called fire()
Checking for deadlock:
There are 3 Blocked actors, 0 Stopped actors, and 4 active threads.
Waiting for actors to stop.
Sent output token with value 3.0
Next port to read input from is inputA
Called postfire()
Called prefire()
Called fire()
Checking for deadlock:
There are 2 Blocked actors, 0 Stopped actors, and 4 active threads.
Waiting for actors to stop.
Read input token from inputA with value 4.0
Called postfire()
Called prefire()
Sent output token with value 4.0
Called fire()
Next port to read input from is inputA
Called postfire()
Called prefire()
Called fire()
Read input token from inputA with value 5.0
Checking for deadlock:
There are 1 Blocked actors, 0 Stopped actors, and 4 active threads.
Waiting for actors to stop.
-- Read input: 4.0, which is expected to match: 4.0
Called postfire()
Called prefire()
Called prefire()
Called fire()
Called fire()
Past the end of training data. Read and discard all inputs.
Checking for deadlock:
There are 3 Blocked actors, 0 Stopped actors, and 4 active threads.
Waiting for actors to stop.
Called prefire()
Called fire()
Past the end of training data. Read and discard all inputs.
Checking for deadlock:
There are 3 Blocked actors, 0 Stopped actors, and 4 active threads.
Waiting for actors to stop.
Sent output token with value 4.5
Next port to read input from is inputB
Called postfire()
Called prefire()
Called fire()
Read input token from inputB with value 6.0
Called postfire()
Called prefire()
Called fire()
Checking for deadlock:
There are 2 Blocked actors, 0 Stopped actors, and 4 active threads.
Waiting for actors to stop.
Called prefire()
Called fire()
Past the end of training data. Read and discard all inputs.
Checking for deadlock:
There are 3 Blocked actors, 0 Stopped actors, and 4 active threads.
Waiting for actors to stop.
Sent output token with value 5.0
Next port to read input from is inputA
Called postfire()
Called prefire()
Called fire()
Read input token from inputA with value 6.0
Called postfire()
Called prefire()
Called fire()
Sent output token with value 6.0
Checking for deadlock:
There are 2 Blocked actors, 0 Stopped actors, and 4 active threads.
Waiting for actors to stop.
Called prefire()
Called fire()
Past the end of training data. Read and discard all inputs.
Checking for deadlock:
There are 3 Blocked actors, 0 Stopped actors, and 4 active threads.
Waiting for actors to stop.
Next port to read input from is inputB
Called postfire()
Called prefire()
Called fire()
Read input token from inputB with value 7.5
Checking for deadlock:
There are 2 Blocked actors, 0 Stopped actors, and 4 active threads.
Waiting for actors to stop.
Called postfire()
Called prefire()
Called fire()
Called prefire()
Past the end of training data. Read and discard all inputs.
Called fire()
Checking for deadlock:
There are 2 Blocked actors, 0 Stopped actors, and 4 active threads.
Waiting for actors to stop.
Sent output token with value 6.0
Checking for deadlock:
There are 3 Blocked actors, 0 Stopped actors, and 4 active threads.
Waiting for actors to stop.
Next port to read input from is inputA
Called postfire()
Called prefire()
Called fire()
Called postfire()
Checking for deadlock:
There are 2 Blocked actors, 0 Stopped actors, and 4 active threads.
Called prefire()
Waiting for actors to stop.
Called fire()
Read input token from inputA with value 7.0
Sent output token with value 7.0
Next port to read input from is inputA
Checking for deadlock:
Called postfire()
There are 2 Blocked actors, 0 Stopped actors, and 4 active threads.
Called prefire()
Waiting for actors to stop.
Called prefire()
Called fire()
Past the end of training data. Read and discard all inputs.
Checking for deadlock:
There are 3 Blocked actors, 0 Stopped actors, and 4 active threads.
Waiting for actors to stop.
Called fire()
Read input token from inputA with value 8.0
-- Thread wrapup() called.
Called wrapup()
Sent output token with value 7.5
Thread .top.Ramp is exiting.
-- Thread stopped.
Next port to read input from is inputB
Called postfire()
Called prefire()
Called fire()
Read input token from inputB with value 9.0
Checking for deadlock:
There are 1 Blocked actors, 0 Stopped actors, and 3 active threads.
Waiting for actors to stop.
Called prefire()
Called postfire()
Called fire()
Called prefire()
Past the end of training data. Read and discard all inputs.
Called fire()
Checking for deadlock:
There are 2 Blocked actors, 0 Stopped actors, and 3 active threads.
Waiting for actors to stop.
Checking for deadlock:
Called prefire()
There are 1 Blocked actors, 0 Stopped actors, and 3 active threads.
Waiting for actors to stop.
Called fire()
Past the end of training data. Read and discard all inputs.
Checking for deadlock:
Sent output token with value 8.0
There are 2 Blocked actors, 0 Stopped actors, and 3 active threads.
Waiting for actors to stop.
Next port to read input from is inputA
Called postfire()
Called prefire()
Called fire()
Read input token from inputA with value 9.0
Checking for deadlock:
Sent output token with value 9.0
There are 1 Blocked actors, 0 Stopped actors, and 3 active threads.
Waiting for actors to stop.
Next port to read input from is inputB
Called prefire()
Called fire()
Past the end of training data. Read and discard all inputs.
Called postfire()
Called prefire()
Checking for deadlock:
Called fire()
There are 2 Blocked actors, 0 Stopped actors, and 3 active threads.
Waiting for actors to stop.
Checking for deadlock:
There are 1 Blocked actors, 0 Stopped actors, and 3 active threads.
Waiting for actors to stop.
Read input token from inputB with value 10.5
Called postfire()
Called prefire()
Called fire()
Checking for deadlock:
There are 1 Blocked actors, 0 Stopped actors, and 3 active threads.
Waiting for actors to stop.
Called prefire()
Called fire()
Past the end of training data. Read and discard all inputs.
Checking for deadlock:
There are 2 Blocked actors, 0 Stopped actors, and 3 active threads.
Sent output token with value 9.0
Waiting for actors to stop.
Next port to read input from is inputA
Called postfire()
Called prefire()
Called fire()
Checking for deadlock:
There are 3 Blocked actors, 0 Stopped actors, and 3 active threads.
Actors have stopped.
Checking for deadlock:
There are 3 Blocked actors, 0 Stopped actors, and 3 active threads.
Deadlock detected.
Resolving Deadlock
Checking for deadlock:
There are 3 Blocked actors, 0 Stopped actors, and 3 active threads.
Artificial Deadlock - increasing queue capacity.
increasing the capacity of receiver ptolemy.actor.TypedIOPort {.top.OrderedMerge.inputB} to 2
Director: Called postfire().
Called postfire().
_stopRequested = false
_stopFireRequested = false
Returning from postfire(): true
Called fire().
Checking for deadlock:
There are 2 Blocked actors, 0 Stopped actors, and 3 active threads.
Waiting for actors to stop.
-- Thread wrapup() called.
Called wrapup()
Thread .top.Ramp2 is exiting.
-- Thread stopped.
Checking for deadlock:
There are 2 Blocked actors, 0 Stopped actors, and 2 active threads.
Actors have stopped.
Checking for deadlock:
There are 2 Blocked actors, 0 Stopped actors, and 2 active threads.
Deadlock detected.
Resolving Deadlock
Checking for deadlock:
There are 2 Blocked actors, 0 Stopped actors, and 2 active threads.
Deadlock detected: no processes blocked on write, but some are blocked on read.
Called postfire().
_stopRequested = false
_stopFireRequested = false
Returning from postfire(): false
Finished deactivating branches.
Called wrapup().
-- Thread wrapup() called.
Called wrapup()
Thread .top.OrderedMerge is exiting.
-- Thread stopped.
-- Blocked Receiver call threw TerminateProcessException.
-- Thread wrapup() called.
Called wrapup()
Thread .top.Test is exiting.
-- Thread stopped.
-- Blocked Receiver call threw TerminateProcessException.
31 ms. Memory: 208384K Free: 189906K (91%)
/home/travis/build/icyphy/ptII/ptolemy/actor/lib/test/Publisher.tcl
23 ms. Memory: 208384K Free: 185074K (89%)
6 ms. Memory: 208384K Free: 177827K (85%)
7 ms. Memory: 208384K Free: 175411K (84%)
10 ms. Memory: 208384K Free: 172996K (83%)
6 ms. Memory: 208384K Free: 172996K (83%)
8 ms. Memory: 208384K Free: 170580K (82%)
2 ms. Memory: 208384K Free: 170580K (82%)
3 ms. Memory: 208384K Free: 170580K (82%)
1 ms. Memory: 208384K Free: 160917K (77%)
8 ms. Memory: 208384K Free: 156085K (75%)
4 ms. Memory: 208384K Free: 156085K (75%)
1 ms. Memory: 208384K Free: 153669K (74%)
10 ms. Memory: 208384K Free: 146422K (70%)
5 ms. Memory: 208384K Free: 136759K (66%)
5 ms. Memory: 208384K Free: 124680K (60%)
/home/travis/build/icyphy/ptII/ptolemy/actor/lib/test/Pulse.tcl
7 ms. Memory: 208384K Free: 81195K (39%)
1 ms. Memory: 208384K Free: 81195K (39%)
1 ms. Memory: 208384K Free: 81195K (39%)
9 ms. Memory: 208384K Free: 79610K (38%)
1 ms. Memory: 208384K Free: 79610K (38%)
37 ms. Memory: 331264K Free: 318773K (96%)
2 ms. Memory: 331264K Free: 318773K (96%)
5 ms. Memory: 331264K Free: 318773K (96%)
1 ms. Memory: 331264K Free: 318773K (96%)
/home/travis/build/icyphy/ptII/ptolemy/actor/lib/test/Ramp.tcl
7 ms. Memory: 331264K Free: 318773K (96%)
3 ms. Memory: 331264K Free: 314069K (95%)
2 ms. Memory: 331264K Free: 314069K (95%)
2 ms. Memory: 331264K Free: 314069K (95%)
4 ms. Memory: 331264K Free: 314069K (95%)
8 ms. Memory: 331264K Free: 314069K (95%)
4 ms. Memory: 331264K Free: 309365K (93%)
5 actors
6000 microseconds per iteration to create
10 ms. Memory: 331264K Free: 309365K (93%)
3 ms. Memory: 331264K Free: 309365K (93%)
2 ms. Memory: 331264K Free: 309365K (93%)
2 ms. Memory: 331264K Free: 309365K (93%)
50 actors
44000 microseconds per iteration to create
41 ms. Memory: 331264K Free: 290501K (88%)
17 ms. Memory: 331264K Free: 290501K (88%)
9 ms. Memory: 331264K Free: 290501K (88%)
5 ms. Memory: 331264K Free: 290501K (88%)
500 actors
1275000 microseconds per iteration to create
216 ms. Memory: 331264K Free: 116179K (35%)
38 ms. Memory: 331264K Free: 111475K (34%)
37 ms. Memory: 331264K Free: 106771K (32%)
35 ms. Memory: 331264K Free: 102060K (31%)
/home/travis/build/icyphy/ptII/ptolemy/actor/lib/test/RampContinuous.tcl
6 ms. Memory: 331264K Free: 97356K (29%)
/home/travis/build/icyphy/ptII/ptolemy/actor/lib/test/RecordAssembler.tcl
5 ms. Memory: 331264K Free: 97356K (29%)
2 ms. Memory: 331264K Free: 97356K (29%)
/home/travis/build/icyphy/ptII/ptolemy/actor/lib/test/RecordDisassembler.tcl
4 ms. Memory: 331264K Free: 92636K (28%)
3 ms. Memory: 331264K Free: 92636K (28%)
3 ms. Memory: 331264K Free: 92636K (28%)
/home/travis/build/icyphy/ptII/ptolemy/actor/lib/test/Scale.tcl
3 ms. Memory: 331264K Free: 87924K (27%)
2 ms. Memory: 331264K Free: 87924K (27%)
1 ms. Memory: 331264K Free: 87924K (27%)
2 ms. Memory: 331264K Free: 87924K (27%)
3 ms. Memory: 331264K Free: 87924K (27%)
/home/travis/build/icyphy/ptII/ptolemy/actor/lib/test/SequentialClock.tcl
preinitializing
resolving types
initializing
executing number 1
wrapping up
idle
4 ms. Memory: 331264K Free: 87924K (27%)
Completed execution with 5 iterations
preinitializing
resolving types
initializing
executing number 1
wrapping up
idle
3 ms. Memory: 331264K Free: 83220K (25%)
Completed execution with 5 iterations
preinitializing
resolving types
initializing
executing number 1
wrapping up
idle
1 ms. Memory: 331264K Free: 83220K (25%)
Completed execution with 5 iterations
/home/travis/build/icyphy/ptII/ptolemy/actor/lib/test/SetVariable.tcl
4 ms. Memory: 331264K Free: 83220K (25%)
/home/travis/build/icyphy/ptII/ptolemy/actor/lib/test/Sinewave.tcl
/home/travis/build/icyphy/ptII/ptolemy/actor/lib/test/SubscriptionAggregator.tcl
4 ms. Memory: 332288K Free: 310094K (93%)
2 ms. Memory: 332288K Free: 310094K (93%)
0 ms. Memory: 332288K Free: 310094K (93%)
0 ms. Memory: 332288K Free: 310094K (93%)
1 ms. Memory: 332288K Free: 305291K (92%)
3 ms. Memory: 332288K Free: 300220K (90%)
...............................................................878 ms. Memory: 576000K Free: 182266K (32%)
/home/travis/build/icyphy/ptII/ptolemy/actor/lib/test/Test.tcl
 The next command will produce a warning about training mode,
   which may be ignored.
3 ms. Memory: 576000K Free: 182266K (32%)
2 ms. Memory: 576000K Free: 182266K (32%)
1 ms. Memory: 576000K Free: 182266K (32%)
1 ms. Memory: 576000K Free: 182266K (32%)
1 ms. Memory: 576000K Free: 182266K (32%)
3 ms. Memory: 576000K Free: 182266K (32%)
3 ms. Memory: 576000K Free: 182266K (32%)
 The next command will produce a warning about training mode,
   which may be ignored.
3 ms. Memory: 576000K Free: 172707K (30%)
 The next command will produce a warning about training mode,
   which may be ignored.
2 ms. Memory: 576000K Free: 172707K (30%)
1 ms. Memory: 576000K Free: 172707K (30%)
1 ms. Memory: 576000K Free: 172707K (30%)
1 ms. Memory: 576000K Free: 172707K (30%)
1 ms. Memory: 576000K Free: 172707K (30%)
2 ms. Memory: 576000K Free: 172707K (30%)
/home/travis/build/icyphy/ptII/ptolemy/actor/lib/test/TestExceptionHandler.tcl
 The next command will produce a warning about training mode,
   which may be ignored.
1 ms. Memory: 576000K Free: 163156K (28%)
1 ms. Memory: 576000K Free: 163156K (28%)
1 ms. Memory: 576000K Free: 163156K (28%)
/home/travis/build/icyphy/ptII/ptolemy/actor/lib/test/UnionDisassembler.tcl
23 ms. Memory: 576000K Free: 163156K (28%)
/home/travis/build/icyphy/ptII/ptolemy/actor/lib/test/VariableClock.tcl
preinitializing
resolving types
initializing
executing number 1
wrapping up
idle
8 ms. Memory: 576000K Free: 153605K (27%)
Completed execution with 11 iterations
preinitializing
resolving types
initializing
executing number 1
wrapping up
idle
4 ms. Memory: 576000K Free: 153605K (27%)
Completed execution with 10 iterations
06/15/18 05:28:55
Failed: 0  Total Tests: 234  ((Passed: 234, Newly Passed: 0)  Known Failed: 0) /home/travis/build/icyphy/ptII/ptolemy/actor/lib/test
----------------- testing (KnownFailure) /home/travis/build/icyphy/ptII/ptolemy/actor/lib/test/auto/knownFailedTests/PublisherPortToplevelSubscriber.xml
1 ms. Memory: 576000K Free: 143887K (25%)
Known Failure: java.lang.reflect.InvocationTargetException
----------------- testing (KnownFailure) /home/travis/build/icyphy/ptII/ptolemy/actor/lib/test/auto/knownFailedTests/PublisherSubscriberPortToplevel.xml
0 ms. Memory: 576000K Free: 124451K (22%)
Known Failure: java.lang.reflect.InvocationTargetException
----------------- testing (KnownFailure) /home/travis/build/icyphy/ptII/ptolemy/actor/lib/test/auto/knownFailedTests/PublisherSubscriptionAggregatorPort.xml
2 ms. Memory: 576000K Free: 105015K (18%)
Known Failure: java.lang.reflect.InvocationTargetException
----------------- testing (KnownFailure) /home/travis/build/icyphy/ptII/ptolemy/actor/lib/test/auto/knownFailedTests/sizedarray3.xml
5 ms. Memory: 576000K Free: 85580K (15%)
Known Failure: java.lang.reflect.InvocationTargetException
No auto/linux-amd64/*.xml tests in /home/travis/build/icyphy/ptII/ptolemy/actor/lib/test
AutoTests.java: About to close Vertx.
AutoTests.java: Vertx closed.

===========================================================================================
----------------- testing Fri Jun 15 17:28:55 UTC 2018 /home/travis/build/icyphy/ptII/ptolemy/actor/lib/test/auto/AbsoluteValue.xml
----------------- Instantiating /home/travis/build/icyphy/ptII/ptolemy/actor/lib/test/auto/AbsoluteValue.xml
5 ms. Memory: 579584K Free: 471677K (81%)
----------------- Invoking toplevel() on ptolemy.moml.MoMLSimpleApplication@bd5f8
----------------- Done invoking toplevel() on ptolemy.moml.MoMLSimpleApplication@bd5f8
reloadAllAccessors: .AbsoluteValue

===========================================================================================
----------------- testing Fri Jun 15 17:28:55 UTC 2018 /home/travis/build/icyphy/ptII/ptolemy/actor/lib/test/auto/AbsoluteValue2.xml
----------------- Instantiating /home/travis/build/icyphy/ptII/ptolemy/actor/lib/test/auto/AbsoluteValue2.xml
7 ms. Memory: 579584K Free: 457084K (79%)
----------------- Invoking toplevel() on ptolemy.moml.MoMLSimpleApplication@5918d2df
----------------- Done invoking toplevel() on ptolemy.moml.MoMLSimpleApplication@5918d2df
reloadAllAccessors: .AbsoluteValue2

===========================================================================================
----------------- testing Fri Jun 15 17:28:55 UTC 2018 /home/travis/build/icyphy/ptII/ptolemy/actor/lib/test/auto/Accumulator.xml
----------------- Instantiating /home/travis/build/icyphy/ptII/ptolemy/actor/lib/test/auto/Accumulator.xml
16 ms. Memory: 579584K Free: 447367K (77%)
----------------- Invoking toplevel() on ptolemy.moml.MoMLSimpleApplication@2ba1534a
----------------- Done invoking toplevel() on ptolemy.moml.MoMLSimpleApplication@2ba1534a
reloadAllAccessors: .Accumulator

===========================================================================================
----------------- testing Fri Jun 15 17:28:56 UTC 2018 /home/travis/build/icyphy/ptII/ptolemy/actor/lib/test/auto/Accumulator2.xml
----------------- Instantiating /home/travis/build/icyphy/ptII/ptolemy/actor/lib/test/auto/Accumulator2.xml
5 ms. Memory: 579584K Free: 437649K (76%)
----------------- Invoking toplevel() on ptolemy.moml.MoMLSimpleApplication@524cc86
----------------- Done invoking toplevel() on ptolemy.moml.MoMLSimpleApplication@524cc86
reloadAllAccessors: .Accumulator2

===========================================================================================
----------------- testing Fri Jun 15 17:28:56 UTC 2018 /home/travis/build/icyphy/ptII/ptolemy/actor/lib/test/auto/Accumulator3.xml
----------------- Instantiating /home/travis/build/icyphy/ptII/ptolemy/actor/lib/test/auto/Accumulator3.xml
2 ms. Memory: 579584K Free: 418903K (72%)
----------------- Invoking toplevel() on ptolemy.moml.MoMLSimpleApplication@6f4c4358
----------------- Done invoking toplevel() on ptolemy.moml.MoMLSimpleApplication@6f4c4358
reloadAllAccessors: .Accumulator3

===========================================================================================
----------------- testing Fri Jun 15 17:28:56 UTC 2018 /home/travis/build/icyphy/ptII/ptolemy/actor/lib/test/auto/ArrayAppend.xml
----------------- Instantiating /home/travis/build/icyphy/ptII/ptolemy/actor/lib/test/auto/ArrayAppend.xml
9 ms. Memory: 579584K Free: 409185K (71%)
----------------- Invoking toplevel() on ptolemy.moml.MoMLSimpleApplication@7786a230
----------------- Done invoking toplevel() on ptolemy.moml.MoMLSimpleApplication@7786a230
reloadAllAccessors: .ArrayAppend

===========================================================================================
----------------- testing Fri Jun 15 17:28:56 UTC 2018 /home/travis/build/icyphy/ptII/ptolemy/actor/lib/test/auto/ArrayAppend2.xml
----------------- Instantiating /home/travis/build/icyphy/ptII/ptolemy/actor/lib/test/auto/ArrayAppend2.xml
377 ms. Memory: 579584K Free: 321725K (56%)
----------------- Invoking toplevel() on ptolemy.moml.MoMLSimpleApplication@2e596a4c
----------------- Done invoking toplevel() on ptolemy.moml.MoMLSimpleApplication@2e596a4c
reloadAllAccessors: .ArrayAppend2

===========================================================================================
----------------- testing Fri Jun 15 17:28:56 UTC 2018 /home/travis/build/icyphy/ptII/ptolemy/actor/lib/test/auto/ArrayAppend3.xml
----------------- Instantiating /home/travis/build/icyphy/ptII/ptolemy/actor/lib/test/auto/ArrayAppend3.xml
5 ms. Memory: 579584K Free: 312007K (54%)
----------------- Invoking toplevel() on ptolemy.moml.MoMLSimpleApplication@46911abf
----------------- Done invoking toplevel() on ptolemy.moml.MoMLSimpleApplication@46911abf
reloadAllAccessors: .ArrayAppend3

===========================================================================================
----------------- testing Fri Jun 15 17:28:56 UTC 2018 /home/travis/build/icyphy/ptII/ptolemy/actor/lib/test/auto/ArrayAppend4.xml
----------------- Instantiating /home/travis/build/icyphy/ptII/ptolemy/actor/lib/test/auto/ArrayAppend4.xml
5 ms. Memory: 579584K Free: 293261K (51%)
----------------- Invoking toplevel() on ptolemy.moml.MoMLSimpleApplication@767c2f76
----------------- Done invoking toplevel() on ptolemy.moml.MoMLSimpleApplication@767c2f76
reloadAllAccessors: .ArrayAppend4

===========================================================================================
----------------- testing Fri Jun 15 17:28:56 UTC 2018 /home/travis/build/icyphy/ptII/ptolemy/actor/lib/test/auto/ArrayAppend5.xml
----------------- Instantiating /home/travis/build/icyphy/ptII/ptolemy/actor/lib/test/auto/ArrayAppend5.xml
4 ms. Memory: 579584K Free: 283543K (49%)
----------------- Invoking toplevel() on ptolemy.moml.MoMLSimpleApplication@4e90ad36
----------------- Done invoking toplevel() on ptolemy.moml.MoMLSimpleApplication@4e90ad36
reloadAllAccessors: .ArrayAppend5

===========================================================================================
----------------- testing Fri Jun 15 17:28:56 UTC 2018 /home/travis/build/icyphy/ptII/ptolemy/actor/lib/test/auto/ArrayAppend6.xml
----------------- Instantiating /home/travis/build/icyphy/ptII/ptolemy/actor/lib/test/auto/ArrayAppend6.xml
3 ms. Memory: 579584K Free: 273826K (47%)
----------------- Invoking toplevel() on ptolemy.moml.MoMLSimpleApplication@64299ff8
----------------- Done invoking toplevel() on ptolemy.moml.MoMLSimpleApplication@64299ff8
reloadAllAccessors: .ArrayAppend6

===========================================================================================
----------------- testing Fri Jun 15 17:28:56 UTC 2018 /home/travis/build/icyphy/ptII/ptolemy/actor/lib/test/auto/ArrayAppendPerformanceTest.xml
----------------- Instantiating /home/travis/build/icyphy/ptII/ptolemy/actor/lib/test/auto/ArrayAppendPerformanceTest.xml
18 ms. Memory: 579584K Free: 259233K (45%)
----------------- Invoking toplevel() on ptolemy.moml.MoMLSimpleApplication@6a4c9d98
----------------- Done invoking toplevel() on ptolemy.moml.MoMLSimpleApplication@6a4c9d98
reloadAllAccessors: .ArrayAppendPerformanceTest

===========================================================================================
----------------- testing Fri Jun 15 17:28:56 UTC 2018 /home/travis/build/icyphy/ptII/ptolemy/actor/lib/test/auto/ArrayAppendWithEmptyInput.xml
----------------- Instantiating /home/travis/build/icyphy/ptII/ptolemy/actor/lib/test/auto/ArrayAppendWithEmptyInput.xml
17 ms. Memory: 579584K Free: 244640K (42%)
----------------- Invoking toplevel() on ptolemy.moml.MoMLSimpleApplication@74b43c10
----------------- Done invoking toplevel() on ptolemy.moml.MoMLSimpleApplication@74b43c10
reloadAllAccessors: .ArrayAppendWithEmptyInput

===========================================================================================
----------------- testing Fri Jun 15 17:28:56 UTC 2018 /home/travis/build/icyphy/ptII/ptolemy/actor/lib/test/auto/ArrayAverage.xml
----------------- Instantiating /home/travis/build/icyphy/ptII/ptolemy/actor/lib/test/auto/ArrayAverage.xml
4 ms. Memory: 579584K Free: 221019K (38%)
----------------- Invoking toplevel() on ptolemy.moml.MoMLSimpleApplication@37d93721
----------------- Done invoking toplevel() on ptolemy.moml.MoMLSimpleApplication@37d93721
reloadAllAccessors: .ArrayAverage

===========================================================================================
----------------- testing Fri Jun 15 17:28:56 UTC 2018 /home/travis/build/icyphy/ptII/ptolemy/actor/lib/test/auto/ArrayContains.xml
----------------- Instantiating /home/travis/build/icyphy/ptII/ptolemy/actor/lib/test/auto/ArrayContains.xml
7 ms. Memory: 579584K Free: 211302K (36%)
----------------- Invoking toplevel() on ptolemy.moml.MoMLSimpleApplication@79c467af
----------------- Done invoking toplevel() on ptolemy.moml.MoMLSimpleApplication@79c467af
reloadAllAccessors: .ArrayContains

===========================================================================================
----------------- testing Fri Jun 15 17:28:56 UTC 2018 /home/travis/build/icyphy/ptII/ptolemy/actor/lib/test/auto/ArrayElement.xml
----------------- Instantiating /home/travis/build/icyphy/ptII/ptolemy/actor/lib/test/auto/ArrayElement.xml
6 ms. Memory: 579584K Free: 201584K (35%)
----------------- Invoking toplevel() on ptolemy.moml.MoMLSimpleApplication@59182734
----------------- Done invoking toplevel() on ptolemy.moml.MoMLSimpleApplication@59182734
reloadAllAccessors: .ArrayElement

===========================================================================================
----------------- testing Fri Jun 15 17:28:56 UTC 2018 /home/travis/build/icyphy/ptII/ptolemy/actor/lib/test/auto/ArrayElementAsMatrix.xml
----------------- Instantiating /home/travis/build/icyphy/ptII/ptolemy/actor/lib/test/auto/ArrayElementAsMatrix.xml
23 ms. Memory: 579584K Free: 186991K (32%)
----------------- Invoking toplevel() on ptolemy.moml.MoMLSimpleApplication@8e9eb74
----------------- Done invoking toplevel() on ptolemy.moml.MoMLSimpleApplication@8e9eb74
reloadAllAccessors: .ArrayElementAsMatrix

===========================================================================================
----------------- testing Fri Jun 15 17:28:57 UTC 2018 /home/travis/build/icyphy/ptII/ptolemy/actor/lib/test/auto/ArrayElementI.xml
----------------- Instantiating /home/travis/build/icyphy/ptII/ptolemy/actor/lib/test/auto/ArrayElementI.xml
4 ms. Memory: 579584K Free: 168245K (29%)
----------------- Invoking toplevel() on ptolemy.moml.MoMLSimpleApplication@4cbc3f6f
----------------- Done invoking toplevel() on ptolemy.moml.MoMLSimpleApplication@4cbc3f6f
reloadAllAccessors: .ArrayElementI

===========================================================================================
----------------- testing Fri Jun 15 17:28:57 UTC 2018 /home/travis/build/icyphy/ptII/ptolemy/actor/lib/test/auto/ArrayExtract.xml
----------------- Instantiating /home/travis/build/icyphy/ptII/ptolemy/actor/lib/test/auto/ArrayExtract.xml
4 ms. Memory: 579584K Free: 158528K (27%)
----------------- Invoking toplevel() on ptolemy.moml.MoMLSimpleApplication@204514b3
----------------- Done invoking toplevel() on ptolemy.moml.MoMLSimpleApplication@204514b3
reloadAllAccessors: .ArrayExtract

===========================================================================================
----------------- testing Fri Jun 15 17:28:57 UTC 2018 /home/travis/build/icyphy/ptII/ptolemy/actor/lib/test/auto/ArrayExtract2.xml
----------------- Instantiating /home/travis/build/icyphy/ptII/ptolemy/actor/lib/test/auto/ArrayExtract2.xml
3 ms. Memory: 579584K Free: 148810K (26%)
----------------- Invoking toplevel() on ptolemy.moml.MoMLSimpleApplication@55b6ed65
----------------- Done invoking toplevel() on ptolemy.moml.MoMLSimpleApplication@55b6ed65
reloadAllAccessors: .ArrayExtract2

===========================================================================================
----------------- testing Fri Jun 15 17:28:57 UTC 2018 /home/travis/build/icyphy/ptII/ptolemy/actor/lib/test/auto/ArrayLength.xml
----------------- Instantiating /home/travis/build/icyphy/ptII/ptolemy/actor/lib/test/auto/ArrayLength.xml
8 ms. Memory: 579584K Free: 139092K (24%)
----------------- Invoking toplevel() on ptolemy.moml.MoMLSimpleApplication@6ecb5bb8
----------------- Done invoking toplevel() on ptolemy.moml.MoMLSimpleApplication@6ecb5bb8
reloadAllAccessors: .ArrayLength

===========================================================================================
----------------- testing Fri Jun 15 17:28:57 UTC 2018 /home/travis/build/icyphy/ptII/ptolemy/actor/lib/test/auto/ArrayLevelCrossing.xml
----------------- Instantiating /home/travis/build/icyphy/ptII/ptolemy/actor/lib/test/auto/ArrayLevelCrossing.xml
3 ms. Memory: 579584K Free: 115472K (20%)
----------------- Invoking toplevel() on ptolemy.moml.MoMLSimpleApplication@778dec7e
----------------- Done invoking toplevel() on ptolemy.moml.MoMLSimpleApplication@778dec7e
reloadAllAccessors: .ArrayLevelCrossing

===========================================================================================
----------------- testing Fri Jun 15 17:28:57 UTC 2018 /home/travis/build/icyphy/ptII/ptolemy/actor/lib/test/auto/ArrayLevelCrossing2.xml
----------------- Instantiating /home/travis/build/icyphy/ptII/ptolemy/actor/lib/test/auto/ArrayLevelCrossing2.xml
2 ms. Memory: 579584K Free: 96020K (17%)
----------------- Invoking toplevel() on ptolemy.moml.MoMLSimpleApplication@541ddf51
----------------- Done invoking toplevel() on ptolemy.moml.MoMLSimpleApplication@541ddf51
reloadAllAccessors: .ArrayLevelCrossing2

===========================================================================================
----------------- testing Fri Jun 15 17:28:57 UTC 2018 /home/travis/build/icyphy/ptII/ptolemy/actor/lib/test/auto/ArrayPeakSearch.xml
----------------- Instantiating /home/travis/build/icyphy/ptII/ptolemy/actor/lib/test/auto/ArrayPeakSearch.xml
7 ms. Memory: 579584K Free: 81427K (14%)
----------------- Invoking toplevel() on ptolemy.moml.MoMLSimpleApplication@6cd8961d
----------------- Done invoking toplevel() on ptolemy.moml.MoMLSimpleApplication@6cd8961d
reloadAllAccessors: .ArrayPeakSearch

===========================================================================================
----------------- testing Fri Jun 15 17:28:57 UTC 2018 /home/travis/build/icyphy/ptII/ptolemy/actor/lib/test/auto/ArrayPeakSearch2.xml
----------------- Instantiating /home/travis/build/icyphy/ptII/ptolemy/actor/lib/test/auto/ArrayPeakSearch2.xml
7 ms. Memory: 579584K Free: 66835K (12%)
----------------- Invoking toplevel() on ptolemy.moml.MoMLSimpleApplication@4062137f
----------------- Done invoking toplevel() on ptolemy.moml.MoMLSimpleApplication@4062137f
reloadAllAccessors: .ArrayPeakSearch2

===========================================================================================
----------------- testing Fri Jun 15 17:28:57 UTC 2018 /home/travis/build/icyphy/ptII/ptolemy/actor/lib/test/auto/ArrayPeakSearch3.xml
----------------- Instantiating /home/travis/build/icyphy/ptII/ptolemy/actor/lib/test/auto/ArrayPeakSearch3.xml
3 ms. Memory: 877056K Free: 816804K (93%)
----------------- Invoking toplevel() on ptolemy.moml.MoMLSimpleApplication@67894d70
----------------- Done invoking toplevel() on ptolemy.moml.MoMLSimpleApplication@67894d70
reloadAllAccessors: .ArrayPeakSearch3

===========================================================================================
----------------- testing Fri Jun 15 17:28:57 UTC 2018 /home/travis/build/icyphy/ptII/ptolemy/actor/lib/test/auto/ArrayRemoveElement.xml
----------------- Instantiating /home/travis/build/icyphy/ptII/ptolemy/actor/lib/test/auto/ArrayRemoveElement.xml
6 ms. Memory: 877056K Free: 791040K (90%)
----------------- Invoking toplevel() on ptolemy.moml.MoMLSimpleApplication@4d2dedf3
----------------- Done invoking toplevel() on ptolemy.moml.MoMLSimpleApplication@4d2dedf3
reloadAllAccessors: .ArrayRemoveElement

===========================================================================================
----------------- testing Fri Jun 15 17:28:57 UTC 2018 /home/travis/build/icyphy/ptII/ptolemy/actor/lib/test/auto/ArraySort.xml
----------------- Instantiating /home/travis/build/icyphy/ptII/ptolemy/actor/lib/test/auto/ArraySort.xml
4 ms. Memory: 877056K Free: 775236K (88%)
----------------- Invoking toplevel() on ptolemy.moml.MoMLSimpleApplication@717d2ced
----------------- Done invoking toplevel() on ptolemy.moml.MoMLSimpleApplication@717d2ced
reloadAllAccessors: .ArraySort

===========================================================================================
----------------- testing Fri Jun 15 17:28:57 UTC 2018 /home/travis/build/icyphy/ptII/ptolemy/actor/lib/test/auto/ArraySum.xml
----------------- Instantiating /home/travis/build/icyphy/ptII/ptolemy/actor/lib/test/auto/ArraySum.xml
2 ms. Memory: 877056K Free: 764867K (87%)
----------------- Invoking toplevel() on ptolemy.moml.MoMLSimpleApplication@64add1f7
----------------- Done invoking toplevel() on ptolemy.moml.MoMLSimpleApplication@64add1f7
reloadAllAccessors: .ArraySum

===========================================================================================
----------------- testing Fri Jun 15 17:28:57 UTC 2018 /home/travis/build/icyphy/ptII/ptolemy/actor/lib/test/auto/ArrayToElements.xml
----------------- Instantiating /home/travis/build/icyphy/ptII/ptolemy/actor/lib/test/auto/ArrayToElements.xml
8 ms. Memory: 877056K Free: 754497K (86%)
----------------- Invoking toplevel() on ptolemy.moml.MoMLSimpleApplication@6058de9b
----------------- Done invoking toplevel() on ptolemy.moml.MoMLSimpleApplication@6058de9b
reloadAllAccessors: .ArrayToElements

===========================================================================================
----------------- testing Fri Jun 15 17:28:57 UTC 2018 /home/travis/build/icyphy/ptII/ptolemy/actor/lib/test/auto/ArrayToMatrix.xml
----------------- Instantiating /home/travis/build/icyphy/ptII/ptolemy/actor/lib/test/auto/ArrayToMatrix.xml
9 ms. Memory: 877056K Free: 723539K (82%)
----------------- Invoking toplevel() on ptolemy.moml.MoMLSimpleApplication@1d203e8d
----------------- Done invoking toplevel() on ptolemy.moml.MoMLSimpleApplication@1d203e8d
reloadAllAccessors: .ArrayToMatrix

===========================================================================================
----------------- testing Fri Jun 15 17:28:57 UTC 2018 /home/travis/build/icyphy/ptII/ptolemy/actor/lib/test/auto/ArrayUpdate1.xml
----------------- Instantiating /home/travis/build/icyphy/ptII/ptolemy/actor/lib/test/auto/ArrayUpdate1.xml
2 ms. Memory: 877056K Free: 713170K (81%)
----------------- Invoking toplevel() on ptolemy.moml.MoMLSimpleApplication@5f899235
----------------- Done invoking toplevel() on ptolemy.moml.MoMLSimpleApplication@5f899235
reloadAllAccessors: .ArrayUpdate1

===========================================================================================
----------------- testing Fri Jun 15 17:28:57 UTC 2018 /home/travis/build/icyphy/ptII/ptolemy/actor/lib/test/auto/ArrayUpdate2.xml
----------------- Instantiating /home/travis/build/icyphy/ptII/ptolemy/actor/lib/test/auto/ArrayUpdate2.xml
6 ms. Memory: 877056K Free: 702800K (80%)
----------------- Invoking toplevel() on ptolemy.moml.MoMLSimpleApplication@74d15ebc
----------------- Done invoking toplevel() on ptolemy.moml.MoMLSimpleApplication@74d15ebc
reloadAllAccessors: .ArrayUpdate2

===========================================================================================
----------------- testing Fri Jun 15 17:28:57 UTC 2018 /home/travis/build/icyphy/ptII/ptolemy/actor/lib/test/auto/ArrayUpdate3.xml
----------------- Instantiating /home/travis/build/icyphy/ptII/ptolemy/actor/lib/test/auto/ArrayUpdate3.xml
2 ms. Memory: 877056K Free: 692430K (79%)
----------------- Invoking toplevel() on ptolemy.moml.MoMLSimpleApplication@a44324f
----------------- Done invoking toplevel() on ptolemy.moml.MoMLSimpleApplication@a44324f
reloadAllAccessors: .ArrayUpdate3

===========================================================================================
----------------- testing Fri Jun 15 17:28:57 UTC 2018 /home/travis/build/icyphy/ptII/ptolemy/actor/lib/test/auto/Assert1.xml
----------------- Instantiating /home/travis/build/icyphy/ptII/ptolemy/actor/lib/test/auto/Assert1.xml
2 ms. Memory: 877056K Free: 682061K (78%)
----------------- Invoking toplevel() on ptolemy.moml.MoMLSimpleApplication@741f7d91
----------------- Done invoking toplevel() on ptolemy.moml.MoMLSimpleApplication@741f7d91
reloadAllAccessors: .Assert1

===========================================================================================
----------------- testing Fri Jun 15 17:28:57 UTC 2018 /home/travis/build/icyphy/ptII/ptolemy/actor/lib/test/auto/Assert2.xml
----------------- Instantiating /home/travis/build/icyphy/ptII/ptolemy/actor/lib/test/auto/Assert2.xml
7 ms. Memory: 877056K Free: 661488K (75%)
----------------- Invoking toplevel() on ptolemy.moml.MoMLSimpleApplication@5285ade7
----------------- Done invoking toplevel() on ptolemy.moml.MoMLSimpleApplication@5285ade7
reloadAllAccessors: .Assert2

===========================================================================================
----------------- testing Fri Jun 15 17:28:57 UTC 2018 /home/travis/build/icyphy/ptII/ptolemy/actor/lib/test/auto/BooleanMultiplexor.xml
----------------- Instantiating /home/travis/build/icyphy/ptII/ptolemy/actor/lib/test/auto/BooleanMultiplexor.xml
2 ms. Memory: 877056K Free: 651118K (74%)
----------------- Invoking toplevel() on ptolemy.moml.MoMLSimpleApplication@235d4a9
----------------- Done invoking toplevel() on ptolemy.moml.MoMLSimpleApplication@235d4a9
reloadAllAccessors: .BooleanMultiplexor

===========================================================================================
----------------- testing Fri Jun 15 17:28:57 UTC 2018 /home/travis/build/icyphy/ptII/ptolemy/actor/lib/test/auto/BooleanMultiplexor2.xml
----------------- Instantiating /home/travis/build/icyphy/ptII/ptolemy/actor/lib/test/auto/BooleanMultiplexor2.xml
2 ms. Memory: 877056K Free: 640749K (73%)
----------------- Invoking toplevel() on ptolemy.moml.MoMLSimpleApplication@6ae36c89
----------------- Done invoking toplevel() on ptolemy.moml.MoMLSimpleApplication@6ae36c89
reloadAllAccessors: .BooleanMultiplexor2

===========================================================================================
----------------- testing Fri Jun 15 17:28:57 UTC 2018 /home/travis/build/icyphy/ptII/ptolemy/actor/lib/test/auto/BooleanMultiplexor3.xml
----------------- Instantiating /home/travis/build/icyphy/ptII/ptolemy/actor/lib/test/auto/BooleanMultiplexor3.xml
1 ms. Memory: 877056K Free: 630379K (72%)
----------------- Invoking toplevel() on ptolemy.moml.MoMLSimpleApplication@773bae5e
----------------- Done invoking toplevel() on ptolemy.moml.MoMLSimpleApplication@773bae5e
reloadAllAccessors: .BooleanMultiplexor3

===========================================================================================
----------------- testing Fri Jun 15 17:28:57 UTC 2018 /home/travis/build/icyphy/ptII/ptolemy/actor/lib/test/auto/BooleanSelect.xml
----------------- Instantiating /home/travis/build/icyphy/ptII/ptolemy/actor/lib/test/auto/BooleanSelect.xml
7 ms. Memory: 877056K Free: 609807K (70%)
----------------- Invoking toplevel() on ptolemy.moml.MoMLSimpleApplication@76695af3
----------------- Done invoking toplevel() on ptolemy.moml.MoMLSimpleApplication@76695af3
reloadAllAccessors: .BooleanSelect

===========================================================================================
----------------- testing Fri Jun 15 17:28:57 UTC 2018 /home/travis/build/icyphy/ptII/ptolemy/actor/lib/test/auto/BooleanSelect2.xml
----------------- Instantiating /home/travis/build/icyphy/ptII/ptolemy/actor/lib/test/auto/BooleanSelect2.xml
1 ms. Memory: 877056K Free: 599437K (68%)
----------------- Invoking toplevel() on ptolemy.moml.MoMLSimpleApplication@3e99765c
----------------- Done invoking toplevel() on ptolemy.moml.MoMLSimpleApplication@3e99765c
reloadAllAccessors: .BooleanSelect2

===========================================================================================
----------------- testing Fri Jun 15 17:28:57 UTC 2018 /home/travis/build/icyphy/ptII/ptolemy/actor/lib/test/auto/BooleanSwitch.xml
----------------- Instantiating /home/travis/build/icyphy/ptII/ptolemy/actor/lib/test/auto/BooleanSwitch.xml
2 ms. Memory: 877056K Free: 589068K (67%)
----------------- Invoking toplevel() on ptolemy.moml.MoMLSimpleApplication@71a03d58
----------------- Done invoking toplevel() on ptolemy.moml.MoMLSimpleApplication@71a03d58
reloadAllAccessors: .BooleanSwitch

===========================================================================================
----------------- testing Fri Jun 15 17:28:57 UTC 2018 /home/travis/build/icyphy/ptII/ptolemy/actor/lib/test/auto/BooleanSwitch2.xml
----------------- Instantiating /home/travis/build/icyphy/ptII/ptolemy/actor/lib/test/auto/BooleanSwitch2.xml
1 ms. Memory: 877056K Free: 578698K (66%)
----------------- Invoking toplevel() on ptolemy.moml.MoMLSimpleApplication@1bae7d63
----------------- Done invoking toplevel() on ptolemy.moml.MoMLSimpleApplication@1bae7d63
reloadAllAccessors: .BooleanSwitch2

===========================================================================================
----------------- testing Fri Jun 15 17:28:57 UTC 2018 /home/travis/build/icyphy/ptII/ptolemy/actor/lib/test/auto/BooleanSwitchCloningBugWithClassRelationGroup.xml
----------------- Instantiating /home/travis/build/icyphy/ptII/ptolemy/actor/lib/test/auto/BooleanSwitchCloningBugWithClassRelationGroup.xml
2 ms. Memory: 877056K Free: 568328K (65%)
----------------- Invoking toplevel() on ptolemy.moml.MoMLSimpleApplication@2b2a3e5d
----------------- Done invoking toplevel() on ptolemy.moml.MoMLSimpleApplication@2b2a3e5d
reloadAllAccessors: .BooleanSwitchCloningBugWithClassRelationGroup

===========================================================================================
----------------- testing Fri Jun 15 17:28:57 UTC 2018 /home/travis/build/icyphy/ptII/ptolemy/actor/lib/test/auto/BusActors.xml
----------------- Instantiating /home/travis/build/icyphy/ptII/ptolemy/actor/lib/test/auto/BusActors.xml
3 ms. Memory: 877056K Free: 542572K (62%)
----------------- Invoking toplevel() on ptolemy.moml.MoMLSimpleApplication@3cace2c5
----------------- Done invoking toplevel() on ptolemy.moml.MoMLSimpleApplication@3cace2c5
reloadAllAccessors: .BusActors

===========================================================================================
----------------- testing Fri Jun 15 17:28:57 UTC 2018 /home/travis/build/icyphy/ptII/ptolemy/actor/lib/test/auto/ClassWrapper.xml
----------------- Instantiating /home/travis/build/icyphy/ptII/ptolemy/actor/lib/test/auto/ClassWrapper.xml
3 ms. Memory: 877056K Free: 532202K (61%)
----------------- Invoking toplevel() on ptolemy.moml.MoMLSimpleApplication@7d4957ef
----------------- Done invoking toplevel() on ptolemy.moml.MoMLSimpleApplication@7d4957ef
reloadAllAccessors: .ClassWrapper

===========================================================================================
----------------- testing Fri Jun 15 17:28:57 UTC 2018 /home/travis/build/icyphy/ptII/ptolemy/actor/lib/test/auto/Clock.xml
----------------- Instantiating /home/travis/build/icyphy/ptII/ptolemy/actor/lib/test/auto/Clock.xml
1 ms. Memory: 877056K Free: 521832K (59%)
----------------- Invoking toplevel() on ptolemy.moml.MoMLSimpleApplication@6d067d62
----------------- Done invoking toplevel() on ptolemy.moml.MoMLSimpleApplication@6d067d62
reloadAllAccessors: .Clock

===========================================================================================
----------------- testing Fri Jun 15 17:28:57 UTC 2018 /home/travis/build/icyphy/ptII/ptolemy/actor/lib/test/auto/Clock10.xml
----------------- Instantiating /home/travis/build/icyphy/ptII/ptolemy/actor/lib/test/auto/Clock10.xml
2 ms. Memory: 877056K Free: 511462K (58%)
----------------- Invoking toplevel() on ptolemy.moml.MoMLSimpleApplication@4b84f4be
----------------- Done invoking toplevel() on ptolemy.moml.MoMLSimpleApplication@4b84f4be
reloadAllAccessors: .Clock10

===========================================================================================
----------------- testing Fri Jun 15 17:28:57 UTC 2018 /home/travis/build/icyphy/ptII/ptolemy/actor/lib/test/auto/Clock11.xml
----------------- Instantiating /home/travis/build/icyphy/ptII/ptolemy/actor/lib/test/auto/Clock11.xml
2 ms. Memory: 877056K Free: 490891K (56%)
----------------- Invoking toplevel() on ptolemy.moml.MoMLSimpleApplication@4c43fdcc
----------------- Done invoking toplevel() on ptolemy.moml.MoMLSimpleApplication@4c43fdcc
reloadAllAccessors: .Clock11

===========================================================================================
----------------- testing Fri Jun 15 17:28:57 UTC 2018 /home/travis/build/icyphy/ptII/ptolemy/actor/lib/test/auto/Clock12.xml
----------------- Instantiating /home/travis/build/icyphy/ptII/ptolemy/actor/lib/test/auto/Clock12.xml
2 ms. Memory: 877056K Free: 480521K (55%)
----------------- Invoking toplevel() on ptolemy.moml.MoMLSimpleApplication@76a5b3ad
----------------- Done invoking toplevel() on ptolemy.moml.MoMLSimpleApplication@76a5b3ad
reloadAllAccessors: .Clock12

===========================================================================================
----------------- testing Fri Jun 15 17:28:57 UTC 2018 /home/travis/build/icyphy/ptII/ptolemy/actor/lib/test/auto/Clock13.xml
----------------- Instantiating /home/travis/build/icyphy/ptII/ptolemy/actor/lib/test/auto/Clock13.xml
8 ms. Memory: 877056K Free: 470151K (54%)
----------------- Invoking toplevel() on ptolemy.moml.MoMLSimpleApplication@36aa21fe
----------------- Done invoking toplevel() on ptolemy.moml.MoMLSimpleApplication@36aa21fe
reloadAllAccessors: .Clock13

===========================================================================================
----------------- testing Fri Jun 15 17:28:58 UTC 2018 /home/travis/build/icyphy/ptII/ptolemy/actor/lib/test/auto/Clock14.xml
----------------- Instantiating /home/travis/build/icyphy/ptII/ptolemy/actor/lib/test/auto/Clock14.xml
4 ms. Memory: 877056K Free: 459782K (52%)
----------------- Invoking toplevel() on ptolemy.moml.MoMLSimpleApplication@64bb09d3
----------------- Done invoking toplevel() on ptolemy.moml.MoMLSimpleApplication@64bb09d3
reloadAllAccessors: .Clock14

===========================================================================================
----------------- testing Fri Jun 15 17:28:58 UTC 2018 /home/travis/build/icyphy/ptII/ptolemy/actor/lib/test/auto/Clock15.xml
----------------- Instantiating /home/travis/build/icyphy/ptII/ptolemy/actor/lib/test/auto/Clock15.xml
2 ms. Memory: 877056K Free: 449412K (51%)
----------------- Invoking toplevel() on ptolemy.moml.MoMLSimpleApplication@3c43df1
----------------- Done invoking toplevel() on ptolemy.moml.MoMLSimpleApplication@3c43df1
reloadAllAccessors: .Clock15

===========================================================================================
----------------- testing Fri Jun 15 17:28:58 UTC 2018 /home/travis/build/icyphy/ptII/ptolemy/actor/lib/test/auto/Clock16.xml
----------------- Instantiating /home/travis/build/icyphy/ptII/ptolemy/actor/lib/test/auto/Clock16.xml
21 ms. Memory: 877056K Free: 418446K (48%)
----------------- Invoking toplevel() on ptolemy.moml.MoMLSimpleApplication@4823cb44
----------------- Done invoking toplevel() on ptolemy.moml.MoMLSimpleApplication@4823cb44
reloadAllAccessors: .Clock16

===========================================================================================
----------------- testing Fri Jun 15 17:28:58 UTC 2018 /home/travis/build/icyphy/ptII/ptolemy/actor/lib/test/auto/Clock17.xml
----------------- Instantiating /home/travis/build/icyphy/ptII/ptolemy/actor/lib/test/auto/Clock17.xml
29 ms. Memory: 877056K Free: 402876K (46%)
----------------- Invoking toplevel() on ptolemy.moml.MoMLSimpleApplication@7f11fa7a
----------------- Done invoking toplevel() on ptolemy.moml.MoMLSimpleApplication@7f11fa7a
reloadAllAccessors: .Clock17

===========================================================================================
----------------- testing Fri Jun 15 17:28:58 UTC 2018 /home/travis/build/icyphy/ptII/ptolemy/actor/lib/test/auto/Clock18.xml
----------------- Instantiating /home/travis/build/icyphy/ptII/ptolemy/actor/lib/test/auto/Clock18.xml
20 ms. Memory: 877056K Free: 387305K (44%)
----------------- Invoking toplevel() on ptolemy.moml.MoMLSimpleApplication@19622e88
----------------- Done invoking toplevel() on ptolemy.moml.MoMLSimpleApplication@19622e88
reloadAllAccessors: .Clock18

===========================================================================================
----------------- testing Fri Jun 15 17:28:58 UTC 2018 /home/travis/build/icyphy/ptII/ptolemy/actor/lib/test/auto/Clock19.xml
----------------- Instantiating /home/travis/build/icyphy/ptII/ptolemy/actor/lib/test/auto/Clock19.xml
8 ms. Memory: 877056K Free: 371734K (42%)
----------------- Invoking toplevel() on ptolemy.moml.MoMLSimpleApplication@5d1f0924
----------------- Done invoking toplevel() on ptolemy.moml.MoMLSimpleApplication@5d1f0924
reloadAllAccessors: .Clock19

===========================================================================================
----------------- testing Fri Jun 15 17:28:58 UTC 2018 /home/travis/build/icyphy/ptII/ptolemy/actor/lib/test/auto/Clock2.xml
----------------- Instantiating /home/travis/build/icyphy/ptII/ptolemy/actor/lib/test/auto/Clock2.xml
7 ms. Memory: 877056K Free: 361365K (41%)
----------------- Invoking toplevel() on ptolemy.moml.MoMLSimpleApplication@607594c1
----------------- Done invoking toplevel() on ptolemy.moml.MoMLSimpleApplication@607594c1
reloadAllAccessors: .Clock2

===========================================================================================
----------------- testing Fri Jun 15 17:28:58 UTC 2018 /home/travis/build/icyphy/ptII/ptolemy/actor/lib/test/auto/Clock20.xml
----------------- Instantiating /home/travis/build/icyphy/ptII/ptolemy/actor/lib/test/auto/Clock20.xml
3 ms. Memory: 877056K Free: 340792K (39%)
----------------- Invoking toplevel() on ptolemy.moml.MoMLSimpleApplication@68521016
----------------- Done invoking toplevel() on ptolemy.moml.MoMLSimpleApplication@68521016
reloadAllAccessors: .Clock20

===========================================================================================
----------------- testing Fri Jun 15 17:28:58 UTC 2018 /home/travis/build/icyphy/ptII/ptolemy/actor/lib/test/auto/Clock21.xml
----------------- Instantiating /home/travis/build/icyphy/ptII/ptolemy/actor/lib/test/auto/Clock21.xml
3 ms. Memory: 877056K Free: 330423K (38%)
----------------- Invoking toplevel() on ptolemy.moml.MoMLSimpleApplication@4cd4c2a0
----------------- Done invoking toplevel() on ptolemy.moml.MoMLSimpleApplication@4cd4c2a0
reloadAllAccessors: .Clock21

===========================================================================================
----------------- testing Fri Jun 15 17:28:58 UTC 2018 /home/travis/build/icyphy/ptII/ptolemy/actor/lib/test/auto/Clock22.xml
----------------- Instantiating /home/travis/build/icyphy/ptII/ptolemy/actor/lib/test/auto/Clock22.xml
2 ms. Memory: 877056K Free: 320053K (36%)
----------------- Invoking toplevel() on ptolemy.moml.MoMLSimpleApplication@686e0db0
----------------- Done invoking toplevel() on ptolemy.moml.MoMLSimpleApplication@686e0db0
reloadAllAccessors: .Clock22

===========================================================================================
----------------- testing Fri Jun 15 17:28:58 UTC 2018 /home/travis/build/icyphy/ptII/ptolemy/actor/lib/test/auto/Clock23.xml
----------------- Instantiating /home/travis/build/icyphy/ptII/ptolemy/actor/lib/test/auto/Clock23.xml
8 ms. Memory: 877056K Free: 309683K (35%)
----------------- Invoking toplevel() on ptolemy.moml.MoMLSimpleApplication@1609ab8c
----------------- Done invoking toplevel() on ptolemy.moml.MoMLSimpleApplication@1609ab8c
reloadAllAccessors: .Clock23

===========================================================================================
----------------- testing Fri Jun 15 17:28:58 UTC 2018 /home/travis/build/icyphy/ptII/ptolemy/actor/lib/test/auto/Clock24.xml
----------------- Instantiating /home/travis/build/icyphy/ptII/ptolemy/actor/lib/test/auto/Clock24.xml
2 ms. Memory: 877056K Free: 289112K (33%)
----------------- Invoking toplevel() on ptolemy.moml.MoMLSimpleApplication@47348cf1
----------------- Done invoking toplevel() on ptolemy.moml.MoMLSimpleApplication@47348cf1
reloadAllAccessors: .Clock24

===========================================================================================
----------------- testing Fri Jun 15 17:28:58 UTC 2018 /home/travis/build/icyphy/ptII/ptolemy/actor/lib/test/auto/Clock4.xml
----------------- Instantiating /home/travis/build/icyphy/ptII/ptolemy/actor/lib/test/auto/Clock4.xml
3 ms. Memory: 877056K Free: 273687K (31%)
----------------- Invoking toplevel() on ptolemy.moml.MoMLSimpleApplication@7a99ecf1
----------------- Done invoking toplevel() on ptolemy.moml.MoMLSimpleApplication@7a99ecf1
reloadAllAccessors: .Clock4

===========================================================================================
----------------- testing Fri Jun 15 17:28:58 UTC 2018 /home/travis/build/icyphy/ptII/ptolemy/actor/lib/test/auto/Clock5.xml
----------------- Instantiating /home/travis/build/icyphy/ptII/ptolemy/actor/lib/test/auto/Clock5.xml
2 ms. Memory: 877056K Free: 263317K (30%)
----------------- Invoking toplevel() on ptolemy.moml.MoMLSimpleApplication@1d3e4699
----------------- Done invoking toplevel() on ptolemy.moml.MoMLSimpleApplication@1d3e4699
reloadAllAccessors: .Clock5

===========================================================================================
----------------- testing Fri Jun 15 17:28:58 UTC 2018 /home/travis/build/icyphy/ptII/ptolemy/actor/lib/test/auto/Clock6.xml
----------------- Instantiating /home/travis/build/icyphy/ptII/ptolemy/actor/lib/test/auto/Clock6.xml
1 ms. Memory: 877056K Free: 252947K (29%)
----------------- Invoking toplevel() on ptolemy.moml.MoMLSimpleApplication@21dac1a4
----------------- Done invoking toplevel() on ptolemy.moml.MoMLSimpleApplication@21dac1a4
reloadAllAccessors: .Clock6

===========================================================================================
----------------- testing Fri Jun 15 17:28:58 UTC 2018 /home/travis/build/icyphy/ptII/ptolemy/actor/lib/test/auto/Clock7.xml
----------------- Instantiating /home/travis/build/icyphy/ptII/ptolemy/actor/lib/test/auto/Clock7.xml
3 ms. Memory: 877056K Free: 242577K (28%)
----------------- Invoking toplevel() on ptolemy.moml.MoMLSimpleApplication@63d0036f
----------------- Done invoking toplevel() on ptolemy.moml.MoMLSimpleApplication@63d0036f
reloadAllAccessors: .Clock7

===========================================================================================
----------------- testing Fri Jun 15 17:28:58 UTC 2018 /home/travis/build/icyphy/ptII/ptolemy/actor/lib/test/auto/Clock8.xml
----------------- Instantiating /home/travis/build/icyphy/ptII/ptolemy/actor/lib/test/auto/Clock8.xml
2 ms. Memory: 877056K Free: 222006K (25%)
----------------- Invoking toplevel() on ptolemy.moml.MoMLSimpleApplication@38ace73b
----------------- Done invoking toplevel() on ptolemy.moml.MoMLSimpleApplication@38ace73b
reloadAllAccessors: .Clock8

===========================================================================================
----------------- testing Fri Jun 15 17:28:58 UTC 2018 /home/travis/build/icyphy/ptII/ptolemy/actor/lib/test/auto/Clock9.xml
----------------- Instantiating /home/travis/build/icyphy/ptII/ptolemy/actor/lib/test/auto/Clock9.xml
5 ms. Memory: 877056K Free: 211636K (24%)
----------------- Invoking toplevel() on ptolemy.moml.MoMLSimpleApplication@7c56f16f
----------------- Done invoking toplevel() on ptolemy.moml.MoMLSimpleApplication@7c56f16f
reloadAllAccessors: .Clock9

===========================================================================================
----------------- testing Fri Jun 15 17:28:58 UTC 2018 /home/travis/build/icyphy/ptII/ptolemy/actor/lib/test/auto/CommDistDiscard.xml
----------------- Instantiating /home/travis/build/icyphy/ptII/ptolemy/actor/lib/test/auto/CommDistDiscard.xml
3 ms. Memory: 877056K Free: 201266K (23%)
----------------- Invoking toplevel() on ptolemy.moml.MoMLSimpleApplication@57e246
----------------- Done invoking toplevel() on ptolemy.moml.MoMLSimpleApplication@57e246
reloadAllAccessors: .CommDistDiscard

===========================================================================================
----------------- testing Fri Jun 15 17:28:58 UTC 2018 /home/travis/build/icyphy/ptII/ptolemy/actor/lib/test/auto/Commutator.xml
----------------- Instantiating /home/travis/build/icyphy/ptII/ptolemy/actor/lib/test/auto/Commutator.xml
2 ms. Memory: 877056K Free: 190896K (22%)
----------------- Invoking toplevel() on ptolemy.moml.MoMLSimpleApplication@d08b7de
----------------- Done invoking toplevel() on ptolemy.moml.MoMLSimpleApplication@d08b7de
reloadAllAccessors: .Commutator

===========================================================================================
----------------- testing Fri Jun 15 17:28:58 UTC 2018 /home/travis/build/icyphy/ptII/ptolemy/actor/lib/test/auto/Commutator2.xml
----------------- Instantiating /home/travis/build/icyphy/ptII/ptolemy/actor/lib/test/auto/Commutator2.xml
2 ms. Memory: 877056K Free: 170325K (19%)
----------------- Invoking toplevel() on ptolemy.moml.MoMLSimpleApplication@1869a0f7
----------------- Done invoking toplevel() on ptolemy.moml.MoMLSimpleApplication@1869a0f7
reloadAllAccessors: .Commutator2

===========================================================================================
----------------- testing Fri Jun 15 17:28:58 UTC 2018 /home/travis/build/icyphy/ptII/ptolemy/actor/lib/test/auto/Commutator3.xml
----------------- Instantiating /home/travis/build/icyphy/ptII/ptolemy/actor/lib/test/auto/Commutator3.xml
2 ms. Memory: 877056K Free: 159955K (18%)
----------------- Invoking toplevel() on ptolemy.moml.MoMLSimpleApplication@724ca452
----------------- Done invoking toplevel() on ptolemy.moml.MoMLSimpleApplication@724ca452
reloadAllAccessors: .Commutator3

===========================================================================================
----------------- testing Fri Jun 15 17:28:58 UTC 2018 /home/travis/build/icyphy/ptII/ptolemy/actor/lib/test/auto/Compare.xml
----------------- Instantiating /home/travis/build/icyphy/ptII/ptolemy/actor/lib/test/auto/Compare.xml
2 ms. Memory: 877056K Free: 149585K (17%)
----------------- Invoking toplevel() on ptolemy.moml.MoMLSimpleApplication@4591016a
----------------- Done invoking toplevel() on ptolemy.moml.MoMLSimpleApplication@4591016a
reloadAllAccessors: .Compare

===========================================================================================
----------------- testing Fri Jun 15 17:28:58 UTC 2018 /home/travis/build/icyphy/ptII/ptolemy/actor/lib/test/auto/CompareDE.xml
----------------- Instantiating /home/travis/build/icyphy/ptII/ptolemy/actor/lib/test/auto/CompareDE.xml
4 ms. Memory: 877056K Free: 139216K (16%)
----------------- Invoking toplevel() on ptolemy.moml.MoMLSimpleApplication@1ba0ac0c
----------------- Done invoking toplevel() on ptolemy.moml.MoMLSimpleApplication@1ba0ac0c
reloadAllAccessors: .CompareDE

===========================================================================================
----------------- testing Fri Jun 15 17:28:58 UTC 2018 /home/travis/build/icyphy/ptII/ptolemy/actor/lib/test/auto/ComplexDivide.xml
----------------- Instantiating /home/travis/build/icyphy/ptII/ptolemy/actor/lib/test/auto/ComplexDivide.xml
2 ms. Memory: 877056K Free: 128846K (15%)
----------------- Invoking toplevel() on ptolemy.moml.MoMLSimpleApplication@206e6c80
----------------- Done invoking toplevel() on ptolemy.moml.MoMLSimpleApplication@206e6c80
reloadAllAccessors: .ComplexDivide

===========================================================================================
----------------- testing Fri Jun 15 17:28:58 UTC 2018 /home/travis/build/icyphy/ptII/ptolemy/actor/lib/test/auto/ComputeHistogram.xml
----------------- Instantiating /home/travis/build/icyphy/ptII/ptolemy/actor/lib/test/auto/ComputeHistogram.xml
33 ms. Memory: 877056K Free: 103089K (12%)
----------------- Invoking toplevel() on ptolemy.moml.MoMLSimpleApplication@212b7429
----------------- Done invoking toplevel() on ptolemy.moml.MoMLSimpleApplication@212b7429
reloadAllAccessors: .ComputeHistogram

===========================================================================================
----------------- testing Fri Jun 15 17:28:58 UTC 2018 /home/travis/build/icyphy/ptII/ptolemy/actor/lib/test/auto/ConfigurationSelect.xml
----------------- Instantiating /home/travis/build/icyphy/ptII/ptolemy/actor/lib/test/auto/ConfigurationSelect.xml
3 ms. Memory: 877056K Free: 92719K (11%)
----------------- Invoking toplevel() on ptolemy.moml.MoMLSimpleApplication@7af35bd0
----------------- Done invoking toplevel() on ptolemy.moml.MoMLSimpleApplication@7af35bd0
reloadAllAccessors: .ConfigurationSelect

===========================================================================================
----------------- testing Fri Jun 15 17:28:58 UTC 2018 /home/travis/build/icyphy/ptII/ptolemy/actor/lib/test/auto/ConfigurationSelect2.xml
----------------- Instantiating /home/travis/build/icyphy/ptII/ptolemy/actor/lib/test/auto/ConfigurationSelect2.xml
2 ms. Memory: 877056K Free: 82350K (9%)
----------------- Invoking toplevel() on ptolemy.moml.MoMLSimpleApplication@8536cf4
----------------- Done invoking toplevel() on ptolemy.moml.MoMLSimpleApplication@8536cf4
reloadAllAccessors: .ConfigurationSelect2

===========================================================================================
----------------- testing Fri Jun 15 17:28:58 UTC 2018 /home/travis/build/icyphy/ptII/ptolemy/actor/lib/test/auto/ConfigurationSwitch.xml
----------------- Instantiating /home/travis/build/icyphy/ptII/ptolemy/actor/lib/test/auto/ConfigurationSwitch.xml
2 ms. Memory: 877056K Free: 71980K (8%)
----------------- Invoking toplevel() on ptolemy.moml.MoMLSimpleApplication@7f0f2099
----------------- Done invoking toplevel() on ptolemy.moml.MoMLSimpleApplication@7f0f2099
reloadAllAccessors: .ConfigurationSwitch

===========================================================================================
----------------- testing Fri Jun 15 17:28:58 UTC 2018 /home/travis/build/icyphy/ptII/ptolemy/actor/lib/test/auto/ConfigurationSwitch2.xml
----------------- Instantiating /home/travis/build/icyphy/ptII/ptolemy/actor/lib/test/auto/ConfigurationSwitch2.xml
9 ms. Memory: 877568K Free: 831856K (95%)
----------------- Invoking toplevel() on ptolemy.moml.MoMLSimpleApplication@6ee408e5
----------------- Done invoking toplevel() on ptolemy.moml.MoMLSimpleApplication@6ee408e5
reloadAllAccessors: .ConfigurationSwitch2

===========================================================================================
----------------- testing Fri Jun 15 17:28:58 UTC 2018 /home/travis/build/icyphy/ptII/ptolemy/actor/lib/test/auto/ConfigurationSwitchCloningBugWithClassRelationGroup.xml
----------------- Instantiating /home/travis/build/icyphy/ptII/ptolemy/actor/lib/test/auto/ConfigurationSwitchCloningBugWithClassRelationGroup.xml
1 ms. Memory: 877568K Free: 812677K (93%)
----------------- Invoking toplevel() on ptolemy.moml.MoMLSimpleApplication@27b40c82
----------------- Done invoking toplevel() on ptolemy.moml.MoMLSimpleApplication@27b40c82
reloadAllAccessors: .ConfigurationSwitchCloningBugWithClassRelationGroup

===========================================================================================
----------------- testing Fri Jun 15 17:28:58 UTC 2018 /home/travis/build/icyphy/ptII/ptolemy/actor/lib/test/auto/ConfigurationSwitchSelectSDF.xml
----------------- Instantiating /home/travis/build/icyphy/ptII/ptolemy/actor/lib/test/auto/ConfigurationSwitchSelectSDF.xml
6 ms. Memory: 877568K Free: 804899K (92%)
----------------- Invoking toplevel() on ptolemy.moml.MoMLSimpleApplication@3d486a09
----------------- Done invoking toplevel() on ptolemy.moml.MoMLSimpleApplication@3d486a09
reloadAllAccessors: .ConfigurationSwitchSelectSDF

===========================================================================================
----------------- testing Fri Jun 15 17:28:58 UTC 2018 /home/travis/build/icyphy/ptII/ptolemy/actor/lib/test/auto/ConfigurationSwitchSelectSDF2.xml
----------------- Instantiating /home/travis/build/icyphy/ptII/ptolemy/actor/lib/test/auto/ConfigurationSwitchSelectSDF2.xml
2 ms. Memory: 877568K Free: 797122K (91%)
----------------- Invoking toplevel() on ptolemy.moml.MoMLSimpleApplication@6c71d63f
----------------- Done invoking toplevel() on ptolemy.moml.MoMLSimpleApplication@6c71d63f
reloadAllAccessors: .ConfigurationSwitchSelectSDF2

===========================================================================================
----------------- testing Fri Jun 15 17:28:58 UTC 2018 /home/travis/build/icyphy/ptII/ptolemy/actor/lib/test/auto/Const.xml
----------------- Instantiating /home/travis/build/icyphy/ptII/ptolemy/actor/lib/test/auto/Const.xml
1 ms. Memory: 877568K Free: 781848K (89%)
----------------- Invoking toplevel() on ptolemy.moml.MoMLSimpleApplication@24f6c911
----------------- Done invoking toplevel() on ptolemy.moml.MoMLSimpleApplication@24f6c911
reloadAllAccessors: .Const

===========================================================================================
----------------- testing Fri Jun 15 17:28:58 UTC 2018 /home/travis/build/icyphy/ptII/ptolemy/actor/lib/test/auto/Const2.xml
----------------- Instantiating /home/travis/build/icyphy/ptII/ptolemy/actor/lib/test/auto/Const2.xml
1 ms. Memory: 877568K Free: 774071K (88%)
----------------- Invoking toplevel() on ptolemy.moml.MoMLSimpleApplication@5270865
----------------- Done invoking toplevel() on ptolemy.moml.MoMLSimpleApplication@5270865
reloadAllAccessors: .Const2

===========================================================================================
----------------- testing Fri Jun 15 17:28:58 UTC 2018 /home/travis/build/icyphy/ptII/ptolemy/actor/lib/test/auto/Const3.xml
----------------- Instantiating /home/travis/build/icyphy/ptII/ptolemy/actor/lib/test/auto/Const3.xml
1 ms. Memory: 877568K Free: 766293K (87%)
----------------- Invoking toplevel() on ptolemy.moml.MoMLSimpleApplication@1dfe0ddc
----------------- Done invoking toplevel() on ptolemy.moml.MoMLSimpleApplication@1dfe0ddc
reloadAllAccessors: .Const3

===========================================================================================
----------------- testing Fri Jun 15 17:28:59 UTC 2018 /home/travis/build/icyphy/ptII/ptolemy/actor/lib/test/auto/ConstantPublisherPort1.xml
----------------- Instantiating /home/travis/build/icyphy/ptII/ptolemy/actor/lib/test/auto/ConstantPublisherPort1.xml
6 ms. Memory: 877568K Free: 747122K (85%)
----------------- Invoking toplevel() on ptolemy.moml.MoMLSimpleApplication@5e23a242
----------------- Done invoking toplevel() on ptolemy.moml.MoMLSimpleApplication@5e23a242
reloadAllAccessors: .ConstantPublisherPort1

===========================================================================================
----------------- testing Fri Jun 15 17:28:59 UTC 2018 /home/travis/build/icyphy/ptII/ptolemy/actor/lib/test/auto/ConstantPublisherPort2.xml
----------------- Instantiating /home/travis/build/icyphy/ptII/ptolemy/actor/lib/test/auto/ConstantPublisherPort2.xml
8 ms. Memory: 877568K Free: 735456K (84%)
----------------- Invoking toplevel() on ptolemy.moml.MoMLSimpleApplication@7c41e726
----------------- Done invoking toplevel() on ptolemy.moml.MoMLSimpleApplication@7c41e726
reloadAllAccessors: .ConstantPublisherPort2

===========================================================================================
----------------- testing Fri Jun 15 17:28:59 UTC 2018 /home/travis/build/icyphy/ptII/ptolemy/actor/lib/test/auto/ConstantPublisherPort3.xml
----------------- Instantiating /home/travis/build/icyphy/ptII/ptolemy/actor/lib/test/auto/ConstantPublisherPort3.xml
5 ms. Memory: 877568K Free: 723774K (82%)
----------------- Invoking toplevel() on ptolemy.moml.MoMLSimpleApplication@49302d5e
----------------- Done invoking toplevel() on ptolemy.moml.MoMLSimpleApplication@49302d5e
reloadAllAccessors: .ConstantPublisherPort3

===========================================================================================
----------------- testing Fri Jun 15 17:28:59 UTC 2018 /home/travis/build/icyphy/ptII/ptolemy/actor/lib/test/auto/ConstantPublisherPort4.xml
----------------- Instantiating /home/travis/build/icyphy/ptII/ptolemy/actor/lib/test/auto/ConstantPublisherPort4.xml
4 ms. Memory: 877568K Free: 704595K (80%)
----------------- Invoking toplevel() on ptolemy.moml.MoMLSimpleApplication@22d06521
----------------- Done invoking toplevel() on ptolemy.moml.MoMLSimpleApplication@22d06521
reloadAllAccessors: .ConstantPublisherPort4

===========================================================================================
----------------- testing Fri Jun 15 17:28:59 UTC 2018 /home/travis/build/icyphy/ptII/ptolemy/actor/lib/test/auto/ConstantPublisherPort5.xml
----------------- Instantiating /home/travis/build/icyphy/ptII/ptolemy/actor/lib/test/auto/ConstantPublisherPort5.xml
26 ms. Memory: 877568K Free: 685151K (78%)
----------------- Invoking toplevel() on ptolemy.moml.MoMLSimpleApplication@7e91697f
----------------- Done invoking toplevel() on ptolemy.moml.MoMLSimpleApplication@7e91697f
reloadAllAccessors: .ConstantPublisherPort5

===========================================================================================
----------------- testing Fri Jun 15 17:28:59 UTC 2018 /home/travis/build/icyphy/ptII/ptolemy/actor/lib/test/auto/ConstantPublisherPort6.xml
----------------- Instantiating /home/travis/build/icyphy/ptII/ptolemy/actor/lib/test/auto/ConstantPublisherPort6.xml
16 ms. Memory: 877568K Free: 661819K (75%)
----------------- Invoking toplevel() on ptolemy.moml.MoMLSimpleApplication@59a959fb
----------------- Done invoking toplevel() on ptolemy.moml.MoMLSimpleApplication@59a959fb
reloadAllAccessors: .ConstantPublisherPort6

===========================================================================================
----------------- testing Fri Jun 15 17:28:59 UTC 2018 /home/travis/build/icyphy/ptII/ptolemy/actor/lib/test/auto/ConstantPublisherPort7.xml
----------------- Instantiating /home/travis/build/icyphy/ptII/ptolemy/actor/lib/test/auto/ConstantPublisherPort7.xml
13 ms. Memory: 877568K Free: 638471K (73%)
----------------- Invoking toplevel() on ptolemy.moml.MoMLSimpleApplication@61183a05
----------------- Done invoking toplevel() on ptolemy.moml.MoMLSimpleApplication@61183a05
reloadAllAccessors: .ConstantPublisherPort7

===========================================================================================
----------------- testing Fri Jun 15 17:28:59 UTC 2018 /home/travis/build/icyphy/ptII/ptolemy/actor/lib/test/auto/ConstraintMonitor1.xml
----------------- Instantiating /home/travis/build/icyphy/ptII/ptolemy/actor/lib/test/auto/ConstraintMonitor1.xml
9 ms. Memory: 877568K Free: 623197K (71%)
----------------- Invoking toplevel() on ptolemy.moml.MoMLSimpleApplication@129a79ea
----------------- Done invoking toplevel() on ptolemy.moml.MoMLSimpleApplication@129a79ea
reloadAllAccessors: .ConstraintMonitor1

===========================================================================================
----------------- testing Fri Jun 15 17:28:59 UTC 2018 /home/travis/build/icyphy/ptII/ptolemy/actor/lib/test/auto/ConstraintMonitor2.xml
----------------- Instantiating /home/travis/build/icyphy/ptII/ptolemy/actor/lib/test/auto/ConstraintMonitor2.xml
2 ms. Memory: 877568K Free: 615419K (70%)
----------------- Invoking toplevel() on ptolemy.moml.MoMLSimpleApplication@7caacbb9
----------------- Done invoking toplevel() on ptolemy.moml.MoMLSimpleApplication@7caacbb9
reloadAllAccessors: .ConstraintMonitor2

===========================================================================================
----------------- testing Fri Jun 15 17:28:59 UTC 2018 /home/travis/build/icyphy/ptII/ptolemy/actor/lib/test/auto/ConstraintMonitor3.xml
----------------- Instantiating /home/travis/build/icyphy/ptII/ptolemy/actor/lib/test/auto/ConstraintMonitor3.xml
1 ms. Memory: 877568K Free: 607642K (69%)
----------------- Invoking toplevel() on ptolemy.moml.MoMLSimpleApplication@a950d15
----------------- Done invoking toplevel() on ptolemy.moml.MoMLSimpleApplication@a950d15
reloadAllAccessors: .ConstraintMonitor3

===========================================================================================
----------------- testing Fri Jun 15 17:28:59 UTC 2018 /home/travis/build/icyphy/ptII/ptolemy/actor/lib/test/auto/ConstraintMonitor4.xml
----------------- Instantiating /home/travis/build/icyphy/ptII/ptolemy/actor/lib/test/auto/ConstraintMonitor4.xml
1 ms. Memory: 877568K Free: 592367K (68%)
----------------- Invoking toplevel() on ptolemy.moml.MoMLSimpleApplication@1e3354fd
----------------- Done invoking toplevel() on ptolemy.moml.MoMLSimpleApplication@1e3354fd
reloadAllAccessors: .ConstraintMonitor4

===========================================================================================
----------------- testing Fri Jun 15 17:28:59 UTC 2018 /home/travis/build/icyphy/ptII/ptolemy/actor/lib/test/auto/ConstraintMonitor5.xml
----------------- Instantiating /home/travis/build/icyphy/ptII/ptolemy/actor/lib/test/auto/ConstraintMonitor5.xml
5 ms. Memory: 877568K Free: 584590K (67%)
----------------- Invoking toplevel() on ptolemy.moml.MoMLSimpleApplication@521db074
----------------- Done invoking toplevel() on ptolemy.moml.MoMLSimpleApplication@521db074
reloadAllAccessors: .ConstraintMonitor5

===========================================================================================
----------------- testing Fri Jun 15 17:28:59 UTC 2018 /home/travis/build/icyphy/ptII/ptolemy/actor/lib/test/auto/ConstraintMonitor6.xml
----------------- Instantiating /home/travis/build/icyphy/ptII/ptolemy/actor/lib/test/auto/ConstraintMonitor6.xml
7 ms. Memory: 877568K Free: 572924K (65%)
----------------- Invoking toplevel() on ptolemy.moml.MoMLSimpleApplication@43595851
----------------- Done invoking toplevel() on ptolemy.moml.MoMLSimpleApplication@43595851
reloadAllAccessors: .ConstraintMonitor6

===========================================================================================
----------------- testing Fri Jun 15 17:28:59 UTC 2018 /home/travis/build/icyphy/ptII/ptolemy/actor/lib/test/auto/ConstraintMonitor7.xml
----------------- Instantiating /home/travis/build/icyphy/ptII/ptolemy/actor/lib/test/auto/ConstraintMonitor7.xml
3 ms. Memory: 877568K Free: 553753K (63%)
----------------- Invoking toplevel() on ptolemy.moml.MoMLSimpleApplication@21716274
----------------- Done invoking toplevel() on ptolemy.moml.MoMLSimpleApplication@21716274
reloadAllAccessors: .ConstraintMonitor7

===========================================================================================
----------------- testing Fri Jun 15 17:28:59 UTC 2018 /home/travis/build/icyphy/ptII/ptolemy/actor/lib/test/auto/ConstraintMonitor8.xml
----------------- Instantiating /home/travis/build/icyphy/ptII/ptolemy/actor/lib/test/auto/ConstraintMonitor8.xml
7 ms. Memory: 877568K Free: 542071K (62%)
----------------- Invoking toplevel() on ptolemy.moml.MoMLSimpleApplication@198b5007
----------------- Done invoking toplevel() on ptolemy.moml.MoMLSimpleApplication@198b5007
reloadAllAccessors: .ConstraintMonitor8

===========================================================================================
----------------- testing Fri Jun 15 17:28:59 UTC 2018 /home/travis/build/icyphy/ptII/ptolemy/actor/lib/test/auto/Counter.xml
----------------- Instantiating /home/travis/build/icyphy/ptII/ptolemy/actor/lib/test/auto/Counter.xml
2 ms. Memory: 877568K Free: 534294K (61%)
----------------- Invoking toplevel() on ptolemy.moml.MoMLSimpleApplication@5bf27d33
----------------- Done invoking toplevel() on ptolemy.moml.MoMLSimpleApplication@5bf27d33
reloadAllAccessors: .Counter

===========================================================================================
----------------- testing Fri Jun 15 17:28:59 UTC 2018 /home/travis/build/icyphy/ptII/ptolemy/actor/lib/test/auto/CurrentTimeSDF.xml
----------------- Instantiating /home/travis/build/icyphy/ptII/ptolemy/actor/lib/test/auto/CurrentTimeSDF.xml
2 ms. Memory: 877568K Free: 519020K (59%)
----------------- Invoking toplevel() on ptolemy.moml.MoMLSimpleApplication@5c1adc9b
----------------- Done invoking toplevel() on ptolemy.moml.MoMLSimpleApplication@5c1adc9b
reloadAllAccessors: .CurrentTimeSDF

===========================================================================================
----------------- testing Fri Jun 15 17:28:59 UTC 2018 /home/travis/build/icyphy/ptII/ptolemy/actor/lib/test/auto/DB.xml
----------------- Instantiating /home/travis/build/icyphy/ptII/ptolemy/actor/lib/test/auto/DB.xml
1 ms. Memory: 877568K Free: 511243K (58%)
----------------- Invoking toplevel() on ptolemy.moml.MoMLSimpleApplication@47f53c3
----------------- Done invoking toplevel() on ptolemy.moml.MoMLSimpleApplication@47f53c3
reloadAllAccessors: .DB

===========================================================================================
----------------- testing Fri Jun 15 17:28:59 UTC 2018 /home/travis/build/icyphy/ptII/ptolemy/actor/lib/test/auto/DBDE.xml
----------------- Instantiating /home/travis/build/icyphy/ptII/ptolemy/actor/lib/test/auto/DBDE.xml
2 ms. Memory: 877568K Free: 499561K (57%)
----------------- Invoking toplevel() on ptolemy.moml.MoMLSimpleApplication@262ab87f
----------------- Done invoking toplevel() on ptolemy.moml.MoMLSimpleApplication@262ab87f
reloadAllAccessors: .DBDE

===========================================================================================
----------------- testing Fri Jun 15 17:28:59 UTC 2018 /home/travis/build/icyphy/ptII/ptolemy/actor/lib/test/auto/DateConstructor.xml
----------------- Instantiating /home/travis/build/icyphy/ptII/ptolemy/actor/lib/test/auto/DateConstructor.xml
14 ms. Memory: 877568K Free: 480085K (55%)
----------------- Invoking toplevel() on ptolemy.moml.MoMLSimpleApplication@2d81dc01
----------------- Done invoking toplevel() on ptolemy.moml.MoMLSimpleApplication@2d81dc01
reloadAllAccessors: .DateConstructor

===========================================================================================
----------------- testing Fri Jun 15 17:28:59 UTC 2018 /home/travis/build/icyphy/ptII/ptolemy/actor/lib/test/auto/DelayTime.xml
----------------- Instantiating /home/travis/build/icyphy/ptII/ptolemy/actor/lib/test/auto/DelayTime.xml
2 ms. Memory: 877568K Free: 464811K (53%)
----------------- Invoking toplevel() on ptolemy.moml.MoMLSimpleApplication@6f74eb18
----------------- Done invoking toplevel() on ptolemy.moml.MoMLSimpleApplication@6f74eb18
reloadAllAccessors: .DelayTime

===========================================================================================
----------------- testing Fri Jun 15 17:28:59 UTC 2018 /home/travis/build/icyphy/ptII/ptolemy/actor/lib/test/auto/Dictionary1.xml
----------------- Instantiating /home/travis/build/icyphy/ptII/ptolemy/actor/lib/test/auto/Dictionary1.xml
2 ms. Memory: 877568K Free: 457033K (52%)
----------------- Invoking toplevel() on ptolemy.moml.MoMLSimpleApplication@30a9911
----------------- Done invoking toplevel() on ptolemy.moml.MoMLSimpleApplication@30a9911
reloadAllAccessors: .Dictionary1

===========================================================================================
----------------- testing Fri Jun 15 17:28:59 UTC 2018 /home/travis/build/icyphy/ptII/ptolemy/actor/lib/test/auto/Dictionary2.xml
----------------- Instantiating /home/travis/build/icyphy/ptII/ptolemy/actor/lib/test/auto/Dictionary2.xml
3 ms. Memory: 877568K Free: 449256K (51%)
----------------- Invoking toplevel() on ptolemy.moml.MoMLSimpleApplication@72f411f7
----------------- Done invoking toplevel() on ptolemy.moml.MoMLSimpleApplication@72f411f7
reloadAllAccessors: .Dictionary2

===========================================================================================
----------------- testing Fri Jun 15 17:28:59 UTC 2018 /home/travis/build/icyphy/ptII/ptolemy/actor/lib/test/auto/Dictionary3.xml
----------------- Instantiating /home/travis/build/icyphy/ptII/ptolemy/actor/lib/test/auto/Dictionary3.xml
1 ms. Memory: 877568K Free: 433982K (49%)
----------------- Invoking toplevel() on ptolemy.moml.MoMLSimpleApplication@14794497
----------------- Done invoking toplevel() on ptolemy.moml.MoMLSimpleApplication@14794497
reloadAllAccessors: .Dictionary3

===========================================================================================
----------------- testing Fri Jun 15 17:28:59 UTC 2018 /home/travis/build/icyphy/ptII/ptolemy/actor/lib/test/auto/Dictionary4.xml
----------------- Instantiating /home/travis/build/icyphy/ptII/ptolemy/actor/lib/test/auto/Dictionary4.xml
5 ms. Memory: 877568K Free: 422016K (48%)
----------------- Invoking toplevel() on ptolemy.moml.MoMLSimpleApplication@2685bc0a
----------------- Done invoking toplevel() on ptolemy.moml.MoMLSimpleApplication@2685bc0a
reloadAllAccessors: .Dictionary4

===========================================================================================
----------------- testing Fri Jun 15 17:28:59 UTC 2018 /home/travis/build/icyphy/ptII/ptolemy/actor/lib/test/auto/Differential.xml
----------------- Instantiating /home/travis/build/icyphy/ptII/ptolemy/actor/lib/test/auto/Differential.xml
2 ms. Memory: 877568K Free: 414239K (47%)
----------------- Invoking toplevel() on ptolemy.moml.MoMLSimpleApplication@24e267e6
----------------- Done invoking toplevel() on ptolemy.moml.MoMLSimpleApplication@24e267e6
reloadAllAccessors: .Differential

===========================================================================================
----------------- testing Fri Jun 15 17:28:59 UTC 2018 /home/travis/build/icyphy/ptII/ptolemy/actor/lib/test/auto/Director.xml
----------------- Instantiating /home/travis/build/icyphy/ptII/ptolemy/actor/lib/test/auto/Director.xml
2 ms. Memory: 877568K Free: 398964K (45%)
----------------- Invoking toplevel() on ptolemy.moml.MoMLSimpleApplication@22c98dd0
----------------- Done invoking toplevel() on ptolemy.moml.MoMLSimpleApplication@22c98dd0
reloadAllAccessors: .Director

===========================================================================================
----------------- testing Fri Jun 15 17:28:59 UTC 2018 /home/travis/build/icyphy/ptII/ptolemy/actor/lib/test/auto/DiscreteClock.xml
----------------- Instantiating /home/travis/build/icyphy/ptII/ptolemy/actor/lib/test/auto/DiscreteClock.xml
3 ms. Memory: 877568K Free: 391187K (45%)
----------------- Invoking toplevel() on ptolemy.moml.MoMLSimpleApplication@70a90913
----------------- Done invoking toplevel() on ptolemy.moml.MoMLSimpleApplication@70a90913
reloadAllAccessors: .DiscreteClock

===========================================================================================
----------------- testing Fri Jun 15 17:28:59 UTC 2018 /home/travis/build/icyphy/ptII/ptolemy/actor/lib/test/auto/DiscreteClock10.xml
----------------- Instantiating /home/travis/build/icyphy/ptII/ptolemy/actor/lib/test/auto/DiscreteClock10.xml
2 ms. Memory: 877568K Free: 383410K (44%)
----------------- Invoking toplevel() on ptolemy.moml.MoMLSimpleApplication@1d05149
----------------- Done invoking toplevel() on ptolemy.moml.MoMLSimpleApplication@1d05149
reloadAllAccessors: .DiscreteClock10

===========================================================================================
----------------- testing Fri Jun 15 17:28:59 UTC 2018 /home/travis/build/icyphy/ptII/ptolemy/actor/lib/test/auto/DiscreteClock11.xml
----------------- Instantiating /home/travis/build/icyphy/ptII/ptolemy/actor/lib/test/auto/DiscreteClock11.xml
2 ms. Memory: 877568K Free: 368135K (42%)
----------------- Invoking toplevel() on ptolemy.moml.MoMLSimpleApplication@377f562a
----------------- Done invoking toplevel() on ptolemy.moml.MoMLSimpleApplication@377f562a
reloadAllAccessors: .DiscreteClock11

===========================================================================================
----------------- testing Fri Jun 15 17:28:59 UTC 2018 /home/travis/build/icyphy/ptII/ptolemy/actor/lib/test/auto/DiscreteClock12.xml
----------------- Instantiating /home/travis/build/icyphy/ptII/ptolemy/actor/lib/test/auto/DiscreteClock12.xml
3 ms. Memory: 877568K Free: 360358K (41%)
----------------- Invoking toplevel() on ptolemy.moml.MoMLSimpleApplication@48785744
----------------- Done invoking toplevel() on ptolemy.moml.MoMLSimpleApplication@48785744
reloadAllAccessors: .DiscreteClock12

===========================================================================================
----------------- testing Fri Jun 15 17:28:59 UTC 2018 /home/travis/build/icyphy/ptII/ptolemy/actor/lib/test/auto/DiscreteClock13.xml
----------------- Instantiating /home/travis/build/icyphy/ptII/ptolemy/actor/lib/test/auto/DiscreteClock13.xml
2 ms. Memory: 877568K Free: 352581K (40%)
----------------- Invoking toplevel() on ptolemy.moml.MoMLSimpleApplication@5ad8205c
----------------- Done invoking toplevel() on ptolemy.moml.MoMLSimpleApplication@5ad8205c
reloadAllAccessors: .DiscreteClock13

===========================================================================================
----------------- testing Fri Jun 15 17:28:59 UTC 2018 /home/travis/build/icyphy/ptII/ptolemy/actor/lib/test/auto/DiscreteClock14.xml
----------------- Instantiating /home/travis/build/icyphy/ptII/ptolemy/actor/lib/test/auto/DiscreteClock14.xml
7 ms. Memory: 877568K Free: 344803K (39%)
----------------- Invoking toplevel() on ptolemy.moml.MoMLSimpleApplication@79f9c4cc
----------------- Done invoking toplevel() on ptolemy.moml.MoMLSimpleApplication@79f9c4cc
reloadAllAccessors: .DiscreteClock14

===========================================================================================
----------------- testing Fri Jun 15 17:28:59 UTC 2018 /home/travis/build/icyphy/ptII/ptolemy/actor/lib/test/auto/DiscreteClock15.xml
----------------- Instantiating /home/travis/build/icyphy/ptII/ptolemy/actor/lib/test/auto/DiscreteClock15.xml
1 ms. Memory: 877568K Free: 329529K (38%)
----------------- Invoking toplevel() on ptolemy.moml.MoMLSimpleApplication@690bbfe2
----------------- Done invoking toplevel() on ptolemy.moml.MoMLSimpleApplication@690bbfe2
reloadAllAccessors: .DiscreteClock15

===========================================================================================
----------------- testing Fri Jun 15 17:28:59 UTC 2018 /home/travis/build/icyphy/ptII/ptolemy/actor/lib/test/auto/DiscreteClock16.xml
----------------- Instantiating /home/travis/build/icyphy/ptII/ptolemy/actor/lib/test/auto/DiscreteClock16.xml
9 ms. Memory: 877568K Free: 313974K (36%)
----------------- Invoking toplevel() on ptolemy.moml.MoMLSimpleApplication@568411b7
----------------- Done invoking toplevel() on ptolemy.moml.MoMLSimpleApplication@568411b7
reloadAllAccessors: .DiscreteClock16

===========================================================================================
----------------- testing Fri Jun 15 17:28:59 UTC 2018 /home/travis/build/icyphy/ptII/ptolemy/actor/lib/test/auto/DiscreteClock17.xml
----------------- Instantiating /home/travis/build/icyphy/ptII/ptolemy/actor/lib/test/auto/DiscreteClock17.xml
15 ms. Memory: 877568K Free: 298403K (34%)
----------------- Invoking toplevel() on ptolemy.moml.MoMLSimpleApplication@32e79c1b
----------------- Done invoking toplevel() on ptolemy.moml.MoMLSimpleApplication@32e79c1b
reloadAllAccessors: .DiscreteClock17

===========================================================================================
----------------- testing Fri Jun 15 17:28:59 UTC 2018 /home/travis/build/icyphy/ptII/ptolemy/actor/lib/test/auto/DiscreteClock18.xml
----------------- Instantiating /home/travis/build/icyphy/ptII/ptolemy/actor/lib/test/auto/DiscreteClock18.xml
478 ms. Memory: 1362944K Free: 1313548K (96%)
----------------- Invoking toplevel() on ptolemy.moml.MoMLSimpleApplication@cf95b2a
----------------- Done invoking toplevel() on ptolemy.moml.MoMLSimpleApplication@cf95b2a
reloadAllAccessors: .DiscreteClock18

===========================================================================================
----------------- testing Fri Jun 15 17:29:00 UTC 2018 /home/travis/build/icyphy/ptII/ptolemy/actor/lib/test/auto/DiscreteClock19.xml
----------------- Instantiating /home/travis/build/icyphy/ptII/ptolemy/actor/lib/test/auto/DiscreteClock19.xml
13 ms. Memory: 1362944K Free: 1282274K (94%)
----------------- Invoking toplevel() on ptolemy.moml.MoMLSimpleApplication@5e334039
----------------- Done invoking toplevel() on ptolemy.moml.MoMLSimpleApplication@5e334039
reloadAllAccessors: .DiscreteClock19

===========================================================================================
----------------- testing Fri Jun 15 17:29:00 UTC 2018 /home/travis/build/icyphy/ptII/ptolemy/actor/lib/test/auto/DiscreteClock2.xml
----------------- Instantiating /home/travis/build/icyphy/ptII/ptolemy/actor/lib/test/auto/DiscreteClock2.xml
1 ms. Memory: 1362944K Free: 1269827K (93%)
----------------- Invoking toplevel() on ptolemy.moml.MoMLSimpleApplication@4afeb8b6
----------------- Done invoking toplevel() on ptolemy.moml.MoMLSimpleApplication@4afeb8b6
reloadAllAccessors: .DiscreteClock2

===========================================================================================
----------------- testing Fri Jun 15 17:29:00 UTC 2018 /home/travis/build/icyphy/ptII/ptolemy/actor/lib/test/auto/DiscreteClock20.xml
----------------- Instantiating /home/travis/build/icyphy/ptII/ptolemy/actor/lib/test/auto/DiscreteClock20.xml
2 ms. Memory: 1362944K Free: 1257381K (92%)
----------------- Invoking toplevel() on ptolemy.moml.MoMLSimpleApplication@654501e6
----------------- Done invoking toplevel() on ptolemy.moml.MoMLSimpleApplication@654501e6
reloadAllAccessors: .DiscreteClock20

===========================================================================================
----------------- testing Fri Jun 15 17:29:00 UTC 2018 /home/travis/build/icyphy/ptII/ptolemy/actor/lib/test/auto/DiscreteClock21.xml
----------------- Instantiating /home/travis/build/icyphy/ptII/ptolemy/actor/lib/test/auto/DiscreteClock21.xml
2 ms. Memory: 1362944K Free: 1244934K (91%)
----------------- Invoking toplevel() on ptolemy.moml.MoMLSimpleApplication@1c7f9c33
----------------- Done invoking toplevel() on ptolemy.moml.MoMLSimpleApplication@1c7f9c33
reloadAllAccessors: .DiscreteClock21

===========================================================================================
----------------- testing Fri Jun 15 17:29:00 UTC 2018 /home/travis/build/icyphy/ptII/ptolemy/actor/lib/test/auto/DiscreteClock22.xml
----------------- Instantiating /home/travis/build/icyphy/ptII/ptolemy/actor/lib/test/auto/DiscreteClock22.xml
1 ms. Memory: 1362944K Free: 1223167K (90%)
----------------- Invoking toplevel() on ptolemy.moml.MoMLSimpleApplication@7a8e333a
----------------- Done invoking toplevel() on ptolemy.moml.MoMLSimpleApplication@7a8e333a
reloadAllAccessors: .DiscreteClock22

===========================================================================================
----------------- testing Fri Jun 15 17:29:00 UTC 2018 /home/travis/build/icyphy/ptII/ptolemy/actor/lib/test/auto/DiscreteClock23.xml
----------------- Instantiating /home/travis/build/icyphy/ptII/ptolemy/actor/lib/test/auto/DiscreteClock23.xml
2 ms. Memory: 1362944K Free: 1210720K (89%)
----------------- Invoking toplevel() on ptolemy.moml.MoMLSimpleApplication@6f4f9452
----------------- Done invoking toplevel() on ptolemy.moml.MoMLSimpleApplication@6f4f9452
reloadAllAccessors: .DiscreteClock23

===========================================================================================
----------------- testing Fri Jun 15 17:29:00 UTC 2018 /home/travis/build/icyphy/ptII/ptolemy/actor/lib/test/auto/DiscreteClock24.xml
----------------- Instantiating /home/travis/build/icyphy/ptII/ptolemy/actor/lib/test/auto/DiscreteClock24.xml
1 ms. Memory: 1362944K Free: 1198273K (88%)
----------------- Invoking toplevel() on ptolemy.moml.MoMLSimpleApplication@2886b9
----------------- Done invoking toplevel() on ptolemy.moml.MoMLSimpleApplication@2886b9
reloadAllAccessors: .DiscreteClock24

===========================================================================================
----------------- testing Fri Jun 15 17:29:00 UTC 2018 /home/travis/build/icyphy/ptII/ptolemy/actor/lib/test/auto/DiscreteClock4.xml
----------------- Instantiating /home/travis/build/icyphy/ptII/ptolemy/actor/lib/test/auto/DiscreteClock4.xml
3 ms. Memory: 1362944K Free: 1176507K (86%)
----------------- Invoking toplevel() on ptolemy.moml.MoMLSimpleApplication@74927319
----------------- Done invoking toplevel() on ptolemy.moml.MoMLSimpleApplication@74927319
reloadAllAccessors: .DiscreteClock4

===========================================================================================
----------------- testing Fri Jun 15 17:29:00 UTC 2018 /home/travis/build/icyphy/ptII/ptolemy/actor/lib/test/auto/DiscreteClock5.xml
----------------- Instantiating /home/travis/build/icyphy/ptII/ptolemy/actor/lib/test/auto/DiscreteClock5.xml
2 ms. Memory: 1362944K Free: 1164060K (85%)
----------------- Invoking toplevel() on ptolemy.moml.MoMLSimpleApplication@199bd4e6
----------------- Done invoking toplevel() on ptolemy.moml.MoMLSimpleApplication@199bd4e6
reloadAllAccessors: .DiscreteClock5

===========================================================================================
----------------- testing Fri Jun 15 17:29:00 UTC 2018 /home/travis/build/icyphy/ptII/ptolemy/actor/lib/test/auto/DiscreteClock6.xml
----------------- Instantiating /home/travis/build/icyphy/ptII/ptolemy/actor/lib/test/auto/DiscreteClock6.xml
1 ms. Memory: 1362944K Free: 1151613K (84%)
----------------- Invoking toplevel() on ptolemy.moml.MoMLSimpleApplication@13e0d3a
----------------- Done invoking toplevel() on ptolemy.moml.MoMLSimpleApplication@13e0d3a
reloadAllAccessors: .DiscreteClock6

===========================================================================================
----------------- testing Fri Jun 15 17:29:00 UTC 2018 /home/travis/build/icyphy/ptII/ptolemy/actor/lib/test/auto/DiscreteClock7.xml
----------------- Instantiating /home/travis/build/icyphy/ptII/ptolemy/actor/lib/test/auto/DiscreteClock7.xml
1 ms. Memory: 1362944K Free: 1139166K (84%)
----------------- Invoking toplevel() on ptolemy.moml.MoMLSimpleApplication@6f17f3d9
----------------- Done invoking toplevel() on ptolemy.moml.MoMLSimpleApplication@6f17f3d9
reloadAllAccessors: .DiscreteClock7

===========================================================================================
----------------- testing Fri Jun 15 17:29:00 UTC 2018 /home/travis/build/icyphy/ptII/ptolemy/actor/lib/test/auto/DiscreteClock8.xml
----------------- Instantiating /home/travis/build/icyphy/ptII/ptolemy/actor/lib/test/auto/DiscreteClock8.xml
1 ms. Memory: 1362944K Free: 1117399K (82%)
----------------- Invoking toplevel() on ptolemy.moml.MoMLSimpleApplication@257badc5
----------------- Done invoking toplevel() on ptolemy.moml.MoMLSimpleApplication@257badc5
reloadAllAccessors: .DiscreteClock8

===========================================================================================
----------------- testing Fri Jun 15 17:29:00 UTC 2018 /home/travis/build/icyphy/ptII/ptolemy/actor/lib/test/auto/DiscreteClock9.xml
----------------- Instantiating /home/travis/build/icyphy/ptII/ptolemy/actor/lib/test/auto/DiscreteClock9.xml
1 ms. Memory: 1362944K Free: 1104953K (81%)
----------------- Invoking toplevel() on ptolemy.moml.MoMLSimpleApplication@66b663df
----------------- Done invoking toplevel() on ptolemy.moml.MoMLSimpleApplication@66b663df
reloadAllAccessors: .DiscreteClock9

===========================================================================================
----------------- testing Fri Jun 15 17:29:00 UTC 2018 /home/travis/build/icyphy/ptII/ptolemy/actor/lib/test/auto/DisplayArray.xml
----------------- Instantiating /home/travis/build/icyphy/ptII/ptolemy/actor/lib/test/auto/DisplayArray.xml
1 ms. Memory: 1362944K Free: 1092506K (80%)
----------------- Invoking toplevel() on ptolemy.moml.MoMLSimpleApplication@60eec320
----------------- Done invoking toplevel() on ptolemy.moml.MoMLSimpleApplication@60eec320
reloadAllAccessors: .DisplayArray

===========================================================================================
----------------- testing Fri Jun 15 17:29:00 UTC 2018 /home/travis/build/icyphy/ptII/ptolemy/actor/lib/test/auto/Distributor.xml
----------------- Instantiating /home/travis/build/icyphy/ptII/ptolemy/actor/lib/test/auto/Distributor.xml
1 ms. Memory: 1362944K Free: 1080059K (79%)
----------------- Invoking toplevel() on ptolemy.moml.MoMLSimpleApplication@48b121be
----------------- Done invoking toplevel() on ptolemy.moml.MoMLSimpleApplication@48b121be
reloadAllAccessors: .Distributor

===========================================================================================
----------------- testing Fri Jun 15 17:29:00 UTC 2018 /home/travis/build/icyphy/ptII/ptolemy/actor/lib/test/auto/Distributor2.xml
----------------- Instantiating /home/travis/build/icyphy/ptII/ptolemy/actor/lib/test/auto/Distributor2.xml
1 ms. Memory: 1362944K Free: 1058292K (78%)
----------------- Invoking toplevel() on ptolemy.moml.MoMLSimpleApplication@1a512a53
----------------- Done invoking toplevel() on ptolemy.moml.MoMLSimpleApplication@1a512a53
reloadAllAccessors: .Distributor2

===========================================================================================
----------------- testing Fri Jun 15 17:29:00 UTC 2018 /home/travis/build/icyphy/ptII/ptolemy/actor/lib/test/auto/DownSample.xml
----------------- Instantiating /home/travis/build/icyphy/ptII/ptolemy/actor/lib/test/auto/DownSample.xml
1 ms. Memory: 1362944K Free: 1045846K (77%)
----------------- Invoking toplevel() on ptolemy.moml.MoMLSimpleApplication@67b2e466
----------------- Done invoking toplevel() on ptolemy.moml.MoMLSimpleApplication@67b2e466
reloadAllAccessors: .DownSample

===========================================================================================
----------------- testing Fri Jun 15 17:29:00 UTC 2018 /home/travis/build/icyphy/ptII/ptolemy/actor/lib/test/auto/ElectronicUnitBase1.xml
----------------- Instantiating /home/travis/build/icyphy/ptII/ptolemy/actor/lib/test/auto/ElectronicUnitBase1.xml
20 ms. Memory: 1362944K Free: 1020944K (75%)
----------------- Invoking toplevel() on ptolemy.moml.MoMLSimpleApplication@212ee9b
----------------- Done invoking toplevel() on ptolemy.moml.MoMLSimpleApplication@212ee9b
reloadAllAccessors: .ElectronicUnitBase1

===========================================================================================
----------------- testing Fri Jun 15 17:29:00 UTC 2018 /home/travis/build/icyphy/ptII/ptolemy/actor/lib/test/auto/ElementsToArray.xml
----------------- Instantiating /home/travis/build/icyphy/ptII/ptolemy/actor/lib/test/auto/ElementsToArray.xml
3 ms. Memory: 1362944K Free: 1008497K (74%)
----------------- Invoking toplevel() on ptolemy.moml.MoMLSimpleApplication@561d8c88
----------------- Done invoking toplevel() on ptolemy.moml.MoMLSimpleApplication@561d8c88
reloadAllAccessors: .ElementsToArray

===========================================================================================
----------------- testing Fri Jun 15 17:29:00 UTC 2018 /home/travis/build/icyphy/ptII/ptolemy/actor/lib/test/auto/Equals.xml
----------------- Instantiating /home/travis/build/icyphy/ptII/ptolemy/actor/lib/test/auto/Equals.xml
3 ms. Memory: 1362944K Free: 986730K (72%)
----------------- Invoking toplevel() on ptolemy.moml.MoMLSimpleApplication@6909c079
----------------- Done invoking toplevel() on ptolemy.moml.MoMLSimpleApplication@6909c079
reloadAllAccessors: .Equals

===========================================================================================
----------------- testing Fri Jun 15 17:29:00 UTC 2018 /home/travis/build/icyphy/ptII/ptolemy/actor/lib/test/auto/Exec.xml
----------------- Instantiating /home/travis/build/icyphy/ptII/ptolemy/actor/lib/test/auto/Exec.xml
11 ms. Memory: 1362944K Free: 961837K (71%)
----------------- Invoking toplevel() on ptolemy.moml.MoMLSimpleApplication@845ba6c
----------------- Done invoking toplevel() on ptolemy.moml.MoMLSimpleApplication@845ba6c
reloadAllAccessors: .Exec

===========================================================================================
----------------- testing Fri Jun 15 17:29:00 UTC 2018 /home/travis/build/icyphy/ptII/ptolemy/actor/lib/test/auto/ExecEnvironment.xml
----------------- Instantiating /home/travis/build/icyphy/ptII/ptolemy/actor/lib/test/auto/ExecEnvironment.xml
22 ms. Memory: 1362944K Free: 949390K (70%)
----------------- Invoking toplevel() on ptolemy.moml.MoMLSimpleApplication@2071299b
----------------- Done invoking toplevel() on ptolemy.moml.MoMLSimpleApplication@2071299b
reloadAllAccessors: .ExecEnvironment

===========================================================================================
----------------- testing Fri Jun 15 17:29:00 UTC 2018 /home/travis/build/icyphy/ptII/ptolemy/actor/lib/test/auto/ExecNonZeroReturnOutput.xml
----------------- Instantiating /home/travis/build/icyphy/ptII/ptolemy/actor/lib/test/auto/ExecNonZeroReturnOutput.xml
114 ms. Memory: 1362944K Free: 856039K (63%)
----------------- Invoking toplevel() on ptolemy.moml.MoMLSimpleApplication@9558333
----------------- Done invoking toplevel() on ptolemy.moml.MoMLSimpleApplication@9558333
reloadAllAccessors: .ExecNonZeroReturnOutput

===========================================================================================
----------------- testing Fri Jun 15 17:29:01 UTC 2018 /home/travis/build/icyphy/ptII/ptolemy/actor/lib/test/auto/ExecRunDemos.xml
----------------- Instantiating /home/travis/build/icyphy/ptII/ptolemy/actor/lib/test/auto/ExecRunDemos.xml
Finished: 36 ms. Memory: 116224K Free: 100135K (86%)

Finished: 28 ms. Memory: 116224K Free: 96341K (83%)

Finished: 39 ms. Memory: 116224K Free: 96933K (83%)

Finished: 61 ms. Memory: 116224K Free: 98268K (85%)

Finished: 35 ms. Memory: 116224K Free: 100079K (86%)

8936 ms. Memory: 1362944K Free: 759568K (56%)
----------------- Invoking toplevel() on ptolemy.moml.MoMLSimpleApplication@70754c5c
----------------- Done invoking toplevel() on ptolemy.moml.MoMLSimpleApplication@70754c5c
reloadAllAccessors: .ExecRunDemos

===========================================================================================
----------------- testing Fri Jun 15 17:29:10 UTC 2018 /home/travis/build/icyphy/ptII/ptolemy/actor/lib/test/auto/ExecStop.xml
----------------- Instantiating /home/travis/build/icyphy/ptII/ptolemy/actor/lib/test/auto/ExecStop.xml
5010 ms. Memory: 1362944K Free: 535526K (39%)
----------------- Invoking toplevel() on ptolemy.moml.MoMLSimpleApplication@34fe3636
----------------- Done invoking toplevel() on ptolemy.moml.MoMLSimpleApplication@34fe3636
reloadAllAccessors: .ExecStop

===========================================================================================
----------------- testing Fri Jun 15 17:29:15 UTC 2018 /home/travis/build/icyphy/ptII/ptolemy/actor/lib/test/auto/ExecutionTimeSDF.xml
----------------- Instantiating /home/travis/build/icyphy/ptII/ptolemy/actor/lib/test/auto/ExecutionTimeSDF.xml
Fired ExecutionTime: -1127367296
Fired ExecutionTime: 991600000
Fired ExecutionTime: -1959367296
6004 ms. Memory: 1362944K Free: 516840K (38%)
----------------- Invoking toplevel() on ptolemy.moml.MoMLSimpleApplication@5bbbda7a
----------------- Done invoking toplevel() on ptolemy.moml.MoMLSimpleApplication@5bbbda7a
reloadAllAccessors: .ExecutionTimeSDF

===========================================================================================
----------------- testing Fri Jun 15 17:29:21 UTC 2018 /home/travis/build/icyphy/ptII/ptolemy/actor/lib/test/auto/Expression1.xml
----------------- Instantiating /home/travis/build/icyphy/ptII/ptolemy/actor/lib/test/auto/Expression1.xml
2 ms. Memory: 1362944K Free: 504393K (37%)
----------------- Invoking toplevel() on ptolemy.moml.MoMLSimpleApplication@4851fd67
----------------- Done invoking toplevel() on ptolemy.moml.MoMLSimpleApplication@4851fd67
reloadAllAccessors: .Expression1

===========================================================================================
----------------- testing Fri Jun 15 17:29:21 UTC 2018 /home/travis/build/icyphy/ptII/ptolemy/actor/lib/test/auto/Expression10.xml
----------------- Instantiating /home/travis/build/icyphy/ptII/ptolemy/actor/lib/test/auto/Expression10.xml
4 ms. Memory: 1362944K Free: 482626K (35%)
----------------- Invoking toplevel() on ptolemy.moml.MoMLSimpleApplication@7a02b5d3
----------------- Done invoking toplevel() on ptolemy.moml.MoMLSimpleApplication@7a02b5d3
reloadAllAccessors: .Expression10

===========================================================================================
----------------- testing Fri Jun 15 17:29:21 UTC 2018 /home/travis/build/icyphy/ptII/ptolemy/actor/lib/test/auto/Expression11.xml
----------------- Instantiating /home/travis/build/icyphy/ptII/ptolemy/actor/lib/test/auto/Expression11.xml
2 ms. Memory: 1362944K Free: 470180K (34%)
----------------- Invoking toplevel() on ptolemy.moml.MoMLSimpleApplication@33c8e9ac
----------------- Done invoking toplevel() on ptolemy.moml.MoMLSimpleApplication@33c8e9ac
reloadAllAccessors: .Expression11

===========================================================================================
----------------- testing Fri Jun 15 17:29:21 UTC 2018 /home/travis/build/icyphy/ptII/ptolemy/actor/lib/test/auto/Expression12.xml
----------------- Instantiating /home/travis/build/icyphy/ptII/ptolemy/actor/lib/test/auto/Expression12.xml
2 ms. Memory: 1362944K Free: 457733K (34%)
----------------- Invoking toplevel() on ptolemy.moml.MoMLSimpleApplication@53d926bf
----------------- Done invoking toplevel() on ptolemy.moml.MoMLSimpleApplication@53d926bf
reloadAllAccessors: .Expression12

===========================================================================================
----------------- testing Fri Jun 15 17:29:21 UTC 2018 /home/travis/build/icyphy/ptII/ptolemy/actor/lib/test/auto/Expression13.xml
----------------- Instantiating /home/travis/build/icyphy/ptII/ptolemy/actor/lib/test/auto/Expression13.xml
4 ms. Memory: 1362944K Free: 445286K (33%)
----------------- Invoking toplevel() on ptolemy.moml.MoMLSimpleApplication@623727d9
----------------- Done invoking toplevel() on ptolemy.moml.MoMLSimpleApplication@623727d9
reloadAllAccessors: .Expression13

===========================================================================================
----------------- testing Fri Jun 15 17:29:21 UTC 2018 /home/travis/build/icyphy/ptII/ptolemy/actor/lib/test/auto/Expression14.xml
----------------- Instantiating /home/travis/build/icyphy/ptII/ptolemy/actor/lib/test/auto/Expression14.xml
7 ms. Memory: 1362944K Free: 432839K (32%)
----------------- Invoking toplevel() on ptolemy.moml.MoMLSimpleApplication@7db0e10f
----------------- Done invoking toplevel() on ptolemy.moml.MoMLSimpleApplication@7db0e10f
reloadAllAccessors: .Expression14

===========================================================================================
----------------- testing Fri Jun 15 17:29:21 UTC 2018 /home/travis/build/icyphy/ptII/ptolemy/actor/lib/test/auto/Expression15.xml
----------------- Instantiating /home/travis/build/icyphy/ptII/ptolemy/actor/lib/test/auto/Expression15.xml
3 ms. Memory: 1362944K Free: 411072K (30%)
----------------- Invoking toplevel() on ptolemy.moml.MoMLSimpleApplication@60330c2
----------------- Done invoking toplevel() on ptolemy.moml.MoMLSimpleApplication@60330c2
reloadAllAccessors: .Expression15

===========================================================================================
----------------- testing Fri Jun 15 17:29:21 UTC 2018 /home/travis/build/icyphy/ptII/ptolemy/actor/lib/test/auto/Expression16.xml
----------------- Instantiating /home/travis/build/icyphy/ptII/ptolemy/actor/lib/test/auto/Expression16.xml
2 ms. Memory: 1362944K Free: 398626K (29%)
----------------- Invoking toplevel() on ptolemy.moml.MoMLSimpleApplication@5aa3851b
----------------- Done invoking toplevel() on ptolemy.moml.MoMLSimpleApplication@5aa3851b
reloadAllAccessors: .Expression16

===========================================================================================
----------------- testing Fri Jun 15 17:29:21 UTC 2018 /home/travis/build/icyphy/ptII/ptolemy/actor/lib/test/auto/Expression17.xml
----------------- Instantiating /home/travis/build/icyphy/ptII/ptolemy/actor/lib/test/auto/Expression17.xml
2 ms. Memory: 1362944K Free: 386179K (28%)
----------------- Invoking toplevel() on ptolemy.moml.MoMLSimpleApplication@48e56c94
----------------- Done invoking toplevel() on ptolemy.moml.MoMLSimpleApplication@48e56c94
reloadAllAccessors: .Expression17

===========================================================================================
----------------- testing Fri Jun 15 17:29:21 UTC 2018 /home/travis/build/icyphy/ptII/ptolemy/actor/lib/test/auto/Expression18.xml
----------------- Instantiating /home/travis/build/icyphy/ptII/ptolemy/actor/lib/test/auto/Expression18.xml
2 ms. Memory: 1362944K Free: 373732K (27%)
----------------- Invoking toplevel() on ptolemy.moml.MoMLSimpleApplication@17ab92f6
----------------- Done invoking toplevel() on ptolemy.moml.MoMLSimpleApplication@17ab92f6
reloadAllAccessors: .Expression18

===========================================================================================
----------------- testing Fri Jun 15 17:29:21 UTC 2018 /home/travis/build/icyphy/ptII/ptolemy/actor/lib/test/auto/Expression2.xml
----------------- Instantiating /home/travis/build/icyphy/ptII/ptolemy/actor/lib/test/auto/Expression2.xml
4 ms. Memory: 1362944K Free: 351965K (26%)
----------------- Invoking toplevel() on ptolemy.moml.MoMLSimpleApplication@599e0be4
----------------- Done invoking toplevel() on ptolemy.moml.MoMLSimpleApplication@599e0be4
reloadAllAccessors: .Expression2

===========================================================================================
----------------- testing Fri Jun 15 17:29:21 UTC 2018 /home/travis/build/icyphy/ptII/ptolemy/actor/lib/test/auto/Expression3.xml
----------------- Instantiating /home/travis/build/icyphy/ptII/ptolemy/actor/lib/test/auto/Expression3.xml
3 ms. Memory: 1362944K Free: 339518K (25%)
----------------- Invoking toplevel() on ptolemy.moml.MoMLSimpleApplication@356c8904
----------------- Done invoking toplevel() on ptolemy.moml.MoMLSimpleApplication@356c8904
reloadAllAccessors: .Expression3

===========================================================================================
----------------- testing Fri Jun 15 17:29:21 UTC 2018 /home/travis/build/icyphy/ptII/ptolemy/actor/lib/test/auto/Expression4.xml
----------------- Instantiating /home/travis/build/icyphy/ptII/ptolemy/actor/lib/test/auto/Expression4.xml
3 ms. Memory: 1362944K Free: 327071K (24%)
----------------- Invoking toplevel() on ptolemy.moml.MoMLSimpleApplication@3ff84a0b
----------------- Done invoking toplevel() on ptolemy.moml.MoMLSimpleApplication@3ff84a0b
reloadAllAccessors: .Expression4

===========================================================================================
----------------- testing Fri Jun 15 17:29:21 UTC 2018 /home/travis/build/icyphy/ptII/ptolemy/actor/lib/test/auto/Expression5.xml
----------------- Instantiating /home/travis/build/icyphy/ptII/ptolemy/actor/lib/test/auto/Expression5.xml
3 ms. Memory: 1362944K Free: 314625K (23%)
----------------- Invoking toplevel() on ptolemy.moml.MoMLSimpleApplication@4735ea4a
----------------- Done invoking toplevel() on ptolemy.moml.MoMLSimpleApplication@4735ea4a
reloadAllAccessors: .Expression5

===========================================================================================
----------------- testing Fri Jun 15 17:29:21 UTC 2018 /home/travis/build/icyphy/ptII/ptolemy/actor/lib/test/auto/Expression6.xml
----------------- Instantiating /home/travis/build/icyphy/ptII/ptolemy/actor/lib/test/auto/Expression6.xml
2 ms. Memory: 1362944K Free: 292858K (21%)
----------------- Invoking toplevel() on ptolemy.moml.MoMLSimpleApplication@71d6ef5b
----------------- Done invoking toplevel() on ptolemy.moml.MoMLSimpleApplication@71d6ef5b
reloadAllAccessors: .Expression6

===========================================================================================
----------------- testing Fri Jun 15 17:29:21 UTC 2018 /home/travis/build/icyphy/ptII/ptolemy/actor/lib/test/auto/Expression7.xml
----------------- Instantiating /home/travis/build/icyphy/ptII/ptolemy/actor/lib/test/auto/Expression7.xml
4 ms. Memory: 1362944K Free: 280411K (21%)
----------------- Invoking toplevel() on ptolemy.moml.MoMLSimpleApplication@657675ea
----------------- Done invoking toplevel() on ptolemy.moml.MoMLSimpleApplication@657675ea
reloadAllAccessors: .Expression7

===========================================================================================
----------------- testing Fri Jun 15 17:29:21 UTC 2018 /home/travis/build/icyphy/ptII/ptolemy/actor/lib/test/auto/Expression8.xml
----------------- Instantiating /home/travis/build/icyphy/ptII/ptolemy/actor/lib/test/auto/Expression8.xml
4 ms. Memory: 1362944K Free: 267964K (20%)
----------------- Invoking toplevel() on ptolemy.moml.MoMLSimpleApplication@78229d8f
----------------- Done invoking toplevel() on ptolemy.moml.MoMLSimpleApplication@78229d8f
reloadAllAccessors: .Expression8

===========================================================================================
----------------- testing Fri Jun 15 17:29:21 UTC 2018 /home/travis/build/icyphy/ptII/ptolemy/actor/lib/test/auto/Expression9.xml
----------------- Instantiating /home/travis/build/icyphy/ptII/ptolemy/actor/lib/test/auto/Expression9.xml
2 ms. Memory: 1362944K Free: 255518K (19%)
----------------- Invoking toplevel() on ptolemy.moml.MoMLSimpleApplication@3882bedb
----------------- Done invoking toplevel() on ptolemy.moml.MoMLSimpleApplication@3882bedb
reloadAllAccessors: .Expression9

===========================================================================================
----------------- testing Fri Jun 15 17:29:21 UTC 2018 /home/travis/build/icyphy/ptII/ptolemy/actor/lib/test/auto/ExpressionConcatenateArrayType.xml
----------------- Instantiating /home/travis/build/icyphy/ptII/ptolemy/actor/lib/test/auto/ExpressionConcatenateArrayType.xml
2 ms. Memory: 1362944K Free: 233751K (17%)
----------------- Invoking toplevel() on ptolemy.moml.MoMLSimpleApplication@39f0c4c2
----------------- Done invoking toplevel() on ptolemy.moml.MoMLSimpleApplication@39f0c4c2
reloadAllAccessors: .ExpressionConcatenateArrayType

===========================================================================================
----------------- testing Fri Jun 15 17:29:21 UTC 2018 /home/travis/build/icyphy/ptII/ptolemy/actor/lib/test/auto/ExpressionConcatenateArrayType2.xml
----------------- Instantiating /home/travis/build/icyphy/ptII/ptolemy/actor/lib/test/auto/ExpressionConcatenateArrayType2.xml
2 ms. Memory: 1362944K Free: 221304K (16%)
----------------- Invoking toplevel() on ptolemy.moml.MoMLSimpleApplication@2706daea
----------------- Done invoking toplevel() on ptolemy.moml.MoMLSimpleApplication@2706daea
reloadAllAccessors: .ExpressionConcatenateArrayType2

===========================================================================================
----------------- testing Fri Jun 15 17:29:21 UTC 2018 /home/travis/build/icyphy/ptII/ptolemy/actor/lib/test/auto/ExpressionFix.xml
----------------- Instantiating /home/travis/build/icyphy/ptII/ptolemy/actor/lib/test/auto/ExpressionFix.xml
8 ms. Memory: 1362944K Free: 208857K (15%)
----------------- Invoking toplevel() on ptolemy.moml.MoMLSimpleApplication@1e9d351a
----------------- Done invoking toplevel() on ptolemy.moml.MoMLSimpleApplication@1e9d351a
reloadAllAccessors: .ExpressionFix

===========================================================================================
----------------- testing Fri Jun 15 17:29:21 UTC 2018 /home/travis/build/icyphy/ptII/ptolemy/actor/lib/test/auto/ExpressionFix2.xml
----------------- Instantiating /home/travis/build/icyphy/ptII/ptolemy/actor/lib/test/auto/ExpressionFix2.xml
2 ms. Memory: 1362944K Free: 196410K (14%)
----------------- Invoking toplevel() on ptolemy.moml.MoMLSimpleApplication@4e8ddd25
----------------- Done invoking toplevel() on ptolemy.moml.MoMLSimpleApplication@4e8ddd25
reloadAllAccessors: .ExpressionFix2

===========================================================================================
----------------- testing Fri Jun 15 17:29:21 UTC 2018 /home/travis/build/icyphy/ptII/ptolemy/actor/lib/test/auto/ExpressionFix3.xml
----------------- Instantiating /home/travis/build/icyphy/ptII/ptolemy/actor/lib/test/auto/ExpressionFix3.xml
2 ms. Memory: 1362944K Free: 174643K (13%)
----------------- Invoking toplevel() on ptolemy.moml.MoMLSimpleApplication@6444d92f
----------------- Done invoking toplevel() on ptolemy.moml.MoMLSimpleApplication@6444d92f
reloadAllAccessors: .ExpressionFix3

===========================================================================================
----------------- testing Fri Jun 15 17:29:21 UTC 2018 /home/travis/build/icyphy/ptII/ptolemy/actor/lib/test/auto/FileWriter1.xml
----------------- Instantiating /home/travis/build/icyphy/ptII/ptolemy/actor/lib/test/auto/FileWriter1.xml
2 ms. Memory: 1362944K Free: 162197K (12%)
----------------- Invoking toplevel() on ptolemy.moml.MoMLSimpleApplication@70c81f86
----------------- Done invoking toplevel() on ptolemy.moml.MoMLSimpleApplication@70c81f86
reloadAllAccessors: .FileWriter1

===========================================================================================
----------------- testing Fri Jun 15 17:29:21 UTC 2018 /home/travis/build/icyphy/ptII/ptolemy/actor/lib/test/auto/FileWriter2.xml
----------------- Instantiating /home/travis/build/icyphy/ptII/ptolemy/actor/lib/test/auto/FileWriter2.xml
3 ms. Memory: 1362944K Free: 149750K (11%)
----------------- Invoking toplevel() on ptolemy.moml.MoMLSimpleApplication@f680ff6
----------------- Done invoking toplevel() on ptolemy.moml.MoMLSimpleApplication@f680ff6
reloadAllAccessors: .FileWriter2

===========================================================================================
----------------- testing Fri Jun 15 17:29:21 UTC 2018 /home/travis/build/icyphy/ptII/ptolemy/actor/lib/test/auto/FileWriter3.xml
----------------- Instantiating /home/travis/build/icyphy/ptII/ptolemy/actor/lib/test/auto/FileWriter3.xml
6 ms. Memory: 1362944K Free: 137303K (10%)
----------------- Invoking toplevel() on ptolemy.moml.MoMLSimpleApplication@607f6407
----------------- Done invoking toplevel() on ptolemy.moml.MoMLSimpleApplication@607f6407
reloadAllAccessors: .FileWriter3

===========================================================================================
----------------- testing Fri Jun 15 17:29:21 UTC 2018 /home/travis/build/icyphy/ptII/ptolemy/actor/lib/test/auto/Gaussian.xml
----------------- Instantiating /home/travis/build/icyphy/ptII/ptolemy/actor/lib/test/auto/Gaussian.xml
1 ms. Memory: 1362944K Free: 115536K (8%)
----------------- Invoking toplevel() on ptolemy.moml.MoMLSimpleApplication@49898375
----------------- Done invoking toplevel() on ptolemy.moml.MoMLSimpleApplication@49898375
reloadAllAccessors: .Gaussian

===========================================================================================
----------------- testing Fri Jun 15 17:29:21 UTC 2018 /home/travis/build/icyphy/ptII/ptolemy/actor/lib/test/auto/Gaussian1.xml
----------------- Instantiating /home/travis/build/icyphy/ptII/ptolemy/actor/lib/test/auto/Gaussian1.xml
2 ms. Memory: 1362944K Free: 103089K (8%)
----------------- Invoking toplevel() on ptolemy.moml.MoMLSimpleApplication@24ca6586
----------------- Done invoking toplevel() on ptolemy.moml.MoMLSimpleApplication@24ca6586
reloadAllAccessors: .Gaussian1

===========================================================================================
----------------- testing Fri Jun 15 17:29:21 UTC 2018 /home/travis/build/icyphy/ptII/ptolemy/actor/lib/test/auto/Gaussian2.xml
----------------- Instantiating /home/travis/build/icyphy/ptII/ptolemy/actor/lib/test/auto/Gaussian2.xml
2 ms. Memory: 1362944K Free: 90643K (7%)
----------------- Invoking toplevel() on ptolemy.moml.MoMLSimpleApplication@120d7c1a
----------------- Done invoking toplevel() on ptolemy.moml.MoMLSimpleApplication@120d7c1a
reloadAllAccessors: .Gaussian2

===========================================================================================
----------------- testing Fri Jun 15 17:29:21 UTC 2018 /home/travis/build/icyphy/ptII/ptolemy/actor/lib/test/auto/GradientAdaptiveLattice.xml
----------------- Instantiating /home/travis/build/icyphy/ptII/ptolemy/actor/lib/test/auto/GradientAdaptiveLattice.xml
3 ms. Memory: 1362944K Free: 80246K (6%)
----------------- Invoking toplevel() on ptolemy.moml.MoMLSimpleApplication@6bd3565e
----------------- Done invoking toplevel() on ptolemy.moml.MoMLSimpleApplication@6bd3565e
reloadAllAccessors: .GradientAdaptiveLattice

===========================================================================================
----------------- testing Fri Jun 15 17:29:21 UTC 2018 /home/travis/build/icyphy/ptII/ptolemy/actor/lib/test/auto/IIR.xml
----------------- Instantiating /home/travis/build/icyphy/ptII/ptolemy/actor/lib/test/auto/IIR.xml
2 ms. Memory: 1362944K Free: 1304644K (96%)
----------------- Invoking toplevel() on ptolemy.moml.MoMLSimpleApplication@71a0dfda
----------------- Done invoking toplevel() on ptolemy.moml.MoMLSimpleApplication@71a0dfda
reloadAllAccessors: .IIR

===========================================================================================
----------------- testing Fri Jun 15 17:29:21 UTC 2018 /home/travis/build/icyphy/ptII/ptolemy/actor/lib/test/auto/InputOutputTransparentPorts.xml
----------------- Instantiating /home/travis/build/icyphy/ptII/ptolemy/actor/lib/test/auto/InputOutputTransparentPorts.xml
1 ms. Memory: 1362944K Free: 1292197K (95%)
----------------- Invoking toplevel() on ptolemy.moml.MoMLSimpleApplication@1d7526de
----------------- Done invoking toplevel() on ptolemy.moml.MoMLSimpleApplication@1d7526de
reloadAllAccessors: .InputOutputTransparentPorts

===========================================================================================
----------------- testing Fri Jun 15 17:29:21 UTC 2018 /home/travis/build/icyphy/ptII/ptolemy/actor/lib/test/auto/Interpolator.xml
----------------- Instantiating /home/travis/build/icyphy/ptII/ptolemy/actor/lib/test/auto/Interpolator.xml
3 ms. Memory: 1362944K Free: 1279750K (94%)
----------------- Invoking toplevel() on ptolemy.moml.MoMLSimpleApplication@8f35a71
----------------- Done invoking toplevel() on ptolemy.moml.MoMLSimpleApplication@8f35a71
reloadAllAccessors: .Interpolator

===========================================================================================
----------------- testing Fri Jun 15 17:29:21 UTC 2018 /home/travis/build/icyphy/ptII/ptolemy/actor/lib/test/auto/InterpolatorFiringLimitDE.xml
----------------- Instantiating /home/travis/build/icyphy/ptII/ptolemy/actor/lib/test/auto/InterpolatorFiringLimitDE.xml
1 ms. Memory: 1362944K Free: 1260332K (92%)
----------------- Invoking toplevel() on ptolemy.moml.MoMLSimpleApplication@292f5db9
----------------- Done invoking toplevel() on ptolemy.moml.MoMLSimpleApplication@292f5db9
reloadAllAccessors: .InterpolatorFiringLimitDE

===========================================================================================
----------------- testing Fri Jun 15 17:29:21 UTC 2018 /home/travis/build/icyphy/ptII/ptolemy/actor/lib/test/auto/Lattice.xml
----------------- Instantiating /home/travis/build/icyphy/ptII/ptolemy/actor/lib/test/auto/Lattice.xml
1 ms. Memory: 1362944K Free: 1247885K (92%)
----------------- Invoking toplevel() on ptolemy.moml.MoMLSimpleApplication@290cea8a
----------------- Done invoking toplevel() on ptolemy.moml.MoMLSimpleApplication@290cea8a
reloadAllAccessors: .Lattice

===========================================================================================
----------------- testing Fri Jun 15 17:29:21 UTC 2018 /home/travis/build/icyphy/ptII/ptolemy/actor/lib/test/auto/LazyAOCTestLazy.xml
----------------- Instantiating /home/travis/build/icyphy/ptII/ptolemy/actor/lib/test/auto/LazyAOCTestLazy.xml
16 ms. Memory: 1362944K Free: 1235438K (91%)
----------------- Invoking toplevel() on ptolemy.moml.MoMLSimpleApplication@424a13bf
----------------- Done invoking toplevel() on ptolemy.moml.MoMLSimpleApplication@424a13bf
reloadAllAccessors: .LazyAOCTestLazy

===========================================================================================
----------------- testing Fri Jun 15 17:29:21 UTC 2018 /home/travis/build/icyphy/ptII/ptolemy/actor/lib/test/auto/LazyAOCTestNonLazy.xml
----------------- Instantiating /home/travis/build/icyphy/ptII/ptolemy/actor/lib/test/auto/LazyAOCTestNonLazy.xml
10 ms. Memory: 1362944K Free: 1216020K (89%)
----------------- Invoking toplevel() on ptolemy.moml.MoMLSimpleApplication@1dfa7dc9
----------------- Done invoking toplevel() on ptolemy.moml.MoMLSimpleApplication@1dfa7dc9
reloadAllAccessors: .LazyAOCTestNonLazy

===========================================================================================
----------------- testing Fri Jun 15 17:29:21 UTC 2018 /home/travis/build/icyphy/ptII/ptolemy/actor/lib/test/auto/LazyInnerClass.xml
----------------- Instantiating /home/travis/build/icyphy/ptII/ptolemy/actor/lib/test/auto/LazyInnerClass.xml
16 ms. Memory: 1362944K Free: 1203573K (88%)
----------------- Invoking toplevel() on ptolemy.moml.MoMLSimpleApplication@571da0d7
----------------- Done invoking toplevel() on ptolemy.moml.MoMLSimpleApplication@571da0d7
reloadAllAccessors: .LazyInnerClass

===========================================================================================
----------------- testing Fri Jun 15 17:29:21 UTC 2018 /home/travis/build/icyphy/ptII/ptolemy/actor/lib/test/auto/LazyPubSub.xml
----------------- Instantiating /home/travis/build/icyphy/ptII/ptolemy/actor/lib/test/auto/LazyPubSub.xml
16 ms. Memory: 1362944K Free: 1191126K (87%)
----------------- Invoking toplevel() on ptolemy.moml.MoMLSimpleApplication@2b75b44a
----------------- Done invoking toplevel() on ptolemy.moml.MoMLSimpleApplication@2b75b44a
reloadAllAccessors: .LazyPubSub

===========================================================================================
----------------- testing Fri Jun 15 17:29:21 UTC 2018 /home/travis/build/icyphy/ptII/ptolemy/actor/lib/test/auto/LazyPubSub2.xml
----------------- Instantiating /home/travis/build/icyphy/ptII/ptolemy/actor/lib/test/auto/LazyPubSub2.xml
11 ms. Memory: 1362944K Free: 1171599K (86%)
----------------- Invoking toplevel() on ptolemy.moml.MoMLSimpleApplication@1a79bb97
----------------- Done invoking toplevel() on ptolemy.moml.MoMLSimpleApplication@1a79bb97
reloadAllAccessors: .LazyPubSub2

===========================================================================================
----------------- testing Fri Jun 15 17:29:21 UTC 2018 /home/travis/build/icyphy/ptII/ptolemy/actor/lib/test/auto/LazyPubSub3.xml
----------------- Instantiating /home/travis/build/icyphy/ptII/ptolemy/actor/lib/test/auto/LazyPubSub3.xml
14 ms. Memory: 1362944K Free: 1159152K (85%)
----------------- Invoking toplevel() on ptolemy.moml.MoMLSimpleApplication@254c96eb
----------------- Done invoking toplevel() on ptolemy.moml.MoMLSimpleApplication@254c96eb
reloadAllAccessors: .LazyPubSub3

===========================================================================================
----------------- testing Fri Jun 15 17:29:21 UTC 2018 /home/travis/build/icyphy/ptII/ptolemy/actor/lib/test/auto/LazySubClassModel.xml
----------------- Instantiating /home/travis/build/icyphy/ptII/ptolemy/actor/lib/test/auto/LazySubClassModel.xml
3 ms. Memory: 1362944K Free: 1140466K (84%)
----------------- Invoking toplevel() on ptolemy.moml.MoMLSimpleApplication@369d10ba
----------------- Done invoking toplevel() on ptolemy.moml.MoMLSimpleApplication@369d10ba
reloadAllAccessors: .LazySubClassModel

===========================================================================================
----------------- testing Fri Jun 15 17:29:22 UTC 2018 /home/travis/build/icyphy/ptII/ptolemy/actor/lib/test/auto/LevelCrossTest1.xml
----------------- Instantiating /home/travis/build/icyphy/ptII/ptolemy/actor/lib/test/auto/LevelCrossTest1.xml
3 ms. Memory: 1362944K Free: 1121048K (82%)
----------------- Invoking toplevel() on ptolemy.moml.MoMLSimpleApplication@22800e99
----------------- Done invoking toplevel() on ptolemy.moml.MoMLSimpleApplication@22800e99
reloadAllAccessors: .broken

===========================================================================================
----------------- testing Fri Jun 15 17:29:22 UTC 2018 /home/travis/build/icyphy/ptII/ptolemy/actor/lib/test/auto/LevelCrossTest10.xml
----------------- Instantiating /home/travis/build/icyphy/ptII/ptolemy/actor/lib/test/auto/LevelCrossTest10.xml
1 ms. Memory: 1362944K Free: 1108601K (81%)
----------------- Invoking toplevel() on ptolemy.moml.MoMLSimpleApplication@6edd124c
----------------- Done invoking toplevel() on ptolemy.moml.MoMLSimpleApplication@6edd124c
reloadAllAccessors: .LevelCrossTest10

===========================================================================================
----------------- testing Fri Jun 15 17:29:22 UTC 2018 /home/travis/build/icyphy/ptII/ptolemy/actor/lib/test/auto/LevelCrossTest11.xml
----------------- Instantiating /home/travis/build/icyphy/ptII/ptolemy/actor/lib/test/auto/LevelCrossTest11.xml
1 ms. Memory: 1362944K Free: 1096154K (80%)
----------------- Invoking toplevel() on ptolemy.moml.MoMLSimpleApplication@28f9adad
----------------- Done invoking toplevel() on ptolemy.moml.MoMLSimpleApplication@28f9adad
reloadAllAccessors: .LevelCrossTest11

===========================================================================================
----------------- testing Fri Jun 15 17:29:22 UTC 2018 /home/travis/build/icyphy/ptII/ptolemy/actor/lib/test/auto/LevelCrossTest12.xml
----------------- Instantiating /home/travis/build/icyphy/ptII/ptolemy/actor/lib/test/auto/LevelCrossTest12.xml
1 ms. Memory: 1362944K Free: 1076736K (79%)
----------------- Invoking toplevel() on ptolemy.moml.MoMLSimpleApplication@668ca6b3
----------------- Done invoking toplevel() on ptolemy.moml.MoMLSimpleApplication@668ca6b3
reloadAllAccessors: .LevelCrossTest12

===========================================================================================
----------------- testing Fri Jun 15 17:29:22 UTC 2018 /home/travis/build/icyphy/ptII/ptolemy/actor/lib/test/auto/LevelCrossTest13.xml
----------------- Instantiating /home/travis/build/icyphy/ptII/ptolemy/actor/lib/test/auto/LevelCrossTest13.xml
1 ms. Memory: 1362944K Free: 1064289K (78%)
----------------- Invoking toplevel() on ptolemy.moml.MoMLSimpleApplication@dd09d0a
----------------- Done invoking toplevel() on ptolemy.moml.MoMLSimpleApplication@dd09d0a
reloadAllAccessors: .LevelCrossTest13

===========================================================================================
----------------- testing Fri Jun 15 17:29:22 UTC 2018 /home/travis/build/icyphy/ptII/ptolemy/actor/lib/test/auto/LevelCrossTest2.xml
----------------- Instantiating /home/travis/build/icyphy/ptII/ptolemy/actor/lib/test/auto/LevelCrossTest2.xml
1 ms. Memory: 1362944K Free: 1051842K (77%)
----------------- Invoking toplevel() on ptolemy.moml.MoMLSimpleApplication@3e7334a5
----------------- Done invoking toplevel() on ptolemy.moml.MoMLSimpleApplication@3e7334a5
reloadAllAccessors: .broken

===========================================================================================
----------------- testing Fri Jun 15 17:29:22 UTC 2018 /home/travis/build/icyphy/ptII/ptolemy/actor/lib/test/auto/LevelCrossTest3.xml
----------------- Instantiating /home/travis/build/icyphy/ptII/ptolemy/actor/lib/test/auto/LevelCrossTest3.xml
1 ms. Memory: 1362944K Free: 1032424K (76%)
----------------- Invoking toplevel() on ptolemy.moml.MoMLSimpleApplication@7fbe43ef
----------------- Done invoking toplevel() on ptolemy.moml.MoMLSimpleApplication@7fbe43ef
reloadAllAccessors: .LevelCrossTest3

===========================================================================================
----------------- testing Fri Jun 15 17:29:22 UTC 2018 /home/travis/build/icyphy/ptII/ptolemy/actor/lib/test/auto/LevelCrossTest4.xml
----------------- Instantiating /home/travis/build/icyphy/ptII/ptolemy/actor/lib/test/auto/LevelCrossTest4.xml
2 ms. Memory: 1362944K Free: 1019977K (75%)
----------------- Invoking toplevel() on ptolemy.moml.MoMLSimpleApplication@59f10c76
----------------- Done invoking toplevel() on ptolemy.moml.MoMLSimpleApplication@59f10c76
reloadAllAccessors: .broken

===========================================================================================
----------------- testing Fri Jun 15 17:29:22 UTC 2018 /home/travis/build/icyphy/ptII/ptolemy/actor/lib/test/auto/LevelCrossTest5.xml
----------------- Instantiating /home/travis/build/icyphy/ptII/ptolemy/actor/lib/test/auto/LevelCrossTest5.xml
4 ms. Memory: 1362944K Free: 1007531K (74%)
----------------- Invoking toplevel() on ptolemy.moml.MoMLSimpleApplication@2c6e6db4
----------------- Done invoking toplevel() on ptolemy.moml.MoMLSimpleApplication@2c6e6db4
reloadAllAccessors: .LevelCrossTest5

===========================================================================================
----------------- testing Fri Jun 15 17:29:22 UTC 2018 /home/travis/build/icyphy/ptII/ptolemy/actor/lib/test/auto/LevelCrossTest6.xml
----------------- Instantiating /home/travis/build/icyphy/ptII/ptolemy/actor/lib/test/auto/LevelCrossTest6.xml
1 ms. Memory: 1362944K Free: 988112K (72%)
----------------- Invoking toplevel() on ptolemy.moml.MoMLSimpleApplication@56112f0e
----------------- Done invoking toplevel() on ptolemy.moml.MoMLSimpleApplication@56112f0e
reloadAllAccessors: .LevelCrossTest6

===========================================================================================
----------------- testing Fri Jun 15 17:29:22 UTC 2018 /home/travis/build/icyphy/ptII/ptolemy/actor/lib/test/auto/LevelCrossTest7.xml
----------------- Instantiating /home/travis/build/icyphy/ptII/ptolemy/actor/lib/test/auto/LevelCrossTest7.xml
1 ms. Memory: 1362944K Free: 969426K (71%)
----------------- Invoking toplevel() on ptolemy.moml.MoMLSimpleApplication@79e2139d
----------------- Done invoking toplevel() on ptolemy.moml.MoMLSimpleApplication@79e2139d
reloadAllAccessors: .LevelCrossTest7

===========================================================================================
----------------- testing Fri Jun 15 17:29:22 UTC 2018 /home/travis/build/icyphy/ptII/ptolemy/actor/lib/test/auto/LevelCrossTest8.xml
----------------- Instantiating /home/travis/build/icyphy/ptII/ptolemy/actor/lib/test/auto/LevelCrossTest8.xml
0 ms. Memory: 1362944K Free: 956980K (70%)
----------------- Invoking toplevel() on ptolemy.moml.MoMLSimpleApplication@2d25586f
----------------- Done invoking toplevel() on ptolemy.moml.MoMLSimpleApplication@2d25586f
reloadAllAccessors: .LevelCrossTest8

===========================================================================================
----------------- testing Fri Jun 15 17:29:22 UTC 2018 /home/travis/build/icyphy/ptII/ptolemy/actor/lib/test/auto/LevelCrossTest9.xml
----------------- Instantiating /home/travis/build/icyphy/ptII/ptolemy/actor/lib/test/auto/LevelCrossTest9.xml
1 ms. Memory: 1362944K Free: 937561K (69%)
----------------- Invoking toplevel() on ptolemy.moml.MoMLSimpleApplication@5025f8b1
----------------- Done invoking toplevel() on ptolemy.moml.MoMLSimpleApplication@5025f8b1
reloadAllAccessors: .LevelCrossTest9

===========================================================================================
----------------- testing Fri Jun 15 17:29:22 UTC 2018 /home/travis/build/icyphy/ptII/ptolemy/actor/lib/test/auto/LevinsonDurbin.xml
----------------- Instantiating /home/travis/build/icyphy/ptII/ptolemy/actor/lib/test/auto/LevinsonDurbin.xml
1 ms. Memory: 1362944K Free: 925115K (68%)
----------------- Invoking toplevel() on ptolemy.moml.MoMLSimpleApplication@8ee18c
----------------- Done invoking toplevel() on ptolemy.moml.MoMLSimpleApplication@8ee18c
reloadAllAccessors: .LevinsonDurbin

===========================================================================================
----------------- testing Fri Jun 15 17:29:22 UTC 2018 /home/travis/build/icyphy/ptII/ptolemy/actor/lib/test/auto/LevinsonDurbin2.xml
----------------- Instantiating /home/travis/build/icyphy/ptII/ptolemy/actor/lib/test/auto/LevinsonDurbin2.xml
1 ms. Memory: 1362944K Free: 912668K (67%)
----------------- Invoking toplevel() on ptolemy.moml.MoMLSimpleApplication@2d8ffdeb
----------------- Done invoking toplevel() on ptolemy.moml.MoMLSimpleApplication@2d8ffdeb
reloadAllAccessors: .LevinsonDurbin2

===========================================================================================
----------------- testing Fri Jun 15 17:29:22 UTC 2018 /home/travis/build/icyphy/ptII/ptolemy/actor/lib/test/auto/LevinsonDurbin3.xml
----------------- Instantiating /home/travis/build/icyphy/ptII/ptolemy/actor/lib/test/auto/LevinsonDurbin3.xml
1 ms. Memory: 1362944K Free: 893250K (66%)
----------------- Invoking toplevel() on ptolemy.moml.MoMLSimpleApplication@2214cd9
----------------- Done invoking toplevel() on ptolemy.moml.MoMLSimpleApplication@2214cd9
reloadAllAccessors: .LevinsonDurbin3

===========================================================================================
----------------- testing Fri Jun 15 17:29:22 UTC 2018 /home/travis/build/icyphy/ptII/ptolemy/actor/lib/test/auto/Limiter.xml
----------------- Instantiating /home/travis/build/icyphy/ptII/ptolemy/actor/lib/test/auto/Limiter.xml
3 ms. Memory: 1362944K Free: 874563K (64%)
----------------- Invoking toplevel() on ptolemy.moml.MoMLSimpleApplication@201130e1
----------------- Done invoking toplevel() on ptolemy.moml.MoMLSimpleApplication@201130e1
reloadAllAccessors: .Limiter

===========================================================================================
----------------- testing Fri Jun 15 17:29:22 UTC 2018 /home/travis/build/icyphy/ptII/ptolemy/actor/lib/test/auto/LinearDifferenceEquationSystem.xml
----------------- Instantiating /home/travis/build/icyphy/ptII/ptolemy/actor/lib/test/auto/LinearDifferenceEquationSystem.xml
3 ms. Memory: 1362944K Free: 862117K (63%)
----------------- Invoking toplevel() on ptolemy.moml.MoMLSimpleApplication@7d2ee1a6
----------------- Done invoking toplevel() on ptolemy.moml.MoMLSimpleApplication@7d2ee1a6
reloadAllAccessors: .LinearDifferenceEquationSystem

===========================================================================================
----------------- testing Fri Jun 15 17:29:22 UTC 2018 /home/travis/build/icyphy/ptII/ptolemy/actor/lib/test/auto/LookupTable.xml
----------------- Instantiating /home/travis/build/icyphy/ptII/ptolemy/actor/lib/test/auto/LookupTable.xml
1 ms. Memory: 1362944K Free: 842698K (62%)
----------------- Invoking toplevel() on ptolemy.moml.MoMLSimpleApplication@8d9ff01
----------------- Done invoking toplevel() on ptolemy.moml.MoMLSimpleApplication@8d9ff01
reloadAllAccessors: .LookupTable

===========================================================================================
----------------- testing Fri Jun 15 17:29:22 UTC 2018 /home/travis/build/icyphy/ptII/ptolemy/actor/lib/test/auto/MathFunction.xml
----------------- Instantiating /home/travis/build/icyphy/ptII/ptolemy/actor/lib/test/auto/MathFunction.xml
2 ms. Memory: 1362944K Free: 830252K (61%)
----------------- Invoking toplevel() on ptolemy.moml.MoMLSimpleApplication@56b01e64
----------------- Done invoking toplevel() on ptolemy.moml.MoMLSimpleApplication@56b01e64
reloadAllAccessors: .MathFunction

===========================================================================================
----------------- testing Fri Jun 15 17:29:22 UTC 2018 /home/travis/build/icyphy/ptII/ptolemy/actor/lib/test/auto/MathFunction2.xml
----------------- Instantiating /home/travis/build/icyphy/ptII/ptolemy/actor/lib/test/auto/MathFunction2.xml
1 ms. Memory: 1362944K Free: 817805K (60%)
----------------- Invoking toplevel() on ptolemy.moml.MoMLSimpleApplication@183e898c
----------------- Done invoking toplevel() on ptolemy.moml.MoMLSimpleApplication@183e898c
reloadAllAccessors: .MathFunction2

===========================================================================================
----------------- testing Fri Jun 15 17:29:22 UTC 2018 /home/travis/build/icyphy/ptII/ptolemy/actor/lib/test/auto/MathFunction3.xml
----------------- Instantiating /home/travis/build/icyphy/ptII/ptolemy/actor/lib/test/auto/MathFunction3.xml
3 ms. Memory: 1362944K Free: 798387K (59%)
----------------- Invoking toplevel() on ptolemy.moml.MoMLSimpleApplication@1b7e99ce
----------------- Done invoking toplevel() on ptolemy.moml.MoMLSimpleApplication@1b7e99ce
reloadAllAccessors: .MathFunction3

===========================================================================================
----------------- testing Fri Jun 15 17:29:22 UTC 2018 /home/travis/build/icyphy/ptII/ptolemy/actor/lib/test/auto/MatrixCropBoolean.xml
----------------- Instantiating /home/travis/build/icyphy/ptII/ptolemy/actor/lib/test/auto/MatrixCropBoolean.xml
1 ms. Memory: 1362944K Free: 785940K (58%)
----------------- Invoking toplevel() on ptolemy.moml.MoMLSimpleApplication@25e49841
----------------- Done invoking toplevel() on ptolemy.moml.MoMLSimpleApplication@25e49841
reloadAllAccessors: .MatrixCropBoolean

===========================================================================================
----------------- testing Fri Jun 15 17:29:22 UTC 2018 /home/travis/build/icyphy/ptII/ptolemy/actor/lib/test/auto/MatrixCropComplex.xml
----------------- Instantiating /home/travis/build/icyphy/ptII/ptolemy/actor/lib/test/auto/MatrixCropComplex.xml
2 ms. Memory: 1362944K Free: 773493K (57%)
----------------- Invoking toplevel() on ptolemy.moml.MoMLSimpleApplication@3443ec63
----------------- Done invoking toplevel() on ptolemy.moml.MoMLSimpleApplication@3443ec63
reloadAllAccessors: .MatrixCropComplex

===========================================================================================
----------------- testing Fri Jun 15 17:29:22 UTC 2018 /home/travis/build/icyphy/ptII/ptolemy/actor/lib/test/auto/MatrixCropDouble.xml
----------------- Instantiating /home/travis/build/icyphy/ptII/ptolemy/actor/lib/test/auto/MatrixCropDouble.xml
1 ms. Memory: 1362944K Free: 754075K (55%)
----------------- Invoking toplevel() on ptolemy.moml.MoMLSimpleApplication@28b5db03
----------------- Done invoking toplevel() on ptolemy.moml.MoMLSimpleApplication@28b5db03
reloadAllAccessors: .MatrixCropDouble

===========================================================================================
----------------- testing Fri Jun 15 17:29:22 UTC 2018 /home/travis/build/icyphy/ptII/ptolemy/actor/lib/test/auto/MatrixCropFix.xml
----------------- Instantiating /home/travis/build/icyphy/ptII/ptolemy/actor/lib/test/auto/MatrixCropFix.xml
1 ms. Memory: 1362944K Free: 741628K (54%)
----------------- Invoking toplevel() on ptolemy.moml.MoMLSimpleApplication@11a7bc1a
----------------- Done invoking toplevel() on ptolemy.moml.MoMLSimpleApplication@11a7bc1a
reloadAllAccessors: .MatrixCropFix

===========================================================================================
----------------- testing Fri Jun 15 17:29:22 UTC 2018 /home/travis/build/icyphy/ptII/ptolemy/actor/lib/test/auto/MatrixCropInt.xml
----------------- Instantiating /home/travis/build/icyphy/ptII/ptolemy/actor/lib/test/auto/MatrixCropInt.xml
2 ms. Memory: 1362944K Free: 729181K (54%)
----------------- Invoking toplevel() on ptolemy.moml.MoMLSimpleApplication@4b4e1865
----------------- Done invoking toplevel() on ptolemy.moml.MoMLSimpleApplication@4b4e1865
reloadAllAccessors: .MatrixCropInt

===========================================================================================
----------------- testing Fri Jun 15 17:29:22 UTC 2018 /home/travis/build/icyphy/ptII/ptolemy/actor/lib/test/auto/MatrixCropLong.xml
----------------- Instantiating /home/travis/build/icyphy/ptII/ptolemy/actor/lib/test/auto/MatrixCropLong.xml
2 ms. Memory: 1362944K Free: 709763K (52%)
----------------- Invoking toplevel() on ptolemy.moml.MoMLSimpleApplication@5d00fda6
----------------- Done invoking toplevel() on ptolemy.moml.MoMLSimpleApplication@5d00fda6
reloadAllAccessors: .MatrixCropLong

===========================================================================================
----------------- testing Fri Jun 15 17:29:22 UTC 2018 /home/travis/build/icyphy/ptII/ptolemy/actor/lib/test/auto/MatrixToArray.xml
----------------- Instantiating /home/travis/build/icyphy/ptII/ptolemy/actor/lib/test/auto/MatrixToArray.xml
5 ms. Memory: 1362944K Free: 684862K (50%)
----------------- Invoking toplevel() on ptolemy.moml.MoMLSimpleApplication@2e9c2d4e
----------------- Done invoking toplevel() on ptolemy.moml.MoMLSimpleApplication@2e9c2d4e
reloadAllAccessors: .MatrixToArray

===========================================================================================
----------------- testing Fri Jun 15 17:29:22 UTC 2018 /home/travis/build/icyphy/ptII/ptolemy/actor/lib/test/auto/MaxIndex.xml
----------------- Instantiating /home/travis/build/icyphy/ptII/ptolemy/actor/lib/test/auto/MaxIndex.xml
2 ms. Memory: 1362944K Free: 672415K (49%)
----------------- Invoking toplevel() on ptolemy.moml.MoMLSimpleApplication@69a30d53
----------------- Done invoking toplevel() on ptolemy.moml.MoMLSimpleApplication@69a30d53
reloadAllAccessors: .MaxIndex

===========================================================================================
----------------- testing Fri Jun 15 17:29:22 UTC 2018 /home/travis/build/icyphy/ptII/ptolemy/actor/lib/test/auto/Maximum.xml
----------------- Instantiating /home/travis/build/icyphy/ptII/ptolemy/actor/lib/test/auto/Maximum.xml
2 ms. Memory: 1362944K Free: 652997K (48%)
----------------- Invoking toplevel() on ptolemy.moml.MoMLSimpleApplication@4e89f3aa
----------------- Done invoking toplevel() on ptolemy.moml.MoMLSimpleApplication@4e89f3aa
reloadAllAccessors: .Maximum

===========================================================================================
----------------- testing Fri Jun 15 17:29:22 UTC 2018 /home/travis/build/icyphy/ptII/ptolemy/actor/lib/test/auto/MaximumComplex.xml
----------------- Instantiating /home/travis/build/icyphy/ptII/ptolemy/actor/lib/test/auto/MaximumComplex.xml
3 ms. Memory: 1362944K Free: 640550K (47%)
----------------- Invoking toplevel() on ptolemy.moml.MoMLSimpleApplication@5225858b
----------------- Done invoking toplevel() on ptolemy.moml.MoMLSimpleApplication@5225858b
reloadAllAccessors: .MaximumComplex

===========================================================================================
----------------- testing Fri Jun 15 17:29:22 UTC 2018 /home/travis/build/icyphy/ptII/ptolemy/actor/lib/test/auto/MethodCallTest.xml
----------------- Instantiating /home/travis/build/icyphy/ptII/ptolemy/actor/lib/test/auto/MethodCallTest.xml
2 ms. Memory: 1362944K Free: 628103K (46%)
----------------- Invoking toplevel() on ptolemy.moml.MoMLSimpleApplication@779aa6af
----------------- Done invoking toplevel() on ptolemy.moml.MoMLSimpleApplication@779aa6af
reloadAllAccessors: .MethodCallTest

===========================================================================================
----------------- testing Fri Jun 15 17:29:22 UTC 2018 /home/travis/build/icyphy/ptII/ptolemy/actor/lib/test/auto/Minimum.xml
----------------- Instantiating /home/travis/build/icyphy/ptII/ptolemy/actor/lib/test/auto/Minimum.xml
2 ms. Memory: 1362944K Free: 608685K (45%)
----------------- Invoking toplevel() on ptolemy.moml.MoMLSimpleApplication@6a02884d
----------------- Done invoking toplevel() on ptolemy.moml.MoMLSimpleApplication@6a02884d
reloadAllAccessors: .Minimum

===========================================================================================
----------------- testing Fri Jun 15 17:29:22 UTC 2018 /home/travis/build/icyphy/ptII/ptolemy/actor/lib/test/auto/MinimumComplex.xml
----------------- Instantiating /home/travis/build/icyphy/ptII/ptolemy/actor/lib/test/auto/MinimumComplex.xml
3 ms. Memory: 1362944K Free: 596238K (44%)
----------------- Invoking toplevel() on ptolemy.moml.MoMLSimpleApplication@17033f31
----------------- Done invoking toplevel() on ptolemy.moml.MoMLSimpleApplication@17033f31
reloadAllAccessors: .MinimumComplex

===========================================================================================
----------------- testing Fri Jun 15 17:29:22 UTC 2018 /home/travis/build/icyphy/ptII/ptolemy/actor/lib/test/auto/MinimumMultiports.xml
----------------- Instantiating /home/travis/build/icyphy/ptII/ptolemy/actor/lib/test/auto/MinimumMultiports.xml
3 ms. Memory: 1362944K Free: 583792K (43%)
----------------- Invoking toplevel() on ptolemy.moml.MoMLSimpleApplication@7447b562
----------------- Done invoking toplevel() on ptolemy.moml.MoMLSimpleApplication@7447b562
reloadAllAccessors: .MinimumMultiports

===========================================================================================
----------------- testing Fri Jun 15 17:29:22 UTC 2018 /home/travis/build/icyphy/ptII/ptolemy/actor/lib/test/auto/ModifyDate.xml
----------------- Instantiating /home/travis/build/icyphy/ptII/ptolemy/actor/lib/test/auto/ModifyDate.xml
8 ms. Memory: 1362944K Free: 558134K (41%)
----------------- Invoking toplevel() on ptolemy.moml.MoMLSimpleApplication@522cc5f1
----------------- Done invoking toplevel() on ptolemy.moml.MoMLSimpleApplication@522cc5f1
reloadAllAccessors: .ModifyDate

===========================================================================================
----------------- testing Fri Jun 15 17:29:22 UTC 2018 /home/travis/build/icyphy/ptII/ptolemy/actor/lib/test/auto/ModifyDate2.xml
----------------- Instantiating /home/travis/build/icyphy/ptII/ptolemy/actor/lib/test/auto/ModifyDate2.xml
3 ms. Memory: 1362944K Free: 539464K (40%)
----------------- Invoking toplevel() on ptolemy.moml.MoMLSimpleApplication@4c18c490
----------------- Done invoking toplevel() on ptolemy.moml.MoMLSimpleApplication@4c18c490
reloadAllAccessors: .ModifyDate2

===========================================================================================
----------------- testing Fri Jun 15 17:29:22 UTC 2018 /home/travis/build/icyphy/ptII/ptolemy/actor/lib/test/auto/MovingAverage.xml
----------------- Instantiating /home/travis/build/icyphy/ptII/ptolemy/actor/lib/test/auto/MovingAverage.xml
2 ms. Memory: 1362944K Free: 527017K (39%)
----------------- Invoking toplevel() on ptolemy.moml.MoMLSimpleApplication@3d8ab99b
----------------- Done invoking toplevel() on ptolemy.moml.MoMLSimpleApplication@3d8ab99b
reloadAllAccessors: .MovingAverage

===========================================================================================
----------------- testing Fri Jun 15 17:29:22 UTC 2018 /home/travis/build/icyphy/ptII/ptolemy/actor/lib/test/auto/MovingMaximum.xml
----------------- Instantiating /home/travis/build/icyphy/ptII/ptolemy/actor/lib/test/auto/MovingMaximum.xml
1 ms. Memory: 1362944K Free: 507599K (37%)
----------------- Invoking toplevel() on ptolemy.moml.MoMLSimpleApplication@6c389dd7
----------------- Done invoking toplevel() on ptolemy.moml.MoMLSimpleApplication@6c389dd7
reloadAllAccessors: .MovingMaximum

===========================================================================================
----------------- testing Fri Jun 15 17:29:22 UTC 2018 /home/travis/build/icyphy/ptII/ptolemy/actor/lib/test/auto/MultipleLinksToSameRelation.xml
----------------- Instantiating /home/travis/build/icyphy/ptII/ptolemy/actor/lib/test/auto/MultipleLinksToSameRelation.xml
2 ms. Memory: 1362944K Free: 495152K (36%)
----------------- Invoking toplevel() on ptolemy.moml.MoMLSimpleApplication@369a3e4
----------------- Done invoking toplevel() on ptolemy.moml.MoMLSimpleApplication@369a3e4
reloadAllAccessors: .MultipleLinksToSameRelation

===========================================================================================
----------------- testing Fri Jun 15 17:29:22 UTC 2018 /home/travis/build/icyphy/ptII/ptolemy/actor/lib/test/auto/MultipleLinksToSameRelationDE.xml
----------------- Instantiating /home/travis/build/icyphy/ptII/ptolemy/actor/lib/test/auto/MultipleLinksToSameRelationDE.xml
4 ms. Memory: 1362944K Free: 482706K (35%)
----------------- Invoking toplevel() on ptolemy.moml.MoMLSimpleApplication@6a7b3136
----------------- Done invoking toplevel() on ptolemy.moml.MoMLSimpleApplication@6a7b3136
reloadAllAccessors: .MultipleLinksToSameRelationDE

===========================================================================================
----------------- testing Fri Jun 15 17:29:22 UTC 2018 /home/travis/build/icyphy/ptII/ptolemy/actor/lib/test/auto/Multiplexor.xml
----------------- Instantiating /home/travis/build/icyphy/ptII/ptolemy/actor/lib/test/auto/Multiplexor.xml
1 ms. Memory: 1362944K Free: 463287K (34%)
----------------- Invoking toplevel() on ptolemy.moml.MoMLSimpleApplication@5e86dc9a
----------------- Done invoking toplevel() on ptolemy.moml.MoMLSimpleApplication@5e86dc9a
reloadAllAccessors: .Multiplexor

===========================================================================================
----------------- testing Fri Jun 15 17:29:22 UTC 2018 /home/travis/build/icyphy/ptII/ptolemy/actor/lib/test/auto/Multiplexor1.xml
----------------- Instantiating /home/travis/build/icyphy/ptII/ptolemy/actor/lib/test/auto/Multiplexor1.xml
2 ms. Memory: 1362944K Free: 450841K (33%)
----------------- Invoking toplevel() on ptolemy.moml.MoMLSimpleApplication@174067dc
----------------- Done invoking toplevel() on ptolemy.moml.MoMLSimpleApplication@174067dc
reloadAllAccessors: .Multiplexor1

===========================================================================================
----------------- testing Fri Jun 15 17:29:22 UTC 2018 /home/travis/build/icyphy/ptII/ptolemy/actor/lib/test/auto/Multiplexor2.xml
----------------- Instantiating /home/travis/build/icyphy/ptII/ptolemy/actor/lib/test/auto/Multiplexor2.xml
5 ms. Memory: 1362944K Free: 438394K (32%)
----------------- Invoking toplevel() on ptolemy.moml.MoMLSimpleApplication@56db4027
----------------- Done invoking toplevel() on ptolemy.moml.MoMLSimpleApplication@56db4027
reloadAllAccessors: .Multiplexor2

===========================================================================================
----------------- testing Fri Jun 15 17:29:22 UTC 2018 /home/travis/build/icyphy/ptII/ptolemy/actor/lib/test/auto/Multiplexor3.xml
----------------- Instantiating /home/travis/build/icyphy/ptII/ptolemy/actor/lib/test/auto/Multiplexor3.xml
1 ms. Memory: 1362944K Free: 418975K (31%)
----------------- Invoking toplevel() on ptolemy.moml.MoMLSimpleApplication@3e9415e7
----------------- Done invoking toplevel() on ptolemy.moml.MoMLSimpleApplication@3e9415e7
reloadAllAccessors: .Multiplexor3

===========================================================================================
----------------- testing Fri Jun 15 17:29:22 UTC 2018 /home/travis/build/icyphy/ptII/ptolemy/actor/lib/test/auto/MultiplexorDE.xml
----------------- Instantiating /home/travis/build/icyphy/ptII/ptolemy/actor/lib/test/auto/MultiplexorDE.xml
4 ms. Memory: 1362944K Free: 406529K (30%)
----------------- Invoking toplevel() on ptolemy.moml.MoMLSimpleApplication@61c255ec
----------------- Done invoking toplevel() on ptolemy.moml.MoMLSimpleApplication@61c255ec
reloadAllAccessors: .MultiplexorDE

===========================================================================================
----------------- testing Fri Jun 15 17:29:22 UTC 2018 /home/travis/build/icyphy/ptII/ptolemy/actor/lib/test/auto/MultiportBroadcastTest.xml
----------------- Instantiating /home/travis/build/icyphy/ptII/ptolemy/actor/lib/test/auto/MultiportBroadcastTest.xml
82 ms. Memory: 1362944K Free: 394082K (29%)
----------------- Invoking toplevel() on ptolemy.moml.MoMLSimpleApplication@190dd292
----------------- Done invoking toplevel() on ptolemy.moml.MoMLSimpleApplication@190dd292
reloadAllAccessors: .MultiportBroadcastTest

===========================================================================================
----------------- testing Fri Jun 15 17:29:22 UTC 2018 /home/travis/build/icyphy/ptII/ptolemy/actor/lib/test/auto/MultiportOutHangDuringGetWidth.xml
----------------- Instantiating /home/travis/build/icyphy/ptII/ptolemy/actor/lib/test/auto/MultiportOutHangDuringGetWidth.xml
7 ms. Memory: 1362944K Free: 368440K (27%)
----------------- Invoking toplevel() on ptolemy.moml.MoMLSimpleApplication@3bac0bd
----------------- Done invoking toplevel() on ptolemy.moml.MoMLSimpleApplication@3bac0bd
reloadAllAccessors: .MultiportOutHangDuringGetWidth

===========================================================================================
----------------- testing Fri Jun 15 17:29:23 UTC 2018 /home/travis/build/icyphy/ptII/ptolemy/actor/lib/test/auto/NilToken.xml
----------------- Instantiating /home/travis/build/icyphy/ptII/ptolemy/actor/lib/test/auto/NilToken.xml
1 ms. Memory: 1362944K Free: 355994K (26%)
----------------- Invoking toplevel() on ptolemy.moml.MoMLSimpleApplication@3a064d2d
----------------- Done invoking toplevel() on ptolemy.moml.MoMLSimpleApplication@3a064d2d
reloadAllAccessors: .NilToken

===========================================================================================
----------------- testing Fri Jun 15 17:29:23 UTC 2018 /home/travis/build/icyphy/ptII/ptolemy/actor/lib/test/auto/NilTokenNonStrictTest.xml
----------------- Instantiating /home/travis/build/icyphy/ptII/ptolemy/actor/lib/test/auto/NilTokenNonStrictTest.xml
3 ms. Memory: 1362944K Free: 343547K (25%)
----------------- Invoking toplevel() on ptolemy.moml.MoMLSimpleApplication@7904c806
----------------- Done invoking toplevel() on ptolemy.moml.MoMLSimpleApplication@7904c806
reloadAllAccessors: .NilTokenNonStrictTest

===========================================================================================
----------------- testing Fri Jun 15 17:29:23 UTC 2018 /home/travis/build/icyphy/ptII/ptolemy/actor/lib/test/auto/NilTokenRecord.xml
----------------- Instantiating /home/travis/build/icyphy/ptII/ptolemy/actor/lib/test/auto/NilTokenRecord.xml
4 ms. Memory: 1362944K Free: 324128K (24%)
----------------- Invoking toplevel() on ptolemy.moml.MoMLSimpleApplication@501d4404
----------------- Done invoking toplevel() on ptolemy.moml.MoMLSimpleApplication@501d4404
reloadAllAccessors: .NilTokenRecord

===========================================================================================
----------------- testing Fri Jun 15 17:29:23 UTC 2018 /home/travis/build/icyphy/ptII/ptolemy/actor/lib/test/auto/NilTokenTypeTest.xml
----------------- Instantiating /home/travis/build/icyphy/ptII/ptolemy/actor/lib/test/auto/NilTokenTypeTest.xml
10 ms. Memory: 1362944K Free: 305442K (22%)
----------------- Invoking toplevel() on ptolemy.moml.MoMLSimpleApplication@75b29a97
----------------- Done invoking toplevel() on ptolemy.moml.MoMLSimpleApplication@75b29a97
reloadAllAccessors: .NilTokenTypeTest

===========================================================================================
----------------- testing Fri Jun 15 17:29:23 UTC 2018 /home/travis/build/icyphy/ptII/ptolemy/actor/lib/test/auto/ObjectToken1.xml
----------------- Instantiating /home/travis/build/icyphy/ptII/ptolemy/actor/lib/test/auto/ObjectToken1.xml
2 ms. Memory: 1362944K Free: 292995K (21%)
----------------- Invoking toplevel() on ptolemy.moml.MoMLSimpleApplication@4e362194
----------------- Done invoking toplevel() on ptolemy.moml.MoMLSimpleApplication@4e362194
reloadAllAccessors: .ObjectToken1

===========================================================================================
----------------- testing Fri Jun 15 17:29:23 UTC 2018 /home/travis/build/icyphy/ptII/ptolemy/actor/lib/test/auto/OrderedMerge.xml
----------------- Instantiating /home/travis/build/icyphy/ptII/ptolemy/actor/lib/test/auto/OrderedMerge.xml
9 ms. Memory: 1362944K Free: 248684K (18%)
----------------- Invoking toplevel() on ptolemy.moml.MoMLSimpleApplication@2a447951
----------------- Done invoking toplevel() on ptolemy.moml.MoMLSimpleApplication@2a447951
reloadAllAccessors: .OrderedMerge

===========================================================================================
----------------- testing Fri Jun 15 17:29:23 UTC 2018 /home/travis/build/icyphy/ptII/ptolemy/actor/lib/test/auto/OrderedRecordDisassembler.xml
----------------- Instantiating /home/travis/build/icyphy/ptII/ptolemy/actor/lib/test/auto/OrderedRecordDisassembler.xml
2 ms. Memory: 1362944K Free: 236237K (17%)
----------------- Invoking toplevel() on ptolemy.moml.MoMLSimpleApplication@7cc19977
----------------- Done invoking toplevel() on ptolemy.moml.MoMLSimpleApplication@7cc19977
reloadAllAccessors: .OrderedRecordDisassembler

===========================================================================================
----------------- testing Fri Jun 15 17:29:23 UTC 2018 /home/travis/build/icyphy/ptII/ptolemy/actor/lib/test/auto/OrderedRecordDisassembler2.xml
----------------- Instantiating /home/travis/build/icyphy/ptII/ptolemy/actor/lib/test/auto/OrderedRecordDisassembler2.xml
3 ms. Memory: 1362944K Free: 223790K (16%)
----------------- Invoking toplevel() on ptolemy.moml.MoMLSimpleApplication@4db90557
----------------- Done invoking toplevel() on ptolemy.moml.MoMLSimpleApplication@4db90557
reloadAllAccessors: .OrderedRecordDisassembler2

===========================================================================================
----------------- testing Fri Jun 15 17:29:23 UTC 2018 /home/travis/build/icyphy/ptII/ptolemy/actor/lib/test/auto/OrderedRecordUpdater.xml
----------------- Instantiating /home/travis/build/icyphy/ptII/ptolemy/actor/lib/test/auto/OrderedRecordUpdater.xml
2 ms. Memory: 1362944K Free: 204372K (15%)
----------------- Invoking toplevel() on ptolemy.moml.MoMLSimpleApplication@7272bd4e
----------------- Done invoking toplevel() on ptolemy.moml.MoMLSimpleApplication@7272bd4e
reloadAllAccessors: .RecordUpdater

===========================================================================================
----------------- testing Fri Jun 15 17:29:23 UTC 2018 /home/travis/build/icyphy/ptII/ptolemy/actor/lib/test/auto/OrderedRecordUpdater2.xml
----------------- Instantiating /home/travis/build/icyphy/ptII/ptolemy/actor/lib/test/auto/OrderedRecordUpdater2.xml
2 ms. Memory: 1362944K Free: 191925K (14%)
----------------- Invoking toplevel() on ptolemy.moml.MoMLSimpleApplication@553677e3
----------------- Done invoking toplevel() on ptolemy.moml.MoMLSimpleApplication@553677e3
reloadAllAccessors: .RecordUpdater2

===========================================================================================
----------------- testing Fri Jun 15 17:29:23 UTC 2018 /home/travis/build/icyphy/ptII/ptolemy/actor/lib/test/auto/PhaseUnwrap.xml
----------------- Instantiating /home/travis/build/icyphy/ptII/ptolemy/actor/lib/test/auto/PhaseUnwrap.xml
1 ms. Memory: 1362944K Free: 179478K (13%)
----------------- Invoking toplevel() on ptolemy.moml.MoMLSimpleApplication@678c3a1b
----------------- Done invoking toplevel() on ptolemy.moml.MoMLSimpleApplication@678c3a1b
reloadAllAccessors: .PhaseUnwrap

===========================================================================================
----------------- testing Fri Jun 15 17:29:23 UTC 2018 /home/travis/build/icyphy/ptII/ptolemy/actor/lib/test/auto/PoissonClock.xml
----------------- Instantiating /home/travis/build/icyphy/ptII/ptolemy/actor/lib/test/auto/PoissonClock.xml
1 ms. Memory: 1362944K Free: 160060K (12%)
----------------- Invoking toplevel() on ptolemy.moml.MoMLSimpleApplication@4181d54d
----------------- Done invoking toplevel() on ptolemy.moml.MoMLSimpleApplication@4181d54d
reloadAllAccessors: .PoissonClock

===========================================================================================
----------------- testing Fri Jun 15 17:29:23 UTC 2018 /home/travis/build/icyphy/ptII/ptolemy/actor/lib/test/auto/PoissonClock2.xml
----------------- Instantiating /home/travis/build/icyphy/ptII/ptolemy/actor/lib/test/auto/PoissonClock2.xml
2 ms. Memory: 1362944K Free: 147613K (11%)
----------------- Invoking toplevel() on ptolemy.moml.MoMLSimpleApplication@7969ed16
----------------- Done invoking toplevel() on ptolemy.moml.MoMLSimpleApplication@7969ed16
reloadAllAccessors: .PoissonClock2

===========================================================================================
----------------- testing Fri Jun 15 17:29:23 UTC 2018 /home/travis/build/icyphy/ptII/ptolemy/actor/lib/test/auto/PoissonClock3.xml
----------------- Instantiating /home/travis/build/icyphy/ptII/ptolemy/actor/lib/test/auto/PoissonClock3.xml
2 ms. Memory: 1362944K Free: 135167K (10%)
----------------- Invoking toplevel() on ptolemy.moml.MoMLSimpleApplication@42bd4b1f
----------------- Done invoking toplevel() on ptolemy.moml.MoMLSimpleApplication@42bd4b1f
reloadAllAccessors: .PoissonClock3

===========================================================================================
----------------- testing Fri Jun 15 17:29:23 UTC 2018 /home/travis/build/icyphy/ptII/ptolemy/actor/lib/test/auto/PubSubWithInitialTokens.xml
----------------- Instantiating /home/travis/build/icyphy/ptII/ptolemy/actor/lib/test/auto/PubSubWithInitialTokens.xml
3 ms. Memory: 1362944K Free: 115748K (8%)
----------------- Invoking toplevel() on ptolemy.moml.MoMLSimpleApplication@7ded7d33
----------------- Done invoking toplevel() on ptolemy.moml.MoMLSimpleApplication@7ded7d33
reloadAllAccessors: .PubSubWithInitialTokens

===========================================================================================
----------------- testing Fri Jun 15 17:29:23 UTC 2018 /home/travis/build/icyphy/ptII/ptolemy/actor/lib/test/auto/PubSubWithInitialTokens2.xml
----------------- Instantiating /home/travis/build/icyphy/ptII/ptolemy/actor/lib/test/auto/PubSubWithInitialTokens2.xml
3 ms. Memory: 1362944K Free: 103302K (8%)
----------------- Invoking toplevel() on ptolemy.moml.MoMLSimpleApplication@2491d1a5
----------------- Done invoking toplevel() on ptolemy.moml.MoMLSimpleApplication@2491d1a5
reloadAllAccessors: .PubSubWithInitialTokens2

===========================================================================================
----------------- testing Fri Jun 15 17:29:23 UTC 2018 /home/travis/build/icyphy/ptII/ptolemy/actor/lib/test/auto/PublisherClassNoParameter.xml
----------------- Instantiating /home/travis/build/icyphy/ptII/ptolemy/actor/lib/test/auto/PublisherClassNoParameter.xml
3 ms. Memory: 1362944K Free: 84616K (6%)
----------------- Invoking toplevel() on ptolemy.moml.MoMLSimpleApplication@1cc4a14f
----------------- Done invoking toplevel() on ptolemy.moml.MoMLSimpleApplication@1cc4a14f
reloadAllAccessors: .PublisherClassNoParameter

===========================================================================================
----------------- testing Fri Jun 15 17:29:23 UTC 2018 /home/travis/build/icyphy/ptII/ptolemy/actor/lib/test/auto/PublisherClassParameter.xml
----------------- Instantiating /home/travis/build/icyphy/ptII/ptolemy/actor/lib/test/auto/PublisherClassParameter.xml
2 ms. Memory: 1538560K Free: 1481244K (96%)
----------------- Invoking toplevel() on ptolemy.moml.MoMLSimpleApplication@4b04cab0
----------------- Done invoking toplevel() on ptolemy.moml.MoMLSimpleApplication@4b04cab0
reloadAllAccessors: .PublisherClassParameter

===========================================================================================
----------------- testing Fri Jun 15 17:29:23 UTC 2018 /home/travis/build/icyphy/ptII/ptolemy/actor/lib/test/auto/PublisherNonStrictTest.xml
----------------- Instantiating /home/travis/build/icyphy/ptII/ptolemy/actor/lib/test/auto/PublisherNonStrictTest.xml
2 ms. Memory: 1538560K Free: 1460160K (95%)
----------------- Invoking toplevel() on ptolemy.moml.MoMLSimpleApplication@5e1854e5
----------------- Done invoking toplevel() on ptolemy.moml.MoMLSimpleApplication@5e1854e5
reloadAllAccessors: .PublisherNonStrictTest

===========================================================================================
----------------- testing Fri Jun 15 17:29:23 UTC 2018 /home/travis/build/icyphy/ptII/ptolemy/actor/lib/test/auto/PublisherPort1.xml
----------------- Instantiating /home/travis/build/icyphy/ptII/ptolemy/actor/lib/test/auto/PublisherPort1.xml
2 ms. Memory: 1538560K Free: 1445778K (94%)
----------------- Invoking toplevel() on ptolemy.moml.MoMLSimpleApplication@107094e7
----------------- Done invoking toplevel() on ptolemy.moml.MoMLSimpleApplication@107094e7
reloadAllAccessors: .PublisherPort1

===========================================================================================
----------------- testing Fri Jun 15 17:29:23 UTC 2018 /home/travis/build/icyphy/ptII/ptolemy/actor/lib/test/auto/PublisherPort2.xml
----------------- Instantiating /home/travis/build/icyphy/ptII/ptolemy/actor/lib/test/auto/PublisherPort2.xml
1 ms. Memory: 1538560K Free: 1424694K (93%)
----------------- Invoking toplevel() on ptolemy.moml.MoMLSimpleApplication@5d8d9254
----------------- Done invoking toplevel() on ptolemy.moml.MoMLSimpleApplication@5d8d9254
reloadAllAccessors: .PublisherPort2

===========================================================================================
----------------- testing Fri Jun 15 17:29:23 UTC 2018 /home/travis/build/icyphy/ptII/ptolemy/actor/lib/test/auto/PublisherPort3.xml
----------------- Instantiating /home/travis/build/icyphy/ptII/ptolemy/actor/lib/test/auto/PublisherPort3.xml
2 ms. Memory: 1538560K Free: 1410312K (92%)
----------------- Invoking toplevel() on ptolemy.moml.MoMLSimpleApplication@15f62e6d
----------------- Done invoking toplevel() on ptolemy.moml.MoMLSimpleApplication@15f62e6d
reloadAllAccessors: .PublisherPort3

===========================================================================================
----------------- testing Fri Jun 15 17:29:23 UTC 2018 /home/travis/build/icyphy/ptII/ptolemy/actor/lib/test/auto/PublisherPort4.xml
----------------- Instantiating /home/travis/build/icyphy/ptII/ptolemy/actor/lib/test/auto/PublisherPort4.xml
2 ms. Memory: 1538560K Free: 1395930K (91%)
----------------- Invoking toplevel() on ptolemy.moml.MoMLSimpleApplication@356a8312
----------------- Done invoking toplevel() on ptolemy.moml.MoMLSimpleApplication@356a8312
reloadAllAccessors: .PublisherPort4

===========================================================================================
----------------- testing Fri Jun 15 17:29:23 UTC 2018 /home/travis/build/icyphy/ptII/ptolemy/actor/lib/test/auto/PublisherPort5.xml
----------------- Instantiating /home/travis/build/icyphy/ptII/ptolemy/actor/lib/test/auto/PublisherPort5.xml
3 ms. Memory: 1538560K Free: 1374845K (89%)
----------------- Invoking toplevel() on ptolemy.moml.MoMLSimpleApplication@79c477b1
----------------- Done invoking toplevel() on ptolemy.moml.MoMLSimpleApplication@79c477b1
reloadAllAccessors: .PublisherPort5

===========================================================================================
----------------- testing Fri Jun 15 17:29:23 UTC 2018 /home/travis/build/icyphy/ptII/ptolemy/actor/lib/test/auto/PublisherPort5LookAlike.xml
----------------- Instantiating /home/travis/build/icyphy/ptII/ptolemy/actor/lib/test/auto/PublisherPort5LookAlike.xml
5 ms. Memory: 1538560K Free: 1360381K (88%)
----------------- Invoking toplevel() on ptolemy.moml.MoMLSimpleApplication@1ee317f
----------------- Done invoking toplevel() on ptolemy.moml.MoMLSimpleApplication@1ee317f
reloadAllAccessors: .PublisherPort5LookAlike

===========================================================================================
----------------- testing Fri Jun 15 17:29:23 UTC 2018 /home/travis/build/icyphy/ptII/ptolemy/actor/lib/test/auto/PublisherPort6.xml
----------------- Instantiating /home/travis/build/icyphy/ptII/ptolemy/actor/lib/test/auto/PublisherPort6.xml
2 ms. Memory: 1538560K Free: 1345999K (87%)
----------------- Invoking toplevel() on ptolemy.moml.MoMLSimpleApplication@76110a69
----------------- Done invoking toplevel() on ptolemy.moml.MoMLSimpleApplication@76110a69
reloadAllAccessors: .PublisherPort6

===========================================================================================
----------------- testing Fri Jun 15 17:29:23 UTC 2018 /home/travis/build/icyphy/ptII/ptolemy/actor/lib/test/auto/PublisherPort7.xml
----------------- Instantiating /home/travis/build/icyphy/ptII/ptolemy/actor/lib/test/auto/PublisherPort7.xml
3 ms. Memory: 1538560K Free: 1324915K (86%)
----------------- Invoking toplevel() on ptolemy.moml.MoMLSimpleApplication@73869279
----------------- Done invoking toplevel() on ptolemy.moml.MoMLSimpleApplication@73869279
reloadAllAccessors: .PublisherPort7

===========================================================================================
----------------- testing Fri Jun 15 17:29:23 UTC 2018 /home/travis/build/icyphy/ptII/ptolemy/actor/lib/test/auto/PublisherPort8.xml
----------------- Instantiating /home/travis/build/icyphy/ptII/ptolemy/actor/lib/test/auto/PublisherPort8.xml
3 ms. Memory: 1538560K Free: 1310533K (85%)
----------------- Invoking toplevel() on ptolemy.moml.MoMLSimpleApplication@e0d8349
----------------- Done invoking toplevel() on ptolemy.moml.MoMLSimpleApplication@e0d8349
reloadAllAccessors: .PublisherPort8

===========================================================================================
----------------- testing Fri Jun 15 17:29:23 UTC 2018 /home/travis/build/icyphy/ptII/ptolemy/actor/lib/test/auto/PublisherPortSubscriberChannelVariablesAOC2.xml
----------------- Instantiating /home/travis/build/icyphy/ptII/ptolemy/actor/lib/test/auto/PublisherPortSubscriberChannelVariablesAOC2.xml
3 ms. Memory: 1538560K Free: 1281768K (83%)
----------------- Invoking toplevel() on ptolemy.moml.MoMLSimpleApplication@9d3fdbf
----------------- Done invoking toplevel() on ptolemy.moml.MoMLSimpleApplication@9d3fdbf
reloadAllAccessors: .PublisherPortSubscriberChannelVariablesAOC2

===========================================================================================
----------------- testing Fri Jun 15 17:29:23 UTC 2018 /home/travis/build/icyphy/ptII/ptolemy/actor/lib/test/auto/PublisherPortSubscriberOpaqueWidthInference.xml
----------------- Instantiating /home/travis/build/icyphy/ptII/ptolemy/actor/lib/test/auto/PublisherPortSubscriberOpaqueWidthInference.xml
3 ms. Memory: 1538560K Free: 1260683K (82%)
----------------- Invoking toplevel() on ptolemy.moml.MoMLSimpleApplication@3524286c
----------------- Done invoking toplevel() on ptolemy.moml.MoMLSimpleApplication@3524286c
reloadAllAccessors: .PublisherPortSubscriberOpaqueWidthInference

===========================================================================================
----------------- testing Fri Jun 15 17:29:23 UTC 2018 /home/travis/build/icyphy/ptII/ptolemy/actor/lib/test/auto/PublisherPortSubscriberPortAdjacent.xml
----------------- Instantiating /home/travis/build/icyphy/ptII/ptolemy/actor/lib/test/auto/PublisherPortSubscriberPortAdjacent.xml
2 ms. Memory: 1538560K Free: 1246301K (81%)
----------------- Invoking toplevel() on ptolemy.moml.MoMLSimpleApplication@13e2cd9f
----------------- Done invoking toplevel() on ptolemy.moml.MoMLSimpleApplication@13e2cd9f
reloadAllAccessors: .PublisherPortSubscriberPortAdjacent

===========================================================================================
----------------- testing Fri Jun 15 17:29:23 UTC 2018 /home/travis/build/icyphy/ptII/ptolemy/actor/lib/test/auto/PublisherPortSubscriberPortExpression.xml
----------------- Instantiating /home/travis/build/icyphy/ptII/ptolemy/actor/lib/test/auto/PublisherPortSubscriberPortExpression.xml
3 ms. Memory: 1538560K Free: 1225217K (80%)
----------------- Invoking toplevel() on ptolemy.moml.MoMLSimpleApplication@4bd1ea76
----------------- Done invoking toplevel() on ptolemy.moml.MoMLSimpleApplication@4bd1ea76
reloadAllAccessors: .PublisherPortSubscriberPortExpression

===========================================================================================
----------------- testing Fri Jun 15 17:29:23 UTC 2018 /home/travis/build/icyphy/ptII/ptolemy/actor/lib/test/auto/PublisherPortSubscriberPortOpaqueD3Reverse.xml
----------------- Instantiating /home/travis/build/icyphy/ptII/ptolemy/actor/lib/test/auto/PublisherPortSubscriberPortOpaqueD3Reverse.xml
5 ms. Memory: 1538560K Free: 1210835K (79%)
----------------- Invoking toplevel() on ptolemy.moml.MoMLSimpleApplication@b60bd1c
----------------- Done invoking toplevel() on ptolemy.moml.MoMLSimpleApplication@b60bd1c
reloadAllAccessors: .PublisherPortSubscriberPortOpaqueD3Reverse

===========================================================================================
----------------- testing Fri Jun 15 17:29:23 UTC 2018 /home/travis/build/icyphy/ptII/ptolemy/actor/lib/test/auto/PublisherPortSubscriberPortOpaqueWidthInference.xml
----------------- Instantiating /home/travis/build/icyphy/ptII/ptolemy/actor/lib/test/auto/PublisherPortSubscriberPortOpaqueWidthInference.xml
3 ms. Memory: 1538560K Free: 1196453K (78%)
----------------- Invoking toplevel() on ptolemy.moml.MoMLSimpleApplication@12833a43
----------------- Done invoking toplevel() on ptolemy.moml.MoMLSimpleApplication@12833a43
reloadAllAccessors: .PublisherPortSubscriberPortOpaqueWidthInference

===========================================================================================
----------------- testing Fri Jun 15 17:29:23 UTC 2018 /home/travis/build/icyphy/ptII/ptolemy/actor/lib/test/auto/PublisherPortToplevelSubscriberPortAOC.xml
----------------- Instantiating /home/travis/build/icyphy/ptII/ptolemy/actor/lib/test/auto/PublisherPortToplevelSubscriberPortAOC.xml
.PublisherPortToplevelSubscriberPortAOC.TestExceptionAttribute: initialize() was not invoked, but wrapup() was.  This is unusual, but not always a problem.  For example, exporting JNLP will do this.
0 ms. Memory: 1538560K Free: 1175368K (76%)
----------------- Invoking toplevel() on ptolemy.moml.MoMLSimpleApplication@7fda3c8
----------------- Done invoking toplevel() on ptolemy.moml.MoMLSimpleApplication@7fda3c8
reloadAllAccessors: .PublisherPortToplevelSubscriberPortAOC

===========================================================================================
----------------- testing Fri Jun 15 17:29:23 UTC 2018 /home/travis/build/icyphy/ptII/ptolemy/actor/lib/test/auto/PublisherSubscriber.xml
----------------- Instantiating /home/travis/build/icyphy/ptII/ptolemy/actor/lib/test/auto/PublisherSubscriber.xml
6 ms. Memory: 1538560K Free: 1160986K (75%)
----------------- Invoking toplevel() on ptolemy.moml.MoMLSimpleApplication@3abc645c
----------------- Done invoking toplevel() on ptolemy.moml.MoMLSimpleApplication@3abc645c
reloadAllAccessors: .PublisherSubscriber

===========================================================================================
----------------- testing Fri Jun 15 17:29:23 UTC 2018 /home/travis/build/icyphy/ptII/ptolemy/actor/lib/test/auto/PublisherSubscriber10.xml
----------------- Instantiating /home/travis/build/icyphy/ptII/ptolemy/actor/lib/test/auto/PublisherSubscriber10.xml
5 ms. Memory: 1538560K Free: 1146604K (75%)
----------------- Invoking toplevel() on ptolemy.moml.MoMLSimpleApplication@254be889
----------------- Done invoking toplevel() on ptolemy.moml.MoMLSimpleApplication@254be889
reloadAllAccessors: .PublisherSubscriber10

===========================================================================================
----------------- testing Fri Jun 15 17:29:23 UTC 2018 /home/travis/build/icyphy/ptII/ptolemy/actor/lib/test/auto/PublisherSubscriber10InitialOutputs.xml
----------------- Instantiating /home/travis/build/icyphy/ptII/ptolemy/actor/lib/test/auto/PublisherSubscriber10InitialOutputs.xml
6 ms. Memory: 1538560K Free: 1125520K (73%)
----------------- Invoking toplevel() on ptolemy.moml.MoMLSimpleApplication@849721f
----------------- Done invoking toplevel() on ptolemy.moml.MoMLSimpleApplication@849721f
reloadAllAccessors: .PublisherSubscriber10InitialOutputs

===========================================================================================
----------------- testing Fri Jun 15 17:29:23 UTC 2018 /home/travis/build/icyphy/ptII/ptolemy/actor/lib/test/auto/PublisherSubscriber11.xml
----------------- Instantiating /home/travis/build/icyphy/ptII/ptolemy/actor/lib/test/auto/PublisherSubscriber11.xml
9 ms. Memory: 1538560K Free: 1111138K (72%)
----------------- Invoking toplevel() on ptolemy.moml.MoMLSimpleApplication@edee4d3
----------------- Done invoking toplevel() on ptolemy.moml.MoMLSimpleApplication@edee4d3
reloadAllAccessors: .PublisherSubscriber11

===========================================================================================
----------------- testing Fri Jun 15 17:29:23 UTC 2018 /home/travis/build/icyphy/ptII/ptolemy/actor/lib/test/auto/PublisherSubscriber12.xml
----------------- Instantiating /home/travis/build/icyphy/ptII/ptolemy/actor/lib/test/auto/PublisherSubscriber12.xml
2 ms. Memory: 1538560K Free: 1096755K (71%)
----------------- Invoking toplevel() on ptolemy.moml.MoMLSimpleApplication@3f846059
----------------- Done invoking toplevel() on ptolemy.moml.MoMLSimpleApplication@3f846059
reloadAllAccessors: .PublisherSubscriber12

===========================================================================================
----------------- testing Fri Jun 15 17:29:23 UTC 2018 /home/travis/build/icyphy/ptII/ptolemy/actor/lib/test/auto/PublisherSubscriber13.xml
----------------- Instantiating /home/travis/build/icyphy/ptII/ptolemy/actor/lib/test/auto/PublisherSubscriber13.xml
2 ms. Memory: 1538560K Free: 1075671K (70%)
----------------- Invoking toplevel() on ptolemy.moml.MoMLSimpleApplication@7f325d38
----------------- Done invoking toplevel() on ptolemy.moml.MoMLSimpleApplication@7f325d38
reloadAllAccessors: .PublisherSubscriber13

===========================================================================================
----------------- testing Fri Jun 15 17:29:23 UTC 2018 /home/travis/build/icyphy/ptII/ptolemy/actor/lib/test/auto/PublisherSubscriber14.xml
----------------- Instantiating /home/travis/build/icyphy/ptII/ptolemy/actor/lib/test/auto/PublisherSubscriber14.xml
2 ms. Memory: 1538560K Free: 1061289K (69%)
----------------- Invoking toplevel() on ptolemy.moml.MoMLSimpleApplication@6b97f6ed
----------------- Done invoking toplevel() on ptolemy.moml.MoMLSimpleApplication@6b97f6ed
reloadAllAccessors: .PublisherSubscriber14

===========================================================================================
----------------- testing Fri Jun 15 17:29:23 UTC 2018 /home/travis/build/icyphy/ptII/ptolemy/actor/lib/test/auto/PublisherSubscriber2.xml
----------------- Instantiating /home/travis/build/icyphy/ptII/ptolemy/actor/lib/test/auto/PublisherSubscriber2.xml
3 ms. Memory: 1538560K Free: 1046907K (68%)
----------------- Invoking toplevel() on ptolemy.moml.MoMLSimpleApplication@6e89df8a
----------------- Done invoking toplevel() on ptolemy.moml.MoMLSimpleApplication@6e89df8a
reloadAllAccessors: .PublisherSubscriber2

===========================================================================================
----------------- testing Fri Jun 15 17:29:23 UTC 2018 /home/travis/build/icyphy/ptII/ptolemy/actor/lib/test/auto/PublisherSubscriber3.xml
----------------- Instantiating /home/travis/build/icyphy/ptII/ptolemy/actor/lib/test/auto/PublisherSubscriber3.xml
2 ms. Memory: 1538560K Free: 1025823K (67%)
----------------- Invoking toplevel() on ptolemy.moml.MoMLSimpleApplication@30cf2cc
----------------- Done invoking toplevel() on ptolemy.moml.MoMLSimpleApplication@30cf2cc
reloadAllAccessors: .PublisherSubscriber3

===========================================================================================
----------------- testing Fri Jun 15 17:29:23 UTC 2018 /home/travis/build/icyphy/ptII/ptolemy/actor/lib/test/auto/PublisherSubscriber4.xml
----------------- Instantiating /home/travis/build/icyphy/ptII/ptolemy/actor/lib/test/auto/PublisherSubscriber4.xml
1 ms. Memory: 1538560K Free: 1011441K (66%)
----------------- Invoking toplevel() on ptolemy.moml.MoMLSimpleApplication@3f2b79f6
----------------- Done invoking toplevel() on ptolemy.moml.MoMLSimpleApplication@3f2b79f6
reloadAllAccessors: .PublisherSubscriber4

===========================================================================================
----------------- testing Fri Jun 15 17:29:23 UTC 2018 /home/travis/build/icyphy/ptII/ptolemy/actor/lib/test/auto/PublisherSubscriber5.xml
----------------- Instantiating /home/travis/build/icyphy/ptII/ptolemy/actor/lib/test/auto/PublisherSubscriber5.xml
2 ms. Memory: 1538560K Free: 990356K (64%)
----------------- Invoking toplevel() on ptolemy.moml.MoMLSimpleApplication@2f4b1f1b
----------------- Done invoking toplevel() on ptolemy.moml.MoMLSimpleApplication@2f4b1f1b
reloadAllAccessors: .PublisherSubscriber5

===========================================================================================
----------------- testing Fri Jun 15 17:29:23 UTC 2018 /home/travis/build/icyphy/ptII/ptolemy/actor/lib/test/auto/PublisherSubscriber6.xml
----------------- Instantiating /home/travis/build/icyphy/ptII/ptolemy/actor/lib/test/auto/PublisherSubscriber6.xml
1 ms. Memory: 1538560K Free: 975974K (63%)
----------------- Invoking toplevel() on ptolemy.moml.MoMLSimpleApplication@5ad7446a
----------------- Done invoking toplevel() on ptolemy.moml.MoMLSimpleApplication@5ad7446a
reloadAllAccessors: .PublisherSubscriber6

===========================================================================================
----------------- testing Fri Jun 15 17:29:23 UTC 2018 /home/travis/build/icyphy/ptII/ptolemy/actor/lib/test/auto/PublisherSubscriber7.xml
----------------- Instantiating /home/travis/build/icyphy/ptII/ptolemy/actor/lib/test/auto/PublisherSubscriber7.xml
2 ms. Memory: 1538560K Free: 961592K (62%)
----------------- Invoking toplevel() on ptolemy.moml.MoMLSimpleApplication@76838293
----------------- Done invoking toplevel() on ptolemy.moml.MoMLSimpleApplication@76838293
reloadAllAccessors: .PublisherSubscriber7

===========================================================================================
----------------- testing Fri Jun 15 17:29:24 UTC 2018 /home/travis/build/icyphy/ptII/ptolemy/actor/lib/test/auto/PublisherSubscriber8.xml
----------------- Instantiating /home/travis/build/icyphy/ptII/ptolemy/actor/lib/test/auto/PublisherSubscriber8.xml
12 ms. Memory: 1538560K Free: 868597K (56%)
----------------- Invoking toplevel() on ptolemy.moml.MoMLSimpleApplication@48f6d585
----------------- Done invoking toplevel() on ptolemy.moml.MoMLSimpleApplication@48f6d585
reloadAllAccessors: .PublisherSubscriber8

===========================================================================================
----------------- testing Fri Jun 15 17:29:24 UTC 2018 /home/travis/build/icyphy/ptII/ptolemy/actor/lib/test/auto/PublisherSubscriber9.xml
----------------- Instantiating /home/travis/build/icyphy/ptII/ptolemy/actor/lib/test/auto/PublisherSubscriber9.xml
3 ms. Memory: 1538560K Free: 854215K (56%)
----------------- Invoking toplevel() on ptolemy.moml.MoMLSimpleApplication@7d7a549e
----------------- Done invoking toplevel() on ptolemy.moml.MoMLSimpleApplication@7d7a549e
reloadAllAccessors: .PublisherSubscriber9

===========================================================================================
----------------- testing Fri Jun 15 17:29:24 UTC 2018 /home/travis/build/icyphy/ptII/ptolemy/actor/lib/test/auto/PublisherSubscriberAdjacent.xml
----------------- Instantiating /home/travis/build/icyphy/ptII/ptolemy/actor/lib/test/auto/PublisherSubscriberAdjacent.xml
2 ms. Memory: 1538560K Free: 839833K (55%)
----------------- Invoking toplevel() on ptolemy.moml.MoMLSimpleApplication@27993dd4
----------------- Done invoking toplevel() on ptolemy.moml.MoMLSimpleApplication@27993dd4
reloadAllAccessors: .PublisherSubscriberAdjacent

===========================================================================================
----------------- testing Fri Jun 15 17:29:24 UTC 2018 /home/travis/build/icyphy/ptII/ptolemy/actor/lib/test/auto/PublisherSubscriberChannelVariablesAOC2.xml
----------------- Instantiating /home/travis/build/icyphy/ptII/ptolemy/actor/lib/test/auto/PublisherSubscriberChannelVariablesAOC2.xml
3 ms. Memory: 1538560K Free: 811541K (53%)
----------------- Invoking toplevel() on ptolemy.moml.MoMLSimpleApplication@553359a8
----------------- Done invoking toplevel() on ptolemy.moml.MoMLSimpleApplication@553359a8
reloadAllAccessors: .PublisherSubscriberChannelVariablesAOC2

===========================================================================================
----------------- testing Fri Jun 15 17:29:24 UTC 2018 /home/travis/build/icyphy/ptII/ptolemy/actor/lib/test/auto/PublisherSubscriberD3.xml
----------------- Instantiating /home/travis/build/icyphy/ptII/ptolemy/actor/lib/test/auto/PublisherSubscriberD3.xml
1 ms. Memory: 1538560K Free: 797159K (52%)
----------------- Invoking toplevel() on ptolemy.moml.MoMLSimpleApplication@6c1b6298
----------------- Done invoking toplevel() on ptolemy.moml.MoMLSimpleApplication@6c1b6298
reloadAllAccessors: .PublisherSubscriberD3

===========================================================================================
----------------- testing Fri Jun 15 17:29:24 UTC 2018 /home/travis/build/icyphy/ptII/ptolemy/actor/lib/test/auto/PublisherSubscriberD3Reverse.xml
----------------- Instantiating /home/travis/build/icyphy/ptII/ptolemy/actor/lib/test/auto/PublisherSubscriberD3Reverse.xml
1 ms. Memory: 1538560K Free: 782777K (51%)
----------------- Invoking toplevel() on ptolemy.moml.MoMLSimpleApplication@60cd9754
----------------- Done invoking toplevel() on ptolemy.moml.MoMLSimpleApplication@60cd9754
reloadAllAccessors: .PublisherSubscriberD3Reverse

===========================================================================================
----------------- testing Fri Jun 15 17:29:24 UTC 2018 /home/travis/build/icyphy/ptII/ptolemy/actor/lib/test/auto/PublisherSubscriberExpression.xml
----------------- Instantiating /home/travis/build/icyphy/ptII/ptolemy/actor/lib/test/auto/PublisherSubscriberExpression.xml
3 ms. Memory: 1538560K Free: 761692K (50%)
----------------- Invoking toplevel() on ptolemy.moml.MoMLSimpleApplication@1175e48c
----------------- Done invoking toplevel() on ptolemy.moml.MoMLSimpleApplication@1175e48c
reloadAllAccessors: .PublisherSubscriberExpression

===========================================================================================
----------------- testing Fri Jun 15 17:29:24 UTC 2018 /home/travis/build/icyphy/ptII/ptolemy/actor/lib/test/auto/PublisherSubscriberOpaque.xml
----------------- Instantiating /home/travis/build/icyphy/ptII/ptolemy/actor/lib/test/auto/PublisherSubscriberOpaque.xml
3 ms. Memory: 1538560K Free: 747310K (49%)
----------------- Invoking toplevel() on ptolemy.moml.MoMLSimpleApplication@7290ac89
----------------- Done invoking toplevel() on ptolemy.moml.MoMLSimpleApplication@7290ac89
reloadAllAccessors: .PublisherSubscriberOpaque

===========================================================================================
----------------- testing Fri Jun 15 17:29:24 UTC 2018 /home/travis/build/icyphy/ptII/ptolemy/actor/lib/test/auto/PublisherSubscriberOpaqueD3.xml
----------------- Instantiating /home/travis/build/icyphy/ptII/ptolemy/actor/lib/test/auto/PublisherSubscriberOpaqueD3.xml
5 ms. Memory: 1538560K Free: 719019K (47%)
----------------- Invoking toplevel() on ptolemy.moml.MoMLSimpleApplication@40e7d642
----------------- Done invoking toplevel() on ptolemy.moml.MoMLSimpleApplication@40e7d642
reloadAllAccessors: .PublisherSubscriberOpaqueD3

===========================================================================================
----------------- testing Fri Jun 15 17:29:24 UTC 2018 /home/travis/build/icyphy/ptII/ptolemy/actor/lib/test/auto/PublisherSubscriberOpaqueD3Reverse.xml
----------------- Instantiating /home/travis/build/icyphy/ptII/ptolemy/actor/lib/test/auto/PublisherSubscriberOpaqueD3Reverse.xml
5 ms. Memory: 1538560K Free: 704637K (46%)
----------------- Invoking toplevel() on ptolemy.moml.MoMLSimpleApplication@1df00ed2
----------------- Done invoking toplevel() on ptolemy.moml.MoMLSimpleApplication@1df00ed2
reloadAllAccessors: .PublisherSubscriberOpaqueD3Reverse

===========================================================================================
----------------- testing Fri Jun 15 17:29:24 UTC 2018 /home/travis/build/icyphy/ptII/ptolemy/actor/lib/test/auto/PublisherSubscriberOpaqueWidthInference.xml
----------------- Instantiating /home/travis/build/icyphy/ptII/ptolemy/actor/lib/test/auto/PublisherSubscriberOpaqueWidthInference.xml
4 ms. Memory: 1538560K Free: 690255K (45%)
----------------- Invoking toplevel() on ptolemy.moml.MoMLSimpleApplication@1baf8142
----------------- Done invoking toplevel() on ptolemy.moml.MoMLSimpleApplication@1baf8142
reloadAllAccessors: .PublisherSubscriberOpaqueWidthInference

===========================================================================================
----------------- testing Fri Jun 15 17:29:24 UTC 2018 /home/travis/build/icyphy/ptII/ptolemy/actor/lib/test/auto/PublisherTestSubscriber.xml
----------------- Instantiating /home/travis/build/icyphy/ptII/ptolemy/actor/lib/test/auto/PublisherTestSubscriber.xml
3 ms. Memory: 1538560K Free: 669170K (43%)
----------------- Invoking toplevel() on ptolemy.moml.MoMLSimpleApplication@4ebc1441
----------------- Done invoking toplevel() on ptolemy.moml.MoMLSimpleApplication@4ebc1441
reloadAllAccessors: .PublisherTestSubscriber

===========================================================================================
----------------- testing Fri Jun 15 17:29:24 UTC 2018 /home/travis/build/icyphy/ptII/ptolemy/actor/lib/test/auto/PublisherToplevelSubscriberPortAOC.xml
----------------- Instantiating /home/travis/build/icyphy/ptII/ptolemy/actor/lib/test/auto/PublisherToplevelSubscriberPortAOC.xml
2 ms. Memory: 1538560K Free: 654788K (43%)
----------------- Invoking toplevel() on ptolemy.moml.MoMLSimpleApplication@5895df5b
----------------- Done invoking toplevel() on ptolemy.moml.MoMLSimpleApplication@5895df5b
reloadAllAccessors: .PublisherToplevelSubscriberPortAOC

===========================================================================================
----------------- testing Fri Jun 15 17:29:24 UTC 2018 /home/travis/build/icyphy/ptII/ptolemy/actor/lib/test/auto/PulseFiringLimitDE.xml
----------------- Instantiating /home/travis/build/icyphy/ptII/ptolemy/actor/lib/test/auto/PulseFiringLimitDE.xml
2 ms. Memory: 1538560K Free: 640406K (42%)
----------------- Invoking toplevel() on ptolemy.moml.MoMLSimpleApplication@1e2c0764
----------------- Done invoking toplevel() on ptolemy.moml.MoMLSimpleApplication@1e2c0764
reloadAllAccessors: .PulseFiringLimitDE

===========================================================================================
----------------- testing Fri Jun 15 17:29:24 UTC 2018 /home/travis/build/icyphy/ptII/ptolemy/actor/lib/test/auto/Ramp1.xml
----------------- Instantiating /home/travis/build/icyphy/ptII/ptolemy/actor/lib/test/auto/Ramp1.xml
1 ms. Memory: 1538560K Free: 619322K (40%)
----------------- Invoking toplevel() on ptolemy.moml.MoMLSimpleApplication@11fe6232
----------------- Done invoking toplevel() on ptolemy.moml.MoMLSimpleApplication@11fe6232
reloadAllAccessors: .Ramp1

===========================================================================================
----------------- testing Fri Jun 15 17:29:24 UTC 2018 /home/travis/build/icyphy/ptII/ptolemy/actor/lib/test/auto/RampFiringLimitDE.xml
----------------- Instantiating /home/travis/build/icyphy/ptII/ptolemy/actor/lib/test/auto/RampFiringLimitDE.xml
3 ms. Memory: 1538560K Free: 604940K (39%)
----------------- Invoking toplevel() on ptolemy.moml.MoMLSimpleApplication@23ded94d
----------------- Done invoking toplevel() on ptolemy.moml.MoMLSimpleApplication@23ded94d
reloadAllAccessors: .RampFiringLimitDE

===========================================================================================
----------------- testing Fri Jun 15 17:29:24 UTC 2018 /home/travis/build/icyphy/ptII/ptolemy/actor/lib/test/auto/RampFiringLimitSDF.xml
----------------- Instantiating /home/travis/build/icyphy/ptII/ptolemy/actor/lib/test/auto/RampFiringLimitSDF.xml
1 ms. Memory: 1538560K Free: 590558K (38%)
----------------- Invoking toplevel() on ptolemy.moml.MoMLSimpleApplication@457524c4
----------------- Done invoking toplevel() on ptolemy.moml.MoMLSimpleApplication@457524c4
reloadAllAccessors: .RampFiringLimitSDF

===========================================================================================
----------------- testing Fri Jun 15 17:29:24 UTC 2018 /home/travis/build/icyphy/ptII/ptolemy/actor/lib/test/auto/RandomInteger.xml
----------------- Instantiating /home/travis/build/icyphy/ptII/ptolemy/actor/lib/test/auto/RandomInteger.xml
1 ms. Memory: 1538560K Free: 569473K (37%)
----------------- Invoking toplevel() on ptolemy.moml.MoMLSimpleApplication@7b3269c2
----------------- Done invoking toplevel() on ptolemy.moml.MoMLSimpleApplication@7b3269c2
reloadAllAccessors: .RandomInteger

===========================================================================================
----------------- testing Fri Jun 15 17:29:24 UTC 2018 /home/travis/build/icyphy/ptII/ptolemy/actor/lib/test/auto/ReadFile1.xml
----------------- Instantiating /home/travis/build/icyphy/ptII/ptolemy/actor/lib/test/auto/ReadFile1.xml
1 ms. Memory: 1538560K Free: 555091K (36%)
----------------- Invoking toplevel() on ptolemy.moml.MoMLSimpleApplication@24f7d335
----------------- Done invoking toplevel() on ptolemy.moml.MoMLSimpleApplication@24f7d335
reloadAllAccessors: .ReadFile1

===========================================================================================
----------------- testing Fri Jun 15 17:29:24 UTC 2018 /home/travis/build/icyphy/ptII/ptolemy/actor/lib/test/auto/ReadFile2.xml
----------------- Instantiating /home/travis/build/icyphy/ptII/ptolemy/actor/lib/test/auto/ReadFile2.xml
1 ms. Memory: 1538560K Free: 534007K (35%)
----------------- Invoking toplevel() on ptolemy.moml.MoMLSimpleApplication@340c514
----------------- Done invoking toplevel() on ptolemy.moml.MoMLSimpleApplication@340c514
reloadAllAccessors: .ReadFile2

===========================================================================================
----------------- testing Fri Jun 15 17:29:24 UTC 2018 /home/travis/build/icyphy/ptII/ptolemy/actor/lib/test/auto/Reader.xml
----------------- Instantiating /home/travis/build/icyphy/ptII/ptolemy/actor/lib/test/auto/Reader.xml
actor.lib.Reader is obsolete, use actor.lib.io.ExpressionReader instead
2 ms. Memory: 1538560K Free: 519625K (34%)
----------------- Invoking toplevel() on ptolemy.moml.MoMLSimpleApplication@2008cfbc
----------------- Done invoking toplevel() on ptolemy.moml.MoMLSimpleApplication@2008cfbc
reloadAllAccessors: .Reader

===========================================================================================
----------------- testing Fri Jun 15 17:29:24 UTC 2018 /home/travis/build/icyphy/ptII/ptolemy/actor/lib/test/auto/RecordAssemblerDisplayNameTest.xml
----------------- Instantiating /home/travis/build/icyphy/ptII/ptolemy/actor/lib/test/auto/RecordAssemblerDisplayNameTest.xml
2905 ms. Memory: 1575424K Free: 689281K (44%)
----------------- Invoking toplevel() on ptolemy.moml.MoMLSimpleApplication@3c1d0ab3
----------------- Done invoking toplevel() on ptolemy.moml.MoMLSimpleApplication@3c1d0ab3
reloadAllAccessors: .RecordAssemblerDisplayNameTest

===========================================================================================
----------------- testing Fri Jun 15 17:29:27 UTC 2018 /home/travis/build/icyphy/ptII/ptolemy/actor/lib/test/auto/RecordAssemblerTypeError.xml
----------------- Instantiating /home/travis/build/icyphy/ptII/ptolemy/actor/lib/test/auto/RecordAssemblerTypeError.xml
3 ms. Memory: 1575424K Free: 658434K (42%)
----------------- Invoking toplevel() on ptolemy.moml.MoMLSimpleApplication@1a6a0bb3
----------------- Done invoking toplevel() on ptolemy.moml.MoMLSimpleApplication@1a6a0bb3
reloadAllAccessors: .RecordAssemblerTypeError

===========================================================================================
----------------- testing Fri Jun 15 17:29:27 UTC 2018 /home/travis/build/icyphy/ptII/ptolemy/actor/lib/test/auto/RecordDisassember.xml
----------------- Instantiating /home/travis/build/icyphy/ptII/ptolemy/actor/lib/test/auto/RecordDisassember.xml
2 ms. Memory: 1575424K Free: 643858K (41%)
----------------- Invoking toplevel() on ptolemy.moml.MoMLSimpleApplication@24ad3c65
----------------- Done invoking toplevel() on ptolemy.moml.MoMLSimpleApplication@24ad3c65
reloadAllAccessors: .RecordDisassember

===========================================================================================
----------------- testing Fri Jun 15 17:29:27 UTC 2018 /home/travis/build/icyphy/ptII/ptolemy/actor/lib/test/auto/RecordDisassemberDisplayNameTest.xml
----------------- Instantiating /home/travis/build/icyphy/ptII/ptolemy/actor/lib/test/auto/RecordDisassemberDisplayNameTest.xml
4 ms. Memory: 1575424K Free: 623997K (40%)
----------------- Invoking toplevel() on ptolemy.moml.MoMLSimpleApplication@3c6e63ce
----------------- Done invoking toplevel() on ptolemy.moml.MoMLSimpleApplication@3c6e63ce
reloadAllAccessors: .RecordDisassemberDisplayNameTest

===========================================================================================
----------------- testing Fri Jun 15 17:29:27 UTC 2018 /home/travis/build/icyphy/ptII/ptolemy/actor/lib/test/auto/RecordDisassembler.xml
----------------- Instantiating /home/travis/build/icyphy/ptII/ptolemy/actor/lib/test/auto/RecordDisassembler.xml
2 ms. Memory: 1575424K Free: 609421K (39%)
----------------- Invoking toplevel() on ptolemy.moml.MoMLSimpleApplication@453e69fa
----------------- Done invoking toplevel() on ptolemy.moml.MoMLSimpleApplication@453e69fa
reloadAllAccessors: .RecordDisassembler

===========================================================================================
----------------- testing Fri Jun 15 17:29:27 UTC 2018 /home/travis/build/icyphy/ptII/ptolemy/actor/lib/test/auto/RecordDisassembler2.xml
----------------- Instantiating /home/travis/build/icyphy/ptII/ptolemy/actor/lib/test/auto/RecordDisassembler2.xml
2 ms. Memory: 1575424K Free: 589560K (37%)
----------------- Invoking toplevel() on ptolemy.moml.MoMLSimpleApplication@c8e8222
----------------- Done invoking toplevel() on ptolemy.moml.MoMLSimpleApplication@c8e8222
reloadAllAccessors: .RecordDisassembler2

===========================================================================================
----------------- testing Fri Jun 15 17:29:27 UTC 2018 /home/travis/build/icyphy/ptII/ptolemy/actor/lib/test/auto/RecordUpdater.xml
----------------- Instantiating /home/travis/build/icyphy/ptII/ptolemy/actor/lib/test/auto/RecordUpdater.xml
2 ms. Memory: 1575424K Free: 574984K (36%)
----------------- Invoking toplevel() on ptolemy.moml.MoMLSimpleApplication@6e478ca
----------------- Done invoking toplevel() on ptolemy.moml.MoMLSimpleApplication@6e478ca
reloadAllAccessors: .RecordUpdater

===========================================================================================
----------------- testing Fri Jun 15 17:29:27 UTC 2018 /home/travis/build/icyphy/ptII/ptolemy/actor/lib/test/auto/RecordUpdater2.xml
----------------- Instantiating /home/travis/build/icyphy/ptII/ptolemy/actor/lib/test/auto/RecordUpdater2.xml
1 ms. Memory: 1575424K Free: 555123K (35%)
----------------- Invoking toplevel() on ptolemy.moml.MoMLSimpleApplication@59d4cac6
----------------- Done invoking toplevel() on ptolemy.moml.MoMLSimpleApplication@59d4cac6
reloadAllAccessors: .RecordUpdater2

===========================================================================================
----------------- testing Fri Jun 15 17:29:27 UTC 2018 /home/travis/build/icyphy/ptII/ptolemy/actor/lib/test/auto/RecursiveLattice.xml
----------------- Instantiating /home/travis/build/icyphy/ptII/ptolemy/actor/lib/test/auto/RecursiveLattice.xml
1 ms. Memory: 1575424K Free: 540547K (34%)
----------------- Invoking toplevel() on ptolemy.moml.MoMLSimpleApplication@1f3b4c2c
----------------- Done invoking toplevel() on ptolemy.moml.MoMLSimpleApplication@1f3b4c2c
reloadAllAccessors: .RecursiveLattice

===========================================================================================
----------------- testing Fri Jun 15 17:29:27 UTC 2018 /home/travis/build/icyphy/ptII/ptolemy/actor/lib/test/auto/Router.xml
----------------- Instantiating /home/travis/build/icyphy/ptII/ptolemy/actor/lib/test/auto/Router.xml
3003 ms. Memory: 1575424K Free: 520686K (33%)
----------------- Invoking toplevel() on ptolemy.moml.MoMLSimpleApplication@48c2e7ef
----------------- Done invoking toplevel() on ptolemy.moml.MoMLSimpleApplication@48c2e7ef
reloadAllAccessors: .Router

===========================================================================================
----------------- testing Fri Jun 15 17:29:30 UTC 2018 /home/travis/build/icyphy/ptII/ptolemy/actor/lib/test/auto/Router2.xml
----------------- Instantiating /home/travis/build/icyphy/ptII/ptolemy/actor/lib/test/auto/Router2.xml
3003 ms. Memory: 1575424K Free: 506109K (32%)
----------------- Invoking toplevel() on ptolemy.moml.MoMLSimpleApplication@24264c22
----------------- Done invoking toplevel() on ptolemy.moml.MoMLSimpleApplication@24264c22
reloadAllAccessors: .Router2

===========================================================================================
----------------- testing Fri Jun 15 17:29:33 UTC 2018 /home/travis/build/icyphy/ptII/ptolemy/actor/lib/test/auto/RunningMaximum.xml
----------------- Instantiating /home/travis/build/icyphy/ptII/ptolemy/actor/lib/test/auto/RunningMaximum.xml
2 ms. Memory: 1575424K Free: 486249K (31%)
----------------- Invoking toplevel() on ptolemy.moml.MoMLSimpleApplication@4c759d7d
----------------- Done invoking toplevel() on ptolemy.moml.MoMLSimpleApplication@4c759d7d
reloadAllAccessors: .RunningMaximum

===========================================================================================
----------------- testing Fri Jun 15 17:29:33 UTC 2018 /home/travis/build/icyphy/ptII/ptolemy/actor/lib/test/auto/RunningMinimum.xml
----------------- Instantiating /home/travis/build/icyphy/ptII/ptolemy/actor/lib/test/auto/RunningMinimum.xml
2 ms. Memory: 1575424K Free: 471672K (30%)
----------------- Invoking toplevel() on ptolemy.moml.MoMLSimpleApplication@23d77d8c
----------------- Done invoking toplevel() on ptolemy.moml.MoMLSimpleApplication@23d77d8c
reloadAllAccessors: .RunningMinimum

===========================================================================================
----------------- testing Fri Jun 15 17:29:33 UTC 2018 /home/travis/build/icyphy/ptII/ptolemy/actor/lib/test/auto/Scale.xml
----------------- Instantiating /home/travis/build/icyphy/ptII/ptolemy/actor/lib/test/auto/Scale.xml
1 ms. Memory: 1575424K Free: 451812K (29%)
----------------- Invoking toplevel() on ptolemy.moml.MoMLSimpleApplication@146a9e81
----------------- Done invoking toplevel() on ptolemy.moml.MoMLSimpleApplication@146a9e81
reloadAllAccessors: .Scale

===========================================================================================
----------------- testing Fri Jun 15 17:29:33 UTC 2018 /home/travis/build/icyphy/ptII/ptolemy/actor/lib/test/auto/Scale2.xml
----------------- Instantiating /home/travis/build/icyphy/ptII/ptolemy/actor/lib/test/auto/Scale2.xml
1 ms. Memory: 1575424K Free: 437235K (28%)
----------------- Invoking toplevel() on ptolemy.moml.MoMLSimpleApplication@37fefc57
----------------- Done invoking toplevel() on ptolemy.moml.MoMLSimpleApplication@37fefc57
reloadAllAccessors: .Scale2

===========================================================================================
----------------- testing Fri Jun 15 17:29:33 UTC 2018 /home/travis/build/icyphy/ptII/ptolemy/actor/lib/test/auto/Scale3.xml
----------------- Instantiating /home/travis/build/icyphy/ptII/ptolemy/actor/lib/test/auto/Scale3.xml
2 ms. Memory: 1575424K Free: 417375K (26%)
----------------- Invoking toplevel() on ptolemy.moml.MoMLSimpleApplication@69057fc9
----------------- Done invoking toplevel() on ptolemy.moml.MoMLSimpleApplication@69057fc9
reloadAllAccessors: .Scale3

===========================================================================================
----------------- testing Fri Jun 15 17:29:33 UTC 2018 /home/travis/build/icyphy/ptII/ptolemy/actor/lib/test/auto/ScaleArray.xml
----------------- Instantiating /home/travis/build/icyphy/ptII/ptolemy/actor/lib/test/auto/ScaleArray.xml
2 ms. Memory: 1575424K Free: 402798K (26%)
----------------- Invoking toplevel() on ptolemy.moml.MoMLSimpleApplication@6f4a74bf
----------------- Done invoking toplevel() on ptolemy.moml.MoMLSimpleApplication@6f4a74bf
reloadAllAccessors: .ScaleArray

===========================================================================================
----------------- testing Fri Jun 15 17:29:33 UTC 2018 /home/travis/build/icyphy/ptII/ptolemy/actor/lib/test/auto/ScaleArray2.xml
----------------- Instantiating /home/travis/build/icyphy/ptII/ptolemy/actor/lib/test/auto/ScaleArray2.xml
1 ms. Memory: 1575424K Free: 388221K (25%)
----------------- Invoking toplevel() on ptolemy.moml.MoMLSimpleApplication@690a0ce1
----------------- Done invoking toplevel() on ptolemy.moml.MoMLSimpleApplication@690a0ce1
reloadAllAccessors: .ScaleArray2

===========================================================================================
----------------- testing Fri Jun 15 17:29:33 UTC 2018 /home/travis/build/icyphy/ptII/ptolemy/actor/lib/test/auto/ScaleMatrix.xml
----------------- Instantiating /home/travis/build/icyphy/ptII/ptolemy/actor/lib/test/auto/ScaleMatrix.xml
101 ms. Memory: 1575424K Free: 361072K (23%)
----------------- Invoking toplevel() on ptolemy.moml.MoMLSimpleApplication@1f6737c5
----------------- Done invoking toplevel() on ptolemy.moml.MoMLSimpleApplication@1f6737c5
reloadAllAccessors: .ScaleMatrix

===========================================================================================
----------------- testing Fri Jun 15 17:29:33 UTC 2018 /home/travis/build/icyphy/ptII/ptolemy/actor/lib/test/auto/Select.xml
----------------- Instantiating /home/travis/build/icyphy/ptII/ptolemy/actor/lib/test/auto/Select.xml
1 ms. Memory: 1575424K Free: 346496K (22%)
----------------- Invoking toplevel() on ptolemy.moml.MoMLSimpleApplication@6c58ce6f
----------------- Done invoking toplevel() on ptolemy.moml.MoMLSimpleApplication@6c58ce6f
reloadAllAccessors: .Select

===========================================================================================
----------------- testing Fri Jun 15 17:29:33 UTC 2018 /home/travis/build/icyphy/ptII/ptolemy/actor/lib/test/auto/Select2.xml
----------------- Instantiating /home/travis/build/icyphy/ptII/ptolemy/actor/lib/test/auto/Select2.xml
1 ms. Memory: 1575424K Free: 326636K (21%)
----------------- Invoking toplevel() on ptolemy.moml.MoMLSimpleApplication@698988cf
----------------- Done invoking toplevel() on ptolemy.moml.MoMLSimpleApplication@698988cf
reloadAllAccessors: .Select2

===========================================================================================
----------------- testing Fri Jun 15 17:29:33 UTC 2018 /home/travis/build/icyphy/ptII/ptolemy/actor/lib/test/auto/SequenceToArray2.xml
----------------- Instantiating /home/travis/build/icyphy/ptII/ptolemy/actor/lib/test/auto/SequenceToArray2.xml
69 ms. Memory: 1575424K Free: 239159K (15%)
----------------- Invoking toplevel() on ptolemy.moml.MoMLSimpleApplication@734fda5f
----------------- Done invoking toplevel() on ptolemy.moml.MoMLSimpleApplication@734fda5f
reloadAllAccessors: .SequenceToArray2

===========================================================================================
----------------- testing Fri Jun 15 17:29:33 UTC 2018 /home/travis/build/icyphy/ptII/ptolemy/actor/lib/test/auto/SequentialClock.xml
----------------- Instantiating /home/travis/build/icyphy/ptII/ptolemy/actor/lib/test/auto/SequentialClock.xml
1 ms. Memory: 1575424K Free: 219299K (14%)
----------------- Invoking toplevel() on ptolemy.moml.MoMLSimpleApplication@ca0f6f1
----------------- Done invoking toplevel() on ptolemy.moml.MoMLSimpleApplication@ca0f6f1
reloadAllAccessors: .SequentialClock

===========================================================================================
----------------- testing Fri Jun 15 17:29:33 UTC 2018 /home/travis/build/icyphy/ptII/ptolemy/actor/lib/test/auto/SetVariable.xml
----------------- Instantiating /home/travis/build/icyphy/ptII/ptolemy/actor/lib/test/auto/SetVariable.xml
2 ms. Memory: 1575424K Free: 204722K (13%)
----------------- Invoking toplevel() on ptolemy.moml.MoMLSimpleApplication@54e9ea0b
----------------- Done invoking toplevel() on ptolemy.moml.MoMLSimpleApplication@54e9ea0b
reloadAllAccessors: .SetVariable

===========================================================================================
----------------- testing Fri Jun 15 17:29:33 UTC 2018 /home/travis/build/icyphy/ptII/ptolemy/actor/lib/test/auto/SetVariable2.xml
----------------- Instantiating /home/travis/build/icyphy/ptII/ptolemy/actor/lib/test/auto/SetVariable2.xml
5 ms. Memory: 1575424K Free: 184862K (12%)
----------------- Invoking toplevel() on ptolemy.moml.MoMLSimpleApplication@593366b1
----------------- Done invoking toplevel() on ptolemy.moml.MoMLSimpleApplication@593366b1
reloadAllAccessors: .SetVariable2

===========================================================================================
----------------- testing Fri Jun 15 17:29:33 UTC 2018 /home/travis/build/icyphy/ptII/ptolemy/actor/lib/test/auto/SetVariable3.xml
----------------- Instantiating /home/travis/build/icyphy/ptII/ptolemy/actor/lib/test/auto/SetVariable3.xml
8 ms. Memory: 1575424K Free: 170285K (11%)
----------------- Invoking toplevel() on ptolemy.moml.MoMLSimpleApplication@66e08449
----------------- Done invoking toplevel() on ptolemy.moml.MoMLSimpleApplication@66e08449
reloadAllAccessors: .SetVariable3

===========================================================================================
----------------- testing Fri Jun 15 17:29:33 UTC 2018 /home/travis/build/icyphy/ptII/ptolemy/actor/lib/test/auto/SetVariable4.xml
----------------- Instantiating /home/travis/build/icyphy/ptII/ptolemy/actor/lib/test/auto/SetVariable4.xml
13 ms. Memory: 1575424K Free: 99406K (6%)
----------------- Invoking toplevel() on ptolemy.moml.MoMLSimpleApplication@599b2859
----------------- Done invoking toplevel() on ptolemy.moml.MoMLSimpleApplication@599b2859
reloadAllAccessors: .SetVariable4

===========================================================================================
----------------- testing Fri Jun 15 17:29:33 UTC 2018 /home/travis/build/icyphy/ptII/ptolemy/actor/lib/test/auto/SetVariable5.xml
----------------- Instantiating /home/travis/build/icyphy/ptII/ptolemy/actor/lib/test/auto/SetVariable5.xml
14 ms. Memory: 1575424K Free: 84829K (5%)
----------------- Invoking toplevel() on ptolemy.moml.MoMLSimpleApplication@40bf29a3
----------------- Done invoking toplevel() on ptolemy.moml.MoMLSimpleApplication@40bf29a3
reloadAllAccessors: .SetVariable5

===========================================================================================
----------------- testing Fri Jun 15 17:29:34 UTC 2018 /home/travis/build/icyphy/ptII/ptolemy/actor/lib/test/auto/Sinewave.xml
----------------- Instantiating /home/travis/build/icyphy/ptII/ptolemy/actor/lib/test/auto/Sinewave.xml
3 ms. Memory: 1714688K Free: 1655712K (97%)
----------------- Invoking toplevel() on ptolemy.moml.MoMLSimpleApplication@5a3da8ef
----------------- Done invoking toplevel() on ptolemy.moml.MoMLSimpleApplication@5a3da8ef
reloadAllAccessors: .Sinewave

===========================================================================================
----------------- testing Fri Jun 15 17:29:34 UTC 2018 /home/travis/build/icyphy/ptII/ptolemy/actor/lib/test/auto/Sinewave2.xml
----------------- Instantiating /home/travis/build/icyphy/ptII/ptolemy/actor/lib/test/auto/Sinewave2.xml
6 ms. Memory: 1714688K Free: 1629833K (95%)
----------------- Invoking toplevel() on ptolemy.moml.MoMLSimpleApplication@7751a5ec
----------------- Done invoking toplevel() on ptolemy.moml.MoMLSimpleApplication@7751a5ec
reloadAllAccessors: .Sinewave2

===========================================================================================
----------------- testing Fri Jun 15 17:29:34 UTC 2018 /home/travis/build/icyphy/ptII/ptolemy/actor/lib/test/auto/Sinewave3.xml
----------------- Instantiating /home/travis/build/icyphy/ptII/ptolemy/actor/lib/test/auto/Sinewave3.xml
8 ms. Memory: 1714688K Free: 1603955K (94%)
----------------- Invoking toplevel() on ptolemy.moml.MoMLSimpleApplication@da5f3fd
----------------- Done invoking toplevel() on ptolemy.moml.MoMLSimpleApplication@da5f3fd
reloadAllAccessors: .Sinewave3

===========================================================================================
----------------- testing Fri Jun 15 17:29:34 UTC 2018 /home/travis/build/icyphy/ptII/ptolemy/actor/lib/test/auto/SingleEvent.xml
----------------- Instantiating /home/travis/build/icyphy/ptII/ptolemy/actor/lib/test/auto/SingleEvent.xml
1 ms. Memory: 1714688K Free: 1582451K (92%)
----------------- Invoking toplevel() on ptolemy.moml.MoMLSimpleApplication@7465c26
----------------- Done invoking toplevel() on ptolemy.moml.MoMLSimpleApplication@7465c26
reloadAllAccessors: .SingleEvent

===========================================================================================
----------------- testing Fri Jun 15 17:29:34 UTC 2018 /home/travis/build/icyphy/ptII/ptolemy/actor/lib/test/auto/Sleep.xml
----------------- Instantiating /home/travis/build/icyphy/ptII/ptolemy/actor/lib/test/auto/Sleep.xml
6003 ms. Memory: 1714688K Free: 1556572K (91%)
----------------- Invoking toplevel() on ptolemy.moml.MoMLSimpleApplication@4d801b10
----------------- Done invoking toplevel() on ptolemy.moml.MoMLSimpleApplication@4d801b10
reloadAllAccessors: .Sleep

===========================================================================================
----------------- testing Fri Jun 15 17:29:40 UTC 2018 /home/travis/build/icyphy/ptII/ptolemy/actor/lib/test/auto/SleepMultipleFire.xml
----------------- Instantiating /home/travis/build/icyphy/ptII/ptolemy/actor/lib/test/auto/SleepMultipleFire.xml
1005 ms. Memory: 1714688K Free: 1535068K (90%)
----------------- Invoking toplevel() on ptolemy.moml.MoMLSimpleApplication@47caa47f
----------------- Done invoking toplevel() on ptolemy.moml.MoMLSimpleApplication@47caa47f
reloadAllAccessors: .SleepMultipleFire

===========================================================================================
----------------- testing Fri Jun 15 17:29:41 UTC 2018 /home/travis/build/icyphy/ptII/ptolemy/actor/lib/test/auto/StopDE.xml
----------------- Instantiating /home/travis/build/icyphy/ptII/ptolemy/actor/lib/test/auto/StopDE.xml
2 ms. Memory: 1714688K Free: 1509189K (88%)
----------------- Invoking toplevel() on ptolemy.moml.MoMLSimpleApplication@471df521
----------------- Done invoking toplevel() on ptolemy.moml.MoMLSimpleApplication@471df521
reloadAllAccessors: .StopDE

===========================================================================================
----------------- testing Fri Jun 15 17:29:41 UTC 2018 /home/travis/build/icyphy/ptII/ptolemy/actor/lib/test/auto/StopSDF.xml
----------------- Instantiating /home/travis/build/icyphy/ptII/ptolemy/actor/lib/test/auto/StopSDF.xml
2 ms. Memory: 1714688K Free: 1483310K (87%)
----------------- Invoking toplevel() on ptolemy.moml.MoMLSimpleApplication@7882cb33
----------------- Done invoking toplevel() on ptolemy.moml.MoMLSimpleApplication@7882cb33
reloadAllAccessors: .StopSDF

===========================================================================================
----------------- testing Fri Jun 15 17:29:41 UTC 2018 /home/travis/build/icyphy/ptII/ptolemy/actor/lib/test/auto/StringConstant.xml
----------------- Instantiating /home/travis/build/icyphy/ptII/ptolemy/actor/lib/test/auto/StringConstant.xml
4 ms. Memory: 1714688K Free: 1461806K (85%)
----------------- Invoking toplevel() on ptolemy.moml.MoMLSimpleApplication@451d565c
----------------- Done invoking toplevel() on ptolemy.moml.MoMLSimpleApplication@451d565c
reloadAllAccessors: .StringConstant

===========================================================================================
----------------- testing Fri Jun 15 17:29:41 UTC 2018 /home/travis/build/icyphy/ptII/ptolemy/actor/lib/test/auto/SubscriberPortInitialValues1.xml
----------------- Instantiating /home/travis/build/icyphy/ptII/ptolemy/actor/lib/test/auto/SubscriberPortInitialValues1.xml
12 ms. Memory: 1714688K Free: 1435928K (84%)
----------------- Invoking toplevel() on ptolemy.moml.MoMLSimpleApplication@590a2367
----------------- Done invoking toplevel() on ptolemy.moml.MoMLSimpleApplication@590a2367
reloadAllAccessors: .SubscriberPortInitialValues1

===========================================================================================
----------------- testing Fri Jun 15 17:29:41 UTC 2018 /home/travis/build/icyphy/ptII/ptolemy/actor/lib/test/auto/SubscriberPortInitialValues13.xml
----------------- Instantiating /home/travis/build/icyphy/ptII/ptolemy/actor/lib/test/auto/SubscriberPortInitialValues13.xml
4 ms. Memory: 1714688K Free: 1414424K (82%)
----------------- Invoking toplevel() on ptolemy.moml.MoMLSimpleApplication@758a0428
----------------- Done invoking toplevel() on ptolemy.moml.MoMLSimpleApplication@758a0428
reloadAllAccessors: .SubscriberPortInitialValues13

===========================================================================================
----------------- testing Fri Jun 15 17:29:41 UTC 2018 /home/travis/build/icyphy/ptII/ptolemy/actor/lib/test/auto/SubscriberPortInitialValues14.xml
----------------- Instantiating /home/travis/build/icyphy/ptII/ptolemy/actor/lib/test/auto/SubscriberPortInitialValues14.xml
3 ms. Memory: 1714688K Free: 1388545K (81%)
----------------- Invoking toplevel() on ptolemy.moml.MoMLSimpleApplication@166f4c7d
----------------- Done invoking toplevel() on ptolemy.moml.MoMLSimpleApplication@166f4c7d
reloadAllAccessors: .SubscriberPortInitialValues14

===========================================================================================
----------------- testing Fri Jun 15 17:29:41 UTC 2018 /home/travis/build/icyphy/ptII/ptolemy/actor/lib/test/auto/SubscriberPortInitialValues2.xml
----------------- Instantiating /home/travis/build/icyphy/ptII/ptolemy/actor/lib/test/auto/SubscriberPortInitialValues2.xml
3 ms. Memory: 1714688K Free: 1367041K (80%)
----------------- Invoking toplevel() on ptolemy.moml.MoMLSimpleApplication@7f670a4f
----------------- Done invoking toplevel() on ptolemy.moml.MoMLSimpleApplication@7f670a4f
reloadAllAccessors: .SubscriberPortInitialValues2

===========================================================================================
----------------- testing Fri Jun 15 17:29:41 UTC 2018 /home/travis/build/icyphy/ptII/ptolemy/actor/lib/test/auto/SubscriberPortInitialValues3.xml
----------------- Instantiating /home/travis/build/icyphy/ptII/ptolemy/actor/lib/test/auto/SubscriberPortInitialValues3.xml
4 ms. Memory: 1714688K Free: 1341162K (78%)
----------------- Invoking toplevel() on ptolemy.moml.MoMLSimpleApplication@640eaf02
----------------- Done invoking toplevel() on ptolemy.moml.MoMLSimpleApplication@640eaf02
reloadAllAccessors: .SubscriberPortInitialValues3

===========================================================================================
----------------- testing Fri Jun 15 17:29:41 UTC 2018 /home/travis/build/icyphy/ptII/ptolemy/actor/lib/test/auto/SubscriptionAggregator.xml
----------------- Instantiating /home/travis/build/icyphy/ptII/ptolemy/actor/lib/test/auto/SubscriptionAggregator.xml
2 ms. Memory: 1714688K Free: 1319658K (77%)
----------------- Invoking toplevel() on ptolemy.moml.MoMLSimpleApplication@5c471fd0
----------------- Done invoking toplevel() on ptolemy.moml.MoMLSimpleApplication@5c471fd0
reloadAllAccessors: .SubscriptionAggregator

===========================================================================================
----------------- testing Fri Jun 15 17:29:41 UTC 2018 /home/travis/build/icyphy/ptII/ptolemy/actor/lib/test/auto/SubscriptionAggregator2.xml
----------------- Instantiating /home/travis/build/icyphy/ptII/ptolemy/actor/lib/test/auto/SubscriptionAggregator2.xml
2 ms. Memory: 1714688K Free: 1293779K (75%)
----------------- Invoking toplevel() on ptolemy.moml.MoMLSimpleApplication@32a9ef4
----------------- Done invoking toplevel() on ptolemy.moml.MoMLSimpleApplication@32a9ef4
reloadAllAccessors: .SubscriptionAggregator2

===========================================================================================
----------------- testing Fri Jun 15 17:29:41 UTC 2018 /home/travis/build/icyphy/ptII/ptolemy/actor/lib/test/auto/SubscriptionAggregator3.xml
----------------- Instantiating /home/travis/build/icyphy/ptII/ptolemy/actor/lib/test/auto/SubscriptionAggregator3.xml
5 ms. Memory: 1714688K Free: 1267901K (74%)
----------------- Invoking toplevel() on ptolemy.moml.MoMLSimpleApplication@26681a2
----------------- Done invoking toplevel() on ptolemy.moml.MoMLSimpleApplication@26681a2
reloadAllAccessors: .SubscriptionAggregator3

===========================================================================================
----------------- testing Fri Jun 15 17:29:41 UTC 2018 /home/travis/build/icyphy/ptII/ptolemy/actor/lib/test/auto/SubscriptionAggregatorMultiply.xml
----------------- Instantiating /home/travis/build/icyphy/ptII/ptolemy/actor/lib/test/auto/SubscriptionAggregatorMultiply.xml
6 ms. Memory: 1714688K Free: 1246397K (73%)
----------------- Invoking toplevel() on ptolemy.moml.MoMLSimpleApplication@1792cb47
----------------- Done invoking toplevel() on ptolemy.moml.MoMLSimpleApplication@1792cb47
reloadAllAccessors: .SubscriptionAggregatorMultiply

===========================================================================================
----------------- testing Fri Jun 15 17:29:41 UTC 2018 /home/travis/build/icyphy/ptII/ptolemy/actor/lib/test/auto/SubscriptionAggregatorPortMultiply1.xml
----------------- Instantiating /home/travis/build/icyphy/ptII/ptolemy/actor/lib/test/auto/SubscriptionAggregatorPortMultiply1.xml
10 ms. Memory: 1714688K Free: 1220518K (71%)
----------------- Invoking toplevel() on ptolemy.moml.MoMLSimpleApplication@6aaaa942
----------------- Done invoking toplevel() on ptolemy.moml.MoMLSimpleApplication@6aaaa942
reloadAllAccessors: .SubscriptionAggregatorPortMultiply1

===========================================================================================
----------------- testing Fri Jun 15 17:29:41 UTC 2018 /home/travis/build/icyphy/ptII/ptolemy/actor/lib/test/auto/Switch.xml
----------------- Instantiating /home/travis/build/icyphy/ptII/ptolemy/actor/lib/test/auto/Switch.xml
6 ms. Memory: 1714688K Free: 1134463K (66%)
----------------- Invoking toplevel() on ptolemy.moml.MoMLSimpleApplication@16d6d01d
----------------- Done invoking toplevel() on ptolemy.moml.MoMLSimpleApplication@16d6d01d
reloadAllAccessors: .Switch

===========================================================================================
----------------- testing Fri Jun 15 17:29:41 UTC 2018 /home/travis/build/icyphy/ptII/ptolemy/actor/lib/test/auto/Switch2.xml
----------------- Instantiating /home/travis/build/icyphy/ptII/ptolemy/actor/lib/test/auto/Switch2.xml
0 ms. Memory: 1714688K Free: 1108585K (65%)
----------------- Invoking toplevel() on ptolemy.moml.MoMLSimpleApplication@3af7ffec
----------------- Done invoking toplevel() on ptolemy.moml.MoMLSimpleApplication@3af7ffec
reloadAllAccessors: .Switch2

===========================================================================================
----------------- testing Fri Jun 15 17:29:41 UTC 2018 /home/travis/build/icyphy/ptII/ptolemy/actor/lib/test/auto/SwitchDE.xml
----------------- Instantiating /home/travis/build/icyphy/ptII/ptolemy/actor/lib/test/auto/SwitchDE.xml
3 ms. Memory: 1714688K Free: 1087081K (63%)
----------------- Invoking toplevel() on ptolemy.moml.MoMLSimpleApplication@4da0818d
----------------- Done invoking toplevel() on ptolemy.moml.MoMLSimpleApplication@4da0818d
reloadAllAccessors: .SwitchDE

===========================================================================================
----------------- testing Fri Jun 15 17:29:41 UTC 2018 /home/travis/build/icyphy/ptII/ptolemy/actor/lib/test/auto/SynchronizerDE.xml
----------------- Instantiating /home/travis/build/icyphy/ptII/ptolemy/actor/lib/test/auto/SynchronizerDE.xml
7 ms. Memory: 1714688K Free: 1061202K (62%)
----------------- Invoking toplevel() on ptolemy.moml.MoMLSimpleApplication@5de5b8b5
----------------- Done invoking toplevel() on ptolemy.moml.MoMLSimpleApplication@5de5b8b5
reloadAllAccessors: .SynchronizerDE

===========================================================================================
----------------- testing Fri Jun 15 17:29:41 UTC 2018 /home/travis/build/icyphy/ptII/ptolemy/actor/lib/test/auto/Test.xml
----------------- Instantiating /home/travis/build/icyphy/ptII/ptolemy/actor/lib/test/auto/Test.xml
2 ms. Memory: 1714688K Free: 1035323K (60%)
----------------- Invoking toplevel() on ptolemy.moml.MoMLSimpleApplication@4173b89e
----------------- Done invoking toplevel() on ptolemy.moml.MoMLSimpleApplication@4173b89e
reloadAllAccessors: .Test

===========================================================================================
----------------- testing Fri Jun 15 17:29:41 UTC 2018 /home/travis/build/icyphy/ptII/ptolemy/actor/lib/test/auto/TestExceptionAttribute1.xml
----------------- Instantiating /home/travis/build/icyphy/ptII/ptolemy/actor/lib/test/auto/TestExceptionAttribute1.xml
1 ms. Memory: 1714688K Free: 1013819K (59%)
----------------- Invoking toplevel() on ptolemy.moml.MoMLSimpleApplication@66e1f188
----------------- Done invoking toplevel() on ptolemy.moml.MoMLSimpleApplication@66e1f188
reloadAllAccessors: .TestExceptionAttribute1

===========================================================================================
----------------- testing Fri Jun 15 17:29:41 UTC 2018 /home/travis/build/icyphy/ptII/ptolemy/actor/lib/test/auto/TestExceptionAttribute2.xml
----------------- Instantiating /home/travis/build/icyphy/ptII/ptolemy/actor/lib/test/auto/TestExceptionAttribute2.xml
1 ms. Memory: 1714688K Free: 987940K (58%)
----------------- Invoking toplevel() on ptolemy.moml.MoMLSimpleApplication@54eb2298
----------------- Done invoking toplevel() on ptolemy.moml.MoMLSimpleApplication@54eb2298
reloadAllAccessors: .TestExceptionAttribute2

===========================================================================================
----------------- testing Fri Jun 15 17:29:41 UTC 2018 /home/travis/build/icyphy/ptII/ptolemy/actor/lib/test/auto/TestExceptionAttribute3.xml
----------------- Instantiating /home/travis/build/icyphy/ptII/ptolemy/actor/lib/test/auto/TestExceptionAttribute3.xml
.TestExceptionAttribute3.TestExceptionAttribute: initialize() was not invoked, but wrapup() was.  This is unusual, but not always a problem.  For example, exporting JNLP will do this.
0 ms. Memory: 1714688K Free: 966436K (56%)
----------------- Invoking toplevel() on ptolemy.moml.MoMLSimpleApplication@2f07a8b6
----------------- Done invoking toplevel() on ptolemy.moml.MoMLSimpleApplication@2f07a8b6
reloadAllAccessors: .TestExceptionAttribute3

===========================================================================================
----------------- testing Fri Jun 15 17:29:41 UTC 2018 /home/travis/build/icyphy/ptII/ptolemy/actor/lib/test/auto/TestExceptionAttribute4.xml
----------------- Instantiating /home/travis/build/icyphy/ptII/ptolemy/actor/lib/test/auto/TestExceptionAttribute4.xml
.TestExceptionAttribute4.TestExceptionAttribute: initialize() was not invoked, but wrapup() was.  This is unusual, but not always a problem.  For example, exporting JNLP will do this.
.TestExceptionAttribute4.TestExceptionAttribute2: initialize() was not invoked, but wrapup() was.  This is unusual, but not always a problem.  For example, exporting JNLP will do this.
1 ms. Memory: 1714688K Free: 940558K (55%)
----------------- Invoking toplevel() on ptolemy.moml.MoMLSimpleApplication@2a9f5463
----------------- Done invoking toplevel() on ptolemy.moml.MoMLSimpleApplication@2a9f5463
reloadAllAccessors: .TestExceptionAttribute4

===========================================================================================
----------------- testing Fri Jun 15 17:29:41 UTC 2018 /home/travis/build/icyphy/ptII/ptolemy/actor/lib/test/auto/TestExceptionHandler1.xml
----------------- Instantiating /home/travis/build/icyphy/ptII/ptolemy/actor/lib/test/auto/TestExceptionHandler1.xml
1 ms. Memory: 1714688K Free: 919054K (54%)
----------------- Invoking toplevel() on ptolemy.moml.MoMLSimpleApplication@6cc883fe
----------------- Done invoking toplevel() on ptolemy.moml.MoMLSimpleApplication@6cc883fe
reloadAllAccessors: .TestExceptionHandler1

===========================================================================================
----------------- testing Fri Jun 15 17:29:41 UTC 2018 /home/travis/build/icyphy/ptII/ptolemy/actor/lib/test/auto/TestExceptionHandler2.xml
----------------- Instantiating /home/travis/build/icyphy/ptII/ptolemy/actor/lib/test/auto/TestExceptionHandler2.xml
2 ms. Memory: 1714688K Free: 893175K (52%)
----------------- Invoking toplevel() on ptolemy.moml.MoMLSimpleApplication@49281a9a
----------------- Done invoking toplevel() on ptolemy.moml.MoMLSimpleApplication@49281a9a
reloadAllAccessors: .TestExceptionHandler2

===========================================================================================
----------------- testing Fri Jun 15 17:29:41 UTC 2018 /home/travis/build/icyphy/ptII/ptolemy/actor/lib/test/auto/TestExceptionHandler3.xml
----------------- Instantiating /home/travis/build/icyphy/ptII/ptolemy/actor/lib/test/auto/TestExceptionHandler3.xml
0 ms. Memory: 1714688K Free: 867296K (51%)
----------------- Invoking toplevel() on ptolemy.moml.MoMLSimpleApplication@f5eec87
----------------- Done invoking toplevel() on ptolemy.moml.MoMLSimpleApplication@f5eec87
reloadAllAccessors: .TestExceptionHandler3

===========================================================================================
----------------- testing Fri Jun 15 17:29:41 UTC 2018 /home/travis/build/icyphy/ptII/ptolemy/actor/lib/test/auto/TestExceptionHandler4.xml
----------------- Instantiating /home/travis/build/icyphy/ptII/ptolemy/actor/lib/test/auto/TestExceptionHandler4.xml
1 ms. Memory: 1714688K Free: 845792K (49%)
----------------- Invoking toplevel() on ptolemy.moml.MoMLSimpleApplication@58f3d9b5
----------------- Done invoking toplevel() on ptolemy.moml.MoMLSimpleApplication@58f3d9b5
reloadAllAccessors: .TestExceptionHandler4

===========================================================================================
----------------- testing Fri Jun 15 17:29:41 UTC 2018 /home/travis/build/icyphy/ptII/ptolemy/actor/lib/test/auto/TestRequireCorrectOrder.xml
----------------- Instantiating /home/travis/build/icyphy/ptII/ptolemy/actor/lib/test/auto/TestRequireCorrectOrder.xml
2 ms. Memory: 1714688K Free: 819913K (48%)
----------------- Invoking toplevel() on ptolemy.moml.MoMLSimpleApplication@516df861
----------------- Done invoking toplevel() on ptolemy.moml.MoMLSimpleApplication@516df861
reloadAllAccessors: .TestRequireCorrectOrder

===========================================================================================
----------------- testing Fri Jun 15 17:29:41 UTC 2018 /home/travis/build/icyphy/ptII/ptolemy/actor/lib/test/auto/TestSimple.xml
----------------- Instantiating /home/travis/build/icyphy/ptII/ptolemy/actor/lib/test/auto/TestSimple.xml
1 ms. Memory: 1714688K Free: 798409K (47%)
----------------- Invoking toplevel() on ptolemy.moml.MoMLSimpleApplication@1bc22107
----------------- Done invoking toplevel() on ptolemy.moml.MoMLSimpleApplication@1bc22107
reloadAllAccessors: .TestSimple

===========================================================================================
----------------- testing Fri Jun 15 17:29:41 UTC 2018 /home/travis/build/icyphy/ptII/ptolemy/actor/lib/test/auto/ThrowModelError.xml
----------------- Instantiating /home/travis/build/icyphy/ptII/ptolemy/actor/lib/test/auto/ThrowModelError.xml
1 ms. Memory: 1714688K Free: 772531K (45%)
----------------- Invoking toplevel() on ptolemy.moml.MoMLSimpleApplication@148c7702
----------------- Done invoking toplevel() on ptolemy.moml.MoMLSimpleApplication@148c7702
reloadAllAccessors: .ThrowModelError

===========================================================================================
----------------- testing Fri Jun 15 17:29:41 UTC 2018 /home/travis/build/icyphy/ptII/ptolemy/actor/lib/test/auto/TimeDelayMicrosteps.xml
----------------- Instantiating /home/travis/build/icyphy/ptII/ptolemy/actor/lib/test/auto/TimeDelayMicrosteps.xml
3 ms. Memory: 1714688K Free: 751027K (44%)
----------------- Invoking toplevel() on ptolemy.moml.MoMLSimpleApplication@4b9ecb42
----------------- Done invoking toplevel() on ptolemy.moml.MoMLSimpleApplication@4b9ecb42
reloadAllAccessors: .TimeDelayMicrosteps

===========================================================================================
----------------- testing Fri Jun 15 17:29:41 UTC 2018 /home/travis/build/icyphy/ptII/ptolemy/actor/lib/test/auto/TimeDelayMicrosteps2.xml
----------------- Instantiating /home/travis/build/icyphy/ptII/ptolemy/actor/lib/test/auto/TimeDelayMicrosteps2.xml
2 ms. Memory: 1714688K Free: 725148K (42%)
----------------- Invoking toplevel() on ptolemy.moml.MoMLSimpleApplication@24ab53a6
----------------- Done invoking toplevel() on ptolemy.moml.MoMLSimpleApplication@24ab53a6
reloadAllAccessors: .TimeDelayMicrosteps2

===========================================================================================
----------------- testing Fri Jun 15 17:29:41 UTC 2018 /home/travis/build/icyphy/ptII/ptolemy/actor/lib/test/auto/TimeDelayMicrosteps3.xml
----------------- Instantiating /home/travis/build/icyphy/ptII/ptolemy/actor/lib/test/auto/TimeDelayMicrosteps3.xml
2 ms. Memory: 1714688K Free: 699269K (41%)
----------------- Invoking toplevel() on ptolemy.moml.MoMLSimpleApplication@59d5cda0
----------------- Done invoking toplevel() on ptolemy.moml.MoMLSimpleApplication@59d5cda0
reloadAllAccessors: .TimeDelayMicrosteps3

===========================================================================================
----------------- testing Fri Jun 15 17:29:41 UTC 2018 /home/travis/build/icyphy/ptII/ptolemy/actor/lib/test/auto/TimeDelayVariableMicrosteps.xml
----------------- Instantiating /home/travis/build/icyphy/ptII/ptolemy/actor/lib/test/auto/TimeDelayVariableMicrosteps.xml
3 ms. Memory: 1714688K Free: 677765K (40%)
----------------- Invoking toplevel() on ptolemy.moml.MoMLSimpleApplication@4b978610
----------------- Done invoking toplevel() on ptolemy.moml.MoMLSimpleApplication@4b978610
reloadAllAccessors: .TimeDelayVariableMicrosteps

===========================================================================================
----------------- testing Fri Jun 15 17:29:41 UTC 2018 /home/travis/build/icyphy/ptII/ptolemy/actor/lib/test/auto/TimeGap.xml
----------------- Instantiating /home/travis/build/icyphy/ptII/ptolemy/actor/lib/test/auto/TimeGap.xml
3 ms. Memory: 1714688K Free: 651887K (38%)
----------------- Invoking toplevel() on ptolemy.moml.MoMLSimpleApplication@4b09d510
----------------- Done invoking toplevel() on ptolemy.moml.MoMLSimpleApplication@4b09d510
reloadAllAccessors: .TimeGap

===========================================================================================
----------------- testing Fri Jun 15 17:29:41 UTC 2018 /home/travis/build/icyphy/ptII/ptolemy/actor/lib/test/auto/TimeGap2.xml
----------------- Instantiating /home/travis/build/icyphy/ptII/ptolemy/actor/lib/test/auto/TimeGap2.xml
2 ms. Memory: 1714688K Free: 630383K (37%)
----------------- Invoking toplevel() on ptolemy.moml.MoMLSimpleApplication@1ed1f0be
----------------- Done invoking toplevel() on ptolemy.moml.MoMLSimpleApplication@1ed1f0be
reloadAllAccessors: .TimeGap2

===========================================================================================
----------------- testing Fri Jun 15 17:29:41 UTC 2018 /home/travis/build/icyphy/ptII/ptolemy/actor/lib/test/auto/TimedSinewave.xml
----------------- Instantiating /home/travis/build/icyphy/ptII/ptolemy/actor/lib/test/auto/TimedSinewave.xml
25 ms. Memory: 1714688K Free: 593752K (35%)
----------------- Invoking toplevel() on ptolemy.moml.MoMLSimpleApplication@956f9b5
----------------- Done invoking toplevel() on ptolemy.moml.MoMLSimpleApplication@956f9b5
reloadAllAccessors: .TimedSinewave

===========================================================================================
----------------- testing Fri Jun 15 17:29:41 UTC 2018 /home/travis/build/icyphy/ptII/ptolemy/actor/lib/test/auto/TimedSinewavePhase.xml
----------------- Instantiating /home/travis/build/icyphy/ptII/ptolemy/actor/lib/test/auto/TimedSinewavePhase.xml
9 ms. Memory: 1714688K Free: 572248K (33%)
----------------- Invoking toplevel() on ptolemy.moml.MoMLSimpleApplication@4482404b
----------------- Done invoking toplevel() on ptolemy.moml.MoMLSimpleApplication@4482404b
reloadAllAccessors: .TimedSinewavePhase

===========================================================================================
----------------- testing Fri Jun 15 17:29:41 UTC 2018 /home/travis/build/icyphy/ptII/ptolemy/actor/lib/test/auto/Timer.xml
----------------- Instantiating /home/travis/build/icyphy/ptII/ptolemy/actor/lib/test/auto/Timer.xml
2 ms. Memory: 1714688K Free: 546369K (32%)
----------------- Invoking toplevel() on ptolemy.moml.MoMLSimpleApplication@2b0593c2
----------------- Done invoking toplevel() on ptolemy.moml.MoMLSimpleApplication@2b0593c2
reloadAllAccessors: .Timer

===========================================================================================
----------------- testing Fri Jun 15 17:29:41 UTC 2018 /home/travis/build/icyphy/ptII/ptolemy/actor/lib/test/auto/TriangularDistTestModel.xml
----------------- Instantiating /home/travis/build/icyphy/ptII/ptolemy/actor/lib/test/auto/TriangularDistTestModel.xml
1 ms. Memory: 1714688K Free: 520490K (30%)
----------------- Invoking toplevel() on ptolemy.moml.MoMLSimpleApplication@6d48b9f0
----------------- Done invoking toplevel() on ptolemy.moml.MoMLSimpleApplication@6d48b9f0
reloadAllAccessors: .TriangularDistTestModel

===========================================================================================
----------------- testing Fri Jun 15 17:29:41 UTC 2018 /home/travis/build/icyphy/ptII/ptolemy/actor/lib/test/auto/TrigFunction.xml
----------------- Instantiating /home/travis/build/icyphy/ptII/ptolemy/actor/lib/test/auto/TrigFunction.xml
2 ms. Memory: 1714688K Free: 498986K (29%)
----------------- Invoking toplevel() on ptolemy.moml.MoMLSimpleApplication@3122a698
----------------- Done invoking toplevel() on ptolemy.moml.MoMLSimpleApplication@3122a698
reloadAllAccessors: .TrigFunction

===========================================================================================
----------------- testing Fri Jun 15 17:29:41 UTC 2018 /home/travis/build/icyphy/ptII/ptolemy/actor/lib/test/auto/TrigFunctionDE.xml
----------------- Instantiating /home/travis/build/icyphy/ptII/ptolemy/actor/lib/test/auto/TrigFunctionDE.xml
1 ms. Memory: 1714688K Free: 473107K (28%)
----------------- Invoking toplevel() on ptolemy.moml.MoMLSimpleApplication@5eaaf228
----------------- Done invoking toplevel() on ptolemy.moml.MoMLSimpleApplication@5eaaf228
reloadAllAccessors: .TrigFunctionDE

===========================================================================================
----------------- testing Fri Jun 15 17:29:41 UTC 2018 /home/travis/build/icyphy/ptII/ptolemy/actor/lib/test/auto/TrigFunctionInverse.xml
----------------- Instantiating /home/travis/build/icyphy/ptII/ptolemy/actor/lib/test/auto/TrigFunctionInverse.xml
2 ms. Memory: 1714688K Free: 451603K (26%)
----------------- Invoking toplevel() on ptolemy.moml.MoMLSimpleApplication@7fbe4727
----------------- Done invoking toplevel() on ptolemy.moml.MoMLSimpleApplication@7fbe4727
reloadAllAccessors: .TrigFunctionInverse

===========================================================================================
----------------- testing Fri Jun 15 17:29:41 UTC 2018 /home/travis/build/icyphy/ptII/ptolemy/actor/lib/test/auto/TrigFunctionTan.xml
----------------- Instantiating /home/travis/build/icyphy/ptII/ptolemy/actor/lib/test/auto/TrigFunctionTan.xml
1 ms. Memory: 1714688K Free: 425725K (25%)
----------------- Invoking toplevel() on ptolemy.moml.MoMLSimpleApplication@4f2350c2
----------------- Done invoking toplevel() on ptolemy.moml.MoMLSimpleApplication@4f2350c2
reloadAllAccessors: .TrigFunctionTan

===========================================================================================
----------------- testing Fri Jun 15 17:29:41 UTC 2018 /home/travis/build/icyphy/ptII/ptolemy/actor/lib/test/auto/TriggeredClock.xml
----------------- Instantiating /home/travis/build/icyphy/ptII/ptolemy/actor/lib/test/auto/TriggeredClock.xml
1 ms. Memory: 1714688K Free: 404221K (24%)
----------------- Invoking toplevel() on ptolemy.moml.MoMLSimpleApplication@790b1566
----------------- Done invoking toplevel() on ptolemy.moml.MoMLSimpleApplication@790b1566
reloadAllAccessors: .TriggeredClock

===========================================================================================
----------------- testing Fri Jun 15 17:29:41 UTC 2018 /home/travis/build/icyphy/ptII/ptolemy/actor/lib/test/auto/URLDirectoryReader.xml
----------------- Instantiating /home/travis/build/icyphy/ptII/ptolemy/actor/lib/test/auto/URLDirectoryReader.xml
32 ms. Memory: 1714688K Free: 378342K (22%)
----------------- Invoking toplevel() on ptolemy.moml.MoMLSimpleApplication@455fc2de
----------------- Done invoking toplevel() on ptolemy.moml.MoMLSimpleApplication@455fc2de
reloadAllAccessors: .URLDirectoryReader

===========================================================================================
----------------- testing Fri Jun 15 17:29:42 UTC 2018 /home/travis/build/icyphy/ptII/ptolemy/actor/lib/test/auto/URLDirectoryReader3.xml
----------------- Instantiating /home/travis/build/icyphy/ptII/ptolemy/actor/lib/test/auto/URLDirectoryReader3.xml
1177 ms. Memory: 1714688K Free: 298575K (17%)
----------------- Invoking toplevel() on ptolemy.moml.MoMLSimpleApplication@7987195
----------------- Done invoking toplevel() on ptolemy.moml.MoMLSimpleApplication@7987195
reloadAllAccessors: .URLDirectoryReader3

===========================================================================================
----------------- testing Fri Jun 15 17:29:43 UTC 2018 /home/travis/build/icyphy/ptII/ptolemy/actor/lib/test/auto/UnaryMathFunction.xml
----------------- Instantiating /home/travis/build/icyphy/ptII/ptolemy/actor/lib/test/auto/UnaryMathFunction.xml
5 ms. Memory: 1714688K Free: 277071K (16%)
----------------- Invoking toplevel() on ptolemy.moml.MoMLSimpleApplication@20e3c1b
----------------- Done invoking toplevel() on ptolemy.moml.MoMLSimpleApplication@20e3c1b
reloadAllAccessors: .UnaryMathFunction

===========================================================================================
----------------- testing Fri Jun 15 17:29:43 UTC 2018 /home/travis/build/icyphy/ptII/ptolemy/actor/lib/test/auto/Uniform.xml
----------------- Instantiating /home/travis/build/icyphy/ptII/ptolemy/actor/lib/test/auto/Uniform.xml
2 ms. Memory: 1714688K Free: 251192K (15%)
----------------- Invoking toplevel() on ptolemy.moml.MoMLSimpleApplication@272b4bd6
----------------- Done invoking toplevel() on ptolemy.moml.MoMLSimpleApplication@272b4bd6
reloadAllAccessors: .Uniform

===========================================================================================
----------------- testing Fri Jun 15 17:29:43 UTC 2018 /home/travis/build/icyphy/ptII/ptolemy/actor/lib/test/auto/UnionDisassemblerTest.xml
----------------- Instantiating /home/travis/build/icyphy/ptII/ptolemy/actor/lib/test/auto/UnionDisassemblerTest.xml
6 ms. Memory: 1714688K Free: 229688K (13%)
----------------- Invoking toplevel() on ptolemy.moml.MoMLSimpleApplication@4cb2ad68
----------------- Done invoking toplevel() on ptolemy.moml.MoMLSimpleApplication@4cb2ad68
reloadAllAccessors: .UnionDisassemblerTest

===========================================================================================
----------------- testing Fri Jun 15 17:29:43 UTC 2018 /home/travis/build/icyphy/ptII/ptolemy/actor/lib/test/auto/UtilityFunctions.xml
----------------- Instantiating /home/travis/build/icyphy/ptII/ptolemy/actor/lib/test/auto/UtilityFunctions.xml
1 ms. Memory: 1714688K Free: 203810K (12%)
----------------- Invoking toplevel() on ptolemy.moml.MoMLSimpleApplication@246aefec
----------------- Done invoking toplevel() on ptolemy.moml.MoMLSimpleApplication@246aefec
reloadAllAccessors: .UtilityFunctions

===========================================================================================
----------------- testing Fri Jun 15 17:29:43 UTC 2018 /home/travis/build/icyphy/ptII/ptolemy/actor/lib/test/auto/VariableSleep.xml
----------------- Instantiating /home/travis/build/icyphy/ptII/ptolemy/actor/lib/test/auto/VariableSleep.xml
503 ms. Memory: 1714688K Free: 177931K (10%)
----------------- Invoking toplevel() on ptolemy.moml.MoMLSimpleApplication@2cf730b2
----------------- Done invoking toplevel() on ptolemy.moml.MoMLSimpleApplication@2cf730b2
reloadAllAccessors: .VariableSleep

===========================================================================================
----------------- testing Fri Jun 15 17:29:44 UTC 2018 /home/travis/build/icyphy/ptII/ptolemy/actor/lib/test/auto/VectorAssemblerDisassemblerCT.xml
----------------- Instantiating /home/travis/build/icyphy/ptII/ptolemy/actor/lib/test/auto/VectorAssemblerDisassemblerCT.xml
67 ms. Memory: 1714688K Free: 145659K (8%)
----------------- Invoking toplevel() on ptolemy.moml.MoMLSimpleApplication@1223c545
----------------- Done invoking toplevel() on ptolemy.moml.MoMLSimpleApplication@1223c545
reloadAllAccessors: .VectorAssemblerDisassemblerCT

===========================================================================================
----------------- testing Fri Jun 15 17:29:44 UTC 2018 /home/travis/build/icyphy/ptII/ptolemy/actor/lib/test/auto/VectorAssemblerDisassemblerDE.xml
----------------- Instantiating /home/travis/build/icyphy/ptII/ptolemy/actor/lib/test/auto/VectorAssemblerDisassemblerDE.xml
3 ms. Memory: 1714688K Free: 119780K (7%)
----------------- Invoking toplevel() on ptolemy.moml.MoMLSimpleApplication@59d6f3bd
----------------- Done invoking toplevel() on ptolemy.moml.MoMLSimpleApplication@59d6f3bd
reloadAllAccessors: .VectorAssemblerDisassemblerDE

===========================================================================================
----------------- testing Fri Jun 15 17:29:44 UTC 2018 /home/travis/build/icyphy/ptII/ptolemy/actor/lib/test/auto/VectorAssemblerDisassemblerSDF.xml
----------------- Instantiating /home/travis/build/icyphy/ptII/ptolemy/actor/lib/test/auto/VectorAssemblerDisassemblerSDF.xml
7 ms. Memory: 1714688K Free: 98276K (6%)
----------------- Invoking toplevel() on ptolemy.moml.MoMLSimpleApplication@5f63d97f
----------------- Done invoking toplevel() on ptolemy.moml.MoMLSimpleApplication@5f63d97f
reloadAllAccessors: .VectorAssemblerDisassemblerSDF

===========================================================================================
----------------- testing Fri Jun 15 17:29:44 UTC 2018 /home/travis/build/icyphy/ptII/ptolemy/actor/lib/test/auto/WallClockTime.xml
----------------- Instantiating /home/travis/build/icyphy/ptII/ptolemy/actor/lib/test/auto/WallClockTime.xml
1005 ms. Memory: 1714688K Free: 72397K (4%)
----------------- Invoking toplevel() on ptolemy.moml.MoMLSimpleApplication@2ddae566
----------------- Done invoking toplevel() on ptolemy.moml.MoMLSimpleApplication@2ddae566
reloadAllAccessors: .WallClockTime

===========================================================================================
----------------- testing Fri Jun 15 17:29:45 UTC 2018 /home/travis/build/icyphy/ptII/ptolemy/actor/lib/test/auto/WidthTestWithSubscriberPublisher.xml
----------------- Instantiating /home/travis/build/icyphy/ptII/ptolemy/actor/lib/test/auto/WidthTestWithSubscriberPublisher.xml
6 ms. Memory: 1729536K Free: 1664092K (96%)
----------------- Invoking toplevel() on ptolemy.moml.MoMLSimpleApplication@20d76052
----------------- Done invoking toplevel() on ptolemy.moml.MoMLSimpleApplication@20d76052
reloadAllAccessors: .WidthTestWithSubscriberPublisher

===========================================================================================
----------------- testing Fri Jun 15 17:29:45 UTC 2018 /home/travis/build/icyphy/ptII/ptolemy/actor/lib/test/auto/WidthTestWithSubscriberPublisher2.xml
----------------- Instantiating /home/travis/build/icyphy/ptII/ptolemy/actor/lib/test/auto/WidthTestWithSubscriberPublisher2.xml
2 ms. Memory: 1729536K Free: 1644074K (95%)
----------------- Invoking toplevel() on ptolemy.moml.MoMLSimpleApplication@65c7e509
----------------- Done invoking toplevel() on ptolemy.moml.MoMLSimpleApplication@65c7e509
reloadAllAccessors: .WidthTestWithSubscriberPublisher2

===========================================================================================
----------------- testing Fri Jun 15 17:29:45 UTC 2018 /home/travis/build/icyphy/ptII/ptolemy/actor/lib/test/auto/WidthTestWithSubscriberPublisher3.xml
----------------- Instantiating /home/travis/build/icyphy/ptII/ptolemy/actor/lib/test/auto/WidthTestWithSubscriberPublisher3.xml
2 ms. Memory: 1729536K Free: 1624056K (94%)
----------------- Invoking toplevel() on ptolemy.moml.MoMLSimpleApplication@40ea54f7
----------------- Done invoking toplevel() on ptolemy.moml.MoMLSimpleApplication@40ea54f7
reloadAllAccessors: .WidthTestWithSubscriberPublisher3

===========================================================================================
----------------- testing Fri Jun 15 17:29:45 UTC 2018 /home/travis/build/icyphy/ptII/ptolemy/actor/lib/test/auto/Writer.xml
----------------- Instantiating /home/travis/build/icyphy/ptII/ptolemy/actor/lib/test/auto/Writer.xml
0
1
2
3
4
2 ms. Memory: 1729536K Free: 1607928K (93%)
----------------- Invoking toplevel() on ptolemy.moml.MoMLSimpleApplication@63caf31d
----------------- Done invoking toplevel() on ptolemy.moml.MoMLSimpleApplication@63caf31d
reloadAllAccessors: .Writer

===========================================================================================
----------------- testing Fri Jun 15 17:29:45 UTC 2018 /home/travis/build/icyphy/ptII/ptolemy/actor/lib/test/auto/array.xml
----------------- Instantiating /home/travis/build/icyphy/ptII/ptolemy/actor/lib/test/auto/array.xml
2 ms. Memory: 1729536K Free: 1587910K (92%)
----------------- Invoking toplevel() on ptolemy.moml.MoMLSimpleApplication@3fff6d5e
----------------- Done invoking toplevel() on ptolemy.moml.MoMLSimpleApplication@3fff6d5e
reloadAllAccessors: .array

===========================================================================================
----------------- testing Fri Jun 15 17:29:45 UTC 2018 /home/travis/build/icyphy/ptII/ptolemy/actor/lib/test/auto/array2.xml
----------------- Instantiating /home/travis/build/icyphy/ptII/ptolemy/actor/lib/test/auto/array2.xml
1 ms. Memory: 1729536K Free: 1567892K (91%)
----------------- Invoking toplevel() on ptolemy.moml.MoMLSimpleApplication@7b40d1d9
----------------- Done invoking toplevel() on ptolemy.moml.MoMLSimpleApplication@7b40d1d9
reloadAllAccessors: .array2

===========================================================================================
----------------- testing Fri Jun 15 17:29:45 UTC 2018 /home/travis/build/icyphy/ptII/ptolemy/actor/lib/test/auto/arrayType.xml
----------------- Instantiating /home/travis/build/icyphy/ptII/ptolemy/actor/lib/test/auto/arrayType.xml
5 ms. Memory: 1729536K Free: 1551764K (90%)
----------------- Invoking toplevel() on ptolemy.moml.MoMLSimpleApplication@7032d231
----------------- Done invoking toplevel() on ptolemy.moml.MoMLSimpleApplication@7032d231
reloadAllAccessors: .arrayType

===========================================================================================
----------------- testing Fri Jun 15 17:29:45 UTC 2018 /home/travis/build/icyphy/ptII/ptolemy/actor/lib/test/auto/arrayType10.xml
----------------- Instantiating /home/travis/build/icyphy/ptII/ptolemy/actor/lib/test/auto/arrayType10.xml
1 ms. Memory: 1729536K Free: 1531746K (89%)
----------------- Invoking toplevel() on ptolemy.moml.MoMLSimpleApplication@59710e83
----------------- Done invoking toplevel() on ptolemy.moml.MoMLSimpleApplication@59710e83
reloadAllAccessors: .arrayType10

===========================================================================================
----------------- testing Fri Jun 15 17:29:45 UTC 2018 /home/travis/build/icyphy/ptII/ptolemy/actor/lib/test/auto/arrayType11.xml
----------------- Instantiating /home/travis/build/icyphy/ptII/ptolemy/actor/lib/test/auto/arrayType11.xml
1 ms. Memory: 1729536K Free: 1511728K (87%)
----------------- Invoking toplevel() on ptolemy.moml.MoMLSimpleApplication@7d687290
----------------- Done invoking toplevel() on ptolemy.moml.MoMLSimpleApplication@7d687290
reloadAllAccessors: .arrayType11

===========================================================================================
----------------- testing Fri Jun 15 17:29:45 UTC 2018 /home/travis/build/icyphy/ptII/ptolemy/actor/lib/test/auto/arrayType12.xml
----------------- Instantiating /home/travis/build/icyphy/ptII/ptolemy/actor/lib/test/auto/arrayType12.xml
2 ms. Memory: 1729536K Free: 1495600K (86%)
----------------- Invoking toplevel() on ptolemy.moml.MoMLSimpleApplication@35f119d4
----------------- Done invoking toplevel() on ptolemy.moml.MoMLSimpleApplication@35f119d4
reloadAllAccessors: .arrayType12

===========================================================================================
----------------- testing Fri Jun 15 17:29:45 UTC 2018 /home/travis/build/icyphy/ptII/ptolemy/actor/lib/test/auto/arrayType13.xml
----------------- Instantiating /home/travis/build/icyphy/ptII/ptolemy/actor/lib/test/auto/arrayType13.xml
1 ms. Memory: 1729536K Free: 1475582K (85%)
----------------- Invoking toplevel() on ptolemy.moml.MoMLSimpleApplication@7667626e
----------------- Done invoking toplevel() on ptolemy.moml.MoMLSimpleApplication@7667626e
reloadAllAccessors: .arrayType13

===========================================================================================
----------------- testing Fri Jun 15 17:29:45 UTC 2018 /home/travis/build/icyphy/ptII/ptolemy/actor/lib/test/auto/arrayType14.xml
----------------- Instantiating /home/travis/build/icyphy/ptII/ptolemy/actor/lib/test/auto/arrayType14.xml
2 ms. Memory: 1729536K Free: 1455564K (84%)
----------------- Invoking toplevel() on ptolemy.moml.MoMLSimpleApplication@2abe62
----------------- Done invoking toplevel() on ptolemy.moml.MoMLSimpleApplication@2abe62
reloadAllAccessors: .arrayType14

===========================================================================================
----------------- testing Fri Jun 15 17:29:45 UTC 2018 /home/travis/build/icyphy/ptII/ptolemy/actor/lib/test/auto/arrayType15.xml
----------------- Instantiating /home/travis/build/icyphy/ptII/ptolemy/actor/lib/test/auto/arrayType15.xml
1 ms. Memory: 1729536K Free: 1439436K (83%)
----------------- Invoking toplevel() on ptolemy.moml.MoMLSimpleApplication@66f2d67b
----------------- Done invoking toplevel() on ptolemy.moml.MoMLSimpleApplication@66f2d67b
reloadAllAccessors: .arrayType15

===========================================================================================
----------------- testing Fri Jun 15 17:29:45 UTC 2018 /home/travis/build/icyphy/ptII/ptolemy/actor/lib/test/auto/arrayType16.xml
----------------- Instantiating /home/travis/build/icyphy/ptII/ptolemy/actor/lib/test/auto/arrayType16.xml
1 ms. Memory: 1729536K Free: 1419418K (82%)
----------------- Invoking toplevel() on ptolemy.moml.MoMLSimpleApplication@4e8db1a9
----------------- Done invoking toplevel() on ptolemy.moml.MoMLSimpleApplication@4e8db1a9
reloadAllAccessors: .arrayType16

===========================================================================================
----------------- testing Fri Jun 15 17:29:45 UTC 2018 /home/travis/build/icyphy/ptII/ptolemy/actor/lib/test/auto/arrayType17.xml
----------------- Instantiating /home/travis/build/icyphy/ptII/ptolemy/actor/lib/test/auto/arrayType17.xml
1 ms. Memory: 1729536K Free: 1399400K (81%)
----------------- Invoking toplevel() on ptolemy.moml.MoMLSimpleApplication@437af1cb
----------------- Done invoking toplevel() on ptolemy.moml.MoMLSimpleApplication@437af1cb
reloadAllAccessors: .arrayType17

===========================================================================================
----------------- testing Fri Jun 15 17:29:45 UTC 2018 /home/travis/build/icyphy/ptII/ptolemy/actor/lib/test/auto/arrayType18.xml
----------------- Instantiating /home/travis/build/icyphy/ptII/ptolemy/actor/lib/test/auto/arrayType18.xml
1 ms. Memory: 1729536K Free: 1383272K (80%)
----------------- Invoking toplevel() on ptolemy.moml.MoMLSimpleApplication@1de11442
----------------- Done invoking toplevel() on ptolemy.moml.MoMLSimpleApplication@1de11442
reloadAllAccessors: .arrayType18

===========================================================================================
----------------- testing Fri Jun 15 17:29:45 UTC 2018 /home/travis/build/icyphy/ptII/ptolemy/actor/lib/test/auto/arrayType19.xml
----------------- Instantiating /home/travis/build/icyphy/ptII/ptolemy/actor/lib/test/auto/arrayType19.xml
1 ms. Memory: 1729536K Free: 1363255K (79%)
----------------- Invoking toplevel() on ptolemy.moml.MoMLSimpleApplication@3412ad9
----------------- Done invoking toplevel() on ptolemy.moml.MoMLSimpleApplication@3412ad9
reloadAllAccessors: .arrayType19

===========================================================================================
----------------- testing Fri Jun 15 17:29:45 UTC 2018 /home/travis/build/icyphy/ptII/ptolemy/actor/lib/test/auto/arrayType2.xml
----------------- Instantiating /home/travis/build/icyphy/ptII/ptolemy/actor/lib/test/auto/arrayType2.xml
1 ms. Memory: 1729536K Free: 1343237K (78%)
----------------- Invoking toplevel() on ptolemy.moml.MoMLSimpleApplication@345974cc
----------------- Done invoking toplevel() on ptolemy.moml.MoMLSimpleApplication@345974cc
reloadAllAccessors: .arrayType2

===========================================================================================
----------------- testing Fri Jun 15 17:29:45 UTC 2018 /home/travis/build/icyphy/ptII/ptolemy/actor/lib/test/auto/arrayType20.xml
----------------- Instantiating /home/travis/build/icyphy/ptII/ptolemy/actor/lib/test/auto/arrayType20.xml
1 ms. Memory: 1729536K Free: 1327109K (77%)
----------------- Invoking toplevel() on ptolemy.moml.MoMLSimpleApplication@112b2717
----------------- Done invoking toplevel() on ptolemy.moml.MoMLSimpleApplication@112b2717
reloadAllAccessors: .arrayType20

===========================================================================================
----------------- testing Fri Jun 15 17:29:45 UTC 2018 /home/travis/build/icyphy/ptII/ptolemy/actor/lib/test/auto/arrayType21.xml
----------------- Instantiating /home/travis/build/icyphy/ptII/ptolemy/actor/lib/test/auto/arrayType21.xml
1 ms. Memory: 1729536K Free: 1307091K (76%)
----------------- Invoking toplevel() on ptolemy.moml.MoMLSimpleApplication@55f94cc0
----------------- Done invoking toplevel() on ptolemy.moml.MoMLSimpleApplication@55f94cc0
reloadAllAccessors: .arrayType21

===========================================================================================
----------------- testing Fri Jun 15 17:29:45 UTC 2018 /home/travis/build/icyphy/ptII/ptolemy/actor/lib/test/auto/arrayType22.xml
----------------- Instantiating /home/travis/build/icyphy/ptII/ptolemy/actor/lib/test/auto/arrayType22.xml
3 ms. Memory: 1729536K Free: 1287047K (74%)
----------------- Invoking toplevel() on ptolemy.moml.MoMLSimpleApplication@5a7a21a0
----------------- Done invoking toplevel() on ptolemy.moml.MoMLSimpleApplication@5a7a21a0
reloadAllAccessors: .arrayType22

===========================================================================================
----------------- testing Fri Jun 15 17:29:45 UTC 2018 /home/travis/build/icyphy/ptII/ptolemy/actor/lib/test/auto/arrayType23.xml
----------------- Instantiating /home/travis/build/icyphy/ptII/ptolemy/actor/lib/test/auto/arrayType23.xml
1 ms. Memory: 1729536K Free: 1270919K (73%)
----------------- Invoking toplevel() on ptolemy.moml.MoMLSimpleApplication@303c8f09
----------------- Done invoking toplevel() on ptolemy.moml.MoMLSimpleApplication@303c8f09
reloadAllAccessors: .arrayType23

===========================================================================================
----------------- testing Fri Jun 15 17:29:45 UTC 2018 /home/travis/build/icyphy/ptII/ptolemy/actor/lib/test/auto/arrayType24.xml
----------------- Instantiating /home/travis/build/icyphy/ptII/ptolemy/actor/lib/test/auto/arrayType24.xml
3 ms. Memory: 1729536K Free: 1250901K (72%)
----------------- Invoking toplevel() on ptolemy.moml.MoMLSimpleApplication@73652b05
----------------- Done invoking toplevel() on ptolemy.moml.MoMLSimpleApplication@73652b05
reloadAllAccessors: .arrayType24

===========================================================================================
----------------- testing Fri Jun 15 17:29:45 UTC 2018 /home/travis/build/icyphy/ptII/ptolemy/actor/lib/test/auto/arrayType25.xml
----------------- Instantiating /home/travis/build/icyphy/ptII/ptolemy/actor/lib/test/auto/arrayType25.xml
2 ms. Memory: 1729536K Free: 1230884K (71%)
----------------- Invoking toplevel() on ptolemy.moml.MoMLSimpleApplication@3c1dd446
----------------- Done invoking toplevel() on ptolemy.moml.MoMLSimpleApplication@3c1dd446
reloadAllAccessors: .arrayType25

===========================================================================================
----------------- testing Fri Jun 15 17:29:45 UTC 2018 /home/travis/build/icyphy/ptII/ptolemy/actor/lib/test/auto/arrayType26.xml
----------------- Instantiating /home/travis/build/icyphy/ptII/ptolemy/actor/lib/test/auto/arrayType26.xml
1 ms. Memory: 1729536K Free: 1214756K (70%)
----------------- Invoking toplevel() on ptolemy.moml.MoMLSimpleApplication@318b2606
----------------- Done invoking toplevel() on ptolemy.moml.MoMLSimpleApplication@318b2606
reloadAllAccessors: .arrayType26

===========================================================================================
----------------- testing Fri Jun 15 17:29:45 UTC 2018 /home/travis/build/icyphy/ptII/ptolemy/actor/lib/test/auto/arrayType27.xml
----------------- Instantiating /home/travis/build/icyphy/ptII/ptolemy/actor/lib/test/auto/arrayType27.xml
1 ms. Memory: 1729536K Free: 1194737K (69%)
----------------- Invoking toplevel() on ptolemy.moml.MoMLSimpleApplication@5fae4053
----------------- Done invoking toplevel() on ptolemy.moml.MoMLSimpleApplication@5fae4053
reloadAllAccessors: .arrayType27

===========================================================================================
----------------- testing Fri Jun 15 17:29:45 UTC 2018 /home/travis/build/icyphy/ptII/ptolemy/actor/lib/test/auto/arrayType28.xml
----------------- Instantiating /home/travis/build/icyphy/ptII/ptolemy/actor/lib/test/auto/arrayType28.xml
1 ms. Memory: 1729536K Free: 1174719K (68%)
----------------- Invoking toplevel() on ptolemy.moml.MoMLSimpleApplication@311efd92
----------------- Done invoking toplevel() on ptolemy.moml.MoMLSimpleApplication@311efd92
reloadAllAccessors: .arrayType28

===========================================================================================
----------------- testing Fri Jun 15 17:29:45 UTC 2018 /home/travis/build/icyphy/ptII/ptolemy/actor/lib/test/auto/arrayType3.xml
----------------- Instantiating /home/travis/build/icyphy/ptII/ptolemy/actor/lib/test/auto/arrayType3.xml
2 ms. Memory: 1729536K Free: 1158591K (67%)
----------------- Invoking toplevel() on ptolemy.moml.MoMLSimpleApplication@4730ba10
----------------- Done invoking toplevel() on ptolemy.moml.MoMLSimpleApplication@4730ba10
reloadAllAccessors: .arrayType3

===========================================================================================
----------------- testing Fri Jun 15 17:29:45 UTC 2018 /home/travis/build/icyphy/ptII/ptolemy/actor/lib/test/auto/arrayType4.xml
----------------- Instantiating /home/travis/build/icyphy/ptII/ptolemy/actor/lib/test/auto/arrayType4.xml
1 ms. Memory: 1729536K Free: 1138573K (66%)
----------------- Invoking toplevel() on ptolemy.moml.MoMLSimpleApplication@f6ce21c
----------------- Done invoking toplevel() on ptolemy.moml.MoMLSimpleApplication@f6ce21c
reloadAllAccessors: .arrayType4

===========================================================================================
----------------- testing Fri Jun 15 17:29:45 UTC 2018 /home/travis/build/icyphy/ptII/ptolemy/actor/lib/test/auto/arrayType5.xml
----------------- Instantiating /home/travis/build/icyphy/ptII/ptolemy/actor/lib/test/auto/arrayType5.xml
2 ms. Memory: 1729536K Free: 1118555K (65%)
----------------- Invoking toplevel() on ptolemy.moml.MoMLSimpleApplication@516429ac
----------------- Done invoking toplevel() on ptolemy.moml.MoMLSimpleApplication@516429ac
reloadAllAccessors: .arrayType5

===========================================================================================
----------------- testing Fri Jun 15 17:29:45 UTC 2018 /home/travis/build/icyphy/ptII/ptolemy/actor/lib/test/auto/arrayType6.xml
----------------- Instantiating /home/travis/build/icyphy/ptII/ptolemy/actor/lib/test/auto/arrayType6.xml
1 ms. Memory: 1729536K Free: 1102427K (64%)
----------------- Invoking toplevel() on ptolemy.moml.MoMLSimpleApplication@703e2e10
----------------- Done invoking toplevel() on ptolemy.moml.MoMLSimpleApplication@703e2e10
reloadAllAccessors: .arrayType6

===========================================================================================
----------------- testing Fri Jun 15 17:29:45 UTC 2018 /home/travis/build/icyphy/ptII/ptolemy/actor/lib/test/auto/arrayType7.xml
----------------- Instantiating /home/travis/build/icyphy/ptII/ptolemy/actor/lib/test/auto/arrayType7.xml
1 ms. Memory: 1729536K Free: 1082409K (63%)
----------------- Invoking toplevel() on ptolemy.moml.MoMLSimpleApplication@7cf1bf77
----------------- Done invoking toplevel() on ptolemy.moml.MoMLSimpleApplication@7cf1bf77
reloadAllAccessors: .arrayType7

===========================================================================================
----------------- testing Fri Jun 15 17:29:45 UTC 2018 /home/travis/build/icyphy/ptII/ptolemy/actor/lib/test/auto/arrayType8.xml
----------------- Instantiating /home/travis/build/icyphy/ptII/ptolemy/actor/lib/test/auto/arrayType8.xml
1 ms. Memory: 1729536K Free: 1062391K (61%)
----------------- Invoking toplevel() on ptolemy.moml.MoMLSimpleApplication@254f7aa2
----------------- Done invoking toplevel() on ptolemy.moml.MoMLSimpleApplication@254f7aa2
reloadAllAccessors: .arrayType8

===========================================================================================
----------------- testing Fri Jun 15 17:29:45 UTC 2018 /home/travis/build/icyphy/ptII/ptolemy/actor/lib/test/auto/arrayType9.xml
----------------- Instantiating /home/travis/build/icyphy/ptII/ptolemy/actor/lib/test/auto/arrayType9.xml
1 ms. Memory: 1729536K Free: 1046263K (60%)
----------------- Invoking toplevel() on ptolemy.moml.MoMLSimpleApplication@2230c2d8
----------------- Done invoking toplevel() on ptolemy.moml.MoMLSimpleApplication@2230c2d8
reloadAllAccessors: .arrayType9

===========================================================================================
----------------- testing Fri Jun 15 17:29:45 UTC 2018 /home/travis/build/icyphy/ptII/ptolemy/actor/lib/test/auto/cast.xml
----------------- Instantiating /home/travis/build/icyphy/ptII/ptolemy/actor/lib/test/auto/cast.xml
1 ms. Memory: 1729536K Free: 1026245K (59%)
----------------- Invoking toplevel() on ptolemy.moml.MoMLSimpleApplication@f9457ef
----------------- Done invoking toplevel() on ptolemy.moml.MoMLSimpleApplication@f9457ef
reloadAllAccessors: .cast

===========================================================================================
----------------- testing Fri Jun 15 17:29:45 UTC 2018 /home/travis/build/icyphy/ptII/ptolemy/actor/lib/test/auto/compositeMultiPort.xml
----------------- Instantiating /home/travis/build/icyphy/ptII/ptolemy/actor/lib/test/auto/compositeMultiPort.xml
3 ms. Memory: 1729536K Free: 1006227K (58%)
----------------- Invoking toplevel() on ptolemy.moml.MoMLSimpleApplication@2fa36a1
----------------- Done invoking toplevel() on ptolemy.moml.MoMLSimpleApplication@2fa36a1
reloadAllAccessors: .compositeMultiPort

===========================================================================================
----------------- testing Fri Jun 15 17:29:45 UTC 2018 /home/travis/build/icyphy/ptII/ptolemy/actor/lib/test/auto/expressionCastInference.xml
----------------- Instantiating /home/travis/build/icyphy/ptII/ptolemy/actor/lib/test/auto/expressionCastInference.xml
2 ms. Memory: 1729536K Free: 990099K (57%)
----------------- Invoking toplevel() on ptolemy.moml.MoMLSimpleApplication@5740b739
----------------- Done invoking toplevel() on ptolemy.moml.MoMLSimpleApplication@5740b739
reloadAllAccessors: .expressionCastInference

===========================================================================================
----------------- testing Fri Jun 15 17:29:45 UTC 2018 /home/travis/build/icyphy/ptII/ptolemy/actor/lib/test/auto/expressionCastInference2.xml
----------------- Instantiating /home/travis/build/icyphy/ptII/ptolemy/actor/lib/test/auto/expressionCastInference2.xml
2 ms. Memory: 1729536K Free: 970081K (56%)
----------------- Invoking toplevel() on ptolemy.moml.MoMLSimpleApplication@69027b42
----------------- Done invoking toplevel() on ptolemy.moml.MoMLSimpleApplication@69027b42
reloadAllAccessors: .expressionCastInference2

===========================================================================================
----------------- testing Fri Jun 15 17:29:45 UTC 2018 /home/travis/build/icyphy/ptII/ptolemy/actor/lib/test/auto/expressionInference.xml
----------------- Instantiating /home/travis/build/icyphy/ptII/ptolemy/actor/lib/test/auto/expressionInference.xml
1 ms. Memory: 1729536K Free: 950064K (55%)
----------------- Invoking toplevel() on ptolemy.moml.MoMLSimpleApplication@22ad8434
----------------- Done invoking toplevel() on ptolemy.moml.MoMLSimpleApplication@22ad8434
reloadAllAccessors: .expressionInference

===========================================================================================
----------------- testing Fri Jun 15 17:29:45 UTC 2018 /home/travis/build/icyphy/ptII/ptolemy/actor/lib/test/auto/expression_bug.xml
----------------- Instantiating /home/travis/build/icyphy/ptII/ptolemy/actor/lib/test/auto/expression_bug.xml
1 ms. Memory: 1729536K Free: 933936K (54%)
----------------- Invoking toplevel() on ptolemy.moml.MoMLSimpleApplication@5969ae31
----------------- Done invoking toplevel() on ptolemy.moml.MoMLSimpleApplication@5969ae31
reloadAllAccessors: .expression_bug

===========================================================================================
----------------- testing Fri Jun 15 17:29:45 UTC 2018 /home/travis/build/icyphy/ptII/ptolemy/actor/lib/test/auto/factorial.xml
----------------- Instantiating /home/travis/build/icyphy/ptII/ptolemy/actor/lib/test/auto/factorial.xml
38 ms. Memory: 1729536K Free: 913917K (53%)
----------------- Invoking toplevel() on ptolemy.moml.MoMLSimpleApplication@19f2329c
----------------- Done invoking toplevel() on ptolemy.moml.MoMLSimpleApplication@19f2329c
reloadAllAccessors: .factorial

===========================================================================================
----------------- testing Fri Jun 15 17:29:45 UTC 2018 /home/travis/build/icyphy/ptII/ptolemy/actor/lib/test/auto/filterTest1.xml
----------------- Instantiating /home/travis/build/icyphy/ptII/ptolemy/actor/lib/test/auto/filterTest1.xml
3 ms. Memory: 1729536K Free: 893900K (52%)
----------------- Invoking toplevel() on ptolemy.moml.MoMLSimpleApplication@18f6844
----------------- Done invoking toplevel() on ptolemy.moml.MoMLSimpleApplication@18f6844
reloadAllAccessors: .filterTest1

===========================================================================================
----------------- testing Fri Jun 15 17:29:45 UTC 2018 /home/travis/build/icyphy/ptII/ptolemy/actor/lib/test/auto/funcApplyInConst.xml
----------------- Instantiating /home/travis/build/icyphy/ptII/ptolemy/actor/lib/test/auto/funcApplyInConst.xml
1 ms. Memory: 1729536K Free: 877772K (51%)
----------------- Invoking toplevel() on ptolemy.moml.MoMLSimpleApplication@329ed0fd
----------------- Done invoking toplevel() on ptolemy.moml.MoMLSimpleApplication@329ed0fd
reloadAllAccessors: .funcApplyInConst

===========================================================================================
----------------- testing Fri Jun 15 17:29:45 UTC 2018 /home/travis/build/icyphy/ptII/ptolemy/actor/lib/test/auto/funcApplyInExpr.xml
----------------- Instantiating /home/travis/build/icyphy/ptII/ptolemy/actor/lib/test/auto/funcApplyInExpr.xml
1 ms. Memory: 1729536K Free: 857754K (50%)
----------------- Invoking toplevel() on ptolemy.moml.MoMLSimpleApplication@71ce3b9c
----------------- Done invoking toplevel() on ptolemy.moml.MoMLSimpleApplication@71ce3b9c
reloadAllAccessors: .funcApplyInExpr

===========================================================================================
----------------- testing Fri Jun 15 17:29:45 UTC 2018 /home/travis/build/icyphy/ptII/ptolemy/actor/lib/test/auto/function.xml
----------------- Instantiating /home/travis/build/icyphy/ptII/ptolemy/actor/lib/test/auto/function.xml
1 ms. Memory: 1729536K Free: 837736K (48%)
----------------- Invoking toplevel() on ptolemy.moml.MoMLSimpleApplication@77966b80
----------------- Done invoking toplevel() on ptolemy.moml.MoMLSimpleApplication@77966b80
reloadAllAccessors: .function

===========================================================================================
----------------- testing Fri Jun 15 17:29:45 UTC 2018 /home/travis/build/icyphy/ptII/ptolemy/actor/lib/test/auto/function2.xml
----------------- Instantiating /home/travis/build/icyphy/ptII/ptolemy/actor/lib/test/auto/function2.xml
1 ms. Memory: 1729536K Free: 821608K (48%)
----------------- Invoking toplevel() on ptolemy.moml.MoMLSimpleApplication@8320a9f
----------------- Done invoking toplevel() on ptolemy.moml.MoMLSimpleApplication@8320a9f
reloadAllAccessors: .function2

===========================================================================================
----------------- testing Fri Jun 15 17:29:45 UTC 2018 /home/travis/build/icyphy/ptII/ptolemy/actor/lib/test/auto/function3.xml
----------------- Instantiating /home/travis/build/icyphy/ptII/ptolemy/actor/lib/test/auto/function3.xml
1 ms. Memory: 1729536K Free: 801590K (46%)
----------------- Invoking toplevel() on ptolemy.moml.MoMLSimpleApplication@4790d20e
----------------- Done invoking toplevel() on ptolemy.moml.MoMLSimpleApplication@4790d20e
reloadAllAccessors: .function3

===========================================================================================
----------------- testing Fri Jun 15 17:29:45 UTC 2018 /home/travis/build/icyphy/ptII/ptolemy/actor/lib/test/auto/functionClosureTest1.xml
----------------- Instantiating /home/travis/build/icyphy/ptII/ptolemy/actor/lib/test/auto/functionClosureTest1.xml
2 ms. Memory: 1729536K Free: 781572K (45%)
----------------- Invoking toplevel() on ptolemy.moml.MoMLSimpleApplication@3b503da5
----------------- Done invoking toplevel() on ptolemy.moml.MoMLSimpleApplication@3b503da5
reloadAllAccessors: .functionClosureTest1

===========================================================================================
----------------- testing Fri Jun 15 17:29:45 UTC 2018 /home/travis/build/icyphy/ptII/ptolemy/actor/lib/test/auto/functionClosureTest2.xml
----------------- Instantiating /home/travis/build/icyphy/ptII/ptolemy/actor/lib/test/auto/functionClosureTest2.xml
1 ms. Memory: 1729536K Free: 765444K (44%)
----------------- Invoking toplevel() on ptolemy.moml.MoMLSimpleApplication@749f8028
----------------- Done invoking toplevel() on ptolemy.moml.MoMLSimpleApplication@749f8028
reloadAllAccessors: .functionClosureTest2

===========================================================================================
----------------- testing Fri Jun 15 17:29:46 UTC 2018 /home/travis/build/icyphy/ptII/ptolemy/actor/lib/test/auto/functionClosureTest3.xml
----------------- Instantiating /home/travis/build/icyphy/ptII/ptolemy/actor/lib/test/auto/functionClosureTest3.xml
2 ms. Memory: 1729536K Free: 745426K (43%)
----------------- Invoking toplevel() on ptolemy.moml.MoMLSimpleApplication@51328c4a
----------------- Done invoking toplevel() on ptolemy.moml.MoMLSimpleApplication@51328c4a
reloadAllAccessors: .functionClosureTest3

===========================================================================================
----------------- testing Fri Jun 15 17:29:46 UTC 2018 /home/travis/build/icyphy/ptII/ptolemy/actor/lib/test/auto/functionClosureTest4.xml
----------------- Instantiating /home/travis/build/icyphy/ptII/ptolemy/actor/lib/test/auto/functionClosureTest4.xml
4 ms. Memory: 1729536K Free: 725408K (42%)
----------------- Invoking toplevel() on ptolemy.moml.MoMLSimpleApplication@3663c700
----------------- Done invoking toplevel() on ptolemy.moml.MoMLSimpleApplication@3663c700
reloadAllAccessors: .functionClosureTest4

===========================================================================================
----------------- testing Fri Jun 15 17:29:46 UTC 2018 /home/travis/build/icyphy/ptII/ptolemy/actor/lib/test/auto/functionClosureTest5.xml
----------------- Instantiating /home/travis/build/icyphy/ptII/ptolemy/actor/lib/test/auto/functionClosureTest5.xml
3 ms. Memory: 1729536K Free: 709280K (41%)
----------------- Invoking toplevel() on ptolemy.moml.MoMLSimpleApplication@2fb21cb9
----------------- Done invoking toplevel() on ptolemy.moml.MoMLSimpleApplication@2fb21cb9
reloadAllAccessors: .functionClosureTest5

===========================================================================================
----------------- testing Fri Jun 15 17:29:46 UTC 2018 /home/travis/build/icyphy/ptII/ptolemy/actor/lib/test/auto/functionClosureTest6.xml
----------------- Instantiating /home/travis/build/icyphy/ptII/ptolemy/actor/lib/test/auto/functionClosureTest6.xml
2 ms. Memory: 1729536K Free: 689263K (40%)
----------------- Invoking toplevel() on ptolemy.moml.MoMLSimpleApplication@5d8f207
----------------- Done invoking toplevel() on ptolemy.moml.MoMLSimpleApplication@5d8f207
reloadAllAccessors: .functionClosureTest6

===========================================================================================
----------------- testing Fri Jun 15 17:29:46 UTC 2018 /home/travis/build/icyphy/ptII/ptolemy/actor/lib/test/auto/functionsOnArcs.xml
----------------- Instantiating /home/travis/build/icyphy/ptII/ptolemy/actor/lib/test/auto/functionsOnArcs.xml
1 ms. Memory: 1729536K Free: 669245K (39%)
----------------- Invoking toplevel() on ptolemy.moml.MoMLSimpleApplication@5d5d4905
----------------- Done invoking toplevel() on ptolemy.moml.MoMLSimpleApplication@5d5d4905
reloadAllAccessors: .functionsOnArcs

===========================================================================================
----------------- testing Fri Jun 15 17:29:46 UTC 2018 /home/travis/build/icyphy/ptII/ptolemy/actor/lib/test/auto/functionsOnArcsHOF.xml
----------------- Instantiating /home/travis/build/icyphy/ptII/ptolemy/actor/lib/test/auto/functionsOnArcsHOF.xml
3 ms. Memory: 1729536K Free: 653117K (38%)
----------------- Invoking toplevel() on ptolemy.moml.MoMLSimpleApplication@173207b5
----------------- Done invoking toplevel() on ptolemy.moml.MoMLSimpleApplication@173207b5
reloadAllAccessors: .functionsOnArcsHOF

===========================================================================================
----------------- testing Fri Jun 15 17:29:46 UTC 2018 /home/travis/build/icyphy/ptII/ptolemy/actor/lib/test/auto/logic.xml
----------------- Instantiating /home/travis/build/icyphy/ptII/ptolemy/actor/lib/test/auto/logic.xml
2 ms. Memory: 1729536K Free: 633099K (37%)
----------------- Invoking toplevel() on ptolemy.moml.MoMLSimpleApplication@57113248
----------------- Done invoking toplevel() on ptolemy.moml.MoMLSimpleApplication@57113248
reloadAllAccessors: .logic

===========================================================================================
----------------- testing Fri Jun 15 17:29:46 UTC 2018 /home/travis/build/icyphy/ptII/ptolemy/actor/lib/test/auto/matrixType.xml
----------------- Instantiating /home/travis/build/icyphy/ptII/ptolemy/actor/lib/test/auto/matrixType.xml
1 ms. Memory: 1729536K Free: 613081K (35%)
----------------- Invoking toplevel() on ptolemy.moml.MoMLSimpleApplication@3611c930
----------------- Done invoking toplevel() on ptolemy.moml.MoMLSimpleApplication@3611c930
reloadAllAccessors: .matrixType

===========================================================================================
----------------- testing Fri Jun 15 17:29:46 UTC 2018 /home/travis/build/icyphy/ptII/ptolemy/actor/lib/test/auto/matrixType10.xml
----------------- Instantiating /home/travis/build/icyphy/ptII/ptolemy/actor/lib/test/auto/matrixType10.xml
2 ms. Memory: 1729536K Free: 596953K (35%)
----------------- Invoking toplevel() on ptolemy.moml.MoMLSimpleApplication@6841cdc2
----------------- Done invoking toplevel() on ptolemy.moml.MoMLSimpleApplication@6841cdc2
reloadAllAccessors: .matrixType10

===========================================================================================
----------------- testing Fri Jun 15 17:29:46 UTC 2018 /home/travis/build/icyphy/ptII/ptolemy/actor/lib/test/auto/matrixType11.xml
----------------- Instantiating /home/travis/build/icyphy/ptII/ptolemy/actor/lib/test/auto/matrixType11.xml
1 ms. Memory: 1729536K Free: 576935K (33%)
----------------- Invoking toplevel() on ptolemy.moml.MoMLSimpleApplication@6d545a5
----------------- Done invoking toplevel() on ptolemy.moml.MoMLSimpleApplication@6d545a5
reloadAllAccessors: .matrixType11

===========================================================================================
----------------- testing Fri Jun 15 17:29:46 UTC 2018 /home/travis/build/icyphy/ptII/ptolemy/actor/lib/test/auto/matrixType12.xml
----------------- Instantiating /home/travis/build/icyphy/ptII/ptolemy/actor/lib/test/auto/matrixType12.xml
1 ms. Memory: 1729536K Free: 556917K (32%)
----------------- Invoking toplevel() on ptolemy.moml.MoMLSimpleApplication@2613c849
----------------- Done invoking toplevel() on ptolemy.moml.MoMLSimpleApplication@2613c849
reloadAllAccessors: .matrixType12

===========================================================================================
----------------- testing Fri Jun 15 17:29:46 UTC 2018 /home/travis/build/icyphy/ptII/ptolemy/actor/lib/test/auto/matrixType13.xml
----------------- Instantiating /home/travis/build/icyphy/ptII/ptolemy/actor/lib/test/auto/matrixType13.xml
2 ms. Memory: 1729536K Free: 540789K (31%)
----------------- Invoking toplevel() on ptolemy.moml.MoMLSimpleApplication@df75cd7
----------------- Done invoking toplevel() on ptolemy.moml.MoMLSimpleApplication@df75cd7
reloadAllAccessors: .matrixType13

===========================================================================================
----------------- testing Fri Jun 15 17:29:46 UTC 2018 /home/travis/build/icyphy/ptII/ptolemy/actor/lib/test/auto/matrixType14.xml
----------------- Instantiating /home/travis/build/icyphy/ptII/ptolemy/actor/lib/test/auto/matrixType14.xml
2 ms. Memory: 1729536K Free: 520771K (30%)
----------------- Invoking toplevel() on ptolemy.moml.MoMLSimpleApplication@72bd1d60
----------------- Done invoking toplevel() on ptolemy.moml.MoMLSimpleApplication@72bd1d60
reloadAllAccessors: .matrixType14

===========================================================================================
----------------- testing Fri Jun 15 17:29:46 UTC 2018 /home/travis/build/icyphy/ptII/ptolemy/actor/lib/test/auto/matrixType2.xml
----------------- Instantiating /home/travis/build/icyphy/ptII/ptolemy/actor/lib/test/auto/matrixType2.xml
1 ms. Memory: 1729536K Free: 500753K (29%)
----------------- Invoking toplevel() on ptolemy.moml.MoMLSimpleApplication@44cd2ff4
----------------- Done invoking toplevel() on ptolemy.moml.MoMLSimpleApplication@44cd2ff4
reloadAllAccessors: .matrixType2

===========================================================================================
----------------- testing Fri Jun 15 17:29:46 UTC 2018 /home/travis/build/icyphy/ptII/ptolemy/actor/lib/test/auto/matrixType3.xml
----------------- Instantiating /home/travis/build/icyphy/ptII/ptolemy/actor/lib/test/auto/matrixType3.xml
4 ms. Memory: 1729536K Free: 484625K (28%)
----------------- Invoking toplevel() on ptolemy.moml.MoMLSimpleApplication@1e5478bb
----------------- Done invoking toplevel() on ptolemy.moml.MoMLSimpleApplication@1e5478bb
reloadAllAccessors: .matrixType3

===========================================================================================
----------------- testing Fri Jun 15 17:29:46 UTC 2018 /home/travis/build/icyphy/ptII/ptolemy/actor/lib/test/auto/matrixType4.xml
----------------- Instantiating /home/travis/build/icyphy/ptII/ptolemy/actor/lib/test/auto/matrixType4.xml
1 ms. Memory: 1729536K Free: 464607K (27%)
----------------- Invoking toplevel() on ptolemy.moml.MoMLSimpleApplication@64ca6939
----------------- Done invoking toplevel() on ptolemy.moml.MoMLSimpleApplication@64ca6939
reloadAllAccessors: .matrixType4

===========================================================================================
----------------- testing Fri Jun 15 17:29:46 UTC 2018 /home/travis/build/icyphy/ptII/ptolemy/actor/lib/test/auto/matrixType5.xml
----------------- Instantiating /home/travis/build/icyphy/ptII/ptolemy/actor/lib/test/auto/matrixType5.xml
2 ms. Memory: 1729536K Free: 444590K (26%)
----------------- Invoking toplevel() on ptolemy.moml.MoMLSimpleApplication@15010e25
----------------- Done invoking toplevel() on ptolemy.moml.MoMLSimpleApplication@15010e25
reloadAllAccessors: .matrixType5

===========================================================================================
----------------- testing Fri Jun 15 17:29:46 UTC 2018 /home/travis/build/icyphy/ptII/ptolemy/actor/lib/test/auto/matrixType6.xml
----------------- Instantiating /home/travis/build/icyphy/ptII/ptolemy/actor/lib/test/auto/matrixType6.xml
1 ms. Memory: 1729536K Free: 428462K (25%)
----------------- Invoking toplevel() on ptolemy.moml.MoMLSimpleApplication@6ba32ec9
----------------- Done invoking toplevel() on ptolemy.moml.MoMLSimpleApplication@6ba32ec9
reloadAllAccessors: .matrixType6

===========================================================================================
----------------- testing Fri Jun 15 17:29:46 UTC 2018 /home/travis/build/icyphy/ptII/ptolemy/actor/lib/test/auto/matrixType7.xml
----------------- Instantiating /home/travis/build/icyphy/ptII/ptolemy/actor/lib/test/auto/matrixType7.xml
2 ms. Memory: 1729536K Free: 408444K (24%)
----------------- Invoking toplevel() on ptolemy.moml.MoMLSimpleApplication@3bbfc9b7
----------------- Done invoking toplevel() on ptolemy.moml.MoMLSimpleApplication@3bbfc9b7
reloadAllAccessors: .matrixType7

===========================================================================================
----------------- testing Fri Jun 15 17:29:46 UTC 2018 /home/travis/build/icyphy/ptII/ptolemy/actor/lib/test/auto/matrixType8.xml
----------------- Instantiating /home/travis/build/icyphy/ptII/ptolemy/actor/lib/test/auto/matrixType8.xml
1 ms. Memory: 1729536K Free: 388426K (22%)
----------------- Invoking toplevel() on ptolemy.moml.MoMLSimpleApplication@6dbe179e
----------------- Done invoking toplevel() on ptolemy.moml.MoMLSimpleApplication@6dbe179e
reloadAllAccessors: .matrixType8

===========================================================================================
----------------- testing Fri Jun 15 17:29:46 UTC 2018 /home/travis/build/icyphy/ptII/ptolemy/actor/lib/test/auto/matrixType9.xml
----------------- Instantiating /home/travis/build/icyphy/ptII/ptolemy/actor/lib/test/auto/matrixType9.xml
2 ms. Memory: 1729536K Free: 372298K (22%)
----------------- Invoking toplevel() on ptolemy.moml.MoMLSimpleApplication@5815f1da
----------------- Done invoking toplevel() on ptolemy.moml.MoMLSimpleApplication@5815f1da
reloadAllAccessors: .matrixType9

===========================================================================================
----------------- testing Fri Jun 15 17:29:46 UTC 2018 /home/travis/build/icyphy/ptII/ptolemy/actor/lib/test/auto/paraFunctest.xml
----------------- Instantiating /home/travis/build/icyphy/ptII/ptolemy/actor/lib/test/auto/paraFunctest.xml
1 ms. Memory: 1729536K Free: 352280K (20%)
----------------- Invoking toplevel() on ptolemy.moml.MoMLSimpleApplication@32793d54
----------------- Done invoking toplevel() on ptolemy.moml.MoMLSimpleApplication@32793d54
reloadAllAccessors: .paraFunctest

===========================================================================================
----------------- testing Fri Jun 15 17:29:46 UTC 2018 /home/travis/build/icyphy/ptII/ptolemy/actor/lib/test/auto/paraFunctest2.xml
----------------- Instantiating /home/travis/build/icyphy/ptII/ptolemy/actor/lib/test/auto/paraFunctest2.xml
1 ms. Memory: 1729536K Free: 332262K (19%)
----------------- Invoking toplevel() on ptolemy.moml.MoMLSimpleApplication@4899662c
----------------- Done invoking toplevel() on ptolemy.moml.MoMLSimpleApplication@4899662c
reloadAllAccessors: .paraFunctest2

===========================================================================================
----------------- testing Fri Jun 15 17:29:46 UTC 2018 /home/travis/build/icyphy/ptII/ptolemy/actor/lib/test/auto/parameterPassing.xml
----------------- Instantiating /home/travis/build/icyphy/ptII/ptolemy/actor/lib/test/auto/parameterPassing.xml
0 ms. Memory: 1729536K Free: 316134K (18%)
----------------- Invoking toplevel() on ptolemy.moml.MoMLSimpleApplication@1b98cdf
----------------- Done invoking toplevel() on ptolemy.moml.MoMLSimpleApplication@1b98cdf
reloadAllAccessors: .parameterPassing

===========================================================================================
----------------- testing Fri Jun 15 17:29:46 UTC 2018 /home/travis/build/icyphy/ptII/ptolemy/actor/lib/test/auto/record.xml
----------------- Instantiating /home/travis/build/icyphy/ptII/ptolemy/actor/lib/test/auto/record.xml
3 ms. Memory: 1729536K Free: 296116K (17%)
----------------- Invoking toplevel() on ptolemy.moml.MoMLSimpleApplication@48560f18
----------------- Done invoking toplevel() on ptolemy.moml.MoMLSimpleApplication@48560f18
reloadAllAccessors: .record

===========================================================================================
----------------- testing Fri Jun 15 17:29:46 UTC 2018 /home/travis/build/icyphy/ptII/ptolemy/actor/lib/test/auto/sizedarray1.xml
----------------- Instantiating /home/travis/build/icyphy/ptII/ptolemy/actor/lib/test/auto/sizedarray1.xml
1 ms. Memory: 1729536K Free: 276098K (16%)
----------------- Invoking toplevel() on ptolemy.moml.MoMLSimpleApplication@7dd38ed9
----------------- Done invoking toplevel() on ptolemy.moml.MoMLSimpleApplication@7dd38ed9
reloadAllAccessors: .sizedarray1

===========================================================================================
----------------- testing Fri Jun 15 17:29:46 UTC 2018 /home/travis/build/icyphy/ptII/ptolemy/actor/lib/test/auto/sizedarray2.xml
----------------- Instantiating /home/travis/build/icyphy/ptII/ptolemy/actor/lib/test/auto/sizedarray2.xml
2 ms. Memory: 1729536K Free: 259970K (15%)
----------------- Invoking toplevel() on ptolemy.moml.MoMLSimpleApplication@1bfd4823
----------------- Done invoking toplevel() on ptolemy.moml.MoMLSimpleApplication@1bfd4823
reloadAllAccessors: .sizedarray2

===========================================================================================
----------------- testing Fri Jun 15 17:29:46 UTC 2018 /home/travis/build/icyphy/ptII/ptolemy/actor/lib/test/auto/twoPublishers.xml
----------------- Instantiating /home/travis/build/icyphy/ptII/ptolemy/actor/lib/test/auto/twoPublishers.xml
5 ms. Memory: 1729536K Free: 231872K (13%)
----------------- Invoking toplevel() on ptolemy.moml.MoMLSimpleApplication@30e17dd1
----------------- Done invoking toplevel() on ptolemy.moml.MoMLSimpleApplication@30e17dd1
reloadAllAccessors: .twoPublishers
AutoTests.java: About to close Vertx.
AutoTests.java: Vertx closed.
]]></system-out>
  <system-err><![CDATA[java.lang.RuntimeException: Execution failed
	at ptolemy.moml.MoMLSimpleApplication$UnloadThread.run(MoMLSimpleApplication.java:402)
Caused by: java.lang.RuntimeException: Normally, we would exit here because Manager.exitAfterWrapup() was called.  However, because the ptolemy.ptII.exitAfterWrapup property is set, we throw this exception instead.
	at ptolemy.util.StringUtilities.exit(StringUtilities.java:363)
	at ptolemy.actor.Manager.wrapup(Manager.java:1531)
	at ptolemy.actor.Manager.execute(Manager.java:407)
	at ptolemy.actor.Manager.run(Manager.java:1263)
	at ptolemy.actor.Manager$PtolemyRunThread.run(Manager.java:1915)
Warning: '.top.test' is in training mode, set the trainingMode parameter to false before checking in
Warning: '.top.test' is in training mode, set the trainingMode parameter to false before checking in
Warning: '.top.test' is in training mode, set the trainingMode parameter to false before checking in
Warning: '.BooleanSwitch_RegressionTest_WrongTrainingValues.Test' is in training mode, set the trainingMode parameter to false before checking in
Warning: '.BooleanSwitch_RegressionTest_WrongTrainingValues.Test2' is in training mode, set the trainingMode parameter to false before checking in
Warning: '.BooleanSwitch_RegressionTest_WrongTrainingValues.Test2' The test produced 0 tokens.
Warning: '.top.testExceptionHandler' is in training mode, set the trainingMode parameter to false before checking in
java.lang.RuntimeException: Execution failed
	at ptolemy.moml.MoMLSimpleApplication$UnloadThread.run(MoMLSimpleApplication.java:402)
Caused by: ptolemy.kernel.util.IllegalActionException: PublisherPorts cannot be used at the top level, use a Publisher actor instead.
  in .PublisherPortToplevelSubscriber.PublisherPort
	at ptolemy.actor.PublisherPort.preinitialize(PublisherPort.java:403)
	at ptolemy.actor.CompositeActor.preinitialize(CompositeActor.java:1769)
	at ptolemy.actor.Manager.preinitializeAndResolveTypes(Manager.java:1040)
	at ptolemy.actor.Manager.initialize(Manager.java:710)
	at ptolemy.actor.Manager.execute(Manager.java:356)
	at ptolemy.actor.Manager.run(Manager.java:1263)
	at ptolemy.actor.Manager$PtolemyRunThread.run(Manager.java:1915)
java.lang.reflect.InvocationTargetException
	at sun.reflect.NativeConstructorAccessorImpl.newInstance0(Native Method)
	at sun.reflect.NativeConstructorAccessorImpl.newInstance(NativeConstructorAccessorImpl.java:62)
	at sun.reflect.DelegatingConstructorAccessorImpl.newInstance(DelegatingConstructorAccessorImpl.java:45)
	at java.lang.reflect.Constructor.newInstance(Constructor.java:423)
	at ptolemy.util.test.junit.AutoKnownFailedTests.RunModel(AutoKnownFailedTests.java:107)
	at sun.reflect.NativeMethodAccessorImpl.invoke0(Native Method)
	at sun.reflect.NativeMethodAccessorImpl.invoke(NativeMethodAccessorImpl.java:62)
	at sun.reflect.DelegatingMethodAccessorImpl.invoke(DelegatingMethodAccessorImpl.java:43)
	at java.lang.reflect.Method.invoke(Method.java:498)
	at org.junit.runners.model.FrameworkMethod$1.runReflectiveCall(FrameworkMethod.java:44)
	at org.junit.internal.runners.model.ReflectiveCallable.run(ReflectiveCallable.java:15)
	at org.junit.runners.model.FrameworkMethod.invokeExplosively(FrameworkMethod.java:41)
	at junitparams.internal.InvokeParameterisedMethod.evaluate(InvokeParameterisedMethod.java:102)
	at org.junit.internal.runners.statements.FailOnTimeout$1.run(FailOnTimeout.java:28)
Caused by: ptolemy.kernel.util.IllegalActionException: PublisherPorts cannot be used at the top level, use a Publisher actor instead.
  in .PublisherPortToplevelSubscriber.PublisherPort
	at ptolemy.actor.PublisherPort.preinitialize(PublisherPort.java:403)
	at ptolemy.actor.CompositeActor.preinitialize(CompositeActor.java:1769)
	at ptolemy.actor.Manager.preinitializeAndResolveTypes(Manager.java:1040)
	at ptolemy.actor.Manager.initialize(Manager.java:710)
	at ptolemy.actor.Manager.execute(Manager.java:356)
	at ptolemy.actor.Manager.run(Manager.java:1263)
	at ptolemy.actor.Manager$PtolemyRunThread.run(Manager.java:1915)
java.lang.RuntimeException: Execution failed
	at ptolemy.moml.MoMLSimpleApplication$UnloadThread.run(MoMLSimpleApplication.java:402)
Caused by: ptolemy.kernel.util.IllegalActionException: SubscriberPorts cannot be used at the top level, use a Subscriber actor instead.
  in .PublisherSubscriberPortToplevel.SubscriberPort
	at ptolemy.actor.SubscriberPort.preinitialize(SubscriberPort.java:328)
	at ptolemy.actor.CompositeActor.preinitialize(CompositeActor.java:1769)
	at ptolemy.actor.Manager.preinitializeAndResolveTypes(Manager.java:1040)
	at ptolemy.actor.Manager.initialize(Manager.java:710)
	at ptolemy.actor.Manager.execute(Manager.java:356)
	at ptolemy.actor.Manager.run(Manager.java:1263)
	at ptolemy.actor.Manager$PtolemyRunThread.run(Manager.java:1915)
java.lang.reflect.InvocationTargetException
	at sun.reflect.NativeConstructorAccessorImpl.newInstance0(Native Method)
	at sun.reflect.NativeConstructorAccessorImpl.newInstance(NativeConstructorAccessorImpl.java:62)
	at sun.reflect.DelegatingConstructorAccessorImpl.newInstance(DelegatingConstructorAccessorImpl.java:45)
	at java.lang.reflect.Constructor.newInstance(Constructor.java:423)
	at ptolemy.util.test.junit.AutoKnownFailedTests.RunModel(AutoKnownFailedTests.java:107)
	at sun.reflect.NativeMethodAccessorImpl.invoke0(Native Method)
	at sun.reflect.NativeMethodAccessorImpl.invoke(NativeMethodAccessorImpl.java:62)
	at sun.reflect.DelegatingMethodAccessorImpl.invoke(DelegatingMethodAccessorImpl.java:43)
	at java.lang.reflect.Method.invoke(Method.java:498)
	at org.junit.runners.model.FrameworkMethod$1.runReflectiveCall(FrameworkMethod.java:44)
	at org.junit.internal.runners.model.ReflectiveCallable.run(ReflectiveCallable.java:15)
	at org.junit.runners.model.FrameworkMethod.invokeExplosively(FrameworkMethod.java:41)
	at junitparams.internal.InvokeParameterisedMethod.evaluate(InvokeParameterisedMethod.java:102)
	at org.junit.internal.runners.statements.FailOnTimeout$1.run(FailOnTimeout.java:28)
Caused by: ptolemy.kernel.util.IllegalActionException: SubscriberPorts cannot be used at the top level, use a Subscriber actor instead.
  in .PublisherSubscriberPortToplevel.SubscriberPort
	at ptolemy.actor.SubscriberPort.preinitialize(SubscriberPort.java:328)
	at ptolemy.actor.CompositeActor.preinitialize(CompositeActor.java:1769)
	at ptolemy.actor.Manager.preinitializeAndResolveTypes(Manager.java:1040)
	at ptolemy.actor.Manager.initialize(Manager.java:710)
	at ptolemy.actor.Manager.execute(Manager.java:356)
	at ptolemy.actor.Manager.run(Manager.java:1263)
	at ptolemy.actor.Manager$PtolemyRunThread.run(Manager.java:1915)
java.lang.RuntimeException: Execution failed
	at ptolemy.moml.MoMLSimpleApplication$UnloadThread.run(MoMLSimpleApplication.java:402)
Caused by: ptolemy.kernel.util.IllegalActionException: SubscriptionAggregatorPorts cannot be used at the top level, use a SubscriptionAggregator actor instead.
  in .PublisherSubscriptionAggregatorPort.SubscriptionAggregatorPort
	at ptolemy.actor.SubscriptionAggregatorPort.preinitialize(SubscriptionAggregatorPort.java:353)
	at ptolemy.actor.CompositeActor.preinitialize(CompositeActor.java:1769)
	at ptolemy.actor.Manager.preinitializeAndResolveTypes(Manager.java:1040)
	at ptolemy.actor.Manager.initialize(Manager.java:710)
	at ptolemy.actor.Manager.execute(Manager.java:356)
	at ptolemy.actor.Manager.run(Manager.java:1263)
	at ptolemy.actor.Manager$PtolemyRunThread.run(Manager.java:1915)
java.lang.reflect.InvocationTargetException
	at sun.reflect.NativeConstructorAccessorImpl.newInstance0(Native Method)
	at sun.reflect.NativeConstructorAccessorImpl.newInstance(NativeConstructorAccessorImpl.java:62)
	at sun.reflect.DelegatingConstructorAccessorImpl.newInstance(DelegatingConstructorAccessorImpl.java:45)
	at java.lang.reflect.Constructor.newInstance(Constructor.java:423)
	at ptolemy.util.test.junit.AutoKnownFailedTests.RunModel(AutoKnownFailedTests.java:107)
	at sun.reflect.NativeMethodAccessorImpl.invoke0(Native Method)
	at sun.reflect.NativeMethodAccessorImpl.invoke(NativeMethodAccessorImpl.java:62)
	at sun.reflect.DelegatingMethodAccessorImpl.invoke(DelegatingMethodAccessorImpl.java:43)
	at java.lang.reflect.Method.invoke(Method.java:498)
	at org.junit.runners.model.FrameworkMethod$1.runReflectiveCall(FrameworkMethod.java:44)
	at org.junit.internal.runners.model.ReflectiveCallable.run(ReflectiveCallable.java:15)
	at org.junit.runners.model.FrameworkMethod.invokeExplosively(FrameworkMethod.java:41)
	at junitparams.internal.InvokeParameterisedMethod.evaluate(InvokeParameterisedMethod.java:102)
	at org.junit.internal.runners.statements.FailOnTimeout$1.run(FailOnTimeout.java:28)
Caused by: ptolemy.kernel.util.IllegalActionException: SubscriptionAggregatorPorts cannot be used at the top level, use a SubscriptionAggregator actor instead.
  in .PublisherSubscriptionAggregatorPort.SubscriptionAggregatorPort
	at ptolemy.actor.SubscriptionAggregatorPort.preinitialize(SubscriptionAggregatorPort.java:353)
	at ptolemy.actor.CompositeActor.preinitialize(CompositeActor.java:1769)
	at ptolemy.actor.Manager.preinitializeAndResolveTypes(Manager.java:1040)
	at ptolemy.actor.Manager.initialize(Manager.java:710)
	at ptolemy.actor.Manager.execute(Manager.java:356)
	at ptolemy.actor.Manager.run(Manager.java:1263)
	at ptolemy.actor.Manager$PtolemyRunThread.run(Manager.java:1915)
java.lang.RuntimeException: Execution failed
	at ptolemy.moml.MoMLSimpleApplication$UnloadThread.run(MoMLSimpleApplication.java:402)
Caused by: ptolemy.kernel.util.IllegalActionException: TypeTest actor has no training data.
  in .sizedarray3.TypeTest
	at ptolemy.actor.lib.TypeTest.initialize(TypeTest.java:250)
	at ptolemy.actor.Director.initialize(Director.java:938)
	at ptolemy.actor.Director.initialize(Director.java:907)
	at ptolemy.actor.sched.StaticSchedulingDirector.initialize(StaticSchedulingDirector.java:159)
	at ptolemy.domains.sdf.kernel.SDFDirector.initialize(SDFDirector.java:544)
	at ptolemy.actor.CompositeActor.initialize(CompositeActor.java:935)
	at ptolemy.actor.Manager.initialize(Manager.java:724)
	at ptolemy.actor.Manager.execute(Manager.java:356)
	at ptolemy.actor.Manager.run(Manager.java:1263)
	at ptolemy.actor.Manager$PtolemyRunThread.run(Manager.java:1915)
java.lang.reflect.InvocationTargetException
	at sun.reflect.NativeConstructorAccessorImpl.newInstance0(Native Method)
	at sun.reflect.NativeConstructorAccessorImpl.newInstance(NativeConstructorAccessorImpl.java:62)
	at sun.reflect.DelegatingConstructorAccessorImpl.newInstance(DelegatingConstructorAccessorImpl.java:45)
	at java.lang.reflect.Constructor.newInstance(Constructor.java:423)
	at ptolemy.util.test.junit.AutoKnownFailedTests.RunModel(AutoKnownFailedTests.java:107)
	at sun.reflect.NativeMethodAccessorImpl.invoke0(Native Method)
	at sun.reflect.NativeMethodAccessorImpl.invoke(NativeMethodAccessorImpl.java:62)
	at sun.reflect.DelegatingMethodAccessorImpl.invoke(DelegatingMethodAccessorImpl.java:43)
	at java.lang.reflect.Method.invoke(Method.java:498)
	at org.junit.runners.model.FrameworkMethod$1.runReflectiveCall(FrameworkMethod.java:44)
	at org.junit.internal.runners.model.ReflectiveCallable.run(ReflectiveCallable.java:15)
	at org.junit.runners.model.FrameworkMethod.invokeExplosively(FrameworkMethod.java:41)
	at junitparams.internal.InvokeParameterisedMethod.evaluate(InvokeParameterisedMethod.java:102)
	at org.junit.internal.runners.statements.FailOnTimeout$1.run(FailOnTimeout.java:28)
Caused by: ptolemy.kernel.util.IllegalActionException: TypeTest actor has no training data.
  in .sizedarray3.TypeTest
	at ptolemy.actor.lib.TypeTest.initialize(TypeTest.java:250)
	at ptolemy.actor.Director.initialize(Director.java:938)
	at ptolemy.actor.Director.initialize(Director.java:907)
	at ptolemy.actor.sched.StaticSchedulingDirector.initialize(StaticSchedulingDirector.java:159)
	at ptolemy.domains.sdf.kernel.SDFDirector.initialize(SDFDirector.java:544)
	at ptolemy.actor.CompositeActor.initialize(CompositeActor.java:935)
	at ptolemy.actor.Manager.initialize(Manager.java:724)
	at ptolemy.actor.Manager.execute(Manager.java:356)
	at ptolemy.actor.Manager.run(Manager.java:1263)
	at ptolemy.actor.Manager$PtolemyRunThread.run(Manager.java:1915)
]]></system-err>
</testsuite>
