<?xml version="1.0" encoding="UTF-8" ?>
<testsuite errors="0" failures="0" hostname="travis-job-5514d255-4b4e-4a1e-94dc-c0ef38de84c1" name="ptolemy.actor.lib.test.junit.JUnitTclTest" skipped="0" tests="517" time="59.482" timestamp="2019-04-15T04:01:19">
  <properties>
    <property name="npm.executable" value="npm" />
    <property name="file.encoding.pkg" value="sun.io" />
    <property name="env.TRAVIS_ROOT" value="/" />
    <property name="ptII.mk.exists" value="true" />
    <property name="env.TRAVIS_APP_HOST" value="build.travis-ci.org" />
    <property name="env.rvm_bin_path" value="/home/travis/.rvm/bin" />
    <property name="java.home" value="/usr/lib/jvm/java-8-oracle/jre" />
    <property name="env.TRAVIS_JOB_NUMBER" value="1089.8" />
    <property name="env.TRAVIS_HOME" value="/home/travis" />
    <property name="env.DISPLAY" value=":99.0" />
    <property name="java.net.preferIPv4Stack" value="true" />
    <property name="env.TRAVIS_INIT" value="upstart" />
    <property name="env.SSH_TTY" value="/dev/pts/0" />
    <property name="env.RUN_TESTS" value="true" />
    <property name="timeout.short" value="1000000" />
    <property name="env.TRAVIS_JOB_NAME" value="" />
    <property name="env.TRAVIS_STACK_NODE_ATTRIBUTES" value="/.node-attributes.yml" />
    <property name="junit.formatter" value="xml" />
    <property name="java.endorsed.dirs" value="/usr/lib/jvm/java-8-oracle/jre/lib/endorsed" />
    <property name="env.TRAVIS_SUDO" value="true" />
    <property name="env.LOGNAME" value="travis" />
    <property name="env.PT_TRAVIS_TEST_CORE1_XML" value="true" />
    <property name="jsdoc.home" value="node_modules/@terraswarm/jsdoc" />
    <property name="debuglevel" value="source,lines,vars" />
    <property name="checkstyle.formatter" value="xml" />
    <property name="bin.vergil.makeable" value="true" />
    <property name="env._system_version" value="14.04" />
    <property name="sun.os.patch.level" value="unknown" />
    <property name="java.vendor.url" value="http://java.oracle.com/" />
    <property name="env.TRAVIS_BUILD_WEB_URL" value="https://travis-ci.org/icyphy/ptII/builds/520108313" />
    <property name="java.version" value="1.8.0_151" />
    <property name="env.TZ" value="UTC" />
    <property name="env.PT_NO_NET" value="true" />
    <property name="env.TRAVIS_PULL_REQUEST_SHA" value="" />
    <property name="env.TRAVIS_SECURE_ENV_VARS" value="true" />
    <property name="env._system_type" value="Linux" />
    <property name="java.vendor.url.bug" value="http://bugreport.sun.com/bugreport/" />
    <property name="env.SSH_CLIENT" value="10.10.4.85 47378 22" />
    <property name="npmjs-org-is-up" value="true" />
    <property name="env.GEM_HOME" value="/home/travis/.rvm/gems/ruby-2.4.1" />
    <property name="env.HAS_ANTARES_THREE_LITTLE_FRONZIES_BADGE" value="true" />
    <property name="env.PS4" value="+" />
    <property name="ant.project.invoked-targets" value="build,test.core1.xml" />
    <property name="env.TRAVIS_PULL_REQUEST_BRANCH" value="" />
    <property name="env.TRAVIS_REPO_SLUG" value="icyphy/ptII" />
    <property name="env.TRAVIS_APT_PROXY" value="http://build-cache.travisci.net" />
    <property name="node.in.path" value="true" />
    <property name="java.maxmemory" value="1400m" />
    <property name="env.RUBY_VERSION" value="ruby-2.4.1" />
    <property name="user.name" value="travis" />
    <property name="env.LANG" value="en_US.UTF-8" />
    <property name="sun.io.unicode.encoding" value="UnicodeLittle" />
    <property name="sun.jnu.encoding" value="UTF-8" />
    <property name="java.runtime.name" value="Java(TM) SE Runtime Environment" />
    <property name="usefile" value="false" />
    <property name="return.code" value="0" />
    <property name="junit.single.formatter" value="plain" />
    <property name="env.DYLD_LIBRARY_PATH" value="/home/travis/pthla/certi-tools/lib:" />
    <property name="env.DEBIAN_FRONTEND" value="noninteractive" />
    <property name="env.SSH_CONNECTION" value="10.10.4.85 47378 10.20.0.130 22" />
    <property name="env.MYSQL_UNIX_PORT" value="/var/run/mysqld/mysqld.sock" />
    <property name="env.TRAVIS_ALLOW_FAILURE" value="false" />
    <property name="env.LC_ALL" value="en_US.UTF-8" />
    <property name="env.TRAVIS_JOB_WEB_URL" value="https://travis-ci.org/icyphy/ptII/jobs/520108321" />
    <property name="java.specification.name" value="Java Platform API Specification" />
    <property name="node.works" value="true" />
    <property name="user.timezone" value="" />
    <property name="path.separator" value=":" />
    <property name="env.TRAVIS_ENABLE_INFRA_DETECTION" value="true" />
    <property name="env.PYTHON_CFLAGS" value="-g -fstack-protector --param=ssp-buffer-size=4 -Wformat -Werror=format-security" />
    <property name="timeout.long" value="4000000" />
    <property name="env.CERTI_HOME" value="/home/travis/pthla/certi-tools" />
    <property name="file.encoding" value="UTF-8" />
    <property name="ant.file.ptII" value="/home/travis/build/icyphy/ptII/build.xml" />
    <property name="javadoc.packagenames" value="com.*,diva.*,lbnl.*,org.hlacerti.*,org.json.*,org.ptolemy.*,org.terraswarm.*,ptolemy.*,ptserver.*" />
    <property name="env.TRAVIS_PULL_REQUEST_SLUG" value="" />
    <property name="ant.project.default-target" value="build" />
    <property name="env.GIT_ASKPASS" value="echo" />
    <property name="env.HOME" value="/home/travis" />
    <property name="sun.java.command" value="org.apache.tools.ant.taskdefs.optional.junit.JUnitTestRunner ptolemy.actor.lib.test.junit.JUnitTclTest skipNonTests=false filtertrace=true haltOnError=false haltOnFailure=false formatter=org.apache.tools.ant.taskdefs.optional.junit.OutErrSummaryJUnitResultFormatter showoutput=true outputtoformatters=true logfailedtests=true threadid=0 logtestlistenerevents=false formatter=org.apache.tools.ant.taskdefs.optional.junit.XMLJUnitResultFormatter,/home/travis/build/icyphy/ptII/reports/junit/TEST-ptolemy.actor.lib.test.junit.JUnitTclTest.xml crashfile=/home/travis/build/icyphy/ptII/junitvmwatcher2401453865732842998.properties propsfile=/home/travis/build/icyphy/ptII/junit3728284276610130730.properties" />
    <property name="env.MANPATH" value="/home/travis/.nvm/versions/node/v7.10.1/share/man:/home/travis/.kiex/elixirs/elixir-1.4.5/man:/home/travis/.rvm/rubies/ruby-2.4.1/share/man:/usr/local/man:/usr/local/cmake-3.9.2/man:/usr/local/clang-5.0.0/share/man:/usr/local/share/man:/usr/share/man:/home/travis/.rvm/man" />
    <property name="env.COMPOSER_NO_INTERACTION" value="1" />
    <property name="env.JDK_SWITCHER_DEFAULT" value="oraclejdk8" />
    <property name="env.TRAVIS_TIMER_ID" value="2b625e5c" />
    <property name="ant.file" value="/home/travis/build/icyphy/ptII/build.xml" />
    <property name="env.TRAVIS_COMMIT_RANGE" value="405002c6a29ccb964573ebfc03c49394c90a3a58...3d6a7c638f166608a27885e62bff14e707681c86" />
    <property name="env._system_name" value="Ubuntu" />
    <property name="timeout" value="2400000" />
    <property name="ptII.classpath.optional.property" value="/home/travis/build/icyphy/ptII/lib/bsh-2.0b4.jar:/home/travis/build/icyphy/ptII/lib/ptCal.jar:/home/travis/build/icyphy/ptII/lib/java_cup.jar:/home/travis/build/icyphy/ptII/lib/saxon8.jar:/home/travis/build/icyphy/ptII/lib/saxon8-dom.jar:/home/travis/build/icyphy/ptII/lib/chic.jar:/home/travis/build/icyphy/ptII/lib/ptcolt.jar:/usr/lib/jvm/java-8-oracle/lib/tools.jar:/home/travis/build/icyphy/ptII/vendors/misc/itext/iText.jar:/home/travis/build/icyphy/ptII/lib/g4ltl.jar:/home/travis/build/icyphy/ptII/lib/StructuralCoder.jar:/home/travis/build/icyphy/ptII/vendors/jai-1_1_2_01/lib/jai_core.jar:/home/travis/build/icyphy/ptII/vendors/jai-1_1_2_01/lib/jai_codec.jar:/home/travis/build/icyphy/ptII/lib/jcerti.jar:/home/travis/build/icyphy/ptII/lib/javax.mail.jar:/home/travis/build/icyphy/ptII/vendors/JMF-2.1.1e/lib/jmf.jar:/home/travis/build/icyphy/ptII/lib/jna-4.0.0-variadic.jar:/home/travis/build/icyphy/ptII/vendors/misc/joystick/Joystick.jar:/home/travis/build/icyphy/ptII/lib/ptjacl.jar:/home/travis/build/icyphy/ptII/lib/jsoup-1.8.2.jar:/home/travis/build/icyphy/ptII/lib/junit-4.8.2.jar:/home/travis/build/icyphy/ptII/lib/JUnitParams-0.4.0.jar:/home/travis/build/icyphy/ptII/ptolemy/actor/lib/excel/jxl.jar:/home/travis/build/icyphy/ptII/lib/jython.jar:/home/travis/build/icyphy/ptII/lib/kieler.jar:/home/travis/build/icyphy/ptII/vendors/opencv/share/OpenCV/java/opencv-341.jar:/home/travis/build/icyphy/ptII/lib/oscP5.jar:/home/travis/build/icyphy/ptII/lib/nrjavaserial-3.11.0.devel.jar:/home/travis/build/icyphy/ptII/vendors/j3d/lib/j3dcore.jar:/home/travis/build/icyphy/ptII/vendors/j3d/lib/j3dutils.jar:/home/travis/build/icyphy/ptII/vendors/j3d/lib/vecmath.jar:/home/travis/build/icyphy/ptII/ptolemy/distributed/jini/jar/jini-core.jar:/home/travis/build/icyphy/ptII/ptolemy/distributed/jini/jar/jini-ext.jar:/home/travis/build/icyphy/ptII/ptolemy/distributed/jini/jar/sun-util.jar:/home/travis/build/icyphy/ptII/lib/protobuf-java-2.4.1.jar:/home/travis/build/icyphy/ptII/lib/org.eclipse.paho.client.mqttv3.jar:/home/travis/build/icyphy/ptII/lib/mapss.jar:/home/travis/build/icyphy/ptII/ptolemy/actor/ptalon/antlr/antlr.jar:/home/travis/build/icyphy/ptII/lib/JRI.jar:/home/travis/build/icyphy/ptII/lib/commons-lang-2.6.jar:/home/travis/build/icyphy/ptII/lib/commons-logging-1.1.1.jar:/home/travis/build/icyphy/ptII/lib/sootclasses.jar:/home/travis/build/icyphy/ptII/ptolemy/actor/lib/database/mysql-connector-java-5.1.6-bin.jar:/home/travis/build/icyphy/ptII/vendors/misc/sphinx4/sphinx4-data-5prealpha.jar:/home/travis/build/icyphy/ptII/vendors/misc/sphinx4/sphinx4-core-5prealpha.jar:/home/travis/build/icyphy/ptII/lib/PDFRenderer.jar:/home/travis/build/icyphy/ptII/lib/svgSalamander.jar:/home/travis/build/icyphy/ptII/lib/rsyntaxtextarea-2.6.0-SNAPSHOT.jar:/home/travis/build/icyphy/ptII/lib/hazelcast-3.8.2.jar:/home/travis/build/icyphy/ptII/lib/jackson-annotations-2.9.0.jar:/home/travis/build/icyphy/ptII/lib/jackson-core-2.9.3.jar:/home/travis/build/icyphy/ptII/lib/jackson-databind-2.9.3.jar:/home/travis/build/icyphy/ptII/lib/netty-buffer-4.1.19.Final.jar:/home/travis/build/icyphy/ptII/lib/netty-codec-4.1.19.Final.jar:/home/travis/build/icyphy/ptII/lib/netty-codec-dns-4.1.19.Final.jar:/home/travis/build/icyphy/ptII/lib/netty-codec-http-4.1.19.Final.jar:/home/travis/build/icyphy/ptII/lib/netty-codec-http2-4.1.19.Final.jar:/home/travis/build/icyphy/ptII/lib/netty-common-4.1.19.Final.jar:/home/travis/build/icyphy/ptII/lib/netty-handler-4.1.19.Final.jar:/home/travis/build/icyphy/ptII/lib/netty-resolver-4.1.19.Final.jar:/home/travis/build/icyphy/ptII/lib/netty-resolver-dns-4.1.19.Final.jar:/home/travis/build/icyphy/ptII/lib/netty-transport-4.1.19.Final.jar:/home/travis/build/icyphy/ptII/lib/vertx-codegen-3.5.1.jar:/home/travis/build/icyphy/ptII/lib/vertx-core-3.5.2-SNAPSHOT.jar:/home/travis/build/icyphy/ptII/lib/vertx-hazelcast-3.5.1.jar:/home/travis/build/icyphy/ptII/lib/vertx-lang-js-3.5.1.jar:/home/travis/build/icyphy/ptII/lib/vertx-service-proxy-3.5.1.jar:/home/travis/build/icyphy/ptII/lib/vertx-web-3.5.1.jar:/home/travis/build/icyphy/ptII/lib/slf4j-api-1.7.13.jar:/home/travis/build/icyphy/ptII/lib/slf4j-simple-1.7.13.jar:/home/travis/build/icyphy/ptII/lib/webcam-capture-0.3.12.jar:/home/travis/build/icyphy/ptII/lib/bridj-0.7.0.jar:/home/travis/build/icyphy/ptII/lib/xbjlib-1.1.0.nrjavaserial.jar" />
    <property name="test.batch" value="**/junit/*.java" />
    <property name="env._" value="/usr/bin/timeout" />
    <property name="java.io.tmpdir" value="/tmp" />
    <property name="env.TRAVIS_INTERNAL_RUBY_REGEX" value="^ruby-(2\.[0-4]\.[0-9]|1\.9\.3)" />
    <property name="user.language" value="en" />
    <property name="env.HISTCONTROL" value="ignoredups:ignorespace" />
    <property name="env.GOROOT" value="/home/travis/.gimme/versions/go1.7.4.linux.amd64" />
    <property name="line.separator" value="&#xa;" />
    <property name="target" value="1.8" />
    <property name="env.TRAVIS_BUILD_DIR" value="/home/travis/build/icyphy/ptII" />
    <property name="env.ANT_OPTS" value="-Xmx2048m" />
    <property name="ant.file.type" value="file" />
    <property name="ptolemy.ptII.batchMode" value="true" />
    <property name="env.HISTSIZE" value="1000" />
    <property name="env.MERB_ENV" value="test" />
    <property name="java.vm.info" value="mixed mode" />
    <property name="source" value="1.8" />
    <property name="java.vm.specification.name" value="Java Virtual Machine Specification" />
    <property name="env.TRAVIS_TEST_RESULT" value="0" />
    <property name="jsdoc.command" value="node_modules/@terraswarm/jsdoc/jsdoc.js" />
    <property name="npm.works" value="true" />
    <property name="cobertura.dir" value="/home/travis/build/icyphy/ptII/vendors/cobertura-2.0.3" />
    <property name="env.rvm_path" value="/home/travis/.rvm" />
    <property name="env.GEM_PATH" value="/home/travis/.rvm/gems/ruby-2.4.1:/home/travis/.rvm/gems/ruby-2.4.1@global" />
    <property name="env.LC_CTYPE" value="en_US.UTF-8" />
    <property name="java.awt.printerjob" value="sun.print.PSPrinterJob" />
    <property name="env.TRAVIS_CMD" value="$PTII/bin/ptIITravisBuild.sh $SECONDS" />
    <property name="env.TRAVIS_STACK_NAME" value="garnet" />
    <property name="env.TRAVIS_TIMER_START_TIME" value="1555300501278319457" />
    <property name="ant.version" value="Apache Ant(TM) version 1.10.1 compiled on February 2 2017" />
    <property name="ptII.reports" value="/home/travis/build/icyphy/ptII/reports" />
    <property name="env.TRAVIS_STACK_TIMESTAMP" value="2017-12-05 19:33:09 UTC" />
    <property name="ant.file.type.ptII" value="file" />
    <property name="env.RBENV_SHELL" value="bash" />
    <property name="os.name" value="Linux" />
    <property name="java.specification.vendor" value="Oracle Corporation" />
    <property name="env.rvm_version" value="1.29.3 (latest)" />
    <property name="env.TRAVIS_INFRA" value="gce" />
    <property name="env.TERM" value="xterm" />
    <property name="java.vm.name" value="Java HotSpot(TM) 64-Bit Server VM" />
    <property name="env.TRAVIS_BUILD_NUMBER" value="1089" />
    <property name="env.CI" value="true" />
    <property name="java.library.path" value="/home/travis/pthla/certi-tools/lib:/usr/lib/jni:/usr/local/share/OpenCV/java/:/usr/share/OpenCV/java::/usr/java/packages/lib/amd64:/usr/lib64:/lib64:/lib:/usr/lib" />
    <property name="env.rvm_prefix" value="/home/travis" />
    <property name="env.PATH" value="/home/travis/pthla/certi-tools/share/scripts:/home/travis/.rvm/gems/ruby-2.4.1/bin:/home/travis/.rvm/gems/ruby-2.4.1@global/bin:/home/travis/.rvm/rubies/ruby-2.4.1/bin:/home/travis/.rvm/bin:/home/travis/.nvm/versions/node/v7.10.1/bin:./node_modules/.bin:/home/travis/build/icyphy/ptII/bin:/home/travis/pthla/certi-tools/bin:/home/travis/bin:/home/travis/.local/bin:/opt/pyenv/shims:/home/travis/.phpenv/shims:/home/travis/perl5/perlbrew/bin:/home/travis/.kiex/elixirs/elixir-1.4.5/bin:/home/travis/.kiex/bin:/home/travis/gopath/bin:/home/travis/.gimme/versions/go1.7.4.linux.amd64/bin:/usr/local/phantomjs/bin:/usr/local/phantomjs:/usr/local/neo4j-3.2.7/bin:/usr/local/maven-3.5.2/bin:/usr/local/cmake-3.9.2/bin:/usr/local/clang-5.0.0/bin:/usr/local/sbin:/usr/local/bin:/usr/sbin:/usr/bin:/sbin:/bin:/home/travis/.phpenv/bin:/opt/pyenv/bin:/home/travis/.yarn/bin" />
    <property name="env.TRAVIS_OS_NAME" value="linux" />
    <property name="ant.java.version" value="1.8" />
    <property name="basedir" value="/home/travis/build/icyphy/ptII" />
    <property name="java.class.version" value="52.0" />
    <property name="env.SHLVL" value="3" />
    <property name="env.LD_LIBRARY_PATH" value="/home/travis/pthla/certi-tools/lib:/usr/lib/jni:/usr/local/share/OpenCV/java/:/usr/share/OpenCV/java:" />
    <property name="env.RACK_ENV" value="test" />
    <property name="ant.home" value="/home/travis/build/icyphy/ptII/ant" />
    <property name="env.PERLBREW_BASHRC_VERSION" value="0.80" />
    <property name="env.NVM_DIR" value="/home/travis/.nvm" />
    <property name="env.TRAVIS_BUILD_ID" value="520108313" />
    <property name="env.CERTI_FOM_PATH" value="/home/travis/pthla/certi-tools/share/federations" />
    <property name="env.PYENV_ROOT" value="/opt/pyenv" />
    <property name="env.TRAVIS_UID" value="2000" />
    <property name="env.rvm_pretty_print_flag" value="auto" />
    <property name="env.NVM_BIN" value="/home/travis/.nvm/versions/node/v7.10.1/bin" />
    <property name="env.TRAVIS_COMMIT" value="3d6a7c638f166608a27885e62bff14e707681c86" />
    <property name="env._system_arch" value="x86_64" />
    <property name="node.executable" value="node" />
    <property name="sun.boot.library.path" value="/usr/lib/jvm/java-8-oracle/jre/lib/amd64" />
    <property name="sun.management.compiler" value="HotSpot 64-Bit Tiered Compilers" />
    <property name="env.GOPATH" value="/home/travis/gopath" />
    <property name="java.awt.graphicsenv" value="sun.awt.X11GraphicsEnvironment" />
    <property name="ptolemy.ptII.dir" value="/home/travis/build/icyphy/ptII" />
    <property name="env.USER" value="travis" />
    <property name="env.HISTFILESIZE" value="2000" />
    <property name="timeout.longest" value="19000000" />
    <property name="env.TRAVIS_STACK_FEATURES" value="basic cassandra chromium couchdb disabled-ipv6 docker docker-compose elasticsearch firefox go-toolchain google-chrome jdk memcached mongodb mysql neo4j nodejs_interpreter perl_interpreter perlbrew phantomjs postgresql python_interpreter rabbitmq redis riak ruby_interpreter sqlite xserver" />
    <property name="env.TRAVIS_PULL_REQUEST" value="false" />
    <property name="env.PYENV_SHELL" value="bash" />
    <property name="ant.project.name" value="ptII" />
    <property name="java.vm.specification.version" value="1.8" />
    <property name="env.ANSI_RESET" value="\033[0m" />
    <property name="env.TRAVIS_DIST" value="trusty" />
    <property name="env.CERTI_VERSION" value="4.0.0" />
    <property name="env.NLSPATH" value="/usr/dt/lib/nls/msg/%L/%N.cat" />
    <property name="awt.toolkit" value="sun.awt.X11.XToolkit" />
    <property name="env.CERTI_HOST" value="localhost" />
    <property name="env.MY_RUBY_HOME" value="/home/travis/.rvm/rubies/ruby-2.4.1" />
    <property name="sun.cpu.isalist" value="" />
    <property name="env.TRAVIS_TMPDIR" value="/tmp/tmp.uq2BBPmKWu" />
    <property name="java.ext.dirs" value="/usr/lib/jvm/java-8-oracle/jre/lib/ext:/usr/java/packages/lib/ext" />
    <property name="os.version" value="4.4.0-101-generic" />
    <property name="user.home" value="/home/travis" />
    <property name="env.MIX_ARCHIVES" value="/home/travis/.kiex/mix/elixir-1.4.5" />
    <property name="java.vm.vendor" value="Oracle Corporation" />
    <property name="env.TRAVIS_TAG" value="nightly" />
    <property name="env.ANSI_YELLOW" value="\033[33;1m" />
    <property name="env.TRAVIS_FILTERED" value="redirect_io" />
    <property name="env.ANSI_GREEN" value="\033[32;1m" />
    <property name="env.JAVA_HOME" value="/usr/lib/jvm/java-8-oracle" />
    <property name="env.PTII" value="/home/travis/build/icyphy/ptII" />
    <property name="javadoc.excludepackagenames" value="adm.cvs2svn.*,build.*,config.*,doc.coding.templates.*,jni.test.jni.meaningOfLife.*,jni.test.jni.testDeux.*,jni.test.jni.testTrois.*,org.terraswarm.accessor.accessors.web.node_modules.*,org.terraswarm.accessor.accessors.web.hosts.cordova.demo.*,org.terraswarm.accessor.accessors.web.hosts.cordova.plugins.*,org.terraswarm.accessor.accessors-svn.*,pt-modules.*,ptolemy.apps.agilent.*,ptolemy.apps.anytimecontrol.*,ptolemy.apps.apes.*,ptolemy.apps.charon.*,ptolemy.apps.crazyboard.*,ptolemy.apps.eclipse.*,ptolemy.apps.etherealSting.*,ptolemy.apps.fullscreen.*,ptolemy.apps.giotto.*,ptolemy.apps.ia.*,ptolemy.apps.interfaces.*,ptolemy.apps.jmf.*,ptolemy.apps.kurt.*,ptolemy.apps.kvm.*,ptolemy.apps.lego.*,ptolemy.apps.lejos.*,ptolemy.apps.midp.*,ptolemy.apps.mobileCoding.*,ptolemy.apps.pendulum.*,ptolemy.apps.rijndael.*,ptolemy.apps.robot.*,ptolemy.apps.security.*,ptolemy.apps.sobel.*,ptolemy.apps.soot.*,ptolemy.apps.throttle.*,ptolemy.apps.tini.*,ptolemy.apps.transmission.*,ptolemy.apps.vergil.*,ptolemy.apps.waba.*,ptolemy.apps.websensor.*,ptolemy.apps.webstart.*,ptolemy.apps.xsl.*,ptolemy.apps.zaurus.*,ptolemy.codegen.c.actor.lib.oldJavaFiles.*,ptolemy.codegen.dsp.lib.*,ptolemy.codegen.kernel.newInterfaces.*,ptolemy.codegen.lib.*,ptolemy.copernicus.kernel.fragment.*,ptolemy.copernicus.shallow.cg.*,ptolemy.domains.giotto.demo.Hierarchy.Hierarchy.*,ptolemy.domains.giotto.demo.Multimode.Multimode.*,ptolemy.domains.giotto.demo.Simple.Simple.*,ptolemy.domains.gr.lib.experimental.*,ptolemy.domains.gro.*,ptolemy.domains.pdf.*,ptolemy.domains.ptinyos.demo.Surge.output.*,ptolemy.moml.test.NoPackageActor.java*,ptolemy.plot.adm.*,ptolemy.plot.servlet.*,reports.*,signed.*,src.*,target.*,vendors.*,ptolemy.apps.eclipse.awt.*,ptolemy.backtrack.*,ptolemy.backtrack.ast.*,ptolemy.cg.adapter.generic.program.procedural.c.mbed*,ptolemy.homer.*,org.ptolemy.scala.*,diva.util.java2d.svg.*,ptolemy.domains.ptinyos.*,ptolemy.actor.lib.fmi.fmipp.*,,org.terraswarm.accessor.accessors.web.node_modules.*,org.terraswarm.accessor.accessors-svn,ptolemy.apps.*,ptolemy.actor.ptalon.demo.ptinyos.SendAndReceiveCnt.output,ptolemy.actor.ptalon.demo.ptinyos.SenseToLeds.output,ptolemy.domains.ptinyos.demo.CntToLedsAndRfm.output,ptolemy.domains.ptinyos.demo.RfmToLeds.output,ptolemy.domains.ptinyos.demo.SendAndReceiveCnt.output,ptolemy.domains.ptinyos.demo.SenseToLeds.output,ptolemy.actor.lib.jjs.modules.udpSocket.*" />
    <property name="env.TRAVIS_COMMIT_MESSAGE" value="Conform org/hlacerti/models/1Subscriber1PublisherCheckInstanceNameMatching model to HlaManager refactoring." />
    <property name="keystore" value="ptKeystore" />
    <property name="env.XDG_SESSION_ID" value="2" />
    <property name="junit.output.dir" value="/home/travis/build/icyphy/ptII/reports/junit" />
    <property name="npm.return.code" value="0" />
    <property name="user.dir" value="/home/travis/build/icyphy/ptII/ptolemy/actor/lib/test" />
    <property name="env.TRAVIS_NODE_VERSION" value="7" />
    <property name="env.XFILESEARCHPATH" value="/usr/dt/app-defaults/%L/Dt" />
    <property name="env.TRAVIS_EVENT_TYPE" value="cron" />
    <property name="env.MAIL" value="/var/mail/travis" />
    <property name="env.PWD" value="/home/travis/build/icyphy/ptII" />
    <property name="env.PERLBREW_ROOT" value="/home/travis/perl5/perlbrew" />
    <property name="timeout.npm" value="45000" />
    <property name="env.TRAVIS_ARCH" value="amd64" />
    <property name="env.PAGER" value="cat" />
    <property name="sun.cpu.endian" value="little" />
    <property name="env.TRAVIS_BUILD_STAGE_NAME" value="Test" />
    <property name="env.PERLBREW_HOME" value="/home/travis/.perlbrew" />
    <property name="env.RAILS_ENV" value="test" />
    <property name="java.vm.version" value="25.151-b12" />
    <property name="java.class.path" value="/home/travis/.ptolemyII:/home/travis/.ptolemyII/*:/home/travis/build/icyphy/ptII:/home/travis/build/icyphy/ptII/lib/bsh-2.0b4.jar:/home/travis/build/icyphy/ptII/lib/ptCal.jar:/home/travis/build/icyphy/ptII/lib/java_cup.jar:/home/travis/build/icyphy/ptII/lib/saxon8.jar:/home/travis/build/icyphy/ptII/lib/saxon8-dom.jar:/home/travis/build/icyphy/ptII/lib/chic.jar:/home/travis/build/icyphy/ptII/lib/ptcolt.jar:/usr/lib/jvm/java-8-oracle/lib/tools.jar:/home/travis/build/icyphy/ptII/vendors/misc/itext/iText.jar:/home/travis/build/icyphy/ptII/lib/g4ltl.jar:/home/travis/build/icyphy/ptII/lib/StructuralCoder.jar:/home/travis/build/icyphy/ptII/vendors/jai-1_1_2_01/lib/jai_core.jar:/home/travis/build/icyphy/ptII/vendors/jai-1_1_2_01/lib/jai_codec.jar:/home/travis/build/icyphy/ptII/lib/jcerti.jar:/home/travis/build/icyphy/ptII/lib/javax.mail.jar:/home/travis/build/icyphy/ptII/vendors/JMF-2.1.1e/lib/jmf.jar:/home/travis/build/icyphy/ptII/lib/jna-4.0.0-variadic.jar:/home/travis/build/icyphy/ptII/vendors/misc/joystick/Joystick.jar:/home/travis/build/icyphy/ptII/lib/ptjacl.jar:/home/travis/build/icyphy/ptII/lib/jsoup-1.8.2.jar:/home/travis/build/icyphy/ptII/lib/junit-4.8.2.jar:/home/travis/build/icyphy/ptII/lib/JUnitParams-0.4.0.jar:/home/travis/build/icyphy/ptII/ptolemy/actor/lib/excel/jxl.jar:/home/travis/build/icyphy/ptII/lib/jython.jar:/home/travis/build/icyphy/ptII/lib/kieler.jar:/home/travis/build/icyphy/ptII/vendors/opencv/share/OpenCV/java/opencv-341.jar:/home/travis/build/icyphy/ptII/lib/oscP5.jar:/home/travis/build/icyphy/ptII/lib/nrjavaserial-3.11.0.devel.jar:/home/travis/build/icyphy/ptII/vendors/j3d/lib/j3dcore.jar:/home/travis/build/icyphy/ptII/vendors/j3d/lib/j3dutils.jar:/home/travis/build/icyphy/ptII/vendors/j3d/lib/vecmath.jar:/home/travis/build/icyphy/ptII/ptolemy/distributed/jini/jar/jini-core.jar:/home/travis/build/icyphy/ptII/ptolemy/distributed/jini/jar/jini-ext.jar:/home/travis/build/icyphy/ptII/ptolemy/distributed/jini/jar/sun-util.jar:/home/travis/build/icyphy/ptII/lib/protobuf-java-2.4.1.jar:/home/travis/build/icyphy/ptII/lib/org.eclipse.paho.client.mqttv3.jar:/home/travis/build/icyphy/ptII/lib/mapss.jar:/home/travis/build/icyphy/ptII/ptolemy/actor/ptalon/antlr/antlr.jar:/home/travis/build/icyphy/ptII/lib/JRI.jar:/home/travis/build/icyphy/ptII/lib/commons-lang-2.6.jar:/home/travis/build/icyphy/ptII/lib/commons-logging-1.1.1.jar:/home/travis/build/icyphy/ptII/lib/sootclasses.jar:/home/travis/build/icyphy/ptII/ptolemy/actor/lib/database/mysql-connector-java-5.1.6-bin.jar:/home/travis/build/icyphy/ptII/vendors/misc/sphinx4/sphinx4-data-5prealpha.jar:/home/travis/build/icyphy/ptII/vendors/misc/sphinx4/sphinx4-core-5prealpha.jar:/home/travis/build/icyphy/ptII/lib/PDFRenderer.jar:/home/travis/build/icyphy/ptII/lib/svgSalamander.jar:/home/travis/build/icyphy/ptII/lib/rsyntaxtextarea-2.6.0-SNAPSHOT.jar:/home/travis/build/icyphy/ptII/lib/hazelcast-3.8.2.jar:/home/travis/build/icyphy/ptII/lib/jackson-annotations-2.9.0.jar:/home/travis/build/icyphy/ptII/lib/jackson-core-2.9.3.jar:/home/travis/build/icyphy/ptII/lib/jackson-databind-2.9.3.jar:/home/travis/build/icyphy/ptII/lib/netty-buffer-4.1.19.Final.jar:/home/travis/build/icyphy/ptII/lib/netty-codec-4.1.19.Final.jar:/home/travis/build/icyphy/ptII/lib/netty-codec-dns-4.1.19.Final.jar:/home/travis/build/icyphy/ptII/lib/netty-codec-http-4.1.19.Final.jar:/home/travis/build/icyphy/ptII/lib/netty-codec-http2-4.1.19.Final.jar:/home/travis/build/icyphy/ptII/lib/netty-common-4.1.19.Final.jar:/home/travis/build/icyphy/ptII/lib/netty-handler-4.1.19.Final.jar:/home/travis/build/icyphy/ptII/lib/netty-resolver-4.1.19.Final.jar:/home/travis/build/icyphy/ptII/lib/netty-resolver-dns-4.1.19.Final.jar:/home/travis/build/icyphy/ptII/lib/netty-transport-4.1.19.Final.jar:/home/travis/build/icyphy/ptII/lib/vertx-codegen-3.5.1.jar:/home/travis/build/icyphy/ptII/lib/vertx-core-3.5.2-SNAPSHOT.jar:/home/travis/build/icyphy/ptII/lib/vertx-hazelcast-3.5.1.jar:/home/travis/build/icyphy/ptII/lib/vertx-lang-js-3.5.1.jar:/home/travis/build/icyphy/ptII/lib/vertx-service-proxy-3.5.1.jar:/home/travis/build/icyphy/ptII/lib/vertx-web-3.5.1.jar:/home/travis/build/icyphy/ptII/lib/slf4j-api-1.7.13.jar:/home/travis/build/icyphy/ptII/lib/slf4j-simple-1.7.13.jar:/home/travis/build/icyphy/ptII/lib/webcam-capture-0.3.12.jar:/home/travis/build/icyphy/ptII/lib/bridj-0.7.0.jar:/home/travis/build/icyphy/ptII/lib/xbjlib-1.1.0.nrjavaserial.jar:/home/travis/build/icyphy/ptII/ptolemy/moml/test:/home/travis/build/icyphy/ptII/ant/lib/ant-launcher.jar:/home/travis/build/icyphy/ptII/ant/lib/ant.jar:/home/travis/build/icyphy/ptII/ant/lib/ant-junit.jar:/home/travis/build/icyphy/ptII/ant/lib/ant-junit4.jar" />
    <property name="ant.library.dir" value="/home/travis/build/icyphy/ptII/ant/lib" />
    <property name="os.arch" value="amd64" />
    <property name="env.TRAVIS_LANGUAGE" value="node_js" />
    <property name="env.CONTINUOUS_INTEGRATION" value="true" />
    <property name="env.TRAVIS_STACK_LANGUAGES" value="__garnet__ c c++ clojure cplusplus cpp default go groovy java node_js php pure_java python ruby scala" />
    <property name="test.name" value="ptolemy.actor.lib.test.junit.JUnitTclTest" />
    <property name="sun.java.launcher" value="SUN_STANDARD" />
    <property name="env.PYTHON_CONFIGURE_OPTS" value="--enable-unicode=ucs4 --with-wide-unicode --enable-shared --enable-ipv6 --enable-loadable-sqlite-extensions --with-computed-gotos" />
    <property name="ant.core.lib" value="/home/travis/build/icyphy/ptII/ant/lib/ant.jar" />
    <property name="java.vm.specification.vendor" value="Oracle Corporation" />
    <property name="env.BCVTB_HOME" value="/home/travis/build/icyphy/ptII/lbnl" />
    <property name="file.separator" value="/" />
    <property name="spotbugs.home" value="/home/travis/build/icyphy/ptII/vendors/spotbugs-3.1.1" />
    <property name="java.runtime.version" value="1.8.0_151-b12" />
    <property name="sun.boot.class.path" value="/usr/lib/jvm/java-8-oracle/jre/lib/resources.jar:/usr/lib/jvm/java-8-oracle/jre/lib/rt.jar:/usr/lib/jvm/java-8-oracle/jre/lib/sunrsasign.jar:/usr/lib/jvm/java-8-oracle/jre/lib/jsse.jar:/usr/lib/jvm/java-8-oracle/jre/lib/jce.jar:/usr/lib/jvm/java-8-oracle/jre/lib/charsets.jar:/usr/lib/jvm/java-8-oracle/jre/lib/jfr.jar:/usr/lib/jvm/java-8-oracle/jre/classes" />
    <property name="env.ANSI_CLEAR" value="\033[0K" />
    <property name="env.HAS_JOSH_K_SEAL_OF_APPROVAL" value="true" />
    <property name="env.XDG_RUNTIME_DIR" value="/run/user/2000" />
    <property name="env.TRAVIS_OSX_IMAGE" value="" />
    <property name="env.TRAVIS_BRANCH" value="master" />
    <property name="env.TRAVIS_JOB_ID" value="520108321" />
    <property name="user.country" value="US" />
    <property name="env.CERTI_HOME_TRAVIS" value="/home/travis/pthla/certi-tools" />
    <property name="env.SHELL" value="/bin/bash" />
    <property name="java.maxmemory.large" value="5000m" />
    <property name="model" value="" />
    <property name="env.CASHER_DIR" value="/home/travis/.casher" />
    <property name="env.NVM_CD_FLAGS" value="" />
    <property name="jshint.executable" value="/home/travis/node_modules/jshint/bin/jshint" />
    <property name="java.vendor" value="Oracle Corporation" />
    <property name="env.JRUBY_OPTS" value=" --client -J-XX:+TieredCompilation -J-XX:TieredStopAtLevel=1 -J-Xss2m -Xcompile.invokedynamic=false" />
    <property name="env.TRAVIS_PRE_CHEF_BOOTSTRAP_TIME" value="2017-12-05T19:32:55" />
    <property name="env.TRAVIS_STACK_JOB_BOARD_REGISTER" value="/.job-board-register.yml" />
    <property name="env.ELIXIR_VERSION" value="1.4.5" />
    <property name="env.ANSI_RED" value="\033[31;1m" />
    <property name="java.specification.version" value="1.8" />
    <property name="env.TRAVIS" value="true" />
    <property name="env.IRBRC" value="/home/travis/.rvm/rubies/ruby-2.4.1/.irbrc" />
    <property name="sun.arch.data.model" value="64" />
  </properties>
  <testcase classname="ptolemy.util.test.junit.TclTests" name="[0] /home/travis/build/icyphy/ptII/ptolemy/actor/lib/test/AbsoluteValue.tcl (RunTclFile)" time="0.457" />
  <testcase classname="ptolemy.util.test.junit.TclTests" name="[1] /home/travis/build/icyphy/ptII/ptolemy/actor/lib/test/AddSubtract.tcl (RunTclFile)" time="0.09" />
  <testcase classname="ptolemy.util.test.junit.TclTests" name="[2] /home/travis/build/icyphy/ptII/ptolemy/actor/lib/test/Average.tcl (RunTclFile)" time="0.041" />
  <testcase classname="ptolemy.util.test.junit.TclTests" name="[3] /home/travis/build/icyphy/ptII/ptolemy/actor/lib/test/Bernoulli.tcl (RunTclFile)" time="0.019" />
  <testcase classname="ptolemy.util.test.junit.TclTests" name="[4] /home/travis/build/icyphy/ptII/ptolemy/actor/lib/test/Clock.tcl (RunTclFile)" time="0.094" />
  <testcase classname="ptolemy.util.test.junit.TclTests" name="[5] /home/travis/build/icyphy/ptII/ptolemy/actor/lib/test/Commutator.tcl (RunTclFile)" time="0.144" />
  <testcase classname="ptolemy.util.test.junit.TclTests" name="[6] /home/travis/build/icyphy/ptII/ptolemy/actor/lib/test/Const.tcl (RunTclFile)" time="0.145" />
  <testcase classname="ptolemy.util.test.junit.TclTests" name="[7] /home/travis/build/icyphy/ptII/ptolemy/actor/lib/test/CurrentTime.tcl (RunTclFile)" time="0.04" />
  <testcase classname="ptolemy.util.test.junit.TclTests" name="[8] /home/travis/build/icyphy/ptII/ptolemy/actor/lib/test/DB.tcl (RunTclFile)" time="0.036" />
  <testcase classname="ptolemy.util.test.junit.TclTests" name="[9] /home/travis/build/icyphy/ptII/ptolemy/actor/lib/test/DiscreteRandomSource.tcl (RunTclFile)" time="0.057" />
  <testcase classname="ptolemy.util.test.junit.TclTests" name="[10] /home/travis/build/icyphy/ptII/ptolemy/actor/lib/test/Distributor.tcl (RunTclFile)" time="0.07" />
  <testcase classname="ptolemy.util.test.junit.TclTests" name="[11] /home/travis/build/icyphy/ptII/ptolemy/actor/lib/test/Exit.tcl (RunTclFile)" time="0.058" />
  <testcase classname="ptolemy.util.test.junit.TclTests" name="[12] /home/travis/build/icyphy/ptII/ptolemy/actor/lib/test/Expression.tcl (RunTclFile)" time="0.105" />
  <testcase classname="ptolemy.util.test.junit.TclTests" name="[13] /home/travis/build/icyphy/ptII/ptolemy/actor/lib/test/Gaussian.tcl (RunTclFile)" time="0.509" />
  <testcase classname="ptolemy.util.test.junit.TclTests" name="[14] /home/travis/build/icyphy/ptII/ptolemy/actor/lib/test/IIR.tcl (RunTclFile)" time="0.046" />
  <testcase classname="ptolemy.util.test.junit.TclTests" name="[15] /home/travis/build/icyphy/ptII/ptolemy/actor/lib/test/Interpolator.tcl (RunTclFile)" time="0.084" />
  <testcase classname="ptolemy.util.test.junit.TclTests" name="[16] /home/travis/build/icyphy/ptII/ptolemy/actor/lib/test/MathFunction.tcl (RunTclFile)" time="0.044" />
  <testcase classname="ptolemy.util.test.junit.TclTests" name="[17] /home/travis/build/icyphy/ptII/ptolemy/actor/lib/test/Maximum.tcl (RunTclFile)" time="0.027" />
  <testcase classname="ptolemy.util.test.junit.TclTests" name="[18] /home/travis/build/icyphy/ptII/ptolemy/actor/lib/test/Minimum.tcl (RunTclFile)" time="0.026" />
  <testcase classname="ptolemy.util.test.junit.TclTests" name="[19] /home/travis/build/icyphy/ptII/ptolemy/actor/lib/test/MultiplyDivide.tcl (RunTclFile)" time="0.028" />
  <testcase classname="ptolemy.util.test.junit.TclTests" name="[20] /home/travis/build/icyphy/ptII/ptolemy/actor/lib/test/OrderedMerge.tcl (RunTclFile)" time="0.081" />
  <testcase classname="ptolemy.util.test.junit.TclTests" name="[21] /home/travis/build/icyphy/ptII/ptolemy/actor/lib/test/Publisher.tcl (RunTclFile)" time="0.691" />
  <testcase classname="ptolemy.util.test.junit.TclTests" name="[22] /home/travis/build/icyphy/ptII/ptolemy/actor/lib/test/Pulse.tcl (RunTclFile)" time="0.032" />
  <testcase classname="ptolemy.util.test.junit.TclTests" name="[23] /home/travis/build/icyphy/ptII/ptolemy/actor/lib/test/Ramp.tcl (RunTclFile)" time="2.009" />
  <testcase classname="ptolemy.util.test.junit.TclTests" name="[24] /home/travis/build/icyphy/ptII/ptolemy/actor/lib/test/RampContinuous.tcl (RunTclFile)" time="0.019" />
  <testcase classname="ptolemy.util.test.junit.TclTests" name="[25] /home/travis/build/icyphy/ptII/ptolemy/actor/lib/test/RecordAssembler.tcl (RunTclFile)" time="0.016" />
  <testcase classname="ptolemy.util.test.junit.TclTests" name="[26] /home/travis/build/icyphy/ptII/ptolemy/actor/lib/test/RecordDisassembler.tcl (RunTclFile)" time="0.02" />
  <testcase classname="ptolemy.util.test.junit.TclTests" name="[27] /home/travis/build/icyphy/ptII/ptolemy/actor/lib/test/Scale.tcl (RunTclFile)" time="0.018" />
  <testcase classname="ptolemy.util.test.junit.TclTests" name="[28] /home/travis/build/icyphy/ptII/ptolemy/actor/lib/test/SequentialClock.tcl (RunTclFile)" time="0.013" />
  <testcase classname="ptolemy.util.test.junit.TclTests" name="[29] /home/travis/build/icyphy/ptII/ptolemy/actor/lib/test/SetVariable.tcl (RunTclFile)" time="0.014" />
  <testcase classname="ptolemy.util.test.junit.TclTests" name="[30] /home/travis/build/icyphy/ptII/ptolemy/actor/lib/test/Sinewave.tcl (RunTclFile)" time="0.059" />
  <testcase classname="ptolemy.util.test.junit.TclTests" name="[31] /home/travis/build/icyphy/ptII/ptolemy/actor/lib/test/SubscriptionAggregator.tcl (RunTclFile)" time="2.068" />
  <testcase classname="ptolemy.util.test.junit.TclTests" name="[32] /home/travis/build/icyphy/ptII/ptolemy/actor/lib/test/Test.tcl (RunTclFile)" time="0.11" />
  <testcase classname="ptolemy.util.test.junit.TclTests" name="[33] /home/travis/build/icyphy/ptII/ptolemy/actor/lib/test/TestExceptionHandler.tcl (RunTclFile)" time="0.012" />
  <testcase classname="ptolemy.util.test.junit.TclTests" name="[34] /home/travis/build/icyphy/ptII/ptolemy/actor/lib/test/UnionDisassembler.tcl (RunTclFile)" time="0.039" />
  <testcase classname="ptolemy.util.test.junit.TclTests" name="[35] /home/travis/build/icyphy/ptII/ptolemy/actor/lib/test/VariableClock.tcl (RunTclFile)" time="0.017" />
  <testcase classname="ptolemy.util.test.junit.AutoKnownFailedTests" name="[0] /home/travis/build/icyphy/ptII/ptolemy/actor/lib/test/auto/knownFailedTests/PublisherPortToplevelSubscriber.xml (RunModel)" time="0.018" />
  <testcase classname="ptolemy.util.test.junit.AutoKnownFailedTests" name="[1] /home/travis/build/icyphy/ptII/ptolemy/actor/lib/test/auto/knownFailedTests/PublisherSubscriberPortToplevel.xml (RunModel)" time="0.017" />
  <testcase classname="ptolemy.util.test.junit.AutoKnownFailedTests" name="[2] /home/travis/build/icyphy/ptII/ptolemy/actor/lib/test/auto/knownFailedTests/PublisherSubscriptionAggregatorPort.xml (RunModel)" time="0.031" />
  <testcase classname="ptolemy.util.test.junit.AutoKnownFailedTests" name="[3] /home/travis/build/icyphy/ptII/ptolemy/actor/lib/test/auto/knownFailedTests/sizedarray3.xml (RunModel)" time="0.018" />
  <testcase classname="ptolemy.util.test.junit.AutoNameArchTests" name="[0] ThereAreNoAutoArchTests (RunModel)" time="0.002" />
  <testcase classname="ptolemy.util.test.junit.AutoTests" name="[0] /home/travis/build/icyphy/ptII/ptolemy/actor/lib/test/auto/AbsoluteValue.xml (RunModel)" time="0.157" />
  <testcase classname="ptolemy.util.test.junit.AutoTests" name="[1] /home/travis/build/icyphy/ptII/ptolemy/actor/lib/test/auto/AbsoluteValue2.xml (RunModel)" time="0.069" />
  <testcase classname="ptolemy.util.test.junit.AutoTests" name="[2] /home/travis/build/icyphy/ptII/ptolemy/actor/lib/test/auto/Accumulator.xml (RunModel)" time="0.082" />
  <testcase classname="ptolemy.util.test.junit.AutoTests" name="[3] /home/travis/build/icyphy/ptII/ptolemy/actor/lib/test/auto/Accumulator2.xml (RunModel)" time="0.032" />
  <testcase classname="ptolemy.util.test.junit.AutoTests" name="[4] /home/travis/build/icyphy/ptII/ptolemy/actor/lib/test/auto/Accumulator3.xml (RunModel)" time="0.042" />
  <testcase classname="ptolemy.util.test.junit.AutoTests" name="[5] /home/travis/build/icyphy/ptII/ptolemy/actor/lib/test/auto/ArrayAppend.xml (RunModel)" time="0.045" />
  <testcase classname="ptolemy.util.test.junit.AutoTests" name="[6] /home/travis/build/icyphy/ptII/ptolemy/actor/lib/test/auto/ArrayAppend2.xml (RunModel)" time="0.363" />
  <testcase classname="ptolemy.util.test.junit.AutoTests" name="[7] /home/travis/build/icyphy/ptII/ptolemy/actor/lib/test/auto/ArrayAppend3.xml (RunModel)" time="0.042" />
  <testcase classname="ptolemy.util.test.junit.AutoTests" name="[8] /home/travis/build/icyphy/ptII/ptolemy/actor/lib/test/auto/ArrayAppend4.xml (RunModel)" time="0.034" />
  <testcase classname="ptolemy.util.test.junit.AutoTests" name="[9] /home/travis/build/icyphy/ptII/ptolemy/actor/lib/test/auto/ArrayAppend5.xml (RunModel)" time="0.03" />
  <testcase classname="ptolemy.util.test.junit.AutoTests" name="[10] /home/travis/build/icyphy/ptII/ptolemy/actor/lib/test/auto/ArrayAppend6.xml (RunModel)" time="0.025" />
  <testcase classname="ptolemy.util.test.junit.AutoTests" name="[11] /home/travis/build/icyphy/ptII/ptolemy/actor/lib/test/auto/ArrayAppendPerformanceTest.xml (RunModel)" time="0.045" />
  <testcase classname="ptolemy.util.test.junit.AutoTests" name="[12] /home/travis/build/icyphy/ptII/ptolemy/actor/lib/test/auto/ArrayAppendWithEmptyInput.xml (RunModel)" time="0.053" />
  <testcase classname="ptolemy.util.test.junit.AutoTests" name="[13] /home/travis/build/icyphy/ptII/ptolemy/actor/lib/test/auto/ArrayAverage.xml (RunModel)" time="0.065" />
  <testcase classname="ptolemy.util.test.junit.AutoTests" name="[14] /home/travis/build/icyphy/ptII/ptolemy/actor/lib/test/auto/ArrayContains.xml (RunModel)" time="0.029" />
  <testcase classname="ptolemy.util.test.junit.AutoTests" name="[15] /home/travis/build/icyphy/ptII/ptolemy/actor/lib/test/auto/ArrayElement.xml (RunModel)" time="0.04" />
  <testcase classname="ptolemy.util.test.junit.AutoTests" name="[16] /home/travis/build/icyphy/ptII/ptolemy/actor/lib/test/auto/ArrayElementAsMatrix.xml (RunModel)" time="0.06" />
  <testcase classname="ptolemy.util.test.junit.AutoTests" name="[17] /home/travis/build/icyphy/ptII/ptolemy/actor/lib/test/auto/ArrayElementI.xml (RunModel)" time="0.018" />
  <testcase classname="ptolemy.util.test.junit.AutoTests" name="[18] /home/travis/build/icyphy/ptII/ptolemy/actor/lib/test/auto/ArrayExtract.xml (RunModel)" time="0.043" />
  <testcase classname="ptolemy.util.test.junit.AutoTests" name="[19] /home/travis/build/icyphy/ptII/ptolemy/actor/lib/test/auto/ArrayExtract2.xml (RunModel)" time="0.035" />
  <testcase classname="ptolemy.util.test.junit.AutoTests" name="[20] /home/travis/build/icyphy/ptII/ptolemy/actor/lib/test/auto/ArrayLength.xml (RunModel)" time="0.026" />
  <testcase classname="ptolemy.util.test.junit.AutoTests" name="[21] /home/travis/build/icyphy/ptII/ptolemy/actor/lib/test/auto/ArrayLevelCrossing.xml (RunModel)" time="0.027" />
  <testcase classname="ptolemy.util.test.junit.AutoTests" name="[22] /home/travis/build/icyphy/ptII/ptolemy/actor/lib/test/auto/ArrayLevelCrossing2.xml (RunModel)" time="0.021" />
  <testcase classname="ptolemy.util.test.junit.AutoTests" name="[23] /home/travis/build/icyphy/ptII/ptolemy/actor/lib/test/auto/ArrayPeakSearch.xml (RunModel)" time="0.038" />
  <testcase classname="ptolemy.util.test.junit.AutoTests" name="[24] /home/travis/build/icyphy/ptII/ptolemy/actor/lib/test/auto/ArrayPeakSearch2.xml (RunModel)" time="0.038" />
  <testcase classname="ptolemy.util.test.junit.AutoTests" name="[25] /home/travis/build/icyphy/ptII/ptolemy/actor/lib/test/auto/ArrayPeakSearch3.xml (RunModel)" time="0.033" />
  <testcase classname="ptolemy.util.test.junit.AutoTests" name="[26] /home/travis/build/icyphy/ptII/ptolemy/actor/lib/test/auto/ArrayRemoveElement.xml (RunModel)" time="0.033" />
  <testcase classname="ptolemy.util.test.junit.AutoTests" name="[27] /home/travis/build/icyphy/ptII/ptolemy/actor/lib/test/auto/ArraySort.xml (RunModel)" time="0.033" />
  <testcase classname="ptolemy.util.test.junit.AutoTests" name="[28] /home/travis/build/icyphy/ptII/ptolemy/actor/lib/test/auto/ArraySum.xml (RunModel)" time="0.019" />
  <testcase classname="ptolemy.util.test.junit.AutoTests" name="[29] /home/travis/build/icyphy/ptII/ptolemy/actor/lib/test/auto/ArrayToElements.xml (RunModel)" time="0.029" />
  <testcase classname="ptolemy.util.test.junit.AutoTests" name="[30] /home/travis/build/icyphy/ptII/ptolemy/actor/lib/test/auto/ArrayToMatrix.xml (RunModel)" time="0.058" />
  <testcase classname="ptolemy.util.test.junit.AutoTests" name="[31] /home/travis/build/icyphy/ptII/ptolemy/actor/lib/test/auto/ArrayUpdate1.xml (RunModel)" time="0.022" />
  <testcase classname="ptolemy.util.test.junit.AutoTests" name="[32] /home/travis/build/icyphy/ptII/ptolemy/actor/lib/test/auto/ArrayUpdate2.xml (RunModel)" time="0.024" />
  <testcase classname="ptolemy.util.test.junit.AutoTests" name="[33] /home/travis/build/icyphy/ptII/ptolemy/actor/lib/test/auto/ArrayUpdate3.xml (RunModel)" time="0.024" />
  <testcase classname="ptolemy.util.test.junit.AutoTests" name="[34] /home/travis/build/icyphy/ptII/ptolemy/actor/lib/test/auto/Assert1.xml (RunModel)" time="0.071" />
  <testcase classname="ptolemy.util.test.junit.AutoTests" name="[35] /home/travis/build/icyphy/ptII/ptolemy/actor/lib/test/auto/Assert2.xml (RunModel)" time="0.015" />
  <testcase classname="ptolemy.util.test.junit.AutoTests" name="[36] /home/travis/build/icyphy/ptII/ptolemy/actor/lib/test/auto/BooleanMultiplexor.xml (RunModel)" time="0.02" />
  <testcase classname="ptolemy.util.test.junit.AutoTests" name="[37] /home/travis/build/icyphy/ptII/ptolemy/actor/lib/test/auto/BooleanMultiplexor2.xml (RunModel)" time="0.024" />
  <testcase classname="ptolemy.util.test.junit.AutoTests" name="[38] /home/travis/build/icyphy/ptII/ptolemy/actor/lib/test/auto/BooleanMultiplexor3.xml (RunModel)" time="0.031" />
  <testcase classname="ptolemy.util.test.junit.AutoTests" name="[39] /home/travis/build/icyphy/ptII/ptolemy/actor/lib/test/auto/BooleanSelect.xml (RunModel)" time="0.024" />
  <testcase classname="ptolemy.util.test.junit.AutoTests" name="[40] /home/travis/build/icyphy/ptII/ptolemy/actor/lib/test/auto/BooleanSelect2.xml (RunModel)" time="0.015" />
  <testcase classname="ptolemy.util.test.junit.AutoTests" name="[41] /home/travis/build/icyphy/ptII/ptolemy/actor/lib/test/auto/BooleanSwitch.xml (RunModel)" time="0.025" />
  <testcase classname="ptolemy.util.test.junit.AutoTests" name="[42] /home/travis/build/icyphy/ptII/ptolemy/actor/lib/test/auto/BooleanSwitch2.xml (RunModel)" time="0.02" />
  <testcase classname="ptolemy.util.test.junit.AutoTests" name="[43] /home/travis/build/icyphy/ptII/ptolemy/actor/lib/test/auto/BooleanSwitchCloningBugWithClassRelationGroup.xml (RunModel)" time="0.033" />
  <testcase classname="ptolemy.util.test.junit.AutoTests" name="[44] /home/travis/build/icyphy/ptII/ptolemy/actor/lib/test/auto/BusActors.xml (RunModel)" time="0.033" />
  <testcase classname="ptolemy.util.test.junit.AutoTests" name="[45] /home/travis/build/icyphy/ptII/ptolemy/actor/lib/test/auto/ClassWrapper.xml (RunModel)" time="0.011" />
  <testcase classname="ptolemy.util.test.junit.AutoTests" name="[46] /home/travis/build/icyphy/ptII/ptolemy/actor/lib/test/auto/Clock.xml (RunModel)" time="0.011" />
  <testcase classname="ptolemy.util.test.junit.AutoTests" name="[47] /home/travis/build/icyphy/ptII/ptolemy/actor/lib/test/auto/Clock10.xml (RunModel)" time="0.021" />
  <testcase classname="ptolemy.util.test.junit.AutoTests" name="[48] /home/travis/build/icyphy/ptII/ptolemy/actor/lib/test/auto/Clock11.xml (RunModel)" time="0.023" />
  <testcase classname="ptolemy.util.test.junit.AutoTests" name="[49] /home/travis/build/icyphy/ptII/ptolemy/actor/lib/test/auto/Clock12.xml (RunModel)" time="0.019" />
  <testcase classname="ptolemy.util.test.junit.AutoTests" name="[50] /home/travis/build/icyphy/ptII/ptolemy/actor/lib/test/auto/Clock13.xml (RunModel)" time="0.022" />
  <testcase classname="ptolemy.util.test.junit.AutoTests" name="[51] /home/travis/build/icyphy/ptII/ptolemy/actor/lib/test/auto/Clock14.xml (RunModel)" time="0.022" />
  <testcase classname="ptolemy.util.test.junit.AutoTests" name="[52] /home/travis/build/icyphy/ptII/ptolemy/actor/lib/test/auto/Clock15.xml (RunModel)" time="0.018" />
  <testcase classname="ptolemy.util.test.junit.AutoTests" name="[53] /home/travis/build/icyphy/ptII/ptolemy/actor/lib/test/auto/Clock16.xml (RunModel)" time="0.082" />
  <testcase classname="ptolemy.util.test.junit.AutoTests" name="[54] /home/travis/build/icyphy/ptII/ptolemy/actor/lib/test/auto/Clock17.xml (RunModel)" time="0.064" />
  <testcase classname="ptolemy.util.test.junit.AutoTests" name="[55] /home/travis/build/icyphy/ptII/ptolemy/actor/lib/test/auto/Clock18.xml (RunModel)" time="0.044" />
  <testcase classname="ptolemy.util.test.junit.AutoTests" name="[56] /home/travis/build/icyphy/ptII/ptolemy/actor/lib/test/auto/Clock19.xml (RunModel)" time="0.052" />
  <testcase classname="ptolemy.util.test.junit.AutoTests" name="[57] /home/travis/build/icyphy/ptII/ptolemy/actor/lib/test/auto/Clock2.xml (RunModel)" time="0.017" />
  <testcase classname="ptolemy.util.test.junit.AutoTests" name="[58] /home/travis/build/icyphy/ptII/ptolemy/actor/lib/test/auto/Clock20.xml (RunModel)" time="0.022" />
  <testcase classname="ptolemy.util.test.junit.AutoTests" name="[59] /home/travis/build/icyphy/ptII/ptolemy/actor/lib/test/auto/Clock21.xml (RunModel)" time="0.017" />
  <testcase classname="ptolemy.util.test.junit.AutoTests" name="[60] /home/travis/build/icyphy/ptII/ptolemy/actor/lib/test/auto/Clock22.xml (RunModel)" time="0.01" />
  <testcase classname="ptolemy.util.test.junit.AutoTests" name="[61] /home/travis/build/icyphy/ptII/ptolemy/actor/lib/test/auto/Clock23.xml (RunModel)" time="0.012" />
  <testcase classname="ptolemy.util.test.junit.AutoTests" name="[62] /home/travis/build/icyphy/ptII/ptolemy/actor/lib/test/auto/Clock24.xml (RunModel)" time="0.017" />
  <testcase classname="ptolemy.util.test.junit.AutoTests" name="[63] /home/travis/build/icyphy/ptII/ptolemy/actor/lib/test/auto/Clock4.xml (RunModel)" time="0.014" />
  <testcase classname="ptolemy.util.test.junit.AutoTests" name="[64] /home/travis/build/icyphy/ptII/ptolemy/actor/lib/test/auto/Clock5.xml (RunModel)" time="0.015" />
  <testcase classname="ptolemy.util.test.junit.AutoTests" name="[65] /home/travis/build/icyphy/ptII/ptolemy/actor/lib/test/auto/Clock6.xml (RunModel)" time="0.008" />
  <testcase classname="ptolemy.util.test.junit.AutoTests" name="[66] /home/travis/build/icyphy/ptII/ptolemy/actor/lib/test/auto/Clock7.xml (RunModel)" time="0.009" />
  <testcase classname="ptolemy.util.test.junit.AutoTests" name="[67] /home/travis/build/icyphy/ptII/ptolemy/actor/lib/test/auto/Clock8.xml (RunModel)" time="0.017" />
  <testcase classname="ptolemy.util.test.junit.AutoTests" name="[68] /home/travis/build/icyphy/ptII/ptolemy/actor/lib/test/auto/Clock9.xml (RunModel)" time="0.017" />
  <testcase classname="ptolemy.util.test.junit.AutoTests" name="[69] /home/travis/build/icyphy/ptII/ptolemy/actor/lib/test/auto/CommDistDiscard.xml (RunModel)" time="0.025" />
  <testcase classname="ptolemy.util.test.junit.AutoTests" name="[70] /home/travis/build/icyphy/ptII/ptolemy/actor/lib/test/auto/Commutator.xml (RunModel)" time="0.015" />
  <testcase classname="ptolemy.util.test.junit.AutoTests" name="[71] /home/travis/build/icyphy/ptII/ptolemy/actor/lib/test/auto/Commutator2.xml (RunModel)" time="0.01" />
  <testcase classname="ptolemy.util.test.junit.AutoTests" name="[72] /home/travis/build/icyphy/ptII/ptolemy/actor/lib/test/auto/Commutator3.xml (RunModel)" time="0.011" />
  <testcase classname="ptolemy.util.test.junit.AutoTests" name="[73] /home/travis/build/icyphy/ptII/ptolemy/actor/lib/test/auto/Compare.xml (RunModel)" time="0.017" />
  <testcase classname="ptolemy.util.test.junit.AutoTests" name="[74] /home/travis/build/icyphy/ptII/ptolemy/actor/lib/test/auto/CompareDE.xml (RunModel)" time="0.02" />
  <testcase classname="ptolemy.util.test.junit.AutoTests" name="[75] /home/travis/build/icyphy/ptII/ptolemy/actor/lib/test/auto/ComplexDivide.xml (RunModel)" time="0.009" />
  <testcase classname="ptolemy.util.test.junit.AutoTests" name="[76] /home/travis/build/icyphy/ptII/ptolemy/actor/lib/test/auto/ComputeHistogram.xml (RunModel)" time="0.064" />
  <testcase classname="ptolemy.util.test.junit.AutoTests" name="[77] /home/travis/build/icyphy/ptII/ptolemy/actor/lib/test/auto/ConfigurationSelect.xml (RunModel)" time="0.015" />
  <testcase classname="ptolemy.util.test.junit.AutoTests" name="[78] /home/travis/build/icyphy/ptII/ptolemy/actor/lib/test/auto/ConfigurationSelect2.xml (RunModel)" time="0.011" />
  <testcase classname="ptolemy.util.test.junit.AutoTests" name="[79] /home/travis/build/icyphy/ptII/ptolemy/actor/lib/test/auto/ConfigurationSwitch.xml (RunModel)" time="0.025" />
  <testcase classname="ptolemy.util.test.junit.AutoTests" name="[80] /home/travis/build/icyphy/ptII/ptolemy/actor/lib/test/auto/ConfigurationSwitch2.xml (RunModel)" time="0.024" />
  <testcase classname="ptolemy.util.test.junit.AutoTests" name="[81] /home/travis/build/icyphy/ptII/ptolemy/actor/lib/test/auto/ConfigurationSwitchCloningBugWithClassRelationGroup.xml (RunModel)" time="0.021" />
  <testcase classname="ptolemy.util.test.junit.AutoTests" name="[82] /home/travis/build/icyphy/ptII/ptolemy/actor/lib/test/auto/ConfigurationSwitchSelectSDF.xml (RunModel)" time="0.016" />
  <testcase classname="ptolemy.util.test.junit.AutoTests" name="[83] /home/travis/build/icyphy/ptII/ptolemy/actor/lib/test/auto/ConfigurationSwitchSelectSDF2.xml (RunModel)" time="0.023" />
  <testcase classname="ptolemy.util.test.junit.AutoTests" name="[84] /home/travis/build/icyphy/ptII/ptolemy/actor/lib/test/auto/Const.xml (RunModel)" time="0.008" />
  <testcase classname="ptolemy.util.test.junit.AutoTests" name="[85] /home/travis/build/icyphy/ptII/ptolemy/actor/lib/test/auto/Const2.xml (RunModel)" time="0.011" />
  <testcase classname="ptolemy.util.test.junit.AutoTests" name="[86] /home/travis/build/icyphy/ptII/ptolemy/actor/lib/test/auto/Const3.xml (RunModel)" time="0.007" />
  <testcase classname="ptolemy.util.test.junit.AutoTests" name="[87] /home/travis/build/icyphy/ptII/ptolemy/actor/lib/test/auto/ConstantPublisherPort1.xml (RunModel)" time="0.024" />
  <testcase classname="ptolemy.util.test.junit.AutoTests" name="[88] /home/travis/build/icyphy/ptII/ptolemy/actor/lib/test/auto/ConstantPublisherPort2.xml (RunModel)" time="0.017" />
  <testcase classname="ptolemy.util.test.junit.AutoTests" name="[89] /home/travis/build/icyphy/ptII/ptolemy/actor/lib/test/auto/ConstantPublisherPort3.xml (RunModel)" time="0.017" />
  <testcase classname="ptolemy.util.test.junit.AutoTests" name="[90] /home/travis/build/icyphy/ptII/ptolemy/actor/lib/test/auto/ConstantPublisherPort4.xml (RunModel)" time="0.015" />
  <testcase classname="ptolemy.util.test.junit.AutoTests" name="[91] /home/travis/build/icyphy/ptII/ptolemy/actor/lib/test/auto/ConstantPublisherPort5.xml (RunModel)" time="0.028" />
  <testcase classname="ptolemy.util.test.junit.AutoTests" name="[92] /home/travis/build/icyphy/ptII/ptolemy/actor/lib/test/auto/ConstantPublisherPort6.xml (RunModel)" time="0.029" />
  <testcase classname="ptolemy.util.test.junit.AutoTests" name="[93] /home/travis/build/icyphy/ptII/ptolemy/actor/lib/test/auto/ConstantPublisherPort7.xml (RunModel)" time="0.035" />
  <testcase classname="ptolemy.util.test.junit.AutoTests" name="[94] /home/travis/build/icyphy/ptII/ptolemy/actor/lib/test/auto/ConstraintMonitor1.xml (RunModel)" time="0.029" />
  <testcase classname="ptolemy.util.test.junit.AutoTests" name="[95] /home/travis/build/icyphy/ptII/ptolemy/actor/lib/test/auto/ConstraintMonitor2.xml (RunModel)" time="0.011" />
  <testcase classname="ptolemy.util.test.junit.AutoTests" name="[96] /home/travis/build/icyphy/ptII/ptolemy/actor/lib/test/auto/ConstraintMonitor3.xml (RunModel)" time="0.018" />
  <testcase classname="ptolemy.util.test.junit.AutoTests" name="[97] /home/travis/build/icyphy/ptII/ptolemy/actor/lib/test/auto/ConstraintMonitor4.xml (RunModel)" time="0.012" />
  <testcase classname="ptolemy.util.test.junit.AutoTests" name="[98] /home/travis/build/icyphy/ptII/ptolemy/actor/lib/test/auto/ConstraintMonitor5.xml (RunModel)" time="0.015" />
  <testcase classname="ptolemy.util.test.junit.AutoTests" name="[99] /home/travis/build/icyphy/ptII/ptolemy/actor/lib/test/auto/ConstraintMonitor6.xml (RunModel)" time="0.036" />
  <testcase classname="ptolemy.util.test.junit.AutoTests" name="[100] /home/travis/build/icyphy/ptII/ptolemy/actor/lib/test/auto/ConstraintMonitor7.xml (RunModel)" time="0.017" />
  <testcase classname="ptolemy.util.test.junit.AutoTests" name="[101] /home/travis/build/icyphy/ptII/ptolemy/actor/lib/test/auto/ConstraintMonitor8.xml (RunModel)" time="0.018" />
  <testcase classname="ptolemy.util.test.junit.AutoTests" name="[102] /home/travis/build/icyphy/ptII/ptolemy/actor/lib/test/auto/Counter.xml (RunModel)" time="0.01" />
  <testcase classname="ptolemy.util.test.junit.AutoTests" name="[103] /home/travis/build/icyphy/ptII/ptolemy/actor/lib/test/auto/CurrentTimeSDF.xml (RunModel)" time="0.008" />
  <testcase classname="ptolemy.util.test.junit.AutoTests" name="[104] /home/travis/build/icyphy/ptII/ptolemy/actor/lib/test/auto/DB.xml (RunModel)" time="0.018" />
  <testcase classname="ptolemy.util.test.junit.AutoTests" name="[105] /home/travis/build/icyphy/ptII/ptolemy/actor/lib/test/auto/DBDE.xml (RunModel)" time="0.012" />
  <testcase classname="ptolemy.util.test.junit.AutoTests" name="[106] /home/travis/build/icyphy/ptII/ptolemy/actor/lib/test/auto/DateConstructor.xml (RunModel)" time="0.054" />
  <testcase classname="ptolemy.util.test.junit.AutoTests" name="[107] /home/travis/build/icyphy/ptII/ptolemy/actor/lib/test/auto/DelayTime.xml (RunModel)" time="0.013" />
  <testcase classname="ptolemy.util.test.junit.AutoTests" name="[108] /home/travis/build/icyphy/ptII/ptolemy/actor/lib/test/auto/Dictionary1.xml (RunModel)" time="0.015" />
  <testcase classname="ptolemy.util.test.junit.AutoTests" name="[109] /home/travis/build/icyphy/ptII/ptolemy/actor/lib/test/auto/Dictionary2.xml (RunModel)" time="0.013" />
  <testcase classname="ptolemy.util.test.junit.AutoTests" name="[110] /home/travis/build/icyphy/ptII/ptolemy/actor/lib/test/auto/Dictionary3.xml (RunModel)" time="0.018" />
  <testcase classname="ptolemy.util.test.junit.AutoTests" name="[111] /home/travis/build/icyphy/ptII/ptolemy/actor/lib/test/auto/Dictionary4.xml (RunModel)" time="0.015" />
  <testcase classname="ptolemy.util.test.junit.AutoTests" name="[112] /home/travis/build/icyphy/ptII/ptolemy/actor/lib/test/auto/Differential.xml (RunModel)" time="0.009" />
  <testcase classname="ptolemy.util.test.junit.AutoTests" name="[113] /home/travis/build/icyphy/ptII/ptolemy/actor/lib/test/auto/Director.xml (RunModel)" time="0.009" />
  <testcase classname="ptolemy.util.test.junit.AutoTests" name="[114] /home/travis/build/icyphy/ptII/ptolemy/actor/lib/test/auto/DiscreteClock.xml (RunModel)" time="0.008" />
  <testcase classname="ptolemy.util.test.junit.AutoTests" name="[115] /home/travis/build/icyphy/ptII/ptolemy/actor/lib/test/auto/DiscreteClock10.xml (RunModel)" time="0.012" />
  <testcase classname="ptolemy.util.test.junit.AutoTests" name="[116] /home/travis/build/icyphy/ptII/ptolemy/actor/lib/test/auto/DiscreteClock11.xml (RunModel)" time="0.012" />
  <testcase classname="ptolemy.util.test.junit.AutoTests" name="[117] /home/travis/build/icyphy/ptII/ptolemy/actor/lib/test/auto/DiscreteClock12.xml (RunModel)" time="0.013" />
  <testcase classname="ptolemy.util.test.junit.AutoTests" name="[118] /home/travis/build/icyphy/ptII/ptolemy/actor/lib/test/auto/DiscreteClock13.xml (RunModel)" time="0.012" />
  <testcase classname="ptolemy.util.test.junit.AutoTests" name="[119] /home/travis/build/icyphy/ptII/ptolemy/actor/lib/test/auto/DiscreteClock14.xml (RunModel)" time="0.012" />
  <testcase classname="ptolemy.util.test.junit.AutoTests" name="[120] /home/travis/build/icyphy/ptII/ptolemy/actor/lib/test/auto/DiscreteClock15.xml (RunModel)" time="0.015" />
  <testcase classname="ptolemy.util.test.junit.AutoTests" name="[121] /home/travis/build/icyphy/ptII/ptolemy/actor/lib/test/auto/DiscreteClock16.xml (RunModel)" time="0.041" />
  <testcase classname="ptolemy.util.test.junit.AutoTests" name="[122] /home/travis/build/icyphy/ptII/ptolemy/actor/lib/test/auto/DiscreteClock17.xml (RunModel)" time="0.033" />
  <testcase classname="ptolemy.util.test.junit.AutoTests" name="[123] /home/travis/build/icyphy/ptII/ptolemy/actor/lib/test/auto/DiscreteClock18.xml (RunModel)" time="0.034" />
  <testcase classname="ptolemy.util.test.junit.AutoTests" name="[124] /home/travis/build/icyphy/ptII/ptolemy/actor/lib/test/auto/DiscreteClock19.xml (RunModel)" time="0.054" />
  <testcase classname="ptolemy.util.test.junit.AutoTests" name="[125] /home/travis/build/icyphy/ptII/ptolemy/actor/lib/test/auto/DiscreteClock2.xml (RunModel)" time="0.013" />
  <testcase classname="ptolemy.util.test.junit.AutoTests" name="[126] /home/travis/build/icyphy/ptII/ptolemy/actor/lib/test/auto/DiscreteClock20.xml (RunModel)" time="0.023" />
  <testcase classname="ptolemy.util.test.junit.AutoTests" name="[127] /home/travis/build/icyphy/ptII/ptolemy/actor/lib/test/auto/DiscreteClock21.xml (RunModel)" time="0.018" />
  <testcase classname="ptolemy.util.test.junit.AutoTests" name="[128] /home/travis/build/icyphy/ptII/ptolemy/actor/lib/test/auto/DiscreteClock22.xml (RunModel)" time="0.016" />
  <testcase classname="ptolemy.util.test.junit.AutoTests" name="[129] /home/travis/build/icyphy/ptII/ptolemy/actor/lib/test/auto/DiscreteClock23.xml (RunModel)" time="0.485" />
  <testcase classname="ptolemy.util.test.junit.AutoTests" name="[130] /home/travis/build/icyphy/ptII/ptolemy/actor/lib/test/auto/DiscreteClock24.xml (RunModel)" time="0.017" />
  <testcase classname="ptolemy.util.test.junit.AutoTests" name="[131] /home/travis/build/icyphy/ptII/ptolemy/actor/lib/test/auto/DiscreteClock4.xml (RunModel)" time="0.016" />
  <testcase classname="ptolemy.util.test.junit.AutoTests" name="[132] /home/travis/build/icyphy/ptII/ptolemy/actor/lib/test/auto/DiscreteClock5.xml (RunModel)" time="0.01" />
  <testcase classname="ptolemy.util.test.junit.AutoTests" name="[133] /home/travis/build/icyphy/ptII/ptolemy/actor/lib/test/auto/DiscreteClock6.xml (RunModel)" time="0.009" />
  <testcase classname="ptolemy.util.test.junit.AutoTests" name="[134] /home/travis/build/icyphy/ptII/ptolemy/actor/lib/test/auto/DiscreteClock7.xml (RunModel)" time="0.012" />
  <testcase classname="ptolemy.util.test.junit.AutoTests" name="[135] /home/travis/build/icyphy/ptII/ptolemy/actor/lib/test/auto/DiscreteClock8.xml (RunModel)" time="0.014" />
  <testcase classname="ptolemy.util.test.junit.AutoTests" name="[136] /home/travis/build/icyphy/ptII/ptolemy/actor/lib/test/auto/DiscreteClock9.xml (RunModel)" time="0.014" />
  <testcase classname="ptolemy.util.test.junit.AutoTests" name="[137] /home/travis/build/icyphy/ptII/ptolemy/actor/lib/test/auto/DisplayArray.xml (RunModel)" time="0.024" />
  <testcase classname="ptolemy.util.test.junit.AutoTests" name="[138] /home/travis/build/icyphy/ptII/ptolemy/actor/lib/test/auto/Distributor.xml (RunModel)" time="0.009" />
  <testcase classname="ptolemy.util.test.junit.AutoTests" name="[139] /home/travis/build/icyphy/ptII/ptolemy/actor/lib/test/auto/Distributor2.xml (RunModel)" time="0.013" />
  <testcase classname="ptolemy.util.test.junit.AutoTests" name="[140] /home/travis/build/icyphy/ptII/ptolemy/actor/lib/test/auto/DownSample.xml (RunModel)" time="0.011" />
  <testcase classname="ptolemy.util.test.junit.AutoTests" name="[141] /home/travis/build/icyphy/ptII/ptolemy/actor/lib/test/auto/ElectronicUnitBase1.xml (RunModel)" time="0.071" />
  <testcase classname="ptolemy.util.test.junit.AutoTests" name="[142] /home/travis/build/icyphy/ptII/ptolemy/actor/lib/test/auto/ElementsToArray.xml (RunModel)" time="0.012" />
  <testcase classname="ptolemy.util.test.junit.AutoTests" name="[143] /home/travis/build/icyphy/ptII/ptolemy/actor/lib/test/auto/Equals.xml (RunModel)" time="0.017" />
  <testcase classname="ptolemy.util.test.junit.AutoTests" name="[144] /home/travis/build/icyphy/ptII/ptolemy/actor/lib/test/auto/Exec.xml (RunModel)" time="0.028" />
  <testcase classname="ptolemy.util.test.junit.AutoTests" name="[145] /home/travis/build/icyphy/ptII/ptolemy/actor/lib/test/auto/ExecEnvironment.xml (RunModel)" time="0.04" />
  <testcase classname="ptolemy.util.test.junit.AutoTests" name="[146] /home/travis/build/icyphy/ptII/ptolemy/actor/lib/test/auto/ExecNonZeroReturnOutput.xml (RunModel)" time="0.14" />
  <testcase classname="ptolemy.util.test.junit.AutoTests" name="[147] /home/travis/build/icyphy/ptII/ptolemy/actor/lib/test/auto/ExecRunDemos.xml (RunModel)" time="9.159" />
  <testcase classname="ptolemy.util.test.junit.AutoTests" name="[148] /home/travis/build/icyphy/ptII/ptolemy/actor/lib/test/auto/ExecStop.xml (RunModel)" time="5.025" />
  <testcase classname="ptolemy.util.test.junit.AutoTests" name="[149] /home/travis/build/icyphy/ptII/ptolemy/actor/lib/test/auto/ExecutionTimeSDF.xml (RunModel)" time="6.032" />
  <testcase classname="ptolemy.util.test.junit.AutoTests" name="[150] /home/travis/build/icyphy/ptII/ptolemy/actor/lib/test/auto/Expression1.xml (RunModel)" time="0.01" />
  <testcase classname="ptolemy.util.test.junit.AutoTests" name="[151] /home/travis/build/icyphy/ptII/ptolemy/actor/lib/test/auto/Expression10.xml (RunModel)" time="0.016" />
  <testcase classname="ptolemy.util.test.junit.AutoTests" name="[152] /home/travis/build/icyphy/ptII/ptolemy/actor/lib/test/auto/Expression11.xml (RunModel)" time="0.011" />
  <testcase classname="ptolemy.util.test.junit.AutoTests" name="[153] /home/travis/build/icyphy/ptII/ptolemy/actor/lib/test/auto/Expression12.xml (RunModel)" time="0.015" />
  <testcase classname="ptolemy.util.test.junit.AutoTests" name="[154] /home/travis/build/icyphy/ptII/ptolemy/actor/lib/test/auto/Expression13.xml (RunModel)" time="0.012" />
  <testcase classname="ptolemy.util.test.junit.AutoTests" name="[155] /home/travis/build/icyphy/ptII/ptolemy/actor/lib/test/auto/Expression14.xml (RunModel)" time="0.016" />
  <testcase classname="ptolemy.util.test.junit.AutoTests" name="[156] /home/travis/build/icyphy/ptII/ptolemy/actor/lib/test/auto/Expression15.xml (RunModel)" time="0.008" />
  <testcase classname="ptolemy.util.test.junit.AutoTests" name="[157] /home/travis/build/icyphy/ptII/ptolemy/actor/lib/test/auto/Expression16.xml (RunModel)" time="0.021" />
  <testcase classname="ptolemy.util.test.junit.AutoTests" name="[158] /home/travis/build/icyphy/ptII/ptolemy/actor/lib/test/auto/Expression17.xml (RunModel)" time="0.011" />
  <testcase classname="ptolemy.util.test.junit.AutoTests" name="[159] /home/travis/build/icyphy/ptII/ptolemy/actor/lib/test/auto/Expression18.xml (RunModel)" time="0.012" />
  <testcase classname="ptolemy.util.test.junit.AutoTests" name="[160] /home/travis/build/icyphy/ptII/ptolemy/actor/lib/test/auto/Expression2.xml (RunModel)" time="0.013" />
  <testcase classname="ptolemy.util.test.junit.AutoTests" name="[161] /home/travis/build/icyphy/ptII/ptolemy/actor/lib/test/auto/Expression3.xml (RunModel)" time="0.011" />
  <testcase classname="ptolemy.util.test.junit.AutoTests" name="[162] /home/travis/build/icyphy/ptII/ptolemy/actor/lib/test/auto/Expression4.xml (RunModel)" time="0.021" />
  <testcase classname="ptolemy.util.test.junit.AutoTests" name="[163] /home/travis/build/icyphy/ptII/ptolemy/actor/lib/test/auto/Expression5.xml (RunModel)" time="0.019" />
  <testcase classname="ptolemy.util.test.junit.AutoTests" name="[164] /home/travis/build/icyphy/ptII/ptolemy/actor/lib/test/auto/Expression6.xml (RunModel)" time="0.012" />
  <testcase classname="ptolemy.util.test.junit.AutoTests" name="[165] /home/travis/build/icyphy/ptII/ptolemy/actor/lib/test/auto/Expression7.xml (RunModel)" time="0.012" />
  <testcase classname="ptolemy.util.test.junit.AutoTests" name="[166] /home/travis/build/icyphy/ptII/ptolemy/actor/lib/test/auto/Expression8.xml (RunModel)" time="0.017" />
  <testcase classname="ptolemy.util.test.junit.AutoTests" name="[167] /home/travis/build/icyphy/ptII/ptolemy/actor/lib/test/auto/Expression9.xml (RunModel)" time="0.01" />
  <testcase classname="ptolemy.util.test.junit.AutoTests" name="[168] /home/travis/build/icyphy/ptII/ptolemy/actor/lib/test/auto/ExpressionConcatenateArrayType.xml (RunModel)" time="0.026" />
  <testcase classname="ptolemy.util.test.junit.AutoTests" name="[169] /home/travis/build/icyphy/ptII/ptolemy/actor/lib/test/auto/ExpressionConcatenateArrayType2.xml (RunModel)" time="0.022" />
  <testcase classname="ptolemy.util.test.junit.AutoTests" name="[170] /home/travis/build/icyphy/ptII/ptolemy/actor/lib/test/auto/ExpressionFix.xml (RunModel)" time="0.044" />
  <testcase classname="ptolemy.util.test.junit.AutoTests" name="[171] /home/travis/build/icyphy/ptII/ptolemy/actor/lib/test/auto/ExpressionFix2.xml (RunModel)" time="0.015" />
  <testcase classname="ptolemy.util.test.junit.AutoTests" name="[172] /home/travis/build/icyphy/ptII/ptolemy/actor/lib/test/auto/ExpressionFix3.xml (RunModel)" time="0.015" />
  <testcase classname="ptolemy.util.test.junit.AutoTests" name="[173] /home/travis/build/icyphy/ptII/ptolemy/actor/lib/test/auto/FileWriter1.xml (RunModel)" time="0.01" />
  <testcase classname="ptolemy.util.test.junit.AutoTests" name="[174] /home/travis/build/icyphy/ptII/ptolemy/actor/lib/test/auto/FileWriter2.xml (RunModel)" time="0.013" />
  <testcase classname="ptolemy.util.test.junit.AutoTests" name="[175] /home/travis/build/icyphy/ptII/ptolemy/actor/lib/test/auto/FileWriter3.xml (RunModel)" time="0.012" />
  <testcase classname="ptolemy.util.test.junit.AutoTests" name="[176] /home/travis/build/icyphy/ptII/ptolemy/actor/lib/test/auto/Gaussian.xml (RunModel)" time="0.012" />
  <testcase classname="ptolemy.util.test.junit.AutoTests" name="[177] /home/travis/build/icyphy/ptII/ptolemy/actor/lib/test/auto/Gaussian1.xml (RunModel)" time="0.033" />
  <testcase classname="ptolemy.util.test.junit.AutoTests" name="[178] /home/travis/build/icyphy/ptII/ptolemy/actor/lib/test/auto/Gaussian2.xml (RunModel)" time="0.024" />
  <testcase classname="ptolemy.util.test.junit.AutoTests" name="[179] /home/travis/build/icyphy/ptII/ptolemy/actor/lib/test/auto/GradientAdaptiveLattice.xml (RunModel)" time="0.018" />
  <testcase classname="ptolemy.util.test.junit.AutoTests" name="[180] /home/travis/build/icyphy/ptII/ptolemy/actor/lib/test/auto/IIR.xml (RunModel)" time="0.011" />
  <testcase classname="ptolemy.util.test.junit.AutoTests" name="[181] /home/travis/build/icyphy/ptII/ptolemy/actor/lib/test/auto/InputOutputTransparentPorts.xml (RunModel)" time="0.021" />
  <testcase classname="ptolemy.util.test.junit.AutoTests" name="[182] /home/travis/build/icyphy/ptII/ptolemy/actor/lib/test/auto/Interpolator.xml (RunModel)" time="0.012" />
  <testcase classname="ptolemy.util.test.junit.AutoTests" name="[183] /home/travis/build/icyphy/ptII/ptolemy/actor/lib/test/auto/InterpolatorFiringLimitDE.xml (RunModel)" time="0.016" />
  <testcase classname="ptolemy.util.test.junit.AutoTests" name="[184] /home/travis/build/icyphy/ptII/ptolemy/actor/lib/test/auto/Lattice.xml (RunModel)" time="0.018" />
  <testcase classname="ptolemy.util.test.junit.AutoTests" name="[185] /home/travis/build/icyphy/ptII/ptolemy/actor/lib/test/auto/LazyAOCTestLazy.xml (RunModel)" time="0.055" />
  <testcase classname="ptolemy.util.test.junit.AutoTests" name="[186] /home/travis/build/icyphy/ptII/ptolemy/actor/lib/test/auto/LazyAOCTestNonLazy.xml (RunModel)" time="0.052" />
  <testcase classname="ptolemy.util.test.junit.AutoTests" name="[187] /home/travis/build/icyphy/ptII/ptolemy/actor/lib/test/auto/LazyInnerClass.xml (RunModel)" time="0.047" />
  <testcase classname="ptolemy.util.test.junit.AutoTests" name="[188] /home/travis/build/icyphy/ptII/ptolemy/actor/lib/test/auto/LazyPubSub.xml (RunModel)" time="0.03" />
  <testcase classname="ptolemy.util.test.junit.AutoTests" name="[189] /home/travis/build/icyphy/ptII/ptolemy/actor/lib/test/auto/LazyPubSub2.xml (RunModel)" time="0.024" />
  <testcase classname="ptolemy.util.test.junit.AutoTests" name="[190] /home/travis/build/icyphy/ptII/ptolemy/actor/lib/test/auto/LazyPubSub3.xml (RunModel)" time="0.026" />
  <testcase classname="ptolemy.util.test.junit.AutoTests" name="[191] /home/travis/build/icyphy/ptII/ptolemy/actor/lib/test/auto/LazySubClassModel.xml (RunModel)" time="0.019" />
  <testcase classname="ptolemy.util.test.junit.AutoTests" name="[192] /home/travis/build/icyphy/ptII/ptolemy/actor/lib/test/auto/LevelCrossTest1.xml (RunModel)" time="0.01" />
  <testcase classname="ptolemy.util.test.junit.AutoTests" name="[193] /home/travis/build/icyphy/ptII/ptolemy/actor/lib/test/auto/LevelCrossTest10.xml (RunModel)" time="0.015" />
  <testcase classname="ptolemy.util.test.junit.AutoTests" name="[194] /home/travis/build/icyphy/ptII/ptolemy/actor/lib/test/auto/LevelCrossTest11.xml (RunModel)" time="0.013" />
  <testcase classname="ptolemy.util.test.junit.AutoTests" name="[195] /home/travis/build/icyphy/ptII/ptolemy/actor/lib/test/auto/LevelCrossTest12.xml (RunModel)" time="0.013" />
  <testcase classname="ptolemy.util.test.junit.AutoTests" name="[196] /home/travis/build/icyphy/ptII/ptolemy/actor/lib/test/auto/LevelCrossTest13.xml (RunModel)" time="0.013" />
  <testcase classname="ptolemy.util.test.junit.AutoTests" name="[197] /home/travis/build/icyphy/ptII/ptolemy/actor/lib/test/auto/LevelCrossTest2.xml (RunModel)" time="0.011" />
  <testcase classname="ptolemy.util.test.junit.AutoTests" name="[198] /home/travis/build/icyphy/ptII/ptolemy/actor/lib/test/auto/LevelCrossTest3.xml (RunModel)" time="0.012" />
  <testcase classname="ptolemy.util.test.junit.AutoTests" name="[199] /home/travis/build/icyphy/ptII/ptolemy/actor/lib/test/auto/LevelCrossTest4.xml (RunModel)" time="0.015" />
  <testcase classname="ptolemy.util.test.junit.AutoTests" name="[200] /home/travis/build/icyphy/ptII/ptolemy/actor/lib/test/auto/LevelCrossTest5.xml (RunModel)" time="0.012" />
  <testcase classname="ptolemy.util.test.junit.AutoTests" name="[201] /home/travis/build/icyphy/ptII/ptolemy/actor/lib/test/auto/LevelCrossTest6.xml (RunModel)" time="0.012" />
  <testcase classname="ptolemy.util.test.junit.AutoTests" name="[202] /home/travis/build/icyphy/ptII/ptolemy/actor/lib/test/auto/LevelCrossTest7.xml (RunModel)" time="0.013" />
  <testcase classname="ptolemy.util.test.junit.AutoTests" name="[203] /home/travis/build/icyphy/ptII/ptolemy/actor/lib/test/auto/LevelCrossTest8.xml (RunModel)" time="0.018" />
  <testcase classname="ptolemy.util.test.junit.AutoTests" name="[204] /home/travis/build/icyphy/ptII/ptolemy/actor/lib/test/auto/LevelCrossTest9.xml (RunModel)" time="0.012" />
  <testcase classname="ptolemy.util.test.junit.AutoTests" name="[205] /home/travis/build/icyphy/ptII/ptolemy/actor/lib/test/auto/LevinsonDurbin.xml (RunModel)" time="0.008" />
  <testcase classname="ptolemy.util.test.junit.AutoTests" name="[206] /home/travis/build/icyphy/ptII/ptolemy/actor/lib/test/auto/LevinsonDurbin2.xml (RunModel)" time="0.009" />
  <testcase classname="ptolemy.util.test.junit.AutoTests" name="[207] /home/travis/build/icyphy/ptII/ptolemy/actor/lib/test/auto/LevinsonDurbin3.xml (RunModel)" time="0.009" />
  <testcase classname="ptolemy.util.test.junit.AutoTests" name="[208] /home/travis/build/icyphy/ptII/ptolemy/actor/lib/test/auto/Limiter.xml (RunModel)" time="0.032" />
  <testcase classname="ptolemy.util.test.junit.AutoTests" name="[209] /home/travis/build/icyphy/ptII/ptolemy/actor/lib/test/auto/LinearDifferenceEquationSystem.xml (RunModel)" time="0.02" />
  <testcase classname="ptolemy.util.test.junit.AutoTests" name="[210] /home/travis/build/icyphy/ptII/ptolemy/actor/lib/test/auto/LookupTable.xml (RunModel)" time="0.014" />
  <testcase classname="ptolemy.util.test.junit.AutoTests" name="[211] /home/travis/build/icyphy/ptII/ptolemy/actor/lib/test/auto/MathFunction.xml (RunModel)" time="0.02" />
  <testcase classname="ptolemy.util.test.junit.AutoTests" name="[212] /home/travis/build/icyphy/ptII/ptolemy/actor/lib/test/auto/MathFunction2.xml (RunModel)" time="0.01" />
  <testcase classname="ptolemy.util.test.junit.AutoTests" name="[213] /home/travis/build/icyphy/ptII/ptolemy/actor/lib/test/auto/MathFunction3.xml (RunModel)" time="0.019" />
  <testcase classname="ptolemy.util.test.junit.AutoTests" name="[214] /home/travis/build/icyphy/ptII/ptolemy/actor/lib/test/auto/MatrixCropBoolean.xml (RunModel)" time="0.012" />
  <testcase classname="ptolemy.util.test.junit.AutoTests" name="[215] /home/travis/build/icyphy/ptII/ptolemy/actor/lib/test/auto/MatrixCropComplex.xml (RunModel)" time="0.011" />
  <testcase classname="ptolemy.util.test.junit.AutoTests" name="[216] /home/travis/build/icyphy/ptII/ptolemy/actor/lib/test/auto/MatrixCropDouble.xml (RunModel)" time="0.008" />
  <testcase classname="ptolemy.util.test.junit.AutoTests" name="[217] /home/travis/build/icyphy/ptII/ptolemy/actor/lib/test/auto/MatrixCropFix.xml (RunModel)" time="0.011" />
  <testcase classname="ptolemy.util.test.junit.AutoTests" name="[218] /home/travis/build/icyphy/ptII/ptolemy/actor/lib/test/auto/MatrixCropInt.xml (RunModel)" time="0.009" />
  <testcase classname="ptolemy.util.test.junit.AutoTests" name="[219] /home/travis/build/icyphy/ptII/ptolemy/actor/lib/test/auto/MatrixCropLong.xml (RunModel)" time="0.013" />
  <testcase classname="ptolemy.util.test.junit.AutoTests" name="[220] /home/travis/build/icyphy/ptII/ptolemy/actor/lib/test/auto/MatrixToArray.xml (RunModel)" time="0.048" />
  <testcase classname="ptolemy.util.test.junit.AutoTests" name="[221] /home/travis/build/icyphy/ptII/ptolemy/actor/lib/test/auto/MaxIndex.xml (RunModel)" time="0.017" />
  <testcase classname="ptolemy.util.test.junit.AutoTests" name="[222] /home/travis/build/icyphy/ptII/ptolemy/actor/lib/test/auto/Maximum.xml (RunModel)" time="0.013" />
  <testcase classname="ptolemy.util.test.junit.AutoTests" name="[223] /home/travis/build/icyphy/ptII/ptolemy/actor/lib/test/auto/MaximumComplex.xml (RunModel)" time="0.013" />
  <testcase classname="ptolemy.util.test.junit.AutoTests" name="[224] /home/travis/build/icyphy/ptII/ptolemy/actor/lib/test/auto/MethodCallTest.xml (RunModel)" time="0.021" />
  <testcase classname="ptolemy.util.test.junit.AutoTests" name="[225] /home/travis/build/icyphy/ptII/ptolemy/actor/lib/test/auto/Minimum.xml (RunModel)" time="0.013" />
  <testcase classname="ptolemy.util.test.junit.AutoTests" name="[226] /home/travis/build/icyphy/ptII/ptolemy/actor/lib/test/auto/MinimumComplex.xml (RunModel)" time="0.015" />
  <testcase classname="ptolemy.util.test.junit.AutoTests" name="[227] /home/travis/build/icyphy/ptII/ptolemy/actor/lib/test/auto/MinimumMultiports.xml (RunModel)" time="0.024" />
  <testcase classname="ptolemy.util.test.junit.AutoTests" name="[228] /home/travis/build/icyphy/ptII/ptolemy/actor/lib/test/auto/ModifyDate.xml (RunModel)" time="0.043" />
  <testcase classname="ptolemy.util.test.junit.AutoTests" name="[229] /home/travis/build/icyphy/ptII/ptolemy/actor/lib/test/auto/ModifyDate2.xml (RunModel)" time="0.038" />
  <testcase classname="ptolemy.util.test.junit.AutoTests" name="[230] /home/travis/build/icyphy/ptII/ptolemy/actor/lib/test/auto/MovingAverage.xml (RunModel)" time="0.011" />
  <testcase classname="ptolemy.util.test.junit.AutoTests" name="[231] /home/travis/build/icyphy/ptII/ptolemy/actor/lib/test/auto/MovingMaximum.xml (RunModel)" time="0.011" />
  <testcase classname="ptolemy.util.test.junit.AutoTests" name="[232] /home/travis/build/icyphy/ptII/ptolemy/actor/lib/test/auto/MultipleLinksToSameRelation.xml (RunModel)" time="0.007" />
  <testcase classname="ptolemy.util.test.junit.AutoTests" name="[233] /home/travis/build/icyphy/ptII/ptolemy/actor/lib/test/auto/MultipleLinksToSameRelationDE.xml (RunModel)" time="0.01" />
  <testcase classname="ptolemy.util.test.junit.AutoTests" name="[234] /home/travis/build/icyphy/ptII/ptolemy/actor/lib/test/auto/Multiplexor.xml (RunModel)" time="0.011" />
  <testcase classname="ptolemy.util.test.junit.AutoTests" name="[235] /home/travis/build/icyphy/ptII/ptolemy/actor/lib/test/auto/Multiplexor1.xml (RunModel)" time="0.01" />
  <testcase classname="ptolemy.util.test.junit.AutoTests" name="[236] /home/travis/build/icyphy/ptII/ptolemy/actor/lib/test/auto/Multiplexor2.xml (RunModel)" time="0.013" />
  <testcase classname="ptolemy.util.test.junit.AutoTests" name="[237] /home/travis/build/icyphy/ptII/ptolemy/actor/lib/test/auto/Multiplexor3.xml (RunModel)" time="0.007" />
  <testcase classname="ptolemy.util.test.junit.AutoTests" name="[238] /home/travis/build/icyphy/ptII/ptolemy/actor/lib/test/auto/MultiplexorDE.xml (RunModel)" time="0.016" />
  <testcase classname="ptolemy.util.test.junit.AutoTests" name="[239] /home/travis/build/icyphy/ptII/ptolemy/actor/lib/test/auto/MultiportBroadcastTest.xml (RunModel)" time="0.097" />
  <testcase classname="ptolemy.util.test.junit.AutoTests" name="[240] /home/travis/build/icyphy/ptII/ptolemy/actor/lib/test/auto/MultiportOutHangDuringGetWidth.xml (RunModel)" time="0.032" />
  <testcase classname="ptolemy.util.test.junit.AutoTests" name="[241] /home/travis/build/icyphy/ptII/ptolemy/actor/lib/test/auto/NilToken.xml (RunModel)" time="0.016" />
  <testcase classname="ptolemy.util.test.junit.AutoTests" name="[242] /home/travis/build/icyphy/ptII/ptolemy/actor/lib/test/auto/NilTokenNonStrictTest.xml (RunModel)" time="0.012" />
  <testcase classname="ptolemy.util.test.junit.AutoTests" name="[243] /home/travis/build/icyphy/ptII/ptolemy/actor/lib/test/auto/NilTokenRecord.xml (RunModel)" time="0.024" />
  <testcase classname="ptolemy.util.test.junit.AutoTests" name="[244] /home/travis/build/icyphy/ptII/ptolemy/actor/lib/test/auto/NilTokenTypeTest.xml (RunModel)" time="0.036" />
  <testcase classname="ptolemy.util.test.junit.AutoTests" name="[245] /home/travis/build/icyphy/ptII/ptolemy/actor/lib/test/auto/ObjectToken1.xml (RunModel)" time="0.007" />
  <testcase classname="ptolemy.util.test.junit.AutoTests" name="[246] /home/travis/build/icyphy/ptII/ptolemy/actor/lib/test/auto/OrderedMerge.xml (RunModel)" time="0.013" />
  <testcase classname="ptolemy.util.test.junit.AutoTests" name="[247] /home/travis/build/icyphy/ptII/ptolemy/actor/lib/test/auto/OrderedRecordDisassembler.xml (RunModel)" time="0.02" />
  <testcase classname="ptolemy.util.test.junit.AutoTests" name="[248] /home/travis/build/icyphy/ptII/ptolemy/actor/lib/test/auto/OrderedRecordDisassembler2.xml (RunModel)" time="0.015" />
  <testcase classname="ptolemy.util.test.junit.AutoTests" name="[249] /home/travis/build/icyphy/ptII/ptolemy/actor/lib/test/auto/OrderedRecordUpdater.xml (RunModel)" time="0.013" />
  <testcase classname="ptolemy.util.test.junit.AutoTests" name="[250] /home/travis/build/icyphy/ptII/ptolemy/actor/lib/test/auto/OrderedRecordUpdater2.xml (RunModel)" time="0.017" />
  <testcase classname="ptolemy.util.test.junit.AutoTests" name="[251] /home/travis/build/icyphy/ptII/ptolemy/actor/lib/test/auto/PhaseUnwrap.xml (RunModel)" time="0.013" />
  <testcase classname="ptolemy.util.test.junit.AutoTests" name="[252] /home/travis/build/icyphy/ptII/ptolemy/actor/lib/test/auto/PoissonClock.xml (RunModel)" time="0.011" />
  <testcase classname="ptolemy.util.test.junit.AutoTests" name="[253] /home/travis/build/icyphy/ptII/ptolemy/actor/lib/test/auto/PoissonClock2.xml (RunModel)" time="0.012" />
  <testcase classname="ptolemy.util.test.junit.AutoTests" name="[254] /home/travis/build/icyphy/ptII/ptolemy/actor/lib/test/auto/PoissonClock3.xml (RunModel)" time="0.016" />
  <testcase classname="ptolemy.util.test.junit.AutoTests" name="[255] /home/travis/build/icyphy/ptII/ptolemy/actor/lib/test/auto/PubSubWithInitialTokens.xml (RunModel)" time="0.014" />
  <testcase classname="ptolemy.util.test.junit.AutoTests" name="[256] /home/travis/build/icyphy/ptII/ptolemy/actor/lib/test/auto/PubSubWithInitialTokens2.xml (RunModel)" time="0.012" />
  <testcase classname="ptolemy.util.test.junit.AutoTests" name="[257] /home/travis/build/icyphy/ptII/ptolemy/actor/lib/test/auto/PublisherClassNoParameter.xml (RunModel)" time="0.021" />
  <testcase classname="ptolemy.util.test.junit.AutoTests" name="[258] /home/travis/build/icyphy/ptII/ptolemy/actor/lib/test/auto/PublisherClassParameter.xml (RunModel)" time="0.023" />
  <testcase classname="ptolemy.util.test.junit.AutoTests" name="[259] /home/travis/build/icyphy/ptII/ptolemy/actor/lib/test/auto/PublisherNonStrictTest.xml (RunModel)" time="0.015" />
  <testcase classname="ptolemy.util.test.junit.AutoTests" name="[260] /home/travis/build/icyphy/ptII/ptolemy/actor/lib/test/auto/PublisherPort1.xml (RunModel)" time="0.018" />
  <testcase classname="ptolemy.util.test.junit.AutoTests" name="[261] /home/travis/build/icyphy/ptII/ptolemy/actor/lib/test/auto/PublisherPort2.xml (RunModel)" time="0.016" />
  <testcase classname="ptolemy.util.test.junit.AutoTests" name="[262] /home/travis/build/icyphy/ptII/ptolemy/actor/lib/test/auto/PublisherPort3.xml (RunModel)" time="0.018" />
  <testcase classname="ptolemy.util.test.junit.AutoTests" name="[263] /home/travis/build/icyphy/ptII/ptolemy/actor/lib/test/auto/PublisherPort4.xml (RunModel)" time="0.01" />
  <testcase classname="ptolemy.util.test.junit.AutoTests" name="[264] /home/travis/build/icyphy/ptII/ptolemy/actor/lib/test/auto/PublisherPort5.xml (RunModel)" time="0.013" />
  <testcase classname="ptolemy.util.test.junit.AutoTests" name="[265] /home/travis/build/icyphy/ptII/ptolemy/actor/lib/test/auto/PublisherPort5LookAlike.xml (RunModel)" time="0.013" />
  <testcase classname="ptolemy.util.test.junit.AutoTests" name="[266] /home/travis/build/icyphy/ptII/ptolemy/actor/lib/test/auto/PublisherPort6.xml (RunModel)" time="0.011" />
  <testcase classname="ptolemy.util.test.junit.AutoTests" name="[267] /home/travis/build/icyphy/ptII/ptolemy/actor/lib/test/auto/PublisherPort7.xml (RunModel)" time="0.014" />
  <testcase classname="ptolemy.util.test.junit.AutoTests" name="[268] /home/travis/build/icyphy/ptII/ptolemy/actor/lib/test/auto/PublisherPort8.xml (RunModel)" time="0.015" />
  <testcase classname="ptolemy.util.test.junit.AutoTests" name="[269] /home/travis/build/icyphy/ptII/ptolemy/actor/lib/test/auto/PublisherPortSubscriberChannelVariablesAOC2.xml (RunModel)" time="0.027" />
  <testcase classname="ptolemy.util.test.junit.AutoTests" name="[270] /home/travis/build/icyphy/ptII/ptolemy/actor/lib/test/auto/PublisherPortSubscriberOpaqueWidthInference.xml (RunModel)" time="0.014" />
  <testcase classname="ptolemy.util.test.junit.AutoTests" name="[271] /home/travis/build/icyphy/ptII/ptolemy/actor/lib/test/auto/PublisherPortSubscriberPortAdjacent.xml (RunModel)" time="0.016" />
  <testcase classname="ptolemy.util.test.junit.AutoTests" name="[272] /home/travis/build/icyphy/ptII/ptolemy/actor/lib/test/auto/PublisherPortSubscriberPortExpression.xml (RunModel)" time="0.015" />
  <testcase classname="ptolemy.util.test.junit.AutoTests" name="[273] /home/travis/build/icyphy/ptII/ptolemy/actor/lib/test/auto/PublisherPortSubscriberPortOpaqueD3Reverse.xml (RunModel)" time="0.019" />
  <testcase classname="ptolemy.util.test.junit.AutoTests" name="[274] /home/travis/build/icyphy/ptII/ptolemy/actor/lib/test/auto/PublisherPortSubscriberPortOpaqueWidthInference.xml (RunModel)" time="0.021" />
  <testcase classname="ptolemy.util.test.junit.AutoTests" name="[275] /home/travis/build/icyphy/ptII/ptolemy/actor/lib/test/auto/PublisherPortToplevelSubscriberPortAOC.xml (RunModel)" time="0.009" />
  <testcase classname="ptolemy.util.test.junit.AutoTests" name="[276] /home/travis/build/icyphy/ptII/ptolemy/actor/lib/test/auto/PublisherSubscriber.xml (RunModel)" time="0.012" />
  <testcase classname="ptolemy.util.test.junit.AutoTests" name="[277] /home/travis/build/icyphy/ptII/ptolemy/actor/lib/test/auto/PublisherSubscriber10.xml (RunModel)" time="0.019" />
  <testcase classname="ptolemy.util.test.junit.AutoTests" name="[278] /home/travis/build/icyphy/ptII/ptolemy/actor/lib/test/auto/PublisherSubscriber10InitialOutputs.xml (RunModel)" time="0.018" />
  <testcase classname="ptolemy.util.test.junit.AutoTests" name="[279] /home/travis/build/icyphy/ptII/ptolemy/actor/lib/test/auto/PublisherSubscriber11.xml (RunModel)" time="0.011" />
  <testcase classname="ptolemy.util.test.junit.AutoTests" name="[280] /home/travis/build/icyphy/ptII/ptolemy/actor/lib/test/auto/PublisherSubscriber12.xml (RunModel)" time="0.012" />
  <testcase classname="ptolemy.util.test.junit.AutoTests" name="[281] /home/travis/build/icyphy/ptII/ptolemy/actor/lib/test/auto/PublisherSubscriber13.xml (RunModel)" time="0.009" />
  <testcase classname="ptolemy.util.test.junit.AutoTests" name="[282] /home/travis/build/icyphy/ptII/ptolemy/actor/lib/test/auto/PublisherSubscriber14.xml (RunModel)" time="0.017" />
  <testcase classname="ptolemy.util.test.junit.AutoTests" name="[283] /home/travis/build/icyphy/ptII/ptolemy/actor/lib/test/auto/PublisherSubscriber2.xml (RunModel)" time="0.009" />
  <testcase classname="ptolemy.util.test.junit.AutoTests" name="[284] /home/travis/build/icyphy/ptII/ptolemy/actor/lib/test/auto/PublisherSubscriber3.xml (RunModel)" time="0.009" />
  <testcase classname="ptolemy.util.test.junit.AutoTests" name="[285] /home/travis/build/icyphy/ptII/ptolemy/actor/lib/test/auto/PublisherSubscriber4.xml (RunModel)" time="0.01" />
  <testcase classname="ptolemy.util.test.junit.AutoTests" name="[286] /home/travis/build/icyphy/ptII/ptolemy/actor/lib/test/auto/PublisherSubscriber5.xml (RunModel)" time="0.011" />
  <testcase classname="ptolemy.util.test.junit.AutoTests" name="[287] /home/travis/build/icyphy/ptII/ptolemy/actor/lib/test/auto/PublisherSubscriber6.xml (RunModel)" time="0.013" />
  <testcase classname="ptolemy.util.test.junit.AutoTests" name="[288] /home/travis/build/icyphy/ptII/ptolemy/actor/lib/test/auto/PublisherSubscriber7.xml (RunModel)" time="0.013" />
  <testcase classname="ptolemy.util.test.junit.AutoTests" name="[289] /home/travis/build/icyphy/ptII/ptolemy/actor/lib/test/auto/PublisherSubscriber8.xml (RunModel)" time="0.023" />
  <testcase classname="ptolemy.util.test.junit.AutoTests" name="[290] /home/travis/build/icyphy/ptII/ptolemy/actor/lib/test/auto/PublisherSubscriber9.xml (RunModel)" time="0.017" />
  <testcase classname="ptolemy.util.test.junit.AutoTests" name="[291] /home/travis/build/icyphy/ptII/ptolemy/actor/lib/test/auto/PublisherSubscriberAdjacent.xml (RunModel)" time="0.016" />
  <testcase classname="ptolemy.util.test.junit.AutoTests" name="[292] /home/travis/build/icyphy/ptII/ptolemy/actor/lib/test/auto/PublisherSubscriberChannelVariablesAOC2.xml (RunModel)" time="0.026" />
  <testcase classname="ptolemy.util.test.junit.AutoTests" name="[293] /home/travis/build/icyphy/ptII/ptolemy/actor/lib/test/auto/PublisherSubscriberD3.xml (RunModel)" time="0.025" />
  <testcase classname="ptolemy.util.test.junit.AutoTests" name="[294] /home/travis/build/icyphy/ptII/ptolemy/actor/lib/test/auto/PublisherSubscriberD3Reverse.xml (RunModel)" time="0.012" />
  <testcase classname="ptolemy.util.test.junit.AutoTests" name="[295] /home/travis/build/icyphy/ptII/ptolemy/actor/lib/test/auto/PublisherSubscriberExpression.xml (RunModel)" time="0.017" />
  <testcase classname="ptolemy.util.test.junit.AutoTests" name="[296] /home/travis/build/icyphy/ptII/ptolemy/actor/lib/test/auto/PublisherSubscriberOpaque.xml (RunModel)" time="0.019" />
  <testcase classname="ptolemy.util.test.junit.AutoTests" name="[297] /home/travis/build/icyphy/ptII/ptolemy/actor/lib/test/auto/PublisherSubscriberOpaqueD3.xml (RunModel)" time="0.023" />
  <testcase classname="ptolemy.util.test.junit.AutoTests" name="[298] /home/travis/build/icyphy/ptII/ptolemy/actor/lib/test/auto/PublisherSubscriberOpaqueD3Reverse.xml (RunModel)" time="0.02" />
  <testcase classname="ptolemy.util.test.junit.AutoTests" name="[299] /home/travis/build/icyphy/ptII/ptolemy/actor/lib/test/auto/PublisherSubscriberOpaqueWidthInference.xml (RunModel)" time="0.015" />
  <testcase classname="ptolemy.util.test.junit.AutoTests" name="[300] /home/travis/build/icyphy/ptII/ptolemy/actor/lib/test/auto/PublisherTestSubscriber.xml (RunModel)" time="0.013" />
  <testcase classname="ptolemy.util.test.junit.AutoTests" name="[301] /home/travis/build/icyphy/ptII/ptolemy/actor/lib/test/auto/PublisherToplevelSubscriberPortAOC.xml (RunModel)" time="0.011" />
  <testcase classname="ptolemy.util.test.junit.AutoTests" name="[302] /home/travis/build/icyphy/ptII/ptolemy/actor/lib/test/auto/PulseFiringLimitDE.xml (RunModel)" time="0.016" />
  <testcase classname="ptolemy.util.test.junit.AutoTests" name="[303] /home/travis/build/icyphy/ptII/ptolemy/actor/lib/test/auto/Ramp1.xml (RunModel)" time="0.007" />
  <testcase classname="ptolemy.util.test.junit.AutoTests" name="[304] /home/travis/build/icyphy/ptII/ptolemy/actor/lib/test/auto/RampFiringLimitDE.xml (RunModel)" time="0.013" />
  <testcase classname="ptolemy.util.test.junit.AutoTests" name="[305] /home/travis/build/icyphy/ptII/ptolemy/actor/lib/test/auto/RampFiringLimitSDF.xml (RunModel)" time="0.012" />
  <testcase classname="ptolemy.util.test.junit.AutoTests" name="[306] /home/travis/build/icyphy/ptII/ptolemy/actor/lib/test/auto/RandomInteger.xml (RunModel)" time="0.013" />
  <testcase classname="ptolemy.util.test.junit.AutoTests" name="[307] /home/travis/build/icyphy/ptII/ptolemy/actor/lib/test/auto/ReadFile1.xml (RunModel)" time="0.008" />
  <testcase classname="ptolemy.util.test.junit.AutoTests" name="[308] /home/travis/build/icyphy/ptII/ptolemy/actor/lib/test/auto/ReadFile2.xml (RunModel)" time="0.007" />
  <testcase classname="ptolemy.util.test.junit.AutoTests" name="[309] /home/travis/build/icyphy/ptII/ptolemy/actor/lib/test/auto/Reader.xml (RunModel)" time="0.011" />
  <testcase classname="ptolemy.util.test.junit.AutoTests" name="[310] /home/travis/build/icyphy/ptII/ptolemy/actor/lib/test/auto/RecordAssemblerDisplayNameTest.xml (RunModel)" time="2.929" />
  <testcase classname="ptolemy.util.test.junit.AutoTests" name="[311] /home/travis/build/icyphy/ptII/ptolemy/actor/lib/test/auto/RecordAssemblerTypeError.xml (RunModel)" time="0.031" />
  <testcase classname="ptolemy.util.test.junit.AutoTests" name="[312] /home/travis/build/icyphy/ptII/ptolemy/actor/lib/test/auto/RecordDisassember.xml (RunModel)" time="0.01" />
  <testcase classname="ptolemy.util.test.junit.AutoTests" name="[313] /home/travis/build/icyphy/ptII/ptolemy/actor/lib/test/auto/RecordDisassemberDisplayNameTest.xml (RunModel)" time="0.018" />
  <testcase classname="ptolemy.util.test.junit.AutoTests" name="[314] /home/travis/build/icyphy/ptII/ptolemy/actor/lib/test/auto/RecordDisassembler.xml (RunModel)" time="0.014" />
  <testcase classname="ptolemy.util.test.junit.AutoTests" name="[315] /home/travis/build/icyphy/ptII/ptolemy/actor/lib/test/auto/RecordDisassembler2.xml (RunModel)" time="0.01" />
  <testcase classname="ptolemy.util.test.junit.AutoTests" name="[316] /home/travis/build/icyphy/ptII/ptolemy/actor/lib/test/auto/RecordUpdater.xml (RunModel)" time="0.009" />
  <testcase classname="ptolemy.util.test.junit.AutoTests" name="[317] /home/travis/build/icyphy/ptII/ptolemy/actor/lib/test/auto/RecordUpdater2.xml (RunModel)" time="0.009" />
  <testcase classname="ptolemy.util.test.junit.AutoTests" name="[318] /home/travis/build/icyphy/ptII/ptolemy/actor/lib/test/auto/RecursiveLattice.xml (RunModel)" time="0.008" />
  <testcase classname="ptolemy.util.test.junit.AutoTests" name="[319] /home/travis/build/icyphy/ptII/ptolemy/actor/lib/test/auto/Router.xml (RunModel)" time="3.026" />
  <testcase classname="ptolemy.util.test.junit.AutoTests" name="[320] /home/travis/build/icyphy/ptII/ptolemy/actor/lib/test/auto/Router2.xml (RunModel)" time="3.021" />
  <testcase classname="ptolemy.util.test.junit.AutoTests" name="[321] /home/travis/build/icyphy/ptII/ptolemy/actor/lib/test/auto/RunningMaximum.xml (RunModel)" time="0.017" />
  <testcase classname="ptolemy.util.test.junit.AutoTests" name="[322] /home/travis/build/icyphy/ptII/ptolemy/actor/lib/test/auto/RunningMinimum.xml (RunModel)" time="0.011" />
  <testcase classname="ptolemy.util.test.junit.AutoTests" name="[323] /home/travis/build/icyphy/ptII/ptolemy/actor/lib/test/auto/Scale.xml (RunModel)" time="0.01" />
  <testcase classname="ptolemy.util.test.junit.AutoTests" name="[324] /home/travis/build/icyphy/ptII/ptolemy/actor/lib/test/auto/Scale2.xml (RunModel)" time="0.008" />
  <testcase classname="ptolemy.util.test.junit.AutoTests" name="[325] /home/travis/build/icyphy/ptII/ptolemy/actor/lib/test/auto/Scale3.xml (RunModel)" time="0.023" />
  <testcase classname="ptolemy.util.test.junit.AutoTests" name="[326] /home/travis/build/icyphy/ptII/ptolemy/actor/lib/test/auto/ScaleArray.xml (RunModel)" time="0.012" />
  <testcase classname="ptolemy.util.test.junit.AutoTests" name="[327] /home/travis/build/icyphy/ptII/ptolemy/actor/lib/test/auto/ScaleArray2.xml (RunModel)" time="0.008" />
  <testcase classname="ptolemy.util.test.junit.AutoTests" name="[328] /home/travis/build/icyphy/ptII/ptolemy/actor/lib/test/auto/ScaleMatrix.xml (RunModel)" time="0.14" />
  <testcase classname="ptolemy.util.test.junit.AutoTests" name="[329] /home/travis/build/icyphy/ptII/ptolemy/actor/lib/test/auto/Select.xml (RunModel)" time="0.02" />
  <testcase classname="ptolemy.util.test.junit.AutoTests" name="[330] /home/travis/build/icyphy/ptII/ptolemy/actor/lib/test/auto/Select2.xml (RunModel)" time="0.014" />
  <testcase classname="ptolemy.util.test.junit.AutoTests" name="[331] /home/travis/build/icyphy/ptII/ptolemy/actor/lib/test/auto/SequenceToArray2.xml (RunModel)" time="0.112" />
  <testcase classname="ptolemy.util.test.junit.AutoTests" name="[332] /home/travis/build/icyphy/ptII/ptolemy/actor/lib/test/auto/SequentialClock.xml (RunModel)" time="0.015" />
  <testcase classname="ptolemy.util.test.junit.AutoTests" name="[333] /home/travis/build/icyphy/ptII/ptolemy/actor/lib/test/auto/SetVariable.xml (RunModel)" time="0.01" />
  <testcase classname="ptolemy.util.test.junit.AutoTests" name="[334] /home/travis/build/icyphy/ptII/ptolemy/actor/lib/test/auto/SetVariable2.xml (RunModel)" time="0.009" />
  <testcase classname="ptolemy.util.test.junit.AutoTests" name="[335] /home/travis/build/icyphy/ptII/ptolemy/actor/lib/test/auto/SetVariable3.xml (RunModel)" time="0.012" />
  <testcase classname="ptolemy.util.test.junit.AutoTests" name="[336] /home/travis/build/icyphy/ptII/ptolemy/actor/lib/test/auto/SetVariable4.xml (RunModel)" time="0.019" />
  <testcase classname="ptolemy.util.test.junit.AutoTests" name="[337] /home/travis/build/icyphy/ptII/ptolemy/actor/lib/test/auto/SetVariable5.xml (RunModel)" time="0.034" />
  <testcase classname="ptolemy.util.test.junit.AutoTests" name="[338] /home/travis/build/icyphy/ptII/ptolemy/actor/lib/test/auto/Sinewave.xml (RunModel)" time="0.023" />
  <testcase classname="ptolemy.util.test.junit.AutoTests" name="[339] /home/travis/build/icyphy/ptII/ptolemy/actor/lib/test/auto/Sinewave2.xml (RunModel)" time="0.016" />
  <testcase classname="ptolemy.util.test.junit.AutoTests" name="[340] /home/travis/build/icyphy/ptII/ptolemy/actor/lib/test/auto/Sinewave3.xml (RunModel)" time="0.021" />
  <testcase classname="ptolemy.util.test.junit.AutoTests" name="[341] /home/travis/build/icyphy/ptII/ptolemy/actor/lib/test/auto/SingleEvent.xml (RunModel)" time="0.007" />
  <testcase classname="ptolemy.util.test.junit.AutoTests" name="[342] /home/travis/build/icyphy/ptII/ptolemy/actor/lib/test/auto/Sleep.xml (RunModel)" time="6.019" />
  <testcase classname="ptolemy.util.test.junit.AutoTests" name="[343] /home/travis/build/icyphy/ptII/ptolemy/actor/lib/test/auto/SleepMultipleFire.xml (RunModel)" time="1.025" />
  <testcase classname="ptolemy.util.test.junit.AutoTests" name="[344] /home/travis/build/icyphy/ptII/ptolemy/actor/lib/test/auto/StopDE.xml (RunModel)" time="0.018" />
  <testcase classname="ptolemy.util.test.junit.AutoTests" name="[345] /home/travis/build/icyphy/ptII/ptolemy/actor/lib/test/auto/StopSDF.xml (RunModel)" time="0.01" />
  <testcase classname="ptolemy.util.test.junit.AutoTests" name="[346] /home/travis/build/icyphy/ptII/ptolemy/actor/lib/test/auto/StringConstant.xml (RunModel)" time="0.008" />
  <testcase classname="ptolemy.util.test.junit.AutoTests" name="[347] /home/travis/build/icyphy/ptII/ptolemy/actor/lib/test/auto/SubscriberPortInitialValues1.xml (RunModel)" time="0.016" />
  <testcase classname="ptolemy.util.test.junit.AutoTests" name="[348] /home/travis/build/icyphy/ptII/ptolemy/actor/lib/test/auto/SubscriberPortInitialValues13.xml (RunModel)" time="0.022" />
  <testcase classname="ptolemy.util.test.junit.AutoTests" name="[349] /home/travis/build/icyphy/ptII/ptolemy/actor/lib/test/auto/SubscriberPortInitialValues14.xml (RunModel)" time="0.014" />
  <testcase classname="ptolemy.util.test.junit.AutoTests" name="[350] /home/travis/build/icyphy/ptII/ptolemy/actor/lib/test/auto/SubscriberPortInitialValues2.xml (RunModel)" time="0.014" />
  <testcase classname="ptolemy.util.test.junit.AutoTests" name="[351] /home/travis/build/icyphy/ptII/ptolemy/actor/lib/test/auto/SubscriberPortInitialValues3.xml (RunModel)" time="0.019" />
  <testcase classname="ptolemy.util.test.junit.AutoTests" name="[352] /home/travis/build/icyphy/ptII/ptolemy/actor/lib/test/auto/SubscriptionAggregator.xml (RunModel)" time="0.01" />
  <testcase classname="ptolemy.util.test.junit.AutoTests" name="[353] /home/travis/build/icyphy/ptII/ptolemy/actor/lib/test/auto/SubscriptionAggregator2.xml (RunModel)" time="0.01" />
  <testcase classname="ptolemy.util.test.junit.AutoTests" name="[354] /home/travis/build/icyphy/ptII/ptolemy/actor/lib/test/auto/SubscriptionAggregator3.xml (RunModel)" time="0.014" />
  <testcase classname="ptolemy.util.test.junit.AutoTests" name="[355] /home/travis/build/icyphy/ptII/ptolemy/actor/lib/test/auto/SubscriptionAggregatorMultiply.xml (RunModel)" time="0.013" />
  <testcase classname="ptolemy.util.test.junit.AutoTests" name="[356] /home/travis/build/icyphy/ptII/ptolemy/actor/lib/test/auto/SubscriptionAggregatorPortMultiply1.xml (RunModel)" time="0.012" />
  <testcase classname="ptolemy.util.test.junit.AutoTests" name="[357] /home/travis/build/icyphy/ptII/ptolemy/actor/lib/test/auto/Switch.xml (RunModel)" time="0.013" />
  <testcase classname="ptolemy.util.test.junit.AutoTests" name="[358] /home/travis/build/icyphy/ptII/ptolemy/actor/lib/test/auto/Switch2.xml (RunModel)" time="0.013" />
  <testcase classname="ptolemy.util.test.junit.AutoTests" name="[359] /home/travis/build/icyphy/ptII/ptolemy/actor/lib/test/auto/SwitchDE.xml (RunModel)" time="0.011" />
  <testcase classname="ptolemy.util.test.junit.AutoTests" name="[360] /home/travis/build/icyphy/ptII/ptolemy/actor/lib/test/auto/SynchronizerDE.xml (RunModel)" time="0.017" />
  <testcase classname="ptolemy.util.test.junit.AutoTests" name="[361] /home/travis/build/icyphy/ptII/ptolemy/actor/lib/test/auto/Test.xml (RunModel)" time="0.009" />
  <testcase classname="ptolemy.util.test.junit.AutoTests" name="[362] /home/travis/build/icyphy/ptII/ptolemy/actor/lib/test/auto/TestExceptionAttribute1.xml (RunModel)" time="0.005" />
  <testcase classname="ptolemy.util.test.junit.AutoTests" name="[363] /home/travis/build/icyphy/ptII/ptolemy/actor/lib/test/auto/TestExceptionAttribute2.xml (RunModel)" time="0.006" />
  <testcase classname="ptolemy.util.test.junit.AutoTests" name="[364] /home/travis/build/icyphy/ptII/ptolemy/actor/lib/test/auto/TestExceptionAttribute3.xml (RunModel)" time="0.005" />
  <testcase classname="ptolemy.util.test.junit.AutoTests" name="[365] /home/travis/build/icyphy/ptII/ptolemy/actor/lib/test/auto/TestExceptionAttribute4.xml (RunModel)" time="0.006" />
  <testcase classname="ptolemy.util.test.junit.AutoTests" name="[366] /home/travis/build/icyphy/ptII/ptolemy/actor/lib/test/auto/TestExceptionHandler1.xml (RunModel)" time="0.005" />
  <testcase classname="ptolemy.util.test.junit.AutoTests" name="[367] /home/travis/build/icyphy/ptII/ptolemy/actor/lib/test/auto/TestExceptionHandler2.xml (RunModel)" time="0.005" />
  <testcase classname="ptolemy.util.test.junit.AutoTests" name="[368] /home/travis/build/icyphy/ptII/ptolemy/actor/lib/test/auto/TestExceptionHandler3.xml (RunModel)" time="0.005" />
  <testcase classname="ptolemy.util.test.junit.AutoTests" name="[369] /home/travis/build/icyphy/ptII/ptolemy/actor/lib/test/auto/TestExceptionHandler4.xml (RunModel)" time="0.006" />
  <testcase classname="ptolemy.util.test.junit.AutoTests" name="[370] /home/travis/build/icyphy/ptII/ptolemy/actor/lib/test/auto/TestRequireCorrectOrder.xml (RunModel)" time="0.01" />
  <testcase classname="ptolemy.util.test.junit.AutoTests" name="[371] /home/travis/build/icyphy/ptII/ptolemy/actor/lib/test/auto/TestSimple.xml (RunModel)" time="0.006" />
  <testcase classname="ptolemy.util.test.junit.AutoTests" name="[372] /home/travis/build/icyphy/ptII/ptolemy/actor/lib/test/auto/ThrowModelError.xml (RunModel)" time="0.011" />
  <testcase classname="ptolemy.util.test.junit.AutoTests" name="[373] /home/travis/build/icyphy/ptII/ptolemy/actor/lib/test/auto/TimeDelayMicrosteps.xml (RunModel)" time="0.018" />
  <testcase classname="ptolemy.util.test.junit.AutoTests" name="[374] /home/travis/build/icyphy/ptII/ptolemy/actor/lib/test/auto/TimeDelayMicrosteps2.xml (RunModel)" time="0.015" />
  <testcase classname="ptolemy.util.test.junit.AutoTests" name="[375] /home/travis/build/icyphy/ptII/ptolemy/actor/lib/test/auto/TimeDelayMicrosteps3.xml (RunModel)" time="0.012" />
  <testcase classname="ptolemy.util.test.junit.AutoTests" name="[376] /home/travis/build/icyphy/ptII/ptolemy/actor/lib/test/auto/TimeDelayVariableMicrosteps.xml (RunModel)" time="0.012" />
  <testcase classname="ptolemy.util.test.junit.AutoTests" name="[377] /home/travis/build/icyphy/ptII/ptolemy/actor/lib/test/auto/TimeGap.xml (RunModel)" time="0.012" />
  <testcase classname="ptolemy.util.test.junit.AutoTests" name="[378] /home/travis/build/icyphy/ptII/ptolemy/actor/lib/test/auto/TimeGap2.xml (RunModel)" time="0.01" />
  <testcase classname="ptolemy.util.test.junit.AutoTests" name="[379] /home/travis/build/icyphy/ptII/ptolemy/actor/lib/test/auto/TimedSinewave.xml (RunModel)" time="0.039" />
  <testcase classname="ptolemy.util.test.junit.AutoTests" name="[380] /home/travis/build/icyphy/ptII/ptolemy/actor/lib/test/auto/TimedSinewavePhase.xml (RunModel)" time="0.039" />
  <testcase classname="ptolemy.util.test.junit.AutoTests" name="[381] /home/travis/build/icyphy/ptII/ptolemy/actor/lib/test/auto/Timer.xml (RunModel)" time="0.017" />
  <testcase classname="ptolemy.util.test.junit.AutoTests" name="[382] /home/travis/build/icyphy/ptII/ptolemy/actor/lib/test/auto/TriangularDistTestModel.xml (RunModel)" time="0.017" />
  <testcase classname="ptolemy.util.test.junit.AutoTests" name="[383] /home/travis/build/icyphy/ptII/ptolemy/actor/lib/test/auto/TrigFunction.xml (RunModel)" time="0.009" />
  <testcase classname="ptolemy.util.test.junit.AutoTests" name="[384] /home/travis/build/icyphy/ptII/ptolemy/actor/lib/test/auto/TrigFunctionDE.xml (RunModel)" time="0.011" />
  <testcase classname="ptolemy.util.test.junit.AutoTests" name="[385] /home/travis/build/icyphy/ptII/ptolemy/actor/lib/test/auto/TrigFunctionInverse.xml (RunModel)" time="0.01" />
  <testcase classname="ptolemy.util.test.junit.AutoTests" name="[386] /home/travis/build/icyphy/ptII/ptolemy/actor/lib/test/auto/TrigFunctionTan.xml (RunModel)" time="0.007" />
  <testcase classname="ptolemy.util.test.junit.AutoTests" name="[387] /home/travis/build/icyphy/ptII/ptolemy/actor/lib/test/auto/TriggeredClock.xml (RunModel)" time="0.009" />
  <testcase classname="ptolemy.util.test.junit.AutoTests" name="[388] /home/travis/build/icyphy/ptII/ptolemy/actor/lib/test/auto/URLDirectoryReader.xml (RunModel)" time="0.101" />
  <testcase classname="ptolemy.util.test.junit.AutoTests" name="[389] /home/travis/build/icyphy/ptII/ptolemy/actor/lib/test/auto/URLDirectoryReader3.xml (RunModel)" time="1.343" />
  <testcase classname="ptolemy.util.test.junit.AutoTests" name="[390] /home/travis/build/icyphy/ptII/ptolemy/actor/lib/test/auto/UnaryMathFunction.xml (RunModel)" time="0.055" />
  <testcase classname="ptolemy.util.test.junit.AutoTests" name="[391] /home/travis/build/icyphy/ptII/ptolemy/actor/lib/test/auto/Uniform.xml (RunModel)" time="0.043" />
  <testcase classname="ptolemy.util.test.junit.AutoTests" name="[392] /home/travis/build/icyphy/ptII/ptolemy/actor/lib/test/auto/UnionDisassemblerTest.xml (RunModel)" time="0.024" />
  <testcase classname="ptolemy.util.test.junit.AutoTests" name="[393] /home/travis/build/icyphy/ptII/ptolemy/actor/lib/test/auto/UtilityFunctions.xml (RunModel)" time="0.029" />
  <testcase classname="ptolemy.util.test.junit.AutoTests" name="[394] /home/travis/build/icyphy/ptII/ptolemy/actor/lib/test/auto/VariableSleep.xml (RunModel)" time="0.531" />
  <testcase classname="ptolemy.util.test.junit.AutoTests" name="[395] /home/travis/build/icyphy/ptII/ptolemy/actor/lib/test/auto/VectorAssemblerDisassemblerCT.xml (RunModel)" time="0.106" />
  <testcase classname="ptolemy.util.test.junit.AutoTests" name="[396] /home/travis/build/icyphy/ptII/ptolemy/actor/lib/test/auto/VectorAssemblerDisassemblerDE.xml (RunModel)" time="0.013" />
  <testcase classname="ptolemy.util.test.junit.AutoTests" name="[397] /home/travis/build/icyphy/ptII/ptolemy/actor/lib/test/auto/VectorAssemblerDisassemblerSDF.xml (RunModel)" time="0.011" />
  <testcase classname="ptolemy.util.test.junit.AutoTests" name="[398] /home/travis/build/icyphy/ptII/ptolemy/actor/lib/test/auto/WallClockTime.xml (RunModel)" time="1.013" />
  <testcase classname="ptolemy.util.test.junit.AutoTests" name="[399] /home/travis/build/icyphy/ptII/ptolemy/actor/lib/test/auto/WidthTestWithSubscriberPublisher.xml (RunModel)" time="0.06" />
  <testcase classname="ptolemy.util.test.junit.AutoTests" name="[400] /home/travis/build/icyphy/ptII/ptolemy/actor/lib/test/auto/WidthTestWithSubscriberPublisher2.xml (RunModel)" time="0.015" />
  <testcase classname="ptolemy.util.test.junit.AutoTests" name="[401] /home/travis/build/icyphy/ptII/ptolemy/actor/lib/test/auto/WidthTestWithSubscriberPublisher3.xml (RunModel)" time="0.027" />
  <testcase classname="ptolemy.util.test.junit.AutoTests" name="[402] /home/travis/build/icyphy/ptII/ptolemy/actor/lib/test/auto/Writer.xml (RunModel)" time="0.007" />
  <testcase classname="ptolemy.util.test.junit.AutoTests" name="[403] /home/travis/build/icyphy/ptII/ptolemy/actor/lib/test/auto/array.xml (RunModel)" time="0.014" />
  <testcase classname="ptolemy.util.test.junit.AutoTests" name="[404] /home/travis/build/icyphy/ptII/ptolemy/actor/lib/test/auto/array2.xml (RunModel)" time="0.009" />
  <testcase classname="ptolemy.util.test.junit.AutoTests" name="[405] /home/travis/build/icyphy/ptII/ptolemy/actor/lib/test/auto/arrayType.xml (RunModel)" time="0.009" />
  <testcase classname="ptolemy.util.test.junit.AutoTests" name="[406] /home/travis/build/icyphy/ptII/ptolemy/actor/lib/test/auto/arrayType10.xml (RunModel)" time="0.008" />
  <testcase classname="ptolemy.util.test.junit.AutoTests" name="[407] /home/travis/build/icyphy/ptII/ptolemy/actor/lib/test/auto/arrayType11.xml (RunModel)" time="0.008" />
  <testcase classname="ptolemy.util.test.junit.AutoTests" name="[408] /home/travis/build/icyphy/ptII/ptolemy/actor/lib/test/auto/arrayType12.xml (RunModel)" time="0.009" />
  <testcase classname="ptolemy.util.test.junit.AutoTests" name="[409] /home/travis/build/icyphy/ptII/ptolemy/actor/lib/test/auto/arrayType13.xml (RunModel)" time="0.008" />
  <testcase classname="ptolemy.util.test.junit.AutoTests" name="[410] /home/travis/build/icyphy/ptII/ptolemy/actor/lib/test/auto/arrayType14.xml (RunModel)" time="0.008" />
  <testcase classname="ptolemy.util.test.junit.AutoTests" name="[411] /home/travis/build/icyphy/ptII/ptolemy/actor/lib/test/auto/arrayType15.xml (RunModel)" time="0.008" />
  <testcase classname="ptolemy.util.test.junit.AutoTests" name="[412] /home/travis/build/icyphy/ptII/ptolemy/actor/lib/test/auto/arrayType16.xml (RunModel)" time="0.008" />
  <testcase classname="ptolemy.util.test.junit.AutoTests" name="[413] /home/travis/build/icyphy/ptII/ptolemy/actor/lib/test/auto/arrayType17.xml (RunModel)" time="0.008" />
  <testcase classname="ptolemy.util.test.junit.AutoTests" name="[414] /home/travis/build/icyphy/ptII/ptolemy/actor/lib/test/auto/arrayType18.xml (RunModel)" time="0.007" />
  <testcase classname="ptolemy.util.test.junit.AutoTests" name="[415] /home/travis/build/icyphy/ptII/ptolemy/actor/lib/test/auto/arrayType19.xml (RunModel)" time="0.008" />
  <testcase classname="ptolemy.util.test.junit.AutoTests" name="[416] /home/travis/build/icyphy/ptII/ptolemy/actor/lib/test/auto/arrayType2.xml (RunModel)" time="0.014" />
  <testcase classname="ptolemy.util.test.junit.AutoTests" name="[417] /home/travis/build/icyphy/ptII/ptolemy/actor/lib/test/auto/arrayType20.xml (RunModel)" time="0.01" />
  <testcase classname="ptolemy.util.test.junit.AutoTests" name="[418] /home/travis/build/icyphy/ptII/ptolemy/actor/lib/test/auto/arrayType21.xml (RunModel)" time="0.01" />
  <testcase classname="ptolemy.util.test.junit.AutoTests" name="[419] /home/travis/build/icyphy/ptII/ptolemy/actor/lib/test/auto/arrayType22.xml (RunModel)" time="0.011" />
  <testcase classname="ptolemy.util.test.junit.AutoTests" name="[420] /home/travis/build/icyphy/ptII/ptolemy/actor/lib/test/auto/arrayType23.xml (RunModel)" time="0.015" />
  <testcase classname="ptolemy.util.test.junit.AutoTests" name="[421] /home/travis/build/icyphy/ptII/ptolemy/actor/lib/test/auto/arrayType24.xml (RunModel)" time="0.01" />
  <testcase classname="ptolemy.util.test.junit.AutoTests" name="[422] /home/travis/build/icyphy/ptII/ptolemy/actor/lib/test/auto/arrayType25.xml (RunModel)" time="0.012" />
  <testcase classname="ptolemy.util.test.junit.AutoTests" name="[423] /home/travis/build/icyphy/ptII/ptolemy/actor/lib/test/auto/arrayType26.xml (RunModel)" time="0.01" />
  <testcase classname="ptolemy.util.test.junit.AutoTests" name="[424] /home/travis/build/icyphy/ptII/ptolemy/actor/lib/test/auto/arrayType27.xml (RunModel)" time="0.024" />
  <testcase classname="ptolemy.util.test.junit.AutoTests" name="[425] /home/travis/build/icyphy/ptII/ptolemy/actor/lib/test/auto/arrayType28.xml (RunModel)" time="0.011" />
  <testcase classname="ptolemy.util.test.junit.AutoTests" name="[426] /home/travis/build/icyphy/ptII/ptolemy/actor/lib/test/auto/arrayType3.xml (RunModel)" time="0.008" />
  <testcase classname="ptolemy.util.test.junit.AutoTests" name="[427] /home/travis/build/icyphy/ptII/ptolemy/actor/lib/test/auto/arrayType4.xml (RunModel)" time="0.008" />
  <testcase classname="ptolemy.util.test.junit.AutoTests" name="[428] /home/travis/build/icyphy/ptII/ptolemy/actor/lib/test/auto/arrayType5.xml (RunModel)" time="0.008" />
  <testcase classname="ptolemy.util.test.junit.AutoTests" name="[429] /home/travis/build/icyphy/ptII/ptolemy/actor/lib/test/auto/arrayType6.xml (RunModel)" time="0.007" />
  <testcase classname="ptolemy.util.test.junit.AutoTests" name="[430] /home/travis/build/icyphy/ptII/ptolemy/actor/lib/test/auto/arrayType7.xml (RunModel)" time="0.007" />
  <testcase classname="ptolemy.util.test.junit.AutoTests" name="[431] /home/travis/build/icyphy/ptII/ptolemy/actor/lib/test/auto/arrayType8.xml (RunModel)" time="0.009" />
  <testcase classname="ptolemy.util.test.junit.AutoTests" name="[432] /home/travis/build/icyphy/ptII/ptolemy/actor/lib/test/auto/arrayType9.xml (RunModel)" time="0.007" />
  <testcase classname="ptolemy.util.test.junit.AutoTests" name="[433] /home/travis/build/icyphy/ptII/ptolemy/actor/lib/test/auto/cast.xml (RunModel)" time="0.009" />
  <testcase classname="ptolemy.util.test.junit.AutoTests" name="[434] /home/travis/build/icyphy/ptII/ptolemy/actor/lib/test/auto/compositeMultiPort.xml (RunModel)" time="0.015" />
  <testcase classname="ptolemy.util.test.junit.AutoTests" name="[435] /home/travis/build/icyphy/ptII/ptolemy/actor/lib/test/auto/expressionCastInference.xml (RunModel)" time="0.012" />
  <testcase classname="ptolemy.util.test.junit.AutoTests" name="[436] /home/travis/build/icyphy/ptII/ptolemy/actor/lib/test/auto/expressionCastInference2.xml (RunModel)" time="0.008" />
  <testcase classname="ptolemy.util.test.junit.AutoTests" name="[437] /home/travis/build/icyphy/ptII/ptolemy/actor/lib/test/auto/expressionInference.xml (RunModel)" time="0.007" />
  <testcase classname="ptolemy.util.test.junit.AutoTests" name="[438] /home/travis/build/icyphy/ptII/ptolemy/actor/lib/test/auto/expression_bug.xml (RunModel)" time="0.007" />
  <testcase classname="ptolemy.util.test.junit.AutoTests" name="[439] /home/travis/build/icyphy/ptII/ptolemy/actor/lib/test/auto/factorial.xml (RunModel)" time="0.046" />
  <testcase classname="ptolemy.util.test.junit.AutoTests" name="[440] /home/travis/build/icyphy/ptII/ptolemy/actor/lib/test/auto/filterTest1.xml (RunModel)" time="0.012" />
  <testcase classname="ptolemy.util.test.junit.AutoTests" name="[441] /home/travis/build/icyphy/ptII/ptolemy/actor/lib/test/auto/funcApplyInConst.xml (RunModel)" time="0.007" />
  <testcase classname="ptolemy.util.test.junit.AutoTests" name="[442] /home/travis/build/icyphy/ptII/ptolemy/actor/lib/test/auto/funcApplyInExpr.xml (RunModel)" time="0.005" />
  <testcase classname="ptolemy.util.test.junit.AutoTests" name="[443] /home/travis/build/icyphy/ptII/ptolemy/actor/lib/test/auto/function.xml (RunModel)" time="0.01" />
  <testcase classname="ptolemy.util.test.junit.AutoTests" name="[444] /home/travis/build/icyphy/ptII/ptolemy/actor/lib/test/auto/function2.xml (RunModel)" time="0.007" />
  <testcase classname="ptolemy.util.test.junit.AutoTests" name="[445] /home/travis/build/icyphy/ptII/ptolemy/actor/lib/test/auto/function3.xml (RunModel)" time="0.006" />
  <testcase classname="ptolemy.util.test.junit.AutoTests" name="[446] /home/travis/build/icyphy/ptII/ptolemy/actor/lib/test/auto/functionClosureTest1.xml (RunModel)" time="0.009" />
  <testcase classname="ptolemy.util.test.junit.AutoTests" name="[447] /home/travis/build/icyphy/ptII/ptolemy/actor/lib/test/auto/functionClosureTest2.xml (RunModel)" time="0.006" />
  <testcase classname="ptolemy.util.test.junit.AutoTests" name="[448] /home/travis/build/icyphy/ptII/ptolemy/actor/lib/test/auto/functionClosureTest3.xml (RunModel)" time="0.009" />
  <testcase classname="ptolemy.util.test.junit.AutoTests" name="[449] /home/travis/build/icyphy/ptII/ptolemy/actor/lib/test/auto/functionClosureTest4.xml (RunModel)" time="0.015" />
  <testcase classname="ptolemy.util.test.junit.AutoTests" name="[450] /home/travis/build/icyphy/ptII/ptolemy/actor/lib/test/auto/functionClosureTest5.xml (RunModel)" time="0.011" />
  <testcase classname="ptolemy.util.test.junit.AutoTests" name="[451] /home/travis/build/icyphy/ptII/ptolemy/actor/lib/test/auto/functionClosureTest6.xml (RunModel)" time="0.008" />
  <testcase classname="ptolemy.util.test.junit.AutoTests" name="[452] /home/travis/build/icyphy/ptII/ptolemy/actor/lib/test/auto/functionsOnArcs.xml (RunModel)" time="0.008" />
  <testcase classname="ptolemy.util.test.junit.AutoTests" name="[453] /home/travis/build/icyphy/ptII/ptolemy/actor/lib/test/auto/functionsOnArcsHOF.xml (RunModel)" time="0.011" />
  <testcase classname="ptolemy.util.test.junit.AutoTests" name="[454] /home/travis/build/icyphy/ptII/ptolemy/actor/lib/test/auto/logic.xml (RunModel)" time="0.015" />
  <testcase classname="ptolemy.util.test.junit.AutoTests" name="[455] /home/travis/build/icyphy/ptII/ptolemy/actor/lib/test/auto/matrixType.xml (RunModel)" time="0.007" />
  <testcase classname="ptolemy.util.test.junit.AutoTests" name="[456] /home/travis/build/icyphy/ptII/ptolemy/actor/lib/test/auto/matrixType10.xml (RunModel)" time="0.007" />
  <testcase classname="ptolemy.util.test.junit.AutoTests" name="[457] /home/travis/build/icyphy/ptII/ptolemy/actor/lib/test/auto/matrixType11.xml (RunModel)" time="0.007" />
  <testcase classname="ptolemy.util.test.junit.AutoTests" name="[458] /home/travis/build/icyphy/ptII/ptolemy/actor/lib/test/auto/matrixType12.xml (RunModel)" time="0.01" />
  <testcase classname="ptolemy.util.test.junit.AutoTests" name="[459] /home/travis/build/icyphy/ptII/ptolemy/actor/lib/test/auto/matrixType13.xml (RunModel)" time="0.008" />
  <testcase classname="ptolemy.util.test.junit.AutoTests" name="[460] /home/travis/build/icyphy/ptII/ptolemy/actor/lib/test/auto/matrixType14.xml (RunModel)" time="0.009" />
  <testcase classname="ptolemy.util.test.junit.AutoTests" name="[461] /home/travis/build/icyphy/ptII/ptolemy/actor/lib/test/auto/matrixType2.xml (RunModel)" time="0.008" />
  <testcase classname="ptolemy.util.test.junit.AutoTests" name="[462] /home/travis/build/icyphy/ptII/ptolemy/actor/lib/test/auto/matrixType3.xml (RunModel)" time="0.009" />
  <testcase classname="ptolemy.util.test.junit.AutoTests" name="[463] /home/travis/build/icyphy/ptII/ptolemy/actor/lib/test/auto/matrixType4.xml (RunModel)" time="0.007" />
  <testcase classname="ptolemy.util.test.junit.AutoTests" name="[464] /home/travis/build/icyphy/ptII/ptolemy/actor/lib/test/auto/matrixType5.xml (RunModel)" time="0.008" />
  <testcase classname="ptolemy.util.test.junit.AutoTests" name="[465] /home/travis/build/icyphy/ptII/ptolemy/actor/lib/test/auto/matrixType6.xml (RunModel)" time="0.007" />
  <testcase classname="ptolemy.util.test.junit.AutoTests" name="[466] /home/travis/build/icyphy/ptII/ptolemy/actor/lib/test/auto/matrixType7.xml (RunModel)" time="0.007" />
  <testcase classname="ptolemy.util.test.junit.AutoTests" name="[467] /home/travis/build/icyphy/ptII/ptolemy/actor/lib/test/auto/matrixType8.xml (RunModel)" time="0.008" />
  <testcase classname="ptolemy.util.test.junit.AutoTests" name="[468] /home/travis/build/icyphy/ptII/ptolemy/actor/lib/test/auto/matrixType9.xml (RunModel)" time="0.008" />
  <testcase classname="ptolemy.util.test.junit.AutoTests" name="[469] /home/travis/build/icyphy/ptII/ptolemy/actor/lib/test/auto/paraFunctest.xml (RunModel)" time="0.007" />
  <testcase classname="ptolemy.util.test.junit.AutoTests" name="[470] /home/travis/build/icyphy/ptII/ptolemy/actor/lib/test/auto/paraFunctest2.xml (RunModel)" time="0.007" />
  <testcase classname="ptolemy.util.test.junit.AutoTests" name="[471] /home/travis/build/icyphy/ptII/ptolemy/actor/lib/test/auto/parameterPassing.xml (RunModel)" time="0.009" />
  <testcase classname="ptolemy.util.test.junit.AutoTests" name="[472] /home/travis/build/icyphy/ptII/ptolemy/actor/lib/test/auto/record.xml (RunModel)" time="0.008" />
  <testcase classname="ptolemy.util.test.junit.AutoTests" name="[473] /home/travis/build/icyphy/ptII/ptolemy/actor/lib/test/auto/sizedarray1.xml (RunModel)" time="0.009" />
  <testcase classname="ptolemy.util.test.junit.AutoTests" name="[474] /home/travis/build/icyphy/ptII/ptolemy/actor/lib/test/auto/sizedarray2.xml (RunModel)" time="0.01" />
  <testcase classname="ptolemy.util.test.junit.AutoTests" name="[475] /home/travis/build/icyphy/ptII/ptolemy/actor/lib/test/auto/twoPublishers.xml (RunModel)" time="0.02" />
  <system-out><![CDATA[/home/travis/build/icyphy/ptII/ptolemy/actor/lib/test/AbsoluteValue.tcl
testDefs.tcl: setting time out to 9000 seconds at Mon Apr 15 04:01:19 UTC 2019
83 ms. Memory: 116224K Free: 109670K (94%)
4 ms. Memory: 116224K Free: 108475K (93%)
4 ms. Memory: 116224K Free: 107886K (93%)
4 ms. Memory: 116224K Free: 106706K (92%)
/home/travis/build/icyphy/ptII/ptolemy/actor/lib/test/AddSubtract.tcl
13 ms. Memory: 116224K Free: 104906K (90%)
5 ms. Memory: 116224K Free: 104276K (90%)
5 ms. Memory: 116224K Free: 103098K (89%)
7 ms. Memory: 116224K Free: 102493K (88%)
17 ms. Memory: 116224K Free: 101903K (88%)
4 ms. Memory: 116224K Free: 100716K (87%)
/home/travis/build/icyphy/ptII/ptolemy/actor/lib/test/Average.tcl
10 ms. Memory: 116224K Free: 99530K (86%)
6 ms. Memory: 116224K Free: 97722K (84%)
/home/travis/build/icyphy/ptII/ptolemy/actor/lib/test/Bernoulli.tcl
4 ms. Memory: 116224K Free: 96519K (83%)
2 ms. Memory: 116224K Free: 95914K (83%)
/home/travis/build/icyphy/ptII/ptolemy/actor/lib/test/Clock.tcl
preinitializing
resolving types
initializing
executing number 1
wrapping up
idle
17 ms. Memory: 116224K Free: 93509K (80%)
Completed execution with 5 iterations
preinitializing
resolving types
initializing
executing number 1
wrapping up
idle
7 ms. Memory: 116224K Free: 92903K (80%)
Completed execution with 5 iterations
preinitializing
resolving types
initializing
executing number 1
wrapping up
idle
3 ms. Memory: 116224K Free: 91684K (79%)
Completed execution with 5 iterations
/home/travis/build/icyphy/ptII/ptolemy/actor/lib/test/Commutator.tcl
12 ms. Memory: 116224K Free: 89882K (77%)
10 ms. Memory: 116224K Free: 88688K (76%)
12 ms. Memory: 116224K Free: 84334K (73%)
/home/travis/build/icyphy/ptII/ptolemy/actor/lib/test/Const.tcl
6 ms. Memory: 116224K Free: 81945K (71%)
3 ms. Memory: 116224K Free: 81945K (71%)
4 ms. Memory: 116224K Free: 81355K (70%)
12 ms. Memory: 146944K Free: 140407K (96%)
2 ms. Memory: 146944K Free: 140407K (96%)
26 ms. Memory: 146944K Free: 138813K (94%)
12 ms. Memory: 146944K Free: 137636K (94%)
3 ms. Memory: 146944K Free: 136458K (93%)
/home/travis/build/icyphy/ptII/ptolemy/actor/lib/test/CurrentTime.tcl
preinitializing
resolving types
initializing
executing number 1
wrapping up
idle
19 ms. Memory: 146944K Free: 134086K (91%)
Completed execution with 11 iterations
/home/travis/build/icyphy/ptII/ptolemy/actor/lib/test/DB.tcl
12 ms. Memory: 146944K Free: 132909K (90%)
2 ms. Memory: 146944K Free: 131715K (90%)
2 ms. Memory: 146944K Free: 131715K (90%)
/home/travis/build/icyphy/ptII/ptolemy/actor/lib/test/DiscreteRandomSource.tcl
preinitializing
resolving types
initializing
executing number 1
wrapping up
idle
9 ms. Memory: 146944K Free: 130537K (89%)
Completed execution with 4 iterations
preinitializing
resolving types
initializing
executing number 1
wrapping up
idle
10 ms. Memory: 146944K Free: 129352K (88%)
Completed execution with 4 iterations
preinitializing
resolving types
initializing
executing number 1
wrapping up
idle
2 ms. Memory: 146944K Free: 129352K (88%)
Completed execution with 4 iterations
preinitializing
resolving types
initializing
executing number 1
wrapping up
idle
2 ms. Memory: 146944K Free: 128174K (87%)
Completed execution with 4 iterations
preinitializing
resolving types
initializing
executing number 1
wrapping up
idle
10 ms. Memory: 146944K Free: 128174K (87%)
Completed execution with 4 iterations
/home/travis/build/icyphy/ptII/ptolemy/actor/lib/test/Distributor.tcl
11 ms. Memory: 146944K Free: 126996K (86%)
9 ms. Memory: 146944K Free: 125818K (86%)
StreamChangeRequest.changeExecuted(): <deleteEntity name="rec2"/> succeeded
StreamChangeRequest.changeExecuted(): <deleteRelation name="r2"/> succeeded
StreamChangeRequest.changeExecuted(): Record firings per iteration succeeded
6 ms. Memory: 146944K Free: 123463K (84%)
/home/travis/build/icyphy/ptII/ptolemy/actor/lib/test/Exit.tcl
Exit.tcl: this will print a message about Manager.exitAfterWrapup, which can be ignored.
5 ms. Memory: 146944K Free: 120493K (82%)
/home/travis/build/icyphy/ptII/ptolemy/actor/lib/test/Expression.tcl
4 ms. Memory: 146944K Free: 116909K (80%)
7 ms. Memory: 146944K Free: 116909K (80%)
2 ms. Memory: 146944K Free: 115731K (79%)
preinitializing
resolving types
initializing
executing number 1
wrapping up
idle
6 ms. Memory: 146944K Free: 114553K (78%)
Completed execution with 6 iterations
3 ms. Memory: 146944K Free: 113376K (77%)
2 ms. Memory: 146944K Free: 112198K (76%)
4 ms. Memory: 146944K Free: 111020K (76%)
7 ms. Memory: 146944K Free: 109842K (75%)
3 ms. Memory: 146944K Free: 108665K (74%)
/home/travis/build/icyphy/ptII/ptolemy/actor/lib/test/Gaussian.tcl
3 ms. Memory: 146944K Free: 107487K (73%)
sleeping 1 seconds: ..............................................................................................................................................................................................................................................................................................................................................................................................................................................................................................................................................................................................................................................................................................................................................................................................................................................................................................................................................................................................................................................................................................................................................................................................................................................................................................................................................................................................................................................................................................................................................................................................................................................................................................................................................................................................................................................................................................................................................................................................................................................................................................................................................................................................................................................................................................................................................................................................................................................................................................................................................................................................................................................................................................................................................................................................................................................................................................................................................................................................................................................................................................................................................................................................................................................................................................................................................................................................................................................................................................................................................................................................................................................................................................................................................................................................................................................................................................................................................................................................................................................................................................................................................................................................................................................................................................................................................................................................................................................................................................................................................................................................................................................................................................................................................................................................................................................................................................................................................................................................................................................................................................................................................................................................................................................................................................................................................................................................................................................................................................................................................................................................................................................................................................................................................................................................................................................................................................................................................................................................................................................................................................................................................................................................................................................................................................................................................................................................................................................................................................................................................................................................................................................................................................................................................................................................................................................................................................................................................................................................................................................................................................................................................................................................................................................................................................................................................................................................................................................................................................................................................................................................................................................................................................................................................................................................................................................................................................................................................................................................................................................................................................................................................................................................................................................................................................................................................................................................................................................................................................................................................................................................................................................................................................................................................................................................................................................................................................................................................................................................................................................................................................................................................................................................................................................................................................................................................................................................................................................................................................................................................................................................................................................................................................................................................................................................................................................................................................................................................................................................................................................................................................................................................................................................................................................................................................................................................................................................................................................................................................................................................................................................................................................................................................................................................................................................................................................................................................................................................................................................................................................................................................................................................................................................................................................................................................................................................................................................................................................................................................................................................................................................................................................................................................................................................................................................................................................................................................................................................................................................................................................................................................................................................................................................................................................................................................................................................................................................................................................................................................................................................................................................................................................................................................................................................................................................................................................................................................................................................................................................................................................................................................................................................................................................................................................................................................................................................................................................................................................................................................................................................................................................................................................................................................................................................................................................................................................................................................................................................................................................................................................................................................................................................................................................................................................................................................................................................................................................................................................................................................................................................................................................................................................................................................................................................................................................................................................................................................................................................................................................................................................................................................................................................................................................................................................................................................................................................................................................................................................................................................................................................................................................................................................................................................................................................................................................................................................................................................................................................................................................................................................................................................................................................................................................................................................................................................................................................................................................................................................................................................................................................................................................................................................................................................................................................................................................................................................................................................................................................................................................................................................................................................................................................................................................................................................................................................................................................................................................................................................................................................................................................................................................................................................................................................................................................................................................................................................................................................................................................................................................................................................................................................................................................................................................................................................................................................................................................................................................................................................................................................................................................................................................................................................................................................................................................................................................................................................................................................................................................................................................................................................................................................................................................................................................................................................................................................................................................................................................................................................................................................................................................................................................................................................................................................................................................................................................................................................................................................................................................................................................................................................................................................................................................................................................................................................................................................................................................................................................................................................................................................................................................................................................................................................................................................................................................................................................................................................................................................................................................................................................................................................................................................................................................................................................................................................................................................................................................................................................................................................................................................................................................................................................................................................................................................................................................................................................................................................................................................................................................................................................................................................................................................................................................................................................................................................................................................................................................................................................................................................................................................................................................................................................................................................................................................................................................................................................................................................................................................................................................................................................................................................................................................................................................................................................................................................................................................................................................................................................................................................................................................................................................................................................................................................................................................................................................................................................................................................................................................................................................................................................................................................................................................................................................................................................................................................................................................................................................................................................................................................................................................................................................................................................................................................................................................................................................................................................................................................................................................................................................................................................................................................................................................................................................................................................................................................................................................................................................................................................................................................................................................................................................................................................................................................................................................................................................................................................................................................................................................................................................................................................................................................................................................................................................................................................................................................................................................................................................................................................................................................................................................................................................................................................................................................................................................................................................................................................................................................................................................................................................................................................................................................................................................................................................................................................................................................................................................................................................................................................................................................................................................................................................................................................................................................................................................................................................................................................................................................................................................................................................................................................................................................................................................................................................................................................................................................................................................................................................................................................................................................................................................................................................................................................................................................................................................................................................................................................................................................................................................................................................................................................................................................................................................................................................................................................................................................................................................................................................................................................................................................................................................................................................................................................................................................................................................................................................................................................................................................................................................................................................................................................................................................................................................................................................................................................................................................................................................................................................................................................................................................................................................................................................................................................................................................................................................................................................................................................................................................................................................................................................................................................................................................................................................................................................................................................................................................................................................................................................................................................................................................................................................................................................................................................................................................................................................................................................................................................................................................................................................................................................................................................................................................................................................................................................................................................................................................................................................................................................................................................................................................................................................................................................................................................................................................................................................................................................................................................................................................................................................................................................................................................................................................................................................................................................................................................................................................................................................................................................................................................................................................................................................................................................................................................................................................................................................................................................................................................................................................................................................................................................................................................................................................................................................................................................................................................................................................................................................................................................................................................................................................................................................................................................................................................................................................................................................................................................................................................................................................................................................................................................................................................................................................................................................................................................................................................................................................................................................................................................................................................................................................................................................................................................................................................................................................................................................................................................................................................................................................................................................................................................................................................................................................................................................................................................................................................................................................................................................................................................................................................................................................................................................................................................................................................................................................................................................................................................................................................................................................................................................................................................................................................................................................................................................................................................................................................................................................................................................................................................................................................................................................................................................................................................................................................................................................................................................................................................................................................................................................................................................................................................................................................................................................3 ms. Memory: 208384K Free: 136609K (66%)
2 ms. Memory: 208384K Free: 136609K (66%)
2 ms. Memory: 208384K Free: 136609K (66%)
7 ms. Memory: 208384K Free: 133705K (64%)
7 ms. Memory: 208384K Free: 133705K (64%)
/home/travis/build/icyphy/ptII/ptolemy/actor/lib/test/IIR.tcl
/home/travis/build/icyphy/ptII/ptolemy/actor/lib/test/Interpolator.tcl
14 ms. Memory: 208384K Free: 128936K (62%)
2 ms. Memory: 208384K Free: 128936K (62%)
1 ms. Memory: 208384K Free: 128936K (62%)
4 ms. Memory: 208384K Free: 128936K (62%)
8 ms. Memory: 208384K Free: 126551K (61%)
2 ms. Memory: 208384K Free: 126551K (61%)
2 ms. Memory: 208384K Free: 126551K (61%)
2 ms. Memory: 208384K Free: 124166K (60%)
2 ms. Memory: 208384K Free: 124166K (60%)
2 ms. Memory: 208384K Free: 124166K (60%)
/home/travis/build/icyphy/ptII/ptolemy/actor/lib/test/MathFunction.tcl
4 ms. Memory: 208384K Free: 121782K (58%)
2 ms. Memory: 208384K Free: 119397K (57%)
2 ms. Memory: 208384K Free: 119397K (57%)
2 ms. Memory: 208384K Free: 117012K (56%)
3 ms. Memory: 208384K Free: 117012K (56%)
5 ms. Memory: 208384K Free: 114628K (55%)
/home/travis/build/icyphy/ptII/ptolemy/actor/lib/test/Maximum.tcl
4 ms. Memory: 208384K Free: 112243K (54%)
2 ms. Memory: 208384K Free: 112243K (54%)
3 ms. Memory: 208384K Free: 112243K (54%)
2 ms. Memory: 208384K Free: 109858K (53%)
/home/travis/build/icyphy/ptII/ptolemy/actor/lib/test/Minimum.tcl
4 ms. Memory: 208384K Free: 109858K (53%)
1 ms. Memory: 208384K Free: 107473K (52%)
2 ms. Memory: 208384K Free: 107473K (52%)
3 ms. Memory: 208384K Free: 107473K (52%)
/home/travis/build/icyphy/ptII/ptolemy/actor/lib/test/MultiplyDivide.tcl
5 ms. Memory: 208384K Free: 105089K (50%)
2 ms. Memory: 208384K Free: 105089K (50%)
2 ms. Memory: 208384K Free: 102704K (49%)
3 ms. Memory: 208384K Free: 102704K (49%)
2 ms. Memory: 208384K Free: 102704K (49%)
/home/travis/build/icyphy/ptII/ptolemy/actor/lib/test/OrderedMerge.tcl
Connections changed on port: inputA
Connections changed on port: inputB
Connections changed on port: output
Connections changed on port: output
Connections changed on port: output
Connections changed on port: input
.top. Preinitializing ...
Invoking preinitialize():  .top.OrderedMerge
Called preinitialize()
Invoking preinitialize():  .top.Ramp
Called preinitialize()
Invoking preinitialize():  .top.Ramp2
Called preinitialize()
Invoking preinitialize():  .top.Test
Called preinitialize()
Connections changed on port: inputA
Connections changed on port: output
Connections changed on port: inputB
Connections changed on port: output
Connections changed on port: output
Connections changed on port: input
.top. Finished preinitialize().
Called initialize().
Invoking initialize():  .top.OrderedMerge
Initializing actor: .top.OrderedMerge
Adding a thread: .top.OrderedMerge
Invoking initialize():  .top.Ramp
Initializing actor: .top.Ramp
Adding a thread: .top.Ramp
Invoking initialize():  .top.Ramp2
Initializing actor: .top.Ramp2
Adding a thread: .top.Ramp2
Invoking initialize():  .top.Test
Initializing actor: .top.Test
Adding a thread: .top.Test
-- Starting thread.
Called initialize()
Called prefire()
Called fire()
-- Starting thread.
Called initialize()
Called prefire()
Called fire()
Called postfire()
Called prefire()
Called fire()
-- Starting thread.
Called initialize()
Called prefire()
Called fire()
Called postfire()
Called prefire()
Called fire()
Called fire().
Checking for deadlock:
There are 3 Blocked actors, 0 Stopped actors, and 4 active threads.
Waiting for actors to stop.
-- Starting thread.
Called initialize()
Called prefire()
Called fire()
Checking for deadlock:
There are 2 Blocked actors, 0 Stopped actors, and 4 active threads.
Waiting for actors to stop.
Called postfire()
Called prefire()
Called fire()
Checking for deadlock:
There are 3 Blocked actors, 0 Stopped actors, and 4 active threads.
Waiting for actors to stop.
Read input token from inputA with value 0.0
Next port to read input from is inputB
Called postfire()
Called prefire()
Called fire()
Checking for deadlock:
There are 2 Blocked actors, 0 Stopped actors, and 4 active threads.
Waiting for actors to stop.
Called postfire()
Called prefire()
Called fire()
Checking for deadlock:
There are 3 Blocked actors, 0 Stopped actors, and 4 active threads.
Waiting for actors to stop.
Read input token from inputB with value 0.0
Checking for deadlock:
There are 2 Blocked actors, 0 Stopped actors, and 4 active threads.
Waiting for actors to stop.
-- Read input: 0.0, which is expected to match: 0.0
Called prefire()
Called fire()
Checking for deadlock:
There are 3 Blocked actors, 0 Stopped actors, and 4 active threads.
Waiting for actors to stop.
Sent output token with value 0.0
Next port to read input from is inputA
Called postfire()
Called prefire()
Called fire()
Checking for deadlock:
There are 2 Blocked actors, 0 Stopped actors, and 4 active threads.
Waiting for actors to stop.
Called postfire()
Called prefire()
Called fire()
Checking for deadlock:
There are 3 Blocked actors, 0 Stopped actors, and 4 active threads.
Waiting for actors to stop.
Read input token from inputA with value 1.0
Checking for deadlock:
There are 2 Blocked actors, 0 Stopped actors, and 4 active threads.
Waiting for actors to stop.
-- Read input: 0.0, which is expected to match: 0.0
Called prefire()
Called fire()
Checking for deadlock:
There are 3 Blocked actors, 0 Stopped actors, and 4 active threads.
Waiting for actors to stop.
Sent output token with value 0.0
Next port to read input from is inputB
Called postfire()
Called prefire()
Called fire()
Checking for deadlock:
There are 2 Blocked actors, 0 Stopped actors, and 4 active threads.
Waiting for actors to stop.
Called postfire()
Called prefire()
Called fire()
Checking for deadlock:
There are 3 Blocked actors, 0 Stopped actors, and 4 active threads.
Waiting for actors to stop.
Read input token from inputB with value 1.5
Checking for deadlock:
There are 2 Blocked actors, 0 Stopped actors, and 4 active threads.
Waiting for actors to stop.
-- Read input: 1.0, which is expected to match: 1.0
Called prefire()
Called fire()
Checking for deadlock:
There are 3 Blocked actors, 0 Stopped actors, and 4 active threads.
Waiting for actors to stop.
Sent output token with value 1.0
Next port to read input from is inputA
Called postfire()
Called prefire()
Called fire()
Called postfire()
Called prefire()
Called fire()
Checking for deadlock:
There are 3 Blocked actors, 0 Stopped actors, and 4 active threads.
Waiting for actors to stop.
Read input token from inputA with value 2.0
-- Read input: 1.5, which is expected to match: 1.5
Called prefire()
Called fire()
Checking for deadlock:
There are 3 Blocked actors, 0 Stopped actors, and 4 active threads.
Waiting for actors to stop.
Sent output token with value 1.5
Next port to read input from is inputB
Called postfire()
Called prefire()
Called fire()
Checking for deadlock:
There are 2 Blocked actors, 0 Stopped actors, and 4 active threads.
Waiting for actors to stop.
Called postfire()
Called prefire()
Called fire()
Checking for deadlock:
There are 3 Blocked actors, 0 Stopped actors, and 4 active threads.
Waiting for actors to stop.
Read input token from inputB with value 3.0
Checking for deadlock:
There are 2 Blocked actors, 0 Stopped actors, and 4 active threads.
Waiting for actors to stop.
-- Read input: 2.0, which is expected to match: 2.0
Called prefire()
Called fire()
Checking for deadlock:
There are 3 Blocked actors, 0 Stopped actors, and 4 active threads.
Waiting for actors to stop.
Sent output token with value 2.0
Next port to read input from is inputA
Called postfire()
Called prefire()
Called fire()
Called postfire()
Called prefire()
Called fire()
Checking for deadlock:
There are 3 Blocked actors, 0 Stopped actors, and 4 active threads.
Waiting for actors to stop.
Read input token from inputA with value 3.0
-- Read input: 3.0, which is expected to match: 3.0
Called prefire()
Called fire()
Checking for deadlock:
There are 3 Blocked actors, 0 Stopped actors, and 4 active threads.
Waiting for actors to stop.
Sent output token with value 3.0
Next port to read input from is inputB
Called postfire()
Called prefire()
Called fire()
Checking for deadlock:
There are 2 Blocked actors, 0 Stopped actors, and 4 active threads.
Waiting for actors to stop.
Called postfire()
Called prefire()
Called fire()
Checking for deadlock:
There are 3 Blocked actors, 0 Stopped actors, and 4 active threads.
Waiting for actors to stop.
Read input token from inputB with value 4.5
Checking for deadlock:
There are 2 Blocked actors, 0 Stopped actors, and 4 active threads.
Waiting for actors to stop.
-- Read input: 3.0, which is expected to match: 3.0
Called prefire()
Called fire()
Checking for deadlock:
There are 3 Blocked actors, 0 Stopped actors, and 4 active threads.
Waiting for actors to stop.
Sent output token with value 3.0
Next port to read input from is inputA
Called postfire()
Called prefire()
Called fire()
Called postfire()
Called prefire()
Called fire()
Checking for deadlock:
There are 3 Blocked actors, 0 Stopped actors, and 4 active threads.
Waiting for actors to stop.
Read input token from inputA with value 4.0
-- Read input: 4.0, which is expected to match: 4.0
Called prefire()
Called fire()
Past the end of training data. Read and discard all inputs.
Checking for deadlock:
There are 3 Blocked actors, 0 Stopped actors, and 4 active threads.
Waiting for actors to stop.
Sent output token with value 4.0
Next port to read input from is inputA
Called postfire()
Called prefire()
Called fire()
Called postfire()
Called prefire()
Called fire()
Checking for deadlock:
There are 3 Blocked actors, 0 Stopped actors, and 4 active threads.
Waiting for actors to stop.
Read input token from inputA with value 5.0
Called prefire()
Called fire()
Past the end of training data. Read and discard all inputs.
Checking for deadlock:
There are 3 Blocked actors, 0 Stopped actors, and 4 active threads.
Waiting for actors to stop.
Sent output token with value 4.5
Next port to read input from is inputB
Called postfire()
Called prefire()
Called fire()
Checking for deadlock:
There are 2 Blocked actors, 0 Stopped actors, and 4 active threads.
Waiting for actors to stop.
Called postfire()
Called prefire()
Called fire()
Checking for deadlock:
There are 3 Blocked actors, 0 Stopped actors, and 4 active threads.
Waiting for actors to stop.
Read input token from inputB with value 6.0
Checking for deadlock:
There are 2 Blocked actors, 0 Stopped actors, and 4 active threads.
Waiting for actors to stop.
Called prefire()
Called fire()
Past the end of training data. Read and discard all inputs.
Checking for deadlock:
There are 3 Blocked actors, 0 Stopped actors, and 4 active threads.
Waiting for actors to stop.
Sent output token with value 5.0
Next port to read input from is inputA
Called postfire()
Called prefire()
Called fire()
Called postfire()
Called prefire()
Called fire()
Checking for deadlock:
There are 3 Blocked actors, 0 Stopped actors, and 4 active threads.
Waiting for actors to stop.
Read input token from inputA with value 6.0
Called prefire()
Called fire()
Past the end of training data. Read and discard all inputs.
Checking for deadlock:
There are 3 Blocked actors, 0 Stopped actors, and 4 active threads.
Waiting for actors to stop.
Sent output token with value 6.0
Next port to read input from is inputB
Called postfire()
Called prefire()
Called fire()
Checking for deadlock:
There are 2 Blocked actors, 0 Stopped actors, and 4 active threads.
Waiting for actors to stop.
Called postfire()
Called prefire()
Called fire()
Checking for deadlock:
There are 3 Blocked actors, 0 Stopped actors, and 4 active threads.
Waiting for actors to stop.
Read input token from inputB with value 7.5
Checking for deadlock:
There are 2 Blocked actors, 0 Stopped actors, and 4 active threads.
Waiting for actors to stop.
Called prefire()
Called fire()
Past the end of training data. Read and discard all inputs.
Checking for deadlock:
There are 3 Blocked actors, 0 Stopped actors, and 4 active threads.
Waiting for actors to stop.
Sent output token with value 6.0
Next port to read input from is inputA
Called postfire()
Called prefire()
Called fire()
Called postfire()
Called prefire()
Called fire()
Checking for deadlock:
There are 3 Blocked actors, 0 Stopped actors, and 4 active threads.
Waiting for actors to stop.
Read input token from inputA with value 7.0
Called prefire()
Called fire()
Past the end of training data. Read and discard all inputs.
Checking for deadlock:
There are 3 Blocked actors, 0 Stopped actors, and 4 active threads.
Waiting for actors to stop.
Sent output token with value 7.0
Next port to read input from is inputA
Called postfire()
Called prefire()
Called fire()
-- Thread wrapup() called.
Called wrapup()
Thread .top.Ramp is exiting.
-- Thread stopped.
Checking for deadlock:
There are 2 Blocked actors, 0 Stopped actors, and 3 active threads.
Waiting for actors to stop.
Read input token from inputA with value 8.0
Called prefire()
Called fire()
Past the end of training data. Read and discard all inputs.
Checking for deadlock:
There are 2 Blocked actors, 0 Stopped actors, and 3 active threads.
Waiting for actors to stop.
Sent output token with value 7.5
Next port to read input from is inputB
Called postfire()
Called prefire()
Called fire()
Checking for deadlock:
There are 1 Blocked actors, 0 Stopped actors, and 3 active threads.
Waiting for actors to stop.
Called postfire()
Called prefire()
Called fire()
Checking for deadlock:
There are 2 Blocked actors, 0 Stopped actors, and 3 active threads.
Waiting for actors to stop.
Read input token from inputB with value 9.0
Checking for deadlock:
There are 1 Blocked actors, 0 Stopped actors, and 3 active threads.
Waiting for actors to stop.
Called prefire()
Called fire()
Past the end of training data. Read and discard all inputs.
Checking for deadlock:
There are 2 Blocked actors, 0 Stopped actors, and 3 active threads.
Waiting for actors to stop.
Sent output token with value 8.0
Next port to read input from is inputA
Called postfire()
Called prefire()
Called fire()
Read input token from inputA with value 9.0
Checking for deadlock:
There are 1 Blocked actors, 0 Stopped actors, and 3 active threads.
Waiting for actors to stop.
Called prefire()
Called fire()
Past the end of training data. Read and discard all inputs.
Checking for deadlock:
There are 2 Blocked actors, 0 Stopped actors, and 3 active threads.
Waiting for actors to stop.
Sent output token with value 9.0
Next port to read input from is inputB
Called postfire()
Called prefire()
Called fire()
Checking for deadlock:
There are 1 Blocked actors, 0 Stopped actors, and 3 active threads.
Waiting for actors to stop.
Called postfire()
Called prefire()
Called fire()
Checking for deadlock:
There are 2 Blocked actors, 0 Stopped actors, and 3 active threads.
Waiting for actors to stop.
Read input token from inputB with value 10.5
Checking for deadlock:
There are 1 Blocked actors, 0 Stopped actors, and 3 active threads.
Waiting for actors to stop.
Called prefire()
Called fire()
Past the end of training data. Read and discard all inputs.
Checking for deadlock:
There are 2 Blocked actors, 0 Stopped actors, and 3 active threads.
Waiting for actors to stop.
Sent output token with value 9.0
Next port to read input from is inputA
Called postfire()
Called prefire()
Called fire()
Checking for deadlock:
There are 3 Blocked actors, 0 Stopped actors, and 3 active threads.
Actors have stopped.
Checking for deadlock:
There are 3 Blocked actors, 0 Stopped actors, and 3 active threads.
Deadlock detected.
Resolving Deadlock
Checking for deadlock:
There are 3 Blocked actors, 0 Stopped actors, and 3 active threads.
Artificial Deadlock - increasing queue capacity.
increasing the capacity of receiver ptolemy.actor.TypedIOPort {.top.OrderedMerge.inputB} to 2
Director: Called postfire().
Called postfire().
_stopRequested = false
_stopFireRequested = false
Returning from postfire(): true
Called fire().
Checking for deadlock:
There are 2 Blocked actors, 0 Stopped actors, and 3 active threads.
Waiting for actors to stop.
-- Thread wrapup() called.
Called wrapup()
Thread .top.Ramp2 is exiting.
-- Thread stopped.
Checking for deadlock:
There are 2 Blocked actors, 0 Stopped actors, and 2 active threads.
Actors have stopped.
Checking for deadlock:
There are 2 Blocked actors, 0 Stopped actors, and 2 active threads.
Deadlock detected.
Resolving Deadlock
Checking for deadlock:
There are 2 Blocked actors, 0 Stopped actors, and 2 active threads.
Deadlock detected: no processes blocked on write, but some are blocked on read.
Called postfire().
_stopRequested = false
_stopFireRequested = false
Returning from postfire(): false
Finished deactivating branches.
Called wrapup().
-- Thread wrapup() called.
Called wrapup()
Thread .top.Test is exiting.
-- Thread stopped.
-- Blocked Receiver call threw TerminateProcessException.
-- Thread wrapup() called.
Called wrapup()
Thread .top.OrderedMerge is exiting.
-- Thread stopped.
-- Blocked Receiver call threw TerminateProcessException.
33 ms. Memory: 208384K Free: 95404K (46%)
.top. Preinitializing ...
Invoking preinitialize():  .top.OrderedMerge
Called preinitialize()
Invoking preinitialize():  .top.Ramp
Called preinitialize()
Invoking preinitialize():  .top.Ramp2
Called preinitialize()
Invoking preinitialize():  .top.Test
Called preinitialize()
.top. Finished preinitialize().
Called initialize().
Invoking initialize():  .top.OrderedMerge
Initializing actor: .top.OrderedMerge
Adding a thread: .top.OrderedMerge
Invoking initialize():  .top.Ramp
Initializing actor: .top.Ramp
Adding a thread: .top.Ramp
Invoking initialize():  .top.Ramp2
Initializing actor: .top.Ramp2
Adding a thread: .top.Ramp2
Invoking initialize():  .top.Test
Initializing actor: .top.Test
Adding a thread: .top.Test
-- Starting thread.
Called initialize()
Called prefire()
Called fire()
-- Starting thread.
Called initialize()
Called prefire()
Called fire()
Called postfire()
Called prefire()
Called fire()
-- Starting thread.
Called initialize()
Called prefire()
Called fire()
Called postfire()
Called prefire()
Called fire()
Called fire().
Checking for deadlock:
There are 3 Blocked actors, 0 Stopped actors, and 4 active threads.
Waiting for actors to stop.
-- Starting thread.
Called initialize()
Called prefire()
Called fire()
Checking for deadlock:
There are 2 Blocked actors, 0 Stopped actors, and 4 active threads.
Waiting for actors to stop.
Called postfire()
Called prefire()
Called fire()
Checking for deadlock:
There are 3 Blocked actors, 0 Stopped actors, and 4 active threads.
Waiting for actors to stop.
Read input token from inputA with value 0.0
Next port to read input from is inputB
Called postfire()
Called prefire()
Called fire()
Checking for deadlock:
There are 2 Blocked actors, 0 Stopped actors, and 4 active threads.
Waiting for actors to stop.
Called postfire()
Called prefire()
Called fire()
Checking for deadlock:
There are 3 Blocked actors, 0 Stopped actors, and 4 active threads.
Waiting for actors to stop.
Read input token from inputB with value 0.0
Checking for deadlock:
There are 2 Blocked actors, 0 Stopped actors, and 4 active threads.
Waiting for actors to stop.
-- Read input: 0.0, which is expected to match: 0.0
Called prefire()
Called fire()
Checking for deadlock:
There are 3 Blocked actors, 0 Stopped actors, and 4 active threads.
Waiting for actors to stop.
Sent output token with value 0.0
Next port to read input from is inputA
Called postfire()
Called prefire()
Called fire()
Checking for deadlock:
There are 2 Blocked actors, 0 Stopped actors, and 4 active threads.
Waiting for actors to stop.
Called postfire()
Called prefire()
Called fire()
Checking for deadlock:
There are 3 Blocked actors, 0 Stopped actors, and 4 active threads.
Waiting for actors to stop.
Read input token from inputA with value 1.0
Checking for deadlock:
There are 2 Blocked actors, 0 Stopped actors, and 4 active threads.
Waiting for actors to stop.
-- Read input: 0.0, which is expected to match: 0.0
Called prefire()
Called fire()
Checking for deadlock:
There are 3 Blocked actors, 0 Stopped actors, and 4 active threads.
Waiting for actors to stop.
Sent output token with value 0.0
Next port to read input from is inputB
Called postfire()
Called prefire()
Called fire()
Checking for deadlock:
There are 2 Blocked actors, 0 Stopped actors, and 4 active threads.
Waiting for actors to stop.
Called postfire()
Called prefire()
Called fire()
Checking for deadlock:
There are 3 Blocked actors, 0 Stopped actors, and 4 active threads.
Waiting for actors to stop.
Read input token from inputB with value 1.5
Checking for deadlock:
There are 2 Blocked actors, 0 Stopped actors, and 4 active threads.
Waiting for actors to stop.
-- Read input: 1.0, which is expected to match: 1.0
Called prefire()
Called fire()
Checking for deadlock:
There are 3 Blocked actors, 0 Stopped actors, and 4 active threads.
Waiting for actors to stop.
Sent output token with value 1.0
Next port to read input from is inputA
Called postfire()
Called prefire()
Called fire()
Checking for deadlock:
There are 2 Blocked actors, 0 Stopped actors, and 4 active threads.
Waiting for actors to stop.
Called postfire()
Called prefire()
Called fire()
Checking for deadlock:
There are 3 Blocked actors, 0 Stopped actors, and 4 active threads.
Waiting for actors to stop.
Read input token from inputA with value 2.0
Checking for deadlock:
There are 2 Blocked actors, 0 Stopped actors, and 4 active threads.
Waiting for actors to stop.
-- Read input: 1.5, which is expected to match: 1.5
Called prefire()
Called fire()
Checking for deadlock:
There are 3 Blocked actors, 0 Stopped actors, and 4 active threads.
Waiting for actors to stop.
Sent output token with value 1.5
Next port to read input from is inputB
Called postfire()
Called prefire()
Called fire()
Checking for deadlock:
There are 2 Blocked actors, 0 Stopped actors, and 4 active threads.
Waiting for actors to stop.
Called postfire()
Called prefire()
Called fire()
Checking for deadlock:
There are 3 Blocked actors, 0 Stopped actors, and 4 active threads.
Waiting for actors to stop.
Read input token from inputB with value 3.0
Checking for deadlock:
There are 2 Blocked actors, 0 Stopped actors, and 4 active threads.
Waiting for actors to stop.
-- Read input: 2.0, which is expected to match: 2.0
Called prefire()
Called fire()
Checking for deadlock:
There are 3 Blocked actors, 0 Stopped actors, and 4 active threads.
Waiting for actors to stop.
Sent output token with value 2.0
Next port to read input from is inputA
Called postfire()
Called prefire()
Called fire()
Checking for deadlock:
There are 2 Blocked actors, 0 Stopped actors, and 4 active threads.
Waiting for actors to stop.
Called postfire()
Called prefire()
Called fire()
Checking for deadlock:
There are 3 Blocked actors, 0 Stopped actors, and 4 active threads.
Waiting for actors to stop.
Read input token from inputA with value 3.0
Checking for deadlock:
There are 2 Blocked actors, 0 Stopped actors, and 4 active threads.
Waiting for actors to stop.
-- Read input: 3.0, which is expected to match: 3.0
Called prefire()
Called fire()
Checking for deadlock:
There are 3 Blocked actors, 0 Stopped actors, and 4 active threads.
Waiting for actors to stop.
Sent output token with value 3.0
Next port to read input from is inputB
Called postfire()
Called prefire()
Called fire()
Checking for deadlock:
There are 2 Blocked actors, 0 Stopped actors, and 4 active threads.
Waiting for actors to stop.
Called postfire()
Called prefire()
Called fire()
Checking for deadlock:
There are 3 Blocked actors, 0 Stopped actors, and 4 active threads.
Waiting for actors to stop.
Read input token from inputB with value 4.5
Checking for deadlock:
There are 2 Blocked actors, 0 Stopped actors, and 4 active threads.
Waiting for actors to stop.
-- Read input: 3.0, which is expected to match: 3.0
Called prefire()
Called fire()
Checking for deadlock:
There are 3 Blocked actors, 0 Stopped actors, and 4 active threads.
Waiting for actors to stop.
Sent output token with value 3.0
Next port to read input from is inputA
Called postfire()
Called prefire()
Called fire()
Checking for deadlock:
There are 2 Blocked actors, 0 Stopped actors, and 4 active threads.
Waiting for actors to stop.
Called postfire()
Called prefire()
Called fire()
Checking for deadlock:
There are 3 Blocked actors, 0 Stopped actors, and 4 active threads.
Waiting for actors to stop.
Read input token from inputA with value 4.0
Checking for deadlock:
There are 2 Blocked actors, 0 Stopped actors, and 4 active threads.
Waiting for actors to stop.
-- Read input: 4.0, which is expected to match: 4.0
Called prefire()
Called fire()
Past the end of training data. Read and discard all inputs.
Checking for deadlock:
There are 3 Blocked actors, 0 Stopped actors, and 4 active threads.
Waiting for actors to stop.
Sent output token with value 4.0
Next port to read input from is inputA
Called postfire()
Called prefire()
Called fire()
Checking for deadlock:
There are 2 Blocked actors, 0 Stopped actors, and 4 active threads.
Waiting for actors to stop.
Called postfire()
Called prefire()
Called fire()
Checking for deadlock:
There are 3 Blocked actors, 0 Stopped actors, and 4 active threads.
Waiting for actors to stop.
Read input token from inputA with value 5.0
Checking for deadlock:
There are 2 Blocked actors, 0 Stopped actors, and 4 active threads.
Waiting for actors to stop.
Called prefire()
Called fire()
Past the end of training data. Read and discard all inputs.
Checking for deadlock:
There are 3 Blocked actors, 0 Stopped actors, and 4 active threads.
Waiting for actors to stop.
Sent output token with value 4.5
Next port to read input from is inputB
Called postfire()
Called prefire()
Called fire()
Checking for deadlock:
There are 2 Blocked actors, 0 Stopped actors, and 4 active threads.
Waiting for actors to stop.
Called postfire()
Called prefire()
Called fire()
Checking for deadlock:
There are 3 Blocked actors, 0 Stopped actors, and 4 active threads.
Waiting for actors to stop.
Read input token from inputB with value 6.0
Checking for deadlock:
There are 2 Blocked actors, 0 Stopped actors, and 4 active threads.
Waiting for actors to stop.
Called prefire()
Called fire()
Past the end of training data. Read and discard all inputs.
Checking for deadlock:
There are 3 Blocked actors, 0 Stopped actors, and 4 active threads.
Waiting for actors to stop.
Sent output token with value 5.0
Next port to read input from is inputA
Called postfire()
Called prefire()
Called fire()
Checking for deadlock:
There are 2 Blocked actors, 0 Stopped actors, and 4 active threads.
Waiting for actors to stop.
Called postfire()
Called prefire()
Called fire()
Checking for deadlock:
There are 3 Blocked actors, 0 Stopped actors, and 4 active threads.
Waiting for actors to stop.
Read input token from inputA with value 6.0
Checking for deadlock:
There are 2 Blocked actors, 0 Stopped actors, and 4 active threads.
Waiting for actors to stop.
Called prefire()
Called fire()
Past the end of training data. Read and discard all inputs.
Checking for deadlock:
There are 3 Blocked actors, 0 Stopped actors, and 4 active threads.
Waiting for actors to stop.
Sent output token with value 6.0
Next port to read input from is inputB
Called postfire()
Called prefire()
Called fire()
Checking for deadlock:
There are 2 Blocked actors, 0 Stopped actors, and 4 active threads.
Waiting for actors to stop.
Called postfire()
Called prefire()
Called fire()
Checking for deadlock:
There are 3 Blocked actors, 0 Stopped actors, and 4 active threads.
Waiting for actors to stop.
Read input token from inputB with value 7.5
Checking for deadlock:
There are 2 Blocked actors, 0 Stopped actors, and 4 active threads.
Waiting for actors to stop.
Called prefire()
Called fire()
Past the end of training data. Read and discard all inputs.
Checking for deadlock:
There are 3 Blocked actors, 0 Stopped actors, and 4 active threads.
Waiting for actors to stop.
Sent output token with value 6.0
Next port to read input from is inputA
Called postfire()
Called prefire()
Called fire()
Checking for deadlock:
There are 2 Blocked actors, 0 Stopped actors, and 4 active threads.
Waiting for actors to stop.
Called postfire()
Called prefire()
Called fire()
Checking for deadlock:
There are 3 Blocked actors, 0 Stopped actors, and 4 active threads.
Waiting for actors to stop.
Read input token from inputA with value 7.0
Checking for deadlock:
There are 2 Blocked actors, 0 Stopped actors, and 4 active threads.
Waiting for actors to stop.
Called prefire()
Called fire()
Past the end of training data. Read and discard all inputs.
Checking for deadlock:
There are 3 Blocked actors, 0 Stopped actors, and 4 active threads.
Waiting for actors to stop.
Sent output token with value 7.0
Next port to read input from is inputA
Called postfire()
Called prefire()
Called fire()
Checking for deadlock:
There are 2 Blocked actors, 0 Stopped actors, and 4 active threads.
Waiting for actors to stop.
-- Thread wrapup() called.
Called wrapup()
Thread .top.Ramp is exiting.
-- Thread stopped.
Checking for deadlock:
There are 2 Blocked actors, 0 Stopped actors, and 3 active threads.
Waiting for actors to stop.
Read input token from inputA with value 8.0
Checking for deadlock:
There are 1 Blocked actors, 0 Stopped actors, and 3 active threads.
Waiting for actors to stop.
Called prefire()
Called fire()
Past the end of training data. Read and discard all inputs.
Checking for deadlock:
There are 2 Blocked actors, 0 Stopped actors, and 3 active threads.
Waiting for actors to stop.
Sent output token with value 7.5
Next port to read input from is inputB
Called postfire()
Called prefire()
Called fire()
Checking for deadlock:
There are 1 Blocked actors, 0 Stopped actors, and 3 active threads.
Waiting for actors to stop.
Called postfire()
Called prefire()
Called fire()
Checking for deadlock:
There are 2 Blocked actors, 0 Stopped actors, and 3 active threads.
Waiting for actors to stop.
Read input token from inputB with value 9.0
Checking for deadlock:
There are 1 Blocked actors, 0 Stopped actors, and 3 active threads.
Waiting for actors to stop.
Called prefire()
Called fire()
Past the end of training data. Read and discard all inputs.
Checking for deadlock:
There are 2 Blocked actors, 0 Stopped actors, and 3 active threads.
Waiting for actors to stop.
Sent output token with value 8.0
Next port to read input from is inputA
Called postfire()
Called prefire()
Called fire()
Read input token from inputA with value 9.0
Checking for deadlock:
There are 1 Blocked actors, 0 Stopped actors, and 3 active threads.
Waiting for actors to stop.
Called prefire()
Called fire()
Past the end of training data. Read and discard all inputs.
Checking for deadlock:
There are 2 Blocked actors, 0 Stopped actors, and 3 active threads.
Waiting for actors to stop.
Sent output token with value 9.0
Next port to read input from is inputB
Called postfire()
Called prefire()
Called fire()
Checking for deadlock:
There are 1 Blocked actors, 0 Stopped actors, and 3 active threads.
Waiting for actors to stop.
Called postfire()
Called prefire()
Called fire()
Checking for deadlock:
There are 2 Blocked actors, 0 Stopped actors, and 3 active threads.
Waiting for actors to stop.
Read input token from inputB with value 10.5
Checking for deadlock:
There are 1 Blocked actors, 0 Stopped actors, and 3 active threads.
Waiting for actors to stop.
Called prefire()
Called fire()
Past the end of training data. Read and discard all inputs.
Checking for deadlock:
There are 2 Blocked actors, 0 Stopped actors, and 3 active threads.
Waiting for actors to stop.
Sent output token with value 9.0
Next port to read input from is inputA
Called postfire()
Called prefire()
Called fire()
Checking for deadlock:
There are 3 Blocked actors, 0 Stopped actors, and 3 active threads.
Actors have stopped.
Checking for deadlock:
There are 3 Blocked actors, 0 Stopped actors, and 3 active threads.
Deadlock detected.
Resolving Deadlock
Checking for deadlock:
There are 3 Blocked actors, 0 Stopped actors, and 3 active threads.
Artificial Deadlock - increasing queue capacity.
increasing the capacity of receiver ptolemy.actor.TypedIOPort {.top.OrderedMerge.inputB} to 2
Director: Called postfire().
Called postfire().
_stopRequested = false
_stopFireRequested = false
Returning from postfire(): true
Called fire().
Checking for deadlock:
There are 2 Blocked actors, 0 Stopped actors, and 3 active threads.
Waiting for actors to stop.
-- Thread wrapup() called.
Called wrapup()
Thread .top.Ramp2 is exiting.
-- Thread stopped.
Checking for deadlock:
There are 2 Blocked actors, 0 Stopped actors, and 2 active threads.
Actors have stopped.
Checking for deadlock:
There are 2 Blocked actors, 0 Stopped actors, and 2 active threads.
Deadlock detected.
Resolving Deadlock
Checking for deadlock:
There are 2 Blocked actors, 0 Stopped actors, and 2 active threads.
Deadlock detected: no processes blocked on write, but some are blocked on read.
Called postfire().
_stopRequested = false
_stopFireRequested = false
Returning from postfire(): false
Finished deactivating branches.
Called wrapup().
-- Thread wrapup() called.
Called wrapup()
Thread .top.OrderedMerge is exiting.
-- Thread stopped.
-- Blocked Receiver call threw TerminateProcessException.
-- Thread wrapup() called.
Called wrapup()
Thread .top.Test is exiting.
-- Thread stopped.
-- Blocked Receiver call threw TerminateProcessException.
27 ms. Memory: 208384K Free: 90489K (43%)
/home/travis/build/icyphy/ptII/ptolemy/actor/lib/test/Publisher.tcl
6 ms. Memory: 208384K Free: 83335K (40%)
8 ms. Memory: 208384K Free: 199669K (96%)
9 ms. Memory: 208384K Free: 194618K (93%)
6 ms. Memory: 208384K Free: 194618K (93%)
5 ms. Memory: 208384K Free: 194618K (93%)
10 ms. Memory: 208384K Free: 192261K (92%)
2 ms. Memory: 208384K Free: 192261K (92%)
5 ms. Memory: 208384K Free: 192261K (92%)
1 ms. Memory: 208384K Free: 182801K (88%)
7 ms. Memory: 208384K Free: 178087K (85%)
4 ms. Memory: 208384K Free: 178087K (85%)
1 ms. Memory: 208384K Free: 175730K (84%)
10 ms. Memory: 208384K Free: 168659K (81%)
13 ms. Memory: 208384K Free: 156874K (75%)
5 ms. Memory: 208384K Free: 145089K (70%)
/home/travis/build/icyphy/ptII/ptolemy/actor/lib/test/Pulse.tcl
2 ms. Memory: 208384K Free: 104883K (50%)
1 ms. Memory: 208384K Free: 104883K (50%)
1 ms. Memory: 208384K Free: 104883K (50%)
1 ms. Memory: 208384K Free: 102510K (49%)
1 ms. Memory: 208384K Free: 102510K (49%)
1 ms. Memory: 208384K Free: 102510K (49%)
2 ms. Memory: 208384K Free: 100153K (48%)
2 ms. Memory: 208384K Free: 100153K (48%)
1 ms. Memory: 208384K Free: 100153K (48%)
/home/travis/build/icyphy/ptII/ptolemy/actor/lib/test/Ramp.tcl
8 ms. Memory: 208384K Free: 97780K (47%)
1 ms. Memory: 208384K Free: 97780K (47%)
2 ms. Memory: 208384K Free: 95423K (46%)
6 ms. Memory: 208384K Free: 95423K (46%)
3 ms. Memory: 208384K Free: 95423K (46%)
13 ms. Memory: 208384K Free: 93058K (45%)
9 ms. Memory: 208384K Free: 93058K (45%)
5 actors
6000 microseconds per iteration to create
11 ms. Memory: 208384K Free: 90693K (44%)
3 ms. Memory: 208384K Free: 90693K (44%)
5 ms. Memory: 208384K Free: 88320K (42%)
8 ms. Memory: 208384K Free: 88320K (42%)
50 actors
41000 microseconds per iteration to create
59 ms. Memory: 332288K Free: 314180K (95%)
6 ms. Memory: 332288K Free: 314180K (95%)
13 ms. Memory: 332288K Free: 314180K (95%)
15 ms. Memory: 332288K Free: 314180K (95%)
500 actors
1362000 microseconds per iteration to create
237 ms. Memory: 332288K Free: 142311K (43%)
56 ms. Memory: 332288K Free: 137544K (41%)
58 ms. Memory: 332288K Free: 132778K (40%)
50 ms. Memory: 332288K Free: 128011K (39%)
/home/travis/build/icyphy/ptII/ptolemy/actor/lib/test/RampContinuous.tcl
8 ms. Memory: 332288K Free: 128011K (39%)
/home/travis/build/icyphy/ptII/ptolemy/actor/lib/test/RecordAssembler.tcl
5 ms. Memory: 332288K Free: 123244K (37%)
3 ms. Memory: 332288K Free: 123244K (37%)
/home/travis/build/icyphy/ptII/ptolemy/actor/lib/test/RecordDisassembler.tcl
4 ms. Memory: 332288K Free: 123244K (37%)
3 ms. Memory: 332288K Free: 118461K (36%)
3 ms. Memory: 332288K Free: 118461K (36%)
/home/travis/build/icyphy/ptII/ptolemy/actor/lib/test/Scale.tcl
3 ms. Memory: 332288K Free: 118461K (36%)
2 ms. Memory: 332288K Free: 118461K (36%)
1 ms. Memory: 332288K Free: 118461K (36%)
2 ms. Memory: 332288K Free: 113694K (34%)
2 ms. Memory: 332288K Free: 113694K (34%)
/home/travis/build/icyphy/ptII/ptolemy/actor/lib/test/SequentialClock.tcl
preinitializing
resolving types
initializing
executing number 1
wrapping up
idle
2 ms. Memory: 332288K Free: 113694K (34%)
Completed execution with 5 iterations
preinitializing
resolving types
initializing
executing number 1
wrapping up
idle
2 ms. Memory: 332288K Free: 113694K (34%)
Completed execution with 5 iterations
preinitializing
resolving types
initializing
executing number 1
wrapping up
idle
1 ms. Memory: 332288K Free: 113694K (34%)
Completed execution with 5 iterations
/home/travis/build/icyphy/ptII/ptolemy/actor/lib/test/SetVariable.tcl
4 ms. Memory: 332288K Free: 108928K (33%)
/home/travis/build/icyphy/ptII/ptolemy/actor/lib/test/Sinewave.tcl
/home/travis/build/icyphy/ptII/ptolemy/actor/lib/test/SubscriptionAggregator.tcl
5 ms. Memory: 332288K Free: 99362K (30%)
2 ms. Memory: 332288K Free: 94595K (28%)
1 ms. Memory: 332288K Free: 94595K (28%)
1 ms. Memory: 332288K Free: 94595K (28%)
1 ms. Memory: 332288K Free: 89828K (27%)
3 ms. Memory: 332288K Free: 89828K (27%)
...............................................................1020 ms. Memory: 579072K Free: 220440K (38%)
/home/travis/build/icyphy/ptII/ptolemy/actor/lib/test/Test.tcl
 The next command will produce a warning about training mode,
   which may be ignored.
4 ms. Memory: 579072K Free: 220440K (38%)
1 ms. Memory: 579072K Free: 210795K (36%)
2 ms. Memory: 579072K Free: 210795K (36%)
1 ms. Memory: 579072K Free: 210795K (36%)
2 ms. Memory: 579072K Free: 210795K (36%)
3 ms. Memory: 579072K Free: 210795K (36%)
4 ms. Memory: 579072K Free: 210795K (36%)
 The next command will produce a warning about training mode,
   which may be ignored.
11 ms. Memory: 579072K Free: 210795K (36%)
 The next command will produce a warning about training mode,
   which may be ignored.
3 ms. Memory: 579072K Free: 210795K (36%)
9 ms. Memory: 579072K Free: 210795K (36%)
2 ms. Memory: 579072K Free: 210795K (36%)
1 ms. Memory: 579072K Free: 201165K (35%)
1 ms. Memory: 579072K Free: 201165K (35%)
3 ms. Memory: 579072K Free: 201165K (35%)
/home/travis/build/icyphy/ptII/ptolemy/actor/lib/test/TestExceptionHandler.tcl
 The next command will produce a warning about training mode,
   which may be ignored.
2 ms. Memory: 579072K Free: 201165K (35%)
1 ms. Memory: 579072K Free: 201165K (35%)
1 ms. Memory: 579072K Free: 201165K (35%)
/home/travis/build/icyphy/ptII/ptolemy/actor/lib/test/UnionDisassembler.tcl
12 ms. Memory: 579072K Free: 191536K (33%)
/home/travis/build/icyphy/ptII/ptolemy/actor/lib/test/VariableClock.tcl
preinitializing
resolving types
initializing
executing number 1
wrapping up
idle
3 ms. Memory: 579072K Free: 191536K (33%)
Completed execution with 11 iterations
preinitializing
resolving types
initializing
executing number 1
wrapping up
idle
4 ms. Memory: 579072K Free: 191536K (33%)
Completed execution with 10 iterations
04/15/19 04:01:26
Failed: 0  Total Tests: 234  ((Passed: 234, Newly Passed: 0)  Known Failed: 0) /home/travis/build/icyphy/ptII/ptolemy/actor/lib/test
----------------- testing (KnownFailure) /home/travis/build/icyphy/ptII/ptolemy/actor/lib/test/auto/knownFailedTests/PublisherPortToplevelSubscriber.xml
1 ms. Memory: 579072K Free: 181777K (31%)
Known Failure: java.lang.reflect.InvocationTargetException
----------------- testing (KnownFailure) /home/travis/build/icyphy/ptII/ptolemy/actor/lib/test/auto/knownFailedTests/PublisherSubscriberPortToplevel.xml
1 ms. Memory: 579072K Free: 162259K (28%)
Known Failure: java.lang.reflect.InvocationTargetException
----------------- testing (KnownFailure) /home/travis/build/icyphy/ptII/ptolemy/actor/lib/test/auto/knownFailedTests/PublisherSubscriptionAggregatorPort.xml
3 ms. Memory: 579072K Free: 142742K (25%)
Known Failure: java.lang.reflect.InvocationTargetException
----------------- testing (KnownFailure) /home/travis/build/icyphy/ptII/ptolemy/actor/lib/test/auto/knownFailedTests/sizedarray3.xml
4 ms. Memory: 579072K Free: 113586K (20%)
Known Failure: java.lang.reflect.InvocationTargetException
No auto/linux-amd64/*.xml tests in /home/travis/build/icyphy/ptII/ptolemy/actor/lib/test
AutoTests.java: About to close Vertx.
AutoTests.java: Vertx closed.

===========================================================================================
----------------- testing Mon Apr 15 04:01:27 UTC 2019 /home/travis/build/icyphy/ptII/ptolemy/actor/lib/test/auto/AbsoluteValue.xml
----------------- Instantiating /home/travis/build/icyphy/ptII/ptolemy/actor/lib/test/auto/AbsoluteValue.xml
8 ms. Memory: 581632K Free: 507032K (87%)
----------------- Invoking toplevel() on ptolemy.moml.MoMLSimpleApplication@54d758b1
----------------- Done invoking toplevel() on ptolemy.moml.MoMLSimpleApplication@54d758b1
reloadAllAccessors: .AbsoluteValue

===========================================================================================
----------------- testing Mon Apr 15 04:01:27 UTC 2019 /home/travis/build/icyphy/ptII/ptolemy/actor/lib/test/auto/AbsoluteValue2.xml
----------------- Instantiating /home/travis/build/icyphy/ptII/ptolemy/actor/lib/test/auto/AbsoluteValue2.xml
5 ms. Memory: 581632K Free: 488300K (84%)
----------------- Invoking toplevel() on ptolemy.moml.MoMLSimpleApplication@5e912944
----------------- Done invoking toplevel() on ptolemy.moml.MoMLSimpleApplication@5e912944
reloadAllAccessors: .AbsoluteValue2

===========================================================================================
----------------- testing Mon Apr 15 04:01:27 UTC 2019 /home/travis/build/icyphy/ptII/ptolemy/actor/lib/test/auto/Accumulator.xml
----------------- Instantiating /home/travis/build/icyphy/ptII/ptolemy/actor/lib/test/auto/Accumulator.xml
28 ms. Memory: 581632K Free: 478526K (82%)
----------------- Invoking toplevel() on ptolemy.moml.MoMLSimpleApplication@59adbba8
----------------- Done invoking toplevel() on ptolemy.moml.MoMLSimpleApplication@59adbba8
reloadAllAccessors: .Accumulator

===========================================================================================
----------------- testing Mon Apr 15 04:01:27 UTC 2019 /home/travis/build/icyphy/ptII/ptolemy/actor/lib/test/auto/Accumulator2.xml
----------------- Instantiating /home/travis/build/icyphy/ptII/ptolemy/actor/lib/test/auto/Accumulator2.xml
5 ms. Memory: 581632K Free: 472020K (81%)
----------------- Invoking toplevel() on ptolemy.moml.MoMLSimpleApplication@2a2f5b01
----------------- Done invoking toplevel() on ptolemy.moml.MoMLSimpleApplication@2a2f5b01
reloadAllAccessors: .Accumulator2

===========================================================================================
----------------- testing Mon Apr 15 04:01:27 UTC 2019 /home/travis/build/icyphy/ptII/ptolemy/actor/lib/test/auto/Accumulator3.xml
----------------- Instantiating /home/travis/build/icyphy/ptII/ptolemy/actor/lib/test/auto/Accumulator3.xml
4 ms. Memory: 581632K Free: 465514K (80%)
----------------- Invoking toplevel() on ptolemy.moml.MoMLSimpleApplication@74e613b4
----------------- Done invoking toplevel() on ptolemy.moml.MoMLSimpleApplication@74e613b4
reloadAllAccessors: .Accumulator3

===========================================================================================
----------------- testing Mon Apr 15 04:01:27 UTC 2019 /home/travis/build/icyphy/ptII/ptolemy/actor/lib/test/auto/ArrayAppend.xml
----------------- Instantiating /home/travis/build/icyphy/ptII/ptolemy/actor/lib/test/auto/ArrayAppend.xml
6 ms. Memory: 581632K Free: 446798K (77%)
----------------- Invoking toplevel() on ptolemy.moml.MoMLSimpleApplication@7a766ad2
----------------- Done invoking toplevel() on ptolemy.moml.MoMLSimpleApplication@7a766ad2
reloadAllAccessors: .ArrayAppend

===========================================================================================
----------------- testing Mon Apr 15 04:01:27 UTC 2019 /home/travis/build/icyphy/ptII/ptolemy/actor/lib/test/auto/ArrayAppend2.xml
----------------- Instantiating /home/travis/build/icyphy/ptII/ptolemy/actor/lib/test/auto/ArrayAppend2.xml
344 ms. Memory: 581632K Free: 368728K (63%)
----------------- Invoking toplevel() on ptolemy.moml.MoMLSimpleApplication@e1bb60b
----------------- Done invoking toplevel() on ptolemy.moml.MoMLSimpleApplication@e1bb60b
reloadAllAccessors: .ArrayAppend2

===========================================================================================
----------------- testing Mon Apr 15 04:01:27 UTC 2019 /home/travis/build/icyphy/ptII/ptolemy/actor/lib/test/auto/ArrayAppend3.xml
----------------- Instantiating /home/travis/build/icyphy/ptII/ptolemy/actor/lib/test/auto/ArrayAppend3.xml
3 ms. Memory: 581632K Free: 362222K (62%)
----------------- Invoking toplevel() on ptolemy.moml.MoMLSimpleApplication@5b37039d
----------------- Done invoking toplevel() on ptolemy.moml.MoMLSimpleApplication@5b37039d
reloadAllAccessors: .ArrayAppend3

===========================================================================================
----------------- testing Mon Apr 15 04:01:27 UTC 2019 /home/travis/build/icyphy/ptII/ptolemy/actor/lib/test/auto/ArrayAppend4.xml
----------------- Instantiating /home/travis/build/icyphy/ptII/ptolemy/actor/lib/test/auto/ArrayAppend4.xml
8 ms. Memory: 581632K Free: 355716K (61%)
----------------- Invoking toplevel() on ptolemy.moml.MoMLSimpleApplication@5b8e3002
----------------- Done invoking toplevel() on ptolemy.moml.MoMLSimpleApplication@5b8e3002
reloadAllAccessors: .ArrayAppend4

===========================================================================================
----------------- testing Mon Apr 15 04:01:27 UTC 2019 /home/travis/build/icyphy/ptII/ptolemy/actor/lib/test/auto/ArrayAppend5.xml
----------------- Instantiating /home/travis/build/icyphy/ptII/ptolemy/actor/lib/test/auto/ArrayAppend5.xml
4 ms. Memory: 581632K Free: 340253K (58%)
----------------- Invoking toplevel() on ptolemy.moml.MoMLSimpleApplication@1ef27b9d
----------------- Done invoking toplevel() on ptolemy.moml.MoMLSimpleApplication@1ef27b9d
reloadAllAccessors: .ArrayAppend5

===========================================================================================
----------------- testing Mon Apr 15 04:01:27 UTC 2019 /home/travis/build/icyphy/ptII/ptolemy/actor/lib/test/auto/ArrayAppend6.xml
----------------- Instantiating /home/travis/build/icyphy/ptII/ptolemy/actor/lib/test/auto/ArrayAppend6.xml
4 ms. Memory: 581632K Free: 333748K (57%)
----------------- Invoking toplevel() on ptolemy.moml.MoMLSimpleApplication@61fdf293
----------------- Done invoking toplevel() on ptolemy.moml.MoMLSimpleApplication@61fdf293
reloadAllAccessors: .ArrayAppend6

===========================================================================================
----------------- testing Mon Apr 15 04:01:27 UTC 2019 /home/travis/build/icyphy/ptII/ptolemy/actor/lib/test/auto/ArrayAppendPerformanceTest.xml
----------------- Instantiating /home/travis/build/icyphy/ptII/ptolemy/actor/lib/test/auto/ArrayAppendPerformanceTest.xml
21 ms. Memory: 581632K Free: 320704K (55%)
----------------- Invoking toplevel() on ptolemy.moml.MoMLSimpleApplication@169504ce
----------------- Done invoking toplevel() on ptolemy.moml.MoMLSimpleApplication@169504ce
reloadAllAccessors: .ArrayAppendPerformanceTest

===========================================================================================
----------------- testing Mon Apr 15 04:01:28 UTC 2019 /home/travis/build/icyphy/ptII/ptolemy/actor/lib/test/auto/ArrayAppendWithEmptyInput.xml
----------------- Instantiating /home/travis/build/icyphy/ptII/ptolemy/actor/lib/test/auto/ArrayAppendWithEmptyInput.xml
13 ms. Memory: 581632K Free: 310929K (53%)
----------------- Invoking toplevel() on ptolemy.moml.MoMLSimpleApplication@5e445e68
----------------- Done invoking toplevel() on ptolemy.moml.MoMLSimpleApplication@5e445e68
reloadAllAccessors: .ArrayAppendWithEmptyInput

===========================================================================================
----------------- testing Mon Apr 15 04:01:28 UTC 2019 /home/travis/build/icyphy/ptII/ptolemy/actor/lib/test/auto/ArrayAverage.xml
----------------- Instantiating /home/travis/build/icyphy/ptII/ptolemy/actor/lib/test/auto/ArrayAverage.xml
4 ms. Memory: 581632K Free: 287318K (49%)
----------------- Invoking toplevel() on ptolemy.moml.MoMLSimpleApplication@2b0d9305
----------------- Done invoking toplevel() on ptolemy.moml.MoMLSimpleApplication@2b0d9305
reloadAllAccessors: .ArrayAverage

===========================================================================================
----------------- testing Mon Apr 15 04:01:28 UTC 2019 /home/travis/build/icyphy/ptII/ptolemy/actor/lib/test/auto/ArrayContains.xml
----------------- Instantiating /home/travis/build/icyphy/ptII/ptolemy/actor/lib/test/auto/ArrayContains.xml
9 ms. Memory: 581632K Free: 277543K (48%)
----------------- Invoking toplevel() on ptolemy.moml.MoMLSimpleApplication@26286c7a
----------------- Done invoking toplevel() on ptolemy.moml.MoMLSimpleApplication@26286c7a
reloadAllAccessors: .ArrayContains

===========================================================================================
----------------- testing Mon Apr 15 04:01:28 UTC 2019 /home/travis/build/icyphy/ptII/ptolemy/actor/lib/test/auto/ArrayElement.xml
----------------- Instantiating /home/travis/build/icyphy/ptII/ptolemy/actor/lib/test/auto/ArrayElement.xml
11 ms. Memory: 581632K Free: 271038K (47%)
----------------- Invoking toplevel() on ptolemy.moml.MoMLSimpleApplication@2f3d7e3
----------------- Done invoking toplevel() on ptolemy.moml.MoMLSimpleApplication@2f3d7e3
reloadAllAccessors: .ArrayElement

===========================================================================================
----------------- testing Mon Apr 15 04:01:28 UTC 2019 /home/travis/build/icyphy/ptII/ptolemy/actor/lib/test/auto/ArrayElementAsMatrix.xml
----------------- Instantiating /home/travis/build/icyphy/ptII/ptolemy/actor/lib/test/auto/ArrayElementAsMatrix.xml
18 ms. Memory: 581632K Free: 261263K (45%)
----------------- Invoking toplevel() on ptolemy.moml.MoMLSimpleApplication@402ba7f7
----------------- Done invoking toplevel() on ptolemy.moml.MoMLSimpleApplication@402ba7f7
reloadAllAccessors: .ArrayElementAsMatrix

===========================================================================================
----------------- testing Mon Apr 15 04:01:28 UTC 2019 /home/travis/build/icyphy/ptII/ptolemy/actor/lib/test/auto/ArrayElementI.xml
----------------- Instantiating /home/travis/build/icyphy/ptII/ptolemy/actor/lib/test/auto/ArrayElementI.xml
3 ms. Memory: 581632K Free: 245800K (42%)
----------------- Invoking toplevel() on ptolemy.moml.MoMLSimpleApplication@3f0edcc6
----------------- Done invoking toplevel() on ptolemy.moml.MoMLSimpleApplication@3f0edcc6
reloadAllAccessors: .ArrayElementI

===========================================================================================
----------------- testing Mon Apr 15 04:01:28 UTC 2019 /home/travis/build/icyphy/ptII/ptolemy/actor/lib/test/auto/ArrayExtract.xml
----------------- Instantiating /home/travis/build/icyphy/ptII/ptolemy/actor/lib/test/auto/ArrayExtract.xml
9 ms. Memory: 581632K Free: 236025K (41%)
----------------- Invoking toplevel() on ptolemy.moml.MoMLSimpleApplication@234a1e46
----------------- Done invoking toplevel() on ptolemy.moml.MoMLSimpleApplication@234a1e46
reloadAllAccessors: .ArrayExtract

===========================================================================================
----------------- testing Mon Apr 15 04:01:28 UTC 2019 /home/travis/build/icyphy/ptII/ptolemy/actor/lib/test/auto/ArrayExtract2.xml
----------------- Instantiating /home/travis/build/icyphy/ptII/ptolemy/actor/lib/test/auto/ArrayExtract2.xml
5 ms. Memory: 581632K Free: 229519K (39%)
----------------- Invoking toplevel() on ptolemy.moml.MoMLSimpleApplication@45ec6bf
----------------- Done invoking toplevel() on ptolemy.moml.MoMLSimpleApplication@45ec6bf
reloadAllAccessors: .ArrayExtract2

===========================================================================================
----------------- testing Mon Apr 15 04:01:28 UTC 2019 /home/travis/build/icyphy/ptII/ptolemy/actor/lib/test/auto/ArrayLength.xml
----------------- Instantiating /home/travis/build/icyphy/ptII/ptolemy/actor/lib/test/auto/ArrayLength.xml
2 ms. Memory: 581632K Free: 223013K (38%)
----------------- Invoking toplevel() on ptolemy.moml.MoMLSimpleApplication@424d5804
----------------- Done invoking toplevel() on ptolemy.moml.MoMLSimpleApplication@424d5804
reloadAllAccessors: .ArrayLength

===========================================================================================
----------------- testing Mon Apr 15 04:01:28 UTC 2019 /home/travis/build/icyphy/ptII/ptolemy/actor/lib/test/auto/ArrayLevelCrossing.xml
----------------- Instantiating /home/travis/build/icyphy/ptII/ptolemy/actor/lib/test/auto/ArrayLevelCrossing.xml
2 ms. Memory: 581632K Free: 204290K (35%)
----------------- Invoking toplevel() on ptolemy.moml.MoMLSimpleApplication@13f8ade4
----------------- Done invoking toplevel() on ptolemy.moml.MoMLSimpleApplication@13f8ade4
reloadAllAccessors: .ArrayLevelCrossing

===========================================================================================
----------------- testing Mon Apr 15 04:01:28 UTC 2019 /home/travis/build/icyphy/ptII/ptolemy/actor/lib/test/auto/ArrayLevelCrossing2.xml
----------------- Instantiating /home/travis/build/icyphy/ptII/ptolemy/actor/lib/test/auto/ArrayLevelCrossing2.xml
2 ms. Memory: 581632K Free: 194515K (33%)
----------------- Invoking toplevel() on ptolemy.moml.MoMLSimpleApplication@752e1190
----------------- Done invoking toplevel() on ptolemy.moml.MoMLSimpleApplication@752e1190
reloadAllAccessors: .ArrayLevelCrossing2

===========================================================================================
----------------- testing Mon Apr 15 04:01:28 UTC 2019 /home/travis/build/icyphy/ptII/ptolemy/actor/lib/test/auto/ArrayPeakSearch.xml
----------------- Instantiating /home/travis/build/icyphy/ptII/ptolemy/actor/lib/test/auto/ArrayPeakSearch.xml
4 ms. Memory: 581632K Free: 184740K (32%)
----------------- Invoking toplevel() on ptolemy.moml.MoMLSimpleApplication@5b9d1b9d
----------------- Done invoking toplevel() on ptolemy.moml.MoMLSimpleApplication@5b9d1b9d
reloadAllAccessors: .ArrayPeakSearch

===========================================================================================
----------------- testing Mon Apr 15 04:01:28 UTC 2019 /home/travis/build/icyphy/ptII/ptolemy/actor/lib/test/auto/ArrayPeakSearch2.xml
----------------- Instantiating /home/travis/build/icyphy/ptII/ptolemy/actor/lib/test/auto/ArrayPeakSearch2.xml
4 ms. Memory: 581632K Free: 171697K (30%)
----------------- Invoking toplevel() on ptolemy.moml.MoMLSimpleApplication@63411349
----------------- Done invoking toplevel() on ptolemy.moml.MoMLSimpleApplication@63411349
reloadAllAccessors: .ArrayPeakSearch2

===========================================================================================
----------------- testing Mon Apr 15 04:01:28 UTC 2019 /home/travis/build/icyphy/ptII/ptolemy/actor/lib/test/auto/ArrayPeakSearch3.xml
----------------- Instantiating /home/travis/build/icyphy/ptII/ptolemy/actor/lib/test/auto/ArrayPeakSearch3.xml
6 ms. Memory: 581632K Free: 149704K (26%)
----------------- Invoking toplevel() on ptolemy.moml.MoMLSimpleApplication@62916eb5
----------------- Done invoking toplevel() on ptolemy.moml.MoMLSimpleApplication@62916eb5
reloadAllAccessors: .ArrayPeakSearch3

===========================================================================================
----------------- testing Mon Apr 15 04:01:28 UTC 2019 /home/travis/build/icyphy/ptII/ptolemy/actor/lib/test/auto/ArrayRemoveElement.xml
----------------- Instantiating /home/travis/build/icyphy/ptII/ptolemy/actor/lib/test/auto/ArrayRemoveElement.xml
2 ms. Memory: 581632K Free: 139929K (24%)
----------------- Invoking toplevel() on ptolemy.moml.MoMLSimpleApplication@24c7a690
----------------- Done invoking toplevel() on ptolemy.moml.MoMLSimpleApplication@24c7a690
reloadAllAccessors: .ArrayRemoveElement

===========================================================================================
----------------- testing Mon Apr 15 04:01:28 UTC 2019 /home/travis/build/icyphy/ptII/ptolemy/actor/lib/test/auto/ArraySort.xml
----------------- Instantiating /home/travis/build/icyphy/ptII/ptolemy/actor/lib/test/auto/ArraySort.xml
3 ms. Memory: 581632K Free: 126902K (22%)
----------------- Invoking toplevel() on ptolemy.moml.MoMLSimpleApplication@39eb35ab
----------------- Done invoking toplevel() on ptolemy.moml.MoMLSimpleApplication@39eb35ab
reloadAllAccessors: .ArraySort

===========================================================================================
----------------- testing Mon Apr 15 04:01:28 UTC 2019 /home/travis/build/icyphy/ptII/ptolemy/actor/lib/test/auto/ArraySum.xml
----------------- Instantiating /home/travis/build/icyphy/ptII/ptolemy/actor/lib/test/auto/ArraySum.xml
3 ms. Memory: 581632K Free: 120396K (21%)
----------------- Invoking toplevel() on ptolemy.moml.MoMLSimpleApplication@fb407e8
----------------- Done invoking toplevel() on ptolemy.moml.MoMLSimpleApplication@fb407e8
reloadAllAccessors: .ArraySum

===========================================================================================
----------------- testing Mon Apr 15 04:01:28 UTC 2019 /home/travis/build/icyphy/ptII/ptolemy/actor/lib/test/auto/ArrayToElements.xml
----------------- Instantiating /home/travis/build/icyphy/ptII/ptolemy/actor/lib/test/auto/ArrayToElements.xml
8 ms. Memory: 581632K Free: 104933K (18%)
----------------- Invoking toplevel() on ptolemy.moml.MoMLSimpleApplication@3a3c9864
----------------- Done invoking toplevel() on ptolemy.moml.MoMLSimpleApplication@3a3c9864
reloadAllAccessors: .ArrayToElements

===========================================================================================
----------------- testing Mon Apr 15 04:01:28 UTC 2019 /home/travis/build/icyphy/ptII/ptolemy/actor/lib/test/auto/ArrayToMatrix.xml
----------------- Instantiating /home/travis/build/icyphy/ptII/ptolemy/actor/lib/test/auto/ArrayToMatrix.xml
6 ms. Memory: 581632K Free: 88644K (15%)
----------------- Invoking toplevel() on ptolemy.moml.MoMLSimpleApplication@296a627d
----------------- Done invoking toplevel() on ptolemy.moml.MoMLSimpleApplication@296a627d
reloadAllAccessors: .ArrayToMatrix

===========================================================================================
----------------- testing Mon Apr 15 04:01:28 UTC 2019 /home/travis/build/icyphy/ptII/ptolemy/actor/lib/test/auto/ArrayUpdate1.xml
----------------- Instantiating /home/travis/build/icyphy/ptII/ptolemy/actor/lib/test/auto/ArrayUpdate1.xml
3 ms. Memory: 581632K Free: 82138K (14%)
----------------- Invoking toplevel() on ptolemy.moml.MoMLSimpleApplication@276c44a5
----------------- Done invoking toplevel() on ptolemy.moml.MoMLSimpleApplication@276c44a5
reloadAllAccessors: .ArrayUpdate1

===========================================================================================
----------------- testing Mon Apr 15 04:01:28 UTC 2019 /home/travis/build/icyphy/ptII/ptolemy/actor/lib/test/auto/ArrayUpdate2.xml
----------------- Instantiating /home/travis/build/icyphy/ptII/ptolemy/actor/lib/test/auto/ArrayUpdate2.xml
6 ms. Memory: 581632K Free: 72364K (12%)
----------------- Invoking toplevel() on ptolemy.moml.MoMLSimpleApplication@2847b749
----------------- Done invoking toplevel() on ptolemy.moml.MoMLSimpleApplication@2847b749
reloadAllAccessors: .ArrayUpdate2

===========================================================================================
----------------- testing Mon Apr 15 04:01:28 UTC 2019 /home/travis/build/icyphy/ptII/ptolemy/actor/lib/test/auto/ArrayUpdate3.xml
----------------- Instantiating /home/travis/build/icyphy/ptII/ptolemy/actor/lib/test/auto/ArrayUpdate3.xml
1 ms. Memory: 581632K Free: 56901K (10%)
----------------- Invoking toplevel() on ptolemy.moml.MoMLSimpleApplication@568ad974
----------------- Done invoking toplevel() on ptolemy.moml.MoMLSimpleApplication@568ad974
reloadAllAccessors: .ArrayUpdate3

===========================================================================================
----------------- testing Mon Apr 15 04:01:28 UTC 2019 /home/travis/build/icyphy/ptII/ptolemy/actor/lib/test/auto/Assert1.xml
----------------- Instantiating /home/travis/build/icyphy/ptII/ptolemy/actor/lib/test/auto/Assert1.xml
3 ms. Memory: 880640K Free: 834565K (95%)
----------------- Invoking toplevel() on ptolemy.moml.MoMLSimpleApplication@15c6f633
----------------- Done invoking toplevel() on ptolemy.moml.MoMLSimpleApplication@15c6f633
reloadAllAccessors: .Assert1

===========================================================================================
----------------- testing Mon Apr 15 04:01:28 UTC 2019 /home/travis/build/icyphy/ptII/ptolemy/actor/lib/test/auto/Assert2.xml
----------------- Instantiating /home/travis/build/icyphy/ptII/ptolemy/actor/lib/test/auto/Assert2.xml
6 ms. Memory: 880640K Free: 816605K (93%)
----------------- Invoking toplevel() on ptolemy.moml.MoMLSimpleApplication@5285ade7
----------------- Done invoking toplevel() on ptolemy.moml.MoMLSimpleApplication@5285ade7
reloadAllAccessors: .Assert2

===========================================================================================
----------------- testing Mon Apr 15 04:01:28 UTC 2019 /home/travis/build/icyphy/ptII/ptolemy/actor/lib/test/auto/BooleanMultiplexor.xml
----------------- Instantiating /home/travis/build/icyphy/ptII/ptolemy/actor/lib/test/auto/BooleanMultiplexor.xml
2 ms. Memory: 880640K Free: 808797K (92%)
----------------- Invoking toplevel() on ptolemy.moml.MoMLSimpleApplication@235d4a9
----------------- Done invoking toplevel() on ptolemy.moml.MoMLSimpleApplication@235d4a9
reloadAllAccessors: .BooleanMultiplexor

===========================================================================================
----------------- testing Mon Apr 15 04:01:29 UTC 2019 /home/travis/build/icyphy/ptII/ptolemy/actor/lib/test/auto/BooleanMultiplexor2.xml
----------------- Instantiating /home/travis/build/icyphy/ptII/ptolemy/actor/lib/test/auto/BooleanMultiplexor2.xml
9 ms. Memory: 880640K Free: 796820K (90%)
----------------- Invoking toplevel() on ptolemy.moml.MoMLSimpleApplication@6ae36c89
----------------- Done invoking toplevel() on ptolemy.moml.MoMLSimpleApplication@6ae36c89
reloadAllAccessors: .BooleanMultiplexor2

===========================================================================================
----------------- testing Mon Apr 15 04:01:29 UTC 2019 /home/travis/build/icyphy/ptII/ptolemy/actor/lib/test/auto/BooleanMultiplexor3.xml
----------------- Instantiating /home/travis/build/icyphy/ptII/ptolemy/actor/lib/test/auto/BooleanMultiplexor3.xml
10 ms. Memory: 880640K Free: 789012K (90%)
----------------- Invoking toplevel() on ptolemy.moml.MoMLSimpleApplication@773bae5e
----------------- Done invoking toplevel() on ptolemy.moml.MoMLSimpleApplication@773bae5e
reloadAllAccessors: .BooleanMultiplexor3

===========================================================================================
----------------- testing Mon Apr 15 04:01:29 UTC 2019 /home/travis/build/icyphy/ptII/ptolemy/actor/lib/test/auto/BooleanSelect.xml
----------------- Instantiating /home/travis/build/icyphy/ptII/ptolemy/actor/lib/test/auto/BooleanSelect.xml
6 ms. Memory: 880640K Free: 771052K (88%)
----------------- Invoking toplevel() on ptolemy.moml.MoMLSimpleApplication@76695af3
----------------- Done invoking toplevel() on ptolemy.moml.MoMLSimpleApplication@76695af3
reloadAllAccessors: .BooleanSelect

===========================================================================================
----------------- testing Mon Apr 15 04:01:29 UTC 2019 /home/travis/build/icyphy/ptII/ptolemy/actor/lib/test/auto/BooleanSelect2.xml
----------------- Instantiating /home/travis/build/icyphy/ptII/ptolemy/actor/lib/test/auto/BooleanSelect2.xml
2 ms. Memory: 880640K Free: 763244K (87%)
----------------- Invoking toplevel() on ptolemy.moml.MoMLSimpleApplication@3e99765c
----------------- Done invoking toplevel() on ptolemy.moml.MoMLSimpleApplication@3e99765c
reloadAllAccessors: .BooleanSelect2

===========================================================================================
----------------- testing Mon Apr 15 04:01:29 UTC 2019 /home/travis/build/icyphy/ptII/ptolemy/actor/lib/test/auto/BooleanSwitch.xml
----------------- Instantiating /home/travis/build/icyphy/ptII/ptolemy/actor/lib/test/auto/BooleanSwitch.xml
9 ms. Memory: 880640K Free: 755436K (86%)
----------------- Invoking toplevel() on ptolemy.moml.MoMLSimpleApplication@71a03d58
----------------- Done invoking toplevel() on ptolemy.moml.MoMLSimpleApplication@71a03d58
reloadAllAccessors: .BooleanSwitch

===========================================================================================
----------------- testing Mon Apr 15 04:01:29 UTC 2019 /home/travis/build/icyphy/ptII/ptolemy/actor/lib/test/auto/BooleanSwitch2.xml
----------------- Instantiating /home/travis/build/icyphy/ptII/ptolemy/actor/lib/test/auto/BooleanSwitch2.xml
2 ms. Memory: 880640K Free: 747628K (85%)
----------------- Invoking toplevel() on ptolemy.moml.MoMLSimpleApplication@1bae7d63
----------------- Done invoking toplevel() on ptolemy.moml.MoMLSimpleApplication@1bae7d63
reloadAllAccessors: .BooleanSwitch2

===========================================================================================
----------------- testing Mon Apr 15 04:01:29 UTC 2019 /home/travis/build/icyphy/ptII/ptolemy/actor/lib/test/auto/BooleanSwitchCloningBugWithClassRelationGroup.xml
----------------- Instantiating /home/travis/build/icyphy/ptII/ptolemy/actor/lib/test/auto/BooleanSwitchCloningBugWithClassRelationGroup.xml
4 ms. Memory: 880640K Free: 735899K (84%)
----------------- Invoking toplevel() on ptolemy.moml.MoMLSimpleApplication@2b2a3e5d
----------------- Done invoking toplevel() on ptolemy.moml.MoMLSimpleApplication@2b2a3e5d
reloadAllAccessors: .BooleanSwitchCloningBugWithClassRelationGroup

===========================================================================================
----------------- testing Mon Apr 15 04:01:29 UTC 2019 /home/travis/build/icyphy/ptII/ptolemy/actor/lib/test/auto/BusActors.xml
----------------- Instantiating /home/travis/build/icyphy/ptII/ptolemy/actor/lib/test/auto/BusActors.xml
5 ms. Memory: 880640K Free: 714035K (81%)
----------------- Invoking toplevel() on ptolemy.moml.MoMLSimpleApplication@3cace2c5
----------------- Done invoking toplevel() on ptolemy.moml.MoMLSimpleApplication@3cace2c5
reloadAllAccessors: .BusActors

===========================================================================================
----------------- testing Mon Apr 15 04:01:29 UTC 2019 /home/travis/build/icyphy/ptII/ptolemy/actor/lib/test/auto/ClassWrapper.xml
----------------- Instantiating /home/travis/build/icyphy/ptII/ptolemy/actor/lib/test/auto/ClassWrapper.xml
2 ms. Memory: 880640K Free: 706227K (80%)
----------------- Invoking toplevel() on ptolemy.moml.MoMLSimpleApplication@7d4957ef
----------------- Done invoking toplevel() on ptolemy.moml.MoMLSimpleApplication@7d4957ef
reloadAllAccessors: .ClassWrapper

===========================================================================================
----------------- testing Mon Apr 15 04:01:29 UTC 2019 /home/travis/build/icyphy/ptII/ptolemy/actor/lib/test/auto/Clock.xml
----------------- Instantiating /home/travis/build/icyphy/ptII/ptolemy/actor/lib/test/auto/Clock.xml
2 ms. Memory: 880640K Free: 698419K (79%)
----------------- Invoking toplevel() on ptolemy.moml.MoMLSimpleApplication@6d067d62
----------------- Done invoking toplevel() on ptolemy.moml.MoMLSimpleApplication@6d067d62
reloadAllAccessors: .Clock

===========================================================================================
----------------- testing Mon Apr 15 04:01:29 UTC 2019 /home/travis/build/icyphy/ptII/ptolemy/actor/lib/test/auto/Clock10.xml
----------------- Instantiating /home/travis/build/icyphy/ptII/ptolemy/actor/lib/test/auto/Clock10.xml
6 ms. Memory: 880640K Free: 690611K (78%)
----------------- Invoking toplevel() on ptolemy.moml.MoMLSimpleApplication@6d0cdea
----------------- Done invoking toplevel() on ptolemy.moml.MoMLSimpleApplication@6d0cdea
reloadAllAccessors: .Clock10

===========================================================================================
----------------- testing Mon Apr 15 04:01:29 UTC 2019 /home/travis/build/icyphy/ptII/ptolemy/actor/lib/test/auto/Clock11.xml
----------------- Instantiating /home/travis/build/icyphy/ptII/ptolemy/actor/lib/test/auto/Clock11.xml
5 ms. Memory: 880640K Free: 672651K (76%)
----------------- Invoking toplevel() on ptolemy.moml.MoMLSimpleApplication@245a4fa8
----------------- Done invoking toplevel() on ptolemy.moml.MoMLSimpleApplication@245a4fa8
reloadAllAccessors: .Clock11

===========================================================================================
----------------- testing Mon Apr 15 04:01:29 UTC 2019 /home/travis/build/icyphy/ptII/ptolemy/actor/lib/test/auto/Clock12.xml
----------------- Instantiating /home/travis/build/icyphy/ptII/ptolemy/actor/lib/test/auto/Clock12.xml
5 ms. Memory: 880640K Free: 664843K (75%)
----------------- Invoking toplevel() on ptolemy.moml.MoMLSimpleApplication@74a0689e
----------------- Done invoking toplevel() on ptolemy.moml.MoMLSimpleApplication@74a0689e
reloadAllAccessors: .Clock12

===========================================================================================
----------------- testing Mon Apr 15 04:01:29 UTC 2019 /home/travis/build/icyphy/ptII/ptolemy/actor/lib/test/auto/Clock13.xml
----------------- Instantiating /home/travis/build/icyphy/ptII/ptolemy/actor/lib/test/auto/Clock13.xml
7 ms. Memory: 880640K Free: 657035K (75%)
----------------- Invoking toplevel() on ptolemy.moml.MoMLSimpleApplication@3dc85c58
----------------- Done invoking toplevel() on ptolemy.moml.MoMLSimpleApplication@3dc85c58
reloadAllAccessors: .Clock13

===========================================================================================
----------------- testing Mon Apr 15 04:01:29 UTC 2019 /home/travis/build/icyphy/ptII/ptolemy/actor/lib/test/auto/Clock14.xml
----------------- Instantiating /home/travis/build/icyphy/ptII/ptolemy/actor/lib/test/auto/Clock14.xml
8 ms. Memory: 880640K Free: 649227K (74%)
----------------- Invoking toplevel() on ptolemy.moml.MoMLSimpleApplication@606ed0d2
----------------- Done invoking toplevel() on ptolemy.moml.MoMLSimpleApplication@606ed0d2
reloadAllAccessors: .Clock14

===========================================================================================
----------------- testing Mon Apr 15 04:01:29 UTC 2019 /home/travis/build/icyphy/ptII/ptolemy/actor/lib/test/auto/Clock15.xml
----------------- Instantiating /home/travis/build/icyphy/ptII/ptolemy/actor/lib/test/auto/Clock15.xml
8 ms. Memory: 880640K Free: 641419K (73%)
----------------- Invoking toplevel() on ptolemy.moml.MoMLSimpleApplication@42ee685b
----------------- Done invoking toplevel() on ptolemy.moml.MoMLSimpleApplication@42ee685b
reloadAllAccessors: .Clock15

===========================================================================================
----------------- testing Mon Apr 15 04:01:29 UTC 2019 /home/travis/build/icyphy/ptII/ptolemy/actor/lib/test/auto/Clock16.xml
----------------- Instantiating /home/travis/build/icyphy/ptII/ptolemy/actor/lib/test/auto/Clock16.xml
20 ms. Memory: 880640K Free: 615651K (70%)
----------------- Invoking toplevel() on ptolemy.moml.MoMLSimpleApplication@3389428f
----------------- Done invoking toplevel() on ptolemy.moml.MoMLSimpleApplication@3389428f
reloadAllAccessors: .Clock16

===========================================================================================
----------------- testing Mon Apr 15 04:01:29 UTC 2019 /home/travis/build/icyphy/ptII/ptolemy/actor/lib/test/auto/Clock17.xml
----------------- Instantiating /home/travis/build/icyphy/ptII/ptolemy/actor/lib/test/auto/Clock17.xml
11 ms. Memory: 880640K Free: 600011K (68%)
----------------- Invoking toplevel() on ptolemy.moml.MoMLSimpleApplication@8fb7aa0
----------------- Done invoking toplevel() on ptolemy.moml.MoMLSimpleApplication@8fb7aa0
reloadAllAccessors: .Clock17

===========================================================================================
----------------- testing Mon Apr 15 04:01:29 UTC 2019 /home/travis/build/icyphy/ptII/ptolemy/actor/lib/test/auto/Clock18.xml
----------------- Instantiating /home/travis/build/icyphy/ptII/ptolemy/actor/lib/test/auto/Clock18.xml
13 ms. Memory: 880640K Free: 584363K (66%)
----------------- Invoking toplevel() on ptolemy.moml.MoMLSimpleApplication@545c5a85
----------------- Done invoking toplevel() on ptolemy.moml.MoMLSimpleApplication@545c5a85
reloadAllAccessors: .Clock18

===========================================================================================
----------------- testing Mon Apr 15 04:01:29 UTC 2019 /home/travis/build/icyphy/ptII/ptolemy/actor/lib/test/auto/Clock19.xml
----------------- Instantiating /home/travis/build/icyphy/ptII/ptolemy/actor/lib/test/auto/Clock19.xml
18 ms. Memory: 880640K Free: 568730K (65%)
----------------- Invoking toplevel() on ptolemy.moml.MoMLSimpleApplication@4e737a5c
----------------- Done invoking toplevel() on ptolemy.moml.MoMLSimpleApplication@4e737a5c
reloadAllAccessors: .Clock19

===========================================================================================
----------------- testing Mon Apr 15 04:01:29 UTC 2019 /home/travis/build/icyphy/ptII/ptolemy/actor/lib/test/auto/Clock2.xml
----------------- Instantiating /home/travis/build/icyphy/ptII/ptolemy/actor/lib/test/auto/Clock2.xml
9 ms. Memory: 880640K Free: 550771K (63%)
----------------- Invoking toplevel() on ptolemy.moml.MoMLSimpleApplication@5b765537
----------------- Done invoking toplevel() on ptolemy.moml.MoMLSimpleApplication@5b765537
reloadAllAccessors: .Clock2

===========================================================================================
----------------- testing Mon Apr 15 04:01:29 UTC 2019 /home/travis/build/icyphy/ptII/ptolemy/actor/lib/test/auto/Clock20.xml
----------------- Instantiating /home/travis/build/icyphy/ptII/ptolemy/actor/lib/test/auto/Clock20.xml
11 ms. Memory: 880640K Free: 542963K (62%)
----------------- Invoking toplevel() on ptolemy.moml.MoMLSimpleApplication@34db54b4
----------------- Done invoking toplevel() on ptolemy.moml.MoMLSimpleApplication@34db54b4
reloadAllAccessors: .Clock20

===========================================================================================
----------------- testing Mon Apr 15 04:01:29 UTC 2019 /home/travis/build/icyphy/ptII/ptolemy/actor/lib/test/auto/Clock21.xml
----------------- Instantiating /home/travis/build/icyphy/ptII/ptolemy/actor/lib/test/auto/Clock21.xml
7 ms. Memory: 880640K Free: 535154K (61%)
----------------- Invoking toplevel() on ptolemy.moml.MoMLSimpleApplication@278193a5
----------------- Done invoking toplevel() on ptolemy.moml.MoMLSimpleApplication@278193a5
reloadAllAccessors: .Clock21

===========================================================================================
----------------- testing Mon Apr 15 04:01:29 UTC 2019 /home/travis/build/icyphy/ptII/ptolemy/actor/lib/test/auto/Clock22.xml
----------------- Instantiating /home/travis/build/icyphy/ptII/ptolemy/actor/lib/test/auto/Clock22.xml
2 ms. Memory: 880640K Free: 527346K (60%)
----------------- Invoking toplevel() on ptolemy.moml.MoMLSimpleApplication@402d7fda
----------------- Done invoking toplevel() on ptolemy.moml.MoMLSimpleApplication@402d7fda
reloadAllAccessors: .Clock22

===========================================================================================
----------------- testing Mon Apr 15 04:01:29 UTC 2019 /home/travis/build/icyphy/ptII/ptolemy/actor/lib/test/auto/Clock23.xml
----------------- Instantiating /home/travis/build/icyphy/ptII/ptolemy/actor/lib/test/auto/Clock23.xml
3 ms. Memory: 880640K Free: 519538K (59%)
----------------- Invoking toplevel() on ptolemy.moml.MoMLSimpleApplication@6ce762f5
----------------- Done invoking toplevel() on ptolemy.moml.MoMLSimpleApplication@6ce762f5
reloadAllAccessors: .Clock23

===========================================================================================
----------------- testing Mon Apr 15 04:01:29 UTC 2019 /home/travis/build/icyphy/ptII/ptolemy/actor/lib/test/auto/Clock24.xml
----------------- Instantiating /home/travis/build/icyphy/ptII/ptolemy/actor/lib/test/auto/Clock24.xml
5 ms. Memory: 880640K Free: 501578K (57%)
----------------- Invoking toplevel() on ptolemy.moml.MoMLSimpleApplication@3e681297
----------------- Done invoking toplevel() on ptolemy.moml.MoMLSimpleApplication@3e681297
reloadAllAccessors: .Clock24

===========================================================================================
----------------- testing Mon Apr 15 04:01:29 UTC 2019 /home/travis/build/icyphy/ptII/ptolemy/actor/lib/test/auto/Clock4.xml
----------------- Instantiating /home/travis/build/icyphy/ptII/ptolemy/actor/lib/test/auto/Clock4.xml
6 ms. Memory: 880640K Free: 493770K (56%)
----------------- Invoking toplevel() on ptolemy.moml.MoMLSimpleApplication@569d5aab
----------------- Done invoking toplevel() on ptolemy.moml.MoMLSimpleApplication@569d5aab
reloadAllAccessors: .Clock4

===========================================================================================
----------------- testing Mon Apr 15 04:01:29 UTC 2019 /home/travis/build/icyphy/ptII/ptolemy/actor/lib/test/auto/Clock5.xml
----------------- Instantiating /home/travis/build/icyphy/ptII/ptolemy/actor/lib/test/auto/Clock5.xml
3 ms. Memory: 880640K Free: 485962K (55%)
----------------- Invoking toplevel() on ptolemy.moml.MoMLSimpleApplication@1e191c7e
----------------- Done invoking toplevel() on ptolemy.moml.MoMLSimpleApplication@1e191c7e
reloadAllAccessors: .Clock5

===========================================================================================
----------------- testing Mon Apr 15 04:01:29 UTC 2019 /home/travis/build/icyphy/ptII/ptolemy/actor/lib/test/auto/Clock6.xml
----------------- Instantiating /home/travis/build/icyphy/ptII/ptolemy/actor/lib/test/auto/Clock6.xml
1 ms. Memory: 880640K Free: 478154K (54%)
----------------- Invoking toplevel() on ptolemy.moml.MoMLSimpleApplication@b0014d6
----------------- Done invoking toplevel() on ptolemy.moml.MoMLSimpleApplication@b0014d6
reloadAllAccessors: .Clock6

===========================================================================================
----------------- testing Mon Apr 15 04:01:29 UTC 2019 /home/travis/build/icyphy/ptII/ptolemy/actor/lib/test/auto/Clock7.xml
----------------- Instantiating /home/travis/build/icyphy/ptII/ptolemy/actor/lib/test/auto/Clock7.xml
3 ms. Memory: 880640K Free: 460194K (52%)
----------------- Invoking toplevel() on ptolemy.moml.MoMLSimpleApplication@6f976ca0
----------------- Done invoking toplevel() on ptolemy.moml.MoMLSimpleApplication@6f976ca0
reloadAllAccessors: .Clock7

===========================================================================================
----------------- testing Mon Apr 15 04:01:29 UTC 2019 /home/travis/build/icyphy/ptII/ptolemy/actor/lib/test/auto/Clock8.xml
----------------- Instantiating /home/travis/build/icyphy/ptII/ptolemy/actor/lib/test/auto/Clock8.xml
9 ms. Memory: 880640K Free: 452386K (51%)
----------------- Invoking toplevel() on ptolemy.moml.MoMLSimpleApplication@1de5363a
----------------- Done invoking toplevel() on ptolemy.moml.MoMLSimpleApplication@1de5363a
reloadAllAccessors: .Clock8

===========================================================================================
----------------- testing Mon Apr 15 04:01:29 UTC 2019 /home/travis/build/icyphy/ptII/ptolemy/actor/lib/test/auto/Clock9.xml
----------------- Instantiating /home/travis/build/icyphy/ptII/ptolemy/actor/lib/test/auto/Clock9.xml
9 ms. Memory: 880640K Free: 444577K (50%)
----------------- Invoking toplevel() on ptolemy.moml.MoMLSimpleApplication@50097e5e
----------------- Done invoking toplevel() on ptolemy.moml.MoMLSimpleApplication@50097e5e
reloadAllAccessors: .Clock9

===========================================================================================
----------------- testing Mon Apr 15 04:01:29 UTC 2019 /home/travis/build/icyphy/ptII/ptolemy/actor/lib/test/auto/CommDistDiscard.xml
----------------- Instantiating /home/travis/build/icyphy/ptII/ptolemy/actor/lib/test/auto/CommDistDiscard.xml
4 ms. Memory: 880640K Free: 436769K (50%)
----------------- Invoking toplevel() on ptolemy.moml.MoMLSimpleApplication@18c7f2b0
----------------- Done invoking toplevel() on ptolemy.moml.MoMLSimpleApplication@18c7f2b0
reloadAllAccessors: .CommDistDiscard

===========================================================================================
----------------- testing Mon Apr 15 04:01:30 UTC 2019 /home/travis/build/icyphy/ptII/ptolemy/actor/lib/test/auto/Commutator.xml
----------------- Instantiating /home/travis/build/icyphy/ptII/ptolemy/actor/lib/test/auto/Commutator.xml
1 ms. Memory: 880640K Free: 428961K (49%)
----------------- Invoking toplevel() on ptolemy.moml.MoMLSimpleApplication@6b768cc7
----------------- Done invoking toplevel() on ptolemy.moml.MoMLSimpleApplication@6b768cc7
reloadAllAccessors: .Commutator

===========================================================================================
----------------- testing Mon Apr 15 04:01:30 UTC 2019 /home/travis/build/icyphy/ptII/ptolemy/actor/lib/test/auto/Commutator2.xml
----------------- Instantiating /home/travis/build/icyphy/ptII/ptolemy/actor/lib/test/auto/Commutator2.xml
1 ms. Memory: 880640K Free: 411001K (47%)
----------------- Invoking toplevel() on ptolemy.moml.MoMLSimpleApplication@257c082c
----------------- Done invoking toplevel() on ptolemy.moml.MoMLSimpleApplication@257c082c
reloadAllAccessors: .Commutator2

===========================================================================================
----------------- testing Mon Apr 15 04:01:30 UTC 2019 /home/travis/build/icyphy/ptII/ptolemy/actor/lib/test/auto/Commutator3.xml
----------------- Instantiating /home/travis/build/icyphy/ptII/ptolemy/actor/lib/test/auto/Commutator3.xml
1 ms. Memory: 880640K Free: 403193K (46%)
----------------- Invoking toplevel() on ptolemy.moml.MoMLSimpleApplication@1cbe91a7
----------------- Done invoking toplevel() on ptolemy.moml.MoMLSimpleApplication@1cbe91a7
reloadAllAccessors: .Commutator3

===========================================================================================
----------------- testing Mon Apr 15 04:01:30 UTC 2019 /home/travis/build/icyphy/ptII/ptolemy/actor/lib/test/auto/Compare.xml
----------------- Instantiating /home/travis/build/icyphy/ptII/ptolemy/actor/lib/test/auto/Compare.xml
2 ms. Memory: 880640K Free: 391465K (44%)
----------------- Invoking toplevel() on ptolemy.moml.MoMLSimpleApplication@4ddfb2bd
----------------- Done invoking toplevel() on ptolemy.moml.MoMLSimpleApplication@4ddfb2bd
reloadAllAccessors: .Compare

===========================================================================================
----------------- testing Mon Apr 15 04:01:30 UTC 2019 /home/travis/build/icyphy/ptII/ptolemy/actor/lib/test/auto/CompareDE.xml
----------------- Instantiating /home/travis/build/icyphy/ptII/ptolemy/actor/lib/test/auto/CompareDE.xml
4 ms. Memory: 880640K Free: 379737K (43%)
----------------- Invoking toplevel() on ptolemy.moml.MoMLSimpleApplication@3acabbcf
----------------- Done invoking toplevel() on ptolemy.moml.MoMLSimpleApplication@3acabbcf
reloadAllAccessors: .CompareDE

===========================================================================================
----------------- testing Mon Apr 15 04:01:30 UTC 2019 /home/travis/build/icyphy/ptII/ptolemy/actor/lib/test/auto/ComplexDivide.xml
----------------- Instantiating /home/travis/build/icyphy/ptII/ptolemy/actor/lib/test/auto/ComplexDivide.xml
1 ms. Memory: 880640K Free: 361777K (41%)
----------------- Invoking toplevel() on ptolemy.moml.MoMLSimpleApplication@87130e7
----------------- Done invoking toplevel() on ptolemy.moml.MoMLSimpleApplication@87130e7
reloadAllAccessors: .ComplexDivide

===========================================================================================
----------------- testing Mon Apr 15 04:01:30 UTC 2019 /home/travis/build/icyphy/ptII/ptolemy/actor/lib/test/auto/ComputeHistogram.xml
----------------- Instantiating /home/travis/build/icyphy/ptII/ptolemy/actor/lib/test/auto/ComputeHistogram.xml
34 ms. Memory: 880640K Free: 346145K (39%)
----------------- Invoking toplevel() on ptolemy.moml.MoMLSimpleApplication@327dbc3f
----------------- Done invoking toplevel() on ptolemy.moml.MoMLSimpleApplication@327dbc3f
reloadAllAccessors: .ComputeHistogram

===========================================================================================
----------------- testing Mon Apr 15 04:01:30 UTC 2019 /home/travis/build/icyphy/ptII/ptolemy/actor/lib/test/auto/ConfigurationSelect.xml
----------------- Instantiating /home/travis/build/icyphy/ptII/ptolemy/actor/lib/test/auto/ConfigurationSelect.xml
2 ms. Memory: 880640K Free: 338337K (38%)
----------------- Invoking toplevel() on ptolemy.moml.MoMLSimpleApplication@2d23540d
----------------- Done invoking toplevel() on ptolemy.moml.MoMLSimpleApplication@2d23540d
reloadAllAccessors: .ConfigurationSelect

===========================================================================================
----------------- testing Mon Apr 15 04:01:30 UTC 2019 /home/travis/build/icyphy/ptII/ptolemy/actor/lib/test/auto/ConfigurationSelect2.xml
----------------- Instantiating /home/travis/build/icyphy/ptII/ptolemy/actor/lib/test/auto/ConfigurationSelect2.xml
2 ms. Memory: 880640K Free: 330529K (38%)
----------------- Invoking toplevel() on ptolemy.moml.MoMLSimpleApplication@e5e8363
----------------- Done invoking toplevel() on ptolemy.moml.MoMLSimpleApplication@e5e8363
reloadAllAccessors: .ConfigurationSelect2

===========================================================================================
----------------- testing Mon Apr 15 04:01:30 UTC 2019 /home/travis/build/icyphy/ptII/ptolemy/actor/lib/test/auto/ConfigurationSwitch.xml
----------------- Instantiating /home/travis/build/icyphy/ptII/ptolemy/actor/lib/test/auto/ConfigurationSwitch.xml
3 ms. Memory: 880640K Free: 322720K (37%)
----------------- Invoking toplevel() on ptolemy.moml.MoMLSimpleApplication@14113f5e
----------------- Done invoking toplevel() on ptolemy.moml.MoMLSimpleApplication@14113f5e
reloadAllAccessors: .ConfigurationSwitch

===========================================================================================
----------------- testing Mon Apr 15 04:01:30 UTC 2019 /home/travis/build/icyphy/ptII/ptolemy/actor/lib/test/auto/ConfigurationSwitch2.xml
----------------- Instantiating /home/travis/build/icyphy/ptII/ptolemy/actor/lib/test/auto/ConfigurationSwitch2.xml
4 ms. Memory: 880640K Free: 304760K (35%)
----------------- Invoking toplevel() on ptolemy.moml.MoMLSimpleApplication@5429e44e
----------------- Done invoking toplevel() on ptolemy.moml.MoMLSimpleApplication@5429e44e
reloadAllAccessors: .ConfigurationSwitch2

===========================================================================================
----------------- testing Mon Apr 15 04:01:30 UTC 2019 /home/travis/build/icyphy/ptII/ptolemy/actor/lib/test/auto/ConfigurationSwitchCloningBugWithClassRelationGroup.xml
----------------- Instantiating /home/travis/build/icyphy/ptII/ptolemy/actor/lib/test/auto/ConfigurationSwitchCloningBugWithClassRelationGroup.xml
2 ms. Memory: 880640K Free: 293032K (33%)
----------------- Invoking toplevel() on ptolemy.moml.MoMLSimpleApplication@5bd75ef6
----------------- Done invoking toplevel() on ptolemy.moml.MoMLSimpleApplication@5bd75ef6
reloadAllAccessors: .ConfigurationSwitchCloningBugWithClassRelationGroup

===========================================================================================
----------------- testing Mon Apr 15 04:01:30 UTC 2019 /home/travis/build/icyphy/ptII/ptolemy/actor/lib/test/auto/ConfigurationSwitchSelectSDF.xml
----------------- Instantiating /home/travis/build/icyphy/ptII/ptolemy/actor/lib/test/auto/ConfigurationSwitchSelectSDF.xml
3 ms. Memory: 880640K Free: 285224K (32%)
----------------- Invoking toplevel() on ptolemy.moml.MoMLSimpleApplication@5b9e92a4
----------------- Done invoking toplevel() on ptolemy.moml.MoMLSimpleApplication@5b9e92a4
reloadAllAccessors: .ConfigurationSwitchSelectSDF

===========================================================================================
----------------- testing Mon Apr 15 04:01:30 UTC 2019 /home/travis/build/icyphy/ptII/ptolemy/actor/lib/test/auto/ConfigurationSwitchSelectSDF2.xml
----------------- Instantiating /home/travis/build/icyphy/ptII/ptolemy/actor/lib/test/auto/ConfigurationSwitchSelectSDF2.xml
3 ms. Memory: 880640K Free: 277416K (32%)
----------------- Invoking toplevel() on ptolemy.moml.MoMLSimpleApplication@5a18d1df
----------------- Done invoking toplevel() on ptolemy.moml.MoMLSimpleApplication@5a18d1df
reloadAllAccessors: .ConfigurationSwitchSelectSDF2

===========================================================================================
----------------- testing Mon Apr 15 04:01:30 UTC 2019 /home/travis/build/icyphy/ptII/ptolemy/actor/lib/test/auto/Const.xml
----------------- Instantiating /home/travis/build/icyphy/ptII/ptolemy/actor/lib/test/auto/Const.xml
2 ms. Memory: 880640K Free: 259456K (29%)
----------------- Invoking toplevel() on ptolemy.moml.MoMLSimpleApplication@13a0d3d6
----------------- Done invoking toplevel() on ptolemy.moml.MoMLSimpleApplication@13a0d3d6
reloadAllAccessors: .Const

===========================================================================================
----------------- testing Mon Apr 15 04:01:30 UTC 2019 /home/travis/build/icyphy/ptII/ptolemy/actor/lib/test/auto/Const2.xml
----------------- Instantiating /home/travis/build/icyphy/ptII/ptolemy/actor/lib/test/auto/Const2.xml
1 ms. Memory: 880640K Free: 251648K (29%)
----------------- Invoking toplevel() on ptolemy.moml.MoMLSimpleApplication@5d3e5e12
----------------- Done invoking toplevel() on ptolemy.moml.MoMLSimpleApplication@5d3e5e12
reloadAllAccessors: .Const2

===========================================================================================
----------------- testing Mon Apr 15 04:01:30 UTC 2019 /home/travis/build/icyphy/ptII/ptolemy/actor/lib/test/auto/Const3.xml
----------------- Instantiating /home/travis/build/icyphy/ptII/ptolemy/actor/lib/test/auto/Const3.xml
2 ms. Memory: 880640K Free: 243840K (28%)
----------------- Invoking toplevel() on ptolemy.moml.MoMLSimpleApplication@798cc535
----------------- Done invoking toplevel() on ptolemy.moml.MoMLSimpleApplication@798cc535
reloadAllAccessors: .Const3

===========================================================================================
----------------- testing Mon Apr 15 04:01:30 UTC 2019 /home/travis/build/icyphy/ptII/ptolemy/actor/lib/test/auto/ConstantPublisherPort1.xml
----------------- Instantiating /home/travis/build/icyphy/ptII/ptolemy/actor/lib/test/auto/ConstantPublisherPort1.xml
6 ms. Memory: 880640K Free: 232112K (26%)
----------------- Invoking toplevel() on ptolemy.moml.MoMLSimpleApplication@74ae3a47
----------------- Done invoking toplevel() on ptolemy.moml.MoMLSimpleApplication@74ae3a47
reloadAllAccessors: .ConstantPublisherPort1

===========================================================================================
----------------- testing Mon Apr 15 04:01:30 UTC 2019 /home/travis/build/icyphy/ptII/ptolemy/actor/lib/test/auto/ConstantPublisherPort2.xml
----------------- Instantiating /home/travis/build/icyphy/ptII/ptolemy/actor/lib/test/auto/ConstantPublisherPort2.xml
4 ms. Memory: 880640K Free: 220400K (25%)
----------------- Invoking toplevel() on ptolemy.moml.MoMLSimpleApplication@7bc7cbd3
----------------- Done invoking toplevel() on ptolemy.moml.MoMLSimpleApplication@7bc7cbd3
reloadAllAccessors: .ConstantPublisherPort2

===========================================================================================
----------------- testing Mon Apr 15 04:01:30 UTC 2019 /home/travis/build/icyphy/ptII/ptolemy/actor/lib/test/auto/ConstantPublisherPort3.xml
----------------- Instantiating /home/travis/build/icyphy/ptII/ptolemy/actor/lib/test/auto/ConstantPublisherPort3.xml
5 ms. Memory: 880640K Free: 198528K (23%)
----------------- Invoking toplevel() on ptolemy.moml.MoMLSimpleApplication@51f262bb
----------------- Done invoking toplevel() on ptolemy.moml.MoMLSimpleApplication@51f262bb
reloadAllAccessors: .ConstantPublisherPort3

===========================================================================================
----------------- testing Mon Apr 15 04:01:30 UTC 2019 /home/travis/build/icyphy/ptII/ptolemy/actor/lib/test/auto/ConstantPublisherPort4.xml
----------------- Instantiating /home/travis/build/icyphy/ptII/ptolemy/actor/lib/test/auto/ConstantPublisherPort4.xml
2 ms. Memory: 880640K Free: 186815K (21%)
----------------- Invoking toplevel() on ptolemy.moml.MoMLSimpleApplication@64d9cc2b
----------------- Done invoking toplevel() on ptolemy.moml.MoMLSimpleApplication@64d9cc2b
reloadAllAccessors: .ConstantPublisherPort4

===========================================================================================
----------------- testing Mon Apr 15 04:01:30 UTC 2019 /home/travis/build/icyphy/ptII/ptolemy/actor/lib/test/auto/ConstantPublisherPort5.xml
----------------- Instantiating /home/travis/build/icyphy/ptII/ptolemy/actor/lib/test/auto/ConstantPublisherPort5.xml
15 ms. Memory: 880640K Free: 167287K (19%)
----------------- Invoking toplevel() on ptolemy.moml.MoMLSimpleApplication@4889282c
----------------- Done invoking toplevel() on ptolemy.moml.MoMLSimpleApplication@4889282c
reloadAllAccessors: .ConstantPublisherPort5

===========================================================================================
----------------- testing Mon Apr 15 04:01:30 UTC 2019 /home/travis/build/icyphy/ptII/ptolemy/actor/lib/test/auto/ConstantPublisherPort6.xml
----------------- Instantiating /home/travis/build/icyphy/ptII/ptolemy/actor/lib/test/auto/ConstantPublisherPort6.xml
14 ms. Memory: 880640K Free: 143862K (16%)
----------------- Invoking toplevel() on ptolemy.moml.MoMLSimpleApplication@6d288bfa
----------------- Done invoking toplevel() on ptolemy.moml.MoMLSimpleApplication@6d288bfa
reloadAllAccessors: .ConstantPublisherPort6

===========================================================================================
----------------- testing Mon Apr 15 04:01:30 UTC 2019 /home/travis/build/icyphy/ptII/ptolemy/actor/lib/test/auto/ConstantPublisherPort7.xml
----------------- Instantiating /home/travis/build/icyphy/ptII/ptolemy/actor/lib/test/auto/ConstantPublisherPort7.xml
17 ms. Memory: 880640K Free: 110278K (13%)
----------------- Invoking toplevel() on ptolemy.moml.MoMLSimpleApplication@3344ff77
----------------- Done invoking toplevel() on ptolemy.moml.MoMLSimpleApplication@3344ff77
reloadAllAccessors: .ConstantPublisherPort7

===========================================================================================
----------------- testing Mon Apr 15 04:01:30 UTC 2019 /home/travis/build/icyphy/ptII/ptolemy/actor/lib/test/auto/ConstraintMonitor1.xml
----------------- Instantiating /home/travis/build/icyphy/ptII/ptolemy/actor/lib/test/auto/ConstraintMonitor1.xml
1 ms. Memory: 880640K Free: 102470K (12%)
----------------- Invoking toplevel() on ptolemy.moml.MoMLSimpleApplication@31f49c5a
----------------- Done invoking toplevel() on ptolemy.moml.MoMLSimpleApplication@31f49c5a
reloadAllAccessors: .ConstraintMonitor1

===========================================================================================
----------------- testing Mon Apr 15 04:01:30 UTC 2019 /home/travis/build/icyphy/ptII/ptolemy/actor/lib/test/auto/ConstraintMonitor2.xml
----------------- Instantiating /home/travis/build/icyphy/ptII/ptolemy/actor/lib/test/auto/ConstraintMonitor2.xml
1 ms. Memory: 880640K Free: 94662K (11%)
----------------- Invoking toplevel() on ptolemy.moml.MoMLSimpleApplication@7caacbb9
----------------- Done invoking toplevel() on ptolemy.moml.MoMLSimpleApplication@7caacbb9
reloadAllAccessors: .ConstraintMonitor2

===========================================================================================
----------------- testing Mon Apr 15 04:01:30 UTC 2019 /home/travis/build/icyphy/ptII/ptolemy/actor/lib/test/auto/ConstraintMonitor3.xml
----------------- Instantiating /home/travis/build/icyphy/ptII/ptolemy/actor/lib/test/auto/ConstraintMonitor3.xml
1 ms. Memory: 880640K Free: 86853K (10%)
----------------- Invoking toplevel() on ptolemy.moml.MoMLSimpleApplication@a950d15
----------------- Done invoking toplevel() on ptolemy.moml.MoMLSimpleApplication@a950d15
reloadAllAccessors: .ConstraintMonitor3

===========================================================================================
----------------- testing Mon Apr 15 04:01:30 UTC 2019 /home/travis/build/icyphy/ptII/ptolemy/actor/lib/test/auto/ConstraintMonitor4.xml
----------------- Instantiating /home/travis/build/icyphy/ptII/ptolemy/actor/lib/test/auto/ConstraintMonitor4.xml
1 ms. Memory: 880640K Free: 68893K (8%)
----------------- Invoking toplevel() on ptolemy.moml.MoMLSimpleApplication@1e3354fd
----------------- Done invoking toplevel() on ptolemy.moml.MoMLSimpleApplication@1e3354fd
reloadAllAccessors: .ConstraintMonitor4

===========================================================================================
----------------- testing Mon Apr 15 04:01:30 UTC 2019 /home/travis/build/icyphy/ptII/ptolemy/actor/lib/test/auto/ConstraintMonitor5.xml
----------------- Instantiating /home/travis/build/icyphy/ptII/ptolemy/actor/lib/test/auto/ConstraintMonitor5.xml
5 ms. Memory: 880640K Free: 61085K (7%)
----------------- Invoking toplevel() on ptolemy.moml.MoMLSimpleApplication@521db074
----------------- Done invoking toplevel() on ptolemy.moml.MoMLSimpleApplication@521db074
reloadAllAccessors: .ConstraintMonitor5

===========================================================================================
----------------- testing Mon Apr 15 04:01:30 UTC 2019 /home/travis/build/icyphy/ptII/ptolemy/actor/lib/test/auto/ConstraintMonitor6.xml
----------------- Instantiating /home/travis/build/icyphy/ptII/ptolemy/actor/lib/test/auto/ConstraintMonitor6.xml
3 ms. Memory: 881664K Free: 827430K (94%)
----------------- Invoking toplevel() on ptolemy.moml.MoMLSimpleApplication@43595851
----------------- Done invoking toplevel() on ptolemy.moml.MoMLSimpleApplication@43595851
reloadAllAccessors: .ConstraintMonitor6

===========================================================================================
----------------- testing Mon Apr 15 04:01:30 UTC 2019 /home/travis/build/icyphy/ptII/ptolemy/actor/lib/test/auto/ConstraintMonitor7.xml
----------------- Instantiating /home/travis/build/icyphy/ptII/ptolemy/actor/lib/test/auto/ConstraintMonitor7.xml
2 ms. Memory: 881664K Free: 809243K (92%)
----------------- Invoking toplevel() on ptolemy.moml.MoMLSimpleApplication@53cfe988
----------------- Done invoking toplevel() on ptolemy.moml.MoMLSimpleApplication@53cfe988
reloadAllAccessors: .ConstraintMonitor7

===========================================================================================
----------------- testing Mon Apr 15 04:01:30 UTC 2019 /home/travis/build/icyphy/ptII/ptolemy/actor/lib/test/auto/ConstraintMonitor8.xml
----------------- Instantiating /home/travis/build/icyphy/ptII/ptolemy/actor/lib/test/auto/ConstraintMonitor8.xml
4 ms. Memory: 881664K Free: 798832K (91%)
----------------- Invoking toplevel() on ptolemy.moml.MoMLSimpleApplication@198b5007
----------------- Done invoking toplevel() on ptolemy.moml.MoMLSimpleApplication@198b5007
reloadAllAccessors: .ConstraintMonitor8

===========================================================================================
----------------- testing Mon Apr 15 04:01:30 UTC 2019 /home/travis/build/icyphy/ptII/ptolemy/actor/lib/test/auto/Counter.xml
----------------- Instantiating /home/travis/build/icyphy/ptII/ptolemy/actor/lib/test/auto/Counter.xml
2 ms. Memory: 881664K Free: 788421K (89%)
----------------- Invoking toplevel() on ptolemy.moml.MoMLSimpleApplication@5bf27d33
----------------- Done invoking toplevel() on ptolemy.moml.MoMLSimpleApplication@5bf27d33
reloadAllAccessors: .Counter

===========================================================================================
----------------- testing Mon Apr 15 04:01:30 UTC 2019 /home/travis/build/icyphy/ptII/ptolemy/actor/lib/test/auto/CurrentTimeSDF.xml
----------------- Instantiating /home/travis/build/icyphy/ptII/ptolemy/actor/lib/test/auto/CurrentTimeSDF.xml
1 ms. Memory: 881664K Free: 770396K (87%)
----------------- Invoking toplevel() on ptolemy.moml.MoMLSimpleApplication@5c1adc9b
----------------- Done invoking toplevel() on ptolemy.moml.MoMLSimpleApplication@5c1adc9b
reloadAllAccessors: .CurrentTimeSDF

===========================================================================================
----------------- testing Mon Apr 15 04:01:30 UTC 2019 /home/travis/build/icyphy/ptII/ptolemy/actor/lib/test/auto/DB.xml
----------------- Instantiating /home/travis/build/icyphy/ptII/ptolemy/actor/lib/test/auto/DB.xml
2 ms. Memory: 881664K Free: 759985K (86%)
----------------- Invoking toplevel() on ptolemy.moml.MoMLSimpleApplication@47f53c3
----------------- Done invoking toplevel() on ptolemy.moml.MoMLSimpleApplication@47f53c3
reloadAllAccessors: .DB

===========================================================================================
----------------- testing Mon Apr 15 04:01:30 UTC 2019 /home/travis/build/icyphy/ptII/ptolemy/actor/lib/test/auto/DBDE.xml
----------------- Instantiating /home/travis/build/icyphy/ptII/ptolemy/actor/lib/test/auto/DBDE.xml
2 ms. Memory: 881664K Free: 749574K (85%)
----------------- Invoking toplevel() on ptolemy.moml.MoMLSimpleApplication@262ab87f
----------------- Done invoking toplevel() on ptolemy.moml.MoMLSimpleApplication@262ab87f
reloadAllAccessors: .DBDE

===========================================================================================
----------------- testing Mon Apr 15 04:01:30 UTC 2019 /home/travis/build/icyphy/ptII/ptolemy/actor/lib/test/auto/DateConstructor.xml
----------------- Instantiating /home/travis/build/icyphy/ptII/ptolemy/actor/lib/test/auto/DateConstructor.xml
15 ms. Memory: 881664K Free: 721122K (82%)
----------------- Invoking toplevel() on ptolemy.moml.MoMLSimpleApplication@2d81dc01
----------------- Done invoking toplevel() on ptolemy.moml.MoMLSimpleApplication@2d81dc01
reloadAllAccessors: .DateConstructor

===========================================================================================
----------------- testing Mon Apr 15 04:01:30 UTC 2019 /home/travis/build/icyphy/ptII/ptolemy/actor/lib/test/auto/DelayTime.xml
----------------- Instantiating /home/travis/build/icyphy/ptII/ptolemy/actor/lib/test/auto/DelayTime.xml
2 ms. Memory: 881664K Free: 710712K (81%)
----------------- Invoking toplevel() on ptolemy.moml.MoMLSimpleApplication@6f74eb18
----------------- Done invoking toplevel() on ptolemy.moml.MoMLSimpleApplication@6f74eb18
reloadAllAccessors: .DelayTime

===========================================================================================
----------------- testing Mon Apr 15 04:01:30 UTC 2019 /home/travis/build/icyphy/ptII/ptolemy/actor/lib/test/auto/Dictionary1.xml
----------------- Instantiating /home/travis/build/icyphy/ptII/ptolemy/actor/lib/test/auto/Dictionary1.xml
1 ms. Memory: 881664K Free: 700301K (79%)
----------------- Invoking toplevel() on ptolemy.moml.MoMLSimpleApplication@30a9911
----------------- Done invoking toplevel() on ptolemy.moml.MoMLSimpleApplication@30a9911
reloadAllAccessors: .Dictionary1

===========================================================================================
----------------- testing Mon Apr 15 04:01:30 UTC 2019 /home/travis/build/icyphy/ptII/ptolemy/actor/lib/test/auto/Dictionary2.xml
----------------- Instantiating /home/travis/build/icyphy/ptII/ptolemy/actor/lib/test/auto/Dictionary2.xml
2 ms. Memory: 881664K Free: 682276K (77%)
----------------- Invoking toplevel() on ptolemy.moml.MoMLSimpleApplication@72f411f7
----------------- Done invoking toplevel() on ptolemy.moml.MoMLSimpleApplication@72f411f7
reloadAllAccessors: .Dictionary2

===========================================================================================
----------------- testing Mon Apr 15 04:01:30 UTC 2019 /home/travis/build/icyphy/ptII/ptolemy/actor/lib/test/auto/Dictionary3.xml
----------------- Instantiating /home/travis/build/icyphy/ptII/ptolemy/actor/lib/test/auto/Dictionary3.xml
1 ms. Memory: 881664K Free: 671865K (76%)
----------------- Invoking toplevel() on ptolemy.moml.MoMLSimpleApplication@14794497
----------------- Done invoking toplevel() on ptolemy.moml.MoMLSimpleApplication@14794497
reloadAllAccessors: .Dictionary3

===========================================================================================
----------------- testing Mon Apr 15 04:01:31 UTC 2019 /home/travis/build/icyphy/ptII/ptolemy/actor/lib/test/auto/Dictionary4.xml
----------------- Instantiating /home/travis/build/icyphy/ptII/ptolemy/actor/lib/test/auto/Dictionary4.xml
3 ms. Memory: 881664K Free: 661454K (75%)
----------------- Invoking toplevel() on ptolemy.moml.MoMLSimpleApplication@2685bc0a
----------------- Done invoking toplevel() on ptolemy.moml.MoMLSimpleApplication@2685bc0a
reloadAllAccessors: .Dictionary4

===========================================================================================
----------------- testing Mon Apr 15 04:01:31 UTC 2019 /home/travis/build/icyphy/ptII/ptolemy/actor/lib/test/auto/Differential.xml
----------------- Instantiating /home/travis/build/icyphy/ptII/ptolemy/actor/lib/test/auto/Differential.xml
2 ms. Memory: 881664K Free: 651043K (74%)
----------------- Invoking toplevel() on ptolemy.moml.MoMLSimpleApplication@5e4441d
----------------- Done invoking toplevel() on ptolemy.moml.MoMLSimpleApplication@5e4441d
reloadAllAccessors: .Differential

===========================================================================================
----------------- testing Mon Apr 15 04:01:31 UTC 2019 /home/travis/build/icyphy/ptII/ptolemy/actor/lib/test/auto/Director.xml
----------------- Instantiating /home/travis/build/icyphy/ptII/ptolemy/actor/lib/test/auto/Director.xml
2 ms. Memory: 881664K Free: 633018K (72%)
----------------- Invoking toplevel() on ptolemy.moml.MoMLSimpleApplication@239fb3cf
----------------- Done invoking toplevel() on ptolemy.moml.MoMLSimpleApplication@239fb3cf
reloadAllAccessors: .Director

===========================================================================================
----------------- testing Mon Apr 15 04:01:31 UTC 2019 /home/travis/build/icyphy/ptII/ptolemy/actor/lib/test/auto/DiscreteClock.xml
----------------- Instantiating /home/travis/build/icyphy/ptII/ptolemy/actor/lib/test/auto/DiscreteClock.xml
1 ms. Memory: 881664K Free: 622607K (71%)
----------------- Invoking toplevel() on ptolemy.moml.MoMLSimpleApplication@51783ddf
----------------- Done invoking toplevel() on ptolemy.moml.MoMLSimpleApplication@51783ddf
reloadAllAccessors: .DiscreteClock

===========================================================================================
----------------- testing Mon Apr 15 04:01:31 UTC 2019 /home/travis/build/icyphy/ptII/ptolemy/actor/lib/test/auto/DiscreteClock10.xml
----------------- Instantiating /home/travis/build/icyphy/ptII/ptolemy/actor/lib/test/auto/DiscreteClock10.xml
2 ms. Memory: 881664K Free: 612197K (69%)
----------------- Invoking toplevel() on ptolemy.moml.MoMLSimpleApplication@18b72c85
----------------- Done invoking toplevel() on ptolemy.moml.MoMLSimpleApplication@18b72c85
reloadAllAccessors: .DiscreteClock10

===========================================================================================
----------------- testing Mon Apr 15 04:01:31 UTC 2019 /home/travis/build/icyphy/ptII/ptolemy/actor/lib/test/auto/DiscreteClock11.xml
----------------- Instantiating /home/travis/build/icyphy/ptII/ptolemy/actor/lib/test/auto/DiscreteClock11.xml
2 ms. Memory: 881664K Free: 594171K (67%)
----------------- Invoking toplevel() on ptolemy.moml.MoMLSimpleApplication@62fcffb9
----------------- Done invoking toplevel() on ptolemy.moml.MoMLSimpleApplication@62fcffb9
reloadAllAccessors: .DiscreteClock11

===========================================================================================
----------------- testing Mon Apr 15 04:01:31 UTC 2019 /home/travis/build/icyphy/ptII/ptolemy/actor/lib/test/auto/DiscreteClock12.xml
----------------- Instantiating /home/travis/build/icyphy/ptII/ptolemy/actor/lib/test/auto/DiscreteClock12.xml
2 ms. Memory: 881664K Free: 583761K (66%)
----------------- Invoking toplevel() on ptolemy.moml.MoMLSimpleApplication@3dff4f
----------------- Done invoking toplevel() on ptolemy.moml.MoMLSimpleApplication@3dff4f
reloadAllAccessors: .DiscreteClock12

===========================================================================================
----------------- testing Mon Apr 15 04:01:31 UTC 2019 /home/travis/build/icyphy/ptII/ptolemy/actor/lib/test/auto/DiscreteClock13.xml
----------------- Instantiating /home/travis/build/icyphy/ptII/ptolemy/actor/lib/test/auto/DiscreteClock13.xml
1 ms. Memory: 881664K Free: 573350K (65%)
----------------- Invoking toplevel() on ptolemy.moml.MoMLSimpleApplication@3097b171
----------------- Done invoking toplevel() on ptolemy.moml.MoMLSimpleApplication@3097b171
reloadAllAccessors: .DiscreteClock13

===========================================================================================
----------------- testing Mon Apr 15 04:01:31 UTC 2019 /home/travis/build/icyphy/ptII/ptolemy/actor/lib/test/auto/DiscreteClock14.xml
----------------- Instantiating /home/travis/build/icyphy/ptII/ptolemy/actor/lib/test/auto/DiscreteClock14.xml
2 ms. Memory: 881664K Free: 555325K (63%)
----------------- Invoking toplevel() on ptolemy.moml.MoMLSimpleApplication@4ed202ed
----------------- Done invoking toplevel() on ptolemy.moml.MoMLSimpleApplication@4ed202ed
reloadAllAccessors: .DiscreteClock14

===========================================================================================
----------------- testing Mon Apr 15 04:01:31 UTC 2019 /home/travis/build/icyphy/ptII/ptolemy/actor/lib/test/auto/DiscreteClock15.xml
----------------- Instantiating /home/travis/build/icyphy/ptII/ptolemy/actor/lib/test/auto/DiscreteClock15.xml
2 ms. Memory: 881664K Free: 544914K (62%)
----------------- Invoking toplevel() on ptolemy.moml.MoMLSimpleApplication@3878349d
----------------- Done invoking toplevel() on ptolemy.moml.MoMLSimpleApplication@3878349d
reloadAllAccessors: .DiscreteClock15

===========================================================================================
----------------- testing Mon Apr 15 04:01:31 UTC 2019 /home/travis/build/icyphy/ptII/ptolemy/actor/lib/test/auto/DiscreteClock16.xml
----------------- Instantiating /home/travis/build/icyphy/ptII/ptolemy/actor/lib/test/auto/DiscreteClock16.xml
13 ms. Memory: 881664K Free: 529298K (60%)
----------------- Invoking toplevel() on ptolemy.moml.MoMLSimpleApplication@251326ba
----------------- Done invoking toplevel() on ptolemy.moml.MoMLSimpleApplication@251326ba
reloadAllAccessors: .DiscreteClock16

===========================================================================================
----------------- testing Mon Apr 15 04:01:31 UTC 2019 /home/travis/build/icyphy/ptII/ptolemy/actor/lib/test/auto/DiscreteClock17.xml
----------------- Instantiating /home/travis/build/icyphy/ptII/ptolemy/actor/lib/test/auto/DiscreteClock17.xml
10 ms. Memory: 881664K Free: 506067K (57%)
----------------- Invoking toplevel() on ptolemy.moml.MoMLSimpleApplication@24e9ae37
----------------- Done invoking toplevel() on ptolemy.moml.MoMLSimpleApplication@24e9ae37
reloadAllAccessors: .DiscreteClock17

===========================================================================================
----------------- testing Mon Apr 15 04:01:31 UTC 2019 /home/travis/build/icyphy/ptII/ptolemy/actor/lib/test/auto/DiscreteClock18.xml
----------------- Instantiating /home/travis/build/icyphy/ptII/ptolemy/actor/lib/test/auto/DiscreteClock18.xml
13 ms. Memory: 881664K Free: 490435K (56%)
----------------- Invoking toplevel() on ptolemy.moml.MoMLSimpleApplication@3af0c95f
----------------- Done invoking toplevel() on ptolemy.moml.MoMLSimpleApplication@3af0c95f
reloadAllAccessors: .DiscreteClock18

===========================================================================================
----------------- testing Mon Apr 15 04:01:31 UTC 2019 /home/travis/build/icyphy/ptII/ptolemy/actor/lib/test/auto/DiscreteClock19.xml
----------------- Instantiating /home/travis/build/icyphy/ptII/ptolemy/actor/lib/test/auto/DiscreteClock19.xml
23 ms. Memory: 881664K Free: 474803K (54%)
----------------- Invoking toplevel() on ptolemy.moml.MoMLSimpleApplication@7a333a63
----------------- Done invoking toplevel() on ptolemy.moml.MoMLSimpleApplication@7a333a63
reloadAllAccessors: .DiscreteClock19

===========================================================================================
----------------- testing Mon Apr 15 04:01:31 UTC 2019 /home/travis/build/icyphy/ptII/ptolemy/actor/lib/test/auto/DiscreteClock2.xml
----------------- Instantiating /home/travis/build/icyphy/ptII/ptolemy/actor/lib/test/auto/DiscreteClock2.xml
6 ms. Memory: 881664K Free: 464392K (53%)
----------------- Invoking toplevel() on ptolemy.moml.MoMLSimpleApplication@12cb6bde
----------------- Done invoking toplevel() on ptolemy.moml.MoMLSimpleApplication@12cb6bde
reloadAllAccessors: .DiscreteClock2

===========================================================================================
----------------- testing Mon Apr 15 04:01:31 UTC 2019 /home/travis/build/icyphy/ptII/ptolemy/actor/lib/test/auto/DiscreteClock20.xml
----------------- Instantiating /home/travis/build/icyphy/ptII/ptolemy/actor/lib/test/auto/DiscreteClock20.xml
10 ms. Memory: 881664K Free: 446367K (51%)
----------------- Invoking toplevel() on ptolemy.moml.MoMLSimpleApplication@654501e6
----------------- Done invoking toplevel() on ptolemy.moml.MoMLSimpleApplication@654501e6
reloadAllAccessors: .DiscreteClock20

===========================================================================================
----------------- testing Mon Apr 15 04:01:31 UTC 2019 /home/travis/build/icyphy/ptII/ptolemy/actor/lib/test/auto/DiscreteClock21.xml
----------------- Instantiating /home/travis/build/icyphy/ptII/ptolemy/actor/lib/test/auto/DiscreteClock21.xml
7 ms. Memory: 881664K Free: 435956K (49%)
----------------- Invoking toplevel() on ptolemy.moml.MoMLSimpleApplication@6a8f9b7c
----------------- Done invoking toplevel() on ptolemy.moml.MoMLSimpleApplication@6a8f9b7c
reloadAllAccessors: .DiscreteClock21

===========================================================================================
----------------- testing Mon Apr 15 04:01:31 UTC 2019 /home/travis/build/icyphy/ptII/ptolemy/actor/lib/test/auto/DiscreteClock22.xml
----------------- Instantiating /home/travis/build/icyphy/ptII/ptolemy/actor/lib/test/auto/DiscreteClock22.xml
8 ms. Memory: 881664K Free: 425546K (48%)
----------------- Invoking toplevel() on ptolemy.moml.MoMLSimpleApplication@2af398e7
----------------- Done invoking toplevel() on ptolemy.moml.MoMLSimpleApplication@2af398e7
reloadAllAccessors: .DiscreteClock22

===========================================================================================
----------------- testing Mon Apr 15 04:01:31 UTC 2019 /home/travis/build/icyphy/ptII/ptolemy/actor/lib/test/auto/DiscreteClock23.xml
----------------- Instantiating /home/travis/build/icyphy/ptII/ptolemy/actor/lib/test/auto/DiscreteClock23.xml
472 ms. Memory: 881664K Free: 1330598K (151%)
----------------- Invoking toplevel() on ptolemy.moml.MoMLSimpleApplication@74d0edc
----------------- Done invoking toplevel() on ptolemy.moml.MoMLSimpleApplication@74d0edc
reloadAllAccessors: .DiscreteClock23

===========================================================================================
----------------- testing Mon Apr 15 04:01:31 UTC 2019 /home/travis/build/icyphy/ptII/ptolemy/actor/lib/test/auto/DiscreteClock24.xml
----------------- Instantiating /home/travis/build/icyphy/ptII/ptolemy/actor/lib/test/auto/DiscreteClock24.xml
6 ms. Memory: 1368064K Free: 1295102K (95%)
----------------- Invoking toplevel() on ptolemy.moml.MoMLSimpleApplication@6812d7b3
----------------- Done invoking toplevel() on ptolemy.moml.MoMLSimpleApplication@6812d7b3
reloadAllAccessors: .DiscreteClock24

===========================================================================================
----------------- testing Mon Apr 15 04:01:32 UTC 2019 /home/travis/build/icyphy/ptII/ptolemy/actor/lib/test/auto/DiscreteClock4.xml
----------------- Instantiating /home/travis/build/icyphy/ptII/ptolemy/actor/lib/test/auto/DiscreteClock4.xml
3 ms. Memory: 1368064K Free: 1282609K (94%)
----------------- Invoking toplevel() on ptolemy.moml.MoMLSimpleApplication@74927319
----------------- Done invoking toplevel() on ptolemy.moml.MoMLSimpleApplication@74927319
reloadAllAccessors: .DiscreteClock4

===========================================================================================
----------------- testing Mon Apr 15 04:01:32 UTC 2019 /home/travis/build/icyphy/ptII/ptolemy/actor/lib/test/auto/DiscreteClock5.xml
----------------- Instantiating /home/travis/build/icyphy/ptII/ptolemy/actor/lib/test/auto/DiscreteClock5.xml
1 ms. Memory: 1368064K Free: 1270116K (93%)
----------------- Invoking toplevel() on ptolemy.moml.MoMLSimpleApplication@199bd4e6
----------------- Done invoking toplevel() on ptolemy.moml.MoMLSimpleApplication@199bd4e6
reloadAllAccessors: .DiscreteClock5

===========================================================================================
----------------- testing Mon Apr 15 04:01:32 UTC 2019 /home/travis/build/icyphy/ptII/ptolemy/actor/lib/test/auto/DiscreteClock6.xml
----------------- Instantiating /home/travis/build/icyphy/ptII/ptolemy/actor/lib/test/auto/DiscreteClock6.xml
2 ms. Memory: 1368064K Free: 1257623K (92%)
----------------- Invoking toplevel() on ptolemy.moml.MoMLSimpleApplication@9dfb17c
----------------- Done invoking toplevel() on ptolemy.moml.MoMLSimpleApplication@9dfb17c
reloadAllAccessors: .DiscreteClock6

===========================================================================================
----------------- testing Mon Apr 15 04:01:32 UTC 2019 /home/travis/build/icyphy/ptII/ptolemy/actor/lib/test/auto/DiscreteClock7.xml
----------------- Instantiating /home/travis/build/icyphy/ptII/ptolemy/actor/lib/test/auto/DiscreteClock7.xml
2 ms. Memory: 1368064K Free: 1235733K (90%)
----------------- Invoking toplevel() on ptolemy.moml.MoMLSimpleApplication@6f17f3d9
----------------- Done invoking toplevel() on ptolemy.moml.MoMLSimpleApplication@6f17f3d9
reloadAllAccessors: .DiscreteClock7

===========================================================================================
----------------- testing Mon Apr 15 04:01:32 UTC 2019 /home/travis/build/icyphy/ptII/ptolemy/actor/lib/test/auto/DiscreteClock8.xml
----------------- Instantiating /home/travis/build/icyphy/ptII/ptolemy/actor/lib/test/auto/DiscreteClock8.xml
6 ms. Memory: 1368064K Free: 1223240K (89%)
----------------- Invoking toplevel() on ptolemy.moml.MoMLSimpleApplication@257badc5
----------------- Done invoking toplevel() on ptolemy.moml.MoMLSimpleApplication@257badc5
reloadAllAccessors: .DiscreteClock8

===========================================================================================
----------------- testing Mon Apr 15 04:01:32 UTC 2019 /home/travis/build/icyphy/ptII/ptolemy/actor/lib/test/auto/DiscreteClock9.xml
----------------- Instantiating /home/travis/build/icyphy/ptII/ptolemy/actor/lib/test/auto/DiscreteClock9.xml
6 ms. Memory: 1368064K Free: 1210747K (89%)
----------------- Invoking toplevel() on ptolemy.moml.MoMLSimpleApplication@66b663df
----------------- Done invoking toplevel() on ptolemy.moml.MoMLSimpleApplication@66b663df
reloadAllAccessors: .DiscreteClock9

===========================================================================================
----------------- testing Mon Apr 15 04:01:32 UTC 2019 /home/travis/build/icyphy/ptII/ptolemy/actor/lib/test/auto/DisplayArray.xml
----------------- Instantiating /home/travis/build/icyphy/ptII/ptolemy/actor/lib/test/auto/DisplayArray.xml
2 ms. Memory: 1368064K Free: 1188858K (87%)
----------------- Invoking toplevel() on ptolemy.moml.MoMLSimpleApplication@60eec320
----------------- Done invoking toplevel() on ptolemy.moml.MoMLSimpleApplication@60eec320
reloadAllAccessors: .DisplayArray

===========================================================================================
----------------- testing Mon Apr 15 04:01:32 UTC 2019 /home/travis/build/icyphy/ptII/ptolemy/actor/lib/test/auto/Distributor.xml
----------------- Instantiating /home/travis/build/icyphy/ptII/ptolemy/actor/lib/test/auto/Distributor.xml
2 ms. Memory: 1368064K Free: 1176365K (86%)
----------------- Invoking toplevel() on ptolemy.moml.MoMLSimpleApplication@48b121be
----------------- Done invoking toplevel() on ptolemy.moml.MoMLSimpleApplication@48b121be
reloadAllAccessors: .Distributor

===========================================================================================
----------------- testing Mon Apr 15 04:01:32 UTC 2019 /home/travis/build/icyphy/ptII/ptolemy/actor/lib/test/auto/Distributor2.xml
----------------- Instantiating /home/travis/build/icyphy/ptII/ptolemy/actor/lib/test/auto/Distributor2.xml
2 ms. Memory: 1368064K Free: 1163872K (85%)
----------------- Invoking toplevel() on ptolemy.moml.MoMLSimpleApplication@c64db2e
----------------- Done invoking toplevel() on ptolemy.moml.MoMLSimpleApplication@c64db2e
reloadAllAccessors: .Distributor2

===========================================================================================
----------------- testing Mon Apr 15 04:01:32 UTC 2019 /home/travis/build/icyphy/ptII/ptolemy/actor/lib/test/auto/DownSample.xml
----------------- Instantiating /home/travis/build/icyphy/ptII/ptolemy/actor/lib/test/auto/DownSample.xml
2 ms. Memory: 1368064K Free: 1151379K (84%)
----------------- Invoking toplevel() on ptolemy.moml.MoMLSimpleApplication@6200beeb
----------------- Done invoking toplevel() on ptolemy.moml.MoMLSimpleApplication@6200beeb
reloadAllAccessors: .DownSample

===========================================================================================
----------------- testing Mon Apr 15 04:01:32 UTC 2019 /home/travis/build/icyphy/ptII/ptolemy/actor/lib/test/auto/ElectronicUnitBase1.xml
----------------- Instantiating /home/travis/build/icyphy/ptII/ptolemy/actor/lib/test/auto/ElectronicUnitBase1.xml
25 ms. Memory: 1368064K Free: 1116973K (82%)
----------------- Invoking toplevel() on ptolemy.moml.MoMLSimpleApplication@329432a8
----------------- Done invoking toplevel() on ptolemy.moml.MoMLSimpleApplication@329432a8
reloadAllAccessors: .ElectronicUnitBase1

===========================================================================================
----------------- testing Mon Apr 15 04:01:32 UTC 2019 /home/travis/build/icyphy/ptII/ptolemy/actor/lib/test/auto/ElementsToArray.xml
----------------- Instantiating /home/travis/build/icyphy/ptII/ptolemy/actor/lib/test/auto/ElementsToArray.xml
4 ms. Memory: 1368064K Free: 1104480K (81%)
----------------- Invoking toplevel() on ptolemy.moml.MoMLSimpleApplication@561d8c88
----------------- Done invoking toplevel() on ptolemy.moml.MoMLSimpleApplication@561d8c88
reloadAllAccessors: .ElementsToArray

===========================================================================================
----------------- testing Mon Apr 15 04:01:32 UTC 2019 /home/travis/build/icyphy/ptII/ptolemy/actor/lib/test/auto/Equals.xml
----------------- Instantiating /home/travis/build/icyphy/ptII/ptolemy/actor/lib/test/auto/Equals.xml
2 ms. Memory: 1368064K Free: 1091987K (80%)
----------------- Invoking toplevel() on ptolemy.moml.MoMLSimpleApplication@6139989e
----------------- Done invoking toplevel() on ptolemy.moml.MoMLSimpleApplication@6139989e
reloadAllAccessors: .Equals

===========================================================================================
----------------- testing Mon Apr 15 04:01:32 UTC 2019 /home/travis/build/icyphy/ptII/ptolemy/actor/lib/test/auto/Exec.xml
----------------- Instantiating /home/travis/build/icyphy/ptII/ptolemy/actor/lib/test/auto/Exec.xml
16 ms. Memory: 1368064K Free: 1060754K (78%)
----------------- Invoking toplevel() on ptolemy.moml.MoMLSimpleApplication@5030e068
----------------- Done invoking toplevel() on ptolemy.moml.MoMLSimpleApplication@5030e068
reloadAllAccessors: .Exec

===========================================================================================
----------------- testing Mon Apr 15 04:01:32 UTC 2019 /home/travis/build/icyphy/ptII/ptolemy/actor/lib/test/auto/ExecEnvironment.xml
----------------- Instantiating /home/travis/build/icyphy/ptII/ptolemy/actor/lib/test/auto/ExecEnvironment.xml
26 ms. Memory: 1368064K Free: 1038865K (76%)
----------------- Invoking toplevel() on ptolemy.moml.MoMLSimpleApplication@1257dac1
----------------- Done invoking toplevel() on ptolemy.moml.MoMLSimpleApplication@1257dac1
reloadAllAccessors: .ExecEnvironment

===========================================================================================
----------------- testing Mon Apr 15 04:01:32 UTC 2019 /home/travis/build/icyphy/ptII/ptolemy/actor/lib/test/auto/ExecNonZeroReturnOutput.xml
----------------- Instantiating /home/travis/build/icyphy/ptII/ptolemy/actor/lib/test/auto/ExecNonZeroReturnOutput.xml
122 ms. Memory: 1368064K Free: 945168K (69%)
----------------- Invoking toplevel() on ptolemy.moml.MoMLSimpleApplication@1104cc8a
----------------- Done invoking toplevel() on ptolemy.moml.MoMLSimpleApplication@1104cc8a
reloadAllAccessors: .ExecNonZeroReturnOutput

===========================================================================================
----------------- testing Mon Apr 15 04:01:32 UTC 2019 /home/travis/build/icyphy/ptII/ptolemy/actor/lib/test/auto/ExecRunDemos.xml
----------------- Instantiating /home/travis/build/icyphy/ptII/ptolemy/actor/lib/test/auto/ExecRunDemos.xml
Finished: 41 ms. Memory: 116224K Free: 100560K (87%)

Finished: 54 ms. Memory: 116224K Free: 97677K (84%)

Finished: 87 ms. Memory: 116224K Free: 98219K (85%)

Finished: 39 ms. Memory: 116224K Free: 99544K (86%)

Finished: 37 ms. Memory: 116224K Free: 100658K (87%)

9124 ms. Memory: 1368064K Free: 857700K (63%)
----------------- Invoking toplevel() on ptolemy.moml.MoMLSimpleApplication@6b9a1adb
----------------- Done invoking toplevel() on ptolemy.moml.MoMLSimpleApplication@6b9a1adb
reloadAllAccessors: .ExecRunDemos

===========================================================================================
----------------- testing Mon Apr 15 04:01:41 UTC 2019 /home/travis/build/icyphy/ptII/ptolemy/actor/lib/test/auto/ExecStop.xml
----------------- Instantiating /home/travis/build/icyphy/ptII/ptolemy/actor/lib/test/auto/ExecStop.xml
5011 ms. Memory: 1368064K Free: 614090K (45%)
----------------- Invoking toplevel() on ptolemy.moml.MoMLSimpleApplication@6babc260
----------------- Done invoking toplevel() on ptolemy.moml.MoMLSimpleApplication@6babc260
reloadAllAccessors: .ExecStop

===========================================================================================
----------------- testing Mon Apr 15 04:01:46 UTC 2019 /home/travis/build/icyphy/ptII/ptolemy/actor/lib/test/auto/ExecutionTimeSDF.xml
----------------- Instantiating /home/travis/build/icyphy/ptII/ptolemy/actor/lib/test/auto/ExecutionTimeSDF.xml
Fired ExecutionTime: -2062567296
Fired ExecutionTime: 995600000
Fired ExecutionTime: -1669367296
6004 ms. Memory: 1368064K Free: 585937K (43%)
----------------- Invoking toplevel() on ptolemy.moml.MoMLSimpleApplication@27bc0707
----------------- Done invoking toplevel() on ptolemy.moml.MoMLSimpleApplication@27bc0707
reloadAllAccessors: .ExecutionTimeSDF

===========================================================================================
----------------- testing Mon Apr 15 04:01:52 UTC 2019 /home/travis/build/icyphy/ptII/ptolemy/actor/lib/test/auto/Expression1.xml
----------------- Instantiating /home/travis/build/icyphy/ptII/ptolemy/actor/lib/test/auto/Expression1.xml
1 ms. Memory: 1368064K Free: 573445K (42%)
----------------- Invoking toplevel() on ptolemy.moml.MoMLSimpleApplication@2dde5525
----------------- Done invoking toplevel() on ptolemy.moml.MoMLSimpleApplication@2dde5525
reloadAllAccessors: .Expression1

===========================================================================================
----------------- testing Mon Apr 15 04:01:52 UTC 2019 /home/travis/build/icyphy/ptII/ptolemy/actor/lib/test/auto/Expression10.xml
----------------- Instantiating /home/travis/build/icyphy/ptII/ptolemy/actor/lib/test/auto/Expression10.xml
5 ms. Memory: 1368064K Free: 560952K (41%)
----------------- Invoking toplevel() on ptolemy.moml.MoMLSimpleApplication@2b1d1349
----------------- Done invoking toplevel() on ptolemy.moml.MoMLSimpleApplication@2b1d1349
reloadAllAccessors: .Expression10

===========================================================================================
----------------- testing Mon Apr 15 04:01:52 UTC 2019 /home/travis/build/icyphy/ptII/ptolemy/actor/lib/test/auto/Expression11.xml
----------------- Instantiating /home/travis/build/icyphy/ptII/ptolemy/actor/lib/test/auto/Expression11.xml
1 ms. Memory: 1368064K Free: 548459K (40%)
----------------- Invoking toplevel() on ptolemy.moml.MoMLSimpleApplication@4691e2ff
----------------- Done invoking toplevel() on ptolemy.moml.MoMLSimpleApplication@4691e2ff
reloadAllAccessors: .Expression11

===========================================================================================
----------------- testing Mon Apr 15 04:01:52 UTC 2019 /home/travis/build/icyphy/ptII/ptolemy/actor/lib/test/auto/Expression12.xml
----------------- Instantiating /home/travis/build/icyphy/ptII/ptolemy/actor/lib/test/auto/Expression12.xml
3 ms. Memory: 1368064K Free: 535966K (39%)
----------------- Invoking toplevel() on ptolemy.moml.MoMLSimpleApplication@2039d327
----------------- Done invoking toplevel() on ptolemy.moml.MoMLSimpleApplication@2039d327
reloadAllAccessors: .Expression12

===========================================================================================
----------------- testing Mon Apr 15 04:01:52 UTC 2019 /home/travis/build/icyphy/ptII/ptolemy/actor/lib/test/auto/Expression13.xml
----------------- Instantiating /home/travis/build/icyphy/ptII/ptolemy/actor/lib/test/auto/Expression13.xml
3 ms. Memory: 1368064K Free: 514076K (38%)
----------------- Invoking toplevel() on ptolemy.moml.MoMLSimpleApplication@10c32dba
----------------- Done invoking toplevel() on ptolemy.moml.MoMLSimpleApplication@10c32dba
reloadAllAccessors: .Expression13

===========================================================================================
----------------- testing Mon Apr 15 04:01:52 UTC 2019 /home/travis/build/icyphy/ptII/ptolemy/actor/lib/test/auto/Expression14.xml
----------------- Instantiating /home/travis/build/icyphy/ptII/ptolemy/actor/lib/test/auto/Expression14.xml
4 ms. Memory: 1368064K Free: 501583K (37%)
----------------- Invoking toplevel() on ptolemy.moml.MoMLSimpleApplication@4fba0e69
----------------- Done invoking toplevel() on ptolemy.moml.MoMLSimpleApplication@4fba0e69
reloadAllAccessors: .Expression14

===========================================================================================
----------------- testing Mon Apr 15 04:01:52 UTC 2019 /home/travis/build/icyphy/ptII/ptolemy/actor/lib/test/auto/Expression15.xml
----------------- Instantiating /home/travis/build/icyphy/ptII/ptolemy/actor/lib/test/auto/Expression15.xml
2 ms. Memory: 1368064K Free: 489090K (36%)
----------------- Invoking toplevel() on ptolemy.moml.MoMLSimpleApplication@1c672adc
----------------- Done invoking toplevel() on ptolemy.moml.MoMLSimpleApplication@1c672adc
reloadAllAccessors: .Expression15

===========================================================================================
----------------- testing Mon Apr 15 04:01:52 UTC 2019 /home/travis/build/icyphy/ptII/ptolemy/actor/lib/test/auto/Expression16.xml
----------------- Instantiating /home/travis/build/icyphy/ptII/ptolemy/actor/lib/test/auto/Expression16.xml
3 ms. Memory: 1368064K Free: 476597K (35%)
----------------- Invoking toplevel() on ptolemy.moml.MoMLSimpleApplication@5e3601a9
----------------- Done invoking toplevel() on ptolemy.moml.MoMLSimpleApplication@5e3601a9
reloadAllAccessors: .Expression16

===========================================================================================
----------------- testing Mon Apr 15 04:01:52 UTC 2019 /home/travis/build/icyphy/ptII/ptolemy/actor/lib/test/auto/Expression17.xml
----------------- Instantiating /home/travis/build/icyphy/ptII/ptolemy/actor/lib/test/auto/Expression17.xml
3 ms. Memory: 1368064K Free: 454708K (33%)
----------------- Invoking toplevel() on ptolemy.moml.MoMLSimpleApplication@20c4f1c5
----------------- Done invoking toplevel() on ptolemy.moml.MoMLSimpleApplication@20c4f1c5
reloadAllAccessors: .Expression17

===========================================================================================
----------------- testing Mon Apr 15 04:01:52 UTC 2019 /home/travis/build/icyphy/ptII/ptolemy/actor/lib/test/auto/Expression18.xml
----------------- Instantiating /home/travis/build/icyphy/ptII/ptolemy/actor/lib/test/auto/Expression18.xml
2 ms. Memory: 1368064K Free: 442215K (32%)
----------------- Invoking toplevel() on ptolemy.moml.MoMLSimpleApplication@77df4c49
----------------- Done invoking toplevel() on ptolemy.moml.MoMLSimpleApplication@77df4c49
reloadAllAccessors: .Expression18

===========================================================================================
----------------- testing Mon Apr 15 04:01:53 UTC 2019 /home/travis/build/icyphy/ptII/ptolemy/actor/lib/test/auto/Expression2.xml
----------------- Instantiating /home/travis/build/icyphy/ptII/ptolemy/actor/lib/test/auto/Expression2.xml
3 ms. Memory: 1368064K Free: 429722K (31%)
----------------- Invoking toplevel() on ptolemy.moml.MoMLSimpleApplication@452ba03a
----------------- Done invoking toplevel() on ptolemy.moml.MoMLSimpleApplication@452ba03a
reloadAllAccessors: .Expression2

===========================================================================================
----------------- testing Mon Apr 15 04:01:53 UTC 2019 /home/travis/build/icyphy/ptII/ptolemy/actor/lib/test/auto/Expression3.xml
----------------- Instantiating /home/travis/build/icyphy/ptII/ptolemy/actor/lib/test/auto/Expression3.xml
3 ms. Memory: 1368064K Free: 417229K (30%)
----------------- Invoking toplevel() on ptolemy.moml.MoMLSimpleApplication@39d293b1
----------------- Done invoking toplevel() on ptolemy.moml.MoMLSimpleApplication@39d293b1
reloadAllAccessors: .Expression3

===========================================================================================
----------------- testing Mon Apr 15 04:01:53 UTC 2019 /home/travis/build/icyphy/ptII/ptolemy/actor/lib/test/auto/Expression4.xml
----------------- Instantiating /home/travis/build/icyphy/ptII/ptolemy/actor/lib/test/auto/Expression4.xml
6 ms. Memory: 1368064K Free: 395339K (29%)
----------------- Invoking toplevel() on ptolemy.moml.MoMLSimpleApplication@379eb584
----------------- Done invoking toplevel() on ptolemy.moml.MoMLSimpleApplication@379eb584
reloadAllAccessors: .Expression4

===========================================================================================
----------------- testing Mon Apr 15 04:01:53 UTC 2019 /home/travis/build/icyphy/ptII/ptolemy/actor/lib/test/auto/Expression5.xml
----------------- Instantiating /home/travis/build/icyphy/ptII/ptolemy/actor/lib/test/auto/Expression5.xml
6 ms. Memory: 1368064K Free: 382846K (28%)
----------------- Invoking toplevel() on ptolemy.moml.MoMLSimpleApplication@6ce19b6e
----------------- Done invoking toplevel() on ptolemy.moml.MoMLSimpleApplication@6ce19b6e
reloadAllAccessors: .Expression5

===========================================================================================
----------------- testing Mon Apr 15 04:01:53 UTC 2019 /home/travis/build/icyphy/ptII/ptolemy/actor/lib/test/auto/Expression6.xml
----------------- Instantiating /home/travis/build/icyphy/ptII/ptolemy/actor/lib/test/auto/Expression6.xml
3 ms. Memory: 1368064K Free: 370354K (27%)
----------------- Invoking toplevel() on ptolemy.moml.MoMLSimpleApplication@79cca50e
----------------- Done invoking toplevel() on ptolemy.moml.MoMLSimpleApplication@79cca50e
reloadAllAccessors: .Expression6

===========================================================================================
----------------- testing Mon Apr 15 04:01:53 UTC 2019 /home/travis/build/icyphy/ptII/ptolemy/actor/lib/test/auto/Expression7.xml
----------------- Instantiating /home/travis/build/icyphy/ptII/ptolemy/actor/lib/test/auto/Expression7.xml
3 ms. Memory: 1368064K Free: 357861K (26%)
----------------- Invoking toplevel() on ptolemy.moml.MoMLSimpleApplication@45c6988
----------------- Done invoking toplevel() on ptolemy.moml.MoMLSimpleApplication@45c6988
reloadAllAccessors: .Expression7

===========================================================================================
----------------- testing Mon Apr 15 04:01:53 UTC 2019 /home/travis/build/icyphy/ptII/ptolemy/actor/lib/test/auto/Expression8.xml
----------------- Instantiating /home/travis/build/icyphy/ptII/ptolemy/actor/lib/test/auto/Expression8.xml
8 ms. Memory: 1368064K Free: 335971K (25%)
----------------- Invoking toplevel() on ptolemy.moml.MoMLSimpleApplication@d83e502
----------------- Done invoking toplevel() on ptolemy.moml.MoMLSimpleApplication@d83e502
reloadAllAccessors: .Expression8

===========================================================================================
----------------- testing Mon Apr 15 04:01:53 UTC 2019 /home/travis/build/icyphy/ptII/ptolemy/actor/lib/test/auto/Expression9.xml
----------------- Instantiating /home/travis/build/icyphy/ptII/ptolemy/actor/lib/test/auto/Expression9.xml
1 ms. Memory: 1368064K Free: 323478K (24%)
----------------- Invoking toplevel() on ptolemy.moml.MoMLSimpleApplication@5ce71654
----------------- Done invoking toplevel() on ptolemy.moml.MoMLSimpleApplication@5ce71654
reloadAllAccessors: .Expression9

===========================================================================================
----------------- testing Mon Apr 15 04:01:53 UTC 2019 /home/travis/build/icyphy/ptII/ptolemy/actor/lib/test/auto/ExpressionConcatenateArrayType.xml
----------------- Instantiating /home/travis/build/icyphy/ptII/ptolemy/actor/lib/test/auto/ExpressionConcatenateArrayType.xml
3 ms. Memory: 1368064K Free: 310985K (23%)
----------------- Invoking toplevel() on ptolemy.moml.MoMLSimpleApplication@dc8e9f8
----------------- Done invoking toplevel() on ptolemy.moml.MoMLSimpleApplication@dc8e9f8
reloadAllAccessors: .ExpressionConcatenateArrayType

===========================================================================================
----------------- testing Mon Apr 15 04:01:53 UTC 2019 /home/travis/build/icyphy/ptII/ptolemy/actor/lib/test/auto/ExpressionConcatenateArrayType2.xml
----------------- Instantiating /home/travis/build/icyphy/ptII/ptolemy/actor/lib/test/auto/ExpressionConcatenateArrayType2.xml
2 ms. Memory: 1368064K Free: 298492K (22%)
----------------- Invoking toplevel() on ptolemy.moml.MoMLSimpleApplication@3ac09982
----------------- Done invoking toplevel() on ptolemy.moml.MoMLSimpleApplication@3ac09982
reloadAllAccessors: .ExpressionConcatenateArrayType2

===========================================================================================
----------------- testing Mon Apr 15 04:01:53 UTC 2019 /home/travis/build/icyphy/ptII/ptolemy/actor/lib/test/auto/ExpressionFix.xml
----------------- Instantiating /home/travis/build/icyphy/ptII/ptolemy/actor/lib/test/auto/ExpressionFix.xml
20 ms. Memory: 1368064K Free: 276602K (20%)
----------------- Invoking toplevel() on ptolemy.moml.MoMLSimpleApplication@157a3361
----------------- Done invoking toplevel() on ptolemy.moml.MoMLSimpleApplication@157a3361
reloadAllAccessors: .ExpressionFix

===========================================================================================
----------------- testing Mon Apr 15 04:01:53 UTC 2019 /home/travis/build/icyphy/ptII/ptolemy/actor/lib/test/auto/ExpressionFix2.xml
----------------- Instantiating /home/travis/build/icyphy/ptII/ptolemy/actor/lib/test/auto/ExpressionFix2.xml
5 ms. Memory: 1368064K Free: 264109K (19%)
----------------- Invoking toplevel() on ptolemy.moml.MoMLSimpleApplication@7b9724b1
----------------- Done invoking toplevel() on ptolemy.moml.MoMLSimpleApplication@7b9724b1
reloadAllAccessors: .ExpressionFix2

===========================================================================================
----------------- testing Mon Apr 15 04:01:53 UTC 2019 /home/travis/build/icyphy/ptII/ptolemy/actor/lib/test/auto/ExpressionFix3.xml
----------------- Instantiating /home/travis/build/icyphy/ptII/ptolemy/actor/lib/test/auto/ExpressionFix3.xml
3 ms. Memory: 1368064K Free: 251616K (18%)
----------------- Invoking toplevel() on ptolemy.moml.MoMLSimpleApplication@617c21f3
----------------- Done invoking toplevel() on ptolemy.moml.MoMLSimpleApplication@617c21f3
reloadAllAccessors: .ExpressionFix3

===========================================================================================
----------------- testing Mon Apr 15 04:01:53 UTC 2019 /home/travis/build/icyphy/ptII/ptolemy/actor/lib/test/auto/FileWriter1.xml
----------------- Instantiating /home/travis/build/icyphy/ptII/ptolemy/actor/lib/test/auto/FileWriter1.xml
3 ms. Memory: 1368064K Free: 239123K (17%)
----------------- Invoking toplevel() on ptolemy.moml.MoMLSimpleApplication@5596fa51
----------------- Done invoking toplevel() on ptolemy.moml.MoMLSimpleApplication@5596fa51
reloadAllAccessors: .FileWriter1

===========================================================================================
----------------- testing Mon Apr 15 04:01:53 UTC 2019 /home/travis/build/icyphy/ptII/ptolemy/actor/lib/test/auto/FileWriter2.xml
----------------- Instantiating /home/travis/build/icyphy/ptII/ptolemy/actor/lib/test/auto/FileWriter2.xml
4 ms. Memory: 1368064K Free: 217234K (16%)
----------------- Invoking toplevel() on ptolemy.moml.MoMLSimpleApplication@498e22e9
----------------- Done invoking toplevel() on ptolemy.moml.MoMLSimpleApplication@498e22e9
reloadAllAccessors: .FileWriter2

===========================================================================================
----------------- testing Mon Apr 15 04:01:53 UTC 2019 /home/travis/build/icyphy/ptII/ptolemy/actor/lib/test/auto/FileWriter3.xml
----------------- Instantiating /home/travis/build/icyphy/ptII/ptolemy/actor/lib/test/auto/FileWriter3.xml
2 ms. Memory: 1368064K Free: 204741K (15%)
----------------- Invoking toplevel() on ptolemy.moml.MoMLSimpleApplication@43896408
----------------- Done invoking toplevel() on ptolemy.moml.MoMLSimpleApplication@43896408
reloadAllAccessors: .FileWriter3

===========================================================================================
----------------- testing Mon Apr 15 04:01:53 UTC 2019 /home/travis/build/icyphy/ptII/ptolemy/actor/lib/test/auto/Gaussian.xml
----------------- Instantiating /home/travis/build/icyphy/ptII/ptolemy/actor/lib/test/auto/Gaussian.xml
3 ms. Memory: 1368064K Free: 192248K (14%)
----------------- Invoking toplevel() on ptolemy.moml.MoMLSimpleApplication@42402de5
----------------- Done invoking toplevel() on ptolemy.moml.MoMLSimpleApplication@42402de5
reloadAllAccessors: .Gaussian

===========================================================================================
----------------- testing Mon Apr 15 04:01:53 UTC 2019 /home/travis/build/icyphy/ptII/ptolemy/actor/lib/test/auto/Gaussian1.xml
----------------- Instantiating /home/travis/build/icyphy/ptII/ptolemy/actor/lib/test/auto/Gaussian1.xml
8 ms. Memory: 1368064K Free: 179755K (13%)
----------------- Invoking toplevel() on ptolemy.moml.MoMLSimpleApplication@1fb2e199
----------------- Done invoking toplevel() on ptolemy.moml.MoMLSimpleApplication@1fb2e199
reloadAllAccessors: .Gaussian1

===========================================================================================
----------------- testing Mon Apr 15 04:01:53 UTC 2019 /home/travis/build/icyphy/ptII/ptolemy/actor/lib/test/auto/Gaussian2.xml
----------------- Instantiating /home/travis/build/icyphy/ptII/ptolemy/actor/lib/test/auto/Gaussian2.xml
4 ms. Memory: 1368064K Free: 157865K (12%)
----------------- Invoking toplevel() on ptolemy.moml.MoMLSimpleApplication@355e1302
----------------- Done invoking toplevel() on ptolemy.moml.MoMLSimpleApplication@355e1302
reloadAllAccessors: .Gaussian2

===========================================================================================
----------------- testing Mon Apr 15 04:01:53 UTC 2019 /home/travis/build/icyphy/ptII/ptolemy/actor/lib/test/auto/GradientAdaptiveLattice.xml
----------------- Instantiating /home/travis/build/icyphy/ptII/ptolemy/actor/lib/test/auto/GradientAdaptiveLattice.xml
3 ms. Memory: 1368064K Free: 145372K (11%)
----------------- Invoking toplevel() on ptolemy.moml.MoMLSimpleApplication@1c3b7a75
----------------- Done invoking toplevel() on ptolemy.moml.MoMLSimpleApplication@1c3b7a75
reloadAllAccessors: .GradientAdaptiveLattice

===========================================================================================
----------------- testing Mon Apr 15 04:01:53 UTC 2019 /home/travis/build/icyphy/ptII/ptolemy/actor/lib/test/auto/IIR.xml
----------------- Instantiating /home/travis/build/icyphy/ptII/ptolemy/actor/lib/test/auto/IIR.xml
1 ms. Memory: 1368064K Free: 132879K (10%)
----------------- Invoking toplevel() on ptolemy.moml.MoMLSimpleApplication@7c014067
----------------- Done invoking toplevel() on ptolemy.moml.MoMLSimpleApplication@7c014067
reloadAllAccessors: .IIR

===========================================================================================
----------------- testing Mon Apr 15 04:01:53 UTC 2019 /home/travis/build/icyphy/ptII/ptolemy/actor/lib/test/auto/InputOutputTransparentPorts.xml
----------------- Instantiating /home/travis/build/icyphy/ptII/ptolemy/actor/lib/test/auto/InputOutputTransparentPorts.xml
3 ms. Memory: 1368064K Free: 120387K (9%)
----------------- Invoking toplevel() on ptolemy.moml.MoMLSimpleApplication@4ca0a14e
----------------- Done invoking toplevel() on ptolemy.moml.MoMLSimpleApplication@4ca0a14e
reloadAllAccessors: .InputOutputTransparentPorts

===========================================================================================
----------------- testing Mon Apr 15 04:01:53 UTC 2019 /home/travis/build/icyphy/ptII/ptolemy/actor/lib/test/auto/Interpolator.xml
----------------- Instantiating /home/travis/build/icyphy/ptII/ptolemy/actor/lib/test/auto/Interpolator.xml
4 ms. Memory: 1368064K Free: 107894K (8%)
----------------- Invoking toplevel() on ptolemy.moml.MoMLSimpleApplication@66e859e3
----------------- Done invoking toplevel() on ptolemy.moml.MoMLSimpleApplication@66e859e3
reloadAllAccessors: .Interpolator

===========================================================================================
----------------- testing Mon Apr 15 04:01:53 UTC 2019 /home/travis/build/icyphy/ptII/ptolemy/actor/lib/test/auto/InterpolatorFiringLimitDE.xml
----------------- Instantiating /home/travis/build/icyphy/ptII/ptolemy/actor/lib/test/auto/InterpolatorFiringLimitDE.xml
2 ms. Memory: 1368064K Free: 86004K (6%)
----------------- Invoking toplevel() on ptolemy.moml.MoMLSimpleApplication@1691637
----------------- Done invoking toplevel() on ptolemy.moml.MoMLSimpleApplication@1691637
reloadAllAccessors: .InterpolatorFiringLimitDE

===========================================================================================
----------------- testing Mon Apr 15 04:01:53 UTC 2019 /home/travis/build/icyphy/ptII/ptolemy/actor/lib/test/auto/Lattice.xml
----------------- Instantiating /home/travis/build/icyphy/ptII/ptolemy/actor/lib/test/auto/Lattice.xml
9 ms. Memory: 1368064K Free: 1323696K (97%)
----------------- Invoking toplevel() on ptolemy.moml.MoMLSimpleApplication@1c4feef0
----------------- Done invoking toplevel() on ptolemy.moml.MoMLSimpleApplication@1c4feef0
reloadAllAccessors: .Lattice

===========================================================================================
----------------- testing Mon Apr 15 04:01:53 UTC 2019 /home/travis/build/icyphy/ptII/ptolemy/actor/lib/test/auto/LazyAOCTestLazy.xml
----------------- Instantiating /home/travis/build/icyphy/ptII/ptolemy/actor/lib/test/auto/LazyAOCTestLazy.xml
25 ms. Memory: 1368064K Free: 1301117K (95%)
----------------- Invoking toplevel() on ptolemy.moml.MoMLSimpleApplication@5dee811e
----------------- Done invoking toplevel() on ptolemy.moml.MoMLSimpleApplication@5dee811e
reloadAllAccessors: .LazyAOCTestLazy

===========================================================================================
----------------- testing Mon Apr 15 04:01:53 UTC 2019 /home/travis/build/icyphy/ptII/ptolemy/actor/lib/test/auto/LazyAOCTestNonLazy.xml
----------------- Instantiating /home/travis/build/icyphy/ptII/ptolemy/actor/lib/test/auto/LazyAOCTestNonLazy.xml
2 ms. Memory: 1368064K Free: 1288624K (94%)
----------------- Invoking toplevel() on ptolemy.moml.MoMLSimpleApplication@181a88f6
----------------- Done invoking toplevel() on ptolemy.moml.MoMLSimpleApplication@181a88f6
reloadAllAccessors: .LazyAOCTestNonLazy

===========================================================================================
----------------- testing Mon Apr 15 04:01:53 UTC 2019 /home/travis/build/icyphy/ptII/ptolemy/actor/lib/test/auto/LazyInnerClass.xml
----------------- Instantiating /home/travis/build/icyphy/ptII/ptolemy/actor/lib/test/auto/LazyInnerClass.xml
22 ms. Memory: 1368064K Free: 1276131K (93%)
----------------- Invoking toplevel() on ptolemy.moml.MoMLSimpleApplication@556d7e34
----------------- Done invoking toplevel() on ptolemy.moml.MoMLSimpleApplication@556d7e34
reloadAllAccessors: .LazyInnerClass

===========================================================================================
----------------- testing Mon Apr 15 04:01:53 UTC 2019 /home/travis/build/icyphy/ptII/ptolemy/actor/lib/test/auto/LazyPubSub.xml
----------------- Instantiating /home/travis/build/icyphy/ptII/ptolemy/actor/lib/test/auto/LazyPubSub.xml
9 ms. Memory: 1368064K Free: 1256566K (92%)
----------------- Invoking toplevel() on ptolemy.moml.MoMLSimpleApplication@ea64984
----------------- Done invoking toplevel() on ptolemy.moml.MoMLSimpleApplication@ea64984
reloadAllAccessors: .LazyPubSub

===========================================================================================
----------------- testing Mon Apr 15 04:01:53 UTC 2019 /home/travis/build/icyphy/ptII/ptolemy/actor/lib/test/auto/LazyPubSub2.xml
----------------- Instantiating /home/travis/build/icyphy/ptII/ptolemy/actor/lib/test/auto/LazyPubSub2.xml
10 ms. Memory: 1368064K Free: 1244073K (91%)
----------------- Invoking toplevel() on ptolemy.moml.MoMLSimpleApplication@4dcb4323
----------------- Done invoking toplevel() on ptolemy.moml.MoMLSimpleApplication@4dcb4323
reloadAllAccessors: .LazyPubSub2

===========================================================================================
----------------- testing Mon Apr 15 04:01:53 UTC 2019 /home/travis/build/icyphy/ptII/ptolemy/actor/lib/test/auto/LazyPubSub3.xml
----------------- Instantiating /home/travis/build/icyphy/ptII/ptolemy/actor/lib/test/auto/LazyPubSub3.xml
14 ms. Memory: 1368064K Free: 1231580K (90%)
----------------- Invoking toplevel() on ptolemy.moml.MoMLSimpleApplication@45c0ea7c
----------------- Done invoking toplevel() on ptolemy.moml.MoMLSimpleApplication@45c0ea7c
reloadAllAccessors: .LazyPubSub3

===========================================================================================
----------------- testing Mon Apr 15 04:01:53 UTC 2019 /home/travis/build/icyphy/ptII/ptolemy/actor/lib/test/auto/LazySubClassModel.xml
----------------- Instantiating /home/travis/build/icyphy/ptII/ptolemy/actor/lib/test/auto/LazySubClassModel.xml
2 ms. Memory: 1368064K Free: 1205862K (88%)
----------------- Invoking toplevel() on ptolemy.moml.MoMLSimpleApplication@2f770850
----------------- Done invoking toplevel() on ptolemy.moml.MoMLSimpleApplication@2f770850
reloadAllAccessors: .LazySubClassModel

===========================================================================================
----------------- testing Mon Apr 15 04:01:53 UTC 2019 /home/travis/build/icyphy/ptII/ptolemy/actor/lib/test/auto/LevelCrossTest1.xml
----------------- Instantiating /home/travis/build/icyphy/ptII/ptolemy/actor/lib/test/auto/LevelCrossTest1.xml
1 ms. Memory: 1368064K Free: 1193369K (87%)
----------------- Invoking toplevel() on ptolemy.moml.MoMLSimpleApplication@39ad4da8
----------------- Done invoking toplevel() on ptolemy.moml.MoMLSimpleApplication@39ad4da8
reloadAllAccessors: .broken

===========================================================================================
----------------- testing Mon Apr 15 04:01:53 UTC 2019 /home/travis/build/icyphy/ptII/ptolemy/actor/lib/test/auto/LevelCrossTest10.xml
----------------- Instantiating /home/travis/build/icyphy/ptII/ptolemy/actor/lib/test/auto/LevelCrossTest10.xml
1 ms. Memory: 1368064K Free: 1180876K (86%)
----------------- Invoking toplevel() on ptolemy.moml.MoMLSimpleApplication@75c9b33b
----------------- Done invoking toplevel() on ptolemy.moml.MoMLSimpleApplication@75c9b33b
reloadAllAccessors: .LevelCrossTest10

===========================================================================================
----------------- testing Mon Apr 15 04:01:53 UTC 2019 /home/travis/build/icyphy/ptII/ptolemy/actor/lib/test/auto/LevelCrossTest11.xml
----------------- Instantiating /home/travis/build/icyphy/ptII/ptolemy/actor/lib/test/auto/LevelCrossTest11.xml
2 ms. Memory: 1368064K Free: 1161420K (85%)
----------------- Invoking toplevel() on ptolemy.moml.MoMLSimpleApplication@31035c12
----------------- Done invoking toplevel() on ptolemy.moml.MoMLSimpleApplication@31035c12
reloadAllAccessors: .LevelCrossTest11

===========================================================================================
----------------- testing Mon Apr 15 04:01:53 UTC 2019 /home/travis/build/icyphy/ptII/ptolemy/actor/lib/test/auto/LevelCrossTest12.xml
----------------- Instantiating /home/travis/build/icyphy/ptII/ptolemy/actor/lib/test/auto/LevelCrossTest12.xml
1 ms. Memory: 1368064K Free: 1148927K (84%)
----------------- Invoking toplevel() on ptolemy.moml.MoMLSimpleApplication@501bd895
----------------- Done invoking toplevel() on ptolemy.moml.MoMLSimpleApplication@501bd895
reloadAllAccessors: .LevelCrossTest12

===========================================================================================
----------------- testing Mon Apr 15 04:01:53 UTC 2019 /home/travis/build/icyphy/ptII/ptolemy/actor/lib/test/auto/LevelCrossTest13.xml
----------------- Instantiating /home/travis/build/icyphy/ptII/ptolemy/actor/lib/test/auto/LevelCrossTest13.xml
1 ms. Memory: 1368064K Free: 1136434K (83%)
----------------- Invoking toplevel() on ptolemy.moml.MoMLSimpleApplication@6a383252
----------------- Done invoking toplevel() on ptolemy.moml.MoMLSimpleApplication@6a383252
reloadAllAccessors: .LevelCrossTest13

===========================================================================================
----------------- testing Mon Apr 15 04:01:53 UTC 2019 /home/travis/build/icyphy/ptII/ptolemy/actor/lib/test/auto/LevelCrossTest2.xml
----------------- Instantiating /home/travis/build/icyphy/ptII/ptolemy/actor/lib/test/auto/LevelCrossTest2.xml
1 ms. Memory: 1368064K Free: 1116978K (82%)
----------------- Invoking toplevel() on ptolemy.moml.MoMLSimpleApplication@6b172f7f
----------------- Done invoking toplevel() on ptolemy.moml.MoMLSimpleApplication@6b172f7f
reloadAllAccessors: .broken

===========================================================================================
----------------- testing Mon Apr 15 04:01:53 UTC 2019 /home/travis/build/icyphy/ptII/ptolemy/actor/lib/test/auto/LevelCrossTest3.xml
----------------- Instantiating /home/travis/build/icyphy/ptII/ptolemy/actor/lib/test/auto/LevelCrossTest3.xml
2 ms. Memory: 1368064K Free: 1096365K (80%)
----------------- Invoking toplevel() on ptolemy.moml.MoMLSimpleApplication@a72fd4
----------------- Done invoking toplevel() on ptolemy.moml.MoMLSimpleApplication@a72fd4
reloadAllAccessors: .LevelCrossTest3

===========================================================================================
----------------- testing Mon Apr 15 04:01:53 UTC 2019 /home/travis/build/icyphy/ptII/ptolemy/actor/lib/test/auto/LevelCrossTest4.xml
----------------- Instantiating /home/travis/build/icyphy/ptII/ptolemy/actor/lib/test/auto/LevelCrossTest4.xml
2 ms. Memory: 1368064K Free: 1083872K (79%)
----------------- Invoking toplevel() on ptolemy.moml.MoMLSimpleApplication@63cd7f7d
----------------- Done invoking toplevel() on ptolemy.moml.MoMLSimpleApplication@63cd7f7d
reloadAllAccessors: .broken

===========================================================================================
----------------- testing Mon Apr 15 04:01:54 UTC 2019 /home/travis/build/icyphy/ptII/ptolemy/actor/lib/test/auto/LevelCrossTest5.xml
----------------- Instantiating /home/travis/build/icyphy/ptII/ptolemy/actor/lib/test/auto/LevelCrossTest5.xml
1 ms. Memory: 1368064K Free: 1064416K (78%)
----------------- Invoking toplevel() on ptolemy.moml.MoMLSimpleApplication@296944
----------------- Done invoking toplevel() on ptolemy.moml.MoMLSimpleApplication@296944
reloadAllAccessors: .LevelCrossTest5

===========================================================================================
----------------- testing Mon Apr 15 04:01:54 UTC 2019 /home/travis/build/icyphy/ptII/ptolemy/actor/lib/test/auto/LevelCrossTest6.xml
----------------- Instantiating /home/travis/build/icyphy/ptII/ptolemy/actor/lib/test/auto/LevelCrossTest6.xml
1 ms. Memory: 1368064K Free: 1051924K (77%)
----------------- Invoking toplevel() on ptolemy.moml.MoMLSimpleApplication@186c305
----------------- Done invoking toplevel() on ptolemy.moml.MoMLSimpleApplication@186c305
reloadAllAccessors: .LevelCrossTest6

===========================================================================================
----------------- testing Mon Apr 15 04:01:54 UTC 2019 /home/travis/build/icyphy/ptII/ptolemy/actor/lib/test/auto/LevelCrossTest7.xml
----------------- Instantiating /home/travis/build/icyphy/ptII/ptolemy/actor/lib/test/auto/LevelCrossTest7.xml
1 ms. Memory: 1368064K Free: 1039431K (76%)
----------------- Invoking toplevel() on ptolemy.moml.MoMLSimpleApplication@5ea88e55
----------------- Done invoking toplevel() on ptolemy.moml.MoMLSimpleApplication@5ea88e55
reloadAllAccessors: .LevelCrossTest7

===========================================================================================
----------------- testing Mon Apr 15 04:01:54 UTC 2019 /home/travis/build/icyphy/ptII/ptolemy/actor/lib/test/auto/LevelCrossTest8.xml
----------------- Instantiating /home/travis/build/icyphy/ptII/ptolemy/actor/lib/test/auto/LevelCrossTest8.xml
1 ms. Memory: 1368064K Free: 1019975K (75%)
----------------- Invoking toplevel() on ptolemy.moml.MoMLSimpleApplication@5d9ee089
----------------- Done invoking toplevel() on ptolemy.moml.MoMLSimpleApplication@5d9ee089
reloadAllAccessors: .LevelCrossTest8

===========================================================================================
----------------- testing Mon Apr 15 04:01:54 UTC 2019 /home/travis/build/icyphy/ptII/ptolemy/actor/lib/test/auto/LevelCrossTest9.xml
----------------- Instantiating /home/travis/build/icyphy/ptII/ptolemy/actor/lib/test/auto/LevelCrossTest9.xml
1 ms. Memory: 1368064K Free: 1007482K (74%)
----------------- Invoking toplevel() on ptolemy.moml.MoMLSimpleApplication@6815ab65
----------------- Done invoking toplevel() on ptolemy.moml.MoMLSimpleApplication@6815ab65
reloadAllAccessors: .LevelCrossTest9

===========================================================================================
----------------- testing Mon Apr 15 04:01:54 UTC 2019 /home/travis/build/icyphy/ptII/ptolemy/actor/lib/test/auto/LevinsonDurbin.xml
----------------- Instantiating /home/travis/build/icyphy/ptII/ptolemy/actor/lib/test/auto/LevinsonDurbin.xml
1 ms. Memory: 1368064K Free: 994989K (73%)
----------------- Invoking toplevel() on ptolemy.moml.MoMLSimpleApplication@528f300e
----------------- Done invoking toplevel() on ptolemy.moml.MoMLSimpleApplication@528f300e
reloadAllAccessors: .LevinsonDurbin

===========================================================================================
----------------- testing Mon Apr 15 04:01:54 UTC 2019 /home/travis/build/icyphy/ptII/ptolemy/actor/lib/test/auto/LevinsonDurbin2.xml
----------------- Instantiating /home/travis/build/icyphy/ptII/ptolemy/actor/lib/test/auto/LevinsonDurbin2.xml
2 ms. Memory: 1368064K Free: 975533K (71%)
----------------- Invoking toplevel() on ptolemy.moml.MoMLSimpleApplication@67e55e64
----------------- Done invoking toplevel() on ptolemy.moml.MoMLSimpleApplication@67e55e64
reloadAllAccessors: .LevinsonDurbin2

===========================================================================================
----------------- testing Mon Apr 15 04:01:54 UTC 2019 /home/travis/build/icyphy/ptII/ptolemy/actor/lib/test/auto/LevinsonDurbin3.xml
----------------- Instantiating /home/travis/build/icyphy/ptII/ptolemy/actor/lib/test/auto/LevinsonDurbin3.xml
2 ms. Memory: 1368064K Free: 963040K (70%)
----------------- Invoking toplevel() on ptolemy.moml.MoMLSimpleApplication@609411b8
----------------- Done invoking toplevel() on ptolemy.moml.MoMLSimpleApplication@609411b8
reloadAllAccessors: .LevinsonDurbin3

===========================================================================================
----------------- testing Mon Apr 15 04:01:54 UTC 2019 /home/travis/build/icyphy/ptII/ptolemy/actor/lib/test/auto/Limiter.xml
----------------- Instantiating /home/travis/build/icyphy/ptII/ptolemy/actor/lib/test/auto/Limiter.xml
4 ms. Memory: 1368064K Free: 950547K (69%)
----------------- Invoking toplevel() on ptolemy.moml.MoMLSimpleApplication@2c063d86
----------------- Done invoking toplevel() on ptolemy.moml.MoMLSimpleApplication@2c063d86
reloadAllAccessors: .Limiter

===========================================================================================
----------------- testing Mon Apr 15 04:01:54 UTC 2019 /home/travis/build/icyphy/ptII/ptolemy/actor/lib/test/auto/LinearDifferenceEquationSystem.xml
----------------- Instantiating /home/travis/build/icyphy/ptII/ptolemy/actor/lib/test/auto/LinearDifferenceEquationSystem.xml
3 ms. Memory: 1368064K Free: 931092K (68%)
----------------- Invoking toplevel() on ptolemy.moml.MoMLSimpleApplication@19ffe495
----------------- Done invoking toplevel() on ptolemy.moml.MoMLSimpleApplication@19ffe495
reloadAllAccessors: .LinearDifferenceEquationSystem

===========================================================================================
----------------- testing Mon Apr 15 04:01:54 UTC 2019 /home/travis/build/icyphy/ptII/ptolemy/actor/lib/test/auto/LookupTable.xml
----------------- Instantiating /home/travis/build/icyphy/ptII/ptolemy/actor/lib/test/auto/LookupTable.xml
4 ms. Memory: 1368064K Free: 918599K (67%)
----------------- Invoking toplevel() on ptolemy.moml.MoMLSimpleApplication@995faa8
----------------- Done invoking toplevel() on ptolemy.moml.MoMLSimpleApplication@995faa8
reloadAllAccessors: .LookupTable

===========================================================================================
----------------- testing Mon Apr 15 04:01:54 UTC 2019 /home/travis/build/icyphy/ptII/ptolemy/actor/lib/test/auto/MathFunction.xml
----------------- Instantiating /home/travis/build/icyphy/ptII/ptolemy/actor/lib/test/auto/MathFunction.xml
1 ms. Memory: 1368064K Free: 906106K (66%)
----------------- Invoking toplevel() on ptolemy.moml.MoMLSimpleApplication@4c39a268
----------------- Done invoking toplevel() on ptolemy.moml.MoMLSimpleApplication@4c39a268
reloadAllAccessors: .MathFunction

===========================================================================================
----------------- testing Mon Apr 15 04:01:54 UTC 2019 /home/travis/build/icyphy/ptII/ptolemy/actor/lib/test/auto/MathFunction2.xml
----------------- Instantiating /home/travis/build/icyphy/ptII/ptolemy/actor/lib/test/auto/MathFunction2.xml
1 ms. Memory: 1368064K Free: 886650K (65%)
----------------- Invoking toplevel() on ptolemy.moml.MoMLSimpleApplication@15c9fe68
----------------- Done invoking toplevel() on ptolemy.moml.MoMLSimpleApplication@15c9fe68
reloadAllAccessors: .MathFunction2

===========================================================================================
----------------- testing Mon Apr 15 04:01:54 UTC 2019 /home/travis/build/icyphy/ptII/ptolemy/actor/lib/test/auto/MathFunction3.xml
----------------- Instantiating /home/travis/build/icyphy/ptII/ptolemy/actor/lib/test/auto/MathFunction3.xml
6 ms. Memory: 1368064K Free: 874157K (64%)
----------------- Invoking toplevel() on ptolemy.moml.MoMLSimpleApplication@6415044c
----------------- Done invoking toplevel() on ptolemy.moml.MoMLSimpleApplication@6415044c
reloadAllAccessors: .MathFunction3

===========================================================================================
----------------- testing Mon Apr 15 04:01:54 UTC 2019 /home/travis/build/icyphy/ptII/ptolemy/actor/lib/test/auto/MatrixCropBoolean.xml
----------------- Instantiating /home/travis/build/icyphy/ptII/ptolemy/actor/lib/test/auto/MatrixCropBoolean.xml
2 ms. Memory: 1368064K Free: 861664K (63%)
----------------- Invoking toplevel() on ptolemy.moml.MoMLSimpleApplication@7c15bc2b
----------------- Done invoking toplevel() on ptolemy.moml.MoMLSimpleApplication@7c15bc2b
reloadAllAccessors: .MatrixCropBoolean

===========================================================================================
----------------- testing Mon Apr 15 04:01:54 UTC 2019 /home/travis/build/icyphy/ptII/ptolemy/actor/lib/test/auto/MatrixCropComplex.xml
----------------- Instantiating /home/travis/build/icyphy/ptII/ptolemy/actor/lib/test/auto/MatrixCropComplex.xml
2 ms. Memory: 1368064K Free: 842208K (62%)
----------------- Invoking toplevel() on ptolemy.moml.MoMLSimpleApplication@5d00fda6
----------------- Done invoking toplevel() on ptolemy.moml.MoMLSimpleApplication@5d00fda6
reloadAllAccessors: .MatrixCropComplex

===========================================================================================
----------------- testing Mon Apr 15 04:01:54 UTC 2019 /home/travis/build/icyphy/ptII/ptolemy/actor/lib/test/auto/MatrixCropDouble.xml
----------------- Instantiating /home/travis/build/icyphy/ptII/ptolemy/actor/lib/test/auto/MatrixCropDouble.xml
1 ms. Memory: 1368064K Free: 829715K (61%)
----------------- Invoking toplevel() on ptolemy.moml.MoMLSimpleApplication@1b9135a2
----------------- Done invoking toplevel() on ptolemy.moml.MoMLSimpleApplication@1b9135a2
reloadAllAccessors: .MatrixCropDouble

===========================================================================================
----------------- testing Mon Apr 15 04:01:54 UTC 2019 /home/travis/build/icyphy/ptII/ptolemy/actor/lib/test/auto/MatrixCropFix.xml
----------------- Instantiating /home/travis/build/icyphy/ptII/ptolemy/actor/lib/test/auto/MatrixCropFix.xml
2 ms. Memory: 1368064K Free: 817222K (60%)
----------------- Invoking toplevel() on ptolemy.moml.MoMLSimpleApplication@65f7ef45
----------------- Done invoking toplevel() on ptolemy.moml.MoMLSimpleApplication@65f7ef45
reloadAllAccessors: .MatrixCropFix

===========================================================================================
----------------- testing Mon Apr 15 04:01:54 UTC 2019 /home/travis/build/icyphy/ptII/ptolemy/actor/lib/test/auto/MatrixCropInt.xml
----------------- Instantiating /home/travis/build/icyphy/ptII/ptolemy/actor/lib/test/auto/MatrixCropInt.xml
1 ms. Memory: 1368064K Free: 797766K (58%)
----------------- Invoking toplevel() on ptolemy.moml.MoMLSimpleApplication@193149c6
----------------- Done invoking toplevel() on ptolemy.moml.MoMLSimpleApplication@193149c6
reloadAllAccessors: .MatrixCropInt

===========================================================================================
----------------- testing Mon Apr 15 04:01:54 UTC 2019 /home/travis/build/icyphy/ptII/ptolemy/actor/lib/test/auto/MatrixCropLong.xml
----------------- Instantiating /home/travis/build/icyphy/ptII/ptolemy/actor/lib/test/auto/MatrixCropLong.xml
2 ms. Memory: 1368064K Free: 785274K (57%)
----------------- Invoking toplevel() on ptolemy.moml.MoMLSimpleApplication@7b761019
----------------- Done invoking toplevel() on ptolemy.moml.MoMLSimpleApplication@7b761019
reloadAllAccessors: .MatrixCropLong

===========================================================================================
----------------- testing Mon Apr 15 04:01:54 UTC 2019 /home/travis/build/icyphy/ptII/ptolemy/actor/lib/test/auto/MatrixToArray.xml
----------------- Instantiating /home/travis/build/icyphy/ptII/ptolemy/actor/lib/test/auto/MatrixToArray.xml
5 ms. Memory: 1368064K Free: 760280K (56%)
----------------- Invoking toplevel() on ptolemy.moml.MoMLSimpleApplication@6e9e2781
----------------- Done invoking toplevel() on ptolemy.moml.MoMLSimpleApplication@6e9e2781
reloadAllAccessors: .MatrixToArray

===========================================================================================
----------------- testing Mon Apr 15 04:01:54 UTC 2019 /home/travis/build/icyphy/ptII/ptolemy/actor/lib/test/auto/MaxIndex.xml
----------------- Instantiating /home/travis/build/icyphy/ptII/ptolemy/actor/lib/test/auto/MaxIndex.xml
2 ms. Memory: 1368064K Free: 740824K (54%)
----------------- Invoking toplevel() on ptolemy.moml.MoMLSimpleApplication@26a3c543
----------------- Done invoking toplevel() on ptolemy.moml.MoMLSimpleApplication@26a3c543
reloadAllAccessors: .MaxIndex

===========================================================================================
----------------- testing Mon Apr 15 04:01:54 UTC 2019 /home/travis/build/icyphy/ptII/ptolemy/actor/lib/test/auto/Maximum.xml
----------------- Instantiating /home/travis/build/icyphy/ptII/ptolemy/actor/lib/test/auto/Maximum.xml
3 ms. Memory: 1368064K Free: 728331K (53%)
----------------- Invoking toplevel() on ptolemy.moml.MoMLSimpleApplication@2f1318b5
----------------- Done invoking toplevel() on ptolemy.moml.MoMLSimpleApplication@2f1318b5
reloadAllAccessors: .Maximum

===========================================================================================
----------------- testing Mon Apr 15 04:01:54 UTC 2019 /home/travis/build/icyphy/ptII/ptolemy/actor/lib/test/auto/MaximumComplex.xml
----------------- Instantiating /home/travis/build/icyphy/ptII/ptolemy/actor/lib/test/auto/MaximumComplex.xml
4 ms. Memory: 1368064K Free: 715838K (52%)
----------------- Invoking toplevel() on ptolemy.moml.MoMLSimpleApplication@69c4e337
----------------- Done invoking toplevel() on ptolemy.moml.MoMLSimpleApplication@69c4e337
reloadAllAccessors: .MaximumComplex

===========================================================================================
----------------- testing Mon Apr 15 04:01:54 UTC 2019 /home/travis/build/icyphy/ptII/ptolemy/actor/lib/test/auto/MethodCallTest.xml
----------------- Instantiating /home/travis/build/icyphy/ptII/ptolemy/actor/lib/test/auto/MethodCallTest.xml
1 ms. Memory: 1368064K Free: 696382K (51%)
----------------- Invoking toplevel() on ptolemy.moml.MoMLSimpleApplication@2de07da0
----------------- Done invoking toplevel() on ptolemy.moml.MoMLSimpleApplication@2de07da0
reloadAllAccessors: .MethodCallTest

===========================================================================================
----------------- testing Mon Apr 15 04:01:54 UTC 2019 /home/travis/build/icyphy/ptII/ptolemy/actor/lib/test/auto/Minimum.xml
----------------- Instantiating /home/travis/build/icyphy/ptII/ptolemy/actor/lib/test/auto/Minimum.xml
2 ms. Memory: 1368064K Free: 683889K (50%)
----------------- Invoking toplevel() on ptolemy.moml.MoMLSimpleApplication@5ab74d0c
----------------- Done invoking toplevel() on ptolemy.moml.MoMLSimpleApplication@5ab74d0c
reloadAllAccessors: .Minimum

===========================================================================================
----------------- testing Mon Apr 15 04:01:54 UTC 2019 /home/travis/build/icyphy/ptII/ptolemy/actor/lib/test/auto/MinimumComplex.xml
----------------- Instantiating /home/travis/build/icyphy/ptII/ptolemy/actor/lib/test/auto/MinimumComplex.xml
3 ms. Memory: 1368064K Free: 671397K (49%)
----------------- Invoking toplevel() on ptolemy.moml.MoMLSimpleApplication@7db1bbc7
----------------- Done invoking toplevel() on ptolemy.moml.MoMLSimpleApplication@7db1bbc7
reloadAllAccessors: .MinimumComplex

===========================================================================================
----------------- testing Mon Apr 15 04:01:54 UTC 2019 /home/travis/build/icyphy/ptII/ptolemy/actor/lib/test/auto/MinimumMultiports.xml
----------------- Instantiating /home/travis/build/icyphy/ptII/ptolemy/actor/lib/test/auto/MinimumMultiports.xml
4 ms. Memory: 1368064K Free: 651941K (48%)
----------------- Invoking toplevel() on ptolemy.moml.MoMLSimpleApplication@507dbb4f
----------------- Done invoking toplevel() on ptolemy.moml.MoMLSimpleApplication@507dbb4f
reloadAllAccessors: .MinimumMultiports

===========================================================================================
----------------- testing Mon Apr 15 04:01:54 UTC 2019 /home/travis/build/icyphy/ptII/ptolemy/actor/lib/test/auto/ModifyDate.xml
----------------- Instantiating /home/travis/build/icyphy/ptII/ptolemy/actor/lib/test/auto/ModifyDate.xml
6 ms. Memory: 1368064K Free: 633186K (46%)
----------------- Invoking toplevel() on ptolemy.moml.MoMLSimpleApplication@140a275f
----------------- Done invoking toplevel() on ptolemy.moml.MoMLSimpleApplication@140a275f
reloadAllAccessors: .ModifyDate

===========================================================================================
----------------- testing Mon Apr 15 04:01:54 UTC 2019 /home/travis/build/icyphy/ptII/ptolemy/actor/lib/test/auto/ModifyDate2.xml
----------------- Instantiating /home/travis/build/icyphy/ptII/ptolemy/actor/lib/test/auto/ModifyDate2.xml
3 ms. Memory: 1368064K Free: 607483K (44%)
----------------- Invoking toplevel() on ptolemy.moml.MoMLSimpleApplication@23df18ae
----------------- Done invoking toplevel() on ptolemy.moml.MoMLSimpleApplication@23df18ae
reloadAllAccessors: .ModifyDate2

===========================================================================================
----------------- testing Mon Apr 15 04:01:54 UTC 2019 /home/travis/build/icyphy/ptII/ptolemy/actor/lib/test/auto/MovingAverage.xml
----------------- Instantiating /home/travis/build/icyphy/ptII/ptolemy/actor/lib/test/auto/MovingAverage.xml
2 ms. Memory: 1368064K Free: 594991K (43%)
----------------- Invoking toplevel() on ptolemy.moml.MoMLSimpleApplication@287c1eb3
----------------- Done invoking toplevel() on ptolemy.moml.MoMLSimpleApplication@287c1eb3
reloadAllAccessors: .MovingAverage

===========================================================================================
----------------- testing Mon Apr 15 04:01:54 UTC 2019 /home/travis/build/icyphy/ptII/ptolemy/actor/lib/test/auto/MovingMaximum.xml
----------------- Instantiating /home/travis/build/icyphy/ptII/ptolemy/actor/lib/test/auto/MovingMaximum.xml
1 ms. Memory: 1368064K Free: 582498K (43%)
----------------- Invoking toplevel() on ptolemy.moml.MoMLSimpleApplication@5f79d4c6
----------------- Done invoking toplevel() on ptolemy.moml.MoMLSimpleApplication@5f79d4c6
reloadAllAccessors: .MovingMaximum

===========================================================================================
----------------- testing Mon Apr 15 04:01:54 UTC 2019 /home/travis/build/icyphy/ptII/ptolemy/actor/lib/test/auto/MultipleLinksToSameRelation.xml
----------------- Instantiating /home/travis/build/icyphy/ptII/ptolemy/actor/lib/test/auto/MultipleLinksToSameRelation.xml
2 ms. Memory: 1368064K Free: 563042K (41%)
----------------- Invoking toplevel() on ptolemy.moml.MoMLSimpleApplication@4459bc9e
----------------- Done invoking toplevel() on ptolemy.moml.MoMLSimpleApplication@4459bc9e
reloadAllAccessors: .MultipleLinksToSameRelation

===========================================================================================
----------------- testing Mon Apr 15 04:01:54 UTC 2019 /home/travis/build/icyphy/ptII/ptolemy/actor/lib/test/auto/MultipleLinksToSameRelationDE.xml
----------------- Instantiating /home/travis/build/icyphy/ptII/ptolemy/actor/lib/test/auto/MultipleLinksToSameRelationDE.xml
2 ms. Memory: 1368064K Free: 550549K (40%)
----------------- Invoking toplevel() on ptolemy.moml.MoMLSimpleApplication@111ced20
----------------- Done invoking toplevel() on ptolemy.moml.MoMLSimpleApplication@111ced20
reloadAllAccessors: .MultipleLinksToSameRelationDE

===========================================================================================
----------------- testing Mon Apr 15 04:01:54 UTC 2019 /home/travis/build/icyphy/ptII/ptolemy/actor/lib/test/auto/Multiplexor.xml
----------------- Instantiating /home/travis/build/icyphy/ptII/ptolemy/actor/lib/test/auto/Multiplexor.xml
1 ms. Memory: 1368064K Free: 538056K (39%)
----------------- Invoking toplevel() on ptolemy.moml.MoMLSimpleApplication@3d87fe0d
----------------- Done invoking toplevel() on ptolemy.moml.MoMLSimpleApplication@3d87fe0d
reloadAllAccessors: .Multiplexor

===========================================================================================
----------------- testing Mon Apr 15 04:01:54 UTC 2019 /home/travis/build/icyphy/ptII/ptolemy/actor/lib/test/auto/Multiplexor1.xml
----------------- Instantiating /home/travis/build/icyphy/ptII/ptolemy/actor/lib/test/auto/Multiplexor1.xml
2 ms. Memory: 1368064K Free: 518600K (38%)
----------------- Invoking toplevel() on ptolemy.moml.MoMLSimpleApplication@6e6856e9
----------------- Done invoking toplevel() on ptolemy.moml.MoMLSimpleApplication@6e6856e9
reloadAllAccessors: .Multiplexor1

===========================================================================================
----------------- testing Mon Apr 15 04:01:54 UTC 2019 /home/travis/build/icyphy/ptII/ptolemy/actor/lib/test/auto/Multiplexor2.xml
----------------- Instantiating /home/travis/build/icyphy/ptII/ptolemy/actor/lib/test/auto/Multiplexor2.xml
4 ms. Memory: 1368064K Free: 506107K (37%)
----------------- Invoking toplevel() on ptolemy.moml.MoMLSimpleApplication@588c765c
----------------- Done invoking toplevel() on ptolemy.moml.MoMLSimpleApplication@588c765c
reloadAllAccessors: .Multiplexor2

===========================================================================================
----------------- testing Mon Apr 15 04:01:54 UTC 2019 /home/travis/build/icyphy/ptII/ptolemy/actor/lib/test/auto/Multiplexor3.xml
----------------- Instantiating /home/travis/build/icyphy/ptII/ptolemy/actor/lib/test/auto/Multiplexor3.xml
1 ms. Memory: 1368064K Free: 493615K (36%)
----------------- Invoking toplevel() on ptolemy.moml.MoMLSimpleApplication@7e5012f
----------------- Done invoking toplevel() on ptolemy.moml.MoMLSimpleApplication@7e5012f
reloadAllAccessors: .Multiplexor3

===========================================================================================
----------------- testing Mon Apr 15 04:01:54 UTC 2019 /home/travis/build/icyphy/ptII/ptolemy/actor/lib/test/auto/MultiplexorDE.xml
----------------- Instantiating /home/travis/build/icyphy/ptII/ptolemy/actor/lib/test/auto/MultiplexorDE.xml
3 ms. Memory: 1368064K Free: 474159K (35%)
----------------- Invoking toplevel() on ptolemy.moml.MoMLSimpleApplication@126fac86
----------------- Done invoking toplevel() on ptolemy.moml.MoMLSimpleApplication@126fac86
reloadAllAccessors: .MultiplexorDE

===========================================================================================
----------------- testing Mon Apr 15 04:01:54 UTC 2019 /home/travis/build/icyphy/ptII/ptolemy/actor/lib/test/auto/MultiportBroadcastTest.xml
----------------- Instantiating /home/travis/build/icyphy/ptII/ptolemy/actor/lib/test/auto/MultiportBroadcastTest.xml
86 ms. Memory: 1368064K Free: 461666K (34%)
----------------- Invoking toplevel() on ptolemy.moml.MoMLSimpleApplication@7517bbdf
----------------- Done invoking toplevel() on ptolemy.moml.MoMLSimpleApplication@7517bbdf
reloadAllAccessors: .MultiportBroadcastTest

===========================================================================================
----------------- testing Mon Apr 15 04:01:54 UTC 2019 /home/travis/build/icyphy/ptII/ptolemy/actor/lib/test/auto/MultiportOutHangDuringGetWidth.xml
----------------- Instantiating /home/travis/build/icyphy/ptII/ptolemy/actor/lib/test/auto/MultiportOutHangDuringGetWidth.xml
5 ms. Memory: 1368064K Free: 442927K (32%)
----------------- Invoking toplevel() on ptolemy.moml.MoMLSimpleApplication@406a3462
----------------- Done invoking toplevel() on ptolemy.moml.MoMLSimpleApplication@406a3462
reloadAllAccessors: .MultiportOutHangDuringGetWidth

===========================================================================================
----------------- testing Mon Apr 15 04:01:54 UTC 2019 /home/travis/build/icyphy/ptII/ptolemy/actor/lib/test/auto/NilToken.xml
----------------- Instantiating /home/travis/build/icyphy/ptII/ptolemy/actor/lib/test/auto/NilToken.xml
1 ms. Memory: 1368064K Free: 423471K (31%)
----------------- Invoking toplevel() on ptolemy.moml.MoMLSimpleApplication@48d21b7e
----------------- Done invoking toplevel() on ptolemy.moml.MoMLSimpleApplication@48d21b7e
reloadAllAccessors: .NilToken

===========================================================================================
----------------- testing Mon Apr 15 04:01:54 UTC 2019 /home/travis/build/icyphy/ptII/ptolemy/actor/lib/test/auto/NilTokenNonStrictTest.xml
----------------- Instantiating /home/travis/build/icyphy/ptII/ptolemy/actor/lib/test/auto/NilTokenNonStrictTest.xml
2 ms. Memory: 1368064K Free: 410978K (30%)
----------------- Invoking toplevel() on ptolemy.moml.MoMLSimpleApplication@c7c04b8
----------------- Done invoking toplevel() on ptolemy.moml.MoMLSimpleApplication@c7c04b8
reloadAllAccessors: .NilTokenNonStrictTest

===========================================================================================
----------------- testing Mon Apr 15 04:01:54 UTC 2019 /home/travis/build/icyphy/ptII/ptolemy/actor/lib/test/auto/NilTokenRecord.xml
----------------- Instantiating /home/travis/build/icyphy/ptII/ptolemy/actor/lib/test/auto/NilTokenRecord.xml
5 ms. Memory: 1368064K Free: 398485K (29%)
----------------- Invoking toplevel() on ptolemy.moml.MoMLSimpleApplication@1d6fa422
----------------- Done invoking toplevel() on ptolemy.moml.MoMLSimpleApplication@1d6fa422
reloadAllAccessors: .NilTokenRecord

===========================================================================================
----------------- testing Mon Apr 15 04:01:55 UTC 2019 /home/travis/build/icyphy/ptII/ptolemy/actor/lib/test/auto/NilTokenTypeTest.xml
----------------- Instantiating /home/travis/build/icyphy/ptII/ptolemy/actor/lib/test/auto/NilTokenTypeTest.xml
12 ms. Memory: 1368064K Free: 372767K (27%)
----------------- Invoking toplevel() on ptolemy.moml.MoMLSimpleApplication@a99ef97
----------------- Done invoking toplevel() on ptolemy.moml.MoMLSimpleApplication@a99ef97
reloadAllAccessors: .NilTokenTypeTest

===========================================================================================
----------------- testing Mon Apr 15 04:01:55 UTC 2019 /home/travis/build/icyphy/ptII/ptolemy/actor/lib/test/auto/ObjectToken1.xml
----------------- Instantiating /home/travis/build/icyphy/ptII/ptolemy/actor/lib/test/auto/ObjectToken1.xml
2 ms. Memory: 1368064K Free: 360274K (26%)
----------------- Invoking toplevel() on ptolemy.moml.MoMLSimpleApplication@534ce2a6
----------------- Done invoking toplevel() on ptolemy.moml.MoMLSimpleApplication@534ce2a6
reloadAllAccessors: .ObjectToken1

===========================================================================================
----------------- testing Mon Apr 15 04:01:55 UTC 2019 /home/travis/build/icyphy/ptII/ptolemy/actor/lib/test/auto/OrderedMerge.xml
----------------- Instantiating /home/travis/build/icyphy/ptII/ptolemy/actor/lib/test/auto/OrderedMerge.xml
5 ms. Memory: 1368064K Free: 322795K (24%)
----------------- Invoking toplevel() on ptolemy.moml.MoMLSimpleApplication@9ba3cac
----------------- Done invoking toplevel() on ptolemy.moml.MoMLSimpleApplication@9ba3cac
reloadAllAccessors: .OrderedMerge

===========================================================================================
----------------- testing Mon Apr 15 04:01:55 UTC 2019 /home/travis/build/icyphy/ptII/ptolemy/actor/lib/test/auto/OrderedRecordDisassembler.xml
----------------- Instantiating /home/travis/build/icyphy/ptII/ptolemy/actor/lib/test/auto/OrderedRecordDisassembler.xml
3 ms. Memory: 1368064K Free: 303339K (22%)
----------------- Invoking toplevel() on ptolemy.moml.MoMLSimpleApplication@515d7ade
----------------- Done invoking toplevel() on ptolemy.moml.MoMLSimpleApplication@515d7ade
reloadAllAccessors: .OrderedRecordDisassembler

===========================================================================================
----------------- testing Mon Apr 15 04:01:55 UTC 2019 /home/travis/build/icyphy/ptII/ptolemy/actor/lib/test/auto/OrderedRecordDisassembler2.xml
----------------- Instantiating /home/travis/build/icyphy/ptII/ptolemy/actor/lib/test/auto/OrderedRecordDisassembler2.xml
3 ms. Memory: 1368064K Free: 290847K (21%)
----------------- Invoking toplevel() on ptolemy.moml.MoMLSimpleApplication@497b1f1
----------------- Done invoking toplevel() on ptolemy.moml.MoMLSimpleApplication@497b1f1
reloadAllAccessors: .OrderedRecordDisassembler2

===========================================================================================
----------------- testing Mon Apr 15 04:01:55 UTC 2019 /home/travis/build/icyphy/ptII/ptolemy/actor/lib/test/auto/OrderedRecordUpdater.xml
----------------- Instantiating /home/travis/build/icyphy/ptII/ptolemy/actor/lib/test/auto/OrderedRecordUpdater.xml
2 ms. Memory: 1368064K Free: 278354K (20%)
----------------- Invoking toplevel() on ptolemy.moml.MoMLSimpleApplication@5ca8e81f
----------------- Done invoking toplevel() on ptolemy.moml.MoMLSimpleApplication@5ca8e81f
reloadAllAccessors: .RecordUpdater

===========================================================================================
----------------- testing Mon Apr 15 04:01:55 UTC 2019 /home/travis/build/icyphy/ptII/ptolemy/actor/lib/test/auto/OrderedRecordUpdater2.xml
----------------- Instantiating /home/travis/build/icyphy/ptII/ptolemy/actor/lib/test/auto/OrderedRecordUpdater2.xml
2 ms. Memory: 1368064K Free: 258898K (19%)
----------------- Invoking toplevel() on ptolemy.moml.MoMLSimpleApplication@73b37b10
----------------- Done invoking toplevel() on ptolemy.moml.MoMLSimpleApplication@73b37b10
reloadAllAccessors: .RecordUpdater2

===========================================================================================
----------------- testing Mon Apr 15 04:01:55 UTC 2019 /home/travis/build/icyphy/ptII/ptolemy/actor/lib/test/auto/PhaseUnwrap.xml
----------------- Instantiating /home/travis/build/icyphy/ptII/ptolemy/actor/lib/test/auto/PhaseUnwrap.xml
2 ms. Memory: 1368064K Free: 246405K (18%)
----------------- Invoking toplevel() on ptolemy.moml.MoMLSimpleApplication@13faf010
----------------- Done invoking toplevel() on ptolemy.moml.MoMLSimpleApplication@13faf010
reloadAllAccessors: .PhaseUnwrap

===========================================================================================
----------------- testing Mon Apr 15 04:01:55 UTC 2019 /home/travis/build/icyphy/ptII/ptolemy/actor/lib/test/auto/PoissonClock.xml
----------------- Instantiating /home/travis/build/icyphy/ptII/ptolemy/actor/lib/test/auto/PoissonClock.xml
2 ms. Memory: 1368064K Free: 233912K (17%)
----------------- Invoking toplevel() on ptolemy.moml.MoMLSimpleApplication@78ddb39e
----------------- Done invoking toplevel() on ptolemy.moml.MoMLSimpleApplication@78ddb39e
reloadAllAccessors: .PoissonClock

===========================================================================================
----------------- testing Mon Apr 15 04:01:55 UTC 2019 /home/travis/build/icyphy/ptII/ptolemy/actor/lib/test/auto/PoissonClock2.xml
----------------- Instantiating /home/travis/build/icyphy/ptII/ptolemy/actor/lib/test/auto/PoissonClock2.xml
1 ms. Memory: 1368064K Free: 214456K (16%)
----------------- Invoking toplevel() on ptolemy.moml.MoMLSimpleApplication@224eaa1c
----------------- Done invoking toplevel() on ptolemy.moml.MoMLSimpleApplication@224eaa1c
reloadAllAccessors: .PoissonClock2

===========================================================================================
----------------- testing Mon Apr 15 04:01:55 UTC 2019 /home/travis/build/icyphy/ptII/ptolemy/actor/lib/test/auto/PoissonClock3.xml
----------------- Instantiating /home/travis/build/icyphy/ptII/ptolemy/actor/lib/test/auto/PoissonClock3.xml
2 ms. Memory: 1368064K Free: 201963K (15%)
----------------- Invoking toplevel() on ptolemy.moml.MoMLSimpleApplication@6f6ffe10
----------------- Done invoking toplevel() on ptolemy.moml.MoMLSimpleApplication@6f6ffe10
reloadAllAccessors: .PoissonClock3

===========================================================================================
----------------- testing Mon Apr 15 04:01:55 UTC 2019 /home/travis/build/icyphy/ptII/ptolemy/actor/lib/test/auto/PubSubWithInitialTokens.xml
----------------- Instantiating /home/travis/build/icyphy/ptII/ptolemy/actor/lib/test/auto/PubSubWithInitialTokens.xml
2 ms. Memory: 1368064K Free: 189471K (14%)
----------------- Invoking toplevel() on ptolemy.moml.MoMLSimpleApplication@22e69329
----------------- Done invoking toplevel() on ptolemy.moml.MoMLSimpleApplication@22e69329
reloadAllAccessors: .PubSubWithInitialTokens

===========================================================================================
----------------- testing Mon Apr 15 04:01:55 UTC 2019 /home/travis/build/icyphy/ptII/ptolemy/actor/lib/test/auto/PubSubWithInitialTokens2.xml
----------------- Instantiating /home/travis/build/icyphy/ptII/ptolemy/actor/lib/test/auto/PubSubWithInitialTokens2.xml
2 ms. Memory: 1368064K Free: 170015K (12%)
----------------- Invoking toplevel() on ptolemy.moml.MoMLSimpleApplication@51f6471b
----------------- Done invoking toplevel() on ptolemy.moml.MoMLSimpleApplication@51f6471b
reloadAllAccessors: .PubSubWithInitialTokens2

===========================================================================================
----------------- testing Mon Apr 15 04:01:55 UTC 2019 /home/travis/build/icyphy/ptII/ptolemy/actor/lib/test/auto/PublisherClassNoParameter.xml
----------------- Instantiating /home/travis/build/icyphy/ptII/ptolemy/actor/lib/test/auto/PublisherClassNoParameter.xml
2 ms. Memory: 1368064K Free: 151267K (11%)
----------------- Invoking toplevel() on ptolemy.moml.MoMLSimpleApplication@78c6839
----------------- Done invoking toplevel() on ptolemy.moml.MoMLSimpleApplication@78c6839
reloadAllAccessors: .PublisherClassNoParameter

===========================================================================================
----------------- testing Mon Apr 15 04:01:55 UTC 2019 /home/travis/build/icyphy/ptII/ptolemy/actor/lib/test/auto/PublisherClassParameter.xml
----------------- Instantiating /home/travis/build/icyphy/ptII/ptolemy/actor/lib/test/auto/PublisherClassParameter.xml
2 ms. Memory: 1368064K Free: 132520K (10%)
----------------- Invoking toplevel() on ptolemy.moml.MoMLSimpleApplication@768b39b3
----------------- Done invoking toplevel() on ptolemy.moml.MoMLSimpleApplication@768b39b3
reloadAllAccessors: .PublisherClassParameter

===========================================================================================
----------------- testing Mon Apr 15 04:01:55 UTC 2019 /home/travis/build/icyphy/ptII/ptolemy/actor/lib/test/auto/PublisherNonStrictTest.xml
----------------- Instantiating /home/travis/build/icyphy/ptII/ptolemy/actor/lib/test/auto/PublisherNonStrictTest.xml
3 ms. Memory: 1368064K Free: 113064K (8%)
----------------- Invoking toplevel() on ptolemy.moml.MoMLSimpleApplication@54666dec
----------------- Done invoking toplevel() on ptolemy.moml.MoMLSimpleApplication@54666dec
reloadAllAccessors: .PublisherNonStrictTest

===========================================================================================
----------------- testing Mon Apr 15 04:01:55 UTC 2019 /home/travis/build/icyphy/ptII/ptolemy/actor/lib/test/auto/PublisherPort1.xml
----------------- Instantiating /home/travis/build/icyphy/ptII/ptolemy/actor/lib/test/auto/PublisherPort1.xml
8 ms. Memory: 1368064K Free: 100571K (7%)
----------------- Invoking toplevel() on ptolemy.moml.MoMLSimpleApplication@55b93efa
----------------- Done invoking toplevel() on ptolemy.moml.MoMLSimpleApplication@55b93efa
reloadAllAccessors: .PublisherPort1

===========================================================================================
----------------- testing Mon Apr 15 04:01:55 UTC 2019 /home/travis/build/icyphy/ptII/ptolemy/actor/lib/test/auto/PublisherPort2.xml
----------------- Instantiating /home/travis/build/icyphy/ptII/ptolemy/actor/lib/test/auto/PublisherPort2.xml
2 ms. Memory: 1368064K Free: 88078K (6%)
----------------- Invoking toplevel() on ptolemy.moml.MoMLSimpleApplication@24d3059f
----------------- Done invoking toplevel() on ptolemy.moml.MoMLSimpleApplication@24d3059f
reloadAllAccessors: .PublisherPort2

===========================================================================================
----------------- testing Mon Apr 15 04:01:55 UTC 2019 /home/travis/build/icyphy/ptII/ptolemy/actor/lib/test/auto/PublisherPort3.xml
----------------- Instantiating /home/travis/build/icyphy/ptII/ptolemy/actor/lib/test/auto/PublisherPort3.xml
2 ms. Memory: 1546240K Free: 1496618K (97%)
----------------- Invoking toplevel() on ptolemy.moml.MoMLSimpleApplication@6ce24298
----------------- Done invoking toplevel() on ptolemy.moml.MoMLSimpleApplication@6ce24298
reloadAllAccessors: .PublisherPort3

===========================================================================================
----------------- testing Mon Apr 15 04:01:55 UTC 2019 /home/travis/build/icyphy/ptII/ptolemy/actor/lib/test/auto/PublisherPort4.xml
----------------- Instantiating /home/travis/build/icyphy/ptII/ptolemy/actor/lib/test/auto/PublisherPort4.xml
2 ms. Memory: 1546240K Free: 1475411K (95%)
----------------- Invoking toplevel() on ptolemy.moml.MoMLSimpleApplication@1d09c11b
----------------- Done invoking toplevel() on ptolemy.moml.MoMLSimpleApplication@1d09c11b
reloadAllAccessors: .PublisherPort4

===========================================================================================
----------------- testing Mon Apr 15 04:01:55 UTC 2019 /home/travis/build/icyphy/ptII/ptolemy/actor/lib/test/auto/PublisherPort5.xml
----------------- Instantiating /home/travis/build/icyphy/ptII/ptolemy/actor/lib/test/auto/PublisherPort5.xml
3 ms. Memory: 1546240K Free: 1460947K (94%)
----------------- Invoking toplevel() on ptolemy.moml.MoMLSimpleApplication@6065bd6d
----------------- Done invoking toplevel() on ptolemy.moml.MoMLSimpleApplication@6065bd6d
reloadAllAccessors: .PublisherPort5

===========================================================================================
----------------- testing Mon Apr 15 04:01:55 UTC 2019 /home/travis/build/icyphy/ptII/ptolemy/actor/lib/test/auto/PublisherPort5LookAlike.xml
----------------- Instantiating /home/travis/build/icyphy/ptII/ptolemy/actor/lib/test/auto/PublisherPort5LookAlike.xml
3 ms. Memory: 1546240K Free: 1439657K (93%)
----------------- Invoking toplevel() on ptolemy.moml.MoMLSimpleApplication@67b18a8b
----------------- Done invoking toplevel() on ptolemy.moml.MoMLSimpleApplication@67b18a8b
reloadAllAccessors: .PublisherPort5LookAlike

===========================================================================================
----------------- testing Mon Apr 15 04:01:55 UTC 2019 /home/travis/build/icyphy/ptII/ptolemy/actor/lib/test/auto/PublisherPort6.xml
----------------- Instantiating /home/travis/build/icyphy/ptII/ptolemy/actor/lib/test/auto/PublisherPort6.xml
2 ms. Memory: 1546240K Free: 1425193K (92%)
----------------- Invoking toplevel() on ptolemy.moml.MoMLSimpleApplication@7b24d52e
----------------- Done invoking toplevel() on ptolemy.moml.MoMLSimpleApplication@7b24d52e
reloadAllAccessors: .PublisherPort6

===========================================================================================
----------------- testing Mon Apr 15 04:01:55 UTC 2019 /home/travis/build/icyphy/ptII/ptolemy/actor/lib/test/auto/PublisherPort7.xml
----------------- Instantiating /home/travis/build/icyphy/ptII/ptolemy/actor/lib/test/auto/PublisherPort7.xml
3 ms. Memory: 1546240K Free: 1410729K (91%)
----------------- Invoking toplevel() on ptolemy.moml.MoMLSimpleApplication@360946f3
----------------- Done invoking toplevel() on ptolemy.moml.MoMLSimpleApplication@360946f3
reloadAllAccessors: .PublisherPort7

===========================================================================================
----------------- testing Mon Apr 15 04:01:55 UTC 2019 /home/travis/build/icyphy/ptII/ptolemy/actor/lib/test/auto/PublisherPort8.xml
----------------- Instantiating /home/travis/build/icyphy/ptII/ptolemy/actor/lib/test/auto/PublisherPort8.xml
3 ms. Memory: 1546240K Free: 1389522K (90%)
----------------- Invoking toplevel() on ptolemy.moml.MoMLSimpleApplication@73195648
----------------- Done invoking toplevel() on ptolemy.moml.MoMLSimpleApplication@73195648
reloadAllAccessors: .PublisherPort8

===========================================================================================
----------------- testing Mon Apr 15 04:01:55 UTC 2019 /home/travis/build/icyphy/ptII/ptolemy/actor/lib/test/auto/PublisherPortSubscriberChannelVariablesAOC2.xml
----------------- Instantiating /home/travis/build/icyphy/ptII/ptolemy/actor/lib/test/auto/PublisherPortSubscriberChannelVariablesAOC2.xml
2 ms. Memory: 1546240K Free: 1360586K (88%)
----------------- Invoking toplevel() on ptolemy.moml.MoMLSimpleApplication@28e95953
----------------- Done invoking toplevel() on ptolemy.moml.MoMLSimpleApplication@28e95953
reloadAllAccessors: .PublisherPortSubscriberChannelVariablesAOC2

===========================================================================================
----------------- testing Mon Apr 15 04:01:55 UTC 2019 /home/travis/build/icyphy/ptII/ptolemy/actor/lib/test/auto/PublisherPortSubscriberOpaqueWidthInference.xml
----------------- Instantiating /home/travis/build/icyphy/ptII/ptolemy/actor/lib/test/auto/PublisherPortSubscriberOpaqueWidthInference.xml
3 ms. Memory: 1546240K Free: 1346122K (87%)
----------------- Invoking toplevel() on ptolemy.moml.MoMLSimpleApplication@5560ed7e
----------------- Done invoking toplevel() on ptolemy.moml.MoMLSimpleApplication@5560ed7e
reloadAllAccessors: .PublisherPortSubscriberOpaqueWidthInference

===========================================================================================
----------------- testing Mon Apr 15 04:01:55 UTC 2019 /home/travis/build/icyphy/ptII/ptolemy/actor/lib/test/auto/PublisherPortSubscriberPortAdjacent.xml
----------------- Instantiating /home/travis/build/icyphy/ptII/ptolemy/actor/lib/test/auto/PublisherPortSubscriberPortAdjacent.xml
2 ms. Memory: 1546240K Free: 1324915K (86%)
----------------- Invoking toplevel() on ptolemy.moml.MoMLSimpleApplication@3aad6116
----------------- Done invoking toplevel() on ptolemy.moml.MoMLSimpleApplication@3aad6116
reloadAllAccessors: .PublisherPortSubscriberPortAdjacent

===========================================================================================
----------------- testing Mon Apr 15 04:01:55 UTC 2019 /home/travis/build/icyphy/ptII/ptolemy/actor/lib/test/auto/PublisherPortSubscriberPortExpression.xml
----------------- Instantiating /home/travis/build/icyphy/ptII/ptolemy/actor/lib/test/auto/PublisherPortSubscriberPortExpression.xml
3 ms. Memory: 1546240K Free: 1310451K (85%)
----------------- Invoking toplevel() on ptolemy.moml.MoMLSimpleApplication@46ba9738
----------------- Done invoking toplevel() on ptolemy.moml.MoMLSimpleApplication@46ba9738
reloadAllAccessors: .PublisherPortSubscriberPortExpression

===========================================================================================
----------------- testing Mon Apr 15 04:01:55 UTC 2019 /home/travis/build/icyphy/ptII/ptolemy/actor/lib/test/auto/PublisherPortSubscriberPortOpaqueD3Reverse.xml
----------------- Instantiating /home/travis/build/icyphy/ptII/ptolemy/actor/lib/test/auto/PublisherPortSubscriberPortOpaqueD3Reverse.xml
6 ms. Memory: 1546240K Free: 1295987K (84%)
----------------- Invoking toplevel() on ptolemy.moml.MoMLSimpleApplication@aadd445
----------------- Done invoking toplevel() on ptolemy.moml.MoMLSimpleApplication@aadd445
reloadAllAccessors: .PublisherPortSubscriberPortOpaqueD3Reverse

===========================================================================================
----------------- testing Mon Apr 15 04:01:55 UTC 2019 /home/travis/build/icyphy/ptII/ptolemy/actor/lib/test/auto/PublisherPortSubscriberPortOpaqueWidthInference.xml
----------------- Instantiating /home/travis/build/icyphy/ptII/ptolemy/actor/lib/test/auto/PublisherPortSubscriberPortOpaqueWidthInference.xml
4 ms. Memory: 1546240K Free: 1274780K (82%)
----------------- Invoking toplevel() on ptolemy.moml.MoMLSimpleApplication@6be81eb0
----------------- Done invoking toplevel() on ptolemy.moml.MoMLSimpleApplication@6be81eb0
reloadAllAccessors: .PublisherPortSubscriberPortOpaqueWidthInference

===========================================================================================
----------------- testing Mon Apr 15 04:01:55 UTC 2019 /home/travis/build/icyphy/ptII/ptolemy/actor/lib/test/auto/PublisherPortToplevelSubscriberPortAOC.xml
----------------- Instantiating /home/travis/build/icyphy/ptII/ptolemy/actor/lib/test/auto/PublisherPortToplevelSubscriberPortAOC.xml
.PublisherPortToplevelSubscriberPortAOC.TestExceptionAttribute: initialize() was not invoked, but wrapup() was.  This is unusual, but not always a problem.  For example, exporting JNLP will do this.
1 ms. Memory: 1546240K Free: 1260316K (82%)
----------------- Invoking toplevel() on ptolemy.moml.MoMLSimpleApplication@3f086df7
----------------- Done invoking toplevel() on ptolemy.moml.MoMLSimpleApplication@3f086df7
reloadAllAccessors: .PublisherPortToplevelSubscriberPortAOC

===========================================================================================
----------------- testing Mon Apr 15 04:01:55 UTC 2019 /home/travis/build/icyphy/ptII/ptolemy/actor/lib/test/auto/PublisherSubscriber.xml
----------------- Instantiating /home/travis/build/icyphy/ptII/ptolemy/actor/lib/test/auto/PublisherSubscriber.xml
2 ms. Memory: 1546240K Free: 1245852K (81%)
----------------- Invoking toplevel() on ptolemy.moml.MoMLSimpleApplication@700dd25a
----------------- Done invoking toplevel() on ptolemy.moml.MoMLSimpleApplication@700dd25a
reloadAllAccessors: .PublisherSubscriber

===========================================================================================
----------------- testing Mon Apr 15 04:01:55 UTC 2019 /home/travis/build/icyphy/ptII/ptolemy/actor/lib/test/auto/PublisherSubscriber10.xml
----------------- Instantiating /home/travis/build/icyphy/ptII/ptolemy/actor/lib/test/auto/PublisherSubscriber10.xml
5 ms. Memory: 1546240K Free: 1224645K (79%)
----------------- Invoking toplevel() on ptolemy.moml.MoMLSimpleApplication@47ed4123
----------------- Done invoking toplevel() on ptolemy.moml.MoMLSimpleApplication@47ed4123
reloadAllAccessors: .PublisherSubscriber10

===========================================================================================
----------------- testing Mon Apr 15 04:01:55 UTC 2019 /home/travis/build/icyphy/ptII/ptolemy/actor/lib/test/auto/PublisherSubscriber10InitialOutputs.xml
----------------- Instantiating /home/travis/build/icyphy/ptII/ptolemy/actor/lib/test/auto/PublisherSubscriber10InitialOutputs.xml
5 ms. Memory: 1546240K Free: 1210181K (78%)
----------------- Invoking toplevel() on ptolemy.moml.MoMLSimpleApplication@15815756
----------------- Done invoking toplevel() on ptolemy.moml.MoMLSimpleApplication@15815756
reloadAllAccessors: .PublisherSubscriber10InitialOutputs

===========================================================================================
----------------- testing Mon Apr 15 04:01:55 UTC 2019 /home/travis/build/icyphy/ptII/ptolemy/actor/lib/test/auto/PublisherSubscriber11.xml
----------------- Instantiating /home/travis/build/icyphy/ptII/ptolemy/actor/lib/test/auto/PublisherSubscriber11.xml
2 ms. Memory: 1546240K Free: 1188974K (77%)
----------------- Invoking toplevel() on ptolemy.moml.MoMLSimpleApplication@ae4a4cd
----------------- Done invoking toplevel() on ptolemy.moml.MoMLSimpleApplication@ae4a4cd
reloadAllAccessors: .PublisherSubscriber11

===========================================================================================
----------------- testing Mon Apr 15 04:01:55 UTC 2019 /home/travis/build/icyphy/ptII/ptolemy/actor/lib/test/auto/PublisherSubscriber12.xml
----------------- Instantiating /home/travis/build/icyphy/ptII/ptolemy/actor/lib/test/auto/PublisherSubscriber12.xml
2 ms. Memory: 1546240K Free: 1174510K (76%)
----------------- Invoking toplevel() on ptolemy.moml.MoMLSimpleApplication@4f73e568
----------------- Done invoking toplevel() on ptolemy.moml.MoMLSimpleApplication@4f73e568
reloadAllAccessors: .PublisherSubscriber12

===========================================================================================
----------------- testing Mon Apr 15 04:01:55 UTC 2019 /home/travis/build/icyphy/ptII/ptolemy/actor/lib/test/auto/PublisherSubscriber13.xml
----------------- Instantiating /home/travis/build/icyphy/ptII/ptolemy/actor/lib/test/auto/PublisherSubscriber13.xml
2 ms. Memory: 1546240K Free: 1160046K (75%)
----------------- Invoking toplevel() on ptolemy.moml.MoMLSimpleApplication@29cadf39
----------------- Done invoking toplevel() on ptolemy.moml.MoMLSimpleApplication@29cadf39
reloadAllAccessors: .PublisherSubscriber13

===========================================================================================
----------------- testing Mon Apr 15 04:01:55 UTC 2019 /home/travis/build/icyphy/ptII/ptolemy/actor/lib/test/auto/PublisherSubscriber14.xml
----------------- Instantiating /home/travis/build/icyphy/ptII/ptolemy/actor/lib/test/auto/PublisherSubscriber14.xml
2 ms. Memory: 1546240K Free: 1138839K (74%)
----------------- Invoking toplevel() on ptolemy.moml.MoMLSimpleApplication@1f810a5
----------------- Done invoking toplevel() on ptolemy.moml.MoMLSimpleApplication@1f810a5
reloadAllAccessors: .PublisherSubscriber14

===========================================================================================
----------------- testing Mon Apr 15 04:01:55 UTC 2019 /home/travis/build/icyphy/ptII/ptolemy/actor/lib/test/auto/PublisherSubscriber2.xml
----------------- Instantiating /home/travis/build/icyphy/ptII/ptolemy/actor/lib/test/auto/PublisherSubscriber2.xml
2 ms. Memory: 1546240K Free: 1124375K (73%)
----------------- Invoking toplevel() on ptolemy.moml.MoMLSimpleApplication@227506eb
----------------- Done invoking toplevel() on ptolemy.moml.MoMLSimpleApplication@227506eb
reloadAllAccessors: .PublisherSubscriber2

===========================================================================================
----------------- testing Mon Apr 15 04:01:55 UTC 2019 /home/travis/build/icyphy/ptII/ptolemy/actor/lib/test/auto/PublisherSubscriber3.xml
----------------- Instantiating /home/travis/build/icyphy/ptII/ptolemy/actor/lib/test/auto/PublisherSubscriber3.xml
2 ms. Memory: 1546240K Free: 1109911K (72%)
----------------- Invoking toplevel() on ptolemy.moml.MoMLSimpleApplication@6f48ae5f
----------------- Done invoking toplevel() on ptolemy.moml.MoMLSimpleApplication@6f48ae5f
reloadAllAccessors: .PublisherSubscriber3

===========================================================================================
----------------- testing Mon Apr 15 04:01:55 UTC 2019 /home/travis/build/icyphy/ptII/ptolemy/actor/lib/test/auto/PublisherSubscriber4.xml
----------------- Instantiating /home/travis/build/icyphy/ptII/ptolemy/actor/lib/test/auto/PublisherSubscriber4.xml
2 ms. Memory: 1546240K Free: 1088704K (70%)
----------------- Invoking toplevel() on ptolemy.moml.MoMLSimpleApplication@7e7c91f0
----------------- Done invoking toplevel() on ptolemy.moml.MoMLSimpleApplication@7e7c91f0
reloadAllAccessors: .PublisherSubscriber4

===========================================================================================
----------------- testing Mon Apr 15 04:01:55 UTC 2019 /home/travis/build/icyphy/ptII/ptolemy/actor/lib/test/auto/PublisherSubscriber5.xml
----------------- Instantiating /home/travis/build/icyphy/ptII/ptolemy/actor/lib/test/auto/PublisherSubscriber5.xml
2 ms. Memory: 1546240K Free: 1074240K (69%)
----------------- Invoking toplevel() on ptolemy.moml.MoMLSimpleApplication@12a3bb1e
----------------- Done invoking toplevel() on ptolemy.moml.MoMLSimpleApplication@12a3bb1e
reloadAllAccessors: .PublisherSubscriber5

===========================================================================================
----------------- testing Mon Apr 15 04:01:55 UTC 2019 /home/travis/build/icyphy/ptII/ptolemy/actor/lib/test/auto/PublisherSubscriber6.xml
----------------- Instantiating /home/travis/build/icyphy/ptII/ptolemy/actor/lib/test/auto/PublisherSubscriber6.xml
2 ms. Memory: 1546240K Free: 1059776K (69%)
----------------- Invoking toplevel() on ptolemy.moml.MoMLSimpleApplication@16a34d58
----------------- Done invoking toplevel() on ptolemy.moml.MoMLSimpleApplication@16a34d58
reloadAllAccessors: .PublisherSubscriber6

===========================================================================================
----------------- testing Mon Apr 15 04:01:55 UTC 2019 /home/travis/build/icyphy/ptII/ptolemy/actor/lib/test/auto/PublisherSubscriber7.xml
----------------- Instantiating /home/travis/build/icyphy/ptII/ptolemy/actor/lib/test/auto/PublisherSubscriber7.xml
2 ms. Memory: 1546240K Free: 1038570K (67%)
----------------- Invoking toplevel() on ptolemy.moml.MoMLSimpleApplication@202de125
----------------- Done invoking toplevel() on ptolemy.moml.MoMLSimpleApplication@202de125
reloadAllAccessors: .PublisherSubscriber7

===========================================================================================
----------------- testing Mon Apr 15 04:01:55 UTC 2019 /home/travis/build/icyphy/ptII/ptolemy/actor/lib/test/auto/PublisherSubscriber8.xml
----------------- Instantiating /home/travis/build/icyphy/ptII/ptolemy/actor/lib/test/auto/PublisherSubscriber8.xml
10 ms. Memory: 1546240K Free: 951785K (62%)
----------------- Invoking toplevel() on ptolemy.moml.MoMLSimpleApplication@71eaf950
----------------- Done invoking toplevel() on ptolemy.moml.MoMLSimpleApplication@71eaf950
reloadAllAccessors: .PublisherSubscriber8

===========================================================================================
----------------- testing Mon Apr 15 04:01:55 UTC 2019 /home/travis/build/icyphy/ptII/ptolemy/actor/lib/test/auto/PublisherSubscriber9.xml
----------------- Instantiating /home/travis/build/icyphy/ptII/ptolemy/actor/lib/test/auto/PublisherSubscriber9.xml
3 ms. Memory: 1546240K Free: 930578K (60%)
----------------- Invoking toplevel() on ptolemy.moml.MoMLSimpleApplication@7bc31366
----------------- Done invoking toplevel() on ptolemy.moml.MoMLSimpleApplication@7bc31366
reloadAllAccessors: .PublisherSubscriber9

===========================================================================================
----------------- testing Mon Apr 15 04:01:55 UTC 2019 /home/travis/build/icyphy/ptII/ptolemy/actor/lib/test/auto/PublisherSubscriberAdjacent.xml
----------------- Instantiating /home/travis/build/icyphy/ptII/ptolemy/actor/lib/test/auto/PublisherSubscriberAdjacent.xml
2 ms. Memory: 1546240K Free: 916114K (59%)
----------------- Invoking toplevel() on ptolemy.moml.MoMLSimpleApplication@686f6247
----------------- Done invoking toplevel() on ptolemy.moml.MoMLSimpleApplication@686f6247
reloadAllAccessors: .PublisherSubscriberAdjacent

===========================================================================================
----------------- testing Mon Apr 15 04:01:55 UTC 2019 /home/travis/build/icyphy/ptII/ptolemy/actor/lib/test/auto/PublisherSubscriberChannelVariablesAOC2.xml
----------------- Instantiating /home/travis/build/icyphy/ptII/ptolemy/actor/lib/test/auto/PublisherSubscriberChannelVariablesAOC2.xml
3 ms. Memory: 1546240K Free: 894402K (58%)
----------------- Invoking toplevel() on ptolemy.moml.MoMLSimpleApplication@17280fde
----------------- Done invoking toplevel() on ptolemy.moml.MoMLSimpleApplication@17280fde
reloadAllAccessors: .PublisherSubscriberChannelVariablesAOC2

===========================================================================================
----------------- testing Mon Apr 15 04:01:56 UTC 2019 /home/travis/build/icyphy/ptII/ptolemy/actor/lib/test/auto/PublisherSubscriberD3.xml
----------------- Instantiating /home/travis/build/icyphy/ptII/ptolemy/actor/lib/test/auto/PublisherSubscriberD3.xml
2 ms. Memory: 1546240K Free: 873195K (56%)
----------------- Invoking toplevel() on ptolemy.moml.MoMLSimpleApplication@1a947dfb
----------------- Done invoking toplevel() on ptolemy.moml.MoMLSimpleApplication@1a947dfb
reloadAllAccessors: .PublisherSubscriberD3

===========================================================================================
----------------- testing Mon Apr 15 04:01:56 UTC 2019 /home/travis/build/icyphy/ptII/ptolemy/actor/lib/test/auto/PublisherSubscriberD3Reverse.xml
----------------- Instantiating /home/travis/build/icyphy/ptII/ptolemy/actor/lib/test/auto/PublisherSubscriberD3Reverse.xml
2 ms. Memory: 1546240K Free: 858731K (56%)
----------------- Invoking toplevel() on ptolemy.moml.MoMLSimpleApplication@5430d23b
----------------- Done invoking toplevel() on ptolemy.moml.MoMLSimpleApplication@5430d23b
reloadAllAccessors: .PublisherSubscriberD3Reverse

===========================================================================================
----------------- testing Mon Apr 15 04:01:56 UTC 2019 /home/travis/build/icyphy/ptII/ptolemy/actor/lib/test/auto/PublisherSubscriberExpression.xml
----------------- Instantiating /home/travis/build/icyphy/ptII/ptolemy/actor/lib/test/auto/PublisherSubscriberExpression.xml
4 ms. Memory: 1546240K Free: 844267K (55%)
----------------- Invoking toplevel() on ptolemy.moml.MoMLSimpleApplication@4052b758
----------------- Done invoking toplevel() on ptolemy.moml.MoMLSimpleApplication@4052b758
reloadAllAccessors: .PublisherSubscriberExpression

===========================================================================================
----------------- testing Mon Apr 15 04:01:56 UTC 2019 /home/travis/build/icyphy/ptII/ptolemy/actor/lib/test/auto/PublisherSubscriberOpaque.xml
----------------- Instantiating /home/travis/build/icyphy/ptII/ptolemy/actor/lib/test/auto/PublisherSubscriberOpaque.xml
4 ms. Memory: 1546240K Free: 823060K (53%)
----------------- Invoking toplevel() on ptolemy.moml.MoMLSimpleApplication@244cce3
----------------- Done invoking toplevel() on ptolemy.moml.MoMLSimpleApplication@244cce3
reloadAllAccessors: .PublisherSubscriberOpaque

===========================================================================================
----------------- testing Mon Apr 15 04:01:56 UTC 2019 /home/travis/build/icyphy/ptII/ptolemy/actor/lib/test/auto/PublisherSubscriberOpaqueD3.xml
----------------- Instantiating /home/travis/build/icyphy/ptII/ptolemy/actor/lib/test/auto/PublisherSubscriberOpaqueD3.xml
6 ms. Memory: 1546240K Free: 801348K (52%)
----------------- Invoking toplevel() on ptolemy.moml.MoMLSimpleApplication@21941196
----------------- Done invoking toplevel() on ptolemy.moml.MoMLSimpleApplication@21941196
reloadAllAccessors: .PublisherSubscriberOpaqueD3

===========================================================================================
----------------- testing Mon Apr 15 04:01:56 UTC 2019 /home/travis/build/icyphy/ptII/ptolemy/actor/lib/test/auto/PublisherSubscriberOpaqueD3Reverse.xml
----------------- Instantiating /home/travis/build/icyphy/ptII/ptolemy/actor/lib/test/auto/PublisherSubscriberOpaqueD3Reverse.xml
6 ms. Memory: 1546240K Free: 786884K (51%)
----------------- Invoking toplevel() on ptolemy.moml.MoMLSimpleApplication@4f1532f1
----------------- Done invoking toplevel() on ptolemy.moml.MoMLSimpleApplication@4f1532f1
reloadAllAccessors: .PublisherSubscriberOpaqueD3Reverse

===========================================================================================
----------------- testing Mon Apr 15 04:01:56 UTC 2019 /home/travis/build/icyphy/ptII/ptolemy/actor/lib/test/auto/PublisherSubscriberOpaqueWidthInference.xml
----------------- Instantiating /home/travis/build/icyphy/ptII/ptolemy/actor/lib/test/auto/PublisherSubscriberOpaqueWidthInference.xml
3 ms. Memory: 1546240K Free: 765677K (50%)
----------------- Invoking toplevel() on ptolemy.moml.MoMLSimpleApplication@38f82ab5
----------------- Done invoking toplevel() on ptolemy.moml.MoMLSimpleApplication@38f82ab5
reloadAllAccessors: .PublisherSubscriberOpaqueWidthInference

===========================================================================================
----------------- testing Mon Apr 15 04:01:56 UTC 2019 /home/travis/build/icyphy/ptII/ptolemy/actor/lib/test/auto/PublisherTestSubscriber.xml
----------------- Instantiating /home/travis/build/icyphy/ptII/ptolemy/actor/lib/test/auto/PublisherTestSubscriber.xml
3 ms. Memory: 1546240K Free: 751213K (49%)
----------------- Invoking toplevel() on ptolemy.moml.MoMLSimpleApplication@465c61e8
----------------- Done invoking toplevel() on ptolemy.moml.MoMLSimpleApplication@465c61e8
reloadAllAccessors: .PublisherTestSubscriber

===========================================================================================
----------------- testing Mon Apr 15 04:01:56 UTC 2019 /home/travis/build/icyphy/ptII/ptolemy/actor/lib/test/auto/PublisherToplevelSubscriberPortAOC.xml
----------------- Instantiating /home/travis/build/icyphy/ptII/ptolemy/actor/lib/test/auto/PublisherToplevelSubscriberPortAOC.xml
2 ms. Memory: 1546240K Free: 730006K (47%)
----------------- Invoking toplevel() on ptolemy.moml.MoMLSimpleApplication@35ab0c41
----------------- Done invoking toplevel() on ptolemy.moml.MoMLSimpleApplication@35ab0c41
reloadAllAccessors: .PublisherToplevelSubscriberPortAOC

===========================================================================================
----------------- testing Mon Apr 15 04:01:56 UTC 2019 /home/travis/build/icyphy/ptII/ptolemy/actor/lib/test/auto/PulseFiringLimitDE.xml
----------------- Instantiating /home/travis/build/icyphy/ptII/ptolemy/actor/lib/test/auto/PulseFiringLimitDE.xml
2 ms. Memory: 1546240K Free: 715542K (46%)
----------------- Invoking toplevel() on ptolemy.moml.MoMLSimpleApplication@7e1218da
----------------- Done invoking toplevel() on ptolemy.moml.MoMLSimpleApplication@7e1218da
reloadAllAccessors: .PulseFiringLimitDE

===========================================================================================
----------------- testing Mon Apr 15 04:01:56 UTC 2019 /home/travis/build/icyphy/ptII/ptolemy/actor/lib/test/auto/Ramp1.xml
----------------- Instantiating /home/travis/build/icyphy/ptII/ptolemy/actor/lib/test/auto/Ramp1.xml
1 ms. Memory: 1546240K Free: 701078K (45%)
----------------- Invoking toplevel() on ptolemy.moml.MoMLSimpleApplication@1bcf92b1
----------------- Done invoking toplevel() on ptolemy.moml.MoMLSimpleApplication@1bcf92b1
reloadAllAccessors: .Ramp1

===========================================================================================
----------------- testing Mon Apr 15 04:01:56 UTC 2019 /home/travis/build/icyphy/ptII/ptolemy/actor/lib/test/auto/RampFiringLimitDE.xml
----------------- Instantiating /home/travis/build/icyphy/ptII/ptolemy/actor/lib/test/auto/RampFiringLimitDE.xml
4 ms. Memory: 1546240K Free: 679871K (44%)
----------------- Invoking toplevel() on ptolemy.moml.MoMLSimpleApplication@4eb984b4
----------------- Done invoking toplevel() on ptolemy.moml.MoMLSimpleApplication@4eb984b4
reloadAllAccessors: .RampFiringLimitDE

===========================================================================================
----------------- testing Mon Apr 15 04:01:56 UTC 2019 /home/travis/build/icyphy/ptII/ptolemy/actor/lib/test/auto/RampFiringLimitSDF.xml
----------------- Instantiating /home/travis/build/icyphy/ptII/ptolemy/actor/lib/test/auto/RampFiringLimitSDF.xml
2 ms. Memory: 1546240K Free: 665407K (43%)
----------------- Invoking toplevel() on ptolemy.moml.MoMLSimpleApplication@440fccaa
----------------- Done invoking toplevel() on ptolemy.moml.MoMLSimpleApplication@440fccaa
reloadAllAccessors: .RampFiringLimitSDF

===========================================================================================
----------------- testing Mon Apr 15 04:01:56 UTC 2019 /home/travis/build/icyphy/ptII/ptolemy/actor/lib/test/auto/RandomInteger.xml
----------------- Instantiating /home/travis/build/icyphy/ptII/ptolemy/actor/lib/test/auto/RandomInteger.xml
1 ms. Memory: 1546240K Free: 650943K (42%)
----------------- Invoking toplevel() on ptolemy.moml.MoMLSimpleApplication@2320309a
----------------- Done invoking toplevel() on ptolemy.moml.MoMLSimpleApplication@2320309a
reloadAllAccessors: .RandomInteger

===========================================================================================
----------------- testing Mon Apr 15 04:01:56 UTC 2019 /home/travis/build/icyphy/ptII/ptolemy/actor/lib/test/auto/ReadFile1.xml
----------------- Instantiating /home/travis/build/icyphy/ptII/ptolemy/actor/lib/test/auto/ReadFile1.xml
1 ms. Memory: 1546240K Free: 629736K (41%)
----------------- Invoking toplevel() on ptolemy.moml.MoMLSimpleApplication@635b5e03
----------------- Done invoking toplevel() on ptolemy.moml.MoMLSimpleApplication@635b5e03
reloadAllAccessors: .ReadFile1

===========================================================================================
----------------- testing Mon Apr 15 04:01:56 UTC 2019 /home/travis/build/icyphy/ptII/ptolemy/actor/lib/test/auto/ReadFile2.xml
----------------- Instantiating /home/travis/build/icyphy/ptII/ptolemy/actor/lib/test/auto/ReadFile2.xml
1 ms. Memory: 1546240K Free: 615272K (40%)
----------------- Invoking toplevel() on ptolemy.moml.MoMLSimpleApplication@2ae4e02d
----------------- Done invoking toplevel() on ptolemy.moml.MoMLSimpleApplication@2ae4e02d
reloadAllAccessors: .ReadFile2

===========================================================================================
----------------- testing Mon Apr 15 04:01:56 UTC 2019 /home/travis/build/icyphy/ptII/ptolemy/actor/lib/test/auto/Reader.xml
----------------- Instantiating /home/travis/build/icyphy/ptII/ptolemy/actor/lib/test/auto/Reader.xml
actor.lib.Reader is obsolete, use actor.lib.io.ExpressionReader instead
3 ms. Memory: 1546240K Free: 600808K (39%)
----------------- Invoking toplevel() on ptolemy.moml.MoMLSimpleApplication@28cd7d99
----------------- Done invoking toplevel() on ptolemy.moml.MoMLSimpleApplication@28cd7d99
reloadAllAccessors: .Reader

===========================================================================================
----------------- testing Mon Apr 15 04:01:56 UTC 2019 /home/travis/build/icyphy/ptII/ptolemy/actor/lib/test/auto/RecordAssemblerDisplayNameTest.xml
----------------- Instantiating /home/travis/build/icyphy/ptII/ptolemy/actor/lib/test/auto/RecordAssemblerDisplayNameTest.xml
2919 ms. Memory: 1581056K Free: 806377K (51%)
----------------- Invoking toplevel() on ptolemy.moml.MoMLSimpleApplication@207b97fd
----------------- Done invoking toplevel() on ptolemy.moml.MoMLSimpleApplication@207b97fd
reloadAllAccessors: .RecordAssemblerDisplayNameTest

===========================================================================================
----------------- testing Mon Apr 15 04:01:59 UTC 2019 /home/travis/build/icyphy/ptII/ptolemy/actor/lib/test/auto/RecordAssemblerTypeError.xml
----------------- Instantiating /home/travis/build/icyphy/ptII/ptolemy/actor/lib/test/auto/RecordAssemblerTypeError.xml
5 ms. Memory: 1581056K Free: 769326K (49%)
----------------- Invoking toplevel() on ptolemy.moml.MoMLSimpleApplication@a049e2e
----------------- Done invoking toplevel() on ptolemy.moml.MoMLSimpleApplication@a049e2e
reloadAllAccessors: .RecordAssemblerTypeError

===========================================================================================
----------------- testing Mon Apr 15 04:01:59 UTC 2019 /home/travis/build/icyphy/ptII/ptolemy/actor/lib/test/auto/RecordDisassember.xml
----------------- Instantiating /home/travis/build/icyphy/ptII/ptolemy/actor/lib/test/auto/RecordDisassember.xml
2 ms. Memory: 1581056K Free: 754643K (48%)
----------------- Invoking toplevel() on ptolemy.moml.MoMLSimpleApplication@21e9ade9
----------------- Done invoking toplevel() on ptolemy.moml.MoMLSimpleApplication@21e9ade9
reloadAllAccessors: .RecordDisassember

===========================================================================================
----------------- testing Mon Apr 15 04:01:59 UTC 2019 /home/travis/build/icyphy/ptII/ptolemy/actor/lib/test/auto/RecordDisassemberDisplayNameTest.xml
----------------- Instantiating /home/travis/build/icyphy/ptII/ptolemy/actor/lib/test/auto/RecordDisassemberDisplayNameTest.xml
4 ms. Memory: 1581056K Free: 734759K (46%)
----------------- Invoking toplevel() on ptolemy.moml.MoMLSimpleApplication@5c29579c
----------------- Done invoking toplevel() on ptolemy.moml.MoMLSimpleApplication@5c29579c
reloadAllAccessors: .RecordDisassemberDisplayNameTest

===========================================================================================
----------------- testing Mon Apr 15 04:01:59 UTC 2019 /home/travis/build/icyphy/ptII/ptolemy/actor/lib/test/auto/RecordDisassembler.xml
----------------- Instantiating /home/travis/build/icyphy/ptII/ptolemy/actor/lib/test/auto/RecordDisassembler.xml
3 ms. Memory: 1581056K Free: 720131K (46%)
----------------- Invoking toplevel() on ptolemy.moml.MoMLSimpleApplication@7ed8d50c
----------------- Done invoking toplevel() on ptolemy.moml.MoMLSimpleApplication@7ed8d50c
reloadAllAccessors: .RecordDisassembler

===========================================================================================
----------------- testing Mon Apr 15 04:01:59 UTC 2019 /home/travis/build/icyphy/ptII/ptolemy/actor/lib/test/auto/RecordDisassembler2.xml
----------------- Instantiating /home/travis/build/icyphy/ptII/ptolemy/actor/lib/test/auto/RecordDisassembler2.xml
2 ms. Memory: 1581056K Free: 700247K (44%)
----------------- Invoking toplevel() on ptolemy.moml.MoMLSimpleApplication@241a414a
----------------- Done invoking toplevel() on ptolemy.moml.MoMLSimpleApplication@241a414a
reloadAllAccessors: .RecordDisassembler2

===========================================================================================
----------------- testing Mon Apr 15 04:01:59 UTC 2019 /home/travis/build/icyphy/ptII/ptolemy/actor/lib/test/auto/RecordUpdater.xml
----------------- Instantiating /home/travis/build/icyphy/ptII/ptolemy/actor/lib/test/auto/RecordUpdater.xml
2 ms. Memory: 1581056K Free: 685619K (43%)
----------------- Invoking toplevel() on ptolemy.moml.MoMLSimpleApplication@53738029
----------------- Done invoking toplevel() on ptolemy.moml.MoMLSimpleApplication@53738029
reloadAllAccessors: .RecordUpdater

===========================================================================================
----------------- testing Mon Apr 15 04:01:59 UTC 2019 /home/travis/build/icyphy/ptII/ptolemy/actor/lib/test/auto/RecordUpdater2.xml
----------------- Instantiating /home/travis/build/icyphy/ptII/ptolemy/actor/lib/test/auto/RecordUpdater2.xml
2 ms. Memory: 1581056K Free: 665735K (42%)
----------------- Invoking toplevel() on ptolemy.moml.MoMLSimpleApplication@21c3d587
----------------- Done invoking toplevel() on ptolemy.moml.MoMLSimpleApplication@21c3d587
reloadAllAccessors: .RecordUpdater2

===========================================================================================
----------------- testing Mon Apr 15 04:01:59 UTC 2019 /home/travis/build/icyphy/ptII/ptolemy/actor/lib/test/auto/RecursiveLattice.xml
----------------- Instantiating /home/travis/build/icyphy/ptII/ptolemy/actor/lib/test/auto/RecursiveLattice.xml
1 ms. Memory: 1581056K Free: 651107K (41%)
----------------- Invoking toplevel() on ptolemy.moml.MoMLSimpleApplication@2d575e46
----------------- Done invoking toplevel() on ptolemy.moml.MoMLSimpleApplication@2d575e46
reloadAllAccessors: .RecursiveLattice

===========================================================================================
----------------- testing Mon Apr 15 04:01:59 UTC 2019 /home/travis/build/icyphy/ptII/ptolemy/actor/lib/test/auto/Router.xml
----------------- Instantiating /home/travis/build/icyphy/ptII/ptolemy/actor/lib/test/auto/Router.xml
3004 ms. Memory: 1581056K Free: 631223K (40%)
----------------- Invoking toplevel() on ptolemy.moml.MoMLSimpleApplication@561537fa
----------------- Done invoking toplevel() on ptolemy.moml.MoMLSimpleApplication@561537fa
reloadAllAccessors: .Router

===========================================================================================
----------------- testing Mon Apr 15 04:02:02 UTC 2019 /home/travis/build/icyphy/ptII/ptolemy/actor/lib/test/auto/Router2.xml
----------------- Instantiating /home/travis/build/icyphy/ptII/ptolemy/actor/lib/test/auto/Router2.xml
3003 ms. Memory: 1581056K Free: 616595K (39%)
----------------- Invoking toplevel() on ptolemy.moml.MoMLSimpleApplication@6793297d
----------------- Done invoking toplevel() on ptolemy.moml.MoMLSimpleApplication@6793297d
reloadAllAccessors: .Router2

===========================================================================================
----------------- testing Mon Apr 15 04:02:05 UTC 2019 /home/travis/build/icyphy/ptII/ptolemy/actor/lib/test/auto/RunningMaximum.xml
----------------- Instantiating /home/travis/build/icyphy/ptII/ptolemy/actor/lib/test/auto/RunningMaximum.xml
2 ms. Memory: 1581056K Free: 596711K (38%)
----------------- Invoking toplevel() on ptolemy.moml.MoMLSimpleApplication@148b4d7d
----------------- Done invoking toplevel() on ptolemy.moml.MoMLSimpleApplication@148b4d7d
reloadAllAccessors: .RunningMaximum

===========================================================================================
----------------- testing Mon Apr 15 04:02:05 UTC 2019 /home/travis/build/icyphy/ptII/ptolemy/actor/lib/test/auto/RunningMinimum.xml
----------------- Instantiating /home/travis/build/icyphy/ptII/ptolemy/actor/lib/test/auto/RunningMinimum.xml
3 ms. Memory: 1581056K Free: 582083K (37%)
----------------- Invoking toplevel() on ptolemy.moml.MoMLSimpleApplication@594370a9
----------------- Done invoking toplevel() on ptolemy.moml.MoMLSimpleApplication@594370a9
reloadAllAccessors: .RunningMinimum

===========================================================================================
----------------- testing Mon Apr 15 04:02:05 UTC 2019 /home/travis/build/icyphy/ptII/ptolemy/actor/lib/test/auto/Scale.xml
----------------- Instantiating /home/travis/build/icyphy/ptII/ptolemy/actor/lib/test/auto/Scale.xml
1 ms. Memory: 1581056K Free: 562199K (36%)
----------------- Invoking toplevel() on ptolemy.moml.MoMLSimpleApplication@144614a9
----------------- Done invoking toplevel() on ptolemy.moml.MoMLSimpleApplication@144614a9
reloadAllAccessors: .Scale

===========================================================================================
----------------- testing Mon Apr 15 04:02:05 UTC 2019 /home/travis/build/icyphy/ptII/ptolemy/actor/lib/test/auto/Scale2.xml
----------------- Instantiating /home/travis/build/icyphy/ptII/ptolemy/actor/lib/test/auto/Scale2.xml
1 ms. Memory: 1581056K Free: 547571K (35%)
----------------- Invoking toplevel() on ptolemy.moml.MoMLSimpleApplication@8ba8370
----------------- Done invoking toplevel() on ptolemy.moml.MoMLSimpleApplication@8ba8370
reloadAllAccessors: .Scale2

===========================================================================================
----------------- testing Mon Apr 15 04:02:05 UTC 2019 /home/travis/build/icyphy/ptII/ptolemy/actor/lib/test/auto/Scale3.xml
----------------- Instantiating /home/travis/build/icyphy/ptII/ptolemy/actor/lib/test/auto/Scale3.xml
8 ms. Memory: 1581056K Free: 527687K (33%)
----------------- Invoking toplevel() on ptolemy.moml.MoMLSimpleApplication@5cc044dd
----------------- Done invoking toplevel() on ptolemy.moml.MoMLSimpleApplication@5cc044dd
reloadAllAccessors: .Scale3

===========================================================================================
----------------- testing Mon Apr 15 04:02:05 UTC 2019 /home/travis/build/icyphy/ptII/ptolemy/actor/lib/test/auto/ScaleArray.xml
----------------- Instantiating /home/travis/build/icyphy/ptII/ptolemy/actor/lib/test/auto/ScaleArray.xml
7 ms. Memory: 1581056K Free: 513059K (32%)
----------------- Invoking toplevel() on ptolemy.moml.MoMLSimpleApplication@42d897b1
----------------- Done invoking toplevel() on ptolemy.moml.MoMLSimpleApplication@42d897b1
reloadAllAccessors: .ScaleArray

===========================================================================================
----------------- testing Mon Apr 15 04:02:05 UTC 2019 /home/travis/build/icyphy/ptII/ptolemy/actor/lib/test/auto/ScaleArray2.xml
----------------- Instantiating /home/travis/build/icyphy/ptII/ptolemy/actor/lib/test/auto/ScaleArray2.xml
1 ms. Memory: 1581056K Free: 498431K (32%)
----------------- Invoking toplevel() on ptolemy.moml.MoMLSimpleApplication@38626024
----------------- Done invoking toplevel() on ptolemy.moml.MoMLSimpleApplication@38626024
reloadAllAccessors: .ScaleArray2

===========================================================================================
----------------- testing Mon Apr 15 04:02:05 UTC 2019 /home/travis/build/icyphy/ptII/ptolemy/actor/lib/test/auto/ScaleMatrix.xml
----------------- Instantiating /home/travis/build/icyphy/ptII/ptolemy/actor/lib/test/auto/ScaleMatrix.xml
133 ms. Memory: 1581056K Free: 471233K (30%)
----------------- Invoking toplevel() on ptolemy.moml.MoMLSimpleApplication@71d30937
----------------- Done invoking toplevel() on ptolemy.moml.MoMLSimpleApplication@71d30937
reloadAllAccessors: .ScaleMatrix

===========================================================================================
----------------- testing Mon Apr 15 04:02:05 UTC 2019 /home/travis/build/icyphy/ptII/ptolemy/actor/lib/test/auto/Select.xml
----------------- Instantiating /home/travis/build/icyphy/ptII/ptolemy/actor/lib/test/auto/Select.xml
8 ms. Memory: 1581056K Free: 456605K (29%)
----------------- Invoking toplevel() on ptolemy.moml.MoMLSimpleApplication@4dc0f076
----------------- Done invoking toplevel() on ptolemy.moml.MoMLSimpleApplication@4dc0f076
reloadAllAccessors: .Select

===========================================================================================
----------------- testing Mon Apr 15 04:02:05 UTC 2019 /home/travis/build/icyphy/ptII/ptolemy/actor/lib/test/auto/Select2.xml
----------------- Instantiating /home/travis/build/icyphy/ptII/ptolemy/actor/lib/test/auto/Select2.xml
1 ms. Memory: 1581056K Free: 436721K (28%)
----------------- Invoking toplevel() on ptolemy.moml.MoMLSimpleApplication@45c37d68
----------------- Done invoking toplevel() on ptolemy.moml.MoMLSimpleApplication@45c37d68
reloadAllAccessors: .Select2

===========================================================================================
----------------- testing Mon Apr 15 04:02:05 UTC 2019 /home/travis/build/icyphy/ptII/ptolemy/actor/lib/test/auto/SequenceToArray2.xml
----------------- Instantiating /home/travis/build/icyphy/ptII/ptolemy/actor/lib/test/auto/SequenceToArray2.xml
78 ms. Memory: 1581056K Free: 348945K (22%)
----------------- Invoking toplevel() on ptolemy.moml.MoMLSimpleApplication@671a32dc
----------------- Done invoking toplevel() on ptolemy.moml.MoMLSimpleApplication@671a32dc
reloadAllAccessors: .SequenceToArray2

===========================================================================================
----------------- testing Mon Apr 15 04:02:05 UTC 2019 /home/travis/build/icyphy/ptII/ptolemy/actor/lib/test/auto/SequentialClock.xml
----------------- Instantiating /home/travis/build/icyphy/ptII/ptolemy/actor/lib/test/auto/SequentialClock.xml
2 ms. Memory: 1581056K Free: 329061K (21%)
----------------- Invoking toplevel() on ptolemy.moml.MoMLSimpleApplication@72728629
----------------- Done invoking toplevel() on ptolemy.moml.MoMLSimpleApplication@72728629
reloadAllAccessors: .SequentialClock

===========================================================================================
----------------- testing Mon Apr 15 04:02:05 UTC 2019 /home/travis/build/icyphy/ptII/ptolemy/actor/lib/test/auto/SetVariable.xml
----------------- Instantiating /home/travis/build/icyphy/ptII/ptolemy/actor/lib/test/auto/SetVariable.xml
2 ms. Memory: 1581056K Free: 314433K (20%)
----------------- Invoking toplevel() on ptolemy.moml.MoMLSimpleApplication@77cf5846
----------------- Done invoking toplevel() on ptolemy.moml.MoMLSimpleApplication@77cf5846
reloadAllAccessors: .SetVariable

===========================================================================================
----------------- testing Mon Apr 15 04:02:05 UTC 2019 /home/travis/build/icyphy/ptII/ptolemy/actor/lib/test/auto/SetVariable2.xml
----------------- Instantiating /home/travis/build/icyphy/ptII/ptolemy/actor/lib/test/auto/SetVariable2.xml
3 ms. Memory: 1581056K Free: 294549K (19%)
----------------- Invoking toplevel() on ptolemy.moml.MoMLSimpleApplication@427e5a1b
----------------- Done invoking toplevel() on ptolemy.moml.MoMLSimpleApplication@427e5a1b
reloadAllAccessors: .SetVariable2

===========================================================================================
----------------- testing Mon Apr 15 04:02:05 UTC 2019 /home/travis/build/icyphy/ptII/ptolemy/actor/lib/test/auto/SetVariable3.xml
----------------- Instantiating /home/travis/build/icyphy/ptII/ptolemy/actor/lib/test/auto/SetVariable3.xml
4 ms. Memory: 1581056K Free: 279921K (18%)
----------------- Invoking toplevel() on ptolemy.moml.MoMLSimpleApplication@7acbea0
----------------- Done invoking toplevel() on ptolemy.moml.MoMLSimpleApplication@7acbea0
reloadAllAccessors: .SetVariable3

===========================================================================================
----------------- testing Mon Apr 15 04:02:05 UTC 2019 /home/travis/build/icyphy/ptII/ptolemy/actor/lib/test/auto/SetVariable4.xml
----------------- Instantiating /home/travis/build/icyphy/ptII/ptolemy/actor/lib/test/auto/SetVariable4.xml
9 ms. Memory: 1581056K Free: 208839K (13%)
----------------- Invoking toplevel() on ptolemy.moml.MoMLSimpleApplication@3297f00e
----------------- Done invoking toplevel() on ptolemy.moml.MoMLSimpleApplication@3297f00e
reloadAllAccessors: .SetVariable4

===========================================================================================
----------------- testing Mon Apr 15 04:02:05 UTC 2019 /home/travis/build/icyphy/ptII/ptolemy/actor/lib/test/auto/SetVariable5.xml
----------------- Instantiating /home/travis/build/icyphy/ptII/ptolemy/actor/lib/test/auto/SetVariable5.xml
13 ms. Memory: 1581056K Free: 194211K (12%)
----------------- Invoking toplevel() on ptolemy.moml.MoMLSimpleApplication@77855299
----------------- Done invoking toplevel() on ptolemy.moml.MoMLSimpleApplication@77855299
reloadAllAccessors: .SetVariable5

===========================================================================================
----------------- testing Mon Apr 15 04:02:06 UTC 2019 /home/travis/build/icyphy/ptII/ptolemy/actor/lib/test/auto/Sinewave.xml
----------------- Instantiating /home/travis/build/icyphy/ptII/ptolemy/actor/lib/test/auto/Sinewave.xml
3 ms. Memory: 1581056K Free: 166997K (11%)
----------------- Invoking toplevel() on ptolemy.moml.MoMLSimpleApplication@4edb9ea4
----------------- Done invoking toplevel() on ptolemy.moml.MoMLSimpleApplication@4edb9ea4
reloadAllAccessors: .Sinewave

===========================================================================================
----------------- testing Mon Apr 15 04:02:06 UTC 2019 /home/travis/build/icyphy/ptII/ptolemy/actor/lib/test/auto/Sinewave2.xml
----------------- Instantiating /home/travis/build/icyphy/ptII/ptolemy/actor/lib/test/auto/Sinewave2.xml
6 ms. Memory: 1581056K Free: 152369K (10%)
----------------- Invoking toplevel() on ptolemy.moml.MoMLSimpleApplication@79931d5
----------------- Done invoking toplevel() on ptolemy.moml.MoMLSimpleApplication@79931d5
reloadAllAccessors: .Sinewave2

===========================================================================================
----------------- testing Mon Apr 15 04:02:06 UTC 2019 /home/travis/build/icyphy/ptII/ptolemy/actor/lib/test/auto/Sinewave3.xml
----------------- Instantiating /home/travis/build/icyphy/ptII/ptolemy/actor/lib/test/auto/Sinewave3.xml
6 ms. Memory: 1581056K Free: 132485K (8%)
----------------- Invoking toplevel() on ptolemy.moml.MoMLSimpleApplication@431d8819
----------------- Done invoking toplevel() on ptolemy.moml.MoMLSimpleApplication@431d8819
reloadAllAccessors: .Sinewave3

===========================================================================================
----------------- testing Mon Apr 15 04:02:06 UTC 2019 /home/travis/build/icyphy/ptII/ptolemy/actor/lib/test/auto/SingleEvent.xml
----------------- Instantiating /home/travis/build/icyphy/ptII/ptolemy/actor/lib/test/auto/SingleEvent.xml
0 ms. Memory: 1581056K Free: 117857K (7%)
----------------- Invoking toplevel() on ptolemy.moml.MoMLSimpleApplication@541fca7a
----------------- Done invoking toplevel() on ptolemy.moml.MoMLSimpleApplication@541fca7a
reloadAllAccessors: .SingleEvent

===========================================================================================
----------------- testing Mon Apr 15 04:02:06 UTC 2019 /home/travis/build/icyphy/ptII/ptolemy/actor/lib/test/auto/Sleep.xml
----------------- Instantiating /home/travis/build/icyphy/ptII/ptolemy/actor/lib/test/auto/Sleep.xml
6003 ms. Memory: 1581056K Free: 97973K (6%)
----------------- Invoking toplevel() on ptolemy.moml.MoMLSimpleApplication@7b32f915
----------------- Done invoking toplevel() on ptolemy.moml.MoMLSimpleApplication@7b32f915
reloadAllAccessors: .Sleep

===========================================================================================
----------------- testing Mon Apr 15 04:02:12 UTC 2019 /home/travis/build/icyphy/ptII/ptolemy/actor/lib/test/auto/SleepMultipleFire.xml
----------------- Instantiating /home/travis/build/icyphy/ptII/ptolemy/actor/lib/test/auto/SleepMultipleFire.xml
1006 ms. Memory: 1581056K Free: 83345K (5%)
----------------- Invoking toplevel() on ptolemy.moml.MoMLSimpleApplication@2a1a6e9f
----------------- Done invoking toplevel() on ptolemy.moml.MoMLSimpleApplication@2a1a6e9f
reloadAllAccessors: .SleepMultipleFire

===========================================================================================
----------------- testing Mon Apr 15 04:02:13 UTC 2019 /home/travis/build/icyphy/ptII/ptolemy/actor/lib/test/auto/StopDE.xml
----------------- Instantiating /home/travis/build/icyphy/ptII/ptolemy/actor/lib/test/auto/StopDE.xml
2 ms. Memory: 1718272K Free: 1667090K (97%)
----------------- Invoking toplevel() on ptolemy.moml.MoMLSimpleApplication@35ed0732
----------------- Done invoking toplevel() on ptolemy.moml.MoMLSimpleApplication@35ed0732
reloadAllAccessors: .StopDE

===========================================================================================
----------------- testing Mon Apr 15 04:02:13 UTC 2019 /home/travis/build/icyphy/ptII/ptolemy/actor/lib/test/auto/StopSDF.xml
----------------- Instantiating /home/travis/build/icyphy/ptII/ptolemy/actor/lib/test/auto/StopSDF.xml
2 ms. Memory: 1718272K Free: 1646466K (96%)
----------------- Invoking toplevel() on ptolemy.moml.MoMLSimpleApplication@7ffd5fa3
----------------- Done invoking toplevel() on ptolemy.moml.MoMLSimpleApplication@7ffd5fa3
reloadAllAccessors: .StopSDF

===========================================================================================
----------------- testing Mon Apr 15 04:02:13 UTC 2019 /home/travis/build/icyphy/ptII/ptolemy/actor/lib/test/auto/StringConstant.xml
----------------- Instantiating /home/travis/build/icyphy/ptII/ptolemy/actor/lib/test/auto/StringConstant.xml
1 ms. Memory: 1718272K Free: 1625841K (95%)
----------------- Invoking toplevel() on ptolemy.moml.MoMLSimpleApplication@79acb27e
----------------- Done invoking toplevel() on ptolemy.moml.MoMLSimpleApplication@79acb27e
reloadAllAccessors: .StringConstant

===========================================================================================
----------------- testing Mon Apr 15 04:02:13 UTC 2019 /home/travis/build/icyphy/ptII/ptolemy/actor/lib/test/auto/SubscriberPortInitialValues1.xml
----------------- Instantiating /home/travis/build/icyphy/ptII/ptolemy/actor/lib/test/auto/SubscriberPortInitialValues1.xml
5 ms. Memory: 1718272K Free: 1609662K (94%)
----------------- Invoking toplevel() on ptolemy.moml.MoMLSimpleApplication@359916f
----------------- Done invoking toplevel() on ptolemy.moml.MoMLSimpleApplication@359916f
reloadAllAccessors: .SubscriberPortInitialValues1

===========================================================================================
----------------- testing Mon Apr 15 04:02:13 UTC 2019 /home/travis/build/icyphy/ptII/ptolemy/actor/lib/test/auto/SubscriberPortInitialValues13.xml
----------------- Instantiating /home/travis/build/icyphy/ptII/ptolemy/actor/lib/test/auto/SubscriberPortInitialValues13.xml
4 ms. Memory: 1718272K Free: 1580932K (92%)
----------------- Invoking toplevel() on ptolemy.moml.MoMLSimpleApplication@3ef4829f
----------------- Done invoking toplevel() on ptolemy.moml.MoMLSimpleApplication@3ef4829f
reloadAllAccessors: .SubscriberPortInitialValues13

===========================================================================================
----------------- testing Mon Apr 15 04:02:13 UTC 2019 /home/travis/build/icyphy/ptII/ptolemy/actor/lib/test/auto/SubscriberPortInitialValues14.xml
----------------- Instantiating /home/travis/build/icyphy/ptII/ptolemy/actor/lib/test/auto/SubscriberPortInitialValues14.xml
3 ms. Memory: 1718272K Free: 1564753K (91%)
----------------- Invoking toplevel() on ptolemy.moml.MoMLSimpleApplication@af4f37a
----------------- Done invoking toplevel() on ptolemy.moml.MoMLSimpleApplication@af4f37a
reloadAllAccessors: .SubscriberPortInitialValues14

===========================================================================================
----------------- testing Mon Apr 15 04:02:13 UTC 2019 /home/travis/build/icyphy/ptII/ptolemy/actor/lib/test/auto/SubscriberPortInitialValues2.xml
----------------- Instantiating /home/travis/build/icyphy/ptII/ptolemy/actor/lib/test/auto/SubscriberPortInitialValues2.xml
4 ms. Memory: 1718272K Free: 1544129K (90%)
----------------- Invoking toplevel() on ptolemy.moml.MoMLSimpleApplication@edb0e54
----------------- Done invoking toplevel() on ptolemy.moml.MoMLSimpleApplication@edb0e54
reloadAllAccessors: .SubscriberPortInitialValues2

===========================================================================================
----------------- testing Mon Apr 15 04:02:13 UTC 2019 /home/travis/build/icyphy/ptII/ptolemy/actor/lib/test/auto/SubscriberPortInitialValues3.xml
----------------- Instantiating /home/travis/build/icyphy/ptII/ptolemy/actor/lib/test/auto/SubscriberPortInitialValues3.xml
3 ms. Memory: 1718272K Free: 1527949K (89%)
----------------- Invoking toplevel() on ptolemy.moml.MoMLSimpleApplication@10f94cb6
----------------- Done invoking toplevel() on ptolemy.moml.MoMLSimpleApplication@10f94cb6
reloadAllAccessors: .SubscriberPortInitialValues3

===========================================================================================
----------------- testing Mon Apr 15 04:02:13 UTC 2019 /home/travis/build/icyphy/ptII/ptolemy/actor/lib/test/auto/SubscriptionAggregator.xml
----------------- Instantiating /home/travis/build/icyphy/ptII/ptolemy/actor/lib/test/auto/SubscriptionAggregator.xml
3 ms. Memory: 1718272K Free: 1507325K (88%)
----------------- Invoking toplevel() on ptolemy.moml.MoMLSimpleApplication@2a7e8f6b
----------------- Done invoking toplevel() on ptolemy.moml.MoMLSimpleApplication@2a7e8f6b
reloadAllAccessors: .SubscriptionAggregator

===========================================================================================
----------------- testing Mon Apr 15 04:02:13 UTC 2019 /home/travis/build/icyphy/ptII/ptolemy/actor/lib/test/auto/SubscriptionAggregator2.xml
----------------- Instantiating /home/travis/build/icyphy/ptII/ptolemy/actor/lib/test/auto/SubscriptionAggregator2.xml
2 ms. Memory: 1718272K Free: 1486700K (87%)
----------------- Invoking toplevel() on ptolemy.moml.MoMLSimpleApplication@300a2ffa
----------------- Done invoking toplevel() on ptolemy.moml.MoMLSimpleApplication@300a2ffa
reloadAllAccessors: .SubscriptionAggregator2

===========================================================================================
----------------- testing Mon Apr 15 04:02:13 UTC 2019 /home/travis/build/icyphy/ptII/ptolemy/actor/lib/test/auto/SubscriptionAggregator3.xml
----------------- Instantiating /home/travis/build/icyphy/ptII/ptolemy/actor/lib/test/auto/SubscriptionAggregator3.xml
3 ms. Memory: 1718272K Free: 1470521K (86%)
----------------- Invoking toplevel() on ptolemy.moml.MoMLSimpleApplication@2486d0f6
----------------- Done invoking toplevel() on ptolemy.moml.MoMLSimpleApplication@2486d0f6
reloadAllAccessors: .SubscriptionAggregator3

===========================================================================================
----------------- testing Mon Apr 15 04:02:13 UTC 2019 /home/travis/build/icyphy/ptII/ptolemy/actor/lib/test/auto/SubscriptionAggregatorMultiply.xml
----------------- Instantiating /home/travis/build/icyphy/ptII/ptolemy/actor/lib/test/auto/SubscriptionAggregatorMultiply.xml
3 ms. Memory: 1718272K Free: 1449897K (84%)
----------------- Invoking toplevel() on ptolemy.moml.MoMLSimpleApplication@66d61847
----------------- Done invoking toplevel() on ptolemy.moml.MoMLSimpleApplication@66d61847
reloadAllAccessors: .SubscriptionAggregatorMultiply

===========================================================================================
----------------- testing Mon Apr 15 04:02:13 UTC 2019 /home/travis/build/icyphy/ptII/ptolemy/actor/lib/test/auto/SubscriptionAggregatorPortMultiply1.xml
----------------- Instantiating /home/travis/build/icyphy/ptII/ptolemy/actor/lib/test/auto/SubscriptionAggregatorPortMultiply1.xml
3 ms. Memory: 1718272K Free: 1433717K (83%)
----------------- Invoking toplevel() on ptolemy.moml.MoMLSimpleApplication@572117e4
----------------- Done invoking toplevel() on ptolemy.moml.MoMLSimpleApplication@572117e4
reloadAllAccessors: .SubscriptionAggregatorPortMultiply1

===========================================================================================
----------------- testing Mon Apr 15 04:02:13 UTC 2019 /home/travis/build/icyphy/ptII/ptolemy/actor/lib/test/auto/Switch.xml
----------------- Instantiating /home/travis/build/icyphy/ptII/ptolemy/actor/lib/test/auto/Switch.xml
4 ms. Memory: 1718272K Free: 1364516K (79%)
----------------- Invoking toplevel() on ptolemy.moml.MoMLSimpleApplication@6d5791d5
----------------- Done invoking toplevel() on ptolemy.moml.MoMLSimpleApplication@6d5791d5
reloadAllAccessors: .Switch

===========================================================================================
----------------- testing Mon Apr 15 04:02:13 UTC 2019 /home/travis/build/icyphy/ptII/ptolemy/actor/lib/test/auto/Switch2.xml
----------------- Instantiating /home/travis/build/icyphy/ptII/ptolemy/actor/lib/test/auto/Switch2.xml
1 ms. Memory: 1718272K Free: 1348337K (78%)
----------------- Invoking toplevel() on ptolemy.moml.MoMLSimpleApplication@50c862
----------------- Done invoking toplevel() on ptolemy.moml.MoMLSimpleApplication@50c862
reloadAllAccessors: .Switch2

===========================================================================================
----------------- testing Mon Apr 15 04:02:13 UTC 2019 /home/travis/build/icyphy/ptII/ptolemy/actor/lib/test/auto/SwitchDE.xml
----------------- Instantiating /home/travis/build/icyphy/ptII/ptolemy/actor/lib/test/auto/SwitchDE.xml
2 ms. Memory: 1718272K Free: 1327712K (77%)
----------------- Invoking toplevel() on ptolemy.moml.MoMLSimpleApplication@6af1f644
----------------- Done invoking toplevel() on ptolemy.moml.MoMLSimpleApplication@6af1f644
reloadAllAccessors: .SwitchDE

===========================================================================================
----------------- testing Mon Apr 15 04:02:13 UTC 2019 /home/travis/build/icyphy/ptII/ptolemy/actor/lib/test/auto/SynchronizerDE.xml
----------------- Instantiating /home/travis/build/icyphy/ptII/ptolemy/actor/lib/test/auto/SynchronizerDE.xml
3 ms. Memory: 1718272K Free: 1311533K (76%)
----------------- Invoking toplevel() on ptolemy.moml.MoMLSimpleApplication@2e7de2d
----------------- Done invoking toplevel() on ptolemy.moml.MoMLSimpleApplication@2e7de2d
reloadAllAccessors: .SynchronizerDE

===========================================================================================
----------------- testing Mon Apr 15 04:02:13 UTC 2019 /home/travis/build/icyphy/ptII/ptolemy/actor/lib/test/auto/Test.xml
----------------- Instantiating /home/travis/build/icyphy/ptII/ptolemy/actor/lib/test/auto/Test.xml
2 ms. Memory: 1718272K Free: 1290909K (75%)
----------------- Invoking toplevel() on ptolemy.moml.MoMLSimpleApplication@62fc1e60
----------------- Done invoking toplevel() on ptolemy.moml.MoMLSimpleApplication@62fc1e60
reloadAllAccessors: .Test

===========================================================================================
----------------- testing Mon Apr 15 04:02:13 UTC 2019 /home/travis/build/icyphy/ptII/ptolemy/actor/lib/test/auto/TestExceptionAttribute1.xml
----------------- Instantiating /home/travis/build/icyphy/ptII/ptolemy/actor/lib/test/auto/TestExceptionAttribute1.xml
0 ms. Memory: 1718272K Free: 1270284K (74%)
----------------- Invoking toplevel() on ptolemy.moml.MoMLSimpleApplication@3d60fad2
----------------- Done invoking toplevel() on ptolemy.moml.MoMLSimpleApplication@3d60fad2
reloadAllAccessors: .TestExceptionAttribute1

===========================================================================================
----------------- testing Mon Apr 15 04:02:13 UTC 2019 /home/travis/build/icyphy/ptII/ptolemy/actor/lib/test/auto/TestExceptionAttribute2.xml
----------------- Instantiating /home/travis/build/icyphy/ptII/ptolemy/actor/lib/test/auto/TestExceptionAttribute2.xml
1 ms. Memory: 1718272K Free: 1254105K (73%)
----------------- Invoking toplevel() on ptolemy.moml.MoMLSimpleApplication@57e0f2d4
----------------- Done invoking toplevel() on ptolemy.moml.MoMLSimpleApplication@57e0f2d4
reloadAllAccessors: .TestExceptionAttribute2

===========================================================================================
----------------- testing Mon Apr 15 04:02:13 UTC 2019 /home/travis/build/icyphy/ptII/ptolemy/actor/lib/test/auto/TestExceptionAttribute3.xml
----------------- Instantiating /home/travis/build/icyphy/ptII/ptolemy/actor/lib/test/auto/TestExceptionAttribute3.xml
.TestExceptionAttribute3.TestExceptionAttribute: initialize() was not invoked, but wrapup() was.  This is unusual, but not always a problem.  For example, exporting JNLP will do this.
1 ms. Memory: 1718272K Free: 1233481K (72%)
----------------- Invoking toplevel() on ptolemy.moml.MoMLSimpleApplication@75516159
----------------- Done invoking toplevel() on ptolemy.moml.MoMLSimpleApplication@75516159
reloadAllAccessors: .TestExceptionAttribute3

===========================================================================================
----------------- testing Mon Apr 15 04:02:13 UTC 2019 /home/travis/build/icyphy/ptII/ptolemy/actor/lib/test/auto/TestExceptionAttribute4.xml
----------------- Instantiating /home/travis/build/icyphy/ptII/ptolemy/actor/lib/test/auto/TestExceptionAttribute4.xml
.TestExceptionAttribute4.TestExceptionAttribute: initialize() was not invoked, but wrapup() was.  This is unusual, but not always a problem.  For example, exporting JNLP will do this.
.TestExceptionAttribute4.TestExceptionAttribute2: initialize() was not invoked, but wrapup() was.  This is unusual, but not always a problem.  For example, exporting JNLP will do this.
1 ms. Memory: 1718272K Free: 1217302K (71%)
----------------- Invoking toplevel() on ptolemy.moml.MoMLSimpleApplication@22669956
----------------- Done invoking toplevel() on ptolemy.moml.MoMLSimpleApplication@22669956
reloadAllAccessors: .TestExceptionAttribute4

===========================================================================================
----------------- testing Mon Apr 15 04:02:13 UTC 2019 /home/travis/build/icyphy/ptII/ptolemy/actor/lib/test/auto/TestExceptionHandler1.xml
----------------- Instantiating /home/travis/build/icyphy/ptII/ptolemy/actor/lib/test/auto/TestExceptionHandler1.xml
1 ms. Memory: 1718272K Free: 1196677K (70%)
----------------- Invoking toplevel() on ptolemy.moml.MoMLSimpleApplication@e29621f
----------------- Done invoking toplevel() on ptolemy.moml.MoMLSimpleApplication@e29621f
reloadAllAccessors: .TestExceptionHandler1

===========================================================================================
----------------- testing Mon Apr 15 04:02:13 UTC 2019 /home/travis/build/icyphy/ptII/ptolemy/actor/lib/test/auto/TestExceptionHandler2.xml
----------------- Instantiating /home/travis/build/icyphy/ptII/ptolemy/actor/lib/test/auto/TestExceptionHandler2.xml
1 ms. Memory: 1718272K Free: 1180498K (69%)
----------------- Invoking toplevel() on ptolemy.moml.MoMLSimpleApplication@6325df83
----------------- Done invoking toplevel() on ptolemy.moml.MoMLSimpleApplication@6325df83
reloadAllAccessors: .TestExceptionHandler2

===========================================================================================
----------------- testing Mon Apr 15 04:02:13 UTC 2019 /home/travis/build/icyphy/ptII/ptolemy/actor/lib/test/auto/TestExceptionHandler3.xml
----------------- Instantiating /home/travis/build/icyphy/ptII/ptolemy/actor/lib/test/auto/TestExceptionHandler3.xml
1 ms. Memory: 1718272K Free: 1159873K (68%)
----------------- Invoking toplevel() on ptolemy.moml.MoMLSimpleApplication@31c6b278
----------------- Done invoking toplevel() on ptolemy.moml.MoMLSimpleApplication@31c6b278
reloadAllAccessors: .TestExceptionHandler3

===========================================================================================
----------------- testing Mon Apr 15 04:02:13 UTC 2019 /home/travis/build/icyphy/ptII/ptolemy/actor/lib/test/auto/TestExceptionHandler4.xml
----------------- Instantiating /home/travis/build/icyphy/ptII/ptolemy/actor/lib/test/auto/TestExceptionHandler4.xml
1 ms. Memory: 1718272K Free: 1139249K (66%)
----------------- Invoking toplevel() on ptolemy.moml.MoMLSimpleApplication@5831519a
----------------- Done invoking toplevel() on ptolemy.moml.MoMLSimpleApplication@5831519a
reloadAllAccessors: .TestExceptionHandler4

===========================================================================================
----------------- testing Mon Apr 15 04:02:13 UTC 2019 /home/travis/build/icyphy/ptII/ptolemy/actor/lib/test/auto/TestRequireCorrectOrder.xml
----------------- Instantiating /home/travis/build/icyphy/ptII/ptolemy/actor/lib/test/auto/TestRequireCorrectOrder.xml
2 ms. Memory: 1718272K Free: 1123070K (65%)
----------------- Invoking toplevel() on ptolemy.moml.MoMLSimpleApplication@183692f7
----------------- Done invoking toplevel() on ptolemy.moml.MoMLSimpleApplication@183692f7
reloadAllAccessors: .TestRequireCorrectOrder

===========================================================================================
----------------- testing Mon Apr 15 04:02:13 UTC 2019 /home/travis/build/icyphy/ptII/ptolemy/actor/lib/test/auto/TestSimple.xml
----------------- Instantiating /home/travis/build/icyphy/ptII/ptolemy/actor/lib/test/auto/TestSimple.xml
1 ms. Memory: 1718272K Free: 1102445K (64%)
----------------- Invoking toplevel() on ptolemy.moml.MoMLSimpleApplication@ac2e698
----------------- Done invoking toplevel() on ptolemy.moml.MoMLSimpleApplication@ac2e698
reloadAllAccessors: .TestSimple

===========================================================================================
----------------- testing Mon Apr 15 04:02:13 UTC 2019 /home/travis/build/icyphy/ptII/ptolemy/actor/lib/test/auto/ThrowModelError.xml
----------------- Instantiating /home/travis/build/icyphy/ptII/ptolemy/actor/lib/test/auto/ThrowModelError.xml
2 ms. Memory: 1718272K Free: 1086266K (63%)
----------------- Invoking toplevel() on ptolemy.moml.MoMLSimpleApplication@6ea37a81
----------------- Done invoking toplevel() on ptolemy.moml.MoMLSimpleApplication@6ea37a81
reloadAllAccessors: .ThrowModelError

===========================================================================================
----------------- testing Mon Apr 15 04:02:13 UTC 2019 /home/travis/build/icyphy/ptII/ptolemy/actor/lib/test/auto/TimeDelayMicrosteps.xml
----------------- Instantiating /home/travis/build/icyphy/ptII/ptolemy/actor/lib/test/auto/TimeDelayMicrosteps.xml
3 ms. Memory: 1718272K Free: 1065642K (62%)
----------------- Invoking toplevel() on ptolemy.moml.MoMLSimpleApplication@2968b88c
----------------- Done invoking toplevel() on ptolemy.moml.MoMLSimpleApplication@2968b88c
reloadAllAccessors: .TimeDelayMicrosteps

===========================================================================================
----------------- testing Mon Apr 15 04:02:13 UTC 2019 /home/travis/build/icyphy/ptII/ptolemy/actor/lib/test/auto/TimeDelayMicrosteps2.xml
----------------- Instantiating /home/travis/build/icyphy/ptII/ptolemy/actor/lib/test/auto/TimeDelayMicrosteps2.xml
3 ms. Memory: 1718272K Free: 1049462K (61%)
----------------- Invoking toplevel() on ptolemy.moml.MoMLSimpleApplication@29781dde
----------------- Done invoking toplevel() on ptolemy.moml.MoMLSimpleApplication@29781dde
reloadAllAccessors: .TimeDelayMicrosteps2

===========================================================================================
----------------- testing Mon Apr 15 04:02:13 UTC 2019 /home/travis/build/icyphy/ptII/ptolemy/actor/lib/test/auto/TimeDelayMicrosteps3.xml
----------------- Instantiating /home/travis/build/icyphy/ptII/ptolemy/actor/lib/test/auto/TimeDelayMicrosteps3.xml
2 ms. Memory: 1718272K Free: 1028838K (60%)
----------------- Invoking toplevel() on ptolemy.moml.MoMLSimpleApplication@257de83a
----------------- Done invoking toplevel() on ptolemy.moml.MoMLSimpleApplication@257de83a
reloadAllAccessors: .TimeDelayMicrosteps3

===========================================================================================
----------------- testing Mon Apr 15 04:02:13 UTC 2019 /home/travis/build/icyphy/ptII/ptolemy/actor/lib/test/auto/TimeDelayVariableMicrosteps.xml
----------------- Instantiating /home/travis/build/icyphy/ptII/ptolemy/actor/lib/test/auto/TimeDelayVariableMicrosteps.xml
2 ms. Memory: 1718272K Free: 1012658K (59%)
----------------- Invoking toplevel() on ptolemy.moml.MoMLSimpleApplication@1b615180
----------------- Done invoking toplevel() on ptolemy.moml.MoMLSimpleApplication@1b615180
reloadAllAccessors: .TimeDelayVariableMicrosteps

===========================================================================================
----------------- testing Mon Apr 15 04:02:13 UTC 2019 /home/travis/build/icyphy/ptII/ptolemy/actor/lib/test/auto/TimeGap.xml
----------------- Instantiating /home/travis/build/icyphy/ptII/ptolemy/actor/lib/test/auto/TimeGap.xml
2 ms. Memory: 1718272K Free: 992034K (58%)
----------------- Invoking toplevel() on ptolemy.moml.MoMLSimpleApplication@438a5b34
----------------- Done invoking toplevel() on ptolemy.moml.MoMLSimpleApplication@438a5b34
reloadAllAccessors: .TimeGap

===========================================================================================
----------------- testing Mon Apr 15 04:02:13 UTC 2019 /home/travis/build/icyphy/ptII/ptolemy/actor/lib/test/auto/TimeGap2.xml
----------------- Instantiating /home/travis/build/icyphy/ptII/ptolemy/actor/lib/test/auto/TimeGap2.xml
2 ms. Memory: 1718272K Free: 971409K (57%)
----------------- Invoking toplevel() on ptolemy.moml.MoMLSimpleApplication@5bcb2231
----------------- Done invoking toplevel() on ptolemy.moml.MoMLSimpleApplication@5bcb2231
reloadAllAccessors: .TimeGap2

===========================================================================================
----------------- testing Mon Apr 15 04:02:13 UTC 2019 /home/travis/build/icyphy/ptII/ptolemy/actor/lib/test/auto/TimedSinewave.xml
----------------- Instantiating /home/travis/build/icyphy/ptII/ptolemy/actor/lib/test/auto/TimedSinewave.xml
12 ms. Memory: 1718272K Free: 947132K (55%)
----------------- Invoking toplevel() on ptolemy.moml.MoMLSimpleApplication@216c5567
----------------- Done invoking toplevel() on ptolemy.moml.MoMLSimpleApplication@216c5567
reloadAllAccessors: .TimedSinewave

===========================================================================================
----------------- testing Mon Apr 15 04:02:13 UTC 2019 /home/travis/build/icyphy/ptII/ptolemy/actor/lib/test/auto/TimedSinewavePhase.xml
----------------- Instantiating /home/travis/build/icyphy/ptII/ptolemy/actor/lib/test/auto/TimedSinewavePhase.xml
9 ms. Memory: 1718272K Free: 926508K (54%)
----------------- Invoking toplevel() on ptolemy.moml.MoMLSimpleApplication@27544aca
----------------- Done invoking toplevel() on ptolemy.moml.MoMLSimpleApplication@27544aca
reloadAllAccessors: .TimedSinewavePhase

===========================================================================================
----------------- testing Mon Apr 15 04:02:13 UTC 2019 /home/travis/build/icyphy/ptII/ptolemy/actor/lib/test/auto/Timer.xml
----------------- Instantiating /home/travis/build/icyphy/ptII/ptolemy/actor/lib/test/auto/Timer.xml
2 ms. Memory: 1718272K Free: 910329K (53%)
----------------- Invoking toplevel() on ptolemy.moml.MoMLSimpleApplication@7a476f2c
----------------- Done invoking toplevel() on ptolemy.moml.MoMLSimpleApplication@7a476f2c
reloadAllAccessors: .Timer

===========================================================================================
----------------- testing Mon Apr 15 04:02:13 UTC 2019 /home/travis/build/icyphy/ptII/ptolemy/actor/lib/test/auto/TriangularDistTestModel.xml
----------------- Instantiating /home/travis/build/icyphy/ptII/ptolemy/actor/lib/test/auto/TriangularDistTestModel.xml
2 ms. Memory: 1718272K Free: 889704K (52%)
----------------- Invoking toplevel() on ptolemy.moml.MoMLSimpleApplication@3b3065b5
----------------- Done invoking toplevel() on ptolemy.moml.MoMLSimpleApplication@3b3065b5
reloadAllAccessors: .TriangularDistTestModel

===========================================================================================
----------------- testing Mon Apr 15 04:02:13 UTC 2019 /home/travis/build/icyphy/ptII/ptolemy/actor/lib/test/auto/TrigFunction.xml
----------------- Instantiating /home/travis/build/icyphy/ptII/ptolemy/actor/lib/test/auto/TrigFunction.xml
2 ms. Memory: 1718272K Free: 873525K (51%)
----------------- Invoking toplevel() on ptolemy.moml.MoMLSimpleApplication@1096aa56
----------------- Done invoking toplevel() on ptolemy.moml.MoMLSimpleApplication@1096aa56
reloadAllAccessors: .TrigFunction

===========================================================================================
----------------- testing Mon Apr 15 04:02:13 UTC 2019 /home/travis/build/icyphy/ptII/ptolemy/actor/lib/test/auto/TrigFunctionDE.xml
----------------- Instantiating /home/travis/build/icyphy/ptII/ptolemy/actor/lib/test/auto/TrigFunctionDE.xml
2 ms. Memory: 1718272K Free: 852900K (50%)
----------------- Invoking toplevel() on ptolemy.moml.MoMLSimpleApplication@40849a37
----------------- Done invoking toplevel() on ptolemy.moml.MoMLSimpleApplication@40849a37
reloadAllAccessors: .TrigFunctionDE

===========================================================================================
----------------- testing Mon Apr 15 04:02:13 UTC 2019 /home/travis/build/icyphy/ptII/ptolemy/actor/lib/test/auto/TrigFunctionInverse.xml
----------------- Instantiating /home/travis/build/icyphy/ptII/ptolemy/actor/lib/test/auto/TrigFunctionInverse.xml
2 ms. Memory: 1718272K Free: 832276K (48%)
----------------- Invoking toplevel() on ptolemy.moml.MoMLSimpleApplication@75f44f73
----------------- Done invoking toplevel() on ptolemy.moml.MoMLSimpleApplication@75f44f73
reloadAllAccessors: .TrigFunctionInverse

===========================================================================================
----------------- testing Mon Apr 15 04:02:13 UTC 2019 /home/travis/build/icyphy/ptII/ptolemy/actor/lib/test/auto/TrigFunctionTan.xml
----------------- Instantiating /home/travis/build/icyphy/ptII/ptolemy/actor/lib/test/auto/TrigFunctionTan.xml
1 ms. Memory: 1718272K Free: 816097K (47%)
----------------- Invoking toplevel() on ptolemy.moml.MoMLSimpleApplication@4949c571
----------------- Done invoking toplevel() on ptolemy.moml.MoMLSimpleApplication@4949c571
reloadAllAccessors: .TrigFunctionTan

===========================================================================================
----------------- testing Mon Apr 15 04:02:13 UTC 2019 /home/travis/build/icyphy/ptII/ptolemy/actor/lib/test/auto/TriggeredClock.xml
----------------- Instantiating /home/travis/build/icyphy/ptII/ptolemy/actor/lib/test/auto/TriggeredClock.xml
2 ms. Memory: 1718272K Free: 795472K (46%)
----------------- Invoking toplevel() on ptolemy.moml.MoMLSimpleApplication@235b4f32
----------------- Done invoking toplevel() on ptolemy.moml.MoMLSimpleApplication@235b4f32
reloadAllAccessors: .TriggeredClock

===========================================================================================
----------------- testing Mon Apr 15 04:02:13 UTC 2019 /home/travis/build/icyphy/ptII/ptolemy/actor/lib/test/auto/URLDirectoryReader.xml
----------------- Instantiating /home/travis/build/icyphy/ptII/ptolemy/actor/lib/test/auto/URLDirectoryReader.xml
31 ms. Memory: 1718272K Free: 779293K (45%)
----------------- Invoking toplevel() on ptolemy.moml.MoMLSimpleApplication@770cb541
----------------- Done invoking toplevel() on ptolemy.moml.MoMLSimpleApplication@770cb541
reloadAllAccessors: .URLDirectoryReader

===========================================================================================
----------------- testing Mon Apr 15 04:02:14 UTC 2019 /home/travis/build/icyphy/ptII/ptolemy/actor/lib/test/auto/URLDirectoryReader3.xml
----------------- Instantiating /home/travis/build/icyphy/ptII/ptolemy/actor/lib/test/auto/URLDirectoryReader3.xml
1125 ms. Memory: 1718272K Free: 718220K (42%)
----------------- Invoking toplevel() on ptolemy.moml.MoMLSimpleApplication@509e8aca
----------------- Done invoking toplevel() on ptolemy.moml.MoMLSimpleApplication@509e8aca
reloadAllAccessors: .URLDirectoryReader3

===========================================================================================
----------------- testing Mon Apr 15 04:02:15 UTC 2019 /home/travis/build/icyphy/ptII/ptolemy/actor/lib/test/auto/UnaryMathFunction.xml
----------------- Instantiating /home/travis/build/icyphy/ptII/ptolemy/actor/lib/test/auto/UnaryMathFunction.xml
11 ms. Memory: 1718272K Free: 702041K (41%)
----------------- Invoking toplevel() on ptolemy.moml.MoMLSimpleApplication@5505a85f
----------------- Done invoking toplevel() on ptolemy.moml.MoMLSimpleApplication@5505a85f
reloadAllAccessors: .UnaryMathFunction

===========================================================================================
----------------- testing Mon Apr 15 04:02:15 UTC 2019 /home/travis/build/icyphy/ptII/ptolemy/actor/lib/test/auto/Uniform.xml
----------------- Instantiating /home/travis/build/icyphy/ptII/ptolemy/actor/lib/test/auto/Uniform.xml
7 ms. Memory: 1718272K Free: 681416K (40%)
----------------- Invoking toplevel() on ptolemy.moml.MoMLSimpleApplication@6a353031
----------------- Done invoking toplevel() on ptolemy.moml.MoMLSimpleApplication@6a353031
reloadAllAccessors: .Uniform

===========================================================================================
----------------- testing Mon Apr 15 04:02:15 UTC 2019 /home/travis/build/icyphy/ptII/ptolemy/actor/lib/test/auto/UnionDisassemblerTest.xml
----------------- Instantiating /home/travis/build/icyphy/ptII/ptolemy/actor/lib/test/auto/UnionDisassemblerTest.xml
10 ms. Memory: 1718272K Free: 665237K (39%)
----------------- Invoking toplevel() on ptolemy.moml.MoMLSimpleApplication@ed25b2
----------------- Done invoking toplevel() on ptolemy.moml.MoMLSimpleApplication@ed25b2
reloadAllAccessors: .UnionDisassemblerTest

===========================================================================================
----------------- testing Mon Apr 15 04:02:15 UTC 2019 /home/travis/build/icyphy/ptII/ptolemy/actor/lib/test/auto/UtilityFunctions.xml
----------------- Instantiating /home/travis/build/icyphy/ptII/ptolemy/actor/lib/test/auto/UtilityFunctions.xml
1 ms. Memory: 1718272K Free: 644613K (38%)
----------------- Invoking toplevel() on ptolemy.moml.MoMLSimpleApplication@575e61b3
----------------- Done invoking toplevel() on ptolemy.moml.MoMLSimpleApplication@575e61b3
reloadAllAccessors: .UtilityFunctions

===========================================================================================
----------------- testing Mon Apr 15 04:02:15 UTC 2019 /home/travis/build/icyphy/ptII/ptolemy/actor/lib/test/auto/VariableSleep.xml
----------------- Instantiating /home/travis/build/icyphy/ptII/ptolemy/actor/lib/test/auto/VariableSleep.xml
506 ms. Memory: 1718272K Free: 623988K (36%)
----------------- Invoking toplevel() on ptolemy.moml.MoMLSimpleApplication@3846233a
----------------- Done invoking toplevel() on ptolemy.moml.MoMLSimpleApplication@3846233a
reloadAllAccessors: .VariableSleep

===========================================================================================
----------------- testing Mon Apr 15 04:02:16 UTC 2019 /home/travis/build/icyphy/ptII/ptolemy/actor/lib/test/auto/VectorAssemblerDisassemblerCT.xml
----------------- Instantiating /home/travis/build/icyphy/ptII/ptolemy/actor/lib/test/auto/VectorAssemblerDisassemblerCT.xml
66 ms. Memory: 1718272K Free: 591614K (34%)
----------------- Invoking toplevel() on ptolemy.moml.MoMLSimpleApplication@311a617
----------------- Done invoking toplevel() on ptolemy.moml.MoMLSimpleApplication@311a617
reloadAllAccessors: .VectorAssemblerDisassemblerCT

===========================================================================================
----------------- testing Mon Apr 15 04:02:16 UTC 2019 /home/travis/build/icyphy/ptII/ptolemy/actor/lib/test/auto/VectorAssemblerDisassemblerDE.xml
----------------- Instantiating /home/travis/build/icyphy/ptII/ptolemy/actor/lib/test/auto/VectorAssemblerDisassemblerDE.xml
2 ms. Memory: 1718272K Free: 570989K (33%)
----------------- Invoking toplevel() on ptolemy.moml.MoMLSimpleApplication@321b74d8
----------------- Done invoking toplevel() on ptolemy.moml.MoMLSimpleApplication@321b74d8
reloadAllAccessors: .VectorAssemblerDisassemblerDE

===========================================================================================
----------------- testing Mon Apr 15 04:02:16 UTC 2019 /home/travis/build/icyphy/ptII/ptolemy/actor/lib/test/auto/VectorAssemblerDisassemblerSDF.xml
----------------- Instantiating /home/travis/build/icyphy/ptII/ptolemy/actor/lib/test/auto/VectorAssemblerDisassemblerSDF.xml
2 ms. Memory: 1718272K Free: 554810K (32%)
----------------- Invoking toplevel() on ptolemy.moml.MoMLSimpleApplication@34084041
----------------- Done invoking toplevel() on ptolemy.moml.MoMLSimpleApplication@34084041
reloadAllAccessors: .VectorAssemblerDisassemblerSDF

===========================================================================================
----------------- testing Mon Apr 15 04:02:16 UTC 2019 /home/travis/build/icyphy/ptII/ptolemy/actor/lib/test/auto/WallClockTime.xml
----------------- Instantiating /home/travis/build/icyphy/ptII/ptolemy/actor/lib/test/auto/WallClockTime.xml
1005 ms. Memory: 1718272K Free: 534185K (31%)
----------------- Invoking toplevel() on ptolemy.moml.MoMLSimpleApplication@392a6fc1
----------------- Done invoking toplevel() on ptolemy.moml.MoMLSimpleApplication@392a6fc1
reloadAllAccessors: .WallClockTime

===========================================================================================
----------------- testing Mon Apr 15 04:02:17 UTC 2019 /home/travis/build/icyphy/ptII/ptolemy/actor/lib/test/auto/WidthTestWithSubscriberPublisher.xml
----------------- Instantiating /home/travis/build/icyphy/ptII/ptolemy/actor/lib/test/auto/WidthTestWithSubscriberPublisher.xml
6 ms. Memory: 1718272K Free: 509900K (30%)
----------------- Invoking toplevel() on ptolemy.moml.MoMLSimpleApplication@fd47517
----------------- Done invoking toplevel() on ptolemy.moml.MoMLSimpleApplication@fd47517
reloadAllAccessors: .WidthTestWithSubscriberPublisher

===========================================================================================
----------------- testing Mon Apr 15 04:02:17 UTC 2019 /home/travis/build/icyphy/ptII/ptolemy/actor/lib/test/auto/WidthTestWithSubscriberPublisher2.xml
----------------- Instantiating /home/travis/build/icyphy/ptII/ptolemy/actor/lib/test/auto/WidthTestWithSubscriberPublisher2.xml
3 ms. Memory: 1718272K Free: 489276K (28%)
----------------- Invoking toplevel() on ptolemy.moml.MoMLSimpleApplication@62a3f228
----------------- Done invoking toplevel() on ptolemy.moml.MoMLSimpleApplication@62a3f228
reloadAllAccessors: .WidthTestWithSubscriberPublisher2

===========================================================================================
----------------- testing Mon Apr 15 04:02:17 UTC 2019 /home/travis/build/icyphy/ptII/ptolemy/actor/lib/test/auto/WidthTestWithSubscriberPublisher3.xml
----------------- Instantiating /home/travis/build/icyphy/ptII/ptolemy/actor/lib/test/auto/WidthTestWithSubscriberPublisher3.xml
1 ms. Memory: 1718272K Free: 468651K (27%)
----------------- Invoking toplevel() on ptolemy.moml.MoMLSimpleApplication@19397755
----------------- Done invoking toplevel() on ptolemy.moml.MoMLSimpleApplication@19397755
reloadAllAccessors: .WidthTestWithSubscriberPublisher3

===========================================================================================
----------------- testing Mon Apr 15 04:02:17 UTC 2019 /home/travis/build/icyphy/ptII/ptolemy/actor/lib/test/auto/Writer.xml
----------------- Instantiating /home/travis/build/icyphy/ptII/ptolemy/actor/lib/test/auto/Writer.xml
0
1
2
3
4
2 ms. Memory: 1718272K Free: 452472K (26%)
----------------- Invoking toplevel() on ptolemy.moml.MoMLSimpleApplication@2509b29
----------------- Done invoking toplevel() on ptolemy.moml.MoMLSimpleApplication@2509b29
reloadAllAccessors: .Writer

===========================================================================================
----------------- testing Mon Apr 15 04:02:17 UTC 2019 /home/travis/build/icyphy/ptII/ptolemy/actor/lib/test/auto/array.xml
----------------- Instantiating /home/travis/build/icyphy/ptII/ptolemy/actor/lib/test/auto/array.xml
5 ms. Memory: 1718272K Free: 431847K (25%)
----------------- Invoking toplevel() on ptolemy.moml.MoMLSimpleApplication@7d0eea21
----------------- Done invoking toplevel() on ptolemy.moml.MoMLSimpleApplication@7d0eea21
reloadAllAccessors: .array

===========================================================================================
----------------- testing Mon Apr 15 04:02:17 UTC 2019 /home/travis/build/icyphy/ptII/ptolemy/actor/lib/test/auto/array2.xml
----------------- Instantiating /home/travis/build/icyphy/ptII/ptolemy/actor/lib/test/auto/array2.xml
2 ms. Memory: 1718272K Free: 415668K (24%)
----------------- Invoking toplevel() on ptolemy.moml.MoMLSimpleApplication@6b2af590
----------------- Done invoking toplevel() on ptolemy.moml.MoMLSimpleApplication@6b2af590
reloadAllAccessors: .array2

===========================================================================================
----------------- testing Mon Apr 15 04:02:17 UTC 2019 /home/travis/build/icyphy/ptII/ptolemy/actor/lib/test/auto/arrayType.xml
----------------- Instantiating /home/travis/build/icyphy/ptII/ptolemy/actor/lib/test/auto/arrayType.xml
2 ms. Memory: 1718272K Free: 395044K (23%)
----------------- Invoking toplevel() on ptolemy.moml.MoMLSimpleApplication@484baf40
----------------- Done invoking toplevel() on ptolemy.moml.MoMLSimpleApplication@484baf40
reloadAllAccessors: .arrayType

===========================================================================================
----------------- testing Mon Apr 15 04:02:17 UTC 2019 /home/travis/build/icyphy/ptII/ptolemy/actor/lib/test/auto/arrayType10.xml
----------------- Instantiating /home/travis/build/icyphy/ptII/ptolemy/actor/lib/test/auto/arrayType10.xml
2 ms. Memory: 1718272K Free: 378864K (22%)
----------------- Invoking toplevel() on ptolemy.moml.MoMLSimpleApplication@72c70d8c
----------------- Done invoking toplevel() on ptolemy.moml.MoMLSimpleApplication@72c70d8c
reloadAllAccessors: .arrayType10

===========================================================================================
----------------- testing Mon Apr 15 04:02:17 UTC 2019 /home/travis/build/icyphy/ptII/ptolemy/actor/lib/test/auto/arrayType11.xml
----------------- Instantiating /home/travis/build/icyphy/ptII/ptolemy/actor/lib/test/auto/arrayType11.xml
2 ms. Memory: 1718272K Free: 358240K (21%)
----------------- Invoking toplevel() on ptolemy.moml.MoMLSimpleApplication@2919dd3a
----------------- Done invoking toplevel() on ptolemy.moml.MoMLSimpleApplication@2919dd3a
reloadAllAccessors: .arrayType11

===========================================================================================
----------------- testing Mon Apr 15 04:02:17 UTC 2019 /home/travis/build/icyphy/ptII/ptolemy/actor/lib/test/auto/arrayType12.xml
----------------- Instantiating /home/travis/build/icyphy/ptII/ptolemy/actor/lib/test/auto/arrayType12.xml
1 ms. Memory: 1718272K Free: 337615K (20%)
----------------- Invoking toplevel() on ptolemy.moml.MoMLSimpleApplication@13fa1b24
----------------- Done invoking toplevel() on ptolemy.moml.MoMLSimpleApplication@13fa1b24
reloadAllAccessors: .arrayType12

===========================================================================================
----------------- testing Mon Apr 15 04:02:17 UTC 2019 /home/travis/build/icyphy/ptII/ptolemy/actor/lib/test/auto/arrayType13.xml
----------------- Instantiating /home/travis/build/icyphy/ptII/ptolemy/actor/lib/test/auto/arrayType13.xml
1 ms. Memory: 1718272K Free: 321436K (19%)
----------------- Invoking toplevel() on ptolemy.moml.MoMLSimpleApplication@66f2d67b
----------------- Done invoking toplevel() on ptolemy.moml.MoMLSimpleApplication@66f2d67b
reloadAllAccessors: .arrayType13

===========================================================================================
----------------- testing Mon Apr 15 04:02:17 UTC 2019 /home/travis/build/icyphy/ptII/ptolemy/actor/lib/test/auto/arrayType14.xml
----------------- Instantiating /home/travis/build/icyphy/ptII/ptolemy/actor/lib/test/auto/arrayType14.xml
1 ms. Memory: 1718272K Free: 300812K (18%)
----------------- Invoking toplevel() on ptolemy.moml.MoMLSimpleApplication@4e8db1a9
----------------- Done invoking toplevel() on ptolemy.moml.MoMLSimpleApplication@4e8db1a9
reloadAllAccessors: .arrayType14

===========================================================================================
----------------- testing Mon Apr 15 04:02:17 UTC 2019 /home/travis/build/icyphy/ptII/ptolemy/actor/lib/test/auto/arrayType15.xml
----------------- Instantiating /home/travis/build/icyphy/ptII/ptolemy/actor/lib/test/auto/arrayType15.xml
2 ms. Memory: 1718272K Free: 284632K (17%)
----------------- Invoking toplevel() on ptolemy.moml.MoMLSimpleApplication@437af1cb
----------------- Done invoking toplevel() on ptolemy.moml.MoMLSimpleApplication@437af1cb
reloadAllAccessors: .arrayType15

===========================================================================================
----------------- testing Mon Apr 15 04:02:17 UTC 2019 /home/travis/build/icyphy/ptII/ptolemy/actor/lib/test/auto/arrayType16.xml
----------------- Instantiating /home/travis/build/icyphy/ptII/ptolemy/actor/lib/test/auto/arrayType16.xml
1 ms. Memory: 1718272K Free: 264008K (15%)
----------------- Invoking toplevel() on ptolemy.moml.MoMLSimpleApplication@382bec11
----------------- Done invoking toplevel() on ptolemy.moml.MoMLSimpleApplication@382bec11
reloadAllAccessors: .arrayType16

===========================================================================================
----------------- testing Mon Apr 15 04:02:17 UTC 2019 /home/travis/build/icyphy/ptII/ptolemy/actor/lib/test/auto/arrayType17.xml
----------------- Instantiating /home/travis/build/icyphy/ptII/ptolemy/actor/lib/test/auto/arrayType17.xml
1 ms. Memory: 1718272K Free: 247828K (14%)
----------------- Invoking toplevel() on ptolemy.moml.MoMLSimpleApplication@5c7780bc
----------------- Done invoking toplevel() on ptolemy.moml.MoMLSimpleApplication@5c7780bc
reloadAllAccessors: .arrayType17

===========================================================================================
----------------- testing Mon Apr 15 04:02:17 UTC 2019 /home/travis/build/icyphy/ptII/ptolemy/actor/lib/test/auto/arrayType18.xml
----------------- Instantiating /home/travis/build/icyphy/ptII/ptolemy/actor/lib/test/auto/arrayType18.xml
1 ms. Memory: 1718272K Free: 227204K (13%)
----------------- Invoking toplevel() on ptolemy.moml.MoMLSimpleApplication@71108cb5
----------------- Done invoking toplevel() on ptolemy.moml.MoMLSimpleApplication@71108cb5
reloadAllAccessors: .arrayType18

===========================================================================================
----------------- testing Mon Apr 15 04:02:17 UTC 2019 /home/travis/build/icyphy/ptII/ptolemy/actor/lib/test/auto/arrayType19.xml
----------------- Instantiating /home/travis/build/icyphy/ptII/ptolemy/actor/lib/test/auto/arrayType19.xml
2 ms. Memory: 1718272K Free: 206579K (12%)
----------------- Invoking toplevel() on ptolemy.moml.MoMLSimpleApplication@5924ea25
----------------- Done invoking toplevel() on ptolemy.moml.MoMLSimpleApplication@5924ea25
reloadAllAccessors: .arrayType19

===========================================================================================
----------------- testing Mon Apr 15 04:02:17 UTC 2019 /home/travis/build/icyphy/ptII/ptolemy/actor/lib/test/auto/arrayType2.xml
----------------- Instantiating /home/travis/build/icyphy/ptII/ptolemy/actor/lib/test/auto/arrayType2.xml
3 ms. Memory: 1718272K Free: 190400K (11%)
----------------- Invoking toplevel() on ptolemy.moml.MoMLSimpleApplication@108ee544
----------------- Done invoking toplevel() on ptolemy.moml.MoMLSimpleApplication@108ee544
reloadAllAccessors: .arrayType2

===========================================================================================
----------------- testing Mon Apr 15 04:02:17 UTC 2019 /home/travis/build/icyphy/ptII/ptolemy/actor/lib/test/auto/arrayType20.xml
----------------- Instantiating /home/travis/build/icyphy/ptII/ptolemy/actor/lib/test/auto/arrayType20.xml
1 ms. Memory: 1718272K Free: 169775K (10%)
----------------- Invoking toplevel() on ptolemy.moml.MoMLSimpleApplication@7bd900f9
----------------- Done invoking toplevel() on ptolemy.moml.MoMLSimpleApplication@7bd900f9
reloadAllAccessors: .arrayType20

===========================================================================================
----------------- testing Mon Apr 15 04:02:17 UTC 2019 /home/travis/build/icyphy/ptII/ptolemy/actor/lib/test/auto/arrayType21.xml
----------------- Instantiating /home/travis/build/icyphy/ptII/ptolemy/actor/lib/test/auto/arrayType21.xml
1 ms. Memory: 1718272K Free: 153596K (9%)
----------------- Invoking toplevel() on ptolemy.moml.MoMLSimpleApplication@303c8f09
----------------- Done invoking toplevel() on ptolemy.moml.MoMLSimpleApplication@303c8f09
reloadAllAccessors: .arrayType21

===========================================================================================
----------------- testing Mon Apr 15 04:02:17 UTC 2019 /home/travis/build/icyphy/ptII/ptolemy/actor/lib/test/auto/arrayType22.xml
----------------- Instantiating /home/travis/build/icyphy/ptII/ptolemy/actor/lib/test/auto/arrayType22.xml
2 ms. Memory: 1718272K Free: 132971K (8%)
----------------- Invoking toplevel() on ptolemy.moml.MoMLSimpleApplication@79a630bc
----------------- Done invoking toplevel() on ptolemy.moml.MoMLSimpleApplication@79a630bc
reloadAllAccessors: .arrayType22

===========================================================================================
----------------- testing Mon Apr 15 04:02:17 UTC 2019 /home/travis/build/icyphy/ptII/ptolemy/actor/lib/test/auto/arrayType23.xml
----------------- Instantiating /home/travis/build/icyphy/ptII/ptolemy/actor/lib/test/auto/arrayType23.xml
3 ms. Memory: 1718272K Free: 112347K (7%)
----------------- Invoking toplevel() on ptolemy.moml.MoMLSimpleApplication@6d045df2
----------------- Done invoking toplevel() on ptolemy.moml.MoMLSimpleApplication@6d045df2
reloadAllAccessors: .arrayType23

===========================================================================================
----------------- testing Mon Apr 15 04:02:17 UTC 2019 /home/travis/build/icyphy/ptII/ptolemy/actor/lib/test/auto/arrayType24.xml
----------------- Instantiating /home/travis/build/icyphy/ptII/ptolemy/actor/lib/test/auto/arrayType24.xml
3 ms. Memory: 1718272K Free: 96168K (6%)
----------------- Invoking toplevel() on ptolemy.moml.MoMLSimpleApplication@4d69e006
----------------- Done invoking toplevel() on ptolemy.moml.MoMLSimpleApplication@4d69e006
reloadAllAccessors: .arrayType24

===========================================================================================
----------------- testing Mon Apr 15 04:02:17 UTC 2019 /home/travis/build/icyphy/ptII/ptolemy/actor/lib/test/auto/arrayType25.xml
----------------- Instantiating /home/travis/build/icyphy/ptII/ptolemy/actor/lib/test/auto/arrayType25.xml
3 ms. Memory: 1718272K Free: 75543K (4%)
----------------- Invoking toplevel() on ptolemy.moml.MoMLSimpleApplication@5fae4053
----------------- Done invoking toplevel() on ptolemy.moml.MoMLSimpleApplication@5fae4053
reloadAllAccessors: .arrayType25

===========================================================================================
----------------- testing Mon Apr 15 04:02:17 UTC 2019 /home/travis/build/icyphy/ptII/ptolemy/actor/lib/test/auto/arrayType26.xml
----------------- Instantiating /home/travis/build/icyphy/ptII/ptolemy/actor/lib/test/auto/arrayType26.xml
2 ms. Memory: 1718272K Free: 61305K (4%)
----------------- Invoking toplevel() on ptolemy.moml.MoMLSimpleApplication@311efd92
----------------- Done invoking toplevel() on ptolemy.moml.MoMLSimpleApplication@311efd92
reloadAllAccessors: .arrayType26

===========================================================================================
----------------- testing Mon Apr 15 04:02:17 UTC 2019 /home/travis/build/icyphy/ptII/ptolemy/actor/lib/test/auto/arrayType27.xml
----------------- Instantiating /home/travis/build/icyphy/ptII/ptolemy/actor/lib/test/auto/arrayType27.xml
2 ms. Memory: 1738752K Free: 1669917K (96%)
----------------- Invoking toplevel() on ptolemy.moml.MoMLSimpleApplication@28aa1efc
----------------- Done invoking toplevel() on ptolemy.moml.MoMLSimpleApplication@28aa1efc
reloadAllAccessors: .arrayType27

===========================================================================================
----------------- testing Mon Apr 15 04:02:17 UTC 2019 /home/travis/build/icyphy/ptII/ptolemy/actor/lib/test/auto/arrayType28.xml
----------------- Instantiating /home/travis/build/icyphy/ptII/ptolemy/actor/lib/test/auto/arrayType28.xml
1 ms. Memory: 1738752K Free: 1653676K (95%)
----------------- Invoking toplevel() on ptolemy.moml.MoMLSimpleApplication@7f1e6723
----------------- Done invoking toplevel() on ptolemy.moml.MoMLSimpleApplication@7f1e6723
reloadAllAccessors: .arrayType28

===========================================================================================
----------------- testing Mon Apr 15 04:02:17 UTC 2019 /home/travis/build/icyphy/ptII/ptolemy/actor/lib/test/auto/arrayType3.xml
----------------- Instantiating /home/travis/build/icyphy/ptII/ptolemy/actor/lib/test/auto/arrayType3.xml
1 ms. Memory: 1738752K Free: 1633129K (94%)
----------------- Invoking toplevel() on ptolemy.moml.MoMLSimpleApplication@5d13fe41
----------------- Done invoking toplevel() on ptolemy.moml.MoMLSimpleApplication@5d13fe41
reloadAllAccessors: .arrayType3

===========================================================================================
----------------- testing Mon Apr 15 04:02:17 UTC 2019 /home/travis/build/icyphy/ptII/ptolemy/actor/lib/test/auto/arrayType4.xml
----------------- Instantiating /home/travis/build/icyphy/ptII/ptolemy/actor/lib/test/auto/arrayType4.xml
1 ms. Memory: 1738752K Free: 1612581K (93%)
----------------- Invoking toplevel() on ptolemy.moml.MoMLSimpleApplication@37f911b1
----------------- Done invoking toplevel() on ptolemy.moml.MoMLSimpleApplication@37f911b1
reloadAllAccessors: .arrayType4

===========================================================================================
----------------- testing Mon Apr 15 04:02:17 UTC 2019 /home/travis/build/icyphy/ptII/ptolemy/actor/lib/test/auto/arrayType5.xml
----------------- Instantiating /home/travis/build/icyphy/ptII/ptolemy/actor/lib/test/auto/arrayType5.xml
1 ms. Memory: 1738752K Free: 1596366K (92%)
----------------- Invoking toplevel() on ptolemy.moml.MoMLSimpleApplication@53e7567b
----------------- Done invoking toplevel() on ptolemy.moml.MoMLSimpleApplication@53e7567b
reloadAllAccessors: .arrayType5

===========================================================================================
----------------- testing Mon Apr 15 04:02:17 UTC 2019 /home/travis/build/icyphy/ptII/ptolemy/actor/lib/test/auto/arrayType6.xml
----------------- Instantiating /home/travis/build/icyphy/ptII/ptolemy/actor/lib/test/auto/arrayType6.xml
2 ms. Memory: 1738752K Free: 1575818K (91%)
----------------- Invoking toplevel() on ptolemy.moml.MoMLSimpleApplication@5752327d
----------------- Done invoking toplevel() on ptolemy.moml.MoMLSimpleApplication@5752327d
reloadAllAccessors: .arrayType6

===========================================================================================
----------------- testing Mon Apr 15 04:02:17 UTC 2019 /home/travis/build/icyphy/ptII/ptolemy/actor/lib/test/auto/arrayType7.xml
----------------- Instantiating /home/travis/build/icyphy/ptII/ptolemy/actor/lib/test/auto/arrayType7.xml
2 ms. Memory: 1738752K Free: 1559603K (90%)
----------------- Invoking toplevel() on ptolemy.moml.MoMLSimpleApplication@5aea5e7d
----------------- Done invoking toplevel() on ptolemy.moml.MoMLSimpleApplication@5aea5e7d
reloadAllAccessors: .arrayType7

===========================================================================================
----------------- testing Mon Apr 15 04:02:17 UTC 2019 /home/travis/build/icyphy/ptII/ptolemy/actor/lib/test/auto/arrayType8.xml
----------------- Instantiating /home/travis/build/icyphy/ptII/ptolemy/actor/lib/test/auto/arrayType8.xml
2 ms. Memory: 1738752K Free: 1539055K (89%)
----------------- Invoking toplevel() on ptolemy.moml.MoMLSimpleApplication@7ec1c5a0
----------------- Done invoking toplevel() on ptolemy.moml.MoMLSimpleApplication@7ec1c5a0
reloadAllAccessors: .arrayType8

===========================================================================================
----------------- testing Mon Apr 15 04:02:17 UTC 2019 /home/travis/build/icyphy/ptII/ptolemy/actor/lib/test/auto/arrayType9.xml
----------------- Instantiating /home/travis/build/icyphy/ptII/ptolemy/actor/lib/test/auto/arrayType9.xml
1 ms. Memory: 1738752K Free: 1518507K (87%)
----------------- Invoking toplevel() on ptolemy.moml.MoMLSimpleApplication@5ed4857f
----------------- Done invoking toplevel() on ptolemy.moml.MoMLSimpleApplication@5ed4857f
reloadAllAccessors: .arrayType9

===========================================================================================
----------------- testing Mon Apr 15 04:02:17 UTC 2019 /home/travis/build/icyphy/ptII/ptolemy/actor/lib/test/auto/cast.xml
----------------- Instantiating /home/travis/build/icyphy/ptII/ptolemy/actor/lib/test/auto/cast.xml
2 ms. Memory: 1738752K Free: 1502292K (86%)
----------------- Invoking toplevel() on ptolemy.moml.MoMLSimpleApplication@6b33635c
----------------- Done invoking toplevel() on ptolemy.moml.MoMLSimpleApplication@6b33635c
reloadAllAccessors: .cast

===========================================================================================
----------------- testing Mon Apr 15 04:02:17 UTC 2019 /home/travis/build/icyphy/ptII/ptolemy/actor/lib/test/auto/compositeMultiPort.xml
----------------- Instantiating /home/travis/build/icyphy/ptII/ptolemy/actor/lib/test/auto/compositeMultiPort.xml
3 ms. Memory: 1738752K Free: 1481744K (85%)
----------------- Invoking toplevel() on ptolemy.moml.MoMLSimpleApplication@6c3ef124
----------------- Done invoking toplevel() on ptolemy.moml.MoMLSimpleApplication@6c3ef124
reloadAllAccessors: .compositeMultiPort

===========================================================================================
----------------- testing Mon Apr 15 04:02:17 UTC 2019 /home/travis/build/icyphy/ptII/ptolemy/actor/lib/test/auto/expressionCastInference.xml
----------------- Instantiating /home/travis/build/icyphy/ptII/ptolemy/actor/lib/test/auto/expressionCastInference.xml
3 ms. Memory: 1738752K Free: 1465529K (84%)
----------------- Invoking toplevel() on ptolemy.moml.MoMLSimpleApplication@70e235fb
----------------- Done invoking toplevel() on ptolemy.moml.MoMLSimpleApplication@70e235fb
reloadAllAccessors: .expressionCastInference

===========================================================================================
----------------- testing Mon Apr 15 04:02:17 UTC 2019 /home/travis/build/icyphy/ptII/ptolemy/actor/lib/test/auto/expressionCastInference2.xml
----------------- Instantiating /home/travis/build/icyphy/ptII/ptolemy/actor/lib/test/auto/expressionCastInference2.xml
1 ms. Memory: 1738752K Free: 1444982K (83%)
----------------- Invoking toplevel() on ptolemy.moml.MoMLSimpleApplication@b15024
----------------- Done invoking toplevel() on ptolemy.moml.MoMLSimpleApplication@b15024
reloadAllAccessors: .expressionCastInference2

===========================================================================================
----------------- testing Mon Apr 15 04:02:17 UTC 2019 /home/travis/build/icyphy/ptII/ptolemy/actor/lib/test/auto/expressionInference.xml
----------------- Instantiating /home/travis/build/icyphy/ptII/ptolemy/actor/lib/test/auto/expressionInference.xml
2 ms. Memory: 1738752K Free: 1424434K (82%)
----------------- Invoking toplevel() on ptolemy.moml.MoMLSimpleApplication@1c9dd1b1
----------------- Done invoking toplevel() on ptolemy.moml.MoMLSimpleApplication@1c9dd1b1
reloadAllAccessors: .expressionInference

===========================================================================================
----------------- testing Mon Apr 15 04:02:17 UTC 2019 /home/travis/build/icyphy/ptII/ptolemy/actor/lib/test/auto/expression_bug.xml
----------------- Instantiating /home/travis/build/icyphy/ptII/ptolemy/actor/lib/test/auto/expression_bug.xml
1 ms. Memory: 1738752K Free: 1408219K (81%)
----------------- Invoking toplevel() on ptolemy.moml.MoMLSimpleApplication@4a913a0e
----------------- Done invoking toplevel() on ptolemy.moml.MoMLSimpleApplication@4a913a0e
reloadAllAccessors: .expression_bug

===========================================================================================
----------------- testing Mon Apr 15 04:02:17 UTC 2019 /home/travis/build/icyphy/ptII/ptolemy/actor/lib/test/auto/factorial.xml
----------------- Instantiating /home/travis/build/icyphy/ptII/ptolemy/actor/lib/test/auto/factorial.xml
34 ms. Memory: 1738752K Free: 1387671K (80%)
----------------- Invoking toplevel() on ptolemy.moml.MoMLSimpleApplication@21c674e5
----------------- Done invoking toplevel() on ptolemy.moml.MoMLSimpleApplication@21c674e5
reloadAllAccessors: .factorial

===========================================================================================
----------------- testing Mon Apr 15 04:02:17 UTC 2019 /home/travis/build/icyphy/ptII/ptolemy/actor/lib/test/auto/filterTest1.xml
----------------- Instantiating /home/travis/build/icyphy/ptII/ptolemy/actor/lib/test/auto/filterTest1.xml
3 ms. Memory: 1738752K Free: 1371456K (79%)
----------------- Invoking toplevel() on ptolemy.moml.MoMLSimpleApplication@362fc6aa
----------------- Done invoking toplevel() on ptolemy.moml.MoMLSimpleApplication@362fc6aa
reloadAllAccessors: .filterTest1

===========================================================================================
----------------- testing Mon Apr 15 04:02:18 UTC 2019 /home/travis/build/icyphy/ptII/ptolemy/actor/lib/test/auto/funcApplyInConst.xml
----------------- Instantiating /home/travis/build/icyphy/ptII/ptolemy/actor/lib/test/auto/funcApplyInConst.xml
1 ms. Memory: 1738752K Free: 1350908K (78%)
----------------- Invoking toplevel() on ptolemy.moml.MoMLSimpleApplication@5948a867
----------------- Done invoking toplevel() on ptolemy.moml.MoMLSimpleApplication@5948a867
reloadAllAccessors: .funcApplyInConst

===========================================================================================
----------------- testing Mon Apr 15 04:02:18 UTC 2019 /home/travis/build/icyphy/ptII/ptolemy/actor/lib/test/auto/funcApplyInExpr.xml
----------------- Instantiating /home/travis/build/icyphy/ptII/ptolemy/actor/lib/test/auto/funcApplyInExpr.xml
1 ms. Memory: 1738752K Free: 1330360K (77%)
----------------- Invoking toplevel() on ptolemy.moml.MoMLSimpleApplication@337d1bcb
----------------- Done invoking toplevel() on ptolemy.moml.MoMLSimpleApplication@337d1bcb
reloadAllAccessors: .funcApplyInExpr

===========================================================================================
----------------- testing Mon Apr 15 04:02:18 UTC 2019 /home/travis/build/icyphy/ptII/ptolemy/actor/lib/test/auto/function.xml
----------------- Instantiating /home/travis/build/icyphy/ptII/ptolemy/actor/lib/test/auto/function.xml
2 ms. Memory: 1738752K Free: 1314145K (76%)
----------------- Invoking toplevel() on ptolemy.moml.MoMLSimpleApplication@32a0fd47
----------------- Done invoking toplevel() on ptolemy.moml.MoMLSimpleApplication@32a0fd47
reloadAllAccessors: .function

===========================================================================================
----------------- testing Mon Apr 15 04:02:18 UTC 2019 /home/travis/build/icyphy/ptII/ptolemy/actor/lib/test/auto/function2.xml
----------------- Instantiating /home/travis/build/icyphy/ptII/ptolemy/actor/lib/test/auto/function2.xml
1 ms. Memory: 1738752K Free: 1293597K (74%)
----------------- Invoking toplevel() on ptolemy.moml.MoMLSimpleApplication@320f930d
----------------- Done invoking toplevel() on ptolemy.moml.MoMLSimpleApplication@320f930d
reloadAllAccessors: .function2

===========================================================================================
----------------- testing Mon Apr 15 04:02:18 UTC 2019 /home/travis/build/icyphy/ptII/ptolemy/actor/lib/test/auto/function3.xml
----------------- Instantiating /home/travis/build/icyphy/ptII/ptolemy/actor/lib/test/auto/function3.xml
1 ms. Memory: 1738752K Free: 1277382K (73%)
----------------- Invoking toplevel() on ptolemy.moml.MoMLSimpleApplication@11629336
----------------- Done invoking toplevel() on ptolemy.moml.MoMLSimpleApplication@11629336
reloadAllAccessors: .function3

===========================================================================================
----------------- testing Mon Apr 15 04:02:18 UTC 2019 /home/travis/build/icyphy/ptII/ptolemy/actor/lib/test/auto/functionClosureTest1.xml
----------------- Instantiating /home/travis/build/icyphy/ptII/ptolemy/actor/lib/test/auto/functionClosureTest1.xml
2 ms. Memory: 1738752K Free: 1256834K (72%)
----------------- Invoking toplevel() on ptolemy.moml.MoMLSimpleApplication@4a54b0aa
----------------- Done invoking toplevel() on ptolemy.moml.MoMLSimpleApplication@4a54b0aa
reloadAllAccessors: .functionClosureTest1

===========================================================================================
----------------- testing Mon Apr 15 04:02:18 UTC 2019 /home/travis/build/icyphy/ptII/ptolemy/actor/lib/test/auto/functionClosureTest2.xml
----------------- Instantiating /home/travis/build/icyphy/ptII/ptolemy/actor/lib/test/auto/functionClosureTest2.xml
1 ms. Memory: 1738752K Free: 1236286K (71%)
----------------- Invoking toplevel() on ptolemy.moml.MoMLSimpleApplication@5df3fd9e
----------------- Done invoking toplevel() on ptolemy.moml.MoMLSimpleApplication@5df3fd9e
reloadAllAccessors: .functionClosureTest2

===========================================================================================
----------------- testing Mon Apr 15 04:02:18 UTC 2019 /home/travis/build/icyphy/ptII/ptolemy/actor/lib/test/auto/functionClosureTest3.xml
----------------- Instantiating /home/travis/build/icyphy/ptII/ptolemy/actor/lib/test/auto/functionClosureTest3.xml
2 ms. Memory: 1738752K Free: 1220071K (70%)
----------------- Invoking toplevel() on ptolemy.moml.MoMLSimpleApplication@286beceb
----------------- Done invoking toplevel() on ptolemy.moml.MoMLSimpleApplication@286beceb
reloadAllAccessors: .functionClosureTest3

===========================================================================================
----------------- testing Mon Apr 15 04:02:18 UTC 2019 /home/travis/build/icyphy/ptII/ptolemy/actor/lib/test/auto/functionClosureTest4.xml
----------------- Instantiating /home/travis/build/icyphy/ptII/ptolemy/actor/lib/test/auto/functionClosureTest4.xml
3 ms. Memory: 1738752K Free: 1199524K (69%)
----------------- Invoking toplevel() on ptolemy.moml.MoMLSimpleApplication@5b584ec5
----------------- Done invoking toplevel() on ptolemy.moml.MoMLSimpleApplication@5b584ec5
reloadAllAccessors: .functionClosureTest4

===========================================================================================
----------------- testing Mon Apr 15 04:02:18 UTC 2019 /home/travis/build/icyphy/ptII/ptolemy/actor/lib/test/auto/functionClosureTest5.xml
----------------- Instantiating /home/travis/build/icyphy/ptII/ptolemy/actor/lib/test/auto/functionClosureTest5.xml
4 ms. Memory: 1738752K Free: 1183308K (68%)
----------------- Invoking toplevel() on ptolemy.moml.MoMLSimpleApplication@65c66384
----------------- Done invoking toplevel() on ptolemy.moml.MoMLSimpleApplication@65c66384
reloadAllAccessors: .functionClosureTest5

===========================================================================================
----------------- testing Mon Apr 15 04:02:18 UTC 2019 /home/travis/build/icyphy/ptII/ptolemy/actor/lib/test/auto/functionClosureTest6.xml
----------------- Instantiating /home/travis/build/icyphy/ptII/ptolemy/actor/lib/test/auto/functionClosureTest6.xml
1 ms. Memory: 1738752K Free: 1162761K (67%)
----------------- Invoking toplevel() on ptolemy.moml.MoMLSimpleApplication@626cf52a
----------------- Done invoking toplevel() on ptolemy.moml.MoMLSimpleApplication@626cf52a
reloadAllAccessors: .functionClosureTest6

===========================================================================================
----------------- testing Mon Apr 15 04:02:18 UTC 2019 /home/travis/build/icyphy/ptII/ptolemy/actor/lib/test/auto/functionsOnArcs.xml
----------------- Instantiating /home/travis/build/icyphy/ptII/ptolemy/actor/lib/test/auto/functionsOnArcs.xml
2 ms. Memory: 1738752K Free: 1142213K (66%)
----------------- Invoking toplevel() on ptolemy.moml.MoMLSimpleApplication@188b9b5e
----------------- Done invoking toplevel() on ptolemy.moml.MoMLSimpleApplication@188b9b5e
reloadAllAccessors: .functionsOnArcs

===========================================================================================
----------------- testing Mon Apr 15 04:02:18 UTC 2019 /home/travis/build/icyphy/ptII/ptolemy/actor/lib/test/auto/functionsOnArcsHOF.xml
----------------- Instantiating /home/travis/build/icyphy/ptII/ptolemy/actor/lib/test/auto/functionsOnArcsHOF.xml
3 ms. Memory: 1738752K Free: 1125998K (65%)
----------------- Invoking toplevel() on ptolemy.moml.MoMLSimpleApplication@4355dece
----------------- Done invoking toplevel() on ptolemy.moml.MoMLSimpleApplication@4355dece
reloadAllAccessors: .functionsOnArcsHOF

===========================================================================================
----------------- testing Mon Apr 15 04:02:18 UTC 2019 /home/travis/build/icyphy/ptII/ptolemy/actor/lib/test/auto/logic.xml
----------------- Instantiating /home/travis/build/icyphy/ptII/ptolemy/actor/lib/test/auto/logic.xml
2 ms. Memory: 1738752K Free: 1105450K (64%)
----------------- Invoking toplevel() on ptolemy.moml.MoMLSimpleApplication@4a8f8354
----------------- Done invoking toplevel() on ptolemy.moml.MoMLSimpleApplication@4a8f8354
reloadAllAccessors: .logic

===========================================================================================
----------------- testing Mon Apr 15 04:02:18 UTC 2019 /home/travis/build/icyphy/ptII/ptolemy/actor/lib/test/auto/matrixType.xml
----------------- Instantiating /home/travis/build/icyphy/ptII/ptolemy/actor/lib/test/auto/matrixType.xml
1 ms. Memory: 1738752K Free: 1089235K (63%)
----------------- Invoking toplevel() on ptolemy.moml.MoMLSimpleApplication@5f47936a
----------------- Done invoking toplevel() on ptolemy.moml.MoMLSimpleApplication@5f47936a
reloadAllAccessors: .matrixType

===========================================================================================
----------------- testing Mon Apr 15 04:02:18 UTC 2019 /home/travis/build/icyphy/ptII/ptolemy/actor/lib/test/auto/matrixType10.xml
----------------- Instantiating /home/travis/build/icyphy/ptII/ptolemy/actor/lib/test/auto/matrixType10.xml
2 ms. Memory: 1738752K Free: 1068687K (61%)
----------------- Invoking toplevel() on ptolemy.moml.MoMLSimpleApplication@23d35d03
----------------- Done invoking toplevel() on ptolemy.moml.MoMLSimpleApplication@23d35d03
reloadAllAccessors: .matrixType10

===========================================================================================
----------------- testing Mon Apr 15 04:02:18 UTC 2019 /home/travis/build/icyphy/ptII/ptolemy/actor/lib/test/auto/matrixType11.xml
----------------- Instantiating /home/travis/build/icyphy/ptII/ptolemy/actor/lib/test/auto/matrixType11.xml
1 ms. Memory: 1738752K Free: 1048139K (60%)
----------------- Invoking toplevel() on ptolemy.moml.MoMLSimpleApplication@5b0feda6
----------------- Done invoking toplevel() on ptolemy.moml.MoMLSimpleApplication@5b0feda6
reloadAllAccessors: .matrixType11

===========================================================================================
----------------- testing Mon Apr 15 04:02:18 UTC 2019 /home/travis/build/icyphy/ptII/ptolemy/actor/lib/test/auto/matrixType12.xml
----------------- Instantiating /home/travis/build/icyphy/ptII/ptolemy/actor/lib/test/auto/matrixType12.xml
1 ms. Memory: 1738752K Free: 1031924K (59%)
----------------- Invoking toplevel() on ptolemy.moml.MoMLSimpleApplication@6c90698f
----------------- Done invoking toplevel() on ptolemy.moml.MoMLSimpleApplication@6c90698f
reloadAllAccessors: .matrixType12

===========================================================================================
----------------- testing Mon Apr 15 04:02:18 UTC 2019 /home/travis/build/icyphy/ptII/ptolemy/actor/lib/test/auto/matrixType13.xml
----------------- Instantiating /home/travis/build/icyphy/ptII/ptolemy/actor/lib/test/auto/matrixType13.xml
1 ms. Memory: 1738752K Free: 1011376K (58%)
----------------- Invoking toplevel() on ptolemy.moml.MoMLSimpleApplication@6ba32ec9
----------------- Done invoking toplevel() on ptolemy.moml.MoMLSimpleApplication@6ba32ec9
reloadAllAccessors: .matrixType13

===========================================================================================
----------------- testing Mon Apr 15 04:02:18 UTC 2019 /home/travis/build/icyphy/ptII/ptolemy/actor/lib/test/auto/matrixType14.xml
----------------- Instantiating /home/travis/build/icyphy/ptII/ptolemy/actor/lib/test/auto/matrixType14.xml
1 ms. Memory: 1738752K Free: 995161K (57%)
----------------- Invoking toplevel() on ptolemy.moml.MoMLSimpleApplication@b98e8a1
----------------- Done invoking toplevel() on ptolemy.moml.MoMLSimpleApplication@b98e8a1
reloadAllAccessors: .matrixType14

===========================================================================================
----------------- testing Mon Apr 15 04:02:18 UTC 2019 /home/travis/build/icyphy/ptII/ptolemy/actor/lib/test/auto/matrixType2.xml
----------------- Instantiating /home/travis/build/icyphy/ptII/ptolemy/actor/lib/test/auto/matrixType2.xml
2 ms. Memory: 1738752K Free: 974613K (56%)
----------------- Invoking toplevel() on ptolemy.moml.MoMLSimpleApplication@901a22b
----------------- Done invoking toplevel() on ptolemy.moml.MoMLSimpleApplication@901a22b
reloadAllAccessors: .matrixType2

===========================================================================================
----------------- testing Mon Apr 15 04:02:18 UTC 2019 /home/travis/build/icyphy/ptII/ptolemy/actor/lib/test/auto/matrixType3.xml
----------------- Instantiating /home/travis/build/icyphy/ptII/ptolemy/actor/lib/test/auto/matrixType3.xml
3 ms. Memory: 1738752K Free: 954066K (55%)
----------------- Invoking toplevel() on ptolemy.moml.MoMLSimpleApplication@5815f1da
----------------- Done invoking toplevel() on ptolemy.moml.MoMLSimpleApplication@5815f1da
reloadAllAccessors: .matrixType3

===========================================================================================
----------------- testing Mon Apr 15 04:02:18 UTC 2019 /home/travis/build/icyphy/ptII/ptolemy/actor/lib/test/auto/matrixType4.xml
----------------- Instantiating /home/travis/build/icyphy/ptII/ptolemy/actor/lib/test/auto/matrixType4.xml
1 ms. Memory: 1738752K Free: 937851K (54%)
----------------- Invoking toplevel() on ptolemy.moml.MoMLSimpleApplication@18f45279
----------------- Done invoking toplevel() on ptolemy.moml.MoMLSimpleApplication@18f45279
reloadAllAccessors: .matrixType4

===========================================================================================
----------------- testing Mon Apr 15 04:02:18 UTC 2019 /home/travis/build/icyphy/ptII/ptolemy/actor/lib/test/auto/matrixType5.xml
----------------- Instantiating /home/travis/build/icyphy/ptII/ptolemy/actor/lib/test/auto/matrixType5.xml
1 ms. Memory: 1738752K Free: 917303K (53%)
----------------- Invoking toplevel() on ptolemy.moml.MoMLSimpleApplication@65a6db4b
----------------- Done invoking toplevel() on ptolemy.moml.MoMLSimpleApplication@65a6db4b
reloadAllAccessors: .matrixType5

===========================================================================================
----------------- testing Mon Apr 15 04:02:18 UTC 2019 /home/travis/build/icyphy/ptII/ptolemy/actor/lib/test/auto/matrixType6.xml
----------------- Instantiating /home/travis/build/icyphy/ptII/ptolemy/actor/lib/test/auto/matrixType6.xml
2 ms. Memory: 1738752K Free: 901088K (52%)
----------------- Invoking toplevel() on ptolemy.moml.MoMLSimpleApplication@4b7f77fc
----------------- Done invoking toplevel() on ptolemy.moml.MoMLSimpleApplication@4b7f77fc
reloadAllAccessors: .matrixType6

===========================================================================================
----------------- testing Mon Apr 15 04:02:18 UTC 2019 /home/travis/build/icyphy/ptII/ptolemy/actor/lib/test/auto/matrixType7.xml
----------------- Instantiating /home/travis/build/icyphy/ptII/ptolemy/actor/lib/test/auto/matrixType7.xml
2 ms. Memory: 1738752K Free: 880540K (51%)
----------------- Invoking toplevel() on ptolemy.moml.MoMLSimpleApplication@7d59acfc
----------------- Done invoking toplevel() on ptolemy.moml.MoMLSimpleApplication@7d59acfc
reloadAllAccessors: .matrixType7

===========================================================================================
----------------- testing Mon Apr 15 04:02:18 UTC 2019 /home/travis/build/icyphy/ptII/ptolemy/actor/lib/test/auto/matrixType8.xml
----------------- Instantiating /home/travis/build/icyphy/ptII/ptolemy/actor/lib/test/auto/matrixType8.xml
1 ms. Memory: 1738752K Free: 859992K (49%)
----------------- Invoking toplevel() on ptolemy.moml.MoMLSimpleApplication@22953325
----------------- Done invoking toplevel() on ptolemy.moml.MoMLSimpleApplication@22953325
reloadAllAccessors: .matrixType8

===========================================================================================
----------------- testing Mon Apr 15 04:02:18 UTC 2019 /home/travis/build/icyphy/ptII/ptolemy/actor/lib/test/auto/matrixType9.xml
----------------- Instantiating /home/travis/build/icyphy/ptII/ptolemy/actor/lib/test/auto/matrixType9.xml
2 ms. Memory: 1738752K Free: 843777K (49%)
----------------- Invoking toplevel() on ptolemy.moml.MoMLSimpleApplication@7d1fa5d7
----------------- Done invoking toplevel() on ptolemy.moml.MoMLSimpleApplication@7d1fa5d7
reloadAllAccessors: .matrixType9

===========================================================================================
----------------- testing Mon Apr 15 04:02:18 UTC 2019 /home/travis/build/icyphy/ptII/ptolemy/actor/lib/test/auto/paraFunctest.xml
----------------- Instantiating /home/travis/build/icyphy/ptII/ptolemy/actor/lib/test/auto/paraFunctest.xml
1 ms. Memory: 1738752K Free: 823229K (47%)
----------------- Invoking toplevel() on ptolemy.moml.MoMLSimpleApplication@76ac73aa
----------------- Done invoking toplevel() on ptolemy.moml.MoMLSimpleApplication@76ac73aa
reloadAllAccessors: .paraFunctest

===========================================================================================
----------------- testing Mon Apr 15 04:02:18 UTC 2019 /home/travis/build/icyphy/ptII/ptolemy/actor/lib/test/auto/paraFunctest2.xml
----------------- Instantiating /home/travis/build/icyphy/ptII/ptolemy/actor/lib/test/auto/paraFunctest2.xml
1 ms. Memory: 1738752K Free: 807014K (46%)
----------------- Invoking toplevel() on ptolemy.moml.MoMLSimpleApplication@1336eafa
----------------- Done invoking toplevel() on ptolemy.moml.MoMLSimpleApplication@1336eafa
reloadAllAccessors: .paraFunctest2

===========================================================================================
----------------- testing Mon Apr 15 04:02:18 UTC 2019 /home/travis/build/icyphy/ptII/ptolemy/actor/lib/test/auto/parameterPassing.xml
----------------- Instantiating /home/travis/build/icyphy/ptII/ptolemy/actor/lib/test/auto/parameterPassing.xml
1 ms. Memory: 1738752K Free: 786466K (45%)
----------------- Invoking toplevel() on ptolemy.moml.MoMLSimpleApplication@175d2a39
----------------- Done invoking toplevel() on ptolemy.moml.MoMLSimpleApplication@175d2a39
reloadAllAccessors: .parameterPassing

===========================================================================================
----------------- testing Mon Apr 15 04:02:18 UTC 2019 /home/travis/build/icyphy/ptII/ptolemy/actor/lib/test/auto/record.xml
----------------- Instantiating /home/travis/build/icyphy/ptII/ptolemy/actor/lib/test/auto/record.xml
3 ms. Memory: 1738752K Free: 765919K (44%)
----------------- Invoking toplevel() on ptolemy.moml.MoMLSimpleApplication@7624dbe4
----------------- Done invoking toplevel() on ptolemy.moml.MoMLSimpleApplication@7624dbe4
reloadAllAccessors: .record

===========================================================================================
----------------- testing Mon Apr 15 04:02:18 UTC 2019 /home/travis/build/icyphy/ptII/ptolemy/actor/lib/test/auto/sizedarray1.xml
----------------- Instantiating /home/travis/build/icyphy/ptII/ptolemy/actor/lib/test/auto/sizedarray1.xml
1 ms. Memory: 1738752K Free: 749703K (43%)
----------------- Invoking toplevel() on ptolemy.moml.MoMLSimpleApplication@f101363
----------------- Done invoking toplevel() on ptolemy.moml.MoMLSimpleApplication@f101363
reloadAllAccessors: .sizedarray1

===========================================================================================
----------------- testing Mon Apr 15 04:02:18 UTC 2019 /home/travis/build/icyphy/ptII/ptolemy/actor/lib/test/auto/sizedarray2.xml
----------------- Instantiating /home/travis/build/icyphy/ptII/ptolemy/actor/lib/test/auto/sizedarray2.xml
3 ms. Memory: 1738752K Free: 729156K (42%)
----------------- Invoking toplevel() on ptolemy.moml.MoMLSimpleApplication@44cbf58
----------------- Done invoking toplevel() on ptolemy.moml.MoMLSimpleApplication@44cbf58
reloadAllAccessors: .sizedarray2

===========================================================================================
----------------- testing Mon Apr 15 04:02:18 UTC 2019 /home/travis/build/icyphy/ptII/ptolemy/actor/lib/test/auto/twoPublishers.xml
----------------- Instantiating /home/travis/build/icyphy/ptII/ptolemy/actor/lib/test/auto/twoPublishers.xml
5 ms. Memory: 1738752K Free: 704825K (41%)
----------------- Invoking toplevel() on ptolemy.moml.MoMLSimpleApplication@24e438a4
----------------- Done invoking toplevel() on ptolemy.moml.MoMLSimpleApplication@24e438a4
reloadAllAccessors: .twoPublishers
AutoTests.java: About to close Vertx.
AutoTests.java: Vertx closed.
]]></system-out>
  <system-err><![CDATA[java.lang.RuntimeException: Execution failed
	at ptolemy.moml.MoMLSimpleApplication$UnloadThread.run(MoMLSimpleApplication.java:402)
Caused by: java.lang.RuntimeException: StringUtilities.exit() was called. Normally, we would exit here because Manager.exitAfterWrapup() was called.  However, because the ptolemy.ptII.exitAfterWrapup property is set, we throw this exception instead.
	at ptolemy.util.StringUtilities.exit(StringUtilities.java:363)
	at ptolemy.actor.Manager.wrapup(Manager.java:1531)
	at ptolemy.actor.Manager.execute(Manager.java:407)
	at ptolemy.actor.Manager.run(Manager.java:1263)
	at ptolemy.actor.Manager$PtolemyRunThread.run(Manager.java:1915)
Warning: '.top.test' is in training mode, set the trainingMode parameter to false before checking in
Warning: '.top.test' is in training mode, set the trainingMode parameter to false before checking in
Warning: '.top.test' is in training mode, set the trainingMode parameter to false before checking in
Warning: '.BooleanSwitch_RegressionTest_WrongTrainingValues.Test' is in training mode, set the trainingMode parameter to false before checking in
Warning: '.BooleanSwitch_RegressionTest_WrongTrainingValues.Test2' is in training mode, set the trainingMode parameter to false before checking in
Warning: '.BooleanSwitch_RegressionTest_WrongTrainingValues.Test2' The test produced 0 tokens.
Warning: '.top.testExceptionHandler' is in training mode, set the trainingMode parameter to false before checking in
java.lang.RuntimeException: Execution failed
	at ptolemy.moml.MoMLSimpleApplication$UnloadThread.run(MoMLSimpleApplication.java:402)
Caused by: ptolemy.kernel.util.IllegalActionException: PublisherPorts cannot be used at the top level, use a Publisher actor instead.
  in .PublisherPortToplevelSubscriber.PublisherPort
	at ptolemy.actor.PublisherPort.preinitialize(PublisherPort.java:403)
	at ptolemy.actor.CompositeActor.preinitialize(CompositeActor.java:1769)
	at ptolemy.actor.Manager.preinitializeAndResolveTypes(Manager.java:1040)
	at ptolemy.actor.Manager.initialize(Manager.java:710)
	at ptolemy.actor.Manager.execute(Manager.java:356)
	at ptolemy.actor.Manager.run(Manager.java:1263)
	at ptolemy.actor.Manager$PtolemyRunThread.run(Manager.java:1915)
java.lang.reflect.InvocationTargetException
	at sun.reflect.NativeConstructorAccessorImpl.newInstance0(Native Method)
	at sun.reflect.NativeConstructorAccessorImpl.newInstance(NativeConstructorAccessorImpl.java:62)
	at sun.reflect.DelegatingConstructorAccessorImpl.newInstance(DelegatingConstructorAccessorImpl.java:45)
	at java.lang.reflect.Constructor.newInstance(Constructor.java:423)
	at ptolemy.util.test.junit.AutoKnownFailedTests.RunModel(AutoKnownFailedTests.java:105)
	at sun.reflect.NativeMethodAccessorImpl.invoke0(Native Method)
	at sun.reflect.NativeMethodAccessorImpl.invoke(NativeMethodAccessorImpl.java:62)
	at sun.reflect.DelegatingMethodAccessorImpl.invoke(DelegatingMethodAccessorImpl.java:43)
	at java.lang.reflect.Method.invoke(Method.java:498)
	at org.junit.runners.model.FrameworkMethod$1.runReflectiveCall(FrameworkMethod.java:44)
	at org.junit.internal.runners.model.ReflectiveCallable.run(ReflectiveCallable.java:15)
	at org.junit.runners.model.FrameworkMethod.invokeExplosively(FrameworkMethod.java:41)
	at junitparams.internal.InvokeParameterisedMethod.evaluate(InvokeParameterisedMethod.java:102)
	at org.junit.internal.runners.statements.FailOnTimeout$1.run(FailOnTimeout.java:28)
Caused by: ptolemy.kernel.util.IllegalActionException: PublisherPorts cannot be used at the top level, use a Publisher actor instead.
  in .PublisherPortToplevelSubscriber.PublisherPort
	at ptolemy.actor.PublisherPort.preinitialize(PublisherPort.java:403)
	at ptolemy.actor.CompositeActor.preinitialize(CompositeActor.java:1769)
	at ptolemy.actor.Manager.preinitializeAndResolveTypes(Manager.java:1040)
	at ptolemy.actor.Manager.initialize(Manager.java:710)
	at ptolemy.actor.Manager.execute(Manager.java:356)
	at ptolemy.actor.Manager.run(Manager.java:1263)
	at ptolemy.actor.Manager$PtolemyRunThread.run(Manager.java:1915)
java.lang.RuntimeException: Execution failed
	at ptolemy.moml.MoMLSimpleApplication$UnloadThread.run(MoMLSimpleApplication.java:402)
Caused by: ptolemy.kernel.util.IllegalActionException: SubscriberPorts cannot be used at the top level, use a Subscriber actor instead.
  in .PublisherSubscriberPortToplevel.SubscriberPort
	at ptolemy.actor.SubscriberPort.preinitialize(SubscriberPort.java:328)
	at ptolemy.actor.CompositeActor.preinitialize(CompositeActor.java:1769)
	at ptolemy.actor.Manager.preinitializeAndResolveTypes(Manager.java:1040)
	at ptolemy.actor.Manager.initialize(Manager.java:710)
	at ptolemy.actor.Manager.execute(Manager.java:356)
	at ptolemy.actor.Manager.run(Manager.java:1263)
	at ptolemy.actor.Manager$PtolemyRunThread.run(Manager.java:1915)
java.lang.reflect.InvocationTargetException
	at sun.reflect.NativeConstructorAccessorImpl.newInstance0(Native Method)
	at sun.reflect.NativeConstructorAccessorImpl.newInstance(NativeConstructorAccessorImpl.java:62)
	at sun.reflect.DelegatingConstructorAccessorImpl.newInstance(DelegatingConstructorAccessorImpl.java:45)
	at java.lang.reflect.Constructor.newInstance(Constructor.java:423)
	at ptolemy.util.test.junit.AutoKnownFailedTests.RunModel(AutoKnownFailedTests.java:105)
	at sun.reflect.NativeMethodAccessorImpl.invoke0(Native Method)
	at sun.reflect.NativeMethodAccessorImpl.invoke(NativeMethodAccessorImpl.java:62)
	at sun.reflect.DelegatingMethodAccessorImpl.invoke(DelegatingMethodAccessorImpl.java:43)
	at java.lang.reflect.Method.invoke(Method.java:498)
	at org.junit.runners.model.FrameworkMethod$1.runReflectiveCall(FrameworkMethod.java:44)
	at org.junit.internal.runners.model.ReflectiveCallable.run(ReflectiveCallable.java:15)
	at org.junit.runners.model.FrameworkMethod.invokeExplosively(FrameworkMethod.java:41)
	at junitparams.internal.InvokeParameterisedMethod.evaluate(InvokeParameterisedMethod.java:102)
	at org.junit.internal.runners.statements.FailOnTimeout$1.run(FailOnTimeout.java:28)
Caused by: ptolemy.kernel.util.IllegalActionException: SubscriberPorts cannot be used at the top level, use a Subscriber actor instead.
  in .PublisherSubscriberPortToplevel.SubscriberPort
	at ptolemy.actor.SubscriberPort.preinitialize(SubscriberPort.java:328)
	at ptolemy.actor.CompositeActor.preinitialize(CompositeActor.java:1769)
	at ptolemy.actor.Manager.preinitializeAndResolveTypes(Manager.java:1040)
	at ptolemy.actor.Manager.initialize(Manager.java:710)
	at ptolemy.actor.Manager.execute(Manager.java:356)
	at ptolemy.actor.Manager.run(Manager.java:1263)
	at ptolemy.actor.Manager$PtolemyRunThread.run(Manager.java:1915)
java.lang.RuntimeException: Execution failed
	at ptolemy.moml.MoMLSimpleApplication$UnloadThread.run(MoMLSimpleApplication.java:402)
Caused by: ptolemy.kernel.util.IllegalActionException: SubscriptionAggregatorPorts cannot be used at the top level, use a SubscriptionAggregator actor instead.
  in .PublisherSubscriptionAggregatorPort.SubscriptionAggregatorPort
	at ptolemy.actor.SubscriptionAggregatorPort.preinitialize(SubscriptionAggregatorPort.java:353)
	at ptolemy.actor.CompositeActor.preinitialize(CompositeActor.java:1769)
	at ptolemy.actor.Manager.preinitializeAndResolveTypes(Manager.java:1040)
	at ptolemy.actor.Manager.initialize(Manager.java:710)
	at ptolemy.actor.Manager.execute(Manager.java:356)
	at ptolemy.actor.Manager.run(Manager.java:1263)
	at ptolemy.actor.Manager$PtolemyRunThread.run(Manager.java:1915)
java.lang.reflect.InvocationTargetException
	at sun.reflect.NativeConstructorAccessorImpl.newInstance0(Native Method)
	at sun.reflect.NativeConstructorAccessorImpl.newInstance(NativeConstructorAccessorImpl.java:62)
	at sun.reflect.DelegatingConstructorAccessorImpl.newInstance(DelegatingConstructorAccessorImpl.java:45)
	at java.lang.reflect.Constructor.newInstance(Constructor.java:423)
	at ptolemy.util.test.junit.AutoKnownFailedTests.RunModel(AutoKnownFailedTests.java:105)
	at sun.reflect.NativeMethodAccessorImpl.invoke0(Native Method)
	at sun.reflect.NativeMethodAccessorImpl.invoke(NativeMethodAccessorImpl.java:62)
	at sun.reflect.DelegatingMethodAccessorImpl.invoke(DelegatingMethodAccessorImpl.java:43)
	at java.lang.reflect.Method.invoke(Method.java:498)
	at org.junit.runners.model.FrameworkMethod$1.runReflectiveCall(FrameworkMethod.java:44)
	at org.junit.internal.runners.model.ReflectiveCallable.run(ReflectiveCallable.java:15)
	at org.junit.runners.model.FrameworkMethod.invokeExplosively(FrameworkMethod.java:41)
	at junitparams.internal.InvokeParameterisedMethod.evaluate(InvokeParameterisedMethod.java:102)
	at org.junit.internal.runners.statements.FailOnTimeout$1.run(FailOnTimeout.java:28)
Caused by: ptolemy.kernel.util.IllegalActionException: SubscriptionAggregatorPorts cannot be used at the top level, use a SubscriptionAggregator actor instead.
  in .PublisherSubscriptionAggregatorPort.SubscriptionAggregatorPort
	at ptolemy.actor.SubscriptionAggregatorPort.preinitialize(SubscriptionAggregatorPort.java:353)
	at ptolemy.actor.CompositeActor.preinitialize(CompositeActor.java:1769)
	at ptolemy.actor.Manager.preinitializeAndResolveTypes(Manager.java:1040)
	at ptolemy.actor.Manager.initialize(Manager.java:710)
	at ptolemy.actor.Manager.execute(Manager.java:356)
	at ptolemy.actor.Manager.run(Manager.java:1263)
	at ptolemy.actor.Manager$PtolemyRunThread.run(Manager.java:1915)
java.lang.RuntimeException: Execution failed
	at ptolemy.moml.MoMLSimpleApplication$UnloadThread.run(MoMLSimpleApplication.java:402)
Caused by: ptolemy.kernel.util.IllegalActionException: TypeTest actor has no training data.
  in .sizedarray3.TypeTest
	at ptolemy.actor.lib.TypeTest.initialize(TypeTest.java:250)
	at ptolemy.actor.Director.initialize(Director.java:938)
	at ptolemy.actor.Director.initialize(Director.java:907)
	at ptolemy.actor.sched.StaticSchedulingDirector.initialize(StaticSchedulingDirector.java:159)
	at ptolemy.domains.sdf.kernel.SDFDirector.initialize(SDFDirector.java:544)
	at ptolemy.actor.CompositeActor.initialize(CompositeActor.java:935)
	at ptolemy.actor.Manager.initialize(Manager.java:724)
	at ptolemy.actor.Manager.execute(Manager.java:356)
	at ptolemy.actor.Manager.run(Manager.java:1263)
	at ptolemy.actor.Manager$PtolemyRunThread.run(Manager.java:1915)
java.lang.reflect.InvocationTargetException
	at sun.reflect.NativeConstructorAccessorImpl.newInstance0(Native Method)
	at sun.reflect.NativeConstructorAccessorImpl.newInstance(NativeConstructorAccessorImpl.java:62)
	at sun.reflect.DelegatingConstructorAccessorImpl.newInstance(DelegatingConstructorAccessorImpl.java:45)
	at java.lang.reflect.Constructor.newInstance(Constructor.java:423)
	at ptolemy.util.test.junit.AutoKnownFailedTests.RunModel(AutoKnownFailedTests.java:105)
	at sun.reflect.NativeMethodAccessorImpl.invoke0(Native Method)
	at sun.reflect.NativeMethodAccessorImpl.invoke(NativeMethodAccessorImpl.java:62)
	at sun.reflect.DelegatingMethodAccessorImpl.invoke(DelegatingMethodAccessorImpl.java:43)
	at java.lang.reflect.Method.invoke(Method.java:498)
	at org.junit.runners.model.FrameworkMethod$1.runReflectiveCall(FrameworkMethod.java:44)
	at org.junit.internal.runners.model.ReflectiveCallable.run(ReflectiveCallable.java:15)
	at org.junit.runners.model.FrameworkMethod.invokeExplosively(FrameworkMethod.java:41)
	at junitparams.internal.InvokeParameterisedMethod.evaluate(InvokeParameterisedMethod.java:102)
	at org.junit.internal.runners.statements.FailOnTimeout$1.run(FailOnTimeout.java:28)
Caused by: ptolemy.kernel.util.IllegalActionException: TypeTest actor has no training data.
  in .sizedarray3.TypeTest
	at ptolemy.actor.lib.TypeTest.initialize(TypeTest.java:250)
	at ptolemy.actor.Director.initialize(Director.java:938)
	at ptolemy.actor.Director.initialize(Director.java:907)
	at ptolemy.actor.sched.StaticSchedulingDirector.initialize(StaticSchedulingDirector.java:159)
	at ptolemy.domains.sdf.kernel.SDFDirector.initialize(SDFDirector.java:544)
	at ptolemy.actor.CompositeActor.initialize(CompositeActor.java:935)
	at ptolemy.actor.Manager.initialize(Manager.java:724)
	at ptolemy.actor.Manager.execute(Manager.java:356)
	at ptolemy.actor.Manager.run(Manager.java:1263)
	at ptolemy.actor.Manager$PtolemyRunThread.run(Manager.java:1915)
]]></system-err>
</testsuite>
