<?xml version="1.0" encoding="UTF-8" ?>
<testsuite errors="1" failures="2" hostname="travis-job-dd2515ee-d5cd-4a54-bbc2-c1b3947d78da" name="ptolemy.actor.lib.test.junit.JUnitTclTest" skipped="0" tests="517" time="65.995" timestamp="2019-07-10T06:46:01">
  <properties>
    <property name="file.encoding.pkg" value="sun.io" />
    <property name="npm.executable" value="npm" />
    <property name="env.TRAVIS_ROOT" value="/" />
    <property name="ptII.mk.exists" value="true" />
    <property name="env.TRAVIS_APP_HOST" value="build.travis-ci.org" />
    <property name="env.rvm_bin_path" value="/home/travis/.rvm/bin" />
    <property name="java.home" value="/usr/local/lib/jvm/openjdk10" />
    <property name="env.TRAVIS_JOB_NUMBER" value="1207.8" />
    <property name="env.TRAVIS_HOME" value="/home/travis" />
    <property name="env.DISPLAY" value=":99.0" />
    <property name="env.TRAVIS_INIT" value="systemd" />
    <property name="env.SSH_TTY" value="/dev/pts/0" />
    <property name="java.net.preferIPv4Stack" value="true" />
    <property name="env.RUN_TESTS" value="true" />
    <property name="timeout.short" value="1000000" />
    <property name="junit.formatter" value="xml" />
    <property name="env.TRAVIS_SUDO" value="true" />
    <property name="env.TRAVIS_JOB_NAME" value="" />
    <property name="env.TRAVIS_STACK_NODE_ATTRIBUTES" value="/.node-attributes.yml" />
    <property name="env.LOGNAME" value="travis" />
    <property name="env.PT_TRAVIS_TEST_CORE1_XML" value="true" />
    <property name="jsdoc.home" value="node_modules/@terraswarm/jsdoc" />
    <property name="debuglevel" value="source,lines,vars" />
    <property name="checkstyle.formatter" value="xml" />
    <property name="env._system_version" value="16.04" />
    <property name="bin.vergil.makeable" value="true" />
    <property name="sun.os.patch.level" value="unknown" />
    <property name="java.vendor.url" value="http://java.oracle.com/" />
    <property name="env.TRAVIS_BUILD_WEB_URL" value="https://travis-ci.org/icyphy/ptII/builds/556624772" />
    <property name="java.version" value="10.0.2" />
    <property name="env.TZ" value="UTC" />
    <property name="env.TRAVIS_PULL_REQUEST_SHA" value="" />
    <property name="env.PT_NO_NET" value="true" />
    <property name="env.TRAVIS_SECURE_ENV_VARS" value="true" />
    <property name="env._system_type" value="Linux" />
    <property name="java.vendor.url.bug" value="http://bugreport.java.com/bugreport/" />
    <property name="npmjs-org-is-up" value="true" />
    <property name="env.LANGUAGE" value="en_US.UTF-8" />
    <property name="env.SSH_CLIENT" value="10.10.16.166 46870 22" />
    <property name="env.GEM_HOME" value="/home/travis/.rvm/gems/ruby-2.5.3" />
    <property name="env.HAS_ANTARES_THREE_LITTLE_FRONZIES_BADGE" value="true" />
    <property name="java.version.date" value="2018-07-17" />
    <property name="env.PS4" value="+" />
    <property name="ant.project.invoked-targets" value="build,test.core1.xml" />
    <property name="env.TRAVIS_PULL_REQUEST_BRANCH" value="" />
    <property name="env.TRAVIS_REPO_SLUG" value="icyphy/ptII" />
    <property name="env.XDG_DATA_DIRS" value="/usr/local/share:/usr/share:/var/lib/snapd/desktop" />
    <property name="jdk.debug" value="release" />
    <property name="env.TRAVIS_APT_PROXY" value="http://apt.cache.travis-ci.com" />
    <property name="node.in.path" value="true" />
    <property name="user.name" value="travis" />
    <property name="java.maxmemory" value="1400m" />
    <property name="env.RUBY_VERSION" value="ruby-2.5.3" />
    <property name="env.LANG" value="en_US.UTF-8" />
    <property name="sun.io.unicode.encoding" value="UnicodeLittle" />
    <property name="sun.jnu.encoding" value="UTF-8" />
    <property name="java.runtime.name" value="OpenJDK Runtime Environment" />
    <property name="usefile" value="false" />
    <property name="return.code" value="0" />
    <property name="junit.single.formatter" value="plain" />
    <property name="env.DYLD_LIBRARY_PATH" value="/home/travis/pthla/certi-tools/lib:" />
    <property name="env.DEBIAN_FRONTEND" value="noninteractive" />
    <property name="env.SSH_CONNECTION" value="10.10.16.166 46870 10.20.0.3 22" />
    <property name="env.MYSQL_UNIX_PORT" value="/var/run/mysqld/mysqld.sock" />
    <property name="env.LC_ALL" value="en_US.UTF-8" />
    <property name="env.TRAVIS_ALLOW_FAILURE" value="false" />
    <property name="env.TRAVIS_JOB_WEB_URL" value="https://travis-ci.org/icyphy/ptII/jobs/556624780" />
    <property name="java.specification.name" value="Java Platform API Specification" />
    <property name="node.works" value="true" />
    <property name="user.timezone" value="" />
    <property name="path.separator" value=":" />
    <property name="env.TRAVIS_ENABLE_INFRA_DETECTION" value="true" />
    <property name="env.PYTHON_CFLAGS" value="-g -fstack-protector --param=ssp-buffer-size=4 -Wformat -Werror=format-security" />
    <property name="timeout.long" value="4000000" />
    <property name="env.CERTI_HOME" value="/home/travis/pthla/certi-tools" />
    <property name="ant.file.ptII" value="/home/travis/build/icyphy/ptII/build.xml" />
    <property name="javadoc.packagenames" value="com.*,diva.*,lbnl.*,org.hlacerti.*,org.json.*,org.ptolemy.*,org.terraswarm.*,ptolemy.*,ptserver.*" />
    <property name="file.encoding" value="UTF-8" />
    <property name="env.TRAVIS_PULL_REQUEST_SLUG" value="" />
    <property name="ant.project.default-target" value="build" />
    <property name="env.GIT_ASKPASS" value="echo" />
    <property name="env.HOME" value="/home/travis" />
    <property name="sun.java.command" value="org.apache.tools.ant.taskdefs.optional.junit.JUnitTestRunner ptolemy.actor.lib.test.junit.JUnitTclTest skipNonTests=false filtertrace=true haltOnError=false haltOnFailure=false formatter=org.apache.tools.ant.taskdefs.optional.junit.OutErrSummaryJUnitResultFormatter showoutput=true outputtoformatters=true logfailedtests=true threadid=0 logtestlistenerevents=false formatter=org.apache.tools.ant.taskdefs.optional.junit.XMLJUnitResultFormatter,/home/travis/build/icyphy/ptII/reports/junit/TEST-ptolemy.actor.lib.test.junit.JUnitTclTest.xml crashfile=/home/travis/build/icyphy/ptII/junitvmwatcher15411139805674684841.properties propsfile=/home/travis/build/icyphy/ptII/junit5786073375535954379.properties" />
    <property name="env.COMPOSER_NO_INTERACTION" value="1" />
    <property name="env.MANPATH" value="/home/travis/.nvm/versions/node/v7.10.1/share/man:/home/travis/.rvm/rubies/ruby-2.5.3/share/man:/usr/local/cmake-3.12.4/man:/usr/local/clang-7.0.0/share/man:/usr/local/man:/usr/local/share/man:/usr/share/man:/home/travis/.rvm/man" />
    <property name="env.TRAVIS_TIMER_ID" value="0ce3684d" />
    <property name="ant.file" value="/home/travis/build/icyphy/ptII/build.xml" />
    <property name="env.TRAVIS_COMMIT_RANGE" value="a235c174aebb...86cc3014e0c9" />
    <property name="env._system_name" value="Ubuntu" />
    <property name="ptII.classpath.optional.property" value="/home/travis/build/icyphy/ptII/lib/bsh-2.0b4.jar:/home/travis/build/icyphy/ptII/lib/ptCal.jar:/home/travis/build/icyphy/ptII/lib/java_cup.jar:/home/travis/build/icyphy/ptII/lib/saxon8.jar:/home/travis/build/icyphy/ptII/lib/saxon8-dom.jar:/home/travis/build/icyphy/ptII/lib/chic.jar:/home/travis/build/icyphy/ptII/lib/ptcolt.jar:/home/travis/build/icyphy/ptII/vendors/misc/itext/iText.jar:/home/travis/build/icyphy/ptII/lib/g4ltl.jar:/home/travis/build/icyphy/ptII/lib/StructuralCoder.jar:/home/travis/build/icyphy/ptII/vendors/jai-1_1_2_01/lib/jai_core.jar:/home/travis/build/icyphy/ptII/vendors/jai-1_1_2_01/lib/jai_codec.jar:/home/travis/build/icyphy/ptII/lib/jcerti.jar:/home/travis/build/icyphy/ptII/lib/javax.mail.jar:/home/travis/build/icyphy/ptII/vendors/JMF-2.1.1e/lib/jmf.jar:/home/travis/build/icyphy/ptII/lib/jna-4.0.0-variadic.jar:/home/travis/build/icyphy/ptII/vendors/misc/joystick/Joystick.jar:/home/travis/build/icyphy/ptII/lib/ptjacl.jar:/home/travis/build/icyphy/ptII/lib/jsoup-1.8.2.jar:/home/travis/build/icyphy/ptII/lib/junit-4.8.2.jar:/home/travis/build/icyphy/ptII/lib/JUnitParams-0.4.0.jar:/home/travis/build/icyphy/ptII/ptolemy/actor/lib/excel/jxl.jar:/home/travis/build/icyphy/ptII/lib/jython.jar:/home/travis/build/icyphy/ptII/lib/kieler.jar:/home/travis/build/icyphy/ptII/lib/opencv-341.jar:/home/travis/build/icyphy/ptII/lib/oscP5.jar:/home/travis/build/icyphy/ptII/lib/nrjavaserial-3.11.0.devel.jar:/home/travis/build/icyphy/ptII/vendors/j3d/lib/j3dcore.jar:/home/travis/build/icyphy/ptII/vendors/j3d/lib/j3dutils.jar:/home/travis/build/icyphy/ptII/vendors/j3d/lib/vecmath.jar:/home/travis/build/icyphy/ptII/ptolemy/distributed/jini/jar/jini-core.jar:/home/travis/build/icyphy/ptII/ptolemy/distributed/jini/jar/jini-ext.jar:/home/travis/build/icyphy/ptII/ptolemy/distributed/jini/jar/sun-util.jar:/home/travis/build/icyphy/ptII/lib/protobuf-java-2.4.1.jar:/home/travis/build/icyphy/ptII/lib/org.eclipse.paho.client.mqttv3.jar:/home/travis/build/icyphy/ptII/lib/mapss.jar:/home/travis/build/icyphy/ptII/ptolemy/actor/ptalon/antlr/antlr.jar:/home/travis/build/icyphy/ptII/lib/JRI.jar:/home/travis/build/icyphy/ptII/lib/commons-lang-2.6.jar:/home/travis/build/icyphy/ptII/lib/commons-logging-1.1.1.jar:/home/travis/build/icyphy/ptII/lib/sootclasses.jar:/home/travis/build/icyphy/ptII/ptolemy/actor/lib/database/mysql-connector-java-5.1.6-bin.jar:/home/travis/build/icyphy/ptII/vendors/misc/sphinx4/sphinx4-data-5prealpha.jar:/home/travis/build/icyphy/ptII/vendors/misc/sphinx4/sphinx4-core-5prealpha.jar:/home/travis/build/icyphy/ptII/lib/PDFRenderer.jar:/home/travis/build/icyphy/ptII/lib/svgSalamander.jar:/home/travis/build/icyphy/ptII/lib/rsyntaxtextarea-2.6.0-SNAPSHOT.jar:/home/travis/build/icyphy/ptII/lib/hazelcast-3.8.2.jar:/home/travis/build/icyphy/ptII/lib/jackson-annotations-2.9.0.jar:/home/travis/build/icyphy/ptII/lib/jackson-core-2.9.3.jar:/home/travis/build/icyphy/ptII/lib/jackson-databind-2.9.3.jar:/home/travis/build/icyphy/ptII/lib/netty-buffer-4.1.19.Final.jar:/home/travis/build/icyphy/ptII/lib/netty-codec-4.1.19.Final.jar:/home/travis/build/icyphy/ptII/lib/netty-codec-dns-4.1.19.Final.jar:/home/travis/build/icyphy/ptII/lib/netty-codec-http-4.1.19.Final.jar:/home/travis/build/icyphy/ptII/lib/netty-codec-http2-4.1.19.Final.jar:/home/travis/build/icyphy/ptII/lib/netty-common-4.1.19.Final.jar:/home/travis/build/icyphy/ptII/lib/netty-handler-4.1.19.Final.jar:/home/travis/build/icyphy/ptII/lib/netty-resolver-4.1.19.Final.jar:/home/travis/build/icyphy/ptII/lib/netty-resolver-dns-4.1.19.Final.jar:/home/travis/build/icyphy/ptII/lib/netty-transport-4.1.19.Final.jar:/home/travis/build/icyphy/ptII/lib/vertx-codegen-3.5.1.jar:/home/travis/build/icyphy/ptII/lib/vertx-core-3.5.2-SNAPSHOT.jar:/home/travis/build/icyphy/ptII/lib/vertx-hazelcast-3.5.1.jar:/home/travis/build/icyphy/ptII/lib/vertx-lang-js-3.5.1.jar:/home/travis/build/icyphy/ptII/lib/vertx-service-proxy-3.5.1.jar:/home/travis/build/icyphy/ptII/lib/vertx-web-3.5.1.jar:/home/travis/build/icyphy/ptII/lib/slf4j-api-1.7.13.jar:/home/travis/build/icyphy/ptII/lib/slf4j-simple-1.7.13.jar:/home/travis/build/icyphy/ptII/lib/webcam-capture-0.3.12.jar:/home/travis/build/icyphy/ptII/lib/bridj-0.7.0.jar:/home/travis/build/icyphy/ptII/lib/xbjlib-1.1.0.nrjavaserial.jar" />
    <property name="timeout" value="2400000" />
    <property name="test.batch" value="**/junit/*.java" />
    <property name="env._" value="/usr/bin/timeout" />
    <property name="java.io.tmpdir" value="/tmp" />
    <property name="user.language" value="en" />
    <property name="env.TRAVIS_INTERNAL_RUBY_REGEX" value="^ruby-(2\.[0-4]\.[0-9]|1\.9\.3)" />
    <property name="env.HISTCONTROL" value="ignoredups:ignorespace" />
    <property name="env.GOROOT" value="/home/travis/.gimme/versions/go1.11.1.linux.amd64" />
    <property name="line.separator" value="&#xa;" />
    <property name="target" value="10" />
    <property name="env.TRAVIS_BUILD_DIR" value="/home/travis/build/icyphy/ptII" />
    <property name="env.ANT_OPTS" value="-Xmx2048m" />
    <property name="ant.file.type" value="file" />
    <property name="ptolemy.ptII.batchMode" value="true" />
    <property name="env.HISTSIZE" value="1000" />
    <property name="env.MERB_ENV" value="test" />
    <property name="java.vm.info" value="mixed mode" />
    <property name="source" value="10" />
    <property name="java.vm.specification.name" value="Java Virtual Machine Specification" />
    <property name="env.TRAVIS_TEST_RESULT" value="0" />
    <property name="jsdoc.command" value="node_modules/@terraswarm/jsdoc/jsdoc.js" />
    <property name="npm.works" value="true" />
    <property name="cobertura.dir" value="/home/travis/build/icyphy/ptII/vendors/cobertura-2.0.3" />
    <property name="jsdoc.command.exists" value="true" />
    <property name="env.rvm_path" value="/home/travis/.rvm" />
    <property name="env.GEM_PATH" value="/home/travis/.rvm/gems/ruby-2.5.3:/home/travis/.rvm/gems/ruby-2.5.3@global" />
    <property name="env.LC_CTYPE" value="en_US.UTF-8" />
    <property name="env.TRAVIS_CMD" value="$PTII/bin/ptIITravisBuild.sh $SECONDS" />
    <property name="java.awt.printerjob" value="sun.print.PSPrinterJob" />
    <property name="env.TRAVIS_STACK_NAME" value="sardonyx" />
    <property name="env.TRAVIS_TIMER_START_TIME" value="1562740501820254883" />
    <property name="ant.version" value="Apache Ant(TM) version 1.10.1 compiled on February 2 2017" />
    <property name="ptII.reports" value="/home/travis/build/icyphy/ptII/reports" />
    <property name="env.TRAVIS_STACK_TIMESTAMP" value="2019-03-25 16:16:56 UTC" />
    <property name="ant.file.type.ptII" value="file" />
    <property name="env.RBENV_SHELL" value="bash" />
    <property name="os.name" value="Linux" />
    <property name="java.specification.vendor" value="Oracle Corporation" />
    <property name="env.rvm_version" value="1.29.7 (latest)" />
    <property name="env.TRAVIS_INFRA" value="gce" />
    <property name="env.TERM" value="xterm" />
    <property name="java.vm.name" value="OpenJDK 64-Bit Server VM" />
    <property name="env.TRAVIS_BUILD_NUMBER" value="1207" />
    <property name="env.CI" value="true" />
    <property name="java.library.path" value="/home/travis/pthla/certi-tools/lib:/usr/lib/jni:/usr/local/share/OpenCV/java/:/usr/share/OpenCV/java::/usr/java/packages/lib:/usr/lib64:/lib64:/lib:/usr/lib" />
    <property name="env.rvm_prefix" value="/home/travis" />
    <property name="env.PATH" value="/home/travis/pthla/certi-tools/share/scripts:/home/travis/.rvm/gems/ruby-2.5.3/bin:/home/travis/.rvm/gems/ruby-2.5.3@global/bin:/home/travis/.rvm/rubies/ruby-2.5.3/bin:/home/travis/.rvm/bin:/home/travis/.nvm/versions/node/v7.10.1/bin:./node_modules/.bin:/home/travis/build/icyphy/ptII/bin:/home/travis/pthla/certi-tools/bin:/usr/local/lib/jvm/openjdk10/bin:/home/travis/bin:/home/travis/.local/bin:/usr/local/lib/jvm/openjdk11/bin:/opt/pyenv/shims:/home/travis/.phpenv/shims:/home/travis/perl5/perlbrew/bin:/home/travis/gopath/bin:/home/travis/.gimme/versions/go1.11.1.linux.amd64/bin:/usr/local/maven-3.6.0/bin:/usr/local/cmake-3.12.4/bin:/usr/local/clang-7.0.0/bin:/usr/local/sbin:/usr/local/bin:/usr/sbin:/usr/bin:/sbin:/bin:/snap/bin:/home/travis/.phpenv/bin:/opt/pyenv/bin:/home/travis/.yarn/bin" />
    <property name="env.TRAVIS_OS_NAME" value="linux" />
    <property name="ant.java.version" value="9" />
    <property name="basedir" value="/home/travis/build/icyphy/ptII" />
    <property name="java.class.version" value="54.0" />
    <property name="env.SHLVL" value="3" />
    <property name="env.LD_LIBRARY_PATH" value="/home/travis/pthla/certi-tools/lib:/usr/lib/jni:/usr/local/share/OpenCV/java/:/usr/share/OpenCV/java:" />
    <property name="env.RACK_ENV" value="test" />
    <property name="ant.home" value="/home/travis/build/icyphy/ptII/ant" />
    <property name="env.NVM_DIR" value="/home/travis/.nvm" />
    <property name="env.CERTI_FOM_PATH" value="/home/travis/pthla/certi-tools/share/federations" />
    <property name="env.TRAVIS_BUILD_ID" value="556624772" />
    <property name="env.PYENV_ROOT" value="/opt/pyenv" />
    <property name="env.TRAVIS_UID" value="2000" />
    <property name="env.NVM_BIN" value="/home/travis/.nvm/versions/node/v7.10.1/bin" />
    <property name="env.TRAVIS_COMMIT" value="86cc3014e0c9222c7c30760ada52a8649add756e" />
    <property name="env._system_arch" value="x86_64" />
    <property name="node.executable" value="node" />
    <property name="sun.boot.library.path" value="/usr/local/lib/jvm/openjdk10/lib" />
    <property name="sun.management.compiler" value="HotSpot 64-Bit Tiered Compilers" />
    <property name="java.awt.graphicsenv" value="sun.awt.X11GraphicsEnvironment" />
    <property name="env.GOPATH" value="/home/travis/gopath" />
    <property name="ptolemy.ptII.dir" value="/home/travis/build/icyphy/ptII" />
    <property name="env.USER" value="travis" />
    <property name="env.HISTFILESIZE" value="2000" />
    <property name="timeout.longest" value="19000000" />
    <property name="env.PERLBREW_SHELLRC_VERSION" value="0.86" />
    <property name="env.TRAVIS_STACK_FEATURES" value="basic couchdb disabled-ipv6 docker docker-compose elasticsearch firefox go-toolchain google-chrome jdk memcached mongodb mysql nodejs_interpreter perl_interpreter perlbrew phantomjs postgresql python_interpreter redis ruby_interpreter sqlite xserver" />
    <property name="env.TRAVIS_PULL_REQUEST" value="false" />
    <property name="env.PYENV_SHELL" value="bash" />
    <property name="ant.project.name" value="ptII" />
    <property name="env.ANSI_RESET" value="\033[0m" />
    <property name="java.vm.specification.version" value="10" />
    <property name="env.TRAVIS_DIST" value="xenial" />
    <property name="env.CERTI_VERSION" value="4.0.0" />
    <property name="env.CERTI_HOST" value="localhost" />
    <property name="awt.toolkit" value="sun.awt.X11.XToolkit" />
    <property name="env.MY_RUBY_HOME" value="/home/travis/.rvm/rubies/ruby-2.5.3" />
    <property name="sun.cpu.isalist" value="" />
    <property name="env.TRAVIS_TMPDIR" value="/tmp/tmp.AQK65parWi" />
    <property name="java.vm.compressedOopsMode" value="Zero based" />
    <property name="os.version" value="4.15.0-1028-gcp" />
    <property name="user.home" value="/home/travis" />
    <property name="java.vm.vendor" value="&quot;Oracle Corporation&quot;" />
    <property name="env.TRAVIS_TAG" value="nightly" />
    <property name="env.ANSI_YELLOW" value="\033[33;1m" />
    <property name="env.TRAVIS_FILTERED" value="redirect_io" />
    <property name="env.ANSI_GREEN" value="\033[32;1m" />
    <property name="env.JAVA_HOME" value="/usr/local/lib/jvm/openjdk11" />
    <property name="javadoc.excludepackagenames" value="adm.cvs2svn.*,build.*,config.*,doc.coding.templates.*,jni.test.jni.meaningOfLife.*,jni.test.jni.testDeux.*,jni.test.jni.testTrois.*,org.terraswarm.accessor.accessors.web.node_modules.*,org.terraswarm.accessor.accessors.web.hosts.cordova.demo.*,org.terraswarm.accessor.accessors.web.hosts.cordova.plugins.*,org.terraswarm.accessor.accessors-svn.*,pt-modules.*,ptolemy.apps.agilent.*,ptolemy.apps.anytimecontrol.*,ptolemy.apps.apes.*,ptolemy.apps.charon.*,ptolemy.apps.crazyboard.*,ptolemy.apps.eclipse.*,ptolemy.apps.etherealSting.*,ptolemy.apps.fullscreen.*,ptolemy.apps.giotto.*,ptolemy.apps.ia.*,ptolemy.apps.interfaces.*,ptolemy.apps.jmf.*,ptolemy.apps.kurt.*,ptolemy.apps.kvm.*,ptolemy.apps.lego.*,ptolemy.apps.lejos.*,ptolemy.apps.midp.*,ptolemy.apps.mobileCoding.*,ptolemy.apps.pendulum.*,ptolemy.apps.rijndael.*,ptolemy.apps.robot.*,ptolemy.apps.security.*,ptolemy.apps.sobel.*,ptolemy.apps.soot.*,ptolemy.apps.throttle.*,ptolemy.apps.tini.*,ptolemy.apps.transmission.*,ptolemy.apps.vergil.*,ptolemy.apps.waba.*,ptolemy.apps.websensor.*,ptolemy.apps.webstart.*,ptolemy.apps.xsl.*,ptolemy.apps.zaurus.*,ptolemy.codegen.c.actor.lib.oldJavaFiles.*,ptolemy.codegen.dsp.lib.*,ptolemy.codegen.kernel.newInterfaces.*,ptolemy.codegen.lib.*,ptolemy.copernicus.kernel.fragment.*,ptolemy.copernicus.shallow.cg.*,ptolemy.domains.giotto.demo.Hierarchy.Hierarchy.*,ptolemy.domains.giotto.demo.Multimode.Multimode.*,ptolemy.domains.giotto.demo.Simple.Simple.*,ptolemy.domains.gr.lib.experimental.*,ptolemy.domains.gro.*,ptolemy.domains.pdf.*,ptolemy.domains.ptinyos.demo.Surge.output.*,ptolemy.moml.test.NoPackageActor.java*,ptolemy.plot.adm.*,ptolemy.plot.servlet.*,reports.*,signed.*,src.*,target.*,vendors.*,ptolemy.copernicus.applet.*,ptolemy.media.viewer.*,ptolemy.actor.corba.*,doc.doclets.*,ptolemy.apps.eclipse.awt.*,ptolemy.backtrack.*,ptolemy.backtrack.ast.*,ptolemy.cg.adapter.generic.program.procedural.c.mbed*,ptolemy.homer.*,ptolemy.actor.lib.jjs.modules.audio.*,org.ptolemy.scala.*,diva.util.java2d.svg.*,ptolemy.domains.ptinyos.*,ptolemy.actor.lib.fmi.fmipp.*,,org.terraswarm.accessor.accessors.web.node_modules.*,org.terraswarm.accessor.accessors-svn,ptolemy.apps.*,ptolemy.actor.ptalon.demo.ptinyos.SendAndReceiveCnt.output,ptolemy.actor.ptalon.demo.ptinyos.SenseToLeds.output,ptolemy.domains.ptinyos.demo.CntToLedsAndRfm.output,ptolemy.domains.ptinyos.demo.RfmToLeds.output,ptolemy.domains.ptinyos.demo.SendAndReceiveCnt.output,ptolemy.domains.ptinyos.demo.SenseToLeds.output,ptolemy.actor.lib.jjs.modules.udpSocket.*" />
    <property name="env.PTII" value="/home/travis/build/icyphy/ptII" />
    <property name="env.XDG_SESSION_ID" value="2" />
    <property name="keystore" value="ptKeystore" />
    <property name="env.TRAVIS_COMMIT_MESSAGE" value="Place openjdk10 in the path so that we find JavaFX so that the audio accessor works." />
    <property name="junit.output.dir" value="/home/travis/build/icyphy/ptII/reports/junit" />
    <property name="npm.return.code" value="0" />
    <property name="user.dir" value="/home/travis/build/icyphy/ptII/ptolemy/actor/lib/test" />
    <property name="env.TRAVIS_NODE_VERSION" value="7" />
    <property name="env.TRAVIS_EVENT_TYPE" value="push" />
    <property name="env.MAIL" value="/var/mail/travis" />
    <property name="env.PERLBREW_ROOT" value="/home/travis/perl5/perlbrew" />
    <property name="env.PWD" value="/home/travis/build/icyphy/ptII" />
    <property name="timeout.npm" value="45000" />
    <property name="env.TRAVIS_ARCH" value="amd64" />
    <property name="sun.cpu.endian" value="little" />
    <property name="env.PAGER" value="cat" />
    <property name="env.TRAVIS_BUILD_STAGE_NAME" value="Test" />
    <property name="env.PERLBREW_HOME" value="/home/travis/.perlbrew" />
    <property name="java.vm.version" value="10.0.2+13" />
    <property name="env.RAILS_ENV" value="test" />
    <property name="java.class.path" value="/home/travis/.ptolemyII:/home/travis/.ptolemyII/*:/home/travis/build/icyphy/ptII:/home/travis/build/icyphy/ptII/lib/bsh-2.0b4.jar:/home/travis/build/icyphy/ptII/lib/ptCal.jar:/home/travis/build/icyphy/ptII/lib/java_cup.jar:/home/travis/build/icyphy/ptII/lib/saxon8.jar:/home/travis/build/icyphy/ptII/lib/saxon8-dom.jar:/home/travis/build/icyphy/ptII/lib/chic.jar:/home/travis/build/icyphy/ptII/lib/ptcolt.jar:/home/travis/build/icyphy/ptII/vendors/misc/itext/iText.jar:/home/travis/build/icyphy/ptII/lib/g4ltl.jar:/home/travis/build/icyphy/ptII/lib/StructuralCoder.jar:/home/travis/build/icyphy/ptII/vendors/jai-1_1_2_01/lib/jai_core.jar:/home/travis/build/icyphy/ptII/vendors/jai-1_1_2_01/lib/jai_codec.jar:/home/travis/build/icyphy/ptII/lib/jcerti.jar:/home/travis/build/icyphy/ptII/lib/javax.mail.jar:/home/travis/build/icyphy/ptII/vendors/JMF-2.1.1e/lib/jmf.jar:/home/travis/build/icyphy/ptII/lib/jna-4.0.0-variadic.jar:/home/travis/build/icyphy/ptII/vendors/misc/joystick/Joystick.jar:/home/travis/build/icyphy/ptII/lib/ptjacl.jar:/home/travis/build/icyphy/ptII/lib/jsoup-1.8.2.jar:/home/travis/build/icyphy/ptII/lib/junit-4.8.2.jar:/home/travis/build/icyphy/ptII/lib/JUnitParams-0.4.0.jar:/home/travis/build/icyphy/ptII/ptolemy/actor/lib/excel/jxl.jar:/home/travis/build/icyphy/ptII/lib/jython.jar:/home/travis/build/icyphy/ptII/lib/kieler.jar:/home/travis/build/icyphy/ptII/lib/opencv-341.jar:/home/travis/build/icyphy/ptII/lib/oscP5.jar:/home/travis/build/icyphy/ptII/lib/nrjavaserial-3.11.0.devel.jar:/home/travis/build/icyphy/ptII/vendors/j3d/lib/j3dcore.jar:/home/travis/build/icyphy/ptII/vendors/j3d/lib/j3dutils.jar:/home/travis/build/icyphy/ptII/vendors/j3d/lib/vecmath.jar:/home/travis/build/icyphy/ptII/ptolemy/distributed/jini/jar/jini-core.jar:/home/travis/build/icyphy/ptII/ptolemy/distributed/jini/jar/jini-ext.jar:/home/travis/build/icyphy/ptII/ptolemy/distributed/jini/jar/sun-util.jar:/home/travis/build/icyphy/ptII/lib/protobuf-java-2.4.1.jar:/home/travis/build/icyphy/ptII/lib/org.eclipse.paho.client.mqttv3.jar:/home/travis/build/icyphy/ptII/lib/mapss.jar:/home/travis/build/icyphy/ptII/ptolemy/actor/ptalon/antlr/antlr.jar:/home/travis/build/icyphy/ptII/lib/JRI.jar:/home/travis/build/icyphy/ptII/lib/commons-lang-2.6.jar:/home/travis/build/icyphy/ptII/lib/commons-logging-1.1.1.jar:/home/travis/build/icyphy/ptII/lib/sootclasses.jar:/home/travis/build/icyphy/ptII/ptolemy/actor/lib/database/mysql-connector-java-5.1.6-bin.jar:/home/travis/build/icyphy/ptII/vendors/misc/sphinx4/sphinx4-data-5prealpha.jar:/home/travis/build/icyphy/ptII/vendors/misc/sphinx4/sphinx4-core-5prealpha.jar:/home/travis/build/icyphy/ptII/lib/PDFRenderer.jar:/home/travis/build/icyphy/ptII/lib/svgSalamander.jar:/home/travis/build/icyphy/ptII/lib/rsyntaxtextarea-2.6.0-SNAPSHOT.jar:/home/travis/build/icyphy/ptII/lib/hazelcast-3.8.2.jar:/home/travis/build/icyphy/ptII/lib/jackson-annotations-2.9.0.jar:/home/travis/build/icyphy/ptII/lib/jackson-core-2.9.3.jar:/home/travis/build/icyphy/ptII/lib/jackson-databind-2.9.3.jar:/home/travis/build/icyphy/ptII/lib/netty-buffer-4.1.19.Final.jar:/home/travis/build/icyphy/ptII/lib/netty-codec-4.1.19.Final.jar:/home/travis/build/icyphy/ptII/lib/netty-codec-dns-4.1.19.Final.jar:/home/travis/build/icyphy/ptII/lib/netty-codec-http-4.1.19.Final.jar:/home/travis/build/icyphy/ptII/lib/netty-codec-http2-4.1.19.Final.jar:/home/travis/build/icyphy/ptII/lib/netty-common-4.1.19.Final.jar:/home/travis/build/icyphy/ptII/lib/netty-handler-4.1.19.Final.jar:/home/travis/build/icyphy/ptII/lib/netty-resolver-4.1.19.Final.jar:/home/travis/build/icyphy/ptII/lib/netty-resolver-dns-4.1.19.Final.jar:/home/travis/build/icyphy/ptII/lib/netty-transport-4.1.19.Final.jar:/home/travis/build/icyphy/ptII/lib/vertx-codegen-3.5.1.jar:/home/travis/build/icyphy/ptII/lib/vertx-core-3.5.2-SNAPSHOT.jar:/home/travis/build/icyphy/ptII/lib/vertx-hazelcast-3.5.1.jar:/home/travis/build/icyphy/ptII/lib/vertx-lang-js-3.5.1.jar:/home/travis/build/icyphy/ptII/lib/vertx-service-proxy-3.5.1.jar:/home/travis/build/icyphy/ptII/lib/vertx-web-3.5.1.jar:/home/travis/build/icyphy/ptII/lib/slf4j-api-1.7.13.jar:/home/travis/build/icyphy/ptII/lib/slf4j-simple-1.7.13.jar:/home/travis/build/icyphy/ptII/lib/webcam-capture-0.3.12.jar:/home/travis/build/icyphy/ptII/lib/bridj-0.7.0.jar:/home/travis/build/icyphy/ptII/lib/xbjlib-1.1.0.nrjavaserial.jar:/home/travis/build/icyphy/ptII/ptolemy/moml/test:/home/travis/build/icyphy/ptII/ant/lib/ant-launcher.jar:/home/travis/build/icyphy/ptII/ant/lib/ant.jar:/home/travis/build/icyphy/ptII/ant/lib/ant-junit.jar:/home/travis/build/icyphy/ptII/ant/lib/ant-junit4.jar" />
    <property name="ant.library.dir" value="/home/travis/build/icyphy/ptII/ant/lib" />
    <property name="os.arch" value="amd64" />
    <property name="env.CONTINUOUS_INTEGRATION" value="true" />
    <property name="env.TRAVIS_LANGUAGE" value="node_js" />
    <property name="env.TRAVIS_STACK_LANGUAGES" value="__sardonyx__ c c++ clojure cplusplus cpp default generic go groovy java node_js php pure_java python ruby scala" />
    <property name="test.name" value="ptolemy.actor.lib.test.junit.JUnitTclTest" />
    <property name="env.APT_KEY_DONT_WARN_ON_DANGEROUS_USAGE" value="1" />
    <property name="sun.java.launcher" value="SUN_STANDARD" />
    <property name="env.PYTHON_CONFIGURE_OPTS" value="--enable-unicode=ucs4 --with-wide-unicode --enable-shared --enable-ipv6 --enable-loadable-sqlite-extensions --with-computed-gotos" />
    <property name="ant.core.lib" value="/home/travis/build/icyphy/ptII/ant/lib/ant.jar" />
    <property name="java.vm.specification.vendor" value="Oracle Corporation" />
    <property name="env.BCVTB_HOME" value="/home/travis/build/icyphy/ptII/lbnl" />
    <property name="file.separator" value="/" />
    <property name="spotbugs.home" value="/home/travis/build/icyphy/ptII/vendors/spotbugs-3.1.1" />
    <property name="java.runtime.version" value="10.0.2+13" />
    <property name="env.ANSI_CLEAR" value="\033[0K" />
    <property name="env.HAS_JOSH_K_SEAL_OF_APPROVAL" value="true" />
    <property name="env.XDG_RUNTIME_DIR" value="/run/user/2000" />
    <property name="env.TRAVIS_OSX_IMAGE" value="" />
    <property name="env.TRAVIS_JOB_ID" value="556624780" />
    <property name="env.TRAVIS_BRANCH" value="master" />
    <property name="user.country" value="US" />
    <property name="env.CERTI_HOME_TRAVIS" value="/home/travis/pthla/certi-tools" />
    <property name="env.SHELL" value="/bin/bash" />
    <property name="java.maxmemory.large" value="5000m" />
    <property name="model" value="" />
    <property name="env.CASHER_DIR" value="/home/travis/.casher" />
    <property name="env.NVM_CD_FLAGS" value="" />
    <property name="java.vendor.version" value="18.3" />
    <property name="jshint.executable" value="/home/travis/node_modules/jshint/bin/jshint" />
    <property name="env.JRUBY_OPTS" value=" --client -J-XX:+TieredCompilation -J-XX:TieredStopAtLevel=1 -J-Xss2m -Xcompile.invokedynamic=false" />
    <property name="java.vendor" value="Oracle Corporation" />
    <property name="env.TRAVIS_PRE_CHEF_BOOTSTRAP_TIME" value="2019-03-25T16:16:42" />
    <property name="env.TRAVIS_STACK_JOB_BOARD_REGISTER" value="/.job-board-register.yml" />
    <property name="env.ANSI_RED" value="\033[31;1m" />
    <property name="java.specification.version" value="10" />
    <property name="env.IRBRC" value="/home/travis/.rvm/rubies/ruby-2.5.3/.irbrc" />
    <property name="env.TRAVIS" value="true" />
    <property name="sun.arch.data.model" value="64" />
  </properties>
  <testcase classname="ptolemy.util.test.junit.TclTests" name="[0] /home/travis/build/icyphy/ptII/ptolemy/actor/lib/test/AbsoluteValue.tcl (RunTclFile)" time="0.65" />
  <testcase classname="ptolemy.util.test.junit.TclTests" name="[1] /home/travis/build/icyphy/ptII/ptolemy/actor/lib/test/AddSubtract.tcl (RunTclFile)" time="0.129" />
  <testcase classname="ptolemy.util.test.junit.TclTests" name="[2] /home/travis/build/icyphy/ptII/ptolemy/actor/lib/test/Average.tcl (RunTclFile)" time="0.031" />
  <testcase classname="ptolemy.util.test.junit.TclTests" name="[3] /home/travis/build/icyphy/ptII/ptolemy/actor/lib/test/Bernoulli.tcl (RunTclFile)" time="0.034" />
  <testcase classname="ptolemy.util.test.junit.TclTests" name="[4] /home/travis/build/icyphy/ptII/ptolemy/actor/lib/test/Clock.tcl (RunTclFile)" time="0.08" />
  <testcase classname="ptolemy.util.test.junit.TclTests" name="[5] /home/travis/build/icyphy/ptII/ptolemy/actor/lib/test/Commutator.tcl (RunTclFile)" time="0.165">
    <failure message="Number of failed tests is has increased. expected:&lt;0&gt; but was:&lt;1&gt;" type="junit.framework.AssertionFailedError">junit.framework.AssertionFailedError: Number of failed tests is has increased. expected:&lt;0&gt; but was:&lt;1&gt;
	at ptolemy.util.test.junit.TclTests.RunTclFile(TclTests.java:286)
	at java.base/jdk.internal.reflect.NativeMethodAccessorImpl.invoke0(Native Method)
	at java.base/jdk.internal.reflect.NativeMethodAccessorImpl.invoke(NativeMethodAccessorImpl.java:62)
	at java.base/jdk.internal.reflect.DelegatingMethodAccessorImpl.invoke(DelegatingMethodAccessorImpl.java:43)
	at junitparams.internal.InvokeParameterisedMethod.evaluate(InvokeParameterisedMethod.java:102)
	at junitparams.internal.ParameterisedTestMethodRunner.runMethodInvoker(ParameterisedTestMethodRunner.java:47)
	at junitparams.internal.ParameterisedTestMethodRunner.runTestMethod(ParameterisedTestMethodRunner.java:41)
	at junitparams.internal.ParameterisedTestClassRunner.runParameterisedTest(ParameterisedTestClassRunner.java:143)
	at junitparams.JUnitParamsRunner.runChild(JUnitParamsRunner.java:237)
	at junitparams.JUnitParamsRunner.runChild(JUnitParamsRunner.java:215)
</failure>
  </testcase>
  <testcase classname="ptolemy.util.test.junit.TclTests" name="[6] /home/travis/build/icyphy/ptII/ptolemy/actor/lib/test/Const.tcl (RunTclFile)" time="0.161" />
  <testcase classname="ptolemy.util.test.junit.TclTests" name="[7] /home/travis/build/icyphy/ptII/ptolemy/actor/lib/test/CurrentTime.tcl (RunTclFile)" time="0.039" />
  <testcase classname="ptolemy.util.test.junit.TclTests" name="[8] /home/travis/build/icyphy/ptII/ptolemy/actor/lib/test/DB.tcl (RunTclFile)" time="0.037" />
  <testcase classname="ptolemy.util.test.junit.TclTests" name="[9] /home/travis/build/icyphy/ptII/ptolemy/actor/lib/test/DiscreteRandomSource.tcl (RunTclFile)" time="0.027" />
  <testcase classname="ptolemy.util.test.junit.TclTests" name="[10] /home/travis/build/icyphy/ptII/ptolemy/actor/lib/test/Distributor.tcl (RunTclFile)" time="0.052" />
  <testcase classname="ptolemy.util.test.junit.TclTests" name="[11] /home/travis/build/icyphy/ptII/ptolemy/actor/lib/test/Exit.tcl (RunTclFile)" time="0.102" />
  <testcase classname="ptolemy.util.test.junit.TclTests" name="[12] /home/travis/build/icyphy/ptII/ptolemy/actor/lib/test/Expression.tcl (RunTclFile)" time="0.118" />
  <testcase classname="ptolemy.util.test.junit.TclTests" name="[13] /home/travis/build/icyphy/ptII/ptolemy/actor/lib/test/Gaussian.tcl (RunTclFile)" time="0.623" />
  <testcase classname="ptolemy.util.test.junit.TclTests" name="[14] /home/travis/build/icyphy/ptII/ptolemy/actor/lib/test/IIR.tcl (RunTclFile)" time="0.05" />
  <testcase classname="ptolemy.util.test.junit.TclTests" name="[15] /home/travis/build/icyphy/ptII/ptolemy/actor/lib/test/Interpolator.tcl (RunTclFile)" time="0.111" />
  <testcase classname="ptolemy.util.test.junit.TclTests" name="[16] /home/travis/build/icyphy/ptII/ptolemy/actor/lib/test/MathFunction.tcl (RunTclFile)" time="0.081" />
  <testcase classname="ptolemy.util.test.junit.TclTests" name="[17] /home/travis/build/icyphy/ptII/ptolemy/actor/lib/test/Maximum.tcl (RunTclFile)" time="0.041" />
  <testcase classname="ptolemy.util.test.junit.TclTests" name="[18] /home/travis/build/icyphy/ptII/ptolemy/actor/lib/test/Minimum.tcl (RunTclFile)" time="0.049" />
  <testcase classname="ptolemy.util.test.junit.TclTests" name="[19] /home/travis/build/icyphy/ptII/ptolemy/actor/lib/test/MultiplyDivide.tcl (RunTclFile)" time="0.049" />
  <testcase classname="ptolemy.util.test.junit.TclTests" name="[20] /home/travis/build/icyphy/ptII/ptolemy/actor/lib/test/OrderedMerge.tcl (RunTclFile)" time="0.128" />
  <testcase classname="ptolemy.util.test.junit.TclTests" name="[21] /home/travis/build/icyphy/ptII/ptolemy/actor/lib/test/Publisher.tcl (RunTclFile)" time="0.943" />
  <testcase classname="ptolemy.util.test.junit.TclTests" name="[22] /home/travis/build/icyphy/ptII/ptolemy/actor/lib/test/Pulse.tcl (RunTclFile)" time="0.087" />
  <testcase classname="ptolemy.util.test.junit.TclTests" name="[23] /home/travis/build/icyphy/ptII/ptolemy/actor/lib/test/Ramp.tcl (RunTclFile)" time="2.233" />
  <testcase classname="ptolemy.util.test.junit.TclTests" name="[24] /home/travis/build/icyphy/ptII/ptolemy/actor/lib/test/RampContinuous.tcl (RunTclFile)" time="0.022" />
  <testcase classname="ptolemy.util.test.junit.TclTests" name="[25] /home/travis/build/icyphy/ptII/ptolemy/actor/lib/test/RecordAssembler.tcl (RunTclFile)" time="0.015" />
  <testcase classname="ptolemy.util.test.junit.TclTests" name="[26] /home/travis/build/icyphy/ptII/ptolemy/actor/lib/test/RecordDisassembler.tcl (RunTclFile)" time="0.03" />
  <testcase classname="ptolemy.util.test.junit.TclTests" name="[27] /home/travis/build/icyphy/ptII/ptolemy/actor/lib/test/Scale.tcl (RunTclFile)" time="0.029" />
  <testcase classname="ptolemy.util.test.junit.TclTests" name="[28] /home/travis/build/icyphy/ptII/ptolemy/actor/lib/test/SequentialClock.tcl (RunTclFile)" time="0.018" />
  <testcase classname="ptolemy.util.test.junit.TclTests" name="[29] /home/travis/build/icyphy/ptII/ptolemy/actor/lib/test/SetVariable.tcl (RunTclFile)" time="0.019">
    <failure message="Number of failed tests is has increased. expected:&lt;1&gt; but was:&lt;2&gt;" type="junit.framework.AssertionFailedError">junit.framework.AssertionFailedError: Number of failed tests is has increased. expected:&lt;1&gt; but was:&lt;2&gt;
	at ptolemy.util.test.junit.TclTests.RunTclFile(TclTests.java:286)
	at jdk.internal.reflect.GeneratedMethodAccessor19.invoke(Unknown Source)
	at java.base/jdk.internal.reflect.DelegatingMethodAccessorImpl.invoke(DelegatingMethodAccessorImpl.java:43)
	at junitparams.internal.InvokeParameterisedMethod.evaluate(InvokeParameterisedMethod.java:102)
	at junitparams.internal.ParameterisedTestMethodRunner.runMethodInvoker(ParameterisedTestMethodRunner.java:47)
	at junitparams.internal.ParameterisedTestMethodRunner.runTestMethod(ParameterisedTestMethodRunner.java:41)
	at junitparams.internal.ParameterisedTestClassRunner.runParameterisedTest(ParameterisedTestClassRunner.java:143)
	at junitparams.JUnitParamsRunner.runChild(JUnitParamsRunner.java:237)
	at junitparams.JUnitParamsRunner.runChild(JUnitParamsRunner.java:215)
</failure>
  </testcase>
  <testcase classname="ptolemy.util.test.junit.TclTests" name="[30] /home/travis/build/icyphy/ptII/ptolemy/actor/lib/test/Sinewave.tcl (RunTclFile)" time="0.026" />
  <testcase classname="ptolemy.util.test.junit.TclTests" name="[31] /home/travis/build/icyphy/ptII/ptolemy/actor/lib/test/SubscriptionAggregator.tcl (RunTclFile)" time="2.297" />
  <testcase classname="ptolemy.util.test.junit.TclTests" name="[32] /home/travis/build/icyphy/ptII/ptolemy/actor/lib/test/Test.tcl (RunTclFile)" time="0.138" />
  <testcase classname="ptolemy.util.test.junit.TclTests" name="[33] /home/travis/build/icyphy/ptII/ptolemy/actor/lib/test/TestExceptionHandler.tcl (RunTclFile)" time="0.014" />
  <testcase classname="ptolemy.util.test.junit.TclTests" name="[34] /home/travis/build/icyphy/ptII/ptolemy/actor/lib/test/UnionDisassembler.tcl (RunTclFile)" time="0.081" />
  <testcase classname="ptolemy.util.test.junit.TclTests" name="[35] /home/travis/build/icyphy/ptII/ptolemy/actor/lib/test/VariableClock.tcl (RunTclFile)" time="0.029" />
  <testcase classname="ptolemy.util.test.junit.AutoKnownFailedTests" name="[0] /home/travis/build/icyphy/ptII/ptolemy/actor/lib/test/auto/knownFailedTests/PublisherPortToplevelSubscriber.xml (RunModel)" time="0.026" />
  <testcase classname="ptolemy.util.test.junit.AutoKnownFailedTests" name="[1] /home/travis/build/icyphy/ptII/ptolemy/actor/lib/test/auto/knownFailedTests/PublisherSubscriberPortToplevel.xml (RunModel)" time="0.021" />
  <testcase classname="ptolemy.util.test.junit.AutoKnownFailedTests" name="[2] /home/travis/build/icyphy/ptII/ptolemy/actor/lib/test/auto/knownFailedTests/PublisherSubscriptionAggregatorPort.xml (RunModel)" time="0.021" />
  <testcase classname="ptolemy.util.test.junit.AutoKnownFailedTests" name="[3] /home/travis/build/icyphy/ptII/ptolemy/actor/lib/test/auto/knownFailedTests/sizedarray3.xml (RunModel)" time="0.047" />
  <testcase classname="ptolemy.util.test.junit.AutoNameArchTests" name="[0] ThereAreNoAutoArchTests (RunModel)" time="0.004" />
  <testcase classname="ptolemy.util.test.junit.AutoTests" name="[0] /home/travis/build/icyphy/ptII/ptolemy/actor/lib/test/auto/AbsoluteValue.xml (RunModel)" time="0.083" />
  <testcase classname="ptolemy.util.test.junit.AutoTests" name="[1] /home/travis/build/icyphy/ptII/ptolemy/actor/lib/test/auto/AbsoluteValue2.xml (RunModel)" time="0.058" />
  <testcase classname="ptolemy.util.test.junit.AutoTests" name="[2] /home/travis/build/icyphy/ptII/ptolemy/actor/lib/test/auto/Accumulator.xml (RunModel)" time="0.064" />
  <testcase classname="ptolemy.util.test.junit.AutoTests" name="[3] /home/travis/build/icyphy/ptII/ptolemy/actor/lib/test/auto/Accumulator2.xml (RunModel)" time="0.064" />
  <testcase classname="ptolemy.util.test.junit.AutoTests" name="[4] /home/travis/build/icyphy/ptII/ptolemy/actor/lib/test/auto/Accumulator3.xml (RunModel)" time="0.026" />
  <testcase classname="ptolemy.util.test.junit.AutoTests" name="[5] /home/travis/build/icyphy/ptII/ptolemy/actor/lib/test/auto/ArrayAppend.xml (RunModel)" time="0.03" />
  <testcase classname="ptolemy.util.test.junit.AutoTests" name="[6] /home/travis/build/icyphy/ptII/ptolemy/actor/lib/test/auto/ArrayAppend2.xml (RunModel)" time="0.461" />
  <testcase classname="ptolemy.util.test.junit.AutoTests" name="[7] /home/travis/build/icyphy/ptII/ptolemy/actor/lib/test/auto/ArrayAppend3.xml (RunModel)" time="0.02" />
  <testcase classname="ptolemy.util.test.junit.AutoTests" name="[8] /home/travis/build/icyphy/ptII/ptolemy/actor/lib/test/auto/ArrayAppend4.xml (RunModel)" time="0.019" />
  <testcase classname="ptolemy.util.test.junit.AutoTests" name="[9] /home/travis/build/icyphy/ptII/ptolemy/actor/lib/test/auto/ArrayAppend5.xml (RunModel)" time="0.016" />
  <testcase classname="ptolemy.util.test.junit.AutoTests" name="[10] /home/travis/build/icyphy/ptII/ptolemy/actor/lib/test/auto/ArrayAppend6.xml (RunModel)" time="0.022" />
  <testcase classname="ptolemy.util.test.junit.AutoTests" name="[11] /home/travis/build/icyphy/ptII/ptolemy/actor/lib/test/auto/ArrayAppendPerformanceTest.xml (RunModel)" time="0.043" />
  <testcase classname="ptolemy.util.test.junit.AutoTests" name="[12] /home/travis/build/icyphy/ptII/ptolemy/actor/lib/test/auto/ArrayAppendWithEmptyInput.xml (RunModel)" time="0.058" />
  <testcase classname="ptolemy.util.test.junit.AutoTests" name="[13] /home/travis/build/icyphy/ptII/ptolemy/actor/lib/test/auto/ArrayAverage.xml (RunModel)" time="0.047" />
  <testcase classname="ptolemy.util.test.junit.AutoTests" name="[14] /home/travis/build/icyphy/ptII/ptolemy/actor/lib/test/auto/ArrayContains.xml (RunModel)" time="0.029" />
  <testcase classname="ptolemy.util.test.junit.AutoTests" name="[15] /home/travis/build/icyphy/ptII/ptolemy/actor/lib/test/auto/ArrayElement.xml (RunModel)" time="0.041" />
  <testcase classname="ptolemy.util.test.junit.AutoTests" name="[16] /home/travis/build/icyphy/ptII/ptolemy/actor/lib/test/auto/ArrayElementAsMatrix.xml (RunModel)" time="0.046" />
  <testcase classname="ptolemy.util.test.junit.AutoTests" name="[17] /home/travis/build/icyphy/ptII/ptolemy/actor/lib/test/auto/ArrayElementI.xml (RunModel)" time="0.026" />
  <testcase classname="ptolemy.util.test.junit.AutoTests" name="[18] /home/travis/build/icyphy/ptII/ptolemy/actor/lib/test/auto/ArrayExtract.xml (RunModel)" time="0.043" />
  <testcase classname="ptolemy.util.test.junit.AutoTests" name="[19] /home/travis/build/icyphy/ptII/ptolemy/actor/lib/test/auto/ArrayExtract2.xml (RunModel)" time="0.021" />
  <testcase classname="ptolemy.util.test.junit.AutoTests" name="[20] /home/travis/build/icyphy/ptII/ptolemy/actor/lib/test/auto/ArrayLength.xml (RunModel)" time="0.021" />
  <testcase classname="ptolemy.util.test.junit.AutoTests" name="[21] /home/travis/build/icyphy/ptII/ptolemy/actor/lib/test/auto/ArrayLevelCrossing.xml (RunModel)" time="0.029" />
  <testcase classname="ptolemy.util.test.junit.AutoTests" name="[22] /home/travis/build/icyphy/ptII/ptolemy/actor/lib/test/auto/ArrayLevelCrossing2.xml (RunModel)" time="0.027" />
  <testcase classname="ptolemy.util.test.junit.AutoTests" name="[23] /home/travis/build/icyphy/ptII/ptolemy/actor/lib/test/auto/ArrayPeakSearch.xml (RunModel)" time="0.046" />
  <testcase classname="ptolemy.util.test.junit.AutoTests" name="[24] /home/travis/build/icyphy/ptII/ptolemy/actor/lib/test/auto/ArrayPeakSearch2.xml (RunModel)" time="0.04" />
  <testcase classname="ptolemy.util.test.junit.AutoTests" name="[25] /home/travis/build/icyphy/ptII/ptolemy/actor/lib/test/auto/ArrayPeakSearch3.xml (RunModel)" time="0.037" />
  <testcase classname="ptolemy.util.test.junit.AutoTests" name="[26] /home/travis/build/icyphy/ptII/ptolemy/actor/lib/test/auto/ArrayRemoveElement.xml (RunModel)" time="0.031" />
  <testcase classname="ptolemy.util.test.junit.AutoTests" name="[27] /home/travis/build/icyphy/ptII/ptolemy/actor/lib/test/auto/ArraySort.xml (RunModel)" time="0.032" />
  <testcase classname="ptolemy.util.test.junit.AutoTests" name="[28] /home/travis/build/icyphy/ptII/ptolemy/actor/lib/test/auto/ArraySum.xml (RunModel)" time="0.019" />
  <testcase classname="ptolemy.util.test.junit.AutoTests" name="[29] /home/travis/build/icyphy/ptII/ptolemy/actor/lib/test/auto/ArrayToElements.xml (RunModel)" time="0.023" />
  <testcase classname="ptolemy.util.test.junit.AutoTests" name="[30] /home/travis/build/icyphy/ptII/ptolemy/actor/lib/test/auto/ArrayToMatrix.xml (RunModel)" time="0.146" />
  <testcase classname="ptolemy.util.test.junit.AutoTests" name="[31] /home/travis/build/icyphy/ptII/ptolemy/actor/lib/test/auto/ArrayUpdate1.xml (RunModel)" time="0.019" />
  <testcase classname="ptolemy.util.test.junit.AutoTests" name="[32] /home/travis/build/icyphy/ptII/ptolemy/actor/lib/test/auto/ArrayUpdate2.xml (RunModel)" time="0.019" />
  <testcase classname="ptolemy.util.test.junit.AutoTests" name="[33] /home/travis/build/icyphy/ptII/ptolemy/actor/lib/test/auto/ArrayUpdate3.xml (RunModel)" time="0.017" />
  <testcase classname="ptolemy.util.test.junit.AutoTests" name="[34] /home/travis/build/icyphy/ptII/ptolemy/actor/lib/test/auto/Assert1.xml (RunModel)" time="0.023" />
  <testcase classname="ptolemy.util.test.junit.AutoTests" name="[35] /home/travis/build/icyphy/ptII/ptolemy/actor/lib/test/auto/Assert2.xml (RunModel)" time="0.013" />
  <testcase classname="ptolemy.util.test.junit.AutoTests" name="[36] /home/travis/build/icyphy/ptII/ptolemy/actor/lib/test/auto/BooleanMultiplexor.xml (RunModel)" time="0.018" />
  <testcase classname="ptolemy.util.test.junit.AutoTests" name="[37] /home/travis/build/icyphy/ptII/ptolemy/actor/lib/test/auto/BooleanMultiplexor2.xml (RunModel)" time="0.026" />
  <testcase classname="ptolemy.util.test.junit.AutoTests" name="[38] /home/travis/build/icyphy/ptII/ptolemy/actor/lib/test/auto/BooleanMultiplexor3.xml (RunModel)" time="0.025" />
  <testcase classname="ptolemy.util.test.junit.AutoTests" name="[39] /home/travis/build/icyphy/ptII/ptolemy/actor/lib/test/auto/BooleanSelect.xml (RunModel)" time="0.024" />
  <testcase classname="ptolemy.util.test.junit.AutoTests" name="[40] /home/travis/build/icyphy/ptII/ptolemy/actor/lib/test/auto/BooleanSelect2.xml (RunModel)" time="0.017" />
  <testcase classname="ptolemy.util.test.junit.AutoTests" name="[41] /home/travis/build/icyphy/ptII/ptolemy/actor/lib/test/auto/BooleanSwitch.xml (RunModel)" time="0.023" />
  <testcase classname="ptolemy.util.test.junit.AutoTests" name="[42] /home/travis/build/icyphy/ptII/ptolemy/actor/lib/test/auto/BooleanSwitch2.xml (RunModel)" time="0.016" />
  <testcase classname="ptolemy.util.test.junit.AutoTests" name="[43] /home/travis/build/icyphy/ptII/ptolemy/actor/lib/test/auto/BooleanSwitchCloningBugWithClassRelationGroup.xml (RunModel)" time="0.029" />
  <testcase classname="ptolemy.util.test.junit.AutoTests" name="[44] /home/travis/build/icyphy/ptII/ptolemy/actor/lib/test/auto/BusActors.xml (RunModel)" time="0.049" />
  <testcase classname="ptolemy.util.test.junit.AutoTests" name="[45] /home/travis/build/icyphy/ptII/ptolemy/actor/lib/test/auto/ClassWrapper.xml (RunModel)" time="0.028" />
  <testcase classname="ptolemy.util.test.junit.AutoTests" name="[46] /home/travis/build/icyphy/ptII/ptolemy/actor/lib/test/auto/Clock.xml (RunModel)" time="0.013" />
  <testcase classname="ptolemy.util.test.junit.AutoTests" name="[47] /home/travis/build/icyphy/ptII/ptolemy/actor/lib/test/auto/Clock10.xml (RunModel)" time="0.019" />
  <testcase classname="ptolemy.util.test.junit.AutoTests" name="[48] /home/travis/build/icyphy/ptII/ptolemy/actor/lib/test/auto/Clock11.xml (RunModel)" time="0.02" />
  <testcase classname="ptolemy.util.test.junit.AutoTests" name="[49] /home/travis/build/icyphy/ptII/ptolemy/actor/lib/test/auto/Clock12.xml (RunModel)" time="0.021" />
  <testcase classname="ptolemy.util.test.junit.AutoTests" name="[50] /home/travis/build/icyphy/ptII/ptolemy/actor/lib/test/auto/Clock13.xml (RunModel)" time="0.019" />
  <testcase classname="ptolemy.util.test.junit.AutoTests" name="[51] /home/travis/build/icyphy/ptII/ptolemy/actor/lib/test/auto/Clock14.xml (RunModel)" time="0.026" />
  <testcase classname="ptolemy.util.test.junit.AutoTests" name="[52] /home/travis/build/icyphy/ptII/ptolemy/actor/lib/test/auto/Clock15.xml (RunModel)" time="0.017" />
  <testcase classname="ptolemy.util.test.junit.AutoTests" name="[53] /home/travis/build/icyphy/ptII/ptolemy/actor/lib/test/auto/Clock16.xml (RunModel)" time="0.101" />
  <testcase classname="ptolemy.util.test.junit.AutoTests" name="[54] /home/travis/build/icyphy/ptII/ptolemy/actor/lib/test/auto/Clock17.xml (RunModel)" time="0.074" />
  <testcase classname="ptolemy.util.test.junit.AutoTests" name="[55] /home/travis/build/icyphy/ptII/ptolemy/actor/lib/test/auto/Clock18.xml (RunModel)" time="0.055" />
  <testcase classname="ptolemy.util.test.junit.AutoTests" name="[56] /home/travis/build/icyphy/ptII/ptolemy/actor/lib/test/auto/Clock19.xml (RunModel)" time="0.047" />
  <testcase classname="ptolemy.util.test.junit.AutoTests" name="[57] /home/travis/build/icyphy/ptII/ptolemy/actor/lib/test/auto/Clock2.xml (RunModel)" time="0.014" />
  <testcase classname="ptolemy.util.test.junit.AutoTests" name="[58] /home/travis/build/icyphy/ptII/ptolemy/actor/lib/test/auto/Clock20.xml (RunModel)" time="0.021" />
  <testcase classname="ptolemy.util.test.junit.AutoTests" name="[59] /home/travis/build/icyphy/ptII/ptolemy/actor/lib/test/auto/Clock21.xml (RunModel)" time="0.017" />
  <testcase classname="ptolemy.util.test.junit.AutoTests" name="[60] /home/travis/build/icyphy/ptII/ptolemy/actor/lib/test/auto/Clock22.xml (RunModel)" time="0.025" />
  <testcase classname="ptolemy.util.test.junit.AutoTests" name="[61] /home/travis/build/icyphy/ptII/ptolemy/actor/lib/test/auto/Clock23.xml (RunModel)" time="0.018" />
  <testcase classname="ptolemy.util.test.junit.AutoTests" name="[62] /home/travis/build/icyphy/ptII/ptolemy/actor/lib/test/auto/Clock24.xml (RunModel)" time="0.017" />
  <testcase classname="ptolemy.util.test.junit.AutoTests" name="[63] /home/travis/build/icyphy/ptII/ptolemy/actor/lib/test/auto/Clock4.xml (RunModel)" time="0.017" />
  <testcase classname="ptolemy.util.test.junit.AutoTests" name="[64] /home/travis/build/icyphy/ptII/ptolemy/actor/lib/test/auto/Clock5.xml (RunModel)" time="0.016" />
  <testcase classname="ptolemy.util.test.junit.AutoTests" name="[65] /home/travis/build/icyphy/ptII/ptolemy/actor/lib/test/auto/Clock6.xml (RunModel)" time="0.013" />
  <testcase classname="ptolemy.util.test.junit.AutoTests" name="[66] /home/travis/build/icyphy/ptII/ptolemy/actor/lib/test/auto/Clock7.xml (RunModel)" time="0.011" />
  <testcase classname="ptolemy.util.test.junit.AutoTests" name="[67] /home/travis/build/icyphy/ptII/ptolemy/actor/lib/test/auto/Clock8.xml (RunModel)" time="0.016" />
  <testcase classname="ptolemy.util.test.junit.AutoTests" name="[68] /home/travis/build/icyphy/ptII/ptolemy/actor/lib/test/auto/Clock9.xml (RunModel)" time="0.017" />
  <testcase classname="ptolemy.util.test.junit.AutoTests" name="[69] /home/travis/build/icyphy/ptII/ptolemy/actor/lib/test/auto/CommDistDiscard.xml (RunModel)" time="0.021" />
  <testcase classname="ptolemy.util.test.junit.AutoTests" name="[70] /home/travis/build/icyphy/ptII/ptolemy/actor/lib/test/auto/Commutator.xml (RunModel)" time="0.016" />
  <testcase classname="ptolemy.util.test.junit.AutoTests" name="[71] /home/travis/build/icyphy/ptII/ptolemy/actor/lib/test/auto/Commutator2.xml (RunModel)" time="0.013" />
  <testcase classname="ptolemy.util.test.junit.AutoTests" name="[72] /home/travis/build/icyphy/ptII/ptolemy/actor/lib/test/auto/Commutator3.xml (RunModel)" time="0.014" />
  <testcase classname="ptolemy.util.test.junit.AutoTests" name="[73] /home/travis/build/icyphy/ptII/ptolemy/actor/lib/test/auto/Compare.xml (RunModel)" time="0.024" />
  <testcase classname="ptolemy.util.test.junit.AutoTests" name="[74] /home/travis/build/icyphy/ptII/ptolemy/actor/lib/test/auto/CompareDE.xml (RunModel)" time="0.023" />
  <testcase classname="ptolemy.util.test.junit.AutoTests" name="[75] /home/travis/build/icyphy/ptII/ptolemy/actor/lib/test/auto/ComplexDivide.xml (RunModel)" time="0.011" />
  <testcase classname="ptolemy.util.test.junit.AutoTests" name="[76] /home/travis/build/icyphy/ptII/ptolemy/actor/lib/test/auto/ComputeHistogram.xml (RunModel)" time="0.085" />
  <testcase classname="ptolemy.util.test.junit.AutoTests" name="[77] /home/travis/build/icyphy/ptII/ptolemy/actor/lib/test/auto/ConfigurationSelect.xml (RunModel)" time="0.025" />
  <testcase classname="ptolemy.util.test.junit.AutoTests" name="[78] /home/travis/build/icyphy/ptII/ptolemy/actor/lib/test/auto/ConfigurationSelect2.xml (RunModel)" time="0.015" />
  <testcase classname="ptolemy.util.test.junit.AutoTests" name="[79] /home/travis/build/icyphy/ptII/ptolemy/actor/lib/test/auto/ConfigurationSwitch.xml (RunModel)" time="0.029" />
  <testcase classname="ptolemy.util.test.junit.AutoTests" name="[80] /home/travis/build/icyphy/ptII/ptolemy/actor/lib/test/auto/ConfigurationSwitch2.xml (RunModel)" time="0.026" />
  <testcase classname="ptolemy.util.test.junit.AutoTests" name="[81] /home/travis/build/icyphy/ptII/ptolemy/actor/lib/test/auto/ConfigurationSwitchCloningBugWithClassRelationGroup.xml (RunModel)" time="0.028" />
  <testcase classname="ptolemy.util.test.junit.AutoTests" name="[82] /home/travis/build/icyphy/ptII/ptolemy/actor/lib/test/auto/ConfigurationSwitchSelectSDF.xml (RunModel)" time="0.02" />
  <testcase classname="ptolemy.util.test.junit.AutoTests" name="[83] /home/travis/build/icyphy/ptII/ptolemy/actor/lib/test/auto/ConfigurationSwitchSelectSDF2.xml (RunModel)" time="0.02" />
  <testcase classname="ptolemy.util.test.junit.AutoTests" name="[84] /home/travis/build/icyphy/ptII/ptolemy/actor/lib/test/auto/Const.xml (RunModel)" time="0.009" />
  <testcase classname="ptolemy.util.test.junit.AutoTests" name="[85] /home/travis/build/icyphy/ptII/ptolemy/actor/lib/test/auto/Const2.xml (RunModel)" time="0.011" />
  <testcase classname="ptolemy.util.test.junit.AutoTests" name="[86] /home/travis/build/icyphy/ptII/ptolemy/actor/lib/test/auto/Const3.xml (RunModel)" time="0.008" />
  <testcase classname="ptolemy.util.test.junit.AutoTests" name="[87] /home/travis/build/icyphy/ptII/ptolemy/actor/lib/test/auto/ConstantPublisherPort1.xml (RunModel)" time="0.032" />
  <testcase classname="ptolemy.util.test.junit.AutoTests" name="[88] /home/travis/build/icyphy/ptII/ptolemy/actor/lib/test/auto/ConstantPublisherPort2.xml (RunModel)" time="0.028" />
  <testcase classname="ptolemy.util.test.junit.AutoTests" name="[89] /home/travis/build/icyphy/ptII/ptolemy/actor/lib/test/auto/ConstantPublisherPort3.xml (RunModel)" time="0.024" />
  <testcase classname="ptolemy.util.test.junit.AutoTests" name="[90] /home/travis/build/icyphy/ptII/ptolemy/actor/lib/test/auto/ConstantPublisherPort4.xml (RunModel)" time="0.023" />
  <testcase classname="ptolemy.util.test.junit.AutoTests" name="[91] /home/travis/build/icyphy/ptII/ptolemy/actor/lib/test/auto/ConstantPublisherPort5.xml (RunModel)" time="0.064" />
  <testcase classname="ptolemy.util.test.junit.AutoTests" name="[92] /home/travis/build/icyphy/ptII/ptolemy/actor/lib/test/auto/ConstantPublisherPort6.xml (RunModel)" time="0.034" />
  <testcase classname="ptolemy.util.test.junit.AutoTests" name="[93] /home/travis/build/icyphy/ptII/ptolemy/actor/lib/test/auto/ConstantPublisherPort7.xml (RunModel)" time="0.035" />
  <testcase classname="ptolemy.util.test.junit.AutoTests" name="[94] /home/travis/build/icyphy/ptII/ptolemy/actor/lib/test/auto/ConstraintMonitor1.xml (RunModel)" time="0.043" />
  <testcase classname="ptolemy.util.test.junit.AutoTests" name="[95] /home/travis/build/icyphy/ptII/ptolemy/actor/lib/test/auto/ConstraintMonitor2.xml (RunModel)" time="0.016" />
  <testcase classname="ptolemy.util.test.junit.AutoTests" name="[96] /home/travis/build/icyphy/ptII/ptolemy/actor/lib/test/auto/ConstraintMonitor3.xml (RunModel)" time="0.018" />
  <testcase classname="ptolemy.util.test.junit.AutoTests" name="[97] /home/travis/build/icyphy/ptII/ptolemy/actor/lib/test/auto/ConstraintMonitor4.xml (RunModel)" time="0.015" />
  <testcase classname="ptolemy.util.test.junit.AutoTests" name="[98] /home/travis/build/icyphy/ptII/ptolemy/actor/lib/test/auto/ConstraintMonitor5.xml (RunModel)" time="0.019" />
  <testcase classname="ptolemy.util.test.junit.AutoTests" name="[99] /home/travis/build/icyphy/ptII/ptolemy/actor/lib/test/auto/ConstraintMonitor6.xml (RunModel)" time="0.021" />
  <testcase classname="ptolemy.util.test.junit.AutoTests" name="[100] /home/travis/build/icyphy/ptII/ptolemy/actor/lib/test/auto/ConstraintMonitor7.xml (RunModel)" time="0.023" />
  <testcase classname="ptolemy.util.test.junit.AutoTests" name="[101] /home/travis/build/icyphy/ptII/ptolemy/actor/lib/test/auto/ConstraintMonitor8.xml (RunModel)" time="0.022" />
  <testcase classname="ptolemy.util.test.junit.AutoTests" name="[102] /home/travis/build/icyphy/ptII/ptolemy/actor/lib/test/auto/Counter.xml (RunModel)" time="0.015" />
  <testcase classname="ptolemy.util.test.junit.AutoTests" name="[103] /home/travis/build/icyphy/ptII/ptolemy/actor/lib/test/auto/CurrentTimeSDF.xml (RunModel)" time="0.013" />
  <testcase classname="ptolemy.util.test.junit.AutoTests" name="[104] /home/travis/build/icyphy/ptII/ptolemy/actor/lib/test/auto/DB.xml (RunModel)" time="0.017" />
  <testcase classname="ptolemy.util.test.junit.AutoTests" name="[105] /home/travis/build/icyphy/ptII/ptolemy/actor/lib/test/auto/DBDE.xml (RunModel)" time="0.025" />
  <testcase classname="ptolemy.util.test.junit.AutoTests" name="[106] /home/travis/build/icyphy/ptII/ptolemy/actor/lib/test/auto/DateConstructor.xml (RunModel)" time="0.09" />
  <testcase classname="ptolemy.util.test.junit.AutoTests" name="[107] /home/travis/build/icyphy/ptII/ptolemy/actor/lib/test/auto/DelayTime.xml (RunModel)" time="0.021" />
  <testcase classname="ptolemy.util.test.junit.AutoTests" name="[108] /home/travis/build/icyphy/ptII/ptolemy/actor/lib/test/auto/Dictionary1.xml (RunModel)" time="0.018" />
  <testcase classname="ptolemy.util.test.junit.AutoTests" name="[109] /home/travis/build/icyphy/ptII/ptolemy/actor/lib/test/auto/Dictionary2.xml (RunModel)" time="0.026" />
  <testcase classname="ptolemy.util.test.junit.AutoTests" name="[110] /home/travis/build/icyphy/ptII/ptolemy/actor/lib/test/auto/Dictionary3.xml (RunModel)" time="0.013" />
  <testcase classname="ptolemy.util.test.junit.AutoTests" name="[111] /home/travis/build/icyphy/ptII/ptolemy/actor/lib/test/auto/Dictionary4.xml (RunModel)" time="0.022" />
  <testcase classname="ptolemy.util.test.junit.AutoTests" name="[112] /home/travis/build/icyphy/ptII/ptolemy/actor/lib/test/auto/Differential.xml (RunModel)" time="0.02" />
  <testcase classname="ptolemy.util.test.junit.AutoTests" name="[113] /home/travis/build/icyphy/ptII/ptolemy/actor/lib/test/auto/Director.xml (RunModel)" time="0.01" />
  <testcase classname="ptolemy.util.test.junit.AutoTests" name="[114] /home/travis/build/icyphy/ptII/ptolemy/actor/lib/test/auto/DiscreteClock.xml (RunModel)" time="0.008" />
  <testcase classname="ptolemy.util.test.junit.AutoTests" name="[115] /home/travis/build/icyphy/ptII/ptolemy/actor/lib/test/auto/DiscreteClock10.xml (RunModel)" time="0.014" />
  <testcase classname="ptolemy.util.test.junit.AutoTests" name="[116] /home/travis/build/icyphy/ptII/ptolemy/actor/lib/test/auto/DiscreteClock11.xml (RunModel)" time="0.041" />
  <testcase classname="ptolemy.util.test.junit.AutoTests" name="[117] /home/travis/build/icyphy/ptII/ptolemy/actor/lib/test/auto/DiscreteClock12.xml (RunModel)" time="0.015" />
  <testcase classname="ptolemy.util.test.junit.AutoTests" name="[118] /home/travis/build/icyphy/ptII/ptolemy/actor/lib/test/auto/DiscreteClock13.xml (RunModel)" time="0.018" />
  <testcase classname="ptolemy.util.test.junit.AutoTests" name="[119] /home/travis/build/icyphy/ptII/ptolemy/actor/lib/test/auto/DiscreteClock14.xml (RunModel)" time="0.015" />
  <testcase classname="ptolemy.util.test.junit.AutoTests" name="[120] /home/travis/build/icyphy/ptII/ptolemy/actor/lib/test/auto/DiscreteClock15.xml (RunModel)" time="0.016" />
  <testcase classname="ptolemy.util.test.junit.AutoTests" name="[121] /home/travis/build/icyphy/ptII/ptolemy/actor/lib/test/auto/DiscreteClock16.xml (RunModel)" time="0.05" />
  <testcase classname="ptolemy.util.test.junit.AutoTests" name="[122] /home/travis/build/icyphy/ptII/ptolemy/actor/lib/test/auto/DiscreteClock17.xml (RunModel)" time="0.043" />
  <testcase classname="ptolemy.util.test.junit.AutoTests" name="[123] /home/travis/build/icyphy/ptII/ptolemy/actor/lib/test/auto/DiscreteClock18.xml (RunModel)" time="0.046" />
  <testcase classname="ptolemy.util.test.junit.AutoTests" name="[124] /home/travis/build/icyphy/ptII/ptolemy/actor/lib/test/auto/DiscreteClock19.xml (RunModel)" time="0.051" />
  <testcase classname="ptolemy.util.test.junit.AutoTests" name="[125] /home/travis/build/icyphy/ptII/ptolemy/actor/lib/test/auto/DiscreteClock2.xml (RunModel)" time="0.012" />
  <testcase classname="ptolemy.util.test.junit.AutoTests" name="[126] /home/travis/build/icyphy/ptII/ptolemy/actor/lib/test/auto/DiscreteClock20.xml (RunModel)" time="0.019" />
  <testcase classname="ptolemy.util.test.junit.AutoTests" name="[127] /home/travis/build/icyphy/ptII/ptolemy/actor/lib/test/auto/DiscreteClock21.xml (RunModel)" time="0.022" />
  <testcase classname="ptolemy.util.test.junit.AutoTests" name="[128] /home/travis/build/icyphy/ptII/ptolemy/actor/lib/test/auto/DiscreteClock22.xml (RunModel)" time="0.017" />
  <testcase classname="ptolemy.util.test.junit.AutoTests" name="[129] /home/travis/build/icyphy/ptII/ptolemy/actor/lib/test/auto/DiscreteClock23.xml (RunModel)" time="0.019" />
  <testcase classname="ptolemy.util.test.junit.AutoTests" name="[130] /home/travis/build/icyphy/ptII/ptolemy/actor/lib/test/auto/DiscreteClock24.xml (RunModel)" time="0.018" />
  <testcase classname="ptolemy.util.test.junit.AutoTests" name="[131] /home/travis/build/icyphy/ptII/ptolemy/actor/lib/test/auto/DiscreteClock4.xml (RunModel)" time="0.012" />
  <testcase classname="ptolemy.util.test.junit.AutoTests" name="[132] /home/travis/build/icyphy/ptII/ptolemy/actor/lib/test/auto/DiscreteClock5.xml (RunModel)" time="0.01" />
  <testcase classname="ptolemy.util.test.junit.AutoTests" name="[133] /home/travis/build/icyphy/ptII/ptolemy/actor/lib/test/auto/DiscreteClock6.xml (RunModel)" time="0.009" />
  <testcase classname="ptolemy.util.test.junit.AutoTests" name="[134] /home/travis/build/icyphy/ptII/ptolemy/actor/lib/test/auto/DiscreteClock7.xml (RunModel)" time="0.016" />
  <testcase classname="ptolemy.util.test.junit.AutoTests" name="[135] /home/travis/build/icyphy/ptII/ptolemy/actor/lib/test/auto/DiscreteClock8.xml (RunModel)" time="0.029" />
  <testcase classname="ptolemy.util.test.junit.AutoTests" name="[136] /home/travis/build/icyphy/ptII/ptolemy/actor/lib/test/auto/DiscreteClock9.xml (RunModel)" time="0.011" />
  <testcase classname="ptolemy.util.test.junit.AutoTests" name="[137] /home/travis/build/icyphy/ptII/ptolemy/actor/lib/test/auto/DisplayArray.xml (RunModel)" time="0.01" />
  <testcase classname="ptolemy.util.test.junit.AutoTests" name="[138] /home/travis/build/icyphy/ptII/ptolemy/actor/lib/test/auto/Distributor.xml (RunModel)" time="0.014" />
  <testcase classname="ptolemy.util.test.junit.AutoTests" name="[139] /home/travis/build/icyphy/ptII/ptolemy/actor/lib/test/auto/Distributor2.xml (RunModel)" time="0.014" />
  <testcase classname="ptolemy.util.test.junit.AutoTests" name="[140] /home/travis/build/icyphy/ptII/ptolemy/actor/lib/test/auto/DownSample.xml (RunModel)" time="0.011" />
  <testcase classname="ptolemy.util.test.junit.AutoTests" name="[141] /home/travis/build/icyphy/ptII/ptolemy/actor/lib/test/auto/ElectronicUnitBase1.xml (RunModel)" time="0.082" />
  <testcase classname="ptolemy.util.test.junit.AutoTests" name="[142] /home/travis/build/icyphy/ptII/ptolemy/actor/lib/test/auto/ElementsToArray.xml (RunModel)" time="0.016" />
  <testcase classname="ptolemy.util.test.junit.AutoTests" name="[143] /home/travis/build/icyphy/ptII/ptolemy/actor/lib/test/auto/Equals.xml (RunModel)" time="0.016" />
  <testcase classname="ptolemy.util.test.junit.AutoTests" name="[144] /home/travis/build/icyphy/ptII/ptolemy/actor/lib/test/auto/Exec.xml (RunModel)" time="0.035" />
  <testcase classname="ptolemy.util.test.junit.AutoTests" name="[145] /home/travis/build/icyphy/ptII/ptolemy/actor/lib/test/auto/ExecEnvironment.xml (RunModel)" time="0.031" />
  <testcase classname="ptolemy.util.test.junit.AutoTests" name="[146] /home/travis/build/icyphy/ptII/ptolemy/actor/lib/test/auto/ExecNonZeroReturnOutput.xml (RunModel)" time="0.205" />
  <testcase classname="ptolemy.util.test.junit.AutoTests" name="[147] /home/travis/build/icyphy/ptII/ptolemy/actor/lib/test/auto/ExecRunDemos.xml (RunModel)" time="11.214">
    <error type="java.lang.reflect.InvocationTargetException">java.lang.reflect.InvocationTargetException
	at jdk.internal.reflect.GeneratedConstructorAccessor36.newInstance(Unknown Source)
	at java.base/jdk.internal.reflect.DelegatingConstructorAccessorImpl.newInstance(DelegatingConstructorAccessorImpl.java:45)
	at java.base/java.lang.reflect.Constructor.newInstance(Constructor.java:488)
	at ptolemy.util.test.junit.AutoTests.RunModel(AutoTests.java:193)
	at jdk.internal.reflect.GeneratedMethodAccessor43.invoke(Unknown Source)
	at java.base/jdk.internal.reflect.DelegatingMethodAccessorImpl.invoke(DelegatingMethodAccessorImpl.java:43)
	at junitparams.internal.InvokeParameterisedMethod.evaluate(InvokeParameterisedMethod.java:102)
Caused by: ptolemy.kernel.util.IllegalActionException: Test fails in iteration 0.
Value was: &quot;WARNING: An illegal reflective access operation has occurred\nWARNING: Illegal reflective access by io.netty.util.internal.ReflectionUtil (file:/home/travis/build/icyphy/ptII/lib/netty-common-4.1.19.Final.jar) to constructor java.nio.DirectByteBuffer(long,int)\nWARNING: Please consider reporting this to the maintainers of io.netty.util.internal.ReflectionUtil\nWARNING: Use --illegal-access=warn to enable warnings of further illegal reflective access operations\nWARNING: All illegal access operations will be denied in a future release\n&quot;. Should have been: &quot;&quot;
  in .ExecRunDemos.Test
	at ptolemy.actor.lib.Test.fire(Test.java:268)
	at ptolemy.actor.AtomicActor.iterate(AtomicActor.java:512)
	at ptolemy.actor.sched.StaticSchedulingDirector.fire(StaticSchedulingDirector.java:216)
	at ptolemy.domains.sdf.kernel.SDFDirector.fire(SDFDirector.java:500)
	at ptolemy.actor.CompositeActor.fire(CompositeActor.java:455)
	at ptolemy.actor.Manager.iterate(Manager.java:851)
	at ptolemy.actor.Manager.execute(Manager.java:369)
	at ptolemy.actor.Manager.run(Manager.java:1263)
	at ptolemy.actor.Manager$PtolemyRunThread.run(Manager.java:1915)
</error>
  </testcase>
  <testcase classname="ptolemy.util.test.junit.AutoTests" name="[148] /home/travis/build/icyphy/ptII/ptolemy/actor/lib/test/auto/ExecStop.xml (RunModel)" time="5.029" />
  <testcase classname="ptolemy.util.test.junit.AutoTests" name="[149] /home/travis/build/icyphy/ptII/ptolemy/actor/lib/test/auto/ExecutionTimeSDF.xml (RunModel)" time="6.038" />
  <testcase classname="ptolemy.util.test.junit.AutoTests" name="[150] /home/travis/build/icyphy/ptII/ptolemy/actor/lib/test/auto/Expression1.xml (RunModel)" time="0.013" />
  <testcase classname="ptolemy.util.test.junit.AutoTests" name="[151] /home/travis/build/icyphy/ptII/ptolemy/actor/lib/test/auto/Expression10.xml (RunModel)" time="0.016" />
  <testcase classname="ptolemy.util.test.junit.AutoTests" name="[152] /home/travis/build/icyphy/ptII/ptolemy/actor/lib/test/auto/Expression11.xml (RunModel)" time="0.01" />
  <testcase classname="ptolemy.util.test.junit.AutoTests" name="[153] /home/travis/build/icyphy/ptII/ptolemy/actor/lib/test/auto/Expression12.xml (RunModel)" time="0.018" />
  <testcase classname="ptolemy.util.test.junit.AutoTests" name="[154] /home/travis/build/icyphy/ptII/ptolemy/actor/lib/test/auto/Expression13.xml (RunModel)" time="0.016" />
  <testcase classname="ptolemy.util.test.junit.AutoTests" name="[155] /home/travis/build/icyphy/ptII/ptolemy/actor/lib/test/auto/Expression14.xml (RunModel)" time="0.025" />
  <testcase classname="ptolemy.util.test.junit.AutoTests" name="[156] /home/travis/build/icyphy/ptII/ptolemy/actor/lib/test/auto/Expression15.xml (RunModel)" time="0.011" />
  <testcase classname="ptolemy.util.test.junit.AutoTests" name="[157] /home/travis/build/icyphy/ptII/ptolemy/actor/lib/test/auto/Expression16.xml (RunModel)" time="0.013" />
  <testcase classname="ptolemy.util.test.junit.AutoTests" name="[158] /home/travis/build/icyphy/ptII/ptolemy/actor/lib/test/auto/Expression17.xml (RunModel)" time="0.01" />
  <testcase classname="ptolemy.util.test.junit.AutoTests" name="[159] /home/travis/build/icyphy/ptII/ptolemy/actor/lib/test/auto/Expression18.xml (RunModel)" time="0.022" />
  <testcase classname="ptolemy.util.test.junit.AutoTests" name="[160] /home/travis/build/icyphy/ptII/ptolemy/actor/lib/test/auto/Expression2.xml (RunModel)" time="0.012" />
  <testcase classname="ptolemy.util.test.junit.AutoTests" name="[161] /home/travis/build/icyphy/ptII/ptolemy/actor/lib/test/auto/Expression3.xml (RunModel)" time="0.018" />
  <testcase classname="ptolemy.util.test.junit.AutoTests" name="[162] /home/travis/build/icyphy/ptII/ptolemy/actor/lib/test/auto/Expression4.xml (RunModel)" time="0.022" />
  <testcase classname="ptolemy.util.test.junit.AutoTests" name="[163] /home/travis/build/icyphy/ptII/ptolemy/actor/lib/test/auto/Expression5.xml (RunModel)" time="0.016" />
  <testcase classname="ptolemy.util.test.junit.AutoTests" name="[164] /home/travis/build/icyphy/ptII/ptolemy/actor/lib/test/auto/Expression6.xml (RunModel)" time="0.01" />
  <testcase classname="ptolemy.util.test.junit.AutoTests" name="[165] /home/travis/build/icyphy/ptII/ptolemy/actor/lib/test/auto/Expression7.xml (RunModel)" time="0.013" />
  <testcase classname="ptolemy.util.test.junit.AutoTests" name="[166] /home/travis/build/icyphy/ptII/ptolemy/actor/lib/test/auto/Expression8.xml (RunModel)" time="0.016" />
  <testcase classname="ptolemy.util.test.junit.AutoTests" name="[167] /home/travis/build/icyphy/ptII/ptolemy/actor/lib/test/auto/Expression9.xml (RunModel)" time="0.009" />
  <testcase classname="ptolemy.util.test.junit.AutoTests" name="[168] /home/travis/build/icyphy/ptII/ptolemy/actor/lib/test/auto/ExpressionConcatenateArrayType.xml (RunModel)" time="0.049" />
  <testcase classname="ptolemy.util.test.junit.AutoTests" name="[169] /home/travis/build/icyphy/ptII/ptolemy/actor/lib/test/auto/ExpressionConcatenateArrayType2.xml (RunModel)" time="0.023" />
  <testcase classname="ptolemy.util.test.junit.AutoTests" name="[170] /home/travis/build/icyphy/ptII/ptolemy/actor/lib/test/auto/ExpressionFix.xml (RunModel)" time="0.041" />
  <testcase classname="ptolemy.util.test.junit.AutoTests" name="[171] /home/travis/build/icyphy/ptII/ptolemy/actor/lib/test/auto/ExpressionFix2.xml (RunModel)" time="0.016" />
  <testcase classname="ptolemy.util.test.junit.AutoTests" name="[172] /home/travis/build/icyphy/ptII/ptolemy/actor/lib/test/auto/ExpressionFix3.xml (RunModel)" time="0.015" />
  <testcase classname="ptolemy.util.test.junit.AutoTests" name="[173] /home/travis/build/icyphy/ptII/ptolemy/actor/lib/test/auto/FileWriter1.xml (RunModel)" time="0.011" />
  <testcase classname="ptolemy.util.test.junit.AutoTests" name="[174] /home/travis/build/icyphy/ptII/ptolemy/actor/lib/test/auto/FileWriter2.xml (RunModel)" time="0.012" />
  <testcase classname="ptolemy.util.test.junit.AutoTests" name="[175] /home/travis/build/icyphy/ptII/ptolemy/actor/lib/test/auto/FileWriter3.xml (RunModel)" time="0.017" />
  <testcase classname="ptolemy.util.test.junit.AutoTests" name="[176] /home/travis/build/icyphy/ptII/ptolemy/actor/lib/test/auto/Gaussian.xml (RunModel)" time="0.012" />
  <testcase classname="ptolemy.util.test.junit.AutoTests" name="[177] /home/travis/build/icyphy/ptII/ptolemy/actor/lib/test/auto/Gaussian1.xml (RunModel)" time="0.013" />
  <testcase classname="ptolemy.util.test.junit.AutoTests" name="[178] /home/travis/build/icyphy/ptII/ptolemy/actor/lib/test/auto/Gaussian2.xml (RunModel)" time="0.017" />
  <testcase classname="ptolemy.util.test.junit.AutoTests" name="[179] /home/travis/build/icyphy/ptII/ptolemy/actor/lib/test/auto/GradientAdaptiveLattice.xml (RunModel)" time="0.024" />
  <testcase classname="ptolemy.util.test.junit.AutoTests" name="[180] /home/travis/build/icyphy/ptII/ptolemy/actor/lib/test/auto/IIR.xml (RunModel)" time="0.017" />
  <testcase classname="ptolemy.util.test.junit.AutoTests" name="[181] /home/travis/build/icyphy/ptII/ptolemy/actor/lib/test/auto/InputOutputTransparentPorts.xml (RunModel)" time="0.02" />
  <testcase classname="ptolemy.util.test.junit.AutoTests" name="[182] /home/travis/build/icyphy/ptII/ptolemy/actor/lib/test/auto/Interpolator.xml (RunModel)" time="0.013" />
  <testcase classname="ptolemy.util.test.junit.AutoTests" name="[183] /home/travis/build/icyphy/ptII/ptolemy/actor/lib/test/auto/InterpolatorFiringLimitDE.xml (RunModel)" time="0.014" />
  <testcase classname="ptolemy.util.test.junit.AutoTests" name="[184] /home/travis/build/icyphy/ptII/ptolemy/actor/lib/test/auto/Lattice.xml (RunModel)" time="0.009" />
  <testcase classname="ptolemy.util.test.junit.AutoTests" name="[185] /home/travis/build/icyphy/ptII/ptolemy/actor/lib/test/auto/LazyAOCTestLazy.xml (RunModel)" time="0.025" />
  <testcase classname="ptolemy.util.test.junit.AutoTests" name="[186] /home/travis/build/icyphy/ptII/ptolemy/actor/lib/test/auto/LazyAOCTestNonLazy.xml (RunModel)" time="0.054" />
  <testcase classname="ptolemy.util.test.junit.AutoTests" name="[187] /home/travis/build/icyphy/ptII/ptolemy/actor/lib/test/auto/LazyInnerClass.xml (RunModel)" time="0.061" />
  <testcase classname="ptolemy.util.test.junit.AutoTests" name="[188] /home/travis/build/icyphy/ptII/ptolemy/actor/lib/test/auto/LazyPubSub.xml (RunModel)" time="0.069" />
  <testcase classname="ptolemy.util.test.junit.AutoTests" name="[189] /home/travis/build/icyphy/ptII/ptolemy/actor/lib/test/auto/LazyPubSub2.xml (RunModel)" time="0.041" />
  <testcase classname="ptolemy.util.test.junit.AutoTests" name="[190] /home/travis/build/icyphy/ptII/ptolemy/actor/lib/test/auto/LazyPubSub3.xml (RunModel)" time="0.028" />
  <testcase classname="ptolemy.util.test.junit.AutoTests" name="[191] /home/travis/build/icyphy/ptII/ptolemy/actor/lib/test/auto/LazySubClassModel.xml (RunModel)" time="0.025" />
  <testcase classname="ptolemy.util.test.junit.AutoTests" name="[192] /home/travis/build/icyphy/ptII/ptolemy/actor/lib/test/auto/LevelCrossTest1.xml (RunModel)" time="0.012" />
  <testcase classname="ptolemy.util.test.junit.AutoTests" name="[193] /home/travis/build/icyphy/ptII/ptolemy/actor/lib/test/auto/LevelCrossTest10.xml (RunModel)" time="0.019" />
  <testcase classname="ptolemy.util.test.junit.AutoTests" name="[194] /home/travis/build/icyphy/ptII/ptolemy/actor/lib/test/auto/LevelCrossTest11.xml (RunModel)" time="0.019" />
  <testcase classname="ptolemy.util.test.junit.AutoTests" name="[195] /home/travis/build/icyphy/ptII/ptolemy/actor/lib/test/auto/LevelCrossTest12.xml (RunModel)" time="0.018" />
  <testcase classname="ptolemy.util.test.junit.AutoTests" name="[196] /home/travis/build/icyphy/ptII/ptolemy/actor/lib/test/auto/LevelCrossTest13.xml (RunModel)" time="0.015" />
  <testcase classname="ptolemy.util.test.junit.AutoTests" name="[197] /home/travis/build/icyphy/ptII/ptolemy/actor/lib/test/auto/LevelCrossTest2.xml (RunModel)" time="0.011" />
  <testcase classname="ptolemy.util.test.junit.AutoTests" name="[198] /home/travis/build/icyphy/ptII/ptolemy/actor/lib/test/auto/LevelCrossTest3.xml (RunModel)" time="0.014" />
  <testcase classname="ptolemy.util.test.junit.AutoTests" name="[199] /home/travis/build/icyphy/ptII/ptolemy/actor/lib/test/auto/LevelCrossTest4.xml (RunModel)" time="0.013" />
  <testcase classname="ptolemy.util.test.junit.AutoTests" name="[200] /home/travis/build/icyphy/ptII/ptolemy/actor/lib/test/auto/LevelCrossTest5.xml (RunModel)" time="0.021" />
  <testcase classname="ptolemy.util.test.junit.AutoTests" name="[201] /home/travis/build/icyphy/ptII/ptolemy/actor/lib/test/auto/LevelCrossTest6.xml (RunModel)" time="0.015" />
  <testcase classname="ptolemy.util.test.junit.AutoTests" name="[202] /home/travis/build/icyphy/ptII/ptolemy/actor/lib/test/auto/LevelCrossTest7.xml (RunModel)" time="0.026" />
  <testcase classname="ptolemy.util.test.junit.AutoTests" name="[203] /home/travis/build/icyphy/ptII/ptolemy/actor/lib/test/auto/LevelCrossTest8.xml (RunModel)" time="0.016" />
  <testcase classname="ptolemy.util.test.junit.AutoTests" name="[204] /home/travis/build/icyphy/ptII/ptolemy/actor/lib/test/auto/LevelCrossTest9.xml (RunModel)" time="0.017" />
  <testcase classname="ptolemy.util.test.junit.AutoTests" name="[205] /home/travis/build/icyphy/ptII/ptolemy/actor/lib/test/auto/LevinsonDurbin.xml (RunModel)" time="0.011" />
  <testcase classname="ptolemy.util.test.junit.AutoTests" name="[206] /home/travis/build/icyphy/ptII/ptolemy/actor/lib/test/auto/LevinsonDurbin2.xml (RunModel)" time="0.01" />
  <testcase classname="ptolemy.util.test.junit.AutoTests" name="[207] /home/travis/build/icyphy/ptII/ptolemy/actor/lib/test/auto/LevinsonDurbin3.xml (RunModel)" time="0.013" />
  <testcase classname="ptolemy.util.test.junit.AutoTests" name="[208] /home/travis/build/icyphy/ptII/ptolemy/actor/lib/test/auto/Limiter.xml (RunModel)" time="0.044" />
  <testcase classname="ptolemy.util.test.junit.AutoTests" name="[209] /home/travis/build/icyphy/ptII/ptolemy/actor/lib/test/auto/LinearDifferenceEquationSystem.xml (RunModel)" time="0.07" />
  <testcase classname="ptolemy.util.test.junit.AutoTests" name="[210] /home/travis/build/icyphy/ptII/ptolemy/actor/lib/test/auto/LookupTable.xml (RunModel)" time="0.017" />
  <testcase classname="ptolemy.util.test.junit.AutoTests" name="[211] /home/travis/build/icyphy/ptII/ptolemy/actor/lib/test/auto/MathFunction.xml (RunModel)" time="0.021" />
  <testcase classname="ptolemy.util.test.junit.AutoTests" name="[212] /home/travis/build/icyphy/ptII/ptolemy/actor/lib/test/auto/MathFunction2.xml (RunModel)" time="0.012" />
  <testcase classname="ptolemy.util.test.junit.AutoTests" name="[213] /home/travis/build/icyphy/ptII/ptolemy/actor/lib/test/auto/MathFunction3.xml (RunModel)" time="0.025" />
  <testcase classname="ptolemy.util.test.junit.AutoTests" name="[214] /home/travis/build/icyphy/ptII/ptolemy/actor/lib/test/auto/MatrixCropBoolean.xml (RunModel)" time="0.014" />
  <testcase classname="ptolemy.util.test.junit.AutoTests" name="[215] /home/travis/build/icyphy/ptII/ptolemy/actor/lib/test/auto/MatrixCropComplex.xml (RunModel)" time="0.011" />
  <testcase classname="ptolemy.util.test.junit.AutoTests" name="[216] /home/travis/build/icyphy/ptII/ptolemy/actor/lib/test/auto/MatrixCropDouble.xml (RunModel)" time="0.01" />
  <testcase classname="ptolemy.util.test.junit.AutoTests" name="[217] /home/travis/build/icyphy/ptII/ptolemy/actor/lib/test/auto/MatrixCropFix.xml (RunModel)" time="0.014" />
  <testcase classname="ptolemy.util.test.junit.AutoTests" name="[218] /home/travis/build/icyphy/ptII/ptolemy/actor/lib/test/auto/MatrixCropInt.xml (RunModel)" time="0.011" />
  <testcase classname="ptolemy.util.test.junit.AutoTests" name="[219] /home/travis/build/icyphy/ptII/ptolemy/actor/lib/test/auto/MatrixCropLong.xml (RunModel)" time="0.012" />
  <testcase classname="ptolemy.util.test.junit.AutoTests" name="[220] /home/travis/build/icyphy/ptII/ptolemy/actor/lib/test/auto/MatrixToArray.xml (RunModel)" time="0.055" />
  <testcase classname="ptolemy.util.test.junit.AutoTests" name="[221] /home/travis/build/icyphy/ptII/ptolemy/actor/lib/test/auto/MaxIndex.xml (RunModel)" time="0.015" />
  <testcase classname="ptolemy.util.test.junit.AutoTests" name="[222] /home/travis/build/icyphy/ptII/ptolemy/actor/lib/test/auto/Maximum.xml (RunModel)" time="0.016" />
  <testcase classname="ptolemy.util.test.junit.AutoTests" name="[223] /home/travis/build/icyphy/ptII/ptolemy/actor/lib/test/auto/MaximumComplex.xml (RunModel)" time="0.02" />
  <testcase classname="ptolemy.util.test.junit.AutoTests" name="[224] /home/travis/build/icyphy/ptII/ptolemy/actor/lib/test/auto/MethodCallTest.xml (RunModel)" time="0.023" />
  <testcase classname="ptolemy.util.test.junit.AutoTests" name="[225] /home/travis/build/icyphy/ptII/ptolemy/actor/lib/test/auto/Minimum.xml (RunModel)" time="0.013" />
  <testcase classname="ptolemy.util.test.junit.AutoTests" name="[226] /home/travis/build/icyphy/ptII/ptolemy/actor/lib/test/auto/MinimumComplex.xml (RunModel)" time="0.025" />
  <testcase classname="ptolemy.util.test.junit.AutoTests" name="[227] /home/travis/build/icyphy/ptII/ptolemy/actor/lib/test/auto/MinimumMultiports.xml (RunModel)" time="0.023" />
  <testcase classname="ptolemy.util.test.junit.AutoTests" name="[228] /home/travis/build/icyphy/ptII/ptolemy/actor/lib/test/auto/ModifyDate.xml (RunModel)" time="0.05" />
  <testcase classname="ptolemy.util.test.junit.AutoTests" name="[229] /home/travis/build/icyphy/ptII/ptolemy/actor/lib/test/auto/ModifyDate2.xml (RunModel)" time="0.029" />
  <testcase classname="ptolemy.util.test.junit.AutoTests" name="[230] /home/travis/build/icyphy/ptII/ptolemy/actor/lib/test/auto/MovingAverage.xml (RunModel)" time="0.013" />
  <testcase classname="ptolemy.util.test.junit.AutoTests" name="[231] /home/travis/build/icyphy/ptII/ptolemy/actor/lib/test/auto/MovingMaximum.xml (RunModel)" time="0.013" />
  <testcase classname="ptolemy.util.test.junit.AutoTests" name="[232] /home/travis/build/icyphy/ptII/ptolemy/actor/lib/test/auto/MultipleLinksToSameRelation.xml (RunModel)" time="0.01" />
  <testcase classname="ptolemy.util.test.junit.AutoTests" name="[233] /home/travis/build/icyphy/ptII/ptolemy/actor/lib/test/auto/MultipleLinksToSameRelationDE.xml (RunModel)" time="0.014" />
  <testcase classname="ptolemy.util.test.junit.AutoTests" name="[234] /home/travis/build/icyphy/ptII/ptolemy/actor/lib/test/auto/Multiplexor.xml (RunModel)" time="0.024" />
  <testcase classname="ptolemy.util.test.junit.AutoTests" name="[235] /home/travis/build/icyphy/ptII/ptolemy/actor/lib/test/auto/Multiplexor1.xml (RunModel)" time="0.016" />
  <testcase classname="ptolemy.util.test.junit.AutoTests" name="[236] /home/travis/build/icyphy/ptII/ptolemy/actor/lib/test/auto/Multiplexor2.xml (RunModel)" time="0.018" />
  <testcase classname="ptolemy.util.test.junit.AutoTests" name="[237] /home/travis/build/icyphy/ptII/ptolemy/actor/lib/test/auto/Multiplexor3.xml (RunModel)" time="0.011" />
  <testcase classname="ptolemy.util.test.junit.AutoTests" name="[238] /home/travis/build/icyphy/ptII/ptolemy/actor/lib/test/auto/MultiplexorDE.xml (RunModel)" time="0.02" />
  <testcase classname="ptolemy.util.test.junit.AutoTests" name="[239] /home/travis/build/icyphy/ptII/ptolemy/actor/lib/test/auto/MultiportBroadcastTest.xml (RunModel)" time="0.102" />
  <testcase classname="ptolemy.util.test.junit.AutoTests" name="[240] /home/travis/build/icyphy/ptII/ptolemy/actor/lib/test/auto/MultiportOutHangDuringGetWidth.xml (RunModel)" time="0.036" />
  <testcase classname="ptolemy.util.test.junit.AutoTests" name="[241] /home/travis/build/icyphy/ptII/ptolemy/actor/lib/test/auto/NilToken.xml (RunModel)" time="0.014" />
  <testcase classname="ptolemy.util.test.junit.AutoTests" name="[242] /home/travis/build/icyphy/ptII/ptolemy/actor/lib/test/auto/NilTokenNonStrictTest.xml (RunModel)" time="0.014" />
  <testcase classname="ptolemy.util.test.junit.AutoTests" name="[243] /home/travis/build/icyphy/ptII/ptolemy/actor/lib/test/auto/NilTokenRecord.xml (RunModel)" time="0.029" />
  <testcase classname="ptolemy.util.test.junit.AutoTests" name="[244] /home/travis/build/icyphy/ptII/ptolemy/actor/lib/test/auto/NilTokenTypeTest.xml (RunModel)" time="0.037" />
  <testcase classname="ptolemy.util.test.junit.AutoTests" name="[245] /home/travis/build/icyphy/ptII/ptolemy/actor/lib/test/auto/ObjectToken1.xml (RunModel)" time="0.016" />
  <testcase classname="ptolemy.util.test.junit.AutoTests" name="[246] /home/travis/build/icyphy/ptII/ptolemy/actor/lib/test/auto/OrderedMerge.xml (RunModel)" time="0.023" />
  <testcase classname="ptolemy.util.test.junit.AutoTests" name="[247] /home/travis/build/icyphy/ptII/ptolemy/actor/lib/test/auto/OrderedRecordDisassembler.xml (RunModel)" time="0.019" />
  <testcase classname="ptolemy.util.test.junit.AutoTests" name="[248] /home/travis/build/icyphy/ptII/ptolemy/actor/lib/test/auto/OrderedRecordDisassembler2.xml (RunModel)" time="0.023" />
  <testcase classname="ptolemy.util.test.junit.AutoTests" name="[249] /home/travis/build/icyphy/ptII/ptolemy/actor/lib/test/auto/OrderedRecordUpdater.xml (RunModel)" time="0.012" />
  <testcase classname="ptolemy.util.test.junit.AutoTests" name="[250] /home/travis/build/icyphy/ptII/ptolemy/actor/lib/test/auto/OrderedRecordUpdater2.xml (RunModel)" time="0.021" />
  <testcase classname="ptolemy.util.test.junit.AutoTests" name="[251] /home/travis/build/icyphy/ptII/ptolemy/actor/lib/test/auto/PhaseUnwrap.xml (RunModel)" time="0.015" />
  <testcase classname="ptolemy.util.test.junit.AutoTests" name="[252] /home/travis/build/icyphy/ptII/ptolemy/actor/lib/test/auto/PoissonClock.xml (RunModel)" time="0.01" />
  <testcase classname="ptolemy.util.test.junit.AutoTests" name="[253] /home/travis/build/icyphy/ptII/ptolemy/actor/lib/test/auto/PoissonClock2.xml (RunModel)" time="0.013" />
  <testcase classname="ptolemy.util.test.junit.AutoTests" name="[254] /home/travis/build/icyphy/ptII/ptolemy/actor/lib/test/auto/PoissonClock3.xml (RunModel)" time="0.025" />
  <testcase classname="ptolemy.util.test.junit.AutoTests" name="[255] /home/travis/build/icyphy/ptII/ptolemy/actor/lib/test/auto/PubSubWithInitialTokens.xml (RunModel)" time="0.014" />
  <testcase classname="ptolemy.util.test.junit.AutoTests" name="[256] /home/travis/build/icyphy/ptII/ptolemy/actor/lib/test/auto/PubSubWithInitialTokens2.xml (RunModel)" time="0.016" />
  <testcase classname="ptolemy.util.test.junit.AutoTests" name="[257] /home/travis/build/icyphy/ptII/ptolemy/actor/lib/test/auto/PublisherClassNoParameter.xml (RunModel)" time="0.026" />
  <testcase classname="ptolemy.util.test.junit.AutoTests" name="[258] /home/travis/build/icyphy/ptII/ptolemy/actor/lib/test/auto/PublisherClassParameter.xml (RunModel)" time="0.022" />
  <testcase classname="ptolemy.util.test.junit.AutoTests" name="[259] /home/travis/build/icyphy/ptII/ptolemy/actor/lib/test/auto/PublisherNonStrictTest.xml (RunModel)" time="0.015" />
  <testcase classname="ptolemy.util.test.junit.AutoTests" name="[260] /home/travis/build/icyphy/ptII/ptolemy/actor/lib/test/auto/PublisherPort1.xml (RunModel)" time="0.014" />
  <testcase classname="ptolemy.util.test.junit.AutoTests" name="[261] /home/travis/build/icyphy/ptII/ptolemy/actor/lib/test/auto/PublisherPort2.xml (RunModel)" time="0.017" />
  <testcase classname="ptolemy.util.test.junit.AutoTests" name="[262] /home/travis/build/icyphy/ptII/ptolemy/actor/lib/test/auto/PublisherPort3.xml (RunModel)" time="0.019" />
  <testcase classname="ptolemy.util.test.junit.AutoTests" name="[263] /home/travis/build/icyphy/ptII/ptolemy/actor/lib/test/auto/PublisherPort4.xml (RunModel)" time="0.013" />
  <testcase classname="ptolemy.util.test.junit.AutoTests" name="[264] /home/travis/build/icyphy/ptII/ptolemy/actor/lib/test/auto/PublisherPort5.xml (RunModel)" time="0.017" />
  <testcase classname="ptolemy.util.test.junit.AutoTests" name="[265] /home/travis/build/icyphy/ptII/ptolemy/actor/lib/test/auto/PublisherPort5LookAlike.xml (RunModel)" time="0.021" />
  <testcase classname="ptolemy.util.test.junit.AutoTests" name="[266] /home/travis/build/icyphy/ptII/ptolemy/actor/lib/test/auto/PublisherPort6.xml (RunModel)" time="0.053" />
  <testcase classname="ptolemy.util.test.junit.AutoTests" name="[267] /home/travis/build/icyphy/ptII/ptolemy/actor/lib/test/auto/PublisherPort7.xml (RunModel)" time="0.017" />
  <testcase classname="ptolemy.util.test.junit.AutoTests" name="[268] /home/travis/build/icyphy/ptII/ptolemy/actor/lib/test/auto/PublisherPort8.xml (RunModel)" time="0.017" />
  <testcase classname="ptolemy.util.test.junit.AutoTests" name="[269] /home/travis/build/icyphy/ptII/ptolemy/actor/lib/test/auto/PublisherPortSubscriberChannelVariablesAOC2.xml (RunModel)" time="0.035" />
  <testcase classname="ptolemy.util.test.junit.AutoTests" name="[270] /home/travis/build/icyphy/ptII/ptolemy/actor/lib/test/auto/PublisherPortSubscriberOpaqueWidthInference.xml (RunModel)" time="0.017" />
  <testcase classname="ptolemy.util.test.junit.AutoTests" name="[271] /home/travis/build/icyphy/ptII/ptolemy/actor/lib/test/auto/PublisherPortSubscriberPortAdjacent.xml (RunModel)" time="0.021" />
  <testcase classname="ptolemy.util.test.junit.AutoTests" name="[272] /home/travis/build/icyphy/ptII/ptolemy/actor/lib/test/auto/PublisherPortSubscriberPortExpression.xml (RunModel)" time="0.029" />
  <testcase classname="ptolemy.util.test.junit.AutoTests" name="[273] /home/travis/build/icyphy/ptII/ptolemy/actor/lib/test/auto/PublisherPortSubscriberPortOpaqueD3Reverse.xml (RunModel)" time="0.033" />
  <testcase classname="ptolemy.util.test.junit.AutoTests" name="[274] /home/travis/build/icyphy/ptII/ptolemy/actor/lib/test/auto/PublisherPortSubscriberPortOpaqueWidthInference.xml (RunModel)" time="0.016" />
  <testcase classname="ptolemy.util.test.junit.AutoTests" name="[275] /home/travis/build/icyphy/ptII/ptolemy/actor/lib/test/auto/PublisherPortToplevelSubscriberPortAOC.xml (RunModel)" time="0.014" />
  <testcase classname="ptolemy.util.test.junit.AutoTests" name="[276] /home/travis/build/icyphy/ptII/ptolemy/actor/lib/test/auto/PublisherSubscriber.xml (RunModel)" time="0.029" />
  <testcase classname="ptolemy.util.test.junit.AutoTests" name="[277] /home/travis/build/icyphy/ptII/ptolemy/actor/lib/test/auto/PublisherSubscriber10.xml (RunModel)" time="0.026" />
  <testcase classname="ptolemy.util.test.junit.AutoTests" name="[278] /home/travis/build/icyphy/ptII/ptolemy/actor/lib/test/auto/PublisherSubscriber10InitialOutputs.xml (RunModel)" time="0.033" />
  <testcase classname="ptolemy.util.test.junit.AutoTests" name="[279] /home/travis/build/icyphy/ptII/ptolemy/actor/lib/test/auto/PublisherSubscriber11.xml (RunModel)" time="0.023" />
  <testcase classname="ptolemy.util.test.junit.AutoTests" name="[280] /home/travis/build/icyphy/ptII/ptolemy/actor/lib/test/auto/PublisherSubscriber12.xml (RunModel)" time="0.019" />
  <testcase classname="ptolemy.util.test.junit.AutoTests" name="[281] /home/travis/build/icyphy/ptII/ptolemy/actor/lib/test/auto/PublisherSubscriber13.xml (RunModel)" time="0.013" />
  <testcase classname="ptolemy.util.test.junit.AutoTests" name="[282] /home/travis/build/icyphy/ptII/ptolemy/actor/lib/test/auto/PublisherSubscriber14.xml (RunModel)" time="0.024" />
  <testcase classname="ptolemy.util.test.junit.AutoTests" name="[283] /home/travis/build/icyphy/ptII/ptolemy/actor/lib/test/auto/PublisherSubscriber2.xml (RunModel)" time="0.013" />
  <testcase classname="ptolemy.util.test.junit.AutoTests" name="[284] /home/travis/build/icyphy/ptII/ptolemy/actor/lib/test/auto/PublisherSubscriber3.xml (RunModel)" time="0.01" />
  <testcase classname="ptolemy.util.test.junit.AutoTests" name="[285] /home/travis/build/icyphy/ptII/ptolemy/actor/lib/test/auto/PublisherSubscriber4.xml (RunModel)" time="0.01" />
  <testcase classname="ptolemy.util.test.junit.AutoTests" name="[286] /home/travis/build/icyphy/ptII/ptolemy/actor/lib/test/auto/PublisherSubscriber5.xml (RunModel)" time="0.016" />
  <testcase classname="ptolemy.util.test.junit.AutoTests" name="[287] /home/travis/build/icyphy/ptII/ptolemy/actor/lib/test/auto/PublisherSubscriber6.xml (RunModel)" time="0.016" />
  <testcase classname="ptolemy.util.test.junit.AutoTests" name="[288] /home/travis/build/icyphy/ptII/ptolemy/actor/lib/test/auto/PublisherSubscriber7.xml (RunModel)" time="0.018" />
  <testcase classname="ptolemy.util.test.junit.AutoTests" name="[289] /home/travis/build/icyphy/ptII/ptolemy/actor/lib/test/auto/PublisherSubscriber8.xml (RunModel)" time="0.034" />
  <testcase classname="ptolemy.util.test.junit.AutoTests" name="[290] /home/travis/build/icyphy/ptII/ptolemy/actor/lib/test/auto/PublisherSubscriber9.xml (RunModel)" time="0.02" />
  <testcase classname="ptolemy.util.test.junit.AutoTests" name="[291] /home/travis/build/icyphy/ptII/ptolemy/actor/lib/test/auto/PublisherSubscriberAdjacent.xml (RunModel)" time="0.02" />
  <testcase classname="ptolemy.util.test.junit.AutoTests" name="[292] /home/travis/build/icyphy/ptII/ptolemy/actor/lib/test/auto/PublisherSubscriberChannelVariablesAOC2.xml (RunModel)" time="0.03" />
  <testcase classname="ptolemy.util.test.junit.AutoTests" name="[293] /home/travis/build/icyphy/ptII/ptolemy/actor/lib/test/auto/PublisherSubscriberD3.xml (RunModel)" time="0.015" />
  <testcase classname="ptolemy.util.test.junit.AutoTests" name="[294] /home/travis/build/icyphy/ptII/ptolemy/actor/lib/test/auto/PublisherSubscriberD3Reverse.xml (RunModel)" time="0.016" />
  <testcase classname="ptolemy.util.test.junit.AutoTests" name="[295] /home/travis/build/icyphy/ptII/ptolemy/actor/lib/test/auto/PublisherSubscriberExpression.xml (RunModel)" time="0.021" />
  <testcase classname="ptolemy.util.test.junit.AutoTests" name="[296] /home/travis/build/icyphy/ptII/ptolemy/actor/lib/test/auto/PublisherSubscriberOpaque.xml (RunModel)" time="0.038" />
  <testcase classname="ptolemy.util.test.junit.AutoTests" name="[297] /home/travis/build/icyphy/ptII/ptolemy/actor/lib/test/auto/PublisherSubscriberOpaqueD3.xml (RunModel)" time="0.042" />
  <testcase classname="ptolemy.util.test.junit.AutoTests" name="[298] /home/travis/build/icyphy/ptII/ptolemy/actor/lib/test/auto/PublisherSubscriberOpaqueD3Reverse.xml (RunModel)" time="0.025" />
  <testcase classname="ptolemy.util.test.junit.AutoTests" name="[299] /home/travis/build/icyphy/ptII/ptolemy/actor/lib/test/auto/PublisherSubscriberOpaqueWidthInference.xml (RunModel)" time="0.019" />
  <testcase classname="ptolemy.util.test.junit.AutoTests" name="[300] /home/travis/build/icyphy/ptII/ptolemy/actor/lib/test/auto/PublisherTestSubscriber.xml (RunModel)" time="0.017" />
  <testcase classname="ptolemy.util.test.junit.AutoTests" name="[301] /home/travis/build/icyphy/ptII/ptolemy/actor/lib/test/auto/PublisherToplevelSubscriberPortAOC.xml (RunModel)" time="0.013" />
  <testcase classname="ptolemy.util.test.junit.AutoTests" name="[302] /home/travis/build/icyphy/ptII/ptolemy/actor/lib/test/auto/PulseFiringLimitDE.xml (RunModel)" time="0.017" />
  <testcase classname="ptolemy.util.test.junit.AutoTests" name="[303] /home/travis/build/icyphy/ptII/ptolemy/actor/lib/test/auto/Ramp1.xml (RunModel)" time="0.009" />
  <testcase classname="ptolemy.util.test.junit.AutoTests" name="[304] /home/travis/build/icyphy/ptII/ptolemy/actor/lib/test/auto/RampFiringLimitDE.xml (RunModel)" time="0.012" />
  <testcase classname="ptolemy.util.test.junit.AutoTests" name="[305] /home/travis/build/icyphy/ptII/ptolemy/actor/lib/test/auto/RampFiringLimitSDF.xml (RunModel)" time="0.012" />
  <testcase classname="ptolemy.util.test.junit.AutoTests" name="[306] /home/travis/build/icyphy/ptII/ptolemy/actor/lib/test/auto/RandomInteger.xml (RunModel)" time="0.012" />
  <testcase classname="ptolemy.util.test.junit.AutoTests" name="[307] /home/travis/build/icyphy/ptII/ptolemy/actor/lib/test/auto/ReadFile1.xml (RunModel)" time="0.01" />
  <testcase classname="ptolemy.util.test.junit.AutoTests" name="[308] /home/travis/build/icyphy/ptII/ptolemy/actor/lib/test/auto/ReadFile2.xml (RunModel)" time="0.01" />
  <testcase classname="ptolemy.util.test.junit.AutoTests" name="[309] /home/travis/build/icyphy/ptII/ptolemy/actor/lib/test/auto/Reader.xml (RunModel)" time="0.012" />
  <testcase classname="ptolemy.util.test.junit.AutoTests" name="[310] /home/travis/build/icyphy/ptII/ptolemy/actor/lib/test/auto/RecordAssemblerDisplayNameTest.xml (RunModel)" time="4.896" />
  <testcase classname="ptolemy.util.test.junit.AutoTests" name="[311] /home/travis/build/icyphy/ptII/ptolemy/actor/lib/test/auto/RecordAssemblerTypeError.xml (RunModel)" time="0.034" />
  <testcase classname="ptolemy.util.test.junit.AutoTests" name="[312] /home/travis/build/icyphy/ptII/ptolemy/actor/lib/test/auto/RecordDisassember.xml (RunModel)" time="0.013" />
  <testcase classname="ptolemy.util.test.junit.AutoTests" name="[313] /home/travis/build/icyphy/ptII/ptolemy/actor/lib/test/auto/RecordDisassemberDisplayNameTest.xml (RunModel)" time="0.031" />
  <testcase classname="ptolemy.util.test.junit.AutoTests" name="[314] /home/travis/build/icyphy/ptII/ptolemy/actor/lib/test/auto/RecordDisassembler.xml (RunModel)" time="0.013" />
  <testcase classname="ptolemy.util.test.junit.AutoTests" name="[315] /home/travis/build/icyphy/ptII/ptolemy/actor/lib/test/auto/RecordDisassembler2.xml (RunModel)" time="0.012" />
  <testcase classname="ptolemy.util.test.junit.AutoTests" name="[316] /home/travis/build/icyphy/ptII/ptolemy/actor/lib/test/auto/RecordUpdater.xml (RunModel)" time="0.011" />
  <testcase classname="ptolemy.util.test.junit.AutoTests" name="[317] /home/travis/build/icyphy/ptII/ptolemy/actor/lib/test/auto/RecordUpdater2.xml (RunModel)" time="0.012" />
  <testcase classname="ptolemy.util.test.junit.AutoTests" name="[318] /home/travis/build/icyphy/ptII/ptolemy/actor/lib/test/auto/RecursiveLattice.xml (RunModel)" time="0.011" />
  <testcase classname="ptolemy.util.test.junit.AutoTests" name="[319] /home/travis/build/icyphy/ptII/ptolemy/actor/lib/test/auto/Router.xml (RunModel)" time="3.031" />
  <testcase classname="ptolemy.util.test.junit.AutoTests" name="[320] /home/travis/build/icyphy/ptII/ptolemy/actor/lib/test/auto/Router2.xml (RunModel)" time="3.023" />
  <testcase classname="ptolemy.util.test.junit.AutoTests" name="[321] /home/travis/build/icyphy/ptII/ptolemy/actor/lib/test/auto/RunningMaximum.xml (RunModel)" time="0.027" />
  <testcase classname="ptolemy.util.test.junit.AutoTests" name="[322] /home/travis/build/icyphy/ptII/ptolemy/actor/lib/test/auto/RunningMinimum.xml (RunModel)" time="0.022" />
  <testcase classname="ptolemy.util.test.junit.AutoTests" name="[323] /home/travis/build/icyphy/ptII/ptolemy/actor/lib/test/auto/Scale.xml (RunModel)" time="0.008" />
  <testcase classname="ptolemy.util.test.junit.AutoTests" name="[324] /home/travis/build/icyphy/ptII/ptolemy/actor/lib/test/auto/Scale2.xml (RunModel)" time="0.009" />
  <testcase classname="ptolemy.util.test.junit.AutoTests" name="[325] /home/travis/build/icyphy/ptII/ptolemy/actor/lib/test/auto/Scale3.xml (RunModel)" time="0.014" />
  <testcase classname="ptolemy.util.test.junit.AutoTests" name="[326] /home/travis/build/icyphy/ptII/ptolemy/actor/lib/test/auto/ScaleArray.xml (RunModel)" time="0.01" />
  <testcase classname="ptolemy.util.test.junit.AutoTests" name="[327] /home/travis/build/icyphy/ptII/ptolemy/actor/lib/test/auto/ScaleArray2.xml (RunModel)" time="0.009" />
  <testcase classname="ptolemy.util.test.junit.AutoTests" name="[328] /home/travis/build/icyphy/ptII/ptolemy/actor/lib/test/auto/ScaleMatrix.xml (RunModel)" time="0.249" />
  <testcase classname="ptolemy.util.test.junit.AutoTests" name="[329] /home/travis/build/icyphy/ptII/ptolemy/actor/lib/test/auto/Select.xml (RunModel)" time="0.017" />
  <testcase classname="ptolemy.util.test.junit.AutoTests" name="[330] /home/travis/build/icyphy/ptII/ptolemy/actor/lib/test/auto/Select2.xml (RunModel)" time="0.009" />
  <testcase classname="ptolemy.util.test.junit.AutoTests" name="[331] /home/travis/build/icyphy/ptII/ptolemy/actor/lib/test/auto/SequenceToArray2.xml (RunModel)" time="0.133" />
  <testcase classname="ptolemy.util.test.junit.AutoTests" name="[332] /home/travis/build/icyphy/ptII/ptolemy/actor/lib/test/auto/SequentialClock.xml (RunModel)" time="0.012" />
  <testcase classname="ptolemy.util.test.junit.AutoTests" name="[333] /home/travis/build/icyphy/ptII/ptolemy/actor/lib/test/auto/SetVariable.xml (RunModel)" time="0.01" />
  <testcase classname="ptolemy.util.test.junit.AutoTests" name="[334] /home/travis/build/icyphy/ptII/ptolemy/actor/lib/test/auto/SetVariable2.xml (RunModel)" time="0.011" />
  <testcase classname="ptolemy.util.test.junit.AutoTests" name="[335] /home/travis/build/icyphy/ptII/ptolemy/actor/lib/test/auto/SetVariable3.xml (RunModel)" time="0.016" />
  <testcase classname="ptolemy.util.test.junit.AutoTests" name="[336] /home/travis/build/icyphy/ptII/ptolemy/actor/lib/test/auto/SetVariable4.xml (RunModel)" time="0.031" />
  <testcase classname="ptolemy.util.test.junit.AutoTests" name="[337] /home/travis/build/icyphy/ptII/ptolemy/actor/lib/test/auto/SetVariable5.xml (RunModel)" time="0.04" />
  <testcase classname="ptolemy.util.test.junit.AutoTests" name="[338] /home/travis/build/icyphy/ptII/ptolemy/actor/lib/test/auto/Sinewave.xml (RunModel)" time="0.056" />
  <testcase classname="ptolemy.util.test.junit.AutoTests" name="[339] /home/travis/build/icyphy/ptII/ptolemy/actor/lib/test/auto/Sinewave2.xml (RunModel)" time="0.025" />
  <testcase classname="ptolemy.util.test.junit.AutoTests" name="[340] /home/travis/build/icyphy/ptII/ptolemy/actor/lib/test/auto/Sinewave3.xml (RunModel)" time="0.021" />
  <testcase classname="ptolemy.util.test.junit.AutoTests" name="[341] /home/travis/build/icyphy/ptII/ptolemy/actor/lib/test/auto/SingleEvent.xml (RunModel)" time="0.008" />
  <testcase classname="ptolemy.util.test.junit.AutoTests" name="[342] /home/travis/build/icyphy/ptII/ptolemy/actor/lib/test/auto/Sleep.xml (RunModel)" time="6.022" />
  <testcase classname="ptolemy.util.test.junit.AutoTests" name="[343] /home/travis/build/icyphy/ptII/ptolemy/actor/lib/test/auto/SleepMultipleFire.xml (RunModel)" time="1.031" />
  <testcase classname="ptolemy.util.test.junit.AutoTests" name="[344] /home/travis/build/icyphy/ptII/ptolemy/actor/lib/test/auto/StopDE.xml (RunModel)" time="0.022" />
  <testcase classname="ptolemy.util.test.junit.AutoTests" name="[345] /home/travis/build/icyphy/ptII/ptolemy/actor/lib/test/auto/StopSDF.xml (RunModel)" time="0.016" />
  <testcase classname="ptolemy.util.test.junit.AutoTests" name="[346] /home/travis/build/icyphy/ptII/ptolemy/actor/lib/test/auto/StringConstant.xml (RunModel)" time="0.02" />
  <testcase classname="ptolemy.util.test.junit.AutoTests" name="[347] /home/travis/build/icyphy/ptII/ptolemy/actor/lib/test/auto/SubscriberPortInitialValues1.xml (RunModel)" time="0.019" />
  <testcase classname="ptolemy.util.test.junit.AutoTests" name="[348] /home/travis/build/icyphy/ptII/ptolemy/actor/lib/test/auto/SubscriberPortInitialValues13.xml (RunModel)" time="0.029" />
  <testcase classname="ptolemy.util.test.junit.AutoTests" name="[349] /home/travis/build/icyphy/ptII/ptolemy/actor/lib/test/auto/SubscriberPortInitialValues14.xml (RunModel)" time="0.016" />
  <testcase classname="ptolemy.util.test.junit.AutoTests" name="[350] /home/travis/build/icyphy/ptII/ptolemy/actor/lib/test/auto/SubscriberPortInitialValues2.xml (RunModel)" time="0.054" />
  <testcase classname="ptolemy.util.test.junit.AutoTests" name="[351] /home/travis/build/icyphy/ptII/ptolemy/actor/lib/test/auto/SubscriberPortInitialValues3.xml (RunModel)" time="0.022" />
  <testcase classname="ptolemy.util.test.junit.AutoTests" name="[352] /home/travis/build/icyphy/ptII/ptolemy/actor/lib/test/auto/SubscriptionAggregator.xml (RunModel)" time="0.013" />
  <testcase classname="ptolemy.util.test.junit.AutoTests" name="[353] /home/travis/build/icyphy/ptII/ptolemy/actor/lib/test/auto/SubscriptionAggregator2.xml (RunModel)" time="0.012" />
  <testcase classname="ptolemy.util.test.junit.AutoTests" name="[354] /home/travis/build/icyphy/ptII/ptolemy/actor/lib/test/auto/SubscriptionAggregator3.xml (RunModel)" time="0.015" />
  <testcase classname="ptolemy.util.test.junit.AutoTests" name="[355] /home/travis/build/icyphy/ptII/ptolemy/actor/lib/test/auto/SubscriptionAggregatorMultiply.xml (RunModel)" time="0.016" />
  <testcase classname="ptolemy.util.test.junit.AutoTests" name="[356] /home/travis/build/icyphy/ptII/ptolemy/actor/lib/test/auto/SubscriptionAggregatorPortMultiply1.xml (RunModel)" time="0.019" />
  <testcase classname="ptolemy.util.test.junit.AutoTests" name="[357] /home/travis/build/icyphy/ptII/ptolemy/actor/lib/test/auto/Switch.xml (RunModel)" time="0.019" />
  <testcase classname="ptolemy.util.test.junit.AutoTests" name="[358] /home/travis/build/icyphy/ptII/ptolemy/actor/lib/test/auto/Switch2.xml (RunModel)" time="0.011" />
  <testcase classname="ptolemy.util.test.junit.AutoTests" name="[359] /home/travis/build/icyphy/ptII/ptolemy/actor/lib/test/auto/SwitchDE.xml (RunModel)" time="0.014" />
  <testcase classname="ptolemy.util.test.junit.AutoTests" name="[360] /home/travis/build/icyphy/ptII/ptolemy/actor/lib/test/auto/SynchronizerDE.xml (RunModel)" time="0.023" />
  <testcase classname="ptolemy.util.test.junit.AutoTests" name="[361] /home/travis/build/icyphy/ptII/ptolemy/actor/lib/test/auto/Test.xml (RunModel)" time="0.016" />
  <testcase classname="ptolemy.util.test.junit.AutoTests" name="[362] /home/travis/build/icyphy/ptII/ptolemy/actor/lib/test/auto/TestExceptionAttribute1.xml (RunModel)" time="0.011" />
  <testcase classname="ptolemy.util.test.junit.AutoTests" name="[363] /home/travis/build/icyphy/ptII/ptolemy/actor/lib/test/auto/TestExceptionAttribute2.xml (RunModel)" time="0.008" />
  <testcase classname="ptolemy.util.test.junit.AutoTests" name="[364] /home/travis/build/icyphy/ptII/ptolemy/actor/lib/test/auto/TestExceptionAttribute3.xml (RunModel)" time="0.01" />
  <testcase classname="ptolemy.util.test.junit.AutoTests" name="[365] /home/travis/build/icyphy/ptII/ptolemy/actor/lib/test/auto/TestExceptionAttribute4.xml (RunModel)" time="0.008" />
  <testcase classname="ptolemy.util.test.junit.AutoTests" name="[366] /home/travis/build/icyphy/ptII/ptolemy/actor/lib/test/auto/TestExceptionHandler1.xml (RunModel)" time="0.008" />
  <testcase classname="ptolemy.util.test.junit.AutoTests" name="[367] /home/travis/build/icyphy/ptII/ptolemy/actor/lib/test/auto/TestExceptionHandler2.xml (RunModel)" time="0.019" />
  <testcase classname="ptolemy.util.test.junit.AutoTests" name="[368] /home/travis/build/icyphy/ptII/ptolemy/actor/lib/test/auto/TestExceptionHandler3.xml (RunModel)" time="0.007" />
  <testcase classname="ptolemy.util.test.junit.AutoTests" name="[369] /home/travis/build/icyphy/ptII/ptolemy/actor/lib/test/auto/TestExceptionHandler4.xml (RunModel)" time="0.006" />
  <testcase classname="ptolemy.util.test.junit.AutoTests" name="[370] /home/travis/build/icyphy/ptII/ptolemy/actor/lib/test/auto/TestRequireCorrectOrder.xml (RunModel)" time="0.012" />
  <testcase classname="ptolemy.util.test.junit.AutoTests" name="[371] /home/travis/build/icyphy/ptII/ptolemy/actor/lib/test/auto/TestSimple.xml (RunModel)" time="0.007" />
  <testcase classname="ptolemy.util.test.junit.AutoTests" name="[372] /home/travis/build/icyphy/ptII/ptolemy/actor/lib/test/auto/ThrowModelError.xml (RunModel)" time="0.011" />
  <testcase classname="ptolemy.util.test.junit.AutoTests" name="[373] /home/travis/build/icyphy/ptII/ptolemy/actor/lib/test/auto/TimeDelayMicrosteps.xml (RunModel)" time="0.014" />
  <testcase classname="ptolemy.util.test.junit.AutoTests" name="[374] /home/travis/build/icyphy/ptII/ptolemy/actor/lib/test/auto/TimeDelayMicrosteps2.xml (RunModel)" time="0.014" />
  <testcase classname="ptolemy.util.test.junit.AutoTests" name="[375] /home/travis/build/icyphy/ptII/ptolemy/actor/lib/test/auto/TimeDelayMicrosteps3.xml (RunModel)" time="0.012" />
  <testcase classname="ptolemy.util.test.junit.AutoTests" name="[376] /home/travis/build/icyphy/ptII/ptolemy/actor/lib/test/auto/TimeDelayVariableMicrosteps.xml (RunModel)" time="0.013" />
  <testcase classname="ptolemy.util.test.junit.AutoTests" name="[377] /home/travis/build/icyphy/ptII/ptolemy/actor/lib/test/auto/TimeGap.xml (RunModel)" time="0.04" />
  <testcase classname="ptolemy.util.test.junit.AutoTests" name="[378] /home/travis/build/icyphy/ptII/ptolemy/actor/lib/test/auto/TimeGap2.xml (RunModel)" time="0.019" />
  <testcase classname="ptolemy.util.test.junit.AutoTests" name="[379] /home/travis/build/icyphy/ptII/ptolemy/actor/lib/test/auto/TimedSinewave.xml (RunModel)" time="0.055" />
  <testcase classname="ptolemy.util.test.junit.AutoTests" name="[380] /home/travis/build/icyphy/ptII/ptolemy/actor/lib/test/auto/TimedSinewavePhase.xml (RunModel)" time="0.04" />
  <testcase classname="ptolemy.util.test.junit.AutoTests" name="[381] /home/travis/build/icyphy/ptII/ptolemy/actor/lib/test/auto/Timer.xml (RunModel)" time="0.017" />
  <testcase classname="ptolemy.util.test.junit.AutoTests" name="[382] /home/travis/build/icyphy/ptII/ptolemy/actor/lib/test/auto/TriangularDistTestModel.xml (RunModel)" time="0.021" />
  <testcase classname="ptolemy.util.test.junit.AutoTests" name="[383] /home/travis/build/icyphy/ptII/ptolemy/actor/lib/test/auto/TrigFunction.xml (RunModel)" time="0.009" />
  <testcase classname="ptolemy.util.test.junit.AutoTests" name="[384] /home/travis/build/icyphy/ptII/ptolemy/actor/lib/test/auto/TrigFunctionDE.xml (RunModel)" time="0.011" />
  <testcase classname="ptolemy.util.test.junit.AutoTests" name="[385] /home/travis/build/icyphy/ptII/ptolemy/actor/lib/test/auto/TrigFunctionInverse.xml (RunModel)" time="0.01" />
  <testcase classname="ptolemy.util.test.junit.AutoTests" name="[386] /home/travis/build/icyphy/ptII/ptolemy/actor/lib/test/auto/TrigFunctionTan.xml (RunModel)" time="0.007" />
  <testcase classname="ptolemy.util.test.junit.AutoTests" name="[387] /home/travis/build/icyphy/ptII/ptolemy/actor/lib/test/auto/TriggeredClock.xml (RunModel)" time="0.01" />
  <testcase classname="ptolemy.util.test.junit.AutoTests" name="[388] /home/travis/build/icyphy/ptII/ptolemy/actor/lib/test/auto/URLDirectoryReader.xml (RunModel)" time="0.11" />
  <testcase classname="ptolemy.util.test.junit.AutoTests" name="[389] /home/travis/build/icyphy/ptII/ptolemy/actor/lib/test/auto/URLDirectoryReader3.xml (RunModel)" time="1.437" />
  <testcase classname="ptolemy.util.test.junit.AutoTests" name="[390] /home/travis/build/icyphy/ptII/ptolemy/actor/lib/test/auto/UnaryMathFunction.xml (RunModel)" time="0.027" />
  <testcase classname="ptolemy.util.test.junit.AutoTests" name="[391] /home/travis/build/icyphy/ptII/ptolemy/actor/lib/test/auto/Uniform.xml (RunModel)" time="0.014" />
  <testcase classname="ptolemy.util.test.junit.AutoTests" name="[392] /home/travis/build/icyphy/ptII/ptolemy/actor/lib/test/auto/UnionDisassemblerTest.xml (RunModel)" time="0.018" />
  <testcase classname="ptolemy.util.test.junit.AutoTests" name="[393] /home/travis/build/icyphy/ptII/ptolemy/actor/lib/test/auto/UtilityFunctions.xml (RunModel)" time="0.009" />
  <testcase classname="ptolemy.util.test.junit.AutoTests" name="[394] /home/travis/build/icyphy/ptII/ptolemy/actor/lib/test/auto/VariableSleep.xml (RunModel)" time="0.513" />
  <testcase classname="ptolemy.util.test.junit.AutoTests" name="[395] /home/travis/build/icyphy/ptII/ptolemy/actor/lib/test/auto/VectorAssemblerDisassemblerCT.xml (RunModel)" time="0.126" />
  <testcase classname="ptolemy.util.test.junit.AutoTests" name="[396] /home/travis/build/icyphy/ptII/ptolemy/actor/lib/test/auto/VectorAssemblerDisassemblerDE.xml (RunModel)" time="0.016" />
  <testcase classname="ptolemy.util.test.junit.AutoTests" name="[397] /home/travis/build/icyphy/ptII/ptolemy/actor/lib/test/auto/VectorAssemblerDisassemblerSDF.xml (RunModel)" time="0.015" />
  <testcase classname="ptolemy.util.test.junit.AutoTests" name="[398] /home/travis/build/icyphy/ptII/ptolemy/actor/lib/test/auto/WallClockTime.xml (RunModel)" time="1.016" />
  <testcase classname="ptolemy.util.test.junit.AutoTests" name="[399] /home/travis/build/icyphy/ptII/ptolemy/actor/lib/test/auto/WidthTestWithSubscriberPublisher.xml (RunModel)" time="0.044" />
  <testcase classname="ptolemy.util.test.junit.AutoTests" name="[400] /home/travis/build/icyphy/ptII/ptolemy/actor/lib/test/auto/WidthTestWithSubscriberPublisher2.xml (RunModel)" time="0.017" />
  <testcase classname="ptolemy.util.test.junit.AutoTests" name="[401] /home/travis/build/icyphy/ptII/ptolemy/actor/lib/test/auto/WidthTestWithSubscriberPublisher3.xml (RunModel)" time="0.014" />
  <testcase classname="ptolemy.util.test.junit.AutoTests" name="[402] /home/travis/build/icyphy/ptII/ptolemy/actor/lib/test/auto/Writer.xml (RunModel)" time="0.008" />
  <testcase classname="ptolemy.util.test.junit.AutoTests" name="[403] /home/travis/build/icyphy/ptII/ptolemy/actor/lib/test/auto/array.xml (RunModel)" time="0.009" />
  <testcase classname="ptolemy.util.test.junit.AutoTests" name="[404] /home/travis/build/icyphy/ptII/ptolemy/actor/lib/test/auto/array2.xml (RunModel)" time="0.017" />
  <testcase classname="ptolemy.util.test.junit.AutoTests" name="[405] /home/travis/build/icyphy/ptII/ptolemy/actor/lib/test/auto/arrayType.xml (RunModel)" time="0.013" />
  <testcase classname="ptolemy.util.test.junit.AutoTests" name="[406] /home/travis/build/icyphy/ptII/ptolemy/actor/lib/test/auto/arrayType10.xml (RunModel)" time="0.01" />
  <testcase classname="ptolemy.util.test.junit.AutoTests" name="[407] /home/travis/build/icyphy/ptII/ptolemy/actor/lib/test/auto/arrayType11.xml (RunModel)" time="0.009" />
  <testcase classname="ptolemy.util.test.junit.AutoTests" name="[408] /home/travis/build/icyphy/ptII/ptolemy/actor/lib/test/auto/arrayType12.xml (RunModel)" time="0.01" />
  <testcase classname="ptolemy.util.test.junit.AutoTests" name="[409] /home/travis/build/icyphy/ptII/ptolemy/actor/lib/test/auto/arrayType13.xml (RunModel)" time="0.01" />
  <testcase classname="ptolemy.util.test.junit.AutoTests" name="[410] /home/travis/build/icyphy/ptII/ptolemy/actor/lib/test/auto/arrayType14.xml (RunModel)" time="0.01" />
  <testcase classname="ptolemy.util.test.junit.AutoTests" name="[411] /home/travis/build/icyphy/ptII/ptolemy/actor/lib/test/auto/arrayType15.xml (RunModel)" time="0.01" />
  <testcase classname="ptolemy.util.test.junit.AutoTests" name="[412] /home/travis/build/icyphy/ptII/ptolemy/actor/lib/test/auto/arrayType16.xml (RunModel)" time="0.011" />
  <testcase classname="ptolemy.util.test.junit.AutoTests" name="[413] /home/travis/build/icyphy/ptII/ptolemy/actor/lib/test/auto/arrayType17.xml (RunModel)" time="0.01" />
  <testcase classname="ptolemy.util.test.junit.AutoTests" name="[414] /home/travis/build/icyphy/ptII/ptolemy/actor/lib/test/auto/arrayType18.xml (RunModel)" time="0.009" />
  <testcase classname="ptolemy.util.test.junit.AutoTests" name="[415] /home/travis/build/icyphy/ptII/ptolemy/actor/lib/test/auto/arrayType19.xml (RunModel)" time="0.01" />
  <testcase classname="ptolemy.util.test.junit.AutoTests" name="[416] /home/travis/build/icyphy/ptII/ptolemy/actor/lib/test/auto/arrayType2.xml (RunModel)" time="0.01" />
  <testcase classname="ptolemy.util.test.junit.AutoTests" name="[417] /home/travis/build/icyphy/ptII/ptolemy/actor/lib/test/auto/arrayType20.xml (RunModel)" time="0.01" />
  <testcase classname="ptolemy.util.test.junit.AutoTests" name="[418] /home/travis/build/icyphy/ptII/ptolemy/actor/lib/test/auto/arrayType21.xml (RunModel)" time="0.009" />
  <testcase classname="ptolemy.util.test.junit.AutoTests" name="[419] /home/travis/build/icyphy/ptII/ptolemy/actor/lib/test/auto/arrayType22.xml (RunModel)" time="0.009" />
  <testcase classname="ptolemy.util.test.junit.AutoTests" name="[420] /home/travis/build/icyphy/ptII/ptolemy/actor/lib/test/auto/arrayType23.xml (RunModel)" time="0.009" />
  <testcase classname="ptolemy.util.test.junit.AutoTests" name="[421] /home/travis/build/icyphy/ptII/ptolemy/actor/lib/test/auto/arrayType24.xml (RunModel)" time="0.009" />
  <testcase classname="ptolemy.util.test.junit.AutoTests" name="[422] /home/travis/build/icyphy/ptII/ptolemy/actor/lib/test/auto/arrayType25.xml (RunModel)" time="0.01" />
  <testcase classname="ptolemy.util.test.junit.AutoTests" name="[423] /home/travis/build/icyphy/ptII/ptolemy/actor/lib/test/auto/arrayType26.xml (RunModel)" time="0.009" />
  <testcase classname="ptolemy.util.test.junit.AutoTests" name="[424] /home/travis/build/icyphy/ptII/ptolemy/actor/lib/test/auto/arrayType27.xml (RunModel)" time="0.01" />
  <testcase classname="ptolemy.util.test.junit.AutoTests" name="[425] /home/travis/build/icyphy/ptII/ptolemy/actor/lib/test/auto/arrayType28.xml (RunModel)" time="0.011" />
  <testcase classname="ptolemy.util.test.junit.AutoTests" name="[426] /home/travis/build/icyphy/ptII/ptolemy/actor/lib/test/auto/arrayType3.xml (RunModel)" time="0.009" />
  <testcase classname="ptolemy.util.test.junit.AutoTests" name="[427] /home/travis/build/icyphy/ptII/ptolemy/actor/lib/test/auto/arrayType4.xml (RunModel)" time="0.009" />
  <testcase classname="ptolemy.util.test.junit.AutoTests" name="[428] /home/travis/build/icyphy/ptII/ptolemy/actor/lib/test/auto/arrayType5.xml (RunModel)" time="0.009" />
  <testcase classname="ptolemy.util.test.junit.AutoTests" name="[429] /home/travis/build/icyphy/ptII/ptolemy/actor/lib/test/auto/arrayType6.xml (RunModel)" time="0.02" />
  <testcase classname="ptolemy.util.test.junit.AutoTests" name="[430] /home/travis/build/icyphy/ptII/ptolemy/actor/lib/test/auto/arrayType7.xml (RunModel)" time="0.011" />
  <testcase classname="ptolemy.util.test.junit.AutoTests" name="[431] /home/travis/build/icyphy/ptII/ptolemy/actor/lib/test/auto/arrayType8.xml (RunModel)" time="0.014" />
  <testcase classname="ptolemy.util.test.junit.AutoTests" name="[432] /home/travis/build/icyphy/ptII/ptolemy/actor/lib/test/auto/arrayType9.xml (RunModel)" time="0.008" />
  <testcase classname="ptolemy.util.test.junit.AutoTests" name="[433] /home/travis/build/icyphy/ptII/ptolemy/actor/lib/test/auto/cast.xml (RunModel)" time="0.01" />
  <testcase classname="ptolemy.util.test.junit.AutoTests" name="[434] /home/travis/build/icyphy/ptII/ptolemy/actor/lib/test/auto/compositeMultiPort.xml (RunModel)" time="0.019" />
  <testcase classname="ptolemy.util.test.junit.AutoTests" name="[435] /home/travis/build/icyphy/ptII/ptolemy/actor/lib/test/auto/expressionCastInference.xml (RunModel)" time="0.01" />
  <testcase classname="ptolemy.util.test.junit.AutoTests" name="[436] /home/travis/build/icyphy/ptII/ptolemy/actor/lib/test/auto/expressionCastInference2.xml (RunModel)" time="0.01" />
  <testcase classname="ptolemy.util.test.junit.AutoTests" name="[437] /home/travis/build/icyphy/ptII/ptolemy/actor/lib/test/auto/expressionInference.xml (RunModel)" time="0.008" />
  <testcase classname="ptolemy.util.test.junit.AutoTests" name="[438] /home/travis/build/icyphy/ptII/ptolemy/actor/lib/test/auto/expression_bug.xml (RunModel)" time="0.009" />
  <testcase classname="ptolemy.util.test.junit.AutoTests" name="[439] /home/travis/build/icyphy/ptII/ptolemy/actor/lib/test/auto/factorial.xml (RunModel)" time="0.062" />
  <testcase classname="ptolemy.util.test.junit.AutoTests" name="[440] /home/travis/build/icyphy/ptII/ptolemy/actor/lib/test/auto/filterTest1.xml (RunModel)" time="0.015" />
  <testcase classname="ptolemy.util.test.junit.AutoTests" name="[441] /home/travis/build/icyphy/ptII/ptolemy/actor/lib/test/auto/funcApplyInConst.xml (RunModel)" time="0.007" />
  <testcase classname="ptolemy.util.test.junit.AutoTests" name="[442] /home/travis/build/icyphy/ptII/ptolemy/actor/lib/test/auto/funcApplyInExpr.xml (RunModel)" time="0.007" />
  <testcase classname="ptolemy.util.test.junit.AutoTests" name="[443] /home/travis/build/icyphy/ptII/ptolemy/actor/lib/test/auto/function.xml (RunModel)" time="0.013" />
  <testcase classname="ptolemy.util.test.junit.AutoTests" name="[444] /home/travis/build/icyphy/ptII/ptolemy/actor/lib/test/auto/function2.xml (RunModel)" time="0.01" />
  <testcase classname="ptolemy.util.test.junit.AutoTests" name="[445] /home/travis/build/icyphy/ptII/ptolemy/actor/lib/test/auto/function3.xml (RunModel)" time="0.008" />
  <testcase classname="ptolemy.util.test.junit.AutoTests" name="[446] /home/travis/build/icyphy/ptII/ptolemy/actor/lib/test/auto/functionClosureTest1.xml (RunModel)" time="0.011" />
  <testcase classname="ptolemy.util.test.junit.AutoTests" name="[447] /home/travis/build/icyphy/ptII/ptolemy/actor/lib/test/auto/functionClosureTest2.xml (RunModel)" time="0.009" />
  <testcase classname="ptolemy.util.test.junit.AutoTests" name="[448] /home/travis/build/icyphy/ptII/ptolemy/actor/lib/test/auto/functionClosureTest3.xml (RunModel)" time="0.013" />
  <testcase classname="ptolemy.util.test.junit.AutoTests" name="[449] /home/travis/build/icyphy/ptII/ptolemy/actor/lib/test/auto/functionClosureTest4.xml (RunModel)" time="0.016" />
  <testcase classname="ptolemy.util.test.junit.AutoTests" name="[450] /home/travis/build/icyphy/ptII/ptolemy/actor/lib/test/auto/functionClosureTest5.xml (RunModel)" time="0.013" />
  <testcase classname="ptolemy.util.test.junit.AutoTests" name="[451] /home/travis/build/icyphy/ptII/ptolemy/actor/lib/test/auto/functionClosureTest6.xml (RunModel)" time="0.013" />
  <testcase classname="ptolemy.util.test.junit.AutoTests" name="[452] /home/travis/build/icyphy/ptII/ptolemy/actor/lib/test/auto/functionsOnArcs.xml (RunModel)" time="0.035" />
  <testcase classname="ptolemy.util.test.junit.AutoTests" name="[453] /home/travis/build/icyphy/ptII/ptolemy/actor/lib/test/auto/functionsOnArcsHOF.xml (RunModel)" time="0.036" />
  <testcase classname="ptolemy.util.test.junit.AutoTests" name="[454] /home/travis/build/icyphy/ptII/ptolemy/actor/lib/test/auto/logic.xml (RunModel)" time="0.052" />
  <testcase classname="ptolemy.util.test.junit.AutoTests" name="[455] /home/travis/build/icyphy/ptII/ptolemy/actor/lib/test/auto/matrixType.xml (RunModel)" time="0.021" />
  <testcase classname="ptolemy.util.test.junit.AutoTests" name="[456] /home/travis/build/icyphy/ptII/ptolemy/actor/lib/test/auto/matrixType10.xml (RunModel)" time="0.009" />
  <testcase classname="ptolemy.util.test.junit.AutoTests" name="[457] /home/travis/build/icyphy/ptII/ptolemy/actor/lib/test/auto/matrixType11.xml (RunModel)" time="0.008" />
  <testcase classname="ptolemy.util.test.junit.AutoTests" name="[458] /home/travis/build/icyphy/ptII/ptolemy/actor/lib/test/auto/matrixType12.xml (RunModel)" time="0.009" />
  <testcase classname="ptolemy.util.test.junit.AutoTests" name="[459] /home/travis/build/icyphy/ptII/ptolemy/actor/lib/test/auto/matrixType13.xml (RunModel)" time="0.008" />
  <testcase classname="ptolemy.util.test.junit.AutoTests" name="[460] /home/travis/build/icyphy/ptII/ptolemy/actor/lib/test/auto/matrixType14.xml (RunModel)" time="0.009" />
  <testcase classname="ptolemy.util.test.junit.AutoTests" name="[461] /home/travis/build/icyphy/ptII/ptolemy/actor/lib/test/auto/matrixType2.xml (RunModel)" time="0.011" />
  <testcase classname="ptolemy.util.test.junit.AutoTests" name="[462] /home/travis/build/icyphy/ptII/ptolemy/actor/lib/test/auto/matrixType3.xml (RunModel)" time="0.01" />
  <testcase classname="ptolemy.util.test.junit.AutoTests" name="[463] /home/travis/build/icyphy/ptII/ptolemy/actor/lib/test/auto/matrixType4.xml (RunModel)" time="0.009" />
  <testcase classname="ptolemy.util.test.junit.AutoTests" name="[464] /home/travis/build/icyphy/ptII/ptolemy/actor/lib/test/auto/matrixType5.xml (RunModel)" time="0.01" />
  <testcase classname="ptolemy.util.test.junit.AutoTests" name="[465] /home/travis/build/icyphy/ptII/ptolemy/actor/lib/test/auto/matrixType6.xml (RunModel)" time="0.01" />
  <testcase classname="ptolemy.util.test.junit.AutoTests" name="[466] /home/travis/build/icyphy/ptII/ptolemy/actor/lib/test/auto/matrixType7.xml (RunModel)" time="0.009" />
  <testcase classname="ptolemy.util.test.junit.AutoTests" name="[467] /home/travis/build/icyphy/ptII/ptolemy/actor/lib/test/auto/matrixType8.xml (RunModel)" time="0.009" />
  <testcase classname="ptolemy.util.test.junit.AutoTests" name="[468] /home/travis/build/icyphy/ptII/ptolemy/actor/lib/test/auto/matrixType9.xml (RunModel)" time="0.01" />
  <testcase classname="ptolemy.util.test.junit.AutoTests" name="[469] /home/travis/build/icyphy/ptII/ptolemy/actor/lib/test/auto/paraFunctest.xml (RunModel)" time="0.009" />
  <testcase classname="ptolemy.util.test.junit.AutoTests" name="[470] /home/travis/build/icyphy/ptII/ptolemy/actor/lib/test/auto/paraFunctest2.xml (RunModel)" time="0.01" />
  <testcase classname="ptolemy.util.test.junit.AutoTests" name="[471] /home/travis/build/icyphy/ptII/ptolemy/actor/lib/test/auto/parameterPassing.xml (RunModel)" time="0.008" />
  <testcase classname="ptolemy.util.test.junit.AutoTests" name="[472] /home/travis/build/icyphy/ptII/ptolemy/actor/lib/test/auto/record.xml (RunModel)" time="0.01" />
  <testcase classname="ptolemy.util.test.junit.AutoTests" name="[473] /home/travis/build/icyphy/ptII/ptolemy/actor/lib/test/auto/sizedarray1.xml (RunModel)" time="0.012" />
  <testcase classname="ptolemy.util.test.junit.AutoTests" name="[474] /home/travis/build/icyphy/ptII/ptolemy/actor/lib/test/auto/sizedarray2.xml (RunModel)" time="0.011" />
  <testcase classname="ptolemy.util.test.junit.AutoTests" name="[475] /home/travis/build/icyphy/ptII/ptolemy/actor/lib/test/auto/twoPublishers.xml (RunModel)" time="0.022" />
  <system-out><![CDATA[/home/travis/build/icyphy/ptII/ptolemy/actor/lib/test/AbsoluteValue.tcl
testDefs.tcl: setting time out to 9000 seconds at Wed Jul 10 06:46:01 UTC 2019
118 ms. Memory: 120832K Free: 100027K (83%)
5 ms. Memory: 120832K Free: 97979K (81%)
5 ms. Memory: 120832K Free: 97383K (81%)
7 ms. Memory: 120832K Free: 96623K (80%)
/home/travis/build/icyphy/ptII/ptolemy/actor/lib/test/AddSubtract.tcl
16 ms. Memory: 120832K Free: 107157K (89%)
5 ms. Memory: 120832K Free: 106574K (88%)
6 ms. Memory: 120832K Free: 105955K (88%)
8 ms. Memory: 120832K Free: 105115K (87%)
40 ms. Memory: 120832K Free: 101859K (84%)
5 ms. Memory: 120832K Free: 101021K (84%)
/home/travis/build/icyphy/ptII/ptolemy/actor/lib/test/Average.tcl
6 ms. Memory: 120832K Free: 99406K (82%)
6 ms. Memory: 120832K Free: 97925K (81%)
/home/travis/build/icyphy/ptII/ptolemy/actor/lib/test/Bernoulli.tcl
9 ms. Memory: 120832K Free: 96334K (80%)
2 ms. Memory: 120832K Free: 96334K (80%)
/home/travis/build/icyphy/ptII/ptolemy/actor/lib/test/Clock.tcl
preinitializing
resolving types
initializing
executing number 1
wrapping up
idle
20 ms. Memory: 120832K Free: 93261K (77%)
Completed execution with 5 iterations
preinitializing
resolving types
initializing
executing number 1
wrapping up
idle
4 ms. Memory: 120832K Free: 92643K (77%)
Completed execution with 5 iterations
preinitializing
resolving types
initializing
executing number 1
wrapping up
idle
5 ms. Memory: 120832K Free: 91835K (76%)
Completed execution with 5 iterations
/home/travis/build/icyphy/ptII/ptolemy/actor/lib/test/Commutator.tcl
7 ms. Memory: 120832K Free: 90160K (75%)
13 ms. Memory: 120832K Free: 88733K (73%)


==== $PTII/ptolemy/actor/lib/test/Commutator.tcl: Commutator-4.1 run with mutations
==== Contents of test case:

    # Grab stdout and put it into results
    jdkCapture {
	$m addChangeListener  [java::new ptolemy.kernel.util.StreamChangeListener]

	set dir [$e0 getDirector]
	#	$dir addDebugListener  #		[java::new ptolemy.kernel.util.StreamListener]
	$m initialize
	$m iterate
	set c1 [java::new ptolemy.moml.MoMLChangeRequest $e0 $e0  {<deleteEntity name="ramp1"/>}]
	set c2 [java::new ptolemy.moml.MoMLChangeRequest $e0 $e0  {<deleteRelation name="r1"/>}]
	$e0 requestChange $c1
	$e0 requestChange $c2
	$m iterate
	$m wrapup
    } results
    # The MoML within <group> ...</group> comes 
    # from SDFScheduler._setBufferSize
    list $results  [enumToTokenValues [$rec getRecord 0]]

==== Result was:
{} {0 0 1}
---- Result should have been:
{StreamChangeRequest.changeExecuted(): <deleteEntity name="ramp1"/> succeeded
StreamChangeRequest.changeExecuted(): <deleteRelation name="r1"/> succeeded
StreamChangeRequest.changeExecuted(): Record firings per iteration succeeded
} {0 0 1}
---- Commutator-4.1 FAILED
22 ms. Memory: 183296K Free: 164961K (90%)
/home/travis/build/icyphy/ptII/ptolemy/actor/lib/test/Const.tcl
12 ms. Memory: 183296K Free: 162913K (89%)
2 ms. Memory: 183296K Free: 162417K (89%)
6 ms. Memory: 183296K Free: 161903K (88%)
5 ms. Memory: 183296K Free: 161393K (88%)
7 ms. Memory: 183296K Free: 160849K (88%)
20 ms. Memory: 183296K Free: 159345K (87%)
14 ms. Memory: 183296K Free: 158321K (86%)
14 ms. Memory: 183296K Free: 157297K (86%)
/home/travis/build/icyphy/ptII/ptolemy/actor/lib/test/CurrentTime.tcl
preinitializing
resolving types
initializing
executing number 1
wrapping up
idle
16 ms. Memory: 183296K Free: 155249K (85%)
Completed execution with 11 iterations
/home/travis/build/icyphy/ptII/ptolemy/actor/lib/test/DB.tcl
13 ms. Memory: 183296K Free: 153711K (84%)
2 ms. Memory: 183296K Free: 153201K (84%)
2 ms. Memory: 183296K Free: 152673K (83%)
/home/travis/build/icyphy/ptII/ptolemy/actor/lib/test/DiscreteRandomSource.tcl
preinitializing
resolving types
initializing
executing number 1
wrapping up
idle
4 ms. Memory: 183296K Free: 151153K (82%)
Completed execution with 4 iterations
preinitializing
resolving types
initializing
executing number 1
wrapping up
idle
2 ms. Memory: 183296K Free: 151153K (82%)
Completed execution with 4 iterations
preinitializing
resolving types
initializing
executing number 1
wrapping up
idle
3 ms. Memory: 183296K Free: 150639K (82%)
Completed execution with 4 iterations
preinitializing
resolving types
initializing
executing number 1
wrapping up
idle
3 ms. Memory: 183296K Free: 150129K (82%)
Completed execution with 4 iterations
preinitializing
resolving types
initializing
executing number 1
wrapping up
idle
5 ms. Memory: 183296K Free: 149601K (82%)
Completed execution with 4 iterations
/home/travis/build/icyphy/ptII/ptolemy/actor/lib/test/Distributor.tcl
11 ms. Memory: 183296K Free: 148081K (81%)
4 ms. Memory: 183296K Free: 147057K (80%)
StreamChangeRequest.changeExecuted(): <deleteEntity name="rec2"/> succeeded
StreamChangeRequest.changeExecuted(): <deleteRelation name="r2"/> succeeded
StreamChangeRequest.changeExecuted(): Record firings per iteration succeeded
5 ms. Memory: 183296K Free: 144481K (79%)
/home/travis/build/icyphy/ptII/ptolemy/actor/lib/test/Exit.tcl
Exit.tcl: this will print a message about Manager.exitAfterWrapup, which can be ignored.
8 ms. Memory: 183296K Free: 141937K (77%)
/home/travis/build/icyphy/ptII/ptolemy/actor/lib/test/Expression.tcl
19 ms. Memory: 183296K Free: 137841K (75%)
4 ms. Memory: 183296K Free: 137321K (75%)
3 ms. Memory: 183296K Free: 136303K (74%)
preinitializing
resolving types
initializing
executing number 1
wrapping up
idle
5 ms. Memory: 183296K Free: 135265K (74%)
Completed execution with 6 iterations
27 ms. Memory: 183296K Free: 168839K (92%)
2 ms. Memory: 183296K Free: 167938K (92%)
6 ms. Memory: 183296K Free: 166914K (91%)
8 ms. Memory: 183296K Free: 165858K (90%)
6 ms. Memory: 183296K Free: 164356K (90%)
/home/travis/build/icyphy/ptII/ptolemy/actor/lib/test/Gaussian.tcl
6 ms. Memory: 183296K Free: 162804K (89%)
sleeping 1 seconds: ....................................................................................................................................................................................................................................................................................................................................................................................................................................................................................................................................................................................................................................................................................................................................................................................................................................................................................................................................................................................................................................................................................................................................................................................................................................................................................................................................................................................................................................................................................................................................................................................................................................................................................................................................................................................................................................................................................................................................................................................................................................................................................................................................................................................................................................................................................................................................................................................................................................................................................................................................................................................................................................................................................................................................................................................................................................................................................................................................................................................................................................................................................................................................................................................................................................................................................................................................................................................................................................................................................................................................................................................................................................................................................................................................................................................................................................................................................................................................................................................................................................................................................................................................................................................................................................................................................................................................................................................................................................................................................................................................................................................................................................................................................................................................................................................................................................................................................................................................................................................................................................................................................................................................................................................................................................................................................................................................................................................................................................................................................................................................................................................................................................................................................................................................................................................................................................................................................................................................................................................................................................................................................................................................................................................................................................................................................................................................................................................................................................................................................................................................................................................................................................................................................................................................................................................................................................................................................................................................................................................................................................................................................................................................................................................................................................................................................................................................................................................................................................................................................................................................................................................................................................................................................................................................................................................................................................................................................................................................................................................................................................................................................................................................................................................................................................................................................................................................................................................................................................................................................................................................................................................................................................................................................................................................................................................................................................................................................................................................................................................................................................................................................................................................................................................................................................................................................................................................................................................................................................................................................................................................................................................................................................................................................................................................................................................................................................................................................................................................................................................................................................................................................................................................................................................................................................................................................................................................................................................................................................................................................................................................................................................................................................................................................................................................................................................................................................................................................................................................................................................................................................................................................................................................................................................................................................................................................................................................................................................................................................................................................................................................................................................................................................................................................................................................................................................................................................................................................................................................................................................................................................................................................................................................................................................................................................................................................................................................................................................................................................................................................................................................................................................................................................................................................................................................................................................................................................................................................................................................................................................................................................................................................................................................................................................................................................................................................................................................................................................................................................................................................................................................................................................................................................................................................................................................................................................................................................................................................................................................................................................................................................................................................................................................................................................................................................................................................................................................................................................................................................................................................................................................................................................................................................................................................................................................................................................................................................................................................................................................................................................................................................................................................................................................................................................................................................................................................................................................................................................................................................................................................................................................................................................................................................................................................................................................................................................................................................................................................................................................................................................................................................................................................................................................................................................................................................................................................................................................................................................................................................................................................................................................................................................................................................................................................................................................................................................................................................................................................................................................................................................................................................................................................................................................................................................................................................................................................................................................................................................................................................................................................................................................................................................................................................................................................................................................................................................................................................................................................................................................................................................................................................................................................................................................................................................................................................................................................................................................................................................................................................................................................................................................................................................................................................................................................................................................................................................................................................................................................................................................................................................................................................................................................................................................................................................................................................................................................................................................................................................................................................................................................................................................................................................................................................................................................................................................................................................................................................................................................................................................................................................................................................................................................................................................................................................................................................................................................................................................................................................................................................................................................................................................................................................................................................................................................................................................................................................................................................................................................................................................................................................................................................................................................................................................................................................................................................................................................................................................................................................................................................................................................................................................................................................................................................................................................................................................................................................................................................................................................................................................................................................................................................................................................................................................................................................................................................................................................................................................................................................................................................................................................................................................................................................................................................................................................................................................................................................................................................................................................................................................................................................................................................................................................................................................................................................................................................................................................................................................................................................................................................................................................................................................................................................................................................................................................................................................................................................................................................................................................................................................................................................................................................................................................................................................................................................................................................................................................................................................................................................................................................................................................................................................................................................................................................................................................................................................................................................................................................................................................................................................................................................................................................................................................................................................................................................................................................................................................................................................................................................................................................................................................................................................................................................................................................................................................................................................................................................................................................................................................................................................................................................................................................................................................................................................................................................................................................................................................................................................................................................................................................................................................................................................................................................................................................................................................................................................................................................................................................................................................................................................................................................................................................................................................................................................................................................................................................................................................................................................................................................................................................................................................................................................................................................................................................................................................................................................................................................................................................................................................................................................................................................................................................................................................................................................................................................................................................................................................................................................................................................................................................................................................................................................................................................................................................................................................................................................................................................................................................................................................................................................................................................................................................................................................................................................................3 ms. Memory: 183296K Free: 148982K (81%)
2 ms. Memory: 183296K Free: 148472K (81%)
2 ms. Memory: 183296K Free: 147958K (81%)
15 ms. Memory: 183296K Free: 146840K (80%)
4 ms. Memory: 183296K Free: 146424K (80%)
/home/travis/build/icyphy/ptII/ptolemy/actor/lib/test/IIR.tcl
/home/travis/build/icyphy/ptII/ptolemy/actor/lib/test/Interpolator.tcl
5 ms. Memory: 183296K Free: 142824K (78%)
3 ms. Memory: 183296K Free: 142328K (78%)
3 ms. Memory: 183296K Free: 141304K (77%)
4 ms. Memory: 183296K Free: 140776K (77%)
4 ms. Memory: 183296K Free: 140280K (77%)
4 ms. Memory: 183296K Free: 139256K (76%)
2 ms. Memory: 183296K Free: 138232K (75%)
11 ms. Memory: 183296K Free: 137704K (75%)
2 ms. Memory: 183296K Free: 136694K (75%)
2 ms. Memory: 183296K Free: 135670K (74%)
/home/travis/build/icyphy/ptII/ptolemy/actor/lib/test/MathFunction.tcl
7 ms. Memory: 183296K Free: 133616K (73%)
3 ms. Memory: 183296K Free: 132592K (72%)
1 ms. Memory: 183296K Free: 131574K (72%)
2 ms. Memory: 183296K Free: 130550K (71%)
6 ms. Memory: 183296K Free: 129526K (71%)
11 ms. Memory: 183296K Free: 127448K (70%)
/home/travis/build/icyphy/ptII/ptolemy/actor/lib/test/Maximum.tcl
5 ms. Memory: 183296K Free: 125430K (68%)
6 ms. Memory: 183296K Free: 124920K (68%)
4 ms. Memory: 183296K Free: 124376K (68%)
6 ms. Memory: 183296K Free: 123896K (68%)
/home/travis/build/icyphy/ptII/ptolemy/actor/lib/test/Minimum.tcl
13 ms. Memory: 183296K Free: 121848K (66%)
1 ms. Memory: 183296K Free: 121304K (66%)
13 ms. Memory: 183296K Free: 120824K (66%)
8 ms. Memory: 183296K Free: 119800K (65%)
/home/travis/build/icyphy/ptII/ptolemy/actor/lib/test/MultiplyDivide.tcl
5 ms. Memory: 183296K Free: 118232K (65%)
7 ms. Memory: 183296K Free: 117238K (64%)
5 ms. Memory: 183296K Free: 116728K (64%)
8 ms. Memory: 183296K Free: 116184K (63%)
5 ms. Memory: 183296K Free: 115160K (63%)
/home/travis/build/icyphy/ptII/ptolemy/actor/lib/test/OrderedMerge.tcl
Connections changed on port: inputA
Connections changed on port: inputB
Connections changed on port: output
Connections changed on port: output
Connections changed on port: output
Connections changed on port: input
.top. Preinitializing ...
Invoking preinitialize():  .top.OrderedMerge
Called preinitialize()
Invoking preinitialize():  .top.Ramp
Called preinitialize()
Invoking preinitialize():  .top.Ramp2
Called preinitialize()
Invoking preinitialize():  .top.Test
Called preinitialize()
Connections changed on port: inputA
Connections changed on port: output
Connections changed on port: output
Connections changed on port: input
Connections changed on port: inputB
Connections changed on port: output
.top. Finished preinitialize().
Called initialize().
Invoking initialize():  .top.OrderedMerge
Initializing actor: .top.OrderedMerge
Adding a thread: .top.OrderedMerge
Invoking initialize():  .top.Ramp
Initializing actor: .top.Ramp
Adding a thread: .top.Ramp
Invoking initialize():  .top.Ramp2
Initializing actor: .top.Ramp2
Adding a thread: .top.Ramp2
Invoking initialize():  .top.Test
Initializing actor: .top.Test
Adding a thread: .top.Test
Called fire().
Checking for deadlock:
-- Starting thread.
Called initialize()
Called prefire()
Called fire()
-- Starting thread.
Called initialize()
Called prefire()
Called fire()
-- Starting thread.
Called initialize()
Called prefire()
Called fire()
-- Starting thread.
Called initialize()
Called prefire()
Called fire()
There are 0 Blocked actors, 0 Stopped actors, and 4 active threads.
Waiting for actors to stop.
Called postfire()
Called prefire()
Called fire()
Called postfire()
Called prefire()
Called fire()
Read input token from inputA with value 0.0
Next port to read input from is inputB
Called postfire()
Called prefire()
Called fire()
Read input token from inputB with value 0.0
Sent output token with value 0.0
Next port to read input from is inputA
Called postfire()
Called prefire()
Called fire()
Checking for deadlock:
There are 1 Blocked actors, 0 Stopped actors, and 4 active threads.
Waiting for actors to stop.
Called postfire()
Called prefire()
Called fire()
Called postfire()
Called prefire()
Called fire()
-- Read input: 0.0, which is expected to match: 0.0
Called prefire()
Called fire()
Checking for deadlock:
There are 3 Blocked actors, 0 Stopped actors, and 4 active threads.
Waiting for actors to stop.
Called postfire()
Called prefire()
Called fire()
Read input token from inputA with value 1.0
Sent output token with value 0.0
Next port to read input from is inputB
Called postfire()
Called prefire()
Called fire()
Read input token from inputB with value 1.5
Checking for deadlock:
There are 2 Blocked actors, 0 Stopped actors, and 4 active threads.
Waiting for actors to stop.
Called postfire()
Called prefire()
Called fire()
-- Read input: 0.0, which is expected to match: 0.0
Called prefire()
Called fire()
Checking for deadlock:
There are 3 Blocked actors, 0 Stopped actors, and 4 active threads.
Waiting for actors to stop.
-- Read input: 1.0, which is expected to match: 1.0
Called prefire()
Called fire()
Sent output token with value 1.0
Next port to read input from is inputA
Called postfire()
Called prefire()
Called fire()
Read input token from inputA with value 2.0
Sent output token with value 1.5
Next port to read input from is inputB
Called postfire()
Called prefire()
Called fire()
Read input token from inputB with value 3.0
Checking for deadlock:
There are 1 Blocked actors, 0 Stopped actors, and 4 active threads.
Waiting for actors to stop.
Called postfire()
Called prefire()
Called fire()
Called postfire()
Called prefire()
Called fire()
-- Read input: 1.5, which is expected to match: 1.5
Called prefire()
Called fire()
Checking for deadlock:
There are 3 Blocked actors, 0 Stopped actors, and 4 active threads.
Waiting for actors to stop.
-- Read input: 2.0, which is expected to match: 2.0
Called prefire()
Called fire()
Sent output token with value 2.0
Next port to read input from is inputA
Called postfire()
Called prefire()
Called fire()
Read input token from inputA with value 3.0
Sent output token with value 3.0
Next port to read input from is inputB
Called postfire()
Called prefire()
Called fire()
Read input token from inputB with value 4.5
Checking for deadlock:
There are 1 Blocked actors, 0 Stopped actors, and 4 active threads.
Waiting for actors to stop.
Called postfire()
Called prefire()
Called fire()
Called postfire()
Called prefire()
Called fire()
-- Read input: 3.0, which is expected to match: 3.0
Called prefire()
Called fire()
Checking for deadlock:
There are 3 Blocked actors, 0 Stopped actors, and 4 active threads.
Waiting for actors to stop.
-- Read input: 3.0, which is expected to match: 3.0
Called prefire()
Called fire()
Sent output token with value 3.0
Next port to read input from is inputA
Called postfire()
Called prefire()
Called fire()
Read input token from inputA with value 4.0
Sent output token with value 4.0
Next port to read input from is inputA
Called postfire()
Called prefire()
Called fire()
Checking for deadlock:
There are 2 Blocked actors, 0 Stopped actors, and 4 active threads.
Waiting for actors to stop.
Called postfire()
Called prefire()
Called fire()
-- Read input: 4.0, which is expected to match: 4.0
Called prefire()
Called fire()
Past the end of training data. Read and discard all inputs.
Checking for deadlock:
There are 3 Blocked actors, 0 Stopped actors, and 4 active threads.
Waiting for actors to stop.
Called postfire()
Called prefire()
Called fire()
Checking for deadlock:
There are 3 Blocked actors, 0 Stopped actors, and 4 active threads.
Waiting for actors to stop.
Read input token from inputA with value 5.0
Called prefire()
Called fire()
Past the end of training data. Read and discard all inputs.
Checking for deadlock:
There are 3 Blocked actors, 0 Stopped actors, and 4 active threads.
Waiting for actors to stop.
Sent output token with value 4.5
Next port to read input from is inputB
Called postfire()
Called prefire()
Called fire()
Called postfire()
Called prefire()
Called fire()
Checking for deadlock:
There are 3 Blocked actors, 0 Stopped actors, and 4 active threads.
Waiting for actors to stop.
Read input token from inputB with value 6.0
Called prefire()
Called fire()
Past the end of training data. Read and discard all inputs.
Checking for deadlock:
There are 3 Blocked actors, 0 Stopped actors, and 4 active threads.
Waiting for actors to stop.
Sent output token with value 5.0
Next port to read input from is inputA
Called postfire()
Called prefire()
Called fire()
Checking for deadlock:
There are 2 Blocked actors, 0 Stopped actors, and 4 active threads.
Waiting for actors to stop.
Called postfire()
Called prefire()
Called fire()
Checking for deadlock:
There are 3 Blocked actors, 0 Stopped actors, and 4 active threads.
Waiting for actors to stop.
Read input token from inputA with value 6.0
Checking for deadlock:
There are 2 Blocked actors, 0 Stopped actors, and 4 active threads.
Waiting for actors to stop.
Called prefire()
Called fire()
Past the end of training data. Read and discard all inputs.
Checking for deadlock:
There are 3 Blocked actors, 0 Stopped actors, and 4 active threads.
Waiting for actors to stop.
Sent output token with value 6.0
Next port to read input from is inputB
Called postfire()
Called prefire()
Called fire()
Called postfire()
Called prefire()
Called fire()
Checking for deadlock:
There are 3 Blocked actors, 0 Stopped actors, and 4 active threads.
Waiting for actors to stop.
Read input token from inputB with value 7.5
Called prefire()
Called fire()
Past the end of training data. Read and discard all inputs.
Checking for deadlock:
There are 3 Blocked actors, 0 Stopped actors, and 4 active threads.
Waiting for actors to stop.
Sent output token with value 6.0
Next port to read input from is inputA
Called postfire()
Called prefire()
Called fire()
Checking for deadlock:
There are 2 Blocked actors, 0 Stopped actors, and 4 active threads.
Waiting for actors to stop.
Called postfire()
Called prefire()
Called fire()
Checking for deadlock:
There are 3 Blocked actors, 0 Stopped actors, and 4 active threads.
Waiting for actors to stop.
Read input token from inputA with value 7.0
Checking for deadlock:
There are 2 Blocked actors, 0 Stopped actors, and 4 active threads.
Waiting for actors to stop.
Called prefire()
Called fire()
Past the end of training data. Read and discard all inputs.
Checking for deadlock:
There are 3 Blocked actors, 0 Stopped actors, and 4 active threads.
Waiting for actors to stop.
Sent output token with value 7.0
Next port to read input from is inputA
Called postfire()
Called prefire()
Called fire()
Checking for deadlock:
There are 2 Blocked actors, 0 Stopped actors, and 4 active threads.
Waiting for actors to stop.
-- Thread wrapup() called.
Called wrapup()
Thread .top.Ramp is exiting.
-- Thread stopped.
Read input token from inputA with value 8.0
Sent output token with value 7.5
Next port to read input from is inputB
Called postfire()
Called prefire()
Called fire()
Read input token from inputB with value 9.0
Checking for deadlock:
There are 1 Blocked actors, 0 Stopped actors, and 3 active threads.
Waiting for actors to stop.
Called postfire()
Called prefire()
Called fire()
Called prefire()
Called fire()
Past the end of training data. Read and discard all inputs.
Checking for deadlock:
There are 2 Blocked actors, 0 Stopped actors, and 3 active threads.
Waiting for actors to stop.
Called prefire()
Called fire()
Past the end of training data. Read and discard all inputs.
Checking for deadlock:
There are 2 Blocked actors, 0 Stopped actors, and 3 active threads.
Waiting for actors to stop.
Sent output token with value 8.0
Next port to read input from is inputA
Called postfire()
Called prefire()
Called fire()
Read input token from inputA with value 9.0
Called prefire()
Called fire()
Past the end of training data. Read and discard all inputs.
Checking for deadlock:
There are 2 Blocked actors, 0 Stopped actors, and 3 active threads.
Waiting for actors to stop.
Sent output token with value 9.0
Next port to read input from is inputB
Called postfire()
Called prefire()
Called fire()
Called postfire()
Called prefire()
Called fire()
Checking for deadlock:
There are 2 Blocked actors, 0 Stopped actors, and 3 active threads.
Waiting for actors to stop.
Read input token from inputB with value 10.5
Called prefire()
Called fire()
Past the end of training data. Read and discard all inputs.
Checking for deadlock:
There are 2 Blocked actors, 0 Stopped actors, and 3 active threads.
Waiting for actors to stop.
Sent output token with value 9.0
Next port to read input from is inputA
Called postfire()
Called prefire()
Called fire()
Checking for deadlock:
There are 3 Blocked actors, 0 Stopped actors, and 3 active threads.
Actors have stopped.
Checking for deadlock:
There are 3 Blocked actors, 0 Stopped actors, and 3 active threads.
Deadlock detected.
Resolving Deadlock
Checking for deadlock:
There are 3 Blocked actors, 0 Stopped actors, and 3 active threads.
Artificial Deadlock - increasing queue capacity.
increasing the capacity of receiver ptolemy.actor.TypedIOPort {.top.OrderedMerge.inputB} to 2
-- Thread wrapup() called.
Called wrapup()
Thread .top.Ramp2 is exiting.
-- Thread stopped.
Director: Called postfire().
Called postfire().
_stopRequested = false
_stopFireRequested = false
Returning from postfire(): true
Called fire().
Checking for deadlock:
There are 2 Blocked actors, 0 Stopped actors, and 2 active threads.
Actors have stopped.
Checking for deadlock:
There are 2 Blocked actors, 0 Stopped actors, and 2 active threads.
Deadlock detected.
Resolving Deadlock
Checking for deadlock:
There are 2 Blocked actors, 0 Stopped actors, and 2 active threads.
Deadlock detected: no processes blocked on write, but some are blocked on read.
Called postfire().
_stopRequested = false
_stopFireRequested = false
Returning from postfire(): false
Finished deactivating branches.
Called wrapup().
-- Thread wrapup() called.
Called wrapup()
Thread .top.Test is exiting.
-- Thread stopped.
-- Blocked Receiver call threw TerminateProcessException.
-- Thread wrapup() called.
Called wrapup()
Thread .top.OrderedMerge is exiting.
-- Thread stopped.
-- Blocked Receiver call threw TerminateProcessException.
69 ms. Memory: 183296K Free: 110070K (60%)
.top. Preinitializing ...
Invoking preinitialize():  .top.OrderedMerge
Called preinitialize()
Invoking preinitialize():  .top.Ramp
Called preinitialize()
Invoking preinitialize():  .top.Ramp2
Called preinitialize()
Invoking preinitialize():  .top.Test
Called preinitialize()
.top. Finished preinitialize().
Called initialize().
Invoking initialize():  .top.OrderedMerge
Initializing actor: .top.OrderedMerge
Adding a thread: .top.OrderedMerge
Invoking initialize():  .top.Ramp
Initializing actor: .top.Ramp
Adding a thread: .top.Ramp
Invoking initialize():  .top.Ramp2
Initializing actor: .top.Ramp2
Adding a thread: .top.Ramp2
Invoking initialize():  .top.Test
Initializing actor: .top.Test
Adding a thread: .top.Test
-- Starting thread.
Called initialize()
Called prefire()
Called fire()
-- Starting thread.
Called initialize()
Called prefire()
Called fire()
Called postfire()
Called prefire()
Called fire()
-- Starting thread.
Called initialize()
Called prefire()
Called fire()
Called postfire()
Called prefire()
Called fire()
Called fire().
Checking for deadlock:
There are 3 Blocked actors, 0 Stopped actors, and 4 active threads.
Waiting for actors to stop.
-- Starting thread.
Called initialize()
Called prefire()
Called fire()
Checking for deadlock:
There are 2 Blocked actors, 0 Stopped actors, and 4 active threads.
Waiting for actors to stop.
Called postfire()
Called prefire()
Called fire()
Checking for deadlock:
There are 3 Blocked actors, 0 Stopped actors, and 4 active threads.
Waiting for actors to stop.
Read input token from inputA with value 0.0
Next port to read input from is inputB
Called postfire()
Called prefire()
Called fire()
Called postfire()
Called prefire()
Called fire()
Checking for deadlock:
There are 3 Blocked actors, 0 Stopped actors, and 4 active threads.
Waiting for actors to stop.
Read input token from inputB with value 0.0
Checking for deadlock:
There are 2 Blocked actors, 0 Stopped actors, and 4 active threads.
Waiting for actors to stop.
-- Read input: 0.0, which is expected to match: 0.0
Called prefire()
Called fire()
Checking for deadlock:
There are 3 Blocked actors, 0 Stopped actors, and 4 active threads.
Waiting for actors to stop.
Sent output token with value 0.0
Next port to read input from is inputA
Called postfire()
Called prefire()
Called fire()
Checking for deadlock:
There are 2 Blocked actors, 0 Stopped actors, and 4 active threads.
Waiting for actors to stop.
Called postfire()
Called prefire()
Called fire()
Checking for deadlock:
There are 3 Blocked actors, 0 Stopped actors, and 4 active threads.
Waiting for actors to stop.
Read input token from inputA with value 1.0
Checking for deadlock:
There are 2 Blocked actors, 0 Stopped actors, and 4 active threads.
Waiting for actors to stop.
Sent output token with value 0.0
-- Read input: 0.0, which is expected to match: 0.0
Next port to read input from is inputB
Called postfire()
Called prefire()
Called fire()
Called prefire()
Called fire()
Checking for deadlock:
There are 1 Blocked actors, 0 Stopped actors, and 4 active threads.
Waiting for actors to stop.
Called postfire()
Called prefire()
Called fire()
Checking for deadlock:
There are 3 Blocked actors, 0 Stopped actors, and 4 active threads.
Waiting for actors to stop.
Read input token from inputB with value 1.5
Checking for deadlock:
There are 2 Blocked actors, 0 Stopped actors, and 4 active threads.
Waiting for actors to stop.
-- Read input: 1.0, which is expected to match: 1.0
Sent output token with value 1.0
Called prefire()
Called fire()
Next port to read input from is inputA
Called postfire()
Checking for deadlock:
There are 3 Blocked actors, 0 Stopped actors, and 4 active threads.
Waiting for actors to stop.
Called prefire()
Called fire()
Checking for deadlock:
There are 2 Blocked actors, 0 Stopped actors, and 4 active threads.
Waiting for actors to stop.
Called postfire()
Called prefire()
Called fire()
Checking for deadlock:
There are 3 Blocked actors, 0 Stopped actors, and 4 active threads.
Waiting for actors to stop.
Read input token from inputA with value 2.0
Checking for deadlock:
There are 2 Blocked actors, 0 Stopped actors, and 4 active threads.
Waiting for actors to stop.
Sent output token with value 1.5
-- Read input: 1.5, which is expected to match: 1.5
Called prefire()
Called fire()
Checking for deadlock:
There are 3 Blocked actors, 0 Stopped actors, and 4 active threads.
Waiting for actors to stop.
Next port to read input from is inputB
Called postfire()
Called prefire()
Called fire()
Called postfire()
Called prefire()
Called fire()
Checking for deadlock:
There are 3 Blocked actors, 0 Stopped actors, and 4 active threads.
Waiting for actors to stop.
Read input token from inputB with value 3.0
Checking for deadlock:
There are 2 Blocked actors, 0 Stopped actors, and 4 active threads.
Waiting for actors to stop.
-- Read input: 2.0, which is expected to match: 2.0
Called prefire()
Called fire()
Checking for deadlock:
There are 3 Blocked actors, 0 Stopped actors, and 4 active threads.
Waiting for actors to stop.
Sent output token with value 2.0
Next port to read input from is inputA
Called postfire()
Called prefire()
Called fire()
Checking for deadlock:
There are 2 Blocked actors, 0 Stopped actors, and 4 active threads.
Waiting for actors to stop.
Called postfire()
Called prefire()
Called fire()
Checking for deadlock:
There are 3 Blocked actors, 0 Stopped actors, and 4 active threads.
Waiting for actors to stop.
Read input token from inputA with value 3.0
Checking for deadlock:
There are 2 Blocked actors, 0 Stopped actors, and 4 active threads.
Waiting for actors to stop.
Sent output token with value 3.0
-- Read input: 3.0, which is expected to match: 3.0
Called prefire()
Called fire()
Next port to read input from is inputB
Called postfire()
Called prefire()
Checking for deadlock:
There are 3 Blocked actors, 0 Stopped actors, and 4 active threads.
Waiting for actors to stop.
Called fire()
Called postfire()
Called prefire()
Called fire()
Checking for deadlock:
There are 3 Blocked actors, 0 Stopped actors, and 4 active threads.
Waiting for actors to stop.
Read input token from inputB with value 4.5
Checking for deadlock:
There are 2 Blocked actors, 0 Stopped actors, and 4 active threads.
Waiting for actors to stop.
-- Read input: 3.0, which is expected to match: 3.0
Called prefire()
Called fire()
Checking for deadlock:
There are 3 Blocked actors, 0 Stopped actors, and 4 active threads.
Waiting for actors to stop.
Sent output token with value 3.0
Next port to read input from is inputA
Called postfire()
Called prefire()
Called fire()
Checking for deadlock:
There are 2 Blocked actors, 0 Stopped actors, and 4 active threads.
Waiting for actors to stop.
Called postfire()
Called prefire()
Called fire()
Checking for deadlock:
There are 3 Blocked actors, 0 Stopped actors, and 4 active threads.
Waiting for actors to stop.
Read input token from inputA with value 4.0
Checking for deadlock:
There are 2 Blocked actors, 0 Stopped actors, and 4 active threads.
Waiting for actors to stop.
-- Read input: 4.0, which is expected to match: 4.0
Called prefire()
Called fire()
Past the end of training data. Read and discard all inputs.
Checking for deadlock:
There are 3 Blocked actors, 0 Stopped actors, and 4 active threads.
Waiting for actors to stop.
Sent output token with value 4.0
Next port to read input from is inputA
Called postfire()
Called prefire()
Called fire()
Read input token from inputA with value 5.0
Checking for deadlock:
There are 2 Blocked actors, 0 Stopped actors, and 4 active threads.
Waiting for actors to stop.
Called postfire()
Called prefire()
Called fire()
Checking for deadlock:
There are 3 Blocked actors, 0 Stopped actors, and 4 active threads.
Waiting for actors to stop.
Checking for deadlock:
There are 2 Blocked actors, 0 Stopped actors, and 4 active threads.
Waiting for actors to stop.
Called prefire()
Called fire()
Past the end of training data. Read and discard all inputs.
Sent output token with value 4.5
Checking for deadlock:
There are 3 Blocked actors, 0 Stopped actors, and 4 active threads.
Waiting for actors to stop.
Next port to read input from is inputB
Called postfire()
Called prefire()
Called fire()
Checking for deadlock:
There are 2 Blocked actors, 0 Stopped actors, and 4 active threads.
Waiting for actors to stop.
Called postfire()
Called prefire()
Called fire()
Checking for deadlock:
There are 3 Blocked actors, 0 Stopped actors, and 4 active threads.
Waiting for actors to stop.
Read input token from inputB with value 6.0
Checking for deadlock:
Called prefire()
Called fire()
There are 2 Blocked actors, 0 Stopped actors, and 4 active threads.
Past the end of training data. Read and discard all inputs.
Waiting for actors to stop.
Checking for deadlock:
There are 3 Blocked actors, 0 Stopped actors, and 4 active threads.
Waiting for actors to stop.
Sent output token with value 5.0
Next port to read input from is inputA
Called postfire()
Called prefire()
Called fire()
Checking for deadlock:
There are 2 Blocked actors, 0 Stopped actors, and 4 active threads.
Waiting for actors to stop.
Called postfire()
Called prefire()
Called fire()
Checking for deadlock:
There are 3 Blocked actors, 0 Stopped actors, and 4 active threads.
Waiting for actors to stop.
Read input token from inputA with value 6.0
Checking for deadlock:
There are 2 Blocked actors, 0 Stopped actors, and 4 active threads.
Waiting for actors to stop.
Called prefire()
Called fire()
Past the end of training data. Read and discard all inputs.
Sent output token with value 6.0
Checking for deadlock:
There are 3 Blocked actors, 0 Stopped actors, and 4 active threads.
Waiting for actors to stop.
Next port to read input from is inputB
Called postfire()
Called prefire()
Called fire()
Called postfire()
Called prefire()
Called fire()
Checking for deadlock:
There are 3 Blocked actors, 0 Stopped actors, and 4 active threads.
Waiting for actors to stop.
Read input token from inputB with value 7.5
Checking for deadlock:
Called prefire()
There are 2 Blocked actors, 0 Stopped actors, and 4 active threads.
Called fire()
Waiting for actors to stop.
Past the end of training data. Read and discard all inputs.
Sent output token with value 6.0
Checking for deadlock:
There are 3 Blocked actors, 0 Stopped actors, and 4 active threads.
Waiting for actors to stop.
Next port to read input from is inputA
Called postfire()
Called prefire()
Called fire()
Called postfire()
Called prefire()
Called fire()
Checking for deadlock:
There are 3 Blocked actors, 0 Stopped actors, and 4 active threads.
Waiting for actors to stop.
Read input token from inputA with value 7.0
Called prefire()
Called fire()
Checking for deadlock:
Past the end of training data. Read and discard all inputs.
There are 2 Blocked actors, 0 Stopped actors, and 4 active threads.
Waiting for actors to stop.
Checking for deadlock:
There are 3 Blocked actors, 0 Stopped actors, and 4 active threads.
Waiting for actors to stop.
Sent output token with value 7.0
Next port to read input from is inputA
Called postfire()
Called prefire()
Called fire()
Checking for deadlock:
There are 2 Blocked actors, 0 Stopped actors, and 4 active threads.
Waiting for actors to stop.
-- Thread wrapup() called.
Called wrapup()
Thread .top.Ramp is exiting.
-- Thread stopped.
Checking for deadlock:
There are 2 Blocked actors, 0 Stopped actors, and 3 active threads.
Waiting for actors to stop.
Read input token from inputA with value 8.0
Called prefire()
Called fire()
Checking for deadlock:
Past the end of training data. Read and discard all inputs.
There are 1 Blocked actors, 0 Stopped actors, and 3 active threads.
Waiting for actors to stop.
Checking for deadlock:
There are 2 Blocked actors, 0 Stopped actors, and 3 active threads.
Waiting for actors to stop.
Sent output token with value 7.5
Next port to read input from is inputB
Called postfire()
Called prefire()
Called fire()
Checking for deadlock:
There are 1 Blocked actors, 0 Stopped actors, and 3 active threads.
Waiting for actors to stop.
Called postfire()
Called prefire()
Called fire()
Checking for deadlock:
There are 2 Blocked actors, 0 Stopped actors, and 3 active threads.
Waiting for actors to stop.
Read input token from inputB with value 9.0
Checking for deadlock:
There are 1 Blocked actors, 0 Stopped actors, and 3 active threads.
Waiting for actors to stop.
Called prefire()
Sent output token with value 8.0
Called fire()
Past the end of training data. Read and discard all inputs.
Next port to read input from is inputA
Called postfire()
Checking for deadlock:
There are 2 Blocked actors, 0 Stopped actors, and 3 active threads.
Waiting for actors to stop.
Called prefire()
Called fire()
Read input token from inputA with value 9.0
Checking for deadlock:
Called prefire()
Called fire()
There are 1 Blocked actors, 0 Stopped actors, and 3 active threads.
Waiting for actors to stop.
Past the end of training data. Read and discard all inputs.
Checking for deadlock:
There are 2 Blocked actors, 0 Stopped actors, and 3 active threads.
Waiting for actors to stop.
Sent output token with value 9.0
Next port to read input from is inputB
Called postfire()
Called prefire()
Called fire()
Called postfire()
Called prefire()
Called fire()
Checking for deadlock:
There are 2 Blocked actors, 0 Stopped actors, and 3 active threads.
Waiting for actors to stop.
Read input token from inputB with value 10.5
Checking for deadlock:
Called prefire()
Called fire()
There are 1 Blocked actors, 0 Stopped actors, and 3 active threads.
Past the end of training data. Read and discard all inputs.
Waiting for actors to stop.
Checking for deadlock:
There are 2 Blocked actors, 0 Stopped actors, and 3 active threads.
Waiting for actors to stop.
Sent output token with value 9.0
Next port to read input from is inputA
Called postfire()
Called prefire()
Called fire()
Checking for deadlock:
There are 3 Blocked actors, 0 Stopped actors, and 3 active threads.
Actors have stopped.
Checking for deadlock:
There are 3 Blocked actors, 0 Stopped actors, and 3 active threads.
Deadlock detected.
Resolving Deadlock
Checking for deadlock:
There are 3 Blocked actors, 0 Stopped actors, and 3 active threads.
Artificial Deadlock - increasing queue capacity.
increasing the capacity of receiver ptolemy.actor.TypedIOPort {.top.OrderedMerge.inputB} to 2
Director: Called postfire().
Called postfire().
_stopRequested = false
_stopFireRequested = false
Returning from postfire(): true
Called fire().
Checking for deadlock:
There are 2 Blocked actors, 0 Stopped actors, and 3 active threads.
Waiting for actors to stop.
-- Thread wrapup() called.
Called wrapup()
Thread .top.Ramp2 is exiting.
-- Thread stopped.
Checking for deadlock:
There are 2 Blocked actors, 0 Stopped actors, and 2 active threads.
Actors have stopped.
Checking for deadlock:
There are 2 Blocked actors, 0 Stopped actors, and 2 active threads.
Deadlock detected.
Resolving Deadlock
Checking for deadlock:
There are 2 Blocked actors, 0 Stopped actors, and 2 active threads.
Deadlock detected: no processes blocked on write, but some are blocked on read.
Called postfire().
_stopRequested = false
_stopFireRequested = false
Returning from postfire(): false
Finished deactivating branches.
Called wrapup().
-- Thread wrapup() called.
Called wrapup()
-- Thread wrapup() called.
Called wrapup()
Thread .top.OrderedMerge is exiting.
-- Thread stopped.
Thread .top.Test is exiting.
-- Blocked Receiver call threw TerminateProcessException.
-- Thread stopped.
-- Blocked Receiver call threw TerminateProcessException.
35 ms. Memory: 183296K Free: 107512K (59%)
/home/travis/build/icyphy/ptII/ptolemy/actor/lib/test/Publisher.tcl
30 ms. Memory: 183296K Free: 101368K (55%)
12 ms. Memory: 183296K Free: 96248K (53%)
3 ms. Memory: 183296K Free: 92648K (51%)
4 ms. Memory: 183296K Free: 91638K (50%)
4 ms. Memory: 183296K Free: 90614K (49%)
18 ms. Memory: 183296K Free: 90104K (49%)
3 ms. Memory: 183296K Free: 89080K (49%)
3 ms. Memory: 183296K Free: 88552K (48%)
26 ms. Memory: 183296K Free: 78326K (43%)
7 ms. Memory: 183296K Free: 74230K (40%)
3 ms. Memory: 183296K Free: 73720K (40%)
4 ms. Memory: 183296K Free: 71672K (39%)
15 ms. Memory: 183296K Free: 63990K (35%)
17 ms. Memory: 183296K Free: 158182K (86%)
14 ms. Memory: 183296K Free: 147414K (80%)
/home/travis/build/icyphy/ptII/ptolemy/actor/lib/test/Pulse.tcl
3 ms. Memory: 243712K Free: 219095K (90%)
8 ms. Memory: 243712K Free: 218071K (89%)
2 ms. Memory: 243712K Free: 217557K (89%)
2 ms. Memory: 243712K Free: 217047K (89%)
1 ms. Memory: 243712K Free: 216519K (89%)
6 ms. Memory: 243712K Free: 215509K (88%)
3 ms. Memory: 243712K Free: 214485K (88%)
1 ms. Memory: 243712K Free: 213975K (88%)
1 ms. Memory: 243712K Free: 212951K (87%)
/home/travis/build/icyphy/ptII/ptolemy/actor/lib/test/Ramp.tcl
6 ms. Memory: 243712K Free: 211399K (87%)
7 ms. Memory: 243712K Free: 210389K (86%)
4 ms. Memory: 243712K Free: 209879K (86%)
2 ms. Memory: 243712K Free: 208855K (86%)
9 ms. Memory: 243712K Free: 208327K (85%)
9 ms. Memory: 243712K Free: 207317K (85%)
6 ms. Memory: 243712K Free: 206293K (85%)
5 actors
6000 microseconds per iteration to create
11 ms. Memory: 243712K Free: 203735K (84%)
3 ms. Memory: 243712K Free: 203221K (83%)
5 ms. Memory: 243712K Free: 202711K (83%)
3 ms. Memory: 243712K Free: 201687K (83%)
50 actors
47000 microseconds per iteration to create
44 ms. Memory: 243712K Free: 186327K (76%)
25 ms. Memory: 243712K Free: 185303K (76%)
6 ms. Memory: 243712K Free: 184279K (76%)
13 ms. Memory: 243712K Free: 183255K (75%)
500 actors
1577000 microseconds per iteration to create
282 ms. Memory: 243712K Free: 164227K (67%)
55 ms. Memory: 243712K Free: 158597K (65%)
40 ms. Memory: 243712K Free: 152963K (63%)
39 ms. Memory: 243712K Free: 147333K (60%)
/home/travis/build/icyphy/ptII/ptolemy/actor/lib/test/RampContinuous.tcl
8 ms. Memory: 243712K Free: 145764K (60%)
/home/travis/build/icyphy/ptII/ptolemy/actor/lib/test/RecordAssembler.tcl
3 ms. Memory: 243712K Free: 144261K (59%)
3 ms. Memory: 243712K Free: 143237K (59%)
/home/travis/build/icyphy/ptII/ptolemy/actor/lib/test/RecordDisassembler.tcl
12 ms. Memory: 243712K Free: 141189K (58%)
3 ms. Memory: 243712K Free: 140675K (58%)
3 ms. Memory: 243712K Free: 139636K (57%)
/home/travis/build/icyphy/ptII/ptolemy/actor/lib/test/Scale.tcl
3 ms. Memory: 243712K Free: 137588K (56%)
1 ms. Memory: 243712K Free: 137093K (56%)
1 ms. Memory: 243712K Free: 136069K (56%)
2 ms. Memory: 243712K Free: 135540K (56%)
3 ms. Memory: 243712K Free: 134524K (55%)
/home/travis/build/icyphy/ptII/ptolemy/actor/lib/test/SequentialClock.tcl
preinitializing
resolving types
initializing
executing number 1
wrapping up
idle
6 ms. Memory: 243712K Free: 132997K (55%)
Completed execution with 5 iterations
preinitializing
resolving types
initializing
executing number 1
wrapping up
idle
2 ms. Memory: 243712K Free: 132468K (54%)
Completed execution with 5 iterations
preinitializing
resolving types
initializing
executing number 1
wrapping up
idle
1 ms. Memory: 243712K Free: 131973K (54%)
Completed execution with 5 iterations
/home/travis/build/icyphy/ptII/ptolemy/actor/lib/test/SetVariable.tcl
4 ms. Memory: 243712K Free: 130404K (54%)


==== $PTII/ptolemy/actor/lib/test/SetVariable.tcl: SetVariable-3.1 changeFailed
==== Contents of test case:

    #Uses 2.1 above
    jdkCaptureErr {
        # This test was failing if we ran Exit.tcl and then this test.
        # MessageHandler.error() now actually throws the Exception.
	catch {$setVariable changeFailed [java::null]  [java::new Exception {Test exception for SetVariable.changeFailed()}]} errMsg
    } results
    list [string range $results 0 89] "\n" $errMsg

==== Result was:
{java.lang.Exception: Test exception for SetVariable.changeFailed()
	at java.base/jdk.inter} {
} {java.lang.RuntimeException: java.lang.Exception: Test exception for SetVariable.changeFailed()}
---- Result should have been:
{java.lang.Exception: Test exception for SetVariable.changeFailed()
	at sun.reflect.NativeC} {
} {java.lang.RuntimeException: java.lang.Exception: Test exception for SetVariable.changeFailed()}
---- SetVariable-3.1 FAILED
/home/travis/build/icyphy/ptII/ptolemy/actor/lib/test/Sinewave.tcl
/home/travis/build/icyphy/ptII/ptolemy/actor/lib/test/SubscriptionAggregator.tcl
5 ms. Memory: 243712K Free: 118661K (49%)
2 ms. Memory: 243712K Free: 117637K (48%)
1 ms. Memory: 243712K Free: 117637K (48%)
0 ms. Memory: 243712K Free: 117123K (48%)
2 ms. Memory: 243712K Free: 113541K (47%)
9 ms. Memory: 243712K Free: 110979K (46%)
...............................................................1086 ms. Memory: 346112K Free: 263981K (76%)
/home/travis/build/icyphy/ptII/ptolemy/actor/lib/test/Test.tcl
 The next command will produce a warning about training mode,
   which may be ignored.
5 ms. Memory: 346112K Free: 261933K (76%)
3 ms. Memory: 346112K Free: 261404K (76%)
2 ms. Memory: 346112K Free: 260909K (75%)
1 ms. Memory: 346112K Free: 259885K (75%)
9 ms. Memory: 346112K Free: 259364K (75%)
2 ms. Memory: 346112K Free: 258316K (75%)
3 ms. Memory: 346112K Free: 256813K (74%)
 The next command will produce a warning about training mode,
   which may be ignored.
4 ms. Memory: 346112K Free: 254765K (74%)
 The next command will produce a warning about training mode,
   which may be ignored.
14 ms. Memory: 346112K Free: 253227K (73%)
1 ms. Memory: 346112K Free: 253227K (73%)
1 ms. Memory: 346112K Free: 252717K (73%)
2 ms. Memory: 346112K Free: 252188K (73%)
6 ms. Memory: 346112K Free: 250669K (72%)
5 ms. Memory: 346112K Free: 247083K (71%)
/home/travis/build/icyphy/ptII/ptolemy/actor/lib/test/TestExceptionHandler.tcl
 The next command will produce a warning about training mode,
   which may be ignored.
3 ms. Memory: 346112K Free: 246044K (71%)
1 ms. Memory: 346112K Free: 245549K (71%)
1 ms. Memory: 346112K Free: 245035K (71%)
/home/travis/build/icyphy/ptII/ptolemy/actor/lib/test/UnionDisassembler.tcl
29 ms. Memory: 346112K Free: 237357K (69%)
/home/travis/build/icyphy/ptII/ptolemy/actor/lib/test/VariableClock.tcl
preinitializing
resolving types
initializing
executing number 1
wrapping up
idle
5 ms. Memory: 346112K Free: 235804K (68%)
Completed execution with 11 iterations
preinitializing
resolving types
initializing
executing number 1
wrapping up
idle
5 ms. Memory: 346112K Free: 234285K (68%)
Completed execution with 10 iterations
07/10/19 06:46:10
Failed: 2  Total Tests: 234  ((Passed: 232, Newly Passed: 0)  Known Failed: 0) /home/travis/build/icyphy/ptII/ptolemy/actor/lib/test
----------------- testing (KnownFailure) /home/travis/build/icyphy/ptII/ptolemy/actor/lib/test/auto/knownFailedTests/PublisherPortToplevelSubscriber.xml
0 ms. Memory: 346112K Free: 230699K (67%)
Known Failure: java.lang.reflect.InvocationTargetException
----------------- testing (KnownFailure) /home/travis/build/icyphy/ptII/ptolemy/actor/lib/test/auto/knownFailedTests/PublisherSubscriberPortToplevel.xml
0 ms. Memory: 346112K Free: 226603K (65%)
Known Failure: java.lang.reflect.InvocationTargetException
----------------- testing (KnownFailure) /home/travis/build/icyphy/ptII/ptolemy/actor/lib/test/auto/knownFailedTests/PublisherSubscriptionAggregatorPort.xml
0 ms. Memory: 346112K Free: 222507K (64%)
Known Failure: java.lang.reflect.InvocationTargetException
----------------- testing (KnownFailure) /home/travis/build/icyphy/ptII/ptolemy/actor/lib/test/auto/knownFailedTests/sizedarray3.xml
6 ms. Memory: 346112K Free: 218411K (63%)
Known Failure: java.lang.reflect.InvocationTargetException
No auto/linux-amd64/*.xml tests in /home/travis/build/icyphy/ptII/ptolemy/actor/lib/test
AutoTests.java: About to close Vertx.
AutoTests.java: Vertx closed.

===========================================================================================
----------------- testing Wed Jul 10 06:46:11 UTC 2019 /home/travis/build/icyphy/ptII/ptolemy/actor/lib/test/auto/AbsoluteValue.xml
----------------- Instantiating /home/travis/build/icyphy/ptII/ptolemy/actor/lib/test/auto/AbsoluteValue.xml
6 ms. Memory: 346112K Free: 195373K (56%)
----------------- Invoking toplevel() on ptolemy.moml.MoMLSimpleApplication@68b3fc
----------------- Done invoking toplevel() on ptolemy.moml.MoMLSimpleApplication@68b3fc
reloadAllAccessors: .AbsoluteValue

===========================================================================================
----------------- testing Wed Jul 10 06:46:11 UTC 2019 /home/travis/build/icyphy/ptII/ptolemy/actor/lib/test/auto/AbsoluteValue2.xml
----------------- Instantiating /home/travis/build/icyphy/ptII/ptolemy/actor/lib/test/auto/AbsoluteValue2.xml
5 ms. Memory: 346112K Free: 188715K (55%)
----------------- Invoking toplevel() on ptolemy.moml.MoMLSimpleApplication@71ae6603
----------------- Done invoking toplevel() on ptolemy.moml.MoMLSimpleApplication@71ae6603
reloadAllAccessors: .AbsoluteValue2

===========================================================================================
----------------- testing Wed Jul 10 06:46:11 UTC 2019 /home/travis/build/icyphy/ptII/ptolemy/actor/lib/test/auto/Accumulator.xml
----------------- Instantiating /home/travis/build/icyphy/ptII/ptolemy/actor/lib/test/auto/Accumulator.xml
6 ms. Memory: 346112K Free: 182061K (53%)
----------------- Invoking toplevel() on ptolemy.moml.MoMLSimpleApplication@1c5e7c6b
----------------- Done invoking toplevel() on ptolemy.moml.MoMLSimpleApplication@1c5e7c6b
reloadAllAccessors: .Accumulator

===========================================================================================
----------------- testing Wed Jul 10 06:46:11 UTC 2019 /home/travis/build/icyphy/ptII/ptolemy/actor/lib/test/auto/Accumulator2.xml
----------------- Instantiating /home/travis/build/icyphy/ptII/ptolemy/actor/lib/test/auto/Accumulator2.xml
6 ms. Memory: 346112K Free: 176941K (51%)
----------------- Invoking toplevel() on ptolemy.moml.MoMLSimpleApplication@64bf923b
----------------- Done invoking toplevel() on ptolemy.moml.MoMLSimpleApplication@64bf923b
reloadAllAccessors: .Accumulator2

===========================================================================================
----------------- testing Wed Jul 10 06:46:11 UTC 2019 /home/travis/build/icyphy/ptII/ptolemy/actor/lib/test/auto/Accumulator3.xml
----------------- Instantiating /home/travis/build/icyphy/ptII/ptolemy/actor/lib/test/auto/Accumulator3.xml
2 ms. Memory: 346112K Free: 172331K (50%)
----------------- Invoking toplevel() on ptolemy.moml.MoMLSimpleApplication@71d29823
----------------- Done invoking toplevel() on ptolemy.moml.MoMLSimpleApplication@71d29823
reloadAllAccessors: .Accumulator3

===========================================================================================
----------------- testing Wed Jul 10 06:46:11 UTC 2019 /home/travis/build/icyphy/ptII/ptolemy/actor/lib/test/auto/ArrayAppend.xml
----------------- Instantiating /home/travis/build/icyphy/ptII/ptolemy/actor/lib/test/auto/ArrayAppend.xml
4 ms. Memory: 346112K Free: 165677K (48%)
----------------- Invoking toplevel() on ptolemy.moml.MoMLSimpleApplication@712de0c8
----------------- Done invoking toplevel() on ptolemy.moml.MoMLSimpleApplication@712de0c8
reloadAllAccessors: .ArrayAppend

===========================================================================================
----------------- testing Wed Jul 10 06:46:11 UTC 2019 /home/travis/build/icyphy/ptII/ptolemy/actor/lib/test/auto/ArrayAppend2.xml
----------------- Instantiating /home/travis/build/icyphy/ptII/ptolemy/actor/lib/test/auto/ArrayAppend2.xml
430 ms. Memory: 346112K Free: 277256K (80%)
----------------- Invoking toplevel() on ptolemy.moml.MoMLSimpleApplication@5a86d16b
----------------- Done invoking toplevel() on ptolemy.moml.MoMLSimpleApplication@5a86d16b
reloadAllAccessors: .ArrayAppend2

===========================================================================================
----------------- testing Wed Jul 10 06:46:11 UTC 2019 /home/travis/build/icyphy/ptII/ptolemy/actor/lib/test/auto/ArrayAppend3.xml
----------------- Instantiating /home/travis/build/icyphy/ptII/ptolemy/actor/lib/test/auto/ArrayAppend3.xml
3 ms. Memory: 346112K Free: 271622K (78%)
----------------- Invoking toplevel() on ptolemy.moml.MoMLSimpleApplication@3eb47ea
----------------- Done invoking toplevel() on ptolemy.moml.MoMLSimpleApplication@3eb47ea
reloadAllAccessors: .ArrayAppend3

===========================================================================================
----------------- testing Wed Jul 10 06:46:11 UTC 2019 /home/travis/build/icyphy/ptII/ptolemy/actor/lib/test/auto/ArrayAppend4.xml
----------------- Instantiating /home/travis/build/icyphy/ptII/ptolemy/actor/lib/test/auto/ArrayAppend4.xml
2 ms. Memory: 346112K Free: 265992K (77%)
----------------- Invoking toplevel() on ptolemy.moml.MoMLSimpleApplication@1ae6969a
----------------- Done invoking toplevel() on ptolemy.moml.MoMLSimpleApplication@1ae6969a
reloadAllAccessors: .ArrayAppend4

===========================================================================================
----------------- testing Wed Jul 10 06:46:11 UTC 2019 /home/travis/build/icyphy/ptII/ptolemy/actor/lib/test/auto/ArrayAppend5.xml
----------------- Instantiating /home/travis/build/icyphy/ptII/ptolemy/actor/lib/test/auto/ArrayAppend5.xml
1 ms. Memory: 346112K Free: 261382K (76%)
----------------- Invoking toplevel() on ptolemy.moml.MoMLSimpleApplication@63369f09
----------------- Done invoking toplevel() on ptolemy.moml.MoMLSimpleApplication@63369f09
reloadAllAccessors: .ArrayAppend5

===========================================================================================
----------------- testing Wed Jul 10 06:46:11 UTC 2019 /home/travis/build/icyphy/ptII/ptolemy/actor/lib/test/auto/ArrayAppend6.xml
----------------- Instantiating /home/travis/build/icyphy/ptII/ptolemy/actor/lib/test/auto/ArrayAppend6.xml
2 ms. Memory: 346112K Free: 255752K (74%)
----------------- Invoking toplevel() on ptolemy.moml.MoMLSimpleApplication@18b09b53
----------------- Done invoking toplevel() on ptolemy.moml.MoMLSimpleApplication@18b09b53
reloadAllAccessors: .ArrayAppend6

===========================================================================================
----------------- testing Wed Jul 10 06:46:11 UTC 2019 /home/travis/build/icyphy/ptII/ptolemy/actor/lib/test/auto/ArrayAppendPerformanceTest.xml
----------------- Instantiating /home/travis/build/icyphy/ptII/ptolemy/actor/lib/test/auto/ArrayAppendPerformanceTest.xml
23 ms. Memory: 346112K Free: 244998K (71%)
----------------- Invoking toplevel() on ptolemy.moml.MoMLSimpleApplication@74642df1
----------------- Done invoking toplevel() on ptolemy.moml.MoMLSimpleApplication@74642df1
reloadAllAccessors: .ArrayAppendPerformanceTest

===========================================================================================
----------------- testing Wed Jul 10 06:46:11 UTC 2019 /home/travis/build/icyphy/ptII/ptolemy/actor/lib/test/auto/ArrayAppendWithEmptyInput.xml
----------------- Instantiating /home/travis/build/icyphy/ptII/ptolemy/actor/lib/test/auto/ArrayAppendWithEmptyInput.xml
19 ms. Memory: 346112K Free: 236806K (68%)
----------------- Invoking toplevel() on ptolemy.moml.MoMLSimpleApplication@72e95f4
----------------- Done invoking toplevel() on ptolemy.moml.MoMLSimpleApplication@72e95f4
reloadAllAccessors: .ArrayAppendWithEmptyInput

===========================================================================================
----------------- testing Wed Jul 10 06:46:12 UTC 2019 /home/travis/build/icyphy/ptII/ptolemy/actor/lib/test/auto/ArrayAverage.xml
----------------- Instantiating /home/travis/build/icyphy/ptII/ptolemy/actor/lib/test/auto/ArrayAverage.xml
12 ms. Memory: 346112K Free: 229128K (66%)
----------------- Invoking toplevel() on ptolemy.moml.MoMLSimpleApplication@657a57cd
----------------- Done invoking toplevel() on ptolemy.moml.MoMLSimpleApplication@657a57cd
reloadAllAccessors: .ArrayAverage

===========================================================================================
----------------- testing Wed Jul 10 06:46:12 UTC 2019 /home/travis/build/icyphy/ptII/ptolemy/actor/lib/test/auto/ArrayContains.xml
----------------- Instantiating /home/travis/build/icyphy/ptII/ptolemy/actor/lib/test/auto/ArrayContains.xml
3 ms. Memory: 346112K Free: 222984K (64%)
----------------- Invoking toplevel() on ptolemy.moml.MoMLSimpleApplication@510226a2
----------------- Done invoking toplevel() on ptolemy.moml.MoMLSimpleApplication@510226a2
reloadAllAccessors: .ArrayContains

===========================================================================================
----------------- testing Wed Jul 10 06:46:12 UTC 2019 /home/travis/build/icyphy/ptII/ptolemy/actor/lib/test/auto/ArrayElement.xml
----------------- Instantiating /home/travis/build/icyphy/ptII/ptolemy/actor/lib/test/auto/ArrayElement.xml
6 ms. Memory: 346112K Free: 217350K (63%)
----------------- Invoking toplevel() on ptolemy.moml.MoMLSimpleApplication@213a4946
----------------- Done invoking toplevel() on ptolemy.moml.MoMLSimpleApplication@213a4946
reloadAllAccessors: .ArrayElement

===========================================================================================
----------------- testing Wed Jul 10 06:46:12 UTC 2019 /home/travis/build/icyphy/ptII/ptolemy/actor/lib/test/auto/ArrayElementAsMatrix.xml
----------------- Instantiating /home/travis/build/icyphy/ptII/ptolemy/actor/lib/test/auto/ArrayElementAsMatrix.xml
16 ms. Memory: 346112K Free: 208134K (60%)
----------------- Invoking toplevel() on ptolemy.moml.MoMLSimpleApplication@1ad0a73f
----------------- Done invoking toplevel() on ptolemy.moml.MoMLSimpleApplication@1ad0a73f
reloadAllAccessors: .ArrayElementAsMatrix

===========================================================================================
----------------- testing Wed Jul 10 06:46:12 UTC 2019 /home/travis/build/icyphy/ptII/ptolemy/actor/lib/test/auto/ArrayElementI.xml
----------------- Instantiating /home/travis/build/icyphy/ptII/ptolemy/actor/lib/test/auto/ArrayElementI.xml
2 ms. Memory: 346112K Free: 202504K (59%)
----------------- Invoking toplevel() on ptolemy.moml.MoMLSimpleApplication@7e79fbdf
----------------- Done invoking toplevel() on ptolemy.moml.MoMLSimpleApplication@7e79fbdf
reloadAllAccessors: .ArrayElementI

===========================================================================================
----------------- testing Wed Jul 10 06:46:12 UTC 2019 /home/travis/build/icyphy/ptII/ptolemy/actor/lib/test/auto/ArrayExtract.xml
----------------- Instantiating /home/travis/build/icyphy/ptII/ptolemy/actor/lib/test/auto/ArrayExtract.xml
5 ms. Memory: 346112K Free: 194822K (56%)
----------------- Invoking toplevel() on ptolemy.moml.MoMLSimpleApplication@1f65e64c
----------------- Done invoking toplevel() on ptolemy.moml.MoMLSimpleApplication@1f65e64c
reloadAllAccessors: .ArrayExtract

===========================================================================================
----------------- testing Wed Jul 10 06:46:12 UTC 2019 /home/travis/build/icyphy/ptII/ptolemy/actor/lib/test/auto/ArrayExtract2.xml
----------------- Instantiating /home/travis/build/icyphy/ptII/ptolemy/actor/lib/test/auto/ArrayExtract2.xml
2 ms. Memory: 346112K Free: 189192K (55%)
----------------- Invoking toplevel() on ptolemy.moml.MoMLSimpleApplication@2501a54a
----------------- Done invoking toplevel() on ptolemy.moml.MoMLSimpleApplication@2501a54a
reloadAllAccessors: .ArrayExtract2

===========================================================================================
----------------- testing Wed Jul 10 06:46:12 UTC 2019 /home/travis/build/icyphy/ptII/ptolemy/actor/lib/test/auto/ArrayLength.xml
----------------- Instantiating /home/travis/build/icyphy/ptII/ptolemy/actor/lib/test/auto/ArrayLength.xml
2 ms. Memory: 346112K Free: 185606K (54%)
----------------- Invoking toplevel() on ptolemy.moml.MoMLSimpleApplication@1515832b
----------------- Done invoking toplevel() on ptolemy.moml.MoMLSimpleApplication@1515832b
reloadAllAccessors: .ArrayLength

===========================================================================================
----------------- testing Wed Jul 10 06:46:12 UTC 2019 /home/travis/build/icyphy/ptII/ptolemy/actor/lib/test/auto/ArrayLevelCrossing.xml
----------------- Instantiating /home/travis/build/icyphy/ptII/ptolemy/actor/lib/test/auto/ArrayLevelCrossing.xml
4 ms. Memory: 346112K Free: 177414K (51%)
----------------- Invoking toplevel() on ptolemy.moml.MoMLSimpleApplication@f19a4ae
----------------- Done invoking toplevel() on ptolemy.moml.MoMLSimpleApplication@f19a4ae
reloadAllAccessors: .ArrayLevelCrossing

===========================================================================================
----------------- testing Wed Jul 10 06:46:12 UTC 2019 /home/travis/build/icyphy/ptII/ptolemy/actor/lib/test/auto/ArrayLevelCrossing2.xml
----------------- Instantiating /home/travis/build/icyphy/ptII/ptolemy/actor/lib/test/auto/ArrayLevelCrossing2.xml
4 ms. Memory: 346112K Free: 170215K (49%)
----------------- Invoking toplevel() on ptolemy.moml.MoMLSimpleApplication@74e5accf
----------------- Done invoking toplevel() on ptolemy.moml.MoMLSimpleApplication@74e5accf
reloadAllAccessors: .ArrayLevelCrossing2

===========================================================================================
----------------- testing Wed Jul 10 06:46:12 UTC 2019 /home/travis/build/icyphy/ptII/ptolemy/actor/lib/test/auto/ArrayPeakSearch.xml
----------------- Instantiating /home/travis/build/icyphy/ptII/ptolemy/actor/lib/test/auto/ArrayPeakSearch.xml
8 ms. Memory: 346112K Free: 161030K (47%)
----------------- Invoking toplevel() on ptolemy.moml.MoMLSimpleApplication@3353bb78
----------------- Done invoking toplevel() on ptolemy.moml.MoMLSimpleApplication@3353bb78
reloadAllAccessors: .ArrayPeakSearch

===========================================================================================
----------------- testing Wed Jul 10 06:46:12 UTC 2019 /home/travis/build/icyphy/ptII/ptolemy/actor/lib/test/auto/ArrayPeakSearch2.xml
----------------- Instantiating /home/travis/build/icyphy/ptII/ptolemy/actor/lib/test/auto/ArrayPeakSearch2.xml
7 ms. Memory: 346112K Free: 150759K (44%)
----------------- Invoking toplevel() on ptolemy.moml.MoMLSimpleApplication@5dcfaeab
----------------- Done invoking toplevel() on ptolemy.moml.MoMLSimpleApplication@5dcfaeab
reloadAllAccessors: .ArrayPeakSearch2

===========================================================================================
----------------- testing Wed Jul 10 06:46:12 UTC 2019 /home/travis/build/icyphy/ptII/ptolemy/actor/lib/test/auto/ArrayPeakSearch3.xml
----------------- Instantiating /home/travis/build/icyphy/ptII/ptolemy/actor/lib/test/auto/ArrayPeakSearch3.xml
5 ms. Memory: 346112K Free: 141574K (41%)
----------------- Invoking toplevel() on ptolemy.moml.MoMLSimpleApplication@5fdf1fc7
----------------- Done invoking toplevel() on ptolemy.moml.MoMLSimpleApplication@5fdf1fc7
reloadAllAccessors: .ArrayPeakSearch3

===========================================================================================
----------------- testing Wed Jul 10 06:46:12 UTC 2019 /home/travis/build/icyphy/ptII/ptolemy/actor/lib/test/auto/ArrayRemoveElement.xml
----------------- Instantiating /home/travis/build/icyphy/ptII/ptolemy/actor/lib/test/auto/ArrayRemoveElement.xml
4 ms. Memory: 346112K Free: 133896K (39%)
----------------- Invoking toplevel() on ptolemy.moml.MoMLSimpleApplication@74f1c28c
----------------- Done invoking toplevel() on ptolemy.moml.MoMLSimpleApplication@74f1c28c
reloadAllAccessors: .ArrayRemoveElement

===========================================================================================
----------------- testing Wed Jul 10 06:46:12 UTC 2019 /home/travis/build/icyphy/ptII/ptolemy/actor/lib/test/auto/ArraySort.xml
----------------- Instantiating /home/travis/build/icyphy/ptII/ptolemy/actor/lib/test/auto/ArraySort.xml
7 ms. Memory: 346112K Free: 124680K (36%)
----------------- Invoking toplevel() on ptolemy.moml.MoMLSimpleApplication@4089c710
----------------- Done invoking toplevel() on ptolemy.moml.MoMLSimpleApplication@4089c710
reloadAllAccessors: .ArraySort

===========================================================================================
----------------- testing Wed Jul 10 06:46:12 UTC 2019 /home/travis/build/icyphy/ptII/ptolemy/actor/lib/test/auto/ArraySum.xml
----------------- Instantiating /home/travis/build/icyphy/ptII/ptolemy/actor/lib/test/auto/ArraySum.xml
5 ms. Memory: 346112K Free: 119560K (35%)
----------------- Invoking toplevel() on ptolemy.moml.MoMLSimpleApplication@19017342
----------------- Done invoking toplevel() on ptolemy.moml.MoMLSimpleApplication@19017342
reloadAllAccessors: .ArraySum

===========================================================================================
----------------- testing Wed Jul 10 06:46:12 UTC 2019 /home/travis/build/icyphy/ptII/ptolemy/actor/lib/test/auto/ArrayToElements.xml
----------------- Instantiating /home/travis/build/icyphy/ptII/ptolemy/actor/lib/test/auto/ArrayToElements.xml
7 ms. Memory: 346112K Free: 113926K (33%)
----------------- Invoking toplevel() on ptolemy.moml.MoMLSimpleApplication@25d125f9
----------------- Done invoking toplevel() on ptolemy.moml.MoMLSimpleApplication@25d125f9
reloadAllAccessors: .ArrayToElements

===========================================================================================
----------------- testing Wed Jul 10 06:46:12 UTC 2019 /home/travis/build/icyphy/ptII/ptolemy/actor/lib/test/auto/ArrayToMatrix.xml
----------------- Instantiating /home/travis/build/icyphy/ptII/ptolemy/actor/lib/test/auto/ArrayToMatrix.xml
12 ms. Memory: 346112K Free: 290159K (84%)
----------------- Invoking toplevel() on ptolemy.moml.MoMLSimpleApplication@112cf077
----------------- Done invoking toplevel() on ptolemy.moml.MoMLSimpleApplication@112cf077
reloadAllAccessors: .ArrayToMatrix

===========================================================================================
----------------- testing Wed Jul 10 06:46:12 UTC 2019 /home/travis/build/icyphy/ptII/ptolemy/actor/lib/test/auto/ArrayUpdate1.xml
----------------- Instantiating /home/travis/build/icyphy/ptII/ptolemy/actor/lib/test/auto/ArrayUpdate1.xml
5 ms. Memory: 346112K Free: 285039K (82%)
----------------- Invoking toplevel() on ptolemy.moml.MoMLSimpleApplication@116ee046
----------------- Done invoking toplevel() on ptolemy.moml.MoMLSimpleApplication@116ee046
reloadAllAccessors: .ArrayUpdate1

===========================================================================================
----------------- testing Wed Jul 10 06:46:12 UTC 2019 /home/travis/build/icyphy/ptII/ptolemy/actor/lib/test/auto/ArrayUpdate2.xml
----------------- Instantiating /home/travis/build/icyphy/ptII/ptolemy/actor/lib/test/auto/ArrayUpdate2.xml
6 ms. Memory: 346112K Free: 278895K (81%)
----------------- Invoking toplevel() on ptolemy.moml.MoMLSimpleApplication@aba7c61
----------------- Done invoking toplevel() on ptolemy.moml.MoMLSimpleApplication@aba7c61
reloadAllAccessors: .ArrayUpdate2

===========================================================================================
----------------- testing Wed Jul 10 06:46:12 UTC 2019 /home/travis/build/icyphy/ptII/ptolemy/actor/lib/test/auto/ArrayUpdate3.xml
----------------- Instantiating /home/travis/build/icyphy/ptII/ptolemy/actor/lib/test/auto/ArrayUpdate3.xml
4 ms. Memory: 346112K Free: 273775K (79%)
----------------- Invoking toplevel() on ptolemy.moml.MoMLSimpleApplication@6c92b968
----------------- Done invoking toplevel() on ptolemy.moml.MoMLSimpleApplication@6c92b968
reloadAllAccessors: .ArrayUpdate3

===========================================================================================
----------------- testing Wed Jul 10 06:46:12 UTC 2019 /home/travis/build/icyphy/ptII/ptolemy/actor/lib/test/auto/Assert1.xml
----------------- Instantiating /home/travis/build/icyphy/ptII/ptolemy/actor/lib/test/auto/Assert1.xml
5 ms. Memory: 346112K Free: 269679K (78%)
----------------- Invoking toplevel() on ptolemy.moml.MoMLSimpleApplication@6e2ad2fd
----------------- Done invoking toplevel() on ptolemy.moml.MoMLSimpleApplication@6e2ad2fd
reloadAllAccessors: .Assert1

===========================================================================================
----------------- testing Wed Jul 10 06:46:12 UTC 2019 /home/travis/build/icyphy/ptII/ptolemy/actor/lib/test/auto/Assert2.xml
----------------- Instantiating /home/travis/build/icyphy/ptII/ptolemy/actor/lib/test/auto/Assert2.xml
2 ms. Memory: 346112K Free: 264559K (76%)
----------------- Invoking toplevel() on ptolemy.moml.MoMLSimpleApplication@6139bf26
----------------- Done invoking toplevel() on ptolemy.moml.MoMLSimpleApplication@6139bf26
reloadAllAccessors: .Assert2

===========================================================================================
----------------- testing Wed Jul 10 06:46:12 UTC 2019 /home/travis/build/icyphy/ptII/ptolemy/actor/lib/test/auto/BooleanMultiplexor.xml
----------------- Instantiating /home/travis/build/icyphy/ptII/ptolemy/actor/lib/test/auto/BooleanMultiplexor.xml
3 ms. Memory: 346112K Free: 259409K (75%)
----------------- Invoking toplevel() on ptolemy.moml.MoMLSimpleApplication@e6eeb1b
----------------- Done invoking toplevel() on ptolemy.moml.MoMLSimpleApplication@e6eeb1b
reloadAllAccessors: .BooleanMultiplexor

===========================================================================================
----------------- testing Wed Jul 10 06:46:12 UTC 2019 /home/travis/build/icyphy/ptII/ptolemy/actor/lib/test/auto/BooleanMultiplexor2.xml
----------------- Instantiating /home/travis/build/icyphy/ptII/ptolemy/actor/lib/test/auto/BooleanMultiplexor2.xml
3 ms. Memory: 346112K Free: 252785K (73%)
----------------- Invoking toplevel() on ptolemy.moml.MoMLSimpleApplication@1056d0f0
----------------- Done invoking toplevel() on ptolemy.moml.MoMLSimpleApplication@1056d0f0
reloadAllAccessors: .BooleanMultiplexor2

===========================================================================================
----------------- testing Wed Jul 10 06:46:13 UTC 2019 /home/travis/build/icyphy/ptII/ptolemy/actor/lib/test/auto/BooleanMultiplexor3.xml
----------------- Instantiating /home/travis/build/icyphy/ptII/ptolemy/actor/lib/test/auto/BooleanMultiplexor3.xml
6 ms. Memory: 346112K Free: 248689K (72%)
----------------- Invoking toplevel() on ptolemy.moml.MoMLSimpleApplication@4ba3de6c
----------------- Done invoking toplevel() on ptolemy.moml.MoMLSimpleApplication@4ba3de6c
reloadAllAccessors: .BooleanMultiplexor3

===========================================================================================
----------------- testing Wed Jul 10 06:46:13 UTC 2019 /home/travis/build/icyphy/ptII/ptolemy/actor/lib/test/auto/BooleanSelect.xml
----------------- Instantiating /home/travis/build/icyphy/ptII/ptolemy/actor/lib/test/auto/BooleanSelect.xml
6 ms. Memory: 346112K Free: 243025K (70%)
----------------- Invoking toplevel() on ptolemy.moml.MoMLSimpleApplication@4b2d0fb7
----------------- Done invoking toplevel() on ptolemy.moml.MoMLSimpleApplication@4b2d0fb7
reloadAllAccessors: .BooleanSelect

===========================================================================================
----------------- testing Wed Jul 10 06:46:13 UTC 2019 /home/travis/build/icyphy/ptII/ptolemy/actor/lib/test/auto/BooleanSelect2.xml
----------------- Instantiating /home/travis/build/icyphy/ptII/ptolemy/actor/lib/test/auto/BooleanSelect2.xml
2 ms. Memory: 346112K Free: 238449K (69%)
----------------- Invoking toplevel() on ptolemy.moml.MoMLSimpleApplication@311cad26
----------------- Done invoking toplevel() on ptolemy.moml.MoMLSimpleApplication@311cad26
reloadAllAccessors: .BooleanSelect2

===========================================================================================
----------------- testing Wed Jul 10 06:46:13 UTC 2019 /home/travis/build/icyphy/ptII/ptolemy/actor/lib/test/auto/BooleanSwitch.xml
----------------- Instantiating /home/travis/build/icyphy/ptII/ptolemy/actor/lib/test/auto/BooleanSwitch.xml
8 ms. Memory: 346112K Free: 232815K (67%)
----------------- Invoking toplevel() on ptolemy.moml.MoMLSimpleApplication@5ebca58a
----------------- Done invoking toplevel() on ptolemy.moml.MoMLSimpleApplication@5ebca58a
reloadAllAccessors: .BooleanSwitch

===========================================================================================
----------------- testing Wed Jul 10 06:46:13 UTC 2019 /home/travis/build/icyphy/ptII/ptolemy/actor/lib/test/auto/BooleanSwitch2.xml
----------------- Instantiating /home/travis/build/icyphy/ptII/ptolemy/actor/lib/test/auto/BooleanSwitch2.xml
2 ms. Memory: 346112K Free: 228209K (66%)
----------------- Invoking toplevel() on ptolemy.moml.MoMLSimpleApplication@6d6f26c6
----------------- Done invoking toplevel() on ptolemy.moml.MoMLSimpleApplication@6d6f26c6
reloadAllAccessors: .BooleanSwitch2

===========================================================================================
----------------- testing Wed Jul 10 06:46:13 UTC 2019 /home/travis/build/icyphy/ptII/ptolemy/actor/lib/test/auto/BooleanSwitchCloningBugWithClassRelationGroup.xml
----------------- Instantiating /home/travis/build/icyphy/ptII/ptolemy/actor/lib/test/auto/BooleanSwitchCloningBugWithClassRelationGroup.xml
3 ms. Memory: 346112K Free: 222065K (64%)
----------------- Invoking toplevel() on ptolemy.moml.MoMLSimpleApplication@4d5a4991
----------------- Done invoking toplevel() on ptolemy.moml.MoMLSimpleApplication@4d5a4991
reloadAllAccessors: .BooleanSwitchCloningBugWithClassRelationGroup

===========================================================================================
----------------- testing Wed Jul 10 06:46:13 UTC 2019 /home/travis/build/icyphy/ptII/ptolemy/actor/lib/test/auto/BusActors.xml
----------------- Instantiating /home/travis/build/icyphy/ptII/ptolemy/actor/lib/test/auto/BusActors.xml
8 ms. Memory: 346112K Free: 213873K (62%)
----------------- Invoking toplevel() on ptolemy.moml.MoMLSimpleApplication@3f618ec7
----------------- Done invoking toplevel() on ptolemy.moml.MoMLSimpleApplication@3f618ec7
reloadAllAccessors: .BusActors

===========================================================================================
----------------- testing Wed Jul 10 06:46:13 UTC 2019 /home/travis/build/icyphy/ptII/ptolemy/actor/lib/test/auto/ClassWrapper.xml
----------------- Instantiating /home/travis/build/icyphy/ptII/ptolemy/actor/lib/test/auto/ClassWrapper.xml
5 ms. Memory: 346112K Free: 209777K (61%)
----------------- Invoking toplevel() on ptolemy.moml.MoMLSimpleApplication@6771614c
----------------- Done invoking toplevel() on ptolemy.moml.MoMLSimpleApplication@6771614c
reloadAllAccessors: .ClassWrapper

===========================================================================================
----------------- testing Wed Jul 10 06:46:13 UTC 2019 /home/travis/build/icyphy/ptII/ptolemy/actor/lib/test/auto/Clock.xml
----------------- Instantiating /home/travis/build/icyphy/ptII/ptolemy/actor/lib/test/auto/Clock.xml
4 ms. Memory: 346112K Free: 205681K (59%)
----------------- Invoking toplevel() on ptolemy.moml.MoMLSimpleApplication@785e9252
----------------- Done invoking toplevel() on ptolemy.moml.MoMLSimpleApplication@785e9252
reloadAllAccessors: .Clock

===========================================================================================
----------------- testing Wed Jul 10 06:46:13 UTC 2019 /home/travis/build/icyphy/ptII/ptolemy/actor/lib/test/auto/Clock10.xml
----------------- Instantiating /home/travis/build/icyphy/ptII/ptolemy/actor/lib/test/auto/Clock10.xml
3 ms. Memory: 346112K Free: 200047K (58%)
----------------- Invoking toplevel() on ptolemy.moml.MoMLSimpleApplication@3cb65218
----------------- Done invoking toplevel() on ptolemy.moml.MoMLSimpleApplication@3cb65218
reloadAllAccessors: .Clock10

===========================================================================================
----------------- testing Wed Jul 10 06:46:13 UTC 2019 /home/travis/build/icyphy/ptII/ptolemy/actor/lib/test/auto/Clock11.xml
----------------- Instantiating /home/travis/build/icyphy/ptII/ptolemy/actor/lib/test/auto/Clock11.xml
4 ms. Memory: 346112K Free: 193903K (56%)
----------------- Invoking toplevel() on ptolemy.moml.MoMLSimpleApplication@2def0f3b
----------------- Done invoking toplevel() on ptolemy.moml.MoMLSimpleApplication@2def0f3b
reloadAllAccessors: .Clock11

===========================================================================================
----------------- testing Wed Jul 10 06:46:13 UTC 2019 /home/travis/build/icyphy/ptII/ptolemy/actor/lib/test/auto/Clock12.xml
----------------- Instantiating /home/travis/build/icyphy/ptII/ptolemy/actor/lib/test/auto/Clock12.xml
4 ms. Memory: 346112K Free: 188273K (54%)
----------------- Invoking toplevel() on ptolemy.moml.MoMLSimpleApplication@5af179ab
----------------- Done invoking toplevel() on ptolemy.moml.MoMLSimpleApplication@5af179ab
reloadAllAccessors: .Clock12

===========================================================================================
----------------- testing Wed Jul 10 06:46:13 UTC 2019 /home/travis/build/icyphy/ptII/ptolemy/actor/lib/test/auto/Clock13.xml
----------------- Instantiating /home/travis/build/icyphy/ptII/ptolemy/actor/lib/test/auto/Clock13.xml
7 ms. Memory: 346112K Free: 182129K (53%)
----------------- Invoking toplevel() on ptolemy.moml.MoMLSimpleApplication@2f9bf111
----------------- Done invoking toplevel() on ptolemy.moml.MoMLSimpleApplication@2f9bf111
reloadAllAccessors: .Clock13

===========================================================================================
----------------- testing Wed Jul 10 06:46:13 UTC 2019 /home/travis/build/icyphy/ptII/ptolemy/actor/lib/test/auto/Clock14.xml
----------------- Instantiating /home/travis/build/icyphy/ptII/ptolemy/actor/lib/test/auto/Clock14.xml
9 ms. Memory: 346112K Free: 176465K (51%)
----------------- Invoking toplevel() on ptolemy.moml.MoMLSimpleApplication@6073e360
----------------- Done invoking toplevel() on ptolemy.moml.MoMLSimpleApplication@6073e360
reloadAllAccessors: .Clock14

===========================================================================================
----------------- testing Wed Jul 10 06:46:13 UTC 2019 /home/travis/build/icyphy/ptII/ptolemy/actor/lib/test/auto/Clock15.xml
----------------- Instantiating /home/travis/build/icyphy/ptII/ptolemy/actor/lib/test/auto/Clock15.xml
5 ms. Memory: 346112K Free: 170337K (49%)
----------------- Invoking toplevel() on ptolemy.moml.MoMLSimpleApplication@34928ed5
----------------- Done invoking toplevel() on ptolemy.moml.MoMLSimpleApplication@34928ed5
reloadAllAccessors: .Clock15

===========================================================================================
----------------- testing Wed Jul 10 06:46:13 UTC 2019 /home/travis/build/icyphy/ptII/ptolemy/actor/lib/test/auto/Clock16.xml
----------------- Instantiating /home/travis/build/icyphy/ptII/ptolemy/actor/lib/test/auto/Clock16.xml
41 ms. Memory: 346112K Free: 155505K (45%)
----------------- Invoking toplevel() on ptolemy.moml.MoMLSimpleApplication@523c1f20
----------------- Done invoking toplevel() on ptolemy.moml.MoMLSimpleApplication@523c1f20
reloadAllAccessors: .Clock16

===========================================================================================
----------------- testing Wed Jul 10 06:46:13 UTC 2019 /home/travis/build/icyphy/ptII/ptolemy/actor/lib/test/auto/Clock17.xml
----------------- Instantiating /home/travis/build/icyphy/ptII/ptolemy/actor/lib/test/auto/Clock17.xml
27 ms. Memory: 346112K Free: 141665K (41%)
----------------- Invoking toplevel() on ptolemy.moml.MoMLSimpleApplication@5fade71a
----------------- Done invoking toplevel() on ptolemy.moml.MoMLSimpleApplication@5fade71a
reloadAllAccessors: .Clock17

===========================================================================================
----------------- testing Wed Jul 10 06:46:13 UTC 2019 /home/travis/build/icyphy/ptII/ptolemy/actor/lib/test/auto/Clock18.xml
----------------- Instantiating /home/travis/build/icyphy/ptII/ptolemy/actor/lib/test/auto/Clock18.xml
23 ms. Memory: 346112K Free: 128353K (37%)
----------------- Invoking toplevel() on ptolemy.moml.MoMLSimpleApplication@4c6a9e8d
----------------- Done invoking toplevel() on ptolemy.moml.MoMLSimpleApplication@4c6a9e8d
reloadAllAccessors: .Clock18

===========================================================================================
----------------- testing Wed Jul 10 06:46:13 UTC 2019 /home/travis/build/icyphy/ptII/ptolemy/actor/lib/test/auto/Clock19.xml
----------------- Instantiating /home/travis/build/icyphy/ptII/ptolemy/actor/lib/test/auto/Clock19.xml
17 ms. Memory: 346112K Free: 115569K (33%)
----------------- Invoking toplevel() on ptolemy.moml.MoMLSimpleApplication@7e426a33
----------------- Done invoking toplevel() on ptolemy.moml.MoMLSimpleApplication@7e426a33
reloadAllAccessors: .Clock19

===========================================================================================
----------------- testing Wed Jul 10 06:46:13 UTC 2019 /home/travis/build/icyphy/ptII/ptolemy/actor/lib/test/auto/Clock2.xml
----------------- Instantiating /home/travis/build/icyphy/ptII/ptolemy/actor/lib/test/auto/Clock2.xml
4 ms. Memory: 346112K Free: 110953K (32%)
----------------- Invoking toplevel() on ptolemy.moml.MoMLSimpleApplication@195af6e1
----------------- Done invoking toplevel() on ptolemy.moml.MoMLSimpleApplication@195af6e1
reloadAllAccessors: .Clock2

===========================================================================================
----------------- testing Wed Jul 10 06:46:13 UTC 2019 /home/travis/build/icyphy/ptII/ptolemy/actor/lib/test/auto/Clock20.xml
----------------- Instantiating /home/travis/build/icyphy/ptII/ptolemy/actor/lib/test/auto/Clock20.xml
7 ms. Memory: 346112K Free: 105329K (30%)
----------------- Invoking toplevel() on ptolemy.moml.MoMLSimpleApplication@631f8e1e
----------------- Done invoking toplevel() on ptolemy.moml.MoMLSimpleApplication@631f8e1e
reloadAllAccessors: .Clock20

===========================================================================================
----------------- testing Wed Jul 10 06:46:13 UTC 2019 /home/travis/build/icyphy/ptII/ptolemy/actor/lib/test/auto/Clock21.xml
----------------- Instantiating /home/travis/build/icyphy/ptII/ptolemy/actor/lib/test/auto/Clock21.xml
5 ms. Memory: 346112K Free: 100209K (29%)
----------------- Invoking toplevel() on ptolemy.moml.MoMLSimpleApplication@4e0bc6bb
----------------- Done invoking toplevel() on ptolemy.moml.MoMLSimpleApplication@4e0bc6bb
reloadAllAccessors: .Clock21

===========================================================================================
----------------- testing Wed Jul 10 06:46:13 UTC 2019 /home/travis/build/icyphy/ptII/ptolemy/actor/lib/test/auto/Clock22.xml
----------------- Instantiating /home/travis/build/icyphy/ptII/ptolemy/actor/lib/test/auto/Clock22.xml
6 ms. Memory: 618496K Free: 565246K (91%)
----------------- Invoking toplevel() on ptolemy.moml.MoMLSimpleApplication@21728615
----------------- Done invoking toplevel() on ptolemy.moml.MoMLSimpleApplication@21728615
reloadAllAccessors: .Clock22

===========================================================================================
----------------- testing Wed Jul 10 06:46:13 UTC 2019 /home/travis/build/icyphy/ptII/ptolemy/actor/lib/test/auto/Clock23.xml
----------------- Instantiating /home/travis/build/icyphy/ptII/ptolemy/actor/lib/test/auto/Clock23.xml
5 ms. Memory: 618496K Free: 560126K (91%)
----------------- Invoking toplevel() on ptolemy.moml.MoMLSimpleApplication@46448512
----------------- Done invoking toplevel() on ptolemy.moml.MoMLSimpleApplication@46448512
reloadAllAccessors: .Clock23

===========================================================================================
----------------- testing Wed Jul 10 06:46:13 UTC 2019 /home/travis/build/icyphy/ptII/ptolemy/actor/lib/test/auto/Clock24.xml
----------------- Instantiating /home/travis/build/icyphy/ptII/ptolemy/actor/lib/test/auto/Clock24.xml
5 ms. Memory: 618496K Free: 554496K (90%)
----------------- Invoking toplevel() on ptolemy.moml.MoMLSimpleApplication@3252755d
----------------- Done invoking toplevel() on ptolemy.moml.MoMLSimpleApplication@3252755d
reloadAllAccessors: .Clock24

===========================================================================================
----------------- testing Wed Jul 10 06:46:13 UTC 2019 /home/travis/build/icyphy/ptII/ptolemy/actor/lib/test/auto/Clock4.xml
----------------- Instantiating /home/travis/build/icyphy/ptII/ptolemy/actor/lib/test/auto/Clock4.xml
2 ms. Memory: 618496K Free: 549871K (89%)
----------------- Invoking toplevel() on ptolemy.moml.MoMLSimpleApplication@28f9df19
----------------- Done invoking toplevel() on ptolemy.moml.MoMLSimpleApplication@28f9df19
reloadAllAccessors: .Clock4

===========================================================================================
----------------- testing Wed Jul 10 06:46:13 UTC 2019 /home/travis/build/icyphy/ptII/ptolemy/actor/lib/test/auto/Clock5.xml
----------------- Instantiating /home/travis/build/icyphy/ptII/ptolemy/actor/lib/test/auto/Clock5.xml
2 ms. Memory: 618496K Free: 544256K (88%)
----------------- Invoking toplevel() on ptolemy.moml.MoMLSimpleApplication@66a06389
----------------- Done invoking toplevel() on ptolemy.moml.MoMLSimpleApplication@66a06389
reloadAllAccessors: .Clock5

===========================================================================================
----------------- testing Wed Jul 10 06:46:13 UTC 2019 /home/travis/build/icyphy/ptII/ptolemy/actor/lib/test/auto/Clock6.xml
----------------- Instantiating /home/travis/build/icyphy/ptII/ptolemy/actor/lib/test/auto/Clock6.xml
4 ms. Memory: 618496K Free: 539646K (87%)
----------------- Invoking toplevel() on ptolemy.moml.MoMLSimpleApplication@38f5f583
----------------- Done invoking toplevel() on ptolemy.moml.MoMLSimpleApplication@38f5f583
reloadAllAccessors: .Clock6

===========================================================================================
----------------- testing Wed Jul 10 06:46:13 UTC 2019 /home/travis/build/icyphy/ptII/ptolemy/actor/lib/test/auto/Clock7.xml
----------------- Instantiating /home/travis/build/icyphy/ptII/ptolemy/actor/lib/test/auto/Clock7.xml
2 ms. Memory: 618496K Free: 535550K (87%)
----------------- Invoking toplevel() on ptolemy.moml.MoMLSimpleApplication@72e0bf2d
----------------- Done invoking toplevel() on ptolemy.moml.MoMLSimpleApplication@72e0bf2d
reloadAllAccessors: .Clock7

===========================================================================================
----------------- testing Wed Jul 10 06:46:13 UTC 2019 /home/travis/build/icyphy/ptII/ptolemy/actor/lib/test/auto/Clock8.xml
----------------- Instantiating /home/travis/build/icyphy/ptII/ptolemy/actor/lib/test/auto/Clock8.xml
6 ms. Memory: 618496K Free: 529920K (86%)
----------------- Invoking toplevel() on ptolemy.moml.MoMLSimpleApplication@5afdcc74
----------------- Done invoking toplevel() on ptolemy.moml.MoMLSimpleApplication@5afdcc74
reloadAllAccessors: .Clock8

===========================================================================================
----------------- testing Wed Jul 10 06:46:14 UTC 2019 /home/travis/build/icyphy/ptII/ptolemy/actor/lib/test/auto/Clock9.xml
----------------- Instantiating /home/travis/build/icyphy/ptII/ptolemy/actor/lib/test/auto/Clock9.xml
6 ms. Memory: 618496K Free: 524800K (85%)
----------------- Invoking toplevel() on ptolemy.moml.MoMLSimpleApplication@55dfffb
----------------- Done invoking toplevel() on ptolemy.moml.MoMLSimpleApplication@55dfffb
reloadAllAccessors: .Clock9

===========================================================================================
----------------- testing Wed Jul 10 06:46:14 UTC 2019 /home/travis/build/icyphy/ptII/ptolemy/actor/lib/test/auto/CommDistDiscard.xml
----------------- Instantiating /home/travis/build/icyphy/ptII/ptolemy/actor/lib/test/auto/CommDistDiscard.xml
2 ms. Memory: 618496K Free: 519166K (84%)
----------------- Invoking toplevel() on ptolemy.moml.MoMLSimpleApplication@405a4f0f
----------------- Done invoking toplevel() on ptolemy.moml.MoMLSimpleApplication@405a4f0f
reloadAllAccessors: .CommDistDiscard

===========================================================================================
----------------- testing Wed Jul 10 06:46:14 UTC 2019 /home/travis/build/icyphy/ptII/ptolemy/actor/lib/test/auto/Commutator.xml
----------------- Instantiating /home/travis/build/icyphy/ptII/ptolemy/actor/lib/test/auto/Commutator.xml
2 ms. Memory: 618496K Free: 514560K (83%)
----------------- Invoking toplevel() on ptolemy.moml.MoMLSimpleApplication@258555fa
----------------- Done invoking toplevel() on ptolemy.moml.MoMLSimpleApplication@258555fa
reloadAllAccessors: .Commutator

===========================================================================================
----------------- testing Wed Jul 10 06:46:14 UTC 2019 /home/travis/build/icyphy/ptII/ptolemy/actor/lib/test/auto/Commutator2.xml
----------------- Instantiating /home/travis/build/icyphy/ptII/ptolemy/actor/lib/test/auto/Commutator2.xml
2 ms. Memory: 618496K Free: 510464K (83%)
----------------- Invoking toplevel() on ptolemy.moml.MoMLSimpleApplication@63e6e5cc
----------------- Done invoking toplevel() on ptolemy.moml.MoMLSimpleApplication@63e6e5cc
reloadAllAccessors: .Commutator2

===========================================================================================
----------------- testing Wed Jul 10 06:46:14 UTC 2019 /home/travis/build/icyphy/ptII/ptolemy/actor/lib/test/auto/Commutator3.xml
----------------- Instantiating /home/travis/build/icyphy/ptII/ptolemy/actor/lib/test/auto/Commutator3.xml
3 ms. Memory: 618496K Free: 505854K (82%)
----------------- Invoking toplevel() on ptolemy.moml.MoMLSimpleApplication@1d8d3e3f
----------------- Done invoking toplevel() on ptolemy.moml.MoMLSimpleApplication@1d8d3e3f
reloadAllAccessors: .Commutator3

===========================================================================================
----------------- testing Wed Jul 10 06:46:14 UTC 2019 /home/travis/build/icyphy/ptII/ptolemy/actor/lib/test/auto/Compare.xml
----------------- Instantiating /home/travis/build/icyphy/ptII/ptolemy/actor/lib/test/auto/Compare.xml
2 ms. Memory: 618496K Free: 499710K (81%)
----------------- Invoking toplevel() on ptolemy.moml.MoMLSimpleApplication@2072c899
----------------- Done invoking toplevel() on ptolemy.moml.MoMLSimpleApplication@2072c899
reloadAllAccessors: .Compare

===========================================================================================
----------------- testing Wed Jul 10 06:46:14 UTC 2019 /home/travis/build/icyphy/ptII/ptolemy/actor/lib/test/auto/CompareDE.xml
----------------- Instantiating /home/travis/build/icyphy/ptII/ptolemy/actor/lib/test/auto/CompareDE.xml
6 ms. Memory: 618496K Free: 492542K (80%)
----------------- Invoking toplevel() on ptolemy.moml.MoMLSimpleApplication@2335456
----------------- Done invoking toplevel() on ptolemy.moml.MoMLSimpleApplication@2335456
reloadAllAccessors: .CompareDE

===========================================================================================
----------------- testing Wed Jul 10 06:46:14 UTC 2019 /home/travis/build/icyphy/ptII/ptolemy/actor/lib/test/auto/ComplexDivide.xml
----------------- Instantiating /home/travis/build/icyphy/ptII/ptolemy/actor/lib/test/auto/ComplexDivide.xml
2 ms. Memory: 618496K Free: 488446K (79%)
----------------- Invoking toplevel() on ptolemy.moml.MoMLSimpleApplication@3c96d42d
----------------- Done invoking toplevel() on ptolemy.moml.MoMLSimpleApplication@3c96d42d
reloadAllAccessors: .ComplexDivide

===========================================================================================
----------------- testing Wed Jul 10 06:46:14 UTC 2019 /home/travis/build/icyphy/ptII/ptolemy/actor/lib/test/auto/ComputeHistogram.xml
----------------- Instantiating /home/travis/build/icyphy/ptII/ptolemy/actor/lib/test/auto/ComputeHistogram.xml
41 ms. Memory: 618496K Free: 476158K (77%)
----------------- Invoking toplevel() on ptolemy.moml.MoMLSimpleApplication@2c47c7bb
----------------- Done invoking toplevel() on ptolemy.moml.MoMLSimpleApplication@2c47c7bb
reloadAllAccessors: .ComputeHistogram

===========================================================================================
----------------- testing Wed Jul 10 06:46:14 UTC 2019 /home/travis/build/icyphy/ptII/ptolemy/actor/lib/test/auto/ConfigurationSelect.xml
----------------- Instantiating /home/travis/build/icyphy/ptII/ptolemy/actor/lib/test/auto/ConfigurationSelect.xml
8 ms. Memory: 618496K Free: 470528K (76%)
----------------- Invoking toplevel() on ptolemy.moml.MoMLSimpleApplication@18e9b841
----------------- Done invoking toplevel() on ptolemy.moml.MoMLSimpleApplication@18e9b841
reloadAllAccessors: .ConfigurationSelect

===========================================================================================
----------------- testing Wed Jul 10 06:46:14 UTC 2019 /home/travis/build/icyphy/ptII/ptolemy/actor/lib/test/auto/ConfigurationSelect2.xml
----------------- Instantiating /home/travis/build/icyphy/ptII/ptolemy/actor/lib/test/auto/ConfigurationSelect2.xml
2 ms. Memory: 618496K Free: 466432K (75%)
----------------- Invoking toplevel() on ptolemy.moml.MoMLSimpleApplication@23c94f39
----------------- Done invoking toplevel() on ptolemy.moml.MoMLSimpleApplication@23c94f39
reloadAllAccessors: .ConfigurationSelect2

===========================================================================================
----------------- testing Wed Jul 10 06:46:14 UTC 2019 /home/travis/build/icyphy/ptII/ptolemy/actor/lib/test/auto/ConfigurationSwitch.xml
----------------- Instantiating /home/travis/build/icyphy/ptII/ptolemy/actor/lib/test/auto/ConfigurationSwitch.xml
2 ms. Memory: 618496K Free: 460798K (75%)
----------------- Invoking toplevel() on ptolemy.moml.MoMLSimpleApplication@734333be
----------------- Done invoking toplevel() on ptolemy.moml.MoMLSimpleApplication@734333be
reloadAllAccessors: .ConfigurationSwitch

===========================================================================================
----------------- testing Wed Jul 10 06:46:14 UTC 2019 /home/travis/build/icyphy/ptII/ptolemy/actor/lib/test/auto/ConfigurationSwitch2.xml
----------------- Instantiating /home/travis/build/icyphy/ptII/ptolemy/actor/lib/test/auto/ConfigurationSwitch2.xml
4 ms. Memory: 618496K Free: 455168K (74%)
----------------- Invoking toplevel() on ptolemy.moml.MoMLSimpleApplication@79827a40
----------------- Done invoking toplevel() on ptolemy.moml.MoMLSimpleApplication@79827a40
reloadAllAccessors: .ConfigurationSwitch2

===========================================================================================
----------------- testing Wed Jul 10 06:46:14 UTC 2019 /home/travis/build/icyphy/ptII/ptolemy/actor/lib/test/auto/ConfigurationSwitchCloningBugWithClassRelationGroup.xml
----------------- Instantiating /home/travis/build/icyphy/ptII/ptolemy/actor/lib/test/auto/ConfigurationSwitchCloningBugWithClassRelationGroup.xml
2 ms. Memory: 618496K Free: 448510K (73%)
----------------- Invoking toplevel() on ptolemy.moml.MoMLSimpleApplication@677bd0c6
----------------- Done invoking toplevel() on ptolemy.moml.MoMLSimpleApplication@677bd0c6
reloadAllAccessors: .ConfigurationSwitchCloningBugWithClassRelationGroup

===========================================================================================
----------------- testing Wed Jul 10 06:46:14 UTC 2019 /home/travis/build/icyphy/ptII/ptolemy/actor/lib/test/auto/ConfigurationSwitchSelectSDF.xml
----------------- Instantiating /home/travis/build/icyphy/ptII/ptolemy/actor/lib/test/auto/ConfigurationSwitchSelectSDF.xml
3 ms. Memory: 618496K Free: 442366K (72%)
----------------- Invoking toplevel() on ptolemy.moml.MoMLSimpleApplication@4e49faaf
----------------- Done invoking toplevel() on ptolemy.moml.MoMLSimpleApplication@4e49faaf
reloadAllAccessors: .ConfigurationSwitchSelectSDF

===========================================================================================
----------------- testing Wed Jul 10 06:46:14 UTC 2019 /home/travis/build/icyphy/ptII/ptolemy/actor/lib/test/auto/ConfigurationSwitchSelectSDF2.xml
----------------- Instantiating /home/travis/build/icyphy/ptII/ptolemy/actor/lib/test/auto/ConfigurationSwitchSelectSDF2.xml
2 ms. Memory: 618496K Free: 436736K (71%)
----------------- Invoking toplevel() on ptolemy.moml.MoMLSimpleApplication@6150a94
----------------- Done invoking toplevel() on ptolemy.moml.MoMLSimpleApplication@6150a94
reloadAllAccessors: .ConfigurationSwitchSelectSDF2

===========================================================================================
----------------- testing Wed Jul 10 06:46:14 UTC 2019 /home/travis/build/icyphy/ptII/ptolemy/actor/lib/test/auto/Const.xml
----------------- Instantiating /home/travis/build/icyphy/ptII/ptolemy/actor/lib/test/auto/Const.xml
1 ms. Memory: 618496K Free: 433664K (70%)
----------------- Invoking toplevel() on ptolemy.moml.MoMLSimpleApplication@2acfee3f
----------------- Done invoking toplevel() on ptolemy.moml.MoMLSimpleApplication@2acfee3f
reloadAllAccessors: .Const

===========================================================================================
----------------- testing Wed Jul 10 06:46:14 UTC 2019 /home/travis/build/icyphy/ptII/ptolemy/actor/lib/test/auto/Const2.xml
----------------- Instantiating /home/travis/build/icyphy/ptII/ptolemy/actor/lib/test/auto/Const2.xml
1 ms. Memory: 618496K Free: 429568K (69%)
----------------- Invoking toplevel() on ptolemy.moml.MoMLSimpleApplication@14b04b08
----------------- Done invoking toplevel() on ptolemy.moml.MoMLSimpleApplication@14b04b08
reloadAllAccessors: .Const2

===========================================================================================
----------------- testing Wed Jul 10 06:46:14 UTC 2019 /home/travis/build/icyphy/ptII/ptolemy/actor/lib/test/auto/Const3.xml
----------------- Instantiating /home/travis/build/icyphy/ptII/ptolemy/actor/lib/test/auto/Const3.xml
1 ms. Memory: 618496K Free: 427006K (69%)
----------------- Invoking toplevel() on ptolemy.moml.MoMLSimpleApplication@7803ca07
----------------- Done invoking toplevel() on ptolemy.moml.MoMLSimpleApplication@7803ca07
reloadAllAccessors: .Const3

===========================================================================================
----------------- testing Wed Jul 10 06:46:14 UTC 2019 /home/travis/build/icyphy/ptII/ptolemy/actor/lib/test/auto/ConstantPublisherPort1.xml
----------------- Instantiating /home/travis/build/icyphy/ptII/ptolemy/actor/lib/test/auto/ConstantPublisherPort1.xml
6 ms. Memory: 618496K Free: 417790K (68%)
----------------- Invoking toplevel() on ptolemy.moml.MoMLSimpleApplication@5978da84
----------------- Done invoking toplevel() on ptolemy.moml.MoMLSimpleApplication@5978da84
reloadAllAccessors: .ConstantPublisherPort1

===========================================================================================
----------------- testing Wed Jul 10 06:46:14 UTC 2019 /home/travis/build/icyphy/ptII/ptolemy/actor/lib/test/auto/ConstantPublisherPort2.xml
----------------- Instantiating /home/travis/build/icyphy/ptII/ptolemy/actor/lib/test/auto/ConstantPublisherPort2.xml
12 ms. Memory: 618496K Free: 410112K (66%)
----------------- Invoking toplevel() on ptolemy.moml.MoMLSimpleApplication@3dfbbbae
----------------- Done invoking toplevel() on ptolemy.moml.MoMLSimpleApplication@3dfbbbae
reloadAllAccessors: .ConstantPublisherPort2

===========================================================================================
----------------- testing Wed Jul 10 06:46:14 UTC 2019 /home/travis/build/icyphy/ptII/ptolemy/actor/lib/test/auto/ConstantPublisherPort3.xml
----------------- Instantiating /home/travis/build/icyphy/ptII/ptolemy/actor/lib/test/auto/ConstantPublisherPort3.xml
6 ms. Memory: 618496K Free: 402944K (65%)
----------------- Invoking toplevel() on ptolemy.moml.MoMLSimpleApplication@463c2e27
----------------- Done invoking toplevel() on ptolemy.moml.MoMLSimpleApplication@463c2e27
reloadAllAccessors: .ConstantPublisherPort3

===========================================================================================
----------------- testing Wed Jul 10 06:46:14 UTC 2019 /home/travis/build/icyphy/ptII/ptolemy/actor/lib/test/auto/ConstantPublisherPort4.xml
----------------- Instantiating /home/travis/build/icyphy/ptII/ptolemy/actor/lib/test/auto/ConstantPublisherPort4.xml
6 ms. Memory: 618496K Free: 395776K (64%)
----------------- Invoking toplevel() on ptolemy.moml.MoMLSimpleApplication@35725cb9
----------------- Done invoking toplevel() on ptolemy.moml.MoMLSimpleApplication@35725cb9
reloadAllAccessors: .ConstantPublisherPort4

===========================================================================================
----------------- testing Wed Jul 10 06:46:14 UTC 2019 /home/travis/build/icyphy/ptII/ptolemy/actor/lib/test/auto/ConstantPublisherPort5.xml
----------------- Instantiating /home/travis/build/icyphy/ptII/ptolemy/actor/lib/test/auto/ConstantPublisherPort5.xml
34 ms. Memory: 618496K Free: 386046K (62%)
----------------- Invoking toplevel() on ptolemy.moml.MoMLSimpleApplication@9ad133e
----------------- Done invoking toplevel() on ptolemy.moml.MoMLSimpleApplication@9ad133e
reloadAllAccessors: .ConstantPublisherPort5

===========================================================================================
----------------- testing Wed Jul 10 06:46:14 UTC 2019 /home/travis/build/icyphy/ptII/ptolemy/actor/lib/test/auto/ConstantPublisherPort6.xml
----------------- Instantiating /home/travis/build/icyphy/ptII/ptolemy/actor/lib/test/auto/ConstantPublisherPort6.xml
14 ms. Memory: 618496K Free: 377344K (61%)
----------------- Invoking toplevel() on ptolemy.moml.MoMLSimpleApplication@43c0b8f4
----------------- Done invoking toplevel() on ptolemy.moml.MoMLSimpleApplication@43c0b8f4
reloadAllAccessors: .ConstantPublisherPort6

===========================================================================================
----------------- testing Wed Jul 10 06:46:14 UTC 2019 /home/travis/build/icyphy/ptII/ptolemy/actor/lib/test/auto/ConstantPublisherPort7.xml
----------------- Instantiating /home/travis/build/icyphy/ptII/ptolemy/actor/lib/test/auto/ConstantPublisherPort7.xml
17 ms. Memory: 618496K Free: 368128K (60%)
----------------- Invoking toplevel() on ptolemy.moml.MoMLSimpleApplication@2f0dc394
----------------- Done invoking toplevel() on ptolemy.moml.MoMLSimpleApplication@2f0dc394
reloadAllAccessors: .ConstantPublisherPort7

===========================================================================================
----------------- testing Wed Jul 10 06:46:14 UTC 2019 /home/travis/build/icyphy/ptII/ptolemy/actor/lib/test/auto/ConstraintMonitor1.xml
----------------- Instantiating /home/travis/build/icyphy/ptII/ptolemy/actor/lib/test/auto/ConstraintMonitor1.xml
7 ms. Memory: 618496K Free: 363008K (59%)
----------------- Invoking toplevel() on ptolemy.moml.MoMLSimpleApplication@693a728
----------------- Done invoking toplevel() on ptolemy.moml.MoMLSimpleApplication@693a728
reloadAllAccessors: .ConstraintMonitor1

===========================================================================================
----------------- testing Wed Jul 10 06:46:14 UTC 2019 /home/travis/build/icyphy/ptII/ptolemy/actor/lib/test/auto/ConstraintMonitor2.xml
----------------- Instantiating /home/travis/build/icyphy/ptII/ptolemy/actor/lib/test/auto/ConstraintMonitor2.xml
3 ms. Memory: 618496K Free: 358912K (58%)
----------------- Invoking toplevel() on ptolemy.moml.MoMLSimpleApplication@54357586
----------------- Done invoking toplevel() on ptolemy.moml.MoMLSimpleApplication@54357586
reloadAllAccessors: .ConstraintMonitor2

===========================================================================================
----------------- testing Wed Jul 10 06:46:14 UTC 2019 /home/travis/build/icyphy/ptII/ptolemy/actor/lib/test/auto/ConstraintMonitor3.xml
----------------- Instantiating /home/travis/build/icyphy/ptII/ptolemy/actor/lib/test/auto/ConstraintMonitor3.xml
4 ms. Memory: 618496K Free: 353792K (57%)
----------------- Invoking toplevel() on ptolemy.moml.MoMLSimpleApplication@66c1e1e8
----------------- Done invoking toplevel() on ptolemy.moml.MoMLSimpleApplication@66c1e1e8
reloadAllAccessors: .ConstraintMonitor3

===========================================================================================
----------------- testing Wed Jul 10 06:46:14 UTC 2019 /home/travis/build/icyphy/ptII/ptolemy/actor/lib/test/auto/ConstraintMonitor4.xml
----------------- Instantiating /home/travis/build/icyphy/ptII/ptolemy/actor/lib/test/auto/ConstraintMonitor4.xml
2 ms. Memory: 618496K Free: 348672K (56%)
----------------- Invoking toplevel() on ptolemy.moml.MoMLSimpleApplication@7ba62a63
----------------- Done invoking toplevel() on ptolemy.moml.MoMLSimpleApplication@7ba62a63
reloadAllAccessors: .ConstraintMonitor4

===========================================================================================
----------------- testing Wed Jul 10 06:46:14 UTC 2019 /home/travis/build/icyphy/ptII/ptolemy/actor/lib/test/auto/ConstraintMonitor5.xml
----------------- Instantiating /home/travis/build/icyphy/ptII/ptolemy/actor/lib/test/auto/ConstraintMonitor5.xml
5 ms. Memory: 618496K Free: 344062K (56%)
----------------- Invoking toplevel() on ptolemy.moml.MoMLSimpleApplication@78c8232f
----------------- Done invoking toplevel() on ptolemy.moml.MoMLSimpleApplication@78c8232f
reloadAllAccessors: .ConstraintMonitor5

===========================================================================================
----------------- testing Wed Jul 10 06:46:14 UTC 2019 /home/travis/build/icyphy/ptII/ptolemy/actor/lib/test/auto/ConstraintMonitor6.xml
----------------- Instantiating /home/travis/build/icyphy/ptII/ptolemy/actor/lib/test/auto/ConstraintMonitor6.xml
6 ms. Memory: 618496K Free: 337911K (55%)
----------------- Invoking toplevel() on ptolemy.moml.MoMLSimpleApplication@2b16e7cd
----------------- Done invoking toplevel() on ptolemy.moml.MoMLSimpleApplication@2b16e7cd
reloadAllAccessors: .ConstraintMonitor6

===========================================================================================
----------------- testing Wed Jul 10 06:46:15 UTC 2019 /home/travis/build/icyphy/ptII/ptolemy/actor/lib/test/auto/ConstraintMonitor7.xml
----------------- Instantiating /home/travis/build/icyphy/ptII/ptolemy/actor/lib/test/auto/ConstraintMonitor7.xml
4 ms. Memory: 618496K Free: 331264K (54%)
----------------- Invoking toplevel() on ptolemy.moml.MoMLSimpleApplication@7726449d
----------------- Done invoking toplevel() on ptolemy.moml.MoMLSimpleApplication@7726449d
reloadAllAccessors: .ConstraintMonitor7

===========================================================================================
----------------- testing Wed Jul 10 06:46:15 UTC 2019 /home/travis/build/icyphy/ptII/ptolemy/actor/lib/test/auto/ConstraintMonitor8.xml
----------------- Instantiating /home/travis/build/icyphy/ptII/ptolemy/actor/lib/test/auto/ConstraintMonitor8.xml
6 ms. Memory: 618496K Free: 324096K (52%)
----------------- Invoking toplevel() on ptolemy.moml.MoMLSimpleApplication@7d1eb217
----------------- Done invoking toplevel() on ptolemy.moml.MoMLSimpleApplication@7d1eb217
reloadAllAccessors: .ConstraintMonitor8

===========================================================================================
----------------- testing Wed Jul 10 06:46:15 UTC 2019 /home/travis/build/icyphy/ptII/ptolemy/actor/lib/test/auto/Counter.xml
----------------- Instantiating /home/travis/build/icyphy/ptII/ptolemy/actor/lib/test/auto/Counter.xml
3 ms. Memory: 618496K Free: 318976K (52%)
----------------- Invoking toplevel() on ptolemy.moml.MoMLSimpleApplication@63d244df
----------------- Done invoking toplevel() on ptolemy.moml.MoMLSimpleApplication@63d244df
reloadAllAccessors: .Counter

===========================================================================================
----------------- testing Wed Jul 10 06:46:15 UTC 2019 /home/travis/build/icyphy/ptII/ptolemy/actor/lib/test/auto/CurrentTimeSDF.xml
----------------- Instantiating /home/travis/build/icyphy/ptII/ptolemy/actor/lib/test/auto/CurrentTimeSDF.xml
2 ms. Memory: 618496K Free: 314880K (51%)
----------------- Invoking toplevel() on ptolemy.moml.MoMLSimpleApplication@fde9567
----------------- Done invoking toplevel() on ptolemy.moml.MoMLSimpleApplication@fde9567
reloadAllAccessors: .CurrentTimeSDF

===========================================================================================
----------------- testing Wed Jul 10 06:46:15 UTC 2019 /home/travis/build/icyphy/ptII/ptolemy/actor/lib/test/auto/DB.xml
----------------- Instantiating /home/travis/build/icyphy/ptII/ptolemy/actor/lib/test/auto/DB.xml
3 ms. Memory: 618496K Free: 310270K (50%)
----------------- Invoking toplevel() on ptolemy.moml.MoMLSimpleApplication@3a7cb158
----------------- Done invoking toplevel() on ptolemy.moml.MoMLSimpleApplication@3a7cb158
reloadAllAccessors: .DB

===========================================================================================
----------------- testing Wed Jul 10 06:46:15 UTC 2019 /home/travis/build/icyphy/ptII/ptolemy/actor/lib/test/auto/DBDE.xml
----------------- Instantiating /home/travis/build/icyphy/ptII/ptolemy/actor/lib/test/auto/DBDE.xml
3 ms. Memory: 618496K Free: 304111K (49%)
----------------- Invoking toplevel() on ptolemy.moml.MoMLSimpleApplication@61743473
----------------- Done invoking toplevel() on ptolemy.moml.MoMLSimpleApplication@61743473
reloadAllAccessors: .DBDE

===========================================================================================
----------------- testing Wed Jul 10 06:46:15 UTC 2019 /home/travis/build/icyphy/ptII/ptolemy/actor/lib/test/auto/DateConstructor.xml
----------------- Instantiating /home/travis/build/icyphy/ptII/ptolemy/actor/lib/test/auto/DateConstructor.xml
31 ms. Memory: 618496K Free: 286208K (46%)
----------------- Invoking toplevel() on ptolemy.moml.MoMLSimpleApplication@2cbb7910
----------------- Done invoking toplevel() on ptolemy.moml.MoMLSimpleApplication@2cbb7910
reloadAllAccessors: .DateConstructor

===========================================================================================
----------------- testing Wed Jul 10 06:46:15 UTC 2019 /home/travis/build/icyphy/ptII/ptolemy/actor/lib/test/auto/DelayTime.xml
----------------- Instantiating /home/travis/build/icyphy/ptII/ptolemy/actor/lib/test/auto/DelayTime.xml
7 ms. Memory: 618496K Free: 281088K (45%)
----------------- Invoking toplevel() on ptolemy.moml.MoMLSimpleApplication@74676358
----------------- Done invoking toplevel() on ptolemy.moml.MoMLSimpleApplication@74676358
reloadAllAccessors: .DelayTime

===========================================================================================
----------------- testing Wed Jul 10 06:46:15 UTC 2019 /home/travis/build/icyphy/ptII/ptolemy/actor/lib/test/auto/Dictionary1.xml
----------------- Instantiating /home/travis/build/icyphy/ptII/ptolemy/actor/lib/test/auto/Dictionary1.xml
2 ms. Memory: 618496K Free: 275968K (45%)
----------------- Invoking toplevel() on ptolemy.moml.MoMLSimpleApplication@782b9c51
----------------- Done invoking toplevel() on ptolemy.moml.MoMLSimpleApplication@782b9c51
reloadAllAccessors: .Dictionary1

===========================================================================================
----------------- testing Wed Jul 10 06:46:15 UTC 2019 /home/travis/build/icyphy/ptII/ptolemy/actor/lib/test/auto/Dictionary2.xml
----------------- Instantiating /home/travis/build/icyphy/ptII/ptolemy/actor/lib/test/auto/Dictionary2.xml
4 ms. Memory: 618496K Free: 270334K (44%)
----------------- Invoking toplevel() on ptolemy.moml.MoMLSimpleApplication@564e6eb
----------------- Done invoking toplevel() on ptolemy.moml.MoMLSimpleApplication@564e6eb
reloadAllAccessors: .Dictionary2

===========================================================================================
----------------- testing Wed Jul 10 06:46:15 UTC 2019 /home/travis/build/icyphy/ptII/ptolemy/actor/lib/test/auto/Dictionary3.xml
----------------- Instantiating /home/travis/build/icyphy/ptII/ptolemy/actor/lib/test/auto/Dictionary3.xml
2 ms. Memory: 618496K Free: 264704K (43%)
----------------- Invoking toplevel() on ptolemy.moml.MoMLSimpleApplication@4ee924fa
----------------- Done invoking toplevel() on ptolemy.moml.MoMLSimpleApplication@4ee924fa
reloadAllAccessors: .Dictionary3

===========================================================================================
----------------- testing Wed Jul 10 06:46:15 UTC 2019 /home/travis/build/icyphy/ptII/ptolemy/actor/lib/test/auto/Dictionary4.xml
----------------- Instantiating /home/travis/build/icyphy/ptII/ptolemy/actor/lib/test/auto/Dictionary4.xml
5 ms. Memory: 618496K Free: 258039K (42%)
----------------- Invoking toplevel() on ptolemy.moml.MoMLSimpleApplication@73fb6bea
----------------- Done invoking toplevel() on ptolemy.moml.MoMLSimpleApplication@73fb6bea
reloadAllAccessors: .Dictionary4

===========================================================================================
----------------- testing Wed Jul 10 06:46:15 UTC 2019 /home/travis/build/icyphy/ptII/ptolemy/actor/lib/test/auto/Differential.xml
----------------- Instantiating /home/travis/build/icyphy/ptII/ptolemy/actor/lib/test/auto/Differential.xml
3 ms. Memory: 618496K Free: 253440K (41%)
----------------- Invoking toplevel() on ptolemy.moml.MoMLSimpleApplication@52a505ae
----------------- Done invoking toplevel() on ptolemy.moml.MoMLSimpleApplication@52a505ae
reloadAllAccessors: .Differential

===========================================================================================
----------------- testing Wed Jul 10 06:46:15 UTC 2019 /home/travis/build/icyphy/ptII/ptolemy/actor/lib/test/auto/Director.xml
----------------- Instantiating /home/travis/build/icyphy/ptII/ptolemy/actor/lib/test/auto/Director.xml
2 ms. Memory: 618496K Free: 249854K (40%)
----------------- Invoking toplevel() on ptolemy.moml.MoMLSimpleApplication@3aa426f5
----------------- Done invoking toplevel() on ptolemy.moml.MoMLSimpleApplication@3aa426f5
reloadAllAccessors: .Director

===========================================================================================
----------------- testing Wed Jul 10 06:46:15 UTC 2019 /home/travis/build/icyphy/ptII/ptolemy/actor/lib/test/auto/DiscreteClock.xml
----------------- Instantiating /home/travis/build/icyphy/ptII/ptolemy/actor/lib/test/auto/DiscreteClock.xml
1 ms. Memory: 618496K Free: 245758K (40%)
----------------- Invoking toplevel() on ptolemy.moml.MoMLSimpleApplication@75c67839
----------------- Done invoking toplevel() on ptolemy.moml.MoMLSimpleApplication@75c67839
reloadAllAccessors: .DiscreteClock

===========================================================================================
----------------- testing Wed Jul 10 06:46:15 UTC 2019 /home/travis/build/icyphy/ptII/ptolemy/actor/lib/test/auto/DiscreteClock10.xml
----------------- Instantiating /home/travis/build/icyphy/ptII/ptolemy/actor/lib/test/auto/DiscreteClock10.xml
4 ms. Memory: 618496K Free: 240128K (39%)
----------------- Invoking toplevel() on ptolemy.moml.MoMLSimpleApplication@2e060c97
----------------- Done invoking toplevel() on ptolemy.moml.MoMLSimpleApplication@2e060c97
reloadAllAccessors: .DiscreteClock10

===========================================================================================
----------------- testing Wed Jul 10 06:46:15 UTC 2019 /home/travis/build/icyphy/ptII/ptolemy/actor/lib/test/auto/DiscreteClock11.xml
----------------- Instantiating /home/travis/build/icyphy/ptII/ptolemy/actor/lib/test/auto/DiscreteClock11.xml
2 ms. Memory: 618496K Free: 566272K (92%)
----------------- Invoking toplevel() on ptolemy.moml.MoMLSimpleApplication@69274f55
----------------- Done invoking toplevel() on ptolemy.moml.MoMLSimpleApplication@69274f55
reloadAllAccessors: .DiscreteClock11

===========================================================================================
----------------- testing Wed Jul 10 06:46:15 UTC 2019 /home/travis/build/icyphy/ptII/ptolemy/actor/lib/test/auto/DiscreteClock12.xml
----------------- Instantiating /home/travis/build/icyphy/ptII/ptolemy/actor/lib/test/auto/DiscreteClock12.xml
3 ms. Memory: 618496K Free: 560128K (91%)
----------------- Invoking toplevel() on ptolemy.moml.MoMLSimpleApplication@1706922b
----------------- Done invoking toplevel() on ptolemy.moml.MoMLSimpleApplication@1706922b
reloadAllAccessors: .DiscreteClock12

===========================================================================================
----------------- testing Wed Jul 10 06:46:15 UTC 2019 /home/travis/build/icyphy/ptII/ptolemy/actor/lib/test/auto/DiscreteClock13.xml
----------------- Instantiating /home/travis/build/icyphy/ptII/ptolemy/actor/lib/test/auto/DiscreteClock13.xml
5 ms. Memory: 618496K Free: 553984K (90%)
----------------- Invoking toplevel() on ptolemy.moml.MoMLSimpleApplication@4b714fcd
----------------- Done invoking toplevel() on ptolemy.moml.MoMLSimpleApplication@4b714fcd
reloadAllAccessors: .DiscreteClock13

===========================================================================================
----------------- testing Wed Jul 10 06:46:15 UTC 2019 /home/travis/build/icyphy/ptII/ptolemy/actor/lib/test/auto/DiscreteClock14.xml
----------------- Instantiating /home/travis/build/icyphy/ptII/ptolemy/actor/lib/test/auto/DiscreteClock14.xml
4 ms. Memory: 618496K Free: 547838K (89%)
----------------- Invoking toplevel() on ptolemy.moml.MoMLSimpleApplication@3a37db0e
----------------- Done invoking toplevel() on ptolemy.moml.MoMLSimpleApplication@3a37db0e
reloadAllAccessors: .DiscreteClock14

===========================================================================================
----------------- testing Wed Jul 10 06:46:15 UTC 2019 /home/travis/build/icyphy/ptII/ptolemy/actor/lib/test/auto/DiscreteClock15.xml
----------------- Instantiating /home/travis/build/icyphy/ptII/ptolemy/actor/lib/test/auto/DiscreteClock15.xml
5 ms. Memory: 618496K Free: 542175K (88%)
----------------- Invoking toplevel() on ptolemy.moml.MoMLSimpleApplication@24ea559
----------------- Done invoking toplevel() on ptolemy.moml.MoMLSimpleApplication@24ea559
reloadAllAccessors: .DiscreteClock15

===========================================================================================
----------------- testing Wed Jul 10 06:46:15 UTC 2019 /home/travis/build/icyphy/ptII/ptolemy/actor/lib/test/auto/DiscreteClock16.xml
----------------- Instantiating /home/travis/build/icyphy/ptII/ptolemy/actor/lib/test/auto/DiscreteClock16.xml
16 ms. Memory: 618496K Free: 528384K (85%)
----------------- Invoking toplevel() on ptolemy.moml.MoMLSimpleApplication@1c9cba8a
----------------- Done invoking toplevel() on ptolemy.moml.MoMLSimpleApplication@1c9cba8a
reloadAllAccessors: .DiscreteClock16

===========================================================================================
----------------- testing Wed Jul 10 06:46:15 UTC 2019 /home/travis/build/icyphy/ptII/ptolemy/actor/lib/test/auto/DiscreteClock17.xml
----------------- Instantiating /home/travis/build/icyphy/ptII/ptolemy/actor/lib/test/auto/DiscreteClock17.xml
16 ms. Memory: 618496K Free: 514558K (83%)
----------------- Invoking toplevel() on ptolemy.moml.MoMLSimpleApplication@63c5ce42
----------------- Done invoking toplevel() on ptolemy.moml.MoMLSimpleApplication@63c5ce42
reloadAllAccessors: .DiscreteClock17

===========================================================================================
----------------- testing Wed Jul 10 06:46:15 UTC 2019 /home/travis/build/icyphy/ptII/ptolemy/actor/lib/test/auto/DiscreteClock18.xml
----------------- Instantiating /home/travis/build/icyphy/ptII/ptolemy/actor/lib/test/auto/DiscreteClock18.xml
24 ms. Memory: 618496K Free: 501239K (81%)
----------------- Invoking toplevel() on ptolemy.moml.MoMLSimpleApplication@40112513
----------------- Done invoking toplevel() on ptolemy.moml.MoMLSimpleApplication@40112513
reloadAllAccessors: .DiscreteClock18

===========================================================================================
----------------- testing Wed Jul 10 06:46:15 UTC 2019 /home/travis/build/icyphy/ptII/ptolemy/actor/lib/test/auto/DiscreteClock19.xml
----------------- Instantiating /home/travis/build/icyphy/ptII/ptolemy/actor/lib/test/auto/DiscreteClock19.xml
20 ms. Memory: 618496K Free: 487934K (79%)
----------------- Invoking toplevel() on ptolemy.moml.MoMLSimpleApplication@28393c05
----------------- Done invoking toplevel() on ptolemy.moml.MoMLSimpleApplication@28393c05
reloadAllAccessors: .DiscreteClock19

===========================================================================================
----------------- testing Wed Jul 10 06:46:15 UTC 2019 /home/travis/build/icyphy/ptII/ptolemy/actor/lib/test/auto/DiscreteClock2.xml
----------------- Instantiating /home/travis/build/icyphy/ptII/ptolemy/actor/lib/test/auto/DiscreteClock2.xml
5 ms. Memory: 618496K Free: 482799K (78%)
----------------- Invoking toplevel() on ptolemy.moml.MoMLSimpleApplication@739bd4a5
----------------- Done invoking toplevel() on ptolemy.moml.MoMLSimpleApplication@739bd4a5
reloadAllAccessors: .DiscreteClock2

===========================================================================================
----------------- testing Wed Jul 10 06:46:15 UTC 2019 /home/travis/build/icyphy/ptII/ptolemy/actor/lib/test/auto/DiscreteClock20.xml
----------------- Instantiating /home/travis/build/icyphy/ptII/ptolemy/actor/lib/test/auto/DiscreteClock20.xml
7 ms. Memory: 618496K Free: 477184K (77%)
----------------- Invoking toplevel() on ptolemy.moml.MoMLSimpleApplication@2b0b151f
----------------- Done invoking toplevel() on ptolemy.moml.MoMLSimpleApplication@2b0b151f
reloadAllAccessors: .DiscreteClock20

===========================================================================================
----------------- testing Wed Jul 10 06:46:15 UTC 2019 /home/travis/build/icyphy/ptII/ptolemy/actor/lib/test/auto/DiscreteClock21.xml
----------------- Instantiating /home/travis/build/icyphy/ptII/ptolemy/actor/lib/test/auto/DiscreteClock21.xml
6 ms. Memory: 618496K Free: 471550K (76%)
----------------- Invoking toplevel() on ptolemy.moml.MoMLSimpleApplication@458c9868
----------------- Done invoking toplevel() on ptolemy.moml.MoMLSimpleApplication@458c9868
reloadAllAccessors: .DiscreteClock21

===========================================================================================
----------------- testing Wed Jul 10 06:46:15 UTC 2019 /home/travis/build/icyphy/ptII/ptolemy/actor/lib/test/auto/DiscreteClock22.xml
----------------- Instantiating /home/travis/build/icyphy/ptII/ptolemy/actor/lib/test/auto/DiscreteClock22.xml
6 ms. Memory: 618496K Free: 466430K (75%)
----------------- Invoking toplevel() on ptolemy.moml.MoMLSimpleApplication@489b9d9d
----------------- Done invoking toplevel() on ptolemy.moml.MoMLSimpleApplication@489b9d9d
reloadAllAccessors: .DiscreteClock22

===========================================================================================
----------------- testing Wed Jul 10 06:46:15 UTC 2019 /home/travis/build/icyphy/ptII/ptolemy/actor/lib/test/auto/DiscreteClock23.xml
----------------- Instantiating /home/travis/build/icyphy/ptII/ptolemy/actor/lib/test/auto/DiscreteClock23.xml
8 ms. Memory: 618496K Free: 460800K (75%)
----------------- Invoking toplevel() on ptolemy.moml.MoMLSimpleApplication@7a818ee0
----------------- Done invoking toplevel() on ptolemy.moml.MoMLSimpleApplication@7a818ee0
reloadAllAccessors: .DiscreteClock23

===========================================================================================
----------------- testing Wed Jul 10 06:46:15 UTC 2019 /home/travis/build/icyphy/ptII/ptolemy/actor/lib/test/auto/DiscreteClock24.xml
----------------- Instantiating /home/travis/build/icyphy/ptII/ptolemy/actor/lib/test/auto/DiscreteClock24.xml
5 ms. Memory: 618496K Free: 455166K (74%)
----------------- Invoking toplevel() on ptolemy.moml.MoMLSimpleApplication@4d6667f
----------------- Done invoking toplevel() on ptolemy.moml.MoMLSimpleApplication@4d6667f
reloadAllAccessors: .DiscreteClock24

===========================================================================================
----------------- testing Wed Jul 10 06:46:15 UTC 2019 /home/travis/build/icyphy/ptII/ptolemy/actor/lib/test/auto/DiscreteClock4.xml
----------------- Instantiating /home/travis/build/icyphy/ptII/ptolemy/actor/lib/test/auto/DiscreteClock4.xml
4 ms. Memory: 618496K Free: 449536K (73%)
----------------- Invoking toplevel() on ptolemy.moml.MoMLSimpleApplication@3b2c19c2
----------------- Done invoking toplevel() on ptolemy.moml.MoMLSimpleApplication@3b2c19c2
reloadAllAccessors: .DiscreteClock4

===========================================================================================
----------------- testing Wed Jul 10 06:46:15 UTC 2019 /home/travis/build/icyphy/ptII/ptolemy/actor/lib/test/auto/DiscreteClock5.xml
----------------- Instantiating /home/travis/build/icyphy/ptII/ptolemy/actor/lib/test/auto/DiscreteClock5.xml
1 ms. Memory: 618496K Free: 444416K (72%)
----------------- Invoking toplevel() on ptolemy.moml.MoMLSimpleApplication@2f0b3af7
----------------- Done invoking toplevel() on ptolemy.moml.MoMLSimpleApplication@2f0b3af7
reloadAllAccessors: .DiscreteClock5

===========================================================================================
----------------- testing Wed Jul 10 06:46:15 UTC 2019 /home/travis/build/icyphy/ptII/ptolemy/actor/lib/test/auto/DiscreteClock6.xml
----------------- Instantiating /home/travis/build/icyphy/ptII/ptolemy/actor/lib/test/auto/DiscreteClock6.xml
1 ms. Memory: 618496K Free: 440320K (71%)
----------------- Invoking toplevel() on ptolemy.moml.MoMLSimpleApplication@191ea734
----------------- Done invoking toplevel() on ptolemy.moml.MoMLSimpleApplication@191ea734
reloadAllAccessors: .DiscreteClock6

===========================================================================================
----------------- testing Wed Jul 10 06:46:15 UTC 2019 /home/travis/build/icyphy/ptII/ptolemy/actor/lib/test/auto/DiscreteClock7.xml
----------------- Instantiating /home/travis/build/icyphy/ptII/ptolemy/actor/lib/test/auto/DiscreteClock7.xml
2 ms. Memory: 618496K Free: 435710K (70%)
----------------- Invoking toplevel() on ptolemy.moml.MoMLSimpleApplication@6f3cb4b8
----------------- Done invoking toplevel() on ptolemy.moml.MoMLSimpleApplication@6f3cb4b8
reloadAllAccessors: .DiscreteClock7

===========================================================================================
----------------- testing Wed Jul 10 06:46:15 UTC 2019 /home/travis/build/icyphy/ptII/ptolemy/actor/lib/test/auto/DiscreteClock8.xml
----------------- Instantiating /home/travis/build/icyphy/ptII/ptolemy/actor/lib/test/auto/DiscreteClock8.xml
5 ms. Memory: 618496K Free: 430559K (70%)
----------------- Invoking toplevel() on ptolemy.moml.MoMLSimpleApplication@16fdc5d1
----------------- Done invoking toplevel() on ptolemy.moml.MoMLSimpleApplication@16fdc5d1
reloadAllAccessors: .DiscreteClock8

===========================================================================================
----------------- testing Wed Jul 10 06:46:16 UTC 2019 /home/travis/build/icyphy/ptII/ptolemy/actor/lib/test/auto/DiscreteClock9.xml
----------------- Instantiating /home/travis/build/icyphy/ptII/ptolemy/actor/lib/test/auto/DiscreteClock9.xml
2 ms. Memory: 618496K Free: 424960K (69%)
----------------- Invoking toplevel() on ptolemy.moml.MoMLSimpleApplication@15835f07
----------------- Done invoking toplevel() on ptolemy.moml.MoMLSimpleApplication@15835f07
reloadAllAccessors: .DiscreteClock9

===========================================================================================
----------------- testing Wed Jul 10 06:46:16 UTC 2019 /home/travis/build/icyphy/ptII/ptolemy/actor/lib/test/auto/DisplayArray.xml
----------------- Instantiating /home/travis/build/icyphy/ptII/ptolemy/actor/lib/test/auto/DisplayArray.xml
2 ms. Memory: 618496K Free: 421374K (68%)
----------------- Invoking toplevel() on ptolemy.moml.MoMLSimpleApplication@17bfa2cf
----------------- Done invoking toplevel() on ptolemy.moml.MoMLSimpleApplication@17bfa2cf
reloadAllAccessors: .DisplayArray

===========================================================================================
----------------- testing Wed Jul 10 06:46:16 UTC 2019 /home/travis/build/icyphy/ptII/ptolemy/actor/lib/test/auto/Distributor.xml
----------------- Instantiating /home/travis/build/icyphy/ptII/ptolemy/actor/lib/test/auto/Distributor.xml
2 ms. Memory: 618496K Free: 416254K (67%)
----------------- Invoking toplevel() on ptolemy.moml.MoMLSimpleApplication@4cd1e314
----------------- Done invoking toplevel() on ptolemy.moml.MoMLSimpleApplication@4cd1e314
reloadAllAccessors: .Distributor

===========================================================================================
----------------- testing Wed Jul 10 06:46:16 UTC 2019 /home/travis/build/icyphy/ptII/ptolemy/actor/lib/test/auto/Distributor2.xml
----------------- Instantiating /home/travis/build/icyphy/ptII/ptolemy/actor/lib/test/auto/Distributor2.xml
1 ms. Memory: 618496K Free: 411648K (67%)
----------------- Invoking toplevel() on ptolemy.moml.MoMLSimpleApplication@35f3a29
----------------- Done invoking toplevel() on ptolemy.moml.MoMLSimpleApplication@35f3a29
reloadAllAccessors: .Distributor2

===========================================================================================
----------------- testing Wed Jul 10 06:46:16 UTC 2019 /home/travis/build/icyphy/ptII/ptolemy/actor/lib/test/auto/DownSample.xml
----------------- Instantiating /home/travis/build/icyphy/ptII/ptolemy/actor/lib/test/auto/DownSample.xml
1 ms. Memory: 618496K Free: 407038K (66%)
----------------- Invoking toplevel() on ptolemy.moml.MoMLSimpleApplication@2a2dacdc
----------------- Done invoking toplevel() on ptolemy.moml.MoMLSimpleApplication@2a2dacdc
reloadAllAccessors: .DownSample

===========================================================================================
----------------- testing Wed Jul 10 06:46:16 UTC 2019 /home/travis/build/icyphy/ptII/ptolemy/actor/lib/test/auto/ElectronicUnitBase1.xml
----------------- Instantiating /home/travis/build/icyphy/ptII/ptolemy/actor/lib/test/auto/ElectronicUnitBase1.xml
21 ms. Memory: 618496K Free: 391168K (63%)
----------------- Invoking toplevel() on ptolemy.moml.MoMLSimpleApplication@4dc6b0e8
----------------- Done invoking toplevel() on ptolemy.moml.MoMLSimpleApplication@4dc6b0e8
reloadAllAccessors: .ElectronicUnitBase1

===========================================================================================
----------------- testing Wed Jul 10 06:46:16 UTC 2019 /home/travis/build/icyphy/ptII/ptolemy/actor/lib/test/auto/ElementsToArray.xml
----------------- Instantiating /home/travis/build/icyphy/ptII/ptolemy/actor/lib/test/auto/ElementsToArray.xml
3 ms. Memory: 618496K Free: 386048K (62%)
----------------- Invoking toplevel() on ptolemy.moml.MoMLSimpleApplication@22e4275c
----------------- Done invoking toplevel() on ptolemy.moml.MoMLSimpleApplication@22e4275c
reloadAllAccessors: .ElementsToArray

===========================================================================================
----------------- testing Wed Jul 10 06:46:16 UTC 2019 /home/travis/build/icyphy/ptII/ptolemy/actor/lib/test/auto/Equals.xml
----------------- Instantiating /home/travis/build/icyphy/ptII/ptolemy/actor/lib/test/auto/Equals.xml
3 ms. Memory: 618496K Free: 381952K (62%)
----------------- Invoking toplevel() on ptolemy.moml.MoMLSimpleApplication@913b55b
----------------- Done invoking toplevel() on ptolemy.moml.MoMLSimpleApplication@913b55b
reloadAllAccessors: .Equals

===========================================================================================
----------------- testing Wed Jul 10 06:46:16 UTC 2019 /home/travis/build/icyphy/ptII/ptolemy/actor/lib/test/auto/Exec.xml
----------------- Instantiating /home/travis/build/icyphy/ptII/ptolemy/actor/lib/test/auto/Exec.xml
25 ms. Memory: 618496K Free: 376318K (61%)
----------------- Invoking toplevel() on ptolemy.moml.MoMLSimpleApplication@5ec53864
----------------- Done invoking toplevel() on ptolemy.moml.MoMLSimpleApplication@5ec53864
reloadAllAccessors: .Exec

===========================================================================================
----------------- testing Wed Jul 10 06:46:16 UTC 2019 /home/travis/build/icyphy/ptII/ptolemy/actor/lib/test/auto/ExecEnvironment.xml
----------------- Instantiating /home/travis/build/icyphy/ptII/ptolemy/actor/lib/test/auto/ExecEnvironment.xml
18 ms. Memory: 618496K Free: 370174K (60%)
----------------- Invoking toplevel() on ptolemy.moml.MoMLSimpleApplication@67ff0929
----------------- Done invoking toplevel() on ptolemy.moml.MoMLSimpleApplication@67ff0929
reloadAllAccessors: .ExecEnvironment

===========================================================================================
----------------- testing Wed Jul 10 06:46:16 UTC 2019 /home/travis/build/icyphy/ptII/ptolemy/actor/lib/test/auto/ExecNonZeroReturnOutput.xml
----------------- Instantiating /home/travis/build/icyphy/ptII/ptolemy/actor/lib/test/auto/ExecNonZeroReturnOutput.xml
183 ms. Memory: 618496K Free: 358400K (58%)
----------------- Invoking toplevel() on ptolemy.moml.MoMLSimpleApplication@493fced0
----------------- Done invoking toplevel() on ptolemy.moml.MoMLSimpleApplication@493fced0
reloadAllAccessors: .ExecNonZeroReturnOutput

===========================================================================================
----------------- testing Wed Jul 10 06:46:16 UTC 2019 /home/travis/build/icyphy/ptII/ptolemy/actor/lib/test/auto/ExecRunDemos.xml
----------------- Instantiating /home/travis/build/icyphy/ptII/ptolemy/actor/lib/test/auto/ExecRunDemos.xml
11162 ms. Memory: 618496K Free: 338944K (55%)

===========================================================================================
----------------- testing Wed Jul 10 06:46:27 UTC 2019 /home/travis/build/icyphy/ptII/ptolemy/actor/lib/test/auto/ExecStop.xml
----------------- Instantiating /home/travis/build/icyphy/ptII/ptolemy/actor/lib/test/auto/ExecStop.xml
5014 ms. Memory: 618496K Free: 208896K (34%)
----------------- Invoking toplevel() on ptolemy.moml.MoMLSimpleApplication@5edc20d5
----------------- Done invoking toplevel() on ptolemy.moml.MoMLSimpleApplication@5edc20d5
reloadAllAccessors: .ExecStop

===========================================================================================
----------------- testing Wed Jul 10 06:46:32 UTC 2019 /home/travis/build/icyphy/ptII/ptolemy/actor/lib/test/auto/ExecutionTimeSDF.xml
----------------- Instantiating /home/travis/build/icyphy/ptII/ptolemy/actor/lib/test/auto/ExecutionTimeSDF.xml
Fired ExecutionTime: -2119767296
Fired ExecutionTime: 1078000000
Fired ExecutionTime: -768567296
6007 ms. Memory: 618496K Free: 559087K (90%)
----------------- Invoking toplevel() on ptolemy.moml.MoMLSimpleApplication@125325c1
----------------- Done invoking toplevel() on ptolemy.moml.MoMLSimpleApplication@125325c1
reloadAllAccessors: .ExecutionTimeSDF

===========================================================================================
----------------- testing Wed Jul 10 06:46:38 UTC 2019 /home/travis/build/icyphy/ptII/ptolemy/actor/lib/test/auto/Expression1.xml
----------------- Instantiating /home/travis/build/icyphy/ptII/ptolemy/actor/lib/test/auto/Expression1.xml
2 ms. Memory: 618496K Free: 555520K (90%)
----------------- Invoking toplevel() on ptolemy.moml.MoMLSimpleApplication@4bacc0f3
----------------- Done invoking toplevel() on ptolemy.moml.MoMLSimpleApplication@4bacc0f3
reloadAllAccessors: .Expression1

===========================================================================================
----------------- testing Wed Jul 10 06:46:38 UTC 2019 /home/travis/build/icyphy/ptII/ptolemy/actor/lib/test/auto/Expression10.xml
----------------- Instantiating /home/travis/build/icyphy/ptII/ptolemy/actor/lib/test/auto/Expression10.xml
7 ms. Memory: 618496K Free: 549886K (89%)
----------------- Invoking toplevel() on ptolemy.moml.MoMLSimpleApplication@312926b6
----------------- Done invoking toplevel() on ptolemy.moml.MoMLSimpleApplication@312926b6
reloadAllAccessors: .Expression10

===========================================================================================
----------------- testing Wed Jul 10 06:46:38 UTC 2019 /home/travis/build/icyphy/ptII/ptolemy/actor/lib/test/auto/Expression11.xml
----------------- Instantiating /home/travis/build/icyphy/ptII/ptolemy/actor/lib/test/auto/Expression11.xml
2 ms. Memory: 618496K Free: 545790K (88%)
----------------- Invoking toplevel() on ptolemy.moml.MoMLSimpleApplication@7fdde62d
----------------- Done invoking toplevel() on ptolemy.moml.MoMLSimpleApplication@7fdde62d
reloadAllAccessors: .Expression11

===========================================================================================
----------------- testing Wed Jul 10 06:46:38 UTC 2019 /home/travis/build/icyphy/ptII/ptolemy/actor/lib/test/auto/Expression12.xml
----------------- Instantiating /home/travis/build/icyphy/ptII/ptolemy/actor/lib/test/auto/Expression12.xml
5 ms. Memory: 618496K Free: 540160K (87%)
----------------- Invoking toplevel() on ptolemy.moml.MoMLSimpleApplication@4c02df47
----------------- Done invoking toplevel() on ptolemy.moml.MoMLSimpleApplication@4c02df47
reloadAllAccessors: .Expression12

===========================================================================================
----------------- testing Wed Jul 10 06:46:38 UTC 2019 /home/travis/build/icyphy/ptII/ptolemy/actor/lib/test/auto/Expression13.xml
----------------- Instantiating /home/travis/build/icyphy/ptII/ptolemy/actor/lib/test/auto/Expression13.xml
3 ms. Memory: 618496K Free: 535040K (87%)
----------------- Invoking toplevel() on ptolemy.moml.MoMLSimpleApplication@5af09a20
----------------- Done invoking toplevel() on ptolemy.moml.MoMLSimpleApplication@5af09a20
reloadAllAccessors: .Expression13

===========================================================================================
----------------- testing Wed Jul 10 06:46:38 UTC 2019 /home/travis/build/icyphy/ptII/ptolemy/actor/lib/test/auto/Expression14.xml
----------------- Instantiating /home/travis/build/icyphy/ptII/ptolemy/actor/lib/test/auto/Expression14.xml
9 ms. Memory: 618496K Free: 528896K (86%)
----------------- Invoking toplevel() on ptolemy.moml.MoMLSimpleApplication@4182e00a
----------------- Done invoking toplevel() on ptolemy.moml.MoMLSimpleApplication@4182e00a
reloadAllAccessors: .Expression14

===========================================================================================
----------------- testing Wed Jul 10 06:46:38 UTC 2019 /home/travis/build/icyphy/ptII/ptolemy/actor/lib/test/auto/Expression15.xml
----------------- Instantiating /home/travis/build/icyphy/ptII/ptolemy/actor/lib/test/auto/Expression15.xml
3 ms. Memory: 618496K Free: 524800K (85%)
----------------- Invoking toplevel() on ptolemy.moml.MoMLSimpleApplication@7cb258c9
----------------- Done invoking toplevel() on ptolemy.moml.MoMLSimpleApplication@7cb258c9
reloadAllAccessors: .Expression15

===========================================================================================
----------------- testing Wed Jul 10 06:46:38 UTC 2019 /home/travis/build/icyphy/ptII/ptolemy/actor/lib/test/auto/Expression16.xml
----------------- Instantiating /home/travis/build/icyphy/ptII/ptolemy/actor/lib/test/auto/Expression16.xml
3 ms. Memory: 618496K Free: 520190K (84%)
----------------- Invoking toplevel() on ptolemy.moml.MoMLSimpleApplication@a53ba07
----------------- Done invoking toplevel() on ptolemy.moml.MoMLSimpleApplication@a53ba07
reloadAllAccessors: .Expression16

===========================================================================================
----------------- testing Wed Jul 10 06:46:38 UTC 2019 /home/travis/build/icyphy/ptII/ptolemy/actor/lib/test/auto/Expression17.xml
----------------- Instantiating /home/travis/build/icyphy/ptII/ptolemy/actor/lib/test/auto/Expression17.xml
3 ms. Memory: 618496K Free: 515070K (83%)
----------------- Invoking toplevel() on ptolemy.moml.MoMLSimpleApplication@42d582d7
----------------- Done invoking toplevel() on ptolemy.moml.MoMLSimpleApplication@42d582d7
reloadAllAccessors: .Expression17

===========================================================================================
----------------- testing Wed Jul 10 06:46:38 UTC 2019 /home/travis/build/icyphy/ptII/ptolemy/actor/lib/test/auto/Expression18.xml
----------------- Instantiating /home/travis/build/icyphy/ptII/ptolemy/actor/lib/test/auto/Expression18.xml
2 ms. Memory: 618496K Free: 509935K (82%)
----------------- Invoking toplevel() on ptolemy.moml.MoMLSimpleApplication@1dbd4a7f
----------------- Done invoking toplevel() on ptolemy.moml.MoMLSimpleApplication@1dbd4a7f
reloadAllAccessors: .Expression18

===========================================================================================
----------------- testing Wed Jul 10 06:46:39 UTC 2019 /home/travis/build/icyphy/ptII/ptolemy/actor/lib/test/auto/Expression2.xml
----------------- Instantiating /home/travis/build/icyphy/ptII/ptolemy/actor/lib/test/auto/Expression2.xml
3 ms. Memory: 618496K Free: 504320K (82%)
----------------- Invoking toplevel() on ptolemy.moml.MoMLSimpleApplication@6876ba00
----------------- Done invoking toplevel() on ptolemy.moml.MoMLSimpleApplication@6876ba00
reloadAllAccessors: .Expression2

===========================================================================================
----------------- testing Wed Jul 10 06:46:39 UTC 2019 /home/travis/build/icyphy/ptII/ptolemy/actor/lib/test/auto/Expression3.xml
----------------- Instantiating /home/travis/build/icyphy/ptII/ptolemy/actor/lib/test/auto/Expression3.xml
7 ms. Memory: 618496K Free: 499710K (81%)
----------------- Invoking toplevel() on ptolemy.moml.MoMLSimpleApplication@323dd7b7
----------------- Done invoking toplevel() on ptolemy.moml.MoMLSimpleApplication@323dd7b7
reloadAllAccessors: .Expression3

===========================================================================================
----------------- testing Wed Jul 10 06:46:39 UTC 2019 /home/travis/build/icyphy/ptII/ptolemy/actor/lib/test/auto/Expression4.xml
----------------- Instantiating /home/travis/build/icyphy/ptII/ptolemy/actor/lib/test/auto/Expression4.xml
6 ms. Memory: 618496K Free: 492032K (80%)
----------------- Invoking toplevel() on ptolemy.moml.MoMLSimpleApplication@617b32ad
----------------- Done invoking toplevel() on ptolemy.moml.MoMLSimpleApplication@617b32ad
reloadAllAccessors: .Expression4

===========================================================================================
----------------- testing Wed Jul 10 06:46:39 UTC 2019 /home/travis/build/icyphy/ptII/ptolemy/actor/lib/test/auto/Expression5.xml
----------------- Instantiating /home/travis/build/icyphy/ptII/ptolemy/actor/lib/test/auto/Expression5.xml
5 ms. Memory: 618496K Free: 486912K (79%)
----------------- Invoking toplevel() on ptolemy.moml.MoMLSimpleApplication@5dc1eb1
----------------- Done invoking toplevel() on ptolemy.moml.MoMLSimpleApplication@5dc1eb1
reloadAllAccessors: .Expression5

===========================================================================================
----------------- testing Wed Jul 10 06:46:39 UTC 2019 /home/travis/build/icyphy/ptII/ptolemy/actor/lib/test/auto/Expression6.xml
----------------- Instantiating /home/travis/build/icyphy/ptII/ptolemy/actor/lib/test/auto/Expression6.xml
2 ms. Memory: 618496K Free: 482302K (78%)
----------------- Invoking toplevel() on ptolemy.moml.MoMLSimpleApplication@4065991d
----------------- Done invoking toplevel() on ptolemy.moml.MoMLSimpleApplication@4065991d
reloadAllAccessors: .Expression6

===========================================================================================
----------------- testing Wed Jul 10 06:46:39 UTC 2019 /home/travis/build/icyphy/ptII/ptolemy/actor/lib/test/auto/Expression7.xml
----------------- Instantiating /home/travis/build/icyphy/ptII/ptolemy/actor/lib/test/auto/Expression7.xml
2 ms. Memory: 618496K Free: 477182K (77%)
----------------- Invoking toplevel() on ptolemy.moml.MoMLSimpleApplication@be9d2d
----------------- Done invoking toplevel() on ptolemy.moml.MoMLSimpleApplication@be9d2d
reloadAllAccessors: .Expression7

===========================================================================================
----------------- testing Wed Jul 10 06:46:39 UTC 2019 /home/travis/build/icyphy/ptII/ptolemy/actor/lib/test/auto/Expression8.xml
----------------- Instantiating /home/travis/build/icyphy/ptII/ptolemy/actor/lib/test/auto/Expression8.xml
9 ms. Memory: 618496K Free: 472576K (76%)
----------------- Invoking toplevel() on ptolemy.moml.MoMLSimpleApplication@c351902
----------------- Done invoking toplevel() on ptolemy.moml.MoMLSimpleApplication@c351902
reloadAllAccessors: .Expression8

===========================================================================================
----------------- testing Wed Jul 10 06:46:39 UTC 2019 /home/travis/build/icyphy/ptII/ptolemy/actor/lib/test/auto/Expression9.xml
----------------- Instantiating /home/travis/build/icyphy/ptII/ptolemy/actor/lib/test/auto/Expression9.xml
1 ms. Memory: 618496K Free: 468480K (76%)
----------------- Invoking toplevel() on ptolemy.moml.MoMLSimpleApplication@3e8a8961
----------------- Done invoking toplevel() on ptolemy.moml.MoMLSimpleApplication@3e8a8961
reloadAllAccessors: .Expression9

===========================================================================================
----------------- testing Wed Jul 10 06:46:39 UTC 2019 /home/travis/build/icyphy/ptII/ptolemy/actor/lib/test/auto/ExpressionConcatenateArrayType.xml
----------------- Instantiating /home/travis/build/icyphy/ptII/ptolemy/actor/lib/test/auto/ExpressionConcatenateArrayType.xml
3 ms. Memory: 618496K Free: 461822K (75%)
----------------- Invoking toplevel() on ptolemy.moml.MoMLSimpleApplication@7e3f7da3
----------------- Done invoking toplevel() on ptolemy.moml.MoMLSimpleApplication@7e3f7da3
reloadAllAccessors: .ExpressionConcatenateArrayType

===========================================================================================
----------------- testing Wed Jul 10 06:46:39 UTC 2019 /home/travis/build/icyphy/ptII/ptolemy/actor/lib/test/auto/ExpressionConcatenateArrayType2.xml
----------------- Instantiating /home/travis/build/icyphy/ptII/ptolemy/actor/lib/test/auto/ExpressionConcatenateArrayType2.xml
2 ms. Memory: 618496K Free: 456192K (74%)
----------------- Invoking toplevel() on ptolemy.moml.MoMLSimpleApplication@4367450c
----------------- Done invoking toplevel() on ptolemy.moml.MoMLSimpleApplication@4367450c
reloadAllAccessors: .ExpressionConcatenateArrayType2

===========================================================================================
----------------- testing Wed Jul 10 06:46:39 UTC 2019 /home/travis/build/icyphy/ptII/ptolemy/actor/lib/test/auto/ExpressionFix.xml
----------------- Instantiating /home/travis/build/icyphy/ptII/ptolemy/actor/lib/test/auto/ExpressionFix.xml
21 ms. Memory: 618496K Free: 449534K (73%)
----------------- Invoking toplevel() on ptolemy.moml.MoMLSimpleApplication@393d57d
----------------- Done invoking toplevel() on ptolemy.moml.MoMLSimpleApplication@393d57d
reloadAllAccessors: .ExpressionFix

===========================================================================================
----------------- testing Wed Jul 10 06:46:39 UTC 2019 /home/travis/build/icyphy/ptII/ptolemy/actor/lib/test/auto/ExpressionFix2.xml
----------------- Instantiating /home/travis/build/icyphy/ptII/ptolemy/actor/lib/test/auto/ExpressionFix2.xml
4 ms. Memory: 618496K Free: 445438K (72%)
----------------- Invoking toplevel() on ptolemy.moml.MoMLSimpleApplication@6faa8f9
----------------- Done invoking toplevel() on ptolemy.moml.MoMLSimpleApplication@6faa8f9
reloadAllAccessors: .ExpressionFix2

===========================================================================================
----------------- testing Wed Jul 10 06:46:39 UTC 2019 /home/travis/build/icyphy/ptII/ptolemy/actor/lib/test/auto/ExpressionFix3.xml
----------------- Instantiating /home/travis/build/icyphy/ptII/ptolemy/actor/lib/test/auto/ExpressionFix3.xml
2 ms. Memory: 618496K Free: 441342K (71%)
----------------- Invoking toplevel() on ptolemy.moml.MoMLSimpleApplication@624c932b
----------------- Done invoking toplevel() on ptolemy.moml.MoMLSimpleApplication@624c932b
reloadAllAccessors: .ExpressionFix3

===========================================================================================
----------------- testing Wed Jul 10 06:46:39 UTC 2019 /home/travis/build/icyphy/ptII/ptolemy/actor/lib/test/auto/FileWriter1.xml
----------------- Instantiating /home/travis/build/icyphy/ptII/ptolemy/actor/lib/test/auto/FileWriter1.xml
4 ms. Memory: 618496K Free: 437246K (71%)
----------------- Invoking toplevel() on ptolemy.moml.MoMLSimpleApplication@7003c1db
----------------- Done invoking toplevel() on ptolemy.moml.MoMLSimpleApplication@7003c1db
reloadAllAccessors: .FileWriter1

===========================================================================================
----------------- testing Wed Jul 10 06:46:39 UTC 2019 /home/travis/build/icyphy/ptII/ptolemy/actor/lib/test/auto/FileWriter2.xml
----------------- Instantiating /home/travis/build/icyphy/ptII/ptolemy/actor/lib/test/auto/FileWriter2.xml
2 ms. Memory: 618496K Free: 432640K (70%)
----------------- Invoking toplevel() on ptolemy.moml.MoMLSimpleApplication@195a22aa
----------------- Done invoking toplevel() on ptolemy.moml.MoMLSimpleApplication@195a22aa
reloadAllAccessors: .FileWriter2

===========================================================================================
----------------- testing Wed Jul 10 06:46:39 UTC 2019 /home/travis/build/icyphy/ptII/ptolemy/actor/lib/test/auto/FileWriter3.xml
----------------- Instantiating /home/travis/build/icyphy/ptII/ptolemy/actor/lib/test/auto/FileWriter3.xml
2 ms. Memory: 618496K Free: 428544K (69%)
----------------- Invoking toplevel() on ptolemy.moml.MoMLSimpleApplication@557dabd9
----------------- Done invoking toplevel() on ptolemy.moml.MoMLSimpleApplication@557dabd9
reloadAllAccessors: .FileWriter3

===========================================================================================
----------------- testing Wed Jul 10 06:46:39 UTC 2019 /home/travis/build/icyphy/ptII/ptolemy/actor/lib/test/auto/Gaussian.xml
----------------- Instantiating /home/travis/build/icyphy/ptII/ptolemy/actor/lib/test/auto/Gaussian.xml
3 ms. Memory: 618496K Free: 423934K (69%)
----------------- Invoking toplevel() on ptolemy.moml.MoMLSimpleApplication@1709be9b
----------------- Done invoking toplevel() on ptolemy.moml.MoMLSimpleApplication@1709be9b
reloadAllAccessors: .Gaussian

===========================================================================================
----------------- testing Wed Jul 10 06:46:39 UTC 2019 /home/travis/build/icyphy/ptII/ptolemy/actor/lib/test/auto/Gaussian1.xml
----------------- Instantiating /home/travis/build/icyphy/ptII/ptolemy/actor/lib/test/auto/Gaussian1.xml
2 ms. Memory: 618496K Free: 418783K (68%)
----------------- Invoking toplevel() on ptolemy.moml.MoMLSimpleApplication@3785c22f
----------------- Done invoking toplevel() on ptolemy.moml.MoMLSimpleApplication@3785c22f
reloadAllAccessors: .Gaussian1

===========================================================================================
----------------- testing Wed Jul 10 06:46:39 UTC 2019 /home/travis/build/icyphy/ptII/ptolemy/actor/lib/test/auto/Gaussian2.xml
----------------- Instantiating /home/travis/build/icyphy/ptII/ptolemy/actor/lib/test/auto/Gaussian2.xml
2 ms. Memory: 618496K Free: 413184K (67%)
----------------- Invoking toplevel() on ptolemy.moml.MoMLSimpleApplication@272bf551
----------------- Done invoking toplevel() on ptolemy.moml.MoMLSimpleApplication@272bf551
reloadAllAccessors: .Gaussian2

===========================================================================================
----------------- testing Wed Jul 10 06:46:39 UTC 2019 /home/travis/build/icyphy/ptII/ptolemy/actor/lib/test/auto/GradientAdaptiveLattice.xml
----------------- Instantiating /home/travis/build/icyphy/ptII/ptolemy/actor/lib/test/auto/GradientAdaptiveLattice.xml
10 ms. Memory: 618496K Free: 408064K (66%)
----------------- Invoking toplevel() on ptolemy.moml.MoMLSimpleApplication@31ea4436
----------------- Done invoking toplevel() on ptolemy.moml.MoMLSimpleApplication@31ea4436
reloadAllAccessors: .GradientAdaptiveLattice

===========================================================================================
----------------- testing Wed Jul 10 06:46:39 UTC 2019 /home/travis/build/icyphy/ptII/ptolemy/actor/lib/test/auto/IIR.xml
----------------- Instantiating /home/travis/build/icyphy/ptII/ptolemy/actor/lib/test/auto/IIR.xml
2 ms. Memory: 618496K Free: 403454K (65%)
----------------- Invoking toplevel() on ptolemy.moml.MoMLSimpleApplication@1fa35372
----------------- Done invoking toplevel() on ptolemy.moml.MoMLSimpleApplication@1fa35372
reloadAllAccessors: .IIR

===========================================================================================
----------------- testing Wed Jul 10 06:46:39 UTC 2019 /home/travis/build/icyphy/ptII/ptolemy/actor/lib/test/auto/InputOutputTransparentPorts.xml
----------------- Instantiating /home/travis/build/icyphy/ptII/ptolemy/actor/lib/test/auto/InputOutputTransparentPorts.xml
2 ms. Memory: 618496K Free: 396286K (64%)
----------------- Invoking toplevel() on ptolemy.moml.MoMLSimpleApplication@423df055
----------------- Done invoking toplevel() on ptolemy.moml.MoMLSimpleApplication@423df055
reloadAllAccessors: .InputOutputTransparentPorts

===========================================================================================
----------------- testing Wed Jul 10 06:46:39 UTC 2019 /home/travis/build/icyphy/ptII/ptolemy/actor/lib/test/auto/Interpolator.xml
----------------- Instantiating /home/travis/build/icyphy/ptII/ptolemy/actor/lib/test/auto/Interpolator.xml
3 ms. Memory: 618496K Free: 392190K (63%)
----------------- Invoking toplevel() on ptolemy.moml.MoMLSimpleApplication@7a95fe4b
----------------- Done invoking toplevel() on ptolemy.moml.MoMLSimpleApplication@7a95fe4b
reloadAllAccessors: .Interpolator

===========================================================================================
----------------- testing Wed Jul 10 06:46:39 UTC 2019 /home/travis/build/icyphy/ptII/ptolemy/actor/lib/test/auto/InterpolatorFiringLimitDE.xml
----------------- Instantiating /home/travis/build/icyphy/ptII/ptolemy/actor/lib/test/auto/InterpolatorFiringLimitDE.xml
2 ms. Memory: 618496K Free: 386046K (62%)
----------------- Invoking toplevel() on ptolemy.moml.MoMLSimpleApplication@311b5bd1
----------------- Done invoking toplevel() on ptolemy.moml.MoMLSimpleApplication@311b5bd1
reloadAllAccessors: .InterpolatorFiringLimitDE

===========================================================================================
----------------- testing Wed Jul 10 06:46:39 UTC 2019 /home/travis/build/icyphy/ptII/ptolemy/actor/lib/test/auto/Lattice.xml
----------------- Instantiating /home/travis/build/icyphy/ptII/ptolemy/actor/lib/test/auto/Lattice.xml
1 ms. Memory: 618496K Free: 382464K (62%)
----------------- Invoking toplevel() on ptolemy.moml.MoMLSimpleApplication@3e7b626c
----------------- Done invoking toplevel() on ptolemy.moml.MoMLSimpleApplication@3e7b626c
reloadAllAccessors: .Lattice

===========================================================================================
----------------- testing Wed Jul 10 06:46:39 UTC 2019 /home/travis/build/icyphy/ptII/ptolemy/actor/lib/test/auto/LazyAOCTestLazy.xml
----------------- Instantiating /home/travis/build/icyphy/ptII/ptolemy/actor/lib/test/auto/LazyAOCTestLazy.xml
11 ms. Memory: 618496K Free: 376320K (61%)
----------------- Invoking toplevel() on ptolemy.moml.MoMLSimpleApplication@6214a2dc
----------------- Done invoking toplevel() on ptolemy.moml.MoMLSimpleApplication@6214a2dc
reloadAllAccessors: .LazyAOCTestLazy

===========================================================================================
----------------- testing Wed Jul 10 06:46:39 UTC 2019 /home/travis/build/icyphy/ptII/ptolemy/actor/lib/test/auto/LazyAOCTestNonLazy.xml
----------------- Instantiating /home/travis/build/icyphy/ptII/ptolemy/actor/lib/test/auto/LazyAOCTestNonLazy.xml
2 ms. Memory: 618496K Free: 370176K (60%)
----------------- Invoking toplevel() on ptolemy.moml.MoMLSimpleApplication@29bea65
----------------- Done invoking toplevel() on ptolemy.moml.MoMLSimpleApplication@29bea65
reloadAllAccessors: .LazyAOCTestNonLazy

===========================================================================================
----------------- testing Wed Jul 10 06:46:39 UTC 2019 /home/travis/build/icyphy/ptII/ptolemy/actor/lib/test/auto/LazyInnerClass.xml
----------------- Instantiating /home/travis/build/icyphy/ptII/ptolemy/actor/lib/test/auto/LazyInnerClass.xml
20 ms. Memory: 618496K Free: 361984K (59%)
----------------- Invoking toplevel() on ptolemy.moml.MoMLSimpleApplication@7fa80e2b
----------------- Done invoking toplevel() on ptolemy.moml.MoMLSimpleApplication@7fa80e2b
reloadAllAccessors: .LazyInnerClass

===========================================================================================
----------------- testing Wed Jul 10 06:46:39 UTC 2019 /home/travis/build/icyphy/ptII/ptolemy/actor/lib/test/auto/LazyPubSub.xml
----------------- Instantiating /home/travis/build/icyphy/ptII/ptolemy/actor/lib/test/auto/LazyPubSub.xml
25 ms. Memory: 618496K Free: 351744K (57%)
----------------- Invoking toplevel() on ptolemy.moml.MoMLSimpleApplication@361dde3a
----------------- Done invoking toplevel() on ptolemy.moml.MoMLSimpleApplication@361dde3a
reloadAllAccessors: .LazyPubSub

===========================================================================================
----------------- testing Wed Jul 10 06:46:39 UTC 2019 /home/travis/build/icyphy/ptII/ptolemy/actor/lib/test/auto/LazyPubSub2.xml
----------------- Instantiating /home/travis/build/icyphy/ptII/ptolemy/actor/lib/test/auto/LazyPubSub2.xml
19 ms. Memory: 618496K Free: 341504K (55%)
----------------- Invoking toplevel() on ptolemy.moml.MoMLSimpleApplication@132ac07b
----------------- Done invoking toplevel() on ptolemy.moml.MoMLSimpleApplication@132ac07b
reloadAllAccessors: .LazyPubSub2

===========================================================================================
----------------- testing Wed Jul 10 06:46:39 UTC 2019 /home/travis/build/icyphy/ptII/ptolemy/actor/lib/test/auto/LazyPubSub3.xml
----------------- Instantiating /home/travis/build/icyphy/ptII/ptolemy/actor/lib/test/auto/LazyPubSub3.xml
14 ms. Memory: 618496K Free: 331264K (54%)
----------------- Invoking toplevel() on ptolemy.moml.MoMLSimpleApplication@202b7644
----------------- Done invoking toplevel() on ptolemy.moml.MoMLSimpleApplication@202b7644
reloadAllAccessors: .LazyPubSub3

===========================================================================================
----------------- testing Wed Jul 10 06:46:39 UTC 2019 /home/travis/build/icyphy/ptII/ptolemy/actor/lib/test/auto/LazySubClassModel.xml
----------------- Instantiating /home/travis/build/icyphy/ptII/ptolemy/actor/lib/test/auto/LazySubClassModel.xml
2 ms. Memory: 618496K Free: 322048K (52%)
----------------- Invoking toplevel() on ptolemy.moml.MoMLSimpleApplication@583ed48d
----------------- Done invoking toplevel() on ptolemy.moml.MoMLSimpleApplication@583ed48d
reloadAllAccessors: .LazySubClassModel

===========================================================================================
----------------- testing Wed Jul 10 06:46:39 UTC 2019 /home/travis/build/icyphy/ptII/ptolemy/actor/lib/test/auto/LevelCrossTest1.xml
----------------- Instantiating /home/travis/build/icyphy/ptII/ptolemy/actor/lib/test/auto/LevelCrossTest1.xml
1 ms. Memory: 618496K Free: 316414K (51%)
----------------- Invoking toplevel() on ptolemy.moml.MoMLSimpleApplication@7f4c30d
----------------- Done invoking toplevel() on ptolemy.moml.MoMLSimpleApplication@7f4c30d
reloadAllAccessors: .broken

===========================================================================================
----------------- testing Wed Jul 10 06:46:39 UTC 2019 /home/travis/build/icyphy/ptII/ptolemy/actor/lib/test/auto/LevelCrossTest10.xml
----------------- Instantiating /home/travis/build/icyphy/ptII/ptolemy/actor/lib/test/auto/LevelCrossTest10.xml
2 ms. Memory: 618496K Free: 308736K (50%)
----------------- Invoking toplevel() on ptolemy.moml.MoMLSimpleApplication@15af9ab6
----------------- Done invoking toplevel() on ptolemy.moml.MoMLSimpleApplication@15af9ab6
reloadAllAccessors: .LevelCrossTest10

===========================================================================================
----------------- testing Wed Jul 10 06:46:39 UTC 2019 /home/travis/build/icyphy/ptII/ptolemy/actor/lib/test/auto/LevelCrossTest11.xml
----------------- Instantiating /home/travis/build/icyphy/ptII/ptolemy/actor/lib/test/auto/LevelCrossTest11.xml
2 ms. Memory: 618496K Free: 301568K (49%)
----------------- Invoking toplevel() on ptolemy.moml.MoMLSimpleApplication@54442c5f
----------------- Done invoking toplevel() on ptolemy.moml.MoMLSimpleApplication@54442c5f
reloadAllAccessors: .LevelCrossTest11

===========================================================================================
----------------- testing Wed Jul 10 06:46:39 UTC 2019 /home/travis/build/icyphy/ptII/ptolemy/actor/lib/test/auto/LevelCrossTest12.xml
----------------- Instantiating /home/travis/build/icyphy/ptII/ptolemy/actor/lib/test/auto/LevelCrossTest12.xml
2 ms. Memory: 618496K Free: 294910K (48%)
----------------- Invoking toplevel() on ptolemy.moml.MoMLSimpleApplication@7da4a110
----------------- Done invoking toplevel() on ptolemy.moml.MoMLSimpleApplication@7da4a110
reloadAllAccessors: .LevelCrossTest12

===========================================================================================
----------------- testing Wed Jul 10 06:46:39 UTC 2019 /home/travis/build/icyphy/ptII/ptolemy/actor/lib/test/auto/LevelCrossTest13.xml
----------------- Instantiating /home/travis/build/icyphy/ptII/ptolemy/actor/lib/test/auto/LevelCrossTest13.xml
1 ms. Memory: 618496K Free: 287742K (47%)
----------------- Invoking toplevel() on ptolemy.moml.MoMLSimpleApplication@711df267
----------------- Done invoking toplevel() on ptolemy.moml.MoMLSimpleApplication@711df267
reloadAllAccessors: .LevelCrossTest13

===========================================================================================
----------------- testing Wed Jul 10 06:46:39 UTC 2019 /home/travis/build/icyphy/ptII/ptolemy/actor/lib/test/auto/LevelCrossTest2.xml
----------------- Instantiating /home/travis/build/icyphy/ptII/ptolemy/actor/lib/test/auto/LevelCrossTest2.xml
1 ms. Memory: 618496K Free: 282112K (46%)
----------------- Invoking toplevel() on ptolemy.moml.MoMLSimpleApplication@4dd59161
----------------- Done invoking toplevel() on ptolemy.moml.MoMLSimpleApplication@4dd59161
reloadAllAccessors: .broken

===========================================================================================
----------------- testing Wed Jul 10 06:46:40 UTC 2019 /home/travis/build/icyphy/ptII/ptolemy/actor/lib/test/auto/LevelCrossTest3.xml
----------------- Instantiating /home/travis/build/icyphy/ptII/ptolemy/actor/lib/test/auto/LevelCrossTest3.xml
1 ms. Memory: 618496K Free: 275454K (45%)
----------------- Invoking toplevel() on ptolemy.moml.MoMLSimpleApplication@10ca3909
----------------- Done invoking toplevel() on ptolemy.moml.MoMLSimpleApplication@10ca3909
reloadAllAccessors: .LevelCrossTest3

===========================================================================================
----------------- testing Wed Jul 10 06:46:40 UTC 2019 /home/travis/build/icyphy/ptII/ptolemy/actor/lib/test/auto/LevelCrossTest4.xml
----------------- Instantiating /home/travis/build/icyphy/ptII/ptolemy/actor/lib/test/auto/LevelCrossTest4.xml
1 ms. Memory: 618496K Free: 270848K (44%)
----------------- Invoking toplevel() on ptolemy.moml.MoMLSimpleApplication@16ce928b
----------------- Done invoking toplevel() on ptolemy.moml.MoMLSimpleApplication@16ce928b
reloadAllAccessors: .broken

===========================================================================================
----------------- testing Wed Jul 10 06:46:40 UTC 2019 /home/travis/build/icyphy/ptII/ptolemy/actor/lib/test/auto/LevelCrossTest5.xml
----------------- Instantiating /home/travis/build/icyphy/ptII/ptolemy/actor/lib/test/auto/LevelCrossTest5.xml
4 ms. Memory: 618496K Free: 263680K (43%)
----------------- Invoking toplevel() on ptolemy.moml.MoMLSimpleApplication@34dbecd1
----------------- Done invoking toplevel() on ptolemy.moml.MoMLSimpleApplication@34dbecd1
reloadAllAccessors: .LevelCrossTest5

===========================================================================================
----------------- testing Wed Jul 10 06:46:40 UTC 2019 /home/travis/build/icyphy/ptII/ptolemy/actor/lib/test/auto/LevelCrossTest6.xml
----------------- Instantiating /home/travis/build/icyphy/ptII/ptolemy/actor/lib/test/auto/LevelCrossTest6.xml
2 ms. Memory: 618496K Free: 256512K (41%)
----------------- Invoking toplevel() on ptolemy.moml.MoMLSimpleApplication@dabcdb4
----------------- Done invoking toplevel() on ptolemy.moml.MoMLSimpleApplication@dabcdb4
reloadAllAccessors: .LevelCrossTest6

===========================================================================================
----------------- testing Wed Jul 10 06:46:40 UTC 2019 /home/travis/build/icyphy/ptII/ptolemy/actor/lib/test/auto/LevelCrossTest7.xml
----------------- Instantiating /home/travis/build/icyphy/ptII/ptolemy/actor/lib/test/auto/LevelCrossTest7.xml
7 ms. Memory: 618496K Free: 248830K (40%)
----------------- Invoking toplevel() on ptolemy.moml.MoMLSimpleApplication@77e437cb
----------------- Done invoking toplevel() on ptolemy.moml.MoMLSimpleApplication@77e437cb
reloadAllAccessors: .LevelCrossTest7

===========================================================================================
----------------- testing Wed Jul 10 06:46:40 UTC 2019 /home/travis/build/icyphy/ptII/ptolemy/actor/lib/test/auto/LevelCrossTest8.xml
----------------- Instantiating /home/travis/build/icyphy/ptII/ptolemy/actor/lib/test/auto/LevelCrossTest8.xml
1 ms. Memory: 618496K Free: 241662K (39%)
----------------- Invoking toplevel() on ptolemy.moml.MoMLSimpleApplication@7682b882
----------------- Done invoking toplevel() on ptolemy.moml.MoMLSimpleApplication@7682b882
reloadAllAccessors: .LevelCrossTest8

===========================================================================================
----------------- testing Wed Jul 10 06:46:40 UTC 2019 /home/travis/build/icyphy/ptII/ptolemy/actor/lib/test/auto/LevelCrossTest9.xml
----------------- Instantiating /home/travis/build/icyphy/ptII/ptolemy/actor/lib/test/auto/LevelCrossTest9.xml
2 ms. Memory: 618496K Free: 234494K (38%)
----------------- Invoking toplevel() on ptolemy.moml.MoMLSimpleApplication@78db613e
----------------- Done invoking toplevel() on ptolemy.moml.MoMLSimpleApplication@78db613e
reloadAllAccessors: .LevelCrossTest9

===========================================================================================
----------------- testing Wed Jul 10 06:46:40 UTC 2019 /home/travis/build/icyphy/ptII/ptolemy/actor/lib/test/auto/LevinsonDurbin.xml
----------------- Instantiating /home/travis/build/icyphy/ptII/ptolemy/actor/lib/test/auto/LevinsonDurbin.xml
1 ms. Memory: 618496K Free: 230398K (37%)
----------------- Invoking toplevel() on ptolemy.moml.MoMLSimpleApplication@b1f804c
----------------- Done invoking toplevel() on ptolemy.moml.MoMLSimpleApplication@b1f804c
reloadAllAccessors: .LevinsonDurbin

===========================================================================================
----------------- testing Wed Jul 10 06:46:40 UTC 2019 /home/travis/build/icyphy/ptII/ptolemy/actor/lib/test/auto/LevinsonDurbin2.xml
----------------- Instantiating /home/travis/build/icyphy/ptII/ptolemy/actor/lib/test/auto/LevinsonDurbin2.xml
2 ms. Memory: 618496K Free: 226302K (37%)
----------------- Invoking toplevel() on ptolemy.moml.MoMLSimpleApplication@3c412e5f
----------------- Done invoking toplevel() on ptolemy.moml.MoMLSimpleApplication@3c412e5f
reloadAllAccessors: .LevinsonDurbin2

===========================================================================================
----------------- testing Wed Jul 10 06:46:40 UTC 2019 /home/travis/build/icyphy/ptII/ptolemy/actor/lib/test/auto/LevinsonDurbin3.xml
----------------- Instantiating /home/travis/build/icyphy/ptII/ptolemy/actor/lib/test/auto/LevinsonDurbin3.xml
2 ms. Memory: 618496K Free: 222206K (36%)
----------------- Invoking toplevel() on ptolemy.moml.MoMLSimpleApplication@725b0fad
----------------- Done invoking toplevel() on ptolemy.moml.MoMLSimpleApplication@725b0fad
reloadAllAccessors: .LevinsonDurbin3

===========================================================================================
----------------- testing Wed Jul 10 06:46:40 UTC 2019 /home/travis/build/icyphy/ptII/ptolemy/actor/lib/test/auto/Limiter.xml
----------------- Instantiating /home/travis/build/icyphy/ptII/ptolemy/actor/lib/test/auto/Limiter.xml
5 ms. Memory: 618496K Free: 212975K (34%)
----------------- Invoking toplevel() on ptolemy.moml.MoMLSimpleApplication@33888c
----------------- Done invoking toplevel() on ptolemy.moml.MoMLSimpleApplication@33888c
reloadAllAccessors: .Limiter

===========================================================================================
----------------- testing Wed Jul 10 06:46:40 UTC 2019 /home/travis/build/icyphy/ptII/ptolemy/actor/lib/test/auto/LinearDifferenceEquationSystem.xml
----------------- Instantiating /home/travis/build/icyphy/ptII/ptolemy/actor/lib/test/auto/LinearDifferenceEquationSystem.xml
10 ms. Memory: 618496K Free: 566782K (92%)
----------------- Invoking toplevel() on ptolemy.moml.MoMLSimpleApplication@44c05fb8
----------------- Done invoking toplevel() on ptolemy.moml.MoMLSimpleApplication@44c05fb8
reloadAllAccessors: .LinearDifferenceEquationSystem

===========================================================================================
----------------- testing Wed Jul 10 06:46:40 UTC 2019 /home/travis/build/icyphy/ptII/ptolemy/actor/lib/test/auto/LookupTable.xml
----------------- Instantiating /home/travis/build/icyphy/ptII/ptolemy/actor/lib/test/auto/LookupTable.xml
1 ms. Memory: 618496K Free: 562176K (91%)
----------------- Invoking toplevel() on ptolemy.moml.MoMLSimpleApplication@1a1d12ab
----------------- Done invoking toplevel() on ptolemy.moml.MoMLSimpleApplication@1a1d12ab
reloadAllAccessors: .LookupTable

===========================================================================================
----------------- testing Wed Jul 10 06:46:40 UTC 2019 /home/travis/build/icyphy/ptII/ptolemy/actor/lib/test/auto/MathFunction.xml
----------------- Instantiating /home/travis/build/icyphy/ptII/ptolemy/actor/lib/test/auto/MathFunction.xml
2 ms. Memory: 618496K Free: 553984K (90%)
----------------- Invoking toplevel() on ptolemy.moml.MoMLSimpleApplication@8de959e
----------------- Done invoking toplevel() on ptolemy.moml.MoMLSimpleApplication@8de959e
reloadAllAccessors: .MathFunction

===========================================================================================
----------------- testing Wed Jul 10 06:46:40 UTC 2019 /home/travis/build/icyphy/ptII/ptolemy/actor/lib/test/auto/MathFunction2.xml
----------------- Instantiating /home/travis/build/icyphy/ptII/ptolemy/actor/lib/test/auto/MathFunction2.xml
2 ms. Memory: 618496K Free: 549888K (89%)
----------------- Invoking toplevel() on ptolemy.moml.MoMLSimpleApplication@3a739e41
----------------- Done invoking toplevel() on ptolemy.moml.MoMLSimpleApplication@3a739e41
reloadAllAccessors: .MathFunction2

===========================================================================================
----------------- testing Wed Jul 10 06:46:40 UTC 2019 /home/travis/build/icyphy/ptII/ptolemy/actor/lib/test/auto/MathFunction3.xml
----------------- Instantiating /home/travis/build/icyphy/ptII/ptolemy/actor/lib/test/auto/MathFunction3.xml
6 ms. Memory: 618496K Free: 542720K (88%)
----------------- Invoking toplevel() on ptolemy.moml.MoMLSimpleApplication@487d734e
----------------- Done invoking toplevel() on ptolemy.moml.MoMLSimpleApplication@487d734e
reloadAllAccessors: .MathFunction3

===========================================================================================
----------------- testing Wed Jul 10 06:46:40 UTC 2019 /home/travis/build/icyphy/ptII/ptolemy/actor/lib/test/auto/MatrixCropBoolean.xml
----------------- Instantiating /home/travis/build/icyphy/ptII/ptolemy/actor/lib/test/auto/MatrixCropBoolean.xml
2 ms. Memory: 618496K Free: 538103K (87%)
----------------- Invoking toplevel() on ptolemy.moml.MoMLSimpleApplication@73b7c768
----------------- Done invoking toplevel() on ptolemy.moml.MoMLSimpleApplication@73b7c768
reloadAllAccessors: .MatrixCropBoolean

===========================================================================================
----------------- testing Wed Jul 10 06:46:40 UTC 2019 /home/travis/build/icyphy/ptII/ptolemy/actor/lib/test/auto/MatrixCropComplex.xml
----------------- Instantiating /home/travis/build/icyphy/ptII/ptolemy/actor/lib/test/auto/MatrixCropComplex.xml
2 ms. Memory: 618496K Free: 532975K (86%)
----------------- Invoking toplevel() on ptolemy.moml.MoMLSimpleApplication@791aa543
----------------- Done invoking toplevel() on ptolemy.moml.MoMLSimpleApplication@791aa543
reloadAllAccessors: .MatrixCropComplex

===========================================================================================
----------------- testing Wed Jul 10 06:46:40 UTC 2019 /home/travis/build/icyphy/ptII/ptolemy/actor/lib/test/auto/MatrixCropDouble.xml
----------------- Instantiating /home/travis/build/icyphy/ptII/ptolemy/actor/lib/test/auto/MatrixCropDouble.xml
2 ms. Memory: 618496K Free: 528384K (85%)
----------------- Invoking toplevel() on ptolemy.moml.MoMLSimpleApplication@10e64d6a
----------------- Done invoking toplevel() on ptolemy.moml.MoMLSimpleApplication@10e64d6a
reloadAllAccessors: .MatrixCropDouble

===========================================================================================
----------------- testing Wed Jul 10 06:46:40 UTC 2019 /home/travis/build/icyphy/ptII/ptolemy/actor/lib/test/auto/MatrixCropFix.xml
----------------- Instantiating /home/travis/build/icyphy/ptII/ptolemy/actor/lib/test/auto/MatrixCropFix.xml
2 ms. Memory: 618496K Free: 522719K (85%)
----------------- Invoking toplevel() on ptolemy.moml.MoMLSimpleApplication@96b21a
----------------- Done invoking toplevel() on ptolemy.moml.MoMLSimpleApplication@96b21a
reloadAllAccessors: .MatrixCropFix

===========================================================================================
----------------- testing Wed Jul 10 06:46:40 UTC 2019 /home/travis/build/icyphy/ptII/ptolemy/actor/lib/test/auto/MatrixCropInt.xml
----------------- Instantiating /home/travis/build/icyphy/ptII/ptolemy/actor/lib/test/auto/MatrixCropInt.xml
2 ms. Memory: 618496K Free: 517615K (84%)
----------------- Invoking toplevel() on ptolemy.moml.MoMLSimpleApplication@32d9cbb7
----------------- Done invoking toplevel() on ptolemy.moml.MoMLSimpleApplication@32d9cbb7
reloadAllAccessors: .MatrixCropInt

===========================================================================================
----------------- testing Wed Jul 10 06:46:40 UTC 2019 /home/travis/build/icyphy/ptII/ptolemy/actor/lib/test/auto/MatrixCropLong.xml
----------------- Instantiating /home/travis/build/icyphy/ptII/ptolemy/actor/lib/test/auto/MatrixCropLong.xml
3 ms. Memory: 618496K Free: 512495K (83%)
----------------- Invoking toplevel() on ptolemy.moml.MoMLSimpleApplication@26de2ba2
----------------- Done invoking toplevel() on ptolemy.moml.MoMLSimpleApplication@26de2ba2
reloadAllAccessors: .MatrixCropLong

===========================================================================================
----------------- testing Wed Jul 10 06:46:40 UTC 2019 /home/travis/build/icyphy/ptII/ptolemy/actor/lib/test/auto/MatrixToArray.xml
----------------- Instantiating /home/travis/build/icyphy/ptII/ptolemy/actor/lib/test/auto/MatrixToArray.xml
7 ms. Memory: 618496K Free: 497664K (80%)
----------------- Invoking toplevel() on ptolemy.moml.MoMLSimpleApplication@506281d7
----------------- Done invoking toplevel() on ptolemy.moml.MoMLSimpleApplication@506281d7
reloadAllAccessors: .MatrixToArray

===========================================================================================
----------------- testing Wed Jul 10 06:46:40 UTC 2019 /home/travis/build/icyphy/ptII/ptolemy/actor/lib/test/auto/MaxIndex.xml
----------------- Instantiating /home/travis/build/icyphy/ptII/ptolemy/actor/lib/test/auto/MaxIndex.xml
2 ms. Memory: 618496K Free: 492544K (80%)
----------------- Invoking toplevel() on ptolemy.moml.MoMLSimpleApplication@583bd58
----------------- Done invoking toplevel() on ptolemy.moml.MoMLSimpleApplication@583bd58
reloadAllAccessors: .MaxIndex

===========================================================================================
----------------- testing Wed Jul 10 06:46:40 UTC 2019 /home/travis/build/icyphy/ptII/ptolemy/actor/lib/test/auto/Maximum.xml
----------------- Instantiating /home/travis/build/icyphy/ptII/ptolemy/actor/lib/test/auto/Maximum.xml
3 ms. Memory: 618496K Free: 485855K (79%)
----------------- Invoking toplevel() on ptolemy.moml.MoMLSimpleApplication@18924e43
----------------- Done invoking toplevel() on ptolemy.moml.MoMLSimpleApplication@18924e43
reloadAllAccessors: .Maximum

===========================================================================================
----------------- testing Wed Jul 10 06:46:40 UTC 2019 /home/travis/build/icyphy/ptII/ptolemy/actor/lib/test/auto/MaximumComplex.xml
----------------- Instantiating /home/travis/build/icyphy/ptII/ptolemy/actor/lib/test/auto/MaximumComplex.xml
3 ms. Memory: 618496K Free: 479727K (78%)
----------------- Invoking toplevel() on ptolemy.moml.MoMLSimpleApplication@8edfcb9
----------------- Done invoking toplevel() on ptolemy.moml.MoMLSimpleApplication@8edfcb9
reloadAllAccessors: .MaximumComplex

===========================================================================================
----------------- testing Wed Jul 10 06:46:40 UTC 2019 /home/travis/build/icyphy/ptII/ptolemy/actor/lib/test/auto/MethodCallTest.xml
----------------- Instantiating /home/travis/build/icyphy/ptII/ptolemy/actor/lib/test/auto/MethodCallTest.xml
2 ms. Memory: 618496K Free: 473088K (76%)
----------------- Invoking toplevel() on ptolemy.moml.MoMLSimpleApplication@59daccf5
----------------- Done invoking toplevel() on ptolemy.moml.MoMLSimpleApplication@59daccf5
reloadAllAccessors: .MethodCallTest

===========================================================================================
----------------- testing Wed Jul 10 06:46:40 UTC 2019 /home/travis/build/icyphy/ptII/ptolemy/actor/lib/test/auto/Minimum.xml
----------------- Instantiating /home/travis/build/icyphy/ptII/ptolemy/actor/lib/test/auto/Minimum.xml
3 ms. Memory: 618496K Free: 466944K (75%)
----------------- Invoking toplevel() on ptolemy.moml.MoMLSimpleApplication@18cbb191
----------------- Done invoking toplevel() on ptolemy.moml.MoMLSimpleApplication@18cbb191
reloadAllAccessors: .Minimum

===========================================================================================
----------------- testing Wed Jul 10 06:46:40 UTC 2019 /home/travis/build/icyphy/ptII/ptolemy/actor/lib/test/auto/MinimumComplex.xml
----------------- Instantiating /home/travis/build/icyphy/ptII/ptolemy/actor/lib/test/auto/MinimumComplex.xml
4 ms. Memory: 618496K Free: 460800K (75%)
----------------- Invoking toplevel() on ptolemy.moml.MoMLSimpleApplication@33d966f5
----------------- Done invoking toplevel() on ptolemy.moml.MoMLSimpleApplication@33d966f5
reloadAllAccessors: .MinimumComplex

===========================================================================================
----------------- testing Wed Jul 10 06:46:40 UTC 2019 /home/travis/build/icyphy/ptII/ptolemy/actor/lib/test/auto/MinimumMultiports.xml
----------------- Instantiating /home/travis/build/icyphy/ptII/ptolemy/actor/lib/test/auto/MinimumMultiports.xml
4 ms. Memory: 618496K Free: 452063K (73%)
----------------- Invoking toplevel() on ptolemy.moml.MoMLSimpleApplication@5481adfe
----------------- Done invoking toplevel() on ptolemy.moml.MoMLSimpleApplication@5481adfe
reloadAllAccessors: .MinimumMultiports

===========================================================================================
----------------- testing Wed Jul 10 06:46:40 UTC 2019 /home/travis/build/icyphy/ptII/ptolemy/actor/lib/test/auto/ModifyDate.xml
----------------- Instantiating /home/travis/build/icyphy/ptII/ptolemy/actor/lib/test/auto/ModifyDate.xml
9 ms. Memory: 618496K Free: 439296K (71%)
----------------- Invoking toplevel() on ptolemy.moml.MoMLSimpleApplication@58331afe
----------------- Done invoking toplevel() on ptolemy.moml.MoMLSimpleApplication@58331afe
reloadAllAccessors: .ModifyDate

===========================================================================================
----------------- testing Wed Jul 10 06:46:40 UTC 2019 /home/travis/build/icyphy/ptII/ptolemy/actor/lib/test/auto/ModifyDate2.xml
----------------- Instantiating /home/travis/build/icyphy/ptII/ptolemy/actor/lib/test/auto/ModifyDate2.xml
4 ms. Memory: 618496K Free: 430590K (70%)
----------------- Invoking toplevel() on ptolemy.moml.MoMLSimpleApplication@1d8ab593
----------------- Done invoking toplevel() on ptolemy.moml.MoMLSimpleApplication@1d8ab593
reloadAllAccessors: .ModifyDate2

===========================================================================================
----------------- testing Wed Jul 10 06:46:40 UTC 2019 /home/travis/build/icyphy/ptII/ptolemy/actor/lib/test/auto/MovingAverage.xml
----------------- Instantiating /home/travis/build/icyphy/ptII/ptolemy/actor/lib/test/auto/MovingAverage.xml
2 ms. Memory: 618496K Free: 425470K (69%)
----------------- Invoking toplevel() on ptolemy.moml.MoMLSimpleApplication@5ee749c8
----------------- Done invoking toplevel() on ptolemy.moml.MoMLSimpleApplication@5ee749c8
reloadAllAccessors: .MovingAverage

===========================================================================================
----------------- testing Wed Jul 10 06:46:40 UTC 2019 /home/travis/build/icyphy/ptII/ptolemy/actor/lib/test/auto/MovingMaximum.xml
----------------- Instantiating /home/travis/build/icyphy/ptII/ptolemy/actor/lib/test/auto/MovingMaximum.xml
1 ms. Memory: 618496K Free: 421374K (68%)
----------------- Invoking toplevel() on ptolemy.moml.MoMLSimpleApplication@35dbf324
----------------- Done invoking toplevel() on ptolemy.moml.MoMLSimpleApplication@35dbf324
reloadAllAccessors: .MovingMaximum

===========================================================================================
----------------- testing Wed Jul 10 06:46:40 UTC 2019 /home/travis/build/icyphy/ptII/ptolemy/actor/lib/test/auto/MultipleLinksToSameRelation.xml
----------------- Instantiating /home/travis/build/icyphy/ptII/ptolemy/actor/lib/test/auto/MultipleLinksToSameRelation.xml
5 ms. Memory: 618496K Free: 416768K (67%)
----------------- Invoking toplevel() on ptolemy.moml.MoMLSimpleApplication@2f07552d
----------------- Done invoking toplevel() on ptolemy.moml.MoMLSimpleApplication@2f07552d
reloadAllAccessors: .MultipleLinksToSameRelation

===========================================================================================
----------------- testing Wed Jul 10 06:46:40 UTC 2019 /home/travis/build/icyphy/ptII/ptolemy/actor/lib/test/auto/MultipleLinksToSameRelationDE.xml
----------------- Instantiating /home/travis/build/icyphy/ptII/ptolemy/actor/lib/test/auto/MultipleLinksToSameRelationDE.xml
1 ms. Memory: 618496K Free: 412151K (67%)
----------------- Invoking toplevel() on ptolemy.moml.MoMLSimpleApplication@5f79cffb
----------------- Done invoking toplevel() on ptolemy.moml.MoMLSimpleApplication@5f79cffb
reloadAllAccessors: .MultipleLinksToSameRelationDE

===========================================================================================
----------------- testing Wed Jul 10 06:46:40 UTC 2019 /home/travis/build/icyphy/ptII/ptolemy/actor/lib/test/auto/Multiplexor.xml
----------------- Instantiating /home/travis/build/icyphy/ptII/ptolemy/actor/lib/test/auto/Multiplexor.xml
11 ms. Memory: 618496K Free: 406528K (66%)
----------------- Invoking toplevel() on ptolemy.moml.MoMLSimpleApplication@4834fd92
----------------- Done invoking toplevel() on ptolemy.moml.MoMLSimpleApplication@4834fd92
reloadAllAccessors: .Multiplexor

===========================================================================================
----------------- testing Wed Jul 10 06:46:40 UTC 2019 /home/travis/build/icyphy/ptII/ptolemy/actor/lib/test/auto/Multiplexor1.xml
----------------- Instantiating /home/travis/build/icyphy/ptII/ptolemy/actor/lib/test/auto/Multiplexor1.xml
2 ms. Memory: 618496K Free: 400863K (65%)
----------------- Invoking toplevel() on ptolemy.moml.MoMLSimpleApplication@393ede17
----------------- Done invoking toplevel() on ptolemy.moml.MoMLSimpleApplication@393ede17
reloadAllAccessors: .Multiplexor1

===========================================================================================
----------------- testing Wed Jul 10 06:46:40 UTC 2019 /home/travis/build/icyphy/ptII/ptolemy/actor/lib/test/auto/Multiplexor2.xml
----------------- Instantiating /home/travis/build/icyphy/ptII/ptolemy/actor/lib/test/auto/Multiplexor2.xml
6 ms. Memory: 618496K Free: 393726K (64%)
----------------- Invoking toplevel() on ptolemy.moml.MoMLSimpleApplication@48f97ee9
----------------- Done invoking toplevel() on ptolemy.moml.MoMLSimpleApplication@48f97ee9
reloadAllAccessors: .Multiplexor2

===========================================================================================
----------------- testing Wed Jul 10 06:46:40 UTC 2019 /home/travis/build/icyphy/ptII/ptolemy/actor/lib/test/auto/Multiplexor3.xml
----------------- Instantiating /home/travis/build/icyphy/ptII/ptolemy/actor/lib/test/auto/Multiplexor3.xml
1 ms. Memory: 618496K Free: 389630K (63%)
----------------- Invoking toplevel() on ptolemy.moml.MoMLSimpleApplication@51d2dad7
----------------- Done invoking toplevel() on ptolemy.moml.MoMLSimpleApplication@51d2dad7
reloadAllAccessors: .Multiplexor3

===========================================================================================
----------------- testing Wed Jul 10 06:46:40 UTC 2019 /home/travis/build/icyphy/ptII/ptolemy/actor/lib/test/auto/MultiplexorDE.xml
----------------- Instantiating /home/travis/build/icyphy/ptII/ptolemy/actor/lib/test/auto/MultiplexorDE.xml
2 ms. Memory: 618496K Free: 381952K (62%)
----------------- Invoking toplevel() on ptolemy.moml.MoMLSimpleApplication@6655c9fe
----------------- Done invoking toplevel() on ptolemy.moml.MoMLSimpleApplication@6655c9fe
reloadAllAccessors: .MultiplexorDE

===========================================================================================
----------------- testing Wed Jul 10 06:46:40 UTC 2019 /home/travis/build/icyphy/ptII/ptolemy/actor/lib/test/auto/MultiportBroadcastTest.xml
----------------- Instantiating /home/travis/build/icyphy/ptII/ptolemy/actor/lib/test/auto/MultiportBroadcastTest.xml
93 ms. Memory: 618496K Free: 375294K (61%)
----------------- Invoking toplevel() on ptolemy.moml.MoMLSimpleApplication@2374d4e9
----------------- Done invoking toplevel() on ptolemy.moml.MoMLSimpleApplication@2374d4e9
reloadAllAccessors: .MultiportBroadcastTest

===========================================================================================
----------------- testing Wed Jul 10 06:46:41 UTC 2019 /home/travis/build/icyphy/ptII/ptolemy/actor/lib/test/auto/MultiportOutHangDuringGetWidth.xml
----------------- Instantiating /home/travis/build/icyphy/ptII/ptolemy/actor/lib/test/auto/MultiportOutHangDuringGetWidth.xml
6 ms. Memory: 618496K Free: 363520K (59%)
----------------- Invoking toplevel() on ptolemy.moml.MoMLSimpleApplication@42818489
----------------- Done invoking toplevel() on ptolemy.moml.MoMLSimpleApplication@42818489
reloadAllAccessors: .MultiportOutHangDuringGetWidth

===========================================================================================
----------------- testing Wed Jul 10 06:46:41 UTC 2019 /home/travis/build/icyphy/ptII/ptolemy/actor/lib/test/auto/NilToken.xml
----------------- Instantiating /home/travis/build/icyphy/ptII/ptolemy/actor/lib/test/auto/NilToken.xml
2 ms. Memory: 618496K Free: 359424K (58%)
----------------- Invoking toplevel() on ptolemy.moml.MoMLSimpleApplication@2de0d53d
----------------- Done invoking toplevel() on ptolemy.moml.MoMLSimpleApplication@2de0d53d
reloadAllAccessors: .NilToken

===========================================================================================
----------------- testing Wed Jul 10 06:46:41 UTC 2019 /home/travis/build/icyphy/ptII/ptolemy/actor/lib/test/auto/NilTokenNonStrictTest.xml
----------------- Instantiating /home/travis/build/icyphy/ptII/ptolemy/actor/lib/test/auto/NilTokenNonStrictTest.xml
3 ms. Memory: 618496K Free: 354814K (57%)
----------------- Invoking toplevel() on ptolemy.moml.MoMLSimpleApplication@5d42ad1
----------------- Done invoking toplevel() on ptolemy.moml.MoMLSimpleApplication@5d42ad1
reloadAllAccessors: .NilTokenNonStrictTest

===========================================================================================
----------------- testing Wed Jul 10 06:46:41 UTC 2019 /home/travis/build/icyphy/ptII/ptolemy/actor/lib/test/auto/NilTokenRecord.xml
----------------- Instantiating /home/travis/build/icyphy/ptII/ptolemy/actor/lib/test/auto/NilTokenRecord.xml
12 ms. Memory: 618496K Free: 348160K (56%)
----------------- Invoking toplevel() on ptolemy.moml.MoMLSimpleApplication@3c03697f
----------------- Done invoking toplevel() on ptolemy.moml.MoMLSimpleApplication@3c03697f
reloadAllAccessors: .NilTokenRecord

===========================================================================================
----------------- testing Wed Jul 10 06:46:41 UTC 2019 /home/travis/build/icyphy/ptII/ptolemy/actor/lib/test/auto/NilTokenTypeTest.xml
----------------- Instantiating /home/travis/build/icyphy/ptII/ptolemy/actor/lib/test/auto/NilTokenTypeTest.xml
7 ms. Memory: 618496K Free: 338430K (55%)
----------------- Invoking toplevel() on ptolemy.moml.MoMLSimpleApplication@482ce2eb
----------------- Done invoking toplevel() on ptolemy.moml.MoMLSimpleApplication@482ce2eb
reloadAllAccessors: .NilTokenTypeTest

===========================================================================================
----------------- testing Wed Jul 10 06:46:41 UTC 2019 /home/travis/build/icyphy/ptII/ptolemy/actor/lib/test/auto/ObjectToken1.xml
----------------- Instantiating /home/travis/build/icyphy/ptII/ptolemy/actor/lib/test/auto/ObjectToken1.xml
2 ms. Memory: 618496K Free: 334334K (54%)
----------------- Invoking toplevel() on ptolemy.moml.MoMLSimpleApplication@17389cff
----------------- Done invoking toplevel() on ptolemy.moml.MoMLSimpleApplication@17389cff
reloadAllAccessors: .ObjectToken1

===========================================================================================
----------------- testing Wed Jul 10 06:46:41 UTC 2019 /home/travis/build/icyphy/ptII/ptolemy/actor/lib/test/auto/OrderedMerge.xml
----------------- Instantiating /home/travis/build/icyphy/ptII/ptolemy/actor/lib/test/auto/OrderedMerge.xml
13 ms. Memory: 618496K Free: 328704K (53%)
----------------- Invoking toplevel() on ptolemy.moml.MoMLSimpleApplication@b78f888
----------------- Done invoking toplevel() on ptolemy.moml.MoMLSimpleApplication@b78f888
reloadAllAccessors: .OrderedMerge

===========================================================================================
----------------- testing Wed Jul 10 06:46:41 UTC 2019 /home/travis/build/icyphy/ptII/ptolemy/actor/lib/test/auto/OrderedRecordDisassembler.xml
----------------- Instantiating /home/travis/build/icyphy/ptII/ptolemy/actor/lib/test/auto/OrderedRecordDisassembler.xml
3 ms. Memory: 618496K Free: 323584K (52%)
----------------- Invoking toplevel() on ptolemy.moml.MoMLSimpleApplication@36fd26fc
----------------- Done invoking toplevel() on ptolemy.moml.MoMLSimpleApplication@36fd26fc
reloadAllAccessors: .OrderedRecordDisassembler

===========================================================================================
----------------- testing Wed Jul 10 06:46:41 UTC 2019 /home/travis/build/icyphy/ptII/ptolemy/actor/lib/test/auto/OrderedRecordDisassembler2.xml
----------------- Instantiating /home/travis/build/icyphy/ptII/ptolemy/actor/lib/test/auto/OrderedRecordDisassembler2.xml
5 ms. Memory: 618496K Free: 315887K (51%)
----------------- Invoking toplevel() on ptolemy.moml.MoMLSimpleApplication@d1e4d53
----------------- Done invoking toplevel() on ptolemy.moml.MoMLSimpleApplication@d1e4d53
reloadAllAccessors: .OrderedRecordDisassembler2

===========================================================================================
----------------- testing Wed Jul 10 06:46:41 UTC 2019 /home/travis/build/icyphy/ptII/ptolemy/actor/lib/test/auto/OrderedRecordUpdater.xml
----------------- Instantiating /home/travis/build/icyphy/ptII/ptolemy/actor/lib/test/auto/OrderedRecordUpdater.xml
2 ms. Memory: 618496K Free: 310782K (50%)
----------------- Invoking toplevel() on ptolemy.moml.MoMLSimpleApplication@358cc15b
----------------- Done invoking toplevel() on ptolemy.moml.MoMLSimpleApplication@358cc15b
reloadAllAccessors: .RecordUpdater

===========================================================================================
----------------- testing Wed Jul 10 06:46:41 UTC 2019 /home/travis/build/icyphy/ptII/ptolemy/actor/lib/test/auto/OrderedRecordUpdater2.xml
----------------- Instantiating /home/travis/build/icyphy/ptII/ptolemy/actor/lib/test/auto/OrderedRecordUpdater2.xml
4 ms. Memory: 618496K Free: 306176K (50%)
----------------- Invoking toplevel() on ptolemy.moml.MoMLSimpleApplication@5035931b
----------------- Done invoking toplevel() on ptolemy.moml.MoMLSimpleApplication@5035931b
reloadAllAccessors: .RecordUpdater2

===========================================================================================
----------------- testing Wed Jul 10 06:46:41 UTC 2019 /home/travis/build/icyphy/ptII/ptolemy/actor/lib/test/auto/PhaseUnwrap.xml
----------------- Instantiating /home/travis/build/icyphy/ptII/ptolemy/actor/lib/test/auto/PhaseUnwrap.xml
1 ms. Memory: 618496K Free: 301566K (49%)
----------------- Invoking toplevel() on ptolemy.moml.MoMLSimpleApplication@36af02f7
----------------- Done invoking toplevel() on ptolemy.moml.MoMLSimpleApplication@36af02f7
reloadAllAccessors: .PhaseUnwrap

===========================================================================================
----------------- testing Wed Jul 10 06:46:41 UTC 2019 /home/travis/build/icyphy/ptII/ptolemy/actor/lib/test/auto/PoissonClock.xml
----------------- Instantiating /home/travis/build/icyphy/ptII/ptolemy/actor/lib/test/auto/PoissonClock.xml
1 ms. Memory: 618496K Free: 297470K (48%)
----------------- Invoking toplevel() on ptolemy.moml.MoMLSimpleApplication@4b220236
----------------- Done invoking toplevel() on ptolemy.moml.MoMLSimpleApplication@4b220236
reloadAllAccessors: .PoissonClock

===========================================================================================
----------------- testing Wed Jul 10 06:46:41 UTC 2019 /home/travis/build/icyphy/ptII/ptolemy/actor/lib/test/auto/PoissonClock2.xml
----------------- Instantiating /home/travis/build/icyphy/ptII/ptolemy/actor/lib/test/auto/PoissonClock2.xml
1 ms. Memory: 618496K Free: 292864K (47%)
----------------- Invoking toplevel() on ptolemy.moml.MoMLSimpleApplication@1209d9f3
----------------- Done invoking toplevel() on ptolemy.moml.MoMLSimpleApplication@1209d9f3
reloadAllAccessors: .PoissonClock2

===========================================================================================
----------------- testing Wed Jul 10 06:46:41 UTC 2019 /home/travis/build/icyphy/ptII/ptolemy/actor/lib/test/auto/PoissonClock3.xml
----------------- Instantiating /home/travis/build/icyphy/ptII/ptolemy/actor/lib/test/auto/PoissonClock3.xml
1 ms. Memory: 618496K Free: 288254K (47%)
----------------- Invoking toplevel() on ptolemy.moml.MoMLSimpleApplication@115ad0
----------------- Done invoking toplevel() on ptolemy.moml.MoMLSimpleApplication@115ad0
reloadAllAccessors: .PoissonClock3

===========================================================================================
----------------- testing Wed Jul 10 06:46:41 UTC 2019 /home/travis/build/icyphy/ptII/ptolemy/actor/lib/test/auto/PubSubWithInitialTokens.xml
----------------- Instantiating /home/travis/build/icyphy/ptII/ptolemy/actor/lib/test/auto/PubSubWithInitialTokens.xml
2 ms. Memory: 618496K Free: 282624K (46%)
----------------- Invoking toplevel() on ptolemy.moml.MoMLSimpleApplication@fecdef6
----------------- Done invoking toplevel() on ptolemy.moml.MoMLSimpleApplication@fecdef6
reloadAllAccessors: .PubSubWithInitialTokens

===========================================================================================
----------------- testing Wed Jul 10 06:46:41 UTC 2019 /home/travis/build/icyphy/ptII/ptolemy/actor/lib/test/auto/PubSubWithInitialTokens2.xml
----------------- Instantiating /home/travis/build/icyphy/ptII/ptolemy/actor/lib/test/auto/PubSubWithInitialTokens2.xml
2 ms. Memory: 618496K Free: 276480K (45%)
----------------- Invoking toplevel() on ptolemy.moml.MoMLSimpleApplication@5626fee7
----------------- Done invoking toplevel() on ptolemy.moml.MoMLSimpleApplication@5626fee7
reloadAllAccessors: .PubSubWithInitialTokens2

===========================================================================================
----------------- testing Wed Jul 10 06:46:41 UTC 2019 /home/travis/build/icyphy/ptII/ptolemy/actor/lib/test/auto/PublisherClassNoParameter.xml
----------------- Instantiating /home/travis/build/icyphy/ptII/ptolemy/actor/lib/test/auto/PublisherClassNoParameter.xml
2 ms. Memory: 618496K Free: 266735K (43%)
----------------- Invoking toplevel() on ptolemy.moml.MoMLSimpleApplication@4b488484
----------------- Done invoking toplevel() on ptolemy.moml.MoMLSimpleApplication@4b488484
reloadAllAccessors: .PublisherClassNoParameter

===========================================================================================
----------------- testing Wed Jul 10 06:46:41 UTC 2019 /home/travis/build/icyphy/ptII/ptolemy/actor/lib/test/auto/PublisherClassParameter.xml
----------------- Instantiating /home/travis/build/icyphy/ptII/ptolemy/actor/lib/test/auto/PublisherClassParameter.xml
2 ms. Memory: 618496K Free: 256495K (41%)
----------------- Invoking toplevel() on ptolemy.moml.MoMLSimpleApplication@dff7ce
----------------- Done invoking toplevel() on ptolemy.moml.MoMLSimpleApplication@dff7ce
reloadAllAccessors: .PublisherClassParameter

===========================================================================================
----------------- testing Wed Jul 10 06:46:41 UTC 2019 /home/travis/build/icyphy/ptII/ptolemy/actor/lib/test/auto/PublisherNonStrictTest.xml
----------------- Instantiating /home/travis/build/icyphy/ptII/ptolemy/actor/lib/test/auto/PublisherNonStrictTest.xml
3 ms. Memory: 618496K Free: 248832K (40%)
----------------- Invoking toplevel() on ptolemy.moml.MoMLSimpleApplication@1fe2fabc
----------------- Done invoking toplevel() on ptolemy.moml.MoMLSimpleApplication@1fe2fabc
reloadAllAccessors: .PublisherNonStrictTest

===========================================================================================
----------------- testing Wed Jul 10 06:46:41 UTC 2019 /home/travis/build/icyphy/ptII/ptolemy/actor/lib/test/auto/PublisherPort1.xml
----------------- Instantiating /home/travis/build/icyphy/ptII/ptolemy/actor/lib/test/auto/PublisherPort1.xml
2 ms. Memory: 618496K Free: 243183K (39%)
----------------- Invoking toplevel() on ptolemy.moml.MoMLSimpleApplication@6de51bbc
----------------- Done invoking toplevel() on ptolemy.moml.MoMLSimpleApplication@6de51bbc
reloadAllAccessors: .PublisherPort1

===========================================================================================
----------------- testing Wed Jul 10 06:46:41 UTC 2019 /home/travis/build/icyphy/ptII/ptolemy/actor/lib/test/auto/PublisherPort2.xml
----------------- Instantiating /home/travis/build/icyphy/ptII/ptolemy/actor/lib/test/auto/PublisherPort2.xml
9 ms. Memory: 618496K Free: 238078K (38%)
----------------- Invoking toplevel() on ptolemy.moml.MoMLSimpleApplication@73de8edb
----------------- Done invoking toplevel() on ptolemy.moml.MoMLSimpleApplication@73de8edb
reloadAllAccessors: .PublisherPort2

===========================================================================================
----------------- testing Wed Jul 10 06:46:41 UTC 2019 /home/travis/build/icyphy/ptII/ptolemy/actor/lib/test/auto/PublisherPort3.xml
----------------- Instantiating /home/travis/build/icyphy/ptII/ptolemy/actor/lib/test/auto/PublisherPort3.xml
3 ms. Memory: 618496K Free: 231424K (37%)
----------------- Invoking toplevel() on ptolemy.moml.MoMLSimpleApplication@2bfcd61b
----------------- Done invoking toplevel() on ptolemy.moml.MoMLSimpleApplication@2bfcd61b
reloadAllAccessors: .PublisherPort3

===========================================================================================
----------------- testing Wed Jul 10 06:46:41 UTC 2019 /home/travis/build/icyphy/ptII/ptolemy/actor/lib/test/auto/PublisherPort4.xml
----------------- Instantiating /home/travis/build/icyphy/ptII/ptolemy/actor/lib/test/auto/PublisherPort4.xml
2 ms. Memory: 618496K Free: 225280K (36%)
----------------- Invoking toplevel() on ptolemy.moml.MoMLSimpleApplication@60257996
----------------- Done invoking toplevel() on ptolemy.moml.MoMLSimpleApplication@60257996
reloadAllAccessors: .PublisherPort4

===========================================================================================
----------------- testing Wed Jul 10 06:46:41 UTC 2019 /home/travis/build/icyphy/ptII/ptolemy/actor/lib/test/auto/PublisherPort5.xml
----------------- Instantiating /home/travis/build/icyphy/ptII/ptolemy/actor/lib/test/auto/PublisherPort5.xml
5 ms. Memory: 618496K Free: 217598K (35%)
----------------- Invoking toplevel() on ptolemy.moml.MoMLSimpleApplication@3b4e72d7
----------------- Done invoking toplevel() on ptolemy.moml.MoMLSimpleApplication@3b4e72d7
reloadAllAccessors: .PublisherPort5

===========================================================================================
----------------- testing Wed Jul 10 06:46:41 UTC 2019 /home/travis/build/icyphy/ptII/ptolemy/actor/lib/test/auto/PublisherPort5LookAlike.xml
----------------- Instantiating /home/travis/build/icyphy/ptII/ptolemy/actor/lib/test/auto/PublisherPort5LookAlike.xml
7 ms. Memory: 618496K Free: 209920K (34%)
----------------- Invoking toplevel() on ptolemy.moml.MoMLSimpleApplication@40e72b28
----------------- Done invoking toplevel() on ptolemy.moml.MoMLSimpleApplication@40e72b28
reloadAllAccessors: .PublisherPort5LookAlike

===========================================================================================
----------------- testing Wed Jul 10 06:46:41 UTC 2019 /home/travis/build/icyphy/ptII/ptolemy/actor/lib/test/auto/PublisherPort6.xml
----------------- Instantiating /home/travis/build/icyphy/ptII/ptolemy/actor/lib/test/auto/PublisherPort6.xml
2 ms. Memory: 618496K Free: 564734K (91%)
----------------- Invoking toplevel() on ptolemy.moml.MoMLSimpleApplication@8634786
----------------- Done invoking toplevel() on ptolemy.moml.MoMLSimpleApplication@8634786
reloadAllAccessors: .PublisherPort6

===========================================================================================
----------------- testing Wed Jul 10 06:46:41 UTC 2019 /home/travis/build/icyphy/ptII/ptolemy/actor/lib/test/auto/PublisherPort7.xml
----------------- Instantiating /home/travis/build/icyphy/ptII/ptolemy/actor/lib/test/auto/PublisherPort7.xml
3 ms. Memory: 618496K Free: 556542K (90%)
----------------- Invoking toplevel() on ptolemy.moml.MoMLSimpleApplication@46ac403a
----------------- Done invoking toplevel() on ptolemy.moml.MoMLSimpleApplication@46ac403a
reloadAllAccessors: .PublisherPort7

===========================================================================================
----------------- testing Wed Jul 10 06:46:41 UTC 2019 /home/travis/build/icyphy/ptII/ptolemy/actor/lib/test/auto/PublisherPort8.xml
----------------- Instantiating /home/travis/build/icyphy/ptII/ptolemy/actor/lib/test/auto/PublisherPort8.xml
5 ms. Memory: 618496K Free: 547840K (89%)
----------------- Invoking toplevel() on ptolemy.moml.MoMLSimpleApplication@ea870ed
----------------- Done invoking toplevel() on ptolemy.moml.MoMLSimpleApplication@ea870ed
reloadAllAccessors: .PublisherPort8

===========================================================================================
----------------- testing Wed Jul 10 06:46:41 UTC 2019 /home/travis/build/icyphy/ptII/ptolemy/actor/lib/test/auto/PublisherPortSubscriberChannelVariablesAOC2.xml
----------------- Instantiating /home/travis/build/icyphy/ptII/ptolemy/actor/lib/test/auto/PublisherPortSubscriberChannelVariablesAOC2.xml
3 ms. Memory: 618496K Free: 530432K (86%)
----------------- Invoking toplevel() on ptolemy.moml.MoMLSimpleApplication@4146b945
----------------- Done invoking toplevel() on ptolemy.moml.MoMLSimpleApplication@4146b945
reloadAllAccessors: .PublisherPortSubscriberChannelVariablesAOC2

===========================================================================================
----------------- testing Wed Jul 10 06:46:41 UTC 2019 /home/travis/build/icyphy/ptII/ptolemy/actor/lib/test/auto/PublisherPortSubscriberOpaqueWidthInference.xml
----------------- Instantiating /home/travis/build/icyphy/ptII/ptolemy/actor/lib/test/auto/PublisherPortSubscriberOpaqueWidthInference.xml
3 ms. Memory: 618496K Free: 522240K (84%)
----------------- Invoking toplevel() on ptolemy.moml.MoMLSimpleApplication@573cf827
----------------- Done invoking toplevel() on ptolemy.moml.MoMLSimpleApplication@573cf827
reloadAllAccessors: .PublisherPortSubscriberOpaqueWidthInference

===========================================================================================
----------------- testing Wed Jul 10 06:46:41 UTC 2019 /home/travis/build/icyphy/ptII/ptolemy/actor/lib/test/auto/PublisherPortSubscriberPortAdjacent.xml
----------------- Instantiating /home/travis/build/icyphy/ptII/ptolemy/actor/lib/test/auto/PublisherPortSubscriberPortAdjacent.xml
2 ms. Memory: 618496K Free: 514048K (83%)
----------------- Invoking toplevel() on ptolemy.moml.MoMLSimpleApplication@2e001652
----------------- Done invoking toplevel() on ptolemy.moml.MoMLSimpleApplication@2e001652
reloadAllAccessors: .PublisherPortSubscriberPortAdjacent

===========================================================================================
----------------- testing Wed Jul 10 06:46:41 UTC 2019 /home/travis/build/icyphy/ptII/ptolemy/actor/lib/test/auto/PublisherPortSubscriberPortExpression.xml
----------------- Instantiating /home/travis/build/icyphy/ptII/ptolemy/actor/lib/test/auto/PublisherPortSubscriberPortExpression.xml
7 ms. Memory: 618496K Free: 506351K (82%)
----------------- Invoking toplevel() on ptolemy.moml.MoMLSimpleApplication@1aafaf9f
----------------- Done invoking toplevel() on ptolemy.moml.MoMLSimpleApplication@1aafaf9f
reloadAllAccessors: .PublisherPortSubscriberPortExpression

===========================================================================================
----------------- testing Wed Jul 10 06:46:41 UTC 2019 /home/travis/build/icyphy/ptII/ptolemy/actor/lib/test/auto/PublisherPortSubscriberPortOpaqueD3Reverse.xml
----------------- Instantiating /home/travis/build/icyphy/ptII/ptolemy/actor/lib/test/auto/PublisherPortSubscriberPortOpaqueD3Reverse.xml
10 ms. Memory: 618496K Free: 496126K (80%)
----------------- Invoking toplevel() on ptolemy.moml.MoMLSimpleApplication@6bdefcdb
----------------- Done invoking toplevel() on ptolemy.moml.MoMLSimpleApplication@6bdefcdb
reloadAllAccessors: .PublisherPortSubscriberPortOpaqueD3Reverse

===========================================================================================
----------------- testing Wed Jul 10 06:46:41 UTC 2019 /home/travis/build/icyphy/ptII/ptolemy/actor/lib/test/auto/PublisherPortSubscriberPortOpaqueWidthInference.xml
----------------- Instantiating /home/travis/build/icyphy/ptII/ptolemy/actor/lib/test/auto/PublisherPortSubscriberPortOpaqueWidthInference.xml
4 ms. Memory: 618496K Free: 488448K (79%)
----------------- Invoking toplevel() on ptolemy.moml.MoMLSimpleApplication@253a6498
----------------- Done invoking toplevel() on ptolemy.moml.MoMLSimpleApplication@253a6498
reloadAllAccessors: .PublisherPortSubscriberPortOpaqueWidthInference

===========================================================================================
----------------- testing Wed Jul 10 06:46:41 UTC 2019 /home/travis/build/icyphy/ptII/ptolemy/actor/lib/test/auto/PublisherPortToplevelSubscriberPortAOC.xml
----------------- Instantiating /home/travis/build/icyphy/ptII/ptolemy/actor/lib/test/auto/PublisherPortToplevelSubscriberPortAOC.xml
.PublisherPortToplevelSubscriberPortAOC.TestExceptionAttribute: initialize() was not invoked, but wrapup() was.  This is unusual, but not always a problem.  For example, exporting JNLP will do this.
2 ms. Memory: 618496K Free: 482304K (78%)
----------------- Invoking toplevel() on ptolemy.moml.MoMLSimpleApplication@52277809
----------------- Done invoking toplevel() on ptolemy.moml.MoMLSimpleApplication@52277809
reloadAllAccessors: .PublisherPortToplevelSubscriberPortAOC

===========================================================================================
----------------- testing Wed Jul 10 06:46:41 UTC 2019 /home/travis/build/icyphy/ptII/ptolemy/actor/lib/test/auto/PublisherSubscriber.xml
----------------- Instantiating /home/travis/build/icyphy/ptII/ptolemy/actor/lib/test/auto/PublisherSubscriber.xml
3 ms. Memory: 618496K Free: 474591K (77%)
----------------- Invoking toplevel() on ptolemy.moml.MoMLSimpleApplication@52ce51ce
----------------- Done invoking toplevel() on ptolemy.moml.MoMLSimpleApplication@52ce51ce
reloadAllAccessors: .PublisherSubscriber

===========================================================================================
----------------- testing Wed Jul 10 06:46:42 UTC 2019 /home/travis/build/icyphy/ptII/ptolemy/actor/lib/test/auto/PublisherSubscriber10.xml
----------------- Instantiating /home/travis/build/icyphy/ptII/ptolemy/actor/lib/test/auto/PublisherSubscriber10.xml
7 ms. Memory: 618496K Free: 464382K (75%)
----------------- Invoking toplevel() on ptolemy.moml.MoMLSimpleApplication@5322644b
----------------- Done invoking toplevel() on ptolemy.moml.MoMLSimpleApplication@5322644b
reloadAllAccessors: .PublisherSubscriber10

===========================================================================================
----------------- testing Wed Jul 10 06:46:42 UTC 2019 /home/travis/build/icyphy/ptII/ptolemy/actor/lib/test/auto/PublisherSubscriber10InitialOutputs.xml
----------------- Instantiating /home/travis/build/icyphy/ptII/ptolemy/actor/lib/test/auto/PublisherSubscriber10InitialOutputs.xml
16 ms. Memory: 618496K Free: 455166K (74%)
----------------- Invoking toplevel() on ptolemy.moml.MoMLSimpleApplication@12d834a3
----------------- Done invoking toplevel() on ptolemy.moml.MoMLSimpleApplication@12d834a3
reloadAllAccessors: .PublisherSubscriber10InitialOutputs

===========================================================================================
----------------- testing Wed Jul 10 06:46:42 UTC 2019 /home/travis/build/icyphy/ptII/ptolemy/actor/lib/test/auto/PublisherSubscriber11.xml
----------------- Instantiating /home/travis/build/icyphy/ptII/ptolemy/actor/lib/test/auto/PublisherSubscriber11.xml
4 ms. Memory: 618496K Free: 448991K (73%)
----------------- Invoking toplevel() on ptolemy.moml.MoMLSimpleApplication@21e86e92
----------------- Done invoking toplevel() on ptolemy.moml.MoMLSimpleApplication@21e86e92
reloadAllAccessors: .PublisherSubscriber11

===========================================================================================
----------------- testing Wed Jul 10 06:46:42 UTC 2019 /home/travis/build/icyphy/ptII/ptolemy/actor/lib/test/auto/PublisherSubscriber12.xml
----------------- Instantiating /home/travis/build/icyphy/ptII/ptolemy/actor/lib/test/auto/PublisherSubscriber12.xml
6 ms. Memory: 618496K Free: 441854K (71%)
----------------- Invoking toplevel() on ptolemy.moml.MoMLSimpleApplication@41dfa75e
----------------- Done invoking toplevel() on ptolemy.moml.MoMLSimpleApplication@41dfa75e
reloadAllAccessors: .PublisherSubscriber12

===========================================================================================
----------------- testing Wed Jul 10 06:46:42 UTC 2019 /home/travis/build/icyphy/ptII/ptolemy/actor/lib/test/auto/PublisherSubscriber13.xml
----------------- Instantiating /home/travis/build/icyphy/ptII/ptolemy/actor/lib/test/auto/PublisherSubscriber13.xml
3 ms. Memory: 618496K Free: 436224K (71%)
----------------- Invoking toplevel() on ptolemy.moml.MoMLSimpleApplication@318efc6
----------------- Done invoking toplevel() on ptolemy.moml.MoMLSimpleApplication@318efc6
reloadAllAccessors: .PublisherSubscriber13

===========================================================================================
----------------- testing Wed Jul 10 06:46:42 UTC 2019 /home/travis/build/icyphy/ptII/ptolemy/actor/lib/test/auto/PublisherSubscriber14.xml
----------------- Instantiating /home/travis/build/icyphy/ptII/ptolemy/actor/lib/test/auto/PublisherSubscriber14.xml
2 ms. Memory: 618496K Free: 427503K (69%)
----------------- Invoking toplevel() on ptolemy.moml.MoMLSimpleApplication@7cadf1c9
----------------- Done invoking toplevel() on ptolemy.moml.MoMLSimpleApplication@7cadf1c9
reloadAllAccessors: .PublisherSubscriber14

===========================================================================================
----------------- testing Wed Jul 10 06:46:42 UTC 2019 /home/travis/build/icyphy/ptII/ptolemy/actor/lib/test/auto/PublisherSubscriber2.xml
----------------- Instantiating /home/travis/build/icyphy/ptII/ptolemy/actor/lib/test/auto/PublisherSubscriber2.xml
3 ms. Memory: 618496K Free: 421888K (68%)
----------------- Invoking toplevel() on ptolemy.moml.MoMLSimpleApplication@556b383d
----------------- Done invoking toplevel() on ptolemy.moml.MoMLSimpleApplication@556b383d
reloadAllAccessors: .PublisherSubscriber2

===========================================================================================
----------------- testing Wed Jul 10 06:46:42 UTC 2019 /home/travis/build/icyphy/ptII/ptolemy/actor/lib/test/auto/PublisherSubscriber3.xml
----------------- Instantiating /home/travis/build/icyphy/ptII/ptolemy/actor/lib/test/auto/PublisherSubscriber3.xml
2 ms. Memory: 618496K Free: 416239K (67%)
----------------- Invoking toplevel() on ptolemy.moml.MoMLSimpleApplication@e45e702
----------------- Done invoking toplevel() on ptolemy.moml.MoMLSimpleApplication@e45e702
reloadAllAccessors: .PublisherSubscriber3

===========================================================================================
----------------- testing Wed Jul 10 06:46:42 UTC 2019 /home/travis/build/icyphy/ptII/ptolemy/actor/lib/test/auto/PublisherSubscriber4.xml
----------------- Instantiating /home/travis/build/icyphy/ptII/ptolemy/actor/lib/test/auto/PublisherSubscriber4.xml
2 ms. Memory: 618496K Free: 410110K (66%)
----------------- Invoking toplevel() on ptolemy.moml.MoMLSimpleApplication@10578d77
----------------- Done invoking toplevel() on ptolemy.moml.MoMLSimpleApplication@10578d77
reloadAllAccessors: .PublisherSubscriber4

===========================================================================================
----------------- testing Wed Jul 10 06:46:42 UTC 2019 /home/travis/build/icyphy/ptII/ptolemy/actor/lib/test/auto/PublisherSubscriber5.xml
----------------- Instantiating /home/travis/build/icyphy/ptII/ptolemy/actor/lib/test/auto/PublisherSubscriber5.xml
2 ms. Memory: 618496K Free: 403456K (65%)
----------------- Invoking toplevel() on ptolemy.moml.MoMLSimpleApplication@4573d661
----------------- Done invoking toplevel() on ptolemy.moml.MoMLSimpleApplication@4573d661
reloadAllAccessors: .PublisherSubscriber5

===========================================================================================
----------------- testing Wed Jul 10 06:46:42 UTC 2019 /home/travis/build/icyphy/ptII/ptolemy/actor/lib/test/auto/PublisherSubscriber6.xml
----------------- Instantiating /home/travis/build/icyphy/ptII/ptolemy/actor/lib/test/auto/PublisherSubscriber6.xml
5 ms. Memory: 618496K Free: 396791K (64%)
----------------- Invoking toplevel() on ptolemy.moml.MoMLSimpleApplication@31133859
----------------- Done invoking toplevel() on ptolemy.moml.MoMLSimpleApplication@31133859
reloadAllAccessors: .PublisherSubscriber6

===========================================================================================
----------------- testing Wed Jul 10 06:46:42 UTC 2019 /home/travis/build/icyphy/ptII/ptolemy/actor/lib/test/auto/PublisherSubscriber7.xml
----------------- Instantiating /home/travis/build/icyphy/ptII/ptolemy/actor/lib/test/auto/PublisherSubscriber7.xml
2 ms. Memory: 618496K Free: 390144K (63%)
----------------- Invoking toplevel() on ptolemy.moml.MoMLSimpleApplication@7a0d4696
----------------- Done invoking toplevel() on ptolemy.moml.MoMLSimpleApplication@7a0d4696
reloadAllAccessors: .PublisherSubscriber7

===========================================================================================
----------------- testing Wed Jul 10 06:46:42 UTC 2019 /home/travis/build/icyphy/ptII/ptolemy/actor/lib/test/auto/PublisherSubscriber8.xml
----------------- Instantiating /home/travis/build/icyphy/ptII/ptolemy/actor/lib/test/auto/PublisherSubscriber8.xml
19 ms. Memory: 618496K Free: 378366K (61%)
----------------- Invoking toplevel() on ptolemy.moml.MoMLSimpleApplication@f47b1e2
----------------- Done invoking toplevel() on ptolemy.moml.MoMLSimpleApplication@f47b1e2
reloadAllAccessors: .PublisherSubscriber8

===========================================================================================
----------------- testing Wed Jul 10 06:46:42 UTC 2019 /home/travis/build/icyphy/ptII/ptolemy/actor/lib/test/auto/PublisherSubscriber9.xml
----------------- Instantiating /home/travis/build/icyphy/ptII/ptolemy/actor/lib/test/auto/PublisherSubscriber9.xml
2 ms. Memory: 618496K Free: 371191K (60%)
----------------- Invoking toplevel() on ptolemy.moml.MoMLSimpleApplication@665d8ecc
----------------- Done invoking toplevel() on ptolemy.moml.MoMLSimpleApplication@665d8ecc
reloadAllAccessors: .PublisherSubscriber9

===========================================================================================
----------------- testing Wed Jul 10 06:46:42 UTC 2019 /home/travis/build/icyphy/ptII/ptolemy/actor/lib/test/auto/PublisherSubscriberAdjacent.xml
----------------- Instantiating /home/travis/build/icyphy/ptII/ptolemy/actor/lib/test/auto/PublisherSubscriberAdjacent.xml
3 ms. Memory: 618496K Free: 363006K (59%)
----------------- Invoking toplevel() on ptolemy.moml.MoMLSimpleApplication@3b6ee9d
----------------- Done invoking toplevel() on ptolemy.moml.MoMLSimpleApplication@3b6ee9d
reloadAllAccessors: .PublisherSubscriberAdjacent

===========================================================================================
----------------- testing Wed Jul 10 06:46:42 UTC 2019 /home/travis/build/icyphy/ptII/ptolemy/actor/lib/test/auto/PublisherSubscriberChannelVariablesAOC2.xml
----------------- Instantiating /home/travis/build/icyphy/ptII/ptolemy/actor/lib/test/auto/PublisherSubscriberChannelVariablesAOC2.xml
3 ms. Memory: 618496K Free: 348160K (56%)
----------------- Invoking toplevel() on ptolemy.moml.MoMLSimpleApplication@344ce4ac
----------------- Done invoking toplevel() on ptolemy.moml.MoMLSimpleApplication@344ce4ac
reloadAllAccessors: .PublisherSubscriberChannelVariablesAOC2

===========================================================================================
----------------- testing Wed Jul 10 06:46:42 UTC 2019 /home/travis/build/icyphy/ptII/ptolemy/actor/lib/test/auto/PublisherSubscriberD3.xml
----------------- Instantiating /home/travis/build/icyphy/ptII/ptolemy/actor/lib/test/auto/PublisherSubscriberD3.xml
2 ms. Memory: 618496K Free: 340992K (55%)
----------------- Invoking toplevel() on ptolemy.moml.MoMLSimpleApplication@71142100
----------------- Done invoking toplevel() on ptolemy.moml.MoMLSimpleApplication@71142100
reloadAllAccessors: .PublisherSubscriberD3

===========================================================================================
----------------- testing Wed Jul 10 06:46:42 UTC 2019 /home/travis/build/icyphy/ptII/ptolemy/actor/lib/test/auto/PublisherSubscriberD3Reverse.xml
----------------- Instantiating /home/travis/build/icyphy/ptII/ptolemy/actor/lib/test/auto/PublisherSubscriberD3Reverse.xml
2 ms. Memory: 618496K Free: 334848K (54%)
----------------- Invoking toplevel() on ptolemy.moml.MoMLSimpleApplication@10916d84
----------------- Done invoking toplevel() on ptolemy.moml.MoMLSimpleApplication@10916d84
reloadAllAccessors: .PublisherSubscriberD3Reverse

===========================================================================================
----------------- testing Wed Jul 10 06:46:42 UTC 2019 /home/travis/build/icyphy/ptII/ptolemy/actor/lib/test/auto/PublisherSubscriberExpression.xml
----------------- Instantiating /home/travis/build/icyphy/ptII/ptolemy/actor/lib/test/auto/PublisherSubscriberExpression.xml
5 ms. Memory: 618496K Free: 326127K (53%)
----------------- Invoking toplevel() on ptolemy.moml.MoMLSimpleApplication@2b488954
----------------- Done invoking toplevel() on ptolemy.moml.MoMLSimpleApplication@2b488954
reloadAllAccessors: .PublisherSubscriberExpression

===========================================================================================
----------------- testing Wed Jul 10 06:46:42 UTC 2019 /home/travis/build/icyphy/ptII/ptolemy/actor/lib/test/auto/PublisherSubscriberOpaque.xml
----------------- Instantiating /home/travis/build/icyphy/ptII/ptolemy/actor/lib/test/auto/PublisherSubscriberOpaque.xml
4 ms. Memory: 618496K Free: 317950K (51%)
----------------- Invoking toplevel() on ptolemy.moml.MoMLSimpleApplication@345e2411
----------------- Done invoking toplevel() on ptolemy.moml.MoMLSimpleApplication@345e2411
reloadAllAccessors: .PublisherSubscriberOpaque

===========================================================================================
----------------- testing Wed Jul 10 06:46:42 UTC 2019 /home/travis/build/icyphy/ptII/ptolemy/actor/lib/test/auto/PublisherSubscriberOpaqueD3.xml
----------------- Instantiating /home/travis/build/icyphy/ptII/ptolemy/actor/lib/test/auto/PublisherSubscriberOpaqueD3.xml
6 ms. Memory: 618496K Free: 306686K (50%)
----------------- Invoking toplevel() on ptolemy.moml.MoMLSimpleApplication@40e747d1
----------------- Done invoking toplevel() on ptolemy.moml.MoMLSimpleApplication@40e747d1
reloadAllAccessors: .PublisherSubscriberOpaqueD3

===========================================================================================
----------------- testing Wed Jul 10 06:46:42 UTC 2019 /home/travis/build/icyphy/ptII/ptolemy/actor/lib/test/auto/PublisherSubscriberOpaqueD3Reverse.xml
----------------- Instantiating /home/travis/build/icyphy/ptII/ptolemy/actor/lib/test/auto/PublisherSubscriberOpaqueD3Reverse.xml
9 ms. Memory: 618496K Free: 295422K (48%)
----------------- Invoking toplevel() on ptolemy.moml.MoMLSimpleApplication@513555d5
----------------- Done invoking toplevel() on ptolemy.moml.MoMLSimpleApplication@513555d5
reloadAllAccessors: .PublisherSubscriberOpaqueD3Reverse

===========================================================================================
----------------- testing Wed Jul 10 06:46:42 UTC 2019 /home/travis/build/icyphy/ptII/ptolemy/actor/lib/test/auto/PublisherSubscriberOpaqueWidthInference.xml
----------------- Instantiating /home/travis/build/icyphy/ptII/ptolemy/actor/lib/test/auto/PublisherSubscriberOpaqueWidthInference.xml
4 ms. Memory: 618496K Free: 287215K (46%)
----------------- Invoking toplevel() on ptolemy.moml.MoMLSimpleApplication@eae1799
----------------- Done invoking toplevel() on ptolemy.moml.MoMLSimpleApplication@eae1799
reloadAllAccessors: .PublisherSubscriberOpaqueWidthInference

===========================================================================================
----------------- testing Wed Jul 10 06:46:42 UTC 2019 /home/travis/build/icyphy/ptII/ptolemy/actor/lib/test/auto/PublisherTestSubscriber.xml
----------------- Instantiating /home/travis/build/icyphy/ptII/ptolemy/actor/lib/test/auto/PublisherTestSubscriber.xml
3 ms. Memory: 618496K Free: 279552K (45%)
----------------- Invoking toplevel() on ptolemy.moml.MoMLSimpleApplication@3092c6a1
----------------- Done invoking toplevel() on ptolemy.moml.MoMLSimpleApplication@3092c6a1
reloadAllAccessors: .PublisherTestSubscriber

===========================================================================================
----------------- testing Wed Jul 10 06:46:42 UTC 2019 /home/travis/build/icyphy/ptII/ptolemy/actor/lib/test/auto/PublisherToplevelSubscriberPortAOC.xml
----------------- Instantiating /home/travis/build/icyphy/ptII/ptolemy/actor/lib/test/auto/PublisherToplevelSubscriberPortAOC.xml
2 ms. Memory: 618496K Free: 273408K (44%)
----------------- Invoking toplevel() on ptolemy.moml.MoMLSimpleApplication@4b1b383
----------------- Done invoking toplevel() on ptolemy.moml.MoMLSimpleApplication@4b1b383
reloadAllAccessors: .PublisherToplevelSubscriberPortAOC

===========================================================================================
----------------- testing Wed Jul 10 06:46:42 UTC 2019 /home/travis/build/icyphy/ptII/ptolemy/actor/lib/test/auto/PulseFiringLimitDE.xml
----------------- Instantiating /home/travis/build/icyphy/ptII/ptolemy/actor/lib/test/auto/PulseFiringLimitDE.xml
2 ms. Memory: 618496K Free: 267264K (43%)
----------------- Invoking toplevel() on ptolemy.moml.MoMLSimpleApplication@68e2be8f
----------------- Done invoking toplevel() on ptolemy.moml.MoMLSimpleApplication@68e2be8f
reloadAllAccessors: .PulseFiringLimitDE

===========================================================================================
----------------- testing Wed Jul 10 06:46:42 UTC 2019 /home/travis/build/icyphy/ptII/ptolemy/actor/lib/test/auto/Ramp1.xml
----------------- Instantiating /home/travis/build/icyphy/ptII/ptolemy/actor/lib/test/auto/Ramp1.xml
1 ms. Memory: 618496K Free: 263168K (43%)
----------------- Invoking toplevel() on ptolemy.moml.MoMLSimpleApplication@6e45c8ea
----------------- Done invoking toplevel() on ptolemy.moml.MoMLSimpleApplication@6e45c8ea
reloadAllAccessors: .Ramp1

===========================================================================================
----------------- testing Wed Jul 10 06:46:42 UTC 2019 /home/travis/build/icyphy/ptII/ptolemy/actor/lib/test/auto/RampFiringLimitDE.xml
----------------- Instantiating /home/travis/build/icyphy/ptII/ptolemy/actor/lib/test/auto/RampFiringLimitDE.xml
3 ms. Memory: 618496K Free: 256495K (41%)
----------------- Invoking toplevel() on ptolemy.moml.MoMLSimpleApplication@cc78ea
----------------- Done invoking toplevel() on ptolemy.moml.MoMLSimpleApplication@cc78ea
reloadAllAccessors: .RampFiringLimitDE

===========================================================================================
----------------- testing Wed Jul 10 06:46:42 UTC 2019 /home/travis/build/icyphy/ptII/ptolemy/actor/lib/test/auto/RampFiringLimitSDF.xml
----------------- Instantiating /home/travis/build/icyphy/ptII/ptolemy/actor/lib/test/auto/RampFiringLimitSDF.xml
2 ms. Memory: 618496K Free: 251383K (41%)
----------------- Invoking toplevel() on ptolemy.moml.MoMLSimpleApplication@313851eb
----------------- Done invoking toplevel() on ptolemy.moml.MoMLSimpleApplication@313851eb
reloadAllAccessors: .RampFiringLimitSDF

===========================================================================================
----------------- testing Wed Jul 10 06:46:42 UTC 2019 /home/travis/build/icyphy/ptII/ptolemy/actor/lib/test/auto/RandomInteger.xml
----------------- Instantiating /home/travis/build/icyphy/ptII/ptolemy/actor/lib/test/auto/RandomInteger.xml
1 ms. Memory: 618496K Free: 247294K (40%)
----------------- Invoking toplevel() on ptolemy.moml.MoMLSimpleApplication@163321e2
----------------- Done invoking toplevel() on ptolemy.moml.MoMLSimpleApplication@163321e2
reloadAllAccessors: .RandomInteger

===========================================================================================
----------------- testing Wed Jul 10 06:46:42 UTC 2019 /home/travis/build/icyphy/ptII/ptolemy/actor/lib/test/auto/ReadFile1.xml
----------------- Instantiating /home/travis/build/icyphy/ptII/ptolemy/actor/lib/test/auto/ReadFile1.xml
2 ms. Memory: 618496K Free: 242688K (39%)
----------------- Invoking toplevel() on ptolemy.moml.MoMLSimpleApplication@53f1390
----------------- Done invoking toplevel() on ptolemy.moml.MoMLSimpleApplication@53f1390
reloadAllAccessors: .ReadFile1

===========================================================================================
----------------- testing Wed Jul 10 06:46:42 UTC 2019 /home/travis/build/icyphy/ptII/ptolemy/actor/lib/test/auto/ReadFile2.xml
----------------- Instantiating /home/travis/build/icyphy/ptII/ptolemy/actor/lib/test/auto/ReadFile2.xml
1 ms. Memory: 618496K Free: 238592K (39%)
----------------- Invoking toplevel() on ptolemy.moml.MoMLSimpleApplication@61656886
----------------- Done invoking toplevel() on ptolemy.moml.MoMLSimpleApplication@61656886
reloadAllAccessors: .ReadFile2

===========================================================================================
----------------- testing Wed Jul 10 06:46:42 UTC 2019 /home/travis/build/icyphy/ptII/ptolemy/actor/lib/test/auto/Reader.xml
----------------- Instantiating /home/travis/build/icyphy/ptII/ptolemy/actor/lib/test/auto/Reader.xml
actor.lib.Reader is obsolete, use actor.lib.io.ExpressionReader instead
1 ms. Memory: 618496K Free: 233982K (38%)
----------------- Invoking toplevel() on ptolemy.moml.MoMLSimpleApplication@217ae324
----------------- Done invoking toplevel() on ptolemy.moml.MoMLSimpleApplication@217ae324
reloadAllAccessors: .Reader

===========================================================================================
----------------- testing Wed Jul 10 06:46:42 UTC 2019 /home/travis/build/icyphy/ptII/ptolemy/actor/lib/test/auto/RecordAssemblerDisplayNameTest.xml
----------------- Instantiating /home/travis/build/icyphy/ptII/ptolemy/actor/lib/test/auto/RecordAssemblerDisplayNameTest.xml
4884 ms. Memory: 618496K Free: 494078K (80%)
----------------- Invoking toplevel() on ptolemy.moml.MoMLSimpleApplication@6726ce78
----------------- Done invoking toplevel() on ptolemy.moml.MoMLSimpleApplication@6726ce78
reloadAllAccessors: .RecordAssemblerDisplayNameTest

===========================================================================================
----------------- testing Wed Jul 10 06:46:47 UTC 2019 /home/travis/build/icyphy/ptII/ptolemy/actor/lib/test/auto/RecordAssemblerTypeError.xml
----------------- Instantiating /home/travis/build/icyphy/ptII/ptolemy/actor/lib/test/auto/RecordAssemblerTypeError.xml
5 ms. Memory: 618496K Free: 484352K (78%)
----------------- Invoking toplevel() on ptolemy.moml.MoMLSimpleApplication@47c9f561
----------------- Done invoking toplevel() on ptolemy.moml.MoMLSimpleApplication@47c9f561
reloadAllAccessors: .RecordAssemblerTypeError

===========================================================================================
----------------- testing Wed Jul 10 06:46:47 UTC 2019 /home/travis/build/icyphy/ptII/ptolemy/actor/lib/test/auto/RecordDisassember.xml
----------------- Instantiating /home/travis/build/icyphy/ptII/ptolemy/actor/lib/test/auto/RecordDisassember.xml
5 ms. Memory: 618496K Free: 479711K (78%)
----------------- Invoking toplevel() on ptolemy.moml.MoMLSimpleApplication@2e083bee
----------------- Done invoking toplevel() on ptolemy.moml.MoMLSimpleApplication@2e083bee
reloadAllAccessors: .RecordDisassember

===========================================================================================
----------------- testing Wed Jul 10 06:46:47 UTC 2019 /home/travis/build/icyphy/ptII/ptolemy/actor/lib/test/auto/RecordDisassemberDisplayNameTest.xml
----------------- Instantiating /home/travis/build/icyphy/ptII/ptolemy/actor/lib/test/auto/RecordDisassemberDisplayNameTest.xml
16 ms. Memory: 618496K Free: 471550K (76%)
----------------- Invoking toplevel() on ptolemy.moml.MoMLSimpleApplication@5098a1b
----------------- Done invoking toplevel() on ptolemy.moml.MoMLSimpleApplication@5098a1b
reloadAllAccessors: .RecordDisassemberDisplayNameTest

===========================================================================================
----------------- testing Wed Jul 10 06:46:47 UTC 2019 /home/travis/build/icyphy/ptII/ptolemy/actor/lib/test/auto/RecordDisassembler.xml
----------------- Instantiating /home/travis/build/icyphy/ptII/ptolemy/actor/lib/test/auto/RecordDisassembler.xml
3 ms. Memory: 618496K Free: 466415K (75%)
----------------- Invoking toplevel() on ptolemy.moml.MoMLSimpleApplication@4e9c3344
----------------- Done invoking toplevel() on ptolemy.moml.MoMLSimpleApplication@4e9c3344
reloadAllAccessors: .RecordDisassembler

===========================================================================================
----------------- testing Wed Jul 10 06:46:47 UTC 2019 /home/travis/build/icyphy/ptII/ptolemy/actor/lib/test/auto/RecordDisassembler2.xml
----------------- Instantiating /home/travis/build/icyphy/ptII/ptolemy/actor/lib/test/auto/RecordDisassembler2.xml
2 ms. Memory: 618496K Free: 461279K (75%)
----------------- Invoking toplevel() on ptolemy.moml.MoMLSimpleApplication@6141ac32
----------------- Done invoking toplevel() on ptolemy.moml.MoMLSimpleApplication@6141ac32
reloadAllAccessors: .RecordDisassembler2

===========================================================================================
----------------- testing Wed Jul 10 06:46:47 UTC 2019 /home/travis/build/icyphy/ptII/ptolemy/actor/lib/test/auto/RecordUpdater.xml
----------------- Instantiating /home/travis/build/icyphy/ptII/ptolemy/actor/lib/test/auto/RecordUpdater.xml
2 ms. Memory: 618496K Free: 456190K (74%)
----------------- Invoking toplevel() on ptolemy.moml.MoMLSimpleApplication@3f810ef3
----------------- Done invoking toplevel() on ptolemy.moml.MoMLSimpleApplication@3f810ef3
reloadAllAccessors: .RecordUpdater

===========================================================================================
----------------- testing Wed Jul 10 06:46:47 UTC 2019 /home/travis/build/icyphy/ptII/ptolemy/actor/lib/test/auto/RecordUpdater2.xml
----------------- Instantiating /home/travis/build/icyphy/ptII/ptolemy/actor/lib/test/auto/RecordUpdater2.xml
2 ms. Memory: 618496K Free: 451070K (73%)
----------------- Invoking toplevel() on ptolemy.moml.MoMLSimpleApplication@fffb842
----------------- Done invoking toplevel() on ptolemy.moml.MoMLSimpleApplication@fffb842
reloadAllAccessors: .RecordUpdater2

===========================================================================================
----------------- testing Wed Jul 10 06:46:47 UTC 2019 /home/travis/build/icyphy/ptII/ptolemy/actor/lib/test/auto/RecursiveLattice.xml
----------------- Instantiating /home/travis/build/icyphy/ptII/ptolemy/actor/lib/test/auto/RecursiveLattice.xml
1 ms. Memory: 618496K Free: 446464K (72%)
----------------- Invoking toplevel() on ptolemy.moml.MoMLSimpleApplication@4e3da08
----------------- Done invoking toplevel() on ptolemy.moml.MoMLSimpleApplication@4e3da08
reloadAllAccessors: .RecursiveLattice

===========================================================================================
----------------- testing Wed Jul 10 06:46:47 UTC 2019 /home/travis/build/icyphy/ptII/ptolemy/actor/lib/test/auto/Router.xml
----------------- Instantiating /home/travis/build/icyphy/ptII/ptolemy/actor/lib/test/auto/Router.xml
3004 ms. Memory: 618496K Free: 435710K (70%)
----------------- Invoking toplevel() on ptolemy.moml.MoMLSimpleApplication@1a9725ca
----------------- Done invoking toplevel() on ptolemy.moml.MoMLSimpleApplication@1a9725ca
reloadAllAccessors: .Router

===========================================================================================
----------------- testing Wed Jul 10 06:46:50 UTC 2019 /home/travis/build/icyphy/ptII/ptolemy/actor/lib/test/auto/Router2.xml
----------------- Instantiating /home/travis/build/icyphy/ptII/ptolemy/actor/lib/test/auto/Router2.xml
3004 ms. Memory: 618496K Free: 425470K (69%)
----------------- Invoking toplevel() on ptolemy.moml.MoMLSimpleApplication@475a44ea
----------------- Done invoking toplevel() on ptolemy.moml.MoMLSimpleApplication@475a44ea
reloadAllAccessors: .Router2

===========================================================================================
----------------- testing Wed Jul 10 06:46:53 UTC 2019 /home/travis/build/icyphy/ptII/ptolemy/actor/lib/test/auto/RunningMaximum.xml
----------------- Instantiating /home/travis/build/icyphy/ptII/ptolemy/actor/lib/test/auto/RunningMaximum.xml
2 ms. Memory: 618496K Free: 420350K (68%)
----------------- Invoking toplevel() on ptolemy.moml.MoMLSimpleApplication@333a7243
----------------- Done invoking toplevel() on ptolemy.moml.MoMLSimpleApplication@333a7243
reloadAllAccessors: .RunningMaximum

===========================================================================================
----------------- testing Wed Jul 10 06:46:53 UTC 2019 /home/travis/build/icyphy/ptII/ptolemy/actor/lib/test/auto/RunningMinimum.xml
----------------- Instantiating /home/travis/build/icyphy/ptII/ptolemy/actor/lib/test/auto/RunningMinimum.xml
10 ms. Memory: 618496K Free: 415744K (67%)
----------------- Invoking toplevel() on ptolemy.moml.MoMLSimpleApplication@7b894ca7
----------------- Done invoking toplevel() on ptolemy.moml.MoMLSimpleApplication@7b894ca7
reloadAllAccessors: .RunningMinimum

===========================================================================================
----------------- testing Wed Jul 10 06:46:53 UTC 2019 /home/travis/build/icyphy/ptII/ptolemy/actor/lib/test/auto/Scale.xml
----------------- Instantiating /home/travis/build/icyphy/ptII/ptolemy/actor/lib/test/auto/Scale.xml
1 ms. Memory: 618496K Free: 411134K (66%)
----------------- Invoking toplevel() on ptolemy.moml.MoMLSimpleApplication@51ebf6e6
----------------- Done invoking toplevel() on ptolemy.moml.MoMLSimpleApplication@51ebf6e6
reloadAllAccessors: .Scale

===========================================================================================
----------------- testing Wed Jul 10 06:46:53 UTC 2019 /home/travis/build/icyphy/ptII/ptolemy/actor/lib/test/auto/Scale2.xml
----------------- Instantiating /home/travis/build/icyphy/ptII/ptolemy/actor/lib/test/auto/Scale2.xml
2 ms. Memory: 618496K Free: 406528K (66%)
----------------- Invoking toplevel() on ptolemy.moml.MoMLSimpleApplication@6b492371
----------------- Done invoking toplevel() on ptolemy.moml.MoMLSimpleApplication@6b492371
reloadAllAccessors: .Scale2

===========================================================================================
----------------- testing Wed Jul 10 06:46:54 UTC 2019 /home/travis/build/icyphy/ptII/ptolemy/actor/lib/test/auto/Scale3.xml
----------------- Instantiating /home/travis/build/icyphy/ptII/ptolemy/actor/lib/test/auto/Scale3.xml
4 ms. Memory: 618496K Free: 400384K (65%)
----------------- Invoking toplevel() on ptolemy.moml.MoMLSimpleApplication@2b8967d9
----------------- Done invoking toplevel() on ptolemy.moml.MoMLSimpleApplication@2b8967d9
reloadAllAccessors: .Scale3

===========================================================================================
----------------- testing Wed Jul 10 06:46:54 UTC 2019 /home/travis/build/icyphy/ptII/ptolemy/actor/lib/test/auto/ScaleArray.xml
----------------- Instantiating /home/travis/build/icyphy/ptII/ptolemy/actor/lib/test/auto/ScaleArray.xml
2 ms. Memory: 618496K Free: 395264K (64%)
----------------- Invoking toplevel() on ptolemy.moml.MoMLSimpleApplication@5c118a12
----------------- Done invoking toplevel() on ptolemy.moml.MoMLSimpleApplication@5c118a12
reloadAllAccessors: .ScaleArray

===========================================================================================
----------------- testing Wed Jul 10 06:46:54 UTC 2019 /home/travis/build/icyphy/ptII/ptolemy/actor/lib/test/auto/ScaleArray2.xml
----------------- Instantiating /home/travis/build/icyphy/ptII/ptolemy/actor/lib/test/auto/ScaleArray2.xml
2 ms. Memory: 618496K Free: 390654K (63%)
----------------- Invoking toplevel() on ptolemy.moml.MoMLSimpleApplication@4e082c24
----------------- Done invoking toplevel() on ptolemy.moml.MoMLSimpleApplication@4e082c24
reloadAllAccessors: .ScaleArray2

===========================================================================================
----------------- testing Wed Jul 10 06:46:54 UTC 2019 /home/travis/build/icyphy/ptII/ptolemy/actor/lib/test/auto/ScaleMatrix.xml
----------------- Instantiating /home/travis/build/icyphy/ptII/ptolemy/actor/lib/test/auto/ScaleMatrix.xml
242 ms. Memory: 618496K Free: 374784K (61%)
----------------- Invoking toplevel() on ptolemy.moml.MoMLSimpleApplication@6e20c27c
----------------- Done invoking toplevel() on ptolemy.moml.MoMLSimpleApplication@6e20c27c
reloadAllAccessors: .ScaleMatrix

===========================================================================================
----------------- testing Wed Jul 10 06:46:54 UTC 2019 /home/travis/build/icyphy/ptII/ptolemy/actor/lib/test/auto/Select.xml
----------------- Instantiating /home/travis/build/icyphy/ptII/ptolemy/actor/lib/test/auto/Select.xml
3 ms. Memory: 618496K Free: 368640K (60%)
----------------- Invoking toplevel() on ptolemy.moml.MoMLSimpleApplication@76ce2ce9
----------------- Done invoking toplevel() on ptolemy.moml.MoMLSimpleApplication@76ce2ce9
reloadAllAccessors: .Select

===========================================================================================
----------------- testing Wed Jul 10 06:46:54 UTC 2019 /home/travis/build/icyphy/ptII/ptolemy/actor/lib/test/auto/Select2.xml
----------------- Instantiating /home/travis/build/icyphy/ptII/ptolemy/actor/lib/test/auto/Select2.xml
1 ms. Memory: 618496K Free: 363520K (59%)
----------------- Invoking toplevel() on ptolemy.moml.MoMLSimpleApplication@137ef0
----------------- Done invoking toplevel() on ptolemy.moml.MoMLSimpleApplication@137ef0
reloadAllAccessors: .Select2

===========================================================================================
----------------- testing Wed Jul 10 06:46:54 UTC 2019 /home/travis/build/icyphy/ptII/ptolemy/actor/lib/test/auto/SequenceToArray2.xml
----------------- Instantiating /home/travis/build/icyphy/ptII/ptolemy/actor/lib/test/auto/SequenceToArray2.xml
96 ms. Memory: 618496K Free: 339968K (55%)
----------------- Invoking toplevel() on ptolemy.moml.MoMLSimpleApplication@6e68cce5
----------------- Done invoking toplevel() on ptolemy.moml.MoMLSimpleApplication@6e68cce5
reloadAllAccessors: .SequenceToArray2

===========================================================================================
----------------- testing Wed Jul 10 06:46:54 UTC 2019 /home/travis/build/icyphy/ptII/ptolemy/actor/lib/test/auto/SequentialClock.xml
----------------- Instantiating /home/travis/build/icyphy/ptII/ptolemy/actor/lib/test/auto/SequentialClock.xml
2 ms. Memory: 618496K Free: 335872K (54%)
----------------- Invoking toplevel() on ptolemy.moml.MoMLSimpleApplication@35774044
----------------- Done invoking toplevel() on ptolemy.moml.MoMLSimpleApplication@35774044
reloadAllAccessors: .SequentialClock

===========================================================================================
----------------- testing Wed Jul 10 06:46:54 UTC 2019 /home/travis/build/icyphy/ptII/ptolemy/actor/lib/test/auto/SetVariable.xml
----------------- Instantiating /home/travis/build/icyphy/ptII/ptolemy/actor/lib/test/auto/SetVariable.xml
2 ms. Memory: 618496K Free: 331262K (54%)
----------------- Invoking toplevel() on ptolemy.moml.MoMLSimpleApplication@584d8afd
----------------- Done invoking toplevel() on ptolemy.moml.MoMLSimpleApplication@584d8afd
reloadAllAccessors: .SetVariable

===========================================================================================
----------------- testing Wed Jul 10 06:46:54 UTC 2019 /home/travis/build/icyphy/ptII/ptolemy/actor/lib/test/auto/SetVariable2.xml
----------------- Instantiating /home/travis/build/icyphy/ptII/ptolemy/actor/lib/test/auto/SetVariable2.xml
3 ms. Memory: 618496K Free: 325632K (53%)
----------------- Invoking toplevel() on ptolemy.moml.MoMLSimpleApplication@411b84cb
----------------- Done invoking toplevel() on ptolemy.moml.MoMLSimpleApplication@411b84cb
reloadAllAccessors: .SetVariable2

===========================================================================================
----------------- testing Wed Jul 10 06:46:54 UTC 2019 /home/travis/build/icyphy/ptII/ptolemy/actor/lib/test/auto/SetVariable3.xml
----------------- Instantiating /home/travis/build/icyphy/ptII/ptolemy/actor/lib/test/auto/SetVariable3.xml
5 ms. Memory: 618496K Free: 320512K (52%)
----------------- Invoking toplevel() on ptolemy.moml.MoMLSimpleApplication@72b577dd
----------------- Done invoking toplevel() on ptolemy.moml.MoMLSimpleApplication@72b577dd
reloadAllAccessors: .SetVariable3

===========================================================================================
----------------- testing Wed Jul 10 06:46:54 UTC 2019 /home/travis/build/icyphy/ptII/ptolemy/actor/lib/test/auto/SetVariable4.xml
----------------- Instantiating /home/travis/build/icyphy/ptII/ptolemy/actor/lib/test/auto/SetVariable4.xml
19 ms. Memory: 618496K Free: 311294K (50%)
----------------- Invoking toplevel() on ptolemy.moml.MoMLSimpleApplication@18832bd9
----------------- Done invoking toplevel() on ptolemy.moml.MoMLSimpleApplication@18832bd9
reloadAllAccessors: .SetVariable4

===========================================================================================
----------------- testing Wed Jul 10 06:46:54 UTC 2019 /home/travis/build/icyphy/ptII/ptolemy/actor/lib/test/auto/SetVariable5.xml
----------------- Instantiating /home/travis/build/icyphy/ptII/ptolemy/actor/lib/test/auto/SetVariable5.xml
19 ms. Memory: 618496K Free: 302080K (49%)
----------------- Invoking toplevel() on ptolemy.moml.MoMLSimpleApplication@4506e579
----------------- Done invoking toplevel() on ptolemy.moml.MoMLSimpleApplication@4506e579
reloadAllAccessors: .SetVariable5

===========================================================================================
----------------- testing Wed Jul 10 06:46:54 UTC 2019 /home/travis/build/icyphy/ptII/ptolemy/actor/lib/test/auto/Sinewave.xml
----------------- Instantiating /home/travis/build/icyphy/ptII/ptolemy/actor/lib/test/auto/Sinewave.xml
7 ms. Memory: 618496K Free: 291326K (47%)
----------------- Invoking toplevel() on ptolemy.moml.MoMLSimpleApplication@2f55305d
----------------- Done invoking toplevel() on ptolemy.moml.MoMLSimpleApplication@2f55305d
reloadAllAccessors: .Sinewave

===========================================================================================
----------------- testing Wed Jul 10 06:46:54 UTC 2019 /home/travis/build/icyphy/ptII/ptolemy/actor/lib/test/auto/Sinewave2.xml
----------------- Instantiating /home/travis/build/icyphy/ptII/ptolemy/actor/lib/test/auto/Sinewave2.xml
7 ms. Memory: 618496K Free: 283134K (46%)
----------------- Invoking toplevel() on ptolemy.moml.MoMLSimpleApplication@42f326e9
----------------- Done invoking toplevel() on ptolemy.moml.MoMLSimpleApplication@42f326e9
reloadAllAccessors: .Sinewave2

===========================================================================================
----------------- testing Wed Jul 10 06:46:54 UTC 2019 /home/travis/build/icyphy/ptII/ptolemy/actor/lib/test/auto/Sinewave3.xml
----------------- Instantiating /home/travis/build/icyphy/ptII/ptolemy/actor/lib/test/auto/Sinewave3.xml
8 ms. Memory: 618496K Free: 274911K (44%)
----------------- Invoking toplevel() on ptolemy.moml.MoMLSimpleApplication@38ae8d9b
----------------- Done invoking toplevel() on ptolemy.moml.MoMLSimpleApplication@38ae8d9b
reloadAllAccessors: .Sinewave3

===========================================================================================
----------------- testing Wed Jul 10 06:46:54 UTC 2019 /home/travis/build/icyphy/ptII/ptolemy/actor/lib/test/auto/SingleEvent.xml
----------------- Instantiating /home/travis/build/icyphy/ptII/ptolemy/actor/lib/test/auto/SingleEvent.xml
1 ms. Memory: 618496K Free: 270336K (44%)
----------------- Invoking toplevel() on ptolemy.moml.MoMLSimpleApplication@55b71d68
----------------- Done invoking toplevel() on ptolemy.moml.MoMLSimpleApplication@55b71d68
reloadAllAccessors: .SingleEvent

===========================================================================================
----------------- testing Wed Jul 10 06:46:54 UTC 2019 /home/travis/build/icyphy/ptII/ptolemy/actor/lib/test/auto/Sleep.xml
----------------- Instantiating /home/travis/build/icyphy/ptII/ptolemy/actor/lib/test/auto/Sleep.xml
6003 ms. Memory: 618496K Free: 264702K (43%)
----------------- Invoking toplevel() on ptolemy.moml.MoMLSimpleApplication@260f75b4
----------------- Done invoking toplevel() on ptolemy.moml.MoMLSimpleApplication@260f75b4
reloadAllAccessors: .Sleep

===========================================================================================
----------------- testing Wed Jul 10 06:47:00 UTC 2019 /home/travis/build/icyphy/ptII/ptolemy/actor/lib/test/auto/SleepMultipleFire.xml
----------------- Instantiating /home/travis/build/icyphy/ptII/ptolemy/actor/lib/test/auto/SleepMultipleFire.xml
1010 ms. Memory: 618496K Free: 258558K (42%)
----------------- Invoking toplevel() on ptolemy.moml.MoMLSimpleApplication@6c75fef7
----------------- Done invoking toplevel() on ptolemy.moml.MoMLSimpleApplication@6c75fef7
reloadAllAccessors: .SleepMultipleFire

===========================================================================================
----------------- testing Wed Jul 10 06:47:01 UTC 2019 /home/travis/build/icyphy/ptII/ptolemy/actor/lib/test/auto/StopDE.xml
----------------- Instantiating /home/travis/build/icyphy/ptII/ptolemy/actor/lib/test/auto/StopDE.xml
3 ms. Memory: 618496K Free: 252928K (41%)
----------------- Invoking toplevel() on ptolemy.moml.MoMLSimpleApplication@c7af634
----------------- Done invoking toplevel() on ptolemy.moml.MoMLSimpleApplication@c7af634
reloadAllAccessors: .StopDE

===========================================================================================
----------------- testing Wed Jul 10 06:47:01 UTC 2019 /home/travis/build/icyphy/ptII/ptolemy/actor/lib/test/auto/StopSDF.xml
----------------- Instantiating /home/travis/build/icyphy/ptII/ptolemy/actor/lib/test/auto/StopSDF.xml
7 ms. Memory: 618496K Free: 247294K (40%)
----------------- Invoking toplevel() on ptolemy.moml.MoMLSimpleApplication@5db67a07
----------------- Done invoking toplevel() on ptolemy.moml.MoMLSimpleApplication@5db67a07
reloadAllAccessors: .StopSDF

===========================================================================================
----------------- testing Wed Jul 10 06:47:01 UTC 2019 /home/travis/build/icyphy/ptII/ptolemy/actor/lib/test/auto/StringConstant.xml
----------------- Instantiating /home/travis/build/icyphy/ptII/ptolemy/actor/lib/test/auto/StringConstant.xml
13 ms. Memory: 618496K Free: 242688K (39%)
----------------- Invoking toplevel() on ptolemy.moml.MoMLSimpleApplication@17eab15e
----------------- Done invoking toplevel() on ptolemy.moml.MoMLSimpleApplication@17eab15e
reloadAllAccessors: .StringConstant

===========================================================================================
----------------- testing Wed Jul 10 06:47:01 UTC 2019 /home/travis/build/icyphy/ptII/ptolemy/actor/lib/test/auto/SubscriberPortInitialValues1.xml
----------------- Instantiating /home/travis/build/icyphy/ptII/ptolemy/actor/lib/test/auto/SubscriberPortInitialValues1.xml
6 ms. Memory: 618496K Free: 233982K (38%)
----------------- Invoking toplevel() on ptolemy.moml.MoMLSimpleApplication@219b5129
----------------- Done invoking toplevel() on ptolemy.moml.MoMLSimpleApplication@219b5129
reloadAllAccessors: .SubscriberPortInitialValues1

===========================================================================================
----------------- testing Wed Jul 10 06:47:01 UTC 2019 /home/travis/build/icyphy/ptII/ptolemy/actor/lib/test/auto/SubscriberPortInitialValues13.xml
----------------- Instantiating /home/travis/build/icyphy/ptII/ptolemy/actor/lib/test/auto/SubscriberPortInitialValues13.xml
5 ms. Memory: 618496K Free: 220670K (36%)
----------------- Invoking toplevel() on ptolemy.moml.MoMLSimpleApplication@2f39131e
----------------- Done invoking toplevel() on ptolemy.moml.MoMLSimpleApplication@2f39131e
reloadAllAccessors: .SubscriberPortInitialValues13

===========================================================================================
----------------- testing Wed Jul 10 06:47:01 UTC 2019 /home/travis/build/icyphy/ptII/ptolemy/actor/lib/test/auto/SubscriberPortInitialValues14.xml
----------------- Instantiating /home/travis/build/icyphy/ptII/ptolemy/actor/lib/test/auto/SubscriberPortInitialValues14.xml
5 ms. Memory: 618496K Free: 212992K (34%)
----------------- Invoking toplevel() on ptolemy.moml.MoMLSimpleApplication@3cb86823
----------------- Done invoking toplevel() on ptolemy.moml.MoMLSimpleApplication@3cb86823
reloadAllAccessors: .SubscriberPortInitialValues14

===========================================================================================
----------------- testing Wed Jul 10 06:47:01 UTC 2019 /home/travis/build/icyphy/ptII/ptolemy/actor/lib/test/auto/SubscriberPortInitialValues2.xml
----------------- Instantiating /home/travis/build/icyphy/ptII/ptolemy/actor/lib/test/auto/SubscriberPortInitialValues2.xml
4 ms. Memory: 618496K Free: 566270K (92%)
----------------- Invoking toplevel() on ptolemy.moml.MoMLSimpleApplication@5808d750
----------------- Done invoking toplevel() on ptolemy.moml.MoMLSimpleApplication@5808d750
reloadAllAccessors: .SubscriberPortInitialValues2

===========================================================================================
----------------- testing Wed Jul 10 06:47:02 UTC 2019 /home/travis/build/icyphy/ptII/ptolemy/actor/lib/test/auto/SubscriberPortInitialValues3.xml
----------------- Instantiating /home/travis/build/icyphy/ptII/ptolemy/actor/lib/test/auto/SubscriberPortInitialValues3.xml
5 ms. Memory: 618496K Free: 554496K (90%)
----------------- Invoking toplevel() on ptolemy.moml.MoMLSimpleApplication@3a9abe77
----------------- Done invoking toplevel() on ptolemy.moml.MoMLSimpleApplication@3a9abe77
reloadAllAccessors: .SubscriberPortInitialValues3

===========================================================================================
----------------- testing Wed Jul 10 06:47:02 UTC 2019 /home/travis/build/icyphy/ptII/ptolemy/actor/lib/test/auto/SubscriptionAggregator.xml
----------------- Instantiating /home/travis/build/icyphy/ptII/ptolemy/actor/lib/test/auto/SubscriptionAggregator.xml
3 ms. Memory: 618496K Free: 547823K (89%)
----------------- Invoking toplevel() on ptolemy.moml.MoMLSimpleApplication@5f2a21ca
----------------- Done invoking toplevel() on ptolemy.moml.MoMLSimpleApplication@5f2a21ca
reloadAllAccessors: .SubscriptionAggregator

===========================================================================================
----------------- testing Wed Jul 10 06:47:02 UTC 2019 /home/travis/build/icyphy/ptII/ptolemy/actor/lib/test/auto/SubscriptionAggregator2.xml
----------------- Instantiating /home/travis/build/icyphy/ptII/ptolemy/actor/lib/test/auto/SubscriptionAggregator2.xml
3 ms. Memory: 618496K Free: 541184K (88%)
----------------- Invoking toplevel() on ptolemy.moml.MoMLSimpleApplication@388d3ade
----------------- Done invoking toplevel() on ptolemy.moml.MoMLSimpleApplication@388d3ade
reloadAllAccessors: .SubscriptionAggregator2

===========================================================================================
----------------- testing Wed Jul 10 06:47:02 UTC 2019 /home/travis/build/icyphy/ptII/ptolemy/actor/lib/test/auto/SubscriptionAggregator3.xml
----------------- Instantiating /home/travis/build/icyphy/ptII/ptolemy/actor/lib/test/auto/SubscriptionAggregator3.xml
3 ms. Memory: 618496K Free: 532478K (86%)
----------------- Invoking toplevel() on ptolemy.moml.MoMLSimpleApplication@af91fa7
----------------- Done invoking toplevel() on ptolemy.moml.MoMLSimpleApplication@af91fa7
reloadAllAccessors: .SubscriptionAggregator3

===========================================================================================
----------------- testing Wed Jul 10 06:47:02 UTC 2019 /home/travis/build/icyphy/ptII/ptolemy/actor/lib/test/auto/SubscriptionAggregatorMultiply.xml
----------------- Instantiating /home/travis/build/icyphy/ptII/ptolemy/actor/lib/test/auto/SubscriptionAggregatorMultiply.xml
3 ms. Memory: 618496K Free: 523255K (85%)
----------------- Invoking toplevel() on ptolemy.moml.MoMLSimpleApplication@ad59226
----------------- Done invoking toplevel() on ptolemy.moml.MoMLSimpleApplication@ad59226
reloadAllAccessors: .SubscriptionAggregatorMultiply

===========================================================================================
----------------- testing Wed Jul 10 06:47:02 UTC 2019 /home/travis/build/icyphy/ptII/ptolemy/actor/lib/test/auto/SubscriptionAggregatorPortMultiply1.xml
----------------- Instantiating /home/travis/build/icyphy/ptII/ptolemy/actor/lib/test/auto/SubscriptionAggregatorPortMultiply1.xml
4 ms. Memory: 618496K Free: 515584K (83%)
----------------- Invoking toplevel() on ptolemy.moml.MoMLSimpleApplication@7ff6e805
----------------- Done invoking toplevel() on ptolemy.moml.MoMLSimpleApplication@7ff6e805
reloadAllAccessors: .SubscriptionAggregatorPortMultiply1

===========================================================================================
----------------- testing Wed Jul 10 06:47:02 UTC 2019 /home/travis/build/icyphy/ptII/ptolemy/actor/lib/test/auto/Switch.xml
----------------- Instantiating /home/travis/build/icyphy/ptII/ptolemy/actor/lib/test/auto/Switch.xml
8 ms. Memory: 618496K Free: 507392K (82%)
----------------- Invoking toplevel() on ptolemy.moml.MoMLSimpleApplication@262fe6a9
----------------- Done invoking toplevel() on ptolemy.moml.MoMLSimpleApplication@262fe6a9
reloadAllAccessors: .Switch

===========================================================================================
----------------- testing Wed Jul 10 06:47:02 UTC 2019 /home/travis/build/icyphy/ptII/ptolemy/actor/lib/test/auto/Switch2.xml
----------------- Instantiating /home/travis/build/icyphy/ptII/ptolemy/actor/lib/test/auto/Switch2.xml
1 ms. Memory: 618496K Free: 502782K (81%)
----------------- Invoking toplevel() on ptolemy.moml.MoMLSimpleApplication@7ea639c3
----------------- Done invoking toplevel() on ptolemy.moml.MoMLSimpleApplication@7ea639c3
reloadAllAccessors: .Switch2

===========================================================================================
----------------- testing Wed Jul 10 06:47:02 UTC 2019 /home/travis/build/icyphy/ptII/ptolemy/actor/lib/test/auto/SwitchDE.xml
----------------- Instantiating /home/travis/build/icyphy/ptII/ptolemy/actor/lib/test/auto/SwitchDE.xml
3 ms. Memory: 618496K Free: 496128K (80%)
----------------- Invoking toplevel() on ptolemy.moml.MoMLSimpleApplication@116e1180
----------------- Done invoking toplevel() on ptolemy.moml.MoMLSimpleApplication@116e1180
reloadAllAccessors: .SwitchDE

===========================================================================================
----------------- testing Wed Jul 10 06:47:02 UTC 2019 /home/travis/build/icyphy/ptII/ptolemy/actor/lib/test/auto/SynchronizerDE.xml
----------------- Instantiating /home/travis/build/icyphy/ptII/ptolemy/actor/lib/test/auto/SynchronizerDE.xml
8 ms. Memory: 618496K Free: 487936K (79%)
----------------- Invoking toplevel() on ptolemy.moml.MoMLSimpleApplication@38796801
----------------- Done invoking toplevel() on ptolemy.moml.MoMLSimpleApplication@38796801
reloadAllAccessors: .SynchronizerDE

===========================================================================================
----------------- testing Wed Jul 10 06:47:02 UTC 2019 /home/travis/build/icyphy/ptII/ptolemy/actor/lib/test/auto/Test.xml
----------------- Instantiating /home/travis/build/icyphy/ptII/ptolemy/actor/lib/test/auto/Test.xml
9 ms. Memory: 618496K Free: 482816K (78%)
----------------- Invoking toplevel() on ptolemy.moml.MoMLSimpleApplication@7b19123b
----------------- Done invoking toplevel() on ptolemy.moml.MoMLSimpleApplication@7b19123b
reloadAllAccessors: .Test

===========================================================================================
----------------- testing Wed Jul 10 06:47:02 UTC 2019 /home/travis/build/icyphy/ptII/ptolemy/actor/lib/test/auto/TestExceptionAttribute1.xml
----------------- Instantiating /home/travis/build/icyphy/ptII/ptolemy/actor/lib/test/auto/TestExceptionAttribute1.xml
1 ms. Memory: 618496K Free: 479230K (77%)
----------------- Invoking toplevel() on ptolemy.moml.MoMLSimpleApplication@1c99e161
----------------- Done invoking toplevel() on ptolemy.moml.MoMLSimpleApplication@1c99e161
reloadAllAccessors: .TestExceptionAttribute1

===========================================================================================
----------------- testing Wed Jul 10 06:47:02 UTC 2019 /home/travis/build/icyphy/ptII/ptolemy/actor/lib/test/auto/TestExceptionAttribute2.xml
----------------- Instantiating /home/travis/build/icyphy/ptII/ptolemy/actor/lib/test/auto/TestExceptionAttribute2.xml
2 ms. Memory: 618496K Free: 475134K (77%)
----------------- Invoking toplevel() on ptolemy.moml.MoMLSimpleApplication@2ae9f05c
----------------- Done invoking toplevel() on ptolemy.moml.MoMLSimpleApplication@2ae9f05c
reloadAllAccessors: .TestExceptionAttribute2

===========================================================================================
----------------- testing Wed Jul 10 06:47:02 UTC 2019 /home/travis/build/icyphy/ptII/ptolemy/actor/lib/test/auto/TestExceptionAttribute3.xml
----------------- Instantiating /home/travis/build/icyphy/ptII/ptolemy/actor/lib/test/auto/TestExceptionAttribute3.xml
.TestExceptionAttribute3.TestExceptionAttribute: initialize() was not invoked, but wrapup() was.  This is unusual, but not always a problem.  For example, exporting JNLP will do this.
1 ms. Memory: 618496K Free: 471552K (76%)
----------------- Invoking toplevel() on ptolemy.moml.MoMLSimpleApplication@2762ef3b
----------------- Done invoking toplevel() on ptolemy.moml.MoMLSimpleApplication@2762ef3b
reloadAllAccessors: .TestExceptionAttribute3

===========================================================================================
----------------- testing Wed Jul 10 06:47:02 UTC 2019 /home/travis/build/icyphy/ptII/ptolemy/actor/lib/test/auto/TestExceptionAttribute4.xml
----------------- Instantiating /home/travis/build/icyphy/ptII/ptolemy/actor/lib/test/auto/TestExceptionAttribute4.xml
.TestExceptionAttribute4.TestExceptionAttribute: initialize() was not invoked, but wrapup() was.  This is unusual, but not always a problem.  For example, exporting JNLP will do this.
.TestExceptionAttribute4.TestExceptionAttribute2: initialize() was not invoked, but wrapup() was.  This is unusual, but not always a problem.  For example, exporting JNLP will do this.
1 ms. Memory: 618496K Free: 467456K (76%)
----------------- Invoking toplevel() on ptolemy.moml.MoMLSimpleApplication@5bdb8ad1
----------------- Done invoking toplevel() on ptolemy.moml.MoMLSimpleApplication@5bdb8ad1
reloadAllAccessors: .TestExceptionAttribute4

===========================================================================================
----------------- testing Wed Jul 10 06:47:02 UTC 2019 /home/travis/build/icyphy/ptII/ptolemy/actor/lib/test/auto/TestExceptionHandler1.xml
----------------- Instantiating /home/travis/build/icyphy/ptII/ptolemy/actor/lib/test/auto/TestExceptionHandler1.xml
1 ms. Memory: 618496K Free: 463360K (75%)
----------------- Invoking toplevel() on ptolemy.moml.MoMLSimpleApplication@463ba9e8
----------------- Done invoking toplevel() on ptolemy.moml.MoMLSimpleApplication@463ba9e8
reloadAllAccessors: .TestExceptionHandler1

===========================================================================================
----------------- testing Wed Jul 10 06:47:02 UTC 2019 /home/travis/build/icyphy/ptII/ptolemy/actor/lib/test/auto/TestExceptionHandler2.xml
----------------- Instantiating /home/travis/build/icyphy/ptII/ptolemy/actor/lib/test/auto/TestExceptionHandler2.xml
2 ms. Memory: 618496K Free: 459774K (74%)
----------------- Invoking toplevel() on ptolemy.moml.MoMLSimpleApplication@aefda7c
----------------- Done invoking toplevel() on ptolemy.moml.MoMLSimpleApplication@aefda7c
reloadAllAccessors: .TestExceptionHandler2

===========================================================================================
----------------- testing Wed Jul 10 06:47:02 UTC 2019 /home/travis/build/icyphy/ptII/ptolemy/actor/lib/test/auto/TestExceptionHandler3.xml
----------------- Instantiating /home/travis/build/icyphy/ptII/ptolemy/actor/lib/test/auto/TestExceptionHandler3.xml
0 ms. Memory: 618496K Free: 455168K (74%)
----------------- Invoking toplevel() on ptolemy.moml.MoMLSimpleApplication@6f484763
----------------- Done invoking toplevel() on ptolemy.moml.MoMLSimpleApplication@6f484763
reloadAllAccessors: .TestExceptionHandler3

===========================================================================================
----------------- testing Wed Jul 10 06:47:02 UTC 2019 /home/travis/build/icyphy/ptII/ptolemy/actor/lib/test/auto/TestExceptionHandler4.xml
----------------- Instantiating /home/travis/build/icyphy/ptII/ptolemy/actor/lib/test/auto/TestExceptionHandler4.xml
0 ms. Memory: 618496K Free: 451072K (73%)
----------------- Invoking toplevel() on ptolemy.moml.MoMLSimpleApplication@4b0e64f7
----------------- Done invoking toplevel() on ptolemy.moml.MoMLSimpleApplication@4b0e64f7
reloadAllAccessors: .TestExceptionHandler4

===========================================================================================
----------------- testing Wed Jul 10 06:47:02 UTC 2019 /home/travis/build/icyphy/ptII/ptolemy/actor/lib/test/auto/TestRequireCorrectOrder.xml
----------------- Instantiating /home/travis/build/icyphy/ptII/ptolemy/actor/lib/test/auto/TestRequireCorrectOrder.xml
2 ms. Memory: 618496K Free: 445407K (72%)
----------------- Invoking toplevel() on ptolemy.moml.MoMLSimpleApplication@3b9eb6e9
----------------- Done invoking toplevel() on ptolemy.moml.MoMLSimpleApplication@3b9eb6e9
reloadAllAccessors: .TestRequireCorrectOrder

===========================================================================================
----------------- testing Wed Jul 10 06:47:02 UTC 2019 /home/travis/build/icyphy/ptII/ptolemy/actor/lib/test/auto/TestSimple.xml
----------------- Instantiating /home/travis/build/icyphy/ptII/ptolemy/actor/lib/test/auto/TestSimple.xml
2 ms. Memory: 618496K Free: 440832K (71%)
----------------- Invoking toplevel() on ptolemy.moml.MoMLSimpleApplication@6eaae5be
----------------- Done invoking toplevel() on ptolemy.moml.MoMLSimpleApplication@6eaae5be
reloadAllAccessors: .TestSimple

===========================================================================================
----------------- testing Wed Jul 10 06:47:02 UTC 2019 /home/travis/build/icyphy/ptII/ptolemy/actor/lib/test/auto/ThrowModelError.xml
----------------- Instantiating /home/travis/build/icyphy/ptII/ptolemy/actor/lib/test/auto/ThrowModelError.xml
1 ms. Memory: 618496K Free: 436222K (71%)
----------------- Invoking toplevel() on ptolemy.moml.MoMLSimpleApplication@20345d99
----------------- Done invoking toplevel() on ptolemy.moml.MoMLSimpleApplication@20345d99
reloadAllAccessors: .ThrowModelError

===========================================================================================
----------------- testing Wed Jul 10 06:47:02 UTC 2019 /home/travis/build/icyphy/ptII/ptolemy/actor/lib/test/auto/TimeDelayMicrosteps.xml
----------------- Instantiating /home/travis/build/icyphy/ptII/ptolemy/actor/lib/test/auto/TimeDelayMicrosteps.xml
4 ms. Memory: 618496K Free: 429039K (69%)
----------------- Invoking toplevel() on ptolemy.moml.MoMLSimpleApplication@696f69bd
----------------- Done invoking toplevel() on ptolemy.moml.MoMLSimpleApplication@696f69bd
reloadAllAccessors: .TimeDelayMicrosteps

===========================================================================================
----------------- testing Wed Jul 10 06:47:02 UTC 2019 /home/travis/build/icyphy/ptII/ptolemy/actor/lib/test/auto/TimeDelayMicrosteps2.xml
----------------- Instantiating /home/travis/build/icyphy/ptII/ptolemy/actor/lib/test/auto/TimeDelayMicrosteps2.xml
3 ms. Memory: 618496K Free: 421855K (68%)
----------------- Invoking toplevel() on ptolemy.moml.MoMLSimpleApplication@6513e867
----------------- Done invoking toplevel() on ptolemy.moml.MoMLSimpleApplication@6513e867
reloadAllAccessors: .TimeDelayMicrosteps2

===========================================================================================
----------------- testing Wed Jul 10 06:47:02 UTC 2019 /home/travis/build/icyphy/ptII/ptolemy/actor/lib/test/auto/TimeDelayMicrosteps3.xml
----------------- Instantiating /home/travis/build/icyphy/ptII/ptolemy/actor/lib/test/auto/TimeDelayMicrosteps3.xml
2 ms. Memory: 618496K Free: 415735K (67%)
----------------- Invoking toplevel() on ptolemy.moml.MoMLSimpleApplication@2bce5bf7
----------------- Done invoking toplevel() on ptolemy.moml.MoMLSimpleApplication@2bce5bf7
reloadAllAccessors: .TimeDelayMicrosteps3

===========================================================================================
----------------- testing Wed Jul 10 06:47:02 UTC 2019 /home/travis/build/icyphy/ptII/ptolemy/actor/lib/test/auto/TimeDelayVariableMicrosteps.xml
----------------- Instantiating /home/travis/build/icyphy/ptII/ptolemy/actor/lib/test/auto/TimeDelayVariableMicrosteps.xml
3 ms. Memory: 618496K Free: 409088K (66%)
----------------- Invoking toplevel() on ptolemy.moml.MoMLSimpleApplication@5e303734
----------------- Done invoking toplevel() on ptolemy.moml.MoMLSimpleApplication@5e303734
reloadAllAccessors: .TimeDelayVariableMicrosteps

===========================================================================================
----------------- testing Wed Jul 10 06:47:02 UTC 2019 /home/travis/build/icyphy/ptII/ptolemy/actor/lib/test/auto/TimeGap.xml
----------------- Instantiating /home/travis/build/icyphy/ptII/ptolemy/actor/lib/test/auto/TimeGap.xml
3 ms. Memory: 618496K Free: 403968K (65%)
----------------- Invoking toplevel() on ptolemy.moml.MoMLSimpleApplication@63ee9fd8
----------------- Done invoking toplevel() on ptolemy.moml.MoMLSimpleApplication@63ee9fd8
reloadAllAccessors: .TimeGap

===========================================================================================
----------------- testing Wed Jul 10 06:47:02 UTC 2019 /home/travis/build/icyphy/ptII/ptolemy/actor/lib/test/auto/TimeGap2.xml
----------------- Instantiating /home/travis/build/icyphy/ptII/ptolemy/actor/lib/test/auto/TimeGap2.xml
2 ms. Memory: 618496K Free: 398319K (64%)
----------------- Invoking toplevel() on ptolemy.moml.MoMLSimpleApplication@7b408bba
----------------- Done invoking toplevel() on ptolemy.moml.MoMLSimpleApplication@7b408bba
reloadAllAccessors: .TimeGap2

===========================================================================================
----------------- testing Wed Jul 10 06:47:02 UTC 2019 /home/travis/build/icyphy/ptII/ptolemy/actor/lib/test/auto/TimedSinewave.xml
----------------- Instantiating /home/travis/build/icyphy/ptII/ptolemy/actor/lib/test/auto/TimedSinewave.xml
28 ms. Memory: 618496K Free: 384512K (62%)
----------------- Invoking toplevel() on ptolemy.moml.MoMLSimpleApplication@12da7ba2
----------------- Done invoking toplevel() on ptolemy.moml.MoMLSimpleApplication@12da7ba2
reloadAllAccessors: .TimedSinewave

===========================================================================================
----------------- testing Wed Jul 10 06:47:02 UTC 2019 /home/travis/build/icyphy/ptII/ptolemy/actor/lib/test/auto/TimedSinewavePhase.xml
----------------- Instantiating /home/travis/build/icyphy/ptII/ptolemy/actor/lib/test/auto/TimedSinewavePhase.xml
10 ms. Memory: 618496K Free: 374272K (61%)
----------------- Invoking toplevel() on ptolemy.moml.MoMLSimpleApplication@3ba83f3
----------------- Done invoking toplevel() on ptolemy.moml.MoMLSimpleApplication@3ba83f3
reloadAllAccessors: .TimedSinewavePhase

===========================================================================================
----------------- testing Wed Jul 10 06:47:02 UTC 2019 /home/travis/build/icyphy/ptII/ptolemy/actor/lib/test/auto/Timer.xml
----------------- Instantiating /home/travis/build/icyphy/ptII/ptolemy/actor/lib/test/auto/Timer.xml
2 ms. Memory: 618496K Free: 368607K (60%)
----------------- Invoking toplevel() on ptolemy.moml.MoMLSimpleApplication@a363b4f
----------------- Done invoking toplevel() on ptolemy.moml.MoMLSimpleApplication@a363b4f
reloadAllAccessors: .Timer

===========================================================================================
----------------- testing Wed Jul 10 06:47:02 UTC 2019 /home/travis/build/icyphy/ptII/ptolemy/actor/lib/test/auto/TriangularDistTestModel.xml
----------------- Instantiating /home/travis/build/icyphy/ptII/ptolemy/actor/lib/test/auto/TriangularDistTestModel.xml
2 ms. Memory: 618496K Free: 363008K (59%)
----------------- Invoking toplevel() on ptolemy.moml.MoMLSimpleApplication@4d5a5904
----------------- Done invoking toplevel() on ptolemy.moml.MoMLSimpleApplication@4d5a5904
reloadAllAccessors: .TriangularDistTestModel

===========================================================================================
----------------- testing Wed Jul 10 06:47:02 UTC 2019 /home/travis/build/icyphy/ptII/ptolemy/actor/lib/test/auto/TrigFunction.xml
----------------- Instantiating /home/travis/build/icyphy/ptII/ptolemy/actor/lib/test/auto/TrigFunction.xml
1 ms. Memory: 618496K Free: 357888K (58%)
----------------- Invoking toplevel() on ptolemy.moml.MoMLSimpleApplication@7998d2a7
----------------- Done invoking toplevel() on ptolemy.moml.MoMLSimpleApplication@7998d2a7
reloadAllAccessors: .TrigFunction

===========================================================================================
----------------- testing Wed Jul 10 06:47:02 UTC 2019 /home/travis/build/icyphy/ptII/ptolemy/actor/lib/test/auto/TrigFunctionDE.xml
----------------- Instantiating /home/travis/build/icyphy/ptII/ptolemy/actor/lib/test/auto/TrigFunctionDE.xml
2 ms. Memory: 618496K Free: 352254K (57%)
----------------- Invoking toplevel() on ptolemy.moml.MoMLSimpleApplication@1375fefe
----------------- Done invoking toplevel() on ptolemy.moml.MoMLSimpleApplication@1375fefe
reloadAllAccessors: .TrigFunctionDE

===========================================================================================
----------------- testing Wed Jul 10 06:47:02 UTC 2019 /home/travis/build/icyphy/ptII/ptolemy/actor/lib/test/auto/TrigFunctionInverse.xml
----------------- Instantiating /home/travis/build/icyphy/ptII/ptolemy/actor/lib/test/auto/TrigFunctionInverse.xml
1 ms. Memory: 618496K Free: 347134K (56%)
----------------- Invoking toplevel() on ptolemy.moml.MoMLSimpleApplication@65093ee1
----------------- Done invoking toplevel() on ptolemy.moml.MoMLSimpleApplication@65093ee1
reloadAllAccessors: .TrigFunctionInverse

===========================================================================================
----------------- testing Wed Jul 10 06:47:02 UTC 2019 /home/travis/build/icyphy/ptII/ptolemy/actor/lib/test/auto/TrigFunctionTan.xml
----------------- Instantiating /home/travis/build/icyphy/ptII/ptolemy/actor/lib/test/auto/TrigFunctionTan.xml
1 ms. Memory: 618496K Free: 342014K (55%)
----------------- Invoking toplevel() on ptolemy.moml.MoMLSimpleApplication@45987262
----------------- Done invoking toplevel() on ptolemy.moml.MoMLSimpleApplication@45987262
reloadAllAccessors: .TrigFunctionTan

===========================================================================================
----------------- testing Wed Jul 10 06:47:02 UTC 2019 /home/travis/build/icyphy/ptII/ptolemy/actor/lib/test/auto/TriggeredClock.xml
----------------- Instantiating /home/travis/build/icyphy/ptII/ptolemy/actor/lib/test/auto/TriggeredClock.xml
1 ms. Memory: 618496K Free: 337375K (55%)
----------------- Invoking toplevel() on ptolemy.moml.MoMLSimpleApplication@1eb09f5d
----------------- Done invoking toplevel() on ptolemy.moml.MoMLSimpleApplication@1eb09f5d
reloadAllAccessors: .TriggeredClock

===========================================================================================
----------------- testing Wed Jul 10 06:47:02 UTC 2019 /home/travis/build/icyphy/ptII/ptolemy/actor/lib/test/auto/URLDirectoryReader.xml
----------------- Instantiating /home/travis/build/icyphy/ptII/ptolemy/actor/lib/test/auto/URLDirectoryReader.xml
33 ms. Memory: 618496K Free: 328192K (53%)
----------------- Invoking toplevel() on ptolemy.moml.MoMLSimpleApplication@3d99a7ac
----------------- Done invoking toplevel() on ptolemy.moml.MoMLSimpleApplication@3d99a7ac
reloadAllAccessors: .URLDirectoryReader

===========================================================================================
----------------- testing Wed Jul 10 06:47:02 UTC 2019 /home/travis/build/icyphy/ptII/ptolemy/actor/lib/test/auto/URLDirectoryReader3.xml
----------------- Instantiating /home/travis/build/icyphy/ptII/ptolemy/actor/lib/test/auto/URLDirectoryReader3.xml
1215 ms. Memory: 618496K Free: 560233K (91%)
----------------- Invoking toplevel() on ptolemy.moml.MoMLSimpleApplication@4bf1efa9
----------------- Done invoking toplevel() on ptolemy.moml.MoMLSimpleApplication@4bf1efa9
reloadAllAccessors: .URLDirectoryReader3

===========================================================================================
----------------- testing Wed Jul 10 06:47:04 UTC 2019 /home/travis/build/icyphy/ptII/ptolemy/actor/lib/test/auto/UnaryMathFunction.xml
----------------- Instantiating /home/travis/build/icyphy/ptII/ptolemy/actor/lib/test/auto/UnaryMathFunction.xml
2 ms. Memory: 618496K Free: 552446K (89%)
----------------- Invoking toplevel() on ptolemy.moml.MoMLSimpleApplication@6c1153e
----------------- Done invoking toplevel() on ptolemy.moml.MoMLSimpleApplication@6c1153e
reloadAllAccessors: .UnaryMathFunction

===========================================================================================
----------------- testing Wed Jul 10 06:47:04 UTC 2019 /home/travis/build/icyphy/ptII/ptolemy/actor/lib/test/auto/Uniform.xml
----------------- Instantiating /home/travis/build/icyphy/ptII/ptolemy/actor/lib/test/auto/Uniform.xml
5 ms. Memory: 618496K Free: 547840K (89%)
----------------- Invoking toplevel() on ptolemy.moml.MoMLSimpleApplication@6dcf554b
----------------- Done invoking toplevel() on ptolemy.moml.MoMLSimpleApplication@6dcf554b
reloadAllAccessors: .Uniform

===========================================================================================
----------------- testing Wed Jul 10 06:47:04 UTC 2019 /home/travis/build/icyphy/ptII/ptolemy/actor/lib/test/auto/UnionDisassemblerTest.xml
----------------- Instantiating /home/travis/build/icyphy/ptII/ptolemy/actor/lib/test/auto/UnionDisassemblerTest.xml
16 ms. Memory: 618496K Free: 543744K (88%)
----------------- Invoking toplevel() on ptolemy.moml.MoMLSimpleApplication@7cb41fa
----------------- Done invoking toplevel() on ptolemy.moml.MoMLSimpleApplication@7cb41fa
reloadAllAccessors: .UnionDisassemblerTest

===========================================================================================
----------------- testing Wed Jul 10 06:47:04 UTC 2019 /home/travis/build/icyphy/ptII/ptolemy/actor/lib/test/auto/UtilityFunctions.xml
----------------- Instantiating /home/travis/build/icyphy/ptII/ptolemy/actor/lib/test/auto/UtilityFunctions.xml
1 ms. Memory: 618496K Free: 539648K (87%)
----------------- Invoking toplevel() on ptolemy.moml.MoMLSimpleApplication@3c54395a
----------------- Done invoking toplevel() on ptolemy.moml.MoMLSimpleApplication@3c54395a
reloadAllAccessors: .UtilityFunctions

===========================================================================================
----------------- testing Wed Jul 10 06:47:04 UTC 2019 /home/travis/build/icyphy/ptII/ptolemy/actor/lib/test/auto/VariableSleep.xml
----------------- Instantiating /home/travis/build/icyphy/ptII/ptolemy/actor/lib/test/auto/VariableSleep.xml
503 ms. Memory: 618496K Free: 534528K (86%)
----------------- Invoking toplevel() on ptolemy.moml.MoMLSimpleApplication@66cff2d4
----------------- Done invoking toplevel() on ptolemy.moml.MoMLSimpleApplication@66cff2d4
reloadAllAccessors: .VariableSleep

===========================================================================================
----------------- testing Wed Jul 10 06:47:04 UTC 2019 /home/travis/build/icyphy/ptII/ptolemy/actor/lib/test/auto/VectorAssemblerDisassemblerCT.xml
----------------- Instantiating /home/travis/build/icyphy/ptII/ptolemy/actor/lib/test/auto/VectorAssemblerDisassemblerCT.xml
83 ms. Memory: 618496K Free: 514048K (83%)
----------------- Invoking toplevel() on ptolemy.moml.MoMLSimpleApplication@6b2923c2
----------------- Done invoking toplevel() on ptolemy.moml.MoMLSimpleApplication@6b2923c2
reloadAllAccessors: .VectorAssemblerDisassemblerCT

===========================================================================================
----------------- testing Wed Jul 10 06:47:05 UTC 2019 /home/travis/build/icyphy/ptII/ptolemy/actor/lib/test/auto/VectorAssemblerDisassemblerDE.xml
----------------- Instantiating /home/travis/build/icyphy/ptII/ptolemy/actor/lib/test/auto/VectorAssemblerDisassemblerDE.xml
3 ms. Memory: 618496K Free: 506880K (82%)
----------------- Invoking toplevel() on ptolemy.moml.MoMLSimpleApplication@145193ab
----------------- Done invoking toplevel() on ptolemy.moml.MoMLSimpleApplication@145193ab
reloadAllAccessors: .VectorAssemblerDisassemblerDE

===========================================================================================
----------------- testing Wed Jul 10 06:47:05 UTC 2019 /home/travis/build/icyphy/ptII/ptolemy/actor/lib/test/auto/VectorAssemblerDisassemblerSDF.xml
----------------- Instantiating /home/travis/build/icyphy/ptII/ptolemy/actor/lib/test/auto/VectorAssemblerDisassemblerSDF.xml
3 ms. Memory: 618496K Free: 500736K (81%)
----------------- Invoking toplevel() on ptolemy.moml.MoMLSimpleApplication@69b6e4d5
----------------- Done invoking toplevel() on ptolemy.moml.MoMLSimpleApplication@69b6e4d5
reloadAllAccessors: .VectorAssemblerDisassemblerSDF

===========================================================================================
----------------- testing Wed Jul 10 06:47:05 UTC 2019 /home/travis/build/icyphy/ptII/ptolemy/actor/lib/test/auto/WallClockTime.xml
----------------- Instantiating /home/travis/build/icyphy/ptII/ptolemy/actor/lib/test/auto/WallClockTime.xml
1005 ms. Memory: 618496K Free: 494592K (80%)
----------------- Invoking toplevel() on ptolemy.moml.MoMLSimpleApplication@6b0e1638
----------------- Done invoking toplevel() on ptolemy.moml.MoMLSimpleApplication@6b0e1638
reloadAllAccessors: .WallClockTime

===========================================================================================
----------------- testing Wed Jul 10 06:47:06 UTC 2019 /home/travis/build/icyphy/ptII/ptolemy/actor/lib/test/auto/WidthTestWithSubscriberPublisher.xml
----------------- Instantiating /home/travis/build/icyphy/ptII/ptolemy/actor/lib/test/auto/WidthTestWithSubscriberPublisher.xml
8 ms. Memory: 618496K Free: 477184K (77%)
----------------- Invoking toplevel() on ptolemy.moml.MoMLSimpleApplication@6b82a494
----------------- Done invoking toplevel() on ptolemy.moml.MoMLSimpleApplication@6b82a494
reloadAllAccessors: .WidthTestWithSubscriberPublisher

===========================================================================================
----------------- testing Wed Jul 10 06:47:06 UTC 2019 /home/travis/build/icyphy/ptII/ptolemy/actor/lib/test/auto/WidthTestWithSubscriberPublisher2.xml
----------------- Instantiating /home/travis/build/icyphy/ptII/ptolemy/actor/lib/test/auto/WidthTestWithSubscriberPublisher2.xml
3 ms. Memory: 618496K Free: 470016K (76%)
----------------- Invoking toplevel() on ptolemy.moml.MoMLSimpleApplication@2208be3b
----------------- Done invoking toplevel() on ptolemy.moml.MoMLSimpleApplication@2208be3b
reloadAllAccessors: .WidthTestWithSubscriberPublisher2

===========================================================================================
----------------- testing Wed Jul 10 06:47:06 UTC 2019 /home/travis/build/icyphy/ptII/ptolemy/actor/lib/test/auto/WidthTestWithSubscriberPublisher3.xml
----------------- Instantiating /home/travis/build/icyphy/ptII/ptolemy/actor/lib/test/auto/WidthTestWithSubscriberPublisher3.xml
2 ms. Memory: 618496K Free: 464382K (75%)
----------------- Invoking toplevel() on ptolemy.moml.MoMLSimpleApplication@3fa6f98d
----------------- Done invoking toplevel() on ptolemy.moml.MoMLSimpleApplication@3fa6f98d
reloadAllAccessors: .WidthTestWithSubscriberPublisher3

===========================================================================================
----------------- testing Wed Jul 10 06:47:06 UTC 2019 /home/travis/build/icyphy/ptII/ptolemy/actor/lib/test/auto/Writer.xml
----------------- Instantiating /home/travis/build/icyphy/ptII/ptolemy/actor/lib/test/auto/Writer.xml
0
1
2
3
4
1 ms. Memory: 618496K Free: 460279K (74%)
----------------- Invoking toplevel() on ptolemy.moml.MoMLSimpleApplication@4fa08ebb
----------------- Done invoking toplevel() on ptolemy.moml.MoMLSimpleApplication@4fa08ebb
reloadAllAccessors: .Writer

===========================================================================================
----------------- testing Wed Jul 10 06:47:06 UTC 2019 /home/travis/build/icyphy/ptII/ptolemy/actor/lib/test/auto/array.xml
----------------- Instantiating /home/travis/build/icyphy/ptII/ptolemy/actor/lib/test/auto/array.xml
2 ms. Memory: 618496K Free: 455166K (74%)
----------------- Invoking toplevel() on ptolemy.moml.MoMLSimpleApplication@42f719d8
----------------- Done invoking toplevel() on ptolemy.moml.MoMLSimpleApplication@42f719d8
reloadAllAccessors: .array

===========================================================================================
----------------- testing Wed Jul 10 06:47:06 UTC 2019 /home/travis/build/icyphy/ptII/ptolemy/actor/lib/test/auto/array2.xml
----------------- Instantiating /home/travis/build/icyphy/ptII/ptolemy/actor/lib/test/auto/array2.xml
5 ms. Memory: 618496K Free: 450046K (73%)
----------------- Invoking toplevel() on ptolemy.moml.MoMLSimpleApplication@5331d55b
----------------- Done invoking toplevel() on ptolemy.moml.MoMLSimpleApplication@5331d55b
reloadAllAccessors: .array2

===========================================================================================
----------------- testing Wed Jul 10 06:47:06 UTC 2019 /home/travis/build/icyphy/ptII/ptolemy/actor/lib/test/auto/arrayType.xml
----------------- Instantiating /home/travis/build/icyphy/ptII/ptolemy/actor/lib/test/auto/arrayType.xml
2 ms. Memory: 618496K Free: 444416K (72%)
----------------- Invoking toplevel() on ptolemy.moml.MoMLSimpleApplication@544307ff
----------------- Done invoking toplevel() on ptolemy.moml.MoMLSimpleApplication@544307ff
reloadAllAccessors: .arrayType

===========================================================================================
----------------- testing Wed Jul 10 06:47:06 UTC 2019 /home/travis/build/icyphy/ptII/ptolemy/actor/lib/test/auto/arrayType10.xml
----------------- Instantiating /home/travis/build/icyphy/ptII/ptolemy/actor/lib/test/auto/arrayType10.xml
1 ms. Memory: 618496K Free: 439806K (71%)
----------------- Invoking toplevel() on ptolemy.moml.MoMLSimpleApplication@142c1d0f
----------------- Done invoking toplevel() on ptolemy.moml.MoMLSimpleApplication@142c1d0f
reloadAllAccessors: .arrayType10

===========================================================================================
----------------- testing Wed Jul 10 06:47:06 UTC 2019 /home/travis/build/icyphy/ptII/ptolemy/actor/lib/test/auto/arrayType11.xml
----------------- Instantiating /home/travis/build/icyphy/ptII/ptolemy/actor/lib/test/auto/arrayType11.xml
2 ms. Memory: 618496K Free: 435200K (70%)
----------------- Invoking toplevel() on ptolemy.moml.MoMLSimpleApplication@60002b6a
----------------- Done invoking toplevel() on ptolemy.moml.MoMLSimpleApplication@60002b6a
reloadAllAccessors: .arrayType11

===========================================================================================
----------------- testing Wed Jul 10 06:47:06 UTC 2019 /home/travis/build/icyphy/ptII/ptolemy/actor/lib/test/auto/arrayType12.xml
----------------- Instantiating /home/travis/build/icyphy/ptII/ptolemy/actor/lib/test/auto/arrayType12.xml
1 ms. Memory: 618496K Free: 430080K (70%)
----------------- Invoking toplevel() on ptolemy.moml.MoMLSimpleApplication@230d789d
----------------- Done invoking toplevel() on ptolemy.moml.MoMLSimpleApplication@230d789d
reloadAllAccessors: .arrayType12

===========================================================================================
----------------- testing Wed Jul 10 06:47:06 UTC 2019 /home/travis/build/icyphy/ptII/ptolemy/actor/lib/test/auto/arrayType13.xml
----------------- Instantiating /home/travis/build/icyphy/ptII/ptolemy/actor/lib/test/auto/arrayType13.xml
2 ms. Memory: 618496K Free: 424960K (69%)
----------------- Invoking toplevel() on ptolemy.moml.MoMLSimpleApplication@c3cbe93
----------------- Done invoking toplevel() on ptolemy.moml.MoMLSimpleApplication@c3cbe93
reloadAllAccessors: .arrayType13

===========================================================================================
----------------- testing Wed Jul 10 06:47:06 UTC 2019 /home/travis/build/icyphy/ptII/ptolemy/actor/lib/test/auto/arrayType14.xml
----------------- Instantiating /home/travis/build/icyphy/ptII/ptolemy/actor/lib/test/auto/arrayType14.xml
2 ms. Memory: 618496K Free: 419311K (68%)
----------------- Invoking toplevel() on ptolemy.moml.MoMLSimpleApplication@5025ffe7
----------------- Done invoking toplevel() on ptolemy.moml.MoMLSimpleApplication@5025ffe7
reloadAllAccessors: .arrayType14

===========================================================================================
----------------- testing Wed Jul 10 06:47:06 UTC 2019 /home/travis/build/icyphy/ptII/ptolemy/actor/lib/test/auto/arrayType15.xml
----------------- Instantiating /home/travis/build/icyphy/ptII/ptolemy/actor/lib/test/auto/arrayType15.xml
3 ms. Memory: 618496K Free: 414206K (67%)
----------------- Invoking toplevel() on ptolemy.moml.MoMLSimpleApplication@39ecab7f
----------------- Done invoking toplevel() on ptolemy.moml.MoMLSimpleApplication@39ecab7f
reloadAllAccessors: .arrayType15

===========================================================================================
----------------- testing Wed Jul 10 06:47:06 UTC 2019 /home/travis/build/icyphy/ptII/ptolemy/actor/lib/test/auto/arrayType16.xml
----------------- Instantiating /home/travis/build/icyphy/ptII/ptolemy/actor/lib/test/auto/arrayType16.xml
2 ms. Memory: 618496K Free: 408576K (66%)
----------------- Invoking toplevel() on ptolemy.moml.MoMLSimpleApplication@4e06e790
----------------- Done invoking toplevel() on ptolemy.moml.MoMLSimpleApplication@4e06e790
reloadAllAccessors: .arrayType16

===========================================================================================
----------------- testing Wed Jul 10 06:47:06 UTC 2019 /home/travis/build/icyphy/ptII/ptolemy/actor/lib/test/auto/arrayType17.xml
----------------- Instantiating /home/travis/build/icyphy/ptII/ptolemy/actor/lib/test/auto/arrayType17.xml
2 ms. Memory: 618496K Free: 403456K (65%)
----------------- Invoking toplevel() on ptolemy.moml.MoMLSimpleApplication@51222b2f
----------------- Done invoking toplevel() on ptolemy.moml.MoMLSimpleApplication@51222b2f
reloadAllAccessors: .arrayType17

===========================================================================================
----------------- testing Wed Jul 10 06:47:06 UTC 2019 /home/travis/build/icyphy/ptII/ptolemy/actor/lib/test/auto/arrayType18.xml
----------------- Instantiating /home/travis/build/icyphy/ptII/ptolemy/actor/lib/test/auto/arrayType18.xml
1 ms. Memory: 618496K Free: 398846K (64%)
----------------- Invoking toplevel() on ptolemy.moml.MoMLSimpleApplication@629252b1
----------------- Done invoking toplevel() on ptolemy.moml.MoMLSimpleApplication@629252b1
reloadAllAccessors: .arrayType18

===========================================================================================
----------------- testing Wed Jul 10 06:47:06 UTC 2019 /home/travis/build/icyphy/ptII/ptolemy/actor/lib/test/auto/arrayType19.xml
----------------- Instantiating /home/travis/build/icyphy/ptII/ptolemy/actor/lib/test/auto/arrayType19.xml
3 ms. Memory: 618496K Free: 393726K (64%)
----------------- Invoking toplevel() on ptolemy.moml.MoMLSimpleApplication@2c9da4c0
----------------- Done invoking toplevel() on ptolemy.moml.MoMLSimpleApplication@2c9da4c0
reloadAllAccessors: .arrayType19

===========================================================================================
----------------- testing Wed Jul 10 06:47:06 UTC 2019 /home/travis/build/icyphy/ptII/ptolemy/actor/lib/test/auto/arrayType2.xml
----------------- Instantiating /home/travis/build/icyphy/ptII/ptolemy/actor/lib/test/auto/arrayType2.xml
1 ms. Memory: 618496K Free: 388606K (63%)
----------------- Invoking toplevel() on ptolemy.moml.MoMLSimpleApplication@3d26edd3
----------------- Done invoking toplevel() on ptolemy.moml.MoMLSimpleApplication@3d26edd3
reloadAllAccessors: .arrayType2

===========================================================================================
----------------- testing Wed Jul 10 06:47:06 UTC 2019 /home/travis/build/icyphy/ptII/ptolemy/actor/lib/test/auto/arrayType20.xml
----------------- Instantiating /home/travis/build/icyphy/ptII/ptolemy/actor/lib/test/auto/arrayType20.xml
1 ms. Memory: 618496K Free: 383486K (62%)
----------------- Invoking toplevel() on ptolemy.moml.MoMLSimpleApplication@7501c483
----------------- Done invoking toplevel() on ptolemy.moml.MoMLSimpleApplication@7501c483
reloadAllAccessors: .arrayType20

===========================================================================================
----------------- testing Wed Jul 10 06:47:06 UTC 2019 /home/travis/build/icyphy/ptII/ptolemy/actor/lib/test/auto/arrayType21.xml
----------------- Instantiating /home/travis/build/icyphy/ptII/ptolemy/actor/lib/test/auto/arrayType21.xml
2 ms. Memory: 618496K Free: 378880K (61%)
----------------- Invoking toplevel() on ptolemy.moml.MoMLSimpleApplication@4f34ffdc
----------------- Done invoking toplevel() on ptolemy.moml.MoMLSimpleApplication@4f34ffdc
reloadAllAccessors: .arrayType21

===========================================================================================
----------------- testing Wed Jul 10 06:47:06 UTC 2019 /home/travis/build/icyphy/ptII/ptolemy/actor/lib/test/auto/arrayType22.xml
----------------- Instantiating /home/travis/build/icyphy/ptII/ptolemy/actor/lib/test/auto/arrayType22.xml
1 ms. Memory: 618496K Free: 373760K (60%)
----------------- Invoking toplevel() on ptolemy.moml.MoMLSimpleApplication@3d0b01dc
----------------- Done invoking toplevel() on ptolemy.moml.MoMLSimpleApplication@3d0b01dc
reloadAllAccessors: .arrayType22

===========================================================================================
----------------- testing Wed Jul 10 06:47:06 UTC 2019 /home/travis/build/icyphy/ptII/ptolemy/actor/lib/test/auto/arrayType23.xml
----------------- Instantiating /home/travis/build/icyphy/ptII/ptolemy/actor/lib/test/auto/arrayType23.xml
1 ms. Memory: 618496K Free: 369150K (60%)
----------------- Invoking toplevel() on ptolemy.moml.MoMLSimpleApplication@a0d38be
----------------- Done invoking toplevel() on ptolemy.moml.MoMLSimpleApplication@a0d38be
reloadAllAccessors: .arrayType23

===========================================================================================
----------------- testing Wed Jul 10 06:47:06 UTC 2019 /home/travis/build/icyphy/ptII/ptolemy/actor/lib/test/auto/arrayType24.xml
----------------- Instantiating /home/travis/build/icyphy/ptII/ptolemy/actor/lib/test/auto/arrayType24.xml
1 ms. Memory: 618496K Free: 364030K (59%)
----------------- Invoking toplevel() on ptolemy.moml.MoMLSimpleApplication@313cb3d8
----------------- Done invoking toplevel() on ptolemy.moml.MoMLSimpleApplication@313cb3d8
reloadAllAccessors: .arrayType24

===========================================================================================
----------------- testing Wed Jul 10 06:47:06 UTC 2019 /home/travis/build/icyphy/ptII/ptolemy/actor/lib/test/auto/arrayType25.xml
----------------- Instantiating /home/travis/build/icyphy/ptII/ptolemy/actor/lib/test/auto/arrayType25.xml
1 ms. Memory: 618496K Free: 358400K (58%)
----------------- Invoking toplevel() on ptolemy.moml.MoMLSimpleApplication@116bdf78
----------------- Done invoking toplevel() on ptolemy.moml.MoMLSimpleApplication@116bdf78
reloadAllAccessors: .arrayType25

===========================================================================================
----------------- testing Wed Jul 10 06:47:06 UTC 2019 /home/travis/build/icyphy/ptII/ptolemy/actor/lib/test/auto/arrayType26.xml
----------------- Instantiating /home/travis/build/icyphy/ptII/ptolemy/actor/lib/test/auto/arrayType26.xml
2 ms. Memory: 618496K Free: 353280K (57%)
----------------- Invoking toplevel() on ptolemy.moml.MoMLSimpleApplication@38449c6f
----------------- Done invoking toplevel() on ptolemy.moml.MoMLSimpleApplication@38449c6f
reloadAllAccessors: .arrayType26

===========================================================================================
----------------- testing Wed Jul 10 06:47:06 UTC 2019 /home/travis/build/icyphy/ptII/ptolemy/actor/lib/test/auto/arrayType27.xml
----------------- Instantiating /home/travis/build/icyphy/ptII/ptolemy/actor/lib/test/auto/arrayType27.xml
1 ms. Memory: 618496K Free: 347631K (56%)
----------------- Invoking toplevel() on ptolemy.moml.MoMLSimpleApplication@4e5396c7
----------------- Done invoking toplevel() on ptolemy.moml.MoMLSimpleApplication@4e5396c7
reloadAllAccessors: .arrayType27

===========================================================================================
----------------- testing Wed Jul 10 06:47:06 UTC 2019 /home/travis/build/icyphy/ptII/ptolemy/actor/lib/test/auto/arrayType28.xml
----------------- Instantiating /home/travis/build/icyphy/ptII/ptolemy/actor/lib/test/auto/arrayType28.xml
1 ms. Memory: 618496K Free: 342526K (55%)
----------------- Invoking toplevel() on ptolemy.moml.MoMLSimpleApplication@4bc0f2b8
----------------- Done invoking toplevel() on ptolemy.moml.MoMLSimpleApplication@4bc0f2b8
reloadAllAccessors: .arrayType28

===========================================================================================
----------------- testing Wed Jul 10 06:47:06 UTC 2019 /home/travis/build/icyphy/ptII/ptolemy/actor/lib/test/auto/arrayType3.xml
----------------- Instantiating /home/travis/build/icyphy/ptII/ptolemy/actor/lib/test/auto/arrayType3.xml
2 ms. Memory: 618496K Free: 336896K (54%)
----------------- Invoking toplevel() on ptolemy.moml.MoMLSimpleApplication@28ad09c7
----------------- Done invoking toplevel() on ptolemy.moml.MoMLSimpleApplication@28ad09c7
reloadAllAccessors: .arrayType3

===========================================================================================
----------------- testing Wed Jul 10 06:47:06 UTC 2019 /home/travis/build/icyphy/ptII/ptolemy/actor/lib/test/auto/arrayType4.xml
----------------- Instantiating /home/travis/build/icyphy/ptII/ptolemy/actor/lib/test/auto/arrayType4.xml
1 ms. Memory: 618496K Free: 331776K (54%)
----------------- Invoking toplevel() on ptolemy.moml.MoMLSimpleApplication@4f703b06
----------------- Done invoking toplevel() on ptolemy.moml.MoMLSimpleApplication@4f703b06
reloadAllAccessors: .arrayType4

===========================================================================================
----------------- testing Wed Jul 10 06:47:06 UTC 2019 /home/travis/build/icyphy/ptII/ptolemy/actor/lib/test/auto/arrayType5.xml
----------------- Instantiating /home/travis/build/icyphy/ptII/ptolemy/actor/lib/test/auto/arrayType5.xml
1 ms. Memory: 618496K Free: 326142K (53%)
----------------- Invoking toplevel() on ptolemy.moml.MoMLSimpleApplication@120e3d79
----------------- Done invoking toplevel() on ptolemy.moml.MoMLSimpleApplication@120e3d79
reloadAllAccessors: .arrayType5

===========================================================================================
----------------- testing Wed Jul 10 06:47:06 UTC 2019 /home/travis/build/icyphy/ptII/ptolemy/actor/lib/test/auto/arrayType6.xml
----------------- Instantiating /home/travis/build/icyphy/ptII/ptolemy/actor/lib/test/auto/arrayType6.xml
1 ms. Memory: 618496K Free: 321536K (52%)
----------------- Invoking toplevel() on ptolemy.moml.MoMLSimpleApplication@3f499817
----------------- Done invoking toplevel() on ptolemy.moml.MoMLSimpleApplication@3f499817
reloadAllAccessors: .arrayType6

===========================================================================================
----------------- testing Wed Jul 10 06:47:06 UTC 2019 /home/travis/build/icyphy/ptII/ptolemy/actor/lib/test/auto/arrayType7.xml
----------------- Instantiating /home/travis/build/icyphy/ptII/ptolemy/actor/lib/test/auto/arrayType7.xml
1 ms. Memory: 618496K Free: 316416K (51%)
----------------- Invoking toplevel() on ptolemy.moml.MoMLSimpleApplication@7f610eb2
----------------- Done invoking toplevel() on ptolemy.moml.MoMLSimpleApplication@7f610eb2
reloadAllAccessors: .arrayType7

===========================================================================================
----------------- testing Wed Jul 10 06:47:06 UTC 2019 /home/travis/build/icyphy/ptII/ptolemy/actor/lib/test/auto/arrayType8.xml
----------------- Instantiating /home/travis/build/icyphy/ptII/ptolemy/actor/lib/test/auto/arrayType8.xml
6 ms. Memory: 618496K Free: 311806K (50%)
----------------- Invoking toplevel() on ptolemy.moml.MoMLSimpleApplication@1147e32a
----------------- Done invoking toplevel() on ptolemy.moml.MoMLSimpleApplication@1147e32a
reloadAllAccessors: .arrayType8

===========================================================================================
----------------- testing Wed Jul 10 06:47:06 UTC 2019 /home/travis/build/icyphy/ptII/ptolemy/actor/lib/test/auto/arrayType9.xml
----------------- Instantiating /home/travis/build/icyphy/ptII/ptolemy/actor/lib/test/auto/arrayType9.xml
1 ms. Memory: 618496K Free: 306686K (50%)
----------------- Invoking toplevel() on ptolemy.moml.MoMLSimpleApplication@2b00cf5
----------------- Done invoking toplevel() on ptolemy.moml.MoMLSimpleApplication@2b00cf5
reloadAllAccessors: .arrayType9

===========================================================================================
----------------- testing Wed Jul 10 06:47:06 UTC 2019 /home/travis/build/icyphy/ptII/ptolemy/actor/lib/test/auto/cast.xml
----------------- Instantiating /home/travis/build/icyphy/ptII/ptolemy/actor/lib/test/auto/cast.xml
3 ms. Memory: 618496K Free: 302080K (49%)
----------------- Invoking toplevel() on ptolemy.moml.MoMLSimpleApplication@3c5e5cf1
----------------- Done invoking toplevel() on ptolemy.moml.MoMLSimpleApplication@3c5e5cf1
reloadAllAccessors: .cast

===========================================================================================
----------------- testing Wed Jul 10 06:47:06 UTC 2019 /home/travis/build/icyphy/ptII/ptolemy/actor/lib/test/auto/compositeMultiPort.xml
----------------- Instantiating /home/travis/build/icyphy/ptII/ptolemy/actor/lib/test/auto/compositeMultiPort.xml
4 ms. Memory: 618496K Free: 292864K (47%)
----------------- Invoking toplevel() on ptolemy.moml.MoMLSimpleApplication@7fa9125d
----------------- Done invoking toplevel() on ptolemy.moml.MoMLSimpleApplication@7fa9125d
reloadAllAccessors: .compositeMultiPort

===========================================================================================
----------------- testing Wed Jul 10 06:47:06 UTC 2019 /home/travis/build/icyphy/ptII/ptolemy/actor/lib/test/auto/expressionCastInference.xml
----------------- Instantiating /home/travis/build/icyphy/ptII/ptolemy/actor/lib/test/auto/expressionCastInference.xml
2 ms. Memory: 618496K Free: 288254K (47%)
----------------- Invoking toplevel() on ptolemy.moml.MoMLSimpleApplication@292cf550
----------------- Done invoking toplevel() on ptolemy.moml.MoMLSimpleApplication@292cf550
reloadAllAccessors: .expressionCastInference

===========================================================================================
----------------- testing Wed Jul 10 06:47:06 UTC 2019 /home/travis/build/icyphy/ptII/ptolemy/actor/lib/test/auto/expressionCastInference2.xml
----------------- Instantiating /home/travis/build/icyphy/ptII/ptolemy/actor/lib/test/auto/expressionCastInference2.xml
3 ms. Memory: 618496K Free: 283648K (46%)
----------------- Invoking toplevel() on ptolemy.moml.MoMLSimpleApplication@365bdb14
----------------- Done invoking toplevel() on ptolemy.moml.MoMLSimpleApplication@365bdb14
reloadAllAccessors: .expressionCastInference2

===========================================================================================
----------------- testing Wed Jul 10 06:47:06 UTC 2019 /home/travis/build/icyphy/ptII/ptolemy/actor/lib/test/auto/expressionInference.xml
----------------- Instantiating /home/travis/build/icyphy/ptII/ptolemy/actor/lib/test/auto/expressionInference.xml
2 ms. Memory: 618496K Free: 279038K (45%)
----------------- Invoking toplevel() on ptolemy.moml.MoMLSimpleApplication@7262b219
----------------- Done invoking toplevel() on ptolemy.moml.MoMLSimpleApplication@7262b219
reloadAllAccessors: .expressionInference

===========================================================================================
----------------- testing Wed Jul 10 06:47:06 UTC 2019 /home/travis/build/icyphy/ptII/ptolemy/actor/lib/test/auto/expression_bug.xml
----------------- Instantiating /home/travis/build/icyphy/ptII/ptolemy/actor/lib/test/auto/expression_bug.xml
1 ms. Memory: 618496K Free: 274942K (44%)
----------------- Invoking toplevel() on ptolemy.moml.MoMLSimpleApplication@13384b56
----------------- Done invoking toplevel() on ptolemy.moml.MoMLSimpleApplication@13384b56
reloadAllAccessors: .expression_bug

===========================================================================================
----------------- testing Wed Jul 10 06:47:06 UTC 2019 /home/travis/build/icyphy/ptII/ptolemy/actor/lib/test/auto/factorial.xml
----------------- Instantiating /home/travis/build/icyphy/ptII/ptolemy/actor/lib/test/auto/factorial.xml
40 ms. Memory: 618496K Free: 266240K (43%)
----------------- Invoking toplevel() on ptolemy.moml.MoMLSimpleApplication@60d1fb99
----------------- Done invoking toplevel() on ptolemy.moml.MoMLSimpleApplication@60d1fb99
reloadAllAccessors: .factorial

===========================================================================================
----------------- testing Wed Jul 10 06:47:06 UTC 2019 /home/travis/build/icyphy/ptII/ptolemy/actor/lib/test/auto/filterTest1.xml
----------------- Instantiating /home/travis/build/icyphy/ptII/ptolemy/actor/lib/test/auto/filterTest1.xml
3 ms. Memory: 618496K Free: 260591K (42%)
----------------- Invoking toplevel() on ptolemy.moml.MoMLSimpleApplication@ebffcfb
----------------- Done invoking toplevel() on ptolemy.moml.MoMLSimpleApplication@ebffcfb
reloadAllAccessors: .filterTest1

===========================================================================================
----------------- testing Wed Jul 10 06:47:06 UTC 2019 /home/travis/build/icyphy/ptII/ptolemy/actor/lib/test/auto/funcApplyInConst.xml
----------------- Instantiating /home/travis/build/icyphy/ptII/ptolemy/actor/lib/test/auto/funcApplyInConst.xml
1 ms. Memory: 618496K Free: 256510K (41%)
----------------- Invoking toplevel() on ptolemy.moml.MoMLSimpleApplication@35e2ea
----------------- Done invoking toplevel() on ptolemy.moml.MoMLSimpleApplication@35e2ea
reloadAllAccessors: .funcApplyInConst

===========================================================================================
----------------- testing Wed Jul 10 06:47:06 UTC 2019 /home/travis/build/icyphy/ptII/ptolemy/actor/lib/test/auto/funcApplyInExpr.xml
----------------- Instantiating /home/travis/build/icyphy/ptII/ptolemy/actor/lib/test/auto/funcApplyInExpr.xml
1 ms. Memory: 618496K Free: 252928K (41%)
----------------- Invoking toplevel() on ptolemy.moml.MoMLSimpleApplication@30de7eb1
----------------- Done invoking toplevel() on ptolemy.moml.MoMLSimpleApplication@30de7eb1
reloadAllAccessors: .funcApplyInExpr

===========================================================================================
----------------- testing Wed Jul 10 06:47:06 UTC 2019 /home/travis/build/icyphy/ptII/ptolemy/actor/lib/test/auto/function.xml
----------------- Instantiating /home/travis/build/icyphy/ptII/ptolemy/actor/lib/test/auto/function.xml
2 ms. Memory: 618496K Free: 247808K (40%)
----------------- Invoking toplevel() on ptolemy.moml.MoMLSimpleApplication@66d13a45
----------------- Done invoking toplevel() on ptolemy.moml.MoMLSimpleApplication@66d13a45
reloadAllAccessors: .function

===========================================================================================
----------------- testing Wed Jul 10 06:47:06 UTC 2019 /home/travis/build/icyphy/ptII/ptolemy/actor/lib/test/auto/function2.xml
----------------- Instantiating /home/travis/build/icyphy/ptII/ptolemy/actor/lib/test/auto/function2.xml
3 ms. Memory: 618496K Free: 242688K (39%)
----------------- Invoking toplevel() on ptolemy.moml.MoMLSimpleApplication@50a23915
----------------- Done invoking toplevel() on ptolemy.moml.MoMLSimpleApplication@50a23915
reloadAllAccessors: .function2

===========================================================================================
----------------- testing Wed Jul 10 06:47:06 UTC 2019 /home/travis/build/icyphy/ptII/ptolemy/actor/lib/test/auto/function3.xml
----------------- Instantiating /home/travis/build/icyphy/ptII/ptolemy/actor/lib/test/auto/function3.xml
2 ms. Memory: 618496K Free: 239102K (39%)
----------------- Invoking toplevel() on ptolemy.moml.MoMLSimpleApplication@627bcff4
----------------- Done invoking toplevel() on ptolemy.moml.MoMLSimpleApplication@627bcff4
reloadAllAccessors: .function3

===========================================================================================
----------------- testing Wed Jul 10 06:47:06 UTC 2019 /home/travis/build/icyphy/ptII/ptolemy/actor/lib/test/auto/functionClosureTest1.xml
----------------- Instantiating /home/travis/build/icyphy/ptII/ptolemy/actor/lib/test/auto/functionClosureTest1.xml
1 ms. Memory: 618496K Free: 232951K (38%)
----------------- Invoking toplevel() on ptolemy.moml.MoMLSimpleApplication@3db3f900
----------------- Done invoking toplevel() on ptolemy.moml.MoMLSimpleApplication@3db3f900
reloadAllAccessors: .functionClosureTest1

===========================================================================================
----------------- testing Wed Jul 10 06:47:06 UTC 2019 /home/travis/build/icyphy/ptII/ptolemy/actor/lib/test/auto/functionClosureTest2.xml
----------------- Instantiating /home/travis/build/icyphy/ptII/ptolemy/actor/lib/test/auto/functionClosureTest2.xml
2 ms. Memory: 618496K Free: 229376K (37%)
----------------- Invoking toplevel() on ptolemy.moml.MoMLSimpleApplication@6b530727
----------------- Done invoking toplevel() on ptolemy.moml.MoMLSimpleApplication@6b530727
reloadAllAccessors: .functionClosureTest2

===========================================================================================
----------------- testing Wed Jul 10 06:47:06 UTC 2019 /home/travis/build/icyphy/ptII/ptolemy/actor/lib/test/auto/functionClosureTest3.xml
----------------- Instantiating /home/travis/build/icyphy/ptII/ptolemy/actor/lib/test/auto/functionClosureTest3.xml
4 ms. Memory: 618496K Free: 223727K (36%)
----------------- Invoking toplevel() on ptolemy.moml.MoMLSimpleApplication@16518971
----------------- Done invoking toplevel() on ptolemy.moml.MoMLSimpleApplication@16518971
reloadAllAccessors: .functionClosureTest3

===========================================================================================
----------------- testing Wed Jul 10 06:47:06 UTC 2019 /home/travis/build/icyphy/ptII/ptolemy/actor/lib/test/auto/functionClosureTest4.xml
----------------- Instantiating /home/travis/build/icyphy/ptII/ptolemy/actor/lib/test/auto/functionClosureTest4.xml
4 ms. Memory: 618496K Free: 217598K (35%)
----------------- Invoking toplevel() on ptolemy.moml.MoMLSimpleApplication@4e8b21a2
----------------- Done invoking toplevel() on ptolemy.moml.MoMLSimpleApplication@4e8b21a2
reloadAllAccessors: .functionClosureTest4

===========================================================================================
----------------- testing Wed Jul 10 06:47:06 UTC 2019 /home/travis/build/icyphy/ptII/ptolemy/actor/lib/test/auto/functionClosureTest5.xml
----------------- Instantiating /home/travis/build/icyphy/ptII/ptolemy/actor/lib/test/auto/functionClosureTest5.xml
4 ms. Memory: 618496K Free: 211968K (34%)
----------------- Invoking toplevel() on ptolemy.moml.MoMLSimpleApplication@14acfcd4
----------------- Done invoking toplevel() on ptolemy.moml.MoMLSimpleApplication@14acfcd4
reloadAllAccessors: .functionClosureTest5

===========================================================================================
----------------- testing Wed Jul 10 06:47:06 UTC 2019 /home/travis/build/icyphy/ptII/ptolemy/actor/lib/test/auto/functionClosureTest6.xml
----------------- Instantiating /home/travis/build/icyphy/ptII/ptolemy/actor/lib/test/auto/functionClosureTest6.xml
2 ms. Memory: 618496K Free: 207358K (34%)
----------------- Invoking toplevel() on ptolemy.moml.MoMLSimpleApplication@494e093
----------------- Done invoking toplevel() on ptolemy.moml.MoMLSimpleApplication@494e093
reloadAllAccessors: .functionClosureTest6

===========================================================================================
----------------- testing Wed Jul 10 06:47:07 UTC 2019 /home/travis/build/icyphy/ptII/ptolemy/actor/lib/test/auto/functionsOnArcs.xml
----------------- Instantiating /home/travis/build/icyphy/ptII/ptolemy/actor/lib/test/auto/functionsOnArcs.xml
2 ms. Memory: 618496K Free: 560126K (91%)
----------------- Invoking toplevel() on ptolemy.moml.MoMLSimpleApplication@59fa5c75
----------------- Done invoking toplevel() on ptolemy.moml.MoMLSimpleApplication@59fa5c75
reloadAllAccessors: .functionsOnArcs

===========================================================================================
----------------- testing Wed Jul 10 06:47:07 UTC 2019 /home/travis/build/icyphy/ptII/ptolemy/actor/lib/test/auto/functionsOnArcsHOF.xml
----------------- Instantiating /home/travis/build/icyphy/ptII/ptolemy/actor/lib/test/auto/functionsOnArcsHOF.xml
3 ms. Memory: 618496K Free: 554496K (90%)
----------------- Invoking toplevel() on ptolemy.moml.MoMLSimpleApplication@2677abce
----------------- Done invoking toplevel() on ptolemy.moml.MoMLSimpleApplication@2677abce
reloadAllAccessors: .functionsOnArcsHOF

===========================================================================================
----------------- testing Wed Jul 10 06:47:07 UTC 2019 /home/travis/build/icyphy/ptII/ptolemy/actor/lib/test/auto/logic.xml
----------------- Instantiating /home/travis/build/icyphy/ptII/ptolemy/actor/lib/test/auto/logic.xml
2 ms. Memory: 618496K Free: 546814K (88%)
----------------- Invoking toplevel() on ptolemy.moml.MoMLSimpleApplication@236f829e
----------------- Done invoking toplevel() on ptolemy.moml.MoMLSimpleApplication@236f829e
reloadAllAccessors: .logic

===========================================================================================
----------------- testing Wed Jul 10 06:47:07 UTC 2019 /home/travis/build/icyphy/ptII/ptolemy/actor/lib/test/auto/matrixType.xml
----------------- Instantiating /home/travis/build/icyphy/ptII/ptolemy/actor/lib/test/auto/matrixType.xml
2 ms. Memory: 618496K Free: 542206K (88%)
----------------- Invoking toplevel() on ptolemy.moml.MoMLSimpleApplication@6713603f
----------------- Done invoking toplevel() on ptolemy.moml.MoMLSimpleApplication@6713603f
reloadAllAccessors: .matrixType

===========================================================================================
----------------- testing Wed Jul 10 06:47:07 UTC 2019 /home/travis/build/icyphy/ptII/ptolemy/actor/lib/test/auto/matrixType10.xml
----------------- Instantiating /home/travis/build/icyphy/ptII/ptolemy/actor/lib/test/auto/matrixType10.xml
1 ms. Memory: 618496K Free: 537088K (87%)
----------------- Invoking toplevel() on ptolemy.moml.MoMLSimpleApplication@6f974039
----------------- Done invoking toplevel() on ptolemy.moml.MoMLSimpleApplication@6f974039
reloadAllAccessors: .matrixType10

===========================================================================================
----------------- testing Wed Jul 10 06:47:07 UTC 2019 /home/travis/build/icyphy/ptII/ptolemy/actor/lib/test/auto/matrixType11.xml
----------------- Instantiating /home/travis/build/icyphy/ptII/ptolemy/actor/lib/test/auto/matrixType11.xml
1 ms. Memory: 618496K Free: 532478K (86%)
----------------- Invoking toplevel() on ptolemy.moml.MoMLSimpleApplication@69f4d212
----------------- Done invoking toplevel() on ptolemy.moml.MoMLSimpleApplication@69f4d212
reloadAllAccessors: .matrixType11

===========================================================================================
----------------- testing Wed Jul 10 06:47:07 UTC 2019 /home/travis/build/icyphy/ptII/ptolemy/actor/lib/test/auto/matrixType12.xml
----------------- Instantiating /home/travis/build/icyphy/ptII/ptolemy/actor/lib/test/auto/matrixType12.xml
1 ms. Memory: 618496K Free: 527358K (85%)
----------------- Invoking toplevel() on ptolemy.moml.MoMLSimpleApplication@49d2047e
----------------- Done invoking toplevel() on ptolemy.moml.MoMLSimpleApplication@49d2047e
reloadAllAccessors: .matrixType12

===========================================================================================
----------------- testing Wed Jul 10 06:47:07 UTC 2019 /home/travis/build/icyphy/ptII/ptolemy/actor/lib/test/auto/matrixType13.xml
----------------- Instantiating /home/travis/build/icyphy/ptII/ptolemy/actor/lib/test/auto/matrixType13.xml
2 ms. Memory: 618496K Free: 522238K (84%)
----------------- Invoking toplevel() on ptolemy.moml.MoMLSimpleApplication@7066cd46
----------------- Done invoking toplevel() on ptolemy.moml.MoMLSimpleApplication@7066cd46
reloadAllAccessors: .matrixType13

===========================================================================================
----------------- testing Wed Jul 10 06:47:07 UTC 2019 /home/travis/build/icyphy/ptII/ptolemy/actor/lib/test/auto/matrixType14.xml
----------------- Instantiating /home/travis/build/icyphy/ptII/ptolemy/actor/lib/test/auto/matrixType14.xml
2 ms. Memory: 618496K Free: 517118K (84%)
----------------- Invoking toplevel() on ptolemy.moml.MoMLSimpleApplication@11c4e13c
----------------- Done invoking toplevel() on ptolemy.moml.MoMLSimpleApplication@11c4e13c
reloadAllAccessors: .matrixType14

===========================================================================================
----------------- testing Wed Jul 10 06:47:07 UTC 2019 /home/travis/build/icyphy/ptII/ptolemy/actor/lib/test/auto/matrixType2.xml
----------------- Instantiating /home/travis/build/icyphy/ptII/ptolemy/actor/lib/test/auto/matrixType2.xml
1 ms. Memory: 618496K Free: 511998K (83%)
----------------- Invoking toplevel() on ptolemy.moml.MoMLSimpleApplication@15d86f37
----------------- Done invoking toplevel() on ptolemy.moml.MoMLSimpleApplication@15d86f37
reloadAllAccessors: .matrixType2

===========================================================================================
----------------- testing Wed Jul 10 06:47:07 UTC 2019 /home/travis/build/icyphy/ptII/ptolemy/actor/lib/test/auto/matrixType3.xml
----------------- Instantiating /home/travis/build/icyphy/ptII/ptolemy/actor/lib/test/auto/matrixType3.xml
2 ms. Memory: 618496K Free: 507392K (82%)
----------------- Invoking toplevel() on ptolemy.moml.MoMLSimpleApplication@b7d3b85
----------------- Done invoking toplevel() on ptolemy.moml.MoMLSimpleApplication@b7d3b85
reloadAllAccessors: .matrixType3

===========================================================================================
----------------- testing Wed Jul 10 06:47:07 UTC 2019 /home/travis/build/icyphy/ptII/ptolemy/actor/lib/test/auto/matrixType4.xml
----------------- Instantiating /home/travis/build/icyphy/ptII/ptolemy/actor/lib/test/auto/matrixType4.xml
1 ms. Memory: 618496K Free: 502272K (81%)
----------------- Invoking toplevel() on ptolemy.moml.MoMLSimpleApplication@7a846595
----------------- Done invoking toplevel() on ptolemy.moml.MoMLSimpleApplication@7a846595
reloadAllAccessors: .matrixType4

===========================================================================================
----------------- testing Wed Jul 10 06:47:07 UTC 2019 /home/travis/build/icyphy/ptII/ptolemy/actor/lib/test/auto/matrixType5.xml
----------------- Instantiating /home/travis/build/icyphy/ptII/ptolemy/actor/lib/test/auto/matrixType5.xml
1 ms. Memory: 618496K Free: 497662K (80%)
----------------- Invoking toplevel() on ptolemy.moml.MoMLSimpleApplication@5ab2f389
----------------- Done invoking toplevel() on ptolemy.moml.MoMLSimpleApplication@5ab2f389
reloadAllAccessors: .matrixType5

===========================================================================================
----------------- testing Wed Jul 10 06:47:07 UTC 2019 /home/travis/build/icyphy/ptII/ptolemy/actor/lib/test/auto/matrixType6.xml
----------------- Instantiating /home/travis/build/icyphy/ptII/ptolemy/actor/lib/test/auto/matrixType6.xml
1 ms. Memory: 618496K Free: 492542K (80%)
----------------- Invoking toplevel() on ptolemy.moml.MoMLSimpleApplication@3fee9327
----------------- Done invoking toplevel() on ptolemy.moml.MoMLSimpleApplication@3fee9327
reloadAllAccessors: .matrixType6

===========================================================================================
----------------- testing Wed Jul 10 06:47:07 UTC 2019 /home/travis/build/icyphy/ptII/ptolemy/actor/lib/test/auto/matrixType7.xml
----------------- Instantiating /home/travis/build/icyphy/ptII/ptolemy/actor/lib/test/auto/matrixType7.xml
2 ms. Memory: 618496K Free: 487936K (79%)
----------------- Invoking toplevel() on ptolemy.moml.MoMLSimpleApplication@753b369c
----------------- Done invoking toplevel() on ptolemy.moml.MoMLSimpleApplication@753b369c
reloadAllAccessors: .matrixType7

===========================================================================================
----------------- testing Wed Jul 10 06:47:07 UTC 2019 /home/travis/build/icyphy/ptII/ptolemy/actor/lib/test/auto/matrixType8.xml
----------------- Instantiating /home/travis/build/icyphy/ptII/ptolemy/actor/lib/test/auto/matrixType8.xml
1 ms. Memory: 618496K Free: 482816K (78%)
----------------- Invoking toplevel() on ptolemy.moml.MoMLSimpleApplication@1d9f5ae3
----------------- Done invoking toplevel() on ptolemy.moml.MoMLSimpleApplication@1d9f5ae3
reloadAllAccessors: .matrixType8

===========================================================================================
----------------- testing Wed Jul 10 06:47:07 UTC 2019 /home/travis/build/icyphy/ptII/ptolemy/actor/lib/test/auto/matrixType9.xml
----------------- Instantiating /home/travis/build/icyphy/ptII/ptolemy/actor/lib/test/auto/matrixType9.xml
1 ms. Memory: 618496K Free: 477696K (77%)
----------------- Invoking toplevel() on ptolemy.moml.MoMLSimpleApplication@2ba8b026
----------------- Done invoking toplevel() on ptolemy.moml.MoMLSimpleApplication@2ba8b026
reloadAllAccessors: .matrixType9

===========================================================================================
----------------- testing Wed Jul 10 06:47:07 UTC 2019 /home/travis/build/icyphy/ptII/ptolemy/actor/lib/test/auto/paraFunctest.xml
----------------- Instantiating /home/travis/build/icyphy/ptII/ptolemy/actor/lib/test/auto/paraFunctest.xml
1 ms. Memory: 618496K Free: 473600K (77%)
----------------- Invoking toplevel() on ptolemy.moml.MoMLSimpleApplication@41b45141
----------------- Done invoking toplevel() on ptolemy.moml.MoMLSimpleApplication@41b45141
reloadAllAccessors: .paraFunctest

===========================================================================================
----------------- testing Wed Jul 10 06:47:07 UTC 2019 /home/travis/build/icyphy/ptII/ptolemy/actor/lib/test/auto/paraFunctest2.xml
----------------- Instantiating /home/travis/build/icyphy/ptII/ptolemy/actor/lib/test/auto/paraFunctest2.xml
2 ms. Memory: 618496K Free: 468990K (76%)
----------------- Invoking toplevel() on ptolemy.moml.MoMLSimpleApplication@21269c58
----------------- Done invoking toplevel() on ptolemy.moml.MoMLSimpleApplication@21269c58
reloadAllAccessors: .paraFunctest2

===========================================================================================
----------------- testing Wed Jul 10 06:47:07 UTC 2019 /home/travis/build/icyphy/ptII/ptolemy/actor/lib/test/auto/parameterPassing.xml
----------------- Instantiating /home/travis/build/icyphy/ptII/ptolemy/actor/lib/test/auto/parameterPassing.xml
1 ms. Memory: 618496K Free: 464894K (75%)
----------------- Invoking toplevel() on ptolemy.moml.MoMLSimpleApplication@602d97fc
----------------- Done invoking toplevel() on ptolemy.moml.MoMLSimpleApplication@602d97fc
reloadAllAccessors: .parameterPassing

===========================================================================================
----------------- testing Wed Jul 10 06:47:07 UTC 2019 /home/travis/build/icyphy/ptII/ptolemy/actor/lib/test/auto/record.xml
----------------- Instantiating /home/travis/build/icyphy/ptII/ptolemy/actor/lib/test/auto/record.xml
2 ms. Memory: 618496K Free: 459774K (74%)
----------------- Invoking toplevel() on ptolemy.moml.MoMLSimpleApplication@30f1c9e
----------------- Done invoking toplevel() on ptolemy.moml.MoMLSimpleApplication@30f1c9e
reloadAllAccessors: .record

===========================================================================================
----------------- testing Wed Jul 10 06:47:07 UTC 2019 /home/travis/build/icyphy/ptII/ptolemy/actor/lib/test/auto/sizedarray1.xml
----------------- Instantiating /home/travis/build/icyphy/ptII/ptolemy/actor/lib/test/auto/sizedarray1.xml
2 ms. Memory: 618496K Free: 454144K (73%)
----------------- Invoking toplevel() on ptolemy.moml.MoMLSimpleApplication@4067488a
----------------- Done invoking toplevel() on ptolemy.moml.MoMLSimpleApplication@4067488a
reloadAllAccessors: .sizedarray1

===========================================================================================
----------------- testing Wed Jul 10 06:47:07 UTC 2019 /home/travis/build/icyphy/ptII/ptolemy/actor/lib/test/auto/sizedarray2.xml
----------------- Instantiating /home/travis/build/icyphy/ptII/ptolemy/actor/lib/test/auto/sizedarray2.xml
2 ms. Memory: 618496K Free: 449024K (73%)
----------------- Invoking toplevel() on ptolemy.moml.MoMLSimpleApplication@7d3013f9
----------------- Done invoking toplevel() on ptolemy.moml.MoMLSimpleApplication@7d3013f9
reloadAllAccessors: .sizedarray2

===========================================================================================
----------------- testing Wed Jul 10 06:47:07 UTC 2019 /home/travis/build/icyphy/ptII/ptolemy/actor/lib/test/auto/twoPublishers.xml
----------------- Instantiating /home/travis/build/icyphy/ptII/ptolemy/actor/lib/test/auto/twoPublishers.xml
6 ms. Memory: 618496K Free: 437760K (71%)
----------------- Invoking toplevel() on ptolemy.moml.MoMLSimpleApplication@5195b376
----------------- Done invoking toplevel() on ptolemy.moml.MoMLSimpleApplication@5195b376
reloadAllAccessors: .twoPublishers
AutoTests.java: About to close Vertx.
AutoTests.java: Vertx closed.
]]></system-out>
  <system-err><![CDATA[java.lang.RuntimeException: Execution failed
	at ptolemy.moml.MoMLSimpleApplication$UnloadThread.run(MoMLSimpleApplication.java:402)
Caused by: java.lang.RuntimeException: StringUtilities.exit() was called. Normally, we would exit here because Manager.exitAfterWrapup() was called.  However, because the ptolemy.ptII.exitAfterWrapup property is set, we throw this exception instead.
	at ptolemy.util.StringUtilities.exit(StringUtilities.java:363)
	at ptolemy.actor.Manager.wrapup(Manager.java:1531)
	at ptolemy.actor.Manager.execute(Manager.java:407)
	at ptolemy.actor.Manager.run(Manager.java:1263)
	at ptolemy.actor.Manager$PtolemyRunThread.run(Manager.java:1915)
Warning: '.top.test' is in training mode, set the trainingMode parameter to false before checking in
Warning: '.top.test' is in training mode, set the trainingMode parameter to false before checking in
Warning: '.top.test' is in training mode, set the trainingMode parameter to false before checking in
Warning: '.BooleanSwitch_RegressionTest_WrongTrainingValues.Test' is in training mode, set the trainingMode parameter to false before checking in
Warning: '.BooleanSwitch_RegressionTest_WrongTrainingValues.Test2' is in training mode, set the trainingMode parameter to false before checking in
Warning: '.BooleanSwitch_RegressionTest_WrongTrainingValues.Test2' The test produced 0 tokens.
Warning: '.top.testExceptionHandler' is in training mode, set the trainingMode parameter to false before checking in
java.lang.RuntimeException: Execution failed
	at ptolemy.moml.MoMLSimpleApplication$UnloadThread.run(MoMLSimpleApplication.java:402)
Caused by: ptolemy.kernel.util.IllegalActionException: PublisherPorts cannot be used at the top level, use a Publisher actor instead.
  in .PublisherPortToplevelSubscriber.PublisherPort
	at ptolemy.actor.PublisherPort.preinitialize(PublisherPort.java:403)
	at ptolemy.actor.CompositeActor.preinitialize(CompositeActor.java:1769)
	at ptolemy.actor.Manager.preinitializeAndResolveTypes(Manager.java:1040)
	at ptolemy.actor.Manager.initialize(Manager.java:710)
	at ptolemy.actor.Manager.execute(Manager.java:356)
	at ptolemy.actor.Manager.run(Manager.java:1263)
	at ptolemy.actor.Manager$PtolemyRunThread.run(Manager.java:1915)
java.lang.reflect.InvocationTargetException
	at java.base/jdk.internal.reflect.NativeConstructorAccessorImpl.newInstance0(Native Method)
	at java.base/jdk.internal.reflect.NativeConstructorAccessorImpl.newInstance(NativeConstructorAccessorImpl.java:62)
	at java.base/jdk.internal.reflect.DelegatingConstructorAccessorImpl.newInstance(DelegatingConstructorAccessorImpl.java:45)
	at java.base/java.lang.reflect.Constructor.newInstance(Constructor.java:488)
	at ptolemy.util.test.junit.AutoKnownFailedTests.RunModel(AutoKnownFailedTests.java:105)
	at java.base/jdk.internal.reflect.NativeMethodAccessorImpl.invoke0(Native Method)
	at java.base/jdk.internal.reflect.NativeMethodAccessorImpl.invoke(NativeMethodAccessorImpl.java:62)
	at java.base/jdk.internal.reflect.DelegatingMethodAccessorImpl.invoke(DelegatingMethodAccessorImpl.java:43)
	at java.base/java.lang.reflect.Method.invoke(Method.java:564)
	at org.junit.runners.model.FrameworkMethod$1.runReflectiveCall(FrameworkMethod.java:44)
	at org.junit.internal.runners.model.ReflectiveCallable.run(ReflectiveCallable.java:15)
	at org.junit.runners.model.FrameworkMethod.invokeExplosively(FrameworkMethod.java:41)
	at junitparams.internal.InvokeParameterisedMethod.evaluate(InvokeParameterisedMethod.java:102)
	at org.junit.internal.runners.statements.FailOnTimeout$1.run(FailOnTimeout.java:28)
Caused by: ptolemy.kernel.util.IllegalActionException: PublisherPorts cannot be used at the top level, use a Publisher actor instead.
  in .PublisherPortToplevelSubscriber.PublisherPort
	at ptolemy.actor.PublisherPort.preinitialize(PublisherPort.java:403)
	at ptolemy.actor.CompositeActor.preinitialize(CompositeActor.java:1769)
	at ptolemy.actor.Manager.preinitializeAndResolveTypes(Manager.java:1040)
	at ptolemy.actor.Manager.initialize(Manager.java:710)
	at ptolemy.actor.Manager.execute(Manager.java:356)
	at ptolemy.actor.Manager.run(Manager.java:1263)
	at ptolemy.actor.Manager$PtolemyRunThread.run(Manager.java:1915)
java.lang.RuntimeException: Execution failed
	at ptolemy.moml.MoMLSimpleApplication$UnloadThread.run(MoMLSimpleApplication.java:402)
Caused by: ptolemy.kernel.util.IllegalActionException: SubscriberPorts cannot be used at the top level, use a Subscriber actor instead.
  in .PublisherSubscriberPortToplevel.SubscriberPort
	at ptolemy.actor.SubscriberPort.preinitialize(SubscriberPort.java:328)
	at ptolemy.actor.CompositeActor.preinitialize(CompositeActor.java:1769)
	at ptolemy.actor.Manager.preinitializeAndResolveTypes(Manager.java:1040)
	at ptolemy.actor.Manager.initialize(Manager.java:710)
	at ptolemy.actor.Manager.execute(Manager.java:356)
	at ptolemy.actor.Manager.run(Manager.java:1263)
	at ptolemy.actor.Manager$PtolemyRunThread.run(Manager.java:1915)
java.lang.reflect.InvocationTargetException
	at java.base/jdk.internal.reflect.NativeConstructorAccessorImpl.newInstance0(Native Method)
	at java.base/jdk.internal.reflect.NativeConstructorAccessorImpl.newInstance(NativeConstructorAccessorImpl.java:62)
	at java.base/jdk.internal.reflect.DelegatingConstructorAccessorImpl.newInstance(DelegatingConstructorAccessorImpl.java:45)
	at java.base/java.lang.reflect.Constructor.newInstance(Constructor.java:488)
	at ptolemy.util.test.junit.AutoKnownFailedTests.RunModel(AutoKnownFailedTests.java:105)
	at java.base/jdk.internal.reflect.NativeMethodAccessorImpl.invoke0(Native Method)
	at java.base/jdk.internal.reflect.NativeMethodAccessorImpl.invoke(NativeMethodAccessorImpl.java:62)
	at java.base/jdk.internal.reflect.DelegatingMethodAccessorImpl.invoke(DelegatingMethodAccessorImpl.java:43)
	at java.base/java.lang.reflect.Method.invoke(Method.java:564)
	at org.junit.runners.model.FrameworkMethod$1.runReflectiveCall(FrameworkMethod.java:44)
	at org.junit.internal.runners.model.ReflectiveCallable.run(ReflectiveCallable.java:15)
	at org.junit.runners.model.FrameworkMethod.invokeExplosively(FrameworkMethod.java:41)
	at junitparams.internal.InvokeParameterisedMethod.evaluate(InvokeParameterisedMethod.java:102)
	at org.junit.internal.runners.statements.FailOnTimeout$1.run(FailOnTimeout.java:28)
Caused by: ptolemy.kernel.util.IllegalActionException: SubscriberPorts cannot be used at the top level, use a Subscriber actor instead.
  in .PublisherSubscriberPortToplevel.SubscriberPort
	at ptolemy.actor.SubscriberPort.preinitialize(SubscriberPort.java:328)
	at ptolemy.actor.CompositeActor.preinitialize(CompositeActor.java:1769)
	at ptolemy.actor.Manager.preinitializeAndResolveTypes(Manager.java:1040)
	at ptolemy.actor.Manager.initialize(Manager.java:710)
	at ptolemy.actor.Manager.execute(Manager.java:356)
	at ptolemy.actor.Manager.run(Manager.java:1263)
	at ptolemy.actor.Manager$PtolemyRunThread.run(Manager.java:1915)
java.lang.RuntimeException: Execution failed
	at ptolemy.moml.MoMLSimpleApplication$UnloadThread.run(MoMLSimpleApplication.java:402)
Caused by: ptolemy.kernel.util.IllegalActionException: SubscriptionAggregatorPorts cannot be used at the top level, use a SubscriptionAggregator actor instead.
  in .PublisherSubscriptionAggregatorPort.SubscriptionAggregatorPort
	at ptolemy.actor.SubscriptionAggregatorPort.preinitialize(SubscriptionAggregatorPort.java:353)
	at ptolemy.actor.CompositeActor.preinitialize(CompositeActor.java:1769)
	at ptolemy.actor.Manager.preinitializeAndResolveTypes(Manager.java:1040)
	at ptolemy.actor.Manager.initialize(Manager.java:710)
	at ptolemy.actor.Manager.execute(Manager.java:356)
	at ptolemy.actor.Manager.run(Manager.java:1263)
	at ptolemy.actor.Manager$PtolemyRunThread.run(Manager.java:1915)
java.lang.reflect.InvocationTargetException
	at java.base/jdk.internal.reflect.NativeConstructorAccessorImpl.newInstance0(Native Method)
	at java.base/jdk.internal.reflect.NativeConstructorAccessorImpl.newInstance(NativeConstructorAccessorImpl.java:62)
	at java.base/jdk.internal.reflect.DelegatingConstructorAccessorImpl.newInstance(DelegatingConstructorAccessorImpl.java:45)
	at java.base/java.lang.reflect.Constructor.newInstance(Constructor.java:488)
	at ptolemy.util.test.junit.AutoKnownFailedTests.RunModel(AutoKnownFailedTests.java:105)
	at java.base/jdk.internal.reflect.NativeMethodAccessorImpl.invoke0(Native Method)
	at java.base/jdk.internal.reflect.NativeMethodAccessorImpl.invoke(NativeMethodAccessorImpl.java:62)
	at java.base/jdk.internal.reflect.DelegatingMethodAccessorImpl.invoke(DelegatingMethodAccessorImpl.java:43)
	at java.base/java.lang.reflect.Method.invoke(Method.java:564)
	at org.junit.runners.model.FrameworkMethod$1.runReflectiveCall(FrameworkMethod.java:44)
	at org.junit.internal.runners.model.ReflectiveCallable.run(ReflectiveCallable.java:15)
	at org.junit.runners.model.FrameworkMethod.invokeExplosively(FrameworkMethod.java:41)
	at junitparams.internal.InvokeParameterisedMethod.evaluate(InvokeParameterisedMethod.java:102)
	at org.junit.internal.runners.statements.FailOnTimeout$1.run(FailOnTimeout.java:28)
Caused by: ptolemy.kernel.util.IllegalActionException: SubscriptionAggregatorPorts cannot be used at the top level, use a SubscriptionAggregator actor instead.
  in .PublisherSubscriptionAggregatorPort.SubscriptionAggregatorPort
	at ptolemy.actor.SubscriptionAggregatorPort.preinitialize(SubscriptionAggregatorPort.java:353)
	at ptolemy.actor.CompositeActor.preinitialize(CompositeActor.java:1769)
	at ptolemy.actor.Manager.preinitializeAndResolveTypes(Manager.java:1040)
	at ptolemy.actor.Manager.initialize(Manager.java:710)
	at ptolemy.actor.Manager.execute(Manager.java:356)
	at ptolemy.actor.Manager.run(Manager.java:1263)
	at ptolemy.actor.Manager$PtolemyRunThread.run(Manager.java:1915)
java.lang.RuntimeException: Execution failed
	at ptolemy.moml.MoMLSimpleApplication$UnloadThread.run(MoMLSimpleApplication.java:402)
Caused by: ptolemy.kernel.util.IllegalActionException: TypeTest actor has no training data.
  in .sizedarray3.TypeTest
	at ptolemy.actor.lib.TypeTest.initialize(TypeTest.java:250)
	at ptolemy.actor.Director.initialize(Director.java:938)
	at ptolemy.actor.Director.initialize(Director.java:907)
	at ptolemy.actor.sched.StaticSchedulingDirector.initialize(StaticSchedulingDirector.java:159)
	at ptolemy.domains.sdf.kernel.SDFDirector.initialize(SDFDirector.java:544)
	at ptolemy.actor.CompositeActor.initialize(CompositeActor.java:935)
	at ptolemy.actor.Manager.initialize(Manager.java:724)
	at ptolemy.actor.Manager.execute(Manager.java:356)
	at ptolemy.actor.Manager.run(Manager.java:1263)
	at ptolemy.actor.Manager$PtolemyRunThread.run(Manager.java:1915)
java.lang.reflect.InvocationTargetException
	at java.base/jdk.internal.reflect.NativeConstructorAccessorImpl.newInstance0(Native Method)
	at java.base/jdk.internal.reflect.NativeConstructorAccessorImpl.newInstance(NativeConstructorAccessorImpl.java:62)
	at java.base/jdk.internal.reflect.DelegatingConstructorAccessorImpl.newInstance(DelegatingConstructorAccessorImpl.java:45)
	at java.base/java.lang.reflect.Constructor.newInstance(Constructor.java:488)
	at ptolemy.util.test.junit.AutoKnownFailedTests.RunModel(AutoKnownFailedTests.java:105)
	at java.base/jdk.internal.reflect.NativeMethodAccessorImpl.invoke0(Native Method)
	at java.base/jdk.internal.reflect.NativeMethodAccessorImpl.invoke(NativeMethodAccessorImpl.java:62)
	at java.base/jdk.internal.reflect.DelegatingMethodAccessorImpl.invoke(DelegatingMethodAccessorImpl.java:43)
	at java.base/java.lang.reflect.Method.invoke(Method.java:564)
	at org.junit.runners.model.FrameworkMethod$1.runReflectiveCall(FrameworkMethod.java:44)
	at org.junit.internal.runners.model.ReflectiveCallable.run(ReflectiveCallable.java:15)
	at org.junit.runners.model.FrameworkMethod.invokeExplosively(FrameworkMethod.java:41)
	at junitparams.internal.InvokeParameterisedMethod.evaluate(InvokeParameterisedMethod.java:102)
	at org.junit.internal.runners.statements.FailOnTimeout$1.run(FailOnTimeout.java:28)
Caused by: ptolemy.kernel.util.IllegalActionException: TypeTest actor has no training data.
  in .sizedarray3.TypeTest
	at ptolemy.actor.lib.TypeTest.initialize(TypeTest.java:250)
	at ptolemy.actor.Director.initialize(Director.java:938)
	at ptolemy.actor.Director.initialize(Director.java:907)
	at ptolemy.actor.sched.StaticSchedulingDirector.initialize(StaticSchedulingDirector.java:159)
	at ptolemy.domains.sdf.kernel.SDFDirector.initialize(SDFDirector.java:544)
	at ptolemy.actor.CompositeActor.initialize(CompositeActor.java:935)
	at ptolemy.actor.Manager.initialize(Manager.java:724)
	at ptolemy.actor.Manager.execute(Manager.java:356)
	at ptolemy.actor.Manager.run(Manager.java:1263)
	at ptolemy.actor.Manager$PtolemyRunThread.run(Manager.java:1915)
java.lang.RuntimeException: Execution failed
	at ptolemy.moml.MoMLSimpleApplication$UnloadThread.run(MoMLSimpleApplication.java:402)
Caused by: ptolemy.kernel.util.IllegalActionException: Test fails in iteration 0.
Value was: "WARNING: An illegal reflective access operation has occurred\nWARNING: Illegal reflective access by io.netty.util.internal.ReflectionUtil (file:/home/travis/build/icyphy/ptII/lib/netty-common-4.1.19.Final.jar) to constructor java.nio.DirectByteBuffer(long,int)\nWARNING: Please consider reporting this to the maintainers of io.netty.util.internal.ReflectionUtil\nWARNING: Use --illegal-access=warn to enable warnings of further illegal reflective access operations\nWARNING: All illegal access operations will be denied in a future release\n". Should have been: ""
  in .ExecRunDemos.Test
	at ptolemy.actor.lib.Test.fire(Test.java:268)
	at ptolemy.actor.AtomicActor.iterate(AtomicActor.java:512)
	at ptolemy.actor.sched.StaticSchedulingDirector.fire(StaticSchedulingDirector.java:216)
	at ptolemy.domains.sdf.kernel.SDFDirector.fire(SDFDirector.java:500)
	at ptolemy.actor.CompositeActor.fire(CompositeActor.java:455)
	at ptolemy.actor.Manager.iterate(Manager.java:851)
	at ptolemy.actor.Manager.execute(Manager.java:369)
	at ptolemy.actor.Manager.run(Manager.java:1263)
	at ptolemy.actor.Manager$PtolemyRunThread.run(Manager.java:1915)
]]></system-err>
</testsuite>
