<?xml version="1.0" encoding="UTF-8" ?>
<testsuite errors="0" failures="1" hostname="travis-job-5882b77b-72b0-48d5-89e6-672816e58a1f" name="ptolemy.actor.lib.test.junit.JUnitTclTest" skipped="0" tests="517" time="58.955" timestamp="2020-01-02T06:40:00">
  <properties>
    <property name="npm.executable" value="npm" />
    <property name="env.TRAVIS_ROOT" value="/" />
    <property name="ptII.mk.exists" value="true" />
    <property name="env.TRAVIS_APP_HOST" value="build.travis-ci.org" />
    <property name="env.rvm_bin_path" value="/home/travis/.rvm/bin" />
    <property name="java.home" value="/usr/local/lib/jvm/openjdk11" />
    <property name="env.TRAVIS_JOB_NUMBER" value="1450.8" />
    <property name="env.TRAVIS_HOME" value="/home/travis" />
    <property name="env.DISPLAY" value=":99.0" />
    <property name="env.TRAVIS_INIT" value="systemd" />
    <property name="env.SSH_TTY" value="/dev/pts/0" />
    <property name="java.net.preferIPv4Stack" value="true" />
    <property name="env.RUN_TESTS" value="true" />
    <property name="timeout.short" value="1000000" />
    <property name="junit.formatter" value="xml" />
    <property name="env.TRAVIS_SUDO" value="true" />
    <property name="env.TRAVIS_JOB_NAME" value="" />
    <property name="env.TRAVIS_STACK_NODE_ATTRIBUTES" value="/.node-attributes.yml" />
    <property name="env.LOGNAME" value="travis" />
    <property name="env.PT_TRAVIS_TEST_CORE1_XML" value="true" />
    <property name="jsdoc.home" value="node_modules/@terraswarm/jsdoc" />
    <property name="debuglevel" value="source,lines,vars" />
    <property name="checkstyle.formatter" value="xml" />
    <property name="env._system_version" value="16.04" />
    <property name="bin.vergil.makeable" value="true" />
    <property name="sun.os.patch.level" value="unknown" />
    <property name="java.vendor.url" value="http://java.oracle.com/" />
    <property name="env.TRAVIS_BUILD_WEB_URL" value="https://travis-ci.org/icyphy/ptII/builds/631762177" />
    <property name="java.version" value="11.0.2" />
    <property name="env.TZ" value="UTC" />
    <property name="env.TRAVIS_PULL_REQUEST_SHA" value="" />
    <property name="env.PT_NO_NET" value="true" />
    <property name="env.TRAVIS_SECURE_ENV_VARS" value="true" />
    <property name="env._system_type" value="Linux" />
    <property name="java.vendor.url.bug" value="http://bugreport.java.com/bugreport/" />
    <property name="npmjs-org-is-up" value="true" />
    <property name="env.LANGUAGE" value="en_US.UTF-8" />
    <property name="env.SSH_CLIENT" value="10.16.2.53 47818 22" />
    <property name="env.GEM_HOME" value="/home/travis/.rvm/gems/ruby-2.5.3" />
    <property name="env.HAS_ANTARES_THREE_LITTLE_FRONZIES_BADGE" value="true" />
    <property name="java.version.date" value="2019-01-15" />
    <property name="env.PS4" value="+" />
    <property name="ant.project.invoked-targets" value="build,test.core1.xml" />
    <property name="env.TRAVIS_PULL_REQUEST_BRANCH" value="" />
    <property name="env.TRAVIS_REPO_SLUG" value="icyphy/ptII" />
    <property name="env.XDG_DATA_DIRS" value="/usr/local/share:/usr/share:/var/lib/snapd/desktop" />
    <property name="jdk.debug" value="release" />
    <property name="env.TRAVIS_APT_PROXY" value="http://build-cache.travisci.net" />
    <property name="env.TRAVIS_CPU_ARCH" value="amd64" />
    <property name="node.in.path" value="true" />
    <property name="user.name" value="travis" />
    <property name="java.maxmemory" value="1400m" />
    <property name="env.RUBY_VERSION" value="ruby-2.5.3" />
    <property name="env.LANG" value="en_US.UTF-8" />
    <property name="sun.io.unicode.encoding" value="UnicodeLittle" />
    <property name="sun.jnu.encoding" value="UTF-8" />
    <property name="java.runtime.name" value="OpenJDK Runtime Environment" />
    <property name="usefile" value="false" />
    <property name="return.code" value="0" />
    <property name="junit.single.formatter" value="plain" />
    <property name="env.DYLD_LIBRARY_PATH" value="/home/travis/pthla/certi-tools/lib:" />
    <property name="env.DEBIAN_FRONTEND" value="noninteractive" />
    <property name="env.SSH_CONNECTION" value="10.16.2.53 47818 10.20.0.123 22" />
    <property name="env.MYSQL_UNIX_PORT" value="/var/run/mysqld/mysqld.sock" />
    <property name="env.LC_ALL" value="en_US.UTF-8" />
    <property name="env.TRAVIS_ALLOW_FAILURE" value="false" />
    <property name="env.TRAVIS_JOB_WEB_URL" value="https://travis-ci.org/icyphy/ptII/jobs/631762185" />
    <property name="java.specification.name" value="Java Platform API Specification" />
    <property name="node.works" value="true" />
    <property name="user.timezone" value="" />
    <property name="path.separator" value=":" />
    <property name="env.TRAVIS_ENABLE_INFRA_DETECTION" value="true" />
    <property name="env.PYTHON_CFLAGS" value="-g -fstack-protector --param=ssp-buffer-size=4 -Wformat -Werror=format-security" />
    <property name="timeout.long" value="4000000" />
    <property name="env.CERTI_HOME" value="/home/travis/pthla/certi-tools" />
    <property name="ant.file.ptII" value="/home/travis/build/icyphy/ptII/build.xml" />
    <property name="javadoc.packagenames" value="com.*,diva.*,lbnl.*,org.hlacerti.*,org.json.*,org.ptolemy.*,org.terraswarm.*,ptolemy.*,ptserver.*" />
    <property name="file.encoding" value="UTF-8" />
    <property name="env.TRAVIS_PULL_REQUEST_SLUG" value="" />
    <property name="ant.project.default-target" value="build" />
    <property name="env.GIT_ASKPASS" value="echo" />
    <property name="env.HOME" value="/home/travis" />
    <property name="sun.java.command" value="org.apache.tools.ant.taskdefs.optional.junit.JUnitTestRunner ptolemy.actor.lib.test.junit.JUnitTclTest skipNonTests=false filtertrace=true haltOnError=false haltOnFailure=false formatter=org.apache.tools.ant.taskdefs.optional.junit.OutErrSummaryJUnitResultFormatter showoutput=true outputtoformatters=true logfailedtests=true threadid=0 logtestlistenerevents=false formatter=org.apache.tools.ant.taskdefs.optional.junit.XMLJUnitResultFormatter,/home/travis/build/icyphy/ptII/reports/junit/TEST-ptolemy.actor.lib.test.junit.JUnitTclTest.xml crashfile=/home/travis/build/icyphy/ptII/junitvmwatcher18187853665372774659.properties propsfile=/home/travis/build/icyphy/ptII/junit14275163942552953429.properties" />
    <property name="env.COMPOSER_NO_INTERACTION" value="1" />
    <property name="env.MANPATH" value="/home/travis/.nvm/versions/node/v7.10.1/share/man:/home/travis/.rvm/rubies/ruby-2.5.3/share/man:/usr/local/cmake-3.12.4/man:/usr/local/clang-7.0.0/share/man:/usr/local/man:/usr/local/share/man:/usr/share/man:/home/travis/.rvm/man" />
    <property name="env.TRAVIS_TIMER_ID" value="0273458d" />
    <property name="ant.file" value="/home/travis/build/icyphy/ptII/build.xml" />
    <property name="env.TRAVIS_COMMIT_RANGE" value="ec90a3f30cbca97c6668975b0dc5d1ff1f4b614e...1f87987f0e3e7c0b3e4c2c438cef4d3742e50cee" />
    <property name="env._system_name" value="Ubuntu" />
    <property name="ptII.classpath.optional.property" value="/home/travis/build/icyphy/ptII/lib/bsh-2.0b4.jar:/home/travis/build/icyphy/ptII/lib/ptCal.jar:/home/travis/build/icyphy/ptII/lib/java_cup.jar:/home/travis/build/icyphy/ptII/lib/saxon8.jar:/home/travis/build/icyphy/ptII/lib/saxon8-dom.jar:/home/travis/build/icyphy/ptII/lib/chic.jar:/home/travis/build/icyphy/ptII/lib/ptcolt.jar:/home/travis/build/icyphy/ptII/vendors/misc/itext/iText.jar:/home/travis/build/icyphy/ptII/lib/g4ltl.jar:/home/travis/build/icyphy/ptII/lib/StructuralCoder.jar:/home/travis/build/icyphy/ptII/lib/jcerti.jar:/home/travis/build/icyphy/ptII/lib/javax.mail.jar:/home/travis/build/icyphy/ptII/vendors/JMF-2.1.1e/lib/jmf.jar:/home/travis/build/icyphy/ptII/lib/jna-4.0.0-variadic.jar:/home/travis/build/icyphy/ptII/vendors/misc/joystick/Joystick.jar:/home/travis/build/icyphy/ptII/lib/ptjacl.jar:/home/travis/build/icyphy/ptII/lib/jsoup-1.8.2.jar:/home/travis/build/icyphy/ptII/lib/junit-4.8.2.jar:/home/travis/build/icyphy/ptII/lib/JUnitParams-0.4.0.jar:/home/travis/build/icyphy/ptII/ptolemy/actor/lib/excel/jxl.jar:/home/travis/build/icyphy/ptII/lib/jython.jar:/home/travis/build/icyphy/ptII/lib/kieler.jar:/home/travis/build/icyphy/ptII/vendors/opencv/share/OpenCV/java/opencv-341.jar:/home/travis/build/icyphy/ptII/lib/oscP5.jar:/home/travis/build/icyphy/ptII/lib/nrjavaserial-3.11.0.devel.jar:/home/travis/build/icyphy/ptII/vendors/j3d/lib/Linux/j3dcore.jar:/home/travis/build/icyphy/ptII/vendors/j3d/lib/Linux/j3dutils.jar:/home/travis/build/icyphy/ptII/vendors/j3d/lib/Linux/vecmath.jar:/home/travis/build/icyphy/ptII/vendors/jogl/lib/Linux/gluegen-rt-natives-linux-amd64.jar:/home/travis/build/icyphy/ptII/vendors/jogl/lib/Linux/gluegen-rt.jar:/home/travis/build/icyphy/ptII/vendors/jogl/lib/Linux/jogl-all-natives-linux-amd64.jar:/home/travis/build/icyphy/ptII/vendors/jogl/lib/Linux/jogl-all.jar:/home/travis/build/icyphy/ptII/ptolemy/distributed/jini/jar/jini-core.jar:/home/travis/build/icyphy/ptII/ptolemy/distributed/jini/jar/jini-ext.jar:/home/travis/build/icyphy/ptII/ptolemy/distributed/jini/jar/sun-util.jar:/home/travis/build/icyphy/ptII/lib/protobuf-java-2.4.1.jar:/home/travis/build/icyphy/ptII/lib/org.eclipse.paho.client.mqttv3.jar:/home/travis/build/icyphy/ptII/lib/mapss.jar:/home/travis/build/icyphy/ptII/ptolemy/actor/ptalon/antlr/antlr.jar:/home/travis/build/icyphy/ptII/lib/JRI.jar:/home/travis/build/icyphy/ptII/lib/commons-lang-2.6.jar:/home/travis/build/icyphy/ptII/lib/commons-logging-1.1.1.jar:/home/travis/build/icyphy/ptII/lib/sootclasses.jar:/home/travis/build/icyphy/ptII/ptolemy/actor/lib/database/mysql-connector-java-5.1.6-bin.jar:/home/travis/build/icyphy/ptII/vendors/misc/sphinx4/sphinx4-data-5prealpha.jar:/home/travis/build/icyphy/ptII/vendors/misc/sphinx4/sphinx4-core-5prealpha.jar:/home/travis/build/icyphy/ptII/lib/PDFRenderer.jar:/home/travis/build/icyphy/ptII/lib/svgSalamander.jar:/home/travis/build/icyphy/ptII/lib/rsyntaxtextarea-2.6.0-SNAPSHOT.jar:/home/travis/build/icyphy/ptII/lib/hazelcast-3.8.2.jar:/home/travis/build/icyphy/ptII/lib/jackson-annotations-2.9.0.jar:/home/travis/build/icyphy/ptII/lib/jackson-core-2.9.3.jar:/home/travis/build/icyphy/ptII/lib/jackson-databind-2.9.3.jar:/home/travis/build/icyphy/ptII/lib/netty-buffer-4.1.19.Final.jar:/home/travis/build/icyphy/ptII/lib/netty-codec-4.1.19.Final.jar:/home/travis/build/icyphy/ptII/lib/netty-codec-dns-4.1.19.Final.jar:/home/travis/build/icyphy/ptII/lib/netty-codec-http-4.1.19.Final.jar:/home/travis/build/icyphy/ptII/lib/netty-codec-http2-4.1.19.Final.jar:/home/travis/build/icyphy/ptII/lib/netty-common-4.1.19.Final.jar:/home/travis/build/icyphy/ptII/lib/netty-handler-4.1.19.Final.jar:/home/travis/build/icyphy/ptII/lib/netty-resolver-4.1.19.Final.jar:/home/travis/build/icyphy/ptII/lib/netty-resolver-dns-4.1.19.Final.jar:/home/travis/build/icyphy/ptII/lib/netty-transport-4.1.19.Final.jar:/home/travis/build/icyphy/ptII/lib/vertx-codegen-3.5.1.jar:/home/travis/build/icyphy/ptII/lib/vertx-core-3.5.2-SNAPSHOT.jar:/home/travis/build/icyphy/ptII/lib/vertx-hazelcast-3.5.1.jar:/home/travis/build/icyphy/ptII/lib/vertx-lang-js-3.5.1.jar:/home/travis/build/icyphy/ptII/lib/vertx-service-proxy-3.5.1.jar:/home/travis/build/icyphy/ptII/lib/vertx-web-3.5.1.jar:/home/travis/build/icyphy/ptII/lib/slf4j-api-1.7.13.jar:/home/travis/build/icyphy/ptII/lib/slf4j-simple-1.7.13.jar:/home/travis/build/icyphy/ptII/lib/webcam-capture-0.3.12.jar:/home/travis/build/icyphy/ptII/lib/bridj-0.7.0.jar:/home/travis/build/icyphy/ptII/lib/xbjlib-1.1.0.nrjavaserial.jar" />
    <property name="timeout" value="2400000" />
    <property name="test.batch" value="**/junit/*.java" />
    <property name="env._" value="/usr/bin/timeout" />
    <property name="java.io.tmpdir" value="/tmp" />
    <property name="user.language" value="en" />
    <property name="env.TRAVIS_INTERNAL_RUBY_REGEX" value="^ruby-(2\.[0-4]\.[0-9]|1\.9\.3)" />
    <property name="env.HISTCONTROL" value="ignoredups:ignorespace" />
    <property name="env.GOROOT" value="/home/travis/.gimme/versions/go1.11.1.linux.amd64" />
    <property name="line.separator" value="&#xa;" />
    <property name="target" value="11" />
    <property name="env.TRAVIS_BUILD_DIR" value="/home/travis/build/icyphy/ptII" />
    <property name="env.ANT_OPTS" value="-Xmx2048m" />
    <property name="ant.file.type" value="file" />
    <property name="ptolemy.ptII.batchMode" value="true" />
    <property name="env.HISTSIZE" value="1000" />
    <property name="env.MERB_ENV" value="test" />
    <property name="java.vm.info" value="mixed mode" />
    <property name="source" value="11" />
    <property name="java.vm.specification.name" value="Java Virtual Machine Specification" />
    <property name="env.TRAVIS_TEST_RESULT" value="0" />
    <property name="jsdoc.command" value="node_modules/@terraswarm/jsdoc/jsdoc.js" />
    <property name="npm.works" value="true" />
    <property name="cobertura.dir" value="/home/travis/build/icyphy/ptII/vendors/cobertura-2.0.3" />
    <property name="jsdoc.command.exists" value="true" />
    <property name="env.rvm_path" value="/home/travis/.rvm" />
    <property name="env.GEM_PATH" value="/home/travis/.rvm/gems/ruby-2.5.3:/home/travis/.rvm/gems/ruby-2.5.3@global" />
    <property name="env.LC_CTYPE" value="en_US.UTF-8" />
    <property name="env.TRAVIS_CMD" value="$PTII/bin/ptIITravisBuild.sh $SECONDS" />
    <property name="java.awt.printerjob" value="sun.print.PSPrinterJob" />
    <property name="env.TRAVIS_STACK_NAME" value="sardonyx" />
    <property name="env.TRAVIS_TIMER_START_TIME" value="1577946618234543507" />
    <property name="ant.version" value="Apache Ant(TM) version 1.10.1 compiled on February 2 2017" />
    <property name="ptII.reports" value="/home/travis/build/icyphy/ptII/reports" />
    <property name="env.TRAVIS_STACK_TIMESTAMP" value="2019-03-25 16:16:56 UTC" />
    <property name="ant.file.type.ptII" value="file" />
    <property name="env.RBENV_SHELL" value="bash" />
    <property name="os.name" value="Linux" />
    <property name="java.specification.vendor" value="Oracle Corporation" />
    <property name="env.rvm_version" value="1.29.7 (latest)" />
    <property name="env.TRAVIS_INFRA" value="unknown" />
    <property name="env.TERM" value="xterm" />
    <property name="java.vm.name" value="OpenJDK 64-Bit Server VM" />
    <property name="env.TRAVIS_BUILD_NUMBER" value="1450" />
    <property name="env.CI" value="true" />
    <property name="java.library.path" value="/home/travis/pthla/certi-tools/lib:/usr/lib/jni:/usr/local/share/OpenCV/java/:/usr/share/OpenCV/java::/usr/java/packages/lib:/usr/lib64:/lib64:/lib:/usr/lib" />
    <property name="jdk.module.path" value="/home/travis/build/icyphy/ptII/vendors/javafx/javafx-sdk-11.0.2/lib:" />
    <property name="env.rvm_prefix" value="/home/travis" />
    <property name="env.PATH" value="/home/travis/pthla/certi-tools/share/scripts:/home/travis/.rvm/gems/ruby-2.5.3/bin:/home/travis/.rvm/gems/ruby-2.5.3@global/bin:/home/travis/.rvm/rubies/ruby-2.5.3/bin:/home/travis/.rvm/bin:/home/travis/.nvm/versions/node/v7.10.1/bin:./node_modules/.bin:/home/travis/build/icyphy/ptII/bin:/home/travis/pthla/certi-tools/bin:/home/travis/bin:/home/travis/.local/bin:/usr/local/lib/jvm/openjdk11/bin:/opt/pyenv/shims:/home/travis/.phpenv/shims:/home/travis/perl5/perlbrew/bin:/home/travis/gopath/bin:/home/travis/.gimme/versions/go1.11.1.linux.amd64/bin:/usr/local/maven-3.6.0/bin:/usr/local/cmake-3.12.4/bin:/usr/local/clang-7.0.0/bin:/usr/local/sbin:/usr/local/bin:/usr/sbin:/usr/bin:/sbin:/bin:/snap/bin:/home/travis/.phpenv/bin:/opt/pyenv/bin:/home/travis/.yarn/bin" />
    <property name="env.TRAVIS_OS_NAME" value="linux" />
    <property name="ant.java.version" value="9" />
    <property name="basedir" value="/home/travis/build/icyphy/ptII" />
    <property name="java.class.version" value="55.0" />
    <property name="env.SHLVL" value="3" />
    <property name="env.LD_LIBRARY_PATH" value="/home/travis/pthla/certi-tools/lib:/usr/lib/jni:/usr/local/share/OpenCV/java/:/usr/share/OpenCV/java:" />
    <property name="env.RACK_ENV" value="test" />
    <property name="ant.home" value="/home/travis/build/icyphy/ptII/ant" />
    <property name="env.NVM_DIR" value="/home/travis/.nvm" />
    <property name="env.CERTI_FOM_PATH" value="/home/travis/pthla/certi-tools/share/federations" />
    <property name="env.TRAVIS_BUILD_ID" value="631762177" />
    <property name="env.PYENV_ROOT" value="/opt/pyenv" />
    <property name="env.TRAVIS_UID" value="2000" />
    <property name="prism.verbose" value="true" />
    <property name="env.NVM_BIN" value="/home/travis/.nvm/versions/node/v7.10.1/bin" />
    <property name="env.TRAVIS_COMMIT" value="1f87987f0e3e7c0b3e4c2c438cef4d3742e50cee" />
    <property name="env._system_arch" value="x86_64" />
    <property name="node.executable" value="node" />
    <property name="sun.boot.library.path" value="/usr/local/lib/jvm/openjdk11/lib" />
    <property name="sun.management.compiler" value="HotSpot 64-Bit Tiered Compilers" />
    <property name="java.awt.graphicsenv" value="sun.awt.X11GraphicsEnvironment" />
    <property name="env.GOPATH" value="/home/travis/gopath" />
    <property name="ptolemy.ptII.dir" value="/home/travis/build/icyphy/ptII" />
    <property name="env.USER" value="travis" />
    <property name="env.HISTFILESIZE" value="2000" />
    <property name="timeout.longest" value="19000000" />
    <property name="env.PERLBREW_SHELLRC_VERSION" value="0.86" />
    <property name="env.TRAVIS_STACK_FEATURES" value="basic couchdb disabled-ipv6 docker docker-compose elasticsearch firefox go-toolchain google-chrome jdk memcached mongodb mysql nodejs_interpreter perl_interpreter perlbrew phantomjs postgresql python_interpreter redis ruby_interpreter sqlite xserver" />
    <property name="env.TRAVIS_PULL_REQUEST" value="false" />
    <property name="env.PYENV_SHELL" value="bash" />
    <property name="ant.project.name" value="ptII" />
    <property name="env.ANSI_RESET" value="\033[0m" />
    <property name="java.vm.specification.version" value="11" />
    <property name="env.TRAVIS_DIST" value="xenial" />
    <property name="env.CERTI_VERSION" value="4.0.0" />
    <property name="env.CERTI_HOST" value="localhost" />
    <property name="awt.toolkit" value="sun.awt.X11.XToolkit" />
    <property name="env.MY_RUBY_HOME" value="/home/travis/.rvm/rubies/ruby-2.5.3" />
    <property name="sun.cpu.isalist" value="" />
    <property name="env.TRAVIS_TMPDIR" value="/tmp/tmp.oVG9Fc1jbS" />
    <property name="java.vm.compressedOopsMode" value="Zero based" />
    <property name="os.version" value="4.15.0-1028-gcp" />
    <property name="user.home" value="/home/travis" />
    <property name="java.vm.vendor" value="Oracle Corporation" />
    <property name="env.TRAVIS_TAG" value="nightly" />
    <property name="env.ANSI_YELLOW" value="\033[33;1m" />
    <property name="env.TRAVIS_FILTERED" value="redirect_io" />
    <property name="env.ANSI_GREEN" value="\033[32;1m" />
    <property name="env.JAVA_HOME" value="/usr/local/lib/jvm/openjdk11" />
    <property name="javadoc.excludepackagenames" value="adm.cvs2svn.*,build.*,config.*,doc.coding.templates.*,jni.test.jni.meaningOfLife.*,jni.test.jni.testDeux.*,jni.test.jni.testTrois.*,org.terraswarm.accessor.accessors.web.node_modules.*,org.terraswarm.accessor.accessors.web.hosts.cordova.demo.*,org.terraswarm.accessor.accessors.web.hosts.cordova.plugins.*,org.terraswarm.accessor.accessors-svn.*,pt-modules.*,ptolemy.apps.agilent.*,ptolemy.apps.anytimecontrol.*,ptolemy.apps.apes.*,ptolemy.apps.charon.*,ptolemy.apps.crazyboard.*,ptolemy.apps.eclipse.*,ptolemy.apps.etherealSting.*,ptolemy.apps.fullscreen.*,ptolemy.apps.giotto.*,ptolemy.apps.ia.*,ptolemy.apps.interfaces.*,ptolemy.apps.jmf.*,ptolemy.apps.kurt.*,ptolemy.apps.kvm.*,ptolemy.apps.lego.*,ptolemy.apps.lejos.*,ptolemy.apps.midp.*,ptolemy.apps.mobileCoding.*,ptolemy.apps.pendulum.*,ptolemy.apps.rijndael.*,ptolemy.apps.robot.*,ptolemy.apps.security.*,ptolemy.apps.sobel.*,ptolemy.apps.soot.*,ptolemy.apps.throttle.*,ptolemy.apps.tini.*,ptolemy.apps.transmission.*,ptolemy.apps.vergil.*,ptolemy.apps.waba.*,ptolemy.apps.websensor.*,ptolemy.apps.webstart.*,ptolemy.apps.xsl.*,ptolemy.apps.zaurus.*,ptolemy.codegen.c.actor.lib.oldJavaFiles.*,ptolemy.codegen.dsp.lib.*,ptolemy.codegen.kernel.newInterfaces.*,ptolemy.codegen.lib.*,ptolemy.copernicus.kernel.fragment.*,ptolemy.copernicus.shallow.cg.*,ptolemy.domains.giotto.demo.Hierarchy.Hierarchy.*,ptolemy.domains.giotto.demo.Multimode.Multimode.*,ptolemy.domains.giotto.demo.Simple.Simple.*,ptolemy.domains.gr.lib.experimental.*,ptolemy.domains.gro.*,ptolemy.domains.pdf.*,ptolemy.domains.ptinyos.demo.Surge.output.*,ptolemy.moml.test.NoPackageActor.java*,ptolemy.plot.adm.*,ptolemy.plot.servlet.*,reports.*,signed.*,src.*,target.*,vendors.*,ptolemy.copernicus.applet.*,ptolemy.media.viewer.*,ptolemy.actor.corba.*,doc.doclets.*,ptolemy.apps.eclipse.awt.*,ptolemy.backtrack.*,ptolemy.backtrack.ast.*,ptolemy.cg.adapter.generic.program.procedural.c.mbed*,ptolemy.homer.*,ptolemy.actor.lib.jai.*,org.ptolemy.scala.*,diva.util.java2d.svg.*,ptolemy.domains.ptinyos.*,ptolemy.actor.lib.fmi.fmipp.*,,org.terraswarm.accessor.accessors.web.node_modules.*,org.terraswarm.accessor.accessors-svn,ptolemy.apps.*,ptolemy.actor.ptalon.demo.ptinyos.SendAndReceiveCnt.output,ptolemy.actor.ptalon.demo.ptinyos.SenseToLeds.output,ptolemy.domains.ptinyos.demo.CntToLedsAndRfm.output,ptolemy.domains.ptinyos.demo.RfmToLeds.output,ptolemy.domains.ptinyos.demo.SendAndReceiveCnt.output,ptolemy.domains.ptinyos.demo.SenseToLeds.output,ptolemy.actor.lib.jjs.modules.udpSocket.*" />
    <property name="env.PTII" value="/home/travis/build/icyphy/ptII" />
    <property name="env.XDG_SESSION_ID" value="2" />
    <property name="keystore" value="ptKeystore" />
    <property name="env.TRAVIS_COMMIT_MESSAGE" value="Restored ptolemy/domains/space/test/auto directory now that we have timeout mechanism. Hopefully, we will now just see test failures when the database is down instead of total failure of the tests." />
    <property name="junit.output.dir" value="/home/travis/build/icyphy/ptII/reports/junit" />
    <property name="npm.return.code" value="0" />
    <property name="user.dir" value="/home/travis/build/icyphy/ptII/ptolemy/actor/lib/test" />
    <property name="env.TRAVIS_NODE_VERSION" value="7" />
    <property name="env.TRAVIS_EVENT_TYPE" value="cron" />
    <property name="env.MAIL" value="/var/mail/travis" />
    <property name="env.PERLBREW_ROOT" value="/home/travis/perl5/perlbrew" />
    <property name="env.PWD" value="/home/travis/build/icyphy/ptII" />
    <property name="timeout.npm" value="45000" />
    <property name="env.TRAVIS_ARCH" value="amd64" />
    <property name="sun.cpu.endian" value="little" />
    <property name="env.PAGER" value="cat" />
    <property name="env.TRAVIS_BUILD_STAGE_NAME" value="Test" />
    <property name="env.PERLBREW_HOME" value="/home/travis/.perlbrew" />
    <property name="java.vm.version" value="11.0.2+9" />
    <property name="env.RAILS_ENV" value="test" />
    <property name="java.class.path" value="/home/travis/.ptolemyII:/home/travis/.ptolemyII/*:/home/travis/build/icyphy/ptII:/home/travis/build/icyphy/ptII/lib/bsh-2.0b4.jar:/home/travis/build/icyphy/ptII/lib/ptCal.jar:/home/travis/build/icyphy/ptII/lib/java_cup.jar:/home/travis/build/icyphy/ptII/lib/saxon8.jar:/home/travis/build/icyphy/ptII/lib/saxon8-dom.jar:/home/travis/build/icyphy/ptII/lib/chic.jar:/home/travis/build/icyphy/ptII/lib/ptcolt.jar:/home/travis/build/icyphy/ptII/vendors/misc/itext/iText.jar:/home/travis/build/icyphy/ptII/lib/g4ltl.jar:/home/travis/build/icyphy/ptII/lib/StructuralCoder.jar:/home/travis/build/icyphy/ptII/lib/jcerti.jar:/home/travis/build/icyphy/ptII/lib/javax.mail.jar:/home/travis/build/icyphy/ptII/vendors/JMF-2.1.1e/lib/jmf.jar:/home/travis/build/icyphy/ptII/lib/jna-4.0.0-variadic.jar:/home/travis/build/icyphy/ptII/vendors/misc/joystick/Joystick.jar:/home/travis/build/icyphy/ptII/lib/ptjacl.jar:/home/travis/build/icyphy/ptII/lib/jsoup-1.8.2.jar:/home/travis/build/icyphy/ptII/lib/junit-4.8.2.jar:/home/travis/build/icyphy/ptII/lib/JUnitParams-0.4.0.jar:/home/travis/build/icyphy/ptII/ptolemy/actor/lib/excel/jxl.jar:/home/travis/build/icyphy/ptII/lib/jython.jar:/home/travis/build/icyphy/ptII/lib/kieler.jar:/home/travis/build/icyphy/ptII/vendors/opencv/share/OpenCV/java/opencv-341.jar:/home/travis/build/icyphy/ptII/lib/oscP5.jar:/home/travis/build/icyphy/ptII/lib/nrjavaserial-3.11.0.devel.jar:/home/travis/build/icyphy/ptII/vendors/j3d/lib/Linux/j3dcore.jar:/home/travis/build/icyphy/ptII/vendors/j3d/lib/Linux/j3dutils.jar:/home/travis/build/icyphy/ptII/vendors/j3d/lib/Linux/vecmath.jar:/home/travis/build/icyphy/ptII/vendors/jogl/lib/Linux/gluegen-rt-natives-linux-amd64.jar:/home/travis/build/icyphy/ptII/vendors/jogl/lib/Linux/gluegen-rt.jar:/home/travis/build/icyphy/ptII/vendors/jogl/lib/Linux/jogl-all-natives-linux-amd64.jar:/home/travis/build/icyphy/ptII/vendors/jogl/lib/Linux/jogl-all.jar:/home/travis/build/icyphy/ptII/ptolemy/distributed/jini/jar/jini-core.jar:/home/travis/build/icyphy/ptII/ptolemy/distributed/jini/jar/jini-ext.jar:/home/travis/build/icyphy/ptII/ptolemy/distributed/jini/jar/sun-util.jar:/home/travis/build/icyphy/ptII/lib/protobuf-java-2.4.1.jar:/home/travis/build/icyphy/ptII/lib/org.eclipse.paho.client.mqttv3.jar:/home/travis/build/icyphy/ptII/lib/mapss.jar:/home/travis/build/icyphy/ptII/ptolemy/actor/ptalon/antlr/antlr.jar:/home/travis/build/icyphy/ptII/lib/JRI.jar:/home/travis/build/icyphy/ptII/lib/commons-lang-2.6.jar:/home/travis/build/icyphy/ptII/lib/commons-logging-1.1.1.jar:/home/travis/build/icyphy/ptII/lib/sootclasses.jar:/home/travis/build/icyphy/ptII/ptolemy/actor/lib/database/mysql-connector-java-5.1.6-bin.jar:/home/travis/build/icyphy/ptII/vendors/misc/sphinx4/sphinx4-data-5prealpha.jar:/home/travis/build/icyphy/ptII/vendors/misc/sphinx4/sphinx4-core-5prealpha.jar:/home/travis/build/icyphy/ptII/lib/PDFRenderer.jar:/home/travis/build/icyphy/ptII/lib/svgSalamander.jar:/home/travis/build/icyphy/ptII/lib/rsyntaxtextarea-2.6.0-SNAPSHOT.jar:/home/travis/build/icyphy/ptII/lib/hazelcast-3.8.2.jar:/home/travis/build/icyphy/ptII/lib/jackson-annotations-2.9.0.jar:/home/travis/build/icyphy/ptII/lib/jackson-core-2.9.3.jar:/home/travis/build/icyphy/ptII/lib/jackson-databind-2.9.3.jar:/home/travis/build/icyphy/ptII/lib/netty-buffer-4.1.19.Final.jar:/home/travis/build/icyphy/ptII/lib/netty-codec-4.1.19.Final.jar:/home/travis/build/icyphy/ptII/lib/netty-codec-dns-4.1.19.Final.jar:/home/travis/build/icyphy/ptII/lib/netty-codec-http-4.1.19.Final.jar:/home/travis/build/icyphy/ptII/lib/netty-codec-http2-4.1.19.Final.jar:/home/travis/build/icyphy/ptII/lib/netty-common-4.1.19.Final.jar:/home/travis/build/icyphy/ptII/lib/netty-handler-4.1.19.Final.jar:/home/travis/build/icyphy/ptII/lib/netty-resolver-4.1.19.Final.jar:/home/travis/build/icyphy/ptII/lib/netty-resolver-dns-4.1.19.Final.jar:/home/travis/build/icyphy/ptII/lib/netty-transport-4.1.19.Final.jar:/home/travis/build/icyphy/ptII/lib/vertx-codegen-3.5.1.jar:/home/travis/build/icyphy/ptII/lib/vertx-core-3.5.2-SNAPSHOT.jar:/home/travis/build/icyphy/ptII/lib/vertx-hazelcast-3.5.1.jar:/home/travis/build/icyphy/ptII/lib/vertx-lang-js-3.5.1.jar:/home/travis/build/icyphy/ptII/lib/vertx-service-proxy-3.5.1.jar:/home/travis/build/icyphy/ptII/lib/vertx-web-3.5.1.jar:/home/travis/build/icyphy/ptII/lib/slf4j-api-1.7.13.jar:/home/travis/build/icyphy/ptII/lib/slf4j-simple-1.7.13.jar:/home/travis/build/icyphy/ptII/lib/webcam-capture-0.3.12.jar:/home/travis/build/icyphy/ptII/lib/bridj-0.7.0.jar:/home/travis/build/icyphy/ptII/lib/xbjlib-1.1.0.nrjavaserial.jar:/home/travis/build/icyphy/ptII/ptolemy/moml/test:/home/travis/build/icyphy/ptII/ant/lib/ant-launcher.jar:/home/travis/build/icyphy/ptII/ant/lib/ant.jar:/home/travis/build/icyphy/ptII/ant/lib/ant-junit.jar:/home/travis/build/icyphy/ptII/ant/lib/ant-junit4.jar" />
    <property name="ant.library.dir" value="/home/travis/build/icyphy/ptII/ant/lib" />
    <property name="os.arch" value="amd64" />
    <property name="env.CONTINUOUS_INTEGRATION" value="true" />
    <property name="env.TRAVIS_LANGUAGE" value="node_js" />
    <property name="env.TRAVIS_STACK_LANGUAGES" value="__sardonyx__ c c++ clojure cplusplus cpp default generic go groovy java node_js php pure_java python ruby scala" />
    <property name="test.name" value="ptolemy.actor.lib.test.junit.JUnitTclTest" />
    <property name="env.APT_KEY_DONT_WARN_ON_DANGEROUS_USAGE" value="1" />
    <property name="sun.java.launcher" value="SUN_STANDARD" />
    <property name="env.PYTHON_CONFIGURE_OPTS" value="--enable-unicode=ucs4 --with-wide-unicode --enable-shared --enable-ipv6 --enable-loadable-sqlite-extensions --with-computed-gotos" />
    <property name="ant.core.lib" value="/home/travis/build/icyphy/ptII/ant/lib/ant.jar" />
    <property name="java.vm.specification.vendor" value="Oracle Corporation" />
    <property name="env.BCVTB_HOME" value="/home/travis/build/icyphy/ptII/lbnl" />
    <property name="file.separator" value="/" />
    <property name="spotbugs.home" value="/home/travis/build/icyphy/ptII/vendors/spotbugs-3.1.1" />
    <property name="java.runtime.version" value="11.0.2+9" />
    <property name="env.ANSI_CLEAR" value="\033[0K" />
    <property name="javafx.verbose" value="true" />
    <property name="env.HAS_JOSH_K_SEAL_OF_APPROVAL" value="true" />
    <property name="env.XDG_RUNTIME_DIR" value="/run/user/2000" />
    <property name="env.TRAVIS_OSX_IMAGE" value="" />
    <property name="env.TRAVIS_JOB_ID" value="631762185" />
    <property name="env.TRAVIS_BRANCH" value="master" />
    <property name="user.country" value="US" />
    <property name="env.CERTI_HOME_TRAVIS" value="/home/travis/pthla/certi-tools" />
    <property name="env.SHELL" value="/bin/bash" />
    <property name="java.maxmemory.large" value="3200m" />
    <property name="model" value="" />
    <property name="env.CASHER_DIR" value="/home/travis/.casher" />
    <property name="env.NVM_CD_FLAGS" value="" />
    <property name="java.vendor.version" value="18.9" />
    <property name="jshint.executable" value="/home/travis/node_modules/jshint/bin/jshint" />
    <property name="env.JRUBY_OPTS" value=" --client -J-XX:+TieredCompilation -J-XX:TieredStopAtLevel=1 -J-Xss2m -Xcompile.invokedynamic=false" />
    <property name="java.vendor" value="Oracle Corporation" />
    <property name="env.TRAVIS_PRE_CHEF_BOOTSTRAP_TIME" value="2019-03-25T16:16:42" />
    <property name="env.TRAVIS_STACK_JOB_BOARD_REGISTER" value="/.job-board-register.yml" />
    <property name="env.ANSI_RED" value="\033[31;1m" />
    <property name="java.specification.version" value="11" />
    <property name="env.IRBRC" value="/home/travis/.rvm/rubies/ruby-2.5.3/.irbrc" />
    <property name="env.TRAVIS" value="true" />
    <property name="sun.arch.data.model" value="64" />
  </properties>
  <testcase classname="ptolemy.util.test.junit.TclTests" name="[0] /home/travis/build/icyphy/ptII/ptolemy/actor/lib/test/AbsoluteValue.tcl (RunTclFile)" time="0.554" />
  <testcase classname="ptolemy.util.test.junit.TclTests" name="[1] /home/travis/build/icyphy/ptII/ptolemy/actor/lib/test/AddSubtract.tcl (RunTclFile)" time="0.158" />
  <testcase classname="ptolemy.util.test.junit.TclTests" name="[2] /home/travis/build/icyphy/ptII/ptolemy/actor/lib/test/Average.tcl (RunTclFile)" time="0.029" />
  <testcase classname="ptolemy.util.test.junit.TclTests" name="[3] /home/travis/build/icyphy/ptII/ptolemy/actor/lib/test/Bernoulli.tcl (RunTclFile)" time="0.017" />
  <testcase classname="ptolemy.util.test.junit.TclTests" name="[4] /home/travis/build/icyphy/ptII/ptolemy/actor/lib/test/Clock.tcl (RunTclFile)" time="0.088" />
  <testcase classname="ptolemy.util.test.junit.TclTests" name="[5] /home/travis/build/icyphy/ptII/ptolemy/actor/lib/test/Commutator.tcl (RunTclFile)" time="0.16" />
  <testcase classname="ptolemy.util.test.junit.TclTests" name="[6] /home/travis/build/icyphy/ptII/ptolemy/actor/lib/test/Const.tcl (RunTclFile)" time="0.098" />
  <testcase classname="ptolemy.util.test.junit.TclTests" name="[7] /home/travis/build/icyphy/ptII/ptolemy/actor/lib/test/CurrentTime.tcl (RunTclFile)" time="0.037" />
  <testcase classname="ptolemy.util.test.junit.TclTests" name="[8] /home/travis/build/icyphy/ptII/ptolemy/actor/lib/test/DB.tcl (RunTclFile)" time="0.037" />
  <testcase classname="ptolemy.util.test.junit.TclTests" name="[9] /home/travis/build/icyphy/ptII/ptolemy/actor/lib/test/DiscreteRandomSource.tcl (RunTclFile)" time="0.032" />
  <testcase classname="ptolemy.util.test.junit.TclTests" name="[10] /home/travis/build/icyphy/ptII/ptolemy/actor/lib/test/Distributor.tcl (RunTclFile)" time="0.091" />
  <testcase classname="ptolemy.util.test.junit.TclTests" name="[11] /home/travis/build/icyphy/ptII/ptolemy/actor/lib/test/Exit.tcl (RunTclFile)" time="0.094" />
  <testcase classname="ptolemy.util.test.junit.TclTests" name="[12] /home/travis/build/icyphy/ptII/ptolemy/actor/lib/test/Expression.tcl (RunTclFile)" time="0.132" />
  <testcase classname="ptolemy.util.test.junit.TclTests" name="[13] /home/travis/build/icyphy/ptII/ptolemy/actor/lib/test/Gaussian.tcl (RunTclFile)" time="0.11" />
  <testcase classname="ptolemy.util.test.junit.TclTests" name="[14] /home/travis/build/icyphy/ptII/ptolemy/actor/lib/test/IIR.tcl (RunTclFile)" time="0.02" />
  <testcase classname="ptolemy.util.test.junit.TclTests" name="[15] /home/travis/build/icyphy/ptII/ptolemy/actor/lib/test/Interpolator.tcl (RunTclFile)" time="0.06" />
  <testcase classname="ptolemy.util.test.junit.TclTests" name="[16] /home/travis/build/icyphy/ptII/ptolemy/actor/lib/test/MathFunction.tcl (RunTclFile)" time="0.073" />
  <testcase classname="ptolemy.util.test.junit.TclTests" name="[17] /home/travis/build/icyphy/ptII/ptolemy/actor/lib/test/Maximum.tcl (RunTclFile)" time="0.03" />
  <testcase classname="ptolemy.util.test.junit.TclTests" name="[18] /home/travis/build/icyphy/ptII/ptolemy/actor/lib/test/Minimum.tcl (RunTclFile)" time="0.017" />
  <testcase classname="ptolemy.util.test.junit.TclTests" name="[19] /home/travis/build/icyphy/ptII/ptolemy/actor/lib/test/MultiplyDivide.tcl (RunTclFile)" time="0.02" />
  <testcase classname="ptolemy.util.test.junit.TclTests" name="[20] /home/travis/build/icyphy/ptII/ptolemy/actor/lib/test/OrderedMerge.tcl (RunTclFile)" time="0.094" />
  <testcase classname="ptolemy.util.test.junit.TclTests" name="[21] /home/travis/build/icyphy/ptII/ptolemy/actor/lib/test/Publisher.tcl (RunTclFile)" time="0.697" />
  <testcase classname="ptolemy.util.test.junit.TclTests" name="[22] /home/travis/build/icyphy/ptII/ptolemy/actor/lib/test/Pulse.tcl (RunTclFile)" time="0.055" />
  <testcase classname="ptolemy.util.test.junit.TclTests" name="[23] /home/travis/build/icyphy/ptII/ptolemy/actor/lib/test/Ramp.tcl (RunTclFile)" time="2.028" />
  <testcase classname="ptolemy.util.test.junit.TclTests" name="[24] /home/travis/build/icyphy/ptII/ptolemy/actor/lib/test/RampContinuous.tcl (RunTclFile)" time="0.016" />
  <testcase classname="ptolemy.util.test.junit.TclTests" name="[25] /home/travis/build/icyphy/ptII/ptolemy/actor/lib/test/RecordAssembler.tcl (RunTclFile)" time="0.015" />
  <testcase classname="ptolemy.util.test.junit.TclTests" name="[26] /home/travis/build/icyphy/ptII/ptolemy/actor/lib/test/RecordDisassembler.tcl (RunTclFile)" time="0.032" />
  <testcase classname="ptolemy.util.test.junit.TclTests" name="[27] /home/travis/build/icyphy/ptII/ptolemy/actor/lib/test/Scale.tcl (RunTclFile)" time="0.024" />
  <testcase classname="ptolemy.util.test.junit.TclTests" name="[28] /home/travis/build/icyphy/ptII/ptolemy/actor/lib/test/SequentialClock.tcl (RunTclFile)" time="0.013" />
  <testcase classname="ptolemy.util.test.junit.TclTests" name="[29] /home/travis/build/icyphy/ptII/ptolemy/actor/lib/test/SetVariable.tcl (RunTclFile)" time="0.022">
    <failure message="Number of failed tests is has increased. expected:&lt;0&gt; but was:&lt;1&gt;" type="junit.framework.AssertionFailedError">junit.framework.AssertionFailedError: Number of failed tests is has increased. expected:&lt;0&gt; but was:&lt;1&gt;
	at ptolemy.util.test.junit.TclTests.RunTclFile(TclTests.java:286)
	at jdk.internal.reflect.GeneratedMethodAccessor19.invoke(Unknown Source)
	at java.base/jdk.internal.reflect.DelegatingMethodAccessorImpl.invoke(DelegatingMethodAccessorImpl.java:43)
	at junitparams.internal.InvokeParameterisedMethod.evaluate(InvokeParameterisedMethod.java:102)
	at junitparams.internal.ParameterisedTestMethodRunner.runMethodInvoker(ParameterisedTestMethodRunner.java:47)
	at junitparams.internal.ParameterisedTestMethodRunner.runTestMethod(ParameterisedTestMethodRunner.java:41)
	at junitparams.internal.ParameterisedTestClassRunner.runParameterisedTest(ParameterisedTestClassRunner.java:143)
	at junitparams.JUnitParamsRunner.runChild(JUnitParamsRunner.java:237)
	at junitparams.JUnitParamsRunner.runChild(JUnitParamsRunner.java:215)
</failure>
  </testcase>
  <testcase classname="ptolemy.util.test.junit.TclTests" name="[30] /home/travis/build/icyphy/ptII/ptolemy/actor/lib/test/Sinewave.tcl (RunTclFile)" time="0.033" />
  <testcase classname="ptolemy.util.test.junit.TclTests" name="[31] /home/travis/build/icyphy/ptII/ptolemy/actor/lib/test/SubscriptionAggregator.tcl (RunTclFile)" time="2.13" />
  <testcase classname="ptolemy.util.test.junit.TclTests" name="[32] /home/travis/build/icyphy/ptII/ptolemy/actor/lib/test/Test.tcl (RunTclFile)" time="0.079" />
  <testcase classname="ptolemy.util.test.junit.TclTests" name="[33] /home/travis/build/icyphy/ptII/ptolemy/actor/lib/test/TestExceptionHandler.tcl (RunTclFile)" time="0.011" />
  <testcase classname="ptolemy.util.test.junit.TclTests" name="[34] /home/travis/build/icyphy/ptII/ptolemy/actor/lib/test/UnionDisassembler.tcl (RunTclFile)" time="0.064" />
  <testcase classname="ptolemy.util.test.junit.TclTests" name="[35] /home/travis/build/icyphy/ptII/ptolemy/actor/lib/test/VariableClock.tcl (RunTclFile)" time="0.028" />
  <testcase classname="ptolemy.util.test.junit.AutoKnownFailedTests" name="[0] /home/travis/build/icyphy/ptII/ptolemy/actor/lib/test/auto/knownFailedTests/PublisherPortToplevelSubscriber.xml (RunModel)" time="0.032" />
  <testcase classname="ptolemy.util.test.junit.AutoKnownFailedTests" name="[1] /home/travis/build/icyphy/ptII/ptolemy/actor/lib/test/auto/knownFailedTests/PublisherSubscriberPortToplevel.xml (RunModel)" time="0.024" />
  <testcase classname="ptolemy.util.test.junit.AutoKnownFailedTests" name="[2] /home/travis/build/icyphy/ptII/ptolemy/actor/lib/test/auto/knownFailedTests/PublisherSubscriptionAggregatorPort.xml (RunModel)" time="0.025" />
  <testcase classname="ptolemy.util.test.junit.AutoKnownFailedTests" name="[3] /home/travis/build/icyphy/ptII/ptolemy/actor/lib/test/auto/knownFailedTests/sizedarray3.xml (RunModel)" time="0.023" />
  <testcase classname="ptolemy.util.test.junit.AutoNameArchTests" name="[0] ThereAreNoAutoArchTests (RunModel)" time="0.003" />
  <testcase classname="ptolemy.util.test.junit.AutoTests" name="[0] /home/travis/build/icyphy/ptII/ptolemy/actor/lib/test/auto/AbsoluteValue.xml (RunModel)" time="0.094" />
  <testcase classname="ptolemy.util.test.junit.AutoTests" name="[1] /home/travis/build/icyphy/ptII/ptolemy/actor/lib/test/auto/AbsoluteValue2.xml (RunModel)" time="0.072" />
  <testcase classname="ptolemy.util.test.junit.AutoTests" name="[2] /home/travis/build/icyphy/ptII/ptolemy/actor/lib/test/auto/Accumulator.xml (RunModel)" time="0.047" />
  <testcase classname="ptolemy.util.test.junit.AutoTests" name="[3] /home/travis/build/icyphy/ptII/ptolemy/actor/lib/test/auto/Accumulator2.xml (RunModel)" time="0.051" />
  <testcase classname="ptolemy.util.test.junit.AutoTests" name="[4] /home/travis/build/icyphy/ptII/ptolemy/actor/lib/test/auto/Accumulator3.xml (RunModel)" time="0.027" />
  <testcase classname="ptolemy.util.test.junit.AutoTests" name="[5] /home/travis/build/icyphy/ptII/ptolemy/actor/lib/test/auto/ArrayAppend.xml (RunModel)" time="0.041" />
  <testcase classname="ptolemy.util.test.junit.AutoTests" name="[6] /home/travis/build/icyphy/ptII/ptolemy/actor/lib/test/auto/ArrayAppend2.xml (RunModel)" time="0.304" />
  <testcase classname="ptolemy.util.test.junit.AutoTests" name="[7] /home/travis/build/icyphy/ptII/ptolemy/actor/lib/test/auto/ArrayAppend3.xml (RunModel)" time="0.037" />
  <testcase classname="ptolemy.util.test.junit.AutoTests" name="[8] /home/travis/build/icyphy/ptII/ptolemy/actor/lib/test/auto/ArrayAppend4.xml (RunModel)" time="0.038" />
  <testcase classname="ptolemy.util.test.junit.AutoTests" name="[9] /home/travis/build/icyphy/ptII/ptolemy/actor/lib/test/auto/ArrayAppend5.xml (RunModel)" time="0.016" />
  <testcase classname="ptolemy.util.test.junit.AutoTests" name="[10] /home/travis/build/icyphy/ptII/ptolemy/actor/lib/test/auto/ArrayAppend6.xml (RunModel)" time="0.021" />
  <testcase classname="ptolemy.util.test.junit.AutoTests" name="[11] /home/travis/build/icyphy/ptII/ptolemy/actor/lib/test/auto/ArrayAppendPerformanceTest.xml (RunModel)" time="0.054" />
  <testcase classname="ptolemy.util.test.junit.AutoTests" name="[12] /home/travis/build/icyphy/ptII/ptolemy/actor/lib/test/auto/ArrayAppendWithEmptyInput.xml (RunModel)" time="0.042" />
  <testcase classname="ptolemy.util.test.junit.AutoTests" name="[13] /home/travis/build/icyphy/ptII/ptolemy/actor/lib/test/auto/ArrayAverage.xml (RunModel)" time="0.039" />
  <testcase classname="ptolemy.util.test.junit.AutoTests" name="[14] /home/travis/build/icyphy/ptII/ptolemy/actor/lib/test/auto/ArrayContains.xml (RunModel)" time="0.026" />
  <testcase classname="ptolemy.util.test.junit.AutoTests" name="[15] /home/travis/build/icyphy/ptII/ptolemy/actor/lib/test/auto/ArrayElement.xml (RunModel)" time="0.027" />
  <testcase classname="ptolemy.util.test.junit.AutoTests" name="[16] /home/travis/build/icyphy/ptII/ptolemy/actor/lib/test/auto/ArrayElementAsMatrix.xml (RunModel)" time="0.116" />
  <testcase classname="ptolemy.util.test.junit.AutoTests" name="[17] /home/travis/build/icyphy/ptII/ptolemy/actor/lib/test/auto/ArrayElementI.xml (RunModel)" time="0.014" />
  <testcase classname="ptolemy.util.test.junit.AutoTests" name="[18] /home/travis/build/icyphy/ptII/ptolemy/actor/lib/test/auto/ArrayExtract.xml (RunModel)" time="0.029" />
  <testcase classname="ptolemy.util.test.junit.AutoTests" name="[19] /home/travis/build/icyphy/ptII/ptolemy/actor/lib/test/auto/ArrayExtract2.xml (RunModel)" time="0.012" />
  <testcase classname="ptolemy.util.test.junit.AutoTests" name="[20] /home/travis/build/icyphy/ptII/ptolemy/actor/lib/test/auto/ArrayLength.xml (RunModel)" time="0.011" />
  <testcase classname="ptolemy.util.test.junit.AutoTests" name="[21] /home/travis/build/icyphy/ptII/ptolemy/actor/lib/test/auto/ArrayLevelCrossing.xml (RunModel)" time="0.022" />
  <testcase classname="ptolemy.util.test.junit.AutoTests" name="[22] /home/travis/build/icyphy/ptII/ptolemy/actor/lib/test/auto/ArrayLevelCrossing2.xml (RunModel)" time="0.018" />
  <testcase classname="ptolemy.util.test.junit.AutoTests" name="[23] /home/travis/build/icyphy/ptII/ptolemy/actor/lib/test/auto/ArrayPeakSearch.xml (RunModel)" time="0.027" />
  <testcase classname="ptolemy.util.test.junit.AutoTests" name="[24] /home/travis/build/icyphy/ptII/ptolemy/actor/lib/test/auto/ArrayPeakSearch2.xml (RunModel)" time="0.029" />
  <testcase classname="ptolemy.util.test.junit.AutoTests" name="[25] /home/travis/build/icyphy/ptII/ptolemy/actor/lib/test/auto/ArrayPeakSearch3.xml (RunModel)" time="0.025" />
  <testcase classname="ptolemy.util.test.junit.AutoTests" name="[26] /home/travis/build/icyphy/ptII/ptolemy/actor/lib/test/auto/ArrayRemoveElement.xml (RunModel)" time="0.023" />
  <testcase classname="ptolemy.util.test.junit.AutoTests" name="[27] /home/travis/build/icyphy/ptII/ptolemy/actor/lib/test/auto/ArraySort.xml (RunModel)" time="0.026" />
  <testcase classname="ptolemy.util.test.junit.AutoTests" name="[28] /home/travis/build/icyphy/ptII/ptolemy/actor/lib/test/auto/ArraySum.xml (RunModel)" time="0.014" />
  <testcase classname="ptolemy.util.test.junit.AutoTests" name="[29] /home/travis/build/icyphy/ptII/ptolemy/actor/lib/test/auto/ArrayToElements.xml (RunModel)" time="0.015" />
  <testcase classname="ptolemy.util.test.junit.AutoTests" name="[30] /home/travis/build/icyphy/ptII/ptolemy/actor/lib/test/auto/ArrayToMatrix.xml (RunModel)" time="0.042" />
  <testcase classname="ptolemy.util.test.junit.AutoTests" name="[31] /home/travis/build/icyphy/ptII/ptolemy/actor/lib/test/auto/ArrayUpdate1.xml (RunModel)" time="0.013" />
  <testcase classname="ptolemy.util.test.junit.AutoTests" name="[32] /home/travis/build/icyphy/ptII/ptolemy/actor/lib/test/auto/ArrayUpdate2.xml (RunModel)" time="0.023" />
  <testcase classname="ptolemy.util.test.junit.AutoTests" name="[33] /home/travis/build/icyphy/ptII/ptolemy/actor/lib/test/auto/ArrayUpdate3.xml (RunModel)" time="0.013" />
  <testcase classname="ptolemy.util.test.junit.AutoTests" name="[34] /home/travis/build/icyphy/ptII/ptolemy/actor/lib/test/auto/Assert1.xml (RunModel)" time="0.019" />
  <testcase classname="ptolemy.util.test.junit.AutoTests" name="[35] /home/travis/build/icyphy/ptII/ptolemy/actor/lib/test/auto/Assert2.xml (RunModel)" time="0.01" />
  <testcase classname="ptolemy.util.test.junit.AutoTests" name="[36] /home/travis/build/icyphy/ptII/ptolemy/actor/lib/test/auto/BooleanMultiplexor.xml (RunModel)" time="0.014" />
  <testcase classname="ptolemy.util.test.junit.AutoTests" name="[37] /home/travis/build/icyphy/ptII/ptolemy/actor/lib/test/auto/BooleanMultiplexor2.xml (RunModel)" time="0.026" />
  <testcase classname="ptolemy.util.test.junit.AutoTests" name="[38] /home/travis/build/icyphy/ptII/ptolemy/actor/lib/test/auto/BooleanMultiplexor3.xml (RunModel)" time="0.019" />
  <testcase classname="ptolemy.util.test.junit.AutoTests" name="[39] /home/travis/build/icyphy/ptII/ptolemy/actor/lib/test/auto/BooleanSelect.xml (RunModel)" time="0.022" />
  <testcase classname="ptolemy.util.test.junit.AutoTests" name="[40] /home/travis/build/icyphy/ptII/ptolemy/actor/lib/test/auto/BooleanSelect2.xml (RunModel)" time="0.028" />
  <testcase classname="ptolemy.util.test.junit.AutoTests" name="[41] /home/travis/build/icyphy/ptII/ptolemy/actor/lib/test/auto/BooleanSwitch.xml (RunModel)" time="0.017" />
  <testcase classname="ptolemy.util.test.junit.AutoTests" name="[42] /home/travis/build/icyphy/ptII/ptolemy/actor/lib/test/auto/BooleanSwitch2.xml (RunModel)" time="0.021" />
  <testcase classname="ptolemy.util.test.junit.AutoTests" name="[43] /home/travis/build/icyphy/ptII/ptolemy/actor/lib/test/auto/BooleanSwitchCloningBugWithClassRelationGroup.xml (RunModel)" time="0.02" />
  <testcase classname="ptolemy.util.test.junit.AutoTests" name="[44] /home/travis/build/icyphy/ptII/ptolemy/actor/lib/test/auto/BusActors.xml (RunModel)" time="0.039" />
  <testcase classname="ptolemy.util.test.junit.AutoTests" name="[45] /home/travis/build/icyphy/ptII/ptolemy/actor/lib/test/auto/ClassWrapper.xml (RunModel)" time="0.025" />
  <testcase classname="ptolemy.util.test.junit.AutoTests" name="[46] /home/travis/build/icyphy/ptII/ptolemy/actor/lib/test/auto/Clock.xml (RunModel)" time="0.014" />
  <testcase classname="ptolemy.util.test.junit.AutoTests" name="[47] /home/travis/build/icyphy/ptII/ptolemy/actor/lib/test/auto/Clock10.xml (RunModel)" time="0.014" />
  <testcase classname="ptolemy.util.test.junit.AutoTests" name="[48] /home/travis/build/icyphy/ptII/ptolemy/actor/lib/test/auto/Clock11.xml (RunModel)" time="0.016" />
  <testcase classname="ptolemy.util.test.junit.AutoTests" name="[49] /home/travis/build/icyphy/ptII/ptolemy/actor/lib/test/auto/Clock12.xml (RunModel)" time="0.017" />
  <testcase classname="ptolemy.util.test.junit.AutoTests" name="[50] /home/travis/build/icyphy/ptII/ptolemy/actor/lib/test/auto/Clock13.xml (RunModel)" time="0.016" />
  <testcase classname="ptolemy.util.test.junit.AutoTests" name="[51] /home/travis/build/icyphy/ptII/ptolemy/actor/lib/test/auto/Clock14.xml (RunModel)" time="0.015" />
  <testcase classname="ptolemy.util.test.junit.AutoTests" name="[52] /home/travis/build/icyphy/ptII/ptolemy/actor/lib/test/auto/Clock15.xml (RunModel)" time="0.015" />
  <testcase classname="ptolemy.util.test.junit.AutoTests" name="[53] /home/travis/build/icyphy/ptII/ptolemy/actor/lib/test/auto/Clock16.xml (RunModel)" time="0.085" />
  <testcase classname="ptolemy.util.test.junit.AutoTests" name="[54] /home/travis/build/icyphy/ptII/ptolemy/actor/lib/test/auto/Clock17.xml (RunModel)" time="0.064" />
  <testcase classname="ptolemy.util.test.junit.AutoTests" name="[55] /home/travis/build/icyphy/ptII/ptolemy/actor/lib/test/auto/Clock18.xml (RunModel)" time="0.046" />
  <testcase classname="ptolemy.util.test.junit.AutoTests" name="[56] /home/travis/build/icyphy/ptII/ptolemy/actor/lib/test/auto/Clock19.xml (RunModel)" time="0.039" />
  <testcase classname="ptolemy.util.test.junit.AutoTests" name="[57] /home/travis/build/icyphy/ptII/ptolemy/actor/lib/test/auto/Clock2.xml (RunModel)" time="0.013" />
  <testcase classname="ptolemy.util.test.junit.AutoTests" name="[58] /home/travis/build/icyphy/ptII/ptolemy/actor/lib/test/auto/Clock20.xml (RunModel)" time="0.021" />
  <testcase classname="ptolemy.util.test.junit.AutoTests" name="[59] /home/travis/build/icyphy/ptII/ptolemy/actor/lib/test/auto/Clock21.xml (RunModel)" time="0.014" />
  <testcase classname="ptolemy.util.test.junit.AutoTests" name="[60] /home/travis/build/icyphy/ptII/ptolemy/actor/lib/test/auto/Clock22.xml (RunModel)" time="0.013" />
  <testcase classname="ptolemy.util.test.junit.AutoTests" name="[61] /home/travis/build/icyphy/ptII/ptolemy/actor/lib/test/auto/Clock23.xml (RunModel)" time="0.016" />
  <testcase classname="ptolemy.util.test.junit.AutoTests" name="[62] /home/travis/build/icyphy/ptII/ptolemy/actor/lib/test/auto/Clock24.xml (RunModel)" time="0.014" />
  <testcase classname="ptolemy.util.test.junit.AutoTests" name="[63] /home/travis/build/icyphy/ptII/ptolemy/actor/lib/test/auto/Clock4.xml (RunModel)" time="0.011" />
  <testcase classname="ptolemy.util.test.junit.AutoTests" name="[64] /home/travis/build/icyphy/ptII/ptolemy/actor/lib/test/auto/Clock5.xml (RunModel)" time="0.011" />
  <testcase classname="ptolemy.util.test.junit.AutoTests" name="[65] /home/travis/build/icyphy/ptII/ptolemy/actor/lib/test/auto/Clock6.xml (RunModel)" time="0.017" />
  <testcase classname="ptolemy.util.test.junit.AutoTests" name="[66] /home/travis/build/icyphy/ptII/ptolemy/actor/lib/test/auto/Clock7.xml (RunModel)" time="0.009" />
  <testcase classname="ptolemy.util.test.junit.AutoTests" name="[67] /home/travis/build/icyphy/ptII/ptolemy/actor/lib/test/auto/Clock8.xml (RunModel)" time="0.014" />
  <testcase classname="ptolemy.util.test.junit.AutoTests" name="[68] /home/travis/build/icyphy/ptII/ptolemy/actor/lib/test/auto/Clock9.xml (RunModel)" time="0.015" />
  <testcase classname="ptolemy.util.test.junit.AutoTests" name="[69] /home/travis/build/icyphy/ptII/ptolemy/actor/lib/test/auto/CommDistDiscard.xml (RunModel)" time="0.024" />
  <testcase classname="ptolemy.util.test.junit.AutoTests" name="[70] /home/travis/build/icyphy/ptII/ptolemy/actor/lib/test/auto/Commutator.xml (RunModel)" time="0.013" />
  <testcase classname="ptolemy.util.test.junit.AutoTests" name="[71] /home/travis/build/icyphy/ptII/ptolemy/actor/lib/test/auto/Commutator2.xml (RunModel)" time="0.018" />
  <testcase classname="ptolemy.util.test.junit.AutoTests" name="[72] /home/travis/build/icyphy/ptII/ptolemy/actor/lib/test/auto/Commutator3.xml (RunModel)" time="0.013" />
  <testcase classname="ptolemy.util.test.junit.AutoTests" name="[73] /home/travis/build/icyphy/ptII/ptolemy/actor/lib/test/auto/Compare.xml (RunModel)" time="0.026" />
  <testcase classname="ptolemy.util.test.junit.AutoTests" name="[74] /home/travis/build/icyphy/ptII/ptolemy/actor/lib/test/auto/CompareDE.xml (RunModel)" time="0.017" />
  <testcase classname="ptolemy.util.test.junit.AutoTests" name="[75] /home/travis/build/icyphy/ptII/ptolemy/actor/lib/test/auto/ComplexDivide.xml (RunModel)" time="0.008" />
  <testcase classname="ptolemy.util.test.junit.AutoTests" name="[76] /home/travis/build/icyphy/ptII/ptolemy/actor/lib/test/auto/ComputeHistogram.xml (RunModel)" time="0.058" />
  <testcase classname="ptolemy.util.test.junit.AutoTests" name="[77] /home/travis/build/icyphy/ptII/ptolemy/actor/lib/test/auto/ConfigurationSelect.xml (RunModel)" time="0.018" />
  <testcase classname="ptolemy.util.test.junit.AutoTests" name="[78] /home/travis/build/icyphy/ptII/ptolemy/actor/lib/test/auto/ConfigurationSelect2.xml (RunModel)" time="0.014" />
  <testcase classname="ptolemy.util.test.junit.AutoTests" name="[79] /home/travis/build/icyphy/ptII/ptolemy/actor/lib/test/auto/ConfigurationSwitch.xml (RunModel)" time="0.025" />
  <testcase classname="ptolemy.util.test.junit.AutoTests" name="[80] /home/travis/build/icyphy/ptII/ptolemy/actor/lib/test/auto/ConfigurationSwitch2.xml (RunModel)" time="0.017" />
  <testcase classname="ptolemy.util.test.junit.AutoTests" name="[81] /home/travis/build/icyphy/ptII/ptolemy/actor/lib/test/auto/ConfigurationSwitchCloningBugWithClassRelationGroup.xml (RunModel)" time="0.016" />
  <testcase classname="ptolemy.util.test.junit.AutoTests" name="[82] /home/travis/build/icyphy/ptII/ptolemy/actor/lib/test/auto/ConfigurationSwitchSelectSDF.xml (RunModel)" time="0.015" />
  <testcase classname="ptolemy.util.test.junit.AutoTests" name="[83] /home/travis/build/icyphy/ptII/ptolemy/actor/lib/test/auto/ConfigurationSwitchSelectSDF2.xml (RunModel)" time="0.011" />
  <testcase classname="ptolemy.util.test.junit.AutoTests" name="[84] /home/travis/build/icyphy/ptII/ptolemy/actor/lib/test/auto/Const.xml (RunModel)" time="0.007" />
  <testcase classname="ptolemy.util.test.junit.AutoTests" name="[85] /home/travis/build/icyphy/ptII/ptolemy/actor/lib/test/auto/Const2.xml (RunModel)" time="0.008" />
  <testcase classname="ptolemy.util.test.junit.AutoTests" name="[86] /home/travis/build/icyphy/ptII/ptolemy/actor/lib/test/auto/Const3.xml (RunModel)" time="0.006" />
  <testcase classname="ptolemy.util.test.junit.AutoTests" name="[87] /home/travis/build/icyphy/ptII/ptolemy/actor/lib/test/auto/ConstantPublisherPort1.xml (RunModel)" time="0.022" />
  <testcase classname="ptolemy.util.test.junit.AutoTests" name="[88] /home/travis/build/icyphy/ptII/ptolemy/actor/lib/test/auto/ConstantPublisherPort2.xml (RunModel)" time="0.019" />
  <testcase classname="ptolemy.util.test.junit.AutoTests" name="[89] /home/travis/build/icyphy/ptII/ptolemy/actor/lib/test/auto/ConstantPublisherPort3.xml (RunModel)" time="0.019" />
  <testcase classname="ptolemy.util.test.junit.AutoTests" name="[90] /home/travis/build/icyphy/ptII/ptolemy/actor/lib/test/auto/ConstantPublisherPort4.xml (RunModel)" time="0.013" />
  <testcase classname="ptolemy.util.test.junit.AutoTests" name="[91] /home/travis/build/icyphy/ptII/ptolemy/actor/lib/test/auto/ConstantPublisherPort5.xml (RunModel)" time="0.038" />
  <testcase classname="ptolemy.util.test.junit.AutoTests" name="[92] /home/travis/build/icyphy/ptII/ptolemy/actor/lib/test/auto/ConstantPublisherPort6.xml (RunModel)" time="0.028" />
  <testcase classname="ptolemy.util.test.junit.AutoTests" name="[93] /home/travis/build/icyphy/ptII/ptolemy/actor/lib/test/auto/ConstantPublisherPort7.xml (RunModel)" time="0.024" />
  <testcase classname="ptolemy.util.test.junit.AutoTests" name="[94] /home/travis/build/icyphy/ptII/ptolemy/actor/lib/test/auto/ConstraintMonitor1.xml (RunModel)" time="0.031" />
  <testcase classname="ptolemy.util.test.junit.AutoTests" name="[95] /home/travis/build/icyphy/ptII/ptolemy/actor/lib/test/auto/ConstraintMonitor2.xml (RunModel)" time="0.014" />
  <testcase classname="ptolemy.util.test.junit.AutoTests" name="[96] /home/travis/build/icyphy/ptII/ptolemy/actor/lib/test/auto/ConstraintMonitor3.xml (RunModel)" time="0.011" />
  <testcase classname="ptolemy.util.test.junit.AutoTests" name="[97] /home/travis/build/icyphy/ptII/ptolemy/actor/lib/test/auto/ConstraintMonitor4.xml (RunModel)" time="0.011" />
  <testcase classname="ptolemy.util.test.junit.AutoTests" name="[98] /home/travis/build/icyphy/ptII/ptolemy/actor/lib/test/auto/ConstraintMonitor5.xml (RunModel)" time="0.014" />
  <testcase classname="ptolemy.util.test.junit.AutoTests" name="[99] /home/travis/build/icyphy/ptII/ptolemy/actor/lib/test/auto/ConstraintMonitor6.xml (RunModel)" time="0.017" />
  <testcase classname="ptolemy.util.test.junit.AutoTests" name="[100] /home/travis/build/icyphy/ptII/ptolemy/actor/lib/test/auto/ConstraintMonitor7.xml (RunModel)" time="0.019" />
  <testcase classname="ptolemy.util.test.junit.AutoTests" name="[101] /home/travis/build/icyphy/ptII/ptolemy/actor/lib/test/auto/ConstraintMonitor8.xml (RunModel)" time="0.015" />
  <testcase classname="ptolemy.util.test.junit.AutoTests" name="[102] /home/travis/build/icyphy/ptII/ptolemy/actor/lib/test/auto/Counter.xml (RunModel)" time="0.011" />
  <testcase classname="ptolemy.util.test.junit.AutoTests" name="[103] /home/travis/build/icyphy/ptII/ptolemy/actor/lib/test/auto/CurrentTimeSDF.xml (RunModel)" time="0.007" />
  <testcase classname="ptolemy.util.test.junit.AutoTests" name="[104] /home/travis/build/icyphy/ptII/ptolemy/actor/lib/test/auto/DB.xml (RunModel)" time="0.015" />
  <testcase classname="ptolemy.util.test.junit.AutoTests" name="[105] /home/travis/build/icyphy/ptII/ptolemy/actor/lib/test/auto/DBDE.xml (RunModel)" time="0.014" />
  <testcase classname="ptolemy.util.test.junit.AutoTests" name="[106] /home/travis/build/icyphy/ptII/ptolemy/actor/lib/test/auto/DateConstructor.xml (RunModel)" time="0.054" />
  <testcase classname="ptolemy.util.test.junit.AutoTests" name="[107] /home/travis/build/icyphy/ptII/ptolemy/actor/lib/test/auto/DelayTime.xml (RunModel)" time="0.015" />
  <testcase classname="ptolemy.util.test.junit.AutoTests" name="[108] /home/travis/build/icyphy/ptII/ptolemy/actor/lib/test/auto/Dictionary1.xml (RunModel)" time="0.023" />
  <testcase classname="ptolemy.util.test.junit.AutoTests" name="[109] /home/travis/build/icyphy/ptII/ptolemy/actor/lib/test/auto/Dictionary2.xml (RunModel)" time="0.012" />
  <testcase classname="ptolemy.util.test.junit.AutoTests" name="[110] /home/travis/build/icyphy/ptII/ptolemy/actor/lib/test/auto/Dictionary3.xml (RunModel)" time="0.011" />
  <testcase classname="ptolemy.util.test.junit.AutoTests" name="[111] /home/travis/build/icyphy/ptII/ptolemy/actor/lib/test/auto/Dictionary4.xml (RunModel)" time="0.014" />
  <testcase classname="ptolemy.util.test.junit.AutoTests" name="[112] /home/travis/build/icyphy/ptII/ptolemy/actor/lib/test/auto/Differential.xml (RunModel)" time="0.011" />
  <testcase classname="ptolemy.util.test.junit.AutoTests" name="[113] /home/travis/build/icyphy/ptII/ptolemy/actor/lib/test/auto/Director.xml (RunModel)" time="0.01" />
  <testcase classname="ptolemy.util.test.junit.AutoTests" name="[114] /home/travis/build/icyphy/ptII/ptolemy/actor/lib/test/auto/DiscreteClock.xml (RunModel)" time="0.006" />
  <testcase classname="ptolemy.util.test.junit.AutoTests" name="[115] /home/travis/build/icyphy/ptII/ptolemy/actor/lib/test/auto/DiscreteClock10.xml (RunModel)" time="0.013" />
  <testcase classname="ptolemy.util.test.junit.AutoTests" name="[116] /home/travis/build/icyphy/ptII/ptolemy/actor/lib/test/auto/DiscreteClock11.xml (RunModel)" time="0.011" />
  <testcase classname="ptolemy.util.test.junit.AutoTests" name="[117] /home/travis/build/icyphy/ptII/ptolemy/actor/lib/test/auto/DiscreteClock12.xml (RunModel)" time="0.012" />
  <testcase classname="ptolemy.util.test.junit.AutoTests" name="[118] /home/travis/build/icyphy/ptII/ptolemy/actor/lib/test/auto/DiscreteClock13.xml (RunModel)" time="0.013" />
  <testcase classname="ptolemy.util.test.junit.AutoTests" name="[119] /home/travis/build/icyphy/ptII/ptolemy/actor/lib/test/auto/DiscreteClock14.xml (RunModel)" time="0.012" />
  <testcase classname="ptolemy.util.test.junit.AutoTests" name="[120] /home/travis/build/icyphy/ptII/ptolemy/actor/lib/test/auto/DiscreteClock15.xml (RunModel)" time="0.012" />
  <testcase classname="ptolemy.util.test.junit.AutoTests" name="[121] /home/travis/build/icyphy/ptII/ptolemy/actor/lib/test/auto/DiscreteClock16.xml (RunModel)" time="0.041" />
  <testcase classname="ptolemy.util.test.junit.AutoTests" name="[122] /home/travis/build/icyphy/ptII/ptolemy/actor/lib/test/auto/DiscreteClock17.xml (RunModel)" time="0.034" />
  <testcase classname="ptolemy.util.test.junit.AutoTests" name="[123] /home/travis/build/icyphy/ptII/ptolemy/actor/lib/test/auto/DiscreteClock18.xml (RunModel)" time="0.039" />
  <testcase classname="ptolemy.util.test.junit.AutoTests" name="[124] /home/travis/build/icyphy/ptII/ptolemy/actor/lib/test/auto/DiscreteClock19.xml (RunModel)" time="0.048" />
  <testcase classname="ptolemy.util.test.junit.AutoTests" name="[125] /home/travis/build/icyphy/ptII/ptolemy/actor/lib/test/auto/DiscreteClock2.xml (RunModel)" time="0.011" />
  <testcase classname="ptolemy.util.test.junit.AutoTests" name="[126] /home/travis/build/icyphy/ptII/ptolemy/actor/lib/test/auto/DiscreteClock20.xml (RunModel)" time="0.018" />
  <testcase classname="ptolemy.util.test.junit.AutoTests" name="[127] /home/travis/build/icyphy/ptII/ptolemy/actor/lib/test/auto/DiscreteClock21.xml (RunModel)" time="0.016" />
  <testcase classname="ptolemy.util.test.junit.AutoTests" name="[128] /home/travis/build/icyphy/ptII/ptolemy/actor/lib/test/auto/DiscreteClock22.xml (RunModel)" time="0.013" />
  <testcase classname="ptolemy.util.test.junit.AutoTests" name="[129] /home/travis/build/icyphy/ptII/ptolemy/actor/lib/test/auto/DiscreteClock23.xml (RunModel)" time="0.018" />
  <testcase classname="ptolemy.util.test.junit.AutoTests" name="[130] /home/travis/build/icyphy/ptII/ptolemy/actor/lib/test/auto/DiscreteClock24.xml (RunModel)" time="0.013" />
  <testcase classname="ptolemy.util.test.junit.AutoTests" name="[131] /home/travis/build/icyphy/ptII/ptolemy/actor/lib/test/auto/DiscreteClock4.xml (RunModel)" time="0.016" />
  <testcase classname="ptolemy.util.test.junit.AutoTests" name="[132] /home/travis/build/icyphy/ptII/ptolemy/actor/lib/test/auto/DiscreteClock5.xml (RunModel)" time="0.008" />
  <testcase classname="ptolemy.util.test.junit.AutoTests" name="[133] /home/travis/build/icyphy/ptII/ptolemy/actor/lib/test/auto/DiscreteClock6.xml (RunModel)" time="0.007" />
  <testcase classname="ptolemy.util.test.junit.AutoTests" name="[134] /home/travis/build/icyphy/ptII/ptolemy/actor/lib/test/auto/DiscreteClock7.xml (RunModel)" time="0.015" />
  <testcase classname="ptolemy.util.test.junit.AutoTests" name="[135] /home/travis/build/icyphy/ptII/ptolemy/actor/lib/test/auto/DiscreteClock8.xml (RunModel)" time="0.011" />
  <testcase classname="ptolemy.util.test.junit.AutoTests" name="[136] /home/travis/build/icyphy/ptII/ptolemy/actor/lib/test/auto/DiscreteClock9.xml (RunModel)" time="0.011" />
  <testcase classname="ptolemy.util.test.junit.AutoTests" name="[137] /home/travis/build/icyphy/ptII/ptolemy/actor/lib/test/auto/DisplayArray.xml (RunModel)" time="0.008" />
  <testcase classname="ptolemy.util.test.junit.AutoTests" name="[138] /home/travis/build/icyphy/ptII/ptolemy/actor/lib/test/auto/Distributor.xml (RunModel)" time="0.008" />
  <testcase classname="ptolemy.util.test.junit.AutoTests" name="[139] /home/travis/build/icyphy/ptII/ptolemy/actor/lib/test/auto/Distributor2.xml (RunModel)" time="0.01" />
  <testcase classname="ptolemy.util.test.junit.AutoTests" name="[140] /home/travis/build/icyphy/ptII/ptolemy/actor/lib/test/auto/DownSample.xml (RunModel)" time="0.008" />
  <testcase classname="ptolemy.util.test.junit.AutoTests" name="[141] /home/travis/build/icyphy/ptII/ptolemy/actor/lib/test/auto/ElectronicUnitBase1.xml (RunModel)" time="0.054" />
  <testcase classname="ptolemy.util.test.junit.AutoTests" name="[142] /home/travis/build/icyphy/ptII/ptolemy/actor/lib/test/auto/ElementsToArray.xml (RunModel)" time="0.012" />
  <testcase classname="ptolemy.util.test.junit.AutoTests" name="[143] /home/travis/build/icyphy/ptII/ptolemy/actor/lib/test/auto/Equals.xml (RunModel)" time="0.015" />
  <testcase classname="ptolemy.util.test.junit.AutoTests" name="[144] /home/travis/build/icyphy/ptII/ptolemy/actor/lib/test/auto/Exec.xml (RunModel)" time="0.024" />
  <testcase classname="ptolemy.util.test.junit.AutoTests" name="[145] /home/travis/build/icyphy/ptII/ptolemy/actor/lib/test/auto/ExecEnvironment.xml (RunModel)" time="0.046" />
  <testcase classname="ptolemy.util.test.junit.AutoTests" name="[146] /home/travis/build/icyphy/ptII/ptolemy/actor/lib/test/auto/ExecNonZeroReturnOutput.xml (RunModel)" time="0.181" />
  <testcase classname="ptolemy.util.test.junit.AutoTests" name="[147] /home/travis/build/icyphy/ptII/ptolemy/actor/lib/test/auto/ExecRunDemos.xml (RunModel)" time="10.096" />
  <testcase classname="ptolemy.util.test.junit.AutoTests" name="[148] /home/travis/build/icyphy/ptII/ptolemy/actor/lib/test/auto/ExecStop.xml (RunModel)" time="5.042" />
  <testcase classname="ptolemy.util.test.junit.AutoTests" name="[149] /home/travis/build/icyphy/ptII/ptolemy/actor/lib/test/auto/ExecutionTimeSDF.xml (RunModel)" time="6.028" />
  <testcase classname="ptolemy.util.test.junit.AutoTests" name="[150] /home/travis/build/icyphy/ptII/ptolemy/actor/lib/test/auto/Expression1.xml (RunModel)" time="0.009" />
  <testcase classname="ptolemy.util.test.junit.AutoTests" name="[151] /home/travis/build/icyphy/ptII/ptolemy/actor/lib/test/auto/Expression10.xml (RunModel)" time="0.012" />
  <testcase classname="ptolemy.util.test.junit.AutoTests" name="[152] /home/travis/build/icyphy/ptII/ptolemy/actor/lib/test/auto/Expression11.xml (RunModel)" time="0.009" />
  <testcase classname="ptolemy.util.test.junit.AutoTests" name="[153] /home/travis/build/icyphy/ptII/ptolemy/actor/lib/test/auto/Expression12.xml (RunModel)" time="0.01" />
  <testcase classname="ptolemy.util.test.junit.AutoTests" name="[154] /home/travis/build/icyphy/ptII/ptolemy/actor/lib/test/auto/Expression13.xml (RunModel)" time="0.014" />
  <testcase classname="ptolemy.util.test.junit.AutoTests" name="[155] /home/travis/build/icyphy/ptII/ptolemy/actor/lib/test/auto/Expression14.xml (RunModel)" time="0.013" />
  <testcase classname="ptolemy.util.test.junit.AutoTests" name="[156] /home/travis/build/icyphy/ptII/ptolemy/actor/lib/test/auto/Expression15.xml (RunModel)" time="0.006" />
  <testcase classname="ptolemy.util.test.junit.AutoTests" name="[157] /home/travis/build/icyphy/ptII/ptolemy/actor/lib/test/auto/Expression16.xml (RunModel)" time="0.01" />
  <testcase classname="ptolemy.util.test.junit.AutoTests" name="[158] /home/travis/build/icyphy/ptII/ptolemy/actor/lib/test/auto/Expression17.xml (RunModel)" time="0.009" />
  <testcase classname="ptolemy.util.test.junit.AutoTests" name="[159] /home/travis/build/icyphy/ptII/ptolemy/actor/lib/test/auto/Expression18.xml (RunModel)" time="0.01" />
  <testcase classname="ptolemy.util.test.junit.AutoTests" name="[160] /home/travis/build/icyphy/ptII/ptolemy/actor/lib/test/auto/Expression2.xml (RunModel)" time="0.01" />
  <testcase classname="ptolemy.util.test.junit.AutoTests" name="[161] /home/travis/build/icyphy/ptII/ptolemy/actor/lib/test/auto/Expression3.xml (RunModel)" time="0.021" />
  <testcase classname="ptolemy.util.test.junit.AutoTests" name="[162] /home/travis/build/icyphy/ptII/ptolemy/actor/lib/test/auto/Expression4.xml (RunModel)" time="0.018" />
  <testcase classname="ptolemy.util.test.junit.AutoTests" name="[163] /home/travis/build/icyphy/ptII/ptolemy/actor/lib/test/auto/Expression5.xml (RunModel)" time="0.01" />
  <testcase classname="ptolemy.util.test.junit.AutoTests" name="[164] /home/travis/build/icyphy/ptII/ptolemy/actor/lib/test/auto/Expression6.xml (RunModel)" time="0.008" />
  <testcase classname="ptolemy.util.test.junit.AutoTests" name="[165] /home/travis/build/icyphy/ptII/ptolemy/actor/lib/test/auto/Expression7.xml (RunModel)" time="0.01" />
  <testcase classname="ptolemy.util.test.junit.AutoTests" name="[166] /home/travis/build/icyphy/ptII/ptolemy/actor/lib/test/auto/Expression8.xml (RunModel)" time="0.014" />
  <testcase classname="ptolemy.util.test.junit.AutoTests" name="[167] /home/travis/build/icyphy/ptII/ptolemy/actor/lib/test/auto/Expression9.xml (RunModel)" time="0.007" />
  <testcase classname="ptolemy.util.test.junit.AutoTests" name="[168] /home/travis/build/icyphy/ptII/ptolemy/actor/lib/test/auto/ExpressionConcatenateArrayType.xml (RunModel)" time="0.025" />
  <testcase classname="ptolemy.util.test.junit.AutoTests" name="[169] /home/travis/build/icyphy/ptII/ptolemy/actor/lib/test/auto/ExpressionConcatenateArrayType2.xml (RunModel)" time="0.018" />
  <testcase classname="ptolemy.util.test.junit.AutoTests" name="[170] /home/travis/build/icyphy/ptII/ptolemy/actor/lib/test/auto/ExpressionFix.xml (RunModel)" time="0.037" />
  <testcase classname="ptolemy.util.test.junit.AutoTests" name="[171] /home/travis/build/icyphy/ptII/ptolemy/actor/lib/test/auto/ExpressionFix2.xml (RunModel)" time="0.014" />
  <testcase classname="ptolemy.util.test.junit.AutoTests" name="[172] /home/travis/build/icyphy/ptII/ptolemy/actor/lib/test/auto/ExpressionFix3.xml (RunModel)" time="0.01" />
  <testcase classname="ptolemy.util.test.junit.AutoTests" name="[173] /home/travis/build/icyphy/ptII/ptolemy/actor/lib/test/auto/FileWriter1.xml (RunModel)" time="0.007" />
  <testcase classname="ptolemy.util.test.junit.AutoTests" name="[174] /home/travis/build/icyphy/ptII/ptolemy/actor/lib/test/auto/FileWriter2.xml (RunModel)" time="0.012" />
  <testcase classname="ptolemy.util.test.junit.AutoTests" name="[175] /home/travis/build/icyphy/ptII/ptolemy/actor/lib/test/auto/FileWriter3.xml (RunModel)" time="0.009" />
  <testcase classname="ptolemy.util.test.junit.AutoTests" name="[176] /home/travis/build/icyphy/ptII/ptolemy/actor/lib/test/auto/Gaussian.xml (RunModel)" time="0.009" />
  <testcase classname="ptolemy.util.test.junit.AutoTests" name="[177] /home/travis/build/icyphy/ptII/ptolemy/actor/lib/test/auto/Gaussian1.xml (RunModel)" time="0.01" />
  <testcase classname="ptolemy.util.test.junit.AutoTests" name="[178] /home/travis/build/icyphy/ptII/ptolemy/actor/lib/test/auto/Gaussian2.xml (RunModel)" time="0.022" />
  <testcase classname="ptolemy.util.test.junit.AutoTests" name="[179] /home/travis/build/icyphy/ptII/ptolemy/actor/lib/test/auto/GradientAdaptiveLattice.xml (RunModel)" time="0.018" />
  <testcase classname="ptolemy.util.test.junit.AutoTests" name="[180] /home/travis/build/icyphy/ptII/ptolemy/actor/lib/test/auto/IIR.xml (RunModel)" time="0.014" />
  <testcase classname="ptolemy.util.test.junit.AutoTests" name="[181] /home/travis/build/icyphy/ptII/ptolemy/actor/lib/test/auto/InputOutputTransparentPorts.xml (RunModel)" time="0.018" />
  <testcase classname="ptolemy.util.test.junit.AutoTests" name="[182] /home/travis/build/icyphy/ptII/ptolemy/actor/lib/test/auto/Interpolator.xml (RunModel)" time="0.01" />
  <testcase classname="ptolemy.util.test.junit.AutoTests" name="[183] /home/travis/build/icyphy/ptII/ptolemy/actor/lib/test/auto/InterpolatorFiringLimitDE.xml (RunModel)" time="0.011" />
  <testcase classname="ptolemy.util.test.junit.AutoTests" name="[184] /home/travis/build/icyphy/ptII/ptolemy/actor/lib/test/auto/Lattice.xml (RunModel)" time="0.007" />
  <testcase classname="ptolemy.util.test.junit.AutoTests" name="[185] /home/travis/build/icyphy/ptII/ptolemy/actor/lib/test/auto/LazyAOCTestLazy.xml (RunModel)" time="0.017" />
  <testcase classname="ptolemy.util.test.junit.AutoTests" name="[186] /home/travis/build/icyphy/ptII/ptolemy/actor/lib/test/auto/LazyAOCTestNonLazy.xml (RunModel)" time="0.037" />
  <testcase classname="ptolemy.util.test.junit.AutoTests" name="[187] /home/travis/build/icyphy/ptII/ptolemy/actor/lib/test/auto/LazyInnerClass.xml (RunModel)" time="0.043" />
  <testcase classname="ptolemy.util.test.junit.AutoTests" name="[188] /home/travis/build/icyphy/ptII/ptolemy/actor/lib/test/auto/LazyPubSub.xml (RunModel)" time="0.05" />
  <testcase classname="ptolemy.util.test.junit.AutoTests" name="[189] /home/travis/build/icyphy/ptII/ptolemy/actor/lib/test/auto/LazyPubSub2.xml (RunModel)" time="0.038" />
  <testcase classname="ptolemy.util.test.junit.AutoTests" name="[190] /home/travis/build/icyphy/ptII/ptolemy/actor/lib/test/auto/LazyPubSub3.xml (RunModel)" time="0.028" />
  <testcase classname="ptolemy.util.test.junit.AutoTests" name="[191] /home/travis/build/icyphy/ptII/ptolemy/actor/lib/test/auto/LazySubClassModel.xml (RunModel)" time="0.024" />
  <testcase classname="ptolemy.util.test.junit.AutoTests" name="[192] /home/travis/build/icyphy/ptII/ptolemy/actor/lib/test/auto/LevelCrossTest1.xml (RunModel)" time="0.007" />
  <testcase classname="ptolemy.util.test.junit.AutoTests" name="[193] /home/travis/build/icyphy/ptII/ptolemy/actor/lib/test/auto/LevelCrossTest10.xml (RunModel)" time="0.013" />
  <testcase classname="ptolemy.util.test.junit.AutoTests" name="[194] /home/travis/build/icyphy/ptII/ptolemy/actor/lib/test/auto/LevelCrossTest11.xml (RunModel)" time="0.012" />
  <testcase classname="ptolemy.util.test.junit.AutoTests" name="[195] /home/travis/build/icyphy/ptII/ptolemy/actor/lib/test/auto/LevelCrossTest12.xml (RunModel)" time="0.011" />
  <testcase classname="ptolemy.util.test.junit.AutoTests" name="[196] /home/travis/build/icyphy/ptII/ptolemy/actor/lib/test/auto/LevelCrossTest13.xml (RunModel)" time="0.012" />
  <testcase classname="ptolemy.util.test.junit.AutoTests" name="[197] /home/travis/build/icyphy/ptII/ptolemy/actor/lib/test/auto/LevelCrossTest2.xml (RunModel)" time="0.009" />
  <testcase classname="ptolemy.util.test.junit.AutoTests" name="[198] /home/travis/build/icyphy/ptII/ptolemy/actor/lib/test/auto/LevelCrossTest3.xml (RunModel)" time="0.012" />
  <testcase classname="ptolemy.util.test.junit.AutoTests" name="[199] /home/travis/build/icyphy/ptII/ptolemy/actor/lib/test/auto/LevelCrossTest4.xml (RunModel)" time="0.008" />
  <testcase classname="ptolemy.util.test.junit.AutoTests" name="[200] /home/travis/build/icyphy/ptII/ptolemy/actor/lib/test/auto/LevelCrossTest5.xml (RunModel)" time="0.014" />
  <testcase classname="ptolemy.util.test.junit.AutoTests" name="[201] /home/travis/build/icyphy/ptII/ptolemy/actor/lib/test/auto/LevelCrossTest6.xml (RunModel)" time="0.015" />
  <testcase classname="ptolemy.util.test.junit.AutoTests" name="[202] /home/travis/build/icyphy/ptII/ptolemy/actor/lib/test/auto/LevelCrossTest7.xml (RunModel)" time="0.012" />
  <testcase classname="ptolemy.util.test.junit.AutoTests" name="[203] /home/travis/build/icyphy/ptII/ptolemy/actor/lib/test/auto/LevelCrossTest8.xml (RunModel)" time="0.011" />
  <testcase classname="ptolemy.util.test.junit.AutoTests" name="[204] /home/travis/build/icyphy/ptII/ptolemy/actor/lib/test/auto/LevelCrossTest9.xml (RunModel)" time="0.01" />
  <testcase classname="ptolemy.util.test.junit.AutoTests" name="[205] /home/travis/build/icyphy/ptII/ptolemy/actor/lib/test/auto/LevinsonDurbin.xml (RunModel)" time="0.008" />
  <testcase classname="ptolemy.util.test.junit.AutoTests" name="[206] /home/travis/build/icyphy/ptII/ptolemy/actor/lib/test/auto/LevinsonDurbin2.xml (RunModel)" time="0.01" />
  <testcase classname="ptolemy.util.test.junit.AutoTests" name="[207] /home/travis/build/icyphy/ptII/ptolemy/actor/lib/test/auto/LevinsonDurbin3.xml (RunModel)" time="0.017" />
  <testcase classname="ptolemy.util.test.junit.AutoTests" name="[208] /home/travis/build/icyphy/ptII/ptolemy/actor/lib/test/auto/Limiter.xml (RunModel)" time="0.028" />
  <testcase classname="ptolemy.util.test.junit.AutoTests" name="[209] /home/travis/build/icyphy/ptII/ptolemy/actor/lib/test/auto/LinearDifferenceEquationSystem.xml (RunModel)" time="0.022" />
  <testcase classname="ptolemy.util.test.junit.AutoTests" name="[210] /home/travis/build/icyphy/ptII/ptolemy/actor/lib/test/auto/LookupTable.xml (RunModel)" time="0.008" />
  <testcase classname="ptolemy.util.test.junit.AutoTests" name="[211] /home/travis/build/icyphy/ptII/ptolemy/actor/lib/test/auto/MathFunction.xml (RunModel)" time="0.017" />
  <testcase classname="ptolemy.util.test.junit.AutoTests" name="[212] /home/travis/build/icyphy/ptII/ptolemy/actor/lib/test/auto/MathFunction2.xml (RunModel)" time="0.011" />
  <testcase classname="ptolemy.util.test.junit.AutoTests" name="[213] /home/travis/build/icyphy/ptII/ptolemy/actor/lib/test/auto/MathFunction3.xml (RunModel)" time="0.018" />
  <testcase classname="ptolemy.util.test.junit.AutoTests" name="[214] /home/travis/build/icyphy/ptII/ptolemy/actor/lib/test/auto/MatrixCropBoolean.xml (RunModel)" time="0.013" />
  <testcase classname="ptolemy.util.test.junit.AutoTests" name="[215] /home/travis/build/icyphy/ptII/ptolemy/actor/lib/test/auto/MatrixCropComplex.xml (RunModel)" time="0.008" />
  <testcase classname="ptolemy.util.test.junit.AutoTests" name="[216] /home/travis/build/icyphy/ptII/ptolemy/actor/lib/test/auto/MatrixCropDouble.xml (RunModel)" time="0.01" />
  <testcase classname="ptolemy.util.test.junit.AutoTests" name="[217] /home/travis/build/icyphy/ptII/ptolemy/actor/lib/test/auto/MatrixCropFix.xml (RunModel)" time="0.011" />
  <testcase classname="ptolemy.util.test.junit.AutoTests" name="[218] /home/travis/build/icyphy/ptII/ptolemy/actor/lib/test/auto/MatrixCropInt.xml (RunModel)" time="0.01" />
  <testcase classname="ptolemy.util.test.junit.AutoTests" name="[219] /home/travis/build/icyphy/ptII/ptolemy/actor/lib/test/auto/MatrixCropLong.xml (RunModel)" time="0.009" />
  <testcase classname="ptolemy.util.test.junit.AutoTests" name="[220] /home/travis/build/icyphy/ptII/ptolemy/actor/lib/test/auto/MatrixToArray.xml (RunModel)" time="0.05" />
  <testcase classname="ptolemy.util.test.junit.AutoTests" name="[221] /home/travis/build/icyphy/ptII/ptolemy/actor/lib/test/auto/MaxIndex.xml (RunModel)" time="0.012" />
  <testcase classname="ptolemy.util.test.junit.AutoTests" name="[222] /home/travis/build/icyphy/ptII/ptolemy/actor/lib/test/auto/Maximum.xml (RunModel)" time="0.012" />
  <testcase classname="ptolemy.util.test.junit.AutoTests" name="[223] /home/travis/build/icyphy/ptII/ptolemy/actor/lib/test/auto/MaximumComplex.xml (RunModel)" time="0.017" />
  <testcase classname="ptolemy.util.test.junit.AutoTests" name="[224] /home/travis/build/icyphy/ptII/ptolemy/actor/lib/test/auto/MethodCallTest.xml (RunModel)" time="0.022" />
  <testcase classname="ptolemy.util.test.junit.AutoTests" name="[225] /home/travis/build/icyphy/ptII/ptolemy/actor/lib/test/auto/Minimum.xml (RunModel)" time="0.013" />
  <testcase classname="ptolemy.util.test.junit.AutoTests" name="[226] /home/travis/build/icyphy/ptII/ptolemy/actor/lib/test/auto/MinimumComplex.xml (RunModel)" time="0.022" />
  <testcase classname="ptolemy.util.test.junit.AutoTests" name="[227] /home/travis/build/icyphy/ptII/ptolemy/actor/lib/test/auto/MinimumMultiports.xml (RunModel)" time="0.014" />
  <testcase classname="ptolemy.util.test.junit.AutoTests" name="[228] /home/travis/build/icyphy/ptII/ptolemy/actor/lib/test/auto/ModifyDate.xml (RunModel)" time="0.038" />
  <testcase classname="ptolemy.util.test.junit.AutoTests" name="[229] /home/travis/build/icyphy/ptII/ptolemy/actor/lib/test/auto/ModifyDate2.xml (RunModel)" time="0.027" />
  <testcase classname="ptolemy.util.test.junit.AutoTests" name="[230] /home/travis/build/icyphy/ptII/ptolemy/actor/lib/test/auto/MovingAverage.xml (RunModel)" time="0.018" />
  <testcase classname="ptolemy.util.test.junit.AutoTests" name="[231] /home/travis/build/icyphy/ptII/ptolemy/actor/lib/test/auto/MovingMaximum.xml (RunModel)" time="0.01" />
  <testcase classname="ptolemy.util.test.junit.AutoTests" name="[232] /home/travis/build/icyphy/ptII/ptolemy/actor/lib/test/auto/MultipleLinksToSameRelation.xml (RunModel)" time="0.009" />
  <testcase classname="ptolemy.util.test.junit.AutoTests" name="[233] /home/travis/build/icyphy/ptII/ptolemy/actor/lib/test/auto/MultipleLinksToSameRelationDE.xml (RunModel)" time="0.007" />
  <testcase classname="ptolemy.util.test.junit.AutoTests" name="[234] /home/travis/build/icyphy/ptII/ptolemy/actor/lib/test/auto/Multiplexor.xml (RunModel)" time="0.011" />
  <testcase classname="ptolemy.util.test.junit.AutoTests" name="[235] /home/travis/build/icyphy/ptII/ptolemy/actor/lib/test/auto/Multiplexor1.xml (RunModel)" time="0.012" />
  <testcase classname="ptolemy.util.test.junit.AutoTests" name="[236] /home/travis/build/icyphy/ptII/ptolemy/actor/lib/test/auto/Multiplexor2.xml (RunModel)" time="0.016" />
  <testcase classname="ptolemy.util.test.junit.AutoTests" name="[237] /home/travis/build/icyphy/ptII/ptolemy/actor/lib/test/auto/Multiplexor3.xml (RunModel)" time="0.007" />
  <testcase classname="ptolemy.util.test.junit.AutoTests" name="[238] /home/travis/build/icyphy/ptII/ptolemy/actor/lib/test/auto/MultiplexorDE.xml (RunModel)" time="0.014" />
  <testcase classname="ptolemy.util.test.junit.AutoTests" name="[239] /home/travis/build/icyphy/ptII/ptolemy/actor/lib/test/auto/MultiportBroadcastTest.xml (RunModel)" time="0.096" />
  <testcase classname="ptolemy.util.test.junit.AutoTests" name="[240] /home/travis/build/icyphy/ptII/ptolemy/actor/lib/test/auto/MultiportOutHangDuringGetWidth.xml (RunModel)" time="0.035" />
  <testcase classname="ptolemy.util.test.junit.AutoTests" name="[241] /home/travis/build/icyphy/ptII/ptolemy/actor/lib/test/auto/NilToken.xml (RunModel)" time="0.011" />
  <testcase classname="ptolemy.util.test.junit.AutoTests" name="[242] /home/travis/build/icyphy/ptII/ptolemy/actor/lib/test/auto/NilTokenNonStrictTest.xml (RunModel)" time="0.009" />
  <testcase classname="ptolemy.util.test.junit.AutoTests" name="[243] /home/travis/build/icyphy/ptII/ptolemy/actor/lib/test/auto/NilTokenRecord.xml (RunModel)" time="0.025" />
  <testcase classname="ptolemy.util.test.junit.AutoTests" name="[244] /home/travis/build/icyphy/ptII/ptolemy/actor/lib/test/auto/NilTokenTypeTest.xml (RunModel)" time="0.025" />
  <testcase classname="ptolemy.util.test.junit.AutoTests" name="[245] /home/travis/build/icyphy/ptII/ptolemy/actor/lib/test/auto/ObjectToken1.xml (RunModel)" time="0.01" />
  <testcase classname="ptolemy.util.test.junit.AutoTests" name="[246] /home/travis/build/icyphy/ptII/ptolemy/actor/lib/test/auto/OrderedMerge.xml (RunModel)" time="0.018" />
  <testcase classname="ptolemy.util.test.junit.AutoTests" name="[247] /home/travis/build/icyphy/ptII/ptolemy/actor/lib/test/auto/OrderedRecordDisassembler.xml (RunModel)" time="0.014" />
  <testcase classname="ptolemy.util.test.junit.AutoTests" name="[248] /home/travis/build/icyphy/ptII/ptolemy/actor/lib/test/auto/OrderedRecordDisassembler2.xml (RunModel)" time="0.016" />
  <testcase classname="ptolemy.util.test.junit.AutoTests" name="[249] /home/travis/build/icyphy/ptII/ptolemy/actor/lib/test/auto/OrderedRecordUpdater.xml (RunModel)" time="0.009" />
  <testcase classname="ptolemy.util.test.junit.AutoTests" name="[250] /home/travis/build/icyphy/ptII/ptolemy/actor/lib/test/auto/OrderedRecordUpdater2.xml (RunModel)" time="0.016" />
  <testcase classname="ptolemy.util.test.junit.AutoTests" name="[251] /home/travis/build/icyphy/ptII/ptolemy/actor/lib/test/auto/PhaseUnwrap.xml (RunModel)" time="0.01" />
  <testcase classname="ptolemy.util.test.junit.AutoTests" name="[252] /home/travis/build/icyphy/ptII/ptolemy/actor/lib/test/auto/PoissonClock.xml (RunModel)" time="0.009" />
  <testcase classname="ptolemy.util.test.junit.AutoTests" name="[253] /home/travis/build/icyphy/ptII/ptolemy/actor/lib/test/auto/PoissonClock2.xml (RunModel)" time="0.006" />
  <testcase classname="ptolemy.util.test.junit.AutoTests" name="[254] /home/travis/build/icyphy/ptII/ptolemy/actor/lib/test/auto/PoissonClock3.xml (RunModel)" time="0.022" />
  <testcase classname="ptolemy.util.test.junit.AutoTests" name="[255] /home/travis/build/icyphy/ptII/ptolemy/actor/lib/test/auto/PubSubWithInitialTokens.xml (RunModel)" time="0.017" />
  <testcase classname="ptolemy.util.test.junit.AutoTests" name="[256] /home/travis/build/icyphy/ptII/ptolemy/actor/lib/test/auto/PubSubWithInitialTokens2.xml (RunModel)" time="0.013" />
  <testcase classname="ptolemy.util.test.junit.AutoTests" name="[257] /home/travis/build/icyphy/ptII/ptolemy/actor/lib/test/auto/PublisherClassNoParameter.xml (RunModel)" time="0.025" />
  <testcase classname="ptolemy.util.test.junit.AutoTests" name="[258] /home/travis/build/icyphy/ptII/ptolemy/actor/lib/test/auto/PublisherClassParameter.xml (RunModel)" time="0.021" />
  <testcase classname="ptolemy.util.test.junit.AutoTests" name="[259] /home/travis/build/icyphy/ptII/ptolemy/actor/lib/test/auto/PublisherNonStrictTest.xml (RunModel)" time="0.012" />
  <testcase classname="ptolemy.util.test.junit.AutoTests" name="[260] /home/travis/build/icyphy/ptII/ptolemy/actor/lib/test/auto/PublisherPort1.xml (RunModel)" time="0.009" />
  <testcase classname="ptolemy.util.test.junit.AutoTests" name="[261] /home/travis/build/icyphy/ptII/ptolemy/actor/lib/test/auto/PublisherPort2.xml (RunModel)" time="0.006" />
  <testcase classname="ptolemy.util.test.junit.AutoTests" name="[262] /home/travis/build/icyphy/ptII/ptolemy/actor/lib/test/auto/PublisherPort3.xml (RunModel)" time="0.016" />
  <testcase classname="ptolemy.util.test.junit.AutoTests" name="[263] /home/travis/build/icyphy/ptII/ptolemy/actor/lib/test/auto/PublisherPort4.xml (RunModel)" time="0.014" />
  <testcase classname="ptolemy.util.test.junit.AutoTests" name="[264] /home/travis/build/icyphy/ptII/ptolemy/actor/lib/test/auto/PublisherPort5.xml (RunModel)" time="0.012" />
  <testcase classname="ptolemy.util.test.junit.AutoTests" name="[265] /home/travis/build/icyphy/ptII/ptolemy/actor/lib/test/auto/PublisherPort5LookAlike.xml (RunModel)" time="0.017" />
  <testcase classname="ptolemy.util.test.junit.AutoTests" name="[266] /home/travis/build/icyphy/ptII/ptolemy/actor/lib/test/auto/PublisherPort6.xml (RunModel)" time="0.01" />
  <testcase classname="ptolemy.util.test.junit.AutoTests" name="[267] /home/travis/build/icyphy/ptII/ptolemy/actor/lib/test/auto/PublisherPort7.xml (RunModel)" time="0.012" />
  <testcase classname="ptolemy.util.test.junit.AutoTests" name="[268] /home/travis/build/icyphy/ptII/ptolemy/actor/lib/test/auto/PublisherPort8.xml (RunModel)" time="0.013" />
  <testcase classname="ptolemy.util.test.junit.AutoTests" name="[269] /home/travis/build/icyphy/ptII/ptolemy/actor/lib/test/auto/PublisherPortSubscriberChannelVariablesAOC2.xml (RunModel)" time="0.029" />
  <testcase classname="ptolemy.util.test.junit.AutoTests" name="[270] /home/travis/build/icyphy/ptII/ptolemy/actor/lib/test/auto/PublisherPortSubscriberOpaqueWidthInference.xml (RunModel)" time="0.012" />
  <testcase classname="ptolemy.util.test.junit.AutoTests" name="[271] /home/travis/build/icyphy/ptII/ptolemy/actor/lib/test/auto/PublisherPortSubscriberPortAdjacent.xml (RunModel)" time="0.014" />
  <testcase classname="ptolemy.util.test.junit.AutoTests" name="[272] /home/travis/build/icyphy/ptII/ptolemy/actor/lib/test/auto/PublisherPortSubscriberPortExpression.xml (RunModel)" time="0.021" />
  <testcase classname="ptolemy.util.test.junit.AutoTests" name="[273] /home/travis/build/icyphy/ptII/ptolemy/actor/lib/test/auto/PublisherPortSubscriberPortOpaqueD3Reverse.xml (RunModel)" time="0.033" />
  <testcase classname="ptolemy.util.test.junit.AutoTests" name="[274] /home/travis/build/icyphy/ptII/ptolemy/actor/lib/test/auto/PublisherPortSubscriberPortOpaqueWidthInference.xml (RunModel)" time="0.028" />
  <testcase classname="ptolemy.util.test.junit.AutoTests" name="[275] /home/travis/build/icyphy/ptII/ptolemy/actor/lib/test/auto/PublisherPortToplevelSubscriberPortAOC.xml (RunModel)" time="0.009" />
  <testcase classname="ptolemy.util.test.junit.AutoTests" name="[276] /home/travis/build/icyphy/ptII/ptolemy/actor/lib/test/auto/PublisherSubscriber.xml (RunModel)" time="0.011" />
  <testcase classname="ptolemy.util.test.junit.AutoTests" name="[277] /home/travis/build/icyphy/ptII/ptolemy/actor/lib/test/auto/PublisherSubscriber10.xml (RunModel)" time="0.018" />
  <testcase classname="ptolemy.util.test.junit.AutoTests" name="[278] /home/travis/build/icyphy/ptII/ptolemy/actor/lib/test/auto/PublisherSubscriber10InitialOutputs.xml (RunModel)" time="0.024" />
  <testcase classname="ptolemy.util.test.junit.AutoTests" name="[279] /home/travis/build/icyphy/ptII/ptolemy/actor/lib/test/auto/PublisherSubscriber11.xml (RunModel)" time="0.015" />
  <testcase classname="ptolemy.util.test.junit.AutoTests" name="[280] /home/travis/build/icyphy/ptII/ptolemy/actor/lib/test/auto/PublisherSubscriber12.xml (RunModel)" time="0.018" />
  <testcase classname="ptolemy.util.test.junit.AutoTests" name="[281] /home/travis/build/icyphy/ptII/ptolemy/actor/lib/test/auto/PublisherSubscriber13.xml (RunModel)" time="0.008" />
  <testcase classname="ptolemy.util.test.junit.AutoTests" name="[282] /home/travis/build/icyphy/ptII/ptolemy/actor/lib/test/auto/PublisherSubscriber14.xml (RunModel)" time="0.018" />
  <testcase classname="ptolemy.util.test.junit.AutoTests" name="[283] /home/travis/build/icyphy/ptII/ptolemy/actor/lib/test/auto/PublisherSubscriber2.xml (RunModel)" time="0.01" />
  <testcase classname="ptolemy.util.test.junit.AutoTests" name="[284] /home/travis/build/icyphy/ptII/ptolemy/actor/lib/test/auto/PublisherSubscriber3.xml (RunModel)" time="0.017" />
  <testcase classname="ptolemy.util.test.junit.AutoTests" name="[285] /home/travis/build/icyphy/ptII/ptolemy/actor/lib/test/auto/PublisherSubscriber4.xml (RunModel)" time="0.008" />
  <testcase classname="ptolemy.util.test.junit.AutoTests" name="[286] /home/travis/build/icyphy/ptII/ptolemy/actor/lib/test/auto/PublisherSubscriber5.xml (RunModel)" time="0.01" />
  <testcase classname="ptolemy.util.test.junit.AutoTests" name="[287] /home/travis/build/icyphy/ptII/ptolemy/actor/lib/test/auto/PublisherSubscriber6.xml (RunModel)" time="0.016" />
  <testcase classname="ptolemy.util.test.junit.AutoTests" name="[288] /home/travis/build/icyphy/ptII/ptolemy/actor/lib/test/auto/PublisherSubscriber7.xml (RunModel)" time="0.016" />
  <testcase classname="ptolemy.util.test.junit.AutoTests" name="[289] /home/travis/build/icyphy/ptII/ptolemy/actor/lib/test/auto/PublisherSubscriber8.xml (RunModel)" time="0.028" />
  <testcase classname="ptolemy.util.test.junit.AutoTests" name="[290] /home/travis/build/icyphy/ptII/ptolemy/actor/lib/test/auto/PublisherSubscriber9.xml (RunModel)" time="0.015" />
  <testcase classname="ptolemy.util.test.junit.AutoTests" name="[291] /home/travis/build/icyphy/ptII/ptolemy/actor/lib/test/auto/PublisherSubscriberAdjacent.xml (RunModel)" time="0.013" />
  <testcase classname="ptolemy.util.test.junit.AutoTests" name="[292] /home/travis/build/icyphy/ptII/ptolemy/actor/lib/test/auto/PublisherSubscriberChannelVariablesAOC2.xml (RunModel)" time="0.023" />
  <testcase classname="ptolemy.util.test.junit.AutoTests" name="[293] /home/travis/build/icyphy/ptII/ptolemy/actor/lib/test/auto/PublisherSubscriberD3.xml (RunModel)" time="0.011" />
  <testcase classname="ptolemy.util.test.junit.AutoTests" name="[294] /home/travis/build/icyphy/ptII/ptolemy/actor/lib/test/auto/PublisherSubscriberD3Reverse.xml (RunModel)" time="0.01" />
  <testcase classname="ptolemy.util.test.junit.AutoTests" name="[295] /home/travis/build/icyphy/ptII/ptolemy/actor/lib/test/auto/PublisherSubscriberExpression.xml (RunModel)" time="0.02" />
  <testcase classname="ptolemy.util.test.junit.AutoTests" name="[296] /home/travis/build/icyphy/ptII/ptolemy/actor/lib/test/auto/PublisherSubscriberOpaque.xml (RunModel)" time="0.014" />
  <testcase classname="ptolemy.util.test.junit.AutoTests" name="[297] /home/travis/build/icyphy/ptII/ptolemy/actor/lib/test/auto/PublisherSubscriberOpaqueD3.xml (RunModel)" time="0.02" />
  <testcase classname="ptolemy.util.test.junit.AutoTests" name="[298] /home/travis/build/icyphy/ptII/ptolemy/actor/lib/test/auto/PublisherSubscriberOpaqueD3Reverse.xml (RunModel)" time="0.021" />
  <testcase classname="ptolemy.util.test.junit.AutoTests" name="[299] /home/travis/build/icyphy/ptII/ptolemy/actor/lib/test/auto/PublisherSubscriberOpaqueWidthInference.xml (RunModel)" time="0.015" />
  <testcase classname="ptolemy.util.test.junit.AutoTests" name="[300] /home/travis/build/icyphy/ptII/ptolemy/actor/lib/test/auto/PublisherTestSubscriber.xml (RunModel)" time="0.014" />
  <testcase classname="ptolemy.util.test.junit.AutoTests" name="[301] /home/travis/build/icyphy/ptII/ptolemy/actor/lib/test/auto/PublisherToplevelSubscriberPortAOC.xml (RunModel)" time="0.009" />
  <testcase classname="ptolemy.util.test.junit.AutoTests" name="[302] /home/travis/build/icyphy/ptII/ptolemy/actor/lib/test/auto/PulseFiringLimitDE.xml (RunModel)" time="0.013" />
  <testcase classname="ptolemy.util.test.junit.AutoTests" name="[303] /home/travis/build/icyphy/ptII/ptolemy/actor/lib/test/auto/Ramp1.xml (RunModel)" time="0.006" />
  <testcase classname="ptolemy.util.test.junit.AutoTests" name="[304] /home/travis/build/icyphy/ptII/ptolemy/actor/lib/test/auto/RampFiringLimitDE.xml (RunModel)" time="0.008" />
  <testcase classname="ptolemy.util.test.junit.AutoTests" name="[305] /home/travis/build/icyphy/ptII/ptolemy/actor/lib/test/auto/RampFiringLimitSDF.xml (RunModel)" time="0.008" />
  <testcase classname="ptolemy.util.test.junit.AutoTests" name="[306] /home/travis/build/icyphy/ptII/ptolemy/actor/lib/test/auto/RandomInteger.xml (RunModel)" time="0.006" />
  <testcase classname="ptolemy.util.test.junit.AutoTests" name="[307] /home/travis/build/icyphy/ptII/ptolemy/actor/lib/test/auto/ReadFile1.xml (RunModel)" time="0.006" />
  <testcase classname="ptolemy.util.test.junit.AutoTests" name="[308] /home/travis/build/icyphy/ptII/ptolemy/actor/lib/test/auto/ReadFile2.xml (RunModel)" time="0.008" />
  <testcase classname="ptolemy.util.test.junit.AutoTests" name="[309] /home/travis/build/icyphy/ptII/ptolemy/actor/lib/test/auto/Reader.xml (RunModel)" time="0.01" />
  <testcase classname="ptolemy.util.test.junit.AutoTests" name="[310] /home/travis/build/icyphy/ptII/ptolemy/actor/lib/test/auto/RecordAssemblerDisplayNameTest.xml (RunModel)" time="3.268" />
  <testcase classname="ptolemy.util.test.junit.AutoTests" name="[311] /home/travis/build/icyphy/ptII/ptolemy/actor/lib/test/auto/RecordAssemblerTypeError.xml (RunModel)" time="0.028" />
  <testcase classname="ptolemy.util.test.junit.AutoTests" name="[312] /home/travis/build/icyphy/ptII/ptolemy/actor/lib/test/auto/RecordDisassember.xml (RunModel)" time="0.009" />
  <testcase classname="ptolemy.util.test.junit.AutoTests" name="[313] /home/travis/build/icyphy/ptII/ptolemy/actor/lib/test/auto/RecordDisassemberDisplayNameTest.xml (RunModel)" time="0.016" />
  <testcase classname="ptolemy.util.test.junit.AutoTests" name="[314] /home/travis/build/icyphy/ptII/ptolemy/actor/lib/test/auto/RecordDisassembler.xml (RunModel)" time="0.008" />
  <testcase classname="ptolemy.util.test.junit.AutoTests" name="[315] /home/travis/build/icyphy/ptII/ptolemy/actor/lib/test/auto/RecordDisassembler2.xml (RunModel)" time="0.009" />
  <testcase classname="ptolemy.util.test.junit.AutoTests" name="[316] /home/travis/build/icyphy/ptII/ptolemy/actor/lib/test/auto/RecordUpdater.xml (RunModel)" time="0.007" />
  <testcase classname="ptolemy.util.test.junit.AutoTests" name="[317] /home/travis/build/icyphy/ptII/ptolemy/actor/lib/test/auto/RecordUpdater2.xml (RunModel)" time="0.007" />
  <testcase classname="ptolemy.util.test.junit.AutoTests" name="[318] /home/travis/build/icyphy/ptII/ptolemy/actor/lib/test/auto/RecursiveLattice.xml (RunModel)" time="0.006" />
  <testcase classname="ptolemy.util.test.junit.AutoTests" name="[319] /home/travis/build/icyphy/ptII/ptolemy/actor/lib/test/auto/Router.xml (RunModel)" time="3.02" />
  <testcase classname="ptolemy.util.test.junit.AutoTests" name="[320] /home/travis/build/icyphy/ptII/ptolemy/actor/lib/test/auto/Router2.xml (RunModel)" time="3.026" />
  <testcase classname="ptolemy.util.test.junit.AutoTests" name="[321] /home/travis/build/icyphy/ptII/ptolemy/actor/lib/test/auto/RunningMaximum.xml (RunModel)" time="0.016" />
  <testcase classname="ptolemy.util.test.junit.AutoTests" name="[322] /home/travis/build/icyphy/ptII/ptolemy/actor/lib/test/auto/RunningMinimum.xml (RunModel)" time="0.023" />
  <testcase classname="ptolemy.util.test.junit.AutoTests" name="[323] /home/travis/build/icyphy/ptII/ptolemy/actor/lib/test/auto/Scale.xml (RunModel)" time="0.007" />
  <testcase classname="ptolemy.util.test.junit.AutoTests" name="[324] /home/travis/build/icyphy/ptII/ptolemy/actor/lib/test/auto/Scale2.xml (RunModel)" time="0.01" />
  <testcase classname="ptolemy.util.test.junit.AutoTests" name="[325] /home/travis/build/icyphy/ptII/ptolemy/actor/lib/test/auto/Scale3.xml (RunModel)" time="0.015" />
  <testcase classname="ptolemy.util.test.junit.AutoTests" name="[326] /home/travis/build/icyphy/ptII/ptolemy/actor/lib/test/auto/ScaleArray.xml (RunModel)" time="0.011" />
  <testcase classname="ptolemy.util.test.junit.AutoTests" name="[327] /home/travis/build/icyphy/ptII/ptolemy/actor/lib/test/auto/ScaleArray2.xml (RunModel)" time="0.006" />
  <testcase classname="ptolemy.util.test.junit.AutoTests" name="[328] /home/travis/build/icyphy/ptII/ptolemy/actor/lib/test/auto/ScaleMatrix.xml (RunModel)" time="0.101" />
  <testcase classname="ptolemy.util.test.junit.AutoTests" name="[329] /home/travis/build/icyphy/ptII/ptolemy/actor/lib/test/auto/Select.xml (RunModel)" time="0.013" />
  <testcase classname="ptolemy.util.test.junit.AutoTests" name="[330] /home/travis/build/icyphy/ptII/ptolemy/actor/lib/test/auto/Select2.xml (RunModel)" time="0.016" />
  <testcase classname="ptolemy.util.test.junit.AutoTests" name="[331] /home/travis/build/icyphy/ptII/ptolemy/actor/lib/test/auto/SequenceToArray2.xml (RunModel)" time="0.121" />
  <testcase classname="ptolemy.util.test.junit.AutoTests" name="[332] /home/travis/build/icyphy/ptII/ptolemy/actor/lib/test/auto/SequentialClock.xml (RunModel)" time="0.009" />
  <testcase classname="ptolemy.util.test.junit.AutoTests" name="[333] /home/travis/build/icyphy/ptII/ptolemy/actor/lib/test/auto/SetVariable.xml (RunModel)" time="0.008" />
  <testcase classname="ptolemy.util.test.junit.AutoTests" name="[334] /home/travis/build/icyphy/ptII/ptolemy/actor/lib/test/auto/SetVariable2.xml (RunModel)" time="0.01" />
  <testcase classname="ptolemy.util.test.junit.AutoTests" name="[335] /home/travis/build/icyphy/ptII/ptolemy/actor/lib/test/auto/SetVariable3.xml (RunModel)" time="0.013" />
  <testcase classname="ptolemy.util.test.junit.AutoTests" name="[336] /home/travis/build/icyphy/ptII/ptolemy/actor/lib/test/auto/SetVariable4.xml (RunModel)" time="0.024" />
  <testcase classname="ptolemy.util.test.junit.AutoTests" name="[337] /home/travis/build/icyphy/ptII/ptolemy/actor/lib/test/auto/SetVariable5.xml (RunModel)" time="0.033" />
  <testcase classname="ptolemy.util.test.junit.AutoTests" name="[338] /home/travis/build/icyphy/ptII/ptolemy/actor/lib/test/auto/Sinewave.xml (RunModel)" time="0.021" />
  <testcase classname="ptolemy.util.test.junit.AutoTests" name="[339] /home/travis/build/icyphy/ptII/ptolemy/actor/lib/test/auto/Sinewave2.xml (RunModel)" time="0.012" />
  <testcase classname="ptolemy.util.test.junit.AutoTests" name="[340] /home/travis/build/icyphy/ptII/ptolemy/actor/lib/test/auto/Sinewave3.xml (RunModel)" time="0.017" />
  <testcase classname="ptolemy.util.test.junit.AutoTests" name="[341] /home/travis/build/icyphy/ptII/ptolemy/actor/lib/test/auto/SingleEvent.xml (RunModel)" time="0.006" />
  <testcase classname="ptolemy.util.test.junit.AutoTests" name="[342] /home/travis/build/icyphy/ptII/ptolemy/actor/lib/test/auto/Sleep.xml (RunModel)" time="6.017" />
  <testcase classname="ptolemy.util.test.junit.AutoTests" name="[343] /home/travis/build/icyphy/ptII/ptolemy/actor/lib/test/auto/SleepMultipleFire.xml (RunModel)" time="1.031" />
  <testcase classname="ptolemy.util.test.junit.AutoTests" name="[344] /home/travis/build/icyphy/ptII/ptolemy/actor/lib/test/auto/StopDE.xml (RunModel)" time="0.02" />
  <testcase classname="ptolemy.util.test.junit.AutoTests" name="[345] /home/travis/build/icyphy/ptII/ptolemy/actor/lib/test/auto/StopSDF.xml (RunModel)" time="0.013" />
  <testcase classname="ptolemy.util.test.junit.AutoTests" name="[346] /home/travis/build/icyphy/ptII/ptolemy/actor/lib/test/auto/StringConstant.xml (RunModel)" time="0.022" />
  <testcase classname="ptolemy.util.test.junit.AutoTests" name="[347] /home/travis/build/icyphy/ptII/ptolemy/actor/lib/test/auto/SubscriberPortInitialValues1.xml (RunModel)" time="0.024" />
  <testcase classname="ptolemy.util.test.junit.AutoTests" name="[348] /home/travis/build/icyphy/ptII/ptolemy/actor/lib/test/auto/SubscriberPortInitialValues13.xml (RunModel)" time="0.02" />
  <testcase classname="ptolemy.util.test.junit.AutoTests" name="[349] /home/travis/build/icyphy/ptII/ptolemy/actor/lib/test/auto/SubscriberPortInitialValues14.xml (RunModel)" time="0.011" />
  <testcase classname="ptolemy.util.test.junit.AutoTests" name="[350] /home/travis/build/icyphy/ptII/ptolemy/actor/lib/test/auto/SubscriberPortInitialValues2.xml (RunModel)" time="0.013" />
  <testcase classname="ptolemy.util.test.junit.AutoTests" name="[351] /home/travis/build/icyphy/ptII/ptolemy/actor/lib/test/auto/SubscriberPortInitialValues3.xml (RunModel)" time="0.016" />
  <testcase classname="ptolemy.util.test.junit.AutoTests" name="[352] /home/travis/build/icyphy/ptII/ptolemy/actor/lib/test/auto/SubscriptionAggregator.xml (RunModel)" time="0.01" />
  <testcase classname="ptolemy.util.test.junit.AutoTests" name="[353] /home/travis/build/icyphy/ptII/ptolemy/actor/lib/test/auto/SubscriptionAggregator2.xml (RunModel)" time="0.01" />
  <testcase classname="ptolemy.util.test.junit.AutoTests" name="[354] /home/travis/build/icyphy/ptII/ptolemy/actor/lib/test/auto/SubscriptionAggregator3.xml (RunModel)" time="0.013" />
  <testcase classname="ptolemy.util.test.junit.AutoTests" name="[355] /home/travis/build/icyphy/ptII/ptolemy/actor/lib/test/auto/SubscriptionAggregatorMultiply.xml (RunModel)" time="0.011" />
  <testcase classname="ptolemy.util.test.junit.AutoTests" name="[356] /home/travis/build/icyphy/ptII/ptolemy/actor/lib/test/auto/SubscriptionAggregatorPortMultiply1.xml (RunModel)" time="0.01" />
  <testcase classname="ptolemy.util.test.junit.AutoTests" name="[357] /home/travis/build/icyphy/ptII/ptolemy/actor/lib/test/auto/Switch.xml (RunModel)" time="0.015" />
  <testcase classname="ptolemy.util.test.junit.AutoTests" name="[358] /home/travis/build/icyphy/ptII/ptolemy/actor/lib/test/auto/Switch2.xml (RunModel)" time="0.01" />
  <testcase classname="ptolemy.util.test.junit.AutoTests" name="[359] /home/travis/build/icyphy/ptII/ptolemy/actor/lib/test/auto/SwitchDE.xml (RunModel)" time="0.012" />
  <testcase classname="ptolemy.util.test.junit.AutoTests" name="[360] /home/travis/build/icyphy/ptII/ptolemy/actor/lib/test/auto/SynchronizerDE.xml (RunModel)" time="0.018" />
  <testcase classname="ptolemy.util.test.junit.AutoTests" name="[361] /home/travis/build/icyphy/ptII/ptolemy/actor/lib/test/auto/Test.xml (RunModel)" time="0.007" />
  <testcase classname="ptolemy.util.test.junit.AutoTests" name="[362] /home/travis/build/icyphy/ptII/ptolemy/actor/lib/test/auto/TestExceptionAttribute1.xml (RunModel)" time="0.007" />
  <testcase classname="ptolemy.util.test.junit.AutoTests" name="[363] /home/travis/build/icyphy/ptII/ptolemy/actor/lib/test/auto/TestExceptionAttribute2.xml (RunModel)" time="0.006" />
  <testcase classname="ptolemy.util.test.junit.AutoTests" name="[364] /home/travis/build/icyphy/ptII/ptolemy/actor/lib/test/auto/TestExceptionAttribute3.xml (RunModel)" time="0.008" />
  <testcase classname="ptolemy.util.test.junit.AutoTests" name="[365] /home/travis/build/icyphy/ptII/ptolemy/actor/lib/test/auto/TestExceptionAttribute4.xml (RunModel)" time="0.005" />
  <testcase classname="ptolemy.util.test.junit.AutoTests" name="[366] /home/travis/build/icyphy/ptII/ptolemy/actor/lib/test/auto/TestExceptionHandler1.xml (RunModel)" time="0.004" />
  <testcase classname="ptolemy.util.test.junit.AutoTests" name="[367] /home/travis/build/icyphy/ptII/ptolemy/actor/lib/test/auto/TestExceptionHandler2.xml (RunModel)" time="0.006" />
  <testcase classname="ptolemy.util.test.junit.AutoTests" name="[368] /home/travis/build/icyphy/ptII/ptolemy/actor/lib/test/auto/TestExceptionHandler3.xml (RunModel)" time="0.004" />
  <testcase classname="ptolemy.util.test.junit.AutoTests" name="[369] /home/travis/build/icyphy/ptII/ptolemy/actor/lib/test/auto/TestExceptionHandler4.xml (RunModel)" time="0.004" />
  <testcase classname="ptolemy.util.test.junit.AutoTests" name="[370] /home/travis/build/icyphy/ptII/ptolemy/actor/lib/test/auto/TestRequireCorrectOrder.xml (RunModel)" time="0.015" />
  <testcase classname="ptolemy.util.test.junit.AutoTests" name="[371] /home/travis/build/icyphy/ptII/ptolemy/actor/lib/test/auto/TestSimple.xml (RunModel)" time="0.007" />
  <testcase classname="ptolemy.util.test.junit.AutoTests" name="[372] /home/travis/build/icyphy/ptII/ptolemy/actor/lib/test/auto/ThrowModelError.xml (RunModel)" time="0.015" />
  <testcase classname="ptolemy.util.test.junit.AutoTests" name="[373] /home/travis/build/icyphy/ptII/ptolemy/actor/lib/test/auto/TimeDelayMicrosteps.xml (RunModel)" time="0.014" />
  <testcase classname="ptolemy.util.test.junit.AutoTests" name="[374] /home/travis/build/icyphy/ptII/ptolemy/actor/lib/test/auto/TimeDelayMicrosteps2.xml (RunModel)" time="0.012" />
  <testcase classname="ptolemy.util.test.junit.AutoTests" name="[375] /home/travis/build/icyphy/ptII/ptolemy/actor/lib/test/auto/TimeDelayMicrosteps3.xml (RunModel)" time="0.011" />
  <testcase classname="ptolemy.util.test.junit.AutoTests" name="[376] /home/travis/build/icyphy/ptII/ptolemy/actor/lib/test/auto/TimeDelayVariableMicrosteps.xml (RunModel)" time="0.01" />
  <testcase classname="ptolemy.util.test.junit.AutoTests" name="[377] /home/travis/build/icyphy/ptII/ptolemy/actor/lib/test/auto/TimeGap.xml (RunModel)" time="0.013" />
  <testcase classname="ptolemy.util.test.junit.AutoTests" name="[378] /home/travis/build/icyphy/ptII/ptolemy/actor/lib/test/auto/TimeGap2.xml (RunModel)" time="0.009" />
  <testcase classname="ptolemy.util.test.junit.AutoTests" name="[379] /home/travis/build/icyphy/ptII/ptolemy/actor/lib/test/auto/TimedSinewave.xml (RunModel)" time="0.041" />
  <testcase classname="ptolemy.util.test.junit.AutoTests" name="[380] /home/travis/build/icyphy/ptII/ptolemy/actor/lib/test/auto/TimedSinewavePhase.xml (RunModel)" time="0.03" />
  <testcase classname="ptolemy.util.test.junit.AutoTests" name="[381] /home/travis/build/icyphy/ptII/ptolemy/actor/lib/test/auto/Timer.xml (RunModel)" time="0.016" />
  <testcase classname="ptolemy.util.test.junit.AutoTests" name="[382] /home/travis/build/icyphy/ptII/ptolemy/actor/lib/test/auto/TriangularDistTestModel.xml (RunModel)" time="0.018" />
  <testcase classname="ptolemy.util.test.junit.AutoTests" name="[383] /home/travis/build/icyphy/ptII/ptolemy/actor/lib/test/auto/TrigFunction.xml (RunModel)" time="0.007" />
  <testcase classname="ptolemy.util.test.junit.AutoTests" name="[384] /home/travis/build/icyphy/ptII/ptolemy/actor/lib/test/auto/TrigFunctionDE.xml (RunModel)" time="0.009" />
  <testcase classname="ptolemy.util.test.junit.AutoTests" name="[385] /home/travis/build/icyphy/ptII/ptolemy/actor/lib/test/auto/TrigFunctionInverse.xml (RunModel)" time="0.007" />
  <testcase classname="ptolemy.util.test.junit.AutoTests" name="[386] /home/travis/build/icyphy/ptII/ptolemy/actor/lib/test/auto/TrigFunctionTan.xml (RunModel)" time="0.006" />
  <testcase classname="ptolemy.util.test.junit.AutoTests" name="[387] /home/travis/build/icyphy/ptII/ptolemy/actor/lib/test/auto/TriggeredClock.xml (RunModel)" time="0.007" />
  <testcase classname="ptolemy.util.test.junit.AutoTests" name="[388] /home/travis/build/icyphy/ptII/ptolemy/actor/lib/test/auto/URLDirectoryReader.xml (RunModel)" time="0.106" />
  <testcase classname="ptolemy.util.test.junit.AutoTests" name="[389] /home/travis/build/icyphy/ptII/ptolemy/actor/lib/test/auto/URLDirectoryReader3.xml (RunModel)" time="1.279" />
  <testcase classname="ptolemy.util.test.junit.AutoTests" name="[390] /home/travis/build/icyphy/ptII/ptolemy/actor/lib/test/auto/UnaryMathFunction.xml (RunModel)" time="0.028" />
  <testcase classname="ptolemy.util.test.junit.AutoTests" name="[391] /home/travis/build/icyphy/ptII/ptolemy/actor/lib/test/auto/Uniform.xml (RunModel)" time="0.011" />
  <testcase classname="ptolemy.util.test.junit.AutoTests" name="[392] /home/travis/build/icyphy/ptII/ptolemy/actor/lib/test/auto/UnionDisassemblerTest.xml (RunModel)" time="0.023" />
  <testcase classname="ptolemy.util.test.junit.AutoTests" name="[393] /home/travis/build/icyphy/ptII/ptolemy/actor/lib/test/auto/UtilityFunctions.xml (RunModel)" time="0.012" />
  <testcase classname="ptolemy.util.test.junit.AutoTests" name="[394] /home/travis/build/icyphy/ptII/ptolemy/actor/lib/test/auto/VariableSleep.xml (RunModel)" time="0.51" />
  <testcase classname="ptolemy.util.test.junit.AutoTests" name="[395] /home/travis/build/icyphy/ptII/ptolemy/actor/lib/test/auto/VectorAssemblerDisassemblerCT.xml (RunModel)" time="0.103" />
  <testcase classname="ptolemy.util.test.junit.AutoTests" name="[396] /home/travis/build/icyphy/ptII/ptolemy/actor/lib/test/auto/VectorAssemblerDisassemblerDE.xml (RunModel)" time="0.012" />
  <testcase classname="ptolemy.util.test.junit.AutoTests" name="[397] /home/travis/build/icyphy/ptII/ptolemy/actor/lib/test/auto/VectorAssemblerDisassemblerSDF.xml (RunModel)" time="0.011" />
  <testcase classname="ptolemy.util.test.junit.AutoTests" name="[398] /home/travis/build/icyphy/ptII/ptolemy/actor/lib/test/auto/WallClockTime.xml (RunModel)" time="1.011" />
  <testcase classname="ptolemy.util.test.junit.AutoTests" name="[399] /home/travis/build/icyphy/ptII/ptolemy/actor/lib/test/auto/WidthTestWithSubscriberPublisher.xml (RunModel)" time="0.039" />
  <testcase classname="ptolemy.util.test.junit.AutoTests" name="[400] /home/travis/build/icyphy/ptII/ptolemy/actor/lib/test/auto/WidthTestWithSubscriberPublisher2.xml (RunModel)" time="0.011" />
  <testcase classname="ptolemy.util.test.junit.AutoTests" name="[401] /home/travis/build/icyphy/ptII/ptolemy/actor/lib/test/auto/WidthTestWithSubscriberPublisher3.xml (RunModel)" time="0.008" />
  <testcase classname="ptolemy.util.test.junit.AutoTests" name="[402] /home/travis/build/icyphy/ptII/ptolemy/actor/lib/test/auto/Writer.xml (RunModel)" time="0.006" />
  <testcase classname="ptolemy.util.test.junit.AutoTests" name="[403] /home/travis/build/icyphy/ptII/ptolemy/actor/lib/test/auto/array.xml (RunModel)" time="0.008" />
  <testcase classname="ptolemy.util.test.junit.AutoTests" name="[404] /home/travis/build/icyphy/ptII/ptolemy/actor/lib/test/auto/array2.xml (RunModel)" time="0.026" />
  <testcase classname="ptolemy.util.test.junit.AutoTests" name="[405] /home/travis/build/icyphy/ptII/ptolemy/actor/lib/test/auto/arrayType.xml (RunModel)" time="0.009" />
  <testcase classname="ptolemy.util.test.junit.AutoTests" name="[406] /home/travis/build/icyphy/ptII/ptolemy/actor/lib/test/auto/arrayType10.xml (RunModel)" time="0.008" />
  <testcase classname="ptolemy.util.test.junit.AutoTests" name="[407] /home/travis/build/icyphy/ptII/ptolemy/actor/lib/test/auto/arrayType11.xml (RunModel)" time="0.007" />
  <testcase classname="ptolemy.util.test.junit.AutoTests" name="[408] /home/travis/build/icyphy/ptII/ptolemy/actor/lib/test/auto/arrayType12.xml (RunModel)" time="0.007" />
  <testcase classname="ptolemy.util.test.junit.AutoTests" name="[409] /home/travis/build/icyphy/ptII/ptolemy/actor/lib/test/auto/arrayType13.xml (RunModel)" time="0.007" />
  <testcase classname="ptolemy.util.test.junit.AutoTests" name="[410] /home/travis/build/icyphy/ptII/ptolemy/actor/lib/test/auto/arrayType14.xml (RunModel)" time="0.007" />
  <testcase classname="ptolemy.util.test.junit.AutoTests" name="[411] /home/travis/build/icyphy/ptII/ptolemy/actor/lib/test/auto/arrayType15.xml (RunModel)" time="0.008" />
  <testcase classname="ptolemy.util.test.junit.AutoTests" name="[412] /home/travis/build/icyphy/ptII/ptolemy/actor/lib/test/auto/arrayType16.xml (RunModel)" time="0.007" />
  <testcase classname="ptolemy.util.test.junit.AutoTests" name="[413] /home/travis/build/icyphy/ptII/ptolemy/actor/lib/test/auto/arrayType17.xml (RunModel)" time="0.007" />
  <testcase classname="ptolemy.util.test.junit.AutoTests" name="[414] /home/travis/build/icyphy/ptII/ptolemy/actor/lib/test/auto/arrayType18.xml (RunModel)" time="0.007" />
  <testcase classname="ptolemy.util.test.junit.AutoTests" name="[415] /home/travis/build/icyphy/ptII/ptolemy/actor/lib/test/auto/arrayType19.xml (RunModel)" time="0.006" />
  <testcase classname="ptolemy.util.test.junit.AutoTests" name="[416] /home/travis/build/icyphy/ptII/ptolemy/actor/lib/test/auto/arrayType2.xml (RunModel)" time="0.039" />
  <testcase classname="ptolemy.util.test.junit.AutoTests" name="[417] /home/travis/build/icyphy/ptII/ptolemy/actor/lib/test/auto/arrayType20.xml (RunModel)" time="0.028" />
  <testcase classname="ptolemy.util.test.junit.AutoTests" name="[418] /home/travis/build/icyphy/ptII/ptolemy/actor/lib/test/auto/arrayType21.xml (RunModel)" time="0.032" />
  <testcase classname="ptolemy.util.test.junit.AutoTests" name="[419] /home/travis/build/icyphy/ptII/ptolemy/actor/lib/test/auto/arrayType22.xml (RunModel)" time="0.032" />
  <testcase classname="ptolemy.util.test.junit.AutoTests" name="[420] /home/travis/build/icyphy/ptII/ptolemy/actor/lib/test/auto/arrayType23.xml (RunModel)" time="0.044" />
  <testcase classname="ptolemy.util.test.junit.AutoTests" name="[421] /home/travis/build/icyphy/ptII/ptolemy/actor/lib/test/auto/arrayType24.xml (RunModel)" time="0.032" />
  <testcase classname="ptolemy.util.test.junit.AutoTests" name="[422] /home/travis/build/icyphy/ptII/ptolemy/actor/lib/test/auto/arrayType25.xml (RunModel)" time="0.027" />
  <testcase classname="ptolemy.util.test.junit.AutoTests" name="[423] /home/travis/build/icyphy/ptII/ptolemy/actor/lib/test/auto/arrayType26.xml (RunModel)" time="0.026" />
  <testcase classname="ptolemy.util.test.junit.AutoTests" name="[424] /home/travis/build/icyphy/ptII/ptolemy/actor/lib/test/auto/arrayType27.xml (RunModel)" time="0.013" />
  <testcase classname="ptolemy.util.test.junit.AutoTests" name="[425] /home/travis/build/icyphy/ptII/ptolemy/actor/lib/test/auto/arrayType28.xml (RunModel)" time="0.013" />
  <testcase classname="ptolemy.util.test.junit.AutoTests" name="[426] /home/travis/build/icyphy/ptII/ptolemy/actor/lib/test/auto/arrayType3.xml (RunModel)" time="0.032" />
  <testcase classname="ptolemy.util.test.junit.AutoTests" name="[427] /home/travis/build/icyphy/ptII/ptolemy/actor/lib/test/auto/arrayType4.xml (RunModel)" time="0.016" />
  <testcase classname="ptolemy.util.test.junit.AutoTests" name="[428] /home/travis/build/icyphy/ptII/ptolemy/actor/lib/test/auto/arrayType5.xml (RunModel)" time="0.008" />
  <testcase classname="ptolemy.util.test.junit.AutoTests" name="[429] /home/travis/build/icyphy/ptII/ptolemy/actor/lib/test/auto/arrayType6.xml (RunModel)" time="0.015" />
  <testcase classname="ptolemy.util.test.junit.AutoTests" name="[430] /home/travis/build/icyphy/ptII/ptolemy/actor/lib/test/auto/arrayType7.xml (RunModel)" time="0.007" />
  <testcase classname="ptolemy.util.test.junit.AutoTests" name="[431] /home/travis/build/icyphy/ptII/ptolemy/actor/lib/test/auto/arrayType8.xml (RunModel)" time="0.007" />
  <testcase classname="ptolemy.util.test.junit.AutoTests" name="[432] /home/travis/build/icyphy/ptII/ptolemy/actor/lib/test/auto/arrayType9.xml (RunModel)" time="0.007" />
  <testcase classname="ptolemy.util.test.junit.AutoTests" name="[433] /home/travis/build/icyphy/ptII/ptolemy/actor/lib/test/auto/cast.xml (RunModel)" time="0.007" />
  <testcase classname="ptolemy.util.test.junit.AutoTests" name="[434] /home/travis/build/icyphy/ptII/ptolemy/actor/lib/test/auto/compositeMultiPort.xml (RunModel)" time="0.013" />
  <testcase classname="ptolemy.util.test.junit.AutoTests" name="[435] /home/travis/build/icyphy/ptII/ptolemy/actor/lib/test/auto/expressionCastInference.xml (RunModel)" time="0.006" />
  <testcase classname="ptolemy.util.test.junit.AutoTests" name="[436] /home/travis/build/icyphy/ptII/ptolemy/actor/lib/test/auto/expressionCastInference2.xml (RunModel)" time="0.006" />
  <testcase classname="ptolemy.util.test.junit.AutoTests" name="[437] /home/travis/build/icyphy/ptII/ptolemy/actor/lib/test/auto/expressionInference.xml (RunModel)" time="0.006" />
  <testcase classname="ptolemy.util.test.junit.AutoTests" name="[438] /home/travis/build/icyphy/ptII/ptolemy/actor/lib/test/auto/expression_bug.xml (RunModel)" time="0.006" />
  <testcase classname="ptolemy.util.test.junit.AutoTests" name="[439] /home/travis/build/icyphy/ptII/ptolemy/actor/lib/test/auto/factorial.xml (RunModel)" time="0.038" />
  <testcase classname="ptolemy.util.test.junit.AutoTests" name="[440] /home/travis/build/icyphy/ptII/ptolemy/actor/lib/test/auto/filterTest1.xml (RunModel)" time="0.011" />
  <testcase classname="ptolemy.util.test.junit.AutoTests" name="[441] /home/travis/build/icyphy/ptII/ptolemy/actor/lib/test/auto/funcApplyInConst.xml (RunModel)" time="0.005" />
  <testcase classname="ptolemy.util.test.junit.AutoTests" name="[442] /home/travis/build/icyphy/ptII/ptolemy/actor/lib/test/auto/funcApplyInExpr.xml (RunModel)" time="0.004" />
  <testcase classname="ptolemy.util.test.junit.AutoTests" name="[443] /home/travis/build/icyphy/ptII/ptolemy/actor/lib/test/auto/function.xml (RunModel)" time="0.007" />
  <testcase classname="ptolemy.util.test.junit.AutoTests" name="[444] /home/travis/build/icyphy/ptII/ptolemy/actor/lib/test/auto/function2.xml (RunModel)" time="0.007" />
  <testcase classname="ptolemy.util.test.junit.AutoTests" name="[445] /home/travis/build/icyphy/ptII/ptolemy/actor/lib/test/auto/function3.xml (RunModel)" time="0.006" />
  <testcase classname="ptolemy.util.test.junit.AutoTests" name="[446] /home/travis/build/icyphy/ptII/ptolemy/actor/lib/test/auto/functionClosureTest1.xml (RunModel)" time="0.008" />
  <testcase classname="ptolemy.util.test.junit.AutoTests" name="[447] /home/travis/build/icyphy/ptII/ptolemy/actor/lib/test/auto/functionClosureTest2.xml (RunModel)" time="0.007" />
  <testcase classname="ptolemy.util.test.junit.AutoTests" name="[448] /home/travis/build/icyphy/ptII/ptolemy/actor/lib/test/auto/functionClosureTest3.xml (RunModel)" time="0.008" />
  <testcase classname="ptolemy.util.test.junit.AutoTests" name="[449] /home/travis/build/icyphy/ptII/ptolemy/actor/lib/test/auto/functionClosureTest4.xml (RunModel)" time="0.011" />
  <testcase classname="ptolemy.util.test.junit.AutoTests" name="[450] /home/travis/build/icyphy/ptII/ptolemy/actor/lib/test/auto/functionClosureTest5.xml (RunModel)" time="0.017" />
  <testcase classname="ptolemy.util.test.junit.AutoTests" name="[451] /home/travis/build/icyphy/ptII/ptolemy/actor/lib/test/auto/functionClosureTest6.xml (RunModel)" time="0.006" />
  <testcase classname="ptolemy.util.test.junit.AutoTests" name="[452] /home/travis/build/icyphy/ptII/ptolemy/actor/lib/test/auto/functionsOnArcs.xml (RunModel)" time="0.008" />
  <testcase classname="ptolemy.util.test.junit.AutoTests" name="[453] /home/travis/build/icyphy/ptII/ptolemy/actor/lib/test/auto/functionsOnArcsHOF.xml (RunModel)" time="0.018" />
  <testcase classname="ptolemy.util.test.junit.AutoTests" name="[454] /home/travis/build/icyphy/ptII/ptolemy/actor/lib/test/auto/logic.xml (RunModel)" time="0.016" />
  <testcase classname="ptolemy.util.test.junit.AutoTests" name="[455] /home/travis/build/icyphy/ptII/ptolemy/actor/lib/test/auto/matrixType.xml (RunModel)" time="0.007" />
  <testcase classname="ptolemy.util.test.junit.AutoTests" name="[456] /home/travis/build/icyphy/ptII/ptolemy/actor/lib/test/auto/matrixType10.xml (RunModel)" time="0.007" />
  <testcase classname="ptolemy.util.test.junit.AutoTests" name="[457] /home/travis/build/icyphy/ptII/ptolemy/actor/lib/test/auto/matrixType11.xml (RunModel)" time="0.006" />
  <testcase classname="ptolemy.util.test.junit.AutoTests" name="[458] /home/travis/build/icyphy/ptII/ptolemy/actor/lib/test/auto/matrixType12.xml (RunModel)" time="0.009" />
  <testcase classname="ptolemy.util.test.junit.AutoTests" name="[459] /home/travis/build/icyphy/ptII/ptolemy/actor/lib/test/auto/matrixType13.xml (RunModel)" time="0.007" />
  <testcase classname="ptolemy.util.test.junit.AutoTests" name="[460] /home/travis/build/icyphy/ptII/ptolemy/actor/lib/test/auto/matrixType14.xml (RunModel)" time="0.008" />
  <testcase classname="ptolemy.util.test.junit.AutoTests" name="[461] /home/travis/build/icyphy/ptII/ptolemy/actor/lib/test/auto/matrixType2.xml (RunModel)" time="0.007" />
  <testcase classname="ptolemy.util.test.junit.AutoTests" name="[462] /home/travis/build/icyphy/ptII/ptolemy/actor/lib/test/auto/matrixType3.xml (RunModel)" time="0.009" />
  <testcase classname="ptolemy.util.test.junit.AutoTests" name="[463] /home/travis/build/icyphy/ptII/ptolemy/actor/lib/test/auto/matrixType4.xml (RunModel)" time="0.007" />
  <testcase classname="ptolemy.util.test.junit.AutoTests" name="[464] /home/travis/build/icyphy/ptII/ptolemy/actor/lib/test/auto/matrixType5.xml (RunModel)" time="0.007" />
  <testcase classname="ptolemy.util.test.junit.AutoTests" name="[465] /home/travis/build/icyphy/ptII/ptolemy/actor/lib/test/auto/matrixType6.xml (RunModel)" time="0.007" />
  <testcase classname="ptolemy.util.test.junit.AutoTests" name="[466] /home/travis/build/icyphy/ptII/ptolemy/actor/lib/test/auto/matrixType7.xml (RunModel)" time="0.008" />
  <testcase classname="ptolemy.util.test.junit.AutoTests" name="[467] /home/travis/build/icyphy/ptII/ptolemy/actor/lib/test/auto/matrixType8.xml (RunModel)" time="0.008" />
  <testcase classname="ptolemy.util.test.junit.AutoTests" name="[468] /home/travis/build/icyphy/ptII/ptolemy/actor/lib/test/auto/matrixType9.xml (RunModel)" time="0.006" />
  <testcase classname="ptolemy.util.test.junit.AutoTests" name="[469] /home/travis/build/icyphy/ptII/ptolemy/actor/lib/test/auto/paraFunctest.xml (RunModel)" time="0.006" />
  <testcase classname="ptolemy.util.test.junit.AutoTests" name="[470] /home/travis/build/icyphy/ptII/ptolemy/actor/lib/test/auto/paraFunctest2.xml (RunModel)" time="0.011" />
  <testcase classname="ptolemy.util.test.junit.AutoTests" name="[471] /home/travis/build/icyphy/ptII/ptolemy/actor/lib/test/auto/parameterPassing.xml (RunModel)" time="0.008" />
  <testcase classname="ptolemy.util.test.junit.AutoTests" name="[472] /home/travis/build/icyphy/ptII/ptolemy/actor/lib/test/auto/record.xml (RunModel)" time="0.009" />
  <testcase classname="ptolemy.util.test.junit.AutoTests" name="[473] /home/travis/build/icyphy/ptII/ptolemy/actor/lib/test/auto/sizedarray1.xml (RunModel)" time="0.009" />
  <testcase classname="ptolemy.util.test.junit.AutoTests" name="[474] /home/travis/build/icyphy/ptII/ptolemy/actor/lib/test/auto/sizedarray2.xml (RunModel)" time="0.008" />
  <testcase classname="ptolemy.util.test.junit.AutoTests" name="[475] /home/travis/build/icyphy/ptII/ptolemy/actor/lib/test/auto/twoPublishers.xml (RunModel)" time="0.023" />
  <system-out><![CDATA[/home/travis/build/icyphy/ptII/ptolemy/actor/lib/test/AbsoluteValue.tcl
testDefs.tcl: setting time out to 9000 seconds at Thu Jan 02 06:40:00 UTC 2020
103 ms. Memory: 129024K Free: 94575K (73%)
8 ms. Memory: 129024K Free: 92511K (72%)
5 ms. Memory: 129024K Free: 92029K (71%)
9 ms. Memory: 129024K Free: 91007K (71%)
/home/travis/build/icyphy/ptII/ptolemy/actor/lib/test/AddSubtract.tcl
16 ms. Memory: 129024K Free: 88959K (69%)
17 ms. Memory: 129024K Free: 88415K (69%)
13 ms. Memory: 129024K Free: 87421K (68%)
16 ms. Memory: 129024K Free: 86911K (67%)
62 ms. Memory: 129024K Free: 83839K (65%)
5 ms. Memory: 129024K Free: 82815K (64%)
/home/travis/build/icyphy/ptII/ptolemy/actor/lib/test/Average.tcl
7 ms. Memory: 129024K Free: 81277K (63%)
6 ms. Memory: 129024K Free: 80253K (62%)
/home/travis/build/icyphy/ptII/ptolemy/actor/lib/test/Bernoulli.tcl
4 ms. Memory: 129024K Free: 78719K (61%)
2 ms. Memory: 129024K Free: 78191K (61%)
/home/travis/build/icyphy/ptII/ptolemy/actor/lib/test/Clock.tcl
preinitializing
resolving types
initializing
executing number 1
wrapping up
idle
30 ms. Memory: 129024K Free: 75647K (59%)
Completed execution with 5 iterations
preinitializing
resolving types
initializing
executing number 1
wrapping up
idle
5 ms. Memory: 129024K Free: 74623K (58%)
Completed execution with 5 iterations
preinitializing
resolving types
initializing
executing number 1
wrapping up
idle
4 ms. Memory: 129024K Free: 74095K (57%)
Completed execution with 5 iterations
/home/travis/build/icyphy/ptII/ptolemy/actor/lib/test/Commutator.tcl
5 ms. Memory: 129024K Free: 72031K (56%)
6 ms. Memory: 129024K Free: 71007K (55%)
18 ms. Memory: 129024K Free: 65407K (51%)
/home/travis/build/icyphy/ptII/ptolemy/actor/lib/test/Const.tcl
18 ms. Memory: 129024K Free: 63855K (49%)
2 ms. Memory: 129024K Free: 63359K (49%)
3 ms. Memory: 129024K Free: 62831K (49%)
2 ms. Memory: 129024K Free: 62335K (48%)
2 ms. Memory: 129024K Free: 61821K (48%)
11 ms. Memory: 129024K Free: 59773K (46%)
7 ms. Memory: 129024K Free: 58719K (46%)
8 ms. Memory: 129024K Free: 58239K (45%)
/home/travis/build/icyphy/ptII/ptolemy/actor/lib/test/CurrentTime.tcl
preinitializing
resolving types
initializing
executing number 1
wrapping up
idle
18 ms. Memory: 129024K Free: 56191K (44%)
Completed execution with 11 iterations
/home/travis/build/icyphy/ptII/ptolemy/actor/lib/test/DB.tcl
9 ms. Memory: 129024K Free: 54639K (42%)
1 ms. Memory: 129024K Free: 54143K (42%)
1 ms. Memory: 129024K Free: 53629K (42%)
/home/travis/build/icyphy/ptII/ptolemy/actor/lib/test/DiscreteRandomSource.tcl
preinitializing
resolving types
initializing
executing number 1
wrapping up
idle
3 ms. Memory: 129024K Free: 52095K (40%)
Completed execution with 4 iterations
preinitializing
resolving types
initializing
executing number 1
wrapping up
idle
2 ms. Memory: 129024K Free: 51567K (40%)
Completed execution with 4 iterations
preinitializing
resolving types
initializing
executing number 1
wrapping up
idle
5 ms. Memory: 129024K Free: 51071K (40%)
Completed execution with 4 iterations
preinitializing
resolving types
initializing
executing number 1
wrapping up
idle
3 ms. Memory: 129024K Free: 50557K (39%)
Completed execution with 4 iterations
preinitializing
resolving types
initializing
executing number 1
wrapping up
idle
5 ms. Memory: 129024K Free: 50047K (39%)
Completed execution with 4 iterations
/home/travis/build/icyphy/ptII/ptolemy/actor/lib/test/Distributor.tcl
23 ms. Memory: 129024K Free: 115161K (89%)
12 ms. Memory: 129024K Free: 114337K (89%)
StreamChangeRequest.changeExecuted(): <deleteEntity name="rec2"/> succeeded
StreamChangeRequest.changeExecuted(): <deleteRelation name="r2"/> succeeded
StreamChangeRequest.changeExecuted(): Record firings per iteration succeeded
9 ms. Memory: 129024K Free: 111779K (87%)
/home/travis/build/icyphy/ptII/ptolemy/actor/lib/test/Exit.tcl
Exit.tcl: this will print a message about Manager.exitAfterWrapup, which can be ignored.
9 ms. Memory: 129024K Free: 108707K (84%)
/home/travis/build/icyphy/ptII/ptolemy/actor/lib/test/Expression.tcl
25 ms. Memory: 129024K Free: 105635K (82%)
5 ms. Memory: 129024K Free: 104611K (81%)
2 ms. Memory: 129024K Free: 104067K (81%)
preinitializing
resolving types
initializing
executing number 1
wrapping up
idle
7 ms. Memory: 129024K Free: 102563K (79%)
Completed execution with 6 iterations
16 ms. Memory: 129024K Free: 101539K (79%)
3 ms. Memory: 129024K Free: 100995K (78%)
3 ms. Memory: 129024K Free: 100001K (78%)
6 ms. Memory: 129024K Free: 98467K (76%)
9 ms. Memory: 129024K Free: 97443K (76%)
/home/travis/build/icyphy/ptII/ptolemy/actor/lib/test/Gaussian.tcl
6 ms. Memory: 129024K Free: 95395K (74%)
sleeping 1 seconds: ........................................................................................................................................................................................................................................................................................................................................................................................................................................................................................................................................................................................................................................................................................................................................................................................................................................................................................................................................................................................................................................................................................................................................................................................................................................................................................................................................................................................................................................................................................................................................................................................................................................................................................................................................................................................................................................................................................................................................................................................................................................................................................................................................................................................................................................................................................................................................................................2 ms. Memory: 129024K Free: 113883K (88%)
2 ms. Memory: 129024K Free: 113369K (88%)
1 ms. Memory: 129024K Free: 112315K (87%)
1 ms. Memory: 129024K Free: 111835K (87%)
2 ms. Memory: 129024K Free: 111321K (86%)
/home/travis/build/icyphy/ptII/ptolemy/actor/lib/test/IIR.tcl
/home/travis/build/icyphy/ptII/ptolemy/actor/lib/test/Interpolator.tcl
3 ms. Memory: 129024K Free: 107739K (84%)
2 ms. Memory: 129024K Free: 107225K (83%)
1 ms. Memory: 129024K Free: 106171K (82%)
1 ms. Memory: 129024K Free: 105691K (82%)
2 ms. Memory: 129024K Free: 105163K (82%)
1 ms. Memory: 129024K Free: 104123K (81%)
2 ms. Memory: 129024K Free: 103129K (80%)
1 ms. Memory: 129024K Free: 102091K (79%)
2 ms. Memory: 129024K Free: 101595K (79%)
11 ms. Memory: 129024K Free: 100571K (78%)
/home/travis/build/icyphy/ptII/ptolemy/actor/lib/test/MathFunction.tcl
3 ms. Memory: 129024K Free: 98523K (76%)
2 ms. Memory: 129024K Free: 97499K (76%)
1 ms. Memory: 129024K Free: 96475K (75%)
10 ms. Memory: 129024K Free: 95451K (74%)
3 ms. Memory: 129024K Free: 94427K (73%)
8 ms. Memory: 129024K Free: 92379K (72%)
/home/travis/build/icyphy/ptII/ptolemy/actor/lib/test/Maximum.tcl
5 ms. Memory: 129024K Free: 90331K (70%)
2 ms. Memory: 129024K Free: 89803K (70%)
4 ms. Memory: 129024K Free: 89307K (69%)
2 ms. Memory: 129024K Free: 88283K (68%)
/home/travis/build/icyphy/ptII/ptolemy/actor/lib/test/Minimum.tcl
3 ms. Memory: 129024K Free: 86731K (67%)
1 ms. Memory: 129024K Free: 86235K (67%)
1 ms. Memory: 129024K Free: 85211K (66%)
2 ms. Memory: 129024K Free: 84683K (66%)
/home/travis/build/icyphy/ptII/ptolemy/actor/lib/test/MultiplyDivide.tcl
3 ms. Memory: 129024K Free: 82649K (64%)
2 ms. Memory: 129024K Free: 82139K (64%)
2 ms. Memory: 129024K Free: 81611K (63%)
3 ms. Memory: 129024K Free: 80601K (62%)
2 ms. Memory: 129024K Free: 80091K (62%)
/home/travis/build/icyphy/ptII/ptolemy/actor/lib/test/OrderedMerge.tcl
Connections changed on port: inputA
Connections changed on port: inputB
Connections changed on port: output
Connections changed on port: output
Connections changed on port: output
Connections changed on port: input
.top. Preinitializing ...
Invoking preinitialize():  .top.OrderedMerge
Called preinitialize()
Invoking preinitialize():  .top.Ramp
Called preinitialize()
Invoking preinitialize():  .top.Ramp2
Called preinitialize()
Invoking preinitialize():  .top.Test
Called preinitialize()
Connections changed on port: inputA
Connections changed on port: output
Connections changed on port: inputB
Connections changed on port: output
Connections changed on port: output
Connections changed on port: input
.top. Finished preinitialize().
Called initialize().
Invoking initialize():  .top.OrderedMerge
Initializing actor: .top.OrderedMerge
Adding a thread: .top.OrderedMerge
Invoking initialize():  .top.Ramp
Initializing actor: .top.Ramp
Adding a thread: .top.Ramp
Invoking initialize():  .top.Ramp2
Initializing actor: .top.Ramp2
Adding a thread: .top.Ramp2
Invoking initialize():  .top.Test
Initializing actor: .top.Test
Adding a thread: .top.Test
Called fire().
Checking for deadlock:
-- Starting thread.
Called initialize()
Called prefire()
Called fire()
-- Starting thread.
Called initialize()
-- Starting thread.
Called initialize()
Called prefire()
Called prefire()
Called fire()
There are 0 Blocked actors, 0 Stopped actors, and 4 active threads.
Waiting for actors to stop.
Called fire()
Called postfire()
Called prefire()
Called fire()
-- Starting thread.
Called initialize()
Called prefire()
Called fire()
Called postfire()
Called prefire()
Called fire()
Called postfire()
Called prefire()
Called fire()
Read input token from inputA with value 0.0
Next port to read input from is inputB
Called postfire()
Called prefire()
Called fire()
Checking for deadlock:
There are 3 Blocked actors, 0 Stopped actors, and 4 active threads.
Waiting for actors to stop.
Called postfire()
Called prefire()
Called fire()
Read input token from inputB with value 0.0
Sent output token with value 0.0
Next port to read input from is inputA
Called postfire()
Called prefire()
Called fire()
Read input token from inputA with value 1.0
Checking for deadlock:
There are 2 Blocked actors, 0 Stopped actors, and 4 active threads.
Waiting for actors to stop.
Called postfire()
Called prefire()
Called fire()
-- Read input: 0.0, which is expected to match: 0.0
Called prefire()
Called fire()
Checking for deadlock:
There are 3 Blocked actors, 0 Stopped actors, and 4 active threads.
Waiting for actors to stop.
-- Read input: 0.0, which is expected to match: 0.0
Called prefire()
Called fire()
Sent output token with value 0.0
Next port to read input from is inputB
Called postfire()
Called prefire()
Called fire()
Read input token from inputB with value 1.5
Sent output token with value 1.0
Next port to read input from is inputA
Called postfire()
Called prefire()
Called fire()
Read input token from inputA with value 2.0
Checking for deadlock:
There are 1 Blocked actors, 0 Stopped actors, and 4 active threads.
Waiting for actors to stop.
Called postfire()
Called prefire()
Called fire()
Called postfire()
Called prefire()
Called fire()
Checking for deadlock:
There are 3 Blocked actors, 0 Stopped actors, and 4 active threads.
Waiting for actors to stop.
-- Read input: 1.0, which is expected to match: 1.0
Called prefire()
Called fire()
Sent output token with value 1.5
Next port to read input from is inputB
Called postfire()
Called prefire()
Called fire()
Read input token from inputB with value 3.0
Checking for deadlock:
There are 2 Blocked actors, 0 Stopped actors, and 4 active threads.
Waiting for actors to stop.
Called postfire()
Called prefire()
Called fire()
-- Read input: 1.5, which is expected to match: 1.5
Called prefire()
Called fire()
Checking for deadlock:
There are 3 Blocked actors, 0 Stopped actors, and 4 active threads.
Waiting for actors to stop.
-- Read input: 2.0, which is expected to match: 2.0
Called prefire()
Called fire()
Sent output token with value 2.0
Next port to read input from is inputA
Called postfire()
Called prefire()
Called fire()
Read input token from inputA with value 3.0
Sent output token with value 3.0
Next port to read input from is inputB
Called postfire()
Called prefire()
Called fire()
Read input token from inputB with value 4.5
Checking for deadlock:
There are 1 Blocked actors, 0 Stopped actors, and 4 active threads.
Waiting for actors to stop.
Called postfire()
Called prefire()
Called fire()
Called postfire()
Called prefire()
Called fire()
-- Read input: 3.0, which is expected to match: 3.0
Called prefire()
Called fire()
Checking for deadlock:
There are 3 Blocked actors, 0 Stopped actors, and 4 active threads.
Waiting for actors to stop.
-- Read input: 3.0, which is expected to match: 3.0
Called prefire()
Called fire()
Sent output token with value 3.0
Next port to read input from is inputA
Called postfire()
Called prefire()
Called fire()
Read input token from inputA with value 4.0
Sent output token with value 4.0
Next port to read input from is inputA
Called postfire()
Called prefire()
Called fire()
Checking for deadlock:
There are 2 Blocked actors, 0 Stopped actors, and 4 active threads.
Waiting for actors to stop.
Called postfire()
Called prefire()
Called fire()
-- Read input: 4.0, which is expected to match: 4.0
Called prefire()
Called fire()
Past the end of training data. Read and discard all inputs.
Checking for deadlock:
There are 3 Blocked actors, 0 Stopped actors, and 4 active threads.
Waiting for actors to stop.
Called postfire()
Called prefire()
Called fire()
Checking for deadlock:
There are 3 Blocked actors, 0 Stopped actors, and 4 active threads.
Waiting for actors to stop.
Read input token from inputA with value 5.0
Called prefire()
Called fire()
Past the end of training data. Read and discard all inputs.
Checking for deadlock:
There are 3 Blocked actors, 0 Stopped actors, and 4 active threads.
Waiting for actors to stop.
Sent output token with value 4.5
Next port to read input from is inputB
Called postfire()
Called prefire()
Called fire()
Called postfire()
Called prefire()
Called fire()
Checking for deadlock:
There are 3 Blocked actors, 0 Stopped actors, and 4 active threads.
Waiting for actors to stop.
Read input token from inputB with value 6.0
Called prefire()
Called fire()
Past the end of training data. Read and discard all inputs.
Checking for deadlock:
There are 3 Blocked actors, 0 Stopped actors, and 4 active threads.
Waiting for actors to stop.
Sent output token with value 5.0
Next port to read input from is inputA
Called postfire()
Called prefire()
Called fire()
Checking for deadlock:
There are 2 Blocked actors, 0 Stopped actors, and 4 active threads.
Waiting for actors to stop.
Called postfire()
Called prefire()
Called fire()
Checking for deadlock:
There are 3 Blocked actors, 0 Stopped actors, and 4 active threads.
Waiting for actors to stop.
Read input token from inputA with value 6.0
Checking for deadlock:
There are 2 Blocked actors, 0 Stopped actors, and 4 active threads.
Waiting for actors to stop.
Called prefire()
Called fire()
Past the end of training data. Read and discard all inputs.
Checking for deadlock:
There are 3 Blocked actors, 0 Stopped actors, and 4 active threads.
Waiting for actors to stop.
Sent output token with value 6.0
Next port to read input from is inputB
Called postfire()
Called prefire()
Called fire()
Called postfire()
Called prefire()
Called fire()
Checking for deadlock:
There are 3 Blocked actors, 0 Stopped actors, and 4 active threads.
Waiting for actors to stop.
Read input token from inputB with value 7.5
Called prefire()
Called fire()
Past the end of training data. Read and discard all inputs.
Checking for deadlock:
There are 3 Blocked actors, 0 Stopped actors, and 4 active threads.
Waiting for actors to stop.
Sent output token with value 6.0
Next port to read input from is inputA
Called postfire()
Called prefire()
Called fire()
Checking for deadlock:
There are 2 Blocked actors, 0 Stopped actors, and 4 active threads.
Waiting for actors to stop.
Called postfire()
Called prefire()
Called fire()
Checking for deadlock:
There are 3 Blocked actors, 0 Stopped actors, and 4 active threads.
Waiting for actors to stop.
Read input token from inputA with value 7.0
Checking for deadlock:
There are 2 Blocked actors, 0 Stopped actors, and 4 active threads.
Waiting for actors to stop.
Called prefire()
Called fire()
Past the end of training data. Read and discard all inputs.
Checking for deadlock:
There are 3 Blocked actors, 0 Stopped actors, and 4 active threads.
Waiting for actors to stop.
Sent output token with value 7.0
Next port to read input from is inputA
Called postfire()
Called prefire()
Called fire()
Checking for deadlock:
There are 2 Blocked actors, 0 Stopped actors, and 4 active threads.
Waiting for actors to stop.
-- Thread wrapup() called.
Called wrapup()
Thread .top.Ramp is exiting.
-- Thread stopped.
Checking for deadlock:
There are 2 Blocked actors, 0 Stopped actors, and 3 active threads.
Waiting for actors to stop.
Read input token from inputA with value 8.0
Called prefire()
Called fire()
Past the end of training data. Read and discard all inputs.
Checking for deadlock:
There are 2 Blocked actors, 0 Stopped actors, and 3 active threads.
Waiting for actors to stop.
Sent output token with value 7.5
Next port to read input from is inputB
Called postfire()
Called prefire()
Called fire()
Checking for deadlock:
There are 1 Blocked actors, 0 Stopped actors, and 3 active threads.
Waiting for actors to stop.
Called postfire()
Called prefire()
Called fire()
Checking for deadlock:
There are 2 Blocked actors, 0 Stopped actors, and 3 active threads.
Waiting for actors to stop.
Read input token from inputB with value 9.0
Checking for deadlock:
There are 1 Blocked actors, 0 Stopped actors, and 3 active threads.
Waiting for actors to stop.
Called prefire()
Called fire()
Past the end of training data. Read and discard all inputs.
Checking for deadlock:
There are 2 Blocked actors, 0 Stopped actors, and 3 active threads.
Waiting for actors to stop.
Sent output token with value 8.0
Next port to read input from is inputA
Called postfire()
Called prefire()
Called fire()
Read input token from inputA with value 9.0
Called prefire()
Called fire()
Past the end of training data. Read and discard all inputs.
Checking for deadlock:
There are 2 Blocked actors, 0 Stopped actors, and 3 active threads.
Waiting for actors to stop.
Sent output token with value 9.0
Next port to read input from is inputB
Called postfire()
Called prefire()
Called fire()
Called postfire()
Called prefire()
Called fire()
Checking for deadlock:
There are 2 Blocked actors, 0 Stopped actors, and 3 active threads.
Waiting for actors to stop.
Read input token from inputB with value 10.5
Called prefire()
Called fire()
Past the end of training data. Read and discard all inputs.
Checking for deadlock:
There are 2 Blocked actors, 0 Stopped actors, and 3 active threads.
Waiting for actors to stop.
Sent output token with value 9.0
Next port to read input from is inputA
Called postfire()
Called prefire()
Called fire()
Checking for deadlock:
There are 3 Blocked actors, 0 Stopped actors, and 3 active threads.
Actors have stopped.
Checking for deadlock:
There are 3 Blocked actors, 0 Stopped actors, and 3 active threads.
Deadlock detected.
Resolving Deadlock
Checking for deadlock:
There are 3 Blocked actors, 0 Stopped actors, and 3 active threads.
Artificial Deadlock - increasing queue capacity.
increasing the capacity of receiver ptolemy.actor.TypedIOPort {.top.OrderedMerge.inputB} to 2
-- Thread wrapup() called.
Called wrapup()
Director: Called postfire().
Thread .top.Ramp2 is exiting.
-- Thread stopped.
Called postfire().
_stopRequested = false
_stopFireRequested = false
Returning from postfire(): true
Called fire().
Checking for deadlock:
There are 2 Blocked actors, 0 Stopped actors, and 2 active threads.
Actors have stopped.
Checking for deadlock:
There are 2 Blocked actors, 0 Stopped actors, and 2 active threads.
Deadlock detected.
Resolving Deadlock
Checking for deadlock:
There are 2 Blocked actors, 0 Stopped actors, and 2 active threads.
Deadlock detected: no processes blocked on write, but some are blocked on read.
Called postfire().
_stopRequested = false
_stopFireRequested = false
Returning from postfire(): false
Finished deactivating branches.
Called wrapup().
-- Thread wrapup() called.
Called wrapup()
-- Thread wrapup() called.
Thread .top.OrderedMerge is exiting.
Called wrapup()
-- Thread stopped.
Thread .top.Test is exiting.
-- Blocked Receiver call threw TerminateProcessException.
-- Thread stopped.
-- Blocked Receiver call threw TerminateProcessException.
57 ms. Memory: 129024K Free: 75481K (59%)
.top. Preinitializing ...
Invoking preinitialize():  .top.OrderedMerge
Called preinitialize()
Invoking preinitialize():  .top.Ramp
Called preinitialize()
Invoking preinitialize():  .top.Ramp2
Called preinitialize()
Invoking preinitialize():  .top.Test
Called preinitialize()
.top. Finished preinitialize().
Called initialize().
Invoking initialize():  .top.OrderedMerge
Initializing actor: .top.OrderedMerge
Adding a thread: .top.OrderedMerge
Invoking initialize():  .top.Ramp
Initializing actor: .top.Ramp
Adding a thread: .top.Ramp
Invoking initialize():  .top.Ramp2
Initializing actor: .top.Ramp2
Adding a thread: .top.Ramp2
Invoking initialize():  .top.Test
Initializing actor: .top.Test
Adding a thread: .top.Test
-- Starting thread.
Called initialize()
Called prefire()
Called fire()
-- Starting thread.
Called initialize()
Called prefire()
Called fire()
Called postfire()
Called prefire()
Called fire()
-- Starting thread.
Called initialize()
Called prefire()
Called fire()
Called postfire()
Called prefire()
Called fire()
Called fire().
Checking for deadlock:
There are 3 Blocked actors, 0 Stopped actors, and 4 active threads.
Waiting for actors to stop.
-- Starting thread.
Called initialize()
Called prefire()
Called fire()
Checking for deadlock:
There are 2 Blocked actors, 0 Stopped actors, and 4 active threads.
Waiting for actors to stop.
Called postfire()
Called prefire()
Called fire()
Checking for deadlock:
There are 3 Blocked actors, 0 Stopped actors, and 4 active threads.
Waiting for actors to stop.
Read input token from inputA with value 0.0
Next port to read input from is inputB
Called postfire()
Called prefire()
Called fire()
Called postfire()
Called prefire()
Called fire()
Checking for deadlock:
There are 3 Blocked actors, 0 Stopped actors, and 4 active threads.
Waiting for actors to stop.
Read input token from inputB with value 0.0
Checking for deadlock:
There are 2 Blocked actors, 0 Stopped actors, and 4 active threads.
Waiting for actors to stop.
-- Read input: 0.0, which is expected to match: 0.0
Called prefire()
Called fire()
Checking for deadlock:
There are 3 Blocked actors, 0 Stopped actors, and 4 active threads.
Waiting for actors to stop.
Sent output token with value 0.0
Next port to read input from is inputA
Called postfire()
Called prefire()
Called fire()
Checking for deadlock:
There are 2 Blocked actors, 0 Stopped actors, and 4 active threads.
Waiting for actors to stop.
Called postfire()
Called prefire()
Called fire()
Checking for deadlock:
There are 3 Blocked actors, 0 Stopped actors, and 4 active threads.
Waiting for actors to stop.
Read input token from inputA with value 1.0
Checking for deadlock:
There are 2 Blocked actors, 0 Stopped actors, and 4 active threads.
Waiting for actors to stop.
-- Read input: 0.0, which is expected to match: 0.0
Called prefire()
Called fire()
Checking for deadlock:
There are 3 Blocked actors, 0 Stopped actors, and 4 active threads.
Waiting for actors to stop.
Sent output token with value 0.0
Next port to read input from is inputB
Called postfire()
Called prefire()
Called fire()
Called postfire()
Called prefire()
Called fire()
Checking for deadlock:
There are 3 Blocked actors, 0 Stopped actors, and 4 active threads.
Waiting for actors to stop.
Read input token from inputB with value 1.5
-- Read input: 1.0, which is expected to match: 1.0
Called prefire()
Called fire()
Checking for deadlock:
There are 3 Blocked actors, 0 Stopped actors, and 4 active threads.
Waiting for actors to stop.
Sent output token with value 1.0
Next port to read input from is inputA
Called postfire()
Called prefire()
Called fire()
Checking for deadlock:
There are 2 Blocked actors, 0 Stopped actors, and 4 active threads.
Waiting for actors to stop.
Called postfire()
Called prefire()
Called fire()
Checking for deadlock:
There are 3 Blocked actors, 0 Stopped actors, and 4 active threads.
Waiting for actors to stop.
Read input token from inputA with value 2.0
Checking for deadlock:
There are 2 Blocked actors, 0 Stopped actors, and 4 active threads.
Waiting for actors to stop.
-- Read input: 1.5, which is expected to match: 1.5
Called prefire()
Called fire()
Checking for deadlock:
There are 3 Blocked actors, 0 Stopped actors, and 4 active threads.
Waiting for actors to stop.
Sent output token with value 1.5
Next port to read input from is inputB
Called postfire()
Called prefire()
Called fire()
Checking for deadlock:
There are 2 Blocked actors, 0 Stopped actors, and 4 active threads.
Waiting for actors to stop.
Called postfire()
Called prefire()
Called fire()
Checking for deadlock:
There are 3 Blocked actors, 0 Stopped actors, and 4 active threads.
Waiting for actors to stop.
Read input token from inputB with value 3.0
Checking for deadlock:
There are 2 Blocked actors, 0 Stopped actors, and 4 active threads.
Waiting for actors to stop.
-- Read input: 2.0, which is expected to match: 2.0
Called prefire()
Called fire()
Checking for deadlock:
There are 3 Blocked actors, 0 Stopped actors, and 4 active threads.
Waiting for actors to stop.
Sent output token with value 2.0
Next port to read input from is inputA
Called postfire()
Called prefire()
Called fire()
Checking for deadlock:
There are 2 Blocked actors, 0 Stopped actors, and 4 active threads.
Waiting for actors to stop.
Called postfire()
Called prefire()
Called fire()
Checking for deadlock:
There are 3 Blocked actors, 0 Stopped actors, and 4 active threads.
Waiting for actors to stop.
Read input token from inputA with value 3.0
Checking for deadlock:
There are 2 Blocked actors, 0 Stopped actors, and 4 active threads.
Waiting for actors to stop.
-- Read input: 3.0, which is expected to match: 3.0
Called prefire()
Called fire()
Checking for deadlock:
There are 3 Blocked actors, 0 Stopped actors, and 4 active threads.
Waiting for actors to stop.
Sent output token with value 3.0
Next port to read input from is inputB
Called postfire()
Called prefire()
Called fire()
Called postfire()
Called prefire()
Called fire()
Checking for deadlock:
There are 3 Blocked actors, 0 Stopped actors, and 4 active threads.
Waiting for actors to stop.
Read input token from inputB with value 4.5
-- Read input: 3.0, which is expected to match: 3.0
Called prefire()
Called fire()
Checking for deadlock:
There are 3 Blocked actors, 0 Stopped actors, and 4 active threads.
Waiting for actors to stop.
Sent output token with value 3.0
Next port to read input from is inputA
Called postfire()
Called prefire()
Called fire()
Checking for deadlock:
There are 2 Blocked actors, 0 Stopped actors, and 4 active threads.
Waiting for actors to stop.
Called postfire()
Called prefire()
Called fire()
Checking for deadlock:
There are 3 Blocked actors, 0 Stopped actors, and 4 active threads.
Waiting for actors to stop.
Read input token from inputA with value 4.0
Checking for deadlock:
There are 2 Blocked actors, 0 Stopped actors, and 4 active threads.
Waiting for actors to stop.
-- Read input: 4.0, which is expected to match: 4.0
Called prefire()
Called fire()
Past the end of training data. Read and discard all inputs.
Checking for deadlock:
There are 3 Blocked actors, 0 Stopped actors, and 4 active threads.
Waiting for actors to stop.
Sent output token with value 4.0
Next port to read input from is inputA
Called postfire()
Called prefire()
Called fire()
Checking for deadlock:
There are 2 Blocked actors, 0 Stopped actors, and 4 active threads.
Waiting for actors to stop.
Called postfire()
Called prefire()
Called fire()
Checking for deadlock:
There are 3 Blocked actors, 0 Stopped actors, and 4 active threads.
Waiting for actors to stop.
Read input token from inputA with value 5.0
Checking for deadlock:
There are 2 Blocked actors, 0 Stopped actors, and 4 active threads.
Waiting for actors to stop.
Called prefire()
Called fire()
Past the end of training data. Read and discard all inputs.
Checking for deadlock:
There are 3 Blocked actors, 0 Stopped actors, and 4 active threads.
Waiting for actors to stop.
Sent output token with value 4.5
Next port to read input from is inputB
Called postfire()
Called prefire()
Called fire()
Called postfire()
Called prefire()
Called fire()
Checking for deadlock:
There are 3 Blocked actors, 0 Stopped actors, and 4 active threads.
Waiting for actors to stop.
Read input token from inputB with value 6.0
Called prefire()
Called fire()
Past the end of training data. Read and discard all inputs.
Checking for deadlock:
There are 3 Blocked actors, 0 Stopped actors, and 4 active threads.
Waiting for actors to stop.
Sent output token with value 5.0
Next port to read input from is inputA
Called postfire()
Called prefire()
Called fire()
Checking for deadlock:
There are 2 Blocked actors, 0 Stopped actors, and 4 active threads.
Waiting for actors to stop.
Called postfire()
Called prefire()
Called fire()
Checking for deadlock:
There are 3 Blocked actors, 0 Stopped actors, and 4 active threads.
Waiting for actors to stop.
Read input token from inputA with value 6.0
Checking for deadlock:
There are 2 Blocked actors, 0 Stopped actors, and 4 active threads.
Waiting for actors to stop.
Called prefire()
Called fire()
Past the end of training data. Read and discard all inputs.
Checking for deadlock:
There are 3 Blocked actors, 0 Stopped actors, and 4 active threads.
Waiting for actors to stop.
Sent output token with value 6.0
Next port to read input from is inputB
Called postfire()
Called prefire()
Called fire()
Checking for deadlock:
There are 2 Blocked actors, 0 Stopped actors, and 4 active threads.
Waiting for actors to stop.
Called postfire()
Called prefire()
Called fire()
Checking for deadlock:
There are 3 Blocked actors, 0 Stopped actors, and 4 active threads.
Waiting for actors to stop.
Read input token from inputB with value 7.5
Checking for deadlock:
There are 2 Blocked actors, 0 Stopped actors, and 4 active threads.
Waiting for actors to stop.
Called prefire()
Called fire()
Past the end of training data. Read and discard all inputs.
Checking for deadlock:
There are 3 Blocked actors, 0 Stopped actors, and 4 active threads.
Waiting for actors to stop.
Sent output token with value 6.0
Next port to read input from is inputA
Called postfire()
Called prefire()
Called fire()
Checking for deadlock:
There are 2 Blocked actors, 0 Stopped actors, and 4 active threads.
Waiting for actors to stop.
Called postfire()
Called prefire()
Called fire()
Checking for deadlock:
There are 3 Blocked actors, 0 Stopped actors, and 4 active threads.
Waiting for actors to stop.
Read input token from inputA with value 7.0
Checking for deadlock:
There are 2 Blocked actors, 0 Stopped actors, and 4 active threads.
Waiting for actors to stop.
Called prefire()
Called fire()
Past the end of training data. Read and discard all inputs.
Checking for deadlock:
There are 3 Blocked actors, 0 Stopped actors, and 4 active threads.
Waiting for actors to stop.
Sent output token with value 7.0
Next port to read input from is inputA
Called postfire()
Called prefire()
Called fire()
Checking for deadlock:
There are 2 Blocked actors, 0 Stopped actors, and 4 active threads.
Waiting for actors to stop.
-- Thread wrapup() called.
Called wrapup()
Thread .top.Ramp is exiting.
Checking for deadlock:
There are 2 Blocked actors, 0 Stopped actors, and 3 active threads.
Waiting for actors to stop.
-- Thread stopped.
Read input token from inputA with value 8.0
Called prefire()
Called fire()
Past the end of training data. Read and discard all inputs.
Checking for deadlock:
There are 2 Blocked actors, 0 Stopped actors, and 3 active threads.
Waiting for actors to stop.
Sent output token with value 7.5
Next port to read input from is inputB
Called postfire()
Called prefire()
Called fire()
Checking for deadlock:
There are 1 Blocked actors, 0 Stopped actors, and 3 active threads.
Waiting for actors to stop.
Called postfire()
Called prefire()
Called fire()
Checking for deadlock:
There are 2 Blocked actors, 0 Stopped actors, and 3 active threads.
Waiting for actors to stop.
Read input token from inputB with value 9.0
Checking for deadlock:
There are 1 Blocked actors, 0 Stopped actors, and 3 active threads.
Waiting for actors to stop.
Called prefire()
Called fire()
Past the end of training data. Read and discard all inputs.
Checking for deadlock:
There are 2 Blocked actors, 0 Stopped actors, and 3 active threads.
Waiting for actors to stop.
Sent output token with value 8.0
Next port to read input from is inputA
Called postfire()
Called prefire()
Called fire()
Read input token from inputA with value 9.0
Called prefire()
Called fire()
Past the end of training data. Read and discard all inputs.
Checking for deadlock:
There are 2 Blocked actors, 0 Stopped actors, and 3 active threads.
Waiting for actors to stop.
Sent output token with value 9.0
Next port to read input from is inputB
Called postfire()
Called prefire()
Called fire()
Called postfire()
Called prefire()
Called fire()
Checking for deadlock:
There are 2 Blocked actors, 0 Stopped actors, and 3 active threads.
Waiting for actors to stop.
Read input token from inputB with value 10.5
Called prefire()
Called fire()
Past the end of training data. Read and discard all inputs.
Checking for deadlock:
There are 2 Blocked actors, 0 Stopped actors, and 3 active threads.
Waiting for actors to stop.
Sent output token with value 9.0
Next port to read input from is inputA
Called postfire()
Called prefire()
Called fire()
Checking for deadlock:
There are 3 Blocked actors, 0 Stopped actors, and 3 active threads.
Actors have stopped.
Checking for deadlock:
There are 3 Blocked actors, 0 Stopped actors, and 3 active threads.
Deadlock detected.
Resolving Deadlock
Checking for deadlock:
There are 3 Blocked actors, 0 Stopped actors, and 3 active threads.
Artificial Deadlock - increasing queue capacity.
increasing the capacity of receiver ptolemy.actor.TypedIOPort {.top.OrderedMerge.inputB} to 2
Director: Called postfire().
Called postfire().
_stopRequested = false
_stopFireRequested = false
Returning from postfire(): true
Called fire().
Checking for deadlock:
There are 2 Blocked actors, 0 Stopped actors, and 3 active threads.
Waiting for actors to stop.
-- Thread wrapup() called.
Called wrapup()
Thread .top.Ramp2 is exiting.
-- Thread stopped.
Checking for deadlock:
There are 2 Blocked actors, 0 Stopped actors, and 2 active threads.
Actors have stopped.
Checking for deadlock:
There are 2 Blocked actors, 0 Stopped actors, and 2 active threads.
Deadlock detected.
Resolving Deadlock
Checking for deadlock:
There are 2 Blocked actors, 0 Stopped actors, and 2 active threads.
Deadlock detected: no processes blocked on write, but some are blocked on read.
Called postfire().
_stopRequested = false
_stopFireRequested = false
Returning from postfire(): false
Finished deactivating branches.
Called wrapup().
-- Thread wrapup() called.
Called wrapup()
-- Thread wrapup() called.
Called wrapup()
Thread .top.Test is exiting.
-- Thread stopped.
-- Blocked Receiver call threw TerminateProcessException.
Thread .top.OrderedMerge is exiting.
23 ms. Memory: 129024K Free: 74313K (58%)
/home/travis/build/icyphy/ptII/ptolemy/actor/lib/test/Publisher.tcl
-- Thread stopped.
-- Blocked Receiver call threw TerminateProcessException.
24 ms. Memory: 129024K Free: 67803K (53%)
7 ms. Memory: 129024K Free: 110297K (85%)
5 ms. Memory: 129024K Free: 106715K (83%)
7 ms. Memory: 129024K Free: 112919K (88%)
16 ms. Memory: 129024K Free: 111897K (87%)
10 ms. Memory: 129024K Free: 110873K (86%)
2 ms. Memory: 129024K Free: 110345K (86%)
2 ms. Memory: 129024K Free: 109335K (85%)
33 ms. Memory: 129024K Free: 99609K (77%)
3 ms. Memory: 129024K Free: 95513K (74%)
1 ms. Memory: 129024K Free: 94985K (74%)
6 ms. Memory: 129024K Free: 92951K (72%)
5 ms. Memory: 129024K Free: 85273K (66%)
11 ms. Memory: 129024K Free: 113011K (88%)
9 ms. Memory: 129024K Free: 101747K (79%)
/home/travis/build/icyphy/ptII/ptolemy/actor/lib/test/Pulse.tcl
2 ms. Memory: 129024K Free: 64371K (50%)
1 ms. Memory: 129024K Free: 63859K (49%)
1 ms. Memory: 129024K Free: 63349K (49%)
1 ms. Memory: 129024K Free: 62835K (49%)
0 ms. Memory: 129024K Free: 61811K (48%)
13 ms. Memory: 155648K Free: 138969K (89%)
3 ms. Memory: 155648K Free: 137931K (89%)
2 ms. Memory: 155648K Free: 137435K (88%)
1 ms. Memory: 155648K Free: 136411K (88%)
/home/travis/build/icyphy/ptII/ptolemy/actor/lib/test/Ramp.tcl
6 ms. Memory: 155648K Free: 134859K (87%)
3 ms. Memory: 155648K Free: 133849K (86%)
2 ms. Memory: 155648K Free: 133339K (86%)
4 ms. Memory: 155648K Free: 132315K (85%)
4 ms. Memory: 155648K Free: 131787K (85%)
9 ms. Memory: 155648K Free: 130763K (84%)
8 ms. Memory: 155648K Free: 129739K (83%)
5 actors
8000 microseconds per iteration to create
10 ms. Memory: 155648K Free: 127195K (82%)
7 ms. Memory: 155648K Free: 126667K (81%)
2 ms. Memory: 155648K Free: 125627K (81%)
2 ms. Memory: 155648K Free: 125147K (80%)
50 actors
31000 microseconds per iteration to create
30 ms. Memory: 155648K Free: 109787K (71%)
4 ms. Memory: 155648K Free: 108763K (70%)
5 ms. Memory: 155648K Free: 107739K (69%)
4 ms. Memory: 155648K Free: 106715K (69%)
500 actors
1542000 microseconds per iteration to create
205 ms. Memory: 155648K Free: 76425K (49%)
30 ms. Memory: 155648K Free: 71319K (46%)
30 ms. Memory: 155648K Free: 66199K (43%)
50 ms. Memory: 155648K Free: 131285K (84%)
/home/travis/build/icyphy/ptII/ptolemy/actor/lib/test/RampContinuous.tcl
6 ms. Memory: 155648K Free: 129747K (83%)
/home/travis/build/icyphy/ptII/ptolemy/actor/lib/test/RecordAssembler.tcl
4 ms. Memory: 155648K Free: 128213K (82%)
2 ms. Memory: 155648K Free: 127189K (82%)
/home/travis/build/icyphy/ptII/ptolemy/actor/lib/test/RecordDisassembler.tcl
10 ms. Memory: 155648K Free: 125636K (81%)
3 ms. Memory: 155648K Free: 125141K (80%)
7 ms. Memory: 155648K Free: 123603K (79%)
/home/travis/build/icyphy/ptII/ptolemy/actor/lib/test/Scale.tcl
2 ms. Memory: 155648K Free: 122069K (78%)
2 ms. Memory: 155648K Free: 121045K (78%)
1 ms. Memory: 155648K Free: 120500K (77%)
2 ms. Memory: 155648K Free: 119507K (77%)
3 ms. Memory: 155648K Free: 118483K (76%)
/home/travis/build/icyphy/ptII/ptolemy/actor/lib/test/SequentialClock.tcl
preinitializing
resolving types
initializing
executing number 1
wrapping up
idle
4 ms. Memory: 155648K Free: 117459K (75%)
Completed execution with 5 iterations
preinitializing
resolving types
initializing
executing number 1
wrapping up
idle
1 ms. Memory: 155648K Free: 116949K (75%)
Completed execution with 5 iterations
preinitializing
resolving types
initializing
executing number 1
wrapping up
idle
1 ms. Memory: 155648K Free: 116420K (75%)
Completed execution with 5 iterations
/home/travis/build/icyphy/ptII/ptolemy/actor/lib/test/SetVariable.tcl
3 ms. Memory: 155648K Free: 114372K (73%)


==== $PTII/ptolemy/actor/lib/test/SetVariable.tcl: SetVariable-3.1 changeFailed
==== Contents of test case:

    #Uses 2.1 above
    jdkCaptureErr {
        # This test was failing if we ran Exit.tcl and then this test.
        # MessageHandler.error() now actually throws the Exception.
	catch {$setVariable changeFailed [java::null]  [java::new Exception {Test exception for SetVariable.changeFailed()}]} errMsg
    } results
    list [string range $results 0 89] "\n" $errMsg

==== Result was:
{java.lang.Exception: Test exception for SetVariable.changeFailed()
	at java.base/jdk.inter} {
} {java.lang.RuntimeException: java.lang.Exception: Test exception for SetVariable.changeFailed()}
---- Result should have been:
{Failed to set variable.
java.lang.Exception: Test exception for SetVariable.changeFailed()} {
} {java.lang.RuntimeException: java.lang.Exception: Test exception for SetVariable.changeFailed()}
---- SetVariable-3.1 FAILED
/home/travis/build/icyphy/ptII/ptolemy/actor/lib/test/Sinewave.tcl
/home/travis/build/icyphy/ptII/ptolemy/actor/lib/test/SubscriptionAggregator.tcl
4 ms. Memory: 155648K Free: 102613K (66%)
2 ms. Memory: 155648K Free: 101589K (65%)
0 ms. Memory: 155648K Free: 101589K (65%)
1 ms. Memory: 155648K Free: 101075K (65%)
2 ms. Memory: 155648K Free: 97493K (63%)
8 ms. Memory: 155648K Free: 95445K (61%)
...............................................................1050 ms. Memory: 304128K Free: 186534K (61%)
/home/travis/build/icyphy/ptII/ptolemy/actor/lib/test/Test.tcl
 The next command will produce a warning about training mode,
   which may be ignored.
5 ms. Memory: 304128K Free: 184488K (61%)
3 ms. Memory: 304128K Free: 183464K (60%)
2 ms. Memory: 304128K Free: 182936K (60%)
2 ms. Memory: 304128K Free: 182440K (60%)
2 ms. Memory: 304128K Free: 181912K (60%)
3 ms. Memory: 304128K Free: 180392K (59%)
3 ms. Memory: 304128K Free: 179368K (59%)
 The next command will produce a warning about training mode,
   which may be ignored.
4 ms. Memory: 304128K Free: 176792K (58%)
 The next command will produce a warning about training mode,
   which may be ignored.
2 ms. Memory: 304128K Free: 175768K (58%)
1 ms. Memory: 304128K Free: 175272K (58%)
2 ms. Memory: 304128K Free: 174744K (57%)
1 ms. Memory: 304128K Free: 174248K (57%)
6 ms. Memory: 304128K Free: 173224K (57%)
3 ms. Memory: 304128K Free: 169128K (56%)
/home/travis/build/icyphy/ptII/ptolemy/actor/lib/test/TestExceptionHandler.tcl
 The next command will produce a warning about training mode,
   which may be ignored.
3 ms. Memory: 304128K Free: 168104K (55%)
1 ms. Memory: 304128K Free: 167590K (55%)
1 ms. Memory: 304128K Free: 167080K (55%)
/home/travis/build/icyphy/ptII/ptolemy/actor/lib/test/UnionDisassembler.tcl
30 ms. Memory: 304128K Free: 159912K (53%)
/home/travis/build/icyphy/ptII/ptolemy/actor/lib/test/VariableClock.tcl
preinitializing
resolving types
initializing
executing number 1
wrapping up
idle
9 ms. Memory: 304128K Free: 157864K (52%)
Completed execution with 11 iterations
preinitializing
resolving types
initializing
executing number 1
wrapping up
idle
8 ms. Memory: 304128K Free: 156312K (51%)
Completed execution with 10 iterations
01/02/20 06:40:07
Failed: 1  Total Tests: 234  ((Passed: 233, Newly Passed: 0)  Known Failed: 0) /home/travis/build/icyphy/ptII/ptolemy/actor/lib/test
----------------- testing (KnownFailure) /home/travis/build/icyphy/ptII/ptolemy/actor/lib/test/auto/knownFailedTests/PublisherPortToplevelSubscriber.xml
0 ms. Memory: 304128K Free: 153254K (50%)
Known Failure: java.lang.reflect.InvocationTargetException
----------------- testing (KnownFailure) /home/travis/build/icyphy/ptII/ptolemy/actor/lib/test/auto/knownFailedTests/PublisherSubscriberPortToplevel.xml
2 ms. Memory: 304128K Free: 149158K (49%)
Known Failure: java.lang.reflect.InvocationTargetException
----------------- testing (KnownFailure) /home/travis/build/icyphy/ptII/ptolemy/actor/lib/test/auto/knownFailedTests/PublisherSubscriptionAggregatorPort.xml
1 ms. Memory: 304128K Free: 145062K (48%)
Known Failure: java.lang.reflect.InvocationTargetException
----------------- testing (KnownFailure) /home/travis/build/icyphy/ptII/ptolemy/actor/lib/test/auto/knownFailedTests/sizedarray3.xml
3 ms. Memory: 304128K Free: 140456K (46%)
Known Failure: java.lang.reflect.InvocationTargetException
No auto/linux-amd64/*.xml tests in /home/travis/build/icyphy/ptII/ptolemy/actor/lib/test
AutoTests.java: About to close Vertx.
AutoTests.java: Vertx closed.

===========================================================================================
----------------- testing Thu Jan 02 06:40:08 UTC 2020 /home/travis/build/icyphy/ptII/ptolemy/actor/lib/test/auto/AbsoluteValue.xml
----------------- Instantiating /home/travis/build/icyphy/ptII/ptolemy/actor/lib/test/auto/AbsoluteValue.xml
6 ms. Memory: 304128K Free: 246024K (81%)
----------------- Invoking toplevel() on ptolemy.moml.MoMLSimpleApplication@7516d91b
----------------- Done invoking toplevel() on ptolemy.moml.MoMLSimpleApplication@7516d91b
reloadAllAccessors: .AbsoluteValue

===========================================================================================
----------------- testing Thu Jan 02 06:40:08 UTC 2020 /home/travis/build/icyphy/ptII/ptolemy/actor/lib/test/auto/AbsoluteValue2.xml
----------------- Instantiating /home/travis/build/icyphy/ptII/ptolemy/actor/lib/test/auto/AbsoluteValue2.xml
11 ms. Memory: 304128K Free: 239366K (79%)
----------------- Invoking toplevel() on ptolemy.moml.MoMLSimpleApplication@7f5c468c
----------------- Done invoking toplevel() on ptolemy.moml.MoMLSimpleApplication@7f5c468c
reloadAllAccessors: .AbsoluteValue2

===========================================================================================
----------------- testing Thu Jan 02 06:40:08 UTC 2020 /home/travis/build/icyphy/ptII/ptolemy/actor/lib/test/auto/Accumulator.xml
----------------- Instantiating /home/travis/build/icyphy/ptII/ptolemy/actor/lib/test/auto/Accumulator.xml
5 ms. Memory: 304128K Free: 232712K (77%)
----------------- Invoking toplevel() on ptolemy.moml.MoMLSimpleApplication@7beef706
----------------- Done invoking toplevel() on ptolemy.moml.MoMLSimpleApplication@7beef706
reloadAllAccessors: .Accumulator

===========================================================================================
----------------- testing Thu Jan 02 06:40:08 UTC 2020 /home/travis/build/icyphy/ptII/ptolemy/actor/lib/test/auto/Accumulator2.xml
----------------- Instantiating /home/travis/build/icyphy/ptII/ptolemy/actor/lib/test/auto/Accumulator2.xml
5 ms. Memory: 304128K Free: 227592K (75%)
----------------- Invoking toplevel() on ptolemy.moml.MoMLSimpleApplication@69c3a992
----------------- Done invoking toplevel() on ptolemy.moml.MoMLSimpleApplication@69c3a992
reloadAllAccessors: .Accumulator2

===========================================================================================
----------------- testing Thu Jan 02 06:40:08 UTC 2020 /home/travis/build/icyphy/ptII/ptolemy/actor/lib/test/auto/Accumulator3.xml
----------------- Instantiating /home/travis/build/icyphy/ptII/ptolemy/actor/lib/test/auto/Accumulator3.xml
2 ms. Memory: 304128K Free: 222982K (73%)
----------------- Invoking toplevel() on ptolemy.moml.MoMLSimpleApplication@345edb2a
----------------- Done invoking toplevel() on ptolemy.moml.MoMLSimpleApplication@345edb2a
reloadAllAccessors: .Accumulator3

===========================================================================================
----------------- testing Thu Jan 02 06:40:08 UTC 2020 /home/travis/build/icyphy/ptII/ptolemy/actor/lib/test/auto/ArrayAppend.xml
----------------- Instantiating /home/travis/build/icyphy/ptII/ptolemy/actor/lib/test/auto/ArrayAppend.xml
3 ms. Memory: 304128K Free: 217352K (71%)
----------------- Invoking toplevel() on ptolemy.moml.MoMLSimpleApplication@43f991bc
----------------- Done invoking toplevel() on ptolemy.moml.MoMLSimpleApplication@43f991bc
reloadAllAccessors: .ArrayAppend

===========================================================================================
----------------- testing Thu Jan 02 06:40:08 UTC 2020 /home/travis/build/icyphy/ptII/ptolemy/actor/lib/test/auto/ArrayAppend2.xml
----------------- Instantiating /home/travis/build/icyphy/ptII/ptolemy/actor/lib/test/auto/ArrayAppend2.xml
276 ms. Memory: 304128K Free: 157960K (52%)
----------------- Invoking toplevel() on ptolemy.moml.MoMLSimpleApplication@18cab961
----------------- Done invoking toplevel() on ptolemy.moml.MoMLSimpleApplication@18cab961
reloadAllAccessors: .ArrayAppend2

===========================================================================================
----------------- testing Thu Jan 02 06:40:08 UTC 2020 /home/travis/build/icyphy/ptII/ptolemy/actor/lib/test/auto/ArrayAppend3.xml
----------------- Instantiating /home/travis/build/icyphy/ptII/ptolemy/actor/lib/test/auto/ArrayAppend3.xml
4 ms. Memory: 304128K Free: 152838K (50%)
----------------- Invoking toplevel() on ptolemy.moml.MoMLSimpleApplication@4cd1d19b
----------------- Done invoking toplevel() on ptolemy.moml.MoMLSimpleApplication@4cd1d19b
reloadAllAccessors: .ArrayAppend3

===========================================================================================
----------------- testing Thu Jan 02 06:40:08 UTC 2020 /home/travis/build/icyphy/ptII/ptolemy/actor/lib/test/auto/ArrayAppend4.xml
----------------- Instantiating /home/travis/build/icyphy/ptII/ptolemy/actor/lib/test/auto/ArrayAppend4.xml
6 ms. Memory: 304128K Free: 148230K (49%)
----------------- Invoking toplevel() on ptolemy.moml.MoMLSimpleApplication@65368645
----------------- Done invoking toplevel() on ptolemy.moml.MoMLSimpleApplication@65368645
reloadAllAccessors: .ArrayAppend4

===========================================================================================
----------------- testing Thu Jan 02 06:40:08 UTC 2020 /home/travis/build/icyphy/ptII/ptolemy/actor/lib/test/auto/ArrayAppend5.xml
----------------- Instantiating /home/travis/build/icyphy/ptII/ptolemy/actor/lib/test/auto/ArrayAppend5.xml
4 ms. Memory: 304128K Free: 143110K (47%)
----------------- Invoking toplevel() on ptolemy.moml.MoMLSimpleApplication@59640231
----------------- Done invoking toplevel() on ptolemy.moml.MoMLSimpleApplication@59640231
reloadAllAccessors: .ArrayAppend5

===========================================================================================
----------------- testing Thu Jan 02 06:40:08 UTC 2020 /home/travis/build/icyphy/ptII/ptolemy/actor/lib/test/auto/ArrayAppend6.xml
----------------- Instantiating /home/travis/build/icyphy/ptII/ptolemy/actor/lib/test/auto/ArrayAppend6.xml
5 ms. Memory: 304128K Free: 137990K (45%)
----------------- Invoking toplevel() on ptolemy.moml.MoMLSimpleApplication@28de6f5f
----------------- Done invoking toplevel() on ptolemy.moml.MoMLSimpleApplication@28de6f5f
reloadAllAccessors: .ArrayAppend6

===========================================================================================
----------------- testing Thu Jan 02 06:40:08 UTC 2020 /home/travis/build/icyphy/ptII/ptolemy/actor/lib/test/auto/ArrayAppendPerformanceTest.xml
----------------- Instantiating /home/travis/build/icyphy/ptII/ptolemy/actor/lib/test/auto/ArrayAppendPerformanceTest.xml
28 ms. Memory: 304128K Free: 127240K (42%)
----------------- Invoking toplevel() on ptolemy.moml.MoMLSimpleApplication@66c86938
----------------- Done invoking toplevel() on ptolemy.moml.MoMLSimpleApplication@66c86938
reloadAllAccessors: .ArrayAppendPerformanceTest

===========================================================================================
----------------- testing Thu Jan 02 06:40:08 UTC 2020 /home/travis/build/icyphy/ptII/ptolemy/actor/lib/test/auto/ArrayAppendWithEmptyInput.xml
----------------- Instantiating /home/travis/build/icyphy/ptII/ptolemy/actor/lib/test/auto/ArrayAppendWithEmptyInput.xml
8 ms. Memory: 304128K Free: 119558K (39%)
----------------- Invoking toplevel() on ptolemy.moml.MoMLSimpleApplication@2d124da6
----------------- Done invoking toplevel() on ptolemy.moml.MoMLSimpleApplication@2d124da6
reloadAllAccessors: .ArrayAppendWithEmptyInput

===========================================================================================
----------------- testing Thu Jan 02 06:40:09 UTC 2020 /home/travis/build/icyphy/ptII/ptolemy/actor/lib/test/auto/ArrayAverage.xml
----------------- Instantiating /home/travis/build/icyphy/ptII/ptolemy/actor/lib/test/auto/ArrayAverage.xml
11 ms. Memory: 304128K Free: 111880K (37%)
----------------- Invoking toplevel() on ptolemy.moml.MoMLSimpleApplication@bde57a3
----------------- Done invoking toplevel() on ptolemy.moml.MoMLSimpleApplication@bde57a3
reloadAllAccessors: .ArrayAverage

===========================================================================================
----------------- testing Thu Jan 02 06:40:09 UTC 2020 /home/travis/build/icyphy/ptII/ptolemy/actor/lib/test/auto/ArrayContains.xml
----------------- Instantiating /home/travis/build/icyphy/ptII/ptolemy/actor/lib/test/auto/ArrayContains.xml
10 ms. Memory: 304128K Free: 105736K (35%)
----------------- Invoking toplevel() on ptolemy.moml.MoMLSimpleApplication@3d982c0a
----------------- Done invoking toplevel() on ptolemy.moml.MoMLSimpleApplication@3d982c0a
reloadAllAccessors: .ArrayContains

===========================================================================================
----------------- testing Thu Jan 02 06:40:09 UTC 2020 /home/travis/build/icyphy/ptII/ptolemy/actor/lib/test/auto/ArrayElement.xml
----------------- Instantiating /home/travis/build/icyphy/ptII/ptolemy/actor/lib/test/auto/ArrayElement.xml
4 ms. Memory: 304128K Free: 100102K (33%)
----------------- Invoking toplevel() on ptolemy.moml.MoMLSimpleApplication@5dbbbc2e
----------------- Done invoking toplevel() on ptolemy.moml.MoMLSimpleApplication@5dbbbc2e
reloadAllAccessors: .ArrayElement

===========================================================================================
----------------- testing Thu Jan 02 06:40:09 UTC 2020 /home/travis/build/icyphy/ptII/ptolemy/actor/lib/test/auto/ArrayElementAsMatrix.xml
----------------- Instantiating /home/travis/build/icyphy/ptII/ptolemy/actor/lib/test/auto/ArrayElementAsMatrix.xml
9 ms. Memory: 304128K Free: 252813K (83%)
----------------- Invoking toplevel() on ptolemy.moml.MoMLSimpleApplication@518b3a6
----------------- Done invoking toplevel() on ptolemy.moml.MoMLSimpleApplication@518b3a6
reloadAllAccessors: .ArrayElementAsMatrix

===========================================================================================
----------------- testing Thu Jan 02 06:40:09 UTC 2020 /home/travis/build/icyphy/ptII/ptolemy/actor/lib/test/auto/ArrayElementI.xml
----------------- Instantiating /home/travis/build/icyphy/ptII/ptolemy/actor/lib/test/auto/ArrayElementI.xml
3 ms. Memory: 304128K Free: 247183K (81%)
----------------- Invoking toplevel() on ptolemy.moml.MoMLSimpleApplication@7c4b1240
----------------- Done invoking toplevel() on ptolemy.moml.MoMLSimpleApplication@7c4b1240
reloadAllAccessors: .ArrayElementI

===========================================================================================
----------------- testing Thu Jan 02 06:40:09 UTC 2020 /home/travis/build/icyphy/ptII/ptolemy/actor/lib/test/auto/ArrayExtract.xml
----------------- Instantiating /home/travis/build/icyphy/ptII/ptolemy/actor/lib/test/auto/ArrayExtract.xml
4 ms. Memory: 304128K Free: 238991K (79%)
----------------- Invoking toplevel() on ptolemy.moml.MoMLSimpleApplication@6e218c65
----------------- Done invoking toplevel() on ptolemy.moml.MoMLSimpleApplication@6e218c65
reloadAllAccessors: .ArrayExtract

===========================================================================================
----------------- testing Thu Jan 02 06:40:09 UTC 2020 /home/travis/build/icyphy/ptII/ptolemy/actor/lib/test/auto/ArrayExtract2.xml
----------------- Instantiating /home/travis/build/icyphy/ptII/ptolemy/actor/lib/test/auto/ArrayExtract2.xml
2 ms. Memory: 304128K Free: 233342K (77%)
----------------- Invoking toplevel() on ptolemy.moml.MoMLSimpleApplication@773e3774
----------------- Done invoking toplevel() on ptolemy.moml.MoMLSimpleApplication@773e3774
reloadAllAccessors: .ArrayExtract2

===========================================================================================
----------------- testing Thu Jan 02 06:40:09 UTC 2020 /home/travis/build/icyphy/ptII/ptolemy/actor/lib/test/auto/ArrayLength.xml
----------------- Instantiating /home/travis/build/icyphy/ptII/ptolemy/actor/lib/test/auto/ArrayLength.xml
2 ms. Memory: 304128K Free: 229775K (76%)
----------------- Invoking toplevel() on ptolemy.moml.MoMLSimpleApplication@347d4d53
----------------- Done invoking toplevel() on ptolemy.moml.MoMLSimpleApplication@347d4d53
reloadAllAccessors: .ArrayLength

===========================================================================================
----------------- testing Thu Jan 02 06:40:09 UTC 2020 /home/travis/build/icyphy/ptII/ptolemy/actor/lib/test/auto/ArrayLevelCrossing.xml
----------------- Instantiating /home/travis/build/icyphy/ptII/ptolemy/actor/lib/test/auto/ArrayLevelCrossing.xml
3 ms. Memory: 304128K Free: 221069K (73%)
----------------- Invoking toplevel() on ptolemy.moml.MoMLSimpleApplication@7d505b40
----------------- Done invoking toplevel() on ptolemy.moml.MoMLSimpleApplication@7d505b40
reloadAllAccessors: .ArrayLevelCrossing

===========================================================================================
----------------- testing Thu Jan 02 06:40:09 UTC 2020 /home/travis/build/icyphy/ptII/ptolemy/actor/lib/test/auto/ArrayLevelCrossing2.xml
----------------- Instantiating /home/travis/build/icyphy/ptII/ptolemy/actor/lib/test/auto/ArrayLevelCrossing2.xml
2 ms. Memory: 304128K Free: 214415K (71%)
----------------- Invoking toplevel() on ptolemy.moml.MoMLSimpleApplication@8c3f277
----------------- Done invoking toplevel() on ptolemy.moml.MoMLSimpleApplication@8c3f277
reloadAllAccessors: .ArrayLevelCrossing2

===========================================================================================
----------------- testing Thu Jan 02 06:40:09 UTC 2020 /home/travis/build/icyphy/ptII/ptolemy/actor/lib/test/auto/ArrayPeakSearch.xml
----------------- Instantiating /home/travis/build/icyphy/ptII/ptolemy/actor/lib/test/auto/ArrayPeakSearch.xml
7 ms. Memory: 304128K Free: 205199K (67%)
----------------- Invoking toplevel() on ptolemy.moml.MoMLSimpleApplication@469e640a
----------------- Done invoking toplevel() on ptolemy.moml.MoMLSimpleApplication@469e640a
reloadAllAccessors: .ArrayPeakSearch

===========================================================================================
----------------- testing Thu Jan 02 06:40:09 UTC 2020 /home/travis/build/icyphy/ptII/ptolemy/actor/lib/test/auto/ArrayPeakSearch2.xml
----------------- Instantiating /home/travis/build/icyphy/ptII/ptolemy/actor/lib/test/auto/ArrayPeakSearch2.xml
4 ms. Memory: 304128K Free: 194959K (64%)
----------------- Invoking toplevel() on ptolemy.moml.MoMLSimpleApplication@7e331818
----------------- Done invoking toplevel() on ptolemy.moml.MoMLSimpleApplication@7e331818
reloadAllAccessors: .ArrayPeakSearch2

===========================================================================================
----------------- testing Thu Jan 02 06:40:09 UTC 2020 /home/travis/build/icyphy/ptII/ptolemy/actor/lib/test/auto/ArrayPeakSearch3.xml
----------------- Instantiating /home/travis/build/icyphy/ptII/ptolemy/actor/lib/test/auto/ArrayPeakSearch3.xml
3 ms. Memory: 304128K Free: 185743K (61%)
----------------- Invoking toplevel() on ptolemy.moml.MoMLSimpleApplication@11d4244e
----------------- Done invoking toplevel() on ptolemy.moml.MoMLSimpleApplication@11d4244e
reloadAllAccessors: .ArrayPeakSearch3

===========================================================================================
----------------- testing Thu Jan 02 06:40:09 UTC 2020 /home/travis/build/icyphy/ptII/ptolemy/actor/lib/test/auto/ArrayRemoveElement.xml
----------------- Instantiating /home/travis/build/icyphy/ptII/ptolemy/actor/lib/test/auto/ArrayRemoveElement.xml
3 ms. Memory: 304128K Free: 178061K (59%)
----------------- Invoking toplevel() on ptolemy.moml.MoMLSimpleApplication@6e10335c
----------------- Done invoking toplevel() on ptolemy.moml.MoMLSimpleApplication@6e10335c
reloadAllAccessors: .ArrayRemoveElement

===========================================================================================
----------------- testing Thu Jan 02 06:40:09 UTC 2020 /home/travis/build/icyphy/ptII/ptolemy/actor/lib/test/auto/ArraySort.xml
----------------- Instantiating /home/travis/build/icyphy/ptII/ptolemy/actor/lib/test/auto/ArraySort.xml
5 ms. Memory: 304128K Free: 168845K (56%)
----------------- Invoking toplevel() on ptolemy.moml.MoMLSimpleApplication@3667f08f
----------------- Done invoking toplevel() on ptolemy.moml.MoMLSimpleApplication@3667f08f
reloadAllAccessors: .ArraySort

===========================================================================================
----------------- testing Thu Jan 02 06:40:09 UTC 2020 /home/travis/build/icyphy/ptII/ptolemy/actor/lib/test/auto/ArraySum.xml
----------------- Instantiating /home/travis/build/icyphy/ptII/ptolemy/actor/lib/test/auto/ArraySum.xml
4 ms. Memory: 304128K Free: 163725K (54%)
----------------- Invoking toplevel() on ptolemy.moml.MoMLSimpleApplication@36e6bbfd
----------------- Done invoking toplevel() on ptolemy.moml.MoMLSimpleApplication@36e6bbfd
reloadAllAccessors: .ArraySum

===========================================================================================
----------------- testing Thu Jan 02 06:40:09 UTC 2020 /home/travis/build/icyphy/ptII/ptolemy/actor/lib/test/auto/ArrayToElements.xml
----------------- Instantiating /home/travis/build/icyphy/ptII/ptolemy/actor/lib/test/auto/ArrayToElements.xml
6 ms. Memory: 304128K Free: 158095K (52%)
----------------- Invoking toplevel() on ptolemy.moml.MoMLSimpleApplication@436e67af
----------------- Done invoking toplevel() on ptolemy.moml.MoMLSimpleApplication@436e67af
reloadAllAccessors: .ArrayToElements

===========================================================================================
----------------- testing Thu Jan 02 06:40:09 UTC 2020 /home/travis/build/icyphy/ptII/ptolemy/actor/lib/test/auto/ArrayToMatrix.xml
----------------- Instantiating /home/travis/build/icyphy/ptII/ptolemy/actor/lib/test/auto/ArrayToMatrix.xml
8 ms. Memory: 304128K Free: 144269K (47%)
----------------- Invoking toplevel() on ptolemy.moml.MoMLSimpleApplication@56265eba
----------------- Done invoking toplevel() on ptolemy.moml.MoMLSimpleApplication@56265eba
reloadAllAccessors: .ArrayToMatrix

===========================================================================================
----------------- testing Thu Jan 02 06:40:09 UTC 2020 /home/travis/build/icyphy/ptII/ptolemy/actor/lib/test/auto/ArrayUpdate1.xml
----------------- Instantiating /home/travis/build/icyphy/ptII/ptolemy/actor/lib/test/auto/ArrayUpdate1.xml
3 ms. Memory: 304128K Free: 139149K (46%)
----------------- Invoking toplevel() on ptolemy.moml.MoMLSimpleApplication@367fdd23
----------------- Done invoking toplevel() on ptolemy.moml.MoMLSimpleApplication@367fdd23
reloadAllAccessors: .ArrayUpdate1

===========================================================================================
----------------- testing Thu Jan 02 06:40:09 UTC 2020 /home/travis/build/icyphy/ptII/ptolemy/actor/lib/test/auto/ArrayUpdate2.xml
----------------- Instantiating /home/travis/build/icyphy/ptII/ptolemy/actor/lib/test/auto/ArrayUpdate2.xml
6 ms. Memory: 304128K Free: 133005K (44%)
----------------- Invoking toplevel() on ptolemy.moml.MoMLSimpleApplication@7520c048
----------------- Done invoking toplevel() on ptolemy.moml.MoMLSimpleApplication@7520c048
reloadAllAccessors: .ArrayUpdate2

===========================================================================================
----------------- testing Thu Jan 02 06:40:09 UTC 2020 /home/travis/build/icyphy/ptII/ptolemy/actor/lib/test/auto/ArrayUpdate3.xml
----------------- Instantiating /home/travis/build/icyphy/ptII/ptolemy/actor/lib/test/auto/ArrayUpdate3.xml
4 ms. Memory: 304128K Free: 127885K (42%)
----------------- Invoking toplevel() on ptolemy.moml.MoMLSimpleApplication@47364f24
----------------- Done invoking toplevel() on ptolemy.moml.MoMLSimpleApplication@47364f24
reloadAllAccessors: .ArrayUpdate3

===========================================================================================
----------------- testing Thu Jan 02 06:40:09 UTC 2020 /home/travis/build/icyphy/ptII/ptolemy/actor/lib/test/auto/Assert1.xml
----------------- Instantiating /home/travis/build/icyphy/ptII/ptolemy/actor/lib/test/auto/Assert1.xml
4 ms. Memory: 304128K Free: 123789K (41%)
----------------- Invoking toplevel() on ptolemy.moml.MoMLSimpleApplication@485805c9
----------------- Done invoking toplevel() on ptolemy.moml.MoMLSimpleApplication@485805c9
reloadAllAccessors: .Assert1

===========================================================================================
----------------- testing Thu Jan 02 06:40:09 UTC 2020 /home/travis/build/icyphy/ptII/ptolemy/actor/lib/test/auto/Assert2.xml
----------------- Instantiating /home/travis/build/icyphy/ptII/ptolemy/actor/lib/test/auto/Assert2.xml
2 ms. Memory: 304128K Free: 118669K (39%)
----------------- Invoking toplevel() on ptolemy.moml.MoMLSimpleApplication@366e391
----------------- Done invoking toplevel() on ptolemy.moml.MoMLSimpleApplication@366e391
reloadAllAccessors: .Assert2

===========================================================================================
----------------- testing Thu Jan 02 06:40:09 UTC 2020 /home/travis/build/icyphy/ptII/ptolemy/actor/lib/test/auto/BooleanMultiplexor.xml
----------------- Instantiating /home/travis/build/icyphy/ptII/ptolemy/actor/lib/test/auto/BooleanMultiplexor.xml
2 ms. Memory: 304128K Free: 113518K (37%)
----------------- Invoking toplevel() on ptolemy.moml.MoMLSimpleApplication@7759bdf7
----------------- Done invoking toplevel() on ptolemy.moml.MoMLSimpleApplication@7759bdf7
reloadAllAccessors: .BooleanMultiplexor

===========================================================================================
----------------- testing Thu Jan 02 06:40:09 UTC 2020 /home/travis/build/icyphy/ptII/ptolemy/actor/lib/test/auto/BooleanMultiplexor2.xml
----------------- Instantiating /home/travis/build/icyphy/ptII/ptolemy/actor/lib/test/auto/BooleanMultiplexor2.xml
12 ms. Memory: 304128K Free: 106895K (35%)
----------------- Invoking toplevel() on ptolemy.moml.MoMLSimpleApplication@1f79ed90
----------------- Done invoking toplevel() on ptolemy.moml.MoMLSimpleApplication@1f79ed90
reloadAllAccessors: .BooleanMultiplexor2

===========================================================================================
----------------- testing Thu Jan 02 06:40:09 UTC 2020 /home/travis/build/icyphy/ptII/ptolemy/actor/lib/test/auto/BooleanMultiplexor3.xml
----------------- Instantiating /home/travis/build/icyphy/ptII/ptolemy/actor/lib/test/auto/BooleanMultiplexor3.xml
3 ms. Memory: 304128K Free: 103309K (34%)
----------------- Invoking toplevel() on ptolemy.moml.MoMLSimpleApplication@fbe6ef7
----------------- Done invoking toplevel() on ptolemy.moml.MoMLSimpleApplication@fbe6ef7
reloadAllAccessors: .BooleanMultiplexor3

===========================================================================================
----------------- testing Thu Jan 02 06:40:09 UTC 2020 /home/travis/build/icyphy/ptII/ptolemy/actor/lib/test/auto/BooleanSelect.xml
----------------- Instantiating /home/travis/build/icyphy/ptII/ptolemy/actor/lib/test/auto/BooleanSelect.xml
9 ms. Memory: 304128K Free: 97134K (32%)
----------------- Invoking toplevel() on ptolemy.moml.MoMLSimpleApplication@1c4ad65e
----------------- Done invoking toplevel() on ptolemy.moml.MoMLSimpleApplication@1c4ad65e
reloadAllAccessors: .BooleanSelect

===========================================================================================
----------------- testing Thu Jan 02 06:40:09 UTC 2020 /home/travis/build/icyphy/ptII/ptolemy/actor/lib/test/auto/BooleanSelect2.xml
----------------- Instantiating /home/travis/build/icyphy/ptII/ptolemy/actor/lib/test/auto/BooleanSelect2.xml
1 ms. Memory: 304128K Free: 93069K (31%)
----------------- Invoking toplevel() on ptolemy.moml.MoMLSimpleApplication@7a31df81
----------------- Done invoking toplevel() on ptolemy.moml.MoMLSimpleApplication@7a31df81
reloadAllAccessors: .BooleanSelect2

===========================================================================================
----------------- testing Thu Jan 02 06:40:09 UTC 2020 /home/travis/build/icyphy/ptII/ptolemy/actor/lib/test/auto/BooleanSwitch.xml
----------------- Instantiating /home/travis/build/icyphy/ptII/ptolemy/actor/lib/test/auto/BooleanSwitch.xml
2 ms. Memory: 304128K Free: 86925K (29%)
----------------- Invoking toplevel() on ptolemy.moml.MoMLSimpleApplication@56e01dd3
----------------- Done invoking toplevel() on ptolemy.moml.MoMLSimpleApplication@56e01dd3
reloadAllAccessors: .BooleanSwitch

===========================================================================================
----------------- testing Thu Jan 02 06:40:09 UTC 2020 /home/travis/build/icyphy/ptII/ptolemy/actor/lib/test/auto/BooleanSwitch2.xml
----------------- Instantiating /home/travis/build/icyphy/ptII/ptolemy/actor/lib/test/auto/BooleanSwitch2.xml
2 ms. Memory: 304128K Free: 82829K (27%)
----------------- Invoking toplevel() on ptolemy.moml.MoMLSimpleApplication@42dc64db
----------------- Done invoking toplevel() on ptolemy.moml.MoMLSimpleApplication@42dc64db
reloadAllAccessors: .BooleanSwitch2

===========================================================================================
----------------- testing Thu Jan 02 06:40:09 UTC 2020 /home/travis/build/icyphy/ptII/ptolemy/actor/lib/test/auto/BooleanSwitchCloningBugWithClassRelationGroup.xml
----------------- Instantiating /home/travis/build/icyphy/ptII/ptolemy/actor/lib/test/auto/BooleanSwitchCloningBugWithClassRelationGroup.xml
2 ms. Memory: 304128K Free: 76175K (25%)
----------------- Invoking toplevel() on ptolemy.moml.MoMLSimpleApplication@403f2631
----------------- Done invoking toplevel() on ptolemy.moml.MoMLSimpleApplication@403f2631
reloadAllAccessors: .BooleanSwitchCloningBugWithClassRelationGroup

===========================================================================================
----------------- testing Thu Jan 02 06:40:09 UTC 2020 /home/travis/build/icyphy/ptII/ptolemy/actor/lib/test/auto/BusActors.xml
----------------- Instantiating /home/travis/build/icyphy/ptII/ptolemy/actor/lib/test/auto/BusActors.xml
7 ms. Memory: 304128K Free: 249834K (82%)
----------------- Invoking toplevel() on ptolemy.moml.MoMLSimpleApplication@3e3b552d
----------------- Done invoking toplevel() on ptolemy.moml.MoMLSimpleApplication@3e3b552d
reloadAllAccessors: .BusActors

===========================================================================================
----------------- testing Thu Jan 02 06:40:09 UTC 2020 /home/travis/build/icyphy/ptII/ptolemy/actor/lib/test/auto/ClassWrapper.xml
----------------- Instantiating /home/travis/build/icyphy/ptII/ptolemy/actor/lib/test/auto/ClassWrapper.xml
3 ms. Memory: 304128K Free: 245228K (81%)
----------------- Invoking toplevel() on ptolemy.moml.MoMLSimpleApplication@1dcce75a
----------------- Done invoking toplevel() on ptolemy.moml.MoMLSimpleApplication@1dcce75a
reloadAllAccessors: .ClassWrapper

===========================================================================================
----------------- testing Thu Jan 02 06:40:09 UTC 2020 /home/travis/build/icyphy/ptII/ptolemy/actor/lib/test/auto/Clock.xml
----------------- Instantiating /home/travis/build/icyphy/ptII/ptolemy/actor/lib/test/auto/Clock.xml
2 ms. Memory: 304128K Free: 241642K (79%)
----------------- Invoking toplevel() on ptolemy.moml.MoMLSimpleApplication@71a2fdcf
----------------- Done invoking toplevel() on ptolemy.moml.MoMLSimpleApplication@71a2fdcf
reloadAllAccessors: .Clock

===========================================================================================
----------------- testing Thu Jan 02 06:40:09 UTC 2020 /home/travis/build/icyphy/ptII/ptolemy/actor/lib/test/auto/Clock10.xml
----------------- Instantiating /home/travis/build/icyphy/ptII/ptolemy/actor/lib/test/auto/Clock10.xml
2 ms. Memory: 304128K Free: 235498K (77%)
----------------- Invoking toplevel() on ptolemy.moml.MoMLSimpleApplication@97127f2
----------------- Done invoking toplevel() on ptolemy.moml.MoMLSimpleApplication@97127f2
reloadAllAccessors: .Clock10

===========================================================================================
----------------- testing Thu Jan 02 06:40:10 UTC 2020 /home/travis/build/icyphy/ptII/ptolemy/actor/lib/test/auto/Clock11.xml
----------------- Instantiating /home/travis/build/icyphy/ptII/ptolemy/actor/lib/test/auto/Clock11.xml
4 ms. Memory: 304128K Free: 229868K (76%)
----------------- Invoking toplevel() on ptolemy.moml.MoMLSimpleApplication@34450179
----------------- Done invoking toplevel() on ptolemy.moml.MoMLSimpleApplication@34450179
reloadAllAccessors: .Clock11

===========================================================================================
----------------- testing Thu Jan 02 06:40:10 UTC 2020 /home/travis/build/icyphy/ptII/ptolemy/actor/lib/test/auto/Clock12.xml
----------------- Instantiating /home/travis/build/icyphy/ptII/ptolemy/actor/lib/test/auto/Clock12.xml
6 ms. Memory: 304128K Free: 223724K (74%)
----------------- Invoking toplevel() on ptolemy.moml.MoMLSimpleApplication@707bbfb5
----------------- Done invoking toplevel() on ptolemy.moml.MoMLSimpleApplication@707bbfb5
reloadAllAccessors: .Clock12

===========================================================================================
----------------- testing Thu Jan 02 06:40:10 UTC 2020 /home/travis/build/icyphy/ptII/ptolemy/actor/lib/test/auto/Clock13.xml
----------------- Instantiating /home/travis/build/icyphy/ptII/ptolemy/actor/lib/test/auto/Clock13.xml
5 ms. Memory: 304128K Free: 217580K (72%)
----------------- Invoking toplevel() on ptolemy.moml.MoMLSimpleApplication@11ed478f
----------------- Done invoking toplevel() on ptolemy.moml.MoMLSimpleApplication@11ed478f
reloadAllAccessors: .Clock13

===========================================================================================
----------------- testing Thu Jan 02 06:40:10 UTC 2020 /home/travis/build/icyphy/ptII/ptolemy/actor/lib/test/auto/Clock14.xml
----------------- Instantiating /home/travis/build/icyphy/ptII/ptolemy/actor/lib/test/auto/Clock14.xml
4 ms. Memory: 304128K Free: 211932K (70%)
----------------- Invoking toplevel() on ptolemy.moml.MoMLSimpleApplication@36cf3343
----------------- Done invoking toplevel() on ptolemy.moml.MoMLSimpleApplication@36cf3343
reloadAllAccessors: .Clock14

===========================================================================================
----------------- testing Thu Jan 02 06:40:10 UTC 2020 /home/travis/build/icyphy/ptII/ptolemy/actor/lib/test/auto/Clock15.xml
----------------- Instantiating /home/travis/build/icyphy/ptII/ptolemy/actor/lib/test/auto/Clock15.xml
4 ms. Memory: 304128K Free: 205796K (68%)
----------------- Invoking toplevel() on ptolemy.moml.MoMLSimpleApplication@6c24729
----------------- Done invoking toplevel() on ptolemy.moml.MoMLSimpleApplication@6c24729
reloadAllAccessors: .Clock15

===========================================================================================
----------------- testing Thu Jan 02 06:40:10 UTC 2020 /home/travis/build/icyphy/ptII/ptolemy/actor/lib/test/auto/Clock16.xml
----------------- Instantiating /home/travis/build/icyphy/ptII/ptolemy/actor/lib/test/auto/Clock16.xml
35 ms. Memory: 304128K Free: 191460K (63%)
----------------- Invoking toplevel() on ptolemy.moml.MoMLSimpleApplication@36b7c6a8
----------------- Done invoking toplevel() on ptolemy.moml.MoMLSimpleApplication@36b7c6a8
reloadAllAccessors: .Clock16

===========================================================================================
----------------- testing Thu Jan 02 06:40:10 UTC 2020 /home/travis/build/icyphy/ptII/ptolemy/actor/lib/test/auto/Clock17.xml
----------------- Instantiating /home/travis/build/icyphy/ptII/ptolemy/actor/lib/test/auto/Clock17.xml
25 ms. Memory: 304128K Free: 177116K (58%)
----------------- Invoking toplevel() on ptolemy.moml.MoMLSimpleApplication@6176da24
----------------- Done invoking toplevel() on ptolemy.moml.MoMLSimpleApplication@6176da24
reloadAllAccessors: .Clock17

===========================================================================================
----------------- testing Thu Jan 02 06:40:10 UTC 2020 /home/travis/build/icyphy/ptII/ptolemy/actor/lib/test/auto/Clock18.xml
----------------- Instantiating /home/travis/build/icyphy/ptII/ptolemy/actor/lib/test/auto/Clock18.xml
21 ms. Memory: 304128K Free: 163804K (54%)
----------------- Invoking toplevel() on ptolemy.moml.MoMLSimpleApplication@113c24
----------------- Done invoking toplevel() on ptolemy.moml.MoMLSimpleApplication@113c24
reloadAllAccessors: .Clock18

===========================================================================================
----------------- testing Thu Jan 02 06:40:10 UTC 2020 /home/travis/build/icyphy/ptII/ptolemy/actor/lib/test/auto/Clock19.xml
----------------- Instantiating /home/travis/build/icyphy/ptII/ptolemy/actor/lib/test/auto/Clock19.xml
13 ms. Memory: 304128K Free: 150492K (49%)
----------------- Invoking toplevel() on ptolemy.moml.MoMLSimpleApplication@c3122dc
----------------- Done invoking toplevel() on ptolemy.moml.MoMLSimpleApplication@c3122dc
reloadAllAccessors: .Clock19

===========================================================================================
----------------- testing Thu Jan 02 06:40:10 UTC 2020 /home/travis/build/icyphy/ptII/ptolemy/actor/lib/test/auto/Clock2.xml
----------------- Instantiating /home/travis/build/icyphy/ptII/ptolemy/actor/lib/test/auto/Clock2.xml
6 ms. Memory: 304128K Free: 145380K (48%)
----------------- Invoking toplevel() on ptolemy.moml.MoMLSimpleApplication@15abe6b6
----------------- Done invoking toplevel() on ptolemy.moml.MoMLSimpleApplication@15abe6b6
reloadAllAccessors: .Clock2

===========================================================================================
----------------- testing Thu Jan 02 06:40:10 UTC 2020 /home/travis/build/icyphy/ptII/ptolemy/actor/lib/test/auto/Clock20.xml
----------------- Instantiating /home/travis/build/icyphy/ptII/ptolemy/actor/lib/test/auto/Clock20.xml
8 ms. Memory: 304128K Free: 140263K (46%)
----------------- Invoking toplevel() on ptolemy.moml.MoMLSimpleApplication@68327270
----------------- Done invoking toplevel() on ptolemy.moml.MoMLSimpleApplication@68327270
reloadAllAccessors: .Clock20

===========================================================================================
----------------- testing Thu Jan 02 06:40:10 UTC 2020 /home/travis/build/icyphy/ptII/ptolemy/actor/lib/test/auto/Clock21.xml
----------------- Instantiating /home/travis/build/icyphy/ptII/ptolemy/actor/lib/test/auto/Clock21.xml
4 ms. Memory: 304128K Free: 134636K (44%)
----------------- Invoking toplevel() on ptolemy.moml.MoMLSimpleApplication@52b4d4a3
----------------- Done invoking toplevel() on ptolemy.moml.MoMLSimpleApplication@52b4d4a3
reloadAllAccessors: .Clock21

===========================================================================================
----------------- testing Thu Jan 02 06:40:10 UTC 2020 /home/travis/build/icyphy/ptII/ptolemy/actor/lib/test/auto/Clock22.xml
----------------- Instantiating /home/travis/build/icyphy/ptII/ptolemy/actor/lib/test/auto/Clock22.xml
5 ms. Memory: 304128K Free: 129516K (43%)
----------------- Invoking toplevel() on ptolemy.moml.MoMLSimpleApplication@21e26fae
----------------- Done invoking toplevel() on ptolemy.moml.MoMLSimpleApplication@21e26fae
reloadAllAccessors: .Clock22

===========================================================================================
----------------- testing Thu Jan 02 06:40:10 UTC 2020 /home/travis/build/icyphy/ptII/ptolemy/actor/lib/test/auto/Clock23.xml
----------------- Instantiating /home/travis/build/icyphy/ptII/ptolemy/actor/lib/test/auto/Clock23.xml
5 ms. Memory: 304128K Free: 123882K (41%)
----------------- Invoking toplevel() on ptolemy.moml.MoMLSimpleApplication@480fa8e
----------------- Done invoking toplevel() on ptolemy.moml.MoMLSimpleApplication@480fa8e
reloadAllAccessors: .Clock23

===========================================================================================
----------------- testing Thu Jan 02 06:40:10 UTC 2020 /home/travis/build/icyphy/ptII/ptolemy/actor/lib/test/auto/Clock24.xml
----------------- Instantiating /home/travis/build/icyphy/ptII/ptolemy/actor/lib/test/auto/Clock24.xml
6 ms. Memory: 304128K Free: 118762K (39%)
----------------- Invoking toplevel() on ptolemy.moml.MoMLSimpleApplication@27cd3781
----------------- Done invoking toplevel() on ptolemy.moml.MoMLSimpleApplication@27cd3781
reloadAllAccessors: .Clock24

===========================================================================================
----------------- testing Thu Jan 02 06:40:10 UTC 2020 /home/travis/build/icyphy/ptII/ptolemy/actor/lib/test/auto/Clock4.xml
----------------- Instantiating /home/travis/build/icyphy/ptII/ptolemy/actor/lib/test/auto/Clock4.xml
1 ms. Memory: 304128K Free: 113636K (37%)
----------------- Invoking toplevel() on ptolemy.moml.MoMLSimpleApplication@5a0a517d
----------------- Done invoking toplevel() on ptolemy.moml.MoMLSimpleApplication@5a0a517d
reloadAllAccessors: .Clock4

===========================================================================================
----------------- testing Thu Jan 02 06:40:10 UTC 2020 /home/travis/build/icyphy/ptII/ptolemy/actor/lib/test/auto/Clock5.xml
----------------- Instantiating /home/travis/build/icyphy/ptII/ptolemy/actor/lib/test/auto/Clock5.xml
1 ms. Memory: 304128K Free: 108012K (36%)
----------------- Invoking toplevel() on ptolemy.moml.MoMLSimpleApplication@2d3a9569
----------------- Done invoking toplevel() on ptolemy.moml.MoMLSimpleApplication@2d3a9569
reloadAllAccessors: .Clock5

===========================================================================================
----------------- testing Thu Jan 02 06:40:10 UTC 2020 /home/travis/build/icyphy/ptII/ptolemy/actor/lib/test/auto/Clock6.xml
----------------- Instantiating /home/travis/build/icyphy/ptII/ptolemy/actor/lib/test/auto/Clock6.xml
1 ms. Memory: 304128K Free: 103916K (34%)
----------------- Invoking toplevel() on ptolemy.moml.MoMLSimpleApplication@6ddb040d
----------------- Done invoking toplevel() on ptolemy.moml.MoMLSimpleApplication@6ddb040d
reloadAllAccessors: .Clock6

===========================================================================================
----------------- testing Thu Jan 02 06:40:10 UTC 2020 /home/travis/build/icyphy/ptII/ptolemy/actor/lib/test/auto/Clock7.xml
----------------- Instantiating /home/travis/build/icyphy/ptII/ptolemy/actor/lib/test/auto/Clock7.xml
1 ms. Memory: 304128K Free: 99306K (33%)
----------------- Invoking toplevel() on ptolemy.moml.MoMLSimpleApplication@450e09e6
----------------- Done invoking toplevel() on ptolemy.moml.MoMLSimpleApplication@450e09e6
reloadAllAccessors: .Clock7

===========================================================================================
----------------- testing Thu Jan 02 06:40:10 UTC 2020 /home/travis/build/icyphy/ptII/ptolemy/actor/lib/test/auto/Clock8.xml
----------------- Instantiating /home/travis/build/icyphy/ptII/ptolemy/actor/lib/test/auto/Clock8.xml
5 ms. Memory: 304128K Free: 94172K (31%)
----------------- Invoking toplevel() on ptolemy.moml.MoMLSimpleApplication@4121d872
----------------- Done invoking toplevel() on ptolemy.moml.MoMLSimpleApplication@4121d872
reloadAllAccessors: .Clock8

===========================================================================================
----------------- testing Thu Jan 02 06:40:10 UTC 2020 /home/travis/build/icyphy/ptII/ptolemy/actor/lib/test/auto/Clock9.xml
----------------- Instantiating /home/travis/build/icyphy/ptII/ptolemy/actor/lib/test/auto/Clock9.xml
5 ms. Memory: 304128K Free: 88556K (29%)
----------------- Invoking toplevel() on ptolemy.moml.MoMLSimpleApplication@1c0921a5
----------------- Done invoking toplevel() on ptolemy.moml.MoMLSimpleApplication@1c0921a5
reloadAllAccessors: .Clock9

===========================================================================================
----------------- testing Thu Jan 02 06:40:10 UTC 2020 /home/travis/build/icyphy/ptII/ptolemy/actor/lib/test/auto/CommDistDiscard.xml
----------------- Instantiating /home/travis/build/icyphy/ptII/ptolemy/actor/lib/test/auto/CommDistDiscard.xml
5 ms. Memory: 304128K Free: 82922K (27%)
----------------- Invoking toplevel() on ptolemy.moml.MoMLSimpleApplication@112879f3
----------------- Done invoking toplevel() on ptolemy.moml.MoMLSimpleApplication@112879f3
reloadAllAccessors: .CommDistDiscard

===========================================================================================
----------------- testing Thu Jan 02 06:40:10 UTC 2020 /home/travis/build/icyphy/ptII/ptolemy/actor/lib/test/auto/Commutator.xml
----------------- Instantiating /home/travis/build/icyphy/ptII/ptolemy/actor/lib/test/auto/Commutator.xml
1 ms. Memory: 304128K Free: 78826K (26%)
----------------- Invoking toplevel() on ptolemy.moml.MoMLSimpleApplication@35988a54
----------------- Done invoking toplevel() on ptolemy.moml.MoMLSimpleApplication@35988a54
reloadAllAccessors: .Commutator

===========================================================================================
----------------- testing Thu Jan 02 06:40:10 UTC 2020 /home/travis/build/icyphy/ptII/ptolemy/actor/lib/test/auto/Commutator2.xml
----------------- Instantiating /home/travis/build/icyphy/ptII/ptolemy/actor/lib/test/auto/Commutator2.xml
1 ms. Memory: 304128K Free: 255037K (84%)
----------------- Invoking toplevel() on ptolemy.moml.MoMLSimpleApplication@a0159d5
----------------- Done invoking toplevel() on ptolemy.moml.MoMLSimpleApplication@a0159d5
reloadAllAccessors: .Commutator2

===========================================================================================
----------------- testing Thu Jan 02 06:40:10 UTC 2020 /home/travis/build/icyphy/ptII/ptolemy/actor/lib/test/auto/Commutator3.xml
----------------- Instantiating /home/travis/build/icyphy/ptII/ptolemy/actor/lib/test/auto/Commutator3.xml
2 ms. Memory: 304128K Free: 249919K (82%)
----------------- Invoking toplevel() on ptolemy.moml.MoMLSimpleApplication@70430d63
----------------- Done invoking toplevel() on ptolemy.moml.MoMLSimpleApplication@70430d63
reloadAllAccessors: .Commutator3

===========================================================================================
----------------- testing Thu Jan 02 06:40:10 UTC 2020 /home/travis/build/icyphy/ptII/ptolemy/actor/lib/test/auto/Compare.xml
----------------- Instantiating /home/travis/build/icyphy/ptII/ptolemy/actor/lib/test/auto/Compare.xml
2 ms. Memory: 304128K Free: 243261K (80%)
----------------- Invoking toplevel() on ptolemy.moml.MoMLSimpleApplication@5beb609a
----------------- Done invoking toplevel() on ptolemy.moml.MoMLSimpleApplication@5beb609a
reloadAllAccessors: .Compare

===========================================================================================
----------------- testing Thu Jan 02 06:40:10 UTC 2020 /home/travis/build/icyphy/ptII/ptolemy/actor/lib/test/auto/CompareDE.xml
----------------- Instantiating /home/travis/build/icyphy/ptII/ptolemy/actor/lib/test/auto/CompareDE.xml
4 ms. Memory: 304128K Free: 236607K (78%)
----------------- Invoking toplevel() on ptolemy.moml.MoMLSimpleApplication@373f5ab8
----------------- Done invoking toplevel() on ptolemy.moml.MoMLSimpleApplication@373f5ab8
reloadAllAccessors: .CompareDE

===========================================================================================
----------------- testing Thu Jan 02 06:40:10 UTC 2020 /home/travis/build/icyphy/ptII/ptolemy/actor/lib/test/auto/ComplexDivide.xml
----------------- Instantiating /home/travis/build/icyphy/ptII/ptolemy/actor/lib/test/auto/ComplexDivide.xml
1 ms. Memory: 304128K Free: 232511K (76%)
----------------- Invoking toplevel() on ptolemy.moml.MoMLSimpleApplication@596823d6
----------------- Done invoking toplevel() on ptolemy.moml.MoMLSimpleApplication@596823d6
reloadAllAccessors: .ComplexDivide

===========================================================================================
----------------- testing Thu Jan 02 06:40:10 UTC 2020 /home/travis/build/icyphy/ptII/ptolemy/actor/lib/test/auto/ComputeHistogram.xml
----------------- Instantiating /home/travis/build/icyphy/ptII/ptolemy/actor/lib/test/auto/ComputeHistogram.xml
32 ms. Memory: 304128K Free: 219709K (72%)
----------------- Invoking toplevel() on ptolemy.moml.MoMLSimpleApplication@4f275c23
----------------- Done invoking toplevel() on ptolemy.moml.MoMLSimpleApplication@4f275c23
reloadAllAccessors: .ComputeHistogram

===========================================================================================
----------------- testing Thu Jan 02 06:40:10 UTC 2020 /home/travis/build/icyphy/ptII/ptolemy/actor/lib/test/auto/ConfigurationSelect.xml
----------------- Instantiating /home/travis/build/icyphy/ptII/ptolemy/actor/lib/test/auto/ConfigurationSelect.xml
8 ms. Memory: 304128K Free: 214582K (71%)
----------------- Invoking toplevel() on ptolemy.moml.MoMLSimpleApplication@43b85e0f
----------------- Done invoking toplevel() on ptolemy.moml.MoMLSimpleApplication@43b85e0f
reloadAllAccessors: .ConfigurationSelect

===========================================================================================
----------------- testing Thu Jan 02 06:40:10 UTC 2020 /home/travis/build/icyphy/ptII/ptolemy/actor/lib/test/auto/ConfigurationSelect2.xml
----------------- Instantiating /home/travis/build/icyphy/ptII/ptolemy/actor/lib/test/auto/ConfigurationSelect2.xml
2 ms. Memory: 304128K Free: 209983K (69%)
----------------- Invoking toplevel() on ptolemy.moml.MoMLSimpleApplication@5e9bed2c
----------------- Done invoking toplevel() on ptolemy.moml.MoMLSimpleApplication@5e9bed2c
reloadAllAccessors: .ConfigurationSelect2

===========================================================================================
----------------- testing Thu Jan 02 06:40:10 UTC 2020 /home/travis/build/icyphy/ptII/ptolemy/actor/lib/test/auto/ConfigurationSwitch.xml
----------------- Instantiating /home/travis/build/icyphy/ptII/ptolemy/actor/lib/test/auto/ConfigurationSwitch.xml
1 ms. Memory: 304128K Free: 204863K (67%)
----------------- Invoking toplevel() on ptolemy.moml.MoMLSimpleApplication@4ec58de
----------------- Done invoking toplevel() on ptolemy.moml.MoMLSimpleApplication@4ec58de
reloadAllAccessors: .ConfigurationSwitch

===========================================================================================
----------------- testing Thu Jan 02 06:40:10 UTC 2020 /home/travis/build/icyphy/ptII/ptolemy/actor/lib/test/auto/ConfigurationSwitch2.xml
----------------- Instantiating /home/travis/build/icyphy/ptII/ptolemy/actor/lib/test/auto/ConfigurationSwitch2.xml
2 ms. Memory: 304128K Free: 199229K (66%)
----------------- Invoking toplevel() on ptolemy.moml.MoMLSimpleApplication@6db77d7
----------------- Done invoking toplevel() on ptolemy.moml.MoMLSimpleApplication@6db77d7
reloadAllAccessors: .ConfigurationSwitch2

===========================================================================================
----------------- testing Thu Jan 02 06:40:10 UTC 2020 /home/travis/build/icyphy/ptII/ptolemy/actor/lib/test/auto/ConfigurationSwitchCloningBugWithClassRelationGroup.xml
----------------- Instantiating /home/travis/build/icyphy/ptII/ptolemy/actor/lib/test/auto/ConfigurationSwitchCloningBugWithClassRelationGroup.xml
1 ms. Memory: 304128K Free: 192575K (63%)
----------------- Invoking toplevel() on ptolemy.moml.MoMLSimpleApplication@50cf77fe
----------------- Done invoking toplevel() on ptolemy.moml.MoMLSimpleApplication@50cf77fe
reloadAllAccessors: .ConfigurationSwitchCloningBugWithClassRelationGroup

===========================================================================================
----------------- testing Thu Jan 02 06:40:10 UTC 2020 /home/travis/build/icyphy/ptII/ptolemy/actor/lib/test/auto/ConfigurationSwitchSelectSDF.xml
----------------- Instantiating /home/travis/build/icyphy/ptII/ptolemy/actor/lib/test/auto/ConfigurationSwitchSelectSDF.xml
2 ms. Memory: 304128K Free: 186941K (61%)
----------------- Invoking toplevel() on ptolemy.moml.MoMLSimpleApplication@7c55647a
----------------- Done invoking toplevel() on ptolemy.moml.MoMLSimpleApplication@7c55647a
reloadAllAccessors: .ConfigurationSwitchSelectSDF

===========================================================================================
----------------- testing Thu Jan 02 06:40:10 UTC 2020 /home/travis/build/icyphy/ptII/ptolemy/actor/lib/test/auto/ConfigurationSwitchSelectSDF2.xml
----------------- Instantiating /home/travis/build/icyphy/ptII/ptolemy/actor/lib/test/auto/ConfigurationSwitchSelectSDF2.xml
2 ms. Memory: 304128K Free: 180797K (59%)
----------------- Invoking toplevel() on ptolemy.moml.MoMLSimpleApplication@52a43b80
----------------- Done invoking toplevel() on ptolemy.moml.MoMLSimpleApplication@52a43b80
reloadAllAccessors: .ConfigurationSwitchSelectSDF2

===========================================================================================
----------------- testing Thu Jan 02 06:40:10 UTC 2020 /home/travis/build/icyphy/ptII/ptolemy/actor/lib/test/auto/Const.xml
----------------- Instantiating /home/travis/build/icyphy/ptII/ptolemy/actor/lib/test/auto/Const.xml
1 ms. Memory: 304128K Free: 177215K (58%)
----------------- Invoking toplevel() on ptolemy.moml.MoMLSimpleApplication@79e1ca75
----------------- Done invoking toplevel() on ptolemy.moml.MoMLSimpleApplication@79e1ca75
reloadAllAccessors: .Const

===========================================================================================
----------------- testing Thu Jan 02 06:40:10 UTC 2020 /home/travis/build/icyphy/ptII/ptolemy/actor/lib/test/auto/Const2.xml
----------------- Instantiating /home/travis/build/icyphy/ptII/ptolemy/actor/lib/test/auto/Const2.xml
1 ms. Memory: 304128K Free: 173629K (57%)
----------------- Invoking toplevel() on ptolemy.moml.MoMLSimpleApplication@52c60a79
----------------- Done invoking toplevel() on ptolemy.moml.MoMLSimpleApplication@52c60a79
reloadAllAccessors: .Const2

===========================================================================================
----------------- testing Thu Jan 02 06:40:10 UTC 2020 /home/travis/build/icyphy/ptII/ptolemy/actor/lib/test/auto/Const3.xml
----------------- Instantiating /home/travis/build/icyphy/ptII/ptolemy/actor/lib/test/auto/Const3.xml
0 ms. Memory: 304128K Free: 170557K (56%)
----------------- Invoking toplevel() on ptolemy.moml.MoMLSimpleApplication@739d6af7
----------------- Done invoking toplevel() on ptolemy.moml.MoMLSimpleApplication@739d6af7
reloadAllAccessors: .Const3

===========================================================================================
----------------- testing Thu Jan 02 06:40:10 UTC 2020 /home/travis/build/icyphy/ptII/ptolemy/actor/lib/test/auto/ConstantPublisherPort1.xml
----------------- Instantiating /home/travis/build/icyphy/ptII/ptolemy/actor/lib/test/auto/ConstantPublisherPort1.xml
7 ms. Memory: 304128K Free: 161855K (53%)
----------------- Invoking toplevel() on ptolemy.moml.MoMLSimpleApplication@7c59f5a8
----------------- Done invoking toplevel() on ptolemy.moml.MoMLSimpleApplication@7c59f5a8
reloadAllAccessors: .ConstantPublisherPort1

===========================================================================================
----------------- testing Thu Jan 02 06:40:11 UTC 2020 /home/travis/build/icyphy/ptII/ptolemy/actor/lib/test/auto/ConstantPublisherPort2.xml
----------------- Instantiating /home/travis/build/icyphy/ptII/ptolemy/actor/lib/test/auto/ConstantPublisherPort2.xml
9 ms. Memory: 304128K Free: 154687K (51%)
----------------- Invoking toplevel() on ptolemy.moml.MoMLSimpleApplication@5fb2c3de
----------------- Done invoking toplevel() on ptolemy.moml.MoMLSimpleApplication@5fb2c3de
reloadAllAccessors: .ConstantPublisherPort2

===========================================================================================
----------------- testing Thu Jan 02 06:40:11 UTC 2020 /home/travis/build/icyphy/ptII/ptolemy/actor/lib/test/auto/ConstantPublisherPort3.xml
----------------- Instantiating /home/travis/build/icyphy/ptII/ptolemy/actor/lib/test/auto/ConstantPublisherPort3.xml
5 ms. Memory: 304128K Free: 147005K (48%)
----------------- Invoking toplevel() on ptolemy.moml.MoMLSimpleApplication@58e92e2d
----------------- Done invoking toplevel() on ptolemy.moml.MoMLSimpleApplication@58e92e2d
reloadAllAccessors: .ConstantPublisherPort3

===========================================================================================
----------------- testing Thu Jan 02 06:40:11 UTC 2020 /home/travis/build/icyphy/ptII/ptolemy/actor/lib/test/auto/ConstantPublisherPort4.xml
----------------- Instantiating /home/travis/build/icyphy/ptII/ptolemy/actor/lib/test/auto/ConstantPublisherPort4.xml
2 ms. Memory: 304128K Free: 140351K (46%)
----------------- Invoking toplevel() on ptolemy.moml.MoMLSimpleApplication@2e2d8224
----------------- Done invoking toplevel() on ptolemy.moml.MoMLSimpleApplication@2e2d8224
reloadAllAccessors: .ConstantPublisherPort4

===========================================================================================
----------------- testing Thu Jan 02 06:40:11 UTC 2020 /home/travis/build/icyphy/ptII/ptolemy/actor/lib/test/auto/ConstantPublisherPort5.xml
----------------- Instantiating /home/travis/build/icyphy/ptII/ptolemy/actor/lib/test/auto/ConstantPublisherPort5.xml
24 ms. Memory: 304128K Free: 130621K (43%)
----------------- Invoking toplevel() on ptolemy.moml.MoMLSimpleApplication@20ced0bb
----------------- Done invoking toplevel() on ptolemy.moml.MoMLSimpleApplication@20ced0bb
reloadAllAccessors: .ConstantPublisherPort5

===========================================================================================
----------------- testing Thu Jan 02 06:40:11 UTC 2020 /home/travis/build/icyphy/ptII/ptolemy/actor/lib/test/auto/ConstantPublisherPort6.xml
----------------- Instantiating /home/travis/build/icyphy/ptII/ptolemy/actor/lib/test/auto/ConstantPublisherPort6.xml
15 ms. Memory: 304128K Free: 121405K (40%)
----------------- Invoking toplevel() on ptolemy.moml.MoMLSimpleApplication@323105df
----------------- Done invoking toplevel() on ptolemy.moml.MoMLSimpleApplication@323105df
reloadAllAccessors: .ConstantPublisherPort6

===========================================================================================
----------------- testing Thu Jan 02 06:40:11 UTC 2020 /home/travis/build/icyphy/ptII/ptolemy/actor/lib/test/auto/ConstantPublisherPort7.xml
----------------- Instantiating /home/travis/build/icyphy/ptII/ptolemy/actor/lib/test/auto/ConstantPublisherPort7.xml
13 ms. Memory: 304128K Free: 112703K (37%)
----------------- Invoking toplevel() on ptolemy.moml.MoMLSimpleApplication@1171f683
----------------- Done invoking toplevel() on ptolemy.moml.MoMLSimpleApplication@1171f683
reloadAllAccessors: .ConstantPublisherPort7

===========================================================================================
----------------- testing Thu Jan 02 06:40:11 UTC 2020 /home/travis/build/icyphy/ptII/ptolemy/actor/lib/test/auto/ConstraintMonitor1.xml
----------------- Instantiating /home/travis/build/icyphy/ptII/ptolemy/actor/lib/test/auto/ConstraintMonitor1.xml
2 ms. Memory: 304128K Free: 107583K (35%)
----------------- Invoking toplevel() on ptolemy.moml.MoMLSimpleApplication@8a52c9f
----------------- Done invoking toplevel() on ptolemy.moml.MoMLSimpleApplication@8a52c9f
reloadAllAccessors: .ConstraintMonitor1

===========================================================================================
----------------- testing Thu Jan 02 06:40:11 UTC 2020 /home/travis/build/icyphy/ptII/ptolemy/actor/lib/test/auto/ConstraintMonitor2.xml
----------------- Instantiating /home/travis/build/icyphy/ptII/ptolemy/actor/lib/test/auto/ConstraintMonitor2.xml
3 ms. Memory: 304128K Free: 102463K (34%)
----------------- Invoking toplevel() on ptolemy.moml.MoMLSimpleApplication@63d29053
----------------- Done invoking toplevel() on ptolemy.moml.MoMLSimpleApplication@63d29053
reloadAllAccessors: .ConstraintMonitor2

===========================================================================================
----------------- testing Thu Jan 02 06:40:11 UTC 2020 /home/travis/build/icyphy/ptII/ptolemy/actor/lib/test/auto/ConstraintMonitor3.xml
----------------- Instantiating /home/travis/build/icyphy/ptII/ptolemy/actor/lib/test/auto/ConstraintMonitor3.xml
3 ms. Memory: 304128K Free: 97853K (32%)
----------------- Invoking toplevel() on ptolemy.moml.MoMLSimpleApplication@6eb7ebf7
----------------- Done invoking toplevel() on ptolemy.moml.MoMLSimpleApplication@6eb7ebf7
reloadAllAccessors: .ConstraintMonitor3

===========================================================================================
----------------- testing Thu Jan 02 06:40:11 UTC 2020 /home/travis/build/icyphy/ptII/ptolemy/actor/lib/test/auto/ConstraintMonitor4.xml
----------------- Instantiating /home/travis/build/icyphy/ptII/ptolemy/actor/lib/test/auto/ConstraintMonitor4.xml
4 ms. Memory: 304128K Free: 92733K (30%)
----------------- Invoking toplevel() on ptolemy.moml.MoMLSimpleApplication@7c396e7d
----------------- Done invoking toplevel() on ptolemy.moml.MoMLSimpleApplication@7c396e7d
reloadAllAccessors: .ConstraintMonitor4

===========================================================================================
----------------- testing Thu Jan 02 06:40:11 UTC 2020 /home/travis/build/icyphy/ptII/ptolemy/actor/lib/test/auto/ConstraintMonitor5.xml
----------------- Instantiating /home/travis/build/icyphy/ptII/ptolemy/actor/lib/test/auto/ConstraintMonitor5.xml
5 ms. Memory: 304128K Free: 87103K (29%)
----------------- Invoking toplevel() on ptolemy.moml.MoMLSimpleApplication@662af2d2
----------------- Done invoking toplevel() on ptolemy.moml.MoMLSimpleApplication@662af2d2
reloadAllAccessors: .ConstraintMonitor5

===========================================================================================
----------------- testing Thu Jan 02 06:40:11 UTC 2020 /home/travis/build/icyphy/ptII/ptolemy/actor/lib/test/auto/ConstraintMonitor6.xml
----------------- Instantiating /home/travis/build/icyphy/ptII/ptolemy/actor/lib/test/auto/ConstraintMonitor6.xml
4 ms. Memory: 304128K Free: 80959K (27%)
----------------- Invoking toplevel() on ptolemy.moml.MoMLSimpleApplication@6b177c71
----------------- Done invoking toplevel() on ptolemy.moml.MoMLSimpleApplication@6b177c71
reloadAllAccessors: .ConstraintMonitor6

===========================================================================================
----------------- testing Thu Jan 02 06:40:11 UTC 2020 /home/travis/build/icyphy/ptII/ptolemy/actor/lib/test/auto/ConstraintMonitor7.xml
----------------- Instantiating /home/travis/build/icyphy/ptII/ptolemy/actor/lib/test/auto/ConstraintMonitor7.xml
5 ms. Memory: 304128K Free: 254077K (84%)
----------------- Invoking toplevel() on ptolemy.moml.MoMLSimpleApplication@15b8dd4a
----------------- Done invoking toplevel() on ptolemy.moml.MoMLSimpleApplication@15b8dd4a
reloadAllAccessors: .ConstraintMonitor7

===========================================================================================
----------------- testing Thu Jan 02 06:40:11 UTC 2020 /home/travis/build/icyphy/ptII/ptolemy/actor/lib/test/auto/ConstraintMonitor8.xml
----------------- Instantiating /home/travis/build/icyphy/ptII/ptolemy/actor/lib/test/auto/ConstraintMonitor8.xml
5 ms. Memory: 304128K Free: 245899K (81%)
----------------- Invoking toplevel() on ptolemy.moml.MoMLSimpleApplication@1a3cdb41
----------------- Done invoking toplevel() on ptolemy.moml.MoMLSimpleApplication@1a3cdb41
reloadAllAccessors: .ConstraintMonitor8

===========================================================================================
----------------- testing Thu Jan 02 06:40:11 UTC 2020 /home/travis/build/icyphy/ptII/ptolemy/actor/lib/test/auto/Counter.xml
----------------- Instantiating /home/travis/build/icyphy/ptII/ptolemy/actor/lib/test/auto/Counter.xml
2 ms. Memory: 304128K Free: 240779K (79%)
----------------- Invoking toplevel() on ptolemy.moml.MoMLSimpleApplication@22aabcb2
----------------- Done invoking toplevel() on ptolemy.moml.MoMLSimpleApplication@22aabcb2
reloadAllAccessors: .Counter

===========================================================================================
----------------- testing Thu Jan 02 06:40:11 UTC 2020 /home/travis/build/icyphy/ptII/ptolemy/actor/lib/test/auto/CurrentTimeSDF.xml
----------------- Instantiating /home/travis/build/icyphy/ptII/ptolemy/actor/lib/test/auto/CurrentTimeSDF.xml
1 ms. Memory: 304128K Free: 236683K (78%)
----------------- Invoking toplevel() on ptolemy.moml.MoMLSimpleApplication@7b263ca6
----------------- Done invoking toplevel() on ptolemy.moml.MoMLSimpleApplication@7b263ca6
reloadAllAccessors: .CurrentTimeSDF

===========================================================================================
----------------- testing Thu Jan 02 06:40:11 UTC 2020 /home/travis/build/icyphy/ptII/ptolemy/actor/lib/test/auto/DB.xml
----------------- Instantiating /home/travis/build/icyphy/ptII/ptolemy/actor/lib/test/auto/DB.xml
2 ms. Memory: 304128K Free: 232077K (76%)
----------------- Invoking toplevel() on ptolemy.moml.MoMLSimpleApplication@20af8694
----------------- Done invoking toplevel() on ptolemy.moml.MoMLSimpleApplication@20af8694
reloadAllAccessors: .DB

===========================================================================================
----------------- testing Thu Jan 02 06:40:11 UTC 2020 /home/travis/build/icyphy/ptII/ptolemy/actor/lib/test/auto/DBDE.xml
----------------- Instantiating /home/travis/build/icyphy/ptII/ptolemy/actor/lib/test/auto/DBDE.xml
2 ms. Memory: 304128K Free: 225933K (74%)
----------------- Invoking toplevel() on ptolemy.moml.MoMLSimpleApplication@d094c6e
----------------- Done invoking toplevel() on ptolemy.moml.MoMLSimpleApplication@d094c6e
reloadAllAccessors: .DBDE

===========================================================================================
----------------- testing Thu Jan 02 06:40:11 UTC 2020 /home/travis/build/icyphy/ptII/ptolemy/actor/lib/test/auto/DateConstructor.xml
----------------- Instantiating /home/travis/build/icyphy/ptII/ptolemy/actor/lib/test/auto/DateConstructor.xml
19 ms. Memory: 304128K Free: 208525K (69%)
----------------- Invoking toplevel() on ptolemy.moml.MoMLSimpleApplication@378b2974
----------------- Done invoking toplevel() on ptolemy.moml.MoMLSimpleApplication@378b2974
reloadAllAccessors: .DateConstructor

===========================================================================================
----------------- testing Thu Jan 02 06:40:11 UTC 2020 /home/travis/build/icyphy/ptII/ptolemy/actor/lib/test/auto/DelayTime.xml
----------------- Instantiating /home/travis/build/icyphy/ptII/ptolemy/actor/lib/test/auto/DelayTime.xml
5 ms. Memory: 304128K Free: 203915K (67%)
----------------- Invoking toplevel() on ptolemy.moml.MoMLSimpleApplication@5c487e12
----------------- Done invoking toplevel() on ptolemy.moml.MoMLSimpleApplication@5c487e12
reloadAllAccessors: .DelayTime

===========================================================================================
----------------- testing Thu Jan 02 06:40:11 UTC 2020 /home/travis/build/icyphy/ptII/ptolemy/actor/lib/test/auto/Dictionary1.xml
----------------- Instantiating /home/travis/build/icyphy/ptII/ptolemy/actor/lib/test/auto/Dictionary1.xml
2 ms. Memory: 304128K Free: 198285K (65%)
----------------- Invoking toplevel() on ptolemy.moml.MoMLSimpleApplication@7db2d94b
----------------- Done invoking toplevel() on ptolemy.moml.MoMLSimpleApplication@7db2d94b
reloadAllAccessors: .Dictionary1

===========================================================================================
----------------- testing Thu Jan 02 06:40:11 UTC 2020 /home/travis/build/icyphy/ptII/ptolemy/actor/lib/test/auto/Dictionary2.xml
----------------- Instantiating /home/travis/build/icyphy/ptII/ptolemy/actor/lib/test/auto/Dictionary2.xml
2 ms. Memory: 304128K Free: 192651K (63%)
----------------- Invoking toplevel() on ptolemy.moml.MoMLSimpleApplication@37591122
----------------- Done invoking toplevel() on ptolemy.moml.MoMLSimpleApplication@37591122
reloadAllAccessors: .Dictionary2

===========================================================================================
----------------- testing Thu Jan 02 06:40:11 UTC 2020 /home/travis/build/icyphy/ptII/ptolemy/actor/lib/test/auto/Dictionary3.xml
----------------- Instantiating /home/travis/build/icyphy/ptII/ptolemy/actor/lib/test/auto/Dictionary3.xml
1 ms. Memory: 304128K Free: 187531K (62%)
----------------- Invoking toplevel() on ptolemy.moml.MoMLSimpleApplication@6d85da33
----------------- Done invoking toplevel() on ptolemy.moml.MoMLSimpleApplication@6d85da33
reloadAllAccessors: .Dictionary3

===========================================================================================
----------------- testing Thu Jan 02 06:40:11 UTC 2020 /home/travis/build/icyphy/ptII/ptolemy/actor/lib/test/auto/Dictionary4.xml
----------------- Instantiating /home/travis/build/icyphy/ptII/ptolemy/actor/lib/test/auto/Dictionary4.xml
2 ms. Memory: 304128K Free: 180363K (59%)
----------------- Invoking toplevel() on ptolemy.moml.MoMLSimpleApplication@21928e77
----------------- Done invoking toplevel() on ptolemy.moml.MoMLSimpleApplication@21928e77
reloadAllAccessors: .Dictionary4

===========================================================================================
----------------- testing Thu Jan 02 06:40:11 UTC 2020 /home/travis/build/icyphy/ptII/ptolemy/actor/lib/test/auto/Differential.xml
----------------- Instantiating /home/travis/build/icyphy/ptII/ptolemy/actor/lib/test/auto/Differential.xml
1 ms. Memory: 304128K Free: 175757K (58%)
----------------- Invoking toplevel() on ptolemy.moml.MoMLSimpleApplication@660962a8
----------------- Done invoking toplevel() on ptolemy.moml.MoMLSimpleApplication@660962a8
reloadAllAccessors: .Differential

===========================================================================================
----------------- testing Thu Jan 02 06:40:11 UTC 2020 /home/travis/build/icyphy/ptII/ptolemy/actor/lib/test/auto/Director.xml
----------------- Instantiating /home/travis/build/icyphy/ptII/ptolemy/actor/lib/test/auto/Director.xml
3 ms. Memory: 304128K Free: 172171K (57%)
----------------- Invoking toplevel() on ptolemy.moml.MoMLSimpleApplication@3d6ef4db
----------------- Done invoking toplevel() on ptolemy.moml.MoMLSimpleApplication@3d6ef4db
reloadAllAccessors: .Director

===========================================================================================
----------------- testing Thu Jan 02 06:40:11 UTC 2020 /home/travis/build/icyphy/ptII/ptolemy/actor/lib/test/auto/DiscreteClock.xml
----------------- Instantiating /home/travis/build/icyphy/ptII/ptolemy/actor/lib/test/auto/DiscreteClock.xml
1 ms. Memory: 304128K Free: 168589K (55%)
----------------- Invoking toplevel() on ptolemy.moml.MoMLSimpleApplication@ee5c809
----------------- Done invoking toplevel() on ptolemy.moml.MoMLSimpleApplication@ee5c809
reloadAllAccessors: .DiscreteClock

===========================================================================================
----------------- testing Thu Jan 02 06:40:11 UTC 2020 /home/travis/build/icyphy/ptII/ptolemy/actor/lib/test/auto/DiscreteClock10.xml
----------------- Instantiating /home/travis/build/icyphy/ptII/ptolemy/actor/lib/test/auto/DiscreteClock10.xml
3 ms. Memory: 304128K Free: 162445K (53%)
----------------- Invoking toplevel() on ptolemy.moml.MoMLSimpleApplication@5bb8d100
----------------- Done invoking toplevel() on ptolemy.moml.MoMLSimpleApplication@5bb8d100
reloadAllAccessors: .DiscreteClock10

===========================================================================================
----------------- testing Thu Jan 02 06:40:11 UTC 2020 /home/travis/build/icyphy/ptII/ptolemy/actor/lib/test/auto/DiscreteClock11.xml
----------------- Instantiating /home/travis/build/icyphy/ptII/ptolemy/actor/lib/test/auto/DiscreteClock11.xml
2 ms. Memory: 304128K Free: 156301K (51%)
----------------- Invoking toplevel() on ptolemy.moml.MoMLSimpleApplication@7e07ff80
----------------- Done invoking toplevel() on ptolemy.moml.MoMLSimpleApplication@7e07ff80
reloadAllAccessors: .DiscreteClock11

===========================================================================================
----------------- testing Thu Jan 02 06:40:11 UTC 2020 /home/travis/build/icyphy/ptII/ptolemy/actor/lib/test/auto/DiscreteClock12.xml
----------------- Instantiating /home/travis/build/icyphy/ptII/ptolemy/actor/lib/test/auto/DiscreteClock12.xml
3 ms. Memory: 304128K Free: 150157K (49%)
----------------- Invoking toplevel() on ptolemy.moml.MoMLSimpleApplication@47a5c996
----------------- Done invoking toplevel() on ptolemy.moml.MoMLSimpleApplication@47a5c996
reloadAllAccessors: .DiscreteClock12

===========================================================================================
----------------- testing Thu Jan 02 06:40:11 UTC 2020 /home/travis/build/icyphy/ptII/ptolemy/actor/lib/test/auto/DiscreteClock13.xml
----------------- Instantiating /home/travis/build/icyphy/ptII/ptolemy/actor/lib/test/auto/DiscreteClock13.xml
4 ms. Memory: 304128K Free: 144517K (48%)
----------------- Invoking toplevel() on ptolemy.moml.MoMLSimpleApplication@383bf706
----------------- Done invoking toplevel() on ptolemy.moml.MoMLSimpleApplication@383bf706
reloadAllAccessors: .DiscreteClock13

===========================================================================================
----------------- testing Thu Jan 02 06:40:11 UTC 2020 /home/travis/build/icyphy/ptII/ptolemy/actor/lib/test/auto/DiscreteClock14.xml
----------------- Instantiating /home/travis/build/icyphy/ptII/ptolemy/actor/lib/test/auto/DiscreteClock14.xml
4 ms. Memory: 304128K Free: 138373K (45%)
----------------- Invoking toplevel() on ptolemy.moml.MoMLSimpleApplication@60d636c7
----------------- Done invoking toplevel() on ptolemy.moml.MoMLSimpleApplication@60d636c7
reloadAllAccessors: .DiscreteClock14

===========================================================================================
----------------- testing Thu Jan 02 06:40:11 UTC 2020 /home/travis/build/icyphy/ptII/ptolemy/actor/lib/test/auto/DiscreteClock15.xml
----------------- Instantiating /home/travis/build/icyphy/ptII/ptolemy/actor/lib/test/auto/DiscreteClock15.xml
3 ms. Memory: 304128K Free: 132229K (43%)
----------------- Invoking toplevel() on ptolemy.moml.MoMLSimpleApplication@2da6d935
----------------- Done invoking toplevel() on ptolemy.moml.MoMLSimpleApplication@2da6d935
reloadAllAccessors: .DiscreteClock15

===========================================================================================
----------------- testing Thu Jan 02 06:40:11 UTC 2020 /home/travis/build/icyphy/ptII/ptolemy/actor/lib/test/auto/DiscreteClock16.xml
----------------- Instantiating /home/travis/build/icyphy/ptII/ptolemy/actor/lib/test/auto/DiscreteClock16.xml
17 ms. Memory: 304128K Free: 118413K (39%)
----------------- Invoking toplevel() on ptolemy.moml.MoMLSimpleApplication@26afa18c
----------------- Done invoking toplevel() on ptolemy.moml.MoMLSimpleApplication@26afa18c
reloadAllAccessors: .DiscreteClock16

===========================================================================================
----------------- testing Thu Jan 02 06:40:11 UTC 2020 /home/travis/build/icyphy/ptII/ptolemy/actor/lib/test/auto/DiscreteClock17.xml
----------------- Instantiating /home/travis/build/icyphy/ptII/ptolemy/actor/lib/test/auto/DiscreteClock17.xml
15 ms. Memory: 304128K Free: 104573K (34%)
----------------- Invoking toplevel() on ptolemy.moml.MoMLSimpleApplication@3e413344
----------------- Done invoking toplevel() on ptolemy.moml.MoMLSimpleApplication@3e413344
reloadAllAccessors: .DiscreteClock17

===========================================================================================
----------------- testing Thu Jan 02 06:40:11 UTC 2020 /home/travis/build/icyphy/ptII/ptolemy/actor/lib/test/auto/DiscreteClock18.xml
----------------- Instantiating /home/travis/build/icyphy/ptII/ptolemy/actor/lib/test/auto/DiscreteClock18.xml
21 ms. Memory: 304128K Free: 90765K (30%)
----------------- Invoking toplevel() on ptolemy.moml.MoMLSimpleApplication@11b16ca8
----------------- Done invoking toplevel() on ptolemy.moml.MoMLSimpleApplication@11b16ca8
reloadAllAccessors: .DiscreteClock18

===========================================================================================
----------------- testing Thu Jan 02 06:40:11 UTC 2020 /home/travis/build/icyphy/ptII/ptolemy/actor/lib/test/auto/DiscreteClock19.xml
----------------- Instantiating /home/travis/build/icyphy/ptII/ptolemy/actor/lib/test/auto/DiscreteClock19.xml
18 ms. Memory: 304128K Free: 76939K (25%)
----------------- Invoking toplevel() on ptolemy.moml.MoMLSimpleApplication@4c97b32c
----------------- Done invoking toplevel() on ptolemy.moml.MoMLSimpleApplication@4c97b32c
reloadAllAccessors: .DiscreteClock19

===========================================================================================
----------------- testing Thu Jan 02 06:40:11 UTC 2020 /home/travis/build/icyphy/ptII/ptolemy/actor/lib/test/auto/DiscreteClock2.xml
----------------- Instantiating /home/travis/build/icyphy/ptII/ptolemy/actor/lib/test/auto/DiscreteClock2.xml
4 ms. Memory: 304128K Free: 251961K (83%)
----------------- Invoking toplevel() on ptolemy.moml.MoMLSimpleApplication@6116d9fe
----------------- Done invoking toplevel() on ptolemy.moml.MoMLSimpleApplication@6116d9fe
reloadAllAccessors: .DiscreteClock2

===========================================================================================
----------------- testing Thu Jan 02 06:40:11 UTC 2020 /home/travis/build/icyphy/ptII/ptolemy/actor/lib/test/auto/DiscreteClock20.xml
----------------- Instantiating /home/travis/build/icyphy/ptII/ptolemy/actor/lib/test/auto/DiscreteClock20.xml
6 ms. Memory: 304128K Free: 246847K (81%)
----------------- Invoking toplevel() on ptolemy.moml.MoMLSimpleApplication@3353d7dd
----------------- Done invoking toplevel() on ptolemy.moml.MoMLSimpleApplication@3353d7dd
reloadAllAccessors: .DiscreteClock20

===========================================================================================
----------------- testing Thu Jan 02 06:40:11 UTC 2020 /home/travis/build/icyphy/ptII/ptolemy/actor/lib/test/auto/DiscreteClock21.xml
----------------- Instantiating /home/travis/build/icyphy/ptII/ptolemy/actor/lib/test/auto/DiscreteClock21.xml
5 ms. Memory: 304128K Free: 241217K (79%)
----------------- Invoking toplevel() on ptolemy.moml.MoMLSimpleApplication@759ae083
----------------- Done invoking toplevel() on ptolemy.moml.MoMLSimpleApplication@759ae083
reloadAllAccessors: .DiscreteClock21

===========================================================================================
----------------- testing Thu Jan 02 06:40:12 UTC 2020 /home/travis/build/icyphy/ptII/ptolemy/actor/lib/test/auto/DiscreteClock22.xml
----------------- Instantiating /home/travis/build/icyphy/ptII/ptolemy/actor/lib/test/auto/DiscreteClock22.xml
4 ms. Memory: 304128K Free: 235583K (77%)
----------------- Invoking toplevel() on ptolemy.moml.MoMLSimpleApplication@729437f5
----------------- Done invoking toplevel() on ptolemy.moml.MoMLSimpleApplication@729437f5
reloadAllAccessors: .DiscreteClock22

===========================================================================================
----------------- testing Thu Jan 02 06:40:12 UTC 2020 /home/travis/build/icyphy/ptII/ptolemy/actor/lib/test/auto/DiscreteClock23.xml
----------------- Instantiating /home/travis/build/icyphy/ptII/ptolemy/actor/lib/test/auto/DiscreteClock23.xml
8 ms. Memory: 304128K Free: 229953K (76%)
----------------- Invoking toplevel() on ptolemy.moml.MoMLSimpleApplication@2372587b
----------------- Done invoking toplevel() on ptolemy.moml.MoMLSimpleApplication@2372587b
reloadAllAccessors: .DiscreteClock23

===========================================================================================
----------------- testing Thu Jan 02 06:40:12 UTC 2020 /home/travis/build/icyphy/ptII/ptolemy/actor/lib/test/auto/DiscreteClock24.xml
----------------- Instantiating /home/travis/build/icyphy/ptII/ptolemy/actor/lib/test/auto/DiscreteClock24.xml
3 ms. Memory: 304128K Free: 224833K (74%)
----------------- Invoking toplevel() on ptolemy.moml.MoMLSimpleApplication@70a9b099
----------------- Done invoking toplevel() on ptolemy.moml.MoMLSimpleApplication@70a9b099
reloadAllAccessors: .DiscreteClock24

===========================================================================================
----------------- testing Thu Jan 02 06:40:12 UTC 2020 /home/travis/build/icyphy/ptII/ptolemy/actor/lib/test/auto/DiscreteClock4.xml
----------------- Instantiating /home/travis/build/icyphy/ptII/ptolemy/actor/lib/test/auto/DiscreteClock4.xml
5 ms. Memory: 304128K Free: 219185K (72%)
----------------- Invoking toplevel() on ptolemy.moml.MoMLSimpleApplication@32637be
----------------- Done invoking toplevel() on ptolemy.moml.MoMLSimpleApplication@32637be
reloadAllAccessors: .DiscreteClock4

===========================================================================================
----------------- testing Thu Jan 02 06:40:12 UTC 2020 /home/travis/build/icyphy/ptII/ptolemy/actor/lib/test/auto/DiscreteClock5.xml
----------------- Instantiating /home/travis/build/icyphy/ptII/ptolemy/actor/lib/test/auto/DiscreteClock5.xml
1 ms. Memory: 304128K Free: 213569K (70%)
----------------- Invoking toplevel() on ptolemy.moml.MoMLSimpleApplication@69e84896
----------------- Done invoking toplevel() on ptolemy.moml.MoMLSimpleApplication@69e84896
reloadAllAccessors: .DiscreteClock5

===========================================================================================
----------------- testing Thu Jan 02 06:40:12 UTC 2020 /home/travis/build/icyphy/ptII/ptolemy/actor/lib/test/auto/DiscreteClock6.xml
----------------- Instantiating /home/travis/build/icyphy/ptII/ptolemy/actor/lib/test/auto/DiscreteClock6.xml
1 ms. Memory: 304128K Free: 208959K (69%)
----------------- Invoking toplevel() on ptolemy.moml.MoMLSimpleApplication@33230c33
----------------- Done invoking toplevel() on ptolemy.moml.MoMLSimpleApplication@33230c33
reloadAllAccessors: .DiscreteClock6

===========================================================================================
----------------- testing Thu Jan 02 06:40:12 UTC 2020 /home/travis/build/icyphy/ptII/ptolemy/actor/lib/test/auto/DiscreteClock7.xml
----------------- Instantiating /home/travis/build/icyphy/ptII/ptolemy/actor/lib/test/auto/DiscreteClock7.xml
1 ms. Memory: 304128K Free: 204863K (67%)
----------------- Invoking toplevel() on ptolemy.moml.MoMLSimpleApplication@58dc5a7f
----------------- Done invoking toplevel() on ptolemy.moml.MoMLSimpleApplication@58dc5a7f
reloadAllAccessors: .DiscreteClock7

===========================================================================================
----------------- testing Thu Jan 02 06:40:12 UTC 2020 /home/travis/build/icyphy/ptII/ptolemy/actor/lib/test/auto/DiscreteClock8.xml
----------------- Instantiating /home/travis/build/icyphy/ptII/ptolemy/actor/lib/test/auto/DiscreteClock8.xml
2 ms. Memory: 304128K Free: 199233K (66%)
----------------- Invoking toplevel() on ptolemy.moml.MoMLSimpleApplication@5cfc54d1
----------------- Done invoking toplevel() on ptolemy.moml.MoMLSimpleApplication@5cfc54d1
reloadAllAccessors: .DiscreteClock8

===========================================================================================
----------------- testing Thu Jan 02 06:40:12 UTC 2020 /home/travis/build/icyphy/ptII/ptolemy/actor/lib/test/auto/DiscreteClock9.xml
----------------- Instantiating /home/travis/build/icyphy/ptII/ptolemy/actor/lib/test/auto/DiscreteClock9.xml
4 ms. Memory: 304128K Free: 193089K (63%)
----------------- Invoking toplevel() on ptolemy.moml.MoMLSimpleApplication@48fd7ecb
----------------- Done invoking toplevel() on ptolemy.moml.MoMLSimpleApplication@48fd7ecb
reloadAllAccessors: .DiscreteClock9

===========================================================================================
----------------- testing Thu Jan 02 06:40:12 UTC 2020 /home/travis/build/icyphy/ptII/ptolemy/actor/lib/test/auto/DisplayArray.xml
----------------- Instantiating /home/travis/build/icyphy/ptII/ptolemy/actor/lib/test/auto/DisplayArray.xml
1 ms. Memory: 304128K Free: 189503K (62%)
----------------- Invoking toplevel() on ptolemy.moml.MoMLSimpleApplication@2d42ecd8
----------------- Done invoking toplevel() on ptolemy.moml.MoMLSimpleApplication@2d42ecd8
reloadAllAccessors: .DisplayArray

===========================================================================================
----------------- testing Thu Jan 02 06:40:12 UTC 2020 /home/travis/build/icyphy/ptII/ptolemy/actor/lib/test/auto/Distributor.xml
----------------- Instantiating /home/travis/build/icyphy/ptII/ptolemy/actor/lib/test/auto/Distributor.xml
1 ms. Memory: 304128K Free: 184383K (61%)
----------------- Invoking toplevel() on ptolemy.moml.MoMLSimpleApplication@34777bbf
----------------- Done invoking toplevel() on ptolemy.moml.MoMLSimpleApplication@34777bbf
reloadAllAccessors: .Distributor

===========================================================================================
----------------- testing Thu Jan 02 06:40:12 UTC 2020 /home/travis/build/icyphy/ptII/ptolemy/actor/lib/test/auto/Distributor2.xml
----------------- Instantiating /home/travis/build/icyphy/ptII/ptolemy/actor/lib/test/auto/Distributor2.xml
1 ms. Memory: 304128K Free: 179777K (59%)
----------------- Invoking toplevel() on ptolemy.moml.MoMLSimpleApplication@77a45a48
----------------- Done invoking toplevel() on ptolemy.moml.MoMLSimpleApplication@77a45a48
reloadAllAccessors: .Distributor2

===========================================================================================
----------------- testing Thu Jan 02 06:40:12 UTC 2020 /home/travis/build/icyphy/ptII/ptolemy/actor/lib/test/auto/DownSample.xml
----------------- Instantiating /home/travis/build/icyphy/ptII/ptolemy/actor/lib/test/auto/DownSample.xml
2 ms. Memory: 304128K Free: 175167K (58%)
----------------- Invoking toplevel() on ptolemy.moml.MoMLSimpleApplication@41b51794
----------------- Done invoking toplevel() on ptolemy.moml.MoMLSimpleApplication@41b51794
reloadAllAccessors: .DownSample

===========================================================================================
----------------- testing Thu Jan 02 06:40:12 UTC 2020 /home/travis/build/icyphy/ptII/ptolemy/actor/lib/test/auto/ElectronicUnitBase1.xml
----------------- Instantiating /home/travis/build/icyphy/ptII/ptolemy/actor/lib/test/auto/ElectronicUnitBase1.xml
13 ms. Memory: 304128K Free: 158783K (52%)
----------------- Invoking toplevel() on ptolemy.moml.MoMLSimpleApplication@78156743
----------------- Done invoking toplevel() on ptolemy.moml.MoMLSimpleApplication@78156743
reloadAllAccessors: .ElectronicUnitBase1

===========================================================================================
----------------- testing Thu Jan 02 06:40:12 UTC 2020 /home/travis/build/icyphy/ptII/ptolemy/actor/lib/test/auto/ElementsToArray.xml
----------------- Instantiating /home/travis/build/icyphy/ptII/ptolemy/actor/lib/test/auto/ElementsToArray.xml
3 ms. Memory: 304128K Free: 153663K (51%)
----------------- Invoking toplevel() on ptolemy.moml.MoMLSimpleApplication@372dac2c
----------------- Done invoking toplevel() on ptolemy.moml.MoMLSimpleApplication@372dac2c
reloadAllAccessors: .ElementsToArray

===========================================================================================
----------------- testing Thu Jan 02 06:40:12 UTC 2020 /home/travis/build/icyphy/ptII/ptolemy/actor/lib/test/auto/Equals.xml
----------------- Instantiating /home/travis/build/icyphy/ptII/ptolemy/actor/lib/test/auto/Equals.xml
2 ms. Memory: 304128K Free: 149057K (49%)
----------------- Invoking toplevel() on ptolemy.moml.MoMLSimpleApplication@539dd4a6
----------------- Done invoking toplevel() on ptolemy.moml.MoMLSimpleApplication@539dd4a6
reloadAllAccessors: .Equals

===========================================================================================
----------------- testing Thu Jan 02 06:40:12 UTC 2020 /home/travis/build/icyphy/ptII/ptolemy/actor/lib/test/auto/Exec.xml
----------------- Instantiating /home/travis/build/icyphy/ptII/ptolemy/actor/lib/test/auto/Exec.xml
15 ms. Memory: 304128K Free: 143423K (47%)
----------------- Invoking toplevel() on ptolemy.moml.MoMLSimpleApplication@3e0133a4
----------------- Done invoking toplevel() on ptolemy.moml.MoMLSimpleApplication@3e0133a4
reloadAllAccessors: .Exec

===========================================================================================
----------------- testing Thu Jan 02 06:40:12 UTC 2020 /home/travis/build/icyphy/ptII/ptolemy/actor/lib/test/auto/ExecEnvironment.xml
----------------- Instantiating /home/travis/build/icyphy/ptII/ptolemy/actor/lib/test/auto/ExecEnvironment.xml
36 ms. Memory: 304128K Free: 137793K (45%)
----------------- Invoking toplevel() on ptolemy.moml.MoMLSimpleApplication@4ae7de2c
----------------- Done invoking toplevel() on ptolemy.moml.MoMLSimpleApplication@4ae7de2c
reloadAllAccessors: .ExecEnvironment

===========================================================================================
----------------- testing Thu Jan 02 06:40:12 UTC 2020 /home/travis/build/icyphy/ptII/ptolemy/actor/lib/test/auto/ExecNonZeroReturnOutput.xml
----------------- Instantiating /home/travis/build/icyphy/ptII/ptolemy/actor/lib/test/auto/ExecNonZeroReturnOutput.xml
157 ms. Memory: 304128K Free: 126015K (41%)
----------------- Invoking toplevel() on ptolemy.moml.MoMLSimpleApplication@46419de6
----------------- Done invoking toplevel() on ptolemy.moml.MoMLSimpleApplication@46419de6
reloadAllAccessors: .ExecNonZeroReturnOutput

===========================================================================================
----------------- testing Thu Jan 02 06:40:12 UTC 2020 /home/travis/build/icyphy/ptII/ptolemy/actor/lib/test/auto/ExecRunDemos.xml
----------------- Instantiating /home/travis/build/icyphy/ptII/ptolemy/actor/lib/test/auto/ExecRunDemos.xml
Finished: 51 ms. Memory: 129024K Free: 113519K (88%)

Finished: 61 ms. Memory: 129024K Free: 110602K (86%)

Finished: 70 ms. Memory: 129024K Free: 110761K (86%)

Finished: 82 ms. Memory: 129024K Free: 112409K (87%)

Finished: 88 ms. Memory: 129024K Free: 113151K (88%)

10052 ms. Memory: 304128K Free: 106047K (35%)
----------------- Invoking toplevel() on ptolemy.moml.MoMLSimpleApplication@145134ad
----------------- Done invoking toplevel() on ptolemy.moml.MoMLSimpleApplication@145134ad
reloadAllAccessors: .ExecRunDemos

===========================================================================================
----------------- testing Thu Jan 02 06:40:22 UTC 2020 /home/travis/build/icyphy/ptII/ptolemy/actor/lib/test/auto/ExecStop.xml
----------------- Instantiating /home/travis/build/icyphy/ptII/ptolemy/actor/lib/test/auto/ExecStop.xml
5020 ms. Memory: 304128K Free: 145548K (48%)
----------------- Invoking toplevel() on ptolemy.moml.MoMLSimpleApplication@6108079c
----------------- Done invoking toplevel() on ptolemy.moml.MoMLSimpleApplication@6108079c
reloadAllAccessors: .ExecStop

===========================================================================================
----------------- testing Thu Jan 02 06:40:27 UTC 2020 /home/travis/build/icyphy/ptII/ptolemy/actor/lib/test/auto/ExecutionTimeSDF.xml
----------------- Instantiating /home/travis/build/icyphy/ptII/ptolemy/actor/lib/test/auto/ExecutionTimeSDF.xml
Fired ExecutionTime: -279367296
Fired ExecutionTime: 1338400000
Fired ExecutionTime: 1354800000
6003 ms. Memory: 304128K Free: 133036K (44%)
----------------- Invoking toplevel() on ptolemy.moml.MoMLSimpleApplication@14dac3b7
----------------- Done invoking toplevel() on ptolemy.moml.MoMLSimpleApplication@14dac3b7
reloadAllAccessors: .ExecutionTimeSDF

===========================================================================================
----------------- testing Thu Jan 02 06:40:33 UTC 2020 /home/travis/build/icyphy/ptII/ptolemy/actor/lib/test/auto/Expression1.xml
----------------- Instantiating /home/travis/build/icyphy/ptII/ptolemy/actor/lib/test/auto/Expression1.xml
1 ms. Memory: 304128K Free: 129543K (43%)
----------------- Invoking toplevel() on ptolemy.moml.MoMLSimpleApplication@64258c41
----------------- Done invoking toplevel() on ptolemy.moml.MoMLSimpleApplication@64258c41
reloadAllAccessors: .Expression1

===========================================================================================
----------------- testing Thu Jan 02 06:40:33 UTC 2020 /home/travis/build/icyphy/ptII/ptolemy/actor/lib/test/auto/Expression10.xml
----------------- Instantiating /home/travis/build/icyphy/ptII/ptolemy/actor/lib/test/auto/Expression10.xml
4 ms. Memory: 304128K Free: 123850K (41%)
----------------- Invoking toplevel() on ptolemy.moml.MoMLSimpleApplication@4ac7e766
----------------- Done invoking toplevel() on ptolemy.moml.MoMLSimpleApplication@4ac7e766
reloadAllAccessors: .Expression10

===========================================================================================
----------------- testing Thu Jan 02 06:40:33 UTC 2020 /home/travis/build/icyphy/ptII/ptolemy/actor/lib/test/auto/Expression11.xml
----------------- Instantiating /home/travis/build/icyphy/ptII/ptolemy/actor/lib/test/auto/Expression11.xml
2 ms. Memory: 304128K Free: 119716K (39%)
----------------- Invoking toplevel() on ptolemy.moml.MoMLSimpleApplication@4973cfa
----------------- Done invoking toplevel() on ptolemy.moml.MoMLSimpleApplication@4973cfa
reloadAllAccessors: .Expression11

===========================================================================================
----------------- testing Thu Jan 02 06:40:33 UTC 2020 /home/travis/build/icyphy/ptII/ptolemy/actor/lib/test/auto/Expression12.xml
----------------- Instantiating /home/travis/build/icyphy/ptII/ptolemy/actor/lib/test/auto/Expression12.xml
2 ms. Memory: 304128K Free: 114161K (38%)
----------------- Invoking toplevel() on ptolemy.moml.MoMLSimpleApplication@34d4d39a
----------------- Done invoking toplevel() on ptolemy.moml.MoMLSimpleApplication@34d4d39a
reloadAllAccessors: .Expression12

===========================================================================================
----------------- testing Thu Jan 02 06:40:33 UTC 2020 /home/travis/build/icyphy/ptII/ptolemy/actor/lib/test/auto/Expression13.xml
----------------- Instantiating /home/travis/build/icyphy/ptII/ptolemy/actor/lib/test/auto/Expression13.xml
3 ms. Memory: 304128K Free: 109063K (36%)
----------------- Invoking toplevel() on ptolemy.moml.MoMLSimpleApplication@34477b73
----------------- Done invoking toplevel() on ptolemy.moml.MoMLSimpleApplication@34477b73
reloadAllAccessors: .Expression13

===========================================================================================
----------------- testing Thu Jan 02 06:40:33 UTC 2020 /home/travis/build/icyphy/ptII/ptolemy/actor/lib/test/auto/Expression14.xml
----------------- Instantiating /home/travis/build/icyphy/ptII/ptolemy/actor/lib/test/auto/Expression14.xml
3 ms. Memory: 304128K Free: 103370K (34%)
----------------- Invoking toplevel() on ptolemy.moml.MoMLSimpleApplication@541ab943
----------------- Done invoking toplevel() on ptolemy.moml.MoMLSimpleApplication@541ab943
reloadAllAccessors: .Expression14

===========================================================================================
----------------- testing Thu Jan 02 06:40:33 UTC 2020 /home/travis/build/icyphy/ptII/ptolemy/actor/lib/test/auto/Expression15.xml
----------------- Instantiating /home/travis/build/icyphy/ptII/ptolemy/actor/lib/test/auto/Expression15.xml
1 ms. Memory: 304128K Free: 99266K (33%)
----------------- Invoking toplevel() on ptolemy.moml.MoMLSimpleApplication@2b7baff5
----------------- Done invoking toplevel() on ptolemy.moml.MoMLSimpleApplication@2b7baff5
reloadAllAccessors: .Expression15

===========================================================================================
----------------- testing Thu Jan 02 06:40:33 UTC 2020 /home/travis/build/icyphy/ptII/ptolemy/actor/lib/test/auto/Expression16.xml
----------------- Instantiating /home/travis/build/icyphy/ptII/ptolemy/actor/lib/test/auto/Expression16.xml
2 ms. Memory: 304128K Free: 94681K (31%)
----------------- Invoking toplevel() on ptolemy.moml.MoMLSimpleApplication@38601191
----------------- Done invoking toplevel() on ptolemy.moml.MoMLSimpleApplication@38601191
reloadAllAccessors: .Expression16

===========================================================================================
----------------- testing Thu Jan 02 06:40:33 UTC 2020 /home/travis/build/icyphy/ptII/ptolemy/actor/lib/test/auto/Expression17.xml
----------------- Instantiating /home/travis/build/icyphy/ptII/ptolemy/actor/lib/test/auto/Expression17.xml
2 ms. Memory: 304128K Free: 89529K (29%)
----------------- Invoking toplevel() on ptolemy.moml.MoMLSimpleApplication@6188324b
----------------- Done invoking toplevel() on ptolemy.moml.MoMLSimpleApplication@6188324b
reloadAllAccessors: .Expression17

===========================================================================================
----------------- testing Thu Jan 02 06:40:33 UTC 2020 /home/travis/build/icyphy/ptII/ptolemy/actor/lib/test/auto/Expression18.xml
----------------- Instantiating /home/travis/build/icyphy/ptII/ptolemy/actor/lib/test/auto/Expression18.xml
1 ms. Memory: 304128K Free: 84367K (28%)
----------------- Invoking toplevel() on ptolemy.moml.MoMLSimpleApplication@2c4be3e
----------------- Done invoking toplevel() on ptolemy.moml.MoMLSimpleApplication@2c4be3e
reloadAllAccessors: .Expression18

===========================================================================================
----------------- testing Thu Jan 02 06:40:33 UTC 2020 /home/travis/build/icyphy/ptII/ptolemy/actor/lib/test/auto/Expression2.xml
----------------- Instantiating /home/travis/build/icyphy/ptII/ptolemy/actor/lib/test/auto/Expression2.xml
2 ms. Memory: 304128K Free: 79297K (26%)
----------------- Invoking toplevel() on ptolemy.moml.MoMLSimpleApplication@1f6f98bf
----------------- Done invoking toplevel() on ptolemy.moml.MoMLSimpleApplication@1f6f98bf
reloadAllAccessors: .Expression2

===========================================================================================
----------------- testing Thu Jan 02 06:40:33 UTC 2020 /home/travis/build/icyphy/ptII/ptolemy/actor/lib/test/auto/Expression3.xml
----------------- Instantiating /home/travis/build/icyphy/ptII/ptolemy/actor/lib/test/auto/Expression3.xml
2 ms. Memory: 304128K Free: 254848K (84%)
----------------- Invoking toplevel() on ptolemy.moml.MoMLSimpleApplication@7fd341d2
----------------- Done invoking toplevel() on ptolemy.moml.MoMLSimpleApplication@7fd341d2
reloadAllAccessors: .Expression3

===========================================================================================
----------------- testing Thu Jan 02 06:40:33 UTC 2020 /home/travis/build/icyphy/ptII/ptolemy/actor/lib/test/auto/Expression4.xml
----------------- Instantiating /home/travis/build/icyphy/ptII/ptolemy/actor/lib/test/auto/Expression4.xml
5 ms. Memory: 304128K Free: 247184K (81%)
----------------- Invoking toplevel() on ptolemy.moml.MoMLSimpleApplication@55bbcfb1
----------------- Done invoking toplevel() on ptolemy.moml.MoMLSimpleApplication@55bbcfb1
reloadAllAccessors: .Expression4

===========================================================================================
----------------- testing Thu Jan 02 06:40:34 UTC 2020 /home/travis/build/icyphy/ptII/ptolemy/actor/lib/test/auto/Expression5.xml
----------------- Instantiating /home/travis/build/icyphy/ptII/ptolemy/actor/lib/test/auto/Expression5.xml
3 ms. Memory: 304128K Free: 242064K (80%)
----------------- Invoking toplevel() on ptolemy.moml.MoMLSimpleApplication@55ef47af
----------------- Done invoking toplevel() on ptolemy.moml.MoMLSimpleApplication@55ef47af
reloadAllAccessors: .Expression5

===========================================================================================
----------------- testing Thu Jan 02 06:40:34 UTC 2020 /home/travis/build/icyphy/ptII/ptolemy/actor/lib/test/auto/Expression6.xml
----------------- Instantiating /home/travis/build/icyphy/ptII/ptolemy/actor/lib/test/auto/Expression6.xml
2 ms. Memory: 304128K Free: 237454K (78%)
----------------- Invoking toplevel() on ptolemy.moml.MoMLSimpleApplication@441cb6d4
----------------- Done invoking toplevel() on ptolemy.moml.MoMLSimpleApplication@441cb6d4
reloadAllAccessors: .Expression6

===========================================================================================
----------------- testing Thu Jan 02 06:40:34 UTC 2020 /home/travis/build/icyphy/ptII/ptolemy/actor/lib/test/auto/Expression7.xml
----------------- Instantiating /home/travis/build/icyphy/ptII/ptolemy/actor/lib/test/auto/Expression7.xml
2 ms. Memory: 304128K Free: 232334K (76%)
----------------- Invoking toplevel() on ptolemy.moml.MoMLSimpleApplication@1d3a475a
----------------- Done invoking toplevel() on ptolemy.moml.MoMLSimpleApplication@1d3a475a
reloadAllAccessors: .Expression7

===========================================================================================
----------------- testing Thu Jan 02 06:40:34 UTC 2020 /home/travis/build/icyphy/ptII/ptolemy/actor/lib/test/auto/Expression8.xml
----------------- Instantiating /home/travis/build/icyphy/ptII/ptolemy/actor/lib/test/auto/Expression8.xml
9 ms. Memory: 304128K Free: 227214K (75%)
----------------- Invoking toplevel() on ptolemy.moml.MoMLSimpleApplication@304cfcb6
----------------- Done invoking toplevel() on ptolemy.moml.MoMLSimpleApplication@304cfcb6
reloadAllAccessors: .Expression8

===========================================================================================
----------------- testing Thu Jan 02 06:40:34 UTC 2020 /home/travis/build/icyphy/ptII/ptolemy/actor/lib/test/auto/Expression9.xml
----------------- Instantiating /home/travis/build/icyphy/ptII/ptolemy/actor/lib/test/auto/Expression9.xml
0 ms. Memory: 304128K Free: 223632K (74%)
----------------- Invoking toplevel() on ptolemy.moml.MoMLSimpleApplication@6e29c5cc
----------------- Done invoking toplevel() on ptolemy.moml.MoMLSimpleApplication@6e29c5cc
reloadAllAccessors: .Expression9

===========================================================================================
----------------- testing Thu Jan 02 06:40:34 UTC 2020 /home/travis/build/icyphy/ptII/ptolemy/actor/lib/test/auto/ExpressionConcatenateArrayType.xml
----------------- Instantiating /home/travis/build/icyphy/ptII/ptolemy/actor/lib/test/auto/ExpressionConcatenateArrayType.xml
3 ms. Memory: 304128K Free: 216974K (71%)
----------------- Invoking toplevel() on ptolemy.moml.MoMLSimpleApplication@465c6fab
----------------- Done invoking toplevel() on ptolemy.moml.MoMLSimpleApplication@465c6fab
reloadAllAccessors: .ExpressionConcatenateArrayType

===========================================================================================
----------------- testing Thu Jan 02 06:40:34 UTC 2020 /home/travis/build/icyphy/ptII/ptolemy/actor/lib/test/auto/ExpressionConcatenateArrayType2.xml
----------------- Instantiating /home/travis/build/icyphy/ptII/ptolemy/actor/lib/test/auto/ExpressionConcatenateArrayType2.xml
2 ms. Memory: 304128K Free: 210830K (69%)
----------------- Invoking toplevel() on ptolemy.moml.MoMLSimpleApplication@4054847
----------------- Done invoking toplevel() on ptolemy.moml.MoMLSimpleApplication@4054847
reloadAllAccessors: .ExpressionConcatenateArrayType2

===========================================================================================
----------------- testing Thu Jan 02 06:40:34 UTC 2020 /home/travis/build/icyphy/ptII/ptolemy/actor/lib/test/auto/ExpressionFix.xml
----------------- Instantiating /home/travis/build/icyphy/ptII/ptolemy/actor/lib/test/auto/ExpressionFix.xml
20 ms. Memory: 304128K Free: 204176K (67%)
----------------- Invoking toplevel() on ptolemy.moml.MoMLSimpleApplication@602dd701
----------------- Done invoking toplevel() on ptolemy.moml.MoMLSimpleApplication@602dd701
reloadAllAccessors: .ExpressionFix

===========================================================================================
----------------- testing Thu Jan 02 06:40:34 UTC 2020 /home/travis/build/icyphy/ptII/ptolemy/actor/lib/test/auto/ExpressionFix2.xml
----------------- Instantiating /home/travis/build/icyphy/ptII/ptolemy/actor/lib/test/auto/ExpressionFix2.xml
2 ms. Memory: 304128K Free: 200080K (66%)
----------------- Invoking toplevel() on ptolemy.moml.MoMLSimpleApplication@319d2233
----------------- Done invoking toplevel() on ptolemy.moml.MoMLSimpleApplication@319d2233
reloadAllAccessors: .ExpressionFix2

===========================================================================================
----------------- testing Thu Jan 02 06:40:34 UTC 2020 /home/travis/build/icyphy/ptII/ptolemy/actor/lib/test/auto/ExpressionFix3.xml
----------------- Instantiating /home/travis/build/icyphy/ptII/ptolemy/actor/lib/test/auto/ExpressionFix3.xml
2 ms. Memory: 304128K Free: 195470K (64%)
----------------- Invoking toplevel() on ptolemy.moml.MoMLSimpleApplication@10925986
----------------- Done invoking toplevel() on ptolemy.moml.MoMLSimpleApplication@10925986
reloadAllAccessors: .ExpressionFix3

===========================================================================================
----------------- testing Thu Jan 02 06:40:34 UTC 2020 /home/travis/build/icyphy/ptII/ptolemy/actor/lib/test/auto/FileWriter1.xml
----------------- Instantiating /home/travis/build/icyphy/ptII/ptolemy/actor/lib/test/auto/FileWriter1.xml
2 ms. Memory: 304128K Free: 191374K (63%)
----------------- Invoking toplevel() on ptolemy.moml.MoMLSimpleApplication@57e9bb
----------------- Done invoking toplevel() on ptolemy.moml.MoMLSimpleApplication@57e9bb
reloadAllAccessors: .FileWriter1

===========================================================================================
----------------- testing Thu Jan 02 06:40:34 UTC 2020 /home/travis/build/icyphy/ptII/ptolemy/actor/lib/test/auto/FileWriter2.xml
----------------- Instantiating /home/travis/build/icyphy/ptII/ptolemy/actor/lib/test/auto/FileWriter2.xml
5 ms. Memory: 304128K Free: 186768K (61%)
----------------- Invoking toplevel() on ptolemy.moml.MoMLSimpleApplication@7824b201
----------------- Done invoking toplevel() on ptolemy.moml.MoMLSimpleApplication@7824b201
reloadAllAccessors: .FileWriter2

===========================================================================================
----------------- testing Thu Jan 02 06:40:34 UTC 2020 /home/travis/build/icyphy/ptII/ptolemy/actor/lib/test/auto/FileWriter3.xml
----------------- Instantiating /home/travis/build/icyphy/ptII/ptolemy/actor/lib/test/auto/FileWriter3.xml
1 ms. Memory: 304128K Free: 182672K (60%)
----------------- Invoking toplevel() on ptolemy.moml.MoMLSimpleApplication@684a3970
----------------- Done invoking toplevel() on ptolemy.moml.MoMLSimpleApplication@684a3970
reloadAllAccessors: .FileWriter3

===========================================================================================
----------------- testing Thu Jan 02 06:40:34 UTC 2020 /home/travis/build/icyphy/ptII/ptolemy/actor/lib/test/auto/Gaussian.xml
----------------- Instantiating /home/travis/build/icyphy/ptII/ptolemy/actor/lib/test/auto/Gaussian.xml
2 ms. Memory: 304128K Free: 178576K (59%)
----------------- Invoking toplevel() on ptolemy.moml.MoMLSimpleApplication@292ca5f8
----------------- Done invoking toplevel() on ptolemy.moml.MoMLSimpleApplication@292ca5f8
reloadAllAccessors: .Gaussian

===========================================================================================
----------------- testing Thu Jan 02 06:40:34 UTC 2020 /home/travis/build/icyphy/ptII/ptolemy/actor/lib/test/auto/Gaussian1.xml
----------------- Instantiating /home/travis/build/icyphy/ptII/ptolemy/actor/lib/test/auto/Gaussian1.xml
2 ms. Memory: 304128K Free: 172928K (57%)
----------------- Invoking toplevel() on ptolemy.moml.MoMLSimpleApplication@7fdf0a02
----------------- Done invoking toplevel() on ptolemy.moml.MoMLSimpleApplication@7fdf0a02
reloadAllAccessors: .Gaussian1

===========================================================================================
----------------- testing Thu Jan 02 06:40:34 UTC 2020 /home/travis/build/icyphy/ptII/ptolemy/actor/lib/test/auto/Gaussian2.xml
----------------- Instantiating /home/travis/build/icyphy/ptII/ptolemy/actor/lib/test/auto/Gaussian2.xml
10 ms. Memory: 304128K Free: 167312K (55%)
----------------- Invoking toplevel() on ptolemy.moml.MoMLSimpleApplication@422c966e
----------------- Done invoking toplevel() on ptolemy.moml.MoMLSimpleApplication@422c966e
reloadAllAccessors: .Gaussian2

===========================================================================================
----------------- testing Thu Jan 02 06:40:34 UTC 2020 /home/travis/build/icyphy/ptII/ptolemy/actor/lib/test/auto/GradientAdaptiveLattice.xml
----------------- Instantiating /home/travis/build/icyphy/ptII/ptolemy/actor/lib/test/auto/GradientAdaptiveLattice.xml
2 ms. Memory: 304128K Free: 162192K (53%)
----------------- Invoking toplevel() on ptolemy.moml.MoMLSimpleApplication@337f45cc
----------------- Done invoking toplevel() on ptolemy.moml.MoMLSimpleApplication@337f45cc
reloadAllAccessors: .GradientAdaptiveLattice

===========================================================================================
----------------- testing Thu Jan 02 06:40:34 UTC 2020 /home/travis/build/icyphy/ptII/ptolemy/actor/lib/test/auto/IIR.xml
----------------- Instantiating /home/travis/build/icyphy/ptII/ptolemy/actor/lib/test/auto/IIR.xml
3 ms. Memory: 304128K Free: 157582K (52%)
----------------- Invoking toplevel() on ptolemy.moml.MoMLSimpleApplication@2801fb7c
----------------- Done invoking toplevel() on ptolemy.moml.MoMLSimpleApplication@2801fb7c
reloadAllAccessors: .IIR

===========================================================================================
----------------- testing Thu Jan 02 06:40:34 UTC 2020 /home/travis/build/icyphy/ptII/ptolemy/actor/lib/test/auto/InputOutputTransparentPorts.xml
----------------- Instantiating /home/travis/build/icyphy/ptII/ptolemy/actor/lib/test/auto/InputOutputTransparentPorts.xml
4 ms. Memory: 304128K Free: 150414K (49%)
----------------- Invoking toplevel() on ptolemy.moml.MoMLSimpleApplication@5f1d2fef
----------------- Done invoking toplevel() on ptolemy.moml.MoMLSimpleApplication@5f1d2fef
reloadAllAccessors: .InputOutputTransparentPorts

===========================================================================================
----------------- testing Thu Jan 02 06:40:34 UTC 2020 /home/travis/build/icyphy/ptII/ptolemy/actor/lib/test/auto/Interpolator.xml
----------------- Instantiating /home/travis/build/icyphy/ptII/ptolemy/actor/lib/test/auto/Interpolator.xml
4 ms. Memory: 304128K Free: 146318K (48%)
----------------- Invoking toplevel() on ptolemy.moml.MoMLSimpleApplication@6bcb4b9b
----------------- Done invoking toplevel() on ptolemy.moml.MoMLSimpleApplication@6bcb4b9b
reloadAllAccessors: .Interpolator

===========================================================================================
----------------- testing Thu Jan 02 06:40:34 UTC 2020 /home/travis/build/icyphy/ptII/ptolemy/actor/lib/test/auto/InterpolatorFiringLimitDE.xml
----------------- Instantiating /home/travis/build/icyphy/ptII/ptolemy/actor/lib/test/auto/InterpolatorFiringLimitDE.xml
2 ms. Memory: 304128K Free: 140688K (46%)
----------------- Invoking toplevel() on ptolemy.moml.MoMLSimpleApplication@7ce276f5
----------------- Done invoking toplevel() on ptolemy.moml.MoMLSimpleApplication@7ce276f5
reloadAllAccessors: .InterpolatorFiringLimitDE

===========================================================================================
----------------- testing Thu Jan 02 06:40:34 UTC 2020 /home/travis/build/icyphy/ptII/ptolemy/actor/lib/test/auto/Lattice.xml
----------------- Instantiating /home/travis/build/icyphy/ptII/ptolemy/actor/lib/test/auto/Lattice.xml
1 ms. Memory: 304128K Free: 136592K (45%)
----------------- Invoking toplevel() on ptolemy.moml.MoMLSimpleApplication@47961d9a
----------------- Done invoking toplevel() on ptolemy.moml.MoMLSimpleApplication@47961d9a
reloadAllAccessors: .Lattice

===========================================================================================
----------------- testing Thu Jan 02 06:40:34 UTC 2020 /home/travis/build/icyphy/ptII/ptolemy/actor/lib/test/auto/LazyAOCTestLazy.xml
----------------- Instantiating /home/travis/build/icyphy/ptII/ptolemy/actor/lib/test/auto/LazyAOCTestLazy.xml
7 ms. Memory: 304128K Free: 130448K (43%)
----------------- Invoking toplevel() on ptolemy.moml.MoMLSimpleApplication@33edd693
----------------- Done invoking toplevel() on ptolemy.moml.MoMLSimpleApplication@33edd693
reloadAllAccessors: .LazyAOCTestLazy

===========================================================================================
----------------- testing Thu Jan 02 06:40:34 UTC 2020 /home/travis/build/icyphy/ptII/ptolemy/actor/lib/test/auto/LazyAOCTestNonLazy.xml
----------------- Instantiating /home/travis/build/icyphy/ptII/ptolemy/actor/lib/test/auto/LazyAOCTestNonLazy.xml
1 ms. Memory: 304128K Free: 123790K (41%)
----------------- Invoking toplevel() on ptolemy.moml.MoMLSimpleApplication@53ad385b
----------------- Done invoking toplevel() on ptolemy.moml.MoMLSimpleApplication@53ad385b
reloadAllAccessors: .LazyAOCTestNonLazy

===========================================================================================
----------------- testing Thu Jan 02 06:40:34 UTC 2020 /home/travis/build/icyphy/ptII/ptolemy/actor/lib/test/auto/LazyInnerClass.xml
----------------- Instantiating /home/travis/build/icyphy/ptII/ptolemy/actor/lib/test/auto/LazyInnerClass.xml
15 ms. Memory: 304128K Free: 115088K (38%)
----------------- Invoking toplevel() on ptolemy.moml.MoMLSimpleApplication@261a9858
----------------- Done invoking toplevel() on ptolemy.moml.MoMLSimpleApplication@261a9858
reloadAllAccessors: .LazyInnerClass

===========================================================================================
----------------- testing Thu Jan 02 06:40:34 UTC 2020 /home/travis/build/icyphy/ptII/ptolemy/actor/lib/test/auto/LazyPubSub.xml
----------------- Instantiating /home/travis/build/icyphy/ptII/ptolemy/actor/lib/test/auto/LazyPubSub.xml
17 ms. Memory: 304128K Free: 104334K (34%)
----------------- Invoking toplevel() on ptolemy.moml.MoMLSimpleApplication@debbee3
----------------- Done invoking toplevel() on ptolemy.moml.MoMLSimpleApplication@debbee3
reloadAllAccessors: .LazyPubSub

===========================================================================================
----------------- testing Thu Jan 02 06:40:34 UTC 2020 /home/travis/build/icyphy/ptII/ptolemy/actor/lib/test/auto/LazyPubSub2.xml
----------------- Instantiating /home/travis/build/icyphy/ptII/ptolemy/actor/lib/test/auto/LazyPubSub2.xml
20 ms. Memory: 304128K Free: 94094K (31%)
----------------- Invoking toplevel() on ptolemy.moml.MoMLSimpleApplication@6046ecfe
----------------- Done invoking toplevel() on ptolemy.moml.MoMLSimpleApplication@6046ecfe
reloadAllAccessors: .LazyPubSub2

===========================================================================================
----------------- testing Thu Jan 02 06:40:34 UTC 2020 /home/travis/build/icyphy/ptII/ptolemy/actor/lib/test/auto/LazyPubSub3.xml
----------------- Instantiating /home/travis/build/icyphy/ptII/ptolemy/actor/lib/test/auto/LazyPubSub3.xml
14 ms. Memory: 304128K Free: 83854K (28%)
----------------- Invoking toplevel() on ptolemy.moml.MoMLSimpleApplication@75d823f3
----------------- Done invoking toplevel() on ptolemy.moml.MoMLSimpleApplication@75d823f3
reloadAllAccessors: .LazyPubSub3

===========================================================================================
----------------- testing Thu Jan 02 06:40:34 UTC 2020 /home/travis/build/icyphy/ptII/ptolemy/actor/lib/test/auto/LazySubClassModel.xml
----------------- Instantiating /home/travis/build/icyphy/ptII/ptolemy/actor/lib/test/auto/LazySubClassModel.xml
9 ms. Memory: 304128K Free: 254905K (84%)
----------------- Invoking toplevel() on ptolemy.moml.MoMLSimpleApplication@123d9acf
----------------- Done invoking toplevel() on ptolemy.moml.MoMLSimpleApplication@123d9acf
reloadAllAccessors: .LazySubClassModel

===========================================================================================
----------------- testing Thu Jan 02 06:40:34 UTC 2020 /home/travis/build/icyphy/ptII/ptolemy/actor/lib/test/auto/LevelCrossTest1.xml
----------------- Instantiating /home/travis/build/icyphy/ptII/ptolemy/actor/lib/test/auto/LevelCrossTest1.xml
1 ms. Memory: 304128K Free: 249267K (82%)
----------------- Invoking toplevel() on ptolemy.moml.MoMLSimpleApplication@5152e64c
----------------- Done invoking toplevel() on ptolemy.moml.MoMLSimpleApplication@5152e64c
reloadAllAccessors: .broken

===========================================================================================
----------------- testing Thu Jan 02 06:40:34 UTC 2020 /home/travis/build/icyphy/ptII/ptolemy/actor/lib/test/auto/LevelCrossTest10.xml
----------------- Instantiating /home/travis/build/icyphy/ptII/ptolemy/actor/lib/test/auto/LevelCrossTest10.xml
1 ms. Memory: 304128K Free: 241589K (79%)
----------------- Invoking toplevel() on ptolemy.moml.MoMLSimpleApplication@79bc66f8
----------------- Done invoking toplevel() on ptolemy.moml.MoMLSimpleApplication@79bc66f8
reloadAllAccessors: .LevelCrossTest10

===========================================================================================
----------------- testing Thu Jan 02 06:40:34 UTC 2020 /home/travis/build/icyphy/ptII/ptolemy/actor/lib/test/auto/LevelCrossTest11.xml
----------------- Instantiating /home/travis/build/icyphy/ptII/ptolemy/actor/lib/test/auto/LevelCrossTest11.xml
2 ms. Memory: 304128K Free: 234421K (77%)
----------------- Invoking toplevel() on ptolemy.moml.MoMLSimpleApplication@63ef454e
----------------- Done invoking toplevel() on ptolemy.moml.MoMLSimpleApplication@63ef454e
reloadAllAccessors: .LevelCrossTest11

===========================================================================================
----------------- testing Thu Jan 02 06:40:34 UTC 2020 /home/travis/build/icyphy/ptII/ptolemy/actor/lib/test/auto/LevelCrossTest12.xml
----------------- Instantiating /home/travis/build/icyphy/ptII/ptolemy/actor/lib/test/auto/LevelCrossTest12.xml
0 ms. Memory: 304128K Free: 227763K (75%)
----------------- Invoking toplevel() on ptolemy.moml.MoMLSimpleApplication@53694921
----------------- Done invoking toplevel() on ptolemy.moml.MoMLSimpleApplication@53694921
reloadAllAccessors: .LevelCrossTest12

===========================================================================================
----------------- testing Thu Jan 02 06:40:34 UTC 2020 /home/travis/build/icyphy/ptII/ptolemy/actor/lib/test/auto/LevelCrossTest13.xml
----------------- Instantiating /home/travis/build/icyphy/ptII/ptolemy/actor/lib/test/auto/LevelCrossTest13.xml
1 ms. Memory: 304128K Free: 219571K (72%)
----------------- Invoking toplevel() on ptolemy.moml.MoMLSimpleApplication@199816b8
----------------- Done invoking toplevel() on ptolemy.moml.MoMLSimpleApplication@199816b8
reloadAllAccessors: .LevelCrossTest13

===========================================================================================
----------------- testing Thu Jan 02 06:40:34 UTC 2020 /home/travis/build/icyphy/ptII/ptolemy/actor/lib/test/auto/LevelCrossTest2.xml
----------------- Instantiating /home/travis/build/icyphy/ptII/ptolemy/actor/lib/test/auto/LevelCrossTest2.xml
1 ms. Memory: 304128K Free: 213941K (70%)
----------------- Invoking toplevel() on ptolemy.moml.MoMLSimpleApplication@68e1a63d
----------------- Done invoking toplevel() on ptolemy.moml.MoMLSimpleApplication@68e1a63d
reloadAllAccessors: .broken

===========================================================================================
----------------- testing Thu Jan 02 06:40:34 UTC 2020 /home/travis/build/icyphy/ptII/ptolemy/actor/lib/test/auto/LevelCrossTest3.xml
----------------- Instantiating /home/travis/build/icyphy/ptII/ptolemy/actor/lib/test/auto/LevelCrossTest3.xml
2 ms. Memory: 304128K Free: 207797K (68%)
----------------- Invoking toplevel() on ptolemy.moml.MoMLSimpleApplication@7851d309
----------------- Done invoking toplevel() on ptolemy.moml.MoMLSimpleApplication@7851d309
reloadAllAccessors: .LevelCrossTest3

===========================================================================================
----------------- testing Thu Jan 02 06:40:34 UTC 2020 /home/travis/build/icyphy/ptII/ptolemy/actor/lib/test/auto/LevelCrossTest4.xml
----------------- Instantiating /home/travis/build/icyphy/ptII/ptolemy/actor/lib/test/auto/LevelCrossTest4.xml
1 ms. Memory: 304128K Free: 202163K (66%)
----------------- Invoking toplevel() on ptolemy.moml.MoMLSimpleApplication@2286bb3d
----------------- Done invoking toplevel() on ptolemy.moml.MoMLSimpleApplication@2286bb3d
reloadAllAccessors: .broken

===========================================================================================
----------------- testing Thu Jan 02 06:40:34 UTC 2020 /home/travis/build/icyphy/ptII/ptolemy/actor/lib/test/auto/LevelCrossTest5.xml
----------------- Instantiating /home/travis/build/icyphy/ptII/ptolemy/actor/lib/test/auto/LevelCrossTest5.xml
3 ms. Memory: 304128K Free: 194485K (64%)
----------------- Invoking toplevel() on ptolemy.moml.MoMLSimpleApplication@368751db
----------------- Done invoking toplevel() on ptolemy.moml.MoMLSimpleApplication@368751db
reloadAllAccessors: .LevelCrossTest5

===========================================================================================
----------------- testing Thu Jan 02 06:40:34 UTC 2020 /home/travis/build/icyphy/ptII/ptolemy/actor/lib/test/auto/LevelCrossTest6.xml
----------------- Instantiating /home/travis/build/icyphy/ptII/ptolemy/actor/lib/test/auto/LevelCrossTest6.xml
1 ms. Memory: 304128K Free: 188341K (62%)
----------------- Invoking toplevel() on ptolemy.moml.MoMLSimpleApplication@6e876b99
----------------- Done invoking toplevel() on ptolemy.moml.MoMLSimpleApplication@6e876b99
reloadAllAccessors: .LevelCrossTest6

===========================================================================================
----------------- testing Thu Jan 02 06:40:34 UTC 2020 /home/travis/build/icyphy/ptII/ptolemy/actor/lib/test/auto/LevelCrossTest7.xml
----------------- Instantiating /home/travis/build/icyphy/ptII/ptolemy/actor/lib/test/auto/LevelCrossTest7.xml
1 ms. Memory: 304128K Free: 181683K (60%)
----------------- Invoking toplevel() on ptolemy.moml.MoMLSimpleApplication@1470db23
----------------- Done invoking toplevel() on ptolemy.moml.MoMLSimpleApplication@1470db23
reloadAllAccessors: .LevelCrossTest7

===========================================================================================
----------------- testing Thu Jan 02 06:40:34 UTC 2020 /home/travis/build/icyphy/ptII/ptolemy/actor/lib/test/auto/LevelCrossTest8.xml
----------------- Instantiating /home/travis/build/icyphy/ptII/ptolemy/actor/lib/test/auto/LevelCrossTest8.xml
1 ms. Memory: 304128K Free: 174515K (57%)
----------------- Invoking toplevel() on ptolemy.moml.MoMLSimpleApplication@fabf76b
----------------- Done invoking toplevel() on ptolemy.moml.MoMLSimpleApplication@fabf76b
reloadAllAccessors: .LevelCrossTest8

===========================================================================================
----------------- testing Thu Jan 02 06:40:34 UTC 2020 /home/travis/build/icyphy/ptII/ptolemy/actor/lib/test/auto/LevelCrossTest9.xml
----------------- Instantiating /home/travis/build/icyphy/ptII/ptolemy/actor/lib/test/auto/LevelCrossTest9.xml
2 ms. Memory: 304128K Free: 167861K (55%)
----------------- Invoking toplevel() on ptolemy.moml.MoMLSimpleApplication@2fa770f0
----------------- Done invoking toplevel() on ptolemy.moml.MoMLSimpleApplication@2fa770f0
reloadAllAccessors: .LevelCrossTest9

===========================================================================================
----------------- testing Thu Jan 02 06:40:34 UTC 2020 /home/travis/build/icyphy/ptII/ptolemy/actor/lib/test/auto/LevinsonDurbin.xml
----------------- Instantiating /home/travis/build/icyphy/ptII/ptolemy/actor/lib/test/auto/LevinsonDurbin.xml
1 ms. Memory: 304128K Free: 163765K (54%)
----------------- Invoking toplevel() on ptolemy.moml.MoMLSimpleApplication@62050f1e
----------------- Done invoking toplevel() on ptolemy.moml.MoMLSimpleApplication@62050f1e
reloadAllAccessors: .LevinsonDurbin

===========================================================================================
----------------- testing Thu Jan 02 06:40:34 UTC 2020 /home/travis/build/icyphy/ptII/ptolemy/actor/lib/test/auto/LevinsonDurbin2.xml
----------------- Instantiating /home/travis/build/icyphy/ptII/ptolemy/actor/lib/test/auto/LevinsonDurbin2.xml
5 ms. Memory: 304128K Free: 159669K (53%)
----------------- Invoking toplevel() on ptolemy.moml.MoMLSimpleApplication@4dbfb2e2
----------------- Done invoking toplevel() on ptolemy.moml.MoMLSimpleApplication@4dbfb2e2
reloadAllAccessors: .LevinsonDurbin2

===========================================================================================
----------------- testing Thu Jan 02 06:40:34 UTC 2020 /home/travis/build/icyphy/ptII/ptolemy/actor/lib/test/auto/LevinsonDurbin3.xml
----------------- Instantiating /home/travis/build/icyphy/ptII/ptolemy/actor/lib/test/auto/LevinsonDurbin3.xml
8 ms. Memory: 304128K Free: 155573K (51%)
----------------- Invoking toplevel() on ptolemy.moml.MoMLSimpleApplication@58539dcb
----------------- Done invoking toplevel() on ptolemy.moml.MoMLSimpleApplication@58539dcb
reloadAllAccessors: .LevinsonDurbin3

===========================================================================================
----------------- testing Thu Jan 02 06:40:34 UTC 2020 /home/travis/build/icyphy/ptII/ptolemy/actor/lib/test/auto/Limiter.xml
----------------- Instantiating /home/travis/build/icyphy/ptII/ptolemy/actor/lib/test/auto/Limiter.xml
4 ms. Memory: 304128K Free: 146357K (48%)
----------------- Invoking toplevel() on ptolemy.moml.MoMLSimpleApplication@10b9adc4
----------------- Done invoking toplevel() on ptolemy.moml.MoMLSimpleApplication@10b9adc4
reloadAllAccessors: .Limiter

===========================================================================================
----------------- testing Thu Jan 02 06:40:34 UTC 2020 /home/travis/build/icyphy/ptII/ptolemy/actor/lib/test/auto/LinearDifferenceEquationSystem.xml
----------------- Instantiating /home/travis/build/icyphy/ptII/ptolemy/actor/lib/test/auto/LinearDifferenceEquationSystem.xml
3 ms. Memory: 304128K Free: 138675K (46%)
----------------- Invoking toplevel() on ptolemy.moml.MoMLSimpleApplication@6006a367
----------------- Done invoking toplevel() on ptolemy.moml.MoMLSimpleApplication@6006a367
reloadAllAccessors: .LinearDifferenceEquationSystem

===========================================================================================
----------------- testing Thu Jan 02 06:40:34 UTC 2020 /home/travis/build/icyphy/ptII/ptolemy/actor/lib/test/auto/LookupTable.xml
----------------- Instantiating /home/travis/build/icyphy/ptII/ptolemy/actor/lib/test/auto/LookupTable.xml
1 ms. Memory: 304128K Free: 134069K (44%)
----------------- Invoking toplevel() on ptolemy.moml.MoMLSimpleApplication@2473539
----------------- Done invoking toplevel() on ptolemy.moml.MoMLSimpleApplication@2473539
reloadAllAccessors: .LookupTable

===========================================================================================
----------------- testing Thu Jan 02 06:40:34 UTC 2020 /home/travis/build/icyphy/ptII/ptolemy/actor/lib/test/auto/MathFunction.xml
----------------- Instantiating /home/travis/build/icyphy/ptII/ptolemy/actor/lib/test/auto/MathFunction.xml
2 ms. Memory: 304128K Free: 125877K (41%)
----------------- Invoking toplevel() on ptolemy.moml.MoMLSimpleApplication@6967ee3
----------------- Done invoking toplevel() on ptolemy.moml.MoMLSimpleApplication@6967ee3
reloadAllAccessors: .MathFunction

===========================================================================================
----------------- testing Thu Jan 02 06:40:34 UTC 2020 /home/travis/build/icyphy/ptII/ptolemy/actor/lib/test/auto/MathFunction2.xml
----------------- Instantiating /home/travis/build/icyphy/ptII/ptolemy/actor/lib/test/auto/MathFunction2.xml
3 ms. Memory: 304128K Free: 121781K (40%)
----------------- Invoking toplevel() on ptolemy.moml.MoMLSimpleApplication@2dc4037d
----------------- Done invoking toplevel() on ptolemy.moml.MoMLSimpleApplication@2dc4037d
reloadAllAccessors: .MathFunction2

===========================================================================================
----------------- testing Thu Jan 02 06:40:34 UTC 2020 /home/travis/build/icyphy/ptII/ptolemy/actor/lib/test/auto/MathFunction3.xml
----------------- Instantiating /home/travis/build/icyphy/ptII/ptolemy/actor/lib/test/auto/MathFunction3.xml
2 ms. Memory: 304128K Free: 114613K (38%)
----------------- Invoking toplevel() on ptolemy.moml.MoMLSimpleApplication@74a6a84b
----------------- Done invoking toplevel() on ptolemy.moml.MoMLSimpleApplication@74a6a84b
reloadAllAccessors: .MathFunction3

===========================================================================================
----------------- testing Thu Jan 02 06:40:35 UTC 2020 /home/travis/build/icyphy/ptII/ptolemy/actor/lib/test/auto/MatrixCropBoolean.xml
----------------- Instantiating /home/travis/build/icyphy/ptII/ptolemy/actor/lib/test/auto/MatrixCropBoolean.xml
1 ms. Memory: 304128K Free: 109493K (36%)
----------------- Invoking toplevel() on ptolemy.moml.MoMLSimpleApplication@3576b22f
----------------- Done invoking toplevel() on ptolemy.moml.MoMLSimpleApplication@3576b22f
reloadAllAccessors: .MatrixCropBoolean

===========================================================================================
----------------- testing Thu Jan 02 06:40:35 UTC 2020 /home/travis/build/icyphy/ptII/ptolemy/actor/lib/test/auto/MatrixCropComplex.xml
----------------- Instantiating /home/travis/build/icyphy/ptII/ptolemy/actor/lib/test/auto/MatrixCropComplex.xml
1 ms. Memory: 304128K Free: 104373K (34%)
----------------- Invoking toplevel() on ptolemy.moml.MoMLSimpleApplication@35ba40e6
----------------- Done invoking toplevel() on ptolemy.moml.MoMLSimpleApplication@35ba40e6
reloadAllAccessors: .MatrixCropComplex

===========================================================================================
----------------- testing Thu Jan 02 06:40:35 UTC 2020 /home/travis/build/icyphy/ptII/ptolemy/actor/lib/test/auto/MatrixCropDouble.xml
----------------- Instantiating /home/travis/build/icyphy/ptII/ptolemy/actor/lib/test/auto/MatrixCropDouble.xml
3 ms. Memory: 304128K Free: 99733K (33%)
----------------- Invoking toplevel() on ptolemy.moml.MoMLSimpleApplication@723304ce
----------------- Done invoking toplevel() on ptolemy.moml.MoMLSimpleApplication@723304ce
reloadAllAccessors: .MatrixCropDouble

===========================================================================================
----------------- testing Thu Jan 02 06:40:35 UTC 2020 /home/travis/build/icyphy/ptII/ptolemy/actor/lib/test/auto/MatrixCropFix.xml
----------------- Instantiating /home/travis/build/icyphy/ptII/ptolemy/actor/lib/test/auto/MatrixCropFix.xml
2 ms. Memory: 304128K Free: 94629K (31%)
----------------- Invoking toplevel() on ptolemy.moml.MoMLSimpleApplication@4afbfa57
----------------- Done invoking toplevel() on ptolemy.moml.MoMLSimpleApplication@4afbfa57
reloadAllAccessors: .MatrixCropFix

===========================================================================================
----------------- testing Thu Jan 02 06:40:35 UTC 2020 /home/travis/build/icyphy/ptII/ptolemy/actor/lib/test/auto/MatrixCropInt.xml
----------------- Instantiating /home/travis/build/icyphy/ptII/ptolemy/actor/lib/test/auto/MatrixCropInt.xml
2 ms. Memory: 304128K Free: 89493K (29%)
----------------- Invoking toplevel() on ptolemy.moml.MoMLSimpleApplication@3636192c
----------------- Done invoking toplevel() on ptolemy.moml.MoMLSimpleApplication@3636192c
reloadAllAccessors: .MatrixCropInt

===========================================================================================
----------------- testing Thu Jan 02 06:40:35 UTC 2020 /home/travis/build/icyphy/ptII/ptolemy/actor/lib/test/auto/MatrixCropLong.xml
----------------- Instantiating /home/travis/build/icyphy/ptII/ptolemy/actor/lib/test/auto/MatrixCropLong.xml
3 ms. Memory: 304128K Free: 84373K (28%)
----------------- Invoking toplevel() on ptolemy.moml.MoMLSimpleApplication@2f787973
----------------- Done invoking toplevel() on ptolemy.moml.MoMLSimpleApplication@2f787973
reloadAllAccessors: .MatrixCropLong

===========================================================================================
----------------- testing Thu Jan 02 06:40:35 UTC 2020 /home/travis/build/icyphy/ptII/ptolemy/actor/lib/test/auto/MatrixToArray.xml
----------------- Instantiating /home/travis/build/icyphy/ptII/ptolemy/actor/lib/test/auto/MatrixToArray.xml
5 ms. Memory: 304128K Free: 248001K (82%)
----------------- Invoking toplevel() on ptolemy.moml.MoMLSimpleApplication@7e5da9f6
----------------- Done invoking toplevel() on ptolemy.moml.MoMLSimpleApplication@7e5da9f6
reloadAllAccessors: .MatrixToArray

===========================================================================================
----------------- testing Thu Jan 02 06:40:35 UTC 2020 /home/travis/build/icyphy/ptII/ptolemy/actor/lib/test/auto/MaxIndex.xml
----------------- Instantiating /home/travis/build/icyphy/ptII/ptolemy/actor/lib/test/auto/MaxIndex.xml
1 ms. Memory: 304128K Free: 242881K (80%)
----------------- Invoking toplevel() on ptolemy.moml.MoMLSimpleApplication@51d689b4
----------------- Done invoking toplevel() on ptolemy.moml.MoMLSimpleApplication@51d689b4
reloadAllAccessors: .MaxIndex

===========================================================================================
----------------- testing Thu Jan 02 06:40:35 UTC 2020 /home/travis/build/icyphy/ptII/ptolemy/actor/lib/test/auto/Maximum.xml
----------------- Instantiating /home/travis/build/icyphy/ptII/ptolemy/actor/lib/test/auto/Maximum.xml
3 ms. Memory: 304128K Free: 236227K (78%)
----------------- Invoking toplevel() on ptolemy.moml.MoMLSimpleApplication@75e55770
----------------- Done invoking toplevel() on ptolemy.moml.MoMLSimpleApplication@75e55770
reloadAllAccessors: .Maximum

===========================================================================================
----------------- testing Thu Jan 02 06:40:35 UTC 2020 /home/travis/build/icyphy/ptII/ptolemy/actor/lib/test/auto/MaximumComplex.xml
----------------- Instantiating /home/travis/build/icyphy/ptII/ptolemy/actor/lib/test/auto/MaximumComplex.xml
3 ms. Memory: 304128K Free: 230083K (76%)
----------------- Invoking toplevel() on ptolemy.moml.MoMLSimpleApplication@318de68
----------------- Done invoking toplevel() on ptolemy.moml.MoMLSimpleApplication@318de68
reloadAllAccessors: .MaximumComplex

===========================================================================================
----------------- testing Thu Jan 02 06:40:35 UTC 2020 /home/travis/build/icyphy/ptII/ptolemy/actor/lib/test/auto/MethodCallTest.xml
----------------- Instantiating /home/travis/build/icyphy/ptII/ptolemy/actor/lib/test/auto/MethodCallTest.xml
3 ms. Memory: 304128K Free: 223425K (73%)
----------------- Invoking toplevel() on ptolemy.moml.MoMLSimpleApplication@222878d9
----------------- Done invoking toplevel() on ptolemy.moml.MoMLSimpleApplication@222878d9
reloadAllAccessors: .MethodCallTest

===========================================================================================
----------------- testing Thu Jan 02 06:40:35 UTC 2020 /home/travis/build/icyphy/ptII/ptolemy/actor/lib/test/auto/Minimum.xml
----------------- Instantiating /home/travis/build/icyphy/ptII/ptolemy/actor/lib/test/auto/Minimum.xml
2 ms. Memory: 304128K Free: 216771K (71%)
----------------- Invoking toplevel() on ptolemy.moml.MoMLSimpleApplication@5f340a62
----------------- Done invoking toplevel() on ptolemy.moml.MoMLSimpleApplication@5f340a62
reloadAllAccessors: .Minimum

===========================================================================================
----------------- testing Thu Jan 02 06:40:35 UTC 2020 /home/travis/build/icyphy/ptII/ptolemy/actor/lib/test/auto/MinimumComplex.xml
----------------- Instantiating /home/travis/build/icyphy/ptII/ptolemy/actor/lib/test/auto/MinimumComplex.xml
3 ms. Memory: 304128K Free: 210627K (69%)
----------------- Invoking toplevel() on ptolemy.moml.MoMLSimpleApplication@6ff786bf
----------------- Done invoking toplevel() on ptolemy.moml.MoMLSimpleApplication@6ff786bf
reloadAllAccessors: .MinimumComplex

===========================================================================================
----------------- testing Thu Jan 02 06:40:35 UTC 2020 /home/travis/build/icyphy/ptII/ptolemy/actor/lib/test/auto/MinimumMultiports.xml
----------------- Instantiating /home/travis/build/icyphy/ptII/ptolemy/actor/lib/test/auto/MinimumMultiports.xml
3 ms. Memory: 304128K Free: 201907K (66%)
----------------- Invoking toplevel() on ptolemy.moml.MoMLSimpleApplication@190f3eab
----------------- Done invoking toplevel() on ptolemy.moml.MoMLSimpleApplication@190f3eab
reloadAllAccessors: .MinimumMultiports

===========================================================================================
----------------- testing Thu Jan 02 06:40:35 UTC 2020 /home/travis/build/icyphy/ptII/ptolemy/actor/lib/test/auto/ModifyDate.xml
----------------- Instantiating /home/travis/build/icyphy/ptII/ptolemy/actor/lib/test/auto/ModifyDate.xml
9 ms. Memory: 304128K Free: 189123K (62%)
----------------- Invoking toplevel() on ptolemy.moml.MoMLSimpleApplication@4e4a9453
----------------- Done invoking toplevel() on ptolemy.moml.MoMLSimpleApplication@4e4a9453
reloadAllAccessors: .ModifyDate

===========================================================================================
----------------- testing Thu Jan 02 06:40:35 UTC 2020 /home/travis/build/icyphy/ptII/ptolemy/actor/lib/test/auto/ModifyDate2.xml
----------------- Instantiating /home/travis/build/icyphy/ptII/ptolemy/actor/lib/test/auto/ModifyDate2.xml
3 ms. Memory: 304128K Free: 180417K (59%)
----------------- Invoking toplevel() on ptolemy.moml.MoMLSimpleApplication@61394afa
----------------- Done invoking toplevel() on ptolemy.moml.MoMLSimpleApplication@61394afa
reloadAllAccessors: .ModifyDate2

===========================================================================================
----------------- testing Thu Jan 02 06:40:35 UTC 2020 /home/travis/build/icyphy/ptII/ptolemy/actor/lib/test/auto/MovingAverage.xml
----------------- Instantiating /home/travis/build/icyphy/ptII/ptolemy/actor/lib/test/auto/MovingAverage.xml
10 ms. Memory: 304128K Free: 175297K (58%)
----------------- Invoking toplevel() on ptolemy.moml.MoMLSimpleApplication@439c76ca
----------------- Done invoking toplevel() on ptolemy.moml.MoMLSimpleApplication@439c76ca
reloadAllAccessors: .MovingAverage

===========================================================================================
----------------- testing Thu Jan 02 06:40:35 UTC 2020 /home/travis/build/icyphy/ptII/ptolemy/actor/lib/test/auto/MovingMaximum.xml
----------------- Instantiating /home/travis/build/icyphy/ptII/ptolemy/actor/lib/test/auto/MovingMaximum.xml
1 ms. Memory: 304128K Free: 170691K (56%)
----------------- Invoking toplevel() on ptolemy.moml.MoMLSimpleApplication@758d4140
----------------- Done invoking toplevel() on ptolemy.moml.MoMLSimpleApplication@758d4140
reloadAllAccessors: .MovingMaximum

===========================================================================================
----------------- testing Thu Jan 02 06:40:35 UTC 2020 /home/travis/build/icyphy/ptII/ptolemy/actor/lib/test/auto/MultipleLinksToSameRelation.xml
----------------- Instantiating /home/travis/build/icyphy/ptII/ptolemy/actor/lib/test/auto/MultipleLinksToSameRelation.xml
4 ms. Memory: 304128K Free: 166595K (55%)
----------------- Invoking toplevel() on ptolemy.moml.MoMLSimpleApplication@7cf2fa05
----------------- Done invoking toplevel() on ptolemy.moml.MoMLSimpleApplication@7cf2fa05
reloadAllAccessors: .MultipleLinksToSameRelation

===========================================================================================
----------------- testing Thu Jan 02 06:40:35 UTC 2020 /home/travis/build/icyphy/ptII/ptolemy/actor/lib/test/auto/MultipleLinksToSameRelationDE.xml
----------------- Instantiating /home/travis/build/icyphy/ptII/ptolemy/actor/lib/test/auto/MultipleLinksToSameRelationDE.xml
2 ms. Memory: 304128K Free: 161971K (53%)
----------------- Invoking toplevel() on ptolemy.moml.MoMLSimpleApplication@2ab74ae4
----------------- Done invoking toplevel() on ptolemy.moml.MoMLSimpleApplication@2ab74ae4
reloadAllAccessors: .MultipleLinksToSameRelationDE

===========================================================================================
----------------- testing Thu Jan 02 06:40:35 UTC 2020 /home/travis/build/icyphy/ptII/ptolemy/actor/lib/test/auto/Multiplexor.xml
----------------- Instantiating /home/travis/build/icyphy/ptII/ptolemy/actor/lib/test/auto/Multiplexor.xml
2 ms. Memory: 304128K Free: 156355K (51%)
----------------- Invoking toplevel() on ptolemy.moml.MoMLSimpleApplication@5444df5a
----------------- Done invoking toplevel() on ptolemy.moml.MoMLSimpleApplication@5444df5a
reloadAllAccessors: .Multiplexor

===========================================================================================
----------------- testing Thu Jan 02 06:40:35 UTC 2020 /home/travis/build/icyphy/ptII/ptolemy/actor/lib/test/auto/Multiplexor1.xml
----------------- Instantiating /home/travis/build/icyphy/ptII/ptolemy/actor/lib/test/auto/Multiplexor1.xml
2 ms. Memory: 304128K Free: 150715K (50%)
----------------- Invoking toplevel() on ptolemy.moml.MoMLSimpleApplication@4f8addb6
----------------- Done invoking toplevel() on ptolemy.moml.MoMLSimpleApplication@4f8addb6
reloadAllAccessors: .Multiplexor1

===========================================================================================
----------------- testing Thu Jan 02 06:40:35 UTC 2020 /home/travis/build/icyphy/ptII/ptolemy/actor/lib/test/auto/Multiplexor2.xml
----------------- Instantiating /home/travis/build/icyphy/ptII/ptolemy/actor/lib/test/auto/Multiplexor2.xml
6 ms. Memory: 304128K Free: 144067K (47%)
----------------- Invoking toplevel() on ptolemy.moml.MoMLSimpleApplication@5feb071a
----------------- Done invoking toplevel() on ptolemy.moml.MoMLSimpleApplication@5feb071a
reloadAllAccessors: .Multiplexor2

===========================================================================================
----------------- testing Thu Jan 02 06:40:35 UTC 2020 /home/travis/build/icyphy/ptII/ptolemy/actor/lib/test/auto/Multiplexor3.xml
----------------- Instantiating /home/travis/build/icyphy/ptII/ptolemy/actor/lib/test/auto/Multiplexor3.xml
1 ms. Memory: 304128K Free: 139971K (46%)
----------------- Invoking toplevel() on ptolemy.moml.MoMLSimpleApplication@352f604d
----------------- Done invoking toplevel() on ptolemy.moml.MoMLSimpleApplication@352f604d
reloadAllAccessors: .Multiplexor3

===========================================================================================
----------------- testing Thu Jan 02 06:40:35 UTC 2020 /home/travis/build/icyphy/ptII/ptolemy/actor/lib/test/auto/MultiplexorDE.xml
----------------- Instantiating /home/travis/build/icyphy/ptII/ptolemy/actor/lib/test/auto/MultiplexorDE.xml
2 ms. Memory: 304128K Free: 132259K (43%)
----------------- Invoking toplevel() on ptolemy.moml.MoMLSimpleApplication@60be1b3
----------------- Done invoking toplevel() on ptolemy.moml.MoMLSimpleApplication@60be1b3
reloadAllAccessors: .MultiplexorDE

===========================================================================================
----------------- testing Thu Jan 02 06:40:35 UTC 2020 /home/travis/build/icyphy/ptII/ptolemy/actor/lib/test/auto/MultiportBroadcastTest.xml
----------------- Instantiating /home/travis/build/icyphy/ptII/ptolemy/actor/lib/test/auto/MultiportBroadcastTest.xml
89 ms. Memory: 304128K Free: 126139K (41%)
----------------- Invoking toplevel() on ptolemy.moml.MoMLSimpleApplication@3c3bf72b
----------------- Done invoking toplevel() on ptolemy.moml.MoMLSimpleApplication@3c3bf72b
reloadAllAccessors: .MultiportBroadcastTest

===========================================================================================
----------------- testing Thu Jan 02 06:40:35 UTC 2020 /home/travis/build/icyphy/ptII/ptolemy/actor/lib/test/auto/MultiportOutHangDuringGetWidth.xml
----------------- Instantiating /home/travis/build/icyphy/ptII/ptolemy/actor/lib/test/auto/MultiportOutHangDuringGetWidth.xml
5 ms. Memory: 304128K Free: 113347K (37%)
----------------- Invoking toplevel() on ptolemy.moml.MoMLSimpleApplication@72fff6ef
----------------- Done invoking toplevel() on ptolemy.moml.MoMLSimpleApplication@72fff6ef
reloadAllAccessors: .MultiportOutHangDuringGetWidth

===========================================================================================
----------------- testing Thu Jan 02 06:40:35 UTC 2020 /home/travis/build/icyphy/ptII/ptolemy/actor/lib/test/auto/NilToken.xml
----------------- Instantiating /home/travis/build/icyphy/ptII/ptolemy/actor/lib/test/auto/NilToken.xml
1 ms. Memory: 304128K Free: 108737K (36%)
----------------- Invoking toplevel() on ptolemy.moml.MoMLSimpleApplication@3b68fd6
----------------- Done invoking toplevel() on ptolemy.moml.MoMLSimpleApplication@3b68fd6
reloadAllAccessors: .NilToken

===========================================================================================
----------------- testing Thu Jan 02 06:40:35 UTC 2020 /home/travis/build/icyphy/ptII/ptolemy/actor/lib/test/auto/NilTokenNonStrictTest.xml
----------------- Instantiating /home/travis/build/icyphy/ptII/ptolemy/actor/lib/test/auto/NilTokenNonStrictTest.xml
1 ms. Memory: 304128K Free: 103617K (34%)
----------------- Invoking toplevel() on ptolemy.moml.MoMLSimpleApplication@54b6a39
----------------- Done invoking toplevel() on ptolemy.moml.MoMLSimpleApplication@54b6a39
reloadAllAccessors: .NilTokenNonStrictTest

===========================================================================================
----------------- testing Thu Jan 02 06:40:35 UTC 2020 /home/travis/build/icyphy/ptII/ptolemy/actor/lib/test/auto/NilTokenRecord.xml
----------------- Instantiating /home/travis/build/icyphy/ptII/ptolemy/actor/lib/test/auto/NilTokenRecord.xml
9 ms. Memory: 304128K Free: 96963K (32%)
----------------- Invoking toplevel() on ptolemy.moml.MoMLSimpleApplication@fe70bb3
----------------- Done invoking toplevel() on ptolemy.moml.MoMLSimpleApplication@fe70bb3
reloadAllAccessors: .NilTokenRecord

===========================================================================================
----------------- testing Thu Jan 02 06:40:35 UTC 2020 /home/travis/build/icyphy/ptII/ptolemy/actor/lib/test/auto/NilTokenTypeTest.xml
----------------- Instantiating /home/travis/build/icyphy/ptII/ptolemy/actor/lib/test/auto/NilTokenTypeTest.xml
3 ms. Memory: 304128K Free: 87233K (29%)
----------------- Invoking toplevel() on ptolemy.moml.MoMLSimpleApplication@75f8041c
----------------- Done invoking toplevel() on ptolemy.moml.MoMLSimpleApplication@75f8041c
reloadAllAccessors: .NilTokenTypeTest

===========================================================================================
----------------- testing Thu Jan 02 06:40:35 UTC 2020 /home/travis/build/icyphy/ptII/ptolemy/actor/lib/test/auto/ObjectToken1.xml
----------------- Instantiating /home/travis/build/icyphy/ptII/ptolemy/actor/lib/test/auto/ObjectToken1.xml
2 ms. Memory: 304128K Free: 83137K (27%)
----------------- Invoking toplevel() on ptolemy.moml.MoMLSimpleApplication@4afea32
----------------- Done invoking toplevel() on ptolemy.moml.MoMLSimpleApplication@4afea32
reloadAllAccessors: .ObjectToken1

===========================================================================================
----------------- testing Thu Jan 02 06:40:35 UTC 2020 /home/travis/build/icyphy/ptII/ptolemy/actor/lib/test/auto/OrderedMerge.xml
----------------- Instantiating /home/travis/build/icyphy/ptII/ptolemy/actor/lib/test/auto/OrderedMerge.xml
8 ms. Memory: 304128K Free: 77507K (25%)
----------------- Invoking toplevel() on ptolemy.moml.MoMLSimpleApplication@217574c9
----------------- Done invoking toplevel() on ptolemy.moml.MoMLSimpleApplication@217574c9
reloadAllAccessors: .OrderedMerge

===========================================================================================
----------------- testing Thu Jan 02 06:40:35 UTC 2020 /home/travis/build/icyphy/ptII/ptolemy/actor/lib/test/auto/OrderedRecordDisassembler.xml
----------------- Instantiating /home/travis/build/icyphy/ptII/ptolemy/actor/lib/test/auto/OrderedRecordDisassembler.xml
3 ms. Memory: 304128K Free: 251281K (83%)
----------------- Invoking toplevel() on ptolemy.moml.MoMLSimpleApplication@5660793b
----------------- Done invoking toplevel() on ptolemy.moml.MoMLSimpleApplication@5660793b
reloadAllAccessors: .OrderedRecordDisassembler

===========================================================================================
----------------- testing Thu Jan 02 06:40:35 UTC 2020 /home/travis/build/icyphy/ptII/ptolemy/actor/lib/test/auto/OrderedRecordDisassembler2.xml
----------------- Instantiating /home/travis/build/icyphy/ptII/ptolemy/actor/lib/test/auto/OrderedRecordDisassembler2.xml
3 ms. Memory: 304128K Free: 243609K (80%)
----------------- Invoking toplevel() on ptolemy.moml.MoMLSimpleApplication@13f4ec83
----------------- Done invoking toplevel() on ptolemy.moml.MoMLSimpleApplication@13f4ec83
reloadAllAccessors: .OrderedRecordDisassembler2

===========================================================================================
----------------- testing Thu Jan 02 06:40:35 UTC 2020 /home/travis/build/icyphy/ptII/ptolemy/actor/lib/test/auto/OrderedRecordUpdater.xml
----------------- Instantiating /home/travis/build/icyphy/ptII/ptolemy/actor/lib/test/auto/OrderedRecordUpdater.xml
2 ms. Memory: 304128K Free: 238999K (79%)
----------------- Invoking toplevel() on ptolemy.moml.MoMLSimpleApplication@299eff95
----------------- Done invoking toplevel() on ptolemy.moml.MoMLSimpleApplication@299eff95
reloadAllAccessors: .RecordUpdater

===========================================================================================
----------------- testing Thu Jan 02 06:40:35 UTC 2020 /home/travis/build/icyphy/ptII/ptolemy/actor/lib/test/auto/OrderedRecordUpdater2.xml
----------------- Instantiating /home/travis/build/icyphy/ptII/ptolemy/actor/lib/test/auto/OrderedRecordUpdater2.xml
2 ms. Memory: 304128K Free: 233879K (77%)
----------------- Invoking toplevel() on ptolemy.moml.MoMLSimpleApplication@294c51a1
----------------- Done invoking toplevel() on ptolemy.moml.MoMLSimpleApplication@294c51a1
reloadAllAccessors: .RecordUpdater2

===========================================================================================
----------------- testing Thu Jan 02 06:40:35 UTC 2020 /home/travis/build/icyphy/ptII/ptolemy/actor/lib/test/auto/PhaseUnwrap.xml
----------------- Instantiating /home/travis/build/icyphy/ptII/ptolemy/actor/lib/test/auto/PhaseUnwrap.xml
1 ms. Memory: 304128K Free: 229273K (75%)
----------------- Invoking toplevel() on ptolemy.moml.MoMLSimpleApplication@58a45cb4
----------------- Done invoking toplevel() on ptolemy.moml.MoMLSimpleApplication@58a45cb4
reloadAllAccessors: .PhaseUnwrap

===========================================================================================
----------------- testing Thu Jan 02 06:40:35 UTC 2020 /home/travis/build/icyphy/ptII/ptolemy/actor/lib/test/auto/PoissonClock.xml
----------------- Instantiating /home/travis/build/icyphy/ptII/ptolemy/actor/lib/test/auto/PoissonClock.xml
1 ms. Memory: 304128K Free: 225177K (74%)
----------------- Invoking toplevel() on ptolemy.moml.MoMLSimpleApplication@48d9bbf0
----------------- Done invoking toplevel() on ptolemy.moml.MoMLSimpleApplication@48d9bbf0
reloadAllAccessors: .PoissonClock

===========================================================================================
----------------- testing Thu Jan 02 06:40:35 UTC 2020 /home/travis/build/icyphy/ptII/ptolemy/actor/lib/test/auto/PoissonClock2.xml
----------------- Instantiating /home/travis/build/icyphy/ptII/ptolemy/actor/lib/test/auto/PoissonClock2.xml
1 ms. Memory: 304128K Free: 220567K (73%)
----------------- Invoking toplevel() on ptolemy.moml.MoMLSimpleApplication@220835ca
----------------- Done invoking toplevel() on ptolemy.moml.MoMLSimpleApplication@220835ca
reloadAllAccessors: .PoissonClock2

===========================================================================================
----------------- testing Thu Jan 02 06:40:35 UTC 2020 /home/travis/build/icyphy/ptII/ptolemy/actor/lib/test/auto/PoissonClock3.xml
----------------- Instantiating /home/travis/build/icyphy/ptII/ptolemy/actor/lib/test/auto/PoissonClock3.xml
1 ms. Memory: 304128K Free: 215961K (71%)
----------------- Invoking toplevel() on ptolemy.moml.MoMLSimpleApplication@4fc64eaa
----------------- Done invoking toplevel() on ptolemy.moml.MoMLSimpleApplication@4fc64eaa
reloadAllAccessors: .PoissonClock3

===========================================================================================
----------------- testing Thu Jan 02 06:40:35 UTC 2020 /home/travis/build/icyphy/ptII/ptolemy/actor/lib/test/auto/PubSubWithInitialTokens.xml
----------------- Instantiating /home/travis/build/icyphy/ptII/ptolemy/actor/lib/test/auto/PubSubWithInitialTokens.xml
2 ms. Memory: 304128K Free: 210297K (69%)
----------------- Invoking toplevel() on ptolemy.moml.MoMLSimpleApplication@b4782a
----------------- Done invoking toplevel() on ptolemy.moml.MoMLSimpleApplication@b4782a
reloadAllAccessors: .PubSubWithInitialTokens

===========================================================================================
----------------- testing Thu Jan 02 06:40:35 UTC 2020 /home/travis/build/icyphy/ptII/ptolemy/actor/lib/test/auto/PubSubWithInitialTokens2.xml
----------------- Instantiating /home/travis/build/icyphy/ptII/ptolemy/actor/lib/test/auto/PubSubWithInitialTokens2.xml
4 ms. Memory: 304128K Free: 204177K (67%)
----------------- Invoking toplevel() on ptolemy.moml.MoMLSimpleApplication@8c751cb
----------------- Done invoking toplevel() on ptolemy.moml.MoMLSimpleApplication@8c751cb
reloadAllAccessors: .PubSubWithInitialTokens2

===========================================================================================
----------------- testing Thu Jan 02 06:40:35 UTC 2020 /home/travis/build/icyphy/ptII/ptolemy/actor/lib/test/auto/PublisherClassNoParameter.xml
----------------- Instantiating /home/travis/build/icyphy/ptII/ptolemy/actor/lib/test/auto/PublisherClassNoParameter.xml
3 ms. Memory: 304128K Free: 194457K (64%)
----------------- Invoking toplevel() on ptolemy.moml.MoMLSimpleApplication@3f29d2a8
----------------- Done invoking toplevel() on ptolemy.moml.MoMLSimpleApplication@3f29d2a8
reloadAllAccessors: .PublisherClassNoParameter

===========================================================================================
----------------- testing Thu Jan 02 06:40:35 UTC 2020 /home/travis/build/icyphy/ptII/ptolemy/actor/lib/test/auto/PublisherClassParameter.xml
----------------- Instantiating /home/travis/build/icyphy/ptII/ptolemy/actor/lib/test/auto/PublisherClassParameter.xml
2 ms. Memory: 304128K Free: 184217K (61%)
----------------- Invoking toplevel() on ptolemy.moml.MoMLSimpleApplication@e27a99e
----------------- Done invoking toplevel() on ptolemy.moml.MoMLSimpleApplication@e27a99e
reloadAllAccessors: .PublisherClassParameter

===========================================================================================
----------------- testing Thu Jan 02 06:40:35 UTC 2020 /home/travis/build/icyphy/ptII/ptolemy/actor/lib/test/auto/PublisherNonStrictTest.xml
----------------- Instantiating /home/travis/build/icyphy/ptII/ptolemy/actor/lib/test/auto/PublisherNonStrictTest.xml
3 ms. Memory: 304128K Free: 176025K (58%)
----------------- Invoking toplevel() on ptolemy.moml.MoMLSimpleApplication@1c12ea90
----------------- Done invoking toplevel() on ptolemy.moml.MoMLSimpleApplication@1c12ea90
reloadAllAccessors: .PublisherNonStrictTest

===========================================================================================
----------------- testing Thu Jan 02 06:40:35 UTC 2020 /home/travis/build/icyphy/ptII/ptolemy/actor/lib/test/auto/PublisherPort1.xml
----------------- Instantiating /home/travis/build/icyphy/ptII/ptolemy/actor/lib/test/auto/PublisherPort1.xml
2 ms. Memory: 304128K Free: 170361K (56%)
----------------- Invoking toplevel() on ptolemy.moml.MoMLSimpleApplication@24cedaec
----------------- Done invoking toplevel() on ptolemy.moml.MoMLSimpleApplication@24cedaec
reloadAllAccessors: .PublisherPort1

===========================================================================================
----------------- testing Thu Jan 02 06:40:36 UTC 2020 /home/travis/build/icyphy/ptII/ptolemy/actor/lib/test/auto/PublisherPort2.xml
----------------- Instantiating /home/travis/build/icyphy/ptII/ptolemy/actor/lib/test/auto/PublisherPort2.xml
1 ms. Memory: 304128K Free: 165271K (54%)
----------------- Invoking toplevel() on ptolemy.moml.MoMLSimpleApplication@2989c99b
----------------- Done invoking toplevel() on ptolemy.moml.MoMLSimpleApplication@2989c99b
reloadAllAccessors: .PublisherPort2

===========================================================================================
----------------- testing Thu Jan 02 06:40:36 UTC 2020 /home/travis/build/icyphy/ptII/ptolemy/actor/lib/test/auto/PublisherPort3.xml
----------------- Instantiating /home/travis/build/icyphy/ptII/ptolemy/actor/lib/test/auto/PublisherPort3.xml
10 ms. Memory: 304128K Free: 158617K (52%)
----------------- Invoking toplevel() on ptolemy.moml.MoMLSimpleApplication@3af26f57
----------------- Done invoking toplevel() on ptolemy.moml.MoMLSimpleApplication@3af26f57
reloadAllAccessors: .PublisherPort3

===========================================================================================
----------------- testing Thu Jan 02 06:40:36 UTC 2020 /home/travis/build/icyphy/ptII/ptolemy/actor/lib/test/auto/PublisherPort4.xml
----------------- Instantiating /home/travis/build/icyphy/ptII/ptolemy/actor/lib/test/auto/PublisherPort4.xml
2 ms. Memory: 304128K Free: 152977K (50%)
----------------- Invoking toplevel() on ptolemy.moml.MoMLSimpleApplication@2c1abd0b
----------------- Done invoking toplevel() on ptolemy.moml.MoMLSimpleApplication@2c1abd0b
reloadAllAccessors: .PublisherPort4

===========================================================================================
----------------- testing Thu Jan 02 06:40:36 UTC 2020 /home/travis/build/icyphy/ptII/ptolemy/actor/lib/test/auto/PublisherPort5.xml
----------------- Instantiating /home/travis/build/icyphy/ptII/ptolemy/actor/lib/test/auto/PublisherPort5.xml
3 ms. Memory: 304128K Free: 145305K (48%)
----------------- Invoking toplevel() on ptolemy.moml.MoMLSimpleApplication@716a8407
----------------- Done invoking toplevel() on ptolemy.moml.MoMLSimpleApplication@716a8407
reloadAllAccessors: .PublisherPort5

===========================================================================================
----------------- testing Thu Jan 02 06:40:36 UTC 2020 /home/travis/build/icyphy/ptII/ptolemy/actor/lib/test/auto/PublisherPort5LookAlike.xml
----------------- Instantiating /home/travis/build/icyphy/ptII/ptolemy/actor/lib/test/auto/PublisherPort5LookAlike.xml
7 ms. Memory: 304128K Free: 137617K (45%)
----------------- Invoking toplevel() on ptolemy.moml.MoMLSimpleApplication@5f216887
----------------- Done invoking toplevel() on ptolemy.moml.MoMLSimpleApplication@5f216887
reloadAllAccessors: .PublisherPort5LookAlike

===========================================================================================
----------------- testing Thu Jan 02 06:40:36 UTC 2020 /home/travis/build/icyphy/ptII/ptolemy/actor/lib/test/auto/PublisherPort6.xml
----------------- Instantiating /home/travis/build/icyphy/ptII/ptolemy/actor/lib/test/auto/PublisherPort6.xml
2 ms. Memory: 304128K Free: 130969K (43%)
----------------- Invoking toplevel() on ptolemy.moml.MoMLSimpleApplication@5f982811
----------------- Done invoking toplevel() on ptolemy.moml.MoMLSimpleApplication@5f982811
reloadAllAccessors: .PublisherPort6

===========================================================================================
----------------- testing Thu Jan 02 06:40:36 UTC 2020 /home/travis/build/icyphy/ptII/ptolemy/actor/lib/test/auto/PublisherPort7.xml
----------------- Instantiating /home/travis/build/icyphy/ptII/ptolemy/actor/lib/test/auto/PublisherPort7.xml
2 ms. Memory: 304128K Free: 123287K (41%)
----------------- Invoking toplevel() on ptolemy.moml.MoMLSimpleApplication@3a4430fc
----------------- Done invoking toplevel() on ptolemy.moml.MoMLSimpleApplication@3a4430fc
reloadAllAccessors: .PublisherPort7

===========================================================================================
----------------- testing Thu Jan 02 06:40:36 UTC 2020 /home/travis/build/icyphy/ptII/ptolemy/actor/lib/test/auto/PublisherPort8.xml
----------------- Instantiating /home/travis/build/icyphy/ptII/ptolemy/actor/lib/test/auto/PublisherPort8.xml
4 ms. Memory: 304128K Free: 114585K (38%)
----------------- Invoking toplevel() on ptolemy.moml.MoMLSimpleApplication@4f8b5c44
----------------- Done invoking toplevel() on ptolemy.moml.MoMLSimpleApplication@4f8b5c44
reloadAllAccessors: .PublisherPort8

===========================================================================================
----------------- testing Thu Jan 02 06:40:36 UTC 2020 /home/travis/build/icyphy/ptII/ptolemy/actor/lib/test/auto/PublisherPortSubscriberChannelVariablesAOC2.xml
----------------- Instantiating /home/travis/build/icyphy/ptII/ptolemy/actor/lib/test/auto/PublisherPortSubscriberChannelVariablesAOC2.xml
3 ms. Memory: 304128K Free: 96663K (32%)
----------------- Invoking toplevel() on ptolemy.moml.MoMLSimpleApplication@39ab8e39
----------------- Done invoking toplevel() on ptolemy.moml.MoMLSimpleApplication@39ab8e39
reloadAllAccessors: .PublisherPortSubscriberChannelVariablesAOC2

===========================================================================================
----------------- testing Thu Jan 02 06:40:36 UTC 2020 /home/travis/build/icyphy/ptII/ptolemy/actor/lib/test/auto/PublisherPortSubscriberOpaqueWidthInference.xml
----------------- Instantiating /home/travis/build/icyphy/ptII/ptolemy/actor/lib/test/auto/PublisherPortSubscriberOpaqueWidthInference.xml
4 ms. Memory: 304128K Free: 87961K (29%)
----------------- Invoking toplevel() on ptolemy.moml.MoMLSimpleApplication@1edf94b9
----------------- Done invoking toplevel() on ptolemy.moml.MoMLSimpleApplication@1edf94b9
reloadAllAccessors: .PublisherPortSubscriberOpaqueWidthInference

===========================================================================================
----------------- testing Thu Jan 02 06:40:36 UTC 2020 /home/travis/build/icyphy/ptII/ptolemy/actor/lib/test/auto/PublisherPortSubscriberPortAdjacent.xml
----------------- Instantiating /home/travis/build/icyphy/ptII/ptolemy/actor/lib/test/auto/PublisherPortSubscriberPortAdjacent.xml
2 ms. Memory: 304128K Free: 79769K (26%)
----------------- Invoking toplevel() on ptolemy.moml.MoMLSimpleApplication@5abcc3cc
----------------- Done invoking toplevel() on ptolemy.moml.MoMLSimpleApplication@5abcc3cc
reloadAllAccessors: .PublisherPortSubscriberPortAdjacent

===========================================================================================
----------------- testing Thu Jan 02 06:40:36 UTC 2020 /home/travis/build/icyphy/ptII/ptolemy/actor/lib/test/auto/PublisherPortSubscriberPortExpression.xml
----------------- Instantiating /home/travis/build/icyphy/ptII/ptolemy/actor/lib/test/auto/PublisherPortSubscriberPortExpression.xml
3 ms. Memory: 304128K Free: 251065K (83%)
----------------- Invoking toplevel() on ptolemy.moml.MoMLSimpleApplication@51eec9ff
----------------- Done invoking toplevel() on ptolemy.moml.MoMLSimpleApplication@51eec9ff
reloadAllAccessors: .PublisherPortSubscriberPortExpression

===========================================================================================
----------------- testing Thu Jan 02 06:40:36 UTC 2020 /home/travis/build/icyphy/ptII/ptolemy/actor/lib/test/auto/PublisherPortSubscriberPortOpaqueD3Reverse.xml
----------------- Instantiating /home/travis/build/icyphy/ptII/ptolemy/actor/lib/test/auto/PublisherPortSubscriberPortOpaqueD3Reverse.xml
5 ms. Memory: 304128K Free: 240330K (79%)
----------------- Invoking toplevel() on ptolemy.moml.MoMLSimpleApplication@64f99a53
----------------- Done invoking toplevel() on ptolemy.moml.MoMLSimpleApplication@64f99a53
reloadAllAccessors: .PublisherPortSubscriberPortOpaqueD3Reverse

===========================================================================================
----------------- testing Thu Jan 02 06:40:36 UTC 2020 /home/travis/build/icyphy/ptII/ptolemy/actor/lib/test/auto/PublisherPortSubscriberPortOpaqueWidthInference.xml
----------------- Instantiating /home/travis/build/icyphy/ptII/ptolemy/actor/lib/test/auto/PublisherPortSubscriberPortOpaqueWidthInference.xml
3 ms. Memory: 304128K Free: 232633K (76%)
----------------- Invoking toplevel() on ptolemy.moml.MoMLSimpleApplication@5fcfb75b
----------------- Done invoking toplevel() on ptolemy.moml.MoMLSimpleApplication@5fcfb75b
reloadAllAccessors: .PublisherPortSubscriberPortOpaqueWidthInference

===========================================================================================
----------------- testing Thu Jan 02 06:40:36 UTC 2020 /home/travis/build/icyphy/ptII/ptolemy/actor/lib/test/auto/PublisherPortToplevelSubscriberPortAOC.xml
----------------- Instantiating /home/travis/build/icyphy/ptII/ptolemy/actor/lib/test/auto/PublisherPortToplevelSubscriberPortAOC.xml
.PublisherPortToplevelSubscriberPortAOC.TestExceptionAttribute: initialize() was not invoked, but wrapup() was.  This is unusual, but not always a problem.  For example, exporting JNLP will do this.
0 ms. Memory: 304128K Free: 227018K (75%)
----------------- Invoking toplevel() on ptolemy.moml.MoMLSimpleApplication@a66940f
----------------- Done invoking toplevel() on ptolemy.moml.MoMLSimpleApplication@a66940f
reloadAllAccessors: .PublisherPortToplevelSubscriberPortAOC

===========================================================================================
----------------- testing Thu Jan 02 06:40:36 UTC 2020 /home/travis/build/icyphy/ptII/ptolemy/actor/lib/test/auto/PublisherSubscriber.xml
----------------- Instantiating /home/travis/build/icyphy/ptII/ptolemy/actor/lib/test/auto/PublisherSubscriber.xml
2 ms. Memory: 304128K Free: 219850K (72%)
----------------- Invoking toplevel() on ptolemy.moml.MoMLSimpleApplication@29fd8f1c
----------------- Done invoking toplevel() on ptolemy.moml.MoMLSimpleApplication@29fd8f1c
reloadAllAccessors: .PublisherSubscriber

===========================================================================================
----------------- testing Thu Jan 02 06:40:36 UTC 2020 /home/travis/build/icyphy/ptII/ptolemy/actor/lib/test/auto/PublisherSubscriber10.xml
----------------- Instantiating /home/travis/build/icyphy/ptII/ptolemy/actor/lib/test/auto/PublisherSubscriber10.xml
6 ms. Memory: 304128K Free: 210120K (69%)
----------------- Invoking toplevel() on ptolemy.moml.MoMLSimpleApplication@12099cef
----------------- Done invoking toplevel() on ptolemy.moml.MoMLSimpleApplication@12099cef
reloadAllAccessors: .PublisherSubscriber10

===========================================================================================
----------------- testing Thu Jan 02 06:40:36 UTC 2020 /home/travis/build/icyphy/ptII/ptolemy/actor/lib/test/auto/PublisherSubscriber10InitialOutputs.xml
----------------- Instantiating /home/travis/build/icyphy/ptII/ptolemy/actor/lib/test/auto/PublisherSubscriber10InitialOutputs.xml
11 ms. Memory: 304128K Free: 200904K (66%)
----------------- Invoking toplevel() on ptolemy.moml.MoMLSimpleApplication@6d8a4503
----------------- Done invoking toplevel() on ptolemy.moml.MoMLSimpleApplication@6d8a4503
reloadAllAccessors: .PublisherSubscriber10InitialOutputs

===========================================================================================
----------------- testing Thu Jan 02 06:40:36 UTC 2020 /home/travis/build/icyphy/ptII/ptolemy/actor/lib/test/auto/PublisherSubscriber11.xml
----------------- Instantiating /home/travis/build/icyphy/ptII/ptolemy/actor/lib/test/auto/PublisherSubscriber11.xml
4 ms. Memory: 304128K Free: 194745K (64%)
----------------- Invoking toplevel() on ptolemy.moml.MoMLSimpleApplication@4e9f5acc
----------------- Done invoking toplevel() on ptolemy.moml.MoMLSimpleApplication@4e9f5acc
reloadAllAccessors: .PublisherSubscriber11

===========================================================================================
----------------- testing Thu Jan 02 06:40:36 UTC 2020 /home/travis/build/icyphy/ptII/ptolemy/actor/lib/test/auto/PublisherSubscriber12.xml
----------------- Instantiating /home/travis/build/icyphy/ptII/ptolemy/actor/lib/test/auto/PublisherSubscriber12.xml
5 ms. Memory: 304128K Free: 187592K (62%)
----------------- Invoking toplevel() on ptolemy.moml.MoMLSimpleApplication@24477444
----------------- Done invoking toplevel() on ptolemy.moml.MoMLSimpleApplication@24477444
reloadAllAccessors: .PublisherSubscriber12

===========================================================================================
----------------- testing Thu Jan 02 06:40:36 UTC 2020 /home/travis/build/icyphy/ptII/ptolemy/actor/lib/test/auto/PublisherSubscriber13.xml
----------------- Instantiating /home/travis/build/icyphy/ptII/ptolemy/actor/lib/test/auto/PublisherSubscriber13.xml
2 ms. Memory: 304128K Free: 181962K (60%)
----------------- Invoking toplevel() on ptolemy.moml.MoMLSimpleApplication@7e6d87a9
----------------- Done invoking toplevel() on ptolemy.moml.MoMLSimpleApplication@7e6d87a9
reloadAllAccessors: .PublisherSubscriber13

===========================================================================================
----------------- testing Thu Jan 02 06:40:36 UTC 2020 /home/travis/build/icyphy/ptII/ptolemy/actor/lib/test/auto/PublisherSubscriber14.xml
----------------- Instantiating /home/travis/build/icyphy/ptII/ptolemy/actor/lib/test/auto/PublisherSubscriber14.xml
2 ms. Memory: 304128K Free: 173256K (57%)
----------------- Invoking toplevel() on ptolemy.moml.MoMLSimpleApplication@7abd39f7
----------------- Done invoking toplevel() on ptolemy.moml.MoMLSimpleApplication@7abd39f7
reloadAllAccessors: .PublisherSubscriber14

===========================================================================================
----------------- testing Thu Jan 02 06:40:36 UTC 2020 /home/travis/build/icyphy/ptII/ptolemy/actor/lib/test/auto/PublisherSubscriber2.xml
----------------- Instantiating /home/travis/build/icyphy/ptII/ptolemy/actor/lib/test/auto/PublisherSubscriber2.xml
2 ms. Memory: 304128K Free: 167626K (55%)
----------------- Invoking toplevel() on ptolemy.moml.MoMLSimpleApplication@339e34a9
----------------- Done invoking toplevel() on ptolemy.moml.MoMLSimpleApplication@339e34a9
reloadAllAccessors: .PublisherSubscriber2

===========================================================================================
----------------- testing Thu Jan 02 06:40:36 UTC 2020 /home/travis/build/icyphy/ptII/ptolemy/actor/lib/test/auto/PublisherSubscriber3.xml
----------------- Instantiating /home/travis/build/icyphy/ptII/ptolemy/actor/lib/test/auto/PublisherSubscriber3.xml
4 ms. Memory: 304128K Free: 161961K (53%)
----------------- Invoking toplevel() on ptolemy.moml.MoMLSimpleApplication@1ba38f2c
----------------- Done invoking toplevel() on ptolemy.moml.MoMLSimpleApplication@1ba38f2c
reloadAllAccessors: .PublisherSubscriber3

===========================================================================================
----------------- testing Thu Jan 02 06:40:36 UTC 2020 /home/travis/build/icyphy/ptII/ptolemy/actor/lib/test/auto/PublisherSubscriber4.xml
----------------- Instantiating /home/travis/build/icyphy/ptII/ptolemy/actor/lib/test/auto/PublisherSubscriber4.xml
2 ms. Memory: 304128K Free: 156857K (52%)
----------------- Invoking toplevel() on ptolemy.moml.MoMLSimpleApplication@349dff11
----------------- Done invoking toplevel() on ptolemy.moml.MoMLSimpleApplication@349dff11
reloadAllAccessors: .PublisherSubscriber4

===========================================================================================
----------------- testing Thu Jan 02 06:40:36 UTC 2020 /home/travis/build/icyphy/ptII/ptolemy/actor/lib/test/auto/PublisherSubscriber5.xml
----------------- Instantiating /home/travis/build/icyphy/ptII/ptolemy/actor/lib/test/auto/PublisherSubscriber5.xml
1 ms. Memory: 304128K Free: 149689K (49%)
----------------- Invoking toplevel() on ptolemy.moml.MoMLSimpleApplication@7fbf5808
----------------- Done invoking toplevel() on ptolemy.moml.MoMLSimpleApplication@7fbf5808
reloadAllAccessors: .PublisherSubscriber5

===========================================================================================
----------------- testing Thu Jan 02 06:40:36 UTC 2020 /home/travis/build/icyphy/ptII/ptolemy/actor/lib/test/auto/PublisherSubscriber6.xml
----------------- Instantiating /home/travis/build/icyphy/ptII/ptolemy/actor/lib/test/auto/PublisherSubscriber6.xml
4 ms. Memory: 304128K Free: 143050K (47%)
----------------- Invoking toplevel() on ptolemy.moml.MoMLSimpleApplication@4168cf88
----------------- Done invoking toplevel() on ptolemy.moml.MoMLSimpleApplication@4168cf88
reloadAllAccessors: .PublisherSubscriber6

===========================================================================================
----------------- testing Thu Jan 02 06:40:36 UTC 2020 /home/travis/build/icyphy/ptII/ptolemy/actor/lib/test/auto/PublisherSubscriber7.xml
----------------- Instantiating /home/travis/build/icyphy/ptII/ptolemy/actor/lib/test/auto/PublisherSubscriber7.xml
6 ms. Memory: 304128K Free: 136377K (45%)
----------------- Invoking toplevel() on ptolemy.moml.MoMLSimpleApplication@6ecadab1
----------------- Done invoking toplevel() on ptolemy.moml.MoMLSimpleApplication@6ecadab1
reloadAllAccessors: .PublisherSubscriber7

===========================================================================================
----------------- testing Thu Jan 02 06:40:36 UTC 2020 /home/travis/build/icyphy/ptII/ptolemy/actor/lib/test/auto/PublisherSubscriber8.xml
----------------- Instantiating /home/travis/build/icyphy/ptII/ptolemy/actor/lib/test/auto/PublisherSubscriber8.xml
17 ms. Memory: 304128K Free: 124618K (41%)
----------------- Invoking toplevel() on ptolemy.moml.MoMLSimpleApplication@ede1034
----------------- Done invoking toplevel() on ptolemy.moml.MoMLSimpleApplication@ede1034
reloadAllAccessors: .PublisherSubscriber8

===========================================================================================
----------------- testing Thu Jan 02 06:40:36 UTC 2020 /home/travis/build/icyphy/ptII/ptolemy/actor/lib/test/auto/PublisherSubscriber9.xml
----------------- Instantiating /home/travis/build/icyphy/ptII/ptolemy/actor/lib/test/auto/PublisherSubscriber9.xml
2 ms. Memory: 304128K Free: 117450K (39%)
----------------- Invoking toplevel() on ptolemy.moml.MoMLSimpleApplication@7a32afa0
----------------- Done invoking toplevel() on ptolemy.moml.MoMLSimpleApplication@7a32afa0
reloadAllAccessors: .PublisherSubscriber9

===========================================================================================
----------------- testing Thu Jan 02 06:40:36 UTC 2020 /home/travis/build/icyphy/ptII/ptolemy/actor/lib/test/auto/PublisherSubscriberAdjacent.xml
----------------- Instantiating /home/travis/build/icyphy/ptII/ptolemy/actor/lib/test/auto/PublisherSubscriberAdjacent.xml
1 ms. Memory: 304128K Free: 109258K (36%)
----------------- Invoking toplevel() on ptolemy.moml.MoMLSimpleApplication@3749f673
----------------- Done invoking toplevel() on ptolemy.moml.MoMLSimpleApplication@3749f673
reloadAllAccessors: .PublisherSubscriberAdjacent

===========================================================================================
----------------- testing Thu Jan 02 06:40:36 UTC 2020 /home/travis/build/icyphy/ptII/ptolemy/actor/lib/test/auto/PublisherSubscriberChannelVariablesAOC2.xml
----------------- Instantiating /home/travis/build/icyphy/ptII/ptolemy/actor/lib/test/auto/PublisherSubscriberChannelVariablesAOC2.xml
3 ms. Memory: 304128K Free: 93369K (31%)
----------------- Invoking toplevel() on ptolemy.moml.MoMLSimpleApplication@322406a7
----------------- Done invoking toplevel() on ptolemy.moml.MoMLSimpleApplication@322406a7
reloadAllAccessors: .PublisherSubscriberChannelVariablesAOC2

===========================================================================================
----------------- testing Thu Jan 02 06:40:36 UTC 2020 /home/travis/build/icyphy/ptII/ptolemy/actor/lib/test/auto/PublisherSubscriberD3.xml
----------------- Instantiating /home/travis/build/icyphy/ptII/ptolemy/actor/lib/test/auto/PublisherSubscriberD3.xml
1 ms. Memory: 304128K Free: 86216K (28%)
----------------- Invoking toplevel() on ptolemy.moml.MoMLSimpleApplication@67dc478e
----------------- Done invoking toplevel() on ptolemy.moml.MoMLSimpleApplication@67dc478e
reloadAllAccessors: .PublisherSubscriberD3

===========================================================================================
----------------- testing Thu Jan 02 06:40:36 UTC 2020 /home/travis/build/icyphy/ptII/ptolemy/actor/lib/test/auto/PublisherSubscriberD3Reverse.xml
----------------- Instantiating /home/travis/build/icyphy/ptII/ptolemy/actor/lib/test/auto/PublisherSubscriberD3Reverse.xml
2 ms. Memory: 304128K Free: 80072K (26%)
----------------- Invoking toplevel() on ptolemy.moml.MoMLSimpleApplication@7910b135
----------------- Done invoking toplevel() on ptolemy.moml.MoMLSimpleApplication@7910b135
reloadAllAccessors: .PublisherSubscriberD3Reverse

===========================================================================================
----------------- testing Thu Jan 02 06:40:36 UTC 2020 /home/travis/build/icyphy/ptII/ptolemy/actor/lib/test/auto/PublisherSubscriberExpression.xml
----------------- Instantiating /home/travis/build/icyphy/ptII/ptolemy/actor/lib/test/auto/PublisherSubscriberExpression.xml
3 ms. Memory: 304128K Free: 250812K (82%)
----------------- Invoking toplevel() on ptolemy.moml.MoMLSimpleApplication@59d20707
----------------- Done invoking toplevel() on ptolemy.moml.MoMLSimpleApplication@59d20707
reloadAllAccessors: .PublisherSubscriberExpression

===========================================================================================
----------------- testing Thu Jan 02 06:40:36 UTC 2020 /home/travis/build/icyphy/ptII/ptolemy/actor/lib/test/auto/PublisherSubscriberOpaque.xml
----------------- Instantiating /home/travis/build/icyphy/ptII/ptolemy/actor/lib/test/auto/PublisherSubscriberOpaque.xml
3 ms. Memory: 304128K Free: 242124K (80%)
----------------- Invoking toplevel() on ptolemy.moml.MoMLSimpleApplication@7beaf7b2
----------------- Done invoking toplevel() on ptolemy.moml.MoMLSimpleApplication@7beaf7b2
reloadAllAccessors: .PublisherSubscriberOpaque

===========================================================================================
----------------- testing Thu Jan 02 06:40:36 UTC 2020 /home/travis/build/icyphy/ptII/ptolemy/actor/lib/test/auto/PublisherSubscriberOpaqueD3.xml
----------------- Instantiating /home/travis/build/icyphy/ptII/ptolemy/actor/lib/test/auto/PublisherSubscriberOpaqueD3.xml
5 ms. Memory: 304128K Free: 230346K (76%)
----------------- Invoking toplevel() on ptolemy.moml.MoMLSimpleApplication@3df3baaf
----------------- Done invoking toplevel() on ptolemy.moml.MoMLSimpleApplication@3df3baaf
reloadAllAccessors: .PublisherSubscriberOpaqueD3

===========================================================================================
----------------- testing Thu Jan 02 06:40:36 UTC 2020 /home/travis/build/icyphy/ptII/ptolemy/actor/lib/test/auto/PublisherSubscriberOpaqueD3Reverse.xml
----------------- Instantiating /home/travis/build/icyphy/ptII/ptolemy/actor/lib/test/auto/PublisherSubscriberOpaqueD3Reverse.xml
8 ms. Memory: 304128K Free: 219596K (72%)
----------------- Invoking toplevel() on ptolemy.moml.MoMLSimpleApplication@413bc027
----------------- Done invoking toplevel() on ptolemy.moml.MoMLSimpleApplication@413bc027
reloadAllAccessors: .PublisherSubscriberOpaqueD3Reverse

===========================================================================================
----------------- testing Thu Jan 02 06:40:36 UTC 2020 /home/travis/build/icyphy/ptII/ptolemy/actor/lib/test/auto/PublisherSubscriberOpaqueWidthInference.xml
----------------- Instantiating /home/travis/build/icyphy/ptII/ptolemy/actor/lib/test/auto/PublisherSubscriberOpaqueWidthInference.xml
4 ms. Memory: 304128K Free: 211404K (70%)
----------------- Invoking toplevel() on ptolemy.moml.MoMLSimpleApplication@582194e4
----------------- Done invoking toplevel() on ptolemy.moml.MoMLSimpleApplication@582194e4
reloadAllAccessors: .PublisherSubscriberOpaqueWidthInference

===========================================================================================
----------------- testing Thu Jan 02 06:40:36 UTC 2020 /home/travis/build/icyphy/ptII/ptolemy/actor/lib/test/auto/PublisherTestSubscriber.xml
----------------- Instantiating /home/travis/build/icyphy/ptII/ptolemy/actor/lib/test/auto/PublisherTestSubscriber.xml
3 ms. Memory: 304128K Free: 203716K (67%)
----------------- Invoking toplevel() on ptolemy.moml.MoMLSimpleApplication@228813b7
----------------- Done invoking toplevel() on ptolemy.moml.MoMLSimpleApplication@228813b7
reloadAllAccessors: .PublisherTestSubscriber

===========================================================================================
----------------- testing Thu Jan 02 06:40:36 UTC 2020 /home/travis/build/icyphy/ptII/ptolemy/actor/lib/test/auto/PublisherToplevelSubscriberPortAOC.xml
----------------- Instantiating /home/travis/build/icyphy/ptII/ptolemy/actor/lib/test/auto/PublisherToplevelSubscriberPortAOC.xml
1 ms. Memory: 304128K Free: 196548K (65%)
----------------- Invoking toplevel() on ptolemy.moml.MoMLSimpleApplication@5e948ae
----------------- Done invoking toplevel() on ptolemy.moml.MoMLSimpleApplication@5e948ae
reloadAllAccessors: .PublisherToplevelSubscriberPortAOC

===========================================================================================
----------------- testing Thu Jan 02 06:40:36 UTC 2020 /home/travis/build/icyphy/ptII/ptolemy/actor/lib/test/auto/PulseFiringLimitDE.xml
----------------- Instantiating /home/travis/build/icyphy/ptII/ptolemy/actor/lib/test/auto/PulseFiringLimitDE.xml
1 ms. Memory: 304128K Free: 190410K (63%)
----------------- Invoking toplevel() on ptolemy.moml.MoMLSimpleApplication@485d18a3
----------------- Done invoking toplevel() on ptolemy.moml.MoMLSimpleApplication@485d18a3
reloadAllAccessors: .PulseFiringLimitDE

===========================================================================================
----------------- testing Thu Jan 02 06:40:36 UTC 2020 /home/travis/build/icyphy/ptII/ptolemy/actor/lib/test/auto/Ramp1.xml
----------------- Instantiating /home/travis/build/icyphy/ptII/ptolemy/actor/lib/test/auto/Ramp1.xml
1 ms. Memory: 304128K Free: 186308K (61%)
----------------- Invoking toplevel() on ptolemy.moml.MoMLSimpleApplication@ea985d
----------------- Done invoking toplevel() on ptolemy.moml.MoMLSimpleApplication@ea985d
reloadAllAccessors: .Ramp1

===========================================================================================
----------------- testing Thu Jan 02 06:40:36 UTC 2020 /home/travis/build/icyphy/ptII/ptolemy/actor/lib/test/auto/RampFiringLimitDE.xml
----------------- Instantiating /home/travis/build/icyphy/ptII/ptolemy/actor/lib/test/auto/RampFiringLimitDE.xml
2 ms. Memory: 304128K Free: 180156K (59%)
----------------- Invoking toplevel() on ptolemy.moml.MoMLSimpleApplication@6fe001a9
----------------- Done invoking toplevel() on ptolemy.moml.MoMLSimpleApplication@6fe001a9
reloadAllAccessors: .RampFiringLimitDE

===========================================================================================
----------------- testing Thu Jan 02 06:40:36 UTC 2020 /home/travis/build/icyphy/ptII/ptolemy/actor/lib/test/auto/RampFiringLimitSDF.xml
----------------- Instantiating /home/travis/build/icyphy/ptII/ptolemy/actor/lib/test/auto/RampFiringLimitSDF.xml
2 ms. Memory: 304128K Free: 175020K (58%)
----------------- Invoking toplevel() on ptolemy.moml.MoMLSimpleApplication@651bd69
----------------- Done invoking toplevel() on ptolemy.moml.MoMLSimpleApplication@651bd69
reloadAllAccessors: .RampFiringLimitSDF

===========================================================================================
----------------- testing Thu Jan 02 06:40:36 UTC 2020 /home/travis/build/icyphy/ptII/ptolemy/actor/lib/test/auto/RandomInteger.xml
----------------- Instantiating /home/travis/build/icyphy/ptII/ptolemy/actor/lib/test/auto/RandomInteger.xml
1 ms. Memory: 304128K Free: 170444K (56%)
----------------- Invoking toplevel() on ptolemy.moml.MoMLSimpleApplication@5ab5b52e
----------------- Done invoking toplevel() on ptolemy.moml.MoMLSimpleApplication@5ab5b52e
reloadAllAccessors: .RandomInteger

===========================================================================================
----------------- testing Thu Jan 02 06:40:36 UTC 2020 /home/travis/build/icyphy/ptII/ptolemy/actor/lib/test/auto/ReadFile1.xml
----------------- Instantiating /home/travis/build/icyphy/ptII/ptolemy/actor/lib/test/auto/ReadFile1.xml
1 ms. Memory: 304128K Free: 165828K (55%)
----------------- Invoking toplevel() on ptolemy.moml.MoMLSimpleApplication@3b2c4954
----------------- Done invoking toplevel() on ptolemy.moml.MoMLSimpleApplication@3b2c4954
reloadAllAccessors: .ReadFile1

===========================================================================================
----------------- testing Thu Jan 02 06:40:36 UTC 2020 /home/travis/build/icyphy/ptII/ptolemy/actor/lib/test/auto/ReadFile2.xml
----------------- Instantiating /home/travis/build/icyphy/ptII/ptolemy/actor/lib/test/auto/ReadFile2.xml
1 ms. Memory: 304128K Free: 161738K (53%)
----------------- Invoking toplevel() on ptolemy.moml.MoMLSimpleApplication@791aa3a1
----------------- Done invoking toplevel() on ptolemy.moml.MoMLSimpleApplication@791aa3a1
reloadAllAccessors: .ReadFile2

===========================================================================================
----------------- testing Thu Jan 02 06:40:36 UTC 2020 /home/travis/build/icyphy/ptII/ptolemy/actor/lib/test/auto/Reader.xml
----------------- Instantiating /home/travis/build/icyphy/ptII/ptolemy/actor/lib/test/auto/Reader.xml
actor.lib.Reader is obsolete, use actor.lib.io.ExpressionReader instead
3 ms. Memory: 304128K Free: 157642K (52%)
----------------- Invoking toplevel() on ptolemy.moml.MoMLSimpleApplication@466eebbb
----------------- Done invoking toplevel() on ptolemy.moml.MoMLSimpleApplication@466eebbb
reloadAllAccessors: .Reader

===========================================================================================
----------------- testing Thu Jan 02 06:40:36 UTC 2020 /home/travis/build/icyphy/ptII/ptolemy/actor/lib/test/auto/RecordAssemblerDisplayNameTest.xml
----------------- Instantiating /home/travis/build/icyphy/ptII/ptolemy/actor/lib/test/auto/RecordAssemblerDisplayNameTest.xml
3260 ms. Memory: 304128K Free: 203305K (67%)
----------------- Invoking toplevel() on ptolemy.moml.MoMLSimpleApplication@2a3b470
----------------- Done invoking toplevel() on ptolemy.moml.MoMLSimpleApplication@2a3b470
reloadAllAccessors: .RecordAssemblerDisplayNameTest

===========================================================================================
----------------- testing Thu Jan 02 06:40:40 UTC 2020 /home/travis/build/icyphy/ptII/ptolemy/actor/lib/test/auto/RecordAssemblerTypeError.xml
----------------- Instantiating /home/travis/build/icyphy/ptII/ptolemy/actor/lib/test/auto/RecordAssemblerTypeError.xml
4 ms. Memory: 304128K Free: 193575K (64%)
----------------- Invoking toplevel() on ptolemy.moml.MoMLSimpleApplication@2d117ed8
----------------- Done invoking toplevel() on ptolemy.moml.MoMLSimpleApplication@2d117ed8
reloadAllAccessors: .RecordAssemblerTypeError

===========================================================================================
----------------- testing Thu Jan 02 06:40:40 UTC 2020 /home/travis/build/icyphy/ptII/ptolemy/actor/lib/test/auto/RecordDisassember.xml
----------------- Instantiating /home/travis/build/icyphy/ptII/ptolemy/actor/lib/test/auto/RecordDisassember.xml
3 ms. Memory: 304128K Free: 188449K (62%)
----------------- Invoking toplevel() on ptolemy.moml.MoMLSimpleApplication@599bb91e
----------------- Done invoking toplevel() on ptolemy.moml.MoMLSimpleApplication@599bb91e
reloadAllAccessors: .RecordDisassember

===========================================================================================
----------------- testing Thu Jan 02 06:40:40 UTC 2020 /home/travis/build/icyphy/ptII/ptolemy/actor/lib/test/auto/RecordDisassemberDisplayNameTest.xml
----------------- Instantiating /home/travis/build/icyphy/ptII/ptolemy/actor/lib/test/auto/RecordDisassemberDisplayNameTest.xml
5 ms. Memory: 304128K Free: 180263K (59%)
----------------- Invoking toplevel() on ptolemy.moml.MoMLSimpleApplication@316d67d0
----------------- Done invoking toplevel() on ptolemy.moml.MoMLSimpleApplication@316d67d0
reloadAllAccessors: .RecordDisassemberDisplayNameTest

===========================================================================================
----------------- testing Thu Jan 02 06:40:40 UTC 2020 /home/travis/build/icyphy/ptII/ptolemy/actor/lib/test/auto/RecordDisassembler.xml
----------------- Instantiating /home/travis/build/icyphy/ptII/ptolemy/actor/lib/test/auto/RecordDisassembler.xml
2 ms. Memory: 304128K Free: 175137K (58%)
----------------- Invoking toplevel() on ptolemy.moml.MoMLSimpleApplication@4e8fad94
----------------- Done invoking toplevel() on ptolemy.moml.MoMLSimpleApplication@4e8fad94
reloadAllAccessors: .RecordDisassembler

===========================================================================================
----------------- testing Thu Jan 02 06:40:40 UTC 2020 /home/travis/build/icyphy/ptII/ptolemy/actor/lib/test/auto/RecordDisassembler2.xml
----------------- Instantiating /home/travis/build/icyphy/ptII/ptolemy/actor/lib/test/auto/RecordDisassembler2.xml
3 ms. Memory: 304128K Free: 169993K (56%)
----------------- Invoking toplevel() on ptolemy.moml.MoMLSimpleApplication@2ef37297
----------------- Done invoking toplevel() on ptolemy.moml.MoMLSimpleApplication@2ef37297
reloadAllAccessors: .RecordDisassembler2

===========================================================================================
----------------- testing Thu Jan 02 06:40:40 UTC 2020 /home/travis/build/icyphy/ptII/ptolemy/actor/lib/test/auto/RecordUpdater.xml
----------------- Instantiating /home/travis/build/icyphy/ptII/ptolemy/actor/lib/test/auto/RecordUpdater.xml
2 ms. Memory: 304128K Free: 164903K (54%)
----------------- Invoking toplevel() on ptolemy.moml.MoMLSimpleApplication@59ee2291
----------------- Done invoking toplevel() on ptolemy.moml.MoMLSimpleApplication@59ee2291
reloadAllAccessors: .RecordUpdater

===========================================================================================
----------------- testing Thu Jan 02 06:40:40 UTC 2020 /home/travis/build/icyphy/ptII/ptolemy/actor/lib/test/auto/RecordUpdater2.xml
----------------- Instantiating /home/travis/build/icyphy/ptII/ptolemy/actor/lib/test/auto/RecordUpdater2.xml
2 ms. Memory: 304128K Free: 160297K (53%)
----------------- Invoking toplevel() on ptolemy.moml.MoMLSimpleApplication@42e2c10f
----------------- Done invoking toplevel() on ptolemy.moml.MoMLSimpleApplication@42e2c10f
reloadAllAccessors: .RecordUpdater2

===========================================================================================
----------------- testing Thu Jan 02 06:40:40 UTC 2020 /home/travis/build/icyphy/ptII/ptolemy/actor/lib/test/auto/RecursiveLattice.xml
----------------- Instantiating /home/travis/build/icyphy/ptII/ptolemy/actor/lib/test/auto/RecursiveLattice.xml
1 ms. Memory: 304128K Free: 155687K (51%)
----------------- Invoking toplevel() on ptolemy.moml.MoMLSimpleApplication@5d424f6f
----------------- Done invoking toplevel() on ptolemy.moml.MoMLSimpleApplication@5d424f6f
reloadAllAccessors: .RecursiveLattice

===========================================================================================
----------------- testing Thu Jan 02 06:40:40 UTC 2020 /home/travis/build/icyphy/ptII/ptolemy/actor/lib/test/auto/Router.xml
----------------- Instantiating /home/travis/build/icyphy/ptII/ptolemy/actor/lib/test/auto/Router.xml
3004 ms. Memory: 304128K Free: 144423K (47%)
----------------- Invoking toplevel() on ptolemy.moml.MoMLSimpleApplication@5c3a9fa6
----------------- Done invoking toplevel() on ptolemy.moml.MoMLSimpleApplication@5c3a9fa6
reloadAllAccessors: .Router

===========================================================================================
----------------- testing Thu Jan 02 06:40:43 UTC 2020 /home/travis/build/icyphy/ptII/ptolemy/actor/lib/test/auto/Router2.xml
----------------- Instantiating /home/travis/build/icyphy/ptII/ptolemy/actor/lib/test/auto/Router2.xml
3003 ms. Memory: 304128K Free: 134697K (44%)
----------------- Invoking toplevel() on ptolemy.moml.MoMLSimpleApplication@799e8ec8
----------------- Done invoking toplevel() on ptolemy.moml.MoMLSimpleApplication@799e8ec8
reloadAllAccessors: .Router2

===========================================================================================
----------------- testing Thu Jan 02 06:40:46 UTC 2020 /home/travis/build/icyphy/ptII/ptolemy/actor/lib/test/auto/RunningMaximum.xml
----------------- Instantiating /home/travis/build/icyphy/ptII/ptolemy/actor/lib/test/auto/RunningMaximum.xml
2 ms. Memory: 304128K Free: 129577K (43%)
----------------- Invoking toplevel() on ptolemy.moml.MoMLSimpleApplication@2f49780d
----------------- Done invoking toplevel() on ptolemy.moml.MoMLSimpleApplication@2f49780d
reloadAllAccessors: .RunningMaximum

===========================================================================================
----------------- testing Thu Jan 02 06:40:46 UTC 2020 /home/travis/build/icyphy/ptII/ptolemy/actor/lib/test/auto/RunningMinimum.xml
----------------- Instantiating /home/travis/build/icyphy/ptII/ptolemy/actor/lib/test/auto/RunningMinimum.xml
8 ms. Memory: 304128K Free: 124967K (41%)
----------------- Invoking toplevel() on ptolemy.moml.MoMLSimpleApplication@585a83c5
----------------- Done invoking toplevel() on ptolemy.moml.MoMLSimpleApplication@585a83c5
reloadAllAccessors: .RunningMinimum

===========================================================================================
----------------- testing Thu Jan 02 06:40:46 UTC 2020 /home/travis/build/icyphy/ptII/ptolemy/actor/lib/test/auto/Scale.xml
----------------- Instantiating /home/travis/build/icyphy/ptII/ptolemy/actor/lib/test/auto/Scale.xml
1 ms. Memory: 304128K Free: 120361K (40%)
----------------- Invoking toplevel() on ptolemy.moml.MoMLSimpleApplication@1226c9b8
----------------- Done invoking toplevel() on ptolemy.moml.MoMLSimpleApplication@1226c9b8
reloadAllAccessors: .Scale

===========================================================================================
----------------- testing Thu Jan 02 06:40:46 UTC 2020 /home/travis/build/icyphy/ptII/ptolemy/actor/lib/test/auto/Scale2.xml
----------------- Instantiating /home/travis/build/icyphy/ptII/ptolemy/actor/lib/test/auto/Scale2.xml
1 ms. Memory: 304128K Free: 115751K (38%)
----------------- Invoking toplevel() on ptolemy.moml.MoMLSimpleApplication@12e0e192
----------------- Done invoking toplevel() on ptolemy.moml.MoMLSimpleApplication@12e0e192
reloadAllAccessors: .Scale2

===========================================================================================
----------------- testing Thu Jan 02 06:40:46 UTC 2020 /home/travis/build/icyphy/ptII/ptolemy/actor/lib/test/auto/Scale3.xml
----------------- Instantiating /home/travis/build/icyphy/ptII/ptolemy/actor/lib/test/auto/Scale3.xml
8 ms. Memory: 304128K Free: 108583K (36%)
----------------- Invoking toplevel() on ptolemy.moml.MoMLSimpleApplication@6917adb2
----------------- Done invoking toplevel() on ptolemy.moml.MoMLSimpleApplication@6917adb2
reloadAllAccessors: .Scale3

===========================================================================================
----------------- testing Thu Jan 02 06:40:46 UTC 2020 /home/travis/build/icyphy/ptII/ptolemy/actor/lib/test/auto/ScaleArray.xml
----------------- Instantiating /home/travis/build/icyphy/ptII/ptolemy/actor/lib/test/auto/ScaleArray.xml
2 ms. Memory: 304128K Free: 103977K (34%)
----------------- Invoking toplevel() on ptolemy.moml.MoMLSimpleApplication@2ea3414
----------------- Done invoking toplevel() on ptolemy.moml.MoMLSimpleApplication@2ea3414
reloadAllAccessors: .ScaleArray

===========================================================================================
----------------- testing Thu Jan 02 06:40:46 UTC 2020 /home/travis/build/icyphy/ptII/ptolemy/actor/lib/test/auto/ScaleArray2.xml
----------------- Instantiating /home/travis/build/icyphy/ptII/ptolemy/actor/lib/test/auto/ScaleArray2.xml
0 ms. Memory: 304128K Free: 99367K (33%)
----------------- Invoking toplevel() on ptolemy.moml.MoMLSimpleApplication@43566bdf
----------------- Done invoking toplevel() on ptolemy.moml.MoMLSimpleApplication@43566bdf
reloadAllAccessors: .ScaleArray2

===========================================================================================
----------------- testing Thu Jan 02 06:40:46 UTC 2020 /home/travis/build/icyphy/ptII/ptolemy/actor/lib/test/auto/ScaleMatrix.xml
----------------- Instantiating /home/travis/build/icyphy/ptII/ptolemy/actor/lib/test/auto/ScaleMatrix.xml
95 ms. Memory: 304128K Free: 84007K (28%)
----------------- Invoking toplevel() on ptolemy.moml.MoMLSimpleApplication@41a34706
----------------- Done invoking toplevel() on ptolemy.moml.MoMLSimpleApplication@41a34706
reloadAllAccessors: .ScaleMatrix

===========================================================================================
----------------- testing Thu Jan 02 06:40:46 UTC 2020 /home/travis/build/icyphy/ptII/ptolemy/actor/lib/test/auto/Select.xml
----------------- Instantiating /home/travis/build/icyphy/ptII/ptolemy/actor/lib/test/auto/Select.xml
2 ms. Memory: 304128K Free: 77857K (26%)
----------------- Invoking toplevel() on ptolemy.moml.MoMLSimpleApplication@532b0b22
----------------- Done invoking toplevel() on ptolemy.moml.MoMLSimpleApplication@532b0b22
reloadAllAccessors: .Select

===========================================================================================
----------------- testing Thu Jan 02 06:40:46 UTC 2020 /home/travis/build/icyphy/ptII/ptolemy/actor/lib/test/auto/Select2.xml
----------------- Instantiating /home/travis/build/icyphy/ptII/ptolemy/actor/lib/test/auto/Select2.xml
1 ms. Memory: 304128K Free: 253536K (83%)
----------------- Invoking toplevel() on ptolemy.moml.MoMLSimpleApplication@556ff
----------------- Done invoking toplevel() on ptolemy.moml.MoMLSimpleApplication@556ff
reloadAllAccessors: .Select2

===========================================================================================
----------------- testing Thu Jan 02 06:40:46 UTC 2020 /home/travis/build/icyphy/ptII/ptolemy/actor/lib/test/auto/SequenceToArray2.xml
----------------- Instantiating /home/travis/build/icyphy/ptII/ptolemy/actor/lib/test/auto/SequenceToArray2.xml
87 ms. Memory: 304128K Free: 229238K (75%)
----------------- Invoking toplevel() on ptolemy.moml.MoMLSimpleApplication@74a08a61
----------------- Done invoking toplevel() on ptolemy.moml.MoMLSimpleApplication@74a08a61
reloadAllAccessors: .SequenceToArray2

===========================================================================================
----------------- testing Thu Jan 02 06:40:46 UTC 2020 /home/travis/build/icyphy/ptII/ptolemy/actor/lib/test/auto/SequentialClock.xml
----------------- Instantiating /home/travis/build/icyphy/ptII/ptolemy/actor/lib/test/auto/SequentialClock.xml
1 ms. Memory: 304128K Free: 224646K (74%)
----------------- Invoking toplevel() on ptolemy.moml.MoMLSimpleApplication@2dc936fa
----------------- Done invoking toplevel() on ptolemy.moml.MoMLSimpleApplication@2dc936fa
reloadAllAccessors: .SequentialClock

===========================================================================================
----------------- testing Thu Jan 02 06:40:46 UTC 2020 /home/travis/build/icyphy/ptII/ptolemy/actor/lib/test/auto/SetVariable.xml
----------------- Instantiating /home/travis/build/icyphy/ptII/ptolemy/actor/lib/test/auto/SetVariable.xml
2 ms. Memory: 304128K Free: 220036K (72%)
----------------- Invoking toplevel() on ptolemy.moml.MoMLSimpleApplication@143edfd6
----------------- Done invoking toplevel() on ptolemy.moml.MoMLSimpleApplication@143edfd6
reloadAllAccessors: .SetVariable

===========================================================================================
----------------- testing Thu Jan 02 06:40:46 UTC 2020 /home/travis/build/icyphy/ptII/ptolemy/actor/lib/test/auto/SetVariable2.xml
----------------- Instantiating /home/travis/build/icyphy/ptII/ptolemy/actor/lib/test/auto/SetVariable2.xml
4 ms. Memory: 304128K Free: 214916K (71%)
----------------- Invoking toplevel() on ptolemy.moml.MoMLSimpleApplication@72d95353
----------------- Done invoking toplevel() on ptolemy.moml.MoMLSimpleApplication@72d95353
reloadAllAccessors: .SetVariable2

===========================================================================================
----------------- testing Thu Jan 02 06:40:46 UTC 2020 /home/travis/build/icyphy/ptII/ptolemy/actor/lib/test/auto/SetVariable3.xml
----------------- Instantiating /home/travis/build/icyphy/ptII/ptolemy/actor/lib/test/auto/SetVariable3.xml
5 ms. Memory: 304128K Free: 209796K (69%)
----------------- Invoking toplevel() on ptolemy.moml.MoMLSimpleApplication@4877f043
----------------- Done invoking toplevel() on ptolemy.moml.MoMLSimpleApplication@4877f043
reloadAllAccessors: .SetVariable3

===========================================================================================
----------------- testing Thu Jan 02 06:40:46 UTC 2020 /home/travis/build/icyphy/ptII/ptolemy/actor/lib/test/auto/SetVariable4.xml
----------------- Instantiating /home/travis/build/icyphy/ptII/ptolemy/actor/lib/test/auto/SetVariable4.xml
13 ms. Memory: 304128K Free: 200068K (66%)
----------------- Invoking toplevel() on ptolemy.moml.MoMLSimpleApplication@4c19d03e
----------------- Done invoking toplevel() on ptolemy.moml.MoMLSimpleApplication@4c19d03e
reloadAllAccessors: .SetVariable4

===========================================================================================
----------------- testing Thu Jan 02 06:40:46 UTC 2020 /home/travis/build/icyphy/ptII/ptolemy/actor/lib/test/auto/SetVariable5.xml
----------------- Instantiating /home/travis/build/icyphy/ptII/ptolemy/actor/lib/test/auto/SetVariable5.xml
17 ms. Memory: 304128K Free: 190854K (63%)
----------------- Invoking toplevel() on ptolemy.moml.MoMLSimpleApplication@45d30a6c
----------------- Done invoking toplevel() on ptolemy.moml.MoMLSimpleApplication@45d30a6c
reloadAllAccessors: .SetVariable5

===========================================================================================
----------------- testing Thu Jan 02 06:40:46 UTC 2020 /home/travis/build/icyphy/ptII/ptolemy/actor/lib/test/auto/Sinewave.xml
----------------- Instantiating /home/travis/build/icyphy/ptII/ptolemy/actor/lib/test/auto/Sinewave.xml
3 ms. Memory: 304128K Free: 180100K (59%)
----------------- Invoking toplevel() on ptolemy.moml.MoMLSimpleApplication@578dba55
----------------- Done invoking toplevel() on ptolemy.moml.MoMLSimpleApplication@578dba55
reloadAllAccessors: .Sinewave

===========================================================================================
----------------- testing Thu Jan 02 06:40:46 UTC 2020 /home/travis/build/icyphy/ptII/ptolemy/actor/lib/test/auto/Sinewave2.xml
----------------- Instantiating /home/travis/build/icyphy/ptII/ptolemy/actor/lib/test/auto/Sinewave2.xml
4 ms. Memory: 304128K Free: 171398K (56%)
----------------- Invoking toplevel() on ptolemy.moml.MoMLSimpleApplication@1182a96e
----------------- Done invoking toplevel() on ptolemy.moml.MoMLSimpleApplication@1182a96e
reloadAllAccessors: .Sinewave2

===========================================================================================
----------------- testing Thu Jan 02 06:40:46 UTC 2020 /home/travis/build/icyphy/ptII/ptolemy/actor/lib/test/auto/Sinewave3.xml
----------------- Instantiating /home/travis/build/icyphy/ptII/ptolemy/actor/lib/test/auto/Sinewave3.xml
7 ms. Memory: 304128K Free: 163206K (54%)
----------------- Invoking toplevel() on ptolemy.moml.MoMLSimpleApplication@b957325
----------------- Done invoking toplevel() on ptolemy.moml.MoMLSimpleApplication@b957325
reloadAllAccessors: .Sinewave3

===========================================================================================
----------------- testing Thu Jan 02 06:40:46 UTC 2020 /home/travis/build/icyphy/ptII/ptolemy/actor/lib/test/auto/SingleEvent.xml
----------------- Instantiating /home/travis/build/icyphy/ptII/ptolemy/actor/lib/test/auto/SingleEvent.xml
1 ms. Memory: 304128K Free: 159110K (52%)
----------------- Invoking toplevel() on ptolemy.moml.MoMLSimpleApplication@69778b66
----------------- Done invoking toplevel() on ptolemy.moml.MoMLSimpleApplication@69778b66
reloadAllAccessors: .SingleEvent

===========================================================================================
----------------- testing Thu Jan 02 06:40:46 UTC 2020 /home/travis/build/icyphy/ptII/ptolemy/actor/lib/test/auto/Sleep.xml
----------------- Instantiating /home/travis/build/icyphy/ptII/ptolemy/actor/lib/test/auto/Sleep.xml
6009 ms. Memory: 304128K Free: 153446K (50%)
----------------- Invoking toplevel() on ptolemy.moml.MoMLSimpleApplication@460f4469
----------------- Done invoking toplevel() on ptolemy.moml.MoMLSimpleApplication@460f4469
reloadAllAccessors: .Sleep

===========================================================================================
----------------- testing Thu Jan 02 06:40:52 UTC 2020 /home/travis/build/icyphy/ptII/ptolemy/actor/lib/test/auto/SleepMultipleFire.xml
----------------- Instantiating /home/travis/build/icyphy/ptII/ptolemy/actor/lib/test/auto/SleepMultipleFire.xml
1004 ms. Memory: 304128K Free: 147846K (49%)
----------------- Invoking toplevel() on ptolemy.moml.MoMLSimpleApplication@53de02b7
----------------- Done invoking toplevel() on ptolemy.moml.MoMLSimpleApplication@53de02b7
reloadAllAccessors: .SleepMultipleFire

===========================================================================================
----------------- testing Thu Jan 02 06:40:53 UTC 2020 /home/travis/build/icyphy/ptII/ptolemy/actor/lib/test/auto/StopDE.xml
----------------- Instantiating /home/travis/build/icyphy/ptII/ptolemy/actor/lib/test/auto/StopDE.xml
2 ms. Memory: 304128K Free: 142212K (47%)
----------------- Invoking toplevel() on ptolemy.moml.MoMLSimpleApplication@3ba77ea1
----------------- Done invoking toplevel() on ptolemy.moml.MoMLSimpleApplication@3ba77ea1
reloadAllAccessors: .StopDE

===========================================================================================
----------------- testing Thu Jan 02 06:40:53 UTC 2020 /home/travis/build/icyphy/ptII/ptolemy/actor/lib/test/auto/StopSDF.xml
----------------- Instantiating /home/travis/build/icyphy/ptII/ptolemy/actor/lib/test/auto/StopSDF.xml
3 ms. Memory: 304128K Free: 136582K (45%)
----------------- Invoking toplevel() on ptolemy.moml.MoMLSimpleApplication@6e3264f3
----------------- Done invoking toplevel() on ptolemy.moml.MoMLSimpleApplication@6e3264f3
reloadAllAccessors: .StopSDF

===========================================================================================
----------------- testing Thu Jan 02 06:40:54 UTC 2020 /home/travis/build/icyphy/ptII/ptolemy/actor/lib/test/auto/StringConstant.xml
----------------- Instantiating /home/travis/build/icyphy/ptII/ptolemy/actor/lib/test/auto/StringConstant.xml
17 ms. Memory: 304128K Free: 132486K (44%)
----------------- Invoking toplevel() on ptolemy.moml.MoMLSimpleApplication@762a4ce8
----------------- Done invoking toplevel() on ptolemy.moml.MoMLSimpleApplication@762a4ce8
reloadAllAccessors: .StringConstant

===========================================================================================
----------------- testing Thu Jan 02 06:40:54 UTC 2020 /home/travis/build/icyphy/ptII/ptolemy/actor/lib/test/auto/SubscriberPortInitialValues1.xml
----------------- Instantiating /home/travis/build/icyphy/ptII/ptolemy/actor/lib/test/auto/SubscriberPortInitialValues1.xml
12 ms. Memory: 304128K Free: 123780K (41%)
----------------- Invoking toplevel() on ptolemy.moml.MoMLSimpleApplication@55f37e83
----------------- Done invoking toplevel() on ptolemy.moml.MoMLSimpleApplication@55f37e83
reloadAllAccessors: .SubscriberPortInitialValues1

===========================================================================================
----------------- testing Thu Jan 02 06:40:54 UTC 2020 /home/travis/build/icyphy/ptII/ptolemy/actor/lib/test/auto/SubscriberPortInitialValues13.xml
----------------- Instantiating /home/travis/build/icyphy/ptII/ptolemy/actor/lib/test/auto/SubscriberPortInitialValues13.xml
4 ms. Memory: 304128K Free: 109958K (36%)
----------------- Invoking toplevel() on ptolemy.moml.MoMLSimpleApplication@294ba341
----------------- Done invoking toplevel() on ptolemy.moml.MoMLSimpleApplication@294ba341
reloadAllAccessors: .SubscriberPortInitialValues13

===========================================================================================
----------------- testing Thu Jan 02 06:40:54 UTC 2020 /home/travis/build/icyphy/ptII/ptolemy/actor/lib/test/auto/SubscriberPortInitialValues14.xml
----------------- Instantiating /home/travis/build/icyphy/ptII/ptolemy/actor/lib/test/auto/SubscriberPortInitialValues14.xml
3 ms. Memory: 304128K Free: 102276K (34%)
----------------- Invoking toplevel() on ptolemy.moml.MoMLSimpleApplication@4b110686
----------------- Done invoking toplevel() on ptolemy.moml.MoMLSimpleApplication@4b110686
reloadAllAccessors: .SubscriberPortInitialValues14

===========================================================================================
----------------- testing Thu Jan 02 06:40:54 UTC 2020 /home/travis/build/icyphy/ptII/ptolemy/actor/lib/test/auto/SubscriberPortInitialValues2.xml
----------------- Instantiating /home/travis/build/icyphy/ptII/ptolemy/actor/lib/test/auto/SubscriberPortInitialValues2.xml
3 ms. Memory: 304128K Free: 94598K (31%)
----------------- Invoking toplevel() on ptolemy.moml.MoMLSimpleApplication@526a5632
----------------- Done invoking toplevel() on ptolemy.moml.MoMLSimpleApplication@526a5632
reloadAllAccessors: .SubscriberPortInitialValues2

===========================================================================================
----------------- testing Thu Jan 02 06:40:54 UTC 2020 /home/travis/build/icyphy/ptII/ptolemy/actor/lib/test/auto/SubscriberPortInitialValues3.xml
----------------- Instantiating /home/travis/build/icyphy/ptII/ptolemy/actor/lib/test/auto/SubscriberPortInitialValues3.xml
3 ms. Memory: 304128K Free: 83844K (28%)
----------------- Invoking toplevel() on ptolemy.moml.MoMLSimpleApplication@ca5b24e
----------------- Done invoking toplevel() on ptolemy.moml.MoMLSimpleApplication@ca5b24e
reloadAllAccessors: .SubscriberPortInitialValues3

===========================================================================================
----------------- testing Thu Jan 02 06:40:54 UTC 2020 /home/travis/build/icyphy/ptII/ptolemy/actor/lib/test/auto/SubscriptionAggregator.xml
----------------- Instantiating /home/travis/build/icyphy/ptII/ptolemy/actor/lib/test/auto/SubscriptionAggregator.xml
1 ms. Memory: 304128K Free: 76166K (25%)
----------------- Invoking toplevel() on ptolemy.moml.MoMLSimpleApplication@1b66b435
----------------- Done invoking toplevel() on ptolemy.moml.MoMLSimpleApplication@1b66b435
reloadAllAccessors: .SubscriptionAggregator

===========================================================================================
----------------- testing Thu Jan 02 06:40:54 UTC 2020 /home/travis/build/icyphy/ptII/ptolemy/actor/lib/test/auto/SubscriptionAggregator2.xml
----------------- Instantiating /home/travis/build/icyphy/ptII/ptolemy/actor/lib/test/auto/SubscriptionAggregator2.xml
2 ms. Memory: 304128K Free: 249129K (82%)
----------------- Invoking toplevel() on ptolemy.moml.MoMLSimpleApplication@e676542
----------------- Done invoking toplevel() on ptolemy.moml.MoMLSimpleApplication@e676542
reloadAllAccessors: .SubscriptionAggregator2

===========================================================================================
----------------- testing Thu Jan 02 06:40:54 UTC 2020 /home/travis/build/icyphy/ptII/ptolemy/actor/lib/test/auto/SubscriptionAggregator3.xml
----------------- Instantiating /home/travis/build/icyphy/ptII/ptolemy/actor/lib/test/auto/SubscriptionAggregator3.xml
3 ms. Memory: 304128K Free: 240423K (79%)
----------------- Invoking toplevel() on ptolemy.moml.MoMLSimpleApplication@74f02dde
----------------- Done invoking toplevel() on ptolemy.moml.MoMLSimpleApplication@74f02dde
reloadAllAccessors: .SubscriptionAggregator3

===========================================================================================
----------------- testing Thu Jan 02 06:40:54 UTC 2020 /home/travis/build/icyphy/ptII/ptolemy/actor/lib/test/auto/SubscriptionAggregatorMultiply.xml
----------------- Instantiating /home/travis/build/icyphy/ptII/ptolemy/actor/lib/test/auto/SubscriptionAggregatorMultiply.xml
3 ms. Memory: 304128K Free: 231721K (76%)
----------------- Invoking toplevel() on ptolemy.moml.MoMLSimpleApplication@9a014cb
----------------- Done invoking toplevel() on ptolemy.moml.MoMLSimpleApplication@9a014cb
reloadAllAccessors: .SubscriptionAggregatorMultiply

===========================================================================================
----------------- testing Thu Jan 02 06:40:54 UTC 2020 /home/travis/build/icyphy/ptII/ptolemy/actor/lib/test/auto/SubscriptionAggregatorPortMultiply1.xml
----------------- Instantiating /home/travis/build/icyphy/ptII/ptolemy/actor/lib/test/auto/SubscriptionAggregatorPortMultiply1.xml
4 ms. Memory: 304128K Free: 224039K (74%)
----------------- Invoking toplevel() on ptolemy.moml.MoMLSimpleApplication@20a46114
----------------- Done invoking toplevel() on ptolemy.moml.MoMLSimpleApplication@20a46114
reloadAllAccessors: .SubscriptionAggregatorPortMultiply1

===========================================================================================
----------------- testing Thu Jan 02 06:40:54 UTC 2020 /home/travis/build/icyphy/ptII/ptolemy/actor/lib/test/auto/Switch.xml
----------------- Instantiating /home/travis/build/icyphy/ptII/ptolemy/actor/lib/test/auto/Switch.xml
6 ms. Memory: 304128K Free: 215337K (71%)
----------------- Invoking toplevel() on ptolemy.moml.MoMLSimpleApplication@e70e9f9
----------------- Done invoking toplevel() on ptolemy.moml.MoMLSimpleApplication@e70e9f9
reloadAllAccessors: .Switch

===========================================================================================
----------------- testing Thu Jan 02 06:40:54 UTC 2020 /home/travis/build/icyphy/ptII/ptolemy/actor/lib/test/auto/Switch2.xml
----------------- Instantiating /home/travis/build/icyphy/ptII/ptolemy/actor/lib/test/auto/Switch2.xml
1 ms. Memory: 304128K Free: 210727K (69%)
----------------- Invoking toplevel() on ptolemy.moml.MoMLSimpleApplication@6623013a
----------------- Done invoking toplevel() on ptolemy.moml.MoMLSimpleApplication@6623013a
reloadAllAccessors: .Switch2

===========================================================================================
----------------- testing Thu Jan 02 06:40:54 UTC 2020 /home/travis/build/icyphy/ptII/ptolemy/actor/lib/test/auto/SwitchDE.xml
----------------- Instantiating /home/travis/build/icyphy/ptII/ptolemy/actor/lib/test/auto/SwitchDE.xml
4 ms. Memory: 304128K Free: 204569K (67%)
----------------- Invoking toplevel() on ptolemy.moml.MoMLSimpleApplication@25ede2e1
----------------- Done invoking toplevel() on ptolemy.moml.MoMLSimpleApplication@25ede2e1
reloadAllAccessors: .SwitchDE

===========================================================================================
----------------- testing Thu Jan 02 06:40:54 UTC 2020 /home/travis/build/icyphy/ptII/ptolemy/actor/lib/test/auto/SynchronizerDE.xml
----------------- Instantiating /home/travis/build/icyphy/ptII/ptolemy/actor/lib/test/auto/SynchronizerDE.xml
7 ms. Memory: 304128K Free: 195881K (64%)
----------------- Invoking toplevel() on ptolemy.moml.MoMLSimpleApplication@225cf5f1
----------------- Done invoking toplevel() on ptolemy.moml.MoMLSimpleApplication@225cf5f1
reloadAllAccessors: .SynchronizerDE

===========================================================================================
----------------- testing Thu Jan 02 06:40:54 UTC 2020 /home/travis/build/icyphy/ptII/ptolemy/actor/lib/test/auto/Test.xml
----------------- Instantiating /home/travis/build/icyphy/ptII/ptolemy/actor/lib/test/auto/Test.xml
1 ms. Memory: 304128K Free: 190761K (63%)
----------------- Invoking toplevel() on ptolemy.moml.MoMLSimpleApplication@2751316e
----------------- Done invoking toplevel() on ptolemy.moml.MoMLSimpleApplication@2751316e
reloadAllAccessors: .Test

===========================================================================================
----------------- testing Thu Jan 02 06:40:54 UTC 2020 /home/travis/build/icyphy/ptII/ptolemy/actor/lib/test/auto/TestExceptionAttribute1.xml
----------------- Instantiating /home/travis/build/icyphy/ptII/ptolemy/actor/lib/test/auto/TestExceptionAttribute1.xml
1 ms. Memory: 304128K Free: 187175K (62%)
----------------- Invoking toplevel() on ptolemy.moml.MoMLSimpleApplication@33d6ddfd
----------------- Done invoking toplevel() on ptolemy.moml.MoMLSimpleApplication@33d6ddfd
reloadAllAccessors: .TestExceptionAttribute1

===========================================================================================
----------------- testing Thu Jan 02 06:40:54 UTC 2020 /home/travis/build/icyphy/ptII/ptolemy/actor/lib/test/auto/TestExceptionAttribute2.xml
----------------- Instantiating /home/travis/build/icyphy/ptII/ptolemy/actor/lib/test/auto/TestExceptionAttribute2.xml
1 ms. Memory: 304128K Free: 183079K (60%)
----------------- Invoking toplevel() on ptolemy.moml.MoMLSimpleApplication@760f6296
----------------- Done invoking toplevel() on ptolemy.moml.MoMLSimpleApplication@760f6296
reloadAllAccessors: .TestExceptionAttribute2

===========================================================================================
----------------- testing Thu Jan 02 06:40:54 UTC 2020 /home/travis/build/icyphy/ptII/ptolemy/actor/lib/test/auto/TestExceptionAttribute3.xml
----------------- Instantiating /home/travis/build/icyphy/ptII/ptolemy/actor/lib/test/auto/TestExceptionAttribute3.xml
.TestExceptionAttribute3.TestExceptionAttribute: initialize() was not invoked, but wrapup() was.  This is unusual, but not always a problem.  For example, exporting JNLP will do this.
1 ms. Memory: 304128K Free: 179497K (59%)
----------------- Invoking toplevel() on ptolemy.moml.MoMLSimpleApplication@31d00ade
----------------- Done invoking toplevel() on ptolemy.moml.MoMLSimpleApplication@31d00ade
reloadAllAccessors: .TestExceptionAttribute3

===========================================================================================
----------------- testing Thu Jan 02 06:40:54 UTC 2020 /home/travis/build/icyphy/ptII/ptolemy/actor/lib/test/auto/TestExceptionAttribute4.xml
----------------- Instantiating /home/travis/build/icyphy/ptII/ptolemy/actor/lib/test/auto/TestExceptionAttribute4.xml
.TestExceptionAttribute4.TestExceptionAttribute: initialize() was not invoked, but wrapup() was.  This is unusual, but not always a problem.  For example, exporting JNLP will do this.
.TestExceptionAttribute4.TestExceptionAttribute2: initialize() was not invoked, but wrapup() was.  This is unusual, but not always a problem.  For example, exporting JNLP will do this.
0 ms. Memory: 304128K Free: 175401K (58%)
----------------- Invoking toplevel() on ptolemy.moml.MoMLSimpleApplication@1b2d2e02
----------------- Done invoking toplevel() on ptolemy.moml.MoMLSimpleApplication@1b2d2e02
reloadAllAccessors: .TestExceptionAttribute4

===========================================================================================
----------------- testing Thu Jan 02 06:40:54 UTC 2020 /home/travis/build/icyphy/ptII/ptolemy/actor/lib/test/auto/TestExceptionHandler1.xml
----------------- Instantiating /home/travis/build/icyphy/ptII/ptolemy/actor/lib/test/auto/TestExceptionHandler1.xml
1 ms. Memory: 304128K Free: 171305K (56%)
----------------- Invoking toplevel() on ptolemy.moml.MoMLSimpleApplication@39d75eac
----------------- Done invoking toplevel() on ptolemy.moml.MoMLSimpleApplication@39d75eac
reloadAllAccessors: .TestExceptionHandler1

===========================================================================================
----------------- testing Thu Jan 02 06:40:54 UTC 2020 /home/travis/build/icyphy/ptII/ptolemy/actor/lib/test/auto/TestExceptionHandler2.xml
----------------- Instantiating /home/travis/build/icyphy/ptII/ptolemy/actor/lib/test/auto/TestExceptionHandler2.xml
1 ms. Memory: 304128K Free: 167719K (55%)
----------------- Invoking toplevel() on ptolemy.moml.MoMLSimpleApplication@5defe895
----------------- Done invoking toplevel() on ptolemy.moml.MoMLSimpleApplication@5defe895
reloadAllAccessors: .TestExceptionHandler2

===========================================================================================
----------------- testing Thu Jan 02 06:40:54 UTC 2020 /home/travis/build/icyphy/ptII/ptolemy/actor/lib/test/auto/TestExceptionHandler3.xml
----------------- Instantiating /home/travis/build/icyphy/ptII/ptolemy/actor/lib/test/auto/TestExceptionHandler3.xml
1 ms. Memory: 304128K Free: 163623K (54%)
----------------- Invoking toplevel() on ptolemy.moml.MoMLSimpleApplication@4d4cc3c1
----------------- Done invoking toplevel() on ptolemy.moml.MoMLSimpleApplication@4d4cc3c1
reloadAllAccessors: .TestExceptionHandler3

===========================================================================================
----------------- testing Thu Jan 02 06:40:54 UTC 2020 /home/travis/build/icyphy/ptII/ptolemy/actor/lib/test/auto/TestExceptionHandler4.xml
----------------- Instantiating /home/travis/build/icyphy/ptII/ptolemy/actor/lib/test/auto/TestExceptionHandler4.xml
0 ms. Memory: 304128K Free: 159527K (52%)
----------------- Invoking toplevel() on ptolemy.moml.MoMLSimpleApplication@381e7189
----------------- Done invoking toplevel() on ptolemy.moml.MoMLSimpleApplication@381e7189
reloadAllAccessors: .TestExceptionHandler4

===========================================================================================
----------------- testing Thu Jan 02 06:40:54 UTC 2020 /home/travis/build/icyphy/ptII/ptolemy/actor/lib/test/auto/TestRequireCorrectOrder.xml
----------------- Instantiating /home/travis/build/icyphy/ptII/ptolemy/actor/lib/test/auto/TestRequireCorrectOrder.xml
9 ms. Memory: 304128K Free: 154393K (51%)
----------------- Invoking toplevel() on ptolemy.moml.MoMLSimpleApplication@5bb3ecf9
----------------- Done invoking toplevel() on ptolemy.moml.MoMLSimpleApplication@5bb3ecf9
reloadAllAccessors: .TestRequireCorrectOrder

===========================================================================================
----------------- testing Thu Jan 02 06:40:54 UTC 2020 /home/travis/build/icyphy/ptII/ptolemy/actor/lib/test/auto/TestSimple.xml
----------------- Instantiating /home/travis/build/icyphy/ptII/ptolemy/actor/lib/test/auto/TestSimple.xml
2 ms. Memory: 304128K Free: 149281K (49%)
----------------- Invoking toplevel() on ptolemy.moml.MoMLSimpleApplication@4e98d302
----------------- Done invoking toplevel() on ptolemy.moml.MoMLSimpleApplication@4e98d302
reloadAllAccessors: .TestSimple

===========================================================================================
----------------- testing Thu Jan 02 06:40:54 UTC 2020 /home/travis/build/icyphy/ptII/ptolemy/actor/lib/test/auto/ThrowModelError.xml
----------------- Instantiating /home/travis/build/icyphy/ptII/ptolemy/actor/lib/test/auto/ThrowModelError.xml
1 ms. Memory: 304128K Free: 144681K (48%)
----------------- Invoking toplevel() on ptolemy.moml.MoMLSimpleApplication@2a8483de
----------------- Done invoking toplevel() on ptolemy.moml.MoMLSimpleApplication@2a8483de
reloadAllAccessors: .ThrowModelError

===========================================================================================
----------------- testing Thu Jan 02 06:40:54 UTC 2020 /home/travis/build/icyphy/ptII/ptolemy/actor/lib/test/auto/TimeDelayMicrosteps.xml
----------------- Instantiating /home/travis/build/icyphy/ptII/ptolemy/actor/lib/test/auto/TimeDelayMicrosteps.xml
3 ms. Memory: 304128K Free: 137513K (45%)
----------------- Invoking toplevel() on ptolemy.moml.MoMLSimpleApplication@75a69cfb
----------------- Done invoking toplevel() on ptolemy.moml.MoMLSimpleApplication@75a69cfb
reloadAllAccessors: .TimeDelayMicrosteps

===========================================================================================
----------------- testing Thu Jan 02 06:40:54 UTC 2020 /home/travis/build/icyphy/ptII/ptolemy/actor/lib/test/auto/TimeDelayMicrosteps2.xml
----------------- Instantiating /home/travis/build/icyphy/ptII/ptolemy/actor/lib/test/auto/TimeDelayMicrosteps2.xml
3 ms. Memory: 304128K Free: 130345K (43%)
----------------- Invoking toplevel() on ptolemy.moml.MoMLSimpleApplication@52a17ab3
----------------- Done invoking toplevel() on ptolemy.moml.MoMLSimpleApplication@52a17ab3
reloadAllAccessors: .TimeDelayMicrosteps2

===========================================================================================
----------------- testing Thu Jan 02 06:40:54 UTC 2020 /home/travis/build/icyphy/ptII/ptolemy/actor/lib/test/auto/TimeDelayMicrosteps3.xml
----------------- Instantiating /home/travis/build/icyphy/ptII/ptolemy/actor/lib/test/auto/TimeDelayMicrosteps3.xml
2 ms. Memory: 304128K Free: 123673K (41%)
----------------- Invoking toplevel() on ptolemy.moml.MoMLSimpleApplication@18bc81b6
----------------- Done invoking toplevel() on ptolemy.moml.MoMLSimpleApplication@18bc81b6
reloadAllAccessors: .TimeDelayMicrosteps3

===========================================================================================
----------------- testing Thu Jan 02 06:40:54 UTC 2020 /home/travis/build/icyphy/ptII/ptolemy/actor/lib/test/auto/TimeDelayVariableMicrosteps.xml
----------------- Instantiating /home/travis/build/icyphy/ptII/ptolemy/actor/lib/test/auto/TimeDelayVariableMicrosteps.xml
3 ms. Memory: 304128K Free: 116519K (38%)
----------------- Invoking toplevel() on ptolemy.moml.MoMLSimpleApplication@449e96c7
----------------- Done invoking toplevel() on ptolemy.moml.MoMLSimpleApplication@449e96c7
reloadAllAccessors: .TimeDelayVariableMicrosteps

===========================================================================================
----------------- testing Thu Jan 02 06:40:54 UTC 2020 /home/travis/build/icyphy/ptII/ptolemy/actor/lib/test/auto/TimeGap.xml
----------------- Instantiating /home/travis/build/icyphy/ptII/ptolemy/actor/lib/test/auto/TimeGap.xml
3 ms. Memory: 304128K Free: 111369K (37%)
----------------- Invoking toplevel() on ptolemy.moml.MoMLSimpleApplication@648427e8
----------------- Done invoking toplevel() on ptolemy.moml.MoMLSimpleApplication@648427e8
reloadAllAccessors: .TimeGap

===========================================================================================
----------------- testing Thu Jan 02 06:40:54 UTC 2020 /home/travis/build/icyphy/ptII/ptolemy/actor/lib/test/auto/TimeGap2.xml
----------------- Instantiating /home/travis/build/icyphy/ptII/ptolemy/actor/lib/test/auto/TimeGap2.xml
1 ms. Memory: 304128K Free: 105225K (35%)
----------------- Invoking toplevel() on ptolemy.moml.MoMLSimpleApplication@331e0d76
----------------- Done invoking toplevel() on ptolemy.moml.MoMLSimpleApplication@331e0d76
reloadAllAccessors: .TimeGap2

===========================================================================================
----------------- testing Thu Jan 02 06:40:54 UTC 2020 /home/travis/build/icyphy/ptII/ptolemy/actor/lib/test/auto/TimedSinewave.xml
----------------- Instantiating /home/travis/build/icyphy/ptII/ptolemy/actor/lib/test/auto/TimedSinewave.xml
19 ms. Memory: 304128K Free: 91433K (30%)
----------------- Invoking toplevel() on ptolemy.moml.MoMLSimpleApplication@135820a4
----------------- Done invoking toplevel() on ptolemy.moml.MoMLSimpleApplication@135820a4
reloadAllAccessors: .TimedSinewave

===========================================================================================
----------------- testing Thu Jan 02 06:40:54 UTC 2020 /home/travis/build/icyphy/ptII/ptolemy/actor/lib/test/auto/TimedSinewavePhase.xml
----------------- Instantiating /home/travis/build/icyphy/ptII/ptolemy/actor/lib/test/auto/TimedSinewavePhase.xml
8 ms. Memory: 304128K Free: 81703K (27%)
----------------- Invoking toplevel() on ptolemy.moml.MoMLSimpleApplication@4cfb3813
----------------- Done invoking toplevel() on ptolemy.moml.MoMLSimpleApplication@4cfb3813
reloadAllAccessors: .TimedSinewavePhase

===========================================================================================
----------------- testing Thu Jan 02 06:40:54 UTC 2020 /home/travis/build/icyphy/ptII/ptolemy/actor/lib/test/auto/Timer.xml
----------------- Instantiating /home/travis/build/icyphy/ptII/ptolemy/actor/lib/test/auto/Timer.xml
3 ms. Memory: 304128K Free: 75553K (25%)
----------------- Invoking toplevel() on ptolemy.moml.MoMLSimpleApplication@328863e
----------------- Done invoking toplevel() on ptolemy.moml.MoMLSimpleApplication@328863e
reloadAllAccessors: .Timer

===========================================================================================
----------------- testing Thu Jan 02 06:40:54 UTC 2020 /home/travis/build/icyphy/ptII/ptolemy/actor/lib/test/auto/TriangularDistTestModel.xml
----------------- Instantiating /home/travis/build/icyphy/ptII/ptolemy/actor/lib/test/auto/TriangularDistTestModel.xml
2 ms. Memory: 304128K Free: 250023K (82%)
----------------- Invoking toplevel() on ptolemy.moml.MoMLSimpleApplication@498017f9
----------------- Done invoking toplevel() on ptolemy.moml.MoMLSimpleApplication@498017f9
reloadAllAccessors: .TriangularDistTestModel

===========================================================================================
----------------- testing Thu Jan 02 06:40:54 UTC 2020 /home/travis/build/icyphy/ptII/ptolemy/actor/lib/test/auto/TrigFunction.xml
----------------- Instantiating /home/travis/build/icyphy/ptII/ptolemy/actor/lib/test/auto/TrigFunction.xml
2 ms. Memory: 304128K Free: 244903K (81%)
----------------- Invoking toplevel() on ptolemy.moml.MoMLSimpleApplication@3c33a6c6
----------------- Done invoking toplevel() on ptolemy.moml.MoMLSimpleApplication@3c33a6c6
reloadAllAccessors: .TrigFunction

===========================================================================================
----------------- testing Thu Jan 02 06:40:54 UTC 2020 /home/travis/build/icyphy/ptII/ptolemy/actor/lib/test/auto/TrigFunctionDE.xml
----------------- Instantiating /home/travis/build/icyphy/ptII/ptolemy/actor/lib/test/auto/TrigFunctionDE.xml
2 ms. Memory: 304128K Free: 239269K (79%)
----------------- Invoking toplevel() on ptolemy.moml.MoMLSimpleApplication@113abc30
----------------- Done invoking toplevel() on ptolemy.moml.MoMLSimpleApplication@113abc30
reloadAllAccessors: .TrigFunctionDE

===========================================================================================
----------------- testing Thu Jan 02 06:40:54 UTC 2020 /home/travis/build/icyphy/ptII/ptolemy/actor/lib/test/auto/TrigFunctionInverse.xml
----------------- Instantiating /home/travis/build/icyphy/ptII/ptolemy/actor/lib/test/auto/TrigFunctionInverse.xml
1 ms. Memory: 304128K Free: 233639K (77%)
----------------- Invoking toplevel() on ptolemy.moml.MoMLSimpleApplication@4cb0ad08
----------------- Done invoking toplevel() on ptolemy.moml.MoMLSimpleApplication@4cb0ad08
reloadAllAccessors: .TrigFunctionInverse

===========================================================================================
----------------- testing Thu Jan 02 06:40:54 UTC 2020 /home/travis/build/icyphy/ptII/ptolemy/actor/lib/test/auto/TrigFunctionTan.xml
----------------- Instantiating /home/travis/build/icyphy/ptII/ptolemy/actor/lib/test/auto/TrigFunctionTan.xml
1 ms. Memory: 304128K Free: 229543K (75%)
----------------- Invoking toplevel() on ptolemy.moml.MoMLSimpleApplication@3e232af2
----------------- Done invoking toplevel() on ptolemy.moml.MoMLSimpleApplication@3e232af2
reloadAllAccessors: .TrigFunctionTan

===========================================================================================
----------------- testing Thu Jan 02 06:40:54 UTC 2020 /home/travis/build/icyphy/ptII/ptolemy/actor/lib/test/auto/TriggeredClock.xml
----------------- Instantiating /home/travis/build/icyphy/ptII/ptolemy/actor/lib/test/auto/TriggeredClock.xml
1 ms. Memory: 304128K Free: 224423K (74%)
----------------- Invoking toplevel() on ptolemy.moml.MoMLSimpleApplication@370862cd
----------------- Done invoking toplevel() on ptolemy.moml.MoMLSimpleApplication@370862cd
reloadAllAccessors: .TriggeredClock

===========================================================================================
----------------- testing Thu Jan 02 06:40:54 UTC 2020 /home/travis/build/icyphy/ptII/ptolemy/actor/lib/test/auto/URLDirectoryReader.xml
----------------- Instantiating /home/travis/build/icyphy/ptII/ptolemy/actor/lib/test/auto/URLDirectoryReader.xml
33 ms. Memory: 304128K Free: 214693K (71%)
----------------- Invoking toplevel() on ptolemy.moml.MoMLSimpleApplication@b78c102
----------------- Done invoking toplevel() on ptolemy.moml.MoMLSimpleApplication@b78c102
reloadAllAccessors: .URLDirectoryReader

===========================================================================================
----------------- testing Thu Jan 02 06:40:54 UTC 2020 /home/travis/build/icyphy/ptII/ptolemy/actor/lib/test/auto/URLDirectoryReader3.xml
----------------- Instantiating /home/travis/build/icyphy/ptII/ptolemy/actor/lib/test/auto/URLDirectoryReader3.xml
1063 ms. Memory: 304128K Free: 246160K (81%)
----------------- Invoking toplevel() on ptolemy.moml.MoMLSimpleApplication@1677c43
----------------- Done invoking toplevel() on ptolemy.moml.MoMLSimpleApplication@1677c43
reloadAllAccessors: .URLDirectoryReader3

===========================================================================================
----------------- testing Thu Jan 02 06:40:56 UTC 2020 /home/travis/build/icyphy/ptII/ptolemy/actor/lib/test/auto/UnaryMathFunction.xml
----------------- Instantiating /home/travis/build/icyphy/ptII/ptolemy/actor/lib/test/auto/UnaryMathFunction.xml
3 ms. Memory: 304128K Free: 238474K (78%)
----------------- Invoking toplevel() on ptolemy.moml.MoMLSimpleApplication@4607f2cc
----------------- Done invoking toplevel() on ptolemy.moml.MoMLSimpleApplication@4607f2cc
reloadAllAccessors: .UnaryMathFunction

===========================================================================================
----------------- testing Thu Jan 02 06:40:56 UTC 2020 /home/travis/build/icyphy/ptII/ptolemy/actor/lib/test/auto/Uniform.xml
----------------- Instantiating /home/travis/build/icyphy/ptII/ptolemy/actor/lib/test/auto/Uniform.xml
2 ms. Memory: 304128K Free: 233868K (77%)
----------------- Invoking toplevel() on ptolemy.moml.MoMLSimpleApplication@70fb10fc
----------------- Done invoking toplevel() on ptolemy.moml.MoMLSimpleApplication@70fb10fc
reloadAllAccessors: .Uniform

===========================================================================================
----------------- testing Thu Jan 02 06:40:56 UTC 2020 /home/travis/build/icyphy/ptII/ptolemy/actor/lib/test/auto/UnionDisassemblerTest.xml
----------------- Instantiating /home/travis/build/icyphy/ptII/ptolemy/actor/lib/test/auto/UnionDisassemblerTest.xml
23 ms. Memory: 304128K Free: 229772K (76%)
----------------- Invoking toplevel() on ptolemy.moml.MoMLSimpleApplication@41ee2838
----------------- Done invoking toplevel() on ptolemy.moml.MoMLSimpleApplication@41ee2838
reloadAllAccessors: .UnionDisassemblerTest

===========================================================================================
----------------- testing Thu Jan 02 06:40:56 UTC 2020 /home/travis/build/icyphy/ptII/ptolemy/actor/lib/test/auto/UtilityFunctions.xml
----------------- Instantiating /home/travis/build/icyphy/ptII/ptolemy/actor/lib/test/auto/UtilityFunctions.xml
1 ms. Memory: 304128K Free: 225676K (74%)
----------------- Invoking toplevel() on ptolemy.moml.MoMLSimpleApplication@7f3aa7d1
----------------- Done invoking toplevel() on ptolemy.moml.MoMLSimpleApplication@7f3aa7d1
reloadAllAccessors: .UtilityFunctions

===========================================================================================
----------------- testing Thu Jan 02 06:40:56 UTC 2020 /home/travis/build/icyphy/ptII/ptolemy/actor/lib/test/auto/VariableSleep.xml
----------------- Instantiating /home/travis/build/icyphy/ptII/ptolemy/actor/lib/test/auto/VariableSleep.xml
502 ms. Memory: 304128K Free: 220556K (73%)
----------------- Invoking toplevel() on ptolemy.moml.MoMLSimpleApplication@bb94fc0
----------------- Done invoking toplevel() on ptolemy.moml.MoMLSimpleApplication@bb94fc0
reloadAllAccessors: .VariableSleep

===========================================================================================
----------------- testing Thu Jan 02 06:40:56 UTC 2020 /home/travis/build/icyphy/ptII/ptolemy/actor/lib/test/auto/VectorAssemblerDisassemblerCT.xml
----------------- Instantiating /home/travis/build/icyphy/ptII/ptolemy/actor/lib/test/auto/VectorAssemblerDisassemblerCT.xml
64 ms. Memory: 304128K Free: 200076K (66%)
----------------- Invoking toplevel() on ptolemy.moml.MoMLSimpleApplication@3b2a7960
----------------- Done invoking toplevel() on ptolemy.moml.MoMLSimpleApplication@3b2a7960
reloadAllAccessors: .VectorAssemblerDisassemblerCT

===========================================================================================
----------------- testing Thu Jan 02 06:40:56 UTC 2020 /home/travis/build/icyphy/ptII/ptolemy/actor/lib/test/auto/VectorAssemblerDisassemblerDE.xml
----------------- Instantiating /home/travis/build/icyphy/ptII/ptolemy/actor/lib/test/auto/VectorAssemblerDisassemblerDE.xml
2 ms. Memory: 304128K Free: 192908K (63%)
----------------- Invoking toplevel() on ptolemy.moml.MoMLSimpleApplication@5a8c9c64
----------------- Done invoking toplevel() on ptolemy.moml.MoMLSimpleApplication@5a8c9c64
reloadAllAccessors: .VectorAssemblerDisassemblerDE

===========================================================================================
----------------- testing Thu Jan 02 06:40:56 UTC 2020 /home/travis/build/icyphy/ptII/ptolemy/actor/lib/test/auto/VectorAssemblerDisassemblerSDF.xml
----------------- Instantiating /home/travis/build/icyphy/ptII/ptolemy/actor/lib/test/auto/VectorAssemblerDisassemblerSDF.xml
2 ms. Memory: 304128K Free: 186764K (61%)
----------------- Invoking toplevel() on ptolemy.moml.MoMLSimpleApplication@2bd7bc75
----------------- Done invoking toplevel() on ptolemy.moml.MoMLSimpleApplication@2bd7bc75
reloadAllAccessors: .VectorAssemblerDisassemblerSDF

===========================================================================================
----------------- testing Thu Jan 02 06:40:56 UTC 2020 /home/travis/build/icyphy/ptII/ptolemy/actor/lib/test/auto/WallClockTime.xml
----------------- Instantiating /home/travis/build/icyphy/ptII/ptolemy/actor/lib/test/auto/WallClockTime.xml
1004 ms. Memory: 304128K Free: 181130K (60%)
----------------- Invoking toplevel() on ptolemy.moml.MoMLSimpleApplication@7ecea8a2
----------------- Done invoking toplevel() on ptolemy.moml.MoMLSimpleApplication@7ecea8a2
reloadAllAccessors: .WallClockTime

===========================================================================================
----------------- testing Thu Jan 02 06:40:57 UTC 2020 /home/travis/build/icyphy/ptII/ptolemy/actor/lib/test/auto/WidthTestWithSubscriberPublisher.xml
----------------- Instantiating /home/travis/build/icyphy/ptII/ptolemy/actor/lib/test/auto/WidthTestWithSubscriberPublisher.xml
7 ms. Memory: 304128K Free: 163212K (54%)
----------------- Invoking toplevel() on ptolemy.moml.MoMLSimpleApplication@7847db51
----------------- Done invoking toplevel() on ptolemy.moml.MoMLSimpleApplication@7847db51
reloadAllAccessors: .WidthTestWithSubscriberPublisher

===========================================================================================
----------------- testing Thu Jan 02 06:40:57 UTC 2020 /home/travis/build/icyphy/ptII/ptolemy/actor/lib/test/auto/WidthTestWithSubscriberPublisher2.xml
----------------- Instantiating /home/travis/build/icyphy/ptII/ptolemy/actor/lib/test/auto/WidthTestWithSubscriberPublisher2.xml
2 ms. Memory: 304128K Free: 157068K (52%)
----------------- Invoking toplevel() on ptolemy.moml.MoMLSimpleApplication@59f4b884
----------------- Done invoking toplevel() on ptolemy.moml.MoMLSimpleApplication@59f4b884
reloadAllAccessors: .WidthTestWithSubscriberPublisher2

===========================================================================================
----------------- testing Thu Jan 02 06:40:57 UTC 2020 /home/travis/build/icyphy/ptII/ptolemy/actor/lib/test/auto/WidthTestWithSubscriberPublisher3.xml
----------------- Instantiating /home/travis/build/icyphy/ptII/ptolemy/actor/lib/test/auto/WidthTestWithSubscriberPublisher3.xml
1 ms. Memory: 304128K Free: 150410K (49%)
----------------- Invoking toplevel() on ptolemy.moml.MoMLSimpleApplication@44d12a32
----------------- Done invoking toplevel() on ptolemy.moml.MoMLSimpleApplication@44d12a32
reloadAllAccessors: .WidthTestWithSubscriberPublisher3

===========================================================================================
----------------- testing Thu Jan 02 06:40:57 UTC 2020 /home/travis/build/icyphy/ptII/ptolemy/actor/lib/test/auto/Writer.xml
----------------- Instantiating /home/travis/build/icyphy/ptII/ptolemy/actor/lib/test/auto/Writer.xml
0
1
2
3
4
1 ms. Memory: 304128K Free: 146284K (48%)
----------------- Invoking toplevel() on ptolemy.moml.MoMLSimpleApplication@37a3da84
----------------- Done invoking toplevel() on ptolemy.moml.MoMLSimpleApplication@37a3da84
reloadAllAccessors: .Writer

===========================================================================================
----------------- testing Thu Jan 02 06:40:57 UTC 2020 /home/travis/build/icyphy/ptII/ptolemy/actor/lib/test/auto/array.xml
----------------- Instantiating /home/travis/build/icyphy/ptII/ptolemy/actor/lib/test/auto/array.xml
2 ms. Memory: 304128K Free: 141708K (47%)
----------------- Invoking toplevel() on ptolemy.moml.MoMLSimpleApplication@49735db8
----------------- Done invoking toplevel() on ptolemy.moml.MoMLSimpleApplication@49735db8
reloadAllAccessors: .array

===========================================================================================
----------------- testing Thu Jan 02 06:40:57 UTC 2020 /home/travis/build/icyphy/ptII/ptolemy/actor/lib/test/auto/array2.xml
----------------- Instantiating /home/travis/build/icyphy/ptII/ptolemy/actor/lib/test/auto/array2.xml
4 ms. Memory: 304128K Free: 136060K (45%)
----------------- Invoking toplevel() on ptolemy.moml.MoMLSimpleApplication@75459047
----------------- Done invoking toplevel() on ptolemy.moml.MoMLSimpleApplication@75459047
reloadAllAccessors: .array2

===========================================================================================
----------------- testing Thu Jan 02 06:40:57 UTC 2020 /home/travis/build/icyphy/ptII/ptolemy/actor/lib/test/auto/arrayType.xml
----------------- Instantiating /home/travis/build/icyphy/ptII/ptolemy/actor/lib/test/auto/arrayType.xml
1 ms. Memory: 304128K Free: 130954K (43%)
----------------- Invoking toplevel() on ptolemy.moml.MoMLSimpleApplication@70cd5370
----------------- Done invoking toplevel() on ptolemy.moml.MoMLSimpleApplication@70cd5370
reloadAllAccessors: .arrayType

===========================================================================================
----------------- testing Thu Jan 02 06:40:57 UTC 2020 /home/travis/build/icyphy/ptII/ptolemy/actor/lib/test/auto/arrayType10.xml
----------------- Instantiating /home/travis/build/icyphy/ptII/ptolemy/actor/lib/test/auto/arrayType10.xml
1 ms. Memory: 304128K Free: 126348K (42%)
----------------- Invoking toplevel() on ptolemy.moml.MoMLSimpleApplication@77e54f7e
----------------- Done invoking toplevel() on ptolemy.moml.MoMLSimpleApplication@77e54f7e
reloadAllAccessors: .arrayType10

===========================================================================================
----------------- testing Thu Jan 02 06:40:57 UTC 2020 /home/travis/build/icyphy/ptII/ptolemy/actor/lib/test/auto/arrayType11.xml
----------------- Instantiating /home/travis/build/icyphy/ptII/ptolemy/actor/lib/test/auto/arrayType11.xml
1 ms. Memory: 304128K Free: 121228K (40%)
----------------- Invoking toplevel() on ptolemy.moml.MoMLSimpleApplication@52303e93
----------------- Done invoking toplevel() on ptolemy.moml.MoMLSimpleApplication@52303e93
reloadAllAccessors: .arrayType11

===========================================================================================
----------------- testing Thu Jan 02 06:40:57 UTC 2020 /home/travis/build/icyphy/ptII/ptolemy/actor/lib/test/auto/arrayType12.xml
----------------- Instantiating /home/travis/build/icyphy/ptII/ptolemy/actor/lib/test/auto/arrayType12.xml
1 ms. Memory: 304128K Free: 116618K (38%)
----------------- Invoking toplevel() on ptolemy.moml.MoMLSimpleApplication@414c5670
----------------- Done invoking toplevel() on ptolemy.moml.MoMLSimpleApplication@414c5670
reloadAllAccessors: .arrayType12

===========================================================================================
----------------- testing Thu Jan 02 06:40:58 UTC 2020 /home/travis/build/icyphy/ptII/ptolemy/actor/lib/test/auto/arrayType13.xml
----------------- Instantiating /home/travis/build/icyphy/ptII/ptolemy/actor/lib/test/auto/arrayType13.xml
2 ms. Memory: 304128K Free: 111498K (37%)
----------------- Invoking toplevel() on ptolemy.moml.MoMLSimpleApplication@e6aeeea
----------------- Done invoking toplevel() on ptolemy.moml.MoMLSimpleApplication@e6aeeea
reloadAllAccessors: .arrayType13

===========================================================================================
----------------- testing Thu Jan 02 06:40:58 UTC 2020 /home/travis/build/icyphy/ptII/ptolemy/actor/lib/test/auto/arrayType14.xml
----------------- Instantiating /home/travis/build/icyphy/ptII/ptolemy/actor/lib/test/auto/arrayType14.xml
2 ms. Memory: 304128K Free: 105868K (35%)
----------------- Invoking toplevel() on ptolemy.moml.MoMLSimpleApplication@4febd458
----------------- Done invoking toplevel() on ptolemy.moml.MoMLSimpleApplication@4febd458
reloadAllAccessors: .arrayType14

===========================================================================================
----------------- testing Thu Jan 02 06:40:58 UTC 2020 /home/travis/build/icyphy/ptII/ptolemy/actor/lib/test/auto/arrayType15.xml
----------------- Instantiating /home/travis/build/icyphy/ptII/ptolemy/actor/lib/test/auto/arrayType15.xml
2 ms. Memory: 304128K Free: 100748K (33%)
----------------- Invoking toplevel() on ptolemy.moml.MoMLSimpleApplication@21a82fce
----------------- Done invoking toplevel() on ptolemy.moml.MoMLSimpleApplication@21a82fce
reloadAllAccessors: .arrayType15

===========================================================================================
----------------- testing Thu Jan 02 06:40:58 UTC 2020 /home/travis/build/icyphy/ptII/ptolemy/actor/lib/test/auto/arrayType16.xml
----------------- Instantiating /home/travis/build/icyphy/ptII/ptolemy/actor/lib/test/auto/arrayType16.xml
1 ms. Memory: 304128K Free: 94604K (31%)
----------------- Invoking toplevel() on ptolemy.moml.MoMLSimpleApplication@6d145af0
----------------- Done invoking toplevel() on ptolemy.moml.MoMLSimpleApplication@6d145af0
reloadAllAccessors: .arrayType16

===========================================================================================
----------------- testing Thu Jan 02 06:40:58 UTC 2020 /home/travis/build/icyphy/ptII/ptolemy/actor/lib/test/auto/arrayType17.xml
----------------- Instantiating /home/travis/build/icyphy/ptII/ptolemy/actor/lib/test/auto/arrayType17.xml
1 ms. Memory: 304128K Free: 88956K (29%)
----------------- Invoking toplevel() on ptolemy.moml.MoMLSimpleApplication@45c4857
----------------- Done invoking toplevel() on ptolemy.moml.MoMLSimpleApplication@45c4857
reloadAllAccessors: .arrayType17

===========================================================================================
----------------- testing Thu Jan 02 06:40:58 UTC 2020 /home/travis/build/icyphy/ptII/ptolemy/actor/lib/test/auto/arrayType18.xml
----------------- Instantiating /home/travis/build/icyphy/ptII/ptolemy/actor/lib/test/auto/arrayType18.xml
2 ms. Memory: 304128K Free: 84364K (28%)
----------------- Invoking toplevel() on ptolemy.moml.MoMLSimpleApplication@576cc691
----------------- Done invoking toplevel() on ptolemy.moml.MoMLSimpleApplication@576cc691
reloadAllAccessors: .arrayType18

===========================================================================================
----------------- testing Thu Jan 02 06:40:58 UTC 2020 /home/travis/build/icyphy/ptII/ptolemy/actor/lib/test/auto/arrayType19.xml
----------------- Instantiating /home/travis/build/icyphy/ptII/ptolemy/actor/lib/test/auto/arrayType19.xml
2 ms. Memory: 304128K Free: 79754K (26%)
----------------- Invoking toplevel() on ptolemy.moml.MoMLSimpleApplication@47bb3083
----------------- Done invoking toplevel() on ptolemy.moml.MoMLSimpleApplication@47bb3083
reloadAllAccessors: .arrayType19

===========================================================================================
----------------- testing Thu Jan 02 06:40:58 UTC 2020 /home/travis/build/icyphy/ptII/ptolemy/actor/lib/test/auto/arrayType2.xml
----------------- Instantiating /home/travis/build/icyphy/ptII/ptolemy/actor/lib/test/auto/arrayType2.xml
1 ms. Memory: 304128K Free: 245802K (81%)
----------------- Invoking toplevel() on ptolemy.moml.MoMLSimpleApplication@66acf424
----------------- Done invoking toplevel() on ptolemy.moml.MoMLSimpleApplication@66acf424
reloadAllAccessors: .arrayType2

===========================================================================================
----------------- testing Thu Jan 02 06:40:58 UTC 2020 /home/travis/build/icyphy/ptII/ptolemy/actor/lib/test/auto/arrayType20.xml
----------------- Instantiating /home/travis/build/icyphy/ptII/ptolemy/actor/lib/test/auto/arrayType20.xml
1 ms. Memory: 304128K Free: 241196K (79%)
----------------- Invoking toplevel() on ptolemy.moml.MoMLSimpleApplication@37be8839
----------------- Done invoking toplevel() on ptolemy.moml.MoMLSimpleApplication@37be8839
reloadAllAccessors: .arrayType20

===========================================================================================
----------------- testing Thu Jan 02 06:40:58 UTC 2020 /home/travis/build/icyphy/ptII/ptolemy/actor/lib/test/auto/arrayType21.xml
----------------- Instantiating /home/travis/build/icyphy/ptII/ptolemy/actor/lib/test/auto/arrayType21.xml
1 ms. Memory: 304128K Free: 236076K (78%)
----------------- Invoking toplevel() on ptolemy.moml.MoMLSimpleApplication@71b6cc39
----------------- Done invoking toplevel() on ptolemy.moml.MoMLSimpleApplication@71b6cc39
reloadAllAccessors: .arrayType21

===========================================================================================
----------------- testing Thu Jan 02 06:40:58 UTC 2020 /home/travis/build/icyphy/ptII/ptolemy/actor/lib/test/auto/arrayType22.xml
----------------- Instantiating /home/travis/build/icyphy/ptII/ptolemy/actor/lib/test/auto/arrayType22.xml
1 ms. Memory: 304128K Free: 231466K (76%)
----------------- Invoking toplevel() on ptolemy.moml.MoMLSimpleApplication@40ec7dba
----------------- Done invoking toplevel() on ptolemy.moml.MoMLSimpleApplication@40ec7dba
reloadAllAccessors: .arrayType22

===========================================================================================
----------------- testing Thu Jan 02 06:40:58 UTC 2020 /home/travis/build/icyphy/ptII/ptolemy/actor/lib/test/auto/arrayType23.xml
----------------- Instantiating /home/travis/build/icyphy/ptII/ptolemy/actor/lib/test/auto/arrayType23.xml
1 ms. Memory: 304128K Free: 226860K (75%)
----------------- Invoking toplevel() on ptolemy.moml.MoMLSimpleApplication@5987098e
----------------- Done invoking toplevel() on ptolemy.moml.MoMLSimpleApplication@5987098e
reloadAllAccessors: .arrayType23

===========================================================================================
----------------- testing Thu Jan 02 06:40:58 UTC 2020 /home/travis/build/icyphy/ptII/ptolemy/actor/lib/test/auto/arrayType24.xml
----------------- Instantiating /home/travis/build/icyphy/ptII/ptolemy/actor/lib/test/auto/arrayType24.xml
4 ms. Memory: 304128K Free: 221740K (73%)
----------------- Invoking toplevel() on ptolemy.moml.MoMLSimpleApplication@540449c3
----------------- Done invoking toplevel() on ptolemy.moml.MoMLSimpleApplication@540449c3
reloadAllAccessors: .arrayType24

===========================================================================================
----------------- testing Thu Jan 02 06:40:58 UTC 2020 /home/travis/build/icyphy/ptII/ptolemy/actor/lib/test/auto/arrayType25.xml
----------------- Instantiating /home/travis/build/icyphy/ptII/ptolemy/actor/lib/test/auto/arrayType25.xml
1 ms. Memory: 304128K Free: 216620K (71%)
----------------- Invoking toplevel() on ptolemy.moml.MoMLSimpleApplication@141257c5
----------------- Done invoking toplevel() on ptolemy.moml.MoMLSimpleApplication@141257c5
reloadAllAccessors: .arrayType25

===========================================================================================
----------------- testing Thu Jan 02 06:40:58 UTC 2020 /home/travis/build/icyphy/ptII/ptolemy/actor/lib/test/auto/arrayType26.xml
----------------- Instantiating /home/travis/build/icyphy/ptII/ptolemy/actor/lib/test/auto/arrayType26.xml
9 ms. Memory: 304128K Free: 211500K (70%)
----------------- Invoking toplevel() on ptolemy.moml.MoMLSimpleApplication@405ccf4c
----------------- Done invoking toplevel() on ptolemy.moml.MoMLSimpleApplication@405ccf4c
reloadAllAccessors: .arrayType26

===========================================================================================
----------------- testing Thu Jan 02 06:40:58 UTC 2020 /home/travis/build/icyphy/ptII/ptolemy/actor/lib/test/auto/arrayType27.xml
----------------- Instantiating /home/travis/build/icyphy/ptII/ptolemy/actor/lib/test/auto/arrayType27.xml
1 ms. Memory: 304128K Free: 205866K (68%)
----------------- Invoking toplevel() on ptolemy.moml.MoMLSimpleApplication@5d4c87c0
----------------- Done invoking toplevel() on ptolemy.moml.MoMLSimpleApplication@5d4c87c0
reloadAllAccessors: .arrayType27

===========================================================================================
----------------- testing Thu Jan 02 06:40:58 UTC 2020 /home/travis/build/icyphy/ptII/ptolemy/actor/lib/test/auto/arrayType28.xml
----------------- Instantiating /home/travis/build/icyphy/ptII/ptolemy/actor/lib/test/auto/arrayType28.xml
2 ms. Memory: 304128K Free: 200732K (66%)
----------------- Invoking toplevel() on ptolemy.moml.MoMLSimpleApplication@40e3e001
----------------- Done invoking toplevel() on ptolemy.moml.MoMLSimpleApplication@40e3e001
reloadAllAccessors: .arrayType28

===========================================================================================
----------------- testing Thu Jan 02 06:40:58 UTC 2020 /home/travis/build/icyphy/ptII/ptolemy/actor/lib/test/auto/arrayType3.xml
----------------- Instantiating /home/travis/build/icyphy/ptII/ptolemy/actor/lib/test/auto/arrayType3.xml
1 ms. Memory: 304128K Free: 195116K (64%)
----------------- Invoking toplevel() on ptolemy.moml.MoMLSimpleApplication@7231b342
----------------- Done invoking toplevel() on ptolemy.moml.MoMLSimpleApplication@7231b342
reloadAllAccessors: .arrayType3

===========================================================================================
----------------- testing Thu Jan 02 06:40:58 UTC 2020 /home/travis/build/icyphy/ptII/ptolemy/actor/lib/test/auto/arrayType4.xml
----------------- Instantiating /home/travis/build/icyphy/ptII/ptolemy/actor/lib/test/auto/arrayType4.xml
1 ms. Memory: 304128K Free: 189996K (62%)
----------------- Invoking toplevel() on ptolemy.moml.MoMLSimpleApplication@1edcd49e
----------------- Done invoking toplevel() on ptolemy.moml.MoMLSimpleApplication@1edcd49e
reloadAllAccessors: .arrayType4

===========================================================================================
----------------- testing Thu Jan 02 06:40:58 UTC 2020 /home/travis/build/icyphy/ptII/ptolemy/actor/lib/test/auto/arrayType5.xml
----------------- Instantiating /home/travis/build/icyphy/ptII/ptolemy/actor/lib/test/auto/arrayType5.xml
1 ms. Memory: 304128K Free: 184876K (61%)
----------------- Invoking toplevel() on ptolemy.moml.MoMLSimpleApplication@1f518e2d
----------------- Done invoking toplevel() on ptolemy.moml.MoMLSimpleApplication@1f518e2d
reloadAllAccessors: .arrayType5

===========================================================================================
----------------- testing Thu Jan 02 06:40:58 UTC 2020 /home/travis/build/icyphy/ptII/ptolemy/actor/lib/test/auto/arrayType6.xml
----------------- Instantiating /home/travis/build/icyphy/ptII/ptolemy/actor/lib/test/auto/arrayType6.xml
1 ms. Memory: 304128K Free: 179754K (59%)
----------------- Invoking toplevel() on ptolemy.moml.MoMLSimpleApplication@56eaac0b
----------------- Done invoking toplevel() on ptolemy.moml.MoMLSimpleApplication@56eaac0b
reloadAllAccessors: .arrayType6

===========================================================================================
----------------- testing Thu Jan 02 06:40:58 UTC 2020 /home/travis/build/icyphy/ptII/ptolemy/actor/lib/test/auto/arrayType7.xml
----------------- Instantiating /home/travis/build/icyphy/ptII/ptolemy/actor/lib/test/auto/arrayType7.xml
1 ms. Memory: 304128K Free: 175146K (58%)
----------------- Invoking toplevel() on ptolemy.moml.MoMLSimpleApplication@3bae6b6
----------------- Done invoking toplevel() on ptolemy.moml.MoMLSimpleApplication@3bae6b6
reloadAllAccessors: .arrayType7

===========================================================================================
----------------- testing Thu Jan 02 06:40:58 UTC 2020 /home/travis/build/icyphy/ptII/ptolemy/actor/lib/test/auto/arrayType8.xml
----------------- Instantiating /home/travis/build/icyphy/ptII/ptolemy/actor/lib/test/auto/arrayType8.xml
1 ms. Memory: 304128K Free: 170026K (56%)
----------------- Invoking toplevel() on ptolemy.moml.MoMLSimpleApplication@40b3c7ff
----------------- Done invoking toplevel() on ptolemy.moml.MoMLSimpleApplication@40b3c7ff
reloadAllAccessors: .arrayType8

===========================================================================================
----------------- testing Thu Jan 02 06:40:58 UTC 2020 /home/travis/build/icyphy/ptII/ptolemy/actor/lib/test/auto/arrayType9.xml
----------------- Instantiating /home/travis/build/icyphy/ptII/ptolemy/actor/lib/test/auto/arrayType9.xml
1 ms. Memory: 304128K Free: 165420K (54%)
----------------- Invoking toplevel() on ptolemy.moml.MoMLSimpleApplication@1c891512
----------------- Done invoking toplevel() on ptolemy.moml.MoMLSimpleApplication@1c891512
reloadAllAccessors: .arrayType9

===========================================================================================
----------------- testing Thu Jan 02 06:40:58 UTC 2020 /home/travis/build/icyphy/ptII/ptolemy/actor/lib/test/auto/cast.xml
----------------- Instantiating /home/travis/build/icyphy/ptII/ptolemy/actor/lib/test/auto/cast.xml
2 ms. Memory: 304128K Free: 160810K (53%)
----------------- Invoking toplevel() on ptolemy.moml.MoMLSimpleApplication@f7d2414
----------------- Done invoking toplevel() on ptolemy.moml.MoMLSimpleApplication@f7d2414
reloadAllAccessors: .cast

===========================================================================================
----------------- testing Thu Jan 02 06:40:58 UTC 2020 /home/travis/build/icyphy/ptII/ptolemy/actor/lib/test/auto/compositeMultiPort.xml
----------------- Instantiating /home/travis/build/icyphy/ptII/ptolemy/actor/lib/test/auto/compositeMultiPort.xml
3 ms. Memory: 304128K Free: 151580K (50%)
----------------- Invoking toplevel() on ptolemy.moml.MoMLSimpleApplication@30baed00
----------------- Done invoking toplevel() on ptolemy.moml.MoMLSimpleApplication@30baed00
reloadAllAccessors: .compositeMultiPort

===========================================================================================
----------------- testing Thu Jan 02 06:40:58 UTC 2020 /home/travis/build/icyphy/ptII/ptolemy/actor/lib/test/auto/expressionCastInference.xml
----------------- Instantiating /home/travis/build/icyphy/ptII/ptolemy/actor/lib/test/auto/expressionCastInference.xml
2 ms. Memory: 304128K Free: 146988K (48%)
----------------- Invoking toplevel() on ptolemy.moml.MoMLSimpleApplication@5698db2c
----------------- Done invoking toplevel() on ptolemy.moml.MoMLSimpleApplication@5698db2c
reloadAllAccessors: .expressionCastInference

===========================================================================================
----------------- testing Thu Jan 02 06:40:58 UTC 2020 /home/travis/build/icyphy/ptII/ptolemy/actor/lib/test/auto/expressionCastInference2.xml
----------------- Instantiating /home/travis/build/icyphy/ptII/ptolemy/actor/lib/test/auto/expressionCastInference2.xml
1 ms. Memory: 304128K Free: 141868K (47%)
----------------- Invoking toplevel() on ptolemy.moml.MoMLSimpleApplication@b91e555
----------------- Done invoking toplevel() on ptolemy.moml.MoMLSimpleApplication@b91e555
reloadAllAccessors: .expressionCastInference2

===========================================================================================
----------------- testing Thu Jan 02 06:40:58 UTC 2020 /home/travis/build/icyphy/ptII/ptolemy/actor/lib/test/auto/expressionInference.xml
----------------- Instantiating /home/travis/build/icyphy/ptII/ptolemy/actor/lib/test/auto/expressionInference.xml
1 ms. Memory: 304128K Free: 137772K (45%)
----------------- Invoking toplevel() on ptolemy.moml.MoMLSimpleApplication@5dbd6b66
----------------- Done invoking toplevel() on ptolemy.moml.MoMLSimpleApplication@5dbd6b66
reloadAllAccessors: .expressionInference

===========================================================================================
----------------- testing Thu Jan 02 06:40:58 UTC 2020 /home/travis/build/icyphy/ptII/ptolemy/actor/lib/test/auto/expression_bug.xml
----------------- Instantiating /home/travis/build/icyphy/ptII/ptolemy/actor/lib/test/auto/expression_bug.xml
1 ms. Memory: 304128K Free: 133162K (44%)
----------------- Invoking toplevel() on ptolemy.moml.MoMLSimpleApplication@6168438b
----------------- Done invoking toplevel() on ptolemy.moml.MoMLSimpleApplication@6168438b
reloadAllAccessors: .expression_bug

===========================================================================================
----------------- testing Thu Jan 02 06:40:58 UTC 2020 /home/travis/build/icyphy/ptII/ptolemy/actor/lib/test/auto/factorial.xml
----------------- Instantiating /home/travis/build/icyphy/ptII/ptolemy/actor/lib/test/auto/factorial.xml
28 ms. Memory: 304128K Free: 124460K (41%)
----------------- Invoking toplevel() on ptolemy.moml.MoMLSimpleApplication@18cae72e
----------------- Done invoking toplevel() on ptolemy.moml.MoMLSimpleApplication@18cae72e
reloadAllAccessors: .factorial

===========================================================================================
----------------- testing Thu Jan 02 06:40:58 UTC 2020 /home/travis/build/icyphy/ptII/ptolemy/actor/lib/test/auto/filterTest1.xml
----------------- Instantiating /home/travis/build/icyphy/ptII/ptolemy/actor/lib/test/auto/filterTest1.xml
3 ms. Memory: 304128K Free: 118826K (39%)
----------------- Invoking toplevel() on ptolemy.moml.MoMLSimpleApplication@98067bf
----------------- Done invoking toplevel() on ptolemy.moml.MoMLSimpleApplication@98067bf
reloadAllAccessors: .filterTest1

===========================================================================================
----------------- testing Thu Jan 02 06:40:58 UTC 2020 /home/travis/build/icyphy/ptII/ptolemy/actor/lib/test/auto/funcApplyInConst.xml
----------------- Instantiating /home/travis/build/icyphy/ptII/ptolemy/actor/lib/test/auto/funcApplyInConst.xml
1 ms. Memory: 304128K Free: 114730K (38%)
----------------- Invoking toplevel() on ptolemy.moml.MoMLSimpleApplication@70536c9a
----------------- Done invoking toplevel() on ptolemy.moml.MoMLSimpleApplication@70536c9a
reloadAllAccessors: .funcApplyInConst

===========================================================================================
----------------- testing Thu Jan 02 06:40:58 UTC 2020 /home/travis/build/icyphy/ptII/ptolemy/actor/lib/test/auto/funcApplyInExpr.xml
----------------- Instantiating /home/travis/build/icyphy/ptII/ptolemy/actor/lib/test/auto/funcApplyInExpr.xml
1 ms. Memory: 304128K Free: 111148K (37%)
----------------- Invoking toplevel() on ptolemy.moml.MoMLSimpleApplication@546dbf3
----------------- Done invoking toplevel() on ptolemy.moml.MoMLSimpleApplication@546dbf3
reloadAllAccessors: .funcApplyInExpr

===========================================================================================
----------------- testing Thu Jan 02 06:40:58 UTC 2020 /home/travis/build/icyphy/ptII/ptolemy/actor/lib/test/auto/function.xml
----------------- Instantiating /home/travis/build/icyphy/ptII/ptolemy/actor/lib/test/auto/function.xml
2 ms. Memory: 304128K Free: 106028K (35%)
----------------- Invoking toplevel() on ptolemy.moml.MoMLSimpleApplication@2196c01a
----------------- Done invoking toplevel() on ptolemy.moml.MoMLSimpleApplication@2196c01a
reloadAllAccessors: .function

===========================================================================================
----------------- testing Thu Jan 02 06:40:58 UTC 2020 /home/travis/build/icyphy/ptII/ptolemy/actor/lib/test/auto/function2.xml
----------------- Instantiating /home/travis/build/icyphy/ptII/ptolemy/actor/lib/test/auto/function2.xml
2 ms. Memory: 304128K Free: 101418K (33%)
----------------- Invoking toplevel() on ptolemy.moml.MoMLSimpleApplication@691f5c04
----------------- Done invoking toplevel() on ptolemy.moml.MoMLSimpleApplication@691f5c04
reloadAllAccessors: .function2

===========================================================================================
----------------- testing Thu Jan 02 06:40:58 UTC 2020 /home/travis/build/icyphy/ptII/ptolemy/actor/lib/test/auto/function3.xml
----------------- Instantiating /home/travis/build/icyphy/ptII/ptolemy/actor/lib/test/auto/function3.xml
1 ms. Memory: 304128K Free: 97836K (32%)
----------------- Invoking toplevel() on ptolemy.moml.MoMLSimpleApplication@5072debe
----------------- Done invoking toplevel() on ptolemy.moml.MoMLSimpleApplication@5072debe
reloadAllAccessors: .function3

===========================================================================================
----------------- testing Thu Jan 02 06:40:58 UTC 2020 /home/travis/build/icyphy/ptII/ptolemy/actor/lib/test/auto/functionClosureTest1.xml
----------------- Instantiating /home/travis/build/icyphy/ptII/ptolemy/actor/lib/test/auto/functionClosureTest1.xml
2 ms. Memory: 304128K Free: 91692K (30%)
----------------- Invoking toplevel() on ptolemy.moml.MoMLSimpleApplication@625249dc
----------------- Done invoking toplevel() on ptolemy.moml.MoMLSimpleApplication@625249dc
reloadAllAccessors: .functionClosureTest1

===========================================================================================
----------------- testing Thu Jan 02 06:40:58 UTC 2020 /home/travis/build/icyphy/ptII/ptolemy/actor/lib/test/auto/functionClosureTest2.xml
----------------- Instantiating /home/travis/build/icyphy/ptII/ptolemy/actor/lib/test/auto/functionClosureTest2.xml
2 ms. Memory: 304128K Free: 88106K (29%)
----------------- Invoking toplevel() on ptolemy.moml.MoMLSimpleApplication@5dc939bc
----------------- Done invoking toplevel() on ptolemy.moml.MoMLSimpleApplication@5dc939bc
reloadAllAccessors: .functionClosureTest2

===========================================================================================
----------------- testing Thu Jan 02 06:40:58 UTC 2020 /home/travis/build/icyphy/ptII/ptolemy/actor/lib/test/auto/functionClosureTest3.xml
----------------- Instantiating /home/travis/build/icyphy/ptII/ptolemy/actor/lib/test/auto/functionClosureTest3.xml
1 ms. Memory: 304128K Free: 82476K (27%)
----------------- Invoking toplevel() on ptolemy.moml.MoMLSimpleApplication@61e5c71c
----------------- Done invoking toplevel() on ptolemy.moml.MoMLSimpleApplication@61e5c71c
reloadAllAccessors: .functionClosureTest3

===========================================================================================
----------------- testing Thu Jan 02 06:40:58 UTC 2020 /home/travis/build/icyphy/ptII/ptolemy/actor/lib/test/auto/functionClosureTest4.xml
----------------- Instantiating /home/travis/build/icyphy/ptII/ptolemy/actor/lib/test/auto/functionClosureTest4.xml
3 ms. Memory: 304128K Free: 76332K (25%)
----------------- Invoking toplevel() on ptolemy.moml.MoMLSimpleApplication@299aa9b2
----------------- Done invoking toplevel() on ptolemy.moml.MoMLSimpleApplication@299aa9b2
reloadAllAccessors: .functionClosureTest4

===========================================================================================
----------------- testing Thu Jan 02 06:40:58 UTC 2020 /home/travis/build/icyphy/ptII/ptolemy/actor/lib/test/auto/functionClosureTest5.xml
----------------- Instantiating /home/travis/build/icyphy/ptII/ptolemy/actor/lib/test/auto/functionClosureTest5.xml
3 ms. Memory: 304128K Free: 247774K (81%)
----------------- Invoking toplevel() on ptolemy.moml.MoMLSimpleApplication@b8c9665
----------------- Done invoking toplevel() on ptolemy.moml.MoMLSimpleApplication@b8c9665
reloadAllAccessors: .functionClosureTest5

===========================================================================================
----------------- testing Thu Jan 02 06:40:58 UTC 2020 /home/travis/build/icyphy/ptII/ptolemy/actor/lib/test/auto/functionClosureTest6.xml
----------------- Instantiating /home/travis/build/icyphy/ptII/ptolemy/actor/lib/test/auto/functionClosureTest6.xml
1 ms. Memory: 304128K Free: 242662K (80%)
----------------- Invoking toplevel() on ptolemy.moml.MoMLSimpleApplication@5ec1d366
----------------- Done invoking toplevel() on ptolemy.moml.MoMLSimpleApplication@5ec1d366
reloadAllAccessors: .functionClosureTest6

===========================================================================================
----------------- testing Thu Jan 02 06:40:58 UTC 2020 /home/travis/build/icyphy/ptII/ptolemy/actor/lib/test/auto/functionsOnArcs.xml
----------------- Instantiating /home/travis/build/icyphy/ptII/ptolemy/actor/lib/test/auto/functionsOnArcs.xml
2 ms. Memory: 304128K Free: 237548K (78%)
----------------- Invoking toplevel() on ptolemy.moml.MoMLSimpleApplication@283dd7e3
----------------- Done invoking toplevel() on ptolemy.moml.MoMLSimpleApplication@283dd7e3
reloadAllAccessors: .functionsOnArcs

===========================================================================================
----------------- testing Thu Jan 02 06:40:58 UTC 2020 /home/travis/build/icyphy/ptII/ptolemy/actor/lib/test/auto/functionsOnArcsHOF.xml
----------------- Instantiating /home/travis/build/icyphy/ptII/ptolemy/actor/lib/test/auto/functionsOnArcsHOF.xml
8 ms. Memory: 304128K Free: 231404K (76%)
----------------- Invoking toplevel() on ptolemy.moml.MoMLSimpleApplication@4dd5f318
----------------- Done invoking toplevel() on ptolemy.moml.MoMLSimpleApplication@4dd5f318
reloadAllAccessors: .functionsOnArcsHOF

===========================================================================================
----------------- testing Thu Jan 02 06:40:58 UTC 2020 /home/travis/build/icyphy/ptII/ptolemy/actor/lib/test/auto/logic.xml
----------------- Instantiating /home/travis/build/icyphy/ptII/ptolemy/actor/lib/test/auto/logic.xml
1 ms. Memory: 304128K Free: 224236K (74%)
----------------- Invoking toplevel() on ptolemy.moml.MoMLSimpleApplication@32160a9b
----------------- Done invoking toplevel() on ptolemy.moml.MoMLSimpleApplication@32160a9b
reloadAllAccessors: .logic

===========================================================================================
----------------- testing Thu Jan 02 06:40:58 UTC 2020 /home/travis/build/icyphy/ptII/ptolemy/actor/lib/test/auto/matrixType.xml
----------------- Instantiating /home/travis/build/icyphy/ptII/ptolemy/actor/lib/test/auto/matrixType.xml
1 ms. Memory: 304128K Free: 219116K (72%)
----------------- Invoking toplevel() on ptolemy.moml.MoMLSimpleApplication@13fbd841
----------------- Done invoking toplevel() on ptolemy.moml.MoMLSimpleApplication@13fbd841
reloadAllAccessors: .matrixType

===========================================================================================
----------------- testing Thu Jan 02 06:40:58 UTC 2020 /home/travis/build/icyphy/ptII/ptolemy/actor/lib/test/auto/matrixType10.xml
----------------- Instantiating /home/travis/build/icyphy/ptII/ptolemy/actor/lib/test/auto/matrixType10.xml
2 ms. Memory: 304128K Free: 214510K (71%)
----------------- Invoking toplevel() on ptolemy.moml.MoMLSimpleApplication@1b11eb6f
----------------- Done invoking toplevel() on ptolemy.moml.MoMLSimpleApplication@1b11eb6f
reloadAllAccessors: .matrixType10

===========================================================================================
----------------- testing Thu Jan 02 06:40:58 UTC 2020 /home/travis/build/icyphy/ptII/ptolemy/actor/lib/test/auto/matrixType11.xml
----------------- Instantiating /home/travis/build/icyphy/ptII/ptolemy/actor/lib/test/auto/matrixType11.xml
1 ms. Memory: 304128K Free: 209390K (69%)
----------------- Invoking toplevel() on ptolemy.moml.MoMLSimpleApplication@680b568b
----------------- Done invoking toplevel() on ptolemy.moml.MoMLSimpleApplication@680b568b
reloadAllAccessors: .matrixType11

===========================================================================================
----------------- testing Thu Jan 02 06:40:58 UTC 2020 /home/travis/build/icyphy/ptII/ptolemy/actor/lib/test/auto/matrixType12.xml
----------------- Instantiating /home/travis/build/icyphy/ptII/ptolemy/actor/lib/test/auto/matrixType12.xml
1 ms. Memory: 304128K Free: 204780K (67%)
----------------- Invoking toplevel() on ptolemy.moml.MoMLSimpleApplication@1fd21e53
----------------- Done invoking toplevel() on ptolemy.moml.MoMLSimpleApplication@1fd21e53
reloadAllAccessors: .matrixType12

===========================================================================================
----------------- testing Thu Jan 02 06:40:58 UTC 2020 /home/travis/build/icyphy/ptII/ptolemy/actor/lib/test/auto/matrixType13.xml
----------------- Instantiating /home/travis/build/icyphy/ptII/ptolemy/actor/lib/test/auto/matrixType13.xml
1 ms. Memory: 304128K Free: 199660K (66%)
----------------- Invoking toplevel() on ptolemy.moml.MoMLSimpleApplication@2dc6de92
----------------- Done invoking toplevel() on ptolemy.moml.MoMLSimpleApplication@2dc6de92
reloadAllAccessors: .matrixType13

===========================================================================================
----------------- testing Thu Jan 02 06:40:58 UTC 2020 /home/travis/build/icyphy/ptII/ptolemy/actor/lib/test/auto/matrixType14.xml
----------------- Instantiating /home/travis/build/icyphy/ptII/ptolemy/actor/lib/test/auto/matrixType14.xml
2 ms. Memory: 304128K Free: 194540K (64%)
----------------- Invoking toplevel() on ptolemy.moml.MoMLSimpleApplication@ccae705
----------------- Done invoking toplevel() on ptolemy.moml.MoMLSimpleApplication@ccae705
reloadAllAccessors: .matrixType14

===========================================================================================
----------------- testing Thu Jan 02 06:40:58 UTC 2020 /home/travis/build/icyphy/ptII/ptolemy/actor/lib/test/auto/matrixType2.xml
----------------- Instantiating /home/travis/build/icyphy/ptII/ptolemy/actor/lib/test/auto/matrixType2.xml
2 ms. Memory: 304128K Free: 189420K (62%)
----------------- Invoking toplevel() on ptolemy.moml.MoMLSimpleApplication@220deb64
----------------- Done invoking toplevel() on ptolemy.moml.MoMLSimpleApplication@220deb64
reloadAllAccessors: .matrixType2

===========================================================================================
----------------- testing Thu Jan 02 06:40:58 UTC 2020 /home/travis/build/icyphy/ptII/ptolemy/actor/lib/test/auto/matrixType3.xml
----------------- Instantiating /home/travis/build/icyphy/ptII/ptolemy/actor/lib/test/auto/matrixType3.xml
3 ms. Memory: 304128K Free: 184814K (61%)
----------------- Invoking toplevel() on ptolemy.moml.MoMLSimpleApplication@2c64559e
----------------- Done invoking toplevel() on ptolemy.moml.MoMLSimpleApplication@2c64559e
reloadAllAccessors: .matrixType3

===========================================================================================
----------------- testing Thu Jan 02 06:40:58 UTC 2020 /home/travis/build/icyphy/ptII/ptolemy/actor/lib/test/auto/matrixType4.xml
----------------- Instantiating /home/travis/build/icyphy/ptII/ptolemy/actor/lib/test/auto/matrixType4.xml
1 ms. Memory: 304128K Free: 179694K (59%)
----------------- Invoking toplevel() on ptolemy.moml.MoMLSimpleApplication@28c1bda4
----------------- Done invoking toplevel() on ptolemy.moml.MoMLSimpleApplication@28c1bda4
reloadAllAccessors: .matrixType4

===========================================================================================
----------------- testing Thu Jan 02 06:40:58 UTC 2020 /home/travis/build/icyphy/ptII/ptolemy/actor/lib/test/auto/matrixType5.xml
----------------- Instantiating /home/travis/build/icyphy/ptII/ptolemy/actor/lib/test/auto/matrixType5.xml
1 ms. Memory: 304128K Free: 175084K (58%)
----------------- Invoking toplevel() on ptolemy.moml.MoMLSimpleApplication@37cc48ae
----------------- Done invoking toplevel() on ptolemy.moml.MoMLSimpleApplication@37cc48ae
reloadAllAccessors: .matrixType5

===========================================================================================
----------------- testing Thu Jan 02 06:40:58 UTC 2020 /home/travis/build/icyphy/ptII/ptolemy/actor/lib/test/auto/matrixType6.xml
----------------- Instantiating /home/travis/build/icyphy/ptII/ptolemy/actor/lib/test/auto/matrixType6.xml
1 ms. Memory: 304128K Free: 169964K (56%)
----------------- Invoking toplevel() on ptolemy.moml.MoMLSimpleApplication@1bd76885
----------------- Done invoking toplevel() on ptolemy.moml.MoMLSimpleApplication@1bd76885
reloadAllAccessors: .matrixType6

===========================================================================================
----------------- testing Thu Jan 02 06:40:58 UTC 2020 /home/travis/build/icyphy/ptII/ptolemy/actor/lib/test/auto/matrixType7.xml
----------------- Instantiating /home/travis/build/icyphy/ptII/ptolemy/actor/lib/test/auto/matrixType7.xml
1 ms. Memory: 304128K Free: 165358K (54%)
----------------- Invoking toplevel() on ptolemy.moml.MoMLSimpleApplication@3dc06231
----------------- Done invoking toplevel() on ptolemy.moml.MoMLSimpleApplication@3dc06231
reloadAllAccessors: .matrixType7

===========================================================================================
----------------- testing Thu Jan 02 06:40:58 UTC 2020 /home/travis/build/icyphy/ptII/ptolemy/actor/lib/test/auto/matrixType8.xml
----------------- Instantiating /home/travis/build/icyphy/ptII/ptolemy/actor/lib/test/auto/matrixType8.xml
1 ms. Memory: 304128K Free: 160238K (53%)
----------------- Invoking toplevel() on ptolemy.moml.MoMLSimpleApplication@33603739
----------------- Done invoking toplevel() on ptolemy.moml.MoMLSimpleApplication@33603739
reloadAllAccessors: .matrixType8

===========================================================================================
----------------- testing Thu Jan 02 06:40:58 UTC 2020 /home/travis/build/icyphy/ptII/ptolemy/actor/lib/test/auto/matrixType9.xml
----------------- Instantiating /home/travis/build/icyphy/ptII/ptolemy/actor/lib/test/auto/matrixType9.xml
1 ms. Memory: 304128K Free: 155628K (51%)
----------------- Invoking toplevel() on ptolemy.moml.MoMLSimpleApplication@671d92b1
----------------- Done invoking toplevel() on ptolemy.moml.MoMLSimpleApplication@671d92b1
reloadAllAccessors: .matrixType9

===========================================================================================
----------------- testing Thu Jan 02 06:40:58 UTC 2020 /home/travis/build/icyphy/ptII/ptolemy/actor/lib/test/auto/paraFunctest.xml
----------------- Instantiating /home/travis/build/icyphy/ptII/ptolemy/actor/lib/test/auto/paraFunctest.xml
2 ms. Memory: 304128K Free: 151022K (50%)
----------------- Invoking toplevel() on ptolemy.moml.MoMLSimpleApplication@1c13b1fb
----------------- Done invoking toplevel() on ptolemy.moml.MoMLSimpleApplication@1c13b1fb
reloadAllAccessors: .paraFunctest

===========================================================================================
----------------- testing Thu Jan 02 06:40:59 UTC 2020 /home/travis/build/icyphy/ptII/ptolemy/actor/lib/test/auto/paraFunctest2.xml
----------------- Instantiating /home/travis/build/icyphy/ptII/ptolemy/actor/lib/test/auto/paraFunctest2.xml
2 ms. Memory: 304128K Free: 146412K (48%)
----------------- Invoking toplevel() on ptolemy.moml.MoMLSimpleApplication@ca0a433
----------------- Done invoking toplevel() on ptolemy.moml.MoMLSimpleApplication@ca0a433
reloadAllAccessors: .paraFunctest2

===========================================================================================
----------------- testing Thu Jan 02 06:40:59 UTC 2020 /home/travis/build/icyphy/ptII/ptolemy/actor/lib/test/auto/parameterPassing.xml
----------------- Instantiating /home/travis/build/icyphy/ptII/ptolemy/actor/lib/test/auto/parameterPassing.xml
1 ms. Memory: 304128K Free: 141806K (47%)
----------------- Invoking toplevel() on ptolemy.moml.MoMLSimpleApplication@2c0ff824
----------------- Done invoking toplevel() on ptolemy.moml.MoMLSimpleApplication@2c0ff824
reloadAllAccessors: .parameterPassing

===========================================================================================
----------------- testing Thu Jan 02 06:40:59 UTC 2020 /home/travis/build/icyphy/ptII/ptolemy/actor/lib/test/auto/record.xml
----------------- Instantiating /home/travis/build/icyphy/ptII/ptolemy/actor/lib/test/auto/record.xml
2 ms. Memory: 304128K Free: 137196K (45%)
----------------- Invoking toplevel() on ptolemy.moml.MoMLSimpleApplication@397a9421
----------------- Done invoking toplevel() on ptolemy.moml.MoMLSimpleApplication@397a9421
reloadAllAccessors: .record

===========================================================================================
----------------- testing Thu Jan 02 06:40:59 UTC 2020 /home/travis/build/icyphy/ptII/ptolemy/actor/lib/test/auto/sizedarray1.xml
----------------- Instantiating /home/travis/build/icyphy/ptII/ptolemy/actor/lib/test/auto/sizedarray1.xml
2 ms. Memory: 304128K Free: 131566K (43%)
----------------- Invoking toplevel() on ptolemy.moml.MoMLSimpleApplication@671bfa
----------------- Done invoking toplevel() on ptolemy.moml.MoMLSimpleApplication@671bfa
reloadAllAccessors: .sizedarray1

===========================================================================================
----------------- testing Thu Jan 02 06:40:59 UTC 2020 /home/travis/build/icyphy/ptII/ptolemy/actor/lib/test/auto/sizedarray2.xml
----------------- Instantiating /home/travis/build/icyphy/ptII/ptolemy/actor/lib/test/auto/sizedarray2.xml
3 ms. Memory: 304128K Free: 126446K (42%)
----------------- Invoking toplevel() on ptolemy.moml.MoMLSimpleApplication@75778d30
----------------- Done invoking toplevel() on ptolemy.moml.MoMLSimpleApplication@75778d30
reloadAllAccessors: .sizedarray2

===========================================================================================
----------------- testing Thu Jan 02 06:40:59 UTC 2020 /home/travis/build/icyphy/ptII/ptolemy/actor/lib/test/auto/twoPublishers.xml
----------------- Instantiating /home/travis/build/icyphy/ptII/ptolemy/actor/lib/test/auto/twoPublishers.xml
6 ms. Memory: 304128K Free: 115692K (38%)
----------------- Invoking toplevel() on ptolemy.moml.MoMLSimpleApplication@663c8951
----------------- Done invoking toplevel() on ptolemy.moml.MoMLSimpleApplication@663c8951
reloadAllAccessors: .twoPublishers
AutoTests.java: About to close Vertx.
AutoTests.java: Vertx closed.
]]></system-out>
  <system-err><![CDATA[java.lang.RuntimeException: Execution failed
	at ptolemy.moml.MoMLSimpleApplication$UnloadThread.run(MoMLSimpleApplication.java:402)
Caused by: java.lang.RuntimeException: StringUtilities.exit() was called. Normally, we would exit here because Manager.exitAfterWrapup() was called.  However, because the ptolemy.ptII.exitAfterWrapup property is set, we throw this exception instead.
	at ptolemy.util.StringUtilities.exit(StringUtilities.java:365)
	at ptolemy.actor.Manager.wrapup(Manager.java:1549)
	at ptolemy.actor.Manager.execute(Manager.java:407)
	at ptolemy.actor.Manager.run(Manager.java:1263)
	at ptolemy.actor.Manager$PtolemyRunThread.run(Manager.java:1933)
Warning: '.top.test' is in training mode, set the trainingMode parameter to false before checking in
Warning: '.top.test' is in training mode, set the trainingMode parameter to false before checking in
Warning: '.top.test' is in training mode, set the trainingMode parameter to false before checking in
Warning: '.BooleanSwitch_RegressionTest_WrongTrainingValues.Test' is in training mode, set the trainingMode parameter to false before checking in
Warning: '.BooleanSwitch_RegressionTest_WrongTrainingValues.Test2' is in training mode, set the trainingMode parameter to false before checking in
Warning: '.BooleanSwitch_RegressionTest_WrongTrainingValues.Test2' The test produced 0 tokens.
Warning: '.top.testExceptionHandler' is in training mode, set the trainingMode parameter to false before checking in
java.lang.RuntimeException: Execution failed
	at ptolemy.moml.MoMLSimpleApplication$UnloadThread.run(MoMLSimpleApplication.java:402)
Caused by: ptolemy.kernel.util.IllegalActionException: PublisherPorts cannot be used at the top level, use a Publisher actor instead.
  in .PublisherPortToplevelSubscriber.PublisherPort
	at ptolemy.actor.PublisherPort.preinitialize(PublisherPort.java:403)
	at ptolemy.actor.CompositeActor.preinitialize(CompositeActor.java:1769)
	at ptolemy.actor.Manager.preinitializeAndResolveTypes(Manager.java:1040)
	at ptolemy.actor.Manager.initialize(Manager.java:710)
	at ptolemy.actor.Manager.execute(Manager.java:356)
	at ptolemy.actor.Manager.run(Manager.java:1263)
	at ptolemy.actor.Manager$PtolemyRunThread.run(Manager.java:1933)
java.lang.reflect.InvocationTargetException
	at java.base/jdk.internal.reflect.NativeConstructorAccessorImpl.newInstance0(Native Method)
	at java.base/jdk.internal.reflect.NativeConstructorAccessorImpl.newInstance(NativeConstructorAccessorImpl.java:62)
	at java.base/jdk.internal.reflect.DelegatingConstructorAccessorImpl.newInstance(DelegatingConstructorAccessorImpl.java:45)
	at java.base/java.lang.reflect.Constructor.newInstance(Constructor.java:490)
	at ptolemy.util.test.junit.AutoKnownFailedTests.RunModel(AutoKnownFailedTests.java:105)
	at java.base/jdk.internal.reflect.NativeMethodAccessorImpl.invoke0(Native Method)
	at java.base/jdk.internal.reflect.NativeMethodAccessorImpl.invoke(NativeMethodAccessorImpl.java:62)
	at java.base/jdk.internal.reflect.DelegatingMethodAccessorImpl.invoke(DelegatingMethodAccessorImpl.java:43)
	at java.base/java.lang.reflect.Method.invoke(Method.java:566)
	at org.junit.runners.model.FrameworkMethod$1.runReflectiveCall(FrameworkMethod.java:44)
	at org.junit.internal.runners.model.ReflectiveCallable.run(ReflectiveCallable.java:15)
	at org.junit.runners.model.FrameworkMethod.invokeExplosively(FrameworkMethod.java:41)
	at junitparams.internal.InvokeParameterisedMethod.evaluate(InvokeParameterisedMethod.java:102)
	at org.junit.internal.runners.statements.FailOnTimeout$1.run(FailOnTimeout.java:28)
Caused by: ptolemy.kernel.util.IllegalActionException: PublisherPorts cannot be used at the top level, use a Publisher actor instead.
  in .PublisherPortToplevelSubscriber.PublisherPort
	at ptolemy.actor.PublisherPort.preinitialize(PublisherPort.java:403)
	at ptolemy.actor.CompositeActor.preinitialize(CompositeActor.java:1769)
	at ptolemy.actor.Manager.preinitializeAndResolveTypes(Manager.java:1040)
	at ptolemy.actor.Manager.initialize(Manager.java:710)
	at ptolemy.actor.Manager.execute(Manager.java:356)
	at ptolemy.actor.Manager.run(Manager.java:1263)
	at ptolemy.actor.Manager$PtolemyRunThread.run(Manager.java:1933)
java.lang.RuntimeException: Execution failed
	at ptolemy.moml.MoMLSimpleApplication$UnloadThread.run(MoMLSimpleApplication.java:402)
Caused by: ptolemy.kernel.util.IllegalActionException: SubscriberPorts cannot be used at the top level, use a Subscriber actor instead.
  in .PublisherSubscriberPortToplevel.SubscriberPort
	at ptolemy.actor.SubscriberPort.preinitialize(SubscriberPort.java:328)
	at ptolemy.actor.CompositeActor.preinitialize(CompositeActor.java:1769)
	at ptolemy.actor.Manager.preinitializeAndResolveTypes(Manager.java:1040)
	at ptolemy.actor.Manager.initialize(Manager.java:710)
	at ptolemy.actor.Manager.execute(Manager.java:356)
	at ptolemy.actor.Manager.run(Manager.java:1263)
	at ptolemy.actor.Manager$PtolemyRunThread.run(Manager.java:1933)
java.lang.reflect.InvocationTargetException
	at java.base/jdk.internal.reflect.NativeConstructorAccessorImpl.newInstance0(Native Method)
	at java.base/jdk.internal.reflect.NativeConstructorAccessorImpl.newInstance(NativeConstructorAccessorImpl.java:62)
	at java.base/jdk.internal.reflect.DelegatingConstructorAccessorImpl.newInstance(DelegatingConstructorAccessorImpl.java:45)
	at java.base/java.lang.reflect.Constructor.newInstance(Constructor.java:490)
	at ptolemy.util.test.junit.AutoKnownFailedTests.RunModel(AutoKnownFailedTests.java:105)
	at java.base/jdk.internal.reflect.NativeMethodAccessorImpl.invoke0(Native Method)
	at java.base/jdk.internal.reflect.NativeMethodAccessorImpl.invoke(NativeMethodAccessorImpl.java:62)
	at java.base/jdk.internal.reflect.DelegatingMethodAccessorImpl.invoke(DelegatingMethodAccessorImpl.java:43)
	at java.base/java.lang.reflect.Method.invoke(Method.java:566)
	at org.junit.runners.model.FrameworkMethod$1.runReflectiveCall(FrameworkMethod.java:44)
	at org.junit.internal.runners.model.ReflectiveCallable.run(ReflectiveCallable.java:15)
	at org.junit.runners.model.FrameworkMethod.invokeExplosively(FrameworkMethod.java:41)
	at junitparams.internal.InvokeParameterisedMethod.evaluate(InvokeParameterisedMethod.java:102)
	at org.junit.internal.runners.statements.FailOnTimeout$1.run(FailOnTimeout.java:28)
Caused by: ptolemy.kernel.util.IllegalActionException: SubscriberPorts cannot be used at the top level, use a Subscriber actor instead.
  in .PublisherSubscriberPortToplevel.SubscriberPort
	at ptolemy.actor.SubscriberPort.preinitialize(SubscriberPort.java:328)
	at ptolemy.actor.CompositeActor.preinitialize(CompositeActor.java:1769)
	at ptolemy.actor.Manager.preinitializeAndResolveTypes(Manager.java:1040)
	at ptolemy.actor.Manager.initialize(Manager.java:710)
	at ptolemy.actor.Manager.execute(Manager.java:356)
	at ptolemy.actor.Manager.run(Manager.java:1263)
	at ptolemy.actor.Manager$PtolemyRunThread.run(Manager.java:1933)
java.lang.RuntimeException: Execution failed
	at ptolemy.moml.MoMLSimpleApplication$UnloadThread.run(MoMLSimpleApplication.java:402)
Caused by: ptolemy.kernel.util.IllegalActionException: SubscriptionAggregatorPorts cannot be used at the top level, use a SubscriptionAggregator actor instead.
  in .PublisherSubscriptionAggregatorPort.SubscriptionAggregatorPort
	at ptolemy.actor.SubscriptionAggregatorPort.preinitialize(SubscriptionAggregatorPort.java:353)
	at ptolemy.actor.CompositeActor.preinitialize(CompositeActor.java:1769)
	at ptolemy.actor.Manager.preinitializeAndResolveTypes(Manager.java:1040)
	at ptolemy.actor.Manager.initialize(Manager.java:710)
	at ptolemy.actor.Manager.execute(Manager.java:356)
	at ptolemy.actor.Manager.run(Manager.java:1263)
	at ptolemy.actor.Manager$PtolemyRunThread.run(Manager.java:1933)
java.lang.reflect.InvocationTargetException
	at java.base/jdk.internal.reflect.NativeConstructorAccessorImpl.newInstance0(Native Method)
	at java.base/jdk.internal.reflect.NativeConstructorAccessorImpl.newInstance(NativeConstructorAccessorImpl.java:62)
	at java.base/jdk.internal.reflect.DelegatingConstructorAccessorImpl.newInstance(DelegatingConstructorAccessorImpl.java:45)
	at java.base/java.lang.reflect.Constructor.newInstance(Constructor.java:490)
	at ptolemy.util.test.junit.AutoKnownFailedTests.RunModel(AutoKnownFailedTests.java:105)
	at java.base/jdk.internal.reflect.NativeMethodAccessorImpl.invoke0(Native Method)
	at java.base/jdk.internal.reflect.NativeMethodAccessorImpl.invoke(NativeMethodAccessorImpl.java:62)
	at java.base/jdk.internal.reflect.DelegatingMethodAccessorImpl.invoke(DelegatingMethodAccessorImpl.java:43)
	at java.base/java.lang.reflect.Method.invoke(Method.java:566)
	at org.junit.runners.model.FrameworkMethod$1.runReflectiveCall(FrameworkMethod.java:44)
	at org.junit.internal.runners.model.ReflectiveCallable.run(ReflectiveCallable.java:15)
	at org.junit.runners.model.FrameworkMethod.invokeExplosively(FrameworkMethod.java:41)
	at junitparams.internal.InvokeParameterisedMethod.evaluate(InvokeParameterisedMethod.java:102)
	at org.junit.internal.runners.statements.FailOnTimeout$1.run(FailOnTimeout.java:28)
Caused by: ptolemy.kernel.util.IllegalActionException: SubscriptionAggregatorPorts cannot be used at the top level, use a SubscriptionAggregator actor instead.
  in .PublisherSubscriptionAggregatorPort.SubscriptionAggregatorPort
	at ptolemy.actor.SubscriptionAggregatorPort.preinitialize(SubscriptionAggregatorPort.java:353)
	at ptolemy.actor.CompositeActor.preinitialize(CompositeActor.java:1769)
	at ptolemy.actor.Manager.preinitializeAndResolveTypes(Manager.java:1040)
	at ptolemy.actor.Manager.initialize(Manager.java:710)
	at ptolemy.actor.Manager.execute(Manager.java:356)
	at ptolemy.actor.Manager.run(Manager.java:1263)
	at ptolemy.actor.Manager$PtolemyRunThread.run(Manager.java:1933)
java.lang.RuntimeException: Execution failed
	at ptolemy.moml.MoMLSimpleApplication$UnloadThread.run(MoMLSimpleApplication.java:402)
Caused by: ptolemy.kernel.util.IllegalActionException: TypeTest actor has no training data.
  in .sizedarray3.TypeTest
	at ptolemy.actor.lib.TypeTest.initialize(TypeTest.java:250)
	at ptolemy.actor.Director.initialize(Director.java:938)
	at ptolemy.actor.Director.initialize(Director.java:907)
	at ptolemy.actor.sched.StaticSchedulingDirector.initialize(StaticSchedulingDirector.java:159)
	at ptolemy.domains.sdf.kernel.SDFDirector.initialize(SDFDirector.java:544)
	at ptolemy.actor.CompositeActor.initialize(CompositeActor.java:935)
	at ptolemy.actor.Manager.initialize(Manager.java:724)
	at ptolemy.actor.Manager.execute(Manager.java:356)
	at ptolemy.actor.Manager.run(Manager.java:1263)
	at ptolemy.actor.Manager$PtolemyRunThread.run(Manager.java:1933)
java.lang.reflect.InvocationTargetException
	at java.base/jdk.internal.reflect.NativeConstructorAccessorImpl.newInstance0(Native Method)
	at java.base/jdk.internal.reflect.NativeConstructorAccessorImpl.newInstance(NativeConstructorAccessorImpl.java:62)
	at java.base/jdk.internal.reflect.DelegatingConstructorAccessorImpl.newInstance(DelegatingConstructorAccessorImpl.java:45)
	at java.base/java.lang.reflect.Constructor.newInstance(Constructor.java:490)
	at ptolemy.util.test.junit.AutoKnownFailedTests.RunModel(AutoKnownFailedTests.java:105)
	at java.base/jdk.internal.reflect.NativeMethodAccessorImpl.invoke0(Native Method)
	at java.base/jdk.internal.reflect.NativeMethodAccessorImpl.invoke(NativeMethodAccessorImpl.java:62)
	at java.base/jdk.internal.reflect.DelegatingMethodAccessorImpl.invoke(DelegatingMethodAccessorImpl.java:43)
	at java.base/java.lang.reflect.Method.invoke(Method.java:566)
	at org.junit.runners.model.FrameworkMethod$1.runReflectiveCall(FrameworkMethod.java:44)
	at org.junit.internal.runners.model.ReflectiveCallable.run(ReflectiveCallable.java:15)
	at org.junit.runners.model.FrameworkMethod.invokeExplosively(FrameworkMethod.java:41)
	at junitparams.internal.InvokeParameterisedMethod.evaluate(InvokeParameterisedMethod.java:102)
	at org.junit.internal.runners.statements.FailOnTimeout$1.run(FailOnTimeout.java:28)
Caused by: ptolemy.kernel.util.IllegalActionException: TypeTest actor has no training data.
  in .sizedarray3.TypeTest
	at ptolemy.actor.lib.TypeTest.initialize(TypeTest.java:250)
	at ptolemy.actor.Director.initialize(Director.java:938)
	at ptolemy.actor.Director.initialize(Director.java:907)
	at ptolemy.actor.sched.StaticSchedulingDirector.initialize(StaticSchedulingDirector.java:159)
	at ptolemy.domains.sdf.kernel.SDFDirector.initialize(SDFDirector.java:544)
	at ptolemy.actor.CompositeActor.initialize(CompositeActor.java:935)
	at ptolemy.actor.Manager.initialize(Manager.java:724)
	at ptolemy.actor.Manager.execute(Manager.java:356)
	at ptolemy.actor.Manager.run(Manager.java:1263)
	at ptolemy.actor.Manager$PtolemyRunThread.run(Manager.java:1933)
]]></system-err>
</testsuite>
