<?xml version="1.0" encoding="UTF-8" ?>
<testsuite errors="0" failures="0" hostname="travis-job-d1ed2c25-44fc-4164-b714-060b4fa16db2" name="ptolemy.actor.lib.test.junit.JUnitTclTest" skipped="0" tests="517" time="60.79" timestamp="2021-07-08T02:48:22">
  <properties>
    <property name="npm.executable" value="npm" />
    <property name="env.TRAVIS_ROOT" value="/" />
    <property name="ptII.mk.exists" value="true" />
    <property name="env.TRAVIS_APP_HOST" value="build.travis-ci.com" />
    <property name="env.rvm_bin_path" value="/home/travis/.rvm/bin" />
    <property name="java.home" value="/usr/local/lib/jvm/openjdk11" />
    <property name="env.TRAVIS_JOB_NUMBER" value="1823.8" />
    <property name="env.TRAVIS_HOME" value="/home/travis" />
    <property name="env.DISPLAY" value=":99.0" />
    <property name="env.TRAVIS_INIT" value="systemd" />
    <property name="env.SSH_TTY" value="/dev/pts/0" />
    <property name="java.net.preferIPv4Stack" value="true" />
    <property name="env.RUN_TESTS" value="true" />
    <property name="timeout.short" value="1000000" />
    <property name="junit.formatter" value="xml" />
    <property name="env.TRAVIS_SUDO" value="true" />
    <property name="env.TRAVIS_JOB_NAME" value="" />
    <property name="env.TRAVIS_STACK_NODE_ATTRIBUTES" value="/.node-attributes.yml" />
    <property name="env.LOGNAME" value="travis" />
    <property name="env.PT_TRAVIS_TEST_CORE1_XML" value="true" />
    <property name="jsdoc.home" value="node_modules/@terraswarm/jsdoc" />
    <property name="debuglevel" value="source,lines,vars" />
    <property name="checkstyle.formatter" value="xml" />
    <property name="bin.vergil.makeable" value="true" />
    <property name="sun.os.patch.level" value="unknown" />
    <property name="java.vendor.url" value="http://java.oracle.com/" />
    <property name="env.TRAVIS_BUILD_WEB_URL" value="https://app.travis-ci.com/icyphy/ptII/builds/232107542" />
    <property name="java.version" value="11.0.2" />
    <property name="env.TZ" value="UTC" />
    <property name="env.TRAVIS_PULL_REQUEST_SHA" value="" />
    <property name="env.PT_NO_NET" value="true" />
    <property name="env.TRAVIS_SECURE_ENV_VARS" value="true" />
    <property name="java.vendor.url.bug" value="http://bugreport.java.com/bugreport/" />
    <property name="npmjs-org-is-up" value="true" />
    <property name="env.LANGUAGE" value="en_US.UTF-8" />
    <property name="env.SSH_CLIENT" value="10.16.0.17 37226 22" />
    <property name="env.GEM_HOME" value="/home/travis/.rvm/gems/ruby-2.5.3" />
    <property name="env.HAS_ANTARES_THREE_LITTLE_FRONZIES_BADGE" value="true" />
    <property name="java.version.date" value="2019-01-15" />
    <property name="env.PS4" value="+" />
    <property name="ant.project.invoked-targets" value="build,test.core1.xml" />
    <property name="env.TRAVIS_PULL_REQUEST_BRANCH" value="" />
    <property name="env.TRAVIS_REPO_SLUG" value="icyphy/ptII" />
    <property name="env.XDG_DATA_DIRS" value="/usr/local/share:/usr/share:/var/lib/snapd/desktop" />
    <property name="jdk.debug" value="release" />
    <property name="env.TRAVIS_APT_PROXY" value="http://build-cache.travisci.net" />
    <property name="env.TRAVIS_CPU_ARCH" value="amd64" />
    <property name="node.in.path" value="true" />
    <property name="user.name" value="travis" />
    <property name="java.maxmemory" value="1400m" />
    <property name="env.RUBY_VERSION" value="ruby-2.5.3" />
    <property name="env.LANG" value="en_US.UTF-8" />
    <property name="sun.io.unicode.encoding" value="UnicodeLittle" />
    <property name="sun.jnu.encoding" value="UTF-8" />
    <property name="java.runtime.name" value="OpenJDK Runtime Environment" />
    <property name="usefile" value="false" />
    <property name="return.code" value="0" />
    <property name="junit.single.formatter" value="plain" />
    <property name="env.DYLD_LIBRARY_PATH" value="/home/travis/pthla/certi-tools/lib:" />
    <property name="env.DEBIAN_FRONTEND" value="noninteractive" />
    <property name="env.SSH_CONNECTION" value="10.16.0.17 37226 10.30.0.109 22" />
    <property name="env.MYSQL_UNIX_PORT" value="/var/run/mysqld/mysqld.sock" />
    <property name="env.LC_ALL" value="en_US.UTF-8" />
    <property name="env.TRAVIS_ALLOW_FAILURE" value="" />
    <property name="env.TRAVIS_JOB_WEB_URL" value="https://app.travis-ci.com/icyphy/ptII/jobs/522681690" />
    <property name="java.specification.name" value="Java Platform API Specification" />
    <property name="node.works" value="true" />
    <property name="user.timezone" value="" />
    <property name="path.separator" value=":" />
    <property name="env.TRAVIS_ENABLE_INFRA_DETECTION" value="true" />
    <property name="env.PYTHON_CFLAGS" value="-g -fstack-protector --param=ssp-buffer-size=4 -Wformat -Werror=format-security" />
    <property name="timeout.long" value="4000000" />
    <property name="env.CERTI_HOME" value="/home/travis/pthla/certi-tools" />
    <property name="ant.file.ptII" value="/home/travis/build/icyphy/ptII/build.xml" />
    <property name="javadoc.packagenames" value="com.*,diva.*,lbnl.*,org.hlacerti.*,org.json.*,org.ptolemy.*,org.terraswarm.*,ptolemy.*,ptserver.*" />
    <property name="file.encoding" value="UTF-8" />
    <property name="env.TRAVIS_PULL_REQUEST_SLUG" value="" />
    <property name="ant.project.default-target" value="build" />
    <property name="env.GIT_ASKPASS" value="echo" />
    <property name="env.HOME" value="/home/travis" />
    <property name="sun.java.command" value="org.apache.tools.ant.taskdefs.optional.junit.JUnitTestRunner ptolemy.actor.lib.test.junit.JUnitTclTest skipNonTests=false filtertrace=true haltOnError=false haltOnFailure=false formatter=org.apache.tools.ant.taskdefs.optional.junit.OutErrSummaryJUnitResultFormatter showoutput=true outputtoformatters=true logfailedtests=true threadid=0 logtestlistenerevents=false formatter=org.apache.tools.ant.taskdefs.optional.junit.XMLJUnitResultFormatter,/home/travis/build/icyphy/ptII/reports/junit/TEST-ptolemy.actor.lib.test.junit.JUnitTclTest.xml crashfile=/home/travis/build/icyphy/ptII/junitvmwatcher10448700222479489820.properties propsfile=/home/travis/build/icyphy/ptII/junit3796554876503307387.properties" />
    <property name="env.COMPOSER_NO_INTERACTION" value="1" />
    <property name="env.MANPATH" value="/home/travis/.nvm/versions/node/v7.10.1/share/man:/home/travis/.rvm/rubies/ruby-2.5.3/share/man:/usr/local/cmake-3.12.4/man:/usr/local/clang-7.0.0/share/man:/usr/local/man:/usr/local/share/man:/usr/share/man:/home/travis/.rvm/man" />
    <property name="env.TRAVIS_TIMER_ID" value="1aab2614" />
    <property name="ant.file" value="/home/travis/build/icyphy/ptII/build.xml" />
    <property name="env.TRAVIS_COMMIT_RANGE" value="9d9fa68bf2e7...b119b768bad0" />
    <property name="ptII.classpath.optional.property" value="/home/travis/build/icyphy/ptII/lib/bsh-2.0b4.jar:/home/travis/build/icyphy/ptII/lib/ptCal.jar:/home/travis/build/icyphy/ptII/lib/java_cup.jar:/home/travis/build/icyphy/ptII/lib/saxon8.jar:/home/travis/build/icyphy/ptII/lib/saxon8-dom.jar:/home/travis/build/icyphy/ptII/lib/chic.jar:/home/travis/build/icyphy/ptII/lib/ptcolt.jar:/home/travis/build/icyphy/ptII/vendors/misc/itext/iText.jar:/home/travis/build/icyphy/ptII/lib/g4ltl.jar:/home/travis/build/icyphy/ptII/lib/StructuralCoder.jar:/home/travis/build/icyphy/ptII/lib/jcerti.jar:/home/travis/build/icyphy/ptII/lib/javax.mail.jar:/home/travis/build/icyphy/ptII/vendors/JMF-2.1.1e/lib/jmf.jar:/home/travis/build/icyphy/ptII/lib/jna-4.0.0-variadic.jar:/home/travis/build/icyphy/ptII/vendors/misc/joystick/Joystick.jar:/home/travis/build/icyphy/ptII/lib/ptjacl.jar:/home/travis/build/icyphy/ptII/lib/jsoup-1.8.2.jar:/home/travis/build/icyphy/ptII/lib/junit-4.8.2.jar:/home/travis/build/icyphy/ptII/lib/JUnitParams-0.4.0.jar:/home/travis/build/icyphy/ptII/ptolemy/actor/lib/excel/jxl.jar:/home/travis/build/icyphy/ptII/lib/jython.jar:/home/travis/build/icyphy/ptII/lib/kieler.jar:/home/travis/build/icyphy/ptII/vendors/opencv/share/OpenCV/java/opencv-341.jar:/home/travis/build/icyphy/ptII/lib/oscP5.jar:/home/travis/build/icyphy/ptII/lib/nrjavaserial-3.11.0.devel.jar:/home/travis/build/icyphy/ptII/vendors/j3d/lib/Linux/j3dcore.jar:/home/travis/build/icyphy/ptII/vendors/j3d/lib/Linux/j3dutils.jar:/home/travis/build/icyphy/ptII/vendors/j3d/lib/Linux/vecmath.jar:/home/travis/build/icyphy/ptII/vendors/jogl/lib/Linux/gluegen-rt-natives-linux-amd64.jar:/home/travis/build/icyphy/ptII/vendors/jogl/lib/Linux/gluegen-rt.jar:/home/travis/build/icyphy/ptII/vendors/jogl/lib/Linux/jogl-all-natives-linux-amd64.jar:/home/travis/build/icyphy/ptII/vendors/jogl/lib/Linux/jogl-all.jar:/home/travis/build/icyphy/ptII/ptolemy/distributed/jini/jar/jini-core.jar:/home/travis/build/icyphy/ptII/ptolemy/distributed/jini/jar/jini-ext.jar:/home/travis/build/icyphy/ptII/ptolemy/distributed/jini/jar/sun-util.jar:/home/travis/build/icyphy/ptII/lib/protobuf-java-2.4.1.jar:/home/travis/build/icyphy/ptII/lib/org.eclipse.paho.client.mqttv3.jar:/home/travis/build/icyphy/ptII/lib/mapss.jar:/home/travis/build/icyphy/ptII/ptolemy/actor/ptalon/antlr/antlr.jar:/home/travis/build/icyphy/ptII/lib/JRI.jar:/home/travis/build/icyphy/ptII/lib/commons-lang-2.6.jar:/home/travis/build/icyphy/ptII/lib/commons-logging-1.1.1.jar:/home/travis/build/icyphy/ptII/lib/sootclasses.jar:/home/travis/build/icyphy/ptII/ptolemy/actor/lib/database/mysql-connector-java-5.1.6-bin.jar:/home/travis/build/icyphy/ptII/vendors/misc/sphinx4/sphinx4-data-5prealpha.jar:/home/travis/build/icyphy/ptII/vendors/misc/sphinx4/sphinx4-core-5prealpha.jar:/home/travis/build/icyphy/ptII/lib/PDFRenderer.jar:/home/travis/build/icyphy/ptII/lib/svgSalamander.jar:/home/travis/build/icyphy/ptII/lib/rsyntaxtextarea-2.6.0-SNAPSHOT.jar:/home/travis/build/icyphy/ptII/lib/hazelcast-3.8.2.jar:/home/travis/build/icyphy/ptII/lib/jackson-annotations-2.9.0.jar:/home/travis/build/icyphy/ptII/lib/jackson-core-2.9.3.jar:/home/travis/build/icyphy/ptII/lib/jackson-databind-2.9.3.jar:/home/travis/build/icyphy/ptII/lib/netty-buffer-4.1.19.Final.jar:/home/travis/build/icyphy/ptII/lib/netty-codec-4.1.19.Final.jar:/home/travis/build/icyphy/ptII/lib/netty-codec-dns-4.1.19.Final.jar:/home/travis/build/icyphy/ptII/lib/netty-codec-http-4.1.19.Final.jar:/home/travis/build/icyphy/ptII/lib/netty-codec-http2-4.1.19.Final.jar:/home/travis/build/icyphy/ptII/lib/netty-common-4.1.19.Final.jar:/home/travis/build/icyphy/ptII/lib/netty-handler-4.1.19.Final.jar:/home/travis/build/icyphy/ptII/lib/netty-resolver-4.1.19.Final.jar:/home/travis/build/icyphy/ptII/lib/netty-resolver-dns-4.1.19.Final.jar:/home/travis/build/icyphy/ptII/lib/netty-transport-4.1.19.Final.jar:/home/travis/build/icyphy/ptII/lib/vertx-codegen-3.5.1.jar:/home/travis/build/icyphy/ptII/lib/vertx-core-3.5.2-SNAPSHOT.jar:/home/travis/build/icyphy/ptII/lib/vertx-hazelcast-3.5.1.jar:/home/travis/build/icyphy/ptII/lib/vertx-lang-js-3.5.1.jar:/home/travis/build/icyphy/ptII/lib/vertx-service-proxy-3.5.1.jar:/home/travis/build/icyphy/ptII/lib/vertx-web-3.5.1.jar:/home/travis/build/icyphy/ptII/lib/slf4j-api-1.7.13.jar:/home/travis/build/icyphy/ptII/lib/slf4j-simple-1.7.13.jar:/home/travis/build/icyphy/ptII/lib/webcam-capture-0.3.12.jar:/home/travis/build/icyphy/ptII/lib/bridj-0.7.0.jar:/home/travis/build/icyphy/ptII/lib/xbjlib-1.1.0.nrjavaserial.jar" />
    <property name="timeout" value="2400000" />
    <property name="test.batch" value="**/junit/*.java" />
    <property name="env._" value="/usr/bin/timeout" />
    <property name="java.io.tmpdir" value="/tmp" />
    <property name="user.language" value="en" />
    <property name="env.TRAVIS_INTERNAL_RUBY_REGEX" value="^ruby-(2\.[0-4]\.[0-9]|1\.9\.3)" />
    <property name="env.HISTCONTROL" value="ignoredups:ignorespace" />
    <property name="env.GOROOT" value="/home/travis/.gimme/versions/go1.11.1.linux.amd64" />
    <property name="line.separator" value="&#xa;" />
    <property name="target" value="11" />
    <property name="env.TRAVIS_BUILD_DIR" value="/home/travis/build/icyphy/ptII" />
    <property name="env.ANT_OPTS" value="-Xmx2048m" />
    <property name="ant.file.type" value="file" />
    <property name="ptolemy.ptII.batchMode" value="true" />
    <property name="env.HISTSIZE" value="1000" />
    <property name="env.MERB_ENV" value="test" />
    <property name="java.vm.info" value="mixed mode" />
    <property name="source" value="11" />
    <property name="java.vm.specification.name" value="Java Virtual Machine Specification" />
    <property name="env.TRAVIS_TEST_RESULT" value="0" />
    <property name="jsdoc.command" value="node_modules/@terraswarm/jsdoc/jsdoc.js" />
    <property name="npm.works" value="true" />
    <property name="cobertura.dir" value="/home/travis/build/icyphy/ptII/vendors/cobertura-2.0.3" />
    <property name="jsdoc.command.exists" value="true" />
    <property name="env.rvm_path" value="/home/travis/.rvm" />
    <property name="env.GEM_PATH" value="/home/travis/.rvm/gems/ruby-2.5.3:/home/travis/.rvm/gems/ruby-2.5.3@global" />
    <property name="env.LC_CTYPE" value="en_US.UTF-8" />
    <property name="env.TRAVIS_CMD" value="$PTII/bin/ptIITravisBuild.sh $SECONDS" />
    <property name="java.awt.printerjob" value="sun.print.PSPrinterJob" />
    <property name="env.TRAVIS_STACK_NAME" value="sardonyx" />
    <property name="env.TRAVIS_TIMER_START_TIME" value="1625711925162276633" />
    <property name="ant.version" value="Apache Ant(TM) version 1.10.1 compiled on February 2 2017" />
    <property name="ptII.reports" value="/home/travis/build/icyphy/ptII/reports" />
    <property name="env.TRAVIS_STACK_TIMESTAMP" value="2020-06-24 13:13:18 UTC" />
    <property name="ant.file.type.ptII" value="file" />
    <property name="env.RBENV_SHELL" value="bash" />
    <property name="os.name" value="Linux" />
    <property name="java.specification.vendor" value="Oracle Corporation" />
    <property name="env.rvm_version" value="1.29.10 (latest)" />
    <property name="env.TRAVIS_INFRA" value="unknown" />
    <property name="env.TERM" value="xterm" />
    <property name="java.vm.name" value="OpenJDK 64-Bit Server VM" />
    <property name="env.TRAVIS_BUILD_NUMBER" value="1823" />
    <property name="env.CI" value="true" />
    <property name="java.library.path" value="/home/travis/pthla/certi-tools/lib:/usr/lib/jni:/usr/local/share/OpenCV/java/:/usr/share/OpenCV/java::/usr/java/packages/lib:/usr/lib64:/lib64:/lib:/usr/lib" />
    <property name="jdk.module.path" value="/home/travis/build/icyphy/ptII/vendors/javafx/javafx-sdk-11.0.2/lib:" />
    <property name="env.rvm_prefix" value="/home/travis" />
    <property name="env.PATH" value="/home/travis/pthla/certi-tools/share/scripts:/home/travis/.rvm/gems/ruby-2.5.3/bin:/home/travis/.rvm/gems/ruby-2.5.3@global/bin:/home/travis/.rvm/rubies/ruby-2.5.3/bin:/home/travis/.rvm/bin:./node_modules/.bin:/home/travis/build/icyphy/ptII/bin:/home/travis/pthla/certi-tools/bin:/home/travis/bin:/home/travis/.local/bin:/usr/local/lib/jvm/openjdk11/bin:/opt/pyenv/shims:/home/travis/.phpenv/shims:/home/travis/perl5/perlbrew/bin:/home/travis/.nvm/versions/node/v7.10.1/bin:/home/travis/gopath/bin:/home/travis/.gimme/versions/go1.11.1.linux.amd64/bin:/usr/local/maven-3.6.3/bin:/usr/local/cmake-3.12.4/bin:/usr/local/clang-7.0.0/bin:/usr/local/sbin:/usr/local/bin:/usr/sbin:/usr/bin:/sbin:/bin:/snap/bin:/home/travis/.phpenv/bin:/opt/pyenv/bin:/home/travis/.yarn/bin" />
    <property name="env.TRAVIS_OS_NAME" value="linux" />
    <property name="ant.java.version" value="9" />
    <property name="basedir" value="/home/travis/build/icyphy/ptII" />
    <property name="java.class.version" value="55.0" />
    <property name="env.SHLVL" value="3" />
    <property name="env.LD_LIBRARY_PATH" value="/home/travis/pthla/certi-tools/lib:/usr/lib/jni:/usr/local/share/OpenCV/java/:/usr/share/OpenCV/java:" />
    <property name="env.RACK_ENV" value="test" />
    <property name="ant.home" value="/home/travis/build/icyphy/ptII/ant" />
    <property name="env.NVM_DIR" value="/home/travis/.nvm" />
    <property name="env.CERTI_FOM_PATH" value="/home/travis/pthla/certi-tools/share/federations" />
    <property name="env.TRAVIS_BUILD_ID" value="232107542" />
    <property name="env.PYENV_ROOT" value="/opt/pyenv" />
    <property name="env.TRAVIS_UID" value="2000" />
    <property name="prism.verbose" value="true" />
    <property name="env.NVM_BIN" value="/home/travis/.nvm/versions/node/v7.10.1/bin" />
    <property name="env.TRAVIS_COMMIT" value="b119b768bad00b0b7467fc948daf1dcebd49aed7" />
    <property name="node.executable" value="node" />
    <property name="sun.boot.library.path" value="/usr/local/lib/jvm/openjdk11/lib" />
    <property name="sun.management.compiler" value="HotSpot 64-Bit Tiered Compilers" />
    <property name="java.awt.graphicsenv" value="sun.awt.X11GraphicsEnvironment" />
    <property name="env.GOPATH" value="/home/travis/gopath" />
    <property name="ptolemy.ptII.dir" value="/home/travis/build/icyphy/ptII" />
    <property name="env.USER" value="travis" />
    <property name="env.HISTFILESIZE" value="2000" />
    <property name="env.NVM_INC" value="/home/travis/.nvm/versions/node/v7.10.1/include/node" />
    <property name="timeout.longest" value="19000000" />
    <property name="env.PERLBREW_SHELLRC_VERSION" value="0.88" />
    <property name="env.TRAVIS_STACK_FEATURES" value="basic couchdb disabled-ipv6 docker docker-compose elasticsearch firefox go-toolchain google-chrome jdk memcached mongodb mysql nodejs_interpreter perl_interpreter perlbrew phantomjs postgresql python_interpreter redis ruby_interpreter sqlite xserver" />
    <property name="env.TRAVIS_PULL_REQUEST" value="false" />
    <property name="env.PYENV_SHELL" value="bash" />
    <property name="ant.project.name" value="ptII" />
    <property name="env.ANSI_RESET" value="\033[0m" />
    <property name="java.vm.specification.version" value="11" />
    <property name="env.TRAVIS_DIST" value="xenial" />
    <property name="env.CERTI_VERSION" value="4.0.0" />
    <property name="env.CERTI_HOST" value="localhost" />
    <property name="awt.toolkit" value="sun.awt.X11.XToolkit" />
    <property name="env.MY_RUBY_HOME" value="/home/travis/.rvm/rubies/ruby-2.5.3" />
    <property name="sun.cpu.isalist" value="" />
    <property name="env.TRAVIS_TMPDIR" value="/tmp/tmp.DcitouU6g0" />
    <property name="java.vm.compressedOopsMode" value="Zero based" />
    <property name="os.version" value="4.15.0-1077-gcp" />
    <property name="user.home" value="/home/travis" />
    <property name="java.vm.vendor" value="Oracle Corporation" />
    <property name="env.TRAVIS_TAG" value="nightly" />
    <property name="env.ANSI_YELLOW" value="\033[33;1m" />
    <property name="env.TRAVIS_FILTERED" value="redirect_io" />
    <property name="env.ANSI_GREEN" value="\033[32;1m" />
    <property name="env.JAVA_HOME" value="/usr/local/lib/jvm/openjdk11" />
    <property name="javadoc.excludepackagenames" value="adm.cvs2svn.*,build.*,config.*,doc.coding.templates.*,jni.test.jni.meaningOfLife.*,jni.test.jni.testDeux.*,jni.test.jni.testTrois.*,org.terraswarm.accessor.accessors.web.node_modules.*,org.terraswarm.accessor.accessors.web.hosts.cordova.demo.*,org.terraswarm.accessor.accessors.web.hosts.cordova.plugins.*,org.terraswarm.accessor.accessors-svn.*,pt-modules.*,ptolemy.apps.agilent.*,ptolemy.apps.anytimecontrol.*,ptolemy.apps.apes.*,ptolemy.apps.charon.*,ptolemy.apps.crazyboard.*,ptolemy.apps.eclipse.*,ptolemy.apps.etherealSting.*,ptolemy.apps.fullscreen.*,ptolemy.apps.giotto.*,ptolemy.apps.ia.*,ptolemy.apps.interfaces.*,ptolemy.apps.jmf.*,ptolemy.apps.kurt.*,ptolemy.apps.kvm.*,ptolemy.apps.lego.*,ptolemy.apps.lejos.*,ptolemy.apps.midp.*,ptolemy.apps.mobileCoding.*,ptolemy.apps.pendulum.*,ptolemy.apps.rijndael.*,ptolemy.apps.robot.*,ptolemy.apps.security.*,ptolemy.apps.sobel.*,ptolemy.apps.soot.*,ptolemy.apps.throttle.*,ptolemy.apps.tini.*,ptolemy.apps.transmission.*,ptolemy.apps.vergil.*,ptolemy.apps.waba.*,ptolemy.apps.websensor.*,ptolemy.apps.webstart.*,ptolemy.apps.xsl.*,ptolemy.apps.zaurus.*,ptolemy.codegen.c.actor.lib.oldJavaFiles.*,ptolemy.codegen.dsp.lib.*,ptolemy.codegen.kernel.newInterfaces.*,ptolemy.codegen.lib.*,ptolemy.copernicus.kernel.fragment.*,ptolemy.copernicus.shallow.cg.*,ptolemy.domains.giotto.demo.Hierarchy.Hierarchy.*,ptolemy.domains.giotto.demo.Multimode.Multimode.*,ptolemy.domains.giotto.demo.Simple.Simple.*,ptolemy.domains.gr.lib.experimental.*,ptolemy.domains.gro.*,ptolemy.domains.pdf.*,ptolemy.domains.ptinyos.demo.Surge.output.*,ptolemy.moml.test.NoPackageActor.java*,ptolemy.plot.adm.*,ptolemy.plot.servlet.*,reports.*,signed.*,src.*,target.*,vendors.*,ptolemy.copernicus.applet.*,ptolemy.media.viewer.*,ptolemy.actor.corba.*,doc.doclets.*,ptolemy.apps.eclipse.awt.*,ptolemy.backtrack.*,ptolemy.backtrack.ast.*,ptolemy.cg.adapter.generic.program.procedural.c.mbed*,ptolemy.homer.*,ptolemy.actor.lib.jai.*,org.ptolemy.scala.*,diva.util.java2d.svg.*,ptolemy.domains.ptinyos.*,ptolemy.actor.lib.fmi.fmipp.*,,org.terraswarm.accessor.accessors.web.node_modules.*,org.terraswarm.accessor.accessors-svn,ptolemy.apps.*,ptolemy.actor.ptalon.demo.ptinyos.SendAndReceiveCnt.output,ptolemy.actor.ptalon.demo.ptinyos.SenseToLeds.output,ptolemy.domains.ptinyos.demo.CntToLedsAndRfm.output,ptolemy.domains.ptinyos.demo.RfmToLeds.output,ptolemy.domains.ptinyos.demo.SendAndReceiveCnt.output,ptolemy.domains.ptinyos.demo.SenseToLeds.output,ptolemy.actor.lib.jjs.modules.udpSocket.*" />
    <property name="env.PTII" value="/home/travis/build/icyphy/ptII" />
    <property name="env.XDG_SESSION_ID" value="2" />
    <property name="keystore" value="ptKeystore" />
    <property name="env.TRAVIS_COMMIT_MESSAGE" value="Use travis_wait to avoid 10 minute timeout with downloading opencv.&#xa;&#xa;See https://docs.travis-ci.com/user/common-build-problems/#build-times-out-because-no-output-was-received&#xa;Also, org/ptolemy/opencv/travis_build_opencv.sh was updated so that wget uses --show-progress." />
    <property name="junit.output.dir" value="/home/travis/build/icyphy/ptII/reports/junit" />
    <property name="npm.return.code" value="0" />
    <property name="user.dir" value="/home/travis/build/icyphy/ptII/ptolemy/actor/lib/test" />
    <property name="env.TRAVIS_NODE_VERSION" value="7" />
    <property name="env.TRAVIS_EVENT_TYPE" value="push" />
    <property name="env.MAIL" value="/var/mail/travis" />
    <property name="env.PERLBREW_ROOT" value="/home/travis/perl5/perlbrew" />
    <property name="env.PWD" value="/home/travis/build/icyphy/ptII" />
    <property name="timeout.npm" value="45000" />
    <property name="env.TRAVIS_ARCH" value="amd64" />
    <property name="sun.cpu.endian" value="little" />
    <property name="env.PAGER" value="cat" />
    <property name="env.TRAVIS_BUILD_STAGE_NAME" value="test" />
    <property name="env.PERLBREW_HOME" value="/home/travis/.perlbrew" />
    <property name="java.vm.version" value="11.0.2+9" />
    <property name="env.RAILS_ENV" value="test" />
    <property name="java.class.path" value="/home/travis/.ptolemyII:/home/travis/.ptolemyII/*:/home/travis/build/icyphy/ptII:/home/travis/build/icyphy/ptII/lib/bsh-2.0b4.jar:/home/travis/build/icyphy/ptII/lib/ptCal.jar:/home/travis/build/icyphy/ptII/lib/java_cup.jar:/home/travis/build/icyphy/ptII/lib/saxon8.jar:/home/travis/build/icyphy/ptII/lib/saxon8-dom.jar:/home/travis/build/icyphy/ptII/lib/chic.jar:/home/travis/build/icyphy/ptII/lib/ptcolt.jar:/home/travis/build/icyphy/ptII/vendors/misc/itext/iText.jar:/home/travis/build/icyphy/ptII/lib/g4ltl.jar:/home/travis/build/icyphy/ptII/lib/StructuralCoder.jar:/home/travis/build/icyphy/ptII/lib/jcerti.jar:/home/travis/build/icyphy/ptII/lib/javax.mail.jar:/home/travis/build/icyphy/ptII/vendors/JMF-2.1.1e/lib/jmf.jar:/home/travis/build/icyphy/ptII/lib/jna-4.0.0-variadic.jar:/home/travis/build/icyphy/ptII/vendors/misc/joystick/Joystick.jar:/home/travis/build/icyphy/ptII/lib/ptjacl.jar:/home/travis/build/icyphy/ptII/lib/jsoup-1.8.2.jar:/home/travis/build/icyphy/ptII/lib/junit-4.8.2.jar:/home/travis/build/icyphy/ptII/lib/JUnitParams-0.4.0.jar:/home/travis/build/icyphy/ptII/ptolemy/actor/lib/excel/jxl.jar:/home/travis/build/icyphy/ptII/lib/jython.jar:/home/travis/build/icyphy/ptII/lib/kieler.jar:/home/travis/build/icyphy/ptII/vendors/opencv/share/OpenCV/java/opencv-341.jar:/home/travis/build/icyphy/ptII/lib/oscP5.jar:/home/travis/build/icyphy/ptII/lib/nrjavaserial-3.11.0.devel.jar:/home/travis/build/icyphy/ptII/vendors/j3d/lib/Linux/j3dcore.jar:/home/travis/build/icyphy/ptII/vendors/j3d/lib/Linux/j3dutils.jar:/home/travis/build/icyphy/ptII/vendors/j3d/lib/Linux/vecmath.jar:/home/travis/build/icyphy/ptII/vendors/jogl/lib/Linux/gluegen-rt-natives-linux-amd64.jar:/home/travis/build/icyphy/ptII/vendors/jogl/lib/Linux/gluegen-rt.jar:/home/travis/build/icyphy/ptII/vendors/jogl/lib/Linux/jogl-all-natives-linux-amd64.jar:/home/travis/build/icyphy/ptII/vendors/jogl/lib/Linux/jogl-all.jar:/home/travis/build/icyphy/ptII/ptolemy/distributed/jini/jar/jini-core.jar:/home/travis/build/icyphy/ptII/ptolemy/distributed/jini/jar/jini-ext.jar:/home/travis/build/icyphy/ptII/ptolemy/distributed/jini/jar/sun-util.jar:/home/travis/build/icyphy/ptII/lib/protobuf-java-2.4.1.jar:/home/travis/build/icyphy/ptII/lib/org.eclipse.paho.client.mqttv3.jar:/home/travis/build/icyphy/ptII/lib/mapss.jar:/home/travis/build/icyphy/ptII/ptolemy/actor/ptalon/antlr/antlr.jar:/home/travis/build/icyphy/ptII/lib/JRI.jar:/home/travis/build/icyphy/ptII/lib/commons-lang-2.6.jar:/home/travis/build/icyphy/ptII/lib/commons-logging-1.1.1.jar:/home/travis/build/icyphy/ptII/lib/sootclasses.jar:/home/travis/build/icyphy/ptII/ptolemy/actor/lib/database/mysql-connector-java-5.1.6-bin.jar:/home/travis/build/icyphy/ptII/vendors/misc/sphinx4/sphinx4-data-5prealpha.jar:/home/travis/build/icyphy/ptII/vendors/misc/sphinx4/sphinx4-core-5prealpha.jar:/home/travis/build/icyphy/ptII/lib/PDFRenderer.jar:/home/travis/build/icyphy/ptII/lib/svgSalamander.jar:/home/travis/build/icyphy/ptII/lib/rsyntaxtextarea-2.6.0-SNAPSHOT.jar:/home/travis/build/icyphy/ptII/lib/hazelcast-3.8.2.jar:/home/travis/build/icyphy/ptII/lib/jackson-annotations-2.9.0.jar:/home/travis/build/icyphy/ptII/lib/jackson-core-2.9.3.jar:/home/travis/build/icyphy/ptII/lib/jackson-databind-2.9.3.jar:/home/travis/build/icyphy/ptII/lib/netty-buffer-4.1.19.Final.jar:/home/travis/build/icyphy/ptII/lib/netty-codec-4.1.19.Final.jar:/home/travis/build/icyphy/ptII/lib/netty-codec-dns-4.1.19.Final.jar:/home/travis/build/icyphy/ptII/lib/netty-codec-http-4.1.19.Final.jar:/home/travis/build/icyphy/ptII/lib/netty-codec-http2-4.1.19.Final.jar:/home/travis/build/icyphy/ptII/lib/netty-common-4.1.19.Final.jar:/home/travis/build/icyphy/ptII/lib/netty-handler-4.1.19.Final.jar:/home/travis/build/icyphy/ptII/lib/netty-resolver-4.1.19.Final.jar:/home/travis/build/icyphy/ptII/lib/netty-resolver-dns-4.1.19.Final.jar:/home/travis/build/icyphy/ptII/lib/netty-transport-4.1.19.Final.jar:/home/travis/build/icyphy/ptII/lib/vertx-codegen-3.5.1.jar:/home/travis/build/icyphy/ptII/lib/vertx-core-3.5.2-SNAPSHOT.jar:/home/travis/build/icyphy/ptII/lib/vertx-hazelcast-3.5.1.jar:/home/travis/build/icyphy/ptII/lib/vertx-lang-js-3.5.1.jar:/home/travis/build/icyphy/ptII/lib/vertx-service-proxy-3.5.1.jar:/home/travis/build/icyphy/ptII/lib/vertx-web-3.5.1.jar:/home/travis/build/icyphy/ptII/lib/slf4j-api-1.7.13.jar:/home/travis/build/icyphy/ptII/lib/slf4j-simple-1.7.13.jar:/home/travis/build/icyphy/ptII/lib/webcam-capture-0.3.12.jar:/home/travis/build/icyphy/ptII/lib/bridj-0.7.0.jar:/home/travis/build/icyphy/ptII/lib/xbjlib-1.1.0.nrjavaserial.jar:/home/travis/build/icyphy/ptII/ptolemy/moml/test:/home/travis/build/icyphy/ptII/ant/lib/ant-launcher.jar:/home/travis/build/icyphy/ptII/ant/lib/ant.jar:/home/travis/build/icyphy/ptII/ant/lib/ant-junit.jar:/home/travis/build/icyphy/ptII/ant/lib/ant-junit4.jar" />
    <property name="ant.library.dir" value="/home/travis/build/icyphy/ptII/ant/lib" />
    <property name="os.arch" value="amd64" />
    <property name="env.CONTINUOUS_INTEGRATION" value="true" />
    <property name="env.TRAVIS_LANGUAGE" value="node_js" />
    <property name="env.TRAVIS_STACK_LANGUAGES" value="__sardonyx__ c c++ clojure cplusplus cpp default generic go groovy java node_js php pure_java python ruby scala" />
    <property name="test.name" value="ptolemy.actor.lib.test.junit.JUnitTclTest" />
    <property name="env.APT_KEY_DONT_WARN_ON_DANGEROUS_USAGE" value="1" />
    <property name="sun.java.launcher" value="SUN_STANDARD" />
    <property name="env.PYTHON_CONFIGURE_OPTS" value="--enable-unicode=ucs4 --with-wide-unicode --enable-shared --enable-ipv6 --enable-loadable-sqlite-extensions --with-computed-gotos" />
    <property name="ant.core.lib" value="/home/travis/build/icyphy/ptII/ant/lib/ant.jar" />
    <property name="java.vm.specification.vendor" value="Oracle Corporation" />
    <property name="env.BCVTB_HOME" value="/home/travis/build/icyphy/ptII/lbnl" />
    <property name="file.separator" value="/" />
    <property name="spotbugs.home" value="/home/travis/build/icyphy/ptII/vendors/spotbugs-3.1.1" />
    <property name="java.runtime.version" value="11.0.2+9" />
    <property name="env.ANSI_CLEAR" value="\033[0K" />
    <property name="javafx.verbose" value="true" />
    <property name="env.HAS_JOSH_K_SEAL_OF_APPROVAL" value="true" />
    <property name="env.XDG_RUNTIME_DIR" value="/run/user/2000" />
    <property name="env.TRAVIS_OSX_IMAGE" value="" />
    <property name="env.TRAVIS_JOB_ID" value="522681690" />
    <property name="env.TRAVIS_BRANCH" value="master" />
    <property name="user.country" value="US" />
    <property name="env.CERTI_HOME_TRAVIS" value="/home/travis/pthla/certi-tools" />
    <property name="env.SHELL" value="/bin/bash" />
    <property name="java.maxmemory.large" value="3200m" />
    <property name="model" value="" />
    <property name="env.CASHER_DIR" value="/home/travis/.casher" />
    <property name="env.NVM_CD_FLAGS" value="" />
    <property name="java.vendor.version" value="18.9" />
    <property name="jshint.executable" value="/home/travis/node_modules/jshint/bin/jshint" />
    <property name="env.JRUBY_OPTS" value=" --client -J-XX:+TieredCompilation -J-XX:TieredStopAtLevel=1 -J-Xss2m -Xcompile.invokedynamic=false" />
    <property name="java.vendor" value="Oracle Corporation" />
    <property name="env.TRAVIS_PRE_CHEF_BOOTSTRAP_TIME" value="2020-06-24T13:13:03" />
    <property name="env.TRAVIS_STACK_JOB_BOARD_REGISTER" value="/.job-board-register.yml" />
    <property name="env.ANSI_RED" value="\033[31;1m" />
    <property name="java.specification.version" value="11" />
    <property name="env.IRBRC" value="/home/travis/.rvm/rubies/ruby-2.5.3/.irbrc" />
    <property name="env.TRAVIS" value="true" />
    <property name="sun.arch.data.model" value="64" />
  </properties>
  <testcase classname="ptolemy.util.test.junit.TclTests" name="[0] /home/travis/build/icyphy/ptII/ptolemy/actor/lib/test/AbsoluteValue.tcl (RunTclFile)" time="0.404" />
  <testcase classname="ptolemy.util.test.junit.TclTests" name="[1] /home/travis/build/icyphy/ptII/ptolemy/actor/lib/test/AddSubtract.tcl (RunTclFile)" time="0.133" />
  <testcase classname="ptolemy.util.test.junit.TclTests" name="[2] /home/travis/build/icyphy/ptII/ptolemy/actor/lib/test/Average.tcl (RunTclFile)" time="0.075" />
  <testcase classname="ptolemy.util.test.junit.TclTests" name="[3] /home/travis/build/icyphy/ptII/ptolemy/actor/lib/test/Bernoulli.tcl (RunTclFile)" time="0.038" />
  <testcase classname="ptolemy.util.test.junit.TclTests" name="[4] /home/travis/build/icyphy/ptII/ptolemy/actor/lib/test/Clock.tcl (RunTclFile)" time="0.113" />
  <testcase classname="ptolemy.util.test.junit.TclTests" name="[5] /home/travis/build/icyphy/ptII/ptolemy/actor/lib/test/Commutator.tcl (RunTclFile)" time="0.11" />
  <testcase classname="ptolemy.util.test.junit.TclTests" name="[6] /home/travis/build/icyphy/ptII/ptolemy/actor/lib/test/Const.tcl (RunTclFile)" time="0.125" />
  <testcase classname="ptolemy.util.test.junit.TclTests" name="[7] /home/travis/build/icyphy/ptII/ptolemy/actor/lib/test/CurrentTime.tcl (RunTclFile)" time="0.02" />
  <testcase classname="ptolemy.util.test.junit.TclTests" name="[8] /home/travis/build/icyphy/ptII/ptolemy/actor/lib/test/DB.tcl (RunTclFile)" time="0.02" />
  <testcase classname="ptolemy.util.test.junit.TclTests" name="[9] /home/travis/build/icyphy/ptII/ptolemy/actor/lib/test/DiscreteRandomSource.tcl (RunTclFile)" time="0.023" />
  <testcase classname="ptolemy.util.test.junit.TclTests" name="[10] /home/travis/build/icyphy/ptII/ptolemy/actor/lib/test/Distributor.tcl (RunTclFile)" time="0.106" />
  <testcase classname="ptolemy.util.test.junit.TclTests" name="[11] /home/travis/build/icyphy/ptII/ptolemy/actor/lib/test/Exit.tcl (RunTclFile)" time="0.086" />
  <testcase classname="ptolemy.util.test.junit.TclTests" name="[12] /home/travis/build/icyphy/ptII/ptolemy/actor/lib/test/Expression.tcl (RunTclFile)" time="0.14" />
  <testcase classname="ptolemy.util.test.junit.TclTests" name="[13] /home/travis/build/icyphy/ptII/ptolemy/actor/lib/test/Gaussian.tcl (RunTclFile)" time="0.943" />
  <testcase classname="ptolemy.util.test.junit.TclTests" name="[14] /home/travis/build/icyphy/ptII/ptolemy/actor/lib/test/IIR.tcl (RunTclFile)" time="0.048" />
  <testcase classname="ptolemy.util.test.junit.TclTests" name="[15] /home/travis/build/icyphy/ptII/ptolemy/actor/lib/test/Interpolator.tcl (RunTclFile)" time="0.102" />
  <testcase classname="ptolemy.util.test.junit.TclTests" name="[16] /home/travis/build/icyphy/ptII/ptolemy/actor/lib/test/MathFunction.tcl (RunTclFile)" time="0.049" />
  <testcase classname="ptolemy.util.test.junit.TclTests" name="[17] /home/travis/build/icyphy/ptII/ptolemy/actor/lib/test/Maximum.tcl (RunTclFile)" time="0.04" />
  <testcase classname="ptolemy.util.test.junit.TclTests" name="[18] /home/travis/build/icyphy/ptII/ptolemy/actor/lib/test/Minimum.tcl (RunTclFile)" time="0.035" />
  <testcase classname="ptolemy.util.test.junit.TclTests" name="[19] /home/travis/build/icyphy/ptII/ptolemy/actor/lib/test/MultiplyDivide.tcl (RunTclFile)" time="0.041" />
  <testcase classname="ptolemy.util.test.junit.TclTests" name="[20] /home/travis/build/icyphy/ptII/ptolemy/actor/lib/test/OrderedMerge.tcl (RunTclFile)" time="0.101" />
  <testcase classname="ptolemy.util.test.junit.TclTests" name="[21] /home/travis/build/icyphy/ptII/ptolemy/actor/lib/test/Publisher.tcl (RunTclFile)" time="0.884" />
  <testcase classname="ptolemy.util.test.junit.TclTests" name="[22] /home/travis/build/icyphy/ptII/ptolemy/actor/lib/test/Pulse.tcl (RunTclFile)" time="0.075" />
  <testcase classname="ptolemy.util.test.junit.TclTests" name="[23] /home/travis/build/icyphy/ptII/ptolemy/actor/lib/test/Ramp.tcl (RunTclFile)" time="1.794" />
  <testcase classname="ptolemy.util.test.junit.TclTests" name="[24] /home/travis/build/icyphy/ptII/ptolemy/actor/lib/test/RampContinuous.tcl (RunTclFile)" time="0.016" />
  <testcase classname="ptolemy.util.test.junit.TclTests" name="[25] /home/travis/build/icyphy/ptII/ptolemy/actor/lib/test/RecordAssembler.tcl (RunTclFile)" time="0.014" />
  <testcase classname="ptolemy.util.test.junit.TclTests" name="[26] /home/travis/build/icyphy/ptII/ptolemy/actor/lib/test/RecordDisassembler.tcl (RunTclFile)" time="0.017" />
  <testcase classname="ptolemy.util.test.junit.TclTests" name="[27] /home/travis/build/icyphy/ptII/ptolemy/actor/lib/test/Scale.tcl (RunTclFile)" time="0.016" />
  <testcase classname="ptolemy.util.test.junit.TclTests" name="[28] /home/travis/build/icyphy/ptII/ptolemy/actor/lib/test/SequentialClock.tcl (RunTclFile)" time="0.011" />
  <testcase classname="ptolemy.util.test.junit.TclTests" name="[29] /home/travis/build/icyphy/ptII/ptolemy/actor/lib/test/SetVariable.tcl (RunTclFile)" time="0.008" />
  <testcase classname="ptolemy.util.test.junit.TclTests" name="[30] /home/travis/build/icyphy/ptII/ptolemy/actor/lib/test/Sinewave.tcl (RunTclFile)" time="0.043" />
  <testcase classname="ptolemy.util.test.junit.TclTests" name="[31] /home/travis/build/icyphy/ptII/ptolemy/actor/lib/test/SubscriptionAggregator.tcl (RunTclFile)" time="2.03" />
  <testcase classname="ptolemy.util.test.junit.TclTests" name="[32] /home/travis/build/icyphy/ptII/ptolemy/actor/lib/test/Test.tcl (RunTclFile)" time="0.102" />
  <testcase classname="ptolemy.util.test.junit.TclTests" name="[33] /home/travis/build/icyphy/ptII/ptolemy/actor/lib/test/TestExceptionHandler.tcl (RunTclFile)" time="0.022" />
  <testcase classname="ptolemy.util.test.junit.TclTests" name="[34] /home/travis/build/icyphy/ptII/ptolemy/actor/lib/test/UnionDisassembler.tcl (RunTclFile)" time="0.086" />
  <testcase classname="ptolemy.util.test.junit.TclTests" name="[35] /home/travis/build/icyphy/ptII/ptolemy/actor/lib/test/VariableClock.tcl (RunTclFile)" time="0.029" />
  <testcase classname="ptolemy.util.test.junit.AutoKnownFailedTests" name="[0] /home/travis/build/icyphy/ptII/ptolemy/actor/lib/test/auto/knownFailedTests/PublisherPortToplevelSubscriber.xml (RunModel)" time="0.033" />
  <testcase classname="ptolemy.util.test.junit.AutoKnownFailedTests" name="[1] /home/travis/build/icyphy/ptII/ptolemy/actor/lib/test/auto/knownFailedTests/PublisherSubscriberPortToplevel.xml (RunModel)" time="0.017" />
  <testcase classname="ptolemy.util.test.junit.AutoKnownFailedTests" name="[2] /home/travis/build/icyphy/ptII/ptolemy/actor/lib/test/auto/knownFailedTests/PublisherSubscriptionAggregatorPort.xml (RunModel)" time="0.019" />
  <testcase classname="ptolemy.util.test.junit.AutoKnownFailedTests" name="[3] /home/travis/build/icyphy/ptII/ptolemy/actor/lib/test/auto/knownFailedTests/sizedarray3.xml (RunModel)" time="0.036" />
  <testcase classname="ptolemy.util.test.junit.AutoNameArchTests" name="[0] ThereAreNoAutoArchTests (RunModel)" time="0.001" />
  <testcase classname="ptolemy.util.test.junit.AutoTests" name="[0] /home/travis/build/icyphy/ptII/ptolemy/actor/lib/test/auto/AbsoluteValue.xml (RunModel)" time="0.096" />
  <testcase classname="ptolemy.util.test.junit.AutoTests" name="[1] /home/travis/build/icyphy/ptII/ptolemy/actor/lib/test/auto/AbsoluteValue2.xml (RunModel)" time="0.062" />
  <testcase classname="ptolemy.util.test.junit.AutoTests" name="[2] /home/travis/build/icyphy/ptII/ptolemy/actor/lib/test/auto/Accumulator.xml (RunModel)" time="0.062" />
  <testcase classname="ptolemy.util.test.junit.AutoTests" name="[3] /home/travis/build/icyphy/ptII/ptolemy/actor/lib/test/auto/Accumulator2.xml (RunModel)" time="0.026" />
  <testcase classname="ptolemy.util.test.junit.AutoTests" name="[4] /home/travis/build/icyphy/ptII/ptolemy/actor/lib/test/auto/Accumulator3.xml (RunModel)" time="0.009" />
  <testcase classname="ptolemy.util.test.junit.AutoTests" name="[5] /home/travis/build/icyphy/ptII/ptolemy/actor/lib/test/auto/ArrayAppend.xml (RunModel)" time="0.116" />
  <testcase classname="ptolemy.util.test.junit.AutoTests" name="[6] /home/travis/build/icyphy/ptII/ptolemy/actor/lib/test/auto/ArrayAppend2.xml (RunModel)" time="0.396" />
  <testcase classname="ptolemy.util.test.junit.AutoTests" name="[7] /home/travis/build/icyphy/ptII/ptolemy/actor/lib/test/auto/ArrayAppend3.xml (RunModel)" time="0.039" />
  <testcase classname="ptolemy.util.test.junit.AutoTests" name="[8] /home/travis/build/icyphy/ptII/ptolemy/actor/lib/test/auto/ArrayAppend4.xml (RunModel)" time="0.025" />
  <testcase classname="ptolemy.util.test.junit.AutoTests" name="[9] /home/travis/build/icyphy/ptII/ptolemy/actor/lib/test/auto/ArrayAppend5.xml (RunModel)" time="0.028" />
  <testcase classname="ptolemy.util.test.junit.AutoTests" name="[10] /home/travis/build/icyphy/ptII/ptolemy/actor/lib/test/auto/ArrayAppend6.xml (RunModel)" time="0.023" />
  <testcase classname="ptolemy.util.test.junit.AutoTests" name="[11] /home/travis/build/icyphy/ptII/ptolemy/actor/lib/test/auto/ArrayAppendPerformanceTest.xml (RunModel)" time="0.064" />
  <testcase classname="ptolemy.util.test.junit.AutoTests" name="[12] /home/travis/build/icyphy/ptII/ptolemy/actor/lib/test/auto/ArrayAppendWithEmptyInput.xml (RunModel)" time="0.057" />
  <testcase classname="ptolemy.util.test.junit.AutoTests" name="[13] /home/travis/build/icyphy/ptII/ptolemy/actor/lib/test/auto/ArrayAverage.xml (RunModel)" time="0.049" />
  <testcase classname="ptolemy.util.test.junit.AutoTests" name="[14] /home/travis/build/icyphy/ptII/ptolemy/actor/lib/test/auto/ArrayContains.xml (RunModel)" time="0.034" />
  <testcase classname="ptolemy.util.test.junit.AutoTests" name="[15] /home/travis/build/icyphy/ptII/ptolemy/actor/lib/test/auto/ArrayElement.xml (RunModel)" time="0.02" />
  <testcase classname="ptolemy.util.test.junit.AutoTests" name="[16] /home/travis/build/icyphy/ptII/ptolemy/actor/lib/test/auto/ArrayElementAsMatrix.xml (RunModel)" time="0.039" />
  <testcase classname="ptolemy.util.test.junit.AutoTests" name="[17] /home/travis/build/icyphy/ptII/ptolemy/actor/lib/test/auto/ArrayElementI.xml (RunModel)" time="0.013" />
  <testcase classname="ptolemy.util.test.junit.AutoTests" name="[18] /home/travis/build/icyphy/ptII/ptolemy/actor/lib/test/auto/ArrayExtract.xml (RunModel)" time="0.045" />
  <testcase classname="ptolemy.util.test.junit.AutoTests" name="[19] /home/travis/build/icyphy/ptII/ptolemy/actor/lib/test/auto/ArrayExtract2.xml (RunModel)" time="0.018" />
  <testcase classname="ptolemy.util.test.junit.AutoTests" name="[20] /home/travis/build/icyphy/ptII/ptolemy/actor/lib/test/auto/ArrayLength.xml (RunModel)" time="0.019" />
  <testcase classname="ptolemy.util.test.junit.AutoTests" name="[21] /home/travis/build/icyphy/ptII/ptolemy/actor/lib/test/auto/ArrayLevelCrossing.xml (RunModel)" time="0.024" />
  <testcase classname="ptolemy.util.test.junit.AutoTests" name="[22] /home/travis/build/icyphy/ptII/ptolemy/actor/lib/test/auto/ArrayLevelCrossing2.xml (RunModel)" time="0.028" />
  <testcase classname="ptolemy.util.test.junit.AutoTests" name="[23] /home/travis/build/icyphy/ptII/ptolemy/actor/lib/test/auto/ArrayPeakSearch.xml (RunModel)" time="0.046" />
  <testcase classname="ptolemy.util.test.junit.AutoTests" name="[24] /home/travis/build/icyphy/ptII/ptolemy/actor/lib/test/auto/ArrayPeakSearch2.xml (RunModel)" time="0.03" />
  <testcase classname="ptolemy.util.test.junit.AutoTests" name="[25] /home/travis/build/icyphy/ptII/ptolemy/actor/lib/test/auto/ArrayPeakSearch3.xml (RunModel)" time="0.027" />
  <testcase classname="ptolemy.util.test.junit.AutoTests" name="[26] /home/travis/build/icyphy/ptII/ptolemy/actor/lib/test/auto/ArrayRemoveElement.xml (RunModel)" time="0.024" />
  <testcase classname="ptolemy.util.test.junit.AutoTests" name="[27] /home/travis/build/icyphy/ptII/ptolemy/actor/lib/test/auto/ArraySort.xml (RunModel)" time="0.028" />
  <testcase classname="ptolemy.util.test.junit.AutoTests" name="[28] /home/travis/build/icyphy/ptII/ptolemy/actor/lib/test/auto/ArraySum.xml (RunModel)" time="0.016" />
  <testcase classname="ptolemy.util.test.junit.AutoTests" name="[29] /home/travis/build/icyphy/ptII/ptolemy/actor/lib/test/auto/ArrayToElements.xml (RunModel)" time="0.016" />
  <testcase classname="ptolemy.util.test.junit.AutoTests" name="[30] /home/travis/build/icyphy/ptII/ptolemy/actor/lib/test/auto/ArrayToMatrix.xml (RunModel)" time="0.043" />
  <testcase classname="ptolemy.util.test.junit.AutoTests" name="[31] /home/travis/build/icyphy/ptII/ptolemy/actor/lib/test/auto/ArrayUpdate1.xml (RunModel)" time="0.014" />
  <testcase classname="ptolemy.util.test.junit.AutoTests" name="[32] /home/travis/build/icyphy/ptII/ptolemy/actor/lib/test/auto/ArrayUpdate2.xml (RunModel)" time="0.012" />
  <testcase classname="ptolemy.util.test.junit.AutoTests" name="[33] /home/travis/build/icyphy/ptII/ptolemy/actor/lib/test/auto/ArrayUpdate3.xml (RunModel)" time="0.012" />
  <testcase classname="ptolemy.util.test.junit.AutoTests" name="[34] /home/travis/build/icyphy/ptII/ptolemy/actor/lib/test/auto/Assert1.xml (RunModel)" time="0.016" />
  <testcase classname="ptolemy.util.test.junit.AutoTests" name="[35] /home/travis/build/icyphy/ptII/ptolemy/actor/lib/test/auto/Assert2.xml (RunModel)" time="0.021" />
  <testcase classname="ptolemy.util.test.junit.AutoTests" name="[36] /home/travis/build/icyphy/ptII/ptolemy/actor/lib/test/auto/BooleanMultiplexor.xml (RunModel)" time="0.019" />
  <testcase classname="ptolemy.util.test.junit.AutoTests" name="[37] /home/travis/build/icyphy/ptII/ptolemy/actor/lib/test/auto/BooleanMultiplexor2.xml (RunModel)" time="0.014" />
  <testcase classname="ptolemy.util.test.junit.AutoTests" name="[38] /home/travis/build/icyphy/ptII/ptolemy/actor/lib/test/auto/BooleanMultiplexor3.xml (RunModel)" time="0.021" />
  <testcase classname="ptolemy.util.test.junit.AutoTests" name="[39] /home/travis/build/icyphy/ptII/ptolemy/actor/lib/test/auto/BooleanSelect.xml (RunModel)" time="0.023" />
  <testcase classname="ptolemy.util.test.junit.AutoTests" name="[40] /home/travis/build/icyphy/ptII/ptolemy/actor/lib/test/auto/BooleanSelect2.xml (RunModel)" time="0.014" />
  <testcase classname="ptolemy.util.test.junit.AutoTests" name="[41] /home/travis/build/icyphy/ptII/ptolemy/actor/lib/test/auto/BooleanSwitch.xml (RunModel)" time="0.018" />
  <testcase classname="ptolemy.util.test.junit.AutoTests" name="[42] /home/travis/build/icyphy/ptII/ptolemy/actor/lib/test/auto/BooleanSwitch2.xml (RunModel)" time="0.012" />
  <testcase classname="ptolemy.util.test.junit.AutoTests" name="[43] /home/travis/build/icyphy/ptII/ptolemy/actor/lib/test/auto/BooleanSwitchCloningBugWithClassRelationGroup.xml (RunModel)" time="0.031" />
  <testcase classname="ptolemy.util.test.junit.AutoTests" name="[44] /home/travis/build/icyphy/ptII/ptolemy/actor/lib/test/auto/BusActors.xml (RunModel)" time="0.038" />
  <testcase classname="ptolemy.util.test.junit.AutoTests" name="[45] /home/travis/build/icyphy/ptII/ptolemy/actor/lib/test/auto/ClassWrapper.xml (RunModel)" time="0.026" />
  <testcase classname="ptolemy.util.test.junit.AutoTests" name="[46] /home/travis/build/icyphy/ptII/ptolemy/actor/lib/test/auto/Clock.xml (RunModel)" time="0.012" />
  <testcase classname="ptolemy.util.test.junit.AutoTests" name="[47] /home/travis/build/icyphy/ptII/ptolemy/actor/lib/test/auto/Clock10.xml (RunModel)" time="0.02" />
  <testcase classname="ptolemy.util.test.junit.AutoTests" name="[48] /home/travis/build/icyphy/ptII/ptolemy/actor/lib/test/auto/Clock11.xml (RunModel)" time="0.022" />
  <testcase classname="ptolemy.util.test.junit.AutoTests" name="[49] /home/travis/build/icyphy/ptII/ptolemy/actor/lib/test/auto/Clock12.xml (RunModel)" time="0.024" />
  <testcase classname="ptolemy.util.test.junit.AutoTests" name="[50] /home/travis/build/icyphy/ptII/ptolemy/actor/lib/test/auto/Clock13.xml (RunModel)" time="0.035" />
  <testcase classname="ptolemy.util.test.junit.AutoTests" name="[51] /home/travis/build/icyphy/ptII/ptolemy/actor/lib/test/auto/Clock14.xml (RunModel)" time="0.016" />
  <testcase classname="ptolemy.util.test.junit.AutoTests" name="[52] /home/travis/build/icyphy/ptII/ptolemy/actor/lib/test/auto/Clock15.xml (RunModel)" time="0.012" />
  <testcase classname="ptolemy.util.test.junit.AutoTests" name="[53] /home/travis/build/icyphy/ptII/ptolemy/actor/lib/test/auto/Clock16.xml (RunModel)" time="0.082" />
  <testcase classname="ptolemy.util.test.junit.AutoTests" name="[54] /home/travis/build/icyphy/ptII/ptolemy/actor/lib/test/auto/Clock17.xml (RunModel)" time="0.059" />
  <testcase classname="ptolemy.util.test.junit.AutoTests" name="[55] /home/travis/build/icyphy/ptII/ptolemy/actor/lib/test/auto/Clock18.xml (RunModel)" time="0.048" />
  <testcase classname="ptolemy.util.test.junit.AutoTests" name="[56] /home/travis/build/icyphy/ptII/ptolemy/actor/lib/test/auto/Clock19.xml (RunModel)" time="0.041" />
  <testcase classname="ptolemy.util.test.junit.AutoTests" name="[57] /home/travis/build/icyphy/ptII/ptolemy/actor/lib/test/auto/Clock2.xml (RunModel)" time="0.013" />
  <testcase classname="ptolemy.util.test.junit.AutoTests" name="[58] /home/travis/build/icyphy/ptII/ptolemy/actor/lib/test/auto/Clock20.xml (RunModel)" time="0.02" />
  <testcase classname="ptolemy.util.test.junit.AutoTests" name="[59] /home/travis/build/icyphy/ptII/ptolemy/actor/lib/test/auto/Clock21.xml (RunModel)" time="0.017" />
  <testcase classname="ptolemy.util.test.junit.AutoTests" name="[60] /home/travis/build/icyphy/ptII/ptolemy/actor/lib/test/auto/Clock22.xml (RunModel)" time="0.013" />
  <testcase classname="ptolemy.util.test.junit.AutoTests" name="[61] /home/travis/build/icyphy/ptII/ptolemy/actor/lib/test/auto/Clock23.xml (RunModel)" time="0.016" />
  <testcase classname="ptolemy.util.test.junit.AutoTests" name="[62] /home/travis/build/icyphy/ptII/ptolemy/actor/lib/test/auto/Clock24.xml (RunModel)" time="0.013" />
  <testcase classname="ptolemy.util.test.junit.AutoTests" name="[63] /home/travis/build/icyphy/ptII/ptolemy/actor/lib/test/auto/Clock4.xml (RunModel)" time="0.01" />
  <testcase classname="ptolemy.util.test.junit.AutoTests" name="[64] /home/travis/build/icyphy/ptII/ptolemy/actor/lib/test/auto/Clock5.xml (RunModel)" time="0.015" />
  <testcase classname="ptolemy.util.test.junit.AutoTests" name="[65] /home/travis/build/icyphy/ptII/ptolemy/actor/lib/test/auto/Clock6.xml (RunModel)" time="0.008" />
  <testcase classname="ptolemy.util.test.junit.AutoTests" name="[66] /home/travis/build/icyphy/ptII/ptolemy/actor/lib/test/auto/Clock7.xml (RunModel)" time="0.007" />
  <testcase classname="ptolemy.util.test.junit.AutoTests" name="[67] /home/travis/build/icyphy/ptII/ptolemy/actor/lib/test/auto/Clock8.xml (RunModel)" time="0.013" />
  <testcase classname="ptolemy.util.test.junit.AutoTests" name="[68] /home/travis/build/icyphy/ptII/ptolemy/actor/lib/test/auto/Clock9.xml (RunModel)" time="0.013" />
  <testcase classname="ptolemy.util.test.junit.AutoTests" name="[69] /home/travis/build/icyphy/ptII/ptolemy/actor/lib/test/auto/CommDistDiscard.xml (RunModel)" time="0.019" />
  <testcase classname="ptolemy.util.test.junit.AutoTests" name="[70] /home/travis/build/icyphy/ptII/ptolemy/actor/lib/test/auto/Commutator.xml (RunModel)" time="0.012" />
  <testcase classname="ptolemy.util.test.junit.AutoTests" name="[71] /home/travis/build/icyphy/ptII/ptolemy/actor/lib/test/auto/Commutator2.xml (RunModel)" time="0.01" />
  <testcase classname="ptolemy.util.test.junit.AutoTests" name="[72] /home/travis/build/icyphy/ptII/ptolemy/actor/lib/test/auto/Commutator3.xml (RunModel)" time="0.019" />
  <testcase classname="ptolemy.util.test.junit.AutoTests" name="[73] /home/travis/build/icyphy/ptII/ptolemy/actor/lib/test/auto/Compare.xml (RunModel)" time="0.016" />
  <testcase classname="ptolemy.util.test.junit.AutoTests" name="[74] /home/travis/build/icyphy/ptII/ptolemy/actor/lib/test/auto/CompareDE.xml (RunModel)" time="0.031" />
  <testcase classname="ptolemy.util.test.junit.AutoTests" name="[75] /home/travis/build/icyphy/ptII/ptolemy/actor/lib/test/auto/ComplexDivide.xml (RunModel)" time="0.012" />
  <testcase classname="ptolemy.util.test.junit.AutoTests" name="[76] /home/travis/build/icyphy/ptII/ptolemy/actor/lib/test/auto/ComputeHistogram.xml (RunModel)" time="0.059" />
  <testcase classname="ptolemy.util.test.junit.AutoTests" name="[77] /home/travis/build/icyphy/ptII/ptolemy/actor/lib/test/auto/ConfigurationSelect.xml (RunModel)" time="0.02" />
  <testcase classname="ptolemy.util.test.junit.AutoTests" name="[78] /home/travis/build/icyphy/ptII/ptolemy/actor/lib/test/auto/ConfigurationSelect2.xml (RunModel)" time="0.014" />
  <testcase classname="ptolemy.util.test.junit.AutoTests" name="[79] /home/travis/build/icyphy/ptII/ptolemy/actor/lib/test/auto/ConfigurationSwitch.xml (RunModel)" time="0.023" />
  <testcase classname="ptolemy.util.test.junit.AutoTests" name="[80] /home/travis/build/icyphy/ptII/ptolemy/actor/lib/test/auto/ConfigurationSwitch2.xml (RunModel)" time="0.024" />
  <testcase classname="ptolemy.util.test.junit.AutoTests" name="[81] /home/travis/build/icyphy/ptII/ptolemy/actor/lib/test/auto/ConfigurationSwitchCloningBugWithClassRelationGroup.xml (RunModel)" time="0.02" />
  <testcase classname="ptolemy.util.test.junit.AutoTests" name="[82] /home/travis/build/icyphy/ptII/ptolemy/actor/lib/test/auto/ConfigurationSwitchSelectSDF.xml (RunModel)" time="0.016" />
  <testcase classname="ptolemy.util.test.junit.AutoTests" name="[83] /home/travis/build/icyphy/ptII/ptolemy/actor/lib/test/auto/ConfigurationSwitchSelectSDF2.xml (RunModel)" time="0.013" />
  <testcase classname="ptolemy.util.test.junit.AutoTests" name="[84] /home/travis/build/icyphy/ptII/ptolemy/actor/lib/test/auto/Const.xml (RunModel)" time="0.007" />
  <testcase classname="ptolemy.util.test.junit.AutoTests" name="[85] /home/travis/build/icyphy/ptII/ptolemy/actor/lib/test/auto/Const2.xml (RunModel)" time="0.01" />
  <testcase classname="ptolemy.util.test.junit.AutoTests" name="[86] /home/travis/build/icyphy/ptII/ptolemy/actor/lib/test/auto/Const3.xml (RunModel)" time="0.005" />
  <testcase classname="ptolemy.util.test.junit.AutoTests" name="[87] /home/travis/build/icyphy/ptII/ptolemy/actor/lib/test/auto/ConstantPublisherPort1.xml (RunModel)" time="0.024" />
  <testcase classname="ptolemy.util.test.junit.AutoTests" name="[88] /home/travis/build/icyphy/ptII/ptolemy/actor/lib/test/auto/ConstantPublisherPort2.xml (RunModel)" time="0.022" />
  <testcase classname="ptolemy.util.test.junit.AutoTests" name="[89] /home/travis/build/icyphy/ptII/ptolemy/actor/lib/test/auto/ConstantPublisherPort3.xml (RunModel)" time="0.022" />
  <testcase classname="ptolemy.util.test.junit.AutoTests" name="[90] /home/travis/build/icyphy/ptII/ptolemy/actor/lib/test/auto/ConstantPublisherPort4.xml (RunModel)" time="0.028" />
  <testcase classname="ptolemy.util.test.junit.AutoTests" name="[91] /home/travis/build/icyphy/ptII/ptolemy/actor/lib/test/auto/ConstantPublisherPort5.xml (RunModel)" time="0.04" />
  <testcase classname="ptolemy.util.test.junit.AutoTests" name="[92] /home/travis/build/icyphy/ptII/ptolemy/actor/lib/test/auto/ConstantPublisherPort6.xml (RunModel)" time="0.041" />
  <testcase classname="ptolemy.util.test.junit.AutoTests" name="[93] /home/travis/build/icyphy/ptII/ptolemy/actor/lib/test/auto/ConstantPublisherPort7.xml (RunModel)" time="0.034" />
  <testcase classname="ptolemy.util.test.junit.AutoTests" name="[94] /home/travis/build/icyphy/ptII/ptolemy/actor/lib/test/auto/ConstraintMonitor1.xml (RunModel)" time="0.043" />
  <testcase classname="ptolemy.util.test.junit.AutoTests" name="[95] /home/travis/build/icyphy/ptII/ptolemy/actor/lib/test/auto/ConstraintMonitor2.xml (RunModel)" time="0.015" />
  <testcase classname="ptolemy.util.test.junit.AutoTests" name="[96] /home/travis/build/icyphy/ptII/ptolemy/actor/lib/test/auto/ConstraintMonitor3.xml (RunModel)" time="0.016" />
  <testcase classname="ptolemy.util.test.junit.AutoTests" name="[97] /home/travis/build/icyphy/ptII/ptolemy/actor/lib/test/auto/ConstraintMonitor4.xml (RunModel)" time="0.01" />
  <testcase classname="ptolemy.util.test.junit.AutoTests" name="[98] /home/travis/build/icyphy/ptII/ptolemy/actor/lib/test/auto/ConstraintMonitor5.xml (RunModel)" time="0.013" />
  <testcase classname="ptolemy.util.test.junit.AutoTests" name="[99] /home/travis/build/icyphy/ptII/ptolemy/actor/lib/test/auto/ConstraintMonitor6.xml (RunModel)" time="0.016" />
  <testcase classname="ptolemy.util.test.junit.AutoTests" name="[100] /home/travis/build/icyphy/ptII/ptolemy/actor/lib/test/auto/ConstraintMonitor7.xml (RunModel)" time="0.016" />
  <testcase classname="ptolemy.util.test.junit.AutoTests" name="[101] /home/travis/build/icyphy/ptII/ptolemy/actor/lib/test/auto/ConstraintMonitor8.xml (RunModel)" time="0.019" />
  <testcase classname="ptolemy.util.test.junit.AutoTests" name="[102] /home/travis/build/icyphy/ptII/ptolemy/actor/lib/test/auto/Counter.xml (RunModel)" time="0.012" />
  <testcase classname="ptolemy.util.test.junit.AutoTests" name="[103] /home/travis/build/icyphy/ptII/ptolemy/actor/lib/test/auto/CurrentTimeSDF.xml (RunModel)" time="0.008" />
  <testcase classname="ptolemy.util.test.junit.AutoTests" name="[104] /home/travis/build/icyphy/ptII/ptolemy/actor/lib/test/auto/DB.xml (RunModel)" time="0.012" />
  <testcase classname="ptolemy.util.test.junit.AutoTests" name="[105] /home/travis/build/icyphy/ptII/ptolemy/actor/lib/test/auto/DBDE.xml (RunModel)" time="0.012" />
  <testcase classname="ptolemy.util.test.junit.AutoTests" name="[106] /home/travis/build/icyphy/ptII/ptolemy/actor/lib/test/auto/DateConstructor.xml (RunModel)" time="0.068" />
  <testcase classname="ptolemy.util.test.junit.AutoTests" name="[107] /home/travis/build/icyphy/ptII/ptolemy/actor/lib/test/auto/DelayTime.xml (RunModel)" time="0.018" />
  <testcase classname="ptolemy.util.test.junit.AutoTests" name="[108] /home/travis/build/icyphy/ptII/ptolemy/actor/lib/test/auto/Dictionary1.xml (RunModel)" time="0.015" />
  <testcase classname="ptolemy.util.test.junit.AutoTests" name="[109] /home/travis/build/icyphy/ptII/ptolemy/actor/lib/test/auto/Dictionary2.xml (RunModel)" time="0.012" />
  <testcase classname="ptolemy.util.test.junit.AutoTests" name="[110] /home/travis/build/icyphy/ptII/ptolemy/actor/lib/test/auto/Dictionary3.xml (RunModel)" time="0.011" />
  <testcase classname="ptolemy.util.test.junit.AutoTests" name="[111] /home/travis/build/icyphy/ptII/ptolemy/actor/lib/test/auto/Dictionary4.xml (RunModel)" time="0.015" />
  <testcase classname="ptolemy.util.test.junit.AutoTests" name="[112] /home/travis/build/icyphy/ptII/ptolemy/actor/lib/test/auto/Differential.xml (RunModel)" time="0.01" />
  <testcase classname="ptolemy.util.test.junit.AutoTests" name="[113] /home/travis/build/icyphy/ptII/ptolemy/actor/lib/test/auto/Director.xml (RunModel)" time="0.013" />
  <testcase classname="ptolemy.util.test.junit.AutoTests" name="[114] /home/travis/build/icyphy/ptII/ptolemy/actor/lib/test/auto/DiscreteClock.xml (RunModel)" time="0.006" />
  <testcase classname="ptolemy.util.test.junit.AutoTests" name="[115] /home/travis/build/icyphy/ptII/ptolemy/actor/lib/test/auto/DiscreteClock10.xml (RunModel)" time="0.013" />
  <testcase classname="ptolemy.util.test.junit.AutoTests" name="[116] /home/travis/build/icyphy/ptII/ptolemy/actor/lib/test/auto/DiscreteClock11.xml (RunModel)" time="0.01" />
  <testcase classname="ptolemy.util.test.junit.AutoTests" name="[117] /home/travis/build/icyphy/ptII/ptolemy/actor/lib/test/auto/DiscreteClock12.xml (RunModel)" time="0.012" />
  <testcase classname="ptolemy.util.test.junit.AutoTests" name="[118] /home/travis/build/icyphy/ptII/ptolemy/actor/lib/test/auto/DiscreteClock13.xml (RunModel)" time="0.015" />
  <testcase classname="ptolemy.util.test.junit.AutoTests" name="[119] /home/travis/build/icyphy/ptII/ptolemy/actor/lib/test/auto/DiscreteClock14.xml (RunModel)" time="0.012" />
  <testcase classname="ptolemy.util.test.junit.AutoTests" name="[120] /home/travis/build/icyphy/ptII/ptolemy/actor/lib/test/auto/DiscreteClock15.xml (RunModel)" time="0.013" />
  <testcase classname="ptolemy.util.test.junit.AutoTests" name="[121] /home/travis/build/icyphy/ptII/ptolemy/actor/lib/test/auto/DiscreteClock16.xml (RunModel)" time="0.042" />
  <testcase classname="ptolemy.util.test.junit.AutoTests" name="[122] /home/travis/build/icyphy/ptII/ptolemy/actor/lib/test/auto/DiscreteClock17.xml (RunModel)" time="0.038" />
  <testcase classname="ptolemy.util.test.junit.AutoTests" name="[123] /home/travis/build/icyphy/ptII/ptolemy/actor/lib/test/auto/DiscreteClock18.xml (RunModel)" time="0.04" />
  <testcase classname="ptolemy.util.test.junit.AutoTests" name="[124] /home/travis/build/icyphy/ptII/ptolemy/actor/lib/test/auto/DiscreteClock19.xml (RunModel)" time="0.046" />
  <testcase classname="ptolemy.util.test.junit.AutoTests" name="[125] /home/travis/build/icyphy/ptII/ptolemy/actor/lib/test/auto/DiscreteClock2.xml (RunModel)" time="0.011" />
  <testcase classname="ptolemy.util.test.junit.AutoTests" name="[126] /home/travis/build/icyphy/ptII/ptolemy/actor/lib/test/auto/DiscreteClock20.xml (RunModel)" time="0.017" />
  <testcase classname="ptolemy.util.test.junit.AutoTests" name="[127] /home/travis/build/icyphy/ptII/ptolemy/actor/lib/test/auto/DiscreteClock21.xml (RunModel)" time="0.038" />
  <testcase classname="ptolemy.util.test.junit.AutoTests" name="[128] /home/travis/build/icyphy/ptII/ptolemy/actor/lib/test/auto/DiscreteClock22.xml (RunModel)" time="0.016" />
  <testcase classname="ptolemy.util.test.junit.AutoTests" name="[129] /home/travis/build/icyphy/ptII/ptolemy/actor/lib/test/auto/DiscreteClock23.xml (RunModel)" time="0.02" />
  <testcase classname="ptolemy.util.test.junit.AutoTests" name="[130] /home/travis/build/icyphy/ptII/ptolemy/actor/lib/test/auto/DiscreteClock24.xml (RunModel)" time="0.012" />
  <testcase classname="ptolemy.util.test.junit.AutoTests" name="[131] /home/travis/build/icyphy/ptII/ptolemy/actor/lib/test/auto/DiscreteClock4.xml (RunModel)" time="0.01" />
  <testcase classname="ptolemy.util.test.junit.AutoTests" name="[132] /home/travis/build/icyphy/ptII/ptolemy/actor/lib/test/auto/DiscreteClock5.xml (RunModel)" time="0.007" />
  <testcase classname="ptolemy.util.test.junit.AutoTests" name="[133] /home/travis/build/icyphy/ptII/ptolemy/actor/lib/test/auto/DiscreteClock6.xml (RunModel)" time="0.009" />
  <testcase classname="ptolemy.util.test.junit.AutoTests" name="[134] /home/travis/build/icyphy/ptII/ptolemy/actor/lib/test/auto/DiscreteClock7.xml (RunModel)" time="0.009" />
  <testcase classname="ptolemy.util.test.junit.AutoTests" name="[135] /home/travis/build/icyphy/ptII/ptolemy/actor/lib/test/auto/DiscreteClock8.xml (RunModel)" time="0.011" />
  <testcase classname="ptolemy.util.test.junit.AutoTests" name="[136] /home/travis/build/icyphy/ptII/ptolemy/actor/lib/test/auto/DiscreteClock9.xml (RunModel)" time="0.011" />
  <testcase classname="ptolemy.util.test.junit.AutoTests" name="[137] /home/travis/build/icyphy/ptII/ptolemy/actor/lib/test/auto/DisplayArray.xml (RunModel)" time="0.026" />
  <testcase classname="ptolemy.util.test.junit.AutoTests" name="[138] /home/travis/build/icyphy/ptII/ptolemy/actor/lib/test/auto/Distributor.xml (RunModel)" time="0.009" />
  <testcase classname="ptolemy.util.test.junit.AutoTests" name="[139] /home/travis/build/icyphy/ptII/ptolemy/actor/lib/test/auto/Distributor2.xml (RunModel)" time="0.01" />
  <testcase classname="ptolemy.util.test.junit.AutoTests" name="[140] /home/travis/build/icyphy/ptII/ptolemy/actor/lib/test/auto/DownSample.xml (RunModel)" time="0.009" />
  <testcase classname="ptolemy.util.test.junit.AutoTests" name="[141] /home/travis/build/icyphy/ptII/ptolemy/actor/lib/test/auto/ElectronicUnitBase1.xml (RunModel)" time="0.069" />
  <testcase classname="ptolemy.util.test.junit.AutoTests" name="[142] /home/travis/build/icyphy/ptII/ptolemy/actor/lib/test/auto/ElementsToArray.xml (RunModel)" time="0.009" />
  <testcase classname="ptolemy.util.test.junit.AutoTests" name="[143] /home/travis/build/icyphy/ptII/ptolemy/actor/lib/test/auto/Equals.xml (RunModel)" time="0.012" />
  <testcase classname="ptolemy.util.test.junit.AutoTests" name="[144] /home/travis/build/icyphy/ptII/ptolemy/actor/lib/test/auto/Exec.xml (RunModel)" time="0.024" />
  <testcase classname="ptolemy.util.test.junit.AutoTests" name="[145] /home/travis/build/icyphy/ptII/ptolemy/actor/lib/test/auto/ExecEnvironment.xml (RunModel)" time="0.04" />
  <testcase classname="ptolemy.util.test.junit.AutoTests" name="[146] /home/travis/build/icyphy/ptII/ptolemy/actor/lib/test/auto/ExecNonZeroReturnOutput.xml (RunModel)" time="0.174" />
  <testcase classname="ptolemy.util.test.junit.AutoTests" name="[147] /home/travis/build/icyphy/ptII/ptolemy/actor/lib/test/auto/ExecRunDemos.xml (RunModel)" time="10.559" />
  <testcase classname="ptolemy.util.test.junit.AutoTests" name="[148] /home/travis/build/icyphy/ptII/ptolemy/actor/lib/test/auto/ExecStop.xml (RunModel)" time="5.038" />
  <testcase classname="ptolemy.util.test.junit.AutoTests" name="[149] /home/travis/build/icyphy/ptII/ptolemy/actor/lib/test/auto/ExecutionTimeSDF.xml (RunModel)" time="6.039" />
  <testcase classname="ptolemy.util.test.junit.AutoTests" name="[150] /home/travis/build/icyphy/ptII/ptolemy/actor/lib/test/auto/Expression1.xml (RunModel)" time="0.014" />
  <testcase classname="ptolemy.util.test.junit.AutoTests" name="[151] /home/travis/build/icyphy/ptII/ptolemy/actor/lib/test/auto/Expression10.xml (RunModel)" time="0.015" />
  <testcase classname="ptolemy.util.test.junit.AutoTests" name="[152] /home/travis/build/icyphy/ptII/ptolemy/actor/lib/test/auto/Expression11.xml (RunModel)" time="0.009" />
  <testcase classname="ptolemy.util.test.junit.AutoTests" name="[153] /home/travis/build/icyphy/ptII/ptolemy/actor/lib/test/auto/Expression12.xml (RunModel)" time="0.018" />
  <testcase classname="ptolemy.util.test.junit.AutoTests" name="[154] /home/travis/build/icyphy/ptII/ptolemy/actor/lib/test/auto/Expression13.xml (RunModel)" time="0.01" />
  <testcase classname="ptolemy.util.test.junit.AutoTests" name="[155] /home/travis/build/icyphy/ptII/ptolemy/actor/lib/test/auto/Expression14.xml (RunModel)" time="0.012" />
  <testcase classname="ptolemy.util.test.junit.AutoTests" name="[156] /home/travis/build/icyphy/ptII/ptolemy/actor/lib/test/auto/Expression15.xml (RunModel)" time="0.007" />
  <testcase classname="ptolemy.util.test.junit.AutoTests" name="[157] /home/travis/build/icyphy/ptII/ptolemy/actor/lib/test/auto/Expression16.xml (RunModel)" time="0.01" />
  <testcase classname="ptolemy.util.test.junit.AutoTests" name="[158] /home/travis/build/icyphy/ptII/ptolemy/actor/lib/test/auto/Expression17.xml (RunModel)" time="0.009" />
  <testcase classname="ptolemy.util.test.junit.AutoTests" name="[159] /home/travis/build/icyphy/ptII/ptolemy/actor/lib/test/auto/Expression18.xml (RunModel)" time="0.018" />
  <testcase classname="ptolemy.util.test.junit.AutoTests" name="[160] /home/travis/build/icyphy/ptII/ptolemy/actor/lib/test/auto/Expression2.xml (RunModel)" time="0.014" />
  <testcase classname="ptolemy.util.test.junit.AutoTests" name="[161] /home/travis/build/icyphy/ptII/ptolemy/actor/lib/test/auto/Expression3.xml (RunModel)" time="0.011" />
  <testcase classname="ptolemy.util.test.junit.AutoTests" name="[162] /home/travis/build/icyphy/ptII/ptolemy/actor/lib/test/auto/Expression4.xml (RunModel)" time="0.02" />
  <testcase classname="ptolemy.util.test.junit.AutoTests" name="[163] /home/travis/build/icyphy/ptII/ptolemy/actor/lib/test/auto/Expression5.xml (RunModel)" time="0.012" />
  <testcase classname="ptolemy.util.test.junit.AutoTests" name="[164] /home/travis/build/icyphy/ptII/ptolemy/actor/lib/test/auto/Expression6.xml (RunModel)" time="0.007" />
  <testcase classname="ptolemy.util.test.junit.AutoTests" name="[165] /home/travis/build/icyphy/ptII/ptolemy/actor/lib/test/auto/Expression7.xml (RunModel)" time="0.008" />
  <testcase classname="ptolemy.util.test.junit.AutoTests" name="[166] /home/travis/build/icyphy/ptII/ptolemy/actor/lib/test/auto/Expression8.xml (RunModel)" time="0.012" />
  <testcase classname="ptolemy.util.test.junit.AutoTests" name="[167] /home/travis/build/icyphy/ptII/ptolemy/actor/lib/test/auto/Expression9.xml (RunModel)" time="0.006" />
  <testcase classname="ptolemy.util.test.junit.AutoTests" name="[168] /home/travis/build/icyphy/ptII/ptolemy/actor/lib/test/auto/ExpressionConcatenateArrayType.xml (RunModel)" time="0.037" />
  <testcase classname="ptolemy.util.test.junit.AutoTests" name="[169] /home/travis/build/icyphy/ptII/ptolemy/actor/lib/test/auto/ExpressionConcatenateArrayType2.xml (RunModel)" time="0.021" />
  <testcase classname="ptolemy.util.test.junit.AutoTests" name="[170] /home/travis/build/icyphy/ptII/ptolemy/actor/lib/test/auto/ExpressionFix.xml (RunModel)" time="0.04" />
  <testcase classname="ptolemy.util.test.junit.AutoTests" name="[171] /home/travis/build/icyphy/ptII/ptolemy/actor/lib/test/auto/ExpressionFix2.xml (RunModel)" time="0.01" />
  <testcase classname="ptolemy.util.test.junit.AutoTests" name="[172] /home/travis/build/icyphy/ptII/ptolemy/actor/lib/test/auto/ExpressionFix3.xml (RunModel)" time="0.01" />
  <testcase classname="ptolemy.util.test.junit.AutoTests" name="[173] /home/travis/build/icyphy/ptII/ptolemy/actor/lib/test/auto/FileWriter1.xml (RunModel)" time="0.009" />
  <testcase classname="ptolemy.util.test.junit.AutoTests" name="[174] /home/travis/build/icyphy/ptII/ptolemy/actor/lib/test/auto/FileWriter2.xml (RunModel)" time="0.017" />
  <testcase classname="ptolemy.util.test.junit.AutoTests" name="[175] /home/travis/build/icyphy/ptII/ptolemy/actor/lib/test/auto/FileWriter3.xml (RunModel)" time="0.013" />
  <testcase classname="ptolemy.util.test.junit.AutoTests" name="[176] /home/travis/build/icyphy/ptII/ptolemy/actor/lib/test/auto/Gaussian.xml (RunModel)" time="0.011" />
  <testcase classname="ptolemy.util.test.junit.AutoTests" name="[177] /home/travis/build/icyphy/ptII/ptolemy/actor/lib/test/auto/Gaussian1.xml (RunModel)" time="0.01" />
  <testcase classname="ptolemy.util.test.junit.AutoTests" name="[178] /home/travis/build/icyphy/ptII/ptolemy/actor/lib/test/auto/Gaussian2.xml (RunModel)" time="0.02" />
  <testcase classname="ptolemy.util.test.junit.AutoTests" name="[179] /home/travis/build/icyphy/ptII/ptolemy/actor/lib/test/auto/GradientAdaptiveLattice.xml (RunModel)" time="0.013" />
  <testcase classname="ptolemy.util.test.junit.AutoTests" name="[180] /home/travis/build/icyphy/ptII/ptolemy/actor/lib/test/auto/IIR.xml (RunModel)" time="0.007" />
  <testcase classname="ptolemy.util.test.junit.AutoTests" name="[181] /home/travis/build/icyphy/ptII/ptolemy/actor/lib/test/auto/InputOutputTransparentPorts.xml (RunModel)" time="0.014" />
  <testcase classname="ptolemy.util.test.junit.AutoTests" name="[182] /home/travis/build/icyphy/ptII/ptolemy/actor/lib/test/auto/Interpolator.xml (RunModel)" time="0.011" />
  <testcase classname="ptolemy.util.test.junit.AutoTests" name="[183] /home/travis/build/icyphy/ptII/ptolemy/actor/lib/test/auto/InterpolatorFiringLimitDE.xml (RunModel)" time="0.01" />
  <testcase classname="ptolemy.util.test.junit.AutoTests" name="[184] /home/travis/build/icyphy/ptII/ptolemy/actor/lib/test/auto/Lattice.xml (RunModel)" time="0.006" />
  <testcase classname="ptolemy.util.test.junit.AutoTests" name="[185] /home/travis/build/icyphy/ptII/ptolemy/actor/lib/test/auto/LazyAOCTestLazy.xml (RunModel)" time="0.028" />
  <testcase classname="ptolemy.util.test.junit.AutoTests" name="[186] /home/travis/build/icyphy/ptII/ptolemy/actor/lib/test/auto/LazyAOCTestNonLazy.xml (RunModel)" time="0.046" />
  <testcase classname="ptolemy.util.test.junit.AutoTests" name="[187] /home/travis/build/icyphy/ptII/ptolemy/actor/lib/test/auto/LazyInnerClass.xml (RunModel)" time="0.043" />
  <testcase classname="ptolemy.util.test.junit.AutoTests" name="[188] /home/travis/build/icyphy/ptII/ptolemy/actor/lib/test/auto/LazyPubSub.xml (RunModel)" time="0.054" />
  <testcase classname="ptolemy.util.test.junit.AutoTests" name="[189] /home/travis/build/icyphy/ptII/ptolemy/actor/lib/test/auto/LazyPubSub2.xml (RunModel)" time="0.028" />
  <testcase classname="ptolemy.util.test.junit.AutoTests" name="[190] /home/travis/build/icyphy/ptII/ptolemy/actor/lib/test/auto/LazyPubSub3.xml (RunModel)" time="0.026" />
  <testcase classname="ptolemy.util.test.junit.AutoTests" name="[191] /home/travis/build/icyphy/ptII/ptolemy/actor/lib/test/auto/LazySubClassModel.xml (RunModel)" time="0.019" />
  <testcase classname="ptolemy.util.test.junit.AutoTests" name="[192] /home/travis/build/icyphy/ptII/ptolemy/actor/lib/test/auto/LevelCrossTest1.xml (RunModel)" time="0.009" />
  <testcase classname="ptolemy.util.test.junit.AutoTests" name="[193] /home/travis/build/icyphy/ptII/ptolemy/actor/lib/test/auto/LevelCrossTest10.xml (RunModel)" time="0.014" />
  <testcase classname="ptolemy.util.test.junit.AutoTests" name="[194] /home/travis/build/icyphy/ptII/ptolemy/actor/lib/test/auto/LevelCrossTest11.xml (RunModel)" time="0.014" />
  <testcase classname="ptolemy.util.test.junit.AutoTests" name="[195] /home/travis/build/icyphy/ptII/ptolemy/actor/lib/test/auto/LevelCrossTest12.xml (RunModel)" time="0.015" />
  <testcase classname="ptolemy.util.test.junit.AutoTests" name="[196] /home/travis/build/icyphy/ptII/ptolemy/actor/lib/test/auto/LevelCrossTest13.xml (RunModel)" time="0.012" />
  <testcase classname="ptolemy.util.test.junit.AutoTests" name="[197] /home/travis/build/icyphy/ptII/ptolemy/actor/lib/test/auto/LevelCrossTest2.xml (RunModel)" time="0.01" />
  <testcase classname="ptolemy.util.test.junit.AutoTests" name="[198] /home/travis/build/icyphy/ptII/ptolemy/actor/lib/test/auto/LevelCrossTest3.xml (RunModel)" time="0.013" />
  <testcase classname="ptolemy.util.test.junit.AutoTests" name="[199] /home/travis/build/icyphy/ptII/ptolemy/actor/lib/test/auto/LevelCrossTest4.xml (RunModel)" time="0.01" />
  <testcase classname="ptolemy.util.test.junit.AutoTests" name="[200] /home/travis/build/icyphy/ptII/ptolemy/actor/lib/test/auto/LevelCrossTest5.xml (RunModel)" time="0.013" />
  <testcase classname="ptolemy.util.test.junit.AutoTests" name="[201] /home/travis/build/icyphy/ptII/ptolemy/actor/lib/test/auto/LevelCrossTest6.xml (RunModel)" time="0.016" />
  <testcase classname="ptolemy.util.test.junit.AutoTests" name="[202] /home/travis/build/icyphy/ptII/ptolemy/actor/lib/test/auto/LevelCrossTest7.xml (RunModel)" time="0.013" />
  <testcase classname="ptolemy.util.test.junit.AutoTests" name="[203] /home/travis/build/icyphy/ptII/ptolemy/actor/lib/test/auto/LevelCrossTest8.xml (RunModel)" time="0.012" />
  <testcase classname="ptolemy.util.test.junit.AutoTests" name="[204] /home/travis/build/icyphy/ptII/ptolemy/actor/lib/test/auto/LevelCrossTest9.xml (RunModel)" time="0.014" />
  <testcase classname="ptolemy.util.test.junit.AutoTests" name="[205] /home/travis/build/icyphy/ptII/ptolemy/actor/lib/test/auto/LevinsonDurbin.xml (RunModel)" time="0.009" />
  <testcase classname="ptolemy.util.test.junit.AutoTests" name="[206] /home/travis/build/icyphy/ptII/ptolemy/actor/lib/test/auto/LevinsonDurbin2.xml (RunModel)" time="0.008" />
  <testcase classname="ptolemy.util.test.junit.AutoTests" name="[207] /home/travis/build/icyphy/ptII/ptolemy/actor/lib/test/auto/LevinsonDurbin3.xml (RunModel)" time="0.011" />
  <testcase classname="ptolemy.util.test.junit.AutoTests" name="[208] /home/travis/build/icyphy/ptII/ptolemy/actor/lib/test/auto/Limiter.xml (RunModel)" time="0.036" />
  <testcase classname="ptolemy.util.test.junit.AutoTests" name="[209] /home/travis/build/icyphy/ptII/ptolemy/actor/lib/test/auto/LinearDifferenceEquationSystem.xml (RunModel)" time="0.019" />
  <testcase classname="ptolemy.util.test.junit.AutoTests" name="[210] /home/travis/build/icyphy/ptII/ptolemy/actor/lib/test/auto/LookupTable.xml (RunModel)" time="0.008" />
  <testcase classname="ptolemy.util.test.junit.AutoTests" name="[211] /home/travis/build/icyphy/ptII/ptolemy/actor/lib/test/auto/MathFunction.xml (RunModel)" time="0.017" />
  <testcase classname="ptolemy.util.test.junit.AutoTests" name="[212] /home/travis/build/icyphy/ptII/ptolemy/actor/lib/test/auto/MathFunction2.xml (RunModel)" time="0.018" />
  <testcase classname="ptolemy.util.test.junit.AutoTests" name="[213] /home/travis/build/icyphy/ptII/ptolemy/actor/lib/test/auto/MathFunction3.xml (RunModel)" time="0.018" />
  <testcase classname="ptolemy.util.test.junit.AutoTests" name="[214] /home/travis/build/icyphy/ptII/ptolemy/actor/lib/test/auto/MatrixCropBoolean.xml (RunModel)" time="0.009" />
  <testcase classname="ptolemy.util.test.junit.AutoTests" name="[215] /home/travis/build/icyphy/ptII/ptolemy/actor/lib/test/auto/MatrixCropComplex.xml (RunModel)" time="0.007" />
  <testcase classname="ptolemy.util.test.junit.AutoTests" name="[216] /home/travis/build/icyphy/ptII/ptolemy/actor/lib/test/auto/MatrixCropDouble.xml (RunModel)" time="0.007" />
  <testcase classname="ptolemy.util.test.junit.AutoTests" name="[217] /home/travis/build/icyphy/ptII/ptolemy/actor/lib/test/auto/MatrixCropFix.xml (RunModel)" time="0.008" />
  <testcase classname="ptolemy.util.test.junit.AutoTests" name="[218] /home/travis/build/icyphy/ptII/ptolemy/actor/lib/test/auto/MatrixCropInt.xml (RunModel)" time="0.008" />
  <testcase classname="ptolemy.util.test.junit.AutoTests" name="[219] /home/travis/build/icyphy/ptII/ptolemy/actor/lib/test/auto/MatrixCropLong.xml (RunModel)" time="0.007" />
  <testcase classname="ptolemy.util.test.junit.AutoTests" name="[220] /home/travis/build/icyphy/ptII/ptolemy/actor/lib/test/auto/MatrixToArray.xml (RunModel)" time="0.04" />
  <testcase classname="ptolemy.util.test.junit.AutoTests" name="[221] /home/travis/build/icyphy/ptII/ptolemy/actor/lib/test/auto/MaxIndex.xml (RunModel)" time="0.012" />
  <testcase classname="ptolemy.util.test.junit.AutoTests" name="[222] /home/travis/build/icyphy/ptII/ptolemy/actor/lib/test/auto/Maximum.xml (RunModel)" time="0.012" />
  <testcase classname="ptolemy.util.test.junit.AutoTests" name="[223] /home/travis/build/icyphy/ptII/ptolemy/actor/lib/test/auto/MaximumComplex.xml (RunModel)" time="0.011" />
  <testcase classname="ptolemy.util.test.junit.AutoTests" name="[224] /home/travis/build/icyphy/ptII/ptolemy/actor/lib/test/auto/MethodCallTest.xml (RunModel)" time="0.016" />
  <testcase classname="ptolemy.util.test.junit.AutoTests" name="[225] /home/travis/build/icyphy/ptII/ptolemy/actor/lib/test/auto/Minimum.xml (RunModel)" time="0.011" />
  <testcase classname="ptolemy.util.test.junit.AutoTests" name="[226] /home/travis/build/icyphy/ptII/ptolemy/actor/lib/test/auto/MinimumComplex.xml (RunModel)" time="0.016" />
  <testcase classname="ptolemy.util.test.junit.AutoTests" name="[227] /home/travis/build/icyphy/ptII/ptolemy/actor/lib/test/auto/MinimumMultiports.xml (RunModel)" time="0.017" />
  <testcase classname="ptolemy.util.test.junit.AutoTests" name="[228] /home/travis/build/icyphy/ptII/ptolemy/actor/lib/test/auto/ModifyDate.xml (RunModel)" time="0.038" />
  <testcase classname="ptolemy.util.test.junit.AutoTests" name="[229] /home/travis/build/icyphy/ptII/ptolemy/actor/lib/test/auto/ModifyDate2.xml (RunModel)" time="0.032" />
  <testcase classname="ptolemy.util.test.junit.AutoTests" name="[230] /home/travis/build/icyphy/ptII/ptolemy/actor/lib/test/auto/MovingAverage.xml (RunModel)" time="0.016" />
  <testcase classname="ptolemy.util.test.junit.AutoTests" name="[231] /home/travis/build/icyphy/ptII/ptolemy/actor/lib/test/auto/MovingMaximum.xml (RunModel)" time="0.01" />
  <testcase classname="ptolemy.util.test.junit.AutoTests" name="[232] /home/travis/build/icyphy/ptII/ptolemy/actor/lib/test/auto/MultipleLinksToSameRelation.xml (RunModel)" time="0.03" />
  <testcase classname="ptolemy.util.test.junit.AutoTests" name="[233] /home/travis/build/icyphy/ptII/ptolemy/actor/lib/test/auto/MultipleLinksToSameRelationDE.xml (RunModel)" time="0.008" />
  <testcase classname="ptolemy.util.test.junit.AutoTests" name="[234] /home/travis/build/icyphy/ptII/ptolemy/actor/lib/test/auto/Multiplexor.xml (RunModel)" time="0.014" />
  <testcase classname="ptolemy.util.test.junit.AutoTests" name="[235] /home/travis/build/icyphy/ptII/ptolemy/actor/lib/test/auto/Multiplexor1.xml (RunModel)" time="0.011" />
  <testcase classname="ptolemy.util.test.junit.AutoTests" name="[236] /home/travis/build/icyphy/ptII/ptolemy/actor/lib/test/auto/Multiplexor2.xml (RunModel)" time="0.012" />
  <testcase classname="ptolemy.util.test.junit.AutoTests" name="[237] /home/travis/build/icyphy/ptII/ptolemy/actor/lib/test/auto/Multiplexor3.xml (RunModel)" time="0.008" />
  <testcase classname="ptolemy.util.test.junit.AutoTests" name="[238] /home/travis/build/icyphy/ptII/ptolemy/actor/lib/test/auto/MultiplexorDE.xml (RunModel)" time="0.016" />
  <testcase classname="ptolemy.util.test.junit.AutoTests" name="[239] /home/travis/build/icyphy/ptII/ptolemy/actor/lib/test/auto/MultiportBroadcastTest.xml (RunModel)" time="0.088" />
  <testcase classname="ptolemy.util.test.junit.AutoTests" name="[240] /home/travis/build/icyphy/ptII/ptolemy/actor/lib/test/auto/MultiportOutHangDuringGetWidth.xml (RunModel)" time="0.03" />
  <testcase classname="ptolemy.util.test.junit.AutoTests" name="[241] /home/travis/build/icyphy/ptII/ptolemy/actor/lib/test/auto/NilToken.xml (RunModel)" time="0.014" />
  <testcase classname="ptolemy.util.test.junit.AutoTests" name="[242] /home/travis/build/icyphy/ptII/ptolemy/actor/lib/test/auto/NilTokenNonStrictTest.xml (RunModel)" time="0.011" />
  <testcase classname="ptolemy.util.test.junit.AutoTests" name="[243] /home/travis/build/icyphy/ptII/ptolemy/actor/lib/test/auto/NilTokenRecord.xml (RunModel)" time="0.027" />
  <testcase classname="ptolemy.util.test.junit.AutoTests" name="[244] /home/travis/build/icyphy/ptII/ptolemy/actor/lib/test/auto/NilTokenTypeTest.xml (RunModel)" time="0.024" />
  <testcase classname="ptolemy.util.test.junit.AutoTests" name="[245] /home/travis/build/icyphy/ptII/ptolemy/actor/lib/test/auto/ObjectToken1.xml (RunModel)" time="0.01" />
  <testcase classname="ptolemy.util.test.junit.AutoTests" name="[246] /home/travis/build/icyphy/ptII/ptolemy/actor/lib/test/auto/OrderedMerge.xml (RunModel)" time="0.016" />
  <testcase classname="ptolemy.util.test.junit.AutoTests" name="[247] /home/travis/build/icyphy/ptII/ptolemy/actor/lib/test/auto/OrderedRecordDisassembler.xml (RunModel)" time="0.018" />
  <testcase classname="ptolemy.util.test.junit.AutoTests" name="[248] /home/travis/build/icyphy/ptII/ptolemy/actor/lib/test/auto/OrderedRecordDisassembler2.xml (RunModel)" time="0.016" />
  <testcase classname="ptolemy.util.test.junit.AutoTests" name="[249] /home/travis/build/icyphy/ptII/ptolemy/actor/lib/test/auto/OrderedRecordUpdater.xml (RunModel)" time="0.01" />
  <testcase classname="ptolemy.util.test.junit.AutoTests" name="[250] /home/travis/build/icyphy/ptII/ptolemy/actor/lib/test/auto/OrderedRecordUpdater2.xml (RunModel)" time="0.014" />
  <testcase classname="ptolemy.util.test.junit.AutoTests" name="[251] /home/travis/build/icyphy/ptII/ptolemy/actor/lib/test/auto/PhaseUnwrap.xml (RunModel)" time="0.012" />
  <testcase classname="ptolemy.util.test.junit.AutoTests" name="[252] /home/travis/build/icyphy/ptII/ptolemy/actor/lib/test/auto/PoissonClock.xml (RunModel)" time="0.013" />
  <testcase classname="ptolemy.util.test.junit.AutoTests" name="[253] /home/travis/build/icyphy/ptII/ptolemy/actor/lib/test/auto/PoissonClock2.xml (RunModel)" time="0.006" />
  <testcase classname="ptolemy.util.test.junit.AutoTests" name="[254] /home/travis/build/icyphy/ptII/ptolemy/actor/lib/test/auto/PoissonClock3.xml (RunModel)" time="0.025" />
  <testcase classname="ptolemy.util.test.junit.AutoTests" name="[255] /home/travis/build/icyphy/ptII/ptolemy/actor/lib/test/auto/PubSubWithInitialTokens.xml (RunModel)" time="0.009" />
  <testcase classname="ptolemy.util.test.junit.AutoTests" name="[256] /home/travis/build/icyphy/ptII/ptolemy/actor/lib/test/auto/PubSubWithInitialTokens2.xml (RunModel)" time="0.01" />
  <testcase classname="ptolemy.util.test.junit.AutoTests" name="[257] /home/travis/build/icyphy/ptII/ptolemy/actor/lib/test/auto/PublisherClassNoParameter.xml (RunModel)" time="0.022" />
  <testcase classname="ptolemy.util.test.junit.AutoTests" name="[258] /home/travis/build/icyphy/ptII/ptolemy/actor/lib/test/auto/PublisherClassParameter.xml (RunModel)" time="0.018" />
  <testcase classname="ptolemy.util.test.junit.AutoTests" name="[259] /home/travis/build/icyphy/ptII/ptolemy/actor/lib/test/auto/PublisherNonStrictTest.xml (RunModel)" time="0.013" />
  <testcase classname="ptolemy.util.test.junit.AutoTests" name="[260] /home/travis/build/icyphy/ptII/ptolemy/actor/lib/test/auto/PublisherPort1.xml (RunModel)" time="0.019" />
  <testcase classname="ptolemy.util.test.junit.AutoTests" name="[261] /home/travis/build/icyphy/ptII/ptolemy/actor/lib/test/auto/PublisherPort2.xml (RunModel)" time="0.015" />
  <testcase classname="ptolemy.util.test.junit.AutoTests" name="[262] /home/travis/build/icyphy/ptII/ptolemy/actor/lib/test/auto/PublisherPort3.xml (RunModel)" time="0.01" />
  <testcase classname="ptolemy.util.test.junit.AutoTests" name="[263] /home/travis/build/icyphy/ptII/ptolemy/actor/lib/test/auto/PublisherPort4.xml (RunModel)" time="0.01" />
  <testcase classname="ptolemy.util.test.junit.AutoTests" name="[264] /home/travis/build/icyphy/ptII/ptolemy/actor/lib/test/auto/PublisherPort5.xml (RunModel)" time="0.011" />
  <testcase classname="ptolemy.util.test.junit.AutoTests" name="[265] /home/travis/build/icyphy/ptII/ptolemy/actor/lib/test/auto/PublisherPort5LookAlike.xml (RunModel)" time="0.015" />
  <testcase classname="ptolemy.util.test.junit.AutoTests" name="[266] /home/travis/build/icyphy/ptII/ptolemy/actor/lib/test/auto/PublisherPort6.xml (RunModel)" time="0.01" />
  <testcase classname="ptolemy.util.test.junit.AutoTests" name="[267] /home/travis/build/icyphy/ptII/ptolemy/actor/lib/test/auto/PublisherPort7.xml (RunModel)" time="0.013" />
  <testcase classname="ptolemy.util.test.junit.AutoTests" name="[268] /home/travis/build/icyphy/ptII/ptolemy/actor/lib/test/auto/PublisherPort8.xml (RunModel)" time="0.014" />
  <testcase classname="ptolemy.util.test.junit.AutoTests" name="[269] /home/travis/build/icyphy/ptII/ptolemy/actor/lib/test/auto/PublisherPortSubscriberChannelVariablesAOC2.xml (RunModel)" time="0.029" />
  <testcase classname="ptolemy.util.test.junit.AutoTests" name="[270] /home/travis/build/icyphy/ptII/ptolemy/actor/lib/test/auto/PublisherPortSubscriberOpaqueWidthInference.xml (RunModel)" time="0.034" />
  <testcase classname="ptolemy.util.test.junit.AutoTests" name="[271] /home/travis/build/icyphy/ptII/ptolemy/actor/lib/test/auto/PublisherPortSubscriberPortAdjacent.xml (RunModel)" time="0.016" />
  <testcase classname="ptolemy.util.test.junit.AutoTests" name="[272] /home/travis/build/icyphy/ptII/ptolemy/actor/lib/test/auto/PublisherPortSubscriberPortExpression.xml (RunModel)" time="0.013" />
  <testcase classname="ptolemy.util.test.junit.AutoTests" name="[273] /home/travis/build/icyphy/ptII/ptolemy/actor/lib/test/auto/PublisherPortSubscriberPortOpaqueD3Reverse.xml (RunModel)" time="0.034" />
  <testcase classname="ptolemy.util.test.junit.AutoTests" name="[274] /home/travis/build/icyphy/ptII/ptolemy/actor/lib/test/auto/PublisherPortSubscriberPortOpaqueWidthInference.xml (RunModel)" time="0.013" />
  <testcase classname="ptolemy.util.test.junit.AutoTests" name="[275] /home/travis/build/icyphy/ptII/ptolemy/actor/lib/test/auto/PublisherPortToplevelSubscriberPortAOC.xml (RunModel)" time="0.009" />
  <testcase classname="ptolemy.util.test.junit.AutoTests" name="[276] /home/travis/build/icyphy/ptII/ptolemy/actor/lib/test/auto/PublisherSubscriber.xml (RunModel)" time="0.012" />
  <testcase classname="ptolemy.util.test.junit.AutoTests" name="[277] /home/travis/build/icyphy/ptII/ptolemy/actor/lib/test/auto/PublisherSubscriber10.xml (RunModel)" time="0.017" />
  <testcase classname="ptolemy.util.test.junit.AutoTests" name="[278] /home/travis/build/icyphy/ptII/ptolemy/actor/lib/test/auto/PublisherSubscriber10InitialOutputs.xml (RunModel)" time="0.024" />
  <testcase classname="ptolemy.util.test.junit.AutoTests" name="[279] /home/travis/build/icyphy/ptII/ptolemy/actor/lib/test/auto/PublisherSubscriber11.xml (RunModel)" time="0.012" />
  <testcase classname="ptolemy.util.test.junit.AutoTests" name="[280] /home/travis/build/icyphy/ptII/ptolemy/actor/lib/test/auto/PublisherSubscriber12.xml (RunModel)" time="0.012" />
  <testcase classname="ptolemy.util.test.junit.AutoTests" name="[281] /home/travis/build/icyphy/ptII/ptolemy/actor/lib/test/auto/PublisherSubscriber13.xml (RunModel)" time="0.009" />
  <testcase classname="ptolemy.util.test.junit.AutoTests" name="[282] /home/travis/build/icyphy/ptII/ptolemy/actor/lib/test/auto/PublisherSubscriber14.xml (RunModel)" time="0.017" />
  <testcase classname="ptolemy.util.test.junit.AutoTests" name="[283] /home/travis/build/icyphy/ptII/ptolemy/actor/lib/test/auto/PublisherSubscriber2.xml (RunModel)" time="0.009" />
  <testcase classname="ptolemy.util.test.junit.AutoTests" name="[284] /home/travis/build/icyphy/ptII/ptolemy/actor/lib/test/auto/PublisherSubscriber3.xml (RunModel)" time="0.008" />
  <testcase classname="ptolemy.util.test.junit.AutoTests" name="[285] /home/travis/build/icyphy/ptII/ptolemy/actor/lib/test/auto/PublisherSubscriber4.xml (RunModel)" time="0.008" />
  <testcase classname="ptolemy.util.test.junit.AutoTests" name="[286] /home/travis/build/icyphy/ptII/ptolemy/actor/lib/test/auto/PublisherSubscriber5.xml (RunModel)" time="0.01" />
  <testcase classname="ptolemy.util.test.junit.AutoTests" name="[287] /home/travis/build/icyphy/ptII/ptolemy/actor/lib/test/auto/PublisherSubscriber6.xml (RunModel)" time="0.015" />
  <testcase classname="ptolemy.util.test.junit.AutoTests" name="[288] /home/travis/build/icyphy/ptII/ptolemy/actor/lib/test/auto/PublisherSubscriber7.xml (RunModel)" time="0.015" />
  <testcase classname="ptolemy.util.test.junit.AutoTests" name="[289] /home/travis/build/icyphy/ptII/ptolemy/actor/lib/test/auto/PublisherSubscriber8.xml (RunModel)" time="0.024" />
  <testcase classname="ptolemy.util.test.junit.AutoTests" name="[290] /home/travis/build/icyphy/ptII/ptolemy/actor/lib/test/auto/PublisherSubscriber9.xml (RunModel)" time="0.012" />
  <testcase classname="ptolemy.util.test.junit.AutoTests" name="[291] /home/travis/build/icyphy/ptII/ptolemy/actor/lib/test/auto/PublisherSubscriberAdjacent.xml (RunModel)" time="0.02" />
  <testcase classname="ptolemy.util.test.junit.AutoTests" name="[292] /home/travis/build/icyphy/ptII/ptolemy/actor/lib/test/auto/PublisherSubscriberChannelVariablesAOC2.xml (RunModel)" time="0.023" />
  <testcase classname="ptolemy.util.test.junit.AutoTests" name="[293] /home/travis/build/icyphy/ptII/ptolemy/actor/lib/test/auto/PublisherSubscriberD3.xml (RunModel)" time="0.01" />
  <testcase classname="ptolemy.util.test.junit.AutoTests" name="[294] /home/travis/build/icyphy/ptII/ptolemy/actor/lib/test/auto/PublisherSubscriberD3Reverse.xml (RunModel)" time="0.011" />
  <testcase classname="ptolemy.util.test.junit.AutoTests" name="[295] /home/travis/build/icyphy/ptII/ptolemy/actor/lib/test/auto/PublisherSubscriberExpression.xml (RunModel)" time="0.015" />
  <testcase classname="ptolemy.util.test.junit.AutoTests" name="[296] /home/travis/build/icyphy/ptII/ptolemy/actor/lib/test/auto/PublisherSubscriberOpaque.xml (RunModel)" time="0.013" />
  <testcase classname="ptolemy.util.test.junit.AutoTests" name="[297] /home/travis/build/icyphy/ptII/ptolemy/actor/lib/test/auto/PublisherSubscriberOpaqueD3.xml (RunModel)" time="0.021" />
  <testcase classname="ptolemy.util.test.junit.AutoTests" name="[298] /home/travis/build/icyphy/ptII/ptolemy/actor/lib/test/auto/PublisherSubscriberOpaqueD3Reverse.xml (RunModel)" time="0.018" />
  <testcase classname="ptolemy.util.test.junit.AutoTests" name="[299] /home/travis/build/icyphy/ptII/ptolemy/actor/lib/test/auto/PublisherSubscriberOpaqueWidthInference.xml (RunModel)" time="0.013" />
  <testcase classname="ptolemy.util.test.junit.AutoTests" name="[300] /home/travis/build/icyphy/ptII/ptolemy/actor/lib/test/auto/PublisherTestSubscriber.xml (RunModel)" time="0.014" />
  <testcase classname="ptolemy.util.test.junit.AutoTests" name="[301] /home/travis/build/icyphy/ptII/ptolemy/actor/lib/test/auto/PublisherToplevelSubscriberPortAOC.xml (RunModel)" time="0.01" />
  <testcase classname="ptolemy.util.test.junit.AutoTests" name="[302] /home/travis/build/icyphy/ptII/ptolemy/actor/lib/test/auto/PulseFiringLimitDE.xml (RunModel)" time="0.034" />
  <testcase classname="ptolemy.util.test.junit.AutoTests" name="[303] /home/travis/build/icyphy/ptII/ptolemy/actor/lib/test/auto/Ramp1.xml (RunModel)" time="0.005" />
  <testcase classname="ptolemy.util.test.junit.AutoTests" name="[304] /home/travis/build/icyphy/ptII/ptolemy/actor/lib/test/auto/RampFiringLimitDE.xml (RunModel)" time="0.01" />
  <testcase classname="ptolemy.util.test.junit.AutoTests" name="[305] /home/travis/build/icyphy/ptII/ptolemy/actor/lib/test/auto/RampFiringLimitSDF.xml (RunModel)" time="0.008" />
  <testcase classname="ptolemy.util.test.junit.AutoTests" name="[306] /home/travis/build/icyphy/ptII/ptolemy/actor/lib/test/auto/RandomInteger.xml (RunModel)" time="0.006" />
  <testcase classname="ptolemy.util.test.junit.AutoTests" name="[307] /home/travis/build/icyphy/ptII/ptolemy/actor/lib/test/auto/ReadFile1.xml (RunModel)" time="0.006" />
  <testcase classname="ptolemy.util.test.junit.AutoTests" name="[308] /home/travis/build/icyphy/ptII/ptolemy/actor/lib/test/auto/ReadFile2.xml (RunModel)" time="0.008" />
  <testcase classname="ptolemy.util.test.junit.AutoTests" name="[309] /home/travis/build/icyphy/ptII/ptolemy/actor/lib/test/auto/Reader.xml (RunModel)" time="0.014" />
  <testcase classname="ptolemy.util.test.junit.AutoTests" name="[310] /home/travis/build/icyphy/ptII/ptolemy/actor/lib/test/auto/RecordAssemblerDisplayNameTest.xml (RunModel)" time="3.624" />
  <testcase classname="ptolemy.util.test.junit.AutoTests" name="[311] /home/travis/build/icyphy/ptII/ptolemy/actor/lib/test/auto/RecordAssemblerTypeError.xml (RunModel)" time="0.032" />
  <testcase classname="ptolemy.util.test.junit.AutoTests" name="[312] /home/travis/build/icyphy/ptII/ptolemy/actor/lib/test/auto/RecordDisassember.xml (RunModel)" time="0.009" />
  <testcase classname="ptolemy.util.test.junit.AutoTests" name="[313] /home/travis/build/icyphy/ptII/ptolemy/actor/lib/test/auto/RecordDisassemberDisplayNameTest.xml (RunModel)" time="0.022" />
  <testcase classname="ptolemy.util.test.junit.AutoTests" name="[314] /home/travis/build/icyphy/ptII/ptolemy/actor/lib/test/auto/RecordDisassembler.xml (RunModel)" time="0.008" />
  <testcase classname="ptolemy.util.test.junit.AutoTests" name="[315] /home/travis/build/icyphy/ptII/ptolemy/actor/lib/test/auto/RecordDisassembler2.xml (RunModel)" time="0.027" />
  <testcase classname="ptolemy.util.test.junit.AutoTests" name="[316] /home/travis/build/icyphy/ptII/ptolemy/actor/lib/test/auto/RecordUpdater.xml (RunModel)" time="0.009" />
  <testcase classname="ptolemy.util.test.junit.AutoTests" name="[317] /home/travis/build/icyphy/ptII/ptolemy/actor/lib/test/auto/RecordUpdater2.xml (RunModel)" time="0.008" />
  <testcase classname="ptolemy.util.test.junit.AutoTests" name="[318] /home/travis/build/icyphy/ptII/ptolemy/actor/lib/test/auto/RecursiveLattice.xml (RunModel)" time="0.006" />
  <testcase classname="ptolemy.util.test.junit.AutoTests" name="[319] /home/travis/build/icyphy/ptII/ptolemy/actor/lib/test/auto/Router.xml (RunModel)" time="3.021" />
  <testcase classname="ptolemy.util.test.junit.AutoTests" name="[320] /home/travis/build/icyphy/ptII/ptolemy/actor/lib/test/auto/Router2.xml (RunModel)" time="3.026" />
  <testcase classname="ptolemy.util.test.junit.AutoTests" name="[321] /home/travis/build/icyphy/ptII/ptolemy/actor/lib/test/auto/RunningMaximum.xml (RunModel)" time="0.01" />
  <testcase classname="ptolemy.util.test.junit.AutoTests" name="[322] /home/travis/build/icyphy/ptII/ptolemy/actor/lib/test/auto/RunningMinimum.xml (RunModel)" time="0.008" />
  <testcase classname="ptolemy.util.test.junit.AutoTests" name="[323] /home/travis/build/icyphy/ptII/ptolemy/actor/lib/test/auto/Scale.xml (RunModel)" time="0.006" />
  <testcase classname="ptolemy.util.test.junit.AutoTests" name="[324] /home/travis/build/icyphy/ptII/ptolemy/actor/lib/test/auto/Scale2.xml (RunModel)" time="0.009" />
  <testcase classname="ptolemy.util.test.junit.AutoTests" name="[325] /home/travis/build/icyphy/ptII/ptolemy/actor/lib/test/auto/Scale3.xml (RunModel)" time="0.018" />
  <testcase classname="ptolemy.util.test.junit.AutoTests" name="[326] /home/travis/build/icyphy/ptII/ptolemy/actor/lib/test/auto/ScaleArray.xml (RunModel)" time="0.013" />
  <testcase classname="ptolemy.util.test.junit.AutoTests" name="[327] /home/travis/build/icyphy/ptII/ptolemy/actor/lib/test/auto/ScaleArray2.xml (RunModel)" time="0.007" />
  <testcase classname="ptolemy.util.test.junit.AutoTests" name="[328] /home/travis/build/icyphy/ptII/ptolemy/actor/lib/test/auto/ScaleMatrix.xml (RunModel)" time="0.125" />
  <testcase classname="ptolemy.util.test.junit.AutoTests" name="[329] /home/travis/build/icyphy/ptII/ptolemy/actor/lib/test/auto/Select.xml (RunModel)" time="0.012" />
  <testcase classname="ptolemy.util.test.junit.AutoTests" name="[330] /home/travis/build/icyphy/ptII/ptolemy/actor/lib/test/auto/Select2.xml (RunModel)" time="0.007" />
  <testcase classname="ptolemy.util.test.junit.AutoTests" name="[331] /home/travis/build/icyphy/ptII/ptolemy/actor/lib/test/auto/SequenceToArray2.xml (RunModel)" time="0.11" />
  <testcase classname="ptolemy.util.test.junit.AutoTests" name="[332] /home/travis/build/icyphy/ptII/ptolemy/actor/lib/test/auto/SequentialClock.xml (RunModel)" time="0.012" />
  <testcase classname="ptolemy.util.test.junit.AutoTests" name="[333] /home/travis/build/icyphy/ptII/ptolemy/actor/lib/test/auto/SetVariable.xml (RunModel)" time="0.008" />
  <testcase classname="ptolemy.util.test.junit.AutoTests" name="[334] /home/travis/build/icyphy/ptII/ptolemy/actor/lib/test/auto/SetVariable2.xml (RunModel)" time="0.012" />
  <testcase classname="ptolemy.util.test.junit.AutoTests" name="[335] /home/travis/build/icyphy/ptII/ptolemy/actor/lib/test/auto/SetVariable3.xml (RunModel)" time="0.016" />
  <testcase classname="ptolemy.util.test.junit.AutoTests" name="[336] /home/travis/build/icyphy/ptII/ptolemy/actor/lib/test/auto/SetVariable4.xml (RunModel)" time="0.026" />
  <testcase classname="ptolemy.util.test.junit.AutoTests" name="[337] /home/travis/build/icyphy/ptII/ptolemy/actor/lib/test/auto/SetVariable5.xml (RunModel)" time="0.029" />
  <testcase classname="ptolemy.util.test.junit.AutoTests" name="[338] /home/travis/build/icyphy/ptII/ptolemy/actor/lib/test/auto/Sinewave.xml (RunModel)" time="0.022" />
  <testcase classname="ptolemy.util.test.junit.AutoTests" name="[339] /home/travis/build/icyphy/ptII/ptolemy/actor/lib/test/auto/Sinewave2.xml (RunModel)" time="0.012" />
  <testcase classname="ptolemy.util.test.junit.AutoTests" name="[340] /home/travis/build/icyphy/ptII/ptolemy/actor/lib/test/auto/Sinewave3.xml (RunModel)" time="0.018" />
  <testcase classname="ptolemy.util.test.junit.AutoTests" name="[341] /home/travis/build/icyphy/ptII/ptolemy/actor/lib/test/auto/SingleEvent.xml (RunModel)" time="0.005" />
  <testcase classname="ptolemy.util.test.junit.AutoTests" name="[342] /home/travis/build/icyphy/ptII/ptolemy/actor/lib/test/auto/Sleep.xml (RunModel)" time="6.015" />
  <testcase classname="ptolemy.util.test.junit.AutoTests" name="[343] /home/travis/build/icyphy/ptII/ptolemy/actor/lib/test/auto/SleepMultipleFire.xml (RunModel)" time="1.023" />
  <testcase classname="ptolemy.util.test.junit.AutoTests" name="[344] /home/travis/build/icyphy/ptII/ptolemy/actor/lib/test/auto/StopDE.xml (RunModel)" time="0.016" />
  <testcase classname="ptolemy.util.test.junit.AutoTests" name="[345] /home/travis/build/icyphy/ptII/ptolemy/actor/lib/test/auto/StopSDF.xml (RunModel)" time="0.01" />
  <testcase classname="ptolemy.util.test.junit.AutoTests" name="[346] /home/travis/build/icyphy/ptII/ptolemy/actor/lib/test/auto/StringConstant.xml (RunModel)" time="0.013" />
  <testcase classname="ptolemy.util.test.junit.AutoTests" name="[347] /home/travis/build/icyphy/ptII/ptolemy/actor/lib/test/auto/SubscriberPortInitialValues1.xml (RunModel)" time="0.017" />
  <testcase classname="ptolemy.util.test.junit.AutoTests" name="[348] /home/travis/build/icyphy/ptII/ptolemy/actor/lib/test/auto/SubscriberPortInitialValues13.xml (RunModel)" time="0.022" />
  <testcase classname="ptolemy.util.test.junit.AutoTests" name="[349] /home/travis/build/icyphy/ptII/ptolemy/actor/lib/test/auto/SubscriberPortInitialValues14.xml (RunModel)" time="0.013" />
  <testcase classname="ptolemy.util.test.junit.AutoTests" name="[350] /home/travis/build/icyphy/ptII/ptolemy/actor/lib/test/auto/SubscriberPortInitialValues2.xml (RunModel)" time="0.041" />
  <testcase classname="ptolemy.util.test.junit.AutoTests" name="[351] /home/travis/build/icyphy/ptII/ptolemy/actor/lib/test/auto/SubscriberPortInitialValues3.xml (RunModel)" time="0.016" />
  <testcase classname="ptolemy.util.test.junit.AutoTests" name="[352] /home/travis/build/icyphy/ptII/ptolemy/actor/lib/test/auto/SubscriptionAggregator.xml (RunModel)" time="0.009" />
  <testcase classname="ptolemy.util.test.junit.AutoTests" name="[353] /home/travis/build/icyphy/ptII/ptolemy/actor/lib/test/auto/SubscriptionAggregator2.xml (RunModel)" time="0.009" />
  <testcase classname="ptolemy.util.test.junit.AutoTests" name="[354] /home/travis/build/icyphy/ptII/ptolemy/actor/lib/test/auto/SubscriptionAggregator3.xml (RunModel)" time="0.012" />
  <testcase classname="ptolemy.util.test.junit.AutoTests" name="[355] /home/travis/build/icyphy/ptII/ptolemy/actor/lib/test/auto/SubscriptionAggregatorMultiply.xml (RunModel)" time="0.011" />
  <testcase classname="ptolemy.util.test.junit.AutoTests" name="[356] /home/travis/build/icyphy/ptII/ptolemy/actor/lib/test/auto/SubscriptionAggregatorPortMultiply1.xml (RunModel)" time="0.01" />
  <testcase classname="ptolemy.util.test.junit.AutoTests" name="[357] /home/travis/build/icyphy/ptII/ptolemy/actor/lib/test/auto/Switch.xml (RunModel)" time="0.015" />
  <testcase classname="ptolemy.util.test.junit.AutoTests" name="[358] /home/travis/build/icyphy/ptII/ptolemy/actor/lib/test/auto/Switch2.xml (RunModel)" time="0.01" />
  <testcase classname="ptolemy.util.test.junit.AutoTests" name="[359] /home/travis/build/icyphy/ptII/ptolemy/actor/lib/test/auto/SwitchDE.xml (RunModel)" time="0.012" />
  <testcase classname="ptolemy.util.test.junit.AutoTests" name="[360] /home/travis/build/icyphy/ptII/ptolemy/actor/lib/test/auto/SynchronizerDE.xml (RunModel)" time="0.019" />
  <testcase classname="ptolemy.util.test.junit.AutoTests" name="[361] /home/travis/build/icyphy/ptII/ptolemy/actor/lib/test/auto/Test.xml (RunModel)" time="0.007" />
  <testcase classname="ptolemy.util.test.junit.AutoTests" name="[362] /home/travis/build/icyphy/ptII/ptolemy/actor/lib/test/auto/TestExceptionAttribute1.xml (RunModel)" time="0.006" />
  <testcase classname="ptolemy.util.test.junit.AutoTests" name="[363] /home/travis/build/icyphy/ptII/ptolemy/actor/lib/test/auto/TestExceptionAttribute2.xml (RunModel)" time="0.007" />
  <testcase classname="ptolemy.util.test.junit.AutoTests" name="[364] /home/travis/build/icyphy/ptII/ptolemy/actor/lib/test/auto/TestExceptionAttribute3.xml (RunModel)" time="0.009" />
  <testcase classname="ptolemy.util.test.junit.AutoTests" name="[365] /home/travis/build/icyphy/ptII/ptolemy/actor/lib/test/auto/TestExceptionAttribute4.xml (RunModel)" time="0.007" />
  <testcase classname="ptolemy.util.test.junit.AutoTests" name="[366] /home/travis/build/icyphy/ptII/ptolemy/actor/lib/test/auto/TestExceptionHandler1.xml (RunModel)" time="0.006" />
  <testcase classname="ptolemy.util.test.junit.AutoTests" name="[367] /home/travis/build/icyphy/ptII/ptolemy/actor/lib/test/auto/TestExceptionHandler2.xml (RunModel)" time="0.01" />
  <testcase classname="ptolemy.util.test.junit.AutoTests" name="[368] /home/travis/build/icyphy/ptII/ptolemy/actor/lib/test/auto/TestExceptionHandler3.xml (RunModel)" time="0.004" />
  <testcase classname="ptolemy.util.test.junit.AutoTests" name="[369] /home/travis/build/icyphy/ptII/ptolemy/actor/lib/test/auto/TestExceptionHandler4.xml (RunModel)" time="0.004" />
  <testcase classname="ptolemy.util.test.junit.AutoTests" name="[370] /home/travis/build/icyphy/ptII/ptolemy/actor/lib/test/auto/TestRequireCorrectOrder.xml (RunModel)" time="0.014" />
  <testcase classname="ptolemy.util.test.junit.AutoTests" name="[371] /home/travis/build/icyphy/ptII/ptolemy/actor/lib/test/auto/TestSimple.xml (RunModel)" time="0.005" />
  <testcase classname="ptolemy.util.test.junit.AutoTests" name="[372] /home/travis/build/icyphy/ptII/ptolemy/actor/lib/test/auto/ThrowModelError.xml (RunModel)" time="0.008" />
  <testcase classname="ptolemy.util.test.junit.AutoTests" name="[373] /home/travis/build/icyphy/ptII/ptolemy/actor/lib/test/auto/TimeDelayMicrosteps.xml (RunModel)" time="0.01" />
  <testcase classname="ptolemy.util.test.junit.AutoTests" name="[374] /home/travis/build/icyphy/ptII/ptolemy/actor/lib/test/auto/TimeDelayMicrosteps2.xml (RunModel)" time="0.012" />
  <testcase classname="ptolemy.util.test.junit.AutoTests" name="[375] /home/travis/build/icyphy/ptII/ptolemy/actor/lib/test/auto/TimeDelayMicrosteps3.xml (RunModel)" time="0.009" />
  <testcase classname="ptolemy.util.test.junit.AutoTests" name="[376] /home/travis/build/icyphy/ptII/ptolemy/actor/lib/test/auto/TimeDelayVariableMicrosteps.xml (RunModel)" time="0.009" />
  <testcase classname="ptolemy.util.test.junit.AutoTests" name="[377] /home/travis/build/icyphy/ptII/ptolemy/actor/lib/test/auto/TimeGap.xml (RunModel)" time="0.011" />
  <testcase classname="ptolemy.util.test.junit.AutoTests" name="[378] /home/travis/build/icyphy/ptII/ptolemy/actor/lib/test/auto/TimeGap2.xml (RunModel)" time="0.008" />
  <testcase classname="ptolemy.util.test.junit.AutoTests" name="[379] /home/travis/build/icyphy/ptII/ptolemy/actor/lib/test/auto/TimedSinewave.xml (RunModel)" time="0.037" />
  <testcase classname="ptolemy.util.test.junit.AutoTests" name="[380] /home/travis/build/icyphy/ptII/ptolemy/actor/lib/test/auto/TimedSinewavePhase.xml (RunModel)" time="0.035" />
  <testcase classname="ptolemy.util.test.junit.AutoTests" name="[381] /home/travis/build/icyphy/ptII/ptolemy/actor/lib/test/auto/Timer.xml (RunModel)" time="0.013" />
  <testcase classname="ptolemy.util.test.junit.AutoTests" name="[382] /home/travis/build/icyphy/ptII/ptolemy/actor/lib/test/auto/TriangularDistTestModel.xml (RunModel)" time="0.013" />
  <testcase classname="ptolemy.util.test.junit.AutoTests" name="[383] /home/travis/build/icyphy/ptII/ptolemy/actor/lib/test/auto/TrigFunction.xml (RunModel)" time="0.008" />
  <testcase classname="ptolemy.util.test.junit.AutoTests" name="[384] /home/travis/build/icyphy/ptII/ptolemy/actor/lib/test/auto/TrigFunctionDE.xml (RunModel)" time="0.008" />
  <testcase classname="ptolemy.util.test.junit.AutoTests" name="[385] /home/travis/build/icyphy/ptII/ptolemy/actor/lib/test/auto/TrigFunctionInverse.xml (RunModel)" time="0.007" />
  <testcase classname="ptolemy.util.test.junit.AutoTests" name="[386] /home/travis/build/icyphy/ptII/ptolemy/actor/lib/test/auto/TrigFunctionTan.xml (RunModel)" time="0.005" />
  <testcase classname="ptolemy.util.test.junit.AutoTests" name="[387] /home/travis/build/icyphy/ptII/ptolemy/actor/lib/test/auto/TriggeredClock.xml (RunModel)" time="0.011" />
  <testcase classname="ptolemy.util.test.junit.AutoTests" name="[388] /home/travis/build/icyphy/ptII/ptolemy/actor/lib/test/auto/URLDirectoryReader.xml (RunModel)" time="0.107" />
  <testcase classname="ptolemy.util.test.junit.AutoTests" name="[389] /home/travis/build/icyphy/ptII/ptolemy/actor/lib/test/auto/URLDirectoryReader3.xml (RunModel)" time="1.462" />
  <testcase classname="ptolemy.util.test.junit.AutoTests" name="[390] /home/travis/build/icyphy/ptII/ptolemy/actor/lib/test/auto/UnaryMathFunction.xml (RunModel)" time="0.025" />
  <testcase classname="ptolemy.util.test.junit.AutoTests" name="[391] /home/travis/build/icyphy/ptII/ptolemy/actor/lib/test/auto/Uniform.xml (RunModel)" time="0.009" />
  <testcase classname="ptolemy.util.test.junit.AutoTests" name="[392] /home/travis/build/icyphy/ptII/ptolemy/actor/lib/test/auto/UnionDisassemblerTest.xml (RunModel)" time="0.013" />
  <testcase classname="ptolemy.util.test.junit.AutoTests" name="[393] /home/travis/build/icyphy/ptII/ptolemy/actor/lib/test/auto/UtilityFunctions.xml (RunModel)" time="0.006" />
  <testcase classname="ptolemy.util.test.junit.AutoTests" name="[394] /home/travis/build/icyphy/ptII/ptolemy/actor/lib/test/auto/VariableSleep.xml (RunModel)" time="0.509" />
  <testcase classname="ptolemy.util.test.junit.AutoTests" name="[395] /home/travis/build/icyphy/ptII/ptolemy/actor/lib/test/auto/VectorAssemblerDisassemblerCT.xml (RunModel)" time="0.097" />
  <testcase classname="ptolemy.util.test.junit.AutoTests" name="[396] /home/travis/build/icyphy/ptII/ptolemy/actor/lib/test/auto/VectorAssemblerDisassemblerDE.xml (RunModel)" time="0.012" />
  <testcase classname="ptolemy.util.test.junit.AutoTests" name="[397] /home/travis/build/icyphy/ptII/ptolemy/actor/lib/test/auto/VectorAssemblerDisassemblerSDF.xml (RunModel)" time="0.01" />
  <testcase classname="ptolemy.util.test.junit.AutoTests" name="[398] /home/travis/build/icyphy/ptII/ptolemy/actor/lib/test/auto/WallClockTime.xml (RunModel)" time="1.01" />
  <testcase classname="ptolemy.util.test.junit.AutoTests" name="[399] /home/travis/build/icyphy/ptII/ptolemy/actor/lib/test/auto/WidthTestWithSubscriberPublisher.xml (RunModel)" time="0.038" />
  <testcase classname="ptolemy.util.test.junit.AutoTests" name="[400] /home/travis/build/icyphy/ptII/ptolemy/actor/lib/test/auto/WidthTestWithSubscriberPublisher2.xml (RunModel)" time="0.012" />
  <testcase classname="ptolemy.util.test.junit.AutoTests" name="[401] /home/travis/build/icyphy/ptII/ptolemy/actor/lib/test/auto/WidthTestWithSubscriberPublisher3.xml (RunModel)" time="0.009" />
  <testcase classname="ptolemy.util.test.junit.AutoTests" name="[402] /home/travis/build/icyphy/ptII/ptolemy/actor/lib/test/auto/Writer.xml (RunModel)" time="0.006" />
  <testcase classname="ptolemy.util.test.junit.AutoTests" name="[403] /home/travis/build/icyphy/ptII/ptolemy/actor/lib/test/auto/array.xml (RunModel)" time="0.018" />
  <testcase classname="ptolemy.util.test.junit.AutoTests" name="[404] /home/travis/build/icyphy/ptII/ptolemy/actor/lib/test/auto/array2.xml (RunModel)" time="0.025" />
  <testcase classname="ptolemy.util.test.junit.AutoTests" name="[405] /home/travis/build/icyphy/ptII/ptolemy/actor/lib/test/auto/arrayType.xml (RunModel)" time="0.008" />
  <testcase classname="ptolemy.util.test.junit.AutoTests" name="[406] /home/travis/build/icyphy/ptII/ptolemy/actor/lib/test/auto/arrayType10.xml (RunModel)" time="0.006" />
  <testcase classname="ptolemy.util.test.junit.AutoTests" name="[407] /home/travis/build/icyphy/ptII/ptolemy/actor/lib/test/auto/arrayType11.xml (RunModel)" time="0.007" />
  <testcase classname="ptolemy.util.test.junit.AutoTests" name="[408] /home/travis/build/icyphy/ptII/ptolemy/actor/lib/test/auto/arrayType12.xml (RunModel)" time="0.007" />
  <testcase classname="ptolemy.util.test.junit.AutoTests" name="[409] /home/travis/build/icyphy/ptII/ptolemy/actor/lib/test/auto/arrayType13.xml (RunModel)" time="0.007" />
  <testcase classname="ptolemy.util.test.junit.AutoTests" name="[410] /home/travis/build/icyphy/ptII/ptolemy/actor/lib/test/auto/arrayType14.xml (RunModel)" time="0.007" />
  <testcase classname="ptolemy.util.test.junit.AutoTests" name="[411] /home/travis/build/icyphy/ptII/ptolemy/actor/lib/test/auto/arrayType15.xml (RunModel)" time="0.009" />
  <testcase classname="ptolemy.util.test.junit.AutoTests" name="[412] /home/travis/build/icyphy/ptII/ptolemy/actor/lib/test/auto/arrayType16.xml (RunModel)" time="0.007" />
  <testcase classname="ptolemy.util.test.junit.AutoTests" name="[413] /home/travis/build/icyphy/ptII/ptolemy/actor/lib/test/auto/arrayType17.xml (RunModel)" time="0.007" />
  <testcase classname="ptolemy.util.test.junit.AutoTests" name="[414] /home/travis/build/icyphy/ptII/ptolemy/actor/lib/test/auto/arrayType18.xml (RunModel)" time="0.006" />
  <testcase classname="ptolemy.util.test.junit.AutoTests" name="[415] /home/travis/build/icyphy/ptII/ptolemy/actor/lib/test/auto/arrayType19.xml (RunModel)" time="0.005" />
  <testcase classname="ptolemy.util.test.junit.AutoTests" name="[416] /home/travis/build/icyphy/ptII/ptolemy/actor/lib/test/auto/arrayType2.xml (RunModel)" time="0.007" />
  <testcase classname="ptolemy.util.test.junit.AutoTests" name="[417] /home/travis/build/icyphy/ptII/ptolemy/actor/lib/test/auto/arrayType20.xml (RunModel)" time="0.007" />
  <testcase classname="ptolemy.util.test.junit.AutoTests" name="[418] /home/travis/build/icyphy/ptII/ptolemy/actor/lib/test/auto/arrayType21.xml (RunModel)" time="0.006" />
  <testcase classname="ptolemy.util.test.junit.AutoTests" name="[419] /home/travis/build/icyphy/ptII/ptolemy/actor/lib/test/auto/arrayType22.xml (RunModel)" time="0.007" />
  <testcase classname="ptolemy.util.test.junit.AutoTests" name="[420] /home/travis/build/icyphy/ptII/ptolemy/actor/lib/test/auto/arrayType23.xml (RunModel)" time="0.008" />
  <testcase classname="ptolemy.util.test.junit.AutoTests" name="[421] /home/travis/build/icyphy/ptII/ptolemy/actor/lib/test/auto/arrayType24.xml (RunModel)" time="0.007" />
  <testcase classname="ptolemy.util.test.junit.AutoTests" name="[422] /home/travis/build/icyphy/ptII/ptolemy/actor/lib/test/auto/arrayType25.xml (RunModel)" time="0.007" />
  <testcase classname="ptolemy.util.test.junit.AutoTests" name="[423] /home/travis/build/icyphy/ptII/ptolemy/actor/lib/test/auto/arrayType26.xml (RunModel)" time="0.006" />
  <testcase classname="ptolemy.util.test.junit.AutoTests" name="[424] /home/travis/build/icyphy/ptII/ptolemy/actor/lib/test/auto/arrayType27.xml (RunModel)" time="0.007" />
  <testcase classname="ptolemy.util.test.junit.AutoTests" name="[425] /home/travis/build/icyphy/ptII/ptolemy/actor/lib/test/auto/arrayType28.xml (RunModel)" time="0.008" />
  <testcase classname="ptolemy.util.test.junit.AutoTests" name="[426] /home/travis/build/icyphy/ptII/ptolemy/actor/lib/test/auto/arrayType3.xml (RunModel)" time="0.009" />
  <testcase classname="ptolemy.util.test.junit.AutoTests" name="[427] /home/travis/build/icyphy/ptII/ptolemy/actor/lib/test/auto/arrayType4.xml (RunModel)" time="0.007" />
  <testcase classname="ptolemy.util.test.junit.AutoTests" name="[428] /home/travis/build/icyphy/ptII/ptolemy/actor/lib/test/auto/arrayType5.xml (RunModel)" time="0.007" />
  <testcase classname="ptolemy.util.test.junit.AutoTests" name="[429] /home/travis/build/icyphy/ptII/ptolemy/actor/lib/test/auto/arrayType6.xml (RunModel)" time="0.006" />
  <testcase classname="ptolemy.util.test.junit.AutoTests" name="[430] /home/travis/build/icyphy/ptII/ptolemy/actor/lib/test/auto/arrayType7.xml (RunModel)" time="0.006" />
  <testcase classname="ptolemy.util.test.junit.AutoTests" name="[431] /home/travis/build/icyphy/ptII/ptolemy/actor/lib/test/auto/arrayType8.xml (RunModel)" time="0.021" />
  <testcase classname="ptolemy.util.test.junit.AutoTests" name="[432] /home/travis/build/icyphy/ptII/ptolemy/actor/lib/test/auto/arrayType9.xml (RunModel)" time="0.04" />
  <testcase classname="ptolemy.util.test.junit.AutoTests" name="[433] /home/travis/build/icyphy/ptII/ptolemy/actor/lib/test/auto/cast.xml (RunModel)" time="0.042" />
  <testcase classname="ptolemy.util.test.junit.AutoTests" name="[434] /home/travis/build/icyphy/ptII/ptolemy/actor/lib/test/auto/compositeMultiPort.xml (RunModel)" time="0.05" />
  <testcase classname="ptolemy.util.test.junit.AutoTests" name="[435] /home/travis/build/icyphy/ptII/ptolemy/actor/lib/test/auto/expressionCastInference.xml (RunModel)" time="0.052" />
  <testcase classname="ptolemy.util.test.junit.AutoTests" name="[436] /home/travis/build/icyphy/ptII/ptolemy/actor/lib/test/auto/expressionCastInference2.xml (RunModel)" time="0.036" />
  <testcase classname="ptolemy.util.test.junit.AutoTests" name="[437] /home/travis/build/icyphy/ptII/ptolemy/actor/lib/test/auto/expressionInference.xml (RunModel)" time="0.023" />
  <testcase classname="ptolemy.util.test.junit.AutoTests" name="[438] /home/travis/build/icyphy/ptII/ptolemy/actor/lib/test/auto/expression_bug.xml (RunModel)" time="0.011" />
  <testcase classname="ptolemy.util.test.junit.AutoTests" name="[439] /home/travis/build/icyphy/ptII/ptolemy/actor/lib/test/auto/factorial.xml (RunModel)" time="0.044" />
  <testcase classname="ptolemy.util.test.junit.AutoTests" name="[440] /home/travis/build/icyphy/ptII/ptolemy/actor/lib/test/auto/filterTest1.xml (RunModel)" time="0.012" />
  <testcase classname="ptolemy.util.test.junit.AutoTests" name="[441] /home/travis/build/icyphy/ptII/ptolemy/actor/lib/test/auto/funcApplyInConst.xml (RunModel)" time="0.005" />
  <testcase classname="ptolemy.util.test.junit.AutoTests" name="[442] /home/travis/build/icyphy/ptII/ptolemy/actor/lib/test/auto/funcApplyInExpr.xml (RunModel)" time="0.006" />
  <testcase classname="ptolemy.util.test.junit.AutoTests" name="[443] /home/travis/build/icyphy/ptII/ptolemy/actor/lib/test/auto/function.xml (RunModel)" time="0.008" />
  <testcase classname="ptolemy.util.test.junit.AutoTests" name="[444] /home/travis/build/icyphy/ptII/ptolemy/actor/lib/test/auto/function2.xml (RunModel)" time="0.007" />
  <testcase classname="ptolemy.util.test.junit.AutoTests" name="[445] /home/travis/build/icyphy/ptII/ptolemy/actor/lib/test/auto/function3.xml (RunModel)" time="0.005" />
  <testcase classname="ptolemy.util.test.junit.AutoTests" name="[446] /home/travis/build/icyphy/ptII/ptolemy/actor/lib/test/auto/functionClosureTest1.xml (RunModel)" time="0.009" />
  <testcase classname="ptolemy.util.test.junit.AutoTests" name="[447] /home/travis/build/icyphy/ptII/ptolemy/actor/lib/test/auto/functionClosureTest2.xml (RunModel)" time="0.005" />
  <testcase classname="ptolemy.util.test.junit.AutoTests" name="[448] /home/travis/build/icyphy/ptII/ptolemy/actor/lib/test/auto/functionClosureTest3.xml (RunModel)" time="0.007" />
  <testcase classname="ptolemy.util.test.junit.AutoTests" name="[449] /home/travis/build/icyphy/ptII/ptolemy/actor/lib/test/auto/functionClosureTest4.xml (RunModel)" time="0.01" />
  <testcase classname="ptolemy.util.test.junit.AutoTests" name="[450] /home/travis/build/icyphy/ptII/ptolemy/actor/lib/test/auto/functionClosureTest5.xml (RunModel)" time="0.011" />
  <testcase classname="ptolemy.util.test.junit.AutoTests" name="[451] /home/travis/build/icyphy/ptII/ptolemy/actor/lib/test/auto/functionClosureTest6.xml (RunModel)" time="0.006" />
  <testcase classname="ptolemy.util.test.junit.AutoTests" name="[452] /home/travis/build/icyphy/ptII/ptolemy/actor/lib/test/auto/functionsOnArcs.xml (RunModel)" time="0.008" />
  <testcase classname="ptolemy.util.test.junit.AutoTests" name="[453] /home/travis/build/icyphy/ptII/ptolemy/actor/lib/test/auto/functionsOnArcsHOF.xml (RunModel)" time="0.009" />
  <testcase classname="ptolemy.util.test.junit.AutoTests" name="[454] /home/travis/build/icyphy/ptII/ptolemy/actor/lib/test/auto/logic.xml (RunModel)" time="0.013" />
  <testcase classname="ptolemy.util.test.junit.AutoTests" name="[455] /home/travis/build/icyphy/ptII/ptolemy/actor/lib/test/auto/matrixType.xml (RunModel)" time="0.007" />
  <testcase classname="ptolemy.util.test.junit.AutoTests" name="[456] /home/travis/build/icyphy/ptII/ptolemy/actor/lib/test/auto/matrixType10.xml (RunModel)" time="0.007" />
  <testcase classname="ptolemy.util.test.junit.AutoTests" name="[457] /home/travis/build/icyphy/ptII/ptolemy/actor/lib/test/auto/matrixType11.xml (RunModel)" time="0.006" />
  <testcase classname="ptolemy.util.test.junit.AutoTests" name="[458] /home/travis/build/icyphy/ptII/ptolemy/actor/lib/test/auto/matrixType12.xml (RunModel)" time="0.009" />
  <testcase classname="ptolemy.util.test.junit.AutoTests" name="[459] /home/travis/build/icyphy/ptII/ptolemy/actor/lib/test/auto/matrixType13.xml (RunModel)" time="0.007" />
  <testcase classname="ptolemy.util.test.junit.AutoTests" name="[460] /home/travis/build/icyphy/ptII/ptolemy/actor/lib/test/auto/matrixType14.xml (RunModel)" time="0.007" />
  <testcase classname="ptolemy.util.test.junit.AutoTests" name="[461] /home/travis/build/icyphy/ptII/ptolemy/actor/lib/test/auto/matrixType2.xml (RunModel)" time="0.006" />
  <testcase classname="ptolemy.util.test.junit.AutoTests" name="[462] /home/travis/build/icyphy/ptII/ptolemy/actor/lib/test/auto/matrixType3.xml (RunModel)" time="0.007" />
  <testcase classname="ptolemy.util.test.junit.AutoTests" name="[463] /home/travis/build/icyphy/ptII/ptolemy/actor/lib/test/auto/matrixType4.xml (RunModel)" time="0.006" />
  <testcase classname="ptolemy.util.test.junit.AutoTests" name="[464] /home/travis/build/icyphy/ptII/ptolemy/actor/lib/test/auto/matrixType5.xml (RunModel)" time="0.005" />
  <testcase classname="ptolemy.util.test.junit.AutoTests" name="[465] /home/travis/build/icyphy/ptII/ptolemy/actor/lib/test/auto/matrixType6.xml (RunModel)" time="0.005" />
  <testcase classname="ptolemy.util.test.junit.AutoTests" name="[466] /home/travis/build/icyphy/ptII/ptolemy/actor/lib/test/auto/matrixType7.xml (RunModel)" time="0.006" />
  <testcase classname="ptolemy.util.test.junit.AutoTests" name="[467] /home/travis/build/icyphy/ptII/ptolemy/actor/lib/test/auto/matrixType8.xml (RunModel)" time="0.006" />
  <testcase classname="ptolemy.util.test.junit.AutoTests" name="[468] /home/travis/build/icyphy/ptII/ptolemy/actor/lib/test/auto/matrixType9.xml (RunModel)" time="0.006" />
  <testcase classname="ptolemy.util.test.junit.AutoTests" name="[469] /home/travis/build/icyphy/ptII/ptolemy/actor/lib/test/auto/paraFunctest.xml (RunModel)" time="0.005" />
  <testcase classname="ptolemy.util.test.junit.AutoTests" name="[470] /home/travis/build/icyphy/ptII/ptolemy/actor/lib/test/auto/paraFunctest2.xml (RunModel)" time="0.012" />
  <testcase classname="ptolemy.util.test.junit.AutoTests" name="[471] /home/travis/build/icyphy/ptII/ptolemy/actor/lib/test/auto/parameterPassing.xml (RunModel)" time="0.006" />
  <testcase classname="ptolemy.util.test.junit.AutoTests" name="[472] /home/travis/build/icyphy/ptII/ptolemy/actor/lib/test/auto/record.xml (RunModel)" time="0.007" />
  <testcase classname="ptolemy.util.test.junit.AutoTests" name="[473] /home/travis/build/icyphy/ptII/ptolemy/actor/lib/test/auto/sizedarray1.xml (RunModel)" time="0.008" />
  <testcase classname="ptolemy.util.test.junit.AutoTests" name="[474] /home/travis/build/icyphy/ptII/ptolemy/actor/lib/test/auto/sizedarray2.xml (RunModel)" time="0.008" />
  <testcase classname="ptolemy.util.test.junit.AutoTests" name="[475] /home/travis/build/icyphy/ptII/ptolemy/actor/lib/test/auto/twoPublishers.xml (RunModel)" time="0.022" />
  <system-out><![CDATA[/home/travis/build/icyphy/ptII/ptolemy/actor/lib/test/AbsoluteValue.tcl
testDefs.tcl: setting time out to 9000 seconds at Thu Jul 08 02:48:22 UTC 2021
83 ms. Memory: 129024K Free: 93128K (72%)
5 ms. Memory: 129024K Free: 91080K (71%)
4 ms. Memory: 129024K Free: 90566K (70%)
4 ms. Memory: 129024K Free: 89527K (69%)
/home/travis/build/icyphy/ptII/ptolemy/actor/lib/test/AddSubtract.tcl
9 ms. Memory: 129024K Free: 87494K (68%)
6 ms. Memory: 129024K Free: 86984K (67%)
5 ms. Memory: 129024K Free: 85960K (67%)
7 ms. Memory: 129024K Free: 85431K (66%)
68 ms. Memory: 129024K Free: 82374K (64%)
9 ms. Memory: 129024K Free: 81864K (63%)
/home/travis/build/icyphy/ptII/ptolemy/actor/lib/test/Average.tcl
15 ms. Memory: 129024K Free: 79816K (62%)
15 ms. Memory: 129024K Free: 78792K (61%)
/home/travis/build/icyphy/ptII/ptolemy/actor/lib/test/Bernoulli.tcl
8 ms. Memory: 129024K Free: 77239K (60%)
2 ms. Memory: 129024K Free: 76744K (59%)
/home/travis/build/icyphy/ptII/ptolemy/actor/lib/test/Clock.tcl
preinitializing
resolving types
initializing
executing number 1
wrapping up
idle
39 ms. Memory: 129024K Free: 74182K (57%)
Completed execution with 5 iterations
preinitializing
resolving types
initializing
executing number 1
wrapping up
idle
4 ms. Memory: 129024K Free: 73158K (57%)
Completed execution with 5 iterations
preinitializing
resolving types
initializing
executing number 1
wrapping up
idle
3 ms. Memory: 129024K Free: 72648K (56%)
Completed execution with 5 iterations
/home/travis/build/icyphy/ptII/ptolemy/actor/lib/test/Commutator.tcl
12 ms. Memory: 129024K Free: 70600K (55%)
5 ms. Memory: 129024K Free: 69576K (54%)
9 ms. Memory: 129024K Free: 63942K (50%)
/home/travis/build/icyphy/ptII/ptolemy/actor/lib/test/Const.tcl
4 ms. Memory: 129024K Free: 62408K (48%)
1 ms. Memory: 129024K Free: 61894K (48%)
7 ms. Memory: 129024K Free: 61384K (48%)
3 ms. Memory: 129024K Free: 60855K (47%)
2 ms. Memory: 129024K Free: 60360K (47%)
23 ms. Memory: 129024K Free: 58822K (46%)
4 ms. Memory: 129024K Free: 57783K (45%)
3 ms. Memory: 129024K Free: 56759K (44%)
/home/travis/build/icyphy/ptII/ptolemy/actor/lib/test/CurrentTime.tcl
preinitializing
resolving types
initializing
executing number 1
wrapping up
idle
7 ms. Memory: 129024K Free: 54719K (42%)
Completed execution with 11 iterations
/home/travis/build/icyphy/ptII/ptolemy/actor/lib/test/DB.tcl
4 ms. Memory: 129024K Free: 53192K (41%)
2 ms. Memory: 129024K Free: 52678K (41%)
1 ms. Memory: 129024K Free: 52168K (40%)
/home/travis/build/icyphy/ptII/ptolemy/actor/lib/test/DiscreteRandomSource.tcl
preinitializing
resolving types
initializing
executing number 1
wrapping up
idle
4 ms. Memory: 129024K Free: 50623K (39%)
Completed execution with 4 iterations
preinitializing
resolving types
initializing
executing number 1
wrapping up
idle
2 ms. Memory: 129024K Free: 50120K (39%)
Completed execution with 4 iterations
preinitializing
resolving types
initializing
executing number 1
wrapping up
idle
3 ms. Memory: 129024K Free: 49591K (38%)
Completed execution with 4 iterations
preinitializing
resolving types
initializing
executing number 1
wrapping up
idle
3 ms. Memory: 129024K Free: 49096K (38%)
Completed execution with 4 iterations
preinitializing
resolving types
initializing
executing number 1
wrapping up
idle
4 ms. Memory: 129024K Free: 48551K (38%)
Completed execution with 4 iterations
/home/travis/build/icyphy/ptII/ptolemy/actor/lib/test/Distributor.tcl
40 ms. Memory: 129024K Free: 113515K (88%)
10 ms. Memory: 129024K Free: 112643K (87%)
StreamChangeRequest.changeExecuted(): <deleteEntity name="rec2"/> succeeded
StreamChangeRequest.changeExecuted(): <deleteRelation name="r2"/> succeeded
StreamChangeRequest.changeExecuted(): Record firings per iteration succeeded
10 ms. Memory: 129024K Free: 110314K (85%)
/home/travis/build/icyphy/ptII/ptolemy/actor/lib/test/Exit.tcl
Exit.tcl: this will print a message about Manager.exitAfterWrapup, which can be ignored.
7 ms. Memory: 129024K Free: 107445K (83%)
/home/travis/build/icyphy/ptII/ptolemy/actor/lib/test/Expression.tcl
21 ms. Memory: 129024K Free: 103782K (80%)
12 ms. Memory: 129024K Free: 103146K (80%)
5 ms. Memory: 129024K Free: 102409K (79%)
preinitializing
resolving types
initializing
executing number 1
wrapping up
idle
5 ms. Memory: 129024K Free: 100732K (78%)
Completed execution with 6 iterations
3 ms. Memory: 129024K Free: 99694K (77%)
2 ms. Memory: 129024K Free: 99050K (77%)
4 ms. Memory: 129024K Free: 98026K (76%)
3 ms. Memory: 129024K Free: 96636K (75%)
32 ms. Memory: 129024K Free: 113153K (88%)
/home/travis/build/icyphy/ptII/ptolemy/actor/lib/test/Gaussian.tcl
4 ms. Memory: 129024K Free: 111113K (86%)
sleeping 1 seconds: .................................................................................................................................................................................................................................................................................................................................................................................................................................................................................................................................................................................................................................................................................................................................................................................................................................................................................................................................................................................................................................................................................................................................................................................................................................................................................................................................................................................................................................................................................................................................................................................................................................................................................................................................................................................................................................................................................................................................................................................................................................................................................................................................................................................................................................................................................................................................................................................................................................................................................................................................................................................................................................................................................................................................................................................................................................................................................................................................................................................................................................................................................................................................................................................................................................................................................................................................................................................................................................................................................................................................................................................................................................................................................................................................................................................................................................................................................................................................................................................................................................................................................................................................................................................................................................................................................................................................................................................................................................................................................................................................................................................................................................................................................................................................................................................................................................................................................................................................................................................................................................................................................................................................................................................................................................................................................................................................................................................................................................................................................................................................................................................................................................................................................................................................................................................................................................................................................................................................................................................................................................................................................................................................................................................................................................................................................................................................................................................................................................................................................................................................................................................................................................................................................................................................................................................................................................................................................................................................................................................................................................................................................................................................................................................................................................................................................................................................................................................................................................................................................................................................................................................................................................................................................................................................................................................................................................................................................................................................................................................................................................................................................................................................................................................................................................................................................................................................................................................................................................................................................................................................................................................................................................................................................................................................................................................................................................................................................................................................................................................................................................................................................................................................................................................................................................................................................................................................................................................................................................................................................................................................................................................................................................................................................................................................................................................................................................................................................................................................................................................................................................................................................................................................................................................................................................................................................................................................................................................................................................................................................................................................................................................................................................................................................................................................................................................................................................................................................................................................................................................................................................................................................................................................................................................................................................................................................................................................................................................................................................................................................................................................................................................................................................................................................................................................................................................................................................................................................................................................................................................................................................................................................................................................................................................................................................................................................................................................................................................................................................................................................................................................................................................................................................................................................................................................................................................................................................................................................................................................................................................................................................................................................................................................................................................................................................................................................................................................................................................................................................................................................................................................................................................................................................................................................................................................................................................................................................................................................................................................................................................................................................................................................................................................................................................................................................................................................................................................................................................................................................................................................................................................................................................................................................................................................................................................................................................................................................................................................................................................................................................................................................................................................................................................................................................................................................................................................................................................................................................................................................................................................................................................................................................................................................................................................................................................................................................................................................................................................................................................................................................................................................................................................................................................................................................................................................................................................................................................................................................................................................................................................................................................................................................................................................................................................................................................................................................................................................................................................................................................................................................................................................................................................................................................................................................................................................................................................................................................................................................................................................................................................................................................................................................................................................................................................................................................................................................................................................................................................................................................................................................................................................................................................................................................................................................................................................................................................................................................................................................................................................................................................................................................................................................................................................................................................................................................................................................................................................................................................................................................................................................................................................................................................................................................................................................................................................................................................................................................................................................................................................................................................................................................................................................................................................................................................................................................................................................................................................................................................................................................................................................................................................................................................................................................................................................................................................................................................................................................................................................................................................................................................................................................................................................................................................................................................................................................................................................................................................................................................................................................................................................................................................................................................................................................................................................................................................................................................................................................................................................................................................................................................................................................................................................................................................................................................................................................................................................................................................................................................................................................................................................................................................................................................................................................................................................................................................................................................................................................................................................................................................................................................................................................................................................................................................................................................................................................................................................................................................................................................................................................................................................................................................................................................................................................................................................................................................................................................................................................................................................................................................................................................................................................................................................................................................................................................................................................................................................................................................................................................................................................................................................................................................................................................................................................................................................................................................................................................................................................................................................................................................................................................................................................................................................................................................................................................................................................................................................................................................................................................................................................................................................................................................................................................................................................................................................................................................................................................................................................................................................................................................................................................................................................................................................................................................................................................................................................................................................................................................................................................................................................................................................................................................................................................................................................................................................................................................................................................................................................................................................................................................................................................................................................................................................................................................................................................................................................................................................................................................................................................................................................................................................................................................................................................................................................................................................................................................................................................................................................................................................................................................................................................................................................................................................................................................................................................................................................................................................................................................................................................................................................................................................................................................................................................................................................................................................................................................................................................................................................................................................................................................................................................................................................................................................................................................................................................................................................................................................................................................................................................................................................................................................................................................................................................................................................................................................................................................................................................................................................................................................................................................................................................................................................................................................................................................................................................................................................................................................................................................................................................................................................................................................................................................................................................................................................................................................................................................................................................................................................................................................................................................................................................................................................................................................................................................................................................................................................................................................................................................................................................................................................................................................................................................................................................................................................................................................................................................................................................................................................................................................................................................................................................................................................................................................................................................................................................................................................................................................................................................................................................................................................................................................................................................................................................................................................................................................................................................................................................................................................................................................................................................................................................................................................................................................................................................................................................................................................................................................................................................................................................................................................................................................................................................................................................................................................................................................................................................................................................................................................................................................................................................................................................................................................................................................................................................................................................................................................................................................................................................................................................................................................................................................................................................................................................................................................................................................................................................................................................................................................................................................................................................................................................................................................................................................................................................................................................................................................................................................................................................................................................................................................................................................................................................................................................................................................................................................................................................................................................................................................................................................................................................................................................................................................................................................................................................................................................................................................................................................................................................................................................................................................................................................................................................................................................................................................................................................................................................................................................................................................................................................................................................................................................................................................................................................................................................................................................................................................................................................................................................................................................................................................................................................................................................................................................................................................................................................................................................................................................................................................................................................................................................................................................................................................................................................................................................................................................................................................................................................................................................................................................................................................................................................................................................................................................................................................................................................................................................................................................................................................................................................................................................................................................................................................................................................................................................................................................................................................................................................................................................................................................................................................................................................................................................................................................................................................................................................................................................................................................................................................................................................................................................................................................................................................................................................................................................................................................................................................................................................................................................................................................................................................................................................................................................................................................................................................................................................................................................................................................................................................................................................................................................................................................................................................................................................................................................................................................................................................................................................................................................................................................................................................................................................................................................................................................................................................................................................................................................................................................................................................................................................................................................................................................................................................................................................................................................................................................................................................................................................................................................................................................................................................................................................................................................................................................................................................................................................................................................................................................................................................................................................................................................................................................................................................................................................................................................................................................................................................................................................................................................................................................................................................................................................................................................................................................................................................................................................................................................................................................................................................................................................................................................................................................................................................................................................................................................................................................................................................................................................................................................................................................................................................................................................................................................................................................................................................................................................................................................................................................................................................................................................................................................................................................................................................................................................................................................................................................................................................................................................................................................................................................................................................................................................................................................................................................................................................................................................................................................................................................................................................................................................................................................................................................................................................................................................................................................................................................................................................................................................................................................................................................................................................................................................................................................................................................................................................................................................................................................................................................................................................................................................................................................................................................................................................................................................................................................................................................................................................................................................................................................................................................................................................................................................................................................................................................................................................................................................................................................................................................................................................................................................................................................................................................................................................................................................................................................................................................................................................................................................................................................................................................................................................................................................................................................................................................................................................................................................................................................................................................................................................................................................................................................................................................................................................................................................................................................................................................................................................................................................................................................................................................................................................................................................................................................................................................................................................................................................................................................................................................................................................................................................................................................................................................................................................................................................................................................................................................................................................................................................................................................................................................................................................................................................................................................................................................................................................................................................................................................................................................................................................................................................................................................................................................................................................................................................................................................................................................................................................................................................................................................................................................................................................................................................................................................................................................................................................................................................................................................................................................................................................................................................................................................................................................................................................................................................................................................................................................................................................................................................................................................................................................................................................................................................................................................................................................................................................................................................................................................................................................................................................................................................................................................................................................................................................................................................................................................................................................................................................................................................................................................................................................................................................................................................................................................................................................................................................................................................................................................................................................................................................................................................................................................................................................................................................................................................................................................................................................................................................................................................................................................................................................................................................................................................................................................................................................................................................................................................................................................................................................................................................................................................................................................................................................................................................................................................................................................................................................................................................................................................................................................................................................................................................................................................................................................................................................................................................................................................................................................................................................................................................................................................................................................................................................................................................................................................................................................................................................................................................................................................................................................................................................................................................................................................................................................................................................................................................................................................................................................................................................................................................................................................................................................................................................................................................................................................................................................................................................................................................................................................................................................................................................................................................................................................................................................................................................................................................................................................................................................................................................................................................................................................................................................................................................................................................................................................................................................................................................................................................................................................................................................................................................................................................................................................................................................................................................................................................................................................................................................................................................................................................................................................................................................................................................................................................................................................................................................................................................................................................................................................................................................................................................................................................................................................................................................................................................................................................................................................................................................................................4 ms. Memory: 129024K Free: 63726K (49%)
2 ms. Memory: 129024K Free: 63198K (49%)
3 ms. Memory: 129024K Free: 62702K (49%)
3 ms. Memory: 129024K Free: 61975K (48%)
2 ms. Memory: 129024K Free: 61164K (47%)
/home/travis/build/icyphy/ptII/ptolemy/actor/lib/test/IIR.tcl
/home/travis/build/icyphy/ptII/ptolemy/actor/lib/test/Interpolator.tcl
12 ms. Memory: 129024K Free: 57582K (45%)
2 ms. Memory: 129024K Free: 57068K (44%)
1 ms. Memory: 129024K Free: 56030K (43%)
1 ms. Memory: 129024K Free: 55534K (43%)
3 ms. Memory: 129024K Free: 55006K (43%)
2 ms. Memory: 129024K Free: 53996K (42%)
2 ms. Memory: 129024K Free: 52966K (41%)
6 ms. Memory: 129024K Free: 51948K (40%)
2 ms. Memory: 129024K Free: 51438K (40%)
2 ms. Memory: 129024K Free: 50414K (39%)
/home/travis/build/icyphy/ptII/ptolemy/actor/lib/test/MathFunction.tcl
5 ms. Memory: 129024K Free: 111605K (86%)
2 ms. Memory: 129024K Free: 110581K (86%)
2 ms. Memory: 129024K Free: 109557K (85%)
1 ms. Memory: 129024K Free: 108533K (84%)
3 ms. Memory: 129024K Free: 107509K (83%)
5 ms. Memory: 129024K Free: 105461K (82%)
/home/travis/build/icyphy/ptII/ptolemy/actor/lib/test/Maximum.tcl
4 ms. Memory: 129024K Free: 103413K (80%)
2 ms. Memory: 129024K Free: 102893K (80%)
5 ms. Memory: 129024K Free: 102387K (79%)
2 ms. Memory: 129024K Free: 101365K (79%)
/home/travis/build/icyphy/ptII/ptolemy/actor/lib/test/Minimum.tcl
8 ms. Memory: 129024K Free: 99813K (77%)
4 ms. Memory: 129024K Free: 99317K (77%)
2 ms. Memory: 129024K Free: 98293K (76%)
6 ms. Memory: 129024K Free: 97765K (76%)
/home/travis/build/icyphy/ptII/ptolemy/actor/lib/test/MultiplyDivide.tcl
8 ms. Memory: 129024K Free: 95731K (74%)
5 ms. Memory: 129024K Free: 95221K (74%)
2 ms. Memory: 129024K Free: 94707K (73%)
8 ms. Memory: 129024K Free: 93683K (73%)
4 ms. Memory: 129024K Free: 93173K (72%)
/home/travis/build/icyphy/ptII/ptolemy/actor/lib/test/OrderedMerge.tcl
Connections changed on port: inputA
Connections changed on port: inputB
Connections changed on port: output
Connections changed on port: output
Connections changed on port: output
Connections changed on port: input
.top. Preinitializing ...
Invoking preinitialize():  .top.OrderedMerge
Called preinitialize()
Invoking preinitialize():  .top.Ramp
Called preinitialize()
Invoking preinitialize():  .top.Ramp2
Called preinitialize()
Invoking preinitialize():  .top.Test
Called preinitialize()
Connections changed on port: inputA
Connections changed on port: output
Connections changed on port: output
Connections changed on port: input
Connections changed on port: inputB
Connections changed on port: output
.top. Finished preinitialize().
Called initialize().
Invoking initialize():  .top.OrderedMerge
Initializing actor: .top.OrderedMerge
Adding a thread: .top.OrderedMerge
Invoking initialize():  .top.Ramp
Initializing actor: .top.Ramp
Adding a thread: .top.Ramp
Invoking initialize():  .top.Ramp2
Initializing actor: .top.Ramp2
Adding a thread: .top.Ramp2
Invoking initialize():  .top.Test
Initializing actor: .top.Test
Adding a thread: .top.Test
Called fire().
Checking for deadlock:
-- Starting thread.
Called initialize()
Called prefire()
Called fire()
-- Starting thread.
Called initialize()
-- Starting thread.
Called initialize()
Called prefire()
Called prefire()
Called fire()
Called fire()
-- Starting thread.
Called initialize()
Called prefire()
Called fire()
There are 0 Blocked actors, 0 Stopped actors, and 4 active threads.
Waiting for actors to stop.
Called postfire()
Called postfire()
Called prefire()
Called prefire()
Called fire()
Called fire()
Read input token from inputA with value 0.0
Next port to read input from is inputB
Called postfire()
Called prefire()
Called fire()
Read input token from inputB with value 0.0
Sent output token with value 0.0
Next port to read input from is inputA
Called postfire()
Called prefire()
Called fire()
Checking for deadlock:
There are 1 Blocked actors, 0 Stopped actors, and 4 active threads.
Waiting for actors to stop.
Called postfire()
Called postfire()
Called prefire()
Called prefire()
Called fire()
Checking for deadlock:
There are 1 Blocked actors, 0 Stopped actors, and 4 active threads.
Waiting for actors to stop.
Read input token from inputA with value 1.0
Sent output token with value 0.0
Next port to read input from is inputB
Called postfire()
Called prefire()
Called fire()
Called postfire()
Called prefire()
Called fire()
Checking for deadlock:
-- Read input: 0.0, which is expected to match: 0.0
Called prefire()
Called fire()
Read input token from inputB with value 1.5
Called fire()
There are 1 Blocked actors, 0 Stopped actors, and 4 active threads.
Waiting for actors to stop.
Called postfire()
Called prefire()
Called fire()
-- Read input: 0.0, which is expected to match: 0.0
Sent output token with value 1.0
Called prefire()
Called fire()
Next port to read input from is inputA
Called postfire()
Called prefire()
Called fire()
-- Read input: 1.0, which is expected to match: 1.0
Called prefire()
Read input token from inputA with value 2.0
Called fire()
Sent output token with value 1.5
Next port to read input from is inputB
-- Read input: 1.5, which is expected to match: 1.5
Checking for deadlock:
Called prefire()
Called fire()
There are 1 Blocked actors, 0 Stopped actors, and 4 active threads.
Waiting for actors to stop.
Called postfire()
Called prefire()
Called fire()
Checking for deadlock:
There are 3 Blocked actors, 0 Stopped actors, and 4 active threads.
Waiting for actors to stop.
Called postfire()
Called prefire()
Called fire()
Checking for deadlock:
There are 2 Blocked actors, 0 Stopped actors, and 4 active threads.
Waiting for actors to stop.
Called postfire()
Called prefire()
Called fire()
Checking for deadlock:
There are 3 Blocked actors, 0 Stopped actors, and 4 active threads.
Waiting for actors to stop.
Read input token from inputB with value 3.0
Checking for deadlock:
There are 2 Blocked actors, 0 Stopped actors, and 4 active threads.
Waiting for actors to stop.
-- Read input: 2.0, which is expected to match: 2.0
Called prefire()
Called fire()
Checking for deadlock:
There are 3 Blocked actors, 0 Stopped actors, and 4 active threads.
Waiting for actors to stop.
Sent output token with value 2.0
Next port to read input from is inputA
Called postfire()
Called prefire()
Called fire()
Read input token from inputA with value 3.0
Sent output token with value 3.0
Next port to read input from is inputB
Called postfire()
Called prefire()
Called fire()
Read input token from inputB with value 4.5
Checking for deadlock:
There are 1 Blocked actors, 0 Stopped actors, and 4 active threads.
Waiting for actors to stop.
Called postfire()
Called prefire()
Called fire()
Called postfire()
Called prefire()
Called fire()
Checking for deadlock:
There are 3 Blocked actors, 0 Stopped actors, and 4 active threads.
Waiting for actors to stop.
-- Read input: 3.0, which is expected to match: 3.0
Checking for deadlock:
There are 2 Blocked actors, 0 Stopped actors, and 4 active threads.
Waiting for actors to stop.
Called prefire()
Called fire()
Sent output token with value 3.0
-- Read input: 3.0, which is expected to match: 3.0
Next port to read input from is inputA
Called postfire()
Called prefire()
Called prefire()
Called fire()
Called fire()
Read input token from inputA with value 4.0
Sent output token with value 4.0
Next port to read input from is inputA
Called postfire()
Called prefire()
Called fire()
Checking for deadlock:
There are 2 Blocked actors, 0 Stopped actors, and 4 active threads.
Waiting for actors to stop.
Called postfire()
Called prefire()
-- Read input: 4.0, which is expected to match: 4.0
Called prefire()
Called fire()
Checking for deadlock:
Called fire()
Past the end of training data. Read and discard all inputs.
There are 1 Blocked actors, 0 Stopped actors, and 4 active threads.
Waiting for actors to stop.
Read input token from inputA with value 5.0
Sent output token with value 4.5
Next port to read input from is inputB
Called postfire()
Called prefire()
Called fire()
Read input token from inputB with value 6.0
Checking for deadlock:
There are 1 Blocked actors, 0 Stopped actors, and 4 active threads.
Waiting for actors to stop.
Called postfire()
Called prefire()
Called fire()
Called postfire()
Called prefire()
Called fire()
Called prefire()
Called fire()
Checking for deadlock:
Past the end of training data. Read and discard all inputs.
There are 2 Blocked actors, 0 Stopped actors, and 4 active threads.
Waiting for actors to stop.
Checking for deadlock:
There are 3 Blocked actors, 0 Stopped actors, and 4 active threads.
Waiting for actors to stop.
Called prefire()
Checking for deadlock:
There are 2 Blocked actors, 0 Stopped actors, and 4 active threads.
Waiting for actors to stop.
Sent output token with value 5.0
Called fire()
Past the end of training data. Read and discard all inputs.
Next port to read input from is inputA
Called postfire()
Called prefire()
Called fire()
Read input token from inputA with value 6.0
Sent output token with value 6.0
Next port to read input from is inputB
Called postfire()
Called prefire()
Called fire()
Read input token from inputB with value 7.5
Checking for deadlock:
There are 1 Blocked actors, 0 Stopped actors, and 4 active threads.
Waiting for actors to stop.
Called prefire()
Called postfire()
Called fire()
Past the end of training data. Read and discard all inputs.
Called postfire()
Called prefire()
Called fire()
Called prefire()
Called fire()
Checking for deadlock:
There are 3 Blocked actors, 0 Stopped actors, and 4 active threads.
Waiting for actors to stop.
Called prefire()
Checking for deadlock:
Called fire()
There are 2 Blocked actors, 0 Stopped actors, and 4 active threads.
Past the end of training data. Read and discard all inputs.
Sent output token with value 6.0
Next port to read input from is inputA
Called postfire()
Called prefire()
Called fire()
Waiting for actors to stop.
Read input token from inputA with value 7.0
Sent output token with value 7.0
Next port to read input from is inputA
Called postfire()
Called prefire()
Called fire()
Checking for deadlock:
There are 2 Blocked actors, 0 Stopped actors, and 4 active threads.
Waiting for actors to stop.
Called postfire()
Called prefire()
Called fire()
Checking for deadlock:
There are 2 Blocked actors, 0 Stopped actors, and 4 active threads.
Waiting for actors to stop.
Called prefire()
Checking for deadlock:
There are 1 Blocked actors, 0 Stopped actors, and 4 active threads.
Waiting for actors to stop.
-- Thread wrapup() called.
Called wrapup()
Read input token from inputA with value 8.0
Thread .top.Ramp is exiting.
Called fire()
-- Thread stopped.
Past the end of training data. Read and discard all inputs.
Checking for deadlock:
There are 2 Blocked actors, 0 Stopped actors, and 3 active threads.
Waiting for actors to stop.
Checking for deadlock:
Called prefire()
Called fire()
Past the end of training data. Read and discard all inputs.
Sent output token with value 7.5
Next port to read input from is inputB
Called postfire()
Called prefire()
Called fire()
There are 1 Blocked actors, 0 Stopped actors, and 3 active threads.
Waiting for actors to stop.
Called postfire()
Read input token from inputB with value 9.0
Called prefire()
Called fire()
Sent output token with value 8.0
Checking for deadlock:
Called prefire()
There are 1 Blocked actors, 0 Stopped actors, and 3 active threads.
Called fire()
Past the end of training data. Read and discard all inputs.
Next port to read input from is inputA
Called postfire()
Called prefire()
Called fire()
Waiting for actors to stop.
Checking for deadlock:
There are 2 Blocked actors, 0 Stopped actors, and 3 active threads.
Waiting for actors to stop.
Read input token from inputA with value 9.0
Sent output token with value 9.0
Called prefire()
Called fire()
Past the end of training data. Read and discard all inputs.
Next port to read input from is inputB
Checking for deadlock:
There are 2 Blocked actors, 0 Stopped actors, and 3 active threads.
Waiting for actors to stop.
Called postfire()
Called prefire()
Called fire()
Checking for deadlock:
There are 1 Blocked actors, 0 Stopped actors, and 3 active threads.
Waiting for actors to stop.
Read input token from inputB with value 10.5
Called postfire()
Called prefire()
Called fire()
Sent output token with value 9.0
Called prefire()
Checking for deadlock:
Called fire()
There are 1 Blocked actors, 0 Stopped actors, and 3 active threads.
Waiting for actors to stop.
Past the end of training data. Read and discard all inputs.
Next port to read input from is inputA
Checking for deadlock:
There are 2 Blocked actors, 0 Stopped actors, and 3 active threads.
Waiting for actors to stop.
Called postfire()
Called prefire()
Called fire()
Checking for deadlock:
There are 3 Blocked actors, 0 Stopped actors, and 3 active threads.
Actors have stopped.
Checking for deadlock:
There are 3 Blocked actors, 0 Stopped actors, and 3 active threads.
Deadlock detected.
Resolving Deadlock
Checking for deadlock:
There are 3 Blocked actors, 0 Stopped actors, and 3 active threads.
Artificial Deadlock - increasing queue capacity.
increasing the capacity of receiver ptolemy.actor.TypedIOPort {.top.OrderedMerge.inputB} to 2
Director: Called postfire().
Called postfire().
_stopRequested = false
_stopFireRequested = false
Returning from postfire(): true
-- Thread wrapup() called.
Called wrapup()
Thread .top.Ramp2 is exiting.
-- Thread stopped.
Called fire().
Checking for deadlock:
There are 2 Blocked actors, 0 Stopped actors, and 2 active threads.
Actors have stopped.
Checking for deadlock:
There are 2 Blocked actors, 0 Stopped actors, and 2 active threads.
Deadlock detected.
Resolving Deadlock
Checking for deadlock:
There are 2 Blocked actors, 0 Stopped actors, and 2 active threads.
Deadlock detected: no processes blocked on write, but some are blocked on read.
Called postfire().
_stopRequested = false
_stopFireRequested = false
Returning from postfire(): false
Finished deactivating branches.
Called wrapup().
-- Thread wrapup() called.
Called wrapup()
Thread .top.Test is exiting.
-- Thread stopped.
-- Blocked Receiver call threw TerminateProcessException.
-- Thread wrapup() called.
Called wrapup()
Thread .top.OrderedMerge is exiting.
-- Thread stopped.
-- Blocked Receiver call threw TerminateProcessException.
56 ms. Memory: 129024K Free: 88053K (68%)
.top. Preinitializing ...
Invoking preinitialize():  .top.OrderedMerge
Called preinitialize()
Invoking preinitialize():  .top.Ramp
Called preinitialize()
Invoking preinitialize():  .top.Ramp2
Called preinitialize()
Invoking preinitialize():  .top.Test
Called preinitialize()
.top. Finished preinitialize().
Called initialize().
Invoking initialize():  .top.OrderedMerge
Initializing actor: .top.OrderedMerge
Adding a thread: .top.OrderedMerge
Invoking initialize():  .top.Ramp
Initializing actor: .top.Ramp
Adding a thread: .top.Ramp
Invoking initialize():  .top.Ramp2
Initializing actor: .top.Ramp2
Adding a thread: .top.Ramp2
Invoking initialize():  .top.Test
Initializing actor: .top.Test
Adding a thread: .top.Test
-- Starting thread.
Called initialize()
Called prefire()
Called fire()
-- Starting thread.
Called initialize()
Called prefire()
Called fire()
Called postfire()
Called prefire()
Called fire()
-- Starting thread.
Called initialize()
Called prefire()
Called fire()
Called postfire()
Called prefire()
Called fire()
Called fire().
Checking for deadlock:
There are 3 Blocked actors, 0 Stopped actors, and 4 active threads.
Waiting for actors to stop.
-- Starting thread.
Called initialize()
Called prefire()
Called fire()
Checking for deadlock:
There are 2 Blocked actors, 0 Stopped actors, and 4 active threads.
Waiting for actors to stop.
Read input token from inputA with value 0.0
Called postfire()
Called prefire()
Called fire()
Next port to read input from is inputB
Checking for deadlock:
There are 3 Blocked actors, 0 Stopped actors, and 4 active threads.
Waiting for actors to stop.
Called postfire()
Called prefire()
Called fire()
Read input token from inputB with value 0.0
Called postfire()
Called prefire()
Called fire()
Sent output token with value 0.0
Next port to read input from is inputA
Called postfire()
-- Read input: 0.0, which is expected to match: 0.0
Called prefire()
Called fire()
Called prefire()
Called fire()
Checking for deadlock:
There are 2 Blocked actors, 0 Stopped actors, and 4 active threads.
Read input token from inputA with value 1.0
Waiting for actors to stop.
Sent output token with value 0.0
Called postfire()
Next port to read input from is inputB
Called postfire()
Checking for deadlock:
There are 1 Blocked actors, 0 Stopped actors, and 4 active threads.
Waiting for actors to stop.
-- Read input: 0.0, which is expected to match: 0.0
Called prefire()
Called fire()
Checking for deadlock:
There are 2 Blocked actors, 0 Stopped actors, and 4 active threads.
Waiting for actors to stop.
Called prefire()
Called prefire()
Called fire()
Called fire()
Checking for deadlock:
Read input token from inputB with value 1.5
There are 2 Blocked actors, 0 Stopped actors, and 4 active threads.
Waiting for actors to stop.
Sent output token with value 1.0
Checking for deadlock:
There are 1 Blocked actors, 0 Stopped actors, and 4 active threads.
Waiting for actors to stop.
Next port to read input from is inputA
Called postfire()
Called prefire()
Called fire()
-- Read input: 1.0, which is expected to match: 1.0
Called prefire()
Called fire()
Called postfire()
Called prefire()
Called fire()
Called postfire()
Called prefire()
Called fire()
Checking for deadlock:
There are 3 Blocked actors, 0 Stopped actors, and 4 active threads.
Waiting for actors to stop.
Read input token from inputA with value 2.0
Sent output token with value 1.5
Checking for deadlock:
There are 2 Blocked actors, 0 Stopped actors, and 4 active threads.
Next port to read input from is inputB
Called postfire()
Waiting for actors to stop.
Called prefire()
Called fire()
Read input token from inputB with value 3.0
-- Read input: 1.5, which is expected to match: 1.5
Sent output token with value 2.0
Checking for deadlock:
There are 1 Blocked actors, 0 Stopped actors, and 4 active threads.
Waiting for actors to stop.
Called prefire()
Called fire()
Called postfire()
Called prefire()
Called fire()
Checking for deadlock:
There are 2 Blocked actors, 0 Stopped actors, and 4 active threads.
Waiting for actors to stop.
Next port to read input from is inputA
Called postfire()
Called prefire()
Called fire()
-- Read input: 2.0, which is expected to match: 2.0
Called prefire()
Called fire()
Read input token from inputA with value 3.0
Called postfire()
Called prefire()
Called fire()
Sent output token with value 3.0
Checking for deadlock:
Next port to read input from is inputB
Called postfire()
There are 2 Blocked actors, 0 Stopped actors, and 4 active threads.
Called prefire()
Called fire()
Waiting for actors to stop.
Called postfire()
Called prefire()
Called fire()
Read input token from inputB with value 4.5
Checking for deadlock:
There are 3 Blocked actors, 0 Stopped actors, and 4 active threads.
Waiting for actors to stop.
Sent output token with value 3.0
-- Read input: 3.0, which is expected to match: 3.0
Called prefire()
Next port to read input from is inputA
Called postfire()
Called prefire()
Called fire()
Called fire()
-- Read input: 3.0, which is expected to match: 3.0
Read input token from inputA with value 4.0
Called prefire()
Called fire()
Sent output token with value 4.0
Next port to read input from is inputA
Called postfire()
-- Read input: 4.0, which is expected to match: 4.0
Called prefire()
Called fire()
Past the end of training data. Read and discard all inputs.
Called postfire()
Called prefire()
Called fire()
Checking for deadlock:
There are 3 Blocked actors, 0 Stopped actors, and 4 active threads.
Waiting for actors to stop.
Called prefire()
Called fire()
Called postfire()
Called prefire()
Called fire()
Read input token from inputA with value 5.0
Sent output token with value 4.5
Called prefire()
Called fire()
Past the end of training data. Read and discard all inputs.
Next port to read input from is inputB
Called postfire()
Checking for deadlock:
There are 3 Blocked actors, 0 Stopped actors, and 4 active threads.
Waiting for actors to stop.
Called prefire()
Called fire()
Read input token from inputB with value 6.0
Called postfire()
Called prefire()
Called fire()
Sent output token with value 5.0
Checking for deadlock:
There are 2 Blocked actors, 0 Stopped actors, and 4 active threads.
Next port to read input from is inputA
Called postfire()
Waiting for actors to stop.
Called prefire()
Called fire()
Called prefire()
Called fire()
Past the end of training data. Read and discard all inputs.
Read input token from inputA with value 6.0
Called postfire()
Called prefire()
Called fire()
Sent output token with value 6.0
Checking for deadlock:
There are 2 Blocked actors, 0 Stopped actors, and 4 active threads.
Waiting for actors to stop.
Next port to read input from is inputB
Called postfire()
Called prefire()
Called fire()
Called prefire()
Called fire()
Past the end of training data. Read and discard all inputs.
Read input token from inputB with value 7.5
Called postfire()
Called prefire()
Called fire()
Checking for deadlock:
There are 2 Blocked actors, 0 Stopped actors, and 4 active threads.
Waiting for actors to stop.
Called prefire()
Called fire()
Past the end of training data. Read and discard all inputs.
Checking for deadlock:
There are 3 Blocked actors, 0 Stopped actors, and 4 active threads.
Waiting for actors to stop.
Sent output token with value 6.0
Next port to read input from is inputA
Called postfire()
Called prefire()
Called fire()
Checking for deadlock:
Read input token from inputA with value 7.0
There are 2 Blocked actors, 0 Stopped actors, and 4 active threads.
Waiting for actors to stop.
Called postfire()
Called prefire()
Called fire()
Checking for deadlock:
There are 3 Blocked actors, 0 Stopped actors, and 4 active threads.
Waiting for actors to stop.
Sent output token with value 7.0
Checking for deadlock:
Next port to read input from is inputA
There are 2 Blocked actors, 0 Stopped actors, and 4 active threads.
Waiting for actors to stop.
Called prefire()
Called postfire()
Called fire()
Called prefire()
Past the end of training data. Read and discard all inputs.
Called fire()
-- Thread wrapup() called.
Called wrapup()
Read input token from inputA with value 8.0
Thread .top.Ramp is exiting.
-- Thread stopped.
Sent output token with value 7.5
Next port to read input from is inputB
Called postfire()
Called prefire()
Called fire()
Checking for deadlock:
There are 1 Blocked actors, 0 Stopped actors, and 3 active threads.
Waiting for actors to stop.
Called prefire()
Called fire()
Read input token from inputB with value 9.0
Checking for deadlock:
There are 0 Blocked actors, 0 Stopped actors, and 3 active threads.
Waiting for actors to stop.
Called postfire()
Sent output token with value 8.0
Past the end of training data. Read and discard all inputs.
Next port to read input from is inputA
Called postfire()
Called prefire()
Called prefire()
Called fire()
Checking for deadlock:
There are 1 Blocked actors, 0 Stopped actors, and 3 active threads.
Waiting for actors to stop.
Called prefire()
Called fire()
Called fire()
Past the end of training data. Read and discard all inputs.
Read input token from inputA with value 9.0
Checking for deadlock:
There are 2 Blocked actors, 0 Stopped actors, and 3 active threads.
Waiting for actors to stop.
Sent output token with value 9.0
Checking for deadlock:
There are 1 Blocked actors, 0 Stopped actors, and 3 active threads.
Waiting for actors to stop.
Next port to read input from is inputB
Called postfire()
Called prefire()
Called fire()
Called prefire()
Called fire()
Past the end of training data. Read and discard all inputs.
Checking for deadlock:
Read input token from inputB with value 10.5
There are 1 Blocked actors, 0 Stopped actors, and 3 active threads.
Waiting for actors to stop.
Called prefire()
Sent output token with value 9.0
Called fire()
Past the end of training data. Read and discard all inputs.
Next port to read input from is inputA
Called postfire()
Checking for deadlock:
Called prefire()
There are 1 Blocked actors, 0 Stopped actors, and 3 active threads.
Waiting for actors to stop.
Called fire()
Called postfire()
Called prefire()
Called fire()
Checking for deadlock:
There are 3 Blocked actors, 0 Stopped actors, and 3 active threads.
Actors have stopped.
Checking for deadlock:
There are 3 Blocked actors, 0 Stopped actors, and 3 active threads.
Deadlock detected.
Resolving Deadlock
Checking for deadlock:
There are 3 Blocked actors, 0 Stopped actors, and 3 active threads.
Artificial Deadlock - increasing queue capacity.
increasing the capacity of receiver ptolemy.actor.TypedIOPort {.top.OrderedMerge.inputB} to 2
Director: Called postfire().
Called postfire().
_stopRequested = false
_stopFireRequested = false
Returning from postfire(): true
Called fire().
Checking for deadlock:
There are 2 Blocked actors, 0 Stopped actors, and 3 active threads.
Waiting for actors to stop.
-- Thread wrapup() called.
Called wrapup()
Thread .top.Ramp2 is exiting.
-- Thread stopped.
Checking for deadlock:
There are 2 Blocked actors, 0 Stopped actors, and 2 active threads.
Actors have stopped.
Checking for deadlock:
There are 2 Blocked actors, 0 Stopped actors, and 2 active threads.
Deadlock detected.
Resolving Deadlock
Checking for deadlock:
There are 2 Blocked actors, 0 Stopped actors, and 2 active threads.
Deadlock detected: no processes blocked on write, but some are blocked on read.
Called postfire().
_stopRequested = false
_stopFireRequested = false
Returning from postfire(): false
Finished deactivating branches.
Called wrapup().
-- Thread wrapup() called.
-- Thread wrapup() called.
Called wrapup()
Called wrapup()
Thread .top.OrderedMerge is exiting.
-- Thread stopped.
-- Blocked Receiver call threw TerminateProcessException.
Thread .top.Test is exiting.
-- Thread stopped.
-- Blocked Receiver call threw TerminateProcessException.
25 ms. Memory: 129024K Free: 85372K (66%)
/home/travis/build/icyphy/ptII/ptolemy/actor/lib/test/Publisher.tcl
20 ms. Memory: 129024K Free: 79347K (61%)
12 ms. Memory: 129024K Free: 74197K (58%)
17 ms. Memory: 129024K Free: 70645K (55%)
5 ms. Memory: 129024K Free: 69621K (54%)
10 ms. Memory: 129024K Free: 68597K (53%)
2 ms. Memory: 129024K Free: 68083K (53%)
2 ms. Memory: 129024K Free: 67029K (52%)
11 ms. Memory: 129024K Free: 66021K (51%)
16 ms. Memory: 129024K Free: 56309K (44%)
3 ms. Memory: 129024K Free: 52693K (41%)
2 ms. Memory: 129024K Free: 51699K (40%)
20 ms. Memory: 129024K Free: 110290K (85%)
5 ms. Memory: 129024K Free: 102608K (80%)
12 ms. Memory: 129024K Free: 93392K (72%)
15 ms. Memory: 129024K Free: 82128K (64%)
/home/travis/build/icyphy/ptII/ptolemy/actor/lib/test/Pulse.tcl
3 ms. Memory: 174080K Free: 155077K (89%)
2 ms. Memory: 174080K Free: 154565K (89%)
1 ms. Memory: 174080K Free: 154053K (88%)
1 ms. Memory: 174080K Free: 153543K (88%)
7 ms. Memory: 174080K Free: 153029K (88%)
9 ms. Memory: 174080K Free: 151495K (87%)
8 ms. Memory: 174080K Free: 150471K (86%)
1 ms. Memory: 174080K Free: 149950K (86%)
3 ms. Memory: 174080K Free: 149447K (86%)
/home/travis/build/icyphy/ptII/ptolemy/actor/lib/test/Ramp.tcl
8 ms. Memory: 174080K Free: 147399K (85%)
4 ms. Memory: 174080K Free: 146375K (84%)
4 ms. Memory: 174080K Free: 145846K (84%)
2 ms. Memory: 174080K Free: 144822K (83%)
5 ms. Memory: 174080K Free: 144327K (83%)
7 ms. Memory: 174080K Free: 143303K (82%)
5 ms. Memory: 174080K Free: 142279K (82%)
5 actors
11000 microseconds per iteration to create
10 ms. Memory: 174080K Free: 139637K (80%)
2 ms. Memory: 174080K Free: 139207K (80%)
3 ms. Memory: 174080K Free: 138693K (80%)
2 ms. Memory: 174080K Free: 137654K (79%)
50 actors
42000 microseconds per iteration to create
41 ms. Memory: 174080K Free: 122309K (70%)
15 ms. Memory: 174080K Free: 121285K (70%)
8 ms. Memory: 174080K Free: 120261K (69%)
6 ms. Memory: 174080K Free: 119237K (68%)
500 actors
1278000 microseconds per iteration to create
223 ms. Memory: 174080K Free: 137665K (79%)
30 ms. Memory: 174080K Free: 132545K (76%)
29 ms. Memory: 174080K Free: 127411K (73%)
28 ms. Memory: 174080K Free: 122305K (70%)
/home/travis/build/icyphy/ptII/ptolemy/actor/lib/test/RampContinuous.tcl
6 ms. Memory: 174080K Free: 120771K (69%)
/home/travis/build/icyphy/ptII/ptolemy/actor/lib/test/RecordAssembler.tcl
4 ms. Memory: 174080K Free: 119233K (68%)
3 ms. Memory: 174080K Free: 118209K (68%)
/home/travis/build/icyphy/ptII/ptolemy/actor/lib/test/RecordDisassembler.tcl
5 ms. Memory: 174080K Free: 116675K (67%)
2 ms. Memory: 174080K Free: 115651K (66%)
3 ms. Memory: 174080K Free: 114627K (66%)
/home/travis/build/icyphy/ptII/ptolemy/actor/lib/test/Scale.tcl
2 ms. Memory: 174080K Free: 112579K (65%)
1 ms. Memory: 174080K Free: 112059K (64%)
1 ms. Memory: 174080K Free: 111027K (64%)
2 ms. Memory: 174080K Free: 110531K (63%)
2 ms. Memory: 174080K Free: 109507K (63%)
/home/travis/build/icyphy/ptII/ptolemy/actor/lib/test/SequentialClock.tcl
preinitializing
resolving types
initializing
executing number 1
wrapping up
idle
2 ms. Memory: 174080K Free: 108483K (62%)
Completed execution with 5 iterations
preinitializing
resolving types
initializing
executing number 1
wrapping up
idle
1 ms. Memory: 174080K Free: 107969K (62%)
Completed execution with 5 iterations
preinitializing
resolving types
initializing
executing number 1
wrapping up
idle
1 ms. Memory: 174080K Free: 107459K (62%)
Completed execution with 5 iterations
/home/travis/build/icyphy/ptII/ptolemy/actor/lib/test/SetVariable.tcl
3 ms. Memory: 174080K Free: 105411K (61%)
/home/travis/build/icyphy/ptII/ptolemy/actor/lib/test/Sinewave.tcl
/home/travis/build/icyphy/ptII/ptolemy/actor/lib/test/SubscriptionAggregator.tcl
4 ms. Memory: 174080K Free: 94147K (54%)
2 ms. Memory: 174080K Free: 93619K (54%)
1 ms. Memory: 174080K Free: 93123K (53%)
1 ms. Memory: 174080K Free: 92609K (53%)
2 ms. Memory: 174080K Free: 89027K (51%)
8 ms. Memory: 174080K Free: 86465K (50%)
...............................................................912 ms. Memory: 237568K Free: 180353K (76%)
/home/travis/build/icyphy/ptII/ptolemy/actor/lib/test/Test.tcl
 The next command will produce a warning about training mode,
   which may be ignored.
3 ms. Memory: 237568K Free: 178307K (75%)
2 ms. Memory: 237568K Free: 177779K (75%)
1 ms. Memory: 237568K Free: 177283K (75%)
1 ms. Memory: 237568K Free: 176259K (74%)
1 ms. Memory: 237568K Free: 175745K (74%)
2 ms. Memory: 237568K Free: 174707K (74%)
2 ms. Memory: 237568K Free: 173187K (73%)
 The next command will produce a warning about training mode,
   which may be ignored.
3 ms. Memory: 237568K Free: 171139K (72%)
 The next command will produce a warning about training mode,
   which may be ignored.
2 ms. Memory: 237568K Free: 169601K (71%)
1 ms. Memory: 237568K Free: 169091K (71%)
1 ms. Memory: 237568K Free: 169091K (71%)
1 ms. Memory: 237568K Free: 168067K (71%)
19 ms. Memory: 237568K Free: 167547K (71%)
3 ms. Memory: 237568K Free: 163457K (69%)
/home/travis/build/icyphy/ptII/ptolemy/actor/lib/test/TestExceptionHandler.tcl
 The next command will produce a warning about training mode,
   which may be ignored.
3 ms. Memory: 237568K Free: 162433K (68%)
1 ms. Memory: 237568K Free: 161923K (68%)
3 ms. Memory: 237568K Free: 161409K (68%)
/home/travis/build/icyphy/ptII/ptolemy/actor/lib/test/UnionDisassembler.tcl
25 ms. Memory: 237568K Free: 153731K (65%)
/home/travis/build/icyphy/ptII/ptolemy/actor/lib/test/VariableClock.tcl
preinitializing
resolving types
initializing
executing number 1
wrapping up
idle
8 ms. Memory: 237568K Free: 152172K (64%)
Completed execution with 11 iterations
preinitializing
resolving types
initializing
executing number 1
wrapping up
idle
8 ms. Memory: 237568K Free: 150659K (63%)
Completed execution with 10 iterations
07/08/21 02:48:30
Failed: 0  Total Tests: 233  ((Passed: 233, Newly Passed: 0)  Known Failed: 0) /home/travis/build/icyphy/ptII/ptolemy/actor/lib/test
----------------- testing (KnownFailure) /home/travis/build/icyphy/ptII/ptolemy/actor/lib/test/auto/knownFailedTests/PublisherPortToplevelSubscriber.xml
0 ms. Memory: 237568K Free: 147073K (62%)
Known Failure: java.lang.reflect.InvocationTargetException
----------------- testing (KnownFailure) /home/travis/build/icyphy/ptII/ptolemy/actor/lib/test/auto/knownFailedTests/PublisherSubscriberPortToplevel.xml
0 ms. Memory: 237568K Free: 142977K (60%)
Known Failure: java.lang.reflect.InvocationTargetException
----------------- testing (KnownFailure) /home/travis/build/icyphy/ptII/ptolemy/actor/lib/test/auto/knownFailedTests/PublisherSubscriptionAggregatorPort.xml
1 ms. Memory: 237568K Free: 138881K (58%)
Known Failure: java.lang.reflect.InvocationTargetException
----------------- testing (KnownFailure) /home/travis/build/icyphy/ptII/ptolemy/actor/lib/test/auto/knownFailedTests/sizedarray3.xml
7 ms. Memory: 237568K Free: 134785K (57%)
Known Failure: java.lang.reflect.InvocationTargetException
No auto/linux-amd64/*.xml tests in /home/travis/build/icyphy/ptII/ptolemy/actor/lib/test
AutoTests.java: About to close Vertx.
AutoTests.java: Vertx closed.

===========================================================================================
----------------- testing Thu Jul 08 02:48:31 UTC 2021 /home/travis/build/icyphy/ptII/ptolemy/actor/lib/test/auto/AbsoluteValue.xml
----------------- Instantiating /home/travis/build/icyphy/ptII/ptolemy/actor/lib/test/auto/AbsoluteValue.xml
6 ms. Memory: 237568K Free: 112257K (47%)
----------------- Invoking toplevel() on ptolemy.moml.MoMLSimpleApplication@53e72976
----------------- Done invoking toplevel() on ptolemy.moml.MoMLSimpleApplication@53e72976
reloadAllAccessors: .AbsoluteValue

===========================================================================================
----------------- testing Thu Jul 08 02:48:31 UTC 2021 /home/travis/build/icyphy/ptII/ptolemy/actor/lib/test/auto/AbsoluteValue2.xml
----------------- Instantiating /home/travis/build/icyphy/ptII/ptolemy/actor/lib/test/auto/AbsoluteValue2.xml
5 ms. Memory: 237568K Free: 105089K (44%)
----------------- Invoking toplevel() on ptolemy.moml.MoMLSimpleApplication@63967827
----------------- Done invoking toplevel() on ptolemy.moml.MoMLSimpleApplication@63967827
reloadAllAccessors: .AbsoluteValue2

===========================================================================================
----------------- testing Thu Jul 08 02:48:31 UTC 2021 /home/travis/build/icyphy/ptII/ptolemy/actor/lib/test/auto/Accumulator.xml
----------------- Instantiating /home/travis/build/icyphy/ptII/ptolemy/actor/lib/test/auto/Accumulator.xml
5 ms. Memory: 237568K Free: 98945K (42%)
----------------- Invoking toplevel() on ptolemy.moml.MoMLSimpleApplication@7715b955
----------------- Done invoking toplevel() on ptolemy.moml.MoMLSimpleApplication@7715b955
reloadAllAccessors: .Accumulator

===========================================================================================
----------------- testing Thu Jul 08 02:48:31 UTC 2021 /home/travis/build/icyphy/ptII/ptolemy/actor/lib/test/auto/Accumulator2.xml
----------------- Instantiating /home/travis/build/icyphy/ptII/ptolemy/actor/lib/test/auto/Accumulator2.xml
3 ms. Memory: 237568K Free: 93315K (39%)
----------------- Invoking toplevel() on ptolemy.moml.MoMLSimpleApplication@2ada1224
----------------- Done invoking toplevel() on ptolemy.moml.MoMLSimpleApplication@2ada1224
reloadAllAccessors: .Accumulator2

===========================================================================================
----------------- testing Thu Jul 08 02:48:31 UTC 2021 /home/travis/build/icyphy/ptII/ptolemy/actor/lib/test/auto/Accumulator3.xml
----------------- Instantiating /home/travis/build/icyphy/ptII/ptolemy/actor/lib/test/auto/Accumulator3.xml
2 ms. Memory: 237568K Free: 89219K (38%)
----------------- Invoking toplevel() on ptolemy.moml.MoMLSimpleApplication@6e0ea8b3
----------------- Done invoking toplevel() on ptolemy.moml.MoMLSimpleApplication@6e0ea8b3
reloadAllAccessors: .Accumulator3

===========================================================================================
----------------- testing Thu Jul 08 02:48:31 UTC 2021 /home/travis/build/icyphy/ptII/ptolemy/actor/lib/test/auto/ArrayAppend.xml
----------------- Instantiating /home/travis/build/icyphy/ptII/ptolemy/actor/lib/test/auto/ArrayAppend.xml
6 ms. Memory: 437248K Free: 384183K (88%)
----------------- Invoking toplevel() on ptolemy.moml.MoMLSimpleApplication@3f35ec97
----------------- Done invoking toplevel() on ptolemy.moml.MoMLSimpleApplication@3f35ec97
reloadAllAccessors: .ArrayAppend

===========================================================================================
----------------- testing Thu Jul 08 02:48:31 UTC 2021 /home/travis/build/icyphy/ptII/ptolemy/actor/lib/test/auto/ArrayAppend2.xml
----------------- Instantiating /home/travis/build/icyphy/ptII/ptolemy/actor/lib/test/auto/ArrayAppend2.xml
377 ms. Memory: 437248K Free: 300725K (69%)
----------------- Invoking toplevel() on ptolemy.moml.MoMLSimpleApplication@3638cebe
----------------- Done invoking toplevel() on ptolemy.moml.MoMLSimpleApplication@3638cebe
reloadAllAccessors: .ArrayAppend2

===========================================================================================
----------------- testing Thu Jul 08 02:48:31 UTC 2021 /home/travis/build/icyphy/ptII/ptolemy/actor/lib/test/auto/ArrayAppend3.xml
----------------- Instantiating /home/travis/build/icyphy/ptII/ptolemy/actor/lib/test/auto/ArrayAppend3.xml
4 ms. Memory: 437248K Free: 295605K (68%)
----------------- Invoking toplevel() on ptolemy.moml.MoMLSimpleApplication@bbc0715
----------------- Done invoking toplevel() on ptolemy.moml.MoMLSimpleApplication@bbc0715
reloadAllAccessors: .ArrayAppend3

===========================================================================================
----------------- testing Thu Jul 08 02:48:31 UTC 2021 /home/travis/build/icyphy/ptII/ptolemy/actor/lib/test/auto/ArrayAppend4.xml
----------------- Instantiating /home/travis/build/icyphy/ptII/ptolemy/actor/lib/test/auto/ArrayAppend4.xml
2 ms. Memory: 437248K Free: 289975K (66%)
----------------- Invoking toplevel() on ptolemy.moml.MoMLSimpleApplication@7c313b50
----------------- Done invoking toplevel() on ptolemy.moml.MoMLSimpleApplication@7c313b50
reloadAllAccessors: .ArrayAppend4

===========================================================================================
----------------- testing Thu Jul 08 02:48:31 UTC 2021 /home/travis/build/icyphy/ptII/ptolemy/actor/lib/test/auto/ArrayAppend5.xml
----------------- Instantiating /home/travis/build/icyphy/ptII/ptolemy/actor/lib/test/auto/ArrayAppend5.xml
8 ms. Memory: 437248K Free: 284855K (65%)
----------------- Invoking toplevel() on ptolemy.moml.MoMLSimpleApplication@1b20c6d0
----------------- Done invoking toplevel() on ptolemy.moml.MoMLSimpleApplication@1b20c6d0
reloadAllAccessors: .ArrayAppend5

===========================================================================================
----------------- testing Thu Jul 08 02:48:31 UTC 2021 /home/travis/build/icyphy/ptII/ptolemy/actor/lib/test/auto/ArrayAppend6.xml
----------------- Instantiating /home/travis/build/icyphy/ptII/ptolemy/actor/lib/test/auto/ArrayAppend6.xml
3 ms. Memory: 437248K Free: 279221K (64%)
----------------- Invoking toplevel() on ptolemy.moml.MoMLSimpleApplication@3693834c
----------------- Done invoking toplevel() on ptolemy.moml.MoMLSimpleApplication@3693834c
reloadAllAccessors: .ArrayAppend6

===========================================================================================
----------------- testing Thu Jul 08 02:48:31 UTC 2021 /home/travis/build/icyphy/ptII/ptolemy/actor/lib/test/auto/ArrayAppendPerformanceTest.xml
----------------- Instantiating /home/travis/build/icyphy/ptII/ptolemy/actor/lib/test/auto/ArrayAppendPerformanceTest.xml
36 ms. Memory: 437248K Free: 268981K (62%)
----------------- Invoking toplevel() on ptolemy.moml.MoMLSimpleApplication@106168d0
----------------- Done invoking toplevel() on ptolemy.moml.MoMLSimpleApplication@106168d0
reloadAllAccessors: .ArrayAppendPerformanceTest

===========================================================================================
----------------- testing Thu Jul 08 02:48:32 UTC 2021 /home/travis/build/icyphy/ptII/ptolemy/actor/lib/test/auto/ArrayAppendWithEmptyInput.xml
----------------- Instantiating /home/travis/build/icyphy/ptII/ptolemy/actor/lib/test/auto/ArrayAppendWithEmptyInput.xml
17 ms. Memory: 437248K Free: 261303K (60%)
----------------- Invoking toplevel() on ptolemy.moml.MoMLSimpleApplication@3cd3df3a
----------------- Done invoking toplevel() on ptolemy.moml.MoMLSimpleApplication@3cd3df3a
reloadAllAccessors: .ArrayAppendWithEmptyInput

===========================================================================================
----------------- testing Thu Jul 08 02:48:32 UTC 2021 /home/travis/build/icyphy/ptII/ptolemy/actor/lib/test/auto/ArrayAverage.xml
----------------- Instantiating /home/travis/build/icyphy/ptII/ptolemy/actor/lib/test/auto/ArrayAverage.xml
12 ms. Memory: 437248K Free: 253621K (58%)
----------------- Invoking toplevel() on ptolemy.moml.MoMLSimpleApplication@6aa40025
----------------- Done invoking toplevel() on ptolemy.moml.MoMLSimpleApplication@6aa40025
reloadAllAccessors: .ArrayAverage

===========================================================================================
----------------- testing Thu Jul 08 02:48:32 UTC 2021 /home/travis/build/icyphy/ptII/ptolemy/actor/lib/test/auto/ArrayContains.xml
----------------- Instantiating /home/travis/build/icyphy/ptII/ptolemy/actor/lib/test/auto/ArrayContains.xml
3 ms. Memory: 437248K Free: 247991K (57%)
----------------- Invoking toplevel() on ptolemy.moml.MoMLSimpleApplication@3acffbd
----------------- Done invoking toplevel() on ptolemy.moml.MoMLSimpleApplication@3acffbd
reloadAllAccessors: .ArrayContains

===========================================================================================
----------------- testing Thu Jul 08 02:48:32 UTC 2021 /home/travis/build/icyphy/ptII/ptolemy/actor/lib/test/auto/ArrayElement.xml
----------------- Instantiating /home/travis/build/icyphy/ptII/ptolemy/actor/lib/test/auto/ArrayElement.xml
4 ms. Memory: 437248K Free: 242326K (55%)
----------------- Invoking toplevel() on ptolemy.moml.MoMLSimpleApplication@32602e26
----------------- Done invoking toplevel() on ptolemy.moml.MoMLSimpleApplication@32602e26
reloadAllAccessors: .ArrayElement

===========================================================================================
----------------- testing Thu Jul 08 02:48:32 UTC 2021 /home/travis/build/icyphy/ptII/ptolemy/actor/lib/test/auto/ArrayElementAsMatrix.xml
----------------- Instantiating /home/travis/build/icyphy/ptII/ptolemy/actor/lib/test/auto/ArrayElementAsMatrix.xml
12 ms. Memory: 437248K Free: 232631K (53%)
----------------- Invoking toplevel() on ptolemy.moml.MoMLSimpleApplication@4a236c1d
----------------- Done invoking toplevel() on ptolemy.moml.MoMLSimpleApplication@4a236c1d
reloadAllAccessors: .ArrayElementAsMatrix

===========================================================================================
----------------- testing Thu Jul 08 02:48:32 UTC 2021 /home/travis/build/icyphy/ptII/ptolemy/actor/lib/test/auto/ArrayElementI.xml
----------------- Instantiating /home/travis/build/icyphy/ptII/ptolemy/actor/lib/test/auto/ArrayElementI.xml
2 ms. Memory: 437248K Free: 226997K (52%)
----------------- Invoking toplevel() on ptolemy.moml.MoMLSimpleApplication@8b737db
----------------- Done invoking toplevel() on ptolemy.moml.MoMLSimpleApplication@8b737db
reloadAllAccessors: .ArrayElementI

===========================================================================================
----------------- testing Thu Jul 08 02:48:32 UTC 2021 /home/travis/build/icyphy/ptII/ptolemy/actor/lib/test/auto/ArrayExtract.xml
----------------- Instantiating /home/travis/build/icyphy/ptII/ptolemy/actor/lib/test/auto/ArrayExtract.xml
7 ms. Memory: 437248K Free: 383671K (88%)
----------------- Invoking toplevel() on ptolemy.moml.MoMLSimpleApplication@57876d9d
----------------- Done invoking toplevel() on ptolemy.moml.MoMLSimpleApplication@57876d9d
reloadAllAccessors: .ArrayExtract

===========================================================================================
----------------- testing Thu Jul 08 02:48:32 UTC 2021 /home/travis/build/icyphy/ptII/ptolemy/actor/lib/test/auto/ArrayExtract2.xml
----------------- Instantiating /home/travis/build/icyphy/ptII/ptolemy/actor/lib/test/auto/ArrayExtract2.xml
2 ms. Memory: 437248K Free: 378022K (86%)
----------------- Invoking toplevel() on ptolemy.moml.MoMLSimpleApplication@2e84b8dd
----------------- Done invoking toplevel() on ptolemy.moml.MoMLSimpleApplication@2e84b8dd
reloadAllAccessors: .ArrayExtract2

===========================================================================================
----------------- testing Thu Jul 08 02:48:32 UTC 2021 /home/travis/build/icyphy/ptII/ptolemy/actor/lib/test/auto/ArrayLength.xml
----------------- Instantiating /home/travis/build/icyphy/ptII/ptolemy/actor/lib/test/auto/ArrayLength.xml
1 ms. Memory: 437248K Free: 374455K (86%)
----------------- Invoking toplevel() on ptolemy.moml.MoMLSimpleApplication@1e9a767a
----------------- Done invoking toplevel() on ptolemy.moml.MoMLSimpleApplication@1e9a767a
reloadAllAccessors: .ArrayLength

===========================================================================================
----------------- testing Thu Jul 08 02:48:32 UTC 2021 /home/travis/build/icyphy/ptII/ptolemy/actor/lib/test/auto/ArrayLevelCrossing.xml
----------------- Instantiating /home/travis/build/icyphy/ptII/ptolemy/actor/lib/test/auto/ArrayLevelCrossing.xml
4 ms. Memory: 437248K Free: 366263K (84%)
----------------- Invoking toplevel() on ptolemy.moml.MoMLSimpleApplication@1c5292f2
----------------- Done invoking toplevel() on ptolemy.moml.MoMLSimpleApplication@1c5292f2
reloadAllAccessors: .ArrayLevelCrossing

===========================================================================================
----------------- testing Thu Jul 08 02:48:32 UTC 2021 /home/travis/build/icyphy/ptII/ptolemy/actor/lib/test/auto/ArrayLevelCrossing2.xml
----------------- Instantiating /home/travis/build/icyphy/ptII/ptolemy/actor/lib/test/auto/ArrayLevelCrossing2.xml
3 ms. Memory: 437248K Free: 359590K (82%)
----------------- Invoking toplevel() on ptolemy.moml.MoMLSimpleApplication@7424c9
----------------- Done invoking toplevel() on ptolemy.moml.MoMLSimpleApplication@7424c9
reloadAllAccessors: .ArrayLevelCrossing2

===========================================================================================
----------------- testing Thu Jul 08 02:48:32 UTC 2021 /home/travis/build/icyphy/ptII/ptolemy/actor/lib/test/auto/ArrayPeakSearch.xml
----------------- Instantiating /home/travis/build/icyphy/ptII/ptolemy/actor/lib/test/auto/ArrayPeakSearch.xml
5 ms. Memory: 437248K Free: 349879K (80%)
----------------- Invoking toplevel() on ptolemy.moml.MoMLSimpleApplication@13c53413
----------------- Done invoking toplevel() on ptolemy.moml.MoMLSimpleApplication@13c53413
reloadAllAccessors: .ArrayPeakSearch

===========================================================================================
----------------- testing Thu Jul 08 02:48:32 UTC 2021 /home/travis/build/icyphy/ptII/ptolemy/actor/lib/test/auto/ArrayPeakSearch2.xml
----------------- Instantiating /home/travis/build/icyphy/ptII/ptolemy/actor/lib/test/auto/ArrayPeakSearch2.xml
4 ms. Memory: 437248K Free: 339639K (78%)
----------------- Invoking toplevel() on ptolemy.moml.MoMLSimpleApplication@677cbac1
----------------- Done invoking toplevel() on ptolemy.moml.MoMLSimpleApplication@677cbac1
reloadAllAccessors: .ArrayPeakSearch2

===========================================================================================
----------------- testing Thu Jul 08 02:48:32 UTC 2021 /home/travis/build/icyphy/ptII/ptolemy/actor/lib/test/auto/ArrayPeakSearch3.xml
----------------- Instantiating /home/travis/build/icyphy/ptII/ptolemy/actor/lib/test/auto/ArrayPeakSearch3.xml
4 ms. Memory: 437248K Free: 330423K (76%)
----------------- Invoking toplevel() on ptolemy.moml.MoMLSimpleApplication@18a015b8
----------------- Done invoking toplevel() on ptolemy.moml.MoMLSimpleApplication@18a015b8
reloadAllAccessors: .ArrayPeakSearch3

===========================================================================================
----------------- testing Thu Jul 08 02:48:32 UTC 2021 /home/travis/build/icyphy/ptII/ptolemy/actor/lib/test/auto/ArrayRemoveElement.xml
----------------- Instantiating /home/travis/build/icyphy/ptII/ptolemy/actor/lib/test/auto/ArrayRemoveElement.xml
3 ms. Memory: 437248K Free: 322741K (74%)
----------------- Invoking toplevel() on ptolemy.moml.MoMLSimpleApplication@149ed6c4
----------------- Done invoking toplevel() on ptolemy.moml.MoMLSimpleApplication@149ed6c4
reloadAllAccessors: .ArrayRemoveElement

===========================================================================================
----------------- testing Thu Jul 08 02:48:32 UTC 2021 /home/travis/build/icyphy/ptII/ptolemy/actor/lib/test/auto/ArraySort.xml
----------------- Instantiating /home/travis/build/icyphy/ptII/ptolemy/actor/lib/test/auto/ArraySort.xml
5 ms. Memory: 437248K Free: 313525K (72%)
----------------- Invoking toplevel() on ptolemy.moml.MoMLSimpleApplication@4b5fbcfd
----------------- Done invoking toplevel() on ptolemy.moml.MoMLSimpleApplication@4b5fbcfd
reloadAllAccessors: .ArraySort

===========================================================================================
----------------- testing Thu Jul 08 02:48:32 UTC 2021 /home/travis/build/icyphy/ptII/ptolemy/actor/lib/test/auto/ArraySum.xml
----------------- Instantiating /home/travis/build/icyphy/ptII/ptolemy/actor/lib/test/auto/ArraySum.xml
5 ms. Memory: 437248K Free: 308405K (71%)
----------------- Invoking toplevel() on ptolemy.moml.MoMLSimpleApplication@9f7699a
----------------- Done invoking toplevel() on ptolemy.moml.MoMLSimpleApplication@9f7699a
reloadAllAccessors: .ArraySum

===========================================================================================
----------------- testing Thu Jul 08 02:48:32 UTC 2021 /home/travis/build/icyphy/ptII/ptolemy/actor/lib/test/auto/ArrayToElements.xml
----------------- Instantiating /home/travis/build/icyphy/ptII/ptolemy/actor/lib/test/auto/ArrayToElements.xml
5 ms. Memory: 437248K Free: 302775K (69%)
----------------- Invoking toplevel() on ptolemy.moml.MoMLSimpleApplication@5be8b6ec
----------------- Done invoking toplevel() on ptolemy.moml.MoMLSimpleApplication@5be8b6ec
reloadAllAccessors: .ArrayToElements

===========================================================================================
----------------- testing Thu Jul 08 02:48:32 UTC 2021 /home/travis/build/icyphy/ptII/ptolemy/actor/lib/test/auto/ArrayToMatrix.xml
----------------- Instantiating /home/travis/build/icyphy/ptII/ptolemy/actor/lib/test/auto/ArrayToMatrix.xml
8 ms. Memory: 437248K Free: 288949K (66%)
----------------- Invoking toplevel() on ptolemy.moml.MoMLSimpleApplication@44000707
----------------- Done invoking toplevel() on ptolemy.moml.MoMLSimpleApplication@44000707
reloadAllAccessors: .ArrayToMatrix

===========================================================================================
----------------- testing Thu Jul 08 02:48:32 UTC 2021 /home/travis/build/icyphy/ptII/ptolemy/actor/lib/test/auto/ArrayUpdate1.xml
----------------- Instantiating /home/travis/build/icyphy/ptII/ptolemy/actor/lib/test/auto/ArrayUpdate1.xml
4 ms. Memory: 437248K Free: 283829K (65%)
----------------- Invoking toplevel() on ptolemy.moml.MoMLSimpleApplication@1bec7715
----------------- Done invoking toplevel() on ptolemy.moml.MoMLSimpleApplication@1bec7715
reloadAllAccessors: .ArrayUpdate1

===========================================================================================
----------------- testing Thu Jul 08 02:48:32 UTC 2021 /home/travis/build/icyphy/ptII/ptolemy/actor/lib/test/auto/ArrayUpdate2.xml
----------------- Instantiating /home/travis/build/icyphy/ptII/ptolemy/actor/lib/test/auto/ArrayUpdate2.xml
3 ms. Memory: 437248K Free: 278199K (64%)
----------------- Invoking toplevel() on ptolemy.moml.MoMLSimpleApplication@66395b02
----------------- Done invoking toplevel() on ptolemy.moml.MoMLSimpleApplication@66395b02
reloadAllAccessors: .ArrayUpdate2

===========================================================================================
----------------- testing Thu Jul 08 02:48:32 UTC 2021 /home/travis/build/icyphy/ptII/ptolemy/actor/lib/test/auto/ArrayUpdate3.xml
----------------- Instantiating /home/travis/build/icyphy/ptII/ptolemy/actor/lib/test/auto/ArrayUpdate3.xml
3 ms. Memory: 437248K Free: 273079K (62%)
----------------- Invoking toplevel() on ptolemy.moml.MoMLSimpleApplication@1b4130ed
----------------- Done invoking toplevel() on ptolemy.moml.MoMLSimpleApplication@1b4130ed
reloadAllAccessors: .ArrayUpdate3

===========================================================================================
----------------- testing Thu Jul 08 02:48:32 UTC 2021 /home/travis/build/icyphy/ptII/ptolemy/actor/lib/test/auto/Assert1.xml
----------------- Instantiating /home/travis/build/icyphy/ptII/ptolemy/actor/lib/test/auto/Assert1.xml
5 ms. Memory: 437248K Free: 268983K (62%)
----------------- Invoking toplevel() on ptolemy.moml.MoMLSimpleApplication@3aaeb56a
----------------- Done invoking toplevel() on ptolemy.moml.MoMLSimpleApplication@3aaeb56a
reloadAllAccessors: .Assert1

===========================================================================================
----------------- testing Thu Jul 08 02:48:32 UTC 2021 /home/travis/build/icyphy/ptII/ptolemy/actor/lib/test/auto/Assert2.xml
----------------- Instantiating /home/travis/build/icyphy/ptII/ptolemy/actor/lib/test/auto/Assert2.xml
1 ms. Memory: 437248K Free: 264373K (60%)
----------------- Invoking toplevel() on ptolemy.moml.MoMLSimpleApplication@3103ab32
----------------- Done invoking toplevel() on ptolemy.moml.MoMLSimpleApplication@3103ab32
reloadAllAccessors: .Assert2

===========================================================================================
----------------- testing Thu Jul 08 02:48:32 UTC 2021 /home/travis/build/icyphy/ptII/ptolemy/actor/lib/test/auto/BooleanMultiplexor.xml
----------------- Instantiating /home/travis/build/icyphy/ptII/ptolemy/actor/lib/test/auto/BooleanMultiplexor.xml
1 ms. Memory: 437248K Free: 259222K (59%)
----------------- Invoking toplevel() on ptolemy.moml.MoMLSimpleApplication@57d51985
----------------- Done invoking toplevel() on ptolemy.moml.MoMLSimpleApplication@57d51985
reloadAllAccessors: .BooleanMultiplexor

===========================================================================================
----------------- testing Thu Jul 08 02:48:32 UTC 2021 /home/travis/build/icyphy/ptII/ptolemy/actor/lib/test/auto/BooleanMultiplexor2.xml
----------------- Instantiating /home/travis/build/icyphy/ptII/ptolemy/actor/lib/test/auto/BooleanMultiplexor2.xml
3 ms. Memory: 437248K Free: 252599K (58%)
----------------- Invoking toplevel() on ptolemy.moml.MoMLSimpleApplication@c912da3
----------------- Done invoking toplevel() on ptolemy.moml.MoMLSimpleApplication@c912da3
reloadAllAccessors: .BooleanMultiplexor2

===========================================================================================
----------------- testing Thu Jul 08 02:48:32 UTC 2021 /home/travis/build/icyphy/ptII/ptolemy/actor/lib/test/auto/BooleanMultiplexor3.xml
----------------- Instantiating /home/travis/build/icyphy/ptII/ptolemy/actor/lib/test/auto/BooleanMultiplexor3.xml
3 ms. Memory: 437248K Free: 249013K (57%)
----------------- Invoking toplevel() on ptolemy.moml.MoMLSimpleApplication@5dc2a4f2
----------------- Done invoking toplevel() on ptolemy.moml.MoMLSimpleApplication@5dc2a4f2
reloadAllAccessors: .BooleanMultiplexor3

===========================================================================================
----------------- testing Thu Jul 08 02:48:32 UTC 2021 /home/travis/build/icyphy/ptII/ptolemy/actor/lib/test/auto/BooleanSelect.xml
----------------- Instantiating /home/travis/build/icyphy/ptII/ptolemy/actor/lib/test/auto/BooleanSelect.xml
3 ms. Memory: 437248K Free: 242854K (56%)
----------------- Invoking toplevel() on ptolemy.moml.MoMLSimpleApplication@6d931c3
----------------- Done invoking toplevel() on ptolemy.moml.MoMLSimpleApplication@6d931c3
reloadAllAccessors: .BooleanSelect

===========================================================================================
----------------- testing Thu Jul 08 02:48:32 UTC 2021 /home/travis/build/icyphy/ptII/ptolemy/actor/lib/test/auto/BooleanSelect2.xml
----------------- Instantiating /home/travis/build/icyphy/ptII/ptolemy/actor/lib/test/auto/BooleanSelect2.xml
1 ms. Memory: 437248K Free: 238773K (55%)
----------------- Invoking toplevel() on ptolemy.moml.MoMLSimpleApplication@37459bbb
----------------- Done invoking toplevel() on ptolemy.moml.MoMLSimpleApplication@37459bbb
reloadAllAccessors: .BooleanSelect2

===========================================================================================
----------------- testing Thu Jul 08 02:48:32 UTC 2021 /home/travis/build/icyphy/ptII/ptolemy/actor/lib/test/auto/BooleanSwitch.xml
----------------- Instantiating /home/travis/build/icyphy/ptII/ptolemy/actor/lib/test/auto/BooleanSwitch.xml
4 ms. Memory: 437248K Free: 232629K (53%)
----------------- Invoking toplevel() on ptolemy.moml.MoMLSimpleApplication@3feac02c
----------------- Done invoking toplevel() on ptolemy.moml.MoMLSimpleApplication@3feac02c
reloadAllAccessors: .BooleanSwitch

===========================================================================================
----------------- testing Thu Jul 08 02:48:32 UTC 2021 /home/travis/build/icyphy/ptII/ptolemy/actor/lib/test/auto/BooleanSwitch2.xml
----------------- Instantiating /home/travis/build/icyphy/ptII/ptolemy/actor/lib/test/auto/BooleanSwitch2.xml
1 ms. Memory: 437248K Free: 228533K (52%)
----------------- Invoking toplevel() on ptolemy.moml.MoMLSimpleApplication@165f2b58
----------------- Done invoking toplevel() on ptolemy.moml.MoMLSimpleApplication@165f2b58
reloadAllAccessors: .BooleanSwitch2

===========================================================================================
----------------- testing Thu Jul 08 02:48:32 UTC 2021 /home/travis/build/icyphy/ptII/ptolemy/actor/lib/test/auto/BooleanSwitchCloningBugWithClassRelationGroup.xml
----------------- Instantiating /home/travis/build/icyphy/ptII/ptolemy/actor/lib/test/auto/BooleanSwitchCloningBugWithClassRelationGroup.xml
4 ms. Memory: 437248K Free: 221879K (51%)
----------------- Invoking toplevel() on ptolemy.moml.MoMLSimpleApplication@5e3f5851
----------------- Done invoking toplevel() on ptolemy.moml.MoMLSimpleApplication@5e3f5851
reloadAllAccessors: .BooleanSwitchCloningBugWithClassRelationGroup

===========================================================================================
----------------- testing Thu Jul 08 02:48:32 UTC 2021 /home/travis/build/icyphy/ptII/ptolemy/actor/lib/test/auto/BusActors.xml
----------------- Instantiating /home/travis/build/icyphy/ptII/ptolemy/actor/lib/test/auto/BusActors.xml
7 ms. Memory: 437248K Free: 214197K (49%)
----------------- Invoking toplevel() on ptolemy.moml.MoMLSimpleApplication@7c846587
----------------- Done invoking toplevel() on ptolemy.moml.MoMLSimpleApplication@7c846587
reloadAllAccessors: .BusActors

===========================================================================================
----------------- testing Thu Jul 08 02:48:33 UTC 2021 /home/travis/build/icyphy/ptII/ptolemy/actor/lib/test/auto/ClassWrapper.xml
----------------- Instantiating /home/travis/build/icyphy/ptII/ptolemy/actor/lib/test/auto/ClassWrapper.xml
2 ms. Memory: 437248K Free: 209591K (48%)
----------------- Invoking toplevel() on ptolemy.moml.MoMLSimpleApplication@277c9657
----------------- Done invoking toplevel() on ptolemy.moml.MoMLSimpleApplication@277c9657
reloadAllAccessors: .ClassWrapper

===========================================================================================
----------------- testing Thu Jul 08 02:48:33 UTC 2021 /home/travis/build/icyphy/ptII/ptolemy/actor/lib/test/auto/Clock.xml
----------------- Instantiating /home/travis/build/icyphy/ptII/ptolemy/actor/lib/test/auto/Clock.xml
3 ms. Memory: 437248K Free: 206005K (47%)
----------------- Invoking toplevel() on ptolemy.moml.MoMLSimpleApplication@522d73e
----------------- Done invoking toplevel() on ptolemy.moml.MoMLSimpleApplication@522d73e
reloadAllAccessors: .Clock

===========================================================================================
----------------- testing Thu Jul 08 02:48:33 UTC 2021 /home/travis/build/icyphy/ptII/ptolemy/actor/lib/test/auto/Clock10.xml
----------------- Instantiating /home/travis/build/icyphy/ptII/ptolemy/actor/lib/test/auto/Clock10.xml
5 ms. Memory: 437248K Free: 199861K (46%)
----------------- Invoking toplevel() on ptolemy.moml.MoMLSimpleApplication@5ad07a67
----------------- Done invoking toplevel() on ptolemy.moml.MoMLSimpleApplication@5ad07a67
reloadAllAccessors: .Clock10

===========================================================================================
----------------- testing Thu Jul 08 02:48:33 UTC 2021 /home/travis/build/icyphy/ptII/ptolemy/actor/lib/test/auto/Clock11.xml
----------------- Instantiating /home/travis/build/icyphy/ptII/ptolemy/actor/lib/test/auto/Clock11.xml
5 ms. Memory: 437248K Free: 193717K (44%)
----------------- Invoking toplevel() on ptolemy.moml.MoMLSimpleApplication@18108f3
----------------- Done invoking toplevel() on ptolemy.moml.MoMLSimpleApplication@18108f3
reloadAllAccessors: .Clock11

===========================================================================================
----------------- testing Thu Jul 08 02:48:33 UTC 2021 /home/travis/build/icyphy/ptII/ptolemy/actor/lib/test/auto/Clock12.xml
----------------- Instantiating /home/travis/build/icyphy/ptII/ptolemy/actor/lib/test/auto/Clock12.xml
7 ms. Memory: 437248K Free: 188087K (43%)
----------------- Invoking toplevel() on ptolemy.moml.MoMLSimpleApplication@48d1fe8c
----------------- Done invoking toplevel() on ptolemy.moml.MoMLSimpleApplication@48d1fe8c
reloadAllAccessors: .Clock12

===========================================================================================
----------------- testing Thu Jul 08 02:48:33 UTC 2021 /home/travis/build/icyphy/ptII/ptolemy/actor/lib/test/auto/Clock13.xml
----------------- Instantiating /home/travis/build/icyphy/ptII/ptolemy/actor/lib/test/auto/Clock13.xml
6 ms. Memory: 437248K Free: 386361K (88%)
----------------- Invoking toplevel() on ptolemy.moml.MoMLSimpleApplication@6bddbdf4
----------------- Done invoking toplevel() on ptolemy.moml.MoMLSimpleApplication@6bddbdf4
reloadAllAccessors: .Clock13

===========================================================================================
----------------- testing Thu Jul 08 02:48:33 UTC 2021 /home/travis/build/icyphy/ptII/ptolemy/actor/lib/test/auto/Clock14.xml
----------------- Instantiating /home/travis/build/icyphy/ptII/ptolemy/actor/lib/test/auto/Clock14.xml
3 ms. Memory: 437248K Free: 380225K (87%)
----------------- Invoking toplevel() on ptolemy.moml.MoMLSimpleApplication@7ee80423
----------------- Done invoking toplevel() on ptolemy.moml.MoMLSimpleApplication@7ee80423
reloadAllAccessors: .Clock14

===========================================================================================
----------------- testing Thu Jul 08 02:48:33 UTC 2021 /home/travis/build/icyphy/ptII/ptolemy/actor/lib/test/auto/Clock15.xml
----------------- Instantiating /home/travis/build/icyphy/ptII/ptolemy/actor/lib/test/auto/Clock15.xml
4 ms. Memory: 437248K Free: 374057K (86%)
----------------- Invoking toplevel() on ptolemy.moml.MoMLSimpleApplication@30210662
----------------- Done invoking toplevel() on ptolemy.moml.MoMLSimpleApplication@30210662
reloadAllAccessors: .Clock15

===========================================================================================
----------------- testing Thu Jul 08 02:48:33 UTC 2021 /home/travis/build/icyphy/ptII/ptolemy/actor/lib/test/auto/Clock16.xml
----------------- Instantiating /home/travis/build/icyphy/ptII/ptolemy/actor/lib/test/auto/Clock16.xml
32 ms. Memory: 437248K Free: 359745K (82%)
----------------- Invoking toplevel() on ptolemy.moml.MoMLSimpleApplication@7252b22b
----------------- Done invoking toplevel() on ptolemy.moml.MoMLSimpleApplication@7252b22b
reloadAllAccessors: .Clock16

===========================================================================================
----------------- testing Thu Jul 08 02:48:33 UTC 2021 /home/travis/build/icyphy/ptII/ptolemy/actor/lib/test/auto/Clock17.xml
----------------- Instantiating /home/travis/build/icyphy/ptII/ptolemy/actor/lib/test/auto/Clock17.xml
22 ms. Memory: 437248K Free: 345401K (79%)
----------------- Invoking toplevel() on ptolemy.moml.MoMLSimpleApplication@1c057b8c
----------------- Done invoking toplevel() on ptolemy.moml.MoMLSimpleApplication@1c057b8c
reloadAllAccessors: .Clock17

===========================================================================================
----------------- testing Thu Jul 08 02:48:33 UTC 2021 /home/travis/build/icyphy/ptII/ptolemy/actor/lib/test/auto/Clock18.xml
----------------- Instantiating /home/travis/build/icyphy/ptII/ptolemy/actor/lib/test/auto/Clock18.xml
21 ms. Memory: 437248K Free: 332617K (76%)
----------------- Invoking toplevel() on ptolemy.moml.MoMLSimpleApplication@bb80c75
----------------- Done invoking toplevel() on ptolemy.moml.MoMLSimpleApplication@bb80c75
reloadAllAccessors: .Clock18

===========================================================================================
----------------- testing Thu Jul 08 02:48:33 UTC 2021 /home/travis/build/icyphy/ptII/ptolemy/actor/lib/test/auto/Clock19.xml
----------------- Instantiating /home/travis/build/icyphy/ptII/ptolemy/actor/lib/test/auto/Clock19.xml
16 ms. Memory: 437248K Free: 319305K (73%)
----------------- Invoking toplevel() on ptolemy.moml.MoMLSimpleApplication@7fdcf5cf
----------------- Done invoking toplevel() on ptolemy.moml.MoMLSimpleApplication@7fdcf5cf
reloadAllAccessors: .Clock19

===========================================================================================
----------------- testing Thu Jul 08 02:48:33 UTC 2021 /home/travis/build/icyphy/ptII/ptolemy/actor/lib/test/auto/Clock2.xml
----------------- Instantiating /home/travis/build/icyphy/ptII/ptolemy/actor/lib/test/auto/Clock2.xml
6 ms. Memory: 437248K Free: 314681K (72%)
----------------- Invoking toplevel() on ptolemy.moml.MoMLSimpleApplication@7e0aad
----------------- Done invoking toplevel() on ptolemy.moml.MoMLSimpleApplication@7e0aad
reloadAllAccessors: .Clock2

===========================================================================================
----------------- testing Thu Jul 08 02:48:33 UTC 2021 /home/travis/build/icyphy/ptII/ptolemy/actor/lib/test/auto/Clock20.xml
----------------- Instantiating /home/travis/build/icyphy/ptII/ptolemy/actor/lib/test/auto/Clock20.xml
9 ms. Memory: 437248K Free: 309575K (71%)
----------------- Invoking toplevel() on ptolemy.moml.MoMLSimpleApplication@758b42e3
----------------- Done invoking toplevel() on ptolemy.moml.MoMLSimpleApplication@758b42e3
reloadAllAccessors: .Clock20

===========================================================================================
----------------- testing Thu Jul 08 02:48:33 UTC 2021 /home/travis/build/icyphy/ptII/ptolemy/actor/lib/test/auto/Clock21.xml
----------------- Instantiating /home/travis/build/icyphy/ptII/ptolemy/actor/lib/test/auto/Clock21.xml
7 ms. Memory: 437248K Free: 303945K (70%)
----------------- Invoking toplevel() on ptolemy.moml.MoMLSimpleApplication@284ce57b
----------------- Done invoking toplevel() on ptolemy.moml.MoMLSimpleApplication@284ce57b
reloadAllAccessors: .Clock21

===========================================================================================
----------------- testing Thu Jul 08 02:48:33 UTC 2021 /home/travis/build/icyphy/ptII/ptolemy/actor/lib/test/auto/Clock22.xml
----------------- Instantiating /home/travis/build/icyphy/ptII/ptolemy/actor/lib/test/auto/Clock22.xml
4 ms. Memory: 437248K Free: 298825K (68%)
----------------- Invoking toplevel() on ptolemy.moml.MoMLSimpleApplication@2b5b3ac7
----------------- Done invoking toplevel() on ptolemy.moml.MoMLSimpleApplication@2b5b3ac7
reloadAllAccessors: .Clock22

===========================================================================================
----------------- testing Thu Jul 08 02:48:33 UTC 2021 /home/travis/build/icyphy/ptII/ptolemy/actor/lib/test/auto/Clock23.xml
----------------- Instantiating /home/travis/build/icyphy/ptII/ptolemy/actor/lib/test/auto/Clock23.xml
5 ms. Memory: 437248K Free: 293191K (67%)
----------------- Invoking toplevel() on ptolemy.moml.MoMLSimpleApplication@68f550f5
----------------- Done invoking toplevel() on ptolemy.moml.MoMLSimpleApplication@68f550f5
reloadAllAccessors: .Clock23

===========================================================================================
----------------- testing Thu Jul 08 02:48:33 UTC 2021 /home/travis/build/icyphy/ptII/ptolemy/actor/lib/test/auto/Clock24.xml
----------------- Instantiating /home/travis/build/icyphy/ptII/ptolemy/actor/lib/test/auto/Clock24.xml
4 ms. Memory: 437248K Free: 288071K (66%)
----------------- Invoking toplevel() on ptolemy.moml.MoMLSimpleApplication@132bb06f
----------------- Done invoking toplevel() on ptolemy.moml.MoMLSimpleApplication@132bb06f
reloadAllAccessors: .Clock24

===========================================================================================
----------------- testing Thu Jul 08 02:48:33 UTC 2021 /home/travis/build/icyphy/ptII/ptolemy/actor/lib/test/auto/Clock4.xml
----------------- Instantiating /home/travis/build/icyphy/ptII/ptolemy/actor/lib/test/auto/Clock4.xml
1 ms. Memory: 437248K Free: 282921K (65%)
----------------- Invoking toplevel() on ptolemy.moml.MoMLSimpleApplication@3c7757a
----------------- Done invoking toplevel() on ptolemy.moml.MoMLSimpleApplication@3c7757a
reloadAllAccessors: .Clock4

===========================================================================================
----------------- testing Thu Jul 08 02:48:33 UTC 2021 /home/travis/build/icyphy/ptII/ptolemy/actor/lib/test/auto/Clock5.xml
----------------- Instantiating /home/travis/build/icyphy/ptII/ptolemy/actor/lib/test/auto/Clock5.xml
1 ms. Memory: 437248K Free: 277321K (63%)
----------------- Invoking toplevel() on ptolemy.moml.MoMLSimpleApplication@25f4d9f0
----------------- Done invoking toplevel() on ptolemy.moml.MoMLSimpleApplication@25f4d9f0
reloadAllAccessors: .Clock5

===========================================================================================
----------------- testing Thu Jul 08 02:48:33 UTC 2021 /home/travis/build/icyphy/ptII/ptolemy/actor/lib/test/auto/Clock6.xml
----------------- Instantiating /home/travis/build/icyphy/ptII/ptolemy/actor/lib/test/auto/Clock6.xml
2 ms. Memory: 437248K Free: 273721K (63%)
----------------- Invoking toplevel() on ptolemy.moml.MoMLSimpleApplication@73b6457c
----------------- Done invoking toplevel() on ptolemy.moml.MoMLSimpleApplication@73b6457c
reloadAllAccessors: .Clock6

===========================================================================================
----------------- testing Thu Jul 08 02:48:33 UTC 2021 /home/travis/build/icyphy/ptII/ptolemy/actor/lib/test/auto/Clock7.xml
----------------- Instantiating /home/travis/build/icyphy/ptII/ptolemy/actor/lib/test/auto/Clock7.xml
1 ms. Memory: 437248K Free: 268615K (61%)
----------------- Invoking toplevel() on ptolemy.moml.MoMLSimpleApplication@353dbeca
----------------- Done invoking toplevel() on ptolemy.moml.MoMLSimpleApplication@353dbeca
reloadAllAccessors: .Clock7

===========================================================================================
----------------- testing Thu Jul 08 02:48:33 UTC 2021 /home/travis/build/icyphy/ptII/ptolemy/actor/lib/test/auto/Clock8.xml
----------------- Instantiating /home/travis/build/icyphy/ptII/ptolemy/actor/lib/test/auto/Clock8.xml
5 ms. Memory: 437248K Free: 263489K (60%)
----------------- Invoking toplevel() on ptolemy.moml.MoMLSimpleApplication@7715bc63
----------------- Done invoking toplevel() on ptolemy.moml.MoMLSimpleApplication@7715bc63
reloadAllAccessors: .Clock8

===========================================================================================
----------------- testing Thu Jul 08 02:48:33 UTC 2021 /home/travis/build/icyphy/ptII/ptolemy/actor/lib/test/auto/Clock9.xml
----------------- Instantiating /home/travis/build/icyphy/ptII/ptolemy/actor/lib/test/auto/Clock9.xml
4 ms. Memory: 437248K Free: 257865K (59%)
----------------- Invoking toplevel() on ptolemy.moml.MoMLSimpleApplication@7b4910ca
----------------- Done invoking toplevel() on ptolemy.moml.MoMLSimpleApplication@7b4910ca
reloadAllAccessors: .Clock9

===========================================================================================
----------------- testing Thu Jul 08 02:48:33 UTC 2021 /home/travis/build/icyphy/ptII/ptolemy/actor/lib/test/auto/CommDistDiscard.xml
----------------- Instantiating /home/travis/build/icyphy/ptII/ptolemy/actor/lib/test/auto/CommDistDiscard.xml
4 ms. Memory: 437248K Free: 252231K (58%)
----------------- Invoking toplevel() on ptolemy.moml.MoMLSimpleApplication@6d74e05a
----------------- Done invoking toplevel() on ptolemy.moml.MoMLSimpleApplication@6d74e05a
reloadAllAccessors: .CommDistDiscard

===========================================================================================
----------------- testing Thu Jul 08 02:48:33 UTC 2021 /home/travis/build/icyphy/ptII/ptolemy/actor/lib/test/auto/Commutator.xml
----------------- Instantiating /home/travis/build/icyphy/ptII/ptolemy/actor/lib/test/auto/Commutator.xml
1 ms. Memory: 437248K Free: 248135K (57%)
----------------- Invoking toplevel() on ptolemy.moml.MoMLSimpleApplication@454a1825
----------------- Done invoking toplevel() on ptolemy.moml.MoMLSimpleApplication@454a1825
reloadAllAccessors: .Commutator

===========================================================================================
----------------- testing Thu Jul 08 02:48:33 UTC 2021 /home/travis/build/icyphy/ptII/ptolemy/actor/lib/test/auto/Commutator2.xml
----------------- Instantiating /home/travis/build/icyphy/ptII/ptolemy/actor/lib/test/auto/Commutator2.xml
1 ms. Memory: 437248K Free: 243529K (56%)
----------------- Invoking toplevel() on ptolemy.moml.MoMLSimpleApplication@3bfd9608
----------------- Done invoking toplevel() on ptolemy.moml.MoMLSimpleApplication@3bfd9608
reloadAllAccessors: .Commutator2

===========================================================================================
----------------- testing Thu Jul 08 02:48:33 UTC 2021 /home/travis/build/icyphy/ptII/ptolemy/actor/lib/test/auto/Commutator3.xml
----------------- Instantiating /home/travis/build/icyphy/ptII/ptolemy/actor/lib/test/auto/Commutator3.xml
2 ms. Memory: 437248K Free: 239433K (55%)
----------------- Invoking toplevel() on ptolemy.moml.MoMLSimpleApplication@3fff6a0f
----------------- Done invoking toplevel() on ptolemy.moml.MoMLSimpleApplication@3fff6a0f
reloadAllAccessors: .Commutator3

===========================================================================================
----------------- testing Thu Jul 08 02:48:33 UTC 2021 /home/travis/build/icyphy/ptII/ptolemy/actor/lib/test/auto/Compare.xml
----------------- Instantiating /home/travis/build/icyphy/ptII/ptolemy/actor/lib/test/auto/Compare.xml
2 ms. Memory: 437248K Free: 232775K (53%)
----------------- Invoking toplevel() on ptolemy.moml.MoMLSimpleApplication@1b566aec
----------------- Done invoking toplevel() on ptolemy.moml.MoMLSimpleApplication@1b566aec
reloadAllAccessors: .Compare

===========================================================================================
----------------- testing Thu Jul 08 02:48:33 UTC 2021 /home/travis/build/icyphy/ptII/ptolemy/actor/lib/test/auto/CompareDE.xml
----------------- Instantiating /home/travis/build/icyphy/ptII/ptolemy/actor/lib/test/auto/CompareDE.xml
3 ms. Memory: 437248K Free: 225593K (52%)
----------------- Invoking toplevel() on ptolemy.moml.MoMLSimpleApplication@3dbc7078
----------------- Done invoking toplevel() on ptolemy.moml.MoMLSimpleApplication@3dbc7078
reloadAllAccessors: .CompareDE

===========================================================================================
----------------- testing Thu Jul 08 02:48:33 UTC 2021 /home/travis/build/icyphy/ptII/ptolemy/actor/lib/test/auto/ComplexDivide.xml
----------------- Instantiating /home/travis/build/icyphy/ptII/ptolemy/actor/lib/test/auto/ComplexDivide.xml
1 ms. Memory: 437248K Free: 222025K (51%)
----------------- Invoking toplevel() on ptolemy.moml.MoMLSimpleApplication@4622657c
----------------- Done invoking toplevel() on ptolemy.moml.MoMLSimpleApplication@4622657c
reloadAllAccessors: .ComplexDivide

===========================================================================================
----------------- testing Thu Jul 08 02:48:33 UTC 2021 /home/travis/build/icyphy/ptII/ptolemy/actor/lib/test/auto/ComputeHistogram.xml
----------------- Instantiating /home/travis/build/icyphy/ptII/ptolemy/actor/lib/test/auto/ComputeHistogram.xml
30 ms. Memory: 437248K Free: 209223K (48%)
----------------- Invoking toplevel() on ptolemy.moml.MoMLSimpleApplication@6b704d40
----------------- Done invoking toplevel() on ptolemy.moml.MoMLSimpleApplication@6b704d40
reloadAllAccessors: .ComputeHistogram

===========================================================================================
----------------- testing Thu Jul 08 02:48:33 UTC 2021 /home/travis/build/icyphy/ptII/ptolemy/actor/lib/test/auto/ConfigurationSelect.xml
----------------- Instantiating /home/travis/build/icyphy/ptII/ptolemy/actor/lib/test/auto/ConfigurationSelect.xml
9 ms. Memory: 437248K Free: 204097K (47%)
----------------- Invoking toplevel() on ptolemy.moml.MoMLSimpleApplication@3aa5538b
----------------- Done invoking toplevel() on ptolemy.moml.MoMLSimpleApplication@3aa5538b
reloadAllAccessors: .ConfigurationSelect

===========================================================================================
----------------- testing Thu Jul 08 02:48:33 UTC 2021 /home/travis/build/icyphy/ptII/ptolemy/actor/lib/test/auto/ConfigurationSelect2.xml
----------------- Instantiating /home/travis/build/icyphy/ptII/ptolemy/actor/lib/test/auto/ConfigurationSelect2.xml
2 ms. Memory: 437248K Free: 199497K (46%)
----------------- Invoking toplevel() on ptolemy.moml.MoMLSimpleApplication@13457b24
----------------- Done invoking toplevel() on ptolemy.moml.MoMLSimpleApplication@13457b24
reloadAllAccessors: .ConfigurationSelect2

===========================================================================================
----------------- testing Thu Jul 08 02:48:33 UTC 2021 /home/travis/build/icyphy/ptII/ptolemy/actor/lib/test/auto/ConfigurationSwitch.xml
----------------- Instantiating /home/travis/build/icyphy/ptII/ptolemy/actor/lib/test/auto/ConfigurationSwitch.xml
3 ms. Memory: 437248K Free: 193863K (44%)
----------------- Invoking toplevel() on ptolemy.moml.MoMLSimpleApplication@7b15248b
----------------- Done invoking toplevel() on ptolemy.moml.MoMLSimpleApplication@7b15248b
reloadAllAccessors: .ConfigurationSwitch

===========================================================================================
----------------- testing Thu Jul 08 02:48:34 UTC 2021 /home/travis/build/icyphy/ptII/ptolemy/actor/lib/test/auto/ConfigurationSwitch2.xml
----------------- Instantiating /home/travis/build/icyphy/ptII/ptolemy/actor/lib/test/auto/ConfigurationSwitch2.xml
3 ms. Memory: 437248K Free: 188743K (43%)
----------------- Invoking toplevel() on ptolemy.moml.MoMLSimpleApplication@2b9a7e02
----------------- Done invoking toplevel() on ptolemy.moml.MoMLSimpleApplication@2b9a7e02
reloadAllAccessors: .ConfigurationSwitch2

===========================================================================================
----------------- testing Thu Jul 08 02:48:34 UTC 2021 /home/travis/build/icyphy/ptII/ptolemy/actor/lib/test/auto/ConfigurationSwitchCloningBugWithClassRelationGroup.xml
----------------- Instantiating /home/travis/build/icyphy/ptII/ptolemy/actor/lib/test/auto/ConfigurationSwitchCloningBugWithClassRelationGroup.xml
1 ms. Memory: 437248K Free: 181575K (42%)
----------------- Invoking toplevel() on ptolemy.moml.MoMLSimpleApplication@65e152f0
----------------- Done invoking toplevel() on ptolemy.moml.MoMLSimpleApplication@65e152f0
reloadAllAccessors: .ConfigurationSwitchCloningBugWithClassRelationGroup

===========================================================================================
----------------- testing Thu Jul 08 02:48:34 UTC 2021 /home/travis/build/icyphy/ptII/ptolemy/actor/lib/test/auto/ConfigurationSwitchSelectSDF.xml
----------------- Instantiating /home/travis/build/icyphy/ptII/ptolemy/actor/lib/test/auto/ConfigurationSwitchSelectSDF.xml
4 ms. Memory: 437248K Free: 175945K (40%)
----------------- Invoking toplevel() on ptolemy.moml.MoMLSimpleApplication@627ab260
----------------- Done invoking toplevel() on ptolemy.moml.MoMLSimpleApplication@627ab260
reloadAllAccessors: .ConfigurationSwitchSelectSDF

===========================================================================================
----------------- testing Thu Jul 08 02:48:34 UTC 2021 /home/travis/build/icyphy/ptII/ptolemy/actor/lib/test/auto/ConfigurationSwitchSelectSDF2.xml
----------------- Instantiating /home/travis/build/icyphy/ptII/ptolemy/actor/lib/test/auto/ConfigurationSwitchSelectSDF2.xml
2 ms. Memory: 437248K Free: 170311K (39%)
----------------- Invoking toplevel() on ptolemy.moml.MoMLSimpleApplication@65b7fa55
----------------- Done invoking toplevel() on ptolemy.moml.MoMLSimpleApplication@65b7fa55
reloadAllAccessors: .ConfigurationSwitchSelectSDF2

===========================================================================================
----------------- testing Thu Jul 08 02:48:34 UTC 2021 /home/travis/build/icyphy/ptII/ptolemy/actor/lib/test/auto/Const.xml
----------------- Instantiating /home/travis/build/icyphy/ptII/ptolemy/actor/lib/test/auto/Const.xml
1 ms. Memory: 437248K Free: 166729K (38%)
----------------- Invoking toplevel() on ptolemy.moml.MoMLSimpleApplication@1392cf9
----------------- Done invoking toplevel() on ptolemy.moml.MoMLSimpleApplication@1392cf9
reloadAllAccessors: .Const

===========================================================================================
----------------- testing Thu Jul 08 02:48:34 UTC 2021 /home/travis/build/icyphy/ptII/ptolemy/actor/lib/test/auto/Const2.xml
----------------- Instantiating /home/travis/build/icyphy/ptII/ptolemy/actor/lib/test/auto/Const2.xml
1 ms. Memory: 437248K Free: 163143K (37%)
----------------- Invoking toplevel() on ptolemy.moml.MoMLSimpleApplication@3f184e5c
----------------- Done invoking toplevel() on ptolemy.moml.MoMLSimpleApplication@3f184e5c
reloadAllAccessors: .Const2

===========================================================================================
----------------- testing Thu Jul 08 02:48:34 UTC 2021 /home/travis/build/icyphy/ptII/ptolemy/actor/lib/test/auto/Const3.xml
----------------- Instantiating /home/travis/build/icyphy/ptII/ptolemy/actor/lib/test/auto/Const3.xml
1 ms. Memory: 437248K Free: 159561K (36%)
----------------- Invoking toplevel() on ptolemy.moml.MoMLSimpleApplication@2f61a868
----------------- Done invoking toplevel() on ptolemy.moml.MoMLSimpleApplication@2f61a868
reloadAllAccessors: .Const3

===========================================================================================
----------------- testing Thu Jul 08 02:48:34 UTC 2021 /home/travis/build/icyphy/ptII/ptolemy/actor/lib/test/auto/ConstantPublisherPort1.xml
----------------- Instantiating /home/travis/build/icyphy/ptII/ptolemy/actor/lib/test/auto/ConstantPublisherPort1.xml
4 ms. Memory: 437248K Free: 150855K (35%)
----------------- Invoking toplevel() on ptolemy.moml.MoMLSimpleApplication@2a7b349f
----------------- Done invoking toplevel() on ptolemy.moml.MoMLSimpleApplication@2a7b349f
reloadAllAccessors: .ConstantPublisherPort1

===========================================================================================
----------------- testing Thu Jul 08 02:48:34 UTC 2021 /home/travis/build/icyphy/ptII/ptolemy/actor/lib/test/auto/ConstantPublisherPort2.xml
----------------- Instantiating /home/travis/build/icyphy/ptII/ptolemy/actor/lib/test/auto/ConstantPublisherPort2.xml
10 ms. Memory: 437248K Free: 143687K (33%)
----------------- Invoking toplevel() on ptolemy.moml.MoMLSimpleApplication@2367aed6
----------------- Done invoking toplevel() on ptolemy.moml.MoMLSimpleApplication@2367aed6
reloadAllAccessors: .ConstantPublisherPort2

===========================================================================================
----------------- testing Thu Jul 08 02:48:34 UTC 2021 /home/travis/build/icyphy/ptII/ptolemy/actor/lib/test/auto/ConstantPublisherPort3.xml
----------------- Instantiating /home/travis/build/icyphy/ptII/ptolemy/actor/lib/test/auto/ConstantPublisherPort3.xml
6 ms. Memory: 437248K Free: 136009K (31%)
----------------- Invoking toplevel() on ptolemy.moml.MoMLSimpleApplication@35996b0c
----------------- Done invoking toplevel() on ptolemy.moml.MoMLSimpleApplication@35996b0c
reloadAllAccessors: .ConstantPublisherPort3

===========================================================================================
----------------- testing Thu Jul 08 02:48:34 UTC 2021 /home/travis/build/icyphy/ptII/ptolemy/actor/lib/test/auto/ConstantPublisherPort4.xml
----------------- Instantiating /home/travis/build/icyphy/ptII/ptolemy/actor/lib/test/auto/ConstantPublisherPort4.xml
2 ms. Memory: 437248K Free: 386613K (88%)
----------------- Invoking toplevel() on ptolemy.moml.MoMLSimpleApplication@6a64c6c6
----------------- Done invoking toplevel() on ptolemy.moml.MoMLSimpleApplication@6a64c6c6
reloadAllAccessors: .ConstantPublisherPort4

===========================================================================================
----------------- testing Thu Jul 08 02:48:34 UTC 2021 /home/travis/build/icyphy/ptII/ptolemy/actor/lib/test/auto/ConstantPublisherPort5.xml
----------------- Instantiating /home/travis/build/icyphy/ptII/ptolemy/actor/lib/test/auto/ConstantPublisherPort5.xml
25 ms. Memory: 437248K Free: 376883K (86%)
----------------- Invoking toplevel() on ptolemy.moml.MoMLSimpleApplication@7d078cc0
----------------- Done invoking toplevel() on ptolemy.moml.MoMLSimpleApplication@7d078cc0
reloadAllAccessors: .ConstantPublisherPort5

===========================================================================================
----------------- testing Thu Jul 08 02:48:34 UTC 2021 /home/travis/build/icyphy/ptII/ptolemy/actor/lib/test/auto/ConstantPublisherPort6.xml
----------------- Instantiating /home/travis/build/icyphy/ptII/ptolemy/actor/lib/test/auto/ConstantPublisherPort6.xml
21 ms. Memory: 437248K Free: 367157K (84%)
----------------- Invoking toplevel() on ptolemy.moml.MoMLSimpleApplication@67b41690
----------------- Done invoking toplevel() on ptolemy.moml.MoMLSimpleApplication@67b41690
reloadAllAccessors: .ConstantPublisherPort6

===========================================================================================
----------------- testing Thu Jul 08 02:48:34 UTC 2021 /home/travis/build/icyphy/ptII/ptolemy/actor/lib/test/auto/ConstantPublisherPort7.xml
----------------- Instantiating /home/travis/build/icyphy/ptII/ptolemy/actor/lib/test/auto/ConstantPublisherPort7.xml
18 ms. Memory: 437248K Free: 357941K (82%)
----------------- Invoking toplevel() on ptolemy.moml.MoMLSimpleApplication@1579e9b8
----------------- Done invoking toplevel() on ptolemy.moml.MoMLSimpleApplication@1579e9b8
reloadAllAccessors: .ConstantPublisherPort7

===========================================================================================
----------------- testing Thu Jul 08 02:48:34 UTC 2021 /home/travis/build/icyphy/ptII/ptolemy/actor/lib/test/auto/ConstraintMonitor1.xml
----------------- Instantiating /home/travis/build/icyphy/ptII/ptolemy/actor/lib/test/auto/ConstraintMonitor1.xml
10 ms. Memory: 437248K Free: 352821K (81%)
----------------- Invoking toplevel() on ptolemy.moml.MoMLSimpleApplication@7c917b14
----------------- Done invoking toplevel() on ptolemy.moml.MoMLSimpleApplication@7c917b14
reloadAllAccessors: .ConstraintMonitor1

===========================================================================================
----------------- testing Thu Jul 08 02:48:34 UTC 2021 /home/travis/build/icyphy/ptII/ptolemy/actor/lib/test/auto/ConstraintMonitor2.xml
----------------- Instantiating /home/travis/build/icyphy/ptII/ptolemy/actor/lib/test/auto/ConstraintMonitor2.xml
6 ms. Memory: 437248K Free: 348211K (80%)
----------------- Invoking toplevel() on ptolemy.moml.MoMLSimpleApplication@359e8ebf
----------------- Done invoking toplevel() on ptolemy.moml.MoMLSimpleApplication@359e8ebf
reloadAllAccessors: .ConstraintMonitor2

===========================================================================================
----------------- testing Thu Jul 08 02:48:34 UTC 2021 /home/travis/build/icyphy/ptII/ptolemy/actor/lib/test/auto/ConstraintMonitor3.xml
----------------- Instantiating /home/travis/build/icyphy/ptII/ptolemy/actor/lib/test/auto/ConstraintMonitor3.xml
9 ms. Memory: 437248K Free: 343605K (79%)
----------------- Invoking toplevel() on ptolemy.moml.MoMLSimpleApplication@2a86ff2c
----------------- Done invoking toplevel() on ptolemy.moml.MoMLSimpleApplication@2a86ff2c
reloadAllAccessors: .ConstraintMonitor3

===========================================================================================
----------------- testing Thu Jul 08 02:48:34 UTC 2021 /home/travis/build/icyphy/ptII/ptolemy/actor/lib/test/auto/ConstraintMonitor4.xml
----------------- Instantiating /home/travis/build/icyphy/ptII/ptolemy/actor/lib/test/auto/ConstraintMonitor4.xml
1 ms. Memory: 437248K Free: 338485K (77%)
----------------- Invoking toplevel() on ptolemy.moml.MoMLSimpleApplication@7545fec
----------------- Done invoking toplevel() on ptolemy.moml.MoMLSimpleApplication@7545fec
reloadAllAccessors: .ConstraintMonitor4

===========================================================================================
----------------- testing Thu Jul 08 02:48:34 UTC 2021 /home/travis/build/icyphy/ptII/ptolemy/actor/lib/test/auto/ConstraintMonitor5.xml
----------------- Instantiating /home/travis/build/icyphy/ptII/ptolemy/actor/lib/test/auto/ConstraintMonitor5.xml
4 ms. Memory: 437248K Free: 332851K (76%)
----------------- Invoking toplevel() on ptolemy.moml.MoMLSimpleApplication@7bf3b348
----------------- Done invoking toplevel() on ptolemy.moml.MoMLSimpleApplication@7bf3b348
reloadAllAccessors: .ConstraintMonitor5

===========================================================================================
----------------- testing Thu Jul 08 02:48:34 UTC 2021 /home/travis/build/icyphy/ptII/ptolemy/actor/lib/test/auto/ConstraintMonitor6.xml
----------------- Instantiating /home/travis/build/icyphy/ptII/ptolemy/actor/lib/test/auto/ConstraintMonitor6.xml
5 ms. Memory: 437248K Free: 326677K (75%)
----------------- Invoking toplevel() on ptolemy.moml.MoMLSimpleApplication@4a21c490
----------------- Done invoking toplevel() on ptolemy.moml.MoMLSimpleApplication@4a21c490
reloadAllAccessors: .ConstraintMonitor6

===========================================================================================
----------------- testing Thu Jul 08 02:48:34 UTC 2021 /home/travis/build/icyphy/ptII/ptolemy/actor/lib/test/auto/ConstraintMonitor7.xml
----------------- Instantiating /home/travis/build/icyphy/ptII/ptolemy/actor/lib/test/auto/ConstraintMonitor7.xml
6 ms. Memory: 437248K Free: 320549K (73%)
----------------- Invoking toplevel() on ptolemy.moml.MoMLSimpleApplication@36316573
----------------- Done invoking toplevel() on ptolemy.moml.MoMLSimpleApplication@36316573
reloadAllAccessors: .ConstraintMonitor7

===========================================================================================
----------------- testing Thu Jul 08 02:48:34 UTC 2021 /home/travis/build/icyphy/ptII/ptolemy/actor/lib/test/auto/ConstraintMonitor8.xml
----------------- Instantiating /home/travis/build/icyphy/ptII/ptolemy/actor/lib/test/auto/ConstraintMonitor8.xml
6 ms. Memory: 437248K Free: 312371K (71%)
----------------- Invoking toplevel() on ptolemy.moml.MoMLSimpleApplication@e7beb66
----------------- Done invoking toplevel() on ptolemy.moml.MoMLSimpleApplication@e7beb66
reloadAllAccessors: .ConstraintMonitor8

===========================================================================================
----------------- testing Thu Jul 08 02:48:34 UTC 2021 /home/travis/build/icyphy/ptII/ptolemy/actor/lib/test/auto/Counter.xml
----------------- Instantiating /home/travis/build/icyphy/ptII/ptolemy/actor/lib/test/auto/Counter.xml
2 ms. Memory: 437248K Free: 307251K (70%)
----------------- Invoking toplevel() on ptolemy.moml.MoMLSimpleApplication@1637d348
----------------- Done invoking toplevel() on ptolemy.moml.MoMLSimpleApplication@1637d348
reloadAllAccessors: .Counter

===========================================================================================
----------------- testing Thu Jul 08 02:48:34 UTC 2021 /home/travis/build/icyphy/ptII/ptolemy/actor/lib/test/auto/CurrentTimeSDF.xml
----------------- Instantiating /home/travis/build/icyphy/ptII/ptolemy/actor/lib/test/auto/CurrentTimeSDF.xml
1 ms. Memory: 437248K Free: 303669K (69%)
----------------- Invoking toplevel() on ptolemy.moml.MoMLSimpleApplication@5cc331
----------------- Done invoking toplevel() on ptolemy.moml.MoMLSimpleApplication@5cc331
reloadAllAccessors: .CurrentTimeSDF

===========================================================================================
----------------- testing Thu Jul 08 02:48:34 UTC 2021 /home/travis/build/icyphy/ptII/ptolemy/actor/lib/test/auto/DB.xml
----------------- Instantiating /home/travis/build/icyphy/ptII/ptolemy/actor/lib/test/auto/DB.xml
2 ms. Memory: 437248K Free: 298549K (68%)
----------------- Invoking toplevel() on ptolemy.moml.MoMLSimpleApplication@1ba66b1
----------------- Done invoking toplevel() on ptolemy.moml.MoMLSimpleApplication@1ba66b1
reloadAllAccessors: .DB

===========================================================================================
----------------- testing Thu Jul 08 02:48:34 UTC 2021 /home/travis/build/icyphy/ptII/ptolemy/actor/lib/test/auto/DBDE.xml
----------------- Instantiating /home/travis/build/icyphy/ptII/ptolemy/actor/lib/test/auto/DBDE.xml
2 ms. Memory: 437248K Free: 292405K (67%)
----------------- Invoking toplevel() on ptolemy.moml.MoMLSimpleApplication@57d8611c
----------------- Done invoking toplevel() on ptolemy.moml.MoMLSimpleApplication@57d8611c
reloadAllAccessors: .DBDE

===========================================================================================
----------------- testing Thu Jul 08 02:48:34 UTC 2021 /home/travis/build/icyphy/ptII/ptolemy/actor/lib/test/auto/DateConstructor.xml
----------------- Instantiating /home/travis/build/icyphy/ptII/ptolemy/actor/lib/test/auto/DateConstructor.xml
23 ms. Memory: 437248K Free: 274997K (63%)
----------------- Invoking toplevel() on ptolemy.moml.MoMLSimpleApplication@10fde2fe
----------------- Done invoking toplevel() on ptolemy.moml.MoMLSimpleApplication@10fde2fe
reloadAllAccessors: .DateConstructor

===========================================================================================
----------------- testing Thu Jul 08 02:48:34 UTC 2021 /home/travis/build/icyphy/ptII/ptolemy/actor/lib/test/auto/DelayTime.xml
----------------- Instantiating /home/travis/build/icyphy/ptII/ptolemy/actor/lib/test/auto/DelayTime.xml
6 ms. Memory: 437248K Free: 269877K (62%)
----------------- Invoking toplevel() on ptolemy.moml.MoMLSimpleApplication@4e7adae2
----------------- Done invoking toplevel() on ptolemy.moml.MoMLSimpleApplication@4e7adae2
reloadAllAccessors: .DelayTime

===========================================================================================
----------------- testing Thu Jul 08 02:48:34 UTC 2021 /home/travis/build/icyphy/ptII/ptolemy/actor/lib/test/auto/Dictionary1.xml
----------------- Instantiating /home/travis/build/icyphy/ptII/ptolemy/actor/lib/test/auto/Dictionary1.xml
1 ms. Memory: 437248K Free: 264243K (60%)
----------------- Invoking toplevel() on ptolemy.moml.MoMLSimpleApplication@7f58632f
----------------- Done invoking toplevel() on ptolemy.moml.MoMLSimpleApplication@7f58632f
reloadAllAccessors: .Dictionary1

===========================================================================================
----------------- testing Thu Jul 08 02:48:34 UTC 2021 /home/travis/build/icyphy/ptII/ptolemy/actor/lib/test/auto/Dictionary2.xml
----------------- Instantiating /home/travis/build/icyphy/ptII/ptolemy/actor/lib/test/auto/Dictionary2.xml
1 ms. Memory: 437248K Free: 258613K (59%)
----------------- Invoking toplevel() on ptolemy.moml.MoMLSimpleApplication@2fc9bbca
----------------- Done invoking toplevel() on ptolemy.moml.MoMLSimpleApplication@2fc9bbca
reloadAllAccessors: .Dictionary2

===========================================================================================
----------------- testing Thu Jul 08 02:48:34 UTC 2021 /home/travis/build/icyphy/ptII/ptolemy/actor/lib/test/auto/Dictionary3.xml
----------------- Instantiating /home/travis/build/icyphy/ptII/ptolemy/actor/lib/test/auto/Dictionary3.xml
2 ms. Memory: 437248K Free: 253493K (58%)
----------------- Invoking toplevel() on ptolemy.moml.MoMLSimpleApplication@4286aa3f
----------------- Done invoking toplevel() on ptolemy.moml.MoMLSimpleApplication@4286aa3f
reloadAllAccessors: .Dictionary3

===========================================================================================
----------------- testing Thu Jul 08 02:48:34 UTC 2021 /home/travis/build/icyphy/ptII/ptolemy/actor/lib/test/auto/Dictionary4.xml
----------------- Instantiating /home/travis/build/icyphy/ptII/ptolemy/actor/lib/test/auto/Dictionary4.xml
2 ms. Memory: 437248K Free: 246325K (56%)
----------------- Invoking toplevel() on ptolemy.moml.MoMLSimpleApplication@211d2b39
----------------- Done invoking toplevel() on ptolemy.moml.MoMLSimpleApplication@211d2b39
reloadAllAccessors: .Dictionary4

===========================================================================================
----------------- testing Thu Jul 08 02:48:34 UTC 2021 /home/travis/build/icyphy/ptII/ptolemy/actor/lib/test/auto/Differential.xml
----------------- Instantiating /home/travis/build/icyphy/ptII/ptolemy/actor/lib/test/auto/Differential.xml
1 ms. Memory: 437248K Free: 241715K (55%)
----------------- Invoking toplevel() on ptolemy.moml.MoMLSimpleApplication@6c534bd6
----------------- Done invoking toplevel() on ptolemy.moml.MoMLSimpleApplication@6c534bd6
reloadAllAccessors: .Differential

===========================================================================================
----------------- testing Thu Jul 08 02:48:34 UTC 2021 /home/travis/build/icyphy/ptII/ptolemy/actor/lib/test/auto/Director.xml
----------------- Instantiating /home/travis/build/icyphy/ptII/ptolemy/actor/lib/test/auto/Director.xml
1 ms. Memory: 437248K Free: 238643K (55%)
----------------- Invoking toplevel() on ptolemy.moml.MoMLSimpleApplication@43e067e7
----------------- Done invoking toplevel() on ptolemy.moml.MoMLSimpleApplication@43e067e7
reloadAllAccessors: .Director

===========================================================================================
----------------- testing Thu Jul 08 02:48:34 UTC 2021 /home/travis/build/icyphy/ptII/ptolemy/actor/lib/test/auto/DiscreteClock.xml
----------------- Instantiating /home/travis/build/icyphy/ptII/ptolemy/actor/lib/test/auto/DiscreteClock.xml
1 ms. Memory: 437248K Free: 234547K (54%)
----------------- Invoking toplevel() on ptolemy.moml.MoMLSimpleApplication@37a1d25b
----------------- Done invoking toplevel() on ptolemy.moml.MoMLSimpleApplication@37a1d25b
reloadAllAccessors: .DiscreteClock

===========================================================================================
----------------- testing Thu Jul 08 02:48:34 UTC 2021 /home/travis/build/icyphy/ptII/ptolemy/actor/lib/test/auto/DiscreteClock10.xml
----------------- Instantiating /home/travis/build/icyphy/ptII/ptolemy/actor/lib/test/auto/DiscreteClock10.xml
3 ms. Memory: 437248K Free: 228403K (52%)
----------------- Invoking toplevel() on ptolemy.moml.MoMLSimpleApplication@1fbac134
----------------- Done invoking toplevel() on ptolemy.moml.MoMLSimpleApplication@1fbac134
reloadAllAccessors: .DiscreteClock10

===========================================================================================
----------------- testing Thu Jul 08 02:48:34 UTC 2021 /home/travis/build/icyphy/ptII/ptolemy/actor/lib/test/auto/DiscreteClock11.xml
----------------- Instantiating /home/travis/build/icyphy/ptII/ptolemy/actor/lib/test/auto/DiscreteClock11.xml
1 ms. Memory: 437248K Free: 222259K (51%)
----------------- Invoking toplevel() on ptolemy.moml.MoMLSimpleApplication@26d019d
----------------- Done invoking toplevel() on ptolemy.moml.MoMLSimpleApplication@26d019d
reloadAllAccessors: .DiscreteClock11

===========================================================================================
----------------- testing Thu Jul 08 02:48:34 UTC 2021 /home/travis/build/icyphy/ptII/ptolemy/actor/lib/test/auto/DiscreteClock12.xml
----------------- Instantiating /home/travis/build/icyphy/ptII/ptolemy/actor/lib/test/auto/DiscreteClock12.xml
2 ms. Memory: 437248K Free: 216629K (50%)
----------------- Invoking toplevel() on ptolemy.moml.MoMLSimpleApplication@7a992113
----------------- Done invoking toplevel() on ptolemy.moml.MoMLSimpleApplication@7a992113
reloadAllAccessors: .DiscreteClock12

===========================================================================================
----------------- testing Thu Jul 08 02:48:34 UTC 2021 /home/travis/build/icyphy/ptII/ptolemy/actor/lib/test/auto/DiscreteClock13.xml
----------------- Instantiating /home/travis/build/icyphy/ptII/ptolemy/actor/lib/test/auto/DiscreteClock13.xml
6 ms. Memory: 437248K Free: 210485K (48%)
----------------- Invoking toplevel() on ptolemy.moml.MoMLSimpleApplication@658d0650
----------------- Done invoking toplevel() on ptolemy.moml.MoMLSimpleApplication@658d0650
reloadAllAccessors: .DiscreteClock13

===========================================================================================
----------------- testing Thu Jul 08 02:48:34 UTC 2021 /home/travis/build/icyphy/ptII/ptolemy/actor/lib/test/auto/DiscreteClock14.xml
----------------- Instantiating /home/travis/build/icyphy/ptII/ptolemy/actor/lib/test/auto/DiscreteClock14.xml
5 ms. Memory: 437248K Free: 204341K (47%)
----------------- Invoking toplevel() on ptolemy.moml.MoMLSimpleApplication@39f4cded
----------------- Done invoking toplevel() on ptolemy.moml.MoMLSimpleApplication@39f4cded
reloadAllAccessors: .DiscreteClock14

===========================================================================================
----------------- testing Thu Jul 08 02:48:34 UTC 2021 /home/travis/build/icyphy/ptII/ptolemy/actor/lib/test/auto/DiscreteClock15.xml
----------------- Instantiating /home/travis/build/icyphy/ptII/ptolemy/actor/lib/test/auto/DiscreteClock15.xml
5 ms. Memory: 437248K Free: 198677K (45%)
----------------- Invoking toplevel() on ptolemy.moml.MoMLSimpleApplication@27b2f228
----------------- Done invoking toplevel() on ptolemy.moml.MoMLSimpleApplication@27b2f228
reloadAllAccessors: .DiscreteClock15

===========================================================================================
----------------- testing Thu Jul 08 02:48:34 UTC 2021 /home/travis/build/icyphy/ptII/ptolemy/actor/lib/test/auto/DiscreteClock16.xml
----------------- Instantiating /home/travis/build/icyphy/ptII/ptolemy/actor/lib/test/auto/DiscreteClock16.xml
16 ms. Memory: 437248K Free: 184885K (42%)
----------------- Invoking toplevel() on ptolemy.moml.MoMLSimpleApplication@d1ce268
----------------- Done invoking toplevel() on ptolemy.moml.MoMLSimpleApplication@d1ce268
reloadAllAccessors: .DiscreteClock16

===========================================================================================
----------------- testing Thu Jul 08 02:48:34 UTC 2021 /home/travis/build/icyphy/ptII/ptolemy/actor/lib/test/auto/DiscreteClock17.xml
----------------- Instantiating /home/travis/build/icyphy/ptII/ptolemy/actor/lib/test/auto/DiscreteClock17.xml
15 ms. Memory: 437248K Free: 170029K (39%)
----------------- Invoking toplevel() on ptolemy.moml.MoMLSimpleApplication@2eef19fd
----------------- Done invoking toplevel() on ptolemy.moml.MoMLSimpleApplication@2eef19fd
reloadAllAccessors: .DiscreteClock17

===========================================================================================
----------------- testing Thu Jul 08 02:48:35 UTC 2021 /home/travis/build/icyphy/ptII/ptolemy/actor/lib/test/auto/DiscreteClock18.xml
----------------- Instantiating /home/travis/build/icyphy/ptII/ptolemy/actor/lib/test/auto/DiscreteClock18.xml
22 ms. Memory: 437248K Free: 156709K (36%)
----------------- Invoking toplevel() on ptolemy.moml.MoMLSimpleApplication@87845e4
----------------- Done invoking toplevel() on ptolemy.moml.MoMLSimpleApplication@87845e4
reloadAllAccessors: .DiscreteClock18

===========================================================================================
----------------- testing Thu Jul 08 02:48:35 UTC 2021 /home/travis/build/icyphy/ptII/ptolemy/actor/lib/test/auto/DiscreteClock19.xml
----------------- Instantiating /home/travis/build/icyphy/ptII/ptolemy/actor/lib/test/auto/DiscreteClock19.xml
20 ms. Memory: 437248K Free: 142901K (33%)
----------------- Invoking toplevel() on ptolemy.moml.MoMLSimpleApplication@29f1fa7a
----------------- Done invoking toplevel() on ptolemy.moml.MoMLSimpleApplication@29f1fa7a
reloadAllAccessors: .DiscreteClock19

===========================================================================================
----------------- testing Thu Jul 08 02:48:35 UTC 2021 /home/travis/build/icyphy/ptII/ptolemy/actor/lib/test/auto/DiscreteClock2.xml
----------------- Instantiating /home/travis/build/icyphy/ptII/ptolemy/actor/lib/test/auto/DiscreteClock2.xml
4 ms. Memory: 437248K Free: 138261K (32%)
----------------- Invoking toplevel() on ptolemy.moml.MoMLSimpleApplication@5644e48e
----------------- Done invoking toplevel() on ptolemy.moml.MoMLSimpleApplication@5644e48e
reloadAllAccessors: .DiscreteClock2

===========================================================================================
----------------- testing Thu Jul 08 02:48:35 UTC 2021 /home/travis/build/icyphy/ptII/ptolemy/actor/lib/test/auto/DiscreteClock20.xml
----------------- Instantiating /home/travis/build/icyphy/ptII/ptolemy/actor/lib/test/auto/DiscreteClock20.xml
6 ms. Memory: 437248K Free: 132661K (30%)
----------------- Invoking toplevel() on ptolemy.moml.MoMLSimpleApplication@398ad115
----------------- Done invoking toplevel() on ptolemy.moml.MoMLSimpleApplication@398ad115
reloadAllAccessors: .DiscreteClock20

===========================================================================================
----------------- testing Thu Jul 08 02:48:35 UTC 2021 /home/travis/build/icyphy/ptII/ptolemy/actor/lib/test/auto/DiscreteClock21.xml
----------------- Instantiating /home/travis/build/icyphy/ptII/ptolemy/actor/lib/test/auto/DiscreteClock21.xml
8 ms. Memory: 437248K Free: 384678K (88%)
----------------- Invoking toplevel() on ptolemy.moml.MoMLSimpleApplication@539b556c
----------------- Done invoking toplevel() on ptolemy.moml.MoMLSimpleApplication@539b556c
reloadAllAccessors: .DiscreteClock21

===========================================================================================
----------------- testing Thu Jul 08 02:48:35 UTC 2021 /home/travis/build/icyphy/ptII/ptolemy/actor/lib/test/auto/DiscreteClock22.xml
----------------- Instantiating /home/travis/build/icyphy/ptII/ptolemy/actor/lib/test/auto/DiscreteClock22.xml
5 ms. Memory: 437248K Free: 379063K (87%)
----------------- Invoking toplevel() on ptolemy.moml.MoMLSimpleApplication@2545a046
----------------- Done invoking toplevel() on ptolemy.moml.MoMLSimpleApplication@2545a046
reloadAllAccessors: .DiscreteClock22

===========================================================================================
----------------- testing Thu Jul 08 02:48:35 UTC 2021 /home/travis/build/icyphy/ptII/ptolemy/actor/lib/test/auto/DiscreteClock23.xml
----------------- Instantiating /home/travis/build/icyphy/ptII/ptolemy/actor/lib/test/auto/DiscreteClock23.xml
9 ms. Memory: 437248K Free: 373429K (85%)
----------------- Invoking toplevel() on ptolemy.moml.MoMLSimpleApplication@2374300c
----------------- Done invoking toplevel() on ptolemy.moml.MoMLSimpleApplication@2374300c
reloadAllAccessors: .DiscreteClock23

===========================================================================================
----------------- testing Thu Jul 08 02:48:35 UTC 2021 /home/travis/build/icyphy/ptII/ptolemy/actor/lib/test/auto/DiscreteClock24.xml
----------------- Instantiating /home/travis/build/icyphy/ptII/ptolemy/actor/lib/test/auto/DiscreteClock24.xml
4 ms. Memory: 437248K Free: 367799K (84%)
----------------- Invoking toplevel() on ptolemy.moml.MoMLSimpleApplication@2a7a641b
----------------- Done invoking toplevel() on ptolemy.moml.MoMLSimpleApplication@2a7a641b
reloadAllAccessors: .DiscreteClock24

===========================================================================================
----------------- testing Thu Jul 08 02:48:35 UTC 2021 /home/travis/build/icyphy/ptII/ptolemy/actor/lib/test/auto/DiscreteClock4.xml
----------------- Instantiating /home/travis/build/icyphy/ptII/ptolemy/actor/lib/test/auto/DiscreteClock4.xml
4 ms. Memory: 437248K Free: 362165K (83%)
----------------- Invoking toplevel() on ptolemy.moml.MoMLSimpleApplication@7d1898c9
----------------- Done invoking toplevel() on ptolemy.moml.MoMLSimpleApplication@7d1898c9
reloadAllAccessors: .DiscreteClock4

===========================================================================================
----------------- testing Thu Jul 08 02:48:35 UTC 2021 /home/travis/build/icyphy/ptII/ptolemy/actor/lib/test/auto/DiscreteClock5.xml
----------------- Instantiating /home/travis/build/icyphy/ptII/ptolemy/actor/lib/test/auto/DiscreteClock5.xml
1 ms. Memory: 437248K Free: 357030K (82%)
----------------- Invoking toplevel() on ptolemy.moml.MoMLSimpleApplication@763ec8f1
----------------- Done invoking toplevel() on ptolemy.moml.MoMLSimpleApplication@763ec8f1
reloadAllAccessors: .DiscreteClock5

===========================================================================================
----------------- testing Thu Jul 08 02:48:35 UTC 2021 /home/travis/build/icyphy/ptII/ptolemy/actor/lib/test/auto/DiscreteClock6.xml
----------------- Instantiating /home/travis/build/icyphy/ptII/ptolemy/actor/lib/test/auto/DiscreteClock6.xml
1 ms. Memory: 437248K Free: 352934K (81%)
----------------- Invoking toplevel() on ptolemy.moml.MoMLSimpleApplication@790a2ff4
----------------- Done invoking toplevel() on ptolemy.moml.MoMLSimpleApplication@790a2ff4
reloadAllAccessors: .DiscreteClock6

===========================================================================================
----------------- testing Thu Jul 08 02:48:35 UTC 2021 /home/travis/build/icyphy/ptII/ptolemy/actor/lib/test/auto/DiscreteClock7.xml
----------------- Instantiating /home/travis/build/icyphy/ptII/ptolemy/actor/lib/test/auto/DiscreteClock7.xml
1 ms. Memory: 437248K Free: 347829K (80%)
----------------- Invoking toplevel() on ptolemy.moml.MoMLSimpleApplication@221773ab
----------------- Done invoking toplevel() on ptolemy.moml.MoMLSimpleApplication@221773ab
reloadAllAccessors: .DiscreteClock7

===========================================================================================
----------------- testing Thu Jul 08 02:48:35 UTC 2021 /home/travis/build/icyphy/ptII/ptolemy/actor/lib/test/auto/DiscreteClock8.xml
----------------- Instantiating /home/travis/build/icyphy/ptII/ptolemy/actor/lib/test/auto/DiscreteClock8.xml
4 ms. Memory: 437248K Free: 342199K (78%)
----------------- Invoking toplevel() on ptolemy.moml.MoMLSimpleApplication@46d892c4
----------------- Done invoking toplevel() on ptolemy.moml.MoMLSimpleApplication@46d892c4
reloadAllAccessors: .DiscreteClock8

===========================================================================================
----------------- testing Thu Jul 08 02:48:35 UTC 2021 /home/travis/build/icyphy/ptII/ptolemy/actor/lib/test/auto/DiscreteClock9.xml
----------------- Instantiating /home/travis/build/icyphy/ptII/ptolemy/actor/lib/test/auto/DiscreteClock9.xml
4 ms. Memory: 437248K Free: 336558K (77%)
----------------- Invoking toplevel() on ptolemy.moml.MoMLSimpleApplication@599ec2bb
----------------- Done invoking toplevel() on ptolemy.moml.MoMLSimpleApplication@599ec2bb
reloadAllAccessors: .DiscreteClock9

===========================================================================================
----------------- testing Thu Jul 08 02:48:35 UTC 2021 /home/travis/build/icyphy/ptII/ptolemy/actor/lib/test/auto/DisplayArray.xml
----------------- Instantiating /home/travis/build/icyphy/ptII/ptolemy/actor/lib/test/auto/DisplayArray.xml
1 ms. Memory: 437248K Free: 332983K (76%)
----------------- Invoking toplevel() on ptolemy.moml.MoMLSimpleApplication@4b196c91
----------------- Done invoking toplevel() on ptolemy.moml.MoMLSimpleApplication@4b196c91
reloadAllAccessors: .DisplayArray

===========================================================================================
----------------- testing Thu Jul 08 02:48:35 UTC 2021 /home/travis/build/icyphy/ptII/ptolemy/actor/lib/test/auto/Distributor.xml
----------------- Instantiating /home/travis/build/icyphy/ptII/ptolemy/actor/lib/test/auto/Distributor.xml
1 ms. Memory: 437248K Free: 327863K (75%)
----------------- Invoking toplevel() on ptolemy.moml.MoMLSimpleApplication@7081e30b
----------------- Done invoking toplevel() on ptolemy.moml.MoMLSimpleApplication@7081e30b
reloadAllAccessors: .Distributor

===========================================================================================
----------------- testing Thu Jul 08 02:48:35 UTC 2021 /home/travis/build/icyphy/ptII/ptolemy/actor/lib/test/auto/Distributor2.xml
----------------- Instantiating /home/travis/build/icyphy/ptII/ptolemy/actor/lib/test/auto/Distributor2.xml
1 ms. Memory: 437248K Free: 323253K (74%)
----------------- Invoking toplevel() on ptolemy.moml.MoMLSimpleApplication@3f0d71a0
----------------- Done invoking toplevel() on ptolemy.moml.MoMLSimpleApplication@3f0d71a0
reloadAllAccessors: .Distributor2

===========================================================================================
----------------- testing Thu Jul 08 02:48:35 UTC 2021 /home/travis/build/icyphy/ptII/ptolemy/actor/lib/test/auto/DownSample.xml
----------------- Instantiating /home/travis/build/icyphy/ptII/ptolemy/actor/lib/test/auto/DownSample.xml
1 ms. Memory: 437248K Free: 318647K (73%)
----------------- Invoking toplevel() on ptolemy.moml.MoMLSimpleApplication@4c2ff208
----------------- Done invoking toplevel() on ptolemy.moml.MoMLSimpleApplication@4c2ff208
reloadAllAccessors: .DownSample

===========================================================================================
----------------- testing Thu Jul 08 02:48:35 UTC 2021 /home/travis/build/icyphy/ptII/ptolemy/actor/lib/test/auto/ElectronicUnitBase1.xml
----------------- Instantiating /home/travis/build/icyphy/ptII/ptolemy/actor/lib/test/auto/ElectronicUnitBase1.xml
15 ms. Memory: 437248K Free: 303287K (69%)
----------------- Invoking toplevel() on ptolemy.moml.MoMLSimpleApplication@1f27f619
----------------- Done invoking toplevel() on ptolemy.moml.MoMLSimpleApplication@1f27f619
reloadAllAccessors: .ElectronicUnitBase1

===========================================================================================
----------------- testing Thu Jul 08 02:48:35 UTC 2021 /home/travis/build/icyphy/ptII/ptolemy/actor/lib/test/auto/ElementsToArray.xml
----------------- Instantiating /home/travis/build/icyphy/ptII/ptolemy/actor/lib/test/auto/ElementsToArray.xml
2 ms. Memory: 437248K Free: 298167K (68%)
----------------- Invoking toplevel() on ptolemy.moml.MoMLSimpleApplication@451e58fd
----------------- Done invoking toplevel() on ptolemy.moml.MoMLSimpleApplication@451e58fd
reloadAllAccessors: .ElementsToArray

===========================================================================================
----------------- testing Thu Jul 08 02:48:35 UTC 2021 /home/travis/build/icyphy/ptII/ptolemy/actor/lib/test/auto/Equals.xml
----------------- Instantiating /home/travis/build/icyphy/ptII/ptolemy/actor/lib/test/auto/Equals.xml
2 ms. Memory: 437248K Free: 293557K (67%)
----------------- Invoking toplevel() on ptolemy.moml.MoMLSimpleApplication@32091f83
----------------- Done invoking toplevel() on ptolemy.moml.MoMLSimpleApplication@32091f83
reloadAllAccessors: .Equals

===========================================================================================
----------------- testing Thu Jul 08 02:48:35 UTC 2021 /home/travis/build/icyphy/ptII/ptolemy/actor/lib/test/auto/Exec.xml
----------------- Instantiating /home/travis/build/icyphy/ptII/ptolemy/actor/lib/test/auto/Exec.xml
17 ms. Memory: 437248K Free: 287413K (66%)
----------------- Invoking toplevel() on ptolemy.moml.MoMLSimpleApplication@1ac8ac2a
----------------- Done invoking toplevel() on ptolemy.moml.MoMLSimpleApplication@1ac8ac2a
reloadAllAccessors: .Exec

===========================================================================================
----------------- testing Thu Jul 08 02:48:35 UTC 2021 /home/travis/build/icyphy/ptII/ptolemy/actor/lib/test/auto/ExecEnvironment.xml
----------------- Instantiating /home/travis/build/icyphy/ptII/ptolemy/actor/lib/test/auto/ExecEnvironment.xml
26 ms. Memory: 437248K Free: 281783K (64%)
----------------- Invoking toplevel() on ptolemy.moml.MoMLSimpleApplication@75448156
----------------- Done invoking toplevel() on ptolemy.moml.MoMLSimpleApplication@75448156
reloadAllAccessors: .ExecEnvironment

===========================================================================================
----------------- testing Thu Jul 08 02:48:35 UTC 2021 /home/travis/build/icyphy/ptII/ptolemy/actor/lib/test/auto/ExecNonZeroReturnOutput.xml
----------------- Instantiating /home/travis/build/icyphy/ptII/ptolemy/actor/lib/test/auto/ExecNonZeroReturnOutput.xml
146 ms. Memory: 437248K Free: 270519K (62%)
----------------- Invoking toplevel() on ptolemy.moml.MoMLSimpleApplication@73644ff4
----------------- Done invoking toplevel() on ptolemy.moml.MoMLSimpleApplication@73644ff4
reloadAllAccessors: .ExecNonZeroReturnOutput

===========================================================================================
----------------- testing Thu Jul 08 02:48:35 UTC 2021 /home/travis/build/icyphy/ptII/ptolemy/actor/lib/test/auto/ExecRunDemos.xml
----------------- Instantiating /home/travis/build/icyphy/ptII/ptolemy/actor/lib/test/auto/ExecRunDemos.xml
Finished: 100 ms. Memory: 129024K Free: 112423K (87%)

Finished: 41 ms. Memory: 129024K Free: 109515K (85%)

Finished: 88 ms. Memory: 129024K Free: 109523K (85%)

Finished: 68 ms. Memory: 129024K Free: 111097K (86%)

Finished: 57 ms. Memory: 129024K Free: 111929K (87%)

10528 ms. Memory: 437248K Free: 249013K (57%)
----------------- Invoking toplevel() on ptolemy.moml.MoMLSimpleApplication@794f52f
----------------- Done invoking toplevel() on ptolemy.moml.MoMLSimpleApplication@794f52f
reloadAllAccessors: .ExecRunDemos

===========================================================================================
----------------- testing Thu Jul 08 02:48:46 UTC 2021 /home/travis/build/icyphy/ptII/ptolemy/actor/lib/test/auto/ExecStop.xml
----------------- Instantiating /home/travis/build/icyphy/ptII/ptolemy/actor/lib/test/auto/ExecStop.xml
5020 ms. Memory: 437248K Free: 131255K (30%)
----------------- Invoking toplevel() on ptolemy.moml.MoMLSimpleApplication@31eb652a
----------------- Done invoking toplevel() on ptolemy.moml.MoMLSimpleApplication@31eb652a
reloadAllAccessors: .ExecStop

===========================================================================================
----------------- testing Thu Jul 08 02:48:51 UTC 2021 /home/travis/build/icyphy/ptII/ptolemy/actor/lib/test/auto/ExecutionTimeSDF.xml
----------------- Instantiating /home/travis/build/icyphy/ptII/ptolemy/actor/lib/test/auto/ExecutionTimeSDF.xml
Fired ExecutionTime: -1372167296
Fired ExecutionTime: 1356800000
Fired ExecutionTime: -163367296
6006 ms. Memory: 437248K Free: 376657K (86%)
----------------- Invoking toplevel() on ptolemy.moml.MoMLSimpleApplication@3f5bfacd
----------------- Done invoking toplevel() on ptolemy.moml.MoMLSimpleApplication@3f5bfacd
reloadAllAccessors: .ExecutionTimeSDF

===========================================================================================
----------------- testing Thu Jul 08 02:48:57 UTC 2021 /home/travis/build/icyphy/ptII/ptolemy/actor/lib/test/auto/Expression1.xml
----------------- Instantiating /home/travis/build/icyphy/ptII/ptolemy/actor/lib/test/auto/Expression1.xml
1 ms. Memory: 437248K Free: 373071K (85%)
----------------- Invoking toplevel() on ptolemy.moml.MoMLSimpleApplication@55763fe3
----------------- Done invoking toplevel() on ptolemy.moml.MoMLSimpleApplication@55763fe3
reloadAllAccessors: .Expression1

===========================================================================================
----------------- testing Thu Jul 08 02:48:57 UTC 2021 /home/travis/build/icyphy/ptII/ptolemy/actor/lib/test/auto/Expression10.xml
----------------- Instantiating /home/travis/build/icyphy/ptII/ptolemy/actor/lib/test/auto/Expression10.xml
6 ms. Memory: 437248K Free: 367951K (84%)
----------------- Invoking toplevel() on ptolemy.moml.MoMLSimpleApplication@3a759c4a
----------------- Done invoking toplevel() on ptolemy.moml.MoMLSimpleApplication@3a759c4a
reloadAllAccessors: .Expression10

===========================================================================================
----------------- testing Thu Jul 08 02:48:57 UTC 2021 /home/travis/build/icyphy/ptII/ptolemy/actor/lib/test/auto/Expression11.xml
----------------- Instantiating /home/travis/build/icyphy/ptII/ptolemy/actor/lib/test/auto/Expression11.xml
2 ms. Memory: 437248K Free: 363343K (83%)
----------------- Invoking toplevel() on ptolemy.moml.MoMLSimpleApplication@4511ce3a
----------------- Done invoking toplevel() on ptolemy.moml.MoMLSimpleApplication@4511ce3a
reloadAllAccessors: .Expression11

===========================================================================================
----------------- testing Thu Jul 08 02:48:57 UTC 2021 /home/travis/build/icyphy/ptII/ptolemy/actor/lib/test/auto/Expression12.xml
----------------- Instantiating /home/travis/build/icyphy/ptII/ptolemy/actor/lib/test/auto/Expression12.xml
3 ms. Memory: 437248K Free: 357711K (82%)
----------------- Invoking toplevel() on ptolemy.moml.MoMLSimpleApplication@129c1c23
----------------- Done invoking toplevel() on ptolemy.moml.MoMLSimpleApplication@129c1c23
reloadAllAccessors: .Expression12

===========================================================================================
----------------- testing Thu Jul 08 02:48:57 UTC 2021 /home/travis/build/icyphy/ptII/ptolemy/actor/lib/test/auto/Expression13.xml
----------------- Instantiating /home/travis/build/icyphy/ptII/ptolemy/actor/lib/test/auto/Expression13.xml
2 ms. Memory: 437248K Free: 352591K (81%)
----------------- Invoking toplevel() on ptolemy.moml.MoMLSimpleApplication@4b315c2e
----------------- Done invoking toplevel() on ptolemy.moml.MoMLSimpleApplication@4b315c2e
reloadAllAccessors: .Expression13

===========================================================================================
----------------- testing Thu Jul 08 02:48:57 UTC 2021 /home/travis/build/icyphy/ptII/ptolemy/actor/lib/test/auto/Expression14.xml
----------------- Instantiating /home/travis/build/icyphy/ptII/ptolemy/actor/lib/test/auto/Expression14.xml
4 ms. Memory: 437248K Free: 346447K (79%)
----------------- Invoking toplevel() on ptolemy.moml.MoMLSimpleApplication@78c16fd7
----------------- Done invoking toplevel() on ptolemy.moml.MoMLSimpleApplication@78c16fd7
reloadAllAccessors: .Expression14

===========================================================================================
----------------- testing Thu Jul 08 02:48:57 UTC 2021 /home/travis/build/icyphy/ptII/ptolemy/actor/lib/test/auto/Expression15.xml
----------------- Instantiating /home/travis/build/icyphy/ptII/ptolemy/actor/lib/test/auto/Expression15.xml
1 ms. Memory: 437248K Free: 342865K (78%)
----------------- Invoking toplevel() on ptolemy.moml.MoMLSimpleApplication@2a7280ab
----------------- Done invoking toplevel() on ptolemy.moml.MoMLSimpleApplication@2a7280ab
reloadAllAccessors: .Expression15

===========================================================================================
----------------- testing Thu Jul 08 02:48:57 UTC 2021 /home/travis/build/icyphy/ptII/ptolemy/actor/lib/test/auto/Expression16.xml
----------------- Instantiating /home/travis/build/icyphy/ptII/ptolemy/actor/lib/test/auto/Expression16.xml
2 ms. Memory: 437248K Free: 337745K (77%)
----------------- Invoking toplevel() on ptolemy.moml.MoMLSimpleApplication@160f0648
----------------- Done invoking toplevel() on ptolemy.moml.MoMLSimpleApplication@160f0648
reloadAllAccessors: .Expression16

===========================================================================================
----------------- testing Thu Jul 08 02:48:57 UTC 2021 /home/travis/build/icyphy/ptII/ptolemy/actor/lib/test/auto/Expression17.xml
----------------- Instantiating /home/travis/build/icyphy/ptII/ptolemy/actor/lib/test/auto/Expression17.xml
3 ms. Memory: 437248K Free: 332625K (76%)
----------------- Invoking toplevel() on ptolemy.moml.MoMLSimpleApplication@62802ac7
----------------- Done invoking toplevel() on ptolemy.moml.MoMLSimpleApplication@62802ac7
reloadAllAccessors: .Expression17

===========================================================================================
----------------- testing Thu Jul 08 02:48:57 UTC 2021 /home/travis/build/icyphy/ptII/ptolemy/actor/lib/test/auto/Expression18.xml
----------------- Instantiating /home/travis/build/icyphy/ptII/ptolemy/actor/lib/test/auto/Expression18.xml
4 ms. Memory: 437248K Free: 326991K (75%)
----------------- Invoking toplevel() on ptolemy.moml.MoMLSimpleApplication@65284e69
----------------- Done invoking toplevel() on ptolemy.moml.MoMLSimpleApplication@65284e69
reloadAllAccessors: .Expression18

===========================================================================================
----------------- testing Thu Jul 08 02:48:57 UTC 2021 /home/travis/build/icyphy/ptII/ptolemy/actor/lib/test/auto/Expression2.xml
----------------- Instantiating /home/travis/build/icyphy/ptII/ptolemy/actor/lib/test/auto/Expression2.xml
3 ms. Memory: 437248K Free: 321871K (74%)
----------------- Invoking toplevel() on ptolemy.moml.MoMLSimpleApplication@1aeae9d0
----------------- Done invoking toplevel() on ptolemy.moml.MoMLSimpleApplication@1aeae9d0
reloadAllAccessors: .Expression2

===========================================================================================
----------------- testing Thu Jul 08 02:48:57 UTC 2021 /home/travis/build/icyphy/ptII/ptolemy/actor/lib/test/auto/Expression3.xml
----------------- Instantiating /home/travis/build/icyphy/ptII/ptolemy/actor/lib/test/auto/Expression3.xml
5 ms. Memory: 437248K Free: 316751K (72%)
----------------- Invoking toplevel() on ptolemy.moml.MoMLSimpleApplication@4bf3b9c0
----------------- Done invoking toplevel() on ptolemy.moml.MoMLSimpleApplication@4bf3b9c0
reloadAllAccessors: .Expression3

===========================================================================================
----------------- testing Thu Jul 08 02:48:57 UTC 2021 /home/travis/build/icyphy/ptII/ptolemy/actor/lib/test/auto/Expression4.xml
----------------- Instantiating /home/travis/build/icyphy/ptII/ptolemy/actor/lib/test/auto/Expression4.xml
4 ms. Memory: 437248K Free: 309583K (71%)
----------------- Invoking toplevel() on ptolemy.moml.MoMLSimpleApplication@7445c27a
----------------- Done invoking toplevel() on ptolemy.moml.MoMLSimpleApplication@7445c27a
reloadAllAccessors: .Expression4

===========================================================================================
----------------- testing Thu Jul 08 02:48:57 UTC 2021 /home/travis/build/icyphy/ptII/ptolemy/actor/lib/test/auto/Expression5.xml
----------------- Instantiating /home/travis/build/icyphy/ptII/ptolemy/actor/lib/test/auto/Expression5.xml
5 ms. Memory: 437248K Free: 304463K (70%)
----------------- Invoking toplevel() on ptolemy.moml.MoMLSimpleApplication@40ccccf9
----------------- Done invoking toplevel() on ptolemy.moml.MoMLSimpleApplication@40ccccf9
reloadAllAccessors: .Expression5

===========================================================================================
----------------- testing Thu Jul 08 02:48:57 UTC 2021 /home/travis/build/icyphy/ptII/ptolemy/actor/lib/test/auto/Expression6.xml
----------------- Instantiating /home/travis/build/icyphy/ptII/ptolemy/actor/lib/test/auto/Expression6.xml
2 ms. Memory: 437248K Free: 299857K (69%)
----------------- Invoking toplevel() on ptolemy.moml.MoMLSimpleApplication@52dac903
----------------- Done invoking toplevel() on ptolemy.moml.MoMLSimpleApplication@52dac903
reloadAllAccessors: .Expression6

===========================================================================================
----------------- testing Thu Jul 08 02:48:57 UTC 2021 /home/travis/build/icyphy/ptII/ptolemy/actor/lib/test/auto/Expression7.xml
----------------- Instantiating /home/travis/build/icyphy/ptII/ptolemy/actor/lib/test/auto/Expression7.xml
2 ms. Memory: 437248K Free: 294737K (67%)
----------------- Invoking toplevel() on ptolemy.moml.MoMLSimpleApplication@642d1f72
----------------- Done invoking toplevel() on ptolemy.moml.MoMLSimpleApplication@642d1f72
reloadAllAccessors: .Expression7

===========================================================================================
----------------- testing Thu Jul 08 02:48:57 UTC 2021 /home/travis/build/icyphy/ptII/ptolemy/actor/lib/test/auto/Expression8.xml
----------------- Instantiating /home/travis/build/icyphy/ptII/ptolemy/actor/lib/test/auto/Expression8.xml
6 ms. Memory: 437248K Free: 289617K (66%)
----------------- Invoking toplevel() on ptolemy.moml.MoMLSimpleApplication@f3bb5af
----------------- Done invoking toplevel() on ptolemy.moml.MoMLSimpleApplication@f3bb5af
reloadAllAccessors: .Expression8

===========================================================================================
----------------- testing Thu Jul 08 02:48:57 UTC 2021 /home/travis/build/icyphy/ptII/ptolemy/actor/lib/test/auto/Expression9.xml
----------------- Instantiating /home/travis/build/icyphy/ptII/ptolemy/actor/lib/test/auto/Expression9.xml
1 ms. Memory: 437248K Free: 286031K (65%)
----------------- Invoking toplevel() on ptolemy.moml.MoMLSimpleApplication@20580aee
----------------- Done invoking toplevel() on ptolemy.moml.MoMLSimpleApplication@20580aee
reloadAllAccessors: .Expression9

===========================================================================================
----------------- testing Thu Jul 08 02:48:57 UTC 2021 /home/travis/build/icyphy/ptII/ptolemy/actor/lib/test/auto/ExpressionConcatenateArrayType.xml
----------------- Instantiating /home/travis/build/icyphy/ptII/ptolemy/actor/lib/test/auto/ExpressionConcatenateArrayType.xml
3 ms. Memory: 437248K Free: 279377K (64%)
----------------- Invoking toplevel() on ptolemy.moml.MoMLSimpleApplication@6b9df6d8
----------------- Done invoking toplevel() on ptolemy.moml.MoMLSimpleApplication@6b9df6d8
reloadAllAccessors: .ExpressionConcatenateArrayType

===========================================================================================
----------------- testing Thu Jul 08 02:48:57 UTC 2021 /home/travis/build/icyphy/ptII/ptolemy/actor/lib/test/auto/ExpressionConcatenateArrayType2.xml
----------------- Instantiating /home/travis/build/icyphy/ptII/ptolemy/actor/lib/test/auto/ExpressionConcatenateArrayType2.xml
2 ms. Memory: 437248K Free: 273743K (63%)
----------------- Invoking toplevel() on ptolemy.moml.MoMLSimpleApplication@62ae8f9c
----------------- Done invoking toplevel() on ptolemy.moml.MoMLSimpleApplication@62ae8f9c
reloadAllAccessors: .ExpressionConcatenateArrayType2

===========================================================================================
----------------- testing Thu Jul 08 02:48:57 UTC 2021 /home/travis/build/icyphy/ptII/ptolemy/actor/lib/test/auto/ExpressionFix.xml
----------------- Instantiating /home/travis/build/icyphy/ptII/ptolemy/actor/lib/test/auto/ExpressionFix.xml
20 ms. Memory: 437248K Free: 267089K (61%)
----------------- Invoking toplevel() on ptolemy.moml.MoMLSimpleApplication@77ea9aab
----------------- Done invoking toplevel() on ptolemy.moml.MoMLSimpleApplication@77ea9aab
reloadAllAccessors: .ExpressionFix

===========================================================================================
----------------- testing Thu Jul 08 02:48:57 UTC 2021 /home/travis/build/icyphy/ptII/ptolemy/actor/lib/test/auto/ExpressionFix2.xml
----------------- Instantiating /home/travis/build/icyphy/ptII/ptolemy/actor/lib/test/auto/ExpressionFix2.xml
3 ms. Memory: 437248K Free: 262993K (60%)
----------------- Invoking toplevel() on ptolemy.moml.MoMLSimpleApplication@2e7d60a0
----------------- Done invoking toplevel() on ptolemy.moml.MoMLSimpleApplication@2e7d60a0
reloadAllAccessors: .ExpressionFix2

===========================================================================================
----------------- testing Thu Jul 08 02:48:57 UTC 2021 /home/travis/build/icyphy/ptII/ptolemy/actor/lib/test/auto/ExpressionFix3.xml
----------------- Instantiating /home/travis/build/icyphy/ptII/ptolemy/actor/lib/test/auto/ExpressionFix3.xml
2 ms. Memory: 437248K Free: 258383K (59%)
----------------- Invoking toplevel() on ptolemy.moml.MoMLSimpleApplication@461f8a70
----------------- Done invoking toplevel() on ptolemy.moml.MoMLSimpleApplication@461f8a70
reloadAllAccessors: .ExpressionFix3

===========================================================================================
----------------- testing Thu Jul 08 02:48:57 UTC 2021 /home/travis/build/icyphy/ptII/ptolemy/actor/lib/test/auto/FileWriter1.xml
----------------- Instantiating /home/travis/build/icyphy/ptII/ptolemy/actor/lib/test/auto/FileWriter1.xml
3 ms. Memory: 437248K Free: 254287K (58%)
----------------- Invoking toplevel() on ptolemy.moml.MoMLSimpleApplication@186bb820
----------------- Done invoking toplevel() on ptolemy.moml.MoMLSimpleApplication@186bb820
reloadAllAccessors: .FileWriter1

===========================================================================================
----------------- testing Thu Jul 08 02:48:57 UTC 2021 /home/travis/build/icyphy/ptII/ptolemy/actor/lib/test/auto/FileWriter2.xml
----------------- Instantiating /home/travis/build/icyphy/ptII/ptolemy/actor/lib/test/auto/FileWriter2.xml
5 ms. Memory: 437248K Free: 250177K (57%)
----------------- Invoking toplevel() on ptolemy.moml.MoMLSimpleApplication@431a46df
----------------- Done invoking toplevel() on ptolemy.moml.MoMLSimpleApplication@431a46df
reloadAllAccessors: .FileWriter2

===========================================================================================
----------------- testing Thu Jul 08 02:48:57 UTC 2021 /home/travis/build/icyphy/ptII/ptolemy/actor/lib/test/auto/FileWriter3.xml
----------------- Instantiating /home/travis/build/icyphy/ptII/ptolemy/actor/lib/test/auto/FileWriter3.xml
5 ms. Memory: 437248K Free: 246095K (56%)
----------------- Invoking toplevel() on ptolemy.moml.MoMLSimpleApplication@16c4ca5d
----------------- Done invoking toplevel() on ptolemy.moml.MoMLSimpleApplication@16c4ca5d
reloadAllAccessors: .FileWriter3

===========================================================================================
----------------- testing Thu Jul 08 02:48:57 UTC 2021 /home/travis/build/icyphy/ptII/ptolemy/actor/lib/test/auto/Gaussian.xml
----------------- Instantiating /home/travis/build/icyphy/ptII/ptolemy/actor/lib/test/auto/Gaussian.xml
4 ms. Memory: 437248K Free: 241489K (55%)
----------------- Invoking toplevel() on ptolemy.moml.MoMLSimpleApplication@19d57fea
----------------- Done invoking toplevel() on ptolemy.moml.MoMLSimpleApplication@19d57fea
reloadAllAccessors: .Gaussian

===========================================================================================
----------------- testing Thu Jul 08 02:48:57 UTC 2021 /home/travis/build/icyphy/ptII/ptolemy/actor/lib/test/auto/Gaussian1.xml
----------------- Instantiating /home/travis/build/icyphy/ptII/ptolemy/actor/lib/test/auto/Gaussian1.xml
2 ms. Memory: 437248K Free: 235825K (54%)
----------------- Invoking toplevel() on ptolemy.moml.MoMLSimpleApplication@340a54b
----------------- Done invoking toplevel() on ptolemy.moml.MoMLSimpleApplication@340a54b
reloadAllAccessors: .Gaussian1

===========================================================================================
----------------- testing Thu Jul 08 02:48:57 UTC 2021 /home/travis/build/icyphy/ptII/ptolemy/actor/lib/test/auto/Gaussian2.xml
----------------- Instantiating /home/travis/build/icyphy/ptII/ptolemy/actor/lib/test/auto/Gaussian2.xml
9 ms. Memory: 437248K Free: 230225K (53%)
----------------- Invoking toplevel() on ptolemy.moml.MoMLSimpleApplication@36805df7
----------------- Done invoking toplevel() on ptolemy.moml.MoMLSimpleApplication@36805df7
reloadAllAccessors: .Gaussian2

===========================================================================================
----------------- testing Thu Jul 08 02:48:57 UTC 2021 /home/travis/build/icyphy/ptII/ptolemy/actor/lib/test/auto/GradientAdaptiveLattice.xml
----------------- Instantiating /home/travis/build/icyphy/ptII/ptolemy/actor/lib/test/auto/GradientAdaptiveLattice.xml
3 ms. Memory: 437248K Free: 225105K (51%)
----------------- Invoking toplevel() on ptolemy.moml.MoMLSimpleApplication@3a6ef2b6
----------------- Done invoking toplevel() on ptolemy.moml.MoMLSimpleApplication@3a6ef2b6
reloadAllAccessors: .GradientAdaptiveLattice

===========================================================================================
----------------- testing Thu Jul 08 02:48:57 UTC 2021 /home/travis/build/icyphy/ptII/ptolemy/actor/lib/test/auto/IIR.xml
----------------- Instantiating /home/travis/build/icyphy/ptII/ptolemy/actor/lib/test/auto/IIR.xml
1 ms. Memory: 437248K Free: 220495K (50%)
----------------- Invoking toplevel() on ptolemy.moml.MoMLSimpleApplication@48d7d85a
----------------- Done invoking toplevel() on ptolemy.moml.MoMLSimpleApplication@48d7d85a
reloadAllAccessors: .IIR

===========================================================================================
----------------- testing Thu Jul 08 02:48:57 UTC 2021 /home/travis/build/icyphy/ptII/ptolemy/actor/lib/test/auto/InputOutputTransparentPorts.xml
----------------- Instantiating /home/travis/build/icyphy/ptII/ptolemy/actor/lib/test/auto/InputOutputTransparentPorts.xml
2 ms. Memory: 437248K Free: 213327K (49%)
----------------- Invoking toplevel() on ptolemy.moml.MoMLSimpleApplication@4dc5207f
----------------- Done invoking toplevel() on ptolemy.moml.MoMLSimpleApplication@4dc5207f
reloadAllAccessors: .InputOutputTransparentPorts

===========================================================================================
----------------- testing Thu Jul 08 02:48:57 UTC 2021 /home/travis/build/icyphy/ptII/ptolemy/actor/lib/test/auto/Interpolator.xml
----------------- Instantiating /home/travis/build/icyphy/ptII/ptolemy/actor/lib/test/auto/Interpolator.xml
4 ms. Memory: 437248K Free: 209231K (48%)
----------------- Invoking toplevel() on ptolemy.moml.MoMLSimpleApplication@61ffe2e5
----------------- Done invoking toplevel() on ptolemy.moml.MoMLSimpleApplication@61ffe2e5
reloadAllAccessors: .Interpolator

===========================================================================================
----------------- testing Thu Jul 08 02:48:58 UTC 2021 /home/travis/build/icyphy/ptII/ptolemy/actor/lib/test/auto/InterpolatorFiringLimitDE.xml
----------------- Instantiating /home/travis/build/icyphy/ptII/ptolemy/actor/lib/test/auto/InterpolatorFiringLimitDE.xml
2 ms. Memory: 437248K Free: 203087K (46%)
----------------- Invoking toplevel() on ptolemy.moml.MoMLSimpleApplication@8a7026c
----------------- Done invoking toplevel() on ptolemy.moml.MoMLSimpleApplication@8a7026c
reloadAllAccessors: .InterpolatorFiringLimitDE

===========================================================================================
----------------- testing Thu Jul 08 02:48:58 UTC 2021 /home/travis/build/icyphy/ptII/ptolemy/actor/lib/test/auto/Lattice.xml
----------------- Instantiating /home/travis/build/icyphy/ptII/ptolemy/actor/lib/test/auto/Lattice.xml
1 ms. Memory: 437248K Free: 198991K (46%)
----------------- Invoking toplevel() on ptolemy.moml.MoMLSimpleApplication@64469d9d
----------------- Done invoking toplevel() on ptolemy.moml.MoMLSimpleApplication@64469d9d
reloadAllAccessors: .Lattice

===========================================================================================
----------------- testing Thu Jul 08 02:48:58 UTC 2021 /home/travis/build/icyphy/ptII/ptolemy/actor/lib/test/auto/LazyAOCTestLazy.xml
----------------- Instantiating /home/travis/build/icyphy/ptII/ptolemy/actor/lib/test/auto/LazyAOCTestLazy.xml
18 ms. Memory: 437248K Free: 192337K (44%)
----------------- Invoking toplevel() on ptolemy.moml.MoMLSimpleApplication@3982f9f0
----------------- Done invoking toplevel() on ptolemy.moml.MoMLSimpleApplication@3982f9f0
reloadAllAccessors: .LazyAOCTestLazy

===========================================================================================
----------------- testing Thu Jul 08 02:48:58 UTC 2021 /home/travis/build/icyphy/ptII/ptolemy/actor/lib/test/auto/LazyAOCTestNonLazy.xml
----------------- Instantiating /home/travis/build/icyphy/ptII/ptolemy/actor/lib/test/auto/LazyAOCTestNonLazy.xml
2 ms. Memory: 437248K Free: 185679K (42%)
----------------- Invoking toplevel() on ptolemy.moml.MoMLSimpleApplication@6192b3c2
----------------- Done invoking toplevel() on ptolemy.moml.MoMLSimpleApplication@6192b3c2
reloadAllAccessors: .LazyAOCTestNonLazy

===========================================================================================
----------------- testing Thu Jul 08 02:48:58 UTC 2021 /home/travis/build/icyphy/ptII/ptolemy/actor/lib/test/auto/LazyInnerClass.xml
----------------- Instantiating /home/travis/build/icyphy/ptII/ptolemy/actor/lib/test/auto/LazyInnerClass.xml
19 ms. Memory: 437248K Free: 176977K (40%)
----------------- Invoking toplevel() on ptolemy.moml.MoMLSimpleApplication@1de5f229
----------------- Done invoking toplevel() on ptolemy.moml.MoMLSimpleApplication@1de5f229
reloadAllAccessors: .LazyInnerClass

===========================================================================================
----------------- testing Thu Jul 08 02:48:58 UTC 2021 /home/travis/build/icyphy/ptII/ptolemy/actor/lib/test/auto/LazyPubSub.xml
----------------- Instantiating /home/travis/build/icyphy/ptII/ptolemy/actor/lib/test/auto/LazyPubSub.xml
20 ms. Memory: 437248K Free: 166737K (38%)
----------------- Invoking toplevel() on ptolemy.moml.MoMLSimpleApplication@6ee6d455
----------------- Done invoking toplevel() on ptolemy.moml.MoMLSimpleApplication@6ee6d455
reloadAllAccessors: .LazyPubSub

===========================================================================================
----------------- testing Thu Jul 08 02:48:58 UTC 2021 /home/travis/build/icyphy/ptII/ptolemy/actor/lib/test/auto/LazyPubSub2.xml
----------------- Instantiating /home/travis/build/icyphy/ptII/ptolemy/actor/lib/test/auto/LazyPubSub2.xml
16 ms. Memory: 437248K Free: 156497K (36%)
----------------- Invoking toplevel() on ptolemy.moml.MoMLSimpleApplication@1b4b9470
----------------- Done invoking toplevel() on ptolemy.moml.MoMLSimpleApplication@1b4b9470
reloadAllAccessors: .LazyPubSub2

===========================================================================================
----------------- testing Thu Jul 08 02:48:58 UTC 2021 /home/travis/build/icyphy/ptII/ptolemy/actor/lib/test/auto/LazyPubSub3.xml
----------------- Instantiating /home/travis/build/icyphy/ptII/ptolemy/actor/lib/test/auto/LazyPubSub3.xml
13 ms. Memory: 437248K Free: 146257K (33%)
----------------- Invoking toplevel() on ptolemy.moml.MoMLSimpleApplication@4ba25460
----------------- Done invoking toplevel() on ptolemy.moml.MoMLSimpleApplication@4ba25460
reloadAllAccessors: .LazyPubSub3

===========================================================================================
----------------- testing Thu Jul 08 02:48:58 UTC 2021 /home/travis/build/icyphy/ptII/ptolemy/actor/lib/test/auto/LazySubClassModel.xml
----------------- Instantiating /home/travis/build/icyphy/ptII/ptolemy/actor/lib/test/auto/LazySubClassModel.xml
1 ms. Memory: 437248K Free: 137041K (31%)
----------------- Invoking toplevel() on ptolemy.moml.MoMLSimpleApplication@19775418
----------------- Done invoking toplevel() on ptolemy.moml.MoMLSimpleApplication@19775418
reloadAllAccessors: .LazySubClassModel

===========================================================================================
----------------- testing Thu Jul 08 02:48:58 UTC 2021 /home/travis/build/icyphy/ptII/ptolemy/actor/lib/test/auto/LevelCrossTest1.xml
----------------- Instantiating /home/travis/build/icyphy/ptII/ptolemy/actor/lib/test/auto/LevelCrossTest1.xml
1 ms. Memory: 437248K Free: 131921K (30%)
----------------- Invoking toplevel() on ptolemy.moml.MoMLSimpleApplication@4fa0b05a
----------------- Done invoking toplevel() on ptolemy.moml.MoMLSimpleApplication@4fa0b05a
reloadAllAccessors: .broken

===========================================================================================
----------------- testing Thu Jul 08 02:48:58 UTC 2021 /home/travis/build/icyphy/ptII/ptolemy/actor/lib/test/auto/LevelCrossTest10.xml
----------------- Instantiating /home/travis/build/icyphy/ptII/ptolemy/actor/lib/test/auto/LevelCrossTest10.xml
1 ms. Memory: 437248K Free: 380735K (87%)
----------------- Invoking toplevel() on ptolemy.moml.MoMLSimpleApplication@3eda84a3
----------------- Done invoking toplevel() on ptolemy.moml.MoMLSimpleApplication@3eda84a3
reloadAllAccessors: .LevelCrossTest10

===========================================================================================
----------------- testing Thu Jul 08 02:48:58 UTC 2021 /home/travis/build/icyphy/ptII/ptolemy/actor/lib/test/auto/LevelCrossTest11.xml
----------------- Instantiating /home/travis/build/icyphy/ptII/ptolemy/actor/lib/test/auto/LevelCrossTest11.xml
1 ms. Memory: 437248K Free: 373567K (85%)
----------------- Invoking toplevel() on ptolemy.moml.MoMLSimpleApplication@5093bb1f
----------------- Done invoking toplevel() on ptolemy.moml.MoMLSimpleApplication@5093bb1f
reloadAllAccessors: .LevelCrossTest11

===========================================================================================
----------------- testing Thu Jul 08 02:48:58 UTC 2021 /home/travis/build/icyphy/ptII/ptolemy/actor/lib/test/auto/LevelCrossTest12.xml
----------------- Instantiating /home/travis/build/icyphy/ptII/ptolemy/actor/lib/test/auto/LevelCrossTest12.xml
1 ms. Memory: 437248K Free: 366909K (84%)
----------------- Invoking toplevel() on ptolemy.moml.MoMLSimpleApplication@1180a09d
----------------- Done invoking toplevel() on ptolemy.moml.MoMLSimpleApplication@1180a09d
reloadAllAccessors: .LevelCrossTest12

===========================================================================================
----------------- testing Thu Jul 08 02:48:58 UTC 2021 /home/travis/build/icyphy/ptII/ptolemy/actor/lib/test/auto/LevelCrossTest13.xml
----------------- Instantiating /home/travis/build/icyphy/ptII/ptolemy/actor/lib/test/auto/LevelCrossTest13.xml
1 ms. Memory: 437248K Free: 359741K (82%)
----------------- Invoking toplevel() on ptolemy.moml.MoMLSimpleApplication@4a7d8411
----------------- Done invoking toplevel() on ptolemy.moml.MoMLSimpleApplication@4a7d8411
reloadAllAccessors: .LevelCrossTest13

===========================================================================================
----------------- testing Thu Jul 08 02:48:58 UTC 2021 /home/travis/build/icyphy/ptII/ptolemy/actor/lib/test/auto/LevelCrossTest2.xml
----------------- Instantiating /home/travis/build/icyphy/ptII/ptolemy/actor/lib/test/auto/LevelCrossTest2.xml
3 ms. Memory: 437248K Free: 354111K (81%)
----------------- Invoking toplevel() on ptolemy.moml.MoMLSimpleApplication@6e1f4af3
----------------- Done invoking toplevel() on ptolemy.moml.MoMLSimpleApplication@6e1f4af3
reloadAllAccessors: .broken

===========================================================================================
----------------- testing Thu Jul 08 02:48:58 UTC 2021 /home/travis/build/icyphy/ptII/ptolemy/actor/lib/test/auto/LevelCrossTest3.xml
----------------- Instantiating /home/travis/build/icyphy/ptII/ptolemy/actor/lib/test/auto/LevelCrossTest3.xml
4 ms. Memory: 437248K Free: 347453K (79%)
----------------- Invoking toplevel() on ptolemy.moml.MoMLSimpleApplication@484ea9f1
----------------- Done invoking toplevel() on ptolemy.moml.MoMLSimpleApplication@484ea9f1
reloadAllAccessors: .LevelCrossTest3

===========================================================================================
----------------- testing Thu Jul 08 02:48:58 UTC 2021 /home/travis/build/icyphy/ptII/ptolemy/actor/lib/test/auto/LevelCrossTest4.xml
----------------- Instantiating /home/travis/build/icyphy/ptII/ptolemy/actor/lib/test/auto/LevelCrossTest4.xml
1 ms. Memory: 437248K Free: 342333K (78%)
----------------- Invoking toplevel() on ptolemy.moml.MoMLSimpleApplication@70c35fb5
----------------- Done invoking toplevel() on ptolemy.moml.MoMLSimpleApplication@70c35fb5
reloadAllAccessors: .broken

===========================================================================================
----------------- testing Thu Jul 08 02:48:58 UTC 2021 /home/travis/build/icyphy/ptII/ptolemy/actor/lib/test/auto/LevelCrossTest5.xml
----------------- Instantiating /home/travis/build/icyphy/ptII/ptolemy/actor/lib/test/auto/LevelCrossTest5.xml
3 ms. Memory: 437248K Free: 336189K (77%)
----------------- Invoking toplevel() on ptolemy.moml.MoMLSimpleApplication@70289bec
----------------- Done invoking toplevel() on ptolemy.moml.MoMLSimpleApplication@70289bec
reloadAllAccessors: .LevelCrossTest5

===========================================================================================
----------------- testing Thu Jul 08 02:48:58 UTC 2021 /home/travis/build/icyphy/ptII/ptolemy/actor/lib/test/auto/LevelCrossTest6.xml
----------------- Instantiating /home/travis/build/icyphy/ptII/ptolemy/actor/lib/test/auto/LevelCrossTest6.xml
1 ms. Memory: 437248K Free: 329535K (75%)
----------------- Invoking toplevel() on ptolemy.moml.MoMLSimpleApplication@1db48f2
----------------- Done invoking toplevel() on ptolemy.moml.MoMLSimpleApplication@1db48f2
reloadAllAccessors: .LevelCrossTest6

===========================================================================================
----------------- testing Thu Jul 08 02:48:58 UTC 2021 /home/travis/build/icyphy/ptII/ptolemy/actor/lib/test/auto/LevelCrossTest7.xml
----------------- Instantiating /home/travis/build/icyphy/ptII/ptolemy/actor/lib/test/auto/LevelCrossTest7.xml
1 ms. Memory: 437248K Free: 321343K (73%)
----------------- Invoking toplevel() on ptolemy.moml.MoMLSimpleApplication@267f5ea0
----------------- Done invoking toplevel() on ptolemy.moml.MoMLSimpleApplication@267f5ea0
reloadAllAccessors: .LevelCrossTest7

===========================================================================================
----------------- testing Thu Jul 08 02:48:58 UTC 2021 /home/travis/build/icyphy/ptII/ptolemy/actor/lib/test/auto/LevelCrossTest8.xml
----------------- Instantiating /home/travis/build/icyphy/ptII/ptolemy/actor/lib/test/auto/LevelCrossTest8.xml
1 ms. Memory: 437248K Free: 314685K (72%)
----------------- Invoking toplevel() on ptolemy.moml.MoMLSimpleApplication@51076cdd
----------------- Done invoking toplevel() on ptolemy.moml.MoMLSimpleApplication@51076cdd
reloadAllAccessors: .LevelCrossTest8

===========================================================================================
----------------- testing Thu Jul 08 02:48:58 UTC 2021 /home/travis/build/icyphy/ptII/ptolemy/actor/lib/test/auto/LevelCrossTest9.xml
----------------- Instantiating /home/travis/build/icyphy/ptII/ptolemy/actor/lib/test/auto/LevelCrossTest9.xml
2 ms. Memory: 437248K Free: 307517K (70%)
----------------- Invoking toplevel() on ptolemy.moml.MoMLSimpleApplication@376e3274
----------------- Done invoking toplevel() on ptolemy.moml.MoMLSimpleApplication@376e3274
reloadAllAccessors: .LevelCrossTest9

===========================================================================================
----------------- testing Thu Jul 08 02:48:58 UTC 2021 /home/travis/build/icyphy/ptII/ptolemy/actor/lib/test/auto/LevinsonDurbin.xml
----------------- Instantiating /home/travis/build/icyphy/ptII/ptolemy/actor/lib/test/auto/LevinsonDurbin.xml
1 ms. Memory: 437248K Free: 303421K (69%)
----------------- Invoking toplevel() on ptolemy.moml.MoMLSimpleApplication@53bb8c91
----------------- Done invoking toplevel() on ptolemy.moml.MoMLSimpleApplication@53bb8c91
reloadAllAccessors: .LevinsonDurbin

===========================================================================================
----------------- testing Thu Jul 08 02:48:58 UTC 2021 /home/travis/build/icyphy/ptII/ptolemy/actor/lib/test/auto/LevinsonDurbin2.xml
----------------- Instantiating /home/travis/build/icyphy/ptII/ptolemy/actor/lib/test/auto/LevinsonDurbin2.xml
1 ms. Memory: 437248K Free: 299839K (69%)
----------------- Invoking toplevel() on ptolemy.moml.MoMLSimpleApplication@83dae42
----------------- Done invoking toplevel() on ptolemy.moml.MoMLSimpleApplication@83dae42
reloadAllAccessors: .LevinsonDurbin2

===========================================================================================
----------------- testing Thu Jul 08 02:48:58 UTC 2021 /home/travis/build/icyphy/ptII/ptolemy/actor/lib/test/auto/LevinsonDurbin3.xml
----------------- Instantiating /home/travis/build/icyphy/ptII/ptolemy/actor/lib/test/auto/LevinsonDurbin3.xml
2 ms. Memory: 437248K Free: 295743K (68%)
----------------- Invoking toplevel() on ptolemy.moml.MoMLSimpleApplication@76ffa5f7
----------------- Done invoking toplevel() on ptolemy.moml.MoMLSimpleApplication@76ffa5f7
reloadAllAccessors: .LevinsonDurbin3

===========================================================================================
----------------- testing Thu Jul 08 02:48:58 UTC 2021 /home/travis/build/icyphy/ptII/ptolemy/actor/lib/test/auto/Limiter.xml
----------------- Instantiating /home/travis/build/icyphy/ptII/ptolemy/actor/lib/test/auto/Limiter.xml
4 ms. Memory: 437248K Free: 286527K (66%)
----------------- Invoking toplevel() on ptolemy.moml.MoMLSimpleApplication@6df68ac8
----------------- Done invoking toplevel() on ptolemy.moml.MoMLSimpleApplication@6df68ac8
reloadAllAccessors: .Limiter

===========================================================================================
----------------- testing Thu Jul 08 02:48:58 UTC 2021 /home/travis/build/icyphy/ptII/ptolemy/actor/lib/test/auto/LinearDifferenceEquationSystem.xml
----------------- Instantiating /home/travis/build/icyphy/ptII/ptolemy/actor/lib/test/auto/LinearDifferenceEquationSystem.xml
3 ms. Memory: 437248K Free: 278845K (64%)
----------------- Invoking toplevel() on ptolemy.moml.MoMLSimpleApplication@2793c399
----------------- Done invoking toplevel() on ptolemy.moml.MoMLSimpleApplication@2793c399
reloadAllAccessors: .LinearDifferenceEquationSystem

===========================================================================================
----------------- testing Thu Jul 08 02:48:58 UTC 2021 /home/travis/build/icyphy/ptII/ptolemy/actor/lib/test/auto/LookupTable.xml
----------------- Instantiating /home/travis/build/icyphy/ptII/ptolemy/actor/lib/test/auto/LookupTable.xml
1 ms. Memory: 437248K Free: 274239K (63%)
----------------- Invoking toplevel() on ptolemy.moml.MoMLSimpleApplication@29987bd2
----------------- Done invoking toplevel() on ptolemy.moml.MoMLSimpleApplication@29987bd2
reloadAllAccessors: .LookupTable

===========================================================================================
----------------- testing Thu Jul 08 02:48:58 UTC 2021 /home/travis/build/icyphy/ptII/ptolemy/actor/lib/test/auto/MathFunction.xml
----------------- Instantiating /home/travis/build/icyphy/ptII/ptolemy/actor/lib/test/auto/MathFunction.xml
2 ms. Memory: 437248K Free: 266047K (61%)
----------------- Invoking toplevel() on ptolemy.moml.MoMLSimpleApplication@52108a9e
----------------- Done invoking toplevel() on ptolemy.moml.MoMLSimpleApplication@52108a9e
reloadAllAccessors: .MathFunction

===========================================================================================
----------------- testing Thu Jul 08 02:48:58 UTC 2021 /home/travis/build/icyphy/ptII/ptolemy/actor/lib/test/auto/MathFunction2.xml
----------------- Instantiating /home/travis/build/icyphy/ptII/ptolemy/actor/lib/test/auto/MathFunction2.xml
11 ms. Memory: 437248K Free: 261951K (60%)
----------------- Invoking toplevel() on ptolemy.moml.MoMLSimpleApplication@337314a8
----------------- Done invoking toplevel() on ptolemy.moml.MoMLSimpleApplication@337314a8
reloadAllAccessors: .MathFunction2

===========================================================================================
----------------- testing Thu Jul 08 02:48:58 UTC 2021 /home/travis/build/icyphy/ptII/ptolemy/actor/lib/test/auto/MathFunction3.xml
----------------- Instantiating /home/travis/build/icyphy/ptII/ptolemy/actor/lib/test/auto/MathFunction3.xml
1 ms. Memory: 437248K Free: 254783K (58%)
----------------- Invoking toplevel() on ptolemy.moml.MoMLSimpleApplication@5fcb769
----------------- Done invoking toplevel() on ptolemy.moml.MoMLSimpleApplication@5fcb769
reloadAllAccessors: .MathFunction3

===========================================================================================
----------------- testing Thu Jul 08 02:48:58 UTC 2021 /home/travis/build/icyphy/ptII/ptolemy/actor/lib/test/auto/MatrixCropBoolean.xml
----------------- Instantiating /home/travis/build/icyphy/ptII/ptolemy/actor/lib/test/auto/MatrixCropBoolean.xml
2 ms. Memory: 437248K Free: 249663K (57%)
----------------- Invoking toplevel() on ptolemy.moml.MoMLSimpleApplication@5cb45c79
----------------- Done invoking toplevel() on ptolemy.moml.MoMLSimpleApplication@5cb45c79
reloadAllAccessors: .MatrixCropBoolean

===========================================================================================
----------------- testing Thu Jul 08 02:48:58 UTC 2021 /home/travis/build/icyphy/ptII/ptolemy/actor/lib/test/auto/MatrixCropComplex.xml
----------------- Instantiating /home/travis/build/icyphy/ptII/ptolemy/actor/lib/test/auto/MatrixCropComplex.xml
2 ms. Memory: 437248K Free: 244543K (56%)
----------------- Invoking toplevel() on ptolemy.moml.MoMLSimpleApplication@576421dd
----------------- Done invoking toplevel() on ptolemy.moml.MoMLSimpleApplication@576421dd
reloadAllAccessors: .MatrixCropComplex

===========================================================================================
----------------- testing Thu Jul 08 02:48:58 UTC 2021 /home/travis/build/icyphy/ptII/ptolemy/actor/lib/test/auto/MatrixCropDouble.xml
----------------- Instantiating /home/travis/build/icyphy/ptII/ptolemy/actor/lib/test/auto/MatrixCropDouble.xml
2 ms. Memory: 437248K Free: 239927K (55%)
----------------- Invoking toplevel() on ptolemy.moml.MoMLSimpleApplication@23ae3ade
----------------- Done invoking toplevel() on ptolemy.moml.MoMLSimpleApplication@23ae3ade
reloadAllAccessors: .MatrixCropDouble

===========================================================================================
----------------- testing Thu Jul 08 02:48:58 UTC 2021 /home/travis/build/icyphy/ptII/ptolemy/actor/lib/test/auto/MatrixCropFix.xml
----------------- Instantiating /home/travis/build/icyphy/ptII/ptolemy/actor/lib/test/auto/MatrixCropFix.xml
1 ms. Memory: 437248K Free: 234807K (54%)
----------------- Invoking toplevel() on ptolemy.moml.MoMLSimpleApplication@6e19ccfc
----------------- Done invoking toplevel() on ptolemy.moml.MoMLSimpleApplication@6e19ccfc
reloadAllAccessors: .MatrixCropFix

===========================================================================================
----------------- testing Thu Jul 08 02:48:58 UTC 2021 /home/travis/build/icyphy/ptII/ptolemy/actor/lib/test/auto/MatrixCropInt.xml
----------------- Instantiating /home/travis/build/icyphy/ptII/ptolemy/actor/lib/test/auto/MatrixCropInt.xml
1 ms. Memory: 437248K Free: 229663K (53%)
----------------- Invoking toplevel() on ptolemy.moml.MoMLSimpleApplication@7916b128
----------------- Done invoking toplevel() on ptolemy.moml.MoMLSimpleApplication@7916b128
reloadAllAccessors: .MatrixCropInt

===========================================================================================
----------------- testing Thu Jul 08 02:48:58 UTC 2021 /home/travis/build/icyphy/ptII/ptolemy/actor/lib/test/auto/MatrixCropLong.xml
----------------- Instantiating /home/travis/build/icyphy/ptII/ptolemy/actor/lib/test/auto/MatrixCropLong.xml
1 ms. Memory: 437248K Free: 224543K (51%)
----------------- Invoking toplevel() on ptolemy.moml.MoMLSimpleApplication@46a45c49
----------------- Done invoking toplevel() on ptolemy.moml.MoMLSimpleApplication@46a45c49
reloadAllAccessors: .MatrixCropLong

===========================================================================================
----------------- testing Thu Jul 08 02:48:58 UTC 2021 /home/travis/build/icyphy/ptII/ptolemy/actor/lib/test/auto/MatrixToArray.xml
----------------- Instantiating /home/travis/build/icyphy/ptII/ptolemy/actor/lib/test/auto/MatrixToArray.xml
5 ms. Memory: 437248K Free: 209727K (48%)
----------------- Invoking toplevel() on ptolemy.moml.MoMLSimpleApplication@6c0ad885
----------------- Done invoking toplevel() on ptolemy.moml.MoMLSimpleApplication@6c0ad885
reloadAllAccessors: .MatrixToArray

===========================================================================================
----------------- testing Thu Jul 08 02:48:58 UTC 2021 /home/travis/build/icyphy/ptII/ptolemy/actor/lib/test/auto/MaxIndex.xml
----------------- Instantiating /home/travis/build/icyphy/ptII/ptolemy/actor/lib/test/auto/MaxIndex.xml
2 ms. Memory: 437248K Free: 204607K (47%)
----------------- Invoking toplevel() on ptolemy.moml.MoMLSimpleApplication@4152038d
----------------- Done invoking toplevel() on ptolemy.moml.MoMLSimpleApplication@4152038d
reloadAllAccessors: .MaxIndex

===========================================================================================
----------------- testing Thu Jul 08 02:48:58 UTC 2021 /home/travis/build/icyphy/ptII/ptolemy/actor/lib/test/auto/Maximum.xml
----------------- Instantiating /home/travis/build/icyphy/ptII/ptolemy/actor/lib/test/auto/Maximum.xml
2 ms. Memory: 437248K Free: 197919K (45%)
----------------- Invoking toplevel() on ptolemy.moml.MoMLSimpleApplication@41a293a2
----------------- Done invoking toplevel() on ptolemy.moml.MoMLSimpleApplication@41a293a2
reloadAllAccessors: .Maximum

===========================================================================================
----------------- testing Thu Jul 08 02:48:58 UTC 2021 /home/travis/build/icyphy/ptII/ptolemy/actor/lib/test/auto/MaximumComplex.xml
----------------- Instantiating /home/travis/build/icyphy/ptII/ptolemy/actor/lib/test/auto/MaximumComplex.xml
2 ms. Memory: 437248K Free: 191791K (44%)
----------------- Invoking toplevel() on ptolemy.moml.MoMLSimpleApplication@5c3dcdaa
----------------- Done invoking toplevel() on ptolemy.moml.MoMLSimpleApplication@5c3dcdaa
reloadAllAccessors: .MaximumComplex

===========================================================================================
----------------- testing Thu Jul 08 02:48:58 UTC 2021 /home/travis/build/icyphy/ptII/ptolemy/actor/lib/test/auto/MethodCallTest.xml
----------------- Instantiating /home/travis/build/icyphy/ptII/ptolemy/actor/lib/test/auto/MethodCallTest.xml
2 ms. Memory: 437248K Free: 185151K (42%)
----------------- Invoking toplevel() on ptolemy.moml.MoMLSimpleApplication@a76a3cf
----------------- Done invoking toplevel() on ptolemy.moml.MoMLSimpleApplication@a76a3cf
reloadAllAccessors: .MethodCallTest

===========================================================================================
----------------- testing Thu Jul 08 02:48:58 UTC 2021 /home/travis/build/icyphy/ptII/ptolemy/actor/lib/test/auto/Minimum.xml
----------------- Instantiating /home/travis/build/icyphy/ptII/ptolemy/actor/lib/test/auto/Minimum.xml
2 ms. Memory: 437248K Free: 178479K (41%)
----------------- Invoking toplevel() on ptolemy.moml.MoMLSimpleApplication@691398b1
----------------- Done invoking toplevel() on ptolemy.moml.MoMLSimpleApplication@691398b1
reloadAllAccessors: .Minimum

===========================================================================================
----------------- testing Thu Jul 08 02:48:58 UTC 2021 /home/travis/build/icyphy/ptII/ptolemy/actor/lib/test/auto/MinimumComplex.xml
----------------- Instantiating /home/travis/build/icyphy/ptII/ptolemy/actor/lib/test/auto/MinimumComplex.xml
2 ms. Memory: 437248K Free: 172335K (39%)
----------------- Invoking toplevel() on ptolemy.moml.MoMLSimpleApplication@5bf54db5
----------------- Done invoking toplevel() on ptolemy.moml.MoMLSimpleApplication@5bf54db5
reloadAllAccessors: .MinimumComplex

===========================================================================================
----------------- testing Thu Jul 08 02:48:58 UTC 2021 /home/travis/build/icyphy/ptII/ptolemy/actor/lib/test/auto/MinimumMultiports.xml
----------------- Instantiating /home/travis/build/icyphy/ptII/ptolemy/actor/lib/test/auto/MinimumMultiports.xml
3 ms. Memory: 437248K Free: 163647K (37%)
----------------- Invoking toplevel() on ptolemy.moml.MoMLSimpleApplication@1d2029b2
----------------- Done invoking toplevel() on ptolemy.moml.MoMLSimpleApplication@1d2029b2
reloadAllAccessors: .MinimumMultiports

===========================================================================================
----------------- testing Thu Jul 08 02:48:58 UTC 2021 /home/travis/build/icyphy/ptII/ptolemy/actor/lib/test/auto/ModifyDate.xml
----------------- Instantiating /home/travis/build/icyphy/ptII/ptolemy/actor/lib/test/auto/ModifyDate.xml
4 ms. Memory: 437248K Free: 150845K (34%)
----------------- Invoking toplevel() on ptolemy.moml.MoMLSimpleApplication@3e84b258
----------------- Done invoking toplevel() on ptolemy.moml.MoMLSimpleApplication@3e84b258
reloadAllAccessors: .ModifyDate

===========================================================================================
----------------- testing Thu Jul 08 02:48:59 UTC 2021 /home/travis/build/icyphy/ptII/ptolemy/actor/lib/test/auto/ModifyDate2.xml
----------------- Instantiating /home/travis/build/icyphy/ptII/ptolemy/actor/lib/test/auto/ModifyDate2.xml
2 ms. Memory: 437248K Free: 142143K (33%)
----------------- Invoking toplevel() on ptolemy.moml.MoMLSimpleApplication@2df1815a
----------------- Done invoking toplevel() on ptolemy.moml.MoMLSimpleApplication@2df1815a
reloadAllAccessors: .ModifyDate2

===========================================================================================
----------------- testing Thu Jul 08 02:48:59 UTC 2021 /home/travis/build/icyphy/ptII/ptolemy/actor/lib/test/auto/MovingAverage.xml
----------------- Instantiating /home/travis/build/icyphy/ptII/ptolemy/actor/lib/test/auto/MovingAverage.xml
1 ms. Memory: 437248K Free: 137023K (31%)
----------------- Invoking toplevel() on ptolemy.moml.MoMLSimpleApplication@8398688
----------------- Done invoking toplevel() on ptolemy.moml.MoMLSimpleApplication@8398688
reloadAllAccessors: .MovingAverage

===========================================================================================
----------------- testing Thu Jul 08 02:48:59 UTC 2021 /home/travis/build/icyphy/ptII/ptolemy/actor/lib/test/auto/MovingMaximum.xml
----------------- Instantiating /home/travis/build/icyphy/ptII/ptolemy/actor/lib/test/auto/MovingMaximum.xml
2 ms. Memory: 437248K Free: 132413K (30%)
----------------- Invoking toplevel() on ptolemy.moml.MoMLSimpleApplication@5d6eeb10
----------------- Done invoking toplevel() on ptolemy.moml.MoMLSimpleApplication@5d6eeb10
reloadAllAccessors: .MovingMaximum

===========================================================================================
----------------- testing Thu Jul 08 02:48:59 UTC 2021 /home/travis/build/icyphy/ptII/ptolemy/actor/lib/test/auto/MultipleLinksToSameRelation.xml
----------------- Instantiating /home/travis/build/icyphy/ptII/ptolemy/actor/lib/test/auto/MultipleLinksToSameRelation.xml
2 ms. Memory: 437248K Free: 385317K (88%)
----------------- Invoking toplevel() on ptolemy.moml.MoMLSimpleApplication@5a5bbb6d
----------------- Done invoking toplevel() on ptolemy.moml.MoMLSimpleApplication@5a5bbb6d
reloadAllAccessors: .MultipleLinksToSameRelation

===========================================================================================
----------------- testing Thu Jul 08 02:48:59 UTC 2021 /home/travis/build/icyphy/ptII/ptolemy/actor/lib/test/auto/MultipleLinksToSameRelationDE.xml
----------------- Instantiating /home/travis/build/icyphy/ptII/ptolemy/actor/lib/test/auto/MultipleLinksToSameRelationDE.xml
1 ms. Memory: 437248K Free: 380183K (87%)
----------------- Invoking toplevel() on ptolemy.moml.MoMLSimpleApplication@692ff9f5
----------------- Done invoking toplevel() on ptolemy.moml.MoMLSimpleApplication@692ff9f5
reloadAllAccessors: .MultipleLinksToSameRelationDE

===========================================================================================
----------------- testing Thu Jul 08 02:48:59 UTC 2021 /home/travis/build/icyphy/ptII/ptolemy/actor/lib/test/auto/Multiplexor.xml
----------------- Instantiating /home/travis/build/icyphy/ptII/ptolemy/actor/lib/test/auto/Multiplexor.xml
2 ms. Memory: 437248K Free: 374567K (86%)
----------------- Invoking toplevel() on ptolemy.moml.MoMLSimpleApplication@200a217c
----------------- Done invoking toplevel() on ptolemy.moml.MoMLSimpleApplication@200a217c
reloadAllAccessors: .Multiplexor

===========================================================================================
----------------- testing Thu Jul 08 02:48:59 UTC 2021 /home/travis/build/icyphy/ptII/ptolemy/actor/lib/test/auto/Multiplexor1.xml
----------------- Instantiating /home/travis/build/icyphy/ptII/ptolemy/actor/lib/test/auto/Multiplexor1.xml
2 ms. Memory: 437248K Free: 368903K (84%)
----------------- Invoking toplevel() on ptolemy.moml.MoMLSimpleApplication@fa92b2e
----------------- Done invoking toplevel() on ptolemy.moml.MoMLSimpleApplication@fa92b2e
reloadAllAccessors: .Multiplexor1

===========================================================================================
----------------- testing Thu Jul 08 02:48:59 UTC 2021 /home/travis/build/icyphy/ptII/ptolemy/actor/lib/test/auto/Multiplexor2.xml
----------------- Instantiating /home/travis/build/icyphy/ptII/ptolemy/actor/lib/test/auto/Multiplexor2.xml
2 ms. Memory: 437248K Free: 362279K (83%)
----------------- Invoking toplevel() on ptolemy.moml.MoMLSimpleApplication@13b85b05
----------------- Done invoking toplevel() on ptolemy.moml.MoMLSimpleApplication@13b85b05
reloadAllAccessors: .Multiplexor2

===========================================================================================
----------------- testing Thu Jul 08 02:48:59 UTC 2021 /home/travis/build/icyphy/ptII/ptolemy/actor/lib/test/auto/Multiplexor3.xml
----------------- Instantiating /home/travis/build/icyphy/ptII/ptolemy/actor/lib/test/auto/Multiplexor3.xml
1 ms. Memory: 437248K Free: 358183K (82%)
----------------- Invoking toplevel() on ptolemy.moml.MoMLSimpleApplication@32be2c6d
----------------- Done invoking toplevel() on ptolemy.moml.MoMLSimpleApplication@32be2c6d
reloadAllAccessors: .Multiplexor3

===========================================================================================
----------------- testing Thu Jul 08 02:48:59 UTC 2021 /home/travis/build/icyphy/ptII/ptolemy/actor/lib/test/auto/MultiplexorDE.xml
----------------- Instantiating /home/travis/build/icyphy/ptII/ptolemy/actor/lib/test/auto/MultiplexorDE.xml
2 ms. Memory: 437248K Free: 350487K (80%)
----------------- Invoking toplevel() on ptolemy.moml.MoMLSimpleApplication@58b01a1b
----------------- Done invoking toplevel() on ptolemy.moml.MoMLSimpleApplication@58b01a1b
reloadAllAccessors: .MultiplexorDE

===========================================================================================
----------------- testing Thu Jul 08 02:48:59 UTC 2021 /home/travis/build/icyphy/ptII/ptolemy/actor/lib/test/auto/MultiportBroadcastTest.xml
----------------- Instantiating /home/travis/build/icyphy/ptII/ptolemy/actor/lib/test/auto/MultiportBroadcastTest.xml
80 ms. Memory: 437248K Free: 343847K (79%)
----------------- Invoking toplevel() on ptolemy.moml.MoMLSimpleApplication@5512b330
----------------- Done invoking toplevel() on ptolemy.moml.MoMLSimpleApplication@5512b330
reloadAllAccessors: .MultiportBroadcastTest

===========================================================================================
----------------- testing Thu Jul 08 02:48:59 UTC 2021 /home/travis/build/icyphy/ptII/ptolemy/actor/lib/test/auto/MultiportOutHangDuringGetWidth.xml
----------------- Instantiating /home/travis/build/icyphy/ptII/ptolemy/actor/lib/test/auto/MultiportOutHangDuringGetWidth.xml
4 ms. Memory: 437248K Free: 331559K (76%)
----------------- Invoking toplevel() on ptolemy.moml.MoMLSimpleApplication@1069db8e
----------------- Done invoking toplevel() on ptolemy.moml.MoMLSimpleApplication@1069db8e
reloadAllAccessors: .MultiportOutHangDuringGetWidth

===========================================================================================
----------------- testing Thu Jul 08 02:48:59 UTC 2021 /home/travis/build/icyphy/ptII/ptolemy/actor/lib/test/auto/NilToken.xml
----------------- Instantiating /home/travis/build/icyphy/ptII/ptolemy/actor/lib/test/auto/NilToken.xml
1 ms. Memory: 437248K Free: 327463K (75%)
----------------- Invoking toplevel() on ptolemy.moml.MoMLSimpleApplication@1a302bac
----------------- Done invoking toplevel() on ptolemy.moml.MoMLSimpleApplication@1a302bac
reloadAllAccessors: .NilToken

===========================================================================================
----------------- testing Thu Jul 08 02:48:59 UTC 2021 /home/travis/build/icyphy/ptII/ptolemy/actor/lib/test/auto/NilTokenNonStrictTest.xml
----------------- Instantiating /home/travis/build/icyphy/ptII/ptolemy/actor/lib/test/auto/NilTokenNonStrictTest.xml
1 ms. Memory: 437248K Free: 322853K (74%)
----------------- Invoking toplevel() on ptolemy.moml.MoMLSimpleApplication@68da5059
----------------- Done invoking toplevel() on ptolemy.moml.MoMLSimpleApplication@68da5059
reloadAllAccessors: .NilTokenNonStrictTest

===========================================================================================
----------------- testing Thu Jul 08 02:48:59 UTC 2021 /home/travis/build/icyphy/ptII/ptolemy/actor/lib/test/auto/NilTokenRecord.xml
----------------- Instantiating /home/travis/build/icyphy/ptII/ptolemy/actor/lib/test/auto/NilTokenRecord.xml
10 ms. Memory: 437248K Free: 316199K (72%)
----------------- Invoking toplevel() on ptolemy.moml.MoMLSimpleApplication@750f8fb6
----------------- Done invoking toplevel() on ptolemy.moml.MoMLSimpleApplication@750f8fb6
reloadAllAccessors: .NilTokenRecord

===========================================================================================
----------------- testing Thu Jul 08 02:48:59 UTC 2021 /home/travis/build/icyphy/ptII/ptolemy/actor/lib/test/auto/NilTokenTypeTest.xml
----------------- Instantiating /home/travis/build/icyphy/ptII/ptolemy/actor/lib/test/auto/NilTokenTypeTest.xml
2 ms. Memory: 437248K Free: 306469K (70%)
----------------- Invoking toplevel() on ptolemy.moml.MoMLSimpleApplication@2b534469
----------------- Done invoking toplevel() on ptolemy.moml.MoMLSimpleApplication@2b534469
reloadAllAccessors: .NilTokenTypeTest

===========================================================================================
----------------- testing Thu Jul 08 02:48:59 UTC 2021 /home/travis/build/icyphy/ptII/ptolemy/actor/lib/test/auto/ObjectToken1.xml
----------------- Instantiating /home/travis/build/icyphy/ptII/ptolemy/actor/lib/test/auto/ObjectToken1.xml
3 ms. Memory: 437248K Free: 302373K (69%)
----------------- Invoking toplevel() on ptolemy.moml.MoMLSimpleApplication@34be6982
----------------- Done invoking toplevel() on ptolemy.moml.MoMLSimpleApplication@34be6982
reloadAllAccessors: .ObjectToken1

===========================================================================================
----------------- testing Thu Jul 08 02:48:59 UTC 2021 /home/travis/build/icyphy/ptII/ptolemy/actor/lib/test/auto/OrderedMerge.xml
----------------- Instantiating /home/travis/build/icyphy/ptII/ptolemy/actor/lib/test/auto/OrderedMerge.xml
8 ms. Memory: 437248K Free: 296743K (68%)
----------------- Invoking toplevel() on ptolemy.moml.MoMLSimpleApplication@23091459
----------------- Done invoking toplevel() on ptolemy.moml.MoMLSimpleApplication@23091459
reloadAllAccessors: .OrderedMerge

===========================================================================================
----------------- testing Thu Jul 08 02:48:59 UTC 2021 /home/travis/build/icyphy/ptII/ptolemy/actor/lib/test/auto/OrderedRecordDisassembler.xml
----------------- Instantiating /home/travis/build/icyphy/ptII/ptolemy/actor/lib/test/auto/OrderedRecordDisassembler.xml
2 ms. Memory: 437248K Free: 291623K (67%)
----------------- Invoking toplevel() on ptolemy.moml.MoMLSimpleApplication@388c1713
----------------- Done invoking toplevel() on ptolemy.moml.MoMLSimpleApplication@388c1713
reloadAllAccessors: .OrderedRecordDisassembler

===========================================================================================
----------------- testing Thu Jul 08 02:48:59 UTC 2021 /home/travis/build/icyphy/ptII/ptolemy/actor/lib/test/auto/OrderedRecordDisassembler2.xml
----------------- Instantiating /home/travis/build/icyphy/ptII/ptolemy/actor/lib/test/auto/OrderedRecordDisassembler2.xml
3 ms. Memory: 437248K Free: 283927K (65%)
----------------- Invoking toplevel() on ptolemy.moml.MoMLSimpleApplication@7953316d
----------------- Done invoking toplevel() on ptolemy.moml.MoMLSimpleApplication@7953316d
reloadAllAccessors: .OrderedRecordDisassembler2

===========================================================================================
----------------- testing Thu Jul 08 02:48:59 UTC 2021 /home/travis/build/icyphy/ptII/ptolemy/actor/lib/test/auto/OrderedRecordUpdater.xml
----------------- Instantiating /home/travis/build/icyphy/ptII/ptolemy/actor/lib/test/auto/OrderedRecordUpdater.xml
1 ms. Memory: 437248K Free: 279333K (64%)
----------------- Invoking toplevel() on ptolemy.moml.MoMLSimpleApplication@68c30a3c
----------------- Done invoking toplevel() on ptolemy.moml.MoMLSimpleApplication@68c30a3c
reloadAllAccessors: .RecordUpdater

===========================================================================================
----------------- testing Thu Jul 08 02:48:59 UTC 2021 /home/travis/build/icyphy/ptII/ptolemy/actor/lib/test/auto/OrderedRecordUpdater2.xml
----------------- Instantiating /home/travis/build/icyphy/ptII/ptolemy/actor/lib/test/auto/OrderedRecordUpdater2.xml
2 ms. Memory: 437248K Free: 274215K (63%)
----------------- Invoking toplevel() on ptolemy.moml.MoMLSimpleApplication@22708cbe
----------------- Done invoking toplevel() on ptolemy.moml.MoMLSimpleApplication@22708cbe
reloadAllAccessors: .RecordUpdater2

===========================================================================================
----------------- testing Thu Jul 08 02:48:59 UTC 2021 /home/travis/build/icyphy/ptII/ptolemy/actor/lib/test/auto/PhaseUnwrap.xml
----------------- Instantiating /home/travis/build/icyphy/ptII/ptolemy/actor/lib/test/auto/PhaseUnwrap.xml
1 ms. Memory: 437248K Free: 269095K (62%)
----------------- Invoking toplevel() on ptolemy.moml.MoMLSimpleApplication@2667c0f3
----------------- Done invoking toplevel() on ptolemy.moml.MoMLSimpleApplication@2667c0f3
reloadAllAccessors: .PhaseUnwrap

===========================================================================================
----------------- testing Thu Jul 08 02:48:59 UTC 2021 /home/travis/build/icyphy/ptII/ptolemy/actor/lib/test/auto/PoissonClock.xml
----------------- Instantiating /home/travis/build/icyphy/ptII/ptolemy/actor/lib/test/auto/PoissonClock.xml
1 ms. Memory: 437248K Free: 264999K (61%)
----------------- Invoking toplevel() on ptolemy.moml.MoMLSimpleApplication@250dff4d
----------------- Done invoking toplevel() on ptolemy.moml.MoMLSimpleApplication@250dff4d
reloadAllAccessors: .PoissonClock

===========================================================================================
----------------- testing Thu Jul 08 02:48:59 UTC 2021 /home/travis/build/icyphy/ptII/ptolemy/actor/lib/test/auto/PoissonClock2.xml
----------------- Instantiating /home/travis/build/icyphy/ptII/ptolemy/actor/lib/test/auto/PoissonClock2.xml
1 ms. Memory: 437248K Free: 260389K (60%)
----------------- Invoking toplevel() on ptolemy.moml.MoMLSimpleApplication@2c2c62bd
----------------- Done invoking toplevel() on ptolemy.moml.MoMLSimpleApplication@2c2c62bd
reloadAllAccessors: .PoissonClock2

===========================================================================================
----------------- testing Thu Jul 08 02:48:59 UTC 2021 /home/travis/build/icyphy/ptII/ptolemy/actor/lib/test/auto/PoissonClock3.xml
----------------- Instantiating /home/travis/build/icyphy/ptII/ptolemy/actor/lib/test/auto/PoissonClock3.xml
2 ms. Memory: 437248K Free: 255783K (58%)
----------------- Invoking toplevel() on ptolemy.moml.MoMLSimpleApplication@f4b87ec
----------------- Done invoking toplevel() on ptolemy.moml.MoMLSimpleApplication@f4b87ec
reloadAllAccessors: .PoissonClock3

===========================================================================================
----------------- testing Thu Jul 08 02:48:59 UTC 2021 /home/travis/build/icyphy/ptII/ptolemy/actor/lib/test/auto/PubSubWithInitialTokens.xml
----------------- Instantiating /home/travis/build/icyphy/ptII/ptolemy/actor/lib/test/auto/PubSubWithInitialTokens.xml
2 ms. Memory: 437248K Free: 250119K (57%)
----------------- Invoking toplevel() on ptolemy.moml.MoMLSimpleApplication@4b96b454
----------------- Done invoking toplevel() on ptolemy.moml.MoMLSimpleApplication@4b96b454
reloadAllAccessors: .PubSubWithInitialTokens

===========================================================================================
----------------- testing Thu Jul 08 02:48:59 UTC 2021 /home/travis/build/icyphy/ptII/ptolemy/actor/lib/test/auto/PubSubWithInitialTokens2.xml
----------------- Instantiating /home/travis/build/icyphy/ptII/ptolemy/actor/lib/test/auto/PubSubWithInitialTokens2.xml
2 ms. Memory: 437248K Free: 243999K (56%)
----------------- Invoking toplevel() on ptolemy.moml.MoMLSimpleApplication@54820030
----------------- Done invoking toplevel() on ptolemy.moml.MoMLSimpleApplication@54820030
reloadAllAccessors: .PubSubWithInitialTokens2

===========================================================================================
----------------- testing Thu Jul 08 02:48:59 UTC 2021 /home/travis/build/icyphy/ptII/ptolemy/actor/lib/test/auto/PublisherClassNoParameter.xml
----------------- Instantiating /home/travis/build/icyphy/ptII/ptolemy/actor/lib/test/auto/PublisherClassNoParameter.xml
2 ms. Memory: 437248K Free: 233751K (53%)
----------------- Invoking toplevel() on ptolemy.moml.MoMLSimpleApplication@41552145
----------------- Done invoking toplevel() on ptolemy.moml.MoMLSimpleApplication@41552145
reloadAllAccessors: .PublisherClassNoParameter

===========================================================================================
----------------- testing Thu Jul 08 02:48:59 UTC 2021 /home/travis/build/icyphy/ptII/ptolemy/actor/lib/test/auto/PublisherClassParameter.xml
----------------- Instantiating /home/travis/build/icyphy/ptII/ptolemy/actor/lib/test/auto/PublisherClassParameter.xml
1 ms. Memory: 437248K Free: 223511K (51%)
----------------- Invoking toplevel() on ptolemy.moml.MoMLSimpleApplication@1be3738a
----------------- Done invoking toplevel() on ptolemy.moml.MoMLSimpleApplication@1be3738a
reloadAllAccessors: .PublisherClassParameter

===========================================================================================
----------------- testing Thu Jul 08 02:48:59 UTC 2021 /home/travis/build/icyphy/ptII/ptolemy/actor/lib/test/auto/PublisherNonStrictTest.xml
----------------- Instantiating /home/travis/build/icyphy/ptII/ptolemy/actor/lib/test/auto/PublisherNonStrictTest.xml
2 ms. Memory: 437248K Free: 215847K (49%)
----------------- Invoking toplevel() on ptolemy.moml.MoMLSimpleApplication@3c85a6fb
----------------- Done invoking toplevel() on ptolemy.moml.MoMLSimpleApplication@3c85a6fb
reloadAllAccessors: .PublisherNonStrictTest

===========================================================================================
----------------- testing Thu Jul 08 02:48:59 UTC 2021 /home/travis/build/icyphy/ptII/ptolemy/actor/lib/test/auto/PublisherPort1.xml
----------------- Instantiating /home/travis/build/icyphy/ptII/ptolemy/actor/lib/test/auto/PublisherPort1.xml
12 ms. Memory: 437248K Free: 210183K (48%)
----------------- Invoking toplevel() on ptolemy.moml.MoMLSimpleApplication@115f1620
----------------- Done invoking toplevel() on ptolemy.moml.MoMLSimpleApplication@115f1620
reloadAllAccessors: .PublisherPort1

===========================================================================================
----------------- testing Thu Jul 08 02:48:59 UTC 2021 /home/travis/build/icyphy/ptII/ptolemy/actor/lib/test/auto/PublisherPort2.xml
----------------- Instantiating /home/travis/build/icyphy/ptII/ptolemy/actor/lib/test/auto/PublisherPort2.xml
2 ms. Memory: 437248K Free: 204583K (47%)
----------------- Invoking toplevel() on ptolemy.moml.MoMLSimpleApplication@7d0e9582
----------------- Done invoking toplevel() on ptolemy.moml.MoMLSimpleApplication@7d0e9582
reloadAllAccessors: .PublisherPort2

===========================================================================================
----------------- testing Thu Jul 08 02:48:59 UTC 2021 /home/travis/build/icyphy/ptII/ptolemy/actor/lib/test/auto/PublisherPort3.xml
----------------- Instantiating /home/travis/build/icyphy/ptII/ptolemy/actor/lib/test/auto/PublisherPort3.xml
2 ms. Memory: 437248K Free: 197895K (45%)
----------------- Invoking toplevel() on ptolemy.moml.MoMLSimpleApplication@4dd2d31e
----------------- Done invoking toplevel() on ptolemy.moml.MoMLSimpleApplication@4dd2d31e
reloadAllAccessors: .PublisherPort3

===========================================================================================
----------------- testing Thu Jul 08 02:48:59 UTC 2021 /home/travis/build/icyphy/ptII/ptolemy/actor/lib/test/auto/PublisherPort4.xml
----------------- Instantiating /home/travis/build/icyphy/ptII/ptolemy/actor/lib/test/auto/PublisherPort4.xml
2 ms. Memory: 437248K Free: 192295K (44%)
----------------- Invoking toplevel() on ptolemy.moml.MoMLSimpleApplication@694bb895
----------------- Done invoking toplevel() on ptolemy.moml.MoMLSimpleApplication@694bb895
reloadAllAccessors: .PublisherPort4

===========================================================================================
----------------- testing Thu Jul 08 02:48:59 UTC 2021 /home/travis/build/icyphy/ptII/ptolemy/actor/lib/test/auto/PublisherPort5.xml
----------------- Instantiating /home/travis/build/icyphy/ptII/ptolemy/actor/lib/test/auto/PublisherPort5.xml
3 ms. Memory: 437248K Free: 184613K (42%)
----------------- Invoking toplevel() on ptolemy.moml.MoMLSimpleApplication@38213d7e
----------------- Done invoking toplevel() on ptolemy.moml.MoMLSimpleApplication@38213d7e
reloadAllAccessors: .PublisherPort5

===========================================================================================
----------------- testing Thu Jul 08 02:48:59 UTC 2021 /home/travis/build/icyphy/ptII/ptolemy/actor/lib/test/auto/PublisherPort5LookAlike.xml
----------------- Instantiating /home/travis/build/icyphy/ptII/ptolemy/actor/lib/test/auto/PublisherPort5LookAlike.xml
6 ms. Memory: 437248K Free: 176935K (40%)
----------------- Invoking toplevel() on ptolemy.moml.MoMLSimpleApplication@2466745f
----------------- Done invoking toplevel() on ptolemy.moml.MoMLSimpleApplication@2466745f
reloadAllAccessors: .PublisherPort5LookAlike

===========================================================================================
----------------- testing Thu Jul 08 02:48:59 UTC 2021 /home/travis/build/icyphy/ptII/ptolemy/actor/lib/test/auto/PublisherPort6.xml
----------------- Instantiating /home/travis/build/icyphy/ptII/ptolemy/actor/lib/test/auto/PublisherPort6.xml
2 ms. Memory: 437248K Free: 170277K (39%)
----------------- Invoking toplevel() on ptolemy.moml.MoMLSimpleApplication@55f7c770
----------------- Done invoking toplevel() on ptolemy.moml.MoMLSimpleApplication@55f7c770
reloadAllAccessors: .PublisherPort6

===========================================================================================
----------------- testing Thu Jul 08 02:48:59 UTC 2021 /home/travis/build/icyphy/ptII/ptolemy/actor/lib/test/auto/PublisherPort7.xml
----------------- Instantiating /home/travis/build/icyphy/ptII/ptolemy/actor/lib/test/auto/PublisherPort7.xml
3 ms. Memory: 437248K Free: 162599K (37%)
----------------- Invoking toplevel() on ptolemy.moml.MoMLSimpleApplication@2e486b44
----------------- Done invoking toplevel() on ptolemy.moml.MoMLSimpleApplication@2e486b44
reloadAllAccessors: .PublisherPort7

===========================================================================================
----------------- testing Thu Jul 08 02:48:59 UTC 2021 /home/travis/build/icyphy/ptII/ptolemy/actor/lib/test/auto/PublisherPort8.xml
----------------- Instantiating /home/travis/build/icyphy/ptII/ptolemy/actor/lib/test/auto/PublisherPort8.xml
4 ms. Memory: 437248K Free: 153893K (35%)
----------------- Invoking toplevel() on ptolemy.moml.MoMLSimpleApplication@27da9455
----------------- Done invoking toplevel() on ptolemy.moml.MoMLSimpleApplication@27da9455
reloadAllAccessors: .PublisherPort8

===========================================================================================
----------------- testing Thu Jul 08 02:48:59 UTC 2021 /home/travis/build/icyphy/ptII/ptolemy/actor/lib/test/auto/PublisherPortSubscriberChannelVariablesAOC2.xml
----------------- Instantiating /home/travis/build/icyphy/ptII/ptolemy/actor/lib/test/auto/PublisherPortSubscriberChannelVariablesAOC2.xml
3 ms. Memory: 437248K Free: 136485K (31%)
----------------- Invoking toplevel() on ptolemy.moml.MoMLSimpleApplication@6973c52
----------------- Done invoking toplevel() on ptolemy.moml.MoMLSimpleApplication@6973c52
reloadAllAccessors: .PublisherPortSubscriberChannelVariablesAOC2

===========================================================================================
----------------- testing Thu Jul 08 02:48:59 UTC 2021 /home/travis/build/icyphy/ptII/ptolemy/actor/lib/test/auto/PublisherPortSubscriberOpaqueWidthInference.xml
----------------- Instantiating /home/travis/build/icyphy/ptII/ptolemy/actor/lib/test/auto/PublisherPortSubscriberOpaqueWidthInference.xml
3 ms. Memory: 437248K Free: 385207K (88%)
----------------- Invoking toplevel() on ptolemy.moml.MoMLSimpleApplication@2ef3d56b
----------------- Done invoking toplevel() on ptolemy.moml.MoMLSimpleApplication@2ef3d56b
reloadAllAccessors: .PublisherPortSubscriberOpaqueWidthInference

===========================================================================================
----------------- testing Thu Jul 08 02:48:59 UTC 2021 /home/travis/build/icyphy/ptII/ptolemy/actor/lib/test/auto/PublisherPortSubscriberPortAdjacent.xml
----------------- Instantiating /home/travis/build/icyphy/ptII/ptolemy/actor/lib/test/auto/PublisherPortSubscriberPortAdjacent.xml
1 ms. Memory: 437248K Free: 376501K (86%)
----------------- Invoking toplevel() on ptolemy.moml.MoMLSimpleApplication@7c429f19
----------------- Done invoking toplevel() on ptolemy.moml.MoMLSimpleApplication@7c429f19
reloadAllAccessors: .PublisherPortSubscriberPortAdjacent

===========================================================================================
----------------- testing Thu Jul 08 02:48:59 UTC 2021 /home/travis/build/icyphy/ptII/ptolemy/actor/lib/test/auto/PublisherPortSubscriberPortExpression.xml
----------------- Instantiating /home/travis/build/icyphy/ptII/ptolemy/actor/lib/test/auto/PublisherPortSubscriberPortExpression.xml
2 ms. Memory: 437248K Free: 368823K (84%)
----------------- Invoking toplevel() on ptolemy.moml.MoMLSimpleApplication@76e96667
----------------- Done invoking toplevel() on ptolemy.moml.MoMLSimpleApplication@76e96667
reloadAllAccessors: .PublisherPortSubscriberPortExpression

===========================================================================================
----------------- testing Thu Jul 08 02:48:59 UTC 2021 /home/travis/build/icyphy/ptII/ptolemy/actor/lib/test/auto/PublisherPortSubscriberPortOpaqueD3Reverse.xml
----------------- Instantiating /home/travis/build/icyphy/ptII/ptolemy/actor/lib/test/auto/PublisherPortSubscriberPortOpaqueD3Reverse.xml
6 ms. Memory: 437248K Free: 358583K (82%)
----------------- Invoking toplevel() on ptolemy.moml.MoMLSimpleApplication@4d816e42
----------------- Done invoking toplevel() on ptolemy.moml.MoMLSimpleApplication@4d816e42
reloadAllAccessors: .PublisherPortSubscriberPortOpaqueD3Reverse

===========================================================================================
----------------- testing Thu Jul 08 02:48:59 UTC 2021 /home/travis/build/icyphy/ptII/ptolemy/actor/lib/test/auto/PublisherPortSubscriberPortOpaqueWidthInference.xml
----------------- Instantiating /home/travis/build/icyphy/ptII/ptolemy/actor/lib/test/auto/PublisherPortSubscriberPortOpaqueWidthInference.xml
3 ms. Memory: 437248K Free: 350886K (80%)
----------------- Invoking toplevel() on ptolemy.moml.MoMLSimpleApplication@3a580efd
----------------- Done invoking toplevel() on ptolemy.moml.MoMLSimpleApplication@3a580efd
reloadAllAccessors: .PublisherPortSubscriberPortOpaqueWidthInference

===========================================================================================
----------------- testing Thu Jul 08 02:49:00 UTC 2021 /home/travis/build/icyphy/ptII/ptolemy/actor/lib/test/auto/PublisherPortToplevelSubscriberPortAOC.xml
----------------- Instantiating /home/travis/build/icyphy/ptII/ptolemy/actor/lib/test/auto/PublisherPortToplevelSubscriberPortAOC.xml
.PublisherPortToplevelSubscriberPortAOC.TestExceptionAttribute: initialize() was not invoked, but wrapup() was.  This is unusual, but not always a problem.  For example, exporting JNLP will do this.
1 ms. Memory: 437248K Free: 344757K (79%)
----------------- Invoking toplevel() on ptolemy.moml.MoMLSimpleApplication@79c6f6c4
----------------- Done invoking toplevel() on ptolemy.moml.MoMLSimpleApplication@79c6f6c4
reloadAllAccessors: .PublisherPortToplevelSubscriberPortAOC

===========================================================================================
----------------- testing Thu Jul 08 02:49:00 UTC 2021 /home/travis/build/icyphy/ptII/ptolemy/actor/lib/test/auto/PublisherSubscriber.xml
----------------- Instantiating /home/travis/build/icyphy/ptII/ptolemy/actor/lib/test/auto/PublisherSubscriber.xml
2 ms. Memory: 437248K Free: 337079K (77%)
----------------- Invoking toplevel() on ptolemy.moml.MoMLSimpleApplication@f98f3e7
----------------- Done invoking toplevel() on ptolemy.moml.MoMLSimpleApplication@f98f3e7
reloadAllAccessors: .PublisherSubscriber

===========================================================================================
----------------- testing Thu Jul 08 02:49:00 UTC 2021 /home/travis/build/icyphy/ptII/ptolemy/actor/lib/test/auto/PublisherSubscriber10.xml
----------------- Instantiating /home/travis/build/icyphy/ptII/ptolemy/actor/lib/test/auto/PublisherSubscriber10.xml
6 ms. Memory: 437248K Free: 327349K (75%)
----------------- Invoking toplevel() on ptolemy.moml.MoMLSimpleApplication@75842c58
----------------- Done invoking toplevel() on ptolemy.moml.MoMLSimpleApplication@75842c58
reloadAllAccessors: .PublisherSubscriber10

===========================================================================================
----------------- testing Thu Jul 08 02:49:00 UTC 2021 /home/travis/build/icyphy/ptII/ptolemy/actor/lib/test/auto/PublisherSubscriber10InitialOutputs.xml
----------------- Instantiating /home/travis/build/icyphy/ptII/ptolemy/actor/lib/test/auto/PublisherSubscriber10InitialOutputs.xml
11 ms. Memory: 437248K Free: 317623K (73%)
----------------- Invoking toplevel() on ptolemy.moml.MoMLSimpleApplication@26f5b1b1
----------------- Done invoking toplevel() on ptolemy.moml.MoMLSimpleApplication@26f5b1b1
reloadAllAccessors: .PublisherSubscriber10InitialOutputs

===========================================================================================
----------------- testing Thu Jul 08 02:49:00 UTC 2021 /home/travis/build/icyphy/ptII/ptolemy/actor/lib/test/auto/PublisherSubscriber11.xml
----------------- Instantiating /home/travis/build/icyphy/ptII/ptolemy/actor/lib/test/auto/PublisherSubscriber11.xml
3 ms. Memory: 437248K Free: 311479K (71%)
----------------- Invoking toplevel() on ptolemy.moml.MoMLSimpleApplication@5c1d5214
----------------- Done invoking toplevel() on ptolemy.moml.MoMLSimpleApplication@5c1d5214
reloadAllAccessors: .PublisherSubscriber11

===========================================================================================
----------------- testing Thu Jul 08 02:49:00 UTC 2021 /home/travis/build/icyphy/ptII/ptolemy/actor/lib/test/auto/PublisherSubscriber12.xml
----------------- Instantiating /home/travis/build/icyphy/ptII/ptolemy/actor/lib/test/auto/PublisherSubscriber12.xml
5 ms. Memory: 437248K Free: 304311K (70%)
----------------- Invoking toplevel() on ptolemy.moml.MoMLSimpleApplication@11dffbf7
----------------- Done invoking toplevel() on ptolemy.moml.MoMLSimpleApplication@11dffbf7
reloadAllAccessors: .PublisherSubscriber12

===========================================================================================
----------------- testing Thu Jul 08 02:49:00 UTC 2021 /home/travis/build/icyphy/ptII/ptolemy/actor/lib/test/auto/PublisherSubscriber13.xml
----------------- Instantiating /home/travis/build/icyphy/ptII/ptolemy/actor/lib/test/auto/PublisherSubscriber13.xml
1 ms. Memory: 437248K Free: 298646K (68%)
----------------- Invoking toplevel() on ptolemy.moml.MoMLSimpleApplication@5d890f61
----------------- Done invoking toplevel() on ptolemy.moml.MoMLSimpleApplication@5d890f61
reloadAllAccessors: .PublisherSubscriber13

===========================================================================================
----------------- testing Thu Jul 08 02:49:00 UTC 2021 /home/travis/build/icyphy/ptII/ptolemy/actor/lib/test/auto/PublisherSubscriber14.xml
----------------- Instantiating /home/travis/build/icyphy/ptII/ptolemy/actor/lib/test/auto/PublisherSubscriber14.xml
1 ms. Memory: 437248K Free: 289975K (66%)
----------------- Invoking toplevel() on ptolemy.moml.MoMLSimpleApplication@5939abf6
----------------- Done invoking toplevel() on ptolemy.moml.MoMLSimpleApplication@5939abf6
reloadAllAccessors: .PublisherSubscriber14

===========================================================================================
----------------- testing Thu Jul 08 02:49:00 UTC 2021 /home/travis/build/icyphy/ptII/ptolemy/actor/lib/test/auto/PublisherSubscriber2.xml
----------------- Instantiating /home/travis/build/icyphy/ptII/ptolemy/actor/lib/test/auto/PublisherSubscriber2.xml
3 ms. Memory: 437248K Free: 284326K (65%)
----------------- Invoking toplevel() on ptolemy.moml.MoMLSimpleApplication@1d3fa5f
----------------- Done invoking toplevel() on ptolemy.moml.MoMLSimpleApplication@1d3fa5f
reloadAllAccessors: .PublisherSubscriber2

===========================================================================================
----------------- testing Thu Jul 08 02:49:00 UTC 2021 /home/travis/build/icyphy/ptII/ptolemy/actor/lib/test/auto/PublisherSubscriber3.xml
----------------- Instantiating /home/travis/build/icyphy/ptII/ptolemy/actor/lib/test/auto/PublisherSubscriber3.xml
2 ms. Memory: 437248K Free: 278182K (64%)
----------------- Invoking toplevel() on ptolemy.moml.MoMLSimpleApplication@25659f80
----------------- Done invoking toplevel() on ptolemy.moml.MoMLSimpleApplication@25659f80
reloadAllAccessors: .PublisherSubscriber3

===========================================================================================
----------------- testing Thu Jul 08 02:49:00 UTC 2021 /home/travis/build/icyphy/ptII/ptolemy/actor/lib/test/auto/PublisherSubscriber4.xml
----------------- Instantiating /home/travis/build/icyphy/ptII/ptolemy/actor/lib/test/auto/PublisherSubscriber4.xml
1 ms. Memory: 437248K Free: 273046K (62%)
----------------- Invoking toplevel() on ptolemy.moml.MoMLSimpleApplication@7365ee29
----------------- Done invoking toplevel() on ptolemy.moml.MoMLSimpleApplication@7365ee29
reloadAllAccessors: .PublisherSubscriber4

===========================================================================================
----------------- testing Thu Jul 08 02:49:00 UTC 2021 /home/travis/build/icyphy/ptII/ptolemy/actor/lib/test/auto/PublisherSubscriber5.xml
----------------- Instantiating /home/travis/build/icyphy/ptII/ptolemy/actor/lib/test/auto/PublisherSubscriber5.xml
2 ms. Memory: 437248K Free: 266423K (61%)
----------------- Invoking toplevel() on ptolemy.moml.MoMLSimpleApplication@6b1ec2eb
----------------- Done invoking toplevel() on ptolemy.moml.MoMLSimpleApplication@6b1ec2eb
reloadAllAccessors: .PublisherSubscriber5

===========================================================================================
----------------- testing Thu Jul 08 02:49:00 UTC 2021 /home/travis/build/icyphy/ptII/ptolemy/actor/lib/test/auto/PublisherSubscriber6.xml
----------------- Instantiating /home/travis/build/icyphy/ptII/ptolemy/actor/lib/test/auto/PublisherSubscriber6.xml
6 ms. Memory: 437248K Free: 259765K (59%)
----------------- Invoking toplevel() on ptolemy.moml.MoMLSimpleApplication@312fc5ab
----------------- Done invoking toplevel() on ptolemy.moml.MoMLSimpleApplication@312fc5ab
reloadAllAccessors: .PublisherSubscriber6

===========================================================================================
----------------- testing Thu Jul 08 02:49:00 UTC 2021 /home/travis/build/icyphy/ptII/ptolemy/actor/lib/test/auto/PublisherSubscriber7.xml
----------------- Instantiating /home/travis/build/icyphy/ptII/ptolemy/actor/lib/test/auto/PublisherSubscriber7.xml
6 ms. Memory: 437248K Free: 253111K (58%)
----------------- Invoking toplevel() on ptolemy.moml.MoMLSimpleApplication@1003fef8
----------------- Done invoking toplevel() on ptolemy.moml.MoMLSimpleApplication@1003fef8
reloadAllAccessors: .PublisherSubscriber7

===========================================================================================
----------------- testing Thu Jul 08 02:49:00 UTC 2021 /home/travis/build/icyphy/ptII/ptolemy/actor/lib/test/auto/PublisherSubscriber8.xml
----------------- Instantiating /home/travis/build/icyphy/ptII/ptolemy/actor/lib/test/auto/PublisherSubscriber8.xml
13 ms. Memory: 437248K Free: 240823K (55%)
----------------- Invoking toplevel() on ptolemy.moml.MoMLSimpleApplication@7946ca89
----------------- Done invoking toplevel() on ptolemy.moml.MoMLSimpleApplication@7946ca89
reloadAllAccessors: .PublisherSubscriber8

===========================================================================================
----------------- testing Thu Jul 08 02:49:00 UTC 2021 /home/travis/build/icyphy/ptII/ptolemy/actor/lib/test/auto/PublisherSubscriber9.xml
----------------- Instantiating /home/travis/build/icyphy/ptII/ptolemy/actor/lib/test/auto/PublisherSubscriber9.xml
2 ms. Memory: 437248K Free: 233655K (53%)
----------------- Invoking toplevel() on ptolemy.moml.MoMLSimpleApplication@3c4d91e3
----------------- Done invoking toplevel() on ptolemy.moml.MoMLSimpleApplication@3c4d91e3
reloadAllAccessors: .PublisherSubscriber9

===========================================================================================
----------------- testing Thu Jul 08 02:49:00 UTC 2021 /home/travis/build/icyphy/ptII/ptolemy/actor/lib/test/auto/PublisherSubscriberAdjacent.xml
----------------- Instantiating /home/travis/build/icyphy/ptII/ptolemy/actor/lib/test/auto/PublisherSubscriberAdjacent.xml
2 ms. Memory: 437248K Free: 225463K (52%)
----------------- Invoking toplevel() on ptolemy.moml.MoMLSimpleApplication@68761582
----------------- Done invoking toplevel() on ptolemy.moml.MoMLSimpleApplication@68761582
reloadAllAccessors: .PublisherSubscriberAdjacent

===========================================================================================
----------------- testing Thu Jul 08 02:49:00 UTC 2021 /home/travis/build/icyphy/ptII/ptolemy/actor/lib/test/auto/PublisherSubscriberChannelVariablesAOC2.xml
----------------- Instantiating /home/travis/build/icyphy/ptII/ptolemy/actor/lib/test/auto/PublisherSubscriberChannelVariablesAOC2.xml
2 ms. Memory: 437248K Free: 210103K (48%)
----------------- Invoking toplevel() on ptolemy.moml.MoMLSimpleApplication@39d52bc0
----------------- Done invoking toplevel() on ptolemy.moml.MoMLSimpleApplication@39d52bc0
reloadAllAccessors: .PublisherSubscriberChannelVariablesAOC2

===========================================================================================
----------------- testing Thu Jul 08 02:49:00 UTC 2021 /home/travis/build/icyphy/ptII/ptolemy/actor/lib/test/auto/PublisherSubscriberD3.xml
----------------- Instantiating /home/travis/build/icyphy/ptII/ptolemy/actor/lib/test/auto/PublisherSubscriberD3.xml
2 ms. Memory: 437248K Free: 202935K (46%)
----------------- Invoking toplevel() on ptolemy.moml.MoMLSimpleApplication@2f456c9e
----------------- Done invoking toplevel() on ptolemy.moml.MoMLSimpleApplication@2f456c9e
reloadAllAccessors: .PublisherSubscriberD3

===========================================================================================
----------------- testing Thu Jul 08 02:49:00 UTC 2021 /home/travis/build/icyphy/ptII/ptolemy/actor/lib/test/auto/PublisherSubscriberD3Reverse.xml
----------------- Instantiating /home/travis/build/icyphy/ptII/ptolemy/actor/lib/test/auto/PublisherSubscriberD3Reverse.xml
1 ms. Memory: 437248K Free: 196277K (45%)
----------------- Invoking toplevel() on ptolemy.moml.MoMLSimpleApplication@5770a2d0
----------------- Done invoking toplevel() on ptolemy.moml.MoMLSimpleApplication@5770a2d0
reloadAllAccessors: .PublisherSubscriberD3Reverse

===========================================================================================
----------------- testing Thu Jul 08 02:49:00 UTC 2021 /home/travis/build/icyphy/ptII/ptolemy/actor/lib/test/auto/PublisherSubscriberExpression.xml
----------------- Instantiating /home/travis/build/icyphy/ptII/ptolemy/actor/lib/test/auto/PublisherSubscriberExpression.xml
3 ms. Memory: 437248K Free: 187575K (43%)
----------------- Invoking toplevel() on ptolemy.moml.MoMLSimpleApplication@b199104
----------------- Done invoking toplevel() on ptolemy.moml.MoMLSimpleApplication@b199104
reloadAllAccessors: .PublisherSubscriberExpression

===========================================================================================
----------------- testing Thu Jul 08 02:49:00 UTC 2021 /home/travis/build/icyphy/ptII/ptolemy/actor/lib/test/auto/PublisherSubscriberOpaque.xml
----------------- Instantiating /home/travis/build/icyphy/ptII/ptolemy/actor/lib/test/auto/PublisherSubscriberOpaque.xml
2 ms. Memory: 437248K Free: 179383K (41%)
----------------- Invoking toplevel() on ptolemy.moml.MoMLSimpleApplication@7682f39d
----------------- Done invoking toplevel() on ptolemy.moml.MoMLSimpleApplication@7682f39d
reloadAllAccessors: .PublisherSubscriberOpaque

===========================================================================================
----------------- testing Thu Jul 08 02:49:00 UTC 2021 /home/travis/build/icyphy/ptII/ptolemy/actor/lib/test/auto/PublisherSubscriberOpaqueD3.xml
----------------- Instantiating /home/travis/build/icyphy/ptII/ptolemy/actor/lib/test/auto/PublisherSubscriberOpaqueD3.xml
5 ms. Memory: 437248K Free: 168119K (38%)
----------------- Invoking toplevel() on ptolemy.moml.MoMLSimpleApplication@23846310
----------------- Done invoking toplevel() on ptolemy.moml.MoMLSimpleApplication@23846310
reloadAllAccessors: .PublisherSubscriberOpaqueD3

===========================================================================================
----------------- testing Thu Jul 08 02:49:00 UTC 2021 /home/travis/build/icyphy/ptII/ptolemy/actor/lib/test/auto/PublisherSubscriberOpaqueD3Reverse.xml
----------------- Instantiating /home/travis/build/icyphy/ptII/ptolemy/actor/lib/test/auto/PublisherSubscriberOpaqueD3Reverse.xml
7 ms. Memory: 437248K Free: 157365K (36%)
----------------- Invoking toplevel() on ptolemy.moml.MoMLSimpleApplication@349409e0
----------------- Done invoking toplevel() on ptolemy.moml.MoMLSimpleApplication@349409e0
reloadAllAccessors: .PublisherSubscriberOpaqueD3Reverse

===========================================================================================
----------------- testing Thu Jul 08 02:49:00 UTC 2021 /home/travis/build/icyphy/ptII/ptolemy/actor/lib/test/auto/PublisherSubscriberOpaqueWidthInference.xml
----------------- Instantiating /home/travis/build/icyphy/ptII/ptolemy/actor/lib/test/auto/PublisherSubscriberOpaqueWidthInference.xml
4 ms. Memory: 437248K Free: 148663K (34%)
----------------- Invoking toplevel() on ptolemy.moml.MoMLSimpleApplication@77427501
----------------- Done invoking toplevel() on ptolemy.moml.MoMLSimpleApplication@77427501
reloadAllAccessors: .PublisherSubscriberOpaqueWidthInference

===========================================================================================
----------------- testing Thu Jul 08 02:49:00 UTC 2021 /home/travis/build/icyphy/ptII/ptolemy/actor/lib/test/auto/PublisherTestSubscriber.xml
----------------- Instantiating /home/travis/build/icyphy/ptII/ptolemy/actor/lib/test/auto/PublisherTestSubscriber.xml
2 ms. Memory: 437248K Free: 140974K (32%)
----------------- Invoking toplevel() on ptolemy.moml.MoMLSimpleApplication@63a45416
----------------- Done invoking toplevel() on ptolemy.moml.MoMLSimpleApplication@63a45416
reloadAllAccessors: .PublisherTestSubscriber

===========================================================================================
----------------- testing Thu Jul 08 02:49:00 UTC 2021 /home/travis/build/icyphy/ptII/ptolemy/actor/lib/test/auto/PublisherToplevelSubscriberPortAOC.xml
----------------- Instantiating /home/travis/build/icyphy/ptII/ptolemy/actor/lib/test/auto/PublisherToplevelSubscriberPortAOC.xml
2 ms. Memory: 437248K Free: 134327K (31%)
----------------- Invoking toplevel() on ptolemy.moml.MoMLSimpleApplication@34a66284
----------------- Done invoking toplevel() on ptolemy.moml.MoMLSimpleApplication@34a66284
reloadAllAccessors: .PublisherToplevelSubscriberPortAOC

===========================================================================================
----------------- testing Thu Jul 08 02:49:00 UTC 2021 /home/travis/build/icyphy/ptII/ptolemy/actor/lib/test/auto/PulseFiringLimitDE.xml
----------------- Instantiating /home/travis/build/icyphy/ptII/ptolemy/actor/lib/test/auto/PulseFiringLimitDE.xml
2 ms. Memory: 437248K Free: 385398K (88%)
----------------- Invoking toplevel() on ptolemy.moml.MoMLSimpleApplication@5a087fca
----------------- Done invoking toplevel() on ptolemy.moml.MoMLSimpleApplication@5a087fca
reloadAllAccessors: .PulseFiringLimitDE

===========================================================================================
----------------- testing Thu Jul 08 02:49:00 UTC 2021 /home/travis/build/icyphy/ptII/ptolemy/actor/lib/test/auto/Ramp1.xml
----------------- Instantiating /home/travis/build/icyphy/ptII/ptolemy/actor/lib/test/auto/Ramp1.xml
1 ms. Memory: 437248K Free: 380782K (87%)
----------------- Invoking toplevel() on ptolemy.moml.MoMLSimpleApplication@4f75d9fb
----------------- Done invoking toplevel() on ptolemy.moml.MoMLSimpleApplication@4f75d9fb
reloadAllAccessors: .Ramp1

===========================================================================================
----------------- testing Thu Jul 08 02:49:00 UTC 2021 /home/travis/build/icyphy/ptII/ptolemy/actor/lib/test/auto/RampFiringLimitDE.xml
----------------- Instantiating /home/travis/build/icyphy/ptII/ptolemy/actor/lib/test/auto/RampFiringLimitDE.xml
3 ms. Memory: 437248K Free: 374630K (86%)
----------------- Invoking toplevel() on ptolemy.moml.MoMLSimpleApplication@234b44a2
----------------- Done invoking toplevel() on ptolemy.moml.MoMLSimpleApplication@234b44a2
reloadAllAccessors: .RampFiringLimitDE

===========================================================================================
----------------- testing Thu Jul 08 02:49:00 UTC 2021 /home/travis/build/icyphy/ptII/ptolemy/actor/lib/test/auto/RampFiringLimitSDF.xml
----------------- Instantiating /home/travis/build/icyphy/ptII/ptolemy/actor/lib/test/auto/RampFiringLimitSDF.xml
2 ms. Memory: 437248K Free: 369510K (85%)
----------------- Invoking toplevel() on ptolemy.moml.MoMLSimpleApplication@1710dc86
----------------- Done invoking toplevel() on ptolemy.moml.MoMLSimpleApplication@1710dc86
reloadAllAccessors: .RampFiringLimitSDF

===========================================================================================
----------------- testing Thu Jul 08 02:49:00 UTC 2021 /home/travis/build/icyphy/ptII/ptolemy/actor/lib/test/auto/RandomInteger.xml
----------------- Instantiating /home/travis/build/icyphy/ptII/ptolemy/actor/lib/test/auto/RandomInteger.xml
1 ms. Memory: 437248K Free: 365428K (84%)
----------------- Invoking toplevel() on ptolemy.moml.MoMLSimpleApplication@779ff441
----------------- Done invoking toplevel() on ptolemy.moml.MoMLSimpleApplication@779ff441
reloadAllAccessors: .RandomInteger

===========================================================================================
----------------- testing Thu Jul 08 02:49:00 UTC 2021 /home/travis/build/icyphy/ptII/ptolemy/actor/lib/test/auto/ReadFile1.xml
----------------- Instantiating /home/travis/build/icyphy/ptII/ptolemy/actor/lib/test/auto/ReadFile1.xml
1 ms. Memory: 437248K Free: 360308K (82%)
----------------- Invoking toplevel() on ptolemy.moml.MoMLSimpleApplication@2dcdd7b1
----------------- Done invoking toplevel() on ptolemy.moml.MoMLSimpleApplication@2dcdd7b1
reloadAllAccessors: .ReadFile1

===========================================================================================
----------------- testing Thu Jul 08 02:49:00 UTC 2021 /home/travis/build/icyphy/ptII/ptolemy/actor/lib/test/auto/ReadFile2.xml
----------------- Instantiating /home/travis/build/icyphy/ptII/ptolemy/actor/lib/test/auto/ReadFile2.xml
1 ms. Memory: 437248K Free: 356212K (81%)
----------------- Invoking toplevel() on ptolemy.moml.MoMLSimpleApplication@1ed931ed
----------------- Done invoking toplevel() on ptolemy.moml.MoMLSimpleApplication@1ed931ed
reloadAllAccessors: .ReadFile2

===========================================================================================
----------------- testing Thu Jul 08 02:49:00 UTC 2021 /home/travis/build/icyphy/ptII/ptolemy/actor/lib/test/auto/Reader.xml
----------------- Instantiating /home/travis/build/icyphy/ptII/ptolemy/actor/lib/test/auto/Reader.xml
actor.lib.Reader is obsolete, use actor.lib.io.ExpressionReader instead
3 ms. Memory: 437248K Free: 352116K (81%)
----------------- Invoking toplevel() on ptolemy.moml.MoMLSimpleApplication@7de301ae
----------------- Done invoking toplevel() on ptolemy.moml.MoMLSimpleApplication@7de301ae
reloadAllAccessors: .Reader

===========================================================================================
----------------- testing Thu Jul 08 02:49:00 UTC 2021 /home/travis/build/icyphy/ptII/ptolemy/actor/lib/test/auto/RecordAssemblerDisplayNameTest.xml
----------------- Instantiating /home/travis/build/icyphy/ptII/ptolemy/actor/lib/test/auto/RecordAssemblerDisplayNameTest.xml
3616 ms. Memory: 437248K Free: 161975K (37%)
----------------- Invoking toplevel() on ptolemy.moml.MoMLSimpleApplication@70602539
----------------- Done invoking toplevel() on ptolemy.moml.MoMLSimpleApplication@70602539
reloadAllAccessors: .RecordAssemblerDisplayNameTest

===========================================================================================
----------------- testing Thu Jul 08 02:49:04 UTC 2021 /home/travis/build/icyphy/ptII/ptolemy/actor/lib/test/auto/RecordAssemblerTypeError.xml
----------------- Instantiating /home/travis/build/icyphy/ptII/ptolemy/actor/lib/test/auto/RecordAssemblerTypeError.xml
9 ms. Memory: 437248K Free: 152245K (35%)
----------------- Invoking toplevel() on ptolemy.moml.MoMLSimpleApplication@590d278c
----------------- Done invoking toplevel() on ptolemy.moml.MoMLSimpleApplication@590d278c
reloadAllAccessors: .RecordAssemblerTypeError

===========================================================================================
----------------- testing Thu Jul 08 02:49:04 UTC 2021 /home/travis/build/icyphy/ptII/ptolemy/actor/lib/test/auto/RecordDisassember.xml
----------------- Instantiating /home/travis/build/icyphy/ptII/ptolemy/actor/lib/test/auto/RecordDisassember.xml
2 ms. Memory: 437248K Free: 147094K (34%)
----------------- Invoking toplevel() on ptolemy.moml.MoMLSimpleApplication@2077255c
----------------- Done invoking toplevel() on ptolemy.moml.MoMLSimpleApplication@2077255c
reloadAllAccessors: .RecordDisassember

===========================================================================================
----------------- testing Thu Jul 08 02:49:04 UTC 2021 /home/travis/build/icyphy/ptII/ptolemy/actor/lib/test/auto/RecordDisassemberDisplayNameTest.xml
----------------- Instantiating /home/travis/build/icyphy/ptII/ptolemy/actor/lib/test/auto/RecordDisassemberDisplayNameTest.xml
6 ms. Memory: 437248K Free: 139447K (32%)
----------------- Invoking toplevel() on ptolemy.moml.MoMLSimpleApplication@7044f42
----------------- Done invoking toplevel() on ptolemy.moml.MoMLSimpleApplication@7044f42
reloadAllAccessors: .RecordDisassemberDisplayNameTest

===========================================================================================
----------------- testing Thu Jul 08 02:49:04 UTC 2021 /home/travis/build/icyphy/ptII/ptolemy/actor/lib/test/auto/RecordDisassembler.xml
----------------- Instantiating /home/travis/build/icyphy/ptII/ptolemy/actor/lib/test/auto/RecordDisassembler.xml
2 ms. Memory: 437248K Free: 134327K (31%)
----------------- Invoking toplevel() on ptolemy.moml.MoMLSimpleApplication@20d4bef8
----------------- Done invoking toplevel() on ptolemy.moml.MoMLSimpleApplication@20d4bef8
reloadAllAccessors: .RecordDisassembler

===========================================================================================
----------------- testing Thu Jul 08 02:49:04 UTC 2021 /home/travis/build/icyphy/ptII/ptolemy/actor/lib/test/auto/RecordDisassembler2.xml
----------------- Instantiating /home/travis/build/icyphy/ptII/ptolemy/actor/lib/test/auto/RecordDisassembler2.xml
20 ms. Memory: 437248K Free: 386423K (88%)
----------------- Invoking toplevel() on ptolemy.moml.MoMLSimpleApplication@7fd8a2d5
----------------- Done invoking toplevel() on ptolemy.moml.MoMLSimpleApplication@7fd8a2d5
reloadAllAccessors: .RecordDisassembler2

===========================================================================================
----------------- testing Thu Jul 08 02:49:04 UTC 2021 /home/travis/build/icyphy/ptII/ptolemy/actor/lib/test/auto/RecordUpdater.xml
----------------- Instantiating /home/travis/build/icyphy/ptII/ptolemy/actor/lib/test/auto/RecordUpdater.xml
1 ms. Memory: 437248K Free: 380789K (87%)
----------------- Invoking toplevel() on ptolemy.moml.MoMLSimpleApplication@6c2e3f32
----------------- Done invoking toplevel() on ptolemy.moml.MoMLSimpleApplication@6c2e3f32
reloadAllAccessors: .RecordUpdater

===========================================================================================
----------------- testing Thu Jul 08 02:49:04 UTC 2021 /home/travis/build/icyphy/ptII/ptolemy/actor/lib/test/auto/RecordUpdater2.xml
----------------- Instantiating /home/travis/build/icyphy/ptII/ptolemy/actor/lib/test/auto/RecordUpdater2.xml
2 ms. Memory: 437248K Free: 375159K (86%)
----------------- Invoking toplevel() on ptolemy.moml.MoMLSimpleApplication@107984d8
----------------- Done invoking toplevel() on ptolemy.moml.MoMLSimpleApplication@107984d8
reloadAllAccessors: .RecordUpdater2

===========================================================================================
----------------- testing Thu Jul 08 02:49:04 UTC 2021 /home/travis/build/icyphy/ptII/ptolemy/actor/lib/test/auto/RecursiveLattice.xml
----------------- Instantiating /home/travis/build/icyphy/ptII/ptolemy/actor/lib/test/auto/RecursiveLattice.xml
1 ms. Memory: 437248K Free: 371063K (85%)
----------------- Invoking toplevel() on ptolemy.moml.MoMLSimpleApplication@47b8e312
----------------- Done invoking toplevel() on ptolemy.moml.MoMLSimpleApplication@47b8e312
reloadAllAccessors: .RecursiveLattice

===========================================================================================
----------------- testing Thu Jul 08 02:49:04 UTC 2021 /home/travis/build/icyphy/ptII/ptolemy/actor/lib/test/auto/Router.xml
----------------- Instantiating /home/travis/build/icyphy/ptII/ptolemy/actor/lib/test/auto/Router.xml
3003 ms. Memory: 437248K Free: 360309K (82%)
----------------- Invoking toplevel() on ptolemy.moml.MoMLSimpleApplication@2f3f5594
----------------- Done invoking toplevel() on ptolemy.moml.MoMLSimpleApplication@2f3f5594
reloadAllAccessors: .Router

===========================================================================================
----------------- testing Thu Jul 08 02:49:07 UTC 2021 /home/travis/build/icyphy/ptII/ptolemy/actor/lib/test/auto/Router2.xml
----------------- Instantiating /home/travis/build/icyphy/ptII/ptolemy/actor/lib/test/auto/Router2.xml
3004 ms. Memory: 437248K Free: 348535K (80%)
----------------- Invoking toplevel() on ptolemy.moml.MoMLSimpleApplication@4bc05c69
----------------- Done invoking toplevel() on ptolemy.moml.MoMLSimpleApplication@4bc05c69
reloadAllAccessors: .Router2

===========================================================================================
----------------- testing Thu Jul 08 02:49:10 UTC 2021 /home/travis/build/icyphy/ptII/ptolemy/actor/lib/test/auto/RunningMaximum.xml
----------------- Instantiating /home/travis/build/icyphy/ptII/ptolemy/actor/lib/test/auto/RunningMaximum.xml
2 ms. Memory: 437248K Free: 343415K (79%)
----------------- Invoking toplevel() on ptolemy.moml.MoMLSimpleApplication@25d8c54b
----------------- Done invoking toplevel() on ptolemy.moml.MoMLSimpleApplication@25d8c54b
reloadAllAccessors: .RunningMaximum

===========================================================================================
----------------- testing Thu Jul 08 02:49:10 UTC 2021 /home/travis/build/icyphy/ptII/ptolemy/actor/lib/test/auto/RunningMinimum.xml
----------------- Instantiating /home/travis/build/icyphy/ptII/ptolemy/actor/lib/test/auto/RunningMinimum.xml
1 ms. Memory: 437248K Free: 338805K (77%)
----------------- Invoking toplevel() on ptolemy.moml.MoMLSimpleApplication@1a82192e
----------------- Done invoking toplevel() on ptolemy.moml.MoMLSimpleApplication@1a82192e
reloadAllAccessors: .RunningMinimum

===========================================================================================
----------------- testing Thu Jul 08 02:49:10 UTC 2021 /home/travis/build/icyphy/ptII/ptolemy/actor/lib/test/auto/Scale.xml
----------------- Instantiating /home/travis/build/icyphy/ptII/ptolemy/actor/lib/test/auto/Scale.xml
1 ms. Memory: 437248K Free: 334199K (76%)
----------------- Invoking toplevel() on ptolemy.moml.MoMLSimpleApplication@8dbdd39
----------------- Done invoking toplevel() on ptolemy.moml.MoMLSimpleApplication@8dbdd39
reloadAllAccessors: .Scale

===========================================================================================
----------------- testing Thu Jul 08 02:49:10 UTC 2021 /home/travis/build/icyphy/ptII/ptolemy/actor/lib/test/auto/Scale2.xml
----------------- Instantiating /home/travis/build/icyphy/ptII/ptolemy/actor/lib/test/auto/Scale2.xml
2 ms. Memory: 437248K Free: 329589K (75%)
----------------- Invoking toplevel() on ptolemy.moml.MoMLSimpleApplication@12b937af
----------------- Done invoking toplevel() on ptolemy.moml.MoMLSimpleApplication@12b937af
reloadAllAccessors: .Scale2

===========================================================================================
----------------- testing Thu Jul 08 02:49:10 UTC 2021 /home/travis/build/icyphy/ptII/ptolemy/actor/lib/test/auto/Scale3.xml
----------------- Instantiating /home/travis/build/icyphy/ptII/ptolemy/actor/lib/test/auto/Scale3.xml
11 ms. Memory: 437248K Free: 322421K (74%)
----------------- Invoking toplevel() on ptolemy.moml.MoMLSimpleApplication@69a63f8d
----------------- Done invoking toplevel() on ptolemy.moml.MoMLSimpleApplication@69a63f8d
reloadAllAccessors: .Scale3

===========================================================================================
----------------- testing Thu Jul 08 02:49:10 UTC 2021 /home/travis/build/icyphy/ptII/ptolemy/actor/lib/test/auto/ScaleArray.xml
----------------- Instantiating /home/travis/build/icyphy/ptII/ptolemy/actor/lib/test/auto/ScaleArray.xml
2 ms. Memory: 437248K Free: 317815K (73%)
----------------- Invoking toplevel() on ptolemy.moml.MoMLSimpleApplication@6190e3c0
----------------- Done invoking toplevel() on ptolemy.moml.MoMLSimpleApplication@6190e3c0
reloadAllAccessors: .ScaleArray

===========================================================================================
----------------- testing Thu Jul 08 02:49:10 UTC 2021 /home/travis/build/icyphy/ptII/ptolemy/actor/lib/test/auto/ScaleArray2.xml
----------------- Instantiating /home/travis/build/icyphy/ptII/ptolemy/actor/lib/test/auto/ScaleArray2.xml
1 ms. Memory: 437248K Free: 313719K (72%)
----------------- Invoking toplevel() on ptolemy.moml.MoMLSimpleApplication@5d66a955
----------------- Done invoking toplevel() on ptolemy.moml.MoMLSimpleApplication@5d66a955
reloadAllAccessors: .ScaleArray2

===========================================================================================
----------------- testing Thu Jul 08 02:49:10 UTC 2021 /home/travis/build/icyphy/ptII/ptolemy/actor/lib/test/auto/ScaleMatrix.xml
----------------- Instantiating /home/travis/build/icyphy/ptII/ptolemy/actor/lib/test/auto/ScaleMatrix.xml
119 ms. Memory: 437248K Free: 297845K (68%)
----------------- Invoking toplevel() on ptolemy.moml.MoMLSimpleApplication@4bd15dca
----------------- Done invoking toplevel() on ptolemy.moml.MoMLSimpleApplication@4bd15dca
reloadAllAccessors: .ScaleMatrix

===========================================================================================
----------------- testing Thu Jul 08 02:49:10 UTC 2021 /home/travis/build/icyphy/ptII/ptolemy/actor/lib/test/auto/Select.xml
----------------- Instantiating /home/travis/build/icyphy/ptII/ptolemy/actor/lib/test/auto/Select.xml
2 ms. Memory: 437248K Free: 290663K (66%)
----------------- Invoking toplevel() on ptolemy.moml.MoMLSimpleApplication@5a5d9710
----------------- Done invoking toplevel() on ptolemy.moml.MoMLSimpleApplication@5a5d9710
reloadAllAccessors: .Select

===========================================================================================
----------------- testing Thu Jul 08 02:49:10 UTC 2021 /home/travis/build/icyphy/ptII/ptolemy/actor/lib/test/auto/Select2.xml
----------------- Instantiating /home/travis/build/icyphy/ptII/ptolemy/actor/lib/test/auto/Select2.xml
1 ms. Memory: 437248K Free: 286071K (65%)
----------------- Invoking toplevel() on ptolemy.moml.MoMLSimpleApplication@3c0e7b6f
----------------- Done invoking toplevel() on ptolemy.moml.MoMLSimpleApplication@3c0e7b6f
reloadAllAccessors: .Select2

===========================================================================================
----------------- testing Thu Jul 08 02:49:10 UTC 2021 /home/travis/build/icyphy/ptII/ptolemy/actor/lib/test/auto/SequenceToArray2.xml
----------------- Instantiating /home/travis/build/icyphy/ptII/ptolemy/actor/lib/test/auto/SequenceToArray2.xml
81 ms. Memory: 437248K Free: 260967K (60%)
----------------- Invoking toplevel() on ptolemy.moml.MoMLSimpleApplication@5405ae6b
----------------- Done invoking toplevel() on ptolemy.moml.MoMLSimpleApplication@5405ae6b
reloadAllAccessors: .SequenceToArray2

===========================================================================================
----------------- testing Thu Jul 08 02:49:10 UTC 2021 /home/travis/build/icyphy/ptII/ptolemy/actor/lib/test/auto/SequentialClock.xml
----------------- Instantiating /home/travis/build/icyphy/ptII/ptolemy/actor/lib/test/auto/SequentialClock.xml
1 ms. Memory: 437248K Free: 256375K (59%)
----------------- Invoking toplevel() on ptolemy.moml.MoMLSimpleApplication@67ea9993
----------------- Done invoking toplevel() on ptolemy.moml.MoMLSimpleApplication@67ea9993
reloadAllAccessors: .SequentialClock

===========================================================================================
----------------- testing Thu Jul 08 02:49:10 UTC 2021 /home/travis/build/icyphy/ptII/ptolemy/actor/lib/test/auto/SetVariable.xml
----------------- Instantiating /home/travis/build/icyphy/ptII/ptolemy/actor/lib/test/auto/SetVariable.xml
3 ms. Memory: 437248K Free: 251765K (58%)
----------------- Invoking toplevel() on ptolemy.moml.MoMLSimpleApplication@a0a1196
----------------- Done invoking toplevel() on ptolemy.moml.MoMLSimpleApplication@a0a1196
reloadAllAccessors: .SetVariable

===========================================================================================
----------------- testing Thu Jul 08 02:49:10 UTC 2021 /home/travis/build/icyphy/ptII/ptolemy/actor/lib/test/auto/SetVariable2.xml
----------------- Instantiating /home/travis/build/icyphy/ptII/ptolemy/actor/lib/test/auto/SetVariable2.xml
3 ms. Memory: 437248K Free: 247159K (57%)
----------------- Invoking toplevel() on ptolemy.moml.MoMLSimpleApplication@2e7e98c2
----------------- Done invoking toplevel() on ptolemy.moml.MoMLSimpleApplication@2e7e98c2
reloadAllAccessors: .SetVariable2

===========================================================================================
----------------- testing Thu Jul 08 02:49:10 UTC 2021 /home/travis/build/icyphy/ptII/ptolemy/actor/lib/test/auto/SetVariable3.xml
----------------- Instantiating /home/travis/build/icyphy/ptII/ptolemy/actor/lib/test/auto/SetVariable3.xml
6 ms. Memory: 437248K Free: 241525K (55%)
----------------- Invoking toplevel() on ptolemy.moml.MoMLSimpleApplication@76168cc1
----------------- Done invoking toplevel() on ptolemy.moml.MoMLSimpleApplication@76168cc1
reloadAllAccessors: .SetVariable3

===========================================================================================
----------------- testing Thu Jul 08 02:49:10 UTC 2021 /home/travis/build/icyphy/ptII/ptolemy/actor/lib/test/auto/SetVariable4.xml
----------------- Instantiating /home/travis/build/icyphy/ptII/ptolemy/actor/lib/test/auto/SetVariable4.xml
18 ms. Memory: 437248K Free: 231799K (53%)
----------------- Invoking toplevel() on ptolemy.moml.MoMLSimpleApplication@78ec1ae6
----------------- Done invoking toplevel() on ptolemy.moml.MoMLSimpleApplication@78ec1ae6
reloadAllAccessors: .SetVariable4

===========================================================================================
----------------- testing Thu Jul 08 02:49:10 UTC 2021 /home/travis/build/icyphy/ptII/ptolemy/actor/lib/test/auto/SetVariable5.xml
----------------- Instantiating /home/travis/build/icyphy/ptII/ptolemy/actor/lib/test/auto/SetVariable5.xml
15 ms. Memory: 437248K Free: 222583K (51%)
----------------- Invoking toplevel() on ptolemy.moml.MoMLSimpleApplication@233c08a
----------------- Done invoking toplevel() on ptolemy.moml.MoMLSimpleApplication@233c08a
reloadAllAccessors: .SetVariable5

===========================================================================================
----------------- testing Thu Jul 08 02:49:10 UTC 2021 /home/travis/build/icyphy/ptII/ptolemy/actor/lib/test/auto/Sinewave.xml
----------------- Instantiating /home/travis/build/icyphy/ptII/ptolemy/actor/lib/test/auto/Sinewave.xml
7 ms. Memory: 437248K Free: 211829K (48%)
----------------- Invoking toplevel() on ptolemy.moml.MoMLSimpleApplication@6136dd5
----------------- Done invoking toplevel() on ptolemy.moml.MoMLSimpleApplication@6136dd5
reloadAllAccessors: .Sinewave

===========================================================================================
----------------- testing Thu Jul 08 02:49:10 UTC 2021 /home/travis/build/icyphy/ptII/ptolemy/actor/lib/test/auto/Sinewave2.xml
----------------- Instantiating /home/travis/build/icyphy/ptII/ptolemy/actor/lib/test/auto/Sinewave2.xml
4 ms. Memory: 437248K Free: 203623K (47%)
----------------- Invoking toplevel() on ptolemy.moml.MoMLSimpleApplication@5fd9e3d0
----------------- Done invoking toplevel() on ptolemy.moml.MoMLSimpleApplication@5fd9e3d0
reloadAllAccessors: .Sinewave2

===========================================================================================
----------------- testing Thu Jul 08 02:49:10 UTC 2021 /home/travis/build/icyphy/ptII/ptolemy/actor/lib/test/auto/Sinewave3.xml
----------------- Instantiating /home/travis/build/icyphy/ptII/ptolemy/actor/lib/test/auto/Sinewave3.xml
6 ms. Memory: 437248K Free: 194935K (45%)
----------------- Invoking toplevel() on ptolemy.moml.MoMLSimpleApplication@7f05157b
----------------- Done invoking toplevel() on ptolemy.moml.MoMLSimpleApplication@7f05157b
reloadAllAccessors: .Sinewave3

===========================================================================================
----------------- testing Thu Jul 08 02:49:10 UTC 2021 /home/travis/build/icyphy/ptII/ptolemy/actor/lib/test/auto/SingleEvent.xml
----------------- Instantiating /home/travis/build/icyphy/ptII/ptolemy/actor/lib/test/auto/SingleEvent.xml
1 ms. Memory: 437248K Free: 190325K (44%)
----------------- Invoking toplevel() on ptolemy.moml.MoMLSimpleApplication@2a15a682
----------------- Done invoking toplevel() on ptolemy.moml.MoMLSimpleApplication@2a15a682
reloadAllAccessors: .SingleEvent

===========================================================================================
----------------- testing Thu Jul 08 02:49:11 UTC 2021 /home/travis/build/icyphy/ptII/ptolemy/actor/lib/test/auto/Sleep.xml
----------------- Instantiating /home/travis/build/icyphy/ptII/ptolemy/actor/lib/test/auto/Sleep.xml
6002 ms. Memory: 437248K Free: 185167K (42%)
----------------- Invoking toplevel() on ptolemy.moml.MoMLSimpleApplication@57ba0c56
----------------- Done invoking toplevel() on ptolemy.moml.MoMLSimpleApplication@57ba0c56
reloadAllAccessors: .Sleep

===========================================================================================
----------------- testing Thu Jul 08 02:49:17 UTC 2021 /home/travis/build/icyphy/ptII/ptolemy/actor/lib/test/auto/SleepMultipleFire.xml
----------------- Instantiating /home/travis/build/icyphy/ptII/ptolemy/actor/lib/test/auto/SleepMultipleFire.xml
1005 ms. Memory: 437248K Free: 179575K (41%)
----------------- Invoking toplevel() on ptolemy.moml.MoMLSimpleApplication@4567e62f
----------------- Done invoking toplevel() on ptolemy.moml.MoMLSimpleApplication@4567e62f
reloadAllAccessors: .SleepMultipleFire

===========================================================================================
----------------- testing Thu Jul 08 02:49:18 UTC 2021 /home/travis/build/icyphy/ptII/ptolemy/actor/lib/test/auto/StopDE.xml
----------------- Instantiating /home/travis/build/icyphy/ptII/ptolemy/actor/lib/test/auto/StopDE.xml
3 ms. Memory: 437248K Free: 173431K (40%)
----------------- Invoking toplevel() on ptolemy.moml.MoMLSimpleApplication@43074b97
----------------- Done invoking toplevel() on ptolemy.moml.MoMLSimpleApplication@43074b97
reloadAllAccessors: .StopDE

===========================================================================================
----------------- testing Thu Jul 08 02:49:18 UTC 2021 /home/travis/build/icyphy/ptII/ptolemy/actor/lib/test/auto/StopSDF.xml
----------------- Instantiating /home/travis/build/icyphy/ptII/ptolemy/actor/lib/test/auto/StopSDF.xml
2 ms. Memory: 437248K Free: 168311K (38%)
----------------- Invoking toplevel() on ptolemy.moml.MoMLSimpleApplication@20428c3b
----------------- Done invoking toplevel() on ptolemy.moml.MoMLSimpleApplication@20428c3b
reloadAllAccessors: .StopSDF

===========================================================================================
----------------- testing Thu Jul 08 02:49:18 UTC 2021 /home/travis/build/icyphy/ptII/ptolemy/actor/lib/test/auto/StringConstant.xml
----------------- Instantiating /home/travis/build/icyphy/ptII/ptolemy/actor/lib/test/auto/StringConstant.xml
8 ms. Memory: 437248K Free: 164215K (38%)
----------------- Invoking toplevel() on ptolemy.moml.MoMLSimpleApplication@499c20fc
----------------- Done invoking toplevel() on ptolemy.moml.MoMLSimpleApplication@499c20fc
reloadAllAccessors: .StringConstant

===========================================================================================
----------------- testing Thu Jul 08 02:49:18 UTC 2021 /home/travis/build/icyphy/ptII/ptolemy/actor/lib/test/auto/SubscriberPortInitialValues1.xml
----------------- Instantiating /home/travis/build/icyphy/ptII/ptolemy/actor/lib/test/auto/SubscriberPortInitialValues1.xml
7 ms. Memory: 437248K Free: 154999K (35%)
----------------- Invoking toplevel() on ptolemy.moml.MoMLSimpleApplication@2b08d464
----------------- Done invoking toplevel() on ptolemy.moml.MoMLSimpleApplication@2b08d464
reloadAllAccessors: .SubscriberPortInitialValues1

===========================================================================================
----------------- testing Thu Jul 08 02:49:18 UTC 2021 /home/travis/build/icyphy/ptII/ptolemy/actor/lib/test/auto/SubscriberPortInitialValues13.xml
----------------- Instantiating /home/travis/build/icyphy/ptII/ptolemy/actor/lib/test/auto/SubscriberPortInitialValues13.xml
4 ms. Memory: 437248K Free: 142197K (33%)
----------------- Invoking toplevel() on ptolemy.moml.MoMLSimpleApplication@7a1d00b0
----------------- Done invoking toplevel() on ptolemy.moml.MoMLSimpleApplication@7a1d00b0
reloadAllAccessors: .SubscriberPortInitialValues13

===========================================================================================
----------------- testing Thu Jul 08 02:49:18 UTC 2021 /home/travis/build/icyphy/ptII/ptolemy/actor/lib/test/auto/SubscriberPortInitialValues14.xml
----------------- Instantiating /home/travis/build/icyphy/ptII/ptolemy/actor/lib/test/auto/SubscriberPortInitialValues14.xml
5 ms. Memory: 437248K Free: 134519K (31%)
----------------- Invoking toplevel() on ptolemy.moml.MoMLSimpleApplication@2eb3888b
----------------- Done invoking toplevel() on ptolemy.moml.MoMLSimpleApplication@2eb3888b
reloadAllAccessors: .SubscriberPortInitialValues14

===========================================================================================
----------------- testing Thu Jul 08 02:49:18 UTC 2021 /home/travis/build/icyphy/ptII/ptolemy/actor/lib/test/auto/SubscriberPortInitialValues2.xml
----------------- Instantiating /home/travis/build/icyphy/ptII/ptolemy/actor/lib/test/auto/SubscriberPortInitialValues2.xml
12 ms. Memory: 437248K Free: 382490K (87%)
----------------- Invoking toplevel() on ptolemy.moml.MoMLSimpleApplication@18fea76c
----------------- Done invoking toplevel() on ptolemy.moml.MoMLSimpleApplication@18fea76c
reloadAllAccessors: .SubscriberPortInitialValues2

===========================================================================================
----------------- testing Thu Jul 08 02:49:18 UTC 2021 /home/travis/build/icyphy/ptII/ptolemy/actor/lib/test/auto/SubscriberPortInitialValues3.xml
----------------- Instantiating /home/travis/build/icyphy/ptII/ptolemy/actor/lib/test/auto/SubscriberPortInitialValues3.xml
3 ms. Memory: 437248K Free: 371226K (85%)
----------------- Invoking toplevel() on ptolemy.moml.MoMLSimpleApplication@21c987ad
----------------- Done invoking toplevel() on ptolemy.moml.MoMLSimpleApplication@21c987ad
reloadAllAccessors: .SubscriberPortInitialValues3

===========================================================================================
----------------- testing Thu Jul 08 02:49:18 UTC 2021 /home/travis/build/icyphy/ptII/ptolemy/actor/lib/test/auto/SubscriptionAggregator.xml
----------------- Instantiating /home/travis/build/icyphy/ptII/ptolemy/actor/lib/test/auto/SubscriptionAggregator.xml
2 ms. Memory: 437248K Free: 364572K (83%)
----------------- Invoking toplevel() on ptolemy.moml.MoMLSimpleApplication@2124e36c
----------------- Done invoking toplevel() on ptolemy.moml.MoMLSimpleApplication@2124e36c
reloadAllAccessors: .SubscriptionAggregator

===========================================================================================
----------------- testing Thu Jul 08 02:49:18 UTC 2021 /home/travis/build/icyphy/ptII/ptolemy/actor/lib/test/auto/SubscriptionAggregator2.xml
----------------- Instantiating /home/travis/build/icyphy/ptII/ptolemy/actor/lib/test/auto/SubscriptionAggregator2.xml
2 ms. Memory: 437248K Free: 357404K (82%)
----------------- Invoking toplevel() on ptolemy.moml.MoMLSimpleApplication@78cbf1c9
----------------- Done invoking toplevel() on ptolemy.moml.MoMLSimpleApplication@78cbf1c9
reloadAllAccessors: .SubscriptionAggregator2

===========================================================================================
----------------- testing Thu Jul 08 02:49:18 UTC 2021 /home/travis/build/icyphy/ptII/ptolemy/actor/lib/test/auto/SubscriptionAggregator3.xml
----------------- Instantiating /home/travis/build/icyphy/ptII/ptolemy/actor/lib/test/auto/SubscriptionAggregator3.xml
3 ms. Memory: 437248K Free: 348692K (80%)
----------------- Invoking toplevel() on ptolemy.moml.MoMLSimpleApplication@4a25b509
----------------- Done invoking toplevel() on ptolemy.moml.MoMLSimpleApplication@4a25b509
reloadAllAccessors: .SubscriptionAggregator3

===========================================================================================
----------------- testing Thu Jul 08 02:49:18 UTC 2021 /home/travis/build/icyphy/ptII/ptolemy/actor/lib/test/auto/SubscriptionAggregatorMultiply.xml
----------------- Instantiating /home/travis/build/icyphy/ptII/ptolemy/actor/lib/test/auto/SubscriptionAggregatorMultiply.xml
3 ms. Memory: 437248K Free: 339996K (78%)
----------------- Invoking toplevel() on ptolemy.moml.MoMLSimpleApplication@3d6583d
----------------- Done invoking toplevel() on ptolemy.moml.MoMLSimpleApplication@3d6583d
reloadAllAccessors: .SubscriptionAggregatorMultiply

===========================================================================================
----------------- testing Thu Jul 08 02:49:18 UTC 2021 /home/travis/build/icyphy/ptII/ptolemy/actor/lib/test/auto/SubscriptionAggregatorPortMultiply1.xml
----------------- Instantiating /home/travis/build/icyphy/ptII/ptolemy/actor/lib/test/auto/SubscriptionAggregatorPortMultiply1.xml
3 ms. Memory: 437248K Free: 331804K (76%)
----------------- Invoking toplevel() on ptolemy.moml.MoMLSimpleApplication@3d196b8
----------------- Done invoking toplevel() on ptolemy.moml.MoMLSimpleApplication@3d196b8
reloadAllAccessors: .SubscriptionAggregatorPortMultiply1

===========================================================================================
----------------- testing Thu Jul 08 02:49:18 UTC 2021 /home/travis/build/icyphy/ptII/ptolemy/actor/lib/test/auto/Switch.xml
----------------- Instantiating /home/travis/build/icyphy/ptII/ptolemy/actor/lib/test/auto/Switch.xml
7 ms. Memory: 437248K Free: 323612K (74%)
----------------- Invoking toplevel() on ptolemy.moml.MoMLSimpleApplication@73ab65c6
----------------- Done invoking toplevel() on ptolemy.moml.MoMLSimpleApplication@73ab65c6
reloadAllAccessors: .Switch

===========================================================================================
----------------- testing Thu Jul 08 02:49:18 UTC 2021 /home/travis/build/icyphy/ptII/ptolemy/actor/lib/test/auto/Switch2.xml
----------------- Instantiating /home/travis/build/icyphy/ptII/ptolemy/actor/lib/test/auto/Switch2.xml
1 ms. Memory: 437248K Free: 319002K (73%)
----------------- Invoking toplevel() on ptolemy.moml.MoMLSimpleApplication@5aa7cd7f
----------------- Done invoking toplevel() on ptolemy.moml.MoMLSimpleApplication@5aa7cd7f
reloadAllAccessors: .Switch2

===========================================================================================
----------------- testing Thu Jul 08 02:49:18 UTC 2021 /home/travis/build/icyphy/ptII/ptolemy/actor/lib/test/auto/SwitchDE.xml
----------------- Instantiating /home/travis/build/icyphy/ptII/ptolemy/actor/lib/test/auto/SwitchDE.xml
3 ms. Memory: 437248K Free: 312348K (71%)
----------------- Invoking toplevel() on ptolemy.moml.MoMLSimpleApplication@186d3b93
----------------- Done invoking toplevel() on ptolemy.moml.MoMLSimpleApplication@186d3b93
reloadAllAccessors: .SwitchDE

===========================================================================================
----------------- testing Thu Jul 08 02:49:18 UTC 2021 /home/travis/build/icyphy/ptII/ptolemy/actor/lib/test/auto/SynchronizerDE.xml
----------------- Instantiating /home/travis/build/icyphy/ptII/ptolemy/actor/lib/test/auto/SynchronizerDE.xml
6 ms. Memory: 437248K Free: 304156K (70%)
----------------- Invoking toplevel() on ptolemy.moml.MoMLSimpleApplication@4ab6a04d
----------------- Done invoking toplevel() on ptolemy.moml.MoMLSimpleApplication@4ab6a04d
reloadAllAccessors: .SynchronizerDE

===========================================================================================
----------------- testing Thu Jul 08 02:49:18 UTC 2021 /home/travis/build/icyphy/ptII/ptolemy/actor/lib/test/auto/Test.xml
----------------- Instantiating /home/travis/build/icyphy/ptII/ptolemy/actor/lib/test/auto/Test.xml
2 ms. Memory: 437248K Free: 298508K (68%)
----------------- Invoking toplevel() on ptolemy.moml.MoMLSimpleApplication@7d92f277
----------------- Done invoking toplevel() on ptolemy.moml.MoMLSimpleApplication@7d92f277
reloadAllAccessors: .Test

===========================================================================================
----------------- testing Thu Jul 08 02:49:18 UTC 2021 /home/travis/build/icyphy/ptII/ptolemy/actor/lib/test/auto/TestExceptionAttribute1.xml
----------------- Instantiating /home/travis/build/icyphy/ptII/ptolemy/actor/lib/test/auto/TestExceptionAttribute1.xml
1 ms. Memory: 437248K Free: 294940K (67%)
----------------- Invoking toplevel() on ptolemy.moml.MoMLSimpleApplication@18ef828b
----------------- Done invoking toplevel() on ptolemy.moml.MoMLSimpleApplication@18ef828b
reloadAllAccessors: .TestExceptionAttribute1

===========================================================================================
----------------- testing Thu Jul 08 02:49:18 UTC 2021 /home/travis/build/icyphy/ptII/ptolemy/actor/lib/test/auto/TestExceptionAttribute2.xml
----------------- Instantiating /home/travis/build/icyphy/ptII/ptolemy/actor/lib/test/auto/TestExceptionAttribute2.xml
1 ms. Memory: 437248K Free: 291354K (67%)
----------------- Invoking toplevel() on ptolemy.moml.MoMLSimpleApplication@3516c1ef
----------------- Done invoking toplevel() on ptolemy.moml.MoMLSimpleApplication@3516c1ef
reloadAllAccessors: .TestExceptionAttribute2

===========================================================================================
----------------- testing Thu Jul 08 02:49:18 UTC 2021 /home/travis/build/icyphy/ptII/ptolemy/actor/lib/test/auto/TestExceptionAttribute3.xml
----------------- Instantiating /home/travis/build/icyphy/ptII/ptolemy/actor/lib/test/auto/TestExceptionAttribute3.xml
.TestExceptionAttribute3.TestExceptionAttribute: initialize() was not invoked, but wrapup() was.  This is unusual, but not always a problem.  For example, exporting JNLP will do this.
0 ms. Memory: 437248K Free: 287258K (66%)
----------------- Invoking toplevel() on ptolemy.moml.MoMLSimpleApplication@392c64f0
----------------- Done invoking toplevel() on ptolemy.moml.MoMLSimpleApplication@392c64f0
reloadAllAccessors: .TestExceptionAttribute3

===========================================================================================
----------------- testing Thu Jul 08 02:49:18 UTC 2021 /home/travis/build/icyphy/ptII/ptolemy/actor/lib/test/auto/TestExceptionAttribute4.xml
----------------- Instantiating /home/travis/build/icyphy/ptII/ptolemy/actor/lib/test/auto/TestExceptionAttribute4.xml
.TestExceptionAttribute4.TestExceptionAttribute: initialize() was not invoked, but wrapup() was.  This is unusual, but not always a problem.  For example, exporting JNLP will do this.
.TestExceptionAttribute4.TestExceptionAttribute2: initialize() was not invoked, but wrapup() was.  This is unusual, but not always a problem.  For example, exporting JNLP will do this.
0 ms. Memory: 437248K Free: 283162K (65%)
----------------- Invoking toplevel() on ptolemy.moml.MoMLSimpleApplication@332ad900
----------------- Done invoking toplevel() on ptolemy.moml.MoMLSimpleApplication@332ad900
reloadAllAccessors: .TestExceptionAttribute4

===========================================================================================
----------------- testing Thu Jul 08 02:49:18 UTC 2021 /home/travis/build/icyphy/ptII/ptolemy/actor/lib/test/auto/TestExceptionHandler1.xml
----------------- Instantiating /home/travis/build/icyphy/ptII/ptolemy/actor/lib/test/auto/TestExceptionHandler1.xml
0 ms. Memory: 437248K Free: 279066K (64%)
----------------- Invoking toplevel() on ptolemy.moml.MoMLSimpleApplication@a7df9e5
----------------- Done invoking toplevel() on ptolemy.moml.MoMLSimpleApplication@a7df9e5
reloadAllAccessors: .TestExceptionHandler1

===========================================================================================
----------------- testing Thu Jul 08 02:49:18 UTC 2021 /home/travis/build/icyphy/ptII/ptolemy/actor/lib/test/auto/TestExceptionHandler2.xml
----------------- Instantiating /home/travis/build/icyphy/ptII/ptolemy/actor/lib/test/auto/TestExceptionHandler2.xml
1 ms. Memory: 437248K Free: 275484K (63%)
----------------- Invoking toplevel() on ptolemy.moml.MoMLSimpleApplication@392fdb75
----------------- Done invoking toplevel() on ptolemy.moml.MoMLSimpleApplication@392fdb75
reloadAllAccessors: .TestExceptionHandler2

===========================================================================================
----------------- testing Thu Jul 08 02:49:18 UTC 2021 /home/travis/build/icyphy/ptII/ptolemy/actor/lib/test/auto/TestExceptionHandler3.xml
----------------- Instantiating /home/travis/build/icyphy/ptII/ptolemy/actor/lib/test/auto/TestExceptionHandler3.xml
1 ms. Memory: 437248K Free: 271898K (62%)
----------------- Invoking toplevel() on ptolemy.moml.MoMLSimpleApplication@7f4ab2d5
----------------- Done invoking toplevel() on ptolemy.moml.MoMLSimpleApplication@7f4ab2d5
reloadAllAccessors: .TestExceptionHandler3

===========================================================================================
----------------- testing Thu Jul 08 02:49:18 UTC 2021 /home/travis/build/icyphy/ptII/ptolemy/actor/lib/test/auto/TestExceptionHandler4.xml
----------------- Instantiating /home/travis/build/icyphy/ptII/ptolemy/actor/lib/test/auto/TestExceptionHandler4.xml
1 ms. Memory: 437248K Free: 267292K (61%)
----------------- Invoking toplevel() on ptolemy.moml.MoMLSimpleApplication@38a8d3cd
----------------- Done invoking toplevel() on ptolemy.moml.MoMLSimpleApplication@38a8d3cd
reloadAllAccessors: .TestExceptionHandler4

===========================================================================================
----------------- testing Thu Jul 08 02:49:18 UTC 2021 /home/travis/build/icyphy/ptII/ptolemy/actor/lib/test/auto/TestRequireCorrectOrder.xml
----------------- Instantiating /home/travis/build/icyphy/ptII/ptolemy/actor/lib/test/auto/TestRequireCorrectOrder.xml
9 ms. Memory: 437248K Free: 262172K (60%)
----------------- Invoking toplevel() on ptolemy.moml.MoMLSimpleApplication@242e883
----------------- Done invoking toplevel() on ptolemy.moml.MoMLSimpleApplication@242e883
reloadAllAccessors: .TestRequireCorrectOrder

===========================================================================================
----------------- testing Thu Jul 08 02:49:18 UTC 2021 /home/travis/build/icyphy/ptII/ptolemy/actor/lib/test/auto/TestSimple.xml
----------------- Instantiating /home/travis/build/icyphy/ptII/ptolemy/actor/lib/test/auto/TestSimple.xml
1 ms. Memory: 437248K Free: 257052K (59%)
----------------- Invoking toplevel() on ptolemy.moml.MoMLSimpleApplication@5cb52a26
----------------- Done invoking toplevel() on ptolemy.moml.MoMLSimpleApplication@5cb52a26
reloadAllAccessors: .TestSimple

===========================================================================================
----------------- testing Thu Jul 08 02:49:18 UTC 2021 /home/travis/build/icyphy/ptII/ptolemy/actor/lib/test/auto/ThrowModelError.xml
----------------- Instantiating /home/travis/build/icyphy/ptII/ptolemy/actor/lib/test/auto/ThrowModelError.xml
1 ms. Memory: 437248K Free: 252442K (58%)
----------------- Invoking toplevel() on ptolemy.moml.MoMLSimpleApplication@362df13c
----------------- Done invoking toplevel() on ptolemy.moml.MoMLSimpleApplication@362df13c
reloadAllAccessors: .ThrowModelError

===========================================================================================
----------------- testing Thu Jul 08 02:49:18 UTC 2021 /home/travis/build/icyphy/ptII/ptolemy/actor/lib/test/auto/TimeDelayMicrosteps.xml
----------------- Instantiating /home/travis/build/icyphy/ptII/ptolemy/actor/lib/test/auto/TimeDelayMicrosteps.xml
2 ms. Memory: 437248K Free: 245788K (56%)
----------------- Invoking toplevel() on ptolemy.moml.MoMLSimpleApplication@52f87825
----------------- Done invoking toplevel() on ptolemy.moml.MoMLSimpleApplication@52f87825
reloadAllAccessors: .TimeDelayMicrosteps

===========================================================================================
----------------- testing Thu Jul 08 02:49:18 UTC 2021 /home/travis/build/icyphy/ptII/ptolemy/actor/lib/test/auto/TimeDelayMicrosteps2.xml
----------------- Instantiating /home/travis/build/icyphy/ptII/ptolemy/actor/lib/test/auto/TimeDelayMicrosteps2.xml
2 ms. Memory: 437248K Free: 238100K (54%)
----------------- Invoking toplevel() on ptolemy.moml.MoMLSimpleApplication@4062f8a7
----------------- Done invoking toplevel() on ptolemy.moml.MoMLSimpleApplication@4062f8a7
reloadAllAccessors: .TimeDelayMicrosteps2

===========================================================================================
----------------- testing Thu Jul 08 02:49:18 UTC 2021 /home/travis/build/icyphy/ptII/ptolemy/actor/lib/test/auto/TimeDelayMicrosteps3.xml
----------------- Instantiating /home/travis/build/icyphy/ptII/ptolemy/actor/lib/test/auto/TimeDelayMicrosteps3.xml
2 ms. Memory: 437248K Free: 231452K (53%)
----------------- Invoking toplevel() on ptolemy.moml.MoMLSimpleApplication@2f0a21e5
----------------- Done invoking toplevel() on ptolemy.moml.MoMLSimpleApplication@2f0a21e5
reloadAllAccessors: .TimeDelayMicrosteps3

===========================================================================================
----------------- testing Thu Jul 08 02:49:18 UTC 2021 /home/travis/build/icyphy/ptII/ptolemy/actor/lib/test/auto/TimeDelayVariableMicrosteps.xml
----------------- Instantiating /home/travis/build/icyphy/ptII/ptolemy/actor/lib/test/auto/TimeDelayVariableMicrosteps.xml
3 ms. Memory: 437248K Free: 224794K (51%)
----------------- Invoking toplevel() on ptolemy.moml.MoMLSimpleApplication@60ac8131
----------------- Done invoking toplevel() on ptolemy.moml.MoMLSimpleApplication@60ac8131
reloadAllAccessors: .TimeDelayVariableMicrosteps

===========================================================================================
----------------- testing Thu Jul 08 02:49:18 UTC 2021 /home/travis/build/icyphy/ptII/ptolemy/actor/lib/test/auto/TimeGap.xml
----------------- Instantiating /home/travis/build/icyphy/ptII/ptolemy/actor/lib/test/auto/TimeGap.xml
3 ms. Memory: 437248K Free: 219644K (50%)
----------------- Invoking toplevel() on ptolemy.moml.MoMLSimpleApplication@4b4d4201
----------------- Done invoking toplevel() on ptolemy.moml.MoMLSimpleApplication@4b4d4201
reloadAllAccessors: .TimeGap

===========================================================================================
----------------- testing Thu Jul 08 02:49:18 UTC 2021 /home/travis/build/icyphy/ptII/ptolemy/actor/lib/test/auto/TimeGap2.xml
----------------- Instantiating /home/travis/build/icyphy/ptII/ptolemy/actor/lib/test/auto/TimeGap2.xml
2 ms. Memory: 437248K Free: 213524K (49%)
----------------- Invoking toplevel() on ptolemy.moml.MoMLSimpleApplication@211ec70a
----------------- Done invoking toplevel() on ptolemy.moml.MoMLSimpleApplication@211ec70a
reloadAllAccessors: .TimeGap2

===========================================================================================
----------------- testing Thu Jul 08 02:49:18 UTC 2021 /home/travis/build/icyphy/ptII/ptolemy/actor/lib/test/auto/TimedSinewave.xml
----------------- Instantiating /home/travis/build/icyphy/ptII/ptolemy/actor/lib/test/auto/TimedSinewave.xml
18 ms. Memory: 437248K Free: 199708K (46%)
----------------- Invoking toplevel() on ptolemy.moml.MoMLSimpleApplication@6c8a554
----------------- Done invoking toplevel() on ptolemy.moml.MoMLSimpleApplication@6c8a554
reloadAllAccessors: .TimedSinewave

===========================================================================================
----------------- testing Thu Jul 08 02:49:18 UTC 2021 /home/travis/build/icyphy/ptII/ptolemy/actor/lib/test/auto/TimedSinewavePhase.xml
----------------- Instantiating /home/travis/build/icyphy/ptII/ptolemy/actor/lib/test/auto/TimedSinewavePhase.xml
8 ms. Memory: 437248K Free: 189978K (43%)
----------------- Invoking toplevel() on ptolemy.moml.MoMLSimpleApplication@50133a0e
----------------- Done invoking toplevel() on ptolemy.moml.MoMLSimpleApplication@50133a0e
reloadAllAccessors: .TimedSinewavePhase

===========================================================================================
----------------- testing Thu Jul 08 02:49:18 UTC 2021 /home/travis/build/icyphy/ptII/ptolemy/actor/lib/test/auto/Timer.xml
----------------- Instantiating /home/travis/build/icyphy/ptII/ptolemy/actor/lib/test/auto/Timer.xml
1 ms. Memory: 437248K Free: 183828K (42%)
----------------- Invoking toplevel() on ptolemy.moml.MoMLSimpleApplication@22e37c2b
----------------- Done invoking toplevel() on ptolemy.moml.MoMLSimpleApplication@22e37c2b
reloadAllAccessors: .Timer

===========================================================================================
----------------- testing Thu Jul 08 02:49:18 UTC 2021 /home/travis/build/icyphy/ptII/ptolemy/actor/lib/test/auto/TriangularDistTestModel.xml
----------------- Instantiating /home/travis/build/icyphy/ptII/ptolemy/actor/lib/test/auto/TriangularDistTestModel.xml
1 ms. Memory: 437248K Free: 178204K (41%)
----------------- Invoking toplevel() on ptolemy.moml.MoMLSimpleApplication@3e619273
----------------- Done invoking toplevel() on ptolemy.moml.MoMLSimpleApplication@3e619273
reloadAllAccessors: .TriangularDistTestModel

===========================================================================================
----------------- testing Thu Jul 08 02:49:18 UTC 2021 /home/travis/build/icyphy/ptII/ptolemy/actor/lib/test/auto/TrigFunction.xml
----------------- Instantiating /home/travis/build/icyphy/ptII/ptolemy/actor/lib/test/auto/TrigFunction.xml
2 ms. Memory: 437248K Free: 173084K (40%)
----------------- Invoking toplevel() on ptolemy.moml.MoMLSimpleApplication@2bef3399
----------------- Done invoking toplevel() on ptolemy.moml.MoMLSimpleApplication@2bef3399
reloadAllAccessors: .TrigFunction

===========================================================================================
----------------- testing Thu Jul 08 02:49:18 UTC 2021 /home/travis/build/icyphy/ptII/ptolemy/actor/lib/test/auto/TrigFunctionDE.xml
----------------- Instantiating /home/travis/build/icyphy/ptII/ptolemy/actor/lib/test/auto/TrigFunctionDE.xml
1 ms. Memory: 437248K Free: 167450K (38%)
----------------- Invoking toplevel() on ptolemy.moml.MoMLSimpleApplication@28eb76ed
----------------- Done invoking toplevel() on ptolemy.moml.MoMLSimpleApplication@28eb76ed
reloadAllAccessors: .TrigFunctionDE

===========================================================================================
----------------- testing Thu Jul 08 02:49:18 UTC 2021 /home/travis/build/icyphy/ptII/ptolemy/actor/lib/test/auto/TrigFunctionInverse.xml
----------------- Instantiating /home/travis/build/icyphy/ptII/ptolemy/actor/lib/test/auto/TrigFunctionInverse.xml
2 ms. Memory: 437248K Free: 161820K (37%)
----------------- Invoking toplevel() on ptolemy.moml.MoMLSimpleApplication@4dbe42bf
----------------- Done invoking toplevel() on ptolemy.moml.MoMLSimpleApplication@4dbe42bf
reloadAllAccessors: .TrigFunctionInverse

===========================================================================================
----------------- testing Thu Jul 08 02:49:18 UTC 2021 /home/travis/build/icyphy/ptII/ptolemy/actor/lib/test/auto/TrigFunctionTan.xml
----------------- Instantiating /home/travis/build/icyphy/ptII/ptolemy/actor/lib/test/auto/TrigFunctionTan.xml
1 ms. Memory: 437248K Free: 157724K (36%)
----------------- Invoking toplevel() on ptolemy.moml.MoMLSimpleApplication@71eb7b8a
----------------- Done invoking toplevel() on ptolemy.moml.MoMLSimpleApplication@71eb7b8a
reloadAllAccessors: .TrigFunctionTan

===========================================================================================
----------------- testing Thu Jul 08 02:49:18 UTC 2021 /home/travis/build/icyphy/ptII/ptolemy/actor/lib/test/auto/TriggeredClock.xml
----------------- Instantiating /home/travis/build/icyphy/ptII/ptolemy/actor/lib/test/auto/TriggeredClock.xml
1 ms. Memory: 437248K Free: 152572K (35%)
----------------- Invoking toplevel() on ptolemy.moml.MoMLSimpleApplication@35174e6f
----------------- Done invoking toplevel() on ptolemy.moml.MoMLSimpleApplication@35174e6f
reloadAllAccessors: .TriggeredClock

===========================================================================================
----------------- testing Thu Jul 08 02:49:18 UTC 2021 /home/travis/build/icyphy/ptII/ptolemy/actor/lib/test/auto/URLDirectoryReader.xml
----------------- Instantiating /home/travis/build/icyphy/ptII/ptolemy/actor/lib/test/auto/URLDirectoryReader.xml
42 ms. Memory: 437248K Free: 142874K (33%)
----------------- Invoking toplevel() on ptolemy.moml.MoMLSimpleApplication@142eefb0
----------------- Done invoking toplevel() on ptolemy.moml.MoMLSimpleApplication@142eefb0
reloadAllAccessors: .URLDirectoryReader

===========================================================================================
----------------- testing Thu Jul 08 02:49:18 UTC 2021 /home/travis/build/icyphy/ptII/ptolemy/actor/lib/test/auto/URLDirectoryReader3.xml
----------------- Instantiating /home/travis/build/icyphy/ptII/ptolemy/actor/lib/test/auto/URLDirectoryReader3.xml
1158 ms. Memory: 437248K Free: 376980K (86%)
----------------- Invoking toplevel() on ptolemy.moml.MoMLSimpleApplication@5b785a1
----------------- Done invoking toplevel() on ptolemy.moml.MoMLSimpleApplication@5b785a1
reloadAllAccessors: .URLDirectoryReader3

===========================================================================================
----------------- testing Thu Jul 08 02:49:20 UTC 2021 /home/travis/build/icyphy/ptII/ptolemy/actor/lib/test/auto/UnaryMathFunction.xml
----------------- Instantiating /home/travis/build/icyphy/ptII/ptolemy/actor/lib/test/auto/UnaryMathFunction.xml
2 ms. Memory: 437248K Free: 369298K (84%)
----------------- Invoking toplevel() on ptolemy.moml.MoMLSimpleApplication@d3bdd47
----------------- Done invoking toplevel() on ptolemy.moml.MoMLSimpleApplication@d3bdd47
reloadAllAccessors: .UnaryMathFunction

===========================================================================================
----------------- testing Thu Jul 08 02:49:20 UTC 2021 /home/travis/build/icyphy/ptII/ptolemy/actor/lib/test/auto/Uniform.xml
----------------- Instantiating /home/travis/build/icyphy/ptII/ptolemy/actor/lib/test/auto/Uniform.xml
1 ms. Memory: 437248K Free: 364172K (83%)
----------------- Invoking toplevel() on ptolemy.moml.MoMLSimpleApplication@52faab15
----------------- Done invoking toplevel() on ptolemy.moml.MoMLSimpleApplication@52faab15
reloadAllAccessors: .Uniform

===========================================================================================
----------------- testing Thu Jul 08 02:49:20 UTC 2021 /home/travis/build/icyphy/ptII/ptolemy/actor/lib/test/auto/UnionDisassemblerTest.xml
----------------- Instantiating /home/travis/build/icyphy/ptII/ptolemy/actor/lib/test/auto/UnionDisassemblerTest.xml
13 ms. Memory: 437248K Free: 360596K (82%)
----------------- Invoking toplevel() on ptolemy.moml.MoMLSimpleApplication@1158f8d2
----------------- Done invoking toplevel() on ptolemy.moml.MoMLSimpleApplication@1158f8d2
reloadAllAccessors: .UnionDisassemblerTest

===========================================================================================
----------------- testing Thu Jul 08 02:49:20 UTC 2021 /home/travis/build/icyphy/ptII/ptolemy/actor/lib/test/auto/UtilityFunctions.xml
----------------- Instantiating /home/travis/build/icyphy/ptII/ptolemy/actor/lib/test/auto/UtilityFunctions.xml
0 ms. Memory: 437248K Free: 355986K (81%)
----------------- Invoking toplevel() on ptolemy.moml.MoMLSimpleApplication@4fd0070d
----------------- Done invoking toplevel() on ptolemy.moml.MoMLSimpleApplication@4fd0070d
reloadAllAccessors: .UtilityFunctions

===========================================================================================
----------------- testing Thu Jul 08 02:49:20 UTC 2021 /home/travis/build/icyphy/ptII/ptolemy/actor/lib/test/auto/VariableSleep.xml
----------------- Instantiating /home/travis/build/icyphy/ptII/ptolemy/actor/lib/test/auto/VariableSleep.xml
502 ms. Memory: 437248K Free: 350866K (80%)
----------------- Invoking toplevel() on ptolemy.moml.MoMLSimpleApplication@46788ca0
----------------- Done invoking toplevel() on ptolemy.moml.MoMLSimpleApplication@46788ca0
reloadAllAccessors: .VariableSleep

===========================================================================================
----------------- testing Thu Jul 08 02:49:20 UTC 2021 /home/travis/build/icyphy/ptII/ptolemy/actor/lib/test/auto/VectorAssemblerDisassemblerCT.xml
----------------- Instantiating /home/travis/build/icyphy/ptII/ptolemy/actor/lib/test/auto/VectorAssemblerDisassemblerCT.xml
62 ms. Memory: 437248K Free: 329876K (75%)
----------------- Invoking toplevel() on ptolemy.moml.MoMLSimpleApplication@24ae7873
----------------- Done invoking toplevel() on ptolemy.moml.MoMLSimpleApplication@24ae7873
reloadAllAccessors: .VectorAssemblerDisassemblerCT

===========================================================================================
----------------- testing Thu Jul 08 02:49:21 UTC 2021 /home/travis/build/icyphy/ptII/ptolemy/actor/lib/test/auto/VectorAssemblerDisassemblerDE.xml
----------------- Instantiating /home/travis/build/icyphy/ptII/ptolemy/actor/lib/test/auto/VectorAssemblerDisassemblerDE.xml
2 ms. Memory: 437248K Free: 322708K (74%)
----------------- Invoking toplevel() on ptolemy.moml.MoMLSimpleApplication@8a33a7f
----------------- Done invoking toplevel() on ptolemy.moml.MoMLSimpleApplication@8a33a7f
reloadAllAccessors: .VectorAssemblerDisassemblerDE

===========================================================================================
----------------- testing Thu Jul 08 02:49:21 UTC 2021 /home/travis/build/icyphy/ptII/ptolemy/actor/lib/test/auto/VectorAssemblerDisassemblerSDF.xml
----------------- Instantiating /home/travis/build/icyphy/ptII/ptolemy/actor/lib/test/auto/VectorAssemblerDisassemblerSDF.xml
2 ms. Memory: 437248K Free: 316036K (72%)
----------------- Invoking toplevel() on ptolemy.moml.MoMLSimpleApplication@46521fd8
----------------- Done invoking toplevel() on ptolemy.moml.MoMLSimpleApplication@46521fd8
reloadAllAccessors: .VectorAssemblerDisassemblerSDF

===========================================================================================
----------------- testing Thu Jul 08 02:49:21 UTC 2021 /home/travis/build/icyphy/ptII/ptolemy/actor/lib/test/auto/WallClockTime.xml
----------------- Instantiating /home/travis/build/icyphy/ptII/ptolemy/actor/lib/test/auto/WallClockTime.xml
1003 ms. Memory: 437248K Free: 310420K (71%)
----------------- Invoking toplevel() on ptolemy.moml.MoMLSimpleApplication@1f7d7948
----------------- Done invoking toplevel() on ptolemy.moml.MoMLSimpleApplication@1f7d7948
reloadAllAccessors: .WallClockTime

===========================================================================================
----------------- testing Thu Jul 08 02:49:22 UTC 2021 /home/travis/build/icyphy/ptII/ptolemy/actor/lib/test/auto/WidthTestWithSubscriberPublisher.xml
----------------- Instantiating /home/travis/build/icyphy/ptII/ptolemy/actor/lib/test/auto/WidthTestWithSubscriberPublisher.xml
7 ms. Memory: 437248K Free: 292498K (67%)
----------------- Invoking toplevel() on ptolemy.moml.MoMLSimpleApplication@9c173d9
----------------- Done invoking toplevel() on ptolemy.moml.MoMLSimpleApplication@9c173d9
reloadAllAccessors: .WidthTestWithSubscriberPublisher

===========================================================================================
----------------- testing Thu Jul 08 02:49:22 UTC 2021 /home/travis/build/icyphy/ptII/ptolemy/actor/lib/test/auto/WidthTestWithSubscriberPublisher2.xml
----------------- Instantiating /home/travis/build/icyphy/ptII/ptolemy/actor/lib/test/auto/WidthTestWithSubscriberPublisher2.xml
2 ms. Memory: 437248K Free: 286354K (65%)
----------------- Invoking toplevel() on ptolemy.moml.MoMLSimpleApplication@6bba8a49
----------------- Done invoking toplevel() on ptolemy.moml.MoMLSimpleApplication@6bba8a49
reloadAllAccessors: .WidthTestWithSubscriberPublisher2

===========================================================================================
----------------- testing Thu Jul 08 02:49:22 UTC 2021 /home/travis/build/icyphy/ptII/ptolemy/actor/lib/test/auto/WidthTestWithSubscriberPublisher3.xml
----------------- Instantiating /home/travis/build/icyphy/ptII/ptolemy/actor/lib/test/auto/WidthTestWithSubscriberPublisher3.xml
2 ms. Memory: 437248K Free: 280210K (64%)
----------------- Invoking toplevel() on ptolemy.moml.MoMLSimpleApplication@7aeb64d
----------------- Done invoking toplevel() on ptolemy.moml.MoMLSimpleApplication@7aeb64d
reloadAllAccessors: .WidthTestWithSubscriberPublisher3

===========================================================================================
----------------- testing Thu Jul 08 02:49:22 UTC 2021 /home/travis/build/icyphy/ptII/ptolemy/actor/lib/test/auto/Writer.xml
----------------- Instantiating /home/travis/build/icyphy/ptII/ptolemy/actor/lib/test/auto/Writer.xml
0
1
2
3
4
1 ms. Memory: 437248K Free: 276100K (63%)
----------------- Invoking toplevel() on ptolemy.moml.MoMLSimpleApplication@19c3fa10
----------------- Done invoking toplevel() on ptolemy.moml.MoMLSimpleApplication@19c3fa10
reloadAllAccessors: .Writer

===========================================================================================
----------------- testing Thu Jul 08 02:49:22 UTC 2021 /home/travis/build/icyphy/ptII/ptolemy/actor/lib/test/auto/array.xml
----------------- Instantiating /home/travis/build/icyphy/ptII/ptolemy/actor/lib/test/auto/array.xml
13 ms. Memory: 437248K Free: 271508K (62%)
----------------- Invoking toplevel() on ptolemy.moml.MoMLSimpleApplication@339ce3b3
----------------- Done invoking toplevel() on ptolemy.moml.MoMLSimpleApplication@339ce3b3
reloadAllAccessors: .array

===========================================================================================
----------------- testing Thu Jul 08 02:49:22 UTC 2021 /home/travis/build/icyphy/ptII/ptolemy/actor/lib/test/auto/array2.xml
----------------- Instantiating /home/travis/build/icyphy/ptII/ptolemy/actor/lib/test/auto/array2.xml
5 ms. Memory: 437248K Free: 265860K (61%)
----------------- Invoking toplevel() on ptolemy.moml.MoMLSimpleApplication@1eeda5d8
----------------- Done invoking toplevel() on ptolemy.moml.MoMLSimpleApplication@1eeda5d8
reloadAllAccessors: .array2

===========================================================================================
----------------- testing Thu Jul 08 02:49:22 UTC 2021 /home/travis/build/icyphy/ptII/ptolemy/actor/lib/test/auto/arrayType.xml
----------------- Instantiating /home/travis/build/icyphy/ptII/ptolemy/actor/lib/test/auto/arrayType.xml
1 ms. Memory: 437248K Free: 260754K (60%)
----------------- Invoking toplevel() on ptolemy.moml.MoMLSimpleApplication@7827cb04
----------------- Done invoking toplevel() on ptolemy.moml.MoMLSimpleApplication@7827cb04
reloadAllAccessors: .arrayType

===========================================================================================
----------------- testing Thu Jul 08 02:49:22 UTC 2021 /home/travis/build/icyphy/ptII/ptolemy/actor/lib/test/auto/arrayType10.xml
----------------- Instantiating /home/travis/build/icyphy/ptII/ptolemy/actor/lib/test/auto/arrayType10.xml
1 ms. Memory: 437248K Free: 255634K (58%)
----------------- Invoking toplevel() on ptolemy.moml.MoMLSimpleApplication@2d826ae9
----------------- Done invoking toplevel() on ptolemy.moml.MoMLSimpleApplication@2d826ae9
reloadAllAccessors: .arrayType10

===========================================================================================
----------------- testing Thu Jul 08 02:49:22 UTC 2021 /home/travis/build/icyphy/ptII/ptolemy/actor/lib/test/auto/arrayType11.xml
----------------- Instantiating /home/travis/build/icyphy/ptII/ptolemy/actor/lib/test/auto/arrayType11.xml
1 ms. Memory: 437248K Free: 251028K (57%)
----------------- Invoking toplevel() on ptolemy.moml.MoMLSimpleApplication@683e6420
----------------- Done invoking toplevel() on ptolemy.moml.MoMLSimpleApplication@683e6420
reloadAllAccessors: .arrayType11

===========================================================================================
----------------- testing Thu Jul 08 02:49:22 UTC 2021 /home/travis/build/icyphy/ptII/ptolemy/actor/lib/test/auto/arrayType12.xml
----------------- Instantiating /home/travis/build/icyphy/ptII/ptolemy/actor/lib/test/auto/arrayType12.xml
1 ms. Memory: 437248K Free: 245908K (56%)
----------------- Invoking toplevel() on ptolemy.moml.MoMLSimpleApplication@6f5b2c4a
----------------- Done invoking toplevel() on ptolemy.moml.MoMLSimpleApplication@6f5b2c4a
reloadAllAccessors: .arrayType12

===========================================================================================
----------------- testing Thu Jul 08 02:49:22 UTC 2021 /home/travis/build/icyphy/ptII/ptolemy/actor/lib/test/auto/arrayType13.xml
----------------- Instantiating /home/travis/build/icyphy/ptII/ptolemy/actor/lib/test/auto/arrayType13.xml
1 ms. Memory: 437248K Free: 240260K (55%)
----------------- Invoking toplevel() on ptolemy.moml.MoMLSimpleApplication@3d0531c6
----------------- Done invoking toplevel() on ptolemy.moml.MoMLSimpleApplication@3d0531c6
reloadAllAccessors: .arrayType13

===========================================================================================
----------------- testing Thu Jul 08 02:49:22 UTC 2021 /home/travis/build/icyphy/ptII/ptolemy/actor/lib/test/auto/arrayType14.xml
----------------- Instantiating /home/travis/build/icyphy/ptII/ptolemy/actor/lib/test/auto/arrayType14.xml
1 ms. Memory: 437248K Free: 235154K (54%)
----------------- Invoking toplevel() on ptolemy.moml.MoMLSimpleApplication@7f5027f5
----------------- Done invoking toplevel() on ptolemy.moml.MoMLSimpleApplication@7f5027f5
reloadAllAccessors: .arrayType14

===========================================================================================
----------------- testing Thu Jul 08 02:49:22 UTC 2021 /home/travis/build/icyphy/ptII/ptolemy/actor/lib/test/auto/arrayType15.xml
----------------- Instantiating /home/travis/build/icyphy/ptII/ptolemy/actor/lib/test/auto/arrayType15.xml
2 ms. Memory: 437248K Free: 230034K (53%)
----------------- Invoking toplevel() on ptolemy.moml.MoMLSimpleApplication@4ba3f339
----------------- Done invoking toplevel() on ptolemy.moml.MoMLSimpleApplication@4ba3f339
reloadAllAccessors: .arrayType15

===========================================================================================
----------------- testing Thu Jul 08 02:49:22 UTC 2021 /home/travis/build/icyphy/ptII/ptolemy/actor/lib/test/auto/arrayType16.xml
----------------- Instantiating /home/travis/build/icyphy/ptII/ptolemy/actor/lib/test/auto/arrayType16.xml
1 ms. Memory: 437248K Free: 224404K (51%)
----------------- Invoking toplevel() on ptolemy.moml.MoMLSimpleApplication@ad4ee6c
----------------- Done invoking toplevel() on ptolemy.moml.MoMLSimpleApplication@ad4ee6c
reloadAllAccessors: .arrayType16

===========================================================================================
----------------- testing Thu Jul 08 02:49:22 UTC 2021 /home/travis/build/icyphy/ptII/ptolemy/actor/lib/test/auto/arrayType17.xml
----------------- Instantiating /home/travis/build/icyphy/ptII/ptolemy/actor/lib/test/auto/arrayType17.xml
1 ms. Memory: 437248K Free: 219284K (50%)
----------------- Invoking toplevel() on ptolemy.moml.MoMLSimpleApplication@4a713a5a
----------------- Done invoking toplevel() on ptolemy.moml.MoMLSimpleApplication@4a713a5a
reloadAllAccessors: .arrayType17

===========================================================================================
----------------- testing Thu Jul 08 02:49:22 UTC 2021 /home/travis/build/icyphy/ptII/ptolemy/actor/lib/test/auto/arrayType18.xml
----------------- Instantiating /home/travis/build/icyphy/ptII/ptolemy/actor/lib/test/auto/arrayType18.xml
1 ms. Memory: 437248K Free: 214674K (49%)
----------------- Invoking toplevel() on ptolemy.moml.MoMLSimpleApplication@2b758e04
----------------- Done invoking toplevel() on ptolemy.moml.MoMLSimpleApplication@2b758e04
reloadAllAccessors: .arrayType18

===========================================================================================
----------------- testing Thu Jul 08 02:49:22 UTC 2021 /home/travis/build/icyphy/ptII/ptolemy/actor/lib/test/auto/arrayType19.xml
----------------- Instantiating /home/travis/build/icyphy/ptII/ptolemy/actor/lib/test/auto/arrayType19.xml
1 ms. Memory: 437248K Free: 209554K (48%)
----------------- Invoking toplevel() on ptolemy.moml.MoMLSimpleApplication@51ee051f
----------------- Done invoking toplevel() on ptolemy.moml.MoMLSimpleApplication@51ee051f
reloadAllAccessors: .arrayType19

===========================================================================================
----------------- testing Thu Jul 08 02:49:22 UTC 2021 /home/travis/build/icyphy/ptII/ptolemy/actor/lib/test/auto/arrayType2.xml
----------------- Instantiating /home/travis/build/icyphy/ptII/ptolemy/actor/lib/test/auto/arrayType2.xml
1 ms. Memory: 437248K Free: 204434K (47%)
----------------- Invoking toplevel() on ptolemy.moml.MoMLSimpleApplication@5e6e14f2
----------------- Done invoking toplevel() on ptolemy.moml.MoMLSimpleApplication@5e6e14f2
reloadAllAccessors: .arrayType2

===========================================================================================
----------------- testing Thu Jul 08 02:49:22 UTC 2021 /home/travis/build/icyphy/ptII/ptolemy/actor/lib/test/auto/arrayType20.xml
----------------- Instantiating /home/travis/build/icyphy/ptII/ptolemy/actor/lib/test/auto/arrayType20.xml
2 ms. Memory: 437248K Free: 199314K (46%)
----------------- Invoking toplevel() on ptolemy.moml.MoMLSimpleApplication@62e41ef4
----------------- Done invoking toplevel() on ptolemy.moml.MoMLSimpleApplication@62e41ef4
reloadAllAccessors: .arrayType20

===========================================================================================
----------------- testing Thu Jul 08 02:49:22 UTC 2021 /home/travis/build/icyphy/ptII/ptolemy/actor/lib/test/auto/arrayType21.xml
----------------- Instantiating /home/travis/build/icyphy/ptII/ptolemy/actor/lib/test/auto/arrayType21.xml
1 ms. Memory: 437248K Free: 194708K (45%)
----------------- Invoking toplevel() on ptolemy.moml.MoMLSimpleApplication@6de91c63
----------------- Done invoking toplevel() on ptolemy.moml.MoMLSimpleApplication@6de91c63
reloadAllAccessors: .arrayType21

===========================================================================================
----------------- testing Thu Jul 08 02:49:22 UTC 2021 /home/travis/build/icyphy/ptII/ptolemy/actor/lib/test/auto/arrayType22.xml
----------------- Instantiating /home/travis/build/icyphy/ptII/ptolemy/actor/lib/test/auto/arrayType22.xml
1 ms. Memory: 437248K Free: 190098K (43%)
----------------- Invoking toplevel() on ptolemy.moml.MoMLSimpleApplication@29a5e78b
----------------- Done invoking toplevel() on ptolemy.moml.MoMLSimpleApplication@29a5e78b
reloadAllAccessors: .arrayType22

===========================================================================================
----------------- testing Thu Jul 08 02:49:22 UTC 2021 /home/travis/build/icyphy/ptII/ptolemy/actor/lib/test/auto/arrayType23.xml
----------------- Instantiating /home/travis/build/icyphy/ptII/ptolemy/actor/lib/test/auto/arrayType23.xml
2 ms. Memory: 437248K Free: 184978K (42%)
----------------- Invoking toplevel() on ptolemy.moml.MoMLSimpleApplication@71c2b59
----------------- Done invoking toplevel() on ptolemy.moml.MoMLSimpleApplication@71c2b59
reloadAllAccessors: .arrayType23

===========================================================================================
----------------- testing Thu Jul 08 02:49:22 UTC 2021 /home/travis/build/icyphy/ptII/ptolemy/actor/lib/test/auto/arrayType24.xml
----------------- Instantiating /home/travis/build/icyphy/ptII/ptolemy/actor/lib/test/auto/arrayType24.xml
1 ms. Memory: 437248K Free: 180372K (41%)
----------------- Invoking toplevel() on ptolemy.moml.MoMLSimpleApplication@46d42f90
----------------- Done invoking toplevel() on ptolemy.moml.MoMLSimpleApplication@46d42f90
reloadAllAccessors: .arrayType24

===========================================================================================
----------------- testing Thu Jul 08 02:49:22 UTC 2021 /home/travis/build/icyphy/ptII/ptolemy/actor/lib/test/auto/arrayType25.xml
----------------- Instantiating /home/travis/build/icyphy/ptII/ptolemy/actor/lib/test/auto/arrayType25.xml
2 ms. Memory: 437248K Free: 174738K (40%)
----------------- Invoking toplevel() on ptolemy.moml.MoMLSimpleApplication@1aa6a61b
----------------- Done invoking toplevel() on ptolemy.moml.MoMLSimpleApplication@1aa6a61b
reloadAllAccessors: .arrayType25

===========================================================================================
----------------- testing Thu Jul 08 02:49:22 UTC 2021 /home/travis/build/icyphy/ptII/ptolemy/actor/lib/test/auto/arrayType26.xml
----------------- Instantiating /home/travis/build/icyphy/ptII/ptolemy/actor/lib/test/auto/arrayType26.xml
1 ms. Memory: 437248K Free: 169618K (39%)
----------------- Invoking toplevel() on ptolemy.moml.MoMLSimpleApplication@387a59ba
----------------- Done invoking toplevel() on ptolemy.moml.MoMLSimpleApplication@387a59ba
reloadAllAccessors: .arrayType26

===========================================================================================
----------------- testing Thu Jul 08 02:49:22 UTC 2021 /home/travis/build/icyphy/ptII/ptolemy/actor/lib/test/auto/arrayType27.xml
----------------- Instantiating /home/travis/build/icyphy/ptII/ptolemy/actor/lib/test/auto/arrayType27.xml
1 ms. Memory: 437248K Free: 164484K (38%)
----------------- Invoking toplevel() on ptolemy.moml.MoMLSimpleApplication@3f293464
----------------- Done invoking toplevel() on ptolemy.moml.MoMLSimpleApplication@3f293464
reloadAllAccessors: .arrayType27

===========================================================================================
----------------- testing Thu Jul 08 02:49:22 UTC 2021 /home/travis/build/icyphy/ptII/ptolemy/actor/lib/test/auto/arrayType28.xml
----------------- Instantiating /home/travis/build/icyphy/ptII/ptolemy/actor/lib/test/auto/arrayType28.xml
2 ms. Memory: 437248K Free: 158868K (36%)
----------------- Invoking toplevel() on ptolemy.moml.MoMLSimpleApplication@10470c04
----------------- Done invoking toplevel() on ptolemy.moml.MoMLSimpleApplication@10470c04
reloadAllAccessors: .arrayType28

===========================================================================================
----------------- testing Thu Jul 08 02:49:22 UTC 2021 /home/travis/build/icyphy/ptII/ptolemy/actor/lib/test/auto/arrayType3.xml
----------------- Instantiating /home/travis/build/icyphy/ptII/ptolemy/actor/lib/test/auto/arrayType3.xml
4 ms. Memory: 437248K Free: 153748K (35%)
----------------- Invoking toplevel() on ptolemy.moml.MoMLSimpleApplication@35533570
----------------- Done invoking toplevel() on ptolemy.moml.MoMLSimpleApplication@35533570
reloadAllAccessors: .arrayType3

===========================================================================================
----------------- testing Thu Jul 08 02:49:22 UTC 2021 /home/travis/build/icyphy/ptII/ptolemy/actor/lib/test/auto/arrayType4.xml
----------------- Instantiating /home/travis/build/icyphy/ptII/ptolemy/actor/lib/test/auto/arrayType4.xml
1 ms. Memory: 437248K Free: 148114K (34%)
----------------- Invoking toplevel() on ptolemy.moml.MoMLSimpleApplication@3bf51217
----------------- Done invoking toplevel() on ptolemy.moml.MoMLSimpleApplication@3bf51217
reloadAllAccessors: .arrayType4

===========================================================================================
----------------- testing Thu Jul 08 02:49:22 UTC 2021 /home/travis/build/icyphy/ptII/ptolemy/actor/lib/test/auto/arrayType5.xml
----------------- Instantiating /home/travis/build/icyphy/ptII/ptolemy/actor/lib/test/auto/arrayType5.xml
2 ms. Memory: 437248K Free: 142994K (33%)
----------------- Invoking toplevel() on ptolemy.moml.MoMLSimpleApplication@76faee0
----------------- Done invoking toplevel() on ptolemy.moml.MoMLSimpleApplication@76faee0
reloadAllAccessors: .arrayType5

===========================================================================================
----------------- testing Thu Jul 08 02:49:22 UTC 2021 /home/travis/build/icyphy/ptII/ptolemy/actor/lib/test/auto/arrayType6.xml
----------------- Instantiating /home/travis/build/icyphy/ptII/ptolemy/actor/lib/test/auto/arrayType6.xml
1 ms. Memory: 437248K Free: 138388K (32%)
----------------- Invoking toplevel() on ptolemy.moml.MoMLSimpleApplication@45aaab72
----------------- Done invoking toplevel() on ptolemy.moml.MoMLSimpleApplication@45aaab72
reloadAllAccessors: .arrayType6

===========================================================================================
----------------- testing Thu Jul 08 02:49:22 UTC 2021 /home/travis/build/icyphy/ptII/ptolemy/actor/lib/test/auto/arrayType7.xml
----------------- Instantiating /home/travis/build/icyphy/ptII/ptolemy/actor/lib/test/auto/arrayType7.xml
1 ms. Memory: 437248K Free: 133268K (30%)
----------------- Invoking toplevel() on ptolemy.moml.MoMLSimpleApplication@32c44974
----------------- Done invoking toplevel() on ptolemy.moml.MoMLSimpleApplication@32c44974
reloadAllAccessors: .arrayType7

===========================================================================================
----------------- testing Thu Jul 08 02:49:22 UTC 2021 /home/travis/build/icyphy/ptII/ptolemy/actor/lib/test/auto/arrayType8.xml
----------------- Instantiating /home/travis/build/icyphy/ptII/ptolemy/actor/lib/test/auto/arrayType8.xml
5 ms. Memory: 437248K Free: 128658K (29%)
----------------- Invoking toplevel() on ptolemy.moml.MoMLSimpleApplication@3f6ee55b
----------------- Done invoking toplevel() on ptolemy.moml.MoMLSimpleApplication@3f6ee55b
reloadAllAccessors: .arrayType8

===========================================================================================
----------------- testing Thu Jul 08 02:49:22 UTC 2021 /home/travis/build/icyphy/ptII/ptolemy/actor/lib/test/auto/arrayType9.xml
----------------- Instantiating /home/travis/build/icyphy/ptII/ptolemy/actor/lib/test/auto/arrayType9.xml
1 ms. Memory: 437248K Free: 379349K (87%)
----------------- Invoking toplevel() on ptolemy.moml.MoMLSimpleApplication@578cb437
----------------- Done invoking toplevel() on ptolemy.moml.MoMLSimpleApplication@578cb437
reloadAllAccessors: .arrayType9

===========================================================================================
----------------- testing Thu Jul 08 02:49:22 UTC 2021 /home/travis/build/icyphy/ptII/ptolemy/actor/lib/test/auto/cast.xml
----------------- Instantiating /home/travis/build/icyphy/ptII/ptolemy/actor/lib/test/auto/cast.xml
10 ms. Memory: 437248K Free: 374739K (86%)
----------------- Invoking toplevel() on ptolemy.moml.MoMLSimpleApplication@fe6630b
----------------- Done invoking toplevel() on ptolemy.moml.MoMLSimpleApplication@fe6630b
reloadAllAccessors: .cast

===========================================================================================
----------------- testing Thu Jul 08 02:49:22 UTC 2021 /home/travis/build/icyphy/ptII/ptolemy/actor/lib/test/auto/compositeMultiPort.xml
----------------- Instantiating /home/travis/build/icyphy/ptII/ptolemy/actor/lib/test/auto/compositeMultiPort.xml
3 ms. Memory: 437248K Free: 365517K (84%)
----------------- Invoking toplevel() on ptolemy.moml.MoMLSimpleApplication@37f105a8
----------------- Done invoking toplevel() on ptolemy.moml.MoMLSimpleApplication@37f105a8
reloadAllAccessors: .compositeMultiPort

===========================================================================================
----------------- testing Thu Jul 08 02:49:22 UTC 2021 /home/travis/build/icyphy/ptII/ptolemy/actor/lib/test/auto/expressionCastInference.xml
----------------- Instantiating /home/travis/build/icyphy/ptII/ptolemy/actor/lib/test/auto/expressionCastInference.xml
2 ms. Memory: 437248K Free: 360917K (83%)
----------------- Invoking toplevel() on ptolemy.moml.MoMLSimpleApplication@dd42489
----------------- Done invoking toplevel() on ptolemy.moml.MoMLSimpleApplication@dd42489
reloadAllAccessors: .expressionCastInference

===========================================================================================
----------------- testing Thu Jul 08 02:49:22 UTC 2021 /home/travis/build/icyphy/ptII/ptolemy/actor/lib/test/auto/expressionCastInference2.xml
----------------- Instantiating /home/travis/build/icyphy/ptII/ptolemy/actor/lib/test/auto/expressionCastInference2.xml
1 ms. Memory: 437248K Free: 356307K (81%)
----------------- Invoking toplevel() on ptolemy.moml.MoMLSimpleApplication@33f410f7
----------------- Done invoking toplevel() on ptolemy.moml.MoMLSimpleApplication@33f410f7
reloadAllAccessors: .expressionCastInference2

===========================================================================================
----------------- testing Thu Jul 08 02:49:22 UTC 2021 /home/travis/build/icyphy/ptII/ptolemy/actor/lib/test/auto/expressionInference.xml
----------------- Instantiating /home/travis/build/icyphy/ptII/ptolemy/actor/lib/test/auto/expressionInference.xml
1 ms. Memory: 437248K Free: 351701K (80%)
----------------- Invoking toplevel() on ptolemy.moml.MoMLSimpleApplication@1b35d131
----------------- Done invoking toplevel() on ptolemy.moml.MoMLSimpleApplication@1b35d131
reloadAllAccessors: .expressionInference

===========================================================================================
----------------- testing Thu Jul 08 02:49:22 UTC 2021 /home/travis/build/icyphy/ptII/ptolemy/actor/lib/test/auto/expression_bug.xml
----------------- Instantiating /home/travis/build/icyphy/ptII/ptolemy/actor/lib/test/auto/expression_bug.xml
1 ms. Memory: 437248K Free: 347091K (79%)
----------------- Invoking toplevel() on ptolemy.moml.MoMLSimpleApplication@430b1727
----------------- Done invoking toplevel() on ptolemy.moml.MoMLSimpleApplication@430b1727
reloadAllAccessors: .expression_bug

===========================================================================================
----------------- testing Thu Jul 08 02:49:22 UTC 2021 /home/travis/build/icyphy/ptII/ptolemy/actor/lib/test/auto/factorial.xml
----------------- Instantiating /home/travis/build/icyphy/ptII/ptolemy/actor/lib/test/auto/factorial.xml
35 ms. Memory: 437248K Free: 337875K (77%)
----------------- Invoking toplevel() on ptolemy.moml.MoMLSimpleApplication@4746c893
----------------- Done invoking toplevel() on ptolemy.moml.MoMLSimpleApplication@4746c893
reloadAllAccessors: .factorial

===========================================================================================
----------------- testing Thu Jul 08 02:49:22 UTC 2021 /home/travis/build/icyphy/ptII/ptolemy/actor/lib/test/auto/filterTest1.xml
----------------- Instantiating /home/travis/build/icyphy/ptII/ptolemy/actor/lib/test/auto/filterTest1.xml
5 ms. Memory: 437248K Free: 332245K (76%)
----------------- Invoking toplevel() on ptolemy.moml.MoMLSimpleApplication@640b2086
----------------- Done invoking toplevel() on ptolemy.moml.MoMLSimpleApplication@640b2086
reloadAllAccessors: .filterTest1

===========================================================================================
----------------- testing Thu Jul 08 02:49:22 UTC 2021 /home/travis/build/icyphy/ptII/ptolemy/actor/lib/test/auto/funcApplyInConst.xml
----------------- Instantiating /home/travis/build/icyphy/ptII/ptolemy/actor/lib/test/auto/funcApplyInConst.xml
1 ms. Memory: 437248K Free: 328149K (75%)
----------------- Invoking toplevel() on ptolemy.moml.MoMLSimpleApplication@24dd7677
----------------- Done invoking toplevel() on ptolemy.moml.MoMLSimpleApplication@24dd7677
reloadAllAccessors: .funcApplyInConst

===========================================================================================
----------------- testing Thu Jul 08 02:49:22 UTC 2021 /home/travis/build/icyphy/ptII/ptolemy/actor/lib/test/auto/funcApplyInExpr.xml
----------------- Instantiating /home/travis/build/icyphy/ptII/ptolemy/actor/lib/test/auto/funcApplyInExpr.xml
4 ms. Memory: 437248K Free: 324563K (74%)
----------------- Invoking toplevel() on ptolemy.moml.MoMLSimpleApplication@3c29ab1c
----------------- Done invoking toplevel() on ptolemy.moml.MoMLSimpleApplication@3c29ab1c
reloadAllAccessors: .funcApplyInExpr

===========================================================================================
----------------- testing Thu Jul 08 02:49:22 UTC 2021 /home/travis/build/icyphy/ptII/ptolemy/actor/lib/test/auto/function.xml
----------------- Instantiating /home/travis/build/icyphy/ptII/ptolemy/actor/lib/test/auto/function.xml
2 ms. Memory: 437248K Free: 319443K (73%)
----------------- Invoking toplevel() on ptolemy.moml.MoMLSimpleApplication@30544457
----------------- Done invoking toplevel() on ptolemy.moml.MoMLSimpleApplication@30544457
reloadAllAccessors: .function

===========================================================================================
----------------- testing Thu Jul 08 02:49:22 UTC 2021 /home/travis/build/icyphy/ptII/ptolemy/actor/lib/test/auto/function2.xml
----------------- Instantiating /home/travis/build/icyphy/ptII/ptolemy/actor/lib/test/auto/function2.xml
2 ms. Memory: 437248K Free: 314837K (72%)
----------------- Invoking toplevel() on ptolemy.moml.MoMLSimpleApplication@4b0a26fd
----------------- Done invoking toplevel() on ptolemy.moml.MoMLSimpleApplication@4b0a26fd
reloadAllAccessors: .function2

===========================================================================================
----------------- testing Thu Jul 08 02:49:22 UTC 2021 /home/travis/build/icyphy/ptII/ptolemy/actor/lib/test/auto/function3.xml
----------------- Instantiating /home/travis/build/icyphy/ptII/ptolemy/actor/lib/test/auto/function3.xml
1 ms. Memory: 437248K Free: 310741K (71%)
----------------- Invoking toplevel() on ptolemy.moml.MoMLSimpleApplication@56eac6de
----------------- Done invoking toplevel() on ptolemy.moml.MoMLSimpleApplication@56eac6de
reloadAllAccessors: .function3

===========================================================================================
----------------- testing Thu Jul 08 02:49:22 UTC 2021 /home/travis/build/icyphy/ptII/ptolemy/actor/lib/test/auto/functionClosureTest1.xml
----------------- Instantiating /home/travis/build/icyphy/ptII/ptolemy/actor/lib/test/auto/functionClosureTest1.xml
1 ms. Memory: 437248K Free: 305101K (70%)
----------------- Invoking toplevel() on ptolemy.moml.MoMLSimpleApplication@46948f1c
----------------- Done invoking toplevel() on ptolemy.moml.MoMLSimpleApplication@46948f1c
reloadAllAccessors: .functionClosureTest1

===========================================================================================
----------------- testing Thu Jul 08 02:49:22 UTC 2021 /home/travis/build/icyphy/ptII/ptolemy/actor/lib/test/auto/functionClosureTest2.xml
----------------- Instantiating /home/travis/build/icyphy/ptII/ptolemy/actor/lib/test/auto/functionClosureTest2.xml
1 ms. Memory: 437248K Free: 301525K (69%)
----------------- Invoking toplevel() on ptolemy.moml.MoMLSimpleApplication@166a61b6
----------------- Done invoking toplevel() on ptolemy.moml.MoMLSimpleApplication@166a61b6
reloadAllAccessors: .functionClosureTest2

===========================================================================================
----------------- testing Thu Jul 08 02:49:22 UTC 2021 /home/travis/build/icyphy/ptII/ptolemy/actor/lib/test/auto/functionClosureTest3.xml
----------------- Instantiating /home/travis/build/icyphy/ptII/ptolemy/actor/lib/test/auto/functionClosureTest3.xml
2 ms. Memory: 437248K Free: 295877K (68%)
----------------- Invoking toplevel() on ptolemy.moml.MoMLSimpleApplication@73f6d95e
----------------- Done invoking toplevel() on ptolemy.moml.MoMLSimpleApplication@73f6d95e
reloadAllAccessors: .functionClosureTest3

===========================================================================================
----------------- testing Thu Jul 08 02:49:22 UTC 2021 /home/travis/build/icyphy/ptII/ptolemy/actor/lib/test/auto/functionClosureTest4.xml
----------------- Instantiating /home/travis/build/icyphy/ptII/ptolemy/actor/lib/test/auto/functionClosureTest4.xml
3 ms. Memory: 437248K Free: 289747K (66%)
----------------- Invoking toplevel() on ptolemy.moml.MoMLSimpleApplication@1bf214c9
----------------- Done invoking toplevel() on ptolemy.moml.MoMLSimpleApplication@1bf214c9
reloadAllAccessors: .functionClosureTest4

===========================================================================================
----------------- testing Thu Jul 08 02:49:22 UTC 2021 /home/travis/build/icyphy/ptII/ptolemy/actor/lib/test/auto/functionClosureTest5.xml
----------------- Instantiating /home/travis/build/icyphy/ptII/ptolemy/actor/lib/test/auto/functionClosureTest5.xml
4 ms. Memory: 437248K Free: 284117K (65%)
----------------- Invoking toplevel() on ptolemy.moml.MoMLSimpleApplication@2aafe598
----------------- Done invoking toplevel() on ptolemy.moml.MoMLSimpleApplication@2aafe598
reloadAllAccessors: .functionClosureTest5

===========================================================================================
----------------- testing Thu Jul 08 02:49:22 UTC 2021 /home/travis/build/icyphy/ptII/ptolemy/actor/lib/test/auto/functionClosureTest6.xml
----------------- Instantiating /home/travis/build/icyphy/ptII/ptolemy/actor/lib/test/auto/functionClosureTest6.xml
2 ms. Memory: 437248K Free: 279501K (64%)
----------------- Invoking toplevel() on ptolemy.moml.MoMLSimpleApplication@5af5b688
----------------- Done invoking toplevel() on ptolemy.moml.MoMLSimpleApplication@5af5b688
reloadAllAccessors: .functionClosureTest6

===========================================================================================
----------------- testing Thu Jul 08 02:49:22 UTC 2021 /home/travis/build/icyphy/ptII/ptolemy/actor/lib/test/auto/functionsOnArcs.xml
----------------- Instantiating /home/travis/build/icyphy/ptII/ptolemy/actor/lib/test/auto/functionsOnArcs.xml
1 ms. Memory: 437248K Free: 273877K (63%)
----------------- Invoking toplevel() on ptolemy.moml.MoMLSimpleApplication@3be79f54
----------------- Done invoking toplevel() on ptolemy.moml.MoMLSimpleApplication@3be79f54
reloadAllAccessors: .functionsOnArcs

===========================================================================================
----------------- testing Thu Jul 08 02:49:22 UTC 2021 /home/travis/build/icyphy/ptII/ptolemy/actor/lib/test/auto/functionsOnArcsHOF.xml
----------------- Instantiating /home/travis/build/icyphy/ptII/ptolemy/actor/lib/test/auto/functionsOnArcsHOF.xml
3 ms. Memory: 437248K Free: 268243K (61%)
----------------- Invoking toplevel() on ptolemy.moml.MoMLSimpleApplication@5dacad32
----------------- Done invoking toplevel() on ptolemy.moml.MoMLSimpleApplication@5dacad32
reloadAllAccessors: .functionsOnArcsHOF

===========================================================================================
----------------- testing Thu Jul 08 02:49:22 UTC 2021 /home/travis/build/icyphy/ptII/ptolemy/actor/lib/test/auto/logic.xml
----------------- Instantiating /home/travis/build/icyphy/ptII/ptolemy/actor/lib/test/auto/logic.xml
2 ms. Memory: 437248K Free: 260565K (60%)
----------------- Invoking toplevel() on ptolemy.moml.MoMLSimpleApplication@345e79fe
----------------- Done invoking toplevel() on ptolemy.moml.MoMLSimpleApplication@345e79fe
reloadAllAccessors: .logic

===========================================================================================
----------------- testing Thu Jul 08 02:49:23 UTC 2021 /home/travis/build/icyphy/ptII/ptolemy/actor/lib/test/auto/matrixType.xml
----------------- Instantiating /home/travis/build/icyphy/ptII/ptolemy/actor/lib/test/auto/matrixType.xml
1 ms. Memory: 437248K Free: 255955K (59%)
----------------- Invoking toplevel() on ptolemy.moml.MoMLSimpleApplication@67f9c45f
----------------- Done invoking toplevel() on ptolemy.moml.MoMLSimpleApplication@67f9c45f
reloadAllAccessors: .matrixType

===========================================================================================
----------------- testing Thu Jul 08 02:49:23 UTC 2021 /home/travis/build/icyphy/ptII/ptolemy/actor/lib/test/auto/matrixType10.xml
----------------- Instantiating /home/travis/build/icyphy/ptII/ptolemy/actor/lib/test/auto/matrixType10.xml
2 ms. Memory: 437248K Free: 250325K (57%)
----------------- Invoking toplevel() on ptolemy.moml.MoMLSimpleApplication@510f7b80
----------------- Done invoking toplevel() on ptolemy.moml.MoMLSimpleApplication@510f7b80
reloadAllAccessors: .matrixType10

===========================================================================================
----------------- testing Thu Jul 08 02:49:23 UTC 2021 /home/travis/build/icyphy/ptII/ptolemy/actor/lib/test/auto/matrixType11.xml
----------------- Instantiating /home/travis/build/icyphy/ptII/ptolemy/actor/lib/test/auto/matrixType11.xml
1 ms. Memory: 437248K Free: 245715K (56%)
----------------- Invoking toplevel() on ptolemy.moml.MoMLSimpleApplication@516b83e3
----------------- Done invoking toplevel() on ptolemy.moml.MoMLSimpleApplication@516b83e3
reloadAllAccessors: .matrixType11

===========================================================================================
----------------- testing Thu Jul 08 02:49:23 UTC 2021 /home/travis/build/icyphy/ptII/ptolemy/actor/lib/test/auto/matrixType12.xml
----------------- Instantiating /home/travis/build/icyphy/ptII/ptolemy/actor/lib/test/auto/matrixType12.xml
2 ms. Memory: 437248K Free: 240595K (55%)
----------------- Invoking toplevel() on ptolemy.moml.MoMLSimpleApplication@bbdf233
----------------- Done invoking toplevel() on ptolemy.moml.MoMLSimpleApplication@bbdf233
reloadAllAccessors: .matrixType12

===========================================================================================
----------------- testing Thu Jul 08 02:49:23 UTC 2021 /home/travis/build/icyphy/ptII/ptolemy/actor/lib/test/auto/matrixType13.xml
----------------- Instantiating /home/travis/build/icyphy/ptII/ptolemy/actor/lib/test/auto/matrixType13.xml
1 ms. Memory: 437248K Free: 235989K (54%)
----------------- Invoking toplevel() on ptolemy.moml.MoMLSimpleApplication@40ec7dba
----------------- Done invoking toplevel() on ptolemy.moml.MoMLSimpleApplication@40ec7dba
reloadAllAccessors: .matrixType13

===========================================================================================
----------------- testing Thu Jul 08 02:49:23 UTC 2021 /home/travis/build/icyphy/ptII/ptolemy/actor/lib/test/auto/matrixType14.xml
----------------- Instantiating /home/travis/build/icyphy/ptII/ptolemy/actor/lib/test/auto/matrixType14.xml
1 ms. Memory: 437248K Free: 230341K (53%)
----------------- Invoking toplevel() on ptolemy.moml.MoMLSimpleApplication@1c79fc2
----------------- Done invoking toplevel() on ptolemy.moml.MoMLSimpleApplication@1c79fc2
reloadAllAccessors: .matrixType14

===========================================================================================
----------------- testing Thu Jul 08 02:49:23 UTC 2021 /home/travis/build/icyphy/ptII/ptolemy/actor/lib/test/auto/matrixType2.xml
----------------- Instantiating /home/travis/build/icyphy/ptII/ptolemy/actor/lib/test/auto/matrixType2.xml
1 ms. Memory: 437248K Free: 225221K (52%)
----------------- Invoking toplevel() on ptolemy.moml.MoMLSimpleApplication@15d12abd
----------------- Done invoking toplevel() on ptolemy.moml.MoMLSimpleApplication@15d12abd
reloadAllAccessors: .matrixType2

===========================================================================================
----------------- testing Thu Jul 08 02:49:23 UTC 2021 /home/travis/build/icyphy/ptII/ptolemy/actor/lib/test/auto/matrixType3.xml
----------------- Instantiating /home/travis/build/icyphy/ptII/ptolemy/actor/lib/test/auto/matrixType3.xml
3 ms. Memory: 437248K Free: 220115K (50%)
----------------- Invoking toplevel() on ptolemy.moml.MoMLSimpleApplication@648576e9
----------------- Done invoking toplevel() on ptolemy.moml.MoMLSimpleApplication@648576e9
reloadAllAccessors: .matrixType3

===========================================================================================
----------------- testing Thu Jul 08 02:49:23 UTC 2021 /home/travis/build/icyphy/ptII/ptolemy/actor/lib/test/auto/matrixType4.xml
----------------- Instantiating /home/travis/build/icyphy/ptII/ptolemy/actor/lib/test/auto/matrixType4.xml
2 ms. Memory: 437248K Free: 215509K (49%)
----------------- Invoking toplevel() on ptolemy.moml.MoMLSimpleApplication@899583a
----------------- Done invoking toplevel() on ptolemy.moml.MoMLSimpleApplication@899583a
reloadAllAccessors: .matrixType4

===========================================================================================
----------------- testing Thu Jul 08 02:49:23 UTC 2021 /home/travis/build/icyphy/ptII/ptolemy/actor/lib/test/auto/matrixType5.xml
----------------- Instantiating /home/travis/build/icyphy/ptII/ptolemy/actor/lib/test/auto/matrixType5.xml
1 ms. Memory: 437248K Free: 210389K (48%)
----------------- Invoking toplevel() on ptolemy.moml.MoMLSimpleApplication@458d9aee
----------------- Done invoking toplevel() on ptolemy.moml.MoMLSimpleApplication@458d9aee
reloadAllAccessors: .matrixType5

===========================================================================================
----------------- testing Thu Jul 08 02:49:23 UTC 2021 /home/travis/build/icyphy/ptII/ptolemy/actor/lib/test/auto/matrixType6.xml
----------------- Instantiating /home/travis/build/icyphy/ptII/ptolemy/actor/lib/test/auto/matrixType6.xml
1 ms. Memory: 437248K Free: 205779K (47%)
----------------- Invoking toplevel() on ptolemy.moml.MoMLSimpleApplication@3ba1a83a
----------------- Done invoking toplevel() on ptolemy.moml.MoMLSimpleApplication@3ba1a83a
reloadAllAccessors: .matrixType6

===========================================================================================
----------------- testing Thu Jul 08 02:49:23 UTC 2021 /home/travis/build/icyphy/ptII/ptolemy/actor/lib/test/auto/matrixType7.xml
----------------- Instantiating /home/travis/build/icyphy/ptII/ptolemy/actor/lib/test/auto/matrixType7.xml
2 ms. Memory: 437248K Free: 200659K (46%)
----------------- Invoking toplevel() on ptolemy.moml.MoMLSimpleApplication@19fc903e
----------------- Done invoking toplevel() on ptolemy.moml.MoMLSimpleApplication@19fc903e
reloadAllAccessors: .matrixType7

===========================================================================================
----------------- testing Thu Jul 08 02:49:23 UTC 2021 /home/travis/build/icyphy/ptII/ptolemy/actor/lib/test/auto/matrixType8.xml
----------------- Instantiating /home/travis/build/icyphy/ptII/ptolemy/actor/lib/test/auto/matrixType8.xml
1 ms. Memory: 437248K Free: 196053K (45%)
----------------- Invoking toplevel() on ptolemy.moml.MoMLSimpleApplication@5cb9e031
----------------- Done invoking toplevel() on ptolemy.moml.MoMLSimpleApplication@5cb9e031
reloadAllAccessors: .matrixType8

===========================================================================================
----------------- testing Thu Jul 08 02:49:23 UTC 2021 /home/travis/build/icyphy/ptII/ptolemy/actor/lib/test/auto/matrixType9.xml
----------------- Instantiating /home/travis/build/icyphy/ptII/ptolemy/actor/lib/test/auto/matrixType9.xml
1 ms. Memory: 437248K Free: 190933K (44%)
----------------- Invoking toplevel() on ptolemy.moml.MoMLSimpleApplication@4db3cbc1
----------------- Done invoking toplevel() on ptolemy.moml.MoMLSimpleApplication@4db3cbc1
reloadAllAccessors: .matrixType9

===========================================================================================
----------------- testing Thu Jul 08 02:49:23 UTC 2021 /home/travis/build/icyphy/ptII/ptolemy/actor/lib/test/auto/paraFunctest.xml
----------------- Instantiating /home/travis/build/icyphy/ptII/ptolemy/actor/lib/test/auto/paraFunctest.xml
2 ms. Memory: 437248K Free: 186837K (43%)
----------------- Invoking toplevel() on ptolemy.moml.MoMLSimpleApplication@452a4d2a
----------------- Done invoking toplevel() on ptolemy.moml.MoMLSimpleApplication@452a4d2a
reloadAllAccessors: .paraFunctest

===========================================================================================
----------------- testing Thu Jul 08 02:49:23 UTC 2021 /home/travis/build/icyphy/ptII/ptolemy/actor/lib/test/auto/paraFunctest2.xml
----------------- Instantiating /home/travis/build/icyphy/ptII/ptolemy/actor/lib/test/auto/paraFunctest2.xml
1 ms. Memory: 437248K Free: 182227K (42%)
----------------- Invoking toplevel() on ptolemy.moml.MoMLSimpleApplication@31c72970
----------------- Done invoking toplevel() on ptolemy.moml.MoMLSimpleApplication@31c72970
reloadAllAccessors: .paraFunctest2

===========================================================================================
----------------- testing Thu Jul 08 02:49:23 UTC 2021 /home/travis/build/icyphy/ptII/ptolemy/actor/lib/test/auto/parameterPassing.xml
----------------- Instantiating /home/travis/build/icyphy/ptII/ptolemy/actor/lib/test/auto/parameterPassing.xml
1 ms. Memory: 437248K Free: 177621K (41%)
----------------- Invoking toplevel() on ptolemy.moml.MoMLSimpleApplication@5a22cb8e
----------------- Done invoking toplevel() on ptolemy.moml.MoMLSimpleApplication@5a22cb8e
reloadAllAccessors: .parameterPassing

===========================================================================================
----------------- testing Thu Jul 08 02:49:23 UTC 2021 /home/travis/build/icyphy/ptII/ptolemy/actor/lib/test/auto/record.xml
----------------- Instantiating /home/travis/build/icyphy/ptII/ptolemy/actor/lib/test/auto/record.xml
2 ms. Memory: 437248K Free: 173011K (40%)
----------------- Invoking toplevel() on ptolemy.moml.MoMLSimpleApplication@73cae5eb
----------------- Done invoking toplevel() on ptolemy.moml.MoMLSimpleApplication@73cae5eb
reloadAllAccessors: .record

===========================================================================================
----------------- testing Thu Jul 08 02:49:23 UTC 2021 /home/travis/build/icyphy/ptII/ptolemy/actor/lib/test/auto/sizedarray1.xml
----------------- Instantiating /home/travis/build/icyphy/ptII/ptolemy/actor/lib/test/auto/sizedarray1.xml
2 ms. Memory: 437248K Free: 167381K (38%)
----------------- Invoking toplevel() on ptolemy.moml.MoMLSimpleApplication@7fe0d1bf
----------------- Done invoking toplevel() on ptolemy.moml.MoMLSimpleApplication@7fe0d1bf
reloadAllAccessors: .sizedarray1

===========================================================================================
----------------- testing Thu Jul 08 02:49:23 UTC 2021 /home/travis/build/icyphy/ptII/ptolemy/actor/lib/test/auto/sizedarray2.xml
----------------- Instantiating /home/travis/build/icyphy/ptII/ptolemy/actor/lib/test/auto/sizedarray2.xml
2 ms. Memory: 437248K Free: 162261K (37%)
----------------- Invoking toplevel() on ptolemy.moml.MoMLSimpleApplication@c5e259a
----------------- Done invoking toplevel() on ptolemy.moml.MoMLSimpleApplication@c5e259a
reloadAllAccessors: .sizedarray2

===========================================================================================
----------------- testing Thu Jul 08 02:49:23 UTC 2021 /home/travis/build/icyphy/ptII/ptolemy/actor/lib/test/auto/twoPublishers.xml
----------------- Instantiating /home/travis/build/icyphy/ptII/ptolemy/actor/lib/test/auto/twoPublishers.xml
7 ms. Memory: 437248K Free: 151507K (35%)
----------------- Invoking toplevel() on ptolemy.moml.MoMLSimpleApplication@185755d2
----------------- Done invoking toplevel() on ptolemy.moml.MoMLSimpleApplication@185755d2
reloadAllAccessors: .twoPublishers
AutoTests.java: About to close Vertx.
AutoTests.java: Vertx closed.
]]></system-out>
  <system-err><![CDATA[java.lang.RuntimeException: Execution failed
	at ptolemy.moml.MoMLSimpleApplication$UnloadThread.run(MoMLSimpleApplication.java:402)
Caused by: java.lang.RuntimeException: StringUtilities.exit() was called. Normally, we would exit here because Manager.exitAfterWrapup() was called.  However, because the ptolemy.ptII.exitAfterWrapup property is set, we throw this exception instead.
	at ptolemy.util.StringUtilities.exit(StringUtilities.java:365)
	at ptolemy.actor.Manager.wrapup(Manager.java:1549)
	at ptolemy.actor.Manager.execute(Manager.java:407)
	at ptolemy.actor.Manager.run(Manager.java:1263)
	at ptolemy.actor.Manager$PtolemyRunThread.run(Manager.java:1933)
Warning: '.top.test' is in training mode, set the trainingMode parameter to false before checking in
Warning: '.top.test' is in training mode, set the trainingMode parameter to false before checking in
Warning: '.top.test' is in training mode, set the trainingMode parameter to false before checking in
Warning: '.BooleanSwitch_RegressionTest_WrongTrainingValues.Test' is in training mode, set the trainingMode parameter to false before checking in
Warning: '.BooleanSwitch_RegressionTest_WrongTrainingValues.Test2' is in training mode, set the trainingMode parameter to false before checking in
Warning: '.BooleanSwitch_RegressionTest_WrongTrainingValues.Test2' The test produced 0 tokens.
Warning: '.top.testExceptionHandler' is in training mode, set the trainingMode parameter to false before checking in
java.lang.RuntimeException: Execution failed
	at ptolemy.moml.MoMLSimpleApplication$UnloadThread.run(MoMLSimpleApplication.java:402)
Caused by: ptolemy.kernel.util.IllegalActionException: PublisherPorts cannot be used at the top level, use a Publisher actor instead.
  in .PublisherPortToplevelSubscriber.PublisherPort
	at ptolemy.actor.PublisherPort.preinitialize(PublisherPort.java:403)
	at ptolemy.actor.CompositeActor.preinitialize(CompositeActor.java:1769)
	at ptolemy.actor.Manager.preinitializeAndResolveTypes(Manager.java:1040)
	at ptolemy.actor.Manager.initialize(Manager.java:710)
	at ptolemy.actor.Manager.execute(Manager.java:356)
	at ptolemy.actor.Manager.run(Manager.java:1263)
	at ptolemy.actor.Manager$PtolemyRunThread.run(Manager.java:1933)
java.lang.reflect.InvocationTargetException
	at java.base/jdk.internal.reflect.NativeConstructorAccessorImpl.newInstance0(Native Method)
	at java.base/jdk.internal.reflect.NativeConstructorAccessorImpl.newInstance(NativeConstructorAccessorImpl.java:62)
	at java.base/jdk.internal.reflect.DelegatingConstructorAccessorImpl.newInstance(DelegatingConstructorAccessorImpl.java:45)
	at java.base/java.lang.reflect.Constructor.newInstance(Constructor.java:490)
	at ptolemy.util.test.junit.AutoKnownFailedTests.RunModel(AutoKnownFailedTests.java:105)
	at java.base/jdk.internal.reflect.NativeMethodAccessorImpl.invoke0(Native Method)
	at java.base/jdk.internal.reflect.NativeMethodAccessorImpl.invoke(NativeMethodAccessorImpl.java:62)
	at java.base/jdk.internal.reflect.DelegatingMethodAccessorImpl.invoke(DelegatingMethodAccessorImpl.java:43)
	at java.base/java.lang.reflect.Method.invoke(Method.java:566)
	at org.junit.runners.model.FrameworkMethod$1.runReflectiveCall(FrameworkMethod.java:44)
	at org.junit.internal.runners.model.ReflectiveCallable.run(ReflectiveCallable.java:15)
	at org.junit.runners.model.FrameworkMethod.invokeExplosively(FrameworkMethod.java:41)
	at junitparams.internal.InvokeParameterisedMethod.evaluate(InvokeParameterisedMethod.java:102)
	at org.junit.internal.runners.statements.FailOnTimeout$1.run(FailOnTimeout.java:28)
Caused by: ptolemy.kernel.util.IllegalActionException: PublisherPorts cannot be used at the top level, use a Publisher actor instead.
  in .PublisherPortToplevelSubscriber.PublisherPort
	at ptolemy.actor.PublisherPort.preinitialize(PublisherPort.java:403)
	at ptolemy.actor.CompositeActor.preinitialize(CompositeActor.java:1769)
	at ptolemy.actor.Manager.preinitializeAndResolveTypes(Manager.java:1040)
	at ptolemy.actor.Manager.initialize(Manager.java:710)
	at ptolemy.actor.Manager.execute(Manager.java:356)
	at ptolemy.actor.Manager.run(Manager.java:1263)
	at ptolemy.actor.Manager$PtolemyRunThread.run(Manager.java:1933)
java.lang.RuntimeException: Execution failed
	at ptolemy.moml.MoMLSimpleApplication$UnloadThread.run(MoMLSimpleApplication.java:402)
Caused by: ptolemy.kernel.util.IllegalActionException: SubscriberPorts cannot be used at the top level, use a Subscriber actor instead.
  in .PublisherSubscriberPortToplevel.SubscriberPort
	at ptolemy.actor.SubscriberPort.preinitialize(SubscriberPort.java:328)
	at ptolemy.actor.CompositeActor.preinitialize(CompositeActor.java:1769)
	at ptolemy.actor.Manager.preinitializeAndResolveTypes(Manager.java:1040)
	at ptolemy.actor.Manager.initialize(Manager.java:710)
	at ptolemy.actor.Manager.execute(Manager.java:356)
	at ptolemy.actor.Manager.run(Manager.java:1263)
	at ptolemy.actor.Manager$PtolemyRunThread.run(Manager.java:1933)
java.lang.reflect.InvocationTargetException
	at java.base/jdk.internal.reflect.NativeConstructorAccessorImpl.newInstance0(Native Method)
	at java.base/jdk.internal.reflect.NativeConstructorAccessorImpl.newInstance(NativeConstructorAccessorImpl.java:62)
	at java.base/jdk.internal.reflect.DelegatingConstructorAccessorImpl.newInstance(DelegatingConstructorAccessorImpl.java:45)
	at java.base/java.lang.reflect.Constructor.newInstance(Constructor.java:490)
	at ptolemy.util.test.junit.AutoKnownFailedTests.RunModel(AutoKnownFailedTests.java:105)
	at java.base/jdk.internal.reflect.NativeMethodAccessorImpl.invoke0(Native Method)
	at java.base/jdk.internal.reflect.NativeMethodAccessorImpl.invoke(NativeMethodAccessorImpl.java:62)
	at java.base/jdk.internal.reflect.DelegatingMethodAccessorImpl.invoke(DelegatingMethodAccessorImpl.java:43)
	at java.base/java.lang.reflect.Method.invoke(Method.java:566)
	at org.junit.runners.model.FrameworkMethod$1.runReflectiveCall(FrameworkMethod.java:44)
	at org.junit.internal.runners.model.ReflectiveCallable.run(ReflectiveCallable.java:15)
	at org.junit.runners.model.FrameworkMethod.invokeExplosively(FrameworkMethod.java:41)
	at junitparams.internal.InvokeParameterisedMethod.evaluate(InvokeParameterisedMethod.java:102)
	at org.junit.internal.runners.statements.FailOnTimeout$1.run(FailOnTimeout.java:28)
Caused by: ptolemy.kernel.util.IllegalActionException: SubscriberPorts cannot be used at the top level, use a Subscriber actor instead.
  in .PublisherSubscriberPortToplevel.SubscriberPort
	at ptolemy.actor.SubscriberPort.preinitialize(SubscriberPort.java:328)
	at ptolemy.actor.CompositeActor.preinitialize(CompositeActor.java:1769)
	at ptolemy.actor.Manager.preinitializeAndResolveTypes(Manager.java:1040)
	at ptolemy.actor.Manager.initialize(Manager.java:710)
	at ptolemy.actor.Manager.execute(Manager.java:356)
	at ptolemy.actor.Manager.run(Manager.java:1263)
	at ptolemy.actor.Manager$PtolemyRunThread.run(Manager.java:1933)
java.lang.RuntimeException: Execution failed
	at ptolemy.moml.MoMLSimpleApplication$UnloadThread.run(MoMLSimpleApplication.java:402)
Caused by: ptolemy.kernel.util.IllegalActionException: SubscriptionAggregatorPorts cannot be used at the top level, use a SubscriptionAggregator actor instead.
  in .PublisherSubscriptionAggregatorPort.SubscriptionAggregatorPort
	at ptolemy.actor.SubscriptionAggregatorPort.preinitialize(SubscriptionAggregatorPort.java:353)
	at ptolemy.actor.CompositeActor.preinitialize(CompositeActor.java:1769)
	at ptolemy.actor.Manager.preinitializeAndResolveTypes(Manager.java:1040)
	at ptolemy.actor.Manager.initialize(Manager.java:710)
	at ptolemy.actor.Manager.execute(Manager.java:356)
	at ptolemy.actor.Manager.run(Manager.java:1263)
	at ptolemy.actor.Manager$PtolemyRunThread.run(Manager.java:1933)
java.lang.reflect.InvocationTargetException
	at java.base/jdk.internal.reflect.NativeConstructorAccessorImpl.newInstance0(Native Method)
	at java.base/jdk.internal.reflect.NativeConstructorAccessorImpl.newInstance(NativeConstructorAccessorImpl.java:62)
	at java.base/jdk.internal.reflect.DelegatingConstructorAccessorImpl.newInstance(DelegatingConstructorAccessorImpl.java:45)
	at java.base/java.lang.reflect.Constructor.newInstance(Constructor.java:490)
	at ptolemy.util.test.junit.AutoKnownFailedTests.RunModel(AutoKnownFailedTests.java:105)
	at java.base/jdk.internal.reflect.NativeMethodAccessorImpl.invoke0(Native Method)
	at java.base/jdk.internal.reflect.NativeMethodAccessorImpl.invoke(NativeMethodAccessorImpl.java:62)
	at java.base/jdk.internal.reflect.DelegatingMethodAccessorImpl.invoke(DelegatingMethodAccessorImpl.java:43)
	at java.base/java.lang.reflect.Method.invoke(Method.java:566)
	at org.junit.runners.model.FrameworkMethod$1.runReflectiveCall(FrameworkMethod.java:44)
	at org.junit.internal.runners.model.ReflectiveCallable.run(ReflectiveCallable.java:15)
	at org.junit.runners.model.FrameworkMethod.invokeExplosively(FrameworkMethod.java:41)
	at junitparams.internal.InvokeParameterisedMethod.evaluate(InvokeParameterisedMethod.java:102)
	at org.junit.internal.runners.statements.FailOnTimeout$1.run(FailOnTimeout.java:28)
Caused by: ptolemy.kernel.util.IllegalActionException: SubscriptionAggregatorPorts cannot be used at the top level, use a SubscriptionAggregator actor instead.
  in .PublisherSubscriptionAggregatorPort.SubscriptionAggregatorPort
	at ptolemy.actor.SubscriptionAggregatorPort.preinitialize(SubscriptionAggregatorPort.java:353)
	at ptolemy.actor.CompositeActor.preinitialize(CompositeActor.java:1769)
	at ptolemy.actor.Manager.preinitializeAndResolveTypes(Manager.java:1040)
	at ptolemy.actor.Manager.initialize(Manager.java:710)
	at ptolemy.actor.Manager.execute(Manager.java:356)
	at ptolemy.actor.Manager.run(Manager.java:1263)
	at ptolemy.actor.Manager$PtolemyRunThread.run(Manager.java:1933)
java.lang.RuntimeException: Execution failed
	at ptolemy.moml.MoMLSimpleApplication$UnloadThread.run(MoMLSimpleApplication.java:402)
Caused by: ptolemy.kernel.util.IllegalActionException: TypeTest actor has no training data.
  in .sizedarray3.TypeTest
	at ptolemy.actor.lib.TypeTest.initialize(TypeTest.java:250)
	at ptolemy.actor.Director.initialize(Director.java:938)
	at ptolemy.actor.Director.initialize(Director.java:907)
	at ptolemy.actor.sched.StaticSchedulingDirector.initialize(StaticSchedulingDirector.java:159)
	at ptolemy.domains.sdf.kernel.SDFDirector.initialize(SDFDirector.java:544)
	at ptolemy.actor.CompositeActor.initialize(CompositeActor.java:935)
	at ptolemy.actor.Manager.initialize(Manager.java:724)
	at ptolemy.actor.Manager.execute(Manager.java:356)
	at ptolemy.actor.Manager.run(Manager.java:1263)
	at ptolemy.actor.Manager$PtolemyRunThread.run(Manager.java:1933)
java.lang.reflect.InvocationTargetException
	at java.base/jdk.internal.reflect.NativeConstructorAccessorImpl.newInstance0(Native Method)
	at java.base/jdk.internal.reflect.NativeConstructorAccessorImpl.newInstance(NativeConstructorAccessorImpl.java:62)
	at java.base/jdk.internal.reflect.DelegatingConstructorAccessorImpl.newInstance(DelegatingConstructorAccessorImpl.java:45)
	at java.base/java.lang.reflect.Constructor.newInstance(Constructor.java:490)
	at ptolemy.util.test.junit.AutoKnownFailedTests.RunModel(AutoKnownFailedTests.java:105)
	at java.base/jdk.internal.reflect.NativeMethodAccessorImpl.invoke0(Native Method)
	at java.base/jdk.internal.reflect.NativeMethodAccessorImpl.invoke(NativeMethodAccessorImpl.java:62)
	at java.base/jdk.internal.reflect.DelegatingMethodAccessorImpl.invoke(DelegatingMethodAccessorImpl.java:43)
	at java.base/java.lang.reflect.Method.invoke(Method.java:566)
	at org.junit.runners.model.FrameworkMethod$1.runReflectiveCall(FrameworkMethod.java:44)
	at org.junit.internal.runners.model.ReflectiveCallable.run(ReflectiveCallable.java:15)
	at org.junit.runners.model.FrameworkMethod.invokeExplosively(FrameworkMethod.java:41)
	at junitparams.internal.InvokeParameterisedMethod.evaluate(InvokeParameterisedMethod.java:102)
	at org.junit.internal.runners.statements.FailOnTimeout$1.run(FailOnTimeout.java:28)
Caused by: ptolemy.kernel.util.IllegalActionException: TypeTest actor has no training data.
  in .sizedarray3.TypeTest
	at ptolemy.actor.lib.TypeTest.initialize(TypeTest.java:250)
	at ptolemy.actor.Director.initialize(Director.java:938)
	at ptolemy.actor.Director.initialize(Director.java:907)
	at ptolemy.actor.sched.StaticSchedulingDirector.initialize(StaticSchedulingDirector.java:159)
	at ptolemy.domains.sdf.kernel.SDFDirector.initialize(SDFDirector.java:544)
	at ptolemy.actor.CompositeActor.initialize(CompositeActor.java:935)
	at ptolemy.actor.Manager.initialize(Manager.java:724)
	at ptolemy.actor.Manager.execute(Manager.java:356)
	at ptolemy.actor.Manager.run(Manager.java:1263)
	at ptolemy.actor.Manager$PtolemyRunThread.run(Manager.java:1933)
]]></system-err>
</testsuite>
