<?xml version="1.0" encoding="UTF-8" ?>
<testsuite errors="0" failures="0" hostname="travis-job-92b41a08-2781-4f96-b9a7-01303e6b16de" name="ptolemy.actor.lib.test.junit.JUnitTclTest" skipped="0" tests="517" time="58.919" timestamp="2018-06-13T02:13:59">
  <properties>
    <property name="npm.executable" value="npm" />
    <property name="file.encoding.pkg" value="sun.io" />
    <property name="ptII.mk.exists" value="true" />
    <property name="env.rvm_bin_path" value="/home/travis/.rvm/bin" />
    <property name="java.home" value="/usr/lib/jvm/java-8-oracle/jre" />
    <property name="env.TRAVIS_JOB_NUMBER" value="569.7" />
    <property name="env.DISPLAY" value=":99.0" />
    <property name="java.net.preferIPv4Stack" value="true" />
    <property name="env.SSH_TTY" value="/dev/pts/0" />
    <property name="env.RUN_TESTS" value="true" />
    <property name="timeout.short" value="1000000" />
    <property name="env.TRAVIS_STACK_NODE_ATTRIBUTES" value="/.node-attributes.yml" />
    <property name="junit.formatter" value="xml" />
    <property name="java.endorsed.dirs" value="/usr/lib/jvm/java-8-oracle/jre/lib/endorsed" />
    <property name="env.TRAVIS_SUDO" value="true" />
    <property name="env.LOGNAME" value="travis" />
    <property name="env.PT_TRAVIS_TEST_CORE1_XML" value="true" />
    <property name="jsdoc.home" value="node_modules/@terraswarm/jsdoc" />
    <property name="debuglevel" value="source,lines,vars" />
    <property name="checkstyle.formatter" value="xml" />
    <property name="bin.vergil.makeable" value="true" />
    <property name="env._system_version" value="14.04" />
    <property name="sun.os.patch.level" value="unknown" />
    <property name="java.vendor.url" value="http://java.oracle.com/" />
    <property name="java.version" value="1.8.0_151" />
    <property name="env.TZ" value="UTC" />
    <property name="env.PT_NO_NET" value="true" />
    <property name="env.TRAVIS_PULL_REQUEST_SHA" value="" />
    <property name="env.TRAVIS_SECURE_ENV_VARS" value="true" />
    <property name="env._system_type" value="Linux" />
    <property name="java.vendor.url.bug" value="http://bugreport.sun.com/bugreport/" />
    <property name="env.SSH_CLIENT" value="10.10.4.21 49610 22" />
    <property name="npmjs-org-is-up" value="true" />
    <property name="env.GEM_HOME" value="/home/travis/.rvm/gems/ruby-2.4.1" />
    <property name="env.HAS_ANTARES_THREE_LITTLE_FRONZIES_BADGE" value="true" />
    <property name="env.PS4" value="+" />
    <property name="ant.project.invoked-targets" value="build,test.core1.xml" />
    <property name="env.TRAVIS_PULL_REQUEST_BRANCH" value="" />
    <property name="env.TRAVIS_REPO_SLUG" value="icyphy/ptII" />
    <property name="node.in.path" value="true" />
    <property name="java.maxmemory" value="1400m" />
    <property name="env.RUBY_VERSION" value="ruby-2.4.1" />
    <property name="user.name" value="travis" />
    <property name="env.LANG" value="en_US.UTF-8" />
    <property name="sun.io.unicode.encoding" value="UnicodeLittle" />
    <property name="sun.jnu.encoding" value="UTF-8" />
    <property name="java.runtime.name" value="Java(TM) SE Runtime Environment" />
    <property name="usefile" value="false" />
    <property name="return.code" value="0" />
    <property name="junit.single.formatter" value="plain" />
    <property name="env.DYLD_LIBRARY_PATH" value="/home/travis/pthla/certi-tools/lib:" />
    <property name="env.DEBIAN_FRONTEND" value="noninteractive" />
    <property name="env.SSH_CONNECTION" value="10.10.4.21 49610 10.20.0.140 22" />
    <property name="env.MYSQL_UNIX_PORT" value="/var/run/mysqld/mysqld.sock" />
    <property name="env.TRAVIS_ALLOW_FAILURE" value="false" />
    <property name="env.LC_ALL" value="en_US.UTF-8" />
    <property name="java.specification.name" value="Java Platform API Specification" />
    <property name="node.works" value="true" />
    <property name="user.timezone" value="" />
    <property name="path.separator" value=":" />
    <property name="env.PYTHON_CFLAGS" value="-g -fstack-protector --param=ssp-buffer-size=4 -Wformat -Werror=format-security" />
    <property name="timeout.long" value="4000000" />
    <property name="env.CERTI_HOME" value="/home/travis/pthla/certi-tools" />
    <property name="file.encoding" value="UTF-8" />
    <property name="ant.file.ptII" value="/home/travis/build/icyphy/ptII/build.xml" />
    <property name="javadoc.packagenames" value="com.*,diva.*,lbnl.*,org.hlacerti.*,org.json.*,org.ptolemy.*,org.terraswarm.*,ptolemy.*,ptserver.*" />
    <property name="env.TRAVIS_PULL_REQUEST_SLUG" value="" />
    <property name="ant.project.default-target" value="build" />
    <property name="env.GIT_ASKPASS" value="echo" />
    <property name="env.HOME" value="/home/travis" />
    <property name="sun.java.command" value="org.apache.tools.ant.taskdefs.optional.junit.JUnitTestRunner ptolemy.actor.lib.test.junit.JUnitTclTest skipNonTests=false filtertrace=true haltOnError=false haltOnFailure=false formatter=org.apache.tools.ant.taskdefs.optional.junit.OutErrSummaryJUnitResultFormatter showoutput=true outputtoformatters=true logfailedtests=true threadid=0 logtestlistenerevents=false formatter=org.apache.tools.ant.taskdefs.optional.junit.XMLJUnitResultFormatter,/home/travis/build/icyphy/ptII/reports/junit/TEST-ptolemy.actor.lib.test.junit.JUnitTclTest.xml crashfile=/home/travis/build/icyphy/ptII/junitvmwatcher7619853646060932790.properties propsfile=/home/travis/build/icyphy/ptII/junit3465722458657046073.properties" />
    <property name="env.MANPATH" value="/home/travis/.nvm/versions/node/v7.10.1/share/man:/home/travis/.kiex/elixirs/elixir-1.4.5/man:/home/travis/.rvm/rubies/ruby-2.4.1/share/man:/usr/local/man:/usr/local/cmake-3.9.2/man:/usr/local/clang-5.0.0/share/man:/usr/local/share/man:/usr/share/man:/home/travis/.rvm/man" />
    <property name="env.COMPOSER_NO_INTERACTION" value="1" />
    <property name="env.JDK_SWITCHER_DEFAULT" value="oraclejdk8" />
    <property name="ant.file" value="/home/travis/build/icyphy/ptII/build.xml" />
    <property name="env.TRAVIS_COMMIT_RANGE" value="326a34691062...b150c97694a0" />
    <property name="env._system_name" value="Ubuntu" />
    <property name="timeout" value="2400000" />
    <property name="ptII.classpath.optional.property" value="/home/travis/build/icyphy/ptII/lib/bsh-2.0b4.jar:/home/travis/build/icyphy/ptII/lib/ptCal.jar:/home/travis/build/icyphy/ptII/lib/java_cup.jar:/home/travis/build/icyphy/ptII/lib/saxon8.jar:/home/travis/build/icyphy/ptII/lib/saxon8-dom.jar:/home/travis/build/icyphy/ptII/lib/chic.jar:/home/travis/build/icyphy/ptII/lib/ptcolt.jar:/usr/lib/jvm/java-8-oracle/lib/tools.jar:/usr/lib/eclipse/plugins/org.eclipse.jdt.core_3.8.2.dist.jar:/usr/lib/eclipse/plugins/org.eclipse.core.runtime_3.8.0.dist.jar:/usr/lib/eclipse/plugins/org.eclipse.osgi_3.8.1.dist.jar:/usr/lib/eclipse/plugins/org.eclipse.core.resources_3.8.1.dist.jar:/usr/lib/eclipse/plugins/org.eclipse.equinox.common_3.6.100.dist.jar:/usr/lib/eclipse/plugins/org.eclipse.core.jobs_3.5.200.dist.jar:/usr/lib/eclipse/plugins/org.eclipse.core.contenttype_3.4.200.dist.jar:/usr/lib/eclipse/plugins/org.eclipse.equinox.preferences_3.5.0.dist.jar:/usr/lib/eclipse/plugins/org.eclipse.text_3.5.200.dist.jar:/usr/lib/eclipse/plugins/org.eclipse.ui.workbench_3.8.1.dist.jar:/usr/lib/eclipse/plugins/org.eclipse.jface_3.8.0.dist.jar:/usr/lib/eclipse/plugins/org.eclipse.swt_3.8.2.jar:/usr/lib/eclipse/plugins/org.eclipse.jface.text_3.8.1.dist.jar:/usr/lib/eclipse/plugins/org.eclipse.ui.workbench.texteditor_3.8.0.dist.jar:/usr/lib/eclipse/plugins/org.eclipse.ui.editors_3.8.0.dist.jar:/usr/lib/eclipse/plugins/org.eclipse.core.commands_3.6.1.dist.jar:/usr/lib/eclipse/plugins/org.eclipse.equinox.registry_3.5.200.dist.jar:/usr/lib/eclipse/plugins/org.eclipse.ui.console_3.5.100.dist.jar:/usr/lib/eclipse/plugins/org.eclipse.ui.forms_3.5.200.dist.jar:/usr/lib/eclipse/plugins/org.eclipse.ui.ide_3.8.1.dist.jar:/home/travis/build/icyphy/ptII/vendors/oracle/dbxml.jar:/home/travis/build/icyphy/ptII/vendors/oracle/db.jar:/home/travis/build/icyphy/ptII/vendors/misc/itext/iText.jar:/home/travis/build/icyphy/ptII/lib/g4ltl.jar:/home/travis/build/icyphy/ptII/lib/StructuralCoder.jar:/home/travis/build/icyphy/ptII/lib/org-openide-util.jar:/home/travis/build/icyphy/ptII/lib/org-openide-util-lookup.jar:/home/travis/build/icyphy/ptII/lib/org-netbeans-api-visual.jar:/home/travis/build/icyphy/ptII/vendors/jai-1_1_2_01/lib/jai_core.jar:/home/travis/build/icyphy/ptII/vendors/jai-1_1_2_01/lib/jai_codec.jar:/home/travis/build/icyphy/ptII/lib/jcerti.jar:/home/travis/build/icyphy/ptII/lib/smack.jar:/home/travis/build/icyphy/ptII/lib/smackx.jar:/home/travis/build/icyphy/ptII/lib/jetty-all-8.1.5-v20120716.jar:/home/travis/build/icyphy/ptII/lib/javax.servlet-api-3.0.1.jar:/home/travis/build/icyphy/ptII/lib/javax.mail.jar:/home/travis/build/icyphy/ptII/vendors/JMF-2.1.1e/lib/jmf.jar:/home/travis/build/icyphy/ptII/lib/jna-4.0.0-variadic.jar:/home/travis/build/icyphy/ptII/vendors/misc/joystick/Joystick.jar:/home/travis/build/icyphy/ptII/lib/ptjacl.jar:/home/travis/build/icyphy/ptII/lib/jsoup-1.8.2.jar:/home/travis/build/icyphy/ptII/lib/junit-4.8.2.jar:/home/travis/build/icyphy/ptII/lib/JUnitParams-0.4.0.jar:/home/travis/build/icyphy/ptII/ptolemy/actor/lib/excel/jxl.jar:/home/travis/build/icyphy/ptII/lib/jython.jar:/home/travis/build/icyphy/ptII/lib/kieler.jar:/home/travis/build/icyphy/ptII/vendors/opencv/share/OpenCV/java/opencv-341.jar:/home/travis/build/icyphy/ptII/lib/oscP5.jar:/home/travis/build/icyphy/ptII/lib/nrjavaserial-3.11.0.devel.jar:/usr/share/java/j3dcore.jar:/usr/share/java/j3dutils.jar:/usr/share/java/vecmath.jar:/home/travis/build/icyphy/ptII/ptolemy/distributed/jini/jar/jini-core.jar:/home/travis/build/icyphy/ptII/ptolemy/distributed/jini/jar/jini-ext.jar:/home/travis/build/icyphy/ptII/ptolemy/distributed/jini/jar/sun-util.jar:/home/travis/build/icyphy/ptII/lib/protobuf-java-2.4.1.jar:/home/travis/build/icyphy/ptII/lib/org.eclipse.paho.client.mqttv3.jar:/home/travis/build/icyphy/ptII/ptserver/lib/hessian-4.0.7.jar:/home/travis/build/icyphy/ptII/ptserver/lib/wmqtt.jar:/home/travis/build/icyphy/ptII/lib/mapss.jar:/home/travis/build/icyphy/ptII/ptolemy/actor/ptalon/antlr/antlr.jar:/home/travis/build/icyphy/ptII/lib/JRI.jar:/home/travis/build/icyphy/ptII/lib/commons-lang-2.6.jar:/home/travis/build/icyphy/ptII/lib/commons-logging-1.1.1.jar:/home/travis/build/icyphy/ptII/lib/sootclasses.jar:/home/travis/build/icyphy/ptII/ptolemy/actor/lib/database/mysql-connector-java-5.1.6-bin.jar:/home/travis/build/icyphy/ptII/vendors/misc/sphinx4/sphinx4-data-5prealpha.jar:/home/travis/build/icyphy/ptII/vendors/misc/sphinx4/sphinx4-core-5prealpha.jar:/home/travis/build/icyphy/ptII/lib/PDFRenderer.jar:/home/travis/build/icyphy/ptII/lib/svgSalamander.jar:/home/travis/build/icyphy/ptII/lib/rsyntaxtextarea-2.6.0-SNAPSHOT.jar:/home/travis/build/icyphy/ptII/lib/hazelcast-3.8.2.jar:/home/travis/build/icyphy/ptII/lib/jackson-annotations-2.9.0.jar:/home/travis/build/icyphy/ptII/lib/jackson-core-2.9.3.jar:/home/travis/build/icyphy/ptII/lib/jackson-databind-2.9.3.jar:/home/travis/build/icyphy/ptII/lib/netty-buffer-4.1.19.Final.jar:/home/travis/build/icyphy/ptII/lib/netty-codec-4.1.19.Final.jar:/home/travis/build/icyphy/ptII/lib/netty-codec-dns-4.1.19.Final.jar:/home/travis/build/icyphy/ptII/lib/netty-codec-http-4.1.19.Final.jar:/home/travis/build/icyphy/ptII/lib/netty-codec-http2-4.1.19.Final.jar:/home/travis/build/icyphy/ptII/lib/netty-common-4.1.19.Final.jar:/home/travis/build/icyphy/ptII/lib/netty-handler-4.1.19.Final.jar:/home/travis/build/icyphy/ptII/lib/netty-resolver-4.1.19.Final.jar:/home/travis/build/icyphy/ptII/lib/netty-resolver-dns-4.1.19.Final.jar:/home/travis/build/icyphy/ptII/lib/netty-transport-4.1.19.Final.jar:/home/travis/build/icyphy/ptII/lib/vertx-codegen-3.5.1.jar:/home/travis/build/icyphy/ptII/lib/vertx-core-3.5.2-SNAPSHOT.jar:/home/travis/build/icyphy/ptII/lib/vertx-hazelcast-3.5.1.jar:/home/travis/build/icyphy/ptII/lib/vertx-lang-js-3.5.1.jar:/home/travis/build/icyphy/ptII/lib/vertx-service-proxy-3.5.1.jar:/home/travis/build/icyphy/ptII/lib/vertx-web-3.5.1.jar:/home/travis/build/icyphy/ptII/lib/slf4j-api-1.7.13.jar:/home/travis/build/icyphy/ptII/lib/slf4j-simple-1.7.13.jar:/home/travis/build/icyphy/ptII/lib/webcam-capture-0.3.12.jar:/home/travis/build/icyphy/ptII/lib/bridj-0.7.0.jar:/home/travis/build/icyphy/ptII/lib/xbjlib-1.1.0.nrjavaserial.jar" />
    <property name="test.batch" value="**/junit/*.java" />
    <property name="env._" value="/usr/bin/timeout" />
    <property name="java.io.tmpdir" value="/tmp" />
    <property name="user.language" value="en" />
    <property name="env.HISTCONTROL" value="ignoredups:ignorespace" />
    <property name="env.GOROOT" value="/home/travis/.gimme/versions/go1.7.4.linux.amd64" />
    <property name="line.separator" value="&#xa;" />
    <property name="target" value="1.8" />
    <property name="env.TRAVIS_BUILD_DIR" value="/home/travis/build/icyphy/ptII" />
    <property name="env.ANT_OPTS" value="-Xmx2048m" />
    <property name="ant.file.type" value="file" />
    <property name="ptolemy.ptII.batchMode" value="true" />
    <property name="env.HISTSIZE" value="1000" />
    <property name="env.MERB_ENV" value="test" />
    <property name="java.vm.info" value="mixed mode" />
    <property name="source" value="1.8" />
    <property name="java.vm.specification.name" value="Java Virtual Machine Specification" />
    <property name="env.TRAVIS_TEST_RESULT" value="0" />
    <property name="jsdoc.command" value="node_modules/@terraswarm/jsdoc/jsdoc.js" />
    <property name="npm.works" value="true" />
    <property name="cobertura.dir" value="/home/travis/build/icyphy/ptII/vendors/cobertura-2.0.3" />
    <property name="env.rvm_path" value="/home/travis/.rvm" />
    <property name="env.GEM_PATH" value="/home/travis/.rvm/gems/ruby-2.4.1:/home/travis/.rvm/gems/ruby-2.4.1@global" />
    <property name="env.LC_CTYPE" value="en_US.UTF-8" />
    <property name="java.awt.printerjob" value="sun.print.PSPrinterJob" />
    <property name="env.TRAVIS_STACK_NAME" value="garnet" />
    <property name="ant.version" value="Apache Ant(TM) version 1.10.1 compiled on February 2 2017" />
    <property name="ptII.reports" value="/home/travis/build/icyphy/ptII/reports" />
    <property name="env.TRAVIS_STACK_TIMESTAMP" value="2017-12-05 19:33:09 UTC" />
    <property name="ant.file.type.ptII" value="file" />
    <property name="env.RBENV_SHELL" value="bash" />
    <property name="os.name" value="Linux" />
    <property name="java.specification.vendor" value="Oracle Corporation" />
    <property name="env.rvm_version" value="1.29.3 (latest)" />
    <property name="env.TERM" value="xterm" />
    <property name="java.vm.name" value="Java HotSpot(TM) 64-Bit Server VM" />
    <property name="env.TRAVIS_BUILD_NUMBER" value="569" />
    <property name="env.CI" value="true" />
    <property name="java.library.path" value="/home/travis/pthla/certi-tools/lib:/usr/lib/jni:/usr/local/share/OpenCV/java/:/usr/share/OpenCV/java::/usr/java/packages/lib/amd64:/usr/lib64:/lib64:/lib:/usr/lib" />
    <property name="env.rvm_prefix" value="/home/travis" />
    <property name="env.PATH" value="/home/travis/pthla/certi-tools/share/scripts:/home/travis/.rvm/gems/ruby-2.4.1/bin:/home/travis/.rvm/gems/ruby-2.4.1@global/bin:/home/travis/.rvm/rubies/ruby-2.4.1/bin:/home/travis/.rvm/bin:/home/travis/.nvm/versions/node/v7.10.1/bin:./node_modules/.bin:/home/travis/build/icyphy/ptII/bin:/home/travis/pthla/certi-tools/bin:/home/travis/bin:/home/travis/.local/bin:/opt/pyenv/shims:/home/travis/.phpenv/shims:/home/travis/perl5/perlbrew/bin:/home/travis/.kiex/elixirs/elixir-1.4.5/bin:/home/travis/.kiex/bin:/home/travis/gopath/bin:/home/travis/.gimme/versions/go1.7.4.linux.amd64/bin:/usr/local/phantomjs/bin:/usr/local/phantomjs:/usr/local/neo4j-3.2.7/bin:/usr/local/maven-3.5.2/bin:/usr/local/cmake-3.9.2/bin:/usr/local/clang-5.0.0/bin:/usr/local/sbin:/usr/local/bin:/usr/sbin:/usr/bin:/sbin:/bin:/home/travis/.phpenv/bin:/opt/pyenv/bin:/home/travis/.yarn/bin" />
    <property name="env.TRAVIS_OS_NAME" value="linux" />
    <property name="ant.java.version" value="1.8" />
    <property name="basedir" value="/home/travis/build/icyphy/ptII" />
    <property name="java.class.version" value="52.0" />
    <property name="env.SHLVL" value="3" />
    <property name="env.LD_LIBRARY_PATH" value="/home/travis/pthla/certi-tools/lib:/usr/lib/jni:/usr/local/share/OpenCV/java/:/usr/share/OpenCV/java:" />
    <property name="env.RACK_ENV" value="test" />
    <property name="ant.home" value="/home/travis/build/icyphy/ptII/ant" />
    <property name="env.NVM_DIR" value="/home/travis/.nvm" />
    <property name="env.PERLBREW_BASHRC_VERSION" value="0.80" />
    <property name="env.CERTI_FOM_PATH" value="/home/travis/pthla/certi-tools/share/federations" />
    <property name="env.TRAVIS_BUILD_ID" value="391536682" />
    <property name="env.PYENV_ROOT" value="/opt/pyenv" />
    <property name="env.TRAVIS_UID" value="2000" />
    <property name="env.rvm_pretty_print_flag" value="auto" />
    <property name="env.NVM_BIN" value="/home/travis/.nvm/versions/node/v7.10.1/bin" />
    <property name="env.TRAVIS_COMMIT" value="b150c97694a0ce804ef641a451e1a6cc6968524c" />
    <property name="env._system_arch" value="x86_64" />
    <property name="node.executable" value="node" />
    <property name="sun.boot.library.path" value="/usr/lib/jvm/java-8-oracle/jre/lib/amd64" />
    <property name="sun.management.compiler" value="HotSpot 64-Bit Tiered Compilers" />
    <property name="env.GOPATH" value="/home/travis/gopath" />
    <property name="java.awt.graphicsenv" value="sun.awt.X11GraphicsEnvironment" />
    <property name="ptolemy.ptII.dir" value="/home/travis/build/icyphy/ptII" />
    <property name="env.USER" value="travis" />
    <property name="env.HISTFILESIZE" value="2000" />
    <property name="timeout.longest" value="19000000" />
    <property name="env.TRAVIS_STACK_FEATURES" value="basic cassandra chromium couchdb disabled-ipv6 docker docker-compose elasticsearch firefox go-toolchain google-chrome jdk memcached mongodb mysql neo4j nodejs_interpreter perl_interpreter perlbrew phantomjs postgresql python_interpreter rabbitmq redis riak ruby_interpreter sqlite xserver" />
    <property name="env.TRAVIS_PULL_REQUEST" value="false" />
    <property name="env.PYENV_SHELL" value="bash" />
    <property name="ant.project.name" value="ptII" />
    <property name="java.vm.specification.version" value="1.8" />
    <property name="env.CERTI_VERSION" value="4.0.0" />
    <property name="env.NLSPATH" value="/usr/dt/lib/nls/msg/%L/%N.cat" />
    <property name="awt.toolkit" value="sun.awt.X11.XToolkit" />
    <property name="env.CERTI_HOST" value="localhost" />
    <property name="env.MY_RUBY_HOME" value="/home/travis/.rvm/rubies/ruby-2.4.1" />
    <property name="sun.cpu.isalist" value="" />
    <property name="java.ext.dirs" value="/usr/lib/jvm/java-8-oracle/jre/lib/ext:/usr/java/packages/lib/ext" />
    <property name="os.version" value="4.4.0-101-generic" />
    <property name="user.home" value="/home/travis" />
    <property name="env.MIX_ARCHIVES" value="/home/travis/.kiex/mix/elixir-1.4.5" />
    <property name="java.vm.vendor" value="Oracle Corporation" />
    <property name="env.TRAVIS_TAG" value="nightly" />
    <property name="env.TRAVIS_FILTERED" value="redirect_io" />
    <property name="javadoc.excludepackagenames" value="adm.cvs2svn.*,build.*,config.*,doc.coding.templates.*,jni.test.jni.meaningOfLife.*,jni.test.jni.testDeux.*,jni.test.jni.testTrois.*,org.terraswarm.accessor.accessors.web.node_modules.*,org.terraswarm.accessor.accessors.web.hosts.cordova.demo.*,org.terraswarm.accessor.accessors.web.hosts.cordova.plugins.*,org.terraswarm.accessor.accessors-svn.*,pt-modules.*,ptolemy.apps.agilent.*,ptolemy.apps.anytimecontrol.*,ptolemy.apps.apes.*,ptolemy.apps.charon.*,ptolemy.apps.crazyboard.*,ptolemy.apps.eclipse.*,ptolemy.apps.etherealSting.*,ptolemy.apps.fullscreen.*,ptolemy.apps.giotto.*,ptolemy.apps.ia.*,ptolemy.apps.interfaces.*,ptolemy.apps.jmf.*,ptolemy.apps.kurt.*,ptolemy.apps.kvm.*,ptolemy.apps.lego.*,ptolemy.apps.lejos.*,ptolemy.apps.midp.*,ptolemy.apps.mobileCoding.*,ptolemy.apps.pendulum.*,ptolemy.apps.rijndael.*,ptolemy.apps.robot.*,ptolemy.apps.security.*,ptolemy.apps.sobel.*,ptolemy.apps.soot.*,ptolemy.apps.throttle.*,ptolemy.apps.tini.*,ptolemy.apps.transmission.*,ptolemy.apps.vergil.*,ptolemy.apps.waba.*,ptolemy.apps.websensor.*,ptolemy.apps.webstart.*,ptolemy.apps.xsl.*,ptolemy.apps.zaurus.*,ptolemy.backtrack.eclipse.plugin.*,ptolemy.backtrack.test.*,ptolemy.codegen.c.actor.lib.oldJavaFiles.*,ptolemy.codegen.dsp.lib.*,ptolemy.codegen.kernel.newInterfaces.*,ptolemy.codegen.lib.*,ptolemy.copernicus.kernel.fragment.*,ptolemy.copernicus.shallow.cg.*,ptolemy.domains.giotto.demo.Hierarchy.Hierarchy.*,ptolemy.domains.giotto.demo.Multimode.Multimode.*,ptolemy.domains.giotto.demo.Simple.Simple.*,ptolemy.domains.gr.lib.experimental.*,ptolemy.domains.gro.*,ptolemy.domains.pdf.*,ptolemy.domains.ptinyos.demo.Surge.output.*,ptolemy.moml.test.NoPackageActor.java*,ptolemy.plot.adm.*,ptolemy.plot.servlet.*,reports.*,signed.*,src.*,target.*,vendors.*,ptolemy.cg.adapter.generic.program.procedural.c.mbed*,ptolemy.actor.lib.fmi.fmus.omc*,ptolemy.domains.openmodelica*,ptdb.kernel.bl.save.test.*,ptdb.kernel.bl.load.test.*,ptdb.kernel.bl.search.test.*,ptdb.kernel.bl.migration.test.*,ptdb.kernel.database.test.*,ptdb.test.*,ptdb.gui.test.*,org.ptolemy.scala.*,diva.util.java2d.svg.*,ptolemy.domains.ptinyos.*,ptolemy.actor.lib.fmi.fmipp.*,,org.terraswarm.accessor.accessors.web.node_modules.*,org.terraswarm.accessor.accessors-svn,ptolemy.apps.*,ptolemy.actor.ptalon.demo.ptinyos.SendAndReceiveCnt.output,ptolemy.actor.ptalon.demo.ptinyos.SenseToLeds.output,ptolemy.domains.ptinyos.demo.CntToLedsAndRfm.output,ptolemy.domains.ptinyos.demo.RfmToLeds.output,ptolemy.domains.ptinyos.demo.SendAndReceiveCnt.output,ptolemy.domains.ptinyos.demo.SenseToLeds.output,ptolemy.actor.lib.jjs.modules.udpSocket.*" />
    <property name="env.JAVA_HOME" value="/usr/lib/jvm/java-8-oracle" />
    <property name="env.PTII" value="/home/travis/build/icyphy/ptII" />
    <property name="env.TRAVIS_COMMIT_MESSAGE" value="Attempt at getting Java3D to work under Mac." />
    <property name="keystore" value="ptKeystore" />
    <property name="env.XDG_SESSION_ID" value="2" />
    <property name="junit.output.dir" value="/home/travis/build/icyphy/ptII/reports/junit" />
    <property name="npm.return.code" value="0" />
    <property name="user.dir" value="/home/travis/build/icyphy/ptII/ptolemy/actor/lib/test" />
    <property name="env.TRAVIS_NODE_VERSION" value="7" />
    <property name="env.XFILESEARCHPATH" value="/usr/dt/app-defaults/%L/Dt" />
    <property name="env.TRAVIS_EVENT_TYPE" value="push" />
    <property name="env.MAIL" value="/var/mail/travis" />
    <property name="env.PWD" value="/home/travis/build/icyphy/ptII" />
    <property name="env.PERLBREW_ROOT" value="/home/travis/perl5/perlbrew" />
    <property name="timeout.npm" value="45000" />
    <property name="env.PAGER" value="cat" />
    <property name="sun.cpu.endian" value="little" />
    <property name="env.TRAVIS_BUILD_STAGE_NAME" value="Test" />
    <property name="env.PERLBREW_HOME" value="/home/travis/.perlbrew" />
    <property name="env.RAILS_ENV" value="test" />
    <property name="java.vm.version" value="25.151-b12" />
    <property name="java.class.path" value="/home/travis/.ptolemyII:/home/travis/.ptolemyII/*:/home/travis/build/icyphy/ptII:/home/travis/build/icyphy/ptII/lib/bsh-2.0b4.jar:/home/travis/build/icyphy/ptII/lib/ptCal.jar:/home/travis/build/icyphy/ptII/lib/java_cup.jar:/home/travis/build/icyphy/ptII/lib/saxon8.jar:/home/travis/build/icyphy/ptII/lib/saxon8-dom.jar:/home/travis/build/icyphy/ptII/lib/chic.jar:/home/travis/build/icyphy/ptII/lib/ptcolt.jar:/usr/lib/jvm/java-8-oracle/lib/tools.jar:/usr/lib/eclipse/plugins/org.eclipse.jdt.core_3.8.2.dist.jar:/usr/lib/eclipse/plugins/org.eclipse.core.runtime_3.8.0.dist.jar:/usr/lib/eclipse/plugins/org.eclipse.osgi_3.8.1.dist.jar:/usr/lib/eclipse/plugins/org.eclipse.core.resources_3.8.1.dist.jar:/usr/lib/eclipse/plugins/org.eclipse.equinox.common_3.6.100.dist.jar:/usr/lib/eclipse/plugins/org.eclipse.core.jobs_3.5.200.dist.jar:/usr/lib/eclipse/plugins/org.eclipse.core.contenttype_3.4.200.dist.jar:/usr/lib/eclipse/plugins/org.eclipse.equinox.preferences_3.5.0.dist.jar:/usr/lib/eclipse/plugins/org.eclipse.text_3.5.200.dist.jar:/usr/lib/eclipse/plugins/org.eclipse.ui.workbench_3.8.1.dist.jar:/usr/lib/eclipse/plugins/org.eclipse.jface_3.8.0.dist.jar:/usr/lib/eclipse/plugins/org.eclipse.swt_3.8.2.jar:/usr/lib/eclipse/plugins/org.eclipse.jface.text_3.8.1.dist.jar:/usr/lib/eclipse/plugins/org.eclipse.ui.workbench.texteditor_3.8.0.dist.jar:/usr/lib/eclipse/plugins/org.eclipse.ui.editors_3.8.0.dist.jar:/usr/lib/eclipse/plugins/org.eclipse.core.commands_3.6.1.dist.jar:/usr/lib/eclipse/plugins/org.eclipse.equinox.registry_3.5.200.dist.jar:/usr/lib/eclipse/plugins/org.eclipse.ui.console_3.5.100.dist.jar:/usr/lib/eclipse/plugins/org.eclipse.ui.forms_3.5.200.dist.jar:/usr/lib/eclipse/plugins/org.eclipse.ui.ide_3.8.1.dist.jar:/home/travis/build/icyphy/ptII/vendors/oracle/dbxml.jar:/home/travis/build/icyphy/ptII/vendors/oracle/db.jar:/home/travis/build/icyphy/ptII/vendors/misc/itext/iText.jar:/home/travis/build/icyphy/ptII/lib/g4ltl.jar:/home/travis/build/icyphy/ptII/lib/StructuralCoder.jar:/home/travis/build/icyphy/ptII/lib/org-openide-util.jar:/home/travis/build/icyphy/ptII/lib/org-openide-util-lookup.jar:/home/travis/build/icyphy/ptII/lib/org-netbeans-api-visual.jar:/home/travis/build/icyphy/ptII/vendors/jai-1_1_2_01/lib/jai_core.jar:/home/travis/build/icyphy/ptII/vendors/jai-1_1_2_01/lib/jai_codec.jar:/home/travis/build/icyphy/ptII/lib/jcerti.jar:/home/travis/build/icyphy/ptII/lib/smack.jar:/home/travis/build/icyphy/ptII/lib/smackx.jar:/home/travis/build/icyphy/ptII/lib/jetty-all-8.1.5-v20120716.jar:/home/travis/build/icyphy/ptII/lib/javax.servlet-api-3.0.1.jar:/home/travis/build/icyphy/ptII/lib/javax.mail.jar:/home/travis/build/icyphy/ptII/vendors/JMF-2.1.1e/lib/jmf.jar:/home/travis/build/icyphy/ptII/lib/jna-4.0.0-variadic.jar:/home/travis/build/icyphy/ptII/vendors/misc/joystick/Joystick.jar:/home/travis/build/icyphy/ptII/lib/ptjacl.jar:/home/travis/build/icyphy/ptII/lib/jsoup-1.8.2.jar:/home/travis/build/icyphy/ptII/lib/junit-4.8.2.jar:/home/travis/build/icyphy/ptII/lib/JUnitParams-0.4.0.jar:/home/travis/build/icyphy/ptII/ptolemy/actor/lib/excel/jxl.jar:/home/travis/build/icyphy/ptII/lib/jython.jar:/home/travis/build/icyphy/ptII/lib/kieler.jar:/home/travis/build/icyphy/ptII/vendors/opencv/share/OpenCV/java/opencv-341.jar:/home/travis/build/icyphy/ptII/lib/oscP5.jar:/home/travis/build/icyphy/ptII/lib/nrjavaserial-3.11.0.devel.jar:/usr/share/java/j3dcore.jar:/usr/share/java/j3dutils.jar:/usr/share/java/vecmath.jar:/home/travis/build/icyphy/ptII/ptolemy/distributed/jini/jar/jini-core.jar:/home/travis/build/icyphy/ptII/ptolemy/distributed/jini/jar/jini-ext.jar:/home/travis/build/icyphy/ptII/ptolemy/distributed/jini/jar/sun-util.jar:/home/travis/build/icyphy/ptII/lib/protobuf-java-2.4.1.jar:/home/travis/build/icyphy/ptII/lib/org.eclipse.paho.client.mqttv3.jar:/home/travis/build/icyphy/ptII/ptserver/lib/hessian-4.0.7.jar:/home/travis/build/icyphy/ptII/ptserver/lib/wmqtt.jar:/home/travis/build/icyphy/ptII/lib/mapss.jar:/home/travis/build/icyphy/ptII/ptolemy/actor/ptalon/antlr/antlr.jar:/home/travis/build/icyphy/ptII/lib/JRI.jar:/home/travis/build/icyphy/ptII/lib/commons-lang-2.6.jar:/home/travis/build/icyphy/ptII/lib/commons-logging-1.1.1.jar:/home/travis/build/icyphy/ptII/lib/sootclasses.jar:/home/travis/build/icyphy/ptII/ptolemy/actor/lib/database/mysql-connector-java-5.1.6-bin.jar:/home/travis/build/icyphy/ptII/vendors/misc/sphinx4/sphinx4-data-5prealpha.jar:/home/travis/build/icyphy/ptII/vendors/misc/sphinx4/sphinx4-core-5prealpha.jar:/home/travis/build/icyphy/ptII/lib/PDFRenderer.jar:/home/travis/build/icyphy/ptII/lib/svgSalamander.jar:/home/travis/build/icyphy/ptII/lib/rsyntaxtextarea-2.6.0-SNAPSHOT.jar:/home/travis/build/icyphy/ptII/lib/hazelcast-3.8.2.jar:/home/travis/build/icyphy/ptII/lib/jackson-annotations-2.9.0.jar:/home/travis/build/icyphy/ptII/lib/jackson-core-2.9.3.jar:/home/travis/build/icyphy/ptII/lib/jackson-databind-2.9.3.jar:/home/travis/build/icyphy/ptII/lib/netty-buffer-4.1.19.Final.jar:/home/travis/build/icyphy/ptII/lib/netty-codec-4.1.19.Final.jar:/home/travis/build/icyphy/ptII/lib/netty-codec-dns-4.1.19.Final.jar:/home/travis/build/icyphy/ptII/lib/netty-codec-http-4.1.19.Final.jar:/home/travis/build/icyphy/ptII/lib/netty-codec-http2-4.1.19.Final.jar:/home/travis/build/icyphy/ptII/lib/netty-common-4.1.19.Final.jar:/home/travis/build/icyphy/ptII/lib/netty-handler-4.1.19.Final.jar:/home/travis/build/icyphy/ptII/lib/netty-resolver-4.1.19.Final.jar:/home/travis/build/icyphy/ptII/lib/netty-resolver-dns-4.1.19.Final.jar:/home/travis/build/icyphy/ptII/lib/netty-transport-4.1.19.Final.jar:/home/travis/build/icyphy/ptII/lib/vertx-codegen-3.5.1.jar:/home/travis/build/icyphy/ptII/lib/vertx-core-3.5.2-SNAPSHOT.jar:/home/travis/build/icyphy/ptII/lib/vertx-hazelcast-3.5.1.jar:/home/travis/build/icyphy/ptII/lib/vertx-lang-js-3.5.1.jar:/home/travis/build/icyphy/ptII/lib/vertx-service-proxy-3.5.1.jar:/home/travis/build/icyphy/ptII/lib/vertx-web-3.5.1.jar:/home/travis/build/icyphy/ptII/lib/slf4j-api-1.7.13.jar:/home/travis/build/icyphy/ptII/lib/slf4j-simple-1.7.13.jar:/home/travis/build/icyphy/ptII/lib/webcam-capture-0.3.12.jar:/home/travis/build/icyphy/ptII/lib/bridj-0.7.0.jar:/home/travis/build/icyphy/ptII/lib/xbjlib-1.1.0.nrjavaserial.jar:/home/travis/build/icyphy/ptII/ptolemy/moml/test:/home/travis/build/icyphy/ptII/ant/lib/ant-launcher.jar:/home/travis/build/icyphy/ptII/ant/lib/ant.jar:/home/travis/build/icyphy/ptII/ant/lib/ant-junit.jar:/home/travis/build/icyphy/ptII/ant/lib/ant-junit4.jar" />
    <property name="ant.library.dir" value="/home/travis/build/icyphy/ptII/ant/lib" />
    <property name="os.arch" value="amd64" />
    <property name="env.TRAVIS_LANGUAGE" value="node_js" />
    <property name="env.CONTINUOUS_INTEGRATION" value="true" />
    <property name="env.TRAVIS_STACK_LANGUAGES" value="__garnet__ c c++ clojure cplusplus cpp default go groovy java node_js php pure_java python ruby scala" />
    <property name="test.name" value="ptolemy.actor.lib.test.junit.JUnitTclTest" />
    <property name="sun.java.launcher" value="SUN_STANDARD" />
    <property name="env.PYTHON_CONFIGURE_OPTS" value="--enable-unicode=ucs4 --with-wide-unicode --enable-shared --enable-ipv6 --enable-loadable-sqlite-extensions --with-computed-gotos" />
    <property name="ant.core.lib" value="/home/travis/build/icyphy/ptII/ant/lib/ant.jar" />
    <property name="java.vm.specification.vendor" value="Oracle Corporation" />
    <property name="env.BCVTB_HOME" value="/home/travis/build/icyphy/ptII/lbnl" />
    <property name="file.separator" value="/" />
    <property name="java.runtime.version" value="1.8.0_151-b12" />
    <property name="spotbugs.home" value="/home/travis/build/icyphy/ptII/vendors/spotbugs-3.1.1" />
    <property name="sun.boot.class.path" value="/usr/lib/jvm/java-8-oracle/jre/lib/resources.jar:/usr/lib/jvm/java-8-oracle/jre/lib/rt.jar:/usr/lib/jvm/java-8-oracle/jre/lib/sunrsasign.jar:/usr/lib/jvm/java-8-oracle/jre/lib/jsse.jar:/usr/lib/jvm/java-8-oracle/jre/lib/jce.jar:/usr/lib/jvm/java-8-oracle/jre/lib/charsets.jar:/usr/lib/jvm/java-8-oracle/jre/lib/jfr.jar:/usr/lib/jvm/java-8-oracle/jre/classes" />
    <property name="env.HAS_JOSH_K_SEAL_OF_APPROVAL" value="true" />
    <property name="env.TRAVIS_OSX_IMAGE" value="" />
    <property name="env.XDG_RUNTIME_DIR" value="/run/user/2000" />
    <property name="env.TRAVIS_BRANCH" value="master" />
    <property name="env.TRAVIS_JOB_ID" value="391536689" />
    <property name="env.CERTI_HOME_TRAVIS" value="/home/travis/pthla/certi-tools" />
    <property name="user.country" value="US" />
    <property name="env.SHELL" value="/bin/bash" />
    <property name="java.maxmemory.large" value="5000m" />
    <property name="model" value="" />
    <property name="env.CASHER_DIR" value="/home/travis/.casher" />
    <property name="env.NVM_CD_FLAGS" value="" />
    <property name="jshint.executable" value="/home/travis/node_modules/jshint/bin/jshint" />
    <property name="java.vendor" value="Oracle Corporation" />
    <property name="env.JRUBY_OPTS" value=" --client -J-XX:+TieredCompilation -J-XX:TieredStopAtLevel=1 -J-Xss2m -Xcompile.invokedynamic=false" />
    <property name="env.TRAVIS_PRE_CHEF_BOOTSTRAP_TIME" value="2017-12-05T19:32:55" />
    <property name="env.TRAVIS_STACK_JOB_BOARD_REGISTER" value="/.job-board-register.yml" />
    <property name="env.ELIXIR_VERSION" value="1.4.5" />
    <property name="java.specification.version" value="1.8" />
    <property name="env.IRBRC" value="/home/travis/.rvm/rubies/ruby-2.4.1/.irbrc" />
    <property name="env.TRAVIS" value="true" />
    <property name="sun.arch.data.model" value="64" />
  </properties>
  <testcase classname="ptolemy.util.test.junit.TclTests" name="[0] /home/travis/build/icyphy/ptII/ptolemy/actor/lib/test/AbsoluteValue.tcl (RunTclFile)" time="0.442" />
  <testcase classname="ptolemy.util.test.junit.TclTests" name="[1] /home/travis/build/icyphy/ptII/ptolemy/actor/lib/test/AddSubtract.tcl (RunTclFile)" time="0.065" />
  <testcase classname="ptolemy.util.test.junit.TclTests" name="[2] /home/travis/build/icyphy/ptII/ptolemy/actor/lib/test/Average.tcl (RunTclFile)" time="0.032" />
  <testcase classname="ptolemy.util.test.junit.TclTests" name="[3] /home/travis/build/icyphy/ptII/ptolemy/actor/lib/test/Bernoulli.tcl (RunTclFile)" time="0.017" />
  <testcase classname="ptolemy.util.test.junit.TclTests" name="[4] /home/travis/build/icyphy/ptII/ptolemy/actor/lib/test/Clock.tcl (RunTclFile)" time="0.074" />
  <testcase classname="ptolemy.util.test.junit.TclTests" name="[5] /home/travis/build/icyphy/ptII/ptolemy/actor/lib/test/Commutator.tcl (RunTclFile)" time="0.104" />
  <testcase classname="ptolemy.util.test.junit.TclTests" name="[6] /home/travis/build/icyphy/ptII/ptolemy/actor/lib/test/Const.tcl (RunTclFile)" time="0.069" />
  <testcase classname="ptolemy.util.test.junit.TclTests" name="[7] /home/travis/build/icyphy/ptII/ptolemy/actor/lib/test/CurrentTime.tcl (RunTclFile)" time="0.018" />
  <testcase classname="ptolemy.util.test.junit.TclTests" name="[8] /home/travis/build/icyphy/ptII/ptolemy/actor/lib/test/DB.tcl (RunTclFile)" time="0.018" />
  <testcase classname="ptolemy.util.test.junit.TclTests" name="[9] /home/travis/build/icyphy/ptII/ptolemy/actor/lib/test/DiscreteRandomSource.tcl (RunTclFile)" time="0.023" />
  <testcase classname="ptolemy.util.test.junit.TclTests" name="[10] /home/travis/build/icyphy/ptII/ptolemy/actor/lib/test/Distributor.tcl (RunTclFile)" time="0.051" />
  <testcase classname="ptolemy.util.test.junit.TclTests" name="[11] /home/travis/build/icyphy/ptII/ptolemy/actor/lib/test/Exit.tcl (RunTclFile)" time="0.035" />
  <testcase classname="ptolemy.util.test.junit.TclTests" name="[12] /home/travis/build/icyphy/ptII/ptolemy/actor/lib/test/Expression.tcl (RunTclFile)" time="0.109" />
  <testcase classname="ptolemy.util.test.junit.TclTests" name="[13] /home/travis/build/icyphy/ptII/ptolemy/actor/lib/test/Gaussian.tcl (RunTclFile)" time="0.832" />
  <testcase classname="ptolemy.util.test.junit.TclTests" name="[14] /home/travis/build/icyphy/ptII/ptolemy/actor/lib/test/IIR.tcl (RunTclFile)" time="0.024" />
  <testcase classname="ptolemy.util.test.junit.TclTests" name="[15] /home/travis/build/icyphy/ptII/ptolemy/actor/lib/test/Interpolator.tcl (RunTclFile)" time="0.056" />
  <testcase classname="ptolemy.util.test.junit.TclTests" name="[16] /home/travis/build/icyphy/ptII/ptolemy/actor/lib/test/MathFunction.tcl (RunTclFile)" time="0.062" />
  <testcase classname="ptolemy.util.test.junit.TclTests" name="[17] /home/travis/build/icyphy/ptII/ptolemy/actor/lib/test/Maximum.tcl (RunTclFile)" time="0.038" />
  <testcase classname="ptolemy.util.test.junit.TclTests" name="[18] /home/travis/build/icyphy/ptII/ptolemy/actor/lib/test/Minimum.tcl (RunTclFile)" time="0.022" />
  <testcase classname="ptolemy.util.test.junit.TclTests" name="[19] /home/travis/build/icyphy/ptII/ptolemy/actor/lib/test/MultiplyDivide.tcl (RunTclFile)" time="0.027" />
  <testcase classname="ptolemy.util.test.junit.TclTests" name="[20] /home/travis/build/icyphy/ptII/ptolemy/actor/lib/test/OrderedMerge.tcl (RunTclFile)" time="0.108" />
  <testcase classname="ptolemy.util.test.junit.TclTests" name="[21] /home/travis/build/icyphy/ptII/ptolemy/actor/lib/test/Publisher.tcl (RunTclFile)" time="0.693" />
  <testcase classname="ptolemy.util.test.junit.TclTests" name="[22] /home/travis/build/icyphy/ptII/ptolemy/actor/lib/test/Pulse.tcl (RunTclFile)" time="0.063" />
  <testcase classname="ptolemy.util.test.junit.TclTests" name="[23] /home/travis/build/icyphy/ptII/ptolemy/actor/lib/test/Ramp.tcl (RunTclFile)" time="1.781" />
  <testcase classname="ptolemy.util.test.junit.TclTests" name="[24] /home/travis/build/icyphy/ptII/ptolemy/actor/lib/test/RampContinuous.tcl (RunTclFile)" time="0.023" />
  <testcase classname="ptolemy.util.test.junit.TclTests" name="[25] /home/travis/build/icyphy/ptII/ptolemy/actor/lib/test/RecordAssembler.tcl (RunTclFile)" time="0.017" />
  <testcase classname="ptolemy.util.test.junit.TclTests" name="[26] /home/travis/build/icyphy/ptII/ptolemy/actor/lib/test/RecordDisassembler.tcl (RunTclFile)" time="0.029" />
  <testcase classname="ptolemy.util.test.junit.TclTests" name="[27] /home/travis/build/icyphy/ptII/ptolemy/actor/lib/test/Scale.tcl (RunTclFile)" time="0.033" />
  <testcase classname="ptolemy.util.test.junit.TclTests" name="[28] /home/travis/build/icyphy/ptII/ptolemy/actor/lib/test/SequentialClock.tcl (RunTclFile)" time="0.016" />
  <testcase classname="ptolemy.util.test.junit.TclTests" name="[29] /home/travis/build/icyphy/ptII/ptolemy/actor/lib/test/SetVariable.tcl (RunTclFile)" time="0.013" />
  <testcase classname="ptolemy.util.test.junit.TclTests" name="[30] /home/travis/build/icyphy/ptII/ptolemy/actor/lib/test/Sinewave.tcl (RunTclFile)" time="0.048" />
  <testcase classname="ptolemy.util.test.junit.TclTests" name="[31] /home/travis/build/icyphy/ptII/ptolemy/actor/lib/test/SubscriptionAggregator.tcl (RunTclFile)" time="1.818" />
  <testcase classname="ptolemy.util.test.junit.TclTests" name="[32] /home/travis/build/icyphy/ptII/ptolemy/actor/lib/test/Test.tcl (RunTclFile)" time="0.105" />
  <testcase classname="ptolemy.util.test.junit.TclTests" name="[33] /home/travis/build/icyphy/ptII/ptolemy/actor/lib/test/TestExceptionHandler.tcl (RunTclFile)" time="0.01" />
  <testcase classname="ptolemy.util.test.junit.TclTests" name="[34] /home/travis/build/icyphy/ptII/ptolemy/actor/lib/test/UnionDisassembler.tcl (RunTclFile)" time="0.147" />
  <testcase classname="ptolemy.util.test.junit.TclTests" name="[35] /home/travis/build/icyphy/ptII/ptolemy/actor/lib/test/VariableClock.tcl (RunTclFile)" time="0.026" />
  <testcase classname="ptolemy.util.test.junit.AutoKnownFailedTests" name="[0] /home/travis/build/icyphy/ptII/ptolemy/actor/lib/test/auto/knownFailedTests/PublisherPortToplevelSubscriber.xml (RunModel)" time="0.019" />
  <testcase classname="ptolemy.util.test.junit.AutoKnownFailedTests" name="[1] /home/travis/build/icyphy/ptII/ptolemy/actor/lib/test/auto/knownFailedTests/PublisherSubscriberPortToplevel.xml (RunModel)" time="0.022" />
  <testcase classname="ptolemy.util.test.junit.AutoKnownFailedTests" name="[2] /home/travis/build/icyphy/ptII/ptolemy/actor/lib/test/auto/knownFailedTests/PublisherSubscriptionAggregatorPort.xml (RunModel)" time="0.025" />
  <testcase classname="ptolemy.util.test.junit.AutoKnownFailedTests" name="[3] /home/travis/build/icyphy/ptII/ptolemy/actor/lib/test/auto/knownFailedTests/sizedarray3.xml (RunModel)" time="0.024" />
  <testcase classname="ptolemy.util.test.junit.AutoNameArchTests" name="[0] ThereAreNoAutoArchTests (RunModel)" time="0.001" />
  <testcase classname="ptolemy.util.test.junit.AutoTests" name="[0] /home/travis/build/icyphy/ptII/ptolemy/actor/lib/test/auto/AbsoluteValue.xml (RunModel)" time="0.076" />
  <testcase classname="ptolemy.util.test.junit.AutoTests" name="[1] /home/travis/build/icyphy/ptII/ptolemy/actor/lib/test/auto/AbsoluteValue2.xml (RunModel)" time="0.066" />
  <testcase classname="ptolemy.util.test.junit.AutoTests" name="[2] /home/travis/build/icyphy/ptII/ptolemy/actor/lib/test/auto/Accumulator.xml (RunModel)" time="0.065" />
  <testcase classname="ptolemy.util.test.junit.AutoTests" name="[3] /home/travis/build/icyphy/ptII/ptolemy/actor/lib/test/auto/Accumulator2.xml (RunModel)" time="0.054" />
  <testcase classname="ptolemy.util.test.junit.AutoTests" name="[4] /home/travis/build/icyphy/ptII/ptolemy/actor/lib/test/auto/Accumulator3.xml (RunModel)" time="0.032" />
  <testcase classname="ptolemy.util.test.junit.AutoTests" name="[5] /home/travis/build/icyphy/ptII/ptolemy/actor/lib/test/auto/ArrayAppend.xml (RunModel)" time="0.029" />
  <testcase classname="ptolemy.util.test.junit.AutoTests" name="[6] /home/travis/build/icyphy/ptII/ptolemy/actor/lib/test/auto/ArrayAppend2.xml (RunModel)" time="0.43" />
  <testcase classname="ptolemy.util.test.junit.AutoTests" name="[7] /home/travis/build/icyphy/ptII/ptolemy/actor/lib/test/auto/ArrayAppend3.xml (RunModel)" time="0.031" />
  <testcase classname="ptolemy.util.test.junit.AutoTests" name="[8] /home/travis/build/icyphy/ptII/ptolemy/actor/lib/test/auto/ArrayAppend4.xml (RunModel)" time="0.017" />
  <testcase classname="ptolemy.util.test.junit.AutoTests" name="[9] /home/travis/build/icyphy/ptII/ptolemy/actor/lib/test/auto/ArrayAppend5.xml (RunModel)" time="0.021" />
  <testcase classname="ptolemy.util.test.junit.AutoTests" name="[10] /home/travis/build/icyphy/ptII/ptolemy/actor/lib/test/auto/ArrayAppend6.xml (RunModel)" time="0.025" />
  <testcase classname="ptolemy.util.test.junit.AutoTests" name="[11] /home/travis/build/icyphy/ptII/ptolemy/actor/lib/test/auto/ArrayAppendPerformanceTest.xml (RunModel)" time="0.058" />
  <testcase classname="ptolemy.util.test.junit.AutoTests" name="[12] /home/travis/build/icyphy/ptII/ptolemy/actor/lib/test/auto/ArrayAppendWithEmptyInput.xml (RunModel)" time="0.062" />
  <testcase classname="ptolemy.util.test.junit.AutoTests" name="[13] /home/travis/build/icyphy/ptII/ptolemy/actor/lib/test/auto/ArrayAverage.xml (RunModel)" time="0.041" />
  <testcase classname="ptolemy.util.test.junit.AutoTests" name="[14] /home/travis/build/icyphy/ptII/ptolemy/actor/lib/test/auto/ArrayContains.xml (RunModel)" time="0.028" />
  <testcase classname="ptolemy.util.test.junit.AutoTests" name="[15] /home/travis/build/icyphy/ptII/ptolemy/actor/lib/test/auto/ArrayElement.xml (RunModel)" time="0.034" />
  <testcase classname="ptolemy.util.test.junit.AutoTests" name="[16] /home/travis/build/icyphy/ptII/ptolemy/actor/lib/test/auto/ArrayElementAsMatrix.xml (RunModel)" time="0.054" />
  <testcase classname="ptolemy.util.test.junit.AutoTests" name="[17] /home/travis/build/icyphy/ptII/ptolemy/actor/lib/test/auto/ArrayElementI.xml (RunModel)" time="0.025" />
  <testcase classname="ptolemy.util.test.junit.AutoTests" name="[18] /home/travis/build/icyphy/ptII/ptolemy/actor/lib/test/auto/ArrayExtract.xml (RunModel)" time="0.046" />
  <testcase classname="ptolemy.util.test.junit.AutoTests" name="[19] /home/travis/build/icyphy/ptII/ptolemy/actor/lib/test/auto/ArrayExtract2.xml (RunModel)" time="0.067" />
  <testcase classname="ptolemy.util.test.junit.AutoTests" name="[20] /home/travis/build/icyphy/ptII/ptolemy/actor/lib/test/auto/ArrayLength.xml (RunModel)" time="0.033" />
  <testcase classname="ptolemy.util.test.junit.AutoTests" name="[21] /home/travis/build/icyphy/ptII/ptolemy/actor/lib/test/auto/ArrayLevelCrossing.xml (RunModel)" time="0.04" />
  <testcase classname="ptolemy.util.test.junit.AutoTests" name="[22] /home/travis/build/icyphy/ptII/ptolemy/actor/lib/test/auto/ArrayLevelCrossing2.xml (RunModel)" time="0.024" />
  <testcase classname="ptolemy.util.test.junit.AutoTests" name="[23] /home/travis/build/icyphy/ptII/ptolemy/actor/lib/test/auto/ArrayPeakSearch.xml (RunModel)" time="0.035" />
  <testcase classname="ptolemy.util.test.junit.AutoTests" name="[24] /home/travis/build/icyphy/ptII/ptolemy/actor/lib/test/auto/ArrayPeakSearch2.xml (RunModel)" time="0.032" />
  <testcase classname="ptolemy.util.test.junit.AutoTests" name="[25] /home/travis/build/icyphy/ptII/ptolemy/actor/lib/test/auto/ArrayPeakSearch3.xml (RunModel)" time="0.026" />
  <testcase classname="ptolemy.util.test.junit.AutoTests" name="[26] /home/travis/build/icyphy/ptII/ptolemy/actor/lib/test/auto/ArrayRemoveElement.xml (RunModel)" time="0.025" />
  <testcase classname="ptolemy.util.test.junit.AutoTests" name="[27] /home/travis/build/icyphy/ptII/ptolemy/actor/lib/test/auto/ArraySort.xml (RunModel)" time="0.03" />
  <testcase classname="ptolemy.util.test.junit.AutoTests" name="[28] /home/travis/build/icyphy/ptII/ptolemy/actor/lib/test/auto/ArraySum.xml (RunModel)" time="0.016" />
  <testcase classname="ptolemy.util.test.junit.AutoTests" name="[29] /home/travis/build/icyphy/ptII/ptolemy/actor/lib/test/auto/ArrayToElements.xml (RunModel)" time="0.018" />
  <testcase classname="ptolemy.util.test.junit.AutoTests" name="[30] /home/travis/build/icyphy/ptII/ptolemy/actor/lib/test/auto/ArrayToMatrix.xml (RunModel)" time="0.051" />
  <testcase classname="ptolemy.util.test.junit.AutoTests" name="[31] /home/travis/build/icyphy/ptII/ptolemy/actor/lib/test/auto/ArrayUpdate1.xml (RunModel)" time="0.016" />
  <testcase classname="ptolemy.util.test.junit.AutoTests" name="[32] /home/travis/build/icyphy/ptII/ptolemy/actor/lib/test/auto/ArrayUpdate2.xml (RunModel)" time="0.029" />
  <testcase classname="ptolemy.util.test.junit.AutoTests" name="[33] /home/travis/build/icyphy/ptII/ptolemy/actor/lib/test/auto/ArrayUpdate3.xml (RunModel)" time="0.015" />
  <testcase classname="ptolemy.util.test.junit.AutoTests" name="[34] /home/travis/build/icyphy/ptII/ptolemy/actor/lib/test/auto/Assert1.xml (RunModel)" time="0.028" />
  <testcase classname="ptolemy.util.test.junit.AutoTests" name="[35] /home/travis/build/icyphy/ptII/ptolemy/actor/lib/test/auto/Assert2.xml (RunModel)" time="0.015" />
  <testcase classname="ptolemy.util.test.junit.AutoTests" name="[36] /home/travis/build/icyphy/ptII/ptolemy/actor/lib/test/auto/BooleanMultiplexor.xml (RunModel)" time="0.016" />
  <testcase classname="ptolemy.util.test.junit.AutoTests" name="[37] /home/travis/build/icyphy/ptII/ptolemy/actor/lib/test/auto/BooleanMultiplexor2.xml (RunModel)" time="0.029" />
  <testcase classname="ptolemy.util.test.junit.AutoTests" name="[38] /home/travis/build/icyphy/ptII/ptolemy/actor/lib/test/auto/BooleanMultiplexor3.xml (RunModel)" time="0.034" />
  <testcase classname="ptolemy.util.test.junit.AutoTests" name="[39] /home/travis/build/icyphy/ptII/ptolemy/actor/lib/test/auto/BooleanSelect.xml (RunModel)" time="0.034" />
  <testcase classname="ptolemy.util.test.junit.AutoTests" name="[40] /home/travis/build/icyphy/ptII/ptolemy/actor/lib/test/auto/BooleanSelect2.xml (RunModel)" time="0.015" />
  <testcase classname="ptolemy.util.test.junit.AutoTests" name="[41] /home/travis/build/icyphy/ptII/ptolemy/actor/lib/test/auto/BooleanSwitch.xml (RunModel)" time="0.018" />
  <testcase classname="ptolemy.util.test.junit.AutoTests" name="[42] /home/travis/build/icyphy/ptII/ptolemy/actor/lib/test/auto/BooleanSwitch2.xml (RunModel)" time="0.012" />
  <testcase classname="ptolemy.util.test.junit.AutoTests" name="[43] /home/travis/build/icyphy/ptII/ptolemy/actor/lib/test/auto/BooleanSwitchCloningBugWithClassRelationGroup.xml (RunModel)" time="0.032" />
  <testcase classname="ptolemy.util.test.junit.AutoTests" name="[44] /home/travis/build/icyphy/ptII/ptolemy/actor/lib/test/auto/BusActors.xml (RunModel)" time="0.026" />
  <testcase classname="ptolemy.util.test.junit.AutoTests" name="[45] /home/travis/build/icyphy/ptII/ptolemy/actor/lib/test/auto/ClassWrapper.xml (RunModel)" time="0.01" />
  <testcase classname="ptolemy.util.test.junit.AutoTests" name="[46] /home/travis/build/icyphy/ptII/ptolemy/actor/lib/test/auto/Clock.xml (RunModel)" time="0.011" />
  <testcase classname="ptolemy.util.test.junit.AutoTests" name="[47] /home/travis/build/icyphy/ptII/ptolemy/actor/lib/test/auto/Clock10.xml (RunModel)" time="0.023" />
  <testcase classname="ptolemy.util.test.junit.AutoTests" name="[48] /home/travis/build/icyphy/ptII/ptolemy/actor/lib/test/auto/Clock11.xml (RunModel)" time="0.02" />
  <testcase classname="ptolemy.util.test.junit.AutoTests" name="[49] /home/travis/build/icyphy/ptII/ptolemy/actor/lib/test/auto/Clock12.xml (RunModel)" time="0.019" />
  <testcase classname="ptolemy.util.test.junit.AutoTests" name="[50] /home/travis/build/icyphy/ptII/ptolemy/actor/lib/test/auto/Clock13.xml (RunModel)" time="0.026" />
  <testcase classname="ptolemy.util.test.junit.AutoTests" name="[51] /home/travis/build/icyphy/ptII/ptolemy/actor/lib/test/auto/Clock14.xml (RunModel)" time="0.025" />
  <testcase classname="ptolemy.util.test.junit.AutoTests" name="[52] /home/travis/build/icyphy/ptII/ptolemy/actor/lib/test/auto/Clock15.xml (RunModel)" time="0.016" />
  <testcase classname="ptolemy.util.test.junit.AutoTests" name="[53] /home/travis/build/icyphy/ptII/ptolemy/actor/lib/test/auto/Clock16.xml (RunModel)" time="0.094" />
  <testcase classname="ptolemy.util.test.junit.AutoTests" name="[54] /home/travis/build/icyphy/ptII/ptolemy/actor/lib/test/auto/Clock17.xml (RunModel)" time="0.042" />
  <testcase classname="ptolemy.util.test.junit.AutoTests" name="[55] /home/travis/build/icyphy/ptII/ptolemy/actor/lib/test/auto/Clock18.xml (RunModel)" time="0.052" />
  <testcase classname="ptolemy.util.test.junit.AutoTests" name="[56] /home/travis/build/icyphy/ptII/ptolemy/actor/lib/test/auto/Clock19.xml (RunModel)" time="0.038" />
  <testcase classname="ptolemy.util.test.junit.AutoTests" name="[57] /home/travis/build/icyphy/ptII/ptolemy/actor/lib/test/auto/Clock2.xml (RunModel)" time="0.012" />
  <testcase classname="ptolemy.util.test.junit.AutoTests" name="[58] /home/travis/build/icyphy/ptII/ptolemy/actor/lib/test/auto/Clock20.xml (RunModel)" time="0.017" />
  <testcase classname="ptolemy.util.test.junit.AutoTests" name="[59] /home/travis/build/icyphy/ptII/ptolemy/actor/lib/test/auto/Clock21.xml (RunModel)" time="0.04" />
  <testcase classname="ptolemy.util.test.junit.AutoTests" name="[60] /home/travis/build/icyphy/ptII/ptolemy/actor/lib/test/auto/Clock22.xml (RunModel)" time="0.015" />
  <testcase classname="ptolemy.util.test.junit.AutoTests" name="[61] /home/travis/build/icyphy/ptII/ptolemy/actor/lib/test/auto/Clock23.xml (RunModel)" time="0.012" />
  <testcase classname="ptolemy.util.test.junit.AutoTests" name="[62] /home/travis/build/icyphy/ptII/ptolemy/actor/lib/test/auto/Clock24.xml (RunModel)" time="0.019" />
  <testcase classname="ptolemy.util.test.junit.AutoTests" name="[63] /home/travis/build/icyphy/ptII/ptolemy/actor/lib/test/auto/Clock4.xml (RunModel)" time="0.009" />
  <testcase classname="ptolemy.util.test.junit.AutoTests" name="[64] /home/travis/build/icyphy/ptII/ptolemy/actor/lib/test/auto/Clock5.xml (RunModel)" time="0.009" />
  <testcase classname="ptolemy.util.test.junit.AutoTests" name="[65] /home/travis/build/icyphy/ptII/ptolemy/actor/lib/test/auto/Clock6.xml (RunModel)" time="0.009" />
  <testcase classname="ptolemy.util.test.junit.AutoTests" name="[66] /home/travis/build/icyphy/ptII/ptolemy/actor/lib/test/auto/Clock7.xml (RunModel)" time="0.01" />
  <testcase classname="ptolemy.util.test.junit.AutoTests" name="[67] /home/travis/build/icyphy/ptII/ptolemy/actor/lib/test/auto/Clock8.xml (RunModel)" time="0.011" />
  <testcase classname="ptolemy.util.test.junit.AutoTests" name="[68] /home/travis/build/icyphy/ptII/ptolemy/actor/lib/test/auto/Clock9.xml (RunModel)" time="0.011" />
  <testcase classname="ptolemy.util.test.junit.AutoTests" name="[69] /home/travis/build/icyphy/ptII/ptolemy/actor/lib/test/auto/CommDistDiscard.xml (RunModel)" time="0.021" />
  <testcase classname="ptolemy.util.test.junit.AutoTests" name="[70] /home/travis/build/icyphy/ptII/ptolemy/actor/lib/test/auto/Commutator.xml (RunModel)" time="0.013" />
  <testcase classname="ptolemy.util.test.junit.AutoTests" name="[71] /home/travis/build/icyphy/ptII/ptolemy/actor/lib/test/auto/Commutator2.xml (RunModel)" time="0.01" />
  <testcase classname="ptolemy.util.test.junit.AutoTests" name="[72] /home/travis/build/icyphy/ptII/ptolemy/actor/lib/test/auto/Commutator3.xml (RunModel)" time="0.011" />
  <testcase classname="ptolemy.util.test.junit.AutoTests" name="[73] /home/travis/build/icyphy/ptII/ptolemy/actor/lib/test/auto/Compare.xml (RunModel)" time="0.018" />
  <testcase classname="ptolemy.util.test.junit.AutoTests" name="[74] /home/travis/build/icyphy/ptII/ptolemy/actor/lib/test/auto/CompareDE.xml (RunModel)" time="0.016" />
  <testcase classname="ptolemy.util.test.junit.AutoTests" name="[75] /home/travis/build/icyphy/ptII/ptolemy/actor/lib/test/auto/ComplexDivide.xml (RunModel)" time="0.008" />
  <testcase classname="ptolemy.util.test.junit.AutoTests" name="[76] /home/travis/build/icyphy/ptII/ptolemy/actor/lib/test/auto/ComputeHistogram.xml (RunModel)" time="0.067" />
  <testcase classname="ptolemy.util.test.junit.AutoTests" name="[77] /home/travis/build/icyphy/ptII/ptolemy/actor/lib/test/auto/ConfigurationSelect.xml (RunModel)" time="0.015" />
  <testcase classname="ptolemy.util.test.junit.AutoTests" name="[78] /home/travis/build/icyphy/ptII/ptolemy/actor/lib/test/auto/ConfigurationSelect2.xml (RunModel)" time="0.013" />
  <testcase classname="ptolemy.util.test.junit.AutoTests" name="[79] /home/travis/build/icyphy/ptII/ptolemy/actor/lib/test/auto/ConfigurationSwitch.xml (RunModel)" time="0.022" />
  <testcase classname="ptolemy.util.test.junit.AutoTests" name="[80] /home/travis/build/icyphy/ptII/ptolemy/actor/lib/test/auto/ConfigurationSwitch2.xml (RunModel)" time="0.021" />
  <testcase classname="ptolemy.util.test.junit.AutoTests" name="[81] /home/travis/build/icyphy/ptII/ptolemy/actor/lib/test/auto/ConfigurationSwitchCloningBugWithClassRelationGroup.xml (RunModel)" time="0.02" />
  <testcase classname="ptolemy.util.test.junit.AutoTests" name="[82] /home/travis/build/icyphy/ptII/ptolemy/actor/lib/test/auto/ConfigurationSwitchSelectSDF.xml (RunModel)" time="0.016" />
  <testcase classname="ptolemy.util.test.junit.AutoTests" name="[83] /home/travis/build/icyphy/ptII/ptolemy/actor/lib/test/auto/ConfigurationSwitchSelectSDF2.xml (RunModel)" time="0.012" />
  <testcase classname="ptolemy.util.test.junit.AutoTests" name="[84] /home/travis/build/icyphy/ptII/ptolemy/actor/lib/test/auto/Const.xml (RunModel)" time="0.005" />
  <testcase classname="ptolemy.util.test.junit.AutoTests" name="[85] /home/travis/build/icyphy/ptII/ptolemy/actor/lib/test/auto/Const2.xml (RunModel)" time="0.008" />
  <testcase classname="ptolemy.util.test.junit.AutoTests" name="[86] /home/travis/build/icyphy/ptII/ptolemy/actor/lib/test/auto/Const3.xml (RunModel)" time="0.006" />
  <testcase classname="ptolemy.util.test.junit.AutoTests" name="[87] /home/travis/build/icyphy/ptII/ptolemy/actor/lib/test/auto/ConstantPublisherPort1.xml (RunModel)" time="0.018" />
  <testcase classname="ptolemy.util.test.junit.AutoTests" name="[88] /home/travis/build/icyphy/ptII/ptolemy/actor/lib/test/auto/ConstantPublisherPort2.xml (RunModel)" time="0.017" />
  <testcase classname="ptolemy.util.test.junit.AutoTests" name="[89] /home/travis/build/icyphy/ptII/ptolemy/actor/lib/test/auto/ConstantPublisherPort3.xml (RunModel)" time="0.016" />
  <testcase classname="ptolemy.util.test.junit.AutoTests" name="[90] /home/travis/build/icyphy/ptII/ptolemy/actor/lib/test/auto/ConstantPublisherPort4.xml (RunModel)" time="0.014" />
  <testcase classname="ptolemy.util.test.junit.AutoTests" name="[91] /home/travis/build/icyphy/ptII/ptolemy/actor/lib/test/auto/ConstantPublisherPort5.xml (RunModel)" time="0.033" />
  <testcase classname="ptolemy.util.test.junit.AutoTests" name="[92] /home/travis/build/icyphy/ptII/ptolemy/actor/lib/test/auto/ConstantPublisherPort6.xml (RunModel)" time="0.03" />
  <testcase classname="ptolemy.util.test.junit.AutoTests" name="[93] /home/travis/build/icyphy/ptII/ptolemy/actor/lib/test/auto/ConstantPublisherPort7.xml (RunModel)" time="0.024" />
  <testcase classname="ptolemy.util.test.junit.AutoTests" name="[94] /home/travis/build/icyphy/ptII/ptolemy/actor/lib/test/auto/ConstraintMonitor1.xml (RunModel)" time="0.038" />
  <testcase classname="ptolemy.util.test.junit.AutoTests" name="[95] /home/travis/build/icyphy/ptII/ptolemy/actor/lib/test/auto/ConstraintMonitor2.xml (RunModel)" time="0.018" />
  <testcase classname="ptolemy.util.test.junit.AutoTests" name="[96] /home/travis/build/icyphy/ptII/ptolemy/actor/lib/test/auto/ConstraintMonitor3.xml (RunModel)" time="0.019" />
  <testcase classname="ptolemy.util.test.junit.AutoTests" name="[97] /home/travis/build/icyphy/ptII/ptolemy/actor/lib/test/auto/ConstraintMonitor4.xml (RunModel)" time="0.012" />
  <testcase classname="ptolemy.util.test.junit.AutoTests" name="[98] /home/travis/build/icyphy/ptII/ptolemy/actor/lib/test/auto/ConstraintMonitor5.xml (RunModel)" time="0.017" />
  <testcase classname="ptolemy.util.test.junit.AutoTests" name="[99] /home/travis/build/icyphy/ptII/ptolemy/actor/lib/test/auto/ConstraintMonitor6.xml (RunModel)" time="0.021" />
  <testcase classname="ptolemy.util.test.junit.AutoTests" name="[100] /home/travis/build/icyphy/ptII/ptolemy/actor/lib/test/auto/ConstraintMonitor7.xml (RunModel)" time="0.02" />
  <testcase classname="ptolemy.util.test.junit.AutoTests" name="[101] /home/travis/build/icyphy/ptII/ptolemy/actor/lib/test/auto/ConstraintMonitor8.xml (RunModel)" time="0.016" />
  <testcase classname="ptolemy.util.test.junit.AutoTests" name="[102] /home/travis/build/icyphy/ptII/ptolemy/actor/lib/test/auto/Counter.xml (RunModel)" time="0.015" />
  <testcase classname="ptolemy.util.test.junit.AutoTests" name="[103] /home/travis/build/icyphy/ptII/ptolemy/actor/lib/test/auto/CurrentTimeSDF.xml (RunModel)" time="0.009" />
  <testcase classname="ptolemy.util.test.junit.AutoTests" name="[104] /home/travis/build/icyphy/ptII/ptolemy/actor/lib/test/auto/DB.xml (RunModel)" time="0.015" />
  <testcase classname="ptolemy.util.test.junit.AutoTests" name="[105] /home/travis/build/icyphy/ptII/ptolemy/actor/lib/test/auto/DBDE.xml (RunModel)" time="0.011" />
  <testcase classname="ptolemy.util.test.junit.AutoTests" name="[106] /home/travis/build/icyphy/ptII/ptolemy/actor/lib/test/auto/DateConstructor.xml (RunModel)" time="0.06" />
  <testcase classname="ptolemy.util.test.junit.AutoTests" name="[107] /home/travis/build/icyphy/ptII/ptolemy/actor/lib/test/auto/DelayTime.xml (RunModel)" time="0.016" />
  <testcase classname="ptolemy.util.test.junit.AutoTests" name="[108] /home/travis/build/icyphy/ptII/ptolemy/actor/lib/test/auto/Dictionary1.xml (RunModel)" time="0.017" />
  <testcase classname="ptolemy.util.test.junit.AutoTests" name="[109] /home/travis/build/icyphy/ptII/ptolemy/actor/lib/test/auto/Dictionary2.xml (RunModel)" time="0.018" />
  <testcase classname="ptolemy.util.test.junit.AutoTests" name="[110] /home/travis/build/icyphy/ptII/ptolemy/actor/lib/test/auto/Dictionary3.xml (RunModel)" time="0.018" />
  <testcase classname="ptolemy.util.test.junit.AutoTests" name="[111] /home/travis/build/icyphy/ptII/ptolemy/actor/lib/test/auto/Dictionary4.xml (RunModel)" time="0.019" />
  <testcase classname="ptolemy.util.test.junit.AutoTests" name="[112] /home/travis/build/icyphy/ptII/ptolemy/actor/lib/test/auto/Differential.xml (RunModel)" time="0.014" />
  <testcase classname="ptolemy.util.test.junit.AutoTests" name="[113] /home/travis/build/icyphy/ptII/ptolemy/actor/lib/test/auto/Director.xml (RunModel)" time="0.009" />
  <testcase classname="ptolemy.util.test.junit.AutoTests" name="[114] /home/travis/build/icyphy/ptII/ptolemy/actor/lib/test/auto/DiscreteClock.xml (RunModel)" time="0.008" />
  <testcase classname="ptolemy.util.test.junit.AutoTests" name="[115] /home/travis/build/icyphy/ptII/ptolemy/actor/lib/test/auto/DiscreteClock10.xml (RunModel)" time="0.011" />
  <testcase classname="ptolemy.util.test.junit.AutoTests" name="[116] /home/travis/build/icyphy/ptII/ptolemy/actor/lib/test/auto/DiscreteClock11.xml (RunModel)" time="0.012" />
  <testcase classname="ptolemy.util.test.junit.AutoTests" name="[117] /home/travis/build/icyphy/ptII/ptolemy/actor/lib/test/auto/DiscreteClock12.xml (RunModel)" time="0.013" />
  <testcase classname="ptolemy.util.test.junit.AutoTests" name="[118] /home/travis/build/icyphy/ptII/ptolemy/actor/lib/test/auto/DiscreteClock13.xml (RunModel)" time="0.016" />
  <testcase classname="ptolemy.util.test.junit.AutoTests" name="[119] /home/travis/build/icyphy/ptII/ptolemy/actor/lib/test/auto/DiscreteClock14.xml (RunModel)" time="0.016" />
  <testcase classname="ptolemy.util.test.junit.AutoTests" name="[120] /home/travis/build/icyphy/ptII/ptolemy/actor/lib/test/auto/DiscreteClock15.xml (RunModel)" time="0.011" />
  <testcase classname="ptolemy.util.test.junit.AutoTests" name="[121] /home/travis/build/icyphy/ptII/ptolemy/actor/lib/test/auto/DiscreteClock16.xml (RunModel)" time="0.493" />
  <testcase classname="ptolemy.util.test.junit.AutoTests" name="[122] /home/travis/build/icyphy/ptII/ptolemy/actor/lib/test/auto/DiscreteClock17.xml (RunModel)" time="0.045" />
  <testcase classname="ptolemy.util.test.junit.AutoTests" name="[123] /home/travis/build/icyphy/ptII/ptolemy/actor/lib/test/auto/DiscreteClock18.xml (RunModel)" time="0.03" />
  <testcase classname="ptolemy.util.test.junit.AutoTests" name="[124] /home/travis/build/icyphy/ptII/ptolemy/actor/lib/test/auto/DiscreteClock19.xml (RunModel)" time="0.042" />
  <testcase classname="ptolemy.util.test.junit.AutoTests" name="[125] /home/travis/build/icyphy/ptII/ptolemy/actor/lib/test/auto/DiscreteClock2.xml (RunModel)" time="0.012" />
  <testcase classname="ptolemy.util.test.junit.AutoTests" name="[126] /home/travis/build/icyphy/ptII/ptolemy/actor/lib/test/auto/DiscreteClock20.xml (RunModel)" time="0.016" />
  <testcase classname="ptolemy.util.test.junit.AutoTests" name="[127] /home/travis/build/icyphy/ptII/ptolemy/actor/lib/test/auto/DiscreteClock21.xml (RunModel)" time="0.014" />
  <testcase classname="ptolemy.util.test.junit.AutoTests" name="[128] /home/travis/build/icyphy/ptII/ptolemy/actor/lib/test/auto/DiscreteClock22.xml (RunModel)" time="0.014" />
  <testcase classname="ptolemy.util.test.junit.AutoTests" name="[129] /home/travis/build/icyphy/ptII/ptolemy/actor/lib/test/auto/DiscreteClock23.xml (RunModel)" time="0.016" />
  <testcase classname="ptolemy.util.test.junit.AutoTests" name="[130] /home/travis/build/icyphy/ptII/ptolemy/actor/lib/test/auto/DiscreteClock24.xml (RunModel)" time="0.013" />
  <testcase classname="ptolemy.util.test.junit.AutoTests" name="[131] /home/travis/build/icyphy/ptII/ptolemy/actor/lib/test/auto/DiscreteClock4.xml (RunModel)" time="0.012" />
  <testcase classname="ptolemy.util.test.junit.AutoTests" name="[132] /home/travis/build/icyphy/ptII/ptolemy/actor/lib/test/auto/DiscreteClock5.xml (RunModel)" time="0.009" />
  <testcase classname="ptolemy.util.test.junit.AutoTests" name="[133] /home/travis/build/icyphy/ptII/ptolemy/actor/lib/test/auto/DiscreteClock6.xml (RunModel)" time="0.007" />
  <testcase classname="ptolemy.util.test.junit.AutoTests" name="[134] /home/travis/build/icyphy/ptII/ptolemy/actor/lib/test/auto/DiscreteClock7.xml (RunModel)" time="0.009" />
  <testcase classname="ptolemy.util.test.junit.AutoTests" name="[135] /home/travis/build/icyphy/ptII/ptolemy/actor/lib/test/auto/DiscreteClock8.xml (RunModel)" time="0.014" />
  <testcase classname="ptolemy.util.test.junit.AutoTests" name="[136] /home/travis/build/icyphy/ptII/ptolemy/actor/lib/test/auto/DiscreteClock9.xml (RunModel)" time="0.014" />
  <testcase classname="ptolemy.util.test.junit.AutoTests" name="[137] /home/travis/build/icyphy/ptII/ptolemy/actor/lib/test/auto/DisplayArray.xml (RunModel)" time="0.008" />
  <testcase classname="ptolemy.util.test.junit.AutoTests" name="[138] /home/travis/build/icyphy/ptII/ptolemy/actor/lib/test/auto/Distributor.xml (RunModel)" time="0.009" />
  <testcase classname="ptolemy.util.test.junit.AutoTests" name="[139] /home/travis/build/icyphy/ptII/ptolemy/actor/lib/test/auto/Distributor2.xml (RunModel)" time="0.01" />
  <testcase classname="ptolemy.util.test.junit.AutoTests" name="[140] /home/travis/build/icyphy/ptII/ptolemy/actor/lib/test/auto/DownSample.xml (RunModel)" time="0.009" />
  <testcase classname="ptolemy.util.test.junit.AutoTests" name="[141] /home/travis/build/icyphy/ptII/ptolemy/actor/lib/test/auto/ElectronicUnitBase1.xml (RunModel)" time="0.062" />
  <testcase classname="ptolemy.util.test.junit.AutoTests" name="[142] /home/travis/build/icyphy/ptII/ptolemy/actor/lib/test/auto/ElementsToArray.xml (RunModel)" time="0.01" />
  <testcase classname="ptolemy.util.test.junit.AutoTests" name="[143] /home/travis/build/icyphy/ptII/ptolemy/actor/lib/test/auto/Equals.xml (RunModel)" time="0.01" />
  <testcase classname="ptolemy.util.test.junit.AutoTests" name="[144] /home/travis/build/icyphy/ptII/ptolemy/actor/lib/test/auto/Exec.xml (RunModel)" time="0.023" />
  <testcase classname="ptolemy.util.test.junit.AutoTests" name="[145] /home/travis/build/icyphy/ptII/ptolemy/actor/lib/test/auto/ExecEnvironment.xml (RunModel)" time="0.043" />
  <testcase classname="ptolemy.util.test.junit.AutoTests" name="[146] /home/travis/build/icyphy/ptII/ptolemy/actor/lib/test/auto/ExecNonZeroReturnOutput.xml (RunModel)" time="0.14" />
  <testcase classname="ptolemy.util.test.junit.AutoTests" name="[147] /home/travis/build/icyphy/ptII/ptolemy/actor/lib/test/auto/ExecRunDemos.xml (RunModel)" time="9.371" />
  <testcase classname="ptolemy.util.test.junit.AutoTests" name="[148] /home/travis/build/icyphy/ptII/ptolemy/actor/lib/test/auto/ExecStop.xml (RunModel)" time="5.021" />
  <testcase classname="ptolemy.util.test.junit.AutoTests" name="[149] /home/travis/build/icyphy/ptII/ptolemy/actor/lib/test/auto/ExecutionTimeSDF.xml (RunModel)" time="6.029" />
  <testcase classname="ptolemy.util.test.junit.AutoTests" name="[150] /home/travis/build/icyphy/ptII/ptolemy/actor/lib/test/auto/Expression1.xml (RunModel)" time="0.014" />
  <testcase classname="ptolemy.util.test.junit.AutoTests" name="[151] /home/travis/build/icyphy/ptII/ptolemy/actor/lib/test/auto/Expression10.xml (RunModel)" time="0.014" />
  <testcase classname="ptolemy.util.test.junit.AutoTests" name="[152] /home/travis/build/icyphy/ptII/ptolemy/actor/lib/test/auto/Expression11.xml (RunModel)" time="0.012" />
  <testcase classname="ptolemy.util.test.junit.AutoTests" name="[153] /home/travis/build/icyphy/ptII/ptolemy/actor/lib/test/auto/Expression12.xml (RunModel)" time="0.012" />
  <testcase classname="ptolemy.util.test.junit.AutoTests" name="[154] /home/travis/build/icyphy/ptII/ptolemy/actor/lib/test/auto/Expression13.xml (RunModel)" time="0.011" />
  <testcase classname="ptolemy.util.test.junit.AutoTests" name="[155] /home/travis/build/icyphy/ptII/ptolemy/actor/lib/test/auto/Expression14.xml (RunModel)" time="0.015" />
  <testcase classname="ptolemy.util.test.junit.AutoTests" name="[156] /home/travis/build/icyphy/ptII/ptolemy/actor/lib/test/auto/Expression15.xml (RunModel)" time="0.008" />
  <testcase classname="ptolemy.util.test.junit.AutoTests" name="[157] /home/travis/build/icyphy/ptII/ptolemy/actor/lib/test/auto/Expression16.xml (RunModel)" time="0.01" />
  <testcase classname="ptolemy.util.test.junit.AutoTests" name="[158] /home/travis/build/icyphy/ptII/ptolemy/actor/lib/test/auto/Expression17.xml (RunModel)" time="0.01" />
  <testcase classname="ptolemy.util.test.junit.AutoTests" name="[159] /home/travis/build/icyphy/ptII/ptolemy/actor/lib/test/auto/Expression18.xml (RunModel)" time="0.016" />
  <testcase classname="ptolemy.util.test.junit.AutoTests" name="[160] /home/travis/build/icyphy/ptII/ptolemy/actor/lib/test/auto/Expression2.xml (RunModel)" time="0.027" />
  <testcase classname="ptolemy.util.test.junit.AutoTests" name="[161] /home/travis/build/icyphy/ptII/ptolemy/actor/lib/test/auto/Expression3.xml (RunModel)" time="0.009" />
  <testcase classname="ptolemy.util.test.junit.AutoTests" name="[162] /home/travis/build/icyphy/ptII/ptolemy/actor/lib/test/auto/Expression4.xml (RunModel)" time="0.016" />
  <testcase classname="ptolemy.util.test.junit.AutoTests" name="[163] /home/travis/build/icyphy/ptII/ptolemy/actor/lib/test/auto/Expression5.xml (RunModel)" time="0.009" />
  <testcase classname="ptolemy.util.test.junit.AutoTests" name="[164] /home/travis/build/icyphy/ptII/ptolemy/actor/lib/test/auto/Expression6.xml (RunModel)" time="0.008" />
  <testcase classname="ptolemy.util.test.junit.AutoTests" name="[165] /home/travis/build/icyphy/ptII/ptolemy/actor/lib/test/auto/Expression7.xml (RunModel)" time="0.009" />
  <testcase classname="ptolemy.util.test.junit.AutoTests" name="[166] /home/travis/build/icyphy/ptII/ptolemy/actor/lib/test/auto/Expression8.xml (RunModel)" time="0.009" />
  <testcase classname="ptolemy.util.test.junit.AutoTests" name="[167] /home/travis/build/icyphy/ptII/ptolemy/actor/lib/test/auto/Expression9.xml (RunModel)" time="0.007" />
  <testcase classname="ptolemy.util.test.junit.AutoTests" name="[168] /home/travis/build/icyphy/ptII/ptolemy/actor/lib/test/auto/ExpressionConcatenateArrayType.xml (RunModel)" time="0.023" />
  <testcase classname="ptolemy.util.test.junit.AutoTests" name="[169] /home/travis/build/icyphy/ptII/ptolemy/actor/lib/test/auto/ExpressionConcatenateArrayType2.xml (RunModel)" time="0.014" />
  <testcase classname="ptolemy.util.test.junit.AutoTests" name="[170] /home/travis/build/icyphy/ptII/ptolemy/actor/lib/test/auto/ExpressionFix.xml (RunModel)" time="0.023" />
  <testcase classname="ptolemy.util.test.junit.AutoTests" name="[171] /home/travis/build/icyphy/ptII/ptolemy/actor/lib/test/auto/ExpressionFix2.xml (RunModel)" time="0.008" />
  <testcase classname="ptolemy.util.test.junit.AutoTests" name="[172] /home/travis/build/icyphy/ptII/ptolemy/actor/lib/test/auto/ExpressionFix3.xml (RunModel)" time="0.009" />
  <testcase classname="ptolemy.util.test.junit.AutoTests" name="[173] /home/travis/build/icyphy/ptII/ptolemy/actor/lib/test/auto/FileWriter1.xml (RunModel)" time="0.008" />
  <testcase classname="ptolemy.util.test.junit.AutoTests" name="[174] /home/travis/build/icyphy/ptII/ptolemy/actor/lib/test/auto/FileWriter2.xml (RunModel)" time="0.009" />
  <testcase classname="ptolemy.util.test.junit.AutoTests" name="[175] /home/travis/build/icyphy/ptII/ptolemy/actor/lib/test/auto/FileWriter3.xml (RunModel)" time="0.01" />
  <testcase classname="ptolemy.util.test.junit.AutoTests" name="[176] /home/travis/build/icyphy/ptII/ptolemy/actor/lib/test/auto/Gaussian.xml (RunModel)" time="0.012" />
  <testcase classname="ptolemy.util.test.junit.AutoTests" name="[177] /home/travis/build/icyphy/ptII/ptolemy/actor/lib/test/auto/Gaussian1.xml (RunModel)" time="0.011" />
  <testcase classname="ptolemy.util.test.junit.AutoTests" name="[178] /home/travis/build/icyphy/ptII/ptolemy/actor/lib/test/auto/Gaussian2.xml (RunModel)" time="0.013" />
  <testcase classname="ptolemy.util.test.junit.AutoTests" name="[179] /home/travis/build/icyphy/ptII/ptolemy/actor/lib/test/auto/GradientAdaptiveLattice.xml (RunModel)" time="0.013" />
  <testcase classname="ptolemy.util.test.junit.AutoTests" name="[180] /home/travis/build/icyphy/ptII/ptolemy/actor/lib/test/auto/IIR.xml (RunModel)" time="0.009" />
  <testcase classname="ptolemy.util.test.junit.AutoTests" name="[181] /home/travis/build/icyphy/ptII/ptolemy/actor/lib/test/auto/InputOutputTransparentPorts.xml (RunModel)" time="0.017" />
  <testcase classname="ptolemy.util.test.junit.AutoTests" name="[182] /home/travis/build/icyphy/ptII/ptolemy/actor/lib/test/auto/Interpolator.xml (RunModel)" time="0.009" />
  <testcase classname="ptolemy.util.test.junit.AutoTests" name="[183] /home/travis/build/icyphy/ptII/ptolemy/actor/lib/test/auto/InterpolatorFiringLimitDE.xml (RunModel)" time="0.012" />
  <testcase classname="ptolemy.util.test.junit.AutoTests" name="[184] /home/travis/build/icyphy/ptII/ptolemy/actor/lib/test/auto/Lattice.xml (RunModel)" time="0.008" />
  <testcase classname="ptolemy.util.test.junit.AutoTests" name="[185] /home/travis/build/icyphy/ptII/ptolemy/actor/lib/test/auto/LazyAOCTestLazy.xml (RunModel)" time="0.018" />
  <testcase classname="ptolemy.util.test.junit.AutoTests" name="[186] /home/travis/build/icyphy/ptII/ptolemy/actor/lib/test/auto/LazyAOCTestNonLazy.xml (RunModel)" time="0.014" />
  <testcase classname="ptolemy.util.test.junit.AutoTests" name="[187] /home/travis/build/icyphy/ptII/ptolemy/actor/lib/test/auto/LazyInnerClass.xml (RunModel)" time="0.016" />
  <testcase classname="ptolemy.util.test.junit.AutoTests" name="[188] /home/travis/build/icyphy/ptII/ptolemy/actor/lib/test/auto/LazyPubSub.xml (RunModel)" time="0.026" />
  <testcase classname="ptolemy.util.test.junit.AutoTests" name="[189] /home/travis/build/icyphy/ptII/ptolemy/actor/lib/test/auto/LazyPubSub2.xml (RunModel)" time="0.062" />
  <testcase classname="ptolemy.util.test.junit.AutoTests" name="[190] /home/travis/build/icyphy/ptII/ptolemy/actor/lib/test/auto/LazyPubSub3.xml (RunModel)" time="0.063" />
  <testcase classname="ptolemy.util.test.junit.AutoTests" name="[191] /home/travis/build/icyphy/ptII/ptolemy/actor/lib/test/auto/LazySubClassModel.xml (RunModel)" time="0.024" />
  <testcase classname="ptolemy.util.test.junit.AutoTests" name="[192] /home/travis/build/icyphy/ptII/ptolemy/actor/lib/test/auto/LevelCrossTest1.xml (RunModel)" time="0.014" />
  <testcase classname="ptolemy.util.test.junit.AutoTests" name="[193] /home/travis/build/icyphy/ptII/ptolemy/actor/lib/test/auto/LevelCrossTest10.xml (RunModel)" time="0.02" />
  <testcase classname="ptolemy.util.test.junit.AutoTests" name="[194] /home/travis/build/icyphy/ptII/ptolemy/actor/lib/test/auto/LevelCrossTest11.xml (RunModel)" time="0.011" />
  <testcase classname="ptolemy.util.test.junit.AutoTests" name="[195] /home/travis/build/icyphy/ptII/ptolemy/actor/lib/test/auto/LevelCrossTest12.xml (RunModel)" time="0.015" />
  <testcase classname="ptolemy.util.test.junit.AutoTests" name="[196] /home/travis/build/icyphy/ptII/ptolemy/actor/lib/test/auto/LevelCrossTest13.xml (RunModel)" time="0.014" />
  <testcase classname="ptolemy.util.test.junit.AutoTests" name="[197] /home/travis/build/icyphy/ptII/ptolemy/actor/lib/test/auto/LevelCrossTest2.xml (RunModel)" time="0.009" />
  <testcase classname="ptolemy.util.test.junit.AutoTests" name="[198] /home/travis/build/icyphy/ptII/ptolemy/actor/lib/test/auto/LevelCrossTest3.xml (RunModel)" time="0.011" />
  <testcase classname="ptolemy.util.test.junit.AutoTests" name="[199] /home/travis/build/icyphy/ptII/ptolemy/actor/lib/test/auto/LevelCrossTest4.xml (RunModel)" time="0.01" />
  <testcase classname="ptolemy.util.test.junit.AutoTests" name="[200] /home/travis/build/icyphy/ptII/ptolemy/actor/lib/test/auto/LevelCrossTest5.xml (RunModel)" time="0.015" />
  <testcase classname="ptolemy.util.test.junit.AutoTests" name="[201] /home/travis/build/icyphy/ptII/ptolemy/actor/lib/test/auto/LevelCrossTest6.xml (RunModel)" time="0.011" />
  <testcase classname="ptolemy.util.test.junit.AutoTests" name="[202] /home/travis/build/icyphy/ptII/ptolemy/actor/lib/test/auto/LevelCrossTest7.xml (RunModel)" time="0.019" />
  <testcase classname="ptolemy.util.test.junit.AutoTests" name="[203] /home/travis/build/icyphy/ptII/ptolemy/actor/lib/test/auto/LevelCrossTest8.xml (RunModel)" time="0.012" />
  <testcase classname="ptolemy.util.test.junit.AutoTests" name="[204] /home/travis/build/icyphy/ptII/ptolemy/actor/lib/test/auto/LevelCrossTest9.xml (RunModel)" time="0.014" />
  <testcase classname="ptolemy.util.test.junit.AutoTests" name="[205] /home/travis/build/icyphy/ptII/ptolemy/actor/lib/test/auto/LevinsonDurbin.xml (RunModel)" time="0.008" />
  <testcase classname="ptolemy.util.test.junit.AutoTests" name="[206] /home/travis/build/icyphy/ptII/ptolemy/actor/lib/test/auto/LevinsonDurbin2.xml (RunModel)" time="0.009" />
  <testcase classname="ptolemy.util.test.junit.AutoTests" name="[207] /home/travis/build/icyphy/ptII/ptolemy/actor/lib/test/auto/LevinsonDurbin3.xml (RunModel)" time="0.008" />
  <testcase classname="ptolemy.util.test.junit.AutoTests" name="[208] /home/travis/build/icyphy/ptII/ptolemy/actor/lib/test/auto/Limiter.xml (RunModel)" time="0.031" />
  <testcase classname="ptolemy.util.test.junit.AutoTests" name="[209] /home/travis/build/icyphy/ptII/ptolemy/actor/lib/test/auto/LinearDifferenceEquationSystem.xml (RunModel)" time="0.022" />
  <testcase classname="ptolemy.util.test.junit.AutoTests" name="[210] /home/travis/build/icyphy/ptII/ptolemy/actor/lib/test/auto/LookupTable.xml (RunModel)" time="0.009" />
  <testcase classname="ptolemy.util.test.junit.AutoTests" name="[211] /home/travis/build/icyphy/ptII/ptolemy/actor/lib/test/auto/MathFunction.xml (RunModel)" time="0.017" />
  <testcase classname="ptolemy.util.test.junit.AutoTests" name="[212] /home/travis/build/icyphy/ptII/ptolemy/actor/lib/test/auto/MathFunction2.xml (RunModel)" time="0.022" />
  <testcase classname="ptolemy.util.test.junit.AutoTests" name="[213] /home/travis/build/icyphy/ptII/ptolemy/actor/lib/test/auto/MathFunction3.xml (RunModel)" time="0.024" />
  <testcase classname="ptolemy.util.test.junit.AutoTests" name="[214] /home/travis/build/icyphy/ptII/ptolemy/actor/lib/test/auto/MatrixCropBoolean.xml (RunModel)" time="0.012" />
  <testcase classname="ptolemy.util.test.junit.AutoTests" name="[215] /home/travis/build/icyphy/ptII/ptolemy/actor/lib/test/auto/MatrixCropComplex.xml (RunModel)" time="0.008" />
  <testcase classname="ptolemy.util.test.junit.AutoTests" name="[216] /home/travis/build/icyphy/ptII/ptolemy/actor/lib/test/auto/MatrixCropDouble.xml (RunModel)" time="0.008" />
  <testcase classname="ptolemy.util.test.junit.AutoTests" name="[217] /home/travis/build/icyphy/ptII/ptolemy/actor/lib/test/auto/MatrixCropFix.xml (RunModel)" time="0.011" />
  <testcase classname="ptolemy.util.test.junit.AutoTests" name="[218] /home/travis/build/icyphy/ptII/ptolemy/actor/lib/test/auto/MatrixCropInt.xml (RunModel)" time="0.009" />
  <testcase classname="ptolemy.util.test.junit.AutoTests" name="[219] /home/travis/build/icyphy/ptII/ptolemy/actor/lib/test/auto/MatrixCropLong.xml (RunModel)" time="0.008" />
  <testcase classname="ptolemy.util.test.junit.AutoTests" name="[220] /home/travis/build/icyphy/ptII/ptolemy/actor/lib/test/auto/MatrixToArray.xml (RunModel)" time="0.055" />
  <testcase classname="ptolemy.util.test.junit.AutoTests" name="[221] /home/travis/build/icyphy/ptII/ptolemy/actor/lib/test/auto/MaxIndex.xml (RunModel)" time="0.012" />
  <testcase classname="ptolemy.util.test.junit.AutoTests" name="[222] /home/travis/build/icyphy/ptII/ptolemy/actor/lib/test/auto/Maximum.xml (RunModel)" time="0.026" />
  <testcase classname="ptolemy.util.test.junit.AutoTests" name="[223] /home/travis/build/icyphy/ptII/ptolemy/actor/lib/test/auto/MaximumComplex.xml (RunModel)" time="0.016" />
  <testcase classname="ptolemy.util.test.junit.AutoTests" name="[224] /home/travis/build/icyphy/ptII/ptolemy/actor/lib/test/auto/MethodCallTest.xml (RunModel)" time="0.021" />
  <testcase classname="ptolemy.util.test.junit.AutoTests" name="[225] /home/travis/build/icyphy/ptII/ptolemy/actor/lib/test/auto/Minimum.xml (RunModel)" time="0.011" />
  <testcase classname="ptolemy.util.test.junit.AutoTests" name="[226] /home/travis/build/icyphy/ptII/ptolemy/actor/lib/test/auto/MinimumComplex.xml (RunModel)" time="0.017" />
  <testcase classname="ptolemy.util.test.junit.AutoTests" name="[227] /home/travis/build/icyphy/ptII/ptolemy/actor/lib/test/auto/MinimumMultiports.xml (RunModel)" time="0.021" />
  <testcase classname="ptolemy.util.test.junit.AutoTests" name="[228] /home/travis/build/icyphy/ptII/ptolemy/actor/lib/test/auto/ModifyDate.xml (RunModel)" time="0.037" />
  <testcase classname="ptolemy.util.test.junit.AutoTests" name="[229] /home/travis/build/icyphy/ptII/ptolemy/actor/lib/test/auto/ModifyDate2.xml (RunModel)" time="0.028" />
  <testcase classname="ptolemy.util.test.junit.AutoTests" name="[230] /home/travis/build/icyphy/ptII/ptolemy/actor/lib/test/auto/MovingAverage.xml (RunModel)" time="0.013" />
  <testcase classname="ptolemy.util.test.junit.AutoTests" name="[231] /home/travis/build/icyphy/ptII/ptolemy/actor/lib/test/auto/MovingMaximum.xml (RunModel)" time="0.011" />
  <testcase classname="ptolemy.util.test.junit.AutoTests" name="[232] /home/travis/build/icyphy/ptII/ptolemy/actor/lib/test/auto/MultipleLinksToSameRelation.xml (RunModel)" time="0.008" />
  <testcase classname="ptolemy.util.test.junit.AutoTests" name="[233] /home/travis/build/icyphy/ptII/ptolemy/actor/lib/test/auto/MultipleLinksToSameRelationDE.xml (RunModel)" time="0.013" />
  <testcase classname="ptolemy.util.test.junit.AutoTests" name="[234] /home/travis/build/icyphy/ptII/ptolemy/actor/lib/test/auto/Multiplexor.xml (RunModel)" time="0.011" />
  <testcase classname="ptolemy.util.test.junit.AutoTests" name="[235] /home/travis/build/icyphy/ptII/ptolemy/actor/lib/test/auto/Multiplexor1.xml (RunModel)" time="0.012" />
  <testcase classname="ptolemy.util.test.junit.AutoTests" name="[236] /home/travis/build/icyphy/ptII/ptolemy/actor/lib/test/auto/Multiplexor2.xml (RunModel)" time="0.017" />
  <testcase classname="ptolemy.util.test.junit.AutoTests" name="[237] /home/travis/build/icyphy/ptII/ptolemy/actor/lib/test/auto/Multiplexor3.xml (RunModel)" time="0.013" />
  <testcase classname="ptolemy.util.test.junit.AutoTests" name="[238] /home/travis/build/icyphy/ptII/ptolemy/actor/lib/test/auto/MultiplexorDE.xml (RunModel)" time="0.02" />
  <testcase classname="ptolemy.util.test.junit.AutoTests" name="[239] /home/travis/build/icyphy/ptII/ptolemy/actor/lib/test/auto/MultiportBroadcastTest.xml (RunModel)" time="0.092" />
  <testcase classname="ptolemy.util.test.junit.AutoTests" name="[240] /home/travis/build/icyphy/ptII/ptolemy/actor/lib/test/auto/MultiportOutHangDuringGetWidth.xml (RunModel)" time="0.037" />
  <testcase classname="ptolemy.util.test.junit.AutoTests" name="[241] /home/travis/build/icyphy/ptII/ptolemy/actor/lib/test/auto/NilToken.xml (RunModel)" time="0.017" />
  <testcase classname="ptolemy.util.test.junit.AutoTests" name="[242] /home/travis/build/icyphy/ptII/ptolemy/actor/lib/test/auto/NilTokenNonStrictTest.xml (RunModel)" time="0.014" />
  <testcase classname="ptolemy.util.test.junit.AutoTests" name="[243] /home/travis/build/icyphy/ptII/ptolemy/actor/lib/test/auto/NilTokenRecord.xml (RunModel)" time="0.027" />
  <testcase classname="ptolemy.util.test.junit.AutoTests" name="[244] /home/travis/build/icyphy/ptII/ptolemy/actor/lib/test/auto/NilTokenTypeTest.xml (RunModel)" time="0.045" />
  <testcase classname="ptolemy.util.test.junit.AutoTests" name="[245] /home/travis/build/icyphy/ptII/ptolemy/actor/lib/test/auto/ObjectToken1.xml (RunModel)" time="0.006" />
  <testcase classname="ptolemy.util.test.junit.AutoTests" name="[246] /home/travis/build/icyphy/ptII/ptolemy/actor/lib/test/auto/OrderedMerge.xml (RunModel)" time="0.011" />
  <testcase classname="ptolemy.util.test.junit.AutoTests" name="[247] /home/travis/build/icyphy/ptII/ptolemy/actor/lib/test/auto/OrderedRecordDisassembler.xml (RunModel)" time="0.017" />
  <testcase classname="ptolemy.util.test.junit.AutoTests" name="[248] /home/travis/build/icyphy/ptII/ptolemy/actor/lib/test/auto/OrderedRecordDisassembler2.xml (RunModel)" time="0.016" />
  <testcase classname="ptolemy.util.test.junit.AutoTests" name="[249] /home/travis/build/icyphy/ptII/ptolemy/actor/lib/test/auto/OrderedRecordUpdater.xml (RunModel)" time="0.008" />
  <testcase classname="ptolemy.util.test.junit.AutoTests" name="[250] /home/travis/build/icyphy/ptII/ptolemy/actor/lib/test/auto/OrderedRecordUpdater2.xml (RunModel)" time="0.009" />
  <testcase classname="ptolemy.util.test.junit.AutoTests" name="[251] /home/travis/build/icyphy/ptII/ptolemy/actor/lib/test/auto/PhaseUnwrap.xml (RunModel)" time="0.01" />
  <testcase classname="ptolemy.util.test.junit.AutoTests" name="[252] /home/travis/build/icyphy/ptII/ptolemy/actor/lib/test/auto/PoissonClock.xml (RunModel)" time="0.009" />
  <testcase classname="ptolemy.util.test.junit.AutoTests" name="[253] /home/travis/build/icyphy/ptII/ptolemy/actor/lib/test/auto/PoissonClock2.xml (RunModel)" time="0.007" />
  <testcase classname="ptolemy.util.test.junit.AutoTests" name="[254] /home/travis/build/icyphy/ptII/ptolemy/actor/lib/test/auto/PoissonClock3.xml (RunModel)" time="0.009" />
  <testcase classname="ptolemy.util.test.junit.AutoTests" name="[255] /home/travis/build/icyphy/ptII/ptolemy/actor/lib/test/auto/PubSubWithInitialTokens.xml (RunModel)" time="0.01" />
  <testcase classname="ptolemy.util.test.junit.AutoTests" name="[256] /home/travis/build/icyphy/ptII/ptolemy/actor/lib/test/auto/PubSubWithInitialTokens2.xml (RunModel)" time="0.01" />
  <testcase classname="ptolemy.util.test.junit.AutoTests" name="[257] /home/travis/build/icyphy/ptII/ptolemy/actor/lib/test/auto/PublisherClassNoParameter.xml (RunModel)" time="0.019" />
  <testcase classname="ptolemy.util.test.junit.AutoTests" name="[258] /home/travis/build/icyphy/ptII/ptolemy/actor/lib/test/auto/PublisherClassParameter.xml (RunModel)" time="0.019" />
  <testcase classname="ptolemy.util.test.junit.AutoTests" name="[259] /home/travis/build/icyphy/ptII/ptolemy/actor/lib/test/auto/PublisherNonStrictTest.xml (RunModel)" time="0.014" />
  <testcase classname="ptolemy.util.test.junit.AutoTests" name="[260] /home/travis/build/icyphy/ptII/ptolemy/actor/lib/test/auto/PublisherPort1.xml (RunModel)" time="0.01" />
  <testcase classname="ptolemy.util.test.junit.AutoTests" name="[261] /home/travis/build/icyphy/ptII/ptolemy/actor/lib/test/auto/PublisherPort2.xml (RunModel)" time="0.009" />
  <testcase classname="ptolemy.util.test.junit.AutoTests" name="[262] /home/travis/build/icyphy/ptII/ptolemy/actor/lib/test/auto/PublisherPort3.xml (RunModel)" time="0.011" />
  <testcase classname="ptolemy.util.test.junit.AutoTests" name="[263] /home/travis/build/icyphy/ptII/ptolemy/actor/lib/test/auto/PublisherPort4.xml (RunModel)" time="0.011" />
  <testcase classname="ptolemy.util.test.junit.AutoTests" name="[264] /home/travis/build/icyphy/ptII/ptolemy/actor/lib/test/auto/PublisherPort5.xml (RunModel)" time="0.013" />
  <testcase classname="ptolemy.util.test.junit.AutoTests" name="[265] /home/travis/build/icyphy/ptII/ptolemy/actor/lib/test/auto/PublisherPort5LookAlike.xml (RunModel)" time="0.014" />
  <testcase classname="ptolemy.util.test.junit.AutoTests" name="[266] /home/travis/build/icyphy/ptII/ptolemy/actor/lib/test/auto/PublisherPort6.xml (RunModel)" time="0.012" />
  <testcase classname="ptolemy.util.test.junit.AutoTests" name="[267] /home/travis/build/icyphy/ptII/ptolemy/actor/lib/test/auto/PublisherPort7.xml (RunModel)" time="0.012" />
  <testcase classname="ptolemy.util.test.junit.AutoTests" name="[268] /home/travis/build/icyphy/ptII/ptolemy/actor/lib/test/auto/PublisherPort8.xml (RunModel)" time="0.016" />
  <testcase classname="ptolemy.util.test.junit.AutoTests" name="[269] /home/travis/build/icyphy/ptII/ptolemy/actor/lib/test/auto/PublisherPortSubscriberChannelVariablesAOC2.xml (RunModel)" time="0.029" />
  <testcase classname="ptolemy.util.test.junit.AutoTests" name="[270] /home/travis/build/icyphy/ptII/ptolemy/actor/lib/test/auto/PublisherPortSubscriberOpaqueWidthInference.xml (RunModel)" time="0.014" />
  <testcase classname="ptolemy.util.test.junit.AutoTests" name="[271] /home/travis/build/icyphy/ptII/ptolemy/actor/lib/test/auto/PublisherPortSubscriberPortAdjacent.xml (RunModel)" time="0.016" />
  <testcase classname="ptolemy.util.test.junit.AutoTests" name="[272] /home/travis/build/icyphy/ptII/ptolemy/actor/lib/test/auto/PublisherPortSubscriberPortExpression.xml (RunModel)" time="0.016" />
  <testcase classname="ptolemy.util.test.junit.AutoTests" name="[273] /home/travis/build/icyphy/ptII/ptolemy/actor/lib/test/auto/PublisherPortSubscriberPortOpaqueD3Reverse.xml (RunModel)" time="0.019" />
  <testcase classname="ptolemy.util.test.junit.AutoTests" name="[274] /home/travis/build/icyphy/ptII/ptolemy/actor/lib/test/auto/PublisherPortSubscriberPortOpaqueWidthInference.xml (RunModel)" time="0.014" />
  <testcase classname="ptolemy.util.test.junit.AutoTests" name="[275] /home/travis/build/icyphy/ptII/ptolemy/actor/lib/test/auto/PublisherPortToplevelSubscriberPortAOC.xml (RunModel)" time="0.009" />
  <testcase classname="ptolemy.util.test.junit.AutoTests" name="[276] /home/travis/build/icyphy/ptII/ptolemy/actor/lib/test/auto/PublisherSubscriber.xml (RunModel)" time="0.012" />
  <testcase classname="ptolemy.util.test.junit.AutoTests" name="[277] /home/travis/build/icyphy/ptII/ptolemy/actor/lib/test/auto/PublisherSubscriber10.xml (RunModel)" time="0.019" />
  <testcase classname="ptolemy.util.test.junit.AutoTests" name="[278] /home/travis/build/icyphy/ptII/ptolemy/actor/lib/test/auto/PublisherSubscriber10InitialOutputs.xml (RunModel)" time="0.017" />
  <testcase classname="ptolemy.util.test.junit.AutoTests" name="[279] /home/travis/build/icyphy/ptII/ptolemy/actor/lib/test/auto/PublisherSubscriber11.xml (RunModel)" time="0.011" />
  <testcase classname="ptolemy.util.test.junit.AutoTests" name="[280] /home/travis/build/icyphy/ptII/ptolemy/actor/lib/test/auto/PublisherSubscriber12.xml (RunModel)" time="0.013" />
  <testcase classname="ptolemy.util.test.junit.AutoTests" name="[281] /home/travis/build/icyphy/ptII/ptolemy/actor/lib/test/auto/PublisherSubscriber13.xml (RunModel)" time="0.009" />
  <testcase classname="ptolemy.util.test.junit.AutoTests" name="[282] /home/travis/build/icyphy/ptII/ptolemy/actor/lib/test/auto/PublisherSubscriber14.xml (RunModel)" time="0.018" />
  <testcase classname="ptolemy.util.test.junit.AutoTests" name="[283] /home/travis/build/icyphy/ptII/ptolemy/actor/lib/test/auto/PublisherSubscriber2.xml (RunModel)" time="0.01" />
  <testcase classname="ptolemy.util.test.junit.AutoTests" name="[284] /home/travis/build/icyphy/ptII/ptolemy/actor/lib/test/auto/PublisherSubscriber3.xml (RunModel)" time="0.01" />
  <testcase classname="ptolemy.util.test.junit.AutoTests" name="[285] /home/travis/build/icyphy/ptII/ptolemy/actor/lib/test/auto/PublisherSubscriber4.xml (RunModel)" time="0.008" />
  <testcase classname="ptolemy.util.test.junit.AutoTests" name="[286] /home/travis/build/icyphy/ptII/ptolemy/actor/lib/test/auto/PublisherSubscriber5.xml (RunModel)" time="0.012" />
  <testcase classname="ptolemy.util.test.junit.AutoTests" name="[287] /home/travis/build/icyphy/ptII/ptolemy/actor/lib/test/auto/PublisherSubscriber6.xml (RunModel)" time="0.013" />
  <testcase classname="ptolemy.util.test.junit.AutoTests" name="[288] /home/travis/build/icyphy/ptII/ptolemy/actor/lib/test/auto/PublisherSubscriber7.xml (RunModel)" time="0.015" />
  <testcase classname="ptolemy.util.test.junit.AutoTests" name="[289] /home/travis/build/icyphy/ptII/ptolemy/actor/lib/test/auto/PublisherSubscriber8.xml (RunModel)" time="0.027" />
  <testcase classname="ptolemy.util.test.junit.AutoTests" name="[290] /home/travis/build/icyphy/ptII/ptolemy/actor/lib/test/auto/PublisherSubscriber9.xml (RunModel)" time="0.026" />
  <testcase classname="ptolemy.util.test.junit.AutoTests" name="[291] /home/travis/build/icyphy/ptII/ptolemy/actor/lib/test/auto/PublisherSubscriberAdjacent.xml (RunModel)" time="0.019" />
  <testcase classname="ptolemy.util.test.junit.AutoTests" name="[292] /home/travis/build/icyphy/ptII/ptolemy/actor/lib/test/auto/PublisherSubscriberChannelVariablesAOC2.xml (RunModel)" time="0.026" />
  <testcase classname="ptolemy.util.test.junit.AutoTests" name="[293] /home/travis/build/icyphy/ptII/ptolemy/actor/lib/test/auto/PublisherSubscriberD3.xml (RunModel)" time="0.013" />
  <testcase classname="ptolemy.util.test.junit.AutoTests" name="[294] /home/travis/build/icyphy/ptII/ptolemy/actor/lib/test/auto/PublisherSubscriberD3Reverse.xml (RunModel)" time="0.013" />
  <testcase classname="ptolemy.util.test.junit.AutoTests" name="[295] /home/travis/build/icyphy/ptII/ptolemy/actor/lib/test/auto/PublisherSubscriberExpression.xml (RunModel)" time="0.016" />
  <testcase classname="ptolemy.util.test.junit.AutoTests" name="[296] /home/travis/build/icyphy/ptII/ptolemy/actor/lib/test/auto/PublisherSubscriberOpaque.xml (RunModel)" time="0.015" />
  <testcase classname="ptolemy.util.test.junit.AutoTests" name="[297] /home/travis/build/icyphy/ptII/ptolemy/actor/lib/test/auto/PublisherSubscriberOpaqueD3.xml (RunModel)" time="0.022" />
  <testcase classname="ptolemy.util.test.junit.AutoTests" name="[298] /home/travis/build/icyphy/ptII/ptolemy/actor/lib/test/auto/PublisherSubscriberOpaqueD3Reverse.xml (RunModel)" time="0.019" />
  <testcase classname="ptolemy.util.test.junit.AutoTests" name="[299] /home/travis/build/icyphy/ptII/ptolemy/actor/lib/test/auto/PublisherSubscriberOpaqueWidthInference.xml (RunModel)" time="0.015" />
  <testcase classname="ptolemy.util.test.junit.AutoTests" name="[300] /home/travis/build/icyphy/ptII/ptolemy/actor/lib/test/auto/PublisherTestSubscriber.xml (RunModel)" time="0.015" />
  <testcase classname="ptolemy.util.test.junit.AutoTests" name="[301] /home/travis/build/icyphy/ptII/ptolemy/actor/lib/test/auto/PublisherToplevelSubscriberPortAOC.xml (RunModel)" time="0.01" />
  <testcase classname="ptolemy.util.test.junit.AutoTests" name="[302] /home/travis/build/icyphy/ptII/ptolemy/actor/lib/test/auto/PulseFiringLimitDE.xml (RunModel)" time="0.015" />
  <testcase classname="ptolemy.util.test.junit.AutoTests" name="[303] /home/travis/build/icyphy/ptII/ptolemy/actor/lib/test/auto/Ramp1.xml (RunModel)" time="0.006" />
  <testcase classname="ptolemy.util.test.junit.AutoTests" name="[304] /home/travis/build/icyphy/ptII/ptolemy/actor/lib/test/auto/RampFiringLimitDE.xml (RunModel)" time="0.012" />
  <testcase classname="ptolemy.util.test.junit.AutoTests" name="[305] /home/travis/build/icyphy/ptII/ptolemy/actor/lib/test/auto/RampFiringLimitSDF.xml (RunModel)" time="0.012" />
  <testcase classname="ptolemy.util.test.junit.AutoTests" name="[306] /home/travis/build/icyphy/ptII/ptolemy/actor/lib/test/auto/RandomInteger.xml (RunModel)" time="0.008" />
  <testcase classname="ptolemy.util.test.junit.AutoTests" name="[307] /home/travis/build/icyphy/ptII/ptolemy/actor/lib/test/auto/ReadFile1.xml (RunModel)" time="0.01" />
  <testcase classname="ptolemy.util.test.junit.AutoTests" name="[308] /home/travis/build/icyphy/ptII/ptolemy/actor/lib/test/auto/ReadFile2.xml (RunModel)" time="0.009" />
  <testcase classname="ptolemy.util.test.junit.AutoTests" name="[309] /home/travis/build/icyphy/ptII/ptolemy/actor/lib/test/auto/Reader.xml (RunModel)" time="0.011" />
  <testcase classname="ptolemy.util.test.junit.AutoTests" name="[310] /home/travis/build/icyphy/ptII/ptolemy/actor/lib/test/auto/RecordAssemblerDisplayNameTest.xml (RunModel)" time="3.143" />
  <testcase classname="ptolemy.util.test.junit.AutoTests" name="[311] /home/travis/build/icyphy/ptII/ptolemy/actor/lib/test/auto/RecordAssemblerTypeError.xml (RunModel)" time="0.03" />
  <testcase classname="ptolemy.util.test.junit.AutoTests" name="[312] /home/travis/build/icyphy/ptII/ptolemy/actor/lib/test/auto/RecordDisassember.xml (RunModel)" time="0.008" />
  <testcase classname="ptolemy.util.test.junit.AutoTests" name="[313] /home/travis/build/icyphy/ptII/ptolemy/actor/lib/test/auto/RecordDisassemberDisplayNameTest.xml (RunModel)" time="0.018" />
  <testcase classname="ptolemy.util.test.junit.AutoTests" name="[314] /home/travis/build/icyphy/ptII/ptolemy/actor/lib/test/auto/RecordDisassembler.xml (RunModel)" time="0.009" />
  <testcase classname="ptolemy.util.test.junit.AutoTests" name="[315] /home/travis/build/icyphy/ptII/ptolemy/actor/lib/test/auto/RecordDisassembler2.xml (RunModel)" time="0.01" />
  <testcase classname="ptolemy.util.test.junit.AutoTests" name="[316] /home/travis/build/icyphy/ptII/ptolemy/actor/lib/test/auto/RecordUpdater.xml (RunModel)" time="0.008" />
  <testcase classname="ptolemy.util.test.junit.AutoTests" name="[317] /home/travis/build/icyphy/ptII/ptolemy/actor/lib/test/auto/RecordUpdater2.xml (RunModel)" time="0.008" />
  <testcase classname="ptolemy.util.test.junit.AutoTests" name="[318] /home/travis/build/icyphy/ptII/ptolemy/actor/lib/test/auto/RecursiveLattice.xml (RunModel)" time="0.008" />
  <testcase classname="ptolemy.util.test.junit.AutoTests" name="[319] /home/travis/build/icyphy/ptII/ptolemy/actor/lib/test/auto/Router.xml (RunModel)" time="3.021" />
  <testcase classname="ptolemy.util.test.junit.AutoTests" name="[320] /home/travis/build/icyphy/ptII/ptolemy/actor/lib/test/auto/Router2.xml (RunModel)" time="3.024" />
  <testcase classname="ptolemy.util.test.junit.AutoTests" name="[321] /home/travis/build/icyphy/ptII/ptolemy/actor/lib/test/auto/RunningMaximum.xml (RunModel)" time="0.009" />
  <testcase classname="ptolemy.util.test.junit.AutoTests" name="[322] /home/travis/build/icyphy/ptII/ptolemy/actor/lib/test/auto/RunningMinimum.xml (RunModel)" time="0.014" />
  <testcase classname="ptolemy.util.test.junit.AutoTests" name="[323] /home/travis/build/icyphy/ptII/ptolemy/actor/lib/test/auto/Scale.xml (RunModel)" time="0.015" />
  <testcase classname="ptolemy.util.test.junit.AutoTests" name="[324] /home/travis/build/icyphy/ptII/ptolemy/actor/lib/test/auto/Scale2.xml (RunModel)" time="0.009" />
  <testcase classname="ptolemy.util.test.junit.AutoTests" name="[325] /home/travis/build/icyphy/ptII/ptolemy/actor/lib/test/auto/Scale3.xml (RunModel)" time="0.014" />
  <testcase classname="ptolemy.util.test.junit.AutoTests" name="[326] /home/travis/build/icyphy/ptII/ptolemy/actor/lib/test/auto/ScaleArray.xml (RunModel)" time="0.009" />
  <testcase classname="ptolemy.util.test.junit.AutoTests" name="[327] /home/travis/build/icyphy/ptII/ptolemy/actor/lib/test/auto/ScaleArray2.xml (RunModel)" time="0.009" />
  <testcase classname="ptolemy.util.test.junit.AutoTests" name="[328] /home/travis/build/icyphy/ptII/ptolemy/actor/lib/test/auto/ScaleMatrix.xml (RunModel)" time="0.107" />
  <testcase classname="ptolemy.util.test.junit.AutoTests" name="[329] /home/travis/build/icyphy/ptII/ptolemy/actor/lib/test/auto/Select.xml (RunModel)" time="0.013" />
  <testcase classname="ptolemy.util.test.junit.AutoTests" name="[330] /home/travis/build/icyphy/ptII/ptolemy/actor/lib/test/auto/Select2.xml (RunModel)" time="0.008" />
  <testcase classname="ptolemy.util.test.junit.AutoTests" name="[331] /home/travis/build/icyphy/ptII/ptolemy/actor/lib/test/auto/SequenceToArray2.xml (RunModel)" time="0.094" />
  <testcase classname="ptolemy.util.test.junit.AutoTests" name="[332] /home/travis/build/icyphy/ptII/ptolemy/actor/lib/test/auto/SequentialClock.xml (RunModel)" time="0.011" />
  <testcase classname="ptolemy.util.test.junit.AutoTests" name="[333] /home/travis/build/icyphy/ptII/ptolemy/actor/lib/test/auto/SetVariable.xml (RunModel)" time="0.009" />
  <testcase classname="ptolemy.util.test.junit.AutoTests" name="[334] /home/travis/build/icyphy/ptII/ptolemy/actor/lib/test/auto/SetVariable2.xml (RunModel)" time="0.008" />
  <testcase classname="ptolemy.util.test.junit.AutoTests" name="[335] /home/travis/build/icyphy/ptII/ptolemy/actor/lib/test/auto/SetVariable3.xml (RunModel)" time="0.01" />
  <testcase classname="ptolemy.util.test.junit.AutoTests" name="[336] /home/travis/build/icyphy/ptII/ptolemy/actor/lib/test/auto/SetVariable4.xml (RunModel)" time="0.033" />
  <testcase classname="ptolemy.util.test.junit.AutoTests" name="[337] /home/travis/build/icyphy/ptII/ptolemy/actor/lib/test/auto/SetVariable5.xml (RunModel)" time="0.027" />
  <testcase classname="ptolemy.util.test.junit.AutoTests" name="[338] /home/travis/build/icyphy/ptII/ptolemy/actor/lib/test/auto/Sinewave.xml (RunModel)" time="0.043" />
  <testcase classname="ptolemy.util.test.junit.AutoTests" name="[339] /home/travis/build/icyphy/ptII/ptolemy/actor/lib/test/auto/Sinewave2.xml (RunModel)" time="0.014" />
  <testcase classname="ptolemy.util.test.junit.AutoTests" name="[340] /home/travis/build/icyphy/ptII/ptolemy/actor/lib/test/auto/Sinewave3.xml (RunModel)" time="0.015" />
  <testcase classname="ptolemy.util.test.junit.AutoTests" name="[341] /home/travis/build/icyphy/ptII/ptolemy/actor/lib/test/auto/SingleEvent.xml (RunModel)" time="0.006" />
  <testcase classname="ptolemy.util.test.junit.AutoTests" name="[342] /home/travis/build/icyphy/ptII/ptolemy/actor/lib/test/auto/Sleep.xml (RunModel)" time="6.011" />
  <testcase classname="ptolemy.util.test.junit.AutoTests" name="[343] /home/travis/build/icyphy/ptII/ptolemy/actor/lib/test/auto/SleepMultipleFire.xml (RunModel)" time="1.017" />
  <testcase classname="ptolemy.util.test.junit.AutoTests" name="[344] /home/travis/build/icyphy/ptII/ptolemy/actor/lib/test/auto/StopDE.xml (RunModel)" time="0.012" />
  <testcase classname="ptolemy.util.test.junit.AutoTests" name="[345] /home/travis/build/icyphy/ptII/ptolemy/actor/lib/test/auto/StopSDF.xml (RunModel)" time="0.01" />
  <testcase classname="ptolemy.util.test.junit.AutoTests" name="[346] /home/travis/build/icyphy/ptII/ptolemy/actor/lib/test/auto/StringConstant.xml (RunModel)" time="0.008" />
  <testcase classname="ptolemy.util.test.junit.AutoTests" name="[347] /home/travis/build/icyphy/ptII/ptolemy/actor/lib/test/auto/SubscriberPortInitialValues1.xml (RunModel)" time="0.017" />
  <testcase classname="ptolemy.util.test.junit.AutoTests" name="[348] /home/travis/build/icyphy/ptII/ptolemy/actor/lib/test/auto/SubscriberPortInitialValues13.xml (RunModel)" time="0.023" />
  <testcase classname="ptolemy.util.test.junit.AutoTests" name="[349] /home/travis/build/icyphy/ptII/ptolemy/actor/lib/test/auto/SubscriberPortInitialValues14.xml (RunModel)" time="0.015" />
  <testcase classname="ptolemy.util.test.junit.AutoTests" name="[350] /home/travis/build/icyphy/ptII/ptolemy/actor/lib/test/auto/SubscriberPortInitialValues2.xml (RunModel)" time="0.015" />
  <testcase classname="ptolemy.util.test.junit.AutoTests" name="[351] /home/travis/build/icyphy/ptII/ptolemy/actor/lib/test/auto/SubscriberPortInitialValues3.xml (RunModel)" time="0.018" />
  <testcase classname="ptolemy.util.test.junit.AutoTests" name="[352] /home/travis/build/icyphy/ptII/ptolemy/actor/lib/test/auto/SubscriptionAggregator.xml (RunModel)" time="0.009" />
  <testcase classname="ptolemy.util.test.junit.AutoTests" name="[353] /home/travis/build/icyphy/ptII/ptolemy/actor/lib/test/auto/SubscriptionAggregator2.xml (RunModel)" time="0.01" />
  <testcase classname="ptolemy.util.test.junit.AutoTests" name="[354] /home/travis/build/icyphy/ptII/ptolemy/actor/lib/test/auto/SubscriptionAggregator3.xml (RunModel)" time="0.015" />
  <testcase classname="ptolemy.util.test.junit.AutoTests" name="[355] /home/travis/build/icyphy/ptII/ptolemy/actor/lib/test/auto/SubscriptionAggregatorMultiply.xml (RunModel)" time="0.014" />
  <testcase classname="ptolemy.util.test.junit.AutoTests" name="[356] /home/travis/build/icyphy/ptII/ptolemy/actor/lib/test/auto/SubscriptionAggregatorPortMultiply1.xml (RunModel)" time="0.013" />
  <testcase classname="ptolemy.util.test.junit.AutoTests" name="[357] /home/travis/build/icyphy/ptII/ptolemy/actor/lib/test/auto/Switch.xml (RunModel)" time="0.012" />
  <testcase classname="ptolemy.util.test.junit.AutoTests" name="[358] /home/travis/build/icyphy/ptII/ptolemy/actor/lib/test/auto/Switch2.xml (RunModel)" time="0.013" />
  <testcase classname="ptolemy.util.test.junit.AutoTests" name="[359] /home/travis/build/icyphy/ptII/ptolemy/actor/lib/test/auto/SwitchDE.xml (RunModel)" time="0.011" />
  <testcase classname="ptolemy.util.test.junit.AutoTests" name="[360] /home/travis/build/icyphy/ptII/ptolemy/actor/lib/test/auto/SynchronizerDE.xml (RunModel)" time="0.018" />
  <testcase classname="ptolemy.util.test.junit.AutoTests" name="[361] /home/travis/build/icyphy/ptII/ptolemy/actor/lib/test/auto/Test.xml (RunModel)" time="0.01" />
  <testcase classname="ptolemy.util.test.junit.AutoTests" name="[362] /home/travis/build/icyphy/ptII/ptolemy/actor/lib/test/auto/TestExceptionAttribute1.xml (RunModel)" time="0.005" />
  <testcase classname="ptolemy.util.test.junit.AutoTests" name="[363] /home/travis/build/icyphy/ptII/ptolemy/actor/lib/test/auto/TestExceptionAttribute2.xml (RunModel)" time="0.005" />
  <testcase classname="ptolemy.util.test.junit.AutoTests" name="[364] /home/travis/build/icyphy/ptII/ptolemy/actor/lib/test/auto/TestExceptionAttribute3.xml (RunModel)" time="0.006" />
  <testcase classname="ptolemy.util.test.junit.AutoTests" name="[365] /home/travis/build/icyphy/ptII/ptolemy/actor/lib/test/auto/TestExceptionAttribute4.xml (RunModel)" time="0.006" />
  <testcase classname="ptolemy.util.test.junit.AutoTests" name="[366] /home/travis/build/icyphy/ptII/ptolemy/actor/lib/test/auto/TestExceptionHandler1.xml (RunModel)" time="0.005" />
  <testcase classname="ptolemy.util.test.junit.AutoTests" name="[367] /home/travis/build/icyphy/ptII/ptolemy/actor/lib/test/auto/TestExceptionHandler2.xml (RunModel)" time="0.005" />
  <testcase classname="ptolemy.util.test.junit.AutoTests" name="[368] /home/travis/build/icyphy/ptII/ptolemy/actor/lib/test/auto/TestExceptionHandler3.xml (RunModel)" time="0.005" />
  <testcase classname="ptolemy.util.test.junit.AutoTests" name="[369] /home/travis/build/icyphy/ptII/ptolemy/actor/lib/test/auto/TestExceptionHandler4.xml (RunModel)" time="0.005" />
  <testcase classname="ptolemy.util.test.junit.AutoTests" name="[370] /home/travis/build/icyphy/ptII/ptolemy/actor/lib/test/auto/TestRequireCorrectOrder.xml (RunModel)" time="0.008" />
  <testcase classname="ptolemy.util.test.junit.AutoTests" name="[371] /home/travis/build/icyphy/ptII/ptolemy/actor/lib/test/auto/TestSimple.xml (RunModel)" time="0.005" />
  <testcase classname="ptolemy.util.test.junit.AutoTests" name="[372] /home/travis/build/icyphy/ptII/ptolemy/actor/lib/test/auto/ThrowModelError.xml (RunModel)" time="0.01" />
  <testcase classname="ptolemy.util.test.junit.AutoTests" name="[373] /home/travis/build/icyphy/ptII/ptolemy/actor/lib/test/auto/TimeDelayMicrosteps.xml (RunModel)" time="0.014" />
  <testcase classname="ptolemy.util.test.junit.AutoTests" name="[374] /home/travis/build/icyphy/ptII/ptolemy/actor/lib/test/auto/TimeDelayMicrosteps2.xml (RunModel)" time="0.013" />
  <testcase classname="ptolemy.util.test.junit.AutoTests" name="[375] /home/travis/build/icyphy/ptII/ptolemy/actor/lib/test/auto/TimeDelayMicrosteps3.xml (RunModel)" time="0.011" />
  <testcase classname="ptolemy.util.test.junit.AutoTests" name="[376] /home/travis/build/icyphy/ptII/ptolemy/actor/lib/test/auto/TimeDelayVariableMicrosteps.xml (RunModel)" time="0.011" />
  <testcase classname="ptolemy.util.test.junit.AutoTests" name="[377] /home/travis/build/icyphy/ptII/ptolemy/actor/lib/test/auto/TimeGap.xml (RunModel)" time="0.011" />
  <testcase classname="ptolemy.util.test.junit.AutoTests" name="[378] /home/travis/build/icyphy/ptII/ptolemy/actor/lib/test/auto/TimeGap2.xml (RunModel)" time="0.01" />
  <testcase classname="ptolemy.util.test.junit.AutoTests" name="[379] /home/travis/build/icyphy/ptII/ptolemy/actor/lib/test/auto/TimedSinewave.xml (RunModel)" time="0.038" />
  <testcase classname="ptolemy.util.test.junit.AutoTests" name="[380] /home/travis/build/icyphy/ptII/ptolemy/actor/lib/test/auto/TimedSinewavePhase.xml (RunModel)" time="0.04" />
  <testcase classname="ptolemy.util.test.junit.AutoTests" name="[381] /home/travis/build/icyphy/ptII/ptolemy/actor/lib/test/auto/Timer.xml (RunModel)" time="0.01" />
  <testcase classname="ptolemy.util.test.junit.AutoTests" name="[382] /home/travis/build/icyphy/ptII/ptolemy/actor/lib/test/auto/TriangularDistTestModel.xml (RunModel)" time="0.019" />
  <testcase classname="ptolemy.util.test.junit.AutoTests" name="[383] /home/travis/build/icyphy/ptII/ptolemy/actor/lib/test/auto/TrigFunction.xml (RunModel)" time="0.009" />
  <testcase classname="ptolemy.util.test.junit.AutoTests" name="[384] /home/travis/build/icyphy/ptII/ptolemy/actor/lib/test/auto/TrigFunctionDE.xml (RunModel)" time="0.01" />
  <testcase classname="ptolemy.util.test.junit.AutoTests" name="[385] /home/travis/build/icyphy/ptII/ptolemy/actor/lib/test/auto/TrigFunctionInverse.xml (RunModel)" time="0.008" />
  <testcase classname="ptolemy.util.test.junit.AutoTests" name="[386] /home/travis/build/icyphy/ptII/ptolemy/actor/lib/test/auto/TrigFunctionTan.xml (RunModel)" time="0.006" />
  <testcase classname="ptolemy.util.test.junit.AutoTests" name="[387] /home/travis/build/icyphy/ptII/ptolemy/actor/lib/test/auto/TriggeredClock.xml (RunModel)" time="0.007" />
  <testcase classname="ptolemy.util.test.junit.AutoTests" name="[388] /home/travis/build/icyphy/ptII/ptolemy/actor/lib/test/auto/URLDirectoryReader.xml (RunModel)" time="0.088" />
  <testcase classname="ptolemy.util.test.junit.AutoTests" name="[389] /home/travis/build/icyphy/ptII/ptolemy/actor/lib/test/auto/URLDirectoryReader3.xml (RunModel)" time="1.271" />
  <testcase classname="ptolemy.util.test.junit.AutoTests" name="[390] /home/travis/build/icyphy/ptII/ptolemy/actor/lib/test/auto/UnaryMathFunction.xml (RunModel)" time="0.054" />
  <testcase classname="ptolemy.util.test.junit.AutoTests" name="[391] /home/travis/build/icyphy/ptII/ptolemy/actor/lib/test/auto/Uniform.xml (RunModel)" time="0.037" />
  <testcase classname="ptolemy.util.test.junit.AutoTests" name="[392] /home/travis/build/icyphy/ptII/ptolemy/actor/lib/test/auto/UnionDisassemblerTest.xml (RunModel)" time="0.03" />
  <testcase classname="ptolemy.util.test.junit.AutoTests" name="[393] /home/travis/build/icyphy/ptII/ptolemy/actor/lib/test/auto/UtilityFunctions.xml (RunModel)" time="0.033" />
  <testcase classname="ptolemy.util.test.junit.AutoTests" name="[394] /home/travis/build/icyphy/ptII/ptolemy/actor/lib/test/auto/VariableSleep.xml (RunModel)" time="0.537" />
  <testcase classname="ptolemy.util.test.junit.AutoTests" name="[395] /home/travis/build/icyphy/ptII/ptolemy/actor/lib/test/auto/VectorAssemblerDisassemblerCT.xml (RunModel)" time="0.104" />
  <testcase classname="ptolemy.util.test.junit.AutoTests" name="[396] /home/travis/build/icyphy/ptII/ptolemy/actor/lib/test/auto/VectorAssemblerDisassemblerDE.xml (RunModel)" time="0.012" />
  <testcase classname="ptolemy.util.test.junit.AutoTests" name="[397] /home/travis/build/icyphy/ptII/ptolemy/actor/lib/test/auto/VectorAssemblerDisassemblerSDF.xml (RunModel)" time="0.011" />
  <testcase classname="ptolemy.util.test.junit.AutoTests" name="[398] /home/travis/build/icyphy/ptII/ptolemy/actor/lib/test/auto/WallClockTime.xml (RunModel)" time="1.012" />
  <testcase classname="ptolemy.util.test.junit.AutoTests" name="[399] /home/travis/build/icyphy/ptII/ptolemy/actor/lib/test/auto/WidthTestWithSubscriberPublisher.xml (RunModel)" time="0.051" />
  <testcase classname="ptolemy.util.test.junit.AutoTests" name="[400] /home/travis/build/icyphy/ptII/ptolemy/actor/lib/test/auto/WidthTestWithSubscriberPublisher2.xml (RunModel)" time="0.016" />
  <testcase classname="ptolemy.util.test.junit.AutoTests" name="[401] /home/travis/build/icyphy/ptII/ptolemy/actor/lib/test/auto/WidthTestWithSubscriberPublisher3.xml (RunModel)" time="0.026" />
  <testcase classname="ptolemy.util.test.junit.AutoTests" name="[402] /home/travis/build/icyphy/ptII/ptolemy/actor/lib/test/auto/Writer.xml (RunModel)" time="0.007" />
  <testcase classname="ptolemy.util.test.junit.AutoTests" name="[403] /home/travis/build/icyphy/ptII/ptolemy/actor/lib/test/auto/array.xml (RunModel)" time="0.007" />
  <testcase classname="ptolemy.util.test.junit.AutoTests" name="[404] /home/travis/build/icyphy/ptII/ptolemy/actor/lib/test/auto/array2.xml (RunModel)" time="0.013" />
  <testcase classname="ptolemy.util.test.junit.AutoTests" name="[405] /home/travis/build/icyphy/ptII/ptolemy/actor/lib/test/auto/arrayType.xml (RunModel)" time="0.016" />
  <testcase classname="ptolemy.util.test.junit.AutoTests" name="[406] /home/travis/build/icyphy/ptII/ptolemy/actor/lib/test/auto/arrayType10.xml (RunModel)" time="0.008" />
  <testcase classname="ptolemy.util.test.junit.AutoTests" name="[407] /home/travis/build/icyphy/ptII/ptolemy/actor/lib/test/auto/arrayType11.xml (RunModel)" time="0.008" />
  <testcase classname="ptolemy.util.test.junit.AutoTests" name="[408] /home/travis/build/icyphy/ptII/ptolemy/actor/lib/test/auto/arrayType12.xml (RunModel)" time="0.008" />
  <testcase classname="ptolemy.util.test.junit.AutoTests" name="[409] /home/travis/build/icyphy/ptII/ptolemy/actor/lib/test/auto/arrayType13.xml (RunModel)" time="0.013" />
  <testcase classname="ptolemy.util.test.junit.AutoTests" name="[410] /home/travis/build/icyphy/ptII/ptolemy/actor/lib/test/auto/arrayType14.xml (RunModel)" time="0.009" />
  <testcase classname="ptolemy.util.test.junit.AutoTests" name="[411] /home/travis/build/icyphy/ptII/ptolemy/actor/lib/test/auto/arrayType15.xml (RunModel)" time="0.009" />
  <testcase classname="ptolemy.util.test.junit.AutoTests" name="[412] /home/travis/build/icyphy/ptII/ptolemy/actor/lib/test/auto/arrayType16.xml (RunModel)" time="0.009" />
  <testcase classname="ptolemy.util.test.junit.AutoTests" name="[413] /home/travis/build/icyphy/ptII/ptolemy/actor/lib/test/auto/arrayType17.xml (RunModel)" time="0.009" />
  <testcase classname="ptolemy.util.test.junit.AutoTests" name="[414] /home/travis/build/icyphy/ptII/ptolemy/actor/lib/test/auto/arrayType18.xml (RunModel)" time="0.01" />
  <testcase classname="ptolemy.util.test.junit.AutoTests" name="[415] /home/travis/build/icyphy/ptII/ptolemy/actor/lib/test/auto/arrayType19.xml (RunModel)" time="0.009" />
  <testcase classname="ptolemy.util.test.junit.AutoTests" name="[416] /home/travis/build/icyphy/ptII/ptolemy/actor/lib/test/auto/arrayType2.xml (RunModel)" time="0.01" />
  <testcase classname="ptolemy.util.test.junit.AutoTests" name="[417] /home/travis/build/icyphy/ptII/ptolemy/actor/lib/test/auto/arrayType20.xml (RunModel)" time="0.009" />
  <testcase classname="ptolemy.util.test.junit.AutoTests" name="[418] /home/travis/build/icyphy/ptII/ptolemy/actor/lib/test/auto/arrayType21.xml (RunModel)" time="0.016" />
  <testcase classname="ptolemy.util.test.junit.AutoTests" name="[419] /home/travis/build/icyphy/ptII/ptolemy/actor/lib/test/auto/arrayType22.xml (RunModel)" time="0.008" />
  <testcase classname="ptolemy.util.test.junit.AutoTests" name="[420] /home/travis/build/icyphy/ptII/ptolemy/actor/lib/test/auto/arrayType23.xml (RunModel)" time="0.007" />
  <testcase classname="ptolemy.util.test.junit.AutoTests" name="[421] /home/travis/build/icyphy/ptII/ptolemy/actor/lib/test/auto/arrayType24.xml (RunModel)" time="0.012" />
  <testcase classname="ptolemy.util.test.junit.AutoTests" name="[422] /home/travis/build/icyphy/ptII/ptolemy/actor/lib/test/auto/arrayType25.xml (RunModel)" time="0.008" />
  <testcase classname="ptolemy.util.test.junit.AutoTests" name="[423] /home/travis/build/icyphy/ptII/ptolemy/actor/lib/test/auto/arrayType26.xml (RunModel)" time="0.008" />
  <testcase classname="ptolemy.util.test.junit.AutoTests" name="[424] /home/travis/build/icyphy/ptII/ptolemy/actor/lib/test/auto/arrayType27.xml (RunModel)" time="0.008" />
  <testcase classname="ptolemy.util.test.junit.AutoTests" name="[425] /home/travis/build/icyphy/ptII/ptolemy/actor/lib/test/auto/arrayType28.xml (RunModel)" time="0.009" />
  <testcase classname="ptolemy.util.test.junit.AutoTests" name="[426] /home/travis/build/icyphy/ptII/ptolemy/actor/lib/test/auto/arrayType3.xml (RunModel)" time="0.009" />
  <testcase classname="ptolemy.util.test.junit.AutoTests" name="[427] /home/travis/build/icyphy/ptII/ptolemy/actor/lib/test/auto/arrayType4.xml (RunModel)" time="0.01" />
  <testcase classname="ptolemy.util.test.junit.AutoTests" name="[428] /home/travis/build/icyphy/ptII/ptolemy/actor/lib/test/auto/arrayType5.xml (RunModel)" time="0.009" />
  <testcase classname="ptolemy.util.test.junit.AutoTests" name="[429] /home/travis/build/icyphy/ptII/ptolemy/actor/lib/test/auto/arrayType6.xml (RunModel)" time="0.008" />
  <testcase classname="ptolemy.util.test.junit.AutoTests" name="[430] /home/travis/build/icyphy/ptII/ptolemy/actor/lib/test/auto/arrayType7.xml (RunModel)" time="0.036" />
  <testcase classname="ptolemy.util.test.junit.AutoTests" name="[431] /home/travis/build/icyphy/ptII/ptolemy/actor/lib/test/auto/arrayType8.xml (RunModel)" time="0.013" />
  <testcase classname="ptolemy.util.test.junit.AutoTests" name="[432] /home/travis/build/icyphy/ptII/ptolemy/actor/lib/test/auto/arrayType9.xml (RunModel)" time="0.027" />
  <testcase classname="ptolemy.util.test.junit.AutoTests" name="[433] /home/travis/build/icyphy/ptII/ptolemy/actor/lib/test/auto/cast.xml (RunModel)" time="0.025" />
  <testcase classname="ptolemy.util.test.junit.AutoTests" name="[434] /home/travis/build/icyphy/ptII/ptolemy/actor/lib/test/auto/compositeMultiPort.xml (RunModel)" time="0.02" />
  <testcase classname="ptolemy.util.test.junit.AutoTests" name="[435] /home/travis/build/icyphy/ptII/ptolemy/actor/lib/test/auto/expressionCastInference.xml (RunModel)" time="0.007" />
  <testcase classname="ptolemy.util.test.junit.AutoTests" name="[436] /home/travis/build/icyphy/ptII/ptolemy/actor/lib/test/auto/expressionCastInference2.xml (RunModel)" time="0.007" />
  <testcase classname="ptolemy.util.test.junit.AutoTests" name="[437] /home/travis/build/icyphy/ptII/ptolemy/actor/lib/test/auto/expressionInference.xml (RunModel)" time="0.006" />
  <testcase classname="ptolemy.util.test.junit.AutoTests" name="[438] /home/travis/build/icyphy/ptII/ptolemy/actor/lib/test/auto/expression_bug.xml (RunModel)" time="0.007" />
  <testcase classname="ptolemy.util.test.junit.AutoTests" name="[439] /home/travis/build/icyphy/ptII/ptolemy/actor/lib/test/auto/factorial.xml (RunModel)" time="0.048" />
  <testcase classname="ptolemy.util.test.junit.AutoTests" name="[440] /home/travis/build/icyphy/ptII/ptolemy/actor/lib/test/auto/filterTest1.xml (RunModel)" time="0.014" />
  <testcase classname="ptolemy.util.test.junit.AutoTests" name="[441] /home/travis/build/icyphy/ptII/ptolemy/actor/lib/test/auto/funcApplyInConst.xml (RunModel)" time="0.007" />
  <testcase classname="ptolemy.util.test.junit.AutoTests" name="[442] /home/travis/build/icyphy/ptII/ptolemy/actor/lib/test/auto/funcApplyInExpr.xml (RunModel)" time="0.005" />
  <testcase classname="ptolemy.util.test.junit.AutoTests" name="[443] /home/travis/build/icyphy/ptII/ptolemy/actor/lib/test/auto/function.xml (RunModel)" time="0.009" />
  <testcase classname="ptolemy.util.test.junit.AutoTests" name="[444] /home/travis/build/icyphy/ptII/ptolemy/actor/lib/test/auto/function2.xml (RunModel)" time="0.008" />
  <testcase classname="ptolemy.util.test.junit.AutoTests" name="[445] /home/travis/build/icyphy/ptII/ptolemy/actor/lib/test/auto/function3.xml (RunModel)" time="0.007" />
  <testcase classname="ptolemy.util.test.junit.AutoTests" name="[446] /home/travis/build/icyphy/ptII/ptolemy/actor/lib/test/auto/functionClosureTest1.xml (RunModel)" time="0.01" />
  <testcase classname="ptolemy.util.test.junit.AutoTests" name="[447] /home/travis/build/icyphy/ptII/ptolemy/actor/lib/test/auto/functionClosureTest2.xml (RunModel)" time="0.007" />
  <testcase classname="ptolemy.util.test.junit.AutoTests" name="[448] /home/travis/build/icyphy/ptII/ptolemy/actor/lib/test/auto/functionClosureTest3.xml (RunModel)" time="0.009" />
  <testcase classname="ptolemy.util.test.junit.AutoTests" name="[449] /home/travis/build/icyphy/ptII/ptolemy/actor/lib/test/auto/functionClosureTest4.xml (RunModel)" time="0.012" />
  <testcase classname="ptolemy.util.test.junit.AutoTests" name="[450] /home/travis/build/icyphy/ptII/ptolemy/actor/lib/test/auto/functionClosureTest5.xml (RunModel)" time="0.011" />
  <testcase classname="ptolemy.util.test.junit.AutoTests" name="[451] /home/travis/build/icyphy/ptII/ptolemy/actor/lib/test/auto/functionClosureTest6.xml (RunModel)" time="0.007" />
  <testcase classname="ptolemy.util.test.junit.AutoTests" name="[452] /home/travis/build/icyphy/ptII/ptolemy/actor/lib/test/auto/functionsOnArcs.xml (RunModel)" time="0.01" />
  <testcase classname="ptolemy.util.test.junit.AutoTests" name="[453] /home/travis/build/icyphy/ptII/ptolemy/actor/lib/test/auto/functionsOnArcsHOF.xml (RunModel)" time="0.012" />
  <testcase classname="ptolemy.util.test.junit.AutoTests" name="[454] /home/travis/build/icyphy/ptII/ptolemy/actor/lib/test/auto/logic.xml (RunModel)" time="0.017" />
  <testcase classname="ptolemy.util.test.junit.AutoTests" name="[455] /home/travis/build/icyphy/ptII/ptolemy/actor/lib/test/auto/matrixType.xml (RunModel)" time="0.008" />
  <testcase classname="ptolemy.util.test.junit.AutoTests" name="[456] /home/travis/build/icyphy/ptII/ptolemy/actor/lib/test/auto/matrixType10.xml (RunModel)" time="0.008" />
  <testcase classname="ptolemy.util.test.junit.AutoTests" name="[457] /home/travis/build/icyphy/ptII/ptolemy/actor/lib/test/auto/matrixType11.xml (RunModel)" time="0.007" />
  <testcase classname="ptolemy.util.test.junit.AutoTests" name="[458] /home/travis/build/icyphy/ptII/ptolemy/actor/lib/test/auto/matrixType12.xml (RunModel)" time="0.008" />
  <testcase classname="ptolemy.util.test.junit.AutoTests" name="[459] /home/travis/build/icyphy/ptII/ptolemy/actor/lib/test/auto/matrixType13.xml (RunModel)" time="0.008" />
  <testcase classname="ptolemy.util.test.junit.AutoTests" name="[460] /home/travis/build/icyphy/ptII/ptolemy/actor/lib/test/auto/matrixType14.xml (RunModel)" time="0.008" />
  <testcase classname="ptolemy.util.test.junit.AutoTests" name="[461] /home/travis/build/icyphy/ptII/ptolemy/actor/lib/test/auto/matrixType2.xml (RunModel)" time="0.009" />
  <testcase classname="ptolemy.util.test.junit.AutoTests" name="[462] /home/travis/build/icyphy/ptII/ptolemy/actor/lib/test/auto/matrixType3.xml (RunModel)" time="0.008" />
  <testcase classname="ptolemy.util.test.junit.AutoTests" name="[463] /home/travis/build/icyphy/ptII/ptolemy/actor/lib/test/auto/matrixType4.xml (RunModel)" time="0.007" />
  <testcase classname="ptolemy.util.test.junit.AutoTests" name="[464] /home/travis/build/icyphy/ptII/ptolemy/actor/lib/test/auto/matrixType5.xml (RunModel)" time="0.009" />
  <testcase classname="ptolemy.util.test.junit.AutoTests" name="[465] /home/travis/build/icyphy/ptII/ptolemy/actor/lib/test/auto/matrixType6.xml (RunModel)" time="0.008" />
  <testcase classname="ptolemy.util.test.junit.AutoTests" name="[466] /home/travis/build/icyphy/ptII/ptolemy/actor/lib/test/auto/matrixType7.xml (RunModel)" time="0.008" />
  <testcase classname="ptolemy.util.test.junit.AutoTests" name="[467] /home/travis/build/icyphy/ptII/ptolemy/actor/lib/test/auto/matrixType8.xml (RunModel)" time="0.009" />
  <testcase classname="ptolemy.util.test.junit.AutoTests" name="[468] /home/travis/build/icyphy/ptII/ptolemy/actor/lib/test/auto/matrixType9.xml (RunModel)" time="0.008" />
  <testcase classname="ptolemy.util.test.junit.AutoTests" name="[469] /home/travis/build/icyphy/ptII/ptolemy/actor/lib/test/auto/paraFunctest.xml (RunModel)" time="0.007" />
  <testcase classname="ptolemy.util.test.junit.AutoTests" name="[470] /home/travis/build/icyphy/ptII/ptolemy/actor/lib/test/auto/paraFunctest2.xml (RunModel)" time="0.007" />
  <testcase classname="ptolemy.util.test.junit.AutoTests" name="[471] /home/travis/build/icyphy/ptII/ptolemy/actor/lib/test/auto/parameterPassing.xml (RunModel)" time="0.008" />
  <testcase classname="ptolemy.util.test.junit.AutoTests" name="[472] /home/travis/build/icyphy/ptII/ptolemy/actor/lib/test/auto/record.xml (RunModel)" time="0.008" />
  <testcase classname="ptolemy.util.test.junit.AutoTests" name="[473] /home/travis/build/icyphy/ptII/ptolemy/actor/lib/test/auto/sizedarray1.xml (RunModel)" time="0.009" />
  <testcase classname="ptolemy.util.test.junit.AutoTests" name="[474] /home/travis/build/icyphy/ptII/ptolemy/actor/lib/test/auto/sizedarray2.xml (RunModel)" time="0.009" />
  <testcase classname="ptolemy.util.test.junit.AutoTests" name="[475] /home/travis/build/icyphy/ptII/ptolemy/actor/lib/test/auto/twoPublishers.xml (RunModel)" time="0.017" />
  <system-out><![CDATA[/home/travis/build/icyphy/ptII/ptolemy/actor/lib/test/AbsoluteValue.tcl
testDefs.tcl: setting time out to 9000 seconds at Wed Jun 13 02:13:59 UTC 2018
84 ms. Memory: 116224K Free: 107873K (93%)
4 ms. Memory: 116224K Free: 106686K (92%)
3 ms. Memory: 116224K Free: 106081K (91%)
4 ms. Memory: 116224K Free: 104887K (90%)
/home/travis/build/icyphy/ptII/ptolemy/actor/lib/test/AddSubtract.tcl
7 ms. Memory: 116224K Free: 103079K (89%)
5 ms. Memory: 116224K Free: 102474K (88%)
8 ms. Memory: 116224K Free: 101288K (87%)
13 ms. Memory: 116224K Free: 100683K (87%)
5 ms. Memory: 116224K Free: 100078K (86%)
4 ms. Memory: 116224K Free: 99473K (86%)
/home/travis/build/icyphy/ptII/ptolemy/actor/lib/test/Average.tcl
8 ms. Memory: 116224K Free: 97678K (84%)
5 ms. Memory: 116224K Free: 95870K (82%)
/home/travis/build/icyphy/ptII/ptolemy/actor/lib/test/Bernoulli.tcl
3 ms. Memory: 116224K Free: 94648K (81%)
2 ms. Memory: 116224K Free: 94059K (81%)
/home/travis/build/icyphy/ptII/ptolemy/actor/lib/test/Clock.tcl
preinitializing
resolving types
initializing
executing number 1
wrapping up
idle
15 ms. Memory: 116224K Free: 91654K (79%)
Completed execution with 5 iterations
preinitializing
resolving types
initializing
executing number 1
wrapping up
idle
4 ms. Memory: 116224K Free: 91064K (78%)
Completed execution with 5 iterations
preinitializing
resolving types
initializing
executing number 1
wrapping up
idle
2 ms. Memory: 116224K Free: 90451K (78%)
Completed execution with 5 iterations
/home/travis/build/icyphy/ptII/ptolemy/actor/lib/test/Commutator.tcl
5 ms. Memory: 116224K Free: 88684K (76%)
5 ms. Memory: 116224K Free: 87489K (75%)
15 ms. Memory: 116224K Free: 82524K (71%)
/home/travis/build/icyphy/ptII/ptolemy/actor/lib/test/Const.tcl
3 ms. Memory: 116224K Free: 81086K (70%)
11 ms. Memory: 146944K Free: 140276K (95%)
2 ms. Memory: 146944K Free: 140276K (95%)
2 ms. Memory: 146944K Free: 139064K (95%)
1 ms. Memory: 146944K Free: 139064K (95%)
10 ms. Memory: 146944K Free: 136672K (93%)
3 ms. Memory: 146944K Free: 136273K (93%)
2 ms. Memory: 146944K Free: 135077K (92%)
/home/travis/build/icyphy/ptII/ptolemy/actor/lib/test/CurrentTime.tcl
preinitializing
resolving types
initializing
executing number 1
wrapping up
idle
6 ms. Memory: 146944K Free: 132669K (90%)
Completed execution with 11 iterations
/home/travis/build/icyphy/ptII/ptolemy/actor/lib/test/DB.tcl
4 ms. Memory: 146944K Free: 131473K (89%)
2 ms. Memory: 146944K Free: 130277K (89%)
1 ms. Memory: 146944K Free: 130277K (89%)
/home/travis/build/icyphy/ptII/ptolemy/actor/lib/test/DiscreteRandomSource.tcl
preinitializing
resolving types
initializing
executing number 1
wrapping up
idle
3 ms. Memory: 146944K Free: 129081K (88%)
Completed execution with 4 iterations
preinitializing
resolving types
initializing
executing number 1
wrapping up
idle
3 ms. Memory: 146944K Free: 127885K (87%)
Completed execution with 4 iterations
preinitializing
resolving types
initializing
executing number 1
wrapping up
idle
2 ms. Memory: 146944K Free: 127885K (87%)
Completed execution with 4 iterations
preinitializing
resolving types
initializing
executing number 1
wrapping up
idle
3 ms. Memory: 146944K Free: 126681K (86%)
Completed execution with 4 iterations
preinitializing
resolving types
initializing
executing number 1
wrapping up
idle
3 ms. Memory: 146944K Free: 126681K (86%)
Completed execution with 4 iterations
/home/travis/build/icyphy/ptII/ptolemy/actor/lib/test/Distributor.tcl
9 ms. Memory: 146944K Free: 125485K (85%)
3 ms. Memory: 146944K Free: 124289K (85%)
StreamChangeRequest.changeExecuted(): <deleteEntity name="rec2"/> succeeded
StreamChangeRequest.changeExecuted(): <deleteRelation name="r2"/> succeeded
StreamChangeRequest.changeExecuted(): Record firings per iteration succeeded
8 ms. Memory: 146944K Free: 121881K (83%)
/home/travis/build/icyphy/ptII/ptolemy/actor/lib/test/Exit.tcl
Exit.tcl: this will print a message about Manager.exitAfterWrapup, which can be ignored.
2 ms. Memory: 146944K Free: 118874K (81%)
/home/travis/build/icyphy/ptII/ptolemy/actor/lib/test/Expression.tcl
6 ms. Memory: 146944K Free: 115229K (78%)
10 ms. Memory: 146944K Free: 115229K (78%)
9 ms. Memory: 146944K Free: 114033K (78%)
preinitializing
resolving types
initializing
executing number 1
wrapping up
idle
11 ms. Memory: 146944K Free: 111592K (76%)
Completed execution with 6 iterations
4 ms. Memory: 146944K Free: 110380K (75%)
12 ms. Memory: 146944K Free: 109168K (74%)
13 ms. Memory: 146944K Free: 107956K (73%)
3 ms. Memory: 146944K Free: 106744K (73%)
3 ms. Memory: 146944K Free: 105548K (72%)
/home/travis/build/icyphy/ptII/ptolemy/actor/lib/test/Gaussian.tcl
3 ms. Memory: 146944K Free: 104352K (71%)
sleeping 1 seconds: ...............................................................................................................................................................................................................................................................................................................................................................................................................................................................................................................................................................................................................................................................................................................................................................................................................................................................................................................................................................................................................................................................................................................................................................................................................................................................................................................................................................................................................................................................................................................................................................................................................................................................................................................................................................................................................................................................................................................................................................................................................................................................................................................................................................................................................................................................................................................................................................................................................................................................................................................................................................................................................................................................................................................................................................................................................................................................................................................................................................................................................................................................................................................................................................................................................................................................................................................................................................................................................................................................................................................................................................................................................................................................................................................................................................................................................................................................................................................................................................................................................................................................................................................................................................................................................................................................................................................................................................................................................................................................................................................................................................................................................................................................................................................................................................................................................................................................................................................................................................................................................................................................................................................................................................................................................................................................................................................................................................................................................................................................................................................................................................................................................................................................................................................................................................................................................................................................................................................................................................................................................................................................................................................................................................................................................................................................................................................................................................................................................................................................................................................................................................................................................................................................................................................................................................................................................................................................................................................................................................................................................................................................................................................................................................................................................................................................................................................................................................................................................................................................................................................................................................................................................................................................................................................................................................................................................................................................................................................................................................................................................................................................................................................................................................................................................................................................................................................................................................................................................................................................................................................................................................................................................................................................................................................................................................................................................................................................................................................................................................................................................................................................................................................................................................................................................................................................................................................................................................................................................................................................................................................................................................................................................................................................................................................................................................................................................................................................................................................................................................................................................................................................................................................................................................................................................................................................................................................................................................................................................................................................................................................................................................................................................................................................................................................................................................................................................................................................................................................................................................................................................................................................................................................................................................................................................................................................................................................................................................................................................................................................................................................................................................................................................................................................................................................................................................................................................................................................................................................................................................................................................................................................................................................................................................................................................................................................................................................................................................................................................................................................................................................................................................................................................................................................................................................................................................................................................................................................................................................................................................................................................................................................................................................................................................................................................................................................................................................................................................................................................................................................................................................................................................................................................................................................................................................................................................................................................................................................................................................................................................................................................................................................................................................................................................................................................................................................................................................................................................................................................................................................................................................................................................................................................................................................................................................................................................................................................................................................................................................................................................................................................................................................................................................................................................................................................................................................................................................................................................................................................................................................................................................................................................................................................................................................................................................................................................................................................................................................................................................................................................................................................................................................................................................................................................................................................................................................................................................................................................................................................................................................................................................................................................................................................................................................................................................................................................................................................................................................................................................................................................................................................................................................................................................................................................................................................................................................................................................................................................................................................................................................................................................................................................................................................................................................................................................................................................................................................................................................................................................................................................................................................................................................................................................................................................................................................................................................................................................................................................................................................................................................................................................................................................................................................................................................................................................................................................................................................................................................................................................................................................................................................................................................................................................................................................................................................................................................................................................................................................................................................................................................................................................................................................................................................................................................................................................................................................................................................................................................................................................................................................................................................................................................................................................................................................................................................................................................................................................................................................................................................................................................................................................................................................................................................................................................................................................................................................................................................................................................................................................................................................................................................................................................................................................................................................................................................................................................................................................................................................................................................................................................................................................................................................................................................................................................................................................................................................................................................................................................................................................................................................................................................................................................................................................................................................................................................................................................................................................................................................................................................................................................................................................................................................................................................................................................................................................................................................................................................................................................................................................................................................................................................................................................................................................................................................................................................................................................................................................................................................................................................................................................................................................................................................................................................................................................................................................................................................................................................................................................................................................................................................................................................................................................................................................................................................................................................................................................................................................................................................................................................................................................................................................................................................................................................................................................................................................................................................................................................................................................................................................................................................................................................................................................................................................................................................................................................................................................................................................................................................................................................................................................................................................................................................................................................................................................................................................................................................................................................................................................................................................................................................................................................................................................................................................................................................................................................................................................................................................................................................................................................................................................................................................................................................................................................................................................................................................................................................................................................................................................................................................................................................................................................................................................................................................................................................................................................................................................................................................................................................................................................................................................................................................................................................................................................................................................................................................................................................................................................................................................................................................................................................................................................................................................................................................................................................................................................................................................................................................................................................................................................................................................................................................................................................................................................................................................................................................................................................................................................................................................................................................................................................................................................................................................................................................................................................................................................................................................................................................................................................................................................................................................................................................................................................................................................................................................................................................................................................................................................................................................................................................................................................................................................................................................................................................................................................................................................................................................................................................................................................................................................................................................................................................................................................................................................................................................................................................................................................................................................................................................................................................................................................................................................................................................................................................................................................................................................................................................................................................................................................................................................................................................................................................................................................................................................................................................................................................................................................................................................................................................................................................................................................................................................................................................................................................................................................................................................................................................................................................................................................................................................................................................................................................................................................................................................................................................................................................................................................................................................................................................................................................................................................................................................................................................................................................................................................................................................................................................................................................................................................................................................................................................................................................................................................................................................................................................................................................................................................................................................................................................................................................................................................................................................................................................................................................................................................................................................................................................................................................................................................................................................................................................................................................................................................................................................................................................................................................................................................................................................................................................................................................................................................................................................................................................................................................................................................................................................................................................................................................................................................................................................................................................................................................................................................................................................................................................................................................................................................................................................................................................................................................................................................................................................................................................................................................................................................................................................................................................................................................................................................................................................................................................................................................................................................................................................................................................................................................................................................................................................................................................................................................................................................................................................................................................................................................................................................................................................................................................................................................................................................................................................................................................................................................................................................................................................................................................................................................................................................................................................................................................................................................................................................................................................................................................................................................................................................................................................................................................................................................................................................................................................................................................................................................................................................................................................................................................................................................................................................................................................................................................................................................................................................................................................................................................................................................................................................................................................................................................................................................................................................................................................................................................................................................................................................................................................................................................................................................................................................................................................................................................................................................................................................................................................................................................................................................................................................................................................................................................................................................................................................................................................................................................................................................................................................................................................................................................................................................................................................................................................................................................................................................................................................................................................................................................................................................................................................................................................................................................................................................................................................................................................................................................................................................................................................................................................................................................................................................................................................................................................................................................................................................................................................................................................................................................................................................................................................................................................................................................................................................................................................................................................................................................................................................................................................................................................................................................................................................................................................................................................................................................................................................................................................................................................................................................................................................................................................................................................................................................................................................................................................................................................................................................................................................................................................................................................................................................................................................................................................................................................................................................................................................................................................................................................................................................................................................................................................................................................................................................................................................................................................................................................................................................................................................................................................................................................................................................................................................................................................................................................................................................................................................................................................................................................................................................................................................................................................................................................................................................................................................................................................................................................................................................................................................................................................................................................................................................................................................................................................................................................................................................................................................................................................................................................................................................................................................................................................................................................................................................................................................................................................................................................................................................................................................................................................................................................................................................................................................................................................................................................................................................................................................................................................................................................................................................................................................................................................................................................................................................................................................................................................................................................................................................................................................................................................................................................................................................................................................................................................................................................................................................................................................................................................................................................................................................................................................................................................................................................................................................................................................................................................................................................................................................................................................................................................................................................................................................................................................................................................................................................................................................................................................................................................................................................................................................................................................................................................................................................................................................................................................................................................................................................................................................................................................................................................................................................................................................................................................................................................................................................................................................................................................................................................................................................................................................................................................................................................................................................................................................................................................................................................................................................................................................................................................................................................................................................................................................................................................................................................................................................................................................................................................................................................................................................................................................................................................................................................................................................................................................................................................................................................................................................................................................................................................................................................................................................................................................................................................................................................................................................................................................................................................................................................................................................................................................................................................................................................................................................................................................................................................................................................................................................................................................................................................................................................................................................................................................................................................................................................................................................................................................................................................................................................................................................................................................................................................................................................................................................................................................................................................................................................................................................................................................................................................................................................................................................................................................................................................................................................................................................................................................................................................................................................................................................................................................................................................................................................................................................................................................................................................................................................................................................................................................................................................................................................................................................................................................................................................................................................................................................................................................................................................................................................................................................................................................................................................................................................................................................................................................................................................................................................................................................................................................................................................................................................................................................................................................................................................................................................................................................................................................................................................................................................................................................................................................................................................................................................................................................................................................................................................................................................................................................................................................................................................................................................................................................................................................................................................................................................................................................................................................................................................................................................................................................................................................................................................................................................................................................................................................................................................................................................................................................................................................................................................................................................................................................................................................................................................................................................................................................................................................................................................................................................................................................................................................................................................................................................................................................................................................................................................................................................................................................................................................................................................................................................................................................................................................................................................................................................................................................................................................................................................................................................................................................................................................................................................................................................................................................................................................................................................................................................................................................................................................................................................................................................................................................................................................................................................................................................................................................................................................................................................................................................................................................................................................................................................................................................................................................................................................................................................................................................................................................................................................................................................................................................................................................................................................................................................................................................................................................................................................................................................................................................................................................................................................................................................................................................................................................................................................................................................................................................................................................................................................................................................................................................................................................................................................................................................................................................................................................................................................................................................................................................................................................................................................................................................................................................................................................................................................................................................................................................................................................................................................................................................................................................................................................................................................................................................................................................................................................................................................................................................................................................................................................................................................................................................................................................................................................................................................................................................................................................................................................................................................................................................................................................................................................................................................................................................................................................................................................................................................................................................................................................................................................................................................................................................................................................................................................................................................................................................................................................................................................................................................................................................................................................................................................................................................................................................................................................................................................................................................................................................................................................................................................................................................................................................................................................................................................................................................................................................................................................................................................................................................................................................................................................................................................................................................................................................................................................................................................................................................................................................................................................................................................................................................................................................................................................................................................................................................................................................................................................................................................................................................................................................................................................................................................................................................................................................................................................................................................................................................................................................................................................................................................................................................................................................................................................................................................................................................................................................................................................................................................................................................................................................................................................................................................................................................................................................................................................................................................................................................................................................................................................................................................................................................................................................................................................................................................................................................................................................................................................................................................................................................................................................................................................................................................................................................................................................................................................................................................................................................................................................................................................................................................................................................................................................................................................................................................................................................................................................................................................................................................................................................................................................................................................................................................................................................................................................................................................................................................................................................................................................................................................................................................................................................................................................................................................................................................................................................................................................................................................................................................................................................................................................................................................................2 ms. Memory: 208384K Free: 129179K (62%)
2 ms. Memory: 208384K Free: 126768K (61%)
1 ms. Memory: 208384K Free: 126768K (61%)
2 ms. Memory: 208384K Free: 126768K (61%)
2 ms. Memory: 208384K Free: 126768K (61%)
/home/travis/build/icyphy/ptII/ptolemy/actor/lib/test/IIR.tcl
/home/travis/build/icyphy/ptII/ptolemy/actor/lib/test/Interpolator.tcl
3 ms. Memory: 208384K Free: 121946K (59%)
2 ms. Memory: 208384K Free: 121946K (59%)
2 ms. Memory: 208384K Free: 119535K (57%)
1 ms. Memory: 208384K Free: 119535K (57%)
3 ms. Memory: 208384K Free: 119535K (57%)
2 ms. Memory: 208384K Free: 117124K (56%)
2 ms. Memory: 208384K Free: 117124K (56%)
1 ms. Memory: 208384K Free: 117124K (56%)
3 ms. Memory: 208384K Free: 114712K (55%)
2 ms. Memory: 208384K Free: 114712K (55%)
/home/travis/build/icyphy/ptII/ptolemy/actor/lib/test/MathFunction.tcl
4 ms. Memory: 208384K Free: 112301K (54%)
3 ms. Memory: 208384K Free: 112301K (54%)
2 ms. Memory: 208384K Free: 109890K (53%)
2 ms. Memory: 208384K Free: 109890K (53%)
3 ms. Memory: 208384K Free: 107479K (52%)
5 ms. Memory: 208384K Free: 105068K (50%)
/home/travis/build/icyphy/ptII/ptolemy/actor/lib/test/Maximum.tcl
7 ms. Memory: 208384K Free: 105068K (50%)
8 ms. Memory: 208384K Free: 102657K (49%)
2 ms. Memory: 208384K Free: 102657K (49%)
2 ms. Memory: 208384K Free: 102657K (49%)
/home/travis/build/icyphy/ptII/ptolemy/actor/lib/test/Minimum.tcl
3 ms. Memory: 208384K Free: 100242K (48%)
2 ms. Memory: 208384K Free: 100242K (48%)
2 ms. Memory: 208384K Free: 97831K (47%)
4 ms. Memory: 208384K Free: 97831K (47%)
/home/travis/build/icyphy/ptII/ptolemy/actor/lib/test/MultiplyDivide.tcl
4 ms. Memory: 208384K Free: 95420K (46%)
2 ms. Memory: 208384K Free: 95420K (46%)
2 ms. Memory: 208384K Free: 95420K (46%)
2 ms. Memory: 208384K Free: 93009K (45%)
2 ms. Memory: 208384K Free: 93009K (45%)
/home/travis/build/icyphy/ptII/ptolemy/actor/lib/test/OrderedMerge.tcl
Connections changed on port: inputA
Connections changed on port: inputB
Connections changed on port: output
Connections changed on port: output
Connections changed on port: output
Connections changed on port: input
.top. Preinitializing ...
Invoking preinitialize():  .top.OrderedMerge
Called preinitialize()
Invoking preinitialize():  .top.Ramp
Called preinitialize()
Invoking preinitialize():  .top.Ramp2
Called preinitialize()
Invoking preinitialize():  .top.Test
Called preinitialize()
Connections changed on port: inputA
Connections changed on port: output
Connections changed on port: inputB
Connections changed on port: output
Connections changed on port: output
Connections changed on port: input
.top. Finished preinitialize().
Called initialize().
Invoking initialize():  .top.OrderedMerge
Initializing actor: .top.OrderedMerge
Adding a thread: .top.OrderedMerge
Invoking initialize():  .top.Ramp
Initializing actor: .top.Ramp
Adding a thread: .top.Ramp
Invoking initialize():  .top.Ramp2
Initializing actor: .top.Ramp2
Adding a thread: .top.Ramp2
Invoking initialize():  .top.Test
Initializing actor: .top.Test
Adding a thread: .top.Test
-- Starting thread.
Called initialize()
Called prefire()
Called fire()
-- Starting thread.
Called initialize()
Called prefire()
Called fire()
Called postfire()
Called prefire()
Called fire()
-- Starting thread.
Called initialize()
Called fire().
Checking for deadlock:
There are 2 Blocked actors, 0 Stopped actors, and 4 active threads.
Waiting for actors to stop.
Called prefire()
Called fire()
Called postfire()
Called prefire()
Called fire()
Checking for deadlock:
There are 3 Blocked actors, 0 Stopped actors, and 4 active threads.
Waiting for actors to stop.
-- Starting thread.
Called initialize()
Called prefire()
Called fire()
Checking for deadlock:
There are 2 Blocked actors, 0 Stopped actors, and 4 active threads.
Waiting for actors to stop.
Called postfire()
Called prefire()
Called fire()
Checking for deadlock:
There are 3 Blocked actors, 0 Stopped actors, and 4 active threads.
Waiting for actors to stop.
Read input token from inputA with value 0.0
Next port to read input from is inputB
Called postfire()
Called prefire()
Called fire()
Called postfire()
Called prefire()
Called fire()
Checking for deadlock:
There are 3 Blocked actors, 0 Stopped actors, and 4 active threads.
Waiting for actors to stop.
Read input token from inputB with value 0.0
Checking for deadlock:
There are 2 Blocked actors, 0 Stopped actors, and 4 active threads.
Waiting for actors to stop.
-- Read input: 0.0, which is expected to match: 0.0
Called prefire()
Called fire()
Checking for deadlock:
There are 3 Blocked actors, 0 Stopped actors, and 4 active threads.
Waiting for actors to stop.
Sent output token with value 0.0
Next port to read input from is inputA
Called postfire()
Called prefire()
Called fire()
Called postfire()
Called prefire()
Called fire()
Checking for deadlock:
There are 3 Blocked actors, 0 Stopped actors, and 4 active threads.
Waiting for actors to stop.
Read input token from inputA with value 1.0
-- Read input: 0.0, which is expected to match: 0.0
Called prefire()
Called fire()
Checking for deadlock:
There are 3 Blocked actors, 0 Stopped actors, and 4 active threads.
Waiting for actors to stop.
Sent output token with value 0.0
Next port to read input from is inputB
Called postfire()
Called prefire()
Called fire()
Called postfire()
Called prefire()
Called fire()
Checking for deadlock:
There are 3 Blocked actors, 0 Stopped actors, and 4 active threads.
Waiting for actors to stop.
Read input token from inputB with value 1.5
-- Read input: 1.0, which is expected to match: 1.0
Called prefire()
Called fire()
Checking for deadlock:
There are 3 Blocked actors, 0 Stopped actors, and 4 active threads.
Waiting for actors to stop.
Sent output token with value 1.0
Next port to read input from is inputA
Called postfire()
Called prefire()
Called fire()
Called postfire()
Called prefire()
Called fire()
Checking for deadlock:
There are 3 Blocked actors, 0 Stopped actors, and 4 active threads.
Waiting for actors to stop.
Read input token from inputA with value 2.0
-- Read input: 1.5, which is expected to match: 1.5
Called prefire()
Called fire()
Checking for deadlock:
There are 3 Blocked actors, 0 Stopped actors, and 4 active threads.
Waiting for actors to stop.
Sent output token with value 1.5
Next port to read input from is inputB
Called postfire()
Called prefire()
Called fire()
Called postfire()
Called prefire()
Called fire()
Checking for deadlock:
There are 3 Blocked actors, 0 Stopped actors, and 4 active threads.
Waiting for actors to stop.
Read input token from inputB with value 3.0
-- Read input: 2.0, which is expected to match: 2.0
Called prefire()
Called fire()
Checking for deadlock:
There are 3 Blocked actors, 0 Stopped actors, and 4 active threads.
Waiting for actors to stop.
Sent output token with value 2.0
Next port to read input from is inputA
Called postfire()
Called prefire()
Called fire()
Called postfire()
Called prefire()
Called fire()
Checking for deadlock:
There are 3 Blocked actors, 0 Stopped actors, and 4 active threads.
Waiting for actors to stop.
Read input token from inputA with value 3.0
-- Read input: 3.0, which is expected to match: 3.0
Called prefire()
Called fire()
Checking for deadlock:
There are 3 Blocked actors, 0 Stopped actors, and 4 active threads.
Waiting for actors to stop.
Sent output token with value 3.0
Next port to read input from is inputB
Called postfire()
Called prefire()
Called fire()
Called postfire()
Called prefire()
Called fire()
Checking for deadlock:
There are 3 Blocked actors, 0 Stopped actors, and 4 active threads.
Waiting for actors to stop.
Read input token from inputB with value 4.5
-- Read input: 3.0, which is expected to match: 3.0
Called prefire()
Called fire()
Checking for deadlock:
There are 3 Blocked actors, 0 Stopped actors, and 4 active threads.
Waiting for actors to stop.
Sent output token with value 3.0
Next port to read input from is inputA
Called postfire()
Called prefire()
Called fire()
Called postfire()
Called prefire()
Called fire()
Checking for deadlock:
There are 3 Blocked actors, 0 Stopped actors, and 4 active threads.
Waiting for actors to stop.
Read input token from inputA with value 4.0
-- Read input: 4.0, which is expected to match: 4.0
Called prefire()
Called fire()
Past the end of training data. Read and discard all inputs.
Checking for deadlock:
There are 3 Blocked actors, 0 Stopped actors, and 4 active threads.
Waiting for actors to stop.
Sent output token with value 4.0
Next port to read input from is inputA
Called postfire()
Called prefire()
Called fire()
Called postfire()
Called prefire()
Called fire()
Checking for deadlock:
There are 3 Blocked actors, 0 Stopped actors, and 4 active threads.
Waiting for actors to stop.
Read input token from inputA with value 5.0
Called prefire()
Called fire()
Past the end of training data. Read and discard all inputs.
Checking for deadlock:
There are 3 Blocked actors, 0 Stopped actors, and 4 active threads.
Waiting for actors to stop.
Sent output token with value 4.5
Next port to read input from is inputB
Called postfire()
Called prefire()
Called fire()
Called postfire()
Called prefire()
Called fire()
Checking for deadlock:
There are 3 Blocked actors, 0 Stopped actors, and 4 active threads.
Waiting for actors to stop.
Read input token from inputB with value 6.0
Called prefire()
Called fire()
Past the end of training data. Read and discard all inputs.
Checking for deadlock:
There are 3 Blocked actors, 0 Stopped actors, and 4 active threads.
Waiting for actors to stop.
Sent output token with value 5.0
Next port to read input from is inputA
Called postfire()
Called prefire()
Called fire()
Called postfire()
Called prefire()
Called fire()
Checking for deadlock:
There are 3 Blocked actors, 0 Stopped actors, and 4 active threads.
Waiting for actors to stop.
Read input token from inputA with value 6.0
Called prefire()
Called fire()
Past the end of training data. Read and discard all inputs.
Checking for deadlock:
There are 3 Blocked actors, 0 Stopped actors, and 4 active threads.
Waiting for actors to stop.
Sent output token with value 6.0
Next port to read input from is inputB
Called postfire()
Called prefire()
Called fire()
Called postfire()
Called prefire()
Called fire()
Checking for deadlock:
There are 3 Blocked actors, 0 Stopped actors, and 4 active threads.
Waiting for actors to stop.
Read input token from inputB with value 7.5
Called prefire()
Called fire()
Past the end of training data. Read and discard all inputs.
Checking for deadlock:
There are 3 Blocked actors, 0 Stopped actors, and 4 active threads.
Waiting for actors to stop.
Sent output token with value 6.0
Next port to read input from is inputA
Called postfire()
Called prefire()
Called fire()
Called postfire()
Called prefire()
Called fire()
Checking for deadlock:
There are 3 Blocked actors, 0 Stopped actors, and 4 active threads.
Waiting for actors to stop.
Read input token from inputA with value 7.0
Called prefire()
Called fire()
Past the end of training data. Read and discard all inputs.
Checking for deadlock:
There are 3 Blocked actors, 0 Stopped actors, and 4 active threads.
Waiting for actors to stop.
Sent output token with value 7.0
Next port to read input from is inputA
Called postfire()
Called prefire()
Called fire()
-- Thread wrapup() called.
Called wrapup()
Thread .top.Ramp is exiting.
-- Thread stopped.
Checking for deadlock:
There are 2 Blocked actors, 0 Stopped actors, and 3 active threads.
Waiting for actors to stop.
Read input token from inputA with value 8.0
Called prefire()
Called fire()
Past the end of training data. Read and discard all inputs.
Checking for deadlock:
There are 2 Blocked actors, 0 Stopped actors, and 3 active threads.
Waiting for actors to stop.
Sent output token with value 7.5
Next port to read input from is inputB
Called postfire()
Called prefire()
Called fire()
Called postfire()
Called prefire()
Called fire()
Checking for deadlock:
There are 2 Blocked actors, 0 Stopped actors, and 3 active threads.
Waiting for actors to stop.
Read input token from inputB with value 9.0
Called prefire()
Called fire()
Past the end of training data. Read and discard all inputs.
Checking for deadlock:
There are 2 Blocked actors, 0 Stopped actors, and 3 active threads.
Waiting for actors to stop.
Sent output token with value 8.0
Next port to read input from is inputA
Called postfire()
Called prefire()
Called fire()
Read input token from inputA with value 9.0
Checking for deadlock:
There are 1 Blocked actors, 0 Stopped actors, and 3 active threads.
Waiting for actors to stop.
Called prefire()
Called fire()
Past the end of training data. Read and discard all inputs.
Checking for deadlock:
There are 2 Blocked actors, 0 Stopped actors, and 3 active threads.
Waiting for actors to stop.
Sent output token with value 9.0
Next port to read input from is inputB
Called postfire()
Called prefire()
Called fire()
Called postfire()
Called prefire()
Called fire()
Checking for deadlock:
There are 2 Blocked actors, 0 Stopped actors, and 3 active threads.
Waiting for actors to stop.
Read input token from inputB with value 10.5
Called prefire()
Called fire()
Past the end of training data. Read and discard all inputs.
Checking for deadlock:
There are 2 Blocked actors, 0 Stopped actors, and 3 active threads.
Waiting for actors to stop.
Sent output token with value 9.0
Next port to read input from is inputA
Called postfire()
Called prefire()
Called fire()
Checking for deadlock:
There are 3 Blocked actors, 0 Stopped actors, and 3 active threads.
Actors have stopped.
Checking for deadlock:
There are 3 Blocked actors, 0 Stopped actors, and 3 active threads.
Deadlock detected.
Resolving Deadlock
Checking for deadlock:
There are 3 Blocked actors, 0 Stopped actors, and 3 active threads.
Artificial Deadlock - increasing queue capacity.
increasing the capacity of receiver ptolemy.actor.TypedIOPort {.top.OrderedMerge.inputB} to 2
Director: Called postfire().
Called postfire().
_stopRequested = false
_stopFireRequested = false
Returning from postfire(): true
Called fire().
Checking for deadlock:
There are 2 Blocked actors, 0 Stopped actors, and 3 active threads.
Waiting for actors to stop.
-- Thread wrapup() called.
Called wrapup()
Thread .top.Ramp2 is exiting.
-- Thread stopped.
Checking for deadlock:
There are 2 Blocked actors, 0 Stopped actors, and 2 active threads.
Actors have stopped.
Checking for deadlock:
There are 2 Blocked actors, 0 Stopped actors, and 2 active threads.
Deadlock detected.
Resolving Deadlock
Checking for deadlock:
There are 2 Blocked actors, 0 Stopped actors, and 2 active threads.
Deadlock detected: no processes blocked on write, but some are blocked on read.
Called postfire().
_stopRequested = false
_stopFireRequested = false
Returning from postfire(): false
Finished deactivating branches.
Called wrapup().
-- Thread wrapup() called.
Called wrapup()
Thread .top.OrderedMerge is exiting.
-- Thread wrapup() called.
Called wrapup()
Thread .top.Test is exiting.
-- Thread stopped.
-- Blocked Receiver call threw TerminateProcessException.
33 ms. Memory: 208384K Free: 85682K (41%)
.top. Preinitializing ...
Invoking preinitialize():  .top.OrderedMerge
Called preinitialize()
Invoking preinitialize():  .top.Ramp
Called preinitialize()
Invoking preinitialize():  .top.Ramp2
Called preinitialize()
Invoking preinitialize():  .top.Test
Called preinitialize()
.top. Finished preinitialize().
Called initialize().
Invoking initialize():  .top.OrderedMerge
Initializing actor: .top.OrderedMerge
Adding a thread: .top.OrderedMerge
Invoking initialize():  .top.Ramp
Initializing actor: .top.Ramp
Adding a thread: .top.Ramp
Invoking initialize():  .top.Ramp2
Initializing actor: .top.Ramp2
Adding a thread: .top.Ramp2
Invoking initialize():  .top.Test
Initializing actor: .top.Test
Adding a thread: .top.Test
-- Thread stopped.
-- Blocked Receiver call threw TerminateProcessException.
-- Starting thread.
Called initialize()
Called prefire()
Called fire()
-- Starting thread.
Called initialize()
Called prefire()
Called fire()
Called postfire()
Called prefire()
Called fire()
-- Starting thread.
Called initialize()
Called prefire()
Called fire()
Called postfire()
Called prefire()
Called fire()
Called fire().
Checking for deadlock:
There are 3 Blocked actors, 0 Stopped actors, and 4 active threads.
Waiting for actors to stop.
-- Starting thread.
Called initialize()
Called prefire()
Called fire()
Checking for deadlock:
There are 2 Blocked actors, 0 Stopped actors, and 4 active threads.
Waiting for actors to stop.
Read input token from inputA with value 0.0
Next port to read input from is inputB
Called postfire()
Called prefire()
Called fire()
Read input token from inputB with value 0.0
Sent output token with value 0.0
Next port to read input from is inputA
Called postfire()
Called prefire()
Called fire()
-- Read input: 0.0, which is expected to match: 0.0
Called postfire()
Called prefire()
Called prefire()
Called fire()
Called fire()
Called postfire()
Called prefire()
Called fire()
Checking for deadlock:
There are 3 Blocked actors, 0 Stopped actors, and 4 active threads.
Waiting for actors to stop.
Called postfire()
Called prefire()
Called fire()
Read input token from inputA with value 1.0
Sent output token with value 0.0
Next port to read input from is inputB
Called postfire()
Called prefire()
Called fire()
Read input token from inputB with value 1.5
-- Read input: 0.0, which is expected to match: 0.0
Called prefire()
Called fire()
Checking for deadlock:
There are 2 Blocked actors, 0 Stopped actors, and 4 active threads.
Waiting for actors to stop.
Called postfire()
Called prefire()
Called fire()
Sent output token with value 1.0
Checking for deadlock:
Next port to read input from is inputA
There are 2 Blocked actors, 0 Stopped actors, and 4 active threads.
Called postfire()
Waiting for actors to stop.
Called prefire()
Called fire()
Read input token from inputA with value 2.0
-- Read input: 1.0, which is expected to match: 1.0
Called prefire()
Called fire()
Checking for deadlock:
There are 2 Blocked actors, 0 Stopped actors, and 4 active threads.
Waiting for actors to stop.
Called postfire()
Called prefire()
Called fire()
Checking for deadlock:
There are 3 Blocked actors, 0 Stopped actors, and 4 active threads.
Waiting for actors to stop.
Sent output token with value 1.5
Next port to read input from is inputB
Called postfire()
Called prefire()
Called fire()
Read input token from inputB with value 3.0
-- Read input: 1.5, which is expected to match: 1.5
Called prefire()
Called fire()
Checking for deadlock:
There are 2 Blocked actors, 0 Stopped actors, and 4 active threads.
Waiting for actors to stop.
Called postfire()
Called prefire()
Called fire()
Checking for deadlock:
There are 3 Blocked actors, 0 Stopped actors, and 4 active threads.
Waiting for actors to stop.
Sent output token with value 2.0
Next port to read input from is inputA
Called postfire()
Called prefire()
Called fire()
Read input token from inputA with value 3.0
-- Read input: 2.0, which is expected to match: 2.0
Called prefire()
Called fire()
Checking for deadlock:
There are 2 Blocked actors, 0 Stopped actors, and 4 active threads.
Waiting for actors to stop.
Called postfire()
Called prefire()
Called fire()
Checking for deadlock:
There are 3 Blocked actors, 0 Stopped actors, and 4 active threads.
Waiting for actors to stop.
Sent output token with value 3.0
Next port to read input from is inputB
Called postfire()
Called prefire()
Called fire()
Read input token from inputB with value 4.5
-- Read input: 3.0, which is expected to match: 3.0
Called prefire()
Called fire()
Checking for deadlock:
There are 2 Blocked actors, 0 Stopped actors, and 4 active threads.
Waiting for actors to stop.
Called postfire()
Called prefire()
Called fire()
Checking for deadlock:
There are 3 Blocked actors, 0 Stopped actors, and 4 active threads.
Waiting for actors to stop.
Sent output token with value 3.0
Next port to read input from is inputA
Called postfire()
Called prefire()
Called fire()
Read input token from inputA with value 4.0
-- Read input: 3.0, which is expected to match: 3.0
Called prefire()
Called fire()
Checking for deadlock:
There are 2 Blocked actors, 0 Stopped actors, and 4 active threads.
Waiting for actors to stop.
Called postfire()
Called prefire()
Called fire()
Checking for deadlock:
There are 3 Blocked actors, 0 Stopped actors, and 4 active threads.
Waiting for actors to stop.
Sent output token with value 4.0
Next port to read input from is inputA
Called postfire()
Called prefire()
Called fire()
Read input token from inputA with value 5.0
-- Read input: 4.0, which is expected to match: 4.0
Called prefire()
Called fire()
Past the end of training data. Read and discard all inputs.
Checking for deadlock:
There are 2 Blocked actors, 0 Stopped actors, and 4 active threads.
Waiting for actors to stop.
Called postfire()
Called prefire()
Called fire()
Sent output token with value 4.5
Checking for deadlock:
There are 2 Blocked actors, 0 Stopped actors, and 4 active threads.
Next port to read input from is inputB
Waiting for actors to stop.
Called postfire()
Called prefire()
Called fire()
Read input token from inputB with value 6.0
Called prefire()
Called fire()
Past the end of training data. Read and discard all inputs.
Checking for deadlock:
There are 2 Blocked actors, 0 Stopped actors, and 4 active threads.
Waiting for actors to stop.
Called postfire()
Called prefire()
Called fire()
Checking for deadlock:
There are 3 Blocked actors, 0 Stopped actors, and 4 active threads.
Waiting for actors to stop.
Sent output token with value 5.0
Next port to read input from is inputA
Called postfire()
Called prefire()
Called fire()
Read input token from inputA with value 6.0
Called prefire()
Called fire()
Past the end of training data. Read and discard all inputs.
Checking for deadlock:
There are 2 Blocked actors, 0 Stopped actors, and 4 active threads.
Waiting for actors to stop.
Called postfire()
Called prefire()
Called fire()
Checking for deadlock:
There are 3 Blocked actors, 0 Stopped actors, and 4 active threads.
Waiting for actors to stop.
Sent output token with value 6.0
Next port to read input from is inputB
Called postfire()
Called prefire()
Called fire()
Read input token from inputB with value 7.5
Called prefire()
Called fire()
Past the end of training data. Read and discard all inputs.
Checking for deadlock:
There are 2 Blocked actors, 0 Stopped actors, and 4 active threads.
Waiting for actors to stop.
Called postfire()
Called prefire()
Called fire()
Checking for deadlock:
There are 3 Blocked actors, 0 Stopped actors, and 4 active threads.
Waiting for actors to stop.
Sent output token with value 6.0
Next port to read input from is inputA
Called postfire()
Called prefire()
Called fire()
Read input token from inputA with value 7.0
Called prefire()
Called fire()
Past the end of training data. Read and discard all inputs.
Checking for deadlock:
There are 2 Blocked actors, 0 Stopped actors, and 4 active threads.
Waiting for actors to stop.
Called postfire()
Called prefire()
Called fire()
Checking for deadlock:
There are 3 Blocked actors, 0 Stopped actors, and 4 active threads.
Waiting for actors to stop.
Sent output token with value 7.0
Next port to read input from is inputA
Called postfire()
Called prefire()
Called fire()
Read input token from inputA with value 8.0
Called prefire()
Called fire()
Past the end of training data. Read and discard all inputs.
Checking for deadlock:
There are 2 Blocked actors, 0 Stopped actors, and 4 active threads.
Waiting for actors to stop.
-- Thread wrapup() called.
Called wrapup()
Sent output token with value 7.5
Thread .top.Ramp is exiting.
-- Thread stopped.
Next port to read input from is inputB
Called postfire()
Called prefire()
Called fire()
Read input token from inputB with value 9.0
Called postfire()
Called prefire()
Called fire()
Checking for deadlock:
There are 1 Blocked actors, 0 Stopped actors, and 3 active threads.
Waiting for actors to stop.
Checking for deadlock:
There are 0 Blocked actors, 0 Stopped actors, and 3 active threads.
Called prefire()
Waiting for actors to stop.
Called fire()
Past the end of training data. Read and discard all inputs.
Checking for deadlock:
There are 1 Blocked actors, 0 Stopped actors, and 3 active threads.
Waiting for actors to stop.
Checking for deadlock:
There are 0 Blocked actors, 0 Stopped actors, and 3 active threads.
Waiting for actors to stop.
Sent output token with value 8.0
Called prefire()
Called fire()
Past the end of training data. Read and discard all inputs.
Checking for deadlock:
There are 1 Blocked actors, 0 Stopped actors, and 3 active threads.
Waiting for actors to stop.
Next port to read input from is inputA
Checking for deadlock:
Called postfire()
There are 2 Blocked actors, 0 Stopped actors, and 3 active threads.
Called prefire()
Waiting for actors to stop.
Called fire()
Read input token from inputA with value 9.0
Sent output token with value 9.0
Next port to read input from is inputB
Called postfire()
Called prefire()
Called fire()
Read input token from inputB with value 10.5
Checking for deadlock:
There are 0 Blocked actors, 0 Stopped actors, and 3 active threads.
Called prefire()
Waiting for actors to stop.
Called fire()
Past the end of training data. Read and discard all inputs.
Called postfire()
Called prefire()
Called fire()
Sent output token with value 9.0
Checking for deadlock:
There are 1 Blocked actors, 0 Stopped actors, and 3 active threads.
Waiting for actors to stop.
Next port to read input from is inputA
Called postfire()
Called prefire()
Called fire()
Checking for deadlock:
There are 2 Blocked actors, 0 Stopped actors, and 3 active threads.
Called prefire()
Waiting for actors to stop.
Called fire()
Past the end of training data. Read and discard all inputs.
Checking for deadlock:
There are 3 Blocked actors, 0 Stopped actors, and 3 active threads.
Actors have stopped.
Checking for deadlock:
There are 3 Blocked actors, 0 Stopped actors, and 3 active threads.
Deadlock detected.
Resolving Deadlock
Checking for deadlock:
There are 3 Blocked actors, 0 Stopped actors, and 3 active threads.
Artificial Deadlock - increasing queue capacity.
increasing the capacity of receiver ptolemy.actor.TypedIOPort {.top.OrderedMerge.inputB} to 2
Director: Called postfire().
Called postfire().
_stopRequested = false
_stopFireRequested = false
Returning from postfire(): true
-- Thread wrapup() called.
Called wrapup()
Thread .top.Ramp2 is exiting.
-- Thread stopped.
Called fire().
Checking for deadlock:
There are 2 Blocked actors, 0 Stopped actors, and 2 active threads.
Actors have stopped.
Checking for deadlock:
There are 2 Blocked actors, 0 Stopped actors, and 2 active threads.
Deadlock detected.
Resolving Deadlock
Checking for deadlock:
There are 2 Blocked actors, 0 Stopped actors, and 2 active threads.
Deadlock detected: no processes blocked on write, but some are blocked on read.
Called postfire().
_stopRequested = false
_stopFireRequested = false
Returning from postfire(): false
Finished deactivating branches.
Called wrapup().
-- Thread wrapup() called.
Called wrapup()
-- Thread wrapup() called.
Called wrapup()
Thread .top.OrderedMerge is exiting.
-- Thread stopped.
-- Blocked Receiver call threw TerminateProcessException.
Thread .top.Test is exiting.
-- Thread stopped.
-- Blocked Receiver call threw TerminateProcessException.
48 ms. Memory: 208384K Free: 80767K (39%)
/home/travis/build/icyphy/ptII/ptolemy/actor/lib/test/Publisher.tcl
14 ms. Memory: 331264K Free: 314910K (95%)
9 ms. Memory: 331264K Free: 310227K (94%)
3 ms. Memory: 331264K Free: 305545K (92%)
7 ms. Memory: 331264K Free: 305545K (92%)
9 ms. Memory: 331264K Free: 305545K (92%)
3 ms. Memory: 331264K Free: 305545K (92%)
2 ms. Memory: 331264K Free: 305545K (92%)
15 ms. Memory: 331264K Free: 305545K (92%)
1 ms. Memory: 331264K Free: 296180K (89%)
3 ms. Memory: 331264K Free: 291498K (88%)
1 ms. Memory: 331264K Free: 291498K (88%)
1 ms. Memory: 331264K Free: 286815K (87%)
5 ms. Memory: 331264K Free: 277450K (84%)
5 ms. Memory: 331264K Free: 268085K (81%)
5 ms. Memory: 331264K Free: 258720K (78%)
/home/travis/build/icyphy/ptII/ptolemy/actor/lib/test/Pulse.tcl
5 ms. Memory: 331264K Free: 216562K (65%)
5 ms. Memory: 331264K Free: 211864K (64%)
9 ms. Memory: 331264K Free: 211864K (64%)
2 ms. Memory: 331264K Free: 211864K (64%)
1 ms. Memory: 331264K Free: 211864K (64%)
1 ms. Memory: 331264K Free: 211864K (64%)
5 ms. Memory: 331264K Free: 211864K (64%)
1 ms. Memory: 331264K Free: 211864K (64%)
8 ms. Memory: 331264K Free: 207181K (63%)
/home/travis/build/icyphy/ptII/ptolemy/actor/lib/test/Ramp.tcl
6 ms. Memory: 331264K Free: 207181K (63%)
1 ms. Memory: 331264K Free: 207181K (63%)
2 ms. Memory: 331264K Free: 207181K (63%)
1 ms. Memory: 331264K Free: 207181K (63%)
2 ms. Memory: 331264K Free: 202499K (61%)
8 ms. Memory: 331264K Free: 202499K (61%)
4 ms. Memory: 331264K Free: 202499K (61%)
5 actors
5000 microseconds per iteration to create
4 ms. Memory: 331264K Free: 197801K (60%)
1 ms. Memory: 331264K Free: 197801K (60%)
2 ms. Memory: 331264K Free: 197801K (60%)
1 ms. Memory: 331264K Free: 197801K (60%)
50 actors
24000 microseconds per iteration to create
36 ms. Memory: 331264K Free: 183737K (55%)
12 ms. Memory: 331264K Free: 179055K (54%)
11 ms. Memory: 331264K Free: 179055K (54%)
9 ms. Memory: 331264K Free: 179055K (54%)
500 actors
1181000 microseconds per iteration to create
293 ms. Memory: 331776K Free: 258154K (78%)
45 ms. Memory: 331776K Free: 253400K (76%)
42 ms. Memory: 331776K Free: 248645K (75%)
48 ms. Memory: 331776K Free: 243891K (74%)
/home/travis/build/icyphy/ptII/ptolemy/actor/lib/test/RampContinuous.tcl
8 ms. Memory: 331776K Free: 239129K (72%)
/home/travis/build/icyphy/ptII/ptolemy/actor/lib/test/RecordAssembler.tcl
4 ms. Memory: 331776K Free: 239129K (72%)
4 ms. Memory: 331776K Free: 239129K (72%)
/home/travis/build/icyphy/ptII/ptolemy/actor/lib/test/RecordDisassembler.tcl
6 ms. Memory: 331776K Free: 234359K (71%)
3 ms. Memory: 331776K Free: 234359K (71%)
4 ms. Memory: 331776K Free: 234359K (71%)
/home/travis/build/icyphy/ptII/ptolemy/actor/lib/test/Scale.tcl
5 ms. Memory: 331776K Free: 234359K (71%)
1 ms. Memory: 331776K Free: 229604K (69%)
2 ms. Memory: 331776K Free: 229604K (69%)
2 ms. Memory: 331776K Free: 229604K (69%)
6 ms. Memory: 331776K Free: 229604K (69%)
/home/travis/build/icyphy/ptII/ptolemy/actor/lib/test/SequentialClock.tcl
preinitializing
resolving types
initializing
executing number 1
wrapping up
idle
3 ms. Memory: 331776K Free: 229604K (69%)
Completed execution with 5 iterations
preinitializing
resolving types
initializing
executing number 1
wrapping up
idle
3 ms. Memory: 331776K Free: 229604K (69%)
Completed execution with 5 iterations
preinitializing
resolving types
initializing
executing number 1
wrapping up
idle
1 ms. Memory: 331776K Free: 224850K (68%)
Completed execution with 5 iterations
/home/travis/build/icyphy/ptII/ptolemy/actor/lib/test/SetVariable.tcl
3 ms. Memory: 331776K Free: 224850K (68%)
/home/travis/build/icyphy/ptII/ptolemy/actor/lib/test/Sinewave.tcl
/home/travis/build/icyphy/ptII/ptolemy/actor/lib/test/SubscriptionAggregator.tcl
4 ms. Memory: 331776K Free: 210579K (63%)
2 ms. Memory: 331776K Free: 210579K (63%)
1 ms. Memory: 331776K Free: 210579K (63%)
1 ms. Memory: 331776K Free: 210579K (63%)
2 ms. Memory: 331776K Free: 205809K (62%)
2 ms. Memory: 331776K Free: 205809K (62%)
...............................................................875 ms. Memory: 576000K Free: 89006K (15%)
/home/travis/build/icyphy/ptII/ptolemy/actor/lib/test/Test.tcl
 The next command will produce a warning about training mode,
   which may be ignored.
3 ms. Memory: 576000K Free: 89006K (15%)
2 ms. Memory: 576000K Free: 79488K (14%)
1 ms. Memory: 576000K Free: 79488K (14%)
1 ms. Memory: 576000K Free: 79488K (14%)
2 ms. Memory: 576000K Free: 79488K (14%)
2 ms. Memory: 576000K Free: 79488K (14%)
3 ms. Memory: 576000K Free: 79488K (14%)
 The next command will produce a warning about training mode,
   which may be ignored.
4 ms. Memory: 576000K Free: 79488K (14%)
 The next command will produce a warning about training mode,
   which may be ignored.
11 ms. Memory: 576000K Free: 79488K (14%)
1 ms. Memory: 576000K Free: 79488K (14%)
1 ms. Memory: 576000K Free: 69969K (12%)
1 ms. Memory: 576000K Free: 69969K (12%)
1 ms. Memory: 576000K Free: 69969K (12%)
4 ms. Memory: 576000K Free: 69969K (12%)
/home/travis/build/icyphy/ptII/ptolemy/actor/lib/test/TestExceptionHandler.tcl
 The next command will produce a warning about training mode,
   which may be ignored.
1 ms. Memory: 576000K Free: 69969K (12%)
1 ms. Memory: 576000K Free: 69969K (12%)
1 ms. Memory: 576000K Free: 69969K (12%)
/home/travis/build/icyphy/ptII/ptolemy/actor/lib/test/UnionDisassembler.tcl
25 ms. Memory: 579584K Free: 533130K (92%)
/home/travis/build/icyphy/ptII/ptolemy/actor/lib/test/VariableClock.tcl
preinitializing
resolving types
initializing
executing number 1
wrapping up
idle
9 ms. Memory: 579584K Free: 533130K (92%)
Completed execution with 11 iterations
preinitializing
resolving types
initializing
executing number 1
wrapping up
idle
4 ms. Memory: 579584K Free: 533130K (92%)
Completed execution with 10 iterations
06/13/18 02:14:06
Failed: 0  Total Tests: 234  ((Passed: 234, Newly Passed: 0)  Known Failed: 0) /home/travis/build/icyphy/ptII/ptolemy/actor/lib/test
----------------- testing (KnownFailure) /home/travis/build/icyphy/ptII/ptolemy/actor/lib/test/auto/knownFailedTests/PublisherPortToplevelSubscriber.xml
1 ms. Memory: 579584K Free: 513801K (89%)
Known Failure: java.lang.reflect.InvocationTargetException
----------------- testing (KnownFailure) /home/travis/build/icyphy/ptII/ptolemy/actor/lib/test/auto/knownFailedTests/PublisherSubscriberPortToplevel.xml
1 ms. Memory: 579584K Free: 494325K (85%)
Known Failure: java.lang.reflect.InvocationTargetException
----------------- testing (KnownFailure) /home/travis/build/icyphy/ptII/ptolemy/actor/lib/test/auto/knownFailedTests/PublisherSubscriptionAggregatorPort.xml
1 ms. Memory: 579584K Free: 474848K (82%)
Known Failure: java.lang.reflect.InvocationTargetException
----------------- testing (KnownFailure) /home/travis/build/icyphy/ptII/ptolemy/actor/lib/test/auto/knownFailedTests/sizedarray3.xml
5 ms. Memory: 579584K Free: 455371K (79%)
Known Failure: java.lang.reflect.InvocationTargetException
No auto/linux-amd64/*.xml tests in /home/travis/build/icyphy/ptII/ptolemy/actor/lib/test
AutoTests.java: About to close Vertx.
AutoTests.java: Vertx closed.

===========================================================================================
----------------- testing Wed Jun 13 02:14:06 UTC 2018 /home/travis/build/icyphy/ptII/ptolemy/actor/lib/test/auto/AbsoluteValue.xml
----------------- Instantiating /home/travis/build/icyphy/ptII/ptolemy/actor/lib/test/auto/AbsoluteValue.xml
4 ms. Memory: 579584K Free: 377760K (65%)
----------------- Invoking toplevel() on ptolemy.moml.MoMLSimpleApplication@2a10fb3c
----------------- Done invoking toplevel() on ptolemy.moml.MoMLSimpleApplication@2a10fb3c
reloadAllAccessors: .AbsoluteValue

===========================================================================================
----------------- testing Wed Jun 13 02:14:06 UTC 2018 /home/travis/build/icyphy/ptII/ptolemy/actor/lib/test/auto/AbsoluteValue2.xml
----------------- Instantiating /home/travis/build/icyphy/ptII/ptolemy/actor/lib/test/auto/AbsoluteValue2.xml
10 ms. Memory: 579584K Free: 363136K (63%)
----------------- Invoking toplevel() on ptolemy.moml.MoMLSimpleApplication@16bf24dd
----------------- Done invoking toplevel() on ptolemy.moml.MoMLSimpleApplication@16bf24dd
reloadAllAccessors: .AbsoluteValue2

===========================================================================================
----------------- testing Wed Jun 13 02:14:06 UTC 2018 /home/travis/build/icyphy/ptII/ptolemy/actor/lib/test/auto/Accumulator.xml
----------------- Instantiating /home/travis/build/icyphy/ptII/ptolemy/actor/lib/test/auto/Accumulator.xml
7 ms. Memory: 579584K Free: 343807K (59%)
----------------- Invoking toplevel() on ptolemy.moml.MoMLSimpleApplication@16371fb4
----------------- Done invoking toplevel() on ptolemy.moml.MoMLSimpleApplication@16371fb4
reloadAllAccessors: .Accumulator

===========================================================================================
----------------- testing Wed Jun 13 02:14:06 UTC 2018 /home/travis/build/icyphy/ptII/ptolemy/actor/lib/test/auto/Accumulator2.xml
----------------- Instantiating /home/travis/build/icyphy/ptII/ptolemy/actor/lib/test/auto/Accumulator2.xml
10 ms. Memory: 579584K Free: 334069K (58%)
----------------- Invoking toplevel() on ptolemy.moml.MoMLSimpleApplication@233c2555
----------------- Done invoking toplevel() on ptolemy.moml.MoMLSimpleApplication@233c2555
reloadAllAccessors: .Accumulator2

===========================================================================================
----------------- testing Wed Jun 13 02:14:06 UTC 2018 /home/travis/build/icyphy/ptII/ptolemy/actor/lib/test/auto/Accumulator3.xml
----------------- Instantiating /home/travis/build/icyphy/ptII/ptolemy/actor/lib/test/auto/Accumulator3.xml
10 ms. Memory: 579584K Free: 324331K (56%)
----------------- Invoking toplevel() on ptolemy.moml.MoMLSimpleApplication@17929c93
----------------- Done invoking toplevel() on ptolemy.moml.MoMLSimpleApplication@17929c93
reloadAllAccessors: .Accumulator3

===========================================================================================
----------------- testing Wed Jun 13 02:14:06 UTC 2018 /home/travis/build/icyphy/ptII/ptolemy/actor/lib/test/auto/ArrayAppend.xml
----------------- Instantiating /home/travis/build/icyphy/ptII/ptolemy/actor/lib/test/auto/ArrayAppend.xml
3 ms. Memory: 579584K Free: 314592K (54%)
----------------- Invoking toplevel() on ptolemy.moml.MoMLSimpleApplication@8630931
----------------- Done invoking toplevel() on ptolemy.moml.MoMLSimpleApplication@8630931
reloadAllAccessors: .ArrayAppend

===========================================================================================
----------------- testing Wed Jun 13 02:14:06 UTC 2018 /home/travis/build/icyphy/ptII/ptolemy/actor/lib/test/auto/ArrayAppend2.xml
----------------- Instantiating /home/travis/build/icyphy/ptII/ptolemy/actor/lib/test/auto/ArrayAppend2.xml
399 ms. Memory: 579584K Free: 217357K (38%)
----------------- Invoking toplevel() on ptolemy.moml.MoMLSimpleApplication@7b128e6b
----------------- Done invoking toplevel() on ptolemy.moml.MoMLSimpleApplication@7b128e6b
reloadAllAccessors: .ArrayAppend2

===========================================================================================
----------------- testing Wed Jun 13 02:14:07 UTC 2018 /home/travis/build/icyphy/ptII/ptolemy/actor/lib/test/auto/ArrayAppend3.xml
----------------- Instantiating /home/travis/build/icyphy/ptII/ptolemy/actor/lib/test/auto/ArrayAppend3.xml
8 ms. Memory: 579584K Free: 207619K (36%)
----------------- Invoking toplevel() on ptolemy.moml.MoMLSimpleApplication@619a61cc
----------------- Done invoking toplevel() on ptolemy.moml.MoMLSimpleApplication@619a61cc
reloadAllAccessors: .ArrayAppend3

===========================================================================================
----------------- testing Wed Jun 13 02:14:07 UTC 2018 /home/travis/build/icyphy/ptII/ptolemy/actor/lib/test/auto/ArrayAppend4.xml
----------------- Instantiating /home/travis/build/icyphy/ptII/ptolemy/actor/lib/test/auto/ArrayAppend4.xml
2 ms. Memory: 579584K Free: 197880K (34%)
----------------- Invoking toplevel() on ptolemy.moml.MoMLSimpleApplication@61fad786
----------------- Done invoking toplevel() on ptolemy.moml.MoMLSimpleApplication@61fad786
reloadAllAccessors: .ArrayAppend4

===========================================================================================
----------------- testing Wed Jun 13 02:14:07 UTC 2018 /home/travis/build/icyphy/ptII/ptolemy/actor/lib/test/auto/ArrayAppend5.xml
----------------- Instantiating /home/travis/build/icyphy/ptII/ptolemy/actor/lib/test/auto/ArrayAppend5.xml
2 ms. Memory: 579584K Free: 188142K (32%)
----------------- Invoking toplevel() on ptolemy.moml.MoMLSimpleApplication@2eb9f424
----------------- Done invoking toplevel() on ptolemy.moml.MoMLSimpleApplication@2eb9f424
reloadAllAccessors: .ArrayAppend5

===========================================================================================
----------------- testing Wed Jun 13 02:14:07 UTC 2018 /home/travis/build/icyphy/ptII/ptolemy/actor/lib/test/auto/ArrayAppend6.xml
----------------- Instantiating /home/travis/build/icyphy/ptII/ptolemy/actor/lib/test/auto/ArrayAppend6.xml
2 ms. Memory: 579584K Free: 168813K (29%)
----------------- Invoking toplevel() on ptolemy.moml.MoMLSimpleApplication@272ea9be
----------------- Done invoking toplevel() on ptolemy.moml.MoMLSimpleApplication@272ea9be
reloadAllAccessors: .ArrayAppend6

===========================================================================================
----------------- testing Wed Jun 13 02:14:07 UTC 2018 /home/travis/build/icyphy/ptII/ptolemy/actor/lib/test/auto/ArrayAppendPerformanceTest.xml
----------------- Instantiating /home/travis/build/icyphy/ptII/ptolemy/actor/lib/test/auto/ArrayAppendPerformanceTest.xml
24 ms. Memory: 579584K Free: 154189K (27%)
----------------- Invoking toplevel() on ptolemy.moml.MoMLSimpleApplication@424ad5
----------------- Done invoking toplevel() on ptolemy.moml.MoMLSimpleApplication@424ad5
reloadAllAccessors: .ArrayAppendPerformanceTest

===========================================================================================
----------------- testing Wed Jun 13 02:14:07 UTC 2018 /home/travis/build/icyphy/ptII/ptolemy/actor/lib/test/auto/ArrayAppendWithEmptyInput.xml
----------------- Instantiating /home/travis/build/icyphy/ptII/ptolemy/actor/lib/test/auto/ArrayAppendWithEmptyInput.xml
21 ms. Memory: 579584K Free: 139566K (24%)
----------------- Invoking toplevel() on ptolemy.moml.MoMLSimpleApplication@94a65bc
----------------- Done invoking toplevel() on ptolemy.moml.MoMLSimpleApplication@94a65bc
reloadAllAccessors: .ArrayAppendWithEmptyInput

===========================================================================================
----------------- testing Wed Jun 13 02:14:07 UTC 2018 /home/travis/build/icyphy/ptII/ptolemy/actor/lib/test/auto/ArrayAverage.xml
----------------- Instantiating /home/travis/build/icyphy/ptII/ptolemy/actor/lib/test/auto/ArrayAverage.xml
14 ms. Memory: 579584K Free: 124942K (22%)
----------------- Invoking toplevel() on ptolemy.moml.MoMLSimpleApplication@6011a0e9
----------------- Done invoking toplevel() on ptolemy.moml.MoMLSimpleApplication@6011a0e9
reloadAllAccessors: .ArrayAverage

===========================================================================================
----------------- testing Wed Jun 13 02:14:07 UTC 2018 /home/travis/build/icyphy/ptII/ptolemy/actor/lib/test/auto/ArrayContains.xml
----------------- Instantiating /home/travis/build/icyphy/ptII/ptolemy/actor/lib/test/auto/ArrayContains.xml
9 ms. Memory: 579584K Free: 115204K (20%)
----------------- Invoking toplevel() on ptolemy.moml.MoMLSimpleApplication@c6e15ef
----------------- Done invoking toplevel() on ptolemy.moml.MoMLSimpleApplication@c6e15ef
reloadAllAccessors: .ArrayContains

===========================================================================================
----------------- testing Wed Jun 13 02:14:07 UTC 2018 /home/travis/build/icyphy/ptII/ptolemy/actor/lib/test/auto/ArrayElement.xml
----------------- Instantiating /home/travis/build/icyphy/ptII/ptolemy/actor/lib/test/auto/ArrayElement.xml
5 ms. Memory: 579584K Free: 95875K (17%)
----------------- Invoking toplevel() on ptolemy.moml.MoMLSimpleApplication@a7f5dba
----------------- Done invoking toplevel() on ptolemy.moml.MoMLSimpleApplication@a7f5dba
reloadAllAccessors: .ArrayElement

===========================================================================================
----------------- testing Wed Jun 13 02:14:07 UTC 2018 /home/travis/build/icyphy/ptII/ptolemy/actor/lib/test/auto/ArrayElementAsMatrix.xml
----------------- Instantiating /home/travis/build/icyphy/ptII/ptolemy/actor/lib/test/auto/ArrayElementAsMatrix.xml
20 ms. Memory: 579584K Free: 81252K (14%)
----------------- Invoking toplevel() on ptolemy.moml.MoMLSimpleApplication@1dd7ba28
----------------- Done invoking toplevel() on ptolemy.moml.MoMLSimpleApplication@1dd7ba28
reloadAllAccessors: .ArrayElementAsMatrix

===========================================================================================
----------------- testing Wed Jun 13 02:14:07 UTC 2018 /home/travis/build/icyphy/ptII/ptolemy/actor/lib/test/auto/ArrayElementI.xml
----------------- Instantiating /home/travis/build/icyphy/ptII/ptolemy/actor/lib/test/auto/ArrayElementI.xml
9 ms. Memory: 579584K Free: 71513K (12%)
----------------- Invoking toplevel() on ptolemy.moml.MoMLSimpleApplication@5d8453d9
----------------- Done invoking toplevel() on ptolemy.moml.MoMLSimpleApplication@5d8453d9
reloadAllAccessors: .ArrayElementI

===========================================================================================
----------------- testing Wed Jun 13 02:14:07 UTC 2018 /home/travis/build/icyphy/ptII/ptolemy/actor/lib/test/auto/ArrayExtract.xml
----------------- Instantiating /home/travis/build/icyphy/ptII/ptolemy/actor/lib/test/auto/ArrayExtract.xml
4 ms. Memory: 579584K Free: 61775K (11%)
----------------- Invoking toplevel() on ptolemy.moml.MoMLSimpleApplication@79423f61
----------------- Done invoking toplevel() on ptolemy.moml.MoMLSimpleApplication@79423f61
reloadAllAccessors: .ArrayExtract

===========================================================================================
----------------- testing Wed Jun 13 02:14:07 UTC 2018 /home/travis/build/icyphy/ptII/ptolemy/actor/lib/test/auto/ArrayExtract2.xml
----------------- Instantiating /home/travis/build/icyphy/ptII/ptolemy/actor/lib/test/auto/ArrayExtract2.xml
3 ms. Memory: 878080K Free: 822320K (94%)
----------------- Invoking toplevel() on ptolemy.moml.MoMLSimpleApplication@4b65ae36
----------------- Done invoking toplevel() on ptolemy.moml.MoMLSimpleApplication@4b65ae36
reloadAllAccessors: .ArrayExtract2

===========================================================================================
----------------- testing Wed Jun 13 02:14:08 UTC 2018 /home/travis/build/icyphy/ptII/ptolemy/actor/lib/test/auto/ArrayLength.xml
----------------- Instantiating /home/travis/build/icyphy/ptII/ptolemy/actor/lib/test/auto/ArrayLength.xml
4 ms. Memory: 878080K Free: 787998K (90%)
----------------- Invoking toplevel() on ptolemy.moml.MoMLSimpleApplication@19c714f0
----------------- Done invoking toplevel() on ptolemy.moml.MoMLSimpleApplication@19c714f0
reloadAllAccessors: .ArrayLength

===========================================================================================
----------------- testing Wed Jun 13 02:14:08 UTC 2018 /home/travis/build/icyphy/ptII/ptolemy/actor/lib/test/auto/ArrayLevelCrossing.xml
----------------- Instantiating /home/travis/build/icyphy/ptII/ptolemy/actor/lib/test/auto/ArrayLevelCrossing.xml
4 ms. Memory: 878080K Free: 772412K (88%)
----------------- Invoking toplevel() on ptolemy.moml.MoMLSimpleApplication@6174ed90
----------------- Done invoking toplevel() on ptolemy.moml.MoMLSimpleApplication@6174ed90
reloadAllAccessors: .ArrayLevelCrossing

===========================================================================================
----------------- testing Wed Jun 13 02:14:08 UTC 2018 /home/travis/build/icyphy/ptII/ptolemy/actor/lib/test/auto/ArrayLevelCrossing2.xml
----------------- Instantiating /home/travis/build/icyphy/ptII/ptolemy/actor/lib/test/auto/ArrayLevelCrossing2.xml
3 ms. Memory: 878080K Free: 756827K (86%)
----------------- Invoking toplevel() on ptolemy.moml.MoMLSimpleApplication@1899f101
----------------- Done invoking toplevel() on ptolemy.moml.MoMLSimpleApplication@1899f101
reloadAllAccessors: .ArrayLevelCrossing2

===========================================================================================
----------------- testing Wed Jun 13 02:14:08 UTC 2018 /home/travis/build/icyphy/ptII/ptolemy/actor/lib/test/auto/ArrayPeakSearch.xml
----------------- Instantiating /home/travis/build/icyphy/ptII/ptolemy/actor/lib/test/auto/ArrayPeakSearch.xml
4 ms. Memory: 878080K Free: 741242K (84%)
----------------- Invoking toplevel() on ptolemy.moml.MoMLSimpleApplication@54423c6f
----------------- Done invoking toplevel() on ptolemy.moml.MoMLSimpleApplication@54423c6f
reloadAllAccessors: .ArrayPeakSearch

===========================================================================================
----------------- testing Wed Jun 13 02:14:08 UTC 2018 /home/travis/build/icyphy/ptII/ptolemy/actor/lib/test/auto/ArrayPeakSearch2.xml
----------------- Instantiating /home/travis/build/icyphy/ptII/ptolemy/actor/lib/test/auto/ArrayPeakSearch2.xml
4 ms. Memory: 878080K Free: 706904K (81%)
----------------- Invoking toplevel() on ptolemy.moml.MoMLSimpleApplication@396cba9f
----------------- Done invoking toplevel() on ptolemy.moml.MoMLSimpleApplication@396cba9f
reloadAllAccessors: .ArrayPeakSearch2

===========================================================================================
----------------- testing Wed Jun 13 02:14:08 UTC 2018 /home/travis/build/icyphy/ptII/ptolemy/actor/lib/test/auto/ArrayPeakSearch3.xml
----------------- Instantiating /home/travis/build/icyphy/ptII/ptolemy/actor/lib/test/auto/ArrayPeakSearch3.xml
3 ms. Memory: 878080K Free: 691319K (79%)
----------------- Invoking toplevel() on ptolemy.moml.MoMLSimpleApplication@6730011a
----------------- Done invoking toplevel() on ptolemy.moml.MoMLSimpleApplication@6730011a
reloadAllAccessors: .ArrayPeakSearch3

===========================================================================================
----------------- testing Wed Jun 13 02:14:08 UTC 2018 /home/travis/build/icyphy/ptII/ptolemy/actor/lib/test/auto/ArrayRemoveElement.xml
----------------- Instantiating /home/travis/build/icyphy/ptII/ptolemy/actor/lib/test/auto/ArrayRemoveElement.xml
3 ms. Memory: 878080K Free: 675733K (77%)
----------------- Invoking toplevel() on ptolemy.moml.MoMLSimpleApplication@68ee80ac
----------------- Done invoking toplevel() on ptolemy.moml.MoMLSimpleApplication@68ee80ac
reloadAllAccessors: .ArrayRemoveElement

===========================================================================================
----------------- testing Wed Jun 13 02:14:08 UTC 2018 /home/travis/build/icyphy/ptII/ptolemy/actor/lib/test/auto/ArraySort.xml
----------------- Instantiating /home/travis/build/icyphy/ptII/ptolemy/actor/lib/test/auto/ArraySort.xml
3 ms. Memory: 878080K Free: 660148K (75%)
----------------- Invoking toplevel() on ptolemy.moml.MoMLSimpleApplication@6ed7fcc0
----------------- Done invoking toplevel() on ptolemy.moml.MoMLSimpleApplication@6ed7fcc0
reloadAllAccessors: .ArraySort

===========================================================================================
----------------- testing Wed Jun 13 02:14:08 UTC 2018 /home/travis/build/icyphy/ptII/ptolemy/actor/lib/test/auto/ArraySum.xml
----------------- Instantiating /home/travis/build/icyphy/ptII/ptolemy/actor/lib/test/auto/ArraySum.xml
2 ms. Memory: 878080K Free: 644563K (73%)
----------------- Invoking toplevel() on ptolemy.moml.MoMLSimpleApplication@ecb7079
----------------- Done invoking toplevel() on ptolemy.moml.MoMLSimpleApplication@ecb7079
reloadAllAccessors: .ArraySum

===========================================================================================
----------------- testing Wed Jun 13 02:14:08 UTC 2018 /home/travis/build/icyphy/ptII/ptolemy/actor/lib/test/auto/ArrayToElements.xml
----------------- Instantiating /home/travis/build/icyphy/ptII/ptolemy/actor/lib/test/auto/ArrayToElements.xml
3 ms. Memory: 878080K Free: 618033K (70%)
----------------- Invoking toplevel() on ptolemy.moml.MoMLSimpleApplication@4e4c6288
----------------- Done invoking toplevel() on ptolemy.moml.MoMLSimpleApplication@4e4c6288
reloadAllAccessors: .ArrayToElements

===========================================================================================
----------------- testing Wed Jun 13 02:14:08 UTC 2018 /home/travis/build/icyphy/ptII/ptolemy/actor/lib/test/auto/ArrayToMatrix.xml
----------------- Instantiating /home/travis/build/icyphy/ptII/ptolemy/actor/lib/test/auto/ArrayToMatrix.xml
10 ms. Memory: 878080K Free: 594655K (68%)
----------------- Invoking toplevel() on ptolemy.moml.MoMLSimpleApplication@7878c16d
----------------- Done invoking toplevel() on ptolemy.moml.MoMLSimpleApplication@7878c16d
reloadAllAccessors: .ArrayToMatrix

===========================================================================================
----------------- testing Wed Jun 13 02:14:08 UTC 2018 /home/travis/build/icyphy/ptII/ptolemy/actor/lib/test/auto/ArrayUpdate1.xml
----------------- Instantiating /home/travis/build/icyphy/ptII/ptolemy/actor/lib/test/auto/ArrayUpdate1.xml
2 ms. Memory: 878080K Free: 579070K (66%)
----------------- Invoking toplevel() on ptolemy.moml.MoMLSimpleApplication@756219bc
----------------- Done invoking toplevel() on ptolemy.moml.MoMLSimpleApplication@756219bc
reloadAllAccessors: .ArrayUpdate1

===========================================================================================
----------------- testing Wed Jun 13 02:14:08 UTC 2018 /home/travis/build/icyphy/ptII/ptolemy/actor/lib/test/auto/ArrayUpdate2.xml
----------------- Instantiating /home/travis/build/icyphy/ptII/ptolemy/actor/lib/test/auto/ArrayUpdate2.xml
5 ms. Memory: 878080K Free: 563485K (64%)
----------------- Invoking toplevel() on ptolemy.moml.MoMLSimpleApplication@71c9e9c7
----------------- Done invoking toplevel() on ptolemy.moml.MoMLSimpleApplication@71c9e9c7
reloadAllAccessors: .ArrayUpdate2

===========================================================================================
----------------- testing Wed Jun 13 02:14:08 UTC 2018 /home/travis/build/icyphy/ptII/ptolemy/actor/lib/test/auto/ArrayUpdate3.xml
----------------- Instantiating /home/travis/build/icyphy/ptII/ptolemy/actor/lib/test/auto/ArrayUpdate3.xml
6 ms. Memory: 878080K Free: 547899K (62%)
----------------- Invoking toplevel() on ptolemy.moml.MoMLSimpleApplication@560baed1
----------------- Done invoking toplevel() on ptolemy.moml.MoMLSimpleApplication@560baed1
reloadAllAccessors: .ArrayUpdate3

===========================================================================================
----------------- testing Wed Jun 13 02:14:08 UTC 2018 /home/travis/build/icyphy/ptII/ptolemy/actor/lib/test/auto/Assert1.xml
----------------- Instantiating /home/travis/build/icyphy/ptII/ptolemy/actor/lib/test/auto/Assert1.xml
4 ms. Memory: 878080K Free: 521370K (59%)
----------------- Invoking toplevel() on ptolemy.moml.MoMLSimpleApplication@6a1b91ac
----------------- Done invoking toplevel() on ptolemy.moml.MoMLSimpleApplication@6a1b91ac
reloadAllAccessors: .Assert1

===========================================================================================
----------------- testing Wed Jun 13 02:14:08 UTC 2018 /home/travis/build/icyphy/ptII/ptolemy/actor/lib/test/auto/Assert2.xml
----------------- Instantiating /home/travis/build/icyphy/ptII/ptolemy/actor/lib/test/auto/Assert2.xml
6 ms. Memory: 878080K Free: 505784K (58%)
----------------- Invoking toplevel() on ptolemy.moml.MoMLSimpleApplication@6abd7e67
----------------- Done invoking toplevel() on ptolemy.moml.MoMLSimpleApplication@6abd7e67
reloadAllAccessors: .Assert2

===========================================================================================
----------------- testing Wed Jun 13 02:14:08 UTC 2018 /home/travis/build/icyphy/ptII/ptolemy/actor/lib/test/auto/BooleanMultiplexor.xml
----------------- Instantiating /home/travis/build/icyphy/ptII/ptolemy/actor/lib/test/auto/BooleanMultiplexor.xml
4 ms. Memory: 878080K Free: 490199K (56%)
----------------- Invoking toplevel() on ptolemy.moml.MoMLSimpleApplication@8179381
----------------- Done invoking toplevel() on ptolemy.moml.MoMLSimpleApplication@8179381
reloadAllAccessors: .BooleanMultiplexor

===========================================================================================
----------------- testing Wed Jun 13 02:14:08 UTC 2018 /home/travis/build/icyphy/ptII/ptolemy/actor/lib/test/auto/BooleanMultiplexor2.xml
----------------- Instantiating /home/travis/build/icyphy/ptII/ptolemy/actor/lib/test/auto/BooleanMultiplexor2.xml
9 ms. Memory: 878080K Free: 474614K (54%)
----------------- Invoking toplevel() on ptolemy.moml.MoMLSimpleApplication@4acee569
----------------- Done invoking toplevel() on ptolemy.moml.MoMLSimpleApplication@4acee569
reloadAllAccessors: .BooleanMultiplexor2

===========================================================================================
----------------- testing Wed Jun 13 02:14:08 UTC 2018 /home/travis/build/icyphy/ptII/ptolemy/actor/lib/test/auto/BooleanMultiplexor3.xml
----------------- Instantiating /home/travis/build/icyphy/ptII/ptolemy/actor/lib/test/auto/BooleanMultiplexor3.xml
7 ms. Memory: 878080K Free: 459028K (52%)
----------------- Invoking toplevel() on ptolemy.moml.MoMLSimpleApplication@662b5286
----------------- Done invoking toplevel() on ptolemy.moml.MoMLSimpleApplication@662b5286
reloadAllAccessors: .BooleanMultiplexor3

===========================================================================================
----------------- testing Wed Jun 13 02:14:08 UTC 2018 /home/travis/build/icyphy/ptII/ptolemy/actor/lib/test/auto/BooleanSelect.xml
----------------- Instantiating /home/travis/build/icyphy/ptII/ptolemy/actor/lib/test/auto/BooleanSelect.xml
7 ms. Memory: 878080K Free: 432499K (49%)
----------------- Invoking toplevel() on ptolemy.moml.MoMLSimpleApplication@35bfe158
----------------- Done invoking toplevel() on ptolemy.moml.MoMLSimpleApplication@35bfe158
reloadAllAccessors: .BooleanSelect

===========================================================================================
----------------- testing Wed Jun 13 02:14:08 UTC 2018 /home/travis/build/icyphy/ptII/ptolemy/actor/lib/test/auto/BooleanSelect2.xml
----------------- Instantiating /home/travis/build/icyphy/ptII/ptolemy/actor/lib/test/auto/BooleanSelect2.xml
3 ms. Memory: 878080K Free: 416914K (47%)
----------------- Invoking toplevel() on ptolemy.moml.MoMLSimpleApplication@526da065
----------------- Done invoking toplevel() on ptolemy.moml.MoMLSimpleApplication@526da065
reloadAllAccessors: .BooleanSelect2

===========================================================================================
----------------- testing Wed Jun 13 02:14:08 UTC 2018 /home/travis/build/icyphy/ptII/ptolemy/actor/lib/test/auto/BooleanSwitch.xml
----------------- Instantiating /home/travis/build/icyphy/ptII/ptolemy/actor/lib/test/auto/BooleanSwitch.xml
3 ms. Memory: 878080K Free: 401328K (46%)
----------------- Invoking toplevel() on ptolemy.moml.MoMLSimpleApplication@5eff89f
----------------- Done invoking toplevel() on ptolemy.moml.MoMLSimpleApplication@5eff89f
reloadAllAccessors: .BooleanSwitch

===========================================================================================
----------------- testing Wed Jun 13 02:14:08 UTC 2018 /home/travis/build/icyphy/ptII/ptolemy/actor/lib/test/auto/BooleanSwitch2.xml
----------------- Instantiating /home/travis/build/icyphy/ptII/ptolemy/actor/lib/test/auto/BooleanSwitch2.xml
1 ms. Memory: 878080K Free: 385743K (44%)
----------------- Invoking toplevel() on ptolemy.moml.MoMLSimpleApplication@3ad65d05
----------------- Done invoking toplevel() on ptolemy.moml.MoMLSimpleApplication@3ad65d05
reloadAllAccessors: .BooleanSwitch2

===========================================================================================
----------------- testing Wed Jun 13 02:14:08 UTC 2018 /home/travis/build/icyphy/ptII/ptolemy/actor/lib/test/auto/BooleanSwitchCloningBugWithClassRelationGroup.xml
----------------- Instantiating /home/travis/build/icyphy/ptII/ptolemy/actor/lib/test/auto/BooleanSwitchCloningBugWithClassRelationGroup.xml
2 ms. Memory: 878080K Free: 370157K (42%)
----------------- Invoking toplevel() on ptolemy.moml.MoMLSimpleApplication@2ceeede
----------------- Done invoking toplevel() on ptolemy.moml.MoMLSimpleApplication@2ceeede
reloadAllAccessors: .BooleanSwitchCloningBugWithClassRelationGroup

===========================================================================================
----------------- testing Wed Jun 13 02:14:08 UTC 2018 /home/travis/build/icyphy/ptII/ptolemy/actor/lib/test/auto/BusActors.xml
----------------- Instantiating /home/travis/build/icyphy/ptII/ptolemy/actor/lib/test/auto/BusActors.xml
4 ms. Memory: 878080K Free: 343628K (39%)
----------------- Invoking toplevel() on ptolemy.moml.MoMLSimpleApplication@d12d123
----------------- Done invoking toplevel() on ptolemy.moml.MoMLSimpleApplication@d12d123
reloadAllAccessors: .BusActors

===========================================================================================
----------------- testing Wed Jun 13 02:14:08 UTC 2018 /home/travis/build/icyphy/ptII/ptolemy/actor/lib/test/auto/ClassWrapper.xml
----------------- Instantiating /home/travis/build/icyphy/ptII/ptolemy/actor/lib/test/auto/ClassWrapper.xml
2 ms. Memory: 878080K Free: 328043K (37%)
----------------- Invoking toplevel() on ptolemy.moml.MoMLSimpleApplication@a9542b5
----------------- Done invoking toplevel() on ptolemy.moml.MoMLSimpleApplication@a9542b5
reloadAllAccessors: .ClassWrapper

===========================================================================================
----------------- testing Wed Jun 13 02:14:08 UTC 2018 /home/travis/build/icyphy/ptII/ptolemy/actor/lib/test/auto/Clock.xml
----------------- Instantiating /home/travis/build/icyphy/ptII/ptolemy/actor/lib/test/auto/Clock.xml
2 ms. Memory: 878080K Free: 312457K (36%)
----------------- Invoking toplevel() on ptolemy.moml.MoMLSimpleApplication@111b7fee
----------------- Done invoking toplevel() on ptolemy.moml.MoMLSimpleApplication@111b7fee
reloadAllAccessors: .Clock

===========================================================================================
----------------- testing Wed Jun 13 02:14:08 UTC 2018 /home/travis/build/icyphy/ptII/ptolemy/actor/lib/test/auto/Clock10.xml
----------------- Instantiating /home/travis/build/icyphy/ptII/ptolemy/actor/lib/test/auto/Clock10.xml
6 ms. Memory: 878080K Free: 296872K (34%)
----------------- Invoking toplevel() on ptolemy.moml.MoMLSimpleApplication@774db7fe
----------------- Done invoking toplevel() on ptolemy.moml.MoMLSimpleApplication@774db7fe
reloadAllAccessors: .Clock10

===========================================================================================
----------------- testing Wed Jun 13 02:14:08 UTC 2018 /home/travis/build/icyphy/ptII/ptolemy/actor/lib/test/auto/Clock11.xml
----------------- Instantiating /home/travis/build/icyphy/ptII/ptolemy/actor/lib/test/auto/Clock11.xml
7 ms. Memory: 878080K Free: 281286K (32%)
----------------- Invoking toplevel() on ptolemy.moml.MoMLSimpleApplication@5037ceff
----------------- Done invoking toplevel() on ptolemy.moml.MoMLSimpleApplication@5037ceff
reloadAllAccessors: .Clock11

===========================================================================================
----------------- testing Wed Jun 13 02:14:08 UTC 2018 /home/travis/build/icyphy/ptII/ptolemy/actor/lib/test/auto/Clock12.xml
----------------- Instantiating /home/travis/build/icyphy/ptII/ptolemy/actor/lib/test/auto/Clock12.xml
6 ms. Memory: 878080K Free: 254757K (29%)
----------------- Invoking toplevel() on ptolemy.moml.MoMLSimpleApplication@294d5937
----------------- Done invoking toplevel() on ptolemy.moml.MoMLSimpleApplication@294d5937
reloadAllAccessors: .Clock12

===========================================================================================
----------------- testing Wed Jun 13 02:14:08 UTC 2018 /home/travis/build/icyphy/ptII/ptolemy/actor/lib/test/auto/Clock13.xml
----------------- Instantiating /home/travis/build/icyphy/ptII/ptolemy/actor/lib/test/auto/Clock13.xml
9 ms. Memory: 878080K Free: 239172K (27%)
----------------- Invoking toplevel() on ptolemy.moml.MoMLSimpleApplication@bd073ad
----------------- Done invoking toplevel() on ptolemy.moml.MoMLSimpleApplication@bd073ad
reloadAllAccessors: .Clock13

===========================================================================================
----------------- testing Wed Jun 13 02:14:08 UTC 2018 /home/travis/build/icyphy/ptII/ptolemy/actor/lib/test/auto/Clock14.xml
----------------- Instantiating /home/travis/build/icyphy/ptII/ptolemy/actor/lib/test/auto/Clock14.xml
9 ms. Memory: 878080K Free: 223587K (25%)
----------------- Invoking toplevel() on ptolemy.moml.MoMLSimpleApplication@1b62fdf8
----------------- Done invoking toplevel() on ptolemy.moml.MoMLSimpleApplication@1b62fdf8
reloadAllAccessors: .Clock14

===========================================================================================
----------------- testing Wed Jun 13 02:14:09 UTC 2018 /home/travis/build/icyphy/ptII/ptolemy/actor/lib/test/auto/Clock15.xml
----------------- Instantiating /home/travis/build/icyphy/ptII/ptolemy/actor/lib/test/auto/Clock15.xml
4 ms. Memory: 878080K Free: 208001K (24%)
----------------- Invoking toplevel() on ptolemy.moml.MoMLSimpleApplication@63ecd5b6
----------------- Done invoking toplevel() on ptolemy.moml.MoMLSimpleApplication@63ecd5b6
reloadAllAccessors: .Clock15

===========================================================================================
----------------- testing Wed Jun 13 02:14:09 UTC 2018 /home/travis/build/icyphy/ptII/ptolemy/actor/lib/test/auto/Clock16.xml
----------------- Instantiating /home/travis/build/icyphy/ptII/ptolemy/actor/lib/test/auto/Clock16.xml
15 ms. Memory: 878080K Free: 184607K (21%)
----------------- Invoking toplevel() on ptolemy.moml.MoMLSimpleApplication@6615f75
----------------- Done invoking toplevel() on ptolemy.moml.MoMLSimpleApplication@6615f75
reloadAllAccessors: .Clock16

===========================================================================================
----------------- testing Wed Jun 13 02:14:09 UTC 2018 /home/travis/build/icyphy/ptII/ptolemy/actor/lib/test/auto/Clock17.xml
----------------- Instantiating /home/travis/build/icyphy/ptII/ptolemy/actor/lib/test/auto/Clock17.xml
12 ms. Memory: 878080K Free: 150269K (17%)
----------------- Invoking toplevel() on ptolemy.moml.MoMLSimpleApplication@5382b7dd
----------------- Done invoking toplevel() on ptolemy.moml.MoMLSimpleApplication@5382b7dd
reloadAllAccessors: .Clock17

===========================================================================================
----------------- testing Wed Jun 13 02:14:09 UTC 2018 /home/travis/build/icyphy/ptII/ptolemy/actor/lib/test/auto/Clock18.xml
----------------- Instantiating /home/travis/build/icyphy/ptII/ptolemy/actor/lib/test/auto/Clock18.xml
25 ms. Memory: 878080K Free: 126875K (14%)
----------------- Invoking toplevel() on ptolemy.moml.MoMLSimpleApplication@5e7b8443
----------------- Done invoking toplevel() on ptolemy.moml.MoMLSimpleApplication@5e7b8443
reloadAllAccessors: .Clock18

===========================================================================================
----------------- testing Wed Jun 13 02:14:09 UTC 2018 /home/travis/build/icyphy/ptII/ptolemy/actor/lib/test/auto/Clock19.xml
----------------- Instantiating /home/travis/build/icyphy/ptII/ptolemy/actor/lib/test/auto/Clock19.xml
9 ms. Memory: 878080K Free: 103481K (12%)
----------------- Invoking toplevel() on ptolemy.moml.MoMLSimpleApplication@ec7c94e
----------------- Done invoking toplevel() on ptolemy.moml.MoMLSimpleApplication@ec7c94e
reloadAllAccessors: .Clock19

===========================================================================================
----------------- testing Wed Jun 13 02:14:09 UTC 2018 /home/travis/build/icyphy/ptII/ptolemy/actor/lib/test/auto/Clock2.xml
----------------- Instantiating /home/travis/build/icyphy/ptII/ptolemy/actor/lib/test/auto/Clock2.xml
5 ms. Memory: 878080K Free: 87896K (10%)
----------------- Invoking toplevel() on ptolemy.moml.MoMLSimpleApplication@1890980d
----------------- Done invoking toplevel() on ptolemy.moml.MoMLSimpleApplication@1890980d
reloadAllAccessors: .Clock2

===========================================================================================
----------------- testing Wed Jun 13 02:14:09 UTC 2018 /home/travis/build/icyphy/ptII/ptolemy/actor/lib/test/auto/Clock20.xml
----------------- Instantiating /home/travis/build/icyphy/ptII/ptolemy/actor/lib/test/auto/Clock20.xml
7 ms. Memory: 878080K Free: 72310K (8%)
----------------- Invoking toplevel() on ptolemy.moml.MoMLSimpleApplication@5bf34b13
----------------- Done invoking toplevel() on ptolemy.moml.MoMLSimpleApplication@5bf34b13
reloadAllAccessors: .Clock20

===========================================================================================
----------------- testing Wed Jun 13 02:14:09 UTC 2018 /home/travis/build/icyphy/ptII/ptolemy/actor/lib/test/auto/Clock21.xml
----------------- Instantiating /home/travis/build/icyphy/ptII/ptolemy/actor/lib/test/auto/Clock21.xml
3 ms. Memory: 878592K Free: 830700K (95%)
----------------- Invoking toplevel() on ptolemy.moml.MoMLSimpleApplication@11704686
----------------- Done invoking toplevel() on ptolemy.moml.MoMLSimpleApplication@11704686
reloadAllAccessors: .Clock21

===========================================================================================
----------------- testing Wed Jun 13 02:14:09 UTC 2018 /home/travis/build/icyphy/ptII/ptolemy/actor/lib/test/auto/Clock22.xml
----------------- Instantiating /home/travis/build/icyphy/ptII/ptolemy/actor/lib/test/auto/Clock22.xml
7 ms. Memory: 878592K Free: 812578K (92%)
----------------- Invoking toplevel() on ptolemy.moml.MoMLSimpleApplication@353e6c10
----------------- Done invoking toplevel() on ptolemy.moml.MoMLSimpleApplication@353e6c10
reloadAllAccessors: .Clock22

===========================================================================================
----------------- testing Wed Jun 13 02:14:09 UTC 2018 /home/travis/build/icyphy/ptII/ptolemy/actor/lib/test/auto/Clock23.xml
----------------- Instantiating /home/travis/build/icyphy/ptII/ptolemy/actor/lib/test/auto/Clock23.xml
2 ms. Memory: 878592K Free: 801939K (91%)
----------------- Invoking toplevel() on ptolemy.moml.MoMLSimpleApplication@43a9801a
----------------- Done invoking toplevel() on ptolemy.moml.MoMLSimpleApplication@43a9801a
reloadAllAccessors: .Clock23

===========================================================================================
----------------- testing Wed Jun 13 02:14:09 UTC 2018 /home/travis/build/icyphy/ptII/ptolemy/actor/lib/test/auto/Clock24.xml
----------------- Instantiating /home/travis/build/icyphy/ptII/ptolemy/actor/lib/test/auto/Clock24.xml
2 ms. Memory: 878592K Free: 791549K (90%)
----------------- Invoking toplevel() on ptolemy.moml.MoMLSimpleApplication@34db54b4
----------------- Done invoking toplevel() on ptolemy.moml.MoMLSimpleApplication@34db54b4
reloadAllAccessors: .Clock24

===========================================================================================
----------------- testing Wed Jun 13 02:14:09 UTC 2018 /home/travis/build/icyphy/ptII/ptolemy/actor/lib/test/auto/Clock4.xml
----------------- Instantiating /home/travis/build/icyphy/ptII/ptolemy/actor/lib/test/auto/Clock4.xml
2 ms. Memory: 878592K Free: 773427K (88%)
----------------- Invoking toplevel() on ptolemy.moml.MoMLSimpleApplication@62ab46e2
----------------- Done invoking toplevel() on ptolemy.moml.MoMLSimpleApplication@62ab46e2
reloadAllAccessors: .Clock4

===========================================================================================
----------------- testing Wed Jun 13 02:14:09 UTC 2018 /home/travis/build/icyphy/ptII/ptolemy/actor/lib/test/auto/Clock5.xml
----------------- Instantiating /home/travis/build/icyphy/ptII/ptolemy/actor/lib/test/auto/Clock5.xml
2 ms. Memory: 878592K Free: 763036K (87%)
----------------- Invoking toplevel() on ptolemy.moml.MoMLSimpleApplication@185290d9
----------------- Done invoking toplevel() on ptolemy.moml.MoMLSimpleApplication@185290d9
reloadAllAccessors: .Clock5

===========================================================================================
----------------- testing Wed Jun 13 02:14:09 UTC 2018 /home/travis/build/icyphy/ptII/ptolemy/actor/lib/test/auto/Clock6.xml
----------------- Instantiating /home/travis/build/icyphy/ptII/ptolemy/actor/lib/test/auto/Clock6.xml
1 ms. Memory: 878592K Free: 752646K (86%)
----------------- Invoking toplevel() on ptolemy.moml.MoMLSimpleApplication@5f59d5cf
----------------- Done invoking toplevel() on ptolemy.moml.MoMLSimpleApplication@5f59d5cf
reloadAllAccessors: .Clock6

===========================================================================================
----------------- testing Wed Jun 13 02:14:09 UTC 2018 /home/travis/build/icyphy/ptII/ptolemy/actor/lib/test/auto/Clock7.xml
----------------- Instantiating /home/travis/build/icyphy/ptII/ptolemy/actor/lib/test/auto/Clock7.xml
2 ms. Memory: 878592K Free: 734524K (84%)
----------------- Invoking toplevel() on ptolemy.moml.MoMLSimpleApplication@3ef7940
----------------- Done invoking toplevel() on ptolemy.moml.MoMLSimpleApplication@3ef7940
reloadAllAccessors: .Clock7

===========================================================================================
----------------- testing Wed Jun 13 02:14:09 UTC 2018 /home/travis/build/icyphy/ptII/ptolemy/actor/lib/test/auto/Clock8.xml
----------------- Instantiating /home/travis/build/icyphy/ptII/ptolemy/actor/lib/test/auto/Clock8.xml
1 ms. Memory: 878592K Free: 724134K (82%)
----------------- Invoking toplevel() on ptolemy.moml.MoMLSimpleApplication@219da243
----------------- Done invoking toplevel() on ptolemy.moml.MoMLSimpleApplication@219da243
reloadAllAccessors: .Clock8

===========================================================================================
----------------- testing Wed Jun 13 02:14:09 UTC 2018 /home/travis/build/icyphy/ptII/ptolemy/actor/lib/test/auto/Clock9.xml
----------------- Instantiating /home/travis/build/icyphy/ptII/ptolemy/actor/lib/test/auto/Clock9.xml
2 ms. Memory: 878592K Free: 713743K (81%)
----------------- Invoking toplevel() on ptolemy.moml.MoMLSimpleApplication@4cb020ca
----------------- Done invoking toplevel() on ptolemy.moml.MoMLSimpleApplication@4cb020ca
reloadAllAccessors: .Clock9

===========================================================================================
----------------- testing Wed Jun 13 02:14:09 UTC 2018 /home/travis/build/icyphy/ptII/ptolemy/actor/lib/test/auto/CommDistDiscard.xml
----------------- Instantiating /home/travis/build/icyphy/ptII/ptolemy/actor/lib/test/auto/CommDistDiscard.xml
3 ms. Memory: 878592K Free: 703353K (80%)
----------------- Invoking toplevel() on ptolemy.moml.MoMLSimpleApplication@686f9a15
----------------- Done invoking toplevel() on ptolemy.moml.MoMLSimpleApplication@686f9a15
reloadAllAccessors: .CommDistDiscard

===========================================================================================
----------------- testing Wed Jun 13 02:14:09 UTC 2018 /home/travis/build/icyphy/ptII/ptolemy/actor/lib/test/auto/Commutator.xml
----------------- Instantiating /home/travis/build/icyphy/ptII/ptolemy/actor/lib/test/auto/Commutator.xml
1 ms. Memory: 878592K Free: 685231K (78%)
----------------- Invoking toplevel() on ptolemy.moml.MoMLSimpleApplication@44ce99b6
----------------- Done invoking toplevel() on ptolemy.moml.MoMLSimpleApplication@44ce99b6
reloadAllAccessors: .Commutator

===========================================================================================
----------------- testing Wed Jun 13 02:14:09 UTC 2018 /home/travis/build/icyphy/ptII/ptolemy/actor/lib/test/auto/Commutator2.xml
----------------- Instantiating /home/travis/build/icyphy/ptII/ptolemy/actor/lib/test/auto/Commutator2.xml
1 ms. Memory: 878592K Free: 674840K (77%)
----------------- Invoking toplevel() on ptolemy.moml.MoMLSimpleApplication@29e70f01
----------------- Done invoking toplevel() on ptolemy.moml.MoMLSimpleApplication@29e70f01
reloadAllAccessors: .Commutator2

===========================================================================================
----------------- testing Wed Jun 13 02:14:09 UTC 2018 /home/travis/build/icyphy/ptII/ptolemy/actor/lib/test/auto/Commutator3.xml
----------------- Instantiating /home/travis/build/icyphy/ptII/ptolemy/actor/lib/test/auto/Commutator3.xml
1 ms. Memory: 878592K Free: 664450K (76%)
----------------- Invoking toplevel() on ptolemy.moml.MoMLSimpleApplication@7596c460
----------------- Done invoking toplevel() on ptolemy.moml.MoMLSimpleApplication@7596c460
reloadAllAccessors: .Commutator3

===========================================================================================
----------------- testing Wed Jun 13 02:14:09 UTC 2018 /home/travis/build/icyphy/ptII/ptolemy/actor/lib/test/auto/Compare.xml
----------------- Instantiating /home/travis/build/icyphy/ptII/ptolemy/actor/lib/test/auto/Compare.xml
2 ms. Memory: 878592K Free: 646328K (74%)
----------------- Invoking toplevel() on ptolemy.moml.MoMLSimpleApplication@5fbb03a4
----------------- Done invoking toplevel() on ptolemy.moml.MoMLSimpleApplication@5fbb03a4
reloadAllAccessors: .Compare

===========================================================================================
----------------- testing Wed Jun 13 02:14:09 UTC 2018 /home/travis/build/icyphy/ptII/ptolemy/actor/lib/test/auto/CompareDE.xml
----------------- Instantiating /home/travis/build/icyphy/ptII/ptolemy/actor/lib/test/auto/CompareDE.xml
4 ms. Memory: 878592K Free: 635938K (72%)
----------------- Invoking toplevel() on ptolemy.moml.MoMLSimpleApplication@448fe55e
----------------- Done invoking toplevel() on ptolemy.moml.MoMLSimpleApplication@448fe55e
reloadAllAccessors: .CompareDE

===========================================================================================
----------------- testing Wed Jun 13 02:14:09 UTC 2018 /home/travis/build/icyphy/ptII/ptolemy/actor/lib/test/auto/ComplexDivide.xml
----------------- Instantiating /home/travis/build/icyphy/ptII/ptolemy/actor/lib/test/auto/ComplexDivide.xml
1 ms. Memory: 878592K Free: 625547K (71%)
----------------- Invoking toplevel() on ptolemy.moml.MoMLSimpleApplication@3755581c
----------------- Done invoking toplevel() on ptolemy.moml.MoMLSimpleApplication@3755581c
reloadAllAccessors: .ComplexDivide

===========================================================================================
----------------- testing Wed Jun 13 02:14:09 UTC 2018 /home/travis/build/icyphy/ptII/ptolemy/actor/lib/test/auto/ComputeHistogram.xml
----------------- Instantiating /home/travis/build/icyphy/ptII/ptolemy/actor/lib/test/auto/ComputeHistogram.xml
35 ms. Memory: 878592K Free: 609962K (69%)
----------------- Invoking toplevel() on ptolemy.moml.MoMLSimpleApplication@49ff7194
----------------- Done invoking toplevel() on ptolemy.moml.MoMLSimpleApplication@49ff7194
reloadAllAccessors: .ComputeHistogram

===========================================================================================
----------------- testing Wed Jun 13 02:14:09 UTC 2018 /home/travis/build/icyphy/ptII/ptolemy/actor/lib/test/auto/ConfigurationSelect.xml
----------------- Instantiating /home/travis/build/icyphy/ptII/ptolemy/actor/lib/test/auto/ConfigurationSelect.xml
2 ms. Memory: 878592K Free: 591840K (67%)
----------------- Invoking toplevel() on ptolemy.moml.MoMLSimpleApplication@7cfe3d8b
----------------- Done invoking toplevel() on ptolemy.moml.MoMLSimpleApplication@7cfe3d8b
reloadAllAccessors: .ConfigurationSelect

===========================================================================================
----------------- testing Wed Jun 13 02:14:09 UTC 2018 /home/travis/build/icyphy/ptII/ptolemy/actor/lib/test/auto/ConfigurationSelect2.xml
----------------- Instantiating /home/travis/build/icyphy/ptII/ptolemy/actor/lib/test/auto/ConfigurationSelect2.xml
2 ms. Memory: 878592K Free: 581449K (66%)
----------------- Invoking toplevel() on ptolemy.moml.MoMLSimpleApplication@32989c23
----------------- Done invoking toplevel() on ptolemy.moml.MoMLSimpleApplication@32989c23
reloadAllAccessors: .ConfigurationSelect2

===========================================================================================
----------------- testing Wed Jun 13 02:14:09 UTC 2018 /home/travis/build/icyphy/ptII/ptolemy/actor/lib/test/auto/ConfigurationSwitch.xml
----------------- Instantiating /home/travis/build/icyphy/ptII/ptolemy/actor/lib/test/auto/ConfigurationSwitch.xml
2 ms. Memory: 878592K Free: 571059K (65%)
----------------- Invoking toplevel() on ptolemy.moml.MoMLSimpleApplication@5cf4d096
----------------- Done invoking toplevel() on ptolemy.moml.MoMLSimpleApplication@5cf4d096
reloadAllAccessors: .ConfigurationSwitch

===========================================================================================
----------------- testing Wed Jun 13 02:14:09 UTC 2018 /home/travis/build/icyphy/ptII/ptolemy/actor/lib/test/auto/ConfigurationSwitch2.xml
----------------- Instantiating /home/travis/build/icyphy/ptII/ptolemy/actor/lib/test/auto/ConfigurationSwitch2.xml
4 ms. Memory: 878592K Free: 552937K (63%)
----------------- Invoking toplevel() on ptolemy.moml.MoMLSimpleApplication@6e51b121
----------------- Done invoking toplevel() on ptolemy.moml.MoMLSimpleApplication@6e51b121
reloadAllAccessors: .ConfigurationSwitch2

===========================================================================================
----------------- testing Wed Jun 13 02:14:09 UTC 2018 /home/travis/build/icyphy/ptII/ptolemy/actor/lib/test/auto/ConfigurationSwitchCloningBugWithClassRelationGroup.xml
----------------- Instantiating /home/travis/build/icyphy/ptII/ptolemy/actor/lib/test/auto/ConfigurationSwitchCloningBugWithClassRelationGroup.xml
1 ms. Memory: 878592K Free: 542546K (62%)
----------------- Invoking toplevel() on ptolemy.moml.MoMLSimpleApplication@530d2b11
----------------- Done invoking toplevel() on ptolemy.moml.MoMLSimpleApplication@530d2b11
reloadAllAccessors: .ConfigurationSwitchCloningBugWithClassRelationGroup

===========================================================================================
----------------- testing Wed Jun 13 02:14:09 UTC 2018 /home/travis/build/icyphy/ptII/ptolemy/actor/lib/test/auto/ConfigurationSwitchSelectSDF.xml
----------------- Instantiating /home/travis/build/icyphy/ptII/ptolemy/actor/lib/test/auto/ConfigurationSwitchSelectSDF.xml
3 ms. Memory: 878592K Free: 532156K (61%)
----------------- Invoking toplevel() on ptolemy.moml.MoMLSimpleApplication@465fee48
----------------- Done invoking toplevel() on ptolemy.moml.MoMLSimpleApplication@465fee48
reloadAllAccessors: .ConfigurationSwitchSelectSDF

===========================================================================================
----------------- testing Wed Jun 13 02:14:09 UTC 2018 /home/travis/build/icyphy/ptII/ptolemy/actor/lib/test/auto/ConfigurationSwitchSelectSDF2.xml
----------------- Instantiating /home/travis/build/icyphy/ptII/ptolemy/actor/lib/test/auto/ConfigurationSwitchSelectSDF2.xml
1 ms. Memory: 878592K Free: 514034K (59%)
----------------- Invoking toplevel() on ptolemy.moml.MoMLSimpleApplication@a794726
----------------- Done invoking toplevel() on ptolemy.moml.MoMLSimpleApplication@a794726
reloadAllAccessors: .ConfigurationSwitchSelectSDF2

===========================================================================================
----------------- testing Wed Jun 13 02:14:09 UTC 2018 /home/travis/build/icyphy/ptII/ptolemy/actor/lib/test/auto/Const.xml
----------------- Instantiating /home/travis/build/icyphy/ptII/ptolemy/actor/lib/test/auto/Const.xml
1 ms. Memory: 878592K Free: 503643K (57%)
----------------- Invoking toplevel() on ptolemy.moml.MoMLSimpleApplication@77ec21d0
----------------- Done invoking toplevel() on ptolemy.moml.MoMLSimpleApplication@77ec21d0
reloadAllAccessors: .Const

===========================================================================================
----------------- testing Wed Jun 13 02:14:09 UTC 2018 /home/travis/build/icyphy/ptII/ptolemy/actor/lib/test/auto/Const2.xml
----------------- Instantiating /home/travis/build/icyphy/ptII/ptolemy/actor/lib/test/auto/Const2.xml
1 ms. Memory: 878592K Free: 493253K (56%)
----------------- Invoking toplevel() on ptolemy.moml.MoMLSimpleApplication@ec38242
----------------- Done invoking toplevel() on ptolemy.moml.MoMLSimpleApplication@ec38242
reloadAllAccessors: .Const2

===========================================================================================
----------------- testing Wed Jun 13 02:14:09 UTC 2018 /home/travis/build/icyphy/ptII/ptolemy/actor/lib/test/auto/Const3.xml
----------------- Instantiating /home/travis/build/icyphy/ptII/ptolemy/actor/lib/test/auto/Const3.xml
1 ms. Memory: 878592K Free: 482863K (55%)
----------------- Invoking toplevel() on ptolemy.moml.MoMLSimpleApplication@5b7852e5
----------------- Done invoking toplevel() on ptolemy.moml.MoMLSimpleApplication@5b7852e5
reloadAllAccessors: .Const3

===========================================================================================
----------------- testing Wed Jun 13 02:14:09 UTC 2018 /home/travis/build/icyphy/ptII/ptolemy/actor/lib/test/auto/ConstantPublisherPort1.xml
----------------- Instantiating /home/travis/build/icyphy/ptII/ptolemy/actor/lib/test/auto/ConstantPublisherPort1.xml
5 ms. Memory: 878592K Free: 459530K (52%)
----------------- Invoking toplevel() on ptolemy.moml.MoMLSimpleApplication@30556d4e
----------------- Done invoking toplevel() on ptolemy.moml.MoMLSimpleApplication@30556d4e
reloadAllAccessors: .ConstantPublisherPort1

===========================================================================================
----------------- testing Wed Jun 13 02:14:09 UTC 2018 /home/travis/build/icyphy/ptII/ptolemy/actor/lib/test/auto/ConstantPublisherPort2.xml
----------------- Instantiating /home/travis/build/icyphy/ptII/ptolemy/actor/lib/test/auto/ConstantPublisherPort2.xml
4 ms. Memory: 878592K Free: 443928K (51%)
----------------- Invoking toplevel() on ptolemy.moml.MoMLSimpleApplication@340b4416
----------------- Done invoking toplevel() on ptolemy.moml.MoMLSimpleApplication@340b4416
reloadAllAccessors: .ConstantPublisherPort2

===========================================================================================
----------------- testing Wed Jun 13 02:14:09 UTC 2018 /home/travis/build/icyphy/ptII/ptolemy/actor/lib/test/auto/ConstantPublisherPort3.xml
----------------- Instantiating /home/travis/build/icyphy/ptII/ptolemy/actor/lib/test/auto/ConstantPublisherPort3.xml
4 ms. Memory: 878592K Free: 428327K (49%)
----------------- Invoking toplevel() on ptolemy.moml.MoMLSimpleApplication@650e9201
----------------- Done invoking toplevel() on ptolemy.moml.MoMLSimpleApplication@650e9201
reloadAllAccessors: .ConstantPublisherPort3

===========================================================================================
----------------- testing Wed Jun 13 02:14:09 UTC 2018 /home/travis/build/icyphy/ptII/ptolemy/actor/lib/test/auto/ConstantPublisherPort4.xml
----------------- Instantiating /home/travis/build/icyphy/ptII/ptolemy/actor/lib/test/auto/ConstantPublisherPort4.xml
2 ms. Memory: 878592K Free: 410205K (47%)
----------------- Invoking toplevel() on ptolemy.moml.MoMLSimpleApplication@250d788a
----------------- Done invoking toplevel() on ptolemy.moml.MoMLSimpleApplication@250d788a
reloadAllAccessors: .ConstantPublisherPort4

===========================================================================================
----------------- testing Wed Jun 13 02:14:10 UTC 2018 /home/travis/build/icyphy/ptII/ptolemy/actor/lib/test/auto/ConstantPublisherPort5.xml
----------------- Instantiating /home/travis/build/icyphy/ptII/ptolemy/actor/lib/test/auto/ConstantPublisherPort5.xml
16 ms. Memory: 878592K Free: 384213K (44%)
----------------- Invoking toplevel() on ptolemy.moml.MoMLSimpleApplication@139131a
----------------- Done invoking toplevel() on ptolemy.moml.MoMLSimpleApplication@139131a
reloadAllAccessors: .ConstantPublisherPort5

===========================================================================================
----------------- testing Wed Jun 13 02:14:10 UTC 2018 /home/travis/build/icyphy/ptII/ptolemy/actor/lib/test/auto/ConstantPublisherPort6.xml
----------------- Instantiating /home/travis/build/icyphy/ptII/ptolemy/actor/lib/test/auto/ConstantPublisherPort6.xml
12 ms. Memory: 878592K Free: 358237K (41%)
----------------- Invoking toplevel() on ptolemy.moml.MoMLSimpleApplication@6218c347
----------------- Done invoking toplevel() on ptolemy.moml.MoMLSimpleApplication@6218c347
reloadAllAccessors: .ConstantPublisherPort6

===========================================================================================
----------------- testing Wed Jun 13 02:14:10 UTC 2018 /home/travis/build/icyphy/ptII/ptolemy/actor/lib/test/auto/ConstantPublisherPort7.xml
----------------- Instantiating /home/travis/build/icyphy/ptII/ptolemy/actor/lib/test/auto/ConstantPublisherPort7.xml
11 ms. Memory: 878592K Free: 332262K (38%)
----------------- Invoking toplevel() on ptolemy.moml.MoMLSimpleApplication@3975496
----------------- Done invoking toplevel() on ptolemy.moml.MoMLSimpleApplication@3975496
reloadAllAccessors: .ConstantPublisherPort7

===========================================================================================
----------------- testing Wed Jun 13 02:14:10 UTC 2018 /home/travis/build/icyphy/ptII/ptolemy/actor/lib/test/auto/ConstraintMonitor1.xml
----------------- Instantiating /home/travis/build/icyphy/ptII/ptolemy/actor/lib/test/auto/ConstraintMonitor1.xml
6 ms. Memory: 878592K Free: 314139K (36%)
----------------- Invoking toplevel() on ptolemy.moml.MoMLSimpleApplication@36d21999
----------------- Done invoking toplevel() on ptolemy.moml.MoMLSimpleApplication@36d21999
reloadAllAccessors: .ConstraintMonitor1

===========================================================================================
----------------- testing Wed Jun 13 02:14:10 UTC 2018 /home/travis/build/icyphy/ptII/ptolemy/actor/lib/test/auto/ConstraintMonitor2.xml
----------------- Instantiating /home/travis/build/icyphy/ptII/ptolemy/actor/lib/test/auto/ConstraintMonitor2.xml
6 ms. Memory: 878592K Free: 303749K (35%)
----------------- Invoking toplevel() on ptolemy.moml.MoMLSimpleApplication@204855ec
----------------- Done invoking toplevel() on ptolemy.moml.MoMLSimpleApplication@204855ec
reloadAllAccessors: .ConstraintMonitor2

===========================================================================================
----------------- testing Wed Jun 13 02:14:10 UTC 2018 /home/travis/build/icyphy/ptII/ptolemy/actor/lib/test/auto/ConstraintMonitor3.xml
----------------- Instantiating /home/travis/build/icyphy/ptII/ptolemy/actor/lib/test/auto/ConstraintMonitor3.xml
4 ms. Memory: 878592K Free: 293359K (33%)
----------------- Invoking toplevel() on ptolemy.moml.MoMLSimpleApplication@2903a503
----------------- Done invoking toplevel() on ptolemy.moml.MoMLSimpleApplication@2903a503
reloadAllAccessors: .ConstraintMonitor3

===========================================================================================
----------------- testing Wed Jun 13 02:14:10 UTC 2018 /home/travis/build/icyphy/ptII/ptolemy/actor/lib/test/auto/ConstraintMonitor4.xml
----------------- Instantiating /home/travis/build/icyphy/ptII/ptolemy/actor/lib/test/auto/ConstraintMonitor4.xml
1 ms. Memory: 878592K Free: 275236K (31%)
----------------- Invoking toplevel() on ptolemy.moml.MoMLSimpleApplication@16d2f359
----------------- Done invoking toplevel() on ptolemy.moml.MoMLSimpleApplication@16d2f359
reloadAllAccessors: .ConstraintMonitor4

===========================================================================================
----------------- testing Wed Jun 13 02:14:10 UTC 2018 /home/travis/build/icyphy/ptII/ptolemy/actor/lib/test/auto/ConstraintMonitor5.xml
----------------- Instantiating /home/travis/build/icyphy/ptII/ptolemy/actor/lib/test/auto/ConstraintMonitor5.xml
7 ms. Memory: 878592K Free: 264846K (30%)
----------------- Invoking toplevel() on ptolemy.moml.MoMLSimpleApplication@4ac45b52
----------------- Done invoking toplevel() on ptolemy.moml.MoMLSimpleApplication@4ac45b52
reloadAllAccessors: .ConstraintMonitor5

===========================================================================================
----------------- testing Wed Jun 13 02:14:10 UTC 2018 /home/travis/build/icyphy/ptII/ptolemy/actor/lib/test/auto/ConstraintMonitor6.xml
----------------- Instantiating /home/travis/build/icyphy/ptII/ptolemy/actor/lib/test/auto/ConstraintMonitor6.xml
9 ms. Memory: 878592K Free: 254456K (29%)
----------------- Invoking toplevel() on ptolemy.moml.MoMLSimpleApplication@533aaa5d
----------------- Done invoking toplevel() on ptolemy.moml.MoMLSimpleApplication@533aaa5d
reloadAllAccessors: .ConstraintMonitor6

===========================================================================================
----------------- testing Wed Jun 13 02:14:10 UTC 2018 /home/travis/build/icyphy/ptII/ptolemy/actor/lib/test/auto/ConstraintMonitor7.xml
----------------- Instantiating /home/travis/build/icyphy/ptII/ptolemy/actor/lib/test/auto/ConstraintMonitor7.xml
2 ms. Memory: 878592K Free: 236333K (27%)
----------------- Invoking toplevel() on ptolemy.moml.MoMLSimpleApplication@5ba31282
----------------- Done invoking toplevel() on ptolemy.moml.MoMLSimpleApplication@5ba31282
reloadAllAccessors: .ConstraintMonitor7

===========================================================================================
----------------- testing Wed Jun 13 02:14:10 UTC 2018 /home/travis/build/icyphy/ptII/ptolemy/actor/lib/test/auto/ConstraintMonitor8.xml
----------------- Instantiating /home/travis/build/icyphy/ptII/ptolemy/actor/lib/test/auto/ConstraintMonitor8.xml
4 ms. Memory: 878592K Free: 225943K (26%)
----------------- Invoking toplevel() on ptolemy.moml.MoMLSimpleApplication@449aa016
----------------- Done invoking toplevel() on ptolemy.moml.MoMLSimpleApplication@449aa016
reloadAllAccessors: .ConstraintMonitor8

===========================================================================================
----------------- testing Wed Jun 13 02:14:10 UTC 2018 /home/travis/build/icyphy/ptII/ptolemy/actor/lib/test/auto/Counter.xml
----------------- Instantiating /home/travis/build/icyphy/ptII/ptolemy/actor/lib/test/auto/Counter.xml
3 ms. Memory: 878592K Free: 210358K (24%)
----------------- Invoking toplevel() on ptolemy.moml.MoMLSimpleApplication@1e5d284d
----------------- Done invoking toplevel() on ptolemy.moml.MoMLSimpleApplication@1e5d284d
reloadAllAccessors: .Counter

===========================================================================================
----------------- testing Wed Jun 13 02:14:10 UTC 2018 /home/travis/build/icyphy/ptII/ptolemy/actor/lib/test/auto/CurrentTimeSDF.xml
----------------- Instantiating /home/travis/build/icyphy/ptII/ptolemy/actor/lib/test/auto/CurrentTimeSDF.xml
1 ms. Memory: 878592K Free: 199967K (23%)
----------------- Invoking toplevel() on ptolemy.moml.MoMLSimpleApplication@34da33fd
----------------- Done invoking toplevel() on ptolemy.moml.MoMLSimpleApplication@34da33fd
reloadAllAccessors: .CurrentTimeSDF

===========================================================================================
----------------- testing Wed Jun 13 02:14:10 UTC 2018 /home/travis/build/icyphy/ptII/ptolemy/actor/lib/test/auto/DB.xml
----------------- Instantiating /home/travis/build/icyphy/ptII/ptolemy/actor/lib/test/auto/DB.xml
3 ms. Memory: 878592K Free: 181845K (21%)
----------------- Invoking toplevel() on ptolemy.moml.MoMLSimpleApplication@88de04a
----------------- Done invoking toplevel() on ptolemy.moml.MoMLSimpleApplication@88de04a
reloadAllAccessors: .DB

===========================================================================================
----------------- testing Wed Jun 13 02:14:10 UTC 2018 /home/travis/build/icyphy/ptII/ptolemy/actor/lib/test/auto/DBDE.xml
----------------- Instantiating /home/travis/build/icyphy/ptII/ptolemy/actor/lib/test/auto/DBDE.xml
2 ms. Memory: 878592K Free: 171455K (20%)
----------------- Invoking toplevel() on ptolemy.moml.MoMLSimpleApplication@55223128
----------------- Done invoking toplevel() on ptolemy.moml.MoMLSimpleApplication@55223128
reloadAllAccessors: .DBDE

===========================================================================================
----------------- testing Wed Jun 13 02:14:10 UTC 2018 /home/travis/build/icyphy/ptII/ptolemy/actor/lib/test/auto/DateConstructor.xml
----------------- Instantiating /home/travis/build/icyphy/ptII/ptolemy/actor/lib/test/auto/DateConstructor.xml
19 ms. Memory: 878592K Free: 150674K (17%)
----------------- Invoking toplevel() on ptolemy.moml.MoMLSimpleApplication@2fe0c329
----------------- Done invoking toplevel() on ptolemy.moml.MoMLSimpleApplication@2fe0c329
reloadAllAccessors: .DateConstructor

===========================================================================================
----------------- testing Wed Jun 13 02:14:10 UTC 2018 /home/travis/build/icyphy/ptII/ptolemy/actor/lib/test/auto/DelayTime.xml
----------------- Instantiating /home/travis/build/icyphy/ptII/ptolemy/actor/lib/test/auto/DelayTime.xml
3 ms. Memory: 878592K Free: 132552K (15%)
----------------- Invoking toplevel() on ptolemy.moml.MoMLSimpleApplication@d2a8df9
----------------- Done invoking toplevel() on ptolemy.moml.MoMLSimpleApplication@d2a8df9
reloadAllAccessors: .DelayTime

===========================================================================================
----------------- testing Wed Jun 13 02:14:10 UTC 2018 /home/travis/build/icyphy/ptII/ptolemy/actor/lib/test/auto/Dictionary1.xml
----------------- Instantiating /home/travis/build/icyphy/ptII/ptolemy/actor/lib/test/auto/Dictionary1.xml
2 ms. Memory: 878592K Free: 122162K (14%)
----------------- Invoking toplevel() on ptolemy.moml.MoMLSimpleApplication@74413b0f
----------------- Done invoking toplevel() on ptolemy.moml.MoMLSimpleApplication@74413b0f
reloadAllAccessors: .Dictionary1

===========================================================================================
----------------- testing Wed Jun 13 02:14:10 UTC 2018 /home/travis/build/icyphy/ptII/ptolemy/actor/lib/test/auto/Dictionary2.xml
----------------- Instantiating /home/travis/build/icyphy/ptII/ptolemy/actor/lib/test/auto/Dictionary2.xml
4 ms. Memory: 878592K Free: 111771K (13%)
----------------- Invoking toplevel() on ptolemy.moml.MoMLSimpleApplication@155c8109
----------------- Done invoking toplevel() on ptolemy.moml.MoMLSimpleApplication@155c8109
reloadAllAccessors: .Dictionary2

===========================================================================================
----------------- testing Wed Jun 13 02:14:10 UTC 2018 /home/travis/build/icyphy/ptII/ptolemy/actor/lib/test/auto/Dictionary3.xml
----------------- Instantiating /home/travis/build/icyphy/ptII/ptolemy/actor/lib/test/auto/Dictionary3.xml
1 ms. Memory: 878592K Free: 93649K (11%)
----------------- Invoking toplevel() on ptolemy.moml.MoMLSimpleApplication@75f4bc5e
----------------- Done invoking toplevel() on ptolemy.moml.MoMLSimpleApplication@75f4bc5e
reloadAllAccessors: .Dictionary3

===========================================================================================
----------------- testing Wed Jun 13 02:14:10 UTC 2018 /home/travis/build/icyphy/ptII/ptolemy/actor/lib/test/auto/Dictionary4.xml
----------------- Instantiating /home/travis/build/icyphy/ptII/ptolemy/actor/lib/test/auto/Dictionary4.xml
4 ms. Memory: 878592K Free: 83259K (9%)
----------------- Invoking toplevel() on ptolemy.moml.MoMLSimpleApplication@4d01e82a
----------------- Done invoking toplevel() on ptolemy.moml.MoMLSimpleApplication@4d01e82a
reloadAllAccessors: .Dictionary4

===========================================================================================
----------------- testing Wed Jun 13 02:14:10 UTC 2018 /home/travis/build/icyphy/ptII/ptolemy/actor/lib/test/auto/Differential.xml
----------------- Instantiating /home/travis/build/icyphy/ptII/ptolemy/actor/lib/test/auto/Differential.xml
5 ms. Memory: 878592K Free: 72869K (8%)
----------------- Invoking toplevel() on ptolemy.moml.MoMLSimpleApplication@1189c603
----------------- Done invoking toplevel() on ptolemy.moml.MoMLSimpleApplication@1189c603
reloadAllAccessors: .Differential

===========================================================================================
----------------- testing Wed Jun 13 02:14:10 UTC 2018 /home/travis/build/icyphy/ptII/ptolemy/actor/lib/test/auto/Director.xml
----------------- Instantiating /home/travis/build/icyphy/ptII/ptolemy/actor/lib/test/auto/Director.xml
2 ms. Memory: 878592K Free: 62478K (7%)
----------------- Invoking toplevel() on ptolemy.moml.MoMLSimpleApplication@4e34937a
----------------- Done invoking toplevel() on ptolemy.moml.MoMLSimpleApplication@4e34937a
reloadAllAccessors: .Director

===========================================================================================
----------------- testing Wed Jun 13 02:14:10 UTC 2018 /home/travis/build/icyphy/ptII/ptolemy/actor/lib/test/auto/DiscreteClock.xml
----------------- Instantiating /home/travis/build/icyphy/ptII/ptolemy/actor/lib/test/auto/DiscreteClock.xml
1 ms. Memory: 1347072K Free: 1273536K (95%)
----------------- Invoking toplevel() on ptolemy.moml.MoMLSimpleApplication@7f38da80
----------------- Done invoking toplevel() on ptolemy.moml.MoMLSimpleApplication@7f38da80
reloadAllAccessors: .DiscreteClock

===========================================================================================
----------------- testing Wed Jun 13 02:14:10 UTC 2018 /home/travis/build/icyphy/ptII/ptolemy/actor/lib/test/auto/DiscreteClock10.xml
----------------- Instantiating /home/travis/build/icyphy/ptII/ptolemy/actor/lib/test/auto/DiscreteClock10.xml
2 ms. Memory: 1347072K Free: 1256906K (93%)
----------------- Invoking toplevel() on ptolemy.moml.MoMLSimpleApplication@4dad4ed0
----------------- Done invoking toplevel() on ptolemy.moml.MoMLSimpleApplication@4dad4ed0
reloadAllAccessors: .DiscreteClock10

===========================================================================================
----------------- testing Wed Jun 13 02:14:10 UTC 2018 /home/travis/build/icyphy/ptII/ptolemy/actor/lib/test/auto/DiscreteClock11.xml
----------------- Instantiating /home/travis/build/icyphy/ptII/ptolemy/actor/lib/test/auto/DiscreteClock11.xml
2 ms. Memory: 1347072K Free: 1240017K (92%)
----------------- Invoking toplevel() on ptolemy.moml.MoMLSimpleApplication@50452460
----------------- Done invoking toplevel() on ptolemy.moml.MoMLSimpleApplication@50452460
reloadAllAccessors: .DiscreteClock11

===========================================================================================
----------------- testing Wed Jun 13 02:14:10 UTC 2018 /home/travis/build/icyphy/ptII/ptolemy/actor/lib/test/auto/DiscreteClock12.xml
----------------- Instantiating /home/travis/build/icyphy/ptII/ptolemy/actor/lib/test/auto/DiscreteClock12.xml
3 ms. Memory: 1347072K Free: 1223387K (91%)
----------------- Invoking toplevel() on ptolemy.moml.MoMLSimpleApplication@40c2ba76
----------------- Done invoking toplevel() on ptolemy.moml.MoMLSimpleApplication@40c2ba76
reloadAllAccessors: .DiscreteClock12

===========================================================================================
----------------- testing Wed Jun 13 02:14:10 UTC 2018 /home/travis/build/icyphy/ptII/ptolemy/actor/lib/test/auto/DiscreteClock13.xml
----------------- Instantiating /home/travis/build/icyphy/ptII/ptolemy/actor/lib/test/auto/DiscreteClock13.xml
6 ms. Memory: 1347072K Free: 1206757K (90%)
----------------- Invoking toplevel() on ptolemy.moml.MoMLSimpleApplication@4aae05c7
----------------- Done invoking toplevel() on ptolemy.moml.MoMLSimpleApplication@4aae05c7
reloadAllAccessors: .DiscreteClock13

===========================================================================================
----------------- testing Wed Jun 13 02:14:10 UTC 2018 /home/travis/build/icyphy/ptII/ptolemy/actor/lib/test/auto/DiscreteClock14.xml
----------------- Instantiating /home/travis/build/icyphy/ptII/ptolemy/actor/lib/test/auto/DiscreteClock14.xml
7 ms. Memory: 1347072K Free: 1180639K (88%)
----------------- Invoking toplevel() on ptolemy.moml.MoMLSimpleApplication@7dc5d2ad
----------------- Done invoking toplevel() on ptolemy.moml.MoMLSimpleApplication@7dc5d2ad
reloadAllAccessors: .DiscreteClock14

===========================================================================================
----------------- testing Wed Jun 13 02:14:10 UTC 2018 /home/travis/build/icyphy/ptII/ptolemy/actor/lib/test/auto/DiscreteClock15.xml
----------------- Instantiating /home/travis/build/icyphy/ptII/ptolemy/actor/lib/test/auto/DiscreteClock15.xml
1 ms. Memory: 1347072K Free: 1164009K (86%)
----------------- Invoking toplevel() on ptolemy.moml.MoMLSimpleApplication@2b9d9cf3
----------------- Done invoking toplevel() on ptolemy.moml.MoMLSimpleApplication@2b9d9cf3
reloadAllAccessors: .DiscreteClock15

===========================================================================================
----------------- testing Wed Jun 13 02:14:10 UTC 2018 /home/travis/build/icyphy/ptII/ptolemy/actor/lib/test/auto/DiscreteClock16.xml
----------------- Instantiating /home/travis/build/icyphy/ptII/ptolemy/actor/lib/test/auto/DiscreteClock16.xml
24 ms. Memory: 1361408K Free: 1298922K (95%)
----------------- Invoking toplevel() on ptolemy.moml.MoMLSimpleApplication@5c3b7fd0
----------------- Done invoking toplevel() on ptolemy.moml.MoMLSimpleApplication@5c3b7fd0
reloadAllAccessors: .DiscreteClock16

===========================================================================================
----------------- testing Wed Jun 13 02:14:11 UTC 2018 /home/travis/build/icyphy/ptII/ptolemy/actor/lib/test/auto/DiscreteClock17.xml
----------------- Instantiating /home/travis/build/icyphy/ptII/ptolemy/actor/lib/test/auto/DiscreteClock17.xml
18 ms. Memory: 1361408K Free: 1264472K (93%)
----------------- Invoking toplevel() on ptolemy.moml.MoMLSimpleApplication@5bb8e352
----------------- Done invoking toplevel() on ptolemy.moml.MoMLSimpleApplication@5bb8e352
reloadAllAccessors: .DiscreteClock17

===========================================================================================
----------------- testing Wed Jun 13 02:14:11 UTC 2018 /home/travis/build/icyphy/ptII/ptolemy/actor/lib/test/auto/DiscreteClock18.xml
----------------- Instantiating /home/travis/build/icyphy/ptII/ptolemy/actor/lib/test/auto/DiscreteClock18.xml
9 ms. Memory: 1361408K Free: 1239512K (91%)
----------------- Invoking toplevel() on ptolemy.moml.MoMLSimpleApplication@5f4d32bc
----------------- Done invoking toplevel() on ptolemy.moml.MoMLSimpleApplication@5f4d32bc
reloadAllAccessors: .DiscreteClock18

===========================================================================================
----------------- testing Wed Jun 13 02:14:11 UTC 2018 /home/travis/build/icyphy/ptII/ptolemy/actor/lib/test/auto/DiscreteClock19.xml
----------------- Instantiating /home/travis/build/icyphy/ptII/ptolemy/actor/lib/test/auto/DiscreteClock19.xml
20 ms. Memory: 1361408K Free: 1214559K (89%)
----------------- Invoking toplevel() on ptolemy.moml.MoMLSimpleApplication@1ee50099
----------------- Done invoking toplevel() on ptolemy.moml.MoMLSimpleApplication@1ee50099
reloadAllAccessors: .DiscreteClock19

===========================================================================================
----------------- testing Wed Jun 13 02:14:11 UTC 2018 /home/travis/build/icyphy/ptII/ptolemy/actor/lib/test/auto/DiscreteClock2.xml
----------------- Instantiating /home/travis/build/icyphy/ptII/ptolemy/actor/lib/test/auto/DiscreteClock2.xml
6 ms. Memory: 1361408K Free: 1197929K (88%)
----------------- Invoking toplevel() on ptolemy.moml.MoMLSimpleApplication@7fca2849
----------------- Done invoking toplevel() on ptolemy.moml.MoMLSimpleApplication@7fca2849
reloadAllAccessors: .DiscreteClock2

===========================================================================================
----------------- testing Wed Jun 13 02:14:11 UTC 2018 /home/travis/build/icyphy/ptII/ptolemy/actor/lib/test/auto/DiscreteClock20.xml
----------------- Instantiating /home/travis/build/icyphy/ptII/ptolemy/actor/lib/test/auto/DiscreteClock20.xml
7 ms. Memory: 1361408K Free: 1171810K (86%)
----------------- Invoking toplevel() on ptolemy.moml.MoMLSimpleApplication@1fe42745
----------------- Done invoking toplevel() on ptolemy.moml.MoMLSimpleApplication@1fe42745
reloadAllAccessors: .DiscreteClock20

===========================================================================================
----------------- testing Wed Jun 13 02:14:11 UTC 2018 /home/travis/build/icyphy/ptII/ptolemy/actor/lib/test/auto/DiscreteClock21.xml
----------------- Instantiating /home/travis/build/icyphy/ptII/ptolemy/actor/lib/test/auto/DiscreteClock21.xml
6 ms. Memory: 1361408K Free: 1155180K (85%)
----------------- Invoking toplevel() on ptolemy.moml.MoMLSimpleApplication@4bfdaa81
----------------- Done invoking toplevel() on ptolemy.moml.MoMLSimpleApplication@4bfdaa81
reloadAllAccessors: .DiscreteClock21

===========================================================================================
----------------- testing Wed Jun 13 02:14:11 UTC 2018 /home/travis/build/icyphy/ptII/ptolemy/actor/lib/test/auto/DiscreteClock22.xml
----------------- Instantiating /home/travis/build/icyphy/ptII/ptolemy/actor/lib/test/auto/DiscreteClock22.xml
3 ms. Memory: 1361408K Free: 1138551K (84%)
----------------- Invoking toplevel() on ptolemy.moml.MoMLSimpleApplication@3ef94fdc
----------------- Done invoking toplevel() on ptolemy.moml.MoMLSimpleApplication@3ef94fdc
reloadAllAccessors: .DiscreteClock22

===========================================================================================
----------------- testing Wed Jun 13 02:14:11 UTC 2018 /home/travis/build/icyphy/ptII/ptolemy/actor/lib/test/auto/DiscreteClock23.xml
----------------- Instantiating /home/travis/build/icyphy/ptII/ptolemy/actor/lib/test/auto/DiscreteClock23.xml
1 ms. Memory: 1361408K Free: 1121921K (82%)
----------------- Invoking toplevel() on ptolemy.moml.MoMLSimpleApplication@5f67176c
----------------- Done invoking toplevel() on ptolemy.moml.MoMLSimpleApplication@5f67176c
reloadAllAccessors: .DiscreteClock23

===========================================================================================
----------------- testing Wed Jun 13 02:14:11 UTC 2018 /home/travis/build/icyphy/ptII/ptolemy/actor/lib/test/auto/DiscreteClock24.xml
----------------- Instantiating /home/travis/build/icyphy/ptII/ptolemy/actor/lib/test/auto/DiscreteClock24.xml
1 ms. Memory: 1361408K Free: 1095802K (80%)
----------------- Invoking toplevel() on ptolemy.moml.MoMLSimpleApplication@75c0f50
----------------- Done invoking toplevel() on ptolemy.moml.MoMLSimpleApplication@75c0f50
reloadAllAccessors: .DiscreteClock24

===========================================================================================
----------------- testing Wed Jun 13 02:14:11 UTC 2018 /home/travis/build/icyphy/ptII/ptolemy/actor/lib/test/auto/DiscreteClock4.xml
----------------- Instantiating /home/travis/build/icyphy/ptII/ptolemy/actor/lib/test/auto/DiscreteClock4.xml
2 ms. Memory: 1361408K Free: 1079172K (79%)
----------------- Invoking toplevel() on ptolemy.moml.MoMLSimpleApplication@69405000
----------------- Done invoking toplevel() on ptolemy.moml.MoMLSimpleApplication@69405000
reloadAllAccessors: .DiscreteClock4

===========================================================================================
----------------- testing Wed Jun 13 02:14:11 UTC 2018 /home/travis/build/icyphy/ptII/ptolemy/actor/lib/test/auto/DiscreteClock5.xml
----------------- Instantiating /home/travis/build/icyphy/ptII/ptolemy/actor/lib/test/auto/DiscreteClock5.xml
2 ms. Memory: 1361408K Free: 1062543K (78%)
----------------- Invoking toplevel() on ptolemy.moml.MoMLSimpleApplication@35ae13de
----------------- Done invoking toplevel() on ptolemy.moml.MoMLSimpleApplication@35ae13de
reloadAllAccessors: .DiscreteClock5

===========================================================================================
----------------- testing Wed Jun 13 02:14:11 UTC 2018 /home/travis/build/icyphy/ptII/ptolemy/actor/lib/test/auto/DiscreteClock6.xml
----------------- Instantiating /home/travis/build/icyphy/ptII/ptolemy/actor/lib/test/auto/DiscreteClock6.xml
1 ms. Memory: 1361408K Free: 1045913K (77%)
----------------- Invoking toplevel() on ptolemy.moml.MoMLSimpleApplication@2ae76347
----------------- Done invoking toplevel() on ptolemy.moml.MoMLSimpleApplication@2ae76347
reloadAllAccessors: .DiscreteClock6

===========================================================================================
----------------- testing Wed Jun 13 02:14:11 UTC 2018 /home/travis/build/icyphy/ptII/ptolemy/actor/lib/test/auto/DiscreteClock7.xml
----------------- Instantiating /home/travis/build/icyphy/ptII/ptolemy/actor/lib/test/auto/DiscreteClock7.xml
1 ms. Memory: 1361408K Free: 1019794K (75%)
----------------- Invoking toplevel() on ptolemy.moml.MoMLSimpleApplication@1bf7622d
----------------- Done invoking toplevel() on ptolemy.moml.MoMLSimpleApplication@1bf7622d
reloadAllAccessors: .DiscreteClock7

===========================================================================================
----------------- testing Wed Jun 13 02:14:11 UTC 2018 /home/travis/build/icyphy/ptII/ptolemy/actor/lib/test/auto/DiscreteClock8.xml
----------------- Instantiating /home/travis/build/icyphy/ptII/ptolemy/actor/lib/test/auto/DiscreteClock8.xml
6 ms. Memory: 1361408K Free: 1003164K (74%)
----------------- Invoking toplevel() on ptolemy.moml.MoMLSimpleApplication@6a0537d
----------------- Done invoking toplevel() on ptolemy.moml.MoMLSimpleApplication@6a0537d
reloadAllAccessors: .DiscreteClock8

===========================================================================================
----------------- testing Wed Jun 13 02:14:11 UTC 2018 /home/travis/build/icyphy/ptII/ptolemy/actor/lib/test/auto/DiscreteClock9.xml
----------------- Instantiating /home/travis/build/icyphy/ptII/ptolemy/actor/lib/test/auto/DiscreteClock9.xml
6 ms. Memory: 1361408K Free: 986535K (72%)
----------------- Invoking toplevel() on ptolemy.moml.MoMLSimpleApplication@75d4b966
----------------- Done invoking toplevel() on ptolemy.moml.MoMLSimpleApplication@75d4b966
reloadAllAccessors: .DiscreteClock9

===========================================================================================
----------------- testing Wed Jun 13 02:14:11 UTC 2018 /home/travis/build/icyphy/ptII/ptolemy/actor/lib/test/auto/DisplayArray.xml
----------------- Instantiating /home/travis/build/icyphy/ptII/ptolemy/actor/lib/test/auto/DisplayArray.xml
1 ms. Memory: 1361408K Free: 969905K (71%)
----------------- Invoking toplevel() on ptolemy.moml.MoMLSimpleApplication@750caa04
----------------- Done invoking toplevel() on ptolemy.moml.MoMLSimpleApplication@750caa04
reloadAllAccessors: .DisplayArray

===========================================================================================
----------------- testing Wed Jun 13 02:14:11 UTC 2018 /home/travis/build/icyphy/ptII/ptolemy/actor/lib/test/auto/Distributor.xml
----------------- Instantiating /home/travis/build/icyphy/ptII/ptolemy/actor/lib/test/auto/Distributor.xml
2 ms. Memory: 1361408K Free: 943786K (69%)
----------------- Invoking toplevel() on ptolemy.moml.MoMLSimpleApplication@520291bd
----------------- Done invoking toplevel() on ptolemy.moml.MoMLSimpleApplication@520291bd
reloadAllAccessors: .Distributor

===========================================================================================
----------------- testing Wed Jun 13 02:14:11 UTC 2018 /home/travis/build/icyphy/ptII/ptolemy/actor/lib/test/auto/Distributor2.xml
----------------- Instantiating /home/travis/build/icyphy/ptII/ptolemy/actor/lib/test/auto/Distributor2.xml
1 ms. Memory: 1361408K Free: 927156K (68%)
----------------- Invoking toplevel() on ptolemy.moml.MoMLSimpleApplication@5c9ea13
----------------- Done invoking toplevel() on ptolemy.moml.MoMLSimpleApplication@5c9ea13
reloadAllAccessors: .Distributor2

===========================================================================================
----------------- testing Wed Jun 13 02:14:11 UTC 2018 /home/travis/build/icyphy/ptII/ptolemy/actor/lib/test/auto/DownSample.xml
----------------- Instantiating /home/travis/build/icyphy/ptII/ptolemy/actor/lib/test/auto/DownSample.xml
2 ms. Memory: 1361408K Free: 910526K (67%)
----------------- Invoking toplevel() on ptolemy.moml.MoMLSimpleApplication@3ce49b54
----------------- Done invoking toplevel() on ptolemy.moml.MoMLSimpleApplication@3ce49b54
reloadAllAccessors: .DownSample

===========================================================================================
----------------- testing Wed Jun 13 02:14:11 UTC 2018 /home/travis/build/icyphy/ptII/ptolemy/actor/lib/test/auto/ElectronicUnitBase1.xml
----------------- Instantiating /home/travis/build/icyphy/ptII/ptolemy/actor/lib/test/auto/ElectronicUnitBase1.xml
15 ms. Memory: 1361408K Free: 885582K (65%)
----------------- Invoking toplevel() on ptolemy.moml.MoMLSimpleApplication@1a06ca50
----------------- Done invoking toplevel() on ptolemy.moml.MoMLSimpleApplication@1a06ca50
reloadAllAccessors: .ElectronicUnitBase1

===========================================================================================
----------------- testing Wed Jun 13 02:14:11 UTC 2018 /home/travis/build/icyphy/ptII/ptolemy/actor/lib/test/auto/ElementsToArray.xml
----------------- Instantiating /home/travis/build/icyphy/ptII/ptolemy/actor/lib/test/auto/ElementsToArray.xml
2 ms. Memory: 1361408K Free: 859463K (63%)
----------------- Invoking toplevel() on ptolemy.moml.MoMLSimpleApplication@20bbf0e9
----------------- Done invoking toplevel() on ptolemy.moml.MoMLSimpleApplication@20bbf0e9
reloadAllAccessors: .ElementsToArray

===========================================================================================
----------------- testing Wed Jun 13 02:14:11 UTC 2018 /home/travis/build/icyphy/ptII/ptolemy/actor/lib/test/auto/Equals.xml
----------------- Instantiating /home/travis/build/icyphy/ptII/ptolemy/actor/lib/test/auto/Equals.xml
2 ms. Memory: 1361408K Free: 842833K (62%)
----------------- Invoking toplevel() on ptolemy.moml.MoMLSimpleApplication@8a62974
----------------- Done invoking toplevel() on ptolemy.moml.MoMLSimpleApplication@8a62974
reloadAllAccessors: .Equals

===========================================================================================
----------------- testing Wed Jun 13 02:14:11 UTC 2018 /home/travis/build/icyphy/ptII/ptolemy/actor/lib/test/auto/Exec.xml
----------------- Instantiating /home/travis/build/icyphy/ptII/ptolemy/actor/lib/test/auto/Exec.xml
11 ms. Memory: 1361408K Free: 805416K (59%)
----------------- Invoking toplevel() on ptolemy.moml.MoMLSimpleApplication@6875e02f
----------------- Done invoking toplevel() on ptolemy.moml.MoMLSimpleApplication@6875e02f
reloadAllAccessors: .Exec

===========================================================================================
----------------- testing Wed Jun 13 02:14:11 UTC 2018 /home/travis/build/icyphy/ptII/ptolemy/actor/lib/test/auto/ExecEnvironment.xml
----------------- Instantiating /home/travis/build/icyphy/ptII/ptolemy/actor/lib/test/auto/ExecEnvironment.xml
34 ms. Memory: 1361408K Free: 772156K (57%)
----------------- Invoking toplevel() on ptolemy.moml.MoMLSimpleApplication@573276cc
----------------- Done invoking toplevel() on ptolemy.moml.MoMLSimpleApplication@573276cc
reloadAllAccessors: .ExecEnvironment

===========================================================================================
----------------- testing Wed Jun 13 02:14:11 UTC 2018 /home/travis/build/icyphy/ptII/ptolemy/actor/lib/test/auto/ExecNonZeroReturnOutput.xml
----------------- Instantiating /home/travis/build/icyphy/ptII/ptolemy/actor/lib/test/auto/ExecNonZeroReturnOutput.xml
123 ms. Memory: 1361408K Free: 637943K (47%)
----------------- Invoking toplevel() on ptolemy.moml.MoMLSimpleApplication@423d55f0
----------------- Done invoking toplevel() on ptolemy.moml.MoMLSimpleApplication@423d55f0
reloadAllAccessors: .ExecNonZeroReturnOutput

===========================================================================================
----------------- testing Wed Jun 13 02:14:11 UTC 2018 /home/travis/build/icyphy/ptII/ptolemy/actor/lib/test/auto/ExecRunDemos.xml
----------------- Instantiating /home/travis/build/icyphy/ptII/ptolemy/actor/lib/test/auto/ExecRunDemos.xml
Finished: 55 ms. Memory: 116224K Free: 100789K (87%)

Finished: 28 ms. Memory: 116224K Free: 98300K (85%)

Finished: 39 ms. Memory: 116224K Free: 98342K (85%)

Finished: 50 ms. Memory: 116224K Free: 99535K (86%)

Finished: 35 ms. Memory: 116224K Free: 100823K (87%)

9322 ms. Memory: 1361408K Free: 529832K (39%)
----------------- Invoking toplevel() on ptolemy.moml.MoMLSimpleApplication@35887b74
----------------- Done invoking toplevel() on ptolemy.moml.MoMLSimpleApplication@35887b74
reloadAllAccessors: .ExecRunDemos

===========================================================================================
----------------- testing Wed Jun 13 02:14:21 UTC 2018 /home/travis/build/icyphy/ptII/ptolemy/actor/lib/test/auto/ExecStop.xml
----------------- Instantiating /home/travis/build/icyphy/ptII/ptolemy/actor/lib/test/auto/ExecStop.xml
5009 ms. Memory: 1361408K Free: 305329K (22%)
----------------- Invoking toplevel() on ptolemy.moml.MoMLSimpleApplication@10a32b54
----------------- Done invoking toplevel() on ptolemy.moml.MoMLSimpleApplication@10a32b54
reloadAllAccessors: .ExecStop

===========================================================================================
----------------- testing Wed Jun 13 02:14:26 UTC 2018 /home/travis/build/icyphy/ptII/ptolemy/actor/lib/test/auto/ExecutionTimeSDF.xml
----------------- Instantiating /home/travis/build/icyphy/ptII/ptolemy/actor/lib/test/auto/ExecutionTimeSDF.xml
Fired ExecutionTime: -1923367296
Fired ExecutionTime: 1011200000
Fired ExecutionTime: 978800000
6003 ms. Memory: 1361408K Free: 280384K (21%)
----------------- Invoking toplevel() on ptolemy.moml.MoMLSimpleApplication@13dd55d0
----------------- Done invoking toplevel() on ptolemy.moml.MoMLSimpleApplication@13dd55d0
reloadAllAccessors: .ExecutionTimeSDF

===========================================================================================
----------------- testing Wed Jun 13 02:14:32 UTC 2018 /home/travis/build/icyphy/ptII/ptolemy/actor/lib/test/auto/Expression1.xml
----------------- Instantiating /home/travis/build/icyphy/ptII/ptolemy/actor/lib/test/auto/Expression1.xml
2 ms. Memory: 1361408K Free: 254266K (19%)
----------------- Invoking toplevel() on ptolemy.moml.MoMLSimpleApplication@fa4c4a1
----------------- Done invoking toplevel() on ptolemy.moml.MoMLSimpleApplication@fa4c4a1
reloadAllAccessors: .Expression1

===========================================================================================
----------------- testing Wed Jun 13 02:14:32 UTC 2018 /home/travis/build/icyphy/ptII/ptolemy/actor/lib/test/auto/Expression10.xml
----------------- Instantiating /home/travis/build/icyphy/ptII/ptolemy/actor/lib/test/auto/Expression10.xml
4 ms. Memory: 1361408K Free: 237636K (17%)
----------------- Invoking toplevel() on ptolemy.moml.MoMLSimpleApplication@45ffc60
----------------- Done invoking toplevel() on ptolemy.moml.MoMLSimpleApplication@45ffc60
reloadAllAccessors: .Expression10

===========================================================================================
----------------- testing Wed Jun 13 02:14:32 UTC 2018 /home/travis/build/icyphy/ptII/ptolemy/actor/lib/test/auto/Expression11.xml
----------------- Instantiating /home/travis/build/icyphy/ptII/ptolemy/actor/lib/test/auto/Expression11.xml
2 ms. Memory: 1361408K Free: 221006K (16%)
----------------- Invoking toplevel() on ptolemy.moml.MoMLSimpleApplication@62e11e88
----------------- Done invoking toplevel() on ptolemy.moml.MoMLSimpleApplication@62e11e88
reloadAllAccessors: .Expression11

===========================================================================================
----------------- testing Wed Jun 13 02:14:32 UTC 2018 /home/travis/build/icyphy/ptII/ptolemy/actor/lib/test/auto/Expression12.xml
----------------- Instantiating /home/travis/build/icyphy/ptII/ptolemy/actor/lib/test/auto/Expression12.xml
2 ms. Memory: 1361408K Free: 204376K (15%)
----------------- Invoking toplevel() on ptolemy.moml.MoMLSimpleApplication@7a01f73d
----------------- Done invoking toplevel() on ptolemy.moml.MoMLSimpleApplication@7a01f73d
reloadAllAccessors: .Expression12

===========================================================================================
----------------- testing Wed Jun 13 02:14:32 UTC 2018 /home/travis/build/icyphy/ptII/ptolemy/actor/lib/test/auto/Expression13.xml
----------------- Instantiating /home/travis/build/icyphy/ptII/ptolemy/actor/lib/test/auto/Expression13.xml
3 ms. Memory: 1361408K Free: 178258K (13%)
----------------- Invoking toplevel() on ptolemy.moml.MoMLSimpleApplication@68897a1
----------------- Done invoking toplevel() on ptolemy.moml.MoMLSimpleApplication@68897a1
reloadAllAccessors: .Expression13

===========================================================================================
----------------- testing Wed Jun 13 02:14:32 UTC 2018 /home/travis/build/icyphy/ptII/ptolemy/actor/lib/test/auto/Expression14.xml
----------------- Instantiating /home/travis/build/icyphy/ptII/ptolemy/actor/lib/test/auto/Expression14.xml
4 ms. Memory: 1361408K Free: 161628K (12%)
----------------- Invoking toplevel() on ptolemy.moml.MoMLSimpleApplication@713229a2
----------------- Done invoking toplevel() on ptolemy.moml.MoMLSimpleApplication@713229a2
reloadAllAccessors: .Expression14

===========================================================================================
----------------- testing Wed Jun 13 02:14:32 UTC 2018 /home/travis/build/icyphy/ptII/ptolemy/actor/lib/test/auto/Expression15.xml
----------------- Instantiating /home/travis/build/icyphy/ptII/ptolemy/actor/lib/test/auto/Expression15.xml
2 ms. Memory: 1361408K Free: 144998K (11%)
----------------- Invoking toplevel() on ptolemy.moml.MoMLSimpleApplication@12d119e3
----------------- Done invoking toplevel() on ptolemy.moml.MoMLSimpleApplication@12d119e3
reloadAllAccessors: .Expression15

===========================================================================================
----------------- testing Wed Jun 13 02:14:32 UTC 2018 /home/travis/build/icyphy/ptII/ptolemy/actor/lib/test/auto/Expression16.xml
----------------- Instantiating /home/travis/build/icyphy/ptII/ptolemy/actor/lib/test/auto/Expression16.xml
2 ms. Memory: 1361408K Free: 128368K (9%)
----------------- Invoking toplevel() on ptolemy.moml.MoMLSimpleApplication@223a25b9
----------------- Done invoking toplevel() on ptolemy.moml.MoMLSimpleApplication@223a25b9
reloadAllAccessors: .Expression16

===========================================================================================
----------------- testing Wed Jun 13 02:14:32 UTC 2018 /home/travis/build/icyphy/ptII/ptolemy/actor/lib/test/auto/Expression17.xml
----------------- Instantiating /home/travis/build/icyphy/ptII/ptolemy/actor/lib/test/auto/Expression17.xml
3 ms. Memory: 1361408K Free: 102249K (8%)
----------------- Invoking toplevel() on ptolemy.moml.MoMLSimpleApplication@4a505449
----------------- Done invoking toplevel() on ptolemy.moml.MoMLSimpleApplication@4a505449
reloadAllAccessors: .Expression17

===========================================================================================
----------------- testing Wed Jun 13 02:14:32 UTC 2018 /home/travis/build/icyphy/ptII/ptolemy/actor/lib/test/auto/Expression18.xml
----------------- Instantiating /home/travis/build/icyphy/ptII/ptolemy/actor/lib/test/auto/Expression18.xml
2 ms. Memory: 1361408K Free: 85620K (6%)
----------------- Invoking toplevel() on ptolemy.moml.MoMLSimpleApplication@7b228c0d
----------------- Done invoking toplevel() on ptolemy.moml.MoMLSimpleApplication@7b228c0d
reloadAllAccessors: .Expression18

===========================================================================================
----------------- testing Wed Jun 13 02:14:32 UTC 2018 /home/travis/build/icyphy/ptII/ptolemy/actor/lib/test/auto/Expression2.xml
----------------- Instantiating /home/travis/build/icyphy/ptII/ptolemy/actor/lib/test/auto/Expression2.xml
16 ms. Memory: 1646592K Free: 1602998K (97%)
----------------- Invoking toplevel() on ptolemy.moml.MoMLSimpleApplication@54874c8a
----------------- Done invoking toplevel() on ptolemy.moml.MoMLSimpleApplication@54874c8a
reloadAllAccessors: .Expression2

===========================================================================================
----------------- testing Wed Jun 13 02:14:32 UTC 2018 /home/travis/build/icyphy/ptII/ptolemy/actor/lib/test/auto/Expression3.xml
----------------- Instantiating /home/travis/build/icyphy/ptII/ptolemy/actor/lib/test/auto/Expression3.xml
2 ms. Memory: 1646592K Free: 1573917K (96%)
----------------- Invoking toplevel() on ptolemy.moml.MoMLSimpleApplication@2b98eb0d
----------------- Done invoking toplevel() on ptolemy.moml.MoMLSimpleApplication@2b98eb0d
reloadAllAccessors: .Expression3

===========================================================================================
----------------- testing Wed Jun 13 02:14:32 UTC 2018 /home/travis/build/icyphy/ptII/ptolemy/actor/lib/test/auto/Expression4.xml
----------------- Instantiating /home/travis/build/icyphy/ptII/ptolemy/actor/lib/test/auto/Expression4.xml
3 ms. Memory: 1646592K Free: 1558414K (95%)
----------------- Invoking toplevel() on ptolemy.moml.MoMLSimpleApplication@2e4b5113
----------------- Done invoking toplevel() on ptolemy.moml.MoMLSimpleApplication@2e4b5113
reloadAllAccessors: .Expression4

===========================================================================================
----------------- testing Wed Jun 13 02:14:32 UTC 2018 /home/travis/build/icyphy/ptII/ptolemy/actor/lib/test/auto/Expression5.xml
----------------- Instantiating /home/travis/build/icyphy/ptII/ptolemy/actor/lib/test/auto/Expression5.xml
2 ms. Memory: 1646592K Free: 1542910K (94%)
----------------- Invoking toplevel() on ptolemy.moml.MoMLSimpleApplication@507f292f
----------------- Done invoking toplevel() on ptolemy.moml.MoMLSimpleApplication@507f292f
reloadAllAccessors: .Expression5

===========================================================================================
----------------- testing Wed Jun 13 02:14:32 UTC 2018 /home/travis/build/icyphy/ptII/ptolemy/actor/lib/test/auto/Expression6.xml
----------------- Instantiating /home/travis/build/icyphy/ptII/ptolemy/actor/lib/test/auto/Expression6.xml
2 ms. Memory: 1646592K Free: 1518997K (92%)
----------------- Invoking toplevel() on ptolemy.moml.MoMLSimpleApplication@447c2c3
----------------- Done invoking toplevel() on ptolemy.moml.MoMLSimpleApplication@447c2c3
reloadAllAccessors: .Expression6

===========================================================================================
----------------- testing Wed Jun 13 02:14:32 UTC 2018 /home/travis/build/icyphy/ptII/ptolemy/actor/lib/test/auto/Expression7.xml
----------------- Instantiating /home/travis/build/icyphy/ptII/ptolemy/actor/lib/test/auto/Expression7.xml
2 ms. Memory: 1646592K Free: 1503494K (91%)
----------------- Invoking toplevel() on ptolemy.moml.MoMLSimpleApplication@2d98cf3f
----------------- Done invoking toplevel() on ptolemy.moml.MoMLSimpleApplication@2d98cf3f
reloadAllAccessors: .Expression7

===========================================================================================
----------------- testing Wed Jun 13 02:14:32 UTC 2018 /home/travis/build/icyphy/ptII/ptolemy/actor/lib/test/auto/Expression8.xml
----------------- Instantiating /home/travis/build/icyphy/ptII/ptolemy/actor/lib/test/auto/Expression8.xml
3 ms. Memory: 1646592K Free: 1487990K (90%)
----------------- Invoking toplevel() on ptolemy.moml.MoMLSimpleApplication@5f8a85f0
----------------- Done invoking toplevel() on ptolemy.moml.MoMLSimpleApplication@5f8a85f0
reloadAllAccessors: .Expression8

===========================================================================================
----------------- testing Wed Jun 13 02:14:32 UTC 2018 /home/travis/build/icyphy/ptII/ptolemy/actor/lib/test/auto/Expression9.xml
----------------- Instantiating /home/travis/build/icyphy/ptII/ptolemy/actor/lib/test/auto/Expression9.xml
1 ms. Memory: 1646592K Free: 1472487K (89%)
----------------- Invoking toplevel() on ptolemy.moml.MoMLSimpleApplication@377adab
----------------- Done invoking toplevel() on ptolemy.moml.MoMLSimpleApplication@377adab
reloadAllAccessors: .Expression9

===========================================================================================
----------------- testing Wed Jun 13 02:14:32 UTC 2018 /home/travis/build/icyphy/ptII/ptolemy/actor/lib/test/auto/ExpressionConcatenateArrayType.xml
----------------- Instantiating /home/travis/build/icyphy/ptII/ptolemy/actor/lib/test/auto/ExpressionConcatenateArrayType.xml
2 ms. Memory: 1646592K Free: 1448574K (88%)
----------------- Invoking toplevel() on ptolemy.moml.MoMLSimpleApplication@77a98627
----------------- Done invoking toplevel() on ptolemy.moml.MoMLSimpleApplication@77a98627
reloadAllAccessors: .ExpressionConcatenateArrayType

===========================================================================================
----------------- testing Wed Jun 13 02:14:32 UTC 2018 /home/travis/build/icyphy/ptII/ptolemy/actor/lib/test/auto/ExpressionConcatenateArrayType2.xml
----------------- Instantiating /home/travis/build/icyphy/ptII/ptolemy/actor/lib/test/auto/ExpressionConcatenateArrayType2.xml
2 ms. Memory: 1646592K Free: 1433070K (87%)
----------------- Invoking toplevel() on ptolemy.moml.MoMLSimpleApplication@803bf83
----------------- Done invoking toplevel() on ptolemy.moml.MoMLSimpleApplication@803bf83
reloadAllAccessors: .ExpressionConcatenateArrayType2

===========================================================================================
----------------- testing Wed Jun 13 02:14:32 UTC 2018 /home/travis/build/icyphy/ptII/ptolemy/actor/lib/test/auto/ExpressionFix.xml
----------------- Instantiating /home/travis/build/icyphy/ptII/ptolemy/actor/lib/test/auto/ExpressionFix.xml
8 ms. Memory: 1646592K Free: 1417357K (86%)
----------------- Invoking toplevel() on ptolemy.moml.MoMLSimpleApplication@60741fec
----------------- Done invoking toplevel() on ptolemy.moml.MoMLSimpleApplication@60741fec
reloadAllAccessors: .ExpressionFix

===========================================================================================
----------------- testing Wed Jun 13 02:14:32 UTC 2018 /home/travis/build/icyphy/ptII/ptolemy/actor/lib/test/auto/ExpressionFix2.xml
----------------- Instantiating /home/travis/build/icyphy/ptII/ptolemy/actor/lib/test/auto/ExpressionFix2.xml
2 ms. Memory: 1646592K Free: 1401854K (85%)
----------------- Invoking toplevel() on ptolemy.moml.MoMLSimpleApplication@60f8bb6c
----------------- Done invoking toplevel() on ptolemy.moml.MoMLSimpleApplication@60f8bb6c
reloadAllAccessors: .ExpressionFix2

===========================================================================================
----------------- testing Wed Jun 13 02:14:32 UTC 2018 /home/travis/build/icyphy/ptII/ptolemy/actor/lib/test/auto/ExpressionFix3.xml
----------------- Instantiating /home/travis/build/icyphy/ptII/ptolemy/actor/lib/test/auto/ExpressionFix3.xml
1 ms. Memory: 1646592K Free: 1377941K (84%)
----------------- Invoking toplevel() on ptolemy.moml.MoMLSimpleApplication@4790a4ed
----------------- Done invoking toplevel() on ptolemy.moml.MoMLSimpleApplication@4790a4ed
reloadAllAccessors: .ExpressionFix3

===========================================================================================
----------------- testing Wed Jun 13 02:14:32 UTC 2018 /home/travis/build/icyphy/ptII/ptolemy/actor/lib/test/auto/FileWriter1.xml
----------------- Instantiating /home/travis/build/icyphy/ptII/ptolemy/actor/lib/test/auto/FileWriter1.xml
2 ms. Memory: 1646592K Free: 1362438K (83%)
----------------- Invoking toplevel() on ptolemy.moml.MoMLSimpleApplication@638d15bc
----------------- Done invoking toplevel() on ptolemy.moml.MoMLSimpleApplication@638d15bc
reloadAllAccessors: .FileWriter1

===========================================================================================
----------------- testing Wed Jun 13 02:14:32 UTC 2018 /home/travis/build/icyphy/ptII/ptolemy/actor/lib/test/auto/FileWriter2.xml
----------------- Instantiating /home/travis/build/icyphy/ptII/ptolemy/actor/lib/test/auto/FileWriter2.xml
2 ms. Memory: 1646592K Free: 1346934K (82%)
----------------- Invoking toplevel() on ptolemy.moml.MoMLSimpleApplication@101f2410
----------------- Done invoking toplevel() on ptolemy.moml.MoMLSimpleApplication@101f2410
reloadAllAccessors: .FileWriter2

===========================================================================================
----------------- testing Wed Jun 13 02:14:32 UTC 2018 /home/travis/build/icyphy/ptII/ptolemy/actor/lib/test/auto/FileWriter3.xml
----------------- Instantiating /home/travis/build/icyphy/ptII/ptolemy/actor/lib/test/auto/FileWriter3.xml
2 ms. Memory: 1646592K Free: 1323021K (80%)
----------------- Invoking toplevel() on ptolemy.moml.MoMLSimpleApplication@1fac66cc
----------------- Done invoking toplevel() on ptolemy.moml.MoMLSimpleApplication@1fac66cc
reloadAllAccessors: .FileWriter3

===========================================================================================
----------------- testing Wed Jun 13 02:14:32 UTC 2018 /home/travis/build/icyphy/ptII/ptolemy/actor/lib/test/auto/Gaussian.xml
----------------- Instantiating /home/travis/build/icyphy/ptII/ptolemy/actor/lib/test/auto/Gaussian.xml
2 ms. Memory: 1646592K Free: 1307518K (79%)
----------------- Invoking toplevel() on ptolemy.moml.MoMLSimpleApplication@33799dd8
----------------- Done invoking toplevel() on ptolemy.moml.MoMLSimpleApplication@33799dd8
reloadAllAccessors: .Gaussian

===========================================================================================
----------------- testing Wed Jun 13 02:14:32 UTC 2018 /home/travis/build/icyphy/ptII/ptolemy/actor/lib/test/auto/Gaussian1.xml
----------------- Instantiating /home/travis/build/icyphy/ptII/ptolemy/actor/lib/test/auto/Gaussian1.xml
2 ms. Memory: 1646592K Free: 1292014K (78%)
----------------- Invoking toplevel() on ptolemy.moml.MoMLSimpleApplication@38c51607
----------------- Done invoking toplevel() on ptolemy.moml.MoMLSimpleApplication@38c51607
reloadAllAccessors: .Gaussian1

===========================================================================================
----------------- testing Wed Jun 13 02:14:32 UTC 2018 /home/travis/build/icyphy/ptII/ptolemy/actor/lib/test/auto/Gaussian2.xml
----------------- Instantiating /home/travis/build/icyphy/ptII/ptolemy/actor/lib/test/auto/Gaussian2.xml
1 ms. Memory: 1646592K Free: 1276511K (78%)
----------------- Invoking toplevel() on ptolemy.moml.MoMLSimpleApplication@2aa71e7
----------------- Done invoking toplevel() on ptolemy.moml.MoMLSimpleApplication@2aa71e7
reloadAllAccessors: .Gaussian2

===========================================================================================
----------------- testing Wed Jun 13 02:14:32 UTC 2018 /home/travis/build/icyphy/ptII/ptolemy/actor/lib/test/auto/GradientAdaptiveLattice.xml
----------------- Instantiating /home/travis/build/icyphy/ptII/ptolemy/actor/lib/test/auto/GradientAdaptiveLattice.xml
2 ms. Memory: 1646592K Free: 1252597K (76%)
----------------- Invoking toplevel() on ptolemy.moml.MoMLSimpleApplication@10cdb037
----------------- Done invoking toplevel() on ptolemy.moml.MoMLSimpleApplication@10cdb037
reloadAllAccessors: .GradientAdaptiveLattice

===========================================================================================
----------------- testing Wed Jun 13 02:14:32 UTC 2018 /home/travis/build/icyphy/ptII/ptolemy/actor/lib/test/auto/IIR.xml
----------------- Instantiating /home/travis/build/icyphy/ptII/ptolemy/actor/lib/test/auto/IIR.xml
1 ms. Memory: 1646592K Free: 1237094K (75%)
----------------- Invoking toplevel() on ptolemy.moml.MoMLSimpleApplication@5565186
----------------- Done invoking toplevel() on ptolemy.moml.MoMLSimpleApplication@5565186
reloadAllAccessors: .IIR

===========================================================================================
----------------- testing Wed Jun 13 02:14:32 UTC 2018 /home/travis/build/icyphy/ptII/ptolemy/actor/lib/test/auto/InputOutputTransparentPorts.xml
----------------- Instantiating /home/travis/build/icyphy/ptII/ptolemy/actor/lib/test/auto/InputOutputTransparentPorts.xml
2 ms. Memory: 1646592K Free: 1221590K (74%)
----------------- Invoking toplevel() on ptolemy.moml.MoMLSimpleApplication@7e0aafd2
----------------- Done invoking toplevel() on ptolemy.moml.MoMLSimpleApplication@7e0aafd2
reloadAllAccessors: .InputOutputTransparentPorts

===========================================================================================
----------------- testing Wed Jun 13 02:14:32 UTC 2018 /home/travis/build/icyphy/ptII/ptolemy/actor/lib/test/auto/Interpolator.xml
----------------- Instantiating /home/travis/build/icyphy/ptII/ptolemy/actor/lib/test/auto/Interpolator.xml
3 ms. Memory: 1646592K Free: 1206087K (73%)
----------------- Invoking toplevel() on ptolemy.moml.MoMLSimpleApplication@219b0422
----------------- Done invoking toplevel() on ptolemy.moml.MoMLSimpleApplication@219b0422
reloadAllAccessors: .Interpolator

===========================================================================================
----------------- testing Wed Jun 13 02:14:32 UTC 2018 /home/travis/build/icyphy/ptII/ptolemy/actor/lib/test/auto/InterpolatorFiringLimitDE.xml
----------------- Instantiating /home/travis/build/icyphy/ptII/ptolemy/actor/lib/test/auto/InterpolatorFiringLimitDE.xml
2 ms. Memory: 1646592K Free: 1182174K (72%)
----------------- Invoking toplevel() on ptolemy.moml.MoMLSimpleApplication@13616bc2
----------------- Done invoking toplevel() on ptolemy.moml.MoMLSimpleApplication@13616bc2
reloadAllAccessors: .InterpolatorFiringLimitDE

===========================================================================================
----------------- testing Wed Jun 13 02:14:32 UTC 2018 /home/travis/build/icyphy/ptII/ptolemy/actor/lib/test/auto/Lattice.xml
----------------- Instantiating /home/travis/build/icyphy/ptII/ptolemy/actor/lib/test/auto/Lattice.xml
1 ms. Memory: 1646592K Free: 1166670K (71%)
----------------- Invoking toplevel() on ptolemy.moml.MoMLSimpleApplication@5aa0c7ac
----------------- Done invoking toplevel() on ptolemy.moml.MoMLSimpleApplication@5aa0c7ac
reloadAllAccessors: .Lattice

===========================================================================================
----------------- testing Wed Jun 13 02:14:32 UTC 2018 /home/travis/build/icyphy/ptII/ptolemy/actor/lib/test/auto/LazyAOCTestLazy.xml
----------------- Instantiating /home/travis/build/icyphy/ptII/ptolemy/actor/lib/test/auto/LazyAOCTestLazy.xml
6 ms. Memory: 1646592K Free: 1151167K (70%)
----------------- Invoking toplevel() on ptolemy.moml.MoMLSimpleApplication@5848e7e9
----------------- Done invoking toplevel() on ptolemy.moml.MoMLSimpleApplication@5848e7e9
reloadAllAccessors: .LazyAOCTestLazy

===========================================================================================
----------------- testing Wed Jun 13 02:14:33 UTC 2018 /home/travis/build/icyphy/ptII/ptolemy/actor/lib/test/auto/LazyAOCTestNonLazy.xml
----------------- Instantiating /home/travis/build/icyphy/ptII/ptolemy/actor/lib/test/auto/LazyAOCTestNonLazy.xml
2 ms. Memory: 1646592K Free: 1127253K (68%)
----------------- Invoking toplevel() on ptolemy.moml.MoMLSimpleApplication@dd54d64
----------------- Done invoking toplevel() on ptolemy.moml.MoMLSimpleApplication@dd54d64
reloadAllAccessors: .LazyAOCTestNonLazy

===========================================================================================
----------------- testing Wed Jun 13 02:14:33 UTC 2018 /home/travis/build/icyphy/ptII/ptolemy/actor/lib/test/auto/LazyInnerClass.xml
----------------- Instantiating /home/travis/build/icyphy/ptII/ptolemy/actor/lib/test/auto/LazyInnerClass.xml
9 ms. Memory: 1646592K Free: 1111750K (68%)
----------------- Invoking toplevel() on ptolemy.moml.MoMLSimpleApplication@4722e0ec
----------------- Done invoking toplevel() on ptolemy.moml.MoMLSimpleApplication@4722e0ec
reloadAllAccessors: .LazyInnerClass

===========================================================================================
----------------- testing Wed Jun 13 02:14:33 UTC 2018 /home/travis/build/icyphy/ptII/ptolemy/actor/lib/test/auto/LazyPubSub.xml
----------------- Instantiating /home/travis/build/icyphy/ptII/ptolemy/actor/lib/test/auto/LazyPubSub.xml
13 ms. Memory: 1646592K Free: 1096247K (67%)
----------------- Invoking toplevel() on ptolemy.moml.MoMLSimpleApplication@5b363aaa
----------------- Done invoking toplevel() on ptolemy.moml.MoMLSimpleApplication@5b363aaa
reloadAllAccessors: .LazyPubSub

===========================================================================================
----------------- testing Wed Jun 13 02:14:33 UTC 2018 /home/travis/build/icyphy/ptII/ptolemy/actor/lib/test/auto/LazyPubSub2.xml
----------------- Instantiating /home/travis/build/icyphy/ptII/ptolemy/actor/lib/test/auto/LazyPubSub2.xml
22 ms. Memory: 1646592K Free: 1080743K (66%)
----------------- Invoking toplevel() on ptolemy.moml.MoMLSimpleApplication@60d5b63
----------------- Done invoking toplevel() on ptolemy.moml.MoMLSimpleApplication@60d5b63
reloadAllAccessors: .LazyPubSub2

===========================================================================================
----------------- testing Wed Jun 13 02:14:33 UTC 2018 /home/travis/build/icyphy/ptII/ptolemy/actor/lib/test/auto/LazyPubSub3.xml
----------------- Instantiating /home/travis/build/icyphy/ptII/ptolemy/actor/lib/test/auto/LazyPubSub3.xml
20 ms. Memory: 1646592K Free: 1056830K (64%)
----------------- Invoking toplevel() on ptolemy.moml.MoMLSimpleApplication@1e225565
----------------- Done invoking toplevel() on ptolemy.moml.MoMLSimpleApplication@1e225565
reloadAllAccessors: .LazyPubSub3

===========================================================================================
----------------- testing Wed Jun 13 02:14:33 UTC 2018 /home/travis/build/icyphy/ptII/ptolemy/actor/lib/test/auto/LazySubClassModel.xml
----------------- Instantiating /home/travis/build/icyphy/ptII/ptolemy/actor/lib/test/auto/LazySubClassModel.xml
2 ms. Memory: 1646592K Free: 1041326K (63%)
----------------- Invoking toplevel() on ptolemy.moml.MoMLSimpleApplication@78c78449
----------------- Done invoking toplevel() on ptolemy.moml.MoMLSimpleApplication@78c78449
reloadAllAccessors: .LazySubClassModel

===========================================================================================
----------------- testing Wed Jun 13 02:14:33 UTC 2018 /home/travis/build/icyphy/ptII/ptolemy/actor/lib/test/auto/LevelCrossTest1.xml
----------------- Instantiating /home/travis/build/icyphy/ptII/ptolemy/actor/lib/test/auto/LevelCrossTest1.xml
1 ms. Memory: 1646592K Free: 1025823K (62%)
----------------- Invoking toplevel() on ptolemy.moml.MoMLSimpleApplication@4ed36603
----------------- Done invoking toplevel() on ptolemy.moml.MoMLSimpleApplication@4ed36603
reloadAllAccessors: .broken

===========================================================================================
----------------- testing Wed Jun 13 02:14:33 UTC 2018 /home/travis/build/icyphy/ptII/ptolemy/actor/lib/test/auto/LevelCrossTest10.xml
----------------- Instantiating /home/travis/build/icyphy/ptII/ptolemy/actor/lib/test/auto/LevelCrossTest10.xml
1 ms. Memory: 1646592K Free: 1010319K (61%)
----------------- Invoking toplevel() on ptolemy.moml.MoMLSimpleApplication@1a66ef93
----------------- Done invoking toplevel() on ptolemy.moml.MoMLSimpleApplication@1a66ef93
reloadAllAccessors: .LevelCrossTest10

===========================================================================================
----------------- testing Wed Jun 13 02:14:33 UTC 2018 /home/travis/build/icyphy/ptII/ptolemy/actor/lib/test/auto/LevelCrossTest11.xml
----------------- Instantiating /home/travis/build/icyphy/ptII/ptolemy/actor/lib/test/auto/LevelCrossTest11.xml
1 ms. Memory: 1646592K Free: 986406K (60%)
----------------- Invoking toplevel() on ptolemy.moml.MoMLSimpleApplication@1c8cf5a1
----------------- Done invoking toplevel() on ptolemy.moml.MoMLSimpleApplication@1c8cf5a1
reloadAllAccessors: .LevelCrossTest11

===========================================================================================
----------------- testing Wed Jun 13 02:14:33 UTC 2018 /home/travis/build/icyphy/ptII/ptolemy/actor/lib/test/auto/LevelCrossTest12.xml
----------------- Instantiating /home/travis/build/icyphy/ptII/ptolemy/actor/lib/test/auto/LevelCrossTest12.xml
2 ms. Memory: 1646592K Free: 970903K (59%)
----------------- Invoking toplevel() on ptolemy.moml.MoMLSimpleApplication@1cd7878a
----------------- Done invoking toplevel() on ptolemy.moml.MoMLSimpleApplication@1cd7878a
reloadAllAccessors: .LevelCrossTest12

===========================================================================================
----------------- testing Wed Jun 13 02:14:33 UTC 2018 /home/travis/build/icyphy/ptII/ptolemy/actor/lib/test/auto/LevelCrossTest13.xml
----------------- Instantiating /home/travis/build/icyphy/ptII/ptolemy/actor/lib/test/auto/LevelCrossTest13.xml
1 ms. Memory: 1646592K Free: 955399K (58%)
----------------- Invoking toplevel() on ptolemy.moml.MoMLSimpleApplication@43cae2a1
----------------- Done invoking toplevel() on ptolemy.moml.MoMLSimpleApplication@43cae2a1
reloadAllAccessors: .LevelCrossTest13

===========================================================================================
----------------- testing Wed Jun 13 02:14:33 UTC 2018 /home/travis/build/icyphy/ptII/ptolemy/actor/lib/test/auto/LevelCrossTest2.xml
----------------- Instantiating /home/travis/build/icyphy/ptII/ptolemy/actor/lib/test/auto/LevelCrossTest2.xml
1 ms. Memory: 1646592K Free: 931486K (57%)
----------------- Invoking toplevel() on ptolemy.moml.MoMLSimpleApplication@6556fdb4
----------------- Done invoking toplevel() on ptolemy.moml.MoMLSimpleApplication@6556fdb4
reloadAllAccessors: .broken

===========================================================================================
----------------- testing Wed Jun 13 02:14:33 UTC 2018 /home/travis/build/icyphy/ptII/ptolemy/actor/lib/test/auto/LevelCrossTest3.xml
----------------- Instantiating /home/travis/build/icyphy/ptII/ptolemy/actor/lib/test/auto/LevelCrossTest3.xml
1 ms. Memory: 1646592K Free: 915983K (56%)
----------------- Invoking toplevel() on ptolemy.moml.MoMLSimpleApplication@733f48f0
----------------- Done invoking toplevel() on ptolemy.moml.MoMLSimpleApplication@733f48f0
reloadAllAccessors: .LevelCrossTest3

===========================================================================================
----------------- testing Wed Jun 13 02:14:33 UTC 2018 /home/travis/build/icyphy/ptII/ptolemy/actor/lib/test/auto/LevelCrossTest4.xml
----------------- Instantiating /home/travis/build/icyphy/ptII/ptolemy/actor/lib/test/auto/LevelCrossTest4.xml
1 ms. Memory: 1646592K Free: 900480K (55%)
----------------- Invoking toplevel() on ptolemy.moml.MoMLSimpleApplication@2c7cc948
----------------- Done invoking toplevel() on ptolemy.moml.MoMLSimpleApplication@2c7cc948
reloadAllAccessors: .broken

===========================================================================================
----------------- testing Wed Jun 13 02:14:33 UTC 2018 /home/travis/build/icyphy/ptII/ptolemy/actor/lib/test/auto/LevelCrossTest5.xml
----------------- Instantiating /home/travis/build/icyphy/ptII/ptolemy/actor/lib/test/auto/LevelCrossTest5.xml
4 ms. Memory: 1646592K Free: 884976K (54%)
----------------- Invoking toplevel() on ptolemy.moml.MoMLSimpleApplication@5c077b12
----------------- Done invoking toplevel() on ptolemy.moml.MoMLSimpleApplication@5c077b12
reloadAllAccessors: .LevelCrossTest5

===========================================================================================
----------------- testing Wed Jun 13 02:14:33 UTC 2018 /home/travis/build/icyphy/ptII/ptolemy/actor/lib/test/auto/LevelCrossTest6.xml
----------------- Instantiating /home/travis/build/icyphy/ptII/ptolemy/actor/lib/test/auto/LevelCrossTest6.xml
1 ms. Memory: 1646592K Free: 861063K (52%)
----------------- Invoking toplevel() on ptolemy.moml.MoMLSimpleApplication@42ec883c
----------------- Done invoking toplevel() on ptolemy.moml.MoMLSimpleApplication@42ec883c
reloadAllAccessors: .LevelCrossTest6

===========================================================================================
----------------- testing Wed Jun 13 02:14:33 UTC 2018 /home/travis/build/icyphy/ptII/ptolemy/actor/lib/test/auto/LevelCrossTest7.xml
----------------- Instantiating /home/travis/build/icyphy/ptII/ptolemy/actor/lib/test/auto/LevelCrossTest7.xml
1 ms. Memory: 1646592K Free: 845560K (51%)
----------------- Invoking toplevel() on ptolemy.moml.MoMLSimpleApplication@75c9b33b
----------------- Done invoking toplevel() on ptolemy.moml.MoMLSimpleApplication@75c9b33b
reloadAllAccessors: .LevelCrossTest7

===========================================================================================
----------------- testing Wed Jun 13 02:14:33 UTC 2018 /home/travis/build/icyphy/ptII/ptolemy/actor/lib/test/auto/LevelCrossTest8.xml
----------------- Instantiating /home/travis/build/icyphy/ptII/ptolemy/actor/lib/test/auto/LevelCrossTest8.xml
1 ms. Memory: 1646592K Free: 830056K (50%)
----------------- Invoking toplevel() on ptolemy.moml.MoMLSimpleApplication@4ce3527d
----------------- Done invoking toplevel() on ptolemy.moml.MoMLSimpleApplication@4ce3527d
reloadAllAccessors: .LevelCrossTest8

===========================================================================================
----------------- testing Wed Jun 13 02:14:33 UTC 2018 /home/travis/build/icyphy/ptII/ptolemy/actor/lib/test/auto/LevelCrossTest9.xml
----------------- Instantiating /home/travis/build/icyphy/ptII/ptolemy/actor/lib/test/auto/LevelCrossTest9.xml
1 ms. Memory: 1646592K Free: 814553K (49%)
----------------- Invoking toplevel() on ptolemy.moml.MoMLSimpleApplication@231b6bb5
----------------- Done invoking toplevel() on ptolemy.moml.MoMLSimpleApplication@231b6bb5
reloadAllAccessors: .LevelCrossTest9

===========================================================================================
----------------- testing Wed Jun 13 02:14:33 UTC 2018 /home/travis/build/icyphy/ptII/ptolemy/actor/lib/test/auto/LevinsonDurbin.xml
----------------- Instantiating /home/travis/build/icyphy/ptII/ptolemy/actor/lib/test/auto/LevinsonDurbin.xml
1 ms. Memory: 1646592K Free: 790640K (48%)
----------------- Invoking toplevel() on ptolemy.moml.MoMLSimpleApplication@4b7879e7
----------------- Done invoking toplevel() on ptolemy.moml.MoMLSimpleApplication@4b7879e7
reloadAllAccessors: .LevinsonDurbin

===========================================================================================
----------------- testing Wed Jun 13 02:14:33 UTC 2018 /home/travis/build/icyphy/ptII/ptolemy/actor/lib/test/auto/LevinsonDurbin2.xml
----------------- Instantiating /home/travis/build/icyphy/ptII/ptolemy/actor/lib/test/auto/LevinsonDurbin2.xml
3 ms. Memory: 1646592K Free: 775136K (47%)
----------------- Invoking toplevel() on ptolemy.moml.MoMLSimpleApplication@4734dc8
----------------- Done invoking toplevel() on ptolemy.moml.MoMLSimpleApplication@4734dc8
reloadAllAccessors: .LevinsonDurbin2

===========================================================================================
----------------- testing Wed Jun 13 02:14:33 UTC 2018 /home/travis/build/icyphy/ptII/ptolemy/actor/lib/test/auto/LevinsonDurbin3.xml
----------------- Instantiating /home/travis/build/icyphy/ptII/ptolemy/actor/lib/test/auto/LevinsonDurbin3.xml
2 ms. Memory: 1646592K Free: 759633K (46%)
----------------- Invoking toplevel() on ptolemy.moml.MoMLSimpleApplication@1d3e1a03
----------------- Done invoking toplevel() on ptolemy.moml.MoMLSimpleApplication@1d3e1a03
reloadAllAccessors: .LevinsonDurbin3

===========================================================================================
----------------- testing Wed Jun 13 02:14:33 UTC 2018 /home/travis/build/icyphy/ptII/ptolemy/actor/lib/test/auto/Limiter.xml
----------------- Instantiating /home/travis/build/icyphy/ptII/ptolemy/actor/lib/test/auto/Limiter.xml
3 ms. Memory: 1646592K Free: 729170K (44%)
----------------- Invoking toplevel() on ptolemy.moml.MoMLSimpleApplication@64ef968e
----------------- Done invoking toplevel() on ptolemy.moml.MoMLSimpleApplication@64ef968e
reloadAllAccessors: .Limiter

===========================================================================================
----------------- testing Wed Jun 13 02:14:33 UTC 2018 /home/travis/build/icyphy/ptII/ptolemy/actor/lib/test/auto/LinearDifferenceEquationSystem.xml
----------------- Instantiating /home/travis/build/icyphy/ptII/ptolemy/actor/lib/test/auto/LinearDifferenceEquationSystem.xml
4 ms. Memory: 1646592K Free: 713666K (43%)
----------------- Invoking toplevel() on ptolemy.moml.MoMLSimpleApplication@4c8e3d08
----------------- Done invoking toplevel() on ptolemy.moml.MoMLSimpleApplication@4c8e3d08
reloadAllAccessors: .LinearDifferenceEquationSystem

===========================================================================================
----------------- testing Wed Jun 13 02:14:33 UTC 2018 /home/travis/build/icyphy/ptII/ptolemy/actor/lib/test/auto/LookupTable.xml
----------------- Instantiating /home/travis/build/icyphy/ptII/ptolemy/actor/lib/test/auto/LookupTable.xml
1 ms. Memory: 1646592K Free: 698163K (42%)
----------------- Invoking toplevel() on ptolemy.moml.MoMLSimpleApplication@79cace8e
----------------- Done invoking toplevel() on ptolemy.moml.MoMLSimpleApplication@79cace8e
reloadAllAccessors: .LookupTable

===========================================================================================
----------------- testing Wed Jun 13 02:14:33 UTC 2018 /home/travis/build/icyphy/ptII/ptolemy/actor/lib/test/auto/MathFunction.xml
----------------- Instantiating /home/travis/build/icyphy/ptII/ptolemy/actor/lib/test/auto/MathFunction.xml
2 ms. Memory: 1646592K Free: 682659K (41%)
----------------- Invoking toplevel() on ptolemy.moml.MoMLSimpleApplication@41059289
----------------- Done invoking toplevel() on ptolemy.moml.MoMLSimpleApplication@41059289
reloadAllAccessors: .MathFunction

===========================================================================================
----------------- testing Wed Jun 13 02:14:33 UTC 2018 /home/travis/build/icyphy/ptII/ptolemy/actor/lib/test/auto/MathFunction2.xml
----------------- Instantiating /home/travis/build/icyphy/ptII/ptolemy/actor/lib/test/auto/MathFunction2.xml
6 ms. Memory: 1646592K Free: 658746K (40%)
----------------- Invoking toplevel() on ptolemy.moml.MoMLSimpleApplication@6d6bc27
----------------- Done invoking toplevel() on ptolemy.moml.MoMLSimpleApplication@6d6bc27
reloadAllAccessors: .MathFunction2

===========================================================================================
----------------- testing Wed Jun 13 02:14:33 UTC 2018 /home/travis/build/icyphy/ptII/ptolemy/actor/lib/test/auto/MathFunction3.xml
----------------- Instantiating /home/travis/build/icyphy/ptII/ptolemy/actor/lib/test/auto/MathFunction3.xml
2 ms. Memory: 1646592K Free: 643243K (39%)
----------------- Invoking toplevel() on ptolemy.moml.MoMLSimpleApplication@69ddffd3
----------------- Done invoking toplevel() on ptolemy.moml.MoMLSimpleApplication@69ddffd3
reloadAllAccessors: .MathFunction3

===========================================================================================
----------------- testing Wed Jun 13 02:14:33 UTC 2018 /home/travis/build/icyphy/ptII/ptolemy/actor/lib/test/auto/MatrixCropBoolean.xml
----------------- Instantiating /home/travis/build/icyphy/ptII/ptolemy/actor/lib/test/auto/MatrixCropBoolean.xml
1 ms. Memory: 1646592K Free: 627739K (38%)
----------------- Invoking toplevel() on ptolemy.moml.MoMLSimpleApplication@68a9f3f2
----------------- Done invoking toplevel() on ptolemy.moml.MoMLSimpleApplication@68a9f3f2
reloadAllAccessors: .MatrixCropBoolean

===========================================================================================
----------------- testing Wed Jun 13 02:14:33 UTC 2018 /home/travis/build/icyphy/ptII/ptolemy/actor/lib/test/auto/MatrixCropComplex.xml
----------------- Instantiating /home/travis/build/icyphy/ptII/ptolemy/actor/lib/test/auto/MatrixCropComplex.xml
1 ms. Memory: 1646592K Free: 603826K (37%)
----------------- Invoking toplevel() on ptolemy.moml.MoMLSimpleApplication@25e57047
----------------- Done invoking toplevel() on ptolemy.moml.MoMLSimpleApplication@25e57047
reloadAllAccessors: .MatrixCropComplex

===========================================================================================
----------------- testing Wed Jun 13 02:14:33 UTC 2018 /home/travis/build/icyphy/ptII/ptolemy/actor/lib/test/auto/MatrixCropDouble.xml
----------------- Instantiating /home/travis/build/icyphy/ptII/ptolemy/actor/lib/test/auto/MatrixCropDouble.xml
2 ms. Memory: 1646592K Free: 588323K (36%)
----------------- Invoking toplevel() on ptolemy.moml.MoMLSimpleApplication@98488ba
----------------- Done invoking toplevel() on ptolemy.moml.MoMLSimpleApplication@98488ba
reloadAllAccessors: .MatrixCropDouble

===========================================================================================
----------------- testing Wed Jun 13 02:14:33 UTC 2018 /home/travis/build/icyphy/ptII/ptolemy/actor/lib/test/auto/MatrixCropFix.xml
----------------- Instantiating /home/travis/build/icyphy/ptII/ptolemy/actor/lib/test/auto/MatrixCropFix.xml
2 ms. Memory: 1646592K Free: 572819K (35%)
----------------- Invoking toplevel() on ptolemy.moml.MoMLSimpleApplication@a5b4a5b
----------------- Done invoking toplevel() on ptolemy.moml.MoMLSimpleApplication@a5b4a5b
reloadAllAccessors: .MatrixCropFix

===========================================================================================
----------------- testing Wed Jun 13 02:14:33 UTC 2018 /home/travis/build/icyphy/ptII/ptolemy/actor/lib/test/auto/MatrixCropInt.xml
----------------- Instantiating /home/travis/build/icyphy/ptII/ptolemy/actor/lib/test/auto/MatrixCropInt.xml
1 ms. Memory: 1646592K Free: 557316K (34%)
----------------- Invoking toplevel() on ptolemy.moml.MoMLSimpleApplication@4d394031
----------------- Done invoking toplevel() on ptolemy.moml.MoMLSimpleApplication@4d394031
reloadAllAccessors: .MatrixCropInt

===========================================================================================
----------------- testing Wed Jun 13 02:14:33 UTC 2018 /home/travis/build/icyphy/ptII/ptolemy/actor/lib/test/auto/MatrixCropLong.xml
----------------- Instantiating /home/travis/build/icyphy/ptII/ptolemy/actor/lib/test/auto/MatrixCropLong.xml
2 ms. Memory: 1646592K Free: 533403K (32%)
----------------- Invoking toplevel() on ptolemy.moml.MoMLSimpleApplication@201c58be
----------------- Done invoking toplevel() on ptolemy.moml.MoMLSimpleApplication@201c58be
reloadAllAccessors: .MatrixCropLong

===========================================================================================
----------------- testing Wed Jun 13 02:14:33 UTC 2018 /home/travis/build/icyphy/ptII/ptolemy/actor/lib/test/auto/MatrixToArray.xml
----------------- Instantiating /home/travis/build/icyphy/ptII/ptolemy/actor/lib/test/auto/MatrixToArray.xml
6 ms. Memory: 1646592K Free: 510148K (31%)
----------------- Invoking toplevel() on ptolemy.moml.MoMLSimpleApplication@19bd466c
----------------- Done invoking toplevel() on ptolemy.moml.MoMLSimpleApplication@19bd466c
reloadAllAccessors: .MatrixToArray

===========================================================================================
----------------- testing Wed Jun 13 02:14:33 UTC 2018 /home/travis/build/icyphy/ptII/ptolemy/actor/lib/test/auto/MaxIndex.xml
----------------- Instantiating /home/travis/build/icyphy/ptII/ptolemy/actor/lib/test/auto/MaxIndex.xml
2 ms. Memory: 1646592K Free: 494644K (30%)
----------------- Invoking toplevel() on ptolemy.moml.MoMLSimpleApplication@4e378dbc
----------------- Done invoking toplevel() on ptolemy.moml.MoMLSimpleApplication@4e378dbc
reloadAllAccessors: .MaxIndex

===========================================================================================
----------------- testing Wed Jun 13 02:14:33 UTC 2018 /home/travis/build/icyphy/ptII/ptolemy/actor/lib/test/auto/Maximum.xml
----------------- Instantiating /home/travis/build/icyphy/ptII/ptolemy/actor/lib/test/auto/Maximum.xml
5 ms. Memory: 1646592K Free: 479141K (29%)
----------------- Invoking toplevel() on ptolemy.moml.MoMLSimpleApplication@2b91397f
----------------- Done invoking toplevel() on ptolemy.moml.MoMLSimpleApplication@2b91397f
reloadAllAccessors: .Maximum

===========================================================================================
----------------- testing Wed Jun 13 02:14:33 UTC 2018 /home/travis/build/icyphy/ptII/ptolemy/actor/lib/test/auto/MaximumComplex.xml
----------------- Instantiating /home/travis/build/icyphy/ptII/ptolemy/actor/lib/test/auto/MaximumComplex.xml
4 ms. Memory: 1646592K Free: 455228K (28%)
----------------- Invoking toplevel() on ptolemy.moml.MoMLSimpleApplication@41a0909a
----------------- Done invoking toplevel() on ptolemy.moml.MoMLSimpleApplication@41a0909a
reloadAllAccessors: .MaximumComplex

===========================================================================================
----------------- testing Wed Jun 13 02:14:33 UTC 2018 /home/travis/build/icyphy/ptII/ptolemy/actor/lib/test/auto/MethodCallTest.xml
----------------- Instantiating /home/travis/build/icyphy/ptII/ptolemy/actor/lib/test/auto/MethodCallTest.xml
3 ms. Memory: 1646592K Free: 439725K (27%)
----------------- Invoking toplevel() on ptolemy.moml.MoMLSimpleApplication@43463694
----------------- Done invoking toplevel() on ptolemy.moml.MoMLSimpleApplication@43463694
reloadAllAccessors: .MethodCallTest

===========================================================================================
----------------- testing Wed Jun 13 02:14:33 UTC 2018 /home/travis/build/icyphy/ptII/ptolemy/actor/lib/test/auto/Minimum.xml
----------------- Instantiating /home/travis/build/icyphy/ptII/ptolemy/actor/lib/test/auto/Minimum.xml
2 ms. Memory: 1646592K Free: 424221K (26%)
----------------- Invoking toplevel() on ptolemy.moml.MoMLSimpleApplication@74bde9e6
----------------- Done invoking toplevel() on ptolemy.moml.MoMLSimpleApplication@74bde9e6
reloadAllAccessors: .Minimum

===========================================================================================
----------------- testing Wed Jun 13 02:14:33 UTC 2018 /home/travis/build/icyphy/ptII/ptolemy/actor/lib/test/auto/MinimumComplex.xml
----------------- Instantiating /home/travis/build/icyphy/ptII/ptolemy/actor/lib/test/auto/MinimumComplex.xml
2 ms. Memory: 1646592K Free: 400308K (24%)
----------------- Invoking toplevel() on ptolemy.moml.MoMLSimpleApplication@7956ef2
----------------- Done invoking toplevel() on ptolemy.moml.MoMLSimpleApplication@7956ef2
reloadAllAccessors: .MinimumComplex

===========================================================================================
----------------- testing Wed Jun 13 02:14:33 UTC 2018 /home/travis/build/icyphy/ptII/ptolemy/actor/lib/test/auto/MinimumMultiports.xml
----------------- Instantiating /home/travis/build/icyphy/ptII/ptolemy/actor/lib/test/auto/MinimumMultiports.xml
4 ms. Memory: 1646592K Free: 384805K (23%)
----------------- Invoking toplevel() on ptolemy.moml.MoMLSimpleApplication@71b8d64f
----------------- Done invoking toplevel() on ptolemy.moml.MoMLSimpleApplication@71b8d64f
reloadAllAccessors: .MinimumMultiports

===========================================================================================
----------------- testing Wed Jun 13 02:14:33 UTC 2018 /home/travis/build/icyphy/ptII/ptolemy/actor/lib/test/auto/ModifyDate.xml
----------------- Instantiating /home/travis/build/icyphy/ptII/ptolemy/actor/lib/test/auto/ModifyDate.xml
7 ms. Memory: 1646592K Free: 361534K (22%)
----------------- Invoking toplevel() on ptolemy.moml.MoMLSimpleApplication@3a83ef56
----------------- Done invoking toplevel() on ptolemy.moml.MoMLSimpleApplication@3a83ef56
reloadAllAccessors: .ModifyDate

===========================================================================================
----------------- testing Wed Jun 13 02:14:33 UTC 2018 /home/travis/build/icyphy/ptII/ptolemy/actor/lib/test/auto/ModifyDate2.xml
----------------- Instantiating /home/travis/build/icyphy/ptII/ptolemy/actor/lib/test/auto/ModifyDate2.xml
4 ms. Memory: 1646592K Free: 338262K (21%)
----------------- Invoking toplevel() on ptolemy.moml.MoMLSimpleApplication@7dc029fe
----------------- Done invoking toplevel() on ptolemy.moml.MoMLSimpleApplication@7dc029fe
reloadAllAccessors: .ModifyDate2

===========================================================================================
----------------- testing Wed Jun 13 02:14:34 UTC 2018 /home/travis/build/icyphy/ptII/ptolemy/actor/lib/test/auto/MovingAverage.xml
----------------- Instantiating /home/travis/build/icyphy/ptII/ptolemy/actor/lib/test/auto/MovingAverage.xml
2 ms. Memory: 1646592K Free: 314349K (19%)
----------------- Invoking toplevel() on ptolemy.moml.MoMLSimpleApplication@28c208b4
----------------- Done invoking toplevel() on ptolemy.moml.MoMLSimpleApplication@28c208b4
reloadAllAccessors: .MovingAverage

===========================================================================================
----------------- testing Wed Jun 13 02:14:34 UTC 2018 /home/travis/build/icyphy/ptII/ptolemy/actor/lib/test/auto/MovingMaximum.xml
----------------- Instantiating /home/travis/build/icyphy/ptII/ptolemy/actor/lib/test/auto/MovingMaximum.xml
2 ms. Memory: 1646592K Free: 298846K (18%)
----------------- Invoking toplevel() on ptolemy.moml.MoMLSimpleApplication@24a00cb4
----------------- Done invoking toplevel() on ptolemy.moml.MoMLSimpleApplication@24a00cb4
reloadAllAccessors: .MovingMaximum

===========================================================================================
----------------- testing Wed Jun 13 02:14:34 UTC 2018 /home/travis/build/icyphy/ptII/ptolemy/actor/lib/test/auto/MultipleLinksToSameRelation.xml
----------------- Instantiating /home/travis/build/icyphy/ptII/ptolemy/actor/lib/test/auto/MultipleLinksToSameRelation.xml
3 ms. Memory: 1646592K Free: 283343K (17%)
----------------- Invoking toplevel() on ptolemy.moml.MoMLSimpleApplication@6b39774e
----------------- Done invoking toplevel() on ptolemy.moml.MoMLSimpleApplication@6b39774e
reloadAllAccessors: .MultipleLinksToSameRelation

===========================================================================================
----------------- testing Wed Jun 13 02:14:34 UTC 2018 /home/travis/build/icyphy/ptII/ptolemy/actor/lib/test/auto/MultipleLinksToSameRelationDE.xml
----------------- Instantiating /home/travis/build/icyphy/ptII/ptolemy/actor/lib/test/auto/MultipleLinksToSameRelationDE.xml
6 ms. Memory: 1646592K Free: 259430K (16%)
----------------- Invoking toplevel() on ptolemy.moml.MoMLSimpleApplication@3014d579
----------------- Done invoking toplevel() on ptolemy.moml.MoMLSimpleApplication@3014d579
reloadAllAccessors: .MultipleLinksToSameRelationDE

===========================================================================================
----------------- testing Wed Jun 13 02:14:34 UTC 2018 /home/travis/build/icyphy/ptII/ptolemy/actor/lib/test/auto/Multiplexor.xml
----------------- Instantiating /home/travis/build/icyphy/ptII/ptolemy/actor/lib/test/auto/Multiplexor.xml
3 ms. Memory: 1646592K Free: 243926K (15%)
----------------- Invoking toplevel() on ptolemy.moml.MoMLSimpleApplication@1df31a09
----------------- Done invoking toplevel() on ptolemy.moml.MoMLSimpleApplication@1df31a09
reloadAllAccessors: .Multiplexor

===========================================================================================
----------------- testing Wed Jun 13 02:14:34 UTC 2018 /home/travis/build/icyphy/ptII/ptolemy/actor/lib/test/auto/Multiplexor1.xml
----------------- Instantiating /home/travis/build/icyphy/ptII/ptolemy/actor/lib/test/auto/Multiplexor1.xml
3 ms. Memory: 1646592K Free: 228423K (14%)
----------------- Invoking toplevel() on ptolemy.moml.MoMLSimpleApplication@60196f8f
----------------- Done invoking toplevel() on ptolemy.moml.MoMLSimpleApplication@60196f8f
reloadAllAccessors: .Multiplexor1

===========================================================================================
----------------- testing Wed Jun 13 02:14:34 UTC 2018 /home/travis/build/icyphy/ptII/ptolemy/actor/lib/test/auto/Multiplexor2.xml
----------------- Instantiating /home/travis/build/icyphy/ptII/ptolemy/actor/lib/test/auto/Multiplexor2.xml
6 ms. Memory: 1646592K Free: 212919K (13%)
----------------- Invoking toplevel() on ptolemy.moml.MoMLSimpleApplication@38026c38
----------------- Done invoking toplevel() on ptolemy.moml.MoMLSimpleApplication@38026c38
reloadAllAccessors: .Multiplexor2

===========================================================================================
----------------- testing Wed Jun 13 02:14:34 UTC 2018 /home/travis/build/icyphy/ptII/ptolemy/actor/lib/test/auto/Multiplexor3.xml
----------------- Instantiating /home/travis/build/icyphy/ptII/ptolemy/actor/lib/test/auto/Multiplexor3.xml
2 ms. Memory: 1646592K Free: 189006K (11%)
----------------- Invoking toplevel() on ptolemy.moml.MoMLSimpleApplication@21d9bc3d
----------------- Done invoking toplevel() on ptolemy.moml.MoMLSimpleApplication@21d9bc3d
reloadAllAccessors: .Multiplexor3

===========================================================================================
----------------- testing Wed Jun 13 02:14:34 UTC 2018 /home/travis/build/icyphy/ptII/ptolemy/actor/lib/test/auto/MultiplexorDE.xml
----------------- Instantiating /home/travis/build/icyphy/ptII/ptolemy/actor/lib/test/auto/MultiplexorDE.xml
3 ms. Memory: 1646592K Free: 173503K (11%)
----------------- Invoking toplevel() on ptolemy.moml.MoMLSimpleApplication@29f98da
----------------- Done invoking toplevel() on ptolemy.moml.MoMLSimpleApplication@29f98da
reloadAllAccessors: .MultiplexorDE

===========================================================================================
----------------- testing Wed Jun 13 02:14:34 UTC 2018 /home/travis/build/icyphy/ptII/ptolemy/actor/lib/test/auto/MultiportBroadcastTest.xml
----------------- Instantiating /home/travis/build/icyphy/ptII/ptolemy/actor/lib/test/auto/MultiportBroadcastTest.xml
76 ms. Memory: 1646592K Free: 158000K (10%)
----------------- Invoking toplevel() on ptolemy.moml.MoMLSimpleApplication@2e8689
----------------- Done invoking toplevel() on ptolemy.moml.MoMLSimpleApplication@2e8689
reloadAllAccessors: .MultiportBroadcastTest

===========================================================================================
----------------- testing Wed Jun 13 02:14:34 UTC 2018 /home/travis/build/icyphy/ptII/ptolemy/actor/lib/test/auto/MultiportOutHangDuringGetWidth.xml
----------------- Instantiating /home/travis/build/icyphy/ptII/ptolemy/actor/lib/test/auto/MultiportOutHangDuringGetWidth.xml
6 ms. Memory: 1646592K Free: 134728K (8%)
----------------- Invoking toplevel() on ptolemy.moml.MoMLSimpleApplication@7d49b8ed
----------------- Done invoking toplevel() on ptolemy.moml.MoMLSimpleApplication@7d49b8ed
reloadAllAccessors: .MultiportOutHangDuringGetWidth

===========================================================================================
----------------- testing Wed Jun 13 02:14:34 UTC 2018 /home/travis/build/icyphy/ptII/ptolemy/actor/lib/test/auto/NilToken.xml
----------------- Instantiating /home/travis/build/icyphy/ptII/ptolemy/actor/lib/test/auto/NilToken.xml
2 ms. Memory: 1646592K Free: 110815K (7%)
----------------- Invoking toplevel() on ptolemy.moml.MoMLSimpleApplication@305ec4fd
----------------- Done invoking toplevel() on ptolemy.moml.MoMLSimpleApplication@305ec4fd
reloadAllAccessors: .NilToken

===========================================================================================
----------------- testing Wed Jun 13 02:14:34 UTC 2018 /home/travis/build/icyphy/ptII/ptolemy/actor/lib/test/auto/NilTokenNonStrictTest.xml
----------------- Instantiating /home/travis/build/icyphy/ptII/ptolemy/actor/lib/test/auto/NilTokenNonStrictTest.xml
2 ms. Memory: 1646592K Free: 95312K (6%)
----------------- Invoking toplevel() on ptolemy.moml.MoMLSimpleApplication@708891cc
----------------- Done invoking toplevel() on ptolemy.moml.MoMLSimpleApplication@708891cc
reloadAllAccessors: .NilTokenNonStrictTest

===========================================================================================
----------------- testing Wed Jun 13 02:14:34 UTC 2018 /home/travis/build/icyphy/ptII/ptolemy/actor/lib/test/auto/NilTokenRecord.xml
----------------- Instantiating /home/travis/build/icyphy/ptII/ptolemy/actor/lib/test/auto/NilTokenRecord.xml
9 ms. Memory: 1646592K Free: 79809K (5%)
----------------- Invoking toplevel() on ptolemy.moml.MoMLSimpleApplication@a22eaa2
----------------- Done invoking toplevel() on ptolemy.moml.MoMLSimpleApplication@a22eaa2
reloadAllAccessors: .NilTokenRecord

===========================================================================================
----------------- testing Wed Jun 13 02:14:34 UTC 2018 /home/travis/build/icyphy/ptII/ptolemy/actor/lib/test/auto/NilTokenTypeTest.xml
----------------- Instantiating /home/travis/build/icyphy/ptII/ptolemy/actor/lib/test/auto/NilTokenTypeTest.xml
10 ms. Memory: 1764864K Free: 1717616K (97%)
----------------- Invoking toplevel() on ptolemy.moml.MoMLSimpleApplication@3ff0ed0b
----------------- Done invoking toplevel() on ptolemy.moml.MoMLSimpleApplication@3ff0ed0b
reloadAllAccessors: .NilTokenTypeTest

===========================================================================================
----------------- testing Wed Jun 13 02:14:34 UTC 2018 /home/travis/build/icyphy/ptII/ptolemy/actor/lib/test/auto/ObjectToken1.xml
----------------- Instantiating /home/travis/build/icyphy/ptII/ptolemy/actor/lib/test/auto/ObjectToken1.xml
1 ms. Memory: 1764864K Free: 1689602K (96%)
----------------- Invoking toplevel() on ptolemy.moml.MoMLSimpleApplication@8801bcd
----------------- Done invoking toplevel() on ptolemy.moml.MoMLSimpleApplication@8801bcd
reloadAllAccessors: .ObjectToken1

===========================================================================================
----------------- testing Wed Jun 13 02:14:34 UTC 2018 /home/travis/build/icyphy/ptII/ptolemy/actor/lib/test/auto/OrderedMerge.xml
----------------- Instantiating /home/travis/build/icyphy/ptII/ptolemy/actor/lib/test/auto/OrderedMerge.xml
4 ms. Memory: 1764864K Free: 1640081K (93%)
----------------- Invoking toplevel() on ptolemy.moml.MoMLSimpleApplication@1603d294
----------------- Done invoking toplevel() on ptolemy.moml.MoMLSimpleApplication@1603d294
reloadAllAccessors: .OrderedMerge

===========================================================================================
----------------- testing Wed Jun 13 02:14:34 UTC 2018 /home/travis/build/icyphy/ptII/ptolemy/actor/lib/test/auto/OrderedRecordDisassembler.xml
----------------- Instantiating /home/travis/build/icyphy/ptII/ptolemy/actor/lib/test/auto/OrderedRecordDisassembler.xml
3 ms. Memory: 1764864K Free: 1623575K (92%)
----------------- Invoking toplevel() on ptolemy.moml.MoMLSimpleApplication@3bf26643
----------------- Done invoking toplevel() on ptolemy.moml.MoMLSimpleApplication@3bf26643
reloadAllAccessors: .OrderedRecordDisassembler

===========================================================================================
----------------- testing Wed Jun 13 02:14:34 UTC 2018 /home/travis/build/icyphy/ptII/ptolemy/actor/lib/test/auto/OrderedRecordDisassembler2.xml
----------------- Instantiating /home/travis/build/icyphy/ptII/ptolemy/actor/lib/test/auto/OrderedRecordDisassembler2.xml
4 ms. Memory: 1764864K Free: 1599770K (91%)
----------------- Invoking toplevel() on ptolemy.moml.MoMLSimpleApplication@64d810
----------------- Done invoking toplevel() on ptolemy.moml.MoMLSimpleApplication@64d810
reloadAllAccessors: .OrderedRecordDisassembler2

===========================================================================================
----------------- testing Wed Jun 13 02:14:34 UTC 2018 /home/travis/build/icyphy/ptII/ptolemy/actor/lib/test/auto/OrderedRecordUpdater.xml
----------------- Instantiating /home/travis/build/icyphy/ptII/ptolemy/actor/lib/test/auto/OrderedRecordUpdater.xml
2 ms. Memory: 1764864K Free: 1583118K (90%)
----------------- Invoking toplevel() on ptolemy.moml.MoMLSimpleApplication@4713a0a0
----------------- Done invoking toplevel() on ptolemy.moml.MoMLSimpleApplication@4713a0a0
reloadAllAccessors: .RecordUpdater

===========================================================================================
----------------- testing Wed Jun 13 02:14:34 UTC 2018 /home/travis/build/icyphy/ptII/ptolemy/actor/lib/test/auto/OrderedRecordUpdater2.xml
----------------- Instantiating /home/travis/build/icyphy/ptII/ptolemy/actor/lib/test/auto/OrderedRecordUpdater2.xml
1 ms. Memory: 1764864K Free: 1566611K (89%)
----------------- Invoking toplevel() on ptolemy.moml.MoMLSimpleApplication@e5330ce
----------------- Done invoking toplevel() on ptolemy.moml.MoMLSimpleApplication@e5330ce
reloadAllAccessors: .RecordUpdater2

===========================================================================================
----------------- testing Wed Jun 13 02:14:34 UTC 2018 /home/travis/build/icyphy/ptII/ptolemy/actor/lib/test/auto/PhaseUnwrap.xml
----------------- Instantiating /home/travis/build/icyphy/ptII/ptolemy/actor/lib/test/auto/PhaseUnwrap.xml
2 ms. Memory: 1764864K Free: 1542807K (87%)
----------------- Invoking toplevel() on ptolemy.moml.MoMLSimpleApplication@13a416a8
----------------- Done invoking toplevel() on ptolemy.moml.MoMLSimpleApplication@13a416a8
reloadAllAccessors: .PhaseUnwrap

===========================================================================================
----------------- testing Wed Jun 13 02:14:34 UTC 2018 /home/travis/build/icyphy/ptII/ptolemy/actor/lib/test/auto/PoissonClock.xml
----------------- Instantiating /home/travis/build/icyphy/ptII/ptolemy/actor/lib/test/auto/PoissonClock.xml
1 ms. Memory: 1764864K Free: 1526300K (86%)
----------------- Invoking toplevel() on ptolemy.moml.MoMLSimpleApplication@b187041
----------------- Done invoking toplevel() on ptolemy.moml.MoMLSimpleApplication@b187041
reloadAllAccessors: .PoissonClock

===========================================================================================
----------------- testing Wed Jun 13 02:14:34 UTC 2018 /home/travis/build/icyphy/ptII/ptolemy/actor/lib/test/auto/PoissonClock2.xml
----------------- Instantiating /home/travis/build/icyphy/ptII/ptolemy/actor/lib/test/auto/PoissonClock2.xml
1 ms. Memory: 1764864K Free: 1509793K (86%)
----------------- Invoking toplevel() on ptolemy.moml.MoMLSimpleApplication@427aa225
----------------- Done invoking toplevel() on ptolemy.moml.MoMLSimpleApplication@427aa225
reloadAllAccessors: .PoissonClock2

===========================================================================================
----------------- testing Wed Jun 13 02:14:34 UTC 2018 /home/travis/build/icyphy/ptII/ptolemy/actor/lib/test/auto/PoissonClock3.xml
----------------- Instantiating /home/travis/build/icyphy/ptII/ptolemy/actor/lib/test/auto/PoissonClock3.xml
1 ms. Memory: 1764864K Free: 1485988K (84%)
----------------- Invoking toplevel() on ptolemy.moml.MoMLSimpleApplication@1237dda7
----------------- Done invoking toplevel() on ptolemy.moml.MoMLSimpleApplication@1237dda7
reloadAllAccessors: .PoissonClock3

===========================================================================================
----------------- testing Wed Jun 13 02:14:34 UTC 2018 /home/travis/build/icyphy/ptII/ptolemy/actor/lib/test/auto/PubSubWithInitialTokens.xml
----------------- Instantiating /home/travis/build/icyphy/ptII/ptolemy/actor/lib/test/auto/PubSubWithInitialTokens.xml
2 ms. Memory: 1764864K Free: 1469482K (83%)
----------------- Invoking toplevel() on ptolemy.moml.MoMLSimpleApplication@316df62d
----------------- Done invoking toplevel() on ptolemy.moml.MoMLSimpleApplication@316df62d
reloadAllAccessors: .PubSubWithInitialTokens

===========================================================================================
----------------- testing Wed Jun 13 02:14:34 UTC 2018 /home/travis/build/icyphy/ptII/ptolemy/actor/lib/test/auto/PubSubWithInitialTokens2.xml
----------------- Instantiating /home/travis/build/icyphy/ptII/ptolemy/actor/lib/test/auto/PubSubWithInitialTokens2.xml
1 ms. Memory: 1764864K Free: 1452975K (82%)
----------------- Invoking toplevel() on ptolemy.moml.MoMLSimpleApplication@7a2fde1d
----------------- Done invoking toplevel() on ptolemy.moml.MoMLSimpleApplication@7a2fde1d
reloadAllAccessors: .PubSubWithInitialTokens2

===========================================================================================
----------------- testing Wed Jun 13 02:14:34 UTC 2018 /home/travis/build/icyphy/ptII/ptolemy/actor/lib/test/auto/PublisherClassNoParameter.xml
----------------- Instantiating /home/travis/build/icyphy/ptII/ptolemy/actor/lib/test/auto/PublisherClassNoParameter.xml
2 ms. Memory: 1764864K Free: 1420909K (81%)
----------------- Invoking toplevel() on ptolemy.moml.MoMLSimpleApplication@28e98654
----------------- Done invoking toplevel() on ptolemy.moml.MoMLSimpleApplication@28e98654
reloadAllAccessors: .PublisherClassNoParameter

===========================================================================================
----------------- testing Wed Jun 13 02:14:34 UTC 2018 /home/travis/build/icyphy/ptII/ptolemy/actor/lib/test/auto/PublisherClassParameter.xml
----------------- Instantiating /home/travis/build/icyphy/ptII/ptolemy/actor/lib/test/auto/PublisherClassParameter.xml
2 ms. Memory: 1764864K Free: 1396132K (79%)
----------------- Invoking toplevel() on ptolemy.moml.MoMLSimpleApplication@245c1396
----------------- Done invoking toplevel() on ptolemy.moml.MoMLSimpleApplication@245c1396
reloadAllAccessors: .PublisherClassParameter

===========================================================================================
----------------- testing Wed Jun 13 02:14:34 UTC 2018 /home/travis/build/icyphy/ptII/ptolemy/actor/lib/test/auto/PublisherNonStrictTest.xml
----------------- Instantiating /home/travis/build/icyphy/ptII/ptolemy/actor/lib/test/auto/PublisherNonStrictTest.xml
3 ms. Memory: 1764864K Free: 1379625K (78%)
----------------- Invoking toplevel() on ptolemy.moml.MoMLSimpleApplication@490358fe
----------------- Done invoking toplevel() on ptolemy.moml.MoMLSimpleApplication@490358fe
reloadAllAccessors: .PublisherNonStrictTest

===========================================================================================
----------------- testing Wed Jun 13 02:14:34 UTC 2018 /home/travis/build/icyphy/ptII/ptolemy/actor/lib/test/auto/PublisherPort1.xml
----------------- Instantiating /home/travis/build/icyphy/ptII/ptolemy/actor/lib/test/auto/PublisherPort1.xml
2 ms. Memory: 1764864K Free: 1355821K (77%)
----------------- Invoking toplevel() on ptolemy.moml.MoMLSimpleApplication@5758e30d
----------------- Done invoking toplevel() on ptolemy.moml.MoMLSimpleApplication@5758e30d
reloadAllAccessors: .PublisherPort1

===========================================================================================
----------------- testing Wed Jun 13 02:14:34 UTC 2018 /home/travis/build/icyphy/ptII/ptolemy/actor/lib/test/auto/PublisherPort2.xml
----------------- Instantiating /home/travis/build/icyphy/ptII/ptolemy/actor/lib/test/auto/PublisherPort2.xml
1 ms. Memory: 1764864K Free: 1339314K (76%)
----------------- Invoking toplevel() on ptolemy.moml.MoMLSimpleApplication@27316b69
----------------- Done invoking toplevel() on ptolemy.moml.MoMLSimpleApplication@27316b69
reloadAllAccessors: .PublisherPort2

===========================================================================================
----------------- testing Wed Jun 13 02:14:34 UTC 2018 /home/travis/build/icyphy/ptII/ptolemy/actor/lib/test/auto/PublisherPort3.xml
----------------- Instantiating /home/travis/build/icyphy/ptII/ptolemy/actor/lib/test/auto/PublisherPort3.xml
3 ms. Memory: 1764864K Free: 1322807K (75%)
----------------- Invoking toplevel() on ptolemy.moml.MoMLSimpleApplication@4ba3f6d6
----------------- Done invoking toplevel() on ptolemy.moml.MoMLSimpleApplication@4ba3f6d6
reloadAllAccessors: .PublisherPort3

===========================================================================================
----------------- testing Wed Jun 13 02:14:34 UTC 2018 /home/travis/build/icyphy/ptII/ptolemy/actor/lib/test/auto/PublisherPort4.xml
----------------- Instantiating /home/travis/build/icyphy/ptII/ptolemy/actor/lib/test/auto/PublisherPort4.xml
2 ms. Memory: 1764864K Free: 1299003K (74%)
----------------- Invoking toplevel() on ptolemy.moml.MoMLSimpleApplication@1adda197
----------------- Done invoking toplevel() on ptolemy.moml.MoMLSimpleApplication@1adda197
reloadAllAccessors: .PublisherPort4

===========================================================================================
----------------- testing Wed Jun 13 02:14:34 UTC 2018 /home/travis/build/icyphy/ptII/ptolemy/actor/lib/test/auto/PublisherPort5.xml
----------------- Instantiating /home/travis/build/icyphy/ptII/ptolemy/actor/lib/test/auto/PublisherPort5.xml
3 ms. Memory: 1764864K Free: 1282496K (73%)
----------------- Invoking toplevel() on ptolemy.moml.MoMLSimpleApplication@4b33a9cc
----------------- Done invoking toplevel() on ptolemy.moml.MoMLSimpleApplication@4b33a9cc
reloadAllAccessors: .PublisherPort5

===========================================================================================
----------------- testing Wed Jun 13 02:14:34 UTC 2018 /home/travis/build/icyphy/ptII/ptolemy/actor/lib/test/auto/PublisherPort5LookAlike.xml
----------------- Instantiating /home/travis/build/icyphy/ptII/ptolemy/actor/lib/test/auto/PublisherPort5LookAlike.xml
3 ms. Memory: 1764864K Free: 1265989K (72%)
----------------- Invoking toplevel() on ptolemy.moml.MoMLSimpleApplication@7c1f5369
----------------- Done invoking toplevel() on ptolemy.moml.MoMLSimpleApplication@7c1f5369
reloadAllAccessors: .PublisherPort5LookAlike

===========================================================================================
----------------- testing Wed Jun 13 02:14:34 UTC 2018 /home/travis/build/icyphy/ptII/ptolemy/actor/lib/test/auto/PublisherPort6.xml
----------------- Instantiating /home/travis/build/icyphy/ptII/ptolemy/actor/lib/test/auto/PublisherPort6.xml
1 ms. Memory: 1764864K Free: 1242184K (70%)
----------------- Invoking toplevel() on ptolemy.moml.MoMLSimpleApplication@6b76a37c
----------------- Done invoking toplevel() on ptolemy.moml.MoMLSimpleApplication@6b76a37c
reloadAllAccessors: .PublisherPort6

===========================================================================================
----------------- testing Wed Jun 13 02:14:34 UTC 2018 /home/travis/build/icyphy/ptII/ptolemy/actor/lib/test/auto/PublisherPort7.xml
----------------- Instantiating /home/travis/build/icyphy/ptII/ptolemy/actor/lib/test/auto/PublisherPort7.xml
3 ms. Memory: 1764864K Free: 1225677K (69%)
----------------- Invoking toplevel() on ptolemy.moml.MoMLSimpleApplication@1d788304
----------------- Done invoking toplevel() on ptolemy.moml.MoMLSimpleApplication@1d788304
reloadAllAccessors: .PublisherPort7

===========================================================================================
----------------- testing Wed Jun 13 02:14:34 UTC 2018 /home/travis/build/icyphy/ptII/ptolemy/actor/lib/test/auto/PublisherPort8.xml
----------------- Instantiating /home/travis/build/icyphy/ptII/ptolemy/actor/lib/test/auto/PublisherPort8.xml
4 ms. Memory: 1764864K Free: 1209170K (69%)
----------------- Invoking toplevel() on ptolemy.moml.MoMLSimpleApplication@363cd79
----------------- Done invoking toplevel() on ptolemy.moml.MoMLSimpleApplication@363cd79
reloadAllAccessors: .PublisherPort8

===========================================================================================
----------------- testing Wed Jun 13 02:14:34 UTC 2018 /home/travis/build/icyphy/ptII/ptolemy/actor/lib/test/auto/PublisherPortSubscriberChannelVariablesAOC2.xml
----------------- Instantiating /home/travis/build/icyphy/ptII/ptolemy/actor/lib/test/auto/PublisherPortSubscriberChannelVariablesAOC2.xml
2 ms. Memory: 1764864K Free: 1177096K (67%)
----------------- Invoking toplevel() on ptolemy.moml.MoMLSimpleApplication@773741de
----------------- Done invoking toplevel() on ptolemy.moml.MoMLSimpleApplication@773741de
reloadAllAccessors: .PublisherPortSubscriberChannelVariablesAOC2

===========================================================================================
----------------- testing Wed Jun 13 02:14:34 UTC 2018 /home/travis/build/icyphy/ptII/ptolemy/actor/lib/test/auto/PublisherPortSubscriberOpaqueWidthInference.xml
----------------- Instantiating /home/travis/build/icyphy/ptII/ptolemy/actor/lib/test/auto/PublisherPortSubscriberOpaqueWidthInference.xml
3 ms. Memory: 1764864K Free: 1160589K (66%)
----------------- Invoking toplevel() on ptolemy.moml.MoMLSimpleApplication@3401d220
----------------- Done invoking toplevel() on ptolemy.moml.MoMLSimpleApplication@3401d220
reloadAllAccessors: .PublisherPortSubscriberOpaqueWidthInference

===========================================================================================
----------------- testing Wed Jun 13 02:14:34 UTC 2018 /home/travis/build/icyphy/ptII/ptolemy/actor/lib/test/auto/PublisherPortSubscriberPortAdjacent.xml
----------------- Instantiating /home/travis/build/icyphy/ptII/ptolemy/actor/lib/test/auto/PublisherPortSubscriberPortAdjacent.xml
2 ms. Memory: 1764864K Free: 1144082K (65%)
----------------- Invoking toplevel() on ptolemy.moml.MoMLSimpleApplication@2389a4f8
----------------- Done invoking toplevel() on ptolemy.moml.MoMLSimpleApplication@2389a4f8
reloadAllAccessors: .PublisherPortSubscriberPortAdjacent

===========================================================================================
----------------- testing Wed Jun 13 02:14:34 UTC 2018 /home/travis/build/icyphy/ptII/ptolemy/actor/lib/test/auto/PublisherPortSubscriberPortExpression.xml
----------------- Instantiating /home/travis/build/icyphy/ptII/ptolemy/actor/lib/test/auto/PublisherPortSubscriberPortExpression.xml
3 ms. Memory: 1764864K Free: 1120278K (63%)
----------------- Invoking toplevel() on ptolemy.moml.MoMLSimpleApplication@37806e0e
----------------- Done invoking toplevel() on ptolemy.moml.MoMLSimpleApplication@37806e0e
reloadAllAccessors: .PublisherPortSubscriberPortExpression

===========================================================================================
----------------- testing Wed Jun 13 02:14:34 UTC 2018 /home/travis/build/icyphy/ptII/ptolemy/actor/lib/test/auto/PublisherPortSubscriberPortOpaqueD3Reverse.xml
----------------- Instantiating /home/travis/build/icyphy/ptII/ptolemy/actor/lib/test/auto/PublisherPortSubscriberPortOpaqueD3Reverse.xml
4 ms. Memory: 1764864K Free: 1103771K (63%)
----------------- Invoking toplevel() on ptolemy.moml.MoMLSimpleApplication@3fd75eb1
----------------- Done invoking toplevel() on ptolemy.moml.MoMLSimpleApplication@3fd75eb1
reloadAllAccessors: .PublisherPortSubscriberPortOpaqueD3Reverse

===========================================================================================
----------------- testing Wed Jun 13 02:14:34 UTC 2018 /home/travis/build/icyphy/ptII/ptolemy/actor/lib/test/auto/PublisherPortSubscriberPortOpaqueWidthInference.xml
----------------- Instantiating /home/travis/build/icyphy/ptII/ptolemy/actor/lib/test/auto/PublisherPortSubscriberPortOpaqueWidthInference.xml
3 ms. Memory: 1764864K Free: 1087264K (62%)
----------------- Invoking toplevel() on ptolemy.moml.MoMLSimpleApplication@5a225788
----------------- Done invoking toplevel() on ptolemy.moml.MoMLSimpleApplication@5a225788
reloadAllAccessors: .PublisherPortSubscriberPortOpaqueWidthInference

===========================================================================================
----------------- testing Wed Jun 13 02:14:34 UTC 2018 /home/travis/build/icyphy/ptII/ptolemy/actor/lib/test/auto/PublisherPortToplevelSubscriberPortAOC.xml
----------------- Instantiating /home/travis/build/icyphy/ptII/ptolemy/actor/lib/test/auto/PublisherPortToplevelSubscriberPortAOC.xml
.PublisherPortToplevelSubscriberPortAOC.TestExceptionAttribute: initialize() was not invoked, but wrapup() was.  This is unusual, but not always a problem.  For example, exporting JNLP will do this.
0 ms. Memory: 1764864K Free: 1063460K (60%)
----------------- Invoking toplevel() on ptolemy.moml.MoMLSimpleApplication@72cffd67
----------------- Done invoking toplevel() on ptolemy.moml.MoMLSimpleApplication@72cffd67
reloadAllAccessors: .PublisherPortToplevelSubscriberPortAOC

===========================================================================================
----------------- testing Wed Jun 13 02:14:35 UTC 2018 /home/travis/build/icyphy/ptII/ptolemy/actor/lib/test/auto/PublisherSubscriber.xml
----------------- Instantiating /home/travis/build/icyphy/ptII/ptolemy/actor/lib/test/auto/PublisherSubscriber.xml
3 ms. Memory: 1764864K Free: 1046953K (59%)
----------------- Invoking toplevel() on ptolemy.moml.MoMLSimpleApplication@2261d7ce
----------------- Done invoking toplevel() on ptolemy.moml.MoMLSimpleApplication@2261d7ce
reloadAllAccessors: .PublisherSubscriber

===========================================================================================
----------------- testing Wed Jun 13 02:14:35 UTC 2018 /home/travis/build/icyphy/ptII/ptolemy/actor/lib/test/auto/PublisherSubscriber10.xml
----------------- Instantiating /home/travis/build/icyphy/ptII/ptolemy/actor/lib/test/auto/PublisherSubscriber10.xml
5 ms. Memory: 1764864K Free: 1030446K (58%)
----------------- Invoking toplevel() on ptolemy.moml.MoMLSimpleApplication@3bed44f7
----------------- Done invoking toplevel() on ptolemy.moml.MoMLSimpleApplication@3bed44f7
reloadAllAccessors: .PublisherSubscriber10

===========================================================================================
----------------- testing Wed Jun 13 02:14:35 UTC 2018 /home/travis/build/icyphy/ptII/ptolemy/actor/lib/test/auto/PublisherSubscriber10InitialOutputs.xml
----------------- Instantiating /home/travis/build/icyphy/ptII/ptolemy/actor/lib/test/auto/PublisherSubscriber10InitialOutputs.xml
4 ms. Memory: 1764864K Free: 1006641K (57%)
----------------- Invoking toplevel() on ptolemy.moml.MoMLSimpleApplication@89884ef
----------------- Done invoking toplevel() on ptolemy.moml.MoMLSimpleApplication@89884ef
reloadAllAccessors: .PublisherSubscriber10InitialOutputs

===========================================================================================
----------------- testing Wed Jun 13 02:14:35 UTC 2018 /home/travis/build/icyphy/ptII/ptolemy/actor/lib/test/auto/PublisherSubscriber11.xml
----------------- Instantiating /home/travis/build/icyphy/ptII/ptolemy/actor/lib/test/auto/PublisherSubscriber11.xml
2 ms. Memory: 1764864K Free: 990134K (56%)
----------------- Invoking toplevel() on ptolemy.moml.MoMLSimpleApplication@1c95ee9d
----------------- Done invoking toplevel() on ptolemy.moml.MoMLSimpleApplication@1c95ee9d
reloadAllAccessors: .PublisherSubscriber11

===========================================================================================
----------------- testing Wed Jun 13 02:14:35 UTC 2018 /home/travis/build/icyphy/ptII/ptolemy/actor/lib/test/auto/PublisherSubscriber12.xml
----------------- Instantiating /home/travis/build/icyphy/ptII/ptolemy/actor/lib/test/auto/PublisherSubscriber12.xml
2 ms. Memory: 1764864K Free: 973627K (55%)
----------------- Invoking toplevel() on ptolemy.moml.MoMLSimpleApplication@766ec902
----------------- Done invoking toplevel() on ptolemy.moml.MoMLSimpleApplication@766ec902
reloadAllAccessors: .PublisherSubscriber12

===========================================================================================
----------------- testing Wed Jun 13 02:14:35 UTC 2018 /home/travis/build/icyphy/ptII/ptolemy/actor/lib/test/auto/PublisherSubscriber13.xml
----------------- Instantiating /home/travis/build/icyphy/ptII/ptolemy/actor/lib/test/auto/PublisherSubscriber13.xml
2 ms. Memory: 1764864K Free: 949823K (54%)
----------------- Invoking toplevel() on ptolemy.moml.MoMLSimpleApplication@6a70e150
----------------- Done invoking toplevel() on ptolemy.moml.MoMLSimpleApplication@6a70e150
reloadAllAccessors: .PublisherSubscriber13

===========================================================================================
----------------- testing Wed Jun 13 02:14:35 UTC 2018 /home/travis/build/icyphy/ptII/ptolemy/actor/lib/test/auto/PublisherSubscriber14.xml
----------------- Instantiating /home/travis/build/icyphy/ptII/ptolemy/actor/lib/test/auto/PublisherSubscriber14.xml
2 ms. Memory: 1764864K Free: 933316K (53%)
----------------- Invoking toplevel() on ptolemy.moml.MoMLSimpleApplication@48b727bc
----------------- Done invoking toplevel() on ptolemy.moml.MoMLSimpleApplication@48b727bc
reloadAllAccessors: .PublisherSubscriber14

===========================================================================================
----------------- testing Wed Jun 13 02:14:35 UTC 2018 /home/travis/build/icyphy/ptII/ptolemy/actor/lib/test/auto/PublisherSubscriber2.xml
----------------- Instantiating /home/travis/build/icyphy/ptII/ptolemy/actor/lib/test/auto/PublisherSubscriber2.xml
1 ms. Memory: 1764864K Free: 916809K (52%)
----------------- Invoking toplevel() on ptolemy.moml.MoMLSimpleApplication@612f5512
----------------- Done invoking toplevel() on ptolemy.moml.MoMLSimpleApplication@612f5512
reloadAllAccessors: .PublisherSubscriber2

===========================================================================================
----------------- testing Wed Jun 13 02:14:35 UTC 2018 /home/travis/build/icyphy/ptII/ptolemy/actor/lib/test/auto/PublisherSubscriber3.xml
----------------- Instantiating /home/travis/build/icyphy/ptII/ptolemy/actor/lib/test/auto/PublisherSubscriber3.xml
1 ms. Memory: 1764864K Free: 893004K (51%)
----------------- Invoking toplevel() on ptolemy.moml.MoMLSimpleApplication@1e3de6fa
----------------- Done invoking toplevel() on ptolemy.moml.MoMLSimpleApplication@1e3de6fa
reloadAllAccessors: .PublisherSubscriber3

===========================================================================================
----------------- testing Wed Jun 13 02:14:35 UTC 2018 /home/travis/build/icyphy/ptII/ptolemy/actor/lib/test/auto/PublisherSubscriber4.xml
----------------- Instantiating /home/travis/build/icyphy/ptII/ptolemy/actor/lib/test/auto/PublisherSubscriber4.xml
2 ms. Memory: 1764864K Free: 876498K (50%)
----------------- Invoking toplevel() on ptolemy.moml.MoMLSimpleApplication@16b606b2
----------------- Done invoking toplevel() on ptolemy.moml.MoMLSimpleApplication@16b606b2
reloadAllAccessors: .PublisherSubscriber4

===========================================================================================
----------------- testing Wed Jun 13 02:14:35 UTC 2018 /home/travis/build/icyphy/ptII/ptolemy/actor/lib/test/auto/PublisherSubscriber5.xml
----------------- Instantiating /home/travis/build/icyphy/ptII/ptolemy/actor/lib/test/auto/PublisherSubscriber5.xml
2 ms. Memory: 1764864K Free: 859991K (49%)
----------------- Invoking toplevel() on ptolemy.moml.MoMLSimpleApplication@7841c739
----------------- Done invoking toplevel() on ptolemy.moml.MoMLSimpleApplication@7841c739
reloadAllAccessors: .PublisherSubscriber5

===========================================================================================
----------------- testing Wed Jun 13 02:14:35 UTC 2018 /home/travis/build/icyphy/ptII/ptolemy/actor/lib/test/auto/PublisherSubscriber6.xml
----------------- Instantiating /home/travis/build/icyphy/ptII/ptolemy/actor/lib/test/auto/PublisherSubscriber6.xml
2 ms. Memory: 1764864K Free: 836186K (47%)
----------------- Invoking toplevel() on ptolemy.moml.MoMLSimpleApplication@397938ee
----------------- Done invoking toplevel() on ptolemy.moml.MoMLSimpleApplication@397938ee
reloadAllAccessors: .PublisherSubscriber6

===========================================================================================
----------------- testing Wed Jun 13 02:14:35 UTC 2018 /home/travis/build/icyphy/ptII/ptolemy/actor/lib/test/auto/PublisherSubscriber7.xml
----------------- Instantiating /home/travis/build/icyphy/ptII/ptolemy/actor/lib/test/auto/PublisherSubscriber7.xml
3 ms. Memory: 1764864K Free: 819679K (46%)
----------------- Invoking toplevel() on ptolemy.moml.MoMLSimpleApplication@6433d7aa
----------------- Done invoking toplevel() on ptolemy.moml.MoMLSimpleApplication@6433d7aa
reloadAllAccessors: .PublisherSubscriber7

===========================================================================================
----------------- testing Wed Jun 13 02:14:35 UTC 2018 /home/travis/build/icyphy/ptII/ptolemy/actor/lib/test/auto/PublisherSubscriber8.xml
----------------- Instantiating /home/travis/build/icyphy/ptII/ptolemy/actor/lib/test/auto/PublisherSubscriber8.xml
12 ms. Memory: 1764864K Free: 720638K (41%)
----------------- Invoking toplevel() on ptolemy.moml.MoMLSimpleApplication@23bc429f
----------------- Done invoking toplevel() on ptolemy.moml.MoMLSimpleApplication@23bc429f
reloadAllAccessors: .PublisherSubscriber8

===========================================================================================
----------------- testing Wed Jun 13 02:14:35 UTC 2018 /home/travis/build/icyphy/ptII/ptolemy/actor/lib/test/auto/PublisherSubscriber9.xml
----------------- Instantiating /home/travis/build/icyphy/ptII/ptolemy/actor/lib/test/auto/PublisherSubscriber9.xml
2 ms. Memory: 1764864K Free: 696833K (39%)
----------------- Invoking toplevel() on ptolemy.moml.MoMLSimpleApplication@769d61f6
----------------- Done invoking toplevel() on ptolemy.moml.MoMLSimpleApplication@769d61f6
reloadAllAccessors: .PublisherSubscriber9

===========================================================================================
----------------- testing Wed Jun 13 02:14:35 UTC 2018 /home/travis/build/icyphy/ptII/ptolemy/actor/lib/test/auto/PublisherSubscriberAdjacent.xml
----------------- Instantiating /home/travis/build/icyphy/ptII/ptolemy/actor/lib/test/auto/PublisherSubscriberAdjacent.xml
1 ms. Memory: 1764864K Free: 680326K (39%)
----------------- Invoking toplevel() on ptolemy.moml.MoMLSimpleApplication@21d8ab88
----------------- Done invoking toplevel() on ptolemy.moml.MoMLSimpleApplication@21d8ab88
reloadAllAccessors: .PublisherSubscriberAdjacent

===========================================================================================
----------------- testing Wed Jun 13 02:14:35 UTC 2018 /home/travis/build/icyphy/ptII/ptolemy/actor/lib/test/auto/PublisherSubscriberChannelVariablesAOC2.xml
----------------- Instantiating /home/travis/build/icyphy/ptII/ptolemy/actor/lib/test/auto/PublisherSubscriberChannelVariablesAOC2.xml
3 ms. Memory: 1764864K Free: 655566K (37%)
----------------- Invoking toplevel() on ptolemy.moml.MoMLSimpleApplication@30a808bc
----------------- Done invoking toplevel() on ptolemy.moml.MoMLSimpleApplication@30a808bc
reloadAllAccessors: .PublisherSubscriberChannelVariablesAOC2

===========================================================================================
----------------- testing Wed Jun 13 02:14:35 UTC 2018 /home/travis/build/icyphy/ptII/ptolemy/actor/lib/test/auto/PublisherSubscriberD3.xml
----------------- Instantiating /home/travis/build/icyphy/ptII/ptolemy/actor/lib/test/auto/PublisherSubscriberD3.xml
1 ms. Memory: 1764864K Free: 631761K (36%)
----------------- Invoking toplevel() on ptolemy.moml.MoMLSimpleApplication@7333a663
----------------- Done invoking toplevel() on ptolemy.moml.MoMLSimpleApplication@7333a663
reloadAllAccessors: .PublisherSubscriberD3

===========================================================================================
----------------- testing Wed Jun 13 02:14:35 UTC 2018 /home/travis/build/icyphy/ptII/ptolemy/actor/lib/test/auto/PublisherSubscriberD3Reverse.xml
----------------- Instantiating /home/travis/build/icyphy/ptII/ptolemy/actor/lib/test/auto/PublisherSubscriberD3Reverse.xml
1 ms. Memory: 1764864K Free: 615254K (35%)
----------------- Invoking toplevel() on ptolemy.moml.MoMLSimpleApplication@5b51709c
----------------- Done invoking toplevel() on ptolemy.moml.MoMLSimpleApplication@5b51709c
reloadAllAccessors: .PublisherSubscriberD3Reverse

===========================================================================================
----------------- testing Wed Jun 13 02:14:35 UTC 2018 /home/travis/build/icyphy/ptII/ptolemy/actor/lib/test/auto/PublisherSubscriberExpression.xml
----------------- Instantiating /home/travis/build/icyphy/ptII/ptolemy/actor/lib/test/auto/PublisherSubscriberExpression.xml
2 ms. Memory: 1764864K Free: 598747K (34%)
----------------- Invoking toplevel() on ptolemy.moml.MoMLSimpleApplication@575233a8
----------------- Done invoking toplevel() on ptolemy.moml.MoMLSimpleApplication@575233a8
reloadAllAccessors: .PublisherSubscriberExpression

===========================================================================================
----------------- testing Wed Jun 13 02:14:35 UTC 2018 /home/travis/build/icyphy/ptII/ptolemy/actor/lib/test/auto/PublisherSubscriberOpaque.xml
----------------- Instantiating /home/travis/build/icyphy/ptII/ptolemy/actor/lib/test/auto/PublisherSubscriberOpaque.xml
3 ms. Memory: 1764864K Free: 574942K (33%)
----------------- Invoking toplevel() on ptolemy.moml.MoMLSimpleApplication@111512bf
----------------- Done invoking toplevel() on ptolemy.moml.MoMLSimpleApplication@111512bf
reloadAllAccessors: .PublisherSubscriberOpaque

===========================================================================================
----------------- testing Wed Jun 13 02:14:35 UTC 2018 /home/travis/build/icyphy/ptII/ptolemy/actor/lib/test/auto/PublisherSubscriberOpaqueD3.xml
----------------- Instantiating /home/travis/build/icyphy/ptII/ptolemy/actor/lib/test/auto/PublisherSubscriberOpaqueD3.xml
5 ms. Memory: 1764864K Free: 550166K (31%)
----------------- Invoking toplevel() on ptolemy.moml.MoMLSimpleApplication@1abce3ba
----------------- Done invoking toplevel() on ptolemy.moml.MoMLSimpleApplication@1abce3ba
reloadAllAccessors: .PublisherSubscriberOpaqueD3

===========================================================================================
----------------- testing Wed Jun 13 02:14:35 UTC 2018 /home/travis/build/icyphy/ptII/ptolemy/actor/lib/test/auto/PublisherSubscriberOpaqueD3Reverse.xml
----------------- Instantiating /home/travis/build/icyphy/ptII/ptolemy/actor/lib/test/auto/PublisherSubscriberOpaqueD3Reverse.xml
5 ms. Memory: 1764864K Free: 533659K (30%)
----------------- Invoking toplevel() on ptolemy.moml.MoMLSimpleApplication@603f92c3
----------------- Done invoking toplevel() on ptolemy.moml.MoMLSimpleApplication@603f92c3
reloadAllAccessors: .PublisherSubscriberOpaqueD3Reverse

===========================================================================================
----------------- testing Wed Jun 13 02:14:35 UTC 2018 /home/travis/build/icyphy/ptII/ptolemy/actor/lib/test/auto/PublisherSubscriberOpaqueWidthInference.xml
----------------- Instantiating /home/travis/build/icyphy/ptII/ptolemy/actor/lib/test/auto/PublisherSubscriberOpaqueWidthInference.xml
3 ms. Memory: 1764864K Free: 509855K (29%)
----------------- Invoking toplevel() on ptolemy.moml.MoMLSimpleApplication@c473671
----------------- Done invoking toplevel() on ptolemy.moml.MoMLSimpleApplication@c473671
reloadAllAccessors: .PublisherSubscriberOpaqueWidthInference

===========================================================================================
----------------- testing Wed Jun 13 02:14:35 UTC 2018 /home/travis/build/icyphy/ptII/ptolemy/actor/lib/test/auto/PublisherTestSubscriber.xml
----------------- Instantiating /home/travis/build/icyphy/ptII/ptolemy/actor/lib/test/auto/PublisherTestSubscriber.xml
3 ms. Memory: 1764864K Free: 493348K (28%)
----------------- Invoking toplevel() on ptolemy.moml.MoMLSimpleApplication@5a730bd4
----------------- Done invoking toplevel() on ptolemy.moml.MoMLSimpleApplication@5a730bd4
reloadAllAccessors: .PublisherTestSubscriber

===========================================================================================
----------------- testing Wed Jun 13 02:14:35 UTC 2018 /home/travis/build/icyphy/ptII/ptolemy/actor/lib/test/auto/PublisherToplevelSubscriberPortAOC.xml
----------------- Instantiating /home/travis/build/icyphy/ptII/ptolemy/actor/lib/test/auto/PublisherToplevelSubscriberPortAOC.xml
2 ms. Memory: 1764864K Free: 476841K (27%)
----------------- Invoking toplevel() on ptolemy.moml.MoMLSimpleApplication@6446eaaa
----------------- Done invoking toplevel() on ptolemy.moml.MoMLSimpleApplication@6446eaaa
reloadAllAccessors: .PublisherToplevelSubscriberPortAOC

===========================================================================================
----------------- testing Wed Jun 13 02:14:35 UTC 2018 /home/travis/build/icyphy/ptII/ptolemy/actor/lib/test/auto/PulseFiringLimitDE.xml
----------------- Instantiating /home/travis/build/icyphy/ptII/ptolemy/actor/lib/test/auto/PulseFiringLimitDE.xml
2 ms. Memory: 1764864K Free: 453036K (26%)
----------------- Invoking toplevel() on ptolemy.moml.MoMLSimpleApplication@5bc4904f
----------------- Done invoking toplevel() on ptolemy.moml.MoMLSimpleApplication@5bc4904f
reloadAllAccessors: .PulseFiringLimitDE

===========================================================================================
----------------- testing Wed Jun 13 02:14:35 UTC 2018 /home/travis/build/icyphy/ptII/ptolemy/actor/lib/test/auto/Ramp1.xml
----------------- Instantiating /home/travis/build/icyphy/ptII/ptolemy/actor/lib/test/auto/Ramp1.xml
1 ms. Memory: 1764864K Free: 436529K (25%)
----------------- Invoking toplevel() on ptolemy.moml.MoMLSimpleApplication@3abed332
----------------- Done invoking toplevel() on ptolemy.moml.MoMLSimpleApplication@3abed332
reloadAllAccessors: .Ramp1

===========================================================================================
----------------- testing Wed Jun 13 02:14:35 UTC 2018 /home/travis/build/icyphy/ptII/ptolemy/actor/lib/test/auto/RampFiringLimitDE.xml
----------------- Instantiating /home/travis/build/icyphy/ptII/ptolemy/actor/lib/test/auto/RampFiringLimitDE.xml
3 ms. Memory: 1764864K Free: 420023K (24%)
----------------- Invoking toplevel() on ptolemy.moml.MoMLSimpleApplication@92a6f39
----------------- Done invoking toplevel() on ptolemy.moml.MoMLSimpleApplication@92a6f39
reloadAllAccessors: .RampFiringLimitDE

===========================================================================================
----------------- testing Wed Jun 13 02:14:35 UTC 2018 /home/travis/build/icyphy/ptII/ptolemy/actor/lib/test/auto/RampFiringLimitSDF.xml
----------------- Instantiating /home/travis/build/icyphy/ptII/ptolemy/actor/lib/test/auto/RampFiringLimitSDF.xml
3 ms. Memory: 1764864K Free: 396218K (22%)
----------------- Invoking toplevel() on ptolemy.moml.MoMLSimpleApplication@62eaf86e
----------------- Done invoking toplevel() on ptolemy.moml.MoMLSimpleApplication@62eaf86e
reloadAllAccessors: .RampFiringLimitSDF

===========================================================================================
----------------- testing Wed Jun 13 02:14:35 UTC 2018 /home/travis/build/icyphy/ptII/ptolemy/actor/lib/test/auto/RandomInteger.xml
----------------- Instantiating /home/travis/build/icyphy/ptII/ptolemy/actor/lib/test/auto/RandomInteger.xml
2 ms. Memory: 1764864K Free: 379711K (22%)
----------------- Invoking toplevel() on ptolemy.moml.MoMLSimpleApplication@3db9aa19
----------------- Done invoking toplevel() on ptolemy.moml.MoMLSimpleApplication@3db9aa19
reloadAllAccessors: .RandomInteger

===========================================================================================
----------------- testing Wed Jun 13 02:14:35 UTC 2018 /home/travis/build/icyphy/ptII/ptolemy/actor/lib/test/auto/ReadFile1.xml
----------------- Instantiating /home/travis/build/icyphy/ptII/ptolemy/actor/lib/test/auto/ReadFile1.xml
2 ms. Memory: 1764864K Free: 363204K (21%)
----------------- Invoking toplevel() on ptolemy.moml.MoMLSimpleApplication@46a8c9f5
----------------- Done invoking toplevel() on ptolemy.moml.MoMLSimpleApplication@46a8c9f5
reloadAllAccessors: .ReadFile1

===========================================================================================
----------------- testing Wed Jun 13 02:14:35 UTC 2018 /home/travis/build/icyphy/ptII/ptolemy/actor/lib/test/auto/ReadFile2.xml
----------------- Instantiating /home/travis/build/icyphy/ptII/ptolemy/actor/lib/test/auto/ReadFile2.xml
1 ms. Memory: 1764864K Free: 339399K (19%)
----------------- Invoking toplevel() on ptolemy.moml.MoMLSimpleApplication@266b73e
----------------- Done invoking toplevel() on ptolemy.moml.MoMLSimpleApplication@266b73e
reloadAllAccessors: .ReadFile2

===========================================================================================
----------------- testing Wed Jun 13 02:14:35 UTC 2018 /home/travis/build/icyphy/ptII/ptolemy/actor/lib/test/auto/Reader.xml
----------------- Instantiating /home/travis/build/icyphy/ptII/ptolemy/actor/lib/test/auto/Reader.xml
actor.lib.Reader is obsolete, use actor.lib.io.ExpressionReader instead
2 ms. Memory: 1764864K Free: 322893K (18%)
----------------- Invoking toplevel() on ptolemy.moml.MoMLSimpleApplication@4e41709f
----------------- Done invoking toplevel() on ptolemy.moml.MoMLSimpleApplication@4e41709f
reloadAllAccessors: .Reader

===========================================================================================
----------------- testing Wed Jun 13 02:14:35 UTC 2018 /home/travis/build/icyphy/ptII/ptolemy/actor/lib/test/auto/RecordAssemblerDisplayNameTest.xml
----------------- Instantiating /home/travis/build/icyphy/ptII/ptolemy/actor/lib/test/auto/RecordAssemblerDisplayNameTest.xml
3135 ms. Memory: 1780224K Free: 692035K (39%)
----------------- Invoking toplevel() on ptolemy.moml.MoMLSimpleApplication@2da6bee8
----------------- Done invoking toplevel() on ptolemy.moml.MoMLSimpleApplication@2da6bee8
reloadAllAccessors: .RecordAssemblerDisplayNameTest

===========================================================================================
----------------- testing Wed Jun 13 02:14:38 UTC 2018 /home/travis/build/icyphy/ptII/ptolemy/actor/lib/test/auto/RecordAssemblerTypeError.xml
----------------- Instantiating /home/travis/build/icyphy/ptII/ptolemy/actor/lib/test/auto/RecordAssemblerTypeError.xml
5 ms. Memory: 1780224K Free: 656825K (37%)
----------------- Invoking toplevel() on ptolemy.moml.MoMLSimpleApplication@48f015d2
----------------- Done invoking toplevel() on ptolemy.moml.MoMLSimpleApplication@48f015d2
reloadAllAccessors: .RecordAssemblerTypeError

===========================================================================================
----------------- testing Wed Jun 13 02:14:38 UTC 2018 /home/travis/build/icyphy/ptII/ptolemy/actor/lib/test/auto/RecordDisassember.xml
----------------- Instantiating /home/travis/build/icyphy/ptII/ptolemy/actor/lib/test/auto/RecordDisassember.xml
3 ms. Memory: 1780224K Free: 640134K (36%)
----------------- Invoking toplevel() on ptolemy.moml.MoMLSimpleApplication@6b2f5e81
----------------- Done invoking toplevel() on ptolemy.moml.MoMLSimpleApplication@6b2f5e81
reloadAllAccessors: .RecordDisassember

===========================================================================================
----------------- testing Wed Jun 13 02:14:38 UTC 2018 /home/travis/build/icyphy/ptII/ptolemy/actor/lib/test/auto/RecordDisassemberDisplayNameTest.xml
----------------- Instantiating /home/travis/build/icyphy/ptII/ptolemy/actor/lib/test/auto/RecordDisassemberDisplayNameTest.xml
4 ms. Memory: 1780224K Free: 617554K (35%)
----------------- Invoking toplevel() on ptolemy.moml.MoMLSimpleApplication@291d379b
----------------- Done invoking toplevel() on ptolemy.moml.MoMLSimpleApplication@291d379b
reloadAllAccessors: .RecordDisassemberDisplayNameTest

===========================================================================================
----------------- testing Wed Jun 13 02:14:38 UTC 2018 /home/travis/build/icyphy/ptII/ptolemy/actor/lib/test/auto/RecordDisassembler.xml
----------------- Instantiating /home/travis/build/icyphy/ptII/ptolemy/actor/lib/test/auto/RecordDisassembler.xml
2 ms. Memory: 1780224K Free: 600863K (34%)
----------------- Invoking toplevel() on ptolemy.moml.MoMLSimpleApplication@594c181b
----------------- Done invoking toplevel() on ptolemy.moml.MoMLSimpleApplication@594c181b
reloadAllAccessors: .RecordDisassembler

===========================================================================================
----------------- testing Wed Jun 13 02:14:38 UTC 2018 /home/travis/build/icyphy/ptII/ptolemy/actor/lib/test/auto/RecordDisassembler2.xml
----------------- Instantiating /home/travis/build/icyphy/ptII/ptolemy/actor/lib/test/auto/RecordDisassembler2.xml
1 ms. Memory: 1780224K Free: 578283K (32%)
----------------- Invoking toplevel() on ptolemy.moml.MoMLSimpleApplication@65631543
----------------- Done invoking toplevel() on ptolemy.moml.MoMLSimpleApplication@65631543
reloadAllAccessors: .RecordDisassembler2

===========================================================================================
----------------- testing Wed Jun 13 02:14:38 UTC 2018 /home/travis/build/icyphy/ptII/ptolemy/actor/lib/test/auto/RecordUpdater.xml
----------------- Instantiating /home/travis/build/icyphy/ptII/ptolemy/actor/lib/test/auto/RecordUpdater.xml
1 ms. Memory: 1780224K Free: 561592K (32%)
----------------- Invoking toplevel() on ptolemy.moml.MoMLSimpleApplication@3bc5b5dd
----------------- Done invoking toplevel() on ptolemy.moml.MoMLSimpleApplication@3bc5b5dd
reloadAllAccessors: .RecordUpdater

===========================================================================================
----------------- testing Wed Jun 13 02:14:38 UTC 2018 /home/travis/build/icyphy/ptII/ptolemy/actor/lib/test/auto/RecordUpdater2.xml
----------------- Instantiating /home/travis/build/icyphy/ptII/ptolemy/actor/lib/test/auto/RecordUpdater2.xml
2 ms. Memory: 1780224K Free: 544901K (31%)
----------------- Invoking toplevel() on ptolemy.moml.MoMLSimpleApplication@1c67d48c
----------------- Done invoking toplevel() on ptolemy.moml.MoMLSimpleApplication@1c67d48c
reloadAllAccessors: .RecordUpdater2

===========================================================================================
----------------- testing Wed Jun 13 02:14:38 UTC 2018 /home/travis/build/icyphy/ptII/ptolemy/actor/lib/test/auto/RecursiveLattice.xml
----------------- Instantiating /home/travis/build/icyphy/ptII/ptolemy/actor/lib/test/auto/RecursiveLattice.xml
1 ms. Memory: 1780224K Free: 522321K (29%)
----------------- Invoking toplevel() on ptolemy.moml.MoMLSimpleApplication@62f46b77
----------------- Done invoking toplevel() on ptolemy.moml.MoMLSimpleApplication@62f46b77
reloadAllAccessors: .RecursiveLattice

===========================================================================================
----------------- testing Wed Jun 13 02:14:38 UTC 2018 /home/travis/build/icyphy/ptII/ptolemy/actor/lib/test/auto/Router.xml
----------------- Instantiating /home/travis/build/icyphy/ptII/ptolemy/actor/lib/test/auto/Router.xml
3003 ms. Memory: 1780224K Free: 505630K (28%)
----------------- Invoking toplevel() on ptolemy.moml.MoMLSimpleApplication@3949d3f5
----------------- Done invoking toplevel() on ptolemy.moml.MoMLSimpleApplication@3949d3f5
reloadAllAccessors: .Router

===========================================================================================
----------------- testing Wed Jun 13 02:14:41 UTC 2018 /home/travis/build/icyphy/ptII/ptolemy/actor/lib/test/auto/Router2.xml
----------------- Instantiating /home/travis/build/icyphy/ptII/ptolemy/actor/lib/test/auto/Router2.xml
3006 ms. Memory: 1780224K Free: 483050K (27%)
----------------- Invoking toplevel() on ptolemy.moml.MoMLSimpleApplication@5a5f8fa5
----------------- Done invoking toplevel() on ptolemy.moml.MoMLSimpleApplication@5a5f8fa5
reloadAllAccessors: .Router2

===========================================================================================
----------------- testing Wed Jun 13 02:14:44 UTC 2018 /home/travis/build/icyphy/ptII/ptolemy/actor/lib/test/auto/RunningMaximum.xml
----------------- Instantiating /home/travis/build/icyphy/ptII/ptolemy/actor/lib/test/auto/RunningMaximum.xml
1 ms. Memory: 1780224K Free: 466359K (26%)
----------------- Invoking toplevel() on ptolemy.moml.MoMLSimpleApplication@33ce59d5
----------------- Done invoking toplevel() on ptolemy.moml.MoMLSimpleApplication@33ce59d5
reloadAllAccessors: .RunningMaximum

===========================================================================================
----------------- testing Wed Jun 13 02:14:45 UTC 2018 /home/travis/build/icyphy/ptII/ptolemy/actor/lib/test/auto/RunningMinimum.xml
----------------- Instantiating /home/travis/build/icyphy/ptII/ptolemy/actor/lib/test/auto/RunningMinimum.xml
5 ms. Memory: 1780224K Free: 443779K (25%)
----------------- Invoking toplevel() on ptolemy.moml.MoMLSimpleApplication@28e72de8
----------------- Done invoking toplevel() on ptolemy.moml.MoMLSimpleApplication@28e72de8
reloadAllAccessors: .RunningMinimum

===========================================================================================
----------------- testing Wed Jun 13 02:14:45 UTC 2018 /home/travis/build/icyphy/ptII/ptolemy/actor/lib/test/auto/Scale.xml
----------------- Instantiating /home/travis/build/icyphy/ptII/ptolemy/actor/lib/test/auto/Scale.xml
2 ms. Memory: 1780224K Free: 427088K (24%)
----------------- Invoking toplevel() on ptolemy.moml.MoMLSimpleApplication@9653a11
----------------- Done invoking toplevel() on ptolemy.moml.MoMLSimpleApplication@9653a11
reloadAllAccessors: .Scale

===========================================================================================
----------------- testing Wed Jun 13 02:14:45 UTC 2018 /home/travis/build/icyphy/ptII/ptolemy/actor/lib/test/auto/Scale2.xml
----------------- Instantiating /home/travis/build/icyphy/ptII/ptolemy/actor/lib/test/auto/Scale2.xml
1 ms. Memory: 1780224K Free: 410397K (23%)
----------------- Invoking toplevel() on ptolemy.moml.MoMLSimpleApplication@23e593cc
----------------- Done invoking toplevel() on ptolemy.moml.MoMLSimpleApplication@23e593cc
reloadAllAccessors: .Scale2

===========================================================================================
----------------- testing Wed Jun 13 02:14:45 UTC 2018 /home/travis/build/icyphy/ptII/ptolemy/actor/lib/test/auto/Scale3.xml
----------------- Instantiating /home/travis/build/icyphy/ptII/ptolemy/actor/lib/test/auto/Scale3.xml
3 ms. Memory: 1780224K Free: 387817K (22%)
----------------- Invoking toplevel() on ptolemy.moml.MoMLSimpleApplication@397be84
----------------- Done invoking toplevel() on ptolemy.moml.MoMLSimpleApplication@397be84
reloadAllAccessors: .Scale3

===========================================================================================
----------------- testing Wed Jun 13 02:14:45 UTC 2018 /home/travis/build/icyphy/ptII/ptolemy/actor/lib/test/auto/ScaleArray.xml
----------------- Instantiating /home/travis/build/icyphy/ptII/ptolemy/actor/lib/test/auto/ScaleArray.xml
3 ms. Memory: 1780224K Free: 371126K (21%)
----------------- Invoking toplevel() on ptolemy.moml.MoMLSimpleApplication@7b146dd4
----------------- Done invoking toplevel() on ptolemy.moml.MoMLSimpleApplication@7b146dd4
reloadAllAccessors: .ScaleArray

===========================================================================================
----------------- testing Wed Jun 13 02:14:45 UTC 2018 /home/travis/build/icyphy/ptII/ptolemy/actor/lib/test/auto/ScaleArray2.xml
----------------- Instantiating /home/travis/build/icyphy/ptII/ptolemy/actor/lib/test/auto/ScaleArray2.xml
1 ms. Memory: 1780224K Free: 348546K (20%)
----------------- Invoking toplevel() on ptolemy.moml.MoMLSimpleApplication@5ff5f8
----------------- Done invoking toplevel() on ptolemy.moml.MoMLSimpleApplication@5ff5f8
reloadAllAccessors: .ScaleArray2

===========================================================================================
----------------- testing Wed Jun 13 02:14:45 UTC 2018 /home/travis/build/icyphy/ptII/ptolemy/actor/lib/test/auto/ScaleMatrix.xml
----------------- Instantiating /home/travis/build/icyphy/ptII/ptolemy/actor/lib/test/auto/ScaleMatrix.xml
100 ms. Memory: 1780224K Free: 323509K (18%)
----------------- Invoking toplevel() on ptolemy.moml.MoMLSimpleApplication@32d43bf9
----------------- Done invoking toplevel() on ptolemy.moml.MoMLSimpleApplication@32d43bf9
reloadAllAccessors: .ScaleMatrix

===========================================================================================
----------------- testing Wed Jun 13 02:14:45 UTC 2018 /home/travis/build/icyphy/ptII/ptolemy/actor/lib/test/auto/Select.xml
----------------- Instantiating /home/travis/build/icyphy/ptII/ptolemy/actor/lib/test/auto/Select.xml
2 ms. Memory: 1780224K Free: 306818K (17%)
----------------- Invoking toplevel() on ptolemy.moml.MoMLSimpleApplication@2295bace
----------------- Done invoking toplevel() on ptolemy.moml.MoMLSimpleApplication@2295bace
reloadAllAccessors: .Select

===========================================================================================
----------------- testing Wed Jun 13 02:14:45 UTC 2018 /home/travis/build/icyphy/ptII/ptolemy/actor/lib/test/auto/Select2.xml
----------------- Instantiating /home/travis/build/icyphy/ptII/ptolemy/actor/lib/test/auto/Select2.xml
0 ms. Memory: 1780224K Free: 284238K (16%)
----------------- Invoking toplevel() on ptolemy.moml.MoMLSimpleApplication@7f244792
----------------- Done invoking toplevel() on ptolemy.moml.MoMLSimpleApplication@7f244792
reloadAllAccessors: .Select2

===========================================================================================
----------------- testing Wed Jun 13 02:14:45 UTC 2018 /home/travis/build/icyphy/ptII/ptolemy/actor/lib/test/auto/SequenceToArray2.xml
----------------- Instantiating /home/travis/build/icyphy/ptII/ptolemy/actor/lib/test/auto/SequenceToArray2.xml
60 ms. Memory: 1780224K Free: 184074K (10%)
----------------- Invoking toplevel() on ptolemy.moml.MoMLSimpleApplication@1d3a80f8
----------------- Done invoking toplevel() on ptolemy.moml.MoMLSimpleApplication@1d3a80f8
reloadAllAccessors: .SequenceToArray2

===========================================================================================
----------------- testing Wed Jun 13 02:14:45 UTC 2018 /home/travis/build/icyphy/ptII/ptolemy/actor/lib/test/auto/SequentialClock.xml
----------------- Instantiating /home/travis/build/icyphy/ptII/ptolemy/actor/lib/test/auto/SequentialClock.xml
1 ms. Memory: 1780224K Free: 161494K (9%)
----------------- Invoking toplevel() on ptolemy.moml.MoMLSimpleApplication@3dbaf1c2
----------------- Done invoking toplevel() on ptolemy.moml.MoMLSimpleApplication@3dbaf1c2
reloadAllAccessors: .SequentialClock

===========================================================================================
----------------- testing Wed Jun 13 02:14:45 UTC 2018 /home/travis/build/icyphy/ptII/ptolemy/actor/lib/test/auto/SetVariable.xml
----------------- Instantiating /home/travis/build/icyphy/ptII/ptolemy/actor/lib/test/auto/SetVariable.xml
2 ms. Memory: 1780224K Free: 144803K (8%)
----------------- Invoking toplevel() on ptolemy.moml.MoMLSimpleApplication@50c7aea4
----------------- Done invoking toplevel() on ptolemy.moml.MoMLSimpleApplication@50c7aea4
reloadAllAccessors: .SetVariable

===========================================================================================
----------------- testing Wed Jun 13 02:14:45 UTC 2018 /home/travis/build/icyphy/ptII/ptolemy/actor/lib/test/auto/SetVariable2.xml
----------------- Instantiating /home/travis/build/icyphy/ptII/ptolemy/actor/lib/test/auto/SetVariable2.xml
2 ms. Memory: 1780224K Free: 122223K (7%)
----------------- Invoking toplevel() on ptolemy.moml.MoMLSimpleApplication@1b1b68b
----------------- Done invoking toplevel() on ptolemy.moml.MoMLSimpleApplication@1b1b68b
reloadAllAccessors: .SetVariable2

===========================================================================================
----------------- testing Wed Jun 13 02:14:45 UTC 2018 /home/travis/build/icyphy/ptII/ptolemy/actor/lib/test/auto/SetVariable3.xml
----------------- Instantiating /home/travis/build/icyphy/ptII/ptolemy/actor/lib/test/auto/SetVariable3.xml
3 ms. Memory: 1780224K Free: 105532K (6%)
----------------- Invoking toplevel() on ptolemy.moml.MoMLSimpleApplication@533755ad
----------------- Done invoking toplevel() on ptolemy.moml.MoMLSimpleApplication@533755ad
reloadAllAccessors: .SetVariable3

===========================================================================================
----------------- testing Wed Jun 13 02:14:45 UTC 2018 /home/travis/build/icyphy/ptII/ptolemy/actor/lib/test/auto/SetVariable4.xml
----------------- Instantiating /home/travis/build/icyphy/ptII/ptolemy/actor/lib/test/auto/SetVariable4.xml
22 ms. Memory: 1781760K Free: 1691694K (95%)
----------------- Invoking toplevel() on ptolemy.moml.MoMLSimpleApplication@1652f5e1
----------------- Done invoking toplevel() on ptolemy.moml.MoMLSimpleApplication@1652f5e1
reloadAllAccessors: .SetVariable4

===========================================================================================
----------------- testing Wed Jun 13 02:14:45 UTC 2018 /home/travis/build/icyphy/ptII/ptolemy/actor/lib/test/auto/SetVariable5.xml
----------------- Instantiating /home/travis/build/icyphy/ptII/ptolemy/actor/lib/test/auto/SetVariable5.xml
8 ms. Memory: 1781760K Free: 1669884K (94%)
----------------- Invoking toplevel() on ptolemy.moml.MoMLSimpleApplication@612c0f10
----------------- Done invoking toplevel() on ptolemy.moml.MoMLSimpleApplication@612c0f10
reloadAllAccessors: .SetVariable5

===========================================================================================
----------------- testing Wed Jun 13 02:14:45 UTC 2018 /home/travis/build/icyphy/ptII/ptolemy/actor/lib/test/auto/Sinewave.xml
----------------- Instantiating /home/travis/build/icyphy/ptII/ptolemy/actor/lib/test/auto/Sinewave.xml
6 ms. Memory: 1781760K Free: 1645555K (92%)
----------------- Invoking toplevel() on ptolemy.moml.MoMLSimpleApplication@1ca2518c
----------------- Done invoking toplevel() on ptolemy.moml.MoMLSimpleApplication@1ca2518c
reloadAllAccessors: .Sinewave

===========================================================================================
----------------- testing Wed Jun 13 02:14:45 UTC 2018 /home/travis/build/icyphy/ptII/ptolemy/actor/lib/test/auto/Sinewave2.xml
----------------- Instantiating /home/travis/build/icyphy/ptII/ptolemy/actor/lib/test/auto/Sinewave2.xml
4 ms. Memory: 1781760K Free: 1632202K (92%)
----------------- Invoking toplevel() on ptolemy.moml.MoMLSimpleApplication@260343ec
----------------- Done invoking toplevel() on ptolemy.moml.MoMLSimpleApplication@260343ec
reloadAllAccessors: .Sinewave2

===========================================================================================
----------------- testing Wed Jun 13 02:14:45 UTC 2018 /home/travis/build/icyphy/ptII/ptolemy/actor/lib/test/auto/Sinewave3.xml
----------------- Instantiating /home/travis/build/icyphy/ptII/ptolemy/actor/lib/test/auto/Sinewave3.xml
5 ms. Memory: 1781760K Free: 1614566K (91%)
----------------- Invoking toplevel() on ptolemy.moml.MoMLSimpleApplication@3d8b53b0
----------------- Done invoking toplevel() on ptolemy.moml.MoMLSimpleApplication@3d8b53b0
reloadAllAccessors: .Sinewave3

===========================================================================================
----------------- testing Wed Jun 13 02:14:45 UTC 2018 /home/travis/build/icyphy/ptII/ptolemy/actor/lib/test/auto/SingleEvent.xml
----------------- Instantiating /home/travis/build/icyphy/ptII/ptolemy/actor/lib/test/auto/SingleEvent.xml
0 ms. Memory: 1781760K Free: 1601213K (90%)
----------------- Invoking toplevel() on ptolemy.moml.MoMLSimpleApplication@50fe401a
----------------- Done invoking toplevel() on ptolemy.moml.MoMLSimpleApplication@50fe401a
reloadAllAccessors: .SingleEvent

===========================================================================================
----------------- testing Wed Jun 13 02:14:45 UTC 2018 /home/travis/build/icyphy/ptII/ptolemy/actor/lib/test/auto/Sleep.xml
----------------- Instantiating /home/travis/build/icyphy/ptII/ptolemy/actor/lib/test/auto/Sleep.xml
6003 ms. Memory: 1781760K Free: 1583577K (89%)
----------------- Invoking toplevel() on ptolemy.moml.MoMLSimpleApplication@53b4df6e
----------------- Done invoking toplevel() on ptolemy.moml.MoMLSimpleApplication@53b4df6e
reloadAllAccessors: .Sleep

===========================================================================================
----------------- testing Wed Jun 13 02:14:51 UTC 2018 /home/travis/build/icyphy/ptII/ptolemy/actor/lib/test/auto/SleepMultipleFire.xml
----------------- Instantiating /home/travis/build/icyphy/ptII/ptolemy/actor/lib/test/auto/SleepMultipleFire.xml
1005 ms. Memory: 1781760K Free: 1565940K (88%)
----------------- Invoking toplevel() on ptolemy.moml.MoMLSimpleApplication@40127d5c
----------------- Done invoking toplevel() on ptolemy.moml.MoMLSimpleApplication@40127d5c
reloadAllAccessors: .SleepMultipleFire

===========================================================================================
----------------- testing Wed Jun 13 02:14:52 UTC 2018 /home/travis/build/icyphy/ptII/ptolemy/actor/lib/test/auto/StopDE.xml
----------------- Instantiating /home/travis/build/icyphy/ptII/ptolemy/actor/lib/test/auto/StopDE.xml
2 ms. Memory: 1781760K Free: 1552587K (87%)
----------------- Invoking toplevel() on ptolemy.moml.MoMLSimpleApplication@27860cf3
----------------- Done invoking toplevel() on ptolemy.moml.MoMLSimpleApplication@27860cf3
reloadAllAccessors: .StopDE

===========================================================================================
----------------- testing Wed Jun 13 02:14:52 UTC 2018 /home/travis/build/icyphy/ptII/ptolemy/actor/lib/test/auto/StopSDF.xml
----------------- Instantiating /home/travis/build/icyphy/ptII/ptolemy/actor/lib/test/auto/StopSDF.xml
2 ms. Memory: 1781760K Free: 1534951K (86%)
----------------- Invoking toplevel() on ptolemy.moml.MoMLSimpleApplication@54e4f66e
----------------- Done invoking toplevel() on ptolemy.moml.MoMLSimpleApplication@54e4f66e
reloadAllAccessors: .StopSDF

===========================================================================================
----------------- testing Wed Jun 13 02:14:52 UTC 2018 /home/travis/build/icyphy/ptII/ptolemy/actor/lib/test/auto/StringConstant.xml
----------------- Instantiating /home/travis/build/icyphy/ptII/ptolemy/actor/lib/test/auto/StringConstant.xml
1 ms. Memory: 1781760K Free: 1521598K (85%)
----------------- Invoking toplevel() on ptolemy.moml.MoMLSimpleApplication@4d3b5a99
----------------- Done invoking toplevel() on ptolemy.moml.MoMLSimpleApplication@4d3b5a99
reloadAllAccessors: .StringConstant

===========================================================================================
----------------- testing Wed Jun 13 02:14:52 UTC 2018 /home/travis/build/icyphy/ptII/ptolemy/actor/lib/test/auto/SubscriberPortInitialValues1.xml
----------------- Instantiating /home/travis/build/icyphy/ptII/ptolemy/actor/lib/test/auto/SubscriberPortInitialValues1.xml
4 ms. Memory: 1781760K Free: 1503961K (84%)
----------------- Invoking toplevel() on ptolemy.moml.MoMLSimpleApplication@2653abc0
----------------- Done invoking toplevel() on ptolemy.moml.MoMLSimpleApplication@2653abc0
reloadAllAccessors: .SubscriberPortInitialValues1

===========================================================================================
----------------- testing Wed Jun 13 02:14:52 UTC 2018 /home/travis/build/icyphy/ptII/ptolemy/actor/lib/test/auto/SubscriberPortInitialValues13.xml
----------------- Instantiating /home/travis/build/icyphy/ptII/ptolemy/actor/lib/test/auto/SubscriberPortInitialValues13.xml
4 ms. Memory: 1781760K Free: 1483916K (83%)
----------------- Invoking toplevel() on ptolemy.moml.MoMLSimpleApplication@184bdfba
----------------- Done invoking toplevel() on ptolemy.moml.MoMLSimpleApplication@184bdfba
reloadAllAccessors: .SubscriberPortInitialValues13

===========================================================================================
----------------- testing Wed Jun 13 02:14:52 UTC 2018 /home/travis/build/icyphy/ptII/ptolemy/actor/lib/test/auto/SubscriberPortInitialValues14.xml
----------------- Instantiating /home/travis/build/icyphy/ptII/ptolemy/actor/lib/test/auto/SubscriberPortInitialValues14.xml
3 ms. Memory: 1781760K Free: 1466279K (82%)
----------------- Invoking toplevel() on ptolemy.moml.MoMLSimpleApplication@6432eff4
----------------- Done invoking toplevel() on ptolemy.moml.MoMLSimpleApplication@6432eff4
reloadAllAccessors: .SubscriberPortInitialValues14

===========================================================================================
----------------- testing Wed Jun 13 02:14:52 UTC 2018 /home/travis/build/icyphy/ptII/ptolemy/actor/lib/test/auto/SubscriberPortInitialValues2.xml
----------------- Instantiating /home/travis/build/icyphy/ptII/ptolemy/actor/lib/test/auto/SubscriberPortInitialValues2.xml
3 ms. Memory: 1781760K Free: 1448643K (81%)
----------------- Invoking toplevel() on ptolemy.moml.MoMLSimpleApplication@112a9882
----------------- Done invoking toplevel() on ptolemy.moml.MoMLSimpleApplication@112a9882
reloadAllAccessors: .SubscriberPortInitialValues2

===========================================================================================
----------------- testing Wed Jun 13 02:14:52 UTC 2018 /home/travis/build/icyphy/ptII/ptolemy/actor/lib/test/auto/SubscriberPortInitialValues3.xml
----------------- Instantiating /home/travis/build/icyphy/ptII/ptolemy/actor/lib/test/auto/SubscriberPortInitialValues3.xml
4 ms. Memory: 1781760K Free: 1428597K (80%)
----------------- Invoking toplevel() on ptolemy.moml.MoMLSimpleApplication@95c3e61
----------------- Done invoking toplevel() on ptolemy.moml.MoMLSimpleApplication@95c3e61
reloadAllAccessors: .SubscriberPortInitialValues3

===========================================================================================
----------------- testing Wed Jun 13 02:14:52 UTC 2018 /home/travis/build/icyphy/ptII/ptolemy/actor/lib/test/auto/SubscriptionAggregator.xml
----------------- Instantiating /home/travis/build/icyphy/ptII/ptolemy/actor/lib/test/auto/SubscriptionAggregator.xml
2 ms. Memory: 1781760K Free: 1410961K (79%)
----------------- Invoking toplevel() on ptolemy.moml.MoMLSimpleApplication@393eecdb
----------------- Done invoking toplevel() on ptolemy.moml.MoMLSimpleApplication@393eecdb
reloadAllAccessors: .SubscriptionAggregator

===========================================================================================
----------------- testing Wed Jun 13 02:14:52 UTC 2018 /home/travis/build/icyphy/ptII/ptolemy/actor/lib/test/auto/SubscriptionAggregator2.xml
----------------- Instantiating /home/travis/build/icyphy/ptII/ptolemy/actor/lib/test/auto/SubscriptionAggregator2.xml
2 ms. Memory: 1781760K Free: 1397608K (78%)
----------------- Invoking toplevel() on ptolemy.moml.MoMLSimpleApplication@3bbffa2f
----------------- Done invoking toplevel() on ptolemy.moml.MoMLSimpleApplication@3bbffa2f
reloadAllAccessors: .SubscriptionAggregator2

===========================================================================================
----------------- testing Wed Jun 13 02:14:52 UTC 2018 /home/travis/build/icyphy/ptII/ptolemy/actor/lib/test/auto/SubscriptionAggregator3.xml
----------------- Instantiating /home/travis/build/icyphy/ptII/ptolemy/actor/lib/test/auto/SubscriptionAggregator3.xml
2 ms. Memory: 1781760K Free: 1379971K (77%)
----------------- Invoking toplevel() on ptolemy.moml.MoMLSimpleApplication@3b9cd5ca
----------------- Done invoking toplevel() on ptolemy.moml.MoMLSimpleApplication@3b9cd5ca
reloadAllAccessors: .SubscriptionAggregator3

===========================================================================================
----------------- testing Wed Jun 13 02:14:52 UTC 2018 /home/travis/build/icyphy/ptII/ptolemy/actor/lib/test/auto/SubscriptionAggregatorMultiply.xml
----------------- Instantiating /home/travis/build/icyphy/ptII/ptolemy/actor/lib/test/auto/SubscriptionAggregatorMultiply.xml
3 ms. Memory: 1781760K Free: 1362335K (76%)
----------------- Invoking toplevel() on ptolemy.moml.MoMLSimpleApplication@654c7470
----------------- Done invoking toplevel() on ptolemy.moml.MoMLSimpleApplication@654c7470
reloadAllAccessors: .SubscriptionAggregatorMultiply

===========================================================================================
----------------- testing Wed Jun 13 02:14:52 UTC 2018 /home/travis/build/icyphy/ptII/ptolemy/actor/lib/test/auto/SubscriptionAggregatorPortMultiply1.xml
----------------- Instantiating /home/travis/build/icyphy/ptII/ptolemy/actor/lib/test/auto/SubscriptionAggregatorPortMultiply1.xml
3 ms. Memory: 1781760K Free: 1348982K (76%)
----------------- Invoking toplevel() on ptolemy.moml.MoMLSimpleApplication@68df7674
----------------- Done invoking toplevel() on ptolemy.moml.MoMLSimpleApplication@68df7674
reloadAllAccessors: .SubscriptionAggregatorPortMultiply1

===========================================================================================
----------------- testing Wed Jun 13 02:14:52 UTC 2018 /home/travis/build/icyphy/ptII/ptolemy/actor/lib/test/auto/Switch.xml
----------------- Instantiating /home/travis/build/icyphy/ptII/ptolemy/actor/lib/test/auto/Switch.xml
3 ms. Memory: 1781760K Free: 1291286K (72%)
----------------- Invoking toplevel() on ptolemy.moml.MoMLSimpleApplication@4a13fb42
----------------- Done invoking toplevel() on ptolemy.moml.MoMLSimpleApplication@4a13fb42
reloadAllAccessors: .Switch

===========================================================================================
----------------- testing Wed Jun 13 02:14:52 UTC 2018 /home/travis/build/icyphy/ptII/ptolemy/actor/lib/test/auto/Switch2.xml
----------------- Instantiating /home/travis/build/icyphy/ptII/ptolemy/actor/lib/test/auto/Switch2.xml
1 ms. Memory: 1781760K Free: 1277871K (72%)
----------------- Invoking toplevel() on ptolemy.moml.MoMLSimpleApplication@2dd5d40d
----------------- Done invoking toplevel() on ptolemy.moml.MoMLSimpleApplication@2dd5d40d
reloadAllAccessors: .Switch2

===========================================================================================
----------------- testing Wed Jun 13 02:14:52 UTC 2018 /home/travis/build/icyphy/ptII/ptolemy/actor/lib/test/auto/SwitchDE.xml
----------------- Instantiating /home/travis/build/icyphy/ptII/ptolemy/actor/lib/test/auto/SwitchDE.xml
2 ms. Memory: 1781760K Free: 1260235K (71%)
----------------- Invoking toplevel() on ptolemy.moml.MoMLSimpleApplication@47a7b59f
----------------- Done invoking toplevel() on ptolemy.moml.MoMLSimpleApplication@47a7b59f
reloadAllAccessors: .SwitchDE

===========================================================================================
----------------- testing Wed Jun 13 02:14:52 UTC 2018 /home/travis/build/icyphy/ptII/ptolemy/actor/lib/test/auto/SynchronizerDE.xml
----------------- Instantiating /home/travis/build/icyphy/ptII/ptolemy/actor/lib/test/auto/SynchronizerDE.xml
3 ms. Memory: 1781760K Free: 1246882K (70%)
----------------- Invoking toplevel() on ptolemy.moml.MoMLSimpleApplication@35133d49
----------------- Done invoking toplevel() on ptolemy.moml.MoMLSimpleApplication@35133d49
reloadAllAccessors: .SynchronizerDE

===========================================================================================
----------------- testing Wed Jun 13 02:14:52 UTC 2018 /home/travis/build/icyphy/ptII/ptolemy/actor/lib/test/auto/Test.xml
----------------- Instantiating /home/travis/build/icyphy/ptII/ptolemy/actor/lib/test/auto/Test.xml
2 ms. Memory: 1781760K Free: 1229246K (69%)
----------------- Invoking toplevel() on ptolemy.moml.MoMLSimpleApplication@377ba1f0
----------------- Done invoking toplevel() on ptolemy.moml.MoMLSimpleApplication@377ba1f0
reloadAllAccessors: .Test

===========================================================================================
----------------- testing Wed Jun 13 02:14:52 UTC 2018 /home/travis/build/icyphy/ptII/ptolemy/actor/lib/test/auto/TestExceptionAttribute1.xml
----------------- Instantiating /home/travis/build/icyphy/ptII/ptolemy/actor/lib/test/auto/TestExceptionAttribute1.xml
1 ms. Memory: 1781760K Free: 1211609K (68%)
----------------- Invoking toplevel() on ptolemy.moml.MoMLSimpleApplication@2179c55e
----------------- Done invoking toplevel() on ptolemy.moml.MoMLSimpleApplication@2179c55e
reloadAllAccessors: .TestExceptionAttribute1

===========================================================================================
----------------- testing Wed Jun 13 02:14:52 UTC 2018 /home/travis/build/icyphy/ptII/ptolemy/actor/lib/test/auto/TestExceptionAttribute2.xml
----------------- Instantiating /home/travis/build/icyphy/ptII/ptolemy/actor/lib/test/auto/TestExceptionAttribute2.xml
1 ms. Memory: 1781760K Free: 1198256K (67%)
----------------- Invoking toplevel() on ptolemy.moml.MoMLSimpleApplication@637f84a4
----------------- Done invoking toplevel() on ptolemy.moml.MoMLSimpleApplication@637f84a4
reloadAllAccessors: .TestExceptionAttribute2

===========================================================================================
----------------- testing Wed Jun 13 02:14:52 UTC 2018 /home/travis/build/icyphy/ptII/ptolemy/actor/lib/test/auto/TestExceptionAttribute3.xml
----------------- Instantiating /home/travis/build/icyphy/ptII/ptolemy/actor/lib/test/auto/TestExceptionAttribute3.xml
.TestExceptionAttribute3.TestExceptionAttribute: initialize() was not invoked, but wrapup() was.  This is unusual, but not always a problem.  For example, exporting JNLP will do this.
0 ms. Memory: 1781760K Free: 1180619K (66%)
----------------- Invoking toplevel() on ptolemy.moml.MoMLSimpleApplication@113987b4
----------------- Done invoking toplevel() on ptolemy.moml.MoMLSimpleApplication@113987b4
reloadAllAccessors: .TestExceptionAttribute3

===========================================================================================
----------------- testing Wed Jun 13 02:14:52 UTC 2018 /home/travis/build/icyphy/ptII/ptolemy/actor/lib/test/auto/TestExceptionAttribute4.xml
----------------- Instantiating /home/travis/build/icyphy/ptII/ptolemy/actor/lib/test/auto/TestExceptionAttribute4.xml
.TestExceptionAttribute4.TestExceptionAttribute: initialize() was not invoked, but wrapup() was.  This is unusual, but not always a problem.  For example, exporting JNLP will do this.
.TestExceptionAttribute4.TestExceptionAttribute2: initialize() was not invoked, but wrapup() was.  This is unusual, but not always a problem.  For example, exporting JNLP will do this.
0 ms. Memory: 1781760K Free: 1167266K (66%)
----------------- Invoking toplevel() on ptolemy.moml.MoMLSimpleApplication@27106d26
----------------- Done invoking toplevel() on ptolemy.moml.MoMLSimpleApplication@27106d26
reloadAllAccessors: .TestExceptionAttribute4

===========================================================================================
----------------- testing Wed Jun 13 02:14:52 UTC 2018 /home/travis/build/icyphy/ptII/ptolemy/actor/lib/test/auto/TestExceptionHandler1.xml
----------------- Instantiating /home/travis/build/icyphy/ptII/ptolemy/actor/lib/test/auto/TestExceptionHandler1.xml
1 ms. Memory: 1781760K Free: 1149630K (65%)
----------------- Invoking toplevel() on ptolemy.moml.MoMLSimpleApplication@2b1a84d3
----------------- Done invoking toplevel() on ptolemy.moml.MoMLSimpleApplication@2b1a84d3
reloadAllAccessors: .TestExceptionHandler1

===========================================================================================
----------------- testing Wed Jun 13 02:14:52 UTC 2018 /home/travis/build/icyphy/ptII/ptolemy/actor/lib/test/auto/TestExceptionHandler2.xml
----------------- Instantiating /home/travis/build/icyphy/ptII/ptolemy/actor/lib/test/auto/TestExceptionHandler2.xml
1 ms. Memory: 1781760K Free: 1136277K (64%)
----------------- Invoking toplevel() on ptolemy.moml.MoMLSimpleApplication@5e552b28
----------------- Done invoking toplevel() on ptolemy.moml.MoMLSimpleApplication@5e552b28
reloadAllAccessors: .TestExceptionHandler2

===========================================================================================
----------------- testing Wed Jun 13 02:14:52 UTC 2018 /home/travis/build/icyphy/ptII/ptolemy/actor/lib/test/auto/TestExceptionHandler3.xml
----------------- Instantiating /home/travis/build/icyphy/ptII/ptolemy/actor/lib/test/auto/TestExceptionHandler3.xml
1 ms. Memory: 1781760K Free: 1118641K (63%)
----------------- Invoking toplevel() on ptolemy.moml.MoMLSimpleApplication@6bf63695
----------------- Done invoking toplevel() on ptolemy.moml.MoMLSimpleApplication@6bf63695
reloadAllAccessors: .TestExceptionHandler3

===========================================================================================
----------------- testing Wed Jun 13 02:14:52 UTC 2018 /home/travis/build/icyphy/ptII/ptolemy/actor/lib/test/auto/TestExceptionHandler4.xml
----------------- Instantiating /home/travis/build/icyphy/ptII/ptolemy/actor/lib/test/auto/TestExceptionHandler4.xml
1 ms. Memory: 1781760K Free: 1101004K (62%)
----------------- Invoking toplevel() on ptolemy.moml.MoMLSimpleApplication@1a36726b
----------------- Done invoking toplevel() on ptolemy.moml.MoMLSimpleApplication@1a36726b
reloadAllAccessors: .TestExceptionHandler4

===========================================================================================
----------------- testing Wed Jun 13 02:14:52 UTC 2018 /home/travis/build/icyphy/ptII/ptolemy/actor/lib/test/auto/TestRequireCorrectOrder.xml
----------------- Instantiating /home/travis/build/icyphy/ptII/ptolemy/actor/lib/test/auto/TestRequireCorrectOrder.xml
2 ms. Memory: 1781760K Free: 1087651K (61%)
----------------- Invoking toplevel() on ptolemy.moml.MoMLSimpleApplication@62fc1e60
----------------- Done invoking toplevel() on ptolemy.moml.MoMLSimpleApplication@62fc1e60
reloadAllAccessors: .TestRequireCorrectOrder

===========================================================================================
----------------- testing Wed Jun 13 02:14:53 UTC 2018 /home/travis/build/icyphy/ptII/ptolemy/actor/lib/test/auto/TestSimple.xml
----------------- Instantiating /home/travis/build/icyphy/ptII/ptolemy/actor/lib/test/auto/TestSimple.xml
1 ms. Memory: 1781760K Free: 1070015K (60%)
----------------- Invoking toplevel() on ptolemy.moml.MoMLSimpleApplication@3551e7c7
----------------- Done invoking toplevel() on ptolemy.moml.MoMLSimpleApplication@3551e7c7
reloadAllAccessors: .TestSimple

===========================================================================================
----------------- testing Wed Jun 13 02:14:53 UTC 2018 /home/travis/build/icyphy/ptII/ptolemy/actor/lib/test/auto/ThrowModelError.xml
----------------- Instantiating /home/travis/build/icyphy/ptII/ptolemy/actor/lib/test/auto/ThrowModelError.xml
2 ms. Memory: 1781760K Free: 1056662K (59%)
----------------- Invoking toplevel() on ptolemy.moml.MoMLSimpleApplication@492e1ca9
----------------- Done invoking toplevel() on ptolemy.moml.MoMLSimpleApplication@492e1ca9
reloadAllAccessors: .ThrowModelError

===========================================================================================
----------------- testing Wed Jun 13 02:14:53 UTC 2018 /home/travis/build/icyphy/ptII/ptolemy/actor/lib/test/auto/TimeDelayMicrosteps.xml
----------------- Instantiating /home/travis/build/icyphy/ptII/ptolemy/actor/lib/test/auto/TimeDelayMicrosteps.xml
2 ms. Memory: 1781760K Free: 1039025K (58%)
----------------- Invoking toplevel() on ptolemy.moml.MoMLSimpleApplication@53a93216
----------------- Done invoking toplevel() on ptolemy.moml.MoMLSimpleApplication@53a93216
reloadAllAccessors: .TimeDelayMicrosteps

===========================================================================================
----------------- testing Wed Jun 13 02:14:53 UTC 2018 /home/travis/build/icyphy/ptII/ptolemy/actor/lib/test/auto/TimeDelayMicrosteps2.xml
----------------- Instantiating /home/travis/build/icyphy/ptII/ptolemy/actor/lib/test/auto/TimeDelayMicrosteps2.xml
3 ms. Memory: 1781760K Free: 1021389K (57%)
----------------- Invoking toplevel() on ptolemy.moml.MoMLSimpleApplication@34451388
----------------- Done invoking toplevel() on ptolemy.moml.MoMLSimpleApplication@34451388
reloadAllAccessors: .TimeDelayMicrosteps2

===========================================================================================
----------------- testing Wed Jun 13 02:14:53 UTC 2018 /home/travis/build/icyphy/ptII/ptolemy/actor/lib/test/auto/TimeDelayMicrosteps3.xml
----------------- Instantiating /home/travis/build/icyphy/ptII/ptolemy/actor/lib/test/auto/TimeDelayMicrosteps3.xml
3 ms. Memory: 1781760K Free: 1008036K (57%)
----------------- Invoking toplevel() on ptolemy.moml.MoMLSimpleApplication@65f528e8
----------------- Done invoking toplevel() on ptolemy.moml.MoMLSimpleApplication@65f528e8
reloadAllAccessors: .TimeDelayMicrosteps3

===========================================================================================
----------------- testing Wed Jun 13 02:14:53 UTC 2018 /home/travis/build/icyphy/ptII/ptolemy/actor/lib/test/auto/TimeDelayVariableMicrosteps.xml
----------------- Instantiating /home/travis/build/icyphy/ptII/ptolemy/actor/lib/test/auto/TimeDelayVariableMicrosteps.xml
2 ms. Memory: 1781760K Free: 990399K (56%)
----------------- Invoking toplevel() on ptolemy.moml.MoMLSimpleApplication@185a74ad
----------------- Done invoking toplevel() on ptolemy.moml.MoMLSimpleApplication@185a74ad
reloadAllAccessors: .TimeDelayVariableMicrosteps

===========================================================================================
----------------- testing Wed Jun 13 02:14:53 UTC 2018 /home/travis/build/icyphy/ptII/ptolemy/actor/lib/test/auto/TimeGap.xml
----------------- Instantiating /home/travis/build/icyphy/ptII/ptolemy/actor/lib/test/auto/TimeGap.xml
2 ms. Memory: 1781760K Free: 977046K (55%)
----------------- Invoking toplevel() on ptolemy.moml.MoMLSimpleApplication@60446031
----------------- Done invoking toplevel() on ptolemy.moml.MoMLSimpleApplication@60446031
reloadAllAccessors: .TimeGap

===========================================================================================
----------------- testing Wed Jun 13 02:14:53 UTC 2018 /home/travis/build/icyphy/ptII/ptolemy/actor/lib/test/auto/TimeGap2.xml
----------------- Instantiating /home/travis/build/icyphy/ptII/ptolemy/actor/lib/test/auto/TimeGap2.xml
2 ms. Memory: 1781760K Free: 959409K (54%)
----------------- Invoking toplevel() on ptolemy.moml.MoMLSimpleApplication@6a5d872
----------------- Done invoking toplevel() on ptolemy.moml.MoMLSimpleApplication@6a5d872
reloadAllAccessors: .TimeGap2

===========================================================================================
----------------- testing Wed Jun 13 02:14:53 UTC 2018 /home/travis/build/icyphy/ptII/ptolemy/actor/lib/test/auto/TimedSinewave.xml
----------------- Instantiating /home/travis/build/icyphy/ptII/ptolemy/actor/lib/test/auto/TimedSinewave.xml
13 ms. Memory: 1781760K Free: 939364K (53%)
----------------- Invoking toplevel() on ptolemy.moml.MoMLSimpleApplication@3663018c
----------------- Done invoking toplevel() on ptolemy.moml.MoMLSimpleApplication@3663018c
reloadAllAccessors: .TimedSinewave

===========================================================================================
----------------- testing Wed Jun 13 02:14:53 UTC 2018 /home/travis/build/icyphy/ptII/ptolemy/actor/lib/test/auto/TimedSinewavePhase.xml
----------------- Instantiating /home/travis/build/icyphy/ptII/ptolemy/actor/lib/test/auto/TimedSinewavePhase.xml
9 ms. Memory: 1781760K Free: 921727K (52%)
----------------- Invoking toplevel() on ptolemy.moml.MoMLSimpleApplication@3afe12ef
----------------- Done invoking toplevel() on ptolemy.moml.MoMLSimpleApplication@3afe12ef
reloadAllAccessors: .TimedSinewavePhase

===========================================================================================
----------------- testing Wed Jun 13 02:14:53 UTC 2018 /home/travis/build/icyphy/ptII/ptolemy/actor/lib/test/auto/Timer.xml
----------------- Instantiating /home/travis/build/icyphy/ptII/ptolemy/actor/lib/test/auto/Timer.xml
2 ms. Memory: 1781760K Free: 904091K (51%)
----------------- Invoking toplevel() on ptolemy.moml.MoMLSimpleApplication@47b1bcc3
----------------- Done invoking toplevel() on ptolemy.moml.MoMLSimpleApplication@47b1bcc3
reloadAllAccessors: .Timer

===========================================================================================
----------------- testing Wed Jun 13 02:14:53 UTC 2018 /home/travis/build/icyphy/ptII/ptolemy/actor/lib/test/auto/TriangularDistTestModel.xml
----------------- Instantiating /home/travis/build/icyphy/ptII/ptolemy/actor/lib/test/auto/TriangularDistTestModel.xml
2 ms. Memory: 1781760K Free: 890738K (50%)
----------------- Invoking toplevel() on ptolemy.moml.MoMLSimpleApplication@3384752b
----------------- Done invoking toplevel() on ptolemy.moml.MoMLSimpleApplication@3384752b
reloadAllAccessors: .TriangularDistTestModel

===========================================================================================
----------------- testing Wed Jun 13 02:14:53 UTC 2018 /home/travis/build/icyphy/ptII/ptolemy/actor/lib/test/auto/TrigFunction.xml
----------------- Instantiating /home/travis/build/icyphy/ptII/ptolemy/actor/lib/test/auto/TrigFunction.xml
1 ms. Memory: 1781760K Free: 873102K (49%)
----------------- Invoking toplevel() on ptolemy.moml.MoMLSimpleApplication@59ab252f
----------------- Done invoking toplevel() on ptolemy.moml.MoMLSimpleApplication@59ab252f
reloadAllAccessors: .TrigFunction

===========================================================================================
----------------- testing Wed Jun 13 02:14:53 UTC 2018 /home/travis/build/icyphy/ptII/ptolemy/actor/lib/test/auto/TrigFunctionDE.xml
----------------- Instantiating /home/travis/build/icyphy/ptII/ptolemy/actor/lib/test/auto/TrigFunctionDE.xml
2 ms. Memory: 1781760K Free: 859749K (48%)
----------------- Invoking toplevel() on ptolemy.moml.MoMLSimpleApplication@13403fda
----------------- Done invoking toplevel() on ptolemy.moml.MoMLSimpleApplication@13403fda
reloadAllAccessors: .TrigFunctionDE

===========================================================================================
----------------- testing Wed Jun 13 02:14:53 UTC 2018 /home/travis/build/icyphy/ptII/ptolemy/actor/lib/test/auto/TrigFunctionInverse.xml
----------------- Instantiating /home/travis/build/icyphy/ptII/ptolemy/actor/lib/test/auto/TrigFunctionInverse.xml
2 ms. Memory: 1781760K Free: 842112K (47%)
----------------- Invoking toplevel() on ptolemy.moml.MoMLSimpleApplication@18dbc5e3
----------------- Done invoking toplevel() on ptolemy.moml.MoMLSimpleApplication@18dbc5e3
reloadAllAccessors: .TrigFunctionInverse

===========================================================================================
----------------- testing Wed Jun 13 02:14:53 UTC 2018 /home/travis/build/icyphy/ptII/ptolemy/actor/lib/test/auto/TrigFunctionTan.xml
----------------- Instantiating /home/travis/build/icyphy/ptII/ptolemy/actor/lib/test/auto/TrigFunctionTan.xml
1 ms. Memory: 1781760K Free: 824476K (46%)
----------------- Invoking toplevel() on ptolemy.moml.MoMLSimpleApplication@771bce83
----------------- Done invoking toplevel() on ptolemy.moml.MoMLSimpleApplication@771bce83
reloadAllAccessors: .TrigFunctionTan

===========================================================================================
----------------- testing Wed Jun 13 02:14:53 UTC 2018 /home/travis/build/icyphy/ptII/ptolemy/actor/lib/test/auto/TriggeredClock.xml
----------------- Instantiating /home/travis/build/icyphy/ptII/ptolemy/actor/lib/test/auto/TriggeredClock.xml
1 ms. Memory: 1781760K Free: 811123K (46%)
----------------- Invoking toplevel() on ptolemy.moml.MoMLSimpleApplication@2f76e877
----------------- Done invoking toplevel() on ptolemy.moml.MoMLSimpleApplication@2f76e877
reloadAllAccessors: .TriggeredClock

===========================================================================================
----------------- testing Wed Jun 13 02:14:53 UTC 2018 /home/travis/build/icyphy/ptII/ptolemy/actor/lib/test/auto/URLDirectoryReader.xml
----------------- Instantiating /home/travis/build/icyphy/ptII/ptolemy/actor/lib/test/auto/URLDirectoryReader.xml
24 ms. Memory: 1781760K Free: 793486K (45%)
----------------- Invoking toplevel() on ptolemy.moml.MoMLSimpleApplication@37cd7afe
----------------- Done invoking toplevel() on ptolemy.moml.MoMLSimpleApplication@37cd7afe
reloadAllAccessors: .URLDirectoryReader

===========================================================================================
----------------- testing Wed Jun 13 02:14:53 UTC 2018 /home/travis/build/icyphy/ptII/ptolemy/actor/lib/test/auto/URLDirectoryReader3.xml
----------------- Instantiating /home/travis/build/icyphy/ptII/ptolemy/actor/lib/test/auto/URLDirectoryReader3.xml
1075 ms. Memory: 1781760K Free: 746751K (42%)
----------------- Invoking toplevel() on ptolemy.moml.MoMLSimpleApplication@39d9e22c
----------------- Done invoking toplevel() on ptolemy.moml.MoMLSimpleApplication@39d9e22c
reloadAllAccessors: .URLDirectoryReader3

===========================================================================================
----------------- testing Wed Jun 13 02:14:54 UTC 2018 /home/travis/build/icyphy/ptII/ptolemy/actor/lib/test/auto/UnaryMathFunction.xml
----------------- Instantiating /home/travis/build/icyphy/ptII/ptolemy/actor/lib/test/auto/UnaryMathFunction.xml
10 ms. Memory: 1781760K Free: 729114K (41%)
----------------- Invoking toplevel() on ptolemy.moml.MoMLSimpleApplication@59134fb1
----------------- Done invoking toplevel() on ptolemy.moml.MoMLSimpleApplication@59134fb1
reloadAllAccessors: .UnaryMathFunction

===========================================================================================
----------------- testing Wed Jun 13 02:14:54 UTC 2018 /home/travis/build/icyphy/ptII/ptolemy/actor/lib/test/auto/Uniform.xml
----------------- Instantiating /home/travis/build/icyphy/ptII/ptolemy/actor/lib/test/auto/Uniform.xml
9 ms. Memory: 1781760K Free: 711477K (40%)
----------------- Invoking toplevel() on ptolemy.moml.MoMLSimpleApplication@358ba28b
----------------- Done invoking toplevel() on ptolemy.moml.MoMLSimpleApplication@358ba28b
reloadAllAccessors: .Uniform

===========================================================================================
----------------- testing Wed Jun 13 02:14:54 UTC 2018 /home/travis/build/icyphy/ptII/ptolemy/actor/lib/test/auto/UnionDisassemblerTest.xml
----------------- Instantiating /home/travis/build/icyphy/ptII/ptolemy/actor/lib/test/auto/UnionDisassemblerTest.xml
15 ms. Memory: 1781760K Free: 698124K (39%)
----------------- Invoking toplevel() on ptolemy.moml.MoMLSimpleApplication@5449da4f
----------------- Done invoking toplevel() on ptolemy.moml.MoMLSimpleApplication@5449da4f
reloadAllAccessors: .UnionDisassemblerTest

===========================================================================================
----------------- testing Wed Jun 13 02:14:54 UTC 2018 /home/travis/build/icyphy/ptII/ptolemy/actor/lib/test/auto/UtilityFunctions.xml
----------------- Instantiating /home/travis/build/icyphy/ptII/ptolemy/actor/lib/test/auto/UtilityFunctions.xml
9 ms. Memory: 1781760K Free: 680488K (38%)
----------------- Invoking toplevel() on ptolemy.moml.MoMLSimpleApplication@6a5fde2d
----------------- Done invoking toplevel() on ptolemy.moml.MoMLSimpleApplication@6a5fde2d
reloadAllAccessors: .UtilityFunctions

===========================================================================================
----------------- testing Wed Jun 13 02:14:54 UTC 2018 /home/travis/build/icyphy/ptII/ptolemy/actor/lib/test/auto/VariableSleep.xml
----------------- Instantiating /home/travis/build/icyphy/ptII/ptolemy/actor/lib/test/auto/VariableSleep.xml
511 ms. Memory: 1781760K Free: 667135K (37%)
----------------- Invoking toplevel() on ptolemy.moml.MoMLSimpleApplication@aa1fad6
----------------- Done invoking toplevel() on ptolemy.moml.MoMLSimpleApplication@aa1fad6
reloadAllAccessors: .VariableSleep

===========================================================================================
----------------- testing Wed Jun 13 02:14:55 UTC 2018 /home/travis/build/icyphy/ptII/ptolemy/actor/lib/test/auto/VectorAssemblerDisassemblerCT.xml
----------------- Instantiating /home/travis/build/icyphy/ptII/ptolemy/actor/lib/test/auto/VectorAssemblerDisassemblerCT.xml
61 ms. Memory: 1781760K Free: 636137K (36%)
----------------- Invoking toplevel() on ptolemy.moml.MoMLSimpleApplication@236b52ba
----------------- Done invoking toplevel() on ptolemy.moml.MoMLSimpleApplication@236b52ba
reloadAllAccessors: .VectorAssemblerDisassemblerCT

===========================================================================================
----------------- testing Wed Jun 13 02:14:55 UTC 2018 /home/travis/build/icyphy/ptII/ptolemy/actor/lib/test/auto/VectorAssemblerDisassemblerDE.xml
----------------- Instantiating /home/travis/build/icyphy/ptII/ptolemy/actor/lib/test/auto/VectorAssemblerDisassemblerDE.xml
2 ms. Memory: 1781760K Free: 622784K (35%)
----------------- Invoking toplevel() on ptolemy.moml.MoMLSimpleApplication@f05f84a
----------------- Done invoking toplevel() on ptolemy.moml.MoMLSimpleApplication@f05f84a
reloadAllAccessors: .VectorAssemblerDisassemblerDE

===========================================================================================
----------------- testing Wed Jun 13 02:14:55 UTC 2018 /home/travis/build/icyphy/ptII/ptolemy/actor/lib/test/auto/VectorAssemblerDisassemblerSDF.xml
----------------- Instantiating /home/travis/build/icyphy/ptII/ptolemy/actor/lib/test/auto/VectorAssemblerDisassemblerSDF.xml
2 ms. Memory: 1781760K Free: 605148K (34%)
----------------- Invoking toplevel() on ptolemy.moml.MoMLSimpleApplication@59d8917f
----------------- Done invoking toplevel() on ptolemy.moml.MoMLSimpleApplication@59d8917f
reloadAllAccessors: .VectorAssemblerDisassemblerSDF

===========================================================================================
----------------- testing Wed Jun 13 02:14:55 UTC 2018 /home/travis/build/icyphy/ptII/ptolemy/actor/lib/test/auto/WallClockTime.xml
----------------- Instantiating /home/travis/build/icyphy/ptII/ptolemy/actor/lib/test/auto/WallClockTime.xml
1004 ms. Memory: 1781760K Free: 587511K (33%)
----------------- Invoking toplevel() on ptolemy.moml.MoMLSimpleApplication@331de6e1
----------------- Done invoking toplevel() on ptolemy.moml.MoMLSimpleApplication@331de6e1
reloadAllAccessors: .WallClockTime

===========================================================================================
----------------- testing Wed Jun 13 02:14:56 UTC 2018 /home/travis/build/icyphy/ptII/ptolemy/actor/lib/test/auto/WidthTestWithSubscriberPublisher.xml
----------------- Instantiating /home/travis/build/icyphy/ptII/ptolemy/actor/lib/test/auto/WidthTestWithSubscriberPublisher.xml
6 ms. Memory: 1781760K Free: 560789K (31%)
----------------- Invoking toplevel() on ptolemy.moml.MoMLSimpleApplication@5fe38525
----------------- Done invoking toplevel() on ptolemy.moml.MoMLSimpleApplication@5fe38525
reloadAllAccessors: .WidthTestWithSubscriberPublisher

===========================================================================================
----------------- testing Wed Jun 13 02:14:56 UTC 2018 /home/travis/build/icyphy/ptII/ptolemy/actor/lib/test/auto/WidthTestWithSubscriberPublisher2.xml
----------------- Instantiating /home/travis/build/icyphy/ptII/ptolemy/actor/lib/test/auto/WidthTestWithSubscriberPublisher2.xml
2 ms. Memory: 1781760K Free: 543153K (30%)
----------------- Invoking toplevel() on ptolemy.moml.MoMLSimpleApplication@5780bbc9
----------------- Done invoking toplevel() on ptolemy.moml.MoMLSimpleApplication@5780bbc9
reloadAllAccessors: .WidthTestWithSubscriberPublisher2

===========================================================================================
----------------- testing Wed Jun 13 02:14:56 UTC 2018 /home/travis/build/icyphy/ptII/ptolemy/actor/lib/test/auto/WidthTestWithSubscriberPublisher3.xml
----------------- Instantiating /home/travis/build/icyphy/ptII/ptolemy/actor/lib/test/auto/WidthTestWithSubscriberPublisher3.xml
3 ms. Memory: 1781760K Free: 529800K (30%)
----------------- Invoking toplevel() on ptolemy.moml.MoMLSimpleApplication@4d888ae2
----------------- Done invoking toplevel() on ptolemy.moml.MoMLSimpleApplication@4d888ae2
reloadAllAccessors: .WidthTestWithSubscriberPublisher3

===========================================================================================
----------------- testing Wed Jun 13 02:14:56 UTC 2018 /home/travis/build/icyphy/ptII/ptolemy/actor/lib/test/auto/Writer.xml
----------------- Instantiating /home/travis/build/icyphy/ptII/ptolemy/actor/lib/test/auto/Writer.xml
0
1
2
3
4
1 ms. Memory: 1781760K Free: 512163K (29%)
----------------- Invoking toplevel() on ptolemy.moml.MoMLSimpleApplication@34da9b85
----------------- Done invoking toplevel() on ptolemy.moml.MoMLSimpleApplication@34da9b85
reloadAllAccessors: .Writer

===========================================================================================
----------------- testing Wed Jun 13 02:14:56 UTC 2018 /home/travis/build/icyphy/ptII/ptolemy/actor/lib/test/auto/array.xml
----------------- Instantiating /home/travis/build/icyphy/ptII/ptolemy/actor/lib/test/auto/array.xml
1 ms. Memory: 1781760K Free: 494527K (28%)
----------------- Invoking toplevel() on ptolemy.moml.MoMLSimpleApplication@4de31d2
----------------- Done invoking toplevel() on ptolemy.moml.MoMLSimpleApplication@4de31d2
reloadAllAccessors: .array

===========================================================================================
----------------- testing Wed Jun 13 02:14:56 UTC 2018 /home/travis/build/icyphy/ptII/ptolemy/actor/lib/test/auto/array2.xml
----------------- Instantiating /home/travis/build/icyphy/ptII/ptolemy/actor/lib/test/auto/array2.xml
6 ms. Memory: 1781760K Free: 481174K (27%)
----------------- Invoking toplevel() on ptolemy.moml.MoMLSimpleApplication@9f70133
----------------- Done invoking toplevel() on ptolemy.moml.MoMLSimpleApplication@9f70133
reloadAllAccessors: .array2

===========================================================================================
----------------- testing Wed Jun 13 02:14:56 UTC 2018 /home/travis/build/icyphy/ptII/ptolemy/actor/lib/test/auto/arrayType.xml
----------------- Instantiating /home/travis/build/icyphy/ptII/ptolemy/actor/lib/test/auto/arrayType.xml
6 ms. Memory: 1781760K Free: 463537K (26%)
----------------- Invoking toplevel() on ptolemy.moml.MoMLSimpleApplication@a37cdf
----------------- Done invoking toplevel() on ptolemy.moml.MoMLSimpleApplication@a37cdf
reloadAllAccessors: .arrayType

===========================================================================================
----------------- testing Wed Jun 13 02:14:56 UTC 2018 /home/travis/build/icyphy/ptII/ptolemy/actor/lib/test/auto/arrayType10.xml
----------------- Instantiating /home/travis/build/icyphy/ptII/ptolemy/actor/lib/test/auto/arrayType10.xml
1 ms. Memory: 1781760K Free: 450184K (25%)
----------------- Invoking toplevel() on ptolemy.moml.MoMLSimpleApplication@34374bca
----------------- Done invoking toplevel() on ptolemy.moml.MoMLSimpleApplication@34374bca
reloadAllAccessors: .arrayType10

===========================================================================================
----------------- testing Wed Jun 13 02:14:56 UTC 2018 /home/travis/build/icyphy/ptII/ptolemy/actor/lib/test/auto/arrayType11.xml
----------------- Instantiating /home/travis/build/icyphy/ptII/ptolemy/actor/lib/test/auto/arrayType11.xml
1 ms. Memory: 1781760K Free: 432548K (24%)
----------------- Invoking toplevel() on ptolemy.moml.MoMLSimpleApplication@553fe72b
----------------- Done invoking toplevel() on ptolemy.moml.MoMLSimpleApplication@553fe72b
reloadAllAccessors: .arrayType11

===========================================================================================
----------------- testing Wed Jun 13 02:14:56 UTC 2018 /home/travis/build/icyphy/ptII/ptolemy/actor/lib/test/auto/arrayType12.xml
----------------- Instantiating /home/travis/build/icyphy/ptII/ptolemy/actor/lib/test/auto/arrayType12.xml
2 ms. Memory: 1781760K Free: 414911K (23%)
----------------- Invoking toplevel() on ptolemy.moml.MoMLSimpleApplication@76fcbc28
----------------- Done invoking toplevel() on ptolemy.moml.MoMLSimpleApplication@76fcbc28
reloadAllAccessors: .arrayType12

===========================================================================================
----------------- testing Wed Jun 13 02:14:56 UTC 2018 /home/travis/build/icyphy/ptII/ptolemy/actor/lib/test/auto/arrayType13.xml
----------------- Instantiating /home/travis/build/icyphy/ptII/ptolemy/actor/lib/test/auto/arrayType13.xml
4 ms. Memory: 1781760K Free: 401558K (23%)
----------------- Invoking toplevel() on ptolemy.moml.MoMLSimpleApplication@525ec57e
----------------- Done invoking toplevel() on ptolemy.moml.MoMLSimpleApplication@525ec57e
reloadAllAccessors: .arrayType13

===========================================================================================
----------------- testing Wed Jun 13 02:14:56 UTC 2018 /home/travis/build/icyphy/ptII/ptolemy/actor/lib/test/auto/arrayType14.xml
----------------- Instantiating /home/travis/build/icyphy/ptII/ptolemy/actor/lib/test/auto/arrayType14.xml
2 ms. Memory: 1781760K Free: 383921K (22%)
----------------- Invoking toplevel() on ptolemy.moml.MoMLSimpleApplication@2f8a6c18
----------------- Done invoking toplevel() on ptolemy.moml.MoMLSimpleApplication@2f8a6c18
reloadAllAccessors: .arrayType14

===========================================================================================
----------------- testing Wed Jun 13 02:14:56 UTC 2018 /home/travis/build/icyphy/ptII/ptolemy/actor/lib/test/auto/arrayType15.xml
----------------- Instantiating /home/travis/build/icyphy/ptII/ptolemy/actor/lib/test/auto/arrayType15.xml
1 ms. Memory: 1781760K Free: 370568K (21%)
----------------- Invoking toplevel() on ptolemy.moml.MoMLSimpleApplication@77b3bede
----------------- Done invoking toplevel() on ptolemy.moml.MoMLSimpleApplication@77b3bede
reloadAllAccessors: .arrayType15

===========================================================================================
----------------- testing Wed Jun 13 02:14:56 UTC 2018 /home/travis/build/icyphy/ptII/ptolemy/actor/lib/test/auto/arrayType16.xml
----------------- Instantiating /home/travis/build/icyphy/ptII/ptolemy/actor/lib/test/auto/arrayType16.xml
1 ms. Memory: 1781760K Free: 352932K (20%)
----------------- Invoking toplevel() on ptolemy.moml.MoMLSimpleApplication@1f6c60d8
----------------- Done invoking toplevel() on ptolemy.moml.MoMLSimpleApplication@1f6c60d8
reloadAllAccessors: .arrayType16

===========================================================================================
----------------- testing Wed Jun 13 02:14:56 UTC 2018 /home/travis/build/icyphy/ptII/ptolemy/actor/lib/test/auto/arrayType17.xml
----------------- Instantiating /home/travis/build/icyphy/ptII/ptolemy/actor/lib/test/auto/arrayType17.xml
1 ms. Memory: 1781760K Free: 335295K (19%)
----------------- Invoking toplevel() on ptolemy.moml.MoMLSimpleApplication@723a37f
----------------- Done invoking toplevel() on ptolemy.moml.MoMLSimpleApplication@723a37f
reloadAllAccessors: .arrayType17

===========================================================================================
----------------- testing Wed Jun 13 02:14:56 UTC 2018 /home/travis/build/icyphy/ptII/ptolemy/actor/lib/test/auto/arrayType18.xml
----------------- Instantiating /home/travis/build/icyphy/ptII/ptolemy/actor/lib/test/auto/arrayType18.xml
1 ms. Memory: 1781760K Free: 321942K (18%)
----------------- Invoking toplevel() on ptolemy.moml.MoMLSimpleApplication@41b0b869
----------------- Done invoking toplevel() on ptolemy.moml.MoMLSimpleApplication@41b0b869
reloadAllAccessors: .arrayType18

===========================================================================================
----------------- testing Wed Jun 13 02:14:56 UTC 2018 /home/travis/build/icyphy/ptII/ptolemy/actor/lib/test/auto/arrayType19.xml
----------------- Instantiating /home/travis/build/icyphy/ptII/ptolemy/actor/lib/test/auto/arrayType19.xml
1 ms. Memory: 1781760K Free: 304306K (17%)
----------------- Invoking toplevel() on ptolemy.moml.MoMLSimpleApplication@38b12170
----------------- Done invoking toplevel() on ptolemy.moml.MoMLSimpleApplication@38b12170
reloadAllAccessors: .arrayType19

===========================================================================================
----------------- testing Wed Jun 13 02:14:56 UTC 2018 /home/travis/build/icyphy/ptII/ptolemy/actor/lib/test/auto/arrayType2.xml
----------------- Instantiating /home/travis/build/icyphy/ptII/ptolemy/actor/lib/test/auto/arrayType2.xml
1 ms. Memory: 1781760K Free: 290953K (16%)
----------------- Invoking toplevel() on ptolemy.moml.MoMLSimpleApplication@20174ce3
----------------- Done invoking toplevel() on ptolemy.moml.MoMLSimpleApplication@20174ce3
reloadAllAccessors: .arrayType2

===========================================================================================
----------------- testing Wed Jun 13 02:14:56 UTC 2018 /home/travis/build/icyphy/ptII/ptolemy/actor/lib/test/auto/arrayType20.xml
----------------- Instantiating /home/travis/build/icyphy/ptII/ptolemy/actor/lib/test/auto/arrayType20.xml
1 ms. Memory: 1781760K Free: 273317K (15%)
----------------- Invoking toplevel() on ptolemy.moml.MoMLSimpleApplication@76fe9a47
----------------- Done invoking toplevel() on ptolemy.moml.MoMLSimpleApplication@76fe9a47
reloadAllAccessors: .arrayType20

===========================================================================================
----------------- testing Wed Jun 13 02:14:56 UTC 2018 /home/travis/build/icyphy/ptII/ptolemy/actor/lib/test/auto/arrayType21.xml
----------------- Instantiating /home/travis/build/icyphy/ptII/ptolemy/actor/lib/test/auto/arrayType21.xml
9 ms. Memory: 1781760K Free: 255680K (14%)
----------------- Invoking toplevel() on ptolemy.moml.MoMLSimpleApplication@66089833
----------------- Done invoking toplevel() on ptolemy.moml.MoMLSimpleApplication@66089833
reloadAllAccessors: .arrayType21

===========================================================================================
----------------- testing Wed Jun 13 02:14:56 UTC 2018 /home/travis/build/icyphy/ptII/ptolemy/actor/lib/test/auto/arrayType22.xml
----------------- Instantiating /home/travis/build/icyphy/ptII/ptolemy/actor/lib/test/auto/arrayType22.xml
1 ms. Memory: 1781760K Free: 242327K (14%)
----------------- Invoking toplevel() on ptolemy.moml.MoMLSimpleApplication@56266c8c
----------------- Done invoking toplevel() on ptolemy.moml.MoMLSimpleApplication@56266c8c
reloadAllAccessors: .arrayType22

===========================================================================================
----------------- testing Wed Jun 13 02:14:56 UTC 2018 /home/travis/build/icyphy/ptII/ptolemy/actor/lib/test/auto/arrayType23.xml
----------------- Instantiating /home/travis/build/icyphy/ptII/ptolemy/actor/lib/test/auto/arrayType23.xml
1 ms. Memory: 1781760K Free: 224691K (13%)
----------------- Invoking toplevel() on ptolemy.moml.MoMLSimpleApplication@10c798c3
----------------- Done invoking toplevel() on ptolemy.moml.MoMLSimpleApplication@10c798c3
reloadAllAccessors: .arrayType23

===========================================================================================
----------------- testing Wed Jun 13 02:14:56 UTC 2018 /home/travis/build/icyphy/ptII/ptolemy/actor/lib/test/auto/arrayType24.xml
----------------- Instantiating /home/travis/build/icyphy/ptII/ptolemy/actor/lib/test/auto/arrayType24.xml
4 ms. Memory: 1781760K Free: 211338K (12%)
----------------- Invoking toplevel() on ptolemy.moml.MoMLSimpleApplication@41a13f26
----------------- Done invoking toplevel() on ptolemy.moml.MoMLSimpleApplication@41a13f26
reloadAllAccessors: .arrayType24

===========================================================================================
----------------- testing Wed Jun 13 02:14:57 UTC 2018 /home/travis/build/icyphy/ptII/ptolemy/actor/lib/test/auto/arrayType25.xml
----------------- Instantiating /home/travis/build/icyphy/ptII/ptolemy/actor/lib/test/auto/arrayType25.xml
1 ms. Memory: 1781760K Free: 193701K (11%)
----------------- Invoking toplevel() on ptolemy.moml.MoMLSimpleApplication@68276932
----------------- Done invoking toplevel() on ptolemy.moml.MoMLSimpleApplication@68276932
reloadAllAccessors: .arrayType25

===========================================================================================
----------------- testing Wed Jun 13 02:14:57 UTC 2018 /home/travis/build/icyphy/ptII/ptolemy/actor/lib/test/auto/arrayType26.xml
----------------- Instantiating /home/travis/build/icyphy/ptII/ptolemy/actor/lib/test/auto/arrayType26.xml
1 ms. Memory: 1781760K Free: 176065K (10%)
----------------- Invoking toplevel() on ptolemy.moml.MoMLSimpleApplication@5a2bc648
----------------- Done invoking toplevel() on ptolemy.moml.MoMLSimpleApplication@5a2bc648
reloadAllAccessors: .arrayType26

===========================================================================================
----------------- testing Wed Jun 13 02:14:57 UTC 2018 /home/travis/build/icyphy/ptII/ptolemy/actor/lib/test/auto/arrayType27.xml
----------------- Instantiating /home/travis/build/icyphy/ptII/ptolemy/actor/lib/test/auto/arrayType27.xml
2 ms. Memory: 1781760K Free: 162712K (9%)
----------------- Invoking toplevel() on ptolemy.moml.MoMLSimpleApplication@5690649d
----------------- Done invoking toplevel() on ptolemy.moml.MoMLSimpleApplication@5690649d
reloadAllAccessors: .arrayType27

===========================================================================================
----------------- testing Wed Jun 13 02:14:57 UTC 2018 /home/travis/build/icyphy/ptII/ptolemy/actor/lib/test/auto/arrayType28.xml
----------------- Instantiating /home/travis/build/icyphy/ptII/ptolemy/actor/lib/test/auto/arrayType28.xml
1 ms. Memory: 1781760K Free: 145075K (8%)
----------------- Invoking toplevel() on ptolemy.moml.MoMLSimpleApplication@b3d1c94
----------------- Done invoking toplevel() on ptolemy.moml.MoMLSimpleApplication@b3d1c94
reloadAllAccessors: .arrayType28

===========================================================================================
----------------- testing Wed Jun 13 02:14:57 UTC 2018 /home/travis/build/icyphy/ptII/ptolemy/actor/lib/test/auto/arrayType3.xml
----------------- Instantiating /home/travis/build/icyphy/ptII/ptolemy/actor/lib/test/auto/arrayType3.xml
2 ms. Memory: 1781760K Free: 131722K (7%)
----------------- Invoking toplevel() on ptolemy.moml.MoMLSimpleApplication@409eae4f
----------------- Done invoking toplevel() on ptolemy.moml.MoMLSimpleApplication@409eae4f
reloadAllAccessors: .arrayType3

===========================================================================================
----------------- testing Wed Jun 13 02:14:57 UTC 2018 /home/travis/build/icyphy/ptII/ptolemy/actor/lib/test/auto/arrayType4.xml
----------------- Instantiating /home/travis/build/icyphy/ptII/ptolemy/actor/lib/test/auto/arrayType4.xml
1 ms. Memory: 1781760K Free: 114086K (6%)
----------------- Invoking toplevel() on ptolemy.moml.MoMLSimpleApplication@2233fa2c
----------------- Done invoking toplevel() on ptolemy.moml.MoMLSimpleApplication@2233fa2c
reloadAllAccessors: .arrayType4

===========================================================================================
----------------- testing Wed Jun 13 02:14:57 UTC 2018 /home/travis/build/icyphy/ptII/ptolemy/actor/lib/test/auto/arrayType5.xml
----------------- Instantiating /home/travis/build/icyphy/ptII/ptolemy/actor/lib/test/auto/arrayType5.xml
1 ms. Memory: 1781760K Free: 96449K (5%)
----------------- Invoking toplevel() on ptolemy.moml.MoMLSimpleApplication@7426648e
----------------- Done invoking toplevel() on ptolemy.moml.MoMLSimpleApplication@7426648e
reloadAllAccessors: .arrayType5

===========================================================================================
----------------- testing Wed Jun 13 02:14:57 UTC 2018 /home/travis/build/icyphy/ptII/ptolemy/actor/lib/test/auto/arrayType6.xml
----------------- Instantiating /home/travis/build/icyphy/ptII/ptolemy/actor/lib/test/auto/arrayType6.xml
1 ms. Memory: 1781760K Free: 83096K (5%)
----------------- Invoking toplevel() on ptolemy.moml.MoMLSimpleApplication@6d045df2
----------------- Done invoking toplevel() on ptolemy.moml.MoMLSimpleApplication@6d045df2
reloadAllAccessors: .arrayType6

===========================================================================================
----------------- testing Wed Jun 13 02:14:57 UTC 2018 /home/travis/build/icyphy/ptII/ptolemy/actor/lib/test/auto/arrayType7.xml
----------------- Instantiating /home/travis/build/icyphy/ptII/ptolemy/actor/lib/test/auto/arrayType7.xml
17 ms. Memory: 1782784K Free: 1731820K (97%)
----------------- Invoking toplevel() on ptolemy.moml.MoMLSimpleApplication@39233b3b
----------------- Done invoking toplevel() on ptolemy.moml.MoMLSimpleApplication@39233b3b
reloadAllAccessors: .arrayType7

===========================================================================================
----------------- testing Wed Jun 13 02:14:57 UTC 2018 /home/travis/build/icyphy/ptII/ptolemy/actor/lib/test/auto/arrayType8.xml
----------------- Instantiating /home/travis/build/icyphy/ptII/ptolemy/actor/lib/test/auto/arrayType8.xml
1 ms. Memory: 1782784K Free: 1703553K (96%)
----------------- Invoking toplevel() on ptolemy.moml.MoMLSimpleApplication@358103d
----------------- Done invoking toplevel() on ptolemy.moml.MoMLSimpleApplication@358103d
reloadAllAccessors: .arrayType8

===========================================================================================
----------------- testing Wed Jun 13 02:14:57 UTC 2018 /home/travis/build/icyphy/ptII/ptolemy/actor/lib/test/auto/arrayType9.xml
----------------- Instantiating /home/travis/build/icyphy/ptII/ptolemy/actor/lib/test/auto/arrayType9.xml
1 ms. Memory: 1782784K Free: 1685695K (95%)
----------------- Invoking toplevel() on ptolemy.moml.MoMLSimpleApplication@3115365
----------------- Done invoking toplevel() on ptolemy.moml.MoMLSimpleApplication@3115365
reloadAllAccessors: .arrayType9

===========================================================================================
----------------- testing Wed Jun 13 02:14:57 UTC 2018 /home/travis/build/icyphy/ptII/ptolemy/actor/lib/test/auto/cast.xml
----------------- Instantiating /home/travis/build/icyphy/ptII/ptolemy/actor/lib/test/auto/cast.xml
2 ms. Memory: 1782784K Free: 1672317K (94%)
----------------- Invoking toplevel() on ptolemy.moml.MoMLSimpleApplication@1cbdb3c4
----------------- Done invoking toplevel() on ptolemy.moml.MoMLSimpleApplication@1cbdb3c4
reloadAllAccessors: .cast

===========================================================================================
----------------- testing Wed Jun 13 02:14:57 UTC 2018 /home/travis/build/icyphy/ptII/ptolemy/actor/lib/test/auto/compositeMultiPort.xml
----------------- Instantiating /home/travis/build/icyphy/ptII/ptolemy/actor/lib/test/auto/compositeMultiPort.xml
3 ms. Memory: 1782784K Free: 1654459K (93%)
----------------- Invoking toplevel() on ptolemy.moml.MoMLSimpleApplication@79a13d8e
----------------- Done invoking toplevel() on ptolemy.moml.MoMLSimpleApplication@79a13d8e
reloadAllAccessors: .compositeMultiPort

===========================================================================================
----------------- testing Wed Jun 13 02:14:57 UTC 2018 /home/travis/build/icyphy/ptII/ptolemy/actor/lib/test/auto/expressionCastInference.xml
----------------- Instantiating /home/travis/build/icyphy/ptII/ptolemy/actor/lib/test/auto/expressionCastInference.xml
2 ms. Memory: 1782784K Free: 1641082K (92%)
----------------- Invoking toplevel() on ptolemy.moml.MoMLSimpleApplication@3a69800a
----------------- Done invoking toplevel() on ptolemy.moml.MoMLSimpleApplication@3a69800a
reloadAllAccessors: .expressionCastInference

===========================================================================================
----------------- testing Wed Jun 13 02:14:57 UTC 2018 /home/travis/build/icyphy/ptII/ptolemy/actor/lib/test/auto/expressionCastInference2.xml
----------------- Instantiating /home/travis/build/icyphy/ptII/ptolemy/actor/lib/test/auto/expressionCastInference2.xml
1 ms. Memory: 1782784K Free: 1623223K (91%)
----------------- Invoking toplevel() on ptolemy.moml.MoMLSimpleApplication@35f84118
----------------- Done invoking toplevel() on ptolemy.moml.MoMLSimpleApplication@35f84118
reloadAllAccessors: .expressionCastInference2

===========================================================================================
----------------- testing Wed Jun 13 02:14:57 UTC 2018 /home/travis/build/icyphy/ptII/ptolemy/actor/lib/test/auto/expressionInference.xml
----------------- Instantiating /home/travis/build/icyphy/ptII/ptolemy/actor/lib/test/auto/expressionInference.xml
1 ms. Memory: 1782784K Free: 1605365K (90%)
----------------- Invoking toplevel() on ptolemy.moml.MoMLSimpleApplication@4d054bd2
----------------- Done invoking toplevel() on ptolemy.moml.MoMLSimpleApplication@4d054bd2
reloadAllAccessors: .expressionInference

===========================================================================================
----------------- testing Wed Jun 13 02:14:57 UTC 2018 /home/travis/build/icyphy/ptII/ptolemy/actor/lib/test/auto/expression_bug.xml
----------------- Instantiating /home/travis/build/icyphy/ptII/ptolemy/actor/lib/test/auto/expression_bug.xml
1 ms. Memory: 1782784K Free: 1591988K (89%)
----------------- Invoking toplevel() on ptolemy.moml.MoMLSimpleApplication@6b70af6f
----------------- Done invoking toplevel() on ptolemy.moml.MoMLSimpleApplication@6b70af6f
reloadAllAccessors: .expression_bug

===========================================================================================
----------------- testing Wed Jun 13 02:14:57 UTC 2018 /home/travis/build/icyphy/ptII/ptolemy/actor/lib/test/auto/factorial.xml
----------------- Instantiating /home/travis/build/icyphy/ptII/ptolemy/actor/lib/test/auto/factorial.xml
27 ms. Memory: 1782784K Free: 1574090K (88%)
----------------- Invoking toplevel() on ptolemy.moml.MoMLSimpleApplication@780dbca7
----------------- Done invoking toplevel() on ptolemy.moml.MoMLSimpleApplication@780dbca7
reloadAllAccessors: .factorial

===========================================================================================
----------------- testing Wed Jun 13 02:14:57 UTC 2018 /home/travis/build/icyphy/ptII/ptolemy/actor/lib/test/auto/filterTest1.xml
----------------- Instantiating /home/travis/build/icyphy/ptII/ptolemy/actor/lib/test/auto/filterTest1.xml
4 ms. Memory: 1782784K Free: 1560712K (88%)
----------------- Invoking toplevel() on ptolemy.moml.MoMLSimpleApplication@50ae3eb2
----------------- Done invoking toplevel() on ptolemy.moml.MoMLSimpleApplication@50ae3eb2
reloadAllAccessors: .filterTest1

===========================================================================================
----------------- testing Wed Jun 13 02:14:57 UTC 2018 /home/travis/build/icyphy/ptII/ptolemy/actor/lib/test/auto/funcApplyInConst.xml
----------------- Instantiating /home/travis/build/icyphy/ptII/ptolemy/actor/lib/test/auto/funcApplyInConst.xml
1 ms. Memory: 1782784K Free: 1542854K (87%)
----------------- Invoking toplevel() on ptolemy.moml.MoMLSimpleApplication@8b3994c
----------------- Done invoking toplevel() on ptolemy.moml.MoMLSimpleApplication@8b3994c
reloadAllAccessors: .funcApplyInConst

===========================================================================================
----------------- testing Wed Jun 13 02:14:57 UTC 2018 /home/travis/build/icyphy/ptII/ptolemy/actor/lib/test/auto/funcApplyInExpr.xml
----------------- Instantiating /home/travis/build/icyphy/ptII/ptolemy/actor/lib/test/auto/funcApplyInExpr.xml
1 ms. Memory: 1782784K Free: 1529476K (86%)
----------------- Invoking toplevel() on ptolemy.moml.MoMLSimpleApplication@5fac77c6
----------------- Done invoking toplevel() on ptolemy.moml.MoMLSimpleApplication@5fac77c6
reloadAllAccessors: .funcApplyInExpr

===========================================================================================
----------------- testing Wed Jun 13 02:14:57 UTC 2018 /home/travis/build/icyphy/ptII/ptolemy/actor/lib/test/auto/function.xml
----------------- Instantiating /home/travis/build/icyphy/ptII/ptolemy/actor/lib/test/auto/function.xml
2 ms. Memory: 1782784K Free: 1511619K (85%)
----------------- Invoking toplevel() on ptolemy.moml.MoMLSimpleApplication@a6f6076
----------------- Done invoking toplevel() on ptolemy.moml.MoMLSimpleApplication@a6f6076
reloadAllAccessors: .function

===========================================================================================
----------------- testing Wed Jun 13 02:14:57 UTC 2018 /home/travis/build/icyphy/ptII/ptolemy/actor/lib/test/auto/function2.xml
----------------- Instantiating /home/travis/build/icyphy/ptII/ptolemy/actor/lib/test/auto/function2.xml
2 ms. Memory: 1782784K Free: 1493761K (84%)
----------------- Invoking toplevel() on ptolemy.moml.MoMLSimpleApplication@4bff0a9c
----------------- Done invoking toplevel() on ptolemy.moml.MoMLSimpleApplication@4bff0a9c
reloadAllAccessors: .function2

===========================================================================================
----------------- testing Wed Jun 13 02:14:57 UTC 2018 /home/travis/build/icyphy/ptII/ptolemy/actor/lib/test/auto/function3.xml
----------------- Instantiating /home/travis/build/icyphy/ptII/ptolemy/actor/lib/test/auto/function3.xml
1 ms. Memory: 1782784K Free: 1480383K (83%)
----------------- Invoking toplevel() on ptolemy.moml.MoMLSimpleApplication@6eae1164
----------------- Done invoking toplevel() on ptolemy.moml.MoMLSimpleApplication@6eae1164
reloadAllAccessors: .function3

===========================================================================================
----------------- testing Wed Jun 13 02:14:57 UTC 2018 /home/travis/build/icyphy/ptII/ptolemy/actor/lib/test/auto/functionClosureTest1.xml
----------------- Instantiating /home/travis/build/icyphy/ptII/ptolemy/actor/lib/test/auto/functionClosureTest1.xml
2 ms. Memory: 1782784K Free: 1462525K (82%)
----------------- Invoking toplevel() on ptolemy.moml.MoMLSimpleApplication@24820787
----------------- Done invoking toplevel() on ptolemy.moml.MoMLSimpleApplication@24820787
reloadAllAccessors: .functionClosureTest1

===========================================================================================
----------------- testing Wed Jun 13 02:14:57 UTC 2018 /home/travis/build/icyphy/ptII/ptolemy/actor/lib/test/auto/functionClosureTest2.xml
----------------- Instantiating /home/travis/build/icyphy/ptII/ptolemy/actor/lib/test/auto/functionClosureTest2.xml
1 ms. Memory: 1782784K Free: 1449147K (81%)
----------------- Invoking toplevel() on ptolemy.moml.MoMLSimpleApplication@72f3b57f
----------------- Done invoking toplevel() on ptolemy.moml.MoMLSimpleApplication@72f3b57f
reloadAllAccessors: .functionClosureTest2

===========================================================================================
----------------- testing Wed Jun 13 02:14:57 UTC 2018 /home/travis/build/icyphy/ptII/ptolemy/actor/lib/test/auto/functionClosureTest3.xml
----------------- Instantiating /home/travis/build/icyphy/ptII/ptolemy/actor/lib/test/auto/functionClosureTest3.xml
2 ms. Memory: 1782784K Free: 1431289K (80%)
----------------- Invoking toplevel() on ptolemy.moml.MoMLSimpleApplication@3bba6c4e
----------------- Done invoking toplevel() on ptolemy.moml.MoMLSimpleApplication@3bba6c4e
reloadAllAccessors: .functionClosureTest3

===========================================================================================
----------------- testing Wed Jun 13 02:14:57 UTC 2018 /home/travis/build/icyphy/ptII/ptolemy/actor/lib/test/auto/functionClosureTest4.xml
----------------- Instantiating /home/travis/build/icyphy/ptII/ptolemy/actor/lib/test/auto/functionClosureTest4.xml
2 ms. Memory: 1782784K Free: 1417912K (80%)
----------------- Invoking toplevel() on ptolemy.moml.MoMLSimpleApplication@49e7e4e
----------------- Done invoking toplevel() on ptolemy.moml.MoMLSimpleApplication@49e7e4e
reloadAllAccessors: .functionClosureTest4

===========================================================================================
----------------- testing Wed Jun 13 02:14:57 UTC 2018 /home/travis/build/icyphy/ptII/ptolemy/actor/lib/test/auto/functionClosureTest5.xml
----------------- Instantiating /home/travis/build/icyphy/ptII/ptolemy/actor/lib/test/auto/functionClosureTest5.xml
2 ms. Memory: 1782784K Free: 1400054K (79%)
----------------- Invoking toplevel() on ptolemy.moml.MoMLSimpleApplication@240d0637
----------------- Done invoking toplevel() on ptolemy.moml.MoMLSimpleApplication@240d0637
reloadAllAccessors: .functionClosureTest5

===========================================================================================
----------------- testing Wed Jun 13 02:14:57 UTC 2018 /home/travis/build/icyphy/ptII/ptolemy/actor/lib/test/auto/functionClosureTest6.xml
----------------- Instantiating /home/travis/build/icyphy/ptII/ptolemy/actor/lib/test/auto/functionClosureTest6.xml
2 ms. Memory: 1782784K Free: 1382195K (78%)
----------------- Invoking toplevel() on ptolemy.moml.MoMLSimpleApplication@878743e
----------------- Done invoking toplevel() on ptolemy.moml.MoMLSimpleApplication@878743e
reloadAllAccessors: .functionClosureTest6

===========================================================================================
----------------- testing Wed Jun 13 02:14:57 UTC 2018 /home/travis/build/icyphy/ptII/ptolemy/actor/lib/test/auto/functionsOnArcs.xml
----------------- Instantiating /home/travis/build/icyphy/ptII/ptolemy/actor/lib/test/auto/functionsOnArcs.xml
2 ms. Memory: 1782784K Free: 1368818K (77%)
----------------- Invoking toplevel() on ptolemy.moml.MoMLSimpleApplication@42213904
----------------- Done invoking toplevel() on ptolemy.moml.MoMLSimpleApplication@42213904
reloadAllAccessors: .functionsOnArcs

===========================================================================================
----------------- testing Wed Jun 13 02:14:57 UTC 2018 /home/travis/build/icyphy/ptII/ptolemy/actor/lib/test/auto/functionsOnArcsHOF.xml
----------------- Instantiating /home/travis/build/icyphy/ptII/ptolemy/actor/lib/test/auto/functionsOnArcsHOF.xml
3 ms. Memory: 1782784K Free: 1350960K (76%)
----------------- Invoking toplevel() on ptolemy.moml.MoMLSimpleApplication@2eddc64a
----------------- Done invoking toplevel() on ptolemy.moml.MoMLSimpleApplication@2eddc64a
reloadAllAccessors: .functionsOnArcsHOF

===========================================================================================
----------------- testing Wed Jun 13 02:14:57 UTC 2018 /home/travis/build/icyphy/ptII/ptolemy/actor/lib/test/auto/logic.xml
----------------- Instantiating /home/travis/build/icyphy/ptII/ptolemy/actor/lib/test/auto/logic.xml
1 ms. Memory: 1782784K Free: 1337582K (75%)
----------------- Invoking toplevel() on ptolemy.moml.MoMLSimpleApplication@1c81227e
----------------- Done invoking toplevel() on ptolemy.moml.MoMLSimpleApplication@1c81227e
reloadAllAccessors: .logic

===========================================================================================
----------------- testing Wed Jun 13 02:14:57 UTC 2018 /home/travis/build/icyphy/ptII/ptolemy/actor/lib/test/auto/matrixType.xml
----------------- Instantiating /home/travis/build/icyphy/ptII/ptolemy/actor/lib/test/auto/matrixType.xml
1 ms. Memory: 1782784K Free: 1319724K (74%)
----------------- Invoking toplevel() on ptolemy.moml.MoMLSimpleApplication@1cf01b60
----------------- Done invoking toplevel() on ptolemy.moml.MoMLSimpleApplication@1cf01b60
reloadAllAccessors: .matrixType

===========================================================================================
----------------- testing Wed Jun 13 02:14:57 UTC 2018 /home/travis/build/icyphy/ptII/ptolemy/actor/lib/test/auto/matrixType10.xml
----------------- Instantiating /home/travis/build/icyphy/ptII/ptolemy/actor/lib/test/auto/matrixType10.xml
1 ms. Memory: 1782784K Free: 1301866K (73%)
----------------- Invoking toplevel() on ptolemy.moml.MoMLSimpleApplication@67abd192
----------------- Done invoking toplevel() on ptolemy.moml.MoMLSimpleApplication@67abd192
reloadAllAccessors: .matrixType10

===========================================================================================
----------------- testing Wed Jun 13 02:14:57 UTC 2018 /home/travis/build/icyphy/ptII/ptolemy/actor/lib/test/auto/matrixType11.xml
----------------- Instantiating /home/travis/build/icyphy/ptII/ptolemy/actor/lib/test/auto/matrixType11.xml
1 ms. Memory: 1782784K Free: 1288488K (72%)
----------------- Invoking toplevel() on ptolemy.moml.MoMLSimpleApplication@1840a29f
----------------- Done invoking toplevel() on ptolemy.moml.MoMLSimpleApplication@1840a29f
reloadAllAccessors: .matrixType11

===========================================================================================
----------------- testing Wed Jun 13 02:14:57 UTC 2018 /home/travis/build/icyphy/ptII/ptolemy/actor/lib/test/auto/matrixType12.xml
----------------- Instantiating /home/travis/build/icyphy/ptII/ptolemy/actor/lib/test/auto/matrixType12.xml
1 ms. Memory: 1782784K Free: 1270630K (71%)
----------------- Invoking toplevel() on ptolemy.moml.MoMLSimpleApplication@13076aab
----------------- Done invoking toplevel() on ptolemy.moml.MoMLSimpleApplication@13076aab
reloadAllAccessors: .matrixType12

===========================================================================================
----------------- testing Wed Jun 13 02:14:57 UTC 2018 /home/travis/build/icyphy/ptII/ptolemy/actor/lib/test/auto/matrixType13.xml
----------------- Instantiating /home/travis/build/icyphy/ptII/ptolemy/actor/lib/test/auto/matrixType13.xml
1 ms. Memory: 1782784K Free: 1257253K (71%)
----------------- Invoking toplevel() on ptolemy.moml.MoMLSimpleApplication@6363ac7e
----------------- Done invoking toplevel() on ptolemy.moml.MoMLSimpleApplication@6363ac7e
reloadAllAccessors: .matrixType13

===========================================================================================
----------------- testing Wed Jun 13 02:14:57 UTC 2018 /home/travis/build/icyphy/ptII/ptolemy/actor/lib/test/auto/matrixType14.xml
----------------- Instantiating /home/travis/build/icyphy/ptII/ptolemy/actor/lib/test/auto/matrixType14.xml
1 ms. Memory: 1782784K Free: 1239394K (70%)
----------------- Invoking toplevel() on ptolemy.moml.MoMLSimpleApplication@169e0a6c
----------------- Done invoking toplevel() on ptolemy.moml.MoMLSimpleApplication@169e0a6c
reloadAllAccessors: .matrixType14

===========================================================================================
----------------- testing Wed Jun 13 02:14:57 UTC 2018 /home/travis/build/icyphy/ptII/ptolemy/actor/lib/test/auto/matrixType2.xml
----------------- Instantiating /home/travis/build/icyphy/ptII/ptolemy/actor/lib/test/auto/matrixType2.xml
1 ms. Memory: 1782784K Free: 1226017K (69%)
----------------- Invoking toplevel() on ptolemy.moml.MoMLSimpleApplication@1e744897
----------------- Done invoking toplevel() on ptolemy.moml.MoMLSimpleApplication@1e744897
reloadAllAccessors: .matrixType2

===========================================================================================
----------------- testing Wed Jun 13 02:14:57 UTC 2018 /home/travis/build/icyphy/ptII/ptolemy/actor/lib/test/auto/matrixType3.xml
----------------- Instantiating /home/travis/build/icyphy/ptII/ptolemy/actor/lib/test/auto/matrixType3.xml
1 ms. Memory: 1782784K Free: 1208159K (68%)
----------------- Invoking toplevel() on ptolemy.moml.MoMLSimpleApplication@1f3ce748
----------------- Done invoking toplevel() on ptolemy.moml.MoMLSimpleApplication@1f3ce748
reloadAllAccessors: .matrixType3

===========================================================================================
----------------- testing Wed Jun 13 02:14:57 UTC 2018 /home/travis/build/icyphy/ptII/ptolemy/actor/lib/test/auto/matrixType4.xml
----------------- Instantiating /home/travis/build/icyphy/ptII/ptolemy/actor/lib/test/auto/matrixType4.xml
1 ms. Memory: 1782784K Free: 1190301K (67%)
----------------- Invoking toplevel() on ptolemy.moml.MoMLSimpleApplication@33165da
----------------- Done invoking toplevel() on ptolemy.moml.MoMLSimpleApplication@33165da
reloadAllAccessors: .matrixType4

===========================================================================================
----------------- testing Wed Jun 13 02:14:57 UTC 2018 /home/travis/build/icyphy/ptII/ptolemy/actor/lib/test/auto/matrixType5.xml
----------------- Instantiating /home/travis/build/icyphy/ptII/ptolemy/actor/lib/test/auto/matrixType5.xml
1 ms. Memory: 1782784K Free: 1176923K (66%)
----------------- Invoking toplevel() on ptolemy.moml.MoMLSimpleApplication@55907ce
----------------- Done invoking toplevel() on ptolemy.moml.MoMLSimpleApplication@55907ce
reloadAllAccessors: .matrixType5

===========================================================================================
----------------- testing Wed Jun 13 02:14:57 UTC 2018 /home/travis/build/icyphy/ptII/ptolemy/actor/lib/test/auto/matrixType6.xml
----------------- Instantiating /home/travis/build/icyphy/ptII/ptolemy/actor/lib/test/auto/matrixType6.xml
1 ms. Memory: 1782784K Free: 1159065K (65%)
----------------- Invoking toplevel() on ptolemy.moml.MoMLSimpleApplication@4e1a00e1
----------------- Done invoking toplevel() on ptolemy.moml.MoMLSimpleApplication@4e1a00e1
reloadAllAccessors: .matrixType6

===========================================================================================
----------------- testing Wed Jun 13 02:14:57 UTC 2018 /home/travis/build/icyphy/ptII/ptolemy/actor/lib/test/auto/matrixType7.xml
----------------- Instantiating /home/travis/build/icyphy/ptII/ptolemy/actor/lib/test/auto/matrixType7.xml
1 ms. Memory: 1782784K Free: 1145688K (64%)
----------------- Invoking toplevel() on ptolemy.moml.MoMLSimpleApplication@23d35d03
----------------- Done invoking toplevel() on ptolemy.moml.MoMLSimpleApplication@23d35d03
reloadAllAccessors: .matrixType7

===========================================================================================
----------------- testing Wed Jun 13 02:14:57 UTC 2018 /home/travis/build/icyphy/ptII/ptolemy/actor/lib/test/auto/matrixType8.xml
----------------- Instantiating /home/travis/build/icyphy/ptII/ptolemy/actor/lib/test/auto/matrixType8.xml
1 ms. Memory: 1782784K Free: 1127830K (63%)
----------------- Invoking toplevel() on ptolemy.moml.MoMLSimpleApplication@59887168
----------------- Done invoking toplevel() on ptolemy.moml.MoMLSimpleApplication@59887168
reloadAllAccessors: .matrixType8

===========================================================================================
----------------- testing Wed Jun 13 02:14:57 UTC 2018 /home/travis/build/icyphy/ptII/ptolemy/actor/lib/test/auto/matrixType9.xml
----------------- Instantiating /home/travis/build/icyphy/ptII/ptolemy/actor/lib/test/auto/matrixType9.xml
1 ms. Memory: 1782784K Free: 1109972K (62%)
----------------- Invoking toplevel() on ptolemy.moml.MoMLSimpleApplication@14cf4c33
----------------- Done invoking toplevel() on ptolemy.moml.MoMLSimpleApplication@14cf4c33
reloadAllAccessors: .matrixType9

===========================================================================================
----------------- testing Wed Jun 13 02:14:57 UTC 2018 /home/travis/build/icyphy/ptII/ptolemy/actor/lib/test/auto/paraFunctest.xml
----------------- Instantiating /home/travis/build/icyphy/ptII/ptolemy/actor/lib/test/auto/paraFunctest.xml
1 ms. Memory: 1782784K Free: 1096594K (62%)
----------------- Invoking toplevel() on ptolemy.moml.MoMLSimpleApplication@280c6625
----------------- Done invoking toplevel() on ptolemy.moml.MoMLSimpleApplication@280c6625
reloadAllAccessors: .paraFunctest

===========================================================================================
----------------- testing Wed Jun 13 02:14:57 UTC 2018 /home/travis/build/icyphy/ptII/ptolemy/actor/lib/test/auto/paraFunctest2.xml
----------------- Instantiating /home/travis/build/icyphy/ptII/ptolemy/actor/lib/test/auto/paraFunctest2.xml
1 ms. Memory: 1782784K Free: 1078736K (61%)
----------------- Invoking toplevel() on ptolemy.moml.MoMLSimpleApplication@296e81f3
----------------- Done invoking toplevel() on ptolemy.moml.MoMLSimpleApplication@296e81f3
reloadAllAccessors: .paraFunctest2

===========================================================================================
----------------- testing Wed Jun 13 02:14:57 UTC 2018 /home/travis/build/icyphy/ptII/ptolemy/actor/lib/test/auto/parameterPassing.xml
----------------- Instantiating /home/travis/build/icyphy/ptII/ptolemy/actor/lib/test/auto/parameterPassing.xml
1 ms. Memory: 1782784K Free: 1065359K (60%)
----------------- Invoking toplevel() on ptolemy.moml.MoMLSimpleApplication@85d2718
----------------- Done invoking toplevel() on ptolemy.moml.MoMLSimpleApplication@85d2718
reloadAllAccessors: .parameterPassing

===========================================================================================
----------------- testing Wed Jun 13 02:14:57 UTC 2018 /home/travis/build/icyphy/ptII/ptolemy/actor/lib/test/auto/record.xml
----------------- Instantiating /home/travis/build/icyphy/ptII/ptolemy/actor/lib/test/auto/record.xml
2 ms. Memory: 1782784K Free: 1047501K (59%)
----------------- Invoking toplevel() on ptolemy.moml.MoMLSimpleApplication@6f871081
----------------- Done invoking toplevel() on ptolemy.moml.MoMLSimpleApplication@6f871081
reloadAllAccessors: .record

===========================================================================================
----------------- testing Wed Jun 13 02:14:57 UTC 2018 /home/travis/build/icyphy/ptII/ptolemy/actor/lib/test/auto/sizedarray1.xml
----------------- Instantiating /home/travis/build/icyphy/ptII/ptolemy/actor/lib/test/auto/sizedarray1.xml
2 ms. Memory: 1782784K Free: 1034123K (58%)
----------------- Invoking toplevel() on ptolemy.moml.MoMLSimpleApplication@788993b3
----------------- Done invoking toplevel() on ptolemy.moml.MoMLSimpleApplication@788993b3
reloadAllAccessors: .sizedarray1

===========================================================================================
----------------- testing Wed Jun 13 02:14:57 UTC 2018 /home/travis/build/icyphy/ptII/ptolemy/actor/lib/test/auto/sizedarray2.xml
----------------- Instantiating /home/travis/build/icyphy/ptII/ptolemy/actor/lib/test/auto/sizedarray2.xml
1 ms. Memory: 1782784K Free: 1016265K (57%)
----------------- Invoking toplevel() on ptolemy.moml.MoMLSimpleApplication@47234b65
----------------- Done invoking toplevel() on ptolemy.moml.MoMLSimpleApplication@47234b65
reloadAllAccessors: .sizedarray2

===========================================================================================
----------------- testing Wed Jun 13 02:14:57 UTC 2018 /home/travis/build/icyphy/ptII/ptolemy/actor/lib/test/auto/twoPublishers.xml
----------------- Instantiating /home/travis/build/icyphy/ptII/ptolemy/actor/lib/test/auto/twoPublishers.xml
2 ms. Memory: 1782784K Free: 991702K (56%)
----------------- Invoking toplevel() on ptolemy.moml.MoMLSimpleApplication@65d1bbf2
----------------- Done invoking toplevel() on ptolemy.moml.MoMLSimpleApplication@65d1bbf2
reloadAllAccessors: .twoPublishers
AutoTests.java: About to close Vertx.
AutoTests.java: Vertx closed.
]]></system-out>
  <system-err><![CDATA[java.lang.RuntimeException: Execution failed
	at ptolemy.moml.MoMLSimpleApplication$UnloadThread.run(MoMLSimpleApplication.java:402)
Caused by: java.lang.RuntimeException: Normally, we would exit here because Manager.exitAfterWrapup() was called.  However, because the ptolemy.ptII.exitAfterWrapup property is set, we throw this exception instead.
	at ptolemy.util.StringUtilities.exit(StringUtilities.java:363)
	at ptolemy.actor.Manager.wrapup(Manager.java:1531)
	at ptolemy.actor.Manager.execute(Manager.java:407)
	at ptolemy.actor.Manager.run(Manager.java:1263)
	at ptolemy.actor.Manager$PtolemyRunThread.run(Manager.java:1915)
Warning: '.top.test' is in training mode, set the trainingMode parameter to false before checking in
Warning: '.top.test' is in training mode, set the trainingMode parameter to false before checking in
Warning: '.top.test' is in training mode, set the trainingMode parameter to false before checking in
Warning: '.BooleanSwitch_RegressionTest_WrongTrainingValues.Test' is in training mode, set the trainingMode parameter to false before checking in
Warning: '.BooleanSwitch_RegressionTest_WrongTrainingValues.Test2' is in training mode, set the trainingMode parameter to false before checking in
Warning: '.BooleanSwitch_RegressionTest_WrongTrainingValues.Test2' The test produced 0 tokens.
Warning: '.top.testExceptionHandler' is in training mode, set the trainingMode parameter to false before checking in
java.lang.RuntimeException: Execution failed
	at ptolemy.moml.MoMLSimpleApplication$UnloadThread.run(MoMLSimpleApplication.java:402)
Caused by: ptolemy.kernel.util.IllegalActionException: PublisherPorts cannot be used at the top level, use a Publisher actor instead.
  in .PublisherPortToplevelSubscriber.PublisherPort
	at ptolemy.actor.PublisherPort.preinitialize(PublisherPort.java:403)
	at ptolemy.actor.CompositeActor.preinitialize(CompositeActor.java:1769)
	at ptolemy.actor.Manager.preinitializeAndResolveTypes(Manager.java:1040)
	at ptolemy.actor.Manager.initialize(Manager.java:710)
	at ptolemy.actor.Manager.execute(Manager.java:356)
	at ptolemy.actor.Manager.run(Manager.java:1263)
	at ptolemy.actor.Manager$PtolemyRunThread.run(Manager.java:1915)
java.lang.reflect.InvocationTargetException
	at sun.reflect.NativeConstructorAccessorImpl.newInstance0(Native Method)
	at sun.reflect.NativeConstructorAccessorImpl.newInstance(NativeConstructorAccessorImpl.java:62)
	at sun.reflect.DelegatingConstructorAccessorImpl.newInstance(DelegatingConstructorAccessorImpl.java:45)
	at java.lang.reflect.Constructor.newInstance(Constructor.java:423)
	at ptolemy.util.test.junit.AutoKnownFailedTests.RunModel(AutoKnownFailedTests.java:107)
	at sun.reflect.NativeMethodAccessorImpl.invoke0(Native Method)
	at sun.reflect.NativeMethodAccessorImpl.invoke(NativeMethodAccessorImpl.java:62)
	at sun.reflect.DelegatingMethodAccessorImpl.invoke(DelegatingMethodAccessorImpl.java:43)
	at java.lang.reflect.Method.invoke(Method.java:498)
	at org.junit.runners.model.FrameworkMethod$1.runReflectiveCall(FrameworkMethod.java:44)
	at org.junit.internal.runners.model.ReflectiveCallable.run(ReflectiveCallable.java:15)
	at org.junit.runners.model.FrameworkMethod.invokeExplosively(FrameworkMethod.java:41)
	at junitparams.internal.InvokeParameterisedMethod.evaluate(InvokeParameterisedMethod.java:102)
	at org.junit.internal.runners.statements.FailOnTimeout$1.run(FailOnTimeout.java:28)
Caused by: ptolemy.kernel.util.IllegalActionException: PublisherPorts cannot be used at the top level, use a Publisher actor instead.
  in .PublisherPortToplevelSubscriber.PublisherPort
	at ptolemy.actor.PublisherPort.preinitialize(PublisherPort.java:403)
	at ptolemy.actor.CompositeActor.preinitialize(CompositeActor.java:1769)
	at ptolemy.actor.Manager.preinitializeAndResolveTypes(Manager.java:1040)
	at ptolemy.actor.Manager.initialize(Manager.java:710)
	at ptolemy.actor.Manager.execute(Manager.java:356)
	at ptolemy.actor.Manager.run(Manager.java:1263)
	at ptolemy.actor.Manager$PtolemyRunThread.run(Manager.java:1915)
java.lang.RuntimeException: Execution failed
	at ptolemy.moml.MoMLSimpleApplication$UnloadThread.run(MoMLSimpleApplication.java:402)
Caused by: ptolemy.kernel.util.IllegalActionException: SubscriberPorts cannot be used at the top level, use a Subscriber actor instead.
  in .PublisherSubscriberPortToplevel.SubscriberPort
	at ptolemy.actor.SubscriberPort.preinitialize(SubscriberPort.java:328)
	at ptolemy.actor.CompositeActor.preinitialize(CompositeActor.java:1769)
	at ptolemy.actor.Manager.preinitializeAndResolveTypes(Manager.java:1040)
	at ptolemy.actor.Manager.initialize(Manager.java:710)
	at ptolemy.actor.Manager.execute(Manager.java:356)
	at ptolemy.actor.Manager.run(Manager.java:1263)
	at ptolemy.actor.Manager$PtolemyRunThread.run(Manager.java:1915)
java.lang.reflect.InvocationTargetException
	at sun.reflect.NativeConstructorAccessorImpl.newInstance0(Native Method)
	at sun.reflect.NativeConstructorAccessorImpl.newInstance(NativeConstructorAccessorImpl.java:62)
	at sun.reflect.DelegatingConstructorAccessorImpl.newInstance(DelegatingConstructorAccessorImpl.java:45)
	at java.lang.reflect.Constructor.newInstance(Constructor.java:423)
	at ptolemy.util.test.junit.AutoKnownFailedTests.RunModel(AutoKnownFailedTests.java:107)
	at sun.reflect.NativeMethodAccessorImpl.invoke0(Native Method)
	at sun.reflect.NativeMethodAccessorImpl.invoke(NativeMethodAccessorImpl.java:62)
	at sun.reflect.DelegatingMethodAccessorImpl.invoke(DelegatingMethodAccessorImpl.java:43)
	at java.lang.reflect.Method.invoke(Method.java:498)
	at org.junit.runners.model.FrameworkMethod$1.runReflectiveCall(FrameworkMethod.java:44)
	at org.junit.internal.runners.model.ReflectiveCallable.run(ReflectiveCallable.java:15)
	at org.junit.runners.model.FrameworkMethod.invokeExplosively(FrameworkMethod.java:41)
	at junitparams.internal.InvokeParameterisedMethod.evaluate(InvokeParameterisedMethod.java:102)
	at org.junit.internal.runners.statements.FailOnTimeout$1.run(FailOnTimeout.java:28)
Caused by: ptolemy.kernel.util.IllegalActionException: SubscriberPorts cannot be used at the top level, use a Subscriber actor instead.
  in .PublisherSubscriberPortToplevel.SubscriberPort
	at ptolemy.actor.SubscriberPort.preinitialize(SubscriberPort.java:328)
	at ptolemy.actor.CompositeActor.preinitialize(CompositeActor.java:1769)
	at ptolemy.actor.Manager.preinitializeAndResolveTypes(Manager.java:1040)
	at ptolemy.actor.Manager.initialize(Manager.java:710)
	at ptolemy.actor.Manager.execute(Manager.java:356)
	at ptolemy.actor.Manager.run(Manager.java:1263)
	at ptolemy.actor.Manager$PtolemyRunThread.run(Manager.java:1915)
java.lang.RuntimeException: Execution failed
	at ptolemy.moml.MoMLSimpleApplication$UnloadThread.run(MoMLSimpleApplication.java:402)
Caused by: ptolemy.kernel.util.IllegalActionException: SubscriptionAggregatorPorts cannot be used at the top level, use a SubscriptionAggregator actor instead.
  in .PublisherSubscriptionAggregatorPort.SubscriptionAggregatorPort
	at ptolemy.actor.SubscriptionAggregatorPort.preinitialize(SubscriptionAggregatorPort.java:353)
	at ptolemy.actor.CompositeActor.preinitialize(CompositeActor.java:1769)
	at ptolemy.actor.Manager.preinitializeAndResolveTypes(Manager.java:1040)
	at ptolemy.actor.Manager.initialize(Manager.java:710)
	at ptolemy.actor.Manager.execute(Manager.java:356)
	at ptolemy.actor.Manager.run(Manager.java:1263)
	at ptolemy.actor.Manager$PtolemyRunThread.run(Manager.java:1915)
java.lang.reflect.InvocationTargetException
	at sun.reflect.NativeConstructorAccessorImpl.newInstance0(Native Method)
	at sun.reflect.NativeConstructorAccessorImpl.newInstance(NativeConstructorAccessorImpl.java:62)
	at sun.reflect.DelegatingConstructorAccessorImpl.newInstance(DelegatingConstructorAccessorImpl.java:45)
	at java.lang.reflect.Constructor.newInstance(Constructor.java:423)
	at ptolemy.util.test.junit.AutoKnownFailedTests.RunModel(AutoKnownFailedTests.java:107)
	at sun.reflect.NativeMethodAccessorImpl.invoke0(Native Method)
	at sun.reflect.NativeMethodAccessorImpl.invoke(NativeMethodAccessorImpl.java:62)
	at sun.reflect.DelegatingMethodAccessorImpl.invoke(DelegatingMethodAccessorImpl.java:43)
	at java.lang.reflect.Method.invoke(Method.java:498)
	at org.junit.runners.model.FrameworkMethod$1.runReflectiveCall(FrameworkMethod.java:44)
	at org.junit.internal.runners.model.ReflectiveCallable.run(ReflectiveCallable.java:15)
	at org.junit.runners.model.FrameworkMethod.invokeExplosively(FrameworkMethod.java:41)
	at junitparams.internal.InvokeParameterisedMethod.evaluate(InvokeParameterisedMethod.java:102)
	at org.junit.internal.runners.statements.FailOnTimeout$1.run(FailOnTimeout.java:28)
Caused by: ptolemy.kernel.util.IllegalActionException: SubscriptionAggregatorPorts cannot be used at the top level, use a SubscriptionAggregator actor instead.
  in .PublisherSubscriptionAggregatorPort.SubscriptionAggregatorPort
	at ptolemy.actor.SubscriptionAggregatorPort.preinitialize(SubscriptionAggregatorPort.java:353)
	at ptolemy.actor.CompositeActor.preinitialize(CompositeActor.java:1769)
	at ptolemy.actor.Manager.preinitializeAndResolveTypes(Manager.java:1040)
	at ptolemy.actor.Manager.initialize(Manager.java:710)
	at ptolemy.actor.Manager.execute(Manager.java:356)
	at ptolemy.actor.Manager.run(Manager.java:1263)
	at ptolemy.actor.Manager$PtolemyRunThread.run(Manager.java:1915)
java.lang.RuntimeException: Execution failed
	at ptolemy.moml.MoMLSimpleApplication$UnloadThread.run(MoMLSimpleApplication.java:402)
Caused by: ptolemy.kernel.util.IllegalActionException: TypeTest actor has no training data.
  in .sizedarray3.TypeTest
	at ptolemy.actor.lib.TypeTest.initialize(TypeTest.java:250)
	at ptolemy.actor.Director.initialize(Director.java:938)
	at ptolemy.actor.Director.initialize(Director.java:907)
	at ptolemy.actor.sched.StaticSchedulingDirector.initialize(StaticSchedulingDirector.java:159)
	at ptolemy.domains.sdf.kernel.SDFDirector.initialize(SDFDirector.java:544)
	at ptolemy.actor.CompositeActor.initialize(CompositeActor.java:935)
	at ptolemy.actor.Manager.initialize(Manager.java:724)
	at ptolemy.actor.Manager.execute(Manager.java:356)
	at ptolemy.actor.Manager.run(Manager.java:1263)
	at ptolemy.actor.Manager$PtolemyRunThread.run(Manager.java:1915)
java.lang.reflect.InvocationTargetException
	at sun.reflect.NativeConstructorAccessorImpl.newInstance0(Native Method)
	at sun.reflect.NativeConstructorAccessorImpl.newInstance(NativeConstructorAccessorImpl.java:62)
	at sun.reflect.DelegatingConstructorAccessorImpl.newInstance(DelegatingConstructorAccessorImpl.java:45)
	at java.lang.reflect.Constructor.newInstance(Constructor.java:423)
	at ptolemy.util.test.junit.AutoKnownFailedTests.RunModel(AutoKnownFailedTests.java:107)
	at sun.reflect.NativeMethodAccessorImpl.invoke0(Native Method)
	at sun.reflect.NativeMethodAccessorImpl.invoke(NativeMethodAccessorImpl.java:62)
	at sun.reflect.DelegatingMethodAccessorImpl.invoke(DelegatingMethodAccessorImpl.java:43)
	at java.lang.reflect.Method.invoke(Method.java:498)
	at org.junit.runners.model.FrameworkMethod$1.runReflectiveCall(FrameworkMethod.java:44)
	at org.junit.internal.runners.model.ReflectiveCallable.run(ReflectiveCallable.java:15)
	at org.junit.runners.model.FrameworkMethod.invokeExplosively(FrameworkMethod.java:41)
	at junitparams.internal.InvokeParameterisedMethod.evaluate(InvokeParameterisedMethod.java:102)
	at org.junit.internal.runners.statements.FailOnTimeout$1.run(FailOnTimeout.java:28)
Caused by: ptolemy.kernel.util.IllegalActionException: TypeTest actor has no training data.
  in .sizedarray3.TypeTest
	at ptolemy.actor.lib.TypeTest.initialize(TypeTest.java:250)
	at ptolemy.actor.Director.initialize(Director.java:938)
	at ptolemy.actor.Director.initialize(Director.java:907)
	at ptolemy.actor.sched.StaticSchedulingDirector.initialize(StaticSchedulingDirector.java:159)
	at ptolemy.domains.sdf.kernel.SDFDirector.initialize(SDFDirector.java:544)
	at ptolemy.actor.CompositeActor.initialize(CompositeActor.java:935)
	at ptolemy.actor.Manager.initialize(Manager.java:724)
	at ptolemy.actor.Manager.execute(Manager.java:356)
	at ptolemy.actor.Manager.run(Manager.java:1263)
	at ptolemy.actor.Manager$PtolemyRunThread.run(Manager.java:1915)
]]></system-err>
</testsuite>
