<?xml version="1.0" encoding="UTF-8" ?>
<testsuite errors="0" failures="0" hostname="travis-job-97382cf6-6021-439e-9382-fc2ff856ddf3" name="ptolemy.actor.lib.test.junit.JUnitTclTest" skipped="0" tests="517" time="60.075" timestamp="2020-04-21T14:07:47">
  <properties>
    <property name="npm.executable" value="npm" />
    <property name="env.TRAVIS_ROOT" value="/" />
    <property name="ptII.mk.exists" value="true" />
    <property name="env.TRAVIS_APP_HOST" value="build.travis-ci.org" />
    <property name="env.rvm_bin_path" value="/home/travis/.rvm/bin" />
    <property name="java.home" value="/usr/local/lib/jvm/openjdk11" />
    <property name="env.TRAVIS_JOB_NUMBER" value="1608.8" />
    <property name="env.TRAVIS_HOME" value="/home/travis" />
    <property name="env.DISPLAY" value=":99.0" />
    <property name="env.TRAVIS_INIT" value="systemd" />
    <property name="env.SSH_TTY" value="/dev/pts/0" />
    <property name="java.net.preferIPv4Stack" value="true" />
    <property name="env.RUN_TESTS" value="true" />
    <property name="timeout.short" value="1000000" />
    <property name="junit.formatter" value="xml" />
    <property name="env.TRAVIS_SUDO" value="true" />
    <property name="env.TRAVIS_JOB_NAME" value="" />
    <property name="env.TRAVIS_STACK_NODE_ATTRIBUTES" value="/.node-attributes.yml" />
    <property name="env.LOGNAME" value="travis" />
    <property name="env.PT_TRAVIS_TEST_CORE1_XML" value="true" />
    <property name="jsdoc.home" value="node_modules/@terraswarm/jsdoc" />
    <property name="debuglevel" value="source,lines,vars" />
    <property name="checkstyle.formatter" value="xml" />
    <property name="env._system_version" value="16.04" />
    <property name="bin.vergil.makeable" value="true" />
    <property name="sun.os.patch.level" value="unknown" />
    <property name="java.vendor.url" value="http://java.oracle.com/" />
    <property name="env.TRAVIS_BUILD_WEB_URL" value="https://travis-ci.org/icyphy/ptII/builds/677706886" />
    <property name="java.version" value="11.0.2" />
    <property name="env.TZ" value="UTC" />
    <property name="env.TRAVIS_PULL_REQUEST_SHA" value="" />
    <property name="env.PT_NO_NET" value="true" />
    <property name="env.TRAVIS_SECURE_ENV_VARS" value="true" />
    <property name="env._system_type" value="Linux" />
    <property name="java.vendor.url.bug" value="http://bugreport.java.com/bugreport/" />
    <property name="npmjs-org-is-up" value="true" />
    <property name="env.LANGUAGE" value="en_US.UTF-8" />
    <property name="env.SSH_CLIENT" value="10.44.0.88 34008 22" />
    <property name="env.GEM_HOME" value="/home/travis/.rvm/gems/ruby-2.5.3" />
    <property name="env.HAS_ANTARES_THREE_LITTLE_FRONZIES_BADGE" value="true" />
    <property name="java.version.date" value="2019-01-15" />
    <property name="env.PS4" value="+" />
    <property name="ant.project.invoked-targets" value="build,test.core1.xml" />
    <property name="env.TRAVIS_PULL_REQUEST_BRANCH" value="" />
    <property name="env.TRAVIS_REPO_SLUG" value="icyphy/ptII" />
    <property name="env.XDG_DATA_DIRS" value="/usr/local/share:/usr/share:/var/lib/snapd/desktop" />
    <property name="jdk.debug" value="release" />
    <property name="env.TRAVIS_APT_PROXY" value="http://build-cache.travisci.net" />
    <property name="env.TRAVIS_CPU_ARCH" value="amd64" />
    <property name="node.in.path" value="true" />
    <property name="user.name" value="travis" />
    <property name="java.maxmemory" value="1400m" />
    <property name="env.RUBY_VERSION" value="ruby-2.5.3" />
    <property name="env.LANG" value="en_US.UTF-8" />
    <property name="sun.io.unicode.encoding" value="UnicodeLittle" />
    <property name="sun.jnu.encoding" value="UTF-8" />
    <property name="java.runtime.name" value="OpenJDK Runtime Environment" />
    <property name="usefile" value="false" />
    <property name="return.code" value="0" />
    <property name="junit.single.formatter" value="plain" />
    <property name="env.DYLD_LIBRARY_PATH" value="/home/travis/pthla/certi-tools/lib:" />
    <property name="env.DEBIAN_FRONTEND" value="noninteractive" />
    <property name="env.SSH_CONNECTION" value="10.44.0.88 34008 10.20.1.190 22" />
    <property name="env.MYSQL_UNIX_PORT" value="/var/run/mysqld/mysqld.sock" />
    <property name="env.LC_ALL" value="en_US.UTF-8" />
    <property name="env.TRAVIS_ALLOW_FAILURE" value="" />
    <property name="env.TRAVIS_JOB_WEB_URL" value="https://travis-ci.org/icyphy/ptII/jobs/677706896" />
    <property name="java.specification.name" value="Java Platform API Specification" />
    <property name="node.works" value="true" />
    <property name="user.timezone" value="" />
    <property name="path.separator" value=":" />
    <property name="env.TRAVIS_ENABLE_INFRA_DETECTION" value="true" />
    <property name="env.PYTHON_CFLAGS" value="-g -fstack-protector --param=ssp-buffer-size=4 -Wformat -Werror=format-security" />
    <property name="timeout.long" value="4000000" />
    <property name="env.CERTI_HOME" value="/home/travis/pthla/certi-tools" />
    <property name="ant.file.ptII" value="/home/travis/build/icyphy/ptII/build.xml" />
    <property name="javadoc.packagenames" value="com.*,diva.*,lbnl.*,org.hlacerti.*,org.json.*,org.ptolemy.*,org.terraswarm.*,ptolemy.*,ptserver.*" />
    <property name="file.encoding" value="UTF-8" />
    <property name="env.TRAVIS_PULL_REQUEST_SLUG" value="" />
    <property name="ant.project.default-target" value="build" />
    <property name="env.GIT_ASKPASS" value="echo" />
    <property name="env.HOME" value="/home/travis" />
    <property name="sun.java.command" value="org.apache.tools.ant.taskdefs.optional.junit.JUnitTestRunner ptolemy.actor.lib.test.junit.JUnitTclTest skipNonTests=false filtertrace=true haltOnError=false haltOnFailure=false formatter=org.apache.tools.ant.taskdefs.optional.junit.OutErrSummaryJUnitResultFormatter showoutput=true outputtoformatters=true logfailedtests=true threadid=0 logtestlistenerevents=false formatter=org.apache.tools.ant.taskdefs.optional.junit.XMLJUnitResultFormatter,/home/travis/build/icyphy/ptII/reports/junit/TEST-ptolemy.actor.lib.test.junit.JUnitTclTest.xml crashfile=/home/travis/build/icyphy/ptII/junitvmwatcher13627366123654811549.properties propsfile=/home/travis/build/icyphy/ptII/junit4838433423534772972.properties" />
    <property name="env.COMPOSER_NO_INTERACTION" value="1" />
    <property name="env.MANPATH" value="/home/travis/.nvm/versions/node/v7.10.1/share/man:/home/travis/.rvm/rubies/ruby-2.5.3/share/man:/usr/local/cmake-3.12.4/man:/usr/local/clang-7.0.0/share/man:/usr/local/man:/usr/local/share/man:/usr/share/man:/home/travis/.rvm/man" />
    <property name="env.TRAVIS_TIMER_ID" value="06ffe890" />
    <property name="ant.file" value="/home/travis/build/icyphy/ptII/build.xml" />
    <property name="env.TRAVIS_COMMIT_RANGE" value="3e950cfe0f3c004454147d0a7dfedd7f8d8e77cc...52bfcaaec950ad6b43d11ffdb9cd3f924b0c1f76" />
    <property name="env._system_name" value="Ubuntu" />
    <property name="ptII.classpath.optional.property" value="/home/travis/build/icyphy/ptII/lib/bsh-2.0b4.jar:/home/travis/build/icyphy/ptII/lib/ptCal.jar:/home/travis/build/icyphy/ptII/lib/java_cup.jar:/home/travis/build/icyphy/ptII/lib/saxon8.jar:/home/travis/build/icyphy/ptII/lib/saxon8-dom.jar:/home/travis/build/icyphy/ptII/lib/chic.jar:/home/travis/build/icyphy/ptII/lib/ptcolt.jar:/home/travis/build/icyphy/ptII/vendors/misc/itext/iText.jar:/home/travis/build/icyphy/ptII/lib/g4ltl.jar:/home/travis/build/icyphy/ptII/lib/StructuralCoder.jar:/home/travis/build/icyphy/ptII/lib/jcerti.jar:/home/travis/build/icyphy/ptII/lib/javax.mail.jar:/home/travis/build/icyphy/ptII/vendors/JMF-2.1.1e/lib/jmf.jar:/home/travis/build/icyphy/ptII/lib/jna-4.0.0-variadic.jar:/home/travis/build/icyphy/ptII/vendors/misc/joystick/Joystick.jar:/home/travis/build/icyphy/ptII/lib/ptjacl.jar:/home/travis/build/icyphy/ptII/lib/jsoup-1.8.2.jar:/home/travis/build/icyphy/ptII/lib/junit-4.8.2.jar:/home/travis/build/icyphy/ptII/lib/JUnitParams-0.4.0.jar:/home/travis/build/icyphy/ptII/ptolemy/actor/lib/excel/jxl.jar:/home/travis/build/icyphy/ptII/lib/jython.jar:/home/travis/build/icyphy/ptII/lib/kieler.jar:/home/travis/build/icyphy/ptII/vendors/opencv/share/OpenCV/java/opencv-341.jar:/home/travis/build/icyphy/ptII/lib/oscP5.jar:/home/travis/build/icyphy/ptII/lib/nrjavaserial-3.11.0.devel.jar:/home/travis/build/icyphy/ptII/vendors/j3d/lib/Linux/j3dcore.jar:/home/travis/build/icyphy/ptII/vendors/j3d/lib/Linux/j3dutils.jar:/home/travis/build/icyphy/ptII/vendors/j3d/lib/Linux/vecmath.jar:/home/travis/build/icyphy/ptII/vendors/jogl/lib/Linux/gluegen-rt-natives-linux-amd64.jar:/home/travis/build/icyphy/ptII/vendors/jogl/lib/Linux/gluegen-rt.jar:/home/travis/build/icyphy/ptII/vendors/jogl/lib/Linux/jogl-all-natives-linux-amd64.jar:/home/travis/build/icyphy/ptII/vendors/jogl/lib/Linux/jogl-all.jar:/home/travis/build/icyphy/ptII/ptolemy/distributed/jini/jar/jini-core.jar:/home/travis/build/icyphy/ptII/ptolemy/distributed/jini/jar/jini-ext.jar:/home/travis/build/icyphy/ptII/ptolemy/distributed/jini/jar/sun-util.jar:/home/travis/build/icyphy/ptII/lib/protobuf-java-2.4.1.jar:/home/travis/build/icyphy/ptII/lib/org.eclipse.paho.client.mqttv3.jar:/home/travis/build/icyphy/ptII/lib/mapss.jar:/home/travis/build/icyphy/ptII/ptolemy/actor/ptalon/antlr/antlr.jar:/home/travis/build/icyphy/ptII/lib/JRI.jar:/home/travis/build/icyphy/ptII/lib/commons-lang-2.6.jar:/home/travis/build/icyphy/ptII/lib/commons-logging-1.1.1.jar:/home/travis/build/icyphy/ptII/lib/sootclasses.jar:/home/travis/build/icyphy/ptII/ptolemy/actor/lib/database/mysql-connector-java-5.1.6-bin.jar:/home/travis/build/icyphy/ptII/vendors/misc/sphinx4/sphinx4-data-5prealpha.jar:/home/travis/build/icyphy/ptII/vendors/misc/sphinx4/sphinx4-core-5prealpha.jar:/home/travis/build/icyphy/ptII/lib/PDFRenderer.jar:/home/travis/build/icyphy/ptII/lib/svgSalamander.jar:/home/travis/build/icyphy/ptII/lib/rsyntaxtextarea-2.6.0-SNAPSHOT.jar:/home/travis/build/icyphy/ptII/lib/hazelcast-3.8.2.jar:/home/travis/build/icyphy/ptII/lib/jackson-annotations-2.9.0.jar:/home/travis/build/icyphy/ptII/lib/jackson-core-2.9.3.jar:/home/travis/build/icyphy/ptII/lib/jackson-databind-2.9.3.jar:/home/travis/build/icyphy/ptII/lib/netty-buffer-4.1.19.Final.jar:/home/travis/build/icyphy/ptII/lib/netty-codec-4.1.19.Final.jar:/home/travis/build/icyphy/ptII/lib/netty-codec-dns-4.1.19.Final.jar:/home/travis/build/icyphy/ptII/lib/netty-codec-http-4.1.19.Final.jar:/home/travis/build/icyphy/ptII/lib/netty-codec-http2-4.1.19.Final.jar:/home/travis/build/icyphy/ptII/lib/netty-common-4.1.19.Final.jar:/home/travis/build/icyphy/ptII/lib/netty-handler-4.1.19.Final.jar:/home/travis/build/icyphy/ptII/lib/netty-resolver-4.1.19.Final.jar:/home/travis/build/icyphy/ptII/lib/netty-resolver-dns-4.1.19.Final.jar:/home/travis/build/icyphy/ptII/lib/netty-transport-4.1.19.Final.jar:/home/travis/build/icyphy/ptII/lib/vertx-codegen-3.5.1.jar:/home/travis/build/icyphy/ptII/lib/vertx-core-3.5.2-SNAPSHOT.jar:/home/travis/build/icyphy/ptII/lib/vertx-hazelcast-3.5.1.jar:/home/travis/build/icyphy/ptII/lib/vertx-lang-js-3.5.1.jar:/home/travis/build/icyphy/ptII/lib/vertx-service-proxy-3.5.1.jar:/home/travis/build/icyphy/ptII/lib/vertx-web-3.5.1.jar:/home/travis/build/icyphy/ptII/lib/slf4j-api-1.7.13.jar:/home/travis/build/icyphy/ptII/lib/slf4j-simple-1.7.13.jar:/home/travis/build/icyphy/ptII/lib/webcam-capture-0.3.12.jar:/home/travis/build/icyphy/ptII/lib/bridj-0.7.0.jar:/home/travis/build/icyphy/ptII/lib/xbjlib-1.1.0.nrjavaserial.jar" />
    <property name="timeout" value="2400000" />
    <property name="test.batch" value="**/junit/*.java" />
    <property name="env._" value="/usr/bin/timeout" />
    <property name="java.io.tmpdir" value="/tmp" />
    <property name="user.language" value="en" />
    <property name="env.TRAVIS_INTERNAL_RUBY_REGEX" value="^ruby-(2\.[0-4]\.[0-9]|1\.9\.3)" />
    <property name="env.HISTCONTROL" value="ignoredups:ignorespace" />
    <property name="env.GOROOT" value="/home/travis/.gimme/versions/go1.11.1.linux.amd64" />
    <property name="line.separator" value="&#xa;" />
    <property name="target" value="11" />
    <property name="env.TRAVIS_BUILD_DIR" value="/home/travis/build/icyphy/ptII" />
    <property name="env.ANT_OPTS" value="-Xmx2048m" />
    <property name="ant.file.type" value="file" />
    <property name="ptolemy.ptII.batchMode" value="true" />
    <property name="env.HISTSIZE" value="1000" />
    <property name="env.MERB_ENV" value="test" />
    <property name="java.vm.info" value="mixed mode" />
    <property name="source" value="11" />
    <property name="java.vm.specification.name" value="Java Virtual Machine Specification" />
    <property name="env.TRAVIS_TEST_RESULT" value="0" />
    <property name="jsdoc.command" value="node_modules/@terraswarm/jsdoc/jsdoc.js" />
    <property name="npm.works" value="true" />
    <property name="cobertura.dir" value="/home/travis/build/icyphy/ptII/vendors/cobertura-2.0.3" />
    <property name="jsdoc.command.exists" value="true" />
    <property name="env.rvm_path" value="/home/travis/.rvm" />
    <property name="env.GEM_PATH" value="/home/travis/.rvm/gems/ruby-2.5.3:/home/travis/.rvm/gems/ruby-2.5.3@global" />
    <property name="env.LC_CTYPE" value="en_US.UTF-8" />
    <property name="env.TRAVIS_CMD" value="$PTII/bin/ptIITravisBuild.sh $SECONDS" />
    <property name="java.awt.printerjob" value="sun.print.PSPrinterJob" />
    <property name="env.TRAVIS_STACK_NAME" value="sardonyx" />
    <property name="env.TRAVIS_TIMER_START_TIME" value="1587477496219135180" />
    <property name="ant.version" value="Apache Ant(TM) version 1.10.1 compiled on February 2 2017" />
    <property name="ptII.reports" value="/home/travis/build/icyphy/ptII/reports" />
    <property name="env.TRAVIS_STACK_TIMESTAMP" value="2019-03-25 16:16:56 UTC" />
    <property name="ant.file.type.ptII" value="file" />
    <property name="env.RBENV_SHELL" value="bash" />
    <property name="os.name" value="Linux" />
    <property name="java.specification.vendor" value="Oracle Corporation" />
    <property name="env.rvm_version" value="1.29.7 (latest)" />
    <property name="env.TRAVIS_INFRA" value="unknown" />
    <property name="env.TERM" value="xterm" />
    <property name="java.vm.name" value="OpenJDK 64-Bit Server VM" />
    <property name="env.TRAVIS_BUILD_NUMBER" value="1608" />
    <property name="env.CI" value="true" />
    <property name="java.library.path" value="/home/travis/pthla/certi-tools/lib:/usr/lib/jni:/usr/local/share/OpenCV/java/:/usr/share/OpenCV/java::/usr/java/packages/lib:/usr/lib64:/lib64:/lib:/usr/lib" />
    <property name="jdk.module.path" value="/home/travis/build/icyphy/ptII/vendors/javafx/javafx-sdk-11.0.2/lib:" />
    <property name="env.rvm_prefix" value="/home/travis" />
    <property name="env.PATH" value="/home/travis/pthla/certi-tools/share/scripts:/home/travis/.rvm/gems/ruby-2.5.3/bin:/home/travis/.rvm/gems/ruby-2.5.3@global/bin:/home/travis/.rvm/rubies/ruby-2.5.3/bin:/home/travis/.rvm/bin:/home/travis/.nvm/versions/node/v7.10.1/bin:./node_modules/.bin:/home/travis/build/icyphy/ptII/bin:/home/travis/pthla/certi-tools/bin:/home/travis/bin:/home/travis/.local/bin:/usr/local/lib/jvm/openjdk11/bin:/opt/pyenv/shims:/home/travis/.phpenv/shims:/home/travis/perl5/perlbrew/bin:/home/travis/gopath/bin:/home/travis/.gimme/versions/go1.11.1.linux.amd64/bin:/usr/local/maven-3.6.0/bin:/usr/local/cmake-3.12.4/bin:/usr/local/clang-7.0.0/bin:/usr/local/sbin:/usr/local/bin:/usr/sbin:/usr/bin:/sbin:/bin:/snap/bin:/home/travis/.phpenv/bin:/opt/pyenv/bin:/home/travis/.yarn/bin" />
    <property name="env.TRAVIS_OS_NAME" value="linux" />
    <property name="ant.java.version" value="9" />
    <property name="basedir" value="/home/travis/build/icyphy/ptII" />
    <property name="java.class.version" value="55.0" />
    <property name="env.SHLVL" value="3" />
    <property name="env.LD_LIBRARY_PATH" value="/home/travis/pthla/certi-tools/lib:/usr/lib/jni:/usr/local/share/OpenCV/java/:/usr/share/OpenCV/java:" />
    <property name="env.RACK_ENV" value="test" />
    <property name="ant.home" value="/home/travis/build/icyphy/ptII/ant" />
    <property name="env.NVM_DIR" value="/home/travis/.nvm" />
    <property name="env.CERTI_FOM_PATH" value="/home/travis/pthla/certi-tools/share/federations" />
    <property name="env.TRAVIS_BUILD_ID" value="677706886" />
    <property name="env.PYENV_ROOT" value="/opt/pyenv" />
    <property name="env.TRAVIS_UID" value="2000" />
    <property name="prism.verbose" value="true" />
    <property name="env.NVM_BIN" value="/home/travis/.nvm/versions/node/v7.10.1/bin" />
    <property name="env.TRAVIS_COMMIT" value="52bfcaaec950ad6b43d11ffdb9cd3f924b0c1f76" />
    <property name="env._system_arch" value="x86_64" />
    <property name="node.executable" value="node" />
    <property name="sun.boot.library.path" value="/usr/local/lib/jvm/openjdk11/lib" />
    <property name="sun.management.compiler" value="HotSpot 64-Bit Tiered Compilers" />
    <property name="java.awt.graphicsenv" value="sun.awt.X11GraphicsEnvironment" />
    <property name="env.GOPATH" value="/home/travis/gopath" />
    <property name="ptolemy.ptII.dir" value="/home/travis/build/icyphy/ptII" />
    <property name="env.USER" value="travis" />
    <property name="env.HISTFILESIZE" value="2000" />
    <property name="env.NVM_INC" value="/home/travis/.nvm/versions/node/v7.10.1/include/node" />
    <property name="timeout.longest" value="19000000" />
    <property name="env.PERLBREW_SHELLRC_VERSION" value="0.86" />
    <property name="env.TRAVIS_STACK_FEATURES" value="basic couchdb disabled-ipv6 docker docker-compose elasticsearch firefox go-toolchain google-chrome jdk memcached mongodb mysql nodejs_interpreter perl_interpreter perlbrew phantomjs postgresql python_interpreter redis ruby_interpreter sqlite xserver" />
    <property name="env.TRAVIS_PULL_REQUEST" value="false" />
    <property name="env.PYENV_SHELL" value="bash" />
    <property name="ant.project.name" value="ptII" />
    <property name="env.ANSI_RESET" value="\033[0m" />
    <property name="java.vm.specification.version" value="11" />
    <property name="env.TRAVIS_DIST" value="xenial" />
    <property name="env.CERTI_VERSION" value="4.0.0" />
    <property name="env.CERTI_HOST" value="localhost" />
    <property name="awt.toolkit" value="sun.awt.X11.XToolkit" />
    <property name="env.MY_RUBY_HOME" value="/home/travis/.rvm/rubies/ruby-2.5.3" />
    <property name="sun.cpu.isalist" value="" />
    <property name="env.TRAVIS_TMPDIR" value="/tmp/tmp.u0nwDzCqGh" />
    <property name="java.vm.compressedOopsMode" value="Zero based" />
    <property name="os.version" value="4.15.0-1028-gcp" />
    <property name="user.home" value="/home/travis" />
    <property name="java.vm.vendor" value="Oracle Corporation" />
    <property name="env.TRAVIS_TAG" value="nightly" />
    <property name="env.ANSI_YELLOW" value="\033[33;1m" />
    <property name="env.TRAVIS_FILTERED" value="redirect_io" />
    <property name="env.ANSI_GREEN" value="\033[32;1m" />
    <property name="env.JAVA_HOME" value="/usr/local/lib/jvm/openjdk11" />
    <property name="javadoc.excludepackagenames" value="adm.cvs2svn.*,build.*,config.*,doc.coding.templates.*,jni.test.jni.meaningOfLife.*,jni.test.jni.testDeux.*,jni.test.jni.testTrois.*,org.terraswarm.accessor.accessors.web.node_modules.*,org.terraswarm.accessor.accessors.web.hosts.cordova.demo.*,org.terraswarm.accessor.accessors.web.hosts.cordova.plugins.*,org.terraswarm.accessor.accessors-svn.*,pt-modules.*,ptolemy.apps.agilent.*,ptolemy.apps.anytimecontrol.*,ptolemy.apps.apes.*,ptolemy.apps.charon.*,ptolemy.apps.crazyboard.*,ptolemy.apps.eclipse.*,ptolemy.apps.etherealSting.*,ptolemy.apps.fullscreen.*,ptolemy.apps.giotto.*,ptolemy.apps.ia.*,ptolemy.apps.interfaces.*,ptolemy.apps.jmf.*,ptolemy.apps.kurt.*,ptolemy.apps.kvm.*,ptolemy.apps.lego.*,ptolemy.apps.lejos.*,ptolemy.apps.midp.*,ptolemy.apps.mobileCoding.*,ptolemy.apps.pendulum.*,ptolemy.apps.rijndael.*,ptolemy.apps.robot.*,ptolemy.apps.security.*,ptolemy.apps.sobel.*,ptolemy.apps.soot.*,ptolemy.apps.throttle.*,ptolemy.apps.tini.*,ptolemy.apps.transmission.*,ptolemy.apps.vergil.*,ptolemy.apps.waba.*,ptolemy.apps.websensor.*,ptolemy.apps.webstart.*,ptolemy.apps.xsl.*,ptolemy.apps.zaurus.*,ptolemy.codegen.c.actor.lib.oldJavaFiles.*,ptolemy.codegen.dsp.lib.*,ptolemy.codegen.kernel.newInterfaces.*,ptolemy.codegen.lib.*,ptolemy.copernicus.kernel.fragment.*,ptolemy.copernicus.shallow.cg.*,ptolemy.domains.giotto.demo.Hierarchy.Hierarchy.*,ptolemy.domains.giotto.demo.Multimode.Multimode.*,ptolemy.domains.giotto.demo.Simple.Simple.*,ptolemy.domains.gr.lib.experimental.*,ptolemy.domains.gro.*,ptolemy.domains.pdf.*,ptolemy.domains.ptinyos.demo.Surge.output.*,ptolemy.moml.test.NoPackageActor.java*,ptolemy.plot.adm.*,ptolemy.plot.servlet.*,reports.*,signed.*,src.*,target.*,vendors.*,ptolemy.copernicus.applet.*,ptolemy.media.viewer.*,ptolemy.actor.corba.*,doc.doclets.*,ptolemy.apps.eclipse.awt.*,ptolemy.backtrack.*,ptolemy.backtrack.ast.*,ptolemy.cg.adapter.generic.program.procedural.c.mbed*,ptolemy.homer.*,ptolemy.actor.lib.jai.*,org.ptolemy.scala.*,diva.util.java2d.svg.*,ptolemy.domains.ptinyos.*,ptolemy.actor.lib.fmi.fmipp.*,,org.terraswarm.accessor.accessors.web.node_modules.*,org.terraswarm.accessor.accessors-svn,ptolemy.apps.*,ptolemy.actor.ptalon.demo.ptinyos.SendAndReceiveCnt.output,ptolemy.actor.ptalon.demo.ptinyos.SenseToLeds.output,ptolemy.domains.ptinyos.demo.CntToLedsAndRfm.output,ptolemy.domains.ptinyos.demo.RfmToLeds.output,ptolemy.domains.ptinyos.demo.SendAndReceiveCnt.output,ptolemy.domains.ptinyos.demo.SenseToLeds.output,ptolemy.actor.lib.jjs.modules.udpSocket.*" />
    <property name="env.PTII" value="/home/travis/build/icyphy/ptII" />
    <property name="env.XDG_SESSION_ID" value="2" />
    <property name="keystore" value="ptKeystore" />
    <property name="env.TRAVIS_COMMIT_MESSAGE" value="Updating models using array data type." />
    <property name="junit.output.dir" value="/home/travis/build/icyphy/ptII/reports/junit" />
    <property name="npm.return.code" value="0" />
    <property name="user.dir" value="/home/travis/build/icyphy/ptII/ptolemy/actor/lib/test" />
    <property name="env.TRAVIS_NODE_VERSION" value="7" />
    <property name="env.TRAVIS_EVENT_TYPE" value="cron" />
    <property name="env.MAIL" value="/var/mail/travis" />
    <property name="env.PERLBREW_ROOT" value="/home/travis/perl5/perlbrew" />
    <property name="env.PWD" value="/home/travis/build/icyphy/ptII" />
    <property name="timeout.npm" value="45000" />
    <property name="env.TRAVIS_ARCH" value="amd64" />
    <property name="sun.cpu.endian" value="little" />
    <property name="env.PAGER" value="cat" />
    <property name="env.TRAVIS_BUILD_STAGE_NAME" value="test" />
    <property name="env.PERLBREW_HOME" value="/home/travis/.perlbrew" />
    <property name="java.vm.version" value="11.0.2+9" />
    <property name="env.RAILS_ENV" value="test" />
    <property name="java.class.path" value="/home/travis/.ptolemyII:/home/travis/.ptolemyII/*:/home/travis/build/icyphy/ptII:/home/travis/build/icyphy/ptII/lib/bsh-2.0b4.jar:/home/travis/build/icyphy/ptII/lib/ptCal.jar:/home/travis/build/icyphy/ptII/lib/java_cup.jar:/home/travis/build/icyphy/ptII/lib/saxon8.jar:/home/travis/build/icyphy/ptII/lib/saxon8-dom.jar:/home/travis/build/icyphy/ptII/lib/chic.jar:/home/travis/build/icyphy/ptII/lib/ptcolt.jar:/home/travis/build/icyphy/ptII/vendors/misc/itext/iText.jar:/home/travis/build/icyphy/ptII/lib/g4ltl.jar:/home/travis/build/icyphy/ptII/lib/StructuralCoder.jar:/home/travis/build/icyphy/ptII/lib/jcerti.jar:/home/travis/build/icyphy/ptII/lib/javax.mail.jar:/home/travis/build/icyphy/ptII/vendors/JMF-2.1.1e/lib/jmf.jar:/home/travis/build/icyphy/ptII/lib/jna-4.0.0-variadic.jar:/home/travis/build/icyphy/ptII/vendors/misc/joystick/Joystick.jar:/home/travis/build/icyphy/ptII/lib/ptjacl.jar:/home/travis/build/icyphy/ptII/lib/jsoup-1.8.2.jar:/home/travis/build/icyphy/ptII/lib/junit-4.8.2.jar:/home/travis/build/icyphy/ptII/lib/JUnitParams-0.4.0.jar:/home/travis/build/icyphy/ptII/ptolemy/actor/lib/excel/jxl.jar:/home/travis/build/icyphy/ptII/lib/jython.jar:/home/travis/build/icyphy/ptII/lib/kieler.jar:/home/travis/build/icyphy/ptII/vendors/opencv/share/OpenCV/java/opencv-341.jar:/home/travis/build/icyphy/ptII/lib/oscP5.jar:/home/travis/build/icyphy/ptII/lib/nrjavaserial-3.11.0.devel.jar:/home/travis/build/icyphy/ptII/vendors/j3d/lib/Linux/j3dcore.jar:/home/travis/build/icyphy/ptII/vendors/j3d/lib/Linux/j3dutils.jar:/home/travis/build/icyphy/ptII/vendors/j3d/lib/Linux/vecmath.jar:/home/travis/build/icyphy/ptII/vendors/jogl/lib/Linux/gluegen-rt-natives-linux-amd64.jar:/home/travis/build/icyphy/ptII/vendors/jogl/lib/Linux/gluegen-rt.jar:/home/travis/build/icyphy/ptII/vendors/jogl/lib/Linux/jogl-all-natives-linux-amd64.jar:/home/travis/build/icyphy/ptII/vendors/jogl/lib/Linux/jogl-all.jar:/home/travis/build/icyphy/ptII/ptolemy/distributed/jini/jar/jini-core.jar:/home/travis/build/icyphy/ptII/ptolemy/distributed/jini/jar/jini-ext.jar:/home/travis/build/icyphy/ptII/ptolemy/distributed/jini/jar/sun-util.jar:/home/travis/build/icyphy/ptII/lib/protobuf-java-2.4.1.jar:/home/travis/build/icyphy/ptII/lib/org.eclipse.paho.client.mqttv3.jar:/home/travis/build/icyphy/ptII/lib/mapss.jar:/home/travis/build/icyphy/ptII/ptolemy/actor/ptalon/antlr/antlr.jar:/home/travis/build/icyphy/ptII/lib/JRI.jar:/home/travis/build/icyphy/ptII/lib/commons-lang-2.6.jar:/home/travis/build/icyphy/ptII/lib/commons-logging-1.1.1.jar:/home/travis/build/icyphy/ptII/lib/sootclasses.jar:/home/travis/build/icyphy/ptII/ptolemy/actor/lib/database/mysql-connector-java-5.1.6-bin.jar:/home/travis/build/icyphy/ptII/vendors/misc/sphinx4/sphinx4-data-5prealpha.jar:/home/travis/build/icyphy/ptII/vendors/misc/sphinx4/sphinx4-core-5prealpha.jar:/home/travis/build/icyphy/ptII/lib/PDFRenderer.jar:/home/travis/build/icyphy/ptII/lib/svgSalamander.jar:/home/travis/build/icyphy/ptII/lib/rsyntaxtextarea-2.6.0-SNAPSHOT.jar:/home/travis/build/icyphy/ptII/lib/hazelcast-3.8.2.jar:/home/travis/build/icyphy/ptII/lib/jackson-annotations-2.9.0.jar:/home/travis/build/icyphy/ptII/lib/jackson-core-2.9.3.jar:/home/travis/build/icyphy/ptII/lib/jackson-databind-2.9.3.jar:/home/travis/build/icyphy/ptII/lib/netty-buffer-4.1.19.Final.jar:/home/travis/build/icyphy/ptII/lib/netty-codec-4.1.19.Final.jar:/home/travis/build/icyphy/ptII/lib/netty-codec-dns-4.1.19.Final.jar:/home/travis/build/icyphy/ptII/lib/netty-codec-http-4.1.19.Final.jar:/home/travis/build/icyphy/ptII/lib/netty-codec-http2-4.1.19.Final.jar:/home/travis/build/icyphy/ptII/lib/netty-common-4.1.19.Final.jar:/home/travis/build/icyphy/ptII/lib/netty-handler-4.1.19.Final.jar:/home/travis/build/icyphy/ptII/lib/netty-resolver-4.1.19.Final.jar:/home/travis/build/icyphy/ptII/lib/netty-resolver-dns-4.1.19.Final.jar:/home/travis/build/icyphy/ptII/lib/netty-transport-4.1.19.Final.jar:/home/travis/build/icyphy/ptII/lib/vertx-codegen-3.5.1.jar:/home/travis/build/icyphy/ptII/lib/vertx-core-3.5.2-SNAPSHOT.jar:/home/travis/build/icyphy/ptII/lib/vertx-hazelcast-3.5.1.jar:/home/travis/build/icyphy/ptII/lib/vertx-lang-js-3.5.1.jar:/home/travis/build/icyphy/ptII/lib/vertx-service-proxy-3.5.1.jar:/home/travis/build/icyphy/ptII/lib/vertx-web-3.5.1.jar:/home/travis/build/icyphy/ptII/lib/slf4j-api-1.7.13.jar:/home/travis/build/icyphy/ptII/lib/slf4j-simple-1.7.13.jar:/home/travis/build/icyphy/ptII/lib/webcam-capture-0.3.12.jar:/home/travis/build/icyphy/ptII/lib/bridj-0.7.0.jar:/home/travis/build/icyphy/ptII/lib/xbjlib-1.1.0.nrjavaserial.jar:/home/travis/build/icyphy/ptII/ptolemy/moml/test:/home/travis/build/icyphy/ptII/ant/lib/ant-launcher.jar:/home/travis/build/icyphy/ptII/ant/lib/ant.jar:/home/travis/build/icyphy/ptII/ant/lib/ant-junit.jar:/home/travis/build/icyphy/ptII/ant/lib/ant-junit4.jar" />
    <property name="ant.library.dir" value="/home/travis/build/icyphy/ptII/ant/lib" />
    <property name="os.arch" value="amd64" />
    <property name="env.CONTINUOUS_INTEGRATION" value="true" />
    <property name="env.TRAVIS_LANGUAGE" value="node_js" />
    <property name="env.TRAVIS_STACK_LANGUAGES" value="__sardonyx__ c c++ clojure cplusplus cpp default generic go groovy java node_js php pure_java python ruby scala" />
    <property name="test.name" value="ptolemy.actor.lib.test.junit.JUnitTclTest" />
    <property name="env.APT_KEY_DONT_WARN_ON_DANGEROUS_USAGE" value="1" />
    <property name="sun.java.launcher" value="SUN_STANDARD" />
    <property name="env.PYTHON_CONFIGURE_OPTS" value="--enable-unicode=ucs4 --with-wide-unicode --enable-shared --enable-ipv6 --enable-loadable-sqlite-extensions --with-computed-gotos" />
    <property name="ant.core.lib" value="/home/travis/build/icyphy/ptII/ant/lib/ant.jar" />
    <property name="java.vm.specification.vendor" value="Oracle Corporation" />
    <property name="env.BCVTB_HOME" value="/home/travis/build/icyphy/ptII/lbnl" />
    <property name="file.separator" value="/" />
    <property name="spotbugs.home" value="/home/travis/build/icyphy/ptII/vendors/spotbugs-3.1.1" />
    <property name="java.runtime.version" value="11.0.2+9" />
    <property name="env.ANSI_CLEAR" value="\033[0K" />
    <property name="javafx.verbose" value="true" />
    <property name="env.HAS_JOSH_K_SEAL_OF_APPROVAL" value="true" />
    <property name="env.XDG_RUNTIME_DIR" value="/run/user/2000" />
    <property name="env.TRAVIS_OSX_IMAGE" value="" />
    <property name="env.TRAVIS_JOB_ID" value="677706896" />
    <property name="env.TRAVIS_BRANCH" value="master" />
    <property name="user.country" value="US" />
    <property name="env.CERTI_HOME_TRAVIS" value="/home/travis/pthla/certi-tools" />
    <property name="env.SHELL" value="/bin/bash" />
    <property name="java.maxmemory.large" value="3200m" />
    <property name="model" value="" />
    <property name="env.CASHER_DIR" value="/home/travis/.casher" />
    <property name="env.NVM_CD_FLAGS" value="" />
    <property name="java.vendor.version" value="18.9" />
    <property name="jshint.executable" value="/home/travis/node_modules/jshint/bin/jshint" />
    <property name="env.JRUBY_OPTS" value=" --client -J-XX:+TieredCompilation -J-XX:TieredStopAtLevel=1 -J-Xss2m -Xcompile.invokedynamic=false" />
    <property name="java.vendor" value="Oracle Corporation" />
    <property name="env.TRAVIS_PRE_CHEF_BOOTSTRAP_TIME" value="2019-03-25T16:16:42" />
    <property name="env.TRAVIS_STACK_JOB_BOARD_REGISTER" value="/.job-board-register.yml" />
    <property name="env.ANSI_RED" value="\033[31;1m" />
    <property name="java.specification.version" value="11" />
    <property name="env.IRBRC" value="/home/travis/.rvm/rubies/ruby-2.5.3/.irbrc" />
    <property name="env.TRAVIS" value="true" />
    <property name="sun.arch.data.model" value="64" />
  </properties>
  <testcase classname="ptolemy.util.test.junit.TclTests" name="[0] /home/travis/build/icyphy/ptII/ptolemy/actor/lib/test/AbsoluteValue.tcl (RunTclFile)" time="0.453" />
  <testcase classname="ptolemy.util.test.junit.TclTests" name="[1] /home/travis/build/icyphy/ptII/ptolemy/actor/lib/test/AddSubtract.tcl (RunTclFile)" time="0.172" />
  <testcase classname="ptolemy.util.test.junit.TclTests" name="[2] /home/travis/build/icyphy/ptII/ptolemy/actor/lib/test/Average.tcl (RunTclFile)" time="0.043" />
  <testcase classname="ptolemy.util.test.junit.TclTests" name="[3] /home/travis/build/icyphy/ptII/ptolemy/actor/lib/test/Bernoulli.tcl (RunTclFile)" time="0.022" />
  <testcase classname="ptolemy.util.test.junit.TclTests" name="[4] /home/travis/build/icyphy/ptII/ptolemy/actor/lib/test/Clock.tcl (RunTclFile)" time="0.099" />
  <testcase classname="ptolemy.util.test.junit.TclTests" name="[5] /home/travis/build/icyphy/ptII/ptolemy/actor/lib/test/Commutator.tcl (RunTclFile)" time="0.153" />
  <testcase classname="ptolemy.util.test.junit.TclTests" name="[6] /home/travis/build/icyphy/ptII/ptolemy/actor/lib/test/Const.tcl (RunTclFile)" time="0.108" />
  <testcase classname="ptolemy.util.test.junit.TclTests" name="[7] /home/travis/build/icyphy/ptII/ptolemy/actor/lib/test/CurrentTime.tcl (RunTclFile)" time="0.018" />
  <testcase classname="ptolemy.util.test.junit.TclTests" name="[8] /home/travis/build/icyphy/ptII/ptolemy/actor/lib/test/DB.tcl (RunTclFile)" time="0.018" />
  <testcase classname="ptolemy.util.test.junit.TclTests" name="[9] /home/travis/build/icyphy/ptII/ptolemy/actor/lib/test/DiscreteRandomSource.tcl (RunTclFile)" time="0.032" />
  <testcase classname="ptolemy.util.test.junit.TclTests" name="[10] /home/travis/build/icyphy/ptII/ptolemy/actor/lib/test/Distributor.tcl (RunTclFile)" time="0.088" />
  <testcase classname="ptolemy.util.test.junit.TclTests" name="[11] /home/travis/build/icyphy/ptII/ptolemy/actor/lib/test/Exit.tcl (RunTclFile)" time="0.096" />
  <testcase classname="ptolemy.util.test.junit.TclTests" name="[12] /home/travis/build/icyphy/ptII/ptolemy/actor/lib/test/Expression.tcl (RunTclFile)" time="0.063" />
  <testcase classname="ptolemy.util.test.junit.TclTests" name="[13] /home/travis/build/icyphy/ptII/ptolemy/actor/lib/test/Gaussian.tcl (RunTclFile)" time="0.224" />
  <testcase classname="ptolemy.util.test.junit.TclTests" name="[14] /home/travis/build/icyphy/ptII/ptolemy/actor/lib/test/IIR.tcl (RunTclFile)" time="0.038" />
  <testcase classname="ptolemy.util.test.junit.TclTests" name="[15] /home/travis/build/icyphy/ptII/ptolemy/actor/lib/test/Interpolator.tcl (RunTclFile)" time="0.114" />
  <testcase classname="ptolemy.util.test.junit.TclTests" name="[16] /home/travis/build/icyphy/ptII/ptolemy/actor/lib/test/MathFunction.tcl (RunTclFile)" time="0.074" />
  <testcase classname="ptolemy.util.test.junit.TclTests" name="[17] /home/travis/build/icyphy/ptII/ptolemy/actor/lib/test/Maximum.tcl (RunTclFile)" time="0.039" />
  <testcase classname="ptolemy.util.test.junit.TclTests" name="[18] /home/travis/build/icyphy/ptII/ptolemy/actor/lib/test/Minimum.tcl (RunTclFile)" time="0.029" />
  <testcase classname="ptolemy.util.test.junit.TclTests" name="[19] /home/travis/build/icyphy/ptII/ptolemy/actor/lib/test/MultiplyDivide.tcl (RunTclFile)" time="0.043" />
  <testcase classname="ptolemy.util.test.junit.TclTests" name="[20] /home/travis/build/icyphy/ptII/ptolemy/actor/lib/test/OrderedMerge.tcl (RunTclFile)" time="0.12" />
  <testcase classname="ptolemy.util.test.junit.TclTests" name="[21] /home/travis/build/icyphy/ptII/ptolemy/actor/lib/test/Publisher.tcl (RunTclFile)" time="0.595" />
  <testcase classname="ptolemy.util.test.junit.TclTests" name="[22] /home/travis/build/icyphy/ptII/ptolemy/actor/lib/test/Pulse.tcl (RunTclFile)" time="0.032" />
  <testcase classname="ptolemy.util.test.junit.TclTests" name="[23] /home/travis/build/icyphy/ptII/ptolemy/actor/lib/test/Ramp.tcl (RunTclFile)" time="1.845" />
  <testcase classname="ptolemy.util.test.junit.TclTests" name="[24] /home/travis/build/icyphy/ptII/ptolemy/actor/lib/test/RampContinuous.tcl (RunTclFile)" time="0.016" />
  <testcase classname="ptolemy.util.test.junit.TclTests" name="[25] /home/travis/build/icyphy/ptII/ptolemy/actor/lib/test/RecordAssembler.tcl (RunTclFile)" time="0.013" />
  <testcase classname="ptolemy.util.test.junit.TclTests" name="[26] /home/travis/build/icyphy/ptII/ptolemy/actor/lib/test/RecordDisassembler.tcl (RunTclFile)" time="0.016" />
  <testcase classname="ptolemy.util.test.junit.TclTests" name="[27] /home/travis/build/icyphy/ptII/ptolemy/actor/lib/test/Scale.tcl (RunTclFile)" time="0.015" />
  <testcase classname="ptolemy.util.test.junit.TclTests" name="[28] /home/travis/build/icyphy/ptII/ptolemy/actor/lib/test/SequentialClock.tcl (RunTclFile)" time="0.01" />
  <testcase classname="ptolemy.util.test.junit.TclTests" name="[29] /home/travis/build/icyphy/ptII/ptolemy/actor/lib/test/SetVariable.tcl (RunTclFile)" time="0.021" />
  <testcase classname="ptolemy.util.test.junit.TclTests" name="[30] /home/travis/build/icyphy/ptII/ptolemy/actor/lib/test/Sinewave.tcl (RunTclFile)" time="0.027" />
  <testcase classname="ptolemy.util.test.junit.TclTests" name="[31] /home/travis/build/icyphy/ptII/ptolemy/actor/lib/test/SubscriptionAggregator.tcl (RunTclFile)" time="1.957" />
  <testcase classname="ptolemy.util.test.junit.TclTests" name="[32] /home/travis/build/icyphy/ptII/ptolemy/actor/lib/test/Test.tcl (RunTclFile)" time="0.085" />
  <testcase classname="ptolemy.util.test.junit.TclTests" name="[33] /home/travis/build/icyphy/ptII/ptolemy/actor/lib/test/TestExceptionHandler.tcl (RunTclFile)" time="0.013" />
  <testcase classname="ptolemy.util.test.junit.TclTests" name="[34] /home/travis/build/icyphy/ptII/ptolemy/actor/lib/test/UnionDisassembler.tcl (RunTclFile)" time="0.077" />
  <testcase classname="ptolemy.util.test.junit.TclTests" name="[35] /home/travis/build/icyphy/ptII/ptolemy/actor/lib/test/VariableClock.tcl (RunTclFile)" time="0.02" />
  <testcase classname="ptolemy.util.test.junit.AutoKnownFailedTests" name="[0] /home/travis/build/icyphy/ptII/ptolemy/actor/lib/test/auto/knownFailedTests/PublisherPortToplevelSubscriber.xml (RunModel)" time="0.022" />
  <testcase classname="ptolemy.util.test.junit.AutoKnownFailedTests" name="[1] /home/travis/build/icyphy/ptII/ptolemy/actor/lib/test/auto/knownFailedTests/PublisherSubscriberPortToplevel.xml (RunModel)" time="0.02" />
  <testcase classname="ptolemy.util.test.junit.AutoKnownFailedTests" name="[2] /home/travis/build/icyphy/ptII/ptolemy/actor/lib/test/auto/knownFailedTests/PublisherSubscriptionAggregatorPort.xml (RunModel)" time="0.02" />
  <testcase classname="ptolemy.util.test.junit.AutoKnownFailedTests" name="[3] /home/travis/build/icyphy/ptII/ptolemy/actor/lib/test/auto/knownFailedTests/sizedarray3.xml (RunModel)" time="0.026" />
  <testcase classname="ptolemy.util.test.junit.AutoNameArchTests" name="[0] ThereAreNoAutoArchTests (RunModel)" time="0.001" />
  <testcase classname="ptolemy.util.test.junit.AutoTests" name="[0] /home/travis/build/icyphy/ptII/ptolemy/actor/lib/test/auto/AbsoluteValue.xml (RunModel)" time="0.086" />
  <testcase classname="ptolemy.util.test.junit.AutoTests" name="[1] /home/travis/build/icyphy/ptII/ptolemy/actor/lib/test/auto/AbsoluteValue2.xml (RunModel)" time="0.062" />
  <testcase classname="ptolemy.util.test.junit.AutoTests" name="[2] /home/travis/build/icyphy/ptII/ptolemy/actor/lib/test/auto/Accumulator.xml (RunModel)" time="0.038" />
  <testcase classname="ptolemy.util.test.junit.AutoTests" name="[3] /home/travis/build/icyphy/ptII/ptolemy/actor/lib/test/auto/Accumulator2.xml (RunModel)" time="0.044" />
  <testcase classname="ptolemy.util.test.junit.AutoTests" name="[4] /home/travis/build/icyphy/ptII/ptolemy/actor/lib/test/auto/Accumulator3.xml (RunModel)" time="0.01" />
  <testcase classname="ptolemy.util.test.junit.AutoTests" name="[5] /home/travis/build/icyphy/ptII/ptolemy/actor/lib/test/auto/ArrayAppend.xml (RunModel)" time="0.022" />
  <testcase classname="ptolemy.util.test.junit.AutoTests" name="[6] /home/travis/build/icyphy/ptII/ptolemy/actor/lib/test/auto/ArrayAppend2.xml (RunModel)" time="0.372" />
  <testcase classname="ptolemy.util.test.junit.AutoTests" name="[7] /home/travis/build/icyphy/ptII/ptolemy/actor/lib/test/auto/ArrayAppend3.xml (RunModel)" time="0.026" />
  <testcase classname="ptolemy.util.test.junit.AutoTests" name="[8] /home/travis/build/icyphy/ptII/ptolemy/actor/lib/test/auto/ArrayAppend4.xml (RunModel)" time="0.017" />
  <testcase classname="ptolemy.util.test.junit.AutoTests" name="[9] /home/travis/build/icyphy/ptII/ptolemy/actor/lib/test/auto/ArrayAppend5.xml (RunModel)" time="0.016" />
  <testcase classname="ptolemy.util.test.junit.AutoTests" name="[10] /home/travis/build/icyphy/ptII/ptolemy/actor/lib/test/auto/ArrayAppend6.xml (RunModel)" time="0.018" />
  <testcase classname="ptolemy.util.test.junit.AutoTests" name="[11] /home/travis/build/icyphy/ptII/ptolemy/actor/lib/test/auto/ArrayAppendPerformanceTest.xml (RunModel)" time="0.051" />
  <testcase classname="ptolemy.util.test.junit.AutoTests" name="[12] /home/travis/build/icyphy/ptII/ptolemy/actor/lib/test/auto/ArrayAppendWithEmptyInput.xml (RunModel)" time="0.053" />
  <testcase classname="ptolemy.util.test.junit.AutoTests" name="[13] /home/travis/build/icyphy/ptII/ptolemy/actor/lib/test/auto/ArrayAverage.xml (RunModel)" time="0.055" />
  <testcase classname="ptolemy.util.test.junit.AutoTests" name="[14] /home/travis/build/icyphy/ptII/ptolemy/actor/lib/test/auto/ArrayContains.xml (RunModel)" time="0.025" />
  <testcase classname="ptolemy.util.test.junit.AutoTests" name="[15] /home/travis/build/icyphy/ptII/ptolemy/actor/lib/test/auto/ArrayElement.xml (RunModel)" time="0.025" />
  <testcase classname="ptolemy.util.test.junit.AutoTests" name="[16] /home/travis/build/icyphy/ptII/ptolemy/actor/lib/test/auto/ArrayElementAsMatrix.xml (RunModel)" time="0.05" />
  <testcase classname="ptolemy.util.test.junit.AutoTests" name="[17] /home/travis/build/icyphy/ptII/ptolemy/actor/lib/test/auto/ArrayElementI.xml (RunModel)" time="0.02" />
  <testcase classname="ptolemy.util.test.junit.AutoTests" name="[18] /home/travis/build/icyphy/ptII/ptolemy/actor/lib/test/auto/ArrayExtract.xml (RunModel)" time="0.033" />
  <testcase classname="ptolemy.util.test.junit.AutoTests" name="[19] /home/travis/build/icyphy/ptII/ptolemy/actor/lib/test/auto/ArrayExtract2.xml (RunModel)" time="0.015" />
  <testcase classname="ptolemy.util.test.junit.AutoTests" name="[20] /home/travis/build/icyphy/ptII/ptolemy/actor/lib/test/auto/ArrayLength.xml (RunModel)" time="0.029" />
  <testcase classname="ptolemy.util.test.junit.AutoTests" name="[21] /home/travis/build/icyphy/ptII/ptolemy/actor/lib/test/auto/ArrayLevelCrossing.xml (RunModel)" time="0.024" />
  <testcase classname="ptolemy.util.test.junit.AutoTests" name="[22] /home/travis/build/icyphy/ptII/ptolemy/actor/lib/test/auto/ArrayLevelCrossing2.xml (RunModel)" time="0.03" />
  <testcase classname="ptolemy.util.test.junit.AutoTests" name="[23] /home/travis/build/icyphy/ptII/ptolemy/actor/lib/test/auto/ArrayPeakSearch.xml (RunModel)" time="0.043" />
  <testcase classname="ptolemy.util.test.junit.AutoTests" name="[24] /home/travis/build/icyphy/ptII/ptolemy/actor/lib/test/auto/ArrayPeakSearch2.xml (RunModel)" time="0.033" />
  <testcase classname="ptolemy.util.test.junit.AutoTests" name="[25] /home/travis/build/icyphy/ptII/ptolemy/actor/lib/test/auto/ArrayPeakSearch3.xml (RunModel)" time="0.03" />
  <testcase classname="ptolemy.util.test.junit.AutoTests" name="[26] /home/travis/build/icyphy/ptII/ptolemy/actor/lib/test/auto/ArrayRemoveElement.xml (RunModel)" time="0.033" />
  <testcase classname="ptolemy.util.test.junit.AutoTests" name="[27] /home/travis/build/icyphy/ptII/ptolemy/actor/lib/test/auto/ArraySort.xml (RunModel)" time="0.03" />
  <testcase classname="ptolemy.util.test.junit.AutoTests" name="[28] /home/travis/build/icyphy/ptII/ptolemy/actor/lib/test/auto/ArraySum.xml (RunModel)" time="0.022" />
  <testcase classname="ptolemy.util.test.junit.AutoTests" name="[29] /home/travis/build/icyphy/ptII/ptolemy/actor/lib/test/auto/ArrayToElements.xml (RunModel)" time="0.019" />
  <testcase classname="ptolemy.util.test.junit.AutoTests" name="[30] /home/travis/build/icyphy/ptII/ptolemy/actor/lib/test/auto/ArrayToMatrix.xml (RunModel)" time="0.066" />
  <testcase classname="ptolemy.util.test.junit.AutoTests" name="[31] /home/travis/build/icyphy/ptII/ptolemy/actor/lib/test/auto/ArrayUpdate1.xml (RunModel)" time="0.015" />
  <testcase classname="ptolemy.util.test.junit.AutoTests" name="[32] /home/travis/build/icyphy/ptII/ptolemy/actor/lib/test/auto/ArrayUpdate2.xml (RunModel)" time="0.012" />
  <testcase classname="ptolemy.util.test.junit.AutoTests" name="[33] /home/travis/build/icyphy/ptII/ptolemy/actor/lib/test/auto/ArrayUpdate3.xml (RunModel)" time="0.017" />
  <testcase classname="ptolemy.util.test.junit.AutoTests" name="[34] /home/travis/build/icyphy/ptII/ptolemy/actor/lib/test/auto/Assert1.xml (RunModel)" time="0.016" />
  <testcase classname="ptolemy.util.test.junit.AutoTests" name="[35] /home/travis/build/icyphy/ptII/ptolemy/actor/lib/test/auto/Assert2.xml (RunModel)" time="0.021" />
  <testcase classname="ptolemy.util.test.junit.AutoTests" name="[36] /home/travis/build/icyphy/ptII/ptolemy/actor/lib/test/auto/BooleanMultiplexor.xml (RunModel)" time="0.013" />
  <testcase classname="ptolemy.util.test.junit.AutoTests" name="[37] /home/travis/build/icyphy/ptII/ptolemy/actor/lib/test/auto/BooleanMultiplexor2.xml (RunModel)" time="0.021" />
  <testcase classname="ptolemy.util.test.junit.AutoTests" name="[38] /home/travis/build/icyphy/ptII/ptolemy/actor/lib/test/auto/BooleanMultiplexor3.xml (RunModel)" time="0.018" />
  <testcase classname="ptolemy.util.test.junit.AutoTests" name="[39] /home/travis/build/icyphy/ptII/ptolemy/actor/lib/test/auto/BooleanSelect.xml (RunModel)" time="0.017" />
  <testcase classname="ptolemy.util.test.junit.AutoTests" name="[40] /home/travis/build/icyphy/ptII/ptolemy/actor/lib/test/auto/BooleanSelect2.xml (RunModel)" time="0.011" />
  <testcase classname="ptolemy.util.test.junit.AutoTests" name="[41] /home/travis/build/icyphy/ptII/ptolemy/actor/lib/test/auto/BooleanSwitch.xml (RunModel)" time="0.015" />
  <testcase classname="ptolemy.util.test.junit.AutoTests" name="[42] /home/travis/build/icyphy/ptII/ptolemy/actor/lib/test/auto/BooleanSwitch2.xml (RunModel)" time="0.011" />
  <testcase classname="ptolemy.util.test.junit.AutoTests" name="[43] /home/travis/build/icyphy/ptII/ptolemy/actor/lib/test/auto/BooleanSwitchCloningBugWithClassRelationGroup.xml (RunModel)" time="0.029" />
  <testcase classname="ptolemy.util.test.junit.AutoTests" name="[44] /home/travis/build/icyphy/ptII/ptolemy/actor/lib/test/auto/BusActors.xml (RunModel)" time="0.029" />
  <testcase classname="ptolemy.util.test.junit.AutoTests" name="[45] /home/travis/build/icyphy/ptII/ptolemy/actor/lib/test/auto/ClassWrapper.xml (RunModel)" time="0.015" />
  <testcase classname="ptolemy.util.test.junit.AutoTests" name="[46] /home/travis/build/icyphy/ptII/ptolemy/actor/lib/test/auto/Clock.xml (RunModel)" time="0.017" />
  <testcase classname="ptolemy.util.test.junit.AutoTests" name="[47] /home/travis/build/icyphy/ptII/ptolemy/actor/lib/test/auto/Clock10.xml (RunModel)" time="0.022" />
  <testcase classname="ptolemy.util.test.junit.AutoTests" name="[48] /home/travis/build/icyphy/ptII/ptolemy/actor/lib/test/auto/Clock11.xml (RunModel)" time="0.013" />
  <testcase classname="ptolemy.util.test.junit.AutoTests" name="[49] /home/travis/build/icyphy/ptII/ptolemy/actor/lib/test/auto/Clock12.xml (RunModel)" time="0.014" />
  <testcase classname="ptolemy.util.test.junit.AutoTests" name="[50] /home/travis/build/icyphy/ptII/ptolemy/actor/lib/test/auto/Clock13.xml (RunModel)" time="0.014" />
  <testcase classname="ptolemy.util.test.junit.AutoTests" name="[51] /home/travis/build/icyphy/ptII/ptolemy/actor/lib/test/auto/Clock14.xml (RunModel)" time="0.016" />
  <testcase classname="ptolemy.util.test.junit.AutoTests" name="[52] /home/travis/build/icyphy/ptII/ptolemy/actor/lib/test/auto/Clock15.xml (RunModel)" time="0.011" />
  <testcase classname="ptolemy.util.test.junit.AutoTests" name="[53] /home/travis/build/icyphy/ptII/ptolemy/actor/lib/test/auto/Clock16.xml (RunModel)" time="0.111" />
  <testcase classname="ptolemy.util.test.junit.AutoTests" name="[54] /home/travis/build/icyphy/ptII/ptolemy/actor/lib/test/auto/Clock17.xml (RunModel)" time="0.048" />
  <testcase classname="ptolemy.util.test.junit.AutoTests" name="[55] /home/travis/build/icyphy/ptII/ptolemy/actor/lib/test/auto/Clock18.xml (RunModel)" time="0.048" />
  <testcase classname="ptolemy.util.test.junit.AutoTests" name="[56] /home/travis/build/icyphy/ptII/ptolemy/actor/lib/test/auto/Clock19.xml (RunModel)" time="0.038" />
  <testcase classname="ptolemy.util.test.junit.AutoTests" name="[57] /home/travis/build/icyphy/ptII/ptolemy/actor/lib/test/auto/Clock2.xml (RunModel)" time="0.01" />
  <testcase classname="ptolemy.util.test.junit.AutoTests" name="[58] /home/travis/build/icyphy/ptII/ptolemy/actor/lib/test/auto/Clock20.xml (RunModel)" time="0.015" />
  <testcase classname="ptolemy.util.test.junit.AutoTests" name="[59] /home/travis/build/icyphy/ptII/ptolemy/actor/lib/test/auto/Clock21.xml (RunModel)" time="0.013" />
  <testcase classname="ptolemy.util.test.junit.AutoTests" name="[60] /home/travis/build/icyphy/ptII/ptolemy/actor/lib/test/auto/Clock22.xml (RunModel)" time="0.012" />
  <testcase classname="ptolemy.util.test.junit.AutoTests" name="[61] /home/travis/build/icyphy/ptII/ptolemy/actor/lib/test/auto/Clock23.xml (RunModel)" time="0.016" />
  <testcase classname="ptolemy.util.test.junit.AutoTests" name="[62] /home/travis/build/icyphy/ptII/ptolemy/actor/lib/test/auto/Clock24.xml (RunModel)" time="0.011" />
  <testcase classname="ptolemy.util.test.junit.AutoTests" name="[63] /home/travis/build/icyphy/ptII/ptolemy/actor/lib/test/auto/Clock4.xml (RunModel)" time="0.01" />
  <testcase classname="ptolemy.util.test.junit.AutoTests" name="[64] /home/travis/build/icyphy/ptII/ptolemy/actor/lib/test/auto/Clock5.xml (RunModel)" time="0.013" />
  <testcase classname="ptolemy.util.test.junit.AutoTests" name="[65] /home/travis/build/icyphy/ptII/ptolemy/actor/lib/test/auto/Clock6.xml (RunModel)" time="0.006" />
  <testcase classname="ptolemy.util.test.junit.AutoTests" name="[66] /home/travis/build/icyphy/ptII/ptolemy/actor/lib/test/auto/Clock7.xml (RunModel)" time="0.008" />
  <testcase classname="ptolemy.util.test.junit.AutoTests" name="[67] /home/travis/build/icyphy/ptII/ptolemy/actor/lib/test/auto/Clock8.xml (RunModel)" time="0.011" />
  <testcase classname="ptolemy.util.test.junit.AutoTests" name="[68] /home/travis/build/icyphy/ptII/ptolemy/actor/lib/test/auto/Clock9.xml (RunModel)" time="0.012" />
  <testcase classname="ptolemy.util.test.junit.AutoTests" name="[69] /home/travis/build/icyphy/ptII/ptolemy/actor/lib/test/auto/CommDistDiscard.xml (RunModel)" time="0.018" />
  <testcase classname="ptolemy.util.test.junit.AutoTests" name="[70] /home/travis/build/icyphy/ptII/ptolemy/actor/lib/test/auto/Commutator.xml (RunModel)" time="0.012" />
  <testcase classname="ptolemy.util.test.junit.AutoTests" name="[71] /home/travis/build/icyphy/ptII/ptolemy/actor/lib/test/auto/Commutator2.xml (RunModel)" time="0.009" />
  <testcase classname="ptolemy.util.test.junit.AutoTests" name="[72] /home/travis/build/icyphy/ptII/ptolemy/actor/lib/test/auto/Commutator3.xml (RunModel)" time="0.009" />
  <testcase classname="ptolemy.util.test.junit.AutoTests" name="[73] /home/travis/build/icyphy/ptII/ptolemy/actor/lib/test/auto/Compare.xml (RunModel)" time="0.015" />
  <testcase classname="ptolemy.util.test.junit.AutoTests" name="[74] /home/travis/build/icyphy/ptII/ptolemy/actor/lib/test/auto/CompareDE.xml (RunModel)" time="0.015" />
  <testcase classname="ptolemy.util.test.junit.AutoTests" name="[75] /home/travis/build/icyphy/ptII/ptolemy/actor/lib/test/auto/ComplexDivide.xml (RunModel)" time="0.007" />
  <testcase classname="ptolemy.util.test.junit.AutoTests" name="[76] /home/travis/build/icyphy/ptII/ptolemy/actor/lib/test/auto/ComputeHistogram.xml (RunModel)" time="0.068" />
  <testcase classname="ptolemy.util.test.junit.AutoTests" name="[77] /home/travis/build/icyphy/ptII/ptolemy/actor/lib/test/auto/ConfigurationSelect.xml (RunModel)" time="0.017" />
  <testcase classname="ptolemy.util.test.junit.AutoTests" name="[78] /home/travis/build/icyphy/ptII/ptolemy/actor/lib/test/auto/ConfigurationSelect2.xml (RunModel)" time="0.02" />
  <testcase classname="ptolemy.util.test.junit.AutoTests" name="[79] /home/travis/build/icyphy/ptII/ptolemy/actor/lib/test/auto/ConfigurationSwitch.xml (RunModel)" time="0.023" />
  <testcase classname="ptolemy.util.test.junit.AutoTests" name="[80] /home/travis/build/icyphy/ptII/ptolemy/actor/lib/test/auto/ConfigurationSwitch2.xml (RunModel)" time="0.024" />
  <testcase classname="ptolemy.util.test.junit.AutoTests" name="[81] /home/travis/build/icyphy/ptII/ptolemy/actor/lib/test/auto/ConfigurationSwitchCloningBugWithClassRelationGroup.xml (RunModel)" time="0.02" />
  <testcase classname="ptolemy.util.test.junit.AutoTests" name="[82] /home/travis/build/icyphy/ptII/ptolemy/actor/lib/test/auto/ConfigurationSwitchSelectSDF.xml (RunModel)" time="0.015" />
  <testcase classname="ptolemy.util.test.junit.AutoTests" name="[83] /home/travis/build/icyphy/ptII/ptolemy/actor/lib/test/auto/ConfigurationSwitchSelectSDF2.xml (RunModel)" time="0.018" />
  <testcase classname="ptolemy.util.test.junit.AutoTests" name="[84] /home/travis/build/icyphy/ptII/ptolemy/actor/lib/test/auto/Const.xml (RunModel)" time="0.007" />
  <testcase classname="ptolemy.util.test.junit.AutoTests" name="[85] /home/travis/build/icyphy/ptII/ptolemy/actor/lib/test/auto/Const2.xml (RunModel)" time="0.01" />
  <testcase classname="ptolemy.util.test.junit.AutoTests" name="[86] /home/travis/build/icyphy/ptII/ptolemy/actor/lib/test/auto/Const3.xml (RunModel)" time="0.008" />
  <testcase classname="ptolemy.util.test.junit.AutoTests" name="[87] /home/travis/build/icyphy/ptII/ptolemy/actor/lib/test/auto/ConstantPublisherPort1.xml (RunModel)" time="0.022" />
  <testcase classname="ptolemy.util.test.junit.AutoTests" name="[88] /home/travis/build/icyphy/ptII/ptolemy/actor/lib/test/auto/ConstantPublisherPort2.xml (RunModel)" time="0.022" />
  <testcase classname="ptolemy.util.test.junit.AutoTests" name="[89] /home/travis/build/icyphy/ptII/ptolemy/actor/lib/test/auto/ConstantPublisherPort3.xml (RunModel)" time="0.027" />
  <testcase classname="ptolemy.util.test.junit.AutoTests" name="[90] /home/travis/build/icyphy/ptII/ptolemy/actor/lib/test/auto/ConstantPublisherPort4.xml (RunModel)" time="0.019" />
  <testcase classname="ptolemy.util.test.junit.AutoTests" name="[91] /home/travis/build/icyphy/ptII/ptolemy/actor/lib/test/auto/ConstantPublisherPort5.xml (RunModel)" time="0.047" />
  <testcase classname="ptolemy.util.test.junit.AutoTests" name="[92] /home/travis/build/icyphy/ptII/ptolemy/actor/lib/test/auto/ConstantPublisherPort6.xml (RunModel)" time="0.032" />
  <testcase classname="ptolemy.util.test.junit.AutoTests" name="[93] /home/travis/build/icyphy/ptII/ptolemy/actor/lib/test/auto/ConstantPublisherPort7.xml (RunModel)" time="0.032" />
  <testcase classname="ptolemy.util.test.junit.AutoTests" name="[94] /home/travis/build/icyphy/ptII/ptolemy/actor/lib/test/auto/ConstraintMonitor1.xml (RunModel)" time="0.048" />
  <testcase classname="ptolemy.util.test.junit.AutoTests" name="[95] /home/travis/build/icyphy/ptII/ptolemy/actor/lib/test/auto/ConstraintMonitor2.xml (RunModel)" time="0.015" />
  <testcase classname="ptolemy.util.test.junit.AutoTests" name="[96] /home/travis/build/icyphy/ptII/ptolemy/actor/lib/test/auto/ConstraintMonitor3.xml (RunModel)" time="0.016" />
  <testcase classname="ptolemy.util.test.junit.AutoTests" name="[97] /home/travis/build/icyphy/ptII/ptolemy/actor/lib/test/auto/ConstraintMonitor4.xml (RunModel)" time="0.014" />
  <testcase classname="ptolemy.util.test.junit.AutoTests" name="[98] /home/travis/build/icyphy/ptII/ptolemy/actor/lib/test/auto/ConstraintMonitor5.xml (RunModel)" time="0.016" />
  <testcase classname="ptolemy.util.test.junit.AutoTests" name="[99] /home/travis/build/icyphy/ptII/ptolemy/actor/lib/test/auto/ConstraintMonitor6.xml (RunModel)" time="0.018" />
  <testcase classname="ptolemy.util.test.junit.AutoTests" name="[100] /home/travis/build/icyphy/ptII/ptolemy/actor/lib/test/auto/ConstraintMonitor7.xml (RunModel)" time="0.027" />
  <testcase classname="ptolemy.util.test.junit.AutoTests" name="[101] /home/travis/build/icyphy/ptII/ptolemy/actor/lib/test/auto/ConstraintMonitor8.xml (RunModel)" time="0.022" />
  <testcase classname="ptolemy.util.test.junit.AutoTests" name="[102] /home/travis/build/icyphy/ptII/ptolemy/actor/lib/test/auto/Counter.xml (RunModel)" time="0.016" />
  <testcase classname="ptolemy.util.test.junit.AutoTests" name="[103] /home/travis/build/icyphy/ptII/ptolemy/actor/lib/test/auto/CurrentTimeSDF.xml (RunModel)" time="0.013" />
  <testcase classname="ptolemy.util.test.junit.AutoTests" name="[104] /home/travis/build/icyphy/ptII/ptolemy/actor/lib/test/auto/DB.xml (RunModel)" time="0.018" />
  <testcase classname="ptolemy.util.test.junit.AutoTests" name="[105] /home/travis/build/icyphy/ptII/ptolemy/actor/lib/test/auto/DBDE.xml (RunModel)" time="0.027" />
  <testcase classname="ptolemy.util.test.junit.AutoTests" name="[106] /home/travis/build/icyphy/ptII/ptolemy/actor/lib/test/auto/DateConstructor.xml (RunModel)" time="0.084" />
  <testcase classname="ptolemy.util.test.junit.AutoTests" name="[107] /home/travis/build/icyphy/ptII/ptolemy/actor/lib/test/auto/DelayTime.xml (RunModel)" time="0.018" />
  <testcase classname="ptolemy.util.test.junit.AutoTests" name="[108] /home/travis/build/icyphy/ptII/ptolemy/actor/lib/test/auto/Dictionary1.xml (RunModel)" time="0.022" />
  <testcase classname="ptolemy.util.test.junit.AutoTests" name="[109] /home/travis/build/icyphy/ptII/ptolemy/actor/lib/test/auto/Dictionary2.xml (RunModel)" time="0.019" />
  <testcase classname="ptolemy.util.test.junit.AutoTests" name="[110] /home/travis/build/icyphy/ptII/ptolemy/actor/lib/test/auto/Dictionary3.xml (RunModel)" time="0.013" />
  <testcase classname="ptolemy.util.test.junit.AutoTests" name="[111] /home/travis/build/icyphy/ptII/ptolemy/actor/lib/test/auto/Dictionary4.xml (RunModel)" time="0.022" />
  <testcase classname="ptolemy.util.test.junit.AutoTests" name="[112] /home/travis/build/icyphy/ptII/ptolemy/actor/lib/test/auto/Differential.xml (RunModel)" time="0.013" />
  <testcase classname="ptolemy.util.test.junit.AutoTests" name="[113] /home/travis/build/icyphy/ptII/ptolemy/actor/lib/test/auto/Director.xml (RunModel)" time="0.009" />
  <testcase classname="ptolemy.util.test.junit.AutoTests" name="[114] /home/travis/build/icyphy/ptII/ptolemy/actor/lib/test/auto/DiscreteClock.xml (RunModel)" time="0.007" />
  <testcase classname="ptolemy.util.test.junit.AutoTests" name="[115] /home/travis/build/icyphy/ptII/ptolemy/actor/lib/test/auto/DiscreteClock10.xml (RunModel)" time="0.013" />
  <testcase classname="ptolemy.util.test.junit.AutoTests" name="[116] /home/travis/build/icyphy/ptII/ptolemy/actor/lib/test/auto/DiscreteClock11.xml (RunModel)" time="0.013" />
  <testcase classname="ptolemy.util.test.junit.AutoTests" name="[117] /home/travis/build/icyphy/ptII/ptolemy/actor/lib/test/auto/DiscreteClock12.xml (RunModel)" time="0.014" />
  <testcase classname="ptolemy.util.test.junit.AutoTests" name="[118] /home/travis/build/icyphy/ptII/ptolemy/actor/lib/test/auto/DiscreteClock13.xml (RunModel)" time="0.017" />
  <testcase classname="ptolemy.util.test.junit.AutoTests" name="[119] /home/travis/build/icyphy/ptII/ptolemy/actor/lib/test/auto/DiscreteClock14.xml (RunModel)" time="0.014" />
  <testcase classname="ptolemy.util.test.junit.AutoTests" name="[120] /home/travis/build/icyphy/ptII/ptolemy/actor/lib/test/auto/DiscreteClock15.xml (RunModel)" time="0.025" />
  <testcase classname="ptolemy.util.test.junit.AutoTests" name="[121] /home/travis/build/icyphy/ptII/ptolemy/actor/lib/test/auto/DiscreteClock16.xml (RunModel)" time="0.044" />
  <testcase classname="ptolemy.util.test.junit.AutoTests" name="[122] /home/travis/build/icyphy/ptII/ptolemy/actor/lib/test/auto/DiscreteClock17.xml (RunModel)" time="0.035" />
  <testcase classname="ptolemy.util.test.junit.AutoTests" name="[123] /home/travis/build/icyphy/ptII/ptolemy/actor/lib/test/auto/DiscreteClock18.xml (RunModel)" time="0.04" />
  <testcase classname="ptolemy.util.test.junit.AutoTests" name="[124] /home/travis/build/icyphy/ptII/ptolemy/actor/lib/test/auto/DiscreteClock19.xml (RunModel)" time="0.045" />
  <testcase classname="ptolemy.util.test.junit.AutoTests" name="[125] /home/travis/build/icyphy/ptII/ptolemy/actor/lib/test/auto/DiscreteClock2.xml (RunModel)" time="0.009" />
  <testcase classname="ptolemy.util.test.junit.AutoTests" name="[126] /home/travis/build/icyphy/ptII/ptolemy/actor/lib/test/auto/DiscreteClock20.xml (RunModel)" time="0.012" />
  <testcase classname="ptolemy.util.test.junit.AutoTests" name="[127] /home/travis/build/icyphy/ptII/ptolemy/actor/lib/test/auto/DiscreteClock21.xml (RunModel)" time="0.015" />
  <testcase classname="ptolemy.util.test.junit.AutoTests" name="[128] /home/travis/build/icyphy/ptII/ptolemy/actor/lib/test/auto/DiscreteClock22.xml (RunModel)" time="0.01" />
  <testcase classname="ptolemy.util.test.junit.AutoTests" name="[129] /home/travis/build/icyphy/ptII/ptolemy/actor/lib/test/auto/DiscreteClock23.xml (RunModel)" time="0.012" />
  <testcase classname="ptolemy.util.test.junit.AutoTests" name="[130] /home/travis/build/icyphy/ptII/ptolemy/actor/lib/test/auto/DiscreteClock24.xml (RunModel)" time="0.013" />
  <testcase classname="ptolemy.util.test.junit.AutoTests" name="[131] /home/travis/build/icyphy/ptII/ptolemy/actor/lib/test/auto/DiscreteClock4.xml (RunModel)" time="0.01" />
  <testcase classname="ptolemy.util.test.junit.AutoTests" name="[132] /home/travis/build/icyphy/ptII/ptolemy/actor/lib/test/auto/DiscreteClock5.xml (RunModel)" time="0.009" />
  <testcase classname="ptolemy.util.test.junit.AutoTests" name="[133] /home/travis/build/icyphy/ptII/ptolemy/actor/lib/test/auto/DiscreteClock6.xml (RunModel)" time="0.009" />
  <testcase classname="ptolemy.util.test.junit.AutoTests" name="[134] /home/travis/build/icyphy/ptII/ptolemy/actor/lib/test/auto/DiscreteClock7.xml (RunModel)" time="0.009" />
  <testcase classname="ptolemy.util.test.junit.AutoTests" name="[135] /home/travis/build/icyphy/ptII/ptolemy/actor/lib/test/auto/DiscreteClock8.xml (RunModel)" time="0.017" />
  <testcase classname="ptolemy.util.test.junit.AutoTests" name="[136] /home/travis/build/icyphy/ptII/ptolemy/actor/lib/test/auto/DiscreteClock9.xml (RunModel)" time="0.012" />
  <testcase classname="ptolemy.util.test.junit.AutoTests" name="[137] /home/travis/build/icyphy/ptII/ptolemy/actor/lib/test/auto/DisplayArray.xml (RunModel)" time="0.011" />
  <testcase classname="ptolemy.util.test.junit.AutoTests" name="[138] /home/travis/build/icyphy/ptII/ptolemy/actor/lib/test/auto/Distributor.xml (RunModel)" time="0.008" />
  <testcase classname="ptolemy.util.test.junit.AutoTests" name="[139] /home/travis/build/icyphy/ptII/ptolemy/actor/lib/test/auto/Distributor2.xml (RunModel)" time="0.008" />
  <testcase classname="ptolemy.util.test.junit.AutoTests" name="[140] /home/travis/build/icyphy/ptII/ptolemy/actor/lib/test/auto/DownSample.xml (RunModel)" time="0.008" />
  <testcase classname="ptolemy.util.test.junit.AutoTests" name="[141] /home/travis/build/icyphy/ptII/ptolemy/actor/lib/test/auto/ElectronicUnitBase1.xml (RunModel)" time="0.067" />
  <testcase classname="ptolemy.util.test.junit.AutoTests" name="[142] /home/travis/build/icyphy/ptII/ptolemy/actor/lib/test/auto/ElementsToArray.xml (RunModel)" time="0.01" />
  <testcase classname="ptolemy.util.test.junit.AutoTests" name="[143] /home/travis/build/icyphy/ptII/ptolemy/actor/lib/test/auto/Equals.xml (RunModel)" time="0.011" />
  <testcase classname="ptolemy.util.test.junit.AutoTests" name="[144] /home/travis/build/icyphy/ptII/ptolemy/actor/lib/test/auto/Exec.xml (RunModel)" time="0.024" />
  <testcase classname="ptolemy.util.test.junit.AutoTests" name="[145] /home/travis/build/icyphy/ptII/ptolemy/actor/lib/test/auto/ExecEnvironment.xml (RunModel)" time="0.027" />
  <testcase classname="ptolemy.util.test.junit.AutoTests" name="[146] /home/travis/build/icyphy/ptII/ptolemy/actor/lib/test/auto/ExecNonZeroReturnOutput.xml (RunModel)" time="0.178" />
  <testcase classname="ptolemy.util.test.junit.AutoTests" name="[147] /home/travis/build/icyphy/ptII/ptolemy/actor/lib/test/auto/ExecRunDemos.xml (RunModel)" time="10.346" />
  <testcase classname="ptolemy.util.test.junit.AutoTests" name="[148] /home/travis/build/icyphy/ptII/ptolemy/actor/lib/test/auto/ExecStop.xml (RunModel)" time="5.03" />
  <testcase classname="ptolemy.util.test.junit.AutoTests" name="[149] /home/travis/build/icyphy/ptII/ptolemy/actor/lib/test/auto/ExecutionTimeSDF.xml (RunModel)" time="6.031" />
  <testcase classname="ptolemy.util.test.junit.AutoTests" name="[150] /home/travis/build/icyphy/ptII/ptolemy/actor/lib/test/auto/Expression1.xml (RunModel)" time="0.017" />
  <testcase classname="ptolemy.util.test.junit.AutoTests" name="[151] /home/travis/build/icyphy/ptII/ptolemy/actor/lib/test/auto/Expression10.xml (RunModel)" time="0.026" />
  <testcase classname="ptolemy.util.test.junit.AutoTests" name="[152] /home/travis/build/icyphy/ptII/ptolemy/actor/lib/test/auto/Expression11.xml (RunModel)" time="0.011" />
  <testcase classname="ptolemy.util.test.junit.AutoTests" name="[153] /home/travis/build/icyphy/ptII/ptolemy/actor/lib/test/auto/Expression12.xml (RunModel)" time="0.013" />
  <testcase classname="ptolemy.util.test.junit.AutoTests" name="[154] /home/travis/build/icyphy/ptII/ptolemy/actor/lib/test/auto/Expression13.xml (RunModel)" time="0.012" />
  <testcase classname="ptolemy.util.test.junit.AutoTests" name="[155] /home/travis/build/icyphy/ptII/ptolemy/actor/lib/test/auto/Expression14.xml (RunModel)" time="0.015" />
  <testcase classname="ptolemy.util.test.junit.AutoTests" name="[156] /home/travis/build/icyphy/ptII/ptolemy/actor/lib/test/auto/Expression15.xml (RunModel)" time="0.007" />
  <testcase classname="ptolemy.util.test.junit.AutoTests" name="[157] /home/travis/build/icyphy/ptII/ptolemy/actor/lib/test/auto/Expression16.xml (RunModel)" time="0.015" />
  <testcase classname="ptolemy.util.test.junit.AutoTests" name="[158] /home/travis/build/icyphy/ptII/ptolemy/actor/lib/test/auto/Expression17.xml (RunModel)" time="0.013" />
  <testcase classname="ptolemy.util.test.junit.AutoTests" name="[159] /home/travis/build/icyphy/ptII/ptolemy/actor/lib/test/auto/Expression18.xml (RunModel)" time="0.013" />
  <testcase classname="ptolemy.util.test.junit.AutoTests" name="[160] /home/travis/build/icyphy/ptII/ptolemy/actor/lib/test/auto/Expression2.xml (RunModel)" time="0.013" />
  <testcase classname="ptolemy.util.test.junit.AutoTests" name="[161] /home/travis/build/icyphy/ptII/ptolemy/actor/lib/test/auto/Expression3.xml (RunModel)" time="0.013" />
  <testcase classname="ptolemy.util.test.junit.AutoTests" name="[162] /home/travis/build/icyphy/ptII/ptolemy/actor/lib/test/auto/Expression4.xml (RunModel)" time="0.02" />
  <testcase classname="ptolemy.util.test.junit.AutoTests" name="[163] /home/travis/build/icyphy/ptII/ptolemy/actor/lib/test/auto/Expression5.xml (RunModel)" time="0.011" />
  <testcase classname="ptolemy.util.test.junit.AutoTests" name="[164] /home/travis/build/icyphy/ptII/ptolemy/actor/lib/test/auto/Expression6.xml (RunModel)" time="0.009" />
  <testcase classname="ptolemy.util.test.junit.AutoTests" name="[165] /home/travis/build/icyphy/ptII/ptolemy/actor/lib/test/auto/Expression7.xml (RunModel)" time="0.011" />
  <testcase classname="ptolemy.util.test.junit.AutoTests" name="[166] /home/travis/build/icyphy/ptII/ptolemy/actor/lib/test/auto/Expression8.xml (RunModel)" time="0.014" />
  <testcase classname="ptolemy.util.test.junit.AutoTests" name="[167] /home/travis/build/icyphy/ptII/ptolemy/actor/lib/test/auto/Expression9.xml (RunModel)" time="0.013" />
  <testcase classname="ptolemy.util.test.junit.AutoTests" name="[168] /home/travis/build/icyphy/ptII/ptolemy/actor/lib/test/auto/ExpressionConcatenateArrayType.xml (RunModel)" time="0.03" />
  <testcase classname="ptolemy.util.test.junit.AutoTests" name="[169] /home/travis/build/icyphy/ptII/ptolemy/actor/lib/test/auto/ExpressionConcatenateArrayType2.xml (RunModel)" time="0.018" />
  <testcase classname="ptolemy.util.test.junit.AutoTests" name="[170] /home/travis/build/icyphy/ptII/ptolemy/actor/lib/test/auto/ExpressionFix.xml (RunModel)" time="0.041" />
  <testcase classname="ptolemy.util.test.junit.AutoTests" name="[171] /home/travis/build/icyphy/ptII/ptolemy/actor/lib/test/auto/ExpressionFix2.xml (RunModel)" time="0.015" />
  <testcase classname="ptolemy.util.test.junit.AutoTests" name="[172] /home/travis/build/icyphy/ptII/ptolemy/actor/lib/test/auto/ExpressionFix3.xml (RunModel)" time="0.011" />
  <testcase classname="ptolemy.util.test.junit.AutoTests" name="[173] /home/travis/build/icyphy/ptII/ptolemy/actor/lib/test/auto/FileWriter1.xml (RunModel)" time="0.008" />
  <testcase classname="ptolemy.util.test.junit.AutoTests" name="[174] /home/travis/build/icyphy/ptII/ptolemy/actor/lib/test/auto/FileWriter2.xml (RunModel)" time="0.01" />
  <testcase classname="ptolemy.util.test.junit.AutoTests" name="[175] /home/travis/build/icyphy/ptII/ptolemy/actor/lib/test/auto/FileWriter3.xml (RunModel)" time="0.012" />
  <testcase classname="ptolemy.util.test.junit.AutoTests" name="[176] /home/travis/build/icyphy/ptII/ptolemy/actor/lib/test/auto/Gaussian.xml (RunModel)" time="0.01" />
  <testcase classname="ptolemy.util.test.junit.AutoTests" name="[177] /home/travis/build/icyphy/ptII/ptolemy/actor/lib/test/auto/Gaussian1.xml (RunModel)" time="0.018" />
  <testcase classname="ptolemy.util.test.junit.AutoTests" name="[178] /home/travis/build/icyphy/ptII/ptolemy/actor/lib/test/auto/Gaussian2.xml (RunModel)" time="0.015" />
  <testcase classname="ptolemy.util.test.junit.AutoTests" name="[179] /home/travis/build/icyphy/ptII/ptolemy/actor/lib/test/auto/GradientAdaptiveLattice.xml (RunModel)" time="0.013" />
  <testcase classname="ptolemy.util.test.junit.AutoTests" name="[180] /home/travis/build/icyphy/ptII/ptolemy/actor/lib/test/auto/IIR.xml (RunModel)" time="0.009" />
  <testcase classname="ptolemy.util.test.junit.AutoTests" name="[181] /home/travis/build/icyphy/ptII/ptolemy/actor/lib/test/auto/InputOutputTransparentPorts.xml (RunModel)" time="0.016" />
  <testcase classname="ptolemy.util.test.junit.AutoTests" name="[182] /home/travis/build/icyphy/ptII/ptolemy/actor/lib/test/auto/Interpolator.xml (RunModel)" time="0.009" />
  <testcase classname="ptolemy.util.test.junit.AutoTests" name="[183] /home/travis/build/icyphy/ptII/ptolemy/actor/lib/test/auto/InterpolatorFiringLimitDE.xml (RunModel)" time="0.014" />
  <testcase classname="ptolemy.util.test.junit.AutoTests" name="[184] /home/travis/build/icyphy/ptII/ptolemy/actor/lib/test/auto/Lattice.xml (RunModel)" time="0.008" />
  <testcase classname="ptolemy.util.test.junit.AutoTests" name="[185] /home/travis/build/icyphy/ptII/ptolemy/actor/lib/test/auto/LazyAOCTestLazy.xml (RunModel)" time="0.025" />
  <testcase classname="ptolemy.util.test.junit.AutoTests" name="[186] /home/travis/build/icyphy/ptII/ptolemy/actor/lib/test/auto/LazyAOCTestNonLazy.xml (RunModel)" time="0.037" />
  <testcase classname="ptolemy.util.test.junit.AutoTests" name="[187] /home/travis/build/icyphy/ptII/ptolemy/actor/lib/test/auto/LazyInnerClass.xml (RunModel)" time="0.045" />
  <testcase classname="ptolemy.util.test.junit.AutoTests" name="[188] /home/travis/build/icyphy/ptII/ptolemy/actor/lib/test/auto/LazyPubSub.xml (RunModel)" time="0.061" />
  <testcase classname="ptolemy.util.test.junit.AutoTests" name="[189] /home/travis/build/icyphy/ptII/ptolemy/actor/lib/test/auto/LazyPubSub2.xml (RunModel)" time="0.044" />
  <testcase classname="ptolemy.util.test.junit.AutoTests" name="[190] /home/travis/build/icyphy/ptII/ptolemy/actor/lib/test/auto/LazyPubSub3.xml (RunModel)" time="0.025" />
  <testcase classname="ptolemy.util.test.junit.AutoTests" name="[191] /home/travis/build/icyphy/ptII/ptolemy/actor/lib/test/auto/LazySubClassModel.xml (RunModel)" time="0.038" />
  <testcase classname="ptolemy.util.test.junit.AutoTests" name="[192] /home/travis/build/icyphy/ptII/ptolemy/actor/lib/test/auto/LevelCrossTest1.xml (RunModel)" time="0.008" />
  <testcase classname="ptolemy.util.test.junit.AutoTests" name="[193] /home/travis/build/icyphy/ptII/ptolemy/actor/lib/test/auto/LevelCrossTest10.xml (RunModel)" time="0.013" />
  <testcase classname="ptolemy.util.test.junit.AutoTests" name="[194] /home/travis/build/icyphy/ptII/ptolemy/actor/lib/test/auto/LevelCrossTest11.xml (RunModel)" time="0.013" />
  <testcase classname="ptolemy.util.test.junit.AutoTests" name="[195] /home/travis/build/icyphy/ptII/ptolemy/actor/lib/test/auto/LevelCrossTest12.xml (RunModel)" time="0.014" />
  <testcase classname="ptolemy.util.test.junit.AutoTests" name="[196] /home/travis/build/icyphy/ptII/ptolemy/actor/lib/test/auto/LevelCrossTest13.xml (RunModel)" time="0.012" />
  <testcase classname="ptolemy.util.test.junit.AutoTests" name="[197] /home/travis/build/icyphy/ptII/ptolemy/actor/lib/test/auto/LevelCrossTest2.xml (RunModel)" time="0.008" />
  <testcase classname="ptolemy.util.test.junit.AutoTests" name="[198] /home/travis/build/icyphy/ptII/ptolemy/actor/lib/test/auto/LevelCrossTest3.xml (RunModel)" time="0.009" />
  <testcase classname="ptolemy.util.test.junit.AutoTests" name="[199] /home/travis/build/icyphy/ptII/ptolemy/actor/lib/test/auto/LevelCrossTest4.xml (RunModel)" time="0.008" />
  <testcase classname="ptolemy.util.test.junit.AutoTests" name="[200] /home/travis/build/icyphy/ptII/ptolemy/actor/lib/test/auto/LevelCrossTest5.xml (RunModel)" time="0.011" />
  <testcase classname="ptolemy.util.test.junit.AutoTests" name="[201] /home/travis/build/icyphy/ptII/ptolemy/actor/lib/test/auto/LevelCrossTest6.xml (RunModel)" time="0.012" />
  <testcase classname="ptolemy.util.test.junit.AutoTests" name="[202] /home/travis/build/icyphy/ptII/ptolemy/actor/lib/test/auto/LevelCrossTest7.xml (RunModel)" time="0.016" />
  <testcase classname="ptolemy.util.test.junit.AutoTests" name="[203] /home/travis/build/icyphy/ptII/ptolemy/actor/lib/test/auto/LevelCrossTest8.xml (RunModel)" time="0.012" />
  <testcase classname="ptolemy.util.test.junit.AutoTests" name="[204] /home/travis/build/icyphy/ptII/ptolemy/actor/lib/test/auto/LevelCrossTest9.xml (RunModel)" time="0.01" />
  <testcase classname="ptolemy.util.test.junit.AutoTests" name="[205] /home/travis/build/icyphy/ptII/ptolemy/actor/lib/test/auto/LevinsonDurbin.xml (RunModel)" time="0.015" />
  <testcase classname="ptolemy.util.test.junit.AutoTests" name="[206] /home/travis/build/icyphy/ptII/ptolemy/actor/lib/test/auto/LevinsonDurbin2.xml (RunModel)" time="0.007" />
  <testcase classname="ptolemy.util.test.junit.AutoTests" name="[207] /home/travis/build/icyphy/ptII/ptolemy/actor/lib/test/auto/LevinsonDurbin3.xml (RunModel)" time="0.007" />
  <testcase classname="ptolemy.util.test.junit.AutoTests" name="[208] /home/travis/build/icyphy/ptII/ptolemy/actor/lib/test/auto/Limiter.xml (RunModel)" time="0.032" />
  <testcase classname="ptolemy.util.test.junit.AutoTests" name="[209] /home/travis/build/icyphy/ptII/ptolemy/actor/lib/test/auto/LinearDifferenceEquationSystem.xml (RunModel)" time="0.018" />
  <testcase classname="ptolemy.util.test.junit.AutoTests" name="[210] /home/travis/build/icyphy/ptII/ptolemy/actor/lib/test/auto/LookupTable.xml (RunModel)" time="0.008" />
  <testcase classname="ptolemy.util.test.junit.AutoTests" name="[211] /home/travis/build/icyphy/ptII/ptolemy/actor/lib/test/auto/MathFunction.xml (RunModel)" time="0.023" />
  <testcase classname="ptolemy.util.test.junit.AutoTests" name="[212] /home/travis/build/icyphy/ptII/ptolemy/actor/lib/test/auto/MathFunction2.xml (RunModel)" time="0.014" />
  <testcase classname="ptolemy.util.test.junit.AutoTests" name="[213] /home/travis/build/icyphy/ptII/ptolemy/actor/lib/test/auto/MathFunction3.xml (RunModel)" time="0.015" />
  <testcase classname="ptolemy.util.test.junit.AutoTests" name="[214] /home/travis/build/icyphy/ptII/ptolemy/actor/lib/test/auto/MatrixCropBoolean.xml (RunModel)" time="0.011" />
  <testcase classname="ptolemy.util.test.junit.AutoTests" name="[215] /home/travis/build/icyphy/ptII/ptolemy/actor/lib/test/auto/MatrixCropComplex.xml (RunModel)" time="0.012" />
  <testcase classname="ptolemy.util.test.junit.AutoTests" name="[216] /home/travis/build/icyphy/ptII/ptolemy/actor/lib/test/auto/MatrixCropDouble.xml (RunModel)" time="0.009" />
  <testcase classname="ptolemy.util.test.junit.AutoTests" name="[217] /home/travis/build/icyphy/ptII/ptolemy/actor/lib/test/auto/MatrixCropFix.xml (RunModel)" time="0.011" />
  <testcase classname="ptolemy.util.test.junit.AutoTests" name="[218] /home/travis/build/icyphy/ptII/ptolemy/actor/lib/test/auto/MatrixCropInt.xml (RunModel)" time="0.007" />
  <testcase classname="ptolemy.util.test.junit.AutoTests" name="[219] /home/travis/build/icyphy/ptII/ptolemy/actor/lib/test/auto/MatrixCropLong.xml (RunModel)" time="0.007" />
  <testcase classname="ptolemy.util.test.junit.AutoTests" name="[220] /home/travis/build/icyphy/ptII/ptolemy/actor/lib/test/auto/MatrixToArray.xml (RunModel)" time="0.046" />
  <testcase classname="ptolemy.util.test.junit.AutoTests" name="[221] /home/travis/build/icyphy/ptII/ptolemy/actor/lib/test/auto/MaxIndex.xml (RunModel)" time="0.01" />
  <testcase classname="ptolemy.util.test.junit.AutoTests" name="[222] /home/travis/build/icyphy/ptII/ptolemy/actor/lib/test/auto/Maximum.xml (RunModel)" time="0.014" />
  <testcase classname="ptolemy.util.test.junit.AutoTests" name="[223] /home/travis/build/icyphy/ptII/ptolemy/actor/lib/test/auto/MaximumComplex.xml (RunModel)" time="0.012" />
  <testcase classname="ptolemy.util.test.junit.AutoTests" name="[224] /home/travis/build/icyphy/ptII/ptolemy/actor/lib/test/auto/MethodCallTest.xml (RunModel)" time="0.019" />
  <testcase classname="ptolemy.util.test.junit.AutoTests" name="[225] /home/travis/build/icyphy/ptII/ptolemy/actor/lib/test/auto/Minimum.xml (RunModel)" time="0.012" />
  <testcase classname="ptolemy.util.test.junit.AutoTests" name="[226] /home/travis/build/icyphy/ptII/ptolemy/actor/lib/test/auto/MinimumComplex.xml (RunModel)" time="0.021" />
  <testcase classname="ptolemy.util.test.junit.AutoTests" name="[227] /home/travis/build/icyphy/ptII/ptolemy/actor/lib/test/auto/MinimumMultiports.xml (RunModel)" time="0.016" />
  <testcase classname="ptolemy.util.test.junit.AutoTests" name="[228] /home/travis/build/icyphy/ptII/ptolemy/actor/lib/test/auto/ModifyDate.xml (RunModel)" time="0.038" />
  <testcase classname="ptolemy.util.test.junit.AutoTests" name="[229] /home/travis/build/icyphy/ptII/ptolemy/actor/lib/test/auto/ModifyDate2.xml (RunModel)" time="0.04" />
  <testcase classname="ptolemy.util.test.junit.AutoTests" name="[230] /home/travis/build/icyphy/ptII/ptolemy/actor/lib/test/auto/MovingAverage.xml (RunModel)" time="0.01" />
  <testcase classname="ptolemy.util.test.junit.AutoTests" name="[231] /home/travis/build/icyphy/ptII/ptolemy/actor/lib/test/auto/MovingMaximum.xml (RunModel)" time="0.008" />
  <testcase classname="ptolemy.util.test.junit.AutoTests" name="[232] /home/travis/build/icyphy/ptII/ptolemy/actor/lib/test/auto/MultipleLinksToSameRelation.xml (RunModel)" time="0.01" />
  <testcase classname="ptolemy.util.test.junit.AutoTests" name="[233] /home/travis/build/icyphy/ptII/ptolemy/actor/lib/test/auto/MultipleLinksToSameRelationDE.xml (RunModel)" time="0.006" />
  <testcase classname="ptolemy.util.test.junit.AutoTests" name="[234] /home/travis/build/icyphy/ptII/ptolemy/actor/lib/test/auto/Multiplexor.xml (RunModel)" time="0.009" />
  <testcase classname="ptolemy.util.test.junit.AutoTests" name="[235] /home/travis/build/icyphy/ptII/ptolemy/actor/lib/test/auto/Multiplexor1.xml (RunModel)" time="0.009" />
  <testcase classname="ptolemy.util.test.junit.AutoTests" name="[236] /home/travis/build/icyphy/ptII/ptolemy/actor/lib/test/auto/Multiplexor2.xml (RunModel)" time="0.011" />
  <testcase classname="ptolemy.util.test.junit.AutoTests" name="[237] /home/travis/build/icyphy/ptII/ptolemy/actor/lib/test/auto/Multiplexor3.xml (RunModel)" time="0.008" />
  <testcase classname="ptolemy.util.test.junit.AutoTests" name="[238] /home/travis/build/icyphy/ptII/ptolemy/actor/lib/test/auto/MultiplexorDE.xml (RunModel)" time="0.014" />
  <testcase classname="ptolemy.util.test.junit.AutoTests" name="[239] /home/travis/build/icyphy/ptII/ptolemy/actor/lib/test/auto/MultiportBroadcastTest.xml (RunModel)" time="0.072" />
  <testcase classname="ptolemy.util.test.junit.AutoTests" name="[240] /home/travis/build/icyphy/ptII/ptolemy/actor/lib/test/auto/MultiportOutHangDuringGetWidth.xml (RunModel)" time="0.03" />
  <testcase classname="ptolemy.util.test.junit.AutoTests" name="[241] /home/travis/build/icyphy/ptII/ptolemy/actor/lib/test/auto/NilToken.xml (RunModel)" time="0.011" />
  <testcase classname="ptolemy.util.test.junit.AutoTests" name="[242] /home/travis/build/icyphy/ptII/ptolemy/actor/lib/test/auto/NilTokenNonStrictTest.xml (RunModel)" time="0.01" />
  <testcase classname="ptolemy.util.test.junit.AutoTests" name="[243] /home/travis/build/icyphy/ptII/ptolemy/actor/lib/test/auto/NilTokenRecord.xml (RunModel)" time="0.027" />
  <testcase classname="ptolemy.util.test.junit.AutoTests" name="[244] /home/travis/build/icyphy/ptII/ptolemy/actor/lib/test/auto/NilTokenTypeTest.xml (RunModel)" time="0.03" />
  <testcase classname="ptolemy.util.test.junit.AutoTests" name="[245] /home/travis/build/icyphy/ptII/ptolemy/actor/lib/test/auto/ObjectToken1.xml (RunModel)" time="0.007" />
  <testcase classname="ptolemy.util.test.junit.AutoTests" name="[246] /home/travis/build/icyphy/ptII/ptolemy/actor/lib/test/auto/OrderedMerge.xml (RunModel)" time="0.013" />
  <testcase classname="ptolemy.util.test.junit.AutoTests" name="[247] /home/travis/build/icyphy/ptII/ptolemy/actor/lib/test/auto/OrderedRecordDisassembler.xml (RunModel)" time="0.019" />
  <testcase classname="ptolemy.util.test.junit.AutoTests" name="[248] /home/travis/build/icyphy/ptII/ptolemy/actor/lib/test/auto/OrderedRecordDisassembler2.xml (RunModel)" time="0.016" />
  <testcase classname="ptolemy.util.test.junit.AutoTests" name="[249] /home/travis/build/icyphy/ptII/ptolemy/actor/lib/test/auto/OrderedRecordUpdater.xml (RunModel)" time="0.009" />
  <testcase classname="ptolemy.util.test.junit.AutoTests" name="[250] /home/travis/build/icyphy/ptII/ptolemy/actor/lib/test/auto/OrderedRecordUpdater2.xml (RunModel)" time="0.015" />
  <testcase classname="ptolemy.util.test.junit.AutoTests" name="[251] /home/travis/build/icyphy/ptII/ptolemy/actor/lib/test/auto/PhaseUnwrap.xml (RunModel)" time="0.011" />
  <testcase classname="ptolemy.util.test.junit.AutoTests" name="[252] /home/travis/build/icyphy/ptII/ptolemy/actor/lib/test/auto/PoissonClock.xml (RunModel)" time="0.008" />
  <testcase classname="ptolemy.util.test.junit.AutoTests" name="[253] /home/travis/build/icyphy/ptII/ptolemy/actor/lib/test/auto/PoissonClock2.xml (RunModel)" time="0.006" />
  <testcase classname="ptolemy.util.test.junit.AutoTests" name="[254] /home/travis/build/icyphy/ptII/ptolemy/actor/lib/test/auto/PoissonClock3.xml (RunModel)" time="0.02" />
  <testcase classname="ptolemy.util.test.junit.AutoTests" name="[255] /home/travis/build/icyphy/ptII/ptolemy/actor/lib/test/auto/PubSubWithInitialTokens.xml (RunModel)" time="0.012" />
  <testcase classname="ptolemy.util.test.junit.AutoTests" name="[256] /home/travis/build/icyphy/ptII/ptolemy/actor/lib/test/auto/PubSubWithInitialTokens2.xml (RunModel)" time="0.009" />
  <testcase classname="ptolemy.util.test.junit.AutoTests" name="[257] /home/travis/build/icyphy/ptII/ptolemy/actor/lib/test/auto/PublisherClassNoParameter.xml (RunModel)" time="0.022" />
  <testcase classname="ptolemy.util.test.junit.AutoTests" name="[258] /home/travis/build/icyphy/ptII/ptolemy/actor/lib/test/auto/PublisherClassParameter.xml (RunModel)" time="0.019" />
  <testcase classname="ptolemy.util.test.junit.AutoTests" name="[259] /home/travis/build/icyphy/ptII/ptolemy/actor/lib/test/auto/PublisherNonStrictTest.xml (RunModel)" time="0.013" />
  <testcase classname="ptolemy.util.test.junit.AutoTests" name="[260] /home/travis/build/icyphy/ptII/ptolemy/actor/lib/test/auto/PublisherPort1.xml (RunModel)" time="0.009" />
  <testcase classname="ptolemy.util.test.junit.AutoTests" name="[261] /home/travis/build/icyphy/ptII/ptolemy/actor/lib/test/auto/PublisherPort2.xml (RunModel)" time="0.007" />
  <testcase classname="ptolemy.util.test.junit.AutoTests" name="[262] /home/travis/build/icyphy/ptII/ptolemy/actor/lib/test/auto/PublisherPort3.xml (RunModel)" time="0.02" />
  <testcase classname="ptolemy.util.test.junit.AutoTests" name="[263] /home/travis/build/icyphy/ptII/ptolemy/actor/lib/test/auto/PublisherPort4.xml (RunModel)" time="0.012" />
  <testcase classname="ptolemy.util.test.junit.AutoTests" name="[264] /home/travis/build/icyphy/ptII/ptolemy/actor/lib/test/auto/PublisherPort5.xml (RunModel)" time="0.013" />
  <testcase classname="ptolemy.util.test.junit.AutoTests" name="[265] /home/travis/build/icyphy/ptII/ptolemy/actor/lib/test/auto/PublisherPort5LookAlike.xml (RunModel)" time="0.016" />
  <testcase classname="ptolemy.util.test.junit.AutoTests" name="[266] /home/travis/build/icyphy/ptII/ptolemy/actor/lib/test/auto/PublisherPort6.xml (RunModel)" time="0.009" />
  <testcase classname="ptolemy.util.test.junit.AutoTests" name="[267] /home/travis/build/icyphy/ptII/ptolemy/actor/lib/test/auto/PublisherPort7.xml (RunModel)" time="0.013" />
  <testcase classname="ptolemy.util.test.junit.AutoTests" name="[268] /home/travis/build/icyphy/ptII/ptolemy/actor/lib/test/auto/PublisherPort8.xml (RunModel)" time="0.014" />
  <testcase classname="ptolemy.util.test.junit.AutoTests" name="[269] /home/travis/build/icyphy/ptII/ptolemy/actor/lib/test/auto/PublisherPortSubscriberChannelVariablesAOC2.xml (RunModel)" time="0.03" />
  <testcase classname="ptolemy.util.test.junit.AutoTests" name="[270] /home/travis/build/icyphy/ptII/ptolemy/actor/lib/test/auto/PublisherPortSubscriberOpaqueWidthInference.xml (RunModel)" time="0.013" />
  <testcase classname="ptolemy.util.test.junit.AutoTests" name="[271] /home/travis/build/icyphy/ptII/ptolemy/actor/lib/test/auto/PublisherPortSubscriberPortAdjacent.xml (RunModel)" time="0.022" />
  <testcase classname="ptolemy.util.test.junit.AutoTests" name="[272] /home/travis/build/icyphy/ptII/ptolemy/actor/lib/test/auto/PublisherPortSubscriberPortExpression.xml (RunModel)" time="0.02" />
  <testcase classname="ptolemy.util.test.junit.AutoTests" name="[273] /home/travis/build/icyphy/ptII/ptolemy/actor/lib/test/auto/PublisherPortSubscriberPortOpaqueD3Reverse.xml (RunModel)" time="0.018" />
  <testcase classname="ptolemy.util.test.junit.AutoTests" name="[274] /home/travis/build/icyphy/ptII/ptolemy/actor/lib/test/auto/PublisherPortSubscriberPortOpaqueWidthInference.xml (RunModel)" time="0.014" />
  <testcase classname="ptolemy.util.test.junit.AutoTests" name="[275] /home/travis/build/icyphy/ptII/ptolemy/actor/lib/test/auto/PublisherPortToplevelSubscriberPortAOC.xml (RunModel)" time="0.009" />
  <testcase classname="ptolemy.util.test.junit.AutoTests" name="[276] /home/travis/build/icyphy/ptII/ptolemy/actor/lib/test/auto/PublisherSubscriber.xml (RunModel)" time="0.011" />
  <testcase classname="ptolemy.util.test.junit.AutoTests" name="[277] /home/travis/build/icyphy/ptII/ptolemy/actor/lib/test/auto/PublisherSubscriber10.xml (RunModel)" time="0.019" />
  <testcase classname="ptolemy.util.test.junit.AutoTests" name="[278] /home/travis/build/icyphy/ptII/ptolemy/actor/lib/test/auto/PublisherSubscriber10InitialOutputs.xml (RunModel)" time="0.031" />
  <testcase classname="ptolemy.util.test.junit.AutoTests" name="[279] /home/travis/build/icyphy/ptII/ptolemy/actor/lib/test/auto/PublisherSubscriber11.xml (RunModel)" time="0.011" />
  <testcase classname="ptolemy.util.test.junit.AutoTests" name="[280] /home/travis/build/icyphy/ptII/ptolemy/actor/lib/test/auto/PublisherSubscriber12.xml (RunModel)" time="0.017" />
  <testcase classname="ptolemy.util.test.junit.AutoTests" name="[281] /home/travis/build/icyphy/ptII/ptolemy/actor/lib/test/auto/PublisherSubscriber13.xml (RunModel)" time="0.007" />
  <testcase classname="ptolemy.util.test.junit.AutoTests" name="[282] /home/travis/build/icyphy/ptII/ptolemy/actor/lib/test/auto/PublisherSubscriber14.xml (RunModel)" time="0.017" />
  <testcase classname="ptolemy.util.test.junit.AutoTests" name="[283] /home/travis/build/icyphy/ptII/ptolemy/actor/lib/test/auto/PublisherSubscriber2.xml (RunModel)" time="0.008" />
  <testcase classname="ptolemy.util.test.junit.AutoTests" name="[284] /home/travis/build/icyphy/ptII/ptolemy/actor/lib/test/auto/PublisherSubscriber3.xml (RunModel)" time="0.008" />
  <testcase classname="ptolemy.util.test.junit.AutoTests" name="[285] /home/travis/build/icyphy/ptII/ptolemy/actor/lib/test/auto/PublisherSubscriber4.xml (RunModel)" time="0.007" />
  <testcase classname="ptolemy.util.test.junit.AutoTests" name="[286] /home/travis/build/icyphy/ptII/ptolemy/actor/lib/test/auto/PublisherSubscriber5.xml (RunModel)" time="0.01" />
  <testcase classname="ptolemy.util.test.junit.AutoTests" name="[287] /home/travis/build/icyphy/ptII/ptolemy/actor/lib/test/auto/PublisherSubscriber6.xml (RunModel)" time="0.011" />
  <testcase classname="ptolemy.util.test.junit.AutoTests" name="[288] /home/travis/build/icyphy/ptII/ptolemy/actor/lib/test/auto/PublisherSubscriber7.xml (RunModel)" time="0.015" />
  <testcase classname="ptolemy.util.test.junit.AutoTests" name="[289] /home/travis/build/icyphy/ptII/ptolemy/actor/lib/test/auto/PublisherSubscriber8.xml (RunModel)" time="0.03" />
  <testcase classname="ptolemy.util.test.junit.AutoTests" name="[290] /home/travis/build/icyphy/ptII/ptolemy/actor/lib/test/auto/PublisherSubscriber9.xml (RunModel)" time="0.015" />
  <testcase classname="ptolemy.util.test.junit.AutoTests" name="[291] /home/travis/build/icyphy/ptII/ptolemy/actor/lib/test/auto/PublisherSubscriberAdjacent.xml (RunModel)" time="0.015" />
  <testcase classname="ptolemy.util.test.junit.AutoTests" name="[292] /home/travis/build/icyphy/ptII/ptolemy/actor/lib/test/auto/PublisherSubscriberChannelVariablesAOC2.xml (RunModel)" time="0.023" />
  <testcase classname="ptolemy.util.test.junit.AutoTests" name="[293] /home/travis/build/icyphy/ptII/ptolemy/actor/lib/test/auto/PublisherSubscriberD3.xml (RunModel)" time="0.011" />
  <testcase classname="ptolemy.util.test.junit.AutoTests" name="[294] /home/travis/build/icyphy/ptII/ptolemy/actor/lib/test/auto/PublisherSubscriberD3Reverse.xml (RunModel)" time="0.011" />
  <testcase classname="ptolemy.util.test.junit.AutoTests" name="[295] /home/travis/build/icyphy/ptII/ptolemy/actor/lib/test/auto/PublisherSubscriberExpression.xml (RunModel)" time="0.014" />
  <testcase classname="ptolemy.util.test.junit.AutoTests" name="[296] /home/travis/build/icyphy/ptII/ptolemy/actor/lib/test/auto/PublisherSubscriberOpaque.xml (RunModel)" time="0.013" />
  <testcase classname="ptolemy.util.test.junit.AutoTests" name="[297] /home/travis/build/icyphy/ptII/ptolemy/actor/lib/test/auto/PublisherSubscriberOpaqueD3.xml (RunModel)" time="0.02" />
  <testcase classname="ptolemy.util.test.junit.AutoTests" name="[298] /home/travis/build/icyphy/ptII/ptolemy/actor/lib/test/auto/PublisherSubscriberOpaqueD3Reverse.xml (RunModel)" time="0.019" />
  <testcase classname="ptolemy.util.test.junit.AutoTests" name="[299] /home/travis/build/icyphy/ptII/ptolemy/actor/lib/test/auto/PublisherSubscriberOpaqueWidthInference.xml (RunModel)" time="0.015" />
  <testcase classname="ptolemy.util.test.junit.AutoTests" name="[300] /home/travis/build/icyphy/ptII/ptolemy/actor/lib/test/auto/PublisherTestSubscriber.xml (RunModel)" time="0.013" />
  <testcase classname="ptolemy.util.test.junit.AutoTests" name="[301] /home/travis/build/icyphy/ptII/ptolemy/actor/lib/test/auto/PublisherToplevelSubscriberPortAOC.xml (RunModel)" time="0.009" />
  <testcase classname="ptolemy.util.test.junit.AutoTests" name="[302] /home/travis/build/icyphy/ptII/ptolemy/actor/lib/test/auto/PulseFiringLimitDE.xml (RunModel)" time="0.013" />
  <testcase classname="ptolemy.util.test.junit.AutoTests" name="[303] /home/travis/build/icyphy/ptII/ptolemy/actor/lib/test/auto/Ramp1.xml (RunModel)" time="0.005" />
  <testcase classname="ptolemy.util.test.junit.AutoTests" name="[304] /home/travis/build/icyphy/ptII/ptolemy/actor/lib/test/auto/RampFiringLimitDE.xml (RunModel)" time="0.009" />
  <testcase classname="ptolemy.util.test.junit.AutoTests" name="[305] /home/travis/build/icyphy/ptII/ptolemy/actor/lib/test/auto/RampFiringLimitSDF.xml (RunModel)" time="0.008" />
  <testcase classname="ptolemy.util.test.junit.AutoTests" name="[306] /home/travis/build/icyphy/ptII/ptolemy/actor/lib/test/auto/RandomInteger.xml (RunModel)" time="0.006" />
  <testcase classname="ptolemy.util.test.junit.AutoTests" name="[307] /home/travis/build/icyphy/ptII/ptolemy/actor/lib/test/auto/ReadFile1.xml (RunModel)" time="0.017" />
  <testcase classname="ptolemy.util.test.junit.AutoTests" name="[308] /home/travis/build/icyphy/ptII/ptolemy/actor/lib/test/auto/ReadFile2.xml (RunModel)" time="0.006" />
  <testcase classname="ptolemy.util.test.junit.AutoTests" name="[309] /home/travis/build/icyphy/ptII/ptolemy/actor/lib/test/auto/Reader.xml (RunModel)" time="0.012" />
  <testcase classname="ptolemy.util.test.junit.AutoTests" name="[310] /home/travis/build/icyphy/ptII/ptolemy/actor/lib/test/auto/RecordAssemblerDisplayNameTest.xml (RunModel)" time="4.351" />
  <testcase classname="ptolemy.util.test.junit.AutoTests" name="[311] /home/travis/build/icyphy/ptII/ptolemy/actor/lib/test/auto/RecordAssemblerTypeError.xml (RunModel)" time="0.028" />
  <testcase classname="ptolemy.util.test.junit.AutoTests" name="[312] /home/travis/build/icyphy/ptII/ptolemy/actor/lib/test/auto/RecordDisassember.xml (RunModel)" time="0.015" />
  <testcase classname="ptolemy.util.test.junit.AutoTests" name="[313] /home/travis/build/icyphy/ptII/ptolemy/actor/lib/test/auto/RecordDisassemberDisplayNameTest.xml (RunModel)" time="0.02" />
  <testcase classname="ptolemy.util.test.junit.AutoTests" name="[314] /home/travis/build/icyphy/ptII/ptolemy/actor/lib/test/auto/RecordDisassembler.xml (RunModel)" time="0.007" />
  <testcase classname="ptolemy.util.test.junit.AutoTests" name="[315] /home/travis/build/icyphy/ptII/ptolemy/actor/lib/test/auto/RecordDisassembler2.xml (RunModel)" time="0.008" />
  <testcase classname="ptolemy.util.test.junit.AutoTests" name="[316] /home/travis/build/icyphy/ptII/ptolemy/actor/lib/test/auto/RecordUpdater.xml (RunModel)" time="0.007" />
  <testcase classname="ptolemy.util.test.junit.AutoTests" name="[317] /home/travis/build/icyphy/ptII/ptolemy/actor/lib/test/auto/RecordUpdater2.xml (RunModel)" time="0.008" />
  <testcase classname="ptolemy.util.test.junit.AutoTests" name="[318] /home/travis/build/icyphy/ptII/ptolemy/actor/lib/test/auto/RecursiveLattice.xml (RunModel)" time="0.007" />
  <testcase classname="ptolemy.util.test.junit.AutoTests" name="[319] /home/travis/build/icyphy/ptII/ptolemy/actor/lib/test/auto/Router.xml (RunModel)" time="3.022" />
  <testcase classname="ptolemy.util.test.junit.AutoTests" name="[320] /home/travis/build/icyphy/ptII/ptolemy/actor/lib/test/auto/Router2.xml (RunModel)" time="3.033" />
  <testcase classname="ptolemy.util.test.junit.AutoTests" name="[321] /home/travis/build/icyphy/ptII/ptolemy/actor/lib/test/auto/RunningMaximum.xml (RunModel)" time="0.013" />
  <testcase classname="ptolemy.util.test.junit.AutoTests" name="[322] /home/travis/build/icyphy/ptII/ptolemy/actor/lib/test/auto/RunningMinimum.xml (RunModel)" time="0.015" />
  <testcase classname="ptolemy.util.test.junit.AutoTests" name="[323] /home/travis/build/icyphy/ptII/ptolemy/actor/lib/test/auto/Scale.xml (RunModel)" time="0.006" />
  <testcase classname="ptolemy.util.test.junit.AutoTests" name="[324] /home/travis/build/icyphy/ptII/ptolemy/actor/lib/test/auto/Scale2.xml (RunModel)" time="0.008" />
  <testcase classname="ptolemy.util.test.junit.AutoTests" name="[325] /home/travis/build/icyphy/ptII/ptolemy/actor/lib/test/auto/Scale3.xml (RunModel)" time="0.011" />
  <testcase classname="ptolemy.util.test.junit.AutoTests" name="[326] /home/travis/build/icyphy/ptII/ptolemy/actor/lib/test/auto/ScaleArray.xml (RunModel)" time="0.006" />
  <testcase classname="ptolemy.util.test.junit.AutoTests" name="[327] /home/travis/build/icyphy/ptII/ptolemy/actor/lib/test/auto/ScaleArray2.xml (RunModel)" time="0.007" />
  <testcase classname="ptolemy.util.test.junit.AutoTests" name="[328] /home/travis/build/icyphy/ptII/ptolemy/actor/lib/test/auto/ScaleMatrix.xml (RunModel)" time="0.198" />
  <testcase classname="ptolemy.util.test.junit.AutoTests" name="[329] /home/travis/build/icyphy/ptII/ptolemy/actor/lib/test/auto/Select.xml (RunModel)" time="0.013" />
  <testcase classname="ptolemy.util.test.junit.AutoTests" name="[330] /home/travis/build/icyphy/ptII/ptolemy/actor/lib/test/auto/Select2.xml (RunModel)" time="0.006" />
  <testcase classname="ptolemy.util.test.junit.AutoTests" name="[331] /home/travis/build/icyphy/ptII/ptolemy/actor/lib/test/auto/SequenceToArray2.xml (RunModel)" time="0.103" />
  <testcase classname="ptolemy.util.test.junit.AutoTests" name="[332] /home/travis/build/icyphy/ptII/ptolemy/actor/lib/test/auto/SequentialClock.xml (RunModel)" time="0.006" />
  <testcase classname="ptolemy.util.test.junit.AutoTests" name="[333] /home/travis/build/icyphy/ptII/ptolemy/actor/lib/test/auto/SetVariable.xml (RunModel)" time="0.02" />
  <testcase classname="ptolemy.util.test.junit.AutoTests" name="[334] /home/travis/build/icyphy/ptII/ptolemy/actor/lib/test/auto/SetVariable2.xml (RunModel)" time="0.01" />
  <testcase classname="ptolemy.util.test.junit.AutoTests" name="[335] /home/travis/build/icyphy/ptII/ptolemy/actor/lib/test/auto/SetVariable3.xml (RunModel)" time="0.01" />
  <testcase classname="ptolemy.util.test.junit.AutoTests" name="[336] /home/travis/build/icyphy/ptII/ptolemy/actor/lib/test/auto/SetVariable4.xml (RunModel)" time="0.03" />
  <testcase classname="ptolemy.util.test.junit.AutoTests" name="[337] /home/travis/build/icyphy/ptII/ptolemy/actor/lib/test/auto/SetVariable5.xml (RunModel)" time="0.033" />
  <testcase classname="ptolemy.util.test.junit.AutoTests" name="[338] /home/travis/build/icyphy/ptII/ptolemy/actor/lib/test/auto/Sinewave.xml (RunModel)" time="0.02" />
  <testcase classname="ptolemy.util.test.junit.AutoTests" name="[339] /home/travis/build/icyphy/ptII/ptolemy/actor/lib/test/auto/Sinewave2.xml (RunModel)" time="0.012" />
  <testcase classname="ptolemy.util.test.junit.AutoTests" name="[340] /home/travis/build/icyphy/ptII/ptolemy/actor/lib/test/auto/Sinewave3.xml (RunModel)" time="0.018" />
  <testcase classname="ptolemy.util.test.junit.AutoTests" name="[341] /home/travis/build/icyphy/ptII/ptolemy/actor/lib/test/auto/SingleEvent.xml (RunModel)" time="0.006" />
  <testcase classname="ptolemy.util.test.junit.AutoTests" name="[342] /home/travis/build/icyphy/ptII/ptolemy/actor/lib/test/auto/Sleep.xml (RunModel)" time="6.011" />
  <testcase classname="ptolemy.util.test.junit.AutoTests" name="[343] /home/travis/build/icyphy/ptII/ptolemy/actor/lib/test/auto/SleepMultipleFire.xml (RunModel)" time="1.017" />
  <testcase classname="ptolemy.util.test.junit.AutoTests" name="[344] /home/travis/build/icyphy/ptII/ptolemy/actor/lib/test/auto/StopDE.xml (RunModel)" time="0.013" />
  <testcase classname="ptolemy.util.test.junit.AutoTests" name="[345] /home/travis/build/icyphy/ptII/ptolemy/actor/lib/test/auto/StopSDF.xml (RunModel)" time="0.011" />
  <testcase classname="ptolemy.util.test.junit.AutoTests" name="[346] /home/travis/build/icyphy/ptII/ptolemy/actor/lib/test/auto/StringConstant.xml (RunModel)" time="0.013" />
  <testcase classname="ptolemy.util.test.junit.AutoTests" name="[347] /home/travis/build/icyphy/ptII/ptolemy/actor/lib/test/auto/SubscriberPortInitialValues1.xml (RunModel)" time="0.019" />
  <testcase classname="ptolemy.util.test.junit.AutoTests" name="[348] /home/travis/build/icyphy/ptII/ptolemy/actor/lib/test/auto/SubscriberPortInitialValues13.xml (RunModel)" time="0.021" />
  <testcase classname="ptolemy.util.test.junit.AutoTests" name="[349] /home/travis/build/icyphy/ptII/ptolemy/actor/lib/test/auto/SubscriberPortInitialValues14.xml (RunModel)" time="0.012" />
  <testcase classname="ptolemy.util.test.junit.AutoTests" name="[350] /home/travis/build/icyphy/ptII/ptolemy/actor/lib/test/auto/SubscriberPortInitialValues2.xml (RunModel)" time="0.013" />
  <testcase classname="ptolemy.util.test.junit.AutoTests" name="[351] /home/travis/build/icyphy/ptII/ptolemy/actor/lib/test/auto/SubscriberPortInitialValues3.xml (RunModel)" time="0.016" />
  <testcase classname="ptolemy.util.test.junit.AutoTests" name="[352] /home/travis/build/icyphy/ptII/ptolemy/actor/lib/test/auto/SubscriptionAggregator.xml (RunModel)" time="0.009" />
  <testcase classname="ptolemy.util.test.junit.AutoTests" name="[353] /home/travis/build/icyphy/ptII/ptolemy/actor/lib/test/auto/SubscriptionAggregator2.xml (RunModel)" time="0.009" />
  <testcase classname="ptolemy.util.test.junit.AutoTests" name="[354] /home/travis/build/icyphy/ptII/ptolemy/actor/lib/test/auto/SubscriptionAggregator3.xml (RunModel)" time="0.013" />
  <testcase classname="ptolemy.util.test.junit.AutoTests" name="[355] /home/travis/build/icyphy/ptII/ptolemy/actor/lib/test/auto/SubscriptionAggregatorMultiply.xml (RunModel)" time="0.018" />
  <testcase classname="ptolemy.util.test.junit.AutoTests" name="[356] /home/travis/build/icyphy/ptII/ptolemy/actor/lib/test/auto/SubscriptionAggregatorPortMultiply1.xml (RunModel)" time="0.012" />
  <testcase classname="ptolemy.util.test.junit.AutoTests" name="[357] /home/travis/build/icyphy/ptII/ptolemy/actor/lib/test/auto/Switch.xml (RunModel)" time="0.014" />
  <testcase classname="ptolemy.util.test.junit.AutoTests" name="[358] /home/travis/build/icyphy/ptII/ptolemy/actor/lib/test/auto/Switch2.xml (RunModel)" time="0.01" />
  <testcase classname="ptolemy.util.test.junit.AutoTests" name="[359] /home/travis/build/icyphy/ptII/ptolemy/actor/lib/test/auto/SwitchDE.xml (RunModel)" time="0.012" />
  <testcase classname="ptolemy.util.test.junit.AutoTests" name="[360] /home/travis/build/icyphy/ptII/ptolemy/actor/lib/test/auto/SynchronizerDE.xml (RunModel)" time="0.019" />
  <testcase classname="ptolemy.util.test.junit.AutoTests" name="[361] /home/travis/build/icyphy/ptII/ptolemy/actor/lib/test/auto/Test.xml (RunModel)" time="0.014" />
  <testcase classname="ptolemy.util.test.junit.AutoTests" name="[362] /home/travis/build/icyphy/ptII/ptolemy/actor/lib/test/auto/TestExceptionAttribute1.xml (RunModel)" time="0.005" />
  <testcase classname="ptolemy.util.test.junit.AutoTests" name="[363] /home/travis/build/icyphy/ptII/ptolemy/actor/lib/test/auto/TestExceptionAttribute2.xml (RunModel)" time="0.005" />
  <testcase classname="ptolemy.util.test.junit.AutoTests" name="[364] /home/travis/build/icyphy/ptII/ptolemy/actor/lib/test/auto/TestExceptionAttribute3.xml (RunModel)" time="0.008" />
  <testcase classname="ptolemy.util.test.junit.AutoTests" name="[365] /home/travis/build/icyphy/ptII/ptolemy/actor/lib/test/auto/TestExceptionAttribute4.xml (RunModel)" time="0.005" />
  <testcase classname="ptolemy.util.test.junit.AutoTests" name="[366] /home/travis/build/icyphy/ptII/ptolemy/actor/lib/test/auto/TestExceptionHandler1.xml (RunModel)" time="0.008" />
  <testcase classname="ptolemy.util.test.junit.AutoTests" name="[367] /home/travis/build/icyphy/ptII/ptolemy/actor/lib/test/auto/TestExceptionHandler2.xml (RunModel)" time="0.007" />
  <testcase classname="ptolemy.util.test.junit.AutoTests" name="[368] /home/travis/build/icyphy/ptII/ptolemy/actor/lib/test/auto/TestExceptionHandler3.xml (RunModel)" time="0.004" />
  <testcase classname="ptolemy.util.test.junit.AutoTests" name="[369] /home/travis/build/icyphy/ptII/ptolemy/actor/lib/test/auto/TestExceptionHandler4.xml (RunModel)" time="0.004" />
  <testcase classname="ptolemy.util.test.junit.AutoTests" name="[370] /home/travis/build/icyphy/ptII/ptolemy/actor/lib/test/auto/TestRequireCorrectOrder.xml (RunModel)" time="0.01" />
  <testcase classname="ptolemy.util.test.junit.AutoTests" name="[371] /home/travis/build/icyphy/ptII/ptolemy/actor/lib/test/auto/TestSimple.xml (RunModel)" time="0.009" />
  <testcase classname="ptolemy.util.test.junit.AutoTests" name="[372] /home/travis/build/icyphy/ptII/ptolemy/actor/lib/test/auto/ThrowModelError.xml (RunModel)" time="0.008" />
  <testcase classname="ptolemy.util.test.junit.AutoTests" name="[373] /home/travis/build/icyphy/ptII/ptolemy/actor/lib/test/auto/TimeDelayMicrosteps.xml (RunModel)" time="0.01" />
  <testcase classname="ptolemy.util.test.junit.AutoTests" name="[374] /home/travis/build/icyphy/ptII/ptolemy/actor/lib/test/auto/TimeDelayMicrosteps2.xml (RunModel)" time="0.01" />
  <testcase classname="ptolemy.util.test.junit.AutoTests" name="[375] /home/travis/build/icyphy/ptII/ptolemy/actor/lib/test/auto/TimeDelayMicrosteps3.xml (RunModel)" time="0.01" />
  <testcase classname="ptolemy.util.test.junit.AutoTests" name="[376] /home/travis/build/icyphy/ptII/ptolemy/actor/lib/test/auto/TimeDelayVariableMicrosteps.xml (RunModel)" time="0.009" />
  <testcase classname="ptolemy.util.test.junit.AutoTests" name="[377] /home/travis/build/icyphy/ptII/ptolemy/actor/lib/test/auto/TimeGap.xml (RunModel)" time="0.012" />
  <testcase classname="ptolemy.util.test.junit.AutoTests" name="[378] /home/travis/build/icyphy/ptII/ptolemy/actor/lib/test/auto/TimeGap2.xml (RunModel)" time="0.007" />
  <testcase classname="ptolemy.util.test.junit.AutoTests" name="[379] /home/travis/build/icyphy/ptII/ptolemy/actor/lib/test/auto/TimedSinewave.xml (RunModel)" time="0.041" />
  <testcase classname="ptolemy.util.test.junit.AutoTests" name="[380] /home/travis/build/icyphy/ptII/ptolemy/actor/lib/test/auto/TimedSinewavePhase.xml (RunModel)" time="0.027" />
  <testcase classname="ptolemy.util.test.junit.AutoTests" name="[381] /home/travis/build/icyphy/ptII/ptolemy/actor/lib/test/auto/Timer.xml (RunModel)" time="0.013" />
  <testcase classname="ptolemy.util.test.junit.AutoTests" name="[382] /home/travis/build/icyphy/ptII/ptolemy/actor/lib/test/auto/TriangularDistTestModel.xml (RunModel)" time="0.016" />
  <testcase classname="ptolemy.util.test.junit.AutoTests" name="[383] /home/travis/build/icyphy/ptII/ptolemy/actor/lib/test/auto/TrigFunction.xml (RunModel)" time="0.008" />
  <testcase classname="ptolemy.util.test.junit.AutoTests" name="[384] /home/travis/build/icyphy/ptII/ptolemy/actor/lib/test/auto/TrigFunctionDE.xml (RunModel)" time="0.021" />
  <testcase classname="ptolemy.util.test.junit.AutoTests" name="[385] /home/travis/build/icyphy/ptII/ptolemy/actor/lib/test/auto/TrigFunctionInverse.xml (RunModel)" time="0.011" />
  <testcase classname="ptolemy.util.test.junit.AutoTests" name="[386] /home/travis/build/icyphy/ptII/ptolemy/actor/lib/test/auto/TrigFunctionTan.xml (RunModel)" time="0.006" />
  <testcase classname="ptolemy.util.test.junit.AutoTests" name="[387] /home/travis/build/icyphy/ptII/ptolemy/actor/lib/test/auto/TriggeredClock.xml (RunModel)" time="0.007" />
  <testcase classname="ptolemy.util.test.junit.AutoTests" name="[388] /home/travis/build/icyphy/ptII/ptolemy/actor/lib/test/auto/URLDirectoryReader.xml (RunModel)" time="0.106" />
  <testcase classname="ptolemy.util.test.junit.AutoTests" name="[389] /home/travis/build/icyphy/ptII/ptolemy/actor/lib/test/auto/URLDirectoryReader3.xml (RunModel)" time="1.616" />
  <testcase classname="ptolemy.util.test.junit.AutoTests" name="[390] /home/travis/build/icyphy/ptII/ptolemy/actor/lib/test/auto/UnaryMathFunction.xml (RunModel)" time="0.023" />
  <testcase classname="ptolemy.util.test.junit.AutoTests" name="[391] /home/travis/build/icyphy/ptII/ptolemy/actor/lib/test/auto/Uniform.xml (RunModel)" time="0.01" />
  <testcase classname="ptolemy.util.test.junit.AutoTests" name="[392] /home/travis/build/icyphy/ptII/ptolemy/actor/lib/test/auto/UnionDisassemblerTest.xml (RunModel)" time="0.011" />
  <testcase classname="ptolemy.util.test.junit.AutoTests" name="[393] /home/travis/build/icyphy/ptII/ptolemy/actor/lib/test/auto/UtilityFunctions.xml (RunModel)" time="0.007" />
  <testcase classname="ptolemy.util.test.junit.AutoTests" name="[394] /home/travis/build/icyphy/ptII/ptolemy/actor/lib/test/auto/VariableSleep.xml (RunModel)" time="0.509" />
  <testcase classname="ptolemy.util.test.junit.AutoTests" name="[395] /home/travis/build/icyphy/ptII/ptolemy/actor/lib/test/auto/VectorAssemblerDisassemblerCT.xml (RunModel)" time="0.098" />
  <testcase classname="ptolemy.util.test.junit.AutoTests" name="[396] /home/travis/build/icyphy/ptII/ptolemy/actor/lib/test/auto/VectorAssemblerDisassemblerDE.xml (RunModel)" time="0.011" />
  <testcase classname="ptolemy.util.test.junit.AutoTests" name="[397] /home/travis/build/icyphy/ptII/ptolemy/actor/lib/test/auto/VectorAssemblerDisassemblerSDF.xml (RunModel)" time="0.01" />
  <testcase classname="ptolemy.util.test.junit.AutoTests" name="[398] /home/travis/build/icyphy/ptII/ptolemy/actor/lib/test/auto/WallClockTime.xml (RunModel)" time="1.009" />
  <testcase classname="ptolemy.util.test.junit.AutoTests" name="[399] /home/travis/build/icyphy/ptII/ptolemy/actor/lib/test/auto/WidthTestWithSubscriberPublisher.xml (RunModel)" time="0.036" />
  <testcase classname="ptolemy.util.test.junit.AutoTests" name="[400] /home/travis/build/icyphy/ptII/ptolemy/actor/lib/test/auto/WidthTestWithSubscriberPublisher2.xml (RunModel)" time="0.026" />
  <testcase classname="ptolemy.util.test.junit.AutoTests" name="[401] /home/travis/build/icyphy/ptII/ptolemy/actor/lib/test/auto/WidthTestWithSubscriberPublisher3.xml (RunModel)" time="0.009" />
  <testcase classname="ptolemy.util.test.junit.AutoTests" name="[402] /home/travis/build/icyphy/ptII/ptolemy/actor/lib/test/auto/Writer.xml (RunModel)" time="0.006" />
  <testcase classname="ptolemy.util.test.junit.AutoTests" name="[403] /home/travis/build/icyphy/ptII/ptolemy/actor/lib/test/auto/array.xml (RunModel)" time="0.006" />
  <testcase classname="ptolemy.util.test.junit.AutoTests" name="[404] /home/travis/build/icyphy/ptII/ptolemy/actor/lib/test/auto/array2.xml (RunModel)" time="0.01" />
  <testcase classname="ptolemy.util.test.junit.AutoTests" name="[405] /home/travis/build/icyphy/ptII/ptolemy/actor/lib/test/auto/arrayType.xml (RunModel)" time="0.008" />
  <testcase classname="ptolemy.util.test.junit.AutoTests" name="[406] /home/travis/build/icyphy/ptII/ptolemy/actor/lib/test/auto/arrayType10.xml (RunModel)" time="0.006" />
  <testcase classname="ptolemy.util.test.junit.AutoTests" name="[407] /home/travis/build/icyphy/ptII/ptolemy/actor/lib/test/auto/arrayType11.xml (RunModel)" time="0.005" />
  <testcase classname="ptolemy.util.test.junit.AutoTests" name="[408] /home/travis/build/icyphy/ptII/ptolemy/actor/lib/test/auto/arrayType12.xml (RunModel)" time="0.006" />
  <testcase classname="ptolemy.util.test.junit.AutoTests" name="[409] /home/travis/build/icyphy/ptII/ptolemy/actor/lib/test/auto/arrayType13.xml (RunModel)" time="0.006" />
  <testcase classname="ptolemy.util.test.junit.AutoTests" name="[410] /home/travis/build/icyphy/ptII/ptolemy/actor/lib/test/auto/arrayType14.xml (RunModel)" time="0.006" />
  <testcase classname="ptolemy.util.test.junit.AutoTests" name="[411] /home/travis/build/icyphy/ptII/ptolemy/actor/lib/test/auto/arrayType15.xml (RunModel)" time="0.007" />
  <testcase classname="ptolemy.util.test.junit.AutoTests" name="[412] /home/travis/build/icyphy/ptII/ptolemy/actor/lib/test/auto/arrayType16.xml (RunModel)" time="0.006" />
  <testcase classname="ptolemy.util.test.junit.AutoTests" name="[413] /home/travis/build/icyphy/ptII/ptolemy/actor/lib/test/auto/arrayType17.xml (RunModel)" time="0.006" />
  <testcase classname="ptolemy.util.test.junit.AutoTests" name="[414] /home/travis/build/icyphy/ptII/ptolemy/actor/lib/test/auto/arrayType18.xml (RunModel)" time="0.006" />
  <testcase classname="ptolemy.util.test.junit.AutoTests" name="[415] /home/travis/build/icyphy/ptII/ptolemy/actor/lib/test/auto/arrayType19.xml (RunModel)" time="0.006" />
  <testcase classname="ptolemy.util.test.junit.AutoTests" name="[416] /home/travis/build/icyphy/ptII/ptolemy/actor/lib/test/auto/arrayType2.xml (RunModel)" time="0.006" />
  <testcase classname="ptolemy.util.test.junit.AutoTests" name="[417] /home/travis/build/icyphy/ptII/ptolemy/actor/lib/test/auto/arrayType20.xml (RunModel)" time="0.006" />
  <testcase classname="ptolemy.util.test.junit.AutoTests" name="[418] /home/travis/build/icyphy/ptII/ptolemy/actor/lib/test/auto/arrayType21.xml (RunModel)" time="0.006" />
  <testcase classname="ptolemy.util.test.junit.AutoTests" name="[419] /home/travis/build/icyphy/ptII/ptolemy/actor/lib/test/auto/arrayType22.xml (RunModel)" time="0.005" />
  <testcase classname="ptolemy.util.test.junit.AutoTests" name="[420] /home/travis/build/icyphy/ptII/ptolemy/actor/lib/test/auto/arrayType23.xml (RunModel)" time="0.006" />
  <testcase classname="ptolemy.util.test.junit.AutoTests" name="[421] /home/travis/build/icyphy/ptII/ptolemy/actor/lib/test/auto/arrayType24.xml (RunModel)" time="0.006" />
  <testcase classname="ptolemy.util.test.junit.AutoTests" name="[422] /home/travis/build/icyphy/ptII/ptolemy/actor/lib/test/auto/arrayType25.xml (RunModel)" time="0.007" />
  <testcase classname="ptolemy.util.test.junit.AutoTests" name="[423] /home/travis/build/icyphy/ptII/ptolemy/actor/lib/test/auto/arrayType26.xml (RunModel)" time="0.006" />
  <testcase classname="ptolemy.util.test.junit.AutoTests" name="[424] /home/travis/build/icyphy/ptII/ptolemy/actor/lib/test/auto/arrayType27.xml (RunModel)" time="0.006" />
  <testcase classname="ptolemy.util.test.junit.AutoTests" name="[425] /home/travis/build/icyphy/ptII/ptolemy/actor/lib/test/auto/arrayType28.xml (RunModel)" time="0.007" />
  <testcase classname="ptolemy.util.test.junit.AutoTests" name="[426] /home/travis/build/icyphy/ptII/ptolemy/actor/lib/test/auto/arrayType3.xml (RunModel)" time="0.006" />
  <testcase classname="ptolemy.util.test.junit.AutoTests" name="[427] /home/travis/build/icyphy/ptII/ptolemy/actor/lib/test/auto/arrayType4.xml (RunModel)" time="0.006" />
  <testcase classname="ptolemy.util.test.junit.AutoTests" name="[428] /home/travis/build/icyphy/ptII/ptolemy/actor/lib/test/auto/arrayType5.xml (RunModel)" time="0.006" />
  <testcase classname="ptolemy.util.test.junit.AutoTests" name="[429] /home/travis/build/icyphy/ptII/ptolemy/actor/lib/test/auto/arrayType6.xml (RunModel)" time="0.005" />
  <testcase classname="ptolemy.util.test.junit.AutoTests" name="[430] /home/travis/build/icyphy/ptII/ptolemy/actor/lib/test/auto/arrayType7.xml (RunModel)" time="0.015" />
  <testcase classname="ptolemy.util.test.junit.AutoTests" name="[431] /home/travis/build/icyphy/ptII/ptolemy/actor/lib/test/auto/arrayType8.xml (RunModel)" time="0.01" />
  <testcase classname="ptolemy.util.test.junit.AutoTests" name="[432] /home/travis/build/icyphy/ptII/ptolemy/actor/lib/test/auto/arrayType9.xml (RunModel)" time="0.006" />
  <testcase classname="ptolemy.util.test.junit.AutoTests" name="[433] /home/travis/build/icyphy/ptII/ptolemy/actor/lib/test/auto/cast.xml (RunModel)" time="0.006" />
  <testcase classname="ptolemy.util.test.junit.AutoTests" name="[434] /home/travis/build/icyphy/ptII/ptolemy/actor/lib/test/auto/compositeMultiPort.xml (RunModel)" time="0.014" />
  <testcase classname="ptolemy.util.test.junit.AutoTests" name="[435] /home/travis/build/icyphy/ptII/ptolemy/actor/lib/test/auto/expressionCastInference.xml (RunModel)" time="0.021" />
  <testcase classname="ptolemy.util.test.junit.AutoTests" name="[436] /home/travis/build/icyphy/ptII/ptolemy/actor/lib/test/auto/expressionCastInference2.xml (RunModel)" time="0.019" />
  <testcase classname="ptolemy.util.test.junit.AutoTests" name="[437] /home/travis/build/icyphy/ptII/ptolemy/actor/lib/test/auto/expressionInference.xml (RunModel)" time="0.028" />
  <testcase classname="ptolemy.util.test.junit.AutoTests" name="[438] /home/travis/build/icyphy/ptII/ptolemy/actor/lib/test/auto/expression_bug.xml (RunModel)" time="0.032" />
  <testcase classname="ptolemy.util.test.junit.AutoTests" name="[439] /home/travis/build/icyphy/ptII/ptolemy/actor/lib/test/auto/factorial.xml (RunModel)" time="0.078" />
  <testcase classname="ptolemy.util.test.junit.AutoTests" name="[440] /home/travis/build/icyphy/ptII/ptolemy/actor/lib/test/auto/filterTest1.xml (RunModel)" time="0.034" />
  <testcase classname="ptolemy.util.test.junit.AutoTests" name="[441] /home/travis/build/icyphy/ptII/ptolemy/actor/lib/test/auto/funcApplyInConst.xml (RunModel)" time="0.026" />
  <testcase classname="ptolemy.util.test.junit.AutoTests" name="[442] /home/travis/build/icyphy/ptII/ptolemy/actor/lib/test/auto/funcApplyInExpr.xml (RunModel)" time="0.024" />
  <testcase classname="ptolemy.util.test.junit.AutoTests" name="[443] /home/travis/build/icyphy/ptII/ptolemy/actor/lib/test/auto/function.xml (RunModel)" time="0.011" />
  <testcase classname="ptolemy.util.test.junit.AutoTests" name="[444] /home/travis/build/icyphy/ptII/ptolemy/actor/lib/test/auto/function2.xml (RunModel)" time="0.006" />
  <testcase classname="ptolemy.util.test.junit.AutoTests" name="[445] /home/travis/build/icyphy/ptII/ptolemy/actor/lib/test/auto/function3.xml (RunModel)" time="0.004" />
  <testcase classname="ptolemy.util.test.junit.AutoTests" name="[446] /home/travis/build/icyphy/ptII/ptolemy/actor/lib/test/auto/functionClosureTest1.xml (RunModel)" time="0.011" />
  <testcase classname="ptolemy.util.test.junit.AutoTests" name="[447] /home/travis/build/icyphy/ptII/ptolemy/actor/lib/test/auto/functionClosureTest2.xml (RunModel)" time="0.005" />
  <testcase classname="ptolemy.util.test.junit.AutoTests" name="[448] /home/travis/build/icyphy/ptII/ptolemy/actor/lib/test/auto/functionClosureTest3.xml (RunModel)" time="0.006" />
  <testcase classname="ptolemy.util.test.junit.AutoTests" name="[449] /home/travis/build/icyphy/ptII/ptolemy/actor/lib/test/auto/functionClosureTest4.xml (RunModel)" time="0.014" />
  <testcase classname="ptolemy.util.test.junit.AutoTests" name="[450] /home/travis/build/icyphy/ptII/ptolemy/actor/lib/test/auto/functionClosureTest5.xml (RunModel)" time="0.009" />
  <testcase classname="ptolemy.util.test.junit.AutoTests" name="[451] /home/travis/build/icyphy/ptII/ptolemy/actor/lib/test/auto/functionClosureTest6.xml (RunModel)" time="0.006" />
  <testcase classname="ptolemy.util.test.junit.AutoTests" name="[452] /home/travis/build/icyphy/ptII/ptolemy/actor/lib/test/auto/functionsOnArcs.xml (RunModel)" time="0.007" />
  <testcase classname="ptolemy.util.test.junit.AutoTests" name="[453] /home/travis/build/icyphy/ptII/ptolemy/actor/lib/test/auto/functionsOnArcsHOF.xml (RunModel)" time="0.009" />
  <testcase classname="ptolemy.util.test.junit.AutoTests" name="[454] /home/travis/build/icyphy/ptII/ptolemy/actor/lib/test/auto/logic.xml (RunModel)" time="0.013" />
  <testcase classname="ptolemy.util.test.junit.AutoTests" name="[455] /home/travis/build/icyphy/ptII/ptolemy/actor/lib/test/auto/matrixType.xml (RunModel)" time="0.006" />
  <testcase classname="ptolemy.util.test.junit.AutoTests" name="[456] /home/travis/build/icyphy/ptII/ptolemy/actor/lib/test/auto/matrixType10.xml (RunModel)" time="0.006" />
  <testcase classname="ptolemy.util.test.junit.AutoTests" name="[457] /home/travis/build/icyphy/ptII/ptolemy/actor/lib/test/auto/matrixType11.xml (RunModel)" time="0.006" />
  <testcase classname="ptolemy.util.test.junit.AutoTests" name="[458] /home/travis/build/icyphy/ptII/ptolemy/actor/lib/test/auto/matrixType12.xml (RunModel)" time="0.007" />
  <testcase classname="ptolemy.util.test.junit.AutoTests" name="[459] /home/travis/build/icyphy/ptII/ptolemy/actor/lib/test/auto/matrixType13.xml (RunModel)" time="0.006" />
  <testcase classname="ptolemy.util.test.junit.AutoTests" name="[460] /home/travis/build/icyphy/ptII/ptolemy/actor/lib/test/auto/matrixType14.xml (RunModel)" time="0.007" />
  <testcase classname="ptolemy.util.test.junit.AutoTests" name="[461] /home/travis/build/icyphy/ptII/ptolemy/actor/lib/test/auto/matrixType2.xml (RunModel)" time="0.006" />
  <testcase classname="ptolemy.util.test.junit.AutoTests" name="[462] /home/travis/build/icyphy/ptII/ptolemy/actor/lib/test/auto/matrixType3.xml (RunModel)" time="0.008" />
  <testcase classname="ptolemy.util.test.junit.AutoTests" name="[463] /home/travis/build/icyphy/ptII/ptolemy/actor/lib/test/auto/matrixType4.xml (RunModel)" time="0.006" />
  <testcase classname="ptolemy.util.test.junit.AutoTests" name="[464] /home/travis/build/icyphy/ptII/ptolemy/actor/lib/test/auto/matrixType5.xml (RunModel)" time="0.006" />
  <testcase classname="ptolemy.util.test.junit.AutoTests" name="[465] /home/travis/build/icyphy/ptII/ptolemy/actor/lib/test/auto/matrixType6.xml (RunModel)" time="0.006" />
  <testcase classname="ptolemy.util.test.junit.AutoTests" name="[466] /home/travis/build/icyphy/ptII/ptolemy/actor/lib/test/auto/matrixType7.xml (RunModel)" time="0.006" />
  <testcase classname="ptolemy.util.test.junit.AutoTests" name="[467] /home/travis/build/icyphy/ptII/ptolemy/actor/lib/test/auto/matrixType8.xml (RunModel)" time="0.006" />
  <testcase classname="ptolemy.util.test.junit.AutoTests" name="[468] /home/travis/build/icyphy/ptII/ptolemy/actor/lib/test/auto/matrixType9.xml (RunModel)" time="0.006" />
  <testcase classname="ptolemy.util.test.junit.AutoTests" name="[469] /home/travis/build/icyphy/ptII/ptolemy/actor/lib/test/auto/paraFunctest.xml (RunModel)" time="0.005" />
  <testcase classname="ptolemy.util.test.junit.AutoTests" name="[470] /home/travis/build/icyphy/ptII/ptolemy/actor/lib/test/auto/paraFunctest2.xml (RunModel)" time="0.011" />
  <testcase classname="ptolemy.util.test.junit.AutoTests" name="[471] /home/travis/build/icyphy/ptII/ptolemy/actor/lib/test/auto/parameterPassing.xml (RunModel)" time="0.006" />
  <testcase classname="ptolemy.util.test.junit.AutoTests" name="[472] /home/travis/build/icyphy/ptII/ptolemy/actor/lib/test/auto/record.xml (RunModel)" time="0.007" />
  <testcase classname="ptolemy.util.test.junit.AutoTests" name="[473] /home/travis/build/icyphy/ptII/ptolemy/actor/lib/test/auto/sizedarray1.xml (RunModel)" time="0.007" />
  <testcase classname="ptolemy.util.test.junit.AutoTests" name="[474] /home/travis/build/icyphy/ptII/ptolemy/actor/lib/test/auto/sizedarray2.xml (RunModel)" time="0.007" />
  <testcase classname="ptolemy.util.test.junit.AutoTests" name="[475] /home/travis/build/icyphy/ptII/ptolemy/actor/lib/test/auto/twoPublishers.xml (RunModel)" time="0.021" />
  <system-out><![CDATA[/home/travis/build/icyphy/ptII/ptolemy/actor/lib/test/AbsoluteValue.tcl
testDefs.tcl: setting time out to 9000 seconds at Tue Apr 21 14:07:47 UTC 2020
76 ms. Memory: 129024K Free: 93127K (72%)
4 ms. Memory: 129024K Free: 91079K (71%)
4 ms. Memory: 129024K Free: 90055K (70%)
5 ms. Memory: 129024K Free: 89535K (69%)
/home/travis/build/icyphy/ptII/ptolemy/actor/lib/test/AddSubtract.tcl
11 ms. Memory: 129024K Free: 87493K (68%)
4 ms. Memory: 129024K Free: 86983K (67%)
7 ms. Memory: 129024K Free: 85959K (67%)
16 ms. Memory: 129024K Free: 85445K (66%)
78 ms. Memory: 129024K Free: 82371K (64%)
7 ms. Memory: 129024K Free: 81335K (63%)
/home/travis/build/icyphy/ptII/ptolemy/actor/lib/test/Average.tcl
6 ms. Memory: 129024K Free: 79815K (62%)
5 ms. Memory: 129024K Free: 78791K (61%)
/home/travis/build/icyphy/ptII/ptolemy/actor/lib/test/Bernoulli.tcl
4 ms. Memory: 129024K Free: 77239K (60%)
2 ms. Memory: 129024K Free: 76743K (59%)
/home/travis/build/icyphy/ptII/ptolemy/actor/lib/test/Clock.tcl
preinitializing
resolving types
initializing
executing number 1
wrapping up
idle
32 ms. Memory: 129024K Free: 74181K (57%)
Completed execution with 5 iterations
preinitializing
resolving types
initializing
executing number 1
wrapping up
idle
8 ms. Memory: 129024K Free: 73157K (57%)
Completed execution with 5 iterations
preinitializing
resolving types
initializing
executing number 1
wrapping up
idle
5 ms. Memory: 129024K Free: 72647K (56%)
Completed execution with 5 iterations
/home/travis/build/icyphy/ptII/ptolemy/actor/lib/test/Commutator.tcl
10 ms. Memory: 129024K Free: 70599K (55%)
5 ms. Memory: 129024K Free: 69575K (54%)
14 ms. Memory: 129024K Free: 63941K (50%)
/home/travis/build/icyphy/ptII/ptolemy/actor/lib/test/Const.tcl
9 ms. Memory: 129024K Free: 62407K (48%)
4 ms. Memory: 129024K Free: 61879K (48%)
10 ms. Memory: 129024K Free: 61383K (48%)
2 ms. Memory: 129024K Free: 60869K (47%)
2 ms. Memory: 129024K Free: 60359K (47%)
11 ms. Memory: 129024K Free: 58311K (45%)
4 ms. Memory: 129024K Free: 57287K (44%)
4 ms. Memory: 129024K Free: 56759K (44%)
/home/travis/build/icyphy/ptII/ptolemy/actor/lib/test/CurrentTime.tcl
preinitializing
resolving types
initializing
executing number 1
wrapping up
idle
6 ms. Memory: 129024K Free: 54719K (42%)
Completed execution with 11 iterations
/home/travis/build/icyphy/ptII/ptolemy/actor/lib/test/DB.tcl
4 ms. Memory: 129024K Free: 53191K (41%)
2 ms. Memory: 129024K Free: 52677K (41%)
1 ms. Memory: 129024K Free: 52167K (40%)
/home/travis/build/icyphy/ptII/ptolemy/actor/lib/test/DiscreteRandomSource.tcl
preinitializing
resolving types
initializing
executing number 1
wrapping up
idle
4 ms. Memory: 129024K Free: 50623K (39%)
Completed execution with 4 iterations
preinitializing
resolving types
initializing
executing number 1
wrapping up
idle
2 ms. Memory: 129024K Free: 50119K (39%)
Completed execution with 4 iterations
preinitializing
resolving types
initializing
executing number 1
wrapping up
idle
4 ms. Memory: 129024K Free: 49575K (38%)
Completed execution with 4 iterations
preinitializing
resolving types
initializing
executing number 1
wrapping up
idle
2 ms. Memory: 129024K Free: 49095K (38%)
Completed execution with 4 iterations
preinitializing
resolving types
initializing
executing number 1
wrapping up
idle
11 ms. Memory: 129024K Free: 48581K (38%)
Completed execution with 4 iterations
/home/travis/build/icyphy/ptII/ptolemy/actor/lib/test/Distributor.tcl
22 ms. Memory: 129024K Free: 113656K (88%)
8 ms. Memory: 129024K Free: 113162K (88%)
StreamChangeRequest.changeExecuted(): <deleteEntity name="rec2"/> succeeded
StreamChangeRequest.changeExecuted(): <deleteRelation name="r2"/> succeeded
StreamChangeRequest.changeExecuted(): Record firings per iteration succeeded
9 ms. Memory: 129024K Free: 110584K (86%)
/home/travis/build/icyphy/ptII/ptolemy/actor/lib/test/Exit.tcl
Exit.tcl: this will print a message about Manager.exitAfterWrapup, which can be ignored.
6 ms. Memory: 129024K Free: 107539K (83%)
/home/travis/build/icyphy/ptII/ptolemy/actor/lib/test/Expression.tcl
12 ms. Memory: 129024K Free: 103931K (81%)
3 ms. Memory: 129024K Free: 103416K (80%)
2 ms. Memory: 129024K Free: 102899K (80%)
preinitializing
resolving types
initializing
executing number 1
wrapping up
idle
5 ms. Memory: 129024K Free: 101368K (79%)
Completed execution with 6 iterations
3 ms. Memory: 129024K Free: 100358K (78%)
2 ms. Memory: 129024K Free: 99820K (77%)
4 ms. Memory: 129024K Free: 98320K (76%)
3 ms. Memory: 129024K Free: 97272K (75%)
4 ms. Memory: 129024K Free: 95740K (74%)
/home/travis/build/icyphy/ptII/ptolemy/actor/lib/test/Gaussian.tcl
4 ms. Memory: 129024K Free: 94208K (73%)
sleeping 1 seconds: .....................................................................................................................................................................................................................................................................................................................................................................................................................................................................................................................................................................................................................................................................................................................................................................................................................................................................................................................................................................................................................................................................................................................................................................................................................................................................................................................................................................................................................................................................................................................................................................................................................................................................................................................................................................................................................................................................................................................................................................................................................................................................................................................................................................................................................................................................................................................................................................................................................................................................................................................................................................................................................................................................................................................................................................................................................................................................................................................................................................................................................................................................................................................................................................................................................................................................................................................................................................................................................................................................................................................................................................................................................................................................................................................................................................................................................................................................................................................................................................................................................................................................................................................................................................................................................................................................................................................................................................................................................................................................................................................................................................................................................................................................................................................................................................................................................................................................................................................................................................................................................................................................................................................................................................................................................................................................................................................................................................................................................................................................................................................................................................................................................................................................................................................................................................................................................................................................................................................................................................................................................................................................................................................................................................................................................................................................................................................................................................................................................................................................................................................................................................................................................................................................................................................................................................................................................................................................................................................................................................................................................................................................................................................................................................................................................................................................................................................................................................................................................................................................................................2 ms. Memory: 129024K Free: 84444K (65%)
2 ms. Memory: 129024K Free: 83934K (65%)
1 ms. Memory: 129024K Free: 83414K (65%)
2 ms. Memory: 129024K Free: 82910K (64%)
2 ms. Memory: 129024K Free: 81886K (63%)
/home/travis/build/icyphy/ptII/ptolemy/actor/lib/test/IIR.tcl
/home/travis/build/icyphy/ptII/ptolemy/actor/lib/test/Interpolator.tcl
4 ms. Memory: 129024K Free: 78286K (61%)
2 ms. Memory: 129024K Free: 77790K (60%)
1 ms. Memory: 129024K Free: 77276K (60%)
1 ms. Memory: 129024K Free: 76252K (59%)
2 ms. Memory: 129024K Free: 75742K (59%)
5 ms. Memory: 129024K Free: 74718K (58%)
6 ms. Memory: 129024K Free: 112711K (87%)
11 ms. Memory: 129024K Free: 111687K (87%)
2 ms. Memory: 129024K Free: 111159K (86%)
2 ms. Memory: 129024K Free: 110135K (85%)
/home/travis/build/icyphy/ptII/ptolemy/actor/lib/test/MathFunction.tcl
5 ms. Memory: 129024K Free: 108071K (84%)
2 ms. Memory: 129024K Free: 107063K (83%)
1 ms. Memory: 129024K Free: 106047K (82%)
8 ms. Memory: 129024K Free: 105015K (81%)
7 ms. Memory: 129024K Free: 104005K (81%)
5 ms. Memory: 129024K Free: 101927K (79%)
/home/travis/build/icyphy/ptII/ptolemy/actor/lib/test/Maximum.tcl
5 ms. Memory: 129024K Free: 99895K (77%)
8 ms. Memory: 129024K Free: 99399K (77%)
5 ms. Memory: 129024K Free: 98885K (77%)
6 ms. Memory: 129024K Free: 97847K (76%)
/home/travis/build/icyphy/ptII/ptolemy/actor/lib/test/Minimum.tcl
5 ms. Memory: 129024K Free: 96327K (75%)
3 ms. Memory: 129024K Free: 95807K (74%)
4 ms. Memory: 129024K Free: 94783K (73%)
4 ms. Memory: 129024K Free: 94279K (73%)
/home/travis/build/icyphy/ptII/ptolemy/actor/lib/test/MultiplyDivide.tcl
10 ms. Memory: 129024K Free: 92231K (71%)
7 ms. Memory: 129024K Free: 91711K (71%)
3 ms. Memory: 129024K Free: 90663K (70%)
6 ms. Memory: 129024K Free: 90183K (70%)
5 ms. Memory: 129024K Free: 89669K (69%)
/home/travis/build/icyphy/ptII/ptolemy/actor/lib/test/OrderedMerge.tcl
Connections changed on port: inputA
Connections changed on port: inputB
Connections changed on port: output
Connections changed on port: output
Connections changed on port: output
Connections changed on port: input
.top. Preinitializing ...
Invoking preinitialize():  .top.OrderedMerge
Called preinitialize()
Invoking preinitialize():  .top.Ramp
Called preinitialize()
Invoking preinitialize():  .top.Ramp2
Called preinitialize()
Invoking preinitialize():  .top.Test
Called preinitialize()
Connections changed on port: inputA
Connections changed on port: output
Connections changed on port: output
Connections changed on port: input
Connections changed on port: inputB
Connections changed on port: output
.top. Finished preinitialize().
Called initialize().
Invoking initialize():  .top.OrderedMerge
Initializing actor: .top.OrderedMerge
Adding a thread: .top.OrderedMerge
Invoking initialize():  .top.Ramp
Initializing actor: .top.Ramp
Adding a thread: .top.Ramp
Invoking initialize():  .top.Ramp2
Initializing actor: .top.Ramp2
Adding a thread: .top.Ramp2
Invoking initialize():  .top.Test
Initializing actor: .top.Test
Adding a thread: .top.Test
-- Starting thread.
Called initialize()
Called prefire()
Called fire()
Called fire().
Checking for deadlock:
-- Starting thread.
Called initialize()
Called prefire()
Called fire()
-- Starting thread.
Called initialize()
Called prefire()
Called fire()
-- Starting thread.
Called initialize()
Called prefire()
Called fire()
There are 1 Blocked actors, 0 Stopped actors, and 4 active threads.
Waiting for actors to stop.
Called postfire()
Called prefire()
Called fire()
Called postfire()
Called prefire()
Called fire()
Read input token from inputA with value 0.0
Next port to read input from is inputB
Called postfire()
Called prefire()
Called fire()
Read input token from inputB with value 0.0
Sent output token with value 0.0
Next port to read input from is inputA
Checking for deadlock:
Called postfire()
Called prefire()
Called fire()
There are 0 Blocked actors, 0 Stopped actors, and 4 active threads.
Waiting for actors to stop.
Called postfire()
Called prefire()
Called fire()
Called postfire()
Called prefire()
Called fire()
Read input token from inputA with value 1.0
Sent output token with value 0.0
Next port to read input from is inputB
Called postfire()
Called prefire()
Called fire()
-- Read input: 0.0, which is expected to match: 0.0
Read input token from inputB with value 1.5
Checking for deadlock:
Called prefire()
Called fire()
There are 1 Blocked actors, 0 Stopped actors, and 4 active threads.
Waiting for actors to stop.
-- Read input: 0.0, which is expected to match: 0.0
Called prefire()
Called fire()
Checking for deadlock:
Called postfire()
Called prefire()
Called fire()
Called postfire()
Called prefire()
Called fire()
There are 0 Blocked actors, 0 Stopped actors, and 4 active threads.
Waiting for actors to stop.
Checking for deadlock:
There are 2 Blocked actors, 0 Stopped actors, and 4 active threads.
-- Read input: 1.0, which is expected to match: 1.0
Sent output token with value 1.0
Called prefire()
Called fire()
Next port to read input from is inputA
Called postfire()
Called prefire()
Called fire()
Waiting for actors to stop.
Read input token from inputA with value 2.0
Sent output token with value 1.5
Next port to read input from is inputB
Called postfire()
Called prefire()
Called fire()
Read input token from inputB with value 3.0
Sent output token with value 2.0
Next port to read input from is inputA
Called postfire()
Called prefire()
Called fire()
Checking for deadlock:
There are 1 Blocked actors, 0 Stopped actors, and 4 active threads.
Waiting for actors to stop.
Called postfire()
Called prefire()
Called fire()
Called postfire()
Called prefire()
Called fire()
Checking for deadlock:
There are 2 Blocked actors, 0 Stopped actors, and 4 active threads.
Waiting for actors to stop.
Called postfire()
Called prefire()
Called fire()
Read input token from inputA with value 3.0
Checking for deadlock:
There are 3 Blocked actors, 0 Stopped actors, and 4 active threads.
Waiting for actors to stop.
-- Read input: 1.5, which is expected to match: 1.5
Called prefire()
Called fire()
-- Read input: 2.0, which is expected to match: 2.0
Called prefire()
Called fire()
Sent output token with value 3.0
-- Read input: 3.0, which is expected to match: 3.0
Next port to read input from is inputB
Called postfire()
Called prefire()
Called prefire()
Checking for deadlock:
There are 2 Blocked actors, 0 Stopped actors, and 4 active threads.
Waiting for actors to stop.
Called fire()
Called fire()
Read input token from inputB with value 4.5
Sent output token with value 3.0
Next port to read input from is inputA
Called postfire()
Called prefire()
Called fire()
Read input token from inputA with value 4.0
Checking for deadlock:
There are 1 Blocked actors, 0 Stopped actors, and 4 active threads.
Waiting for actors to stop.
Called postfire()
Called prefire()
Called fire()
Called postfire()
Called prefire()
Called fire()
-- Read input: 3.0, which is expected to match: 3.0
Checking for deadlock:
There are 2 Blocked actors, 0 Stopped actors, and 4 active threads.
Called prefire()
Called fire()
Waiting for actors to stop.
Sent output token with value 4.0
Next port to read input from is inputA
Called postfire()
Called prefire()
Called fire()
Read input token from inputA with value 5.0
Checking for deadlock:
There are 2 Blocked actors, 0 Stopped actors, and 4 active threads.
Waiting for actors to stop.
Called postfire()
Called prefire()
Called fire()
Checking for deadlock:
There are 3 Blocked actors, 0 Stopped actors, and 4 active threads.
Waiting for actors to stop.
Checking for deadlock:
There are 2 Blocked actors, 0 Stopped actors, and 4 active threads.
Waiting for actors to stop.
-- Read input: 4.0, which is expected to match: 4.0
Called prefire()
Sent output token with value 4.5
Called fire()
Past the end of training data. Read and discard all inputs.
Next port to read input from is inputB
Called postfire()
Called prefire()
Called fire()
Called prefire()
Called fire()
Past the end of training data. Read and discard all inputs.
Called postfire()
Called prefire()
Called fire()
Checking for deadlock:
There are 2 Blocked actors, 0 Stopped actors, and 4 active threads.
Waiting for actors to stop.
Checking for deadlock:
There are 3 Blocked actors, 0 Stopped actors, and 4 active threads.
Waiting for actors to stop.
Read input token from inputB with value 6.0
Sent output token with value 5.0
Called prefire()
Called fire()
Past the end of training data. Read and discard all inputs.
Next port to read input from is inputA
Called postfire()
Called prefire()
Called fire()
Read input token from inputA with value 6.0
Sent output token with value 6.0
Next port to read input from is inputB
Called postfire()
Called prefire()
Called fire()
Read input token from inputB with value 7.5
Checking for deadlock:
There are 1 Blocked actors, 0 Stopped actors, and 4 active threads.
Waiting for actors to stop.
Called postfire()
Called prefire()
Called fire()
Called postfire()
Called prefire()
Called fire()
Checking for deadlock:
There are 3 Blocked actors, 0 Stopped actors, and 4 active threads.
Waiting for actors to stop.
Called prefire()
Called fire()
Past the end of training data. Read and discard all inputs.
Sent output token with value 6.0
Called prefire()
Called fire()
Past the end of training data. Read and discard all inputs.
Next port to read input from is inputA
Called postfire()
Called prefire()
Called fire()
Read input token from inputA with value 7.0
Sent output token with value 7.0
Next port to read input from is inputA
Called postfire()
Called prefire()
Called fire()
Checking for deadlock:
There are 2 Blocked actors, 0 Stopped actors, and 4 active threads.
Waiting for actors to stop.
Called prefire()
Called fire()
Past the end of training data. Read and discard all inputs.
Called postfire()
Called prefire()
Called fire()
Checking for deadlock:
There are 3 Blocked actors, 0 Stopped actors, and 4 active threads.
Waiting for actors to stop.
Checking for deadlock:
There are 2 Blocked actors, 0 Stopped actors, and 4 active threads.
Waiting for actors to stop.
-- Thread wrapup() called.
Called wrapup()
Thread .top.Ramp is exiting.
-- Thread stopped.
Checking for deadlock:
There are 2 Blocked actors, 0 Stopped actors, and 3 active threads.
Waiting for actors to stop.
Read input token from inputA with value 8.0
Called prefire()
Called fire()
Past the end of training data. Read and discard all inputs.
Checking for deadlock:
There are 2 Blocked actors, 0 Stopped actors, and 3 active threads.
Waiting for actors to stop.
Sent output token with value 7.5
Next port to read input from is inputB
Called postfire()
Called prefire()
Called fire()
Checking for deadlock:
There are 1 Blocked actors, 0 Stopped actors, and 3 active threads.
Waiting for actors to stop.
Called postfire()
Called prefire()
Called fire()
Checking for deadlock:
There are 2 Blocked actors, 0 Stopped actors, and 3 active threads.
Waiting for actors to stop.
Read input token from inputB with value 9.0
Checking for deadlock:
There are 1 Blocked actors, 0 Stopped actors, and 3 active threads.
Waiting for actors to stop.
Called prefire()
Called fire()
Past the end of training data. Read and discard all inputs.
Checking for deadlock:
There are 2 Blocked actors, 0 Stopped actors, and 3 active threads.
Waiting for actors to stop.
Sent output token with value 8.0
Next port to read input from is inputA
Called postfire()
Called prefire()
Called fire()
Read input token from inputA with value 9.0
Called prefire()
Called fire()
Past the end of training data. Read and discard all inputs.
Checking for deadlock:
There are 2 Blocked actors, 0 Stopped actors, and 3 active threads.
Waiting for actors to stop.
Sent output token with value 9.0
Next port to read input from is inputB
Called postfire()
Called prefire()
Called fire()
Called postfire()
Called prefire()
Called fire()
Checking for deadlock:
There are 2 Blocked actors, 0 Stopped actors, and 3 active threads.
Waiting for actors to stop.
Read input token from inputB with value 10.5
Called prefire()
Called fire()
Past the end of training data. Read and discard all inputs.
Checking for deadlock:
There are 2 Blocked actors, 0 Stopped actors, and 3 active threads.
Waiting for actors to stop.
Sent output token with value 9.0
Next port to read input from is inputA
Called postfire()
Called prefire()
Called fire()
Checking for deadlock:
There are 3 Blocked actors, 0 Stopped actors, and 3 active threads.
Actors have stopped.
Checking for deadlock:
There are 3 Blocked actors, 0 Stopped actors, and 3 active threads.
Deadlock detected.
Resolving Deadlock
Checking for deadlock:
There are 3 Blocked actors, 0 Stopped actors, and 3 active threads.
Artificial Deadlock - increasing queue capacity.
increasing the capacity of receiver ptolemy.actor.TypedIOPort {.top.OrderedMerge.inputB} to 2
-- Thread wrapup() called.
Called wrapup()
Thread .top.Ramp2 is exiting.
-- Thread stopped.
Director: Called postfire().
Called postfire().
_stopRequested = false
_stopFireRequested = false
Returning from postfire(): true
Called fire().
Checking for deadlock:
There are 2 Blocked actors, 0 Stopped actors, and 2 active threads.
Actors have stopped.
Checking for deadlock:
There are 2 Blocked actors, 0 Stopped actors, and 2 active threads.
Deadlock detected.
Resolving Deadlock
Checking for deadlock:
There are 2 Blocked actors, 0 Stopped actors, and 2 active threads.
Deadlock detected: no processes blocked on write, but some are blocked on read.
Called postfire().
_stopRequested = false
_stopFireRequested = false
Returning from postfire(): false
Finished deactivating branches.
Called wrapup().
-- Thread wrapup() called.
Called wrapup()
Thread .top.Test is exiting.
-- Thread stopped.
-- Blocked Receiver call threw TerminateProcessException.
-- Thread wrapup() called.
Called wrapup()
Thread .top.OrderedMerge is exiting.
-- Thread stopped.
-- Blocked Receiver call threw TerminateProcessException.
82 ms. Memory: 129024K Free: 84549K (66%)
.top. Preinitializing ...
Invoking preinitialize():  .top.OrderedMerge
Called preinitialize()
Invoking preinitialize():  .top.Ramp
Called preinitialize()
Invoking preinitialize():  .top.Ramp2
Called preinitialize()
Invoking preinitialize():  .top.Test
Called preinitialize()
.top. Finished preinitialize().
Called initialize().
Invoking initialize():  .top.OrderedMerge
Initializing actor: .top.OrderedMerge
Adding a thread: .top.OrderedMerge
Invoking initialize():  .top.Ramp
Initializing actor: .top.Ramp
Adding a thread: .top.Ramp
Invoking initialize():  .top.Ramp2
Initializing actor: .top.Ramp2
Adding a thread: .top.Ramp2
Invoking initialize():  .top.Test
Initializing actor: .top.Test
Adding a thread: .top.Test
-- Starting thread.
Called initialize()
Called prefire()
Called fire()
Called postfire()
Called prefire()
Called fire()
-- Starting thread.
Called initialize()
Called prefire()
Called fire()
Called postfire()
Called prefire()
Called fire()
Called fire().
Checking for deadlock:
There are 2 Blocked actors, 0 Stopped actors, and 4 active threads.
Waiting for actors to stop.
-- Starting thread.
Called initialize()
Called prefire()
Called fire()
Checking for deadlock:
There are 3 Blocked actors, 0 Stopped actors, and 4 active threads.
Waiting for actors to stop.
-- Starting thread.
Called initialize()
Called prefire()
Called fire()
Checking for deadlock:
There are 2 Blocked actors, 0 Stopped actors, and 4 active threads.
Waiting for actors to stop.
Called postfire()
Called prefire()
Called fire()
Checking for deadlock:
There are 3 Blocked actors, 0 Stopped actors, and 4 active threads.
Waiting for actors to stop.
Read input token from inputA with value 0.0
Next port to read input from is inputB
Called postfire()
Called prefire()
Called fire()
Called postfire()
Called prefire()
Called fire()
Checking for deadlock:
There are 3 Blocked actors, 0 Stopped actors, and 4 active threads.
Waiting for actors to stop.
Read input token from inputB with value 0.0
-- Read input: 0.0, which is expected to match: 0.0
Called prefire()
Called fire()
Checking for deadlock:
There are 3 Blocked actors, 0 Stopped actors, and 4 active threads.
Waiting for actors to stop.
Sent output token with value 0.0
Next port to read input from is inputA
Called postfire()
Called prefire()
Called fire()
Checking for deadlock:
There are 2 Blocked actors, 0 Stopped actors, and 4 active threads.
Waiting for actors to stop.
Called postfire()
Called prefire()
Called fire()
Checking for deadlock:
There are 3 Blocked actors, 0 Stopped actors, and 4 active threads.
Waiting for actors to stop.
Read input token from inputA with value 1.0
Checking for deadlock:
There are 2 Blocked actors, 0 Stopped actors, and 4 active threads.
Waiting for actors to stop.
-- Read input: 0.0, which is expected to match: 0.0
Called prefire()
Called fire()
Checking for deadlock:
There are 3 Blocked actors, 0 Stopped actors, and 4 active threads.
Waiting for actors to stop.
Sent output token with value 0.0
Next port to read input from is inputB
Called postfire()
Called prefire()
Called fire()
Checking for deadlock:
There are 2 Blocked actors, 0 Stopped actors, and 4 active threads.
Waiting for actors to stop.
Called postfire()
Called prefire()
Called fire()
Checking for deadlock:
There are 3 Blocked actors, 0 Stopped actors, and 4 active threads.
Waiting for actors to stop.
Read input token from inputB with value 1.5
Checking for deadlock:
There are 2 Blocked actors, 0 Stopped actors, and 4 active threads.
Waiting for actors to stop.
-- Read input: 1.0, which is expected to match: 1.0
Called prefire()
Called fire()
Checking for deadlock:
There are 3 Blocked actors, 0 Stopped actors, and 4 active threads.
Waiting for actors to stop.
Sent output token with value 1.0
Next port to read input from is inputA
Called postfire()
Called prefire()
Called fire()
Checking for deadlock:
There are 2 Blocked actors, 0 Stopped actors, and 4 active threads.
Waiting for actors to stop.
Called postfire()
Called prefire()
Called fire()
Checking for deadlock:
There are 3 Blocked actors, 0 Stopped actors, and 4 active threads.
Waiting for actors to stop.
Read input token from inputA with value 2.0
Checking for deadlock:
There are 2 Blocked actors, 0 Stopped actors, and 4 active threads.
Waiting for actors to stop.
-- Read input: 1.5, which is expected to match: 1.5
Called prefire()
Called fire()
Checking for deadlock:
There are 3 Blocked actors, 0 Stopped actors, and 4 active threads.
Waiting for actors to stop.
Sent output token with value 1.5
Next port to read input from is inputB
Called postfire()
Called prefire()
Called fire()
Called postfire()
Called prefire()
Called fire()
Checking for deadlock:
There are 3 Blocked actors, 0 Stopped actors, and 4 active threads.
Waiting for actors to stop.
Read input token from inputB with value 3.0
-- Read input: 2.0, which is expected to match: 2.0
Called prefire()
Called fire()
Checking for deadlock:
There are 3 Blocked actors, 0 Stopped actors, and 4 active threads.
Waiting for actors to stop.
Sent output token with value 2.0
Next port to read input from is inputA
Called postfire()
Called prefire()
Called fire()
Checking for deadlock:
There are 2 Blocked actors, 0 Stopped actors, and 4 active threads.
Waiting for actors to stop.
Called postfire()
Called prefire()
Called fire()
Checking for deadlock:
There are 3 Blocked actors, 0 Stopped actors, and 4 active threads.
Waiting for actors to stop.
Read input token from inputA with value 3.0
Checking for deadlock:
There are 2 Blocked actors, 0 Stopped actors, and 4 active threads.
Waiting for actors to stop.
-- Read input: 3.0, which is expected to match: 3.0
Called prefire()
Called fire()
Checking for deadlock:
There are 3 Blocked actors, 0 Stopped actors, and 4 active threads.
Waiting for actors to stop.
Sent output token with value 3.0
Next port to read input from is inputB
Called postfire()
Called prefire()
Called fire()
Checking for deadlock:
There are 2 Blocked actors, 0 Stopped actors, and 4 active threads.
Waiting for actors to stop.
Called postfire()
Called prefire()
Called fire()
Checking for deadlock:
There are 3 Blocked actors, 0 Stopped actors, and 4 active threads.
Waiting for actors to stop.
Read input token from inputB with value 4.5
Checking for deadlock:
There are 2 Blocked actors, 0 Stopped actors, and 4 active threads.
Waiting for actors to stop.
-- Read input: 3.0, which is expected to match: 3.0
Called prefire()
Called fire()
Checking for deadlock:
There are 3 Blocked actors, 0 Stopped actors, and 4 active threads.
Waiting for actors to stop.
Sent output token with value 3.0
Next port to read input from is inputA
Called postfire()
Called prefire()
Called fire()
Called postfire()
Called prefire()
Called fire()
Checking for deadlock:
There are 3 Blocked actors, 0 Stopped actors, and 4 active threads.
Waiting for actors to stop.
Read input token from inputA with value 4.0
-- Read input: 4.0, which is expected to match: 4.0
Called prefire()
Called fire()
Past the end of training data. Read and discard all inputs.
Checking for deadlock:
There are 3 Blocked actors, 0 Stopped actors, and 4 active threads.
Waiting for actors to stop.
Sent output token with value 4.0
Next port to read input from is inputA
Called postfire()
Called prefire()
Called fire()
Called postfire()
Called prefire()
Called fire()
Checking for deadlock:
There are 3 Blocked actors, 0 Stopped actors, and 4 active threads.
Waiting for actors to stop.
Read input token from inputA with value 5.0
Called prefire()
Called fire()
Past the end of training data. Read and discard all inputs.
Checking for deadlock:
There are 3 Blocked actors, 0 Stopped actors, and 4 active threads.
Waiting for actors to stop.
Sent output token with value 4.5
Next port to read input from is inputB
Called postfire()
Called prefire()
Called fire()
Checking for deadlock:
There are 2 Blocked actors, 0 Stopped actors, and 4 active threads.
Waiting for actors to stop.
Called postfire()
Called prefire()
Called fire()
Checking for deadlock:
There are 3 Blocked actors, 0 Stopped actors, and 4 active threads.
Waiting for actors to stop.
Read input token from inputB with value 6.0
Checking for deadlock:
There are 2 Blocked actors, 0 Stopped actors, and 4 active threads.
Waiting for actors to stop.
Called prefire()
Called fire()
Past the end of training data. Read and discard all inputs.
Checking for deadlock:
There are 3 Blocked actors, 0 Stopped actors, and 4 active threads.
Waiting for actors to stop.
Sent output token with value 5.0
Next port to read input from is inputA
Called postfire()
Called prefire()
Called fire()
Called postfire()
Called prefire()
Called fire()
Checking for deadlock:
There are 3 Blocked actors, 0 Stopped actors, and 4 active threads.
Waiting for actors to stop.
Read input token from inputA with value 6.0
Called prefire()
Called fire()
Past the end of training data. Read and discard all inputs.
Checking for deadlock:
There are 3 Blocked actors, 0 Stopped actors, and 4 active threads.
Waiting for actors to stop.
Sent output token with value 6.0
Next port to read input from is inputB
Called postfire()
Called prefire()
Called fire()
Checking for deadlock:
There are 2 Blocked actors, 0 Stopped actors, and 4 active threads.
Waiting for actors to stop.
Called postfire()
Called prefire()
Called fire()
Checking for deadlock:
There are 3 Blocked actors, 0 Stopped actors, and 4 active threads.
Waiting for actors to stop.
Read input token from inputB with value 7.5
Checking for deadlock:
There are 2 Blocked actors, 0 Stopped actors, and 4 active threads.
Waiting for actors to stop.
Called prefire()
Called fire()
Past the end of training data. Read and discard all inputs.
Checking for deadlock:
There are 3 Blocked actors, 0 Stopped actors, and 4 active threads.
Waiting for actors to stop.
Sent output token with value 6.0
Next port to read input from is inputA
Called postfire()
Called prefire()
Called fire()
Called postfire()
Called prefire()
Called fire()
Checking for deadlock:
There are 3 Blocked actors, 0 Stopped actors, and 4 active threads.
Waiting for actors to stop.
Read input token from inputA with value 7.0
Called prefire()
Called fire()
Past the end of training data. Read and discard all inputs.
Checking for deadlock:
There are 3 Blocked actors, 0 Stopped actors, and 4 active threads.
Waiting for actors to stop.
Sent output token with value 7.0
Next port to read input from is inputA
Called postfire()
Called prefire()
Called fire()
-- Thread wrapup() called.
Called wrapup()
Thread .top.Ramp is exiting.
-- Thread stopped.
Checking for deadlock:
There are 2 Blocked actors, 0 Stopped actors, and 3 active threads.
Waiting for actors to stop.
Read input token from inputA with value 8.0
Checking for deadlock:
There are 1 Blocked actors, 0 Stopped actors, and 3 active threads.
Waiting for actors to stop.
Called prefire()
Called fire()
Past the end of training data. Read and discard all inputs.
Checking for deadlock:
There are 2 Blocked actors, 0 Stopped actors, and 3 active threads.
Waiting for actors to stop.
Sent output token with value 7.5
Next port to read input from is inputB
Called postfire()
Called prefire()
Called fire()
Checking for deadlock:
There are 1 Blocked actors, 0 Stopped actors, and 3 active threads.
Waiting for actors to stop.
Called postfire()
Called prefire()
Called fire()
Checking for deadlock:
There are 2 Blocked actors, 0 Stopped actors, and 3 active threads.
Waiting for actors to stop.
Read input token from inputB with value 9.0
Checking for deadlock:
There are 1 Blocked actors, 0 Stopped actors, and 3 active threads.
Waiting for actors to stop.
Called prefire()
Called fire()
Past the end of training data. Read and discard all inputs.
Checking for deadlock:
There are 2 Blocked actors, 0 Stopped actors, and 3 active threads.
Waiting for actors to stop.
Sent output token with value 8.0
Next port to read input from is inputA
Called postfire()
Called prefire()
Called fire()
Read input token from inputA with value 9.0
Called prefire()
Called fire()
Past the end of training data. Read and discard all inputs.
Checking for deadlock:
There are 2 Blocked actors, 0 Stopped actors, and 3 active threads.
Waiting for actors to stop.
Sent output token with value 9.0
Next port to read input from is inputB
Called postfire()
Called prefire()
Called fire()
Called postfire()
Called prefire()
Called fire()
Checking for deadlock:
There are 2 Blocked actors, 0 Stopped actors, and 3 active threads.
Waiting for actors to stop.
Read input token from inputB with value 10.5
Called prefire()
Called fire()
Past the end of training data. Read and discard all inputs.
Checking for deadlock:
There are 2 Blocked actors, 0 Stopped actors, and 3 active threads.
Waiting for actors to stop.
Sent output token with value 9.0
Next port to read input from is inputA
Called postfire()
Called prefire()
Called fire()
Checking for deadlock:
There are 3 Blocked actors, 0 Stopped actors, and 3 active threads.
Actors have stopped.
Checking for deadlock:
There are 3 Blocked actors, 0 Stopped actors, and 3 active threads.
Deadlock detected.
Resolving Deadlock
Checking for deadlock:
There are 3 Blocked actors, 0 Stopped actors, and 3 active threads.
Artificial Deadlock - increasing queue capacity.
increasing the capacity of receiver ptolemy.actor.TypedIOPort {.top.OrderedMerge.inputB} to 2
Director: Called postfire().
Called postfire().
_stopRequested = false
_stopFireRequested = false
Returning from postfire(): true
Called fire().
Checking for deadlock:
There are 2 Blocked actors, 0 Stopped actors, and 3 active threads.
Waiting for actors to stop.
-- Thread wrapup() called.
Called wrapup()
Thread .top.Ramp2 is exiting.
-- Thread stopped.
Checking for deadlock:
There are 2 Blocked actors, 0 Stopped actors, and 2 active threads.
Actors have stopped.
Checking for deadlock:
There are 2 Blocked actors, 0 Stopped actors, and 2 active threads.
Deadlock detected.
Resolving Deadlock
Checking for deadlock:
There are 2 Blocked actors, 0 Stopped actors, and 2 active threads.
Deadlock detected: no processes blocked on write, but some are blocked on read.
Called postfire().
_stopRequested = false
_stopFireRequested = false
Returning from postfire(): false
Finished deactivating branches.
Called wrapup().
-- Thread wrapup() called.
Called wrapup()
-- Thread wrapup() called.
Called wrapup()
Thread .top.Test is exiting.
-- Thread stopped.
-- Blocked Receiver call threw TerminateProcessException.
Thread .top.OrderedMerge is exiting.
17 ms. Memory: 129024K Free: 82522K (64%)
/home/travis/build/icyphy/ptII/ptolemy/actor/lib/test/Publisher.tcl
-- Thread stopped.
-- Blocked Receiver call threw TerminateProcessException.
5 ms. Memory: 129024K Free: 76357K (59%)
4 ms. Memory: 129024K Free: 71231K (55%)
2 ms. Memory: 129024K Free: 67655K (52%)
3 ms. Memory: 129024K Free: 66631K (52%)
10 ms. Memory: 129024K Free: 111708K (87%)
3 ms. Memory: 129024K Free: 110684K (86%)
2 ms. Memory: 129024K Free: 110164K (85%)
3 ms. Memory: 129024K Free: 109146K (85%)
16 ms. Memory: 129024K Free: 102366K (79%)
3 ms. Memory: 129024K Free: 98750K (77%)
1 ms. Memory: 129024K Free: 97756K (76%)
3 ms. Memory: 129024K Free: 95694K (74%)
6 ms. Memory: 129024K Free: 88030K (68%)
5 ms. Memory: 129024K Free: 78286K (61%)
6 ms. Memory: 129024K Free: 67550K (52%)
/home/travis/build/icyphy/ptII/ptolemy/actor/lib/test/Pulse.tcl
2 ms. Memory: 129024K Free: 75219K (58%)
1 ms. Memory: 129024K Free: 74705K (58%)
2 ms. Memory: 129024K Free: 74195K (58%)
2 ms. Memory: 129024K Free: 73171K (57%)
1 ms. Memory: 129024K Free: 72657K (56%)
4 ms. Memory: 129024K Free: 71633K (56%)
2 ms. Memory: 129024K Free: 70595K (55%)
1 ms. Memory: 129024K Free: 70099K (54%)
1 ms. Memory: 129024K Free: 69075K (54%)
/home/travis/build/icyphy/ptII/ptolemy/actor/lib/test/Ramp.tcl
2 ms. Memory: 129024K Free: 67523K (52%)
1 ms. Memory: 129024K Free: 66513K (52%)
2 ms. Memory: 129024K Free: 66003K (51%)
1 ms. Memory: 129024K Free: 64979K (50%)
3 ms. Memory: 129024K Free: 64465K (50%)
4 ms. Memory: 129024K Free: 63441K (49%)
4 ms. Memory: 129024K Free: 62387K (48%)
5 actors
4000 microseconds per iteration to create
4 ms. Memory: 129024K Free: 59859K (46%)
10 ms. Memory: 156672K Free: 138445K (88%)
4 ms. Memory: 156672K Free: 137465K (88%)
5 ms. Memory: 156672K Free: 136961K (87%)
50 actors
48000 microseconds per iteration to create
29 ms. Memory: 156672K Free: 121601K (78%)
5 ms. Memory: 156672K Free: 120577K (77%)
5 ms. Memory: 156672K Free: 119553K (76%)
5 ms. Memory: 156672K Free: 118529K (76%)
500 actors
1385000 microseconds per iteration to create
224 ms. Memory: 156672K Free: 91560K (58%)
28 ms. Memory: 156672K Free: 86440K (55%)
27 ms. Memory: 156672K Free: 81320K (52%)
25 ms. Memory: 156672K Free: 76200K (49%)
/home/travis/build/icyphy/ptII/ptolemy/actor/lib/test/RampContinuous.tcl
6 ms. Memory: 156672K Free: 74647K (48%)
/home/travis/build/icyphy/ptII/ptolemy/actor/lib/test/RecordAssembler.tcl
4 ms. Memory: 156672K Free: 73128K (47%)
2 ms. Memory: 156672K Free: 72104K (46%)
/home/travis/build/icyphy/ptII/ptolemy/actor/lib/test/RecordDisassembler.tcl
5 ms. Memory: 156672K Free: 70056K (45%)
2 ms. Memory: 156672K Free: 69527K (44%)
3 ms. Memory: 156672K Free: 68503K (44%)
/home/travis/build/icyphy/ptII/ptolemy/actor/lib/test/Scale.tcl
2 ms. Memory: 156672K Free: 66470K (42%)
1 ms. Memory: 156672K Free: 65960K (42%)
1 ms. Memory: 156672K Free: 64936K (41%)
2 ms. Memory: 156672K Free: 63912K (41%)
2 ms. Memory: 156672K Free: 63398K (40%)
/home/travis/build/icyphy/ptII/ptolemy/actor/lib/test/SequentialClock.tcl
preinitializing
resolving types
initializing
executing number 1
wrapping up
idle
2 ms. Memory: 156672K Free: 61864K (39%)
Completed execution with 5 iterations
preinitializing
resolving types
initializing
executing number 1
wrapping up
idle
2 ms. Memory: 156672K Free: 61335K (39%)
Completed execution with 5 iterations
preinitializing
resolving types
initializing
executing number 1
wrapping up
idle
2 ms. Memory: 156672K Free: 60840K (39%)
Completed execution with 5 iterations
/home/travis/build/icyphy/ptII/ptolemy/actor/lib/test/SetVariable.tcl
4 ms. Memory: 156672K Free: 132165K (84%)
/home/travis/build/icyphy/ptII/ptolemy/actor/lib/test/Sinewave.tcl
/home/travis/build/icyphy/ptII/ptolemy/actor/lib/test/SubscriptionAggregator.tcl
11 ms. Memory: 156672K Free: 120398K (77%)
2 ms. Memory: 156672K Free: 119869K (77%)
1 ms. Memory: 156672K Free: 119374K (76%)
1 ms. Memory: 156672K Free: 118829K (76%)
1 ms. Memory: 156672K Free: 115278K (74%)
7 ms. Memory: 156672K Free: 113230K (72%)
...............................................................904 ms. Memory: 269312K Free: 152066K (56%)
/home/travis/build/icyphy/ptII/ptolemy/actor/lib/test/Test.tcl
 The next command will produce a warning about training mode,
   which may be ignored.
5 ms. Memory: 269312K Free: 150018K (56%)
2 ms. Memory: 269312K Free: 149489K (56%)
2 ms. Memory: 269312K Free: 148465K (55%)
1 ms. Memory: 269312K Free: 147970K (55%)
1 ms. Memory: 269312K Free: 147441K (55%)
3 ms. Memory: 269312K Free: 146417K (54%)
3 ms. Memory: 269312K Free: 144898K (54%)
 The next command will produce a warning about training mode,
   which may be ignored.
4 ms. Memory: 269312K Free: 142850K (53%)
 The next command will produce a warning about training mode,
   which may be ignored.
2 ms. Memory: 269312K Free: 141305K (52%)
0 ms. Memory: 269312K Free: 140802K (52%)
1 ms. Memory: 269312K Free: 140288K (52%)
1 ms. Memory: 269312K Free: 139778K (52%)
5 ms. Memory: 269312K Free: 138754K (52%)
3 ms. Memory: 269312K Free: 135168K (50%)
/home/travis/build/icyphy/ptII/ptolemy/actor/lib/test/TestExceptionHandler.tcl
 The next command will produce a warning about training mode,
   which may be ignored.
2 ms. Memory: 269312K Free: 134129K (50%)
0 ms. Memory: 269312K Free: 133634K (50%)
0 ms. Memory: 269312K Free: 132610K (49%)
/home/travis/build/icyphy/ptII/ptolemy/actor/lib/test/UnionDisassembler.tcl
27 ms. Memory: 269312K Free: 125442K (47%)
/home/travis/build/icyphy/ptII/ptolemy/actor/lib/test/VariableClock.tcl
preinitializing
resolving types
initializing
executing number 1
wrapping up
idle
10 ms. Memory: 269312K Free: 123897K (46%)
Completed execution with 11 iterations
preinitializing
resolving types
initializing
executing number 1
wrapping up
idle
3 ms. Memory: 269312K Free: 122370K (45%)
Completed execution with 10 iterations
04/21/20 02:07:54
Failed: 0  Total Tests: 233  ((Passed: 233, Newly Passed: 0)  Known Failed: 0) /home/travis/build/icyphy/ptII/ptolemy/actor/lib/test
----------------- testing (KnownFailure) /home/travis/build/icyphy/ptII/ptolemy/actor/lib/test/auto/knownFailedTests/PublisherPortToplevelSubscriber.xml
0 ms. Memory: 269312K Free: 118784K (44%)
Known Failure: java.lang.reflect.InvocationTargetException
----------------- testing (KnownFailure) /home/travis/build/icyphy/ptII/ptolemy/actor/lib/test/auto/knownFailedTests/PublisherSubscriberPortToplevel.xml
1 ms. Memory: 269312K Free: 114688K (43%)
Known Failure: java.lang.reflect.InvocationTargetException
----------------- testing (KnownFailure) /home/travis/build/icyphy/ptII/ptolemy/actor/lib/test/auto/knownFailedTests/PublisherSubscriptionAggregatorPort.xml
5 ms. Memory: 269312K Free: 110592K (41%)
Known Failure: java.lang.reflect.InvocationTargetException
----------------- testing (KnownFailure) /home/travis/build/icyphy/ptII/ptolemy/actor/lib/test/auto/knownFailedTests/sizedarray3.xml
10 ms. Memory: 269312K Free: 106496K (40%)
Known Failure: java.lang.reflect.InvocationTargetException
No auto/linux-amd64/*.xml tests in /home/travis/build/icyphy/ptII/ptolemy/actor/lib/test
AutoTests.java: About to close Vertx.
AutoTests.java: Vertx closed.

===========================================================================================
----------------- testing Tue Apr 21 14:07:54 UTC 2020 /home/travis/build/icyphy/ptII/ptolemy/actor/lib/test/auto/AbsoluteValue.xml
----------------- Instantiating /home/travis/build/icyphy/ptII/ptolemy/actor/lib/test/auto/AbsoluteValue.xml
5 ms. Memory: 269312K Free: 204046K (76%)
----------------- Invoking toplevel() on ptolemy.moml.MoMLSimpleApplication@423c56b9
----------------- Done invoking toplevel() on ptolemy.moml.MoMLSimpleApplication@423c56b9
reloadAllAccessors: .AbsoluteValue

===========================================================================================
----------------- testing Tue Apr 21 14:07:54 UTC 2020 /home/travis/build/icyphy/ptII/ptolemy/actor/lib/test/auto/AbsoluteValue2.xml
----------------- Instantiating /home/travis/build/icyphy/ptII/ptolemy/actor/lib/test/auto/AbsoluteValue2.xml
5 ms. Memory: 269312K Free: 196878K (73%)
----------------- Invoking toplevel() on ptolemy.moml.MoMLSimpleApplication@29b79803
----------------- Done invoking toplevel() on ptolemy.moml.MoMLSimpleApplication@29b79803
reloadAllAccessors: .AbsoluteValue2

===========================================================================================
----------------- testing Tue Apr 21 14:07:54 UTC 2020 /home/travis/build/icyphy/ptII/ptolemy/actor/lib/test/auto/Accumulator.xml
----------------- Instantiating /home/travis/build/icyphy/ptII/ptolemy/actor/lib/test/auto/Accumulator.xml
4 ms. Memory: 269312K Free: 190734K (71%)
----------------- Invoking toplevel() on ptolemy.moml.MoMLSimpleApplication@75b27265
----------------- Done invoking toplevel() on ptolemy.moml.MoMLSimpleApplication@75b27265
reloadAllAccessors: .Accumulator

===========================================================================================
----------------- testing Tue Apr 21 14:07:54 UTC 2020 /home/travis/build/icyphy/ptII/ptolemy/actor/lib/test/auto/Accumulator2.xml
----------------- Instantiating /home/travis/build/icyphy/ptII/ptolemy/actor/lib/test/auto/Accumulator2.xml
3 ms. Memory: 269312K Free: 185100K (69%)
----------------- Invoking toplevel() on ptolemy.moml.MoMLSimpleApplication@1856c307
----------------- Done invoking toplevel() on ptolemy.moml.MoMLSimpleApplication@1856c307
reloadAllAccessors: .Accumulator2

===========================================================================================
----------------- testing Tue Apr 21 14:07:54 UTC 2020 /home/travis/build/icyphy/ptII/ptolemy/actor/lib/test/auto/Accumulator3.xml
----------------- Instantiating /home/travis/build/icyphy/ptII/ptolemy/actor/lib/test/auto/Accumulator3.xml
2 ms. Memory: 269312K Free: 181004K (67%)
----------------- Invoking toplevel() on ptolemy.moml.MoMLSimpleApplication@264ac7ed
----------------- Done invoking toplevel() on ptolemy.moml.MoMLSimpleApplication@264ac7ed
reloadAllAccessors: .Accumulator3

===========================================================================================
----------------- testing Tue Apr 21 14:07:54 UTC 2020 /home/travis/build/icyphy/ptII/ptolemy/actor/lib/test/auto/ArrayAppend.xml
----------------- Instantiating /home/travis/build/icyphy/ptII/ptolemy/actor/lib/test/auto/ArrayAppend.xml
4 ms. Memory: 269312K Free: 174846K (65%)
----------------- Invoking toplevel() on ptolemy.moml.MoMLSimpleApplication@78ea51e7
----------------- Done invoking toplevel() on ptolemy.moml.MoMLSimpleApplication@78ea51e7
reloadAllAccessors: .ArrayAppend

===========================================================================================
----------------- testing Tue Apr 21 14:07:54 UTC 2020 /home/travis/build/icyphy/ptII/ptolemy/actor/lib/test/auto/ArrayAppend2.xml
----------------- Instantiating /home/travis/build/icyphy/ptII/ptolemy/actor/lib/test/auto/ArrayAppend2.xml
341 ms. Memory: 269312K Free: 92430K (34%)
----------------- Invoking toplevel() on ptolemy.moml.MoMLSimpleApplication@29466aef
----------------- Done invoking toplevel() on ptolemy.moml.MoMLSimpleApplication@29466aef
reloadAllAccessors: .ArrayAppend2

===========================================================================================
----------------- testing Tue Apr 21 14:07:55 UTC 2020 /home/travis/build/icyphy/ptII/ptolemy/actor/lib/test/auto/ArrayAppend3.xml
----------------- Instantiating /home/travis/build/icyphy/ptII/ptolemy/actor/lib/test/auto/ArrayAppend3.xml
4 ms. Memory: 269312K Free: 87310K (32%)
----------------- Invoking toplevel() on ptolemy.moml.MoMLSimpleApplication@3b88512d
----------------- Done invoking toplevel() on ptolemy.moml.MoMLSimpleApplication@3b88512d
reloadAllAccessors: .ArrayAppend3

===========================================================================================
----------------- testing Tue Apr 21 14:07:55 UTC 2020 /home/travis/build/icyphy/ptII/ptolemy/actor/lib/test/auto/ArrayAppend4.xml
----------------- Instantiating /home/travis/build/icyphy/ptII/ptolemy/actor/lib/test/auto/ArrayAppend4.xml
2 ms. Memory: 269312K Free: 214969K (80%)
----------------- Invoking toplevel() on ptolemy.moml.MoMLSimpleApplication@31515516
----------------- Done invoking toplevel() on ptolemy.moml.MoMLSimpleApplication@31515516
reloadAllAccessors: .ArrayAppend4

===========================================================================================
----------------- testing Tue Apr 21 14:07:55 UTC 2020 /home/travis/build/icyphy/ptII/ptolemy/actor/lib/test/auto/ArrayAppend5.xml
----------------- Instantiating /home/travis/build/icyphy/ptII/ptolemy/actor/lib/test/auto/ArrayAppend5.xml
2 ms. Memory: 269312K Free: 209849K (78%)
----------------- Invoking toplevel() on ptolemy.moml.MoMLSimpleApplication@5ecc8d47
----------------- Done invoking toplevel() on ptolemy.moml.MoMLSimpleApplication@5ecc8d47
reloadAllAccessors: .ArrayAppend5

===========================================================================================
----------------- testing Tue Apr 21 14:07:55 UTC 2020 /home/travis/build/icyphy/ptII/ptolemy/actor/lib/test/auto/ArrayAppend6.xml
----------------- Instantiating /home/travis/build/icyphy/ptII/ptolemy/actor/lib/test/auto/ArrayAppend6.xml
3 ms. Memory: 269312K Free: 204215K (76%)
----------------- Invoking toplevel() on ptolemy.moml.MoMLSimpleApplication@383dbc6b
----------------- Done invoking toplevel() on ptolemy.moml.MoMLSimpleApplication@383dbc6b
reloadAllAccessors: .ArrayAppend6

===========================================================================================
----------------- testing Tue Apr 21 14:07:55 UTC 2020 /home/travis/build/icyphy/ptII/ptolemy/actor/lib/test/auto/ArrayAppendPerformanceTest.xml
----------------- Instantiating /home/travis/build/icyphy/ptII/ptolemy/actor/lib/test/auto/ArrayAppendPerformanceTest.xml
30 ms. Memory: 269312K Free: 193975K (72%)
----------------- Invoking toplevel() on ptolemy.moml.MoMLSimpleApplication@3ea95d39
----------------- Done invoking toplevel() on ptolemy.moml.MoMLSimpleApplication@3ea95d39
reloadAllAccessors: .ArrayAppendPerformanceTest

===========================================================================================
----------------- testing Tue Apr 21 14:07:55 UTC 2020 /home/travis/build/icyphy/ptII/ptolemy/actor/lib/test/auto/ArrayAppendWithEmptyInput.xml
----------------- Instantiating /home/travis/build/icyphy/ptII/ptolemy/actor/lib/test/auto/ArrayAppendWithEmptyInput.xml
12 ms. Memory: 269312K Free: 185783K (69%)
----------------- Invoking toplevel() on ptolemy.moml.MoMLSimpleApplication@407744fb
----------------- Done invoking toplevel() on ptolemy.moml.MoMLSimpleApplication@407744fb
reloadAllAccessors: .ArrayAppendWithEmptyInput

===========================================================================================
----------------- testing Tue Apr 21 14:07:55 UTC 2020 /home/travis/build/icyphy/ptII/ptolemy/actor/lib/test/auto/ArrayAverage.xml
----------------- Instantiating /home/travis/build/icyphy/ptII/ptolemy/actor/lib/test/auto/ArrayAverage.xml
8 ms. Memory: 269312K Free: 178105K (66%)
----------------- Invoking toplevel() on ptolemy.moml.MoMLSimpleApplication@368412f1
----------------- Done invoking toplevel() on ptolemy.moml.MoMLSimpleApplication@368412f1
reloadAllAccessors: .ArrayAverage

===========================================================================================
----------------- testing Tue Apr 21 14:07:55 UTC 2020 /home/travis/build/icyphy/ptII/ptolemy/actor/lib/test/auto/ArrayContains.xml
----------------- Instantiating /home/travis/build/icyphy/ptII/ptolemy/actor/lib/test/auto/ArrayContains.xml
9 ms. Memory: 269312K Free: 172471K (64%)
----------------- Invoking toplevel() on ptolemy.moml.MoMLSimpleApplication@5e235baa
----------------- Done invoking toplevel() on ptolemy.moml.MoMLSimpleApplication@5e235baa
reloadAllAccessors: .ArrayContains

===========================================================================================
----------------- testing Tue Apr 21 14:07:55 UTC 2020 /home/travis/build/icyphy/ptII/ptolemy/actor/lib/test/auto/ArrayElement.xml
----------------- Instantiating /home/travis/build/icyphy/ptII/ptolemy/actor/lib/test/auto/ArrayElement.xml
4 ms. Memory: 269312K Free: 166327K (62%)
----------------- Invoking toplevel() on ptolemy.moml.MoMLSimpleApplication@6e8b88cb
----------------- Done invoking toplevel() on ptolemy.moml.MoMLSimpleApplication@6e8b88cb
reloadAllAccessors: .ArrayElement

===========================================================================================
----------------- testing Tue Apr 21 14:07:55 UTC 2020 /home/travis/build/icyphy/ptII/ptolemy/actor/lib/test/auto/ArrayElementAsMatrix.xml
----------------- Instantiating /home/travis/build/icyphy/ptII/ptolemy/actor/lib/test/auto/ArrayElementAsMatrix.xml
16 ms. Memory: 269312K Free: 156601K (58%)
----------------- Invoking toplevel() on ptolemy.moml.MoMLSimpleApplication@47b8e886
----------------- Done invoking toplevel() on ptolemy.moml.MoMLSimpleApplication@47b8e886
reloadAllAccessors: .ArrayElementAsMatrix

===========================================================================================
----------------- testing Tue Apr 21 14:07:55 UTC 2020 /home/travis/build/icyphy/ptII/ptolemy/actor/lib/test/auto/ArrayElementI.xml
----------------- Instantiating /home/travis/build/icyphy/ptII/ptolemy/actor/lib/test/auto/ArrayElementI.xml
3 ms. Memory: 269312K Free: 150967K (56%)
----------------- Invoking toplevel() on ptolemy.moml.MoMLSimpleApplication@27530d68
----------------- Done invoking toplevel() on ptolemy.moml.MoMLSimpleApplication@27530d68
reloadAllAccessors: .ArrayElementI

===========================================================================================
----------------- testing Tue Apr 21 14:07:55 UTC 2020 /home/travis/build/icyphy/ptII/ptolemy/actor/lib/test/auto/ArrayExtract.xml
----------------- Instantiating /home/travis/build/icyphy/ptII/ptolemy/actor/lib/test/auto/ArrayExtract.xml
9 ms. Memory: 269312K Free: 142775K (53%)
----------------- Invoking toplevel() on ptolemy.moml.MoMLSimpleApplication@656ab312
----------------- Done invoking toplevel() on ptolemy.moml.MoMLSimpleApplication@656ab312
reloadAllAccessors: .ArrayExtract

===========================================================================================
----------------- testing Tue Apr 21 14:07:55 UTC 2020 /home/travis/build/icyphy/ptII/ptolemy/actor/lib/test/auto/ArrayExtract2.xml
----------------- Instantiating /home/travis/build/icyphy/ptII/ptolemy/actor/lib/test/auto/ArrayExtract2.xml
2 ms. Memory: 269312K Free: 137145K (51%)
----------------- Invoking toplevel() on ptolemy.moml.MoMLSimpleApplication@530f183f
----------------- Done invoking toplevel() on ptolemy.moml.MoMLSimpleApplication@530f183f
reloadAllAccessors: .ArrayExtract2

===========================================================================================
----------------- testing Tue Apr 21 14:07:55 UTC 2020 /home/travis/build/icyphy/ptII/ptolemy/actor/lib/test/auto/ArrayLength.xml
----------------- Instantiating /home/travis/build/icyphy/ptII/ptolemy/actor/lib/test/auto/ArrayLength.xml
2 ms. Memory: 269312K Free: 133559K (50%)
----------------- Invoking toplevel() on ptolemy.moml.MoMLSimpleApplication@7af44dbd
----------------- Done invoking toplevel() on ptolemy.moml.MoMLSimpleApplication@7af44dbd
reloadAllAccessors: .ArrayLength

===========================================================================================
----------------- testing Tue Apr 21 14:07:55 UTC 2020 /home/travis/build/icyphy/ptII/ptolemy/actor/lib/test/auto/ArrayLevelCrossing.xml
----------------- Instantiating /home/travis/build/icyphy/ptII/ptolemy/actor/lib/test/auto/ArrayLevelCrossing.xml
3 ms. Memory: 269312K Free: 125367K (47%)
----------------- Invoking toplevel() on ptolemy.moml.MoMLSimpleApplication@65d6f423
----------------- Done invoking toplevel() on ptolemy.moml.MoMLSimpleApplication@65d6f423
reloadAllAccessors: .ArrayLevelCrossing

===========================================================================================
----------------- testing Tue Apr 21 14:07:55 UTC 2020 /home/travis/build/icyphy/ptII/ptolemy/actor/lib/test/auto/ArrayLevelCrossing2.xml
----------------- Instantiating /home/travis/build/icyphy/ptII/ptolemy/actor/lib/test/auto/ArrayLevelCrossing2.xml
2 ms. Memory: 269312K Free: 118184K (44%)
----------------- Invoking toplevel() on ptolemy.moml.MoMLSimpleApplication@3c40cbba
----------------- Done invoking toplevel() on ptolemy.moml.MoMLSimpleApplication@3c40cbba
reloadAllAccessors: .ArrayLevelCrossing2

===========================================================================================
----------------- testing Tue Apr 21 14:07:55 UTC 2020 /home/travis/build/icyphy/ptII/ptolemy/actor/lib/test/auto/ArrayPeakSearch.xml
----------------- Instantiating /home/travis/build/icyphy/ptII/ptolemy/actor/lib/test/auto/ArrayPeakSearch.xml
5 ms. Memory: 269312K Free: 108983K (40%)
----------------- Invoking toplevel() on ptolemy.moml.MoMLSimpleApplication@300807dd
----------------- Done invoking toplevel() on ptolemy.moml.MoMLSimpleApplication@300807dd
reloadAllAccessors: .ArrayPeakSearch

===========================================================================================
----------------- testing Tue Apr 21 14:07:55 UTC 2020 /home/travis/build/icyphy/ptII/ptolemy/actor/lib/test/auto/ArrayPeakSearch2.xml
----------------- Instantiating /home/travis/build/icyphy/ptII/ptolemy/actor/lib/test/auto/ArrayPeakSearch2.xml
5 ms. Memory: 269312K Free: 98728K (37%)
----------------- Invoking toplevel() on ptolemy.moml.MoMLSimpleApplication@38d02d49
----------------- Done invoking toplevel() on ptolemy.moml.MoMLSimpleApplication@38d02d49
reloadAllAccessors: .ArrayPeakSearch2

===========================================================================================
----------------- testing Tue Apr 21 14:07:56 UTC 2020 /home/travis/build/icyphy/ptII/ptolemy/actor/lib/test/auto/ArrayPeakSearch3.xml
----------------- Instantiating /home/travis/build/icyphy/ptII/ptolemy/actor/lib/test/auto/ArrayPeakSearch3.xml
3 ms. Memory: 269312K Free: 89527K (33%)
----------------- Invoking toplevel() on ptolemy.moml.MoMLSimpleApplication@a425ab8
----------------- Done invoking toplevel() on ptolemy.moml.MoMLSimpleApplication@a425ab8
reloadAllAccessors: .ArrayPeakSearch3

===========================================================================================
----------------- testing Tue Apr 21 14:07:56 UTC 2020 /home/travis/build/icyphy/ptII/ptolemy/actor/lib/test/auto/ArrayRemoveElement.xml
----------------- Instantiating /home/travis/build/icyphy/ptII/ptolemy/actor/lib/test/auto/ArrayRemoveElement.xml
3 ms. Memory: 269312K Free: 81849K (30%)
----------------- Invoking toplevel() on ptolemy.moml.MoMLSimpleApplication@4267f053
----------------- Done invoking toplevel() on ptolemy.moml.MoMLSimpleApplication@4267f053
reloadAllAccessors: .ArrayRemoveElement

===========================================================================================
----------------- testing Tue Apr 21 14:07:56 UTC 2020 /home/travis/build/icyphy/ptII/ptolemy/actor/lib/test/auto/ArraySort.xml
----------------- Instantiating /home/travis/build/icyphy/ptII/ptolemy/actor/lib/test/auto/ArraySort.xml
6 ms. Memory: 269312K Free: 72633K (27%)
----------------- Invoking toplevel() on ptolemy.moml.MoMLSimpleApplication@4bde7180
----------------- Done invoking toplevel() on ptolemy.moml.MoMLSimpleApplication@4bde7180
reloadAllAccessors: .ArraySort

===========================================================================================
----------------- testing Tue Apr 21 14:07:56 UTC 2020 /home/travis/build/icyphy/ptII/ptolemy/actor/lib/test/auto/ArraySum.xml
----------------- Instantiating /home/travis/build/icyphy/ptII/ptolemy/actor/lib/test/auto/ArraySum.xml
8 ms. Memory: 269312K Free: 215615K (80%)
----------------- Invoking toplevel() on ptolemy.moml.MoMLSimpleApplication@4cf73b7b
----------------- Done invoking toplevel() on ptolemy.moml.MoMLSimpleApplication@4cf73b7b
reloadAllAccessors: .ArraySum

===========================================================================================
----------------- testing Tue Apr 21 14:07:56 UTC 2020 /home/travis/build/icyphy/ptII/ptolemy/actor/lib/test/auto/ArrayToElements.xml
----------------- Instantiating /home/travis/build/icyphy/ptII/ptolemy/actor/lib/test/auto/ArrayToElements.xml
8 ms. Memory: 269312K Free: 209981K (78%)
----------------- Invoking toplevel() on ptolemy.moml.MoMLSimpleApplication@454f3f8a
----------------- Done invoking toplevel() on ptolemy.moml.MoMLSimpleApplication@454f3f8a
reloadAllAccessors: .ArrayToElements

===========================================================================================
----------------- testing Tue Apr 21 14:07:56 UTC 2020 /home/travis/build/icyphy/ptII/ptolemy/actor/lib/test/auto/ArrayToMatrix.xml
----------------- Instantiating /home/travis/build/icyphy/ptII/ptolemy/actor/lib/test/auto/ArrayToMatrix.xml
8 ms. Memory: 269312K Free: 196159K (73%)
----------------- Invoking toplevel() on ptolemy.moml.MoMLSimpleApplication@beb0559
----------------- Done invoking toplevel() on ptolemy.moml.MoMLSimpleApplication@beb0559
reloadAllAccessors: .ArrayToMatrix

===========================================================================================
----------------- testing Tue Apr 21 14:07:56 UTC 2020 /home/travis/build/icyphy/ptII/ptolemy/actor/lib/test/auto/ArrayUpdate1.xml
----------------- Instantiating /home/travis/build/icyphy/ptII/ptolemy/actor/lib/test/auto/ArrayUpdate1.xml
7 ms. Memory: 269312K Free: 191549K (71%)
----------------- Invoking toplevel() on ptolemy.moml.MoMLSimpleApplication@43ad374f
----------------- Done invoking toplevel() on ptolemy.moml.MoMLSimpleApplication@43ad374f
reloadAllAccessors: .ArrayUpdate1

===========================================================================================
----------------- testing Tue Apr 21 14:07:56 UTC 2020 /home/travis/build/icyphy/ptII/ptolemy/actor/lib/test/auto/ArrayUpdate2.xml
----------------- Instantiating /home/travis/build/icyphy/ptII/ptolemy/actor/lib/test/auto/ArrayUpdate2.xml
3 ms. Memory: 269312K Free: 184895K (69%)
----------------- Invoking toplevel() on ptolemy.moml.MoMLSimpleApplication@5399eb20
----------------- Done invoking toplevel() on ptolemy.moml.MoMLSimpleApplication@5399eb20
reloadAllAccessors: .ArrayUpdate2

===========================================================================================
----------------- testing Tue Apr 21 14:07:56 UTC 2020 /home/travis/build/icyphy/ptII/ptolemy/actor/lib/test/auto/ArrayUpdate3.xml
----------------- Instantiating /home/travis/build/icyphy/ptII/ptolemy/actor/lib/test/auto/ArrayUpdate3.xml
5 ms. Memory: 269312K Free: 180285K (67%)
----------------- Invoking toplevel() on ptolemy.moml.MoMLSimpleApplication@10573f95
----------------- Done invoking toplevel() on ptolemy.moml.MoMLSimpleApplication@10573f95
reloadAllAccessors: .ArrayUpdate3

===========================================================================================
----------------- testing Tue Apr 21 14:07:56 UTC 2020 /home/travis/build/icyphy/ptII/ptolemy/actor/lib/test/auto/Assert1.xml
----------------- Instantiating /home/travis/build/icyphy/ptII/ptolemy/actor/lib/test/auto/Assert1.xml
4 ms. Memory: 269312K Free: 175679K (65%)
----------------- Invoking toplevel() on ptolemy.moml.MoMLSimpleApplication@ee0cde0
----------------- Done invoking toplevel() on ptolemy.moml.MoMLSimpleApplication@ee0cde0
reloadAllAccessors: .Assert1

===========================================================================================
----------------- testing Tue Apr 21 14:07:56 UTC 2020 /home/travis/build/icyphy/ptII/ptolemy/actor/lib/test/auto/Assert2.xml
----------------- Instantiating /home/travis/build/icyphy/ptII/ptolemy/actor/lib/test/auto/Assert2.xml
1 ms. Memory: 269312K Free: 171069K (64%)
----------------- Invoking toplevel() on ptolemy.moml.MoMLSimpleApplication@5a5f88e7
----------------- Done invoking toplevel() on ptolemy.moml.MoMLSimpleApplication@5a5f88e7
reloadAllAccessors: .Assert2

===========================================================================================
----------------- testing Tue Apr 21 14:07:56 UTC 2020 /home/travis/build/icyphy/ptII/ptolemy/actor/lib/test/auto/BooleanMultiplexor.xml
----------------- Instantiating /home/travis/build/icyphy/ptII/ptolemy/actor/lib/test/auto/BooleanMultiplexor.xml
1 ms. Memory: 269312K Free: 165439K (61%)
----------------- Invoking toplevel() on ptolemy.moml.MoMLSimpleApplication@6362691c
----------------- Done invoking toplevel() on ptolemy.moml.MoMLSimpleApplication@6362691c
reloadAllAccessors: .BooleanMultiplexor

===========================================================================================
----------------- testing Tue Apr 21 14:07:56 UTC 2020 /home/travis/build/icyphy/ptII/ptolemy/actor/lib/test/auto/BooleanMultiplexor2.xml
----------------- Instantiating /home/travis/build/icyphy/ptII/ptolemy/actor/lib/test/auto/BooleanMultiplexor2.xml
10 ms. Memory: 269312K Free: 159295K (59%)
----------------- Invoking toplevel() on ptolemy.moml.MoMLSimpleApplication@30078320
----------------- Done invoking toplevel() on ptolemy.moml.MoMLSimpleApplication@30078320
reloadAllAccessors: .BooleanMultiplexor2

===========================================================================================
----------------- testing Tue Apr 21 14:07:56 UTC 2020 /home/travis/build/icyphy/ptII/ptolemy/actor/lib/test/auto/BooleanMultiplexor3.xml
----------------- Instantiating /home/travis/build/icyphy/ptII/ptolemy/actor/lib/test/auto/BooleanMultiplexor3.xml
3 ms. Memory: 269312K Free: 155199K (58%)
----------------- Invoking toplevel() on ptolemy.moml.MoMLSimpleApplication@1cb7ea3b
----------------- Done invoking toplevel() on ptolemy.moml.MoMLSimpleApplication@1cb7ea3b
reloadAllAccessors: .BooleanMultiplexor3

===========================================================================================
----------------- testing Tue Apr 21 14:07:56 UTC 2020 /home/travis/build/icyphy/ptII/ptolemy/actor/lib/test/auto/BooleanSelect.xml
----------------- Instantiating /home/travis/build/icyphy/ptII/ptolemy/actor/lib/test/auto/BooleanSelect.xml
6 ms. Memory: 269312K Free: 149535K (56%)
----------------- Invoking toplevel() on ptolemy.moml.MoMLSimpleApplication@70daeb2e
----------------- Done invoking toplevel() on ptolemy.moml.MoMLSimpleApplication@70daeb2e
reloadAllAccessors: .BooleanSelect

===========================================================================================
----------------- testing Tue Apr 21 14:07:56 UTC 2020 /home/travis/build/icyphy/ptII/ptolemy/actor/lib/test/auto/BooleanSelect2.xml
----------------- Instantiating /home/travis/build/icyphy/ptII/ptolemy/actor/lib/test/auto/BooleanSelect2.xml
1 ms. Memory: 269312K Free: 144959K (54%)
----------------- Invoking toplevel() on ptolemy.moml.MoMLSimpleApplication@1f17eb9
----------------- Done invoking toplevel() on ptolemy.moml.MoMLSimpleApplication@1f17eb9
reloadAllAccessors: .BooleanSelect2

===========================================================================================
----------------- testing Tue Apr 21 14:07:56 UTC 2020 /home/travis/build/icyphy/ptII/ptolemy/actor/lib/test/auto/BooleanSwitch.xml
----------------- Instantiating /home/travis/build/icyphy/ptII/ptolemy/actor/lib/test/auto/BooleanSwitch.xml
3 ms. Memory: 269312K Free: 138815K (52%)
----------------- Invoking toplevel() on ptolemy.moml.MoMLSimpleApplication@2442cfc2
----------------- Done invoking toplevel() on ptolemy.moml.MoMLSimpleApplication@2442cfc2
reloadAllAccessors: .BooleanSwitch

===========================================================================================
----------------- testing Tue Apr 21 14:07:56 UTC 2020 /home/travis/build/icyphy/ptII/ptolemy/actor/lib/test/auto/BooleanSwitch2.xml
----------------- Instantiating /home/travis/build/icyphy/ptII/ptolemy/actor/lib/test/auto/BooleanSwitch2.xml
1 ms. Memory: 269312K Free: 134719K (50%)
----------------- Invoking toplevel() on ptolemy.moml.MoMLSimpleApplication@2e3fa72a
----------------- Done invoking toplevel() on ptolemy.moml.MoMLSimpleApplication@2e3fa72a
reloadAllAccessors: .BooleanSwitch2

===========================================================================================
----------------- testing Tue Apr 21 14:07:56 UTC 2020 /home/travis/build/icyphy/ptII/ptolemy/actor/lib/test/auto/BooleanSwitchCloningBugWithClassRelationGroup.xml
----------------- Instantiating /home/travis/build/icyphy/ptII/ptolemy/actor/lib/test/auto/BooleanSwitchCloningBugWithClassRelationGroup.xml
3 ms. Memory: 269312K Free: 128061K (48%)
----------------- Invoking toplevel() on ptolemy.moml.MoMLSimpleApplication@365cc70a
----------------- Done invoking toplevel() on ptolemy.moml.MoMLSimpleApplication@365cc70a
reloadAllAccessors: .BooleanSwitchCloningBugWithClassRelationGroup

===========================================================================================
----------------- testing Tue Apr 21 14:07:56 UTC 2020 /home/travis/build/icyphy/ptII/ptolemy/actor/lib/test/auto/BusActors.xml
----------------- Instantiating /home/travis/build/icyphy/ptII/ptolemy/actor/lib/test/auto/BusActors.xml
4 ms. Memory: 269312K Free: 120383K (45%)
----------------- Invoking toplevel() on ptolemy.moml.MoMLSimpleApplication@11254f16
----------------- Done invoking toplevel() on ptolemy.moml.MoMLSimpleApplication@11254f16
reloadAllAccessors: .BusActors

===========================================================================================
----------------- testing Tue Apr 21 14:07:56 UTC 2020 /home/travis/build/icyphy/ptII/ptolemy/actor/lib/test/auto/ClassWrapper.xml
----------------- Instantiating /home/travis/build/icyphy/ptII/ptolemy/actor/lib/test/auto/ClassWrapper.xml
2 ms. Memory: 269312K Free: 115773K (43%)
----------------- Invoking toplevel() on ptolemy.moml.MoMLSimpleApplication@416f09aa
----------------- Done invoking toplevel() on ptolemy.moml.MoMLSimpleApplication@416f09aa
reloadAllAccessors: .ClassWrapper

===========================================================================================
----------------- testing Tue Apr 21 14:07:56 UTC 2020 /home/travis/build/icyphy/ptII/ptolemy/actor/lib/test/auto/Clock.xml
----------------- Instantiating /home/travis/build/icyphy/ptII/ptolemy/actor/lib/test/auto/Clock.xml
1 ms. Memory: 269312K Free: 112191K (42%)
----------------- Invoking toplevel() on ptolemy.moml.MoMLSimpleApplication@8033a80
----------------- Done invoking toplevel() on ptolemy.moml.MoMLSimpleApplication@8033a80
reloadAllAccessors: .Clock

===========================================================================================
----------------- testing Tue Apr 21 14:07:56 UTC 2020 /home/travis/build/icyphy/ptII/ptolemy/actor/lib/test/auto/Clock10.xml
----------------- Instantiating /home/travis/build/icyphy/ptII/ptolemy/actor/lib/test/auto/Clock10.xml
3 ms. Memory: 269312K Free: 106047K (39%)
----------------- Invoking toplevel() on ptolemy.moml.MoMLSimpleApplication@3539d2f2
----------------- Done invoking toplevel() on ptolemy.moml.MoMLSimpleApplication@3539d2f2
reloadAllAccessors: .Clock10

===========================================================================================
----------------- testing Tue Apr 21 14:07:56 UTC 2020 /home/travis/build/icyphy/ptII/ptolemy/actor/lib/test/auto/Clock11.xml
----------------- Instantiating /home/travis/build/icyphy/ptII/ptolemy/actor/lib/test/auto/Clock11.xml
4 ms. Memory: 269312K Free: 99903K (37%)
----------------- Invoking toplevel() on ptolemy.moml.MoMLSimpleApplication@2bfcdfda
----------------- Done invoking toplevel() on ptolemy.moml.MoMLSimpleApplication@2bfcdfda
reloadAllAccessors: .Clock11

===========================================================================================
----------------- testing Tue Apr 21 14:07:56 UTC 2020 /home/travis/build/icyphy/ptII/ptolemy/actor/lib/test/auto/Clock12.xml
----------------- Instantiating /home/travis/build/icyphy/ptII/ptolemy/actor/lib/test/auto/Clock12.xml
3 ms. Memory: 269312K Free: 94269K (35%)
----------------- Invoking toplevel() on ptolemy.moml.MoMLSimpleApplication@4c2a41b2
----------------- Done invoking toplevel() on ptolemy.moml.MoMLSimpleApplication@4c2a41b2
reloadAllAccessors: .Clock12

===========================================================================================
----------------- testing Tue Apr 21 14:07:56 UTC 2020 /home/travis/build/icyphy/ptII/ptolemy/actor/lib/test/auto/Clock13.xml
----------------- Instantiating /home/travis/build/icyphy/ptII/ptolemy/actor/lib/test/auto/Clock13.xml
2 ms. Memory: 269312K Free: 88111K (33%)
----------------- Invoking toplevel() on ptolemy.moml.MoMLSimpleApplication@40097723
----------------- Done invoking toplevel() on ptolemy.moml.MoMLSimpleApplication@40097723
reloadAllAccessors: .Clock13

===========================================================================================
----------------- testing Tue Apr 21 14:07:56 UTC 2020 /home/travis/build/icyphy/ptII/ptolemy/actor/lib/test/auto/Clock14.xml
----------------- Instantiating /home/travis/build/icyphy/ptII/ptolemy/actor/lib/test/auto/Clock14.xml
5 ms. Memory: 269312K Free: 82495K (31%)
----------------- Invoking toplevel() on ptolemy.moml.MoMLSimpleApplication@39a9b9f8
----------------- Done invoking toplevel() on ptolemy.moml.MoMLSimpleApplication@39a9b9f8
reloadAllAccessors: .Clock14

===========================================================================================
----------------- testing Tue Apr 21 14:07:56 UTC 2020 /home/travis/build/icyphy/ptII/ptolemy/actor/lib/test/auto/Clock15.xml
----------------- Instantiating /home/travis/build/icyphy/ptII/ptolemy/actor/lib/test/auto/Clock15.xml
3 ms. Memory: 269312K Free: 76351K (28%)
----------------- Invoking toplevel() on ptolemy.moml.MoMLSimpleApplication@3fb977ff
----------------- Done invoking toplevel() on ptolemy.moml.MoMLSimpleApplication@3fb977ff
reloadAllAccessors: .Clock15

===========================================================================================
----------------- testing Tue Apr 21 14:07:56 UTC 2020 /home/travis/build/icyphy/ptII/ptolemy/actor/lib/test/auto/Clock16.xml
----------------- Instantiating /home/travis/build/icyphy/ptII/ptolemy/actor/lib/test/auto/Clock16.xml
41 ms. Memory: 269312K Free: 220552K (82%)
----------------- Invoking toplevel() on ptolemy.moml.MoMLSimpleApplication@107b7bf8
----------------- Done invoking toplevel() on ptolemy.moml.MoMLSimpleApplication@107b7bf8
reloadAllAccessors: .Clock16

===========================================================================================
----------------- testing Tue Apr 21 14:07:56 UTC 2020 /home/travis/build/icyphy/ptII/ptolemy/actor/lib/test/auto/Clock17.xml
----------------- Instantiating /home/travis/build/icyphy/ptII/ptolemy/actor/lib/test/auto/Clock17.xml
19 ms. Memory: 269312K Free: 205991K (76%)
----------------- Invoking toplevel() on ptolemy.moml.MoMLSimpleApplication@1dea3223
----------------- Done invoking toplevel() on ptolemy.moml.MoMLSimpleApplication@1dea3223
reloadAllAccessors: .Clock17

===========================================================================================
----------------- testing Tue Apr 21 14:07:56 UTC 2020 /home/travis/build/icyphy/ptII/ptolemy/actor/lib/test/auto/Clock18.xml
----------------- Instantiating /home/travis/build/icyphy/ptII/ptolemy/actor/lib/test/auto/Clock18.xml
19 ms. Memory: 269312K Free: 192693K (72%)
----------------- Invoking toplevel() on ptolemy.moml.MoMLSimpleApplication@5a6a6556
----------------- Done invoking toplevel() on ptolemy.moml.MoMLSimpleApplication@5a6a6556
reloadAllAccessors: .Clock18

===========================================================================================
----------------- testing Tue Apr 21 14:07:56 UTC 2020 /home/travis/build/icyphy/ptII/ptolemy/actor/lib/test/auto/Clock19.xml
----------------- Instantiating /home/travis/build/icyphy/ptII/ptolemy/actor/lib/test/auto/Clock19.xml
16 ms. Memory: 269312K Free: 179895K (67%)
----------------- Invoking toplevel() on ptolemy.moml.MoMLSimpleApplication@2900d4c9
----------------- Done invoking toplevel() on ptolemy.moml.MoMLSimpleApplication@2900d4c9
reloadAllAccessors: .Clock19

===========================================================================================
----------------- testing Tue Apr 21 14:07:56 UTC 2020 /home/travis/build/icyphy/ptII/ptolemy/actor/lib/test/auto/Clock2.xml
----------------- Instantiating /home/travis/build/icyphy/ptII/ptolemy/actor/lib/test/auto/Clock2.xml
4 ms. Memory: 269312K Free: 175285K (65%)
----------------- Invoking toplevel() on ptolemy.moml.MoMLSimpleApplication@3f8ea39c
----------------- Done invoking toplevel() on ptolemy.moml.MoMLSimpleApplication@3f8ea39c
reloadAllAccessors: .Clock2

===========================================================================================
----------------- testing Tue Apr 21 14:07:56 UTC 2020 /home/travis/build/icyphy/ptII/ptolemy/actor/lib/test/auto/Clock20.xml
----------------- Instantiating /home/travis/build/icyphy/ptII/ptolemy/actor/lib/test/auto/Clock20.xml
7 ms. Memory: 269312K Free: 169655K (63%)
----------------- Invoking toplevel() on ptolemy.moml.MoMLSimpleApplication@630678c4
----------------- Done invoking toplevel() on ptolemy.moml.MoMLSimpleApplication@630678c4
reloadAllAccessors: .Clock20

===========================================================================================
----------------- testing Tue Apr 21 14:07:57 UTC 2020 /home/travis/build/icyphy/ptII/ptolemy/actor/lib/test/auto/Clock21.xml
----------------- Instantiating /home/travis/build/icyphy/ptII/ptolemy/actor/lib/test/auto/Clock21.xml
4 ms. Memory: 269312K Free: 164535K (61%)
----------------- Invoking toplevel() on ptolemy.moml.MoMLSimpleApplication@d990eb7
----------------- Done invoking toplevel() on ptolemy.moml.MoMLSimpleApplication@d990eb7
reloadAllAccessors: .Clock21

===========================================================================================
----------------- testing Tue Apr 21 14:07:57 UTC 2020 /home/travis/build/icyphy/ptII/ptolemy/actor/lib/test/auto/Clock22.xml
----------------- Instantiating /home/travis/build/icyphy/ptII/ptolemy/actor/lib/test/auto/Clock22.xml
4 ms. Memory: 269312K Free: 158901K (59%)
----------------- Invoking toplevel() on ptolemy.moml.MoMLSimpleApplication@16386cbb
----------------- Done invoking toplevel() on ptolemy.moml.MoMLSimpleApplication@16386cbb
reloadAllAccessors: .Clock22

===========================================================================================
----------------- testing Tue Apr 21 14:07:57 UTC 2020 /home/travis/build/icyphy/ptII/ptolemy/actor/lib/test/auto/Clock23.xml
----------------- Instantiating /home/travis/build/icyphy/ptII/ptolemy/actor/lib/test/auto/Clock23.xml
7 ms. Memory: 269312K Free: 153781K (57%)
----------------- Invoking toplevel() on ptolemy.moml.MoMLSimpleApplication@661b257f
----------------- Done invoking toplevel() on ptolemy.moml.MoMLSimpleApplication@661b257f
reloadAllAccessors: .Clock23

===========================================================================================
----------------- testing Tue Apr 21 14:07:57 UTC 2020 /home/travis/build/icyphy/ptII/ptolemy/actor/lib/test/auto/Clock24.xml
----------------- Instantiating /home/travis/build/icyphy/ptII/ptolemy/actor/lib/test/auto/Clock24.xml
3 ms. Memory: 269312K Free: 148151K (55%)
----------------- Invoking toplevel() on ptolemy.moml.MoMLSimpleApplication@7c6bd774
----------------- Done invoking toplevel() on ptolemy.moml.MoMLSimpleApplication@7c6bd774
reloadAllAccessors: .Clock24

===========================================================================================
----------------- testing Tue Apr 21 14:07:57 UTC 2020 /home/travis/build/icyphy/ptII/ptolemy/actor/lib/test/auto/Clock4.xml
----------------- Instantiating /home/travis/build/icyphy/ptII/ptolemy/actor/lib/test/auto/Clock4.xml
1 ms. Memory: 269312K Free: 143511K (53%)
----------------- Invoking toplevel() on ptolemy.moml.MoMLSimpleApplication@2771be49
----------------- Done invoking toplevel() on ptolemy.moml.MoMLSimpleApplication@2771be49
reloadAllAccessors: .Clock4

===========================================================================================
----------------- testing Tue Apr 21 14:07:57 UTC 2020 /home/travis/build/icyphy/ptII/ptolemy/actor/lib/test/auto/Clock5.xml
----------------- Instantiating /home/travis/build/icyphy/ptII/ptolemy/actor/lib/test/auto/Clock5.xml
2 ms. Memory: 269312K Free: 137911K (51%)
----------------- Invoking toplevel() on ptolemy.moml.MoMLSimpleApplication@10fc22f7
----------------- Done invoking toplevel() on ptolemy.moml.MoMLSimpleApplication@10fc22f7
reloadAllAccessors: .Clock5

===========================================================================================
----------------- testing Tue Apr 21 14:07:57 UTC 2020 /home/travis/build/icyphy/ptII/ptolemy/actor/lib/test/auto/Clock6.xml
----------------- Instantiating /home/travis/build/icyphy/ptII/ptolemy/actor/lib/test/auto/Clock6.xml
1 ms. Memory: 269312K Free: 133301K (49%)
----------------- Invoking toplevel() on ptolemy.moml.MoMLSimpleApplication@6a6a7fcc
----------------- Done invoking toplevel() on ptolemy.moml.MoMLSimpleApplication@6a6a7fcc
reloadAllAccessors: .Clock6

===========================================================================================
----------------- testing Tue Apr 21 14:07:57 UTC 2020 /home/travis/build/icyphy/ptII/ptolemy/actor/lib/test/auto/Clock7.xml
----------------- Instantiating /home/travis/build/icyphy/ptII/ptolemy/actor/lib/test/auto/Clock7.xml
2 ms. Memory: 269312K Free: 129205K (48%)
----------------- Invoking toplevel() on ptolemy.moml.MoMLSimpleApplication@3fbaebc3
----------------- Done invoking toplevel() on ptolemy.moml.MoMLSimpleApplication@3fbaebc3
reloadAllAccessors: .Clock7

===========================================================================================
----------------- testing Tue Apr 21 14:07:57 UTC 2020 /home/travis/build/icyphy/ptII/ptolemy/actor/lib/test/auto/Clock8.xml
----------------- Instantiating /home/travis/build/icyphy/ptII/ptolemy/actor/lib/test/auto/Clock8.xml
4 ms. Memory: 269312K Free: 123575K (46%)
----------------- Invoking toplevel() on ptolemy.moml.MoMLSimpleApplication@2e00f5a1
----------------- Done invoking toplevel() on ptolemy.moml.MoMLSimpleApplication@2e00f5a1
reloadAllAccessors: .Clock8

===========================================================================================
----------------- testing Tue Apr 21 14:07:57 UTC 2020 /home/travis/build/icyphy/ptII/ptolemy/actor/lib/test/auto/Clock9.xml
----------------- Instantiating /home/travis/build/icyphy/ptII/ptolemy/actor/lib/test/auto/Clock9.xml
5 ms. Memory: 269312K Free: 118455K (44%)
----------------- Invoking toplevel() on ptolemy.moml.MoMLSimpleApplication@ecf2ede
----------------- Done invoking toplevel() on ptolemy.moml.MoMLSimpleApplication@ecf2ede
reloadAllAccessors: .Clock9

===========================================================================================
----------------- testing Tue Apr 21 14:07:57 UTC 2020 /home/travis/build/icyphy/ptII/ptolemy/actor/lib/test/auto/CommDistDiscard.xml
----------------- Instantiating /home/travis/build/icyphy/ptII/ptolemy/actor/lib/test/auto/CommDistDiscard.xml
3 ms. Memory: 269312K Free: 112821K (42%)
----------------- Invoking toplevel() on ptolemy.moml.MoMLSimpleApplication@38d59f85
----------------- Done invoking toplevel() on ptolemy.moml.MoMLSimpleApplication@38d59f85
reloadAllAccessors: .CommDistDiscard

===========================================================================================
----------------- testing Tue Apr 21 14:07:57 UTC 2020 /home/travis/build/icyphy/ptII/ptolemy/actor/lib/test/auto/Commutator.xml
----------------- Instantiating /home/travis/build/icyphy/ptII/ptolemy/actor/lib/test/auto/Commutator.xml
3 ms. Memory: 269312K Free: 108215K (40%)
----------------- Invoking toplevel() on ptolemy.moml.MoMLSimpleApplication@6f6094c6
----------------- Done invoking toplevel() on ptolemy.moml.MoMLSimpleApplication@6f6094c6
reloadAllAccessors: .Commutator

===========================================================================================
----------------- testing Tue Apr 21 14:07:57 UTC 2020 /home/travis/build/icyphy/ptII/ptolemy/actor/lib/test/auto/Commutator2.xml
----------------- Instantiating /home/travis/build/icyphy/ptII/ptolemy/actor/lib/test/auto/Commutator2.xml
2 ms. Memory: 269312K Free: 104119K (39%)
----------------- Invoking toplevel() on ptolemy.moml.MoMLSimpleApplication@12666f89
----------------- Done invoking toplevel() on ptolemy.moml.MoMLSimpleApplication@12666f89
reloadAllAccessors: .Commutator2

===========================================================================================
----------------- testing Tue Apr 21 14:07:57 UTC 2020 /home/travis/build/icyphy/ptII/ptolemy/actor/lib/test/auto/Commutator3.xml
----------------- Instantiating /home/travis/build/icyphy/ptII/ptolemy/actor/lib/test/auto/Commutator3.xml
2 ms. Memory: 269312K Free: 99509K (37%)
----------------- Invoking toplevel() on ptolemy.moml.MoMLSimpleApplication@7666c7f9
----------------- Done invoking toplevel() on ptolemy.moml.MoMLSimpleApplication@7666c7f9
reloadAllAccessors: .Commutator3

===========================================================================================
----------------- testing Tue Apr 21 14:07:57 UTC 2020 /home/travis/build/icyphy/ptII/ptolemy/actor/lib/test/auto/Compare.xml
----------------- Instantiating /home/travis/build/icyphy/ptII/ptolemy/actor/lib/test/auto/Compare.xml
2 ms. Memory: 269312K Free: 93365K (35%)
----------------- Invoking toplevel() on ptolemy.moml.MoMLSimpleApplication@72c9f9d
----------------- Done invoking toplevel() on ptolemy.moml.MoMLSimpleApplication@72c9f9d
reloadAllAccessors: .Compare

===========================================================================================
----------------- testing Tue Apr 21 14:07:57 UTC 2020 /home/travis/build/icyphy/ptII/ptolemy/actor/lib/test/auto/CompareDE.xml
----------------- Instantiating /home/travis/build/icyphy/ptII/ptolemy/actor/lib/test/auto/CompareDE.xml
4 ms. Memory: 269312K Free: 86183K (32%)
----------------- Invoking toplevel() on ptolemy.moml.MoMLSimpleApplication@2afd4b7b
----------------- Done invoking toplevel() on ptolemy.moml.MoMLSimpleApplication@2afd4b7b
reloadAllAccessors: .CompareDE

===========================================================================================
----------------- testing Tue Apr 21 14:07:57 UTC 2020 /home/travis/build/icyphy/ptII/ptolemy/actor/lib/test/auto/ComplexDivide.xml
----------------- Instantiating /home/travis/build/icyphy/ptII/ptolemy/actor/lib/test/auto/ComplexDivide.xml
1 ms. Memory: 269312K Free: 82101K (30%)
----------------- Invoking toplevel() on ptolemy.moml.MoMLSimpleApplication@37b00607
----------------- Done invoking toplevel() on ptolemy.moml.MoMLSimpleApplication@37b00607
reloadAllAccessors: .ComplexDivide

===========================================================================================
----------------- testing Tue Apr 21 14:07:57 UTC 2020 /home/travis/build/icyphy/ptII/ptolemy/actor/lib/test/auto/ComputeHistogram.xml
----------------- Instantiating /home/travis/build/icyphy/ptII/ptolemy/actor/lib/test/auto/ComputeHistogram.xml
35 ms. Memory: 269312K Free: 69813K (26%)
----------------- Invoking toplevel() on ptolemy.moml.MoMLSimpleApplication@4076c8eb
----------------- Done invoking toplevel() on ptolemy.moml.MoMLSimpleApplication@4076c8eb
reloadAllAccessors: .ComputeHistogram

===========================================================================================
----------------- testing Tue Apr 21 14:07:57 UTC 2020 /home/travis/build/icyphy/ptII/ptolemy/actor/lib/test/auto/ConfigurationSelect.xml
----------------- Instantiating /home/travis/build/icyphy/ptII/ptolemy/actor/lib/test/auto/ConfigurationSelect.xml
8 ms. Memory: 269312K Free: 64183K (24%)
----------------- Invoking toplevel() on ptolemy.moml.MoMLSimpleApplication@25dfacb5
----------------- Done invoking toplevel() on ptolemy.moml.MoMLSimpleApplication@25dfacb5
reloadAllAccessors: .ConfigurationSelect

===========================================================================================
----------------- testing Tue Apr 21 14:07:57 UTC 2020 /home/travis/build/icyphy/ptII/ptolemy/actor/lib/test/auto/ConfigurationSelect2.xml
----------------- Instantiating /home/travis/build/icyphy/ptII/ptolemy/actor/lib/test/auto/ConfigurationSelect2.xml
2 ms. Memory: 468992K Free: 418482K (89%)
----------------- Invoking toplevel() on ptolemy.moml.MoMLSimpleApplication@6df163ef
----------------- Done invoking toplevel() on ptolemy.moml.MoMLSimpleApplication@6df163ef
reloadAllAccessors: .ConfigurationSelect2

===========================================================================================
----------------- testing Tue Apr 21 14:07:57 UTC 2020 /home/travis/build/icyphy/ptII/ptolemy/actor/lib/test/auto/ConfigurationSwitch.xml
----------------- Instantiating /home/travis/build/icyphy/ptII/ptolemy/actor/lib/test/auto/ConfigurationSwitch.xml
6 ms. Memory: 468992K Free: 412791K (88%)
----------------- Invoking toplevel() on ptolemy.moml.MoMLSimpleApplication@eaff944
----------------- Done invoking toplevel() on ptolemy.moml.MoMLSimpleApplication@eaff944
reloadAllAccessors: .ConfigurationSwitch

===========================================================================================
----------------- testing Tue Apr 21 14:07:57 UTC 2020 /home/travis/build/icyphy/ptII/ptolemy/actor/lib/test/auto/ConfigurationSwitch2.xml
----------------- Instantiating /home/travis/build/icyphy/ptII/ptolemy/actor/lib/test/auto/ConfigurationSwitch2.xml
3 ms. Memory: 468992K Free: 407161K (87%)
----------------- Invoking toplevel() on ptolemy.moml.MoMLSimpleApplication@6871f3aa
----------------- Done invoking toplevel() on ptolemy.moml.MoMLSimpleApplication@6871f3aa
reloadAllAccessors: .ConfigurationSwitch2

===========================================================================================
----------------- testing Tue Apr 21 14:07:57 UTC 2020 /home/travis/build/icyphy/ptII/ptolemy/actor/lib/test/auto/ConfigurationSwitchCloningBugWithClassRelationGroup.xml
----------------- Instantiating /home/travis/build/icyphy/ptII/ptolemy/actor/lib/test/auto/ConfigurationSwitchCloningBugWithClassRelationGroup.xml
1 ms. Memory: 468992K Free: 400503K (85%)
----------------- Invoking toplevel() on ptolemy.moml.MoMLSimpleApplication@405ef823
----------------- Done invoking toplevel() on ptolemy.moml.MoMLSimpleApplication@405ef823
reloadAllAccessors: .ConfigurationSwitchCloningBugWithClassRelationGroup

===========================================================================================
----------------- testing Tue Apr 21 14:07:57 UTC 2020 /home/travis/build/icyphy/ptII/ptolemy/actor/lib/test/auto/ConfigurationSwitchSelectSDF.xml
----------------- Instantiating /home/travis/build/icyphy/ptII/ptolemy/actor/lib/test/auto/ConfigurationSwitchSelectSDF.xml
3 ms. Memory: 468992K Free: 394873K (84%)
----------------- Invoking toplevel() on ptolemy.moml.MoMLSimpleApplication@4c774640
----------------- Done invoking toplevel() on ptolemy.moml.MoMLSimpleApplication@4c774640
reloadAllAccessors: .ConfigurationSwitchSelectSDF

===========================================================================================
----------------- testing Tue Apr 21 14:07:57 UTC 2020 /home/travis/build/icyphy/ptII/ptolemy/actor/lib/test/auto/ConfigurationSwitchSelectSDF2.xml
----------------- Instantiating /home/travis/build/icyphy/ptII/ptolemy/actor/lib/test/auto/ConfigurationSwitchSelectSDF2.xml
2 ms. Memory: 468992K Free: 388729K (83%)
----------------- Invoking toplevel() on ptolemy.moml.MoMLSimpleApplication@6e974800
----------------- Done invoking toplevel() on ptolemy.moml.MoMLSimpleApplication@6e974800
reloadAllAccessors: .ConfigurationSwitchSelectSDF2

===========================================================================================
----------------- testing Tue Apr 21 14:07:57 UTC 2020 /home/travis/build/icyphy/ptII/ptolemy/actor/lib/test/auto/Const.xml
----------------- Instantiating /home/travis/build/icyphy/ptII/ptolemy/actor/lib/test/auto/Const.xml
1 ms. Memory: 468992K Free: 385657K (82%)
----------------- Invoking toplevel() on ptolemy.moml.MoMLSimpleApplication@527517c
----------------- Done invoking toplevel() on ptolemy.moml.MoMLSimpleApplication@527517c
reloadAllAccessors: .Const

===========================================================================================
----------------- testing Tue Apr 21 14:07:57 UTC 2020 /home/travis/build/icyphy/ptII/ptolemy/actor/lib/test/auto/Const2.xml
----------------- Instantiating /home/travis/build/icyphy/ptII/ptolemy/actor/lib/test/auto/Const2.xml
2 ms. Memory: 468992K Free: 381561K (81%)
----------------- Invoking toplevel() on ptolemy.moml.MoMLSimpleApplication@1c5cdf79
----------------- Done invoking toplevel() on ptolemy.moml.MoMLSimpleApplication@1c5cdf79
reloadAllAccessors: .Const2

===========================================================================================
----------------- testing Tue Apr 21 14:07:57 UTC 2020 /home/travis/build/icyphy/ptII/ptolemy/actor/lib/test/auto/Const3.xml
----------------- Instantiating /home/travis/build/icyphy/ptII/ptolemy/actor/lib/test/auto/Const3.xml
1 ms. Memory: 468992K Free: 378999K (81%)
----------------- Invoking toplevel() on ptolemy.moml.MoMLSimpleApplication@67f0205
----------------- Done invoking toplevel() on ptolemy.moml.MoMLSimpleApplication@67f0205
reloadAllAccessors: .Const3

===========================================================================================
----------------- testing Tue Apr 21 14:07:57 UTC 2020 /home/travis/build/icyphy/ptII/ptolemy/actor/lib/test/auto/ConstantPublisherPort1.xml
----------------- Instantiating /home/travis/build/icyphy/ptII/ptolemy/actor/lib/test/auto/ConstantPublisherPort1.xml
7 ms. Memory: 468992K Free: 369783K (79%)
----------------- Invoking toplevel() on ptolemy.moml.MoMLSimpleApplication@57eea456
----------------- Done invoking toplevel() on ptolemy.moml.MoMLSimpleApplication@57eea456
reloadAllAccessors: .ConstantPublisherPort1

===========================================================================================
----------------- testing Tue Apr 21 14:07:57 UTC 2020 /home/travis/build/icyphy/ptII/ptolemy/actor/lib/test/auto/ConstantPublisherPort2.xml
----------------- Instantiating /home/travis/build/icyphy/ptII/ptolemy/actor/lib/test/auto/ConstantPublisherPort2.xml
10 ms. Memory: 468992K Free: 362105K (77%)
----------------- Invoking toplevel() on ptolemy.moml.MoMLSimpleApplication@797a366d
----------------- Done invoking toplevel() on ptolemy.moml.MoMLSimpleApplication@797a366d
reloadAllAccessors: .ConstantPublisherPort2

===========================================================================================
----------------- testing Tue Apr 21 14:07:57 UTC 2020 /home/travis/build/icyphy/ptII/ptolemy/actor/lib/test/auto/ConstantPublisherPort3.xml
----------------- Instantiating /home/travis/build/icyphy/ptII/ptolemy/actor/lib/test/auto/ConstantPublisherPort3.xml
10 ms. Memory: 468992K Free: 354937K (76%)
----------------- Invoking toplevel() on ptolemy.moml.MoMLSimpleApplication@7cabcf50
----------------- Done invoking toplevel() on ptolemy.moml.MoMLSimpleApplication@7cabcf50
reloadAllAccessors: .ConstantPublisherPort3

===========================================================================================
----------------- testing Tue Apr 21 14:07:57 UTC 2020 /home/travis/build/icyphy/ptII/ptolemy/actor/lib/test/auto/ConstantPublisherPort4.xml
----------------- Instantiating /home/travis/build/icyphy/ptII/ptolemy/actor/lib/test/auto/ConstantPublisherPort4.xml
3 ms. Memory: 468992K Free: 347769K (74%)
----------------- Invoking toplevel() on ptolemy.moml.MoMLSimpleApplication@20d73ac6
----------------- Done invoking toplevel() on ptolemy.moml.MoMLSimpleApplication@20d73ac6
reloadAllAccessors: .ConstantPublisherPort4

===========================================================================================
----------------- testing Tue Apr 21 14:07:57 UTC 2020 /home/travis/build/icyphy/ptII/ptolemy/actor/lib/test/auto/ConstantPublisherPort5.xml
----------------- Instantiating /home/travis/build/icyphy/ptII/ptolemy/actor/lib/test/auto/ConstantPublisherPort5.xml
29 ms. Memory: 468992K Free: 338039K (72%)
----------------- Invoking toplevel() on ptolemy.moml.MoMLSimpleApplication@53cb874
----------------- Done invoking toplevel() on ptolemy.moml.MoMLSimpleApplication@53cb874
reloadAllAccessors: .ConstantPublisherPort5

===========================================================================================
----------------- testing Tue Apr 21 14:07:57 UTC 2020 /home/travis/build/icyphy/ptII/ptolemy/actor/lib/test/auto/ConstantPublisherPort6.xml
----------------- Instantiating /home/travis/build/icyphy/ptII/ptolemy/actor/lib/test/auto/ConstantPublisherPort6.xml
15 ms. Memory: 468992K Free: 329337K (70%)
----------------- Invoking toplevel() on ptolemy.moml.MoMLSimpleApplication@d3310b7
----------------- Done invoking toplevel() on ptolemy.moml.MoMLSimpleApplication@d3310b7
reloadAllAccessors: .ConstantPublisherPort6

===========================================================================================
----------------- testing Tue Apr 21 14:07:57 UTC 2020 /home/travis/build/icyphy/ptII/ptolemy/actor/lib/test/auto/ConstantPublisherPort7.xml
----------------- Instantiating /home/travis/build/icyphy/ptII/ptolemy/actor/lib/test/auto/ConstantPublisherPort7.xml
13 ms. Memory: 468992K Free: 320121K (68%)
----------------- Invoking toplevel() on ptolemy.moml.MoMLSimpleApplication@74bef89d
----------------- Done invoking toplevel() on ptolemy.moml.MoMLSimpleApplication@74bef89d
reloadAllAccessors: .ConstantPublisherPort7

===========================================================================================
----------------- testing Tue Apr 21 14:07:57 UTC 2020 /home/travis/build/icyphy/ptII/ptolemy/actor/lib/test/auto/ConstraintMonitor1.xml
----------------- Instantiating /home/travis/build/icyphy/ptII/ptolemy/actor/lib/test/auto/ConstraintMonitor1.xml
12 ms. Memory: 468992K Free: 314487K (67%)
----------------- Invoking toplevel() on ptolemy.moml.MoMLSimpleApplication@145ccbad
----------------- Done invoking toplevel() on ptolemy.moml.MoMLSimpleApplication@145ccbad
reloadAllAccessors: .ConstraintMonitor1

===========================================================================================
----------------- testing Tue Apr 21 14:07:57 UTC 2020 /home/travis/build/icyphy/ptII/ptolemy/actor/lib/test/auto/ConstraintMonitor2.xml
----------------- Instantiating /home/travis/build/icyphy/ptII/ptolemy/actor/lib/test/auto/ConstraintMonitor2.xml
4 ms. Memory: 468992K Free: 309881K (66%)
----------------- Invoking toplevel() on ptolemy.moml.MoMLSimpleApplication@6a08b0e4
----------------- Done invoking toplevel() on ptolemy.moml.MoMLSimpleApplication@6a08b0e4
reloadAllAccessors: .ConstraintMonitor2

===========================================================================================
----------------- testing Tue Apr 21 14:07:57 UTC 2020 /home/travis/build/icyphy/ptII/ptolemy/actor/lib/test/auto/ConstraintMonitor3.xml
----------------- Instantiating /home/travis/build/icyphy/ptII/ptolemy/actor/lib/test/auto/ConstraintMonitor3.xml
5 ms. Memory: 468992K Free: 305257K (65%)
----------------- Invoking toplevel() on ptolemy.moml.MoMLSimpleApplication@588b65bf
----------------- Done invoking toplevel() on ptolemy.moml.MoMLSimpleApplication@588b65bf
reloadAllAccessors: .ConstraintMonitor3

===========================================================================================
----------------- testing Tue Apr 21 14:07:57 UTC 2020 /home/travis/build/icyphy/ptII/ptolemy/actor/lib/test/auto/ConstraintMonitor4.xml
----------------- Instantiating /home/travis/build/icyphy/ptII/ptolemy/actor/lib/test/auto/ConstraintMonitor4.xml
4 ms. Memory: 468992K Free: 300151K (64%)
----------------- Invoking toplevel() on ptolemy.moml.MoMLSimpleApplication@20b8daa
----------------- Done invoking toplevel() on ptolemy.moml.MoMLSimpleApplication@20b8daa
reloadAllAccessors: .ConstraintMonitor4

===========================================================================================
----------------- testing Tue Apr 21 14:07:57 UTC 2020 /home/travis/build/icyphy/ptII/ptolemy/actor/lib/test/auto/ConstraintMonitor5.xml
----------------- Instantiating /home/travis/build/icyphy/ptII/ptolemy/actor/lib/test/auto/ConstraintMonitor5.xml
4 ms. Memory: 468992K Free: 295031K (63%)
----------------- Invoking toplevel() on ptolemy.moml.MoMLSimpleApplication@2d28ba1a
----------------- Done invoking toplevel() on ptolemy.moml.MoMLSimpleApplication@2d28ba1a
reloadAllAccessors: .ConstraintMonitor5

===========================================================================================
----------------- testing Tue Apr 21 14:07:57 UTC 2020 /home/travis/build/icyphy/ptII/ptolemy/actor/lib/test/auto/ConstraintMonitor6.xml
----------------- Instantiating /home/travis/build/icyphy/ptII/ptolemy/actor/lib/test/auto/ConstraintMonitor6.xml
4 ms. Memory: 468992K Free: 288857K (62%)
----------------- Invoking toplevel() on ptolemy.moml.MoMLSimpleApplication@117fd4d8
----------------- Done invoking toplevel() on ptolemy.moml.MoMLSimpleApplication@117fd4d8
reloadAllAccessors: .ConstraintMonitor6

===========================================================================================
----------------- testing Tue Apr 21 14:07:57 UTC 2020 /home/travis/build/icyphy/ptII/ptolemy/actor/lib/test/auto/ConstraintMonitor7.xml
----------------- Instantiating /home/travis/build/icyphy/ptII/ptolemy/actor/lib/test/auto/ConstraintMonitor7.xml
8 ms. Memory: 468992K Free: 282233K (60%)
----------------- Invoking toplevel() on ptolemy.moml.MoMLSimpleApplication@1c1e7c9a
----------------- Done invoking toplevel() on ptolemy.moml.MoMLSimpleApplication@1c1e7c9a
reloadAllAccessors: .ConstraintMonitor7

===========================================================================================
----------------- testing Tue Apr 21 14:07:58 UTC 2020 /home/travis/build/icyphy/ptII/ptolemy/actor/lib/test/auto/ConstraintMonitor8.xml
----------------- Instantiating /home/travis/build/icyphy/ptII/ptolemy/actor/lib/test/auto/ConstraintMonitor8.xml
5 ms. Memory: 468992K Free: 275065K (59%)
----------------- Invoking toplevel() on ptolemy.moml.MoMLSimpleApplication@11101a9
----------------- Done invoking toplevel() on ptolemy.moml.MoMLSimpleApplication@11101a9
reloadAllAccessors: .ConstraintMonitor8

===========================================================================================
----------------- testing Tue Apr 21 14:07:58 UTC 2020 /home/travis/build/icyphy/ptII/ptolemy/actor/lib/test/auto/Counter.xml
----------------- Instantiating /home/travis/build/icyphy/ptII/ptolemy/actor/lib/test/auto/Counter.xml
3 ms. Memory: 468992K Free: 269945K (58%)
----------------- Invoking toplevel() on ptolemy.moml.MoMLSimpleApplication@57946bb5
----------------- Done invoking toplevel() on ptolemy.moml.MoMLSimpleApplication@57946bb5
reloadAllAccessors: .Counter

===========================================================================================
----------------- testing Tue Apr 21 14:07:58 UTC 2020 /home/travis/build/icyphy/ptII/ptolemy/actor/lib/test/auto/CurrentTimeSDF.xml
----------------- Instantiating /home/travis/build/icyphy/ptII/ptolemy/actor/lib/test/auto/CurrentTimeSDF.xml
2 ms. Memory: 468992K Free: 265849K (57%)
----------------- Invoking toplevel() on ptolemy.moml.MoMLSimpleApplication@7525430d
----------------- Done invoking toplevel() on ptolemy.moml.MoMLSimpleApplication@7525430d
reloadAllAccessors: .CurrentTimeSDF

===========================================================================================
----------------- testing Tue Apr 21 14:07:58 UTC 2020 /home/travis/build/icyphy/ptII/ptolemy/actor/lib/test/auto/DB.xml
----------------- Instantiating /home/travis/build/icyphy/ptII/ptolemy/actor/lib/test/auto/DB.xml
4 ms. Memory: 468992K Free: 261239K (56%)
----------------- Invoking toplevel() on ptolemy.moml.MoMLSimpleApplication@616eb288
----------------- Done invoking toplevel() on ptolemy.moml.MoMLSimpleApplication@616eb288
reloadAllAccessors: .DB

===========================================================================================
----------------- testing Tue Apr 21 14:07:58 UTC 2020 /home/travis/build/icyphy/ptII/ptolemy/actor/lib/test/auto/DBDE.xml
----------------- Instantiating /home/travis/build/icyphy/ptII/ptolemy/actor/lib/test/auto/DBDE.xml
2 ms. Memory: 468992K Free: 255065K (54%)
----------------- Invoking toplevel() on ptolemy.moml.MoMLSimpleApplication@1d777cef
----------------- Done invoking toplevel() on ptolemy.moml.MoMLSimpleApplication@1d777cef
reloadAllAccessors: .DBDE

===========================================================================================
----------------- testing Tue Apr 21 14:07:58 UTC 2020 /home/travis/build/icyphy/ptII/ptolemy/actor/lib/test/auto/DateConstructor.xml
----------------- Instantiating /home/travis/build/icyphy/ptII/ptolemy/actor/lib/test/auto/DateConstructor.xml
32 ms. Memory: 468992K Free: 237687K (51%)
----------------- Invoking toplevel() on ptolemy.moml.MoMLSimpleApplication@2d049100
----------------- Done invoking toplevel() on ptolemy.moml.MoMLSimpleApplication@2d049100
reloadAllAccessors: .DateConstructor

===========================================================================================
----------------- testing Tue Apr 21 14:07:58 UTC 2020 /home/travis/build/icyphy/ptII/ptolemy/actor/lib/test/auto/DelayTime.xml
----------------- Instantiating /home/travis/build/icyphy/ptII/ptolemy/actor/lib/test/auto/DelayTime.xml
6 ms. Memory: 468992K Free: 232567K (50%)
----------------- Invoking toplevel() on ptolemy.moml.MoMLSimpleApplication@75ca149f
----------------- Done invoking toplevel() on ptolemy.moml.MoMLSimpleApplication@75ca149f
reloadAllAccessors: .DelayTime

===========================================================================================
----------------- testing Tue Apr 21 14:07:58 UTC 2020 /home/travis/build/icyphy/ptII/ptolemy/actor/lib/test/auto/Dictionary1.xml
----------------- Instantiating /home/travis/build/icyphy/ptII/ptolemy/actor/lib/test/auto/Dictionary1.xml
2 ms. Memory: 468992K Free: 227447K (48%)
----------------- Invoking toplevel() on ptolemy.moml.MoMLSimpleApplication@337a1435
----------------- Done invoking toplevel() on ptolemy.moml.MoMLSimpleApplication@337a1435
reloadAllAccessors: .Dictionary1

===========================================================================================
----------------- testing Tue Apr 21 14:07:58 UTC 2020 /home/travis/build/icyphy/ptII/ptolemy/actor/lib/test/auto/Dictionary2.xml
----------------- Instantiating /home/travis/build/icyphy/ptII/ptolemy/actor/lib/test/auto/Dictionary2.xml
5 ms. Memory: 468992K Free: 221817K (47%)
----------------- Invoking toplevel() on ptolemy.moml.MoMLSimpleApplication@ef62aee
----------------- Done invoking toplevel() on ptolemy.moml.MoMLSimpleApplication@ef62aee
reloadAllAccessors: .Dictionary2

===========================================================================================
----------------- testing Tue Apr 21 14:07:58 UTC 2020 /home/travis/build/icyphy/ptII/ptolemy/actor/lib/test/auto/Dictionary3.xml
----------------- Instantiating /home/travis/build/icyphy/ptII/ptolemy/actor/lib/test/auto/Dictionary3.xml
1 ms. Memory: 468992K Free: 216183K (46%)
----------------- Invoking toplevel() on ptolemy.moml.MoMLSimpleApplication@333d8226
----------------- Done invoking toplevel() on ptolemy.moml.MoMLSimpleApplication@333d8226
reloadAllAccessors: .Dictionary3

===========================================================================================
----------------- testing Tue Apr 21 14:07:58 UTC 2020 /home/travis/build/icyphy/ptII/ptolemy/actor/lib/test/auto/Dictionary4.xml
----------------- Instantiating /home/travis/build/icyphy/ptII/ptolemy/actor/lib/test/auto/Dictionary4.xml
9 ms. Memory: 468992K Free: 209529K (45%)
----------------- Invoking toplevel() on ptolemy.moml.MoMLSimpleApplication@6e09e76e
----------------- Done invoking toplevel() on ptolemy.moml.MoMLSimpleApplication@6e09e76e
reloadAllAccessors: .Dictionary4

===========================================================================================
----------------- testing Tue Apr 21 14:07:58 UTC 2020 /home/travis/build/icyphy/ptII/ptolemy/actor/lib/test/auto/Differential.xml
----------------- Instantiating /home/travis/build/icyphy/ptII/ptolemy/actor/lib/test/auto/Differential.xml
2 ms. Memory: 468992K Free: 204919K (44%)
----------------- Invoking toplevel() on ptolemy.moml.MoMLSimpleApplication@2ae5b13e
----------------- Done invoking toplevel() on ptolemy.moml.MoMLSimpleApplication@2ae5b13e
reloadAllAccessors: .Differential

===========================================================================================
----------------- testing Tue Apr 21 14:07:58 UTC 2020 /home/travis/build/icyphy/ptII/ptolemy/actor/lib/test/auto/Director.xml
----------------- Instantiating /home/travis/build/icyphy/ptII/ptolemy/actor/lib/test/auto/Director.xml
1 ms. Memory: 468992K Free: 201337K (43%)
----------------- Invoking toplevel() on ptolemy.moml.MoMLSimpleApplication@5b9ecdce
----------------- Done invoking toplevel() on ptolemy.moml.MoMLSimpleApplication@5b9ecdce
reloadAllAccessors: .Director

===========================================================================================
----------------- testing Tue Apr 21 14:07:58 UTC 2020 /home/travis/build/icyphy/ptII/ptolemy/actor/lib/test/auto/DiscreteClock.xml
----------------- Instantiating /home/travis/build/icyphy/ptII/ptolemy/actor/lib/test/auto/DiscreteClock.xml
2 ms. Memory: 468992K Free: 197751K (42%)
----------------- Invoking toplevel() on ptolemy.moml.MoMLSimpleApplication@3d30113d
----------------- Done invoking toplevel() on ptolemy.moml.MoMLSimpleApplication@3d30113d
reloadAllAccessors: .DiscreteClock

===========================================================================================
----------------- testing Tue Apr 21 14:07:58 UTC 2020 /home/travis/build/icyphy/ptII/ptolemy/actor/lib/test/auto/DiscreteClock10.xml
----------------- Instantiating /home/travis/build/icyphy/ptII/ptolemy/actor/lib/test/auto/DiscreteClock10.xml
3 ms. Memory: 468992K Free: 191607K (41%)
----------------- Invoking toplevel() on ptolemy.moml.MoMLSimpleApplication@4471c85c
----------------- Done invoking toplevel() on ptolemy.moml.MoMLSimpleApplication@4471c85c
reloadAllAccessors: .DiscreteClock10

===========================================================================================
----------------- testing Tue Apr 21 14:07:58 UTC 2020 /home/travis/build/icyphy/ptII/ptolemy/actor/lib/test/auto/DiscreteClock11.xml
----------------- Instantiating /home/travis/build/icyphy/ptII/ptolemy/actor/lib/test/auto/DiscreteClock11.xml
3 ms. Memory: 468992K Free: 185463K (40%)
----------------- Invoking toplevel() on ptolemy.moml.MoMLSimpleApplication@b970e97
----------------- Done invoking toplevel() on ptolemy.moml.MoMLSimpleApplication@b970e97
reloadAllAccessors: .DiscreteClock11

===========================================================================================
----------------- testing Tue Apr 21 14:07:58 UTC 2020 /home/travis/build/icyphy/ptII/ptolemy/actor/lib/test/auto/DiscreteClock12.xml
----------------- Instantiating /home/travis/build/icyphy/ptII/ptolemy/actor/lib/test/auto/DiscreteClock12.xml
3 ms. Memory: 468992K Free: 179833K (38%)
----------------- Invoking toplevel() on ptolemy.moml.MoMLSimpleApplication@355fa287
----------------- Done invoking toplevel() on ptolemy.moml.MoMLSimpleApplication@355fa287
reloadAllAccessors: .DiscreteClock12

===========================================================================================
----------------- testing Tue Apr 21 14:07:58 UTC 2020 /home/travis/build/icyphy/ptII/ptolemy/actor/lib/test/auto/DiscreteClock13.xml
----------------- Instantiating /home/travis/build/icyphy/ptII/ptolemy/actor/lib/test/auto/DiscreteClock13.xml
6 ms. Memory: 468992K Free: 173689K (37%)
----------------- Invoking toplevel() on ptolemy.moml.MoMLSimpleApplication@9481d8
----------------- Done invoking toplevel() on ptolemy.moml.MoMLSimpleApplication@9481d8
reloadAllAccessors: .DiscreteClock13

===========================================================================================
----------------- testing Tue Apr 21 14:07:58 UTC 2020 /home/travis/build/icyphy/ptII/ptolemy/actor/lib/test/auto/DiscreteClock14.xml
----------------- Instantiating /home/travis/build/icyphy/ptII/ptolemy/actor/lib/test/auto/DiscreteClock14.xml
5 ms. Memory: 468992K Free: 167545K (36%)
----------------- Invoking toplevel() on ptolemy.moml.MoMLSimpleApplication@1673fb0f
----------------- Done invoking toplevel() on ptolemy.moml.MoMLSimpleApplication@1673fb0f
reloadAllAccessors: .DiscreteClock14

===========================================================================================
----------------- testing Tue Apr 21 14:07:58 UTC 2020 /home/travis/build/icyphy/ptII/ptolemy/actor/lib/test/auto/DiscreteClock15.xml
----------------- Instantiating /home/travis/build/icyphy/ptII/ptolemy/actor/lib/test/auto/DiscreteClock15.xml
5 ms. Memory: 468992K Free: 418241K (89%)
----------------- Invoking toplevel() on ptolemy.moml.MoMLSimpleApplication@3d7a3c27
----------------- Done invoking toplevel() on ptolemy.moml.MoMLSimpleApplication@3d7a3c27
reloadAllAccessors: .DiscreteClock15

===========================================================================================
----------------- testing Tue Apr 21 14:07:58 UTC 2020 /home/travis/build/icyphy/ptII/ptolemy/actor/lib/test/auto/DiscreteClock16.xml
----------------- Instantiating /home/travis/build/icyphy/ptII/ptolemy/actor/lib/test/auto/DiscreteClock16.xml
16 ms. Memory: 468992K Free: 404419K (86%)
----------------- Invoking toplevel() on ptolemy.moml.MoMLSimpleApplication@6843cbf9
----------------- Done invoking toplevel() on ptolemy.moml.MoMLSimpleApplication@6843cbf9
reloadAllAccessors: .DiscreteClock16

===========================================================================================
----------------- testing Tue Apr 21 14:07:58 UTC 2020 /home/travis/build/icyphy/ptII/ptolemy/actor/lib/test/auto/DiscreteClock17.xml
----------------- Instantiating /home/travis/build/icyphy/ptII/ptolemy/actor/lib/test/auto/DiscreteClock17.xml
15 ms. Memory: 468992K Free: 390083K (83%)
----------------- Invoking toplevel() on ptolemy.moml.MoMLSimpleApplication@5fbc4254
----------------- Done invoking toplevel() on ptolemy.moml.MoMLSimpleApplication@5fbc4254
reloadAllAccessors: .DiscreteClock17

===========================================================================================
----------------- testing Tue Apr 21 14:07:58 UTC 2020 /home/travis/build/icyphy/ptII/ptolemy/actor/lib/test/auto/DiscreteClock18.xml
----------------- Instantiating /home/travis/build/icyphy/ptII/ptolemy/actor/lib/test/auto/DiscreteClock18.xml
20 ms. Memory: 468992K Free: 375747K (80%)
----------------- Invoking toplevel() on ptolemy.moml.MoMLSimpleApplication@6c6be931
----------------- Done invoking toplevel() on ptolemy.moml.MoMLSimpleApplication@6c6be931
reloadAllAccessors: .DiscreteClock18

===========================================================================================
----------------- testing Tue Apr 21 14:07:58 UTC 2020 /home/travis/build/icyphy/ptII/ptolemy/actor/lib/test/auto/DiscreteClock19.xml
----------------- Instantiating /home/travis/build/icyphy/ptII/ptolemy/actor/lib/test/auto/DiscreteClock19.xml
16 ms. Memory: 468992K Free: 362435K (77%)
----------------- Invoking toplevel() on ptolemy.moml.MoMLSimpleApplication@619655d8
----------------- Done invoking toplevel() on ptolemy.moml.MoMLSimpleApplication@619655d8
reloadAllAccessors: .DiscreteClock19

===========================================================================================
----------------- testing Tue Apr 21 14:07:58 UTC 2020 /home/travis/build/icyphy/ptII/ptolemy/actor/lib/test/auto/DiscreteClock2.xml
----------------- Instantiating /home/travis/build/icyphy/ptII/ptolemy/actor/lib/test/auto/DiscreteClock2.xml
3 ms. Memory: 468992K Free: 357315K (76%)
----------------- Invoking toplevel() on ptolemy.moml.MoMLSimpleApplication@22c6b3ff
----------------- Done invoking toplevel() on ptolemy.moml.MoMLSimpleApplication@22c6b3ff
reloadAllAccessors: .DiscreteClock2

===========================================================================================
----------------- testing Tue Apr 21 14:07:58 UTC 2020 /home/travis/build/icyphy/ptII/ptolemy/actor/lib/test/auto/DiscreteClock20.xml
----------------- Instantiating /home/travis/build/icyphy/ptII/ptolemy/actor/lib/test/auto/DiscreteClock20.xml
4 ms. Memory: 468992K Free: 351681K (75%)
----------------- Invoking toplevel() on ptolemy.moml.MoMLSimpleApplication@4588ff53
----------------- Done invoking toplevel() on ptolemy.moml.MoMLSimpleApplication@4588ff53
reloadAllAccessors: .DiscreteClock20

===========================================================================================
----------------- testing Tue Apr 21 14:07:58 UTC 2020 /home/travis/build/icyphy/ptII/ptolemy/actor/lib/test/auto/DiscreteClock21.xml
----------------- Instantiating /home/travis/build/icyphy/ptII/ptolemy/actor/lib/test/auto/DiscreteClock21.xml
7 ms. Memory: 468992K Free: 346561K (74%)
----------------- Invoking toplevel() on ptolemy.moml.MoMLSimpleApplication@44aeb8d5
----------------- Done invoking toplevel() on ptolemy.moml.MoMLSimpleApplication@44aeb8d5
reloadAllAccessors: .DiscreteClock21

===========================================================================================
----------------- testing Tue Apr 21 14:07:58 UTC 2020 /home/travis/build/icyphy/ptII/ptolemy/actor/lib/test/auto/DiscreteClock22.xml
----------------- Instantiating /home/travis/build/icyphy/ptII/ptolemy/actor/lib/test/auto/DiscreteClock22.xml
1 ms. Memory: 468992K Free: 340931K (73%)
----------------- Invoking toplevel() on ptolemy.moml.MoMLSimpleApplication@1ef0dfdd
----------------- Done invoking toplevel() on ptolemy.moml.MoMLSimpleApplication@1ef0dfdd
reloadAllAccessors: .DiscreteClock22

===========================================================================================
----------------- testing Tue Apr 21 14:07:58 UTC 2020 /home/travis/build/icyphy/ptII/ptolemy/actor/lib/test/auto/DiscreteClock23.xml
----------------- Instantiating /home/travis/build/icyphy/ptII/ptolemy/actor/lib/test/auto/DiscreteClock23.xml
4 ms. Memory: 468992K Free: 335297K (71%)
----------------- Invoking toplevel() on ptolemy.moml.MoMLSimpleApplication@b59da59
----------------- Done invoking toplevel() on ptolemy.moml.MoMLSimpleApplication@b59da59
reloadAllAccessors: .DiscreteClock23

===========================================================================================
----------------- testing Tue Apr 21 14:07:58 UTC 2020 /home/travis/build/icyphy/ptII/ptolemy/actor/lib/test/auto/DiscreteClock24.xml
----------------- Instantiating /home/travis/build/icyphy/ptII/ptolemy/actor/lib/test/auto/DiscreteClock24.xml
6 ms. Memory: 468992K Free: 330177K (70%)
----------------- Invoking toplevel() on ptolemy.moml.MoMLSimpleApplication@36e066f8
----------------- Done invoking toplevel() on ptolemy.moml.MoMLSimpleApplication@36e066f8
reloadAllAccessors: .DiscreteClock24

===========================================================================================
----------------- testing Tue Apr 21 14:07:58 UTC 2020 /home/travis/build/icyphy/ptII/ptolemy/actor/lib/test/auto/DiscreteClock4.xml
----------------- Instantiating /home/travis/build/icyphy/ptII/ptolemy/actor/lib/test/auto/DiscreteClock4.xml
3 ms. Memory: 468992K Free: 324547K (69%)
----------------- Invoking toplevel() on ptolemy.moml.MoMLSimpleApplication@76e7059e
----------------- Done invoking toplevel() on ptolemy.moml.MoMLSimpleApplication@76e7059e
reloadAllAccessors: .DiscreteClock4

===========================================================================================
----------------- testing Tue Apr 21 14:07:58 UTC 2020 /home/travis/build/icyphy/ptII/ptolemy/actor/lib/test/auto/DiscreteClock5.xml
----------------- Instantiating /home/travis/build/icyphy/ptII/ptolemy/actor/lib/test/auto/DiscreteClock5.xml
2 ms. Memory: 468992K Free: 318913K (68%)
----------------- Invoking toplevel() on ptolemy.moml.MoMLSimpleApplication@7784e25c
----------------- Done invoking toplevel() on ptolemy.moml.MoMLSimpleApplication@7784e25c
reloadAllAccessors: .DiscreteClock5

===========================================================================================
----------------- testing Tue Apr 21 14:07:58 UTC 2020 /home/travis/build/icyphy/ptII/ptolemy/actor/lib/test/auto/DiscreteClock6.xml
----------------- Instantiating /home/travis/build/icyphy/ptII/ptolemy/actor/lib/test/auto/DiscreteClock6.xml
1 ms. Memory: 468992K Free: 314307K (67%)
----------------- Invoking toplevel() on ptolemy.moml.MoMLSimpleApplication@5ba3ed8c
----------------- Done invoking toplevel() on ptolemy.moml.MoMLSimpleApplication@5ba3ed8c
reloadAllAccessors: .DiscreteClock6

===========================================================================================
----------------- testing Tue Apr 21 14:07:58 UTC 2020 /home/travis/build/icyphy/ptII/ptolemy/actor/lib/test/auto/DiscreteClock7.xml
----------------- Instantiating /home/travis/build/icyphy/ptII/ptolemy/actor/lib/test/auto/DiscreteClock7.xml
1 ms. Memory: 468992K Free: 309697K (66%)
----------------- Invoking toplevel() on ptolemy.moml.MoMLSimpleApplication@64089f02
----------------- Done invoking toplevel() on ptolemy.moml.MoMLSimpleApplication@64089f02
reloadAllAccessors: .DiscreteClock7

===========================================================================================
----------------- testing Tue Apr 21 14:07:58 UTC 2020 /home/travis/build/icyphy/ptII/ptolemy/actor/lib/test/auto/DiscreteClock8.xml
----------------- Instantiating /home/travis/build/icyphy/ptII/ptolemy/actor/lib/test/auto/DiscreteClock8.xml
3 ms. Memory: 468992K Free: 304067K (65%)
----------------- Invoking toplevel() on ptolemy.moml.MoMLSimpleApplication@3aa67b09
----------------- Done invoking toplevel() on ptolemy.moml.MoMLSimpleApplication@3aa67b09
reloadAllAccessors: .DiscreteClock8

===========================================================================================
----------------- testing Tue Apr 21 14:07:58 UTC 2020 /home/travis/build/icyphy/ptII/ptolemy/actor/lib/test/auto/DiscreteClock9.xml
----------------- Instantiating /home/travis/build/icyphy/ptII/ptolemy/actor/lib/test/auto/DiscreteClock9.xml
2 ms. Memory: 468992K Free: 297923K (64%)
----------------- Invoking toplevel() on ptolemy.moml.MoMLSimpleApplication@44627f8c
----------------- Done invoking toplevel() on ptolemy.moml.MoMLSimpleApplication@44627f8c
reloadAllAccessors: .DiscreteClock9

===========================================================================================
----------------- testing Tue Apr 21 14:07:58 UTC 2020 /home/travis/build/icyphy/ptII/ptolemy/actor/lib/test/auto/DisplayArray.xml
----------------- Instantiating /home/travis/build/icyphy/ptII/ptolemy/actor/lib/test/auto/DisplayArray.xml
1 ms. Memory: 468992K Free: 294851K (63%)
----------------- Invoking toplevel() on ptolemy.moml.MoMLSimpleApplication@177d08b0
----------------- Done invoking toplevel() on ptolemy.moml.MoMLSimpleApplication@177d08b0
reloadAllAccessors: .DisplayArray

===========================================================================================
----------------- testing Tue Apr 21 14:07:58 UTC 2020 /home/travis/build/icyphy/ptII/ptolemy/actor/lib/test/auto/Distributor.xml
----------------- Instantiating /home/travis/build/icyphy/ptII/ptolemy/actor/lib/test/auto/Distributor.xml
2 ms. Memory: 468992K Free: 289731K (62%)
----------------- Invoking toplevel() on ptolemy.moml.MoMLSimpleApplication@6a2d9ea0
----------------- Done invoking toplevel() on ptolemy.moml.MoMLSimpleApplication@6a2d9ea0
reloadAllAccessors: .Distributor

===========================================================================================
----------------- testing Tue Apr 21 14:07:58 UTC 2020 /home/travis/build/icyphy/ptII/ptolemy/actor/lib/test/auto/Distributor2.xml
----------------- Instantiating /home/travis/build/icyphy/ptII/ptolemy/actor/lib/test/auto/Distributor2.xml
2 ms. Memory: 468992K Free: 284611K (61%)
----------------- Invoking toplevel() on ptolemy.moml.MoMLSimpleApplication@9c64bfd
----------------- Done invoking toplevel() on ptolemy.moml.MoMLSimpleApplication@9c64bfd
reloadAllAccessors: .Distributor2

===========================================================================================
----------------- testing Tue Apr 21 14:07:58 UTC 2020 /home/travis/build/icyphy/ptII/ptolemy/actor/lib/test/auto/DownSample.xml
----------------- Instantiating /home/travis/build/icyphy/ptII/ptolemy/actor/lib/test/auto/DownSample.xml
2 ms. Memory: 468992K Free: 280001K (60%)
----------------- Invoking toplevel() on ptolemy.moml.MoMLSimpleApplication@1a336a82
----------------- Done invoking toplevel() on ptolemy.moml.MoMLSimpleApplication@1a336a82
reloadAllAccessors: .DownSample

===========================================================================================
----------------- testing Tue Apr 21 14:07:58 UTC 2020 /home/travis/build/icyphy/ptII/ptolemy/actor/lib/test/auto/ElectronicUnitBase1.xml
----------------- Instantiating /home/travis/build/icyphy/ptII/ptolemy/actor/lib/test/auto/ElectronicUnitBase1.xml
25 ms. Memory: 468992K Free: 264641K (56%)
----------------- Invoking toplevel() on ptolemy.moml.MoMLSimpleApplication@dee8c95
----------------- Done invoking toplevel() on ptolemy.moml.MoMLSimpleApplication@dee8c95
reloadAllAccessors: .ElectronicUnitBase1

===========================================================================================
----------------- testing Tue Apr 21 14:07:59 UTC 2020 /home/travis/build/icyphy/ptII/ptolemy/actor/lib/test/auto/ElementsToArray.xml
----------------- Instantiating /home/travis/build/icyphy/ptII/ptolemy/actor/lib/test/auto/ElementsToArray.xml
2 ms. Memory: 468992K Free: 259521K (55%)
----------------- Invoking toplevel() on ptolemy.moml.MoMLSimpleApplication@13e8b050
----------------- Done invoking toplevel() on ptolemy.moml.MoMLSimpleApplication@13e8b050
reloadAllAccessors: .ElementsToArray

===========================================================================================
----------------- testing Tue Apr 21 14:07:59 UTC 2020 /home/travis/build/icyphy/ptII/ptolemy/actor/lib/test/auto/Equals.xml
----------------- Instantiating /home/travis/build/icyphy/ptII/ptolemy/actor/lib/test/auto/Equals.xml
2 ms. Memory: 468992K Free: 254915K (54%)
----------------- Invoking toplevel() on ptolemy.moml.MoMLSimpleApplication@658adbce
----------------- Done invoking toplevel() on ptolemy.moml.MoMLSimpleApplication@658adbce
reloadAllAccessors: .Equals

===========================================================================================
----------------- testing Tue Apr 21 14:07:59 UTC 2020 /home/travis/build/icyphy/ptII/ptolemy/actor/lib/test/auto/Exec.xml
----------------- Instantiating /home/travis/build/icyphy/ptII/ptolemy/actor/lib/test/auto/Exec.xml
15 ms. Memory: 468992K Free: 249281K (53%)
----------------- Invoking toplevel() on ptolemy.moml.MoMLSimpleApplication@54c9147a
----------------- Done invoking toplevel() on ptolemy.moml.MoMLSimpleApplication@54c9147a
reloadAllAccessors: .Exec

===========================================================================================
----------------- testing Tue Apr 21 14:07:59 UTC 2020 /home/travis/build/icyphy/ptII/ptolemy/actor/lib/test/auto/ExecEnvironment.xml
----------------- Instantiating /home/travis/build/icyphy/ptII/ptolemy/actor/lib/test/auto/ExecEnvironment.xml
16 ms. Memory: 468992K Free: 244675K (52%)
----------------- Invoking toplevel() on ptolemy.moml.MoMLSimpleApplication@1f3efb7
----------------- Done invoking toplevel() on ptolemy.moml.MoMLSimpleApplication@1f3efb7
reloadAllAccessors: .ExecEnvironment

===========================================================================================
----------------- testing Tue Apr 21 14:07:59 UTC 2020 /home/travis/build/icyphy/ptII/ptolemy/actor/lib/test/auto/ExecNonZeroReturnOutput.xml
----------------- Instantiating /home/travis/build/icyphy/ptII/ptolemy/actor/lib/test/auto/ExecNonZeroReturnOutput.xml
159 ms. Memory: 468992K Free: 232897K (50%)
----------------- Invoking toplevel() on ptolemy.moml.MoMLSimpleApplication@32935478
----------------- Done invoking toplevel() on ptolemy.moml.MoMLSimpleApplication@32935478
reloadAllAccessors: .ExecNonZeroReturnOutput

===========================================================================================
----------------- testing Tue Apr 21 14:07:59 UTC 2020 /home/travis/build/icyphy/ptII/ptolemy/actor/lib/test/auto/ExecRunDemos.xml
----------------- Instantiating /home/travis/build/icyphy/ptII/ptolemy/actor/lib/test/auto/ExecRunDemos.xml
Finished: 78 ms. Memory: 129024K Free: 112440K (87%)

Finished: 66 ms. Memory: 129024K Free: 109661K (85%)

Finished: 63 ms. Memory: 129024K Free: 109516K (85%)

Finished: 68 ms. Memory: 129024K Free: 111161K (86%)

Finished: 86 ms. Memory: 129024K Free: 111896K (87%)

10306 ms. Memory: 468992K Free: 211393K (45%)
----------------- Invoking toplevel() on ptolemy.moml.MoMLSimpleApplication@2ba66335
----------------- Done invoking toplevel() on ptolemy.moml.MoMLSimpleApplication@2ba66335
reloadAllAccessors: .ExecRunDemos

===========================================================================================
----------------- testing Tue Apr 21 14:08:09 UTC 2020 /home/travis/build/icyphy/ptII/ptolemy/actor/lib/test/auto/ExecStop.xml
----------------- Instantiating /home/travis/build/icyphy/ptII/ptolemy/actor/lib/test/auto/ExecStop.xml
5013 ms. Memory: 468992K Free: 364889K (78%)
----------------- Invoking toplevel() on ptolemy.moml.MoMLSimpleApplication@7e5bb1af
----------------- Done invoking toplevel() on ptolemy.moml.MoMLSimpleApplication@7e5bb1af
reloadAllAccessors: .ExecStop

===========================================================================================
----------------- testing Tue Apr 21 14:08:14 UTC 2020 /home/travis/build/icyphy/ptII/ptolemy/actor/lib/test/auto/ExecutionTimeSDF.xml
----------------- Instantiating /home/travis/build/icyphy/ptII/ptolemy/actor/lib/test/auto/ExecutionTimeSDF.xml
Fired ExecutionTime: -659767296
Fired ExecutionTime: 1325600000
Fired ExecutionTime: -149367296
6005 ms. Memory: 468992K Free: 352588K (75%)
----------------- Invoking toplevel() on ptolemy.moml.MoMLSimpleApplication@60554a08
----------------- Done invoking toplevel() on ptolemy.moml.MoMLSimpleApplication@60554a08
reloadAllAccessors: .ExecutionTimeSDF

===========================================================================================
----------------- testing Tue Apr 21 14:08:20 UTC 2020 /home/travis/build/icyphy/ptII/ptolemy/actor/lib/test/auto/Expression1.xml
----------------- Instantiating /home/travis/build/icyphy/ptII/ptolemy/actor/lib/test/auto/Expression1.xml
1 ms. Memory: 468992K Free: 349020K (74%)
----------------- Invoking toplevel() on ptolemy.moml.MoMLSimpleApplication@2088f2f9
----------------- Done invoking toplevel() on ptolemy.moml.MoMLSimpleApplication@2088f2f9
reloadAllAccessors: .Expression1

===========================================================================================
----------------- testing Tue Apr 21 14:08:20 UTC 2020 /home/travis/build/icyphy/ptII/ptolemy/actor/lib/test/auto/Expression10.xml
----------------- Instantiating /home/travis/build/icyphy/ptII/ptolemy/actor/lib/test/auto/Expression10.xml
6 ms. Memory: 468992K Free: 343900K (73%)
----------------- Invoking toplevel() on ptolemy.moml.MoMLSimpleApplication@15c96667
----------------- Done invoking toplevel() on ptolemy.moml.MoMLSimpleApplication@15c96667
reloadAllAccessors: .Expression10

===========================================================================================
----------------- testing Tue Apr 21 14:08:20 UTC 2020 /home/travis/build/icyphy/ptII/ptolemy/actor/lib/test/auto/Expression11.xml
----------------- Instantiating /home/travis/build/icyphy/ptII/ptolemy/actor/lib/test/auto/Expression11.xml
2 ms. Memory: 468992K Free: 339290K (72%)
----------------- Invoking toplevel() on ptolemy.moml.MoMLSimpleApplication@19648298
----------------- Done invoking toplevel() on ptolemy.moml.MoMLSimpleApplication@19648298
reloadAllAccessors: .Expression11

===========================================================================================
----------------- testing Tue Apr 21 14:08:20 UTC 2020 /home/travis/build/icyphy/ptII/ptolemy/actor/lib/test/auto/Expression12.xml
----------------- Instantiating /home/travis/build/icyphy/ptII/ptolemy/actor/lib/test/auto/Expression12.xml
2 ms. Memory: 468992K Free: 333660K (71%)
----------------- Invoking toplevel() on ptolemy.moml.MoMLSimpleApplication@57025618
----------------- Done invoking toplevel() on ptolemy.moml.MoMLSimpleApplication@57025618
reloadAllAccessors: .Expression12

===========================================================================================
----------------- testing Tue Apr 21 14:08:20 UTC 2020 /home/travis/build/icyphy/ptII/ptolemy/actor/lib/test/auto/Expression13.xml
----------------- Instantiating /home/travis/build/icyphy/ptII/ptolemy/actor/lib/test/auto/Expression13.xml
3 ms. Memory: 468992K Free: 328540K (70%)
----------------- Invoking toplevel() on ptolemy.moml.MoMLSimpleApplication@72d163be
----------------- Done invoking toplevel() on ptolemy.moml.MoMLSimpleApplication@72d163be
reloadAllAccessors: .Expression13

===========================================================================================
----------------- testing Tue Apr 21 14:08:20 UTC 2020 /home/travis/build/icyphy/ptII/ptolemy/actor/lib/test/auto/Expression14.xml
----------------- Instantiating /home/travis/build/icyphy/ptII/ptolemy/actor/lib/test/auto/Expression14.xml
4 ms. Memory: 468992K Free: 322396K (69%)
----------------- Invoking toplevel() on ptolemy.moml.MoMLSimpleApplication@4e1a9317
----------------- Done invoking toplevel() on ptolemy.moml.MoMLSimpleApplication@4e1a9317
reloadAllAccessors: .Expression14

===========================================================================================
----------------- testing Tue Apr 21 14:08:20 UTC 2020 /home/travis/build/icyphy/ptII/ptolemy/actor/lib/test/auto/Expression15.xml
----------------- Instantiating /home/travis/build/icyphy/ptII/ptolemy/actor/lib/test/auto/Expression15.xml
1 ms. Memory: 468992K Free: 319324K (68%)
----------------- Invoking toplevel() on ptolemy.moml.MoMLSimpleApplication@35f759a1
----------------- Done invoking toplevel() on ptolemy.moml.MoMLSimpleApplication@35f759a1
reloadAllAccessors: .Expression15

===========================================================================================
----------------- testing Tue Apr 21 14:08:20 UTC 2020 /home/travis/build/icyphy/ptII/ptolemy/actor/lib/test/auto/Expression16.xml
----------------- Instantiating /home/travis/build/icyphy/ptII/ptolemy/actor/lib/test/auto/Expression16.xml
4 ms. Memory: 468992K Free: 314204K (67%)
----------------- Invoking toplevel() on ptolemy.moml.MoMLSimpleApplication@2381c5e8
----------------- Done invoking toplevel() on ptolemy.moml.MoMLSimpleApplication@2381c5e8
reloadAllAccessors: .Expression16

===========================================================================================
----------------- testing Tue Apr 21 14:08:20 UTC 2020 /home/travis/build/icyphy/ptII/ptolemy/actor/lib/test/auto/Expression17.xml
----------------- Instantiating /home/travis/build/icyphy/ptII/ptolemy/actor/lib/test/auto/Expression17.xml
6 ms. Memory: 468992K Free: 309084K (66%)
----------------- Invoking toplevel() on ptolemy.moml.MoMLSimpleApplication@147f7847
----------------- Done invoking toplevel() on ptolemy.moml.MoMLSimpleApplication@147f7847
reloadAllAccessors: .Expression17

===========================================================================================
----------------- testing Tue Apr 21 14:08:20 UTC 2020 /home/travis/build/icyphy/ptII/ptolemy/actor/lib/test/auto/Expression18.xml
----------------- Instantiating /home/travis/build/icyphy/ptII/ptolemy/actor/lib/test/auto/Expression18.xml
4 ms. Memory: 468992K Free: 303450K (65%)
----------------- Invoking toplevel() on ptolemy.moml.MoMLSimpleApplication@71446f0a
----------------- Done invoking toplevel() on ptolemy.moml.MoMLSimpleApplication@71446f0a
reloadAllAccessors: .Expression18

===========================================================================================
----------------- testing Tue Apr 21 14:08:20 UTC 2020 /home/travis/build/icyphy/ptII/ptolemy/actor/lib/test/auto/Expression2.xml
----------------- Instantiating /home/travis/build/icyphy/ptII/ptolemy/actor/lib/test/auto/Expression2.xml
3 ms. Memory: 468992K Free: 298844K (64%)
----------------- Invoking toplevel() on ptolemy.moml.MoMLSimpleApplication@47f5ddda
----------------- Done invoking toplevel() on ptolemy.moml.MoMLSimpleApplication@47f5ddda
reloadAllAccessors: .Expression2

===========================================================================================
----------------- testing Tue Apr 21 14:08:20 UTC 2020 /home/travis/build/icyphy/ptII/ptolemy/actor/lib/test/auto/Expression3.xml
----------------- Instantiating /home/travis/build/icyphy/ptII/ptolemy/actor/lib/test/auto/Expression3.xml
6 ms. Memory: 468992K Free: 293724K (63%)
----------------- Invoking toplevel() on ptolemy.moml.MoMLSimpleApplication@6e46b91f
----------------- Done invoking toplevel() on ptolemy.moml.MoMLSimpleApplication@6e46b91f
reloadAllAccessors: .Expression3

===========================================================================================
----------------- testing Tue Apr 21 14:08:20 UTC 2020 /home/travis/build/icyphy/ptII/ptolemy/actor/lib/test/auto/Expression4.xml
----------------- Instantiating /home/travis/build/icyphy/ptII/ptolemy/actor/lib/test/auto/Expression4.xml
7 ms. Memory: 468992K Free: 286042K (61%)
----------------- Invoking toplevel() on ptolemy.moml.MoMLSimpleApplication@6b3d242b
----------------- Done invoking toplevel() on ptolemy.moml.MoMLSimpleApplication@6b3d242b
reloadAllAccessors: .Expression4

===========================================================================================
----------------- testing Tue Apr 21 14:08:20 UTC 2020 /home/travis/build/icyphy/ptII/ptolemy/actor/lib/test/auto/Expression5.xml
----------------- Instantiating /home/travis/build/icyphy/ptII/ptolemy/actor/lib/test/auto/Expression5.xml
3 ms. Memory: 468992K Free: 280922K (60%)
----------------- Invoking toplevel() on ptolemy.moml.MoMLSimpleApplication@351a6beb
----------------- Done invoking toplevel() on ptolemy.moml.MoMLSimpleApplication@351a6beb
reloadAllAccessors: .Expression5

===========================================================================================
----------------- testing Tue Apr 21 14:08:20 UTC 2020 /home/travis/build/icyphy/ptII/ptolemy/actor/lib/test/auto/Expression6.xml
----------------- Instantiating /home/travis/build/icyphy/ptII/ptolemy/actor/lib/test/auto/Expression6.xml
2 ms. Memory: 468992K Free: 276316K (59%)
----------------- Invoking toplevel() on ptolemy.moml.MoMLSimpleApplication@7c060f7
----------------- Done invoking toplevel() on ptolemy.moml.MoMLSimpleApplication@7c060f7
reloadAllAccessors: .Expression6

===========================================================================================
----------------- testing Tue Apr 21 14:08:21 UTC 2020 /home/travis/build/icyphy/ptII/ptolemy/actor/lib/test/auto/Expression7.xml
----------------- Instantiating /home/travis/build/icyphy/ptII/ptolemy/actor/lib/test/auto/Expression7.xml
2 ms. Memory: 468992K Free: 271706K (58%)
----------------- Invoking toplevel() on ptolemy.moml.MoMLSimpleApplication@265de7ae
----------------- Done invoking toplevel() on ptolemy.moml.MoMLSimpleApplication@265de7ae
reloadAllAccessors: .Expression7

===========================================================================================
----------------- testing Tue Apr 21 14:08:21 UTC 2020 /home/travis/build/icyphy/ptII/ptolemy/actor/lib/test/auto/Expression8.xml
----------------- Instantiating /home/travis/build/icyphy/ptII/ptolemy/actor/lib/test/auto/Expression8.xml
7 ms. Memory: 468992K Free: 266076K (57%)
----------------- Invoking toplevel() on ptolemy.moml.MoMLSimpleApplication@4f15731e
----------------- Done invoking toplevel() on ptolemy.moml.MoMLSimpleApplication@4f15731e
reloadAllAccessors: .Expression8

===========================================================================================
----------------- testing Tue Apr 21 14:08:21 UTC 2020 /home/travis/build/icyphy/ptII/ptolemy/actor/lib/test/auto/Expression9.xml
----------------- Instantiating /home/travis/build/icyphy/ptII/ptolemy/actor/lib/test/auto/Expression9.xml
4 ms. Memory: 468992K Free: 261980K (56%)
----------------- Invoking toplevel() on ptolemy.moml.MoMLSimpleApplication@d9f9773
----------------- Done invoking toplevel() on ptolemy.moml.MoMLSimpleApplication@d9f9773
reloadAllAccessors: .Expression9

===========================================================================================
----------------- testing Tue Apr 21 14:08:21 UTC 2020 /home/travis/build/icyphy/ptII/ptolemy/actor/lib/test/auto/ExpressionConcatenateArrayType.xml
----------------- Instantiating /home/travis/build/icyphy/ptII/ptolemy/actor/lib/test/auto/ExpressionConcatenateArrayType.xml
3 ms. Memory: 468992K Free: 255322K (54%)
----------------- Invoking toplevel() on ptolemy.moml.MoMLSimpleApplication@7db6278e
----------------- Done invoking toplevel() on ptolemy.moml.MoMLSimpleApplication@7db6278e
reloadAllAccessors: .ExpressionConcatenateArrayType

===========================================================================================
----------------- testing Tue Apr 21 14:08:21 UTC 2020 /home/travis/build/icyphy/ptII/ptolemy/actor/lib/test/auto/ExpressionConcatenateArrayType2.xml
----------------- Instantiating /home/travis/build/icyphy/ptII/ptolemy/actor/lib/test/auto/ExpressionConcatenateArrayType2.xml
2 ms. Memory: 468992K Free: 249692K (53%)
----------------- Invoking toplevel() on ptolemy.moml.MoMLSimpleApplication@5110b013
----------------- Done invoking toplevel() on ptolemy.moml.MoMLSimpleApplication@5110b013
reloadAllAccessors: .ExpressionConcatenateArrayType2

===========================================================================================
----------------- testing Tue Apr 21 14:08:21 UTC 2020 /home/travis/build/icyphy/ptII/ptolemy/actor/lib/test/auto/ExpressionFix.xml
----------------- Instantiating /home/travis/build/icyphy/ptII/ptolemy/actor/lib/test/auto/ExpressionFix.xml
23 ms. Memory: 468992K Free: 243034K (52%)
----------------- Invoking toplevel() on ptolemy.moml.MoMLSimpleApplication@3afeed84
----------------- Done invoking toplevel() on ptolemy.moml.MoMLSimpleApplication@3afeed84
reloadAllAccessors: .ExpressionFix

===========================================================================================
----------------- testing Tue Apr 21 14:08:21 UTC 2020 /home/travis/build/icyphy/ptII/ptolemy/actor/lib/test/auto/ExpressionFix2.xml
----------------- Instantiating /home/travis/build/icyphy/ptII/ptolemy/actor/lib/test/auto/ExpressionFix2.xml
4 ms. Memory: 468992K Free: 239452K (51%)
----------------- Invoking toplevel() on ptolemy.moml.MoMLSimpleApplication@7a304d4e
----------------- Done invoking toplevel() on ptolemy.moml.MoMLSimpleApplication@7a304d4e
reloadAllAccessors: .ExpressionFix2

===========================================================================================
----------------- testing Tue Apr 21 14:08:21 UTC 2020 /home/travis/build/icyphy/ptII/ptolemy/actor/lib/test/auto/ExpressionFix3.xml
----------------- Instantiating /home/travis/build/icyphy/ptII/ptolemy/actor/lib/test/auto/ExpressionFix3.xml
2 ms. Memory: 468992K Free: 234842K (50%)
----------------- Invoking toplevel() on ptolemy.moml.MoMLSimpleApplication@24913968
----------------- Done invoking toplevel() on ptolemy.moml.MoMLSimpleApplication@24913968
reloadAllAccessors: .ExpressionFix3

===========================================================================================
----------------- testing Tue Apr 21 14:08:21 UTC 2020 /home/travis/build/icyphy/ptII/ptolemy/actor/lib/test/auto/FileWriter1.xml
----------------- Instantiating /home/travis/build/icyphy/ptII/ptolemy/actor/lib/test/auto/FileWriter1.xml
2 ms. Memory: 468992K Free: 230746K (49%)
----------------- Invoking toplevel() on ptolemy.moml.MoMLSimpleApplication@169c4ef9
----------------- Done invoking toplevel() on ptolemy.moml.MoMLSimpleApplication@169c4ef9
reloadAllAccessors: .FileWriter1

===========================================================================================
----------------- testing Tue Apr 21 14:08:21 UTC 2020 /home/travis/build/icyphy/ptII/ptolemy/actor/lib/test/auto/FileWriter2.xml
----------------- Instantiating /home/travis/build/icyphy/ptII/ptolemy/actor/lib/test/auto/FileWriter2.xml
5 ms. Memory: 468992K Free: 226140K (48%)
----------------- Invoking toplevel() on ptolemy.moml.MoMLSimpleApplication@67dc631b
----------------- Done invoking toplevel() on ptolemy.moml.MoMLSimpleApplication@67dc631b
reloadAllAccessors: .FileWriter2

===========================================================================================
----------------- testing Tue Apr 21 14:08:21 UTC 2020 /home/travis/build/icyphy/ptII/ptolemy/actor/lib/test/auto/FileWriter3.xml
----------------- Instantiating /home/travis/build/icyphy/ptII/ptolemy/actor/lib/test/auto/FileWriter3.xml
5 ms. Memory: 468992K Free: 222044K (47%)
----------------- Invoking toplevel() on ptolemy.moml.MoMLSimpleApplication@5fa0cfd4
----------------- Done invoking toplevel() on ptolemy.moml.MoMLSimpleApplication@5fa0cfd4
reloadAllAccessors: .FileWriter3

===========================================================================================
----------------- testing Tue Apr 21 14:08:21 UTC 2020 /home/travis/build/icyphy/ptII/ptolemy/actor/lib/test/auto/Gaussian.xml
----------------- Instantiating /home/travis/build/icyphy/ptII/ptolemy/actor/lib/test/auto/Gaussian.xml
3 ms. Memory: 468992K Free: 217434K (46%)
----------------- Invoking toplevel() on ptolemy.moml.MoMLSimpleApplication@15ad30ea
----------------- Done invoking toplevel() on ptolemy.moml.MoMLSimpleApplication@15ad30ea
reloadAllAccessors: .Gaussian

===========================================================================================
----------------- testing Tue Apr 21 14:08:21 UTC 2020 /home/travis/build/icyphy/ptII/ptolemy/actor/lib/test/auto/Gaussian1.xml
----------------- Instantiating /home/travis/build/icyphy/ptII/ptolemy/actor/lib/test/auto/Gaussian1.xml
8 ms. Memory: 468992K Free: 212284K (45%)
----------------- Invoking toplevel() on ptolemy.moml.MoMLSimpleApplication@758fede1
----------------- Done invoking toplevel() on ptolemy.moml.MoMLSimpleApplication@758fede1
reloadAllAccessors: .Gaussian1

===========================================================================================
----------------- testing Tue Apr 21 14:08:21 UTC 2020 /home/travis/build/icyphy/ptII/ptolemy/actor/lib/test/auto/Gaussian2.xml
----------------- Instantiating /home/travis/build/icyphy/ptII/ptolemy/actor/lib/test/auto/Gaussian2.xml
1 ms. Memory: 468992K Free: 206684K (44%)
----------------- Invoking toplevel() on ptolemy.moml.MoMLSimpleApplication@49d59449
----------------- Done invoking toplevel() on ptolemy.moml.MoMLSimpleApplication@49d59449
reloadAllAccessors: .Gaussian2

===========================================================================================
----------------- testing Tue Apr 21 14:08:21 UTC 2020 /home/travis/build/icyphy/ptII/ptolemy/actor/lib/test/auto/GradientAdaptiveLattice.xml
----------------- Instantiating /home/travis/build/icyphy/ptII/ptolemy/actor/lib/test/auto/GradientAdaptiveLattice.xml
3 ms. Memory: 468992K Free: 201564K (43%)
----------------- Invoking toplevel() on ptolemy.moml.MoMLSimpleApplication@6e418b00
----------------- Done invoking toplevel() on ptolemy.moml.MoMLSimpleApplication@6e418b00
reloadAllAccessors: .GradientAdaptiveLattice

===========================================================================================
----------------- testing Tue Apr 21 14:08:21 UTC 2020 /home/travis/build/icyphy/ptII/ptolemy/actor/lib/test/auto/IIR.xml
----------------- Instantiating /home/travis/build/icyphy/ptII/ptolemy/actor/lib/test/auto/IIR.xml
1 ms. Memory: 468992K Free: 196954K (42%)
----------------- Invoking toplevel() on ptolemy.moml.MoMLSimpleApplication@37e05619
----------------- Done invoking toplevel() on ptolemy.moml.MoMLSimpleApplication@37e05619
reloadAllAccessors: .IIR

===========================================================================================
----------------- testing Tue Apr 21 14:08:21 UTC 2020 /home/travis/build/icyphy/ptII/ptolemy/actor/lib/test/auto/InputOutputTransparentPorts.xml
----------------- Instantiating /home/travis/build/icyphy/ptII/ptolemy/actor/lib/test/auto/InputOutputTransparentPorts.xml
2 ms. Memory: 468992K Free: 189786K (40%)
----------------- Invoking toplevel() on ptolemy.moml.MoMLSimpleApplication@56cad84b
----------------- Done invoking toplevel() on ptolemy.moml.MoMLSimpleApplication@56cad84b
reloadAllAccessors: .InputOutputTransparentPorts

===========================================================================================
----------------- testing Tue Apr 21 14:08:21 UTC 2020 /home/travis/build/icyphy/ptII/ptolemy/actor/lib/test/auto/Interpolator.xml
----------------- Instantiating /home/travis/build/icyphy/ptII/ptolemy/actor/lib/test/auto/Interpolator.xml
3 ms. Memory: 468992K Free: 185690K (40%)
----------------- Invoking toplevel() on ptolemy.moml.MoMLSimpleApplication@7a52136b
----------------- Done invoking toplevel() on ptolemy.moml.MoMLSimpleApplication@7a52136b
reloadAllAccessors: .Interpolator

===========================================================================================
----------------- testing Tue Apr 21 14:08:21 UTC 2020 /home/travis/build/icyphy/ptII/ptolemy/actor/lib/test/auto/InterpolatorFiringLimitDE.xml
----------------- Instantiating /home/travis/build/icyphy/ptII/ptolemy/actor/lib/test/auto/InterpolatorFiringLimitDE.xml
2 ms. Memory: 468992K Free: 179036K (38%)
----------------- Invoking toplevel() on ptolemy.moml.MoMLSimpleApplication@da067eb
----------------- Done invoking toplevel() on ptolemy.moml.MoMLSimpleApplication@da067eb
reloadAllAccessors: .InterpolatorFiringLimitDE

===========================================================================================
----------------- testing Tue Apr 21 14:08:21 UTC 2020 /home/travis/build/icyphy/ptII/ptolemy/actor/lib/test/auto/Lattice.xml
----------------- Instantiating /home/travis/build/icyphy/ptII/ptolemy/actor/lib/test/auto/Lattice.xml
1 ms. Memory: 468992K Free: 175450K (37%)
----------------- Invoking toplevel() on ptolemy.moml.MoMLSimpleApplication@5fb66860
----------------- Done invoking toplevel() on ptolemy.moml.MoMLSimpleApplication@5fb66860
reloadAllAccessors: .Lattice

===========================================================================================
----------------- testing Tue Apr 21 14:08:21 UTC 2020 /home/travis/build/icyphy/ptII/ptolemy/actor/lib/test/auto/LazyAOCTestLazy.xml
----------------- Instantiating /home/travis/build/icyphy/ptII/ptolemy/actor/lib/test/auto/LazyAOCTestLazy.xml
15 ms. Memory: 468992K Free: 169292K (36%)
----------------- Invoking toplevel() on ptolemy.moml.MoMLSimpleApplication@5d915c9c
----------------- Done invoking toplevel() on ptolemy.moml.MoMLSimpleApplication@5d915c9c
reloadAllAccessors: .LazyAOCTestLazy

===========================================================================================
----------------- testing Tue Apr 21 14:08:21 UTC 2020 /home/travis/build/icyphy/ptII/ptolemy/actor/lib/test/auto/LazyAOCTestNonLazy.xml
----------------- Instantiating /home/travis/build/icyphy/ptII/ptolemy/actor/lib/test/auto/LazyAOCTestNonLazy.xml
2 ms. Memory: 468992K Free: 162652K (35%)
----------------- Invoking toplevel() on ptolemy.moml.MoMLSimpleApplication@27e90cfa
----------------- Done invoking toplevel() on ptolemy.moml.MoMLSimpleApplication@27e90cfa
reloadAllAccessors: .LazyAOCTestNonLazy

===========================================================================================
----------------- testing Tue Apr 21 14:08:21 UTC 2020 /home/travis/build/icyphy/ptII/ptolemy/actor/lib/test/auto/LazyInnerClass.xml
----------------- Instantiating /home/travis/build/icyphy/ptII/ptolemy/actor/lib/test/auto/LazyInnerClass.xml
18 ms. Memory: 468992K Free: 153932K (33%)
----------------- Invoking toplevel() on ptolemy.moml.MoMLSimpleApplication@578c53bc
----------------- Done invoking toplevel() on ptolemy.moml.MoMLSimpleApplication@578c53bc
reloadAllAccessors: .LazyInnerClass

===========================================================================================
----------------- testing Tue Apr 21 14:08:21 UTC 2020 /home/travis/build/icyphy/ptII/ptolemy/actor/lib/test/auto/LazyPubSub.xml
----------------- Instantiating /home/travis/build/icyphy/ptII/ptolemy/actor/lib/test/auto/LazyPubSub.xml
23 ms. Memory: 468992K Free: 143706K (31%)
----------------- Invoking toplevel() on ptolemy.moml.MoMLSimpleApplication@51fc44d8
----------------- Done invoking toplevel() on ptolemy.moml.MoMLSimpleApplication@51fc44d8
reloadAllAccessors: .LazyPubSub

===========================================================================================
----------------- testing Tue Apr 21 14:08:21 UTC 2020 /home/travis/build/icyphy/ptII/ptolemy/actor/lib/test/auto/LazyPubSub2.xml
----------------- Instantiating /home/travis/build/icyphy/ptII/ptolemy/actor/lib/test/auto/LazyPubSub2.xml
22 ms. Memory: 468992K Free: 410631K (88%)
----------------- Invoking toplevel() on ptolemy.moml.MoMLSimpleApplication@4655a06
----------------- Done invoking toplevel() on ptolemy.moml.MoMLSimpleApplication@4655a06
reloadAllAccessors: .LazyPubSub2

===========================================================================================
----------------- testing Tue Apr 21 14:08:21 UTC 2020 /home/travis/build/icyphy/ptII/ptolemy/actor/lib/test/auto/LazyPubSub3.xml
----------------- Instantiating /home/travis/build/icyphy/ptII/ptolemy/actor/lib/test/auto/LazyPubSub3.xml
11 ms. Memory: 468992K Free: 400391K (85%)
----------------- Invoking toplevel() on ptolemy.moml.MoMLSimpleApplication@56d0c342
----------------- Done invoking toplevel() on ptolemy.moml.MoMLSimpleApplication@56d0c342
reloadAllAccessors: .LazyPubSub3

===========================================================================================
----------------- testing Tue Apr 21 14:08:21 UTC 2020 /home/travis/build/icyphy/ptII/ptolemy/actor/lib/test/auto/LazySubClassModel.xml
----------------- Instantiating /home/travis/build/icyphy/ptII/ptolemy/actor/lib/test/auto/LazySubClassModel.xml
1 ms. Memory: 468992K Free: 390665K (83%)
----------------- Invoking toplevel() on ptolemy.moml.MoMLSimpleApplication@4d061fc0
----------------- Done invoking toplevel() on ptolemy.moml.MoMLSimpleApplication@4d061fc0
reloadAllAccessors: .LazySubClassModel

===========================================================================================
----------------- testing Tue Apr 21 14:08:21 UTC 2020 /home/travis/build/icyphy/ptII/ptolemy/actor/lib/test/auto/LevelCrossTest1.xml
----------------- Instantiating /home/travis/build/icyphy/ptII/ptolemy/actor/lib/test/auto/LevelCrossTest1.xml
1 ms. Memory: 468992K Free: 385031K (82%)
----------------- Invoking toplevel() on ptolemy.moml.MoMLSimpleApplication@24ddb77c
----------------- Done invoking toplevel() on ptolemy.moml.MoMLSimpleApplication@24ddb77c
reloadAllAccessors: .broken

===========================================================================================
----------------- testing Tue Apr 21 14:08:21 UTC 2020 /home/travis/build/icyphy/ptII/ptolemy/actor/lib/test/auto/LevelCrossTest10.xml
----------------- Instantiating /home/travis/build/icyphy/ptII/ptolemy/actor/lib/test/auto/LevelCrossTest10.xml
1 ms. Memory: 468992K Free: 377353K (80%)
----------------- Invoking toplevel() on ptolemy.moml.MoMLSimpleApplication@570d9079
----------------- Done invoking toplevel() on ptolemy.moml.MoMLSimpleApplication@570d9079
reloadAllAccessors: .LevelCrossTest10

===========================================================================================
----------------- testing Tue Apr 21 14:08:21 UTC 2020 /home/travis/build/icyphy/ptII/ptolemy/actor/lib/test/auto/LevelCrossTest11.xml
----------------- Instantiating /home/travis/build/icyphy/ptII/ptolemy/actor/lib/test/auto/LevelCrossTest11.xml
1 ms. Memory: 468992K Free: 370185K (79%)
----------------- Invoking toplevel() on ptolemy.moml.MoMLSimpleApplication@61ec97b5
----------------- Done invoking toplevel() on ptolemy.moml.MoMLSimpleApplication@61ec97b5
reloadAllAccessors: .LevelCrossTest11

===========================================================================================
----------------- testing Tue Apr 21 14:08:21 UTC 2020 /home/travis/build/icyphy/ptII/ptolemy/actor/lib/test/auto/LevelCrossTest12.xml
----------------- Instantiating /home/travis/build/icyphy/ptII/ptolemy/actor/lib/test/auto/LevelCrossTest12.xml
1 ms. Memory: 468992K Free: 363017K (77%)
----------------- Invoking toplevel() on ptolemy.moml.MoMLSimpleApplication@1d09a24
----------------- Done invoking toplevel() on ptolemy.moml.MoMLSimpleApplication@1d09a24
reloadAllAccessors: .LevelCrossTest12

===========================================================================================
----------------- testing Tue Apr 21 14:08:21 UTC 2020 /home/travis/build/icyphy/ptII/ptolemy/actor/lib/test/auto/LevelCrossTest13.xml
----------------- Instantiating /home/travis/build/icyphy/ptII/ptolemy/actor/lib/test/auto/LevelCrossTest13.xml
1 ms. Memory: 468992K Free: 355335K (76%)
----------------- Invoking toplevel() on ptolemy.moml.MoMLSimpleApplication@8ac6b29
----------------- Done invoking toplevel() on ptolemy.moml.MoMLSimpleApplication@8ac6b29
reloadAllAccessors: .LevelCrossTest13

===========================================================================================
----------------- testing Tue Apr 21 14:08:21 UTC 2020 /home/travis/build/icyphy/ptII/ptolemy/actor/lib/test/auto/LevelCrossTest2.xml
----------------- Instantiating /home/travis/build/icyphy/ptII/ptolemy/actor/lib/test/auto/LevelCrossTest2.xml
1 ms. Memory: 468992K Free: 349705K (75%)
----------------- Invoking toplevel() on ptolemy.moml.MoMLSimpleApplication@2277aeed
----------------- Done invoking toplevel() on ptolemy.moml.MoMLSimpleApplication@2277aeed
reloadAllAccessors: .broken

===========================================================================================
----------------- testing Tue Apr 21 14:08:21 UTC 2020 /home/travis/build/icyphy/ptII/ptolemy/actor/lib/test/auto/LevelCrossTest3.xml
----------------- Instantiating /home/travis/build/icyphy/ptII/ptolemy/actor/lib/test/auto/LevelCrossTest3.xml
1 ms. Memory: 468992K Free: 343561K (73%)
----------------- Invoking toplevel() on ptolemy.moml.MoMLSimpleApplication@2aa78cae
----------------- Done invoking toplevel() on ptolemy.moml.MoMLSimpleApplication@2aa78cae
reloadAllAccessors: .LevelCrossTest3

===========================================================================================
----------------- testing Tue Apr 21 14:08:21 UTC 2020 /home/travis/build/icyphy/ptII/ptolemy/actor/lib/test/auto/LevelCrossTest4.xml
----------------- Instantiating /home/travis/build/icyphy/ptII/ptolemy/actor/lib/test/auto/LevelCrossTest4.xml
1 ms. Memory: 468992K Free: 338441K (72%)
----------------- Invoking toplevel() on ptolemy.moml.MoMLSimpleApplication@12a7f24d
----------------- Done invoking toplevel() on ptolemy.moml.MoMLSimpleApplication@12a7f24d
reloadAllAccessors: .broken

===========================================================================================
----------------- testing Tue Apr 21 14:08:21 UTC 2020 /home/travis/build/icyphy/ptII/ptolemy/actor/lib/test/auto/LevelCrossTest5.xml
----------------- Instantiating /home/travis/build/icyphy/ptII/ptolemy/actor/lib/test/auto/LevelCrossTest5.xml
1 ms. Memory: 468992K Free: 331273K (71%)
----------------- Invoking toplevel() on ptolemy.moml.MoMLSimpleApplication@6ceef1bc
----------------- Done invoking toplevel() on ptolemy.moml.MoMLSimpleApplication@6ceef1bc
reloadAllAccessors: .LevelCrossTest5

===========================================================================================
----------------- testing Tue Apr 21 14:08:21 UTC 2020 /home/travis/build/icyphy/ptII/ptolemy/actor/lib/test/auto/LevelCrossTest6.xml
----------------- Instantiating /home/travis/build/icyphy/ptII/ptolemy/actor/lib/test/auto/LevelCrossTest6.xml
3 ms. Memory: 468992K Free: 324615K (69%)
----------------- Invoking toplevel() on ptolemy.moml.MoMLSimpleApplication@13db4a9b
----------------- Done invoking toplevel() on ptolemy.moml.MoMLSimpleApplication@13db4a9b
reloadAllAccessors: .LevelCrossTest6

===========================================================================================
----------------- testing Tue Apr 21 14:08:21 UTC 2020 /home/travis/build/icyphy/ptII/ptolemy/actor/lib/test/auto/LevelCrossTest7.xml
----------------- Instantiating /home/travis/build/icyphy/ptII/ptolemy/actor/lib/test/auto/LevelCrossTest7.xml
1 ms. Memory: 468992K Free: 317447K (68%)
----------------- Invoking toplevel() on ptolemy.moml.MoMLSimpleApplication@599c58e
----------------- Done invoking toplevel() on ptolemy.moml.MoMLSimpleApplication@599c58e
reloadAllAccessors: .LevelCrossTest7

===========================================================================================
----------------- testing Tue Apr 21 14:08:21 UTC 2020 /home/travis/build/icyphy/ptII/ptolemy/actor/lib/test/auto/LevelCrossTest8.xml
----------------- Instantiating /home/travis/build/icyphy/ptII/ptolemy/actor/lib/test/auto/LevelCrossTest8.xml
1 ms. Memory: 468992K Free: 310279K (66%)
----------------- Invoking toplevel() on ptolemy.moml.MoMLSimpleApplication@58c671f
----------------- Done invoking toplevel() on ptolemy.moml.MoMLSimpleApplication@58c671f
reloadAllAccessors: .LevelCrossTest8

===========================================================================================
----------------- testing Tue Apr 21 14:08:21 UTC 2020 /home/travis/build/icyphy/ptII/ptolemy/actor/lib/test/auto/LevelCrossTest9.xml
----------------- Instantiating /home/travis/build/icyphy/ptII/ptolemy/actor/lib/test/auto/LevelCrossTest9.xml
2 ms. Memory: 468992K Free: 303625K (65%)
----------------- Invoking toplevel() on ptolemy.moml.MoMLSimpleApplication@57d60af1
----------------- Done invoking toplevel() on ptolemy.moml.MoMLSimpleApplication@57d60af1
reloadAllAccessors: .LevelCrossTest9

===========================================================================================
----------------- testing Tue Apr 21 14:08:21 UTC 2020 /home/travis/build/icyphy/ptII/ptolemy/actor/lib/test/auto/LevinsonDurbin.xml
----------------- Instantiating /home/travis/build/icyphy/ptII/ptolemy/actor/lib/test/auto/LevinsonDurbin.xml
8 ms. Memory: 468992K Free: 299529K (64%)
----------------- Invoking toplevel() on ptolemy.moml.MoMLSimpleApplication@65307851
----------------- Done invoking toplevel() on ptolemy.moml.MoMLSimpleApplication@65307851
reloadAllAccessors: .LevinsonDurbin

===========================================================================================
----------------- testing Tue Apr 21 14:08:21 UTC 2020 /home/travis/build/icyphy/ptII/ptolemy/actor/lib/test/auto/LevinsonDurbin2.xml
----------------- Instantiating /home/travis/build/icyphy/ptII/ptolemy/actor/lib/test/auto/LevinsonDurbin2.xml
1 ms. Memory: 468992K Free: 295433K (63%)
----------------- Invoking toplevel() on ptolemy.moml.MoMLSimpleApplication@10551e09
----------------- Done invoking toplevel() on ptolemy.moml.MoMLSimpleApplication@10551e09
reloadAllAccessors: .LevinsonDurbin2

===========================================================================================
----------------- testing Tue Apr 21 14:08:21 UTC 2020 /home/travis/build/icyphy/ptII/ptolemy/actor/lib/test/auto/LevinsonDurbin3.xml
----------------- Instantiating /home/travis/build/icyphy/ptII/ptolemy/actor/lib/test/auto/LevinsonDurbin3.xml
2 ms. Memory: 468992K Free: 291337K (62%)
----------------- Invoking toplevel() on ptolemy.moml.MoMLSimpleApplication@5e00d743
----------------- Done invoking toplevel() on ptolemy.moml.MoMLSimpleApplication@5e00d743
reloadAllAccessors: .LevinsonDurbin3

===========================================================================================
----------------- testing Tue Apr 21 14:08:21 UTC 2020 /home/travis/build/icyphy/ptII/ptolemy/actor/lib/test/auto/Limiter.xml
----------------- Instantiating /home/travis/build/icyphy/ptII/ptolemy/actor/lib/test/auto/Limiter.xml
4 ms. Memory: 468992K Free: 282121K (60%)
----------------- Invoking toplevel() on ptolemy.moml.MoMLSimpleApplication@bd0bbfd
----------------- Done invoking toplevel() on ptolemy.moml.MoMLSimpleApplication@bd0bbfd
reloadAllAccessors: .Limiter

===========================================================================================
----------------- testing Tue Apr 21 14:08:21 UTC 2020 /home/travis/build/icyphy/ptII/ptolemy/actor/lib/test/auto/LinearDifferenceEquationSystem.xml
----------------- Instantiating /home/travis/build/icyphy/ptII/ptolemy/actor/lib/test/auto/LinearDifferenceEquationSystem.xml
3 ms. Memory: 468992K Free: 274953K (59%)
----------------- Invoking toplevel() on ptolemy.moml.MoMLSimpleApplication@10880c53
----------------- Done invoking toplevel() on ptolemy.moml.MoMLSimpleApplication@10880c53
reloadAllAccessors: .LinearDifferenceEquationSystem

===========================================================================================
----------------- testing Tue Apr 21 14:08:21 UTC 2020 /home/travis/build/icyphy/ptII/ptolemy/actor/lib/test/auto/LookupTable.xml
----------------- Instantiating /home/travis/build/icyphy/ptII/ptolemy/actor/lib/test/auto/LookupTable.xml
2 ms. Memory: 468992K Free: 270343K (58%)
----------------- Invoking toplevel() on ptolemy.moml.MoMLSimpleApplication@2f13c9dd
----------------- Done invoking toplevel() on ptolemy.moml.MoMLSimpleApplication@2f13c9dd
reloadAllAccessors: .LookupTable

===========================================================================================
----------------- testing Tue Apr 21 14:08:21 UTC 2020 /home/travis/build/icyphy/ptII/ptolemy/actor/lib/test/auto/MathFunction.xml
----------------- Instantiating /home/travis/build/icyphy/ptII/ptolemy/actor/lib/test/auto/MathFunction.xml
8 ms. Memory: 468992K Free: 262151K (56%)
----------------- Invoking toplevel() on ptolemy.moml.MoMLSimpleApplication@4f5907f7
----------------- Done invoking toplevel() on ptolemy.moml.MoMLSimpleApplication@4f5907f7
reloadAllAccessors: .MathFunction

===========================================================================================
----------------- testing Tue Apr 21 14:08:21 UTC 2020 /home/travis/build/icyphy/ptII/ptolemy/actor/lib/test/auto/MathFunction2.xml
----------------- Instantiating /home/travis/build/icyphy/ptII/ptolemy/actor/lib/test/auto/MathFunction2.xml
1 ms. Memory: 468992K Free: 258569K (55%)
----------------- Invoking toplevel() on ptolemy.moml.MoMLSimpleApplication@505dacb3
----------------- Done invoking toplevel() on ptolemy.moml.MoMLSimpleApplication@505dacb3
reloadAllAccessors: .MathFunction2

===========================================================================================
----------------- testing Tue Apr 21 14:08:22 UTC 2020 /home/travis/build/icyphy/ptII/ptolemy/actor/lib/test/auto/MathFunction3.xml
----------------- Instantiating /home/travis/build/icyphy/ptII/ptolemy/actor/lib/test/auto/MathFunction3.xml
2 ms. Memory: 468992K Free: 251401K (54%)
----------------- Invoking toplevel() on ptolemy.moml.MoMLSimpleApplication@4979af6b
----------------- Done invoking toplevel() on ptolemy.moml.MoMLSimpleApplication@4979af6b
reloadAllAccessors: .MathFunction3

===========================================================================================
----------------- testing Tue Apr 21 14:08:22 UTC 2020 /home/travis/build/icyphy/ptII/ptolemy/actor/lib/test/auto/MatrixCropBoolean.xml
----------------- Instantiating /home/travis/build/icyphy/ptII/ptolemy/actor/lib/test/auto/MatrixCropBoolean.xml
1 ms. Memory: 468992K Free: 246281K (53%)
----------------- Invoking toplevel() on ptolemy.moml.MoMLSimpleApplication@63342cd7
----------------- Done invoking toplevel() on ptolemy.moml.MoMLSimpleApplication@63342cd7
reloadAllAccessors: .MatrixCropBoolean

===========================================================================================
----------------- testing Tue Apr 21 14:08:22 UTC 2020 /home/travis/build/icyphy/ptII/ptolemy/actor/lib/test/auto/MatrixCropComplex.xml
----------------- Instantiating /home/travis/build/icyphy/ptII/ptolemy/actor/lib/test/auto/MatrixCropComplex.xml
2 ms. Memory: 468992K Free: 241161K (51%)
----------------- Invoking toplevel() on ptolemy.moml.MoMLSimpleApplication@4c8cc97e
----------------- Done invoking toplevel() on ptolemy.moml.MoMLSimpleApplication@4c8cc97e
reloadAllAccessors: .MatrixCropComplex

===========================================================================================
----------------- testing Tue Apr 21 14:08:22 UTC 2020 /home/travis/build/icyphy/ptII/ptolemy/actor/lib/test/auto/MatrixCropDouble.xml
----------------- Instantiating /home/travis/build/icyphy/ptII/ptolemy/actor/lib/test/auto/MatrixCropDouble.xml
3 ms. Memory: 468992K Free: 236041K (50%)
----------------- Invoking toplevel() on ptolemy.moml.MoMLSimpleApplication@1048308c
----------------- Done invoking toplevel() on ptolemy.moml.MoMLSimpleApplication@1048308c
reloadAllAccessors: .MatrixCropDouble

===========================================================================================
----------------- testing Tue Apr 21 14:08:22 UTC 2020 /home/travis/build/icyphy/ptII/ptolemy/actor/lib/test/auto/MatrixCropFix.xml
----------------- Instantiating /home/travis/build/icyphy/ptII/ptolemy/actor/lib/test/auto/MatrixCropFix.xml
1 ms. Memory: 468992K Free: 230921K (49%)
----------------- Invoking toplevel() on ptolemy.moml.MoMLSimpleApplication@65fb0823
----------------- Done invoking toplevel() on ptolemy.moml.MoMLSimpleApplication@65fb0823
reloadAllAccessors: .MatrixCropFix

===========================================================================================
----------------- testing Tue Apr 21 14:08:22 UTC 2020 /home/travis/build/icyphy/ptII/ptolemy/actor/lib/test/auto/MatrixCropInt.xml
----------------- Instantiating /home/travis/build/icyphy/ptII/ptolemy/actor/lib/test/auto/MatrixCropInt.xml
1 ms. Memory: 468992K Free: 225801K (48%)
----------------- Invoking toplevel() on ptolemy.moml.MoMLSimpleApplication@35046f31
----------------- Done invoking toplevel() on ptolemy.moml.MoMLSimpleApplication@35046f31
reloadAllAccessors: .MatrixCropInt

===========================================================================================
----------------- testing Tue Apr 21 14:08:22 UTC 2020 /home/travis/build/icyphy/ptII/ptolemy/actor/lib/test/auto/MatrixCropLong.xml
----------------- Instantiating /home/travis/build/icyphy/ptII/ptolemy/actor/lib/test/auto/MatrixCropLong.xml
2 ms. Memory: 468992K Free: 220681K (47%)
----------------- Invoking toplevel() on ptolemy.moml.MoMLSimpleApplication@6a1f3b73
----------------- Done invoking toplevel() on ptolemy.moml.MoMLSimpleApplication@6a1f3b73
reloadAllAccessors: .MatrixCropLong

===========================================================================================
----------------- testing Tue Apr 21 14:08:22 UTC 2020 /home/travis/build/icyphy/ptII/ptolemy/actor/lib/test/auto/MatrixToArray.xml
----------------- Instantiating /home/travis/build/icyphy/ptII/ptolemy/actor/lib/test/auto/MatrixToArray.xml
6 ms. Memory: 468992K Free: 205831K (44%)
----------------- Invoking toplevel() on ptolemy.moml.MoMLSimpleApplication@5cbe1506
----------------- Done invoking toplevel() on ptolemy.moml.MoMLSimpleApplication@5cbe1506
reloadAllAccessors: .MatrixToArray

===========================================================================================
----------------- testing Tue Apr 21 14:08:22 UTC 2020 /home/travis/build/icyphy/ptII/ptolemy/actor/lib/test/auto/MaxIndex.xml
----------------- Instantiating /home/travis/build/icyphy/ptII/ptolemy/actor/lib/test/auto/MaxIndex.xml
2 ms. Memory: 468992K Free: 200711K (43%)
----------------- Invoking toplevel() on ptolemy.moml.MoMLSimpleApplication@c82265
----------------- Done invoking toplevel() on ptolemy.moml.MoMLSimpleApplication@c82265
reloadAllAccessors: .MaxIndex

===========================================================================================
----------------- testing Tue Apr 21 14:08:22 UTC 2020 /home/travis/build/icyphy/ptII/ptolemy/actor/lib/test/auto/Maximum.xml
----------------- Instantiating /home/travis/build/icyphy/ptII/ptolemy/actor/lib/test/auto/Maximum.xml
5 ms. Memory: 468992K Free: 194057K (41%)
----------------- Invoking toplevel() on ptolemy.moml.MoMLSimpleApplication@453ce8bd
----------------- Done invoking toplevel() on ptolemy.moml.MoMLSimpleApplication@453ce8bd
reloadAllAccessors: .Maximum

===========================================================================================
----------------- testing Tue Apr 21 14:08:22 UTC 2020 /home/travis/build/icyphy/ptII/ptolemy/actor/lib/test/auto/MaximumComplex.xml
----------------- Instantiating /home/travis/build/icyphy/ptII/ptolemy/actor/lib/test/auto/MaximumComplex.xml
4 ms. Memory: 468992K Free: 187913K (40%)
----------------- Invoking toplevel() on ptolemy.moml.MoMLSimpleApplication@5daf2ea
----------------- Done invoking toplevel() on ptolemy.moml.MoMLSimpleApplication@5daf2ea
reloadAllAccessors: .MaximumComplex

===========================================================================================
----------------- testing Tue Apr 21 14:08:22 UTC 2020 /home/travis/build/icyphy/ptII/ptolemy/actor/lib/test/auto/MethodCallTest.xml
----------------- Instantiating /home/travis/build/icyphy/ptII/ptolemy/actor/lib/test/auto/MethodCallTest.xml
2 ms. Memory: 468992K Free: 181255K (39%)
----------------- Invoking toplevel() on ptolemy.moml.MoMLSimpleApplication@2e821e0d
----------------- Done invoking toplevel() on ptolemy.moml.MoMLSimpleApplication@2e821e0d
reloadAllAccessors: .MethodCallTest

===========================================================================================
----------------- testing Tue Apr 21 14:08:22 UTC 2020 /home/travis/build/icyphy/ptII/ptolemy/actor/lib/test/auto/Minimum.xml
----------------- Instantiating /home/travis/build/icyphy/ptII/ptolemy/actor/lib/test/auto/Minimum.xml
2 ms. Memory: 468992K Free: 174601K (37%)
----------------- Invoking toplevel() on ptolemy.moml.MoMLSimpleApplication@46cc48b5
----------------- Done invoking toplevel() on ptolemy.moml.MoMLSimpleApplication@46cc48b5
reloadAllAccessors: .Minimum

===========================================================================================
----------------- testing Tue Apr 21 14:08:22 UTC 2020 /home/travis/build/icyphy/ptII/ptolemy/actor/lib/test/auto/MinimumComplex.xml
----------------- Instantiating /home/travis/build/icyphy/ptII/ptolemy/actor/lib/test/auto/MinimumComplex.xml
3 ms. Memory: 468992K Free: 168457K (36%)
----------------- Invoking toplevel() on ptolemy.moml.MoMLSimpleApplication@51413467
----------------- Done invoking toplevel() on ptolemy.moml.MoMLSimpleApplication@51413467
reloadAllAccessors: .MinimumComplex

===========================================================================================
----------------- testing Tue Apr 21 14:08:22 UTC 2020 /home/travis/build/icyphy/ptII/ptolemy/actor/lib/test/auto/MinimumMultiports.xml
----------------- Instantiating /home/travis/build/icyphy/ptII/ptolemy/actor/lib/test/auto/MinimumMultiports.xml
4 ms. Memory: 468992K Free: 159721K (34%)
----------------- Invoking toplevel() on ptolemy.moml.MoMLSimpleApplication@21f7b6b3
----------------- Done invoking toplevel() on ptolemy.moml.MoMLSimpleApplication@21f7b6b3
reloadAllAccessors: .MinimumMultiports

===========================================================================================
----------------- testing Tue Apr 21 14:08:22 UTC 2020 /home/travis/build/icyphy/ptII/ptolemy/actor/lib/test/auto/ModifyDate.xml
----------------- Instantiating /home/travis/build/icyphy/ptII/ptolemy/actor/lib/test/auto/ModifyDate.xml
7 ms. Memory: 468992K Free: 146439K (31%)
----------------- Invoking toplevel() on ptolemy.moml.MoMLSimpleApplication@7c036b24
----------------- Done invoking toplevel() on ptolemy.moml.MoMLSimpleApplication@7c036b24
reloadAllAccessors: .ModifyDate

===========================================================================================
----------------- testing Tue Apr 21 14:08:22 UTC 2020 /home/travis/build/icyphy/ptII/ptolemy/actor/lib/test/auto/ModifyDate2.xml
----------------- Instantiating /home/travis/build/icyphy/ptII/ptolemy/actor/lib/test/auto/ModifyDate2.xml
2 ms. Memory: 468992K Free: 415656K (89%)
----------------- Invoking toplevel() on ptolemy.moml.MoMLSimpleApplication@7625bdba
----------------- Done invoking toplevel() on ptolemy.moml.MoMLSimpleApplication@7625bdba
reloadAllAccessors: .ModifyDate2

===========================================================================================
----------------- testing Tue Apr 21 14:08:22 UTC 2020 /home/travis/build/icyphy/ptII/ptolemy/actor/lib/test/auto/MovingAverage.xml
----------------- Instantiating /home/travis/build/icyphy/ptII/ptolemy/actor/lib/test/auto/MovingAverage.xml
1 ms. Memory: 468992K Free: 410041K (87%)
----------------- Invoking toplevel() on ptolemy.moml.MoMLSimpleApplication@6de3fa94
----------------- Done invoking toplevel() on ptolemy.moml.MoMLSimpleApplication@6de3fa94
reloadAllAccessors: .MovingAverage

===========================================================================================
----------------- testing Tue Apr 21 14:08:22 UTC 2020 /home/travis/build/icyphy/ptII/ptolemy/actor/lib/test/auto/MovingMaximum.xml
----------------- Instantiating /home/travis/build/icyphy/ptII/ptolemy/actor/lib/test/auto/MovingMaximum.xml
2 ms. Memory: 468992K Free: 405431K (86%)
----------------- Invoking toplevel() on ptolemy.moml.MoMLSimpleApplication@3465a561
----------------- Done invoking toplevel() on ptolemy.moml.MoMLSimpleApplication@3465a561
reloadAllAccessors: .MovingMaximum

===========================================================================================
----------------- testing Tue Apr 21 14:08:22 UTC 2020 /home/travis/build/icyphy/ptII/ptolemy/actor/lib/test/auto/MultipleLinksToSameRelation.xml
----------------- Instantiating /home/travis/build/icyphy/ptII/ptolemy/actor/lib/test/auto/MultipleLinksToSameRelation.xml
2 ms. Memory: 468992K Free: 401335K (86%)
----------------- Invoking toplevel() on ptolemy.moml.MoMLSimpleApplication@34b55778
----------------- Done invoking toplevel() on ptolemy.moml.MoMLSimpleApplication@34b55778
reloadAllAccessors: .MultipleLinksToSameRelation

===========================================================================================
----------------- testing Tue Apr 21 14:08:22 UTC 2020 /home/travis/build/icyphy/ptII/ptolemy/actor/lib/test/auto/MultipleLinksToSameRelationDE.xml
----------------- Instantiating /home/travis/build/icyphy/ptII/ptolemy/actor/lib/test/auto/MultipleLinksToSameRelationDE.xml
1 ms. Memory: 468992K Free: 396729K (85%)
----------------- Invoking toplevel() on ptolemy.moml.MoMLSimpleApplication@67b86020
----------------- Done invoking toplevel() on ptolemy.moml.MoMLSimpleApplication@67b86020
reloadAllAccessors: .MultipleLinksToSameRelationDE

===========================================================================================
----------------- testing Tue Apr 21 14:08:22 UTC 2020 /home/travis/build/icyphy/ptII/ptolemy/actor/lib/test/auto/Multiplexor.xml
----------------- Instantiating /home/travis/build/icyphy/ptII/ptolemy/actor/lib/test/auto/Multiplexor.xml
2 ms. Memory: 468992K Free: 391095K (83%)
----------------- Invoking toplevel() on ptolemy.moml.MoMLSimpleApplication@3c9315bf
----------------- Done invoking toplevel() on ptolemy.moml.MoMLSimpleApplication@3c9315bf
reloadAllAccessors: .Multiplexor

===========================================================================================
----------------- testing Tue Apr 21 14:08:22 UTC 2020 /home/travis/build/icyphy/ptII/ptolemy/actor/lib/test/auto/Multiplexor1.xml
----------------- Instantiating /home/travis/build/icyphy/ptII/ptolemy/actor/lib/test/auto/Multiplexor1.xml
1 ms. Memory: 468992K Free: 385465K (82%)
----------------- Invoking toplevel() on ptolemy.moml.MoMLSimpleApplication@68b794ee
----------------- Done invoking toplevel() on ptolemy.moml.MoMLSimpleApplication@68b794ee
reloadAllAccessors: .Multiplexor1

===========================================================================================
----------------- testing Tue Apr 21 14:08:22 UTC 2020 /home/travis/build/icyphy/ptII/ptolemy/actor/lib/test/auto/Multiplexor2.xml
----------------- Instantiating /home/travis/build/icyphy/ptII/ptolemy/actor/lib/test/auto/Multiplexor2.xml
2 ms. Memory: 468992K Free: 378807K (81%)
----------------- Invoking toplevel() on ptolemy.moml.MoMLSimpleApplication@3752d6c9
----------------- Done invoking toplevel() on ptolemy.moml.MoMLSimpleApplication@3752d6c9
reloadAllAccessors: .Multiplexor2

===========================================================================================
----------------- testing Tue Apr 21 14:08:22 UTC 2020 /home/travis/build/icyphy/ptII/ptolemy/actor/lib/test/auto/Multiplexor3.xml
----------------- Instantiating /home/travis/build/icyphy/ptII/ptolemy/actor/lib/test/auto/Multiplexor3.xml
1 ms. Memory: 468992K Free: 374711K (80%)
----------------- Invoking toplevel() on ptolemy.moml.MoMLSimpleApplication@61111431
----------------- Done invoking toplevel() on ptolemy.moml.MoMLSimpleApplication@61111431
reloadAllAccessors: .Multiplexor3

===========================================================================================
----------------- testing Tue Apr 21 14:08:22 UTC 2020 /home/travis/build/icyphy/ptII/ptolemy/actor/lib/test/auto/MultiplexorDE.xml
----------------- Instantiating /home/travis/build/icyphy/ptII/ptolemy/actor/lib/test/auto/MultiplexorDE.xml
2 ms. Memory: 468992K Free: 367033K (78%)
----------------- Invoking toplevel() on ptolemy.moml.MoMLSimpleApplication@138e6cd5
----------------- Done invoking toplevel() on ptolemy.moml.MoMLSimpleApplication@138e6cd5
reloadAllAccessors: .MultiplexorDE

===========================================================================================
----------------- testing Tue Apr 21 14:08:22 UTC 2020 /home/travis/build/icyphy/ptII/ptolemy/actor/lib/test/auto/MultiportBroadcastTest.xml
----------------- Instantiating /home/travis/build/icyphy/ptII/ptolemy/actor/lib/test/auto/MultiportBroadcastTest.xml
66 ms. Memory: 468992K Free: 360889K (77%)
----------------- Invoking toplevel() on ptolemy.moml.MoMLSimpleApplication@3bfd0904
----------------- Done invoking toplevel() on ptolemy.moml.MoMLSimpleApplication@3bfd0904
reloadAllAccessors: .MultiportBroadcastTest

===========================================================================================
----------------- testing Tue Apr 21 14:08:22 UTC 2020 /home/travis/build/icyphy/ptII/ptolemy/actor/lib/test/auto/MultiportOutHangDuringGetWidth.xml
----------------- Instantiating /home/travis/build/icyphy/ptII/ptolemy/actor/lib/test/auto/MultiportOutHangDuringGetWidth.xml
5 ms. Memory: 468992K Free: 348601K (74%)
----------------- Invoking toplevel() on ptolemy.moml.MoMLSimpleApplication@1fc34e12
----------------- Done invoking toplevel() on ptolemy.moml.MoMLSimpleApplication@1fc34e12
reloadAllAccessors: .MultiportOutHangDuringGetWidth

===========================================================================================
----------------- testing Tue Apr 21 14:08:22 UTC 2020 /home/travis/build/icyphy/ptII/ptolemy/actor/lib/test/auto/NilToken.xml
----------------- Instantiating /home/travis/build/icyphy/ptII/ptolemy/actor/lib/test/auto/NilToken.xml
1 ms. Memory: 468992K Free: 344505K (73%)
----------------- Invoking toplevel() on ptolemy.moml.MoMLSimpleApplication@66cd3e40
----------------- Done invoking toplevel() on ptolemy.moml.MoMLSimpleApplication@66cd3e40
reloadAllAccessors: .NilToken

===========================================================================================
----------------- testing Tue Apr 21 14:08:22 UTC 2020 /home/travis/build/icyphy/ptII/ptolemy/actor/lib/test/auto/NilTokenNonStrictTest.xml
----------------- Instantiating /home/travis/build/icyphy/ptII/ptolemy/actor/lib/test/auto/NilTokenNonStrictTest.xml
2 ms. Memory: 468992K Free: 339895K (72%)
----------------- Invoking toplevel() on ptolemy.moml.MoMLSimpleApplication@26e22414
----------------- Done invoking toplevel() on ptolemy.moml.MoMLSimpleApplication@26e22414
reloadAllAccessors: .NilTokenNonStrictTest

===========================================================================================
----------------- testing Tue Apr 21 14:08:22 UTC 2020 /home/travis/build/icyphy/ptII/ptolemy/actor/lib/test/auto/NilTokenRecord.xml
----------------- Instantiating /home/travis/build/icyphy/ptII/ptolemy/actor/lib/test/auto/NilTokenRecord.xml
10 ms. Memory: 468992K Free: 333241K (71%)
----------------- Invoking toplevel() on ptolemy.moml.MoMLSimpleApplication@16b2a53b
----------------- Done invoking toplevel() on ptolemy.moml.MoMLSimpleApplication@16b2a53b
reloadAllAccessors: .NilTokenRecord

===========================================================================================
----------------- testing Tue Apr 21 14:08:22 UTC 2020 /home/travis/build/icyphy/ptII/ptolemy/actor/lib/test/auto/NilTokenTypeTest.xml
----------------- Instantiating /home/travis/build/icyphy/ptII/ptolemy/actor/lib/test/auto/NilTokenTypeTest.xml
4 ms. Memory: 468992K Free: 323511K (69%)
----------------- Invoking toplevel() on ptolemy.moml.MoMLSimpleApplication@321cefaa
----------------- Done invoking toplevel() on ptolemy.moml.MoMLSimpleApplication@321cefaa
reloadAllAccessors: .NilTokenTypeTest

===========================================================================================
----------------- testing Tue Apr 21 14:08:22 UTC 2020 /home/travis/build/icyphy/ptII/ptolemy/actor/lib/test/auto/ObjectToken1.xml
----------------- Instantiating /home/travis/build/icyphy/ptII/ptolemy/actor/lib/test/auto/ObjectToken1.xml
2 ms. Memory: 468992K Free: 319415K (68%)
----------------- Invoking toplevel() on ptolemy.moml.MoMLSimpleApplication@498e8216
----------------- Done invoking toplevel() on ptolemy.moml.MoMLSimpleApplication@498e8216
reloadAllAccessors: .ObjectToken1

===========================================================================================
----------------- testing Tue Apr 21 14:08:22 UTC 2020 /home/travis/build/icyphy/ptII/ptolemy/actor/lib/test/auto/OrderedMerge.xml
----------------- Instantiating /home/travis/build/icyphy/ptII/ptolemy/actor/lib/test/auto/OrderedMerge.xml
7 ms. Memory: 468992K Free: 313785K (67%)
----------------- Invoking toplevel() on ptolemy.moml.MoMLSimpleApplication@450dee7d
----------------- Done invoking toplevel() on ptolemy.moml.MoMLSimpleApplication@450dee7d
reloadAllAccessors: .OrderedMerge

===========================================================================================
----------------- testing Tue Apr 21 14:08:22 UTC 2020 /home/travis/build/icyphy/ptII/ptolemy/actor/lib/test/auto/OrderedRecordDisassembler.xml
----------------- Instantiating /home/travis/build/icyphy/ptII/ptolemy/actor/lib/test/auto/OrderedRecordDisassembler.xml
5 ms. Memory: 468992K Free: 308665K (66%)
----------------- Invoking toplevel() on ptolemy.moml.MoMLSimpleApplication@18290e40
----------------- Done invoking toplevel() on ptolemy.moml.MoMLSimpleApplication@18290e40
reloadAllAccessors: .OrderedRecordDisassembler

===========================================================================================
----------------- testing Tue Apr 21 14:08:22 UTC 2020 /home/travis/build/icyphy/ptII/ptolemy/actor/lib/test/auto/OrderedRecordDisassembler2.xml
----------------- Instantiating /home/travis/build/icyphy/ptII/ptolemy/actor/lib/test/auto/OrderedRecordDisassembler2.xml
4 ms. Memory: 468992K Free: 300968K (64%)
----------------- Invoking toplevel() on ptolemy.moml.MoMLSimpleApplication@27ac0438
----------------- Done invoking toplevel() on ptolemy.moml.MoMLSimpleApplication@27ac0438
reloadAllAccessors: .OrderedRecordDisassembler2

===========================================================================================
----------------- testing Tue Apr 21 14:08:22 UTC 2020 /home/travis/build/icyphy/ptII/ptolemy/actor/lib/test/auto/OrderedRecordUpdater.xml
----------------- Instantiating /home/travis/build/icyphy/ptII/ptolemy/actor/lib/test/auto/OrderedRecordUpdater.xml
2 ms. Memory: 468992K Free: 295863K (63%)
----------------- Invoking toplevel() on ptolemy.moml.MoMLSimpleApplication@c633474
----------------- Done invoking toplevel() on ptolemy.moml.MoMLSimpleApplication@c633474
reloadAllAccessors: .RecordUpdater

===========================================================================================
----------------- testing Tue Apr 21 14:08:22 UTC 2020 /home/travis/build/icyphy/ptII/ptolemy/actor/lib/test/auto/OrderedRecordUpdater2.xml
----------------- Instantiating /home/travis/build/icyphy/ptII/ptolemy/actor/lib/test/auto/OrderedRecordUpdater2.xml
2 ms. Memory: 468992K Free: 290743K (62%)
----------------- Invoking toplevel() on ptolemy.moml.MoMLSimpleApplication@1b31bfa6
----------------- Done invoking toplevel() on ptolemy.moml.MoMLSimpleApplication@1b31bfa6
reloadAllAccessors: .RecordUpdater2

===========================================================================================
----------------- testing Tue Apr 21 14:08:22 UTC 2020 /home/travis/build/icyphy/ptII/ptolemy/actor/lib/test/auto/PhaseUnwrap.xml
----------------- Instantiating /home/travis/build/icyphy/ptII/ptolemy/actor/lib/test/auto/PhaseUnwrap.xml
2 ms. Memory: 468992K Free: 286137K (61%)
----------------- Invoking toplevel() on ptolemy.moml.MoMLSimpleApplication@4fca4eed
----------------- Done invoking toplevel() on ptolemy.moml.MoMLSimpleApplication@4fca4eed
reloadAllAccessors: .PhaseUnwrap

===========================================================================================
----------------- testing Tue Apr 21 14:08:22 UTC 2020 /home/travis/build/icyphy/ptII/ptolemy/actor/lib/test/auto/PoissonClock.xml
----------------- Instantiating /home/travis/build/icyphy/ptII/ptolemy/actor/lib/test/auto/PoissonClock.xml
2 ms. Memory: 468992K Free: 282041K (60%)
----------------- Invoking toplevel() on ptolemy.moml.MoMLSimpleApplication@463b2e2c
----------------- Done invoking toplevel() on ptolemy.moml.MoMLSimpleApplication@463b2e2c
reloadAllAccessors: .PoissonClock

===========================================================================================
----------------- testing Tue Apr 21 14:08:22 UTC 2020 /home/travis/build/icyphy/ptII/ptolemy/actor/lib/test/auto/PoissonClock2.xml
----------------- Instantiating /home/travis/build/icyphy/ptII/ptolemy/actor/lib/test/auto/PoissonClock2.xml
1 ms. Memory: 468992K Free: 277431K (59%)
----------------- Invoking toplevel() on ptolemy.moml.MoMLSimpleApplication@4f2e650e
----------------- Done invoking toplevel() on ptolemy.moml.MoMLSimpleApplication@4f2e650e
reloadAllAccessors: .PoissonClock2

===========================================================================================
----------------- testing Tue Apr 21 14:08:22 UTC 2020 /home/travis/build/icyphy/ptII/ptolemy/actor/lib/test/auto/PoissonClock3.xml
----------------- Instantiating /home/travis/build/icyphy/ptII/ptolemy/actor/lib/test/auto/PoissonClock3.xml
1 ms. Memory: 468992K Free: 272825K (58%)
----------------- Invoking toplevel() on ptolemy.moml.MoMLSimpleApplication@522638f5
----------------- Done invoking toplevel() on ptolemy.moml.MoMLSimpleApplication@522638f5
reloadAllAccessors: .PoissonClock3

===========================================================================================
----------------- testing Tue Apr 21 14:08:22 UTC 2020 /home/travis/build/icyphy/ptII/ptolemy/actor/lib/test/auto/PubSubWithInitialTokens.xml
----------------- Instantiating /home/travis/build/icyphy/ptII/ptolemy/actor/lib/test/auto/PubSubWithInitialTokens.xml
1 ms. Memory: 468992K Free: 267184K (57%)
----------------- Invoking toplevel() on ptolemy.moml.MoMLSimpleApplication@7d11a8e
----------------- Done invoking toplevel() on ptolemy.moml.MoMLSimpleApplication@7d11a8e
reloadAllAccessors: .PubSubWithInitialTokens

===========================================================================================
----------------- testing Tue Apr 21 14:08:22 UTC 2020 /home/travis/build/icyphy/ptII/ptolemy/actor/lib/test/auto/PubSubWithInitialTokens2.xml
----------------- Instantiating /home/travis/build/icyphy/ptII/ptolemy/actor/lib/test/auto/PubSubWithInitialTokens2.xml
2 ms. Memory: 468992K Free: 261040K (56%)
----------------- Invoking toplevel() on ptolemy.moml.MoMLSimpleApplication@629a7124
----------------- Done invoking toplevel() on ptolemy.moml.MoMLSimpleApplication@629a7124
reloadAllAccessors: .PubSubWithInitialTokens2

===========================================================================================
----------------- testing Tue Apr 21 14:08:22 UTC 2020 /home/travis/build/icyphy/ptII/ptolemy/actor/lib/test/auto/PublisherClassNoParameter.xml
----------------- Instantiating /home/travis/build/icyphy/ptII/ptolemy/actor/lib/test/auto/PublisherClassNoParameter.xml
2 ms. Memory: 468992K Free: 250792K (53%)
----------------- Invoking toplevel() on ptolemy.moml.MoMLSimpleApplication@44d656c
----------------- Done invoking toplevel() on ptolemy.moml.MoMLSimpleApplication@44d656c
reloadAllAccessors: .PublisherClassNoParameter

===========================================================================================
----------------- testing Tue Apr 21 14:08:22 UTC 2020 /home/travis/build/icyphy/ptII/ptolemy/actor/lib/test/auto/PublisherClassParameter.xml
----------------- Instantiating /home/travis/build/icyphy/ptII/ptolemy/actor/lib/test/auto/PublisherClassParameter.xml
2 ms. Memory: 468992K Free: 239543K (51%)
----------------- Invoking toplevel() on ptolemy.moml.MoMLSimpleApplication@1885eb27
----------------- Done invoking toplevel() on ptolemy.moml.MoMLSimpleApplication@1885eb27
reloadAllAccessors: .PublisherClassParameter

===========================================================================================
----------------- testing Tue Apr 21 14:08:22 UTC 2020 /home/travis/build/icyphy/ptII/ptolemy/actor/lib/test/auto/PublisherNonStrictTest.xml
----------------- Instantiating /home/travis/build/icyphy/ptII/ptolemy/actor/lib/test/auto/PublisherNonStrictTest.xml
3 ms. Memory: 468992K Free: 231865K (49%)
----------------- Invoking toplevel() on ptolemy.moml.MoMLSimpleApplication@7e29772f
----------------- Done invoking toplevel() on ptolemy.moml.MoMLSimpleApplication@7e29772f
reloadAllAccessors: .PublisherNonStrictTest

===========================================================================================
----------------- testing Tue Apr 21 14:08:22 UTC 2020 /home/travis/build/icyphy/ptII/ptolemy/actor/lib/test/auto/PublisherPort1.xml
----------------- Instantiating /home/travis/build/icyphy/ptII/ptolemy/actor/lib/test/auto/PublisherPort1.xml
2 ms. Memory: 468992K Free: 226216K (48%)
----------------- Invoking toplevel() on ptolemy.moml.MoMLSimpleApplication@3d06ed51
----------------- Done invoking toplevel() on ptolemy.moml.MoMLSimpleApplication@3d06ed51
reloadAllAccessors: .PublisherPort1

===========================================================================================
----------------- testing Tue Apr 21 14:08:22 UTC 2020 /home/travis/build/icyphy/ptII/ptolemy/actor/lib/test/auto/PublisherPort2.xml
----------------- Instantiating /home/travis/build/icyphy/ptII/ptolemy/actor/lib/test/auto/PublisherPort2.xml
1 ms. Memory: 468992K Free: 221111K (47%)
----------------- Invoking toplevel() on ptolemy.moml.MoMLSimpleApplication@393f3a60
----------------- Done invoking toplevel() on ptolemy.moml.MoMLSimpleApplication@393f3a60
reloadAllAccessors: .PublisherPort2

===========================================================================================
----------------- testing Tue Apr 21 14:08:22 UTC 2020 /home/travis/build/icyphy/ptII/ptolemy/actor/lib/test/auto/PublisherPort3.xml
----------------- Instantiating /home/travis/build/icyphy/ptII/ptolemy/actor/lib/test/auto/PublisherPort3.xml
12 ms. Memory: 468992K Free: 214457K (46%)
----------------- Invoking toplevel() on ptolemy.moml.MoMLSimpleApplication@79474598
----------------- Done invoking toplevel() on ptolemy.moml.MoMLSimpleApplication@79474598
reloadAllAccessors: .PublisherPort3

===========================================================================================
----------------- testing Tue Apr 21 14:08:22 UTC 2020 /home/travis/build/icyphy/ptII/ptolemy/actor/lib/test/auto/PublisherPort4.xml
----------------- Instantiating /home/travis/build/icyphy/ptII/ptolemy/actor/lib/test/auto/PublisherPort4.xml
1 ms. Memory: 468992K Free: 208816K (45%)
----------------- Invoking toplevel() on ptolemy.moml.MoMLSimpleApplication@49cad2bf
----------------- Done invoking toplevel() on ptolemy.moml.MoMLSimpleApplication@49cad2bf
reloadAllAccessors: .PublisherPort4

===========================================================================================
----------------- testing Tue Apr 21 14:08:22 UTC 2020 /home/travis/build/icyphy/ptII/ptolemy/actor/lib/test/auto/PublisherPort5.xml
----------------- Instantiating /home/travis/build/icyphy/ptII/ptolemy/actor/lib/test/auto/PublisherPort5.xml
3 ms. Memory: 468992K Free: 201145K (43%)
----------------- Invoking toplevel() on ptolemy.moml.MoMLSimpleApplication@d79e25
----------------- Done invoking toplevel() on ptolemy.moml.MoMLSimpleApplication@d79e25
reloadAllAccessors: .PublisherPort5

===========================================================================================
----------------- testing Tue Apr 21 14:08:23 UTC 2020 /home/travis/build/icyphy/ptII/ptolemy/actor/lib/test/auto/PublisherPort5LookAlike.xml
----------------- Instantiating /home/travis/build/icyphy/ptII/ptolemy/actor/lib/test/auto/PublisherPort5LookAlike.xml
7 ms. Memory: 468992K Free: 193463K (41%)
----------------- Invoking toplevel() on ptolemy.moml.MoMLSimpleApplication@707e36e7
----------------- Done invoking toplevel() on ptolemy.moml.MoMLSimpleApplication@707e36e7
reloadAllAccessors: .PublisherPort5LookAlike

===========================================================================================
----------------- testing Tue Apr 21 14:08:23 UTC 2020 /home/travis/build/icyphy/ptII/ptolemy/actor/lib/test/auto/PublisherPort6.xml
----------------- Instantiating /home/travis/build/icyphy/ptII/ptolemy/actor/lib/test/auto/PublisherPort6.xml
2 ms. Memory: 468992K Free: 186809K (40%)
----------------- Invoking toplevel() on ptolemy.moml.MoMLSimpleApplication@566820e1
----------------- Done invoking toplevel() on ptolemy.moml.MoMLSimpleApplication@566820e1
reloadAllAccessors: .PublisherPort6

===========================================================================================
----------------- testing Tue Apr 21 14:08:23 UTC 2020 /home/travis/build/icyphy/ptII/ptolemy/actor/lib/test/auto/PublisherPort7.xml
----------------- Instantiating /home/travis/build/icyphy/ptII/ptolemy/actor/lib/test/auto/PublisherPort7.xml
3 ms. Memory: 468992K Free: 179127K (38%)
----------------- Invoking toplevel() on ptolemy.moml.MoMLSimpleApplication@c80dbca
----------------- Done invoking toplevel() on ptolemy.moml.MoMLSimpleApplication@c80dbca
reloadAllAccessors: .PublisherPort7

===========================================================================================
----------------- testing Tue Apr 21 14:08:23 UTC 2020 /home/travis/build/icyphy/ptII/ptolemy/actor/lib/test/auto/PublisherPort8.xml
----------------- Instantiating /home/travis/build/icyphy/ptII/ptolemy/actor/lib/test/auto/PublisherPort8.xml
4 ms. Memory: 468992K Free: 170425K (36%)
----------------- Invoking toplevel() on ptolemy.moml.MoMLSimpleApplication@6419a0e2
----------------- Done invoking toplevel() on ptolemy.moml.MoMLSimpleApplication@6419a0e2
reloadAllAccessors: .PublisherPort8

===========================================================================================
----------------- testing Tue Apr 21 14:08:23 UTC 2020 /home/travis/build/icyphy/ptII/ptolemy/actor/lib/test/auto/PublisherPortSubscriberChannelVariablesAOC2.xml
----------------- Instantiating /home/travis/build/icyphy/ptII/ptolemy/actor/lib/test/auto/PublisherPortSubscriberChannelVariablesAOC2.xml
3 ms. Memory: 468992K Free: 152503K (33%)
----------------- Invoking toplevel() on ptolemy.moml.MoMLSimpleApplication@2e7aeb9c
----------------- Done invoking toplevel() on ptolemy.moml.MoMLSimpleApplication@2e7aeb9c
reloadAllAccessors: .PublisherPortSubscriberChannelVariablesAOC2

===========================================================================================
----------------- testing Tue Apr 21 14:08:23 UTC 2020 /home/travis/build/icyphy/ptII/ptolemy/actor/lib/test/auto/PublisherPortSubscriberOpaqueWidthInference.xml
----------------- Instantiating /home/travis/build/icyphy/ptII/ptolemy/actor/lib/test/auto/PublisherPortSubscriberOpaqueWidthInference.xml
3 ms. Memory: 468992K Free: 144825K (31%)
----------------- Invoking toplevel() on ptolemy.moml.MoMLSimpleApplication@77a69f32
----------------- Done invoking toplevel() on ptolemy.moml.MoMLSimpleApplication@77a69f32
reloadAllAccessors: .PublisherPortSubscriberOpaqueWidthInference

===========================================================================================
----------------- testing Tue Apr 21 14:08:23 UTC 2020 /home/travis/build/icyphy/ptII/ptolemy/actor/lib/test/auto/PublisherPortSubscriberPortAdjacent.xml
----------------- Instantiating /home/travis/build/icyphy/ptII/ptolemy/actor/lib/test/auto/PublisherPortSubscriberPortAdjacent.xml
2 ms. Memory: 468992K Free: 414374K (88%)
----------------- Invoking toplevel() on ptolemy.moml.MoMLSimpleApplication@d798ae5
----------------- Done invoking toplevel() on ptolemy.moml.MoMLSimpleApplication@d798ae5
reloadAllAccessors: .PublisherPortSubscriberPortAdjacent

===========================================================================================
----------------- testing Tue Apr 21 14:08:23 UTC 2020 /home/travis/build/icyphy/ptII/ptolemy/actor/lib/test/auto/PublisherPortSubscriberPortExpression.xml
----------------- Instantiating /home/travis/build/icyphy/ptII/ptolemy/actor/lib/test/auto/PublisherPortSubscriberPortExpression.xml
3 ms. Memory: 468992K Free: 406182K (87%)
----------------- Invoking toplevel() on ptolemy.moml.MoMLSimpleApplication@13168dbe
----------------- Done invoking toplevel() on ptolemy.moml.MoMLSimpleApplication@13168dbe
reloadAllAccessors: .PublisherPortSubscriberPortExpression

===========================================================================================
----------------- testing Tue Apr 21 14:08:23 UTC 2020 /home/travis/build/icyphy/ptII/ptolemy/actor/lib/test/auto/PublisherPortSubscriberPortOpaqueD3Reverse.xml
----------------- Instantiating /home/travis/build/icyphy/ptII/ptolemy/actor/lib/test/auto/PublisherPortSubscriberPortOpaqueD3Reverse.xml
6 ms. Memory: 468992K Free: 395956K (84%)
----------------- Invoking toplevel() on ptolemy.moml.MoMLSimpleApplication@67758ae5
----------------- Done invoking toplevel() on ptolemy.moml.MoMLSimpleApplication@67758ae5
reloadAllAccessors: .PublisherPortSubscriberPortOpaqueD3Reverse

===========================================================================================
----------------- testing Tue Apr 21 14:08:23 UTC 2020 /home/travis/build/icyphy/ptII/ptolemy/actor/lib/test/auto/PublisherPortSubscriberPortOpaqueWidthInference.xml
----------------- Instantiating /home/travis/build/icyphy/ptII/ptolemy/actor/lib/test/auto/PublisherPortSubscriberPortOpaqueWidthInference.xml
3 ms. Memory: 468992K Free: 388278K (83%)
----------------- Invoking toplevel() on ptolemy.moml.MoMLSimpleApplication@7e1fd3d5
----------------- Done invoking toplevel() on ptolemy.moml.MoMLSimpleApplication@7e1fd3d5
reloadAllAccessors: .PublisherPortSubscriberPortOpaqueWidthInference

===========================================================================================
----------------- testing Tue Apr 21 14:08:23 UTC 2020 /home/travis/build/icyphy/ptII/ptolemy/actor/lib/test/auto/PublisherPortToplevelSubscriberPortAOC.xml
----------------- Instantiating /home/travis/build/icyphy/ptII/ptolemy/actor/lib/test/auto/PublisherPortToplevelSubscriberPortAOC.xml
.PublisherPortToplevelSubscriberPortAOC.TestExceptionAttribute: initialize() was not invoked, but wrapup() was.  This is unusual, but not always a problem.  For example, exporting JNLP will do this.
1 ms. Memory: 468992K Free: 382134K (81%)
----------------- Invoking toplevel() on ptolemy.moml.MoMLSimpleApplication@2688f574
----------------- Done invoking toplevel() on ptolemy.moml.MoMLSimpleApplication@2688f574
reloadAllAccessors: .PublisherPortToplevelSubscriberPortAOC

===========================================================================================
----------------- testing Tue Apr 21 14:08:23 UTC 2020 /home/travis/build/icyphy/ptII/ptolemy/actor/lib/test/auto/PublisherSubscriber.xml
----------------- Instantiating /home/travis/build/icyphy/ptII/ptolemy/actor/lib/test/auto/PublisherSubscriber.xml
2 ms. Memory: 468992K Free: 374422K (80%)
----------------- Invoking toplevel() on ptolemy.moml.MoMLSimpleApplication@28865954
----------------- Done invoking toplevel() on ptolemy.moml.MoMLSimpleApplication@28865954
reloadAllAccessors: .PublisherSubscriber

===========================================================================================
----------------- testing Tue Apr 21 14:08:23 UTC 2020 /home/travis/build/icyphy/ptII/ptolemy/actor/lib/test/auto/PublisherSubscriber10.xml
----------------- Instantiating /home/travis/build/icyphy/ptII/ptolemy/actor/lib/test/auto/PublisherSubscriber10.xml
5 ms. Memory: 468992K Free: 364726K (78%)
----------------- Invoking toplevel() on ptolemy.moml.MoMLSimpleApplication@38ce2fc0
----------------- Done invoking toplevel() on ptolemy.moml.MoMLSimpleApplication@38ce2fc0
reloadAllAccessors: .PublisherSubscriber10

===========================================================================================
----------------- testing Tue Apr 21 14:08:23 UTC 2020 /home/travis/build/icyphy/ptII/ptolemy/actor/lib/test/auto/PublisherSubscriber10InitialOutputs.xml
----------------- Instantiating /home/travis/build/icyphy/ptII/ptolemy/actor/lib/test/auto/PublisherSubscriber10InitialOutputs.xml
14 ms. Memory: 468992K Free: 355510K (76%)
----------------- Invoking toplevel() on ptolemy.moml.MoMLSimpleApplication@75e85356
----------------- Done invoking toplevel() on ptolemy.moml.MoMLSimpleApplication@75e85356
reloadAllAccessors: .PublisherSubscriber10InitialOutputs

===========================================================================================
----------------- testing Tue Apr 21 14:08:23 UTC 2020 /home/travis/build/icyphy/ptII/ptolemy/actor/lib/test/auto/PublisherSubscriber11.xml
----------------- Instantiating /home/travis/build/icyphy/ptII/ptolemy/actor/lib/test/auto/PublisherSubscriber11.xml
3 ms. Memory: 468992K Free: 348822K (74%)
----------------- Invoking toplevel() on ptolemy.moml.MoMLSimpleApplication@2697f4ee
----------------- Done invoking toplevel() on ptolemy.moml.MoMLSimpleApplication@2697f4ee
reloadAllAccessors: .PublisherSubscriber11

===========================================================================================
----------------- testing Tue Apr 21 14:08:23 UTC 2020 /home/travis/build/icyphy/ptII/ptolemy/actor/lib/test/auto/PublisherSubscriber12.xml
----------------- Instantiating /home/travis/build/icyphy/ptII/ptolemy/actor/lib/test/auto/PublisherSubscriber12.xml
4 ms. Memory: 468992K Free: 341684K (73%)
----------------- Invoking toplevel() on ptolemy.moml.MoMLSimpleApplication@59edcd3c
----------------- Done invoking toplevel() on ptolemy.moml.MoMLSimpleApplication@59edcd3c
reloadAllAccessors: .PublisherSubscriber12

===========================================================================================
----------------- testing Tue Apr 21 14:08:23 UTC 2020 /home/travis/build/icyphy/ptII/ptolemy/actor/lib/test/auto/PublisherSubscriber13.xml
----------------- Instantiating /home/travis/build/icyphy/ptII/ptolemy/actor/lib/test/auto/PublisherSubscriber13.xml
2 ms. Memory: 468992K Free: 336054K (72%)
----------------- Invoking toplevel() on ptolemy.moml.MoMLSimpleApplication@13dcd780
----------------- Done invoking toplevel() on ptolemy.moml.MoMLSimpleApplication@13dcd780
reloadAllAccessors: .PublisherSubscriber13

===========================================================================================
----------------- testing Tue Apr 21 14:08:23 UTC 2020 /home/travis/build/icyphy/ptII/ptolemy/actor/lib/test/auto/PublisherSubscriber14.xml
----------------- Instantiating /home/travis/build/icyphy/ptII/ptolemy/actor/lib/test/auto/PublisherSubscriber14.xml
2 ms. Memory: 468992K Free: 327334K (70%)
----------------- Invoking toplevel() on ptolemy.moml.MoMLSimpleApplication@49cca45c
----------------- Done invoking toplevel() on ptolemy.moml.MoMLSimpleApplication@49cca45c
reloadAllAccessors: .PublisherSubscriber14

===========================================================================================
----------------- testing Tue Apr 21 14:08:23 UTC 2020 /home/travis/build/icyphy/ptII/ptolemy/actor/lib/test/auto/PublisherSubscriber2.xml
----------------- Instantiating /home/travis/build/icyphy/ptII/ptolemy/actor/lib/test/auto/PublisherSubscriber2.xml
2 ms. Memory: 468992K Free: 321718K (69%)
----------------- Invoking toplevel() on ptolemy.moml.MoMLSimpleApplication@ffcbe56
----------------- Done invoking toplevel() on ptolemy.moml.MoMLSimpleApplication@ffcbe56
reloadAllAccessors: .PublisherSubscriber2

===========================================================================================
----------------- testing Tue Apr 21 14:08:23 UTC 2020 /home/travis/build/icyphy/ptII/ptolemy/actor/lib/test/auto/PublisherSubscriber3.xml
----------------- Instantiating /home/travis/build/icyphy/ptII/ptolemy/actor/lib/test/auto/PublisherSubscriber3.xml
2 ms. Memory: 468992K Free: 316054K (67%)
----------------- Invoking toplevel() on ptolemy.moml.MoMLSimpleApplication@588042ff
----------------- Done invoking toplevel() on ptolemy.moml.MoMLSimpleApplication@588042ff
reloadAllAccessors: .PublisherSubscriber3

===========================================================================================
----------------- testing Tue Apr 21 14:08:23 UTC 2020 /home/travis/build/icyphy/ptII/ptolemy/actor/lib/test/auto/PublisherSubscriber4.xml
----------------- Instantiating /home/travis/build/icyphy/ptII/ptolemy/actor/lib/test/auto/PublisherSubscriber4.xml
1 ms. Memory: 468992K Free: 309910K (66%)
----------------- Invoking toplevel() on ptolemy.moml.MoMLSimpleApplication@55189b68
----------------- Done invoking toplevel() on ptolemy.moml.MoMLSimpleApplication@55189b68
reloadAllAccessors: .PublisherSubscriber4

===========================================================================================
----------------- testing Tue Apr 21 14:08:23 UTC 2020 /home/travis/build/icyphy/ptII/ptolemy/actor/lib/test/auto/PublisherSubscriber5.xml
----------------- Instantiating /home/travis/build/icyphy/ptII/ptolemy/actor/lib/test/auto/PublisherSubscriber5.xml
2 ms. Memory: 468992K Free: 303286K (65%)
----------------- Invoking toplevel() on ptolemy.moml.MoMLSimpleApplication@44dcd6dc
----------------- Done invoking toplevel() on ptolemy.moml.MoMLSimpleApplication@44dcd6dc
reloadAllAccessors: .PublisherSubscriber5

===========================================================================================
----------------- testing Tue Apr 21 14:08:23 UTC 2020 /home/travis/build/icyphy/ptII/ptolemy/actor/lib/test/auto/PublisherSubscriber6.xml
----------------- Instantiating /home/travis/build/icyphy/ptII/ptolemy/actor/lib/test/auto/PublisherSubscriber6.xml
3 ms. Memory: 468992K Free: 296628K (63%)
----------------- Invoking toplevel() on ptolemy.moml.MoMLSimpleApplication@33949e1d
----------------- Done invoking toplevel() on ptolemy.moml.MoMLSimpleApplication@33949e1d
reloadAllAccessors: .PublisherSubscriber6

===========================================================================================
----------------- testing Tue Apr 21 14:08:23 UTC 2020 /home/travis/build/icyphy/ptII/ptolemy/actor/lib/test/auto/PublisherSubscriber7.xml
----------------- Instantiating /home/travis/build/icyphy/ptII/ptolemy/actor/lib/test/auto/PublisherSubscriber7.xml
6 ms. Memory: 468992K Free: 289974K (62%)
----------------- Invoking toplevel() on ptolemy.moml.MoMLSimpleApplication@3ee32da6
----------------- Done invoking toplevel() on ptolemy.moml.MoMLSimpleApplication@3ee32da6
reloadAllAccessors: .PublisherSubscriber7

===========================================================================================
----------------- testing Tue Apr 21 14:08:23 UTC 2020 /home/travis/build/icyphy/ptII/ptolemy/actor/lib/test/auto/PublisherSubscriber8.xml
----------------- Instantiating /home/travis/build/icyphy/ptII/ptolemy/actor/lib/test/auto/PublisherSubscriber8.xml
17 ms. Memory: 468992K Free: 278196K (59%)
----------------- Invoking toplevel() on ptolemy.moml.MoMLSimpleApplication@7ef43667
----------------- Done invoking toplevel() on ptolemy.moml.MoMLSimpleApplication@7ef43667
reloadAllAccessors: .PublisherSubscriber8

===========================================================================================
----------------- testing Tue Apr 21 14:08:23 UTC 2020 /home/travis/build/icyphy/ptII/ptolemy/actor/lib/test/auto/PublisherSubscriber9.xml
----------------- Instantiating /home/travis/build/icyphy/ptII/ptolemy/actor/lib/test/auto/PublisherSubscriber9.xml
2 ms. Memory: 468992K Free: 271028K (58%)
----------------- Invoking toplevel() on ptolemy.moml.MoMLSimpleApplication@3b7f4ba1
----------------- Done invoking toplevel() on ptolemy.moml.MoMLSimpleApplication@3b7f4ba1
reloadAllAccessors: .PublisherSubscriber9

===========================================================================================
----------------- testing Tue Apr 21 14:08:23 UTC 2020 /home/travis/build/icyphy/ptII/ptolemy/actor/lib/test/auto/PublisherSubscriberAdjacent.xml
----------------- Instantiating /home/travis/build/icyphy/ptII/ptolemy/actor/lib/test/auto/PublisherSubscriberAdjacent.xml
2 ms. Memory: 468992K Free: 261812K (56%)
----------------- Invoking toplevel() on ptolemy.moml.MoMLSimpleApplication@7eaefefb
----------------- Done invoking toplevel() on ptolemy.moml.MoMLSimpleApplication@7eaefefb
reloadAllAccessors: .PublisherSubscriberAdjacent

===========================================================================================
----------------- testing Tue Apr 21 14:08:23 UTC 2020 /home/travis/build/icyphy/ptII/ptolemy/actor/lib/test/auto/PublisherSubscriberChannelVariablesAOC2.xml
----------------- Instantiating /home/travis/build/icyphy/ptII/ptolemy/actor/lib/test/auto/PublisherSubscriberChannelVariablesAOC2.xml
2 ms. Memory: 468992K Free: 246966K (53%)
----------------- Invoking toplevel() on ptolemy.moml.MoMLSimpleApplication@21a8c20
----------------- Done invoking toplevel() on ptolemy.moml.MoMLSimpleApplication@21a8c20
reloadAllAccessors: .PublisherSubscriberChannelVariablesAOC2

===========================================================================================
----------------- testing Tue Apr 21 14:08:23 UTC 2020 /home/travis/build/icyphy/ptII/ptolemy/actor/lib/test/auto/PublisherSubscriberD3.xml
----------------- Instantiating /home/travis/build/icyphy/ptII/ptolemy/actor/lib/test/auto/PublisherSubscriberD3.xml
2 ms. Memory: 468992K Free: 239798K (51%)
----------------- Invoking toplevel() on ptolemy.moml.MoMLSimpleApplication@44e31a33
----------------- Done invoking toplevel() on ptolemy.moml.MoMLSimpleApplication@44e31a33
reloadAllAccessors: .PublisherSubscriberD3

===========================================================================================
----------------- testing Tue Apr 21 14:08:23 UTC 2020 /home/travis/build/icyphy/ptII/ptolemy/actor/lib/test/auto/PublisherSubscriberD3Reverse.xml
----------------- Instantiating /home/travis/build/icyphy/ptII/ptolemy/actor/lib/test/auto/PublisherSubscriberD3Reverse.xml
2 ms. Memory: 468992K Free: 233654K (50%)
----------------- Invoking toplevel() on ptolemy.moml.MoMLSimpleApplication@3bd74f0d
----------------- Done invoking toplevel() on ptolemy.moml.MoMLSimpleApplication@3bd74f0d
reloadAllAccessors: .PublisherSubscriberD3Reverse

===========================================================================================
----------------- testing Tue Apr 21 14:08:23 UTC 2020 /home/travis/build/icyphy/ptII/ptolemy/actor/lib/test/auto/PublisherSubscriberExpression.xml
----------------- Instantiating /home/travis/build/icyphy/ptII/ptolemy/actor/lib/test/auto/PublisherSubscriberExpression.xml
4 ms. Memory: 468992K Free: 224918K (48%)
----------------- Invoking toplevel() on ptolemy.moml.MoMLSimpleApplication@1a46f4b2
----------------- Done invoking toplevel() on ptolemy.moml.MoMLSimpleApplication@1a46f4b2
reloadAllAccessors: .PublisherSubscriberExpression

===========================================================================================
----------------- testing Tue Apr 21 14:08:23 UTC 2020 /home/travis/build/icyphy/ptII/ptolemy/actor/lib/test/auto/PublisherSubscriberOpaque.xml
----------------- Instantiating /home/travis/build/icyphy/ptII/ptolemy/actor/lib/test/auto/PublisherSubscriberOpaque.xml
3 ms. Memory: 468992K Free: 216756K (46%)
----------------- Invoking toplevel() on ptolemy.moml.MoMLSimpleApplication@64dd0459
----------------- Done invoking toplevel() on ptolemy.moml.MoMLSimpleApplication@64dd0459
reloadAllAccessors: .PublisherSubscriberOpaque

===========================================================================================
----------------- testing Tue Apr 21 14:08:23 UTC 2020 /home/travis/build/icyphy/ptII/ptolemy/actor/lib/test/auto/PublisherSubscriberOpaqueD3.xml
----------------- Instantiating /home/travis/build/icyphy/ptII/ptolemy/actor/lib/test/auto/PublisherSubscriberOpaqueD3.xml
4 ms. Memory: 468992K Free: 204982K (44%)
----------------- Invoking toplevel() on ptolemy.moml.MoMLSimpleApplication@2ad2016d
----------------- Done invoking toplevel() on ptolemy.moml.MoMLSimpleApplication@2ad2016d
reloadAllAccessors: .PublisherSubscriberOpaqueD3

===========================================================================================
----------------- testing Tue Apr 21 14:08:23 UTC 2020 /home/travis/build/icyphy/ptII/ptolemy/actor/lib/test/auto/PublisherSubscriberOpaqueD3Reverse.xml
----------------- Instantiating /home/travis/build/icyphy/ptII/ptolemy/actor/lib/test/auto/PublisherSubscriberOpaqueD3Reverse.xml
6 ms. Memory: 468992K Free: 194228K (41%)
----------------- Invoking toplevel() on ptolemy.moml.MoMLSimpleApplication@6648a2f1
----------------- Done invoking toplevel() on ptolemy.moml.MoMLSimpleApplication@6648a2f1
reloadAllAccessors: .PublisherSubscriberOpaqueD3Reverse

===========================================================================================
----------------- testing Tue Apr 21 14:08:23 UTC 2020 /home/travis/build/icyphy/ptII/ptolemy/actor/lib/test/auto/PublisherSubscriberOpaqueWidthInference.xml
----------------- Instantiating /home/travis/build/icyphy/ptII/ptolemy/actor/lib/test/auto/PublisherSubscriberOpaqueWidthInference.xml
4 ms. Memory: 468992K Free: 186022K (40%)
----------------- Invoking toplevel() on ptolemy.moml.MoMLSimpleApplication@7b4efe92
----------------- Done invoking toplevel() on ptolemy.moml.MoMLSimpleApplication@7b4efe92
reloadAllAccessors: .PublisherSubscriberOpaqueWidthInference

===========================================================================================
----------------- testing Tue Apr 21 14:08:23 UTC 2020 /home/travis/build/icyphy/ptII/ptolemy/actor/lib/test/auto/PublisherTestSubscriber.xml
----------------- Instantiating /home/travis/build/icyphy/ptII/ptolemy/actor/lib/test/auto/PublisherTestSubscriber.xml
3 ms. Memory: 468992K Free: 178358K (38%)
----------------- Invoking toplevel() on ptolemy.moml.MoMLSimpleApplication@3c5af34
----------------- Done invoking toplevel() on ptolemy.moml.MoMLSimpleApplication@3c5af34
reloadAllAccessors: .PublisherTestSubscriber

===========================================================================================
----------------- testing Tue Apr 21 14:08:23 UTC 2020 /home/travis/build/icyphy/ptII/ptolemy/actor/lib/test/auto/PublisherToplevelSubscriberPortAOC.xml
----------------- Instantiating /home/travis/build/icyphy/ptII/ptolemy/actor/lib/test/auto/PublisherToplevelSubscriberPortAOC.xml
1 ms. Memory: 468992K Free: 172214K (37%)
----------------- Invoking toplevel() on ptolemy.moml.MoMLSimpleApplication@1b67e498
----------------- Done invoking toplevel() on ptolemy.moml.MoMLSimpleApplication@1b67e498
reloadAllAccessors: .PublisherToplevelSubscriberPortAOC

===========================================================================================
----------------- testing Tue Apr 21 14:08:23 UTC 2020 /home/travis/build/icyphy/ptII/ptolemy/actor/lib/test/auto/PulseFiringLimitDE.xml
----------------- Instantiating /home/travis/build/icyphy/ptII/ptolemy/actor/lib/test/auto/PulseFiringLimitDE.xml
1 ms. Memory: 468992K Free: 165556K (35%)
----------------- Invoking toplevel() on ptolemy.moml.MoMLSimpleApplication@4eec0b5c
----------------- Done invoking toplevel() on ptolemy.moml.MoMLSimpleApplication@4eec0b5c
reloadAllAccessors: .PulseFiringLimitDE

===========================================================================================
----------------- testing Tue Apr 21 14:08:23 UTC 2020 /home/travis/build/icyphy/ptII/ptolemy/actor/lib/test/auto/Ramp1.xml
----------------- Instantiating /home/travis/build/icyphy/ptII/ptolemy/actor/lib/test/auto/Ramp1.xml
1 ms. Memory: 468992K Free: 161454K (34%)
----------------- Invoking toplevel() on ptolemy.moml.MoMLSimpleApplication@4c264d48
----------------- Done invoking toplevel() on ptolemy.moml.MoMLSimpleApplication@4c264d48
reloadAllAccessors: .Ramp1

===========================================================================================
----------------- testing Tue Apr 21 14:08:23 UTC 2020 /home/travis/build/icyphy/ptII/ptolemy/actor/lib/test/auto/RampFiringLimitDE.xml
----------------- Instantiating /home/travis/build/icyphy/ptII/ptolemy/actor/lib/test/auto/RampFiringLimitDE.xml
2 ms. Memory: 468992K Free: 155302K (33%)
----------------- Invoking toplevel() on ptolemy.moml.MoMLSimpleApplication@26f34eab
----------------- Done invoking toplevel() on ptolemy.moml.MoMLSimpleApplication@26f34eab
reloadAllAccessors: .RampFiringLimitDE

===========================================================================================
----------------- testing Tue Apr 21 14:08:23 UTC 2020 /home/travis/build/icyphy/ptII/ptolemy/actor/lib/test/auto/RampFiringLimitSDF.xml
----------------- Instantiating /home/travis/build/icyphy/ptII/ptolemy/actor/lib/test/auto/RampFiringLimitSDF.xml
2 ms. Memory: 468992K Free: 150166K (32%)
----------------- Invoking toplevel() on ptolemy.moml.MoMLSimpleApplication@2860e282
----------------- Done invoking toplevel() on ptolemy.moml.MoMLSimpleApplication@2860e282
reloadAllAccessors: .RampFiringLimitSDF

===========================================================================================
----------------- testing Tue Apr 21 14:08:23 UTC 2020 /home/travis/build/icyphy/ptII/ptolemy/actor/lib/test/auto/RandomInteger.xml
----------------- Instantiating /home/travis/build/icyphy/ptII/ptolemy/actor/lib/test/auto/RandomInteger.xml
1 ms. Memory: 468992K Free: 145590K (31%)
----------------- Invoking toplevel() on ptolemy.moml.MoMLSimpleApplication@131234d0
----------------- Done invoking toplevel() on ptolemy.moml.MoMLSimpleApplication@131234d0
reloadAllAccessors: .RandomInteger

===========================================================================================
----------------- testing Tue Apr 21 14:08:23 UTC 2020 /home/travis/build/icyphy/ptII/ptolemy/actor/lib/test/auto/ReadFile1.xml
----------------- Instantiating /home/travis/build/icyphy/ptII/ptolemy/actor/lib/test/auto/ReadFile1.xml
1 ms. Memory: 468992K Free: 417960K (89%)
----------------- Invoking toplevel() on ptolemy.moml.MoMLSimpleApplication@482a526
----------------- Done invoking toplevel() on ptolemy.moml.MoMLSimpleApplication@482a526
reloadAllAccessors: .ReadFile1

===========================================================================================
----------------- testing Tue Apr 21 14:08:23 UTC 2020 /home/travis/build/icyphy/ptII/ptolemy/actor/lib/test/auto/ReadFile2.xml
----------------- Instantiating /home/travis/build/icyphy/ptII/ptolemy/actor/lib/test/auto/ReadFile2.xml
0 ms. Memory: 468992K Free: 413350K (88%)
----------------- Invoking toplevel() on ptolemy.moml.MoMLSimpleApplication@799d3c82
----------------- Done invoking toplevel() on ptolemy.moml.MoMLSimpleApplication@799d3c82
reloadAllAccessors: .ReadFile2

===========================================================================================
----------------- testing Tue Apr 21 14:08:23 UTC 2020 /home/travis/build/icyphy/ptII/ptolemy/actor/lib/test/auto/Reader.xml
----------------- Instantiating /home/travis/build/icyphy/ptII/ptolemy/actor/lib/test/auto/Reader.xml
actor.lib.Reader is obsolete, use actor.lib.io.ExpressionReader instead
3 ms. Memory: 468992K Free: 409254K (87%)
----------------- Invoking toplevel() on ptolemy.moml.MoMLSimpleApplication@6ff4f858
----------------- Done invoking toplevel() on ptolemy.moml.MoMLSimpleApplication@6ff4f858
reloadAllAccessors: .Reader

===========================================================================================
----------------- testing Tue Apr 21 14:08:23 UTC 2020 /home/travis/build/icyphy/ptII/ptolemy/actor/lib/test/auto/RecordAssemblerDisplayNameTest.xml
----------------- Instantiating /home/travis/build/icyphy/ptII/ptolemy/actor/lib/test/auto/RecordAssemblerDisplayNameTest.xml
4343 ms. Memory: 468992K Free: 275633K (59%)
----------------- Invoking toplevel() on ptolemy.moml.MoMLSimpleApplication@6a2c26e
----------------- Done invoking toplevel() on ptolemy.moml.MoMLSimpleApplication@6a2c26e
reloadAllAccessors: .RecordAssemblerDisplayNameTest

===========================================================================================
----------------- testing Tue Apr 21 14:08:28 UTC 2020 /home/travis/build/icyphy/ptII/ptolemy/actor/lib/test/auto/RecordAssemblerTypeError.xml
----------------- Instantiating /home/travis/build/icyphy/ptII/ptolemy/actor/lib/test/auto/RecordAssemblerTypeError.xml
9 ms. Memory: 468992K Free: 265903K (57%)
----------------- Invoking toplevel() on ptolemy.moml.MoMLSimpleApplication@646564e7
----------------- Done invoking toplevel() on ptolemy.moml.MoMLSimpleApplication@646564e7
reloadAllAccessors: .RecordAssemblerTypeError

===========================================================================================
----------------- testing Tue Apr 21 14:08:28 UTC 2020 /home/travis/build/icyphy/ptII/ptolemy/actor/lib/test/auto/RecordDisassember.xml
----------------- Instantiating /home/travis/build/icyphy/ptII/ptolemy/actor/lib/test/auto/RecordDisassember.xml
3 ms. Memory: 468992K Free: 261297K (56%)
----------------- Invoking toplevel() on ptolemy.moml.MoMLSimpleApplication@78f80aae
----------------- Done invoking toplevel() on ptolemy.moml.MoMLSimpleApplication@78f80aae
reloadAllAccessors: .RecordDisassember

===========================================================================================
----------------- testing Tue Apr 21 14:08:28 UTC 2020 /home/travis/build/icyphy/ptII/ptolemy/actor/lib/test/auto/RecordDisassemberDisplayNameTest.xml
----------------- Instantiating /home/travis/build/icyphy/ptII/ptolemy/actor/lib/test/auto/RecordDisassemberDisplayNameTest.xml
5 ms. Memory: 468992K Free: 253105K (54%)
----------------- Invoking toplevel() on ptolemy.moml.MoMLSimpleApplication@3b45d171
----------------- Done invoking toplevel() on ptolemy.moml.MoMLSimpleApplication@3b45d171
reloadAllAccessors: .RecordDisassemberDisplayNameTest

===========================================================================================
----------------- testing Tue Apr 21 14:08:28 UTC 2020 /home/travis/build/icyphy/ptII/ptolemy/actor/lib/test/auto/RecordDisassembler.xml
----------------- Instantiating /home/travis/build/icyphy/ptII/ptolemy/actor/lib/test/auto/RecordDisassembler.xml
2 ms. Memory: 468992K Free: 247985K (53%)
----------------- Invoking toplevel() on ptolemy.moml.MoMLSimpleApplication@580fbbc2
----------------- Done invoking toplevel() on ptolemy.moml.MoMLSimpleApplication@580fbbc2
reloadAllAccessors: .RecordDisassembler

===========================================================================================
----------------- testing Tue Apr 21 14:08:28 UTC 2020 /home/travis/build/icyphy/ptII/ptolemy/actor/lib/test/auto/RecordDisassembler2.xml
----------------- Instantiating /home/travis/build/icyphy/ptII/ptolemy/actor/lib/test/auto/RecordDisassembler2.xml
2 ms. Memory: 468992K Free: 242865K (52%)
----------------- Invoking toplevel() on ptolemy.moml.MoMLSimpleApplication@6544b4c1
----------------- Done invoking toplevel() on ptolemy.moml.MoMLSimpleApplication@6544b4c1
reloadAllAccessors: .RecordDisassembler2

===========================================================================================
----------------- testing Tue Apr 21 14:08:28 UTC 2020 /home/travis/build/icyphy/ptII/ptolemy/actor/lib/test/auto/RecordUpdater.xml
----------------- Instantiating /home/travis/build/icyphy/ptII/ptolemy/actor/lib/test/auto/RecordUpdater.xml
2 ms. Memory: 468992K Free: 238255K (51%)
----------------- Invoking toplevel() on ptolemy.moml.MoMLSimpleApplication@649a7c49
----------------- Done invoking toplevel() on ptolemy.moml.MoMLSimpleApplication@649a7c49
reloadAllAccessors: .RecordUpdater

===========================================================================================
----------------- testing Tue Apr 21 14:08:28 UTC 2020 /home/travis/build/icyphy/ptII/ptolemy/actor/lib/test/auto/RecordUpdater2.xml
----------------- Instantiating /home/travis/build/icyphy/ptII/ptolemy/actor/lib/test/auto/RecordUpdater2.xml
2 ms. Memory: 468992K Free: 232625K (50%)
----------------- Invoking toplevel() on ptolemy.moml.MoMLSimpleApplication@46b4d38
----------------- Done invoking toplevel() on ptolemy.moml.MoMLSimpleApplication@46b4d38
reloadAllAccessors: .RecordUpdater2

===========================================================================================
----------------- testing Tue Apr 21 14:08:28 UTC 2020 /home/travis/build/icyphy/ptII/ptolemy/actor/lib/test/auto/RecursiveLattice.xml
----------------- Instantiating /home/travis/build/icyphy/ptII/ptolemy/actor/lib/test/auto/RecursiveLattice.xml
1 ms. Memory: 468992K Free: 228529K (49%)
----------------- Invoking toplevel() on ptolemy.moml.MoMLSimpleApplication@6b2dc522
----------------- Done invoking toplevel() on ptolemy.moml.MoMLSimpleApplication@6b2dc522
reloadAllAccessors: .RecursiveLattice

===========================================================================================
----------------- testing Tue Apr 21 14:08:28 UTC 2020 /home/travis/build/icyphy/ptII/ptolemy/actor/lib/test/auto/Router.xml
----------------- Instantiating /home/travis/build/icyphy/ptII/ptolemy/actor/lib/test/auto/Router.xml
3003 ms. Memory: 468992K Free: 218289K (47%)
----------------- Invoking toplevel() on ptolemy.moml.MoMLSimpleApplication@45dedfcd
----------------- Done invoking toplevel() on ptolemy.moml.MoMLSimpleApplication@45dedfcd
reloadAllAccessors: .Router

===========================================================================================
----------------- testing Tue Apr 21 14:08:31 UTC 2020 /home/travis/build/icyphy/ptII/ptolemy/actor/lib/test/auto/Router2.xml
----------------- Instantiating /home/travis/build/icyphy/ptII/ptolemy/actor/lib/test/auto/Router2.xml
3004 ms. Memory: 468992K Free: 207535K (44%)
----------------- Invoking toplevel() on ptolemy.moml.MoMLSimpleApplication@2ed3f82d
----------------- Done invoking toplevel() on ptolemy.moml.MoMLSimpleApplication@2ed3f82d
reloadAllAccessors: .Router2

===========================================================================================
----------------- testing Tue Apr 21 14:08:34 UTC 2020 /home/travis/build/icyphy/ptII/ptolemy/actor/lib/test/auto/RunningMaximum.xml
----------------- Instantiating /home/travis/build/icyphy/ptII/ptolemy/actor/lib/test/auto/RunningMaximum.xml
1 ms. Memory: 468992K Free: 202415K (43%)
----------------- Invoking toplevel() on ptolemy.moml.MoMLSimpleApplication@8a2bd5c
----------------- Done invoking toplevel() on ptolemy.moml.MoMLSimpleApplication@8a2bd5c
reloadAllAccessors: .RunningMaximum

===========================================================================================
----------------- testing Tue Apr 21 14:08:34 UTC 2020 /home/travis/build/icyphy/ptII/ptolemy/actor/lib/test/auto/RunningMinimum.xml
----------------- Instantiating /home/travis/build/icyphy/ptII/ptolemy/actor/lib/test/auto/RunningMinimum.xml
7 ms. Memory: 468992K Free: 197809K (42%)
----------------- Invoking toplevel() on ptolemy.moml.MoMLSimpleApplication@5eae99f0
----------------- Done invoking toplevel() on ptolemy.moml.MoMLSimpleApplication@5eae99f0
reloadAllAccessors: .RunningMinimum

===========================================================================================
----------------- testing Tue Apr 21 14:08:34 UTC 2020 /home/travis/build/icyphy/ptII/ptolemy/actor/lib/test/auto/Scale.xml
----------------- Instantiating /home/travis/build/icyphy/ptII/ptolemy/actor/lib/test/auto/Scale.xml
1 ms. Memory: 468992K Free: 193199K (41%)
----------------- Invoking toplevel() on ptolemy.moml.MoMLSimpleApplication@25870c2c
----------------- Done invoking toplevel() on ptolemy.moml.MoMLSimpleApplication@25870c2c
reloadAllAccessors: .Scale

===========================================================================================
----------------- testing Tue Apr 21 14:08:34 UTC 2020 /home/travis/build/icyphy/ptII/ptolemy/actor/lib/test/auto/Scale2.xml
----------------- Instantiating /home/travis/build/icyphy/ptII/ptolemy/actor/lib/test/auto/Scale2.xml
1 ms. Memory: 468992K Free: 188593K (40%)
----------------- Invoking toplevel() on ptolemy.moml.MoMLSimpleApplication@25ff951
----------------- Done invoking toplevel() on ptolemy.moml.MoMLSimpleApplication@25ff951
reloadAllAccessors: .Scale2

===========================================================================================
----------------- testing Tue Apr 21 14:08:34 UTC 2020 /home/travis/build/icyphy/ptII/ptolemy/actor/lib/test/auto/Scale3.xml
----------------- Instantiating /home/travis/build/icyphy/ptII/ptolemy/actor/lib/test/auto/Scale3.xml
3 ms. Memory: 468992K Free: 181425K (39%)
----------------- Invoking toplevel() on ptolemy.moml.MoMLSimpleApplication@79a0f531
----------------- Done invoking toplevel() on ptolemy.moml.MoMLSimpleApplication@79a0f531
reloadAllAccessors: .Scale3

===========================================================================================
----------------- testing Tue Apr 21 14:08:34 UTC 2020 /home/travis/build/icyphy/ptII/ptolemy/actor/lib/test/auto/ScaleArray.xml
----------------- Instantiating /home/travis/build/icyphy/ptII/ptolemy/actor/lib/test/auto/ScaleArray.xml
2 ms. Memory: 468992K Free: 176815K (38%)
----------------- Invoking toplevel() on ptolemy.moml.MoMLSimpleApplication@7c769fa3
----------------- Done invoking toplevel() on ptolemy.moml.MoMLSimpleApplication@7c769fa3
reloadAllAccessors: .ScaleArray

===========================================================================================
----------------- testing Tue Apr 21 14:08:34 UTC 2020 /home/travis/build/icyphy/ptII/ptolemy/actor/lib/test/auto/ScaleArray2.xml
----------------- Instantiating /home/travis/build/icyphy/ptII/ptolemy/actor/lib/test/auto/ScaleArray2.xml
1 ms. Memory: 468992K Free: 172209K (37%)
----------------- Invoking toplevel() on ptolemy.moml.MoMLSimpleApplication@63065bd7
----------------- Done invoking toplevel() on ptolemy.moml.MoMLSimpleApplication@63065bd7
reloadAllAccessors: .ScaleArray2

===========================================================================================
----------------- testing Tue Apr 21 14:08:34 UTC 2020 /home/travis/build/icyphy/ptII/ptolemy/actor/lib/test/auto/ScaleMatrix.xml
----------------- Instantiating /home/travis/build/icyphy/ptII/ptolemy/actor/lib/test/auto/ScaleMatrix.xml
193 ms. Memory: 468992K Free: 156849K (33%)
----------------- Invoking toplevel() on ptolemy.moml.MoMLSimpleApplication@58db34ef
----------------- Done invoking toplevel() on ptolemy.moml.MoMLSimpleApplication@58db34ef
reloadAllAccessors: .ScaleMatrix

===========================================================================================
----------------- testing Tue Apr 21 14:08:34 UTC 2020 /home/travis/build/icyphy/ptII/ptolemy/actor/lib/test/auto/Select.xml
----------------- Instantiating /home/travis/build/icyphy/ptII/ptolemy/actor/lib/test/auto/Select.xml
2 ms. Memory: 468992K Free: 150161K (32%)
----------------- Invoking toplevel() on ptolemy.moml.MoMLSimpleApplication@348e5280
----------------- Done invoking toplevel() on ptolemy.moml.MoMLSimpleApplication@348e5280
reloadAllAccessors: .Select

===========================================================================================
----------------- testing Tue Apr 21 14:08:34 UTC 2020 /home/travis/build/icyphy/ptII/ptolemy/actor/lib/test/auto/Select2.xml
----------------- Instantiating /home/travis/build/icyphy/ptII/ptolemy/actor/lib/test/auto/Select2.xml
1 ms. Memory: 468992K Free: 145585K (31%)
----------------- Invoking toplevel() on ptolemy.moml.MoMLSimpleApplication@62d4dbdf
----------------- Done invoking toplevel() on ptolemy.moml.MoMLSimpleApplication@62d4dbdf
reloadAllAccessors: .Select2

===========================================================================================
----------------- testing Tue Apr 21 14:08:34 UTC 2020 /home/travis/build/icyphy/ptII/ptolemy/actor/lib/test/auto/SequenceToArray2.xml
----------------- Instantiating /home/travis/build/icyphy/ptII/ptolemy/actor/lib/test/auto/SequenceToArray2.xml
65 ms. Memory: 468992K Free: 397704K (85%)
----------------- Invoking toplevel() on ptolemy.moml.MoMLSimpleApplication@205f140
----------------- Done invoking toplevel() on ptolemy.moml.MoMLSimpleApplication@205f140
reloadAllAccessors: .SequenceToArray2

===========================================================================================
----------------- testing Tue Apr 21 14:08:34 UTC 2020 /home/travis/build/icyphy/ptII/ptolemy/actor/lib/test/auto/SequentialClock.xml
----------------- Instantiating /home/travis/build/icyphy/ptII/ptolemy/actor/lib/test/auto/SequentialClock.xml
1 ms. Memory: 468992K Free: 393098K (84%)
----------------- Invoking toplevel() on ptolemy.moml.MoMLSimpleApplication@494ec772
----------------- Done invoking toplevel() on ptolemy.moml.MoMLSimpleApplication@494ec772
reloadAllAccessors: .SequentialClock

===========================================================================================
----------------- testing Tue Apr 21 14:08:34 UTC 2020 /home/travis/build/icyphy/ptII/ptolemy/actor/lib/test/auto/SetVariable.xml
----------------- Instantiating /home/travis/build/icyphy/ptII/ptolemy/actor/lib/test/auto/SetVariable.xml
3 ms. Memory: 468992K Free: 387978K (83%)
----------------- Invoking toplevel() on ptolemy.moml.MoMLSimpleApplication@31a22b08
----------------- Done invoking toplevel() on ptolemy.moml.MoMLSimpleApplication@31a22b08
reloadAllAccessors: .SetVariable

===========================================================================================
----------------- testing Tue Apr 21 14:08:34 UTC 2020 /home/travis/build/icyphy/ptII/ptolemy/actor/lib/test/auto/SetVariable2.xml
----------------- Instantiating /home/travis/build/icyphy/ptII/ptolemy/actor/lib/test/auto/SetVariable2.xml
4 ms. Memory: 468992K Free: 382858K (82%)
----------------- Invoking toplevel() on ptolemy.moml.MoMLSimpleApplication@34ca31e8
----------------- Done invoking toplevel() on ptolemy.moml.MoMLSimpleApplication@34ca31e8
reloadAllAccessors: .SetVariable2

===========================================================================================
----------------- testing Tue Apr 21 14:08:34 UTC 2020 /home/travis/build/icyphy/ptII/ptolemy/actor/lib/test/auto/SetVariable3.xml
----------------- Instantiating /home/travis/build/icyphy/ptII/ptolemy/actor/lib/test/auto/SetVariable3.xml
3 ms. Memory: 468992K Free: 377224K (80%)
----------------- Invoking toplevel() on ptolemy.moml.MoMLSimpleApplication@66d6c2e5
----------------- Done invoking toplevel() on ptolemy.moml.MoMLSimpleApplication@66d6c2e5
reloadAllAccessors: .SetVariable3

===========================================================================================
----------------- testing Tue Apr 21 14:08:34 UTC 2020 /home/travis/build/icyphy/ptII/ptolemy/actor/lib/test/auto/SetVariable4.xml
----------------- Instantiating /home/travis/build/icyphy/ptII/ptolemy/actor/lib/test/auto/SetVariable4.xml
20 ms. Memory: 468992K Free: 367496K (78%)
----------------- Invoking toplevel() on ptolemy.moml.MoMLSimpleApplication@19ce9ef2
----------------- Done invoking toplevel() on ptolemy.moml.MoMLSimpleApplication@19ce9ef2
reloadAllAccessors: .SetVariable4

===========================================================================================
----------------- testing Tue Apr 21 14:08:34 UTC 2020 /home/travis/build/icyphy/ptII/ptolemy/actor/lib/test/auto/SetVariable5.xml
----------------- Instantiating /home/travis/build/icyphy/ptII/ptolemy/actor/lib/test/auto/SetVariable5.xml
18 ms. Memory: 468992K Free: 358282K (76%)
----------------- Invoking toplevel() on ptolemy.moml.MoMLSimpleApplication@51676dc4
----------------- Done invoking toplevel() on ptolemy.moml.MoMLSimpleApplication@51676dc4
reloadAllAccessors: .SetVariable5

===========================================================================================
----------------- testing Tue Apr 21 14:08:34 UTC 2020 /home/travis/build/icyphy/ptII/ptolemy/actor/lib/test/auto/Sinewave.xml
----------------- Instantiating /home/travis/build/icyphy/ptII/ptolemy/actor/lib/test/auto/Sinewave.xml
4 ms. Memory: 468992K Free: 348042K (74%)
----------------- Invoking toplevel() on ptolemy.moml.MoMLSimpleApplication@6edb8c3b
----------------- Done invoking toplevel() on ptolemy.moml.MoMLSimpleApplication@6edb8c3b
reloadAllAccessors: .Sinewave

===========================================================================================
----------------- testing Tue Apr 21 14:08:34 UTC 2020 /home/travis/build/icyphy/ptII/ptolemy/actor/lib/test/auto/Sinewave2.xml
----------------- Instantiating /home/travis/build/icyphy/ptII/ptolemy/actor/lib/test/auto/Sinewave2.xml
4 ms. Memory: 468992K Free: 339322K (72%)
----------------- Invoking toplevel() on ptolemy.moml.MoMLSimpleApplication@f50c1ea
----------------- Done invoking toplevel() on ptolemy.moml.MoMLSimpleApplication@f50c1ea
reloadAllAccessors: .Sinewave2

===========================================================================================
----------------- testing Tue Apr 21 14:08:34 UTC 2020 /home/travis/build/icyphy/ptII/ptolemy/actor/lib/test/auto/Sinewave3.xml
----------------- Instantiating /home/travis/build/icyphy/ptII/ptolemy/actor/lib/test/auto/Sinewave3.xml
9 ms. Memory: 468992K Free: 331114K (71%)
----------------- Invoking toplevel() on ptolemy.moml.MoMLSimpleApplication@3a6cdc23
----------------- Done invoking toplevel() on ptolemy.moml.MoMLSimpleApplication@3a6cdc23
reloadAllAccessors: .Sinewave3

===========================================================================================
----------------- testing Tue Apr 21 14:08:34 UTC 2020 /home/travis/build/icyphy/ptII/ptolemy/actor/lib/test/auto/SingleEvent.xml
----------------- Instantiating /home/travis/build/icyphy/ptII/ptolemy/actor/lib/test/auto/SingleEvent.xml
1 ms. Memory: 468992K Free: 327048K (70%)
----------------- Invoking toplevel() on ptolemy.moml.MoMLSimpleApplication@2ee52562
----------------- Done invoking toplevel() on ptolemy.moml.MoMLSimpleApplication@2ee52562
reloadAllAccessors: .SingleEvent

===========================================================================================
----------------- testing Tue Apr 21 14:08:34 UTC 2020 /home/travis/build/icyphy/ptII/ptolemy/actor/lib/test/auto/Sleep.xml
----------------- Instantiating /home/travis/build/icyphy/ptII/ptolemy/actor/lib/test/auto/Sleep.xml
6003 ms. Memory: 468992K Free: 320904K (68%)
----------------- Invoking toplevel() on ptolemy.moml.MoMLSimpleApplication@64c63cab
----------------- Done invoking toplevel() on ptolemy.moml.MoMLSimpleApplication@64c63cab
reloadAllAccessors: .Sleep

===========================================================================================
----------------- testing Tue Apr 21 14:08:40 UTC 2020 /home/travis/build/icyphy/ptII/ptolemy/actor/lib/test/auto/SleepMultipleFire.xml
----------------- Instantiating /home/travis/build/icyphy/ptII/ptolemy/actor/lib/test/auto/SleepMultipleFire.xml
1004 ms. Memory: 468992K Free: 315274K (67%)
----------------- Invoking toplevel() on ptolemy.moml.MoMLSimpleApplication@75ed1d49
----------------- Done invoking toplevel() on ptolemy.moml.MoMLSimpleApplication@75ed1d49
reloadAllAccessors: .SleepMultipleFire

===========================================================================================
----------------- testing Tue Apr 21 14:08:42 UTC 2020 /home/travis/build/icyphy/ptII/ptolemy/actor/lib/test/auto/StopDE.xml
----------------- Instantiating /home/travis/build/icyphy/ptII/ptolemy/actor/lib/test/auto/StopDE.xml
6 ms. Memory: 468992K Free: 309640K (66%)
----------------- Invoking toplevel() on ptolemy.moml.MoMLSimpleApplication@2dfbc209
----------------- Done invoking toplevel() on ptolemy.moml.MoMLSimpleApplication@2dfbc209
reloadAllAccessors: .StopDE

===========================================================================================
----------------- testing Tue Apr 21 14:08:42 UTC 2020 /home/travis/build/icyphy/ptII/ptolemy/actor/lib/test/auto/StopSDF.xml
----------------- Instantiating /home/travis/build/icyphy/ptII/ptolemy/actor/lib/test/auto/StopSDF.xml
2 ms. Memory: 468992K Free: 304010K (65%)
----------------- Invoking toplevel() on ptolemy.moml.MoMLSimpleApplication@70fc78cc
----------------- Done invoking toplevel() on ptolemy.moml.MoMLSimpleApplication@70fc78cc
reloadAllAccessors: .StopSDF

===========================================================================================
----------------- testing Tue Apr 21 14:08:42 UTC 2020 /home/travis/build/icyphy/ptII/ptolemy/actor/lib/test/auto/StringConstant.xml
----------------- Instantiating /home/travis/build/icyphy/ptII/ptolemy/actor/lib/test/auto/StringConstant.xml
8 ms. Memory: 468992K Free: 299914K (64%)
----------------- Invoking toplevel() on ptolemy.moml.MoMLSimpleApplication@3f5ed413
----------------- Done invoking toplevel() on ptolemy.moml.MoMLSimpleApplication@3f5ed413
reloadAllAccessors: .StringConstant

===========================================================================================
----------------- testing Tue Apr 21 14:08:42 UTC 2020 /home/travis/build/icyphy/ptII/ptolemy/actor/lib/test/auto/SubscriberPortInitialValues1.xml
----------------- Instantiating /home/travis/build/icyphy/ptII/ptolemy/actor/lib/test/auto/SubscriberPortInitialValues1.xml
9 ms. Memory: 468992K Free: 291208K (62%)
----------------- Invoking toplevel() on ptolemy.moml.MoMLSimpleApplication@4e6c03a6
----------------- Done invoking toplevel() on ptolemy.moml.MoMLSimpleApplication@4e6c03a6
reloadAllAccessors: .SubscriberPortInitialValues1

===========================================================================================
----------------- testing Tue Apr 21 14:08:42 UTC 2020 /home/travis/build/icyphy/ptII/ptolemy/actor/lib/test/auto/SubscriberPortInitialValues13.xml
----------------- Instantiating /home/travis/build/icyphy/ptII/ptolemy/actor/lib/test/auto/SubscriberPortInitialValues13.xml
4 ms. Memory: 468992K Free: 277386K (59%)
----------------- Invoking toplevel() on ptolemy.moml.MoMLSimpleApplication@b041047
----------------- Done invoking toplevel() on ptolemy.moml.MoMLSimpleApplication@b041047
reloadAllAccessors: .SubscriberPortInitialValues13

===========================================================================================
----------------- testing Tue Apr 21 14:08:42 UTC 2020 /home/travis/build/icyphy/ptII/ptolemy/actor/lib/test/auto/SubscriberPortInitialValues14.xml
----------------- Instantiating /home/travis/build/icyphy/ptII/ptolemy/actor/lib/test/auto/SubscriberPortInitialValues14.xml
3 ms. Memory: 468992K Free: 269704K (58%)
----------------- Invoking toplevel() on ptolemy.moml.MoMLSimpleApplication@34261d4b
----------------- Done invoking toplevel() on ptolemy.moml.MoMLSimpleApplication@34261d4b
reloadAllAccessors: .SubscriberPortInitialValues14

===========================================================================================
----------------- testing Tue Apr 21 14:08:42 UTC 2020 /home/travis/build/icyphy/ptII/ptolemy/actor/lib/test/auto/SubscriberPortInitialValues2.xml
----------------- Instantiating /home/travis/build/icyphy/ptII/ptolemy/actor/lib/test/auto/SubscriberPortInitialValues2.xml
3 ms. Memory: 468992K Free: 262026K (56%)
----------------- Invoking toplevel() on ptolemy.moml.MoMLSimpleApplication@6577cf87
----------------- Done invoking toplevel() on ptolemy.moml.MoMLSimpleApplication@6577cf87
reloadAllAccessors: .SubscriberPortInitialValues2

===========================================================================================
----------------- testing Tue Apr 21 14:08:42 UTC 2020 /home/travis/build/icyphy/ptII/ptolemy/actor/lib/test/auto/SubscriberPortInitialValues3.xml
----------------- Instantiating /home/travis/build/icyphy/ptII/ptolemy/actor/lib/test/auto/SubscriberPortInitialValues3.xml
3 ms. Memory: 468992K Free: 250762K (53%)
----------------- Invoking toplevel() on ptolemy.moml.MoMLSimpleApplication@4dec573f
----------------- Done invoking toplevel() on ptolemy.moml.MoMLSimpleApplication@4dec573f
reloadAllAccessors: .SubscriberPortInitialValues3

===========================================================================================
----------------- testing Tue Apr 21 14:08:42 UTC 2020 /home/travis/build/icyphy/ptII/ptolemy/actor/lib/test/auto/SubscriptionAggregator.xml
----------------- Instantiating /home/travis/build/icyphy/ptII/ptolemy/actor/lib/test/auto/SubscriptionAggregator.xml
3 ms. Memory: 468992K Free: 244090K (52%)
----------------- Invoking toplevel() on ptolemy.moml.MoMLSimpleApplication@52e2c902
----------------- Done invoking toplevel() on ptolemy.moml.MoMLSimpleApplication@52e2c902
reloadAllAccessors: .SubscriptionAggregator

===========================================================================================
----------------- testing Tue Apr 21 14:08:42 UTC 2020 /home/travis/build/icyphy/ptII/ptolemy/actor/lib/test/auto/SubscriptionAggregator2.xml
----------------- Instantiating /home/travis/build/icyphy/ptII/ptolemy/actor/lib/test/auto/SubscriptionAggregator2.xml
3 ms. Memory: 468992K Free: 237450K (51%)
----------------- Invoking toplevel() on ptolemy.moml.MoMLSimpleApplication@223fbf0e
----------------- Done invoking toplevel() on ptolemy.moml.MoMLSimpleApplication@223fbf0e
reloadAllAccessors: .SubscriptionAggregator2

===========================================================================================
----------------- testing Tue Apr 21 14:08:42 UTC 2020 /home/travis/build/icyphy/ptII/ptolemy/actor/lib/test/auto/SubscriptionAggregator3.xml
----------------- Instantiating /home/travis/build/icyphy/ptII/ptolemy/actor/lib/test/auto/SubscriptionAggregator3.xml
4 ms. Memory: 468992K Free: 228234K (49%)
----------------- Invoking toplevel() on ptolemy.moml.MoMLSimpleApplication@321485a2
----------------- Done invoking toplevel() on ptolemy.moml.MoMLSimpleApplication@321485a2
reloadAllAccessors: .SubscriptionAggregator3

===========================================================================================
----------------- testing Tue Apr 21 14:08:42 UTC 2020 /home/travis/build/icyphy/ptII/ptolemy/actor/lib/test/auto/SubscriptionAggregatorMultiply.xml
----------------- Instantiating /home/travis/build/icyphy/ptII/ptolemy/actor/lib/test/auto/SubscriptionAggregatorMultiply.xml
8 ms. Memory: 468992K Free: 220042K (47%)
----------------- Invoking toplevel() on ptolemy.moml.MoMLSimpleApplication@6c19775f
----------------- Done invoking toplevel() on ptolemy.moml.MoMLSimpleApplication@6c19775f
reloadAllAccessors: .SubscriptionAggregatorMultiply

===========================================================================================
----------------- testing Tue Apr 21 14:08:42 UTC 2020 /home/travis/build/icyphy/ptII/ptolemy/actor/lib/test/auto/SubscriptionAggregatorPortMultiply1.xml
----------------- Instantiating /home/travis/build/icyphy/ptII/ptolemy/actor/lib/test/auto/SubscriptionAggregatorPortMultiply1.xml
3 ms. Memory: 468992K Free: 212360K (45%)
----------------- Invoking toplevel() on ptolemy.moml.MoMLSimpleApplication@f75f08d
----------------- Done invoking toplevel() on ptolemy.moml.MoMLSimpleApplication@f75f08d
reloadAllAccessors: .SubscriptionAggregatorPortMultiply1

===========================================================================================
----------------- testing Tue Apr 21 14:08:42 UTC 2020 /home/travis/build/icyphy/ptII/ptolemy/actor/lib/test/auto/Switch.xml
----------------- Instantiating /home/travis/build/icyphy/ptII/ptolemy/actor/lib/test/auto/Switch.xml
6 ms. Memory: 468992K Free: 203658K (43%)
----------------- Invoking toplevel() on ptolemy.moml.MoMLSimpleApplication@b52b2dc
----------------- Done invoking toplevel() on ptolemy.moml.MoMLSimpleApplication@b52b2dc
reloadAllAccessors: .Switch

===========================================================================================
----------------- testing Tue Apr 21 14:08:42 UTC 2020 /home/travis/build/icyphy/ptII/ptolemy/actor/lib/test/auto/Switch2.xml
----------------- Instantiating /home/travis/build/icyphy/ptII/ptolemy/actor/lib/test/auto/Switch2.xml
1 ms. Memory: 468992K Free: 199048K (42%)
----------------- Invoking toplevel() on ptolemy.moml.MoMLSimpleApplication@3b1a3652
----------------- Done invoking toplevel() on ptolemy.moml.MoMLSimpleApplication@3b1a3652
reloadAllAccessors: .Switch2

===========================================================================================
----------------- testing Tue Apr 21 14:08:42 UTC 2020 /home/travis/build/icyphy/ptII/ptolemy/actor/lib/test/auto/SwitchDE.xml
----------------- Instantiating /home/travis/build/icyphy/ptII/ptolemy/actor/lib/test/auto/SwitchDE.xml
2 ms. Memory: 468992K Free: 192890K (41%)
----------------- Invoking toplevel() on ptolemy.moml.MoMLSimpleApplication@7f267026
----------------- Done invoking toplevel() on ptolemy.moml.MoMLSimpleApplication@7f267026
reloadAllAccessors: .SwitchDE

===========================================================================================
----------------- testing Tue Apr 21 14:08:42 UTC 2020 /home/travis/build/icyphy/ptII/ptolemy/actor/lib/test/auto/SynchronizerDE.xml
----------------- Instantiating /home/travis/build/icyphy/ptII/ptolemy/actor/lib/test/auto/SynchronizerDE.xml
6 ms. Memory: 468992K Free: 184202K (39%)
----------------- Invoking toplevel() on ptolemy.moml.MoMLSimpleApplication@1ac61439
----------------- Done invoking toplevel() on ptolemy.moml.MoMLSimpleApplication@1ac61439
reloadAllAccessors: .SynchronizerDE

===========================================================================================
----------------- testing Tue Apr 21 14:08:42 UTC 2020 /home/travis/build/icyphy/ptII/ptolemy/actor/lib/test/auto/Test.xml
----------------- Instantiating /home/travis/build/icyphy/ptII/ptolemy/actor/lib/test/auto/Test.xml
8 ms. Memory: 468992K Free: 179082K (38%)
----------------- Invoking toplevel() on ptolemy.moml.MoMLSimpleApplication@7669e0d5
----------------- Done invoking toplevel() on ptolemy.moml.MoMLSimpleApplication@7669e0d5
reloadAllAccessors: .Test

===========================================================================================
----------------- testing Tue Apr 21 14:08:42 UTC 2020 /home/travis/build/icyphy/ptII/ptolemy/actor/lib/test/auto/TestExceptionAttribute1.xml
----------------- Instantiating /home/travis/build/icyphy/ptII/ptolemy/actor/lib/test/auto/TestExceptionAttribute1.xml
1 ms. Memory: 468992K Free: 174986K (37%)
----------------- Invoking toplevel() on ptolemy.moml.MoMLSimpleApplication@3e375321
----------------- Done invoking toplevel() on ptolemy.moml.MoMLSimpleApplication@3e375321
reloadAllAccessors: .TestExceptionAttribute1

===========================================================================================
----------------- testing Tue Apr 21 14:08:42 UTC 2020 /home/travis/build/icyphy/ptII/ptolemy/actor/lib/test/auto/TestExceptionAttribute2.xml
----------------- Instantiating /home/travis/build/icyphy/ptII/ptolemy/actor/lib/test/auto/TestExceptionAttribute2.xml
1 ms. Memory: 468992K Free: 171400K (37%)
----------------- Invoking toplevel() on ptolemy.moml.MoMLSimpleApplication@6574ee07
----------------- Done invoking toplevel() on ptolemy.moml.MoMLSimpleApplication@6574ee07
reloadAllAccessors: .TestExceptionAttribute2

===========================================================================================
----------------- testing Tue Apr 21 14:08:42 UTC 2020 /home/travis/build/icyphy/ptII/ptolemy/actor/lib/test/auto/TestExceptionAttribute3.xml
----------------- Instantiating /home/travis/build/icyphy/ptII/ptolemy/actor/lib/test/auto/TestExceptionAttribute3.xml
.TestExceptionAttribute3.TestExceptionAttribute: initialize() was not invoked, but wrapup() was.  This is unusual, but not always a problem.  For example, exporting JNLP will do this.
0 ms. Memory: 468992K Free: 167818K (36%)
----------------- Invoking toplevel() on ptolemy.moml.MoMLSimpleApplication@2b596122
----------------- Done invoking toplevel() on ptolemy.moml.MoMLSimpleApplication@2b596122
reloadAllAccessors: .TestExceptionAttribute3

===========================================================================================
----------------- testing Tue Apr 21 14:08:42 UTC 2020 /home/travis/build/icyphy/ptII/ptolemy/actor/lib/test/auto/TestExceptionAttribute4.xml
----------------- Instantiating /home/travis/build/icyphy/ptII/ptolemy/actor/lib/test/auto/TestExceptionAttribute4.xml
.TestExceptionAttribute4.TestExceptionAttribute: initialize() was not invoked, but wrapup() was.  This is unusual, but not always a problem.  For example, exporting JNLP will do this.
.TestExceptionAttribute4.TestExceptionAttribute2: initialize() was not invoked, but wrapup() was.  This is unusual, but not always a problem.  For example, exporting JNLP will do this.
0 ms. Memory: 468992K Free: 163208K (35%)
----------------- Invoking toplevel() on ptolemy.moml.MoMLSimpleApplication@49576fca
----------------- Done invoking toplevel() on ptolemy.moml.MoMLSimpleApplication@49576fca
reloadAllAccessors: .TestExceptionAttribute4

===========================================================================================
----------------- testing Tue Apr 21 14:08:42 UTC 2020 /home/travis/build/icyphy/ptII/ptolemy/actor/lib/test/auto/TestExceptionHandler1.xml
----------------- Instantiating /home/travis/build/icyphy/ptII/ptolemy/actor/lib/test/auto/TestExceptionHandler1.xml
1 ms. Memory: 468992K Free: 159626K (34%)
----------------- Invoking toplevel() on ptolemy.moml.MoMLSimpleApplication@4d933b05
----------------- Done invoking toplevel() on ptolemy.moml.MoMLSimpleApplication@4d933b05
reloadAllAccessors: .TestExceptionHandler1

===========================================================================================
----------------- testing Tue Apr 21 14:08:42 UTC 2020 /home/travis/build/icyphy/ptII/ptolemy/actor/lib/test/auto/TestExceptionHandler2.xml
----------------- Instantiating /home/travis/build/icyphy/ptII/ptolemy/actor/lib/test/auto/TestExceptionHandler2.xml
1 ms. Memory: 468992K Free: 156040K (33%)
----------------- Invoking toplevel() on ptolemy.moml.MoMLSimpleApplication@438023f0
----------------- Done invoking toplevel() on ptolemy.moml.MoMLSimpleApplication@438023f0
reloadAllAccessors: .TestExceptionHandler2

===========================================================================================
----------------- testing Tue Apr 21 14:08:42 UTC 2020 /home/travis/build/icyphy/ptII/ptolemy/actor/lib/test/auto/TestExceptionHandler3.xml
----------------- Instantiating /home/travis/build/icyphy/ptII/ptolemy/actor/lib/test/auto/TestExceptionHandler3.xml
1 ms. Memory: 468992K Free: 151944K (32%)
----------------- Invoking toplevel() on ptolemy.moml.MoMLSimpleApplication@6aad1d5f
----------------- Done invoking toplevel() on ptolemy.moml.MoMLSimpleApplication@6aad1d5f
reloadAllAccessors: .TestExceptionHandler3

===========================================================================================
----------------- testing Tue Apr 21 14:08:42 UTC 2020 /home/travis/build/icyphy/ptII/ptolemy/actor/lib/test/auto/TestExceptionHandler4.xml
----------------- Instantiating /home/travis/build/icyphy/ptII/ptolemy/actor/lib/test/auto/TestExceptionHandler4.xml
1 ms. Memory: 468992K Free: 147848K (32%)
----------------- Invoking toplevel() on ptolemy.moml.MoMLSimpleApplication@72fb61bc
----------------- Done invoking toplevel() on ptolemy.moml.MoMLSimpleApplication@72fb61bc
reloadAllAccessors: .TestExceptionHandler4

===========================================================================================
----------------- testing Tue Apr 21 14:08:42 UTC 2020 /home/travis/build/icyphy/ptII/ptolemy/actor/lib/test/auto/TestRequireCorrectOrder.xml
----------------- Instantiating /home/travis/build/icyphy/ptII/ptolemy/actor/lib/test/auto/TestRequireCorrectOrder.xml
4 ms. Memory: 468992K Free: 142218K (30%)
----------------- Invoking toplevel() on ptolemy.moml.MoMLSimpleApplication@693d796b
----------------- Done invoking toplevel() on ptolemy.moml.MoMLSimpleApplication@693d796b
reloadAllAccessors: .TestRequireCorrectOrder

===========================================================================================
----------------- testing Tue Apr 21 14:08:42 UTC 2020 /home/travis/build/icyphy/ptII/ptolemy/actor/lib/test/auto/TestSimple.xml
----------------- Instantiating /home/travis/build/icyphy/ptII/ptolemy/actor/lib/test/auto/TestSimple.xml
1 ms. Memory: 468992K Free: 413895K (88%)
----------------- Invoking toplevel() on ptolemy.moml.MoMLSimpleApplication@36e0d886
----------------- Done invoking toplevel() on ptolemy.moml.MoMLSimpleApplication@36e0d886
reloadAllAccessors: .TestSimple

===========================================================================================
----------------- testing Tue Apr 21 14:08:42 UTC 2020 /home/travis/build/icyphy/ptII/ptolemy/actor/lib/test/auto/ThrowModelError.xml
----------------- Instantiating /home/travis/build/icyphy/ptII/ptolemy/actor/lib/test/auto/ThrowModelError.xml
1 ms. Memory: 468992K Free: 409295K (87%)
----------------- Invoking toplevel() on ptolemy.moml.MoMLSimpleApplication@6bafd0c
----------------- Done invoking toplevel() on ptolemy.moml.MoMLSimpleApplication@6bafd0c
reloadAllAccessors: .ThrowModelError

===========================================================================================
----------------- testing Tue Apr 21 14:08:42 UTC 2020 /home/travis/build/icyphy/ptII/ptolemy/actor/lib/test/auto/TimeDelayMicrosteps.xml
----------------- Instantiating /home/travis/build/icyphy/ptII/ptolemy/actor/lib/test/auto/TimeDelayMicrosteps.xml
3 ms. Memory: 468992K Free: 402127K (86%)
----------------- Invoking toplevel() on ptolemy.moml.MoMLSimpleApplication@7ce66ad4
----------------- Done invoking toplevel() on ptolemy.moml.MoMLSimpleApplication@7ce66ad4
reloadAllAccessors: .TimeDelayMicrosteps

===========================================================================================
----------------- testing Tue Apr 21 14:08:42 UTC 2020 /home/travis/build/icyphy/ptII/ptolemy/actor/lib/test/auto/TimeDelayMicrosteps2.xml
----------------- Instantiating /home/travis/build/icyphy/ptII/ptolemy/actor/lib/test/auto/TimeDelayMicrosteps2.xml
2 ms. Memory: 468992K Free: 394959K (84%)
----------------- Invoking toplevel() on ptolemy.moml.MoMLSimpleApplication@35bd6fa8
----------------- Done invoking toplevel() on ptolemy.moml.MoMLSimpleApplication@35bd6fa8
reloadAllAccessors: .TimeDelayMicrosteps2

===========================================================================================
----------------- testing Tue Apr 21 14:08:42 UTC 2020 /home/travis/build/icyphy/ptII/ptolemy/actor/lib/test/auto/TimeDelayMicrosteps3.xml
----------------- Instantiating /home/travis/build/icyphy/ptII/ptolemy/actor/lib/test/auto/TimeDelayMicrosteps3.xml
2 ms. Memory: 468992K Free: 388295K (83%)
----------------- Invoking toplevel() on ptolemy.moml.MoMLSimpleApplication@6abc425
----------------- Done invoking toplevel() on ptolemy.moml.MoMLSimpleApplication@6abc425
reloadAllAccessors: .TimeDelayMicrosteps3

===========================================================================================
----------------- testing Tue Apr 21 14:08:42 UTC 2020 /home/travis/build/icyphy/ptII/ptolemy/actor/lib/test/auto/TimeDelayVariableMicrosteps.xml
----------------- Instantiating /home/travis/build/icyphy/ptII/ptolemy/actor/lib/test/auto/TimeDelayVariableMicrosteps.xml
2 ms. Memory: 468992K Free: 381647K (81%)
----------------- Invoking toplevel() on ptolemy.moml.MoMLSimpleApplication@3961e204
----------------- Done invoking toplevel() on ptolemy.moml.MoMLSimpleApplication@3961e204
reloadAllAccessors: .TimeDelayVariableMicrosteps

===========================================================================================
----------------- testing Tue Apr 21 14:08:42 UTC 2020 /home/travis/build/icyphy/ptII/ptolemy/actor/lib/test/auto/TimeGap.xml
----------------- Instantiating /home/travis/build/icyphy/ptII/ptolemy/actor/lib/test/auto/TimeGap.xml
3 ms. Memory: 468992K Free: 376527K (80%)
----------------- Invoking toplevel() on ptolemy.moml.MoMLSimpleApplication@2f3fac25
----------------- Done invoking toplevel() on ptolemy.moml.MoMLSimpleApplication@2f3fac25
reloadAllAccessors: .TimeGap

===========================================================================================
----------------- testing Tue Apr 21 14:08:42 UTC 2020 /home/travis/build/icyphy/ptII/ptolemy/actor/lib/test/auto/TimeGap2.xml
----------------- Instantiating /home/travis/build/icyphy/ptII/ptolemy/actor/lib/test/auto/TimeGap2.xml
1 ms. Memory: 468992K Free: 370383K (79%)
----------------- Invoking toplevel() on ptolemy.moml.MoMLSimpleApplication@3d4b10e3
----------------- Done invoking toplevel() on ptolemy.moml.MoMLSimpleApplication@3d4b10e3
reloadAllAccessors: .TimeGap2

===========================================================================================
----------------- testing Tue Apr 21 14:08:42 UTC 2020 /home/travis/build/icyphy/ptII/ptolemy/actor/lib/test/auto/TimedSinewave.xml
----------------- Instantiating /home/travis/build/icyphy/ptII/ptolemy/actor/lib/test/auto/TimedSinewave.xml
19 ms. Memory: 468992K Free: 356047K (76%)
----------------- Invoking toplevel() on ptolemy.moml.MoMLSimpleApplication@5cd8531c
----------------- Done invoking toplevel() on ptolemy.moml.MoMLSimpleApplication@5cd8531c
reloadAllAccessors: .TimedSinewave

===========================================================================================
----------------- testing Tue Apr 21 14:08:42 UTC 2020 /home/travis/build/icyphy/ptII/ptolemy/actor/lib/test/auto/TimedSinewavePhase.xml
----------------- Instantiating /home/travis/build/icyphy/ptII/ptolemy/actor/lib/test/auto/TimedSinewavePhase.xml
8 ms. Memory: 468992K Free: 345807K (74%)
----------------- Invoking toplevel() on ptolemy.moml.MoMLSimpleApplication@4d5ce752
----------------- Done invoking toplevel() on ptolemy.moml.MoMLSimpleApplication@4d5ce752
reloadAllAccessors: .TimedSinewavePhase

===========================================================================================
----------------- testing Tue Apr 21 14:08:42 UTC 2020 /home/travis/build/icyphy/ptII/ptolemy/actor/lib/test/auto/Timer.xml
----------------- Instantiating /home/travis/build/icyphy/ptII/ptolemy/actor/lib/test/auto/Timer.xml
2 ms. Memory: 468992K Free: 340167K (73%)
----------------- Invoking toplevel() on ptolemy.moml.MoMLSimpleApplication@38ead41f
----------------- Done invoking toplevel() on ptolemy.moml.MoMLSimpleApplication@38ead41f
reloadAllAccessors: .Timer

===========================================================================================
----------------- testing Tue Apr 21 14:08:42 UTC 2020 /home/travis/build/icyphy/ptII/ptolemy/actor/lib/test/auto/TriangularDistTestModel.xml
----------------- Instantiating /home/travis/build/icyphy/ptII/ptolemy/actor/lib/test/auto/TriangularDistTestModel.xml
2 ms. Memory: 468992K Free: 334543K (71%)
----------------- Invoking toplevel() on ptolemy.moml.MoMLSimpleApplication@78894177
----------------- Done invoking toplevel() on ptolemy.moml.MoMLSimpleApplication@78894177
reloadAllAccessors: .TriangularDistTestModel

===========================================================================================
----------------- testing Tue Apr 21 14:08:42 UTC 2020 /home/travis/build/icyphy/ptII/ptolemy/actor/lib/test/auto/TrigFunction.xml
----------------- Instantiating /home/travis/build/icyphy/ptII/ptolemy/actor/lib/test/auto/TrigFunction.xml
1 ms. Memory: 468992K Free: 329423K (70%)
----------------- Invoking toplevel() on ptolemy.moml.MoMLSimpleApplication@352b7891
----------------- Done invoking toplevel() on ptolemy.moml.MoMLSimpleApplication@352b7891
reloadAllAccessors: .TrigFunction

===========================================================================================
----------------- testing Tue Apr 21 14:08:42 UTC 2020 /home/travis/build/icyphy/ptII/ptolemy/actor/lib/test/auto/TrigFunctionDE.xml
----------------- Instantiating /home/travis/build/icyphy/ptII/ptolemy/actor/lib/test/auto/TrigFunctionDE.xml
9 ms. Memory: 468992K Free: 323789K (69%)
----------------- Invoking toplevel() on ptolemy.moml.MoMLSimpleApplication@6d46100b
----------------- Done invoking toplevel() on ptolemy.moml.MoMLSimpleApplication@6d46100b
reloadAllAccessors: .TrigFunctionDE

===========================================================================================
----------------- testing Tue Apr 21 14:08:42 UTC 2020 /home/travis/build/icyphy/ptII/ptolemy/actor/lib/test/auto/TrigFunctionInverse.xml
----------------- Instantiating /home/travis/build/icyphy/ptII/ptolemy/actor/lib/test/auto/TrigFunctionInverse.xml
2 ms. Memory: 468992K Free: 318159K (68%)
----------------- Invoking toplevel() on ptolemy.moml.MoMLSimpleApplication@7761c0ff
----------------- Done invoking toplevel() on ptolemy.moml.MoMLSimpleApplication@7761c0ff
reloadAllAccessors: .TrigFunctionInverse

===========================================================================================
----------------- testing Tue Apr 21 14:08:42 UTC 2020 /home/travis/build/icyphy/ptII/ptolemy/actor/lib/test/auto/TrigFunctionTan.xml
----------------- Instantiating /home/travis/build/icyphy/ptII/ptolemy/actor/lib/test/auto/TrigFunctionTan.xml
2 ms. Memory: 468992K Free: 313549K (67%)
----------------- Invoking toplevel() on ptolemy.moml.MoMLSimpleApplication@40c28e06
----------------- Done invoking toplevel() on ptolemy.moml.MoMLSimpleApplication@40c28e06
reloadAllAccessors: .TrigFunctionTan

===========================================================================================
----------------- testing Tue Apr 21 14:08:42 UTC 2020 /home/travis/build/icyphy/ptII/ptolemy/actor/lib/test/auto/TriggeredClock.xml
----------------- Instantiating /home/travis/build/icyphy/ptII/ptolemy/actor/lib/test/auto/TriggeredClock.xml
2 ms. Memory: 468992K Free: 308911K (66%)
----------------- Invoking toplevel() on ptolemy.moml.MoMLSimpleApplication@45e04a82
----------------- Done invoking toplevel() on ptolemy.moml.MoMLSimpleApplication@45e04a82
reloadAllAccessors: .TriggeredClock

===========================================================================================
----------------- testing Tue Apr 21 14:08:42 UTC 2020 /home/travis/build/icyphy/ptII/ptolemy/actor/lib/test/auto/URLDirectoryReader.xml
----------------- Instantiating /home/travis/build/icyphy/ptII/ptolemy/actor/lib/test/auto/URLDirectoryReader.xml
25 ms. Memory: 468992K Free: 299727K (64%)
----------------- Invoking toplevel() on ptolemy.moml.MoMLSimpleApplication@2a7a7d5a
----------------- Done invoking toplevel() on ptolemy.moml.MoMLSimpleApplication@2a7a7d5a
reloadAllAccessors: .URLDirectoryReader

===========================================================================================
----------------- testing Tue Apr 21 14:08:42 UTC 2020 /home/travis/build/icyphy/ptII/ptolemy/actor/lib/test/auto/URLDirectoryReader3.xml
----------------- Instantiating /home/travis/build/icyphy/ptII/ptolemy/actor/lib/test/auto/URLDirectoryReader3.xml
1288 ms. Memory: 468992K Free: 409839K (87%)
----------------- Invoking toplevel() on ptolemy.moml.MoMLSimpleApplication@60d50773
----------------- Done invoking toplevel() on ptolemy.moml.MoMLSimpleApplication@60d50773
reloadAllAccessors: .URLDirectoryReader3

===========================================================================================
----------------- testing Tue Apr 21 14:08:44 UTC 2020 /home/travis/build/icyphy/ptII/ptolemy/actor/lib/test/auto/UnaryMathFunction.xml
----------------- Instantiating /home/travis/build/icyphy/ptII/ptolemy/actor/lib/test/auto/UnaryMathFunction.xml
2 ms. Memory: 468992K Free: 401643K (86%)
----------------- Invoking toplevel() on ptolemy.moml.MoMLSimpleApplication@7ccced41
----------------- Done invoking toplevel() on ptolemy.moml.MoMLSimpleApplication@7ccced41
reloadAllAccessors: .UnaryMathFunction

===========================================================================================
----------------- testing Tue Apr 21 14:08:44 UTC 2020 /home/travis/build/icyphy/ptII/ptolemy/actor/lib/test/auto/Uniform.xml
----------------- Instantiating /home/travis/build/icyphy/ptII/ptolemy/actor/lib/test/auto/Uniform.xml
2 ms. Memory: 468992K Free: 397037K (85%)
----------------- Invoking toplevel() on ptolemy.moml.MoMLSimpleApplication@640c792
----------------- Done invoking toplevel() on ptolemy.moml.MoMLSimpleApplication@640c792
reloadAllAccessors: .Uniform

===========================================================================================
----------------- testing Tue Apr 21 14:08:44 UTC 2020 /home/travis/build/icyphy/ptII/ptolemy/actor/lib/test/auto/UnionDisassemblerTest.xml
----------------- Instantiating /home/travis/build/icyphy/ptII/ptolemy/actor/lib/test/auto/UnionDisassemblerTest.xml
10 ms. Memory: 468992K Free: 392941K (84%)
----------------- Invoking toplevel() on ptolemy.moml.MoMLSimpleApplication@772fe47a
----------------- Done invoking toplevel() on ptolemy.moml.MoMLSimpleApplication@772fe47a
reloadAllAccessors: .UnionDisassemblerTest

===========================================================================================
----------------- testing Tue Apr 21 14:08:44 UTC 2020 /home/travis/build/icyphy/ptII/ptolemy/actor/lib/test/auto/UtilityFunctions.xml
----------------- Instantiating /home/travis/build/icyphy/ptII/ptolemy/actor/lib/test/auto/UtilityFunctions.xml
0 ms. Memory: 468992K Free: 389341K (83%)
----------------- Invoking toplevel() on ptolemy.moml.MoMLSimpleApplication@65f1606a
----------------- Done invoking toplevel() on ptolemy.moml.MoMLSimpleApplication@65f1606a
reloadAllAccessors: .UtilityFunctions

===========================================================================================
----------------- testing Tue Apr 21 14:08:44 UTC 2020 /home/travis/build/icyphy/ptII/ptolemy/actor/lib/test/auto/VariableSleep.xml
----------------- Instantiating /home/travis/build/icyphy/ptII/ptolemy/actor/lib/test/auto/VariableSleep.xml
502 ms. Memory: 468992K Free: 383725K (82%)
----------------- Invoking toplevel() on ptolemy.moml.MoMLSimpleApplication@53a7c266
----------------- Done invoking toplevel() on ptolemy.moml.MoMLSimpleApplication@53a7c266
reloadAllAccessors: .VariableSleep

===========================================================================================
----------------- testing Tue Apr 21 14:08:45 UTC 2020 /home/travis/build/icyphy/ptII/ptolemy/actor/lib/test/auto/VectorAssemblerDisassemblerCT.xml
----------------- Instantiating /home/travis/build/icyphy/ptII/ptolemy/actor/lib/test/auto/VectorAssemblerDisassemblerCT.xml
62 ms. Memory: 468992K Free: 363755K (78%)
----------------- Invoking toplevel() on ptolemy.moml.MoMLSimpleApplication@12b6faaf
----------------- Done invoking toplevel() on ptolemy.moml.MoMLSimpleApplication@12b6faaf
reloadAllAccessors: .VectorAssemblerDisassemblerCT

===========================================================================================
----------------- testing Tue Apr 21 14:08:45 UTC 2020 /home/travis/build/icyphy/ptII/ptolemy/actor/lib/test/auto/VectorAssemblerDisassemblerDE.xml
----------------- Instantiating /home/travis/build/icyphy/ptII/ptolemy/actor/lib/test/auto/VectorAssemblerDisassemblerDE.xml
2 ms. Memory: 468992K Free: 356587K (76%)
----------------- Invoking toplevel() on ptolemy.moml.MoMLSimpleApplication@101121b7
----------------- Done invoking toplevel() on ptolemy.moml.MoMLSimpleApplication@101121b7
reloadAllAccessors: .VectorAssemblerDisassemblerDE

===========================================================================================
----------------- testing Tue Apr 21 14:08:45 UTC 2020 /home/travis/build/icyphy/ptII/ptolemy/actor/lib/test/auto/VectorAssemblerDisassemblerSDF.xml
----------------- Instantiating /home/travis/build/icyphy/ptII/ptolemy/actor/lib/test/auto/VectorAssemblerDisassemblerSDF.xml
2 ms. Memory: 468992K Free: 349933K (75%)
----------------- Invoking toplevel() on ptolemy.moml.MoMLSimpleApplication@378ec3fd
----------------- Done invoking toplevel() on ptolemy.moml.MoMLSimpleApplication@378ec3fd
reloadAllAccessors: .VectorAssemblerDisassemblerSDF

===========================================================================================
----------------- testing Tue Apr 21 14:08:45 UTC 2020 /home/travis/build/icyphy/ptII/ptolemy/actor/lib/test/auto/WallClockTime.xml
----------------- Instantiating /home/travis/build/icyphy/ptII/ptolemy/actor/lib/test/auto/WallClockTime.xml
1003 ms. Memory: 468992K Free: 344813K (74%)
----------------- Invoking toplevel() on ptolemy.moml.MoMLSimpleApplication@54dc11c5
----------------- Done invoking toplevel() on ptolemy.moml.MoMLSimpleApplication@54dc11c5
reloadAllAccessors: .WallClockTime

===========================================================================================
----------------- testing Tue Apr 21 14:08:46 UTC 2020 /home/travis/build/icyphy/ptII/ptolemy/actor/lib/test/auto/WidthTestWithSubscriberPublisher.xml
----------------- Instantiating /home/travis/build/icyphy/ptII/ptolemy/actor/lib/test/auto/WidthTestWithSubscriberPublisher.xml
11 ms. Memory: 468992K Free: 326381K (70%)
----------------- Invoking toplevel() on ptolemy.moml.MoMLSimpleApplication@7ca569ad
----------------- Done invoking toplevel() on ptolemy.moml.MoMLSimpleApplication@7ca569ad
reloadAllAccessors: .WidthTestWithSubscriberPublisher

===========================================================================================
----------------- testing Tue Apr 21 14:08:46 UTC 2020 /home/travis/build/icyphy/ptII/ptolemy/actor/lib/test/auto/WidthTestWithSubscriberPublisher2.xml
----------------- Instantiating /home/travis/build/icyphy/ptII/ptolemy/actor/lib/test/auto/WidthTestWithSubscriberPublisher2.xml
2 ms. Memory: 468992K Free: 320237K (68%)
----------------- Invoking toplevel() on ptolemy.moml.MoMLSimpleApplication@7005c17c
----------------- Done invoking toplevel() on ptolemy.moml.MoMLSimpleApplication@7005c17c
reloadAllAccessors: .WidthTestWithSubscriberPublisher2

===========================================================================================
----------------- testing Tue Apr 21 14:08:46 UTC 2020 /home/travis/build/icyphy/ptII/ptolemy/actor/lib/test/auto/WidthTestWithSubscriberPublisher3.xml
----------------- Instantiating /home/travis/build/icyphy/ptII/ptolemy/actor/lib/test/auto/WidthTestWithSubscriberPublisher3.xml
2 ms. Memory: 468992K Free: 314603K (67%)
----------------- Invoking toplevel() on ptolemy.moml.MoMLSimpleApplication@58ad70c7
----------------- Done invoking toplevel() on ptolemy.moml.MoMLSimpleApplication@58ad70c7
reloadAllAccessors: .WidthTestWithSubscriberPublisher3

===========================================================================================
----------------- testing Tue Apr 21 14:08:46 UTC 2020 /home/travis/build/icyphy/ptII/ptolemy/actor/lib/test/auto/Writer.xml
----------------- Instantiating /home/travis/build/icyphy/ptII/ptolemy/actor/lib/test/auto/Writer.xml
0
1
2
3
4
1 ms. Memory: 468992K Free: 309997K (66%)
----------------- Invoking toplevel() on ptolemy.moml.MoMLSimpleApplication@1fc509b8
----------------- Done invoking toplevel() on ptolemy.moml.MoMLSimpleApplication@1fc509b8
reloadAllAccessors: .Writer

===========================================================================================
----------------- testing Tue Apr 21 14:08:46 UTC 2020 /home/travis/build/icyphy/ptII/ptolemy/actor/lib/test/auto/array.xml
----------------- Instantiating /home/travis/build/icyphy/ptII/ptolemy/actor/lib/test/auto/array.xml
2 ms. Memory: 468992K Free: 305387K (65%)
----------------- Invoking toplevel() on ptolemy.moml.MoMLSimpleApplication@32c44974
----------------- Done invoking toplevel() on ptolemy.moml.MoMLSimpleApplication@32c44974
reloadAllAccessors: .array

===========================================================================================
----------------- testing Tue Apr 21 14:08:46 UTC 2020 /home/travis/build/icyphy/ptII/ptolemy/actor/lib/test/auto/array2.xml
----------------- Instantiating /home/travis/build/icyphy/ptII/ptolemy/actor/lib/test/auto/array2.xml
4 ms. Memory: 468992K Free: 300781K (64%)
----------------- Invoking toplevel() on ptolemy.moml.MoMLSimpleApplication@1f2b5a2e
----------------- Done invoking toplevel() on ptolemy.moml.MoMLSimpleApplication@1f2b5a2e
reloadAllAccessors: .array2

===========================================================================================
----------------- testing Tue Apr 21 14:08:46 UTC 2020 /home/travis/build/icyphy/ptII/ptolemy/actor/lib/test/auto/arrayType.xml
----------------- Instantiating /home/travis/build/icyphy/ptII/ptolemy/actor/lib/test/auto/arrayType.xml
2 ms. Memory: 468992K Free: 295661K (63%)
----------------- Invoking toplevel() on ptolemy.moml.MoMLSimpleApplication@1b2621c4
----------------- Done invoking toplevel() on ptolemy.moml.MoMLSimpleApplication@1b2621c4
reloadAllAccessors: .arrayType

===========================================================================================
----------------- testing Tue Apr 21 14:08:46 UTC 2020 /home/travis/build/icyphy/ptII/ptolemy/actor/lib/test/auto/arrayType10.xml
----------------- Instantiating /home/travis/build/icyphy/ptII/ptolemy/actor/lib/test/auto/arrayType10.xml
1 ms. Memory: 468992K Free: 290541K (62%)
----------------- Invoking toplevel() on ptolemy.moml.MoMLSimpleApplication@1c09b265
----------------- Done invoking toplevel() on ptolemy.moml.MoMLSimpleApplication@1c09b265
reloadAllAccessors: .arrayType10

===========================================================================================
----------------- testing Tue Apr 21 14:08:46 UTC 2020 /home/travis/build/icyphy/ptII/ptolemy/actor/lib/test/auto/arrayType11.xml
----------------- Instantiating /home/travis/build/icyphy/ptII/ptolemy/actor/lib/test/auto/arrayType11.xml
1 ms. Memory: 468992K Free: 284907K (61%)
----------------- Invoking toplevel() on ptolemy.moml.MoMLSimpleApplication@3f3f6137
----------------- Done invoking toplevel() on ptolemy.moml.MoMLSimpleApplication@3f3f6137
reloadAllAccessors: .arrayType11

===========================================================================================
----------------- testing Tue Apr 21 14:08:46 UTC 2020 /home/travis/build/icyphy/ptII/ptolemy/actor/lib/test/auto/arrayType12.xml
----------------- Instantiating /home/travis/build/icyphy/ptII/ptolemy/actor/lib/test/auto/arrayType12.xml
1 ms. Memory: 468992K Free: 280301K (60%)
----------------- Invoking toplevel() on ptolemy.moml.MoMLSimpleApplication@2a9c9b4c
----------------- Done invoking toplevel() on ptolemy.moml.MoMLSimpleApplication@2a9c9b4c
reloadAllAccessors: .arrayType12

===========================================================================================
----------------- testing Tue Apr 21 14:08:46 UTC 2020 /home/travis/build/icyphy/ptII/ptolemy/actor/lib/test/auto/arrayType13.xml
----------------- Instantiating /home/travis/build/icyphy/ptII/ptolemy/actor/lib/test/auto/arrayType13.xml
1 ms. Memory: 468992K Free: 274667K (59%)
----------------- Invoking toplevel() on ptolemy.moml.MoMLSimpleApplication@57d1b6dd
----------------- Done invoking toplevel() on ptolemy.moml.MoMLSimpleApplication@57d1b6dd
reloadAllAccessors: .arrayType13

===========================================================================================
----------------- testing Tue Apr 21 14:08:46 UTC 2020 /home/travis/build/icyphy/ptII/ptolemy/actor/lib/test/auto/arrayType14.xml
----------------- Instantiating /home/travis/build/icyphy/ptII/ptolemy/actor/lib/test/auto/arrayType14.xml
1 ms. Memory: 468992K Free: 269547K (57%)
----------------- Invoking toplevel() on ptolemy.moml.MoMLSimpleApplication@5abdcc62
----------------- Done invoking toplevel() on ptolemy.moml.MoMLSimpleApplication@5abdcc62
reloadAllAccessors: .arrayType14

===========================================================================================
----------------- testing Tue Apr 21 14:08:46 UTC 2020 /home/travis/build/icyphy/ptII/ptolemy/actor/lib/test/auto/arrayType15.xml
----------------- Instantiating /home/travis/build/icyphy/ptII/ptolemy/actor/lib/test/auto/arrayType15.xml
2 ms. Memory: 468992K Free: 263917K (56%)
----------------- Invoking toplevel() on ptolemy.moml.MoMLSimpleApplication@31571198
----------------- Done invoking toplevel() on ptolemy.moml.MoMLSimpleApplication@31571198
reloadAllAccessors: .arrayType15

===========================================================================================
----------------- testing Tue Apr 21 14:08:46 UTC 2020 /home/travis/build/icyphy/ptII/ptolemy/actor/lib/test/auto/arrayType16.xml
----------------- Instantiating /home/travis/build/icyphy/ptII/ptolemy/actor/lib/test/auto/arrayType16.xml
1 ms. Memory: 468992K Free: 258797K (55%)
----------------- Invoking toplevel() on ptolemy.moml.MoMLSimpleApplication@3df5956e
----------------- Done invoking toplevel() on ptolemy.moml.MoMLSimpleApplication@3df5956e
reloadAllAccessors: .arrayType16

===========================================================================================
----------------- testing Tue Apr 21 14:08:46 UTC 2020 /home/travis/build/icyphy/ptII/ptolemy/actor/lib/test/auto/arrayType17.xml
----------------- Instantiating /home/travis/build/icyphy/ptII/ptolemy/actor/lib/test/auto/arrayType17.xml
1 ms. Memory: 468992K Free: 253677K (54%)
----------------- Invoking toplevel() on ptolemy.moml.MoMLSimpleApplication@1a39d1db
----------------- Done invoking toplevel() on ptolemy.moml.MoMLSimpleApplication@1a39d1db
reloadAllAccessors: .arrayType17

===========================================================================================
----------------- testing Tue Apr 21 14:08:46 UTC 2020 /home/travis/build/icyphy/ptII/ptolemy/actor/lib/test/auto/arrayType18.xml
----------------- Instantiating /home/travis/build/icyphy/ptII/ptolemy/actor/lib/test/auto/arrayType18.xml
1 ms. Memory: 468992K Free: 248557K (53%)
----------------- Invoking toplevel() on ptolemy.moml.MoMLSimpleApplication@40b178ae
----------------- Done invoking toplevel() on ptolemy.moml.MoMLSimpleApplication@40b178ae
reloadAllAccessors: .arrayType18

===========================================================================================
----------------- testing Tue Apr 21 14:08:46 UTC 2020 /home/travis/build/icyphy/ptII/ptolemy/actor/lib/test/auto/arrayType19.xml
----------------- Instantiating /home/travis/build/icyphy/ptII/ptolemy/actor/lib/test/auto/arrayType19.xml
1 ms. Memory: 468992K Free: 243947K (52%)
----------------- Invoking toplevel() on ptolemy.moml.MoMLSimpleApplication@5b3f2f14
----------------- Done invoking toplevel() on ptolemy.moml.MoMLSimpleApplication@5b3f2f14
reloadAllAccessors: .arrayType19

===========================================================================================
----------------- testing Tue Apr 21 14:08:46 UTC 2020 /home/travis/build/icyphy/ptII/ptolemy/actor/lib/test/auto/arrayType2.xml
----------------- Instantiating /home/travis/build/icyphy/ptII/ptolemy/actor/lib/test/auto/arrayType2.xml
1 ms. Memory: 468992K Free: 238827K (51%)
----------------- Invoking toplevel() on ptolemy.moml.MoMLSimpleApplication@2ca31349
----------------- Done invoking toplevel() on ptolemy.moml.MoMLSimpleApplication@2ca31349
reloadAllAccessors: .arrayType2

===========================================================================================
----------------- testing Tue Apr 21 14:08:46 UTC 2020 /home/travis/build/icyphy/ptII/ptolemy/actor/lib/test/auto/arrayType20.xml
----------------- Instantiating /home/travis/build/icyphy/ptII/ptolemy/actor/lib/test/auto/arrayType20.xml
1 ms. Memory: 468992K Free: 233707K (50%)
----------------- Invoking toplevel() on ptolemy.moml.MoMLSimpleApplication@3be4aa7e
----------------- Done invoking toplevel() on ptolemy.moml.MoMLSimpleApplication@3be4aa7e
reloadAllAccessors: .arrayType20

===========================================================================================
----------------- testing Tue Apr 21 14:08:46 UTC 2020 /home/travis/build/icyphy/ptII/ptolemy/actor/lib/test/auto/arrayType21.xml
----------------- Instantiating /home/travis/build/icyphy/ptII/ptolemy/actor/lib/test/auto/arrayType21.xml
1 ms. Memory: 468992K Free: 229101K (49%)
----------------- Invoking toplevel() on ptolemy.moml.MoMLSimpleApplication@33df0d79
----------------- Done invoking toplevel() on ptolemy.moml.MoMLSimpleApplication@33df0d79
reloadAllAccessors: .arrayType21

===========================================================================================
----------------- testing Tue Apr 21 14:08:46 UTC 2020 /home/travis/build/icyphy/ptII/ptolemy/actor/lib/test/auto/arrayType22.xml
----------------- Instantiating /home/travis/build/icyphy/ptII/ptolemy/actor/lib/test/auto/arrayType22.xml
1 ms. Memory: 468992K Free: 224491K (48%)
----------------- Invoking toplevel() on ptolemy.moml.MoMLSimpleApplication@6dbfb74d
----------------- Done invoking toplevel() on ptolemy.moml.MoMLSimpleApplication@6dbfb74d
reloadAllAccessors: .arrayType22

===========================================================================================
----------------- testing Tue Apr 21 14:08:46 UTC 2020 /home/travis/build/icyphy/ptII/ptolemy/actor/lib/test/auto/arrayType23.xml
----------------- Instantiating /home/travis/build/icyphy/ptII/ptolemy/actor/lib/test/auto/arrayType23.xml
2 ms. Memory: 468992K Free: 219371K (47%)
----------------- Invoking toplevel() on ptolemy.moml.MoMLSimpleApplication@2db41ec3
----------------- Done invoking toplevel() on ptolemy.moml.MoMLSimpleApplication@2db41ec3
reloadAllAccessors: .arrayType23

===========================================================================================
----------------- testing Tue Apr 21 14:08:46 UTC 2020 /home/travis/build/icyphy/ptII/ptolemy/actor/lib/test/auto/arrayType24.xml
----------------- Instantiating /home/travis/build/icyphy/ptII/ptolemy/actor/lib/test/auto/arrayType24.xml
1 ms. Memory: 468992K Free: 214765K (46%)
----------------- Invoking toplevel() on ptolemy.moml.MoMLSimpleApplication@a4f066e
----------------- Done invoking toplevel() on ptolemy.moml.MoMLSimpleApplication@a4f066e
reloadAllAccessors: .arrayType24

===========================================================================================
----------------- testing Tue Apr 21 14:08:46 UTC 2020 /home/travis/build/icyphy/ptII/ptolemy/actor/lib/test/auto/arrayType25.xml
----------------- Instantiating /home/travis/build/icyphy/ptII/ptolemy/actor/lib/test/auto/arrayType25.xml
1 ms. Memory: 468992K Free: 209645K (45%)
----------------- Invoking toplevel() on ptolemy.moml.MoMLSimpleApplication@4836575d
----------------- Done invoking toplevel() on ptolemy.moml.MoMLSimpleApplication@4836575d
reloadAllAccessors: .arrayType25

===========================================================================================
----------------- testing Tue Apr 21 14:08:46 UTC 2020 /home/travis/build/icyphy/ptII/ptolemy/actor/lib/test/auto/arrayType26.xml
----------------- Instantiating /home/travis/build/icyphy/ptII/ptolemy/actor/lib/test/auto/arrayType26.xml
1 ms. Memory: 468992K Free: 204011K (43%)
----------------- Invoking toplevel() on ptolemy.moml.MoMLSimpleApplication@6d53da63
----------------- Done invoking toplevel() on ptolemy.moml.MoMLSimpleApplication@6d53da63
reloadAllAccessors: .arrayType26

===========================================================================================
----------------- testing Tue Apr 21 14:08:46 UTC 2020 /home/travis/build/icyphy/ptII/ptolemy/actor/lib/test/auto/arrayType27.xml
----------------- Instantiating /home/travis/build/icyphy/ptII/ptolemy/actor/lib/test/auto/arrayType27.xml
1 ms. Memory: 468992K Free: 198877K (42%)
----------------- Invoking toplevel() on ptolemy.moml.MoMLSimpleApplication@11e63501
----------------- Done invoking toplevel() on ptolemy.moml.MoMLSimpleApplication@11e63501
reloadAllAccessors: .arrayType27

===========================================================================================
----------------- testing Tue Apr 21 14:08:46 UTC 2020 /home/travis/build/icyphy/ptII/ptolemy/actor/lib/test/auto/arrayType28.xml
----------------- Instantiating /home/travis/build/icyphy/ptII/ptolemy/actor/lib/test/auto/arrayType28.xml
2 ms. Memory: 468992K Free: 193261K (41%)
----------------- Invoking toplevel() on ptolemy.moml.MoMLSimpleApplication@2ad0ddb4
----------------- Done invoking toplevel() on ptolemy.moml.MoMLSimpleApplication@2ad0ddb4
reloadAllAccessors: .arrayType28

===========================================================================================
----------------- testing Tue Apr 21 14:08:46 UTC 2020 /home/travis/build/icyphy/ptII/ptolemy/actor/lib/test/auto/arrayType3.xml
----------------- Instantiating /home/travis/build/icyphy/ptII/ptolemy/actor/lib/test/auto/arrayType3.xml
1 ms. Memory: 468992K Free: 188141K (40%)
----------------- Invoking toplevel() on ptolemy.moml.MoMLSimpleApplication@2a08f088
----------------- Done invoking toplevel() on ptolemy.moml.MoMLSimpleApplication@2a08f088
reloadAllAccessors: .arrayType3

===========================================================================================
----------------- testing Tue Apr 21 14:08:46 UTC 2020 /home/travis/build/icyphy/ptII/ptolemy/actor/lib/test/auto/arrayType4.xml
----------------- Instantiating /home/travis/build/icyphy/ptII/ptolemy/actor/lib/test/auto/arrayType4.xml
1 ms. Memory: 468992K Free: 183021K (39%)
----------------- Invoking toplevel() on ptolemy.moml.MoMLSimpleApplication@3a284ea4
----------------- Done invoking toplevel() on ptolemy.moml.MoMLSimpleApplication@3a284ea4
reloadAllAccessors: .arrayType4

===========================================================================================
----------------- testing Tue Apr 21 14:08:46 UTC 2020 /home/travis/build/icyphy/ptII/ptolemy/actor/lib/test/auto/arrayType5.xml
----------------- Instantiating /home/travis/build/icyphy/ptII/ptolemy/actor/lib/test/auto/arrayType5.xml
1 ms. Memory: 468992K Free: 177387K (38%)
----------------- Invoking toplevel() on ptolemy.moml.MoMLSimpleApplication@59bcde1c
----------------- Done invoking toplevel() on ptolemy.moml.MoMLSimpleApplication@59bcde1c
reloadAllAccessors: .arrayType5

===========================================================================================
----------------- testing Tue Apr 21 14:08:46 UTC 2020 /home/travis/build/icyphy/ptII/ptolemy/actor/lib/test/auto/arrayType6.xml
----------------- Instantiating /home/travis/build/icyphy/ptII/ptolemy/actor/lib/test/auto/arrayType6.xml
1 ms. Memory: 468992K Free: 172781K (37%)
----------------- Invoking toplevel() on ptolemy.moml.MoMLSimpleApplication@1d5854d
----------------- Done invoking toplevel() on ptolemy.moml.MoMLSimpleApplication@1d5854d
reloadAllAccessors: .arrayType6

===========================================================================================
----------------- testing Tue Apr 21 14:08:46 UTC 2020 /home/travis/build/icyphy/ptII/ptolemy/actor/lib/test/auto/arrayType7.xml
----------------- Instantiating /home/travis/build/icyphy/ptII/ptolemy/actor/lib/test/auto/arrayType7.xml
1 ms. Memory: 468992K Free: 167661K (36%)
----------------- Invoking toplevel() on ptolemy.moml.MoMLSimpleApplication@2b0671ab
----------------- Done invoking toplevel() on ptolemy.moml.MoMLSimpleApplication@2b0671ab
reloadAllAccessors: .arrayType7

===========================================================================================
----------------- testing Tue Apr 21 14:08:46 UTC 2020 /home/travis/build/icyphy/ptII/ptolemy/actor/lib/test/auto/arrayType8.xml
----------------- Instantiating /home/travis/build/icyphy/ptII/ptolemy/actor/lib/test/auto/arrayType8.xml
5 ms. Memory: 468992K Free: 163051K (35%)
----------------- Invoking toplevel() on ptolemy.moml.MoMLSimpleApplication@1f395ac4
----------------- Done invoking toplevel() on ptolemy.moml.MoMLSimpleApplication@1f395ac4
reloadAllAccessors: .arrayType8

===========================================================================================
----------------- testing Tue Apr 21 14:08:46 UTC 2020 /home/travis/build/icyphy/ptII/ptolemy/actor/lib/test/auto/arrayType9.xml
----------------- Instantiating /home/travis/build/icyphy/ptII/ptolemy/actor/lib/test/auto/arrayType9.xml
1 ms. Memory: 468992K Free: 158445K (34%)
----------------- Invoking toplevel() on ptolemy.moml.MoMLSimpleApplication@5a308cd8
----------------- Done invoking toplevel() on ptolemy.moml.MoMLSimpleApplication@5a308cd8
reloadAllAccessors: .arrayType9

===========================================================================================
----------------- testing Tue Apr 21 14:08:46 UTC 2020 /home/travis/build/icyphy/ptII/ptolemy/actor/lib/test/auto/cast.xml
----------------- Instantiating /home/travis/build/icyphy/ptII/ptolemy/actor/lib/test/auto/cast.xml
1 ms. Memory: 468992K Free: 153325K (33%)
----------------- Invoking toplevel() on ptolemy.moml.MoMLSimpleApplication@5c69306a
----------------- Done invoking toplevel() on ptolemy.moml.MoMLSimpleApplication@5c69306a
reloadAllAccessors: .cast

===========================================================================================
----------------- testing Tue Apr 21 14:08:46 UTC 2020 /home/travis/build/icyphy/ptII/ptolemy/actor/lib/test/auto/compositeMultiPort.xml
----------------- Instantiating /home/travis/build/icyphy/ptII/ptolemy/actor/lib/test/auto/compositeMultiPort.xml
2 ms. Memory: 468992K Free: 144619K (31%)
----------------- Invoking toplevel() on ptolemy.moml.MoMLSimpleApplication@51229ff0
----------------- Done invoking toplevel() on ptolemy.moml.MoMLSimpleApplication@51229ff0
reloadAllAccessors: .compositeMultiPort

===========================================================================================
----------------- testing Tue Apr 21 14:08:46 UTC 2020 /home/travis/build/icyphy/ptII/ptolemy/actor/lib/test/auto/expressionCastInference.xml
----------------- Instantiating /home/travis/build/icyphy/ptII/ptolemy/actor/lib/test/auto/expressionCastInference.xml
17 ms. Memory: 468992K Free: 414401K (88%)
----------------- Invoking toplevel() on ptolemy.moml.MoMLSimpleApplication@6d194c94
----------------- Done invoking toplevel() on ptolemy.moml.MoMLSimpleApplication@6d194c94
reloadAllAccessors: .expressionCastInference

===========================================================================================
----------------- testing Tue Apr 21 14:08:46 UTC 2020 /home/travis/build/icyphy/ptII/ptolemy/actor/lib/test/auto/expressionCastInference2.xml
----------------- Instantiating /home/travis/build/icyphy/ptII/ptolemy/actor/lib/test/auto/expressionCastInference2.xml
2 ms. Memory: 468992K Free: 409032K (87%)
----------------- Invoking toplevel() on ptolemy.moml.MoMLSimpleApplication@6a7efea8
----------------- Done invoking toplevel() on ptolemy.moml.MoMLSimpleApplication@6a7efea8
reloadAllAccessors: .expressionCastInference2

===========================================================================================
----------------- testing Tue Apr 21 14:08:46 UTC 2020 /home/travis/build/icyphy/ptII/ptolemy/actor/lib/test/auto/expressionInference.xml
----------------- Instantiating /home/travis/build/icyphy/ptII/ptolemy/actor/lib/test/auto/expressionInference.xml
1 ms. Memory: 468992K Free: 404936K (86%)
----------------- Invoking toplevel() on ptolemy.moml.MoMLSimpleApplication@12ff1b7e
----------------- Done invoking toplevel() on ptolemy.moml.MoMLSimpleApplication@12ff1b7e
reloadAllAccessors: .expressionInference

===========================================================================================
----------------- testing Tue Apr 21 14:08:46 UTC 2020 /home/travis/build/icyphy/ptII/ptolemy/actor/lib/test/auto/expression_bug.xml
----------------- Instantiating /home/travis/build/icyphy/ptII/ptolemy/actor/lib/test/auto/expression_bug.xml
1 ms. Memory: 468992K Free: 400326K (85%)
----------------- Invoking toplevel() on ptolemy.moml.MoMLSimpleApplication@12172649
----------------- Done invoking toplevel() on ptolemy.moml.MoMLSimpleApplication@12172649
reloadAllAccessors: .expression_bug

===========================================================================================
----------------- testing Tue Apr 21 14:08:46 UTC 2020 /home/travis/build/icyphy/ptII/ptolemy/actor/lib/test/auto/factorial.xml
----------------- Instantiating /home/travis/build/icyphy/ptII/ptolemy/actor/lib/test/auto/factorial.xml
52 ms. Memory: 468992K Free: 391624K (84%)
----------------- Invoking toplevel() on ptolemy.moml.MoMLSimpleApplication@1756d7a0
----------------- Done invoking toplevel() on ptolemy.moml.MoMLSimpleApplication@1756d7a0
reloadAllAccessors: .factorial

===========================================================================================
----------------- testing Tue Apr 21 14:08:46 UTC 2020 /home/travis/build/icyphy/ptII/ptolemy/actor/lib/test/auto/filterTest1.xml
----------------- Instantiating /home/travis/build/icyphy/ptII/ptolemy/actor/lib/test/auto/filterTest1.xml
3 ms. Memory: 468992K Free: 385480K (82%)
----------------- Invoking toplevel() on ptolemy.moml.MoMLSimpleApplication@54e68673
----------------- Done invoking toplevel() on ptolemy.moml.MoMLSimpleApplication@54e68673
reloadAllAccessors: .filterTest1

===========================================================================================
----------------- testing Tue Apr 21 14:08:46 UTC 2020 /home/travis/build/icyphy/ptII/ptolemy/actor/lib/test/auto/funcApplyInConst.xml
----------------- Instantiating /home/travis/build/icyphy/ptII/ptolemy/actor/lib/test/auto/funcApplyInConst.xml
1 ms. Memory: 468992K Free: 381894K (81%)
----------------- Invoking toplevel() on ptolemy.moml.MoMLSimpleApplication@e1433f2
----------------- Done invoking toplevel() on ptolemy.moml.MoMLSimpleApplication@e1433f2
reloadAllAccessors: .funcApplyInConst

===========================================================================================
----------------- testing Tue Apr 21 14:08:46 UTC 2020 /home/travis/build/icyphy/ptII/ptolemy/actor/lib/test/auto/funcApplyInExpr.xml
----------------- Instantiating /home/travis/build/icyphy/ptII/ptolemy/actor/lib/test/auto/funcApplyInExpr.xml
1 ms. Memory: 468992K Free: 378312K (81%)
----------------- Invoking toplevel() on ptolemy.moml.MoMLSimpleApplication@6d99f10a
----------------- Done invoking toplevel() on ptolemy.moml.MoMLSimpleApplication@6d99f10a
reloadAllAccessors: .funcApplyInExpr

===========================================================================================
----------------- testing Tue Apr 21 14:08:46 UTC 2020 /home/travis/build/icyphy/ptII/ptolemy/actor/lib/test/auto/function.xml
----------------- Instantiating /home/travis/build/icyphy/ptII/ptolemy/actor/lib/test/auto/function.xml
2 ms. Memory: 468992K Free: 373192K (80%)
----------------- Invoking toplevel() on ptolemy.moml.MoMLSimpleApplication@ce2117e
----------------- Done invoking toplevel() on ptolemy.moml.MoMLSimpleApplication@ce2117e
reloadAllAccessors: .function

===========================================================================================
----------------- testing Tue Apr 21 14:08:46 UTC 2020 /home/travis/build/icyphy/ptII/ptolemy/actor/lib/test/auto/function2.xml
----------------- Instantiating /home/travis/build/icyphy/ptII/ptolemy/actor/lib/test/auto/function2.xml
1 ms. Memory: 468992K Free: 368582K (79%)
----------------- Invoking toplevel() on ptolemy.moml.MoMLSimpleApplication@5d7e81a8
----------------- Done invoking toplevel() on ptolemy.moml.MoMLSimpleApplication@5d7e81a8
reloadAllAccessors: .function2

===========================================================================================
----------------- testing Tue Apr 21 14:08:46 UTC 2020 /home/travis/build/icyphy/ptII/ptolemy/actor/lib/test/auto/function3.xml
----------------- Instantiating /home/travis/build/icyphy/ptII/ptolemy/actor/lib/test/auto/function3.xml
1 ms. Memory: 468992K Free: 364486K (78%)
----------------- Invoking toplevel() on ptolemy.moml.MoMLSimpleApplication@2471440a
----------------- Done invoking toplevel() on ptolemy.moml.MoMLSimpleApplication@2471440a
reloadAllAccessors: .function3

===========================================================================================
----------------- testing Tue Apr 21 14:08:46 UTC 2020 /home/travis/build/icyphy/ptII/ptolemy/actor/lib/test/auto/functionClosureTest1.xml
----------------- Instantiating /home/travis/build/icyphy/ptII/ptolemy/actor/lib/test/auto/functionClosureTest1.xml
2 ms. Memory: 468992K Free: 358856K (77%)
----------------- Invoking toplevel() on ptolemy.moml.MoMLSimpleApplication@28f86ea3
----------------- Done invoking toplevel() on ptolemy.moml.MoMLSimpleApplication@28f86ea3
reloadAllAccessors: .functionClosureTest1

===========================================================================================
----------------- testing Tue Apr 21 14:08:46 UTC 2020 /home/travis/build/icyphy/ptII/ptolemy/actor/lib/test/auto/functionClosureTest2.xml
----------------- Instantiating /home/travis/build/icyphy/ptII/ptolemy/actor/lib/test/auto/functionClosureTest2.xml
0 ms. Memory: 468992K Free: 354760K (76%)
----------------- Invoking toplevel() on ptolemy.moml.MoMLSimpleApplication@6f9723de
----------------- Done invoking toplevel() on ptolemy.moml.MoMLSimpleApplication@6f9723de
reloadAllAccessors: .functionClosureTest2

===========================================================================================
----------------- testing Tue Apr 21 14:08:46 UTC 2020 /home/travis/build/icyphy/ptII/ptolemy/actor/lib/test/auto/functionClosureTest3.xml
----------------- Instantiating /home/travis/build/icyphy/ptII/ptolemy/actor/lib/test/auto/functionClosureTest3.xml
2 ms. Memory: 468992K Free: 349640K (75%)
----------------- Invoking toplevel() on ptolemy.moml.MoMLSimpleApplication@11287b66
----------------- Done invoking toplevel() on ptolemy.moml.MoMLSimpleApplication@11287b66
reloadAllAccessors: .functionClosureTest3

===========================================================================================
----------------- testing Tue Apr 21 14:08:46 UTC 2020 /home/travis/build/icyphy/ptII/ptolemy/actor/lib/test/auto/functionClosureTest4.xml
----------------- Instantiating /home/travis/build/icyphy/ptII/ptolemy/actor/lib/test/auto/functionClosureTest4.xml
6 ms. Memory: 468992K Free: 342982K (73%)
----------------- Invoking toplevel() on ptolemy.moml.MoMLSimpleApplication@339d7779
----------------- Done invoking toplevel() on ptolemy.moml.MoMLSimpleApplication@339d7779
reloadAllAccessors: .functionClosureTest4

===========================================================================================
----------------- testing Tue Apr 21 14:08:46 UTC 2020 /home/travis/build/icyphy/ptII/ptolemy/actor/lib/test/auto/functionClosureTest5.xml
----------------- Instantiating /home/travis/build/icyphy/ptII/ptolemy/actor/lib/test/auto/functionClosureTest5.xml
3 ms. Memory: 468992K Free: 337856K (72%)
----------------- Invoking toplevel() on ptolemy.moml.MoMLSimpleApplication@752c5657
----------------- Done invoking toplevel() on ptolemy.moml.MoMLSimpleApplication@752c5657
reloadAllAccessors: .functionClosureTest5

===========================================================================================
----------------- testing Tue Apr 21 14:08:47 UTC 2020 /home/travis/build/icyphy/ptII/ptolemy/actor/lib/test/auto/functionClosureTest6.xml
----------------- Instantiating /home/travis/build/icyphy/ptII/ptolemy/actor/lib/test/auto/functionClosureTest6.xml
1 ms. Memory: 468992K Free: 333256K (71%)
----------------- Invoking toplevel() on ptolemy.moml.MoMLSimpleApplication@731589cd
----------------- Done invoking toplevel() on ptolemy.moml.MoMLSimpleApplication@731589cd
reloadAllAccessors: .functionClosureTest6

===========================================================================================
----------------- testing Tue Apr 21 14:08:47 UTC 2020 /home/travis/build/icyphy/ptII/ptolemy/actor/lib/test/auto/functionsOnArcs.xml
----------------- Instantiating /home/travis/build/icyphy/ptII/ptolemy/actor/lib/test/auto/functionsOnArcs.xml
1 ms. Memory: 468992K Free: 327622K (70%)
----------------- Invoking toplevel() on ptolemy.moml.MoMLSimpleApplication@222f228d
----------------- Done invoking toplevel() on ptolemy.moml.MoMLSimpleApplication@222f228d
reloadAllAccessors: .functionsOnArcs

===========================================================================================
----------------- testing Tue Apr 21 14:08:47 UTC 2020 /home/travis/build/icyphy/ptII/ptolemy/actor/lib/test/auto/functionsOnArcsHOF.xml
----------------- Instantiating /home/travis/build/icyphy/ptII/ptolemy/actor/lib/test/auto/functionsOnArcsHOF.xml
3 ms. Memory: 468992K Free: 321992K (69%)
----------------- Invoking toplevel() on ptolemy.moml.MoMLSimpleApplication@765dab0d
----------------- Done invoking toplevel() on ptolemy.moml.MoMLSimpleApplication@765dab0d
reloadAllAccessors: .functionsOnArcsHOF

===========================================================================================
----------------- testing Tue Apr 21 14:08:47 UTC 2020 /home/travis/build/icyphy/ptII/ptolemy/actor/lib/test/auto/logic.xml
----------------- Instantiating /home/travis/build/icyphy/ptII/ptolemy/actor/lib/test/auto/logic.xml
2 ms. Memory: 468992K Free: 314310K (67%)
----------------- Invoking toplevel() on ptolemy.moml.MoMLSimpleApplication@13f9407c
----------------- Done invoking toplevel() on ptolemy.moml.MoMLSimpleApplication@13f9407c
reloadAllAccessors: .logic

===========================================================================================
----------------- testing Tue Apr 21 14:08:47 UTC 2020 /home/travis/build/icyphy/ptII/ptolemy/actor/lib/test/auto/matrixType.xml
----------------- Instantiating /home/travis/build/icyphy/ptII/ptolemy/actor/lib/test/auto/matrixType.xml
2 ms. Memory: 468992K Free: 309176K (66%)
----------------- Invoking toplevel() on ptolemy.moml.MoMLSimpleApplication@12b523dd
----------------- Done invoking toplevel() on ptolemy.moml.MoMLSimpleApplication@12b523dd
reloadAllAccessors: .matrixType

===========================================================================================
----------------- testing Tue Apr 21 14:08:47 UTC 2020 /home/travis/build/icyphy/ptII/ptolemy/actor/lib/test/auto/matrixType10.xml
----------------- Instantiating /home/travis/build/icyphy/ptII/ptolemy/actor/lib/test/auto/matrixType10.xml
1 ms. Memory: 468992K Free: 304070K (65%)
----------------- Invoking toplevel() on ptolemy.moml.MoMLSimpleApplication@13021c0
----------------- Done invoking toplevel() on ptolemy.moml.MoMLSimpleApplication@13021c0
reloadAllAccessors: .matrixType10

===========================================================================================
----------------- testing Tue Apr 21 14:08:47 UTC 2020 /home/travis/build/icyphy/ptII/ptolemy/actor/lib/test/auto/matrixType11.xml
----------------- Instantiating /home/travis/build/icyphy/ptII/ptolemy/actor/lib/test/auto/matrixType11.xml
1 ms. Memory: 468992K Free: 299464K (64%)
----------------- Invoking toplevel() on ptolemy.moml.MoMLSimpleApplication@b64a3c3
----------------- Done invoking toplevel() on ptolemy.moml.MoMLSimpleApplication@b64a3c3
reloadAllAccessors: .matrixType11

===========================================================================================
----------------- testing Tue Apr 21 14:08:47 UTC 2020 /home/travis/build/icyphy/ptII/ptolemy/actor/lib/test/auto/matrixType12.xml
----------------- Instantiating /home/travis/build/icyphy/ptII/ptolemy/actor/lib/test/auto/matrixType12.xml
1 ms. Memory: 468992K Free: 294344K (63%)
----------------- Invoking toplevel() on ptolemy.moml.MoMLSimpleApplication@66ebd137
----------------- Done invoking toplevel() on ptolemy.moml.MoMLSimpleApplication@66ebd137
reloadAllAccessors: .matrixType12

===========================================================================================
----------------- testing Tue Apr 21 14:08:47 UTC 2020 /home/travis/build/icyphy/ptII/ptolemy/actor/lib/test/auto/matrixType13.xml
----------------- Instantiating /home/travis/build/icyphy/ptII/ptolemy/actor/lib/test/auto/matrixType13.xml
2 ms. Memory: 468992K Free: 289734K (62%)
----------------- Invoking toplevel() on ptolemy.moml.MoMLSimpleApplication@12d7d88b
----------------- Done invoking toplevel() on ptolemy.moml.MoMLSimpleApplication@12d7d88b
reloadAllAccessors: .matrixType13

===========================================================================================
----------------- testing Tue Apr 21 14:08:47 UTC 2020 /home/travis/build/icyphy/ptII/ptolemy/actor/lib/test/auto/matrixType14.xml
----------------- Instantiating /home/travis/build/icyphy/ptII/ptolemy/actor/lib/test/auto/matrixType14.xml
1 ms. Memory: 468992K Free: 284614K (61%)
----------------- Invoking toplevel() on ptolemy.moml.MoMLSimpleApplication@6a333577
----------------- Done invoking toplevel() on ptolemy.moml.MoMLSimpleApplication@6a333577
reloadAllAccessors: .matrixType14

===========================================================================================
----------------- testing Tue Apr 21 14:08:47 UTC 2020 /home/travis/build/icyphy/ptII/ptolemy/actor/lib/test/auto/matrixType2.xml
----------------- Instantiating /home/travis/build/icyphy/ptII/ptolemy/actor/lib/test/auto/matrixType2.xml
1 ms. Memory: 468992K Free: 279480K (60%)
----------------- Invoking toplevel() on ptolemy.moml.MoMLSimpleApplication@7d0868af
----------------- Done invoking toplevel() on ptolemy.moml.MoMLSimpleApplication@7d0868af
reloadAllAccessors: .matrixType2

===========================================================================================
----------------- testing Tue Apr 21 14:08:47 UTC 2020 /home/travis/build/icyphy/ptII/ptolemy/actor/lib/test/auto/matrixType3.xml
----------------- Instantiating /home/travis/build/icyphy/ptII/ptolemy/actor/lib/test/auto/matrixType3.xml
2 ms. Memory: 468992K Free: 274374K (59%)
----------------- Invoking toplevel() on ptolemy.moml.MoMLSimpleApplication@e328237
----------------- Done invoking toplevel() on ptolemy.moml.MoMLSimpleApplication@e328237
reloadAllAccessors: .matrixType3

===========================================================================================
----------------- testing Tue Apr 21 14:08:47 UTC 2020 /home/travis/build/icyphy/ptII/ptolemy/actor/lib/test/auto/matrixType4.xml
----------------- Instantiating /home/travis/build/icyphy/ptII/ptolemy/actor/lib/test/auto/matrixType4.xml
1 ms. Memory: 468992K Free: 269768K (58%)
----------------- Invoking toplevel() on ptolemy.moml.MoMLSimpleApplication@7370e281
----------------- Done invoking toplevel() on ptolemy.moml.MoMLSimpleApplication@7370e281
reloadAllAccessors: .matrixType4

===========================================================================================
----------------- testing Tue Apr 21 14:08:47 UTC 2020 /home/travis/build/icyphy/ptII/ptolemy/actor/lib/test/auto/matrixType5.xml
----------------- Instantiating /home/travis/build/icyphy/ptII/ptolemy/actor/lib/test/auto/matrixType5.xml
1 ms. Memory: 468992K Free: 264648K (56%)
----------------- Invoking toplevel() on ptolemy.moml.MoMLSimpleApplication@691f5c04
----------------- Done invoking toplevel() on ptolemy.moml.MoMLSimpleApplication@691f5c04
reloadAllAccessors: .matrixType5

===========================================================================================
----------------- testing Tue Apr 21 14:08:47 UTC 2020 /home/travis/build/icyphy/ptII/ptolemy/actor/lib/test/auto/matrixType6.xml
----------------- Instantiating /home/travis/build/icyphy/ptII/ptolemy/actor/lib/test/auto/matrixType6.xml
1 ms. Memory: 468992K Free: 260038K (55%)
----------------- Invoking toplevel() on ptolemy.moml.MoMLSimpleApplication@d540b50
----------------- Done invoking toplevel() on ptolemy.moml.MoMLSimpleApplication@d540b50
reloadAllAccessors: .matrixType6

===========================================================================================
----------------- testing Tue Apr 21 14:08:47 UTC 2020 /home/travis/build/icyphy/ptII/ptolemy/actor/lib/test/auto/matrixType7.xml
----------------- Instantiating /home/travis/build/icyphy/ptII/ptolemy/actor/lib/test/auto/matrixType7.xml
1 ms. Memory: 468992K Free: 254918K (54%)
----------------- Invoking toplevel() on ptolemy.moml.MoMLSimpleApplication@2471e355
----------------- Done invoking toplevel() on ptolemy.moml.MoMLSimpleApplication@2471e355
reloadAllAccessors: .matrixType7

===========================================================================================
----------------- testing Tue Apr 21 14:08:47 UTC 2020 /home/travis/build/icyphy/ptII/ptolemy/actor/lib/test/auto/matrixType8.xml
----------------- Instantiating /home/travis/build/icyphy/ptII/ptolemy/actor/lib/test/auto/matrixType8.xml
1 ms. Memory: 468992K Free: 250312K (53%)
----------------- Invoking toplevel() on ptolemy.moml.MoMLSimpleApplication@397606c1
----------------- Done invoking toplevel() on ptolemy.moml.MoMLSimpleApplication@397606c1
reloadAllAccessors: .matrixType8

===========================================================================================
----------------- testing Tue Apr 21 14:08:47 UTC 2020 /home/travis/build/icyphy/ptII/ptolemy/actor/lib/test/auto/matrixType9.xml
----------------- Instantiating /home/travis/build/icyphy/ptII/ptolemy/actor/lib/test/auto/matrixType9.xml
1 ms. Memory: 468992K Free: 245192K (52%)
----------------- Invoking toplevel() on ptolemy.moml.MoMLSimpleApplication@d74ff0e
----------------- Done invoking toplevel() on ptolemy.moml.MoMLSimpleApplication@d74ff0e
reloadAllAccessors: .matrixType9

===========================================================================================
----------------- testing Tue Apr 21 14:08:47 UTC 2020 /home/travis/build/icyphy/ptII/ptolemy/actor/lib/test/auto/paraFunctest.xml
----------------- Instantiating /home/travis/build/icyphy/ptII/ptolemy/actor/lib/test/auto/paraFunctest.xml
2 ms. Memory: 468992K Free: 241606K (52%)
----------------- Invoking toplevel() on ptolemy.moml.MoMLSimpleApplication@213bc25c
----------------- Done invoking toplevel() on ptolemy.moml.MoMLSimpleApplication@213bc25c
reloadAllAccessors: .paraFunctest

===========================================================================================
----------------- testing Tue Apr 21 14:08:47 UTC 2020 /home/travis/build/icyphy/ptII/ptolemy/actor/lib/test/auto/paraFunctest2.xml
----------------- Instantiating /home/travis/build/icyphy/ptII/ptolemy/actor/lib/test/auto/paraFunctest2.xml
1 ms. Memory: 468992K Free: 237510K (51%)
----------------- Invoking toplevel() on ptolemy.moml.MoMLSimpleApplication@68a17258
----------------- Done invoking toplevel() on ptolemy.moml.MoMLSimpleApplication@68a17258
reloadAllAccessors: .paraFunctest2

===========================================================================================
----------------- testing Tue Apr 21 14:08:47 UTC 2020 /home/travis/build/icyphy/ptII/ptolemy/actor/lib/test/auto/parameterPassing.xml
----------------- Instantiating /home/travis/build/icyphy/ptII/ptolemy/actor/lib/test/auto/parameterPassing.xml
0 ms. Memory: 468992K Free: 233414K (50%)
----------------- Invoking toplevel() on ptolemy.moml.MoMLSimpleApplication@756918b6
----------------- Done invoking toplevel() on ptolemy.moml.MoMLSimpleApplication@756918b6
reloadAllAccessors: .parameterPassing

===========================================================================================
----------------- testing Tue Apr 21 14:08:47 UTC 2020 /home/travis/build/icyphy/ptII/ptolemy/actor/lib/test/auto/record.xml
----------------- Instantiating /home/travis/build/icyphy/ptII/ptolemy/actor/lib/test/auto/record.xml
2 ms. Memory: 468992K Free: 228294K (49%)
----------------- Invoking toplevel() on ptolemy.moml.MoMLSimpleApplication@213ca455
----------------- Done invoking toplevel() on ptolemy.moml.MoMLSimpleApplication@213ca455
reloadAllAccessors: .record

===========================================================================================
----------------- testing Tue Apr 21 14:08:47 UTC 2020 /home/travis/build/icyphy/ptII/ptolemy/actor/lib/test/auto/sizedarray1.xml
----------------- Instantiating /home/travis/build/icyphy/ptII/ptolemy/actor/lib/test/auto/sizedarray1.xml
1 ms. Memory: 468992K Free: 223174K (48%)
----------------- Invoking toplevel() on ptolemy.moml.MoMLSimpleApplication@76de4927
----------------- Done invoking toplevel() on ptolemy.moml.MoMLSimpleApplication@76de4927
reloadAllAccessors: .sizedarray1

===========================================================================================
----------------- testing Tue Apr 21 14:08:47 UTC 2020 /home/travis/build/icyphy/ptII/ptolemy/actor/lib/test/auto/sizedarray2.xml
----------------- Instantiating /home/travis/build/icyphy/ptII/ptolemy/actor/lib/test/auto/sizedarray2.xml
2 ms. Memory: 468992K Free: 217030K (46%)
----------------- Invoking toplevel() on ptolemy.moml.MoMLSimpleApplication@71b9fbff
----------------- Done invoking toplevel() on ptolemy.moml.MoMLSimpleApplication@71b9fbff
reloadAllAccessors: .sizedarray2

===========================================================================================
----------------- testing Tue Apr 21 14:08:47 UTC 2020 /home/travis/build/icyphy/ptII/ptolemy/actor/lib/test/auto/twoPublishers.xml
----------------- Instantiating /home/travis/build/icyphy/ptII/ptolemy/actor/lib/test/auto/twoPublishers.xml
5 ms. Memory: 468992K Free: 206776K (44%)
----------------- Invoking toplevel() on ptolemy.moml.MoMLSimpleApplication@7f6d5151
----------------- Done invoking toplevel() on ptolemy.moml.MoMLSimpleApplication@7f6d5151
reloadAllAccessors: .twoPublishers
AutoTests.java: About to close Vertx.
AutoTests.java: Vertx closed.
]]></system-out>
  <system-err><![CDATA[java.lang.RuntimeException: Execution failed
	at ptolemy.moml.MoMLSimpleApplication$UnloadThread.run(MoMLSimpleApplication.java:402)
Caused by: java.lang.RuntimeException: StringUtilities.exit() was called. Normally, we would exit here because Manager.exitAfterWrapup() was called.  However, because the ptolemy.ptII.exitAfterWrapup property is set, we throw this exception instead.
	at ptolemy.util.StringUtilities.exit(StringUtilities.java:365)
	at ptolemy.actor.Manager.wrapup(Manager.java:1549)
	at ptolemy.actor.Manager.execute(Manager.java:407)
	at ptolemy.actor.Manager.run(Manager.java:1263)
	at ptolemy.actor.Manager$PtolemyRunThread.run(Manager.java:1933)
Warning: '.top.test' is in training mode, set the trainingMode parameter to false before checking in
Warning: '.top.test' is in training mode, set the trainingMode parameter to false before checking in
Warning: '.top.test' is in training mode, set the trainingMode parameter to false before checking in
Warning: '.BooleanSwitch_RegressionTest_WrongTrainingValues.Test' is in training mode, set the trainingMode parameter to false before checking in
Warning: '.BooleanSwitch_RegressionTest_WrongTrainingValues.Test2' is in training mode, set the trainingMode parameter to false before checking in
Warning: '.BooleanSwitch_RegressionTest_WrongTrainingValues.Test2' The test produced 0 tokens.
Warning: '.top.testExceptionHandler' is in training mode, set the trainingMode parameter to false before checking in
java.lang.RuntimeException: Execution failed
	at ptolemy.moml.MoMLSimpleApplication$UnloadThread.run(MoMLSimpleApplication.java:402)
Caused by: ptolemy.kernel.util.IllegalActionException: PublisherPorts cannot be used at the top level, use a Publisher actor instead.
  in .PublisherPortToplevelSubscriber.PublisherPort
	at ptolemy.actor.PublisherPort.preinitialize(PublisherPort.java:403)
	at ptolemy.actor.CompositeActor.preinitialize(CompositeActor.java:1769)
	at ptolemy.actor.Manager.preinitializeAndResolveTypes(Manager.java:1040)
	at ptolemy.actor.Manager.initialize(Manager.java:710)
	at ptolemy.actor.Manager.execute(Manager.java:356)
	at ptolemy.actor.Manager.run(Manager.java:1263)
	at ptolemy.actor.Manager$PtolemyRunThread.run(Manager.java:1933)
java.lang.reflect.InvocationTargetException
	at java.base/jdk.internal.reflect.NativeConstructorAccessorImpl.newInstance0(Native Method)
	at java.base/jdk.internal.reflect.NativeConstructorAccessorImpl.newInstance(NativeConstructorAccessorImpl.java:62)
	at java.base/jdk.internal.reflect.DelegatingConstructorAccessorImpl.newInstance(DelegatingConstructorAccessorImpl.java:45)
	at java.base/java.lang.reflect.Constructor.newInstance(Constructor.java:490)
	at ptolemy.util.test.junit.AutoKnownFailedTests.RunModel(AutoKnownFailedTests.java:105)
	at java.base/jdk.internal.reflect.NativeMethodAccessorImpl.invoke0(Native Method)
	at java.base/jdk.internal.reflect.NativeMethodAccessorImpl.invoke(NativeMethodAccessorImpl.java:62)
	at java.base/jdk.internal.reflect.DelegatingMethodAccessorImpl.invoke(DelegatingMethodAccessorImpl.java:43)
	at java.base/java.lang.reflect.Method.invoke(Method.java:566)
	at org.junit.runners.model.FrameworkMethod$1.runReflectiveCall(FrameworkMethod.java:44)
	at org.junit.internal.runners.model.ReflectiveCallable.run(ReflectiveCallable.java:15)
	at org.junit.runners.model.FrameworkMethod.invokeExplosively(FrameworkMethod.java:41)
	at junitparams.internal.InvokeParameterisedMethod.evaluate(InvokeParameterisedMethod.java:102)
	at org.junit.internal.runners.statements.FailOnTimeout$1.run(FailOnTimeout.java:28)
Caused by: ptolemy.kernel.util.IllegalActionException: PublisherPorts cannot be used at the top level, use a Publisher actor instead.
  in .PublisherPortToplevelSubscriber.PublisherPort
	at ptolemy.actor.PublisherPort.preinitialize(PublisherPort.java:403)
	at ptolemy.actor.CompositeActor.preinitialize(CompositeActor.java:1769)
	at ptolemy.actor.Manager.preinitializeAndResolveTypes(Manager.java:1040)
	at ptolemy.actor.Manager.initialize(Manager.java:710)
	at ptolemy.actor.Manager.execute(Manager.java:356)
	at ptolemy.actor.Manager.run(Manager.java:1263)
	at ptolemy.actor.Manager$PtolemyRunThread.run(Manager.java:1933)
java.lang.RuntimeException: Execution failed
	at ptolemy.moml.MoMLSimpleApplication$UnloadThread.run(MoMLSimpleApplication.java:402)
Caused by: ptolemy.kernel.util.IllegalActionException: SubscriberPorts cannot be used at the top level, use a Subscriber actor instead.
  in .PublisherSubscriberPortToplevel.SubscriberPort
	at ptolemy.actor.SubscriberPort.preinitialize(SubscriberPort.java:328)
	at ptolemy.actor.CompositeActor.preinitialize(CompositeActor.java:1769)
	at ptolemy.actor.Manager.preinitializeAndResolveTypes(Manager.java:1040)
	at ptolemy.actor.Manager.initialize(Manager.java:710)
	at ptolemy.actor.Manager.execute(Manager.java:356)
	at ptolemy.actor.Manager.run(Manager.java:1263)
	at ptolemy.actor.Manager$PtolemyRunThread.run(Manager.java:1933)
java.lang.reflect.InvocationTargetException
	at java.base/jdk.internal.reflect.NativeConstructorAccessorImpl.newInstance0(Native Method)
	at java.base/jdk.internal.reflect.NativeConstructorAccessorImpl.newInstance(NativeConstructorAccessorImpl.java:62)
	at java.base/jdk.internal.reflect.DelegatingConstructorAccessorImpl.newInstance(DelegatingConstructorAccessorImpl.java:45)
	at java.base/java.lang.reflect.Constructor.newInstance(Constructor.java:490)
	at ptolemy.util.test.junit.AutoKnownFailedTests.RunModel(AutoKnownFailedTests.java:105)
	at java.base/jdk.internal.reflect.NativeMethodAccessorImpl.invoke0(Native Method)
	at java.base/jdk.internal.reflect.NativeMethodAccessorImpl.invoke(NativeMethodAccessorImpl.java:62)
	at java.base/jdk.internal.reflect.DelegatingMethodAccessorImpl.invoke(DelegatingMethodAccessorImpl.java:43)
	at java.base/java.lang.reflect.Method.invoke(Method.java:566)
	at org.junit.runners.model.FrameworkMethod$1.runReflectiveCall(FrameworkMethod.java:44)
	at org.junit.internal.runners.model.ReflectiveCallable.run(ReflectiveCallable.java:15)
	at org.junit.runners.model.FrameworkMethod.invokeExplosively(FrameworkMethod.java:41)
	at junitparams.internal.InvokeParameterisedMethod.evaluate(InvokeParameterisedMethod.java:102)
	at org.junit.internal.runners.statements.FailOnTimeout$1.run(FailOnTimeout.java:28)
Caused by: ptolemy.kernel.util.IllegalActionException: SubscriberPorts cannot be used at the top level, use a Subscriber actor instead.
  in .PublisherSubscriberPortToplevel.SubscriberPort
	at ptolemy.actor.SubscriberPort.preinitialize(SubscriberPort.java:328)
	at ptolemy.actor.CompositeActor.preinitialize(CompositeActor.java:1769)
	at ptolemy.actor.Manager.preinitializeAndResolveTypes(Manager.java:1040)
	at ptolemy.actor.Manager.initialize(Manager.java:710)
	at ptolemy.actor.Manager.execute(Manager.java:356)
	at ptolemy.actor.Manager.run(Manager.java:1263)
	at ptolemy.actor.Manager$PtolemyRunThread.run(Manager.java:1933)
java.lang.RuntimeException: Execution failed
	at ptolemy.moml.MoMLSimpleApplication$UnloadThread.run(MoMLSimpleApplication.java:402)
Caused by: ptolemy.kernel.util.IllegalActionException: SubscriptionAggregatorPorts cannot be used at the top level, use a SubscriptionAggregator actor instead.
  in .PublisherSubscriptionAggregatorPort.SubscriptionAggregatorPort
	at ptolemy.actor.SubscriptionAggregatorPort.preinitialize(SubscriptionAggregatorPort.java:353)
	at ptolemy.actor.CompositeActor.preinitialize(CompositeActor.java:1769)
	at ptolemy.actor.Manager.preinitializeAndResolveTypes(Manager.java:1040)
	at ptolemy.actor.Manager.initialize(Manager.java:710)
	at ptolemy.actor.Manager.execute(Manager.java:356)
	at ptolemy.actor.Manager.run(Manager.java:1263)
	at ptolemy.actor.Manager$PtolemyRunThread.run(Manager.java:1933)
java.lang.reflect.InvocationTargetException
	at java.base/jdk.internal.reflect.NativeConstructorAccessorImpl.newInstance0(Native Method)
	at java.base/jdk.internal.reflect.NativeConstructorAccessorImpl.newInstance(NativeConstructorAccessorImpl.java:62)
	at java.base/jdk.internal.reflect.DelegatingConstructorAccessorImpl.newInstance(DelegatingConstructorAccessorImpl.java:45)
	at java.base/java.lang.reflect.Constructor.newInstance(Constructor.java:490)
	at ptolemy.util.test.junit.AutoKnownFailedTests.RunModel(AutoKnownFailedTests.java:105)
	at java.base/jdk.internal.reflect.NativeMethodAccessorImpl.invoke0(Native Method)
	at java.base/jdk.internal.reflect.NativeMethodAccessorImpl.invoke(NativeMethodAccessorImpl.java:62)
	at java.base/jdk.internal.reflect.DelegatingMethodAccessorImpl.invoke(DelegatingMethodAccessorImpl.java:43)
	at java.base/java.lang.reflect.Method.invoke(Method.java:566)
	at org.junit.runners.model.FrameworkMethod$1.runReflectiveCall(FrameworkMethod.java:44)
	at org.junit.internal.runners.model.ReflectiveCallable.run(ReflectiveCallable.java:15)
	at org.junit.runners.model.FrameworkMethod.invokeExplosively(FrameworkMethod.java:41)
	at junitparams.internal.InvokeParameterisedMethod.evaluate(InvokeParameterisedMethod.java:102)
	at org.junit.internal.runners.statements.FailOnTimeout$1.run(FailOnTimeout.java:28)
Caused by: ptolemy.kernel.util.IllegalActionException: SubscriptionAggregatorPorts cannot be used at the top level, use a SubscriptionAggregator actor instead.
  in .PublisherSubscriptionAggregatorPort.SubscriptionAggregatorPort
	at ptolemy.actor.SubscriptionAggregatorPort.preinitialize(SubscriptionAggregatorPort.java:353)
	at ptolemy.actor.CompositeActor.preinitialize(CompositeActor.java:1769)
	at ptolemy.actor.Manager.preinitializeAndResolveTypes(Manager.java:1040)
	at ptolemy.actor.Manager.initialize(Manager.java:710)
	at ptolemy.actor.Manager.execute(Manager.java:356)
	at ptolemy.actor.Manager.run(Manager.java:1263)
	at ptolemy.actor.Manager$PtolemyRunThread.run(Manager.java:1933)
java.lang.RuntimeException: Execution failed
	at ptolemy.moml.MoMLSimpleApplication$UnloadThread.run(MoMLSimpleApplication.java:402)
Caused by: ptolemy.kernel.util.IllegalActionException: TypeTest actor has no training data.
  in .sizedarray3.TypeTest
	at ptolemy.actor.lib.TypeTest.initialize(TypeTest.java:250)
	at ptolemy.actor.Director.initialize(Director.java:938)
	at ptolemy.actor.Director.initialize(Director.java:907)
	at ptolemy.actor.sched.StaticSchedulingDirector.initialize(StaticSchedulingDirector.java:159)
	at ptolemy.domains.sdf.kernel.SDFDirector.initialize(SDFDirector.java:544)
	at ptolemy.actor.CompositeActor.initialize(CompositeActor.java:935)
	at ptolemy.actor.Manager.initialize(Manager.java:724)
	at ptolemy.actor.Manager.execute(Manager.java:356)
	at ptolemy.actor.Manager.run(Manager.java:1263)
	at ptolemy.actor.Manager$PtolemyRunThread.run(Manager.java:1933)
java.lang.reflect.InvocationTargetException
	at java.base/jdk.internal.reflect.NativeConstructorAccessorImpl.newInstance0(Native Method)
	at java.base/jdk.internal.reflect.NativeConstructorAccessorImpl.newInstance(NativeConstructorAccessorImpl.java:62)
	at java.base/jdk.internal.reflect.DelegatingConstructorAccessorImpl.newInstance(DelegatingConstructorAccessorImpl.java:45)
	at java.base/java.lang.reflect.Constructor.newInstance(Constructor.java:490)
	at ptolemy.util.test.junit.AutoKnownFailedTests.RunModel(AutoKnownFailedTests.java:105)
	at java.base/jdk.internal.reflect.NativeMethodAccessorImpl.invoke0(Native Method)
	at java.base/jdk.internal.reflect.NativeMethodAccessorImpl.invoke(NativeMethodAccessorImpl.java:62)
	at java.base/jdk.internal.reflect.DelegatingMethodAccessorImpl.invoke(DelegatingMethodAccessorImpl.java:43)
	at java.base/java.lang.reflect.Method.invoke(Method.java:566)
	at org.junit.runners.model.FrameworkMethod$1.runReflectiveCall(FrameworkMethod.java:44)
	at org.junit.internal.runners.model.ReflectiveCallable.run(ReflectiveCallable.java:15)
	at org.junit.runners.model.FrameworkMethod.invokeExplosively(FrameworkMethod.java:41)
	at junitparams.internal.InvokeParameterisedMethod.evaluate(InvokeParameterisedMethod.java:102)
	at org.junit.internal.runners.statements.FailOnTimeout$1.run(FailOnTimeout.java:28)
Caused by: ptolemy.kernel.util.IllegalActionException: TypeTest actor has no training data.
  in .sizedarray3.TypeTest
	at ptolemy.actor.lib.TypeTest.initialize(TypeTest.java:250)
	at ptolemy.actor.Director.initialize(Director.java:938)
	at ptolemy.actor.Director.initialize(Director.java:907)
	at ptolemy.actor.sched.StaticSchedulingDirector.initialize(StaticSchedulingDirector.java:159)
	at ptolemy.domains.sdf.kernel.SDFDirector.initialize(SDFDirector.java:544)
	at ptolemy.actor.CompositeActor.initialize(CompositeActor.java:935)
	at ptolemy.actor.Manager.initialize(Manager.java:724)
	at ptolemy.actor.Manager.execute(Manager.java:356)
	at ptolemy.actor.Manager.run(Manager.java:1263)
	at ptolemy.actor.Manager$PtolemyRunThread.run(Manager.java:1933)
]]></system-err>
</testsuite>
