<?xml version="1.0" encoding="UTF-8" ?>
<testsuite errors="0" failures="1" hostname="travis-job-2772df27-164a-4a33-9290-288e6ee65fdf" name="ptolemy.actor.lib.test.junit.JUnitTclTest" skipped="0" tests="517" time="61.463" timestamp="2019-12-08T06:18:25">
  <properties>
    <property name="npm.executable" value="npm" />
    <property name="env.TRAVIS_ROOT" value="/" />
    <property name="ptII.mk.exists" value="true" />
    <property name="env.TRAVIS_APP_HOST" value="build.travis-ci.org" />
    <property name="env.rvm_bin_path" value="/home/travis/.rvm/bin" />
    <property name="java.home" value="/usr/local/lib/jvm/openjdk11" />
    <property name="env.TRAVIS_JOB_NUMBER" value="1421.8" />
    <property name="env.TRAVIS_HOME" value="/home/travis" />
    <property name="env.DISPLAY" value=":99.0" />
    <property name="env.TRAVIS_INIT" value="systemd" />
    <property name="env.SSH_TTY" value="/dev/pts/0" />
    <property name="java.net.preferIPv4Stack" value="true" />
    <property name="env.RUN_TESTS" value="true" />
    <property name="timeout.short" value="1000000" />
    <property name="junit.formatter" value="xml" />
    <property name="env.TRAVIS_SUDO" value="true" />
    <property name="env.TRAVIS_JOB_NAME" value="" />
    <property name="env.TRAVIS_STACK_NODE_ATTRIBUTES" value="/.node-attributes.yml" />
    <property name="env.LOGNAME" value="travis" />
    <property name="env.PT_TRAVIS_TEST_CORE1_XML" value="true" />
    <property name="jsdoc.home" value="node_modules/@terraswarm/jsdoc" />
    <property name="debuglevel" value="source,lines,vars" />
    <property name="checkstyle.formatter" value="xml" />
    <property name="env._system_version" value="16.04" />
    <property name="bin.vergil.makeable" value="true" />
    <property name="sun.os.patch.level" value="unknown" />
    <property name="java.vendor.url" value="http://java.oracle.com/" />
    <property name="env.TRAVIS_BUILD_WEB_URL" value="https://travis-ci.org/icyphy/ptII/builds/622193359" />
    <property name="java.version" value="11.0.2" />
    <property name="env.TZ" value="UTC" />
    <property name="env.TRAVIS_PULL_REQUEST_SHA" value="" />
    <property name="env.PT_NO_NET" value="true" />
    <property name="env.TRAVIS_SECURE_ENV_VARS" value="true" />
    <property name="env._system_type" value="Linux" />
    <property name="java.vendor.url.bug" value="http://bugreport.java.com/bugreport/" />
    <property name="npmjs-org-is-up" value="true" />
    <property name="env.LANGUAGE" value="en_US.UTF-8" />
    <property name="env.SSH_CLIENT" value="10.16.6.24 48150 22" />
    <property name="env.GEM_HOME" value="/home/travis/.rvm/gems/ruby-2.5.3" />
    <property name="env.HAS_ANTARES_THREE_LITTLE_FRONZIES_BADGE" value="true" />
    <property name="java.version.date" value="2019-01-15" />
    <property name="env.PS4" value="+" />
    <property name="ant.project.invoked-targets" value="build,test.core1.xml" />
    <property name="env.TRAVIS_PULL_REQUEST_BRANCH" value="" />
    <property name="env.TRAVIS_REPO_SLUG" value="icyphy/ptII" />
    <property name="env.XDG_DATA_DIRS" value="/usr/local/share:/usr/share:/var/lib/snapd/desktop" />
    <property name="jdk.debug" value="release" />
    <property name="env.TRAVIS_APT_PROXY" value="http://apt.cache.travis-ci.com" />
    <property name="env.TRAVIS_CPU_ARCH" value="amd64" />
    <property name="node.in.path" value="true" />
    <property name="user.name" value="travis" />
    <property name="java.maxmemory" value="1400m" />
    <property name="env.RUBY_VERSION" value="ruby-2.5.3" />
    <property name="env.LANG" value="en_US.UTF-8" />
    <property name="sun.io.unicode.encoding" value="UnicodeLittle" />
    <property name="sun.jnu.encoding" value="UTF-8" />
    <property name="java.runtime.name" value="OpenJDK Runtime Environment" />
    <property name="usefile" value="false" />
    <property name="return.code" value="0" />
    <property name="junit.single.formatter" value="plain" />
    <property name="env.DYLD_LIBRARY_PATH" value="/home/travis/pthla/certi-tools/lib:" />
    <property name="env.DEBIAN_FRONTEND" value="noninteractive" />
    <property name="env.SSH_CONNECTION" value="10.16.6.24 48150 10.20.0.171 22" />
    <property name="env.MYSQL_UNIX_PORT" value="/var/run/mysqld/mysqld.sock" />
    <property name="env.LC_ALL" value="en_US.UTF-8" />
    <property name="env.TRAVIS_ALLOW_FAILURE" value="false" />
    <property name="env.TRAVIS_JOB_WEB_URL" value="https://travis-ci.org/icyphy/ptII/jobs/622193367" />
    <property name="java.specification.name" value="Java Platform API Specification" />
    <property name="node.works" value="true" />
    <property name="user.timezone" value="" />
    <property name="path.separator" value=":" />
    <property name="env.TRAVIS_ENABLE_INFRA_DETECTION" value="true" />
    <property name="env.PYTHON_CFLAGS" value="-g -fstack-protector --param=ssp-buffer-size=4 -Wformat -Werror=format-security" />
    <property name="timeout.long" value="4000000" />
    <property name="env.CERTI_HOME" value="/home/travis/pthla/certi-tools" />
    <property name="ant.file.ptII" value="/home/travis/build/icyphy/ptII/build.xml" />
    <property name="javadoc.packagenames" value="com.*,diva.*,lbnl.*,org.hlacerti.*,org.json.*,org.ptolemy.*,org.terraswarm.*,ptolemy.*,ptserver.*" />
    <property name="file.encoding" value="UTF-8" />
    <property name="env.TRAVIS_PULL_REQUEST_SLUG" value="" />
    <property name="ant.project.default-target" value="build" />
    <property name="env.GIT_ASKPASS" value="echo" />
    <property name="env.HOME" value="/home/travis" />
    <property name="sun.java.command" value="org.apache.tools.ant.taskdefs.optional.junit.JUnitTestRunner ptolemy.actor.lib.test.junit.JUnitTclTest skipNonTests=false filtertrace=true haltOnError=false haltOnFailure=false formatter=org.apache.tools.ant.taskdefs.optional.junit.OutErrSummaryJUnitResultFormatter showoutput=true outputtoformatters=true logfailedtests=true threadid=0 logtestlistenerevents=false formatter=org.apache.tools.ant.taskdefs.optional.junit.XMLJUnitResultFormatter,/home/travis/build/icyphy/ptII/reports/junit/TEST-ptolemy.actor.lib.test.junit.JUnitTclTest.xml crashfile=/home/travis/build/icyphy/ptII/junitvmwatcher9936126270582724187.properties propsfile=/home/travis/build/icyphy/ptII/junit7784838471939740068.properties" />
    <property name="env.COMPOSER_NO_INTERACTION" value="1" />
    <property name="env.MANPATH" value="/home/travis/.nvm/versions/node/v7.10.1/share/man:/home/travis/.rvm/rubies/ruby-2.5.3/share/man:/usr/local/cmake-3.12.4/man:/usr/local/clang-7.0.0/share/man:/usr/local/man:/usr/local/share/man:/usr/share/man:/home/travis/.rvm/man" />
    <property name="env.TRAVIS_TIMER_ID" value="0c298e66" />
    <property name="ant.file" value="/home/travis/build/icyphy/ptII/build.xml" />
    <property name="env.TRAVIS_COMMIT_RANGE" value="45a1af74cde64810f1a740ff9bd66386be4e642c...11deb69804adb5926cd4863c8231df6048994796" />
    <property name="env._system_name" value="Ubuntu" />
    <property name="ptII.classpath.optional.property" value="/home/travis/build/icyphy/ptII/lib/bsh-2.0b4.jar:/home/travis/build/icyphy/ptII/lib/ptCal.jar:/home/travis/build/icyphy/ptII/lib/java_cup.jar:/home/travis/build/icyphy/ptII/lib/saxon8.jar:/home/travis/build/icyphy/ptII/lib/saxon8-dom.jar:/home/travis/build/icyphy/ptII/lib/chic.jar:/home/travis/build/icyphy/ptII/lib/ptcolt.jar:/home/travis/build/icyphy/ptII/vendors/misc/itext/iText.jar:/home/travis/build/icyphy/ptII/lib/g4ltl.jar:/home/travis/build/icyphy/ptII/lib/StructuralCoder.jar:/home/travis/build/icyphy/ptII/lib/jcerti.jar:/home/travis/build/icyphy/ptII/lib/javax.mail.jar:/home/travis/build/icyphy/ptII/vendors/JMF-2.1.1e/lib/jmf.jar:/home/travis/build/icyphy/ptII/lib/jna-4.0.0-variadic.jar:/home/travis/build/icyphy/ptII/vendors/misc/joystick/Joystick.jar:/home/travis/build/icyphy/ptII/lib/ptjacl.jar:/home/travis/build/icyphy/ptII/lib/jsoup-1.8.2.jar:/home/travis/build/icyphy/ptII/lib/junit-4.8.2.jar:/home/travis/build/icyphy/ptII/lib/JUnitParams-0.4.0.jar:/home/travis/build/icyphy/ptII/ptolemy/actor/lib/excel/jxl.jar:/home/travis/build/icyphy/ptII/lib/jython.jar:/home/travis/build/icyphy/ptII/lib/kieler.jar:/home/travis/build/icyphy/ptII/vendors/opencv/share/OpenCV/java/opencv-341.jar:/home/travis/build/icyphy/ptII/lib/oscP5.jar:/home/travis/build/icyphy/ptII/lib/nrjavaserial-3.11.0.devel.jar:/home/travis/build/icyphy/ptII/vendors/j3d/lib/Linux/j3dcore.jar:/home/travis/build/icyphy/ptII/vendors/j3d/lib/Linux/j3dutils.jar:/home/travis/build/icyphy/ptII/vendors/j3d/lib/Linux/vecmath.jar:/home/travis/build/icyphy/ptII/vendors/jogl/lib/Linux/gluegen-rt-natives-linux-amd64.jar:/home/travis/build/icyphy/ptII/vendors/jogl/lib/Linux/gluegen-rt.jar:/home/travis/build/icyphy/ptII/vendors/jogl/lib/Linux/jogl-all-natives-linux-amd64.jar:/home/travis/build/icyphy/ptII/vendors/jogl/lib/Linux/jogl-all.jar:/home/travis/build/icyphy/ptII/ptolemy/distributed/jini/jar/jini-core.jar:/home/travis/build/icyphy/ptII/ptolemy/distributed/jini/jar/jini-ext.jar:/home/travis/build/icyphy/ptII/ptolemy/distributed/jini/jar/sun-util.jar:/home/travis/build/icyphy/ptII/lib/protobuf-java-2.4.1.jar:/home/travis/build/icyphy/ptII/lib/org.eclipse.paho.client.mqttv3.jar:/home/travis/build/icyphy/ptII/lib/mapss.jar:/home/travis/build/icyphy/ptII/ptolemy/actor/ptalon/antlr/antlr.jar:/home/travis/build/icyphy/ptII/lib/JRI.jar:/home/travis/build/icyphy/ptII/lib/commons-lang-2.6.jar:/home/travis/build/icyphy/ptII/lib/commons-logging-1.1.1.jar:/home/travis/build/icyphy/ptII/lib/sootclasses.jar:/home/travis/build/icyphy/ptII/ptolemy/actor/lib/database/mysql-connector-java-5.1.6-bin.jar:/home/travis/build/icyphy/ptII/vendors/misc/sphinx4/sphinx4-data-5prealpha.jar:/home/travis/build/icyphy/ptII/vendors/misc/sphinx4/sphinx4-core-5prealpha.jar:/home/travis/build/icyphy/ptII/lib/PDFRenderer.jar:/home/travis/build/icyphy/ptII/lib/svgSalamander.jar:/home/travis/build/icyphy/ptII/lib/rsyntaxtextarea-2.6.0-SNAPSHOT.jar:/home/travis/build/icyphy/ptII/lib/hazelcast-3.8.2.jar:/home/travis/build/icyphy/ptII/lib/jackson-annotations-2.9.0.jar:/home/travis/build/icyphy/ptII/lib/jackson-core-2.9.3.jar:/home/travis/build/icyphy/ptII/lib/jackson-databind-2.9.3.jar:/home/travis/build/icyphy/ptII/lib/netty-buffer-4.1.19.Final.jar:/home/travis/build/icyphy/ptII/lib/netty-codec-4.1.19.Final.jar:/home/travis/build/icyphy/ptII/lib/netty-codec-dns-4.1.19.Final.jar:/home/travis/build/icyphy/ptII/lib/netty-codec-http-4.1.19.Final.jar:/home/travis/build/icyphy/ptII/lib/netty-codec-http2-4.1.19.Final.jar:/home/travis/build/icyphy/ptII/lib/netty-common-4.1.19.Final.jar:/home/travis/build/icyphy/ptII/lib/netty-handler-4.1.19.Final.jar:/home/travis/build/icyphy/ptII/lib/netty-resolver-4.1.19.Final.jar:/home/travis/build/icyphy/ptII/lib/netty-resolver-dns-4.1.19.Final.jar:/home/travis/build/icyphy/ptII/lib/netty-transport-4.1.19.Final.jar:/home/travis/build/icyphy/ptII/lib/vertx-codegen-3.5.1.jar:/home/travis/build/icyphy/ptII/lib/vertx-core-3.5.2-SNAPSHOT.jar:/home/travis/build/icyphy/ptII/lib/vertx-hazelcast-3.5.1.jar:/home/travis/build/icyphy/ptII/lib/vertx-lang-js-3.5.1.jar:/home/travis/build/icyphy/ptII/lib/vertx-service-proxy-3.5.1.jar:/home/travis/build/icyphy/ptII/lib/vertx-web-3.5.1.jar:/home/travis/build/icyphy/ptII/lib/slf4j-api-1.7.13.jar:/home/travis/build/icyphy/ptII/lib/slf4j-simple-1.7.13.jar:/home/travis/build/icyphy/ptII/lib/webcam-capture-0.3.12.jar:/home/travis/build/icyphy/ptII/lib/bridj-0.7.0.jar:/home/travis/build/icyphy/ptII/lib/xbjlib-1.1.0.nrjavaserial.jar" />
    <property name="timeout" value="2400000" />
    <property name="test.batch" value="**/junit/*.java" />
    <property name="env._" value="/usr/bin/timeout" />
    <property name="java.io.tmpdir" value="/tmp" />
    <property name="user.language" value="en" />
    <property name="env.TRAVIS_INTERNAL_RUBY_REGEX" value="^ruby-(2\.[0-4]\.[0-9]|1\.9\.3)" />
    <property name="env.HISTCONTROL" value="ignoredups:ignorespace" />
    <property name="env.GOROOT" value="/home/travis/.gimme/versions/go1.11.1.linux.amd64" />
    <property name="line.separator" value="&#xa;" />
    <property name="target" value="11" />
    <property name="env.TRAVIS_BUILD_DIR" value="/home/travis/build/icyphy/ptII" />
    <property name="env.ANT_OPTS" value="-Xmx2048m" />
    <property name="ant.file.type" value="file" />
    <property name="ptolemy.ptII.batchMode" value="true" />
    <property name="env.HISTSIZE" value="1000" />
    <property name="env.MERB_ENV" value="test" />
    <property name="java.vm.info" value="mixed mode" />
    <property name="source" value="11" />
    <property name="java.vm.specification.name" value="Java Virtual Machine Specification" />
    <property name="env.TRAVIS_TEST_RESULT" value="0" />
    <property name="jsdoc.command" value="node_modules/@terraswarm/jsdoc/jsdoc.js" />
    <property name="npm.works" value="true" />
    <property name="cobertura.dir" value="/home/travis/build/icyphy/ptII/vendors/cobertura-2.0.3" />
    <property name="jsdoc.command.exists" value="true" />
    <property name="env.rvm_path" value="/home/travis/.rvm" />
    <property name="env.GEM_PATH" value="/home/travis/.rvm/gems/ruby-2.5.3:/home/travis/.rvm/gems/ruby-2.5.3@global" />
    <property name="env.LC_CTYPE" value="en_US.UTF-8" />
    <property name="env.TRAVIS_CMD" value="$PTII/bin/ptIITravisBuild.sh $SECONDS" />
    <property name="java.awt.printerjob" value="sun.print.PSPrinterJob" />
    <property name="env.TRAVIS_STACK_NAME" value="sardonyx" />
    <property name="env.TRAVIS_TIMER_START_TIME" value="1575785277859037706" />
    <property name="ant.version" value="Apache Ant(TM) version 1.10.1 compiled on February 2 2017" />
    <property name="ptII.reports" value="/home/travis/build/icyphy/ptII/reports" />
    <property name="env.TRAVIS_STACK_TIMESTAMP" value="2019-03-25 16:16:56 UTC" />
    <property name="ant.file.type.ptII" value="file" />
    <property name="env.RBENV_SHELL" value="bash" />
    <property name="os.name" value="Linux" />
    <property name="java.specification.vendor" value="Oracle Corporation" />
    <property name="env.rvm_version" value="1.29.7 (latest)" />
    <property name="env.TRAVIS_INFRA" value="unknown" />
    <property name="env.TERM" value="xterm" />
    <property name="java.vm.name" value="OpenJDK 64-Bit Server VM" />
    <property name="env.TRAVIS_BUILD_NUMBER" value="1421" />
    <property name="env.CI" value="true" />
    <property name="java.library.path" value="/home/travis/pthla/certi-tools/lib:/usr/lib/jni:/usr/local/share/OpenCV/java/:/usr/share/OpenCV/java::/usr/java/packages/lib:/usr/lib64:/lib64:/lib:/usr/lib" />
    <property name="jdk.module.path" value="/home/travis/build/icyphy/ptII/vendors/javafx/javafx-sdk-11.0.2/lib:" />
    <property name="env.rvm_prefix" value="/home/travis" />
    <property name="env.PATH" value="/home/travis/pthla/certi-tools/share/scripts:/home/travis/.rvm/gems/ruby-2.5.3/bin:/home/travis/.rvm/gems/ruby-2.5.3@global/bin:/home/travis/.rvm/rubies/ruby-2.5.3/bin:/home/travis/.rvm/bin:/home/travis/.nvm/versions/node/v7.10.1/bin:./node_modules/.bin:/home/travis/build/icyphy/ptII/bin:/home/travis/pthla/certi-tools/bin:/home/travis/bin:/home/travis/.local/bin:/usr/local/lib/jvm/openjdk11/bin:/opt/pyenv/shims:/home/travis/.phpenv/shims:/home/travis/perl5/perlbrew/bin:/home/travis/gopath/bin:/home/travis/.gimme/versions/go1.11.1.linux.amd64/bin:/usr/local/maven-3.6.0/bin:/usr/local/cmake-3.12.4/bin:/usr/local/clang-7.0.0/bin:/usr/local/sbin:/usr/local/bin:/usr/sbin:/usr/bin:/sbin:/bin:/snap/bin:/home/travis/.phpenv/bin:/opt/pyenv/bin:/home/travis/.yarn/bin" />
    <property name="env.TRAVIS_OS_NAME" value="linux" />
    <property name="ant.java.version" value="9" />
    <property name="basedir" value="/home/travis/build/icyphy/ptII" />
    <property name="java.class.version" value="55.0" />
    <property name="env.SHLVL" value="3" />
    <property name="env.LD_LIBRARY_PATH" value="/home/travis/pthla/certi-tools/lib:/usr/lib/jni:/usr/local/share/OpenCV/java/:/usr/share/OpenCV/java:" />
    <property name="env.RACK_ENV" value="test" />
    <property name="ant.home" value="/home/travis/build/icyphy/ptII/ant" />
    <property name="env.NVM_DIR" value="/home/travis/.nvm" />
    <property name="env.CERTI_FOM_PATH" value="/home/travis/pthla/certi-tools/share/federations" />
    <property name="env.TRAVIS_BUILD_ID" value="622193359" />
    <property name="env.PYENV_ROOT" value="/opt/pyenv" />
    <property name="env.TRAVIS_UID" value="2000" />
    <property name="prism.verbose" value="true" />
    <property name="env.NVM_BIN" value="/home/travis/.nvm/versions/node/v7.10.1/bin" />
    <property name="env.TRAVIS_COMMIT" value="11deb69804adb5926cd4863c8231df6048994796" />
    <property name="env._system_arch" value="x86_64" />
    <property name="node.executable" value="node" />
    <property name="sun.boot.library.path" value="/usr/local/lib/jvm/openjdk11/lib" />
    <property name="sun.management.compiler" value="HotSpot 64-Bit Tiered Compilers" />
    <property name="java.awt.graphicsenv" value="sun.awt.X11GraphicsEnvironment" />
    <property name="env.GOPATH" value="/home/travis/gopath" />
    <property name="ptolemy.ptII.dir" value="/home/travis/build/icyphy/ptII" />
    <property name="env.USER" value="travis" />
    <property name="env.HISTFILESIZE" value="2000" />
    <property name="timeout.longest" value="19000000" />
    <property name="env.PERLBREW_SHELLRC_VERSION" value="0.86" />
    <property name="env.TRAVIS_STACK_FEATURES" value="basic couchdb disabled-ipv6 docker docker-compose elasticsearch firefox go-toolchain google-chrome jdk memcached mongodb mysql nodejs_interpreter perl_interpreter perlbrew phantomjs postgresql python_interpreter redis ruby_interpreter sqlite xserver" />
    <property name="env.TRAVIS_PULL_REQUEST" value="false" />
    <property name="env.PYENV_SHELL" value="bash" />
    <property name="ant.project.name" value="ptII" />
    <property name="env.ANSI_RESET" value="\033[0m" />
    <property name="java.vm.specification.version" value="11" />
    <property name="env.TRAVIS_DIST" value="xenial" />
    <property name="env.CERTI_VERSION" value="4.0.0" />
    <property name="env.CERTI_HOST" value="localhost" />
    <property name="awt.toolkit" value="sun.awt.X11.XToolkit" />
    <property name="env.MY_RUBY_HOME" value="/home/travis/.rvm/rubies/ruby-2.5.3" />
    <property name="sun.cpu.isalist" value="" />
    <property name="env.TRAVIS_TMPDIR" value="/tmp/tmp.h93Utv2bkp" />
    <property name="java.vm.compressedOopsMode" value="Zero based" />
    <property name="os.version" value="4.15.0-1028-gcp" />
    <property name="user.home" value="/home/travis" />
    <property name="java.vm.vendor" value="Oracle Corporation" />
    <property name="env.TRAVIS_TAG" value="nightly" />
    <property name="env.ANSI_YELLOW" value="\033[33;1m" />
    <property name="env.TRAVIS_FILTERED" value="redirect_io" />
    <property name="env.ANSI_GREEN" value="\033[32;1m" />
    <property name="env.JAVA_HOME" value="/usr/local/lib/jvm/openjdk11" />
    <property name="javadoc.excludepackagenames" value="adm.cvs2svn.*,build.*,config.*,doc.coding.templates.*,jni.test.jni.meaningOfLife.*,jni.test.jni.testDeux.*,jni.test.jni.testTrois.*,org.terraswarm.accessor.accessors.web.node_modules.*,org.terraswarm.accessor.accessors.web.hosts.cordova.demo.*,org.terraswarm.accessor.accessors.web.hosts.cordova.plugins.*,org.terraswarm.accessor.accessors-svn.*,pt-modules.*,ptolemy.apps.agilent.*,ptolemy.apps.anytimecontrol.*,ptolemy.apps.apes.*,ptolemy.apps.charon.*,ptolemy.apps.crazyboard.*,ptolemy.apps.eclipse.*,ptolemy.apps.etherealSting.*,ptolemy.apps.fullscreen.*,ptolemy.apps.giotto.*,ptolemy.apps.ia.*,ptolemy.apps.interfaces.*,ptolemy.apps.jmf.*,ptolemy.apps.kurt.*,ptolemy.apps.kvm.*,ptolemy.apps.lego.*,ptolemy.apps.lejos.*,ptolemy.apps.midp.*,ptolemy.apps.mobileCoding.*,ptolemy.apps.pendulum.*,ptolemy.apps.rijndael.*,ptolemy.apps.robot.*,ptolemy.apps.security.*,ptolemy.apps.sobel.*,ptolemy.apps.soot.*,ptolemy.apps.throttle.*,ptolemy.apps.tini.*,ptolemy.apps.transmission.*,ptolemy.apps.vergil.*,ptolemy.apps.waba.*,ptolemy.apps.websensor.*,ptolemy.apps.webstart.*,ptolemy.apps.xsl.*,ptolemy.apps.zaurus.*,ptolemy.codegen.c.actor.lib.oldJavaFiles.*,ptolemy.codegen.dsp.lib.*,ptolemy.codegen.kernel.newInterfaces.*,ptolemy.codegen.lib.*,ptolemy.copernicus.kernel.fragment.*,ptolemy.copernicus.shallow.cg.*,ptolemy.domains.giotto.demo.Hierarchy.Hierarchy.*,ptolemy.domains.giotto.demo.Multimode.Multimode.*,ptolemy.domains.giotto.demo.Simple.Simple.*,ptolemy.domains.gr.lib.experimental.*,ptolemy.domains.gro.*,ptolemy.domains.pdf.*,ptolemy.domains.ptinyos.demo.Surge.output.*,ptolemy.moml.test.NoPackageActor.java*,ptolemy.plot.adm.*,ptolemy.plot.servlet.*,reports.*,signed.*,src.*,target.*,vendors.*,ptolemy.copernicus.applet.*,ptolemy.media.viewer.*,ptolemy.actor.corba.*,doc.doclets.*,ptolemy.apps.eclipse.awt.*,ptolemy.backtrack.*,ptolemy.backtrack.ast.*,ptolemy.cg.adapter.generic.program.procedural.c.mbed*,ptolemy.homer.*,ptolemy.actor.lib.jai.*,org.ptolemy.scala.*,diva.util.java2d.svg.*,ptolemy.domains.ptinyos.*,ptolemy.actor.lib.fmi.fmipp.*,,org.terraswarm.accessor.accessors.web.node_modules.*,org.terraswarm.accessor.accessors-svn,ptolemy.apps.*,ptolemy.actor.ptalon.demo.ptinyos.SendAndReceiveCnt.output,ptolemy.actor.ptalon.demo.ptinyos.SenseToLeds.output,ptolemy.domains.ptinyos.demo.CntToLedsAndRfm.output,ptolemy.domains.ptinyos.demo.RfmToLeds.output,ptolemy.domains.ptinyos.demo.SendAndReceiveCnt.output,ptolemy.domains.ptinyos.demo.SenseToLeds.output,ptolemy.actor.lib.jjs.modules.udpSocket.*" />
    <property name="env.PTII" value="/home/travis/build/icyphy/ptII" />
    <property name="env.XDG_SESSION_ID" value="2" />
    <property name="keystore" value="ptKeystore" />
    <property name="env.TRAVIS_COMMIT_MESSAGE" value="Conform a model to new HlaManager design." />
    <property name="junit.output.dir" value="/home/travis/build/icyphy/ptII/reports/junit" />
    <property name="npm.return.code" value="0" />
    <property name="user.dir" value="/home/travis/build/icyphy/ptII/ptolemy/actor/lib/test" />
    <property name="env.TRAVIS_NODE_VERSION" value="7" />
    <property name="env.TRAVIS_EVENT_TYPE" value="cron" />
    <property name="env.MAIL" value="/var/mail/travis" />
    <property name="env.PERLBREW_ROOT" value="/home/travis/perl5/perlbrew" />
    <property name="env.PWD" value="/home/travis/build/icyphy/ptII" />
    <property name="timeout.npm" value="45000" />
    <property name="env.TRAVIS_ARCH" value="amd64" />
    <property name="sun.cpu.endian" value="little" />
    <property name="env.PAGER" value="cat" />
    <property name="env.TRAVIS_BUILD_STAGE_NAME" value="Test" />
    <property name="env.PERLBREW_HOME" value="/home/travis/.perlbrew" />
    <property name="java.vm.version" value="11.0.2+9" />
    <property name="env.RAILS_ENV" value="test" />
    <property name="java.class.path" value="/home/travis/.ptolemyII:/home/travis/.ptolemyII/*:/home/travis/build/icyphy/ptII:/home/travis/build/icyphy/ptII/lib/bsh-2.0b4.jar:/home/travis/build/icyphy/ptII/lib/ptCal.jar:/home/travis/build/icyphy/ptII/lib/java_cup.jar:/home/travis/build/icyphy/ptII/lib/saxon8.jar:/home/travis/build/icyphy/ptII/lib/saxon8-dom.jar:/home/travis/build/icyphy/ptII/lib/chic.jar:/home/travis/build/icyphy/ptII/lib/ptcolt.jar:/home/travis/build/icyphy/ptII/vendors/misc/itext/iText.jar:/home/travis/build/icyphy/ptII/lib/g4ltl.jar:/home/travis/build/icyphy/ptII/lib/StructuralCoder.jar:/home/travis/build/icyphy/ptII/lib/jcerti.jar:/home/travis/build/icyphy/ptII/lib/javax.mail.jar:/home/travis/build/icyphy/ptII/vendors/JMF-2.1.1e/lib/jmf.jar:/home/travis/build/icyphy/ptII/lib/jna-4.0.0-variadic.jar:/home/travis/build/icyphy/ptII/vendors/misc/joystick/Joystick.jar:/home/travis/build/icyphy/ptII/lib/ptjacl.jar:/home/travis/build/icyphy/ptII/lib/jsoup-1.8.2.jar:/home/travis/build/icyphy/ptII/lib/junit-4.8.2.jar:/home/travis/build/icyphy/ptII/lib/JUnitParams-0.4.0.jar:/home/travis/build/icyphy/ptII/ptolemy/actor/lib/excel/jxl.jar:/home/travis/build/icyphy/ptII/lib/jython.jar:/home/travis/build/icyphy/ptII/lib/kieler.jar:/home/travis/build/icyphy/ptII/vendors/opencv/share/OpenCV/java/opencv-341.jar:/home/travis/build/icyphy/ptII/lib/oscP5.jar:/home/travis/build/icyphy/ptII/lib/nrjavaserial-3.11.0.devel.jar:/home/travis/build/icyphy/ptII/vendors/j3d/lib/Linux/j3dcore.jar:/home/travis/build/icyphy/ptII/vendors/j3d/lib/Linux/j3dutils.jar:/home/travis/build/icyphy/ptII/vendors/j3d/lib/Linux/vecmath.jar:/home/travis/build/icyphy/ptII/vendors/jogl/lib/Linux/gluegen-rt-natives-linux-amd64.jar:/home/travis/build/icyphy/ptII/vendors/jogl/lib/Linux/gluegen-rt.jar:/home/travis/build/icyphy/ptII/vendors/jogl/lib/Linux/jogl-all-natives-linux-amd64.jar:/home/travis/build/icyphy/ptII/vendors/jogl/lib/Linux/jogl-all.jar:/home/travis/build/icyphy/ptII/ptolemy/distributed/jini/jar/jini-core.jar:/home/travis/build/icyphy/ptII/ptolemy/distributed/jini/jar/jini-ext.jar:/home/travis/build/icyphy/ptII/ptolemy/distributed/jini/jar/sun-util.jar:/home/travis/build/icyphy/ptII/lib/protobuf-java-2.4.1.jar:/home/travis/build/icyphy/ptII/lib/org.eclipse.paho.client.mqttv3.jar:/home/travis/build/icyphy/ptII/lib/mapss.jar:/home/travis/build/icyphy/ptII/ptolemy/actor/ptalon/antlr/antlr.jar:/home/travis/build/icyphy/ptII/lib/JRI.jar:/home/travis/build/icyphy/ptII/lib/commons-lang-2.6.jar:/home/travis/build/icyphy/ptII/lib/commons-logging-1.1.1.jar:/home/travis/build/icyphy/ptII/lib/sootclasses.jar:/home/travis/build/icyphy/ptII/ptolemy/actor/lib/database/mysql-connector-java-5.1.6-bin.jar:/home/travis/build/icyphy/ptII/vendors/misc/sphinx4/sphinx4-data-5prealpha.jar:/home/travis/build/icyphy/ptII/vendors/misc/sphinx4/sphinx4-core-5prealpha.jar:/home/travis/build/icyphy/ptII/lib/PDFRenderer.jar:/home/travis/build/icyphy/ptII/lib/svgSalamander.jar:/home/travis/build/icyphy/ptII/lib/rsyntaxtextarea-2.6.0-SNAPSHOT.jar:/home/travis/build/icyphy/ptII/lib/hazelcast-3.8.2.jar:/home/travis/build/icyphy/ptII/lib/jackson-annotations-2.9.0.jar:/home/travis/build/icyphy/ptII/lib/jackson-core-2.9.3.jar:/home/travis/build/icyphy/ptII/lib/jackson-databind-2.9.3.jar:/home/travis/build/icyphy/ptII/lib/netty-buffer-4.1.19.Final.jar:/home/travis/build/icyphy/ptII/lib/netty-codec-4.1.19.Final.jar:/home/travis/build/icyphy/ptII/lib/netty-codec-dns-4.1.19.Final.jar:/home/travis/build/icyphy/ptII/lib/netty-codec-http-4.1.19.Final.jar:/home/travis/build/icyphy/ptII/lib/netty-codec-http2-4.1.19.Final.jar:/home/travis/build/icyphy/ptII/lib/netty-common-4.1.19.Final.jar:/home/travis/build/icyphy/ptII/lib/netty-handler-4.1.19.Final.jar:/home/travis/build/icyphy/ptII/lib/netty-resolver-4.1.19.Final.jar:/home/travis/build/icyphy/ptII/lib/netty-resolver-dns-4.1.19.Final.jar:/home/travis/build/icyphy/ptII/lib/netty-transport-4.1.19.Final.jar:/home/travis/build/icyphy/ptII/lib/vertx-codegen-3.5.1.jar:/home/travis/build/icyphy/ptII/lib/vertx-core-3.5.2-SNAPSHOT.jar:/home/travis/build/icyphy/ptII/lib/vertx-hazelcast-3.5.1.jar:/home/travis/build/icyphy/ptII/lib/vertx-lang-js-3.5.1.jar:/home/travis/build/icyphy/ptII/lib/vertx-service-proxy-3.5.1.jar:/home/travis/build/icyphy/ptII/lib/vertx-web-3.5.1.jar:/home/travis/build/icyphy/ptII/lib/slf4j-api-1.7.13.jar:/home/travis/build/icyphy/ptII/lib/slf4j-simple-1.7.13.jar:/home/travis/build/icyphy/ptII/lib/webcam-capture-0.3.12.jar:/home/travis/build/icyphy/ptII/lib/bridj-0.7.0.jar:/home/travis/build/icyphy/ptII/lib/xbjlib-1.1.0.nrjavaserial.jar:/home/travis/build/icyphy/ptII/ptolemy/moml/test:/home/travis/build/icyphy/ptII/ant/lib/ant-launcher.jar:/home/travis/build/icyphy/ptII/ant/lib/ant.jar:/home/travis/build/icyphy/ptII/ant/lib/ant-junit.jar:/home/travis/build/icyphy/ptII/ant/lib/ant-junit4.jar" />
    <property name="ant.library.dir" value="/home/travis/build/icyphy/ptII/ant/lib" />
    <property name="os.arch" value="amd64" />
    <property name="env.CONTINUOUS_INTEGRATION" value="true" />
    <property name="env.TRAVIS_LANGUAGE" value="node_js" />
    <property name="env.TRAVIS_STACK_LANGUAGES" value="__sardonyx__ c c++ clojure cplusplus cpp default generic go groovy java node_js php pure_java python ruby scala" />
    <property name="test.name" value="ptolemy.actor.lib.test.junit.JUnitTclTest" />
    <property name="env.APT_KEY_DONT_WARN_ON_DANGEROUS_USAGE" value="1" />
    <property name="sun.java.launcher" value="SUN_STANDARD" />
    <property name="env.PYTHON_CONFIGURE_OPTS" value="--enable-unicode=ucs4 --with-wide-unicode --enable-shared --enable-ipv6 --enable-loadable-sqlite-extensions --with-computed-gotos" />
    <property name="ant.core.lib" value="/home/travis/build/icyphy/ptII/ant/lib/ant.jar" />
    <property name="java.vm.specification.vendor" value="Oracle Corporation" />
    <property name="env.BCVTB_HOME" value="/home/travis/build/icyphy/ptII/lbnl" />
    <property name="file.separator" value="/" />
    <property name="spotbugs.home" value="/home/travis/build/icyphy/ptII/vendors/spotbugs-3.1.1" />
    <property name="java.runtime.version" value="11.0.2+9" />
    <property name="env.ANSI_CLEAR" value="\033[0K" />
    <property name="javafx.verbose" value="true" />
    <property name="env.HAS_JOSH_K_SEAL_OF_APPROVAL" value="true" />
    <property name="env.XDG_RUNTIME_DIR" value="/run/user/2000" />
    <property name="env.TRAVIS_OSX_IMAGE" value="" />
    <property name="env.TRAVIS_JOB_ID" value="622193367" />
    <property name="env.TRAVIS_BRANCH" value="master" />
    <property name="user.country" value="US" />
    <property name="env.CERTI_HOME_TRAVIS" value="/home/travis/pthla/certi-tools" />
    <property name="env.SHELL" value="/bin/bash" />
    <property name="java.maxmemory.large" value="3200m" />
    <property name="model" value="" />
    <property name="env.CASHER_DIR" value="/home/travis/.casher" />
    <property name="env.NVM_CD_FLAGS" value="" />
    <property name="java.vendor.version" value="18.9" />
    <property name="jshint.executable" value="/home/travis/node_modules/jshint/bin/jshint" />
    <property name="env.JRUBY_OPTS" value=" --client -J-XX:+TieredCompilation -J-XX:TieredStopAtLevel=1 -J-Xss2m -Xcompile.invokedynamic=false" />
    <property name="java.vendor" value="Oracle Corporation" />
    <property name="env.TRAVIS_PRE_CHEF_BOOTSTRAP_TIME" value="2019-03-25T16:16:42" />
    <property name="env.TRAVIS_STACK_JOB_BOARD_REGISTER" value="/.job-board-register.yml" />
    <property name="env.ANSI_RED" value="\033[31;1m" />
    <property name="java.specification.version" value="11" />
    <property name="env.IRBRC" value="/home/travis/.rvm/rubies/ruby-2.5.3/.irbrc" />
    <property name="env.TRAVIS" value="true" />
    <property name="sun.arch.data.model" value="64" />
  </properties>
  <testcase classname="ptolemy.util.test.junit.TclTests" name="[0] /home/travis/build/icyphy/ptII/ptolemy/actor/lib/test/AbsoluteValue.tcl (RunTclFile)" time="0.561" />
  <testcase classname="ptolemy.util.test.junit.TclTests" name="[1] /home/travis/build/icyphy/ptII/ptolemy/actor/lib/test/AddSubtract.tcl (RunTclFile)" time="0.196" />
  <testcase classname="ptolemy.util.test.junit.TclTests" name="[2] /home/travis/build/icyphy/ptII/ptolemy/actor/lib/test/Average.tcl (RunTclFile)" time="0.057" />
  <testcase classname="ptolemy.util.test.junit.TclTests" name="[3] /home/travis/build/icyphy/ptII/ptolemy/actor/lib/test/Bernoulli.tcl (RunTclFile)" time="0.019" />
  <testcase classname="ptolemy.util.test.junit.TclTests" name="[4] /home/travis/build/icyphy/ptII/ptolemy/actor/lib/test/Clock.tcl (RunTclFile)" time="0.098" />
  <testcase classname="ptolemy.util.test.junit.TclTests" name="[5] /home/travis/build/icyphy/ptII/ptolemy/actor/lib/test/Commutator.tcl (RunTclFile)" time="0.154" />
  <testcase classname="ptolemy.util.test.junit.TclTests" name="[6] /home/travis/build/icyphy/ptII/ptolemy/actor/lib/test/Const.tcl (RunTclFile)" time="0.142" />
  <testcase classname="ptolemy.util.test.junit.TclTests" name="[7] /home/travis/build/icyphy/ptII/ptolemy/actor/lib/test/CurrentTime.tcl (RunTclFile)" time="0.039" />
  <testcase classname="ptolemy.util.test.junit.TclTests" name="[8] /home/travis/build/icyphy/ptII/ptolemy/actor/lib/test/DB.tcl (RunTclFile)" time="0.043" />
  <testcase classname="ptolemy.util.test.junit.TclTests" name="[9] /home/travis/build/icyphy/ptII/ptolemy/actor/lib/test/DiscreteRandomSource.tcl (RunTclFile)" time="0.03" />
  <testcase classname="ptolemy.util.test.junit.TclTests" name="[10] /home/travis/build/icyphy/ptII/ptolemy/actor/lib/test/Distributor.tcl (RunTclFile)" time="0.065" />
  <testcase classname="ptolemy.util.test.junit.TclTests" name="[11] /home/travis/build/icyphy/ptII/ptolemy/actor/lib/test/Exit.tcl (RunTclFile)" time="0.077" />
  <testcase classname="ptolemy.util.test.junit.TclTests" name="[12] /home/travis/build/icyphy/ptII/ptolemy/actor/lib/test/Expression.tcl (RunTclFile)" time="0.081" />
  <testcase classname="ptolemy.util.test.junit.TclTests" name="[13] /home/travis/build/icyphy/ptII/ptolemy/actor/lib/test/Gaussian.tcl (RunTclFile)" time="0.792" />
  <testcase classname="ptolemy.util.test.junit.TclTests" name="[14] /home/travis/build/icyphy/ptII/ptolemy/actor/lib/test/IIR.tcl (RunTclFile)" time="0.058" />
  <testcase classname="ptolemy.util.test.junit.TclTests" name="[15] /home/travis/build/icyphy/ptII/ptolemy/actor/lib/test/Interpolator.tcl (RunTclFile)" time="0.091" />
  <testcase classname="ptolemy.util.test.junit.TclTests" name="[16] /home/travis/build/icyphy/ptII/ptolemy/actor/lib/test/MathFunction.tcl (RunTclFile)" time="0.066" />
  <testcase classname="ptolemy.util.test.junit.TclTests" name="[17] /home/travis/build/icyphy/ptII/ptolemy/actor/lib/test/Maximum.tcl (RunTclFile)" time="0.031" />
  <testcase classname="ptolemy.util.test.junit.TclTests" name="[18] /home/travis/build/icyphy/ptII/ptolemy/actor/lib/test/Minimum.tcl (RunTclFile)" time="0.024" />
  <testcase classname="ptolemy.util.test.junit.TclTests" name="[19] /home/travis/build/icyphy/ptII/ptolemy/actor/lib/test/MultiplyDivide.tcl (RunTclFile)" time="0.039" />
  <testcase classname="ptolemy.util.test.junit.TclTests" name="[20] /home/travis/build/icyphy/ptII/ptolemy/actor/lib/test/OrderedMerge.tcl (RunTclFile)" time="0.099" />
  <testcase classname="ptolemy.util.test.junit.TclTests" name="[21] /home/travis/build/icyphy/ptII/ptolemy/actor/lib/test/Publisher.tcl (RunTclFile)" time="0.856" />
  <testcase classname="ptolemy.util.test.junit.TclTests" name="[22] /home/travis/build/icyphy/ptII/ptolemy/actor/lib/test/Pulse.tcl (RunTclFile)" time="0.072" />
  <testcase classname="ptolemy.util.test.junit.TclTests" name="[23] /home/travis/build/icyphy/ptII/ptolemy/actor/lib/test/Ramp.tcl (RunTclFile)" time="2.036" />
  <testcase classname="ptolemy.util.test.junit.TclTests" name="[24] /home/travis/build/icyphy/ptII/ptolemy/actor/lib/test/RampContinuous.tcl (RunTclFile)" time="0.017" />
  <testcase classname="ptolemy.util.test.junit.TclTests" name="[25] /home/travis/build/icyphy/ptII/ptolemy/actor/lib/test/RecordAssembler.tcl (RunTclFile)" time="0.015" />
  <testcase classname="ptolemy.util.test.junit.TclTests" name="[26] /home/travis/build/icyphy/ptII/ptolemy/actor/lib/test/RecordDisassembler.tcl (RunTclFile)" time="0.021" />
  <testcase classname="ptolemy.util.test.junit.TclTests" name="[27] /home/travis/build/icyphy/ptII/ptolemy/actor/lib/test/Scale.tcl (RunTclFile)" time="0.03" />
  <testcase classname="ptolemy.util.test.junit.TclTests" name="[28] /home/travis/build/icyphy/ptII/ptolemy/actor/lib/test/SequentialClock.tcl (RunTclFile)" time="0.017" />
  <testcase classname="ptolemy.util.test.junit.TclTests" name="[29] /home/travis/build/icyphy/ptII/ptolemy/actor/lib/test/SetVariable.tcl (RunTclFile)" time="0.081">
    <failure message="Number of failed tests is has increased. expected:&lt;0&gt; but was:&lt;1&gt;" type="junit.framework.AssertionFailedError">junit.framework.AssertionFailedError: Number of failed tests is has increased. expected:&lt;0&gt; but was:&lt;1&gt;
	at ptolemy.util.test.junit.TclTests.RunTclFile(TclTests.java:286)
	at jdk.internal.reflect.GeneratedMethodAccessor19.invoke(Unknown Source)
	at java.base/jdk.internal.reflect.DelegatingMethodAccessorImpl.invoke(DelegatingMethodAccessorImpl.java:43)
	at junitparams.internal.InvokeParameterisedMethod.evaluate(InvokeParameterisedMethod.java:102)
	at junitparams.internal.ParameterisedTestMethodRunner.runMethodInvoker(ParameterisedTestMethodRunner.java:47)
	at junitparams.internal.ParameterisedTestMethodRunner.runTestMethod(ParameterisedTestMethodRunner.java:41)
	at junitparams.internal.ParameterisedTestClassRunner.runParameterisedTest(ParameterisedTestClassRunner.java:143)
	at junitparams.JUnitParamsRunner.runChild(JUnitParamsRunner.java:237)
	at junitparams.JUnitParamsRunner.runChild(JUnitParamsRunner.java:215)
</failure>
  </testcase>
  <testcase classname="ptolemy.util.test.junit.TclTests" name="[30] /home/travis/build/icyphy/ptII/ptolemy/actor/lib/test/Sinewave.tcl (RunTclFile)" time="0.06" />
  <testcase classname="ptolemy.util.test.junit.TclTests" name="[31] /home/travis/build/icyphy/ptII/ptolemy/actor/lib/test/SubscriptionAggregator.tcl (RunTclFile)" time="2.166" />
  <testcase classname="ptolemy.util.test.junit.TclTests" name="[32] /home/travis/build/icyphy/ptII/ptolemy/actor/lib/test/Test.tcl (RunTclFile)" time="0.124" />
  <testcase classname="ptolemy.util.test.junit.TclTests" name="[33] /home/travis/build/icyphy/ptII/ptolemy/actor/lib/test/TestExceptionHandler.tcl (RunTclFile)" time="0.013" />
  <testcase classname="ptolemy.util.test.junit.TclTests" name="[34] /home/travis/build/icyphy/ptII/ptolemy/actor/lib/test/UnionDisassembler.tcl (RunTclFile)" time="0.077" />
  <testcase classname="ptolemy.util.test.junit.TclTests" name="[35] /home/travis/build/icyphy/ptII/ptolemy/actor/lib/test/VariableClock.tcl (RunTclFile)" time="0.032" />
  <testcase classname="ptolemy.util.test.junit.AutoKnownFailedTests" name="[0] /home/travis/build/icyphy/ptII/ptolemy/actor/lib/test/auto/knownFailedTests/PublisherPortToplevelSubscriber.xml (RunModel)" time="0.025" />
  <testcase classname="ptolemy.util.test.junit.AutoKnownFailedTests" name="[1] /home/travis/build/icyphy/ptII/ptolemy/actor/lib/test/auto/knownFailedTests/PublisherSubscriberPortToplevel.xml (RunModel)" time="0.022" />
  <testcase classname="ptolemy.util.test.junit.AutoKnownFailedTests" name="[2] /home/travis/build/icyphy/ptII/ptolemy/actor/lib/test/auto/knownFailedTests/PublisherSubscriptionAggregatorPort.xml (RunModel)" time="0.014" />
  <testcase classname="ptolemy.util.test.junit.AutoKnownFailedTests" name="[3] /home/travis/build/icyphy/ptII/ptolemy/actor/lib/test/auto/knownFailedTests/sizedarray3.xml (RunModel)" time="0.025" />
  <testcase classname="ptolemy.util.test.junit.AutoNameArchTests" name="[0] ThereAreNoAutoArchTests (RunModel)" time="0.013" />
  <testcase classname="ptolemy.util.test.junit.AutoTests" name="[0] /home/travis/build/icyphy/ptII/ptolemy/actor/lib/test/auto/AbsoluteValue.xml (RunModel)" time="0.085" />
  <testcase classname="ptolemy.util.test.junit.AutoTests" name="[1] /home/travis/build/icyphy/ptII/ptolemy/actor/lib/test/auto/AbsoluteValue2.xml (RunModel)" time="0.041" />
  <testcase classname="ptolemy.util.test.junit.AutoTests" name="[2] /home/travis/build/icyphy/ptII/ptolemy/actor/lib/test/auto/Accumulator.xml (RunModel)" time="0.04" />
  <testcase classname="ptolemy.util.test.junit.AutoTests" name="[3] /home/travis/build/icyphy/ptII/ptolemy/actor/lib/test/auto/Accumulator2.xml (RunModel)" time="0.02" />
  <testcase classname="ptolemy.util.test.junit.AutoTests" name="[4] /home/travis/build/icyphy/ptII/ptolemy/actor/lib/test/auto/Accumulator3.xml (RunModel)" time="0.053" />
  <testcase classname="ptolemy.util.test.junit.AutoTests" name="[5] /home/travis/build/icyphy/ptII/ptolemy/actor/lib/test/auto/ArrayAppend.xml (RunModel)" time="0.064" />
  <testcase classname="ptolemy.util.test.junit.AutoTests" name="[6] /home/travis/build/icyphy/ptII/ptolemy/actor/lib/test/auto/ArrayAppend2.xml (RunModel)" time="0.329" />
  <testcase classname="ptolemy.util.test.junit.AutoTests" name="[7] /home/travis/build/icyphy/ptII/ptolemy/actor/lib/test/auto/ArrayAppend3.xml (RunModel)" time="0.022" />
  <testcase classname="ptolemy.util.test.junit.AutoTests" name="[8] /home/travis/build/icyphy/ptII/ptolemy/actor/lib/test/auto/ArrayAppend4.xml (RunModel)" time="0.033" />
  <testcase classname="ptolemy.util.test.junit.AutoTests" name="[9] /home/travis/build/icyphy/ptII/ptolemy/actor/lib/test/auto/ArrayAppend5.xml (RunModel)" time="0.018" />
  <testcase classname="ptolemy.util.test.junit.AutoTests" name="[10] /home/travis/build/icyphy/ptII/ptolemy/actor/lib/test/auto/ArrayAppend6.xml (RunModel)" time="0.023" />
  <testcase classname="ptolemy.util.test.junit.AutoTests" name="[11] /home/travis/build/icyphy/ptII/ptolemy/actor/lib/test/auto/ArrayAppendPerformanceTest.xml (RunModel)" time="0.047" />
  <testcase classname="ptolemy.util.test.junit.AutoTests" name="[12] /home/travis/build/icyphy/ptII/ptolemy/actor/lib/test/auto/ArrayAppendWithEmptyInput.xml (RunModel)" time="0.028" />
  <testcase classname="ptolemy.util.test.junit.AutoTests" name="[13] /home/travis/build/icyphy/ptII/ptolemy/actor/lib/test/auto/ArrayAverage.xml (RunModel)" time="0.059" />
  <testcase classname="ptolemy.util.test.junit.AutoTests" name="[14] /home/travis/build/icyphy/ptII/ptolemy/actor/lib/test/auto/ArrayContains.xml (RunModel)" time="0.025" />
  <testcase classname="ptolemy.util.test.junit.AutoTests" name="[15] /home/travis/build/icyphy/ptII/ptolemy/actor/lib/test/auto/ArrayElement.xml (RunModel)" time="0.024" />
  <testcase classname="ptolemy.util.test.junit.AutoTests" name="[16] /home/travis/build/icyphy/ptII/ptolemy/actor/lib/test/auto/ArrayElementAsMatrix.xml (RunModel)" time="0.037" />
  <testcase classname="ptolemy.util.test.junit.AutoTests" name="[17] /home/travis/build/icyphy/ptII/ptolemy/actor/lib/test/auto/ArrayElementI.xml (RunModel)" time="0.059" />
  <testcase classname="ptolemy.util.test.junit.AutoTests" name="[18] /home/travis/build/icyphy/ptII/ptolemy/actor/lib/test/auto/ArrayExtract.xml (RunModel)" time="0.041" />
  <testcase classname="ptolemy.util.test.junit.AutoTests" name="[19] /home/travis/build/icyphy/ptII/ptolemy/actor/lib/test/auto/ArrayExtract2.xml (RunModel)" time="0.025" />
  <testcase classname="ptolemy.util.test.junit.AutoTests" name="[20] /home/travis/build/icyphy/ptII/ptolemy/actor/lib/test/auto/ArrayLength.xml (RunModel)" time="0.022" />
  <testcase classname="ptolemy.util.test.junit.AutoTests" name="[21] /home/travis/build/icyphy/ptII/ptolemy/actor/lib/test/auto/ArrayLevelCrossing.xml (RunModel)" time="0.035" />
  <testcase classname="ptolemy.util.test.junit.AutoTests" name="[22] /home/travis/build/icyphy/ptII/ptolemy/actor/lib/test/auto/ArrayLevelCrossing2.xml (RunModel)" time="0.025" />
  <testcase classname="ptolemy.util.test.junit.AutoTests" name="[23] /home/travis/build/icyphy/ptII/ptolemy/actor/lib/test/auto/ArrayPeakSearch.xml (RunModel)" time="0.041" />
  <testcase classname="ptolemy.util.test.junit.AutoTests" name="[24] /home/travis/build/icyphy/ptII/ptolemy/actor/lib/test/auto/ArrayPeakSearch2.xml (RunModel)" time="0.033" />
  <testcase classname="ptolemy.util.test.junit.AutoTests" name="[25] /home/travis/build/icyphy/ptII/ptolemy/actor/lib/test/auto/ArrayPeakSearch3.xml (RunModel)" time="0.031" />
  <testcase classname="ptolemy.util.test.junit.AutoTests" name="[26] /home/travis/build/icyphy/ptII/ptolemy/actor/lib/test/auto/ArrayRemoveElement.xml (RunModel)" time="0.029" />
  <testcase classname="ptolemy.util.test.junit.AutoTests" name="[27] /home/travis/build/icyphy/ptII/ptolemy/actor/lib/test/auto/ArraySort.xml (RunModel)" time="0.03" />
  <testcase classname="ptolemy.util.test.junit.AutoTests" name="[28] /home/travis/build/icyphy/ptII/ptolemy/actor/lib/test/auto/ArraySum.xml (RunModel)" time="0.017" />
  <testcase classname="ptolemy.util.test.junit.AutoTests" name="[29] /home/travis/build/icyphy/ptII/ptolemy/actor/lib/test/auto/ArrayToElements.xml (RunModel)" time="0.021" />
  <testcase classname="ptolemy.util.test.junit.AutoTests" name="[30] /home/travis/build/icyphy/ptII/ptolemy/actor/lib/test/auto/ArrayToMatrix.xml (RunModel)" time="0.049" />
  <testcase classname="ptolemy.util.test.junit.AutoTests" name="[31] /home/travis/build/icyphy/ptII/ptolemy/actor/lib/test/auto/ArrayUpdate1.xml (RunModel)" time="0.018" />
  <testcase classname="ptolemy.util.test.junit.AutoTests" name="[32] /home/travis/build/icyphy/ptII/ptolemy/actor/lib/test/auto/ArrayUpdate2.xml (RunModel)" time="0.027" />
  <testcase classname="ptolemy.util.test.junit.AutoTests" name="[33] /home/travis/build/icyphy/ptII/ptolemy/actor/lib/test/auto/ArrayUpdate3.xml (RunModel)" time="0.024" />
  <testcase classname="ptolemy.util.test.junit.AutoTests" name="[34] /home/travis/build/icyphy/ptII/ptolemy/actor/lib/test/auto/Assert1.xml (RunModel)" time="0.024" />
  <testcase classname="ptolemy.util.test.junit.AutoTests" name="[35] /home/travis/build/icyphy/ptII/ptolemy/actor/lib/test/auto/Assert2.xml (RunModel)" time="0.011" />
  <testcase classname="ptolemy.util.test.junit.AutoTests" name="[36] /home/travis/build/icyphy/ptII/ptolemy/actor/lib/test/auto/BooleanMultiplexor.xml (RunModel)" time="0.017" />
  <testcase classname="ptolemy.util.test.junit.AutoTests" name="[37] /home/travis/build/icyphy/ptII/ptolemy/actor/lib/test/auto/BooleanMultiplexor2.xml (RunModel)" time="0.025" />
  <testcase classname="ptolemy.util.test.junit.AutoTests" name="[38] /home/travis/build/icyphy/ptII/ptolemy/actor/lib/test/auto/BooleanMultiplexor3.xml (RunModel)" time="0.02" />
  <testcase classname="ptolemy.util.test.junit.AutoTests" name="[39] /home/travis/build/icyphy/ptII/ptolemy/actor/lib/test/auto/BooleanSelect.xml (RunModel)" time="0.022" />
  <testcase classname="ptolemy.util.test.junit.AutoTests" name="[40] /home/travis/build/icyphy/ptII/ptolemy/actor/lib/test/auto/BooleanSelect2.xml (RunModel)" time="0.014" />
  <testcase classname="ptolemy.util.test.junit.AutoTests" name="[41] /home/travis/build/icyphy/ptII/ptolemy/actor/lib/test/auto/BooleanSwitch.xml (RunModel)" time="0.056" />
  <testcase classname="ptolemy.util.test.junit.AutoTests" name="[42] /home/travis/build/icyphy/ptII/ptolemy/actor/lib/test/auto/BooleanSwitch2.xml (RunModel)" time="0.012" />
  <testcase classname="ptolemy.util.test.junit.AutoTests" name="[43] /home/travis/build/icyphy/ptII/ptolemy/actor/lib/test/auto/BooleanSwitchCloningBugWithClassRelationGroup.xml (RunModel)" time="0.033" />
  <testcase classname="ptolemy.util.test.junit.AutoTests" name="[44] /home/travis/build/icyphy/ptII/ptolemy/actor/lib/test/auto/BusActors.xml (RunModel)" time="0.038" />
  <testcase classname="ptolemy.util.test.junit.AutoTests" name="[45] /home/travis/build/icyphy/ptII/ptolemy/actor/lib/test/auto/ClassWrapper.xml (RunModel)" time="0.014" />
  <testcase classname="ptolemy.util.test.junit.AutoTests" name="[46] /home/travis/build/icyphy/ptII/ptolemy/actor/lib/test/auto/Clock.xml (RunModel)" time="0.022" />
  <testcase classname="ptolemy.util.test.junit.AutoTests" name="[47] /home/travis/build/icyphy/ptII/ptolemy/actor/lib/test/auto/Clock10.xml (RunModel)" time="0.016" />
  <testcase classname="ptolemy.util.test.junit.AutoTests" name="[48] /home/travis/build/icyphy/ptII/ptolemy/actor/lib/test/auto/Clock11.xml (RunModel)" time="0.016" />
  <testcase classname="ptolemy.util.test.junit.AutoTests" name="[49] /home/travis/build/icyphy/ptII/ptolemy/actor/lib/test/auto/Clock12.xml (RunModel)" time="0.022" />
  <testcase classname="ptolemy.util.test.junit.AutoTests" name="[50] /home/travis/build/icyphy/ptII/ptolemy/actor/lib/test/auto/Clock13.xml (RunModel)" time="0.019" />
  <testcase classname="ptolemy.util.test.junit.AutoTests" name="[51] /home/travis/build/icyphy/ptII/ptolemy/actor/lib/test/auto/Clock14.xml (RunModel)" time="0.016" />
  <testcase classname="ptolemy.util.test.junit.AutoTests" name="[52] /home/travis/build/icyphy/ptII/ptolemy/actor/lib/test/auto/Clock15.xml (RunModel)" time="0.013" />
  <testcase classname="ptolemy.util.test.junit.AutoTests" name="[53] /home/travis/build/icyphy/ptII/ptolemy/actor/lib/test/auto/Clock16.xml (RunModel)" time="0.087" />
  <testcase classname="ptolemy.util.test.junit.AutoTests" name="[54] /home/travis/build/icyphy/ptII/ptolemy/actor/lib/test/auto/Clock17.xml (RunModel)" time="0.044" />
  <testcase classname="ptolemy.util.test.junit.AutoTests" name="[55] /home/travis/build/icyphy/ptII/ptolemy/actor/lib/test/auto/Clock18.xml (RunModel)" time="0.041" />
  <testcase classname="ptolemy.util.test.junit.AutoTests" name="[56] /home/travis/build/icyphy/ptII/ptolemy/actor/lib/test/auto/Clock19.xml (RunModel)" time="0.036" />
  <testcase classname="ptolemy.util.test.junit.AutoTests" name="[57] /home/travis/build/icyphy/ptII/ptolemy/actor/lib/test/auto/Clock2.xml (RunModel)" time="0.01" />
  <testcase classname="ptolemy.util.test.junit.AutoTests" name="[58] /home/travis/build/icyphy/ptII/ptolemy/actor/lib/test/auto/Clock20.xml (RunModel)" time="0.014" />
  <testcase classname="ptolemy.util.test.junit.AutoTests" name="[59] /home/travis/build/icyphy/ptII/ptolemy/actor/lib/test/auto/Clock21.xml (RunModel)" time="0.011" />
  <testcase classname="ptolemy.util.test.junit.AutoTests" name="[60] /home/travis/build/icyphy/ptII/ptolemy/actor/lib/test/auto/Clock22.xml (RunModel)" time="0.012" />
  <testcase classname="ptolemy.util.test.junit.AutoTests" name="[61] /home/travis/build/icyphy/ptII/ptolemy/actor/lib/test/auto/Clock23.xml (RunModel)" time="0.015" />
  <testcase classname="ptolemy.util.test.junit.AutoTests" name="[62] /home/travis/build/icyphy/ptII/ptolemy/actor/lib/test/auto/Clock24.xml (RunModel)" time="0.01" />
  <testcase classname="ptolemy.util.test.junit.AutoTests" name="[63] /home/travis/build/icyphy/ptII/ptolemy/actor/lib/test/auto/Clock4.xml (RunModel)" time="0.008" />
  <testcase classname="ptolemy.util.test.junit.AutoTests" name="[64] /home/travis/build/icyphy/ptII/ptolemy/actor/lib/test/auto/Clock5.xml (RunModel)" time="0.01" />
  <testcase classname="ptolemy.util.test.junit.AutoTests" name="[65] /home/travis/build/icyphy/ptII/ptolemy/actor/lib/test/auto/Clock6.xml (RunModel)" time="0.068" />
  <testcase classname="ptolemy.util.test.junit.AutoTests" name="[66] /home/travis/build/icyphy/ptII/ptolemy/actor/lib/test/auto/Clock7.xml (RunModel)" time="0.011" />
  <testcase classname="ptolemy.util.test.junit.AutoTests" name="[67] /home/travis/build/icyphy/ptII/ptolemy/actor/lib/test/auto/Clock8.xml (RunModel)" time="0.012" />
  <testcase classname="ptolemy.util.test.junit.AutoTests" name="[68] /home/travis/build/icyphy/ptII/ptolemy/actor/lib/test/auto/Clock9.xml (RunModel)" time="0.019" />
  <testcase classname="ptolemy.util.test.junit.AutoTests" name="[69] /home/travis/build/icyphy/ptII/ptolemy/actor/lib/test/auto/CommDistDiscard.xml (RunModel)" time="0.023" />
  <testcase classname="ptolemy.util.test.junit.AutoTests" name="[70] /home/travis/build/icyphy/ptII/ptolemy/actor/lib/test/auto/Commutator.xml (RunModel)" time="0.017" />
  <testcase classname="ptolemy.util.test.junit.AutoTests" name="[71] /home/travis/build/icyphy/ptII/ptolemy/actor/lib/test/auto/Commutator2.xml (RunModel)" time="0.012" />
  <testcase classname="ptolemy.util.test.junit.AutoTests" name="[72] /home/travis/build/icyphy/ptII/ptolemy/actor/lib/test/auto/Commutator3.xml (RunModel)" time="0.013" />
  <testcase classname="ptolemy.util.test.junit.AutoTests" name="[73] /home/travis/build/icyphy/ptII/ptolemy/actor/lib/test/auto/Compare.xml (RunModel)" time="0.022" />
  <testcase classname="ptolemy.util.test.junit.AutoTests" name="[74] /home/travis/build/icyphy/ptII/ptolemy/actor/lib/test/auto/CompareDE.xml (RunModel)" time="0.02" />
  <testcase classname="ptolemy.util.test.junit.AutoTests" name="[75] /home/travis/build/icyphy/ptII/ptolemy/actor/lib/test/auto/ComplexDivide.xml (RunModel)" time="0.023" />
  <testcase classname="ptolemy.util.test.junit.AutoTests" name="[76] /home/travis/build/icyphy/ptII/ptolemy/actor/lib/test/auto/ComputeHistogram.xml (RunModel)" time="0.074" />
  <testcase classname="ptolemy.util.test.junit.AutoTests" name="[77] /home/travis/build/icyphy/ptII/ptolemy/actor/lib/test/auto/ConfigurationSelect.xml (RunModel)" time="0.024" />
  <testcase classname="ptolemy.util.test.junit.AutoTests" name="[78] /home/travis/build/icyphy/ptII/ptolemy/actor/lib/test/auto/ConfigurationSelect2.xml (RunModel)" time="0.017" />
  <testcase classname="ptolemy.util.test.junit.AutoTests" name="[79] /home/travis/build/icyphy/ptII/ptolemy/actor/lib/test/auto/ConfigurationSwitch.xml (RunModel)" time="0.028" />
  <testcase classname="ptolemy.util.test.junit.AutoTests" name="[80] /home/travis/build/icyphy/ptII/ptolemy/actor/lib/test/auto/ConfigurationSwitch2.xml (RunModel)" time="0.021" />
  <testcase classname="ptolemy.util.test.junit.AutoTests" name="[81] /home/travis/build/icyphy/ptII/ptolemy/actor/lib/test/auto/ConfigurationSwitchCloningBugWithClassRelationGroup.xml (RunModel)" time="0.021" />
  <testcase classname="ptolemy.util.test.junit.AutoTests" name="[82] /home/travis/build/icyphy/ptII/ptolemy/actor/lib/test/auto/ConfigurationSwitchSelectSDF.xml (RunModel)" time="0.014" />
  <testcase classname="ptolemy.util.test.junit.AutoTests" name="[83] /home/travis/build/icyphy/ptII/ptolemy/actor/lib/test/auto/ConfigurationSwitchSelectSDF2.xml (RunModel)" time="0.021" />
  <testcase classname="ptolemy.util.test.junit.AutoTests" name="[84] /home/travis/build/icyphy/ptII/ptolemy/actor/lib/test/auto/Const.xml (RunModel)" time="0.009" />
  <testcase classname="ptolemy.util.test.junit.AutoTests" name="[85] /home/travis/build/icyphy/ptII/ptolemy/actor/lib/test/auto/Const2.xml (RunModel)" time="0.012" />
  <testcase classname="ptolemy.util.test.junit.AutoTests" name="[86] /home/travis/build/icyphy/ptII/ptolemy/actor/lib/test/auto/Const3.xml (RunModel)" time="0.009" />
  <testcase classname="ptolemy.util.test.junit.AutoTests" name="[87] /home/travis/build/icyphy/ptII/ptolemy/actor/lib/test/auto/ConstantPublisherPort1.xml (RunModel)" time="0.024" />
  <testcase classname="ptolemy.util.test.junit.AutoTests" name="[88] /home/travis/build/icyphy/ptII/ptolemy/actor/lib/test/auto/ConstantPublisherPort2.xml (RunModel)" time="0.025" />
  <testcase classname="ptolemy.util.test.junit.AutoTests" name="[89] /home/travis/build/icyphy/ptII/ptolemy/actor/lib/test/auto/ConstantPublisherPort3.xml (RunModel)" time="0.024" />
  <testcase classname="ptolemy.util.test.junit.AutoTests" name="[90] /home/travis/build/icyphy/ptII/ptolemy/actor/lib/test/auto/ConstantPublisherPort4.xml (RunModel)" time="0.018" />
  <testcase classname="ptolemy.util.test.junit.AutoTests" name="[91] /home/travis/build/icyphy/ptII/ptolemy/actor/lib/test/auto/ConstantPublisherPort5.xml (RunModel)" time="0.05" />
  <testcase classname="ptolemy.util.test.junit.AutoTests" name="[92] /home/travis/build/icyphy/ptII/ptolemy/actor/lib/test/auto/ConstantPublisherPort6.xml (RunModel)" time="0.039" />
  <testcase classname="ptolemy.util.test.junit.AutoTests" name="[93] /home/travis/build/icyphy/ptII/ptolemy/actor/lib/test/auto/ConstantPublisherPort7.xml (RunModel)" time="0.038" />
  <testcase classname="ptolemy.util.test.junit.AutoTests" name="[94] /home/travis/build/icyphy/ptII/ptolemy/actor/lib/test/auto/ConstraintMonitor1.xml (RunModel)" time="0.04" />
  <testcase classname="ptolemy.util.test.junit.AutoTests" name="[95] /home/travis/build/icyphy/ptII/ptolemy/actor/lib/test/auto/ConstraintMonitor2.xml (RunModel)" time="0.018" />
  <testcase classname="ptolemy.util.test.junit.AutoTests" name="[96] /home/travis/build/icyphy/ptII/ptolemy/actor/lib/test/auto/ConstraintMonitor3.xml (RunModel)" time="0.016" />
  <testcase classname="ptolemy.util.test.junit.AutoTests" name="[97] /home/travis/build/icyphy/ptII/ptolemy/actor/lib/test/auto/ConstraintMonitor4.xml (RunModel)" time="0.015" />
  <testcase classname="ptolemy.util.test.junit.AutoTests" name="[98] /home/travis/build/icyphy/ptII/ptolemy/actor/lib/test/auto/ConstraintMonitor5.xml (RunModel)" time="0.012" />
  <testcase classname="ptolemy.util.test.junit.AutoTests" name="[99] /home/travis/build/icyphy/ptII/ptolemy/actor/lib/test/auto/ConstraintMonitor6.xml (RunModel)" time="0.016" />
  <testcase classname="ptolemy.util.test.junit.AutoTests" name="[100] /home/travis/build/icyphy/ptII/ptolemy/actor/lib/test/auto/ConstraintMonitor7.xml (RunModel)" time="0.016" />
  <testcase classname="ptolemy.util.test.junit.AutoTests" name="[101] /home/travis/build/icyphy/ptII/ptolemy/actor/lib/test/auto/ConstraintMonitor8.xml (RunModel)" time="0.05" />
  <testcase classname="ptolemy.util.test.junit.AutoTests" name="[102] /home/travis/build/icyphy/ptII/ptolemy/actor/lib/test/auto/Counter.xml (RunModel)" time="0.016" />
  <testcase classname="ptolemy.util.test.junit.AutoTests" name="[103] /home/travis/build/icyphy/ptII/ptolemy/actor/lib/test/auto/CurrentTimeSDF.xml (RunModel)" time="0.008" />
  <testcase classname="ptolemy.util.test.junit.AutoTests" name="[104] /home/travis/build/icyphy/ptII/ptolemy/actor/lib/test/auto/DB.xml (RunModel)" time="0.012" />
  <testcase classname="ptolemy.util.test.junit.AutoTests" name="[105] /home/travis/build/icyphy/ptII/ptolemy/actor/lib/test/auto/DBDE.xml (RunModel)" time="0.024" />
  <testcase classname="ptolemy.util.test.junit.AutoTests" name="[106] /home/travis/build/icyphy/ptII/ptolemy/actor/lib/test/auto/DateConstructor.xml (RunModel)" time="0.074" />
  <testcase classname="ptolemy.util.test.junit.AutoTests" name="[107] /home/travis/build/icyphy/ptII/ptolemy/actor/lib/test/auto/DelayTime.xml (RunModel)" time="0.015" />
  <testcase classname="ptolemy.util.test.junit.AutoTests" name="[108] /home/travis/build/icyphy/ptII/ptolemy/actor/lib/test/auto/Dictionary1.xml (RunModel)" time="0.024" />
  <testcase classname="ptolemy.util.test.junit.AutoTests" name="[109] /home/travis/build/icyphy/ptII/ptolemy/actor/lib/test/auto/Dictionary2.xml (RunModel)" time="0.016" />
  <testcase classname="ptolemy.util.test.junit.AutoTests" name="[110] /home/travis/build/icyphy/ptII/ptolemy/actor/lib/test/auto/Dictionary3.xml (RunModel)" time="0.012" />
  <testcase classname="ptolemy.util.test.junit.AutoTests" name="[111] /home/travis/build/icyphy/ptII/ptolemy/actor/lib/test/auto/Dictionary4.xml (RunModel)" time="0.022" />
  <testcase classname="ptolemy.util.test.junit.AutoTests" name="[112] /home/travis/build/icyphy/ptII/ptolemy/actor/lib/test/auto/Differential.xml (RunModel)" time="0.012" />
  <testcase classname="ptolemy.util.test.junit.AutoTests" name="[113] /home/travis/build/icyphy/ptII/ptolemy/actor/lib/test/auto/Director.xml (RunModel)" time="0.011" />
  <testcase classname="ptolemy.util.test.junit.AutoTests" name="[114] /home/travis/build/icyphy/ptII/ptolemy/actor/lib/test/auto/DiscreteClock.xml (RunModel)" time="0.008" />
  <testcase classname="ptolemy.util.test.junit.AutoTests" name="[115] /home/travis/build/icyphy/ptII/ptolemy/actor/lib/test/auto/DiscreteClock10.xml (RunModel)" time="0.014" />
  <testcase classname="ptolemy.util.test.junit.AutoTests" name="[116] /home/travis/build/icyphy/ptII/ptolemy/actor/lib/test/auto/DiscreteClock11.xml (RunModel)" time="0.01" />
  <testcase classname="ptolemy.util.test.junit.AutoTests" name="[117] /home/travis/build/icyphy/ptII/ptolemy/actor/lib/test/auto/DiscreteClock12.xml (RunModel)" time="0.012" />
  <testcase classname="ptolemy.util.test.junit.AutoTests" name="[118] /home/travis/build/icyphy/ptII/ptolemy/actor/lib/test/auto/DiscreteClock13.xml (RunModel)" time="0.013" />
  <testcase classname="ptolemy.util.test.junit.AutoTests" name="[119] /home/travis/build/icyphy/ptII/ptolemy/actor/lib/test/auto/DiscreteClock14.xml (RunModel)" time="0.015" />
  <testcase classname="ptolemy.util.test.junit.AutoTests" name="[120] /home/travis/build/icyphy/ptII/ptolemy/actor/lib/test/auto/DiscreteClock15.xml (RunModel)" time="0.015" />
  <testcase classname="ptolemy.util.test.junit.AutoTests" name="[121] /home/travis/build/icyphy/ptII/ptolemy/actor/lib/test/auto/DiscreteClock16.xml (RunModel)" time="0.034" />
  <testcase classname="ptolemy.util.test.junit.AutoTests" name="[122] /home/travis/build/icyphy/ptII/ptolemy/actor/lib/test/auto/DiscreteClock17.xml (RunModel)" time="0.036" />
  <testcase classname="ptolemy.util.test.junit.AutoTests" name="[123] /home/travis/build/icyphy/ptII/ptolemy/actor/lib/test/auto/DiscreteClock18.xml (RunModel)" time="0.034" />
  <testcase classname="ptolemy.util.test.junit.AutoTests" name="[124] /home/travis/build/icyphy/ptII/ptolemy/actor/lib/test/auto/DiscreteClock19.xml (RunModel)" time="0.033" />
  <testcase classname="ptolemy.util.test.junit.AutoTests" name="[125] /home/travis/build/icyphy/ptII/ptolemy/actor/lib/test/auto/DiscreteClock2.xml (RunModel)" time="0.008" />
  <testcase classname="ptolemy.util.test.junit.AutoTests" name="[126] /home/travis/build/icyphy/ptII/ptolemy/actor/lib/test/auto/DiscreteClock20.xml (RunModel)" time="0.015" />
  <testcase classname="ptolemy.util.test.junit.AutoTests" name="[127] /home/travis/build/icyphy/ptII/ptolemy/actor/lib/test/auto/DiscreteClock21.xml (RunModel)" time="0.012" />
  <testcase classname="ptolemy.util.test.junit.AutoTests" name="[128] /home/travis/build/icyphy/ptII/ptolemy/actor/lib/test/auto/DiscreteClock22.xml (RunModel)" time="0.011" />
  <testcase classname="ptolemy.util.test.junit.AutoTests" name="[129] /home/travis/build/icyphy/ptII/ptolemy/actor/lib/test/auto/DiscreteClock23.xml (RunModel)" time="0.013" />
  <testcase classname="ptolemy.util.test.junit.AutoTests" name="[130] /home/travis/build/icyphy/ptII/ptolemy/actor/lib/test/auto/DiscreteClock24.xml (RunModel)" time="0.012" />
  <testcase classname="ptolemy.util.test.junit.AutoTests" name="[131] /home/travis/build/icyphy/ptII/ptolemy/actor/lib/test/auto/DiscreteClock4.xml (RunModel)" time="0.013" />
  <testcase classname="ptolemy.util.test.junit.AutoTests" name="[132] /home/travis/build/icyphy/ptII/ptolemy/actor/lib/test/auto/DiscreteClock5.xml (RunModel)" time="0.011" />
  <testcase classname="ptolemy.util.test.junit.AutoTests" name="[133] /home/travis/build/icyphy/ptII/ptolemy/actor/lib/test/auto/DiscreteClock6.xml (RunModel)" time="0.013" />
  <testcase classname="ptolemy.util.test.junit.AutoTests" name="[134] /home/travis/build/icyphy/ptII/ptolemy/actor/lib/test/auto/DiscreteClock7.xml (RunModel)" time="0.009" />
  <testcase classname="ptolemy.util.test.junit.AutoTests" name="[135] /home/travis/build/icyphy/ptII/ptolemy/actor/lib/test/auto/DiscreteClock8.xml (RunModel)" time="0.019" />
  <testcase classname="ptolemy.util.test.junit.AutoTests" name="[136] /home/travis/build/icyphy/ptII/ptolemy/actor/lib/test/auto/DiscreteClock9.xml (RunModel)" time="0.012" />
  <testcase classname="ptolemy.util.test.junit.AutoTests" name="[137] /home/travis/build/icyphy/ptII/ptolemy/actor/lib/test/auto/DisplayArray.xml (RunModel)" time="0.007" />
  <testcase classname="ptolemy.util.test.junit.AutoTests" name="[138] /home/travis/build/icyphy/ptII/ptolemy/actor/lib/test/auto/Distributor.xml (RunModel)" time="0.008" />
  <testcase classname="ptolemy.util.test.junit.AutoTests" name="[139] /home/travis/build/icyphy/ptII/ptolemy/actor/lib/test/auto/Distributor2.xml (RunModel)" time="0.01" />
  <testcase classname="ptolemy.util.test.junit.AutoTests" name="[140] /home/travis/build/icyphy/ptII/ptolemy/actor/lib/test/auto/DownSample.xml (RunModel)" time="0.008" />
  <testcase classname="ptolemy.util.test.junit.AutoTests" name="[141] /home/travis/build/icyphy/ptII/ptolemy/actor/lib/test/auto/ElectronicUnitBase1.xml (RunModel)" time="0.066" />
  <testcase classname="ptolemy.util.test.junit.AutoTests" name="[142] /home/travis/build/icyphy/ptII/ptolemy/actor/lib/test/auto/ElementsToArray.xml (RunModel)" time="0.014" />
  <testcase classname="ptolemy.util.test.junit.AutoTests" name="[143] /home/travis/build/icyphy/ptII/ptolemy/actor/lib/test/auto/Equals.xml (RunModel)" time="0.013" />
  <testcase classname="ptolemy.util.test.junit.AutoTests" name="[144] /home/travis/build/icyphy/ptII/ptolemy/actor/lib/test/auto/Exec.xml (RunModel)" time="0.025" />
  <testcase classname="ptolemy.util.test.junit.AutoTests" name="[145] /home/travis/build/icyphy/ptII/ptolemy/actor/lib/test/auto/ExecEnvironment.xml (RunModel)" time="0.039" />
  <testcase classname="ptolemy.util.test.junit.AutoTests" name="[146] /home/travis/build/icyphy/ptII/ptolemy/actor/lib/test/auto/ExecNonZeroReturnOutput.xml (RunModel)" time="0.184" />
  <testcase classname="ptolemy.util.test.junit.AutoTests" name="[147] /home/travis/build/icyphy/ptII/ptolemy/actor/lib/test/auto/ExecRunDemos.xml (RunModel)" time="10.408" />
  <testcase classname="ptolemy.util.test.junit.AutoTests" name="[148] /home/travis/build/icyphy/ptII/ptolemy/actor/lib/test/auto/ExecStop.xml (RunModel)" time="5.031" />
  <testcase classname="ptolemy.util.test.junit.AutoTests" name="[149] /home/travis/build/icyphy/ptII/ptolemy/actor/lib/test/auto/ExecutionTimeSDF.xml (RunModel)" time="6.04" />
  <testcase classname="ptolemy.util.test.junit.AutoTests" name="[150] /home/travis/build/icyphy/ptII/ptolemy/actor/lib/test/auto/Expression1.xml (RunModel)" time="0.013" />
  <testcase classname="ptolemy.util.test.junit.AutoTests" name="[151] /home/travis/build/icyphy/ptII/ptolemy/actor/lib/test/auto/Expression10.xml (RunModel)" time="0.013" />
  <testcase classname="ptolemy.util.test.junit.AutoTests" name="[152] /home/travis/build/icyphy/ptII/ptolemy/actor/lib/test/auto/Expression11.xml (RunModel)" time="0.01" />
  <testcase classname="ptolemy.util.test.junit.AutoTests" name="[153] /home/travis/build/icyphy/ptII/ptolemy/actor/lib/test/auto/Expression12.xml (RunModel)" time="0.013" />
  <testcase classname="ptolemy.util.test.junit.AutoTests" name="[154] /home/travis/build/icyphy/ptII/ptolemy/actor/lib/test/auto/Expression13.xml (RunModel)" time="0.011" />
  <testcase classname="ptolemy.util.test.junit.AutoTests" name="[155] /home/travis/build/icyphy/ptII/ptolemy/actor/lib/test/auto/Expression14.xml (RunModel)" time="0.016" />
  <testcase classname="ptolemy.util.test.junit.AutoTests" name="[156] /home/travis/build/icyphy/ptII/ptolemy/actor/lib/test/auto/Expression15.xml (RunModel)" time="0.01" />
  <testcase classname="ptolemy.util.test.junit.AutoTests" name="[157] /home/travis/build/icyphy/ptII/ptolemy/actor/lib/test/auto/Expression16.xml (RunModel)" time="0.013" />
  <testcase classname="ptolemy.util.test.junit.AutoTests" name="[158] /home/travis/build/icyphy/ptII/ptolemy/actor/lib/test/auto/Expression17.xml (RunModel)" time="0.011" />
  <testcase classname="ptolemy.util.test.junit.AutoTests" name="[159] /home/travis/build/icyphy/ptII/ptolemy/actor/lib/test/auto/Expression18.xml (RunModel)" time="0.011" />
  <testcase classname="ptolemy.util.test.junit.AutoTests" name="[160] /home/travis/build/icyphy/ptII/ptolemy/actor/lib/test/auto/Expression2.xml (RunModel)" time="0.012" />
  <testcase classname="ptolemy.util.test.junit.AutoTests" name="[161] /home/travis/build/icyphy/ptII/ptolemy/actor/lib/test/auto/Expression3.xml (RunModel)" time="0.042" />
  <testcase classname="ptolemy.util.test.junit.AutoTests" name="[162] /home/travis/build/icyphy/ptII/ptolemy/actor/lib/test/auto/Expression4.xml (RunModel)" time="0.018" />
  <testcase classname="ptolemy.util.test.junit.AutoTests" name="[163] /home/travis/build/icyphy/ptII/ptolemy/actor/lib/test/auto/Expression5.xml (RunModel)" time="0.011" />
  <testcase classname="ptolemy.util.test.junit.AutoTests" name="[164] /home/travis/build/icyphy/ptII/ptolemy/actor/lib/test/auto/Expression6.xml (RunModel)" time="0.009" />
  <testcase classname="ptolemy.util.test.junit.AutoTests" name="[165] /home/travis/build/icyphy/ptII/ptolemy/actor/lib/test/auto/Expression7.xml (RunModel)" time="0.017" />
  <testcase classname="ptolemy.util.test.junit.AutoTests" name="[166] /home/travis/build/icyphy/ptII/ptolemy/actor/lib/test/auto/Expression8.xml (RunModel)" time="0.014" />
  <testcase classname="ptolemy.util.test.junit.AutoTests" name="[167] /home/travis/build/icyphy/ptII/ptolemy/actor/lib/test/auto/Expression9.xml (RunModel)" time="0.008" />
  <testcase classname="ptolemy.util.test.junit.AutoTests" name="[168] /home/travis/build/icyphy/ptII/ptolemy/actor/lib/test/auto/ExpressionConcatenateArrayType.xml (RunModel)" time="0.038" />
  <testcase classname="ptolemy.util.test.junit.AutoTests" name="[169] /home/travis/build/icyphy/ptII/ptolemy/actor/lib/test/auto/ExpressionConcatenateArrayType2.xml (RunModel)" time="0.024" />
  <testcase classname="ptolemy.util.test.junit.AutoTests" name="[170] /home/travis/build/icyphy/ptII/ptolemy/actor/lib/test/auto/ExpressionFix.xml (RunModel)" time="0.047" />
  <testcase classname="ptolemy.util.test.junit.AutoTests" name="[171] /home/travis/build/icyphy/ptII/ptolemy/actor/lib/test/auto/ExpressionFix2.xml (RunModel)" time="0.015" />
  <testcase classname="ptolemy.util.test.junit.AutoTests" name="[172] /home/travis/build/icyphy/ptII/ptolemy/actor/lib/test/auto/ExpressionFix3.xml (RunModel)" time="0.013" />
  <testcase classname="ptolemy.util.test.junit.AutoTests" name="[173] /home/travis/build/icyphy/ptII/ptolemy/actor/lib/test/auto/FileWriter1.xml (RunModel)" time="0.01" />
  <testcase classname="ptolemy.util.test.junit.AutoTests" name="[174] /home/travis/build/icyphy/ptII/ptolemy/actor/lib/test/auto/FileWriter2.xml (RunModel)" time="0.008" />
  <testcase classname="ptolemy.util.test.junit.AutoTests" name="[175] /home/travis/build/icyphy/ptII/ptolemy/actor/lib/test/auto/FileWriter3.xml (RunModel)" time="0.01" />
  <testcase classname="ptolemy.util.test.junit.AutoTests" name="[176] /home/travis/build/icyphy/ptII/ptolemy/actor/lib/test/auto/Gaussian.xml (RunModel)" time="0.012" />
  <testcase classname="ptolemy.util.test.junit.AutoTests" name="[177] /home/travis/build/icyphy/ptII/ptolemy/actor/lib/test/auto/Gaussian1.xml (RunModel)" time="0.02" />
  <testcase classname="ptolemy.util.test.junit.AutoTests" name="[178] /home/travis/build/icyphy/ptII/ptolemy/actor/lib/test/auto/Gaussian2.xml (RunModel)" time="0.016" />
  <testcase classname="ptolemy.util.test.junit.AutoTests" name="[179] /home/travis/build/icyphy/ptII/ptolemy/actor/lib/test/auto/GradientAdaptiveLattice.xml (RunModel)" time="0.015" />
  <testcase classname="ptolemy.util.test.junit.AutoTests" name="[180] /home/travis/build/icyphy/ptII/ptolemy/actor/lib/test/auto/IIR.xml (RunModel)" time="0.01" />
  <testcase classname="ptolemy.util.test.junit.AutoTests" name="[181] /home/travis/build/icyphy/ptII/ptolemy/actor/lib/test/auto/InputOutputTransparentPorts.xml (RunModel)" time="0.017" />
  <testcase classname="ptolemy.util.test.junit.AutoTests" name="[182] /home/travis/build/icyphy/ptII/ptolemy/actor/lib/test/auto/Interpolator.xml (RunModel)" time="0.01" />
  <testcase classname="ptolemy.util.test.junit.AutoTests" name="[183] /home/travis/build/icyphy/ptII/ptolemy/actor/lib/test/auto/InterpolatorFiringLimitDE.xml (RunModel)" time="0.013" />
  <testcase classname="ptolemy.util.test.junit.AutoTests" name="[184] /home/travis/build/icyphy/ptII/ptolemy/actor/lib/test/auto/Lattice.xml (RunModel)" time="0.007" />
  <testcase classname="ptolemy.util.test.junit.AutoTests" name="[185] /home/travis/build/icyphy/ptII/ptolemy/actor/lib/test/auto/LazyAOCTestLazy.xml (RunModel)" time="0.023" />
  <testcase classname="ptolemy.util.test.junit.AutoTests" name="[186] /home/travis/build/icyphy/ptII/ptolemy/actor/lib/test/auto/LazyAOCTestNonLazy.xml (RunModel)" time="0.061" />
  <testcase classname="ptolemy.util.test.junit.AutoTests" name="[187] /home/travis/build/icyphy/ptII/ptolemy/actor/lib/test/auto/LazyInnerClass.xml (RunModel)" time="0.058" />
  <testcase classname="ptolemy.util.test.junit.AutoTests" name="[188] /home/travis/build/icyphy/ptII/ptolemy/actor/lib/test/auto/LazyPubSub.xml (RunModel)" time="0.024" />
  <testcase classname="ptolemy.util.test.junit.AutoTests" name="[189] /home/travis/build/icyphy/ptII/ptolemy/actor/lib/test/auto/LazyPubSub2.xml (RunModel)" time="0.037" />
  <testcase classname="ptolemy.util.test.junit.AutoTests" name="[190] /home/travis/build/icyphy/ptII/ptolemy/actor/lib/test/auto/LazyPubSub3.xml (RunModel)" time="0.034" />
  <testcase classname="ptolemy.util.test.junit.AutoTests" name="[191] /home/travis/build/icyphy/ptII/ptolemy/actor/lib/test/auto/LazySubClassModel.xml (RunModel)" time="0.024" />
  <testcase classname="ptolemy.util.test.junit.AutoTests" name="[192] /home/travis/build/icyphy/ptII/ptolemy/actor/lib/test/auto/LevelCrossTest1.xml (RunModel)" time="0.009" />
  <testcase classname="ptolemy.util.test.junit.AutoTests" name="[193] /home/travis/build/icyphy/ptII/ptolemy/actor/lib/test/auto/LevelCrossTest10.xml (RunModel)" time="0.012" />
  <testcase classname="ptolemy.util.test.junit.AutoTests" name="[194] /home/travis/build/icyphy/ptII/ptolemy/actor/lib/test/auto/LevelCrossTest11.xml (RunModel)" time="0.011" />
  <testcase classname="ptolemy.util.test.junit.AutoTests" name="[195] /home/travis/build/icyphy/ptII/ptolemy/actor/lib/test/auto/LevelCrossTest12.xml (RunModel)" time="0.012" />
  <testcase classname="ptolemy.util.test.junit.AutoTests" name="[196] /home/travis/build/icyphy/ptII/ptolemy/actor/lib/test/auto/LevelCrossTest13.xml (RunModel)" time="0.012" />
  <testcase classname="ptolemy.util.test.junit.AutoTests" name="[197] /home/travis/build/icyphy/ptII/ptolemy/actor/lib/test/auto/LevelCrossTest2.xml (RunModel)" time="0.009" />
  <testcase classname="ptolemy.util.test.junit.AutoTests" name="[198] /home/travis/build/icyphy/ptII/ptolemy/actor/lib/test/auto/LevelCrossTest3.xml (RunModel)" time="0.011" />
  <testcase classname="ptolemy.util.test.junit.AutoTests" name="[199] /home/travis/build/icyphy/ptII/ptolemy/actor/lib/test/auto/LevelCrossTest4.xml (RunModel)" time="0.01" />
  <testcase classname="ptolemy.util.test.junit.AutoTests" name="[200] /home/travis/build/icyphy/ptII/ptolemy/actor/lib/test/auto/LevelCrossTest5.xml (RunModel)" time="0.013" />
  <testcase classname="ptolemy.util.test.junit.AutoTests" name="[201] /home/travis/build/icyphy/ptII/ptolemy/actor/lib/test/auto/LevelCrossTest6.xml (RunModel)" time="0.011" />
  <testcase classname="ptolemy.util.test.junit.AutoTests" name="[202] /home/travis/build/icyphy/ptII/ptolemy/actor/lib/test/auto/LevelCrossTest7.xml (RunModel)" time="0.018" />
  <testcase classname="ptolemy.util.test.junit.AutoTests" name="[203] /home/travis/build/icyphy/ptII/ptolemy/actor/lib/test/auto/LevelCrossTest8.xml (RunModel)" time="0.012" />
  <testcase classname="ptolemy.util.test.junit.AutoTests" name="[204] /home/travis/build/icyphy/ptII/ptolemy/actor/lib/test/auto/LevelCrossTest9.xml (RunModel)" time="0.051" />
  <testcase classname="ptolemy.util.test.junit.AutoTests" name="[205] /home/travis/build/icyphy/ptII/ptolemy/actor/lib/test/auto/LevinsonDurbin.xml (RunModel)" time="0.009" />
  <testcase classname="ptolemy.util.test.junit.AutoTests" name="[206] /home/travis/build/icyphy/ptII/ptolemy/actor/lib/test/auto/LevinsonDurbin2.xml (RunModel)" time="0.009" />
  <testcase classname="ptolemy.util.test.junit.AutoTests" name="[207] /home/travis/build/icyphy/ptII/ptolemy/actor/lib/test/auto/LevinsonDurbin3.xml (RunModel)" time="0.009" />
  <testcase classname="ptolemy.util.test.junit.AutoTests" name="[208] /home/travis/build/icyphy/ptII/ptolemy/actor/lib/test/auto/Limiter.xml (RunModel)" time="0.044" />
  <testcase classname="ptolemy.util.test.junit.AutoTests" name="[209] /home/travis/build/icyphy/ptII/ptolemy/actor/lib/test/auto/LinearDifferenceEquationSystem.xml (RunModel)" time="0.022" />
  <testcase classname="ptolemy.util.test.junit.AutoTests" name="[210] /home/travis/build/icyphy/ptII/ptolemy/actor/lib/test/auto/LookupTable.xml (RunModel)" time="0.009" />
  <testcase classname="ptolemy.util.test.junit.AutoTests" name="[211] /home/travis/build/icyphy/ptII/ptolemy/actor/lib/test/auto/MathFunction.xml (RunModel)" time="0.019" />
  <testcase classname="ptolemy.util.test.junit.AutoTests" name="[212] /home/travis/build/icyphy/ptII/ptolemy/actor/lib/test/auto/MathFunction2.xml (RunModel)" time="0.024" />
  <testcase classname="ptolemy.util.test.junit.AutoTests" name="[213] /home/travis/build/icyphy/ptII/ptolemy/actor/lib/test/auto/MathFunction3.xml (RunModel)" time="0.028" />
  <testcase classname="ptolemy.util.test.junit.AutoTests" name="[214] /home/travis/build/icyphy/ptII/ptolemy/actor/lib/test/auto/MatrixCropBoolean.xml (RunModel)" time="0.015" />
  <testcase classname="ptolemy.util.test.junit.AutoTests" name="[215] /home/travis/build/icyphy/ptII/ptolemy/actor/lib/test/auto/MatrixCropComplex.xml (RunModel)" time="0.01" />
  <testcase classname="ptolemy.util.test.junit.AutoTests" name="[216] /home/travis/build/icyphy/ptII/ptolemy/actor/lib/test/auto/MatrixCropDouble.xml (RunModel)" time="0.01" />
  <testcase classname="ptolemy.util.test.junit.AutoTests" name="[217] /home/travis/build/icyphy/ptII/ptolemy/actor/lib/test/auto/MatrixCropFix.xml (RunModel)" time="0.013" />
  <testcase classname="ptolemy.util.test.junit.AutoTests" name="[218] /home/travis/build/icyphy/ptII/ptolemy/actor/lib/test/auto/MatrixCropInt.xml (RunModel)" time="0.01" />
  <testcase classname="ptolemy.util.test.junit.AutoTests" name="[219] /home/travis/build/icyphy/ptII/ptolemy/actor/lib/test/auto/MatrixCropLong.xml (RunModel)" time="0.008" />
  <testcase classname="ptolemy.util.test.junit.AutoTests" name="[220] /home/travis/build/icyphy/ptII/ptolemy/actor/lib/test/auto/MatrixToArray.xml (RunModel)" time="0.055" />
  <testcase classname="ptolemy.util.test.junit.AutoTests" name="[221] /home/travis/build/icyphy/ptII/ptolemy/actor/lib/test/auto/MaxIndex.xml (RunModel)" time="0.017" />
  <testcase classname="ptolemy.util.test.junit.AutoTests" name="[222] /home/travis/build/icyphy/ptII/ptolemy/actor/lib/test/auto/Maximum.xml (RunModel)" time="0.018" />
  <testcase classname="ptolemy.util.test.junit.AutoTests" name="[223] /home/travis/build/icyphy/ptII/ptolemy/actor/lib/test/auto/MaximumComplex.xml (RunModel)" time="0.014" />
  <testcase classname="ptolemy.util.test.junit.AutoTests" name="[224] /home/travis/build/icyphy/ptII/ptolemy/actor/lib/test/auto/MethodCallTest.xml (RunModel)" time="0.019" />
  <testcase classname="ptolemy.util.test.junit.AutoTests" name="[225] /home/travis/build/icyphy/ptII/ptolemy/actor/lib/test/auto/Minimum.xml (RunModel)" time="0.014" />
  <testcase classname="ptolemy.util.test.junit.AutoTests" name="[226] /home/travis/build/icyphy/ptII/ptolemy/actor/lib/test/auto/MinimumComplex.xml (RunModel)" time="0.025" />
  <testcase classname="ptolemy.util.test.junit.AutoTests" name="[227] /home/travis/build/icyphy/ptII/ptolemy/actor/lib/test/auto/MinimumMultiports.xml (RunModel)" time="0.016" />
  <testcase classname="ptolemy.util.test.junit.AutoTests" name="[228] /home/travis/build/icyphy/ptII/ptolemy/actor/lib/test/auto/ModifyDate.xml (RunModel)" time="0.04" />
  <testcase classname="ptolemy.util.test.junit.AutoTests" name="[229] /home/travis/build/icyphy/ptII/ptolemy/actor/lib/test/auto/ModifyDate2.xml (RunModel)" time="0.024" />
  <testcase classname="ptolemy.util.test.junit.AutoTests" name="[230] /home/travis/build/icyphy/ptII/ptolemy/actor/lib/test/auto/MovingAverage.xml (RunModel)" time="0.01" />
  <testcase classname="ptolemy.util.test.junit.AutoTests" name="[231] /home/travis/build/icyphy/ptII/ptolemy/actor/lib/test/auto/MovingMaximum.xml (RunModel)" time="0.01" />
  <testcase classname="ptolemy.util.test.junit.AutoTests" name="[232] /home/travis/build/icyphy/ptII/ptolemy/actor/lib/test/auto/MultipleLinksToSameRelation.xml (RunModel)" time="0.006" />
  <testcase classname="ptolemy.util.test.junit.AutoTests" name="[233] /home/travis/build/icyphy/ptII/ptolemy/actor/lib/test/auto/MultipleLinksToSameRelationDE.xml (RunModel)" time="0.014" />
  <testcase classname="ptolemy.util.test.junit.AutoTests" name="[234] /home/travis/build/icyphy/ptII/ptolemy/actor/lib/test/auto/Multiplexor.xml (RunModel)" time="0.014" />
  <testcase classname="ptolemy.util.test.junit.AutoTests" name="[235] /home/travis/build/icyphy/ptII/ptolemy/actor/lib/test/auto/Multiplexor1.xml (RunModel)" time="0.012" />
  <testcase classname="ptolemy.util.test.junit.AutoTests" name="[236] /home/travis/build/icyphy/ptII/ptolemy/actor/lib/test/auto/Multiplexor2.xml (RunModel)" time="0.015" />
  <testcase classname="ptolemy.util.test.junit.AutoTests" name="[237] /home/travis/build/icyphy/ptII/ptolemy/actor/lib/test/auto/Multiplexor3.xml (RunModel)" time="0.01" />
  <testcase classname="ptolemy.util.test.junit.AutoTests" name="[238] /home/travis/build/icyphy/ptII/ptolemy/actor/lib/test/auto/MultiplexorDE.xml (RunModel)" time="0.019" />
  <testcase classname="ptolemy.util.test.junit.AutoTests" name="[239] /home/travis/build/icyphy/ptII/ptolemy/actor/lib/test/auto/MultiportBroadcastTest.xml (RunModel)" time="0.106" />
  <testcase classname="ptolemy.util.test.junit.AutoTests" name="[240] /home/travis/build/icyphy/ptII/ptolemy/actor/lib/test/auto/MultiportOutHangDuringGetWidth.xml (RunModel)" time="0.037" />
  <testcase classname="ptolemy.util.test.junit.AutoTests" name="[241] /home/travis/build/icyphy/ptII/ptolemy/actor/lib/test/auto/NilToken.xml (RunModel)" time="0.011" />
  <testcase classname="ptolemy.util.test.junit.AutoTests" name="[242] /home/travis/build/icyphy/ptII/ptolemy/actor/lib/test/auto/NilTokenNonStrictTest.xml (RunModel)" time="0.01" />
  <testcase classname="ptolemy.util.test.junit.AutoTests" name="[243] /home/travis/build/icyphy/ptII/ptolemy/actor/lib/test/auto/NilTokenRecord.xml (RunModel)" time="0.03" />
  <testcase classname="ptolemy.util.test.junit.AutoTests" name="[244] /home/travis/build/icyphy/ptII/ptolemy/actor/lib/test/auto/NilTokenTypeTest.xml (RunModel)" time="0.026" />
  <testcase classname="ptolemy.util.test.junit.AutoTests" name="[245] /home/travis/build/icyphy/ptII/ptolemy/actor/lib/test/auto/ObjectToken1.xml (RunModel)" time="0.007" />
  <testcase classname="ptolemy.util.test.junit.AutoTests" name="[246] /home/travis/build/icyphy/ptII/ptolemy/actor/lib/test/auto/OrderedMerge.xml (RunModel)" time="0.021" />
  <testcase classname="ptolemy.util.test.junit.AutoTests" name="[247] /home/travis/build/icyphy/ptII/ptolemy/actor/lib/test/auto/OrderedRecordDisassembler.xml (RunModel)" time="0.016" />
  <testcase classname="ptolemy.util.test.junit.AutoTests" name="[248] /home/travis/build/icyphy/ptII/ptolemy/actor/lib/test/auto/OrderedRecordDisassembler2.xml (RunModel)" time="0.017" />
  <testcase classname="ptolemy.util.test.junit.AutoTests" name="[249] /home/travis/build/icyphy/ptII/ptolemy/actor/lib/test/auto/OrderedRecordUpdater.xml (RunModel)" time="0.01" />
  <testcase classname="ptolemy.util.test.junit.AutoTests" name="[250] /home/travis/build/icyphy/ptII/ptolemy/actor/lib/test/auto/OrderedRecordUpdater2.xml (RunModel)" time="0.017" />
  <testcase classname="ptolemy.util.test.junit.AutoTests" name="[251] /home/travis/build/icyphy/ptII/ptolemy/actor/lib/test/auto/PhaseUnwrap.xml (RunModel)" time="0.012" />
  <testcase classname="ptolemy.util.test.junit.AutoTests" name="[252] /home/travis/build/icyphy/ptII/ptolemy/actor/lib/test/auto/PoissonClock.xml (RunModel)" time="0.009" />
  <testcase classname="ptolemy.util.test.junit.AutoTests" name="[253] /home/travis/build/icyphy/ptII/ptolemy/actor/lib/test/auto/PoissonClock2.xml (RunModel)" time="0.007" />
  <testcase classname="ptolemy.util.test.junit.AutoTests" name="[254] /home/travis/build/icyphy/ptII/ptolemy/actor/lib/test/auto/PoissonClock3.xml (RunModel)" time="0.021" />
  <testcase classname="ptolemy.util.test.junit.AutoTests" name="[255] /home/travis/build/icyphy/ptII/ptolemy/actor/lib/test/auto/PubSubWithInitialTokens.xml (RunModel)" time="0.014" />
  <testcase classname="ptolemy.util.test.junit.AutoTests" name="[256] /home/travis/build/icyphy/ptII/ptolemy/actor/lib/test/auto/PubSubWithInitialTokens2.xml (RunModel)" time="0.012" />
  <testcase classname="ptolemy.util.test.junit.AutoTests" name="[257] /home/travis/build/icyphy/ptII/ptolemy/actor/lib/test/auto/PublisherClassNoParameter.xml (RunModel)" time="0.023" />
  <testcase classname="ptolemy.util.test.junit.AutoTests" name="[258] /home/travis/build/icyphy/ptII/ptolemy/actor/lib/test/auto/PublisherClassParameter.xml (RunModel)" time="0.018" />
  <testcase classname="ptolemy.util.test.junit.AutoTests" name="[259] /home/travis/build/icyphy/ptII/ptolemy/actor/lib/test/auto/PublisherNonStrictTest.xml (RunModel)" time="0.014" />
  <testcase classname="ptolemy.util.test.junit.AutoTests" name="[260] /home/travis/build/icyphy/ptII/ptolemy/actor/lib/test/auto/PublisherPort1.xml (RunModel)" time="0.021" />
  <testcase classname="ptolemy.util.test.junit.AutoTests" name="[261] /home/travis/build/icyphy/ptII/ptolemy/actor/lib/test/auto/PublisherPort2.xml (RunModel)" time="0.01" />
  <testcase classname="ptolemy.util.test.junit.AutoTests" name="[262] /home/travis/build/icyphy/ptII/ptolemy/actor/lib/test/auto/PublisherPort3.xml (RunModel)" time="0.013" />
  <testcase classname="ptolemy.util.test.junit.AutoTests" name="[263] /home/travis/build/icyphy/ptII/ptolemy/actor/lib/test/auto/PublisherPort4.xml (RunModel)" time="0.013" />
  <testcase classname="ptolemy.util.test.junit.AutoTests" name="[264] /home/travis/build/icyphy/ptII/ptolemy/actor/lib/test/auto/PublisherPort5.xml (RunModel)" time="0.015" />
  <testcase classname="ptolemy.util.test.junit.AutoTests" name="[265] /home/travis/build/icyphy/ptII/ptolemy/actor/lib/test/auto/PublisherPort5LookAlike.xml (RunModel)" time="0.019" />
  <testcase classname="ptolemy.util.test.junit.AutoTests" name="[266] /home/travis/build/icyphy/ptII/ptolemy/actor/lib/test/auto/PublisherPort6.xml (RunModel)" time="0.012" />
  <testcase classname="ptolemy.util.test.junit.AutoTests" name="[267] /home/travis/build/icyphy/ptII/ptolemy/actor/lib/test/auto/PublisherPort7.xml (RunModel)" time="0.014" />
  <testcase classname="ptolemy.util.test.junit.AutoTests" name="[268] /home/travis/build/icyphy/ptII/ptolemy/actor/lib/test/auto/PublisherPort8.xml (RunModel)" time="0.014" />
  <testcase classname="ptolemy.util.test.junit.AutoTests" name="[269] /home/travis/build/icyphy/ptII/ptolemy/actor/lib/test/auto/PublisherPortSubscriberChannelVariablesAOC2.xml (RunModel)" time="0.035" />
  <testcase classname="ptolemy.util.test.junit.AutoTests" name="[270] /home/travis/build/icyphy/ptII/ptolemy/actor/lib/test/auto/PublisherPortSubscriberOpaqueWidthInference.xml (RunModel)" time="0.014" />
  <testcase classname="ptolemy.util.test.junit.AutoTests" name="[271] /home/travis/build/icyphy/ptII/ptolemy/actor/lib/test/auto/PublisherPortSubscriberPortAdjacent.xml (RunModel)" time="0.017" />
  <testcase classname="ptolemy.util.test.junit.AutoTests" name="[272] /home/travis/build/icyphy/ptII/ptolemy/actor/lib/test/auto/PublisherPortSubscriberPortExpression.xml (RunModel)" time="0.015" />
  <testcase classname="ptolemy.util.test.junit.AutoTests" name="[273] /home/travis/build/icyphy/ptII/ptolemy/actor/lib/test/auto/PublisherPortSubscriberPortOpaqueD3Reverse.xml (RunModel)" time="0.017" />
  <testcase classname="ptolemy.util.test.junit.AutoTests" name="[274] /home/travis/build/icyphy/ptII/ptolemy/actor/lib/test/auto/PublisherPortSubscriberPortOpaqueWidthInference.xml (RunModel)" time="0.014" />
  <testcase classname="ptolemy.util.test.junit.AutoTests" name="[275] /home/travis/build/icyphy/ptII/ptolemy/actor/lib/test/auto/PublisherPortToplevelSubscriberPortAOC.xml (RunModel)" time="0.013" />
  <testcase classname="ptolemy.util.test.junit.AutoTests" name="[276] /home/travis/build/icyphy/ptII/ptolemy/actor/lib/test/auto/PublisherSubscriber.xml (RunModel)" time="0.013" />
  <testcase classname="ptolemy.util.test.junit.AutoTests" name="[277] /home/travis/build/icyphy/ptII/ptolemy/actor/lib/test/auto/PublisherSubscriber10.xml (RunModel)" time="0.019" />
  <testcase classname="ptolemy.util.test.junit.AutoTests" name="[278] /home/travis/build/icyphy/ptII/ptolemy/actor/lib/test/auto/PublisherSubscriber10InitialOutputs.xml (RunModel)" time="0.035" />
  <testcase classname="ptolemy.util.test.junit.AutoTests" name="[279] /home/travis/build/icyphy/ptII/ptolemy/actor/lib/test/auto/PublisherSubscriber11.xml (RunModel)" time="0.014" />
  <testcase classname="ptolemy.util.test.junit.AutoTests" name="[280] /home/travis/build/icyphy/ptII/ptolemy/actor/lib/test/auto/PublisherSubscriber12.xml (RunModel)" time="0.018" />
  <testcase classname="ptolemy.util.test.junit.AutoTests" name="[281] /home/travis/build/icyphy/ptII/ptolemy/actor/lib/test/auto/PublisherSubscriber13.xml (RunModel)" time="0.009" />
  <testcase classname="ptolemy.util.test.junit.AutoTests" name="[282] /home/travis/build/icyphy/ptII/ptolemy/actor/lib/test/auto/PublisherSubscriber14.xml (RunModel)" time="0.021" />
  <testcase classname="ptolemy.util.test.junit.AutoTests" name="[283] /home/travis/build/icyphy/ptII/ptolemy/actor/lib/test/auto/PublisherSubscriber2.xml (RunModel)" time="0.014" />
  <testcase classname="ptolemy.util.test.junit.AutoTests" name="[284] /home/travis/build/icyphy/ptII/ptolemy/actor/lib/test/auto/PublisherSubscriber3.xml (RunModel)" time="0.009" />
  <testcase classname="ptolemy.util.test.junit.AutoTests" name="[285] /home/travis/build/icyphy/ptII/ptolemy/actor/lib/test/auto/PublisherSubscriber4.xml (RunModel)" time="0.008" />
  <testcase classname="ptolemy.util.test.junit.AutoTests" name="[286] /home/travis/build/icyphy/ptII/ptolemy/actor/lib/test/auto/PublisherSubscriber5.xml (RunModel)" time="0.013" />
  <testcase classname="ptolemy.util.test.junit.AutoTests" name="[287] /home/travis/build/icyphy/ptII/ptolemy/actor/lib/test/auto/PublisherSubscriber6.xml (RunModel)" time="0.014" />
  <testcase classname="ptolemy.util.test.junit.AutoTests" name="[288] /home/travis/build/icyphy/ptII/ptolemy/actor/lib/test/auto/PublisherSubscriber7.xml (RunModel)" time="0.016" />
  <testcase classname="ptolemy.util.test.junit.AutoTests" name="[289] /home/travis/build/icyphy/ptII/ptolemy/actor/lib/test/auto/PublisherSubscriber8.xml (RunModel)" time="0.022" />
  <testcase classname="ptolemy.util.test.junit.AutoTests" name="[290] /home/travis/build/icyphy/ptII/ptolemy/actor/lib/test/auto/PublisherSubscriber9.xml (RunModel)" time="0.015" />
  <testcase classname="ptolemy.util.test.junit.AutoTests" name="[291] /home/travis/build/icyphy/ptII/ptolemy/actor/lib/test/auto/PublisherSubscriberAdjacent.xml (RunModel)" time="0.013" />
  <testcase classname="ptolemy.util.test.junit.AutoTests" name="[292] /home/travis/build/icyphy/ptII/ptolemy/actor/lib/test/auto/PublisherSubscriberChannelVariablesAOC2.xml (RunModel)" time="0.022" />
  <testcase classname="ptolemy.util.test.junit.AutoTests" name="[293] /home/travis/build/icyphy/ptII/ptolemy/actor/lib/test/auto/PublisherSubscriberD3.xml (RunModel)" time="0.011" />
  <testcase classname="ptolemy.util.test.junit.AutoTests" name="[294] /home/travis/build/icyphy/ptII/ptolemy/actor/lib/test/auto/PublisherSubscriberD3Reverse.xml (RunModel)" time="0.009" />
  <testcase classname="ptolemy.util.test.junit.AutoTests" name="[295] /home/travis/build/icyphy/ptII/ptolemy/actor/lib/test/auto/PublisherSubscriberExpression.xml (RunModel)" time="0.014" />
  <testcase classname="ptolemy.util.test.junit.AutoTests" name="[296] /home/travis/build/icyphy/ptII/ptolemy/actor/lib/test/auto/PublisherSubscriberOpaque.xml (RunModel)" time="0.013" />
  <testcase classname="ptolemy.util.test.junit.AutoTests" name="[297] /home/travis/build/icyphy/ptII/ptolemy/actor/lib/test/auto/PublisherSubscriberOpaqueD3.xml (RunModel)" time="0.021" />
  <testcase classname="ptolemy.util.test.junit.AutoTests" name="[298] /home/travis/build/icyphy/ptII/ptolemy/actor/lib/test/auto/PublisherSubscriberOpaqueD3Reverse.xml (RunModel)" time="0.021" />
  <testcase classname="ptolemy.util.test.junit.AutoTests" name="[299] /home/travis/build/icyphy/ptII/ptolemy/actor/lib/test/auto/PublisherSubscriberOpaqueWidthInference.xml (RunModel)" time="0.014" />
  <testcase classname="ptolemy.util.test.junit.AutoTests" name="[300] /home/travis/build/icyphy/ptII/ptolemy/actor/lib/test/auto/PublisherTestSubscriber.xml (RunModel)" time="0.014" />
  <testcase classname="ptolemy.util.test.junit.AutoTests" name="[301] /home/travis/build/icyphy/ptII/ptolemy/actor/lib/test/auto/PublisherToplevelSubscriberPortAOC.xml (RunModel)" time="0.01" />
  <testcase classname="ptolemy.util.test.junit.AutoTests" name="[302] /home/travis/build/icyphy/ptII/ptolemy/actor/lib/test/auto/PulseFiringLimitDE.xml (RunModel)" time="0.013" />
  <testcase classname="ptolemy.util.test.junit.AutoTests" name="[303] /home/travis/build/icyphy/ptII/ptolemy/actor/lib/test/auto/Ramp1.xml (RunModel)" time="0.006" />
  <testcase classname="ptolemy.util.test.junit.AutoTests" name="[304] /home/travis/build/icyphy/ptII/ptolemy/actor/lib/test/auto/RampFiringLimitDE.xml (RunModel)" time="0.009" />
  <testcase classname="ptolemy.util.test.junit.AutoTests" name="[305] /home/travis/build/icyphy/ptII/ptolemy/actor/lib/test/auto/RampFiringLimitSDF.xml (RunModel)" time="0.008" />
  <testcase classname="ptolemy.util.test.junit.AutoTests" name="[306] /home/travis/build/icyphy/ptII/ptolemy/actor/lib/test/auto/RandomInteger.xml (RunModel)" time="0.007" />
  <testcase classname="ptolemy.util.test.junit.AutoTests" name="[307] /home/travis/build/icyphy/ptII/ptolemy/actor/lib/test/auto/ReadFile1.xml (RunModel)" time="0.008" />
  <testcase classname="ptolemy.util.test.junit.AutoTests" name="[308] /home/travis/build/icyphy/ptII/ptolemy/actor/lib/test/auto/ReadFile2.xml (RunModel)" time="0.006" />
  <testcase classname="ptolemy.util.test.junit.AutoTests" name="[309] /home/travis/build/icyphy/ptII/ptolemy/actor/lib/test/auto/Reader.xml (RunModel)" time="0.013" />
  <testcase classname="ptolemy.util.test.junit.AutoTests" name="[310] /home/travis/build/icyphy/ptII/ptolemy/actor/lib/test/auto/RecordAssemblerDisplayNameTest.xml (RunModel)" time="3.425" />
  <testcase classname="ptolemy.util.test.junit.AutoTests" name="[311] /home/travis/build/icyphy/ptII/ptolemy/actor/lib/test/auto/RecordAssemblerTypeError.xml (RunModel)" time="0.031" />
  <testcase classname="ptolemy.util.test.junit.AutoTests" name="[312] /home/travis/build/icyphy/ptII/ptolemy/actor/lib/test/auto/RecordDisassember.xml (RunModel)" time="0.011" />
  <testcase classname="ptolemy.util.test.junit.AutoTests" name="[313] /home/travis/build/icyphy/ptII/ptolemy/actor/lib/test/auto/RecordDisassemberDisplayNameTest.xml (RunModel)" time="0.025" />
  <testcase classname="ptolemy.util.test.junit.AutoTests" name="[314] /home/travis/build/icyphy/ptII/ptolemy/actor/lib/test/auto/RecordDisassembler.xml (RunModel)" time="0.012" />
  <testcase classname="ptolemy.util.test.junit.AutoTests" name="[315] /home/travis/build/icyphy/ptII/ptolemy/actor/lib/test/auto/RecordDisassembler2.xml (RunModel)" time="0.01" />
  <testcase classname="ptolemy.util.test.junit.AutoTests" name="[316] /home/travis/build/icyphy/ptII/ptolemy/actor/lib/test/auto/RecordUpdater.xml (RunModel)" time="0.011" />
  <testcase classname="ptolemy.util.test.junit.AutoTests" name="[317] /home/travis/build/icyphy/ptII/ptolemy/actor/lib/test/auto/RecordUpdater2.xml (RunModel)" time="0.009" />
  <testcase classname="ptolemy.util.test.junit.AutoTests" name="[318] /home/travis/build/icyphy/ptII/ptolemy/actor/lib/test/auto/RecursiveLattice.xml (RunModel)" time="0.009" />
  <testcase classname="ptolemy.util.test.junit.AutoTests" name="[319] /home/travis/build/icyphy/ptII/ptolemy/actor/lib/test/auto/Router.xml (RunModel)" time="3.026" />
  <testcase classname="ptolemy.util.test.junit.AutoTests" name="[320] /home/travis/build/icyphy/ptII/ptolemy/actor/lib/test/auto/Router2.xml (RunModel)" time="3.034" />
  <testcase classname="ptolemy.util.test.junit.AutoTests" name="[321] /home/travis/build/icyphy/ptII/ptolemy/actor/lib/test/auto/RunningMaximum.xml (RunModel)" time="0.015" />
  <testcase classname="ptolemy.util.test.junit.AutoTests" name="[322] /home/travis/build/icyphy/ptII/ptolemy/actor/lib/test/auto/RunningMinimum.xml (RunModel)" time="0.026" />
  <testcase classname="ptolemy.util.test.junit.AutoTests" name="[323] /home/travis/build/icyphy/ptII/ptolemy/actor/lib/test/auto/Scale.xml (RunModel)" time="0.011" />
  <testcase classname="ptolemy.util.test.junit.AutoTests" name="[324] /home/travis/build/icyphy/ptII/ptolemy/actor/lib/test/auto/Scale2.xml (RunModel)" time="0.008" />
  <testcase classname="ptolemy.util.test.junit.AutoTests" name="[325] /home/travis/build/icyphy/ptII/ptolemy/actor/lib/test/auto/Scale3.xml (RunModel)" time="0.014" />
  <testcase classname="ptolemy.util.test.junit.AutoTests" name="[326] /home/travis/build/icyphy/ptII/ptolemy/actor/lib/test/auto/ScaleArray.xml (RunModel)" time="0.007" />
  <testcase classname="ptolemy.util.test.junit.AutoTests" name="[327] /home/travis/build/icyphy/ptII/ptolemy/actor/lib/test/auto/ScaleArray2.xml (RunModel)" time="0.007" />
  <testcase classname="ptolemy.util.test.junit.AutoTests" name="[328] /home/travis/build/icyphy/ptII/ptolemy/actor/lib/test/auto/ScaleMatrix.xml (RunModel)" time="0.184" />
  <testcase classname="ptolemy.util.test.junit.AutoTests" name="[329] /home/travis/build/icyphy/ptII/ptolemy/actor/lib/test/auto/Select.xml (RunModel)" time="0.013" />
  <testcase classname="ptolemy.util.test.junit.AutoTests" name="[330] /home/travis/build/icyphy/ptII/ptolemy/actor/lib/test/auto/Select2.xml (RunModel)" time="0.008" />
  <testcase classname="ptolemy.util.test.junit.AutoTests" name="[331] /home/travis/build/icyphy/ptII/ptolemy/actor/lib/test/auto/SequenceToArray2.xml (RunModel)" time="0.123" />
  <testcase classname="ptolemy.util.test.junit.AutoTests" name="[332] /home/travis/build/icyphy/ptII/ptolemy/actor/lib/test/auto/SequentialClock.xml (RunModel)" time="0.01" />
  <testcase classname="ptolemy.util.test.junit.AutoTests" name="[333] /home/travis/build/icyphy/ptII/ptolemy/actor/lib/test/auto/SetVariable.xml (RunModel)" time="0.009" />
  <testcase classname="ptolemy.util.test.junit.AutoTests" name="[334] /home/travis/build/icyphy/ptII/ptolemy/actor/lib/test/auto/SetVariable2.xml (RunModel)" time="0.01" />
  <testcase classname="ptolemy.util.test.junit.AutoTests" name="[335] /home/travis/build/icyphy/ptII/ptolemy/actor/lib/test/auto/SetVariable3.xml (RunModel)" time="0.015" />
  <testcase classname="ptolemy.util.test.junit.AutoTests" name="[336] /home/travis/build/icyphy/ptII/ptolemy/actor/lib/test/auto/SetVariable4.xml (RunModel)" time="0.025" />
  <testcase classname="ptolemy.util.test.junit.AutoTests" name="[337] /home/travis/build/icyphy/ptII/ptolemy/actor/lib/test/auto/SetVariable5.xml (RunModel)" time="0.031" />
  <testcase classname="ptolemy.util.test.junit.AutoTests" name="[338] /home/travis/build/icyphy/ptII/ptolemy/actor/lib/test/auto/Sinewave.xml (RunModel)" time="0.024" />
  <testcase classname="ptolemy.util.test.junit.AutoTests" name="[339] /home/travis/build/icyphy/ptII/ptolemy/actor/lib/test/auto/Sinewave2.xml (RunModel)" time="0.016" />
  <testcase classname="ptolemy.util.test.junit.AutoTests" name="[340] /home/travis/build/icyphy/ptII/ptolemy/actor/lib/test/auto/Sinewave3.xml (RunModel)" time="0.02" />
  <testcase classname="ptolemy.util.test.junit.AutoTests" name="[341] /home/travis/build/icyphy/ptII/ptolemy/actor/lib/test/auto/SingleEvent.xml (RunModel)" time="0.009" />
  <testcase classname="ptolemy.util.test.junit.AutoTests" name="[342] /home/travis/build/icyphy/ptII/ptolemy/actor/lib/test/auto/Sleep.xml (RunModel)" time="6.013" />
  <testcase classname="ptolemy.util.test.junit.AutoTests" name="[343] /home/travis/build/icyphy/ptII/ptolemy/actor/lib/test/auto/SleepMultipleFire.xml (RunModel)" time="1.019" />
  <testcase classname="ptolemy.util.test.junit.AutoTests" name="[344] /home/travis/build/icyphy/ptII/ptolemy/actor/lib/test/auto/StopDE.xml (RunModel)" time="0.014" />
  <testcase classname="ptolemy.util.test.junit.AutoTests" name="[345] /home/travis/build/icyphy/ptII/ptolemy/actor/lib/test/auto/StopSDF.xml (RunModel)" time="0.01" />
  <testcase classname="ptolemy.util.test.junit.AutoTests" name="[346] /home/travis/build/icyphy/ptII/ptolemy/actor/lib/test/auto/StringConstant.xml (RunModel)" time="0.015" />
  <testcase classname="ptolemy.util.test.junit.AutoTests" name="[347] /home/travis/build/icyphy/ptII/ptolemy/actor/lib/test/auto/SubscriberPortInitialValues1.xml (RunModel)" time="0.019" />
  <testcase classname="ptolemy.util.test.junit.AutoTests" name="[348] /home/travis/build/icyphy/ptII/ptolemy/actor/lib/test/auto/SubscriberPortInitialValues13.xml (RunModel)" time="0.025" />
  <testcase classname="ptolemy.util.test.junit.AutoTests" name="[349] /home/travis/build/icyphy/ptII/ptolemy/actor/lib/test/auto/SubscriberPortInitialValues14.xml (RunModel)" time="0.013" />
  <testcase classname="ptolemy.util.test.junit.AutoTests" name="[350] /home/travis/build/icyphy/ptII/ptolemy/actor/lib/test/auto/SubscriberPortInitialValues2.xml (RunModel)" time="0.017" />
  <testcase classname="ptolemy.util.test.junit.AutoTests" name="[351] /home/travis/build/icyphy/ptII/ptolemy/actor/lib/test/auto/SubscriberPortInitialValues3.xml (RunModel)" time="0.016" />
  <testcase classname="ptolemy.util.test.junit.AutoTests" name="[352] /home/travis/build/icyphy/ptII/ptolemy/actor/lib/test/auto/SubscriptionAggregator.xml (RunModel)" time="0.012" />
  <testcase classname="ptolemy.util.test.junit.AutoTests" name="[353] /home/travis/build/icyphy/ptII/ptolemy/actor/lib/test/auto/SubscriptionAggregator2.xml (RunModel)" time="0.01" />
  <testcase classname="ptolemy.util.test.junit.AutoTests" name="[354] /home/travis/build/icyphy/ptII/ptolemy/actor/lib/test/auto/SubscriptionAggregator3.xml (RunModel)" time="0.015" />
  <testcase classname="ptolemy.util.test.junit.AutoTests" name="[355] /home/travis/build/icyphy/ptII/ptolemy/actor/lib/test/auto/SubscriptionAggregatorMultiply.xml (RunModel)" time="0.013" />
  <testcase classname="ptolemy.util.test.junit.AutoTests" name="[356] /home/travis/build/icyphy/ptII/ptolemy/actor/lib/test/auto/SubscriptionAggregatorPortMultiply1.xml (RunModel)" time="0.017" />
  <testcase classname="ptolemy.util.test.junit.AutoTests" name="[357] /home/travis/build/icyphy/ptII/ptolemy/actor/lib/test/auto/Switch.xml (RunModel)" time="0.017" />
  <testcase classname="ptolemy.util.test.junit.AutoTests" name="[358] /home/travis/build/icyphy/ptII/ptolemy/actor/lib/test/auto/Switch2.xml (RunModel)" time="0.011" />
  <testcase classname="ptolemy.util.test.junit.AutoTests" name="[359] /home/travis/build/icyphy/ptII/ptolemy/actor/lib/test/auto/SwitchDE.xml (RunModel)" time="0.011" />
  <testcase classname="ptolemy.util.test.junit.AutoTests" name="[360] /home/travis/build/icyphy/ptII/ptolemy/actor/lib/test/auto/SynchronizerDE.xml (RunModel)" time="0.021" />
  <testcase classname="ptolemy.util.test.junit.AutoTests" name="[361] /home/travis/build/icyphy/ptII/ptolemy/actor/lib/test/auto/Test.xml (RunModel)" time="0.016" />
  <testcase classname="ptolemy.util.test.junit.AutoTests" name="[362] /home/travis/build/icyphy/ptII/ptolemy/actor/lib/test/auto/TestExceptionAttribute1.xml (RunModel)" time="0.009" />
  <testcase classname="ptolemy.util.test.junit.AutoTests" name="[363] /home/travis/build/icyphy/ptII/ptolemy/actor/lib/test/auto/TestExceptionAttribute2.xml (RunModel)" time="0.007" />
  <testcase classname="ptolemy.util.test.junit.AutoTests" name="[364] /home/travis/build/icyphy/ptII/ptolemy/actor/lib/test/auto/TestExceptionAttribute3.xml (RunModel)" time="0.011" />
  <testcase classname="ptolemy.util.test.junit.AutoTests" name="[365] /home/travis/build/icyphy/ptII/ptolemy/actor/lib/test/auto/TestExceptionAttribute4.xml (RunModel)" time="0.009" />
  <testcase classname="ptolemy.util.test.junit.AutoTests" name="[366] /home/travis/build/icyphy/ptII/ptolemy/actor/lib/test/auto/TestExceptionHandler1.xml (RunModel)" time="0.007" />
  <testcase classname="ptolemy.util.test.junit.AutoTests" name="[367] /home/travis/build/icyphy/ptII/ptolemy/actor/lib/test/auto/TestExceptionHandler2.xml (RunModel)" time="0.009" />
  <testcase classname="ptolemy.util.test.junit.AutoTests" name="[368] /home/travis/build/icyphy/ptII/ptolemy/actor/lib/test/auto/TestExceptionHandler3.xml (RunModel)" time="0.006" />
  <testcase classname="ptolemy.util.test.junit.AutoTests" name="[369] /home/travis/build/icyphy/ptII/ptolemy/actor/lib/test/auto/TestExceptionHandler4.xml (RunModel)" time="0.006" />
  <testcase classname="ptolemy.util.test.junit.AutoTests" name="[370] /home/travis/build/icyphy/ptII/ptolemy/actor/lib/test/auto/TestRequireCorrectOrder.xml (RunModel)" time="0.013" />
  <testcase classname="ptolemy.util.test.junit.AutoTests" name="[371] /home/travis/build/icyphy/ptII/ptolemy/actor/lib/test/auto/TestSimple.xml (RunModel)" time="0.006" />
  <testcase classname="ptolemy.util.test.junit.AutoTests" name="[372] /home/travis/build/icyphy/ptII/ptolemy/actor/lib/test/auto/ThrowModelError.xml (RunModel)" time="0.01" />
  <testcase classname="ptolemy.util.test.junit.AutoTests" name="[373] /home/travis/build/icyphy/ptII/ptolemy/actor/lib/test/auto/TimeDelayMicrosteps.xml (RunModel)" time="0.03" />
  <testcase classname="ptolemy.util.test.junit.AutoTests" name="[374] /home/travis/build/icyphy/ptII/ptolemy/actor/lib/test/auto/TimeDelayMicrosteps2.xml (RunModel)" time="0.016" />
  <testcase classname="ptolemy.util.test.junit.AutoTests" name="[375] /home/travis/build/icyphy/ptII/ptolemy/actor/lib/test/auto/TimeDelayMicrosteps3.xml (RunModel)" time="0.012" />
  <testcase classname="ptolemy.util.test.junit.AutoTests" name="[376] /home/travis/build/icyphy/ptII/ptolemy/actor/lib/test/auto/TimeDelayVariableMicrosteps.xml (RunModel)" time="0.012" />
  <testcase classname="ptolemy.util.test.junit.AutoTests" name="[377] /home/travis/build/icyphy/ptII/ptolemy/actor/lib/test/auto/TimeGap.xml (RunModel)" time="0.016" />
  <testcase classname="ptolemy.util.test.junit.AutoTests" name="[378] /home/travis/build/icyphy/ptII/ptolemy/actor/lib/test/auto/TimeGap2.xml (RunModel)" time="0.012" />
  <testcase classname="ptolemy.util.test.junit.AutoTests" name="[379] /home/travis/build/icyphy/ptII/ptolemy/actor/lib/test/auto/TimedSinewave.xml (RunModel)" time="0.049" />
  <testcase classname="ptolemy.util.test.junit.AutoTests" name="[380] /home/travis/build/icyphy/ptII/ptolemy/actor/lib/test/auto/TimedSinewavePhase.xml (RunModel)" time="0.022" />
  <testcase classname="ptolemy.util.test.junit.AutoTests" name="[381] /home/travis/build/icyphy/ptII/ptolemy/actor/lib/test/auto/Timer.xml (RunModel)" time="0.011" />
  <testcase classname="ptolemy.util.test.junit.AutoTests" name="[382] /home/travis/build/icyphy/ptII/ptolemy/actor/lib/test/auto/TriangularDistTestModel.xml (RunModel)" time="0.021" />
  <testcase classname="ptolemy.util.test.junit.AutoTests" name="[383] /home/travis/build/icyphy/ptII/ptolemy/actor/lib/test/auto/TrigFunction.xml (RunModel)" time="0.009" />
  <testcase classname="ptolemy.util.test.junit.AutoTests" name="[384] /home/travis/build/icyphy/ptII/ptolemy/actor/lib/test/auto/TrigFunctionDE.xml (RunModel)" time="0.01" />
  <testcase classname="ptolemy.util.test.junit.AutoTests" name="[385] /home/travis/build/icyphy/ptII/ptolemy/actor/lib/test/auto/TrigFunctionInverse.xml (RunModel)" time="0.011" />
  <testcase classname="ptolemy.util.test.junit.AutoTests" name="[386] /home/travis/build/icyphy/ptII/ptolemy/actor/lib/test/auto/TrigFunctionTan.xml (RunModel)" time="0.006" />
  <testcase classname="ptolemy.util.test.junit.AutoTests" name="[387] /home/travis/build/icyphy/ptII/ptolemy/actor/lib/test/auto/TriggeredClock.xml (RunModel)" time="0.008" />
  <testcase classname="ptolemy.util.test.junit.AutoTests" name="[388] /home/travis/build/icyphy/ptII/ptolemy/actor/lib/test/auto/URLDirectoryReader.xml (RunModel)" time="0.115" />
  <testcase classname="ptolemy.util.test.junit.AutoTests" name="[389] /home/travis/build/icyphy/ptII/ptolemy/actor/lib/test/auto/URLDirectoryReader3.xml (RunModel)" time="1.223" />
  <testcase classname="ptolemy.util.test.junit.AutoTests" name="[390] /home/travis/build/icyphy/ptII/ptolemy/actor/lib/test/auto/UnaryMathFunction.xml (RunModel)" time="0.04" />
  <testcase classname="ptolemy.util.test.junit.AutoTests" name="[391] /home/travis/build/icyphy/ptII/ptolemy/actor/lib/test/auto/Uniform.xml (RunModel)" time="0.013" />
  <testcase classname="ptolemy.util.test.junit.AutoTests" name="[392] /home/travis/build/icyphy/ptII/ptolemy/actor/lib/test/auto/UnionDisassemblerTest.xml (RunModel)" time="0.021" />
  <testcase classname="ptolemy.util.test.junit.AutoTests" name="[393] /home/travis/build/icyphy/ptII/ptolemy/actor/lib/test/auto/UtilityFunctions.xml (RunModel)" time="0.007" />
  <testcase classname="ptolemy.util.test.junit.AutoTests" name="[394] /home/travis/build/icyphy/ptII/ptolemy/actor/lib/test/auto/VariableSleep.xml (RunModel)" time="0.512" />
  <testcase classname="ptolemy.util.test.junit.AutoTests" name="[395] /home/travis/build/icyphy/ptII/ptolemy/actor/lib/test/auto/VectorAssemblerDisassemblerCT.xml (RunModel)" time="0.103" />
  <testcase classname="ptolemy.util.test.junit.AutoTests" name="[396] /home/travis/build/icyphy/ptII/ptolemy/actor/lib/test/auto/VectorAssemblerDisassemblerDE.xml (RunModel)" time="0.013" />
  <testcase classname="ptolemy.util.test.junit.AutoTests" name="[397] /home/travis/build/icyphy/ptII/ptolemy/actor/lib/test/auto/VectorAssemblerDisassemblerSDF.xml (RunModel)" time="0.011" />
  <testcase classname="ptolemy.util.test.junit.AutoTests" name="[398] /home/travis/build/icyphy/ptII/ptolemy/actor/lib/test/auto/WallClockTime.xml (RunModel)" time="1.012" />
  <testcase classname="ptolemy.util.test.junit.AutoTests" name="[399] /home/travis/build/icyphy/ptII/ptolemy/actor/lib/test/auto/WidthTestWithSubscriberPublisher.xml (RunModel)" time="0.038" />
  <testcase classname="ptolemy.util.test.junit.AutoTests" name="[400] /home/travis/build/icyphy/ptII/ptolemy/actor/lib/test/auto/WidthTestWithSubscriberPublisher2.xml (RunModel)" time="0.018" />
  <testcase classname="ptolemy.util.test.junit.AutoTests" name="[401] /home/travis/build/icyphy/ptII/ptolemy/actor/lib/test/auto/WidthTestWithSubscriberPublisher3.xml (RunModel)" time="0.009" />
  <testcase classname="ptolemy.util.test.junit.AutoTests" name="[402] /home/travis/build/icyphy/ptII/ptolemy/actor/lib/test/auto/Writer.xml (RunModel)" time="0.007" />
  <testcase classname="ptolemy.util.test.junit.AutoTests" name="[403] /home/travis/build/icyphy/ptII/ptolemy/actor/lib/test/auto/array.xml (RunModel)" time="0.007" />
  <testcase classname="ptolemy.util.test.junit.AutoTests" name="[404] /home/travis/build/icyphy/ptII/ptolemy/actor/lib/test/auto/array2.xml (RunModel)" time="0.011" />
  <testcase classname="ptolemy.util.test.junit.AutoTests" name="[405] /home/travis/build/icyphy/ptII/ptolemy/actor/lib/test/auto/arrayType.xml (RunModel)" time="0.02" />
  <testcase classname="ptolemy.util.test.junit.AutoTests" name="[406] /home/travis/build/icyphy/ptII/ptolemy/actor/lib/test/auto/arrayType10.xml (RunModel)" time="0.008" />
  <testcase classname="ptolemy.util.test.junit.AutoTests" name="[407] /home/travis/build/icyphy/ptII/ptolemy/actor/lib/test/auto/arrayType11.xml (RunModel)" time="0.008" />
  <testcase classname="ptolemy.util.test.junit.AutoTests" name="[408] /home/travis/build/icyphy/ptII/ptolemy/actor/lib/test/auto/arrayType12.xml (RunModel)" time="0.01" />
  <testcase classname="ptolemy.util.test.junit.AutoTests" name="[409] /home/travis/build/icyphy/ptII/ptolemy/actor/lib/test/auto/arrayType13.xml (RunModel)" time="0.009" />
  <testcase classname="ptolemy.util.test.junit.AutoTests" name="[410] /home/travis/build/icyphy/ptII/ptolemy/actor/lib/test/auto/arrayType14.xml (RunModel)" time="0.01" />
  <testcase classname="ptolemy.util.test.junit.AutoTests" name="[411] /home/travis/build/icyphy/ptII/ptolemy/actor/lib/test/auto/arrayType15.xml (RunModel)" time="0.009" />
  <testcase classname="ptolemy.util.test.junit.AutoTests" name="[412] /home/travis/build/icyphy/ptII/ptolemy/actor/lib/test/auto/arrayType16.xml (RunModel)" time="0.009" />
  <testcase classname="ptolemy.util.test.junit.AutoTests" name="[413] /home/travis/build/icyphy/ptII/ptolemy/actor/lib/test/auto/arrayType17.xml (RunModel)" time="0.01" />
  <testcase classname="ptolemy.util.test.junit.AutoTests" name="[414] /home/travis/build/icyphy/ptII/ptolemy/actor/lib/test/auto/arrayType18.xml (RunModel)" time="0.009" />
  <testcase classname="ptolemy.util.test.junit.AutoTests" name="[415] /home/travis/build/icyphy/ptII/ptolemy/actor/lib/test/auto/arrayType19.xml (RunModel)" time="0.01" />
  <testcase classname="ptolemy.util.test.junit.AutoTests" name="[416] /home/travis/build/icyphy/ptII/ptolemy/actor/lib/test/auto/arrayType2.xml (RunModel)" time="0.008" />
  <testcase classname="ptolemy.util.test.junit.AutoTests" name="[417] /home/travis/build/icyphy/ptII/ptolemy/actor/lib/test/auto/arrayType20.xml (RunModel)" time="0.008" />
  <testcase classname="ptolemy.util.test.junit.AutoTests" name="[418] /home/travis/build/icyphy/ptII/ptolemy/actor/lib/test/auto/arrayType21.xml (RunModel)" time="0.008" />
  <testcase classname="ptolemy.util.test.junit.AutoTests" name="[419] /home/travis/build/icyphy/ptII/ptolemy/actor/lib/test/auto/arrayType22.xml (RunModel)" time="0.008" />
  <testcase classname="ptolemy.util.test.junit.AutoTests" name="[420] /home/travis/build/icyphy/ptII/ptolemy/actor/lib/test/auto/arrayType23.xml (RunModel)" time="0.009" />
  <testcase classname="ptolemy.util.test.junit.AutoTests" name="[421] /home/travis/build/icyphy/ptII/ptolemy/actor/lib/test/auto/arrayType24.xml (RunModel)" time="0.009" />
  <testcase classname="ptolemy.util.test.junit.AutoTests" name="[422] /home/travis/build/icyphy/ptII/ptolemy/actor/lib/test/auto/arrayType25.xml (RunModel)" time="0.008" />
  <testcase classname="ptolemy.util.test.junit.AutoTests" name="[423] /home/travis/build/icyphy/ptII/ptolemy/actor/lib/test/auto/arrayType26.xml (RunModel)" time="0.008" />
  <testcase classname="ptolemy.util.test.junit.AutoTests" name="[424] /home/travis/build/icyphy/ptII/ptolemy/actor/lib/test/auto/arrayType27.xml (RunModel)" time="0.008" />
  <testcase classname="ptolemy.util.test.junit.AutoTests" name="[425] /home/travis/build/icyphy/ptII/ptolemy/actor/lib/test/auto/arrayType28.xml (RunModel)" time="0.011" />
  <testcase classname="ptolemy.util.test.junit.AutoTests" name="[426] /home/travis/build/icyphy/ptII/ptolemy/actor/lib/test/auto/arrayType3.xml (RunModel)" time="0.008" />
  <testcase classname="ptolemy.util.test.junit.AutoTests" name="[427] /home/travis/build/icyphy/ptII/ptolemy/actor/lib/test/auto/arrayType4.xml (RunModel)" time="0.009" />
  <testcase classname="ptolemy.util.test.junit.AutoTests" name="[428] /home/travis/build/icyphy/ptII/ptolemy/actor/lib/test/auto/arrayType5.xml (RunModel)" time="0.008" />
  <testcase classname="ptolemy.util.test.junit.AutoTests" name="[429] /home/travis/build/icyphy/ptII/ptolemy/actor/lib/test/auto/arrayType6.xml (RunModel)" time="0.008" />
  <testcase classname="ptolemy.util.test.junit.AutoTests" name="[430] /home/travis/build/icyphy/ptII/ptolemy/actor/lib/test/auto/arrayType7.xml (RunModel)" time="0.008" />
  <testcase classname="ptolemy.util.test.junit.AutoTests" name="[431] /home/travis/build/icyphy/ptII/ptolemy/actor/lib/test/auto/arrayType8.xml (RunModel)" time="0.013" />
  <testcase classname="ptolemy.util.test.junit.AutoTests" name="[432] /home/travis/build/icyphy/ptII/ptolemy/actor/lib/test/auto/arrayType9.xml (RunModel)" time="0.008" />
  <testcase classname="ptolemy.util.test.junit.AutoTests" name="[433] /home/travis/build/icyphy/ptII/ptolemy/actor/lib/test/auto/cast.xml (RunModel)" time="0.01" />
  <testcase classname="ptolemy.util.test.junit.AutoTests" name="[434] /home/travis/build/icyphy/ptII/ptolemy/actor/lib/test/auto/compositeMultiPort.xml (RunModel)" time="0.017" />
  <testcase classname="ptolemy.util.test.junit.AutoTests" name="[435] /home/travis/build/icyphy/ptII/ptolemy/actor/lib/test/auto/expressionCastInference.xml (RunModel)" time="0.036" />
  <testcase classname="ptolemy.util.test.junit.AutoTests" name="[436] /home/travis/build/icyphy/ptII/ptolemy/actor/lib/test/auto/expressionCastInference2.xml (RunModel)" time="0.028" />
  <testcase classname="ptolemy.util.test.junit.AutoTests" name="[437] /home/travis/build/icyphy/ptII/ptolemy/actor/lib/test/auto/expressionInference.xml (RunModel)" time="0.007" />
  <testcase classname="ptolemy.util.test.junit.AutoTests" name="[438] /home/travis/build/icyphy/ptII/ptolemy/actor/lib/test/auto/expression_bug.xml (RunModel)" time="0.008" />
  <testcase classname="ptolemy.util.test.junit.AutoTests" name="[439] /home/travis/build/icyphy/ptII/ptolemy/actor/lib/test/auto/factorial.xml (RunModel)" time="0.057" />
  <testcase classname="ptolemy.util.test.junit.AutoTests" name="[440] /home/travis/build/icyphy/ptII/ptolemy/actor/lib/test/auto/filterTest1.xml (RunModel)" time="0.015" />
  <testcase classname="ptolemy.util.test.junit.AutoTests" name="[441] /home/travis/build/icyphy/ptII/ptolemy/actor/lib/test/auto/funcApplyInConst.xml (RunModel)" time="0.005" />
  <testcase classname="ptolemy.util.test.junit.AutoTests" name="[442] /home/travis/build/icyphy/ptII/ptolemy/actor/lib/test/auto/funcApplyInExpr.xml (RunModel)" time="0.005" />
  <testcase classname="ptolemy.util.test.junit.AutoTests" name="[443] /home/travis/build/icyphy/ptII/ptolemy/actor/lib/test/auto/function.xml (RunModel)" time="0.009" />
  <testcase classname="ptolemy.util.test.junit.AutoTests" name="[444] /home/travis/build/icyphy/ptII/ptolemy/actor/lib/test/auto/function2.xml (RunModel)" time="0.007" />
  <testcase classname="ptolemy.util.test.junit.AutoTests" name="[445] /home/travis/build/icyphy/ptII/ptolemy/actor/lib/test/auto/function3.xml (RunModel)" time="0.006" />
  <testcase classname="ptolemy.util.test.junit.AutoTests" name="[446] /home/travis/build/icyphy/ptII/ptolemy/actor/lib/test/auto/functionClosureTest1.xml (RunModel)" time="0.009" />
  <testcase classname="ptolemy.util.test.junit.AutoTests" name="[447] /home/travis/build/icyphy/ptII/ptolemy/actor/lib/test/auto/functionClosureTest2.xml (RunModel)" time="0.044" />
  <testcase classname="ptolemy.util.test.junit.AutoTests" name="[448] /home/travis/build/icyphy/ptII/ptolemy/actor/lib/test/auto/functionClosureTest3.xml (RunModel)" time="0.028" />
  <testcase classname="ptolemy.util.test.junit.AutoTests" name="[449] /home/travis/build/icyphy/ptII/ptolemy/actor/lib/test/auto/functionClosureTest4.xml (RunModel)" time="0.023" />
  <testcase classname="ptolemy.util.test.junit.AutoTests" name="[450] /home/travis/build/icyphy/ptII/ptolemy/actor/lib/test/auto/functionClosureTest5.xml (RunModel)" time="0.011" />
  <testcase classname="ptolemy.util.test.junit.AutoTests" name="[451] /home/travis/build/icyphy/ptII/ptolemy/actor/lib/test/auto/functionClosureTest6.xml (RunModel)" time="0.008" />
  <testcase classname="ptolemy.util.test.junit.AutoTests" name="[452] /home/travis/build/icyphy/ptII/ptolemy/actor/lib/test/auto/functionsOnArcs.xml (RunModel)" time="0.008" />
  <testcase classname="ptolemy.util.test.junit.AutoTests" name="[453] /home/travis/build/icyphy/ptII/ptolemy/actor/lib/test/auto/functionsOnArcsHOF.xml (RunModel)" time="0.011" />
  <testcase classname="ptolemy.util.test.junit.AutoTests" name="[454] /home/travis/build/icyphy/ptII/ptolemy/actor/lib/test/auto/logic.xml (RunModel)" time="0.016" />
  <testcase classname="ptolemy.util.test.junit.AutoTests" name="[455] /home/travis/build/icyphy/ptII/ptolemy/actor/lib/test/auto/matrixType.xml (RunModel)" time="0.008" />
  <testcase classname="ptolemy.util.test.junit.AutoTests" name="[456] /home/travis/build/icyphy/ptII/ptolemy/actor/lib/test/auto/matrixType10.xml (RunModel)" time="0.008" />
  <testcase classname="ptolemy.util.test.junit.AutoTests" name="[457] /home/travis/build/icyphy/ptII/ptolemy/actor/lib/test/auto/matrixType11.xml (RunModel)" time="0.008" />
  <testcase classname="ptolemy.util.test.junit.AutoTests" name="[458] /home/travis/build/icyphy/ptII/ptolemy/actor/lib/test/auto/matrixType12.xml (RunModel)" time="0.011" />
  <testcase classname="ptolemy.util.test.junit.AutoTests" name="[459] /home/travis/build/icyphy/ptII/ptolemy/actor/lib/test/auto/matrixType13.xml (RunModel)" time="0.008" />
  <testcase classname="ptolemy.util.test.junit.AutoTests" name="[460] /home/travis/build/icyphy/ptII/ptolemy/actor/lib/test/auto/matrixType14.xml (RunModel)" time="0.013" />
  <testcase classname="ptolemy.util.test.junit.AutoTests" name="[461] /home/travis/build/icyphy/ptII/ptolemy/actor/lib/test/auto/matrixType2.xml (RunModel)" time="0.008" />
  <testcase classname="ptolemy.util.test.junit.AutoTests" name="[462] /home/travis/build/icyphy/ptII/ptolemy/actor/lib/test/auto/matrixType3.xml (RunModel)" time="0.009" />
  <testcase classname="ptolemy.util.test.junit.AutoTests" name="[463] /home/travis/build/icyphy/ptII/ptolemy/actor/lib/test/auto/matrixType4.xml (RunModel)" time="0.007" />
  <testcase classname="ptolemy.util.test.junit.AutoTests" name="[464] /home/travis/build/icyphy/ptII/ptolemy/actor/lib/test/auto/matrixType5.xml (RunModel)" time="0.007" />
  <testcase classname="ptolemy.util.test.junit.AutoTests" name="[465] /home/travis/build/icyphy/ptII/ptolemy/actor/lib/test/auto/matrixType6.xml (RunModel)" time="0.006" />
  <testcase classname="ptolemy.util.test.junit.AutoTests" name="[466] /home/travis/build/icyphy/ptII/ptolemy/actor/lib/test/auto/matrixType7.xml (RunModel)" time="0.008" />
  <testcase classname="ptolemy.util.test.junit.AutoTests" name="[467] /home/travis/build/icyphy/ptII/ptolemy/actor/lib/test/auto/matrixType8.xml (RunModel)" time="0.007" />
  <testcase classname="ptolemy.util.test.junit.AutoTests" name="[468] /home/travis/build/icyphy/ptII/ptolemy/actor/lib/test/auto/matrixType9.xml (RunModel)" time="0.006" />
  <testcase classname="ptolemy.util.test.junit.AutoTests" name="[469] /home/travis/build/icyphy/ptII/ptolemy/actor/lib/test/auto/paraFunctest.xml (RunModel)" time="0.006" />
  <testcase classname="ptolemy.util.test.junit.AutoTests" name="[470] /home/travis/build/icyphy/ptII/ptolemy/actor/lib/test/auto/paraFunctest2.xml (RunModel)" time="0.011" />
  <testcase classname="ptolemy.util.test.junit.AutoTests" name="[471] /home/travis/build/icyphy/ptII/ptolemy/actor/lib/test/auto/parameterPassing.xml (RunModel)" time="0.007" />
  <testcase classname="ptolemy.util.test.junit.AutoTests" name="[472] /home/travis/build/icyphy/ptII/ptolemy/actor/lib/test/auto/record.xml (RunModel)" time="0.012" />
  <testcase classname="ptolemy.util.test.junit.AutoTests" name="[473] /home/travis/build/icyphy/ptII/ptolemy/actor/lib/test/auto/sizedarray1.xml (RunModel)" time="0.009" />
  <testcase classname="ptolemy.util.test.junit.AutoTests" name="[474] /home/travis/build/icyphy/ptII/ptolemy/actor/lib/test/auto/sizedarray2.xml (RunModel)" time="0.009" />
  <testcase classname="ptolemy.util.test.junit.AutoTests" name="[475] /home/travis/build/icyphy/ptII/ptolemy/actor/lib/test/auto/twoPublishers.xml (RunModel)" time="0.028" />
  <system-out><![CDATA[/home/travis/build/icyphy/ptII/ptolemy/actor/lib/test/AbsoluteValue.tcl
testDefs.tcl: setting time out to 9000 seconds at Sun Dec 08 06:18:25 UTC 2019
115 ms. Memory: 129024K Free: 94577K (73%)
11 ms. Memory: 129024K Free: 92513K (72%)
5 ms. Memory: 129024K Free: 92032K (71%)
9 ms. Memory: 129024K Free: 91010K (71%)
/home/travis/build/icyphy/ptII/ptolemy/actor/lib/test/AddSubtract.tcl
24 ms. Memory: 129024K Free: 88962K (69%)
8 ms. Memory: 129024K Free: 88417K (69%)
5 ms. Memory: 129024K Free: 87424K (68%)
11 ms. Memory: 129024K Free: 86914K (67%)
85 ms. Memory: 129024K Free: 83842K (65%)
13 ms. Memory: 129024K Free: 82818K (64%)
/home/travis/build/icyphy/ptII/ptolemy/actor/lib/test/Average.tcl
18 ms. Memory: 129024K Free: 81280K (63%)
7 ms. Memory: 129024K Free: 80256K (62%)
/home/travis/build/icyphy/ptII/ptolemy/actor/lib/test/Bernoulli.tcl
5 ms. Memory: 129024K Free: 78722K (61%)
2 ms. Memory: 129024K Free: 78193K (61%)
/home/travis/build/icyphy/ptII/ptolemy/actor/lib/test/Clock.tcl
preinitializing
resolving types
initializing
executing number 1
wrapping up
idle
34 ms. Memory: 129024K Free: 75650K (59%)
Completed execution with 5 iterations
preinitializing
resolving types
initializing
executing number 1
wrapping up
idle
10 ms. Memory: 129024K Free: 74626K (58%)
Completed execution with 5 iterations
preinitializing
resolving types
initializing
executing number 1
wrapping up
idle
7 ms. Memory: 129024K Free: 74097K (57%)
Completed execution with 5 iterations
/home/travis/build/icyphy/ptII/ptolemy/actor/lib/test/Commutator.tcl
16 ms. Memory: 129024K Free: 72033K (56%)
6 ms. Memory: 129024K Free: 71009K (55%)
19 ms. Memory: 129024K Free: 65410K (51%)
/home/travis/build/icyphy/ptII/ptolemy/actor/lib/test/Const.tcl
8 ms. Memory: 129024K Free: 63857K (49%)
14 ms. Memory: 129024K Free: 63362K (49%)
4 ms. Memory: 129024K Free: 62833K (49%)
5 ms. Memory: 129024K Free: 62338K (48%)
2 ms. Memory: 129024K Free: 61824K (48%)
19 ms. Memory: 129024K Free: 59776K (46%)
4 ms. Memory: 129024K Free: 58721K (46%)
3 ms. Memory: 129024K Free: 58242K (45%)
/home/travis/build/icyphy/ptII/ptolemy/actor/lib/test/CurrentTime.tcl
preinitializing
resolving types
initializing
executing number 1
wrapping up
idle
13 ms. Memory: 129024K Free: 56194K (44%)
Completed execution with 11 iterations
/home/travis/build/icyphy/ptII/ptolemy/actor/lib/test/DB.tcl
7 ms. Memory: 129024K Free: 54641K (42%)
2 ms. Memory: 129024K Free: 54146K (42%)
4 ms. Memory: 129024K Free: 53632K (42%)
/home/travis/build/icyphy/ptII/ptolemy/actor/lib/test/DiscreteRandomSource.tcl
preinitializing
resolving types
initializing
executing number 1
wrapping up
idle
4 ms. Memory: 129024K Free: 52098K (40%)
Completed execution with 4 iterations
preinitializing
resolving types
initializing
executing number 1
wrapping up
idle
7 ms. Memory: 129024K Free: 51569K (40%)
Completed execution with 4 iterations
preinitializing
resolving types
initializing
executing number 1
wrapping up
idle
2 ms. Memory: 129024K Free: 51074K (40%)
Completed execution with 4 iterations
preinitializing
resolving types
initializing
executing number 1
wrapping up
idle
2 ms. Memory: 129024K Free: 50560K (39%)
Completed execution with 4 iterations
preinitializing
resolving types
initializing
executing number 1
wrapping up
idle
3 ms. Memory: 129024K Free: 50050K (39%)
Completed execution with 4 iterations
/home/travis/build/icyphy/ptII/ptolemy/actor/lib/test/Distributor.tcl
31 ms. Memory: 129024K Free: 115169K (89%)
4 ms. Memory: 129024K Free: 114659K (89%)
StreamChangeRequest.changeExecuted(): <deleteEntity name="rec2"/> succeeded
StreamChangeRequest.changeExecuted(): <deleteRelation name="r2"/> succeeded
StreamChangeRequest.changeExecuted(): Record firings per iteration succeeded
4 ms. Memory: 129024K Free: 112083K (87%)
/home/travis/build/icyphy/ptII/ptolemy/actor/lib/test/Exit.tcl
Exit.tcl: this will print a message about Manager.exitAfterWrapup, which can be ignored.
15 ms. Memory: 129024K Free: 108515K (84%)
/home/travis/build/icyphy/ptII/ptolemy/actor/lib/test/Expression.tcl
11 ms. Memory: 129024K Free: 105443K (82%)
3 ms. Memory: 129024K Free: 104419K (81%)
3 ms. Memory: 129024K Free: 103875K (81%)
preinitializing
resolving types
initializing
executing number 1
wrapping up
idle
5 ms. Memory: 129024K Free: 102371K (79%)
Completed execution with 6 iterations
3 ms. Memory: 129024K Free: 101347K (79%)
8 ms. Memory: 129024K Free: 100803K (78%)
4 ms. Memory: 129024K Free: 99809K (77%)
5 ms. Memory: 129024K Free: 98275K (76%)
6 ms. Memory: 129024K Free: 97251K (75%)
/home/travis/build/icyphy/ptII/ptolemy/actor/lib/test/Gaussian.tcl
7 ms. Memory: 129024K Free: 95203K (74%)
sleeping 1 seconds: ...............................................................................................................................................................................................................................................................................................................................................................................................................................................................................................................................................................................................................................................................................................................................................................................................................................................................................................................................................................................................................................................................................................................................................................................................................................................................................................................................................................................................................................................................................................................................................................................................................................................................................................................................................................................................................................................................................................................................................................................................................................................................................................................................................................................................................................................................................................................................................................................................................................................................................................................................................................................................................................................................................................................................................................................................................................................................................................................................................................................................................................................................................................................................................................................................................................................................................................................................................................................................................................................................................................................................................................................................................................................................................................................................................................................................................................................................................................................................................................................................................................................................................................................................................................................................................................................................................................................................................................................................................................................................................................................................................................................................................................................................................................................................................................................................................................................................................................................................................................................................................................................................................................................................................................................................................................................................................................................................................................................................................................................................................................................................................................................................................................................................................................................................................................................................................................................................................................................................................................................................................................................................................................................................................................................................................................................................................................................................................................................................................................................................................................................................................................................................................................................................................................................................................................................................................................................................................................................................................................................................................................................................................................................................................................................................................................................................................................................................................................................................................................................................................................................................................................................................................................................................................................................................................................................................................................................................................................................................................................................................................................................................................................................................................................................................................................................................................................................................................................................................................................................................................................................................................................................................................................................................................................................................................................................................................................................................................................................................................................................................................................................................................................................................................................................................................................................................................................................................................................................................................................................................................................................................................................................................................................................................................................................................................................................................................................................................................................................................................................................................................................................................................................................................................................................................................................................................................................................................................................................................................................................................................................................................................................................................................................................................................................................................................................................................................................................................................................................................................................................................................................................................................................................................................................................................................................................................................................................................................................................................................................................................................................................................................................................................................................................................................................................................................................................................................................................................................................................................................................................................................................................................................................................................................................................................................................................................................................................................................................................................................................................................................................................................................................................................................................................................................................................................................................................................................................................................................................................................................................................................................................................................................................................................................................................................................................................................................................................................................................................................................................................................................................................................................................................................................................................................................................................................................................................................................................................................................................................................................................................................................................................................................................................................................................................................................................................................................................................................................................................................................................................................................................................................................................................................................................................................................................................................................................................................................................................................................................................................................................................................................................................................................................................................................................................................................................................................................................................................................................................................................................................................................................................................................................................................................................................................................................................................................................................................................................................................................................................................................................................................................................................................................................................................................................................................................................................................................................................................................................................................................................................................................................................................................................................................................................................................................................................................................................................................................................................................................................................................................................................................................................................................................................................................................................................................................................................................................................................................................................................................................................................................................................................................................................................................................................................................................................................................................................................................................................................................................................................................................................................................................................................................................................................................................................................................................................................................................................................................................................................................................................................................................................................................................................................................................................................................................................................................................................................................................................................................................................................................................................................................................................................................................................................................................................................................................................................................................................................................................................................................................................................................................................................................................................................................................................................................................................................................................................................................................................................................................................................................................................................................................................................................................................................................................................................................................................................................................................................................................................................................................................................................................................................................................................................................................................................................................................................................................................................................................................................................................................................................................................................................................................................................................................................................................................................................................................................................................................................................................................................................................................................................................................................................................................................................................................................................................................................................................................................................................................................................................................................................................................................................................................................................................................................................................................................................................................................................................................................................................................................................................................................................................................................................................................................................................................................................................................................................................................................................................................................................................................................................................................................................................................................................................................................................................................................................................................................................................................................................................................................................................................................................................................................................................................................................................................................................................................................................................................................................................................................................................................................................................................................................................................................................................................................................................................................................................................................................................................................................................................................................................................................................................................................................................................................................................................................................................................................................................................................................................................................................................................................................................................................................................................................................................................................................................................................................................................................................................................................................................................................................................................................................................................................................................................................................................................................................................................................................................................................................................................................................................................................................................................................................................................................................................................................................................................................................................................................................................................................................................................................................................................................................................................................................................................................................................................................................................................................................................................................................................................................................................................................................................................................................................................................................................................................................................................................................................................................................................................................................................................................................................................................................................................................................................................................................................................................................................................................................................................................................................................................................................................................................................................................................................................................................................................................................................................................................................................................................................................................................................................................................................................................................................................................................................................................................................................................................................................................................................................................................................................................................................................................................................................................................................................................................................................................................................................................................................................................................................................................................................................................................................................................................................................................................................................................................................................................................................................................................................................................................................................................................................................................................................................................................................................................................................................................................................................................................................................................................................................................................................................................................................................................................................................................................................................................................................................................................................................................................................................................................................................................................................................................................................................................................................................................................................................................................................................................................................................................................................................................................................................................................................................................................................................................................................................................................................................................................................................................................................................................................................................................................................................................................................................................................................................................................................................................................................................................................................................................................................................................................................................................................................................................................................................................................................................................................................................................................................................................................................................................................................................................................................................................................................................................................................................................................................................................................................................................................................................................................................................................................................................................................................................................................................................................................................................................................................................................................................................................................................................................................................................................................................................................................................................................................................................................................................................................................................................................................................................................................................................................................................................................................................................................................................................................................................................................................................................................................................................................................................................................................................................................................................................................................................................................................................................................................................................................................................................................................................................................................................................................................................................................................................................................................................................................................................................................................................................................................................................................................................................................................................................................................................................................................................................................................................................................................................................................................................................................................................................................................................................................................................................................................................................................................................................................................................................................................................................................................................................................................................................................................................................................................................................................................................................................................................................................................................................................................................................................................................................................................................................................................................................................................................................................................................................................................................................................................................................................................................................................................................................................................................................................................................................................................................................................................................................................................................................................................................................................................................................................................................................................................................................................................................................................................................................................................................................................................................................................................................................................................................................................................................................................................................................................................................................................................................................................................................................................................................................................................................................................................................................................................................................................................................................................................................................................................................................................................................................................................................................................................................................................................................................................................................................................................................................................................................................................................................................................................................................................................................................................................................................................................................................................................................................................................................................................................................................................................................................................................................................................................................................................................................................................................................................................................................................................................................................................................................................................................................................................................................................................................................................................................................................................................................................................................................................................................................................................................................................................................................................................................................................................................................................................................................................................................................................................................................................................................................................................................................................................................................................................................................................................................................................................................................................................................................................................................................................................................................................................................................................................................................................................................................................................................................................................................................................................................................................................................................................................................................................................................................................................................................................................................................................................................................................................................................................................................................................................................................................................................................................................................................................................................................................................................................................................................................................................................................................................................................................................................................................................................................................................................................................................................................................................................................................................................................................................................................................................................................................................................................................................................................................................................................................................................................................................................................................................................................................................................................................................................................................................................................................................................................................................................................................................................................................................................................................................................................................................................................................................................................................................................................................................................................................................................................................................................................................................................................................................................................................................................................................................................................................................................................................................................................................................................................................................................................................................................................................................................................................................................................................................................................................................................................................................................................................................................................................................................................................................................................................................................................................................................................................................................................................................................................................................................................................................................................................................................................................................................................................................................................................................................................................................................................................................................................................................................................................................................................................................................................................................................................................................................................................................................................................................................................................................................................................................................................................................................................................................................................................................................................................................................................................................................................................................................................................................................................................................................................................................................................................................................................................................................................................................................................................................................................................................................................................................................................................................................................................................................................................................................................................................................................................................................................................................................................................................................................................................................................................................................................................................................................................................................................................................................................................................................................................................................................................................................................................................................................................................................................................................................................................................................................................................................................................................................................................................................................................................................................................................................................................................................................................................................................................................................................................................................................................................................................................................................................................................................................................................................................................................................................................................................................................................................................................................................................................................3 ms. Memory: 129024K Free: 78805K (61%)
3 ms. Memory: 129024K Free: 78295K (61%)
4 ms. Memory: 129024K Free: 77269K (60%)
3 ms. Memory: 129024K Free: 76741K (59%)
6 ms. Memory: 129024K Free: 76247K (59%)
/home/travis/build/icyphy/ptII/ptolemy/actor/lib/test/IIR.tcl
/home/travis/build/icyphy/ptII/ptolemy/actor/lib/test/Interpolator.tcl
4 ms. Memory: 129024K Free: 72151K (56%)
1 ms. Memory: 129024K Free: 71637K (56%)
2 ms. Memory: 129024K Free: 71127K (55%)
2 ms. Memory: 129024K Free: 70613K (55%)
2 ms. Memory: 129024K Free: 69589K (54%)
7 ms. Memory: 129024K Free: 69079K (54%)
2 ms. Memory: 129024K Free: 68055K (53%)
2 ms. Memory: 129024K Free: 67031K (52%)
8 ms. Memory: 129024K Free: 66503K (52%)
2 ms. Memory: 129024K Free: 65479K (51%)
/home/travis/build/icyphy/ptII/ptolemy/actor/lib/test/MathFunction.tcl
6 ms. Memory: 129024K Free: 63431K (49%)
4 ms. Memory: 129024K Free: 62407K (48%)
4 ms. Memory: 129024K Free: 61367K (48%)
5 ms. Memory: 129024K Free: 60373K (47%)
3 ms. Memory: 129024K Free: 58839K (46%)
8 ms. Memory: 129024K Free: 56791K (44%)
/home/travis/build/icyphy/ptII/ptolemy/actor/lib/test/Maximum.tcl
4 ms. Memory: 129024K Free: 54743K (42%)
5 ms. Memory: 129024K Free: 54229K (42%)
2 ms. Memory: 129024K Free: 53719K (42%)
5 ms. Memory: 129024K Free: 53191K (41%)
/home/travis/build/icyphy/ptII/ptolemy/actor/lib/test/Minimum.tcl
5 ms. Memory: 129024K Free: 51143K (40%)
3 ms. Memory: 129024K Free: 50647K (39%)
2 ms. Memory: 129024K Free: 50103K (39%)
2 ms. Memory: 129024K Free: 49109K (38%)
/home/travis/build/icyphy/ptII/ptolemy/actor/lib/test/MultiplyDivide.tcl
9 ms. Memory: 129024K Free: 47575K (37%)
9 ms. Memory: 129024K Free: 46551K (36%)
6 ms. Memory: 129024K Free: 113990K (88%)
3 ms. Memory: 129024K Free: 112974K (88%)
2 ms. Memory: 129024K Free: 112470K (87%)
/home/travis/build/icyphy/ptII/ptolemy/actor/lib/test/OrderedMerge.tcl
Connections changed on port: inputA
Connections changed on port: inputB
Connections changed on port: output
Connections changed on port: output
Connections changed on port: output
Connections changed on port: input
.top. Preinitializing ...
Invoking preinitialize():  .top.OrderedMerge
Called preinitialize()
Invoking preinitialize():  .top.Ramp
Called preinitialize()
Invoking preinitialize():  .top.Ramp2
Called preinitialize()
Invoking preinitialize():  .top.Test
Called preinitialize()
Connections changed on port: inputA
Connections changed on port: output
Connections changed on port: inputB
Connections changed on port: output
Connections changed on port: output
Connections changed on port: input
.top. Finished preinitialize().
Called initialize().
Invoking initialize():  .top.OrderedMerge
Initializing actor: .top.OrderedMerge
Adding a thread: .top.OrderedMerge
Invoking initialize():  .top.Ramp
Initializing actor: .top.Ramp
Adding a thread: .top.Ramp
Invoking initialize():  .top.Ramp2
Initializing actor: .top.Ramp2
Adding a thread: .top.Ramp2
Invoking initialize():  .top.Test
Initializing actor: .top.Test
Adding a thread: .top.Test
Called fire().
Checking for deadlock:
-- Starting thread.
Called initialize()
Called prefire()
Called fire()
-- Starting thread.
Called initialize()
-- Starting thread.
Called initialize()
There are 0 Blocked actors, 0 Stopped actors, and 4 active threads.
Waiting for actors to stop.
Checking for deadlock:
There are 1 Blocked actors, 0 Stopped actors, and 4 active threads.
Waiting for actors to stop.
Called prefire()
Called prefire()
-- Starting thread.
Called initialize()
Called fire()
Called fire()
Called prefire()
Called fire()
Checking for deadlock:
There are 2 Blocked actors, 0 Stopped actors, and 4 active threads.
Waiting for actors to stop.
Called postfire()
Called prefire()
Called fire()
Checking for deadlock:
Called postfire()
Called prefire()
There are 2 Blocked actors, 0 Stopped actors, and 4 active threads.
Waiting for actors to stop.
Called fire()
Read input token from inputA with value 0.0
Called postfire()
Called prefire()
Called fire()
Next port to read input from is inputB
Called postfire()
Called prefire()
Called fire()
Read input token from inputB with value 0.0
Sent output token with value 0.0
Next port to read input from is inputA
Called postfire()
Called prefire()
Called fire()
Read input token from inputA with value 1.0
Checking for deadlock:
There are 1 Blocked actors, 0 Stopped actors, and 4 active threads.
Waiting for actors to stop.
-- Read input: 0.0, which is expected to match: 0.0
Called prefire()
Called fire()
Called postfire()
Called prefire()
Called fire()
Checking for deadlock:
There are 2 Blocked actors, 0 Stopped actors, and 4 active threads.
Waiting for actors to stop.
Called postfire()
Called prefire()
Called fire()
-- Read input: 0.0, which is expected to match: 0.0
Called prefire()
Called fire()
Checking for deadlock:
There are 3 Blocked actors, 0 Stopped actors, and 4 active threads.
Waiting for actors to stop.
Sent output token with value 0.0
Next port to read input from is inputB
Called postfire()
Called prefire()
Called fire()
Read input token from inputB with value 1.5
Sent output token with value 1.0
Next port to read input from is inputA
Called postfire()
Called prefire()
Called fire()
Read input token from inputA with value 2.0
Called postfire()
Called prefire()
Called postfire()
Called fire()
Called prefire()
Called fire()
Checking for deadlock:
There are 2 Blocked actors, 0 Stopped actors, and 4 active threads.
Waiting for actors to stop.
-- Read input: 1.0, which is expected to match: 1.0
Called prefire()
Called fire()
Checking for deadlock:
There are 2 Blocked actors, 0 Stopped actors, and 4 active threads.
Waiting for actors to stop.
Checking for deadlock:
There are 3 Blocked actors, 0 Stopped actors, and 4 active threads.
Waiting for actors to stop.
Checking for deadlock:
There are 2 Blocked actors, 0 Stopped actors, and 4 active threads.
Waiting for actors to stop.
-- Read input: 1.5, which is expected to match: 1.5
Called prefire()
Called fire()
Checking for deadlock:
There are 3 Blocked actors, 0 Stopped actors, and 4 active threads.
Waiting for actors to stop.
Sent output token with value 1.5
Next port to read input from is inputB
Called postfire()
Called prefire()
Called fire()
Checking for deadlock:
There are 2 Blocked actors, 0 Stopped actors, and 4 active threads.
Waiting for actors to stop.
Read input token from inputB with value 3.0
Called postfire()
Called prefire()
Called fire()
-- Read input: 2.0, which is expected to match: 2.0
Called prefire()
Called fire()
Checking for deadlock:
There are 3 Blocked actors, 0 Stopped actors, and 4 active threads.
Waiting for actors to stop.
Sent output token with value 2.0
Next port to read input from is inputA
Called postfire()
Called prefire()
Called fire()
Checking for deadlock:
Read input token from inputA with value 3.0
There are 2 Blocked actors, 0 Stopped actors, and 4 active threads.
Waiting for actors to stop.
Called postfire()
Called prefire()
Called fire()
Checking for deadlock:
There are 3 Blocked actors, 0 Stopped actors, and 4 active threads.
Waiting for actors to stop.
Checking for deadlock:
There are 2 Blocked actors, 0 Stopped actors, and 4 active threads.
Sent output token with value 3.0
Waiting for actors to stop.
-- Read input: 3.0, which is expected to match: 3.0
Called prefire()
Called fire()
Checking for deadlock:
There are 3 Blocked actors, 0 Stopped actors, and 4 active threads.
Waiting for actors to stop.
Next port to read input from is inputB
Called postfire()
Called prefire()
Called fire()
Checking for deadlock:
There are 2 Blocked actors, 0 Stopped actors, and 4 active threads.
Waiting for actors to stop.
Called postfire()
Called prefire()
Called fire()
Checking for deadlock:
Read input token from inputB with value 4.5
There are 3 Blocked actors, 0 Stopped actors, and 4 active threads.
Waiting for actors to stop.
Checking for deadlock:
There are 2 Blocked actors, 0 Stopped actors, and 4 active threads.
Waiting for actors to stop.
-- Read input: 3.0, which is expected to match: 3.0
Called prefire()
Called fire()
Checking for deadlock:
There are 3 Blocked actors, 0 Stopped actors, and 4 active threads.
Waiting for actors to stop.
Sent output token with value 3.0
Next port to read input from is inputA
Called postfire()
Called prefire()
Called fire()
Called postfire()
Called prefire()
Called fire()
Checking for deadlock:
There are 3 Blocked actors, 0 Stopped actors, and 4 active threads.
Waiting for actors to stop.
Read input token from inputA with value 4.0
-- Read input: 4.0, which is expected to match: 4.0
Called prefire()
Called fire()
Past the end of training data. Read and discard all inputs.
Checking for deadlock:
There are 3 Blocked actors, 0 Stopped actors, and 4 active threads.
Waiting for actors to stop.
Sent output token with value 4.0
Next port to read input from is inputA
Called postfire()
Called prefire()
Called fire()
Called postfire()
Called prefire()
Called fire()
Checking for deadlock:
There are 3 Blocked actors, 0 Stopped actors, and 4 active threads.
Waiting for actors to stop.
Read input token from inputA with value 5.0
Called prefire()
Called fire()
Past the end of training data. Read and discard all inputs.
Checking for deadlock:
There are 3 Blocked actors, 0 Stopped actors, and 4 active threads.
Waiting for actors to stop.
Sent output token with value 4.5
Next port to read input from is inputB
Called postfire()
Called prefire()
Called fire()
Checking for deadlock:
There are 2 Blocked actors, 0 Stopped actors, and 4 active threads.
Waiting for actors to stop.
Called postfire()
Called prefire()
Called fire()
Checking for deadlock:
There are 3 Blocked actors, 0 Stopped actors, and 4 active threads.
Waiting for actors to stop.
Read input token from inputB with value 6.0
Checking for deadlock:
There are 2 Blocked actors, 0 Stopped actors, and 4 active threads.
Waiting for actors to stop.
Sent output token with value 5.0
Called prefire()
Called fire()
Past the end of training data. Read and discard all inputs.
Checking for deadlock:
There are 3 Blocked actors, 0 Stopped actors, and 4 active threads.
Waiting for actors to stop.
Next port to read input from is inputA
Called postfire()
Called prefire()
Called fire()
Checking for deadlock:
There are 2 Blocked actors, 0 Stopped actors, and 4 active threads.
Waiting for actors to stop.
Called postfire()
Called prefire()
Called fire()
Checking for deadlock:
There are 3 Blocked actors, 0 Stopped actors, and 4 active threads.
Waiting for actors to stop.
Read input token from inputA with value 6.0
Checking for deadlock:
There are 2 Blocked actors, 0 Stopped actors, and 4 active threads.
Waiting for actors to stop.
Called prefire()
Called fire()
Past the end of training data. Read and discard all inputs.
Checking for deadlock:
There are 3 Blocked actors, 0 Stopped actors, and 4 active threads.
Waiting for actors to stop.
Sent output token with value 6.0
Next port to read input from is inputB
Called postfire()
Called prefire()
Called fire()
Checking for deadlock:
There are 2 Blocked actors, 0 Stopped actors, and 4 active threads.
Waiting for actors to stop.
Read input token from inputB with value 7.5
Called postfire()
Called prefire()
Called fire()
Checking for deadlock:
There are 3 Blocked actors, 0 Stopped actors, and 4 active threads.
Waiting for actors to stop.
Checking for deadlock:
Sent output token with value 6.0
There are 2 Blocked actors, 0 Stopped actors, and 4 active threads.
Waiting for actors to stop.
Called prefire()
Called fire()
Past the end of training data. Read and discard all inputs.
Checking for deadlock:
There are 3 Blocked actors, 0 Stopped actors, and 4 active threads.
Waiting for actors to stop.
Next port to read input from is inputA
Called postfire()
Called prefire()
Called fire()
Checking for deadlock:
There are 2 Blocked actors, 0 Stopped actors, and 4 active threads.
Waiting for actors to stop.
Read input token from inputA with value 7.0
Called postfire()
Called prefire()
Called fire()
Checking for deadlock:
There are 3 Blocked actors, 0 Stopped actors, and 4 active threads.
Waiting for actors to stop.
Checking for deadlock:
There are 2 Blocked actors, 0 Stopped actors, and 4 active threads.
Waiting for actors to stop.
Sent output token with value 7.0
Called prefire()
Called fire()
Past the end of training data. Read and discard all inputs.
Checking for deadlock:
There are 3 Blocked actors, 0 Stopped actors, and 4 active threads.
Waiting for actors to stop.
Next port to read input from is inputA
Called postfire()
Called prefire()
Called fire()
Checking for deadlock:
There are 2 Blocked actors, 0 Stopped actors, and 4 active threads.
Waiting for actors to stop.
-- Thread wrapup() called.
Called wrapup()
Thread .top.Ramp is exiting.
-- Thread stopped.
Checking for deadlock:
Read input token from inputA with value 8.0
There are 2 Blocked actors, 0 Stopped actors, and 3 active threads.
Waiting for actors to stop.
Checking for deadlock:
There are 1 Blocked actors, 0 Stopped actors, and 3 active threads.
Called prefire()
Called fire()
Waiting for actors to stop.
Past the end of training data. Read and discard all inputs.
Checking for deadlock:
There are 2 Blocked actors, 0 Stopped actors, and 3 active threads.
Waiting for actors to stop.
Sent output token with value 7.5
Next port to read input from is inputB
Called postfire()
Called prefire()
Called fire()
Checking for deadlock:
There are 1 Blocked actors, 0 Stopped actors, and 3 active threads.
Waiting for actors to stop.
Called postfire()
Called prefire()
Called fire()
Checking for deadlock:
Read input token from inputB with value 9.0
There are 2 Blocked actors, 0 Stopped actors, and 3 active threads.
Waiting for actors to stop.
Checking for deadlock:
There are 1 Blocked actors, 0 Stopped actors, and 3 active threads.
Waiting for actors to stop.
Called prefire()
Called fire()
Past the end of training data. Read and discard all inputs.
Checking for deadlock:
Sent output token with value 8.0
There are 2 Blocked actors, 0 Stopped actors, and 3 active threads.
Waiting for actors to stop.
Next port to read input from is inputA
Called postfire()
Called prefire()
Called fire()
Read input token from inputA with value 9.0
Checking for deadlock:
There are 1 Blocked actors, 0 Stopped actors, and 3 active threads.
Called prefire()
Called fire()
Waiting for actors to stop.
Past the end of training data. Read and discard all inputs.
Checking for deadlock:
There are 2 Blocked actors, 0 Stopped actors, and 3 active threads.
Waiting for actors to stop.
Sent output token with value 9.0
Next port to read input from is inputB
Called postfire()
Called prefire()
Called fire()
Checking for deadlock:
There are 1 Blocked actors, 0 Stopped actors, and 3 active threads.
Waiting for actors to stop.
Called postfire()
Called prefire()
Called fire()
Checking for deadlock:
Read input token from inputB with value 10.5
There are 2 Blocked actors, 0 Stopped actors, and 3 active threads.
Waiting for actors to stop.
Checking for deadlock:
There are 1 Blocked actors, 0 Stopped actors, and 3 active threads.
Waiting for actors to stop.
Called prefire()
Called fire()
Past the end of training data. Read and discard all inputs.
Checking for deadlock:
There are 2 Blocked actors, 0 Stopped actors, and 3 active threads.
Waiting for actors to stop.
Sent output token with value 9.0
Next port to read input from is inputA
Called postfire()
Called prefire()
Called fire()
Checking for deadlock:
There are 3 Blocked actors, 0 Stopped actors, and 3 active threads.
Actors have stopped.
Checking for deadlock:
There are 3 Blocked actors, 0 Stopped actors, and 3 active threads.
Deadlock detected.
Resolving Deadlock
Checking for deadlock:
There are 3 Blocked actors, 0 Stopped actors, and 3 active threads.
Artificial Deadlock - increasing queue capacity.
increasing the capacity of receiver ptolemy.actor.TypedIOPort {.top.OrderedMerge.inputB} to 2
-- Thread wrapup() called.
Called wrapup()
Director: Called postfire().
Thread .top.Ramp2 is exiting.
-- Thread stopped.
Called postfire().
_stopRequested = false
_stopFireRequested = false
Returning from postfire(): true
Called fire().
Checking for deadlock:
There are 2 Blocked actors, 0 Stopped actors, and 2 active threads.
Actors have stopped.
Checking for deadlock:
There are 2 Blocked actors, 0 Stopped actors, and 2 active threads.
Deadlock detected.
Resolving Deadlock
Checking for deadlock:
There are 2 Blocked actors, 0 Stopped actors, and 2 active threads.
Deadlock detected: no processes blocked on write, but some are blocked on read.
Called postfire().
_stopRequested = false
_stopFireRequested = false
Returning from postfire(): false
Finished deactivating branches.
Called wrapup().
-- Thread wrapup() called.
Called wrapup()
Thread .top.Test is exiting.
-- Thread stopped.
-- Blocked Receiver call threw TerminateProcessException.
-- Thread wrapup() called.
Called wrapup()
Thread .top.OrderedMerge is exiting.
-- Thread stopped.
-- Blocked Receiver call threw TerminateProcessException.
58 ms. Memory: 129024K Free: 107350K (83%)
.top. Preinitializing ...
Invoking preinitialize():  .top.OrderedMerge
Called preinitialize()
Invoking preinitialize():  .top.Ramp
Called preinitialize()
Invoking preinitialize():  .top.Ramp2
Called preinitialize()
Invoking preinitialize():  .top.Test
Called preinitialize()
.top. Finished preinitialize().
Called initialize().
Invoking initialize():  .top.OrderedMerge
Initializing actor: .top.OrderedMerge
Adding a thread: .top.OrderedMerge
Invoking initialize():  .top.Ramp
Initializing actor: .top.Ramp
Adding a thread: .top.Ramp
Invoking initialize():  .top.Ramp2
Initializing actor: .top.Ramp2
Adding a thread: .top.Ramp2
Invoking initialize():  .top.Test
Initializing actor: .top.Test
Adding a thread: .top.Test
-- Starting thread.
Called initialize()
Called prefire()
Called fire()
-- Starting thread.
Called initialize()
Called prefire()
Called fire()
Called postfire()
Called prefire()
Called fire()
-- Starting thread.
Called initialize()
Called prefire()
Called fire()
Called postfire()
Called prefire()
Called fire()
Called fire().
Checking for deadlock:
There are 3 Blocked actors, 0 Stopped actors, and 4 active threads.
Waiting for actors to stop.
-- Starting thread.
Called initialize()
Called prefire()
Called fire()
Read input token from inputA with value 0.0
Next port to read input from is inputB
Called postfire()
Called prefire()
Called fire()
Checking for deadlock:
There are 2 Blocked actors, 0 Stopped actors, and 4 active threads.
Waiting for actors to stop.
Called postfire()
Called prefire()
Called fire()
Read input token from inputB with value 0.0
Checking for deadlock:
There are 1 Blocked actors, 0 Stopped actors, and 4 active threads.
Waiting for actors to stop.
Called postfire()
Called prefire()
Called fire()
Checking for deadlock:
There are 3 Blocked actors, 0 Stopped actors, and 4 active threads.
Waiting for actors to stop.
-- Read input: 0.0, which is expected to match: 0.0
Called prefire()
Called fire()
Checking for deadlock:
There are 3 Blocked actors, 0 Stopped actors, and 4 active threads.
Waiting for actors to stop.
Sent output token with value 0.0
Next port to read input from is inputA
Called postfire()
Called prefire()
Called fire()
Checking for deadlock:
There are 2 Blocked actors, 0 Stopped actors, and 4 active threads.
Waiting for actors to stop.
Called postfire()
Called prefire()
Called fire()
Checking for deadlock:
There are 3 Blocked actors, 0 Stopped actors, and 4 active threads.
Waiting for actors to stop.
Read input token from inputA with value 1.0
Sent output token with value 0.0
Next port to read input from is inputB
Called postfire()
Called prefire()
Called fire()
Read input token from inputB with value 1.5
Called postfire()
Called prefire()
Called fire()
Checking for deadlock:
There are 3 Blocked actors, 0 Stopped actors, and 4 active threads.
Waiting for actors to stop.
-- Read input: 0.0, which is expected to match: 0.0
Called prefire()
Called fire()
Checking for deadlock:
There are 3 Blocked actors, 0 Stopped actors, and 4 active threads.
Waiting for actors to stop.
-- Read input: 1.0, which is expected to match: 1.0
Called prefire()
Called fire()
Checking for deadlock:
There are 3 Blocked actors, 0 Stopped actors, and 4 active threads.
Waiting for actors to stop.
Sent output token with value 1.0
Next port to read input from is inputA
Called postfire()
Called prefire()
Called fire()
Checking for deadlock:
There are 2 Blocked actors, 0 Stopped actors, and 4 active threads.
Waiting for actors to stop.
Called postfire()
Called prefire()
Called fire()
Checking for deadlock:
There are 3 Blocked actors, 0 Stopped actors, and 4 active threads.
Waiting for actors to stop.
Read input token from inputA with value 2.0
Sent output token with value 1.5
Next port to read input from is inputB
Called postfire()
Called prefire()
Called fire()
Read input token from inputB with value 3.0
Checking for deadlock:
There are 2 Blocked actors, 0 Stopped actors, and 4 active threads.
Waiting for actors to stop.
Called postfire()
Called prefire()
Called fire()
-- Read input: 1.5, which is expected to match: 1.5
Called prefire()
Called fire()
Checking for deadlock:
There are 3 Blocked actors, 0 Stopped actors, and 4 active threads.
Waiting for actors to stop.
Checking for deadlock:
There are 2 Blocked actors, 0 Stopped actors, and 4 active threads.
Waiting for actors to stop.
-- Read input: 2.0, which is expected to match: 2.0
Called prefire()
Called fire()
Checking for deadlock:
There are 3 Blocked actors, 0 Stopped actors, and 4 active threads.
Waiting for actors to stop.
Sent output token with value 2.0
Next port to read input from is inputA
Called postfire()
Called prefire()
Called fire()
Checking for deadlock:
There are 2 Blocked actors, 0 Stopped actors, and 4 active threads.
Waiting for actors to stop.
Called postfire()
Called prefire()
Called fire()
Checking for deadlock:
There are 3 Blocked actors, 0 Stopped actors, and 4 active threads.
Waiting for actors to stop.
Read input token from inputA with value 3.0
Sent output token with value 3.0
Next port to read input from is inputB
Called postfire()
Called prefire()
Called fire()
Read input token from inputB with value 4.5
Checking for deadlock:
There are 2 Blocked actors, 0 Stopped actors, and 4 active threads.
Waiting for actors to stop.
Called postfire()
Called prefire()
Called fire()
-- Read input: 3.0, which is expected to match: 3.0
Called prefire()
Called fire()
Checking for deadlock:
There are 3 Blocked actors, 0 Stopped actors, and 4 active threads.
Waiting for actors to stop.
-- Read input: 3.0, which is expected to match: 3.0
Called prefire()
Called fire()
Checking for deadlock:
There are 3 Blocked actors, 0 Stopped actors, and 4 active threads.
Waiting for actors to stop.
Sent output token with value 3.0
Next port to read input from is inputA
Called postfire()
Called prefire()
Called fire()
Checking for deadlock:
There are 2 Blocked actors, 0 Stopped actors, and 4 active threads.
Waiting for actors to stop.
Called postfire()
Called prefire()
Called fire()
Checking for deadlock:
There are 3 Blocked actors, 0 Stopped actors, and 4 active threads.
Waiting for actors to stop.
Read input token from inputA with value 4.0
Sent output token with value 4.0
Next port to read input from is inputA
Called postfire()
Called prefire()
Called fire()
Read input token from inputA with value 5.0
Checking for deadlock:
There are 2 Blocked actors, 0 Stopped actors, and 4 active threads.
Waiting for actors to stop.
-- Read input: 4.0, which is expected to match: 4.0
Called prefire()
Called fire()
Past the end of training data. Read and discard all inputs.
Called postfire()
Called prefire()
Called fire()
Checking for deadlock:
There are 3 Blocked actors, 0 Stopped actors, and 4 active threads.
Waiting for actors to stop.
Sent output token with value 4.5
Next port to read input from is inputB
Called postfire()
Called prefire()
Called fire()
Read input token from inputB with value 6.0
Checking for deadlock:
There are 2 Blocked actors, 0 Stopped actors, and 4 active threads.
Waiting for actors to stop.
Called postfire()
Called prefire()
Called fire()
Called prefire()
Called fire()
Past the end of training data. Read and discard all inputs.
Checking for deadlock:
There are 3 Blocked actors, 0 Stopped actors, and 4 active threads.
Waiting for actors to stop.
Called prefire()
Called fire()
Past the end of training data. Read and discard all inputs.
Checking for deadlock:
There are 3 Blocked actors, 0 Stopped actors, and 4 active threads.
Waiting for actors to stop.
Sent output token with value 5.0
Next port to read input from is inputA
Called postfire()
Called prefire()
Called fire()
Checking for deadlock:
There are 2 Blocked actors, 0 Stopped actors, and 4 active threads.
Waiting for actors to stop.
Called postfire()
Called prefire()
Called fire()
Checking for deadlock:
There are 3 Blocked actors, 0 Stopped actors, and 4 active threads.
Waiting for actors to stop.
Read input token from inputA with value 6.0
Sent output token with value 6.0
Next port to read input from is inputB
Called postfire()
Called prefire()
Called fire()
Read input token from inputB with value 7.5
Checking for deadlock:
There are 2 Blocked actors, 0 Stopped actors, and 4 active threads.
Waiting for actors to stop.
Called postfire()
Called prefire()
Called fire()
Called prefire()
Called fire()
Past the end of training data. Read and discard all inputs.
Checking for deadlock:
There are 3 Blocked actors, 0 Stopped actors, and 4 active threads.
Waiting for actors to stop.
Called prefire()
Called fire()
Past the end of training data. Read and discard all inputs.
Checking for deadlock:
There are 3 Blocked actors, 0 Stopped actors, and 4 active threads.
Waiting for actors to stop.
Sent output token with value 6.0
Next port to read input from is inputA
Called postfire()
Called prefire()
Called fire()
Checking for deadlock:
There are 2 Blocked actors, 0 Stopped actors, and 4 active threads.
Waiting for actors to stop.
Called postfire()
Called prefire()
Called fire()
Checking for deadlock:
There are 3 Blocked actors, 0 Stopped actors, and 4 active threads.
Waiting for actors to stop.
Read input token from inputA with value 7.0
Checking for deadlock:
There are 2 Blocked actors, 0 Stopped actors, and 4 active threads.
Waiting for actors to stop.
Called prefire()
Called fire()
Past the end of training data. Read and discard all inputs.
Checking for deadlock:
There are 3 Blocked actors, 0 Stopped actors, and 4 active threads.
Waiting for actors to stop.
Sent output token with value 7.0
Next port to read input from is inputA
Called postfire()
Called prefire()
Called fire()
Checking for deadlock:
There are 2 Blocked actors, 0 Stopped actors, and 4 active threads.
Waiting for actors to stop.
-- Thread wrapup() called.
Called wrapup()
Thread .top.Ramp is exiting.
Checking for deadlock:
There are 2 Blocked actors, 0 Stopped actors, and 3 active threads.
Waiting for actors to stop.
-- Thread stopped.
Read input token from inputA with value 8.0
Called prefire()
Called fire()
Past the end of training data. Read and discard all inputs.
Checking for deadlock:
There are 2 Blocked actors, 0 Stopped actors, and 3 active threads.
Waiting for actors to stop.
Sent output token with value 7.5
Next port to read input from is inputB
Called postfire()
Called prefire()
Called fire()
Checking for deadlock:
There are 1 Blocked actors, 0 Stopped actors, and 3 active threads.
Waiting for actors to stop.
Called postfire()
Called prefire()
Called fire()
Checking for deadlock:
There are 2 Blocked actors, 0 Stopped actors, and 3 active threads.
Waiting for actors to stop.
Read input token from inputB with value 9.0
Checking for deadlock:
There are 1 Blocked actors, 0 Stopped actors, and 3 active threads.
Waiting for actors to stop.
Called prefire()
Called fire()
Past the end of training data. Read and discard all inputs.
Checking for deadlock:
There are 2 Blocked actors, 0 Stopped actors, and 3 active threads.
Waiting for actors to stop.
Sent output token with value 8.0
Next port to read input from is inputA
Called postfire()
Called prefire()
Called fire()
Read input token from inputA with value 9.0
Called prefire()
Called fire()
Past the end of training data. Read and discard all inputs.
Checking for deadlock:
There are 2 Blocked actors, 0 Stopped actors, and 3 active threads.
Waiting for actors to stop.
Sent output token with value 9.0
Next port to read input from is inputB
Called postfire()
Called prefire()
Called fire()
Called postfire()
Called prefire()
Called fire()
Checking for deadlock:
There are 2 Blocked actors, 0 Stopped actors, and 3 active threads.
Waiting for actors to stop.
Read input token from inputB with value 10.5
Called prefire()
Called fire()
Past the end of training data. Read and discard all inputs.
Checking for deadlock:
There are 2 Blocked actors, 0 Stopped actors, and 3 active threads.
Waiting for actors to stop.
Sent output token with value 9.0
Next port to read input from is inputA
Called postfire()
Called prefire()
Called fire()
Checking for deadlock:
There are 3 Blocked actors, 0 Stopped actors, and 3 active threads.
Actors have stopped.
Checking for deadlock:
There are 3 Blocked actors, 0 Stopped actors, and 3 active threads.
Deadlock detected.
Resolving Deadlock
Checking for deadlock:
There are 3 Blocked actors, 0 Stopped actors, and 3 active threads.
Artificial Deadlock - increasing queue capacity.
increasing the capacity of receiver ptolemy.actor.TypedIOPort {.top.OrderedMerge.inputB} to 2
Director: Called postfire().
Called postfire().
_stopRequested = false
_stopFireRequested = false
Returning from postfire(): true
Called fire().
Checking for deadlock:
There are 2 Blocked actors, 0 Stopped actors, and 3 active threads.
Waiting for actors to stop.
-- Thread wrapup() called.
Called wrapup()
Thread .top.Ramp2 is exiting.
-- Thread stopped.
Checking for deadlock:
There are 2 Blocked actors, 0 Stopped actors, and 2 active threads.
Actors have stopped.
Checking for deadlock:
There are 2 Blocked actors, 0 Stopped actors, and 2 active threads.
Deadlock detected.
Resolving Deadlock
Checking for deadlock:
There are 2 Blocked actors, 0 Stopped actors, and 2 active threads.
Deadlock detected: no processes blocked on write, but some are blocked on read.
Called postfire().
_stopRequested = false
_stopFireRequested = false
Returning from postfire(): false
Finished deactivating branches.
Called wrapup().
-- Thread wrapup() called.
Called wrapup()
-- Thread wrapup() called.
Called wrapup()
Thread .top.Test is exiting.
-- Thread stopped.
-- Blocked Receiver call threw TerminateProcessException.
Thread .top.OrderedMerge is exiting.
26 ms. Memory: 129024K Free: 104788K (81%)
-- Thread stopped.
-- Blocked Receiver call threw TerminateProcessException.
/home/travis/build/icyphy/ptII/ptolemy/actor/lib/test/Publisher.tcl
14 ms. Memory: 129024K Free: 98630K (76%)
7 ms. Memory: 129024K Free: 93014K (72%)
5 ms. Memory: 129024K Free: 110194K (85%)
5 ms. Memory: 129024K Free: 109156K (85%)
11 ms. Memory: 129024K Free: 108116K (84%)
3 ms. Memory: 129024K Free: 107636K (83%)
1 ms. Memory: 129024K Free: 106612K (83%)
4 ms. Memory: 129024K Free: 106092K (82%)
18 ms. Memory: 129024K Free: 95858K (74%)
7 ms. Memory: 129024K Free: 91732K (71%)
2 ms. Memory: 129024K Free: 91252K (71%)
4 ms. Memory: 129024K Free: 88676K (69%)
14 ms. Memory: 129024K Free: 81522K (63%)
14 ms. Memory: 129024K Free: 71796K (56%)
5 ms. Memory: 129024K Free: 60532K (47%)
/home/travis/build/icyphy/ptII/ptolemy/actor/lib/test/Pulse.tcl
3 ms. Memory: 155648K Free: 117528K (76%)
9 ms. Memory: 155648K Free: 117018K (75%)
2 ms. Memory: 155648K Free: 116504K (75%)
2 ms. Memory: 155648K Free: 115994K (75%)
1 ms. Memory: 155648K Free: 115474K (74%)
11 ms. Memory: 155648K Free: 114456K (74%)
7 ms. Memory: 155648K Free: 113426K (73%)
4 ms. Memory: 155648K Free: 112922K (73%)
4 ms. Memory: 155648K Free: 111898K (72%)
/home/travis/build/icyphy/ptII/ptolemy/actor/lib/test/Ramp.tcl
5 ms. Memory: 155648K Free: 110346K (71%)
4 ms. Memory: 155648K Free: 109330K (70%)
2 ms. Memory: 155648K Free: 108826K (70%)
2 ms. Memory: 155648K Free: 107802K (69%)
6 ms. Memory: 155648K Free: 107274K (69%)
9 ms. Memory: 155648K Free: 106264K (68%)
5 ms. Memory: 155648K Free: 105240K (68%)
5 actors
7000 microseconds per iteration to create
11 ms. Memory: 155648K Free: 102682K (66%)
2 ms. Memory: 155648K Free: 102154K (66%)
3 ms. Memory: 155648K Free: 101130K (65%)
2 ms. Memory: 155648K Free: 100634K (65%)
50 actors
41000 microseconds per iteration to create
22 ms. Memory: 155648K Free: 85274K (55%)
4 ms. Memory: 155648K Free: 84250K (54%)
4 ms. Memory: 155648K Free: 83226K (53%)
4 ms. Memory: 155648K Free: 82202K (53%)
500 actors
1554000 microseconds per iteration to create
226 ms. Memory: 155648K Free: 82718K (53%)
32 ms. Memory: 155648K Free: 77598K (50%)
31 ms. Memory: 155648K Free: 71964K (46%)
33 ms. Memory: 155648K Free: 66844K (43%)
/home/travis/build/icyphy/ptII/ptolemy/actor/lib/test/RampContinuous.tcl
6 ms. Memory: 155648K Free: 65310K (42%)
/home/travis/build/icyphy/ptII/ptolemy/actor/lib/test/RecordAssembler.tcl
5 ms. Memory: 155648K Free: 63742K (41%)
3 ms. Memory: 155648K Free: 62742K (40%)
/home/travis/build/icyphy/ptII/ptolemy/actor/lib/test/RecordDisassembler.tcl
6 ms. Memory: 155648K Free: 61214K (39%)
3 ms. Memory: 155648K Free: 60190K (39%)
3 ms. Memory: 155648K Free: 59166K (38%)
/home/travis/build/icyphy/ptII/ptolemy/actor/lib/test/Scale.tcl
3 ms. Memory: 155648K Free: 57118K (37%)
1 ms. Memory: 155648K Free: 56590K (36%)
1 ms. Memory: 155648K Free: 55574K (36%)
7 ms. Memory: 155648K Free: 55070K (35%)
3 ms. Memory: 155648K Free: 54046K (35%)
/home/travis/build/icyphy/ptII/ptolemy/actor/lib/test/SequentialClock.tcl
preinitializing
resolving types
initializing
executing number 1
wrapping up
idle
4 ms. Memory: 155648K Free: 53022K (34%)
Completed execution with 5 iterations
preinitializing
resolving types
initializing
executing number 1
wrapping up
idle
1 ms. Memory: 155648K Free: 51998K (33%)
Completed execution with 5 iterations
preinitializing
resolving types
initializing
executing number 1
wrapping up
idle
2 ms. Memory: 155648K Free: 51484K (33%)
Completed execution with 5 iterations
/home/travis/build/icyphy/ptII/ptolemy/actor/lib/test/SetVariable.tcl
5 ms. Memory: 155648K Free: 49950K (32%)


==== $PTII/ptolemy/actor/lib/test/SetVariable.tcl: SetVariable-3.1 changeFailed
==== Contents of test case:

    #Uses 2.1 above
    jdkCaptureErr {
        # This test was failing if we ran Exit.tcl and then this test.
        # MessageHandler.error() now actually throws the Exception.
	catch {$setVariable changeFailed [java::null]  [java::new Exception {Test exception for SetVariable.changeFailed()}]} errMsg
    } results
    list [string range $results 0 89] "\n" $errMsg

==== Result was:
{java.lang.Exception: Test exception for SetVariable.changeFailed()
	at java.base/jdk.inter} {
} {java.lang.RuntimeException: java.lang.Exception: Test exception for SetVariable.changeFailed()}
---- Result should have been:
{Failed to set variable.
java.lang.Exception: Test exception for SetVariable.changeFailed()} {
} {java.lang.RuntimeException: java.lang.Exception: Test exception for SetVariable.changeFailed()}
---- SetVariable-3.1 FAILED
/home/travis/build/icyphy/ptII/ptolemy/actor/lib/test/Sinewave.tcl
/home/travis/build/icyphy/ptII/ptolemy/actor/lib/test/SubscriptionAggregator.tcl
4 ms. Memory: 155648K Free: 121889K (78%)
2 ms. Memory: 155648K Free: 121368K (78%)
0 ms. Memory: 155648K Free: 120865K (78%)
1 ms. Memory: 155648K Free: 120351K (77%)
1 ms. Memory: 155648K Free: 116769K (75%)
7 ms. Memory: 155648K Free: 114207K (73%)
...............................................................1019 ms. Memory: 284672K Free: 198740K (70%)
/home/travis/build/icyphy/ptII/ptolemy/actor/lib/test/Test.tcl
 The next command will produce a warning about training mode,
   which may be ignored.
6 ms. Memory: 284672K Free: 196694K (69%)
5 ms. Memory: 284672K Free: 195670K (69%)
1 ms. Memory: 284672K Free: 195141K (69%)
9 ms. Memory: 284672K Free: 194646K (68%)
2 ms. Memory: 284672K Free: 194117K (68%)
9 ms. Memory: 284672K Free: 192598K (68%)
5 ms. Memory: 284672K Free: 191574K (67%)
 The next command will produce a warning about training mode,
   which may be ignored.
5 ms. Memory: 284672K Free: 189012K (66%)
 The next command will produce a warning about training mode,
   which may be ignored.
2 ms. Memory: 284672K Free: 187973K (66%)
1 ms. Memory: 284672K Free: 187478K (66%)
1 ms. Memory: 284672K Free: 186964K (66%)
2 ms. Memory: 284672K Free: 186454K (65%)
8 ms. Memory: 284672K Free: 185430K (65%)
5 ms. Memory: 284672K Free: 181334K (64%)
/home/travis/build/icyphy/ptII/ptolemy/actor/lib/test/TestExceptionHandler.tcl
 The next command will produce a warning about training mode,
   which may be ignored.
2 ms. Memory: 284672K Free: 180310K (63%)
1 ms. Memory: 284672K Free: 179781K (63%)
1 ms. Memory: 284672K Free: 179286K (63%)
/home/travis/build/icyphy/ptII/ptolemy/actor/lib/test/UnionDisassembler.tcl
27 ms. Memory: 284672K Free: 172118K (60%)
/home/travis/build/icyphy/ptII/ptolemy/actor/lib/test/VariableClock.tcl
preinitializing
resolving types
initializing
executing number 1
wrapping up
idle
10 ms. Memory: 284672K Free: 170070K (60%)
Completed execution with 11 iterations
preinitializing
resolving types
initializing
executing number 1
wrapping up
idle
6 ms. Memory: 284672K Free: 168501K (59%)
Completed execution with 10 iterations
12/08/19 06:18:34
Failed: 1  Total Tests: 234  ((Passed: 233, Newly Passed: 0)  Known Failed: 0) /home/travis/build/icyphy/ptII/ptolemy/actor/lib/test
----------------- testing (KnownFailure) /home/travis/build/icyphy/ptII/ptolemy/actor/lib/test/auto/knownFailedTests/PublisherPortToplevelSubscriber.xml
0 ms. Memory: 284672K Free: 164950K (58%)
Known Failure: java.lang.reflect.InvocationTargetException
----------------- testing (KnownFailure) /home/travis/build/icyphy/ptII/ptolemy/actor/lib/test/auto/knownFailedTests/PublisherSubscriberPortToplevel.xml
0 ms. Memory: 284672K Free: 160854K (57%)
Known Failure: java.lang.reflect.InvocationTargetException
----------------- testing (KnownFailure) /home/travis/build/icyphy/ptII/ptolemy/actor/lib/test/auto/knownFailedTests/PublisherSubscriptionAggregatorPort.xml
3 ms. Memory: 284672K Free: 157268K (55%)
Known Failure: java.lang.reflect.InvocationTargetException
----------------- testing (KnownFailure) /home/travis/build/icyphy/ptII/ptolemy/actor/lib/test/auto/knownFailedTests/sizedarray3.xml
4 ms. Memory: 284672K Free: 153172K (54%)
Known Failure: java.lang.reflect.InvocationTargetException
No auto/linux-amd64/*.xml tests in /home/travis/build/icyphy/ptII/ptolemy/actor/lib/test
AutoTests.java: About to close Vertx.
AutoTests.java: Vertx closed.

===========================================================================================
----------------- testing Sun Dec 08 06:18:34 UTC 2019 /home/travis/build/icyphy/ptII/ptolemy/actor/lib/test/auto/AbsoluteValue.xml
----------------- Instantiating /home/travis/build/icyphy/ptII/ptolemy/actor/lib/test/auto/AbsoluteValue.xml
6 ms. Memory: 284672K Free: 130134K (46%)
----------------- Invoking toplevel() on ptolemy.moml.MoMLSimpleApplication@292a8b5b
----------------- Done invoking toplevel() on ptolemy.moml.MoMLSimpleApplication@292a8b5b
reloadAllAccessors: .AbsoluteValue

===========================================================================================
----------------- testing Sun Dec 08 06:18:34 UTC 2019 /home/travis/build/icyphy/ptII/ptolemy/actor/lib/test/auto/AbsoluteValue2.xml
----------------- Instantiating /home/travis/build/icyphy/ptII/ptolemy/actor/lib/test/auto/AbsoluteValue2.xml
13 ms. Memory: 284672K Free: 122966K (43%)
----------------- Invoking toplevel() on ptolemy.moml.MoMLSimpleApplication@2a19c533
----------------- Done invoking toplevel() on ptolemy.moml.MoMLSimpleApplication@2a19c533
reloadAllAccessors: .AbsoluteValue2

===========================================================================================
----------------- testing Sun Dec 08 06:18:34 UTC 2019 /home/travis/build/icyphy/ptII/ptolemy/actor/lib/test/auto/Accumulator.xml
----------------- Instantiating /home/travis/build/icyphy/ptII/ptolemy/actor/lib/test/auto/Accumulator.xml
5 ms. Memory: 284672K Free: 116822K (41%)
----------------- Invoking toplevel() on ptolemy.moml.MoMLSimpleApplication@7e0448f9
----------------- Done invoking toplevel() on ptolemy.moml.MoMLSimpleApplication@7e0448f9
reloadAllAccessors: .Accumulator

===========================================================================================
----------------- testing Sun Dec 08 06:18:34 UTC 2019 /home/travis/build/icyphy/ptII/ptolemy/actor/lib/test/auto/Accumulator2.xml
----------------- Instantiating /home/travis/build/icyphy/ptII/ptolemy/actor/lib/test/auto/Accumulator2.xml
5 ms. Memory: 284672K Free: 111702K (39%)
----------------- Invoking toplevel() on ptolemy.moml.MoMLSimpleApplication@6c7389d1
----------------- Done invoking toplevel() on ptolemy.moml.MoMLSimpleApplication@6c7389d1
reloadAllAccessors: .Accumulator2

===========================================================================================
----------------- testing Sun Dec 08 06:18:34 UTC 2019 /home/travis/build/icyphy/ptII/ptolemy/actor/lib/test/auto/Accumulator3.xml
----------------- Instantiating /home/travis/build/icyphy/ptII/ptolemy/actor/lib/test/auto/Accumulator3.xml
3 ms. Memory: 284672K Free: 234369K (82%)
----------------- Invoking toplevel() on ptolemy.moml.MoMLSimpleApplication@976b949
----------------- Done invoking toplevel() on ptolemy.moml.MoMLSimpleApplication@976b949
reloadAllAccessors: .Accumulator3

===========================================================================================
----------------- testing Sun Dec 08 06:18:34 UTC 2019 /home/travis/build/icyphy/ptII/ptolemy/actor/lib/test/auto/ArrayAppend.xml
----------------- Instantiating /home/travis/build/icyphy/ptII/ptolemy/actor/lib/test/auto/ArrayAppend.xml
4 ms. Memory: 284672K Free: 228720K (80%)
----------------- Invoking toplevel() on ptolemy.moml.MoMLSimpleApplication@797b757c
----------------- Done invoking toplevel() on ptolemy.moml.MoMLSimpleApplication@797b757c
reloadAllAccessors: .ArrayAppend

===========================================================================================
----------------- testing Sun Dec 08 06:18:34 UTC 2019 /home/travis/build/icyphy/ptII/ptolemy/actor/lib/test/auto/ArrayAppend2.xml
----------------- Instantiating /home/travis/build/icyphy/ptII/ptolemy/actor/lib/test/auto/ArrayAppend2.xml
297 ms. Memory: 284672K Free: 169341K (59%)
----------------- Invoking toplevel() on ptolemy.moml.MoMLSimpleApplication@4230cad9
----------------- Done invoking toplevel() on ptolemy.moml.MoMLSimpleApplication@4230cad9
reloadAllAccessors: .ArrayAppend2

===========================================================================================
----------------- testing Sun Dec 08 06:18:35 UTC 2019 /home/travis/build/icyphy/ptII/ptolemy/actor/lib/test/auto/ArrayAppend3.xml
----------------- Instantiating /home/travis/build/icyphy/ptII/ptolemy/actor/lib/test/auto/ArrayAppend3.xml
9 ms. Memory: 284672K Free: 164223K (58%)
----------------- Invoking toplevel() on ptolemy.moml.MoMLSimpleApplication@232fd0ee
----------------- Done invoking toplevel() on ptolemy.moml.MoMLSimpleApplication@232fd0ee
reloadAllAccessors: .ArrayAppend3

===========================================================================================
----------------- testing Sun Dec 08 06:18:35 UTC 2019 /home/travis/build/icyphy/ptII/ptolemy/actor/lib/test/auto/ArrayAppend4.xml
----------------- Instantiating /home/travis/build/icyphy/ptII/ptolemy/actor/lib/test/auto/ArrayAppend4.xml
3 ms. Memory: 284672K Free: 158593K (56%)
----------------- Invoking toplevel() on ptolemy.moml.MoMLSimpleApplication@66fae562
----------------- Done invoking toplevel() on ptolemy.moml.MoMLSimpleApplication@66fae562
reloadAllAccessors: .ArrayAppend4

===========================================================================================
----------------- testing Sun Dec 08 06:18:35 UTC 2019 /home/travis/build/icyphy/ptII/ptolemy/actor/lib/test/auto/ArrayAppend5.xml
----------------- Instantiating /home/travis/build/icyphy/ptII/ptolemy/actor/lib/test/auto/ArrayAppend5.xml
2 ms. Memory: 284672K Free: 153473K (54%)
----------------- Invoking toplevel() on ptolemy.moml.MoMLSimpleApplication@327f4e1d
----------------- Done invoking toplevel() on ptolemy.moml.MoMLSimpleApplication@327f4e1d
reloadAllAccessors: .ArrayAppend5

===========================================================================================
----------------- testing Sun Dec 08 06:18:35 UTC 2019 /home/travis/build/icyphy/ptII/ptolemy/actor/lib/test/auto/ArrayAppend6.xml
----------------- Instantiating /home/travis/build/icyphy/ptII/ptolemy/actor/lib/test/auto/ArrayAppend6.xml
3 ms. Memory: 284672K Free: 148863K (52%)
----------------- Invoking toplevel() on ptolemy.moml.MoMLSimpleApplication@343efdc3
----------------- Done invoking toplevel() on ptolemy.moml.MoMLSimpleApplication@343efdc3
reloadAllAccessors: .ArrayAppend6

===========================================================================================
----------------- testing Sun Dec 08 06:18:35 UTC 2019 /home/travis/build/icyphy/ptII/ptolemy/actor/lib/test/auto/ArrayAppendPerformanceTest.xml
----------------- Instantiating /home/travis/build/icyphy/ptII/ptolemy/actor/lib/test/auto/ArrayAppendPerformanceTest.xml
22 ms. Memory: 284672K Free: 137599K (48%)
----------------- Invoking toplevel() on ptolemy.moml.MoMLSimpleApplication@66c86938
----------------- Done invoking toplevel() on ptolemy.moml.MoMLSimpleApplication@66c86938
reloadAllAccessors: .ArrayAppendPerformanceTest

===========================================================================================
----------------- testing Sun Dec 08 06:18:35 UTC 2019 /home/travis/build/icyphy/ptII/ptolemy/actor/lib/test/auto/ArrayAppendWithEmptyInput.xml
----------------- Instantiating /home/travis/build/icyphy/ptII/ptolemy/actor/lib/test/auto/ArrayAppendWithEmptyInput.xml
7 ms. Memory: 284672K Free: 129921K (46%)
----------------- Invoking toplevel() on ptolemy.moml.MoMLSimpleApplication@45a49c5a
----------------- Done invoking toplevel() on ptolemy.moml.MoMLSimpleApplication@45a49c5a
reloadAllAccessors: .ArrayAppendWithEmptyInput

===========================================================================================
----------------- testing Sun Dec 08 06:18:35 UTC 2019 /home/travis/build/icyphy/ptII/ptolemy/actor/lib/test/auto/ArrayAverage.xml
----------------- Instantiating /home/travis/build/icyphy/ptII/ptolemy/actor/lib/test/auto/ArrayAverage.xml
7 ms. Memory: 284672K Free: 121729K (43%)
----------------- Invoking toplevel() on ptolemy.moml.MoMLSimpleApplication@2afe8b9a
----------------- Done invoking toplevel() on ptolemy.moml.MoMLSimpleApplication@2afe8b9a
reloadAllAccessors: .ArrayAverage

===========================================================================================
----------------- testing Sun Dec 08 06:18:35 UTC 2019 /home/travis/build/icyphy/ptII/ptolemy/actor/lib/test/auto/ArrayContains.xml
----------------- Instantiating /home/travis/build/icyphy/ptII/ptolemy/actor/lib/test/auto/ArrayContains.xml
10 ms. Memory: 284672K Free: 116095K (41%)
----------------- Invoking toplevel() on ptolemy.moml.MoMLSimpleApplication@25193ac0
----------------- Done invoking toplevel() on ptolemy.moml.MoMLSimpleApplication@25193ac0
reloadAllAccessors: .ArrayContains

===========================================================================================
----------------- testing Sun Dec 08 06:18:35 UTC 2019 /home/travis/build/icyphy/ptII/ptolemy/actor/lib/test/auto/ArrayElement.xml
----------------- Instantiating /home/travis/build/icyphy/ptII/ptolemy/actor/lib/test/auto/ArrayElement.xml
3 ms. Memory: 284672K Free: 110465K (39%)
----------------- Invoking toplevel() on ptolemy.moml.MoMLSimpleApplication@5dbbbc2e
----------------- Done invoking toplevel() on ptolemy.moml.MoMLSimpleApplication@5dbbbc2e
reloadAllAccessors: .ArrayElement

===========================================================================================
----------------- testing Sun Dec 08 06:18:35 UTC 2019 /home/travis/build/icyphy/ptII/ptolemy/actor/lib/test/auto/ArrayElementAsMatrix.xml
----------------- Instantiating /home/travis/build/icyphy/ptII/ptolemy/actor/lib/test/auto/ArrayElementAsMatrix.xml
8 ms. Memory: 284672K Free: 100225K (35%)
----------------- Invoking toplevel() on ptolemy.moml.MoMLSimpleApplication@17ee2d67
----------------- Done invoking toplevel() on ptolemy.moml.MoMLSimpleApplication@17ee2d67
reloadAllAccessors: .ArrayElementAsMatrix

===========================================================================================
----------------- testing Sun Dec 08 06:18:35 UTC 2019 /home/travis/build/icyphy/ptII/ptolemy/actor/lib/test/auto/ArrayElementI.xml
----------------- Instantiating /home/travis/build/icyphy/ptII/ptolemy/actor/lib/test/auto/ArrayElementI.xml
33 ms. Memory: 284672K Free: 237660K (83%)
----------------- Invoking toplevel() on ptolemy.moml.MoMLSimpleApplication@5262880e
----------------- Done invoking toplevel() on ptolemy.moml.MoMLSimpleApplication@5262880e
reloadAllAccessors: .ArrayElementI

===========================================================================================
----------------- testing Sun Dec 08 06:18:35 UTC 2019 /home/travis/build/icyphy/ptII/ptolemy/actor/lib/test/auto/ArrayExtract.xml
----------------- Instantiating /home/travis/build/icyphy/ptII/ptolemy/actor/lib/test/auto/ArrayExtract.xml
9 ms. Memory: 284672K Free: 228737K (80%)
----------------- Invoking toplevel() on ptolemy.moml.MoMLSimpleApplication@53722b9
----------------- Done invoking toplevel() on ptolemy.moml.MoMLSimpleApplication@53722b9
reloadAllAccessors: .ArrayExtract

===========================================================================================
----------------- testing Sun Dec 08 06:18:35 UTC 2019 /home/travis/build/icyphy/ptII/ptolemy/actor/lib/test/auto/ArrayExtract2.xml
----------------- Instantiating /home/travis/build/icyphy/ptII/ptolemy/actor/lib/test/auto/ArrayExtract2.xml
2 ms. Memory: 284672K Free: 223088K (78%)
----------------- Invoking toplevel() on ptolemy.moml.MoMLSimpleApplication@77b69a4d
----------------- Done invoking toplevel() on ptolemy.moml.MoMLSimpleApplication@77b69a4d
reloadAllAccessors: .ArrayExtract2

===========================================================================================
----------------- testing Sun Dec 08 06:18:35 UTC 2019 /home/travis/build/icyphy/ptII/ptolemy/actor/lib/test/auto/ArrayLength.xml
----------------- Instantiating /home/travis/build/icyphy/ptII/ptolemy/actor/lib/test/auto/ArrayLength.xml
1 ms. Memory: 284672K Free: 219521K (77%)
----------------- Invoking toplevel() on ptolemy.moml.MoMLSimpleApplication@7ad1871f
----------------- Done invoking toplevel() on ptolemy.moml.MoMLSimpleApplication@7ad1871f
reloadAllAccessors: .ArrayLength

===========================================================================================
----------------- testing Sun Dec 08 06:18:35 UTC 2019 /home/travis/build/icyphy/ptII/ptolemy/actor/lib/test/auto/ArrayLevelCrossing.xml
----------------- Instantiating /home/travis/build/icyphy/ptII/ptolemy/actor/lib/test/auto/ArrayLevelCrossing.xml
4 ms. Memory: 284672K Free: 211329K (74%)
----------------- Invoking toplevel() on ptolemy.moml.MoMLSimpleApplication@56e3bf81
----------------- Done invoking toplevel() on ptolemy.moml.MoMLSimpleApplication@56e3bf81
reloadAllAccessors: .ArrayLevelCrossing

===========================================================================================
----------------- testing Sun Dec 08 06:18:35 UTC 2019 /home/travis/build/icyphy/ptII/ptolemy/actor/lib/test/auto/ArrayLevelCrossing2.xml
----------------- Instantiating /home/travis/build/icyphy/ptII/ptolemy/actor/lib/test/auto/ArrayLevelCrossing2.xml
3 ms. Memory: 284672K Free: 204161K (72%)
----------------- Invoking toplevel() on ptolemy.moml.MoMLSimpleApplication@39a59421
----------------- Done invoking toplevel() on ptolemy.moml.MoMLSimpleApplication@39a59421
reloadAllAccessors: .ArrayLevelCrossing2

===========================================================================================
----------------- testing Sun Dec 08 06:18:35 UTC 2019 /home/travis/build/icyphy/ptII/ptolemy/actor/lib/test/auto/ArrayPeakSearch.xml
----------------- Instantiating /home/travis/build/icyphy/ptII/ptolemy/actor/lib/test/auto/ArrayPeakSearch.xml
14 ms. Memory: 284672K Free: 195455K (69%)
----------------- Invoking toplevel() on ptolemy.moml.MoMLSimpleApplication@4b9b0a7a
----------------- Done invoking toplevel() on ptolemy.moml.MoMLSimpleApplication@4b9b0a7a
reloadAllAccessors: .ArrayPeakSearch

===========================================================================================
----------------- testing Sun Dec 08 06:18:35 UTC 2019 /home/travis/build/icyphy/ptII/ptolemy/actor/lib/test/auto/ArrayPeakSearch2.xml
----------------- Instantiating /home/travis/build/icyphy/ptII/ptolemy/actor/lib/test/auto/ArrayPeakSearch2.xml
5 ms. Memory: 284672K Free: 184705K (65%)
----------------- Invoking toplevel() on ptolemy.moml.MoMLSimpleApplication@dca35a7
----------------- Done invoking toplevel() on ptolemy.moml.MoMLSimpleApplication@dca35a7
reloadAllAccessors: .ArrayPeakSearch2

===========================================================================================
----------------- testing Sun Dec 08 06:18:35 UTC 2019 /home/travis/build/icyphy/ptII/ptolemy/actor/lib/test/auto/ArrayPeakSearch3.xml
----------------- Instantiating /home/travis/build/icyphy/ptII/ptolemy/actor/lib/test/auto/ArrayPeakSearch3.xml
4 ms. Memory: 284672K Free: 175999K (62%)
----------------- Invoking toplevel() on ptolemy.moml.MoMLSimpleApplication@1661c40a
----------------- Done invoking toplevel() on ptolemy.moml.MoMLSimpleApplication@1661c40a
reloadAllAccessors: .ArrayPeakSearch3

===========================================================================================
----------------- testing Sun Dec 08 06:18:35 UTC 2019 /home/travis/build/icyphy/ptII/ptolemy/actor/lib/test/auto/ArrayRemoveElement.xml
----------------- Instantiating /home/travis/build/icyphy/ptII/ptolemy/actor/lib/test/auto/ArrayRemoveElement.xml
3 ms. Memory: 284672K Free: 167807K (59%)
----------------- Invoking toplevel() on ptolemy.moml.MoMLSimpleApplication@6e10335c
----------------- Done invoking toplevel() on ptolemy.moml.MoMLSimpleApplication@6e10335c
reloadAllAccessors: .ArrayRemoveElement

===========================================================================================
----------------- testing Sun Dec 08 06:18:36 UTC 2019 /home/travis/build/icyphy/ptII/ptolemy/actor/lib/test/auto/ArraySort.xml
----------------- Instantiating /home/travis/build/icyphy/ptII/ptolemy/actor/lib/test/auto/ArraySort.xml
4 ms. Memory: 284672K Free: 159105K (56%)
----------------- Invoking toplevel() on ptolemy.moml.MoMLSimpleApplication@3667f08f
----------------- Done invoking toplevel() on ptolemy.moml.MoMLSimpleApplication@3667f08f
reloadAllAccessors: .ArraySort

===========================================================================================
----------------- testing Sun Dec 08 06:18:36 UTC 2019 /home/travis/build/icyphy/ptII/ptolemy/actor/lib/test/auto/ArraySum.xml
----------------- Instantiating /home/travis/build/icyphy/ptII/ptolemy/actor/lib/test/auto/ArraySum.xml
6 ms. Memory: 284672K Free: 153471K (54%)
----------------- Invoking toplevel() on ptolemy.moml.MoMLSimpleApplication@f3d8478
----------------- Done invoking toplevel() on ptolemy.moml.MoMLSimpleApplication@f3d8478
reloadAllAccessors: .ArraySum

===========================================================================================
----------------- testing Sun Dec 08 06:18:36 UTC 2019 /home/travis/build/icyphy/ptII/ptolemy/actor/lib/test/auto/ArrayToElements.xml
----------------- Instantiating /home/travis/build/icyphy/ptII/ptolemy/actor/lib/test/auto/ArrayToElements.xml
7 ms. Memory: 284672K Free: 148351K (52%)
----------------- Invoking toplevel() on ptolemy.moml.MoMLSimpleApplication@1ba174e2
----------------- Done invoking toplevel() on ptolemy.moml.MoMLSimpleApplication@1ba174e2
reloadAllAccessors: .ArrayToElements

===========================================================================================
----------------- testing Sun Dec 08 06:18:36 UTC 2019 /home/travis/build/icyphy/ptII/ptolemy/actor/lib/test/auto/ArrayToMatrix.xml
----------------- Instantiating /home/travis/build/icyphy/ptII/ptolemy/actor/lib/test/auto/ArrayToMatrix.xml
10 ms. Memory: 284672K Free: 134015K (47%)
----------------- Invoking toplevel() on ptolemy.moml.MoMLSimpleApplication@2c04f968
----------------- Done invoking toplevel() on ptolemy.moml.MoMLSimpleApplication@2c04f968
reloadAllAccessors: .ArrayToMatrix

===========================================================================================
----------------- testing Sun Dec 08 06:18:36 UTC 2019 /home/travis/build/icyphy/ptII/ptolemy/actor/lib/test/auto/ArrayUpdate1.xml
----------------- Instantiating /home/travis/build/icyphy/ptII/ptolemy/actor/lib/test/auto/ArrayUpdate1.xml
4 ms. Memory: 284672K Free: 129409K (45%)
----------------- Invoking toplevel() on ptolemy.moml.MoMLSimpleApplication@fcdd1ce
----------------- Done invoking toplevel() on ptolemy.moml.MoMLSimpleApplication@fcdd1ce
reloadAllAccessors: .ArrayUpdate1

===========================================================================================
----------------- testing Sun Dec 08 06:18:36 UTC 2019 /home/travis/build/icyphy/ptII/ptolemy/actor/lib/test/auto/ArrayUpdate2.xml
----------------- Instantiating /home/travis/build/icyphy/ptII/ptolemy/actor/lib/test/auto/ArrayUpdate2.xml
14 ms. Memory: 284672K Free: 122736K (43%)
----------------- Invoking toplevel() on ptolemy.moml.MoMLSimpleApplication@35e587c
----------------- Done invoking toplevel() on ptolemy.moml.MoMLSimpleApplication@35e587c
reloadAllAccessors: .ArrayUpdate2

===========================================================================================
----------------- testing Sun Dec 08 06:18:36 UTC 2019 /home/travis/build/icyphy/ptII/ptolemy/actor/lib/test/auto/ArrayUpdate3.xml
----------------- Instantiating /home/travis/build/icyphy/ptII/ptolemy/actor/lib/test/auto/ArrayUpdate3.xml
4 ms. Memory: 284672K Free: 118145K (42%)
----------------- Invoking toplevel() on ptolemy.moml.MoMLSimpleApplication@795d0b93
----------------- Done invoking toplevel() on ptolemy.moml.MoMLSimpleApplication@795d0b93
reloadAllAccessors: .ArrayUpdate3

===========================================================================================
----------------- testing Sun Dec 08 06:18:36 UTC 2019 /home/travis/build/icyphy/ptII/ptolemy/actor/lib/test/auto/Assert1.xml
----------------- Instantiating /home/travis/build/icyphy/ptII/ptolemy/actor/lib/test/auto/Assert1.xml
5 ms. Memory: 284672K Free: 113535K (40%)
----------------- Invoking toplevel() on ptolemy.moml.MoMLSimpleApplication@7e80d4f5
----------------- Done invoking toplevel() on ptolemy.moml.MoMLSimpleApplication@7e80d4f5
reloadAllAccessors: .Assert1

===========================================================================================
----------------- testing Sun Dec 08 06:18:36 UTC 2019 /home/travis/build/icyphy/ptII/ptolemy/actor/lib/test/auto/Assert2.xml
----------------- Instantiating /home/travis/build/icyphy/ptII/ptolemy/actor/lib/test/auto/Assert2.xml
2 ms. Memory: 284672K Free: 109439K (38%)
----------------- Invoking toplevel() on ptolemy.moml.MoMLSimpleApplication@1791baf2
----------------- Done invoking toplevel() on ptolemy.moml.MoMLSimpleApplication@1791baf2
reloadAllAccessors: .Assert2

===========================================================================================
----------------- testing Sun Dec 08 06:18:36 UTC 2019 /home/travis/build/icyphy/ptII/ptolemy/actor/lib/test/auto/BooleanMultiplexor.xml
----------------- Instantiating /home/travis/build/icyphy/ptII/ptolemy/actor/lib/test/auto/BooleanMultiplexor.xml
2 ms. Memory: 284672K Free: 103280K (36%)
----------------- Invoking toplevel() on ptolemy.moml.MoMLSimpleApplication@5e23ce17
----------------- Done invoking toplevel() on ptolemy.moml.MoMLSimpleApplication@5e23ce17
reloadAllAccessors: .BooleanMultiplexor

===========================================================================================
----------------- testing Sun Dec 08 06:18:36 UTC 2019 /home/travis/build/icyphy/ptII/ptolemy/actor/lib/test/auto/BooleanMultiplexor2.xml
----------------- Instantiating /home/travis/build/icyphy/ptII/ptolemy/actor/lib/test/auto/BooleanMultiplexor2.xml
10 ms. Memory: 284672K Free: 97151K (34%)
----------------- Invoking toplevel() on ptolemy.moml.MoMLSimpleApplication@7a5d9cad
----------------- Done invoking toplevel() on ptolemy.moml.MoMLSimpleApplication@7a5d9cad
reloadAllAccessors: .BooleanMultiplexor2

===========================================================================================
----------------- testing Sun Dec 08 06:18:36 UTC 2019 /home/travis/build/icyphy/ptII/ptolemy/actor/lib/test/auto/BooleanMultiplexor3.xml
----------------- Instantiating /home/travis/build/icyphy/ptII/ptolemy/actor/lib/test/auto/BooleanMultiplexor3.xml
3 ms. Memory: 284672K Free: 93055K (33%)
----------------- Invoking toplevel() on ptolemy.moml.MoMLSimpleApplication@43f0d68c
----------------- Done invoking toplevel() on ptolemy.moml.MoMLSimpleApplication@43f0d68c
reloadAllAccessors: .BooleanMultiplexor3

===========================================================================================
----------------- testing Sun Dec 08 06:18:36 UTC 2019 /home/travis/build/icyphy/ptII/ptolemy/actor/lib/test/auto/BooleanSelect.xml
----------------- Instantiating /home/travis/build/icyphy/ptII/ptolemy/actor/lib/test/auto/BooleanSelect.xml
9 ms. Memory: 284672K Free: 87425K (31%)
----------------- Invoking toplevel() on ptolemy.moml.MoMLSimpleApplication@1e3b8644
----------------- Done invoking toplevel() on ptolemy.moml.MoMLSimpleApplication@1e3b8644
reloadAllAccessors: .BooleanSelect

===========================================================================================
----------------- testing Sun Dec 08 06:18:36 UTC 2019 /home/travis/build/icyphy/ptII/ptolemy/actor/lib/test/auto/BooleanSelect2.xml
----------------- Instantiating /home/travis/build/icyphy/ptII/ptolemy/actor/lib/test/auto/BooleanSelect2.xml
1 ms. Memory: 284672K Free: 82815K (29%)
----------------- Invoking toplevel() on ptolemy.moml.MoMLSimpleApplication@336a8e5e
----------------- Done invoking toplevel() on ptolemy.moml.MoMLSimpleApplication@336a8e5e
reloadAllAccessors: .BooleanSelect2

===========================================================================================
----------------- testing Sun Dec 08 06:18:36 UTC 2019 /home/travis/build/icyphy/ptII/ptolemy/actor/lib/test/auto/BooleanSwitch.xml
----------------- Instantiating /home/travis/build/icyphy/ptII/ptolemy/actor/lib/test/auto/BooleanSwitch.xml
10 ms. Memory: 284672K Free: 236929K (83%)
----------------- Invoking toplevel() on ptolemy.moml.MoMLSimpleApplication@6434845f
----------------- Done invoking toplevel() on ptolemy.moml.MoMLSimpleApplication@6434845f
reloadAllAccessors: .BooleanSwitch

===========================================================================================
----------------- testing Sun Dec 08 06:18:36 UTC 2019 /home/travis/build/icyphy/ptII/ptolemy/actor/lib/test/auto/BooleanSwitch2.xml
----------------- Instantiating /home/travis/build/icyphy/ptII/ptolemy/actor/lib/test/auto/BooleanSwitch2.xml
1 ms. Memory: 284672K Free: 232319K (82%)
----------------- Invoking toplevel() on ptolemy.moml.MoMLSimpleApplication@6169c9e2
----------------- Done invoking toplevel() on ptolemy.moml.MoMLSimpleApplication@6169c9e2
reloadAllAccessors: .BooleanSwitch2

===========================================================================================
----------------- testing Sun Dec 08 06:18:36 UTC 2019 /home/travis/build/icyphy/ptII/ptolemy/actor/lib/test/auto/BooleanSwitchCloningBugWithClassRelationGroup.xml
----------------- Instantiating /home/travis/build/icyphy/ptII/ptolemy/actor/lib/test/auto/BooleanSwitchCloningBugWithClassRelationGroup.xml
4 ms. Memory: 284672K Free: 225665K (79%)
----------------- Invoking toplevel() on ptolemy.moml.MoMLSimpleApplication@5c4e7340
----------------- Done invoking toplevel() on ptolemy.moml.MoMLSimpleApplication@5c4e7340
reloadAllAccessors: .BooleanSwitchCloningBugWithClassRelationGroup

===========================================================================================
----------------- testing Sun Dec 08 06:18:36 UTC 2019 /home/travis/build/icyphy/ptII/ptolemy/actor/lib/test/auto/BusActors.xml
----------------- Instantiating /home/travis/build/icyphy/ptII/ptolemy/actor/lib/test/auto/BusActors.xml
13 ms. Memory: 284672K Free: 217983K (77%)
----------------- Invoking toplevel() on ptolemy.moml.MoMLSimpleApplication@1a9f63b3
----------------- Done invoking toplevel() on ptolemy.moml.MoMLSimpleApplication@1a9f63b3
reloadAllAccessors: .BusActors

===========================================================================================
----------------- testing Sun Dec 08 06:18:36 UTC 2019 /home/travis/build/icyphy/ptII/ptolemy/actor/lib/test/auto/ClassWrapper.xml
----------------- Instantiating /home/travis/build/icyphy/ptII/ptolemy/actor/lib/test/auto/ClassWrapper.xml
2 ms. Memory: 284672K Free: 213377K (75%)
----------------- Invoking toplevel() on ptolemy.moml.MoMLSimpleApplication@4f518ec7
----------------- Done invoking toplevel() on ptolemy.moml.MoMLSimpleApplication@4f518ec7
reloadAllAccessors: .ClassWrapper

===========================================================================================
----------------- testing Sun Dec 08 06:18:36 UTC 2019 /home/travis/build/icyphy/ptII/ptolemy/actor/lib/test/auto/Clock.xml
----------------- Instantiating /home/travis/build/icyphy/ptII/ptolemy/actor/lib/test/auto/Clock.xml
2 ms. Memory: 284672K Free: 209784K (74%)
----------------- Invoking toplevel() on ptolemy.moml.MoMLSimpleApplication@286147e
----------------- Done invoking toplevel() on ptolemy.moml.MoMLSimpleApplication@286147e
reloadAllAccessors: .Clock

===========================================================================================
----------------- testing Sun Dec 08 06:18:36 UTC 2019 /home/travis/build/icyphy/ptII/ptolemy/actor/lib/test/auto/Clock10.xml
----------------- Instantiating /home/travis/build/icyphy/ptII/ptolemy/actor/lib/test/auto/Clock10.xml
4 ms. Memory: 284672K Free: 203647K (72%)
----------------- Invoking toplevel() on ptolemy.moml.MoMLSimpleApplication@7b4b29e
----------------- Done invoking toplevel() on ptolemy.moml.MoMLSimpleApplication@7b4b29e
reloadAllAccessors: .Clock10

===========================================================================================
----------------- testing Sun Dec 08 06:18:36 UTC 2019 /home/travis/build/icyphy/ptII/ptolemy/actor/lib/test/auto/Clock11.xml
----------------- Instantiating /home/travis/build/icyphy/ptII/ptolemy/actor/lib/test/auto/Clock11.xml
4 ms. Memory: 284672K Free: 198017K (70%)
----------------- Invoking toplevel() on ptolemy.moml.MoMLSimpleApplication@1a88fc6c
----------------- Done invoking toplevel() on ptolemy.moml.MoMLSimpleApplication@1a88fc6c
reloadAllAccessors: .Clock11

===========================================================================================
----------------- testing Sun Dec 08 06:18:36 UTC 2019 /home/travis/build/icyphy/ptII/ptolemy/actor/lib/test/auto/Clock12.xml
----------------- Instantiating /home/travis/build/icyphy/ptII/ptolemy/actor/lib/test/auto/Clock12.xml
8 ms. Memory: 284672K Free: 191873K (67%)
----------------- Invoking toplevel() on ptolemy.moml.MoMLSimpleApplication@24546860
----------------- Done invoking toplevel() on ptolemy.moml.MoMLSimpleApplication@24546860
reloadAllAccessors: .Clock12

===========================================================================================
----------------- testing Sun Dec 08 06:18:36 UTC 2019 /home/travis/build/icyphy/ptII/ptolemy/actor/lib/test/auto/Clock13.xml
----------------- Instantiating /home/travis/build/icyphy/ptII/ptolemy/actor/lib/test/auto/Clock13.xml
6 ms. Memory: 284672K Free: 186232K (65%)
----------------- Invoking toplevel() on ptolemy.moml.MoMLSimpleApplication@11d9be23
----------------- Done invoking toplevel() on ptolemy.moml.MoMLSimpleApplication@11d9be23
reloadAllAccessors: .Clock13

===========================================================================================
----------------- testing Sun Dec 08 06:18:36 UTC 2019 /home/travis/build/icyphy/ptII/ptolemy/actor/lib/test/auto/Clock14.xml
----------------- Instantiating /home/travis/build/icyphy/ptII/ptolemy/actor/lib/test/auto/Clock14.xml
5 ms. Memory: 284672K Free: 180088K (63%)
----------------- Invoking toplevel() on ptolemy.moml.MoMLSimpleApplication@31111d22
----------------- Done invoking toplevel() on ptolemy.moml.MoMLSimpleApplication@31111d22
reloadAllAccessors: .Clock14

===========================================================================================
----------------- testing Sun Dec 08 06:18:36 UTC 2019 /home/travis/build/icyphy/ptII/ptolemy/actor/lib/test/auto/Clock15.xml
----------------- Instantiating /home/travis/build/icyphy/ptII/ptolemy/actor/lib/test/auto/Clock15.xml
4 ms. Memory: 284672K Free: 174465K (61%)
----------------- Invoking toplevel() on ptolemy.moml.MoMLSimpleApplication@578ff9a3
----------------- Done invoking toplevel() on ptolemy.moml.MoMLSimpleApplication@578ff9a3
reloadAllAccessors: .Clock15

===========================================================================================
----------------- testing Sun Dec 08 06:18:36 UTC 2019 /home/travis/build/icyphy/ptII/ptolemy/actor/lib/test/auto/Clock16.xml
----------------- Instantiating /home/travis/build/icyphy/ptII/ptolemy/actor/lib/test/auto/Clock16.xml
26 ms. Memory: 284672K Free: 159600K (56%)
----------------- Invoking toplevel() on ptolemy.moml.MoMLSimpleApplication@759ffb61
----------------- Done invoking toplevel() on ptolemy.moml.MoMLSimpleApplication@759ffb61
reloadAllAccessors: .Clock16

===========================================================================================
----------------- testing Sun Dec 08 06:18:36 UTC 2019 /home/travis/build/icyphy/ptII/ptolemy/actor/lib/test/auto/Clock17.xml
----------------- Instantiating /home/travis/build/icyphy/ptII/ptolemy/actor/lib/test/auto/Clock17.xml
12 ms. Memory: 284672K Free: 145264K (51%)
----------------- Invoking toplevel() on ptolemy.moml.MoMLSimpleApplication@2c7d2798
----------------- Done invoking toplevel() on ptolemy.moml.MoMLSimpleApplication@2c7d2798
reloadAllAccessors: .Clock17

===========================================================================================
----------------- testing Sun Dec 08 06:18:36 UTC 2019 /home/travis/build/icyphy/ptII/ptolemy/actor/lib/test/auto/Clock18.xml
----------------- Instantiating /home/travis/build/icyphy/ptII/ptolemy/actor/lib/test/auto/Clock18.xml
13 ms. Memory: 284672K Free: 132481K (47%)
----------------- Invoking toplevel() on ptolemy.moml.MoMLSimpleApplication@1df65638
----------------- Done invoking toplevel() on ptolemy.moml.MoMLSimpleApplication@1df65638
reloadAllAccessors: .Clock18

===========================================================================================
----------------- testing Sun Dec 08 06:18:36 UTC 2019 /home/travis/build/icyphy/ptII/ptolemy/actor/lib/test/auto/Clock19.xml
----------------- Instantiating /home/travis/build/icyphy/ptII/ptolemy/actor/lib/test/auto/Clock19.xml
13 ms. Memory: 284672K Free: 119169K (42%)
----------------- Invoking toplevel() on ptolemy.moml.MoMLSimpleApplication@67fceb75
----------------- Done invoking toplevel() on ptolemy.moml.MoMLSimpleApplication@67fceb75
reloadAllAccessors: .Clock19

===========================================================================================
----------------- testing Sun Dec 08 06:18:36 UTC 2019 /home/travis/build/icyphy/ptII/ptolemy/actor/lib/test/auto/Clock2.xml
----------------- Instantiating /home/travis/build/icyphy/ptII/ptolemy/actor/lib/test/auto/Clock2.xml
3 ms. Memory: 284672K Free: 115073K (40%)
----------------- Invoking toplevel() on ptolemy.moml.MoMLSimpleApplication@6bda3c67
----------------- Done invoking toplevel() on ptolemy.moml.MoMLSimpleApplication@6bda3c67
reloadAllAccessors: .Clock2

===========================================================================================
----------------- testing Sun Dec 08 06:18:37 UTC 2019 /home/travis/build/icyphy/ptII/ptolemy/actor/lib/test/auto/Clock20.xml
----------------- Instantiating /home/travis/build/icyphy/ptII/ptolemy/actor/lib/test/auto/Clock20.xml
3 ms. Memory: 284672K Free: 109439K (38%)
----------------- Invoking toplevel() on ptolemy.moml.MoMLSimpleApplication@30fb6bc2
----------------- Done invoking toplevel() on ptolemy.moml.MoMLSimpleApplication@30fb6bc2
reloadAllAccessors: .Clock20

===========================================================================================
----------------- testing Sun Dec 08 06:18:37 UTC 2019 /home/travis/build/icyphy/ptII/ptolemy/actor/lib/test/auto/Clock21.xml
----------------- Instantiating /home/travis/build/icyphy/ptII/ptolemy/actor/lib/test/auto/Clock21.xml
2 ms. Memory: 284672K Free: 104319K (37%)
----------------- Invoking toplevel() on ptolemy.moml.MoMLSimpleApplication@7283ed69
----------------- Done invoking toplevel() on ptolemy.moml.MoMLSimpleApplication@7283ed69
reloadAllAccessors: .Clock21

===========================================================================================
----------------- testing Sun Dec 08 06:18:37 UTC 2019 /home/travis/build/icyphy/ptII/ptolemy/actor/lib/test/auto/Clock22.xml
----------------- Instantiating /home/travis/build/icyphy/ptII/ptolemy/actor/lib/test/auto/Clock22.xml
3 ms. Memory: 284672K Free: 98689K (35%)
----------------- Invoking toplevel() on ptolemy.moml.MoMLSimpleApplication@55edd319
----------------- Done invoking toplevel() on ptolemy.moml.MoMLSimpleApplication@55edd319
reloadAllAccessors: .Clock22

===========================================================================================
----------------- testing Sun Dec 08 06:18:37 UTC 2019 /home/travis/build/icyphy/ptII/ptolemy/actor/lib/test/auto/Clock23.xml
----------------- Instantiating /home/travis/build/icyphy/ptII/ptolemy/actor/lib/test/auto/Clock23.xml
6 ms. Memory: 284672K Free: 93055K (33%)
----------------- Invoking toplevel() on ptolemy.moml.MoMLSimpleApplication@619dda14
----------------- Done invoking toplevel() on ptolemy.moml.MoMLSimpleApplication@619dda14
reloadAllAccessors: .Clock23

===========================================================================================
----------------- testing Sun Dec 08 06:18:37 UTC 2019 /home/travis/build/icyphy/ptII/ptolemy/actor/lib/test/auto/Clock24.xml
----------------- Instantiating /home/travis/build/icyphy/ptII/ptolemy/actor/lib/test/auto/Clock24.xml
3 ms. Memory: 284672K Free: 87935K (31%)
----------------- Invoking toplevel() on ptolemy.moml.MoMLSimpleApplication@2a90ba54
----------------- Done invoking toplevel() on ptolemy.moml.MoMLSimpleApplication@2a90ba54
reloadAllAccessors: .Clock24

===========================================================================================
----------------- testing Sun Dec 08 06:18:37 UTC 2019 /home/travis/build/icyphy/ptII/ptolemy/actor/lib/test/auto/Clock4.xml
----------------- Instantiating /home/travis/build/icyphy/ptII/ptolemy/actor/lib/test/auto/Clock4.xml
1 ms. Memory: 284672K Free: 82784K (29%)
----------------- Invoking toplevel() on ptolemy.moml.MoMLSimpleApplication@31f48e82
----------------- Done invoking toplevel() on ptolemy.moml.MoMLSimpleApplication@31f48e82
reloadAllAccessors: .Clock4

===========================================================================================
----------------- testing Sun Dec 08 06:18:37 UTC 2019 /home/travis/build/icyphy/ptII/ptolemy/actor/lib/test/auto/Clock5.xml
----------------- Instantiating /home/travis/build/icyphy/ptII/ptolemy/actor/lib/test/auto/Clock5.xml
1 ms. Memory: 284672K Free: 77688K (27%)
----------------- Invoking toplevel() on ptolemy.moml.MoMLSimpleApplication@8a53da5
----------------- Done invoking toplevel() on ptolemy.moml.MoMLSimpleApplication@8a53da5
reloadAllAccessors: .Clock5

===========================================================================================
----------------- testing Sun Dec 08 06:18:37 UTC 2019 /home/travis/build/icyphy/ptII/ptolemy/actor/lib/test/auto/Clock6.xml
----------------- Instantiating /home/travis/build/icyphy/ptII/ptolemy/actor/lib/test/auto/Clock6.xml
2 ms. Memory: 458752K Free: 408961K (89%)
----------------- Invoking toplevel() on ptolemy.moml.MoMLSimpleApplication@6d511b3e
----------------- Done invoking toplevel() on ptolemy.moml.MoMLSimpleApplication@6d511b3e
reloadAllAccessors: .Clock6

===========================================================================================
----------------- testing Sun Dec 08 06:18:37 UTC 2019 /home/travis/build/icyphy/ptII/ptolemy/actor/lib/test/auto/Clock7.xml
----------------- Instantiating /home/travis/build/icyphy/ptII/ptolemy/actor/lib/test/auto/Clock7.xml
2 ms. Memory: 458752K Free: 404351K (88%)
----------------- Invoking toplevel() on ptolemy.moml.MoMLSimpleApplication@756615ea
----------------- Done invoking toplevel() on ptolemy.moml.MoMLSimpleApplication@756615ea
reloadAllAccessors: .Clock7

===========================================================================================
----------------- testing Sun Dec 08 06:18:37 UTC 2019 /home/travis/build/icyphy/ptII/ptolemy/actor/lib/test/auto/Clock8.xml
----------------- Instantiating /home/travis/build/icyphy/ptII/ptolemy/actor/lib/test/auto/Clock8.xml
2 ms. Memory: 458752K Free: 398721K (87%)
----------------- Invoking toplevel() on ptolemy.moml.MoMLSimpleApplication@1cc4fa0f
----------------- Done invoking toplevel() on ptolemy.moml.MoMLSimpleApplication@1cc4fa0f
reloadAllAccessors: .Clock8

===========================================================================================
----------------- testing Sun Dec 08 06:18:37 UTC 2019 /home/travis/build/icyphy/ptII/ptolemy/actor/lib/test/auto/Clock9.xml
----------------- Instantiating /home/travis/build/icyphy/ptII/ptolemy/actor/lib/test/auto/Clock9.xml
3 ms. Memory: 458752K Free: 393601K (86%)
----------------- Invoking toplevel() on ptolemy.moml.MoMLSimpleApplication@2f878a4d
----------------- Done invoking toplevel() on ptolemy.moml.MoMLSimpleApplication@2f878a4d
reloadAllAccessors: .Clock9

===========================================================================================
----------------- testing Sun Dec 08 06:18:37 UTC 2019 /home/travis/build/icyphy/ptII/ptolemy/actor/lib/test/auto/CommDistDiscard.xml
----------------- Instantiating /home/travis/build/icyphy/ptII/ptolemy/actor/lib/test/auto/CommDistDiscard.xml
4 ms. Memory: 458752K Free: 387967K (85%)
----------------- Invoking toplevel() on ptolemy.moml.MoMLSimpleApplication@407acc86
----------------- Done invoking toplevel() on ptolemy.moml.MoMLSimpleApplication@407acc86
reloadAllAccessors: .CommDistDiscard

===========================================================================================
----------------- testing Sun Dec 08 06:18:37 UTC 2019 /home/travis/build/icyphy/ptII/ptolemy/actor/lib/test/auto/Commutator.xml
----------------- Instantiating /home/travis/build/icyphy/ptII/ptolemy/actor/lib/test/auto/Commutator.xml
3 ms. Memory: 458752K Free: 383871K (84%)
----------------- Invoking toplevel() on ptolemy.moml.MoMLSimpleApplication@6c03c954
----------------- Done invoking toplevel() on ptolemy.moml.MoMLSimpleApplication@6c03c954
reloadAllAccessors: .Commutator

===========================================================================================
----------------- testing Sun Dec 08 06:18:37 UTC 2019 /home/travis/build/icyphy/ptII/ptolemy/actor/lib/test/auto/Commutator2.xml
----------------- Instantiating /home/travis/build/icyphy/ptII/ptolemy/actor/lib/test/auto/Commutator2.xml
2 ms. Memory: 458752K Free: 379265K (83%)
----------------- Invoking toplevel() on ptolemy.moml.MoMLSimpleApplication@54356170
----------------- Done invoking toplevel() on ptolemy.moml.MoMLSimpleApplication@54356170
reloadAllAccessors: .Commutator2

===========================================================================================
----------------- testing Sun Dec 08 06:18:37 UTC 2019 /home/travis/build/icyphy/ptII/ptolemy/actor/lib/test/auto/Commutator3.xml
----------------- Instantiating /home/travis/build/icyphy/ptII/ptolemy/actor/lib/test/auto/Commutator3.xml
3 ms. Memory: 458752K Free: 374655K (82%)
----------------- Invoking toplevel() on ptolemy.moml.MoMLSimpleApplication@6881652
----------------- Done invoking toplevel() on ptolemy.moml.MoMLSimpleApplication@6881652
reloadAllAccessors: .Commutator3

===========================================================================================
----------------- testing Sun Dec 08 06:18:37 UTC 2019 /home/travis/build/icyphy/ptII/ptolemy/actor/lib/test/auto/Compare.xml
----------------- Instantiating /home/travis/build/icyphy/ptII/ptolemy/actor/lib/test/auto/Compare.xml
2 ms. Memory: 458752K Free: 368511K (80%)
----------------- Invoking toplevel() on ptolemy.moml.MoMLSimpleApplication@104d34a4
----------------- Done invoking toplevel() on ptolemy.moml.MoMLSimpleApplication@104d34a4
reloadAllAccessors: .Compare

===========================================================================================
----------------- testing Sun Dec 08 06:18:37 UTC 2019 /home/travis/build/icyphy/ptII/ptolemy/actor/lib/test/auto/CompareDE.xml
----------------- Instantiating /home/travis/build/icyphy/ptII/ptolemy/actor/lib/test/auto/CompareDE.xml
4 ms. Memory: 458752K Free: 361328K (79%)
----------------- Invoking toplevel() on ptolemy.moml.MoMLSimpleApplication@7548c6d5
----------------- Done invoking toplevel() on ptolemy.moml.MoMLSimpleApplication@7548c6d5
reloadAllAccessors: .CompareDE

===========================================================================================
----------------- testing Sun Dec 08 06:18:37 UTC 2019 /home/travis/build/icyphy/ptII/ptolemy/actor/lib/test/auto/ComplexDivide.xml
----------------- Instantiating /home/travis/build/icyphy/ptII/ptolemy/actor/lib/test/auto/ComplexDivide.xml
3 ms. Memory: 458752K Free: 357247K (78%)
----------------- Invoking toplevel() on ptolemy.moml.MoMLSimpleApplication@70658ad8
----------------- Done invoking toplevel() on ptolemy.moml.MoMLSimpleApplication@70658ad8
reloadAllAccessors: .ComplexDivide

===========================================================================================
----------------- testing Sun Dec 08 06:18:37 UTC 2019 /home/travis/build/icyphy/ptII/ptolemy/actor/lib/test/auto/ComputeHistogram.xml
----------------- Instantiating /home/travis/build/icyphy/ptII/ptolemy/actor/lib/test/auto/ComputeHistogram.xml
31 ms. Memory: 458752K Free: 344959K (75%)
----------------- Invoking toplevel() on ptolemy.moml.MoMLSimpleApplication@43340d4b
----------------- Done invoking toplevel() on ptolemy.moml.MoMLSimpleApplication@43340d4b
reloadAllAccessors: .ComputeHistogram

===========================================================================================
----------------- testing Sun Dec 08 06:18:37 UTC 2019 /home/travis/build/icyphy/ptII/ptolemy/actor/lib/test/auto/ConfigurationSelect.xml
----------------- Instantiating /home/travis/build/icyphy/ptII/ptolemy/actor/lib/test/auto/ConfigurationSelect.xml
10 ms. Memory: 458752K Free: 339329K (74%)
----------------- Invoking toplevel() on ptolemy.moml.MoMLSimpleApplication@2cd26dd8
----------------- Done invoking toplevel() on ptolemy.moml.MoMLSimpleApplication@2cd26dd8
reloadAllAccessors: .ConfigurationSelect

===========================================================================================
----------------- testing Sun Dec 08 06:18:37 UTC 2019 /home/travis/build/icyphy/ptII/ptolemy/actor/lib/test/auto/ConfigurationSelect2.xml
----------------- Instantiating /home/travis/build/icyphy/ptII/ptolemy/actor/lib/test/auto/ConfigurationSelect2.xml
2 ms. Memory: 458752K Free: 335233K (73%)
----------------- Invoking toplevel() on ptolemy.moml.MoMLSimpleApplication@134b4c98
----------------- Done invoking toplevel() on ptolemy.moml.MoMLSimpleApplication@134b4c98
reloadAllAccessors: .ConfigurationSelect2

===========================================================================================
----------------- testing Sun Dec 08 06:18:37 UTC 2019 /home/travis/build/icyphy/ptII/ptolemy/actor/lib/test/auto/ConfigurationSwitch.xml
----------------- Instantiating /home/travis/build/icyphy/ptII/ptolemy/actor/lib/test/auto/ConfigurationSwitch.xml
2 ms. Memory: 458752K Free: 329599K (72%)
----------------- Invoking toplevel() on ptolemy.moml.MoMLSimpleApplication@37351a02
----------------- Done invoking toplevel() on ptolemy.moml.MoMLSimpleApplication@37351a02
reloadAllAccessors: .ConfigurationSwitch

===========================================================================================
----------------- testing Sun Dec 08 06:18:37 UTC 2019 /home/travis/build/icyphy/ptII/ptolemy/actor/lib/test/auto/ConfigurationSwitch2.xml
----------------- Instantiating /home/travis/build/icyphy/ptII/ptolemy/actor/lib/test/auto/ConfigurationSwitch2.xml
2 ms. Memory: 458752K Free: 323969K (71%)
----------------- Invoking toplevel() on ptolemy.moml.MoMLSimpleApplication@42fa2e30
----------------- Done invoking toplevel() on ptolemy.moml.MoMLSimpleApplication@42fa2e30
reloadAllAccessors: .ConfigurationSwitch2

===========================================================================================
----------------- testing Sun Dec 08 06:18:37 UTC 2019 /home/travis/build/icyphy/ptII/ptolemy/actor/lib/test/auto/ConfigurationSwitchCloningBugWithClassRelationGroup.xml
----------------- Instantiating /home/travis/build/icyphy/ptII/ptolemy/actor/lib/test/auto/ConfigurationSwitchCloningBugWithClassRelationGroup.xml
1 ms. Memory: 458752K Free: 317825K (69%)
----------------- Invoking toplevel() on ptolemy.moml.MoMLSimpleApplication@293445be
----------------- Done invoking toplevel() on ptolemy.moml.MoMLSimpleApplication@293445be
reloadAllAccessors: .ConfigurationSwitchCloningBugWithClassRelationGroup

===========================================================================================
----------------- testing Sun Dec 08 06:18:37 UTC 2019 /home/travis/build/icyphy/ptII/ptolemy/actor/lib/test/auto/ConfigurationSwitchSelectSDF.xml
----------------- Instantiating /home/travis/build/icyphy/ptII/ptolemy/actor/lib/test/auto/ConfigurationSwitchSelectSDF.xml
3 ms. Memory: 458752K Free: 312191K (68%)
----------------- Invoking toplevel() on ptolemy.moml.MoMLSimpleApplication@246abbe8
----------------- Done invoking toplevel() on ptolemy.moml.MoMLSimpleApplication@246abbe8
reloadAllAccessors: .ConfigurationSwitchSelectSDF

===========================================================================================
----------------- testing Sun Dec 08 06:18:37 UTC 2019 /home/travis/build/icyphy/ptII/ptolemy/actor/lib/test/auto/ConfigurationSwitchSelectSDF2.xml
----------------- Instantiating /home/travis/build/icyphy/ptII/ptolemy/actor/lib/test/auto/ConfigurationSwitchSelectSDF2.xml
2 ms. Memory: 458752K Free: 306047K (67%)
----------------- Invoking toplevel() on ptolemy.moml.MoMLSimpleApplication@2895225a
----------------- Done invoking toplevel() on ptolemy.moml.MoMLSimpleApplication@2895225a
reloadAllAccessors: .ConfigurationSwitchSelectSDF2

===========================================================================================
----------------- testing Sun Dec 08 06:18:37 UTC 2019 /home/travis/build/icyphy/ptII/ptolemy/actor/lib/test/auto/Const.xml
----------------- Instantiating /home/travis/build/icyphy/ptII/ptolemy/actor/lib/test/auto/Const.xml
1 ms. Memory: 458752K Free: 302975K (66%)
----------------- Invoking toplevel() on ptolemy.moml.MoMLSimpleApplication@5cd1a6f
----------------- Done invoking toplevel() on ptolemy.moml.MoMLSimpleApplication@5cd1a6f
reloadAllAccessors: .Const

===========================================================================================
----------------- testing Sun Dec 08 06:18:37 UTC 2019 /home/travis/build/icyphy/ptII/ptolemy/actor/lib/test/auto/Const2.xml
----------------- Instantiating /home/travis/build/icyphy/ptII/ptolemy/actor/lib/test/auto/Const2.xml
2 ms. Memory: 458752K Free: 298879K (65%)
----------------- Invoking toplevel() on ptolemy.moml.MoMLSimpleApplication@7f331b12
----------------- Done invoking toplevel() on ptolemy.moml.MoMLSimpleApplication@7f331b12
reloadAllAccessors: .Const2

===========================================================================================
----------------- testing Sun Dec 08 06:18:37 UTC 2019 /home/travis/build/icyphy/ptII/ptolemy/actor/lib/test/auto/Const3.xml
----------------- Instantiating /home/travis/build/icyphy/ptII/ptolemy/actor/lib/test/auto/Const3.xml
1 ms. Memory: 458752K Free: 296321K (65%)
----------------- Invoking toplevel() on ptolemy.moml.MoMLSimpleApplication@237f3e22
----------------- Done invoking toplevel() on ptolemy.moml.MoMLSimpleApplication@237f3e22
reloadAllAccessors: .Const3

===========================================================================================
----------------- testing Sun Dec 08 06:18:37 UTC 2019 /home/travis/build/icyphy/ptII/ptolemy/actor/lib/test/auto/ConstantPublisherPort1.xml
----------------- Instantiating /home/travis/build/icyphy/ptII/ptolemy/actor/lib/test/auto/ConstantPublisherPort1.xml
7 ms. Memory: 458752K Free: 287615K (63%)
----------------- Invoking toplevel() on ptolemy.moml.MoMLSimpleApplication@69974488
----------------- Done invoking toplevel() on ptolemy.moml.MoMLSimpleApplication@69974488
reloadAllAccessors: .ConstantPublisherPort1

===========================================================================================
----------------- testing Sun Dec 08 06:18:37 UTC 2019 /home/travis/build/icyphy/ptII/ptolemy/actor/lib/test/auto/ConstantPublisherPort2.xml
----------------- Instantiating /home/travis/build/icyphy/ptII/ptolemy/actor/lib/test/auto/ConstantPublisherPort2.xml
9 ms. Memory: 458752K Free: 279423K (61%)
----------------- Invoking toplevel() on ptolemy.moml.MoMLSimpleApplication@456eab15
----------------- Done invoking toplevel() on ptolemy.moml.MoMLSimpleApplication@456eab15
reloadAllAccessors: .ConstantPublisherPort2

===========================================================================================
----------------- testing Sun Dec 08 06:18:37 UTC 2019 /home/travis/build/icyphy/ptII/ptolemy/actor/lib/test/auto/ConstantPublisherPort3.xml
----------------- Instantiating /home/travis/build/icyphy/ptII/ptolemy/actor/lib/test/auto/ConstantPublisherPort3.xml
7 ms. Memory: 458752K Free: 272255K (59%)
----------------- Invoking toplevel() on ptolemy.moml.MoMLSimpleApplication@51b7a3f3
----------------- Done invoking toplevel() on ptolemy.moml.MoMLSimpleApplication@51b7a3f3
reloadAllAccessors: .ConstantPublisherPort3

===========================================================================================
----------------- testing Sun Dec 08 06:18:37 UTC 2019 /home/travis/build/icyphy/ptII/ptolemy/actor/lib/test/auto/ConstantPublisherPort4.xml
----------------- Instantiating /home/travis/build/icyphy/ptII/ptolemy/actor/lib/test/auto/ConstantPublisherPort4.xml
3 ms. Memory: 458752K Free: 265087K (58%)
----------------- Invoking toplevel() on ptolemy.moml.MoMLSimpleApplication@394dcd7
----------------- Done invoking toplevel() on ptolemy.moml.MoMLSimpleApplication@394dcd7
reloadAllAccessors: .ConstantPublisherPort4

===========================================================================================
----------------- testing Sun Dec 08 06:18:37 UTC 2019 /home/travis/build/icyphy/ptII/ptolemy/actor/lib/test/auto/ConstantPublisherPort5.xml
----------------- Instantiating /home/travis/build/icyphy/ptII/ptolemy/actor/lib/test/auto/ConstantPublisherPort5.xml
33 ms. Memory: 458752K Free: 255361K (56%)
----------------- Invoking toplevel() on ptolemy.moml.MoMLSimpleApplication@67d5d397
----------------- Done invoking toplevel() on ptolemy.moml.MoMLSimpleApplication@67d5d397
reloadAllAccessors: .ConstantPublisherPort5

===========================================================================================
----------------- testing Sun Dec 08 06:18:37 UTC 2019 /home/travis/build/icyphy/ptII/ptolemy/actor/lib/test/auto/ConstantPublisherPort6.xml
----------------- Instantiating /home/travis/build/icyphy/ptII/ptolemy/actor/lib/test/auto/ConstantPublisherPort6.xml
22 ms. Memory: 458752K Free: 246145K (54%)
----------------- Invoking toplevel() on ptolemy.moml.MoMLSimpleApplication@61d38f10
----------------- Done invoking toplevel() on ptolemy.moml.MoMLSimpleApplication@61d38f10
reloadAllAccessors: .ConstantPublisherPort6

===========================================================================================
----------------- testing Sun Dec 08 06:18:37 UTC 2019 /home/travis/build/icyphy/ptII/ptolemy/actor/lib/test/auto/ConstantPublisherPort7.xml
----------------- Instantiating /home/travis/build/icyphy/ptII/ptolemy/actor/lib/test/auto/ConstantPublisherPort7.xml
20 ms. Memory: 458752K Free: 236415K (52%)
----------------- Invoking toplevel() on ptolemy.moml.MoMLSimpleApplication@28c984d
----------------- Done invoking toplevel() on ptolemy.moml.MoMLSimpleApplication@28c984d
reloadAllAccessors: .ConstantPublisherPort7

===========================================================================================
----------------- testing Sun Dec 08 06:18:37 UTC 2019 /home/travis/build/icyphy/ptII/ptolemy/actor/lib/test/auto/ConstraintMonitor1.xml
----------------- Instantiating /home/travis/build/icyphy/ptII/ptolemy/actor/lib/test/auto/ConstraintMonitor1.xml
3 ms. Memory: 458752K Free: 231295K (50%)
----------------- Invoking toplevel() on ptolemy.moml.MoMLSimpleApplication@1173dbe6
----------------- Done invoking toplevel() on ptolemy.moml.MoMLSimpleApplication@1173dbe6
reloadAllAccessors: .ConstraintMonitor1

===========================================================================================
----------------- testing Sun Dec 08 06:18:38 UTC 2019 /home/travis/build/icyphy/ptII/ptolemy/actor/lib/test/auto/ConstraintMonitor2.xml
----------------- Instantiating /home/travis/build/icyphy/ptII/ptolemy/actor/lib/test/auto/ConstraintMonitor2.xml
1 ms. Memory: 458752K Free: 227199K (50%)
----------------- Invoking toplevel() on ptolemy.moml.MoMLSimpleApplication@240cf627
----------------- Done invoking toplevel() on ptolemy.moml.MoMLSimpleApplication@240cf627
reloadAllAccessors: .ConstraintMonitor2

===========================================================================================
----------------- testing Sun Dec 08 06:18:38 UTC 2019 /home/travis/build/icyphy/ptII/ptolemy/actor/lib/test/auto/ConstraintMonitor3.xml
----------------- Instantiating /home/travis/build/icyphy/ptII/ptolemy/actor/lib/test/auto/ConstraintMonitor3.xml
6 ms. Memory: 458752K Free: 222593K (49%)
----------------- Invoking toplevel() on ptolemy.moml.MoMLSimpleApplication@325a9951
----------------- Done invoking toplevel() on ptolemy.moml.MoMLSimpleApplication@325a9951
reloadAllAccessors: .ConstraintMonitor3

===========================================================================================
----------------- testing Sun Dec 08 06:18:38 UTC 2019 /home/travis/build/icyphy/ptII/ptolemy/actor/lib/test/auto/ConstraintMonitor4.xml
----------------- Instantiating /home/travis/build/icyphy/ptII/ptolemy/actor/lib/test/auto/ConstraintMonitor4.xml
5 ms. Memory: 458752K Free: 217473K (47%)
----------------- Invoking toplevel() on ptolemy.moml.MoMLSimpleApplication@293cd23b
----------------- Done invoking toplevel() on ptolemy.moml.MoMLSimpleApplication@293cd23b
reloadAllAccessors: .ConstraintMonitor4

===========================================================================================
----------------- testing Sun Dec 08 06:18:38 UTC 2019 /home/travis/build/icyphy/ptII/ptolemy/actor/lib/test/auto/ConstraintMonitor5.xml
----------------- Instantiating /home/travis/build/icyphy/ptII/ptolemy/actor/lib/test/auto/ConstraintMonitor5.xml
2 ms. Memory: 458752K Free: 212353K (46%)
----------------- Invoking toplevel() on ptolemy.moml.MoMLSimpleApplication@196ac43a
----------------- Done invoking toplevel() on ptolemy.moml.MoMLSimpleApplication@196ac43a
reloadAllAccessors: .ConstraintMonitor5

===========================================================================================
----------------- testing Sun Dec 08 06:18:38 UTC 2019 /home/travis/build/icyphy/ptII/ptolemy/actor/lib/test/auto/ConstraintMonitor6.xml
----------------- Instantiating /home/travis/build/icyphy/ptII/ptolemy/actor/lib/test/auto/ConstraintMonitor6.xml
4 ms. Memory: 458752K Free: 205688K (45%)
----------------- Invoking toplevel() on ptolemy.moml.MoMLSimpleApplication@13d0efc3
----------------- Done invoking toplevel() on ptolemy.moml.MoMLSimpleApplication@13d0efc3
reloadAllAccessors: .ConstraintMonitor6

===========================================================================================
----------------- testing Sun Dec 08 06:18:38 UTC 2019 /home/travis/build/icyphy/ptII/ptolemy/actor/lib/test/auto/ConstraintMonitor7.xml
----------------- Instantiating /home/travis/build/icyphy/ptII/ptolemy/actor/lib/test/auto/ConstraintMonitor7.xml
2 ms. Memory: 458752K Free: 199041K (43%)
----------------- Invoking toplevel() on ptolemy.moml.MoMLSimpleApplication@62fb0efa
----------------- Done invoking toplevel() on ptolemy.moml.MoMLSimpleApplication@62fb0efa
reloadAllAccessors: .ConstraintMonitor7

===========================================================================================
----------------- testing Sun Dec 08 06:18:38 UTC 2019 /home/travis/build/icyphy/ptII/ptolemy/actor/lib/test/auto/ConstraintMonitor8.xml
----------------- Instantiating /home/travis/build/icyphy/ptII/ptolemy/actor/lib/test/auto/ConstraintMonitor8.xml
5 ms. Memory: 458752K Free: 406399K (89%)
----------------- Invoking toplevel() on ptolemy.moml.MoMLSimpleApplication@1888bd81
----------------- Done invoking toplevel() on ptolemy.moml.MoMLSimpleApplication@1888bd81
reloadAllAccessors: .ConstraintMonitor8

===========================================================================================
----------------- testing Sun Dec 08 06:18:38 UTC 2019 /home/travis/build/icyphy/ptII/ptolemy/actor/lib/test/auto/Counter.xml
----------------- Instantiating /home/travis/build/icyphy/ptII/ptolemy/actor/lib/test/auto/Counter.xml
3 ms. Memory: 458752K Free: 401279K (87%)
----------------- Invoking toplevel() on ptolemy.moml.MoMLSimpleApplication@4db3b424
----------------- Done invoking toplevel() on ptolemy.moml.MoMLSimpleApplication@4db3b424
reloadAllAccessors: .Counter

===========================================================================================
----------------- testing Sun Dec 08 06:18:38 UTC 2019 /home/travis/build/icyphy/ptII/ptolemy/actor/lib/test/auto/CurrentTimeSDF.xml
----------------- Instantiating /home/travis/build/icyphy/ptII/ptolemy/actor/lib/test/auto/CurrentTimeSDF.xml
1 ms. Memory: 458752K Free: 397183K (87%)
----------------- Invoking toplevel() on ptolemy.moml.MoMLSimpleApplication@5d794c02
----------------- Done invoking toplevel() on ptolemy.moml.MoMLSimpleApplication@5d794c02
reloadAllAccessors: .CurrentTimeSDF

===========================================================================================
----------------- testing Sun Dec 08 06:18:38 UTC 2019 /home/travis/build/icyphy/ptII/ptolemy/actor/lib/test/auto/DB.xml
----------------- Instantiating /home/travis/build/icyphy/ptII/ptolemy/actor/lib/test/auto/DB.xml
2 ms. Memory: 458752K Free: 392063K (85%)
----------------- Invoking toplevel() on ptolemy.moml.MoMLSimpleApplication@7a64a050
----------------- Done invoking toplevel() on ptolemy.moml.MoMLSimpleApplication@7a64a050
reloadAllAccessors: .DB

===========================================================================================
----------------- testing Sun Dec 08 06:18:38 UTC 2019 /home/travis/build/icyphy/ptII/ptolemy/actor/lib/test/auto/DBDE.xml
----------------- Instantiating /home/travis/build/icyphy/ptII/ptolemy/actor/lib/test/auto/DBDE.xml
3 ms. Memory: 458752K Free: 386433K (84%)
----------------- Invoking toplevel() on ptolemy.moml.MoMLSimpleApplication@5dcd03bc
----------------- Done invoking toplevel() on ptolemy.moml.MoMLSimpleApplication@5dcd03bc
reloadAllAccessors: .DBDE

===========================================================================================
----------------- testing Sun Dec 08 06:18:38 UTC 2019 /home/travis/build/icyphy/ptII/ptolemy/actor/lib/test/auto/DateConstructor.xml
----------------- Instantiating /home/travis/build/icyphy/ptII/ptolemy/actor/lib/test/auto/DateConstructor.xml
34 ms. Memory: 458752K Free: 369025K (80%)
----------------- Invoking toplevel() on ptolemy.moml.MoMLSimpleApplication@76e463ec
----------------- Done invoking toplevel() on ptolemy.moml.MoMLSimpleApplication@76e463ec
reloadAllAccessors: .DateConstructor

===========================================================================================
----------------- testing Sun Dec 08 06:18:38 UTC 2019 /home/travis/build/icyphy/ptII/ptolemy/actor/lib/test/auto/DelayTime.xml
----------------- Instantiating /home/travis/build/icyphy/ptII/ptolemy/actor/lib/test/auto/DelayTime.xml
6 ms. Memory: 458752K Free: 363905K (79%)
----------------- Invoking toplevel() on ptolemy.moml.MoMLSimpleApplication@7b73859
----------------- Done invoking toplevel() on ptolemy.moml.MoMLSimpleApplication@7b73859
reloadAllAccessors: .DelayTime

===========================================================================================
----------------- testing Sun Dec 08 06:18:38 UTC 2019 /home/travis/build/icyphy/ptII/ptolemy/actor/lib/test/auto/Dictionary1.xml
----------------- Instantiating /home/travis/build/icyphy/ptII/ptolemy/actor/lib/test/auto/Dictionary1.xml
1 ms. Memory: 458752K Free: 358785K (78%)
----------------- Invoking toplevel() on ptolemy.moml.MoMLSimpleApplication@47a8b314
----------------- Done invoking toplevel() on ptolemy.moml.MoMLSimpleApplication@47a8b314
reloadAllAccessors: .Dictionary1

===========================================================================================
----------------- testing Sun Dec 08 06:18:38 UTC 2019 /home/travis/build/icyphy/ptII/ptolemy/actor/lib/test/auto/Dictionary2.xml
----------------- Instantiating /home/travis/build/icyphy/ptII/ptolemy/actor/lib/test/auto/Dictionary2.xml
3 ms. Memory: 458752K Free: 353151K (77%)
----------------- Invoking toplevel() on ptolemy.moml.MoMLSimpleApplication@21522324
----------------- Done invoking toplevel() on ptolemy.moml.MoMLSimpleApplication@21522324
reloadAllAccessors: .Dictionary2

===========================================================================================
----------------- testing Sun Dec 08 06:18:38 UTC 2019 /home/travis/build/icyphy/ptII/ptolemy/actor/lib/test/auto/Dictionary3.xml
----------------- Instantiating /home/travis/build/icyphy/ptII/ptolemy/actor/lib/test/auto/Dictionary3.xml
2 ms. Memory: 458752K Free: 347521K (76%)
----------------- Invoking toplevel() on ptolemy.moml.MoMLSimpleApplication@4fd99091
----------------- Done invoking toplevel() on ptolemy.moml.MoMLSimpleApplication@4fd99091
reloadAllAccessors: .Dictionary3

===========================================================================================
----------------- testing Sun Dec 08 06:18:38 UTC 2019 /home/travis/build/icyphy/ptII/ptolemy/actor/lib/test/auto/Dictionary4.xml
----------------- Instantiating /home/travis/build/icyphy/ptII/ptolemy/actor/lib/test/auto/Dictionary4.xml
5 ms. Memory: 458752K Free: 340856K (74%)
----------------- Invoking toplevel() on ptolemy.moml.MoMLSimpleApplication@3e00b889
----------------- Done invoking toplevel() on ptolemy.moml.MoMLSimpleApplication@3e00b889
reloadAllAccessors: .Dictionary4

===========================================================================================
----------------- testing Sun Dec 08 06:18:38 UTC 2019 /home/travis/build/icyphy/ptII/ptolemy/actor/lib/test/auto/Differential.xml
----------------- Instantiating /home/travis/build/icyphy/ptII/ptolemy/actor/lib/test/auto/Differential.xml
3 ms. Memory: 458752K Free: 336257K (73%)
----------------- Invoking toplevel() on ptolemy.moml.MoMLSimpleApplication@631734ff
----------------- Done invoking toplevel() on ptolemy.moml.MoMLSimpleApplication@631734ff
reloadAllAccessors: .Differential

===========================================================================================
----------------- testing Sun Dec 08 06:18:38 UTC 2019 /home/travis/build/icyphy/ptII/ptolemy/actor/lib/test/auto/Director.xml
----------------- Instantiating /home/travis/build/icyphy/ptII/ptolemy/actor/lib/test/auto/Director.xml
2 ms. Memory: 458752K Free: 332671K (73%)
----------------- Invoking toplevel() on ptolemy.moml.MoMLSimpleApplication@11b8bf31
----------------- Done invoking toplevel() on ptolemy.moml.MoMLSimpleApplication@11b8bf31
reloadAllAccessors: .Director

===========================================================================================
----------------- testing Sun Dec 08 06:18:38 UTC 2019 /home/travis/build/icyphy/ptII/ptolemy/actor/lib/test/auto/DiscreteClock.xml
----------------- Instantiating /home/travis/build/icyphy/ptII/ptolemy/actor/lib/test/auto/DiscreteClock.xml
2 ms. Memory: 458752K Free: 329089K (72%)
----------------- Invoking toplevel() on ptolemy.moml.MoMLSimpleApplication@5e3ba50b
----------------- Done invoking toplevel() on ptolemy.moml.MoMLSimpleApplication@5e3ba50b
reloadAllAccessors: .DiscreteClock

===========================================================================================
----------------- testing Sun Dec 08 06:18:38 UTC 2019 /home/travis/build/icyphy/ptII/ptolemy/actor/lib/test/auto/DiscreteClock10.xml
----------------- Instantiating /home/travis/build/icyphy/ptII/ptolemy/actor/lib/test/auto/DiscreteClock10.xml
4 ms. Memory: 458752K Free: 322945K (70%)
----------------- Invoking toplevel() on ptolemy.moml.MoMLSimpleApplication@2fb460e4
----------------- Done invoking toplevel() on ptolemy.moml.MoMLSimpleApplication@2fb460e4
reloadAllAccessors: .DiscreteClock10

===========================================================================================
----------------- testing Sun Dec 08 06:18:38 UTC 2019 /home/travis/build/icyphy/ptII/ptolemy/actor/lib/test/auto/DiscreteClock11.xml
----------------- Instantiating /home/travis/build/icyphy/ptII/ptolemy/actor/lib/test/auto/DiscreteClock11.xml
2 ms. Memory: 458752K Free: 316801K (69%)
----------------- Invoking toplevel() on ptolemy.moml.MoMLSimpleApplication@359198ba
----------------- Done invoking toplevel() on ptolemy.moml.MoMLSimpleApplication@359198ba
reloadAllAccessors: .DiscreteClock11

===========================================================================================
----------------- testing Sun Dec 08 06:18:38 UTC 2019 /home/travis/build/icyphy/ptII/ptolemy/actor/lib/test/auto/DiscreteClock12.xml
----------------- Instantiating /home/travis/build/icyphy/ptII/ptolemy/actor/lib/test/auto/DiscreteClock12.xml
2 ms. Memory: 458752K Free: 311167K (68%)
----------------- Invoking toplevel() on ptolemy.moml.MoMLSimpleApplication@1885309
----------------- Done invoking toplevel() on ptolemy.moml.MoMLSimpleApplication@1885309
reloadAllAccessors: .DiscreteClock12

===========================================================================================
----------------- testing Sun Dec 08 06:18:38 UTC 2019 /home/travis/build/icyphy/ptII/ptolemy/actor/lib/test/auto/DiscreteClock13.xml
----------------- Instantiating /home/travis/build/icyphy/ptII/ptolemy/actor/lib/test/auto/DiscreteClock13.xml
3 ms. Memory: 458752K Free: 305016K (66%)
----------------- Invoking toplevel() on ptolemy.moml.MoMLSimpleApplication@109cf9b5
----------------- Done invoking toplevel() on ptolemy.moml.MoMLSimpleApplication@109cf9b5
reloadAllAccessors: .DiscreteClock13

===========================================================================================
----------------- testing Sun Dec 08 06:18:38 UTC 2019 /home/travis/build/icyphy/ptII/ptolemy/actor/lib/test/auto/DiscreteClock14.xml
----------------- Instantiating /home/travis/build/icyphy/ptII/ptolemy/actor/lib/test/auto/DiscreteClock14.xml
6 ms. Memory: 458752K Free: 298848K (65%)
----------------- Invoking toplevel() on ptolemy.moml.MoMLSimpleApplication@6ced868c
----------------- Done invoking toplevel() on ptolemy.moml.MoMLSimpleApplication@6ced868c
reloadAllAccessors: .DiscreteClock14

===========================================================================================
----------------- testing Sun Dec 08 06:18:38 UTC 2019 /home/travis/build/icyphy/ptII/ptolemy/actor/lib/test/auto/DiscreteClock15.xml
----------------- Instantiating /home/travis/build/icyphy/ptII/ptolemy/actor/lib/test/auto/DiscreteClock15.xml
5 ms. Memory: 458752K Free: 292728K (64%)
----------------- Invoking toplevel() on ptolemy.moml.MoMLSimpleApplication@73036e87
----------------- Done invoking toplevel() on ptolemy.moml.MoMLSimpleApplication@73036e87
reloadAllAccessors: .DiscreteClock15

===========================================================================================
----------------- testing Sun Dec 08 06:18:38 UTC 2019 /home/travis/build/icyphy/ptII/ptolemy/actor/lib/test/auto/DiscreteClock16.xml
----------------- Instantiating /home/travis/build/icyphy/ptII/ptolemy/actor/lib/test/auto/DiscreteClock16.xml
12 ms. Memory: 458752K Free: 279423K (61%)
----------------- Invoking toplevel() on ptolemy.moml.MoMLSimpleApplication@22d0f16
----------------- Done invoking toplevel() on ptolemy.moml.MoMLSimpleApplication@22d0f16
reloadAllAccessors: .DiscreteClock16

===========================================================================================
----------------- testing Sun Dec 08 06:18:38 UTC 2019 /home/travis/build/icyphy/ptII/ptolemy/actor/lib/test/auto/DiscreteClock17.xml
----------------- Instantiating /home/travis/build/icyphy/ptII/ptolemy/actor/lib/test/auto/DiscreteClock17.xml
15 ms. Memory: 458752K Free: 264577K (58%)
----------------- Invoking toplevel() on ptolemy.moml.MoMLSimpleApplication@4aedd9e5
----------------- Done invoking toplevel() on ptolemy.moml.MoMLSimpleApplication@4aedd9e5
reloadAllAccessors: .DiscreteClock17

===========================================================================================
----------------- testing Sun Dec 08 06:18:38 UTC 2019 /home/travis/build/icyphy/ptII/ptolemy/actor/lib/test/auto/DiscreteClock18.xml
----------------- Instantiating /home/travis/build/icyphy/ptII/ptolemy/actor/lib/test/auto/DiscreteClock18.xml
10 ms. Memory: 458752K Free: 250751K (55%)
----------------- Invoking toplevel() on ptolemy.moml.MoMLSimpleApplication@7b1a2667
----------------- Done invoking toplevel() on ptolemy.moml.MoMLSimpleApplication@7b1a2667
reloadAllAccessors: .DiscreteClock18

===========================================================================================
----------------- testing Sun Dec 08 06:18:38 UTC 2019 /home/travis/build/icyphy/ptII/ptolemy/actor/lib/test/auto/DiscreteClock19.xml
----------------- Instantiating /home/travis/build/icyphy/ptII/ptolemy/actor/lib/test/auto/DiscreteClock19.xml
10 ms. Memory: 458752K Free: 237408K (52%)
----------------- Invoking toplevel() on ptolemy.moml.MoMLSimpleApplication@1b4fb297
----------------- Done invoking toplevel() on ptolemy.moml.MoMLSimpleApplication@1b4fb297
reloadAllAccessors: .DiscreteClock19

===========================================================================================
----------------- testing Sun Dec 08 06:18:38 UTC 2019 /home/travis/build/icyphy/ptII/ptolemy/actor/lib/test/auto/DiscreteClock2.xml
----------------- Instantiating /home/travis/build/icyphy/ptII/ptolemy/actor/lib/test/auto/DiscreteClock2.xml
2 ms. Memory: 458752K Free: 232288K (51%)
----------------- Invoking toplevel() on ptolemy.moml.MoMLSimpleApplication@1a1d5d87
----------------- Done invoking toplevel() on ptolemy.moml.MoMLSimpleApplication@1a1d5d87
reloadAllAccessors: .DiscreteClock2

===========================================================================================
----------------- testing Sun Dec 08 06:18:38 UTC 2019 /home/travis/build/icyphy/ptII/ptolemy/actor/lib/test/auto/DiscreteClock20.xml
----------------- Instantiating /home/travis/build/icyphy/ptII/ptolemy/actor/lib/test/auto/DiscreteClock20.xml
2 ms. Memory: 458752K Free: 226689K (49%)
----------------- Invoking toplevel() on ptolemy.moml.MoMLSimpleApplication@66fdcba6
----------------- Done invoking toplevel() on ptolemy.moml.MoMLSimpleApplication@66fdcba6
reloadAllAccessors: .DiscreteClock20

===========================================================================================
----------------- testing Sun Dec 08 06:18:38 UTC 2019 /home/travis/build/icyphy/ptII/ptolemy/actor/lib/test/auto/DiscreteClock21.xml
----------------- Instantiating /home/travis/build/icyphy/ptII/ptolemy/actor/lib/test/auto/DiscreteClock21.xml
3 ms. Memory: 458752K Free: 221055K (48%)
----------------- Invoking toplevel() on ptolemy.moml.MoMLSimpleApplication@7e9c6770
----------------- Done invoking toplevel() on ptolemy.moml.MoMLSimpleApplication@7e9c6770
reloadAllAccessors: .DiscreteClock21

===========================================================================================
----------------- testing Sun Dec 08 06:18:38 UTC 2019 /home/travis/build/icyphy/ptII/ptolemy/actor/lib/test/auto/DiscreteClock22.xml
----------------- Instantiating /home/travis/build/icyphy/ptII/ptolemy/actor/lib/test/auto/DiscreteClock22.xml
3 ms. Memory: 458752K Free: 215935K (47%)
----------------- Invoking toplevel() on ptolemy.moml.MoMLSimpleApplication@319efdb7
----------------- Done invoking toplevel() on ptolemy.moml.MoMLSimpleApplication@319efdb7
reloadAllAccessors: .DiscreteClock22

===========================================================================================
----------------- testing Sun Dec 08 06:18:38 UTC 2019 /home/travis/build/icyphy/ptII/ptolemy/actor/lib/test/auto/DiscreteClock23.xml
----------------- Instantiating /home/travis/build/icyphy/ptII/ptolemy/actor/lib/test/auto/DiscreteClock23.xml
4 ms. Memory: 458752K Free: 210305K (46%)
----------------- Invoking toplevel() on ptolemy.moml.MoMLSimpleApplication@669de3fd
----------------- Done invoking toplevel() on ptolemy.moml.MoMLSimpleApplication@669de3fd
reloadAllAccessors: .DiscreteClock23

===========================================================================================
----------------- testing Sun Dec 08 06:18:38 UTC 2019 /home/travis/build/icyphy/ptII/ptolemy/actor/lib/test/auto/DiscreteClock24.xml
----------------- Instantiating /home/travis/build/icyphy/ptII/ptolemy/actor/lib/test/auto/DiscreteClock24.xml
4 ms. Memory: 458752K Free: 204671K (45%)
----------------- Invoking toplevel() on ptolemy.moml.MoMLSimpleApplication@10745542
----------------- Done invoking toplevel() on ptolemy.moml.MoMLSimpleApplication@10745542
reloadAllAccessors: .DiscreteClock24

===========================================================================================
----------------- testing Sun Dec 08 06:18:38 UTC 2019 /home/travis/build/icyphy/ptII/ptolemy/actor/lib/test/auto/DiscreteClock4.xml
----------------- Instantiating /home/travis/build/icyphy/ptII/ptolemy/actor/lib/test/auto/DiscreteClock4.xml
2 ms. Memory: 458752K Free: 199551K (43%)
----------------- Invoking toplevel() on ptolemy.moml.MoMLSimpleApplication@78928672
----------------- Done invoking toplevel() on ptolemy.moml.MoMLSimpleApplication@78928672
reloadAllAccessors: .DiscreteClock4

===========================================================================================
----------------- testing Sun Dec 08 06:18:38 UTC 2019 /home/travis/build/icyphy/ptII/ptolemy/actor/lib/test/auto/DiscreteClock5.xml
----------------- Instantiating /home/travis/build/icyphy/ptII/ptolemy/actor/lib/test/auto/DiscreteClock5.xml
2 ms. Memory: 458752K Free: 193921K (42%)
----------------- Invoking toplevel() on ptolemy.moml.MoMLSimpleApplication@eb986de
----------------- Done invoking toplevel() on ptolemy.moml.MoMLSimpleApplication@eb986de
reloadAllAccessors: .DiscreteClock5

===========================================================================================
----------------- testing Sun Dec 08 06:18:38 UTC 2019 /home/travis/build/icyphy/ptII/ptolemy/actor/lib/test/auto/DiscreteClock6.xml
----------------- Instantiating /home/travis/build/icyphy/ptII/ptolemy/actor/lib/test/auto/DiscreteClock6.xml
1 ms. Memory: 458752K Free: 189825K (41%)
----------------- Invoking toplevel() on ptolemy.moml.MoMLSimpleApplication@2bf327a4
----------------- Done invoking toplevel() on ptolemy.moml.MoMLSimpleApplication@2bf327a4
reloadAllAccessors: .DiscreteClock6

===========================================================================================
----------------- testing Sun Dec 08 06:18:38 UTC 2019 /home/travis/build/icyphy/ptII/ptolemy/actor/lib/test/auto/DiscreteClock7.xml
----------------- Instantiating /home/travis/build/icyphy/ptII/ptolemy/actor/lib/test/auto/DiscreteClock7.xml
2 ms. Memory: 458752K Free: 185215K (40%)
----------------- Invoking toplevel() on ptolemy.moml.MoMLSimpleApplication@d429e71
----------------- Done invoking toplevel() on ptolemy.moml.MoMLSimpleApplication@d429e71
reloadAllAccessors: .DiscreteClock7

===========================================================================================
----------------- testing Sun Dec 08 06:18:38 UTC 2019 /home/travis/build/icyphy/ptII/ptolemy/actor/lib/test/auto/DiscreteClock8.xml
----------------- Instantiating /home/travis/build/icyphy/ptII/ptolemy/actor/lib/test/auto/DiscreteClock8.xml
4 ms. Memory: 458752K Free: 180064K (39%)
----------------- Invoking toplevel() on ptolemy.moml.MoMLSimpleApplication@86a6d97
----------------- Done invoking toplevel() on ptolemy.moml.MoMLSimpleApplication@86a6d97
reloadAllAccessors: .DiscreteClock8

===========================================================================================
----------------- testing Sun Dec 08 06:18:38 UTC 2019 /home/travis/build/icyphy/ptII/ptolemy/actor/lib/test/auto/DiscreteClock9.xml
----------------- Instantiating /home/travis/build/icyphy/ptII/ptolemy/actor/lib/test/auto/DiscreteClock9.xml
3 ms. Memory: 458752K Free: 173920K (38%)
----------------- Invoking toplevel() on ptolemy.moml.MoMLSimpleApplication@52466358
----------------- Done invoking toplevel() on ptolemy.moml.MoMLSimpleApplication@52466358
reloadAllAccessors: .DiscreteClock9

===========================================================================================
----------------- testing Sun Dec 08 06:18:38 UTC 2019 /home/travis/build/icyphy/ptII/ptolemy/actor/lib/test/auto/DisplayArray.xml
----------------- Instantiating /home/travis/build/icyphy/ptII/ptolemy/actor/lib/test/auto/DisplayArray.xml
1 ms. Memory: 458752K Free: 170369K (37%)
----------------- Invoking toplevel() on ptolemy.moml.MoMLSimpleApplication@4db39199
----------------- Done invoking toplevel() on ptolemy.moml.MoMLSimpleApplication@4db39199
reloadAllAccessors: .DisplayArray

===========================================================================================
----------------- testing Sun Dec 08 06:18:39 UTC 2019 /home/travis/build/icyphy/ptII/ptolemy/actor/lib/test/auto/Distributor.xml
----------------- Instantiating /home/travis/build/icyphy/ptII/ptolemy/actor/lib/test/auto/Distributor.xml
2 ms. Memory: 458752K Free: 165249K (36%)
----------------- Invoking toplevel() on ptolemy.moml.MoMLSimpleApplication@4677f119
----------------- Done invoking toplevel() on ptolemy.moml.MoMLSimpleApplication@4677f119
reloadAllAccessors: .Distributor

===========================================================================================
----------------- testing Sun Dec 08 06:18:39 UTC 2019 /home/travis/build/icyphy/ptII/ptolemy/actor/lib/test/auto/Distributor2.xml
----------------- Instantiating /home/travis/build/icyphy/ptII/ptolemy/actor/lib/test/auto/Distributor2.xml
2 ms. Memory: 458752K Free: 160639K (35%)
----------------- Invoking toplevel() on ptolemy.moml.MoMLSimpleApplication@59b38cd5
----------------- Done invoking toplevel() on ptolemy.moml.MoMLSimpleApplication@59b38cd5
reloadAllAccessors: .Distributor2

===========================================================================================
----------------- testing Sun Dec 08 06:18:39 UTC 2019 /home/travis/build/icyphy/ptII/ptolemy/actor/lib/test/auto/DownSample.xml
----------------- Instantiating /home/travis/build/icyphy/ptII/ptolemy/actor/lib/test/auto/DownSample.xml
1 ms. Memory: 458752K Free: 156033K (34%)
----------------- Invoking toplevel() on ptolemy.moml.MoMLSimpleApplication@43b4b623
----------------- Done invoking toplevel() on ptolemy.moml.MoMLSimpleApplication@43b4b623
reloadAllAccessors: .DownSample

===========================================================================================
----------------- testing Sun Dec 08 06:18:39 UTC 2019 /home/travis/build/icyphy/ptII/ptolemy/actor/lib/test/auto/ElectronicUnitBase1.xml
----------------- Instantiating /home/travis/build/icyphy/ptII/ptolemy/actor/lib/test/auto/ElectronicUnitBase1.xml
15 ms. Memory: 458752K Free: 395649K (86%)
----------------- Invoking toplevel() on ptolemy.moml.MoMLSimpleApplication@29d2934d
----------------- Done invoking toplevel() on ptolemy.moml.MoMLSimpleApplication@29d2934d
reloadAllAccessors: .ElectronicUnitBase1

===========================================================================================
----------------- testing Sun Dec 08 06:18:39 UTC 2019 /home/travis/build/icyphy/ptII/ptolemy/actor/lib/test/auto/ElementsToArray.xml
----------------- Instantiating /home/travis/build/icyphy/ptII/ptolemy/actor/lib/test/auto/ElementsToArray.xml
2 ms. Memory: 458752K Free: 390529K (85%)
----------------- Invoking toplevel() on ptolemy.moml.MoMLSimpleApplication@2c7d5fe9
----------------- Done invoking toplevel() on ptolemy.moml.MoMLSimpleApplication@2c7d5fe9
reloadAllAccessors: .ElementsToArray

===========================================================================================
----------------- testing Sun Dec 08 06:18:39 UTC 2019 /home/travis/build/icyphy/ptII/ptolemy/actor/lib/test/auto/Equals.xml
----------------- Instantiating /home/travis/build/icyphy/ptII/ptolemy/actor/lib/test/auto/Equals.xml
3 ms. Memory: 458752K Free: 386433K (84%)
----------------- Invoking toplevel() on ptolemy.moml.MoMLSimpleApplication@15963f3
----------------- Done invoking toplevel() on ptolemy.moml.MoMLSimpleApplication@15963f3
reloadAllAccessors: .Equals

===========================================================================================
----------------- testing Sun Dec 08 06:18:39 UTC 2019 /home/travis/build/icyphy/ptII/ptolemy/actor/lib/test/auto/Exec.xml
----------------- Instantiating /home/travis/build/icyphy/ptII/ptolemy/actor/lib/test/auto/Exec.xml
17 ms. Memory: 458752K Free: 380799K (83%)
----------------- Invoking toplevel() on ptolemy.moml.MoMLSimpleApplication@104ad33c
----------------- Done invoking toplevel() on ptolemy.moml.MoMLSimpleApplication@104ad33c
reloadAllAccessors: .Exec

===========================================================================================
----------------- testing Sun Dec 08 06:18:39 UTC 2019 /home/travis/build/icyphy/ptII/ptolemy/actor/lib/test/auto/ExecEnvironment.xml
----------------- Instantiating /home/travis/build/icyphy/ptII/ptolemy/actor/lib/test/auto/ExecEnvironment.xml
29 ms. Memory: 458752K Free: 375167K (82%)
----------------- Invoking toplevel() on ptolemy.moml.MoMLSimpleApplication@37f59cc
----------------- Done invoking toplevel() on ptolemy.moml.MoMLSimpleApplication@37f59cc
reloadAllAccessors: .ExecEnvironment

===========================================================================================
----------------- testing Sun Dec 08 06:18:39 UTC 2019 /home/travis/build/icyphy/ptII/ptolemy/actor/lib/test/auto/ExecNonZeroReturnOutput.xml
----------------- Instantiating /home/travis/build/icyphy/ptII/ptolemy/actor/lib/test/auto/ExecNonZeroReturnOutput.xml
160 ms. Memory: 458752K Free: 363905K (79%)
----------------- Invoking toplevel() on ptolemy.moml.MoMLSimpleApplication@761e8c92
----------------- Done invoking toplevel() on ptolemy.moml.MoMLSimpleApplication@761e8c92
reloadAllAccessors: .ExecNonZeroReturnOutput

===========================================================================================
----------------- testing Sun Dec 08 06:18:39 UTC 2019 /home/travis/build/icyphy/ptII/ptolemy/actor/lib/test/auto/ExecRunDemos.xml
----------------- Instantiating /home/travis/build/icyphy/ptII/ptolemy/actor/lib/test/auto/ExecRunDemos.xml
Finished: 88 ms. Memory: 129024K Free: 113487K (88%)

Finished: 69 ms. Memory: 129024K Free: 110810K (86%)

Finished: 117 ms. Memory: 129024K Free: 110499K (86%)

Finished: 87 ms. Memory: 129024K Free: 112077K (87%)

Finished: 66 ms. Memory: 129024K Free: 113001K (88%)

10373 ms. Memory: 458752K Free: 343423K (75%)
----------------- Invoking toplevel() on ptolemy.moml.MoMLSimpleApplication@4f157211
----------------- Done invoking toplevel() on ptolemy.moml.MoMLSimpleApplication@4f157211
reloadAllAccessors: .ExecRunDemos

===========================================================================================
----------------- testing Sun Dec 08 06:18:49 UTC 2019 /home/travis/build/icyphy/ptII/ptolemy/actor/lib/test/auto/ExecStop.xml
----------------- Instantiating /home/travis/build/icyphy/ptII/ptolemy/actor/lib/test/auto/ExecStop.xml
5016 ms. Memory: 458752K Free: 213377K (47%)
----------------- Invoking toplevel() on ptolemy.moml.MoMLSimpleApplication@52bfa48d
----------------- Done invoking toplevel() on ptolemy.moml.MoMLSimpleApplication@52bfa48d
reloadAllAccessors: .ExecStop

===========================================================================================
----------------- testing Sun Dec 08 06:18:54 UTC 2019 /home/travis/build/icyphy/ptII/ptolemy/actor/lib/test/auto/ExecutionTimeSDF.xml
----------------- Instantiating /home/travis/build/icyphy/ptII/ptolemy/actor/lib/test/auto/ExecutionTimeSDF.xml
Fired ExecutionTime: -651767296
Fired ExecutionTime: 1339600000
Fired ExecutionTime: 1360400000
6011 ms. Memory: 458752K Free: 201089K (44%)
----------------- Invoking toplevel() on ptolemy.moml.MoMLSimpleApplication@5c76b8b9
----------------- Done invoking toplevel() on ptolemy.moml.MoMLSimpleApplication@5c76b8b9
reloadAllAccessors: .ExecutionTimeSDF

===========================================================================================
----------------- testing Sun Dec 08 06:19:00 UTC 2019 /home/travis/build/icyphy/ptII/ptolemy/actor/lib/test/auto/Expression1.xml
----------------- Instantiating /home/travis/build/icyphy/ptII/ptolemy/actor/lib/test/auto/Expression1.xml
2 ms. Memory: 458752K Free: 198017K (43%)
----------------- Invoking toplevel() on ptolemy.moml.MoMLSimpleApplication@604aeb68
----------------- Done invoking toplevel() on ptolemy.moml.MoMLSimpleApplication@604aeb68
reloadAllAccessors: .Expression1

===========================================================================================
----------------- testing Sun Dec 08 06:19:00 UTC 2019 /home/travis/build/icyphy/ptII/ptolemy/actor/lib/test/auto/Expression10.xml
----------------- Instantiating /home/travis/build/icyphy/ptII/ptolemy/actor/lib/test/auto/Expression10.xml
4 ms. Memory: 458752K Free: 192383K (42%)
----------------- Invoking toplevel() on ptolemy.moml.MoMLSimpleApplication@7f81376f
----------------- Done invoking toplevel() on ptolemy.moml.MoMLSimpleApplication@7f81376f
reloadAllAccessors: .Expression10

===========================================================================================
----------------- testing Sun Dec 08 06:19:00 UTC 2019 /home/travis/build/icyphy/ptII/ptolemy/actor/lib/test/auto/Expression11.xml
----------------- Instantiating /home/travis/build/icyphy/ptII/ptolemy/actor/lib/test/auto/Expression11.xml
1 ms. Memory: 458752K Free: 187263K (41%)
----------------- Invoking toplevel() on ptolemy.moml.MoMLSimpleApplication@275c776
----------------- Done invoking toplevel() on ptolemy.moml.MoMLSimpleApplication@275c776
reloadAllAccessors: .Expression11

===========================================================================================
----------------- testing Sun Dec 08 06:19:00 UTC 2019 /home/travis/build/icyphy/ptII/ptolemy/actor/lib/test/auto/Expression12.xml
----------------- Instantiating /home/travis/build/icyphy/ptII/ptolemy/actor/lib/test/auto/Expression12.xml
2 ms. Memory: 458752K Free: 182143K (40%)
----------------- Invoking toplevel() on ptolemy.moml.MoMLSimpleApplication@1fcd0a13
----------------- Done invoking toplevel() on ptolemy.moml.MoMLSimpleApplication@1fcd0a13
reloadAllAccessors: .Expression12

===========================================================================================
----------------- testing Sun Dec 08 06:19:00 UTC 2019 /home/travis/build/icyphy/ptII/ptolemy/actor/lib/test/auto/Expression13.xml
----------------- Instantiating /home/travis/build/icyphy/ptII/ptolemy/actor/lib/test/auto/Expression13.xml
4 ms. Memory: 458752K Free: 177023K (39%)
----------------- Invoking toplevel() on ptolemy.moml.MoMLSimpleApplication@423f0e05
----------------- Done invoking toplevel() on ptolemy.moml.MoMLSimpleApplication@423f0e05
reloadAllAccessors: .Expression13

===========================================================================================
----------------- testing Sun Dec 08 06:19:01 UTC 2019 /home/travis/build/icyphy/ptII/ptolemy/actor/lib/test/auto/Expression14.xml
----------------- Instantiating /home/travis/build/icyphy/ptII/ptolemy/actor/lib/test/auto/Expression14.xml
7 ms. Memory: 458752K Free: 171393K (37%)
----------------- Invoking toplevel() on ptolemy.moml.MoMLSimpleApplication@35211379
----------------- Done invoking toplevel() on ptolemy.moml.MoMLSimpleApplication@35211379
reloadAllAccessors: .Expression14

===========================================================================================
----------------- testing Sun Dec 08 06:19:01 UTC 2019 /home/travis/build/icyphy/ptII/ptolemy/actor/lib/test/auto/Expression15.xml
----------------- Instantiating /home/travis/build/icyphy/ptII/ptolemy/actor/lib/test/auto/Expression15.xml
2 ms. Memory: 458752K Free: 167297K (36%)
----------------- Invoking toplevel() on ptolemy.moml.MoMLSimpleApplication@33283248
----------------- Done invoking toplevel() on ptolemy.moml.MoMLSimpleApplication@33283248
reloadAllAccessors: .Expression15

===========================================================================================
----------------- testing Sun Dec 08 06:19:01 UTC 2019 /home/travis/build/icyphy/ptII/ptolemy/actor/lib/test/auto/Expression16.xml
----------------- Instantiating /home/travis/build/icyphy/ptII/ptolemy/actor/lib/test/auto/Expression16.xml
4 ms. Memory: 458752K Free: 162687K (35%)
----------------- Invoking toplevel() on ptolemy.moml.MoMLSimpleApplication@4d95d6c7
----------------- Done invoking toplevel() on ptolemy.moml.MoMLSimpleApplication@4d95d6c7
reloadAllAccessors: .Expression16

===========================================================================================
----------------- testing Sun Dec 08 06:19:01 UTC 2019 /home/travis/build/icyphy/ptII/ptolemy/actor/lib/test/auto/Expression17.xml
----------------- Instantiating /home/travis/build/icyphy/ptII/ptolemy/actor/lib/test/auto/Expression17.xml
2 ms. Memory: 458752K Free: 157567K (34%)
----------------- Invoking toplevel() on ptolemy.moml.MoMLSimpleApplication@6392dfdd
----------------- Done invoking toplevel() on ptolemy.moml.MoMLSimpleApplication@6392dfdd
reloadAllAccessors: .Expression17

===========================================================================================
----------------- testing Sun Dec 08 06:19:01 UTC 2019 /home/travis/build/icyphy/ptII/ptolemy/actor/lib/test/auto/Expression18.xml
----------------- Instantiating /home/travis/build/icyphy/ptII/ptolemy/actor/lib/test/auto/Expression18.xml
2 ms. Memory: 458752K Free: 152447K (33%)
----------------- Invoking toplevel() on ptolemy.moml.MoMLSimpleApplication@239910b9
----------------- Done invoking toplevel() on ptolemy.moml.MoMLSimpleApplication@239910b9
reloadAllAccessors: .Expression18

===========================================================================================
----------------- testing Sun Dec 08 06:19:01 UTC 2019 /home/travis/build/icyphy/ptII/ptolemy/actor/lib/test/auto/Expression2.xml
----------------- Instantiating /home/travis/build/icyphy/ptII/ptolemy/actor/lib/test/auto/Expression2.xml
3 ms. Memory: 458752K Free: 147327K (32%)
----------------- Invoking toplevel() on ptolemy.moml.MoMLSimpleApplication@2accbf36
----------------- Done invoking toplevel() on ptolemy.moml.MoMLSimpleApplication@2accbf36
reloadAllAccessors: .Expression2

===========================================================================================
----------------- testing Sun Dec 08 06:19:01 UTC 2019 /home/travis/build/icyphy/ptII/ptolemy/actor/lib/test/auto/Expression3.xml
----------------- Instantiating /home/travis/build/icyphy/ptII/ptolemy/actor/lib/test/auto/Expression3.xml
2 ms. Memory: 458752K Free: 407423K (89%)
----------------- Invoking toplevel() on ptolemy.moml.MoMLSimpleApplication@78c45a0a
----------------- Done invoking toplevel() on ptolemy.moml.MoMLSimpleApplication@78c45a0a
reloadAllAccessors: .Expression3

===========================================================================================
----------------- testing Sun Dec 08 06:19:01 UTC 2019 /home/travis/build/icyphy/ptII/ptolemy/actor/lib/test/auto/Expression4.xml
----------------- Instantiating /home/travis/build/icyphy/ptII/ptolemy/actor/lib/test/auto/Expression4.xml
5 ms. Memory: 458752K Free: 399745K (87%)
----------------- Invoking toplevel() on ptolemy.moml.MoMLSimpleApplication@29be833c
----------------- Done invoking toplevel() on ptolemy.moml.MoMLSimpleApplication@29be833c
reloadAllAccessors: .Expression4

===========================================================================================
----------------- testing Sun Dec 08 06:19:01 UTC 2019 /home/travis/build/icyphy/ptII/ptolemy/actor/lib/test/auto/Expression5.xml
----------------- Instantiating /home/travis/build/icyphy/ptII/ptolemy/actor/lib/test/auto/Expression5.xml
3 ms. Memory: 458752K Free: 394625K (86%)
----------------- Invoking toplevel() on ptolemy.moml.MoMLSimpleApplication@4c3b03c3
----------------- Done invoking toplevel() on ptolemy.moml.MoMLSimpleApplication@4c3b03c3
reloadAllAccessors: .Expression5

===========================================================================================
----------------- testing Sun Dec 08 06:19:01 UTC 2019 /home/travis/build/icyphy/ptII/ptolemy/actor/lib/test/auto/Expression6.xml
----------------- Instantiating /home/travis/build/icyphy/ptII/ptolemy/actor/lib/test/auto/Expression6.xml
1 ms. Memory: 458752K Free: 390529K (85%)
----------------- Invoking toplevel() on ptolemy.moml.MoMLSimpleApplication@5d2daf21
----------------- Done invoking toplevel() on ptolemy.moml.MoMLSimpleApplication@5d2daf21
reloadAllAccessors: .Expression6

===========================================================================================
----------------- testing Sun Dec 08 06:19:01 UTC 2019 /home/travis/build/icyphy/ptII/ptolemy/actor/lib/test/auto/Expression7.xml
----------------- Instantiating /home/travis/build/icyphy/ptII/ptolemy/actor/lib/test/auto/Expression7.xml
3 ms. Memory: 458752K Free: 385409K (84%)
----------------- Invoking toplevel() on ptolemy.moml.MoMLSimpleApplication@6fdf666
----------------- Done invoking toplevel() on ptolemy.moml.MoMLSimpleApplication@6fdf666
reloadAllAccessors: .Expression7

===========================================================================================
----------------- testing Sun Dec 08 06:19:01 UTC 2019 /home/travis/build/icyphy/ptII/ptolemy/actor/lib/test/auto/Expression8.xml
----------------- Instantiating /home/travis/build/icyphy/ptII/ptolemy/actor/lib/test/auto/Expression8.xml
8 ms. Memory: 458752K Free: 380799K (83%)
----------------- Invoking toplevel() on ptolemy.moml.MoMLSimpleApplication@6df5009f
----------------- Done invoking toplevel() on ptolemy.moml.MoMLSimpleApplication@6df5009f
reloadAllAccessors: .Expression8

===========================================================================================
----------------- testing Sun Dec 08 06:19:01 UTC 2019 /home/travis/build/icyphy/ptII/ptolemy/actor/lib/test/auto/Expression9.xml
----------------- Instantiating /home/travis/build/icyphy/ptII/ptolemy/actor/lib/test/auto/Expression9.xml
1 ms. Memory: 458752K Free: 376703K (82%)
----------------- Invoking toplevel() on ptolemy.moml.MoMLSimpleApplication@34d26f91
----------------- Done invoking toplevel() on ptolemy.moml.MoMLSimpleApplication@34d26f91
reloadAllAccessors: .Expression9

===========================================================================================
----------------- testing Sun Dec 08 06:19:01 UTC 2019 /home/travis/build/icyphy/ptII/ptolemy/actor/lib/test/auto/ExpressionConcatenateArrayType.xml
----------------- Instantiating /home/travis/build/icyphy/ptII/ptolemy/actor/lib/test/auto/ExpressionConcatenateArrayType.xml
5 ms. Memory: 458752K Free: 370049K (81%)
----------------- Invoking toplevel() on ptolemy.moml.MoMLSimpleApplication@70f35158
----------------- Done invoking toplevel() on ptolemy.moml.MoMLSimpleApplication@70f35158
reloadAllAccessors: .ExpressionConcatenateArrayType

===========================================================================================
----------------- testing Sun Dec 08 06:19:01 UTC 2019 /home/travis/build/icyphy/ptII/ptolemy/actor/lib/test/auto/ExpressionConcatenateArrayType2.xml
----------------- Instantiating /home/travis/build/icyphy/ptII/ptolemy/actor/lib/test/auto/ExpressionConcatenateArrayType2.xml
3 ms. Memory: 458752K Free: 364929K (80%)
----------------- Invoking toplevel() on ptolemy.moml.MoMLSimpleApplication@75113b26
----------------- Done invoking toplevel() on ptolemy.moml.MoMLSimpleApplication@75113b26
reloadAllAccessors: .ExpressionConcatenateArrayType2

===========================================================================================
----------------- testing Sun Dec 08 06:19:01 UTC 2019 /home/travis/build/icyphy/ptII/ptolemy/actor/lib/test/auto/ExpressionFix.xml
----------------- Instantiating /home/travis/build/icyphy/ptII/ptolemy/actor/lib/test/auto/ExpressionFix.xml
23 ms. Memory: 458752K Free: 358271K (78%)
----------------- Invoking toplevel() on ptolemy.moml.MoMLSimpleApplication@37ed7d97
----------------- Done invoking toplevel() on ptolemy.moml.MoMLSimpleApplication@37ed7d97
reloadAllAccessors: .ExpressionFix

===========================================================================================
----------------- testing Sun Dec 08 06:19:01 UTC 2019 /home/travis/build/icyphy/ptII/ptolemy/actor/lib/test/auto/ExpressionFix2.xml
----------------- Instantiating /home/travis/build/icyphy/ptII/ptolemy/actor/lib/test/auto/ExpressionFix2.xml
4 ms. Memory: 458752K Free: 354689K (77%)
----------------- Invoking toplevel() on ptolemy.moml.MoMLSimpleApplication@40a2d444
----------------- Done invoking toplevel() on ptolemy.moml.MoMLSimpleApplication@40a2d444
reloadAllAccessors: .ExpressionFix2

===========================================================================================
----------------- testing Sun Dec 08 06:19:01 UTC 2019 /home/travis/build/icyphy/ptII/ptolemy/actor/lib/test/auto/ExpressionFix3.xml
----------------- Instantiating /home/travis/build/icyphy/ptII/ptolemy/actor/lib/test/auto/ExpressionFix3.xml
2 ms. Memory: 458752K Free: 350079K (76%)
----------------- Invoking toplevel() on ptolemy.moml.MoMLSimpleApplication@1fcbbd00
----------------- Done invoking toplevel() on ptolemy.moml.MoMLSimpleApplication@1fcbbd00
reloadAllAccessors: .ExpressionFix3

===========================================================================================
----------------- testing Sun Dec 08 06:19:01 UTC 2019 /home/travis/build/icyphy/ptII/ptolemy/actor/lib/test/auto/FileWriter1.xml
----------------- Instantiating /home/travis/build/icyphy/ptII/ptolemy/actor/lib/test/auto/FileWriter1.xml
2 ms. Memory: 458752K Free: 345983K (75%)
----------------- Invoking toplevel() on ptolemy.moml.MoMLSimpleApplication@3c6cb6f
----------------- Done invoking toplevel() on ptolemy.moml.MoMLSimpleApplication@3c6cb6f
reloadAllAccessors: .FileWriter1

===========================================================================================
----------------- testing Sun Dec 08 06:19:01 UTC 2019 /home/travis/build/icyphy/ptII/ptolemy/actor/lib/test/auto/FileWriter2.xml
----------------- Instantiating /home/travis/build/icyphy/ptII/ptolemy/actor/lib/test/auto/FileWriter2.xml
2 ms. Memory: 458752K Free: 341887K (75%)
----------------- Invoking toplevel() on ptolemy.moml.MoMLSimpleApplication@56b30a75
----------------- Done invoking toplevel() on ptolemy.moml.MoMLSimpleApplication@56b30a75
reloadAllAccessors: .FileWriter2

===========================================================================================
----------------- testing Sun Dec 08 06:19:01 UTC 2019 /home/travis/build/icyphy/ptII/ptolemy/actor/lib/test/auto/FileWriter3.xml
----------------- Instantiating /home/travis/build/icyphy/ptII/ptolemy/actor/lib/test/auto/FileWriter3.xml
2 ms. Memory: 458752K Free: 337791K (74%)
----------------- Invoking toplevel() on ptolemy.moml.MoMLSimpleApplication@46ed8e36
----------------- Done invoking toplevel() on ptolemy.moml.MoMLSimpleApplication@46ed8e36
reloadAllAccessors: .FileWriter3

===========================================================================================
----------------- testing Sun Dec 08 06:19:01 UTC 2019 /home/travis/build/icyphy/ptII/ptolemy/actor/lib/test/auto/Gaussian.xml
----------------- Instantiating /home/travis/build/icyphy/ptII/ptolemy/actor/lib/test/auto/Gaussian.xml
3 ms. Memory: 458752K Free: 333185K (73%)
----------------- Invoking toplevel() on ptolemy.moml.MoMLSimpleApplication@578b865c
----------------- Done invoking toplevel() on ptolemy.moml.MoMLSimpleApplication@578b865c
reloadAllAccessors: .Gaussian

===========================================================================================
----------------- testing Sun Dec 08 06:19:01 UTC 2019 /home/travis/build/icyphy/ptII/ptolemy/actor/lib/test/auto/Gaussian1.xml
----------------- Instantiating /home/travis/build/icyphy/ptII/ptolemy/actor/lib/test/auto/Gaussian1.xml
10 ms. Memory: 458752K Free: 328065K (72%)
----------------- Invoking toplevel() on ptolemy.moml.MoMLSimpleApplication@70e3f88d
----------------- Done invoking toplevel() on ptolemy.moml.MoMLSimpleApplication@70e3f88d
reloadAllAccessors: .Gaussian1

===========================================================================================
----------------- testing Sun Dec 08 06:19:01 UTC 2019 /home/travis/build/icyphy/ptII/ptolemy/actor/lib/test/auto/Gaussian2.xml
----------------- Instantiating /home/travis/build/icyphy/ptII/ptolemy/actor/lib/test/auto/Gaussian2.xml
1 ms. Memory: 458752K Free: 322416K (70%)
----------------- Invoking toplevel() on ptolemy.moml.MoMLSimpleApplication@477a1e5c
----------------- Done invoking toplevel() on ptolemy.moml.MoMLSimpleApplication@477a1e5c
reloadAllAccessors: .Gaussian2

===========================================================================================
----------------- testing Sun Dec 08 06:19:01 UTC 2019 /home/travis/build/icyphy/ptII/ptolemy/actor/lib/test/auto/GradientAdaptiveLattice.xml
----------------- Instantiating /home/travis/build/icyphy/ptII/ptolemy/actor/lib/test/auto/GradientAdaptiveLattice.xml
2 ms. Memory: 458752K Free: 317825K (69%)
----------------- Invoking toplevel() on ptolemy.moml.MoMLSimpleApplication@50b6becd
----------------- Done invoking toplevel() on ptolemy.moml.MoMLSimpleApplication@50b6becd
reloadAllAccessors: .GradientAdaptiveLattice

===========================================================================================
----------------- testing Sun Dec 08 06:19:01 UTC 2019 /home/travis/build/icyphy/ptII/ptolemy/actor/lib/test/auto/IIR.xml
----------------- Instantiating /home/travis/build/icyphy/ptII/ptolemy/actor/lib/test/auto/IIR.xml
1 ms. Memory: 458752K Free: 313215K (68%)
----------------- Invoking toplevel() on ptolemy.moml.MoMLSimpleApplication@2a783d98
----------------- Done invoking toplevel() on ptolemy.moml.MoMLSimpleApplication@2a783d98
reloadAllAccessors: .IIR

===========================================================================================
----------------- testing Sun Dec 08 06:19:01 UTC 2019 /home/travis/build/icyphy/ptII/ptolemy/actor/lib/test/auto/InputOutputTransparentPorts.xml
----------------- Instantiating /home/travis/build/icyphy/ptII/ptolemy/actor/lib/test/auto/InputOutputTransparentPorts.xml
2 ms. Memory: 458752K Free: 306047K (67%)
----------------- Invoking toplevel() on ptolemy.moml.MoMLSimpleApplication@648e425a
----------------- Done invoking toplevel() on ptolemy.moml.MoMLSimpleApplication@648e425a
reloadAllAccessors: .InputOutputTransparentPorts

===========================================================================================
----------------- testing Sun Dec 08 06:19:01 UTC 2019 /home/travis/build/icyphy/ptII/ptolemy/actor/lib/test/auto/Interpolator.xml
----------------- Instantiating /home/travis/build/icyphy/ptII/ptolemy/actor/lib/test/auto/Interpolator.xml
3 ms. Memory: 458752K Free: 301951K (66%)
----------------- Invoking toplevel() on ptolemy.moml.MoMLSimpleApplication@55c74881
----------------- Done invoking toplevel() on ptolemy.moml.MoMLSimpleApplication@55c74881
reloadAllAccessors: .Interpolator

===========================================================================================
----------------- testing Sun Dec 08 06:19:01 UTC 2019 /home/travis/build/icyphy/ptII/ptolemy/actor/lib/test/auto/InterpolatorFiringLimitDE.xml
----------------- Instantiating /home/travis/build/icyphy/ptII/ptolemy/actor/lib/test/auto/InterpolatorFiringLimitDE.xml
1 ms. Memory: 458752K Free: 295807K (64%)
----------------- Invoking toplevel() on ptolemy.moml.MoMLSimpleApplication@4689cca0
----------------- Done invoking toplevel() on ptolemy.moml.MoMLSimpleApplication@4689cca0
reloadAllAccessors: .InterpolatorFiringLimitDE

===========================================================================================
----------------- testing Sun Dec 08 06:19:01 UTC 2019 /home/travis/build/icyphy/ptII/ptolemy/actor/lib/test/auto/Lattice.xml
----------------- Instantiating /home/travis/build/icyphy/ptII/ptolemy/actor/lib/test/auto/Lattice.xml
0 ms. Memory: 458752K Free: 291711K (64%)
----------------- Invoking toplevel() on ptolemy.moml.MoMLSimpleApplication@16da1326
----------------- Done invoking toplevel() on ptolemy.moml.MoMLSimpleApplication@16da1326
reloadAllAccessors: .Lattice

===========================================================================================
----------------- testing Sun Dec 08 06:19:01 UTC 2019 /home/travis/build/icyphy/ptII/ptolemy/actor/lib/test/auto/LazyAOCTestLazy.xml
----------------- Instantiating /home/travis/build/icyphy/ptII/ptolemy/actor/lib/test/auto/LazyAOCTestLazy.xml
10 ms. Memory: 458752K Free: 286081K (62%)
----------------- Invoking toplevel() on ptolemy.moml.MoMLSimpleApplication@29a7931c
----------------- Done invoking toplevel() on ptolemy.moml.MoMLSimpleApplication@29a7931c
reloadAllAccessors: .LazyAOCTestLazy

===========================================================================================
----------------- testing Sun Dec 08 06:19:01 UTC 2019 /home/travis/build/icyphy/ptII/ptolemy/actor/lib/test/auto/LazyAOCTestNonLazy.xml
----------------- Instantiating /home/travis/build/icyphy/ptII/ptolemy/actor/lib/test/auto/LazyAOCTestNonLazy.xml
2 ms. Memory: 458752K Free: 279423K (61%)
----------------- Invoking toplevel() on ptolemy.moml.MoMLSimpleApplication@71f059cf
----------------- Done invoking toplevel() on ptolemy.moml.MoMLSimpleApplication@71f059cf
reloadAllAccessors: .LazyAOCTestNonLazy

===========================================================================================
----------------- testing Sun Dec 08 06:19:01 UTC 2019 /home/travis/build/icyphy/ptII/ptolemy/actor/lib/test/auto/LazyInnerClass.xml
----------------- Instantiating /home/travis/build/icyphy/ptII/ptolemy/actor/lib/test/auto/LazyInnerClass.xml
19 ms. Memory: 458752K Free: 270721K (59%)
----------------- Invoking toplevel() on ptolemy.moml.MoMLSimpleApplication@6a8e0e13
----------------- Done invoking toplevel() on ptolemy.moml.MoMLSimpleApplication@6a8e0e13
reloadAllAccessors: .LazyInnerClass

===========================================================================================
----------------- testing Sun Dec 08 06:19:01 UTC 2019 /home/travis/build/icyphy/ptII/ptolemy/actor/lib/test/auto/LazyPubSub.xml
----------------- Instantiating /home/travis/build/icyphy/ptII/ptolemy/actor/lib/test/auto/LazyPubSub.xml
11 ms. Memory: 458752K Free: 260991K (57%)
----------------- Invoking toplevel() on ptolemy.moml.MoMLSimpleApplication@1293641
----------------- Done invoking toplevel() on ptolemy.moml.MoMLSimpleApplication@1293641
reloadAllAccessors: .LazyPubSub

===========================================================================================
----------------- testing Sun Dec 08 06:19:01 UTC 2019 /home/travis/build/icyphy/ptII/ptolemy/actor/lib/test/auto/LazyPubSub2.xml
----------------- Instantiating /home/travis/build/icyphy/ptII/ptolemy/actor/lib/test/auto/LazyPubSub2.xml
15 ms. Memory: 458752K Free: 250751K (55%)
----------------- Invoking toplevel() on ptolemy.moml.MoMLSimpleApplication@cba94e4
----------------- Done invoking toplevel() on ptolemy.moml.MoMLSimpleApplication@cba94e4
reloadAllAccessors: .LazyPubSub2

===========================================================================================
----------------- testing Sun Dec 08 06:19:01 UTC 2019 /home/travis/build/icyphy/ptII/ptolemy/actor/lib/test/auto/LazyPubSub3.xml
----------------- Instantiating /home/travis/build/icyphy/ptII/ptolemy/actor/lib/test/auto/LazyPubSub3.xml
12 ms. Memory: 458752K Free: 240511K (52%)
----------------- Invoking toplevel() on ptolemy.moml.MoMLSimpleApplication@30a56c23
----------------- Done invoking toplevel() on ptolemy.moml.MoMLSimpleApplication@30a56c23
reloadAllAccessors: .LazyPubSub3

===========================================================================================
----------------- testing Sun Dec 08 06:19:01 UTC 2019 /home/travis/build/icyphy/ptII/ptolemy/actor/lib/test/auto/LazySubClassModel.xml
----------------- Instantiating /home/travis/build/icyphy/ptII/ptolemy/actor/lib/test/auto/LazySubClassModel.xml
2 ms. Memory: 458752K Free: 231809K (51%)
----------------- Invoking toplevel() on ptolemy.moml.MoMLSimpleApplication@74ea7cf5
----------------- Done invoking toplevel() on ptolemy.moml.MoMLSimpleApplication@74ea7cf5
reloadAllAccessors: .LazySubClassModel

===========================================================================================
----------------- testing Sun Dec 08 06:19:01 UTC 2019 /home/travis/build/icyphy/ptII/ptolemy/actor/lib/test/auto/LevelCrossTest1.xml
----------------- Instantiating /home/travis/build/icyphy/ptII/ptolemy/actor/lib/test/auto/LevelCrossTest1.xml
1 ms. Memory: 458752K Free: 226689K (49%)
----------------- Invoking toplevel() on ptolemy.moml.MoMLSimpleApplication@64578028
----------------- Done invoking toplevel() on ptolemy.moml.MoMLSimpleApplication@64578028
reloadAllAccessors: .broken

===========================================================================================
----------------- testing Sun Dec 08 06:19:01 UTC 2019 /home/travis/build/icyphy/ptII/ptolemy/actor/lib/test/auto/LevelCrossTest10.xml
----------------- Instantiating /home/travis/build/icyphy/ptII/ptolemy/actor/lib/test/auto/LevelCrossTest10.xml
1 ms. Memory: 458752K Free: 219007K (48%)
----------------- Invoking toplevel() on ptolemy.moml.MoMLSimpleApplication@19bb20e7
----------------- Done invoking toplevel() on ptolemy.moml.MoMLSimpleApplication@19bb20e7
reloadAllAccessors: .LevelCrossTest10

===========================================================================================
----------------- testing Sun Dec 08 06:19:01 UTC 2019 /home/travis/build/icyphy/ptII/ptolemy/actor/lib/test/auto/LevelCrossTest11.xml
----------------- Instantiating /home/travis/build/icyphy/ptII/ptolemy/actor/lib/test/auto/LevelCrossTest11.xml
1 ms. Memory: 458752K Free: 212353K (46%)
----------------- Invoking toplevel() on ptolemy.moml.MoMLSimpleApplication@20a75fff
----------------- Done invoking toplevel() on ptolemy.moml.MoMLSimpleApplication@20a75fff
reloadAllAccessors: .LevelCrossTest11

===========================================================================================
----------------- testing Sun Dec 08 06:19:01 UTC 2019 /home/travis/build/icyphy/ptII/ptolemy/actor/lib/test/auto/LevelCrossTest12.xml
----------------- Instantiating /home/travis/build/icyphy/ptII/ptolemy/actor/lib/test/auto/LevelCrossTest12.xml
1 ms. Memory: 458752K Free: 204671K (45%)
----------------- Invoking toplevel() on ptolemy.moml.MoMLSimpleApplication@59c0ecac
----------------- Done invoking toplevel() on ptolemy.moml.MoMLSimpleApplication@59c0ecac
reloadAllAccessors: .LevelCrossTest12

===========================================================================================
----------------- testing Sun Dec 08 06:19:01 UTC 2019 /home/travis/build/icyphy/ptII/ptolemy/actor/lib/test/auto/LevelCrossTest13.xml
----------------- Instantiating /home/travis/build/icyphy/ptII/ptolemy/actor/lib/test/auto/LevelCrossTest13.xml
1 ms. Memory: 458752K Free: 197503K (43%)
----------------- Invoking toplevel() on ptolemy.moml.MoMLSimpleApplication@376f38ad
----------------- Done invoking toplevel() on ptolemy.moml.MoMLSimpleApplication@376f38ad
reloadAllAccessors: .LevelCrossTest13

===========================================================================================
----------------- testing Sun Dec 08 06:19:01 UTC 2019 /home/travis/build/icyphy/ptII/ptolemy/actor/lib/test/auto/LevelCrossTest2.xml
----------------- Instantiating /home/travis/build/icyphy/ptII/ptolemy/actor/lib/test/auto/LevelCrossTest2.xml
1 ms. Memory: 458752K Free: 192383K (42%)
----------------- Invoking toplevel() on ptolemy.moml.MoMLSimpleApplication@6c40ece7
----------------- Done invoking toplevel() on ptolemy.moml.MoMLSimpleApplication@6c40ece7
reloadAllAccessors: .broken

===========================================================================================
----------------- testing Sun Dec 08 06:19:01 UTC 2019 /home/travis/build/icyphy/ptII/ptolemy/actor/lib/test/auto/LevelCrossTest3.xml
----------------- Instantiating /home/travis/build/icyphy/ptII/ptolemy/actor/lib/test/auto/LevelCrossTest3.xml
1 ms. Memory: 458752K Free: 185729K (40%)
----------------- Invoking toplevel() on ptolemy.moml.MoMLSimpleApplication@199920ec
----------------- Done invoking toplevel() on ptolemy.moml.MoMLSimpleApplication@199920ec
reloadAllAccessors: .LevelCrossTest3

===========================================================================================
----------------- testing Sun Dec 08 06:19:01 UTC 2019 /home/travis/build/icyphy/ptII/ptolemy/actor/lib/test/auto/LevelCrossTest4.xml
----------------- Instantiating /home/travis/build/icyphy/ptII/ptolemy/actor/lib/test/auto/LevelCrossTest4.xml
1 ms. Memory: 458752K Free: 180095K (39%)
----------------- Invoking toplevel() on ptolemy.moml.MoMLSimpleApplication@69aa87a7
----------------- Done invoking toplevel() on ptolemy.moml.MoMLSimpleApplication@69aa87a7
reloadAllAccessors: .broken

===========================================================================================
----------------- testing Sun Dec 08 06:19:02 UTC 2019 /home/travis/build/icyphy/ptII/ptolemy/actor/lib/test/auto/LevelCrossTest5.xml
----------------- Instantiating /home/travis/build/icyphy/ptII/ptolemy/actor/lib/test/auto/LevelCrossTest5.xml
4 ms. Memory: 458752K Free: 173951K (38%)
----------------- Invoking toplevel() on ptolemy.moml.MoMLSimpleApplication@3cac3f1b
----------------- Done invoking toplevel() on ptolemy.moml.MoMLSimpleApplication@3cac3f1b
reloadAllAccessors: .LevelCrossTest5

===========================================================================================
----------------- testing Sun Dec 08 06:19:02 UTC 2019 /home/travis/build/icyphy/ptII/ptolemy/actor/lib/test/auto/LevelCrossTest6.xml
----------------- Instantiating /home/travis/build/icyphy/ptII/ptolemy/actor/lib/test/auto/LevelCrossTest6.xml
2 ms. Memory: 458752K Free: 166783K (36%)
----------------- Invoking toplevel() on ptolemy.moml.MoMLSimpleApplication@51276d19
----------------- Done invoking toplevel() on ptolemy.moml.MoMLSimpleApplication@51276d19
reloadAllAccessors: .LevelCrossTest6

===========================================================================================
----------------- testing Sun Dec 08 06:19:02 UTC 2019 /home/travis/build/icyphy/ptII/ptolemy/actor/lib/test/auto/LevelCrossTest7.xml
----------------- Instantiating /home/travis/build/icyphy/ptII/ptolemy/actor/lib/test/auto/LevelCrossTest7.xml
1 ms. Memory: 458752K Free: 158591K (35%)
----------------- Invoking toplevel() on ptolemy.moml.MoMLSimpleApplication@562972c9
----------------- Done invoking toplevel() on ptolemy.moml.MoMLSimpleApplication@562972c9
reloadAllAccessors: .LevelCrossTest7

===========================================================================================
----------------- testing Sun Dec 08 06:19:02 UTC 2019 /home/travis/build/icyphy/ptII/ptolemy/actor/lib/test/auto/LevelCrossTest8.xml
----------------- Instantiating /home/travis/build/icyphy/ptII/ptolemy/actor/lib/test/auto/LevelCrossTest8.xml
1 ms. Memory: 458752K Free: 152447K (33%)
----------------- Invoking toplevel() on ptolemy.moml.MoMLSimpleApplication@210da431
----------------- Done invoking toplevel() on ptolemy.moml.MoMLSimpleApplication@210da431
reloadAllAccessors: .LevelCrossTest8

===========================================================================================
----------------- testing Sun Dec 08 06:19:02 UTC 2019 /home/travis/build/icyphy/ptII/ptolemy/actor/lib/test/auto/LevelCrossTest9.xml
----------------- Instantiating /home/travis/build/icyphy/ptII/ptolemy/actor/lib/test/auto/LevelCrossTest9.xml
37 ms. Memory: 458752K Free: 409984K (89%)
----------------- Invoking toplevel() on ptolemy.moml.MoMLSimpleApplication@4377973
----------------- Done invoking toplevel() on ptolemy.moml.MoMLSimpleApplication@4377973
reloadAllAccessors: .LevelCrossTest9

===========================================================================================
----------------- testing Sun Dec 08 06:19:02 UTC 2019 /home/travis/build/icyphy/ptII/ptolemy/actor/lib/test/auto/LevinsonDurbin.xml
----------------- Instantiating /home/travis/build/icyphy/ptII/ptolemy/actor/lib/test/auto/LevinsonDurbin.xml
1 ms. Memory: 458752K Free: 405377K (88%)
----------------- Invoking toplevel() on ptolemy.moml.MoMLSimpleApplication@75cff285
----------------- Done invoking toplevel() on ptolemy.moml.MoMLSimpleApplication@75cff285
reloadAllAccessors: .LevinsonDurbin

===========================================================================================
----------------- testing Sun Dec 08 06:19:02 UTC 2019 /home/travis/build/icyphy/ptII/ptolemy/actor/lib/test/auto/LevinsonDurbin2.xml
----------------- Instantiating /home/travis/build/icyphy/ptII/ptolemy/actor/lib/test/auto/LevinsonDurbin2.xml
1 ms. Memory: 458752K Free: 401791K (88%)
----------------- Invoking toplevel() on ptolemy.moml.MoMLSimpleApplication@3e16804b
----------------- Done invoking toplevel() on ptolemy.moml.MoMLSimpleApplication@3e16804b
reloadAllAccessors: .LevinsonDurbin2

===========================================================================================
----------------- testing Sun Dec 08 06:19:02 UTC 2019 /home/travis/build/icyphy/ptII/ptolemy/actor/lib/test/auto/LevinsonDurbin3.xml
----------------- Instantiating /home/travis/build/icyphy/ptII/ptolemy/actor/lib/test/auto/LevinsonDurbin3.xml
2 ms. Memory: 458752K Free: 397695K (87%)
----------------- Invoking toplevel() on ptolemy.moml.MoMLSimpleApplication@410a31a2
----------------- Done invoking toplevel() on ptolemy.moml.MoMLSimpleApplication@410a31a2
reloadAllAccessors: .LevinsonDurbin3

===========================================================================================
----------------- testing Sun Dec 08 06:19:02 UTC 2019 /home/travis/build/icyphy/ptII/ptolemy/actor/lib/test/auto/Limiter.xml
----------------- Instantiating /home/travis/build/icyphy/ptII/ptolemy/actor/lib/test/auto/Limiter.xml
7 ms. Memory: 458752K Free: 388472K (85%)
----------------- Invoking toplevel() on ptolemy.moml.MoMLSimpleApplication@261d54b6
----------------- Done invoking toplevel() on ptolemy.moml.MoMLSimpleApplication@261d54b6
reloadAllAccessors: .Limiter

===========================================================================================
----------------- testing Sun Dec 08 06:19:02 UTC 2019 /home/travis/build/icyphy/ptII/ptolemy/actor/lib/test/auto/LinearDifferenceEquationSystem.xml
----------------- Instantiating /home/travis/build/icyphy/ptII/ptolemy/actor/lib/test/auto/LinearDifferenceEquationSystem.xml
4 ms. Memory: 458752K Free: 381311K (83%)
----------------- Invoking toplevel() on ptolemy.moml.MoMLSimpleApplication@2792892b
----------------- Done invoking toplevel() on ptolemy.moml.MoMLSimpleApplication@2792892b
reloadAllAccessors: .LinearDifferenceEquationSystem

===========================================================================================
----------------- testing Sun Dec 08 06:19:02 UTC 2019 /home/travis/build/icyphy/ptII/ptolemy/actor/lib/test/auto/LookupTable.xml
----------------- Instantiating /home/travis/build/icyphy/ptII/ptolemy/actor/lib/test/auto/LookupTable.xml
1 ms. Memory: 458752K Free: 377215K (82%)
----------------- Invoking toplevel() on ptolemy.moml.MoMLSimpleApplication@1b8d62f
----------------- Done invoking toplevel() on ptolemy.moml.MoMLSimpleApplication@1b8d62f
reloadAllAccessors: .LookupTable

===========================================================================================
----------------- testing Sun Dec 08 06:19:02 UTC 2019 /home/travis/build/icyphy/ptII/ptolemy/actor/lib/test/auto/MathFunction.xml
----------------- Instantiating /home/travis/build/icyphy/ptII/ptolemy/actor/lib/test/auto/MathFunction.xml
2 ms. Memory: 458752K Free: 369023K (80%)
----------------- Invoking toplevel() on ptolemy.moml.MoMLSimpleApplication@743f2ace
----------------- Done invoking toplevel() on ptolemy.moml.MoMLSimpleApplication@743f2ace
reloadAllAccessors: .MathFunction

===========================================================================================
----------------- testing Sun Dec 08 06:19:02 UTC 2019 /home/travis/build/icyphy/ptII/ptolemy/actor/lib/test/auto/MathFunction2.xml
----------------- Instantiating /home/travis/build/icyphy/ptII/ptolemy/actor/lib/test/auto/MathFunction2.xml
8 ms. Memory: 458752K Free: 364927K (80%)
----------------- Invoking toplevel() on ptolemy.moml.MoMLSimpleApplication@4a4c1334
----------------- Done invoking toplevel() on ptolemy.moml.MoMLSimpleApplication@4a4c1334
reloadAllAccessors: .MathFunction2

===========================================================================================
----------------- testing Sun Dec 08 06:19:02 UTC 2019 /home/travis/build/icyphy/ptII/ptolemy/actor/lib/test/auto/MathFunction3.xml
----------------- Instantiating /home/travis/build/icyphy/ptII/ptolemy/actor/lib/test/auto/MathFunction3.xml
3 ms. Memory: 458752K Free: 357759K (78%)
----------------- Invoking toplevel() on ptolemy.moml.MoMLSimpleApplication@4143fbd7
----------------- Done invoking toplevel() on ptolemy.moml.MoMLSimpleApplication@4143fbd7
reloadAllAccessors: .MathFunction3

===========================================================================================
----------------- testing Sun Dec 08 06:19:02 UTC 2019 /home/travis/build/icyphy/ptII/ptolemy/actor/lib/test/auto/MatrixCropBoolean.xml
----------------- Instantiating /home/travis/build/icyphy/ptII/ptolemy/actor/lib/test/auto/MatrixCropBoolean.xml
2 ms. Memory: 458752K Free: 353663K (77%)
----------------- Invoking toplevel() on ptolemy.moml.MoMLSimpleApplication@7d5c5fe2
----------------- Done invoking toplevel() on ptolemy.moml.MoMLSimpleApplication@7d5c5fe2
reloadAllAccessors: .MatrixCropBoolean

===========================================================================================
----------------- testing Sun Dec 08 06:19:02 UTC 2019 /home/travis/build/icyphy/ptII/ptolemy/actor/lib/test/auto/MatrixCropComplex.xml
----------------- Instantiating /home/travis/build/icyphy/ptII/ptolemy/actor/lib/test/auto/MatrixCropComplex.xml
2 ms. Memory: 458752K Free: 348536K (76%)
----------------- Invoking toplevel() on ptolemy.moml.MoMLSimpleApplication@716f2744
----------------- Done invoking toplevel() on ptolemy.moml.MoMLSimpleApplication@716f2744
reloadAllAccessors: .MatrixCropComplex

===========================================================================================
----------------- testing Sun Dec 08 06:19:02 UTC 2019 /home/travis/build/icyphy/ptII/ptolemy/actor/lib/test/auto/MatrixCropDouble.xml
----------------- Instantiating /home/travis/build/icyphy/ptII/ptolemy/actor/lib/test/auto/MatrixCropDouble.xml
2 ms. Memory: 458752K Free: 343392K (75%)
----------------- Invoking toplevel() on ptolemy.moml.MoMLSimpleApplication@1973a805
----------------- Done invoking toplevel() on ptolemy.moml.MoMLSimpleApplication@1973a805
reloadAllAccessors: .MatrixCropDouble

===========================================================================================
----------------- testing Sun Dec 08 06:19:02 UTC 2019 /home/travis/build/icyphy/ptII/ptolemy/actor/lib/test/auto/MatrixCropFix.xml
----------------- Instantiating /home/travis/build/icyphy/ptII/ptolemy/actor/lib/test/auto/MatrixCropFix.xml
1 ms. Memory: 458752K Free: 338272K (74%)
----------------- Invoking toplevel() on ptolemy.moml.MoMLSimpleApplication@724eba6
----------------- Done invoking toplevel() on ptolemy.moml.MoMLSimpleApplication@724eba6
reloadAllAccessors: .MatrixCropFix

===========================================================================================
----------------- testing Sun Dec 08 06:19:02 UTC 2019 /home/travis/build/icyphy/ptII/ptolemy/actor/lib/test/auto/MatrixCropInt.xml
----------------- Instantiating /home/travis/build/icyphy/ptII/ptolemy/actor/lib/test/auto/MatrixCropInt.xml
2 ms. Memory: 458752K Free: 334200K (73%)
----------------- Invoking toplevel() on ptolemy.moml.MoMLSimpleApplication@7ca10a05
----------------- Done invoking toplevel() on ptolemy.moml.MoMLSimpleApplication@7ca10a05
reloadAllAccessors: .MatrixCropInt

===========================================================================================
----------------- testing Sun Dec 08 06:19:02 UTC 2019 /home/travis/build/icyphy/ptII/ptolemy/actor/lib/test/auto/MatrixCropLong.xml
----------------- Instantiating /home/travis/build/icyphy/ptII/ptolemy/actor/lib/test/auto/MatrixCropLong.xml
2 ms. Memory: 458752K Free: 329056K (72%)
----------------- Invoking toplevel() on ptolemy.moml.MoMLSimpleApplication@531ca303
----------------- Done invoking toplevel() on ptolemy.moml.MoMLSimpleApplication@531ca303
reloadAllAccessors: .MatrixCropLong

===========================================================================================
----------------- testing Sun Dec 08 06:19:02 UTC 2019 /home/travis/build/icyphy/ptII/ptolemy/actor/lib/test/auto/MatrixToArray.xml
----------------- Instantiating /home/travis/build/icyphy/ptII/ptolemy/actor/lib/test/auto/MatrixToArray.xml
5 ms. Memory: 458752K Free: 313727K (68%)
----------------- Invoking toplevel() on ptolemy.moml.MoMLSimpleApplication@66ec4ab7
----------------- Done invoking toplevel() on ptolemy.moml.MoMLSimpleApplication@66ec4ab7
reloadAllAccessors: .MatrixToArray

===========================================================================================
----------------- testing Sun Dec 08 06:19:02 UTC 2019 /home/travis/build/icyphy/ptII/ptolemy/actor/lib/test/auto/MaxIndex.xml
----------------- Instantiating /home/travis/build/icyphy/ptII/ptolemy/actor/lib/test/auto/MaxIndex.xml
7 ms. Memory: 458752K Free: 308607K (67%)
----------------- Invoking toplevel() on ptolemy.moml.MoMLSimpleApplication@294ed150
----------------- Done invoking toplevel() on ptolemy.moml.MoMLSimpleApplication@294ed150
reloadAllAccessors: .MaxIndex

===========================================================================================
----------------- testing Sun Dec 08 06:19:02 UTC 2019 /home/travis/build/icyphy/ptII/ptolemy/actor/lib/test/auto/Maximum.xml
----------------- Instantiating /home/travis/build/icyphy/ptII/ptolemy/actor/lib/test/auto/Maximum.xml
2 ms. Memory: 458752K Free: 302432K (66%)
----------------- Invoking toplevel() on ptolemy.moml.MoMLSimpleApplication@1d3a5c4
----------------- Done invoking toplevel() on ptolemy.moml.MoMLSimpleApplication@1d3a5c4
reloadAllAccessors: .Maximum

===========================================================================================
----------------- testing Sun Dec 08 06:19:02 UTC 2019 /home/travis/build/icyphy/ptII/ptolemy/actor/lib/test/auto/MaximumComplex.xml
----------------- Instantiating /home/travis/build/icyphy/ptII/ptolemy/actor/lib/test/auto/MaximumComplex.xml
3 ms. Memory: 458752K Free: 296304K (65%)
----------------- Invoking toplevel() on ptolemy.moml.MoMLSimpleApplication@166391e4
----------------- Done invoking toplevel() on ptolemy.moml.MoMLSimpleApplication@166391e4
reloadAllAccessors: .MaximumComplex

===========================================================================================
----------------- testing Sun Dec 08 06:19:02 UTC 2019 /home/travis/build/icyphy/ptII/ptolemy/actor/lib/test/auto/MethodCallTest.xml
----------------- Instantiating /home/travis/build/icyphy/ptII/ptolemy/actor/lib/test/auto/MethodCallTest.xml
2 ms. Memory: 458752K Free: 289665K (63%)
----------------- Invoking toplevel() on ptolemy.moml.MoMLSimpleApplication@4d66f0ab
----------------- Done invoking toplevel() on ptolemy.moml.MoMLSimpleApplication@4d66f0ab
reloadAllAccessors: .MethodCallTest

===========================================================================================
----------------- testing Sun Dec 08 06:19:02 UTC 2019 /home/travis/build/icyphy/ptII/ptolemy/actor/lib/test/auto/Minimum.xml
----------------- Instantiating /home/travis/build/icyphy/ptII/ptolemy/actor/lib/test/auto/Minimum.xml
3 ms. Memory: 458752K Free: 282992K (62%)
----------------- Invoking toplevel() on ptolemy.moml.MoMLSimpleApplication@2e48a2e3
----------------- Done invoking toplevel() on ptolemy.moml.MoMLSimpleApplication@2e48a2e3
reloadAllAccessors: .Minimum

===========================================================================================
----------------- testing Sun Dec 08 06:19:02 UTC 2019 /home/travis/build/icyphy/ptII/ptolemy/actor/lib/test/auto/MinimumComplex.xml
----------------- Instantiating /home/travis/build/icyphy/ptII/ptolemy/actor/lib/test/auto/MinimumComplex.xml
3 ms. Memory: 458752K Free: 276863K (60%)
----------------- Invoking toplevel() on ptolemy.moml.MoMLSimpleApplication@44f20c99
----------------- Done invoking toplevel() on ptolemy.moml.MoMLSimpleApplication@44f20c99
reloadAllAccessors: .MinimumComplex

===========================================================================================
----------------- testing Sun Dec 08 06:19:02 UTC 2019 /home/travis/build/icyphy/ptII/ptolemy/actor/lib/test/auto/MinimumMultiports.xml
----------------- Instantiating /home/travis/build/icyphy/ptII/ptolemy/actor/lib/test/auto/MinimumMultiports.xml
3 ms. Memory: 458752K Free: 268671K (59%)
----------------- Invoking toplevel() on ptolemy.moml.MoMLSimpleApplication@4b2058b0
----------------- Done invoking toplevel() on ptolemy.moml.MoMLSimpleApplication@4b2058b0
reloadAllAccessors: .MinimumMultiports

===========================================================================================
----------------- testing Sun Dec 08 06:19:02 UTC 2019 /home/travis/build/icyphy/ptII/ptolemy/actor/lib/test/auto/ModifyDate.xml
----------------- Instantiating /home/travis/build/icyphy/ptII/ptolemy/actor/lib/test/auto/ModifyDate.xml
9 ms. Memory: 458752K Free: 255359K (56%)
----------------- Invoking toplevel() on ptolemy.moml.MoMLSimpleApplication@65946ff3
----------------- Done invoking toplevel() on ptolemy.moml.MoMLSimpleApplication@65946ff3
reloadAllAccessors: .ModifyDate

===========================================================================================
----------------- testing Sun Dec 08 06:19:02 UTC 2019 /home/travis/build/icyphy/ptII/ptolemy/actor/lib/test/auto/ModifyDate2.xml
----------------- Instantiating /home/travis/build/icyphy/ptII/ptolemy/actor/lib/test/auto/ModifyDate2.xml
4 ms. Memory: 458752K Free: 246657K (54%)
----------------- Invoking toplevel() on ptolemy.moml.MoMLSimpleApplication@51df4af0
----------------- Done invoking toplevel() on ptolemy.moml.MoMLSimpleApplication@51df4af0
reloadAllAccessors: .ModifyDate2

===========================================================================================
----------------- testing Sun Dec 08 06:19:02 UTC 2019 /home/travis/build/icyphy/ptII/ptolemy/actor/lib/test/auto/MovingAverage.xml
----------------- Instantiating /home/travis/build/icyphy/ptII/ptolemy/actor/lib/test/auto/MovingAverage.xml
1 ms. Memory: 458752K Free: 241537K (53%)
----------------- Invoking toplevel() on ptolemy.moml.MoMLSimpleApplication@72a59f34
----------------- Done invoking toplevel() on ptolemy.moml.MoMLSimpleApplication@72a59f34
reloadAllAccessors: .MovingAverage

===========================================================================================
----------------- testing Sun Dec 08 06:19:02 UTC 2019 /home/travis/build/icyphy/ptII/ptolemy/actor/lib/test/auto/MovingMaximum.xml
----------------- Instantiating /home/travis/build/icyphy/ptII/ptolemy/actor/lib/test/auto/MovingMaximum.xml
1 ms. Memory: 458752K Free: 237441K (52%)
----------------- Invoking toplevel() on ptolemy.moml.MoMLSimpleApplication@4f801b7a
----------------- Done invoking toplevel() on ptolemy.moml.MoMLSimpleApplication@4f801b7a
reloadAllAccessors: .MovingMaximum

===========================================================================================
----------------- testing Sun Dec 08 06:19:02 UTC 2019 /home/travis/build/icyphy/ptII/ptolemy/actor/lib/test/auto/MultipleLinksToSameRelation.xml
----------------- Instantiating /home/travis/build/icyphy/ptII/ptolemy/actor/lib/test/auto/MultipleLinksToSameRelation.xml
1 ms. Memory: 458752K Free: 233345K (51%)
----------------- Invoking toplevel() on ptolemy.moml.MoMLSimpleApplication@53867de7
----------------- Done invoking toplevel() on ptolemy.moml.MoMLSimpleApplication@53867de7
reloadAllAccessors: .MultipleLinksToSameRelation

===========================================================================================
----------------- testing Sun Dec 08 06:19:02 UTC 2019 /home/travis/build/icyphy/ptII/ptolemy/actor/lib/test/auto/MultipleLinksToSameRelationDE.xml
----------------- Instantiating /home/travis/build/icyphy/ptII/ptolemy/actor/lib/test/auto/MultipleLinksToSameRelationDE.xml
9 ms. Memory: 458752K Free: 228720K (50%)
----------------- Invoking toplevel() on ptolemy.moml.MoMLSimpleApplication@57e89e50
----------------- Done invoking toplevel() on ptolemy.moml.MoMLSimpleApplication@57e89e50
reloadAllAccessors: .MultipleLinksToSameRelationDE

===========================================================================================
----------------- testing Sun Dec 08 06:19:02 UTC 2019 /home/travis/build/icyphy/ptII/ptolemy/actor/lib/test/auto/Multiplexor.xml
----------------- Instantiating /home/travis/build/icyphy/ptII/ptolemy/actor/lib/test/auto/Multiplexor.xml
2 ms. Memory: 458752K Free: 223105K (49%)
----------------- Invoking toplevel() on ptolemy.moml.MoMLSimpleApplication@5b21bdaf
----------------- Done invoking toplevel() on ptolemy.moml.MoMLSimpleApplication@5b21bdaf
reloadAllAccessors: .Multiplexor

===========================================================================================
----------------- testing Sun Dec 08 06:19:02 UTC 2019 /home/travis/build/icyphy/ptII/ptolemy/actor/lib/test/auto/Multiplexor1.xml
----------------- Instantiating /home/travis/build/icyphy/ptII/ptolemy/actor/lib/test/auto/Multiplexor1.xml
2 ms. Memory: 458752K Free: 217464K (47%)
----------------- Invoking toplevel() on ptolemy.moml.MoMLSimpleApplication@3ca12043
----------------- Done invoking toplevel() on ptolemy.moml.MoMLSimpleApplication@3ca12043
reloadAllAccessors: .Multiplexor1

===========================================================================================
----------------- testing Sun Dec 08 06:19:02 UTC 2019 /home/travis/build/icyphy/ptII/ptolemy/actor/lib/test/auto/Multiplexor2.xml
----------------- Instantiating /home/travis/build/icyphy/ptII/ptolemy/actor/lib/test/auto/Multiplexor2.xml
5 ms. Memory: 458752K Free: 211327K (46%)
----------------- Invoking toplevel() on ptolemy.moml.MoMLSimpleApplication@20219e79
----------------- Done invoking toplevel() on ptolemy.moml.MoMLSimpleApplication@20219e79
reloadAllAccessors: .Multiplexor2

===========================================================================================
----------------- testing Sun Dec 08 06:19:02 UTC 2019 /home/travis/build/icyphy/ptII/ptolemy/actor/lib/test/auto/Multiplexor3.xml
----------------- Instantiating /home/travis/build/icyphy/ptII/ptolemy/actor/lib/test/auto/Multiplexor3.xml
1 ms. Memory: 458752K Free: 207231K (45%)
----------------- Invoking toplevel() on ptolemy.moml.MoMLSimpleApplication@5c55f2a7
----------------- Done invoking toplevel() on ptolemy.moml.MoMLSimpleApplication@5c55f2a7
reloadAllAccessors: .Multiplexor3

===========================================================================================
----------------- testing Sun Dec 08 06:19:02 UTC 2019 /home/travis/build/icyphy/ptII/ptolemy/actor/lib/test/auto/MultiplexorDE.xml
----------------- Instantiating /home/travis/build/icyphy/ptII/ptolemy/actor/lib/test/auto/MultiplexorDE.xml
3 ms. Memory: 458752K Free: 199553K (43%)
----------------- Invoking toplevel() on ptolemy.moml.MoMLSimpleApplication@16ac983a
----------------- Done invoking toplevel() on ptolemy.moml.MoMLSimpleApplication@16ac983a
reloadAllAccessors: .MultiplexorDE

===========================================================================================
----------------- testing Sun Dec 08 06:19:02 UTC 2019 /home/travis/build/icyphy/ptII/ptolemy/actor/lib/test/auto/MultiportBroadcastTest.xml
----------------- Instantiating /home/travis/build/icyphy/ptII/ptolemy/actor/lib/test/auto/MultiportBroadcastTest.xml
89 ms. Memory: 458752K Free: 193409K (42%)
----------------- Invoking toplevel() on ptolemy.moml.MoMLSimpleApplication@21c8295f
----------------- Done invoking toplevel() on ptolemy.moml.MoMLSimpleApplication@21c8295f
reloadAllAccessors: .MultiportBroadcastTest

===========================================================================================
----------------- testing Sun Dec 08 06:19:02 UTC 2019 /home/travis/build/icyphy/ptII/ptolemy/actor/lib/test/auto/MultiportOutHangDuringGetWidth.xml
----------------- Instantiating /home/travis/build/icyphy/ptII/ptolemy/actor/lib/test/auto/MultiportOutHangDuringGetWidth.xml
10 ms. Memory: 458752K Free: 181121K (39%)
----------------- Invoking toplevel() on ptolemy.moml.MoMLSimpleApplication@11afac2
----------------- Done invoking toplevel() on ptolemy.moml.MoMLSimpleApplication@11afac2
reloadAllAccessors: .MultiportOutHangDuringGetWidth

===========================================================================================
----------------- testing Sun Dec 08 06:19:03 UTC 2019 /home/travis/build/icyphy/ptII/ptolemy/actor/lib/test/auto/NilToken.xml
----------------- Instantiating /home/travis/build/icyphy/ptII/ptolemy/actor/lib/test/auto/NilToken.xml
1 ms. Memory: 458752K Free: 177535K (39%)
----------------- Invoking toplevel() on ptolemy.moml.MoMLSimpleApplication@5dd6d2ae
----------------- Done invoking toplevel() on ptolemy.moml.MoMLSimpleApplication@5dd6d2ae
reloadAllAccessors: .NilToken

===========================================================================================
----------------- testing Sun Dec 08 06:19:03 UTC 2019 /home/travis/build/icyphy/ptII/ptolemy/actor/lib/test/auto/NilTokenNonStrictTest.xml
----------------- Instantiating /home/travis/build/icyphy/ptII/ptolemy/actor/lib/test/auto/NilTokenNonStrictTest.xml
1 ms. Memory: 458752K Free: 172929K (38%)
----------------- Invoking toplevel() on ptolemy.moml.MoMLSimpleApplication@1eb96ea
----------------- Done invoking toplevel() on ptolemy.moml.MoMLSimpleApplication@1eb96ea
reloadAllAccessors: .NilTokenNonStrictTest

===========================================================================================
----------------- testing Sun Dec 08 06:19:03 UTC 2019 /home/travis/build/icyphy/ptII/ptolemy/actor/lib/test/auto/NilTokenRecord.xml
----------------- Instantiating /home/travis/build/icyphy/ptII/ptolemy/actor/lib/test/auto/NilTokenRecord.xml
13 ms. Memory: 458752K Free: 166271K (36%)
----------------- Invoking toplevel() on ptolemy.moml.MoMLSimpleApplication@46b056a0
----------------- Done invoking toplevel() on ptolemy.moml.MoMLSimpleApplication@46b056a0
reloadAllAccessors: .NilTokenRecord

===========================================================================================
----------------- testing Sun Dec 08 06:19:03 UTC 2019 /home/travis/build/icyphy/ptII/ptolemy/actor/lib/test/auto/NilTokenTypeTest.xml
----------------- Instantiating /home/travis/build/icyphy/ptII/ptolemy/actor/lib/test/auto/NilTokenTypeTest.xml
5 ms. Memory: 458752K Free: 156545K (34%)
----------------- Invoking toplevel() on ptolemy.moml.MoMLSimpleApplication@9094757
----------------- Done invoking toplevel() on ptolemy.moml.MoMLSimpleApplication@9094757
reloadAllAccessors: .NilTokenTypeTest

===========================================================================================
----------------- testing Sun Dec 08 06:19:03 UTC 2019 /home/travis/build/icyphy/ptII/ptolemy/actor/lib/test/auto/ObjectToken1.xml
----------------- Instantiating /home/travis/build/icyphy/ptII/ptolemy/actor/lib/test/auto/ObjectToken1.xml
2 ms. Memory: 458752K Free: 152449K (33%)
----------------- Invoking toplevel() on ptolemy.moml.MoMLSimpleApplication@7adc786b
----------------- Done invoking toplevel() on ptolemy.moml.MoMLSimpleApplication@7adc786b
reloadAllAccessors: .ObjectToken1

===========================================================================================
----------------- testing Sun Dec 08 06:19:03 UTC 2019 /home/travis/build/icyphy/ptII/ptolemy/actor/lib/test/auto/OrderedMerge.xml
----------------- Instantiating /home/travis/build/icyphy/ptII/ptolemy/actor/lib/test/auto/OrderedMerge.xml
13 ms. Memory: 458752K Free: 147329K (32%)
----------------- Invoking toplevel() on ptolemy.moml.MoMLSimpleApplication@237f277c
----------------- Done invoking toplevel() on ptolemy.moml.MoMLSimpleApplication@237f277c
reloadAllAccessors: .OrderedMerge

===========================================================================================
----------------- testing Sun Dec 08 06:19:03 UTC 2019 /home/travis/build/icyphy/ptII/ptolemy/actor/lib/test/auto/OrderedRecordDisassembler.xml
----------------- Instantiating /home/travis/build/icyphy/ptII/ptolemy/actor/lib/test/auto/OrderedRecordDisassembler.xml
3 ms. Memory: 458752K Free: 405856K (88%)
----------------- Invoking toplevel() on ptolemy.moml.MoMLSimpleApplication@1d3c58ee
----------------- Done invoking toplevel() on ptolemy.moml.MoMLSimpleApplication@1d3c58ee
reloadAllAccessors: .OrderedRecordDisassembler

===========================================================================================
----------------- testing Sun Dec 08 06:19:03 UTC 2019 /home/travis/build/icyphy/ptII/ptolemy/actor/lib/test/auto/OrderedRecordDisassembler2.xml
----------------- Instantiating /home/travis/build/icyphy/ptII/ptolemy/actor/lib/test/auto/OrderedRecordDisassembler2.xml
3 ms. Memory: 458752K Free: 398209K (87%)
----------------- Invoking toplevel() on ptolemy.moml.MoMLSimpleApplication@39214f11
----------------- Done invoking toplevel() on ptolemy.moml.MoMLSimpleApplication@39214f11
reloadAllAccessors: .OrderedRecordDisassembler2

===========================================================================================
----------------- testing Sun Dec 08 06:19:03 UTC 2019 /home/travis/build/icyphy/ptII/ptolemy/actor/lib/test/auto/OrderedRecordUpdater.xml
----------------- Instantiating /home/travis/build/icyphy/ptII/ptolemy/actor/lib/test/auto/OrderedRecordUpdater.xml
2 ms. Memory: 458752K Free: 393599K (86%)
----------------- Invoking toplevel() on ptolemy.moml.MoMLSimpleApplication@363ac302
----------------- Done invoking toplevel() on ptolemy.moml.MoMLSimpleApplication@363ac302
reloadAllAccessors: .RecordUpdater

===========================================================================================
----------------- testing Sun Dec 08 06:19:03 UTC 2019 /home/travis/build/icyphy/ptII/ptolemy/actor/lib/test/auto/OrderedRecordUpdater2.xml
----------------- Instantiating /home/travis/build/icyphy/ptII/ptolemy/actor/lib/test/auto/OrderedRecordUpdater2.xml
2 ms. Memory: 458752K Free: 388479K (85%)
----------------- Invoking toplevel() on ptolemy.moml.MoMLSimpleApplication@397d961c
----------------- Done invoking toplevel() on ptolemy.moml.MoMLSimpleApplication@397d961c
reloadAllAccessors: .RecordUpdater2

===========================================================================================
----------------- testing Sun Dec 08 06:19:03 UTC 2019 /home/travis/build/icyphy/ptII/ptolemy/actor/lib/test/auto/PhaseUnwrap.xml
----------------- Instantiating /home/travis/build/icyphy/ptII/ptolemy/actor/lib/test/auto/PhaseUnwrap.xml
1 ms. Memory: 458752K Free: 383873K (84%)
----------------- Invoking toplevel() on ptolemy.moml.MoMLSimpleApplication@7f03c065
----------------- Done invoking toplevel() on ptolemy.moml.MoMLSimpleApplication@7f03c065
reloadAllAccessors: .PhaseUnwrap

===========================================================================================
----------------- testing Sun Dec 08 06:19:03 UTC 2019 /home/travis/build/icyphy/ptII/ptolemy/actor/lib/test/auto/PoissonClock.xml
----------------- Instantiating /home/travis/build/icyphy/ptII/ptolemy/actor/lib/test/auto/PoissonClock.xml
1 ms. Memory: 458752K Free: 380287K (83%)
----------------- Invoking toplevel() on ptolemy.moml.MoMLSimpleApplication@81f2af1
----------------- Done invoking toplevel() on ptolemy.moml.MoMLSimpleApplication@81f2af1
reloadAllAccessors: .PoissonClock

===========================================================================================
----------------- testing Sun Dec 08 06:19:03 UTC 2019 /home/travis/build/icyphy/ptII/ptolemy/actor/lib/test/auto/PoissonClock2.xml
----------------- Instantiating /home/travis/build/icyphy/ptII/ptolemy/actor/lib/test/auto/PoissonClock2.xml
1 ms. Memory: 458752K Free: 375681K (82%)
----------------- Invoking toplevel() on ptolemy.moml.MoMLSimpleApplication@347f8a9c
----------------- Done invoking toplevel() on ptolemy.moml.MoMLSimpleApplication@347f8a9c
reloadAllAccessors: .PoissonClock2

===========================================================================================
----------------- testing Sun Dec 08 06:19:03 UTC 2019 /home/travis/build/icyphy/ptII/ptolemy/actor/lib/test/auto/PoissonClock3.xml
----------------- Instantiating /home/travis/build/icyphy/ptII/ptolemy/actor/lib/test/auto/PoissonClock3.xml
2 ms. Memory: 458752K Free: 371071K (81%)
----------------- Invoking toplevel() on ptolemy.moml.MoMLSimpleApplication@1cbea917
----------------- Done invoking toplevel() on ptolemy.moml.MoMLSimpleApplication@1cbea917
reloadAllAccessors: .PoissonClock3

===========================================================================================
----------------- testing Sun Dec 08 06:19:03 UTC 2019 /home/travis/build/icyphy/ptII/ptolemy/actor/lib/test/auto/PubSubWithInitialTokens.xml
----------------- Instantiating /home/travis/build/icyphy/ptII/ptolemy/actor/lib/test/auto/PubSubWithInitialTokens.xml
2 ms. Memory: 458752K Free: 365441K (80%)
----------------- Invoking toplevel() on ptolemy.moml.MoMLSimpleApplication@6dcc74fa
----------------- Done invoking toplevel() on ptolemy.moml.MoMLSimpleApplication@6dcc74fa
reloadAllAccessors: .PubSubWithInitialTokens

===========================================================================================
----------------- testing Sun Dec 08 06:19:03 UTC 2019 /home/travis/build/icyphy/ptII/ptolemy/actor/lib/test/auto/PubSubWithInitialTokens2.xml
----------------- Instantiating /home/travis/build/icyphy/ptII/ptolemy/actor/lib/test/auto/PubSubWithInitialTokens2.xml
2 ms. Memory: 458752K Free: 359297K (78%)
----------------- Invoking toplevel() on ptolemy.moml.MoMLSimpleApplication@70068fa0
----------------- Done invoking toplevel() on ptolemy.moml.MoMLSimpleApplication@70068fa0
reloadAllAccessors: .PubSubWithInitialTokens2

===========================================================================================
----------------- testing Sun Dec 08 06:19:03 UTC 2019 /home/travis/build/icyphy/ptII/ptolemy/actor/lib/test/auto/PublisherClassNoParameter.xml
----------------- Instantiating /home/travis/build/icyphy/ptII/ptolemy/actor/lib/test/auto/PublisherClassNoParameter.xml
2 ms. Memory: 458752K Free: 349560K (76%)
----------------- Invoking toplevel() on ptolemy.moml.MoMLSimpleApplication@5ed8cf36
----------------- Done invoking toplevel() on ptolemy.moml.MoMLSimpleApplication@5ed8cf36
reloadAllAccessors: .PublisherClassNoParameter

===========================================================================================
----------------- testing Sun Dec 08 06:19:03 UTC 2019 /home/travis/build/icyphy/ptII/ptolemy/actor/lib/test/auto/PublisherClassParameter.xml
----------------- Instantiating /home/travis/build/icyphy/ptII/ptolemy/actor/lib/test/auto/PublisherClassParameter.xml
2 ms. Memory: 458752K Free: 339841K (74%)
----------------- Invoking toplevel() on ptolemy.moml.MoMLSimpleApplication@61262cd4
----------------- Done invoking toplevel() on ptolemy.moml.MoMLSimpleApplication@61262cd4
reloadAllAccessors: .PublisherClassParameter

===========================================================================================
----------------- testing Sun Dec 08 06:19:03 UTC 2019 /home/travis/build/icyphy/ptII/ptolemy/actor/lib/test/auto/PublisherNonStrictTest.xml
----------------- Instantiating /home/travis/build/icyphy/ptII/ptolemy/actor/lib/test/auto/PublisherNonStrictTest.xml
3 ms. Memory: 458752K Free: 332152K (72%)
----------------- Invoking toplevel() on ptolemy.moml.MoMLSimpleApplication@194f022d
----------------- Done invoking toplevel() on ptolemy.moml.MoMLSimpleApplication@194f022d
reloadAllAccessors: .PublisherNonStrictTest

===========================================================================================
----------------- testing Sun Dec 08 06:19:03 UTC 2019 /home/travis/build/icyphy/ptII/ptolemy/actor/lib/test/auto/PublisherPort1.xml
----------------- Instantiating /home/travis/build/icyphy/ptII/ptolemy/actor/lib/test/auto/PublisherPort1.xml
13 ms. Memory: 458752K Free: 326529K (71%)
----------------- Invoking toplevel() on ptolemy.moml.MoMLSimpleApplication@4b5f5ad0
----------------- Done invoking toplevel() on ptolemy.moml.MoMLSimpleApplication@4b5f5ad0
reloadAllAccessors: .PublisherPort1

===========================================================================================
----------------- testing Sun Dec 08 06:19:03 UTC 2019 /home/travis/build/icyphy/ptII/ptolemy/actor/lib/test/auto/PublisherPort2.xml
----------------- Instantiating /home/travis/build/icyphy/ptII/ptolemy/actor/lib/test/auto/PublisherPort2.xml
1 ms. Memory: 458752K Free: 321409K (70%)
----------------- Invoking toplevel() on ptolemy.moml.MoMLSimpleApplication@39ad0b46
----------------- Done invoking toplevel() on ptolemy.moml.MoMLSimpleApplication@39ad0b46
reloadAllAccessors: .PublisherPort2

===========================================================================================
----------------- testing Sun Dec 08 06:19:03 UTC 2019 /home/travis/build/icyphy/ptII/ptolemy/actor/lib/test/auto/PublisherPort3.xml
----------------- Instantiating /home/travis/build/icyphy/ptII/ptolemy/actor/lib/test/auto/PublisherPort3.xml
3 ms. Memory: 458752K Free: 314720K (69%)
----------------- Invoking toplevel() on ptolemy.moml.MoMLSimpleApplication@713cbd11
----------------- Done invoking toplevel() on ptolemy.moml.MoMLSimpleApplication@713cbd11
reloadAllAccessors: .PublisherPort3

===========================================================================================
----------------- testing Sun Dec 08 06:19:03 UTC 2019 /home/travis/build/icyphy/ptII/ptolemy/actor/lib/test/auto/PublisherPort4.xml
----------------- Instantiating /home/travis/build/icyphy/ptII/ptolemy/actor/lib/test/auto/PublisherPort4.xml
2 ms. Memory: 458752K Free: 309121K (67%)
----------------- Invoking toplevel() on ptolemy.moml.MoMLSimpleApplication@6a50a269
----------------- Done invoking toplevel() on ptolemy.moml.MoMLSimpleApplication@6a50a269
reloadAllAccessors: .PublisherPort4

===========================================================================================
----------------- testing Sun Dec 08 06:19:03 UTC 2019 /home/travis/build/icyphy/ptII/ptolemy/actor/lib/test/auto/PublisherPort5.xml
----------------- Instantiating /home/travis/build/icyphy/ptII/ptolemy/actor/lib/test/auto/PublisherPort5.xml
3 ms. Memory: 458752K Free: 301439K (66%)
----------------- Invoking toplevel() on ptolemy.moml.MoMLSimpleApplication@55479b82
----------------- Done invoking toplevel() on ptolemy.moml.MoMLSimpleApplication@55479b82
reloadAllAccessors: .PublisherPort5

===========================================================================================
----------------- testing Sun Dec 08 06:19:03 UTC 2019 /home/travis/build/icyphy/ptII/ptolemy/actor/lib/test/auto/PublisherPort5LookAlike.xml
----------------- Instantiating /home/travis/build/icyphy/ptII/ptolemy/actor/lib/test/auto/PublisherPort5LookAlike.xml
7 ms. Memory: 458752K Free: 293761K (64%)
----------------- Invoking toplevel() on ptolemy.moml.MoMLSimpleApplication@5e1253b0
----------------- Done invoking toplevel() on ptolemy.moml.MoMLSimpleApplication@5e1253b0
reloadAllAccessors: .PublisherPort5LookAlike

===========================================================================================
----------------- testing Sun Dec 08 06:19:03 UTC 2019 /home/travis/build/icyphy/ptII/ptolemy/actor/lib/test/auto/PublisherPort6.xml
----------------- Instantiating /home/travis/build/icyphy/ptII/ptolemy/actor/lib/test/auto/PublisherPort6.xml
2 ms. Memory: 458752K Free: 287617K (63%)
----------------- Invoking toplevel() on ptolemy.moml.MoMLSimpleApplication@38dbcd9e
----------------- Done invoking toplevel() on ptolemy.moml.MoMLSimpleApplication@38dbcd9e
reloadAllAccessors: .PublisherPort6

===========================================================================================
----------------- testing Sun Dec 08 06:19:03 UTC 2019 /home/travis/build/icyphy/ptII/ptolemy/actor/lib/test/auto/PublisherPort7.xml
----------------- Instantiating /home/travis/build/icyphy/ptII/ptolemy/actor/lib/test/auto/PublisherPort7.xml
3 ms. Memory: 458752K Free: 279935K (61%)
----------------- Invoking toplevel() on ptolemy.moml.MoMLSimpleApplication@f60366b
----------------- Done invoking toplevel() on ptolemy.moml.MoMLSimpleApplication@f60366b
reloadAllAccessors: .PublisherPort7

===========================================================================================
----------------- testing Sun Dec 08 06:19:03 UTC 2019 /home/travis/build/icyphy/ptII/ptolemy/actor/lib/test/auto/PublisherPort8.xml
----------------- Instantiating /home/travis/build/icyphy/ptII/ptolemy/actor/lib/test/auto/PublisherPort8.xml
3 ms. Memory: 458752K Free: 271233K (59%)
----------------- Invoking toplevel() on ptolemy.moml.MoMLSimpleApplication@20f04415
----------------- Done invoking toplevel() on ptolemy.moml.MoMLSimpleApplication@20f04415
reloadAllAccessors: .PublisherPort8

===========================================================================================
----------------- testing Sun Dec 08 06:19:03 UTC 2019 /home/travis/build/icyphy/ptII/ptolemy/actor/lib/test/auto/PublisherPortSubscriberChannelVariablesAOC2.xml
----------------- Instantiating /home/travis/build/icyphy/ptII/ptolemy/actor/lib/test/auto/PublisherPortSubscriberChannelVariablesAOC2.xml
7 ms. Memory: 458752K Free: 253825K (55%)
----------------- Invoking toplevel() on ptolemy.moml.MoMLSimpleApplication@119b74d0
----------------- Done invoking toplevel() on ptolemy.moml.MoMLSimpleApplication@119b74d0
reloadAllAccessors: .PublisherPortSubscriberChannelVariablesAOC2

===========================================================================================
----------------- testing Sun Dec 08 06:19:03 UTC 2019 /home/travis/build/icyphy/ptII/ptolemy/actor/lib/test/auto/PublisherPortSubscriberOpaqueWidthInference.xml
----------------- Instantiating /home/travis/build/icyphy/ptII/ptolemy/actor/lib/test/auto/PublisherPortSubscriberOpaqueWidthInference.xml
3 ms. Memory: 458752K Free: 246128K (54%)
----------------- Invoking toplevel() on ptolemy.moml.MoMLSimpleApplication@7adb08b
----------------- Done invoking toplevel() on ptolemy.moml.MoMLSimpleApplication@7adb08b
reloadAllAccessors: .PublisherPortSubscriberOpaqueWidthInference

===========================================================================================
----------------- testing Sun Dec 08 06:19:03 UTC 2019 /home/travis/build/icyphy/ptII/ptolemy/actor/lib/test/auto/PublisherPortSubscriberPortAdjacent.xml
----------------- Instantiating /home/travis/build/icyphy/ptII/ptolemy/actor/lib/test/auto/PublisherPortSubscriberPortAdjacent.xml
1 ms. Memory: 458752K Free: 237951K (52%)
----------------- Invoking toplevel() on ptolemy.moml.MoMLSimpleApplication@7ef019ac
----------------- Done invoking toplevel() on ptolemy.moml.MoMLSimpleApplication@7ef019ac
reloadAllAccessors: .PublisherPortSubscriberPortAdjacent

===========================================================================================
----------------- testing Sun Dec 08 06:19:03 UTC 2019 /home/travis/build/icyphy/ptII/ptolemy/actor/lib/test/auto/PublisherPortSubscriberPortExpression.xml
----------------- Instantiating /home/travis/build/icyphy/ptII/ptolemy/actor/lib/test/auto/PublisherPortSubscriberPortExpression.xml
3 ms. Memory: 458752K Free: 230273K (50%)
----------------- Invoking toplevel() on ptolemy.moml.MoMLSimpleApplication@18577330
----------------- Done invoking toplevel() on ptolemy.moml.MoMLSimpleApplication@18577330
reloadAllAccessors: .PublisherPortSubscriberPortExpression

===========================================================================================
----------------- testing Sun Dec 08 06:19:03 UTC 2019 /home/travis/build/icyphy/ptII/ptolemy/actor/lib/test/auto/PublisherPortSubscriberPortOpaqueD3Reverse.xml
----------------- Instantiating /home/travis/build/icyphy/ptII/ptolemy/actor/lib/test/auto/PublisherPortSubscriberPortOpaqueD3Reverse.xml
6 ms. Memory: 458752K Free: 220033K (48%)
----------------- Invoking toplevel() on ptolemy.moml.MoMLSimpleApplication@44ab52f1
----------------- Done invoking toplevel() on ptolemy.moml.MoMLSimpleApplication@44ab52f1
reloadAllAccessors: .PublisherPortSubscriberPortOpaqueD3Reverse

===========================================================================================
----------------- testing Sun Dec 08 06:19:03 UTC 2019 /home/travis/build/icyphy/ptII/ptolemy/actor/lib/test/auto/PublisherPortSubscriberPortOpaqueWidthInference.xml
----------------- Instantiating /home/travis/build/icyphy/ptII/ptolemy/actor/lib/test/auto/PublisherPortSubscriberPortOpaqueWidthInference.xml
3 ms. Memory: 458752K Free: 212336K (46%)
----------------- Invoking toplevel() on ptolemy.moml.MoMLSimpleApplication@58bbc428
----------------- Done invoking toplevel() on ptolemy.moml.MoMLSimpleApplication@58bbc428
reloadAllAccessors: .PublisherPortSubscriberPortOpaqueWidthInference

===========================================================================================
----------------- testing Sun Dec 08 06:19:03 UTC 2019 /home/travis/build/icyphy/ptII/ptolemy/actor/lib/test/auto/PublisherPortToplevelSubscriberPortAOC.xml
----------------- Instantiating /home/travis/build/icyphy/ptII/ptolemy/actor/lib/test/auto/PublisherPortToplevelSubscriberPortAOC.xml
.PublisherPortToplevelSubscriberPortAOC.TestExceptionAttribute: initialize() was not invoked, but wrapup() was.  This is unusual, but not always a problem.  For example, exporting JNLP will do this.
0 ms. Memory: 458752K Free: 207231K (45%)
----------------- Invoking toplevel() on ptolemy.moml.MoMLSimpleApplication@77111535
----------------- Done invoking toplevel() on ptolemy.moml.MoMLSimpleApplication@77111535
reloadAllAccessors: .PublisherPortToplevelSubscriberPortAOC

===========================================================================================
----------------- testing Sun Dec 08 06:19:03 UTC 2019 /home/travis/build/icyphy/ptII/ptolemy/actor/lib/test/auto/PublisherSubscriber.xml
----------------- Instantiating /home/travis/build/icyphy/ptII/ptolemy/actor/lib/test/auto/PublisherSubscriber.xml
3 ms. Memory: 458752K Free: 199553K (43%)
----------------- Invoking toplevel() on ptolemy.moml.MoMLSimpleApplication@3f6d9cfd
----------------- Done invoking toplevel() on ptolemy.moml.MoMLSimpleApplication@3f6d9cfd
reloadAllAccessors: .PublisherSubscriber

===========================================================================================
----------------- testing Sun Dec 08 06:19:03 UTC 2019 /home/travis/build/icyphy/ptII/ptolemy/actor/lib/test/auto/PublisherSubscriber10.xml
----------------- Instantiating /home/travis/build/icyphy/ptII/ptolemy/actor/lib/test/auto/PublisherSubscriber10.xml
6 ms. Memory: 458752K Free: 189823K (41%)
----------------- Invoking toplevel() on ptolemy.moml.MoMLSimpleApplication@2f437183
----------------- Done invoking toplevel() on ptolemy.moml.MoMLSimpleApplication@2f437183
reloadAllAccessors: .PublisherSubscriber10

===========================================================================================
----------------- testing Sun Dec 08 06:19:03 UTC 2019 /home/travis/build/icyphy/ptII/ptolemy/actor/lib/test/auto/PublisherSubscriber10InitialOutputs.xml
----------------- Instantiating /home/travis/build/icyphy/ptII/ptolemy/actor/lib/test/auto/PublisherSubscriber10InitialOutputs.xml
14 ms. Memory: 458752K Free: 180607K (39%)
----------------- Invoking toplevel() on ptolemy.moml.MoMLSimpleApplication@3db71121
----------------- Done invoking toplevel() on ptolemy.moml.MoMLSimpleApplication@3db71121
reloadAllAccessors: .PublisherSubscriber10InitialOutputs

===========================================================================================
----------------- testing Sun Dec 08 06:19:03 UTC 2019 /home/travis/build/icyphy/ptII/ptolemy/actor/lib/test/auto/PublisherSubscriber11.xml
----------------- Instantiating /home/travis/build/icyphy/ptII/ptolemy/actor/lib/test/auto/PublisherSubscriber11.xml
4 ms. Memory: 458752K Free: 174448K (38%)
----------------- Invoking toplevel() on ptolemy.moml.MoMLSimpleApplication@f98f393
----------------- Done invoking toplevel() on ptolemy.moml.MoMLSimpleApplication@f98f393
reloadAllAccessors: .PublisherSubscriber11

===========================================================================================
----------------- testing Sun Dec 08 06:19:03 UTC 2019 /home/travis/build/icyphy/ptII/ptolemy/actor/lib/test/auto/PublisherSubscriber12.xml
----------------- Instantiating /home/travis/build/icyphy/ptII/ptolemy/actor/lib/test/auto/PublisherSubscriber12.xml
4 ms. Memory: 458752K Free: 167295K (36%)
----------------- Invoking toplevel() on ptolemy.moml.MoMLSimpleApplication@15f97a69
----------------- Done invoking toplevel() on ptolemy.moml.MoMLSimpleApplication@15f97a69
reloadAllAccessors: .PublisherSubscriber12

===========================================================================================
----------------- testing Sun Dec 08 06:19:03 UTC 2019 /home/travis/build/icyphy/ptII/ptolemy/actor/lib/test/auto/PublisherSubscriber13.xml
----------------- Instantiating /home/travis/build/icyphy/ptII/ptolemy/actor/lib/test/auto/PublisherSubscriber13.xml
1 ms. Memory: 458752K Free: 161665K (35%)
----------------- Invoking toplevel() on ptolemy.moml.MoMLSimpleApplication@682a935b
----------------- Done invoking toplevel() on ptolemy.moml.MoMLSimpleApplication@682a935b
reloadAllAccessors: .PublisherSubscriber13

===========================================================================================
----------------- testing Sun Dec 08 06:19:03 UTC 2019 /home/travis/build/icyphy/ptII/ptolemy/actor/lib/test/auto/PublisherSubscriber14.xml
----------------- Instantiating /home/travis/build/icyphy/ptII/ptolemy/actor/lib/test/auto/PublisherSubscriber14.xml
2 ms. Memory: 458752K Free: 152944K (33%)
----------------- Invoking toplevel() on ptolemy.moml.MoMLSimpleApplication@7c382697
----------------- Done invoking toplevel() on ptolemy.moml.MoMLSimpleApplication@7c382697
reloadAllAccessors: .PublisherSubscriber14

===========================================================================================
----------------- testing Sun Dec 08 06:19:03 UTC 2019 /home/travis/build/icyphy/ptII/ptolemy/actor/lib/test/auto/PublisherSubscriber2.xml
----------------- Instantiating /home/travis/build/icyphy/ptII/ptolemy/actor/lib/test/auto/PublisherSubscriber2.xml
6 ms. Memory: 458752K Free: 147329K (32%)
----------------- Invoking toplevel() on ptolemy.moml.MoMLSimpleApplication@2e0cf508
----------------- Done invoking toplevel() on ptolemy.moml.MoMLSimpleApplication@2e0cf508
reloadAllAccessors: .PublisherSubscriber2

===========================================================================================
----------------- testing Sun Dec 08 06:19:03 UTC 2019 /home/travis/build/icyphy/ptII/ptolemy/actor/lib/test/auto/PublisherSubscriber3.xml
----------------- Instantiating /home/travis/build/icyphy/ptII/ptolemy/actor/lib/test/auto/PublisherSubscriber3.xml
2 ms. Memory: 458752K Free: 405856K (88%)
----------------- Invoking toplevel() on ptolemy.moml.MoMLSimpleApplication@73a465e3
----------------- Done invoking toplevel() on ptolemy.moml.MoMLSimpleApplication@73a465e3
reloadAllAccessors: .PublisherSubscriber3

===========================================================================================
----------------- testing Sun Dec 08 06:19:03 UTC 2019 /home/travis/build/icyphy/ptII/ptolemy/actor/lib/test/auto/PublisherSubscriber4.xml
----------------- Instantiating /home/travis/build/icyphy/ptII/ptolemy/actor/lib/test/auto/PublisherSubscriber4.xml
1 ms. Memory: 458752K Free: 400736K (87%)
----------------- Invoking toplevel() on ptolemy.moml.MoMLSimpleApplication@36897174
----------------- Done invoking toplevel() on ptolemy.moml.MoMLSimpleApplication@36897174
reloadAllAccessors: .PublisherSubscriber4

===========================================================================================
----------------- testing Sun Dec 08 06:19:03 UTC 2019 /home/travis/build/icyphy/ptII/ptolemy/actor/lib/test/auto/PublisherSubscriber5.xml
----------------- Instantiating /home/travis/build/icyphy/ptII/ptolemy/actor/lib/test/auto/PublisherSubscriber5.xml
2 ms. Memory: 458752K Free: 394113K (86%)
----------------- Invoking toplevel() on ptolemy.moml.MoMLSimpleApplication@3e1ddb64
----------------- Done invoking toplevel() on ptolemy.moml.MoMLSimpleApplication@3e1ddb64
reloadAllAccessors: .PublisherSubscriber5

===========================================================================================
----------------- testing Sun Dec 08 06:19:03 UTC 2019 /home/travis/build/icyphy/ptII/ptolemy/actor/lib/test/auto/PublisherSubscriber6.xml
----------------- Instantiating /home/travis/build/icyphy/ptII/ptolemy/actor/lib/test/auto/PublisherSubscriber6.xml
4 ms. Memory: 458752K Free: 387440K (84%)
----------------- Invoking toplevel() on ptolemy.moml.MoMLSimpleApplication@4bf45a3b
----------------- Done invoking toplevel() on ptolemy.moml.MoMLSimpleApplication@4bf45a3b
reloadAllAccessors: .PublisherSubscriber6

===========================================================================================
----------------- testing Sun Dec 08 06:19:04 UTC 2019 /home/travis/build/icyphy/ptII/ptolemy/actor/lib/test/auto/PublisherSubscriber7.xml
----------------- Instantiating /home/travis/build/icyphy/ptII/ptolemy/actor/lib/test/auto/PublisherSubscriber7.xml
7 ms. Memory: 458752K Free: 380801K (83%)
----------------- Invoking toplevel() on ptolemy.moml.MoMLSimpleApplication@7ce36454
----------------- Done invoking toplevel() on ptolemy.moml.MoMLSimpleApplication@7ce36454
reloadAllAccessors: .PublisherSubscriber7

===========================================================================================
----------------- testing Sun Dec 08 06:19:04 UTC 2019 /home/travis/build/icyphy/ptII/ptolemy/actor/lib/test/auto/PublisherSubscriber8.xml
----------------- Instantiating /home/travis/build/icyphy/ptII/ptolemy/actor/lib/test/auto/PublisherSubscriber8.xml
9 ms. Memory: 458752K Free: 369023K (80%)
----------------- Invoking toplevel() on ptolemy.moml.MoMLSimpleApplication@7939c412
----------------- Done invoking toplevel() on ptolemy.moml.MoMLSimpleApplication@7939c412
reloadAllAccessors: .PublisherSubscriber8

===========================================================================================
----------------- testing Sun Dec 08 06:19:04 UTC 2019 /home/travis/build/icyphy/ptII/ptolemy/actor/lib/test/auto/PublisherSubscriber9.xml
----------------- Instantiating /home/travis/build/icyphy/ptII/ptolemy/actor/lib/test/auto/PublisherSubscriber9.xml
2 ms. Memory: 458752K Free: 362369K (79%)
----------------- Invoking toplevel() on ptolemy.moml.MoMLSimpleApplication@3a169b39
----------------- Done invoking toplevel() on ptolemy.moml.MoMLSimpleApplication@3a169b39
reloadAllAccessors: .PublisherSubscriber9

===========================================================================================
----------------- testing Sun Dec 08 06:19:04 UTC 2019 /home/travis/build/icyphy/ptII/ptolemy/actor/lib/test/auto/PublisherSubscriberAdjacent.xml
----------------- Instantiating /home/travis/build/icyphy/ptII/ptolemy/actor/lib/test/auto/PublisherSubscriberAdjacent.xml
1 ms. Memory: 458752K Free: 353663K (77%)
----------------- Invoking toplevel() on ptolemy.moml.MoMLSimpleApplication@da6cde0
----------------- Done invoking toplevel() on ptolemy.moml.MoMLSimpleApplication@da6cde0
reloadAllAccessors: .PublisherSubscriberAdjacent

===========================================================================================
----------------- testing Sun Dec 08 06:19:04 UTC 2019 /home/travis/build/icyphy/ptII/ptolemy/actor/lib/test/auto/PublisherSubscriberChannelVariablesAOC2.xml
----------------- Instantiating /home/travis/build/icyphy/ptII/ptolemy/actor/lib/test/auto/PublisherSubscriberChannelVariablesAOC2.xml
2 ms. Memory: 458752K Free: 338817K (74%)
----------------- Invoking toplevel() on ptolemy.moml.MoMLSimpleApplication@792e194c
----------------- Done invoking toplevel() on ptolemy.moml.MoMLSimpleApplication@792e194c
reloadAllAccessors: .PublisherSubscriberChannelVariablesAOC2

===========================================================================================
----------------- testing Sun Dec 08 06:19:04 UTC 2019 /home/travis/build/icyphy/ptII/ptolemy/actor/lib/test/auto/PublisherSubscriberD3.xml
----------------- Instantiating /home/travis/build/icyphy/ptII/ptolemy/actor/lib/test/auto/PublisherSubscriberD3.xml
2 ms. Memory: 458752K Free: 331649K (72%)
----------------- Invoking toplevel() on ptolemy.moml.MoMLSimpleApplication@60a1fdb2
----------------- Done invoking toplevel() on ptolemy.moml.MoMLSimpleApplication@60a1fdb2
reloadAllAccessors: .PublisherSubscriberD3

===========================================================================================
----------------- testing Sun Dec 08 06:19:04 UTC 2019 /home/travis/build/icyphy/ptII/ptolemy/actor/lib/test/auto/PublisherSubscriberD3Reverse.xml
----------------- Instantiating /home/travis/build/icyphy/ptII/ptolemy/actor/lib/test/auto/PublisherSubscriberD3Reverse.xml
1 ms. Memory: 458752K Free: 325505K (71%)
----------------- Invoking toplevel() on ptolemy.moml.MoMLSimpleApplication@5218e8dd
----------------- Done invoking toplevel() on ptolemy.moml.MoMLSimpleApplication@5218e8dd
reloadAllAccessors: .PublisherSubscriberD3Reverse

===========================================================================================
----------------- testing Sun Dec 08 06:19:04 UTC 2019 /home/travis/build/icyphy/ptII/ptolemy/actor/lib/test/auto/PublisherSubscriberExpression.xml
----------------- Instantiating /home/travis/build/icyphy/ptII/ptolemy/actor/lib/test/auto/PublisherSubscriberExpression.xml
3 ms. Memory: 458752K Free: 316784K (69%)
----------------- Invoking toplevel() on ptolemy.moml.MoMLSimpleApplication@5da775a5
----------------- Done invoking toplevel() on ptolemy.moml.MoMLSimpleApplication@5da775a5
reloadAllAccessors: .PublisherSubscriberExpression

===========================================================================================
----------------- testing Sun Dec 08 06:19:04 UTC 2019 /home/travis/build/icyphy/ptII/ptolemy/actor/lib/test/auto/PublisherSubscriberOpaque.xml
----------------- Instantiating /home/travis/build/icyphy/ptII/ptolemy/actor/lib/test/auto/PublisherSubscriberOpaque.xml
3 ms. Memory: 458752K Free: 308607K (67%)
----------------- Invoking toplevel() on ptolemy.moml.MoMLSimpleApplication@56c32ed3
----------------- Done invoking toplevel() on ptolemy.moml.MoMLSimpleApplication@56c32ed3
reloadAllAccessors: .PublisherSubscriberOpaque

===========================================================================================
----------------- testing Sun Dec 08 06:19:04 UTC 2019 /home/travis/build/icyphy/ptII/ptolemy/actor/lib/test/auto/PublisherSubscriberOpaqueD3.xml
----------------- Instantiating /home/travis/build/icyphy/ptII/ptolemy/actor/lib/test/auto/PublisherSubscriberOpaqueD3.xml
5 ms. Memory: 458752K Free: 296833K (65%)
----------------- Invoking toplevel() on ptolemy.moml.MoMLSimpleApplication@3fed73e
----------------- Done invoking toplevel() on ptolemy.moml.MoMLSimpleApplication@3fed73e
reloadAllAccessors: .PublisherSubscriberOpaqueD3

===========================================================================================
----------------- testing Sun Dec 08 06:19:04 UTC 2019 /home/travis/build/icyphy/ptII/ptolemy/actor/lib/test/auto/PublisherSubscriberOpaqueD3Reverse.xml
----------------- Instantiating /home/travis/build/icyphy/ptII/ptolemy/actor/lib/test/auto/PublisherSubscriberOpaqueD3Reverse.xml
7 ms. Memory: 458752K Free: 286079K (62%)
----------------- Invoking toplevel() on ptolemy.moml.MoMLSimpleApplication@4083b847
----------------- Done invoking toplevel() on ptolemy.moml.MoMLSimpleApplication@4083b847
reloadAllAccessors: .PublisherSubscriberOpaqueD3Reverse

===========================================================================================
----------------- testing Sun Dec 08 06:19:04 UTC 2019 /home/travis/build/icyphy/ptII/ptolemy/actor/lib/test/auto/PublisherSubscriberOpaqueWidthInference.xml
----------------- Instantiating /home/travis/build/icyphy/ptII/ptolemy/actor/lib/test/auto/PublisherSubscriberOpaqueWidthInference.xml
3 ms. Memory: 458752K Free: 277872K (61%)
----------------- Invoking toplevel() on ptolemy.moml.MoMLSimpleApplication@4edf2d08
----------------- Done invoking toplevel() on ptolemy.moml.MoMLSimpleApplication@4edf2d08
reloadAllAccessors: .PublisherSubscriberOpaqueWidthInference

===========================================================================================
----------------- testing Sun Dec 08 06:19:04 UTC 2019 /home/travis/build/icyphy/ptII/ptolemy/actor/lib/test/auto/PublisherTestSubscriber.xml
----------------- Instantiating /home/travis/build/icyphy/ptII/ptolemy/actor/lib/test/auto/PublisherTestSubscriber.xml
3 ms. Memory: 458752K Free: 270209K (59%)
----------------- Invoking toplevel() on ptolemy.moml.MoMLSimpleApplication@65e5513a
----------------- Done invoking toplevel() on ptolemy.moml.MoMLSimpleApplication@65e5513a
reloadAllAccessors: .PublisherTestSubscriber

===========================================================================================
----------------- testing Sun Dec 08 06:19:04 UTC 2019 /home/travis/build/icyphy/ptII/ptolemy/actor/lib/test/auto/PublisherToplevelSubscriberPortAOC.xml
----------------- Instantiating /home/travis/build/icyphy/ptII/ptolemy/actor/lib/test/auto/PublisherToplevelSubscriberPortAOC.xml
2 ms. Memory: 458752K Free: 263520K (57%)
----------------- Invoking toplevel() on ptolemy.moml.MoMLSimpleApplication@2dca1900
----------------- Done invoking toplevel() on ptolemy.moml.MoMLSimpleApplication@2dca1900
reloadAllAccessors: .PublisherToplevelSubscriberPortAOC

===========================================================================================
----------------- testing Sun Dec 08 06:19:04 UTC 2019 /home/travis/build/icyphy/ptII/ptolemy/actor/lib/test/auto/PulseFiringLimitDE.xml
----------------- Instantiating /home/travis/build/icyphy/ptII/ptolemy/actor/lib/test/auto/PulseFiringLimitDE.xml
1 ms. Memory: 458752K Free: 257407K (56%)
----------------- Invoking toplevel() on ptolemy.moml.MoMLSimpleApplication@39019aac
----------------- Done invoking toplevel() on ptolemy.moml.MoMLSimpleApplication@39019aac
reloadAllAccessors: .PulseFiringLimitDE

===========================================================================================
----------------- testing Sun Dec 08 06:19:04 UTC 2019 /home/travis/build/icyphy/ptII/ptolemy/actor/lib/test/auto/Ramp1.xml
----------------- Instantiating /home/travis/build/icyphy/ptII/ptolemy/actor/lib/test/auto/Ramp1.xml
1 ms. Memory: 458752K Free: 253304K (55%)
----------------- Invoking toplevel() on ptolemy.moml.MoMLSimpleApplication@25289105
----------------- Done invoking toplevel() on ptolemy.moml.MoMLSimpleApplication@25289105
reloadAllAccessors: .Ramp1

===========================================================================================
----------------- testing Sun Dec 08 06:19:04 UTC 2019 /home/travis/build/icyphy/ptII/ptolemy/actor/lib/test/auto/RampFiringLimitDE.xml
----------------- Instantiating /home/travis/build/icyphy/ptII/ptolemy/actor/lib/test/auto/RampFiringLimitDE.xml
2 ms. Memory: 458752K Free: 247152K (54%)
----------------- Invoking toplevel() on ptolemy.moml.MoMLSimpleApplication@4996730
----------------- Done invoking toplevel() on ptolemy.moml.MoMLSimpleApplication@4996730
reloadAllAccessors: .RampFiringLimitDE

===========================================================================================
----------------- testing Sun Dec 08 06:19:04 UTC 2019 /home/travis/build/icyphy/ptII/ptolemy/actor/lib/test/auto/RampFiringLimitSDF.xml
----------------- Instantiating /home/travis/build/icyphy/ptII/ptolemy/actor/lib/test/auto/RampFiringLimitSDF.xml
2 ms. Memory: 458752K Free: 242032K (53%)
----------------- Invoking toplevel() on ptolemy.moml.MoMLSimpleApplication@673028e6
----------------- Done invoking toplevel() on ptolemy.moml.MoMLSimpleApplication@673028e6
reloadAllAccessors: .RampFiringLimitSDF

===========================================================================================
----------------- testing Sun Dec 08 06:19:04 UTC 2019 /home/travis/build/icyphy/ptII/ptolemy/actor/lib/test/auto/RandomInteger.xml
----------------- Instantiating /home/travis/build/icyphy/ptII/ptolemy/actor/lib/test/auto/RandomInteger.xml
1 ms. Memory: 458752K Free: 237951K (52%)
----------------- Invoking toplevel() on ptolemy.moml.MoMLSimpleApplication@3fd7b15a
----------------- Done invoking toplevel() on ptolemy.moml.MoMLSimpleApplication@3fd7b15a
reloadAllAccessors: .RandomInteger

===========================================================================================
----------------- testing Sun Dec 08 06:19:04 UTC 2019 /home/travis/build/icyphy/ptII/ptolemy/actor/lib/test/auto/ReadFile1.xml
----------------- Instantiating /home/travis/build/icyphy/ptII/ptolemy/actor/lib/test/auto/ReadFile1.xml
1 ms. Memory: 458752K Free: 233345K (51%)
----------------- Invoking toplevel() on ptolemy.moml.MoMLSimpleApplication@72770edf
----------------- Done invoking toplevel() on ptolemy.moml.MoMLSimpleApplication@72770edf
reloadAllAccessors: .ReadFile1

===========================================================================================
----------------- testing Sun Dec 08 06:19:04 UTC 2019 /home/travis/build/icyphy/ptII/ptolemy/actor/lib/test/auto/ReadFile2.xml
----------------- Instantiating /home/travis/build/icyphy/ptII/ptolemy/actor/lib/test/auto/ReadFile2.xml
1 ms. Memory: 458752K Free: 229249K (50%)
----------------- Invoking toplevel() on ptolemy.moml.MoMLSimpleApplication@5f394e27
----------------- Done invoking toplevel() on ptolemy.moml.MoMLSimpleApplication@5f394e27
reloadAllAccessors: .ReadFile2

===========================================================================================
----------------- testing Sun Dec 08 06:19:04 UTC 2019 /home/travis/build/icyphy/ptII/ptolemy/actor/lib/test/auto/Reader.xml
----------------- Instantiating /home/travis/build/icyphy/ptII/ptolemy/actor/lib/test/auto/Reader.xml
actor.lib.Reader is obsolete, use actor.lib.io.ExpressionReader instead
3 ms. Memory: 458752K Free: 225153K (49%)
----------------- Invoking toplevel() on ptolemy.moml.MoMLSimpleApplication@74ed0811
----------------- Done invoking toplevel() on ptolemy.moml.MoMLSimpleApplication@74ed0811
reloadAllAccessors: .Reader

===========================================================================================
----------------- testing Sun Dec 08 06:19:04 UTC 2019 /home/travis/build/icyphy/ptII/ptolemy/actor/lib/test/auto/RecordAssemblerDisplayNameTest.xml
----------------- Instantiating /home/travis/build/icyphy/ptII/ptolemy/actor/lib/test/auto/RecordAssemblerDisplayNameTest.xml
3415 ms. Memory: 458752K Free: 335233K (73%)
----------------- Invoking toplevel() on ptolemy.moml.MoMLSimpleApplication@4951c2da
----------------- Done invoking toplevel() on ptolemy.moml.MoMLSimpleApplication@4951c2da
reloadAllAccessors: .RecordAssemblerDisplayNameTest

===========================================================================================
----------------- testing Sun Dec 08 06:19:07 UTC 2019 /home/travis/build/icyphy/ptII/ptolemy/actor/lib/test/auto/RecordAssemblerTypeError.xml
----------------- Instantiating /home/travis/build/icyphy/ptII/ptolemy/actor/lib/test/auto/RecordAssemblerTypeError.xml
7 ms. Memory: 458752K Free: 325503K (71%)
----------------- Invoking toplevel() on ptolemy.moml.MoMLSimpleApplication@682207ca
----------------- Done invoking toplevel() on ptolemy.moml.MoMLSimpleApplication@682207ca
reloadAllAccessors: .RecordAssemblerTypeError

===========================================================================================
----------------- testing Sun Dec 08 06:19:07 UTC 2019 /home/travis/build/icyphy/ptII/ptolemy/actor/lib/test/auto/RecordDisassember.xml
----------------- Instantiating /home/travis/build/icyphy/ptII/ptolemy/actor/lib/test/auto/RecordDisassember.xml
4 ms. Memory: 458752K Free: 320897K (70%)
----------------- Invoking toplevel() on ptolemy.moml.MoMLSimpleApplication@35d44598
----------------- Done invoking toplevel() on ptolemy.moml.MoMLSimpleApplication@35d44598
reloadAllAccessors: .RecordDisassember

===========================================================================================
----------------- testing Sun Dec 08 06:19:07 UTC 2019 /home/travis/build/icyphy/ptII/ptolemy/actor/lib/test/auto/RecordDisassemberDisplayNameTest.xml
----------------- Instantiating /home/travis/build/icyphy/ptII/ptolemy/actor/lib/test/auto/RecordDisassemberDisplayNameTest.xml
7 ms. Memory: 458752K Free: 313215K (68%)
----------------- Invoking toplevel() on ptolemy.moml.MoMLSimpleApplication@366a547f
----------------- Done invoking toplevel() on ptolemy.moml.MoMLSimpleApplication@366a547f
reloadAllAccessors: .RecordDisassemberDisplayNameTest

===========================================================================================
----------------- testing Sun Dec 08 06:19:07 UTC 2019 /home/travis/build/icyphy/ptII/ptolemy/actor/lib/test/auto/RecordDisassembler.xml
----------------- Instantiating /home/travis/build/icyphy/ptII/ptolemy/actor/lib/test/auto/RecordDisassembler.xml
4 ms. Memory: 458752K Free: 308064K (67%)
----------------- Invoking toplevel() on ptolemy.moml.MoMLSimpleApplication@39edd065
----------------- Done invoking toplevel() on ptolemy.moml.MoMLSimpleApplication@39edd065
reloadAllAccessors: .RecordDisassembler

===========================================================================================
----------------- testing Sun Dec 08 06:19:07 UTC 2019 /home/travis/build/icyphy/ptII/ptolemy/actor/lib/test/auto/RecordDisassembler2.xml
----------------- Instantiating /home/travis/build/icyphy/ptII/ptolemy/actor/lib/test/auto/RecordDisassembler2.xml
3 ms. Memory: 458752K Free: 302960K (66%)
----------------- Invoking toplevel() on ptolemy.moml.MoMLSimpleApplication@7a0e9ac6
----------------- Done invoking toplevel() on ptolemy.moml.MoMLSimpleApplication@7a0e9ac6
reloadAllAccessors: .RecordDisassembler2

===========================================================================================
----------------- testing Sun Dec 08 06:19:07 UTC 2019 /home/travis/build/icyphy/ptII/ptolemy/actor/lib/test/auto/RecordUpdater.xml
----------------- Instantiating /home/travis/build/icyphy/ptII/ptolemy/actor/lib/test/auto/RecordUpdater.xml
2 ms. Memory: 458752K Free: 297855K (65%)
----------------- Invoking toplevel() on ptolemy.moml.MoMLSimpleApplication@3f43d8dd
----------------- Done invoking toplevel() on ptolemy.moml.MoMLSimpleApplication@3f43d8dd
reloadAllAccessors: .RecordUpdater

===========================================================================================
----------------- testing Sun Dec 08 06:19:07 UTC 2019 /home/travis/build/icyphy/ptII/ptolemy/actor/lib/test/auto/RecordUpdater2.xml
----------------- Instantiating /home/travis/build/icyphy/ptII/ptolemy/actor/lib/test/auto/RecordUpdater2.xml
2 ms. Memory: 458752K Free: 292735K (64%)
----------------- Invoking toplevel() on ptolemy.moml.MoMLSimpleApplication@283d96da
----------------- Done invoking toplevel() on ptolemy.moml.MoMLSimpleApplication@283d96da
reloadAllAccessors: .RecordUpdater2

===========================================================================================
----------------- testing Sun Dec 08 06:19:07 UTC 2019 /home/travis/build/icyphy/ptII/ptolemy/actor/lib/test/auto/RecursiveLattice.xml
----------------- Instantiating /home/travis/build/icyphy/ptII/ptolemy/actor/lib/test/auto/RecursiveLattice.xml
1 ms. Memory: 458752K Free: 288129K (63%)
----------------- Invoking toplevel() on ptolemy.moml.MoMLSimpleApplication@53ed6393
----------------- Done invoking toplevel() on ptolemy.moml.MoMLSimpleApplication@53ed6393
reloadAllAccessors: .RecursiveLattice

===========================================================================================
----------------- testing Sun Dec 08 06:19:07 UTC 2019 /home/travis/build/icyphy/ptII/ptolemy/actor/lib/test/auto/Router.xml
----------------- Instantiating /home/travis/build/icyphy/ptII/ptolemy/actor/lib/test/auto/Router.xml
3004 ms. Memory: 458752K Free: 276351K (60%)
----------------- Invoking toplevel() on ptolemy.moml.MoMLSimpleApplication@76cb86a1
----------------- Done invoking toplevel() on ptolemy.moml.MoMLSimpleApplication@76cb86a1
reloadAllAccessors: .Router

===========================================================================================
----------------- testing Sun Dec 08 06:19:10 UTC 2019 /home/travis/build/icyphy/ptII/ptolemy/actor/lib/test/auto/Router2.xml
----------------- Instantiating /home/travis/build/icyphy/ptII/ptolemy/actor/lib/test/auto/Router2.xml
3012 ms. Memory: 458752K Free: 265601K (58%)
----------------- Invoking toplevel() on ptolemy.moml.MoMLSimpleApplication@690c3634
----------------- Done invoking toplevel() on ptolemy.moml.MoMLSimpleApplication@690c3634
reloadAllAccessors: .Router2

===========================================================================================
----------------- testing Sun Dec 08 06:19:14 UTC 2019 /home/travis/build/icyphy/ptII/ptolemy/actor/lib/test/auto/RunningMaximum.xml
----------------- Instantiating /home/travis/build/icyphy/ptII/ptolemy/actor/lib/test/auto/RunningMaximum.xml
5 ms. Memory: 458752K Free: 260991K (57%)
----------------- Invoking toplevel() on ptolemy.moml.MoMLSimpleApplication@70380d8d
----------------- Done invoking toplevel() on ptolemy.moml.MoMLSimpleApplication@70380d8d
reloadAllAccessors: .RunningMaximum

===========================================================================================
----------------- testing Sun Dec 08 06:19:14 UTC 2019 /home/travis/build/icyphy/ptII/ptolemy/actor/lib/test/auto/RunningMinimum.xml
----------------- Instantiating /home/travis/build/icyphy/ptII/ptolemy/actor/lib/test/auto/RunningMinimum.xml
15 ms. Memory: 458752K Free: 256385K (56%)
----------------- Invoking toplevel() on ptolemy.moml.MoMLSimpleApplication@c6040f
----------------- Done invoking toplevel() on ptolemy.moml.MoMLSimpleApplication@c6040f
reloadAllAccessors: .RunningMinimum

===========================================================================================
----------------- testing Sun Dec 08 06:19:14 UTC 2019 /home/travis/build/icyphy/ptII/ptolemy/actor/lib/test/auto/Scale.xml
----------------- Instantiating /home/travis/build/icyphy/ptII/ptolemy/actor/lib/test/auto/Scale.xml
2 ms. Memory: 458752K Free: 251775K (55%)
----------------- Invoking toplevel() on ptolemy.moml.MoMLSimpleApplication@68cdb243
----------------- Done invoking toplevel() on ptolemy.moml.MoMLSimpleApplication@68cdb243
reloadAllAccessors: .Scale

===========================================================================================
----------------- testing Sun Dec 08 06:19:14 UTC 2019 /home/travis/build/icyphy/ptII/ptolemy/actor/lib/test/auto/Scale2.xml
----------------- Instantiating /home/travis/build/icyphy/ptII/ptolemy/actor/lib/test/auto/Scale2.xml
1 ms. Memory: 458752K Free: 247169K (54%)
----------------- Invoking toplevel() on ptolemy.moml.MoMLSimpleApplication@147f1931
----------------- Done invoking toplevel() on ptolemy.moml.MoMLSimpleApplication@147f1931
reloadAllAccessors: .Scale2

===========================================================================================
----------------- testing Sun Dec 08 06:19:14 UTC 2019 /home/travis/build/icyphy/ptII/ptolemy/actor/lib/test/auto/Scale3.xml
----------------- Instantiating /home/travis/build/icyphy/ptII/ptolemy/actor/lib/test/auto/Scale3.xml
3 ms. Memory: 458752K Free: 240511K (52%)
----------------- Invoking toplevel() on ptolemy.moml.MoMLSimpleApplication@29bf3263
----------------- Done invoking toplevel() on ptolemy.moml.MoMLSimpleApplication@29bf3263
reloadAllAccessors: .Scale3

===========================================================================================
----------------- testing Sun Dec 08 06:19:14 UTC 2019 /home/travis/build/icyphy/ptII/ptolemy/actor/lib/test/auto/ScaleArray.xml
----------------- Instantiating /home/travis/build/icyphy/ptII/ptolemy/actor/lib/test/auto/ScaleArray.xml
2 ms. Memory: 458752K Free: 235905K (51%)
----------------- Invoking toplevel() on ptolemy.moml.MoMLSimpleApplication@67eab713
----------------- Done invoking toplevel() on ptolemy.moml.MoMLSimpleApplication@67eab713
reloadAllAccessors: .ScaleArray

===========================================================================================
----------------- testing Sun Dec 08 06:19:14 UTC 2019 /home/travis/build/icyphy/ptII/ptolemy/actor/lib/test/auto/ScaleArray2.xml
----------------- Instantiating /home/travis/build/icyphy/ptII/ptolemy/actor/lib/test/auto/ScaleArray2.xml
2 ms. Memory: 458752K Free: 230785K (50%)
----------------- Invoking toplevel() on ptolemy.moml.MoMLSimpleApplication@51979000
----------------- Done invoking toplevel() on ptolemy.moml.MoMLSimpleApplication@51979000
reloadAllAccessors: .ScaleArray2

===========================================================================================
----------------- testing Sun Dec 08 06:19:14 UTC 2019 /home/travis/build/icyphy/ptII/ptolemy/actor/lib/test/auto/ScaleMatrix.xml
----------------- Instantiating /home/travis/build/icyphy/ptII/ptolemy/actor/lib/test/auto/ScaleMatrix.xml
178 ms. Memory: 458752K Free: 217983K (48%)
----------------- Invoking toplevel() on ptolemy.moml.MoMLSimpleApplication@103aa8c9
----------------- Done invoking toplevel() on ptolemy.moml.MoMLSimpleApplication@103aa8c9
reloadAllAccessors: .ScaleMatrix

===========================================================================================
----------------- testing Sun Dec 08 06:19:14 UTC 2019 /home/travis/build/icyphy/ptII/ptolemy/actor/lib/test/auto/Select.xml
----------------- Instantiating /home/travis/build/icyphy/ptII/ptolemy/actor/lib/test/auto/Select.xml
2 ms. Memory: 458752K Free: 211808K (46%)
----------------- Invoking toplevel() on ptolemy.moml.MoMLSimpleApplication@cffde8c
----------------- Done invoking toplevel() on ptolemy.moml.MoMLSimpleApplication@cffde8c
reloadAllAccessors: .Select

===========================================================================================
----------------- testing Sun Dec 08 06:19:14 UTC 2019 /home/travis/build/icyphy/ptII/ptolemy/actor/lib/test/auto/Select2.xml
----------------- Instantiating /home/travis/build/icyphy/ptII/ptolemy/actor/lib/test/auto/Select2.xml
1 ms. Memory: 458752K Free: 207233K (45%)
----------------- Invoking toplevel() on ptolemy.moml.MoMLSimpleApplication@565e392e
----------------- Done invoking toplevel() on ptolemy.moml.MoMLSimpleApplication@565e392e
reloadAllAccessors: .Select2

===========================================================================================
----------------- testing Sun Dec 08 06:19:14 UTC 2019 /home/travis/build/icyphy/ptII/ptolemy/actor/lib/test/auto/SequenceToArray2.xml
----------------- Instantiating /home/travis/build/icyphy/ptII/ptolemy/actor/lib/test/auto/SequenceToArray2.xml
89 ms. Memory: 458752K Free: 183152K (40%)
----------------- Invoking toplevel() on ptolemy.moml.MoMLSimpleApplication@388d86b7
----------------- Done invoking toplevel() on ptolemy.moml.MoMLSimpleApplication@388d86b7
reloadAllAccessors: .SequenceToArray2

===========================================================================================
----------------- testing Sun Dec 08 06:19:14 UTC 2019 /home/travis/build/icyphy/ptII/ptolemy/actor/lib/test/auto/SequentialClock.xml
----------------- Instantiating /home/travis/build/icyphy/ptII/ptolemy/actor/lib/test/auto/SequentialClock.xml
1 ms. Memory: 458752K Free: 178047K (39%)
----------------- Invoking toplevel() on ptolemy.moml.MoMLSimpleApplication@771c6dcb
----------------- Done invoking toplevel() on ptolemy.moml.MoMLSimpleApplication@771c6dcb
reloadAllAccessors: .SequentialClock

===========================================================================================
----------------- testing Sun Dec 08 06:19:14 UTC 2019 /home/travis/build/icyphy/ptII/ptolemy/actor/lib/test/auto/SetVariable.xml
----------------- Instantiating /home/travis/build/icyphy/ptII/ptolemy/actor/lib/test/auto/SetVariable.xml
2 ms. Memory: 458752K Free: 173441K (38%)
----------------- Invoking toplevel() on ptolemy.moml.MoMLSimpleApplication@fa20652
----------------- Done invoking toplevel() on ptolemy.moml.MoMLSimpleApplication@fa20652
reloadAllAccessors: .SetVariable

===========================================================================================
----------------- testing Sun Dec 08 06:19:14 UTC 2019 /home/travis/build/icyphy/ptII/ptolemy/actor/lib/test/auto/SetVariable2.xml
----------------- Instantiating /home/travis/build/icyphy/ptII/ptolemy/actor/lib/test/auto/SetVariable2.xml
3 ms. Memory: 458752K Free: 168321K (37%)
----------------- Invoking toplevel() on ptolemy.moml.MoMLSimpleApplication@6755564f
----------------- Done invoking toplevel() on ptolemy.moml.MoMLSimpleApplication@6755564f
reloadAllAccessors: .SetVariable2

===========================================================================================
----------------- testing Sun Dec 08 06:19:14 UTC 2019 /home/travis/build/icyphy/ptII/ptolemy/actor/lib/test/auto/SetVariable3.xml
----------------- Instantiating /home/travis/build/icyphy/ptII/ptolemy/actor/lib/test/auto/SetVariable3.xml
6 ms. Memory: 458752K Free: 163201K (36%)
----------------- Invoking toplevel() on ptolemy.moml.MoMLSimpleApplication@101526f3
----------------- Done invoking toplevel() on ptolemy.moml.MoMLSimpleApplication@101526f3
reloadAllAccessors: .SetVariable3

===========================================================================================
----------------- testing Sun Dec 08 06:19:14 UTC 2019 /home/travis/build/icyphy/ptII/ptolemy/actor/lib/test/auto/SetVariable4.xml
----------------- Instantiating /home/travis/build/icyphy/ptII/ptolemy/actor/lib/test/auto/SetVariable4.xml
15 ms. Memory: 458752K Free: 153985K (34%)
----------------- Invoking toplevel() on ptolemy.moml.MoMLSimpleApplication@26e89980
----------------- Done invoking toplevel() on ptolemy.moml.MoMLSimpleApplication@26e89980
reloadAllAccessors: .SetVariable4

===========================================================================================
----------------- testing Sun Dec 08 06:19:14 UTC 2019 /home/travis/build/icyphy/ptII/ptolemy/actor/lib/test/auto/SetVariable5.xml
----------------- Instantiating /home/travis/build/icyphy/ptII/ptolemy/actor/lib/test/auto/SetVariable5.xml
17 ms. Memory: 458752K Free: 144769K (32%)
----------------- Invoking toplevel() on ptolemy.moml.MoMLSimpleApplication@603af259
----------------- Done invoking toplevel() on ptolemy.moml.MoMLSimpleApplication@603af259
reloadAllAccessors: .SetVariable5

===========================================================================================
----------------- testing Sun Dec 08 06:19:14 UTC 2019 /home/travis/build/icyphy/ptII/ptolemy/actor/lib/test/auto/Sinewave.xml
----------------- Instantiating /home/travis/build/icyphy/ptII/ptolemy/actor/lib/test/auto/Sinewave.xml
4 ms. Memory: 458752K Free: 398778K (87%)
----------------- Invoking toplevel() on ptolemy.moml.MoMLSimpleApplication@698c9a6d
----------------- Done invoking toplevel() on ptolemy.moml.MoMLSimpleApplication@698c9a6d
reloadAllAccessors: .Sinewave

===========================================================================================
----------------- testing Sun Dec 08 06:19:14 UTC 2019 /home/travis/build/icyphy/ptII/ptolemy/actor/lib/test/auto/Sinewave2.xml
----------------- Instantiating /home/travis/build/icyphy/ptII/ptolemy/actor/lib/test/auto/Sinewave2.xml
7 ms. Memory: 458752K Free: 390586K (85%)
----------------- Invoking toplevel() on ptolemy.moml.MoMLSimpleApplication@76b8d2b
----------------- Done invoking toplevel() on ptolemy.moml.MoMLSimpleApplication@76b8d2b
reloadAllAccessors: .Sinewave2

===========================================================================================
----------------- testing Sun Dec 08 06:19:14 UTC 2019 /home/travis/build/icyphy/ptII/ptolemy/actor/lib/test/auto/Sinewave3.xml
----------------- Instantiating /home/travis/build/icyphy/ptII/ptolemy/actor/lib/test/auto/Sinewave3.xml
11 ms. Memory: 458752K Free: 382394K (83%)
----------------- Invoking toplevel() on ptolemy.moml.MoMLSimpleApplication@664b0fe1
----------------- Done invoking toplevel() on ptolemy.moml.MoMLSimpleApplication@664b0fe1
reloadAllAccessors: .Sinewave3

===========================================================================================
----------------- testing Sun Dec 08 06:19:14 UTC 2019 /home/travis/build/icyphy/ptII/ptolemy/actor/lib/test/auto/SingleEvent.xml
----------------- Instantiating /home/travis/build/icyphy/ptII/ptolemy/actor/lib/test/auto/SingleEvent.xml
1 ms. Memory: 458752K Free: 378298K (82%)
----------------- Invoking toplevel() on ptolemy.moml.MoMLSimpleApplication@55ada24e
----------------- Done invoking toplevel() on ptolemy.moml.MoMLSimpleApplication@55ada24e
reloadAllAccessors: .SingleEvent

===========================================================================================
----------------- testing Sun Dec 08 06:19:14 UTC 2019 /home/travis/build/icyphy/ptII/ptolemy/actor/lib/test/auto/Sleep.xml
----------------- Instantiating /home/travis/build/icyphy/ptII/ptolemy/actor/lib/test/auto/Sleep.xml
6003 ms. Memory: 458752K Free: 371640K (81%)
----------------- Invoking toplevel() on ptolemy.moml.MoMLSimpleApplication@35bac789
----------------- Done invoking toplevel() on ptolemy.moml.MoMLSimpleApplication@35bac789
reloadAllAccessors: .Sleep

===========================================================================================
----------------- testing Sun Dec 08 06:19:20 UTC 2019 /home/travis/build/icyphy/ptII/ptolemy/actor/lib/test/auto/SleepMultipleFire.xml
----------------- Instantiating /home/travis/build/icyphy/ptII/ptolemy/actor/lib/test/auto/SleepMultipleFire.xml
1005 ms. Memory: 458752K Free: 366010K (80%)
----------------- Invoking toplevel() on ptolemy.moml.MoMLSimpleApplication@1cdf41bc
----------------- Done invoking toplevel() on ptolemy.moml.MoMLSimpleApplication@1cdf41bc
reloadAllAccessors: .SleepMultipleFire

===========================================================================================
----------------- testing Sun Dec 08 06:19:21 UTC 2019 /home/travis/build/icyphy/ptII/ptolemy/actor/lib/test/auto/StopDE.xml
----------------- Instantiating /home/travis/build/icyphy/ptII/ptolemy/actor/lib/test/auto/StopDE.xml
4 ms. Memory: 458752K Free: 360376K (79%)
----------------- Invoking toplevel() on ptolemy.moml.MoMLSimpleApplication@7fe86de
----------------- Done invoking toplevel() on ptolemy.moml.MoMLSimpleApplication@7fe86de
reloadAllAccessors: .StopDE

===========================================================================================
----------------- testing Sun Dec 08 06:19:21 UTC 2019 /home/travis/build/icyphy/ptII/ptolemy/actor/lib/test/auto/StopSDF.xml
----------------- Instantiating /home/travis/build/icyphy/ptII/ptolemy/actor/lib/test/auto/StopSDF.xml
2 ms. Memory: 458752K Free: 355256K (77%)
----------------- Invoking toplevel() on ptolemy.moml.MoMLSimpleApplication@774306bc
----------------- Done invoking toplevel() on ptolemy.moml.MoMLSimpleApplication@774306bc
reloadAllAccessors: .StopSDF

===========================================================================================
----------------- testing Sun Dec 08 06:19:21 UTC 2019 /home/travis/build/icyphy/ptII/ptolemy/actor/lib/test/auto/StringConstant.xml
----------------- Instantiating /home/travis/build/icyphy/ptII/ptolemy/actor/lib/test/auto/StringConstant.xml
7 ms. Memory: 458752K Free: 350648K (76%)
----------------- Invoking toplevel() on ptolemy.moml.MoMLSimpleApplication@5462d4c
----------------- Done invoking toplevel() on ptolemy.moml.MoMLSimpleApplication@5462d4c
reloadAllAccessors: .StringConstant

===========================================================================================
----------------- testing Sun Dec 08 06:19:21 UTC 2019 /home/travis/build/icyphy/ptII/ptolemy/actor/lib/test/auto/SubscriberPortInitialValues1.xml
----------------- Instantiating /home/travis/build/icyphy/ptII/ptolemy/actor/lib/test/auto/SubscriberPortInitialValues1.xml
6 ms. Memory: 458752K Free: 341944K (75%)
----------------- Invoking toplevel() on ptolemy.moml.MoMLSimpleApplication@4d78657a
----------------- Done invoking toplevel() on ptolemy.moml.MoMLSimpleApplication@4d78657a
reloadAllAccessors: .SubscriberPortInitialValues1

===========================================================================================
----------------- testing Sun Dec 08 06:19:21 UTC 2019 /home/travis/build/icyphy/ptII/ptolemy/actor/lib/test/auto/SubscriberPortInitialValues13.xml
----------------- Instantiating /home/travis/build/icyphy/ptII/ptolemy/actor/lib/test/auto/SubscriberPortInitialValues13.xml
5 ms. Memory: 458752K Free: 328632K (72%)
----------------- Invoking toplevel() on ptolemy.moml.MoMLSimpleApplication@4a7eea84
----------------- Done invoking toplevel() on ptolemy.moml.MoMLSimpleApplication@4a7eea84
reloadAllAccessors: .SubscriberPortInitialValues13

===========================================================================================
----------------- testing Sun Dec 08 06:19:21 UTC 2019 /home/travis/build/icyphy/ptII/ptolemy/actor/lib/test/auto/SubscriberPortInitialValues14.xml
----------------- Instantiating /home/travis/build/icyphy/ptII/ptolemy/actor/lib/test/auto/SubscriberPortInitialValues14.xml
4 ms. Memory: 458752K Free: 320954K (70%)
----------------- Invoking toplevel() on ptolemy.moml.MoMLSimpleApplication@7123ae3e
----------------- Done invoking toplevel() on ptolemy.moml.MoMLSimpleApplication@7123ae3e
reloadAllAccessors: .SubscriberPortInitialValues14

===========================================================================================
----------------- testing Sun Dec 08 06:19:21 UTC 2019 /home/travis/build/icyphy/ptII/ptolemy/actor/lib/test/auto/SubscriberPortInitialValues2.xml
----------------- Instantiating /home/travis/build/icyphy/ptII/ptolemy/actor/lib/test/auto/SubscriberPortInitialValues2.xml
5 ms. Memory: 458752K Free: 313272K (68%)
----------------- Invoking toplevel() on ptolemy.moml.MoMLSimpleApplication@3e205fda
----------------- Done invoking toplevel() on ptolemy.moml.MoMLSimpleApplication@3e205fda
reloadAllAccessors: .SubscriberPortInitialValues2

===========================================================================================
----------------- testing Sun Dec 08 06:19:21 UTC 2019 /home/travis/build/icyphy/ptII/ptolemy/actor/lib/test/auto/SubscriberPortInitialValues3.xml
----------------- Instantiating /home/travis/build/icyphy/ptII/ptolemy/actor/lib/test/auto/SubscriberPortInitialValues3.xml
4 ms. Memory: 458752K Free: 302522K (66%)
----------------- Invoking toplevel() on ptolemy.moml.MoMLSimpleApplication@34858b9
----------------- Done invoking toplevel() on ptolemy.moml.MoMLSimpleApplication@34858b9
reloadAllAccessors: .SubscriberPortInitialValues3

===========================================================================================
----------------- testing Sun Dec 08 06:19:21 UTC 2019 /home/travis/build/icyphy/ptII/ptolemy/actor/lib/test/auto/SubscriptionAggregator.xml
----------------- Instantiating /home/travis/build/icyphy/ptII/ptolemy/actor/lib/test/auto/SubscriptionAggregator.xml
2 ms. Memory: 458752K Free: 295850K (64%)
----------------- Invoking toplevel() on ptolemy.moml.MoMLSimpleApplication@4e60e2c9
----------------- Done invoking toplevel() on ptolemy.moml.MoMLSimpleApplication@4e60e2c9
reloadAllAccessors: .SubscriptionAggregator

===========================================================================================
----------------- testing Sun Dec 08 06:19:21 UTC 2019 /home/travis/build/icyphy/ptII/ptolemy/actor/lib/test/auto/SubscriptionAggregator2.xml
----------------- Instantiating /home/travis/build/icyphy/ptII/ptolemy/actor/lib/test/auto/SubscriptionAggregator2.xml
2 ms. Memory: 458752K Free: 289210K (63%)
----------------- Invoking toplevel() on ptolemy.moml.MoMLSimpleApplication@14793b9a
----------------- Done invoking toplevel() on ptolemy.moml.MoMLSimpleApplication@14793b9a
reloadAllAccessors: .SubscriptionAggregator2

===========================================================================================
----------------- testing Sun Dec 08 06:19:21 UTC 2019 /home/travis/build/icyphy/ptII/ptolemy/actor/lib/test/auto/SubscriptionAggregator3.xml
----------------- Instantiating /home/travis/build/icyphy/ptII/ptolemy/actor/lib/test/auto/SubscriptionAggregator3.xml
3 ms. Memory: 458752K Free: 280498K (61%)
----------------- Invoking toplevel() on ptolemy.moml.MoMLSimpleApplication@7187c426
----------------- Done invoking toplevel() on ptolemy.moml.MoMLSimpleApplication@7187c426
reloadAllAccessors: .SubscriptionAggregator3

===========================================================================================
----------------- testing Sun Dec 08 06:19:21 UTC 2019 /home/travis/build/icyphy/ptII/ptolemy/actor/lib/test/auto/SubscriptionAggregatorMultiply.xml
----------------- Instantiating /home/travis/build/icyphy/ptII/ptolemy/actor/lib/test/auto/SubscriptionAggregatorMultiply.xml
2 ms. Memory: 458752K Free: 271802K (59%)
----------------- Invoking toplevel() on ptolemy.moml.MoMLSimpleApplication@d0cbdca
----------------- Done invoking toplevel() on ptolemy.moml.MoMLSimpleApplication@d0cbdca
reloadAllAccessors: .SubscriptionAggregatorMultiply

===========================================================================================
----------------- testing Sun Dec 08 06:19:21 UTC 2019 /home/travis/build/icyphy/ptII/ptolemy/actor/lib/test/auto/SubscriptionAggregatorPortMultiply1.xml
----------------- Instantiating /home/travis/build/icyphy/ptII/ptolemy/actor/lib/test/auto/SubscriptionAggregatorPortMultiply1.xml
5 ms. Memory: 458752K Free: 264120K (58%)
----------------- Invoking toplevel() on ptolemy.moml.MoMLSimpleApplication@1b84b2a0
----------------- Done invoking toplevel() on ptolemy.moml.MoMLSimpleApplication@1b84b2a0
reloadAllAccessors: .SubscriptionAggregatorPortMultiply1

===========================================================================================
----------------- testing Sun Dec 08 06:19:22 UTC 2019 /home/travis/build/icyphy/ptII/ptolemy/actor/lib/test/auto/Switch.xml
----------------- Instantiating /home/travis/build/icyphy/ptII/ptolemy/actor/lib/test/auto/Switch.xml
8 ms. Memory: 458752K Free: 255928K (56%)
----------------- Invoking toplevel() on ptolemy.moml.MoMLSimpleApplication@10fa58ee
----------------- Done invoking toplevel() on ptolemy.moml.MoMLSimpleApplication@10fa58ee
reloadAllAccessors: .Switch

===========================================================================================
----------------- testing Sun Dec 08 06:19:22 UTC 2019 /home/travis/build/icyphy/ptII/ptolemy/actor/lib/test/auto/Switch2.xml
----------------- Instantiating /home/travis/build/icyphy/ptII/ptolemy/actor/lib/test/auto/Switch2.xml
1 ms. Memory: 458752K Free: 251322K (55%)
----------------- Invoking toplevel() on ptolemy.moml.MoMLSimpleApplication@6d965e42
----------------- Done invoking toplevel() on ptolemy.moml.MoMLSimpleApplication@6d965e42
reloadAllAccessors: .Switch2

===========================================================================================
----------------- testing Sun Dec 08 06:19:22 UTC 2019 /home/travis/build/icyphy/ptII/ptolemy/actor/lib/test/auto/SwitchDE.xml
----------------- Instantiating /home/travis/build/icyphy/ptII/ptolemy/actor/lib/test/auto/SwitchDE.xml
2 ms. Memory: 458752K Free: 245178K (53%)
----------------- Invoking toplevel() on ptolemy.moml.MoMLSimpleApplication@2d9e945a
----------------- Done invoking toplevel() on ptolemy.moml.MoMLSimpleApplication@2d9e945a
reloadAllAccessors: .SwitchDE

===========================================================================================
----------------- testing Sun Dec 08 06:19:22 UTC 2019 /home/travis/build/icyphy/ptII/ptolemy/actor/lib/test/auto/SynchronizerDE.xml
----------------- Instantiating /home/travis/build/icyphy/ptII/ptolemy/actor/lib/test/auto/SynchronizerDE.xml
7 ms. Memory: 458752K Free: 236986K (52%)
----------------- Invoking toplevel() on ptolemy.moml.MoMLSimpleApplication@2f6c8f0f
----------------- Done invoking toplevel() on ptolemy.moml.MoMLSimpleApplication@2f6c8f0f
reloadAllAccessors: .SynchronizerDE

===========================================================================================
----------------- testing Sun Dec 08 06:19:22 UTC 2019 /home/travis/build/icyphy/ptII/ptolemy/actor/lib/test/auto/Test.xml
----------------- Instantiating /home/travis/build/icyphy/ptII/ptolemy/actor/lib/test/auto/Test.xml
8 ms. Memory: 458752K Free: 231866K (51%)
----------------- Invoking toplevel() on ptolemy.moml.MoMLSimpleApplication@223d734a
----------------- Done invoking toplevel() on ptolemy.moml.MoMLSimpleApplication@223d734a
reloadAllAccessors: .Test

===========================================================================================
----------------- testing Sun Dec 08 06:19:22 UTC 2019 /home/travis/build/icyphy/ptII/ptolemy/actor/lib/test/auto/TestExceptionAttribute1.xml
----------------- Instantiating /home/travis/build/icyphy/ptII/ptolemy/actor/lib/test/auto/TestExceptionAttribute1.xml
1 ms. Memory: 458752K Free: 227770K (50%)
----------------- Invoking toplevel() on ptolemy.moml.MoMLSimpleApplication@74304bfd
----------------- Done invoking toplevel() on ptolemy.moml.MoMLSimpleApplication@74304bfd
reloadAllAccessors: .TestExceptionAttribute1

===========================================================================================
----------------- testing Sun Dec 08 06:19:22 UTC 2019 /home/travis/build/icyphy/ptII/ptolemy/actor/lib/test/auto/TestExceptionAttribute2.xml
----------------- Instantiating /home/travis/build/icyphy/ptII/ptolemy/actor/lib/test/auto/TestExceptionAttribute2.xml
1 ms. Memory: 458752K Free: 224184K (49%)
----------------- Invoking toplevel() on ptolemy.moml.MoMLSimpleApplication@24309eca
----------------- Done invoking toplevel() on ptolemy.moml.MoMLSimpleApplication@24309eca
reloadAllAccessors: .TestExceptionAttribute2

===========================================================================================
----------------- testing Sun Dec 08 06:19:22 UTC 2019 /home/travis/build/icyphy/ptII/ptolemy/actor/lib/test/auto/TestExceptionAttribute3.xml
----------------- Instantiating /home/travis/build/icyphy/ptII/ptolemy/actor/lib/test/auto/TestExceptionAttribute3.xml
.TestExceptionAttribute3.TestExceptionAttribute: initialize() was not invoked, but wrapup() was.  This is unusual, but not always a problem.  For example, exporting JNLP will do this.
1 ms. Memory: 458752K Free: 220602K (48%)
----------------- Invoking toplevel() on ptolemy.moml.MoMLSimpleApplication@471b556
----------------- Done invoking toplevel() on ptolemy.moml.MoMLSimpleApplication@471b556
reloadAllAccessors: .TestExceptionAttribute3

===========================================================================================
----------------- testing Sun Dec 08 06:19:22 UTC 2019 /home/travis/build/icyphy/ptII/ptolemy/actor/lib/test/auto/TestExceptionAttribute4.xml
----------------- Instantiating /home/travis/build/icyphy/ptII/ptolemy/actor/lib/test/auto/TestExceptionAttribute4.xml
.TestExceptionAttribute4.TestExceptionAttribute: initialize() was not invoked, but wrapup() was.  This is unusual, but not always a problem.  For example, exporting JNLP will do this.
.TestExceptionAttribute4.TestExceptionAttribute2: initialize() was not invoked, but wrapup() was.  This is unusual, but not always a problem.  For example, exporting JNLP will do this.
0 ms. Memory: 458752K Free: 216506K (47%)
----------------- Invoking toplevel() on ptolemy.moml.MoMLSimpleApplication@240b0c4c
----------------- Done invoking toplevel() on ptolemy.moml.MoMLSimpleApplication@240b0c4c
reloadAllAccessors: .TestExceptionAttribute4

===========================================================================================
----------------- testing Sun Dec 08 06:19:22 UTC 2019 /home/travis/build/icyphy/ptII/ptolemy/actor/lib/test/auto/TestExceptionHandler1.xml
----------------- Instantiating /home/travis/build/icyphy/ptII/ptolemy/actor/lib/test/auto/TestExceptionHandler1.xml
1 ms. Memory: 458752K Free: 212920K (46%)
----------------- Invoking toplevel() on ptolemy.moml.MoMLSimpleApplication@29b3583f
----------------- Done invoking toplevel() on ptolemy.moml.MoMLSimpleApplication@29b3583f
reloadAllAccessors: .TestExceptionHandler1

===========================================================================================
----------------- testing Sun Dec 08 06:19:22 UTC 2019 /home/travis/build/icyphy/ptII/ptolemy/actor/lib/test/auto/TestExceptionHandler2.xml
----------------- Instantiating /home/travis/build/icyphy/ptII/ptolemy/actor/lib/test/auto/TestExceptionHandler2.xml
1 ms. Memory: 458752K Free: 209338K (46%)
----------------- Invoking toplevel() on ptolemy.moml.MoMLSimpleApplication@2ad520f3
----------------- Done invoking toplevel() on ptolemy.moml.MoMLSimpleApplication@2ad520f3
reloadAllAccessors: .TestExceptionHandler2

===========================================================================================
----------------- testing Sun Dec 08 06:19:22 UTC 2019 /home/travis/build/icyphy/ptII/ptolemy/actor/lib/test/auto/TestExceptionHandler3.xml
----------------- Instantiating /home/travis/build/icyphy/ptII/ptolemy/actor/lib/test/auto/TestExceptionHandler3.xml
0 ms. Memory: 458752K Free: 205752K (45%)
----------------- Invoking toplevel() on ptolemy.moml.MoMLSimpleApplication@74f824b9
----------------- Done invoking toplevel() on ptolemy.moml.MoMLSimpleApplication@74f824b9
reloadAllAccessors: .TestExceptionHandler3

===========================================================================================
----------------- testing Sun Dec 08 06:19:22 UTC 2019 /home/travis/build/icyphy/ptII/ptolemy/actor/lib/test/auto/TestExceptionHandler4.xml
----------------- Instantiating /home/travis/build/icyphy/ptII/ptolemy/actor/lib/test/auto/TestExceptionHandler4.xml
1 ms. Memory: 458752K Free: 201656K (44%)
----------------- Invoking toplevel() on ptolemy.moml.MoMLSimpleApplication@26045eb4
----------------- Done invoking toplevel() on ptolemy.moml.MoMLSimpleApplication@26045eb4
reloadAllAccessors: .TestExceptionHandler4

===========================================================================================
----------------- testing Sun Dec 08 06:19:22 UTC 2019 /home/travis/build/icyphy/ptII/ptolemy/actor/lib/test/auto/TestRequireCorrectOrder.xml
----------------- Instantiating /home/travis/build/icyphy/ptII/ptolemy/actor/lib/test/auto/TestRequireCorrectOrder.xml
6 ms. Memory: 458752K Free: 196506K (43%)
----------------- Invoking toplevel() on ptolemy.moml.MoMLSimpleApplication@426e7016
----------------- Done invoking toplevel() on ptolemy.moml.MoMLSimpleApplication@426e7016
reloadAllAccessors: .TestRequireCorrectOrder

===========================================================================================
----------------- testing Sun Dec 08 06:19:22 UTC 2019 /home/travis/build/icyphy/ptII/ptolemy/actor/lib/test/auto/TestSimple.xml
----------------- Instantiating /home/travis/build/icyphy/ptII/ptolemy/actor/lib/test/auto/TestSimple.xml
1 ms. Memory: 458752K Free: 192440K (42%)
----------------- Invoking toplevel() on ptolemy.moml.MoMLSimpleApplication@c2f34bb
----------------- Done invoking toplevel() on ptolemy.moml.MoMLSimpleApplication@c2f34bb
reloadAllAccessors: .TestSimple

===========================================================================================
----------------- testing Sun Dec 08 06:19:22 UTC 2019 /home/travis/build/icyphy/ptII/ptolemy/actor/lib/test/auto/ThrowModelError.xml
----------------- Instantiating /home/travis/build/icyphy/ptII/ptolemy/actor/lib/test/auto/ThrowModelError.xml
1 ms. Memory: 458752K Free: 187834K (41%)
----------------- Invoking toplevel() on ptolemy.moml.MoMLSimpleApplication@7feacee
----------------- Done invoking toplevel() on ptolemy.moml.MoMLSimpleApplication@7feacee
reloadAllAccessors: .ThrowModelError

===========================================================================================
----------------- testing Sun Dec 08 06:19:22 UTC 2019 /home/travis/build/icyphy/ptII/ptolemy/actor/lib/test/auto/TimeDelayMicrosteps.xml
----------------- Instantiating /home/travis/build/icyphy/ptII/ptolemy/actor/lib/test/auto/TimeDelayMicrosteps.xml
4 ms. Memory: 458752K Free: 180666K (39%)
----------------- Invoking toplevel() on ptolemy.moml.MoMLSimpleApplication@15363f8d
----------------- Done invoking toplevel() on ptolemy.moml.MoMLSimpleApplication@15363f8d
reloadAllAccessors: .TimeDelayMicrosteps

===========================================================================================
----------------- testing Sun Dec 08 06:19:22 UTC 2019 /home/travis/build/icyphy/ptII/ptolemy/actor/lib/test/auto/TimeDelayMicrosteps2.xml
----------------- Instantiating /home/travis/build/icyphy/ptII/ptolemy/actor/lib/test/auto/TimeDelayMicrosteps2.xml
3 ms. Memory: 458752K Free: 173498K (38%)
----------------- Invoking toplevel() on ptolemy.moml.MoMLSimpleApplication@5aa3d2fb
----------------- Done invoking toplevel() on ptolemy.moml.MoMLSimpleApplication@5aa3d2fb
reloadAllAccessors: .TimeDelayMicrosteps2

===========================================================================================
----------------- testing Sun Dec 08 06:19:22 UTC 2019 /home/travis/build/icyphy/ptII/ptolemy/actor/lib/test/auto/TimeDelayMicrosteps3.xml
----------------- Instantiating /home/travis/build/icyphy/ptII/ptolemy/actor/lib/test/auto/TimeDelayMicrosteps3.xml
3 ms. Memory: 458752K Free: 166810K (36%)
----------------- Invoking toplevel() on ptolemy.moml.MoMLSimpleApplication@7cff5efb
----------------- Done invoking toplevel() on ptolemy.moml.MoMLSimpleApplication@7cff5efb
reloadAllAccessors: .TimeDelayMicrosteps3

===========================================================================================
----------------- testing Sun Dec 08 06:19:22 UTC 2019 /home/travis/build/icyphy/ptII/ptolemy/actor/lib/test/auto/TimeDelayVariableMicrosteps.xml
----------------- Instantiating /home/travis/build/icyphy/ptII/ptolemy/actor/lib/test/auto/TimeDelayVariableMicrosteps.xml
3 ms. Memory: 458752K Free: 160186K (35%)
----------------- Invoking toplevel() on ptolemy.moml.MoMLSimpleApplication@7264cf91
----------------- Done invoking toplevel() on ptolemy.moml.MoMLSimpleApplication@7264cf91
reloadAllAccessors: .TimeDelayVariableMicrosteps

===========================================================================================
----------------- testing Sun Dec 08 06:19:22 UTC 2019 /home/travis/build/icyphy/ptII/ptolemy/actor/lib/test/auto/TimeGap.xml
----------------- Instantiating /home/travis/build/icyphy/ptII/ptolemy/actor/lib/test/auto/TimeGap.xml
3 ms. Memory: 458752K Free: 155066K (34%)
----------------- Invoking toplevel() on ptolemy.moml.MoMLSimpleApplication@6e7576ad
----------------- Done invoking toplevel() on ptolemy.moml.MoMLSimpleApplication@6e7576ad
reloadAllAccessors: .TimeGap

===========================================================================================
----------------- testing Sun Dec 08 06:19:22 UTC 2019 /home/travis/build/icyphy/ptII/ptolemy/actor/lib/test/auto/TimeGap2.xml
----------------- Instantiating /home/travis/build/icyphy/ptII/ptolemy/actor/lib/test/auto/TimeGap2.xml
2 ms. Memory: 458752K Free: 149426K (33%)
----------------- Invoking toplevel() on ptolemy.moml.MoMLSimpleApplication@4fc4d404
----------------- Done invoking toplevel() on ptolemy.moml.MoMLSimpleApplication@4fc4d404
reloadAllAccessors: .TimeGap2

===========================================================================================
----------------- testing Sun Dec 08 06:19:22 UTC 2019 /home/travis/build/icyphy/ptII/ptolemy/actor/lib/test/auto/TimedSinewave.xml
----------------- Instantiating /home/travis/build/icyphy/ptII/ptolemy/actor/lib/test/auto/TimedSinewave.xml
20 ms. Memory: 458752K Free: 406234K (89%)
----------------- Invoking toplevel() on ptolemy.moml.MoMLSimpleApplication@4a906d7d
----------------- Done invoking toplevel() on ptolemy.moml.MoMLSimpleApplication@4a906d7d
reloadAllAccessors: .TimedSinewave

===========================================================================================
----------------- testing Sun Dec 08 06:19:22 UTC 2019 /home/travis/build/icyphy/ptII/ptolemy/actor/lib/test/auto/TimedSinewavePhase.xml
----------------- Instantiating /home/travis/build/icyphy/ptII/ptolemy/actor/lib/test/auto/TimedSinewavePhase.xml
8 ms. Memory: 458752K Free: 395994K (86%)
----------------- Invoking toplevel() on ptolemy.moml.MoMLSimpleApplication@74eddb83
----------------- Done invoking toplevel() on ptolemy.moml.MoMLSimpleApplication@74eddb83
reloadAllAccessors: .TimedSinewavePhase

===========================================================================================
----------------- testing Sun Dec 08 06:19:22 UTC 2019 /home/travis/build/icyphy/ptII/ptolemy/actor/lib/test/auto/Timer.xml
----------------- Instantiating /home/travis/build/icyphy/ptII/ptolemy/actor/lib/test/auto/Timer.xml
1 ms. Memory: 458752K Free: 390354K (85%)
----------------- Invoking toplevel() on ptolemy.moml.MoMLSimpleApplication@50e6b8a
----------------- Done invoking toplevel() on ptolemy.moml.MoMLSimpleApplication@50e6b8a
reloadAllAccessors: .Timer

===========================================================================================
----------------- testing Sun Dec 08 06:19:22 UTC 2019 /home/travis/build/icyphy/ptII/ptolemy/actor/lib/test/auto/TriangularDistTestModel.xml
----------------- Instantiating /home/travis/build/icyphy/ptII/ptolemy/actor/lib/test/auto/TriangularDistTestModel.xml
2 ms. Memory: 458752K Free: 384202K (84%)
----------------- Invoking toplevel() on ptolemy.moml.MoMLSimpleApplication@59aa6297
----------------- Done invoking toplevel() on ptolemy.moml.MoMLSimpleApplication@59aa6297
reloadAllAccessors: .TriangularDistTestModel

===========================================================================================
----------------- testing Sun Dec 08 06:19:22 UTC 2019 /home/travis/build/icyphy/ptII/ptolemy/actor/lib/test/auto/TrigFunction.xml
----------------- Instantiating /home/travis/build/icyphy/ptII/ptolemy/actor/lib/test/auto/TrigFunction.xml
1 ms. Memory: 458752K Free: 379610K (83%)
----------------- Invoking toplevel() on ptolemy.moml.MoMLSimpleApplication@3e37a8a0
----------------- Done invoking toplevel() on ptolemy.moml.MoMLSimpleApplication@3e37a8a0
reloadAllAccessors: .TrigFunction

===========================================================================================
----------------- testing Sun Dec 08 06:19:22 UTC 2019 /home/travis/build/icyphy/ptII/ptolemy/actor/lib/test/auto/TrigFunctionDE.xml
----------------- Instantiating /home/travis/build/icyphy/ptII/ptolemy/actor/lib/test/auto/TrigFunctionDE.xml
2 ms. Memory: 458752K Free: 373970K (82%)
----------------- Invoking toplevel() on ptolemy.moml.MoMLSimpleApplication@47ed1695
----------------- Done invoking toplevel() on ptolemy.moml.MoMLSimpleApplication@47ed1695
reloadAllAccessors: .TrigFunctionDE

===========================================================================================
----------------- testing Sun Dec 08 06:19:22 UTC 2019 /home/travis/build/icyphy/ptII/ptolemy/actor/lib/test/auto/TrigFunctionInverse.xml
----------------- Instantiating /home/travis/build/icyphy/ptII/ptolemy/actor/lib/test/auto/TrigFunctionInverse.xml
3 ms. Memory: 458752K Free: 368856K (80%)
----------------- Invoking toplevel() on ptolemy.moml.MoMLSimpleApplication@6e7a8e2a
----------------- Done invoking toplevel() on ptolemy.moml.MoMLSimpleApplication@6e7a8e2a
reloadAllAccessors: .TrigFunctionInverse

===========================================================================================
----------------- testing Sun Dec 08 06:19:22 UTC 2019 /home/travis/build/icyphy/ptII/ptolemy/actor/lib/test/auto/TrigFunctionTan.xml
----------------- Instantiating /home/travis/build/icyphy/ptII/ptolemy/actor/lib/test/auto/TrigFunctionTan.xml
1 ms. Memory: 458752K Free: 364760K (80%)
----------------- Invoking toplevel() on ptolemy.moml.MoMLSimpleApplication@269d3780
----------------- Done invoking toplevel() on ptolemy.moml.MoMLSimpleApplication@269d3780
reloadAllAccessors: .TrigFunctionTan

===========================================================================================
----------------- testing Sun Dec 08 06:19:22 UTC 2019 /home/travis/build/icyphy/ptII/ptolemy/actor/lib/test/auto/TriggeredClock.xml
----------------- Instantiating /home/travis/build/icyphy/ptII/ptolemy/actor/lib/test/auto/TriggeredClock.xml
1 ms. Memory: 458752K Free: 359626K (78%)
----------------- Invoking toplevel() on ptolemy.moml.MoMLSimpleApplication@4a34c69f
----------------- Done invoking toplevel() on ptolemy.moml.MoMLSimpleApplication@4a34c69f
reloadAllAccessors: .TriggeredClock

===========================================================================================
----------------- testing Sun Dec 08 06:19:22 UTC 2019 /home/travis/build/icyphy/ptII/ptolemy/actor/lib/test/auto/URLDirectoryReader.xml
----------------- Instantiating /home/travis/build/icyphy/ptII/ptolemy/actor/lib/test/auto/URLDirectoryReader.xml
27 ms. Memory: 458752K Free: 349914K (76%)
----------------- Invoking toplevel() on ptolemy.moml.MoMLSimpleApplication@79dc9c5
----------------- Done invoking toplevel() on ptolemy.moml.MoMLSimpleApplication@79dc9c5
reloadAllAccessors: .URLDirectoryReader

===========================================================================================
----------------- testing Sun Dec 08 06:19:22 UTC 2019 /home/travis/build/icyphy/ptII/ptolemy/actor/lib/test/auto/URLDirectoryReader3.xml
----------------- Instantiating /home/travis/build/icyphy/ptII/ptolemy/actor/lib/test/auto/URLDirectoryReader3.xml
1019 ms. Memory: 458752K Free: 399572K (87%)
----------------- Invoking toplevel() on ptolemy.moml.MoMLSimpleApplication@5f38390b
----------------- Done invoking toplevel() on ptolemy.moml.MoMLSimpleApplication@5f38390b
reloadAllAccessors: .URLDirectoryReader3

===========================================================================================
----------------- testing Sun Dec 08 06:19:23 UTC 2019 /home/travis/build/icyphy/ptII/ptolemy/actor/lib/test/auto/UnaryMathFunction.xml
----------------- Instantiating /home/travis/build/icyphy/ptII/ptolemy/actor/lib/test/auto/UnaryMathFunction.xml
2 ms. Memory: 458752K Free: 391380K (85%)
----------------- Invoking toplevel() on ptolemy.moml.MoMLSimpleApplication@2db22ca2
----------------- Done invoking toplevel() on ptolemy.moml.MoMLSimpleApplication@2db22ca2
reloadAllAccessors: .UnaryMathFunction

===========================================================================================
----------------- testing Sun Dec 08 06:19:23 UTC 2019 /home/travis/build/icyphy/ptII/ptolemy/actor/lib/test/auto/Uniform.xml
----------------- Instantiating /home/travis/build/icyphy/ptII/ptolemy/actor/lib/test/auto/Uniform.xml
4 ms. Memory: 458752K Free: 386770K (84%)
----------------- Invoking toplevel() on ptolemy.moml.MoMLSimpleApplication@62995f5c
----------------- Done invoking toplevel() on ptolemy.moml.MoMLSimpleApplication@62995f5c
reloadAllAccessors: .Uniform

===========================================================================================
----------------- testing Sun Dec 08 06:19:23 UTC 2019 /home/travis/build/icyphy/ptII/ptolemy/actor/lib/test/auto/UnionDisassemblerTest.xml
----------------- Instantiating /home/travis/build/icyphy/ptII/ptolemy/actor/lib/test/auto/UnionDisassemblerTest.xml
21 ms. Memory: 458752K Free: 382674K (83%)
----------------- Invoking toplevel() on ptolemy.moml.MoMLSimpleApplication@9498903
----------------- Done invoking toplevel() on ptolemy.moml.MoMLSimpleApplication@9498903
reloadAllAccessors: .UnionDisassemblerTest

===========================================================================================
----------------- testing Sun Dec 08 06:19:23 UTC 2019 /home/travis/build/icyphy/ptII/ptolemy/actor/lib/test/auto/UtilityFunctions.xml
----------------- Instantiating /home/travis/build/icyphy/ptII/ptolemy/actor/lib/test/auto/UtilityFunctions.xml
1 ms. Memory: 458752K Free: 378578K (83%)
----------------- Invoking toplevel() on ptolemy.moml.MoMLSimpleApplication@a05a0e9
----------------- Done invoking toplevel() on ptolemy.moml.MoMLSimpleApplication@a05a0e9
reloadAllAccessors: .UtilityFunctions

===========================================================================================
----------------- testing Sun Dec 08 06:19:23 UTC 2019 /home/travis/build/icyphy/ptII/ptolemy/actor/lib/test/auto/VariableSleep.xml
----------------- Instantiating /home/travis/build/icyphy/ptII/ptolemy/actor/lib/test/auto/VariableSleep.xml
505 ms. Memory: 458752K Free: 373458K (81%)
----------------- Invoking toplevel() on ptolemy.moml.MoMLSimpleApplication@24edeccd
----------------- Done invoking toplevel() on ptolemy.moml.MoMLSimpleApplication@24edeccd
reloadAllAccessors: .VariableSleep

===========================================================================================
----------------- testing Sun Dec 08 06:19:24 UTC 2019 /home/travis/build/icyphy/ptII/ptolemy/actor/lib/test/auto/VectorAssemblerDisassemblerCT.xml
----------------- Instantiating /home/travis/build/icyphy/ptII/ptolemy/actor/lib/test/auto/VectorAssemblerDisassemblerCT.xml
67 ms. Memory: 458752K Free: 352468K (77%)
----------------- Invoking toplevel() on ptolemy.moml.MoMLSimpleApplication@3df65910
----------------- Done invoking toplevel() on ptolemy.moml.MoMLSimpleApplication@3df65910
reloadAllAccessors: .VectorAssemblerDisassemblerCT

===========================================================================================
----------------- testing Sun Dec 08 06:19:24 UTC 2019 /home/travis/build/icyphy/ptII/ptolemy/actor/lib/test/auto/VectorAssemblerDisassemblerDE.xml
----------------- Instantiating /home/travis/build/icyphy/ptII/ptolemy/actor/lib/test/auto/VectorAssemblerDisassemblerDE.xml
3 ms. Memory: 458752K Free: 344786K (75%)
----------------- Invoking toplevel() on ptolemy.moml.MoMLSimpleApplication@65bf179a
----------------- Done invoking toplevel() on ptolemy.moml.MoMLSimpleApplication@65bf179a
reloadAllAccessors: .VectorAssemblerDisassemblerDE

===========================================================================================
----------------- testing Sun Dec 08 06:19:24 UTC 2019 /home/travis/build/icyphy/ptII/ptolemy/actor/lib/test/auto/VectorAssemblerDisassemblerSDF.xml
----------------- Instantiating /home/travis/build/icyphy/ptII/ptolemy/actor/lib/test/auto/VectorAssemblerDisassemblerSDF.xml
2 ms. Memory: 458752K Free: 338642K (74%)
----------------- Invoking toplevel() on ptolemy.moml.MoMLSimpleApplication@60d3ab70
----------------- Done invoking toplevel() on ptolemy.moml.MoMLSimpleApplication@60d3ab70
reloadAllAccessors: .VectorAssemblerDisassemblerSDF

===========================================================================================
----------------- testing Sun Dec 08 06:19:24 UTC 2019 /home/travis/build/icyphy/ptII/ptolemy/actor/lib/test/auto/WallClockTime.xml
----------------- Instantiating /home/travis/build/icyphy/ptII/ptolemy/actor/lib/test/auto/WallClockTime.xml
1004 ms. Memory: 458752K Free: 333522K (73%)
----------------- Invoking toplevel() on ptolemy.moml.MoMLSimpleApplication@22aba5dc
----------------- Done invoking toplevel() on ptolemy.moml.MoMLSimpleApplication@22aba5dc
reloadAllAccessors: .WallClockTime

===========================================================================================
----------------- testing Sun Dec 08 06:19:25 UTC 2019 /home/travis/build/icyphy/ptII/ptolemy/actor/lib/test/auto/WidthTestWithSubscriberPublisher.xml
----------------- Instantiating /home/travis/build/icyphy/ptII/ptolemy/actor/lib/test/auto/WidthTestWithSubscriberPublisher.xml
6 ms. Memory: 458752K Free: 316114K (69%)
----------------- Invoking toplevel() on ptolemy.moml.MoMLSimpleApplication@514d3102
----------------- Done invoking toplevel() on ptolemy.moml.MoMLSimpleApplication@514d3102
reloadAllAccessors: .WidthTestWithSubscriberPublisher

===========================================================================================
----------------- testing Sun Dec 08 06:19:25 UTC 2019 /home/travis/build/icyphy/ptII/ptolemy/actor/lib/test/auto/WidthTestWithSubscriberPublisher2.xml
----------------- Instantiating /home/travis/build/icyphy/ptII/ptolemy/actor/lib/test/auto/WidthTestWithSubscriberPublisher2.xml
2 ms. Memory: 458752K Free: 309970K (68%)
----------------- Invoking toplevel() on ptolemy.moml.MoMLSimpleApplication@493bbb78
----------------- Done invoking toplevel() on ptolemy.moml.MoMLSimpleApplication@493bbb78
reloadAllAccessors: .WidthTestWithSubscriberPublisher2

===========================================================================================
----------------- testing Sun Dec 08 06:19:25 UTC 2019 /home/travis/build/icyphy/ptII/ptolemy/actor/lib/test/auto/WidthTestWithSubscriberPublisher3.xml
----------------- Instantiating /home/travis/build/icyphy/ptII/ptolemy/actor/lib/test/auto/WidthTestWithSubscriberPublisher3.xml
1 ms. Memory: 458752K Free: 304340K (66%)
----------------- Invoking toplevel() on ptolemy.moml.MoMLSimpleApplication@25fb0e8
----------------- Done invoking toplevel() on ptolemy.moml.MoMLSimpleApplication@25fb0e8
reloadAllAccessors: .WidthTestWithSubscriberPublisher3

===========================================================================================
----------------- testing Sun Dec 08 06:19:25 UTC 2019 /home/travis/build/icyphy/ptII/ptolemy/actor/lib/test/auto/Writer.xml
----------------- Instantiating /home/travis/build/icyphy/ptII/ptolemy/actor/lib/test/auto/Writer.xml
0
1
2
3
4
2 ms. Memory: 458752K Free: 299699K (65%)
----------------- Invoking toplevel() on ptolemy.moml.MoMLSimpleApplication@7bf003c2
----------------- Done invoking toplevel() on ptolemy.moml.MoMLSimpleApplication@7bf003c2
reloadAllAccessors: .Writer

===========================================================================================
----------------- testing Sun Dec 08 06:19:25 UTC 2019 /home/travis/build/icyphy/ptII/ptolemy/actor/lib/test/auto/array.xml
----------------- Instantiating /home/travis/build/icyphy/ptII/ptolemy/actor/lib/test/auto/array.xml
2 ms. Memory: 458752K Free: 295124K (64%)
----------------- Invoking toplevel() on ptolemy.moml.MoMLSimpleApplication@4044adbb
----------------- Done invoking toplevel() on ptolemy.moml.MoMLSimpleApplication@4044adbb
reloadAllAccessors: .array

===========================================================================================
----------------- testing Sun Dec 08 06:19:25 UTC 2019 /home/travis/build/icyphy/ptII/ptolemy/actor/lib/test/auto/array2.xml
----------------- Instantiating /home/travis/build/icyphy/ptII/ptolemy/actor/lib/test/auto/array2.xml
4 ms. Memory: 458752K Free: 290507K (63%)
----------------- Invoking toplevel() on ptolemy.moml.MoMLSimpleApplication@23418da7
----------------- Done invoking toplevel() on ptolemy.moml.MoMLSimpleApplication@23418da7
reloadAllAccessors: .array2

===========================================================================================
----------------- testing Sun Dec 08 06:19:25 UTC 2019 /home/travis/build/icyphy/ptII/ptolemy/actor/lib/test/auto/arrayType.xml
----------------- Instantiating /home/travis/build/icyphy/ptII/ptolemy/actor/lib/test/auto/arrayType.xml
2 ms. Memory: 458752K Free: 285394K (62%)
----------------- Invoking toplevel() on ptolemy.moml.MoMLSimpleApplication@195e25e1
----------------- Done invoking toplevel() on ptolemy.moml.MoMLSimpleApplication@195e25e1
reloadAllAccessors: .arrayType

===========================================================================================
----------------- testing Sun Dec 08 06:19:25 UTC 2019 /home/travis/build/icyphy/ptII/ptolemy/actor/lib/test/auto/arrayType10.xml
----------------- Instantiating /home/travis/build/icyphy/ptII/ptolemy/actor/lib/test/auto/arrayType10.xml
2 ms. Memory: 458752K Free: 280788K (61%)
----------------- Invoking toplevel() on ptolemy.moml.MoMLSimpleApplication@26b1b057
----------------- Done invoking toplevel() on ptolemy.moml.MoMLSimpleApplication@26b1b057
reloadAllAccessors: .arrayType10

===========================================================================================
----------------- testing Sun Dec 08 06:19:25 UTC 2019 /home/travis/build/icyphy/ptII/ptolemy/actor/lib/test/auto/arrayType11.xml
----------------- Instantiating /home/travis/build/icyphy/ptII/ptolemy/actor/lib/test/auto/arrayType11.xml
2 ms. Memory: 458752K Free: 275668K (60%)
----------------- Invoking toplevel() on ptolemy.moml.MoMLSimpleApplication@47a041f
----------------- Done invoking toplevel() on ptolemy.moml.MoMLSimpleApplication@47a041f
reloadAllAccessors: .arrayType11

===========================================================================================
----------------- testing Sun Dec 08 06:19:25 UTC 2019 /home/travis/build/icyphy/ptII/ptolemy/actor/lib/test/auto/arrayType12.xml
----------------- Instantiating /home/travis/build/icyphy/ptII/ptolemy/actor/lib/test/auto/arrayType12.xml
2 ms. Memory: 458752K Free: 270548K (59%)
----------------- Invoking toplevel() on ptolemy.moml.MoMLSimpleApplication@2d5a7d1e
----------------- Done invoking toplevel() on ptolemy.moml.MoMLSimpleApplication@2d5a7d1e
reloadAllAccessors: .arrayType12

===========================================================================================
----------------- testing Sun Dec 08 06:19:25 UTC 2019 /home/travis/build/icyphy/ptII/ptolemy/actor/lib/test/auto/arrayType13.xml
----------------- Instantiating /home/travis/build/icyphy/ptII/ptolemy/actor/lib/test/auto/arrayType13.xml
2 ms. Memory: 458752K Free: 265428K (58%)
----------------- Invoking toplevel() on ptolemy.moml.MoMLSimpleApplication@4046e6
----------------- Done invoking toplevel() on ptolemy.moml.MoMLSimpleApplication@4046e6
reloadAllAccessors: .arrayType13

===========================================================================================
----------------- testing Sun Dec 08 06:19:25 UTC 2019 /home/travis/build/icyphy/ptII/ptolemy/actor/lib/test/auto/arrayType14.xml
----------------- Instantiating /home/travis/build/icyphy/ptII/ptolemy/actor/lib/test/auto/arrayType14.xml
3 ms. Memory: 458752K Free: 260308K (57%)
----------------- Invoking toplevel() on ptolemy.moml.MoMLSimpleApplication@6b84f36a
----------------- Done invoking toplevel() on ptolemy.moml.MoMLSimpleApplication@6b84f36a
reloadAllAccessors: .arrayType14

===========================================================================================
----------------- testing Sun Dec 08 06:19:25 UTC 2019 /home/travis/build/icyphy/ptII/ptolemy/actor/lib/test/auto/arrayType15.xml
----------------- Instantiating /home/travis/build/icyphy/ptII/ptolemy/actor/lib/test/auto/arrayType15.xml
2 ms. Memory: 458752K Free: 255188K (56%)
----------------- Invoking toplevel() on ptolemy.moml.MoMLSimpleApplication@1c79fc2
----------------- Done invoking toplevel() on ptolemy.moml.MoMLSimpleApplication@1c79fc2
reloadAllAccessors: .arrayType15

===========================================================================================
----------------- testing Sun Dec 08 06:19:25 UTC 2019 /home/travis/build/icyphy/ptII/ptolemy/actor/lib/test/auto/arrayType16.xml
----------------- Instantiating /home/travis/build/icyphy/ptII/ptolemy/actor/lib/test/auto/arrayType16.xml
1 ms. Memory: 458752K Free: 249539K (54%)
----------------- Invoking toplevel() on ptolemy.moml.MoMLSimpleApplication@15d12abd
----------------- Done invoking toplevel() on ptolemy.moml.MoMLSimpleApplication@15d12abd
reloadAllAccessors: .arrayType16

===========================================================================================
----------------- testing Sun Dec 08 06:19:25 UTC 2019 /home/travis/build/icyphy/ptII/ptolemy/actor/lib/test/auto/arrayType17.xml
----------------- Instantiating /home/travis/build/icyphy/ptII/ptolemy/actor/lib/test/auto/arrayType17.xml
1 ms. Memory: 458752K Free: 244434K (53%)
----------------- Invoking toplevel() on ptolemy.moml.MoMLSimpleApplication@1ecfe01b
----------------- Done invoking toplevel() on ptolemy.moml.MoMLSimpleApplication@1ecfe01b
reloadAllAccessors: .arrayType17

===========================================================================================
----------------- testing Sun Dec 08 06:19:25 UTC 2019 /home/travis/build/icyphy/ptII/ptolemy/actor/lib/test/auto/arrayType18.xml
----------------- Instantiating /home/travis/build/icyphy/ptII/ptolemy/actor/lib/test/auto/arrayType18.xml
1 ms. Memory: 458752K Free: 239828K (52%)
----------------- Invoking toplevel() on ptolemy.moml.MoMLSimpleApplication@2221842c
----------------- Done invoking toplevel() on ptolemy.moml.MoMLSimpleApplication@2221842c
reloadAllAccessors: .arrayType18

===========================================================================================
----------------- testing Sun Dec 08 06:19:25 UTC 2019 /home/travis/build/icyphy/ptII/ptolemy/actor/lib/test/auto/arrayType19.xml
----------------- Instantiating /home/travis/build/icyphy/ptII/ptolemy/actor/lib/test/auto/arrayType19.xml
2 ms. Memory: 458752K Free: 235218K (51%)
----------------- Invoking toplevel() on ptolemy.moml.MoMLSimpleApplication@5d7e81a8
----------------- Done invoking toplevel() on ptolemy.moml.MoMLSimpleApplication@5d7e81a8
reloadAllAccessors: .arrayType19

===========================================================================================
----------------- testing Sun Dec 08 06:19:25 UTC 2019 /home/travis/build/icyphy/ptII/ptolemy/actor/lib/test/auto/arrayType2.xml
----------------- Instantiating /home/travis/build/icyphy/ptII/ptolemy/actor/lib/test/auto/arrayType2.xml
1 ms. Memory: 458752K Free: 229588K (50%)
----------------- Invoking toplevel() on ptolemy.moml.MoMLSimpleApplication@720bc16c
----------------- Done invoking toplevel() on ptolemy.moml.MoMLSimpleApplication@720bc16c
reloadAllAccessors: .arrayType2

===========================================================================================
----------------- testing Sun Dec 08 06:19:25 UTC 2019 /home/travis/build/icyphy/ptII/ptolemy/actor/lib/test/auto/arrayType20.xml
----------------- Instantiating /home/travis/build/icyphy/ptII/ptolemy/actor/lib/test/auto/arrayType20.xml
2 ms. Memory: 458752K Free: 224978K (49%)
----------------- Invoking toplevel() on ptolemy.moml.MoMLSimpleApplication@43d4338f
----------------- Done invoking toplevel() on ptolemy.moml.MoMLSimpleApplication@43d4338f
reloadAllAccessors: .arrayType20

===========================================================================================
----------------- testing Sun Dec 08 06:19:25 UTC 2019 /home/travis/build/icyphy/ptII/ptolemy/actor/lib/test/auto/arrayType21.xml
----------------- Instantiating /home/travis/build/icyphy/ptII/ptolemy/actor/lib/test/auto/arrayType21.xml
2 ms. Memory: 458752K Free: 220372K (48%)
----------------- Invoking toplevel() on ptolemy.moml.MoMLSimpleApplication@29a81320
----------------- Done invoking toplevel() on ptolemy.moml.MoMLSimpleApplication@29a81320
reloadAllAccessors: .arrayType21

===========================================================================================
----------------- testing Sun Dec 08 06:19:25 UTC 2019 /home/travis/build/icyphy/ptII/ptolemy/actor/lib/test/auto/arrayType22.xml
----------------- Instantiating /home/travis/build/icyphy/ptII/ptolemy/actor/lib/test/auto/arrayType22.xml
2 ms. Memory: 458752K Free: 215762K (47%)
----------------- Invoking toplevel() on ptolemy.moml.MoMLSimpleApplication@4db3cbc1
----------------- Done invoking toplevel() on ptolemy.moml.MoMLSimpleApplication@4db3cbc1
reloadAllAccessors: .arrayType22

===========================================================================================
----------------- testing Sun Dec 08 06:19:25 UTC 2019 /home/travis/build/icyphy/ptII/ptolemy/actor/lib/test/auto/arrayType23.xml
----------------- Instantiating /home/travis/build/icyphy/ptII/ptolemy/actor/lib/test/auto/arrayType23.xml
3 ms. Memory: 458752K Free: 211156K (46%)
----------------- Invoking toplevel() on ptolemy.moml.MoMLSimpleApplication@3d7b0b88
----------------- Done invoking toplevel() on ptolemy.moml.MoMLSimpleApplication@3d7b0b88
reloadAllAccessors: .arrayType23

===========================================================================================
----------------- testing Sun Dec 08 06:19:25 UTC 2019 /home/travis/build/icyphy/ptII/ptolemy/actor/lib/test/auto/arrayType24.xml
----------------- Instantiating /home/travis/build/icyphy/ptII/ptolemy/actor/lib/test/auto/arrayType24.xml
2 ms. Memory: 458752K Free: 206036K (45%)
----------------- Invoking toplevel() on ptolemy.moml.MoMLSimpleApplication@299be2b8
----------------- Done invoking toplevel() on ptolemy.moml.MoMLSimpleApplication@299be2b8
reloadAllAccessors: .arrayType24

===========================================================================================
----------------- testing Sun Dec 08 06:19:25 UTC 2019 /home/travis/build/icyphy/ptII/ptolemy/actor/lib/test/auto/arrayType25.xml
----------------- Instantiating /home/travis/build/icyphy/ptII/ptolemy/actor/lib/test/auto/arrayType25.xml
1 ms. Memory: 458752K Free: 200916K (44%)
----------------- Invoking toplevel() on ptolemy.moml.MoMLSimpleApplication@619042d3
----------------- Done invoking toplevel() on ptolemy.moml.MoMLSimpleApplication@619042d3
reloadAllAccessors: .arrayType25

===========================================================================================
----------------- testing Sun Dec 08 06:19:25 UTC 2019 /home/travis/build/icyphy/ptII/ptolemy/actor/lib/test/auto/arrayType26.xml
----------------- Instantiating /home/travis/build/icyphy/ptII/ptolemy/actor/lib/test/auto/arrayType26.xml
2 ms. Memory: 458752K Free: 195796K (43%)
----------------- Invoking toplevel() on ptolemy.moml.MoMLSimpleApplication@ac1832e
----------------- Done invoking toplevel() on ptolemy.moml.MoMLSimpleApplication@ac1832e
reloadAllAccessors: .arrayType26

===========================================================================================
----------------- testing Sun Dec 08 06:19:25 UTC 2019 /home/travis/build/icyphy/ptII/ptolemy/actor/lib/test/auto/arrayType27.xml
----------------- Instantiating /home/travis/build/icyphy/ptII/ptolemy/actor/lib/test/auto/arrayType27.xml
2 ms. Memory: 458752K Free: 190676K (42%)
----------------- Invoking toplevel() on ptolemy.moml.MoMLSimpleApplication@3aea45f6
----------------- Done invoking toplevel() on ptolemy.moml.MoMLSimpleApplication@3aea45f6
reloadAllAccessors: .arrayType27

===========================================================================================
----------------- testing Sun Dec 08 06:19:26 UTC 2019 /home/travis/build/icyphy/ptII/ptolemy/actor/lib/test/auto/arrayType28.xml
----------------- Instantiating /home/travis/build/icyphy/ptII/ptolemy/actor/lib/test/auto/arrayType28.xml
4 ms. Memory: 458752K Free: 185042K (40%)
----------------- Invoking toplevel() on ptolemy.moml.MoMLSimpleApplication@40ca47d9
----------------- Done invoking toplevel() on ptolemy.moml.MoMLSimpleApplication@40ca47d9
reloadAllAccessors: .arrayType28

===========================================================================================
----------------- testing Sun Dec 08 06:19:26 UTC 2019 /home/travis/build/icyphy/ptII/ptolemy/actor/lib/test/auto/arrayType3.xml
----------------- Instantiating /home/travis/build/icyphy/ptII/ptolemy/actor/lib/test/auto/arrayType3.xml
2 ms. Memory: 458752K Free: 179922K (39%)
----------------- Invoking toplevel() on ptolemy.moml.MoMLSimpleApplication@11300df
----------------- Done invoking toplevel() on ptolemy.moml.MoMLSimpleApplication@11300df
reloadAllAccessors: .arrayType3

===========================================================================================
----------------- testing Sun Dec 08 06:19:26 UTC 2019 /home/travis/build/icyphy/ptII/ptolemy/actor/lib/test/auto/arrayType4.xml
----------------- Instantiating /home/travis/build/icyphy/ptII/ptolemy/actor/lib/test/auto/arrayType4.xml
1 ms. Memory: 458752K Free: 174802K (38%)
----------------- Invoking toplevel() on ptolemy.moml.MoMLSimpleApplication@291cfa42
----------------- Done invoking toplevel() on ptolemy.moml.MoMLSimpleApplication@291cfa42
reloadAllAccessors: .arrayType4

===========================================================================================
----------------- testing Sun Dec 08 06:19:26 UTC 2019 /home/travis/build/icyphy/ptII/ptolemy/actor/lib/test/auto/arrayType5.xml
----------------- Instantiating /home/travis/build/icyphy/ptII/ptolemy/actor/lib/test/auto/arrayType5.xml
2 ms. Memory: 458752K Free: 169682K (37%)
----------------- Invoking toplevel() on ptolemy.moml.MoMLSimpleApplication@56585151
----------------- Done invoking toplevel() on ptolemy.moml.MoMLSimpleApplication@56585151
reloadAllAccessors: .arrayType5

===========================================================================================
----------------- testing Sun Dec 08 06:19:26 UTC 2019 /home/travis/build/icyphy/ptII/ptolemy/actor/lib/test/auto/arrayType6.xml
----------------- Instantiating /home/travis/build/icyphy/ptII/ptolemy/actor/lib/test/auto/arrayType6.xml
1 ms. Memory: 458752K Free: 164562K (36%)
----------------- Invoking toplevel() on ptolemy.moml.MoMLSimpleApplication@2a54da83
----------------- Done invoking toplevel() on ptolemy.moml.MoMLSimpleApplication@2a54da83
reloadAllAccessors: .arrayType6

===========================================================================================
----------------- testing Sun Dec 08 06:19:26 UTC 2019 /home/travis/build/icyphy/ptII/ptolemy/actor/lib/test/auto/arrayType7.xml
----------------- Instantiating /home/travis/build/icyphy/ptII/ptolemy/actor/lib/test/auto/arrayType7.xml
1 ms. Memory: 458752K Free: 159956K (35%)
----------------- Invoking toplevel() on ptolemy.moml.MoMLSimpleApplication@dd27cb2
----------------- Done invoking toplevel() on ptolemy.moml.MoMLSimpleApplication@dd27cb2
reloadAllAccessors: .arrayType7

===========================================================================================
----------------- testing Sun Dec 08 06:19:26 UTC 2019 /home/travis/build/icyphy/ptII/ptolemy/actor/lib/test/auto/arrayType8.xml
----------------- Instantiating /home/travis/build/icyphy/ptII/ptolemy/actor/lib/test/auto/arrayType8.xml
7 ms. Memory: 458752K Free: 155346K (34%)
----------------- Invoking toplevel() on ptolemy.moml.MoMLSimpleApplication@6fbed499
----------------- Done invoking toplevel() on ptolemy.moml.MoMLSimpleApplication@6fbed499
reloadAllAccessors: .arrayType8

===========================================================================================
----------------- testing Sun Dec 08 06:19:26 UTC 2019 /home/travis/build/icyphy/ptII/ptolemy/actor/lib/test/auto/arrayType9.xml
----------------- Instantiating /home/travis/build/icyphy/ptII/ptolemy/actor/lib/test/auto/arrayType9.xml
2 ms. Memory: 458752K Free: 150740K (33%)
----------------- Invoking toplevel() on ptolemy.moml.MoMLSimpleApplication@2b3a4165
----------------- Done invoking toplevel() on ptolemy.moml.MoMLSimpleApplication@2b3a4165
reloadAllAccessors: .arrayType9

===========================================================================================
----------------- testing Sun Dec 08 06:19:26 UTC 2019 /home/travis/build/icyphy/ptII/ptolemy/actor/lib/test/auto/cast.xml
----------------- Instantiating /home/travis/build/icyphy/ptII/ptolemy/actor/lib/test/auto/cast.xml
2 ms. Memory: 458752K Free: 145620K (32%)
----------------- Invoking toplevel() on ptolemy.moml.MoMLSimpleApplication@413ac8ba
----------------- Done invoking toplevel() on ptolemy.moml.MoMLSimpleApplication@413ac8ba
reloadAllAccessors: .cast

===========================================================================================
----------------- testing Sun Dec 08 06:19:26 UTC 2019 /home/travis/build/icyphy/ptII/ptolemy/actor/lib/test/auto/compositeMultiPort.xml
----------------- Instantiating /home/travis/build/icyphy/ptII/ptolemy/actor/lib/test/auto/compositeMultiPort.xml
4 ms. Memory: 458752K Free: 136914K (30%)
----------------- Invoking toplevel() on ptolemy.moml.MoMLSimpleApplication@78c1e8a7
----------------- Done invoking toplevel() on ptolemy.moml.MoMLSimpleApplication@78c1e8a7
reloadAllAccessors: .compositeMultiPort

===========================================================================================
----------------- testing Sun Dec 08 06:19:26 UTC 2019 /home/travis/build/icyphy/ptII/ptolemy/actor/lib/test/auto/expressionCastInference.xml
----------------- Instantiating /home/travis/build/icyphy/ptII/ptolemy/actor/lib/test/auto/expressionCastInference.xml
3 ms. Memory: 458752K Free: 401696K (88%)
----------------- Invoking toplevel() on ptolemy.moml.MoMLSimpleApplication@5148a927
----------------- Done invoking toplevel() on ptolemy.moml.MoMLSimpleApplication@5148a927
reloadAllAccessors: .expressionCastInference

===========================================================================================
----------------- testing Sun Dec 08 06:19:26 UTC 2019 /home/travis/build/icyphy/ptII/ptolemy/actor/lib/test/auto/expressionCastInference2.xml
----------------- Instantiating /home/travis/build/icyphy/ptII/ptolemy/actor/lib/test/auto/expressionCastInference2.xml
3 ms. Memory: 458752K Free: 397086K (87%)
----------------- Invoking toplevel() on ptolemy.moml.MoMLSimpleApplication@26ed8096
----------------- Done invoking toplevel() on ptolemy.moml.MoMLSimpleApplication@26ed8096
reloadAllAccessors: .expressionCastInference2

===========================================================================================
----------------- testing Sun Dec 08 06:19:26 UTC 2019 /home/travis/build/icyphy/ptII/ptolemy/actor/lib/test/auto/expressionInference.xml
----------------- Instantiating /home/travis/build/icyphy/ptII/ptolemy/actor/lib/test/auto/expressionInference.xml
2 ms. Memory: 458752K Free: 392480K (86%)
----------------- Invoking toplevel() on ptolemy.moml.MoMLSimpleApplication@78474988
----------------- Done invoking toplevel() on ptolemy.moml.MoMLSimpleApplication@78474988
reloadAllAccessors: .expressionInference

===========================================================================================
----------------- testing Sun Dec 08 06:19:26 UTC 2019 /home/travis/build/icyphy/ptII/ptolemy/actor/lib/test/auto/expression_bug.xml
----------------- Instantiating /home/travis/build/icyphy/ptII/ptolemy/actor/lib/test/auto/expression_bug.xml
1 ms. Memory: 458752K Free: 388384K (85%)
----------------- Invoking toplevel() on ptolemy.moml.MoMLSimpleApplication@71cb50dc
----------------- Done invoking toplevel() on ptolemy.moml.MoMLSimpleApplication@71cb50dc
reloadAllAccessors: .expression_bug

===========================================================================================
----------------- testing Sun Dec 08 06:19:26 UTC 2019 /home/travis/build/icyphy/ptII/ptolemy/actor/lib/test/auto/factorial.xml
----------------- Instantiating /home/travis/build/icyphy/ptII/ptolemy/actor/lib/test/auto/factorial.xml
38 ms. Memory: 458752K Free: 380192K (83%)
----------------- Invoking toplevel() on ptolemy.moml.MoMLSimpleApplication@3640117
----------------- Done invoking toplevel() on ptolemy.moml.MoMLSimpleApplication@3640117
reloadAllAccessors: .factorial

===========================================================================================
----------------- testing Sun Dec 08 06:19:26 UTC 2019 /home/travis/build/icyphy/ptII/ptolemy/actor/lib/test/auto/filterTest1.xml
----------------- Instantiating /home/travis/build/icyphy/ptII/ptolemy/actor/lib/test/auto/filterTest1.xml
3 ms. Memory: 458752K Free: 374048K (82%)
----------------- Invoking toplevel() on ptolemy.moml.MoMLSimpleApplication@57134bfa
----------------- Done invoking toplevel() on ptolemy.moml.MoMLSimpleApplication@57134bfa
reloadAllAccessors: .filterTest1

===========================================================================================
----------------- testing Sun Dec 08 06:19:26 UTC 2019 /home/travis/build/icyphy/ptII/ptolemy/actor/lib/test/auto/funcApplyInConst.xml
----------------- Instantiating /home/travis/build/icyphy/ptII/ptolemy/actor/lib/test/auto/funcApplyInConst.xml
1 ms. Memory: 458752K Free: 370462K (81%)
----------------- Invoking toplevel() on ptolemy.moml.MoMLSimpleApplication@77aa8b94
----------------- Done invoking toplevel() on ptolemy.moml.MoMLSimpleApplication@77aa8b94
reloadAllAccessors: .funcApplyInConst

===========================================================================================
----------------- testing Sun Dec 08 06:19:26 UTC 2019 /home/travis/build/icyphy/ptII/ptolemy/actor/lib/test/auto/funcApplyInExpr.xml
----------------- Instantiating /home/travis/build/icyphy/ptII/ptolemy/actor/lib/test/auto/funcApplyInExpr.xml
1 ms. Memory: 458752K Free: 366880K (80%)
----------------- Invoking toplevel() on ptolemy.moml.MoMLSimpleApplication@1e6ba4bf
----------------- Done invoking toplevel() on ptolemy.moml.MoMLSimpleApplication@1e6ba4bf
reloadAllAccessors: .funcApplyInExpr

===========================================================================================
----------------- testing Sun Dec 08 06:19:26 UTC 2019 /home/travis/build/icyphy/ptII/ptolemy/actor/lib/test/auto/function.xml
----------------- Instantiating /home/travis/build/icyphy/ptII/ptolemy/actor/lib/test/auto/function.xml
1 ms. Memory: 458752K Free: 362270K (79%)
----------------- Invoking toplevel() on ptolemy.moml.MoMLSimpleApplication@3fe8408a
----------------- Done invoking toplevel() on ptolemy.moml.MoMLSimpleApplication@3fe8408a
reloadAllAccessors: .function

===========================================================================================
----------------- testing Sun Dec 08 06:19:26 UTC 2019 /home/travis/build/icyphy/ptII/ptolemy/actor/lib/test/auto/function2.xml
----------------- Instantiating /home/travis/build/icyphy/ptII/ptolemy/actor/lib/test/auto/function2.xml
1 ms. Memory: 458752K Free: 357150K (78%)
----------------- Invoking toplevel() on ptolemy.moml.MoMLSimpleApplication@2f18d379
----------------- Done invoking toplevel() on ptolemy.moml.MoMLSimpleApplication@2f18d379
reloadAllAccessors: .function2

===========================================================================================
----------------- testing Sun Dec 08 06:19:26 UTC 2019 /home/travis/build/icyphy/ptII/ptolemy/actor/lib/test/auto/function3.xml
----------------- Instantiating /home/travis/build/icyphy/ptII/ptolemy/actor/lib/test/auto/function3.xml
2 ms. Memory: 458752K Free: 353568K (77%)
----------------- Invoking toplevel() on ptolemy.moml.MoMLSimpleApplication@15df32ca
----------------- Done invoking toplevel() on ptolemy.moml.MoMLSimpleApplication@15df32ca
reloadAllAccessors: .function3

===========================================================================================
----------------- testing Sun Dec 08 06:19:26 UTC 2019 /home/travis/build/icyphy/ptII/ptolemy/actor/lib/test/auto/functionClosureTest1.xml
----------------- Instantiating /home/travis/build/icyphy/ptII/ptolemy/actor/lib/test/auto/functionClosureTest1.xml
2 ms. Memory: 458752K Free: 347928K (76%)
----------------- Invoking toplevel() on ptolemy.moml.MoMLSimpleApplication@39be5bd2
----------------- Done invoking toplevel() on ptolemy.moml.MoMLSimpleApplication@39be5bd2
reloadAllAccessors: .functionClosureTest1

===========================================================================================
----------------- testing Sun Dec 08 06:19:26 UTC 2019 /home/travis/build/icyphy/ptII/ptolemy/actor/lib/test/auto/functionClosureTest2.xml
----------------- Instantiating /home/travis/build/icyphy/ptII/ptolemy/actor/lib/test/auto/functionClosureTest2.xml
2 ms. Memory: 458752K Free: 343838K (75%)
----------------- Invoking toplevel() on ptolemy.moml.MoMLSimpleApplication@11ab91af
----------------- Done invoking toplevel() on ptolemy.moml.MoMLSimpleApplication@11ab91af
reloadAllAccessors: .functionClosureTest2

===========================================================================================
----------------- testing Sun Dec 08 06:19:26 UTC 2019 /home/travis/build/icyphy/ptII/ptolemy/actor/lib/test/auto/functionClosureTest3.xml
----------------- Instantiating /home/travis/build/icyphy/ptII/ptolemy/actor/lib/test/auto/functionClosureTest3.xml
2 ms. Memory: 458752K Free: 338704K (74%)
----------------- Invoking toplevel() on ptolemy.moml.MoMLSimpleApplication@28357a0a
----------------- Done invoking toplevel() on ptolemy.moml.MoMLSimpleApplication@28357a0a
reloadAllAccessors: .functionClosureTest3

===========================================================================================
----------------- testing Sun Dec 08 06:19:26 UTC 2019 /home/travis/build/icyphy/ptII/ptolemy/actor/lib/test/auto/functionClosureTest4.xml
----------------- Instantiating /home/travis/build/icyphy/ptII/ptolemy/actor/lib/test/auto/functionClosureTest4.xml
5 ms. Memory: 458752K Free: 332574K (72%)
----------------- Invoking toplevel() on ptolemy.moml.MoMLSimpleApplication@42d09fef
----------------- Done invoking toplevel() on ptolemy.moml.MoMLSimpleApplication@42d09fef
reloadAllAccessors: .functionClosureTest4

===========================================================================================
----------------- testing Sun Dec 08 06:19:26 UTC 2019 /home/travis/build/icyphy/ptII/ptolemy/actor/lib/test/auto/functionClosureTest5.xml
----------------- Instantiating /home/travis/build/icyphy/ptII/ptolemy/actor/lib/test/auto/functionClosureTest5.xml
4 ms. Memory: 458752K Free: 326944K (71%)
----------------- Invoking toplevel() on ptolemy.moml.MoMLSimpleApplication@7d99650
----------------- Done invoking toplevel() on ptolemy.moml.MoMLSimpleApplication@7d99650
reloadAllAccessors: .functionClosureTest5

===========================================================================================
----------------- testing Sun Dec 08 06:19:26 UTC 2019 /home/travis/build/icyphy/ptII/ptolemy/actor/lib/test/auto/functionClosureTest6.xml
----------------- Instantiating /home/travis/build/icyphy/ptII/ptolemy/actor/lib/test/auto/functionClosureTest6.xml
1 ms. Memory: 458752K Free: 322328K (70%)
----------------- Invoking toplevel() on ptolemy.moml.MoMLSimpleApplication@5f90ca83
----------------- Done invoking toplevel() on ptolemy.moml.MoMLSimpleApplication@5f90ca83
reloadAllAccessors: .functionClosureTest6

===========================================================================================
----------------- testing Sun Dec 08 06:19:26 UTC 2019 /home/travis/build/icyphy/ptII/ptolemy/actor/lib/test/auto/functionsOnArcs.xml
----------------- Instantiating /home/travis/build/icyphy/ptII/ptolemy/actor/lib/test/auto/functionsOnArcs.xml
2 ms. Memory: 458752K Free: 317214K (69%)
----------------- Invoking toplevel() on ptolemy.moml.MoMLSimpleApplication@68b7a625
----------------- Done invoking toplevel() on ptolemy.moml.MoMLSimpleApplication@68b7a625
reloadAllAccessors: .functionsOnArcs

===========================================================================================
----------------- testing Sun Dec 08 06:19:26 UTC 2019 /home/travis/build/icyphy/ptII/ptolemy/actor/lib/test/auto/functionsOnArcsHOF.xml
----------------- Instantiating /home/travis/build/icyphy/ptII/ptolemy/actor/lib/test/auto/functionsOnArcsHOF.xml
4 ms. Memory: 458752K Free: 311070K (68%)
----------------- Invoking toplevel() on ptolemy.moml.MoMLSimpleApplication@665691a9
----------------- Done invoking toplevel() on ptolemy.moml.MoMLSimpleApplication@665691a9
reloadAllAccessors: .functionsOnArcsHOF

===========================================================================================
----------------- testing Sun Dec 08 06:19:26 UTC 2019 /home/travis/build/icyphy/ptII/ptolemy/actor/lib/test/auto/logic.xml
----------------- Instantiating /home/travis/build/icyphy/ptII/ptolemy/actor/lib/test/auto/logic.xml
2 ms. Memory: 458752K Free: 303902K (66%)
----------------- Invoking toplevel() on ptolemy.moml.MoMLSimpleApplication@44cfcd74
----------------- Done invoking toplevel() on ptolemy.moml.MoMLSimpleApplication@44cfcd74
reloadAllAccessors: .logic

===========================================================================================
----------------- testing Sun Dec 08 06:19:26 UTC 2019 /home/travis/build/icyphy/ptII/ptolemy/actor/lib/test/auto/matrixType.xml
----------------- Instantiating /home/travis/build/icyphy/ptII/ptolemy/actor/lib/test/auto/matrixType.xml
2 ms. Memory: 458752K Free: 298782K (65%)
----------------- Invoking toplevel() on ptolemy.moml.MoMLSimpleApplication@17852722
----------------- Done invoking toplevel() on ptolemy.moml.MoMLSimpleApplication@17852722
reloadAllAccessors: .matrixType

===========================================================================================
----------------- testing Sun Dec 08 06:19:26 UTC 2019 /home/travis/build/icyphy/ptII/ptolemy/actor/lib/test/auto/matrixType10.xml
----------------- Instantiating /home/travis/build/icyphy/ptII/ptolemy/actor/lib/test/auto/matrixType10.xml
2 ms. Memory: 458752K Free: 293662K (64%)
----------------- Invoking toplevel() on ptolemy.moml.MoMLSimpleApplication@28c1bda4
----------------- Done invoking toplevel() on ptolemy.moml.MoMLSimpleApplication@28c1bda4
reloadAllAccessors: .matrixType10

===========================================================================================
----------------- testing Sun Dec 08 06:19:26 UTC 2019 /home/travis/build/icyphy/ptII/ptolemy/actor/lib/test/auto/matrixType11.xml
----------------- Instantiating /home/travis/build/icyphy/ptII/ptolemy/actor/lib/test/auto/matrixType11.xml
3 ms. Memory: 458752K Free: 289056K (63%)
----------------- Invoking toplevel() on ptolemy.moml.MoMLSimpleApplication@67e5e61
----------------- Done invoking toplevel() on ptolemy.moml.MoMLSimpleApplication@67e5e61
reloadAllAccessors: .matrixType11

===========================================================================================
----------------- testing Sun Dec 08 06:19:26 UTC 2019 /home/travis/build/icyphy/ptII/ptolemy/actor/lib/test/auto/matrixType12.xml
----------------- Instantiating /home/travis/build/icyphy/ptII/ptolemy/actor/lib/test/auto/matrixType12.xml
1 ms. Memory: 458752K Free: 284446K (62%)
----------------- Invoking toplevel() on ptolemy.moml.MoMLSimpleApplication@6a7b4066
----------------- Done invoking toplevel() on ptolemy.moml.MoMLSimpleApplication@6a7b4066
reloadAllAccessors: .matrixType12

===========================================================================================
----------------- testing Sun Dec 08 06:19:26 UTC 2019 /home/travis/build/icyphy/ptII/ptolemy/actor/lib/test/auto/matrixType13.xml
----------------- Instantiating /home/travis/build/icyphy/ptII/ptolemy/actor/lib/test/auto/matrixType13.xml
1 ms. Memory: 458752K Free: 279326K (61%)
----------------- Invoking toplevel() on ptolemy.moml.MoMLSimpleApplication@37ed88bb
----------------- Done invoking toplevel() on ptolemy.moml.MoMLSimpleApplication@37ed88bb
reloadAllAccessors: .matrixType13

===========================================================================================
----------------- testing Sun Dec 08 06:19:26 UTC 2019 /home/travis/build/icyphy/ptII/ptolemy/actor/lib/test/auto/matrixType14.xml
----------------- Instantiating /home/travis/build/icyphy/ptII/ptolemy/actor/lib/test/auto/matrixType14.xml
6 ms. Memory: 458752K Free: 274206K (60%)
----------------- Invoking toplevel() on ptolemy.moml.MoMLSimpleApplication@48217dcb
----------------- Done invoking toplevel() on ptolemy.moml.MoMLSimpleApplication@48217dcb
reloadAllAccessors: .matrixType14

===========================================================================================
----------------- testing Sun Dec 08 06:19:26 UTC 2019 /home/travis/build/icyphy/ptII/ptolemy/actor/lib/test/auto/matrixType2.xml
----------------- Instantiating /home/travis/build/icyphy/ptII/ptolemy/actor/lib/test/auto/matrixType2.xml
2 ms. Memory: 458752K Free: 269072K (59%)
----------------- Invoking toplevel() on ptolemy.moml.MoMLSimpleApplication@54c44a13
----------------- Done invoking toplevel() on ptolemy.moml.MoMLSimpleApplication@54c44a13
reloadAllAccessors: .matrixType2

===========================================================================================
----------------- testing Sun Dec 08 06:19:26 UTC 2019 /home/travis/build/icyphy/ptII/ptolemy/actor/lib/test/auto/matrixType3.xml
----------------- Instantiating /home/travis/build/icyphy/ptII/ptolemy/actor/lib/test/auto/matrixType3.xml
3 ms. Memory: 458752K Free: 263966K (58%)
----------------- Invoking toplevel() on ptolemy.moml.MoMLSimpleApplication@4a2897f2
----------------- Done invoking toplevel() on ptolemy.moml.MoMLSimpleApplication@4a2897f2
reloadAllAccessors: .matrixType3

===========================================================================================
----------------- testing Sun Dec 08 06:19:26 UTC 2019 /home/travis/build/icyphy/ptII/ptolemy/actor/lib/test/auto/matrixType4.xml
----------------- Instantiating /home/travis/build/icyphy/ptII/ptolemy/actor/lib/test/auto/matrixType4.xml
2 ms. Memory: 458752K Free: 259360K (57%)
----------------- Invoking toplevel() on ptolemy.moml.MoMLSimpleApplication@7409ec4a
----------------- Done invoking toplevel() on ptolemy.moml.MoMLSimpleApplication@7409ec4a
reloadAllAccessors: .matrixType4

===========================================================================================
----------------- testing Sun Dec 08 06:19:26 UTC 2019 /home/travis/build/icyphy/ptII/ptolemy/actor/lib/test/auto/matrixType5.xml
----------------- Instantiating /home/travis/build/icyphy/ptII/ptolemy/actor/lib/test/auto/matrixType5.xml
1 ms. Memory: 458752K Free: 254750K (56%)
----------------- Invoking toplevel() on ptolemy.moml.MoMLSimpleApplication@e5d63a6
----------------- Done invoking toplevel() on ptolemy.moml.MoMLSimpleApplication@e5d63a6
reloadAllAccessors: .matrixType5

===========================================================================================
----------------- testing Sun Dec 08 06:19:26 UTC 2019 /home/travis/build/icyphy/ptII/ptolemy/actor/lib/test/auto/matrixType6.xml
----------------- Instantiating /home/travis/build/icyphy/ptII/ptolemy/actor/lib/test/auto/matrixType6.xml
1 ms. Memory: 458752K Free: 249630K (54%)
----------------- Invoking toplevel() on ptolemy.moml.MoMLSimpleApplication@3ddb0fe7
----------------- Done invoking toplevel() on ptolemy.moml.MoMLSimpleApplication@3ddb0fe7
reloadAllAccessors: .matrixType6

===========================================================================================
----------------- testing Sun Dec 08 06:19:26 UTC 2019 /home/travis/build/icyphy/ptII/ptolemy/actor/lib/test/auto/matrixType7.xml
----------------- Instantiating /home/travis/build/icyphy/ptII/ptolemy/actor/lib/test/auto/matrixType7.xml
2 ms. Memory: 458752K Free: 245024K (53%)
----------------- Invoking toplevel() on ptolemy.moml.MoMLSimpleApplication@57ef575
----------------- Done invoking toplevel() on ptolemy.moml.MoMLSimpleApplication@57ef575
reloadAllAccessors: .matrixType7

===========================================================================================
----------------- testing Sun Dec 08 06:19:26 UTC 2019 /home/travis/build/icyphy/ptII/ptolemy/actor/lib/test/auto/matrixType8.xml
----------------- Instantiating /home/travis/build/icyphy/ptII/ptolemy/actor/lib/test/auto/matrixType8.xml
1 ms. Memory: 458752K Free: 240414K (52%)
----------------- Invoking toplevel() on ptolemy.moml.MoMLSimpleApplication@2bd8f8aa
----------------- Done invoking toplevel() on ptolemy.moml.MoMLSimpleApplication@2bd8f8aa
reloadAllAccessors: .matrixType8

===========================================================================================
----------------- testing Sun Dec 08 06:19:26 UTC 2019 /home/travis/build/icyphy/ptII/ptolemy/actor/lib/test/auto/matrixType9.xml
----------------- Instantiating /home/travis/build/icyphy/ptII/ptolemy/actor/lib/test/auto/matrixType9.xml
1 ms. Memory: 458752K Free: 235294K (51%)
----------------- Invoking toplevel() on ptolemy.moml.MoMLSimpleApplication@27b3007
----------------- Done invoking toplevel() on ptolemy.moml.MoMLSimpleApplication@27b3007
reloadAllAccessors: .matrixType9

===========================================================================================
----------------- testing Sun Dec 08 06:19:26 UTC 2019 /home/travis/build/icyphy/ptII/ptolemy/actor/lib/test/auto/paraFunctest.xml
----------------- Instantiating /home/travis/build/icyphy/ptII/ptolemy/actor/lib/test/auto/paraFunctest.xml
2 ms. Memory: 458752K Free: 231198K (50%)
----------------- Invoking toplevel() on ptolemy.moml.MoMLSimpleApplication@5e4bf9a
----------------- Done invoking toplevel() on ptolemy.moml.MoMLSimpleApplication@5e4bf9a
reloadAllAccessors: .paraFunctest

===========================================================================================
----------------- testing Sun Dec 08 06:19:26 UTC 2019 /home/travis/build/icyphy/ptII/ptolemy/actor/lib/test/auto/paraFunctest2.xml
----------------- Instantiating /home/travis/build/icyphy/ptII/ptolemy/actor/lib/test/auto/paraFunctest2.xml
1 ms. Memory: 458752K Free: 226078K (49%)
----------------- Invoking toplevel() on ptolemy.moml.MoMLSimpleApplication@719216bf
----------------- Done invoking toplevel() on ptolemy.moml.MoMLSimpleApplication@719216bf
reloadAllAccessors: .paraFunctest2

===========================================================================================
----------------- testing Sun Dec 08 06:19:26 UTC 2019 /home/travis/build/icyphy/ptII/ptolemy/actor/lib/test/auto/parameterPassing.xml
----------------- Instantiating /home/travis/build/icyphy/ptII/ptolemy/actor/lib/test/auto/parameterPassing.xml
1 ms. Memory: 458752K Free: 221982K (48%)
----------------- Invoking toplevel() on ptolemy.moml.MoMLSimpleApplication@1d6242db
----------------- Done invoking toplevel() on ptolemy.moml.MoMLSimpleApplication@1d6242db
reloadAllAccessors: .parameterPassing

===========================================================================================
----------------- testing Sun Dec 08 06:19:26 UTC 2019 /home/travis/build/icyphy/ptII/ptolemy/actor/lib/test/auto/record.xml
----------------- Instantiating /home/travis/build/icyphy/ptII/ptolemy/actor/lib/test/auto/record.xml
3 ms. Memory: 458752K Free: 217376K (47%)
----------------- Invoking toplevel() on ptolemy.moml.MoMLSimpleApplication@2640620
----------------- Done invoking toplevel() on ptolemy.moml.MoMLSimpleApplication@2640620
reloadAllAccessors: .record

===========================================================================================
----------------- testing Sun Dec 08 06:19:26 UTC 2019 /home/travis/build/icyphy/ptII/ptolemy/actor/lib/test/auto/sizedarray1.xml
----------------- Instantiating /home/travis/build/icyphy/ptII/ptolemy/actor/lib/test/auto/sizedarray1.xml
1 ms. Memory: 458752K Free: 211742K (46%)
----------------- Invoking toplevel() on ptolemy.moml.MoMLSimpleApplication@389f17de
----------------- Done invoking toplevel() on ptolemy.moml.MoMLSimpleApplication@389f17de
reloadAllAccessors: .sizedarray1

===========================================================================================
----------------- testing Sun Dec 08 06:19:26 UTC 2019 /home/travis/build/icyphy/ptII/ptolemy/actor/lib/test/auto/sizedarray2.xml
----------------- Instantiating /home/travis/build/icyphy/ptII/ptolemy/actor/lib/test/auto/sizedarray2.xml
2 ms. Memory: 458752K Free: 206622K (45%)
----------------- Invoking toplevel() on ptolemy.moml.MoMLSimpleApplication@530f043b
----------------- Done invoking toplevel() on ptolemy.moml.MoMLSimpleApplication@530f043b
reloadAllAccessors: .sizedarray2

===========================================================================================
----------------- testing Sun Dec 08 06:19:26 UTC 2019 /home/travis/build/icyphy/ptII/ptolemy/actor/lib/test/auto/twoPublishers.xml
----------------- Instantiating /home/travis/build/icyphy/ptII/ptolemy/actor/lib/test/auto/twoPublishers.xml
6 ms. Memory: 458752K Free: 195872K (43%)
----------------- Invoking toplevel() on ptolemy.moml.MoMLSimpleApplication@771a4292
----------------- Done invoking toplevel() on ptolemy.moml.MoMLSimpleApplication@771a4292
reloadAllAccessors: .twoPublishers
AutoTests.java: About to close Vertx.
AutoTests.java: Vertx closed.
]]></system-out>
  <system-err><![CDATA[java.lang.RuntimeException: Execution failed
	at ptolemy.moml.MoMLSimpleApplication$UnloadThread.run(MoMLSimpleApplication.java:402)
Caused by: java.lang.RuntimeException: StringUtilities.exit() was called. Normally, we would exit here because Manager.exitAfterWrapup() was called.  However, because the ptolemy.ptII.exitAfterWrapup property is set, we throw this exception instead.
	at ptolemy.util.StringUtilities.exit(StringUtilities.java:365)
	at ptolemy.actor.Manager.wrapup(Manager.java:1549)
	at ptolemy.actor.Manager.execute(Manager.java:407)
	at ptolemy.actor.Manager.run(Manager.java:1263)
	at ptolemy.actor.Manager$PtolemyRunThread.run(Manager.java:1933)
Warning: '.top.test' is in training mode, set the trainingMode parameter to false before checking in
Warning: '.top.test' is in training mode, set the trainingMode parameter to false before checking in
Warning: '.top.test' is in training mode, set the trainingMode parameter to false before checking in
Warning: '.BooleanSwitch_RegressionTest_WrongTrainingValues.Test' is in training mode, set the trainingMode parameter to false before checking in
Warning: '.BooleanSwitch_RegressionTest_WrongTrainingValues.Test2' is in training mode, set the trainingMode parameter to false before checking in
Warning: '.BooleanSwitch_RegressionTest_WrongTrainingValues.Test2' The test produced 0 tokens.
Warning: '.top.testExceptionHandler' is in training mode, set the trainingMode parameter to false before checking in
java.lang.RuntimeException: Execution failed
	at ptolemy.moml.MoMLSimpleApplication$UnloadThread.run(MoMLSimpleApplication.java:402)
Caused by: ptolemy.kernel.util.IllegalActionException: PublisherPorts cannot be used at the top level, use a Publisher actor instead.
  in .PublisherPortToplevelSubscriber.PublisherPort
	at ptolemy.actor.PublisherPort.preinitialize(PublisherPort.java:403)
	at ptolemy.actor.CompositeActor.preinitialize(CompositeActor.java:1769)
	at ptolemy.actor.Manager.preinitializeAndResolveTypes(Manager.java:1040)
	at ptolemy.actor.Manager.initialize(Manager.java:710)
	at ptolemy.actor.Manager.execute(Manager.java:356)
	at ptolemy.actor.Manager.run(Manager.java:1263)
	at ptolemy.actor.Manager$PtolemyRunThread.run(Manager.java:1933)
java.lang.reflect.InvocationTargetException
	at java.base/jdk.internal.reflect.NativeConstructorAccessorImpl.newInstance0(Native Method)
	at java.base/jdk.internal.reflect.NativeConstructorAccessorImpl.newInstance(NativeConstructorAccessorImpl.java:62)
	at java.base/jdk.internal.reflect.DelegatingConstructorAccessorImpl.newInstance(DelegatingConstructorAccessorImpl.java:45)
	at java.base/java.lang.reflect.Constructor.newInstance(Constructor.java:490)
	at ptolemy.util.test.junit.AutoKnownFailedTests.RunModel(AutoKnownFailedTests.java:105)
	at java.base/jdk.internal.reflect.NativeMethodAccessorImpl.invoke0(Native Method)
	at java.base/jdk.internal.reflect.NativeMethodAccessorImpl.invoke(NativeMethodAccessorImpl.java:62)
	at java.base/jdk.internal.reflect.DelegatingMethodAccessorImpl.invoke(DelegatingMethodAccessorImpl.java:43)
	at java.base/java.lang.reflect.Method.invoke(Method.java:566)
	at org.junit.runners.model.FrameworkMethod$1.runReflectiveCall(FrameworkMethod.java:44)
	at org.junit.internal.runners.model.ReflectiveCallable.run(ReflectiveCallable.java:15)
	at org.junit.runners.model.FrameworkMethod.invokeExplosively(FrameworkMethod.java:41)
	at junitparams.internal.InvokeParameterisedMethod.evaluate(InvokeParameterisedMethod.java:102)
	at org.junit.internal.runners.statements.FailOnTimeout$1.run(FailOnTimeout.java:28)
Caused by: ptolemy.kernel.util.IllegalActionException: PublisherPorts cannot be used at the top level, use a Publisher actor instead.
  in .PublisherPortToplevelSubscriber.PublisherPort
	at ptolemy.actor.PublisherPort.preinitialize(PublisherPort.java:403)
	at ptolemy.actor.CompositeActor.preinitialize(CompositeActor.java:1769)
	at ptolemy.actor.Manager.preinitializeAndResolveTypes(Manager.java:1040)
	at ptolemy.actor.Manager.initialize(Manager.java:710)
	at ptolemy.actor.Manager.execute(Manager.java:356)
	at ptolemy.actor.Manager.run(Manager.java:1263)
	at ptolemy.actor.Manager$PtolemyRunThread.run(Manager.java:1933)
java.lang.RuntimeException: Execution failed
	at ptolemy.moml.MoMLSimpleApplication$UnloadThread.run(MoMLSimpleApplication.java:402)
Caused by: ptolemy.kernel.util.IllegalActionException: SubscriberPorts cannot be used at the top level, use a Subscriber actor instead.
  in .PublisherSubscriberPortToplevel.SubscriberPort
	at ptolemy.actor.SubscriberPort.preinitialize(SubscriberPort.java:328)
	at ptolemy.actor.CompositeActor.preinitialize(CompositeActor.java:1769)
	at ptolemy.actor.Manager.preinitializeAndResolveTypes(Manager.java:1040)
	at ptolemy.actor.Manager.initialize(Manager.java:710)
	at ptolemy.actor.Manager.execute(Manager.java:356)
	at ptolemy.actor.Manager.run(Manager.java:1263)
	at ptolemy.actor.Manager$PtolemyRunThread.run(Manager.java:1933)
java.lang.reflect.InvocationTargetException
	at java.base/jdk.internal.reflect.NativeConstructorAccessorImpl.newInstance0(Native Method)
	at java.base/jdk.internal.reflect.NativeConstructorAccessorImpl.newInstance(NativeConstructorAccessorImpl.java:62)
	at java.base/jdk.internal.reflect.DelegatingConstructorAccessorImpl.newInstance(DelegatingConstructorAccessorImpl.java:45)
	at java.base/java.lang.reflect.Constructor.newInstance(Constructor.java:490)
	at ptolemy.util.test.junit.AutoKnownFailedTests.RunModel(AutoKnownFailedTests.java:105)
	at java.base/jdk.internal.reflect.NativeMethodAccessorImpl.invoke0(Native Method)
	at java.base/jdk.internal.reflect.NativeMethodAccessorImpl.invoke(NativeMethodAccessorImpl.java:62)
	at java.base/jdk.internal.reflect.DelegatingMethodAccessorImpl.invoke(DelegatingMethodAccessorImpl.java:43)
	at java.base/java.lang.reflect.Method.invoke(Method.java:566)
	at org.junit.runners.model.FrameworkMethod$1.runReflectiveCall(FrameworkMethod.java:44)
	at org.junit.internal.runners.model.ReflectiveCallable.run(ReflectiveCallable.java:15)
	at org.junit.runners.model.FrameworkMethod.invokeExplosively(FrameworkMethod.java:41)
	at junitparams.internal.InvokeParameterisedMethod.evaluate(InvokeParameterisedMethod.java:102)
	at org.junit.internal.runners.statements.FailOnTimeout$1.run(FailOnTimeout.java:28)
Caused by: ptolemy.kernel.util.IllegalActionException: SubscriberPorts cannot be used at the top level, use a Subscriber actor instead.
  in .PublisherSubscriberPortToplevel.SubscriberPort
	at ptolemy.actor.SubscriberPort.preinitialize(SubscriberPort.java:328)
	at ptolemy.actor.CompositeActor.preinitialize(CompositeActor.java:1769)
	at ptolemy.actor.Manager.preinitializeAndResolveTypes(Manager.java:1040)
	at ptolemy.actor.Manager.initialize(Manager.java:710)
	at ptolemy.actor.Manager.execute(Manager.java:356)
	at ptolemy.actor.Manager.run(Manager.java:1263)
	at ptolemy.actor.Manager$PtolemyRunThread.run(Manager.java:1933)
java.lang.RuntimeException: Execution failed
	at ptolemy.moml.MoMLSimpleApplication$UnloadThread.run(MoMLSimpleApplication.java:402)
Caused by: ptolemy.kernel.util.IllegalActionException: SubscriptionAggregatorPorts cannot be used at the top level, use a SubscriptionAggregator actor instead.
  in .PublisherSubscriptionAggregatorPort.SubscriptionAggregatorPort
	at ptolemy.actor.SubscriptionAggregatorPort.preinitialize(SubscriptionAggregatorPort.java:353)
	at ptolemy.actor.CompositeActor.preinitialize(CompositeActor.java:1769)
	at ptolemy.actor.Manager.preinitializeAndResolveTypes(Manager.java:1040)
	at ptolemy.actor.Manager.initialize(Manager.java:710)
	at ptolemy.actor.Manager.execute(Manager.java:356)
	at ptolemy.actor.Manager.run(Manager.java:1263)
	at ptolemy.actor.Manager$PtolemyRunThread.run(Manager.java:1933)
java.lang.reflect.InvocationTargetException
	at java.base/jdk.internal.reflect.NativeConstructorAccessorImpl.newInstance0(Native Method)
	at java.base/jdk.internal.reflect.NativeConstructorAccessorImpl.newInstance(NativeConstructorAccessorImpl.java:62)
	at java.base/jdk.internal.reflect.DelegatingConstructorAccessorImpl.newInstance(DelegatingConstructorAccessorImpl.java:45)
	at java.base/java.lang.reflect.Constructor.newInstance(Constructor.java:490)
	at ptolemy.util.test.junit.AutoKnownFailedTests.RunModel(AutoKnownFailedTests.java:105)
	at java.base/jdk.internal.reflect.NativeMethodAccessorImpl.invoke0(Native Method)
	at java.base/jdk.internal.reflect.NativeMethodAccessorImpl.invoke(NativeMethodAccessorImpl.java:62)
	at java.base/jdk.internal.reflect.DelegatingMethodAccessorImpl.invoke(DelegatingMethodAccessorImpl.java:43)
	at java.base/java.lang.reflect.Method.invoke(Method.java:566)
	at org.junit.runners.model.FrameworkMethod$1.runReflectiveCall(FrameworkMethod.java:44)
	at org.junit.internal.runners.model.ReflectiveCallable.run(ReflectiveCallable.java:15)
	at org.junit.runners.model.FrameworkMethod.invokeExplosively(FrameworkMethod.java:41)
	at junitparams.internal.InvokeParameterisedMethod.evaluate(InvokeParameterisedMethod.java:102)
	at org.junit.internal.runners.statements.FailOnTimeout$1.run(FailOnTimeout.java:28)
Caused by: ptolemy.kernel.util.IllegalActionException: SubscriptionAggregatorPorts cannot be used at the top level, use a SubscriptionAggregator actor instead.
  in .PublisherSubscriptionAggregatorPort.SubscriptionAggregatorPort
	at ptolemy.actor.SubscriptionAggregatorPort.preinitialize(SubscriptionAggregatorPort.java:353)
	at ptolemy.actor.CompositeActor.preinitialize(CompositeActor.java:1769)
	at ptolemy.actor.Manager.preinitializeAndResolveTypes(Manager.java:1040)
	at ptolemy.actor.Manager.initialize(Manager.java:710)
	at ptolemy.actor.Manager.execute(Manager.java:356)
	at ptolemy.actor.Manager.run(Manager.java:1263)
	at ptolemy.actor.Manager$PtolemyRunThread.run(Manager.java:1933)
java.lang.RuntimeException: Execution failed
	at ptolemy.moml.MoMLSimpleApplication$UnloadThread.run(MoMLSimpleApplication.java:402)
Caused by: ptolemy.kernel.util.IllegalActionException: TypeTest actor has no training data.
  in .sizedarray3.TypeTest
	at ptolemy.actor.lib.TypeTest.initialize(TypeTest.java:250)
	at ptolemy.actor.Director.initialize(Director.java:938)
	at ptolemy.actor.Director.initialize(Director.java:907)
	at ptolemy.actor.sched.StaticSchedulingDirector.initialize(StaticSchedulingDirector.java:159)
	at ptolemy.domains.sdf.kernel.SDFDirector.initialize(SDFDirector.java:544)
	at ptolemy.actor.CompositeActor.initialize(CompositeActor.java:935)
	at ptolemy.actor.Manager.initialize(Manager.java:724)
	at ptolemy.actor.Manager.execute(Manager.java:356)
	at ptolemy.actor.Manager.run(Manager.java:1263)
	at ptolemy.actor.Manager$PtolemyRunThread.run(Manager.java:1933)
java.lang.reflect.InvocationTargetException
	at java.base/jdk.internal.reflect.NativeConstructorAccessorImpl.newInstance0(Native Method)
	at java.base/jdk.internal.reflect.NativeConstructorAccessorImpl.newInstance(NativeConstructorAccessorImpl.java:62)
	at java.base/jdk.internal.reflect.DelegatingConstructorAccessorImpl.newInstance(DelegatingConstructorAccessorImpl.java:45)
	at java.base/java.lang.reflect.Constructor.newInstance(Constructor.java:490)
	at ptolemy.util.test.junit.AutoKnownFailedTests.RunModel(AutoKnownFailedTests.java:105)
	at java.base/jdk.internal.reflect.NativeMethodAccessorImpl.invoke0(Native Method)
	at java.base/jdk.internal.reflect.NativeMethodAccessorImpl.invoke(NativeMethodAccessorImpl.java:62)
	at java.base/jdk.internal.reflect.DelegatingMethodAccessorImpl.invoke(DelegatingMethodAccessorImpl.java:43)
	at java.base/java.lang.reflect.Method.invoke(Method.java:566)
	at org.junit.runners.model.FrameworkMethod$1.runReflectiveCall(FrameworkMethod.java:44)
	at org.junit.internal.runners.model.ReflectiveCallable.run(ReflectiveCallable.java:15)
	at org.junit.runners.model.FrameworkMethod.invokeExplosively(FrameworkMethod.java:41)
	at junitparams.internal.InvokeParameterisedMethod.evaluate(InvokeParameterisedMethod.java:102)
	at org.junit.internal.runners.statements.FailOnTimeout$1.run(FailOnTimeout.java:28)
Caused by: ptolemy.kernel.util.IllegalActionException: TypeTest actor has no training data.
  in .sizedarray3.TypeTest
	at ptolemy.actor.lib.TypeTest.initialize(TypeTest.java:250)
	at ptolemy.actor.Director.initialize(Director.java:938)
	at ptolemy.actor.Director.initialize(Director.java:907)
	at ptolemy.actor.sched.StaticSchedulingDirector.initialize(StaticSchedulingDirector.java:159)
	at ptolemy.domains.sdf.kernel.SDFDirector.initialize(SDFDirector.java:544)
	at ptolemy.actor.CompositeActor.initialize(CompositeActor.java:935)
	at ptolemy.actor.Manager.initialize(Manager.java:724)
	at ptolemy.actor.Manager.execute(Manager.java:356)
	at ptolemy.actor.Manager.run(Manager.java:1263)
	at ptolemy.actor.Manager$PtolemyRunThread.run(Manager.java:1933)
]]></system-err>
</testsuite>
