<?xml version="1.0" encoding="UTF-8" ?>
<testsuite errors="0" failures="0" hostname="travis-job-61573826-aa6c-434f-9391-388b1afbcb7c" name="ptolemy.actor.lib.test.junit.JUnitTclTest" skipped="0" tests="517" time="58.871" timestamp="2020-07-17T15:08:55">
  <properties>
    <property name="npm.executable" value="npm" />
    <property name="env.TRAVIS_ROOT" value="/" />
    <property name="ptII.mk.exists" value="true" />
    <property name="env.TRAVIS_APP_HOST" value="build.travis-ci.org" />
    <property name="env.rvm_bin_path" value="/home/travis/.rvm/bin" />
    <property name="java.home" value="/usr/local/lib/jvm/openjdk11" />
    <property name="env.TRAVIS_JOB_NUMBER" value="1694.8" />
    <property name="env.TRAVIS_HOME" value="/home/travis" />
    <property name="env.DISPLAY" value=":99.0" />
    <property name="env.TRAVIS_INIT" value="systemd" />
    <property name="env.SSH_TTY" value="/dev/pts/0" />
    <property name="java.net.preferIPv4Stack" value="true" />
    <property name="env.RUN_TESTS" value="true" />
    <property name="timeout.short" value="1000000" />
    <property name="junit.formatter" value="xml" />
    <property name="env.TRAVIS_SUDO" value="true" />
    <property name="env.TRAVIS_JOB_NAME" value="" />
    <property name="env.TRAVIS_STACK_NODE_ATTRIBUTES" value="/.node-attributes.yml" />
    <property name="env.LOGNAME" value="travis" />
    <property name="env.PT_TRAVIS_TEST_CORE1_XML" value="true" />
    <property name="jsdoc.home" value="node_modules/@terraswarm/jsdoc" />
    <property name="debuglevel" value="source,lines,vars" />
    <property name="checkstyle.formatter" value="xml" />
    <property name="env._system_version" value="16.04" />
    <property name="bin.vergil.makeable" value="true" />
    <property name="sun.os.patch.level" value="unknown" />
    <property name="java.vendor.url" value="http://java.oracle.com/" />
    <property name="env.TRAVIS_BUILD_WEB_URL" value="https://travis-ci.org/icyphy/ptII/builds/709209005" />
    <property name="java.version" value="11.0.2" />
    <property name="env.TZ" value="UTC" />
    <property name="env.TRAVIS_PULL_REQUEST_SHA" value="" />
    <property name="env.PT_NO_NET" value="true" />
    <property name="env.TRAVIS_SECURE_ENV_VARS" value="true" />
    <property name="env._system_type" value="Linux" />
    <property name="java.vendor.url.bug" value="http://bugreport.java.com/bugreport/" />
    <property name="npmjs-org-is-up" value="true" />
    <property name="env.LANGUAGE" value="en_US.UTF-8" />
    <property name="env.SSH_CLIENT" value="10.44.1.154 41470 22" />
    <property name="env.GEM_HOME" value="/home/travis/.rvm/gems/ruby-2.5.3" />
    <property name="env.HAS_ANTARES_THREE_LITTLE_FRONZIES_BADGE" value="true" />
    <property name="java.version.date" value="2019-01-15" />
    <property name="env.PS4" value="+" />
    <property name="ant.project.invoked-targets" value="build,test.core1.xml" />
    <property name="env.TRAVIS_PULL_REQUEST_BRANCH" value="" />
    <property name="env.TRAVIS_REPO_SLUG" value="icyphy/ptII" />
    <property name="env.XDG_DATA_DIRS" value="/usr/local/share:/usr/share:/var/lib/snapd/desktop" />
    <property name="jdk.debug" value="release" />
    <property name="env.TRAVIS_APT_PROXY" value="http://build-cache.travisci.net" />
    <property name="env.TRAVIS_CPU_ARCH" value="amd64" />
    <property name="node.in.path" value="true" />
    <property name="user.name" value="travis" />
    <property name="java.maxmemory" value="1400m" />
    <property name="env.RUBY_VERSION" value="ruby-2.5.3" />
    <property name="env.LANG" value="en_US.UTF-8" />
    <property name="sun.io.unicode.encoding" value="UnicodeLittle" />
    <property name="sun.jnu.encoding" value="UTF-8" />
    <property name="java.runtime.name" value="OpenJDK Runtime Environment" />
    <property name="usefile" value="false" />
    <property name="return.code" value="0" />
    <property name="junit.single.formatter" value="plain" />
    <property name="env.DYLD_LIBRARY_PATH" value="/home/travis/pthla/certi-tools/lib:" />
    <property name="env.DEBIAN_FRONTEND" value="noninteractive" />
    <property name="env.SSH_CONNECTION" value="10.44.1.154 41470 10.20.0.7 22" />
    <property name="env.MYSQL_UNIX_PORT" value="/var/run/mysqld/mysqld.sock" />
    <property name="env.LC_ALL" value="en_US.UTF-8" />
    <property name="env.TRAVIS_ALLOW_FAILURE" value="" />
    <property name="env.TRAVIS_JOB_WEB_URL" value="https://travis-ci.org/icyphy/ptII/jobs/709209023" />
    <property name="java.specification.name" value="Java Platform API Specification" />
    <property name="node.works" value="true" />
    <property name="user.timezone" value="" />
    <property name="path.separator" value=":" />
    <property name="env.TRAVIS_ENABLE_INFRA_DETECTION" value="true" />
    <property name="env.PYTHON_CFLAGS" value="-g -fstack-protector --param=ssp-buffer-size=4 -Wformat -Werror=format-security" />
    <property name="timeout.long" value="4000000" />
    <property name="env.CERTI_HOME" value="/home/travis/pthla/certi-tools" />
    <property name="ant.file.ptII" value="/home/travis/build/icyphy/ptII/build.xml" />
    <property name="javadoc.packagenames" value="com.*,diva.*,lbnl.*,org.hlacerti.*,org.json.*,org.ptolemy.*,org.terraswarm.*,ptolemy.*,ptserver.*" />
    <property name="file.encoding" value="UTF-8" />
    <property name="env.TRAVIS_PULL_REQUEST_SLUG" value="" />
    <property name="ant.project.default-target" value="build" />
    <property name="env.GIT_ASKPASS" value="echo" />
    <property name="env.HOME" value="/home/travis" />
    <property name="sun.java.command" value="org.apache.tools.ant.taskdefs.optional.junit.JUnitTestRunner ptolemy.actor.lib.test.junit.JUnitTclTest skipNonTests=false filtertrace=true haltOnError=false haltOnFailure=false formatter=org.apache.tools.ant.taskdefs.optional.junit.OutErrSummaryJUnitResultFormatter showoutput=true outputtoformatters=true logfailedtests=true threadid=0 logtestlistenerevents=false formatter=org.apache.tools.ant.taskdefs.optional.junit.XMLJUnitResultFormatter,/home/travis/build/icyphy/ptII/reports/junit/TEST-ptolemy.actor.lib.test.junit.JUnitTclTest.xml crashfile=/home/travis/build/icyphy/ptII/junitvmwatcher16413786739347847406.properties propsfile=/home/travis/build/icyphy/ptII/junit4599491004786205810.properties" />
    <property name="env.COMPOSER_NO_INTERACTION" value="1" />
    <property name="env.MANPATH" value="/home/travis/.nvm/versions/node/v7.10.1/share/man:/home/travis/.rvm/rubies/ruby-2.5.3/share/man:/usr/local/cmake-3.12.4/man:/usr/local/clang-7.0.0/share/man:/usr/local/man:/usr/local/share/man:/usr/share/man:/home/travis/.rvm/man" />
    <property name="env.TRAVIS_TIMER_ID" value="0114d986" />
    <property name="ant.file" value="/home/travis/build/icyphy/ptII/build.xml" />
    <property name="env.TRAVIS_COMMIT_RANGE" value="3e950cfe0f3c004454147d0a7dfedd7f8d8e77cc...52bfcaaec950ad6b43d11ffdb9cd3f924b0c1f76" />
    <property name="env._system_name" value="Ubuntu" />
    <property name="ptII.classpath.optional.property" value="/home/travis/build/icyphy/ptII/lib/bsh-2.0b4.jar:/home/travis/build/icyphy/ptII/lib/ptCal.jar:/home/travis/build/icyphy/ptII/lib/java_cup.jar:/home/travis/build/icyphy/ptII/lib/saxon8.jar:/home/travis/build/icyphy/ptII/lib/saxon8-dom.jar:/home/travis/build/icyphy/ptII/lib/chic.jar:/home/travis/build/icyphy/ptII/lib/ptcolt.jar:/home/travis/build/icyphy/ptII/vendors/misc/itext/iText.jar:/home/travis/build/icyphy/ptII/lib/g4ltl.jar:/home/travis/build/icyphy/ptII/lib/StructuralCoder.jar:/home/travis/build/icyphy/ptII/lib/jcerti.jar:/home/travis/build/icyphy/ptII/lib/javax.mail.jar:/home/travis/build/icyphy/ptII/vendors/JMF-2.1.1e/lib/jmf.jar:/home/travis/build/icyphy/ptII/lib/jna-4.0.0-variadic.jar:/home/travis/build/icyphy/ptII/vendors/misc/joystick/Joystick.jar:/home/travis/build/icyphy/ptII/lib/ptjacl.jar:/home/travis/build/icyphy/ptII/lib/jsoup-1.8.2.jar:/home/travis/build/icyphy/ptII/lib/junit-4.8.2.jar:/home/travis/build/icyphy/ptII/lib/JUnitParams-0.4.0.jar:/home/travis/build/icyphy/ptII/ptolemy/actor/lib/excel/jxl.jar:/home/travis/build/icyphy/ptII/lib/jython.jar:/home/travis/build/icyphy/ptII/lib/kieler.jar:/home/travis/build/icyphy/ptII/vendors/opencv/share/OpenCV/java/opencv-341.jar:/home/travis/build/icyphy/ptII/lib/oscP5.jar:/home/travis/build/icyphy/ptII/lib/nrjavaserial-3.11.0.devel.jar:/home/travis/build/icyphy/ptII/vendors/j3d/lib/Linux/j3dcore.jar:/home/travis/build/icyphy/ptII/vendors/j3d/lib/Linux/j3dutils.jar:/home/travis/build/icyphy/ptII/vendors/j3d/lib/Linux/vecmath.jar:/home/travis/build/icyphy/ptII/vendors/jogl/lib/Linux/gluegen-rt-natives-linux-amd64.jar:/home/travis/build/icyphy/ptII/vendors/jogl/lib/Linux/gluegen-rt.jar:/home/travis/build/icyphy/ptII/vendors/jogl/lib/Linux/jogl-all-natives-linux-amd64.jar:/home/travis/build/icyphy/ptII/vendors/jogl/lib/Linux/jogl-all.jar:/home/travis/build/icyphy/ptII/ptolemy/distributed/jini/jar/jini-core.jar:/home/travis/build/icyphy/ptII/ptolemy/distributed/jini/jar/jini-ext.jar:/home/travis/build/icyphy/ptII/ptolemy/distributed/jini/jar/sun-util.jar:/home/travis/build/icyphy/ptII/lib/protobuf-java-2.4.1.jar:/home/travis/build/icyphy/ptII/lib/org.eclipse.paho.client.mqttv3.jar:/home/travis/build/icyphy/ptII/lib/mapss.jar:/home/travis/build/icyphy/ptII/ptolemy/actor/ptalon/antlr/antlr.jar:/home/travis/build/icyphy/ptII/lib/JRI.jar:/home/travis/build/icyphy/ptII/lib/commons-lang-2.6.jar:/home/travis/build/icyphy/ptII/lib/commons-logging-1.1.1.jar:/home/travis/build/icyphy/ptII/lib/sootclasses.jar:/home/travis/build/icyphy/ptII/ptolemy/actor/lib/database/mysql-connector-java-5.1.6-bin.jar:/home/travis/build/icyphy/ptII/vendors/misc/sphinx4/sphinx4-data-5prealpha.jar:/home/travis/build/icyphy/ptII/vendors/misc/sphinx4/sphinx4-core-5prealpha.jar:/home/travis/build/icyphy/ptII/lib/PDFRenderer.jar:/home/travis/build/icyphy/ptII/lib/svgSalamander.jar:/home/travis/build/icyphy/ptII/lib/rsyntaxtextarea-2.6.0-SNAPSHOT.jar:/home/travis/build/icyphy/ptII/lib/hazelcast-3.8.2.jar:/home/travis/build/icyphy/ptII/lib/jackson-annotations-2.9.0.jar:/home/travis/build/icyphy/ptII/lib/jackson-core-2.9.3.jar:/home/travis/build/icyphy/ptII/lib/jackson-databind-2.9.3.jar:/home/travis/build/icyphy/ptII/lib/netty-buffer-4.1.19.Final.jar:/home/travis/build/icyphy/ptII/lib/netty-codec-4.1.19.Final.jar:/home/travis/build/icyphy/ptII/lib/netty-codec-dns-4.1.19.Final.jar:/home/travis/build/icyphy/ptII/lib/netty-codec-http-4.1.19.Final.jar:/home/travis/build/icyphy/ptII/lib/netty-codec-http2-4.1.19.Final.jar:/home/travis/build/icyphy/ptII/lib/netty-common-4.1.19.Final.jar:/home/travis/build/icyphy/ptII/lib/netty-handler-4.1.19.Final.jar:/home/travis/build/icyphy/ptII/lib/netty-resolver-4.1.19.Final.jar:/home/travis/build/icyphy/ptII/lib/netty-resolver-dns-4.1.19.Final.jar:/home/travis/build/icyphy/ptII/lib/netty-transport-4.1.19.Final.jar:/home/travis/build/icyphy/ptII/lib/vertx-codegen-3.5.1.jar:/home/travis/build/icyphy/ptII/lib/vertx-core-3.5.2-SNAPSHOT.jar:/home/travis/build/icyphy/ptII/lib/vertx-hazelcast-3.5.1.jar:/home/travis/build/icyphy/ptII/lib/vertx-lang-js-3.5.1.jar:/home/travis/build/icyphy/ptII/lib/vertx-service-proxy-3.5.1.jar:/home/travis/build/icyphy/ptII/lib/vertx-web-3.5.1.jar:/home/travis/build/icyphy/ptII/lib/slf4j-api-1.7.13.jar:/home/travis/build/icyphy/ptII/lib/slf4j-simple-1.7.13.jar:/home/travis/build/icyphy/ptII/lib/webcam-capture-0.3.12.jar:/home/travis/build/icyphy/ptII/lib/bridj-0.7.0.jar:/home/travis/build/icyphy/ptII/lib/xbjlib-1.1.0.nrjavaserial.jar" />
    <property name="timeout" value="2400000" />
    <property name="test.batch" value="**/junit/*.java" />
    <property name="env._" value="/usr/bin/timeout" />
    <property name="java.io.tmpdir" value="/tmp" />
    <property name="user.language" value="en" />
    <property name="env.TRAVIS_INTERNAL_RUBY_REGEX" value="^ruby-(2\.[0-4]\.[0-9]|1\.9\.3)" />
    <property name="env.HISTCONTROL" value="ignoredups:ignorespace" />
    <property name="env.GOROOT" value="/home/travis/.gimme/versions/go1.11.1.linux.amd64" />
    <property name="line.separator" value="&#xa;" />
    <property name="target" value="11" />
    <property name="env.TRAVIS_BUILD_DIR" value="/home/travis/build/icyphy/ptII" />
    <property name="env.ANT_OPTS" value="-Xmx2048m" />
    <property name="ant.file.type" value="file" />
    <property name="ptolemy.ptII.batchMode" value="true" />
    <property name="env.HISTSIZE" value="1000" />
    <property name="env.MERB_ENV" value="test" />
    <property name="java.vm.info" value="mixed mode" />
    <property name="source" value="11" />
    <property name="java.vm.specification.name" value="Java Virtual Machine Specification" />
    <property name="env.TRAVIS_TEST_RESULT" value="0" />
    <property name="jsdoc.command" value="node_modules/@terraswarm/jsdoc/jsdoc.js" />
    <property name="npm.works" value="true" />
    <property name="cobertura.dir" value="/home/travis/build/icyphy/ptII/vendors/cobertura-2.0.3" />
    <property name="jsdoc.command.exists" value="true" />
    <property name="env.rvm_path" value="/home/travis/.rvm" />
    <property name="env.GEM_PATH" value="/home/travis/.rvm/gems/ruby-2.5.3:/home/travis/.rvm/gems/ruby-2.5.3@global" />
    <property name="env.LC_CTYPE" value="en_US.UTF-8" />
    <property name="env.TRAVIS_CMD" value="$PTII/bin/ptIITravisBuild.sh $SECONDS" />
    <property name="java.awt.printerjob" value="sun.print.PSPrinterJob" />
    <property name="env.TRAVIS_STACK_NAME" value="sardonyx" />
    <property name="env.TRAVIS_TIMER_START_TIME" value="1594997968778922119" />
    <property name="ant.version" value="Apache Ant(TM) version 1.10.1 compiled on February 2 2017" />
    <property name="ptII.reports" value="/home/travis/build/icyphy/ptII/reports" />
    <property name="env.TRAVIS_STACK_TIMESTAMP" value="2019-03-25 16:16:56 UTC" />
    <property name="ant.file.type.ptII" value="file" />
    <property name="env.RBENV_SHELL" value="bash" />
    <property name="os.name" value="Linux" />
    <property name="java.specification.vendor" value="Oracle Corporation" />
    <property name="env.rvm_version" value="1.29.7 (latest)" />
    <property name="env.TRAVIS_INFRA" value="unknown" />
    <property name="env.TERM" value="xterm" />
    <property name="java.vm.name" value="OpenJDK 64-Bit Server VM" />
    <property name="env.TRAVIS_BUILD_NUMBER" value="1694" />
    <property name="env.CI" value="true" />
    <property name="java.library.path" value="/home/travis/pthla/certi-tools/lib:/usr/lib/jni:/usr/local/share/OpenCV/java/:/usr/share/OpenCV/java::/usr/java/packages/lib:/usr/lib64:/lib64:/lib:/usr/lib" />
    <property name="jdk.module.path" value="/home/travis/build/icyphy/ptII/vendors/javafx/javafx-sdk-11.0.2/lib:" />
    <property name="env.rvm_prefix" value="/home/travis" />
    <property name="env.PATH" value="/home/travis/pthla/certi-tools/share/scripts:/home/travis/.rvm/gems/ruby-2.5.3/bin:/home/travis/.rvm/gems/ruby-2.5.3@global/bin:/home/travis/.rvm/rubies/ruby-2.5.3/bin:/home/travis/.rvm/bin:/home/travis/.nvm/versions/node/v7.10.1/bin:./node_modules/.bin:/home/travis/build/icyphy/ptII/bin:/home/travis/pthla/certi-tools/bin:/home/travis/bin:/home/travis/.local/bin:/usr/local/lib/jvm/openjdk11/bin:/opt/pyenv/shims:/home/travis/.phpenv/shims:/home/travis/perl5/perlbrew/bin:/home/travis/gopath/bin:/home/travis/.gimme/versions/go1.11.1.linux.amd64/bin:/usr/local/maven-3.6.0/bin:/usr/local/cmake-3.12.4/bin:/usr/local/clang-7.0.0/bin:/usr/local/sbin:/usr/local/bin:/usr/sbin:/usr/bin:/sbin:/bin:/snap/bin:/home/travis/.phpenv/bin:/opt/pyenv/bin:/home/travis/.yarn/bin" />
    <property name="env.TRAVIS_OS_NAME" value="linux" />
    <property name="ant.java.version" value="9" />
    <property name="basedir" value="/home/travis/build/icyphy/ptII" />
    <property name="java.class.version" value="55.0" />
    <property name="env.SHLVL" value="3" />
    <property name="env.LD_LIBRARY_PATH" value="/home/travis/pthla/certi-tools/lib:/usr/lib/jni:/usr/local/share/OpenCV/java/:/usr/share/OpenCV/java:" />
    <property name="env.RACK_ENV" value="test" />
    <property name="ant.home" value="/home/travis/build/icyphy/ptII/ant" />
    <property name="env.NVM_DIR" value="/home/travis/.nvm" />
    <property name="env.CERTI_FOM_PATH" value="/home/travis/pthla/certi-tools/share/federations" />
    <property name="env.TRAVIS_BUILD_ID" value="709209005" />
    <property name="env.PYENV_ROOT" value="/opt/pyenv" />
    <property name="env.TRAVIS_UID" value="2000" />
    <property name="prism.verbose" value="true" />
    <property name="env.NVM_BIN" value="/home/travis/.nvm/versions/node/v7.10.1/bin" />
    <property name="env.TRAVIS_COMMIT" value="52bfcaaec950ad6b43d11ffdb9cd3f924b0c1f76" />
    <property name="env._system_arch" value="x86_64" />
    <property name="node.executable" value="node" />
    <property name="sun.boot.library.path" value="/usr/local/lib/jvm/openjdk11/lib" />
    <property name="sun.management.compiler" value="HotSpot 64-Bit Tiered Compilers" />
    <property name="java.awt.graphicsenv" value="sun.awt.X11GraphicsEnvironment" />
    <property name="env.GOPATH" value="/home/travis/gopath" />
    <property name="ptolemy.ptII.dir" value="/home/travis/build/icyphy/ptII" />
    <property name="env.USER" value="travis" />
    <property name="env.HISTFILESIZE" value="2000" />
    <property name="env.NVM_INC" value="/home/travis/.nvm/versions/node/v7.10.1/include/node" />
    <property name="timeout.longest" value="19000000" />
    <property name="env.PERLBREW_SHELLRC_VERSION" value="0.86" />
    <property name="env.TRAVIS_STACK_FEATURES" value="basic couchdb disabled-ipv6 docker docker-compose elasticsearch firefox go-toolchain google-chrome jdk memcached mongodb mysql nodejs_interpreter perl_interpreter perlbrew phantomjs postgresql python_interpreter redis ruby_interpreter sqlite xserver" />
    <property name="env.TRAVIS_PULL_REQUEST" value="false" />
    <property name="env.PYENV_SHELL" value="bash" />
    <property name="ant.project.name" value="ptII" />
    <property name="env.ANSI_RESET" value="\033[0m" />
    <property name="java.vm.specification.version" value="11" />
    <property name="env.TRAVIS_DIST" value="xenial" />
    <property name="env.CERTI_VERSION" value="4.0.0" />
    <property name="env.CERTI_HOST" value="localhost" />
    <property name="awt.toolkit" value="sun.awt.X11.XToolkit" />
    <property name="env.MY_RUBY_HOME" value="/home/travis/.rvm/rubies/ruby-2.5.3" />
    <property name="sun.cpu.isalist" value="" />
    <property name="env.TRAVIS_TMPDIR" value="/tmp/tmp.qFnfHxEjKz" />
    <property name="java.vm.compressedOopsMode" value="Zero based" />
    <property name="os.version" value="4.15.0-1028-gcp" />
    <property name="user.home" value="/home/travis" />
    <property name="java.vm.vendor" value="Oracle Corporation" />
    <property name="env.TRAVIS_TAG" value="nightly" />
    <property name="env.ANSI_YELLOW" value="\033[33;1m" />
    <property name="env.TRAVIS_FILTERED" value="redirect_io" />
    <property name="env.ANSI_GREEN" value="\033[32;1m" />
    <property name="env.JAVA_HOME" value="/usr/local/lib/jvm/openjdk11" />
    <property name="javadoc.excludepackagenames" value="adm.cvs2svn.*,build.*,config.*,doc.coding.templates.*,jni.test.jni.meaningOfLife.*,jni.test.jni.testDeux.*,jni.test.jni.testTrois.*,org.terraswarm.accessor.accessors.web.node_modules.*,org.terraswarm.accessor.accessors.web.hosts.cordova.demo.*,org.terraswarm.accessor.accessors.web.hosts.cordova.plugins.*,org.terraswarm.accessor.accessors-svn.*,pt-modules.*,ptolemy.apps.agilent.*,ptolemy.apps.anytimecontrol.*,ptolemy.apps.apes.*,ptolemy.apps.charon.*,ptolemy.apps.crazyboard.*,ptolemy.apps.eclipse.*,ptolemy.apps.etherealSting.*,ptolemy.apps.fullscreen.*,ptolemy.apps.giotto.*,ptolemy.apps.ia.*,ptolemy.apps.interfaces.*,ptolemy.apps.jmf.*,ptolemy.apps.kurt.*,ptolemy.apps.kvm.*,ptolemy.apps.lego.*,ptolemy.apps.lejos.*,ptolemy.apps.midp.*,ptolemy.apps.mobileCoding.*,ptolemy.apps.pendulum.*,ptolemy.apps.rijndael.*,ptolemy.apps.robot.*,ptolemy.apps.security.*,ptolemy.apps.sobel.*,ptolemy.apps.soot.*,ptolemy.apps.throttle.*,ptolemy.apps.tini.*,ptolemy.apps.transmission.*,ptolemy.apps.vergil.*,ptolemy.apps.waba.*,ptolemy.apps.websensor.*,ptolemy.apps.webstart.*,ptolemy.apps.xsl.*,ptolemy.apps.zaurus.*,ptolemy.codegen.c.actor.lib.oldJavaFiles.*,ptolemy.codegen.dsp.lib.*,ptolemy.codegen.kernel.newInterfaces.*,ptolemy.codegen.lib.*,ptolemy.copernicus.kernel.fragment.*,ptolemy.copernicus.shallow.cg.*,ptolemy.domains.giotto.demo.Hierarchy.Hierarchy.*,ptolemy.domains.giotto.demo.Multimode.Multimode.*,ptolemy.domains.giotto.demo.Simple.Simple.*,ptolemy.domains.gr.lib.experimental.*,ptolemy.domains.gro.*,ptolemy.domains.pdf.*,ptolemy.domains.ptinyos.demo.Surge.output.*,ptolemy.moml.test.NoPackageActor.java*,ptolemy.plot.adm.*,ptolemy.plot.servlet.*,reports.*,signed.*,src.*,target.*,vendors.*,ptolemy.copernicus.applet.*,ptolemy.media.viewer.*,ptolemy.actor.corba.*,doc.doclets.*,ptolemy.apps.eclipse.awt.*,ptolemy.backtrack.*,ptolemy.backtrack.ast.*,ptolemy.cg.adapter.generic.program.procedural.c.mbed*,ptolemy.homer.*,ptolemy.actor.lib.jai.*,org.ptolemy.scala.*,diva.util.java2d.svg.*,ptolemy.domains.ptinyos.*,ptolemy.actor.lib.fmi.fmipp.*,,org.terraswarm.accessor.accessors.web.node_modules.*,org.terraswarm.accessor.accessors-svn,ptolemy.apps.*,ptolemy.actor.ptalon.demo.ptinyos.SendAndReceiveCnt.output,ptolemy.actor.ptalon.demo.ptinyos.SenseToLeds.output,ptolemy.domains.ptinyos.demo.CntToLedsAndRfm.output,ptolemy.domains.ptinyos.demo.RfmToLeds.output,ptolemy.domains.ptinyos.demo.SendAndReceiveCnt.output,ptolemy.domains.ptinyos.demo.SenseToLeds.output,ptolemy.actor.lib.jjs.modules.udpSocket.*" />
    <property name="env.PTII" value="/home/travis/build/icyphy/ptII" />
    <property name="env.XDG_SESSION_ID" value="2" />
    <property name="keystore" value="ptKeystore" />
    <property name="env.TRAVIS_COMMIT_MESSAGE" value="Updating models using array data type." />
    <property name="junit.output.dir" value="/home/travis/build/icyphy/ptII/reports/junit" />
    <property name="npm.return.code" value="0" />
    <property name="user.dir" value="/home/travis/build/icyphy/ptII/ptolemy/actor/lib/test" />
    <property name="env.TRAVIS_NODE_VERSION" value="7" />
    <property name="env.TRAVIS_EVENT_TYPE" value="cron" />
    <property name="env.MAIL" value="/var/mail/travis" />
    <property name="env.PERLBREW_ROOT" value="/home/travis/perl5/perlbrew" />
    <property name="env.PWD" value="/home/travis/build/icyphy/ptII" />
    <property name="timeout.npm" value="45000" />
    <property name="env.TRAVIS_ARCH" value="amd64" />
    <property name="sun.cpu.endian" value="little" />
    <property name="env.PAGER" value="cat" />
    <property name="env.TRAVIS_BUILD_STAGE_NAME" value="test" />
    <property name="env.PERLBREW_HOME" value="/home/travis/.perlbrew" />
    <property name="java.vm.version" value="11.0.2+9" />
    <property name="env.RAILS_ENV" value="test" />
    <property name="java.class.path" value="/home/travis/.ptolemyII:/home/travis/.ptolemyII/*:/home/travis/build/icyphy/ptII:/home/travis/build/icyphy/ptII/lib/bsh-2.0b4.jar:/home/travis/build/icyphy/ptII/lib/ptCal.jar:/home/travis/build/icyphy/ptII/lib/java_cup.jar:/home/travis/build/icyphy/ptII/lib/saxon8.jar:/home/travis/build/icyphy/ptII/lib/saxon8-dom.jar:/home/travis/build/icyphy/ptII/lib/chic.jar:/home/travis/build/icyphy/ptII/lib/ptcolt.jar:/home/travis/build/icyphy/ptII/vendors/misc/itext/iText.jar:/home/travis/build/icyphy/ptII/lib/g4ltl.jar:/home/travis/build/icyphy/ptII/lib/StructuralCoder.jar:/home/travis/build/icyphy/ptII/lib/jcerti.jar:/home/travis/build/icyphy/ptII/lib/javax.mail.jar:/home/travis/build/icyphy/ptII/vendors/JMF-2.1.1e/lib/jmf.jar:/home/travis/build/icyphy/ptII/lib/jna-4.0.0-variadic.jar:/home/travis/build/icyphy/ptII/vendors/misc/joystick/Joystick.jar:/home/travis/build/icyphy/ptII/lib/ptjacl.jar:/home/travis/build/icyphy/ptII/lib/jsoup-1.8.2.jar:/home/travis/build/icyphy/ptII/lib/junit-4.8.2.jar:/home/travis/build/icyphy/ptII/lib/JUnitParams-0.4.0.jar:/home/travis/build/icyphy/ptII/ptolemy/actor/lib/excel/jxl.jar:/home/travis/build/icyphy/ptII/lib/jython.jar:/home/travis/build/icyphy/ptII/lib/kieler.jar:/home/travis/build/icyphy/ptII/vendors/opencv/share/OpenCV/java/opencv-341.jar:/home/travis/build/icyphy/ptII/lib/oscP5.jar:/home/travis/build/icyphy/ptII/lib/nrjavaserial-3.11.0.devel.jar:/home/travis/build/icyphy/ptII/vendors/j3d/lib/Linux/j3dcore.jar:/home/travis/build/icyphy/ptII/vendors/j3d/lib/Linux/j3dutils.jar:/home/travis/build/icyphy/ptII/vendors/j3d/lib/Linux/vecmath.jar:/home/travis/build/icyphy/ptII/vendors/jogl/lib/Linux/gluegen-rt-natives-linux-amd64.jar:/home/travis/build/icyphy/ptII/vendors/jogl/lib/Linux/gluegen-rt.jar:/home/travis/build/icyphy/ptII/vendors/jogl/lib/Linux/jogl-all-natives-linux-amd64.jar:/home/travis/build/icyphy/ptII/vendors/jogl/lib/Linux/jogl-all.jar:/home/travis/build/icyphy/ptII/ptolemy/distributed/jini/jar/jini-core.jar:/home/travis/build/icyphy/ptII/ptolemy/distributed/jini/jar/jini-ext.jar:/home/travis/build/icyphy/ptII/ptolemy/distributed/jini/jar/sun-util.jar:/home/travis/build/icyphy/ptII/lib/protobuf-java-2.4.1.jar:/home/travis/build/icyphy/ptII/lib/org.eclipse.paho.client.mqttv3.jar:/home/travis/build/icyphy/ptII/lib/mapss.jar:/home/travis/build/icyphy/ptII/ptolemy/actor/ptalon/antlr/antlr.jar:/home/travis/build/icyphy/ptII/lib/JRI.jar:/home/travis/build/icyphy/ptII/lib/commons-lang-2.6.jar:/home/travis/build/icyphy/ptII/lib/commons-logging-1.1.1.jar:/home/travis/build/icyphy/ptII/lib/sootclasses.jar:/home/travis/build/icyphy/ptII/ptolemy/actor/lib/database/mysql-connector-java-5.1.6-bin.jar:/home/travis/build/icyphy/ptII/vendors/misc/sphinx4/sphinx4-data-5prealpha.jar:/home/travis/build/icyphy/ptII/vendors/misc/sphinx4/sphinx4-core-5prealpha.jar:/home/travis/build/icyphy/ptII/lib/PDFRenderer.jar:/home/travis/build/icyphy/ptII/lib/svgSalamander.jar:/home/travis/build/icyphy/ptII/lib/rsyntaxtextarea-2.6.0-SNAPSHOT.jar:/home/travis/build/icyphy/ptII/lib/hazelcast-3.8.2.jar:/home/travis/build/icyphy/ptII/lib/jackson-annotations-2.9.0.jar:/home/travis/build/icyphy/ptII/lib/jackson-core-2.9.3.jar:/home/travis/build/icyphy/ptII/lib/jackson-databind-2.9.3.jar:/home/travis/build/icyphy/ptII/lib/netty-buffer-4.1.19.Final.jar:/home/travis/build/icyphy/ptII/lib/netty-codec-4.1.19.Final.jar:/home/travis/build/icyphy/ptII/lib/netty-codec-dns-4.1.19.Final.jar:/home/travis/build/icyphy/ptII/lib/netty-codec-http-4.1.19.Final.jar:/home/travis/build/icyphy/ptII/lib/netty-codec-http2-4.1.19.Final.jar:/home/travis/build/icyphy/ptII/lib/netty-common-4.1.19.Final.jar:/home/travis/build/icyphy/ptII/lib/netty-handler-4.1.19.Final.jar:/home/travis/build/icyphy/ptII/lib/netty-resolver-4.1.19.Final.jar:/home/travis/build/icyphy/ptII/lib/netty-resolver-dns-4.1.19.Final.jar:/home/travis/build/icyphy/ptII/lib/netty-transport-4.1.19.Final.jar:/home/travis/build/icyphy/ptII/lib/vertx-codegen-3.5.1.jar:/home/travis/build/icyphy/ptII/lib/vertx-core-3.5.2-SNAPSHOT.jar:/home/travis/build/icyphy/ptII/lib/vertx-hazelcast-3.5.1.jar:/home/travis/build/icyphy/ptII/lib/vertx-lang-js-3.5.1.jar:/home/travis/build/icyphy/ptII/lib/vertx-service-proxy-3.5.1.jar:/home/travis/build/icyphy/ptII/lib/vertx-web-3.5.1.jar:/home/travis/build/icyphy/ptII/lib/slf4j-api-1.7.13.jar:/home/travis/build/icyphy/ptII/lib/slf4j-simple-1.7.13.jar:/home/travis/build/icyphy/ptII/lib/webcam-capture-0.3.12.jar:/home/travis/build/icyphy/ptII/lib/bridj-0.7.0.jar:/home/travis/build/icyphy/ptII/lib/xbjlib-1.1.0.nrjavaserial.jar:/home/travis/build/icyphy/ptII/ptolemy/moml/test:/home/travis/build/icyphy/ptII/ant/lib/ant-launcher.jar:/home/travis/build/icyphy/ptII/ant/lib/ant.jar:/home/travis/build/icyphy/ptII/ant/lib/ant-junit.jar:/home/travis/build/icyphy/ptII/ant/lib/ant-junit4.jar" />
    <property name="ant.library.dir" value="/home/travis/build/icyphy/ptII/ant/lib" />
    <property name="os.arch" value="amd64" />
    <property name="env.CONTINUOUS_INTEGRATION" value="true" />
    <property name="env.TRAVIS_LANGUAGE" value="node_js" />
    <property name="env.TRAVIS_STACK_LANGUAGES" value="__sardonyx__ c c++ clojure cplusplus cpp default generic go groovy java node_js php pure_java python ruby scala" />
    <property name="test.name" value="ptolemy.actor.lib.test.junit.JUnitTclTest" />
    <property name="env.APT_KEY_DONT_WARN_ON_DANGEROUS_USAGE" value="1" />
    <property name="sun.java.launcher" value="SUN_STANDARD" />
    <property name="env.PYTHON_CONFIGURE_OPTS" value="--enable-unicode=ucs4 --with-wide-unicode --enable-shared --enable-ipv6 --enable-loadable-sqlite-extensions --with-computed-gotos" />
    <property name="ant.core.lib" value="/home/travis/build/icyphy/ptII/ant/lib/ant.jar" />
    <property name="java.vm.specification.vendor" value="Oracle Corporation" />
    <property name="env.BCVTB_HOME" value="/home/travis/build/icyphy/ptII/lbnl" />
    <property name="file.separator" value="/" />
    <property name="spotbugs.home" value="/home/travis/build/icyphy/ptII/vendors/spotbugs-3.1.1" />
    <property name="java.runtime.version" value="11.0.2+9" />
    <property name="env.ANSI_CLEAR" value="\033[0K" />
    <property name="javafx.verbose" value="true" />
    <property name="env.HAS_JOSH_K_SEAL_OF_APPROVAL" value="true" />
    <property name="env.XDG_RUNTIME_DIR" value="/run/user/2000" />
    <property name="env.TRAVIS_OSX_IMAGE" value="" />
    <property name="env.TRAVIS_JOB_ID" value="709209023" />
    <property name="env.TRAVIS_BRANCH" value="master" />
    <property name="user.country" value="US" />
    <property name="env.CERTI_HOME_TRAVIS" value="/home/travis/pthla/certi-tools" />
    <property name="env.SHELL" value="/bin/bash" />
    <property name="java.maxmemory.large" value="3200m" />
    <property name="model" value="" />
    <property name="env.CASHER_DIR" value="/home/travis/.casher" />
    <property name="env.NVM_CD_FLAGS" value="" />
    <property name="java.vendor.version" value="18.9" />
    <property name="jshint.executable" value="/home/travis/node_modules/jshint/bin/jshint" />
    <property name="env.JRUBY_OPTS" value=" --client -J-XX:+TieredCompilation -J-XX:TieredStopAtLevel=1 -J-Xss2m -Xcompile.invokedynamic=false" />
    <property name="java.vendor" value="Oracle Corporation" />
    <property name="env.TRAVIS_PRE_CHEF_BOOTSTRAP_TIME" value="2019-03-25T16:16:42" />
    <property name="env.TRAVIS_STACK_JOB_BOARD_REGISTER" value="/.job-board-register.yml" />
    <property name="env.ANSI_RED" value="\033[31;1m" />
    <property name="java.specification.version" value="11" />
    <property name="env.IRBRC" value="/home/travis/.rvm/rubies/ruby-2.5.3/.irbrc" />
    <property name="env.TRAVIS" value="true" />
    <property name="sun.arch.data.model" value="64" />
  </properties>
  <testcase classname="ptolemy.util.test.junit.TclTests" name="[0] /home/travis/build/icyphy/ptII/ptolemy/actor/lib/test/AbsoluteValue.tcl (RunTclFile)" time="0.543" />
  <testcase classname="ptolemy.util.test.junit.TclTests" name="[1] /home/travis/build/icyphy/ptII/ptolemy/actor/lib/test/AddSubtract.tcl (RunTclFile)" time="0.094" />
  <testcase classname="ptolemy.util.test.junit.TclTests" name="[2] /home/travis/build/icyphy/ptII/ptolemy/actor/lib/test/Average.tcl (RunTclFile)" time="0.052" />
  <testcase classname="ptolemy.util.test.junit.TclTests" name="[3] /home/travis/build/icyphy/ptII/ptolemy/actor/lib/test/Bernoulli.tcl (RunTclFile)" time="0.023" />
  <testcase classname="ptolemy.util.test.junit.TclTests" name="[4] /home/travis/build/icyphy/ptII/ptolemy/actor/lib/test/Clock.tcl (RunTclFile)" time="0.095" />
  <testcase classname="ptolemy.util.test.junit.TclTests" name="[5] /home/travis/build/icyphy/ptII/ptolemy/actor/lib/test/Commutator.tcl (RunTclFile)" time="0.163" />
  <testcase classname="ptolemy.util.test.junit.TclTests" name="[6] /home/travis/build/icyphy/ptII/ptolemy/actor/lib/test/Const.tcl (RunTclFile)" time="0.08" />
  <testcase classname="ptolemy.util.test.junit.TclTests" name="[7] /home/travis/build/icyphy/ptII/ptolemy/actor/lib/test/CurrentTime.tcl (RunTclFile)" time="0.039" />
  <testcase classname="ptolemy.util.test.junit.TclTests" name="[8] /home/travis/build/icyphy/ptII/ptolemy/actor/lib/test/DB.tcl (RunTclFile)" time="0.036" />
  <testcase classname="ptolemy.util.test.junit.TclTests" name="[9] /home/travis/build/icyphy/ptII/ptolemy/actor/lib/test/DiscreteRandomSource.tcl (RunTclFile)" time="0.025" />
  <testcase classname="ptolemy.util.test.junit.TclTests" name="[10] /home/travis/build/icyphy/ptII/ptolemy/actor/lib/test/Distributor.tcl (RunTclFile)" time="0.089" />
  <testcase classname="ptolemy.util.test.junit.TclTests" name="[11] /home/travis/build/icyphy/ptII/ptolemy/actor/lib/test/Exit.tcl (RunTclFile)" time="0.075" />
  <testcase classname="ptolemy.util.test.junit.TclTests" name="[12] /home/travis/build/icyphy/ptII/ptolemy/actor/lib/test/Expression.tcl (RunTclFile)" time="0.079" />
  <testcase classname="ptolemy.util.test.junit.TclTests" name="[13] /home/travis/build/icyphy/ptII/ptolemy/actor/lib/test/Gaussian.tcl (RunTclFile)" time="0.53" />
  <testcase classname="ptolemy.util.test.junit.TclTests" name="[14] /home/travis/build/icyphy/ptII/ptolemy/actor/lib/test/IIR.tcl (RunTclFile)" time="0.037" />
  <testcase classname="ptolemy.util.test.junit.TclTests" name="[15] /home/travis/build/icyphy/ptII/ptolemy/actor/lib/test/Interpolator.tcl (RunTclFile)" time="0.045" />
  <testcase classname="ptolemy.util.test.junit.TclTests" name="[16] /home/travis/build/icyphy/ptII/ptolemy/actor/lib/test/MathFunction.tcl (RunTclFile)" time="0.063" />
  <testcase classname="ptolemy.util.test.junit.TclTests" name="[17] /home/travis/build/icyphy/ptII/ptolemy/actor/lib/test/Maximum.tcl (RunTclFile)" time="0.02" />
  <testcase classname="ptolemy.util.test.junit.TclTests" name="[18] /home/travis/build/icyphy/ptII/ptolemy/actor/lib/test/Minimum.tcl (RunTclFile)" time="0.022" />
  <testcase classname="ptolemy.util.test.junit.TclTests" name="[19] /home/travis/build/icyphy/ptII/ptolemy/actor/lib/test/MultiplyDivide.tcl (RunTclFile)" time="0.036" />
  <testcase classname="ptolemy.util.test.junit.TclTests" name="[20] /home/travis/build/icyphy/ptII/ptolemy/actor/lib/test/OrderedMerge.tcl (RunTclFile)" time="0.135" />
  <testcase classname="ptolemy.util.test.junit.TclTests" name="[21] /home/travis/build/icyphy/ptII/ptolemy/actor/lib/test/Publisher.tcl (RunTclFile)" time="0.737" />
  <testcase classname="ptolemy.util.test.junit.TclTests" name="[22] /home/travis/build/icyphy/ptII/ptolemy/actor/lib/test/Pulse.tcl (RunTclFile)" time="0.075" />
  <testcase classname="ptolemy.util.test.junit.TclTests" name="[23] /home/travis/build/icyphy/ptII/ptolemy/actor/lib/test/Ramp.tcl (RunTclFile)" time="1.86" />
  <testcase classname="ptolemy.util.test.junit.TclTests" name="[24] /home/travis/build/icyphy/ptII/ptolemy/actor/lib/test/RampContinuous.tcl (RunTclFile)" time="0.015" />
  <testcase classname="ptolemy.util.test.junit.TclTests" name="[25] /home/travis/build/icyphy/ptII/ptolemy/actor/lib/test/RecordAssembler.tcl (RunTclFile)" time="0.013" />
  <testcase classname="ptolemy.util.test.junit.TclTests" name="[26] /home/travis/build/icyphy/ptII/ptolemy/actor/lib/test/RecordDisassembler.tcl (RunTclFile)" time="0.018" />
  <testcase classname="ptolemy.util.test.junit.TclTests" name="[27] /home/travis/build/icyphy/ptII/ptolemy/actor/lib/test/Scale.tcl (RunTclFile)" time="0.015" />
  <testcase classname="ptolemy.util.test.junit.TclTests" name="[28] /home/travis/build/icyphy/ptII/ptolemy/actor/lib/test/SequentialClock.tcl (RunTclFile)" time="0.011" />
  <testcase classname="ptolemy.util.test.junit.TclTests" name="[29] /home/travis/build/icyphy/ptII/ptolemy/actor/lib/test/SetVariable.tcl (RunTclFile)" time="0.008" />
  <testcase classname="ptolemy.util.test.junit.TclTests" name="[30] /home/travis/build/icyphy/ptII/ptolemy/actor/lib/test/Sinewave.tcl (RunTclFile)" time="0.027" />
  <testcase classname="ptolemy.util.test.junit.TclTests" name="[31] /home/travis/build/icyphy/ptII/ptolemy/actor/lib/test/SubscriptionAggregator.tcl (RunTclFile)" time="2.03" />
  <testcase classname="ptolemy.util.test.junit.TclTests" name="[32] /home/travis/build/icyphy/ptII/ptolemy/actor/lib/test/Test.tcl (RunTclFile)" time="0.075" />
  <testcase classname="ptolemy.util.test.junit.TclTests" name="[33] /home/travis/build/icyphy/ptII/ptolemy/actor/lib/test/TestExceptionHandler.tcl (RunTclFile)" time="0.013" />
  <testcase classname="ptolemy.util.test.junit.TclTests" name="[34] /home/travis/build/icyphy/ptII/ptolemy/actor/lib/test/UnionDisassembler.tcl (RunTclFile)" time="0.065" />
  <testcase classname="ptolemy.util.test.junit.TclTests" name="[35] /home/travis/build/icyphy/ptII/ptolemy/actor/lib/test/VariableClock.tcl (RunTclFile)" time="0.026" />
  <testcase classname="ptolemy.util.test.junit.AutoKnownFailedTests" name="[0] /home/travis/build/icyphy/ptII/ptolemy/actor/lib/test/auto/knownFailedTests/PublisherPortToplevelSubscriber.xml (RunModel)" time="0.033" />
  <testcase classname="ptolemy.util.test.junit.AutoKnownFailedTests" name="[1] /home/travis/build/icyphy/ptII/ptolemy/actor/lib/test/auto/knownFailedTests/PublisherSubscriberPortToplevel.xml (RunModel)" time="0.014" />
  <testcase classname="ptolemy.util.test.junit.AutoKnownFailedTests" name="[2] /home/travis/build/icyphy/ptII/ptolemy/actor/lib/test/auto/knownFailedTests/PublisherSubscriptionAggregatorPort.xml (RunModel)" time="0.017" />
  <testcase classname="ptolemy.util.test.junit.AutoKnownFailedTests" name="[3] /home/travis/build/icyphy/ptII/ptolemy/actor/lib/test/auto/knownFailedTests/sizedarray3.xml (RunModel)" time="0.037" />
  <testcase classname="ptolemy.util.test.junit.AutoNameArchTests" name="[0] ThereAreNoAutoArchTests (RunModel)" time="0.001" />
  <testcase classname="ptolemy.util.test.junit.AutoTests" name="[0] /home/travis/build/icyphy/ptII/ptolemy/actor/lib/test/auto/AbsoluteValue.xml (RunModel)" time="0.148" />
  <testcase classname="ptolemy.util.test.junit.AutoTests" name="[1] /home/travis/build/icyphy/ptII/ptolemy/actor/lib/test/auto/AbsoluteValue2.xml (RunModel)" time="0.063" />
  <testcase classname="ptolemy.util.test.junit.AutoTests" name="[2] /home/travis/build/icyphy/ptII/ptolemy/actor/lib/test/auto/Accumulator.xml (RunModel)" time="0.065" />
  <testcase classname="ptolemy.util.test.junit.AutoTests" name="[3] /home/travis/build/icyphy/ptII/ptolemy/actor/lib/test/auto/Accumulator2.xml (RunModel)" time="0.041" />
  <testcase classname="ptolemy.util.test.junit.AutoTests" name="[4] /home/travis/build/icyphy/ptII/ptolemy/actor/lib/test/auto/Accumulator3.xml (RunModel)" time="0.013" />
  <testcase classname="ptolemy.util.test.junit.AutoTests" name="[5] /home/travis/build/icyphy/ptII/ptolemy/actor/lib/test/auto/ArrayAppend.xml (RunModel)" time="0.022" />
  <testcase classname="ptolemy.util.test.junit.AutoTests" name="[6] /home/travis/build/icyphy/ptII/ptolemy/actor/lib/test/auto/ArrayAppend2.xml (RunModel)" time="0.306" />
  <testcase classname="ptolemy.util.test.junit.AutoTests" name="[7] /home/travis/build/icyphy/ptII/ptolemy/actor/lib/test/auto/ArrayAppend3.xml (RunModel)" time="0.025" />
  <testcase classname="ptolemy.util.test.junit.AutoTests" name="[8] /home/travis/build/icyphy/ptII/ptolemy/actor/lib/test/auto/ArrayAppend4.xml (RunModel)" time="0.027" />
  <testcase classname="ptolemy.util.test.junit.AutoTests" name="[9] /home/travis/build/icyphy/ptII/ptolemy/actor/lib/test/auto/ArrayAppend5.xml (RunModel)" time="0.021" />
  <testcase classname="ptolemy.util.test.junit.AutoTests" name="[10] /home/travis/build/icyphy/ptII/ptolemy/actor/lib/test/auto/ArrayAppend6.xml (RunModel)" time="0.023" />
  <testcase classname="ptolemy.util.test.junit.AutoTests" name="[11] /home/travis/build/icyphy/ptII/ptolemy/actor/lib/test/auto/ArrayAppendPerformanceTest.xml (RunModel)" time="0.068" />
  <testcase classname="ptolemy.util.test.junit.AutoTests" name="[12] /home/travis/build/icyphy/ptII/ptolemy/actor/lib/test/auto/ArrayAppendWithEmptyInput.xml (RunModel)" time="0.052" />
  <testcase classname="ptolemy.util.test.junit.AutoTests" name="[13] /home/travis/build/icyphy/ptII/ptolemy/actor/lib/test/auto/ArrayAverage.xml (RunModel)" time="0.11" />
  <testcase classname="ptolemy.util.test.junit.AutoTests" name="[14] /home/travis/build/icyphy/ptII/ptolemy/actor/lib/test/auto/ArrayContains.xml (RunModel)" time="0.03" />
  <testcase classname="ptolemy.util.test.junit.AutoTests" name="[15] /home/travis/build/icyphy/ptII/ptolemy/actor/lib/test/auto/ArrayElement.xml (RunModel)" time="0.031" />
  <testcase classname="ptolemy.util.test.junit.AutoTests" name="[16] /home/travis/build/icyphy/ptII/ptolemy/actor/lib/test/auto/ArrayElementAsMatrix.xml (RunModel)" time="0.061" />
  <testcase classname="ptolemy.util.test.junit.AutoTests" name="[17] /home/travis/build/icyphy/ptII/ptolemy/actor/lib/test/auto/ArrayElementI.xml (RunModel)" time="0.016" />
  <testcase classname="ptolemy.util.test.junit.AutoTests" name="[18] /home/travis/build/icyphy/ptII/ptolemy/actor/lib/test/auto/ArrayExtract.xml (RunModel)" time="0.039" />
  <testcase classname="ptolemy.util.test.junit.AutoTests" name="[19] /home/travis/build/icyphy/ptII/ptolemy/actor/lib/test/auto/ArrayExtract2.xml (RunModel)" time="0.025" />
  <testcase classname="ptolemy.util.test.junit.AutoTests" name="[20] /home/travis/build/icyphy/ptII/ptolemy/actor/lib/test/auto/ArrayLength.xml (RunModel)" time="0.014" />
  <testcase classname="ptolemy.util.test.junit.AutoTests" name="[21] /home/travis/build/icyphy/ptII/ptolemy/actor/lib/test/auto/ArrayLevelCrossing.xml (RunModel)" time="0.026" />
  <testcase classname="ptolemy.util.test.junit.AutoTests" name="[22] /home/travis/build/icyphy/ptII/ptolemy/actor/lib/test/auto/ArrayLevelCrossing2.xml (RunModel)" time="0.019" />
  <testcase classname="ptolemy.util.test.junit.AutoTests" name="[23] /home/travis/build/icyphy/ptII/ptolemy/actor/lib/test/auto/ArrayPeakSearch.xml (RunModel)" time="0.037" />
  <testcase classname="ptolemy.util.test.junit.AutoTests" name="[24] /home/travis/build/icyphy/ptII/ptolemy/actor/lib/test/auto/ArrayPeakSearch2.xml (RunModel)" time="0.034" />
  <testcase classname="ptolemy.util.test.junit.AutoTests" name="[25] /home/travis/build/icyphy/ptII/ptolemy/actor/lib/test/auto/ArrayPeakSearch3.xml (RunModel)" time="0.031" />
  <testcase classname="ptolemy.util.test.junit.AutoTests" name="[26] /home/travis/build/icyphy/ptII/ptolemy/actor/lib/test/auto/ArrayRemoveElement.xml (RunModel)" time="0.025" />
  <testcase classname="ptolemy.util.test.junit.AutoTests" name="[27] /home/travis/build/icyphy/ptII/ptolemy/actor/lib/test/auto/ArraySort.xml (RunModel)" time="0.031" />
  <testcase classname="ptolemy.util.test.junit.AutoTests" name="[28] /home/travis/build/icyphy/ptII/ptolemy/actor/lib/test/auto/ArraySum.xml (RunModel)" time="0.016" />
  <testcase classname="ptolemy.util.test.junit.AutoTests" name="[29] /home/travis/build/icyphy/ptII/ptolemy/actor/lib/test/auto/ArrayToElements.xml (RunModel)" time="0.018" />
  <testcase classname="ptolemy.util.test.junit.AutoTests" name="[30] /home/travis/build/icyphy/ptII/ptolemy/actor/lib/test/auto/ArrayToMatrix.xml (RunModel)" time="0.048" />
  <testcase classname="ptolemy.util.test.junit.AutoTests" name="[31] /home/travis/build/icyphy/ptII/ptolemy/actor/lib/test/auto/ArrayUpdate1.xml (RunModel)" time="0.014" />
  <testcase classname="ptolemy.util.test.junit.AutoTests" name="[32] /home/travis/build/icyphy/ptII/ptolemy/actor/lib/test/auto/ArrayUpdate2.xml (RunModel)" time="0.016" />
  <testcase classname="ptolemy.util.test.junit.AutoTests" name="[33] /home/travis/build/icyphy/ptII/ptolemy/actor/lib/test/auto/ArrayUpdate3.xml (RunModel)" time="0.021" />
  <testcase classname="ptolemy.util.test.junit.AutoTests" name="[34] /home/travis/build/icyphy/ptII/ptolemy/actor/lib/test/auto/Assert1.xml (RunModel)" time="0.017" />
  <testcase classname="ptolemy.util.test.junit.AutoTests" name="[35] /home/travis/build/icyphy/ptII/ptolemy/actor/lib/test/auto/Assert2.xml (RunModel)" time="0.013" />
  <testcase classname="ptolemy.util.test.junit.AutoTests" name="[36] /home/travis/build/icyphy/ptII/ptolemy/actor/lib/test/auto/BooleanMultiplexor.xml (RunModel)" time="0.021" />
  <testcase classname="ptolemy.util.test.junit.AutoTests" name="[37] /home/travis/build/icyphy/ptII/ptolemy/actor/lib/test/auto/BooleanMultiplexor2.xml (RunModel)" time="0.02" />
  <testcase classname="ptolemy.util.test.junit.AutoTests" name="[38] /home/travis/build/icyphy/ptII/ptolemy/actor/lib/test/auto/BooleanMultiplexor3.xml (RunModel)" time="0.018" />
  <testcase classname="ptolemy.util.test.junit.AutoTests" name="[39] /home/travis/build/icyphy/ptII/ptolemy/actor/lib/test/auto/BooleanSelect.xml (RunModel)" time="0.027" />
  <testcase classname="ptolemy.util.test.junit.AutoTests" name="[40] /home/travis/build/icyphy/ptII/ptolemy/actor/lib/test/auto/BooleanSelect2.xml (RunModel)" time="0.012" />
  <testcase classname="ptolemy.util.test.junit.AutoTests" name="[41] /home/travis/build/icyphy/ptII/ptolemy/actor/lib/test/auto/BooleanSwitch.xml (RunModel)" time="0.014" />
  <testcase classname="ptolemy.util.test.junit.AutoTests" name="[42] /home/travis/build/icyphy/ptII/ptolemy/actor/lib/test/auto/BooleanSwitch2.xml (RunModel)" time="0.01" />
  <testcase classname="ptolemy.util.test.junit.AutoTests" name="[43] /home/travis/build/icyphy/ptII/ptolemy/actor/lib/test/auto/BooleanSwitchCloningBugWithClassRelationGroup.xml (RunModel)" time="0.029" />
  <testcase classname="ptolemy.util.test.junit.AutoTests" name="[44] /home/travis/build/icyphy/ptII/ptolemy/actor/lib/test/auto/BusActors.xml (RunModel)" time="0.036" />
  <testcase classname="ptolemy.util.test.junit.AutoTests" name="[45] /home/travis/build/icyphy/ptII/ptolemy/actor/lib/test/auto/ClassWrapper.xml (RunModel)" time="0.019" />
  <testcase classname="ptolemy.util.test.junit.AutoTests" name="[46] /home/travis/build/icyphy/ptII/ptolemy/actor/lib/test/auto/Clock.xml (RunModel)" time="0.008" />
  <testcase classname="ptolemy.util.test.junit.AutoTests" name="[47] /home/travis/build/icyphy/ptII/ptolemy/actor/lib/test/auto/Clock10.xml (RunModel)" time="0.014" />
  <testcase classname="ptolemy.util.test.junit.AutoTests" name="[48] /home/travis/build/icyphy/ptII/ptolemy/actor/lib/test/auto/Clock11.xml (RunModel)" time="0.014" />
  <testcase classname="ptolemy.util.test.junit.AutoTests" name="[49] /home/travis/build/icyphy/ptII/ptolemy/actor/lib/test/auto/Clock12.xml (RunModel)" time="0.017" />
  <testcase classname="ptolemy.util.test.junit.AutoTests" name="[50] /home/travis/build/icyphy/ptII/ptolemy/actor/lib/test/auto/Clock13.xml (RunModel)" time="0.017" />
  <testcase classname="ptolemy.util.test.junit.AutoTests" name="[51] /home/travis/build/icyphy/ptII/ptolemy/actor/lib/test/auto/Clock14.xml (RunModel)" time="0.017" />
  <testcase classname="ptolemy.util.test.junit.AutoTests" name="[52] /home/travis/build/icyphy/ptII/ptolemy/actor/lib/test/auto/Clock15.xml (RunModel)" time="0.011" />
  <testcase classname="ptolemy.util.test.junit.AutoTests" name="[53] /home/travis/build/icyphy/ptII/ptolemy/actor/lib/test/auto/Clock16.xml (RunModel)" time="0.098" />
  <testcase classname="ptolemy.util.test.junit.AutoTests" name="[54] /home/travis/build/icyphy/ptII/ptolemy/actor/lib/test/auto/Clock17.xml (RunModel)" time="0.065" />
  <testcase classname="ptolemy.util.test.junit.AutoTests" name="[55] /home/travis/build/icyphy/ptII/ptolemy/actor/lib/test/auto/Clock18.xml (RunModel)" time="0.044" />
  <testcase classname="ptolemy.util.test.junit.AutoTests" name="[56] /home/travis/build/icyphy/ptII/ptolemy/actor/lib/test/auto/Clock19.xml (RunModel)" time="0.036" />
  <testcase classname="ptolemy.util.test.junit.AutoTests" name="[57] /home/travis/build/icyphy/ptII/ptolemy/actor/lib/test/auto/Clock2.xml (RunModel)" time="0.012" />
  <testcase classname="ptolemy.util.test.junit.AutoTests" name="[58] /home/travis/build/icyphy/ptII/ptolemy/actor/lib/test/auto/Clock20.xml (RunModel)" time="0.019" />
  <testcase classname="ptolemy.util.test.junit.AutoTests" name="[59] /home/travis/build/icyphy/ptII/ptolemy/actor/lib/test/auto/Clock21.xml (RunModel)" time="0.012" />
  <testcase classname="ptolemy.util.test.junit.AutoTests" name="[60] /home/travis/build/icyphy/ptII/ptolemy/actor/lib/test/auto/Clock22.xml (RunModel)" time="0.013" />
  <testcase classname="ptolemy.util.test.junit.AutoTests" name="[61] /home/travis/build/icyphy/ptII/ptolemy/actor/lib/test/auto/Clock23.xml (RunModel)" time="0.014" />
  <testcase classname="ptolemy.util.test.junit.AutoTests" name="[62] /home/travis/build/icyphy/ptII/ptolemy/actor/lib/test/auto/Clock24.xml (RunModel)" time="0.015" />
  <testcase classname="ptolemy.util.test.junit.AutoTests" name="[63] /home/travis/build/icyphy/ptII/ptolemy/actor/lib/test/auto/Clock4.xml (RunModel)" time="0.008" />
  <testcase classname="ptolemy.util.test.junit.AutoTests" name="[64] /home/travis/build/icyphy/ptII/ptolemy/actor/lib/test/auto/Clock5.xml (RunModel)" time="0.009" />
  <testcase classname="ptolemy.util.test.junit.AutoTests" name="[65] /home/travis/build/icyphy/ptII/ptolemy/actor/lib/test/auto/Clock6.xml (RunModel)" time="0.013" />
  <testcase classname="ptolemy.util.test.junit.AutoTests" name="[66] /home/travis/build/icyphy/ptII/ptolemy/actor/lib/test/auto/Clock7.xml (RunModel)" time="0.007" />
  <testcase classname="ptolemy.util.test.junit.AutoTests" name="[67] /home/travis/build/icyphy/ptII/ptolemy/actor/lib/test/auto/Clock8.xml (RunModel)" time="0.012" />
  <testcase classname="ptolemy.util.test.junit.AutoTests" name="[68] /home/travis/build/icyphy/ptII/ptolemy/actor/lib/test/auto/Clock9.xml (RunModel)" time="0.014" />
  <testcase classname="ptolemy.util.test.junit.AutoTests" name="[69] /home/travis/build/icyphy/ptII/ptolemy/actor/lib/test/auto/CommDistDiscard.xml (RunModel)" time="0.018" />
  <testcase classname="ptolemy.util.test.junit.AutoTests" name="[70] /home/travis/build/icyphy/ptII/ptolemy/actor/lib/test/auto/Commutator.xml (RunModel)" time="0.012" />
  <testcase classname="ptolemy.util.test.junit.AutoTests" name="[71] /home/travis/build/icyphy/ptII/ptolemy/actor/lib/test/auto/Commutator2.xml (RunModel)" time="0.008" />
  <testcase classname="ptolemy.util.test.junit.AutoTests" name="[72] /home/travis/build/icyphy/ptII/ptolemy/actor/lib/test/auto/Commutator3.xml (RunModel)" time="0.009" />
  <testcase classname="ptolemy.util.test.junit.AutoTests" name="[73] /home/travis/build/icyphy/ptII/ptolemy/actor/lib/test/auto/Compare.xml (RunModel)" time="0.017" />
  <testcase classname="ptolemy.util.test.junit.AutoTests" name="[74] /home/travis/build/icyphy/ptII/ptolemy/actor/lib/test/auto/CompareDE.xml (RunModel)" time="0.014" />
  <testcase classname="ptolemy.util.test.junit.AutoTests" name="[75] /home/travis/build/icyphy/ptII/ptolemy/actor/lib/test/auto/ComplexDivide.xml (RunModel)" time="0.007" />
  <testcase classname="ptolemy.util.test.junit.AutoTests" name="[76] /home/travis/build/icyphy/ptII/ptolemy/actor/lib/test/auto/ComputeHistogram.xml (RunModel)" time="0.058" />
  <testcase classname="ptolemy.util.test.junit.AutoTests" name="[77] /home/travis/build/icyphy/ptII/ptolemy/actor/lib/test/auto/ConfigurationSelect.xml (RunModel)" time="0.019" />
  <testcase classname="ptolemy.util.test.junit.AutoTests" name="[78] /home/travis/build/icyphy/ptII/ptolemy/actor/lib/test/auto/ConfigurationSelect2.xml (RunModel)" time="0.013" />
  <testcase classname="ptolemy.util.test.junit.AutoTests" name="[79] /home/travis/build/icyphy/ptII/ptolemy/actor/lib/test/auto/ConfigurationSwitch.xml (RunModel)" time="0.02" />
  <testcase classname="ptolemy.util.test.junit.AutoTests" name="[80] /home/travis/build/icyphy/ptII/ptolemy/actor/lib/test/auto/ConfigurationSwitch2.xml (RunModel)" time="0.028" />
  <testcase classname="ptolemy.util.test.junit.AutoTests" name="[81] /home/travis/build/icyphy/ptII/ptolemy/actor/lib/test/auto/ConfigurationSwitchCloningBugWithClassRelationGroup.xml (RunModel)" time="0.016" />
  <testcase classname="ptolemy.util.test.junit.AutoTests" name="[82] /home/travis/build/icyphy/ptII/ptolemy/actor/lib/test/auto/ConfigurationSwitchSelectSDF.xml (RunModel)" time="0.014" />
  <testcase classname="ptolemy.util.test.junit.AutoTests" name="[83] /home/travis/build/icyphy/ptII/ptolemy/actor/lib/test/auto/ConfigurationSwitchSelectSDF2.xml (RunModel)" time="0.011" />
  <testcase classname="ptolemy.util.test.junit.AutoTests" name="[84] /home/travis/build/icyphy/ptII/ptolemy/actor/lib/test/auto/Const.xml (RunModel)" time="0.005" />
  <testcase classname="ptolemy.util.test.junit.AutoTests" name="[85] /home/travis/build/icyphy/ptII/ptolemy/actor/lib/test/auto/Const2.xml (RunModel)" time="0.008" />
  <testcase classname="ptolemy.util.test.junit.AutoTests" name="[86] /home/travis/build/icyphy/ptII/ptolemy/actor/lib/test/auto/Const3.xml (RunModel)" time="0.005" />
  <testcase classname="ptolemy.util.test.junit.AutoTests" name="[87] /home/travis/build/icyphy/ptII/ptolemy/actor/lib/test/auto/ConstantPublisherPort1.xml (RunModel)" time="0.017" />
  <testcase classname="ptolemy.util.test.junit.AutoTests" name="[88] /home/travis/build/icyphy/ptII/ptolemy/actor/lib/test/auto/ConstantPublisherPort2.xml (RunModel)" time="0.021" />
  <testcase classname="ptolemy.util.test.junit.AutoTests" name="[89] /home/travis/build/icyphy/ptII/ptolemy/actor/lib/test/auto/ConstantPublisherPort3.xml (RunModel)" time="0.016" />
  <testcase classname="ptolemy.util.test.junit.AutoTests" name="[90] /home/travis/build/icyphy/ptII/ptolemy/actor/lib/test/auto/ConstantPublisherPort4.xml (RunModel)" time="0.014" />
  <testcase classname="ptolemy.util.test.junit.AutoTests" name="[91] /home/travis/build/icyphy/ptII/ptolemy/actor/lib/test/auto/ConstantPublisherPort5.xml (RunModel)" time="0.043" />
  <testcase classname="ptolemy.util.test.junit.AutoTests" name="[92] /home/travis/build/icyphy/ptII/ptolemy/actor/lib/test/auto/ConstantPublisherPort6.xml (RunModel)" time="0.027" />
  <testcase classname="ptolemy.util.test.junit.AutoTests" name="[93] /home/travis/build/icyphy/ptII/ptolemy/actor/lib/test/auto/ConstantPublisherPort7.xml (RunModel)" time="0.038" />
  <testcase classname="ptolemy.util.test.junit.AutoTests" name="[94] /home/travis/build/icyphy/ptII/ptolemy/actor/lib/test/auto/ConstraintMonitor1.xml (RunModel)" time="0.032" />
  <testcase classname="ptolemy.util.test.junit.AutoTests" name="[95] /home/travis/build/icyphy/ptII/ptolemy/actor/lib/test/auto/ConstraintMonitor2.xml (RunModel)" time="0.008" />
  <testcase classname="ptolemy.util.test.junit.AutoTests" name="[96] /home/travis/build/icyphy/ptII/ptolemy/actor/lib/test/auto/ConstraintMonitor3.xml (RunModel)" time="0.015" />
  <testcase classname="ptolemy.util.test.junit.AutoTests" name="[97] /home/travis/build/icyphy/ptII/ptolemy/actor/lib/test/auto/ConstraintMonitor4.xml (RunModel)" time="0.014" />
  <testcase classname="ptolemy.util.test.junit.AutoTests" name="[98] /home/travis/build/icyphy/ptII/ptolemy/actor/lib/test/auto/ConstraintMonitor5.xml (RunModel)" time="0.011" />
  <testcase classname="ptolemy.util.test.junit.AutoTests" name="[99] /home/travis/build/icyphy/ptII/ptolemy/actor/lib/test/auto/ConstraintMonitor6.xml (RunModel)" time="0.012" />
  <testcase classname="ptolemy.util.test.junit.AutoTests" name="[100] /home/travis/build/icyphy/ptII/ptolemy/actor/lib/test/auto/ConstraintMonitor7.xml (RunModel)" time="0.019" />
  <testcase classname="ptolemy.util.test.junit.AutoTests" name="[101] /home/travis/build/icyphy/ptII/ptolemy/actor/lib/test/auto/ConstraintMonitor8.xml (RunModel)" time="0.015" />
  <testcase classname="ptolemy.util.test.junit.AutoTests" name="[102] /home/travis/build/icyphy/ptII/ptolemy/actor/lib/test/auto/Counter.xml (RunModel)" time="0.012" />
  <testcase classname="ptolemy.util.test.junit.AutoTests" name="[103] /home/travis/build/icyphy/ptII/ptolemy/actor/lib/test/auto/CurrentTimeSDF.xml (RunModel)" time="0.006" />
  <testcase classname="ptolemy.util.test.junit.AutoTests" name="[104] /home/travis/build/icyphy/ptII/ptolemy/actor/lib/test/auto/DB.xml (RunModel)" time="0.01" />
  <testcase classname="ptolemy.util.test.junit.AutoTests" name="[105] /home/travis/build/icyphy/ptII/ptolemy/actor/lib/test/auto/DBDE.xml (RunModel)" time="0.011" />
  <testcase classname="ptolemy.util.test.junit.AutoTests" name="[106] /home/travis/build/icyphy/ptII/ptolemy/actor/lib/test/auto/DateConstructor.xml (RunModel)" time="0.072" />
  <testcase classname="ptolemy.util.test.junit.AutoTests" name="[107] /home/travis/build/icyphy/ptII/ptolemy/actor/lib/test/auto/DelayTime.xml (RunModel)" time="0.017" />
  <testcase classname="ptolemy.util.test.junit.AutoTests" name="[108] /home/travis/build/icyphy/ptII/ptolemy/actor/lib/test/auto/Dictionary1.xml (RunModel)" time="0.014" />
  <testcase classname="ptolemy.util.test.junit.AutoTests" name="[109] /home/travis/build/icyphy/ptII/ptolemy/actor/lib/test/auto/Dictionary2.xml (RunModel)" time="0.017" />
  <testcase classname="ptolemy.util.test.junit.AutoTests" name="[110] /home/travis/build/icyphy/ptII/ptolemy/actor/lib/test/auto/Dictionary3.xml (RunModel)" time="0.014" />
  <testcase classname="ptolemy.util.test.junit.AutoTests" name="[111] /home/travis/build/icyphy/ptII/ptolemy/actor/lib/test/auto/Dictionary4.xml (RunModel)" time="0.015" />
  <testcase classname="ptolemy.util.test.junit.AutoTests" name="[112] /home/travis/build/icyphy/ptII/ptolemy/actor/lib/test/auto/Differential.xml (RunModel)" time="0.01" />
  <testcase classname="ptolemy.util.test.junit.AutoTests" name="[113] /home/travis/build/icyphy/ptII/ptolemy/actor/lib/test/auto/Director.xml (RunModel)" time="0.007" />
  <testcase classname="ptolemy.util.test.junit.AutoTests" name="[114] /home/travis/build/icyphy/ptII/ptolemy/actor/lib/test/auto/DiscreteClock.xml (RunModel)" time="0.007" />
  <testcase classname="ptolemy.util.test.junit.AutoTests" name="[115] /home/travis/build/icyphy/ptII/ptolemy/actor/lib/test/auto/DiscreteClock10.xml (RunModel)" time="0.01" />
  <testcase classname="ptolemy.util.test.junit.AutoTests" name="[116] /home/travis/build/icyphy/ptII/ptolemy/actor/lib/test/auto/DiscreteClock11.xml (RunModel)" time="0.008" />
  <testcase classname="ptolemy.util.test.junit.AutoTests" name="[117] /home/travis/build/icyphy/ptII/ptolemy/actor/lib/test/auto/DiscreteClock12.xml (RunModel)" time="0.011" />
  <testcase classname="ptolemy.util.test.junit.AutoTests" name="[118] /home/travis/build/icyphy/ptII/ptolemy/actor/lib/test/auto/DiscreteClock13.xml (RunModel)" time="0.012" />
  <testcase classname="ptolemy.util.test.junit.AutoTests" name="[119] /home/travis/build/icyphy/ptII/ptolemy/actor/lib/test/auto/DiscreteClock14.xml (RunModel)" time="0.011" />
  <testcase classname="ptolemy.util.test.junit.AutoTests" name="[120] /home/travis/build/icyphy/ptII/ptolemy/actor/lib/test/auto/DiscreteClock15.xml (RunModel)" time="0.01" />
  <testcase classname="ptolemy.util.test.junit.AutoTests" name="[121] /home/travis/build/icyphy/ptII/ptolemy/actor/lib/test/auto/DiscreteClock16.xml (RunModel)" time="0.041" />
  <testcase classname="ptolemy.util.test.junit.AutoTests" name="[122] /home/travis/build/icyphy/ptII/ptolemy/actor/lib/test/auto/DiscreteClock17.xml (RunModel)" time="0.036" />
  <testcase classname="ptolemy.util.test.junit.AutoTests" name="[123] /home/travis/build/icyphy/ptII/ptolemy/actor/lib/test/auto/DiscreteClock18.xml (RunModel)" time="0.035" />
  <testcase classname="ptolemy.util.test.junit.AutoTests" name="[124] /home/travis/build/icyphy/ptII/ptolemy/actor/lib/test/auto/DiscreteClock19.xml (RunModel)" time="0.043" />
  <testcase classname="ptolemy.util.test.junit.AutoTests" name="[125] /home/travis/build/icyphy/ptII/ptolemy/actor/lib/test/auto/DiscreteClock2.xml (RunModel)" time="0.011" />
  <testcase classname="ptolemy.util.test.junit.AutoTests" name="[126] /home/travis/build/icyphy/ptII/ptolemy/actor/lib/test/auto/DiscreteClock20.xml (RunModel)" time="0.016" />
  <testcase classname="ptolemy.util.test.junit.AutoTests" name="[127] /home/travis/build/icyphy/ptII/ptolemy/actor/lib/test/auto/DiscreteClock21.xml (RunModel)" time="0.014" />
  <testcase classname="ptolemy.util.test.junit.AutoTests" name="[128] /home/travis/build/icyphy/ptII/ptolemy/actor/lib/test/auto/DiscreteClock22.xml (RunModel)" time="0.014" />
  <testcase classname="ptolemy.util.test.junit.AutoTests" name="[129] /home/travis/build/icyphy/ptII/ptolemy/actor/lib/test/auto/DiscreteClock23.xml (RunModel)" time="0.016" />
  <testcase classname="ptolemy.util.test.junit.AutoTests" name="[130] /home/travis/build/icyphy/ptII/ptolemy/actor/lib/test/auto/DiscreteClock24.xml (RunModel)" time="0.011" />
  <testcase classname="ptolemy.util.test.junit.AutoTests" name="[131] /home/travis/build/icyphy/ptII/ptolemy/actor/lib/test/auto/DiscreteClock4.xml (RunModel)" time="0.015" />
  <testcase classname="ptolemy.util.test.junit.AutoTests" name="[132] /home/travis/build/icyphy/ptII/ptolemy/actor/lib/test/auto/DiscreteClock5.xml (RunModel)" time="0.008" />
  <testcase classname="ptolemy.util.test.junit.AutoTests" name="[133] /home/travis/build/icyphy/ptII/ptolemy/actor/lib/test/auto/DiscreteClock6.xml (RunModel)" time="0.01" />
  <testcase classname="ptolemy.util.test.junit.AutoTests" name="[134] /home/travis/build/icyphy/ptII/ptolemy/actor/lib/test/auto/DiscreteClock7.xml (RunModel)" time="0.008" />
  <testcase classname="ptolemy.util.test.junit.AutoTests" name="[135] /home/travis/build/icyphy/ptII/ptolemy/actor/lib/test/auto/DiscreteClock8.xml (RunModel)" time="0.023" />
  <testcase classname="ptolemy.util.test.junit.AutoTests" name="[136] /home/travis/build/icyphy/ptII/ptolemy/actor/lib/test/auto/DiscreteClock9.xml (RunModel)" time="0.011" />
  <testcase classname="ptolemy.util.test.junit.AutoTests" name="[137] /home/travis/build/icyphy/ptII/ptolemy/actor/lib/test/auto/DisplayArray.xml (RunModel)" time="0.01" />
  <testcase classname="ptolemy.util.test.junit.AutoTests" name="[138] /home/travis/build/icyphy/ptII/ptolemy/actor/lib/test/auto/Distributor.xml (RunModel)" time="0.008" />
  <testcase classname="ptolemy.util.test.junit.AutoTests" name="[139] /home/travis/build/icyphy/ptII/ptolemy/actor/lib/test/auto/Distributor2.xml (RunModel)" time="0.008" />
  <testcase classname="ptolemy.util.test.junit.AutoTests" name="[140] /home/travis/build/icyphy/ptII/ptolemy/actor/lib/test/auto/DownSample.xml (RunModel)" time="0.024" />
  <testcase classname="ptolemy.util.test.junit.AutoTests" name="[141] /home/travis/build/icyphy/ptII/ptolemy/actor/lib/test/auto/ElectronicUnitBase1.xml (RunModel)" time="0.047" />
  <testcase classname="ptolemy.util.test.junit.AutoTests" name="[142] /home/travis/build/icyphy/ptII/ptolemy/actor/lib/test/auto/ElementsToArray.xml (RunModel)" time="0.009" />
  <testcase classname="ptolemy.util.test.junit.AutoTests" name="[143] /home/travis/build/icyphy/ptII/ptolemy/actor/lib/test/auto/Equals.xml (RunModel)" time="0.016" />
  <testcase classname="ptolemy.util.test.junit.AutoTests" name="[144] /home/travis/build/icyphy/ptII/ptolemy/actor/lib/test/auto/Exec.xml (RunModel)" time="0.025" />
  <testcase classname="ptolemy.util.test.junit.AutoTests" name="[145] /home/travis/build/icyphy/ptII/ptolemy/actor/lib/test/auto/ExecEnvironment.xml (RunModel)" time="0.027" />
  <testcase classname="ptolemy.util.test.junit.AutoTests" name="[146] /home/travis/build/icyphy/ptII/ptolemy/actor/lib/test/auto/ExecNonZeroReturnOutput.xml (RunModel)" time="0.176" />
  <testcase classname="ptolemy.util.test.junit.AutoTests" name="[147] /home/travis/build/icyphy/ptII/ptolemy/actor/lib/test/auto/ExecRunDemos.xml (RunModel)" time="9.902" />
  <testcase classname="ptolemy.util.test.junit.AutoTests" name="[148] /home/travis/build/icyphy/ptII/ptolemy/actor/lib/test/auto/ExecStop.xml (RunModel)" time="5.033" />
  <testcase classname="ptolemy.util.test.junit.AutoTests" name="[149] /home/travis/build/icyphy/ptII/ptolemy/actor/lib/test/auto/ExecutionTimeSDF.xml (RunModel)" time="6.034" />
  <testcase classname="ptolemy.util.test.junit.AutoTests" name="[150] /home/travis/build/icyphy/ptII/ptolemy/actor/lib/test/auto/Expression1.xml (RunModel)" time="0.023" />
  <testcase classname="ptolemy.util.test.junit.AutoTests" name="[151] /home/travis/build/icyphy/ptII/ptolemy/actor/lib/test/auto/Expression10.xml (RunModel)" time="0.016" />
  <testcase classname="ptolemy.util.test.junit.AutoTests" name="[152] /home/travis/build/icyphy/ptII/ptolemy/actor/lib/test/auto/Expression11.xml (RunModel)" time="0.012" />
  <testcase classname="ptolemy.util.test.junit.AutoTests" name="[153] /home/travis/build/icyphy/ptII/ptolemy/actor/lib/test/auto/Expression12.xml (RunModel)" time="0.012" />
  <testcase classname="ptolemy.util.test.junit.AutoTests" name="[154] /home/travis/build/icyphy/ptII/ptolemy/actor/lib/test/auto/Expression13.xml (RunModel)" time="0.01" />
  <testcase classname="ptolemy.util.test.junit.AutoTests" name="[155] /home/travis/build/icyphy/ptII/ptolemy/actor/lib/test/auto/Expression14.xml (RunModel)" time="0.017" />
  <testcase classname="ptolemy.util.test.junit.AutoTests" name="[156] /home/travis/build/icyphy/ptII/ptolemy/actor/lib/test/auto/Expression15.xml (RunModel)" time="0.007" />
  <testcase classname="ptolemy.util.test.junit.AutoTests" name="[157] /home/travis/build/icyphy/ptII/ptolemy/actor/lib/test/auto/Expression16.xml (RunModel)" time="0.01" />
  <testcase classname="ptolemy.util.test.junit.AutoTests" name="[158] /home/travis/build/icyphy/ptII/ptolemy/actor/lib/test/auto/Expression17.xml (RunModel)" time="0.008" />
  <testcase classname="ptolemy.util.test.junit.AutoTests" name="[159] /home/travis/build/icyphy/ptII/ptolemy/actor/lib/test/auto/Expression18.xml (RunModel)" time="0.013" />
  <testcase classname="ptolemy.util.test.junit.AutoTests" name="[160] /home/travis/build/icyphy/ptII/ptolemy/actor/lib/test/auto/Expression2.xml (RunModel)" time="0.011" />
  <testcase classname="ptolemy.util.test.junit.AutoTests" name="[161] /home/travis/build/icyphy/ptII/ptolemy/actor/lib/test/auto/Expression3.xml (RunModel)" time="0.012" />
  <testcase classname="ptolemy.util.test.junit.AutoTests" name="[162] /home/travis/build/icyphy/ptII/ptolemy/actor/lib/test/auto/Expression4.xml (RunModel)" time="0.021" />
  <testcase classname="ptolemy.util.test.junit.AutoTests" name="[163] /home/travis/build/icyphy/ptII/ptolemy/actor/lib/test/auto/Expression5.xml (RunModel)" time="0.01" />
  <testcase classname="ptolemy.util.test.junit.AutoTests" name="[164] /home/travis/build/icyphy/ptII/ptolemy/actor/lib/test/auto/Expression6.xml (RunModel)" time="0.01" />
  <testcase classname="ptolemy.util.test.junit.AutoTests" name="[165] /home/travis/build/icyphy/ptII/ptolemy/actor/lib/test/auto/Expression7.xml (RunModel)" time="0.009" />
  <testcase classname="ptolemy.util.test.junit.AutoTests" name="[166] /home/travis/build/icyphy/ptII/ptolemy/actor/lib/test/auto/Expression8.xml (RunModel)" time="0.013" />
  <testcase classname="ptolemy.util.test.junit.AutoTests" name="[167] /home/travis/build/icyphy/ptII/ptolemy/actor/lib/test/auto/Expression9.xml (RunModel)" time="0.007" />
  <testcase classname="ptolemy.util.test.junit.AutoTests" name="[168] /home/travis/build/icyphy/ptII/ptolemy/actor/lib/test/auto/ExpressionConcatenateArrayType.xml (RunModel)" time="0.027" />
  <testcase classname="ptolemy.util.test.junit.AutoTests" name="[169] /home/travis/build/icyphy/ptII/ptolemy/actor/lib/test/auto/ExpressionConcatenateArrayType2.xml (RunModel)" time="0.017" />
  <testcase classname="ptolemy.util.test.junit.AutoTests" name="[170] /home/travis/build/icyphy/ptII/ptolemy/actor/lib/test/auto/ExpressionFix.xml (RunModel)" time="0.035" />
  <testcase classname="ptolemy.util.test.junit.AutoTests" name="[171] /home/travis/build/icyphy/ptII/ptolemy/actor/lib/test/auto/ExpressionFix2.xml (RunModel)" time="0.012" />
  <testcase classname="ptolemy.util.test.junit.AutoTests" name="[172] /home/travis/build/icyphy/ptII/ptolemy/actor/lib/test/auto/ExpressionFix3.xml (RunModel)" time="0.013" />
  <testcase classname="ptolemy.util.test.junit.AutoTests" name="[173] /home/travis/build/icyphy/ptII/ptolemy/actor/lib/test/auto/FileWriter1.xml (RunModel)" time="0.007" />
  <testcase classname="ptolemy.util.test.junit.AutoTests" name="[174] /home/travis/build/icyphy/ptII/ptolemy/actor/lib/test/auto/FileWriter2.xml (RunModel)" time="0.008" />
  <testcase classname="ptolemy.util.test.junit.AutoTests" name="[175] /home/travis/build/icyphy/ptII/ptolemy/actor/lib/test/auto/FileWriter3.xml (RunModel)" time="0.011" />
  <testcase classname="ptolemy.util.test.junit.AutoTests" name="[176] /home/travis/build/icyphy/ptII/ptolemy/actor/lib/test/auto/Gaussian.xml (RunModel)" time="0.01" />
  <testcase classname="ptolemy.util.test.junit.AutoTests" name="[177] /home/travis/build/icyphy/ptII/ptolemy/actor/lib/test/auto/Gaussian1.xml (RunModel)" time="0.018" />
  <testcase classname="ptolemy.util.test.junit.AutoTests" name="[178] /home/travis/build/icyphy/ptII/ptolemy/actor/lib/test/auto/Gaussian2.xml (RunModel)" time="0.016" />
  <testcase classname="ptolemy.util.test.junit.AutoTests" name="[179] /home/travis/build/icyphy/ptII/ptolemy/actor/lib/test/auto/GradientAdaptiveLattice.xml (RunModel)" time="0.013" />
  <testcase classname="ptolemy.util.test.junit.AutoTests" name="[180] /home/travis/build/icyphy/ptII/ptolemy/actor/lib/test/auto/IIR.xml (RunModel)" time="0.008" />
  <testcase classname="ptolemy.util.test.junit.AutoTests" name="[181] /home/travis/build/icyphy/ptII/ptolemy/actor/lib/test/auto/InputOutputTransparentPorts.xml (RunModel)" time="0.016" />
  <testcase classname="ptolemy.util.test.junit.AutoTests" name="[182] /home/travis/build/icyphy/ptII/ptolemy/actor/lib/test/auto/Interpolator.xml (RunModel)" time="0.01" />
  <testcase classname="ptolemy.util.test.junit.AutoTests" name="[183] /home/travis/build/icyphy/ptII/ptolemy/actor/lib/test/auto/InterpolatorFiringLimitDE.xml (RunModel)" time="0.011" />
  <testcase classname="ptolemy.util.test.junit.AutoTests" name="[184] /home/travis/build/icyphy/ptII/ptolemy/actor/lib/test/auto/Lattice.xml (RunModel)" time="0.014" />
  <testcase classname="ptolemy.util.test.junit.AutoTests" name="[185] /home/travis/build/icyphy/ptII/ptolemy/actor/lib/test/auto/LazyAOCTestLazy.xml (RunModel)" time="0.044" />
  <testcase classname="ptolemy.util.test.junit.AutoTests" name="[186] /home/travis/build/icyphy/ptII/ptolemy/actor/lib/test/auto/LazyAOCTestNonLazy.xml (RunModel)" time="0.052" />
  <testcase classname="ptolemy.util.test.junit.AutoTests" name="[187] /home/travis/build/icyphy/ptII/ptolemy/actor/lib/test/auto/LazyInnerClass.xml (RunModel)" time="0.039" />
  <testcase classname="ptolemy.util.test.junit.AutoTests" name="[188] /home/travis/build/icyphy/ptII/ptolemy/actor/lib/test/auto/LazyPubSub.xml (RunModel)" time="0.032" />
  <testcase classname="ptolemy.util.test.junit.AutoTests" name="[189] /home/travis/build/icyphy/ptII/ptolemy/actor/lib/test/auto/LazyPubSub2.xml (RunModel)" time="0.024" />
  <testcase classname="ptolemy.util.test.junit.AutoTests" name="[190] /home/travis/build/icyphy/ptII/ptolemy/actor/lib/test/auto/LazyPubSub3.xml (RunModel)" time="0.021" />
  <testcase classname="ptolemy.util.test.junit.AutoTests" name="[191] /home/travis/build/icyphy/ptII/ptolemy/actor/lib/test/auto/LazySubClassModel.xml (RunModel)" time="0.017" />
  <testcase classname="ptolemy.util.test.junit.AutoTests" name="[192] /home/travis/build/icyphy/ptII/ptolemy/actor/lib/test/auto/LevelCrossTest1.xml (RunModel)" time="0.008" />
  <testcase classname="ptolemy.util.test.junit.AutoTests" name="[193] /home/travis/build/icyphy/ptII/ptolemy/actor/lib/test/auto/LevelCrossTest10.xml (RunModel)" time="0.019" />
  <testcase classname="ptolemy.util.test.junit.AutoTests" name="[194] /home/travis/build/icyphy/ptII/ptolemy/actor/lib/test/auto/LevelCrossTest11.xml (RunModel)" time="0.016" />
  <testcase classname="ptolemy.util.test.junit.AutoTests" name="[195] /home/travis/build/icyphy/ptII/ptolemy/actor/lib/test/auto/LevelCrossTest12.xml (RunModel)" time="0.015" />
  <testcase classname="ptolemy.util.test.junit.AutoTests" name="[196] /home/travis/build/icyphy/ptII/ptolemy/actor/lib/test/auto/LevelCrossTest13.xml (RunModel)" time="0.012" />
  <testcase classname="ptolemy.util.test.junit.AutoTests" name="[197] /home/travis/build/icyphy/ptII/ptolemy/actor/lib/test/auto/LevelCrossTest2.xml (RunModel)" time="0.009" />
  <testcase classname="ptolemy.util.test.junit.AutoTests" name="[198] /home/travis/build/icyphy/ptII/ptolemy/actor/lib/test/auto/LevelCrossTest3.xml (RunModel)" time="0.011" />
  <testcase classname="ptolemy.util.test.junit.AutoTests" name="[199] /home/travis/build/icyphy/ptII/ptolemy/actor/lib/test/auto/LevelCrossTest4.xml (RunModel)" time="0.009" />
  <testcase classname="ptolemy.util.test.junit.AutoTests" name="[200] /home/travis/build/icyphy/ptII/ptolemy/actor/lib/test/auto/LevelCrossTest5.xml (RunModel)" time="0.009" />
  <testcase classname="ptolemy.util.test.junit.AutoTests" name="[201] /home/travis/build/icyphy/ptII/ptolemy/actor/lib/test/auto/LevelCrossTest6.xml (RunModel)" time="0.013" />
  <testcase classname="ptolemy.util.test.junit.AutoTests" name="[202] /home/travis/build/icyphy/ptII/ptolemy/actor/lib/test/auto/LevelCrossTest7.xml (RunModel)" time="0.023" />
  <testcase classname="ptolemy.util.test.junit.AutoTests" name="[203] /home/travis/build/icyphy/ptII/ptolemy/actor/lib/test/auto/LevelCrossTest8.xml (RunModel)" time="0.012" />
  <testcase classname="ptolemy.util.test.junit.AutoTests" name="[204] /home/travis/build/icyphy/ptII/ptolemy/actor/lib/test/auto/LevelCrossTest9.xml (RunModel)" time="0.015" />
  <testcase classname="ptolemy.util.test.junit.AutoTests" name="[205] /home/travis/build/icyphy/ptII/ptolemy/actor/lib/test/auto/LevinsonDurbin.xml (RunModel)" time="0.009" />
  <testcase classname="ptolemy.util.test.junit.AutoTests" name="[206] /home/travis/build/icyphy/ptII/ptolemy/actor/lib/test/auto/LevinsonDurbin2.xml (RunModel)" time="0.007" />
  <testcase classname="ptolemy.util.test.junit.AutoTests" name="[207] /home/travis/build/icyphy/ptII/ptolemy/actor/lib/test/auto/LevinsonDurbin3.xml (RunModel)" time="0.008" />
  <testcase classname="ptolemy.util.test.junit.AutoTests" name="[208] /home/travis/build/icyphy/ptII/ptolemy/actor/lib/test/auto/Limiter.xml (RunModel)" time="0.044" />
  <testcase classname="ptolemy.util.test.junit.AutoTests" name="[209] /home/travis/build/icyphy/ptII/ptolemy/actor/lib/test/auto/LinearDifferenceEquationSystem.xml (RunModel)" time="0.035" />
  <testcase classname="ptolemy.util.test.junit.AutoTests" name="[210] /home/travis/build/icyphy/ptII/ptolemy/actor/lib/test/auto/LookupTable.xml (RunModel)" time="0.01" />
  <testcase classname="ptolemy.util.test.junit.AutoTests" name="[211] /home/travis/build/icyphy/ptII/ptolemy/actor/lib/test/auto/MathFunction.xml (RunModel)" time="0.017" />
  <testcase classname="ptolemy.util.test.junit.AutoTests" name="[212] /home/travis/build/icyphy/ptII/ptolemy/actor/lib/test/auto/MathFunction2.xml (RunModel)" time="0.007" />
  <testcase classname="ptolemy.util.test.junit.AutoTests" name="[213] /home/travis/build/icyphy/ptII/ptolemy/actor/lib/test/auto/MathFunction3.xml (RunModel)" time="0.028" />
  <testcase classname="ptolemy.util.test.junit.AutoTests" name="[214] /home/travis/build/icyphy/ptII/ptolemy/actor/lib/test/auto/MatrixCropBoolean.xml (RunModel)" time="0.016" />
  <testcase classname="ptolemy.util.test.junit.AutoTests" name="[215] /home/travis/build/icyphy/ptII/ptolemy/actor/lib/test/auto/MatrixCropComplex.xml (RunModel)" time="0.013" />
  <testcase classname="ptolemy.util.test.junit.AutoTests" name="[216] /home/travis/build/icyphy/ptII/ptolemy/actor/lib/test/auto/MatrixCropDouble.xml (RunModel)" time="0.008" />
  <testcase classname="ptolemy.util.test.junit.AutoTests" name="[217] /home/travis/build/icyphy/ptII/ptolemy/actor/lib/test/auto/MatrixCropFix.xml (RunModel)" time="0.011" />
  <testcase classname="ptolemy.util.test.junit.AutoTests" name="[218] /home/travis/build/icyphy/ptII/ptolemy/actor/lib/test/auto/MatrixCropInt.xml (RunModel)" time="0.008" />
  <testcase classname="ptolemy.util.test.junit.AutoTests" name="[219] /home/travis/build/icyphy/ptII/ptolemy/actor/lib/test/auto/MatrixCropLong.xml (RunModel)" time="0.008" />
  <testcase classname="ptolemy.util.test.junit.AutoTests" name="[220] /home/travis/build/icyphy/ptII/ptolemy/actor/lib/test/auto/MatrixToArray.xml (RunModel)" time="0.049" />
  <testcase classname="ptolemy.util.test.junit.AutoTests" name="[221] /home/travis/build/icyphy/ptII/ptolemy/actor/lib/test/auto/MaxIndex.xml (RunModel)" time="0.015" />
  <testcase classname="ptolemy.util.test.junit.AutoTests" name="[222] /home/travis/build/icyphy/ptII/ptolemy/actor/lib/test/auto/Maximum.xml (RunModel)" time="0.017" />
  <testcase classname="ptolemy.util.test.junit.AutoTests" name="[223] /home/travis/build/icyphy/ptII/ptolemy/actor/lib/test/auto/MaximumComplex.xml (RunModel)" time="0.013" />
  <testcase classname="ptolemy.util.test.junit.AutoTests" name="[224] /home/travis/build/icyphy/ptII/ptolemy/actor/lib/test/auto/MethodCallTest.xml (RunModel)" time="0.028" />
  <testcase classname="ptolemy.util.test.junit.AutoTests" name="[225] /home/travis/build/icyphy/ptII/ptolemy/actor/lib/test/auto/Minimum.xml (RunModel)" time="0.015" />
  <testcase classname="ptolemy.util.test.junit.AutoTests" name="[226] /home/travis/build/icyphy/ptII/ptolemy/actor/lib/test/auto/MinimumComplex.xml (RunModel)" time="0.022" />
  <testcase classname="ptolemy.util.test.junit.AutoTests" name="[227] /home/travis/build/icyphy/ptII/ptolemy/actor/lib/test/auto/MinimumMultiports.xml (RunModel)" time="0.017" />
  <testcase classname="ptolemy.util.test.junit.AutoTests" name="[228] /home/travis/build/icyphy/ptII/ptolemy/actor/lib/test/auto/ModifyDate.xml (RunModel)" time="0.046" />
  <testcase classname="ptolemy.util.test.junit.AutoTests" name="[229] /home/travis/build/icyphy/ptII/ptolemy/actor/lib/test/auto/ModifyDate2.xml (RunModel)" time="0.029" />
  <testcase classname="ptolemy.util.test.junit.AutoTests" name="[230] /home/travis/build/icyphy/ptII/ptolemy/actor/lib/test/auto/MovingAverage.xml (RunModel)" time="0.01" />
  <testcase classname="ptolemy.util.test.junit.AutoTests" name="[231] /home/travis/build/icyphy/ptII/ptolemy/actor/lib/test/auto/MovingMaximum.xml (RunModel)" time="0.01" />
  <testcase classname="ptolemy.util.test.junit.AutoTests" name="[232] /home/travis/build/icyphy/ptII/ptolemy/actor/lib/test/auto/MultipleLinksToSameRelation.xml (RunModel)" time="0.007" />
  <testcase classname="ptolemy.util.test.junit.AutoTests" name="[233] /home/travis/build/icyphy/ptII/ptolemy/actor/lib/test/auto/MultipleLinksToSameRelationDE.xml (RunModel)" time="0.007" />
  <testcase classname="ptolemy.util.test.junit.AutoTests" name="[234] /home/travis/build/icyphy/ptII/ptolemy/actor/lib/test/auto/Multiplexor.xml (RunModel)" time="0.011" />
  <testcase classname="ptolemy.util.test.junit.AutoTests" name="[235] /home/travis/build/icyphy/ptII/ptolemy/actor/lib/test/auto/Multiplexor1.xml (RunModel)" time="0.01" />
  <testcase classname="ptolemy.util.test.junit.AutoTests" name="[236] /home/travis/build/icyphy/ptII/ptolemy/actor/lib/test/auto/Multiplexor2.xml (RunModel)" time="0.011" />
  <testcase classname="ptolemy.util.test.junit.AutoTests" name="[237] /home/travis/build/icyphy/ptII/ptolemy/actor/lib/test/auto/Multiplexor3.xml (RunModel)" time="0.009" />
  <testcase classname="ptolemy.util.test.junit.AutoTests" name="[238] /home/travis/build/icyphy/ptII/ptolemy/actor/lib/test/auto/MultiplexorDE.xml (RunModel)" time="0.018" />
  <testcase classname="ptolemy.util.test.junit.AutoTests" name="[239] /home/travis/build/icyphy/ptII/ptolemy/actor/lib/test/auto/MultiportBroadcastTest.xml (RunModel)" time="0.093" />
  <testcase classname="ptolemy.util.test.junit.AutoTests" name="[240] /home/travis/build/icyphy/ptII/ptolemy/actor/lib/test/auto/MultiportOutHangDuringGetWidth.xml (RunModel)" time="0.037" />
  <testcase classname="ptolemy.util.test.junit.AutoTests" name="[241] /home/travis/build/icyphy/ptII/ptolemy/actor/lib/test/auto/NilToken.xml (RunModel)" time="0.011" />
  <testcase classname="ptolemy.util.test.junit.AutoTests" name="[242] /home/travis/build/icyphy/ptII/ptolemy/actor/lib/test/auto/NilTokenNonStrictTest.xml (RunModel)" time="0.011" />
  <testcase classname="ptolemy.util.test.junit.AutoTests" name="[243] /home/travis/build/icyphy/ptII/ptolemy/actor/lib/test/auto/NilTokenRecord.xml (RunModel)" time="0.021" />
  <testcase classname="ptolemy.util.test.junit.AutoTests" name="[244] /home/travis/build/icyphy/ptII/ptolemy/actor/lib/test/auto/NilTokenTypeTest.xml (RunModel)" time="0.028" />
  <testcase classname="ptolemy.util.test.junit.AutoTests" name="[245] /home/travis/build/icyphy/ptII/ptolemy/actor/lib/test/auto/ObjectToken1.xml (RunModel)" time="0.008" />
  <testcase classname="ptolemy.util.test.junit.AutoTests" name="[246] /home/travis/build/icyphy/ptII/ptolemy/actor/lib/test/auto/OrderedMerge.xml (RunModel)" time="0.016" />
  <testcase classname="ptolemy.util.test.junit.AutoTests" name="[247] /home/travis/build/icyphy/ptII/ptolemy/actor/lib/test/auto/OrderedRecordDisassembler.xml (RunModel)" time="0.016" />
  <testcase classname="ptolemy.util.test.junit.AutoTests" name="[248] /home/travis/build/icyphy/ptII/ptolemy/actor/lib/test/auto/OrderedRecordDisassembler2.xml (RunModel)" time="0.016" />
  <testcase classname="ptolemy.util.test.junit.AutoTests" name="[249] /home/travis/build/icyphy/ptII/ptolemy/actor/lib/test/auto/OrderedRecordUpdater.xml (RunModel)" time="0.009" />
  <testcase classname="ptolemy.util.test.junit.AutoTests" name="[250] /home/travis/build/icyphy/ptII/ptolemy/actor/lib/test/auto/OrderedRecordUpdater2.xml (RunModel)" time="0.015" />
  <testcase classname="ptolemy.util.test.junit.AutoTests" name="[251] /home/travis/build/icyphy/ptII/ptolemy/actor/lib/test/auto/PhaseUnwrap.xml (RunModel)" time="0.01" />
  <testcase classname="ptolemy.util.test.junit.AutoTests" name="[252] /home/travis/build/icyphy/ptII/ptolemy/actor/lib/test/auto/PoissonClock.xml (RunModel)" time="0.009" />
  <testcase classname="ptolemy.util.test.junit.AutoTests" name="[253] /home/travis/build/icyphy/ptII/ptolemy/actor/lib/test/auto/PoissonClock2.xml (RunModel)" time="0.006" />
  <testcase classname="ptolemy.util.test.junit.AutoTests" name="[254] /home/travis/build/icyphy/ptII/ptolemy/actor/lib/test/auto/PoissonClock3.xml (RunModel)" time="0.022" />
  <testcase classname="ptolemy.util.test.junit.AutoTests" name="[255] /home/travis/build/icyphy/ptII/ptolemy/actor/lib/test/auto/PubSubWithInitialTokens.xml (RunModel)" time="0.014" />
  <testcase classname="ptolemy.util.test.junit.AutoTests" name="[256] /home/travis/build/icyphy/ptII/ptolemy/actor/lib/test/auto/PubSubWithInitialTokens2.xml (RunModel)" time="0.009" />
  <testcase classname="ptolemy.util.test.junit.AutoTests" name="[257] /home/travis/build/icyphy/ptII/ptolemy/actor/lib/test/auto/PublisherClassNoParameter.xml (RunModel)" time="0.02" />
  <testcase classname="ptolemy.util.test.junit.AutoTests" name="[258] /home/travis/build/icyphy/ptII/ptolemy/actor/lib/test/auto/PublisherClassParameter.xml (RunModel)" time="0.02" />
  <testcase classname="ptolemy.util.test.junit.AutoTests" name="[259] /home/travis/build/icyphy/ptII/ptolemy/actor/lib/test/auto/PublisherNonStrictTest.xml (RunModel)" time="0.013" />
  <testcase classname="ptolemy.util.test.junit.AutoTests" name="[260] /home/travis/build/icyphy/ptII/ptolemy/actor/lib/test/auto/PublisherPort1.xml (RunModel)" time="0.018" />
  <testcase classname="ptolemy.util.test.junit.AutoTests" name="[261] /home/travis/build/icyphy/ptII/ptolemy/actor/lib/test/auto/PublisherPort2.xml (RunModel)" time="0.007" />
  <testcase classname="ptolemy.util.test.junit.AutoTests" name="[262] /home/travis/build/icyphy/ptII/ptolemy/actor/lib/test/auto/PublisherPort3.xml (RunModel)" time="0.01" />
  <testcase classname="ptolemy.util.test.junit.AutoTests" name="[263] /home/travis/build/icyphy/ptII/ptolemy/actor/lib/test/auto/PublisherPort4.xml (RunModel)" time="0.02" />
  <testcase classname="ptolemy.util.test.junit.AutoTests" name="[264] /home/travis/build/icyphy/ptII/ptolemy/actor/lib/test/auto/PublisherPort5.xml (RunModel)" time="0.012" />
  <testcase classname="ptolemy.util.test.junit.AutoTests" name="[265] /home/travis/build/icyphy/ptII/ptolemy/actor/lib/test/auto/PublisherPort5LookAlike.xml (RunModel)" time="0.018" />
  <testcase classname="ptolemy.util.test.junit.AutoTests" name="[266] /home/travis/build/icyphy/ptII/ptolemy/actor/lib/test/auto/PublisherPort6.xml (RunModel)" time="0.01" />
  <testcase classname="ptolemy.util.test.junit.AutoTests" name="[267] /home/travis/build/icyphy/ptII/ptolemy/actor/lib/test/auto/PublisherPort7.xml (RunModel)" time="0.012" />
  <testcase classname="ptolemy.util.test.junit.AutoTests" name="[268] /home/travis/build/icyphy/ptII/ptolemy/actor/lib/test/auto/PublisherPort8.xml (RunModel)" time="0.015" />
  <testcase classname="ptolemy.util.test.junit.AutoTests" name="[269] /home/travis/build/icyphy/ptII/ptolemy/actor/lib/test/auto/PublisherPortSubscriberChannelVariablesAOC2.xml (RunModel)" time="0.032" />
  <testcase classname="ptolemy.util.test.junit.AutoTests" name="[270] /home/travis/build/icyphy/ptII/ptolemy/actor/lib/test/auto/PublisherPortSubscriberOpaqueWidthInference.xml (RunModel)" time="0.013" />
  <testcase classname="ptolemy.util.test.junit.AutoTests" name="[271] /home/travis/build/icyphy/ptII/ptolemy/actor/lib/test/auto/PublisherPortSubscriberPortAdjacent.xml (RunModel)" time="0.017" />
  <testcase classname="ptolemy.util.test.junit.AutoTests" name="[272] /home/travis/build/icyphy/ptII/ptolemy/actor/lib/test/auto/PublisherPortSubscriberPortExpression.xml (RunModel)" time="0.013" />
  <testcase classname="ptolemy.util.test.junit.AutoTests" name="[273] /home/travis/build/icyphy/ptII/ptolemy/actor/lib/test/auto/PublisherPortSubscriberPortOpaqueD3Reverse.xml (RunModel)" time="0.019" />
  <testcase classname="ptolemy.util.test.junit.AutoTests" name="[274] /home/travis/build/icyphy/ptII/ptolemy/actor/lib/test/auto/PublisherPortSubscriberPortOpaqueWidthInference.xml (RunModel)" time="0.012" />
  <testcase classname="ptolemy.util.test.junit.AutoTests" name="[275] /home/travis/build/icyphy/ptII/ptolemy/actor/lib/test/auto/PublisherPortToplevelSubscriberPortAOC.xml (RunModel)" time="0.016" />
  <testcase classname="ptolemy.util.test.junit.AutoTests" name="[276] /home/travis/build/icyphy/ptII/ptolemy/actor/lib/test/auto/PublisherSubscriber.xml (RunModel)" time="0.011" />
  <testcase classname="ptolemy.util.test.junit.AutoTests" name="[277] /home/travis/build/icyphy/ptII/ptolemy/actor/lib/test/auto/PublisherSubscriber10.xml (RunModel)" time="0.021" />
  <testcase classname="ptolemy.util.test.junit.AutoTests" name="[278] /home/travis/build/icyphy/ptII/ptolemy/actor/lib/test/auto/PublisherSubscriber10InitialOutputs.xml (RunModel)" time="0.027" />
  <testcase classname="ptolemy.util.test.junit.AutoTests" name="[279] /home/travis/build/icyphy/ptII/ptolemy/actor/lib/test/auto/PublisherSubscriber11.xml (RunModel)" time="0.021" />
  <testcase classname="ptolemy.util.test.junit.AutoTests" name="[280] /home/travis/build/icyphy/ptII/ptolemy/actor/lib/test/auto/PublisherSubscriber12.xml (RunModel)" time="0.012" />
  <testcase classname="ptolemy.util.test.junit.AutoTests" name="[281] /home/travis/build/icyphy/ptII/ptolemy/actor/lib/test/auto/PublisherSubscriber13.xml (RunModel)" time="0.008" />
  <testcase classname="ptolemy.util.test.junit.AutoTests" name="[282] /home/travis/build/icyphy/ptII/ptolemy/actor/lib/test/auto/PublisherSubscriber14.xml (RunModel)" time="0.016" />
  <testcase classname="ptolemy.util.test.junit.AutoTests" name="[283] /home/travis/build/icyphy/ptII/ptolemy/actor/lib/test/auto/PublisherSubscriber2.xml (RunModel)" time="0.009" />
  <testcase classname="ptolemy.util.test.junit.AutoTests" name="[284] /home/travis/build/icyphy/ptII/ptolemy/actor/lib/test/auto/PublisherSubscriber3.xml (RunModel)" time="0.008" />
  <testcase classname="ptolemy.util.test.junit.AutoTests" name="[285] /home/travis/build/icyphy/ptII/ptolemy/actor/lib/test/auto/PublisherSubscriber4.xml (RunModel)" time="0.009" />
  <testcase classname="ptolemy.util.test.junit.AutoTests" name="[286] /home/travis/build/icyphy/ptII/ptolemy/actor/lib/test/auto/PublisherSubscriber5.xml (RunModel)" time="0.01" />
  <testcase classname="ptolemy.util.test.junit.AutoTests" name="[287] /home/travis/build/icyphy/ptII/ptolemy/actor/lib/test/auto/PublisherSubscriber6.xml (RunModel)" time="0.012" />
  <testcase classname="ptolemy.util.test.junit.AutoTests" name="[288] /home/travis/build/icyphy/ptII/ptolemy/actor/lib/test/auto/PublisherSubscriber7.xml (RunModel)" time="0.017" />
  <testcase classname="ptolemy.util.test.junit.AutoTests" name="[289] /home/travis/build/icyphy/ptII/ptolemy/actor/lib/test/auto/PublisherSubscriber8.xml (RunModel)" time="0.022" />
  <testcase classname="ptolemy.util.test.junit.AutoTests" name="[290] /home/travis/build/icyphy/ptII/ptolemy/actor/lib/test/auto/PublisherSubscriber9.xml (RunModel)" time="0.018" />
  <testcase classname="ptolemy.util.test.junit.AutoTests" name="[291] /home/travis/build/icyphy/ptII/ptolemy/actor/lib/test/auto/PublisherSubscriberAdjacent.xml (RunModel)" time="0.014" />
  <testcase classname="ptolemy.util.test.junit.AutoTests" name="[292] /home/travis/build/icyphy/ptII/ptolemy/actor/lib/test/auto/PublisherSubscriberChannelVariablesAOC2.xml (RunModel)" time="0.025" />
  <testcase classname="ptolemy.util.test.junit.AutoTests" name="[293] /home/travis/build/icyphy/ptII/ptolemy/actor/lib/test/auto/PublisherSubscriberD3.xml (RunModel)" time="0.013" />
  <testcase classname="ptolemy.util.test.junit.AutoTests" name="[294] /home/travis/build/icyphy/ptII/ptolemy/actor/lib/test/auto/PublisherSubscriberD3Reverse.xml (RunModel)" time="0.012" />
  <testcase classname="ptolemy.util.test.junit.AutoTests" name="[295] /home/travis/build/icyphy/ptII/ptolemy/actor/lib/test/auto/PublisherSubscriberExpression.xml (RunModel)" time="0.014" />
  <testcase classname="ptolemy.util.test.junit.AutoTests" name="[296] /home/travis/build/icyphy/ptII/ptolemy/actor/lib/test/auto/PublisherSubscriberOpaque.xml (RunModel)" time="0.013" />
  <testcase classname="ptolemy.util.test.junit.AutoTests" name="[297] /home/travis/build/icyphy/ptII/ptolemy/actor/lib/test/auto/PublisherSubscriberOpaqueD3.xml (RunModel)" time="0.02" />
  <testcase classname="ptolemy.util.test.junit.AutoTests" name="[298] /home/travis/build/icyphy/ptII/ptolemy/actor/lib/test/auto/PublisherSubscriberOpaqueD3Reverse.xml (RunModel)" time="0.02" />
  <testcase classname="ptolemy.util.test.junit.AutoTests" name="[299] /home/travis/build/icyphy/ptII/ptolemy/actor/lib/test/auto/PublisherSubscriberOpaqueWidthInference.xml (RunModel)" time="0.014" />
  <testcase classname="ptolemy.util.test.junit.AutoTests" name="[300] /home/travis/build/icyphy/ptII/ptolemy/actor/lib/test/auto/PublisherTestSubscriber.xml (RunModel)" time="0.013" />
  <testcase classname="ptolemy.util.test.junit.AutoTests" name="[301] /home/travis/build/icyphy/ptII/ptolemy/actor/lib/test/auto/PublisherToplevelSubscriberPortAOC.xml (RunModel)" time="0.009" />
  <testcase classname="ptolemy.util.test.junit.AutoTests" name="[302] /home/travis/build/icyphy/ptII/ptolemy/actor/lib/test/auto/PulseFiringLimitDE.xml (RunModel)" time="0.013" />
  <testcase classname="ptolemy.util.test.junit.AutoTests" name="[303] /home/travis/build/icyphy/ptII/ptolemy/actor/lib/test/auto/Ramp1.xml (RunModel)" time="0.006" />
  <testcase classname="ptolemy.util.test.junit.AutoTests" name="[304] /home/travis/build/icyphy/ptII/ptolemy/actor/lib/test/auto/RampFiringLimitDE.xml (RunModel)" time="0.009" />
  <testcase classname="ptolemy.util.test.junit.AutoTests" name="[305] /home/travis/build/icyphy/ptII/ptolemy/actor/lib/test/auto/RampFiringLimitSDF.xml (RunModel)" time="0.008" />
  <testcase classname="ptolemy.util.test.junit.AutoTests" name="[306] /home/travis/build/icyphy/ptII/ptolemy/actor/lib/test/auto/RandomInteger.xml (RunModel)" time="0.007" />
  <testcase classname="ptolemy.util.test.junit.AutoTests" name="[307] /home/travis/build/icyphy/ptII/ptolemy/actor/lib/test/auto/ReadFile1.xml (RunModel)" time="0.006" />
  <testcase classname="ptolemy.util.test.junit.AutoTests" name="[308] /home/travis/build/icyphy/ptII/ptolemy/actor/lib/test/auto/ReadFile2.xml (RunModel)" time="0.009" />
  <testcase classname="ptolemy.util.test.junit.AutoTests" name="[309] /home/travis/build/icyphy/ptII/ptolemy/actor/lib/test/auto/Reader.xml (RunModel)" time="0.009" />
  <testcase classname="ptolemy.util.test.junit.AutoTests" name="[310] /home/travis/build/icyphy/ptII/ptolemy/actor/lib/test/auto/RecordAssemblerDisplayNameTest.xml (RunModel)" time="3.412" />
  <testcase classname="ptolemy.util.test.junit.AutoTests" name="[311] /home/travis/build/icyphy/ptII/ptolemy/actor/lib/test/auto/RecordAssemblerTypeError.xml (RunModel)" time="0.038" />
  <testcase classname="ptolemy.util.test.junit.AutoTests" name="[312] /home/travis/build/icyphy/ptII/ptolemy/actor/lib/test/auto/RecordDisassember.xml (RunModel)" time="0.012" />
  <testcase classname="ptolemy.util.test.junit.AutoTests" name="[313] /home/travis/build/icyphy/ptII/ptolemy/actor/lib/test/auto/RecordDisassemberDisplayNameTest.xml (RunModel)" time="0.021" />
  <testcase classname="ptolemy.util.test.junit.AutoTests" name="[314] /home/travis/build/icyphy/ptII/ptolemy/actor/lib/test/auto/RecordDisassembler.xml (RunModel)" time="0.011" />
  <testcase classname="ptolemy.util.test.junit.AutoTests" name="[315] /home/travis/build/icyphy/ptII/ptolemy/actor/lib/test/auto/RecordDisassembler2.xml (RunModel)" time="0.008" />
  <testcase classname="ptolemy.util.test.junit.AutoTests" name="[316] /home/travis/build/icyphy/ptII/ptolemy/actor/lib/test/auto/RecordUpdater.xml (RunModel)" time="0.007" />
  <testcase classname="ptolemy.util.test.junit.AutoTests" name="[317] /home/travis/build/icyphy/ptII/ptolemy/actor/lib/test/auto/RecordUpdater2.xml (RunModel)" time="0.007" />
  <testcase classname="ptolemy.util.test.junit.AutoTests" name="[318] /home/travis/build/icyphy/ptII/ptolemy/actor/lib/test/auto/RecursiveLattice.xml (RunModel)" time="0.006" />
  <testcase classname="ptolemy.util.test.junit.AutoTests" name="[319] /home/travis/build/icyphy/ptII/ptolemy/actor/lib/test/auto/Router.xml (RunModel)" time="3.02" />
  <testcase classname="ptolemy.util.test.junit.AutoTests" name="[320] /home/travis/build/icyphy/ptII/ptolemy/actor/lib/test/auto/Router2.xml (RunModel)" time="3.027" />
  <testcase classname="ptolemy.util.test.junit.AutoTests" name="[321] /home/travis/build/icyphy/ptII/ptolemy/actor/lib/test/auto/RunningMaximum.xml (RunModel)" time="0.018" />
  <testcase classname="ptolemy.util.test.junit.AutoTests" name="[322] /home/travis/build/icyphy/ptII/ptolemy/actor/lib/test/auto/RunningMinimum.xml (RunModel)" time="0.019" />
  <testcase classname="ptolemy.util.test.junit.AutoTests" name="[323] /home/travis/build/icyphy/ptII/ptolemy/actor/lib/test/auto/Scale.xml (RunModel)" time="0.006" />
  <testcase classname="ptolemy.util.test.junit.AutoTests" name="[324] /home/travis/build/icyphy/ptII/ptolemy/actor/lib/test/auto/Scale2.xml (RunModel)" time="0.007" />
  <testcase classname="ptolemy.util.test.junit.AutoTests" name="[325] /home/travis/build/icyphy/ptII/ptolemy/actor/lib/test/auto/Scale3.xml (RunModel)" time="0.011" />
  <testcase classname="ptolemy.util.test.junit.AutoTests" name="[326] /home/travis/build/icyphy/ptII/ptolemy/actor/lib/test/auto/ScaleArray.xml (RunModel)" time="0.007" />
  <testcase classname="ptolemy.util.test.junit.AutoTests" name="[327] /home/travis/build/icyphy/ptII/ptolemy/actor/lib/test/auto/ScaleArray2.xml (RunModel)" time="0.008" />
  <testcase classname="ptolemy.util.test.junit.AutoTests" name="[328] /home/travis/build/icyphy/ptII/ptolemy/actor/lib/test/auto/ScaleMatrix.xml (RunModel)" time="0.137" />
  <testcase classname="ptolemy.util.test.junit.AutoTests" name="[329] /home/travis/build/icyphy/ptII/ptolemy/actor/lib/test/auto/Select.xml (RunModel)" time="0.012" />
  <testcase classname="ptolemy.util.test.junit.AutoTests" name="[330] /home/travis/build/icyphy/ptII/ptolemy/actor/lib/test/auto/Select2.xml (RunModel)" time="0.007" />
  <testcase classname="ptolemy.util.test.junit.AutoTests" name="[331] /home/travis/build/icyphy/ptII/ptolemy/actor/lib/test/auto/SequenceToArray2.xml (RunModel)" time="0.106" />
  <testcase classname="ptolemy.util.test.junit.AutoTests" name="[332] /home/travis/build/icyphy/ptII/ptolemy/actor/lib/test/auto/SequentialClock.xml (RunModel)" time="0.01" />
  <testcase classname="ptolemy.util.test.junit.AutoTests" name="[333] /home/travis/build/icyphy/ptII/ptolemy/actor/lib/test/auto/SetVariable.xml (RunModel)" time="0.01" />
  <testcase classname="ptolemy.util.test.junit.AutoTests" name="[334] /home/travis/build/icyphy/ptII/ptolemy/actor/lib/test/auto/SetVariable2.xml (RunModel)" time="0.017" />
  <testcase classname="ptolemy.util.test.junit.AutoTests" name="[335] /home/travis/build/icyphy/ptII/ptolemy/actor/lib/test/auto/SetVariable3.xml (RunModel)" time="0.013" />
  <testcase classname="ptolemy.util.test.junit.AutoTests" name="[336] /home/travis/build/icyphy/ptII/ptolemy/actor/lib/test/auto/SetVariable4.xml (RunModel)" time="0.021" />
  <testcase classname="ptolemy.util.test.junit.AutoTests" name="[337] /home/travis/build/icyphy/ptII/ptolemy/actor/lib/test/auto/SetVariable5.xml (RunModel)" time="0.035" />
  <testcase classname="ptolemy.util.test.junit.AutoTests" name="[338] /home/travis/build/icyphy/ptII/ptolemy/actor/lib/test/auto/Sinewave.xml (RunModel)" time="0.021" />
  <testcase classname="ptolemy.util.test.junit.AutoTests" name="[339] /home/travis/build/icyphy/ptII/ptolemy/actor/lib/test/auto/Sinewave2.xml (RunModel)" time="0.013" />
  <testcase classname="ptolemy.util.test.junit.AutoTests" name="[340] /home/travis/build/icyphy/ptII/ptolemy/actor/lib/test/auto/Sinewave3.xml (RunModel)" time="0.016" />
  <testcase classname="ptolemy.util.test.junit.AutoTests" name="[341] /home/travis/build/icyphy/ptII/ptolemy/actor/lib/test/auto/SingleEvent.xml (RunModel)" time="0.006" />
  <testcase classname="ptolemy.util.test.junit.AutoTests" name="[342] /home/travis/build/icyphy/ptII/ptolemy/actor/lib/test/auto/Sleep.xml (RunModel)" time="6.013" />
  <testcase classname="ptolemy.util.test.junit.AutoTests" name="[343] /home/travis/build/icyphy/ptII/ptolemy/actor/lib/test/auto/SleepMultipleFire.xml (RunModel)" time="1.017" />
  <testcase classname="ptolemy.util.test.junit.AutoTests" name="[344] /home/travis/build/icyphy/ptII/ptolemy/actor/lib/test/auto/StopDE.xml (RunModel)" time="0.021" />
  <testcase classname="ptolemy.util.test.junit.AutoTests" name="[345] /home/travis/build/icyphy/ptII/ptolemy/actor/lib/test/auto/StopSDF.xml (RunModel)" time="0.012" />
  <testcase classname="ptolemy.util.test.junit.AutoTests" name="[346] /home/travis/build/icyphy/ptII/ptolemy/actor/lib/test/auto/StringConstant.xml (RunModel)" time="0.015" />
  <testcase classname="ptolemy.util.test.junit.AutoTests" name="[347] /home/travis/build/icyphy/ptII/ptolemy/actor/lib/test/auto/SubscriberPortInitialValues1.xml (RunModel)" time="0.018" />
  <testcase classname="ptolemy.util.test.junit.AutoTests" name="[348] /home/travis/build/icyphy/ptII/ptolemy/actor/lib/test/auto/SubscriberPortInitialValues13.xml (RunModel)" time="0.025" />
  <testcase classname="ptolemy.util.test.junit.AutoTests" name="[349] /home/travis/build/icyphy/ptII/ptolemy/actor/lib/test/auto/SubscriberPortInitialValues14.xml (RunModel)" time="0.016" />
  <testcase classname="ptolemy.util.test.junit.AutoTests" name="[350] /home/travis/build/icyphy/ptII/ptolemy/actor/lib/test/auto/SubscriberPortInitialValues2.xml (RunModel)" time="0.012" />
  <testcase classname="ptolemy.util.test.junit.AutoTests" name="[351] /home/travis/build/icyphy/ptII/ptolemy/actor/lib/test/auto/SubscriberPortInitialValues3.xml (RunModel)" time="0.015" />
  <testcase classname="ptolemy.util.test.junit.AutoTests" name="[352] /home/travis/build/icyphy/ptII/ptolemy/actor/lib/test/auto/SubscriptionAggregator.xml (RunModel)" time="0.008" />
  <testcase classname="ptolemy.util.test.junit.AutoTests" name="[353] /home/travis/build/icyphy/ptII/ptolemy/actor/lib/test/auto/SubscriptionAggregator2.xml (RunModel)" time="0.009" />
  <testcase classname="ptolemy.util.test.junit.AutoTests" name="[354] /home/travis/build/icyphy/ptII/ptolemy/actor/lib/test/auto/SubscriptionAggregator3.xml (RunModel)" time="0.014" />
  <testcase classname="ptolemy.util.test.junit.AutoTests" name="[355] /home/travis/build/icyphy/ptII/ptolemy/actor/lib/test/auto/SubscriptionAggregatorMultiply.xml (RunModel)" time="0.021" />
  <testcase classname="ptolemy.util.test.junit.AutoTests" name="[356] /home/travis/build/icyphy/ptII/ptolemy/actor/lib/test/auto/SubscriptionAggregatorPortMultiply1.xml (RunModel)" time="0.014" />
  <testcase classname="ptolemy.util.test.junit.AutoTests" name="[357] /home/travis/build/icyphy/ptII/ptolemy/actor/lib/test/auto/Switch.xml (RunModel)" time="0.024" />
  <testcase classname="ptolemy.util.test.junit.AutoTests" name="[358] /home/travis/build/icyphy/ptII/ptolemy/actor/lib/test/auto/Switch2.xml (RunModel)" time="0.009" />
  <testcase classname="ptolemy.util.test.junit.AutoTests" name="[359] /home/travis/build/icyphy/ptII/ptolemy/actor/lib/test/auto/SwitchDE.xml (RunModel)" time="0.011" />
  <testcase classname="ptolemy.util.test.junit.AutoTests" name="[360] /home/travis/build/icyphy/ptII/ptolemy/actor/lib/test/auto/SynchronizerDE.xml (RunModel)" time="0.019" />
  <testcase classname="ptolemy.util.test.junit.AutoTests" name="[361] /home/travis/build/icyphy/ptII/ptolemy/actor/lib/test/auto/Test.xml (RunModel)" time="0.009" />
  <testcase classname="ptolemy.util.test.junit.AutoTests" name="[362] /home/travis/build/icyphy/ptII/ptolemy/actor/lib/test/auto/TestExceptionAttribute1.xml (RunModel)" time="0.006" />
  <testcase classname="ptolemy.util.test.junit.AutoTests" name="[363] /home/travis/build/icyphy/ptII/ptolemy/actor/lib/test/auto/TestExceptionAttribute2.xml (RunModel)" time="0.006" />
  <testcase classname="ptolemy.util.test.junit.AutoTests" name="[364] /home/travis/build/icyphy/ptII/ptolemy/actor/lib/test/auto/TestExceptionAttribute3.xml (RunModel)" time="0.009" />
  <testcase classname="ptolemy.util.test.junit.AutoTests" name="[365] /home/travis/build/icyphy/ptII/ptolemy/actor/lib/test/auto/TestExceptionAttribute4.xml (RunModel)" time="0.006" />
  <testcase classname="ptolemy.util.test.junit.AutoTests" name="[366] /home/travis/build/icyphy/ptII/ptolemy/actor/lib/test/auto/TestExceptionHandler1.xml (RunModel)" time="0.009" />
  <testcase classname="ptolemy.util.test.junit.AutoTests" name="[367] /home/travis/build/icyphy/ptII/ptolemy/actor/lib/test/auto/TestExceptionHandler2.xml (RunModel)" time="0.011" />
  <testcase classname="ptolemy.util.test.junit.AutoTests" name="[368] /home/travis/build/icyphy/ptII/ptolemy/actor/lib/test/auto/TestExceptionHandler3.xml (RunModel)" time="0.005" />
  <testcase classname="ptolemy.util.test.junit.AutoTests" name="[369] /home/travis/build/icyphy/ptII/ptolemy/actor/lib/test/auto/TestExceptionHandler4.xml (RunModel)" time="0.005" />
  <testcase classname="ptolemy.util.test.junit.AutoTests" name="[370] /home/travis/build/icyphy/ptII/ptolemy/actor/lib/test/auto/TestRequireCorrectOrder.xml (RunModel)" time="0.014" />
  <testcase classname="ptolemy.util.test.junit.AutoTests" name="[371] /home/travis/build/icyphy/ptII/ptolemy/actor/lib/test/auto/TestSimple.xml (RunModel)" time="0.005" />
  <testcase classname="ptolemy.util.test.junit.AutoTests" name="[372] /home/travis/build/icyphy/ptII/ptolemy/actor/lib/test/auto/ThrowModelError.xml (RunModel)" time="0.008" />
  <testcase classname="ptolemy.util.test.junit.AutoTests" name="[373] /home/travis/build/icyphy/ptII/ptolemy/actor/lib/test/auto/TimeDelayMicrosteps.xml (RunModel)" time="0.01" />
  <testcase classname="ptolemy.util.test.junit.AutoTests" name="[374] /home/travis/build/icyphy/ptII/ptolemy/actor/lib/test/auto/TimeDelayMicrosteps2.xml (RunModel)" time="0.013" />
  <testcase classname="ptolemy.util.test.junit.AutoTests" name="[375] /home/travis/build/icyphy/ptII/ptolemy/actor/lib/test/auto/TimeDelayMicrosteps3.xml (RunModel)" time="0.012" />
  <testcase classname="ptolemy.util.test.junit.AutoTests" name="[376] /home/travis/build/icyphy/ptII/ptolemy/actor/lib/test/auto/TimeDelayVariableMicrosteps.xml (RunModel)" time="0.011" />
  <testcase classname="ptolemy.util.test.junit.AutoTests" name="[377] /home/travis/build/icyphy/ptII/ptolemy/actor/lib/test/auto/TimeGap.xml (RunModel)" time="0.012" />
  <testcase classname="ptolemy.util.test.junit.AutoTests" name="[378] /home/travis/build/icyphy/ptII/ptolemy/actor/lib/test/auto/TimeGap2.xml (RunModel)" time="0.013" />
  <testcase classname="ptolemy.util.test.junit.AutoTests" name="[379] /home/travis/build/icyphy/ptII/ptolemy/actor/lib/test/auto/TimedSinewave.xml (RunModel)" time="0.058" />
  <testcase classname="ptolemy.util.test.junit.AutoTests" name="[380] /home/travis/build/icyphy/ptII/ptolemy/actor/lib/test/auto/TimedSinewavePhase.xml (RunModel)" time="0.036" />
  <testcase classname="ptolemy.util.test.junit.AutoTests" name="[381] /home/travis/build/icyphy/ptII/ptolemy/actor/lib/test/auto/Timer.xml (RunModel)" time="0.014" />
  <testcase classname="ptolemy.util.test.junit.AutoTests" name="[382] /home/travis/build/icyphy/ptII/ptolemy/actor/lib/test/auto/TriangularDistTestModel.xml (RunModel)" time="0.013" />
  <testcase classname="ptolemy.util.test.junit.AutoTests" name="[383] /home/travis/build/icyphy/ptII/ptolemy/actor/lib/test/auto/TrigFunction.xml (RunModel)" time="0.008" />
  <testcase classname="ptolemy.util.test.junit.AutoTests" name="[384] /home/travis/build/icyphy/ptII/ptolemy/actor/lib/test/auto/TrigFunctionDE.xml (RunModel)" time="0.009" />
  <testcase classname="ptolemy.util.test.junit.AutoTests" name="[385] /home/travis/build/icyphy/ptII/ptolemy/actor/lib/test/auto/TrigFunctionInverse.xml (RunModel)" time="0.007" />
  <testcase classname="ptolemy.util.test.junit.AutoTests" name="[386] /home/travis/build/icyphy/ptII/ptolemy/actor/lib/test/auto/TrigFunctionTan.xml (RunModel)" time="0.005" />
  <testcase classname="ptolemy.util.test.junit.AutoTests" name="[387] /home/travis/build/icyphy/ptII/ptolemy/actor/lib/test/auto/TriggeredClock.xml (RunModel)" time="0.013" />
  <testcase classname="ptolemy.util.test.junit.AutoTests" name="[388] /home/travis/build/icyphy/ptII/ptolemy/actor/lib/test/auto/URLDirectoryReader.xml (RunModel)" time="0.113" />
  <testcase classname="ptolemy.util.test.junit.AutoTests" name="[389] /home/travis/build/icyphy/ptII/ptolemy/actor/lib/test/auto/URLDirectoryReader3.xml (RunModel)" time="1.675" />
  <testcase classname="ptolemy.util.test.junit.AutoTests" name="[390] /home/travis/build/icyphy/ptII/ptolemy/actor/lib/test/auto/UnaryMathFunction.xml (RunModel)" time="0.019" />
  <testcase classname="ptolemy.util.test.junit.AutoTests" name="[391] /home/travis/build/icyphy/ptII/ptolemy/actor/lib/test/auto/Uniform.xml (RunModel)" time="0.01" />
  <testcase classname="ptolemy.util.test.junit.AutoTests" name="[392] /home/travis/build/icyphy/ptII/ptolemy/actor/lib/test/auto/UnionDisassemblerTest.xml (RunModel)" time="0.016" />
  <testcase classname="ptolemy.util.test.junit.AutoTests" name="[393] /home/travis/build/icyphy/ptII/ptolemy/actor/lib/test/auto/UtilityFunctions.xml (RunModel)" time="0.006" />
  <testcase classname="ptolemy.util.test.junit.AutoTests" name="[394] /home/travis/build/icyphy/ptII/ptolemy/actor/lib/test/auto/VariableSleep.xml (RunModel)" time="0.514" />
  <testcase classname="ptolemy.util.test.junit.AutoTests" name="[395] /home/travis/build/icyphy/ptII/ptolemy/actor/lib/test/auto/VectorAssemblerDisassemblerCT.xml (RunModel)" time="0.104" />
  <testcase classname="ptolemy.util.test.junit.AutoTests" name="[396] /home/travis/build/icyphy/ptII/ptolemy/actor/lib/test/auto/VectorAssemblerDisassemblerDE.xml (RunModel)" time="0.012" />
  <testcase classname="ptolemy.util.test.junit.AutoTests" name="[397] /home/travis/build/icyphy/ptII/ptolemy/actor/lib/test/auto/VectorAssemblerDisassemblerSDF.xml (RunModel)" time="0.01" />
  <testcase classname="ptolemy.util.test.junit.AutoTests" name="[398] /home/travis/build/icyphy/ptII/ptolemy/actor/lib/test/auto/WallClockTime.xml (RunModel)" time="1.011" />
  <testcase classname="ptolemy.util.test.junit.AutoTests" name="[399] /home/travis/build/icyphy/ptII/ptolemy/actor/lib/test/auto/WidthTestWithSubscriberPublisher.xml (RunModel)" time="0.034" />
  <testcase classname="ptolemy.util.test.junit.AutoTests" name="[400] /home/travis/build/icyphy/ptII/ptolemy/actor/lib/test/auto/WidthTestWithSubscriberPublisher2.xml (RunModel)" time="0.011" />
  <testcase classname="ptolemy.util.test.junit.AutoTests" name="[401] /home/travis/build/icyphy/ptII/ptolemy/actor/lib/test/auto/WidthTestWithSubscriberPublisher3.xml (RunModel)" time="0.01" />
  <testcase classname="ptolemy.util.test.junit.AutoTests" name="[402] /home/travis/build/icyphy/ptII/ptolemy/actor/lib/test/auto/Writer.xml (RunModel)" time="0.006" />
  <testcase classname="ptolemy.util.test.junit.AutoTests" name="[403] /home/travis/build/icyphy/ptII/ptolemy/actor/lib/test/auto/array.xml (RunModel)" time="0.02" />
  <testcase classname="ptolemy.util.test.junit.AutoTests" name="[404] /home/travis/build/icyphy/ptII/ptolemy/actor/lib/test/auto/array2.xml (RunModel)" time="0.01" />
  <testcase classname="ptolemy.util.test.junit.AutoTests" name="[405] /home/travis/build/icyphy/ptII/ptolemy/actor/lib/test/auto/arrayType.xml (RunModel)" time="0.01" />
  <testcase classname="ptolemy.util.test.junit.AutoTests" name="[406] /home/travis/build/icyphy/ptII/ptolemy/actor/lib/test/auto/arrayType10.xml (RunModel)" time="0.007" />
  <testcase classname="ptolemy.util.test.junit.AutoTests" name="[407] /home/travis/build/icyphy/ptII/ptolemy/actor/lib/test/auto/arrayType11.xml (RunModel)" time="0.007" />
  <testcase classname="ptolemy.util.test.junit.AutoTests" name="[408] /home/travis/build/icyphy/ptII/ptolemy/actor/lib/test/auto/arrayType12.xml (RunModel)" time="0.007" />
  <testcase classname="ptolemy.util.test.junit.AutoTests" name="[409] /home/travis/build/icyphy/ptII/ptolemy/actor/lib/test/auto/arrayType13.xml (RunModel)" time="0.007" />
  <testcase classname="ptolemy.util.test.junit.AutoTests" name="[410] /home/travis/build/icyphy/ptII/ptolemy/actor/lib/test/auto/arrayType14.xml (RunModel)" time="0.007" />
  <testcase classname="ptolemy.util.test.junit.AutoTests" name="[411] /home/travis/build/icyphy/ptII/ptolemy/actor/lib/test/auto/arrayType15.xml (RunModel)" time="0.008" />
  <testcase classname="ptolemy.util.test.junit.AutoTests" name="[412] /home/travis/build/icyphy/ptII/ptolemy/actor/lib/test/auto/arrayType16.xml (RunModel)" time="0.008" />
  <testcase classname="ptolemy.util.test.junit.AutoTests" name="[413] /home/travis/build/icyphy/ptII/ptolemy/actor/lib/test/auto/arrayType17.xml (RunModel)" time="0.007" />
  <testcase classname="ptolemy.util.test.junit.AutoTests" name="[414] /home/travis/build/icyphy/ptII/ptolemy/actor/lib/test/auto/arrayType18.xml (RunModel)" time="0.007" />
  <testcase classname="ptolemy.util.test.junit.AutoTests" name="[415] /home/travis/build/icyphy/ptII/ptolemy/actor/lib/test/auto/arrayType19.xml (RunModel)" time="0.006" />
  <testcase classname="ptolemy.util.test.junit.AutoTests" name="[416] /home/travis/build/icyphy/ptII/ptolemy/actor/lib/test/auto/arrayType2.xml (RunModel)" time="0.008" />
  <testcase classname="ptolemy.util.test.junit.AutoTests" name="[417] /home/travis/build/icyphy/ptII/ptolemy/actor/lib/test/auto/arrayType20.xml (RunModel)" time="0.007" />
  <testcase classname="ptolemy.util.test.junit.AutoTests" name="[418] /home/travis/build/icyphy/ptII/ptolemy/actor/lib/test/auto/arrayType21.xml (RunModel)" time="0.006" />
  <testcase classname="ptolemy.util.test.junit.AutoTests" name="[419] /home/travis/build/icyphy/ptII/ptolemy/actor/lib/test/auto/arrayType22.xml (RunModel)" time="0.007" />
  <testcase classname="ptolemy.util.test.junit.AutoTests" name="[420] /home/travis/build/icyphy/ptII/ptolemy/actor/lib/test/auto/arrayType23.xml (RunModel)" time="0.006" />
  <testcase classname="ptolemy.util.test.junit.AutoTests" name="[421] /home/travis/build/icyphy/ptII/ptolemy/actor/lib/test/auto/arrayType24.xml (RunModel)" time="0.009" />
  <testcase classname="ptolemy.util.test.junit.AutoTests" name="[422] /home/travis/build/icyphy/ptII/ptolemy/actor/lib/test/auto/arrayType25.xml (RunModel)" time="0.008" />
  <testcase classname="ptolemy.util.test.junit.AutoTests" name="[423] /home/travis/build/icyphy/ptII/ptolemy/actor/lib/test/auto/arrayType26.xml (RunModel)" time="0.006" />
  <testcase classname="ptolemy.util.test.junit.AutoTests" name="[424] /home/travis/build/icyphy/ptII/ptolemy/actor/lib/test/auto/arrayType27.xml (RunModel)" time="0.006" />
  <testcase classname="ptolemy.util.test.junit.AutoTests" name="[425] /home/travis/build/icyphy/ptII/ptolemy/actor/lib/test/auto/arrayType28.xml (RunModel)" time="0.007" />
  <testcase classname="ptolemy.util.test.junit.AutoTests" name="[426] /home/travis/build/icyphy/ptII/ptolemy/actor/lib/test/auto/arrayType3.xml (RunModel)" time="0.006" />
  <testcase classname="ptolemy.util.test.junit.AutoTests" name="[427] /home/travis/build/icyphy/ptII/ptolemy/actor/lib/test/auto/arrayType4.xml (RunModel)" time="0.006" />
  <testcase classname="ptolemy.util.test.junit.AutoTests" name="[428] /home/travis/build/icyphy/ptII/ptolemy/actor/lib/test/auto/arrayType5.xml (RunModel)" time="0.006" />
  <testcase classname="ptolemy.util.test.junit.AutoTests" name="[429] /home/travis/build/icyphy/ptII/ptolemy/actor/lib/test/auto/arrayType6.xml (RunModel)" time="0.006" />
  <testcase classname="ptolemy.util.test.junit.AutoTests" name="[430] /home/travis/build/icyphy/ptII/ptolemy/actor/lib/test/auto/arrayType7.xml (RunModel)" time="0.02" />
  <testcase classname="ptolemy.util.test.junit.AutoTests" name="[431] /home/travis/build/icyphy/ptII/ptolemy/actor/lib/test/auto/arrayType8.xml (RunModel)" time="0.008" />
  <testcase classname="ptolemy.util.test.junit.AutoTests" name="[432] /home/travis/build/icyphy/ptII/ptolemy/actor/lib/test/auto/arrayType9.xml (RunModel)" time="0.007" />
  <testcase classname="ptolemy.util.test.junit.AutoTests" name="[433] /home/travis/build/icyphy/ptII/ptolemy/actor/lib/test/auto/cast.xml (RunModel)" time="0.007" />
  <testcase classname="ptolemy.util.test.junit.AutoTests" name="[434] /home/travis/build/icyphy/ptII/ptolemy/actor/lib/test/auto/compositeMultiPort.xml (RunModel)" time="0.013" />
  <testcase classname="ptolemy.util.test.junit.AutoTests" name="[435] /home/travis/build/icyphy/ptII/ptolemy/actor/lib/test/auto/expressionCastInference.xml (RunModel)" time="0.007" />
  <testcase classname="ptolemy.util.test.junit.AutoTests" name="[436] /home/travis/build/icyphy/ptII/ptolemy/actor/lib/test/auto/expressionCastInference2.xml (RunModel)" time="0.007" />
  <testcase classname="ptolemy.util.test.junit.AutoTests" name="[437] /home/travis/build/icyphy/ptII/ptolemy/actor/lib/test/auto/expressionInference.xml (RunModel)" time="0.006" />
  <testcase classname="ptolemy.util.test.junit.AutoTests" name="[438] /home/travis/build/icyphy/ptII/ptolemy/actor/lib/test/auto/expression_bug.xml (RunModel)" time="0.008" />
  <testcase classname="ptolemy.util.test.junit.AutoTests" name="[439] /home/travis/build/icyphy/ptII/ptolemy/actor/lib/test/auto/factorial.xml (RunModel)" time="0.044" />
  <testcase classname="ptolemy.util.test.junit.AutoTests" name="[440] /home/travis/build/icyphy/ptII/ptolemy/actor/lib/test/auto/filterTest1.xml (RunModel)" time="0.011" />
  <testcase classname="ptolemy.util.test.junit.AutoTests" name="[441] /home/travis/build/icyphy/ptII/ptolemy/actor/lib/test/auto/funcApplyInConst.xml (RunModel)" time="0.005" />
  <testcase classname="ptolemy.util.test.junit.AutoTests" name="[442] /home/travis/build/icyphy/ptII/ptolemy/actor/lib/test/auto/funcApplyInExpr.xml (RunModel)" time="0.005" />
  <testcase classname="ptolemy.util.test.junit.AutoTests" name="[443] /home/travis/build/icyphy/ptII/ptolemy/actor/lib/test/auto/function.xml (RunModel)" time="0.011" />
  <testcase classname="ptolemy.util.test.junit.AutoTests" name="[444] /home/travis/build/icyphy/ptII/ptolemy/actor/lib/test/auto/function2.xml (RunModel)" time="0.006" />
  <testcase classname="ptolemy.util.test.junit.AutoTests" name="[445] /home/travis/build/icyphy/ptII/ptolemy/actor/lib/test/auto/function3.xml (RunModel)" time="0.005" />
  <testcase classname="ptolemy.util.test.junit.AutoTests" name="[446] /home/travis/build/icyphy/ptII/ptolemy/actor/lib/test/auto/functionClosureTest1.xml (RunModel)" time="0.008" />
  <testcase classname="ptolemy.util.test.junit.AutoTests" name="[447] /home/travis/build/icyphy/ptII/ptolemy/actor/lib/test/auto/functionClosureTest2.xml (RunModel)" time="0.005" />
  <testcase classname="ptolemy.util.test.junit.AutoTests" name="[448] /home/travis/build/icyphy/ptII/ptolemy/actor/lib/test/auto/functionClosureTest3.xml (RunModel)" time="0.007" />
  <testcase classname="ptolemy.util.test.junit.AutoTests" name="[449] /home/travis/build/icyphy/ptII/ptolemy/actor/lib/test/auto/functionClosureTest4.xml (RunModel)" time="0.023" />
  <testcase classname="ptolemy.util.test.junit.AutoTests" name="[450] /home/travis/build/icyphy/ptII/ptolemy/actor/lib/test/auto/functionClosureTest5.xml (RunModel)" time="0.012" />
  <testcase classname="ptolemy.util.test.junit.AutoTests" name="[451] /home/travis/build/icyphy/ptII/ptolemy/actor/lib/test/auto/functionClosureTest6.xml (RunModel)" time="0.006" />
  <testcase classname="ptolemy.util.test.junit.AutoTests" name="[452] /home/travis/build/icyphy/ptII/ptolemy/actor/lib/test/auto/functionsOnArcs.xml (RunModel)" time="0.008" />
  <testcase classname="ptolemy.util.test.junit.AutoTests" name="[453] /home/travis/build/icyphy/ptII/ptolemy/actor/lib/test/auto/functionsOnArcsHOF.xml (RunModel)" time="0.013" />
  <testcase classname="ptolemy.util.test.junit.AutoTests" name="[454] /home/travis/build/icyphy/ptII/ptolemy/actor/lib/test/auto/logic.xml (RunModel)" time="0.015" />
  <testcase classname="ptolemy.util.test.junit.AutoTests" name="[455] /home/travis/build/icyphy/ptII/ptolemy/actor/lib/test/auto/matrixType.xml (RunModel)" time="0.007" />
  <testcase classname="ptolemy.util.test.junit.AutoTests" name="[456] /home/travis/build/icyphy/ptII/ptolemy/actor/lib/test/auto/matrixType10.xml (RunModel)" time="0.007" />
  <testcase classname="ptolemy.util.test.junit.AutoTests" name="[457] /home/travis/build/icyphy/ptII/ptolemy/actor/lib/test/auto/matrixType11.xml (RunModel)" time="0.007" />
  <testcase classname="ptolemy.util.test.junit.AutoTests" name="[458] /home/travis/build/icyphy/ptII/ptolemy/actor/lib/test/auto/matrixType12.xml (RunModel)" time="0.008" />
  <testcase classname="ptolemy.util.test.junit.AutoTests" name="[459] /home/travis/build/icyphy/ptII/ptolemy/actor/lib/test/auto/matrixType13.xml (RunModel)" time="0.006" />
  <testcase classname="ptolemy.util.test.junit.AutoTests" name="[460] /home/travis/build/icyphy/ptII/ptolemy/actor/lib/test/auto/matrixType14.xml (RunModel)" time="0.008" />
  <testcase classname="ptolemy.util.test.junit.AutoTests" name="[461] /home/travis/build/icyphy/ptII/ptolemy/actor/lib/test/auto/matrixType2.xml (RunModel)" time="0.008" />
  <testcase classname="ptolemy.util.test.junit.AutoTests" name="[462] /home/travis/build/icyphy/ptII/ptolemy/actor/lib/test/auto/matrixType3.xml (RunModel)" time="0.007" />
  <testcase classname="ptolemy.util.test.junit.AutoTests" name="[463] /home/travis/build/icyphy/ptII/ptolemy/actor/lib/test/auto/matrixType4.xml (RunModel)" time="0.006" />
  <testcase classname="ptolemy.util.test.junit.AutoTests" name="[464] /home/travis/build/icyphy/ptII/ptolemy/actor/lib/test/auto/matrixType5.xml (RunModel)" time="0.006" />
  <testcase classname="ptolemy.util.test.junit.AutoTests" name="[465] /home/travis/build/icyphy/ptII/ptolemy/actor/lib/test/auto/matrixType6.xml (RunModel)" time="0.006" />
  <testcase classname="ptolemy.util.test.junit.AutoTests" name="[466] /home/travis/build/icyphy/ptII/ptolemy/actor/lib/test/auto/matrixType7.xml (RunModel)" time="0.006" />
  <testcase classname="ptolemy.util.test.junit.AutoTests" name="[467] /home/travis/build/icyphy/ptII/ptolemy/actor/lib/test/auto/matrixType8.xml (RunModel)" time="0.006" />
  <testcase classname="ptolemy.util.test.junit.AutoTests" name="[468] /home/travis/build/icyphy/ptII/ptolemy/actor/lib/test/auto/matrixType9.xml (RunModel)" time="0.006" />
  <testcase classname="ptolemy.util.test.junit.AutoTests" name="[469] /home/travis/build/icyphy/ptII/ptolemy/actor/lib/test/auto/paraFunctest.xml (RunModel)" time="0.006" />
  <testcase classname="ptolemy.util.test.junit.AutoTests" name="[470] /home/travis/build/icyphy/ptII/ptolemy/actor/lib/test/auto/paraFunctest2.xml (RunModel)" time="0.009" />
  <testcase classname="ptolemy.util.test.junit.AutoTests" name="[471] /home/travis/build/icyphy/ptII/ptolemy/actor/lib/test/auto/parameterPassing.xml (RunModel)" time="0.008" />
  <testcase classname="ptolemy.util.test.junit.AutoTests" name="[472] /home/travis/build/icyphy/ptII/ptolemy/actor/lib/test/auto/record.xml (RunModel)" time="0.01" />
  <testcase classname="ptolemy.util.test.junit.AutoTests" name="[473] /home/travis/build/icyphy/ptII/ptolemy/actor/lib/test/auto/sizedarray1.xml (RunModel)" time="0.01" />
  <testcase classname="ptolemy.util.test.junit.AutoTests" name="[474] /home/travis/build/icyphy/ptII/ptolemy/actor/lib/test/auto/sizedarray2.xml (RunModel)" time="0.007" />
  <testcase classname="ptolemy.util.test.junit.AutoTests" name="[475] /home/travis/build/icyphy/ptII/ptolemy/actor/lib/test/auto/twoPublishers.xml (RunModel)" time="0.016" />
  <system-out><![CDATA[/home/travis/build/icyphy/ptII/ptolemy/actor/lib/test/AbsoluteValue.tcl
testDefs.tcl: setting time out to 9000 seconds at Fri Jul 17 15:08:56 UTC 2020
91 ms. Memory: 129024K Free: 93128K (72%)
4 ms. Memory: 129024K Free: 91080K (71%)
5 ms. Memory: 129024K Free: 90559K (70%)
4 ms. Memory: 129024K Free: 89527K (69%)
/home/travis/build/icyphy/ptII/ptolemy/actor/lib/test/AddSubtract.tcl
9 ms. Memory: 129024K Free: 87494K (68%)
5 ms. Memory: 129024K Free: 86984K (67%)
5 ms. Memory: 129024K Free: 85960K (67%)
7 ms. Memory: 129024K Free: 85439K (66%)
39 ms. Memory: 129024K Free: 82374K (64%)
5 ms. Memory: 129024K Free: 81350K (63%)
/home/travis/build/icyphy/ptII/ptolemy/actor/lib/test/Average.tcl
15 ms. Memory: 129024K Free: 79816K (62%)
15 ms. Memory: 129024K Free: 78792K (61%)
/home/travis/build/icyphy/ptII/ptolemy/actor/lib/test/Bernoulli.tcl
9 ms. Memory: 129024K Free: 77239K (60%)
2 ms. Memory: 129024K Free: 76744K (59%)
/home/travis/build/icyphy/ptII/ptolemy/actor/lib/test/Clock.tcl
preinitializing
resolving types
initializing
executing number 1
wrapping up
idle
25 ms. Memory: 129024K Free: 74182K (57%)
Completed execution with 5 iterations
preinitializing
resolving types
initializing
executing number 1
wrapping up
idle
4 ms. Memory: 129024K Free: 73127K (57%)
Completed execution with 5 iterations
preinitializing
resolving types
initializing
executing number 1
wrapping up
idle
8 ms. Memory: 129024K Free: 72648K (56%)
Completed execution with 5 iterations
/home/travis/build/icyphy/ptII/ptolemy/actor/lib/test/Commutator.tcl
13 ms. Memory: 129024K Free: 70600K (55%)
12 ms. Memory: 129024K Free: 69576K (54%)
10 ms. Memory: 129024K Free: 63911K (50%)
/home/travis/build/icyphy/ptII/ptolemy/actor/lib/test/Const.tcl
7 ms. Memory: 129024K Free: 62408K (48%)
3 ms. Memory: 129024K Free: 61879K (48%)
2 ms. Memory: 129024K Free: 61384K (48%)
2 ms. Memory: 129024K Free: 60863K (47%)
2 ms. Memory: 129024K Free: 60360K (47%)
11 ms. Memory: 129024K Free: 58822K (46%)
4 ms. Memory: 129024K Free: 57288K (44%)
8 ms. Memory: 129024K Free: 56767K (44%)
/home/travis/build/icyphy/ptII/ptolemy/actor/lib/test/CurrentTime.tcl
preinitializing
resolving types
initializing
executing number 1
wrapping up
idle
19 ms. Memory: 129024K Free: 54711K (42%)
Completed execution with 11 iterations
/home/travis/build/icyphy/ptII/ptolemy/actor/lib/test/DB.tcl
12 ms. Memory: 129024K Free: 53192K (41%)
3 ms. Memory: 129024K Free: 52677K (41%)
2 ms. Memory: 129024K Free: 52168K (40%)
/home/travis/build/icyphy/ptII/ptolemy/actor/lib/test/DiscreteRandomSource.tcl
preinitializing
resolving types
initializing
executing number 1
wrapping up
idle
4 ms. Memory: 129024K Free: 50615K (39%)
Completed execution with 4 iterations
preinitializing
resolving types
initializing
executing number 1
wrapping up
idle
2 ms. Memory: 129024K Free: 50120K (39%)
Completed execution with 4 iterations
preinitializing
resolving types
initializing
executing number 1
wrapping up
idle
5 ms. Memory: 129024K Free: 49606K (38%)
Completed execution with 4 iterations
preinitializing
resolving types
initializing
executing number 1
wrapping up
idle
2 ms. Memory: 129024K Free: 49096K (38%)
Completed execution with 4 iterations
preinitializing
resolving types
initializing
executing number 1
wrapping up
idle
3 ms. Memory: 129024K Free: 48582K (38%)
Completed execution with 4 iterations
/home/travis/build/icyphy/ptII/ptolemy/actor/lib/test/Distributor.tcl
35 ms. Memory: 129024K Free: 113568K (88%)
14 ms. Memory: 129024K Free: 112873K (87%)
StreamChangeRequest.changeExecuted(): <deleteEntity name="rec2"/> succeeded
StreamChangeRequest.changeExecuted(): <deleteRelation name="r2"/> succeeded
StreamChangeRequest.changeExecuted(): Record firings per iteration succeeded
10 ms. Memory: 129024K Free: 110408K (86%)
/home/travis/build/icyphy/ptII/ptolemy/actor/lib/test/Exit.tcl
Exit.tcl: this will print a message about Manager.exitAfterWrapup, which can be ignored.
9 ms. Memory: 129024K Free: 107385K (83%)
/home/travis/build/icyphy/ptII/ptolemy/actor/lib/test/Expression.tcl
12 ms. Memory: 129024K Free: 103818K (80%)
2 ms. Memory: 129024K Free: 103358K (80%)
2 ms. Memory: 129024K Free: 102334K (79%)
preinitializing
resolving types
initializing
executing number 1
wrapping up
idle
4 ms. Memory: 129024K Free: 101192K (78%)
Completed execution with 6 iterations
3 ms. Memory: 129024K Free: 100286K (78%)
2 ms. Memory: 129024K Free: 99262K (77%)
8 ms. Memory: 129024K Free: 98208K (76%)
5 ms. Memory: 129024K Free: 97096K (75%)
6 ms. Memory: 129024K Free: 95596K (74%)
/home/travis/build/icyphy/ptII/ptolemy/actor/lib/test/Gaussian.tcl
5 ms. Memory: 129024K Free: 94128K (73%)
sleeping 1 seconds: ............................................................................................................................................................................................................................................................................................................................................................................................................................................................................................................................................................................................................................................................................................................................................................................................................................................................................................................................................................................................................................................................................................................................................................................................................................................................................................................................................................................................................................................................................................................................................................................................................................................................................................................................................................................................................................................................................................................................................................................................................................................................................................................................................................................................................................................................................................................................................................................................................................................................................................................................................................................................................................................................................................................................................................................................................................................................................................................................................................................................................................................................................................................................................................................................................................................................................................................................................................................................................................................................................................................................................................................................................................................................................................................................................................................................................................................................................................................................................................................................................................................................................................................................................................................................................................................................................................................................................................................................................................................................................................................................................................................................................................................................................................................................................................................................................................................................................................................................................................................................................................................................................................................................................................................................................................................................................................................................................................................................................................................................................................................................................................................................................................................................................................................................................................................................................................................................................................................................................................................................................................................................................................................................................................................................................................................................................................................................................................................................................................................................................................................................................................................................................................................................................................................................................................................................................................................................................................................................................................................................................................................................................................................................................................................................................................................................................................................................................................................................................................................................................................................................................................................................................................................................................................................................................................................................................................................................................................................................................................................................................................................................................................................................................................................................................................................................................................................................................................................................................................................................................................................................................................................................................................................................................................................................................................................................................................................................................................................................................................................................................................................................................................................................................................................................................................................................................................................................................................................................................................................................................................................................................................................................................................................................................................................................................................................................................................................................................................................................................................................................................................................................................................................................................................................................................................................................................................................................................................................................................................................................................................................................................................................................................................................................................................................................................................................................................................................................................................................................................................................................................................................................................................................................................................................................................................................................................................................................................................................................................................................................................................................................................................................................................................................................................................................................................................................................................................................................................................................................................................................................................................................................................................................................................................................................................................................................................................................................................................................................................................................................................................................................................................................................................................................................................................................................................................................................................................................................................................................................................................................................................................................................................................................................................................................................................................................................................................................................................................................................................................................................................................................................................................................................................................................................................................................................................................................................................................................................................................................................................................................................................................................................................................................................................................................................................................................................................................................................................................................................................................................................................................................................................................................................................................................................................................................................................................................................................................................................................................................................................................................................................................................................................................................................................................................................................................................................................................................................................................................................................................................................................................................................................................................................................................................................................................................................................................................................................................................................................................................................................................................................................................................................................................................................................................................................................................................................................................................................................................................................................................................................................................................................................................................................................................................................................................................................................................................................................................................................................................................................................................................................................................................................................................................................................................................................................................................................................................................................................................................................................................................................................................................................................................................................................................................................................................................................................................................................................................................................................................................................................................................................................................................................................................................................................................................................................................................................................................................................................................................................................................................................................................................................................................................................................................................................................................................................................................................................................................................................................................................................................................................................................................................................................................................................................................................................................................................................................................................................................................................................................................................................................................................................................................................................................................................................................................................................................................................................................................................................................................................................................................................................................................................................................................................................................................................................................................................................................................................................................................................................................................................................................................................................................................................................................................................................................................................................................................................................................................................................................................................................................................................................................................................................................................................................................................................................................................................................................................................................................................................................................................................................................................................................................................................................................................................................................................................................................................................................................................................................................................................................................................................................................................................................................................................................................................................................................................................................................................................................................................................................................................................................................................................................................................................................................................................................................................................................................................................................................................................................................................................................................................................................................................................................................................................................................................................................................................................................................................................................................................................................................................................................................................................................................................................................................................................................................................................................................................................................................................................................................................................................................................................................................................................................................................................................................................................................................................................................................................................................................................................................................................................................................................................................................................................................................................................................................................................................................................................................................................................................................................................................................................................................................................................................................................................................................................................................................................................................................................................................................................................................................................................................................................................................................................................................................................................................................................................................................................................................................................................................................................................................................................................................................................................................................................................................................................................................................................................................................................................................................................................................................................................................................................................................................................................................................................................................................................................................................................................................................................................................................................................................................................................................................................................................................................................................................................................................................................................................................................................................................................................................................................................................................................................................................................................................................................................................................................................................................................................................................................................................................................................................................................................................................................................................................................................................................................................................................................................................................................................................................................................................................................................................................................................................................................................................................................................................................................................................................................................................................................................................................................................................................................................................................................................................................................................................................................................................................................................................................................................................................................................................................................................................................................................................................................................................................................................................................................................................................................................................................................................................................................................................................................................................................................................................................................................................................................................................................................................2 ms. Memory: 129024K Free: 75804K (59%)
3 ms. Memory: 129024K Free: 74772K (58%)
2 ms. Memory: 129024K Free: 74277K (58%)
4 ms. Memory: 129024K Free: 73599K (57%)
3 ms. Memory: 129024K Free: 73220K (57%)
/home/travis/build/icyphy/ptII/ptolemy/actor/lib/test/IIR.tcl
/home/travis/build/icyphy/ptII/ptolemy/actor/lib/test/Interpolator.tcl
3 ms. Memory: 129024K Free: 69157K (54%)
1 ms. Memory: 129024K Free: 68612K (53%)
1 ms. Memory: 129024K Free: 68133K (53%)
2 ms. Memory: 129024K Free: 67612K (52%)
2 ms. Memory: 129024K Free: 66580K (52%)
1 ms. Memory: 129024K Free: 66085K (51%)
1 ms. Memory: 129024K Free: 65061K (50%)
2 ms. Memory: 129024K Free: 64037K (50%)
2 ms. Memory: 129024K Free: 63013K (49%)
2 ms. Memory: 129024K Free: 62484K (48%)
/home/travis/build/icyphy/ptII/ptolemy/actor/lib/test/MathFunction.tcl
3 ms. Memory: 129024K Free: 60451K (47%)
10 ms. Memory: 129024K Free: 58917K (46%)
2 ms. Memory: 129024K Free: 57893K (45%)
1 ms. Memory: 129024K Free: 57372K (44%)
8 ms. Memory: 129024K Free: 112911K (88%)
4 ms. Memory: 129024K Free: 110863K (86%)
/home/travis/build/icyphy/ptII/ptolemy/actor/lib/test/Maximum.tcl
3 ms. Memory: 129024K Free: 109319K (85%)
2 ms. Memory: 129024K Free: 108287K (84%)
2 ms. Memory: 129024K Free: 107791K (84%)
2 ms. Memory: 129024K Free: 107271K (83%)
/home/travis/build/icyphy/ptII/ptolemy/actor/lib/test/Minimum.tcl
3 ms. Memory: 129024K Free: 105743K (82%)
2 ms. Memory: 129024K Free: 104719K (81%)
4 ms. Memory: 129024K Free: 104205K (81%)
2 ms. Memory: 129024K Free: 103695K (80%)
/home/travis/build/icyphy/ptII/ptolemy/actor/lib/test/MultiplyDivide.tcl
10 ms. Memory: 129024K Free: 101647K (79%)
2 ms. Memory: 129024K Free: 101087K (78%)
3 ms. Memory: 129024K Free: 100095K (78%)
5 ms. Memory: 129024K Free: 99599K (77%)
1 ms. Memory: 129024K Free: 98575K (76%)
/home/travis/build/icyphy/ptII/ptolemy/actor/lib/test/OrderedMerge.tcl
Connections changed on port: inputA
Connections changed on port: inputB
Connections changed on port: output
Connections changed on port: output
Connections changed on port: output
Connections changed on port: input
.top. Preinitializing ...
Invoking preinitialize():  .top.OrderedMerge
Called preinitialize()
Invoking preinitialize():  .top.Ramp
Called preinitialize()
Invoking preinitialize():  .top.Ramp2
Called preinitialize()
Invoking preinitialize():  .top.Test
Called preinitialize()
Connections changed on port: inputA
Connections changed on port: output
Connections changed on port: output
Connections changed on port: input
Connections changed on port: inputB
Connections changed on port: output
.top. Finished preinitialize().
Called initialize().
Invoking initialize():  .top.OrderedMerge
Initializing actor: .top.OrderedMerge
Adding a thread: .top.OrderedMerge
Invoking initialize():  .top.Ramp
Initializing actor: .top.Ramp
Adding a thread: .top.Ramp
Invoking initialize():  .top.Ramp2
Initializing actor: .top.Ramp2
Adding a thread: .top.Ramp2
Invoking initialize():  .top.Test
Initializing actor: .top.Test
Adding a thread: .top.Test
Called fire().
Checking for deadlock:
-- Starting thread.
Called initialize()
Called prefire()
Called fire()
-- Starting thread.
Called initialize()
There are 0 Blocked actors, 0 Stopped actors, and 4 active threads.
-- Starting thread.
Waiting for actors to stop.
Called initialize()
Called prefire()
Called fire()
Called postfire()
Called prefire()
Called fire()
Called prefire()
-- Starting thread.
Called fire()
Checking for deadlock:
Called postfire()
Called prefire()
Called fire()
Called initialize()
Called prefire()
Called fire()
There are 2 Blocked actors, 0 Stopped actors, and 4 active threads.
Waiting for actors to stop.
Called postfire()
Called prefire()
Called fire()
Read input token from inputA with value 0.0
Next port to read input from is inputB
Called postfire()
Called prefire()
Called fire()
Read input token from inputB with value 0.0
Sent output token with value 0.0
Next port to read input from is inputA
Called postfire()
Called prefire()
Called fire()
Read input token from inputA with value 1.0
Checking for deadlock:
There are 1 Blocked actors, 0 Stopped actors, and 4 active threads.
Waiting for actors to stop.
Called postfire()
Called prefire()
Called fire()
-- Read input: 0.0, which is expected to match: 0.0
Called prefire()
Called fire()
Called postfire()
Called prefire()
Called fire()
Checking for deadlock:
There are 3 Blocked actors, 0 Stopped actors, and 4 active threads.
Waiting for actors to stop.
Sent output token with value 0.0
-- Read input: 0.0, which is expected to match: 0.0
Called prefire()
Next port to read input from is inputB
Called postfire()
Checking for deadlock:
Called fire()
Called prefire()
Called fire()
There are 2 Blocked actors, 0 Stopped actors, and 4 active threads.
Waiting for actors to stop.
Called postfire()
Called prefire()
Called fire()
Read input token from inputB with value 1.5
Checking for deadlock:
Sent output token with value 1.0
Next port to read input from is inputA
Called postfire()
Called prefire()
Called fire()
There are 2 Blocked actors, 0 Stopped actors, and 4 active threads.
Waiting for actors to stop.
Called postfire()
Called prefire()
Called fire()
Read input token from inputA with value 2.0
Checking for deadlock:
There are 3 Blocked actors, 0 Stopped actors, and 4 active threads.
Waiting for actors to stop.
-- Read input: 1.0, which is expected to match: 1.0
Called prefire()
Called fire()
Checking for deadlock:
There are 3 Blocked actors, 0 Stopped actors, and 4 active threads.
Waiting for actors to stop.
Checking for deadlock:
Sent output token with value 1.5
Next port to read input from is inputB
-- Read input: 1.5, which is expected to match: 1.5
Called postfire()
Called prefire()
Called prefire()
Called fire()
Called fire()
There are 2 Blocked actors, 0 Stopped actors, and 4 active threads.
Waiting for actors to stop.
Called postfire()
Read input token from inputB with value 3.0
Called prefire()
Called fire()
Sent output token with value 2.0
Checking for deadlock:
There are 2 Blocked actors, 0 Stopped actors, and 4 active threads.
Waiting for actors to stop.
Next port to read input from is inputA
Called postfire()
Called prefire()
Called fire()
-- Read input: 2.0, which is expected to match: 2.0
Called prefire()
Read input token from inputA with value 3.0
Called fire()
Sent output token with value 3.0
Next port to read input from is inputB
Called postfire()
Checking for deadlock:
-- Read input: 3.0, which is expected to match: 3.0
Called prefire()
Called fire()
Called prefire()
Called fire()
There are 1 Blocked actors, 0 Stopped actors, and 4 active threads.
Waiting for actors to stop.
Called postfire()
Read input token from inputB with value 4.5
Called prefire()
Called fire()
Sent output token with value 3.0
Next port to read input from is inputA
Called postfire()
Called prefire()
Called fire()
Read input token from inputA with value 4.0
Called postfire()
Called prefire()
Called fire()
-- Read input: 3.0, which is expected to match: 3.0
Called prefire()
Called fire()
Checking for deadlock:
There are 2 Blocked actors, 0 Stopped actors, and 4 active threads.
Waiting for actors to stop.
Called postfire()
Called prefire()
Called fire()
-- Read input: 4.0, which is expected to match: 4.0
Called prefire()
Called fire()
Past the end of training data. Read and discard all inputs.
Sent output token with value 4.0
Next port to read input from is inputA
Called postfire()
Called prefire()
Called fire()
Read input token from inputA with value 5.0
Sent output token with value 4.5
Next port to read input from is inputB
Called postfire()
Called prefire()
Called fire()
Read input token from inputB with value 6.0
Checking for deadlock:
There are 1 Blocked actors, 0 Stopped actors, and 4 active threads.
Waiting for actors to stop.
Called postfire()
Called prefire()
Called prefire()
Called fire()
Past the end of training data. Read and discard all inputs.
Called fire()
Checking for deadlock:
There are 2 Blocked actors, 0 Stopped actors, and 4 active threads.
Waiting for actors to stop.
Called postfire()
Called prefire()
Called fire()
Sent output token with value 5.0
Called prefire()
Called fire()
Past the end of training data. Read and discard all inputs.
Next port to read input from is inputA
Called postfire()
Called prefire()
Checking for deadlock:
Called fire()
There are 3 Blocked actors, 0 Stopped actors, and 4 active threads.
Waiting for actors to stop.
Called postfire()
Called prefire()
Called fire()
Read input token from inputA with value 6.0
Checking for deadlock:
There are 3 Blocked actors, 0 Stopped actors, and 4 active threads.
Waiting for actors to stop.
Sent output token with value 6.0
Next port to read input from is inputB
Called postfire()
Called prefire()
Called fire()
Read input token from inputB with value 7.5
Called postfire()
Called prefire()
Called prefire()
Checking for deadlock:
Called fire()
Called fire()
Past the end of training data. Read and discard all inputs.
There are 1 Blocked actors, 0 Stopped actors, and 4 active threads.
Waiting for actors to stop.
Checking for deadlock:
There are 3 Blocked actors, 0 Stopped actors, and 4 active threads.
Waiting for actors to stop.
Called prefire()
Called fire()
Past the end of training data. Read and discard all inputs.
Sent output token with value 6.0
Next port to read input from is inputA
Called postfire()
Called prefire()
Called fire()
Read input token from inputA with value 7.0
Sent output token with value 7.0
Next port to read input from is inputA
Called postfire()
Called prefire()
Called fire()
Checking for deadlock:
There are 2 Blocked actors, 0 Stopped actors, and 4 active threads.
Waiting for actors to stop.
Called postfire()
Called prefire()
Called fire()
Called prefire()
Called fire()
Past the end of training data. Read and discard all inputs.
Checking for deadlock:
There are 3 Blocked actors, 0 Stopped actors, and 4 active threads.
Waiting for actors to stop.
Read input token from inputA with value 8.0
-- Thread wrapup() called.
Called wrapup()
Sent output token with value 7.5
Next port to read input from is inputB
Called postfire()
Called prefire()
Called fire()
Thread .top.Ramp is exiting.
-- Thread stopped.
Checking for deadlock:
There are 1 Blocked actors, 0 Stopped actors, and 3 active threads.
Waiting for actors to stop.
Called prefire()
Called fire()
Called postfire()
Checking for deadlock:
Past the end of training data. Read and discard all inputs.
Read input token from inputB with value 9.0
There are 0 Blocked actors, 0 Stopped actors, and 3 active threads.
Called prefire()
Waiting for actors to stop.
Called fire()
Sent output token with value 8.0
Called prefire()
Called fire()
Past the end of training data. Read and discard all inputs.
Next port to read input from is inputA
Called postfire()
Checking for deadlock:
Called prefire()
Called fire()
There are 2 Blocked actors, 0 Stopped actors, and 3 active threads.
Waiting for actors to stop.
Read input token from inputA with value 9.0
Called prefire()
Called fire()
Sent output token with value 9.0
Past the end of training data. Read and discard all inputs.
Checking for deadlock:
Next port to read input from is inputB
Called postfire()
There are 2 Blocked actors, 0 Stopped actors, and 3 active threads.
Called prefire()
Called fire()
Waiting for actors to stop.
Checking for deadlock:
There are 1 Blocked actors, 0 Stopped actors, and 3 active threads.
Waiting for actors to stop.
Called postfire()
Called prefire()
Called fire()
Checking for deadlock:
There are 2 Blocked actors, 0 Stopped actors, and 3 active threads.
Read input token from inputB with value 10.5
Waiting for actors to stop.
Called prefire()
Called fire()
Past the end of training data. Read and discard all inputs.
Sent output token with value 9.0
Checking for deadlock:
There are 2 Blocked actors, 0 Stopped actors, and 3 active threads.
Waiting for actors to stop.
Next port to read input from is inputA
Called postfire()
Called prefire()
Called fire()
Checking for deadlock:
There are 3 Blocked actors, 0 Stopped actors, and 3 active threads.
Actors have stopped.
Checking for deadlock:
There are 3 Blocked actors, 0 Stopped actors, and 3 active threads.
Deadlock detected.
Resolving Deadlock
Checking for deadlock:
There are 3 Blocked actors, 0 Stopped actors, and 3 active threads.
Artificial Deadlock - increasing queue capacity.
increasing the capacity of receiver ptolemy.actor.TypedIOPort {.top.OrderedMerge.inputB} to 2
-- Thread wrapup() called.
Called wrapup()
Director: Called postfire().
Thread .top.Ramp2 is exiting.
-- Thread stopped.
Called postfire().
_stopRequested = false
_stopFireRequested = false
Returning from postfire(): true
Called fire().
Checking for deadlock:
There are 2 Blocked actors, 0 Stopped actors, and 2 active threads.
Actors have stopped.
Checking for deadlock:
There are 2 Blocked actors, 0 Stopped actors, and 2 active threads.
Deadlock detected.
Resolving Deadlock
Checking for deadlock:
There are 2 Blocked actors, 0 Stopped actors, and 2 active threads.
Deadlock detected: no processes blocked on write, but some are blocked on read.
Called postfire().
_stopRequested = false
_stopFireRequested = false
Returning from postfire(): false
Finished deactivating branches.
Called wrapup().
-- Thread wrapup() called.
Called wrapup()
-- Thread wrapup() called.
Called wrapup()
Thread .top.OrderedMerge is exiting.
-- Thread stopped.
Thread .top.Test is exiting.
-- Blocked Receiver call threw TerminateProcessException.
-- Thread stopped.
-- Blocked Receiver call threw TerminateProcessException.
60 ms. Memory: 129024K Free: 93455K (72%)
.top. Preinitializing ...
Invoking preinitialize():  .top.OrderedMerge
Called preinitialize()
Invoking preinitialize():  .top.Ramp
Called preinitialize()
Invoking preinitialize():  .top.Ramp2
Called preinitialize()
Invoking preinitialize():  .top.Test
Called preinitialize()
.top. Finished preinitialize().
Called initialize().
Invoking initialize():  .top.OrderedMerge
Initializing actor: .top.OrderedMerge
Adding a thread: .top.OrderedMerge
Invoking initialize():  .top.Ramp
Initializing actor: .top.Ramp
Adding a thread: .top.Ramp
Invoking initialize():  .top.Ramp2
Initializing actor: .top.Ramp2
Adding a thread: .top.Ramp2
Invoking initialize():  .top.Test
Initializing actor: .top.Test
Adding a thread: .top.Test
-- Starting thread.
Called initialize()
Called prefire()
Called fire()
-- Starting thread.
Called initialize()
Called prefire()
Called fire()
Called postfire()
Called prefire()
Called fire()
-- Starting thread.
Called initialize()
Called prefire()
Called fire()
Called postfire()
Called prefire()
Called fire()
Called fire().
Checking for deadlock:
There are 3 Blocked actors, 0 Stopped actors, and 4 active threads.
Waiting for actors to stop.
-- Starting thread.
Called initialize()
Called prefire()
Called fire()
Called postfire()
Called prefire()
Called fire()
Read input token from inputA with value 0.0
Checking for deadlock:
There are 3 Blocked actors, 0 Stopped actors, and 4 active threads.
Waiting for actors to stop.
Next port to read input from is inputB
Called postfire()
Called prefire()
Called fire()
Read input token from inputB with value 0.0
Sent output token with value 0.0
Next port to read input from is inputA
Called postfire()
Called prefire()
Called fire()
Read input token from inputA with value 1.0
Called postfire()
Called prefire()
Called fire()
Called postfire()
Called prefire()
Called fire()
-- Read input: 0.0, which is expected to match: 0.0
Called prefire()
Called fire()
Checking for deadlock:
There are 3 Blocked actors, 0 Stopped actors, and 4 active threads.
Waiting for actors to stop.
Sent output token with value 0.0
Next port to read input from is inputB
Called postfire()
Called prefire()
Called fire()
Read input token from inputB with value 1.5
-- Read input: 0.0, which is expected to match: 0.0
Called postfire()
Called prefire()
Called prefire()
Called fire()
Called fire()
Checking for deadlock:
There are 2 Blocked actors, 0 Stopped actors, and 4 active threads.
Waiting for actors to stop.
Sent output token with value 1.0
Next port to read input from is inputA
Called postfire()
Called prefire()
Called fire()
Read input token from inputA with value 2.0
Checking for deadlock:
There are 2 Blocked actors, 0 Stopped actors, and 4 active threads.
Waiting for actors to stop.
Called postfire()
Called prefire()
Called fire()
-- Read input: 1.0, which is expected to match: 1.0
Called prefire()
Called fire()
Checking for deadlock:
There are 3 Blocked actors, 0 Stopped actors, and 4 active threads.
Waiting for actors to stop.
Sent output token with value 1.5
Next port to read input from is inputB
Called postfire()
Called prefire()
Called fire()
Read input token from inputB with value 3.0
Checking for deadlock:
There are 2 Blocked actors, 0 Stopped actors, and 4 active threads.
Waiting for actors to stop.
-- Read input: 1.5, which is expected to match: 1.5
Called prefire()
Called fire()
Checking for deadlock:
There are 2 Blocked actors, 0 Stopped actors, and 4 active threads.
Waiting for actors to stop.
Called postfire()
Called prefire()
Called fire()
Sent output token with value 2.0
Next port to read input from is inputA
Called postfire()
Called prefire()
Called fire()
Read input token from inputA with value 3.0
-- Read input: 2.0, which is expected to match: 2.0
Called prefire()
Called fire()
Checking for deadlock:
There are 2 Blocked actors, 0 Stopped actors, and 4 active threads.
Waiting for actors to stop.
Called postfire()
Called prefire()
Called fire()
Sent output token with value 3.0
Next port to read input from is inputB
Called postfire()
Called prefire()
Called fire()
Read input token from inputB with value 4.5
Checking for deadlock:
There are 2 Blocked actors, 0 Stopped actors, and 4 active threads.
Waiting for actors to stop.
Called postfire()
Called prefire()
Called fire()
-- Read input: 3.0, which is expected to match: 3.0
Called prefire()
Called fire()
Checking for deadlock:
There are 3 Blocked actors, 0 Stopped actors, and 4 active threads.
Waiting for actors to stop.
Sent output token with value 3.0
Next port to read input from is inputA
Called postfire()
Called prefire()
Called fire()
Read input token from inputA with value 4.0
Checking for deadlock:
There are 2 Blocked actors, 0 Stopped actors, and 4 active threads.
Waiting for actors to stop.
Called postfire()
-- Read input: 3.0, which is expected to match: 3.0
Called prefire()
Called fire()
Called prefire()
Called fire()
Checking for deadlock:
There are 3 Blocked actors, 0 Stopped actors, and 4 active threads.
Waiting for actors to stop.
Sent output token with value 4.0
Next port to read input from is inputA
Called postfire()
Called prefire()
Called fire()
Read input token from inputA with value 5.0
Checking for deadlock:
There are 2 Blocked actors, 0 Stopped actors, and 4 active threads.
Waiting for actors to stop.
Called postfire()
Checking for deadlock:
There are 1 Blocked actors, 0 Stopped actors, and 4 active threads.
Waiting for actors to stop.
-- Read input: 4.0, which is expected to match: 4.0
Called prefire()
Called fire()
Called prefire()
Called fire()
Past the end of training data. Read and discard all inputs.
Sent output token with value 4.5
Next port to read input from is inputB
Called postfire()
Called prefire()
Called fire()
Read input token from inputB with value 6.0
Checking for deadlock:
There are 2 Blocked actors, 0 Stopped actors, and 4 active threads.
Waiting for actors to stop.
Called postfire()
Called prefire()
Called fire()
Called prefire()
Called fire()
Past the end of training data. Read and discard all inputs.
Checking for deadlock:
There are 3 Blocked actors, 0 Stopped actors, and 4 active threads.
Waiting for actors to stop.
Sent output token with value 5.0
Next port to read input from is inputA
Called postfire()
Called prefire()
Called fire()
Read input token from inputA with value 6.0
Checking for deadlock:
There are 2 Blocked actors, 0 Stopped actors, and 4 active threads.
Waiting for actors to stop.
Called prefire()
Called fire()
Past the end of training data. Read and discard all inputs.
Called postfire()
Checking for deadlock:
Called prefire()
Called fire()
There are 2 Blocked actors, 0 Stopped actors, and 4 active threads.
Waiting for actors to stop.
Sent output token with value 6.0
Next port to read input from is inputB
Called postfire()
Called prefire()
Called fire()
Read input token from inputB with value 7.5
Checking for deadlock:
There are 2 Blocked actors, 0 Stopped actors, and 4 active threads.
Waiting for actors to stop.
Called prefire()
Called fire()
Past the end of training data. Read and discard all inputs.
Called postfire()
Called prefire()
Checking for deadlock:
Called fire()
There are 2 Blocked actors, 0 Stopped actors, and 4 active threads.
Waiting for actors to stop.
Sent output token with value 6.0
Next port to read input from is inputA
Called postfire()
Called prefire()
Called fire()
Read input token from inputA with value 7.0
Checking for deadlock:
There are 2 Blocked actors, 0 Stopped actors, and 4 active threads.
Waiting for actors to stop.
Called prefire()
Called postfire()
Called fire()
Called prefire()
Past the end of training data. Read and discard all inputs.
Called fire()
Checking for deadlock:
There are 3 Blocked actors, 0 Stopped actors, and 4 active threads.
Waiting for actors to stop.
Sent output token with value 7.0
Next port to read input from is inputA
Called postfire()
Called prefire()
Called fire()
Read input token from inputA with value 8.0
Checking for deadlock:
There are 2 Blocked actors, 0 Stopped actors, and 4 active threads.
Waiting for actors to stop.
Called prefire()
Called fire()
Past the end of training data. Read and discard all inputs.
-- Thread wrapup() called.
Called wrapup()
Thread .top.Ramp is exiting.
-- Thread stopped.
Checking for deadlock:
There are 2 Blocked actors, 0 Stopped actors, and 3 active threads.
Waiting for actors to stop.
Sent output token with value 7.5
Next port to read input from is inputB
Called postfire()
Called prefire()
Called fire()
Read input token from inputB with value 9.0
Called prefire()
Called postfire()
Checking for deadlock:
Called prefire()
Called fire()
There are 0 Blocked actors, 0 Stopped actors, and 3 active threads.
Waiting for actors to stop.
Called fire()
Past the end of training data. Read and discard all inputs.
Sent output token with value 8.0
Next port to read input from is inputA
Called postfire()
Called prefire()
Called fire()
Read input token from inputA with value 9.0
Checking for deadlock:
There are 2 Blocked actors, 0 Stopped actors, and 3 active threads.
Waiting for actors to stop.
Called prefire()
Called fire()
Past the end of training data. Read and discard all inputs.
Sent output token with value 9.0
Next port to read input from is inputB
Called postfire()
Called prefire()
Called fire()
Read input token from inputB with value 10.5
Checking for deadlock:
There are 1 Blocked actors, 0 Stopped actors, and 3 active threads.
Waiting for actors to stop.
Called postfire()
Called prefire()
Called prefire()
Called fire()
Called fire()
Past the end of training data. Read and discard all inputs.
Sent output token with value 9.0
Next port to read input from is inputA
Called postfire()
Called prefire()
Called fire()
Checking for deadlock:
There are 2 Blocked actors, 0 Stopped actors, and 3 active threads.
Waiting for actors to stop.
Called prefire()
Called fire()
Past the end of training data. Read and discard all inputs.
Checking for deadlock:
There are 3 Blocked actors, 0 Stopped actors, and 3 active threads.
Actors have stopped.
Checking for deadlock:
There are 3 Blocked actors, 0 Stopped actors, and 3 active threads.
Deadlock detected.
Resolving Deadlock
Checking for deadlock:
There are 3 Blocked actors, 0 Stopped actors, and 3 active threads.
Artificial Deadlock - increasing queue capacity.
increasing the capacity of receiver ptolemy.actor.TypedIOPort {.top.OrderedMerge.inputB} to 2
Director: Called postfire().
Called postfire().
_stopRequested = false
_stopFireRequested = false
Returning from postfire(): true
Called fire().
Checking for deadlock:
There are 2 Blocked actors, 0 Stopped actors, and 3 active threads.
Waiting for actors to stop.
-- Thread wrapup() called.
Called wrapup()
Thread .top.Ramp2 is exiting.
-- Thread stopped.
Checking for deadlock:
There are 2 Blocked actors, 0 Stopped actors, and 2 active threads.
Actors have stopped.
Checking for deadlock:
There are 2 Blocked actors, 0 Stopped actors, and 2 active threads.
Deadlock detected.
Resolving Deadlock
Checking for deadlock:
There are 2 Blocked actors, 0 Stopped actors, and 2 active threads.
Deadlock detected: no processes blocked on write, but some are blocked on read.
Called postfire().
_stopRequested = false
_stopFireRequested = false
Returning from postfire(): false
Finished deactivating branches.
Called wrapup().
-- Thread wrapup() called.
Called wrapup()
Thread .top.OrderedMerge is exiting.
-- Thread stopped.
-- Blocked Receiver call threw TerminateProcessException.
-- Thread wrapup() called.
Called wrapup()
Thread .top.Test is exiting.
-- Thread stopped.
-- Blocked Receiver call threw TerminateProcessException.
52 ms. Memory: 129024K Free: 91407K (71%)
/home/travis/build/icyphy/ptII/ptolemy/actor/lib/test/Publisher.tcl
10 ms. Memory: 129024K Free: 85263K (66%)
4 ms. Memory: 129024K Free: 79629K (62%)
3 ms. Memory: 129024K Free: 76047K (59%)
3 ms. Memory: 129024K Free: 75023K (58%)
2 ms. Memory: 129024K Free: 74503K (58%)
3 ms. Memory: 129024K Free: 73471K (57%)
2 ms. Memory: 129024K Free: 72447K (56%)
2 ms. Memory: 129024K Free: 71951K (56%)
15 ms. Memory: 129024K Free: 61711K (48%)
6 ms. Memory: 161792K Free: 141917K (88%)
2 ms. Memory: 161792K Free: 141421K (87%)
3 ms. Memory: 161792K Free: 138859K (86%)
6 ms. Memory: 161792K Free: 131181K (81%)
6 ms. Memory: 161792K Free: 121451K (75%)
11 ms. Memory: 161792K Free: 110701K (68%)
/home/travis/build/icyphy/ptII/ptolemy/actor/lib/test/Pulse.tcl
5 ms. Memory: 161792K Free: 72813K (45%)
22 ms. Memory: 161792K Free: 143956K (89%)
1 ms. Memory: 161792K Free: 143458K (89%)
1 ms. Memory: 161792K Free: 142946K (88%)
1 ms. Memory: 161792K Free: 142436K (88%)
5 ms. Memory: 161792K Free: 141412K (87%)
3 ms. Memory: 161792K Free: 140388K (87%)
1 ms. Memory: 161792K Free: 139364K (86%)
9 ms. Memory: 161792K Free: 138850K (86%)
/home/travis/build/icyphy/ptII/ptolemy/actor/lib/test/Ramp.tcl
3 ms. Memory: 161792K Free: 136788K (85%)
1 ms. Memory: 161792K Free: 136292K (84%)
1 ms. Memory: 161792K Free: 135268K (84%)
2 ms. Memory: 161792K Free: 134682K (83%)
4 ms. Memory: 161792K Free: 133716K (83%)
4 ms. Memory: 161792K Free: 133220K (82%)
4 ms. Memory: 161792K Free: 132196K (82%)
5 actors
3000 microseconds per iteration to create
4 ms. Memory: 161792K Free: 129124K (80%)
1 ms. Memory: 161792K Free: 128610K (79%)
2 ms. Memory: 161792K Free: 128100K (79%)
1 ms. Memory: 161792K Free: 127556K (79%)
50 actors
26000 microseconds per iteration to create
22 ms. Memory: 161792K Free: 112226K (69%)
4 ms. Memory: 161792K Free: 111202K (69%)
12 ms. Memory: 161792K Free: 109668K (68%)
4 ms. Memory: 161792K Free: 108644K (67%)
500 actors
1449000 microseconds per iteration to create
204 ms. Memory: 161792K Free: 108730K (67%)
29 ms. Memory: 161792K Free: 103610K (64%)
29 ms. Memory: 161792K Free: 97980K (61%)
31 ms. Memory: 161792K Free: 92860K (57%)
/home/travis/build/icyphy/ptII/ptolemy/actor/lib/test/RampContinuous.tcl
6 ms. Memory: 161792K Free: 91308K (56%)
/home/travis/build/icyphy/ptII/ptolemy/actor/lib/test/RecordAssembler.tcl
4 ms. Memory: 161792K Free: 89788K (55%)
3 ms. Memory: 161792K Free: 88764K (55%)
/home/travis/build/icyphy/ptII/ptolemy/actor/lib/test/RecordDisassembler.tcl
5 ms. Memory: 161792K Free: 87212K (54%)
2 ms. Memory: 161792K Free: 86716K (54%)
3 ms. Memory: 161792K Free: 85178K (53%)
/home/travis/build/icyphy/ptII/ptolemy/actor/lib/test/Scale.tcl
2 ms. Memory: 161792K Free: 83644K (52%)
1 ms. Memory: 161792K Free: 82620K (51%)
2 ms. Memory: 161792K Free: 82100K (51%)
2 ms. Memory: 161792K Free: 81068K (50%)
2 ms. Memory: 161792K Free: 80052K (49%)
/home/travis/build/icyphy/ptII/ptolemy/actor/lib/test/SequentialClock.tcl
preinitializing
resolving types
initializing
executing number 1
wrapping up
idle
2 ms. Memory: 161792K Free: 79020K (49%)
Completed execution with 5 iterations
preinitializing
resolving types
initializing
executing number 1
wrapping up
idle
1 ms. Memory: 161792K Free: 78524K (49%)
Completed execution with 5 iterations
preinitializing
resolving types
initializing
executing number 1
wrapping up
idle
1 ms. Memory: 161792K Free: 78010K (48%)
Completed execution with 5 iterations
/home/travis/build/icyphy/ptII/ptolemy/actor/lib/test/SetVariable.tcl
3 ms. Memory: 161792K Free: 75962K (47%)
/home/travis/build/icyphy/ptII/ptolemy/actor/lib/test/Sinewave.tcl
/home/travis/build/icyphy/ptII/ptolemy/actor/lib/test/SubscriptionAggregator.tcl
3 ms. Memory: 161792K Free: 64692K (40%)
2 ms. Memory: 161792K Free: 64188K (40%)
0 ms. Memory: 161792K Free: 63674K (39%)
1 ms. Memory: 161792K Free: 63164K (39%)
2 ms. Memory: 161792K Free: 59548K (37%)
8 ms. Memory: 161792K Free: 57020K (35%)
...............................................................974 ms. Memory: 294912K Free: 163564K (55%)
/home/travis/build/icyphy/ptII/ptolemy/actor/lib/test/Test.tcl
 The next command will produce a warning about training mode,
   which may be ignored.
6 ms. Memory: 294912K Free: 161486K (55%)
2 ms. Memory: 294912K Free: 160492K (54%)
1 ms. Memory: 294912K Free: 159982K (54%)
1 ms. Memory: 294912K Free: 159454K (54%)
2 ms. Memory: 294912K Free: 158958K (54%)
3 ms. Memory: 294912K Free: 157420K (53%)
3 ms. Memory: 294912K Free: 156390K (53%)
 The next command will produce a warning about training mode,
   which may be ignored.
3 ms. Memory: 294912K Free: 153838K (52%)
 The next command will produce a warning about training mode,
   which may be ignored.
2 ms. Memory: 294912K Free: 152814K (52%)
1 ms. Memory: 294912K Free: 152294K (52%)
1 ms. Memory: 294912K Free: 151790K (51%)
2 ms. Memory: 294912K Free: 151270K (51%)
5 ms. Memory: 294912K Free: 150252K (51%)
4 ms. Memory: 294912K Free: 146670K (50%)
/home/travis/build/icyphy/ptII/ptolemy/actor/lib/test/TestExceptionHandler.tcl
 The next command will produce a warning about training mode,
   which may be ignored.
2 ms. Memory: 294912K Free: 145132K (49%)
1 ms. Memory: 294912K Free: 144622K (49%)
0 ms. Memory: 294912K Free: 144094K (49%)
/home/travis/build/icyphy/ptII/ptolemy/actor/lib/test/UnionDisassembler.tcl
22 ms. Memory: 294912K Free: 136926K (46%)
/home/travis/build/icyphy/ptII/ptolemy/actor/lib/test/VariableClock.tcl
preinitializing
resolving types
initializing
executing number 1
wrapping up
idle
8 ms. Memory: 294912K Free: 134878K (46%)
Completed execution with 11 iterations
preinitializing
resolving types
initializing
executing number 1
wrapping up
idle
3 ms. Memory: 294912K Free: 133358K (45%)
Completed execution with 10 iterations
07/17/20 03:09:03
Failed: 0  Total Tests: 233  ((Passed: 233, Newly Passed: 0)  Known Failed: 0) /home/travis/build/icyphy/ptII/ptolemy/actor/lib/test
----------------- testing (KnownFailure) /home/travis/build/icyphy/ptII/ptolemy/actor/lib/test/auto/knownFailedTests/PublisherPortToplevelSubscriber.xml
0 ms. Memory: 294912K Free: 130286K (44%)
Known Failure: java.lang.reflect.InvocationTargetException
----------------- testing (KnownFailure) /home/travis/build/icyphy/ptII/ptolemy/actor/lib/test/auto/knownFailedTests/PublisherSubscriberPortToplevel.xml
0 ms. Memory: 294912K Free: 126700K (43%)
Known Failure: java.lang.reflect.InvocationTargetException
----------------- testing (KnownFailure) /home/travis/build/icyphy/ptII/ptolemy/actor/lib/test/auto/knownFailedTests/PublisherSubscriptionAggregatorPort.xml
0 ms. Memory: 294912K Free: 122094K (41%)
Known Failure: java.lang.reflect.InvocationTargetException
----------------- testing (KnownFailure) /home/travis/build/icyphy/ptII/ptolemy/actor/lib/test/auto/knownFailedTests/sizedarray3.xml
16 ms. Memory: 294912K Free: 117998K (40%)
Known Failure: java.lang.reflect.InvocationTargetException
No auto/linux-amd64/*.xml tests in /home/travis/build/icyphy/ptII/ptolemy/actor/lib/test
AutoTests.java: About to close Vertx.
AutoTests.java: Vertx closed.

===========================================================================================
----------------- testing Fri Jul 17 15:09:03 UTC 2020 /home/travis/build/icyphy/ptII/ptolemy/actor/lib/test/auto/AbsoluteValue.xml
----------------- Instantiating /home/travis/build/icyphy/ptII/ptolemy/actor/lib/test/auto/AbsoluteValue.xml
6 ms. Memory: 294912K Free: 242926K (82%)
----------------- Invoking toplevel() on ptolemy.moml.MoMLSimpleApplication@41490fd1
----------------- Done invoking toplevel() on ptolemy.moml.MoMLSimpleApplication@41490fd1
reloadAllAccessors: .AbsoluteValue

===========================================================================================
----------------- testing Fri Jul 17 15:09:03 UTC 2020 /home/travis/build/icyphy/ptII/ptolemy/actor/lib/test/auto/AbsoluteValue2.xml
----------------- Instantiating /home/travis/build/icyphy/ptII/ptolemy/actor/lib/test/auto/AbsoluteValue2.xml
7 ms. Memory: 294912K Free: 235758K (80%)
----------------- Invoking toplevel() on ptolemy.moml.MoMLSimpleApplication@41befbc6
----------------- Done invoking toplevel() on ptolemy.moml.MoMLSimpleApplication@41befbc6
reloadAllAccessors: .AbsoluteValue2

===========================================================================================
----------------- testing Fri Jul 17 15:09:03 UTC 2020 /home/travis/build/icyphy/ptII/ptolemy/actor/lib/test/auto/Accumulator.xml
----------------- Instantiating /home/travis/build/icyphy/ptII/ptolemy/actor/lib/test/auto/Accumulator.xml
5 ms. Memory: 294912K Free: 229614K (78%)
----------------- Invoking toplevel() on ptolemy.moml.MoMLSimpleApplication@6f842208
----------------- Done invoking toplevel() on ptolemy.moml.MoMLSimpleApplication@6f842208
reloadAllAccessors: .Accumulator

===========================================================================================
----------------- testing Fri Jul 17 15:09:04 UTC 2020 /home/travis/build/icyphy/ptII/ptolemy/actor/lib/test/auto/Accumulator2.xml
----------------- Instantiating /home/travis/build/icyphy/ptII/ptolemy/actor/lib/test/auto/Accumulator2.xml
12 ms. Memory: 294912K Free: 223980K (76%)
----------------- Invoking toplevel() on ptolemy.moml.MoMLSimpleApplication@25576c29
----------------- Done invoking toplevel() on ptolemy.moml.MoMLSimpleApplication@25576c29
reloadAllAccessors: .Accumulator2

===========================================================================================
----------------- testing Fri Jul 17 15:09:04 UTC 2020 /home/travis/build/icyphy/ptII/ptolemy/actor/lib/test/auto/Accumulator3.xml
----------------- Instantiating /home/travis/build/icyphy/ptII/ptolemy/actor/lib/test/auto/Accumulator3.xml
2 ms. Memory: 294912K Free: 219884K (75%)
----------------- Invoking toplevel() on ptolemy.moml.MoMLSimpleApplication@716159e3
----------------- Done invoking toplevel() on ptolemy.moml.MoMLSimpleApplication@716159e3
reloadAllAccessors: .Accumulator3

===========================================================================================
----------------- testing Fri Jul 17 15:09:04 UTC 2020 /home/travis/build/icyphy/ptII/ptolemy/actor/lib/test/auto/ArrayAppend.xml
----------------- Instantiating /home/travis/build/icyphy/ptII/ptolemy/actor/lib/test/auto/ArrayAppend.xml
4 ms. Memory: 294912K Free: 213726K (72%)
----------------- Invoking toplevel() on ptolemy.moml.MoMLSimpleApplication@4d0d824a
----------------- Done invoking toplevel() on ptolemy.moml.MoMLSimpleApplication@4d0d824a
reloadAllAccessors: .ArrayAppend

===========================================================================================
----------------- testing Fri Jul 17 15:09:04 UTC 2020 /home/travis/build/icyphy/ptII/ptolemy/actor/lib/test/auto/ArrayAppend2.xml
----------------- Instantiating /home/travis/build/icyphy/ptII/ptolemy/actor/lib/test/auto/ArrayAppend2.xml
290 ms. Memory: 294912K Free: 135406K (46%)
----------------- Invoking toplevel() on ptolemy.moml.MoMLSimpleApplication@6a5477d0
----------------- Done invoking toplevel() on ptolemy.moml.MoMLSimpleApplication@6a5477d0
reloadAllAccessors: .ArrayAppend2

===========================================================================================
----------------- testing Fri Jul 17 15:09:04 UTC 2020 /home/travis/build/icyphy/ptII/ptolemy/actor/lib/test/auto/ArrayAppend3.xml
----------------- Instantiating /home/travis/build/icyphy/ptII/ptolemy/actor/lib/test/auto/ArrayAppend3.xml
2 ms. Memory: 294912K Free: 130796K (44%)
----------------- Invoking toplevel() on ptolemy.moml.MoMLSimpleApplication@5fff876b
----------------- Done invoking toplevel() on ptolemy.moml.MoMLSimpleApplication@5fff876b
reloadAllAccessors: .ArrayAppend3

===========================================================================================
----------------- testing Fri Jul 17 15:09:04 UTC 2020 /home/travis/build/icyphy/ptII/ptolemy/actor/lib/test/auto/ArrayAppend4.xml
----------------- Instantiating /home/travis/build/icyphy/ptII/ptolemy/actor/lib/test/auto/ArrayAppend4.xml
3 ms. Memory: 294912K Free: 125676K (43%)
----------------- Invoking toplevel() on ptolemy.moml.MoMLSimpleApplication@715421be
----------------- Done invoking toplevel() on ptolemy.moml.MoMLSimpleApplication@715421be
reloadAllAccessors: .ArrayAppend4

===========================================================================================
----------------- testing Fri Jul 17 15:09:04 UTC 2020 /home/travis/build/icyphy/ptII/ptolemy/actor/lib/test/auto/ArrayAppend5.xml
----------------- Instantiating /home/travis/build/icyphy/ptII/ptolemy/actor/lib/test/auto/ArrayAppend5.xml
4 ms. Memory: 294912K Free: 120556K (41%)
----------------- Invoking toplevel() on ptolemy.moml.MoMLSimpleApplication@36ae3275
----------------- Done invoking toplevel() on ptolemy.moml.MoMLSimpleApplication@36ae3275
reloadAllAccessors: .ArrayAppend5

===========================================================================================
----------------- testing Fri Jul 17 15:09:04 UTC 2020 /home/travis/build/icyphy/ptII/ptolemy/actor/lib/test/auto/ArrayAppend6.xml
----------------- Instantiating /home/travis/build/icyphy/ptII/ptolemy/actor/lib/test/auto/ArrayAppend6.xml
3 ms. Memory: 294912K Free: 115436K (39%)
----------------- Invoking toplevel() on ptolemy.moml.MoMLSimpleApplication@7c5a2b15
----------------- Done invoking toplevel() on ptolemy.moml.MoMLSimpleApplication@7c5a2b15
reloadAllAccessors: .ArrayAppend6

===========================================================================================
----------------- testing Fri Jul 17 15:09:04 UTC 2020 /home/travis/build/icyphy/ptII/ptolemy/actor/lib/test/auto/ArrayAppendPerformanceTest.xml
----------------- Instantiating /home/travis/build/icyphy/ptII/ptolemy/actor/lib/test/auto/ArrayAppendPerformanceTest.xml
40 ms. Memory: 294912K Free: 105196K (36%)
----------------- Invoking toplevel() on ptolemy.moml.MoMLSimpleApplication@58e29967
----------------- Done invoking toplevel() on ptolemy.moml.MoMLSimpleApplication@58e29967
reloadAllAccessors: .ArrayAppendPerformanceTest

===========================================================================================
----------------- testing Fri Jul 17 15:09:04 UTC 2020 /home/travis/build/icyphy/ptII/ptolemy/actor/lib/test/auto/ArrayAppendWithEmptyInput.xml
----------------- Instantiating /home/travis/build/icyphy/ptII/ptolemy/actor/lib/test/auto/ArrayAppendWithEmptyInput.xml
14 ms. Memory: 294912K Free: 97004K (33%)
----------------- Invoking toplevel() on ptolemy.moml.MoMLSimpleApplication@5ae33d06
----------------- Done invoking toplevel() on ptolemy.moml.MoMLSimpleApplication@5ae33d06
reloadAllAccessors: .ArrayAppendWithEmptyInput

===========================================================================================
----------------- testing Fri Jul 17 15:09:04 UTC 2020 /home/travis/build/icyphy/ptII/ptolemy/actor/lib/test/auto/ArrayAverage.xml
----------------- Instantiating /home/travis/build/icyphy/ptII/ptolemy/actor/lib/test/auto/ArrayAverage.xml
4 ms. Memory: 294912K Free: 245590K (83%)
----------------- Invoking toplevel() on ptolemy.moml.MoMLSimpleApplication@3aea018e
----------------- Done invoking toplevel() on ptolemy.moml.MoMLSimpleApplication@3aea018e
reloadAllAccessors: .ArrayAverage

===========================================================================================
----------------- testing Fri Jul 17 15:09:04 UTC 2020 /home/travis/build/icyphy/ptII/ptolemy/actor/lib/test/auto/ArrayContains.xml
----------------- Instantiating /home/travis/build/icyphy/ptII/ptolemy/actor/lib/test/auto/ArrayContains.xml
13 ms. Memory: 294912K Free: 239446K (81%)
----------------- Invoking toplevel() on ptolemy.moml.MoMLSimpleApplication@1a3b446
----------------- Done invoking toplevel() on ptolemy.moml.MoMLSimpleApplication@1a3b446
reloadAllAccessors: .ArrayContains

===========================================================================================
----------------- testing Fri Jul 17 15:09:04 UTC 2020 /home/travis/build/icyphy/ptII/ptolemy/actor/lib/test/auto/ArrayElement.xml
----------------- Instantiating /home/travis/build/icyphy/ptII/ptolemy/actor/lib/test/auto/ArrayElement.xml
13 ms. Memory: 294912K Free: 233816K (79%)
----------------- Invoking toplevel() on ptolemy.moml.MoMLSimpleApplication@10b462d8
----------------- Done invoking toplevel() on ptolemy.moml.MoMLSimpleApplication@10b462d8
reloadAllAccessors: .ArrayElement

===========================================================================================
----------------- testing Fri Jul 17 15:09:04 UTC 2020 /home/travis/build/icyphy/ptII/ptolemy/actor/lib/test/auto/ArrayElementAsMatrix.xml
----------------- Instantiating /home/travis/build/icyphy/ptII/ptolemy/actor/lib/test/auto/ArrayElementAsMatrix.xml
21 ms. Memory: 294912K Free: 223576K (76%)
----------------- Invoking toplevel() on ptolemy.moml.MoMLSimpleApplication@50e9d771
----------------- Done invoking toplevel() on ptolemy.moml.MoMLSimpleApplication@50e9d771
reloadAllAccessors: .ArrayElementAsMatrix

===========================================================================================
----------------- testing Fri Jul 17 15:09:04 UTC 2020 /home/travis/build/icyphy/ptII/ptolemy/actor/lib/test/auto/ArrayElementI.xml
----------------- Instantiating /home/travis/build/icyphy/ptII/ptolemy/actor/lib/test/auto/ArrayElementI.xml
3 ms. Memory: 294912K Free: 218456K (74%)
----------------- Invoking toplevel() on ptolemy.moml.MoMLSimpleApplication@2b65a36f
----------------- Done invoking toplevel() on ptolemy.moml.MoMLSimpleApplication@2b65a36f
reloadAllAccessors: .ArrayElementI

===========================================================================================
----------------- testing Fri Jul 17 15:09:04 UTC 2020 /home/travis/build/icyphy/ptII/ptolemy/actor/lib/test/auto/ArrayExtract.xml
----------------- Instantiating /home/travis/build/icyphy/ptII/ptolemy/actor/lib/test/auto/ArrayExtract.xml
5 ms. Memory: 294912K Free: 209750K (71%)
----------------- Invoking toplevel() on ptolemy.moml.MoMLSimpleApplication@1d11c21b
----------------- Done invoking toplevel() on ptolemy.moml.MoMLSimpleApplication@1d11c21b
reloadAllAccessors: .ArrayExtract

===========================================================================================
----------------- testing Fri Jul 17 15:09:04 UTC 2020 /home/travis/build/icyphy/ptII/ptolemy/actor/lib/test/auto/ArrayExtract2.xml
----------------- Instantiating /home/travis/build/icyphy/ptII/ptolemy/actor/lib/test/auto/ArrayExtract2.xml
8 ms. Memory: 294912K Free: 204616K (69%)
----------------- Invoking toplevel() on ptolemy.moml.MoMLSimpleApplication@5767b33
----------------- Done invoking toplevel() on ptolemy.moml.MoMLSimpleApplication@5767b33
reloadAllAccessors: .ArrayExtract2

===========================================================================================
----------------- testing Fri Jul 17 15:09:05 UTC 2020 /home/travis/build/icyphy/ptII/ptolemy/actor/lib/test/auto/ArrayLength.xml
----------------- Instantiating /home/travis/build/icyphy/ptII/ptolemy/actor/lib/test/auto/ArrayLength.xml
3 ms. Memory: 294912K Free: 200534K (68%)
----------------- Invoking toplevel() on ptolemy.moml.MoMLSimpleApplication@20e8c1fc
----------------- Done invoking toplevel() on ptolemy.moml.MoMLSimpleApplication@20e8c1fc
reloadAllAccessors: .ArrayLength

===========================================================================================
----------------- testing Fri Jul 17 15:09:05 UTC 2020 /home/travis/build/icyphy/ptII/ptolemy/actor/lib/test/auto/ArrayLevelCrossing.xml
----------------- Instantiating /home/travis/build/icyphy/ptII/ptolemy/actor/lib/test/auto/ArrayLevelCrossing.xml
4 ms. Memory: 294912K Free: 192856K (65%)
----------------- Invoking toplevel() on ptolemy.moml.MoMLSimpleApplication@1826d890
----------------- Done invoking toplevel() on ptolemy.moml.MoMLSimpleApplication@1826d890
reloadAllAccessors: .ArrayLevelCrossing

===========================================================================================
----------------- testing Fri Jul 17 15:09:05 UTC 2020 /home/travis/build/icyphy/ptII/ptolemy/actor/lib/test/auto/ArrayLevelCrossing2.xml
----------------- Instantiating /home/travis/build/icyphy/ptII/ptolemy/actor/lib/test/auto/ArrayLevelCrossing2.xml
2 ms. Memory: 294912K Free: 185688K (63%)
----------------- Invoking toplevel() on ptolemy.moml.MoMLSimpleApplication@75238ad6
----------------- Done invoking toplevel() on ptolemy.moml.MoMLSimpleApplication@75238ad6
reloadAllAccessors: .ArrayLevelCrossing2

===========================================================================================
----------------- testing Fri Jul 17 15:09:05 UTC 2020 /home/travis/build/icyphy/ptII/ptolemy/actor/lib/test/auto/ArrayPeakSearch.xml
----------------- Instantiating /home/travis/build/icyphy/ptII/ptolemy/actor/lib/test/auto/ArrayPeakSearch.xml
4 ms. Memory: 294912K Free: 176982K (60%)
----------------- Invoking toplevel() on ptolemy.moml.MoMLSimpleApplication@27daf477
----------------- Done invoking toplevel() on ptolemy.moml.MoMLSimpleApplication@27daf477
reloadAllAccessors: .ArrayPeakSearch

===========================================================================================
----------------- testing Fri Jul 17 15:09:05 UTC 2020 /home/travis/build/icyphy/ptII/ptolemy/actor/lib/test/auto/ArrayPeakSearch2.xml
----------------- Instantiating /home/travis/build/icyphy/ptII/ptolemy/actor/lib/test/auto/ArrayPeakSearch2.xml
7 ms. Memory: 294912K Free: 166232K (56%)
----------------- Invoking toplevel() on ptolemy.moml.MoMLSimpleApplication@3882f2a0
----------------- Done invoking toplevel() on ptolemy.moml.MoMLSimpleApplication@3882f2a0
reloadAllAccessors: .ArrayPeakSearch2

===========================================================================================
----------------- testing Fri Jul 17 15:09:05 UTC 2020 /home/travis/build/icyphy/ptII/ptolemy/actor/lib/test/auto/ArrayPeakSearch3.xml
----------------- Instantiating /home/travis/build/icyphy/ptII/ptolemy/actor/lib/test/auto/ArrayPeakSearch3.xml
3 ms. Memory: 294912K Free: 157526K (53%)
----------------- Invoking toplevel() on ptolemy.moml.MoMLSimpleApplication@5706b83e
----------------- Done invoking toplevel() on ptolemy.moml.MoMLSimpleApplication@5706b83e
reloadAllAccessors: .ArrayPeakSearch3

===========================================================================================
----------------- testing Fri Jul 17 15:09:05 UTC 2020 /home/travis/build/icyphy/ptII/ptolemy/actor/lib/test/auto/ArrayRemoveElement.xml
----------------- Instantiating /home/travis/build/icyphy/ptII/ptolemy/actor/lib/test/auto/ArrayRemoveElement.xml
3 ms. Memory: 294912K Free: 149334K (51%)
----------------- Invoking toplevel() on ptolemy.moml.MoMLSimpleApplication@1e5d0df6
----------------- Done invoking toplevel() on ptolemy.moml.MoMLSimpleApplication@1e5d0df6
reloadAllAccessors: .ArrayRemoveElement

===========================================================================================
----------------- testing Fri Jul 17 15:09:05 UTC 2020 /home/travis/build/icyphy/ptII/ptolemy/actor/lib/test/auto/ArraySort.xml
----------------- Instantiating /home/travis/build/icyphy/ptII/ptolemy/actor/lib/test/auto/ArraySort.xml
6 ms. Memory: 294912K Free: 140632K (48%)
----------------- Invoking toplevel() on ptolemy.moml.MoMLSimpleApplication@70f863ce
----------------- Done invoking toplevel() on ptolemy.moml.MoMLSimpleApplication@70f863ce
reloadAllAccessors: .ArraySort

===========================================================================================
----------------- testing Fri Jul 17 15:09:05 UTC 2020 /home/travis/build/icyphy/ptII/ptolemy/actor/lib/test/auto/ArraySum.xml
----------------- Instantiating /home/travis/build/icyphy/ptII/ptolemy/actor/lib/test/auto/ArraySum.xml
4 ms. Memory: 294912K Free: 135512K (46%)
----------------- Invoking toplevel() on ptolemy.moml.MoMLSimpleApplication@68fde155
----------------- Done invoking toplevel() on ptolemy.moml.MoMLSimpleApplication@68fde155
reloadAllAccessors: .ArraySum

===========================================================================================
----------------- testing Fri Jul 17 15:09:05 UTC 2020 /home/travis/build/icyphy/ptII/ptolemy/actor/lib/test/auto/ArrayToElements.xml
----------------- Instantiating /home/travis/build/icyphy/ptII/ptolemy/actor/lib/test/auto/ArrayToElements.xml
6 ms. Memory: 294912K Free: 129878K (44%)
----------------- Invoking toplevel() on ptolemy.moml.MoMLSimpleApplication@4f0c4acd
----------------- Done invoking toplevel() on ptolemy.moml.MoMLSimpleApplication@4f0c4acd
reloadAllAccessors: .ArrayToElements

===========================================================================================
----------------- testing Fri Jul 17 15:09:05 UTC 2020 /home/travis/build/icyphy/ptII/ptolemy/actor/lib/test/auto/ArrayToMatrix.xml
----------------- Instantiating /home/travis/build/icyphy/ptII/ptolemy/actor/lib/test/auto/ArrayToMatrix.xml
10 ms. Memory: 294912K Free: 116056K (39%)
----------------- Invoking toplevel() on ptolemy.moml.MoMLSimpleApplication@17e42077
----------------- Done invoking toplevel() on ptolemy.moml.MoMLSimpleApplication@17e42077
reloadAllAccessors: .ArrayToMatrix

===========================================================================================
----------------- testing Fri Jul 17 15:09:05 UTC 2020 /home/travis/build/icyphy/ptII/ptolemy/actor/lib/test/auto/ArrayUpdate1.xml
----------------- Instantiating /home/travis/build/icyphy/ptII/ptolemy/actor/lib/test/auto/ArrayUpdate1.xml
4 ms. Memory: 294912K Free: 110936K (38%)
----------------- Invoking toplevel() on ptolemy.moml.MoMLSimpleApplication@7fee7ff1
----------------- Done invoking toplevel() on ptolemy.moml.MoMLSimpleApplication@7fee7ff1
reloadAllAccessors: .ArrayUpdate1

===========================================================================================
----------------- testing Fri Jul 17 15:09:05 UTC 2020 /home/travis/build/icyphy/ptII/ptolemy/actor/lib/test/auto/ArrayUpdate2.xml
----------------- Instantiating /home/travis/build/icyphy/ptII/ptolemy/actor/lib/test/auto/ArrayUpdate2.xml
6 ms. Memory: 294912K Free: 104792K (36%)
----------------- Invoking toplevel() on ptolemy.moml.MoMLSimpleApplication@7daf7600
----------------- Done invoking toplevel() on ptolemy.moml.MoMLSimpleApplication@7daf7600
reloadAllAccessors: .ArrayUpdate2

===========================================================================================
----------------- testing Fri Jul 17 15:09:05 UTC 2020 /home/travis/build/icyphy/ptII/ptolemy/actor/lib/test/auto/ArrayUpdate3.xml
----------------- Instantiating /home/travis/build/icyphy/ptII/ptolemy/actor/lib/test/auto/ArrayUpdate3.xml
6 ms. Memory: 294912K Free: 99672K (34%)
----------------- Invoking toplevel() on ptolemy.moml.MoMLSimpleApplication@5c54e8d1
----------------- Done invoking toplevel() on ptolemy.moml.MoMLSimpleApplication@5c54e8d1
reloadAllAccessors: .ArrayUpdate3

===========================================================================================
----------------- testing Fri Jul 17 15:09:05 UTC 2020 /home/travis/build/icyphy/ptII/ptolemy/actor/lib/test/auto/Assert1.xml
----------------- Instantiating /home/travis/build/icyphy/ptII/ptolemy/actor/lib/test/auto/Assert1.xml
4 ms. Memory: 294912K Free: 95576K (32%)
----------------- Invoking toplevel() on ptolemy.moml.MoMLSimpleApplication@239afe58
----------------- Done invoking toplevel() on ptolemy.moml.MoMLSimpleApplication@239afe58
reloadAllAccessors: .Assert1

===========================================================================================
----------------- testing Fri Jul 17 15:09:05 UTC 2020 /home/travis/build/icyphy/ptII/ptolemy/actor/lib/test/auto/Assert2.xml
----------------- Instantiating /home/travis/build/icyphy/ptII/ptolemy/actor/lib/test/auto/Assert2.xml
1 ms. Memory: 294912K Free: 89942K (30%)
----------------- Invoking toplevel() on ptolemy.moml.MoMLSimpleApplication@4e6728e2
----------------- Done invoking toplevel() on ptolemy.moml.MoMLSimpleApplication@4e6728e2
reloadAllAccessors: .Assert2

===========================================================================================
----------------- testing Fri Jul 17 15:09:05 UTC 2020 /home/travis/build/icyphy/ptII/ptolemy/actor/lib/test/auto/BooleanMultiplexor.xml
----------------- Instantiating /home/travis/build/icyphy/ptII/ptolemy/actor/lib/test/auto/BooleanMultiplexor.xml
8 ms. Memory: 294912K Free: 84816K (29%)
----------------- Invoking toplevel() on ptolemy.moml.MoMLSimpleApplication@35c4442a
----------------- Done invoking toplevel() on ptolemy.moml.MoMLSimpleApplication@35c4442a
reloadAllAccessors: .BooleanMultiplexor

===========================================================================================
----------------- testing Fri Jul 17 15:09:05 UTC 2020 /home/travis/build/icyphy/ptII/ptolemy/actor/lib/test/auto/BooleanMultiplexor2.xml
----------------- Instantiating /home/travis/build/icyphy/ptII/ptolemy/actor/lib/test/auto/BooleanMultiplexor2.xml
4 ms. Memory: 294912K Free: 78168K (27%)
----------------- Invoking toplevel() on ptolemy.moml.MoMLSimpleApplication@4ceda146
----------------- Done invoking toplevel() on ptolemy.moml.MoMLSimpleApplication@4ceda146
reloadAllAccessors: .BooleanMultiplexor2

===========================================================================================
----------------- testing Fri Jul 17 15:09:05 UTC 2020 /home/travis/build/icyphy/ptII/ptolemy/actor/lib/test/auto/BooleanMultiplexor3.xml
----------------- Instantiating /home/travis/build/icyphy/ptII/ptolemy/actor/lib/test/auto/BooleanMultiplexor3.xml
2 ms. Memory: 294912K Free: 74582K (25%)
----------------- Invoking toplevel() on ptolemy.moml.MoMLSimpleApplication@4f122921
----------------- Done invoking toplevel() on ptolemy.moml.MoMLSimpleApplication@4f122921
reloadAllAccessors: .BooleanMultiplexor3

===========================================================================================
----------------- testing Fri Jul 17 15:09:05 UTC 2020 /home/travis/build/icyphy/ptII/ptolemy/actor/lib/test/auto/BooleanSelect.xml
----------------- Instantiating /home/travis/build/icyphy/ptII/ptolemy/actor/lib/test/auto/BooleanSelect.xml
9 ms. Memory: 294912K Free: 243067K (82%)
----------------- Invoking toplevel() on ptolemy.moml.MoMLSimpleApplication@382cac3a
----------------- Done invoking toplevel() on ptolemy.moml.MoMLSimpleApplication@382cac3a
reloadAllAccessors: .BooleanSelect

===========================================================================================
----------------- testing Fri Jul 17 15:09:05 UTC 2020 /home/travis/build/icyphy/ptII/ptolemy/actor/lib/test/auto/BooleanSelect2.xml
----------------- Instantiating /home/travis/build/icyphy/ptII/ptolemy/actor/lib/test/auto/BooleanSelect2.xml
2 ms. Memory: 294912K Free: 238475K (81%)
----------------- Invoking toplevel() on ptolemy.moml.MoMLSimpleApplication@1ec0e631
----------------- Done invoking toplevel() on ptolemy.moml.MoMLSimpleApplication@1ec0e631
reloadAllAccessors: .BooleanSelect2

===========================================================================================
----------------- testing Fri Jul 17 15:09:05 UTC 2020 /home/travis/build/icyphy/ptII/ptolemy/actor/lib/test/auto/BooleanSwitch.xml
----------------- Instantiating /home/travis/build/icyphy/ptII/ptolemy/actor/lib/test/auto/BooleanSwitch.xml
2 ms. Memory: 294912K Free: 231817K (79%)
----------------- Invoking toplevel() on ptolemy.moml.MoMLSimpleApplication@7c81322a
----------------- Done invoking toplevel() on ptolemy.moml.MoMLSimpleApplication@7c81322a
reloadAllAccessors: .BooleanSwitch

===========================================================================================
----------------- testing Fri Jul 17 15:09:05 UTC 2020 /home/travis/build/icyphy/ptII/ptolemy/actor/lib/test/auto/BooleanSwitch2.xml
----------------- Instantiating /home/travis/build/icyphy/ptII/ptolemy/actor/lib/test/auto/BooleanSwitch2.xml
1 ms. Memory: 294912K Free: 227721K (77%)
----------------- Invoking toplevel() on ptolemy.moml.MoMLSimpleApplication@4110046b
----------------- Done invoking toplevel() on ptolemy.moml.MoMLSimpleApplication@4110046b
reloadAllAccessors: .BooleanSwitch2

===========================================================================================
----------------- testing Fri Jul 17 15:09:05 UTC 2020 /home/travis/build/icyphy/ptII/ptolemy/actor/lib/test/auto/BooleanSwitchCloningBugWithClassRelationGroup.xml
----------------- Instantiating /home/travis/build/icyphy/ptII/ptolemy/actor/lib/test/auto/BooleanSwitchCloningBugWithClassRelationGroup.xml
4 ms. Memory: 294912K Free: 221067K (75%)
----------------- Invoking toplevel() on ptolemy.moml.MoMLSimpleApplication@ef4dbb0
----------------- Done invoking toplevel() on ptolemy.moml.MoMLSimpleApplication@ef4dbb0
reloadAllAccessors: .BooleanSwitchCloningBugWithClassRelationGroup

===========================================================================================
----------------- testing Fri Jul 17 15:09:05 UTC 2020 /home/travis/build/icyphy/ptII/ptolemy/actor/lib/test/auto/BusActors.xml
----------------- Instantiating /home/travis/build/icyphy/ptII/ptolemy/actor/lib/test/auto/BusActors.xml
7 ms. Memory: 294912K Free: 213385K (72%)
----------------- Invoking toplevel() on ptolemy.moml.MoMLSimpleApplication@4c4cc5ec
----------------- Done invoking toplevel() on ptolemy.moml.MoMLSimpleApplication@4c4cc5ec
reloadAllAccessors: .BusActors

===========================================================================================
----------------- testing Fri Jul 17 15:09:05 UTC 2020 /home/travis/build/icyphy/ptII/ptolemy/actor/lib/test/auto/ClassWrapper.xml
----------------- Instantiating /home/travis/build/icyphy/ptII/ptolemy/actor/lib/test/auto/ClassWrapper.xml
2 ms. Memory: 294912K Free: 208779K (71%)
----------------- Invoking toplevel() on ptolemy.moml.MoMLSimpleApplication@b79f36e
----------------- Done invoking toplevel() on ptolemy.moml.MoMLSimpleApplication@b79f36e
reloadAllAccessors: .ClassWrapper

===========================================================================================
----------------- testing Fri Jul 17 15:09:05 UTC 2020 /home/travis/build/icyphy/ptII/ptolemy/actor/lib/test/auto/Clock.xml
----------------- Instantiating /home/travis/build/icyphy/ptII/ptolemy/actor/lib/test/auto/Clock.xml
3 ms. Memory: 294912K Free: 205193K (70%)
----------------- Invoking toplevel() on ptolemy.moml.MoMLSimpleApplication@3c326718
----------------- Done invoking toplevel() on ptolemy.moml.MoMLSimpleApplication@3c326718
reloadAllAccessors: .Clock

===========================================================================================
----------------- testing Fri Jul 17 15:09:05 UTC 2020 /home/travis/build/icyphy/ptII/ptolemy/actor/lib/test/auto/Clock10.xml
----------------- Instantiating /home/travis/build/icyphy/ptII/ptolemy/actor/lib/test/auto/Clock10.xml
4 ms. Memory: 294912K Free: 199049K (67%)
----------------- Invoking toplevel() on ptolemy.moml.MoMLSimpleApplication@429e455
----------------- Done invoking toplevel() on ptolemy.moml.MoMLSimpleApplication@429e455
reloadAllAccessors: .Clock10

===========================================================================================
----------------- testing Fri Jul 17 15:09:05 UTC 2020 /home/travis/build/icyphy/ptII/ptolemy/actor/lib/test/auto/Clock11.xml
----------------- Instantiating /home/travis/build/icyphy/ptII/ptolemy/actor/lib/test/auto/Clock11.xml
3 ms. Memory: 294912K Free: 193419K (66%)
----------------- Invoking toplevel() on ptolemy.moml.MoMLSimpleApplication@34d7773
----------------- Done invoking toplevel() on ptolemy.moml.MoMLSimpleApplication@34d7773
reloadAllAccessors: .Clock11

===========================================================================================
----------------- testing Fri Jul 17 15:09:05 UTC 2020 /home/travis/build/icyphy/ptII/ptolemy/actor/lib/test/auto/Clock12.xml
----------------- Instantiating /home/travis/build/icyphy/ptII/ptolemy/actor/lib/test/auto/Clock12.xml
4 ms. Memory: 294912K Free: 187275K (64%)
----------------- Invoking toplevel() on ptolemy.moml.MoMLSimpleApplication@3020fe3f
----------------- Done invoking toplevel() on ptolemy.moml.MoMLSimpleApplication@3020fe3f
reloadAllAccessors: .Clock12

===========================================================================================
----------------- testing Fri Jul 17 15:09:05 UTC 2020 /home/travis/build/icyphy/ptII/ptolemy/actor/lib/test/auto/Clock13.xml
----------------- Instantiating /home/travis/build/icyphy/ptII/ptolemy/actor/lib/test/auto/Clock13.xml
6 ms. Memory: 294912K Free: 181635K (62%)
----------------- Invoking toplevel() on ptolemy.moml.MoMLSimpleApplication@3343a7ad
----------------- Done invoking toplevel() on ptolemy.moml.MoMLSimpleApplication@3343a7ad
reloadAllAccessors: .Clock13

===========================================================================================
----------------- testing Fri Jul 17 15:09:05 UTC 2020 /home/travis/build/icyphy/ptII/ptolemy/actor/lib/test/auto/Clock14.xml
----------------- Instantiating /home/travis/build/icyphy/ptII/ptolemy/actor/lib/test/auto/Clock14.xml
4 ms. Memory: 294912K Free: 175491K (60%)
----------------- Invoking toplevel() on ptolemy.moml.MoMLSimpleApplication@6ce8e075
----------------- Done invoking toplevel() on ptolemy.moml.MoMLSimpleApplication@6ce8e075
reloadAllAccessors: .Clock14

===========================================================================================
----------------- testing Fri Jul 17 15:09:05 UTC 2020 /home/travis/build/icyphy/ptII/ptolemy/actor/lib/test/auto/Clock15.xml
----------------- Instantiating /home/travis/build/icyphy/ptII/ptolemy/actor/lib/test/auto/Clock15.xml
4 ms. Memory: 294912K Free: 169867K (58%)
----------------- Invoking toplevel() on ptolemy.moml.MoMLSimpleApplication@c66d7cc
----------------- Done invoking toplevel() on ptolemy.moml.MoMLSimpleApplication@c66d7cc
reloadAllAccessors: .Clock15

===========================================================================================
----------------- testing Fri Jul 17 15:09:05 UTC 2020 /home/travis/build/icyphy/ptII/ptolemy/actor/lib/test/auto/Clock16.xml
----------------- Instantiating /home/travis/build/icyphy/ptII/ptolemy/actor/lib/test/auto/Clock16.xml
23 ms. Memory: 294912K Free: 155011K (53%)
----------------- Invoking toplevel() on ptolemy.moml.MoMLSimpleApplication@6fe57589
----------------- Done invoking toplevel() on ptolemy.moml.MoMLSimpleApplication@6fe57589
reloadAllAccessors: .Clock16

===========================================================================================
----------------- testing Fri Jul 17 15:09:05 UTC 2020 /home/travis/build/icyphy/ptII/ptolemy/actor/lib/test/auto/Clock17.xml
----------------- Instantiating /home/travis/build/icyphy/ptII/ptolemy/actor/lib/test/auto/Clock17.xml
22 ms. Memory: 294912K Free: 140667K (48%)
----------------- Invoking toplevel() on ptolemy.moml.MoMLSimpleApplication@6725689d
----------------- Done invoking toplevel() on ptolemy.moml.MoMLSimpleApplication@6725689d
reloadAllAccessors: .Clock17

===========================================================================================
----------------- testing Fri Jul 17 15:09:06 UTC 2020 /home/travis/build/icyphy/ptII/ptolemy/actor/lib/test/auto/Clock18.xml
----------------- Instantiating /home/travis/build/icyphy/ptII/ptolemy/actor/lib/test/auto/Clock18.xml
22 ms. Memory: 294912K Free: 127883K (43%)
----------------- Invoking toplevel() on ptolemy.moml.MoMLSimpleApplication@1255c167
----------------- Done invoking toplevel() on ptolemy.moml.MoMLSimpleApplication@1255c167
reloadAllAccessors: .Clock18

===========================================================================================
----------------- testing Fri Jul 17 15:09:06 UTC 2020 /home/travis/build/icyphy/ptII/ptolemy/actor/lib/test/auto/Clock19.xml
----------------- Instantiating /home/travis/build/icyphy/ptII/ptolemy/actor/lib/test/auto/Clock19.xml
12 ms. Memory: 294912K Free: 114051K (39%)
----------------- Invoking toplevel() on ptolemy.moml.MoMLSimpleApplication@37ae3036
----------------- Done invoking toplevel() on ptolemy.moml.MoMLSimpleApplication@37ae3036
reloadAllAccessors: .Clock19

===========================================================================================
----------------- testing Fri Jul 17 15:09:06 UTC 2020 /home/travis/build/icyphy/ptII/ptolemy/actor/lib/test/auto/Clock2.xml
----------------- Instantiating /home/travis/build/icyphy/ptII/ptolemy/actor/lib/test/auto/Clock2.xml
6 ms. Memory: 294912K Free: 109931K (37%)
----------------- Invoking toplevel() on ptolemy.moml.MoMLSimpleApplication@60623a68
----------------- Done invoking toplevel() on ptolemy.moml.MoMLSimpleApplication@60623a68
reloadAllAccessors: .Clock2

===========================================================================================
----------------- testing Fri Jul 17 15:09:06 UTC 2020 /home/travis/build/icyphy/ptII/ptolemy/actor/lib/test/auto/Clock20.xml
----------------- Instantiating /home/travis/build/icyphy/ptII/ptolemy/actor/lib/test/auto/Clock20.xml
8 ms. Memory: 294912K Free: 104331K (35%)
----------------- Invoking toplevel() on ptolemy.moml.MoMLSimpleApplication@15619187
----------------- Done invoking toplevel() on ptolemy.moml.MoMLSimpleApplication@15619187
reloadAllAccessors: .Clock20

===========================================================================================
----------------- testing Fri Jul 17 15:09:06 UTC 2020 /home/travis/build/icyphy/ptII/ptolemy/actor/lib/test/auto/Clock21.xml
----------------- Instantiating /home/travis/build/icyphy/ptII/ptolemy/actor/lib/test/auto/Clock21.xml
4 ms. Memory: 294912K Free: 99211K (34%)
----------------- Invoking toplevel() on ptolemy.moml.MoMLSimpleApplication@5d4b9bf
----------------- Done invoking toplevel() on ptolemy.moml.MoMLSimpleApplication@5d4b9bf
reloadAllAccessors: .Clock21

===========================================================================================
----------------- testing Fri Jul 17 15:09:06 UTC 2020 /home/travis/build/icyphy/ptII/ptolemy/actor/lib/test/auto/Clock22.xml
----------------- Instantiating /home/travis/build/icyphy/ptII/ptolemy/actor/lib/test/auto/Clock22.xml
6 ms. Memory: 294912K Free: 93577K (32%)
----------------- Invoking toplevel() on ptolemy.moml.MoMLSimpleApplication@12c3b2d9
----------------- Done invoking toplevel() on ptolemy.moml.MoMLSimpleApplication@12c3b2d9
reloadAllAccessors: .Clock22

===========================================================================================
----------------- testing Fri Jul 17 15:09:06 UTC 2020 /home/travis/build/icyphy/ptII/ptolemy/actor/lib/test/auto/Clock23.xml
----------------- Instantiating /home/travis/build/icyphy/ptII/ptolemy/actor/lib/test/auto/Clock23.xml
5 ms. Memory: 294912K Free: 87947K (30%)
----------------- Invoking toplevel() on ptolemy.moml.MoMLSimpleApplication@59cad7e8
----------------- Done invoking toplevel() on ptolemy.moml.MoMLSimpleApplication@59cad7e8
reloadAllAccessors: .Clock23

===========================================================================================
----------------- testing Fri Jul 17 15:09:06 UTC 2020 /home/travis/build/icyphy/ptII/ptolemy/actor/lib/test/auto/Clock24.xml
----------------- Instantiating /home/travis/build/icyphy/ptII/ptolemy/actor/lib/test/auto/Clock24.xml
4 ms. Memory: 294912K Free: 82827K (28%)
----------------- Invoking toplevel() on ptolemy.moml.MoMLSimpleApplication@2da5e99
----------------- Done invoking toplevel() on ptolemy.moml.MoMLSimpleApplication@2da5e99
reloadAllAccessors: .Clock24

===========================================================================================
----------------- testing Fri Jul 17 15:09:06 UTC 2020 /home/travis/build/icyphy/ptII/ptolemy/actor/lib/test/auto/Clock4.xml
----------------- Instantiating /home/travis/build/icyphy/ptII/ptolemy/actor/lib/test/auto/Clock4.xml
1 ms. Memory: 294912K Free: 77707K (26%)
----------------- Invoking toplevel() on ptolemy.moml.MoMLSimpleApplication@653b12af
----------------- Done invoking toplevel() on ptolemy.moml.MoMLSimpleApplication@653b12af
reloadAllAccessors: .Clock4

===========================================================================================
----------------- testing Fri Jul 17 15:09:06 UTC 2020 /home/travis/build/icyphy/ptII/ptolemy/actor/lib/test/auto/Clock5.xml
----------------- Instantiating /home/travis/build/icyphy/ptII/ptolemy/actor/lib/test/auto/Clock5.xml
1 ms. Memory: 294912K Free: 72587K (25%)
----------------- Invoking toplevel() on ptolemy.moml.MoMLSimpleApplication@5f796b00
----------------- Done invoking toplevel() on ptolemy.moml.MoMLSimpleApplication@5f796b00
reloadAllAccessors: .Clock5

===========================================================================================
----------------- testing Fri Jul 17 15:09:06 UTC 2020 /home/travis/build/icyphy/ptII/ptolemy/actor/lib/test/auto/Clock6.xml
----------------- Instantiating /home/travis/build/icyphy/ptII/ptolemy/actor/lib/test/auto/Clock6.xml
2 ms. Memory: 294912K Free: 242518K (82%)
----------------- Invoking toplevel() on ptolemy.moml.MoMLSimpleApplication@2d955444
----------------- Done invoking toplevel() on ptolemy.moml.MoMLSimpleApplication@2d955444
reloadAllAccessors: .Clock6

===========================================================================================
----------------- testing Fri Jul 17 15:09:06 UTC 2020 /home/travis/build/icyphy/ptII/ptolemy/actor/lib/test/auto/Clock7.xml
----------------- Instantiating /home/travis/build/icyphy/ptII/ptolemy/actor/lib/test/auto/Clock7.xml
2 ms. Memory: 294912K Free: 237398K (80%)
----------------- Invoking toplevel() on ptolemy.moml.MoMLSimpleApplication@2a3e23db
----------------- Done invoking toplevel() on ptolemy.moml.MoMLSimpleApplication@2a3e23db
reloadAllAccessors: .Clock7

===========================================================================================
----------------- testing Fri Jul 17 15:09:06 UTC 2020 /home/travis/build/icyphy/ptII/ptolemy/actor/lib/test/auto/Clock8.xml
----------------- Instantiating /home/travis/build/icyphy/ptII/ptolemy/actor/lib/test/auto/Clock8.xml
4 ms. Memory: 294912K Free: 232248K (79%)
----------------- Invoking toplevel() on ptolemy.moml.MoMLSimpleApplication@6b865e91
----------------- Done invoking toplevel() on ptolemy.moml.MoMLSimpleApplication@6b865e91
reloadAllAccessors: .Clock8

===========================================================================================
----------------- testing Fri Jul 17 15:09:06 UTC 2020 /home/travis/build/icyphy/ptII/ptolemy/actor/lib/test/auto/Clock9.xml
----------------- Instantiating /home/travis/build/icyphy/ptII/ptolemy/actor/lib/test/auto/Clock9.xml
5 ms. Memory: 294912K Free: 226648K (77%)
----------------- Invoking toplevel() on ptolemy.moml.MoMLSimpleApplication@322157d0
----------------- Done invoking toplevel() on ptolemy.moml.MoMLSimpleApplication@322157d0
reloadAllAccessors: .Clock9

===========================================================================================
----------------- testing Fri Jul 17 15:09:06 UTC 2020 /home/travis/build/icyphy/ptII/ptolemy/actor/lib/test/auto/CommDistDiscard.xml
----------------- Instantiating /home/travis/build/icyphy/ptII/ptolemy/actor/lib/test/auto/CommDistDiscard.xml
3 ms. Memory: 294912K Free: 221528K (75%)
----------------- Invoking toplevel() on ptolemy.moml.MoMLSimpleApplication@306c3c5f
----------------- Done invoking toplevel() on ptolemy.moml.MoMLSimpleApplication@306c3c5f
reloadAllAccessors: .CommDistDiscard

===========================================================================================
----------------- testing Fri Jul 17 15:09:06 UTC 2020 /home/travis/build/icyphy/ptII/ptolemy/actor/lib/test/auto/Commutator.xml
----------------- Instantiating /home/travis/build/icyphy/ptII/ptolemy/actor/lib/test/auto/Commutator.xml
1 ms. Memory: 294912K Free: 216918K (74%)
----------------- Invoking toplevel() on ptolemy.moml.MoMLSimpleApplication@5f5f6b1b
----------------- Done invoking toplevel() on ptolemy.moml.MoMLSimpleApplication@5f5f6b1b
reloadAllAccessors: .Commutator

===========================================================================================
----------------- testing Fri Jul 17 15:09:06 UTC 2020 /home/travis/build/icyphy/ptII/ptolemy/actor/lib/test/auto/Commutator2.xml
----------------- Instantiating /home/travis/build/icyphy/ptII/ptolemy/actor/lib/test/auto/Commutator2.xml
2 ms. Memory: 294912K Free: 212312K (72%)
----------------- Invoking toplevel() on ptolemy.moml.MoMLSimpleApplication@5ff57e8c
----------------- Done invoking toplevel() on ptolemy.moml.MoMLSimpleApplication@5ff57e8c
reloadAllAccessors: .Commutator2

===========================================================================================
----------------- testing Fri Jul 17 15:09:06 UTC 2020 /home/travis/build/icyphy/ptII/ptolemy/actor/lib/test/auto/Commutator3.xml
----------------- Instantiating /home/travis/build/icyphy/ptII/ptolemy/actor/lib/test/auto/Commutator3.xml
1 ms. Memory: 294912K Free: 208216K (71%)
----------------- Invoking toplevel() on ptolemy.moml.MoMLSimpleApplication@7789af82
----------------- Done invoking toplevel() on ptolemy.moml.MoMLSimpleApplication@7789af82
reloadAllAccessors: .Commutator3

===========================================================================================
----------------- testing Fri Jul 17 15:09:06 UTC 2020 /home/travis/build/icyphy/ptII/ptolemy/actor/lib/test/auto/Compare.xml
----------------- Instantiating /home/travis/build/icyphy/ptII/ptolemy/actor/lib/test/auto/Compare.xml
2 ms. Memory: 294912K Free: 201558K (68%)
----------------- Invoking toplevel() on ptolemy.moml.MoMLSimpleApplication@2e03750d
----------------- Done invoking toplevel() on ptolemy.moml.MoMLSimpleApplication@2e03750d
reloadAllAccessors: .Compare

===========================================================================================
----------------- testing Fri Jul 17 15:09:06 UTC 2020 /home/travis/build/icyphy/ptII/ptolemy/actor/lib/test/auto/CompareDE.xml
----------------- Instantiating /home/travis/build/icyphy/ptII/ptolemy/actor/lib/test/auto/CompareDE.xml
3 ms. Memory: 294912K Free: 194904K (66%)
----------------- Invoking toplevel() on ptolemy.moml.MoMLSimpleApplication@cb33082
----------------- Done invoking toplevel() on ptolemy.moml.MoMLSimpleApplication@cb33082
reloadAllAccessors: .CompareDE

===========================================================================================
----------------- testing Fri Jul 17 15:09:06 UTC 2020 /home/travis/build/icyphy/ptII/ptolemy/actor/lib/test/auto/ComplexDivide.xml
----------------- Instantiating /home/travis/build/icyphy/ptII/ptolemy/actor/lib/test/auto/ComplexDivide.xml
1 ms. Memory: 294912K Free: 190808K (65%)
----------------- Invoking toplevel() on ptolemy.moml.MoMLSimpleApplication@6655593e
----------------- Done invoking toplevel() on ptolemy.moml.MoMLSimpleApplication@6655593e
reloadAllAccessors: .ComplexDivide

===========================================================================================
----------------- testing Fri Jul 17 15:09:06 UTC 2020 /home/travis/build/icyphy/ptII/ptolemy/actor/lib/test/auto/ComputeHistogram.xml
----------------- Instantiating /home/travis/build/icyphy/ptII/ptolemy/actor/lib/test/auto/ComputeHistogram.xml
30 ms. Memory: 294912K Free: 178006K (60%)
----------------- Invoking toplevel() on ptolemy.moml.MoMLSimpleApplication@44db1bb9
----------------- Done invoking toplevel() on ptolemy.moml.MoMLSimpleApplication@44db1bb9
reloadAllAccessors: .ComputeHistogram

===========================================================================================
----------------- testing Fri Jul 17 15:09:06 UTC 2020 /home/travis/build/icyphy/ptII/ptolemy/actor/lib/test/auto/ConfigurationSelect.xml
----------------- Instantiating /home/travis/build/icyphy/ptII/ptolemy/actor/lib/test/auto/ConfigurationSelect.xml
8 ms. Memory: 294912K Free: 172856K (59%)
----------------- Invoking toplevel() on ptolemy.moml.MoMLSimpleApplication@6de45ecf
----------------- Done invoking toplevel() on ptolemy.moml.MoMLSimpleApplication@6de45ecf
reloadAllAccessors: .ConfigurationSelect

===========================================================================================
----------------- testing Fri Jul 17 15:09:06 UTC 2020 /home/travis/build/icyphy/ptII/ptolemy/actor/lib/test/auto/ConfigurationSelect2.xml
----------------- Instantiating /home/travis/build/icyphy/ptII/ptolemy/actor/lib/test/auto/ConfigurationSelect2.xml
2 ms. Memory: 294912K Free: 168280K (57%)
----------------- Invoking toplevel() on ptolemy.moml.MoMLSimpleApplication@2b1d525f
----------------- Done invoking toplevel() on ptolemy.moml.MoMLSimpleApplication@2b1d525f
reloadAllAccessors: .ConfigurationSelect2

===========================================================================================
----------------- testing Fri Jul 17 15:09:06 UTC 2020 /home/travis/build/icyphy/ptII/ptolemy/actor/lib/test/auto/ConfigurationSwitch.xml
----------------- Instantiating /home/travis/build/icyphy/ptII/ptolemy/actor/lib/test/auto/ConfigurationSwitch.xml
2 ms. Memory: 294912K Free: 162646K (55%)
----------------- Invoking toplevel() on ptolemy.moml.MoMLSimpleApplication@17ccde55
----------------- Done invoking toplevel() on ptolemy.moml.MoMLSimpleApplication@17ccde55
reloadAllAccessors: .ConfigurationSwitch

===========================================================================================
----------------- testing Fri Jul 17 15:09:06 UTC 2020 /home/travis/build/icyphy/ptII/ptolemy/actor/lib/test/auto/ConfigurationSwitch2.xml
----------------- Instantiating /home/travis/build/icyphy/ptII/ptolemy/actor/lib/test/auto/ConfigurationSwitch2.xml
4 ms. Memory: 294912K Free: 157016K (53%)
----------------- Invoking toplevel() on ptolemy.moml.MoMLSimpleApplication@403b3680
----------------- Done invoking toplevel() on ptolemy.moml.MoMLSimpleApplication@403b3680
reloadAllAccessors: .ConfigurationSwitch2

===========================================================================================
----------------- testing Fri Jul 17 15:09:06 UTC 2020 /home/travis/build/icyphy/ptII/ptolemy/actor/lib/test/auto/ConfigurationSwitchCloningBugWithClassRelationGroup.xml
----------------- Instantiating /home/travis/build/icyphy/ptII/ptolemy/actor/lib/test/auto/ConfigurationSwitchCloningBugWithClassRelationGroup.xml
1 ms. Memory: 294912K Free: 150358K (51%)
----------------- Invoking toplevel() on ptolemy.moml.MoMLSimpleApplication@4a2ea52
----------------- Done invoking toplevel() on ptolemy.moml.MoMLSimpleApplication@4a2ea52
reloadAllAccessors: .ConfigurationSwitchCloningBugWithClassRelationGroup

===========================================================================================
----------------- testing Fri Jul 17 15:09:06 UTC 2020 /home/travis/build/icyphy/ptII/ptolemy/actor/lib/test/auto/ConfigurationSwitchSelectSDF.xml
----------------- Instantiating /home/travis/build/icyphy/ptII/ptolemy/actor/lib/test/auto/ConfigurationSwitchSelectSDF.xml
3 ms. Memory: 294912K Free: 145238K (49%)
----------------- Invoking toplevel() on ptolemy.moml.MoMLSimpleApplication@18b2d76f
----------------- Done invoking toplevel() on ptolemy.moml.MoMLSimpleApplication@18b2d76f
reloadAllAccessors: .ConfigurationSwitchSelectSDF

===========================================================================================
----------------- testing Fri Jul 17 15:09:06 UTC 2020 /home/travis/build/icyphy/ptII/ptolemy/actor/lib/test/auto/ConfigurationSwitchSelectSDF2.xml
----------------- Instantiating /home/travis/build/icyphy/ptII/ptolemy/actor/lib/test/auto/ConfigurationSwitchSelectSDF2.xml
2 ms. Memory: 294912K Free: 139094K (47%)
----------------- Invoking toplevel() on ptolemy.moml.MoMLSimpleApplication@1f98b24c
----------------- Done invoking toplevel() on ptolemy.moml.MoMLSimpleApplication@1f98b24c
reloadAllAccessors: .ConfigurationSwitchSelectSDF2

===========================================================================================
----------------- testing Fri Jul 17 15:09:06 UTC 2020 /home/travis/build/icyphy/ptII/ptolemy/actor/lib/test/auto/Const.xml
----------------- Instantiating /home/travis/build/icyphy/ptII/ptolemy/actor/lib/test/auto/Const.xml
0 ms. Memory: 294912K Free: 135512K (46%)
----------------- Invoking toplevel() on ptolemy.moml.MoMLSimpleApplication@355a5bc5
----------------- Done invoking toplevel() on ptolemy.moml.MoMLSimpleApplication@355a5bc5
reloadAllAccessors: .Const

===========================================================================================
----------------- testing Fri Jul 17 15:09:06 UTC 2020 /home/travis/build/icyphy/ptII/ptolemy/actor/lib/test/auto/Const2.xml
----------------- Instantiating /home/travis/build/icyphy/ptII/ptolemy/actor/lib/test/auto/Const2.xml
1 ms. Memory: 294912K Free: 131926K (45%)
----------------- Invoking toplevel() on ptolemy.moml.MoMLSimpleApplication@78bb4f1d
----------------- Done invoking toplevel() on ptolemy.moml.MoMLSimpleApplication@78bb4f1d
reloadAllAccessors: .Const2

===========================================================================================
----------------- testing Fri Jul 17 15:09:06 UTC 2020 /home/travis/build/icyphy/ptII/ptolemy/actor/lib/test/auto/Const3.xml
----------------- Instantiating /home/travis/build/icyphy/ptII/ptolemy/actor/lib/test/auto/Const3.xml
1 ms. Memory: 294912K Free: 128854K (44%)
----------------- Invoking toplevel() on ptolemy.moml.MoMLSimpleApplication@1d44cfed
----------------- Done invoking toplevel() on ptolemy.moml.MoMLSimpleApplication@1d44cfed
reloadAllAccessors: .Const3

===========================================================================================
----------------- testing Fri Jul 17 15:09:06 UTC 2020 /home/travis/build/icyphy/ptII/ptolemy/actor/lib/test/auto/ConstantPublisherPort1.xml
----------------- Instantiating /home/travis/build/icyphy/ptII/ptolemy/actor/lib/test/auto/ConstantPublisherPort1.xml
6 ms. Memory: 294912K Free: 119638K (41%)
----------------- Invoking toplevel() on ptolemy.moml.MoMLSimpleApplication@71ccdc26
----------------- Done invoking toplevel() on ptolemy.moml.MoMLSimpleApplication@71ccdc26
reloadAllAccessors: .ConstantPublisherPort1

===========================================================================================
----------------- testing Fri Jul 17 15:09:06 UTC 2020 /home/travis/build/icyphy/ptII/ptolemy/actor/lib/test/auto/ConstantPublisherPort2.xml
----------------- Instantiating /home/travis/build/icyphy/ptII/ptolemy/actor/lib/test/auto/ConstantPublisherPort2.xml
8 ms. Memory: 294912K Free: 111960K (38%)
----------------- Invoking toplevel() on ptolemy.moml.MoMLSimpleApplication@4ced8653
----------------- Done invoking toplevel() on ptolemy.moml.MoMLSimpleApplication@4ced8653
reloadAllAccessors: .ConstantPublisherPort2

===========================================================================================
----------------- testing Fri Jul 17 15:09:06 UTC 2020 /home/travis/build/icyphy/ptII/ptolemy/actor/lib/test/auto/ConstantPublisherPort3.xml
----------------- Instantiating /home/travis/build/icyphy/ptII/ptolemy/actor/lib/test/auto/ConstantPublisherPort3.xml
5 ms. Memory: 294912K Free: 104278K (35%)
----------------- Invoking toplevel() on ptolemy.moml.MoMLSimpleApplication@51ebac0e
----------------- Done invoking toplevel() on ptolemy.moml.MoMLSimpleApplication@51ebac0e
reloadAllAccessors: .ConstantPublisherPort3

===========================================================================================
----------------- testing Fri Jul 17 15:09:06 UTC 2020 /home/travis/build/icyphy/ptII/ptolemy/actor/lib/test/auto/ConstantPublisherPort4.xml
----------------- Instantiating /home/travis/build/icyphy/ptII/ptolemy/actor/lib/test/auto/ConstantPublisherPort4.xml
2 ms. Memory: 294912K Free: 97110K (33%)
----------------- Invoking toplevel() on ptolemy.moml.MoMLSimpleApplication@159022b6
----------------- Done invoking toplevel() on ptolemy.moml.MoMLSimpleApplication@159022b6
reloadAllAccessors: .ConstantPublisherPort4

===========================================================================================
----------------- testing Fri Jul 17 15:09:06 UTC 2020 /home/travis/build/icyphy/ptII/ptolemy/actor/lib/test/auto/ConstantPublisherPort5.xml
----------------- Instantiating /home/travis/build/icyphy/ptII/ptolemy/actor/lib/test/auto/ConstantPublisherPort5.xml
30 ms. Memory: 294912K Free: 87894K (30%)
----------------- Invoking toplevel() on ptolemy.moml.MoMLSimpleApplication@739c257f
----------------- Done invoking toplevel() on ptolemy.moml.MoMLSimpleApplication@739c257f
reloadAllAccessors: .ConstantPublisherPort5

===========================================================================================
----------------- testing Fri Jul 17 15:09:06 UTC 2020 /home/travis/build/icyphy/ptII/ptolemy/actor/lib/test/auto/ConstantPublisherPort6.xml
----------------- Instantiating /home/travis/build/icyphy/ptII/ptolemy/actor/lib/test/auto/ConstantPublisherPort6.xml
14 ms. Memory: 294912K Free: 78678K (27%)
----------------- Invoking toplevel() on ptolemy.moml.MoMLSimpleApplication@6bb23d08
----------------- Done invoking toplevel() on ptolemy.moml.MoMLSimpleApplication@6bb23d08
reloadAllAccessors: .ConstantPublisherPort6

===========================================================================================
----------------- testing Fri Jul 17 15:09:06 UTC 2020 /home/travis/build/icyphy/ptII/ptolemy/actor/lib/test/auto/ConstantPublisherPort7.xml
----------------- Instantiating /home/travis/build/icyphy/ptII/ptolemy/actor/lib/test/auto/ConstantPublisherPort7.xml
28 ms. Memory: 294912K Free: 244096K (83%)
----------------- Invoking toplevel() on ptolemy.moml.MoMLSimpleApplication@62258e42
----------------- Done invoking toplevel() on ptolemy.moml.MoMLSimpleApplication@62258e42
reloadAllAccessors: .ConstantPublisherPort7

===========================================================================================
----------------- testing Fri Jul 17 15:09:06 UTC 2020 /home/travis/build/icyphy/ptII/ptolemy/actor/lib/test/auto/ConstraintMonitor1.xml
----------------- Instantiating /home/travis/build/icyphy/ptII/ptolemy/actor/lib/test/auto/ConstraintMonitor1.xml
2 ms. Memory: 294912K Free: 238715K (81%)
----------------- Invoking toplevel() on ptolemy.moml.MoMLSimpleApplication@138c878e
----------------- Done invoking toplevel() on ptolemy.moml.MoMLSimpleApplication@138c878e
reloadAllAccessors: .ConstraintMonitor1

===========================================================================================
----------------- testing Fri Jul 17 15:09:06 UTC 2020 /home/travis/build/icyphy/ptII/ptolemy/actor/lib/test/auto/ConstraintMonitor2.xml
----------------- Instantiating /home/travis/build/icyphy/ptII/ptolemy/actor/lib/test/auto/ConstraintMonitor2.xml
2 ms. Memory: 294912K Free: 234107K (79%)
----------------- Invoking toplevel() on ptolemy.moml.MoMLSimpleApplication@47bafa39
----------------- Done invoking toplevel() on ptolemy.moml.MoMLSimpleApplication@47bafa39
reloadAllAccessors: .ConstraintMonitor2

===========================================================================================
----------------- testing Fri Jul 17 15:09:06 UTC 2020 /home/travis/build/icyphy/ptII/ptolemy/actor/lib/test/auto/ConstraintMonitor3.xml
----------------- Instantiating /home/travis/build/icyphy/ptII/ptolemy/actor/lib/test/auto/ConstraintMonitor3.xml
5 ms. Memory: 294912K Free: 229501K (78%)
----------------- Invoking toplevel() on ptolemy.moml.MoMLSimpleApplication@51101e7f
----------------- Done invoking toplevel() on ptolemy.moml.MoMLSimpleApplication@51101e7f
reloadAllAccessors: .ConstraintMonitor3

===========================================================================================
----------------- testing Fri Jul 17 15:09:06 UTC 2020 /home/travis/build/icyphy/ptII/ptolemy/actor/lib/test/auto/ConstraintMonitor4.xml
----------------- Instantiating /home/travis/build/icyphy/ptII/ptolemy/actor/lib/test/auto/ConstraintMonitor4.xml
4 ms. Memory: 294912K Free: 224381K (76%)
----------------- Invoking toplevel() on ptolemy.moml.MoMLSimpleApplication@79a83b8d
----------------- Done invoking toplevel() on ptolemy.moml.MoMLSimpleApplication@79a83b8d
reloadAllAccessors: .ConstraintMonitor4

===========================================================================================
----------------- testing Fri Jul 17 15:09:06 UTC 2020 /home/travis/build/icyphy/ptII/ptolemy/actor/lib/test/auto/ConstraintMonitor5.xml
----------------- Instantiating /home/travis/build/icyphy/ptII/ptolemy/actor/lib/test/auto/ConstraintMonitor5.xml
4 ms. Memory: 294912K Free: 218747K (74%)
----------------- Invoking toplevel() on ptolemy.moml.MoMLSimpleApplication@31efb477
----------------- Done invoking toplevel() on ptolemy.moml.MoMLSimpleApplication@31efb477
reloadAllAccessors: .ConstraintMonitor5

===========================================================================================
----------------- testing Fri Jul 17 15:09:06 UTC 2020 /home/travis/build/icyphy/ptII/ptolemy/actor/lib/test/auto/ConstraintMonitor6.xml
----------------- Instantiating /home/travis/build/icyphy/ptII/ptolemy/actor/lib/test/auto/ConstraintMonitor6.xml
2 ms. Memory: 294912K Free: 213117K (72%)
----------------- Invoking toplevel() on ptolemy.moml.MoMLSimpleApplication@51fd1da6
----------------- Done invoking toplevel() on ptolemy.moml.MoMLSimpleApplication@51fd1da6
reloadAllAccessors: .ConstraintMonitor6

===========================================================================================
----------------- testing Fri Jul 17 15:09:06 UTC 2020 /home/travis/build/icyphy/ptII/ptolemy/actor/lib/test/auto/ConstraintMonitor7.xml
----------------- Instantiating /home/travis/build/icyphy/ptII/ptolemy/actor/lib/test/auto/ConstraintMonitor7.xml
3 ms. Memory: 294912K Free: 206453K (70%)
----------------- Invoking toplevel() on ptolemy.moml.MoMLSimpleApplication@328c7e1c
----------------- Done invoking toplevel() on ptolemy.moml.MoMLSimpleApplication@328c7e1c
reloadAllAccessors: .ConstraintMonitor7

===========================================================================================
----------------- testing Fri Jul 17 15:09:07 UTC 2020 /home/travis/build/icyphy/ptII/ptolemy/actor/lib/test/auto/ConstraintMonitor8.xml
----------------- Instantiating /home/travis/build/icyphy/ptII/ptolemy/actor/lib/test/auto/ConstraintMonitor8.xml
5 ms. Memory: 294912K Free: 198267K (67%)
----------------- Invoking toplevel() on ptolemy.moml.MoMLSimpleApplication@4f721155
----------------- Done invoking toplevel() on ptolemy.moml.MoMLSimpleApplication@4f721155
reloadAllAccessors: .ConstraintMonitor8

===========================================================================================
----------------- testing Fri Jul 17 15:09:07 UTC 2020 /home/travis/build/icyphy/ptII/ptolemy/actor/lib/test/auto/Counter.xml
----------------- Instantiating /home/travis/build/icyphy/ptII/ptolemy/actor/lib/test/auto/Counter.xml
2 ms. Memory: 294912K Free: 193661K (66%)
----------------- Invoking toplevel() on ptolemy.moml.MoMLSimpleApplication@1354a406
----------------- Done invoking toplevel() on ptolemy.moml.MoMLSimpleApplication@1354a406
reloadAllAccessors: .Counter

===========================================================================================
----------------- testing Fri Jul 17 15:09:07 UTC 2020 /home/travis/build/icyphy/ptII/ptolemy/actor/lib/test/auto/CurrentTimeSDF.xml
----------------- Instantiating /home/travis/build/icyphy/ptII/ptolemy/actor/lib/test/auto/CurrentTimeSDF.xml
1 ms. Memory: 294912K Free: 189565K (64%)
----------------- Invoking toplevel() on ptolemy.moml.MoMLSimpleApplication@258602a2
----------------- Done invoking toplevel() on ptolemy.moml.MoMLSimpleApplication@258602a2
reloadAllAccessors: .CurrentTimeSDF

===========================================================================================
----------------- testing Fri Jul 17 15:09:07 UTC 2020 /home/travis/build/icyphy/ptII/ptolemy/actor/lib/test/auto/DB.xml
----------------- Instantiating /home/travis/build/icyphy/ptII/ptolemy/actor/lib/test/auto/DB.xml
1 ms. Memory: 294912K Free: 184445K (63%)
----------------- Invoking toplevel() on ptolemy.moml.MoMLSimpleApplication@17a813c6
----------------- Done invoking toplevel() on ptolemy.moml.MoMLSimpleApplication@17a813c6
reloadAllAccessors: .DB

===========================================================================================
----------------- testing Fri Jul 17 15:09:07 UTC 2020 /home/travis/build/icyphy/ptII/ptolemy/actor/lib/test/auto/DBDE.xml
----------------- Instantiating /home/travis/build/icyphy/ptII/ptolemy/actor/lib/test/auto/DBDE.xml
3 ms. Memory: 294912K Free: 178805K (61%)
----------------- Invoking toplevel() on ptolemy.moml.MoMLSimpleApplication@25a406e2
----------------- Done invoking toplevel() on ptolemy.moml.MoMLSimpleApplication@25a406e2
reloadAllAccessors: .DBDE

===========================================================================================
----------------- testing Fri Jul 17 15:09:07 UTC 2020 /home/travis/build/icyphy/ptII/ptolemy/actor/lib/test/auto/DateConstructor.xml
----------------- Instantiating /home/travis/build/icyphy/ptII/ptolemy/actor/lib/test/auto/DateConstructor.xml
36 ms. Memory: 294912K Free: 161403K (55%)
----------------- Invoking toplevel() on ptolemy.moml.MoMLSimpleApplication@6d163467
----------------- Done invoking toplevel() on ptolemy.moml.MoMLSimpleApplication@6d163467
reloadAllAccessors: .DateConstructor

===========================================================================================
----------------- testing Fri Jul 17 15:09:07 UTC 2020 /home/travis/build/icyphy/ptII/ptolemy/actor/lib/test/auto/DelayTime.xml
----------------- Instantiating /home/travis/build/icyphy/ptII/ptolemy/actor/lib/test/auto/DelayTime.xml
7 ms. Memory: 294912K Free: 156283K (53%)
----------------- Invoking toplevel() on ptolemy.moml.MoMLSimpleApplication@21f9bc9
----------------- Done invoking toplevel() on ptolemy.moml.MoMLSimpleApplication@21f9bc9
reloadAllAccessors: .DelayTime

===========================================================================================
----------------- testing Fri Jul 17 15:09:07 UTC 2020 /home/travis/build/icyphy/ptII/ptolemy/actor/lib/test/auto/Dictionary1.xml
----------------- Instantiating /home/travis/build/icyphy/ptII/ptolemy/actor/lib/test/auto/Dictionary1.xml
1 ms. Memory: 294912K Free: 151163K (51%)
----------------- Invoking toplevel() on ptolemy.moml.MoMLSimpleApplication@110b6f9c
----------------- Done invoking toplevel() on ptolemy.moml.MoMLSimpleApplication@110b6f9c
reloadAllAccessors: .Dictionary1

===========================================================================================
----------------- testing Fri Jul 17 15:09:07 UTC 2020 /home/travis/build/icyphy/ptII/ptolemy/actor/lib/test/auto/Dictionary2.xml
----------------- Instantiating /home/travis/build/icyphy/ptII/ptolemy/actor/lib/test/auto/Dictionary2.xml
4 ms. Memory: 294912K Free: 145533K (49%)
----------------- Invoking toplevel() on ptolemy.moml.MoMLSimpleApplication@1b25eaed
----------------- Done invoking toplevel() on ptolemy.moml.MoMLSimpleApplication@1b25eaed
reloadAllAccessors: .Dictionary2

===========================================================================================
----------------- testing Fri Jul 17 15:09:07 UTC 2020 /home/travis/build/icyphy/ptII/ptolemy/actor/lib/test/auto/Dictionary3.xml
----------------- Instantiating /home/travis/build/icyphy/ptII/ptolemy/actor/lib/test/auto/Dictionary3.xml
2 ms. Memory: 294912K Free: 139899K (47%)
----------------- Invoking toplevel() on ptolemy.moml.MoMLSimpleApplication@4b4ccb71
----------------- Done invoking toplevel() on ptolemy.moml.MoMLSimpleApplication@4b4ccb71
reloadAllAccessors: .Dictionary3

===========================================================================================
----------------- testing Fri Jul 17 15:09:07 UTC 2020 /home/travis/build/icyphy/ptII/ptolemy/actor/lib/test/auto/Dictionary4.xml
----------------- Instantiating /home/travis/build/icyphy/ptII/ptolemy/actor/lib/test/auto/Dictionary4.xml
2 ms. Memory: 294912K Free: 132731K (45%)
----------------- Invoking toplevel() on ptolemy.moml.MoMLSimpleApplication@6945b90
----------------- Done invoking toplevel() on ptolemy.moml.MoMLSimpleApplication@6945b90
reloadAllAccessors: .Dictionary4

===========================================================================================
----------------- testing Fri Jul 17 15:09:07 UTC 2020 /home/travis/build/icyphy/ptII/ptolemy/actor/lib/test/auto/Differential.xml
----------------- Instantiating /home/travis/build/icyphy/ptII/ptolemy/actor/lib/test/auto/Differential.xml
2 ms. Memory: 294912K Free: 128635K (44%)
----------------- Invoking toplevel() on ptolemy.moml.MoMLSimpleApplication@4371e9f5
----------------- Done invoking toplevel() on ptolemy.moml.MoMLSimpleApplication@4371e9f5
reloadAllAccessors: .Differential

===========================================================================================
----------------- testing Fri Jul 17 15:09:07 UTC 2020 /home/travis/build/icyphy/ptII/ptolemy/actor/lib/test/auto/Director.xml
----------------- Instantiating /home/travis/build/icyphy/ptII/ptolemy/actor/lib/test/auto/Director.xml
2 ms. Memory: 294912K Free: 125053K (42%)
----------------- Invoking toplevel() on ptolemy.moml.MoMLSimpleApplication@34396992
----------------- Done invoking toplevel() on ptolemy.moml.MoMLSimpleApplication@34396992
reloadAllAccessors: .Director

===========================================================================================
----------------- testing Fri Jul 17 15:09:07 UTC 2020 /home/travis/build/icyphy/ptII/ptolemy/actor/lib/test/auto/DiscreteClock.xml
----------------- Instantiating /home/travis/build/icyphy/ptII/ptolemy/actor/lib/test/auto/DiscreteClock.xml
1 ms. Memory: 294912K Free: 120957K (41%)
----------------- Invoking toplevel() on ptolemy.moml.MoMLSimpleApplication@40c426b
----------------- Done invoking toplevel() on ptolemy.moml.MoMLSimpleApplication@40c426b
reloadAllAccessors: .DiscreteClock

===========================================================================================
----------------- testing Fri Jul 17 15:09:07 UTC 2020 /home/travis/build/icyphy/ptII/ptolemy/actor/lib/test/auto/DiscreteClock10.xml
----------------- Instantiating /home/travis/build/icyphy/ptII/ptolemy/actor/lib/test/auto/DiscreteClock10.xml
2 ms. Memory: 294912K Free: 115323K (39%)
----------------- Invoking toplevel() on ptolemy.moml.MoMLSimpleApplication@76c38dc
----------------- Done invoking toplevel() on ptolemy.moml.MoMLSimpleApplication@76c38dc
reloadAllAccessors: .DiscreteClock10

===========================================================================================
----------------- testing Fri Jul 17 15:09:07 UTC 2020 /home/travis/build/icyphy/ptII/ptolemy/actor/lib/test/auto/DiscreteClock11.xml
----------------- Instantiating /home/travis/build/icyphy/ptII/ptolemy/actor/lib/test/auto/DiscreteClock11.xml
2 ms. Memory: 294912K Free: 109179K (37%)
----------------- Invoking toplevel() on ptolemy.moml.MoMLSimpleApplication@33595d0e
----------------- Done invoking toplevel() on ptolemy.moml.MoMLSimpleApplication@33595d0e
reloadAllAccessors: .DiscreteClock11

===========================================================================================
----------------- testing Fri Jul 17 15:09:07 UTC 2020 /home/travis/build/icyphy/ptII/ptolemy/actor/lib/test/auto/DiscreteClock12.xml
----------------- Instantiating /home/travis/build/icyphy/ptII/ptolemy/actor/lib/test/auto/DiscreteClock12.xml
2 ms. Memory: 294912K Free: 103035K (35%)
----------------- Invoking toplevel() on ptolemy.moml.MoMLSimpleApplication@4858b816
----------------- Done invoking toplevel() on ptolemy.moml.MoMLSimpleApplication@4858b816
reloadAllAccessors: .DiscreteClock12

===========================================================================================
----------------- testing Fri Jul 17 15:09:07 UTC 2020 /home/travis/build/icyphy/ptII/ptolemy/actor/lib/test/auto/DiscreteClock13.xml
----------------- Instantiating /home/travis/build/icyphy/ptII/ptolemy/actor/lib/test/auto/DiscreteClock13.xml
5 ms. Memory: 294912K Free: 96861K (33%)
----------------- Invoking toplevel() on ptolemy.moml.MoMLSimpleApplication@65ebb719
----------------- Done invoking toplevel() on ptolemy.moml.MoMLSimpleApplication@65ebb719
reloadAllAccessors: .DiscreteClock13

===========================================================================================
----------------- testing Fri Jul 17 15:09:07 UTC 2020 /home/travis/build/icyphy/ptII/ptolemy/actor/lib/test/auto/DiscreteClock14.xml
----------------- Instantiating /home/travis/build/icyphy/ptII/ptolemy/actor/lib/test/auto/DiscreteClock14.xml
4 ms. Memory: 294912K Free: 91261K (31%)
----------------- Invoking toplevel() on ptolemy.moml.MoMLSimpleApplication@27b2f228
----------------- Done invoking toplevel() on ptolemy.moml.MoMLSimpleApplication@27b2f228
reloadAllAccessors: .DiscreteClock14

===========================================================================================
----------------- testing Fri Jul 17 15:09:07 UTC 2020 /home/travis/build/icyphy/ptII/ptolemy/actor/lib/test/auto/DiscreteClock15.xml
----------------- Instantiating /home/travis/build/icyphy/ptII/ptolemy/actor/lib/test/auto/DiscreteClock15.xml
2 ms. Memory: 294912K Free: 85117K (29%)
----------------- Invoking toplevel() on ptolemy.moml.MoMLSimpleApplication@d113c4
----------------- Done invoking toplevel() on ptolemy.moml.MoMLSimpleApplication@d113c4
reloadAllAccessors: .DiscreteClock15

===========================================================================================
----------------- testing Fri Jul 17 15:09:07 UTC 2020 /home/travis/build/icyphy/ptII/ptolemy/actor/lib/test/auto/DiscreteClock16.xml
----------------- Instantiating /home/travis/build/icyphy/ptII/ptolemy/actor/lib/test/auto/DiscreteClock16.xml
17 ms. Memory: 294912K Free: 245066K (83%)
----------------- Invoking toplevel() on ptolemy.moml.MoMLSimpleApplication@5dbf5fad
----------------- Done invoking toplevel() on ptolemy.moml.MoMLSimpleApplication@5dbf5fad
reloadAllAccessors: .DiscreteClock16

===========================================================================================
----------------- testing Fri Jul 17 15:09:07 UTC 2020 /home/travis/build/icyphy/ptII/ptolemy/actor/lib/test/auto/DiscreteClock17.xml
----------------- Instantiating /home/travis/build/icyphy/ptII/ptolemy/actor/lib/test/auto/DiscreteClock17.xml
12 ms. Memory: 294912K Free: 229752K (78%)
----------------- Invoking toplevel() on ptolemy.moml.MoMLSimpleApplication@5c4f69bb
----------------- Done invoking toplevel() on ptolemy.moml.MoMLSimpleApplication@5c4f69bb
reloadAllAccessors: .DiscreteClock17

===========================================================================================
----------------- testing Fri Jul 17 15:09:07 UTC 2020 /home/travis/build/icyphy/ptII/ptolemy/actor/lib/test/auto/DiscreteClock18.xml
----------------- Instantiating /home/travis/build/icyphy/ptII/ptolemy/actor/lib/test/auto/DiscreteClock18.xml
18 ms. Memory: 294912K Free: 215960K (73%)
----------------- Invoking toplevel() on ptolemy.moml.MoMLSimpleApplication@71f3fd85
----------------- Done invoking toplevel() on ptolemy.moml.MoMLSimpleApplication@71f3fd85
reloadAllAccessors: .DiscreteClock18

===========================================================================================
----------------- testing Fri Jul 17 15:09:07 UTC 2020 /home/travis/build/icyphy/ptII/ptolemy/actor/lib/test/auto/DiscreteClock19.xml
----------------- Instantiating /home/travis/build/icyphy/ptII/ptolemy/actor/lib/test/auto/DiscreteClock19.xml
19 ms. Memory: 294912K Free: 202120K (69%)
----------------- Invoking toplevel() on ptolemy.moml.MoMLSimpleApplication@562d07ee
----------------- Done invoking toplevel() on ptolemy.moml.MoMLSimpleApplication@562d07ee
reloadAllAccessors: .DiscreteClock19

===========================================================================================
----------------- testing Fri Jul 17 15:09:07 UTC 2020 /home/travis/build/icyphy/ptII/ptolemy/actor/lib/test/auto/DiscreteClock2.xml
----------------- Instantiating /home/travis/build/icyphy/ptII/ptolemy/actor/lib/test/auto/DiscreteClock2.xml
5 ms. Memory: 294912K Free: 197528K (67%)
----------------- Invoking toplevel() on ptolemy.moml.MoMLSimpleApplication@6d8656e8
----------------- Done invoking toplevel() on ptolemy.moml.MoMLSimpleApplication@6d8656e8
reloadAllAccessors: .DiscreteClock2

===========================================================================================
----------------- testing Fri Jul 17 15:09:07 UTC 2020 /home/travis/build/icyphy/ptII/ptolemy/actor/lib/test/auto/DiscreteClock20.xml
----------------- Instantiating /home/travis/build/icyphy/ptII/ptolemy/actor/lib/test/auto/DiscreteClock20.xml
9 ms. Memory: 294912K Free: 191891K (65%)
----------------- Invoking toplevel() on ptolemy.moml.MoMLSimpleApplication@657edef7
----------------- Done invoking toplevel() on ptolemy.moml.MoMLSimpleApplication@657edef7
reloadAllAccessors: .DiscreteClock20

===========================================================================================
----------------- testing Fri Jul 17 15:09:07 UTC 2020 /home/travis/build/icyphy/ptII/ptolemy/actor/lib/test/auto/DiscreteClock21.xml
----------------- Instantiating /home/travis/build/icyphy/ptII/ptolemy/actor/lib/test/auto/DiscreteClock21.xml
3 ms. Memory: 294912K Free: 186264K (63%)
----------------- Invoking toplevel() on ptolemy.moml.MoMLSimpleApplication@1ab3c7e6
----------------- Done invoking toplevel() on ptolemy.moml.MoMLSimpleApplication@1ab3c7e6
reloadAllAccessors: .DiscreteClock21

===========================================================================================
----------------- testing Fri Jul 17 15:09:07 UTC 2020 /home/travis/build/icyphy/ptII/ptolemy/actor/lib/test/auto/DiscreteClock22.xml
----------------- Instantiating /home/travis/build/icyphy/ptII/ptolemy/actor/lib/test/auto/DiscreteClock22.xml
1 ms. Memory: 294912K Free: 180630K (61%)
----------------- Invoking toplevel() on ptolemy.moml.MoMLSimpleApplication@536af5e1
----------------- Done invoking toplevel() on ptolemy.moml.MoMLSimpleApplication@536af5e1
reloadAllAccessors: .DiscreteClock22

===========================================================================================
----------------- testing Fri Jul 17 15:09:07 UTC 2020 /home/travis/build/icyphy/ptII/ptolemy/actor/lib/test/auto/DiscreteClock23.xml
----------------- Instantiating /home/travis/build/icyphy/ptII/ptolemy/actor/lib/test/auto/DiscreteClock23.xml
7 ms. Memory: 294912K Free: 175510K (60%)
----------------- Invoking toplevel() on ptolemy.moml.MoMLSimpleApplication@792616d
----------------- Done invoking toplevel() on ptolemy.moml.MoMLSimpleApplication@792616d
reloadAllAccessors: .DiscreteClock23

===========================================================================================
----------------- testing Fri Jul 17 15:09:07 UTC 2020 /home/travis/build/icyphy/ptII/ptolemy/actor/lib/test/auto/DiscreteClock24.xml
----------------- Instantiating /home/travis/build/icyphy/ptII/ptolemy/actor/lib/test/auto/DiscreteClock24.xml
2 ms. Memory: 294912K Free: 169880K (58%)
----------------- Invoking toplevel() on ptolemy.moml.MoMLSimpleApplication@5ea71a79
----------------- Done invoking toplevel() on ptolemy.moml.MoMLSimpleApplication@5ea71a79
reloadAllAccessors: .DiscreteClock24

===========================================================================================
----------------- testing Fri Jul 17 15:09:07 UTC 2020 /home/travis/build/icyphy/ptII/ptolemy/actor/lib/test/auto/DiscreteClock4.xml
----------------- Instantiating /home/travis/build/icyphy/ptII/ptolemy/actor/lib/test/auto/DiscreteClock4.xml
3 ms. Memory: 294912K Free: 164232K (56%)
----------------- Invoking toplevel() on ptolemy.moml.MoMLSimpleApplication@124f6fcb
----------------- Done invoking toplevel() on ptolemy.moml.MoMLSimpleApplication@124f6fcb
reloadAllAccessors: .DiscreteClock4

===========================================================================================
----------------- testing Fri Jul 17 15:09:07 UTC 2020 /home/travis/build/icyphy/ptII/ptolemy/actor/lib/test/auto/DiscreteClock5.xml
----------------- Instantiating /home/travis/build/icyphy/ptII/ptolemy/actor/lib/test/auto/DiscreteClock5.xml
2 ms. Memory: 294912K Free: 158616K (54%)
----------------- Invoking toplevel() on ptolemy.moml.MoMLSimpleApplication@506eaf04
----------------- Done invoking toplevel() on ptolemy.moml.MoMLSimpleApplication@506eaf04
reloadAllAccessors: .DiscreteClock5

===========================================================================================
----------------- testing Fri Jul 17 15:09:07 UTC 2020 /home/travis/build/icyphy/ptII/ptolemy/actor/lib/test/auto/DiscreteClock6.xml
----------------- Instantiating /home/travis/build/icyphy/ptII/ptolemy/actor/lib/test/auto/DiscreteClock6.xml
1 ms. Memory: 294912K Free: 154006K (52%)
----------------- Invoking toplevel() on ptolemy.moml.MoMLSimpleApplication@70ee2ec5
----------------- Done invoking toplevel() on ptolemy.moml.MoMLSimpleApplication@70ee2ec5
reloadAllAccessors: .DiscreteClock6

===========================================================================================
----------------- testing Fri Jul 17 15:09:07 UTC 2020 /home/travis/build/icyphy/ptII/ptolemy/actor/lib/test/auto/DiscreteClock7.xml
----------------- Instantiating /home/travis/build/icyphy/ptII/ptolemy/actor/lib/test/auto/DiscreteClock7.xml
1 ms. Memory: 294912K Free: 149910K (51%)
----------------- Invoking toplevel() on ptolemy.moml.MoMLSimpleApplication@2c2bf993
----------------- Done invoking toplevel() on ptolemy.moml.MoMLSimpleApplication@2c2bf993
reloadAllAccessors: .DiscreteClock7

===========================================================================================
----------------- testing Fri Jul 17 15:09:07 UTC 2020 /home/travis/build/icyphy/ptII/ptolemy/actor/lib/test/auto/DiscreteClock8.xml
----------------- Instantiating /home/travis/build/icyphy/ptII/ptolemy/actor/lib/test/auto/DiscreteClock8.xml
4 ms. Memory: 294912K Free: 143736K (49%)
----------------- Invoking toplevel() on ptolemy.moml.MoMLSimpleApplication@543239e
----------------- Done invoking toplevel() on ptolemy.moml.MoMLSimpleApplication@543239e
reloadAllAccessors: .DiscreteClock8

===========================================================================================
----------------- testing Fri Jul 17 15:09:07 UTC 2020 /home/travis/build/icyphy/ptII/ptolemy/actor/lib/test/auto/DiscreteClock9.xml
----------------- Instantiating /home/travis/build/icyphy/ptII/ptolemy/actor/lib/test/auto/DiscreteClock9.xml
4 ms. Memory: 294912K Free: 137616K (47%)
----------------- Invoking toplevel() on ptolemy.moml.MoMLSimpleApplication@4647bd24
----------------- Done invoking toplevel() on ptolemy.moml.MoMLSimpleApplication@4647bd24
reloadAllAccessors: .DiscreteClock9

===========================================================================================
----------------- testing Fri Jul 17 15:09:07 UTC 2020 /home/travis/build/icyphy/ptII/ptolemy/actor/lib/test/auto/DisplayArray.xml
----------------- Instantiating /home/travis/build/icyphy/ptII/ptolemy/actor/lib/test/auto/DisplayArray.xml
3 ms. Memory: 294912K Free: 134040K (45%)
----------------- Invoking toplevel() on ptolemy.moml.MoMLSimpleApplication@46bb3c26
----------------- Done invoking toplevel() on ptolemy.moml.MoMLSimpleApplication@46bb3c26
reloadAllAccessors: .DisplayArray

===========================================================================================
----------------- testing Fri Jul 17 15:09:07 UTC 2020 /home/travis/build/icyphy/ptII/ptolemy/actor/lib/test/auto/Distributor.xml
----------------- Instantiating /home/travis/build/icyphy/ptII/ptolemy/actor/lib/test/auto/Distributor.xml
1 ms. Memory: 294912K Free: 128920K (44%)
----------------- Invoking toplevel() on ptolemy.moml.MoMLSimpleApplication@7081e30b
----------------- Done invoking toplevel() on ptolemy.moml.MoMLSimpleApplication@7081e30b
reloadAllAccessors: .Distributor

===========================================================================================
----------------- testing Fri Jul 17 15:09:07 UTC 2020 /home/travis/build/icyphy/ptII/ptolemy/actor/lib/test/auto/Distributor2.xml
----------------- Instantiating /home/travis/build/icyphy/ptII/ptolemy/actor/lib/test/auto/Distributor2.xml
1 ms. Memory: 294912K Free: 124824K (42%)
----------------- Invoking toplevel() on ptolemy.moml.MoMLSimpleApplication@3f0d71a0
----------------- Done invoking toplevel() on ptolemy.moml.MoMLSimpleApplication@3f0d71a0
reloadAllAccessors: .Distributor2

===========================================================================================
----------------- testing Fri Jul 17 15:09:07 UTC 2020 /home/travis/build/icyphy/ptII/ptolemy/actor/lib/test/auto/DownSample.xml
----------------- Instantiating /home/travis/build/icyphy/ptII/ptolemy/actor/lib/test/auto/DownSample.xml
2 ms. Memory: 294912K Free: 120214K (41%)
----------------- Invoking toplevel() on ptolemy.moml.MoMLSimpleApplication@11cf1a4c
----------------- Done invoking toplevel() on ptolemy.moml.MoMLSimpleApplication@11cf1a4c
reloadAllAccessors: .DownSample

===========================================================================================
----------------- testing Fri Jul 17 15:09:07 UTC 2020 /home/travis/build/icyphy/ptII/ptolemy/actor/lib/test/auto/ElectronicUnitBase1.xml
----------------- Instantiating /home/travis/build/icyphy/ptII/ptolemy/actor/lib/test/auto/ElectronicUnitBase1.xml
14 ms. Memory: 294912K Free: 103830K (35%)
----------------- Invoking toplevel() on ptolemy.moml.MoMLSimpleApplication@1770450d
----------------- Done invoking toplevel() on ptolemy.moml.MoMLSimpleApplication@1770450d
reloadAllAccessors: .ElectronicUnitBase1

===========================================================================================
----------------- testing Fri Jul 17 15:09:07 UTC 2020 /home/travis/build/icyphy/ptII/ptolemy/actor/lib/test/auto/ElementsToArray.xml
----------------- Instantiating /home/travis/build/icyphy/ptII/ptolemy/actor/lib/test/auto/ElementsToArray.xml
2 ms. Memory: 294912K Free: 98710K (33%)
----------------- Invoking toplevel() on ptolemy.moml.MoMLSimpleApplication@3f4b126c
----------------- Done invoking toplevel() on ptolemy.moml.MoMLSimpleApplication@3f4b126c
reloadAllAccessors: .ElementsToArray

===========================================================================================
----------------- testing Fri Jul 17 15:09:07 UTC 2020 /home/travis/build/icyphy/ptII/ptolemy/actor/lib/test/auto/Equals.xml
----------------- Instantiating /home/travis/build/icyphy/ptII/ptolemy/actor/lib/test/auto/Equals.xml
3 ms. Memory: 294912K Free: 94614K (32%)
----------------- Invoking toplevel() on ptolemy.moml.MoMLSimpleApplication@12845e39
----------------- Done invoking toplevel() on ptolemy.moml.MoMLSimpleApplication@12845e39
reloadAllAccessors: .Equals

===========================================================================================
----------------- testing Fri Jul 17 15:09:07 UTC 2020 /home/travis/build/icyphy/ptII/ptolemy/actor/lib/test/auto/Exec.xml
----------------- Instantiating /home/travis/build/icyphy/ptII/ptolemy/actor/lib/test/auto/Exec.xml
17 ms. Memory: 294912K Free: 88470K (30%)
----------------- Invoking toplevel() on ptolemy.moml.MoMLSimpleApplication@3102fa94
----------------- Done invoking toplevel() on ptolemy.moml.MoMLSimpleApplication@3102fa94
reloadAllAccessors: .Exec

===========================================================================================
----------------- testing Fri Jul 17 15:09:07 UTC 2020 /home/travis/build/icyphy/ptII/ptolemy/actor/lib/test/auto/ExecEnvironment.xml
----------------- Instantiating /home/travis/build/icyphy/ptII/ptolemy/actor/lib/test/auto/ExecEnvironment.xml
16 ms. Memory: 294912K Free: 83336K (28%)
----------------- Invoking toplevel() on ptolemy.moml.MoMLSimpleApplication@579e7fa9
----------------- Done invoking toplevel() on ptolemy.moml.MoMLSimpleApplication@579e7fa9
reloadAllAccessors: .ExecEnvironment

===========================================================================================
----------------- testing Fri Jul 17 15:09:07 UTC 2020 /home/travis/build/icyphy/ptII/ptolemy/actor/lib/test/auto/ExecNonZeroReturnOutput.xml
----------------- Instantiating /home/travis/build/icyphy/ptII/ptolemy/actor/lib/test/auto/ExecNonZeroReturnOutput.xml
158 ms. Memory: 294912K Free: 244195K (83%)
----------------- Invoking toplevel() on ptolemy.moml.MoMLSimpleApplication@f257105
----------------- Done invoking toplevel() on ptolemy.moml.MoMLSimpleApplication@f257105
reloadAllAccessors: .ExecNonZeroReturnOutput

===========================================================================================
----------------- testing Fri Jul 17 15:09:08 UTC 2020 /home/travis/build/icyphy/ptII/ptolemy/actor/lib/test/auto/ExecRunDemos.xml
----------------- Instantiating /home/travis/build/icyphy/ptII/ptolemy/actor/lib/test/auto/ExecRunDemos.xml
Finished: 70 ms. Memory: 129024K Free: 112373K (87%)

Finished: 73 ms. Memory: 129024K Free: 109466K (85%)

Finished: 64 ms. Memory: 129024K Free: 109431K (85%)

Finished: 80 ms. Memory: 129024K Free: 111204K (86%)

Finished: 67 ms. Memory: 129024K Free: 111967K (87%)

9867 ms. Memory: 294912K Free: 223715K (76%)
----------------- Invoking toplevel() on ptolemy.moml.MoMLSimpleApplication@4c744d49
----------------- Done invoking toplevel() on ptolemy.moml.MoMLSimpleApplication@4c744d49
reloadAllAccessors: .ExecRunDemos

===========================================================================================
----------------- testing Fri Jul 17 15:09:18 UTC 2020 /home/travis/build/icyphy/ptII/ptolemy/actor/lib/test/auto/ExecStop.xml
----------------- Instantiating /home/travis/build/icyphy/ptII/ptolemy/actor/lib/test/auto/ExecStop.xml
5017 ms. Memory: 294912K Free: 85502K (29%)
----------------- Invoking toplevel() on ptolemy.moml.MoMLSimpleApplication@2e65f1fe
----------------- Done invoking toplevel() on ptolemy.moml.MoMLSimpleApplication@2e65f1fe
reloadAllAccessors: .ExecStop

===========================================================================================
----------------- testing Fri Jul 17 15:09:23 UTC 2020 /home/travis/build/icyphy/ptII/ptolemy/actor/lib/test/auto/ExecutionTimeSDF.xml
----------------- Instantiating /home/travis/build/icyphy/ptII/ptolemy/actor/lib/test/auto/ExecutionTimeSDF.xml
Fired ExecutionTime: -226167296
Fired ExecutionTime: 1340800000
Fired ExecutionTime: -299767296
6004 ms. Memory: 294912K Free: 73673K (25%)
----------------- Invoking toplevel() on ptolemy.moml.MoMLSimpleApplication@920b6db
----------------- Done invoking toplevel() on ptolemy.moml.MoMLSimpleApplication@920b6db
reloadAllAccessors: .ExecutionTimeSDF

===========================================================================================
----------------- testing Fri Jul 17 15:09:29 UTC 2020 /home/travis/build/icyphy/ptII/ptolemy/actor/lib/test/auto/Expression1.xml
----------------- Instantiating /home/travis/build/icyphy/ptII/ptolemy/actor/lib/test/auto/Expression1.xml
5 ms. Memory: 294912K Free: 244373K (83%)
----------------- Invoking toplevel() on ptolemy.moml.MoMLSimpleApplication@2d701706
----------------- Done invoking toplevel() on ptolemy.moml.MoMLSimpleApplication@2d701706
reloadAllAccessors: .Expression1

===========================================================================================
----------------- testing Fri Jul 17 15:09:29 UTC 2020 /home/travis/build/icyphy/ptII/ptolemy/actor/lib/test/auto/Expression10.xml
----------------- Instantiating /home/travis/build/icyphy/ptII/ptolemy/actor/lib/test/auto/Expression10.xml
7 ms. Memory: 294912K Free: 238739K (81%)
----------------- Invoking toplevel() on ptolemy.moml.MoMLSimpleApplication@107dac6
----------------- Done invoking toplevel() on ptolemy.moml.MoMLSimpleApplication@107dac6
reloadAllAccessors: .Expression10

===========================================================================================
----------------- testing Fri Jul 17 15:09:29 UTC 2020 /home/travis/build/icyphy/ptII/ptolemy/actor/lib/test/auto/Expression11.xml
----------------- Instantiating /home/travis/build/icyphy/ptII/ptolemy/actor/lib/test/auto/Expression11.xml
2 ms. Memory: 294912K Free: 234133K (79%)
----------------- Invoking toplevel() on ptolemy.moml.MoMLSimpleApplication@33f2b139
----------------- Done invoking toplevel() on ptolemy.moml.MoMLSimpleApplication@33f2b139
reloadAllAccessors: .Expression11

===========================================================================================
----------------- testing Fri Jul 17 15:09:29 UTC 2020 /home/travis/build/icyphy/ptII/ptolemy/actor/lib/test/auto/Expression12.xml
----------------- Instantiating /home/travis/build/icyphy/ptII/ptolemy/actor/lib/test/auto/Expression12.xml
2 ms. Memory: 294912K Free: 228499K (77%)
----------------- Invoking toplevel() on ptolemy.moml.MoMLSimpleApplication@104f33ca
----------------- Done invoking toplevel() on ptolemy.moml.MoMLSimpleApplication@104f33ca
reloadAllAccessors: .Expression12

===========================================================================================
----------------- testing Fri Jul 17 15:09:29 UTC 2020 /home/travis/build/icyphy/ptII/ptolemy/actor/lib/test/auto/Expression13.xml
----------------- Instantiating /home/travis/build/icyphy/ptII/ptolemy/actor/lib/test/auto/Expression13.xml
3 ms. Memory: 294912K Free: 223379K (76%)
----------------- Invoking toplevel() on ptolemy.moml.MoMLSimpleApplication@483ac7
----------------- Done invoking toplevel() on ptolemy.moml.MoMLSimpleApplication@483ac7
reloadAllAccessors: .Expression13

===========================================================================================
----------------- testing Fri Jul 17 15:09:29 UTC 2020 /home/travis/build/icyphy/ptII/ptolemy/actor/lib/test/auto/Expression14.xml
----------------- Instantiating /home/travis/build/icyphy/ptII/ptolemy/actor/lib/test/auto/Expression14.xml
6 ms. Memory: 294912K Free: 217749K (74%)
----------------- Invoking toplevel() on ptolemy.moml.MoMLSimpleApplication@18d0c4e6
----------------- Done invoking toplevel() on ptolemy.moml.MoMLSimpleApplication@18d0c4e6
reloadAllAccessors: .Expression14

===========================================================================================
----------------- testing Fri Jul 17 15:09:29 UTC 2020 /home/travis/build/icyphy/ptII/ptolemy/actor/lib/test/auto/Expression15.xml
----------------- Instantiating /home/travis/build/icyphy/ptII/ptolemy/actor/lib/test/auto/Expression15.xml
1 ms. Memory: 294912K Free: 213653K (72%)
----------------- Invoking toplevel() on ptolemy.moml.MoMLSimpleApplication@4b9ca772
----------------- Done invoking toplevel() on ptolemy.moml.MoMLSimpleApplication@4b9ca772
reloadAllAccessors: .Expression15

===========================================================================================
----------------- testing Fri Jul 17 15:09:29 UTC 2020 /home/travis/build/icyphy/ptII/ptolemy/actor/lib/test/auto/Expression16.xml
----------------- Instantiating /home/travis/build/icyphy/ptII/ptolemy/actor/lib/test/auto/Expression16.xml
3 ms. Memory: 294912K Free: 208533K (71%)
----------------- Invoking toplevel() on ptolemy.moml.MoMLSimpleApplication@15f0d04d
----------------- Done invoking toplevel() on ptolemy.moml.MoMLSimpleApplication@15f0d04d
reloadAllAccessors: .Expression16

===========================================================================================
----------------- testing Fri Jul 17 15:09:29 UTC 2020 /home/travis/build/icyphy/ptII/ptolemy/actor/lib/test/auto/Expression17.xml
----------------- Instantiating /home/travis/build/icyphy/ptII/ptolemy/actor/lib/test/auto/Expression17.xml
2 ms. Memory: 294912K Free: 203413K (69%)
----------------- Invoking toplevel() on ptolemy.moml.MoMLSimpleApplication@5538c6d
----------------- Done invoking toplevel() on ptolemy.moml.MoMLSimpleApplication@5538c6d
reloadAllAccessors: .Expression17

===========================================================================================
----------------- testing Fri Jul 17 15:09:29 UTC 2020 /home/travis/build/icyphy/ptII/ptolemy/actor/lib/test/auto/Expression18.xml
----------------- Instantiating /home/travis/build/icyphy/ptII/ptolemy/actor/lib/test/auto/Expression18.xml
4 ms. Memory: 294912K Free: 198291K (67%)
----------------- Invoking toplevel() on ptolemy.moml.MoMLSimpleApplication@27fb8750
----------------- Done invoking toplevel() on ptolemy.moml.MoMLSimpleApplication@27fb8750
reloadAllAccessors: .Expression18

===========================================================================================
----------------- testing Fri Jul 17 15:09:29 UTC 2020 /home/travis/build/icyphy/ptII/ptolemy/actor/lib/test/auto/Expression2.xml
----------------- Instantiating /home/travis/build/icyphy/ptII/ptolemy/actor/lib/test/auto/Expression2.xml
3 ms. Memory: 294912K Free: 193683K (66%)
----------------- Invoking toplevel() on ptolemy.moml.MoMLSimpleApplication@7891ce4d
----------------- Done invoking toplevel() on ptolemy.moml.MoMLSimpleApplication@7891ce4d
reloadAllAccessors: .Expression2

===========================================================================================
----------------- testing Fri Jul 17 15:09:29 UTC 2020 /home/travis/build/icyphy/ptII/ptolemy/actor/lib/test/auto/Expression3.xml
----------------- Instantiating /home/travis/build/icyphy/ptII/ptolemy/actor/lib/test/auto/Expression3.xml
5 ms. Memory: 294912K Free: 188563K (64%)
----------------- Invoking toplevel() on ptolemy.moml.MoMLSimpleApplication@448ba3c3
----------------- Done invoking toplevel() on ptolemy.moml.MoMLSimpleApplication@448ba3c3
reloadAllAccessors: .Expression3

===========================================================================================
----------------- testing Fri Jul 17 15:09:29 UTC 2020 /home/travis/build/icyphy/ptII/ptolemy/actor/lib/test/auto/Expression4.xml
----------------- Instantiating /home/travis/build/icyphy/ptII/ptolemy/actor/lib/test/auto/Expression4.xml
5 ms. Memory: 294912K Free: 180885K (61%)
----------------- Invoking toplevel() on ptolemy.moml.MoMLSimpleApplication@20246aa1
----------------- Done invoking toplevel() on ptolemy.moml.MoMLSimpleApplication@20246aa1
reloadAllAccessors: .Expression4

===========================================================================================
----------------- testing Fri Jul 17 15:09:29 UTC 2020 /home/travis/build/icyphy/ptII/ptolemy/actor/lib/test/auto/Expression5.xml
----------------- Instantiating /home/travis/build/icyphy/ptII/ptolemy/actor/lib/test/auto/Expression5.xml
3 ms. Memory: 294912K Free: 175765K (60%)
----------------- Invoking toplevel() on ptolemy.moml.MoMLSimpleApplication@76b0b7c2
----------------- Done invoking toplevel() on ptolemy.moml.MoMLSimpleApplication@76b0b7c2
reloadAllAccessors: .Expression5

===========================================================================================
----------------- testing Fri Jul 17 15:09:29 UTC 2020 /home/travis/build/icyphy/ptII/ptolemy/actor/lib/test/auto/Expression6.xml
----------------- Instantiating /home/travis/build/icyphy/ptII/ptolemy/actor/lib/test/auto/Expression6.xml
1 ms. Memory: 294912K Free: 171155K (58%)
----------------- Invoking toplevel() on ptolemy.moml.MoMLSimpleApplication@791342fb
----------------- Done invoking toplevel() on ptolemy.moml.MoMLSimpleApplication@791342fb
reloadAllAccessors: .Expression6

===========================================================================================
----------------- testing Fri Jul 17 15:09:29 UTC 2020 /home/travis/build/icyphy/ptII/ptolemy/actor/lib/test/auto/Expression7.xml
----------------- Instantiating /home/travis/build/icyphy/ptII/ptolemy/actor/lib/test/auto/Expression7.xml
2 ms. Memory: 294912K Free: 166549K (56%)
----------------- Invoking toplevel() on ptolemy.moml.MoMLSimpleApplication@1a334f18
----------------- Done invoking toplevel() on ptolemy.moml.MoMLSimpleApplication@1a334f18
reloadAllAccessors: .Expression7

===========================================================================================
----------------- testing Fri Jul 17 15:09:29 UTC 2020 /home/travis/build/icyphy/ptII/ptolemy/actor/lib/test/auto/Expression8.xml
----------------- Instantiating /home/travis/build/icyphy/ptII/ptolemy/actor/lib/test/auto/Expression8.xml
7 ms. Memory: 294912K Free: 161429K (55%)
----------------- Invoking toplevel() on ptolemy.moml.MoMLSimpleApplication@7bf7a865
----------------- Done invoking toplevel() on ptolemy.moml.MoMLSimpleApplication@7bf7a865
reloadAllAccessors: .Expression8

===========================================================================================
----------------- testing Fri Jul 17 15:09:29 UTC 2020 /home/travis/build/icyphy/ptII/ptolemy/actor/lib/test/auto/Expression9.xml
----------------- Instantiating /home/travis/build/icyphy/ptII/ptolemy/actor/lib/test/auto/Expression9.xml
1 ms. Memory: 294912K Free: 157333K (53%)
----------------- Invoking toplevel() on ptolemy.moml.MoMLSimpleApplication@5b04707
----------------- Done invoking toplevel() on ptolemy.moml.MoMLSimpleApplication@5b04707
reloadAllAccessors: .Expression9

===========================================================================================
----------------- testing Fri Jul 17 15:09:29 UTC 2020 /home/travis/build/icyphy/ptII/ptolemy/actor/lib/test/auto/ExpressionConcatenateArrayType.xml
----------------- Instantiating /home/travis/build/icyphy/ptII/ptolemy/actor/lib/test/auto/ExpressionConcatenateArrayType.xml
4 ms. Memory: 294912K Free: 150675K (51%)
----------------- Invoking toplevel() on ptolemy.moml.MoMLSimpleApplication@23b4c05f
----------------- Done invoking toplevel() on ptolemy.moml.MoMLSimpleApplication@23b4c05f
reloadAllAccessors: .ExpressionConcatenateArrayType

===========================================================================================
----------------- testing Fri Jul 17 15:09:29 UTC 2020 /home/travis/build/icyphy/ptII/ptolemy/actor/lib/test/auto/ExpressionConcatenateArrayType2.xml
----------------- Instantiating /home/travis/build/icyphy/ptII/ptolemy/actor/lib/test/auto/ExpressionConcatenateArrayType2.xml
2 ms. Memory: 294912K Free: 144531K (49%)
----------------- Invoking toplevel() on ptolemy.moml.MoMLSimpleApplication@634538ea
----------------- Done invoking toplevel() on ptolemy.moml.MoMLSimpleApplication@634538ea
reloadAllAccessors: .ExpressionConcatenateArrayType2

===========================================================================================
----------------- testing Fri Jul 17 15:09:29 UTC 2020 /home/travis/build/icyphy/ptII/ptolemy/actor/lib/test/auto/ExpressionFix.xml
----------------- Instantiating /home/travis/build/icyphy/ptII/ptolemy/actor/lib/test/auto/ExpressionFix.xml
14 ms. Memory: 294912K Free: 138387K (47%)
----------------- Invoking toplevel() on ptolemy.moml.MoMLSimpleApplication@57f3ed84
----------------- Done invoking toplevel() on ptolemy.moml.MoMLSimpleApplication@57f3ed84
reloadAllAccessors: .ExpressionFix

===========================================================================================
----------------- testing Fri Jul 17 15:09:29 UTC 2020 /home/travis/build/icyphy/ptII/ptolemy/actor/lib/test/auto/ExpressionFix2.xml
----------------- Instantiating /home/travis/build/icyphy/ptII/ptolemy/actor/lib/test/auto/ExpressionFix2.xml
5 ms. Memory: 294912K Free: 134291K (46%)
----------------- Invoking toplevel() on ptolemy.moml.MoMLSimpleApplication@4c740af4
----------------- Done invoking toplevel() on ptolemy.moml.MoMLSimpleApplication@4c740af4
reloadAllAccessors: .ExpressionFix2

===========================================================================================
----------------- testing Fri Jul 17 15:09:29 UTC 2020 /home/travis/build/icyphy/ptII/ptolemy/actor/lib/test/auto/ExpressionFix3.xml
----------------- Instantiating /home/travis/build/icyphy/ptII/ptolemy/actor/lib/test/auto/ExpressionFix3.xml
3 ms. Memory: 294912K Free: 129685K (44%)
----------------- Invoking toplevel() on ptolemy.moml.MoMLSimpleApplication@7b70eb9a
----------------- Done invoking toplevel() on ptolemy.moml.MoMLSimpleApplication@7b70eb9a
reloadAllAccessors: .ExpressionFix3

===========================================================================================
----------------- testing Fri Jul 17 15:09:29 UTC 2020 /home/travis/build/icyphy/ptII/ptolemy/actor/lib/test/auto/FileWriter1.xml
----------------- Instantiating /home/travis/build/icyphy/ptII/ptolemy/actor/lib/test/auto/FileWriter1.xml
1 ms. Memory: 294912K Free: 125589K (43%)
----------------- Invoking toplevel() on ptolemy.moml.MoMLSimpleApplication@13014650
----------------- Done invoking toplevel() on ptolemy.moml.MoMLSimpleApplication@13014650
reloadAllAccessors: .FileWriter1

===========================================================================================
----------------- testing Fri Jul 17 15:09:29 UTC 2020 /home/travis/build/icyphy/ptII/ptolemy/actor/lib/test/auto/FileWriter2.xml
----------------- Instantiating /home/travis/build/icyphy/ptII/ptolemy/actor/lib/test/auto/FileWriter2.xml
2 ms. Memory: 294912K Free: 120965K (41%)
----------------- Invoking toplevel() on ptolemy.moml.MoMLSimpleApplication@412845b8
----------------- Done invoking toplevel() on ptolemy.moml.MoMLSimpleApplication@412845b8
reloadAllAccessors: .FileWriter2

===========================================================================================
----------------- testing Fri Jul 17 15:09:29 UTC 2020 /home/travis/build/icyphy/ptII/ptolemy/actor/lib/test/auto/FileWriter3.xml
----------------- Instantiating /home/travis/build/icyphy/ptII/ptolemy/actor/lib/test/auto/FileWriter3.xml
3 ms. Memory: 294912K Free: 116883K (40%)
----------------- Invoking toplevel() on ptolemy.moml.MoMLSimpleApplication@532c547a
----------------- Done invoking toplevel() on ptolemy.moml.MoMLSimpleApplication@532c547a
reloadAllAccessors: .FileWriter3

===========================================================================================
----------------- testing Fri Jul 17 15:09:29 UTC 2020 /home/travis/build/icyphy/ptII/ptolemy/actor/lib/test/auto/Gaussian.xml
----------------- Instantiating /home/travis/build/icyphy/ptII/ptolemy/actor/lib/test/auto/Gaussian.xml
3 ms. Memory: 294912K Free: 112787K (38%)
----------------- Invoking toplevel() on ptolemy.moml.MoMLSimpleApplication@544c35e3
----------------- Done invoking toplevel() on ptolemy.moml.MoMLSimpleApplication@544c35e3
reloadAllAccessors: .Gaussian

===========================================================================================
----------------- testing Fri Jul 17 15:09:29 UTC 2020 /home/travis/build/icyphy/ptII/ptolemy/actor/lib/test/auto/Gaussian1.xml
----------------- Instantiating /home/travis/build/icyphy/ptII/ptolemy/actor/lib/test/auto/Gaussian1.xml
8 ms. Memory: 294912K Free: 107637K (36%)
----------------- Invoking toplevel() on ptolemy.moml.MoMLSimpleApplication@7c0dbf08
----------------- Done invoking toplevel() on ptolemy.moml.MoMLSimpleApplication@7c0dbf08
reloadAllAccessors: .Gaussian1

===========================================================================================
----------------- testing Fri Jul 17 15:09:29 UTC 2020 /home/travis/build/icyphy/ptII/ptolemy/actor/lib/test/auto/Gaussian2.xml
----------------- Instantiating /home/travis/build/icyphy/ptII/ptolemy/actor/lib/test/auto/Gaussian2.xml
2 ms. Memory: 294912K Free: 102037K (35%)
----------------- Invoking toplevel() on ptolemy.moml.MoMLSimpleApplication@18470185
----------------- Done invoking toplevel() on ptolemy.moml.MoMLSimpleApplication@18470185
reloadAllAccessors: .Gaussian2

===========================================================================================
----------------- testing Fri Jul 17 15:09:29 UTC 2020 /home/travis/build/icyphy/ptII/ptolemy/actor/lib/test/auto/GradientAdaptiveLattice.xml
----------------- Instantiating /home/travis/build/icyphy/ptII/ptolemy/actor/lib/test/auto/GradientAdaptiveLattice.xml
2 ms. Memory: 294912K Free: 96917K (33%)
----------------- Invoking toplevel() on ptolemy.moml.MoMLSimpleApplication@5c40bf27
----------------- Done invoking toplevel() on ptolemy.moml.MoMLSimpleApplication@5c40bf27
reloadAllAccessors: .GradientAdaptiveLattice

===========================================================================================
----------------- testing Fri Jul 17 15:09:29 UTC 2020 /home/travis/build/icyphy/ptII/ptolemy/actor/lib/test/auto/IIR.xml
----------------- Instantiating /home/travis/build/icyphy/ptII/ptolemy/actor/lib/test/auto/IIR.xml
1 ms. Memory: 294912K Free: 92307K (31%)
----------------- Invoking toplevel() on ptolemy.moml.MoMLSimpleApplication@b41b85a
----------------- Done invoking toplevel() on ptolemy.moml.MoMLSimpleApplication@b41b85a
reloadAllAccessors: .IIR

===========================================================================================
----------------- testing Fri Jul 17 15:09:29 UTC 2020 /home/travis/build/icyphy/ptII/ptolemy/actor/lib/test/auto/InputOutputTransparentPorts.xml
----------------- Instantiating /home/travis/build/icyphy/ptII/ptolemy/actor/lib/test/auto/InputOutputTransparentPorts.xml
1 ms. Memory: 294912K Free: 85139K (29%)
----------------- Invoking toplevel() on ptolemy.moml.MoMLSimpleApplication@240896
----------------- Done invoking toplevel() on ptolemy.moml.MoMLSimpleApplication@240896
reloadAllAccessors: .InputOutputTransparentPorts

===========================================================================================
----------------- testing Fri Jul 17 15:09:29 UTC 2020 /home/travis/build/icyphy/ptII/ptolemy/actor/lib/test/auto/Interpolator.xml
----------------- Instantiating /home/travis/build/icyphy/ptII/ptolemy/actor/lib/test/auto/Interpolator.xml
4 ms. Memory: 294912K Free: 81043K (27%)
----------------- Invoking toplevel() on ptolemy.moml.MoMLSimpleApplication@1e81d989
----------------- Done invoking toplevel() on ptolemy.moml.MoMLSimpleApplication@1e81d989
reloadAllAccessors: .Interpolator

===========================================================================================
----------------- testing Fri Jul 17 15:09:29 UTC 2020 /home/travis/build/icyphy/ptII/ptolemy/actor/lib/test/auto/InterpolatorFiringLimitDE.xml
----------------- Instantiating /home/travis/build/icyphy/ptII/ptolemy/actor/lib/test/auto/InterpolatorFiringLimitDE.xml
2 ms. Memory: 294912K Free: 74899K (25%)
----------------- Invoking toplevel() on ptolemy.moml.MoMLSimpleApplication@19b08793
----------------- Done invoking toplevel() on ptolemy.moml.MoMLSimpleApplication@19b08793
reloadAllAccessors: .InterpolatorFiringLimitDE

===========================================================================================
----------------- testing Fri Jul 17 15:09:29 UTC 2020 /home/travis/build/icyphy/ptII/ptolemy/actor/lib/test/auto/Lattice.xml
----------------- Instantiating /home/travis/build/icyphy/ptII/ptolemy/actor/lib/test/auto/Lattice.xml
1 ms. Memory: 294912K Free: 244666K (83%)
----------------- Invoking toplevel() on ptolemy.moml.MoMLSimpleApplication@78d7125
----------------- Done invoking toplevel() on ptolemy.moml.MoMLSimpleApplication@78d7125
reloadAllAccessors: .Lattice

===========================================================================================
----------------- testing Fri Jul 17 15:09:29 UTC 2020 /home/travis/build/icyphy/ptII/ptolemy/actor/lib/test/auto/LazyAOCTestLazy.xml
----------------- Instantiating /home/travis/build/icyphy/ptII/ptolemy/actor/lib/test/auto/LazyAOCTestLazy.xml
13 ms. Memory: 294912K Free: 238508K (81%)
----------------- Invoking toplevel() on ptolemy.moml.MoMLSimpleApplication@4d547387
----------------- Done invoking toplevel() on ptolemy.moml.MoMLSimpleApplication@4d547387
reloadAllAccessors: .LazyAOCTestLazy

===========================================================================================
----------------- testing Fri Jul 17 15:09:29 UTC 2020 /home/travis/build/icyphy/ptII/ptolemy/actor/lib/test/auto/LazyAOCTestNonLazy.xml
----------------- Instantiating /home/travis/build/icyphy/ptII/ptolemy/actor/lib/test/auto/LazyAOCTestNonLazy.xml
2 ms. Memory: 294912K Free: 231868K (79%)
----------------- Invoking toplevel() on ptolemy.moml.MoMLSimpleApplication@6d6ecea1
----------------- Done invoking toplevel() on ptolemy.moml.MoMLSimpleApplication@6d6ecea1
reloadAllAccessors: .LazyAOCTestNonLazy

===========================================================================================
----------------- testing Fri Jul 17 15:09:29 UTC 2020 /home/travis/build/icyphy/ptII/ptolemy/actor/lib/test/auto/LazyInnerClass.xml
----------------- Instantiating /home/travis/build/icyphy/ptII/ptolemy/actor/lib/test/auto/LazyInnerClass.xml
14 ms. Memory: 294912K Free: 223148K (76%)
----------------- Invoking toplevel() on ptolemy.moml.MoMLSimpleApplication@7a93a23
----------------- Done invoking toplevel() on ptolemy.moml.MoMLSimpleApplication@7a93a23
reloadAllAccessors: .LazyInnerClass

===========================================================================================
----------------- testing Fri Jul 17 15:09:29 UTC 2020 /home/travis/build/icyphy/ptII/ptolemy/actor/lib/test/auto/LazyPubSub.xml
----------------- Instantiating /home/travis/build/icyphy/ptII/ptolemy/actor/lib/test/auto/LazyPubSub.xml
11 ms. Memory: 294912K Free: 212922K (72%)
----------------- Invoking toplevel() on ptolemy.moml.MoMLSimpleApplication@67311e30
----------------- Done invoking toplevel() on ptolemy.moml.MoMLSimpleApplication@67311e30
reloadAllAccessors: .LazyPubSub

===========================================================================================
----------------- testing Fri Jul 17 15:09:29 UTC 2020 /home/travis/build/icyphy/ptII/ptolemy/actor/lib/test/auto/LazyPubSub2.xml
----------------- Instantiating /home/travis/build/icyphy/ptII/ptolemy/actor/lib/test/auto/LazyPubSub2.xml
13 ms. Memory: 294912K Free: 203196K (69%)
----------------- Invoking toplevel() on ptolemy.moml.MoMLSimpleApplication@431d5117
----------------- Done invoking toplevel() on ptolemy.moml.MoMLSimpleApplication@431d5117
reloadAllAccessors: .LazyPubSub2

===========================================================================================
----------------- testing Fri Jul 17 15:09:29 UTC 2020 /home/travis/build/icyphy/ptII/ptolemy/actor/lib/test/auto/LazyPubSub3.xml
----------------- Instantiating /home/travis/build/icyphy/ptII/ptolemy/actor/lib/test/auto/LazyPubSub3.xml
10 ms. Memory: 294912K Free: 192956K (65%)
----------------- Invoking toplevel() on ptolemy.moml.MoMLSimpleApplication@38e5fe86
----------------- Done invoking toplevel() on ptolemy.moml.MoMLSimpleApplication@38e5fe86
reloadAllAccessors: .LazyPubSub3

===========================================================================================
----------------- testing Fri Jul 17 15:09:29 UTC 2020 /home/travis/build/icyphy/ptII/ptolemy/actor/lib/test/auto/LazySubClassModel.xml
----------------- Instantiating /home/travis/build/icyphy/ptII/ptolemy/actor/lib/test/auto/LazySubClassModel.xml
2 ms. Memory: 294912K Free: 183740K (62%)
----------------- Invoking toplevel() on ptolemy.moml.MoMLSimpleApplication@3f8d4cdf
----------------- Done invoking toplevel() on ptolemy.moml.MoMLSimpleApplication@3f8d4cdf
reloadAllAccessors: .LazySubClassModel

===========================================================================================
----------------- testing Fri Jul 17 15:09:29 UTC 2020 /home/travis/build/icyphy/ptII/ptolemy/actor/lib/test/auto/LevelCrossTest1.xml
----------------- Instantiating /home/travis/build/icyphy/ptII/ptolemy/actor/lib/test/auto/LevelCrossTest1.xml
1 ms. Memory: 294912K Free: 178106K (60%)
----------------- Invoking toplevel() on ptolemy.moml.MoMLSimpleApplication@4d86fbce
----------------- Done invoking toplevel() on ptolemy.moml.MoMLSimpleApplication@4d86fbce
reloadAllAccessors: .broken

===========================================================================================
----------------- testing Fri Jul 17 15:09:29 UTC 2020 /home/travis/build/icyphy/ptII/ptolemy/actor/lib/test/auto/LevelCrossTest10.xml
----------------- Instantiating /home/travis/build/icyphy/ptII/ptolemy/actor/lib/test/auto/LevelCrossTest10.xml
2 ms. Memory: 294912K Free: 170428K (58%)
----------------- Invoking toplevel() on ptolemy.moml.MoMLSimpleApplication@2776ee62
----------------- Done invoking toplevel() on ptolemy.moml.MoMLSimpleApplication@2776ee62
reloadAllAccessors: .LevelCrossTest10

===========================================================================================
----------------- testing Fri Jul 17 15:09:30 UTC 2020 /home/travis/build/icyphy/ptII/ptolemy/actor/lib/test/auto/LevelCrossTest11.xml
----------------- Instantiating /home/travis/build/icyphy/ptII/ptolemy/actor/lib/test/auto/LevelCrossTest11.xml
1 ms. Memory: 294912K Free: 162746K (55%)
----------------- Invoking toplevel() on ptolemy.moml.MoMLSimpleApplication@575ef144
----------------- Done invoking toplevel() on ptolemy.moml.MoMLSimpleApplication@575ef144
reloadAllAccessors: .LevelCrossTest11

===========================================================================================
----------------- testing Fri Jul 17 15:09:30 UTC 2020 /home/travis/build/icyphy/ptII/ptolemy/actor/lib/test/auto/LevelCrossTest12.xml
----------------- Instantiating /home/travis/build/icyphy/ptII/ptolemy/actor/lib/test/auto/LevelCrossTest12.xml
1 ms. Memory: 294912K Free: 156092K (53%)
----------------- Invoking toplevel() on ptolemy.moml.MoMLSimpleApplication@6073299f
----------------- Done invoking toplevel() on ptolemy.moml.MoMLSimpleApplication@6073299f
reloadAllAccessors: .LevelCrossTest12

===========================================================================================
----------------- testing Fri Jul 17 15:09:30 UTC 2020 /home/travis/build/icyphy/ptII/ptolemy/actor/lib/test/auto/LevelCrossTest13.xml
----------------- Instantiating /home/travis/build/icyphy/ptII/ptolemy/actor/lib/test/auto/LevelCrossTest13.xml
1 ms. Memory: 294912K Free: 147900K (50%)
----------------- Invoking toplevel() on ptolemy.moml.MoMLSimpleApplication@29cfc318
----------------- Done invoking toplevel() on ptolemy.moml.MoMLSimpleApplication@29cfc318
reloadAllAccessors: .LevelCrossTest13

===========================================================================================
----------------- testing Fri Jul 17 15:09:30 UTC 2020 /home/travis/build/icyphy/ptII/ptolemy/actor/lib/test/auto/LevelCrossTest2.xml
----------------- Instantiating /home/travis/build/icyphy/ptII/ptolemy/actor/lib/test/auto/LevelCrossTest2.xml
1 ms. Memory: 294912K Free: 142266K (48%)
----------------- Invoking toplevel() on ptolemy.moml.MoMLSimpleApplication@16f6471
----------------- Done invoking toplevel() on ptolemy.moml.MoMLSimpleApplication@16f6471
reloadAllAccessors: .broken

===========================================================================================
----------------- testing Fri Jul 17 15:09:30 UTC 2020 /home/travis/build/icyphy/ptII/ptolemy/actor/lib/test/auto/LevelCrossTest3.xml
----------------- Instantiating /home/travis/build/icyphy/ptII/ptolemy/actor/lib/test/auto/LevelCrossTest3.xml
2 ms. Memory: 294912K Free: 136122K (46%)
----------------- Invoking toplevel() on ptolemy.moml.MoMLSimpleApplication@5c92219
----------------- Done invoking toplevel() on ptolemy.moml.MoMLSimpleApplication@5c92219
reloadAllAccessors: .LevelCrossTest3

===========================================================================================
----------------- testing Fri Jul 17 15:09:30 UTC 2020 /home/travis/build/icyphy/ptII/ptolemy/actor/lib/test/auto/LevelCrossTest4.xml
----------------- Instantiating /home/travis/build/icyphy/ptII/ptolemy/actor/lib/test/auto/LevelCrossTest4.xml
1 ms. Memory: 294912K Free: 130492K (44%)
----------------- Invoking toplevel() on ptolemy.moml.MoMLSimpleApplication@4d50524b
----------------- Done invoking toplevel() on ptolemy.moml.MoMLSimpleApplication@4d50524b
reloadAllAccessors: .broken

===========================================================================================
----------------- testing Fri Jul 17 15:09:30 UTC 2020 /home/travis/build/icyphy/ptII/ptolemy/actor/lib/test/auto/LevelCrossTest5.xml
----------------- Instantiating /home/travis/build/icyphy/ptII/ptolemy/actor/lib/test/auto/LevelCrossTest5.xml
1 ms. Memory: 294912K Free: 123834K (42%)
----------------- Invoking toplevel() on ptolemy.moml.MoMLSimpleApplication@5a0089aa
----------------- Done invoking toplevel() on ptolemy.moml.MoMLSimpleApplication@5a0089aa
reloadAllAccessors: .LevelCrossTest5

===========================================================================================
----------------- testing Fri Jul 17 15:09:30 UTC 2020 /home/travis/build/icyphy/ptII/ptolemy/actor/lib/test/auto/LevelCrossTest6.xml
----------------- Instantiating /home/travis/build/icyphy/ptII/ptolemy/actor/lib/test/auto/LevelCrossTest6.xml
3 ms. Memory: 294912K Free: 116666K (40%)
----------------- Invoking toplevel() on ptolemy.moml.MoMLSimpleApplication@1108b0e4
----------------- Done invoking toplevel() on ptolemy.moml.MoMLSimpleApplication@1108b0e4
reloadAllAccessors: .LevelCrossTest6

===========================================================================================
----------------- testing Fri Jul 17 15:09:30 UTC 2020 /home/travis/build/icyphy/ptII/ptolemy/actor/lib/test/auto/LevelCrossTest7.xml
----------------- Instantiating /home/travis/build/icyphy/ptII/ptolemy/actor/lib/test/auto/LevelCrossTest7.xml
8 ms. Memory: 294912K Free: 108474K (37%)
----------------- Invoking toplevel() on ptolemy.moml.MoMLSimpleApplication@5dfb5cbe
----------------- Done invoking toplevel() on ptolemy.moml.MoMLSimpleApplication@5dfb5cbe
reloadAllAccessors: .LevelCrossTest7

===========================================================================================
----------------- testing Fri Jul 17 15:09:30 UTC 2020 /home/travis/build/icyphy/ptII/ptolemy/actor/lib/test/auto/LevelCrossTest8.xml
----------------- Instantiating /home/travis/build/icyphy/ptII/ptolemy/actor/lib/test/auto/LevelCrossTest8.xml
1 ms. Memory: 294912K Free: 101820K (35%)
----------------- Invoking toplevel() on ptolemy.moml.MoMLSimpleApplication@59d95a41
----------------- Done invoking toplevel() on ptolemy.moml.MoMLSimpleApplication@59d95a41
reloadAllAccessors: .LevelCrossTest8

===========================================================================================
----------------- testing Fri Jul 17 15:09:30 UTC 2020 /home/travis/build/icyphy/ptII/ptolemy/actor/lib/test/auto/LevelCrossTest9.xml
----------------- Instantiating /home/travis/build/icyphy/ptII/ptolemy/actor/lib/test/auto/LevelCrossTest9.xml
4 ms. Memory: 294912K Free: 95162K (32%)
----------------- Invoking toplevel() on ptolemy.moml.MoMLSimpleApplication@32c66c15
----------------- Done invoking toplevel() on ptolemy.moml.MoMLSimpleApplication@32c66c15
reloadAllAccessors: .LevelCrossTest9

===========================================================================================
----------------- testing Fri Jul 17 15:09:30 UTC 2020 /home/travis/build/icyphy/ptII/ptolemy/actor/lib/test/auto/LevinsonDurbin.xml
----------------- Instantiating /home/travis/build/icyphy/ptII/ptolemy/actor/lib/test/auto/LevinsonDurbin.xml
1 ms. Memory: 294912K Free: 91066K (31%)
----------------- Invoking toplevel() on ptolemy.moml.MoMLSimpleApplication@19b19e31
----------------- Done invoking toplevel() on ptolemy.moml.MoMLSimpleApplication@19b19e31
reloadAllAccessors: .LevinsonDurbin

===========================================================================================
----------------- testing Fri Jul 17 15:09:30 UTC 2020 /home/travis/build/icyphy/ptII/ptolemy/actor/lib/test/auto/LevinsonDurbin2.xml
----------------- Instantiating /home/travis/build/icyphy/ptII/ptolemy/actor/lib/test/auto/LevinsonDurbin2.xml
1 ms. Memory: 294912K Free: 86970K (29%)
----------------- Invoking toplevel() on ptolemy.moml.MoMLSimpleApplication@61e85504
----------------- Done invoking toplevel() on ptolemy.moml.MoMLSimpleApplication@61e85504
reloadAllAccessors: .LevinsonDurbin2

===========================================================================================
----------------- testing Fri Jul 17 15:09:30 UTC 2020 /home/travis/build/icyphy/ptII/ptolemy/actor/lib/test/auto/LevinsonDurbin3.xml
----------------- Instantiating /home/travis/build/icyphy/ptII/ptolemy/actor/lib/test/auto/LevinsonDurbin3.xml
2 ms. Memory: 294912K Free: 82874K (28%)
----------------- Invoking toplevel() on ptolemy.moml.MoMLSimpleApplication@7d7c6810
----------------- Done invoking toplevel() on ptolemy.moml.MoMLSimpleApplication@7d7c6810
reloadAllAccessors: .LevinsonDurbin3

===========================================================================================
----------------- testing Fri Jul 17 15:09:30 UTC 2020 /home/travis/build/icyphy/ptII/ptolemy/actor/lib/test/auto/Limiter.xml
----------------- Instantiating /home/travis/build/icyphy/ptII/ptolemy/actor/lib/test/auto/Limiter.xml
10 ms. Memory: 294912K Free: 73644K (25%)
----------------- Invoking toplevel() on ptolemy.moml.MoMLSimpleApplication@6b1c2849
----------------- Done invoking toplevel() on ptolemy.moml.MoMLSimpleApplication@6b1c2849
reloadAllAccessors: .Limiter

===========================================================================================
----------------- testing Fri Jul 17 15:09:30 UTC 2020 /home/travis/build/icyphy/ptII/ptolemy/actor/lib/test/auto/LinearDifferenceEquationSystem.xml
----------------- Instantiating /home/travis/build/icyphy/ptII/ptolemy/actor/lib/test/auto/LinearDifferenceEquationSystem.xml
3 ms. Memory: 294912K Free: 240121K (81%)
----------------- Invoking toplevel() on ptolemy.moml.MoMLSimpleApplication@1178568c
----------------- Done invoking toplevel() on ptolemy.moml.MoMLSimpleApplication@1178568c
reloadAllAccessors: .LinearDifferenceEquationSystem

===========================================================================================
----------------- testing Fri Jul 17 15:09:30 UTC 2020 /home/travis/build/icyphy/ptII/ptolemy/actor/lib/test/auto/LookupTable.xml
----------------- Instantiating /home/travis/build/icyphy/ptII/ptolemy/actor/lib/test/auto/LookupTable.xml
1 ms. Memory: 294912K Free: 235511K (80%)
----------------- Invoking toplevel() on ptolemy.moml.MoMLSimpleApplication@2e7f2e83
----------------- Done invoking toplevel() on ptolemy.moml.MoMLSimpleApplication@2e7f2e83
reloadAllAccessors: .LookupTable

===========================================================================================
----------------- testing Fri Jul 17 15:09:30 UTC 2020 /home/travis/build/icyphy/ptII/ptolemy/actor/lib/test/auto/MathFunction.xml
----------------- Instantiating /home/travis/build/icyphy/ptII/ptolemy/actor/lib/test/auto/MathFunction.xml
2 ms. Memory: 294912K Free: 227319K (77%)
----------------- Invoking toplevel() on ptolemy.moml.MoMLSimpleApplication@3a3a877f
----------------- Done invoking toplevel() on ptolemy.moml.MoMLSimpleApplication@3a3a877f
reloadAllAccessors: .MathFunction

===========================================================================================
----------------- testing Fri Jul 17 15:09:30 UTC 2020 /home/travis/build/icyphy/ptII/ptolemy/actor/lib/test/auto/MathFunction2.xml
----------------- Instantiating /home/travis/build/icyphy/ptII/ptolemy/actor/lib/test/auto/MathFunction2.xml
1 ms. Memory: 294912K Free: 223223K (76%)
----------------- Invoking toplevel() on ptolemy.moml.MoMLSimpleApplication@7633ac98
----------------- Done invoking toplevel() on ptolemy.moml.MoMLSimpleApplication@7633ac98
reloadAllAccessors: .MathFunction2

===========================================================================================
----------------- testing Fri Jul 17 15:09:30 UTC 2020 /home/travis/build/icyphy/ptII/ptolemy/actor/lib/test/auto/MathFunction3.xml
----------------- Instantiating /home/travis/build/icyphy/ptII/ptolemy/actor/lib/test/auto/MathFunction3.xml
14 ms. Memory: 294912K Free: 216055K (73%)
----------------- Invoking toplevel() on ptolemy.moml.MoMLSimpleApplication@1c1091d7
----------------- Done invoking toplevel() on ptolemy.moml.MoMLSimpleApplication@1c1091d7
reloadAllAccessors: .MathFunction3

===========================================================================================
----------------- testing Fri Jul 17 15:09:30 UTC 2020 /home/travis/build/icyphy/ptII/ptolemy/actor/lib/test/auto/MatrixCropBoolean.xml
----------------- Instantiating /home/travis/build/icyphy/ptII/ptolemy/actor/lib/test/auto/MatrixCropBoolean.xml
1 ms. Memory: 294912K Free: 210905K (72%)
----------------- Invoking toplevel() on ptolemy.moml.MoMLSimpleApplication@27fdde48
----------------- Done invoking toplevel() on ptolemy.moml.MoMLSimpleApplication@27fdde48
reloadAllAccessors: .MatrixCropBoolean

===========================================================================================
----------------- testing Fri Jul 17 15:09:30 UTC 2020 /home/travis/build/icyphy/ptII/ptolemy/actor/lib/test/auto/MatrixCropComplex.xml
----------------- Instantiating /home/travis/build/icyphy/ptII/ptolemy/actor/lib/test/auto/MatrixCropComplex.xml
1 ms. Memory: 294912K Free: 205809K (70%)
----------------- Invoking toplevel() on ptolemy.moml.MoMLSimpleApplication@587f199e
----------------- Done invoking toplevel() on ptolemy.moml.MoMLSimpleApplication@587f199e
reloadAllAccessors: .MatrixCropComplex

===========================================================================================
----------------- testing Fri Jul 17 15:09:30 UTC 2020 /home/travis/build/icyphy/ptII/ptolemy/actor/lib/test/auto/MatrixCropDouble.xml
----------------- Instantiating /home/travis/build/icyphy/ptII/ptolemy/actor/lib/test/auto/MatrixCropDouble.xml
2 ms. Memory: 294912K Free: 200665K (68%)
----------------- Invoking toplevel() on ptolemy.moml.MoMLSimpleApplication@4855b6f6
----------------- Done invoking toplevel() on ptolemy.moml.MoMLSimpleApplication@4855b6f6
reloadAllAccessors: .MatrixCropDouble

===========================================================================================
----------------- testing Fri Jul 17 15:09:30 UTC 2020 /home/travis/build/icyphy/ptII/ptolemy/actor/lib/test/auto/MatrixCropFix.xml
----------------- Instantiating /home/travis/build/icyphy/ptII/ptolemy/actor/lib/test/auto/MatrixCropFix.xml
2 ms. Memory: 294912K Free: 195561K (66%)
----------------- Invoking toplevel() on ptolemy.moml.MoMLSimpleApplication@2cda1fff
----------------- Done invoking toplevel() on ptolemy.moml.MoMLSimpleApplication@2cda1fff
reloadAllAccessors: .MatrixCropFix

===========================================================================================
----------------- testing Fri Jul 17 15:09:30 UTC 2020 /home/travis/build/icyphy/ptII/ptolemy/actor/lib/test/auto/MatrixCropInt.xml
----------------- Instantiating /home/travis/build/icyphy/ptII/ptolemy/actor/lib/test/auto/MatrixCropInt.xml
2 ms. Memory: 294912K Free: 190425K (65%)
----------------- Invoking toplevel() on ptolemy.moml.MoMLSimpleApplication@544683f8
----------------- Done invoking toplevel() on ptolemy.moml.MoMLSimpleApplication@544683f8
reloadAllAccessors: .MatrixCropInt

===========================================================================================
----------------- testing Fri Jul 17 15:09:30 UTC 2020 /home/travis/build/icyphy/ptII/ptolemy/actor/lib/test/auto/MatrixCropLong.xml
----------------- Instantiating /home/travis/build/icyphy/ptII/ptolemy/actor/lib/test/auto/MatrixCropLong.xml
1 ms. Memory: 294912K Free: 185305K (63%)
----------------- Invoking toplevel() on ptolemy.moml.MoMLSimpleApplication@c0ea41c
----------------- Done invoking toplevel() on ptolemy.moml.MoMLSimpleApplication@c0ea41c
reloadAllAccessors: .MatrixCropLong

===========================================================================================
----------------- testing Fri Jul 17 15:09:30 UTC 2020 /home/travis/build/icyphy/ptII/ptolemy/actor/lib/test/auto/MatrixToArray.xml
----------------- Instantiating /home/travis/build/icyphy/ptII/ptolemy/actor/lib/test/auto/MatrixToArray.xml
10 ms. Memory: 294912K Free: 169975K (58%)
----------------- Invoking toplevel() on ptolemy.moml.MoMLSimpleApplication@c885fe6
----------------- Done invoking toplevel() on ptolemy.moml.MoMLSimpleApplication@c885fe6
reloadAllAccessors: .MatrixToArray

===========================================================================================
----------------- testing Fri Jul 17 15:09:30 UTC 2020 /home/travis/build/icyphy/ptII/ptolemy/actor/lib/test/auto/MaxIndex.xml
----------------- Instantiating /home/travis/build/icyphy/ptII/ptolemy/actor/lib/test/auto/MaxIndex.xml
2 ms. Memory: 294912K Free: 164855K (56%)
----------------- Invoking toplevel() on ptolemy.moml.MoMLSimpleApplication@1d053aae
----------------- Done invoking toplevel() on ptolemy.moml.MoMLSimpleApplication@1d053aae
reloadAllAccessors: .MaxIndex

===========================================================================================
----------------- testing Fri Jul 17 15:09:30 UTC 2020 /home/travis/build/icyphy/ptII/ptolemy/actor/lib/test/auto/Maximum.xml
----------------- Instantiating /home/travis/build/icyphy/ptII/ptolemy/actor/lib/test/auto/Maximum.xml
5 ms. Memory: 294912K Free: 158201K (54%)
----------------- Invoking toplevel() on ptolemy.moml.MoMLSimpleApplication@6ddfc50f
----------------- Done invoking toplevel() on ptolemy.moml.MoMLSimpleApplication@6ddfc50f
reloadAllAccessors: .Maximum

===========================================================================================
----------------- testing Fri Jul 17 15:09:30 UTC 2020 /home/travis/build/icyphy/ptII/ptolemy/actor/lib/test/auto/MaximumComplex.xml
----------------- Instantiating /home/travis/build/icyphy/ptII/ptolemy/actor/lib/test/auto/MaximumComplex.xml
4 ms. Memory: 294912K Free: 152057K (52%)
----------------- Invoking toplevel() on ptolemy.moml.MoMLSimpleApplication@776bbf30
----------------- Done invoking toplevel() on ptolemy.moml.MoMLSimpleApplication@776bbf30
reloadAllAccessors: .MaximumComplex

===========================================================================================
----------------- testing Fri Jul 17 15:09:30 UTC 2020 /home/travis/build/icyphy/ptII/ptolemy/actor/lib/test/auto/MethodCallTest.xml
----------------- Instantiating /home/travis/build/icyphy/ptII/ptolemy/actor/lib/test/auto/MethodCallTest.xml
2 ms. Memory: 294912K Free: 145399K (49%)
----------------- Invoking toplevel() on ptolemy.moml.MoMLSimpleApplication@5b2b1ff4
----------------- Done invoking toplevel() on ptolemy.moml.MoMLSimpleApplication@5b2b1ff4
reloadAllAccessors: .MethodCallTest

===========================================================================================
----------------- testing Fri Jul 17 15:09:30 UTC 2020 /home/travis/build/icyphy/ptII/ptolemy/actor/lib/test/auto/Minimum.xml
----------------- Instantiating /home/travis/build/icyphy/ptII/ptolemy/actor/lib/test/auto/Minimum.xml
3 ms. Memory: 294912K Free: 138745K (47%)
----------------- Invoking toplevel() on ptolemy.moml.MoMLSimpleApplication@33d67619
----------------- Done invoking toplevel() on ptolemy.moml.MoMLSimpleApplication@33d67619
reloadAllAccessors: .Minimum

===========================================================================================
----------------- testing Fri Jul 17 15:09:30 UTC 2020 /home/travis/build/icyphy/ptII/ptolemy/actor/lib/test/auto/MinimumComplex.xml
----------------- Instantiating /home/travis/build/icyphy/ptII/ptolemy/actor/lib/test/auto/MinimumComplex.xml
2 ms. Memory: 294912K Free: 132601K (45%)
----------------- Invoking toplevel() on ptolemy.moml.MoMLSimpleApplication@7c89405c
----------------- Done invoking toplevel() on ptolemy.moml.MoMLSimpleApplication@7c89405c
reloadAllAccessors: .MinimumComplex

===========================================================================================
----------------- testing Fri Jul 17 15:09:30 UTC 2020 /home/travis/build/icyphy/ptII/ptolemy/actor/lib/test/auto/MinimumMultiports.xml
----------------- Instantiating /home/travis/build/icyphy/ptII/ptolemy/actor/lib/test/auto/MinimumMultiports.xml
3 ms. Memory: 294912K Free: 123865K (42%)
----------------- Invoking toplevel() on ptolemy.moml.MoMLSimpleApplication@37d9d7ee
----------------- Done invoking toplevel() on ptolemy.moml.MoMLSimpleApplication@37d9d7ee
reloadAllAccessors: .MinimumMultiports

===========================================================================================
----------------- testing Fri Jul 17 15:09:30 UTC 2020 /home/travis/build/icyphy/ptII/ptolemy/actor/lib/test/auto/ModifyDate.xml
----------------- Instantiating /home/travis/build/icyphy/ptII/ptolemy/actor/lib/test/auto/ModifyDate.xml
8 ms. Memory: 294912K Free: 111097K (38%)
----------------- Invoking toplevel() on ptolemy.moml.MoMLSimpleApplication@3b8799c5
----------------- Done invoking toplevel() on ptolemy.moml.MoMLSimpleApplication@3b8799c5
reloadAllAccessors: .ModifyDate

===========================================================================================
----------------- testing Fri Jul 17 15:09:30 UTC 2020 /home/travis/build/icyphy/ptII/ptolemy/actor/lib/test/auto/ModifyDate2.xml
----------------- Instantiating /home/travis/build/icyphy/ptII/ptolemy/actor/lib/test/auto/ModifyDate2.xml
6 ms. Memory: 294912K Free: 102377K (35%)
----------------- Invoking toplevel() on ptolemy.moml.MoMLSimpleApplication@15a79538
----------------- Done invoking toplevel() on ptolemy.moml.MoMLSimpleApplication@15a79538
reloadAllAccessors: .ModifyDate2

===========================================================================================
----------------- testing Fri Jul 17 15:09:30 UTC 2020 /home/travis/build/icyphy/ptII/ptolemy/actor/lib/test/auto/MovingAverage.xml
----------------- Instantiating /home/travis/build/icyphy/ptII/ptolemy/actor/lib/test/auto/MovingAverage.xml
1 ms. Memory: 294912K Free: 97271K (33%)
----------------- Invoking toplevel() on ptolemy.moml.MoMLSimpleApplication@31629982
----------------- Done invoking toplevel() on ptolemy.moml.MoMLSimpleApplication@31629982
reloadAllAccessors: .MovingAverage

===========================================================================================
----------------- testing Fri Jul 17 15:09:30 UTC 2020 /home/travis/build/icyphy/ptII/ptolemy/actor/lib/test/auto/MovingMaximum.xml
----------------- Instantiating /home/travis/build/icyphy/ptII/ptolemy/actor/lib/test/auto/MovingMaximum.xml
2 ms. Memory: 294912K Free: 92665K (31%)
----------------- Invoking toplevel() on ptolemy.moml.MoMLSimpleApplication@667979b9
----------------- Done invoking toplevel() on ptolemy.moml.MoMLSimpleApplication@667979b9
reloadAllAccessors: .MovingMaximum

===========================================================================================
----------------- testing Fri Jul 17 15:09:30 UTC 2020 /home/travis/build/icyphy/ptII/ptolemy/actor/lib/test/auto/MultipleLinksToSameRelation.xml
----------------- Instantiating /home/travis/build/icyphy/ptII/ptolemy/actor/lib/test/auto/MultipleLinksToSameRelation.xml
2 ms. Memory: 294912K Free: 88569K (30%)
----------------- Invoking toplevel() on ptolemy.moml.MoMLSimpleApplication@9e50c98
----------------- Done invoking toplevel() on ptolemy.moml.MoMLSimpleApplication@9e50c98
reloadAllAccessors: .MultipleLinksToSameRelation

===========================================================================================
----------------- testing Fri Jul 17 15:09:30 UTC 2020 /home/travis/build/icyphy/ptII/ptolemy/actor/lib/test/auto/MultipleLinksToSameRelationDE.xml
----------------- Instantiating /home/travis/build/icyphy/ptII/ptolemy/actor/lib/test/auto/MultipleLinksToSameRelationDE.xml
2 ms. Memory: 294912K Free: 83945K (28%)
----------------- Invoking toplevel() on ptolemy.moml.MoMLSimpleApplication@a1a3a6a
----------------- Done invoking toplevel() on ptolemy.moml.MoMLSimpleApplication@a1a3a6a
reloadAllAccessors: .MultipleLinksToSameRelationDE

===========================================================================================
----------------- testing Fri Jul 17 15:09:30 UTC 2020 /home/travis/build/icyphy/ptII/ptolemy/actor/lib/test/auto/Multiplexor.xml
----------------- Instantiating /home/travis/build/icyphy/ptII/ptolemy/actor/lib/test/auto/Multiplexor.xml
2 ms. Memory: 294912K Free: 78329K (27%)
----------------- Invoking toplevel() on ptolemy.moml.MoMLSimpleApplication@eb59386
----------------- Done invoking toplevel() on ptolemy.moml.MoMLSimpleApplication@eb59386
reloadAllAccessors: .Multiplexor

===========================================================================================
----------------- testing Fri Jul 17 15:09:30 UTC 2020 /home/travis/build/icyphy/ptII/ptolemy/actor/lib/test/auto/Multiplexor1.xml
----------------- Instantiating /home/travis/build/icyphy/ptII/ptolemy/actor/lib/test/auto/Multiplexor1.xml
1 ms. Memory: 294912K Free: 72665K (25%)
----------------- Invoking toplevel() on ptolemy.moml.MoMLSimpleApplication@57367596
----------------- Done invoking toplevel() on ptolemy.moml.MoMLSimpleApplication@57367596
reloadAllAccessors: .Multiplexor1

===========================================================================================
----------------- testing Fri Jul 17 15:09:30 UTC 2020 /home/travis/build/icyphy/ptII/ptolemy/actor/lib/test/auto/Multiplexor2.xml
----------------- Instantiating /home/travis/build/icyphy/ptII/ptolemy/actor/lib/test/auto/Multiplexor2.xml
2 ms. Memory: 294912K Free: 239972K (81%)
----------------- Invoking toplevel() on ptolemy.moml.MoMLSimpleApplication@617c2b4a
----------------- Done invoking toplevel() on ptolemy.moml.MoMLSimpleApplication@617c2b4a
reloadAllAccessors: .Multiplexor2

===========================================================================================
----------------- testing Fri Jul 17 15:09:30 UTC 2020 /home/travis/build/icyphy/ptII/ptolemy/actor/lib/test/auto/Multiplexor3.xml
----------------- Instantiating /home/travis/build/icyphy/ptII/ptolemy/actor/lib/test/auto/Multiplexor3.xml
3 ms. Memory: 294912K Free: 235876K (80%)
----------------- Invoking toplevel() on ptolemy.moml.MoMLSimpleApplication@5aef021d
----------------- Done invoking toplevel() on ptolemy.moml.MoMLSimpleApplication@5aef021d
reloadAllAccessors: .Multiplexor3

===========================================================================================
----------------- testing Fri Jul 17 15:09:30 UTC 2020 /home/travis/build/icyphy/ptII/ptolemy/actor/lib/test/auto/MultiplexorDE.xml
----------------- Instantiating /home/travis/build/icyphy/ptII/ptolemy/actor/lib/test/auto/MultiplexorDE.xml
2 ms. Memory: 294912K Free: 228164K (77%)
----------------- Invoking toplevel() on ptolemy.moml.MoMLSimpleApplication@3eeb0753
----------------- Done invoking toplevel() on ptolemy.moml.MoMLSimpleApplication@3eeb0753
reloadAllAccessors: .MultiplexorDE

===========================================================================================
----------------- testing Fri Jul 17 15:09:30 UTC 2020 /home/travis/build/icyphy/ptII/ptolemy/actor/lib/test/auto/MultiportBroadcastTest.xml
----------------- Instantiating /home/travis/build/icyphy/ptII/ptolemy/actor/lib/test/auto/MultiportBroadcastTest.xml
83 ms. Memory: 294912K Free: 221540K (75%)
----------------- Invoking toplevel() on ptolemy.moml.MoMLSimpleApplication@2d913b02
----------------- Done invoking toplevel() on ptolemy.moml.MoMLSimpleApplication@2d913b02
reloadAllAccessors: .MultiportBroadcastTest

===========================================================================================
----------------- testing Fri Jul 17 15:09:30 UTC 2020 /home/travis/build/icyphy/ptII/ptolemy/actor/lib/test/auto/MultiportOutHangDuringGetWidth.xml
----------------- Instantiating /home/travis/build/icyphy/ptII/ptolemy/actor/lib/test/auto/MultiportOutHangDuringGetWidth.xml
9 ms. Memory: 294912K Free: 209252K (71%)
----------------- Invoking toplevel() on ptolemy.moml.MoMLSimpleApplication@4ddf766d
----------------- Done invoking toplevel() on ptolemy.moml.MoMLSimpleApplication@4ddf766d
reloadAllAccessors: .MultiportOutHangDuringGetWidth

===========================================================================================
----------------- testing Fri Jul 17 15:09:31 UTC 2020 /home/travis/build/icyphy/ptII/ptolemy/actor/lib/test/auto/NilToken.xml
----------------- Instantiating /home/travis/build/icyphy/ptII/ptolemy/actor/lib/test/auto/NilToken.xml
1 ms. Memory: 294912K Free: 205156K (70%)
----------------- Invoking toplevel() on ptolemy.moml.MoMLSimpleApplication@4a0e5fad
----------------- Done invoking toplevel() on ptolemy.moml.MoMLSimpleApplication@4a0e5fad
reloadAllAccessors: .NilToken

===========================================================================================
----------------- testing Fri Jul 17 15:09:31 UTC 2020 /home/travis/build/icyphy/ptII/ptolemy/actor/lib/test/auto/NilTokenNonStrictTest.xml
----------------- Instantiating /home/travis/build/icyphy/ptII/ptolemy/actor/lib/test/auto/NilTokenNonStrictTest.xml
2 ms. Memory: 294912K Free: 200546K (68%)
----------------- Invoking toplevel() on ptolemy.moml.MoMLSimpleApplication@7f324a94
----------------- Done invoking toplevel() on ptolemy.moml.MoMLSimpleApplication@7f324a94
reloadAllAccessors: .NilTokenNonStrictTest

===========================================================================================
----------------- testing Fri Jul 17 15:09:31 UTC 2020 /home/travis/build/icyphy/ptII/ptolemy/actor/lib/test/auto/NilTokenRecord.xml
----------------- Instantiating /home/travis/build/icyphy/ptII/ptolemy/actor/lib/test/auto/NilTokenRecord.xml
5 ms. Memory: 294912K Free: 193892K (66%)
----------------- Invoking toplevel() on ptolemy.moml.MoMLSimpleApplication@6b671a95
----------------- Done invoking toplevel() on ptolemy.moml.MoMLSimpleApplication@6b671a95
reloadAllAccessors: .NilTokenRecord

===========================================================================================
----------------- testing Fri Jul 17 15:09:31 UTC 2020 /home/travis/build/icyphy/ptII/ptolemy/actor/lib/test/auto/NilTokenTypeTest.xml
----------------- Instantiating /home/travis/build/icyphy/ptII/ptolemy/actor/lib/test/auto/NilTokenTypeTest.xml
5 ms. Memory: 294912K Free: 184162K (62%)
----------------- Invoking toplevel() on ptolemy.moml.MoMLSimpleApplication@2b9f11b1
----------------- Done invoking toplevel() on ptolemy.moml.MoMLSimpleApplication@2b9f11b1
reloadAllAccessors: .NilTokenTypeTest

===========================================================================================
----------------- testing Fri Jul 17 15:09:31 UTC 2020 /home/travis/build/icyphy/ptII/ptolemy/actor/lib/test/auto/ObjectToken1.xml
----------------- Instantiating /home/travis/build/icyphy/ptII/ptolemy/actor/lib/test/auto/ObjectToken1.xml
2 ms. Memory: 294912K Free: 180066K (61%)
----------------- Invoking toplevel() on ptolemy.moml.MoMLSimpleApplication@771243bb
----------------- Done invoking toplevel() on ptolemy.moml.MoMLSimpleApplication@771243bb
reloadAllAccessors: .ObjectToken1

===========================================================================================
----------------- testing Fri Jul 17 15:09:31 UTC 2020 /home/travis/build/icyphy/ptII/ptolemy/actor/lib/test/auto/OrderedMerge.xml
----------------- Instantiating /home/travis/build/icyphy/ptII/ptolemy/actor/lib/test/auto/OrderedMerge.xml
10 ms. Memory: 294912K Free: 174436K (59%)
----------------- Invoking toplevel() on ptolemy.moml.MoMLSimpleApplication@22b99a55
----------------- Done invoking toplevel() on ptolemy.moml.MoMLSimpleApplication@22b99a55
reloadAllAccessors: .OrderedMerge

===========================================================================================
----------------- testing Fri Jul 17 15:09:31 UTC 2020 /home/travis/build/icyphy/ptII/ptolemy/actor/lib/test/auto/OrderedRecordDisassembler.xml
----------------- Instantiating /home/travis/build/icyphy/ptII/ptolemy/actor/lib/test/auto/OrderedRecordDisassembler.xml
2 ms. Memory: 294912K Free: 168796K (57%)
----------------- Invoking toplevel() on ptolemy.moml.MoMLSimpleApplication@4f091113
----------------- Done invoking toplevel() on ptolemy.moml.MoMLSimpleApplication@4f091113
reloadAllAccessors: .OrderedRecordDisassembler

===========================================================================================
----------------- testing Fri Jul 17 15:09:31 UTC 2020 /home/travis/build/icyphy/ptII/ptolemy/actor/lib/test/auto/OrderedRecordDisassembler2.xml
----------------- Instantiating /home/travis/build/icyphy/ptII/ptolemy/actor/lib/test/auto/OrderedRecordDisassembler2.xml
4 ms. Memory: 294912K Free: 161124K (55%)
----------------- Invoking toplevel() on ptolemy.moml.MoMLSimpleApplication@3a94964a
----------------- Done invoking toplevel() on ptolemy.moml.MoMLSimpleApplication@3a94964a
reloadAllAccessors: .OrderedRecordDisassembler2

===========================================================================================
----------------- testing Fri Jul 17 15:09:31 UTC 2020 /home/travis/build/icyphy/ptII/ptolemy/actor/lib/test/auto/OrderedRecordUpdater.xml
----------------- Instantiating /home/travis/build/icyphy/ptII/ptolemy/actor/lib/test/auto/OrderedRecordUpdater.xml
2 ms. Memory: 294912K Free: 156004K (53%)
----------------- Invoking toplevel() on ptolemy.moml.MoMLSimpleApplication@3641fb11
----------------- Done invoking toplevel() on ptolemy.moml.MoMLSimpleApplication@3641fb11
reloadAllAccessors: .RecordUpdater

===========================================================================================
----------------- testing Fri Jul 17 15:09:31 UTC 2020 /home/travis/build/icyphy/ptII/ptolemy/actor/lib/test/auto/OrderedRecordUpdater2.xml
----------------- Instantiating /home/travis/build/icyphy/ptII/ptolemy/actor/lib/test/auto/OrderedRecordUpdater2.xml
2 ms. Memory: 294912K Free: 150884K (51%)
----------------- Invoking toplevel() on ptolemy.moml.MoMLSimpleApplication@310a8eff
----------------- Done invoking toplevel() on ptolemy.moml.MoMLSimpleApplication@310a8eff
reloadAllAccessors: .RecordUpdater2

===========================================================================================
----------------- testing Fri Jul 17 15:09:31 UTC 2020 /home/travis/build/icyphy/ptII/ptolemy/actor/lib/test/auto/PhaseUnwrap.xml
----------------- Instantiating /home/travis/build/icyphy/ptII/ptolemy/actor/lib/test/auto/PhaseUnwrap.xml
2 ms. Memory: 294912K Free: 146274K (50%)
----------------- Invoking toplevel() on ptolemy.moml.MoMLSimpleApplication@5591a100
----------------- Done invoking toplevel() on ptolemy.moml.MoMLSimpleApplication@5591a100
reloadAllAccessors: .PhaseUnwrap

===========================================================================================
----------------- testing Fri Jul 17 15:09:31 UTC 2020 /home/travis/build/icyphy/ptII/ptolemy/actor/lib/test/auto/PoissonClock.xml
----------------- Instantiating /home/travis/build/icyphy/ptII/ptolemy/actor/lib/test/auto/PoissonClock.xml
1 ms. Memory: 294912K Free: 142178K (48%)
----------------- Invoking toplevel() on ptolemy.moml.MoMLSimpleApplication@78522355
----------------- Done invoking toplevel() on ptolemy.moml.MoMLSimpleApplication@78522355
reloadAllAccessors: .PoissonClock

===========================================================================================
----------------- testing Fri Jul 17 15:09:31 UTC 2020 /home/travis/build/icyphy/ptII/ptolemy/actor/lib/test/auto/PoissonClock2.xml
----------------- Instantiating /home/travis/build/icyphy/ptII/ptolemy/actor/lib/test/auto/PoissonClock2.xml
1 ms. Memory: 294912K Free: 137572K (47%)
----------------- Invoking toplevel() on ptolemy.moml.MoMLSimpleApplication@1688f517
----------------- Done invoking toplevel() on ptolemy.moml.MoMLSimpleApplication@1688f517
reloadAllAccessors: .PoissonClock2

===========================================================================================
----------------- testing Fri Jul 17 15:09:31 UTC 2020 /home/travis/build/icyphy/ptII/ptolemy/actor/lib/test/auto/PoissonClock3.xml
----------------- Instantiating /home/travis/build/icyphy/ptII/ptolemy/actor/lib/test/auto/PoissonClock3.xml
2 ms. Memory: 294912K Free: 132962K (45%)
----------------- Invoking toplevel() on ptolemy.moml.MoMLSimpleApplication@5a36c979
----------------- Done invoking toplevel() on ptolemy.moml.MoMLSimpleApplication@5a36c979
reloadAllAccessors: .PoissonClock3

===========================================================================================
----------------- testing Fri Jul 17 15:09:31 UTC 2020 /home/travis/build/icyphy/ptII/ptolemy/actor/lib/test/auto/PubSubWithInitialTokens.xml
----------------- Instantiating /home/travis/build/icyphy/ptII/ptolemy/actor/lib/test/auto/PubSubWithInitialTokens.xml
2 ms. Memory: 294912K Free: 127332K (43%)
----------------- Invoking toplevel() on ptolemy.moml.MoMLSimpleApplication@7d9cbb36
----------------- Done invoking toplevel() on ptolemy.moml.MoMLSimpleApplication@7d9cbb36
reloadAllAccessors: .PubSubWithInitialTokens

===========================================================================================
----------------- testing Fri Jul 17 15:09:31 UTC 2020 /home/travis/build/icyphy/ptII/ptolemy/actor/lib/test/auto/PubSubWithInitialTokens2.xml
----------------- Instantiating /home/travis/build/icyphy/ptII/ptolemy/actor/lib/test/auto/PubSubWithInitialTokens2.xml
2 ms. Memory: 294912K Free: 121188K (41%)
----------------- Invoking toplevel() on ptolemy.moml.MoMLSimpleApplication@697abac5
----------------- Done invoking toplevel() on ptolemy.moml.MoMLSimpleApplication@697abac5
reloadAllAccessors: .PubSubWithInitialTokens2

===========================================================================================
----------------- testing Fri Jul 17 15:09:31 UTC 2020 /home/travis/build/icyphy/ptII/ptolemy/actor/lib/test/auto/PublisherClassNoParameter.xml
----------------- Instantiating /home/travis/build/icyphy/ptII/ptolemy/actor/lib/test/auto/PublisherClassNoParameter.xml
2 ms. Memory: 294912K Free: 111444K (38%)
----------------- Invoking toplevel() on ptolemy.moml.MoMLSimpleApplication@3bf3455d
----------------- Done invoking toplevel() on ptolemy.moml.MoMLSimpleApplication@3bf3455d
reloadAllAccessors: .PublisherClassNoParameter

===========================================================================================
----------------- testing Fri Jul 17 15:09:31 UTC 2020 /home/travis/build/icyphy/ptII/ptolemy/actor/lib/test/auto/PublisherClassParameter.xml
----------------- Instantiating /home/travis/build/icyphy/ptII/ptolemy/actor/lib/test/auto/PublisherClassParameter.xml
2 ms. Memory: 294912K Free: 101204K (34%)
----------------- Invoking toplevel() on ptolemy.moml.MoMLSimpleApplication@217589ca
----------------- Done invoking toplevel() on ptolemy.moml.MoMLSimpleApplication@217589ca
reloadAllAccessors: .PublisherClassParameter

===========================================================================================
----------------- testing Fri Jul 17 15:09:31 UTC 2020 /home/travis/build/icyphy/ptII/ptolemy/actor/lib/test/auto/PublisherNonStrictTest.xml
----------------- Instantiating /home/travis/build/icyphy/ptII/ptolemy/actor/lib/test/auto/PublisherNonStrictTest.xml
3 ms. Memory: 294912K Free: 93540K (32%)
----------------- Invoking toplevel() on ptolemy.moml.MoMLSimpleApplication@4e8c8a62
----------------- Done invoking toplevel() on ptolemy.moml.MoMLSimpleApplication@4e8c8a62
reloadAllAccessors: .PublisherNonStrictTest

===========================================================================================
----------------- testing Fri Jul 17 15:09:31 UTC 2020 /home/travis/build/icyphy/ptII/ptolemy/actor/lib/test/auto/PublisherPort1.xml
----------------- Instantiating /home/travis/build/icyphy/ptII/ptolemy/actor/lib/test/auto/PublisherPort1.xml
9 ms. Memory: 294912K Free: 87892K (30%)
----------------- Invoking toplevel() on ptolemy.moml.MoMLSimpleApplication@513ce079
----------------- Done invoking toplevel() on ptolemy.moml.MoMLSimpleApplication@513ce079
reloadAllAccessors: .PublisherPort1

===========================================================================================
----------------- testing Fri Jul 17 15:09:31 UTC 2020 /home/travis/build/icyphy/ptII/ptolemy/actor/lib/test/auto/PublisherPort2.xml
----------------- Instantiating /home/travis/build/icyphy/ptII/ptolemy/actor/lib/test/auto/PublisherPort2.xml
1 ms. Memory: 294912K Free: 82786K (28%)
----------------- Invoking toplevel() on ptolemy.moml.MoMLSimpleApplication@7a5bce0
----------------- Done invoking toplevel() on ptolemy.moml.MoMLSimpleApplication@7a5bce0
reloadAllAccessors: .PublisherPort2

===========================================================================================
----------------- testing Fri Jul 17 15:09:31 UTC 2020 /home/travis/build/icyphy/ptII/ptolemy/actor/lib/test/auto/PublisherPort3.xml
----------------- Instantiating /home/travis/build/icyphy/ptII/ptolemy/actor/lib/test/auto/PublisherPort3.xml
4 ms. Memory: 294912K Free: 75588K (26%)
----------------- Invoking toplevel() on ptolemy.moml.MoMLSimpleApplication@4cd3d53d
----------------- Done invoking toplevel() on ptolemy.moml.MoMLSimpleApplication@4cd3d53d
reloadAllAccessors: .PublisherPort3

===========================================================================================
----------------- testing Fri Jul 17 15:09:31 UTC 2020 /home/travis/build/icyphy/ptII/ptolemy/actor/lib/test/auto/PublisherPort4.xml
----------------- Instantiating /home/travis/build/icyphy/ptII/ptolemy/actor/lib/test/auto/PublisherPort4.xml
2 ms. Memory: 294912K Free: 243740K (83%)
----------------- Invoking toplevel() on ptolemy.moml.MoMLSimpleApplication@1c6485c3
----------------- Done invoking toplevel() on ptolemy.moml.MoMLSimpleApplication@1c6485c3
reloadAllAccessors: .PublisherPort4

===========================================================================================
----------------- testing Fri Jul 17 15:09:31 UTC 2020 /home/travis/build/icyphy/ptII/ptolemy/actor/lib/test/auto/PublisherPort5.xml
----------------- Instantiating /home/travis/build/icyphy/ptII/ptolemy/actor/lib/test/auto/PublisherPort5.xml
3 ms. Memory: 294912K Free: 235548K (80%)
----------------- Invoking toplevel() on ptolemy.moml.MoMLSimpleApplication@4ae03ad7
----------------- Done invoking toplevel() on ptolemy.moml.MoMLSimpleApplication@4ae03ad7
reloadAllAccessors: .PublisherPort5

===========================================================================================
----------------- testing Fri Jul 17 15:09:31 UTC 2020 /home/travis/build/icyphy/ptII/ptolemy/actor/lib/test/auto/PublisherPort5LookAlike.xml
----------------- Instantiating /home/travis/build/icyphy/ptII/ptolemy/actor/lib/test/auto/PublisherPort5LookAlike.xml
6 ms. Memory: 294912K Free: 227866K (77%)
----------------- Invoking toplevel() on ptolemy.moml.MoMLSimpleApplication@722453d7
----------------- Done invoking toplevel() on ptolemy.moml.MoMLSimpleApplication@722453d7
reloadAllAccessors: .PublisherPort5LookAlike

===========================================================================================
----------------- testing Fri Jul 17 15:09:31 UTC 2020 /home/travis/build/icyphy/ptII/ptolemy/actor/lib/test/auto/PublisherPort6.xml
----------------- Instantiating /home/travis/build/icyphy/ptII/ptolemy/actor/lib/test/auto/PublisherPort6.xml
2 ms. Memory: 294912K Free: 221212K (75%)
----------------- Invoking toplevel() on ptolemy.moml.MoMLSimpleApplication@444f0810
----------------- Done invoking toplevel() on ptolemy.moml.MoMLSimpleApplication@444f0810
reloadAllAccessors: .PublisherPort6

===========================================================================================
----------------- testing Fri Jul 17 15:09:31 UTC 2020 /home/travis/build/icyphy/ptII/ptolemy/actor/lib/test/auto/PublisherPort7.xml
----------------- Instantiating /home/travis/build/icyphy/ptII/ptolemy/actor/lib/test/auto/PublisherPort7.xml
3 ms. Memory: 294912K Free: 213530K (72%)
----------------- Invoking toplevel() on ptolemy.moml.MoMLSimpleApplication@6c1a21dc
----------------- Done invoking toplevel() on ptolemy.moml.MoMLSimpleApplication@6c1a21dc
reloadAllAccessors: .PublisherPort7

===========================================================================================
----------------- testing Fri Jul 17 15:09:31 UTC 2020 /home/travis/build/icyphy/ptII/ptolemy/actor/lib/test/auto/PublisherPort8.xml
----------------- Instantiating /home/travis/build/icyphy/ptII/ptolemy/actor/lib/test/auto/PublisherPort8.xml
3 ms. Memory: 294912K Free: 204828K (69%)
----------------- Invoking toplevel() on ptolemy.moml.MoMLSimpleApplication@581e32d7
----------------- Done invoking toplevel() on ptolemy.moml.MoMLSimpleApplication@581e32d7
reloadAllAccessors: .PublisherPort8

===========================================================================================
----------------- testing Fri Jul 17 15:09:31 UTC 2020 /home/travis/build/icyphy/ptII/ptolemy/actor/lib/test/auto/PublisherPortSubscriberChannelVariablesAOC2.xml
----------------- Instantiating /home/travis/build/icyphy/ptII/ptolemy/actor/lib/test/auto/PublisherPortSubscriberChannelVariablesAOC2.xml
2 ms. Memory: 294912K Free: 187420K (64%)
----------------- Invoking toplevel() on ptolemy.moml.MoMLSimpleApplication@48a4b005
----------------- Done invoking toplevel() on ptolemy.moml.MoMLSimpleApplication@48a4b005
reloadAllAccessors: .PublisherPortSubscriberChannelVariablesAOC2

===========================================================================================
----------------- testing Fri Jul 17 15:09:31 UTC 2020 /home/travis/build/icyphy/ptII/ptolemy/actor/lib/test/auto/PublisherPortSubscriberOpaqueWidthInference.xml
----------------- Instantiating /home/travis/build/icyphy/ptII/ptolemy/actor/lib/test/auto/PublisherPortSubscriberOpaqueWidthInference.xml
3 ms. Memory: 294912K Free: 179724K (61%)
----------------- Invoking toplevel() on ptolemy.moml.MoMLSimpleApplication@326945ab
----------------- Done invoking toplevel() on ptolemy.moml.MoMLSimpleApplication@326945ab
reloadAllAccessors: .PublisherPortSubscriberOpaqueWidthInference

===========================================================================================
----------------- testing Fri Jul 17 15:09:31 UTC 2020 /home/travis/build/icyphy/ptII/ptolemy/actor/lib/test/auto/PublisherPortSubscriberPortAdjacent.xml
----------------- Instantiating /home/travis/build/icyphy/ptII/ptolemy/actor/lib/test/auto/PublisherPortSubscriberPortAdjacent.xml
2 ms. Memory: 294912K Free: 171546K (58%)
----------------- Invoking toplevel() on ptolemy.moml.MoMLSimpleApplication@23c86c94
----------------- Done invoking toplevel() on ptolemy.moml.MoMLSimpleApplication@23c86c94
reloadAllAccessors: .PublisherPortSubscriberPortAdjacent

===========================================================================================
----------------- testing Fri Jul 17 15:09:31 UTC 2020 /home/travis/build/icyphy/ptII/ptolemy/actor/lib/test/auto/PublisherPortSubscriberPortExpression.xml
----------------- Instantiating /home/travis/build/icyphy/ptII/ptolemy/actor/lib/test/auto/PublisherPortSubscriberPortExpression.xml
3 ms. Memory: 294912K Free: 163340K (55%)
----------------- Invoking toplevel() on ptolemy.moml.MoMLSimpleApplication@2b1f882c
----------------- Done invoking toplevel() on ptolemy.moml.MoMLSimpleApplication@2b1f882c
reloadAllAccessors: .PublisherPortSubscriberPortExpression

===========================================================================================
----------------- testing Fri Jul 17 15:09:31 UTC 2020 /home/travis/build/icyphy/ptII/ptolemy/actor/lib/test/auto/PublisherPortSubscriberPortOpaqueD3Reverse.xml
----------------- Instantiating /home/travis/build/icyphy/ptII/ptolemy/actor/lib/test/auto/PublisherPortSubscriberPortOpaqueD3Reverse.xml
9 ms. Memory: 294912K Free: 152604K (52%)
----------------- Invoking toplevel() on ptolemy.moml.MoMLSimpleApplication@67b63b87
----------------- Done invoking toplevel() on ptolemy.moml.MoMLSimpleApplication@67b63b87
reloadAllAccessors: .PublisherPortSubscriberPortOpaqueD3Reverse

===========================================================================================
----------------- testing Fri Jul 17 15:09:31 UTC 2020 /home/travis/build/icyphy/ptII/ptolemy/actor/lib/test/auto/PublisherPortSubscriberPortOpaqueWidthInference.xml
----------------- Instantiating /home/travis/build/icyphy/ptII/ptolemy/actor/lib/test/auto/PublisherPortSubscriberPortOpaqueWidthInference.xml
3 ms. Memory: 294912K Free: 144908K (49%)
----------------- Invoking toplevel() on ptolemy.moml.MoMLSimpleApplication@585a75fd
----------------- Done invoking toplevel() on ptolemy.moml.MoMLSimpleApplication@585a75fd
reloadAllAccessors: .PublisherPortSubscriberPortOpaqueWidthInference

===========================================================================================
----------------- testing Fri Jul 17 15:09:31 UTC 2020 /home/travis/build/icyphy/ptII/ptolemy/actor/lib/test/auto/PublisherPortToplevelSubscriberPortAOC.xml
----------------- Instantiating /home/travis/build/icyphy/ptII/ptolemy/actor/lib/test/auto/PublisherPortToplevelSubscriberPortAOC.xml
.PublisherPortToplevelSubscriberPortAOC.TestExceptionAttribute: initialize() was not invoked, but wrapup() was.  This is unusual, but not always a problem.  For example, exporting JNLP will do this.
0 ms. Memory: 294912K Free: 138778K (47%)
----------------- Invoking toplevel() on ptolemy.moml.MoMLSimpleApplication@5d86bda8
----------------- Done invoking toplevel() on ptolemy.moml.MoMLSimpleApplication@5d86bda8
reloadAllAccessors: .PublisherPortToplevelSubscriberPortAOC

===========================================================================================
----------------- testing Fri Jul 17 15:09:31 UTC 2020 /home/travis/build/icyphy/ptII/ptolemy/actor/lib/test/auto/PublisherSubscriber.xml
----------------- Instantiating /home/travis/build/icyphy/ptII/ptolemy/actor/lib/test/auto/PublisherSubscriber.xml
2 ms. Memory: 294912K Free: 131580K (45%)
----------------- Invoking toplevel() on ptolemy.moml.MoMLSimpleApplication@bbdd623
----------------- Done invoking toplevel() on ptolemy.moml.MoMLSimpleApplication@bbdd623
reloadAllAccessors: .PublisherSubscriber

===========================================================================================
----------------- testing Fri Jul 17 15:09:31 UTC 2020 /home/travis/build/icyphy/ptII/ptolemy/actor/lib/test/auto/PublisherSubscriber10.xml
----------------- Instantiating /home/travis/build/icyphy/ptII/ptolemy/actor/lib/test/auto/PublisherSubscriber10.xml
9 ms. Memory: 294912K Free: 121884K (41%)
----------------- Invoking toplevel() on ptolemy.moml.MoMLSimpleApplication@2429c62e
----------------- Done invoking toplevel() on ptolemy.moml.MoMLSimpleApplication@2429c62e
reloadAllAccessors: .PublisherSubscriber10

===========================================================================================
----------------- testing Fri Jul 17 15:09:31 UTC 2020 /home/travis/build/icyphy/ptII/ptolemy/actor/lib/test/auto/PublisherSubscriber10InitialOutputs.xml
----------------- Instantiating /home/travis/build/icyphy/ptII/ptolemy/actor/lib/test/auto/PublisherSubscriber10InitialOutputs.xml
14 ms. Memory: 294912K Free: 112668K (38%)
----------------- Invoking toplevel() on ptolemy.moml.MoMLSimpleApplication@6078058c
----------------- Done invoking toplevel() on ptolemy.moml.MoMLSimpleApplication@6078058c
reloadAllAccessors: .PublisherSubscriber10InitialOutputs

===========================================================================================
----------------- testing Fri Jul 17 15:09:31 UTC 2020 /home/travis/build/icyphy/ptII/ptolemy/actor/lib/test/auto/PublisherSubscriber11.xml
----------------- Instantiating /home/travis/build/icyphy/ptII/ptolemy/actor/lib/test/auto/PublisherSubscriber11.xml
3 ms. Memory: 294912K Free: 106524K (36%)
----------------- Invoking toplevel() on ptolemy.moml.MoMLSimpleApplication@23ed91fd
----------------- Done invoking toplevel() on ptolemy.moml.MoMLSimpleApplication@23ed91fd
reloadAllAccessors: .PublisherSubscriber11

===========================================================================================
----------------- testing Fri Jul 17 15:09:31 UTC 2020 /home/travis/build/icyphy/ptII/ptolemy/actor/lib/test/auto/PublisherSubscriber12.xml
----------------- Instantiating /home/travis/build/icyphy/ptII/ptolemy/actor/lib/test/auto/PublisherSubscriber12.xml
4 ms. Memory: 294912K Free: 99356K (34%)
----------------- Invoking toplevel() on ptolemy.moml.MoMLSimpleApplication@67429670
----------------- Done invoking toplevel() on ptolemy.moml.MoMLSimpleApplication@67429670
reloadAllAccessors: .PublisherSubscriber12

===========================================================================================
----------------- testing Fri Jul 17 15:09:31 UTC 2020 /home/travis/build/icyphy/ptII/ptolemy/actor/lib/test/auto/PublisherSubscriber13.xml
----------------- Instantiating /home/travis/build/icyphy/ptII/ptolemy/actor/lib/test/auto/PublisherSubscriber13.xml
2 ms. Memory: 294912K Free: 93708K (32%)
----------------- Invoking toplevel() on ptolemy.moml.MoMLSimpleApplication@7ecacfa9
----------------- Done invoking toplevel() on ptolemy.moml.MoMLSimpleApplication@7ecacfa9
reloadAllAccessors: .PublisherSubscriber13

===========================================================================================
----------------- testing Fri Jul 17 15:09:31 UTC 2020 /home/travis/build/icyphy/ptII/ptolemy/actor/lib/test/auto/PublisherSubscriber14.xml
----------------- Instantiating /home/travis/build/icyphy/ptII/ptolemy/actor/lib/test/auto/PublisherSubscriber14.xml
2 ms. Memory: 294912K Free: 85020K (29%)
----------------- Invoking toplevel() on ptolemy.moml.MoMLSimpleApplication@1659bbb1
----------------- Done invoking toplevel() on ptolemy.moml.MoMLSimpleApplication@1659bbb1
reloadAllAccessors: .PublisherSubscriber14

===========================================================================================
----------------- testing Fri Jul 17 15:09:31 UTC 2020 /home/travis/build/icyphy/ptII/ptolemy/actor/lib/test/auto/PublisherSubscriber2.xml
----------------- Instantiating /home/travis/build/icyphy/ptII/ptolemy/actor/lib/test/auto/PublisherSubscriber2.xml
2 ms. Memory: 294912K Free: 79356K (27%)
----------------- Invoking toplevel() on ptolemy.moml.MoMLSimpleApplication@7615804f
----------------- Done invoking toplevel() on ptolemy.moml.MoMLSimpleApplication@7615804f
reloadAllAccessors: .PublisherSubscriber2

===========================================================================================
----------------- testing Fri Jul 17 15:09:31 UTC 2020 /home/travis/build/icyphy/ptII/ptolemy/actor/lib/test/auto/PublisherSubscriber3.xml
----------------- Instantiating /home/travis/build/icyphy/ptII/ptolemy/actor/lib/test/auto/PublisherSubscriber3.xml
2 ms. Memory: 294912K Free: 73756K (25%)
----------------- Invoking toplevel() on ptolemy.moml.MoMLSimpleApplication@6eef323b
----------------- Done invoking toplevel() on ptolemy.moml.MoMLSimpleApplication@6eef323b
reloadAllAccessors: .PublisherSubscriber3

===========================================================================================
----------------- testing Fri Jul 17 15:09:31 UTC 2020 /home/travis/build/icyphy/ptII/ptolemy/actor/lib/test/auto/PublisherSubscriber4.xml
----------------- Instantiating /home/travis/build/icyphy/ptII/ptolemy/actor/lib/test/auto/PublisherSubscriber4.xml
1 ms. Memory: 294912K Free: 241827K (82%)
----------------- Invoking toplevel() on ptolemy.moml.MoMLSimpleApplication@2d68d753
----------------- Done invoking toplevel() on ptolemy.moml.MoMLSimpleApplication@2d68d753
reloadAllAccessors: .PublisherSubscriber4

===========================================================================================
----------------- testing Fri Jul 17 15:09:31 UTC 2020 /home/travis/build/icyphy/ptII/ptolemy/actor/lib/test/auto/PublisherSubscriber5.xml
----------------- Instantiating /home/travis/build/icyphy/ptII/ptolemy/actor/lib/test/auto/PublisherSubscriber5.xml
2 ms. Memory: 294912K Free: 235155K (80%)
----------------- Invoking toplevel() on ptolemy.moml.MoMLSimpleApplication@402eda94
----------------- Done invoking toplevel() on ptolemy.moml.MoMLSimpleApplication@402eda94
reloadAllAccessors: .PublisherSubscriber5

===========================================================================================
----------------- testing Fri Jul 17 15:09:31 UTC 2020 /home/travis/build/icyphy/ptII/ptolemy/actor/lib/test/auto/PublisherSubscriber6.xml
----------------- Instantiating /home/travis/build/icyphy/ptII/ptolemy/actor/lib/test/auto/PublisherSubscriber6.xml
3 ms. Memory: 294912K Free: 228001K (77%)
----------------- Invoking toplevel() on ptolemy.moml.MoMLSimpleApplication@7ec6a2a1
----------------- Done invoking toplevel() on ptolemy.moml.MoMLSimpleApplication@7ec6a2a1
reloadAllAccessors: .PublisherSubscriber6

===========================================================================================
----------------- testing Fri Jul 17 15:09:31 UTC 2020 /home/travis/build/icyphy/ptII/ptolemy/actor/lib/test/auto/PublisherSubscriber7.xml
----------------- Instantiating /home/travis/build/icyphy/ptII/ptolemy/actor/lib/test/auto/PublisherSubscriber7.xml
6 ms. Memory: 294912K Free: 221347K (75%)
----------------- Invoking toplevel() on ptolemy.moml.MoMLSimpleApplication@786ab497
----------------- Done invoking toplevel() on ptolemy.moml.MoMLSimpleApplication@786ab497
reloadAllAccessors: .PublisherSubscriber7

===========================================================================================
----------------- testing Fri Jul 17 15:09:31 UTC 2020 /home/travis/build/icyphy/ptII/ptolemy/actor/lib/test/auto/PublisherSubscriber8.xml
----------------- Instantiating /home/travis/build/icyphy/ptII/ptolemy/actor/lib/test/auto/PublisherSubscriber8.xml
12 ms. Memory: 294912K Free: 209569K (71%)
----------------- Invoking toplevel() on ptolemy.moml.MoMLSimpleApplication@44d8b092
----------------- Done invoking toplevel() on ptolemy.moml.MoMLSimpleApplication@44d8b092
reloadAllAccessors: .PublisherSubscriber8

===========================================================================================
----------------- testing Fri Jul 17 15:09:31 UTC 2020 /home/travis/build/icyphy/ptII/ptolemy/actor/lib/test/auto/PublisherSubscriber9.xml
----------------- Instantiating /home/travis/build/icyphy/ptII/ptolemy/actor/lib/test/auto/PublisherSubscriber9.xml
2 ms. Memory: 294912K Free: 202401K (69%)
----------------- Invoking toplevel() on ptolemy.moml.MoMLSimpleApplication@258e9ce2
----------------- Done invoking toplevel() on ptolemy.moml.MoMLSimpleApplication@258e9ce2
reloadAllAccessors: .PublisherSubscriber9

===========================================================================================
----------------- testing Fri Jul 17 15:09:31 UTC 2020 /home/travis/build/icyphy/ptII/ptolemy/actor/lib/test/auto/PublisherSubscriberAdjacent.xml
----------------- Instantiating /home/travis/build/icyphy/ptII/ptolemy/actor/lib/test/auto/PublisherSubscriberAdjacent.xml
1 ms. Memory: 294912K Free: 194209K (66%)
----------------- Invoking toplevel() on ptolemy.moml.MoMLSimpleApplication@23334b18
----------------- Done invoking toplevel() on ptolemy.moml.MoMLSimpleApplication@23334b18
reloadAllAccessors: .PublisherSubscriberAdjacent

===========================================================================================
----------------- testing Fri Jul 17 15:09:31 UTC 2020 /home/travis/build/icyphy/ptII/ptolemy/actor/lib/test/auto/PublisherSubscriberChannelVariablesAOC2.xml
----------------- Instantiating /home/travis/build/icyphy/ptII/ptolemy/actor/lib/test/auto/PublisherSubscriberChannelVariablesAOC2.xml
3 ms. Memory: 294912K Free: 179363K (61%)
----------------- Invoking toplevel() on ptolemy.moml.MoMLSimpleApplication@74263788
----------------- Done invoking toplevel() on ptolemy.moml.MoMLSimpleApplication@74263788
reloadAllAccessors: .PublisherSubscriberChannelVariablesAOC2

===========================================================================================
----------------- testing Fri Jul 17 15:09:32 UTC 2020 /home/travis/build/icyphy/ptII/ptolemy/actor/lib/test/auto/PublisherSubscriberD3.xml
----------------- Instantiating /home/travis/build/icyphy/ptII/ptolemy/actor/lib/test/auto/PublisherSubscriberD3.xml
4 ms. Memory: 294912K Free: 171681K (58%)
----------------- Invoking toplevel() on ptolemy.moml.MoMLSimpleApplication@555b512e
----------------- Done invoking toplevel() on ptolemy.moml.MoMLSimpleApplication@555b512e
reloadAllAccessors: .PublisherSubscriberD3

===========================================================================================
----------------- testing Fri Jul 17 15:09:32 UTC 2020 /home/travis/build/icyphy/ptII/ptolemy/actor/lib/test/auto/PublisherSubscriberD3Reverse.xml
----------------- Instantiating /home/travis/build/icyphy/ptII/ptolemy/actor/lib/test/auto/PublisherSubscriberD3Reverse.xml
2 ms. Memory: 294912K Free: 165537K (56%)
----------------- Invoking toplevel() on ptolemy.moml.MoMLSimpleApplication@3c60e1b7
----------------- Done invoking toplevel() on ptolemy.moml.MoMLSimpleApplication@3c60e1b7
reloadAllAccessors: .PublisherSubscriberD3Reverse

===========================================================================================
----------------- testing Fri Jul 17 15:09:32 UTC 2020 /home/travis/build/icyphy/ptII/ptolemy/actor/lib/test/auto/PublisherSubscriberExpression.xml
----------------- Instantiating /home/travis/build/icyphy/ptII/ptolemy/actor/lib/test/auto/PublisherSubscriberExpression.xml
3 ms. Memory: 294912K Free: 157315K (53%)
----------------- Invoking toplevel() on ptolemy.moml.MoMLSimpleApplication@5dcce61e
----------------- Done invoking toplevel() on ptolemy.moml.MoMLSimpleApplication@5dcce61e
reloadAllAccessors: .PublisherSubscriberExpression

===========================================================================================
----------------- testing Fri Jul 17 15:09:32 UTC 2020 /home/travis/build/icyphy/ptII/ptolemy/actor/lib/test/auto/PublisherSubscriberOpaque.xml
----------------- Instantiating /home/travis/build/icyphy/ptII/ptolemy/actor/lib/test/auto/PublisherSubscriberOpaque.xml
3 ms. Memory: 294912K Free: 149153K (51%)
----------------- Invoking toplevel() on ptolemy.moml.MoMLSimpleApplication@77f8eca0
----------------- Done invoking toplevel() on ptolemy.moml.MoMLSimpleApplication@77f8eca0
reloadAllAccessors: .PublisherSubscriberOpaque

===========================================================================================
----------------- testing Fri Jul 17 15:09:32 UTC 2020 /home/travis/build/icyphy/ptII/ptolemy/actor/lib/test/auto/PublisherSubscriberOpaqueD3.xml
----------------- Instantiating /home/travis/build/icyphy/ptII/ptolemy/actor/lib/test/auto/PublisherSubscriberOpaqueD3.xml
5 ms. Memory: 294912K Free: 137379K (47%)
----------------- Invoking toplevel() on ptolemy.moml.MoMLSimpleApplication@77b0053c
----------------- Done invoking toplevel() on ptolemy.moml.MoMLSimpleApplication@77b0053c
reloadAllAccessors: .PublisherSubscriberOpaqueD3

===========================================================================================
----------------- testing Fri Jul 17 15:09:32 UTC 2020 /home/travis/build/icyphy/ptII/ptolemy/actor/lib/test/auto/PublisherSubscriberOpaqueD3Reverse.xml
----------------- Instantiating /home/travis/build/icyphy/ptII/ptolemy/actor/lib/test/auto/PublisherSubscriberOpaqueD3Reverse.xml
7 ms. Memory: 294912K Free: 126115K (43%)
----------------- Invoking toplevel() on ptolemy.moml.MoMLSimpleApplication@2c9cdaa8
----------------- Done invoking toplevel() on ptolemy.moml.MoMLSimpleApplication@2c9cdaa8
reloadAllAccessors: .PublisherSubscriberOpaqueD3Reverse

===========================================================================================
----------------- testing Fri Jul 17 15:09:32 UTC 2020 /home/travis/build/icyphy/ptII/ptolemy/actor/lib/test/auto/PublisherSubscriberOpaqueWidthInference.xml
----------------- Instantiating /home/travis/build/icyphy/ptII/ptolemy/actor/lib/test/auto/PublisherSubscriberOpaqueWidthInference.xml
4 ms. Memory: 294912K Free: 117923K (40%)
----------------- Invoking toplevel() on ptolemy.moml.MoMLSimpleApplication@74b9d9b6
----------------- Done invoking toplevel() on ptolemy.moml.MoMLSimpleApplication@74b9d9b6
reloadAllAccessors: .PublisherSubscriberOpaqueWidthInference

===========================================================================================
----------------- testing Fri Jul 17 15:09:32 UTC 2020 /home/travis/build/icyphy/ptII/ptolemy/actor/lib/test/auto/PublisherTestSubscriber.xml
----------------- Instantiating /home/travis/build/icyphy/ptII/ptolemy/actor/lib/test/auto/PublisherTestSubscriber.xml
2 ms. Memory: 294912K Free: 110235K (37%)
----------------- Invoking toplevel() on ptolemy.moml.MoMLSimpleApplication@47f6ca54
----------------- Done invoking toplevel() on ptolemy.moml.MoMLSimpleApplication@47f6ca54
reloadAllAccessors: .PublisherTestSubscriber

===========================================================================================
----------------- testing Fri Jul 17 15:09:32 UTC 2020 /home/travis/build/icyphy/ptII/ptolemy/actor/lib/test/auto/PublisherToplevelSubscriberPortAOC.xml
----------------- Instantiating /home/travis/build/icyphy/ptII/ptolemy/actor/lib/test/auto/PublisherToplevelSubscriberPortAOC.xml
1 ms. Memory: 294912K Free: 104083K (35%)
----------------- Invoking toplevel() on ptolemy.moml.MoMLSimpleApplication@2bf910e4
----------------- Done invoking toplevel() on ptolemy.moml.MoMLSimpleApplication@2bf910e4
reloadAllAccessors: .PublisherToplevelSubscriberPortAOC

===========================================================================================
----------------- testing Fri Jul 17 15:09:32 UTC 2020 /home/travis/build/icyphy/ptII/ptolemy/actor/lib/test/auto/PulseFiringLimitDE.xml
----------------- Instantiating /home/travis/build/icyphy/ptII/ptolemy/actor/lib/test/auto/PulseFiringLimitDE.xml
1 ms. Memory: 294912K Free: 97953K (33%)
----------------- Invoking toplevel() on ptolemy.moml.MoMLSimpleApplication@cefd413
----------------- Done invoking toplevel() on ptolemy.moml.MoMLSimpleApplication@cefd413
reloadAllAccessors: .PulseFiringLimitDE

===========================================================================================
----------------- testing Fri Jul 17 15:09:32 UTC 2020 /home/travis/build/icyphy/ptII/ptolemy/actor/lib/test/auto/Ramp1.xml
----------------- Instantiating /home/travis/build/icyphy/ptII/ptolemy/actor/lib/test/auto/Ramp1.xml
0 ms. Memory: 294912K Free: 92819K (31%)
----------------- Invoking toplevel() on ptolemy.moml.MoMLSimpleApplication@33b25d0b
----------------- Done invoking toplevel() on ptolemy.moml.MoMLSimpleApplication@33b25d0b
reloadAllAccessors: .Ramp1

===========================================================================================
----------------- testing Fri Jul 17 15:09:32 UTC 2020 /home/travis/build/icyphy/ptII/ptolemy/actor/lib/test/auto/RampFiringLimitDE.xml
----------------- Instantiating /home/travis/build/icyphy/ptII/ptolemy/actor/lib/test/auto/RampFiringLimitDE.xml
2 ms. Memory: 294912K Free: 86675K (29%)
----------------- Invoking toplevel() on ptolemy.moml.MoMLSimpleApplication@280cde1
----------------- Done invoking toplevel() on ptolemy.moml.MoMLSimpleApplication@280cde1
reloadAllAccessors: .RampFiringLimitDE

===========================================================================================
----------------- testing Fri Jul 17 15:09:32 UTC 2020 /home/travis/build/icyphy/ptII/ptolemy/actor/lib/test/auto/RampFiringLimitSDF.xml
----------------- Instantiating /home/travis/build/icyphy/ptII/ptolemy/actor/lib/test/auto/RampFiringLimitSDF.xml
1 ms. Memory: 294912K Free: 81555K (28%)
----------------- Invoking toplevel() on ptolemy.moml.MoMLSimpleApplication@292d6cda
----------------- Done invoking toplevel() on ptolemy.moml.MoMLSimpleApplication@292d6cda
reloadAllAccessors: .RampFiringLimitSDF

===========================================================================================
----------------- testing Fri Jul 17 15:09:32 UTC 2020 /home/travis/build/icyphy/ptII/ptolemy/actor/lib/test/auto/RandomInteger.xml
----------------- Instantiating /home/travis/build/icyphy/ptII/ptolemy/actor/lib/test/auto/RandomInteger.xml
1 ms. Memory: 294912K Free: 77473K (26%)
----------------- Invoking toplevel() on ptolemy.moml.MoMLSimpleApplication@40033da0
----------------- Done invoking toplevel() on ptolemy.moml.MoMLSimpleApplication@40033da0
reloadAllAccessors: .RandomInteger

===========================================================================================
----------------- testing Fri Jul 17 15:09:32 UTC 2020 /home/travis/build/icyphy/ptII/ptolemy/actor/lib/test/auto/ReadFile1.xml
----------------- Instantiating /home/travis/build/icyphy/ptII/ptolemy/actor/lib/test/auto/ReadFile1.xml
1 ms. Memory: 294912K Free: 72867K (25%)
----------------- Invoking toplevel() on ptolemy.moml.MoMLSimpleApplication@3039fb79
----------------- Done invoking toplevel() on ptolemy.moml.MoMLSimpleApplication@3039fb79
reloadAllAccessors: .ReadFile1

===========================================================================================
----------------- testing Fri Jul 17 15:09:32 UTC 2020 /home/travis/build/icyphy/ptII/ptolemy/actor/lib/test/auto/ReadFile2.xml
----------------- Instantiating /home/travis/build/icyphy/ptII/ptolemy/actor/lib/test/auto/ReadFile2.xml
0 ms. Memory: 294912K Free: 241501K (82%)
----------------- Invoking toplevel() on ptolemy.moml.MoMLSimpleApplication@1647f82b
----------------- Done invoking toplevel() on ptolemy.moml.MoMLSimpleApplication@1647f82b
reloadAllAccessors: .ReadFile2

===========================================================================================
----------------- testing Fri Jul 17 15:09:32 UTC 2020 /home/travis/build/icyphy/ptII/ptolemy/actor/lib/test/auto/Reader.xml
----------------- Instantiating /home/travis/build/icyphy/ptII/ptolemy/actor/lib/test/auto/Reader.xml
actor.lib.Reader is obsolete, use actor.lib.io.ExpressionReader instead
3 ms. Memory: 294912K Free: 237405K (81%)
----------------- Invoking toplevel() on ptolemy.moml.MoMLSimpleApplication@7f080697
----------------- Done invoking toplevel() on ptolemy.moml.MoMLSimpleApplication@7f080697
reloadAllAccessors: .Reader

===========================================================================================
----------------- testing Fri Jul 17 15:09:32 UTC 2020 /home/travis/build/icyphy/ptII/ptolemy/actor/lib/test/auto/RecordAssemblerDisplayNameTest.xml
----------------- Instantiating /home/travis/build/icyphy/ptII/ptolemy/actor/lib/test/auto/RecordAssemblerDisplayNameTest.xml
3405 ms. Memory: 294912K Free: 239027K (81%)
----------------- Invoking toplevel() on ptolemy.moml.MoMLSimpleApplication@bc9c0f7
----------------- Done invoking toplevel() on ptolemy.moml.MoMLSimpleApplication@bc9c0f7
reloadAllAccessors: .RecordAssemblerDisplayNameTest

===========================================================================================
----------------- testing Fri Jul 17 15:09:35 UTC 2020 /home/travis/build/icyphy/ptII/ptolemy/actor/lib/test/auto/RecordAssemblerTypeError.xml
----------------- Instantiating /home/travis/build/icyphy/ptII/ptolemy/actor/lib/test/auto/RecordAssemblerTypeError.xml
16 ms. Memory: 294912K Free: 229301K (78%)
----------------- Invoking toplevel() on ptolemy.moml.MoMLSimpleApplication@6dcd2a3b
----------------- Done invoking toplevel() on ptolemy.moml.MoMLSimpleApplication@6dcd2a3b
reloadAllAccessors: .RecordAssemblerTypeError

===========================================================================================
----------------- testing Fri Jul 17 15:09:35 UTC 2020 /home/travis/build/icyphy/ptII/ptolemy/actor/lib/test/auto/RecordDisassember.xml
----------------- Instantiating /home/travis/build/icyphy/ptII/ptolemy/actor/lib/test/auto/RecordDisassember.xml
3 ms. Memory: 294912K Free: 224661K (76%)
----------------- Invoking toplevel() on ptolemy.moml.MoMLSimpleApplication@831a3e7
----------------- Done invoking toplevel() on ptolemy.moml.MoMLSimpleApplication@831a3e7
reloadAllAccessors: .RecordDisassember

===========================================================================================
----------------- testing Fri Jul 17 15:09:35 UTC 2020 /home/travis/build/icyphy/ptII/ptolemy/actor/lib/test/auto/RecordDisassemberDisplayNameTest.xml
----------------- Instantiating /home/travis/build/icyphy/ptII/ptolemy/actor/lib/test/auto/RecordDisassemberDisplayNameTest.xml
9 ms. Memory: 294912K Free: 216499K (73%)
----------------- Invoking toplevel() on ptolemy.moml.MoMLSimpleApplication@198ecf09
----------------- Done invoking toplevel() on ptolemy.moml.MoMLSimpleApplication@198ecf09
reloadAllAccessors: .RecordDisassemberDisplayNameTest

===========================================================================================
----------------- testing Fri Jul 17 15:09:35 UTC 2020 /home/travis/build/icyphy/ptII/ptolemy/actor/lib/test/auto/RecordDisassembler.xml
----------------- Instantiating /home/travis/build/icyphy/ptII/ptolemy/actor/lib/test/auto/RecordDisassembler.xml
2 ms. Memory: 294912K Free: 211349K (72%)
----------------- Invoking toplevel() on ptolemy.moml.MoMLSimpleApplication@521d4349
----------------- Done invoking toplevel() on ptolemy.moml.MoMLSimpleApplication@521d4349
reloadAllAccessors: .RecordDisassembler

===========================================================================================
----------------- testing Fri Jul 17 15:09:35 UTC 2020 /home/travis/build/icyphy/ptII/ptolemy/actor/lib/test/auto/RecordDisassembler2.xml
----------------- Instantiating /home/travis/build/icyphy/ptII/ptolemy/actor/lib/test/auto/RecordDisassembler2.xml
2 ms. Memory: 294912K Free: 206229K (70%)
----------------- Invoking toplevel() on ptolemy.moml.MoMLSimpleApplication@13f58a61
----------------- Done invoking toplevel() on ptolemy.moml.MoMLSimpleApplication@13f58a61
reloadAllAccessors: .RecordDisassembler2

===========================================================================================
----------------- testing Fri Jul 17 15:09:35 UTC 2020 /home/travis/build/icyphy/ptII/ptolemy/actor/lib/test/auto/RecordUpdater.xml
----------------- Instantiating /home/travis/build/icyphy/ptII/ptolemy/actor/lib/test/auto/RecordUpdater.xml
2 ms. Memory: 294912K Free: 200629K (68%)
----------------- Invoking toplevel() on ptolemy.moml.MoMLSimpleApplication@61c86477
----------------- Done invoking toplevel() on ptolemy.moml.MoMLSimpleApplication@61c86477
reloadAllAccessors: .RecordUpdater

===========================================================================================
----------------- testing Fri Jul 17 15:09:35 UTC 2020 /home/travis/build/icyphy/ptII/ptolemy/actor/lib/test/auto/RecordUpdater2.xml
----------------- Instantiating /home/travis/build/icyphy/ptII/ptolemy/actor/lib/test/auto/RecordUpdater2.xml
2 ms. Memory: 294912K Free: 195509K (66%)
----------------- Invoking toplevel() on ptolemy.moml.MoMLSimpleApplication@426003
----------------- Done invoking toplevel() on ptolemy.moml.MoMLSimpleApplication@426003
reloadAllAccessors: .RecordUpdater2

===========================================================================================
----------------- testing Fri Jul 17 15:09:35 UTC 2020 /home/travis/build/icyphy/ptII/ptolemy/actor/lib/test/auto/RecursiveLattice.xml
----------------- Instantiating /home/travis/build/icyphy/ptII/ptolemy/actor/lib/test/auto/RecursiveLattice.xml
1 ms. Memory: 294912K Free: 190899K (65%)
----------------- Invoking toplevel() on ptolemy.moml.MoMLSimpleApplication@3d8951e8
----------------- Done invoking toplevel() on ptolemy.moml.MoMLSimpleApplication@3d8951e8
reloadAllAccessors: .RecursiveLattice

===========================================================================================
----------------- testing Fri Jul 17 15:09:35 UTC 2020 /home/travis/build/icyphy/ptII/ptolemy/actor/lib/test/auto/Router.xml
----------------- Instantiating /home/travis/build/icyphy/ptII/ptolemy/actor/lib/test/auto/Router.xml
3003 ms. Memory: 294912K Free: 180149K (61%)
----------------- Invoking toplevel() on ptolemy.moml.MoMLSimpleApplication@3ebe117d
----------------- Done invoking toplevel() on ptolemy.moml.MoMLSimpleApplication@3ebe117d
reloadAllAccessors: .Router

===========================================================================================
----------------- testing Fri Jul 17 15:09:38 UTC 2020 /home/travis/build/icyphy/ptII/ptolemy/actor/lib/test/auto/Router2.xml
----------------- Instantiating /home/travis/build/icyphy/ptII/ptolemy/actor/lib/test/auto/Router2.xml
3004 ms. Memory: 294912K Free: 168371K (57%)
----------------- Invoking toplevel() on ptolemy.moml.MoMLSimpleApplication@6e89f24e
----------------- Done invoking toplevel() on ptolemy.moml.MoMLSimpleApplication@6e89f24e
reloadAllAccessors: .Router2

===========================================================================================
----------------- testing Fri Jul 17 15:09:41 UTC 2020 /home/travis/build/icyphy/ptII/ptolemy/actor/lib/test/auto/RunningMaximum.xml
----------------- Instantiating /home/travis/build/icyphy/ptII/ptolemy/actor/lib/test/auto/RunningMaximum.xml
3 ms. Memory: 294912K Free: 163765K (56%)
----------------- Invoking toplevel() on ptolemy.moml.MoMLSimpleApplication@51583dbe
----------------- Done invoking toplevel() on ptolemy.moml.MoMLSimpleApplication@51583dbe
reloadAllAccessors: .RunningMaximum

===========================================================================================
----------------- testing Fri Jul 17 15:09:41 UTC 2020 /home/travis/build/icyphy/ptII/ptolemy/actor/lib/test/auto/RunningMinimum.xml
----------------- Instantiating /home/travis/build/icyphy/ptII/ptolemy/actor/lib/test/auto/RunningMinimum.xml
7 ms. Memory: 294912K Free: 159155K (54%)
----------------- Invoking toplevel() on ptolemy.moml.MoMLSimpleApplication@7e366bfa
----------------- Done invoking toplevel() on ptolemy.moml.MoMLSimpleApplication@7e366bfa
reloadAllAccessors: .RunningMinimum

===========================================================================================
----------------- testing Fri Jul 17 15:09:41 UTC 2020 /home/travis/build/icyphy/ptII/ptolemy/actor/lib/test/auto/Scale.xml
----------------- Instantiating /home/travis/build/icyphy/ptII/ptolemy/actor/lib/test/auto/Scale.xml
2 ms. Memory: 294912K Free: 154549K (52%)
----------------- Invoking toplevel() on ptolemy.moml.MoMLSimpleApplication@7fa6aace
----------------- Done invoking toplevel() on ptolemy.moml.MoMLSimpleApplication@7fa6aace
reloadAllAccessors: .Scale

===========================================================================================
----------------- testing Fri Jul 17 15:09:41 UTC 2020 /home/travis/build/icyphy/ptII/ptolemy/actor/lib/test/auto/Scale2.xml
----------------- Instantiating /home/travis/build/icyphy/ptII/ptolemy/actor/lib/test/auto/Scale2.xml
1 ms. Memory: 294912K Free: 149429K (51%)
----------------- Invoking toplevel() on ptolemy.moml.MoMLSimpleApplication@28618dea
----------------- Done invoking toplevel() on ptolemy.moml.MoMLSimpleApplication@28618dea
reloadAllAccessors: .Scale2

===========================================================================================
----------------- testing Fri Jul 17 15:09:41 UTC 2020 /home/travis/build/icyphy/ptII/ptolemy/actor/lib/test/auto/Scale3.xml
----------------- Instantiating /home/travis/build/icyphy/ptII/ptolemy/actor/lib/test/auto/Scale3.xml
3 ms. Memory: 294912K Free: 143285K (49%)
----------------- Invoking toplevel() on ptolemy.moml.MoMLSimpleApplication@75a2129a
----------------- Done invoking toplevel() on ptolemy.moml.MoMLSimpleApplication@75a2129a
reloadAllAccessors: .Scale3

===========================================================================================
----------------- testing Fri Jul 17 15:09:41 UTC 2020 /home/travis/build/icyphy/ptII/ptolemy/actor/lib/test/auto/ScaleArray.xml
----------------- Instantiating /home/travis/build/icyphy/ptII/ptolemy/actor/lib/test/auto/ScaleArray.xml
3 ms. Memory: 294912K Free: 138165K (47%)
----------------- Invoking toplevel() on ptolemy.moml.MoMLSimpleApplication@7b42b9d4
----------------- Done invoking toplevel() on ptolemy.moml.MoMLSimpleApplication@7b42b9d4
reloadAllAccessors: .ScaleArray

===========================================================================================
----------------- testing Fri Jul 17 15:09:41 UTC 2020 /home/travis/build/icyphy/ptII/ptolemy/actor/lib/test/auto/ScaleArray2.xml
----------------- Instantiating /home/travis/build/icyphy/ptII/ptolemy/actor/lib/test/auto/ScaleArray2.xml
4 ms. Memory: 294912K Free: 133555K (45%)
----------------- Invoking toplevel() on ptolemy.moml.MoMLSimpleApplication@46bbfcc4
----------------- Done invoking toplevel() on ptolemy.moml.MoMLSimpleApplication@46bbfcc4
reloadAllAccessors: .ScaleArray2

===========================================================================================
----------------- testing Fri Jul 17 15:09:41 UTC 2020 /home/travis/build/icyphy/ptII/ptolemy/actor/lib/test/auto/ScaleMatrix.xml
----------------- Instantiating /home/travis/build/icyphy/ptII/ptolemy/actor/lib/test/auto/ScaleMatrix.xml
131 ms. Memory: 294912K Free: 120243K (41%)
----------------- Invoking toplevel() on ptolemy.moml.MoMLSimpleApplication@429c2611
----------------- Done invoking toplevel() on ptolemy.moml.MoMLSimpleApplication@429c2611
reloadAllAccessors: .ScaleMatrix

===========================================================================================
----------------- testing Fri Jul 17 15:09:42 UTC 2020 /home/travis/build/icyphy/ptII/ptolemy/actor/lib/test/auto/Select.xml
----------------- Instantiating /home/travis/build/icyphy/ptII/ptolemy/actor/lib/test/auto/Select.xml
2 ms. Memory: 294912K Free: 114069K (39%)
----------------- Invoking toplevel() on ptolemy.moml.MoMLSimpleApplication@10ae013a
----------------- Done invoking toplevel() on ptolemy.moml.MoMLSimpleApplication@10ae013a
reloadAllAccessors: .Select

===========================================================================================
----------------- testing Fri Jul 17 15:09:42 UTC 2020 /home/travis/build/icyphy/ptII/ptolemy/actor/lib/test/auto/Select2.xml
----------------- Instantiating /home/travis/build/icyphy/ptII/ptolemy/actor/lib/test/auto/Select2.xml
1 ms. Memory: 294912K Free: 109493K (37%)
----------------- Invoking toplevel() on ptolemy.moml.MoMLSimpleApplication@49c19797
----------------- Done invoking toplevel() on ptolemy.moml.MoMLSimpleApplication@49c19797
reloadAllAccessors: .Select2

===========================================================================================
----------------- testing Fri Jul 17 15:09:42 UTC 2020 /home/travis/build/icyphy/ptII/ptolemy/actor/lib/test/auto/SequenceToArray2.xml
----------------- Instantiating /home/travis/build/icyphy/ptII/ptolemy/actor/lib/test/auto/SequenceToArray2.xml
77 ms. Memory: 294912K Free: 85941K (29%)
----------------- Invoking toplevel() on ptolemy.moml.MoMLSimpleApplication@711c3bf9
----------------- Done invoking toplevel() on ptolemy.moml.MoMLSimpleApplication@711c3bf9
reloadAllAccessors: .SequenceToArray2

===========================================================================================
----------------- testing Fri Jul 17 15:09:42 UTC 2020 /home/travis/build/icyphy/ptII/ptolemy/actor/lib/test/auto/SequentialClock.xml
----------------- Instantiating /home/travis/build/icyphy/ptII/ptolemy/actor/lib/test/auto/SequentialClock.xml
1 ms. Memory: 294912K Free: 80821K (27%)
----------------- Invoking toplevel() on ptolemy.moml.MoMLSimpleApplication@693b0008
----------------- Done invoking toplevel() on ptolemy.moml.MoMLSimpleApplication@693b0008
reloadAllAccessors: .SequentialClock

===========================================================================================
----------------- testing Fri Jul 17 15:09:42 UTC 2020 /home/travis/build/icyphy/ptII/ptolemy/actor/lib/test/auto/SetVariable.xml
----------------- Instantiating /home/travis/build/icyphy/ptII/ptolemy/actor/lib/test/auto/SetVariable.xml
4 ms. Memory: 294912K Free: 76211K (26%)
----------------- Invoking toplevel() on ptolemy.moml.MoMLSimpleApplication@4f1d17e
----------------- Done invoking toplevel() on ptolemy.moml.MoMLSimpleApplication@4f1d17e
reloadAllAccessors: .SetVariable

===========================================================================================
----------------- testing Fri Jul 17 15:09:42 UTC 2020 /home/travis/build/icyphy/ptII/ptolemy/actor/lib/test/auto/SetVariable2.xml
----------------- Instantiating /home/travis/build/icyphy/ptII/ptolemy/actor/lib/test/auto/SetVariable2.xml
12 ms. Memory: 294912K Free: 245346K (83%)
----------------- Invoking toplevel() on ptolemy.moml.MoMLSimpleApplication@87804f7
----------------- Done invoking toplevel() on ptolemy.moml.MoMLSimpleApplication@87804f7
reloadAllAccessors: .SetVariable2

===========================================================================================
----------------- testing Fri Jul 17 15:09:42 UTC 2020 /home/travis/build/icyphy/ptII/ptolemy/actor/lib/test/auto/SetVariable3.xml
----------------- Instantiating /home/travis/build/icyphy/ptII/ptolemy/actor/lib/test/auto/SetVariable3.xml
7 ms. Memory: 294912K Free: 239465K (81%)
----------------- Invoking toplevel() on ptolemy.moml.MoMLSimpleApplication@539fb713
----------------- Done invoking toplevel() on ptolemy.moml.MoMLSimpleApplication@539fb713
reloadAllAccessors: .SetVariable3

===========================================================================================
----------------- testing Fri Jul 17 15:09:42 UTC 2020 /home/travis/build/icyphy/ptII/ptolemy/actor/lib/test/auto/SetVariable4.xml
----------------- Instantiating /home/travis/build/icyphy/ptII/ptolemy/actor/lib/test/auto/SetVariable4.xml
11 ms. Memory: 294912K Free: 230247K (78%)
----------------- Invoking toplevel() on ptolemy.moml.MoMLSimpleApplication@2910e252
----------------- Done invoking toplevel() on ptolemy.moml.MoMLSimpleApplication@2910e252
reloadAllAccessors: .SetVariable4

===========================================================================================
----------------- testing Fri Jul 17 15:09:42 UTC 2020 /home/travis/build/icyphy/ptII/ptolemy/actor/lib/test/auto/SetVariable5.xml
----------------- Instantiating /home/travis/build/icyphy/ptII/ptolemy/actor/lib/test/auto/SetVariable5.xml
18 ms. Memory: 294912K Free: 221033K (75%)
----------------- Invoking toplevel() on ptolemy.moml.MoMLSimpleApplication@43418aee
----------------- Done invoking toplevel() on ptolemy.moml.MoMLSimpleApplication@43418aee
reloadAllAccessors: .SetVariable5

===========================================================================================
----------------- testing Fri Jul 17 15:09:42 UTC 2020 /home/travis/build/icyphy/ptII/ptolemy/actor/lib/test/auto/Sinewave.xml
----------------- Instantiating /home/travis/build/icyphy/ptII/ptolemy/actor/lib/test/auto/Sinewave.xml
3 ms. Memory: 294912K Free: 210279K (71%)
----------------- Invoking toplevel() on ptolemy.moml.MoMLSimpleApplication@392c5d88
----------------- Done invoking toplevel() on ptolemy.moml.MoMLSimpleApplication@392c5d88
reloadAllAccessors: .Sinewave

===========================================================================================
----------------- testing Fri Jul 17 15:09:42 UTC 2020 /home/travis/build/icyphy/ptII/ptolemy/actor/lib/test/auto/Sinewave2.xml
----------------- Instantiating /home/travis/build/icyphy/ptII/ptolemy/actor/lib/test/auto/Sinewave2.xml
5 ms. Memory: 294912K Free: 202073K (69%)
----------------- Invoking toplevel() on ptolemy.moml.MoMLSimpleApplication@6920e202
----------------- Done invoking toplevel() on ptolemy.moml.MoMLSimpleApplication@6920e202
reloadAllAccessors: .Sinewave2

===========================================================================================
----------------- testing Fri Jul 17 15:09:42 UTC 2020 /home/travis/build/icyphy/ptII/ptolemy/actor/lib/test/auto/Sinewave3.xml
----------------- Instantiating /home/travis/build/icyphy/ptII/ptolemy/actor/lib/test/auto/Sinewave3.xml
8 ms. Memory: 294912K Free: 193865K (66%)
----------------- Invoking toplevel() on ptolemy.moml.MoMLSimpleApplication@62b2e352
----------------- Done invoking toplevel() on ptolemy.moml.MoMLSimpleApplication@62b2e352
reloadAllAccessors: .Sinewave3

===========================================================================================
----------------- testing Fri Jul 17 15:09:42 UTC 2020 /home/travis/build/icyphy/ptII/ptolemy/actor/lib/test/auto/SingleEvent.xml
----------------- Instantiating /home/travis/build/icyphy/ptII/ptolemy/actor/lib/test/auto/SingleEvent.xml
1 ms. Memory: 294912K Free: 189289K (64%)
----------------- Invoking toplevel() on ptolemy.moml.MoMLSimpleApplication@1e6852ea
----------------- Done invoking toplevel() on ptolemy.moml.MoMLSimpleApplication@1e6852ea
reloadAllAccessors: .SingleEvent

===========================================================================================
----------------- testing Fri Jul 17 15:09:42 UTC 2020 /home/travis/build/icyphy/ptII/ptolemy/actor/lib/test/auto/Sleep.xml
----------------- Instantiating /home/travis/build/icyphy/ptII/ptolemy/actor/lib/test/auto/Sleep.xml
6003 ms. Memory: 294912K Free: 183655K (62%)
----------------- Invoking toplevel() on ptolemy.moml.MoMLSimpleApplication@234a0318
----------------- Done invoking toplevel() on ptolemy.moml.MoMLSimpleApplication@234a0318
reloadAllAccessors: .Sleep

===========================================================================================
----------------- testing Fri Jul 17 15:09:48 UTC 2020 /home/travis/build/icyphy/ptII/ptolemy/actor/lib/test/auto/SleepMultipleFire.xml
----------------- Instantiating /home/travis/build/icyphy/ptII/ptolemy/actor/lib/test/auto/SleepMultipleFire.xml
1008 ms. Memory: 294912K Free: 178025K (60%)
----------------- Invoking toplevel() on ptolemy.moml.MoMLSimpleApplication@3705b55d
----------------- Done invoking toplevel() on ptolemy.moml.MoMLSimpleApplication@3705b55d
reloadAllAccessors: .SleepMultipleFire

===========================================================================================
----------------- testing Fri Jul 17 15:09:49 UTC 2020 /home/travis/build/icyphy/ptII/ptolemy/actor/lib/test/auto/StopDE.xml
----------------- Instantiating /home/travis/build/icyphy/ptII/ptolemy/actor/lib/test/auto/StopDE.xml
5 ms. Memory: 294912K Free: 171881K (58%)
----------------- Invoking toplevel() on ptolemy.moml.MoMLSimpleApplication@37fa8150
----------------- Done invoking toplevel() on ptolemy.moml.MoMLSimpleApplication@37fa8150
reloadAllAccessors: .StopDE

===========================================================================================
----------------- testing Fri Jul 17 15:09:49 UTC 2020 /home/travis/build/icyphy/ptII/ptolemy/actor/lib/test/auto/StopSDF.xml
----------------- Instantiating /home/travis/build/icyphy/ptII/ptolemy/actor/lib/test/auto/StopSDF.xml
3 ms. Memory: 294912K Free: 166761K (57%)
----------------- Invoking toplevel() on ptolemy.moml.MoMLSimpleApplication@697365d6
----------------- Done invoking toplevel() on ptolemy.moml.MoMLSimpleApplication@697365d6
reloadAllAccessors: .StopSDF

===========================================================================================
----------------- testing Fri Jul 17 15:09:49 UTC 2020 /home/travis/build/icyphy/ptII/ptolemy/actor/lib/test/auto/StringConstant.xml
----------------- Instantiating /home/travis/build/icyphy/ptII/ptolemy/actor/lib/test/auto/StringConstant.xml
8 ms. Memory: 294912K Free: 162151K (55%)
----------------- Invoking toplevel() on ptolemy.moml.MoMLSimpleApplication@25741287
----------------- Done invoking toplevel() on ptolemy.moml.MoMLSimpleApplication@25741287
reloadAllAccessors: .StringConstant

===========================================================================================
----------------- testing Fri Jul 17 15:09:49 UTC 2020 /home/travis/build/icyphy/ptII/ptolemy/actor/lib/test/auto/SubscriberPortInitialValues1.xml
----------------- Instantiating /home/travis/build/icyphy/ptII/ptolemy/actor/lib/test/auto/SubscriberPortInitialValues1.xml
8 ms. Memory: 294912K Free: 153449K (52%)
----------------- Invoking toplevel() on ptolemy.moml.MoMLSimpleApplication@227b374d
----------------- Done invoking toplevel() on ptolemy.moml.MoMLSimpleApplication@227b374d
reloadAllAccessors: .SubscriberPortInitialValues1

===========================================================================================
----------------- testing Fri Jul 17 15:09:49 UTC 2020 /home/travis/build/icyphy/ptII/ptolemy/actor/lib/test/auto/SubscriberPortInitialValues13.xml
----------------- Instantiating /home/travis/build/icyphy/ptII/ptolemy/actor/lib/test/auto/SubscriberPortInitialValues13.xml
7 ms. Memory: 294912K Free: 140647K (48%)
----------------- Invoking toplevel() on ptolemy.moml.MoMLSimpleApplication@30f6918b
----------------- Done invoking toplevel() on ptolemy.moml.MoMLSimpleApplication@30f6918b
reloadAllAccessors: .SubscriberPortInitialValues13

===========================================================================================
----------------- testing Fri Jul 17 15:09:49 UTC 2020 /home/travis/build/icyphy/ptII/ptolemy/actor/lib/test/auto/SubscriberPortInitialValues14.xml
----------------- Instantiating /home/travis/build/icyphy/ptII/ptolemy/actor/lib/test/auto/SubscriberPortInitialValues14.xml
4 ms. Memory: 294912K Free: 132455K (45%)
----------------- Invoking toplevel() on ptolemy.moml.MoMLSimpleApplication@1d1c99f8
----------------- Done invoking toplevel() on ptolemy.moml.MoMLSimpleApplication@1d1c99f8
reloadAllAccessors: .SubscriberPortInitialValues14

===========================================================================================
----------------- testing Fri Jul 17 15:09:49 UTC 2020 /home/travis/build/icyphy/ptII/ptolemy/actor/lib/test/auto/SubscriberPortInitialValues2.xml
----------------- Instantiating /home/travis/build/icyphy/ptII/ptolemy/actor/lib/test/auto/SubscriberPortInitialValues2.xml
3 ms. Memory: 294912K Free: 124777K (42%)
----------------- Invoking toplevel() on ptolemy.moml.MoMLSimpleApplication@1339cb16
----------------- Done invoking toplevel() on ptolemy.moml.MoMLSimpleApplication@1339cb16
reloadAllAccessors: .SubscriberPortInitialValues2

===========================================================================================
----------------- testing Fri Jul 17 15:09:49 UTC 2020 /home/travis/build/icyphy/ptII/ptolemy/actor/lib/test/auto/SubscriberPortInitialValues3.xml
----------------- Instantiating /home/travis/build/icyphy/ptII/ptolemy/actor/lib/test/auto/SubscriberPortInitialValues3.xml
4 ms. Memory: 294912K Free: 113513K (38%)
----------------- Invoking toplevel() on ptolemy.moml.MoMLSimpleApplication@2272b52c
----------------- Done invoking toplevel() on ptolemy.moml.MoMLSimpleApplication@2272b52c
reloadAllAccessors: .SubscriberPortInitialValues3

===========================================================================================
----------------- testing Fri Jul 17 15:09:49 UTC 2020 /home/travis/build/icyphy/ptII/ptolemy/actor/lib/test/auto/SubscriptionAggregator.xml
----------------- Instantiating /home/travis/build/icyphy/ptII/ptolemy/actor/lib/test/auto/SubscriptionAggregator.xml
2 ms. Memory: 294912K Free: 106841K (36%)
----------------- Invoking toplevel() on ptolemy.moml.MoMLSimpleApplication@2b3b964f
----------------- Done invoking toplevel() on ptolemy.moml.MoMLSimpleApplication@2b3b964f
reloadAllAccessors: .SubscriptionAggregator

===========================================================================================
----------------- testing Fri Jul 17 15:09:49 UTC 2020 /home/travis/build/icyphy/ptII/ptolemy/actor/lib/test/auto/SubscriptionAggregator2.xml
----------------- Instantiating /home/travis/build/icyphy/ptII/ptolemy/actor/lib/test/auto/SubscriptionAggregator2.xml
2 ms. Memory: 294912K Free: 99177K (34%)
----------------- Invoking toplevel() on ptolemy.moml.MoMLSimpleApplication@c8014e7
----------------- Done invoking toplevel() on ptolemy.moml.MoMLSimpleApplication@c8014e7
reloadAllAccessors: .SubscriptionAggregator2

===========================================================================================
----------------- testing Fri Jul 17 15:09:49 UTC 2020 /home/travis/build/icyphy/ptII/ptolemy/actor/lib/test/auto/SubscriptionAggregator3.xml
----------------- Instantiating /home/travis/build/icyphy/ptII/ptolemy/actor/lib/test/auto/SubscriptionAggregator3.xml
4 ms. Memory: 294912K Free: 90471K (31%)
----------------- Invoking toplevel() on ptolemy.moml.MoMLSimpleApplication@3f359ac1
----------------- Done invoking toplevel() on ptolemy.moml.MoMLSimpleApplication@3f359ac1
reloadAllAccessors: .SubscriptionAggregator3

===========================================================================================
----------------- testing Fri Jul 17 15:09:49 UTC 2020 /home/travis/build/icyphy/ptII/ptolemy/actor/lib/test/auto/SubscriptionAggregatorMultiply.xml
----------------- Instantiating /home/travis/build/icyphy/ptII/ptolemy/actor/lib/test/auto/SubscriptionAggregatorMultiply.xml
11 ms. Memory: 294912K Free: 82273K (28%)
----------------- Invoking toplevel() on ptolemy.moml.MoMLSimpleApplication@4545d24c
----------------- Done invoking toplevel() on ptolemy.moml.MoMLSimpleApplication@4545d24c
reloadAllAccessors: .SubscriptionAggregatorMultiply

===========================================================================================
----------------- testing Fri Jul 17 15:09:49 UTC 2020 /home/travis/build/icyphy/ptII/ptolemy/actor/lib/test/auto/SubscriptionAggregatorPortMultiply1.xml
----------------- Instantiating /home/travis/build/icyphy/ptII/ptolemy/actor/lib/test/auto/SubscriptionAggregatorPortMultiply1.xml
3 ms. Memory: 294912K Free: 73577K (25%)
----------------- Invoking toplevel() on ptolemy.moml.MoMLSimpleApplication@7b0cb6be
----------------- Done invoking toplevel() on ptolemy.moml.MoMLSimpleApplication@7b0cb6be
reloadAllAccessors: .SubscriptionAggregatorPortMultiply1

===========================================================================================
----------------- testing Fri Jul 17 15:09:49 UTC 2020 /home/travis/build/icyphy/ptII/ptolemy/actor/lib/test/auto/Switch.xml
----------------- Instantiating /home/travis/build/icyphy/ptII/ptolemy/actor/lib/test/auto/Switch.xml
11 ms. Memory: 294912K Free: 239636K (81%)
----------------- Invoking toplevel() on ptolemy.moml.MoMLSimpleApplication@6602a735
----------------- Done invoking toplevel() on ptolemy.moml.MoMLSimpleApplication@6602a735
reloadAllAccessors: .Switch

===========================================================================================
----------------- testing Fri Jul 17 15:09:49 UTC 2020 /home/travis/build/icyphy/ptII/ptolemy/actor/lib/test/auto/Switch2.xml
----------------- Instantiating /home/travis/build/icyphy/ptII/ptolemy/actor/lib/test/auto/Switch2.xml
1 ms. Memory: 294912K Free: 234516K (80%)
----------------- Invoking toplevel() on ptolemy.moml.MoMLSimpleApplication@6c4dc19e
----------------- Done invoking toplevel() on ptolemy.moml.MoMLSimpleApplication@6c4dc19e
reloadAllAccessors: .Switch2

===========================================================================================
----------------- testing Fri Jul 17 15:09:49 UTC 2020 /home/travis/build/icyphy/ptII/ptolemy/actor/lib/test/auto/SwitchDE.xml
----------------- Instantiating /home/travis/build/icyphy/ptII/ptolemy/actor/lib/test/auto/SwitchDE.xml
3 ms. Memory: 294912K Free: 228358K (77%)
----------------- Invoking toplevel() on ptolemy.moml.MoMLSimpleApplication@5b54fc3e
----------------- Done invoking toplevel() on ptolemy.moml.MoMLSimpleApplication@5b54fc3e
reloadAllAccessors: .SwitchDE

===========================================================================================
----------------- testing Fri Jul 17 15:09:49 UTC 2020 /home/travis/build/icyphy/ptII/ptolemy/actor/lib/test/auto/SynchronizerDE.xml
----------------- Instantiating /home/travis/build/icyphy/ptII/ptolemy/actor/lib/test/auto/SynchronizerDE.xml
6 ms. Memory: 294912K Free: 220174K (75%)
----------------- Invoking toplevel() on ptolemy.moml.MoMLSimpleApplication@2c8d689f
----------------- Done invoking toplevel() on ptolemy.moml.MoMLSimpleApplication@2c8d689f
reloadAllAccessors: .SynchronizerDE

===========================================================================================
----------------- testing Fri Jul 17 15:09:49 UTC 2020 /home/travis/build/icyphy/ptII/ptolemy/actor/lib/test/auto/Test.xml
----------------- Instantiating /home/travis/build/icyphy/ptII/ptolemy/actor/lib/test/auto/Test.xml
2 ms. Memory: 294912K Free: 214550K (73%)
----------------- Invoking toplevel() on ptolemy.moml.MoMLSimpleApplication@7fa179a9
----------------- Done invoking toplevel() on ptolemy.moml.MoMLSimpleApplication@7fa179a9
reloadAllAccessors: .Test

===========================================================================================
----------------- testing Fri Jul 17 15:09:49 UTC 2020 /home/travis/build/icyphy/ptII/ptolemy/actor/lib/test/auto/TestExceptionAttribute1.xml
----------------- Instantiating /home/travis/build/icyphy/ptII/ptolemy/actor/lib/test/auto/TestExceptionAttribute1.xml
1 ms. Memory: 294912K Free: 210964K (72%)
----------------- Invoking toplevel() on ptolemy.moml.MoMLSimpleApplication@1413ded5
----------------- Done invoking toplevel() on ptolemy.moml.MoMLSimpleApplication@1413ded5
reloadAllAccessors: .TestExceptionAttribute1

===========================================================================================
----------------- testing Fri Jul 17 15:09:49 UTC 2020 /home/travis/build/icyphy/ptII/ptolemy/actor/lib/test/auto/TestExceptionAttribute2.xml
----------------- Instantiating /home/travis/build/icyphy/ptII/ptolemy/actor/lib/test/auto/TestExceptionAttribute2.xml
1 ms. Memory: 294912K Free: 207382K (70%)
----------------- Invoking toplevel() on ptolemy.moml.MoMLSimpleApplication@573ae41e
----------------- Done invoking toplevel() on ptolemy.moml.MoMLSimpleApplication@573ae41e
reloadAllAccessors: .TestExceptionAttribute2

===========================================================================================
----------------- testing Fri Jul 17 15:09:49 UTC 2020 /home/travis/build/icyphy/ptII/ptolemy/actor/lib/test/auto/TestExceptionAttribute3.xml
----------------- Instantiating /home/travis/build/icyphy/ptII/ptolemy/actor/lib/test/auto/TestExceptionAttribute3.xml
.TestExceptionAttribute3.TestExceptionAttribute: initialize() was not invoked, but wrapup() was.  This is unusual, but not always a problem.  For example, exporting JNLP will do this.
1 ms. Memory: 294912K Free: 203796K (69%)
----------------- Invoking toplevel() on ptolemy.moml.MoMLSimpleApplication@3cd9d328
----------------- Done invoking toplevel() on ptolemy.moml.MoMLSimpleApplication@3cd9d328
reloadAllAccessors: .TestExceptionAttribute3

===========================================================================================
----------------- testing Fri Jul 17 15:09:49 UTC 2020 /home/travis/build/icyphy/ptII/ptolemy/actor/lib/test/auto/TestExceptionAttribute4.xml
----------------- Instantiating /home/travis/build/icyphy/ptII/ptolemy/actor/lib/test/auto/TestExceptionAttribute4.xml
.TestExceptionAttribute4.TestExceptionAttribute: initialize() was not invoked, but wrapup() was.  This is unusual, but not always a problem.  For example, exporting JNLP will do this.
.TestExceptionAttribute4.TestExceptionAttribute2: initialize() was not invoked, but wrapup() was.  This is unusual, but not always a problem.  For example, exporting JNLP will do this.
0 ms. Memory: 294912K Free: 199190K (68%)
----------------- Invoking toplevel() on ptolemy.moml.MoMLSimpleApplication@30fe1caf
----------------- Done invoking toplevel() on ptolemy.moml.MoMLSimpleApplication@30fe1caf
reloadAllAccessors: .TestExceptionAttribute4

===========================================================================================
----------------- testing Fri Jul 17 15:09:49 UTC 2020 /home/travis/build/icyphy/ptII/ptolemy/actor/lib/test/auto/TestExceptionHandler1.xml
----------------- Instantiating /home/travis/build/icyphy/ptII/ptolemy/actor/lib/test/auto/TestExceptionHandler1.xml
1 ms. Memory: 294912K Free: 195604K (66%)
----------------- Invoking toplevel() on ptolemy.moml.MoMLSimpleApplication@78a0a299
----------------- Done invoking toplevel() on ptolemy.moml.MoMLSimpleApplication@78a0a299
reloadAllAccessors: .TestExceptionHandler1

===========================================================================================
----------------- testing Fri Jul 17 15:09:49 UTC 2020 /home/travis/build/icyphy/ptII/ptolemy/actor/lib/test/auto/TestExceptionHandler2.xml
----------------- Instantiating /home/travis/build/icyphy/ptII/ptolemy/actor/lib/test/auto/TestExceptionHandler2.xml
1 ms. Memory: 294912K Free: 192022K (65%)
----------------- Invoking toplevel() on ptolemy.moml.MoMLSimpleApplication@1e9b6715
----------------- Done invoking toplevel() on ptolemy.moml.MoMLSimpleApplication@1e9b6715
reloadAllAccessors: .TestExceptionHandler2

===========================================================================================
----------------- testing Fri Jul 17 15:09:49 UTC 2020 /home/travis/build/icyphy/ptII/ptolemy/actor/lib/test/auto/TestExceptionHandler3.xml
----------------- Instantiating /home/travis/build/icyphy/ptII/ptolemy/actor/lib/test/auto/TestExceptionHandler3.xml
0 ms. Memory: 294912K Free: 187926K (64%)
----------------- Invoking toplevel() on ptolemy.moml.MoMLSimpleApplication@654a8a0f
----------------- Done invoking toplevel() on ptolemy.moml.MoMLSimpleApplication@654a8a0f
reloadAllAccessors: .TestExceptionHandler3

===========================================================================================
----------------- testing Fri Jul 17 15:09:49 UTC 2020 /home/travis/build/icyphy/ptII/ptolemy/actor/lib/test/auto/TestExceptionHandler4.xml
----------------- Instantiating /home/travis/build/icyphy/ptII/ptolemy/actor/lib/test/auto/TestExceptionHandler4.xml
1 ms. Memory: 294912K Free: 183830K (62%)
----------------- Invoking toplevel() on ptolemy.moml.MoMLSimpleApplication@de75db2
----------------- Done invoking toplevel() on ptolemy.moml.MoMLSimpleApplication@de75db2
reloadAllAccessors: .TestExceptionHandler4

===========================================================================================
----------------- testing Fri Jul 17 15:09:49 UTC 2020 /home/travis/build/icyphy/ptII/ptolemy/actor/lib/test/auto/TestRequireCorrectOrder.xml
----------------- Instantiating /home/travis/build/icyphy/ptII/ptolemy/actor/lib/test/auto/TestRequireCorrectOrder.xml
5 ms. Memory: 294912K Free: 178710K (61%)
----------------- Invoking toplevel() on ptolemy.moml.MoMLSimpleApplication@583184fe
----------------- Done invoking toplevel() on ptolemy.moml.MoMLSimpleApplication@583184fe
reloadAllAccessors: .TestRequireCorrectOrder

===========================================================================================
----------------- testing Fri Jul 17 15:09:49 UTC 2020 /home/travis/build/icyphy/ptII/ptolemy/actor/lib/test/auto/TestSimple.xml
----------------- Instantiating /home/travis/build/icyphy/ptII/ptolemy/actor/lib/test/auto/TestSimple.xml
1 ms. Memory: 294912K Free: 174100K (59%)
----------------- Invoking toplevel() on ptolemy.moml.MoMLSimpleApplication@9a20961
----------------- Done invoking toplevel() on ptolemy.moml.MoMLSimpleApplication@9a20961
reloadAllAccessors: .TestSimple

===========================================================================================
----------------- testing Fri Jul 17 15:09:49 UTC 2020 /home/travis/build/icyphy/ptII/ptolemy/actor/lib/test/auto/ThrowModelError.xml
----------------- Instantiating /home/travis/build/icyphy/ptII/ptolemy/actor/lib/test/auto/ThrowModelError.xml
1 ms. Memory: 294912K Free: 169494K (57%)
----------------- Invoking toplevel() on ptolemy.moml.MoMLSimpleApplication@5b78008b
----------------- Done invoking toplevel() on ptolemy.moml.MoMLSimpleApplication@5b78008b
reloadAllAccessors: .ThrowModelError

===========================================================================================
----------------- testing Fri Jul 17 15:09:49 UTC 2020 /home/travis/build/icyphy/ptII/ptolemy/actor/lib/test/auto/TimeDelayMicrosteps.xml
----------------- Instantiating /home/travis/build/icyphy/ptII/ptolemy/actor/lib/test/auto/TimeDelayMicrosteps.xml
2 ms. Memory: 294912K Free: 162806K (55%)
----------------- Invoking toplevel() on ptolemy.moml.MoMLSimpleApplication@415577f9
----------------- Done invoking toplevel() on ptolemy.moml.MoMLSimpleApplication@415577f9
reloadAllAccessors: .TimeDelayMicrosteps

===========================================================================================
----------------- testing Fri Jul 17 15:09:49 UTC 2020 /home/travis/build/icyphy/ptII/ptolemy/actor/lib/test/auto/TimeDelayMicrosteps2.xml
----------------- Instantiating /home/travis/build/icyphy/ptII/ptolemy/actor/lib/test/auto/TimeDelayMicrosteps2.xml
3 ms. Memory: 294912K Free: 155158K (53%)
----------------- Invoking toplevel() on ptolemy.moml.MoMLSimpleApplication@28ef2f17
----------------- Done invoking toplevel() on ptolemy.moml.MoMLSimpleApplication@28ef2f17
reloadAllAccessors: .TimeDelayMicrosteps2

===========================================================================================
----------------- testing Fri Jul 17 15:09:49 UTC 2020 /home/travis/build/icyphy/ptII/ptolemy/actor/lib/test/auto/TimeDelayMicrosteps3.xml
----------------- Instantiating /home/travis/build/icyphy/ptII/ptolemy/actor/lib/test/auto/TimeDelayMicrosteps3.xml
4 ms. Memory: 294912K Free: 148467K (50%)
----------------- Invoking toplevel() on ptolemy.moml.MoMLSimpleApplication@7f299525
----------------- Done invoking toplevel() on ptolemy.moml.MoMLSimpleApplication@7f299525
reloadAllAccessors: .TimeDelayMicrosteps3

===========================================================================================
----------------- testing Fri Jul 17 15:09:49 UTC 2020 /home/travis/build/icyphy/ptII/ptolemy/actor/lib/test/auto/TimeDelayVariableMicrosteps.xml
----------------- Instantiating /home/travis/build/icyphy/ptII/ptolemy/actor/lib/test/auto/TimeDelayVariableMicrosteps.xml
4 ms. Memory: 294912K Free: 141846K (48%)
----------------- Invoking toplevel() on ptolemy.moml.MoMLSimpleApplication@697f959f
----------------- Done invoking toplevel() on ptolemy.moml.MoMLSimpleApplication@697f959f
reloadAllAccessors: .TimeDelayVariableMicrosteps

===========================================================================================
----------------- testing Fri Jul 17 15:09:49 UTC 2020 /home/travis/build/icyphy/ptII/ptolemy/actor/lib/test/auto/TimeGap.xml
----------------- Instantiating /home/travis/build/icyphy/ptII/ptolemy/actor/lib/test/auto/TimeGap.xml
2 ms. Memory: 294912K Free: 135182K (46%)
----------------- Invoking toplevel() on ptolemy.moml.MoMLSimpleApplication@2f356ce9
----------------- Done invoking toplevel() on ptolemy.moml.MoMLSimpleApplication@2f356ce9
reloadAllAccessors: .TimeGap

===========================================================================================
----------------- testing Fri Jul 17 15:09:50 UTC 2020 /home/travis/build/icyphy/ptII/ptolemy/actor/lib/test/auto/TimeGap2.xml
----------------- Instantiating /home/travis/build/icyphy/ptII/ptolemy/actor/lib/test/auto/TimeGap2.xml
2 ms. Memory: 294912K Free: 129558K (44%)
----------------- Invoking toplevel() on ptolemy.moml.MoMLSimpleApplication@3b6a9a4f
----------------- Done invoking toplevel() on ptolemy.moml.MoMLSimpleApplication@3b6a9a4f
reloadAllAccessors: .TimeGap2

===========================================================================================
----------------- testing Fri Jul 17 15:09:50 UTC 2020 /home/travis/build/icyphy/ptII/ptolemy/actor/lib/test/auto/TimedSinewave.xml
----------------- Instantiating /home/travis/build/icyphy/ptII/ptolemy/actor/lib/test/auto/TimedSinewave.xml
32 ms. Memory: 294912K Free: 115732K (39%)
----------------- Invoking toplevel() on ptolemy.moml.MoMLSimpleApplication@4bea9444
----------------- Done invoking toplevel() on ptolemy.moml.MoMLSimpleApplication@4bea9444
reloadAllAccessors: .TimedSinewave

===========================================================================================
----------------- testing Fri Jul 17 15:09:50 UTC 2020 /home/travis/build/icyphy/ptII/ptolemy/actor/lib/test/auto/TimedSinewavePhase.xml
----------------- Instantiating /home/travis/build/icyphy/ptII/ptolemy/actor/lib/test/auto/TimedSinewavePhase.xml
8 ms. Memory: 294912K Free: 105492K (36%)
----------------- Invoking toplevel() on ptolemy.moml.MoMLSimpleApplication@28e7570d
----------------- Done invoking toplevel() on ptolemy.moml.MoMLSimpleApplication@28e7570d
reloadAllAccessors: .TimedSinewavePhase

===========================================================================================
----------------- testing Fri Jul 17 15:09:50 UTC 2020 /home/travis/build/icyphy/ptII/ptolemy/actor/lib/test/auto/Timer.xml
----------------- Instantiating /home/travis/build/icyphy/ptII/ptolemy/actor/lib/test/auto/Timer.xml
4 ms. Memory: 294912K Free: 99862K (34%)
----------------- Invoking toplevel() on ptolemy.moml.MoMLSimpleApplication@18a1bf70
----------------- Done invoking toplevel() on ptolemy.moml.MoMLSimpleApplication@18a1bf70
reloadAllAccessors: .Timer

===========================================================================================
----------------- testing Fri Jul 17 15:09:50 UTC 2020 /home/travis/build/icyphy/ptII/ptolemy/actor/lib/test/auto/TriangularDistTestModel.xml
----------------- Instantiating /home/travis/build/icyphy/ptII/ptolemy/actor/lib/test/auto/TriangularDistTestModel.xml
2 ms. Memory: 294912K Free: 94214K (32%)
----------------- Invoking toplevel() on ptolemy.moml.MoMLSimpleApplication@32980d54
----------------- Done invoking toplevel() on ptolemy.moml.MoMLSimpleApplication@32980d54
reloadAllAccessors: .TriangularDistTestModel

===========================================================================================
----------------- testing Fri Jul 17 15:09:50 UTC 2020 /home/travis/build/icyphy/ptII/ptolemy/actor/lib/test/auto/TrigFunction.xml
----------------- Instantiating /home/travis/build/icyphy/ptII/ptolemy/actor/lib/test/auto/TrigFunction.xml
1 ms. Memory: 294912K Free: 89108K (30%)
----------------- Invoking toplevel() on ptolemy.moml.MoMLSimpleApplication@19b84465
----------------- Done invoking toplevel() on ptolemy.moml.MoMLSimpleApplication@19b84465
reloadAllAccessors: .TrigFunction

===========================================================================================
----------------- testing Fri Jul 17 15:09:50 UTC 2020 /home/travis/build/icyphy/ptII/ptolemy/actor/lib/test/auto/TrigFunctionDE.xml
----------------- Instantiating /home/travis/build/icyphy/ptII/ptolemy/actor/lib/test/auto/TrigFunctionDE.xml
1 ms. Memory: 294912K Free: 83478K (28%)
----------------- Invoking toplevel() on ptolemy.moml.MoMLSimpleApplication@3978fbb7
----------------- Done invoking toplevel() on ptolemy.moml.MoMLSimpleApplication@3978fbb7
reloadAllAccessors: .TrigFunctionDE

===========================================================================================
----------------- testing Fri Jul 17 15:09:50 UTC 2020 /home/travis/build/icyphy/ptII/ptolemy/actor/lib/test/auto/TrigFunctionInverse.xml
----------------- Instantiating /home/travis/build/icyphy/ptII/ptolemy/actor/lib/test/auto/TrigFunctionInverse.xml
2 ms. Memory: 294912K Free: 78358K (27%)
----------------- Invoking toplevel() on ptolemy.moml.MoMLSimpleApplication@4041a26
----------------- Done invoking toplevel() on ptolemy.moml.MoMLSimpleApplication@4041a26
reloadAllAccessors: .TrigFunctionInverse

===========================================================================================
----------------- testing Fri Jul 17 15:09:50 UTC 2020 /home/travis/build/icyphy/ptII/ptolemy/actor/lib/test/auto/TrigFunctionTan.xml
----------------- Instantiating /home/travis/build/icyphy/ptII/ptolemy/actor/lib/test/auto/TrigFunctionTan.xml
1 ms. Memory: 294912K Free: 73238K (25%)
----------------- Invoking toplevel() on ptolemy.moml.MoMLSimpleApplication@34d51b2
----------------- Done invoking toplevel() on ptolemy.moml.MoMLSimpleApplication@34d51b2
reloadAllAccessors: .TrigFunctionTan

===========================================================================================
----------------- testing Fri Jul 17 15:09:50 UTC 2020 /home/travis/build/icyphy/ptII/ptolemy/actor/lib/test/auto/TriggeredClock.xml
----------------- Instantiating /home/travis/build/icyphy/ptII/ptolemy/actor/lib/test/auto/TriggeredClock.xml
1 ms. Memory: 294912K Free: 242744K (82%)
----------------- Invoking toplevel() on ptolemy.moml.MoMLSimpleApplication@e8e35ca
----------------- Done invoking toplevel() on ptolemy.moml.MoMLSimpleApplication@e8e35ca
reloadAllAccessors: .TriggeredClock

===========================================================================================
----------------- testing Fri Jul 17 15:09:50 UTC 2020 /home/travis/build/icyphy/ptII/ptolemy/actor/lib/test/auto/URLDirectoryReader.xml
----------------- Instantiating /home/travis/build/icyphy/ptII/ptolemy/actor/lib/test/auto/URLDirectoryReader.xml
36 ms. Memory: 294912K Free: 233542K (79%)
----------------- Invoking toplevel() on ptolemy.moml.MoMLSimpleApplication@3a5fe31d
----------------- Done invoking toplevel() on ptolemy.moml.MoMLSimpleApplication@3a5fe31d
reloadAllAccessors: .URLDirectoryReader

===========================================================================================
----------------- testing Fri Jul 17 15:09:50 UTC 2020 /home/travis/build/icyphy/ptII/ptolemy/actor/lib/test/auto/URLDirectoryReader3.xml
----------------- Instantiating /home/travis/build/icyphy/ptII/ptolemy/actor/lib/test/auto/URLDirectoryReader3.xml
1346 ms. Memory: 294912K Free: 235275K (80%)
----------------- Invoking toplevel() on ptolemy.moml.MoMLSimpleApplication@5b14bcf9
----------------- Done invoking toplevel() on ptolemy.moml.MoMLSimpleApplication@5b14bcf9
reloadAllAccessors: .URLDirectoryReader3

===========================================================================================
----------------- testing Fri Jul 17 15:09:52 UTC 2020 /home/travis/build/icyphy/ptII/ptolemy/actor/lib/test/auto/UnaryMathFunction.xml
----------------- Instantiating /home/travis/build/icyphy/ptII/ptolemy/actor/lib/test/auto/UnaryMathFunction.xml
3 ms. Memory: 294912K Free: 227082K (77%)
----------------- Invoking toplevel() on ptolemy.moml.MoMLSimpleApplication@309742b6
----------------- Done invoking toplevel() on ptolemy.moml.MoMLSimpleApplication@309742b6
reloadAllAccessors: .UnaryMathFunction

===========================================================================================
----------------- testing Fri Jul 17 15:09:52 UTC 2020 /home/travis/build/icyphy/ptII/ptolemy/actor/lib/test/auto/Uniform.xml
----------------- Instantiating /home/travis/build/icyphy/ptII/ptolemy/actor/lib/test/auto/Uniform.xml
1 ms. Memory: 294912K Free: 221962K (75%)
----------------- Invoking toplevel() on ptolemy.moml.MoMLSimpleApplication@1e86d1c7
----------------- Done invoking toplevel() on ptolemy.moml.MoMLSimpleApplication@1e86d1c7
reloadAllAccessors: .Uniform

===========================================================================================
----------------- testing Fri Jul 17 15:09:52 UTC 2020 /home/travis/build/icyphy/ptII/ptolemy/actor/lib/test/auto/UnionDisassemblerTest.xml
----------------- Instantiating /home/travis/build/icyphy/ptII/ptolemy/actor/lib/test/auto/UnionDisassemblerTest.xml
15 ms. Memory: 294912K Free: 217866K (74%)
----------------- Invoking toplevel() on ptolemy.moml.MoMLSimpleApplication@4bc0e8cc
----------------- Done invoking toplevel() on ptolemy.moml.MoMLSimpleApplication@4bc0e8cc
reloadAllAccessors: .UnionDisassemblerTest

===========================================================================================
----------------- testing Fri Jul 17 15:09:52 UTC 2020 /home/travis/build/icyphy/ptII/ptolemy/actor/lib/test/auto/UtilityFunctions.xml
----------------- Instantiating /home/travis/build/icyphy/ptII/ptolemy/actor/lib/test/auto/UtilityFunctions.xml
1 ms. Memory: 294912K Free: 213770K (72%)
----------------- Invoking toplevel() on ptolemy.moml.MoMLSimpleApplication@6fa4fe8d
----------------- Done invoking toplevel() on ptolemy.moml.MoMLSimpleApplication@6fa4fe8d
reloadAllAccessors: .UtilityFunctions

===========================================================================================
----------------- testing Fri Jul 17 15:09:52 UTC 2020 /home/travis/build/icyphy/ptII/ptolemy/actor/lib/test/auto/VariableSleep.xml
----------------- Instantiating /home/travis/build/icyphy/ptII/ptolemy/actor/lib/test/auto/VariableSleep.xml
507 ms. Memory: 294912K Free: 208650K (71%)
----------------- Invoking toplevel() on ptolemy.moml.MoMLSimpleApplication@32ba463c
----------------- Done invoking toplevel() on ptolemy.moml.MoMLSimpleApplication@32ba463c
reloadAllAccessors: .VariableSleep

===========================================================================================
----------------- testing Fri Jul 17 15:09:52 UTC 2020 /home/travis/build/icyphy/ptII/ptolemy/actor/lib/test/auto/VectorAssemblerDisassemblerCT.xml
----------------- Instantiating /home/travis/build/icyphy/ptII/ptolemy/actor/lib/test/auto/VectorAssemblerDisassemblerCT.xml
68 ms. Memory: 294912K Free: 188170K (64%)
----------------- Invoking toplevel() on ptolemy.moml.MoMLSimpleApplication@77fac977
----------------- Done invoking toplevel() on ptolemy.moml.MoMLSimpleApplication@77fac977
reloadAllAccessors: .VectorAssemblerDisassemblerCT

===========================================================================================
----------------- testing Fri Jul 17 15:09:52 UTC 2020 /home/travis/build/icyphy/ptII/ptolemy/actor/lib/test/auto/VectorAssemblerDisassemblerDE.xml
----------------- Instantiating /home/travis/build/icyphy/ptII/ptolemy/actor/lib/test/auto/VectorAssemblerDisassemblerDE.xml
2 ms. Memory: 294912K Free: 181002K (61%)
----------------- Invoking toplevel() on ptolemy.moml.MoMLSimpleApplication@1d0ea8ad
----------------- Done invoking toplevel() on ptolemy.moml.MoMLSimpleApplication@1d0ea8ad
reloadAllAccessors: .VectorAssemblerDisassemblerDE

===========================================================================================
----------------- testing Fri Jul 17 15:09:52 UTC 2020 /home/travis/build/icyphy/ptII/ptolemy/actor/lib/test/auto/VectorAssemblerDisassemblerSDF.xml
----------------- Instantiating /home/travis/build/icyphy/ptII/ptolemy/actor/lib/test/auto/VectorAssemblerDisassemblerSDF.xml
2 ms. Memory: 294912K Free: 174858K (59%)
----------------- Invoking toplevel() on ptolemy.moml.MoMLSimpleApplication@1cebdece
----------------- Done invoking toplevel() on ptolemy.moml.MoMLSimpleApplication@1cebdece
reloadAllAccessors: .VectorAssemblerDisassemblerSDF

===========================================================================================
----------------- testing Fri Jul 17 15:09:52 UTC 2020 /home/travis/build/icyphy/ptII/ptolemy/actor/lib/test/auto/WallClockTime.xml
----------------- Instantiating /home/travis/build/icyphy/ptII/ptolemy/actor/lib/test/auto/WallClockTime.xml
1003 ms. Memory: 294912K Free: 169224K (57%)
----------------- Invoking toplevel() on ptolemy.moml.MoMLSimpleApplication@33c32cb6
----------------- Done invoking toplevel() on ptolemy.moml.MoMLSimpleApplication@33c32cb6
reloadAllAccessors: .WallClockTime

===========================================================================================
----------------- testing Fri Jul 17 15:09:53 UTC 2020 /home/travis/build/icyphy/ptII/ptolemy/actor/lib/test/auto/WidthTestWithSubscriberPublisher.xml
----------------- Instantiating /home/travis/build/icyphy/ptII/ptolemy/actor/lib/test/auto/WidthTestWithSubscriberPublisher.xml
6 ms. Memory: 294912K Free: 151816K (51%)
----------------- Invoking toplevel() on ptolemy.moml.MoMLSimpleApplication@6fa0e3dd
----------------- Done invoking toplevel() on ptolemy.moml.MoMLSimpleApplication@6fa0e3dd
reloadAllAccessors: .WidthTestWithSubscriberPublisher

===========================================================================================
----------------- testing Fri Jul 17 15:09:53 UTC 2020 /home/travis/build/icyphy/ptII/ptolemy/actor/lib/test/auto/WidthTestWithSubscriberPublisher2.xml
----------------- Instantiating /home/travis/build/icyphy/ptII/ptolemy/actor/lib/test/auto/WidthTestWithSubscriberPublisher2.xml
2 ms. Memory: 294912K Free: 145162K (49%)
----------------- Invoking toplevel() on ptolemy.moml.MoMLSimpleApplication@3188ae2f
----------------- Done invoking toplevel() on ptolemy.moml.MoMLSimpleApplication@3188ae2f
reloadAllAccessors: .WidthTestWithSubscriberPublisher2

===========================================================================================
----------------- testing Fri Jul 17 15:09:53 UTC 2020 /home/travis/build/icyphy/ptII/ptolemy/actor/lib/test/auto/WidthTestWithSubscriberPublisher3.xml
----------------- Instantiating /home/travis/build/icyphy/ptII/ptolemy/actor/lib/test/auto/WidthTestWithSubscriberPublisher3.xml
2 ms. Memory: 294912K Free: 139528K (47%)
----------------- Invoking toplevel() on ptolemy.moml.MoMLSimpleApplication@1fc0089e
----------------- Done invoking toplevel() on ptolemy.moml.MoMLSimpleApplication@1fc0089e
reloadAllAccessors: .WidthTestWithSubscriberPublisher3

===========================================================================================
----------------- testing Fri Jul 17 15:09:53 UTC 2020 /home/travis/build/icyphy/ptII/ptolemy/actor/lib/test/auto/Writer.xml
----------------- Instantiating /home/travis/build/icyphy/ptII/ptolemy/actor/lib/test/auto/Writer.xml
0
1
2
3
4
1 ms. Memory: 294912K Free: 134922K (46%)
----------------- Invoking toplevel() on ptolemy.moml.MoMLSimpleApplication@15bd53df
----------------- Done invoking toplevel() on ptolemy.moml.MoMLSimpleApplication@15bd53df
reloadAllAccessors: .Writer

===========================================================================================
----------------- testing Fri Jul 17 15:09:53 UTC 2020 /home/travis/build/icyphy/ptII/ptolemy/actor/lib/test/auto/array.xml
----------------- Instantiating /home/travis/build/icyphy/ptII/ptolemy/actor/lib/test/auto/array.xml
9 ms. Memory: 294912K Free: 130312K (44%)
----------------- Invoking toplevel() on ptolemy.moml.MoMLSimpleApplication@11b8c85c
----------------- Done invoking toplevel() on ptolemy.moml.MoMLSimpleApplication@11b8c85c
reloadAllAccessors: .array

===========================================================================================
----------------- testing Fri Jul 17 15:09:53 UTC 2020 /home/travis/build/icyphy/ptII/ptolemy/actor/lib/test/auto/array2.xml
----------------- Instantiating /home/travis/build/icyphy/ptII/ptolemy/actor/lib/test/auto/array2.xml
4 ms. Memory: 294912K Free: 125178K (42%)
----------------- Invoking toplevel() on ptolemy.moml.MoMLSimpleApplication@e998e78
----------------- Done invoking toplevel() on ptolemy.moml.MoMLSimpleApplication@e998e78
reloadAllAccessors: .array2

===========================================================================================
----------------- testing Fri Jul 17 15:09:53 UTC 2020 /home/travis/build/icyphy/ptII/ptolemy/actor/lib/test/auto/arrayType.xml
----------------- Instantiating /home/travis/build/icyphy/ptII/ptolemy/actor/lib/test/auto/arrayType.xml
2 ms. Memory: 294912K Free: 119562K (41%)
----------------- Invoking toplevel() on ptolemy.moml.MoMLSimpleApplication@76faee0
----------------- Done invoking toplevel() on ptolemy.moml.MoMLSimpleApplication@76faee0
reloadAllAccessors: .arrayType

===========================================================================================
----------------- testing Fri Jul 17 15:09:53 UTC 2020 /home/travis/build/icyphy/ptII/ptolemy/actor/lib/test/auto/arrayType10.xml
----------------- Instantiating /home/travis/build/icyphy/ptII/ptolemy/actor/lib/test/auto/arrayType10.xml
1 ms. Memory: 294912K Free: 114952K (39%)
----------------- Invoking toplevel() on ptolemy.moml.MoMLSimpleApplication@45aaab72
----------------- Done invoking toplevel() on ptolemy.moml.MoMLSimpleApplication@45aaab72
reloadAllAccessors: .arrayType10

===========================================================================================
----------------- testing Fri Jul 17 15:09:53 UTC 2020 /home/travis/build/icyphy/ptII/ptolemy/actor/lib/test/auto/arrayType11.xml
----------------- Instantiating /home/travis/build/icyphy/ptII/ptolemy/actor/lib/test/auto/arrayType11.xml
1 ms. Memory: 294912K Free: 110346K (37%)
----------------- Invoking toplevel() on ptolemy.moml.MoMLSimpleApplication@4b35e235
----------------- Done invoking toplevel() on ptolemy.moml.MoMLSimpleApplication@4b35e235
reloadAllAccessors: .arrayType11

===========================================================================================
----------------- testing Fri Jul 17 15:09:53 UTC 2020 /home/travis/build/icyphy/ptII/ptolemy/actor/lib/test/auto/arrayType12.xml
----------------- Instantiating /home/travis/build/icyphy/ptII/ptolemy/actor/lib/test/auto/arrayType12.xml
1 ms. Memory: 294912K Free: 105226K (36%)
----------------- Invoking toplevel() on ptolemy.moml.MoMLSimpleApplication@40b0e43d
----------------- Done invoking toplevel() on ptolemy.moml.MoMLSimpleApplication@40b0e43d
reloadAllAccessors: .arrayType12

===========================================================================================
----------------- testing Fri Jul 17 15:09:53 UTC 2020 /home/travis/build/icyphy/ptII/ptolemy/actor/lib/test/auto/arrayType13.xml
----------------- Instantiating /home/travis/build/icyphy/ptII/ptolemy/actor/lib/test/auto/arrayType13.xml
1 ms. Memory: 294912K Free: 100106K (34%)
----------------- Invoking toplevel() on ptolemy.moml.MoMLSimpleApplication@103eb53
----------------- Done invoking toplevel() on ptolemy.moml.MoMLSimpleApplication@103eb53
reloadAllAccessors: .arrayType13

===========================================================================================
----------------- testing Fri Jul 17 15:09:53 UTC 2020 /home/travis/build/icyphy/ptII/ptolemy/actor/lib/test/auto/arrayType14.xml
----------------- Instantiating /home/travis/build/icyphy/ptII/ptolemy/actor/lib/test/auto/arrayType14.xml
2 ms. Memory: 294912K Free: 94986K (32%)
----------------- Invoking toplevel() on ptolemy.moml.MoMLSimpleApplication@65dff212
----------------- Done invoking toplevel() on ptolemy.moml.MoMLSimpleApplication@65dff212
reloadAllAccessors: .arrayType14

===========================================================================================
----------------- testing Fri Jul 17 15:09:53 UTC 2020 /home/travis/build/icyphy/ptII/ptolemy/actor/lib/test/auto/arrayType15.xml
----------------- Instantiating /home/travis/build/icyphy/ptII/ptolemy/actor/lib/test/auto/arrayType15.xml
2 ms. Memory: 294912K Free: 89352K (30%)
----------------- Invoking toplevel() on ptolemy.moml.MoMLSimpleApplication@23e4c230
----------------- Done invoking toplevel() on ptolemy.moml.MoMLSimpleApplication@23e4c230
reloadAllAccessors: .arrayType15

===========================================================================================
----------------- testing Fri Jul 17 15:09:53 UTC 2020 /home/travis/build/icyphy/ptII/ptolemy/actor/lib/test/auto/arrayType16.xml
----------------- Instantiating /home/travis/build/icyphy/ptII/ptolemy/actor/lib/test/auto/arrayType16.xml
1 ms. Memory: 294912K Free: 84218K (29%)
----------------- Invoking toplevel() on ptolemy.moml.MoMLSimpleApplication@5173efa0
----------------- Done invoking toplevel() on ptolemy.moml.MoMLSimpleApplication@5173efa0
reloadAllAccessors: .arrayType16

===========================================================================================
----------------- testing Fri Jul 17 15:09:53 UTC 2020 /home/travis/build/icyphy/ptII/ptolemy/actor/lib/test/auto/arrayType17.xml
----------------- Instantiating /home/travis/build/icyphy/ptII/ptolemy/actor/lib/test/auto/arrayType17.xml
1 ms. Memory: 294912K Free: 78602K (27%)
----------------- Invoking toplevel() on ptolemy.moml.MoMLSimpleApplication@2af67aa4
----------------- Done invoking toplevel() on ptolemy.moml.MoMLSimpleApplication@2af67aa4
reloadAllAccessors: .arrayType17

===========================================================================================
----------------- testing Fri Jul 17 15:09:53 UTC 2020 /home/travis/build/icyphy/ptII/ptolemy/actor/lib/test/auto/arrayType18.xml
----------------- Instantiating /home/travis/build/icyphy/ptII/ptolemy/actor/lib/test/auto/arrayType18.xml
1 ms. Memory: 294912K Free: 73992K (25%)
----------------- Invoking toplevel() on ptolemy.moml.MoMLSimpleApplication@365e07d6
----------------- Done invoking toplevel() on ptolemy.moml.MoMLSimpleApplication@365e07d6
reloadAllAccessors: .arrayType18

===========================================================================================
----------------- testing Fri Jul 17 15:09:53 UTC 2020 /home/travis/build/icyphy/ptII/ptolemy/actor/lib/test/auto/arrayType19.xml
----------------- Instantiating /home/travis/build/icyphy/ptII/ptolemy/actor/lib/test/auto/arrayType19.xml
1 ms. Memory: 294912K Free: 69386K (24%)
----------------- Invoking toplevel() on ptolemy.moml.MoMLSimpleApplication@b8f7a99
----------------- Done invoking toplevel() on ptolemy.moml.MoMLSimpleApplication@b8f7a99
reloadAllAccessors: .arrayType19

===========================================================================================
----------------- testing Fri Jul 17 15:09:54 UTC 2020 /home/travis/build/icyphy/ptII/ptolemy/actor/lib/test/auto/arrayType2.xml
----------------- Instantiating /home/travis/build/icyphy/ptII/ptolemy/actor/lib/test/auto/arrayType2.xml
1 ms. Memory: 294912K Free: 235413K (80%)
----------------- Invoking toplevel() on ptolemy.moml.MoMLSimpleApplication@7a4a1b20
----------------- Done invoking toplevel() on ptolemy.moml.MoMLSimpleApplication@7a4a1b20
reloadAllAccessors: .arrayType2

===========================================================================================
----------------- testing Fri Jul 17 15:09:54 UTC 2020 /home/travis/build/icyphy/ptII/ptolemy/actor/lib/test/auto/arrayType20.xml
----------------- Instantiating /home/travis/build/icyphy/ptII/ptolemy/actor/lib/test/auto/arrayType20.xml
1 ms. Memory: 294912K Free: 230803K (78%)
----------------- Invoking toplevel() on ptolemy.moml.MoMLSimpleApplication@fa35476
----------------- Done invoking toplevel() on ptolemy.moml.MoMLSimpleApplication@fa35476
reloadAllAccessors: .arrayType20

===========================================================================================
----------------- testing Fri Jul 17 15:09:54 UTC 2020 /home/travis/build/icyphy/ptII/ptolemy/actor/lib/test/auto/arrayType21.xml
----------------- Instantiating /home/travis/build/icyphy/ptII/ptolemy/actor/lib/test/auto/arrayType21.xml
2 ms. Memory: 294912K Free: 226197K (77%)
----------------- Invoking toplevel() on ptolemy.moml.MoMLSimpleApplication@69709d46
----------------- Done invoking toplevel() on ptolemy.moml.MoMLSimpleApplication@69709d46
reloadAllAccessors: .arrayType21

===========================================================================================
----------------- testing Fri Jul 17 15:09:54 UTC 2020 /home/travis/build/icyphy/ptII/ptolemy/actor/lib/test/auto/arrayType22.xml
----------------- Instantiating /home/travis/build/icyphy/ptII/ptolemy/actor/lib/test/auto/arrayType22.xml
3 ms. Memory: 294912K Free: 221077K (75%)
----------------- Invoking toplevel() on ptolemy.moml.MoMLSimpleApplication@35db0646
----------------- Done invoking toplevel() on ptolemy.moml.MoMLSimpleApplication@35db0646
reloadAllAccessors: .arrayType22

===========================================================================================
----------------- testing Fri Jul 17 15:09:54 UTC 2020 /home/travis/build/icyphy/ptII/ptolemy/actor/lib/test/auto/arrayType23.xml
----------------- Instantiating /home/travis/build/icyphy/ptII/ptolemy/actor/lib/test/auto/arrayType23.xml
1 ms. Memory: 294912K Free: 216467K (73%)
----------------- Invoking toplevel() on ptolemy.moml.MoMLSimpleApplication@255fe86c
----------------- Done invoking toplevel() on ptolemy.moml.MoMLSimpleApplication@255fe86c
reloadAllAccessors: .arrayType23

===========================================================================================
----------------- testing Fri Jul 17 15:09:54 UTC 2020 /home/travis/build/icyphy/ptII/ptolemy/actor/lib/test/auto/arrayType24.xml
----------------- Instantiating /home/travis/build/icyphy/ptII/ptolemy/actor/lib/test/auto/arrayType24.xml
4 ms. Memory: 294912K Free: 211861K (72%)
----------------- Invoking toplevel() on ptolemy.moml.MoMLSimpleApplication@8a4642c
----------------- Done invoking toplevel() on ptolemy.moml.MoMLSimpleApplication@8a4642c
reloadAllAccessors: .arrayType24

===========================================================================================
----------------- testing Fri Jul 17 15:09:54 UTC 2020 /home/travis/build/icyphy/ptII/ptolemy/actor/lib/test/auto/arrayType25.xml
----------------- Instantiating /home/travis/build/icyphy/ptII/ptolemy/actor/lib/test/auto/arrayType25.xml
1 ms. Memory: 294912K Free: 206227K (70%)
----------------- Invoking toplevel() on ptolemy.moml.MoMLSimpleApplication@315e7e24
----------------- Done invoking toplevel() on ptolemy.moml.MoMLSimpleApplication@315e7e24
reloadAllAccessors: .arrayType25

===========================================================================================
----------------- testing Fri Jul 17 15:09:54 UTC 2020 /home/travis/build/icyphy/ptII/ptolemy/actor/lib/test/auto/arrayType26.xml
----------------- Instantiating /home/travis/build/icyphy/ptII/ptolemy/actor/lib/test/auto/arrayType26.xml
1 ms. Memory: 294912K Free: 201107K (68%)
----------------- Invoking toplevel() on ptolemy.moml.MoMLSimpleApplication@279703aa
----------------- Done invoking toplevel() on ptolemy.moml.MoMLSimpleApplication@279703aa
reloadAllAccessors: .arrayType26

===========================================================================================
----------------- testing Fri Jul 17 15:09:54 UTC 2020 /home/travis/build/icyphy/ptII/ptolemy/actor/lib/test/auto/arrayType27.xml
----------------- Instantiating /home/travis/build/icyphy/ptII/ptolemy/actor/lib/test/auto/arrayType27.xml
1 ms. Memory: 294912K Free: 195477K (66%)
----------------- Invoking toplevel() on ptolemy.moml.MoMLSimpleApplication@6070bebe
----------------- Done invoking toplevel() on ptolemy.moml.MoMLSimpleApplication@6070bebe
reloadAllAccessors: .arrayType27

===========================================================================================
----------------- testing Fri Jul 17 15:09:54 UTC 2020 /home/travis/build/icyphy/ptII/ptolemy/actor/lib/test/auto/arrayType28.xml
----------------- Instantiating /home/travis/build/icyphy/ptII/ptolemy/actor/lib/test/auto/arrayType28.xml
1 ms. Memory: 294912K Free: 190357K (65%)
----------------- Invoking toplevel() on ptolemy.moml.MoMLSimpleApplication@7bedfecd
----------------- Done invoking toplevel() on ptolemy.moml.MoMLSimpleApplication@7bedfecd
reloadAllAccessors: .arrayType28

===========================================================================================
----------------- testing Fri Jul 17 15:09:54 UTC 2020 /home/travis/build/icyphy/ptII/ptolemy/actor/lib/test/auto/arrayType3.xml
----------------- Instantiating /home/travis/build/icyphy/ptII/ptolemy/actor/lib/test/auto/arrayType3.xml
2 ms. Memory: 294912K Free: 185237K (63%)
----------------- Invoking toplevel() on ptolemy.moml.MoMLSimpleApplication@13cb6eaa
----------------- Done invoking toplevel() on ptolemy.moml.MoMLSimpleApplication@13cb6eaa
reloadAllAccessors: .arrayType3

===========================================================================================
----------------- testing Fri Jul 17 15:09:54 UTC 2020 /home/travis/build/icyphy/ptII/ptolemy/actor/lib/test/auto/arrayType4.xml
----------------- Instantiating /home/travis/build/icyphy/ptII/ptolemy/actor/lib/test/auto/arrayType4.xml
1 ms. Memory: 294912K Free: 179603K (61%)
----------------- Invoking toplevel() on ptolemy.moml.MoMLSimpleApplication@6d53da63
----------------- Done invoking toplevel() on ptolemy.moml.MoMLSimpleApplication@6d53da63
reloadAllAccessors: .arrayType4

===========================================================================================
----------------- testing Fri Jul 17 15:09:54 UTC 2020 /home/travis/build/icyphy/ptII/ptolemy/actor/lib/test/auto/arrayType5.xml
----------------- Instantiating /home/travis/build/icyphy/ptII/ptolemy/actor/lib/test/auto/arrayType5.xml
1 ms. Memory: 294912K Free: 174469K (59%)
----------------- Invoking toplevel() on ptolemy.moml.MoMLSimpleApplication@57f8a898
----------------- Done invoking toplevel() on ptolemy.moml.MoMLSimpleApplication@57f8a898
reloadAllAccessors: .arrayType5

===========================================================================================
----------------- testing Fri Jul 17 15:09:54 UTC 2020 /home/travis/build/icyphy/ptII/ptolemy/actor/lib/test/auto/arrayType6.xml
----------------- Instantiating /home/travis/build/icyphy/ptII/ptolemy/actor/lib/test/auto/arrayType6.xml
1 ms. Memory: 294912K Free: 169363K (57%)
----------------- Invoking toplevel() on ptolemy.moml.MoMLSimpleApplication@616f54c7
----------------- Done invoking toplevel() on ptolemy.moml.MoMLSimpleApplication@616f54c7
reloadAllAccessors: .arrayType6

===========================================================================================
----------------- testing Fri Jul 17 15:09:54 UTC 2020 /home/travis/build/icyphy/ptII/ptolemy/actor/lib/test/auto/arrayType7.xml
----------------- Instantiating /home/travis/build/icyphy/ptII/ptolemy/actor/lib/test/auto/arrayType7.xml
5 ms. Memory: 294912K Free: 164755K (56%)
----------------- Invoking toplevel() on ptolemy.moml.MoMLSimpleApplication@7fb4d5d9
----------------- Done invoking toplevel() on ptolemy.moml.MoMLSimpleApplication@7fb4d5d9
reloadAllAccessors: .arrayType7

===========================================================================================
----------------- testing Fri Jul 17 15:09:54 UTC 2020 /home/travis/build/icyphy/ptII/ptolemy/actor/lib/test/auto/arrayType8.xml
----------------- Instantiating /home/travis/build/icyphy/ptII/ptolemy/actor/lib/test/auto/arrayType8.xml
2 ms. Memory: 294912K Free: 160147K (54%)
----------------- Invoking toplevel() on ptolemy.moml.MoMLSimpleApplication@2fb46b02
----------------- Done invoking toplevel() on ptolemy.moml.MoMLSimpleApplication@2fb46b02
reloadAllAccessors: .arrayType8

===========================================================================================
----------------- testing Fri Jul 17 15:09:54 UTC 2020 /home/travis/build/icyphy/ptII/ptolemy/actor/lib/test/auto/arrayType9.xml
----------------- Instantiating /home/travis/build/icyphy/ptII/ptolemy/actor/lib/test/auto/arrayType9.xml
2 ms. Memory: 294912K Free: 155027K (53%)
----------------- Invoking toplevel() on ptolemy.moml.MoMLSimpleApplication@49735db8
----------------- Done invoking toplevel() on ptolemy.moml.MoMLSimpleApplication@49735db8
reloadAllAccessors: .arrayType9

===========================================================================================
----------------- testing Fri Jul 17 15:09:54 UTC 2020 /home/travis/build/icyphy/ptII/ptolemy/actor/lib/test/auto/cast.xml
----------------- Instantiating /home/travis/build/icyphy/ptII/ptolemy/actor/lib/test/auto/cast.xml
1 ms. Memory: 294912K Free: 150421K (51%)
----------------- Invoking toplevel() on ptolemy.moml.MoMLSimpleApplication@1546d809
----------------- Done invoking toplevel() on ptolemy.moml.MoMLSimpleApplication@1546d809
reloadAllAccessors: .cast

===========================================================================================
----------------- testing Fri Jul 17 15:09:54 UTC 2020 /home/travis/build/icyphy/ptII/ptolemy/actor/lib/test/auto/compositeMultiPort.xml
----------------- Instantiating /home/travis/build/icyphy/ptII/ptolemy/actor/lib/test/auto/compositeMultiPort.xml
3 ms. Memory: 294912K Free: 141205K (48%)
----------------- Invoking toplevel() on ptolemy.moml.MoMLSimpleApplication@6b380e1f
----------------- Done invoking toplevel() on ptolemy.moml.MoMLSimpleApplication@6b380e1f
reloadAllAccessors: .compositeMultiPort

===========================================================================================
----------------- testing Fri Jul 17 15:09:54 UTC 2020 /home/travis/build/icyphy/ptII/ptolemy/actor/lib/test/auto/expressionCastInference.xml
----------------- Instantiating /home/travis/build/icyphy/ptII/ptolemy/actor/lib/test/auto/expressionCastInference.xml
2 ms. Memory: 294912K Free: 136595K (46%)
----------------- Invoking toplevel() on ptolemy.moml.MoMLSimpleApplication@72437ec
----------------- Done invoking toplevel() on ptolemy.moml.MoMLSimpleApplication@72437ec
reloadAllAccessors: .expressionCastInference

===========================================================================================
----------------- testing Fri Jul 17 15:09:54 UTC 2020 /home/travis/build/icyphy/ptII/ptolemy/actor/lib/test/auto/expressionCastInference2.xml
----------------- Instantiating /home/travis/build/icyphy/ptII/ptolemy/actor/lib/test/auto/expressionCastInference2.xml
1 ms. Memory: 294912K Free: 131989K (45%)
----------------- Invoking toplevel() on ptolemy.moml.MoMLSimpleApplication@60e15807
----------------- Done invoking toplevel() on ptolemy.moml.MoMLSimpleApplication@60e15807
reloadAllAccessors: .expressionCastInference2

===========================================================================================
----------------- testing Fri Jul 17 15:09:54 UTC 2020 /home/travis/build/icyphy/ptII/ptolemy/actor/lib/test/auto/expressionInference.xml
----------------- Instantiating /home/travis/build/icyphy/ptII/ptolemy/actor/lib/test/auto/expressionInference.xml
2 ms. Memory: 294912K Free: 127379K (43%)
----------------- Invoking toplevel() on ptolemy.moml.MoMLSimpleApplication@9e05283
----------------- Done invoking toplevel() on ptolemy.moml.MoMLSimpleApplication@9e05283
reloadAllAccessors: .expressionInference

===========================================================================================
----------------- testing Fri Jul 17 15:09:54 UTC 2020 /home/travis/build/icyphy/ptII/ptolemy/actor/lib/test/auto/expression_bug.xml
----------------- Instantiating /home/travis/build/icyphy/ptII/ptolemy/actor/lib/test/auto/expression_bug.xml
1 ms. Memory: 294912K Free: 123283K (42%)
----------------- Invoking toplevel() on ptolemy.moml.MoMLSimpleApplication@44d7e53b
----------------- Done invoking toplevel() on ptolemy.moml.MoMLSimpleApplication@44d7e53b
reloadAllAccessors: .expression_bug

===========================================================================================
----------------- testing Fri Jul 17 15:09:54 UTC 2020 /home/travis/build/icyphy/ptII/ptolemy/actor/lib/test/auto/factorial.xml
----------------- Instantiating /home/travis/build/icyphy/ptII/ptolemy/actor/lib/test/auto/factorial.xml
34 ms. Memory: 294912K Free: 114581K (39%)
----------------- Invoking toplevel() on ptolemy.moml.MoMLSimpleApplication@664e620d
----------------- Done invoking toplevel() on ptolemy.moml.MoMLSimpleApplication@664e620d
reloadAllAccessors: .factorial

===========================================================================================
----------------- testing Fri Jul 17 15:09:54 UTC 2020 /home/travis/build/icyphy/ptII/ptolemy/actor/lib/test/auto/filterTest1.xml
----------------- Instantiating /home/travis/build/icyphy/ptII/ptolemy/actor/lib/test/auto/filterTest1.xml
3 ms. Memory: 294912K Free: 108947K (37%)
----------------- Invoking toplevel() on ptolemy.moml.MoMLSimpleApplication@76c9e281
----------------- Done invoking toplevel() on ptolemy.moml.MoMLSimpleApplication@76c9e281
reloadAllAccessors: .filterTest1

===========================================================================================
----------------- testing Fri Jul 17 15:09:54 UTC 2020 /home/travis/build/icyphy/ptII/ptolemy/actor/lib/test/auto/funcApplyInConst.xml
----------------- Instantiating /home/travis/build/icyphy/ptII/ptolemy/actor/lib/test/auto/funcApplyInConst.xml
1 ms. Memory: 294912K Free: 105365K (36%)
----------------- Invoking toplevel() on ptolemy.moml.MoMLSimpleApplication@1bc0a43a
----------------- Done invoking toplevel() on ptolemy.moml.MoMLSimpleApplication@1bc0a43a
reloadAllAccessors: .funcApplyInConst

===========================================================================================
----------------- testing Fri Jul 17 15:09:54 UTC 2020 /home/travis/build/icyphy/ptII/ptolemy/actor/lib/test/auto/funcApplyInExpr.xml
----------------- Instantiating /home/travis/build/icyphy/ptII/ptolemy/actor/lib/test/auto/funcApplyInExpr.xml
1 ms. Memory: 294912K Free: 101269K (34%)
----------------- Invoking toplevel() on ptolemy.moml.MoMLSimpleApplication@1a2ce5e3
----------------- Done invoking toplevel() on ptolemy.moml.MoMLSimpleApplication@1a2ce5e3
reloadAllAccessors: .funcApplyInExpr

===========================================================================================
----------------- testing Fri Jul 17 15:09:54 UTC 2020 /home/travis/build/icyphy/ptII/ptolemy/actor/lib/test/auto/function.xml
----------------- Instantiating /home/travis/build/icyphy/ptII/ptolemy/actor/lib/test/auto/function.xml
5 ms. Memory: 294912K Free: 96659K (33%)
----------------- Invoking toplevel() on ptolemy.moml.MoMLSimpleApplication@31eb532f
----------------- Done invoking toplevel() on ptolemy.moml.MoMLSimpleApplication@31eb532f
reloadAllAccessors: .function

===========================================================================================
----------------- testing Fri Jul 17 15:09:54 UTC 2020 /home/travis/build/icyphy/ptII/ptolemy/actor/lib/test/auto/function2.xml
----------------- Instantiating /home/travis/build/icyphy/ptII/ptolemy/actor/lib/test/auto/function2.xml
2 ms. Memory: 294912K Free: 91539K (31%)
----------------- Invoking toplevel() on ptolemy.moml.MoMLSimpleApplication@40ec7dba
----------------- Done invoking toplevel() on ptolemy.moml.MoMLSimpleApplication@40ec7dba
reloadAllAccessors: .function2

===========================================================================================
----------------- testing Fri Jul 17 15:09:54 UTC 2020 /home/travis/build/icyphy/ptII/ptolemy/actor/lib/test/auto/function3.xml
----------------- Instantiating /home/travis/build/icyphy/ptII/ptolemy/actor/lib/test/auto/function3.xml
1 ms. Memory: 294912K Free: 87957K (30%)
----------------- Invoking toplevel() on ptolemy.moml.MoMLSimpleApplication@91e3113
----------------- Done invoking toplevel() on ptolemy.moml.MoMLSimpleApplication@91e3113
reloadAllAccessors: .function3

===========================================================================================
----------------- testing Fri Jul 17 15:09:54 UTC 2020 /home/travis/build/icyphy/ptII/ptolemy/actor/lib/test/auto/functionClosureTest1.xml
----------------- Instantiating /home/travis/build/icyphy/ptII/ptolemy/actor/lib/test/auto/functionClosureTest1.xml
2 ms. Memory: 294912K Free: 81813K (28%)
----------------- Invoking toplevel() on ptolemy.moml.MoMLSimpleApplication@adeeb8c
----------------- Done invoking toplevel() on ptolemy.moml.MoMLSimpleApplication@adeeb8c
reloadAllAccessors: .functionClosureTest1

===========================================================================================
----------------- testing Fri Jul 17 15:09:54 UTC 2020 /home/travis/build/icyphy/ptII/ptolemy/actor/lib/test/auto/functionClosureTest2.xml
----------------- Instantiating /home/travis/build/icyphy/ptII/ptolemy/actor/lib/test/auto/functionClosureTest2.xml
1 ms. Memory: 294912K Free: 78227K (27%)
----------------- Invoking toplevel() on ptolemy.moml.MoMLSimpleApplication@1bc149ba
----------------- Done invoking toplevel() on ptolemy.moml.MoMLSimpleApplication@1bc149ba
reloadAllAccessors: .functionClosureTest2

===========================================================================================
----------------- testing Fri Jul 17 15:09:54 UTC 2020 /home/travis/build/icyphy/ptII/ptolemy/actor/lib/test/auto/functionClosureTest3.xml
----------------- Instantiating /home/travis/build/icyphy/ptII/ptolemy/actor/lib/test/auto/functionClosureTest3.xml
2 ms. Memory: 294912K Free: 72069K (24%)
----------------- Invoking toplevel() on ptolemy.moml.MoMLSimpleApplication@7eb5fbdb
----------------- Done invoking toplevel() on ptolemy.moml.MoMLSimpleApplication@7eb5fbdb
reloadAllAccessors: .functionClosureTest3

===========================================================================================
----------------- testing Fri Jul 17 15:09:54 UTC 2020 /home/travis/build/icyphy/ptII/ptolemy/actor/lib/test/auto/functionClosureTest4.xml
----------------- Instantiating /home/travis/build/icyphy/ptII/ptolemy/actor/lib/test/auto/functionClosureTest4.xml
4 ms. Memory: 294912K Free: 237680K (81%)
----------------- Invoking toplevel() on ptolemy.moml.MoMLSimpleApplication@184022af
----------------- Done invoking toplevel() on ptolemy.moml.MoMLSimpleApplication@184022af
reloadAllAccessors: .functionClosureTest4

===========================================================================================
----------------- testing Fri Jul 17 15:09:54 UTC 2020 /home/travis/build/icyphy/ptII/ptolemy/actor/lib/test/auto/functionClosureTest5.xml
----------------- Instantiating /home/travis/build/icyphy/ptII/ptolemy/actor/lib/test/auto/functionClosureTest5.xml
2 ms. Memory: 294912K Free: 232050K (79%)
----------------- Invoking toplevel() on ptolemy.moml.MoMLSimpleApplication@4d3482d6
----------------- Done invoking toplevel() on ptolemy.moml.MoMLSimpleApplication@4d3482d6
reloadAllAccessors: .functionClosureTest5

===========================================================================================
----------------- testing Fri Jul 17 15:09:54 UTC 2020 /home/travis/build/icyphy/ptII/ptolemy/actor/lib/test/auto/functionClosureTest6.xml
----------------- Instantiating /home/travis/build/icyphy/ptII/ptolemy/actor/lib/test/auto/functionClosureTest6.xml
1 ms. Memory: 294912K Free: 227434K (77%)
----------------- Invoking toplevel() on ptolemy.moml.MoMLSimpleApplication@1ab28062
----------------- Done invoking toplevel() on ptolemy.moml.MoMLSimpleApplication@1ab28062
reloadAllAccessors: .functionClosureTest6

===========================================================================================
----------------- testing Fri Jul 17 15:09:54 UTC 2020 /home/travis/build/icyphy/ptII/ptolemy/actor/lib/test/auto/functionsOnArcs.xml
----------------- Instantiating /home/travis/build/icyphy/ptII/ptolemy/actor/lib/test/auto/functionsOnArcs.xml
2 ms. Memory: 294912K Free: 221810K (75%)
----------------- Invoking toplevel() on ptolemy.moml.MoMLSimpleApplication@304b9116
----------------- Done invoking toplevel() on ptolemy.moml.MoMLSimpleApplication@304b9116
reloadAllAccessors: .functionsOnArcs

===========================================================================================
----------------- testing Fri Jul 17 15:09:54 UTC 2020 /home/travis/build/icyphy/ptII/ptolemy/actor/lib/test/auto/functionsOnArcsHOF.xml
----------------- Instantiating /home/travis/build/icyphy/ptII/ptolemy/actor/lib/test/auto/functionsOnArcsHOF.xml
5 ms. Memory: 294912K Free: 216176K (73%)
----------------- Invoking toplevel() on ptolemy.moml.MoMLSimpleApplication@3e06d46e
----------------- Done invoking toplevel() on ptolemy.moml.MoMLSimpleApplication@3e06d46e
reloadAllAccessors: .functionsOnArcsHOF

===========================================================================================
----------------- testing Fri Jul 17 15:09:54 UTC 2020 /home/travis/build/icyphy/ptII/ptolemy/actor/lib/test/auto/logic.xml
----------------- Instantiating /home/travis/build/icyphy/ptII/ptolemy/actor/lib/test/auto/logic.xml
1 ms. Memory: 294912K Free: 208498K (71%)
----------------- Invoking toplevel() on ptolemy.moml.MoMLSimpleApplication@c77797c
----------------- Done invoking toplevel() on ptolemy.moml.MoMLSimpleApplication@c77797c
reloadAllAccessors: .logic

===========================================================================================
----------------- testing Fri Jul 17 15:09:54 UTC 2020 /home/travis/build/icyphy/ptII/ptolemy/actor/lib/test/auto/matrixType.xml
----------------- Instantiating /home/travis/build/icyphy/ptII/ptolemy/actor/lib/test/auto/matrixType.xml
1 ms. Memory: 294912K Free: 203888K (69%)
----------------- Invoking toplevel() on ptolemy.moml.MoMLSimpleApplication@49e9901e
----------------- Done invoking toplevel() on ptolemy.moml.MoMLSimpleApplication@49e9901e
reloadAllAccessors: .matrixType

===========================================================================================
----------------- testing Fri Jul 17 15:09:54 UTC 2020 /home/travis/build/icyphy/ptII/ptolemy/actor/lib/test/auto/matrixType10.xml
----------------- Instantiating /home/travis/build/icyphy/ptII/ptolemy/actor/lib/test/auto/matrixType10.xml
2 ms. Memory: 294912K Free: 198768K (67%)
----------------- Invoking toplevel() on ptolemy.moml.MoMLSimpleApplication@7c84387b
----------------- Done invoking toplevel() on ptolemy.moml.MoMLSimpleApplication@7c84387b
reloadAllAccessors: .matrixType10

===========================================================================================
----------------- testing Fri Jul 17 15:09:54 UTC 2020 /home/travis/build/icyphy/ptII/ptolemy/actor/lib/test/auto/matrixType11.xml
----------------- Instantiating /home/travis/build/icyphy/ptII/ptolemy/actor/lib/test/auto/matrixType11.xml
2 ms. Memory: 294912K Free: 194162K (66%)
----------------- Invoking toplevel() on ptolemy.moml.MoMLSimpleApplication@72e78f27
----------------- Done invoking toplevel() on ptolemy.moml.MoMLSimpleApplication@72e78f27
reloadAllAccessors: .matrixType11

===========================================================================================
----------------- testing Fri Jul 17 15:09:54 UTC 2020 /home/travis/build/icyphy/ptII/ptolemy/actor/lib/test/auto/matrixType12.xml
----------------- Instantiating /home/travis/build/icyphy/ptII/ptolemy/actor/lib/test/auto/matrixType12.xml
1 ms. Memory: 294912K Free: 189042K (64%)
----------------- Invoking toplevel() on ptolemy.moml.MoMLSimpleApplication@7ef29960
----------------- Done invoking toplevel() on ptolemy.moml.MoMLSimpleApplication@7ef29960
reloadAllAccessors: .matrixType12

===========================================================================================
----------------- testing Fri Jul 17 15:09:54 UTC 2020 /home/travis/build/icyphy/ptII/ptolemy/actor/lib/test/auto/matrixType13.xml
----------------- Instantiating /home/travis/build/icyphy/ptII/ptolemy/actor/lib/test/auto/matrixType13.xml
1 ms. Memory: 294912K Free: 184432K (63%)
----------------- Invoking toplevel() on ptolemy.moml.MoMLSimpleApplication@6743fb6b
----------------- Done invoking toplevel() on ptolemy.moml.MoMLSimpleApplication@6743fb6b
reloadAllAccessors: .matrixType13

===========================================================================================
----------------- testing Fri Jul 17 15:09:54 UTC 2020 /home/travis/build/icyphy/ptII/ptolemy/actor/lib/test/auto/matrixType14.xml
----------------- Instantiating /home/travis/build/icyphy/ptII/ptolemy/actor/lib/test/auto/matrixType14.xml
1 ms. Memory: 294912K Free: 179312K (61%)
----------------- Invoking toplevel() on ptolemy.moml.MoMLSimpleApplication@d4dbec1
----------------- Done invoking toplevel() on ptolemy.moml.MoMLSimpleApplication@d4dbec1
reloadAllAccessors: .matrixType14

===========================================================================================
----------------- testing Fri Jul 17 15:09:54 UTC 2020 /home/travis/build/icyphy/ptII/ptolemy/actor/lib/test/auto/matrixType2.xml
----------------- Instantiating /home/travis/build/icyphy/ptII/ptolemy/actor/lib/test/auto/matrixType2.xml
1 ms. Memory: 294912K Free: 174178K (59%)
----------------- Invoking toplevel() on ptolemy.moml.MoMLSimpleApplication@a3fdfdf
----------------- Done invoking toplevel() on ptolemy.moml.MoMLSimpleApplication@a3fdfdf
reloadAllAccessors: .matrixType2

===========================================================================================
----------------- testing Fri Jul 17 15:09:54 UTC 2020 /home/travis/build/icyphy/ptII/ptolemy/actor/lib/test/auto/matrixType3.xml
----------------- Instantiating /home/travis/build/icyphy/ptII/ptolemy/actor/lib/test/auto/matrixType3.xml
2 ms. Memory: 294912K Free: 169072K (57%)
----------------- Invoking toplevel() on ptolemy.moml.MoMLSimpleApplication@648cf2e3
----------------- Done invoking toplevel() on ptolemy.moml.MoMLSimpleApplication@648cf2e3
reloadAllAccessors: .matrixType3

===========================================================================================
----------------- testing Fri Jul 17 15:09:54 UTC 2020 /home/travis/build/icyphy/ptII/ptolemy/actor/lib/test/auto/matrixType4.xml
----------------- Instantiating /home/travis/build/icyphy/ptII/ptolemy/actor/lib/test/auto/matrixType4.xml
1 ms. Memory: 294912K Free: 164466K (56%)
----------------- Invoking toplevel() on ptolemy.moml.MoMLSimpleApplication@2a0ab595
----------------- Done invoking toplevel() on ptolemy.moml.MoMLSimpleApplication@2a0ab595
reloadAllAccessors: .matrixType4

===========================================================================================
----------------- testing Fri Jul 17 15:09:54 UTC 2020 /home/travis/build/icyphy/ptII/ptolemy/actor/lib/test/auto/matrixType5.xml
----------------- Instantiating /home/travis/build/icyphy/ptII/ptolemy/actor/lib/test/auto/matrixType5.xml
1 ms. Memory: 294912K Free: 159346K (54%)
----------------- Invoking toplevel() on ptolemy.moml.MoMLSimpleApplication@5c2f4ab1
----------------- Done invoking toplevel() on ptolemy.moml.MoMLSimpleApplication@5c2f4ab1
reloadAllAccessors: .matrixType5

===========================================================================================
----------------- testing Fri Jul 17 15:09:54 UTC 2020 /home/travis/build/icyphy/ptII/ptolemy/actor/lib/test/auto/matrixType6.xml
----------------- Instantiating /home/travis/build/icyphy/ptII/ptolemy/actor/lib/test/auto/matrixType6.xml
1 ms. Memory: 294912K Free: 154736K (52%)
----------------- Invoking toplevel() on ptolemy.moml.MoMLSimpleApplication@2f337514
----------------- Done invoking toplevel() on ptolemy.moml.MoMLSimpleApplication@2f337514
reloadAllAccessors: .matrixType6

===========================================================================================
----------------- testing Fri Jul 17 15:09:54 UTC 2020 /home/travis/build/icyphy/ptII/ptolemy/actor/lib/test/auto/matrixType7.xml
----------------- Instantiating /home/travis/build/icyphy/ptII/ptolemy/actor/lib/test/auto/matrixType7.xml
2 ms. Memory: 294912K Free: 149616K (51%)
----------------- Invoking toplevel() on ptolemy.moml.MoMLSimpleApplication@25afda99
----------------- Done invoking toplevel() on ptolemy.moml.MoMLSimpleApplication@25afda99
reloadAllAccessors: .matrixType7

===========================================================================================
----------------- testing Fri Jul 17 15:09:54 UTC 2020 /home/travis/build/icyphy/ptII/ptolemy/actor/lib/test/auto/matrixType8.xml
----------------- Instantiating /home/travis/build/icyphy/ptII/ptolemy/actor/lib/test/auto/matrixType8.xml
1 ms. Memory: 294912K Free: 145010K (49%)
----------------- Invoking toplevel() on ptolemy.moml.MoMLSimpleApplication@5a96f61c
----------------- Done invoking toplevel() on ptolemy.moml.MoMLSimpleApplication@5a96f61c
reloadAllAccessors: .matrixType8

===========================================================================================
----------------- testing Fri Jul 17 15:09:54 UTC 2020 /home/travis/build/icyphy/ptII/ptolemy/actor/lib/test/auto/matrixType9.xml
----------------- Instantiating /home/travis/build/icyphy/ptII/ptolemy/actor/lib/test/auto/matrixType9.xml
1 ms. Memory: 294912K Free: 139890K (47%)
----------------- Invoking toplevel() on ptolemy.moml.MoMLSimpleApplication@3e52eae0
----------------- Done invoking toplevel() on ptolemy.moml.MoMLSimpleApplication@3e52eae0
reloadAllAccessors: .matrixType9

===========================================================================================
----------------- testing Fri Jul 17 15:09:54 UTC 2020 /home/travis/build/icyphy/ptII/ptolemy/actor/lib/test/auto/paraFunctest.xml
----------------- Instantiating /home/travis/build/icyphy/ptII/ptolemy/actor/lib/test/auto/paraFunctest.xml
1 ms. Memory: 294912K Free: 135794K (46%)
----------------- Invoking toplevel() on ptolemy.moml.MoMLSimpleApplication@675538a3
----------------- Done invoking toplevel() on ptolemy.moml.MoMLSimpleApplication@675538a3
reloadAllAccessors: .paraFunctest

===========================================================================================
----------------- testing Fri Jul 17 15:09:54 UTC 2020 /home/travis/build/icyphy/ptII/ptolemy/actor/lib/test/auto/paraFunctest2.xml
----------------- Instantiating /home/travis/build/icyphy/ptII/ptolemy/actor/lib/test/auto/paraFunctest2.xml
1 ms. Memory: 294912K Free: 131184K (44%)
----------------- Invoking toplevel() on ptolemy.moml.MoMLSimpleApplication@27c2c59c
----------------- Done invoking toplevel() on ptolemy.moml.MoMLSimpleApplication@27c2c59c
reloadAllAccessors: .paraFunctest2

===========================================================================================
----------------- testing Fri Jul 17 15:09:54 UTC 2020 /home/travis/build/icyphy/ptII/ptolemy/actor/lib/test/auto/parameterPassing.xml
----------------- Instantiating /home/travis/build/icyphy/ptII/ptolemy/actor/lib/test/auto/parameterPassing.xml
1 ms. Memory: 294912K Free: 127088K (43%)
----------------- Invoking toplevel() on ptolemy.moml.MoMLSimpleApplication@11df5b2e
----------------- Done invoking toplevel() on ptolemy.moml.MoMLSimpleApplication@11df5b2e
reloadAllAccessors: .parameterPassing

===========================================================================================
----------------- testing Fri Jul 17 15:09:54 UTC 2020 /home/travis/build/icyphy/ptII/ptolemy/actor/lib/test/auto/record.xml
----------------- Instantiating /home/travis/build/icyphy/ptII/ptolemy/actor/lib/test/auto/record.xml
3 ms. Memory: 294912K Free: 121968K (41%)
----------------- Invoking toplevel() on ptolemy.moml.MoMLSimpleApplication@183b78f1
----------------- Done invoking toplevel() on ptolemy.moml.MoMLSimpleApplication@183b78f1
reloadAllAccessors: .record

===========================================================================================
----------------- testing Fri Jul 17 15:09:54 UTC 2020 /home/travis/build/icyphy/ptII/ptolemy/actor/lib/test/auto/sizedarray1.xml
----------------- Instantiating /home/travis/build/icyphy/ptII/ptolemy/actor/lib/test/auto/sizedarray1.xml
2 ms. Memory: 294912K Free: 116848K (40%)
----------------- Invoking toplevel() on ptolemy.moml.MoMLSimpleApplication@51c36a14
----------------- Done invoking toplevel() on ptolemy.moml.MoMLSimpleApplication@51c36a14
reloadAllAccessors: .sizedarray1

===========================================================================================
----------------- testing Fri Jul 17 15:09:54 UTC 2020 /home/travis/build/icyphy/ptII/ptolemy/actor/lib/test/auto/sizedarray2.xml
----------------- Instantiating /home/travis/build/icyphy/ptII/ptolemy/actor/lib/test/auto/sizedarray2.xml
2 ms. Memory: 294912K Free: 111218K (38%)
----------------- Invoking toplevel() on ptolemy.moml.MoMLSimpleApplication@2a8b0897
----------------- Done invoking toplevel() on ptolemy.moml.MoMLSimpleApplication@2a8b0897
reloadAllAccessors: .sizedarray2

===========================================================================================
----------------- testing Fri Jul 17 15:09:54 UTC 2020 /home/travis/build/icyphy/ptII/ptolemy/actor/lib/test/auto/twoPublishers.xml
----------------- Instantiating /home/travis/build/icyphy/ptII/ptolemy/actor/lib/test/auto/twoPublishers.xml
2 ms. Memory: 294912K Free: 100464K (34%)
----------------- Invoking toplevel() on ptolemy.moml.MoMLSimpleApplication@35de53df
----------------- Done invoking toplevel() on ptolemy.moml.MoMLSimpleApplication@35de53df
reloadAllAccessors: .twoPublishers
AutoTests.java: About to close Vertx.
AutoTests.java: Vertx closed.
]]></system-out>
  <system-err><![CDATA[java.lang.RuntimeException: Execution failed
	at ptolemy.moml.MoMLSimpleApplication$UnloadThread.run(MoMLSimpleApplication.java:402)
Caused by: java.lang.RuntimeException: StringUtilities.exit() was called. Normally, we would exit here because Manager.exitAfterWrapup() was called.  However, because the ptolemy.ptII.exitAfterWrapup property is set, we throw this exception instead.
	at ptolemy.util.StringUtilities.exit(StringUtilities.java:365)
	at ptolemy.actor.Manager.wrapup(Manager.java:1549)
	at ptolemy.actor.Manager.execute(Manager.java:407)
	at ptolemy.actor.Manager.run(Manager.java:1263)
	at ptolemy.actor.Manager$PtolemyRunThread.run(Manager.java:1933)
Warning: '.top.test' is in training mode, set the trainingMode parameter to false before checking in
Warning: '.top.test' is in training mode, set the trainingMode parameter to false before checking in
Warning: '.top.test' is in training mode, set the trainingMode parameter to false before checking in
Warning: '.BooleanSwitch_RegressionTest_WrongTrainingValues.Test' is in training mode, set the trainingMode parameter to false before checking in
Warning: '.BooleanSwitch_RegressionTest_WrongTrainingValues.Test2' is in training mode, set the trainingMode parameter to false before checking in
Warning: '.BooleanSwitch_RegressionTest_WrongTrainingValues.Test2' The test produced 0 tokens.
Warning: '.top.testExceptionHandler' is in training mode, set the trainingMode parameter to false before checking in
java.lang.RuntimeException: Execution failed
	at ptolemy.moml.MoMLSimpleApplication$UnloadThread.run(MoMLSimpleApplication.java:402)
Caused by: ptolemy.kernel.util.IllegalActionException: PublisherPorts cannot be used at the top level, use a Publisher actor instead.
  in .PublisherPortToplevelSubscriber.PublisherPort
	at ptolemy.actor.PublisherPort.preinitialize(PublisherPort.java:403)
	at ptolemy.actor.CompositeActor.preinitialize(CompositeActor.java:1769)
	at ptolemy.actor.Manager.preinitializeAndResolveTypes(Manager.java:1040)
	at ptolemy.actor.Manager.initialize(Manager.java:710)
	at ptolemy.actor.Manager.execute(Manager.java:356)
	at ptolemy.actor.Manager.run(Manager.java:1263)
	at ptolemy.actor.Manager$PtolemyRunThread.run(Manager.java:1933)
java.lang.reflect.InvocationTargetException
	at java.base/jdk.internal.reflect.NativeConstructorAccessorImpl.newInstance0(Native Method)
	at java.base/jdk.internal.reflect.NativeConstructorAccessorImpl.newInstance(NativeConstructorAccessorImpl.java:62)
	at java.base/jdk.internal.reflect.DelegatingConstructorAccessorImpl.newInstance(DelegatingConstructorAccessorImpl.java:45)
	at java.base/java.lang.reflect.Constructor.newInstance(Constructor.java:490)
	at ptolemy.util.test.junit.AutoKnownFailedTests.RunModel(AutoKnownFailedTests.java:105)
	at java.base/jdk.internal.reflect.NativeMethodAccessorImpl.invoke0(Native Method)
	at java.base/jdk.internal.reflect.NativeMethodAccessorImpl.invoke(NativeMethodAccessorImpl.java:62)
	at java.base/jdk.internal.reflect.DelegatingMethodAccessorImpl.invoke(DelegatingMethodAccessorImpl.java:43)
	at java.base/java.lang.reflect.Method.invoke(Method.java:566)
	at org.junit.runners.model.FrameworkMethod$1.runReflectiveCall(FrameworkMethod.java:44)
	at org.junit.internal.runners.model.ReflectiveCallable.run(ReflectiveCallable.java:15)
	at org.junit.runners.model.FrameworkMethod.invokeExplosively(FrameworkMethod.java:41)
	at junitparams.internal.InvokeParameterisedMethod.evaluate(InvokeParameterisedMethod.java:102)
	at org.junit.internal.runners.statements.FailOnTimeout$1.run(FailOnTimeout.java:28)
Caused by: ptolemy.kernel.util.IllegalActionException: PublisherPorts cannot be used at the top level, use a Publisher actor instead.
  in .PublisherPortToplevelSubscriber.PublisherPort
	at ptolemy.actor.PublisherPort.preinitialize(PublisherPort.java:403)
	at ptolemy.actor.CompositeActor.preinitialize(CompositeActor.java:1769)
	at ptolemy.actor.Manager.preinitializeAndResolveTypes(Manager.java:1040)
	at ptolemy.actor.Manager.initialize(Manager.java:710)
	at ptolemy.actor.Manager.execute(Manager.java:356)
	at ptolemy.actor.Manager.run(Manager.java:1263)
	at ptolemy.actor.Manager$PtolemyRunThread.run(Manager.java:1933)
java.lang.RuntimeException: Execution failed
	at ptolemy.moml.MoMLSimpleApplication$UnloadThread.run(MoMLSimpleApplication.java:402)
Caused by: ptolemy.kernel.util.IllegalActionException: SubscriberPorts cannot be used at the top level, use a Subscriber actor instead.
  in .PublisherSubscriberPortToplevel.SubscriberPort
	at ptolemy.actor.SubscriberPort.preinitialize(SubscriberPort.java:328)
	at ptolemy.actor.CompositeActor.preinitialize(CompositeActor.java:1769)
	at ptolemy.actor.Manager.preinitializeAndResolveTypes(Manager.java:1040)
	at ptolemy.actor.Manager.initialize(Manager.java:710)
	at ptolemy.actor.Manager.execute(Manager.java:356)
	at ptolemy.actor.Manager.run(Manager.java:1263)
	at ptolemy.actor.Manager$PtolemyRunThread.run(Manager.java:1933)
java.lang.reflect.InvocationTargetException
	at java.base/jdk.internal.reflect.NativeConstructorAccessorImpl.newInstance0(Native Method)
	at java.base/jdk.internal.reflect.NativeConstructorAccessorImpl.newInstance(NativeConstructorAccessorImpl.java:62)
	at java.base/jdk.internal.reflect.DelegatingConstructorAccessorImpl.newInstance(DelegatingConstructorAccessorImpl.java:45)
	at java.base/java.lang.reflect.Constructor.newInstance(Constructor.java:490)
	at ptolemy.util.test.junit.AutoKnownFailedTests.RunModel(AutoKnownFailedTests.java:105)
	at java.base/jdk.internal.reflect.NativeMethodAccessorImpl.invoke0(Native Method)
	at java.base/jdk.internal.reflect.NativeMethodAccessorImpl.invoke(NativeMethodAccessorImpl.java:62)
	at java.base/jdk.internal.reflect.DelegatingMethodAccessorImpl.invoke(DelegatingMethodAccessorImpl.java:43)
	at java.base/java.lang.reflect.Method.invoke(Method.java:566)
	at org.junit.runners.model.FrameworkMethod$1.runReflectiveCall(FrameworkMethod.java:44)
	at org.junit.internal.runners.model.ReflectiveCallable.run(ReflectiveCallable.java:15)
	at org.junit.runners.model.FrameworkMethod.invokeExplosively(FrameworkMethod.java:41)
	at junitparams.internal.InvokeParameterisedMethod.evaluate(InvokeParameterisedMethod.java:102)
	at org.junit.internal.runners.statements.FailOnTimeout$1.run(FailOnTimeout.java:28)
Caused by: ptolemy.kernel.util.IllegalActionException: SubscriberPorts cannot be used at the top level, use a Subscriber actor instead.
  in .PublisherSubscriberPortToplevel.SubscriberPort
	at ptolemy.actor.SubscriberPort.preinitialize(SubscriberPort.java:328)
	at ptolemy.actor.CompositeActor.preinitialize(CompositeActor.java:1769)
	at ptolemy.actor.Manager.preinitializeAndResolveTypes(Manager.java:1040)
	at ptolemy.actor.Manager.initialize(Manager.java:710)
	at ptolemy.actor.Manager.execute(Manager.java:356)
	at ptolemy.actor.Manager.run(Manager.java:1263)
	at ptolemy.actor.Manager$PtolemyRunThread.run(Manager.java:1933)
java.lang.RuntimeException: Execution failed
	at ptolemy.moml.MoMLSimpleApplication$UnloadThread.run(MoMLSimpleApplication.java:402)
Caused by: ptolemy.kernel.util.IllegalActionException: SubscriptionAggregatorPorts cannot be used at the top level, use a SubscriptionAggregator actor instead.
  in .PublisherSubscriptionAggregatorPort.SubscriptionAggregatorPort
	at ptolemy.actor.SubscriptionAggregatorPort.preinitialize(SubscriptionAggregatorPort.java:353)
	at ptolemy.actor.CompositeActor.preinitialize(CompositeActor.java:1769)
	at ptolemy.actor.Manager.preinitializeAndResolveTypes(Manager.java:1040)
	at ptolemy.actor.Manager.initialize(Manager.java:710)
	at ptolemy.actor.Manager.execute(Manager.java:356)
	at ptolemy.actor.Manager.run(Manager.java:1263)
	at ptolemy.actor.Manager$PtolemyRunThread.run(Manager.java:1933)
java.lang.reflect.InvocationTargetException
	at java.base/jdk.internal.reflect.NativeConstructorAccessorImpl.newInstance0(Native Method)
	at java.base/jdk.internal.reflect.NativeConstructorAccessorImpl.newInstance(NativeConstructorAccessorImpl.java:62)
	at java.base/jdk.internal.reflect.DelegatingConstructorAccessorImpl.newInstance(DelegatingConstructorAccessorImpl.java:45)
	at java.base/java.lang.reflect.Constructor.newInstance(Constructor.java:490)
	at ptolemy.util.test.junit.AutoKnownFailedTests.RunModel(AutoKnownFailedTests.java:105)
	at java.base/jdk.internal.reflect.NativeMethodAccessorImpl.invoke0(Native Method)
	at java.base/jdk.internal.reflect.NativeMethodAccessorImpl.invoke(NativeMethodAccessorImpl.java:62)
	at java.base/jdk.internal.reflect.DelegatingMethodAccessorImpl.invoke(DelegatingMethodAccessorImpl.java:43)
	at java.base/java.lang.reflect.Method.invoke(Method.java:566)
	at org.junit.runners.model.FrameworkMethod$1.runReflectiveCall(FrameworkMethod.java:44)
	at org.junit.internal.runners.model.ReflectiveCallable.run(ReflectiveCallable.java:15)
	at org.junit.runners.model.FrameworkMethod.invokeExplosively(FrameworkMethod.java:41)
	at junitparams.internal.InvokeParameterisedMethod.evaluate(InvokeParameterisedMethod.java:102)
	at org.junit.internal.runners.statements.FailOnTimeout$1.run(FailOnTimeout.java:28)
Caused by: ptolemy.kernel.util.IllegalActionException: SubscriptionAggregatorPorts cannot be used at the top level, use a SubscriptionAggregator actor instead.
  in .PublisherSubscriptionAggregatorPort.SubscriptionAggregatorPort
	at ptolemy.actor.SubscriptionAggregatorPort.preinitialize(SubscriptionAggregatorPort.java:353)
	at ptolemy.actor.CompositeActor.preinitialize(CompositeActor.java:1769)
	at ptolemy.actor.Manager.preinitializeAndResolveTypes(Manager.java:1040)
	at ptolemy.actor.Manager.initialize(Manager.java:710)
	at ptolemy.actor.Manager.execute(Manager.java:356)
	at ptolemy.actor.Manager.run(Manager.java:1263)
	at ptolemy.actor.Manager$PtolemyRunThread.run(Manager.java:1933)
java.lang.RuntimeException: Execution failed
	at ptolemy.moml.MoMLSimpleApplication$UnloadThread.run(MoMLSimpleApplication.java:402)
Caused by: ptolemy.kernel.util.IllegalActionException: TypeTest actor has no training data.
  in .sizedarray3.TypeTest
	at ptolemy.actor.lib.TypeTest.initialize(TypeTest.java:250)
	at ptolemy.actor.Director.initialize(Director.java:938)
	at ptolemy.actor.Director.initialize(Director.java:907)
	at ptolemy.actor.sched.StaticSchedulingDirector.initialize(StaticSchedulingDirector.java:159)
	at ptolemy.domains.sdf.kernel.SDFDirector.initialize(SDFDirector.java:544)
	at ptolemy.actor.CompositeActor.initialize(CompositeActor.java:935)
	at ptolemy.actor.Manager.initialize(Manager.java:724)
	at ptolemy.actor.Manager.execute(Manager.java:356)
	at ptolemy.actor.Manager.run(Manager.java:1263)
	at ptolemy.actor.Manager$PtolemyRunThread.run(Manager.java:1933)
java.lang.reflect.InvocationTargetException
	at java.base/jdk.internal.reflect.NativeConstructorAccessorImpl.newInstance0(Native Method)
	at java.base/jdk.internal.reflect.NativeConstructorAccessorImpl.newInstance(NativeConstructorAccessorImpl.java:62)
	at java.base/jdk.internal.reflect.DelegatingConstructorAccessorImpl.newInstance(DelegatingConstructorAccessorImpl.java:45)
	at java.base/java.lang.reflect.Constructor.newInstance(Constructor.java:490)
	at ptolemy.util.test.junit.AutoKnownFailedTests.RunModel(AutoKnownFailedTests.java:105)
	at java.base/jdk.internal.reflect.NativeMethodAccessorImpl.invoke0(Native Method)
	at java.base/jdk.internal.reflect.NativeMethodAccessorImpl.invoke(NativeMethodAccessorImpl.java:62)
	at java.base/jdk.internal.reflect.DelegatingMethodAccessorImpl.invoke(DelegatingMethodAccessorImpl.java:43)
	at java.base/java.lang.reflect.Method.invoke(Method.java:566)
	at org.junit.runners.model.FrameworkMethod$1.runReflectiveCall(FrameworkMethod.java:44)
	at org.junit.internal.runners.model.ReflectiveCallable.run(ReflectiveCallable.java:15)
	at org.junit.runners.model.FrameworkMethod.invokeExplosively(FrameworkMethod.java:41)
	at junitparams.internal.InvokeParameterisedMethod.evaluate(InvokeParameterisedMethod.java:102)
	at org.junit.internal.runners.statements.FailOnTimeout$1.run(FailOnTimeout.java:28)
Caused by: ptolemy.kernel.util.IllegalActionException: TypeTest actor has no training data.
  in .sizedarray3.TypeTest
	at ptolemy.actor.lib.TypeTest.initialize(TypeTest.java:250)
	at ptolemy.actor.Director.initialize(Director.java:938)
	at ptolemy.actor.Director.initialize(Director.java:907)
	at ptolemy.actor.sched.StaticSchedulingDirector.initialize(StaticSchedulingDirector.java:159)
	at ptolemy.domains.sdf.kernel.SDFDirector.initialize(SDFDirector.java:544)
	at ptolemy.actor.CompositeActor.initialize(CompositeActor.java:935)
	at ptolemy.actor.Manager.initialize(Manager.java:724)
	at ptolemy.actor.Manager.execute(Manager.java:356)
	at ptolemy.actor.Manager.run(Manager.java:1263)
	at ptolemy.actor.Manager$PtolemyRunThread.run(Manager.java:1933)
]]></system-err>
</testsuite>
