<?xml version="1.0" encoding="UTF-8" ?>
<testsuite errors="0" failures="0" hostname="travis-job-fa9ccb5e-bdb5-4413-9331-1095408c471b" name="ptolemy.actor.lib.test.junit.JUnitTclTest" skipped="0" tests="517" time="60.405" timestamp="2020-02-17T21:56:14">
  <properties>
    <property name="npm.executable" value="npm" />
    <property name="env.TRAVIS_ROOT" value="/" />
    <property name="ptII.mk.exists" value="true" />
    <property name="env.TRAVIS_APP_HOST" value="build.travis-ci.org" />
    <property name="env.rvm_bin_path" value="/home/travis/.rvm/bin" />
    <property name="java.home" value="/usr/local/lib/jvm/openjdk11" />
    <property name="env.TRAVIS_JOB_NUMBER" value="1518.8" />
    <property name="env.TRAVIS_HOME" value="/home/travis" />
    <property name="env.DISPLAY" value=":99.0" />
    <property name="env.TRAVIS_INIT" value="systemd" />
    <property name="env.SSH_TTY" value="/dev/pts/0" />
    <property name="java.net.preferIPv4Stack" value="true" />
    <property name="env.RUN_TESTS" value="true" />
    <property name="timeout.short" value="1000000" />
    <property name="junit.formatter" value="xml" />
    <property name="env.TRAVIS_SUDO" value="true" />
    <property name="env.TRAVIS_JOB_NAME" value="" />
    <property name="env.TRAVIS_STACK_NODE_ATTRIBUTES" value="/.node-attributes.yml" />
    <property name="env.LOGNAME" value="travis" />
    <property name="env.PT_TRAVIS_TEST_CORE1_XML" value="true" />
    <property name="jsdoc.home" value="node_modules/@terraswarm/jsdoc" />
    <property name="debuglevel" value="source,lines,vars" />
    <property name="checkstyle.formatter" value="xml" />
    <property name="env._system_version" value="16.04" />
    <property name="bin.vergil.makeable" value="true" />
    <property name="sun.os.patch.level" value="unknown" />
    <property name="java.vendor.url" value="http://java.oracle.com/" />
    <property name="env.TRAVIS_BUILD_WEB_URL" value="https://travis-ci.org/icyphy/ptII/builds/651708464" />
    <property name="java.version" value="11.0.2" />
    <property name="env.TZ" value="UTC" />
    <property name="env.TRAVIS_PULL_REQUEST_SHA" value="" />
    <property name="env.PT_NO_NET" value="true" />
    <property name="env.TRAVIS_SECURE_ENV_VARS" value="true" />
    <property name="env._system_type" value="Linux" />
    <property name="java.vendor.url.bug" value="http://bugreport.java.com/bugreport/" />
    <property name="npmjs-org-is-up" value="true" />
    <property name="env.LANGUAGE" value="en_US.UTF-8" />
    <property name="env.SSH_CLIENT" value="10.52.7.17 44098 22" />
    <property name="env.GEM_HOME" value="/home/travis/.rvm/gems/ruby-2.5.3" />
    <property name="env.HAS_ANTARES_THREE_LITTLE_FRONZIES_BADGE" value="true" />
    <property name="java.version.date" value="2019-01-15" />
    <property name="env.PS4" value="+" />
    <property name="ant.project.invoked-targets" value="build,test.core1.xml" />
    <property name="env.TRAVIS_PULL_REQUEST_BRANCH" value="" />
    <property name="env.TRAVIS_REPO_SLUG" value="icyphy/ptII" />
    <property name="env.XDG_DATA_DIRS" value="/usr/local/share:/usr/share:/var/lib/snapd/desktop" />
    <property name="jdk.debug" value="release" />
    <property name="env.TRAVIS_APT_PROXY" value="http://build-cache.travisci.net" />
    <property name="env.TRAVIS_CPU_ARCH" value="amd64" />
    <property name="node.in.path" value="true" />
    <property name="user.name" value="travis" />
    <property name="java.maxmemory" value="1400m" />
    <property name="env.RUBY_VERSION" value="ruby-2.5.3" />
    <property name="env.LANG" value="en_US.UTF-8" />
    <property name="sun.io.unicode.encoding" value="UnicodeLittle" />
    <property name="sun.jnu.encoding" value="UTF-8" />
    <property name="java.runtime.name" value="OpenJDK Runtime Environment" />
    <property name="usefile" value="false" />
    <property name="return.code" value="0" />
    <property name="junit.single.formatter" value="plain" />
    <property name="env.DYLD_LIBRARY_PATH" value="/home/travis/pthla/certi-tools/lib:" />
    <property name="env.DEBIAN_FRONTEND" value="noninteractive" />
    <property name="env.SSH_CONNECTION" value="10.52.7.17 44098 10.20.255.73 22" />
    <property name="env.MYSQL_UNIX_PORT" value="/var/run/mysqld/mysqld.sock" />
    <property name="env.LC_ALL" value="en_US.UTF-8" />
    <property name="env.TRAVIS_ALLOW_FAILURE" value="false" />
    <property name="env.TRAVIS_JOB_WEB_URL" value="https://travis-ci.org/icyphy/ptII/jobs/651708472" />
    <property name="java.specification.name" value="Java Platform API Specification" />
    <property name="node.works" value="true" />
    <property name="user.timezone" value="" />
    <property name="path.separator" value=":" />
    <property name="env.TRAVIS_ENABLE_INFRA_DETECTION" value="true" />
    <property name="env.PYTHON_CFLAGS" value="-g -fstack-protector --param=ssp-buffer-size=4 -Wformat -Werror=format-security" />
    <property name="timeout.long" value="4000000" />
    <property name="env.CERTI_HOME" value="/home/travis/pthla/certi-tools" />
    <property name="ant.file.ptII" value="/home/travis/build/icyphy/ptII/build.xml" />
    <property name="javadoc.packagenames" value="com.*,diva.*,lbnl.*,org.hlacerti.*,org.json.*,org.ptolemy.*,org.terraswarm.*,ptolemy.*,ptserver.*" />
    <property name="file.encoding" value="UTF-8" />
    <property name="env.TRAVIS_PULL_REQUEST_SLUG" value="" />
    <property name="ant.project.default-target" value="build" />
    <property name="env.GIT_ASKPASS" value="echo" />
    <property name="env.HOME" value="/home/travis" />
    <property name="sun.java.command" value="org.apache.tools.ant.taskdefs.optional.junit.JUnitTestRunner ptolemy.actor.lib.test.junit.JUnitTclTest skipNonTests=false filtertrace=true haltOnError=false haltOnFailure=false formatter=org.apache.tools.ant.taskdefs.optional.junit.OutErrSummaryJUnitResultFormatter showoutput=true outputtoformatters=true logfailedtests=true threadid=0 logtestlistenerevents=false formatter=org.apache.tools.ant.taskdefs.optional.junit.XMLJUnitResultFormatter,/home/travis/build/icyphy/ptII/reports/junit/TEST-ptolemy.actor.lib.test.junit.JUnitTclTest.xml crashfile=/home/travis/build/icyphy/ptII/junitvmwatcher15232376756169241967.properties propsfile=/home/travis/build/icyphy/ptII/junit6398372522388127322.properties" />
    <property name="env.COMPOSER_NO_INTERACTION" value="1" />
    <property name="env.MANPATH" value="/home/travis/.nvm/versions/node/v7.10.1/share/man:/home/travis/.rvm/rubies/ruby-2.5.3/share/man:/usr/local/cmake-3.12.4/man:/usr/local/clang-7.0.0/share/man:/usr/local/man:/usr/local/share/man:/usr/share/man:/home/travis/.rvm/man" />
    <property name="env.TRAVIS_TIMER_ID" value="0b8d0fe0" />
    <property name="ant.file" value="/home/travis/build/icyphy/ptII/build.xml" />
    <property name="env.TRAVIS_COMMIT_RANGE" value="147640b2fce2...0f999b2018d8" />
    <property name="env._system_name" value="Ubuntu" />
    <property name="ptII.classpath.optional.property" value="/home/travis/build/icyphy/ptII/lib/bsh-2.0b4.jar:/home/travis/build/icyphy/ptII/lib/ptCal.jar:/home/travis/build/icyphy/ptII/lib/java_cup.jar:/home/travis/build/icyphy/ptII/lib/saxon8.jar:/home/travis/build/icyphy/ptII/lib/saxon8-dom.jar:/home/travis/build/icyphy/ptII/lib/chic.jar:/home/travis/build/icyphy/ptII/lib/ptcolt.jar:/home/travis/build/icyphy/ptII/vendors/misc/itext/iText.jar:/home/travis/build/icyphy/ptII/lib/g4ltl.jar:/home/travis/build/icyphy/ptII/lib/StructuralCoder.jar:/home/travis/build/icyphy/ptII/lib/jcerti.jar:/home/travis/build/icyphy/ptII/lib/javax.mail.jar:/home/travis/build/icyphy/ptII/vendors/JMF-2.1.1e/lib/jmf.jar:/home/travis/build/icyphy/ptII/lib/jna-4.0.0-variadic.jar:/home/travis/build/icyphy/ptII/vendors/misc/joystick/Joystick.jar:/home/travis/build/icyphy/ptII/lib/ptjacl.jar:/home/travis/build/icyphy/ptII/lib/jsoup-1.8.2.jar:/home/travis/build/icyphy/ptII/lib/junit-4.8.2.jar:/home/travis/build/icyphy/ptII/lib/JUnitParams-0.4.0.jar:/home/travis/build/icyphy/ptII/ptolemy/actor/lib/excel/jxl.jar:/home/travis/build/icyphy/ptII/lib/jython.jar:/home/travis/build/icyphy/ptII/lib/kieler.jar:/home/travis/build/icyphy/ptII/vendors/opencv/share/OpenCV/java/opencv-341.jar:/home/travis/build/icyphy/ptII/lib/oscP5.jar:/home/travis/build/icyphy/ptII/lib/nrjavaserial-3.11.0.devel.jar:/home/travis/build/icyphy/ptII/vendors/j3d/lib/Linux/j3dcore.jar:/home/travis/build/icyphy/ptII/vendors/j3d/lib/Linux/j3dutils.jar:/home/travis/build/icyphy/ptII/vendors/j3d/lib/Linux/vecmath.jar:/home/travis/build/icyphy/ptII/vendors/jogl/lib/Linux/gluegen-rt-natives-linux-amd64.jar:/home/travis/build/icyphy/ptII/vendors/jogl/lib/Linux/gluegen-rt.jar:/home/travis/build/icyphy/ptII/vendors/jogl/lib/Linux/jogl-all-natives-linux-amd64.jar:/home/travis/build/icyphy/ptII/vendors/jogl/lib/Linux/jogl-all.jar:/home/travis/build/icyphy/ptII/ptolemy/distributed/jini/jar/jini-core.jar:/home/travis/build/icyphy/ptII/ptolemy/distributed/jini/jar/jini-ext.jar:/home/travis/build/icyphy/ptII/ptolemy/distributed/jini/jar/sun-util.jar:/home/travis/build/icyphy/ptII/lib/protobuf-java-2.4.1.jar:/home/travis/build/icyphy/ptII/lib/org.eclipse.paho.client.mqttv3.jar:/home/travis/build/icyphy/ptII/lib/mapss.jar:/home/travis/build/icyphy/ptII/ptolemy/actor/ptalon/antlr/antlr.jar:/home/travis/build/icyphy/ptII/lib/JRI.jar:/home/travis/build/icyphy/ptII/lib/commons-lang-2.6.jar:/home/travis/build/icyphy/ptII/lib/commons-logging-1.1.1.jar:/home/travis/build/icyphy/ptII/lib/sootclasses.jar:/home/travis/build/icyphy/ptII/ptolemy/actor/lib/database/mysql-connector-java-5.1.6-bin.jar:/home/travis/build/icyphy/ptII/vendors/misc/sphinx4/sphinx4-data-5prealpha.jar:/home/travis/build/icyphy/ptII/vendors/misc/sphinx4/sphinx4-core-5prealpha.jar:/home/travis/build/icyphy/ptII/lib/PDFRenderer.jar:/home/travis/build/icyphy/ptII/lib/svgSalamander.jar:/home/travis/build/icyphy/ptII/lib/rsyntaxtextarea-2.6.0-SNAPSHOT.jar:/home/travis/build/icyphy/ptII/lib/hazelcast-3.8.2.jar:/home/travis/build/icyphy/ptII/lib/jackson-annotations-2.9.0.jar:/home/travis/build/icyphy/ptII/lib/jackson-core-2.9.3.jar:/home/travis/build/icyphy/ptII/lib/jackson-databind-2.9.3.jar:/home/travis/build/icyphy/ptII/lib/netty-buffer-4.1.19.Final.jar:/home/travis/build/icyphy/ptII/lib/netty-codec-4.1.19.Final.jar:/home/travis/build/icyphy/ptII/lib/netty-codec-dns-4.1.19.Final.jar:/home/travis/build/icyphy/ptII/lib/netty-codec-http-4.1.19.Final.jar:/home/travis/build/icyphy/ptII/lib/netty-codec-http2-4.1.19.Final.jar:/home/travis/build/icyphy/ptII/lib/netty-common-4.1.19.Final.jar:/home/travis/build/icyphy/ptII/lib/netty-handler-4.1.19.Final.jar:/home/travis/build/icyphy/ptII/lib/netty-resolver-4.1.19.Final.jar:/home/travis/build/icyphy/ptII/lib/netty-resolver-dns-4.1.19.Final.jar:/home/travis/build/icyphy/ptII/lib/netty-transport-4.1.19.Final.jar:/home/travis/build/icyphy/ptII/lib/vertx-codegen-3.5.1.jar:/home/travis/build/icyphy/ptII/lib/vertx-core-3.5.2-SNAPSHOT.jar:/home/travis/build/icyphy/ptII/lib/vertx-hazelcast-3.5.1.jar:/home/travis/build/icyphy/ptII/lib/vertx-lang-js-3.5.1.jar:/home/travis/build/icyphy/ptII/lib/vertx-service-proxy-3.5.1.jar:/home/travis/build/icyphy/ptII/lib/vertx-web-3.5.1.jar:/home/travis/build/icyphy/ptII/lib/slf4j-api-1.7.13.jar:/home/travis/build/icyphy/ptII/lib/slf4j-simple-1.7.13.jar:/home/travis/build/icyphy/ptII/lib/webcam-capture-0.3.12.jar:/home/travis/build/icyphy/ptII/lib/bridj-0.7.0.jar:/home/travis/build/icyphy/ptII/lib/xbjlib-1.1.0.nrjavaserial.jar" />
    <property name="timeout" value="2400000" />
    <property name="test.batch" value="**/junit/*.java" />
    <property name="env._" value="/usr/bin/timeout" />
    <property name="java.io.tmpdir" value="/tmp" />
    <property name="user.language" value="en" />
    <property name="env.TRAVIS_INTERNAL_RUBY_REGEX" value="^ruby-(2\.[0-4]\.[0-9]|1\.9\.3)" />
    <property name="env.HISTCONTROL" value="ignoredups:ignorespace" />
    <property name="env.GOROOT" value="/home/travis/.gimme/versions/go1.11.1.linux.amd64" />
    <property name="line.separator" value="&#xa;" />
    <property name="target" value="11" />
    <property name="env.TRAVIS_BUILD_DIR" value="/home/travis/build/icyphy/ptII" />
    <property name="env.ANT_OPTS" value="-Xmx2048m" />
    <property name="ant.file.type" value="file" />
    <property name="ptolemy.ptII.batchMode" value="true" />
    <property name="env.HISTSIZE" value="1000" />
    <property name="env.MERB_ENV" value="test" />
    <property name="java.vm.info" value="mixed mode" />
    <property name="source" value="11" />
    <property name="java.vm.specification.name" value="Java Virtual Machine Specification" />
    <property name="env.TRAVIS_TEST_RESULT" value="0" />
    <property name="jsdoc.command" value="node_modules/@terraswarm/jsdoc/jsdoc.js" />
    <property name="npm.works" value="true" />
    <property name="cobertura.dir" value="/home/travis/build/icyphy/ptII/vendors/cobertura-2.0.3" />
    <property name="jsdoc.command.exists" value="true" />
    <property name="env.rvm_path" value="/home/travis/.rvm" />
    <property name="env.GEM_PATH" value="/home/travis/.rvm/gems/ruby-2.5.3:/home/travis/.rvm/gems/ruby-2.5.3@global" />
    <property name="env.LC_CTYPE" value="en_US.UTF-8" />
    <property name="env.TRAVIS_CMD" value="$PTII/bin/ptIITravisBuild.sh $SECONDS" />
    <property name="java.awt.printerjob" value="sun.print.PSPrinterJob" />
    <property name="env.TRAVIS_STACK_NAME" value="sardonyx" />
    <property name="env.TRAVIS_TIMER_START_TIME" value="1581975971869538064" />
    <property name="ant.version" value="Apache Ant(TM) version 1.10.1 compiled on February 2 2017" />
    <property name="ptII.reports" value="/home/travis/build/icyphy/ptII/reports" />
    <property name="env.TRAVIS_STACK_TIMESTAMP" value="2019-03-25 16:16:56 UTC" />
    <property name="ant.file.type.ptII" value="file" />
    <property name="env.RBENV_SHELL" value="bash" />
    <property name="os.name" value="Linux" />
    <property name="java.specification.vendor" value="Oracle Corporation" />
    <property name="env.rvm_version" value="1.29.7 (latest)" />
    <property name="env.TRAVIS_INFRA" value="unknown" />
    <property name="env.TERM" value="xterm" />
    <property name="java.vm.name" value="OpenJDK 64-Bit Server VM" />
    <property name="env.TRAVIS_BUILD_NUMBER" value="1518" />
    <property name="env.CI" value="true" />
    <property name="java.library.path" value="/home/travis/pthla/certi-tools/lib:/usr/lib/jni:/usr/local/share/OpenCV/java/:/usr/share/OpenCV/java::/usr/java/packages/lib:/usr/lib64:/lib64:/lib:/usr/lib" />
    <property name="jdk.module.path" value="/home/travis/build/icyphy/ptII/vendors/javafx/javafx-sdk-11.0.2/lib:" />
    <property name="env.rvm_prefix" value="/home/travis" />
    <property name="env.PATH" value="/home/travis/pthla/certi-tools/share/scripts:/home/travis/.rvm/gems/ruby-2.5.3/bin:/home/travis/.rvm/gems/ruby-2.5.3@global/bin:/home/travis/.rvm/rubies/ruby-2.5.3/bin:/home/travis/.rvm/bin:/home/travis/.nvm/versions/node/v7.10.1/bin:./node_modules/.bin:/home/travis/build/icyphy/ptII/bin:/home/travis/pthla/certi-tools/bin:/home/travis/bin:/home/travis/.local/bin:/usr/local/lib/jvm/openjdk11/bin:/opt/pyenv/shims:/home/travis/.phpenv/shims:/home/travis/perl5/perlbrew/bin:/home/travis/gopath/bin:/home/travis/.gimme/versions/go1.11.1.linux.amd64/bin:/usr/local/maven-3.6.0/bin:/usr/local/cmake-3.12.4/bin:/usr/local/clang-7.0.0/bin:/usr/local/sbin:/usr/local/bin:/usr/sbin:/usr/bin:/sbin:/bin:/snap/bin:/home/travis/.phpenv/bin:/opt/pyenv/bin:/home/travis/.yarn/bin" />
    <property name="env.TRAVIS_OS_NAME" value="linux" />
    <property name="ant.java.version" value="9" />
    <property name="basedir" value="/home/travis/build/icyphy/ptII" />
    <property name="java.class.version" value="55.0" />
    <property name="env.SHLVL" value="3" />
    <property name="env.LD_LIBRARY_PATH" value="/home/travis/pthla/certi-tools/lib:/usr/lib/jni:/usr/local/share/OpenCV/java/:/usr/share/OpenCV/java:" />
    <property name="env.RACK_ENV" value="test" />
    <property name="ant.home" value="/home/travis/build/icyphy/ptII/ant" />
    <property name="env.NVM_DIR" value="/home/travis/.nvm" />
    <property name="env.CERTI_FOM_PATH" value="/home/travis/pthla/certi-tools/share/federations" />
    <property name="env.TRAVIS_BUILD_ID" value="651708464" />
    <property name="env.PYENV_ROOT" value="/opt/pyenv" />
    <property name="env.TRAVIS_UID" value="2000" />
    <property name="prism.verbose" value="true" />
    <property name="env.NVM_BIN" value="/home/travis/.nvm/versions/node/v7.10.1/bin" />
    <property name="env.TRAVIS_COMMIT" value="0f999b2018d85e414efdc1eef70c2668d2e8347e" />
    <property name="env._system_arch" value="x86_64" />
    <property name="node.executable" value="node" />
    <property name="sun.boot.library.path" value="/usr/local/lib/jvm/openjdk11/lib" />
    <property name="sun.management.compiler" value="HotSpot 64-Bit Tiered Compilers" />
    <property name="java.awt.graphicsenv" value="sun.awt.X11GraphicsEnvironment" />
    <property name="env.GOPATH" value="/home/travis/gopath" />
    <property name="ptolemy.ptII.dir" value="/home/travis/build/icyphy/ptII" />
    <property name="env.USER" value="travis" />
    <property name="env.HISTFILESIZE" value="2000" />
    <property name="timeout.longest" value="19000000" />
    <property name="env.PERLBREW_SHELLRC_VERSION" value="0.86" />
    <property name="env.TRAVIS_STACK_FEATURES" value="basic couchdb disabled-ipv6 docker docker-compose elasticsearch firefox go-toolchain google-chrome jdk memcached mongodb mysql nodejs_interpreter perl_interpreter perlbrew phantomjs postgresql python_interpreter redis ruby_interpreter sqlite xserver" />
    <property name="env.TRAVIS_PULL_REQUEST" value="false" />
    <property name="env.PYENV_SHELL" value="bash" />
    <property name="ant.project.name" value="ptII" />
    <property name="env.ANSI_RESET" value="\033[0m" />
    <property name="java.vm.specification.version" value="11" />
    <property name="env.TRAVIS_DIST" value="xenial" />
    <property name="env.CERTI_VERSION" value="4.0.0" />
    <property name="env.CERTI_HOST" value="localhost" />
    <property name="awt.toolkit" value="sun.awt.X11.XToolkit" />
    <property name="env.MY_RUBY_HOME" value="/home/travis/.rvm/rubies/ruby-2.5.3" />
    <property name="sun.cpu.isalist" value="" />
    <property name="env.TRAVIS_TMPDIR" value="/tmp/tmp.FpjWPTpOzP" />
    <property name="java.vm.compressedOopsMode" value="Zero based" />
    <property name="os.version" value="4.15.0-1028-gcp" />
    <property name="user.home" value="/home/travis" />
    <property name="java.vm.vendor" value="Oracle Corporation" />
    <property name="env.TRAVIS_TAG" value="nightly" />
    <property name="env.ANSI_YELLOW" value="\033[33;1m" />
    <property name="env.TRAVIS_FILTERED" value="redirect_io" />
    <property name="env.ANSI_GREEN" value="\033[32;1m" />
    <property name="env.JAVA_HOME" value="/usr/local/lib/jvm/openjdk11" />
    <property name="javadoc.excludepackagenames" value="adm.cvs2svn.*,build.*,config.*,doc.coding.templates.*,jni.test.jni.meaningOfLife.*,jni.test.jni.testDeux.*,jni.test.jni.testTrois.*,org.terraswarm.accessor.accessors.web.node_modules.*,org.terraswarm.accessor.accessors.web.hosts.cordova.demo.*,org.terraswarm.accessor.accessors.web.hosts.cordova.plugins.*,org.terraswarm.accessor.accessors-svn.*,pt-modules.*,ptolemy.apps.agilent.*,ptolemy.apps.anytimecontrol.*,ptolemy.apps.apes.*,ptolemy.apps.charon.*,ptolemy.apps.crazyboard.*,ptolemy.apps.eclipse.*,ptolemy.apps.etherealSting.*,ptolemy.apps.fullscreen.*,ptolemy.apps.giotto.*,ptolemy.apps.ia.*,ptolemy.apps.interfaces.*,ptolemy.apps.jmf.*,ptolemy.apps.kurt.*,ptolemy.apps.kvm.*,ptolemy.apps.lego.*,ptolemy.apps.lejos.*,ptolemy.apps.midp.*,ptolemy.apps.mobileCoding.*,ptolemy.apps.pendulum.*,ptolemy.apps.rijndael.*,ptolemy.apps.robot.*,ptolemy.apps.security.*,ptolemy.apps.sobel.*,ptolemy.apps.soot.*,ptolemy.apps.throttle.*,ptolemy.apps.tini.*,ptolemy.apps.transmission.*,ptolemy.apps.vergil.*,ptolemy.apps.waba.*,ptolemy.apps.websensor.*,ptolemy.apps.webstart.*,ptolemy.apps.xsl.*,ptolemy.apps.zaurus.*,ptolemy.codegen.c.actor.lib.oldJavaFiles.*,ptolemy.codegen.dsp.lib.*,ptolemy.codegen.kernel.newInterfaces.*,ptolemy.codegen.lib.*,ptolemy.copernicus.kernel.fragment.*,ptolemy.copernicus.shallow.cg.*,ptolemy.domains.giotto.demo.Hierarchy.Hierarchy.*,ptolemy.domains.giotto.demo.Multimode.Multimode.*,ptolemy.domains.giotto.demo.Simple.Simple.*,ptolemy.domains.gr.lib.experimental.*,ptolemy.domains.gro.*,ptolemy.domains.pdf.*,ptolemy.domains.ptinyos.demo.Surge.output.*,ptolemy.moml.test.NoPackageActor.java*,ptolemy.plot.adm.*,ptolemy.plot.servlet.*,reports.*,signed.*,src.*,target.*,vendors.*,ptolemy.copernicus.applet.*,ptolemy.media.viewer.*,ptolemy.actor.corba.*,doc.doclets.*,ptolemy.apps.eclipse.awt.*,ptolemy.backtrack.*,ptolemy.backtrack.ast.*,ptolemy.cg.adapter.generic.program.procedural.c.mbed*,ptolemy.homer.*,ptolemy.actor.lib.jai.*,org.ptolemy.scala.*,diva.util.java2d.svg.*,ptolemy.domains.ptinyos.*,ptolemy.actor.lib.fmi.fmipp.*,,org.terraswarm.accessor.accessors.web.node_modules.*,org.terraswarm.accessor.accessors-svn,ptolemy.apps.*,ptolemy.actor.ptalon.demo.ptinyos.SendAndReceiveCnt.output,ptolemy.actor.ptalon.demo.ptinyos.SenseToLeds.output,ptolemy.domains.ptinyos.demo.CntToLedsAndRfm.output,ptolemy.domains.ptinyos.demo.RfmToLeds.output,ptolemy.domains.ptinyos.demo.SendAndReceiveCnt.output,ptolemy.domains.ptinyos.demo.SenseToLeds.output,ptolemy.actor.lib.jjs.modules.udpSocket.*" />
    <property name="env.PTII" value="/home/travis/build/icyphy/ptII" />
    <property name="env.XDG_SESSION_ID" value="2" />
    <property name="keystore" value="ptKeystore" />
    <property name="env.TRAVIS_COMMIT_MESSAGE" value="Fixing multi-instances problem in method reflectAttributeValues in HlaManager1516e.java. Simulation is still slow." />
    <property name="junit.output.dir" value="/home/travis/build/icyphy/ptII/reports/junit" />
    <property name="npm.return.code" value="0" />
    <property name="user.dir" value="/home/travis/build/icyphy/ptII/ptolemy/actor/lib/test" />
    <property name="env.TRAVIS_NODE_VERSION" value="7" />
    <property name="env.TRAVIS_EVENT_TYPE" value="push" />
    <property name="env.MAIL" value="/var/mail/travis" />
    <property name="env.PERLBREW_ROOT" value="/home/travis/perl5/perlbrew" />
    <property name="env.PWD" value="/home/travis/build/icyphy/ptII" />
    <property name="timeout.npm" value="45000" />
    <property name="env.TRAVIS_ARCH" value="amd64" />
    <property name="sun.cpu.endian" value="little" />
    <property name="env.PAGER" value="cat" />
    <property name="env.TRAVIS_BUILD_STAGE_NAME" value="Test" />
    <property name="env.PERLBREW_HOME" value="/home/travis/.perlbrew" />
    <property name="java.vm.version" value="11.0.2+9" />
    <property name="env.RAILS_ENV" value="test" />
    <property name="java.class.path" value="/home/travis/.ptolemyII:/home/travis/.ptolemyII/*:/home/travis/build/icyphy/ptII:/home/travis/build/icyphy/ptII/lib/bsh-2.0b4.jar:/home/travis/build/icyphy/ptII/lib/ptCal.jar:/home/travis/build/icyphy/ptII/lib/java_cup.jar:/home/travis/build/icyphy/ptII/lib/saxon8.jar:/home/travis/build/icyphy/ptII/lib/saxon8-dom.jar:/home/travis/build/icyphy/ptII/lib/chic.jar:/home/travis/build/icyphy/ptII/lib/ptcolt.jar:/home/travis/build/icyphy/ptII/vendors/misc/itext/iText.jar:/home/travis/build/icyphy/ptII/lib/g4ltl.jar:/home/travis/build/icyphy/ptII/lib/StructuralCoder.jar:/home/travis/build/icyphy/ptII/lib/jcerti.jar:/home/travis/build/icyphy/ptII/lib/javax.mail.jar:/home/travis/build/icyphy/ptII/vendors/JMF-2.1.1e/lib/jmf.jar:/home/travis/build/icyphy/ptII/lib/jna-4.0.0-variadic.jar:/home/travis/build/icyphy/ptII/vendors/misc/joystick/Joystick.jar:/home/travis/build/icyphy/ptII/lib/ptjacl.jar:/home/travis/build/icyphy/ptII/lib/jsoup-1.8.2.jar:/home/travis/build/icyphy/ptII/lib/junit-4.8.2.jar:/home/travis/build/icyphy/ptII/lib/JUnitParams-0.4.0.jar:/home/travis/build/icyphy/ptII/ptolemy/actor/lib/excel/jxl.jar:/home/travis/build/icyphy/ptII/lib/jython.jar:/home/travis/build/icyphy/ptII/lib/kieler.jar:/home/travis/build/icyphy/ptII/vendors/opencv/share/OpenCV/java/opencv-341.jar:/home/travis/build/icyphy/ptII/lib/oscP5.jar:/home/travis/build/icyphy/ptII/lib/nrjavaserial-3.11.0.devel.jar:/home/travis/build/icyphy/ptII/vendors/j3d/lib/Linux/j3dcore.jar:/home/travis/build/icyphy/ptII/vendors/j3d/lib/Linux/j3dutils.jar:/home/travis/build/icyphy/ptII/vendors/j3d/lib/Linux/vecmath.jar:/home/travis/build/icyphy/ptII/vendors/jogl/lib/Linux/gluegen-rt-natives-linux-amd64.jar:/home/travis/build/icyphy/ptII/vendors/jogl/lib/Linux/gluegen-rt.jar:/home/travis/build/icyphy/ptII/vendors/jogl/lib/Linux/jogl-all-natives-linux-amd64.jar:/home/travis/build/icyphy/ptII/vendors/jogl/lib/Linux/jogl-all.jar:/home/travis/build/icyphy/ptII/ptolemy/distributed/jini/jar/jini-core.jar:/home/travis/build/icyphy/ptII/ptolemy/distributed/jini/jar/jini-ext.jar:/home/travis/build/icyphy/ptII/ptolemy/distributed/jini/jar/sun-util.jar:/home/travis/build/icyphy/ptII/lib/protobuf-java-2.4.1.jar:/home/travis/build/icyphy/ptII/lib/org.eclipse.paho.client.mqttv3.jar:/home/travis/build/icyphy/ptII/lib/mapss.jar:/home/travis/build/icyphy/ptII/ptolemy/actor/ptalon/antlr/antlr.jar:/home/travis/build/icyphy/ptII/lib/JRI.jar:/home/travis/build/icyphy/ptII/lib/commons-lang-2.6.jar:/home/travis/build/icyphy/ptII/lib/commons-logging-1.1.1.jar:/home/travis/build/icyphy/ptII/lib/sootclasses.jar:/home/travis/build/icyphy/ptII/ptolemy/actor/lib/database/mysql-connector-java-5.1.6-bin.jar:/home/travis/build/icyphy/ptII/vendors/misc/sphinx4/sphinx4-data-5prealpha.jar:/home/travis/build/icyphy/ptII/vendors/misc/sphinx4/sphinx4-core-5prealpha.jar:/home/travis/build/icyphy/ptII/lib/PDFRenderer.jar:/home/travis/build/icyphy/ptII/lib/svgSalamander.jar:/home/travis/build/icyphy/ptII/lib/rsyntaxtextarea-2.6.0-SNAPSHOT.jar:/home/travis/build/icyphy/ptII/lib/hazelcast-3.8.2.jar:/home/travis/build/icyphy/ptII/lib/jackson-annotations-2.9.0.jar:/home/travis/build/icyphy/ptII/lib/jackson-core-2.9.3.jar:/home/travis/build/icyphy/ptII/lib/jackson-databind-2.9.3.jar:/home/travis/build/icyphy/ptII/lib/netty-buffer-4.1.19.Final.jar:/home/travis/build/icyphy/ptII/lib/netty-codec-4.1.19.Final.jar:/home/travis/build/icyphy/ptII/lib/netty-codec-dns-4.1.19.Final.jar:/home/travis/build/icyphy/ptII/lib/netty-codec-http-4.1.19.Final.jar:/home/travis/build/icyphy/ptII/lib/netty-codec-http2-4.1.19.Final.jar:/home/travis/build/icyphy/ptII/lib/netty-common-4.1.19.Final.jar:/home/travis/build/icyphy/ptII/lib/netty-handler-4.1.19.Final.jar:/home/travis/build/icyphy/ptII/lib/netty-resolver-4.1.19.Final.jar:/home/travis/build/icyphy/ptII/lib/netty-resolver-dns-4.1.19.Final.jar:/home/travis/build/icyphy/ptII/lib/netty-transport-4.1.19.Final.jar:/home/travis/build/icyphy/ptII/lib/vertx-codegen-3.5.1.jar:/home/travis/build/icyphy/ptII/lib/vertx-core-3.5.2-SNAPSHOT.jar:/home/travis/build/icyphy/ptII/lib/vertx-hazelcast-3.5.1.jar:/home/travis/build/icyphy/ptII/lib/vertx-lang-js-3.5.1.jar:/home/travis/build/icyphy/ptII/lib/vertx-service-proxy-3.5.1.jar:/home/travis/build/icyphy/ptII/lib/vertx-web-3.5.1.jar:/home/travis/build/icyphy/ptII/lib/slf4j-api-1.7.13.jar:/home/travis/build/icyphy/ptII/lib/slf4j-simple-1.7.13.jar:/home/travis/build/icyphy/ptII/lib/webcam-capture-0.3.12.jar:/home/travis/build/icyphy/ptII/lib/bridj-0.7.0.jar:/home/travis/build/icyphy/ptII/lib/xbjlib-1.1.0.nrjavaserial.jar:/home/travis/build/icyphy/ptII/ptolemy/moml/test:/home/travis/build/icyphy/ptII/ant/lib/ant-launcher.jar:/home/travis/build/icyphy/ptII/ant/lib/ant.jar:/home/travis/build/icyphy/ptII/ant/lib/ant-junit.jar:/home/travis/build/icyphy/ptII/ant/lib/ant-junit4.jar" />
    <property name="ant.library.dir" value="/home/travis/build/icyphy/ptII/ant/lib" />
    <property name="os.arch" value="amd64" />
    <property name="env.CONTINUOUS_INTEGRATION" value="true" />
    <property name="env.TRAVIS_LANGUAGE" value="node_js" />
    <property name="env.TRAVIS_STACK_LANGUAGES" value="__sardonyx__ c c++ clojure cplusplus cpp default generic go groovy java node_js php pure_java python ruby scala" />
    <property name="test.name" value="ptolemy.actor.lib.test.junit.JUnitTclTest" />
    <property name="env.APT_KEY_DONT_WARN_ON_DANGEROUS_USAGE" value="1" />
    <property name="sun.java.launcher" value="SUN_STANDARD" />
    <property name="env.PYTHON_CONFIGURE_OPTS" value="--enable-unicode=ucs4 --with-wide-unicode --enable-shared --enable-ipv6 --enable-loadable-sqlite-extensions --with-computed-gotos" />
    <property name="ant.core.lib" value="/home/travis/build/icyphy/ptII/ant/lib/ant.jar" />
    <property name="java.vm.specification.vendor" value="Oracle Corporation" />
    <property name="env.BCVTB_HOME" value="/home/travis/build/icyphy/ptII/lbnl" />
    <property name="file.separator" value="/" />
    <property name="spotbugs.home" value="/home/travis/build/icyphy/ptII/vendors/spotbugs-3.1.1" />
    <property name="java.runtime.version" value="11.0.2+9" />
    <property name="env.ANSI_CLEAR" value="\033[0K" />
    <property name="javafx.verbose" value="true" />
    <property name="env.HAS_JOSH_K_SEAL_OF_APPROVAL" value="true" />
    <property name="env.XDG_RUNTIME_DIR" value="/run/user/2000" />
    <property name="env.TRAVIS_OSX_IMAGE" value="" />
    <property name="env.TRAVIS_JOB_ID" value="651708472" />
    <property name="env.TRAVIS_BRANCH" value="master" />
    <property name="user.country" value="US" />
    <property name="env.CERTI_HOME_TRAVIS" value="/home/travis/pthla/certi-tools" />
    <property name="env.SHELL" value="/bin/bash" />
    <property name="java.maxmemory.large" value="3200m" />
    <property name="model" value="" />
    <property name="env.CASHER_DIR" value="/home/travis/.casher" />
    <property name="env.NVM_CD_FLAGS" value="" />
    <property name="java.vendor.version" value="18.9" />
    <property name="jshint.executable" value="/home/travis/node_modules/jshint/bin/jshint" />
    <property name="env.JRUBY_OPTS" value=" --client -J-XX:+TieredCompilation -J-XX:TieredStopAtLevel=1 -J-Xss2m -Xcompile.invokedynamic=false" />
    <property name="java.vendor" value="Oracle Corporation" />
    <property name="env.TRAVIS_PRE_CHEF_BOOTSTRAP_TIME" value="2019-03-25T16:16:42" />
    <property name="env.TRAVIS_STACK_JOB_BOARD_REGISTER" value="/.job-board-register.yml" />
    <property name="env.ANSI_RED" value="\033[31;1m" />
    <property name="java.specification.version" value="11" />
    <property name="env.IRBRC" value="/home/travis/.rvm/rubies/ruby-2.5.3/.irbrc" />
    <property name="env.TRAVIS" value="true" />
    <property name="sun.arch.data.model" value="64" />
  </properties>
  <testcase classname="ptolemy.util.test.junit.TclTests" name="[0] /home/travis/build/icyphy/ptII/ptolemy/actor/lib/test/AbsoluteValue.tcl (RunTclFile)" time="0.472" />
  <testcase classname="ptolemy.util.test.junit.TclTests" name="[1] /home/travis/build/icyphy/ptII/ptolemy/actor/lib/test/AddSubtract.tcl (RunTclFile)" time="0.151" />
  <testcase classname="ptolemy.util.test.junit.TclTests" name="[2] /home/travis/build/icyphy/ptII/ptolemy/actor/lib/test/Average.tcl (RunTclFile)" time="0.034" />
  <testcase classname="ptolemy.util.test.junit.TclTests" name="[3] /home/travis/build/icyphy/ptII/ptolemy/actor/lib/test/Bernoulli.tcl (RunTclFile)" time="0.018" />
  <testcase classname="ptolemy.util.test.junit.TclTests" name="[4] /home/travis/build/icyphy/ptII/ptolemy/actor/lib/test/Clock.tcl (RunTclFile)" time="0.09" />
  <testcase classname="ptolemy.util.test.junit.TclTests" name="[5] /home/travis/build/icyphy/ptII/ptolemy/actor/lib/test/Commutator.tcl (RunTclFile)" time="0.159" />
  <testcase classname="ptolemy.util.test.junit.TclTests" name="[6] /home/travis/build/icyphy/ptII/ptolemy/actor/lib/test/Const.tcl (RunTclFile)" time="0.145" />
  <testcase classname="ptolemy.util.test.junit.TclTests" name="[7] /home/travis/build/icyphy/ptII/ptolemy/actor/lib/test/CurrentTime.tcl (RunTclFile)" time="0.043" />
  <testcase classname="ptolemy.util.test.junit.TclTests" name="[8] /home/travis/build/icyphy/ptII/ptolemy/actor/lib/test/DB.tcl (RunTclFile)" time="0.038" />
  <testcase classname="ptolemy.util.test.junit.TclTests" name="[9] /home/travis/build/icyphy/ptII/ptolemy/actor/lib/test/DiscreteRandomSource.tcl (RunTclFile)" time="0.043" />
  <testcase classname="ptolemy.util.test.junit.TclTests" name="[10] /home/travis/build/icyphy/ptII/ptolemy/actor/lib/test/Distributor.tcl (RunTclFile)" time="0.081" />
  <testcase classname="ptolemy.util.test.junit.TclTests" name="[11] /home/travis/build/icyphy/ptII/ptolemy/actor/lib/test/Exit.tcl (RunTclFile)" time="0.09" />
  <testcase classname="ptolemy.util.test.junit.TclTests" name="[12] /home/travis/build/icyphy/ptII/ptolemy/actor/lib/test/Expression.tcl (RunTclFile)" time="0.078" />
  <testcase classname="ptolemy.util.test.junit.TclTests" name="[13] /home/travis/build/icyphy/ptII/ptolemy/actor/lib/test/Gaussian.tcl (RunTclFile)" time="0.614" />
  <testcase classname="ptolemy.util.test.junit.TclTests" name="[14] /home/travis/build/icyphy/ptII/ptolemy/actor/lib/test/IIR.tcl (RunTclFile)" time="0.05" />
  <testcase classname="ptolemy.util.test.junit.TclTests" name="[15] /home/travis/build/icyphy/ptII/ptolemy/actor/lib/test/Interpolator.tcl (RunTclFile)" time="0.102" />
  <testcase classname="ptolemy.util.test.junit.TclTests" name="[16] /home/travis/build/icyphy/ptII/ptolemy/actor/lib/test/MathFunction.tcl (RunTclFile)" time="0.06" />
  <testcase classname="ptolemy.util.test.junit.TclTests" name="[17] /home/travis/build/icyphy/ptII/ptolemy/actor/lib/test/Maximum.tcl (RunTclFile)" time="0.036" />
  <testcase classname="ptolemy.util.test.junit.TclTests" name="[18] /home/travis/build/icyphy/ptII/ptolemy/actor/lib/test/Minimum.tcl (RunTclFile)" time="0.025" />
  <testcase classname="ptolemy.util.test.junit.TclTests" name="[19] /home/travis/build/icyphy/ptII/ptolemy/actor/lib/test/MultiplyDivide.tcl (RunTclFile)" time="0.032" />
  <testcase classname="ptolemy.util.test.junit.TclTests" name="[20] /home/travis/build/icyphy/ptII/ptolemy/actor/lib/test/OrderedMerge.tcl (RunTclFile)" time="0.142" />
  <testcase classname="ptolemy.util.test.junit.TclTests" name="[21] /home/travis/build/icyphy/ptII/ptolemy/actor/lib/test/Publisher.tcl (RunTclFile)" time="0.803" />
  <testcase classname="ptolemy.util.test.junit.TclTests" name="[22] /home/travis/build/icyphy/ptII/ptolemy/actor/lib/test/Pulse.tcl (RunTclFile)" time="0.064" />
  <testcase classname="ptolemy.util.test.junit.TclTests" name="[23] /home/travis/build/icyphy/ptII/ptolemy/actor/lib/test/Ramp.tcl (RunTclFile)" time="1.714" />
  <testcase classname="ptolemy.util.test.junit.TclTests" name="[24] /home/travis/build/icyphy/ptII/ptolemy/actor/lib/test/RampContinuous.tcl (RunTclFile)" time="0.015" />
  <testcase classname="ptolemy.util.test.junit.TclTests" name="[25] /home/travis/build/icyphy/ptII/ptolemy/actor/lib/test/RecordAssembler.tcl (RunTclFile)" time="0.014" />
  <testcase classname="ptolemy.util.test.junit.TclTests" name="[26] /home/travis/build/icyphy/ptII/ptolemy/actor/lib/test/RecordDisassembler.tcl (RunTclFile)" time="0.017" />
  <testcase classname="ptolemy.util.test.junit.TclTests" name="[27] /home/travis/build/icyphy/ptII/ptolemy/actor/lib/test/Scale.tcl (RunTclFile)" time="0.016" />
  <testcase classname="ptolemy.util.test.junit.TclTests" name="[28] /home/travis/build/icyphy/ptII/ptolemy/actor/lib/test/SequentialClock.tcl (RunTclFile)" time="0.011" />
  <testcase classname="ptolemy.util.test.junit.TclTests" name="[29] /home/travis/build/icyphy/ptII/ptolemy/actor/lib/test/SetVariable.tcl (RunTclFile)" time="0.008" />
  <testcase classname="ptolemy.util.test.junit.TclTests" name="[30] /home/travis/build/icyphy/ptII/ptolemy/actor/lib/test/Sinewave.tcl (RunTclFile)" time="0.046" />
  <testcase classname="ptolemy.util.test.junit.TclTests" name="[31] /home/travis/build/icyphy/ptII/ptolemy/actor/lib/test/SubscriptionAggregator.tcl (RunTclFile)" time="2.06" />
  <testcase classname="ptolemy.util.test.junit.TclTests" name="[32] /home/travis/build/icyphy/ptII/ptolemy/actor/lib/test/Test.tcl (RunTclFile)" time="0.106" />
  <testcase classname="ptolemy.util.test.junit.TclTests" name="[33] /home/travis/build/icyphy/ptII/ptolemy/actor/lib/test/TestExceptionHandler.tcl (RunTclFile)" time="0.014" />
  <testcase classname="ptolemy.util.test.junit.TclTests" name="[34] /home/travis/build/icyphy/ptII/ptolemy/actor/lib/test/UnionDisassembler.tcl (RunTclFile)" time="0.085" />
  <testcase classname="ptolemy.util.test.junit.TclTests" name="[35] /home/travis/build/icyphy/ptII/ptolemy/actor/lib/test/VariableClock.tcl (RunTclFile)" time="0.02" />
  <testcase classname="ptolemy.util.test.junit.AutoKnownFailedTests" name="[0] /home/travis/build/icyphy/ptII/ptolemy/actor/lib/test/auto/knownFailedTests/PublisherPortToplevelSubscriber.xml (RunModel)" time="0.03" />
  <testcase classname="ptolemy.util.test.junit.AutoKnownFailedTests" name="[1] /home/travis/build/icyphy/ptII/ptolemy/actor/lib/test/auto/knownFailedTests/PublisherSubscriberPortToplevel.xml (RunModel)" time="0.016" />
  <testcase classname="ptolemy.util.test.junit.AutoKnownFailedTests" name="[2] /home/travis/build/icyphy/ptII/ptolemy/actor/lib/test/auto/knownFailedTests/PublisherSubscriptionAggregatorPort.xml (RunModel)" time="0.016" />
  <testcase classname="ptolemy.util.test.junit.AutoKnownFailedTests" name="[3] /home/travis/build/icyphy/ptII/ptolemy/actor/lib/test/auto/knownFailedTests/sizedarray3.xml (RunModel)" time="0.024" />
  <testcase classname="ptolemy.util.test.junit.AutoNameArchTests" name="[0] ThereAreNoAutoArchTests (RunModel)" time="0.003" />
  <testcase classname="ptolemy.util.test.junit.AutoTests" name="[0] /home/travis/build/icyphy/ptII/ptolemy/actor/lib/test/auto/AbsoluteValue.xml (RunModel)" time="0.078" />
  <testcase classname="ptolemy.util.test.junit.AutoTests" name="[1] /home/travis/build/icyphy/ptII/ptolemy/actor/lib/test/auto/AbsoluteValue2.xml (RunModel)" time="0.041" />
  <testcase classname="ptolemy.util.test.junit.AutoTests" name="[2] /home/travis/build/icyphy/ptII/ptolemy/actor/lib/test/auto/Accumulator.xml (RunModel)" time="0.112" />
  <testcase classname="ptolemy.util.test.junit.AutoTests" name="[3] /home/travis/build/icyphy/ptII/ptolemy/actor/lib/test/auto/Accumulator2.xml (RunModel)" time="0.019" />
  <testcase classname="ptolemy.util.test.junit.AutoTests" name="[4] /home/travis/build/icyphy/ptII/ptolemy/actor/lib/test/auto/Accumulator3.xml (RunModel)" time="0.033" />
  <testcase classname="ptolemy.util.test.junit.AutoTests" name="[5] /home/travis/build/icyphy/ptII/ptolemy/actor/lib/test/auto/ArrayAppend.xml (RunModel)" time="0.042" />
  <testcase classname="ptolemy.util.test.junit.AutoTests" name="[6] /home/travis/build/icyphy/ptII/ptolemy/actor/lib/test/auto/ArrayAppend2.xml (RunModel)" time="0.358" />
  <testcase classname="ptolemy.util.test.junit.AutoTests" name="[7] /home/travis/build/icyphy/ptII/ptolemy/actor/lib/test/auto/ArrayAppend3.xml (RunModel)" time="0.021" />
  <testcase classname="ptolemy.util.test.junit.AutoTests" name="[8] /home/travis/build/icyphy/ptII/ptolemy/actor/lib/test/auto/ArrayAppend4.xml (RunModel)" time="0.021" />
  <testcase classname="ptolemy.util.test.junit.AutoTests" name="[9] /home/travis/build/icyphy/ptII/ptolemy/actor/lib/test/auto/ArrayAppend5.xml (RunModel)" time="0.017" />
  <testcase classname="ptolemy.util.test.junit.AutoTests" name="[10] /home/travis/build/icyphy/ptII/ptolemy/actor/lib/test/auto/ArrayAppend6.xml (RunModel)" time="0.032" />
  <testcase classname="ptolemy.util.test.junit.AutoTests" name="[11] /home/travis/build/icyphy/ptII/ptolemy/actor/lib/test/auto/ArrayAppendPerformanceTest.xml (RunModel)" time="0.071" />
  <testcase classname="ptolemy.util.test.junit.AutoTests" name="[12] /home/travis/build/icyphy/ptII/ptolemy/actor/lib/test/auto/ArrayAppendWithEmptyInput.xml (RunModel)" time="0.03" />
  <testcase classname="ptolemy.util.test.junit.AutoTests" name="[13] /home/travis/build/icyphy/ptII/ptolemy/actor/lib/test/auto/ArrayAverage.xml (RunModel)" time="0.037" />
  <testcase classname="ptolemy.util.test.junit.AutoTests" name="[14] /home/travis/build/icyphy/ptII/ptolemy/actor/lib/test/auto/ArrayContains.xml (RunModel)" time="0.043" />
  <testcase classname="ptolemy.util.test.junit.AutoTests" name="[15] /home/travis/build/icyphy/ptII/ptolemy/actor/lib/test/auto/ArrayElement.xml (RunModel)" time="0.029" />
  <testcase classname="ptolemy.util.test.junit.AutoTests" name="[16] /home/travis/build/icyphy/ptII/ptolemy/actor/lib/test/auto/ArrayElementAsMatrix.xml (RunModel)" time="0.05" />
  <testcase classname="ptolemy.util.test.junit.AutoTests" name="[17] /home/travis/build/icyphy/ptII/ptolemy/actor/lib/test/auto/ArrayElementI.xml (RunModel)" time="0.015" />
  <testcase classname="ptolemy.util.test.junit.AutoTests" name="[18] /home/travis/build/icyphy/ptII/ptolemy/actor/lib/test/auto/ArrayExtract.xml (RunModel)" time="0.023" />
  <testcase classname="ptolemy.util.test.junit.AutoTests" name="[19] /home/travis/build/icyphy/ptII/ptolemy/actor/lib/test/auto/ArrayExtract2.xml (RunModel)" time="0.016" />
  <testcase classname="ptolemy.util.test.junit.AutoTests" name="[20] /home/travis/build/icyphy/ptII/ptolemy/actor/lib/test/auto/ArrayLength.xml (RunModel)" time="0.013" />
  <testcase classname="ptolemy.util.test.junit.AutoTests" name="[21] /home/travis/build/icyphy/ptII/ptolemy/actor/lib/test/auto/ArrayLevelCrossing.xml (RunModel)" time="0.024" />
  <testcase classname="ptolemy.util.test.junit.AutoTests" name="[22] /home/travis/build/icyphy/ptII/ptolemy/actor/lib/test/auto/ArrayLevelCrossing2.xml (RunModel)" time="0.025" />
  <testcase classname="ptolemy.util.test.junit.AutoTests" name="[23] /home/travis/build/icyphy/ptII/ptolemy/actor/lib/test/auto/ArrayPeakSearch.xml (RunModel)" time="0.031" />
  <testcase classname="ptolemy.util.test.junit.AutoTests" name="[24] /home/travis/build/icyphy/ptII/ptolemy/actor/lib/test/auto/ArrayPeakSearch2.xml (RunModel)" time="0.031" />
  <testcase classname="ptolemy.util.test.junit.AutoTests" name="[25] /home/travis/build/icyphy/ptII/ptolemy/actor/lib/test/auto/ArrayPeakSearch3.xml (RunModel)" time="0.03" />
  <testcase classname="ptolemy.util.test.junit.AutoTests" name="[26] /home/travis/build/icyphy/ptII/ptolemy/actor/lib/test/auto/ArrayRemoveElement.xml (RunModel)" time="0.025" />
  <testcase classname="ptolemy.util.test.junit.AutoTests" name="[27] /home/travis/build/icyphy/ptII/ptolemy/actor/lib/test/auto/ArraySort.xml (RunModel)" time="0.029" />
  <testcase classname="ptolemy.util.test.junit.AutoTests" name="[28] /home/travis/build/icyphy/ptII/ptolemy/actor/lib/test/auto/ArraySum.xml (RunModel)" time="0.026" />
  <testcase classname="ptolemy.util.test.junit.AutoTests" name="[29] /home/travis/build/icyphy/ptII/ptolemy/actor/lib/test/auto/ArrayToElements.xml (RunModel)" time="0.017" />
  <testcase classname="ptolemy.util.test.junit.AutoTests" name="[30] /home/travis/build/icyphy/ptII/ptolemy/actor/lib/test/auto/ArrayToMatrix.xml (RunModel)" time="0.081" />
  <testcase classname="ptolemy.util.test.junit.AutoTests" name="[31] /home/travis/build/icyphy/ptII/ptolemy/actor/lib/test/auto/ArrayUpdate1.xml (RunModel)" time="0.014" />
  <testcase classname="ptolemy.util.test.junit.AutoTests" name="[32] /home/travis/build/icyphy/ptII/ptolemy/actor/lib/test/auto/ArrayUpdate2.xml (RunModel)" time="0.025" />
  <testcase classname="ptolemy.util.test.junit.AutoTests" name="[33] /home/travis/build/icyphy/ptII/ptolemy/actor/lib/test/auto/ArrayUpdate3.xml (RunModel)" time="0.015" />
  <testcase classname="ptolemy.util.test.junit.AutoTests" name="[34] /home/travis/build/icyphy/ptII/ptolemy/actor/lib/test/auto/Assert1.xml (RunModel)" time="0.016" />
  <testcase classname="ptolemy.util.test.junit.AutoTests" name="[35] /home/travis/build/icyphy/ptII/ptolemy/actor/lib/test/auto/Assert2.xml (RunModel)" time="0.017" />
  <testcase classname="ptolemy.util.test.junit.AutoTests" name="[36] /home/travis/build/icyphy/ptII/ptolemy/actor/lib/test/auto/BooleanMultiplexor.xml (RunModel)" time="0.014" />
  <testcase classname="ptolemy.util.test.junit.AutoTests" name="[37] /home/travis/build/icyphy/ptII/ptolemy/actor/lib/test/auto/BooleanMultiplexor2.xml (RunModel)" time="0.017" />
  <testcase classname="ptolemy.util.test.junit.AutoTests" name="[38] /home/travis/build/icyphy/ptII/ptolemy/actor/lib/test/auto/BooleanMultiplexor3.xml (RunModel)" time="0.02" />
  <testcase classname="ptolemy.util.test.junit.AutoTests" name="[39] /home/travis/build/icyphy/ptII/ptolemy/actor/lib/test/auto/BooleanSelect.xml (RunModel)" time="0.017" />
  <testcase classname="ptolemy.util.test.junit.AutoTests" name="[40] /home/travis/build/icyphy/ptII/ptolemy/actor/lib/test/auto/BooleanSelect2.xml (RunModel)" time="0.013" />
  <testcase classname="ptolemy.util.test.junit.AutoTests" name="[41] /home/travis/build/icyphy/ptII/ptolemy/actor/lib/test/auto/BooleanSwitch.xml (RunModel)" time="0.018" />
  <testcase classname="ptolemy.util.test.junit.AutoTests" name="[42] /home/travis/build/icyphy/ptII/ptolemy/actor/lib/test/auto/BooleanSwitch2.xml (RunModel)" time="0.013" />
  <testcase classname="ptolemy.util.test.junit.AutoTests" name="[43] /home/travis/build/icyphy/ptII/ptolemy/actor/lib/test/auto/BooleanSwitchCloningBugWithClassRelationGroup.xml (RunModel)" time="0.026" />
  <testcase classname="ptolemy.util.test.junit.AutoTests" name="[44] /home/travis/build/icyphy/ptII/ptolemy/actor/lib/test/auto/BusActors.xml (RunModel)" time="0.027" />
  <testcase classname="ptolemy.util.test.junit.AutoTests" name="[45] /home/travis/build/icyphy/ptII/ptolemy/actor/lib/test/auto/ClassWrapper.xml (RunModel)" time="0.015" />
  <testcase classname="ptolemy.util.test.junit.AutoTests" name="[46] /home/travis/build/icyphy/ptII/ptolemy/actor/lib/test/auto/Clock.xml (RunModel)" time="0.008" />
  <testcase classname="ptolemy.util.test.junit.AutoTests" name="[47] /home/travis/build/icyphy/ptII/ptolemy/actor/lib/test/auto/Clock10.xml (RunModel)" time="0.015" />
  <testcase classname="ptolemy.util.test.junit.AutoTests" name="[48] /home/travis/build/icyphy/ptII/ptolemy/actor/lib/test/auto/Clock11.xml (RunModel)" time="0.016" />
  <testcase classname="ptolemy.util.test.junit.AutoTests" name="[49] /home/travis/build/icyphy/ptII/ptolemy/actor/lib/test/auto/Clock12.xml (RunModel)" time="0.018" />
  <testcase classname="ptolemy.util.test.junit.AutoTests" name="[50] /home/travis/build/icyphy/ptII/ptolemy/actor/lib/test/auto/Clock13.xml (RunModel)" time="0.02" />
  <testcase classname="ptolemy.util.test.junit.AutoTests" name="[51] /home/travis/build/icyphy/ptII/ptolemy/actor/lib/test/auto/Clock14.xml (RunModel)" time="0.015" />
  <testcase classname="ptolemy.util.test.junit.AutoTests" name="[52] /home/travis/build/icyphy/ptII/ptolemy/actor/lib/test/auto/Clock15.xml (RunModel)" time="0.012" />
  <testcase classname="ptolemy.util.test.junit.AutoTests" name="[53] /home/travis/build/icyphy/ptII/ptolemy/actor/lib/test/auto/Clock16.xml (RunModel)" time="0.1" />
  <testcase classname="ptolemy.util.test.junit.AutoTests" name="[54] /home/travis/build/icyphy/ptII/ptolemy/actor/lib/test/auto/Clock17.xml (RunModel)" time="0.105" />
  <testcase classname="ptolemy.util.test.junit.AutoTests" name="[55] /home/travis/build/icyphy/ptII/ptolemy/actor/lib/test/auto/Clock18.xml (RunModel)" time="0.065" />
  <testcase classname="ptolemy.util.test.junit.AutoTests" name="[56] /home/travis/build/icyphy/ptII/ptolemy/actor/lib/test/auto/Clock19.xml (RunModel)" time="0.05" />
  <testcase classname="ptolemy.util.test.junit.AutoTests" name="[57] /home/travis/build/icyphy/ptII/ptolemy/actor/lib/test/auto/Clock2.xml (RunModel)" time="0.015" />
  <testcase classname="ptolemy.util.test.junit.AutoTests" name="[58] /home/travis/build/icyphy/ptII/ptolemy/actor/lib/test/auto/Clock20.xml (RunModel)" time="0.023" />
  <testcase classname="ptolemy.util.test.junit.AutoTests" name="[59] /home/travis/build/icyphy/ptII/ptolemy/actor/lib/test/auto/Clock21.xml (RunModel)" time="0.018" />
  <testcase classname="ptolemy.util.test.junit.AutoTests" name="[60] /home/travis/build/icyphy/ptII/ptolemy/actor/lib/test/auto/Clock22.xml (RunModel)" time="0.017" />
  <testcase classname="ptolemy.util.test.junit.AutoTests" name="[61] /home/travis/build/icyphy/ptII/ptolemy/actor/lib/test/auto/Clock23.xml (RunModel)" time="0.02" />
  <testcase classname="ptolemy.util.test.junit.AutoTests" name="[62] /home/travis/build/icyphy/ptII/ptolemy/actor/lib/test/auto/Clock24.xml (RunModel)" time="0.014" />
  <testcase classname="ptolemy.util.test.junit.AutoTests" name="[63] /home/travis/build/icyphy/ptII/ptolemy/actor/lib/test/auto/Clock4.xml (RunModel)" time="0.011" />
  <testcase classname="ptolemy.util.test.junit.AutoTests" name="[64] /home/travis/build/icyphy/ptII/ptolemy/actor/lib/test/auto/Clock5.xml (RunModel)" time="0.012" />
  <testcase classname="ptolemy.util.test.junit.AutoTests" name="[65] /home/travis/build/icyphy/ptII/ptolemy/actor/lib/test/auto/Clock6.xml (RunModel)" time="0.015" />
  <testcase classname="ptolemy.util.test.junit.AutoTests" name="[66] /home/travis/build/icyphy/ptII/ptolemy/actor/lib/test/auto/Clock7.xml (RunModel)" time="0.011" />
  <testcase classname="ptolemy.util.test.junit.AutoTests" name="[67] /home/travis/build/icyphy/ptII/ptolemy/actor/lib/test/auto/Clock8.xml (RunModel)" time="0.017" />
  <testcase classname="ptolemy.util.test.junit.AutoTests" name="[68] /home/travis/build/icyphy/ptII/ptolemy/actor/lib/test/auto/Clock9.xml (RunModel)" time="0.016" />
  <testcase classname="ptolemy.util.test.junit.AutoTests" name="[69] /home/travis/build/icyphy/ptII/ptolemy/actor/lib/test/auto/CommDistDiscard.xml (RunModel)" time="0.028" />
  <testcase classname="ptolemy.util.test.junit.AutoTests" name="[70] /home/travis/build/icyphy/ptII/ptolemy/actor/lib/test/auto/Commutator.xml (RunModel)" time="0.013" />
  <testcase classname="ptolemy.util.test.junit.AutoTests" name="[71] /home/travis/build/icyphy/ptII/ptolemy/actor/lib/test/auto/Commutator2.xml (RunModel)" time="0.01" />
  <testcase classname="ptolemy.util.test.junit.AutoTests" name="[72] /home/travis/build/icyphy/ptII/ptolemy/actor/lib/test/auto/Commutator3.xml (RunModel)" time="0.013" />
  <testcase classname="ptolemy.util.test.junit.AutoTests" name="[73] /home/travis/build/icyphy/ptII/ptolemy/actor/lib/test/auto/Compare.xml (RunModel)" time="0.021" />
  <testcase classname="ptolemy.util.test.junit.AutoTests" name="[74] /home/travis/build/icyphy/ptII/ptolemy/actor/lib/test/auto/CompareDE.xml (RunModel)" time="0.025" />
  <testcase classname="ptolemy.util.test.junit.AutoTests" name="[75] /home/travis/build/icyphy/ptII/ptolemy/actor/lib/test/auto/ComplexDivide.xml (RunModel)" time="0.025" />
  <testcase classname="ptolemy.util.test.junit.AutoTests" name="[76] /home/travis/build/icyphy/ptII/ptolemy/actor/lib/test/auto/ComputeHistogram.xml (RunModel)" time="0.053" />
  <testcase classname="ptolemy.util.test.junit.AutoTests" name="[77] /home/travis/build/icyphy/ptII/ptolemy/actor/lib/test/auto/ConfigurationSelect.xml (RunModel)" time="0.016" />
  <testcase classname="ptolemy.util.test.junit.AutoTests" name="[78] /home/travis/build/icyphy/ptII/ptolemy/actor/lib/test/auto/ConfigurationSelect2.xml (RunModel)" time="0.021" />
  <testcase classname="ptolemy.util.test.junit.AutoTests" name="[79] /home/travis/build/icyphy/ptII/ptolemy/actor/lib/test/auto/ConfigurationSwitch.xml (RunModel)" time="0.023" />
  <testcase classname="ptolemy.util.test.junit.AutoTests" name="[80] /home/travis/build/icyphy/ptII/ptolemy/actor/lib/test/auto/ConfigurationSwitch2.xml (RunModel)" time="0.023" />
  <testcase classname="ptolemy.util.test.junit.AutoTests" name="[81] /home/travis/build/icyphy/ptII/ptolemy/actor/lib/test/auto/ConfigurationSwitchCloningBugWithClassRelationGroup.xml (RunModel)" time="0.019" />
  <testcase classname="ptolemy.util.test.junit.AutoTests" name="[82] /home/travis/build/icyphy/ptII/ptolemy/actor/lib/test/auto/ConfigurationSwitchSelectSDF.xml (RunModel)" time="0.014" />
  <testcase classname="ptolemy.util.test.junit.AutoTests" name="[83] /home/travis/build/icyphy/ptII/ptolemy/actor/lib/test/auto/ConfigurationSwitchSelectSDF2.xml (RunModel)" time="0.013" />
  <testcase classname="ptolemy.util.test.junit.AutoTests" name="[84] /home/travis/build/icyphy/ptII/ptolemy/actor/lib/test/auto/Const.xml (RunModel)" time="0.007" />
  <testcase classname="ptolemy.util.test.junit.AutoTests" name="[85] /home/travis/build/icyphy/ptII/ptolemy/actor/lib/test/auto/Const2.xml (RunModel)" time="0.008" />
  <testcase classname="ptolemy.util.test.junit.AutoTests" name="[86] /home/travis/build/icyphy/ptII/ptolemy/actor/lib/test/auto/Const3.xml (RunModel)" time="0.006" />
  <testcase classname="ptolemy.util.test.junit.AutoTests" name="[87] /home/travis/build/icyphy/ptII/ptolemy/actor/lib/test/auto/ConstantPublisherPort1.xml (RunModel)" time="0.02" />
  <testcase classname="ptolemy.util.test.junit.AutoTests" name="[88] /home/travis/build/icyphy/ptII/ptolemy/actor/lib/test/auto/ConstantPublisherPort2.xml (RunModel)" time="0.017" />
  <testcase classname="ptolemy.util.test.junit.AutoTests" name="[89] /home/travis/build/icyphy/ptII/ptolemy/actor/lib/test/auto/ConstantPublisherPort3.xml (RunModel)" time="0.017" />
  <testcase classname="ptolemy.util.test.junit.AutoTests" name="[90] /home/travis/build/icyphy/ptII/ptolemy/actor/lib/test/auto/ConstantPublisherPort4.xml (RunModel)" time="0.015" />
  <testcase classname="ptolemy.util.test.junit.AutoTests" name="[91] /home/travis/build/icyphy/ptII/ptolemy/actor/lib/test/auto/ConstantPublisherPort5.xml (RunModel)" time="0.026" />
  <testcase classname="ptolemy.util.test.junit.AutoTests" name="[92] /home/travis/build/icyphy/ptII/ptolemy/actor/lib/test/auto/ConstantPublisherPort6.xml (RunModel)" time="0.03" />
  <testcase classname="ptolemy.util.test.junit.AutoTests" name="[93] /home/travis/build/icyphy/ptII/ptolemy/actor/lib/test/auto/ConstantPublisherPort7.xml (RunModel)" time="0.024" />
  <testcase classname="ptolemy.util.test.junit.AutoTests" name="[94] /home/travis/build/icyphy/ptII/ptolemy/actor/lib/test/auto/ConstraintMonitor1.xml (RunModel)" time="0.031" />
  <testcase classname="ptolemy.util.test.junit.AutoTests" name="[95] /home/travis/build/icyphy/ptII/ptolemy/actor/lib/test/auto/ConstraintMonitor2.xml (RunModel)" time="0.011" />
  <testcase classname="ptolemy.util.test.junit.AutoTests" name="[96] /home/travis/build/icyphy/ptII/ptolemy/actor/lib/test/auto/ConstraintMonitor3.xml (RunModel)" time="0.01" />
  <testcase classname="ptolemy.util.test.junit.AutoTests" name="[97] /home/travis/build/icyphy/ptII/ptolemy/actor/lib/test/auto/ConstraintMonitor4.xml (RunModel)" time="0.009" />
  <testcase classname="ptolemy.util.test.junit.AutoTests" name="[98] /home/travis/build/icyphy/ptII/ptolemy/actor/lib/test/auto/ConstraintMonitor5.xml (RunModel)" time="0.011" />
  <testcase classname="ptolemy.util.test.junit.AutoTests" name="[99] /home/travis/build/icyphy/ptII/ptolemy/actor/lib/test/auto/ConstraintMonitor6.xml (RunModel)" time="0.011" />
  <testcase classname="ptolemy.util.test.junit.AutoTests" name="[100] /home/travis/build/icyphy/ptII/ptolemy/actor/lib/test/auto/ConstraintMonitor7.xml (RunModel)" time="0.05" />
  <testcase classname="ptolemy.util.test.junit.AutoTests" name="[101] /home/travis/build/icyphy/ptII/ptolemy/actor/lib/test/auto/ConstraintMonitor8.xml (RunModel)" time="0.021" />
  <testcase classname="ptolemy.util.test.junit.AutoTests" name="[102] /home/travis/build/icyphy/ptII/ptolemy/actor/lib/test/auto/Counter.xml (RunModel)" time="0.01" />
  <testcase classname="ptolemy.util.test.junit.AutoTests" name="[103] /home/travis/build/icyphy/ptII/ptolemy/actor/lib/test/auto/CurrentTimeSDF.xml (RunModel)" time="0.012" />
  <testcase classname="ptolemy.util.test.junit.AutoTests" name="[104] /home/travis/build/icyphy/ptII/ptolemy/actor/lib/test/auto/DB.xml (RunModel)" time="0.013" />
  <testcase classname="ptolemy.util.test.junit.AutoTests" name="[105] /home/travis/build/icyphy/ptII/ptolemy/actor/lib/test/auto/DBDE.xml (RunModel)" time="0.015" />
  <testcase classname="ptolemy.util.test.junit.AutoTests" name="[106] /home/travis/build/icyphy/ptII/ptolemy/actor/lib/test/auto/DateConstructor.xml (RunModel)" time="0.073" />
  <testcase classname="ptolemy.util.test.junit.AutoTests" name="[107] /home/travis/build/icyphy/ptII/ptolemy/actor/lib/test/auto/DelayTime.xml (RunModel)" time="0.015" />
  <testcase classname="ptolemy.util.test.junit.AutoTests" name="[108] /home/travis/build/icyphy/ptII/ptolemy/actor/lib/test/auto/Dictionary1.xml (RunModel)" time="0.016" />
  <testcase classname="ptolemy.util.test.junit.AutoTests" name="[109] /home/travis/build/icyphy/ptII/ptolemy/actor/lib/test/auto/Dictionary2.xml (RunModel)" time="0.012" />
  <testcase classname="ptolemy.util.test.junit.AutoTests" name="[110] /home/travis/build/icyphy/ptII/ptolemy/actor/lib/test/auto/Dictionary3.xml (RunModel)" time="0.012" />
  <testcase classname="ptolemy.util.test.junit.AutoTests" name="[111] /home/travis/build/icyphy/ptII/ptolemy/actor/lib/test/auto/Dictionary4.xml (RunModel)" time="0.013" />
  <testcase classname="ptolemy.util.test.junit.AutoTests" name="[112] /home/travis/build/icyphy/ptII/ptolemy/actor/lib/test/auto/Differential.xml (RunModel)" time="0.009" />
  <testcase classname="ptolemy.util.test.junit.AutoTests" name="[113] /home/travis/build/icyphy/ptII/ptolemy/actor/lib/test/auto/Director.xml (RunModel)" time="0.009" />
  <testcase classname="ptolemy.util.test.junit.AutoTests" name="[114] /home/travis/build/icyphy/ptII/ptolemy/actor/lib/test/auto/DiscreteClock.xml (RunModel)" time="0.008" />
  <testcase classname="ptolemy.util.test.junit.AutoTests" name="[115] /home/travis/build/icyphy/ptII/ptolemy/actor/lib/test/auto/DiscreteClock10.xml (RunModel)" time="0.01" />
  <testcase classname="ptolemy.util.test.junit.AutoTests" name="[116] /home/travis/build/icyphy/ptII/ptolemy/actor/lib/test/auto/DiscreteClock11.xml (RunModel)" time="0.01" />
  <testcase classname="ptolemy.util.test.junit.AutoTests" name="[117] /home/travis/build/icyphy/ptII/ptolemy/actor/lib/test/auto/DiscreteClock12.xml (RunModel)" time="0.011" />
  <testcase classname="ptolemy.util.test.junit.AutoTests" name="[118] /home/travis/build/icyphy/ptII/ptolemy/actor/lib/test/auto/DiscreteClock13.xml (RunModel)" time="0.012" />
  <testcase classname="ptolemy.util.test.junit.AutoTests" name="[119] /home/travis/build/icyphy/ptII/ptolemy/actor/lib/test/auto/DiscreteClock14.xml (RunModel)" time="0.012" />
  <testcase classname="ptolemy.util.test.junit.AutoTests" name="[120] /home/travis/build/icyphy/ptII/ptolemy/actor/lib/test/auto/DiscreteClock15.xml (RunModel)" time="0.013" />
  <testcase classname="ptolemy.util.test.junit.AutoTests" name="[121] /home/travis/build/icyphy/ptII/ptolemy/actor/lib/test/auto/DiscreteClock16.xml (RunModel)" time="0.035" />
  <testcase classname="ptolemy.util.test.junit.AutoTests" name="[122] /home/travis/build/icyphy/ptII/ptolemy/actor/lib/test/auto/DiscreteClock17.xml (RunModel)" time="0.035" />
  <testcase classname="ptolemy.util.test.junit.AutoTests" name="[123] /home/travis/build/icyphy/ptII/ptolemy/actor/lib/test/auto/DiscreteClock18.xml (RunModel)" time="0.032" />
  <testcase classname="ptolemy.util.test.junit.AutoTests" name="[124] /home/travis/build/icyphy/ptII/ptolemy/actor/lib/test/auto/DiscreteClock19.xml (RunModel)" time="0.052" />
  <testcase classname="ptolemy.util.test.junit.AutoTests" name="[125] /home/travis/build/icyphy/ptII/ptolemy/actor/lib/test/auto/DiscreteClock2.xml (RunModel)" time="0.018" />
  <testcase classname="ptolemy.util.test.junit.AutoTests" name="[126] /home/travis/build/icyphy/ptII/ptolemy/actor/lib/test/auto/DiscreteClock20.xml (RunModel)" time="0.019" />
  <testcase classname="ptolemy.util.test.junit.AutoTests" name="[127] /home/travis/build/icyphy/ptII/ptolemy/actor/lib/test/auto/DiscreteClock21.xml (RunModel)" time="0.017" />
  <testcase classname="ptolemy.util.test.junit.AutoTests" name="[128] /home/travis/build/icyphy/ptII/ptolemy/actor/lib/test/auto/DiscreteClock22.xml (RunModel)" time="0.013" />
  <testcase classname="ptolemy.util.test.junit.AutoTests" name="[129] /home/travis/build/icyphy/ptII/ptolemy/actor/lib/test/auto/DiscreteClock23.xml (RunModel)" time="0.013" />
  <testcase classname="ptolemy.util.test.junit.AutoTests" name="[130] /home/travis/build/icyphy/ptII/ptolemy/actor/lib/test/auto/DiscreteClock24.xml (RunModel)" time="0.013" />
  <testcase classname="ptolemy.util.test.junit.AutoTests" name="[131] /home/travis/build/icyphy/ptII/ptolemy/actor/lib/test/auto/DiscreteClock4.xml (RunModel)" time="0.011" />
  <testcase classname="ptolemy.util.test.junit.AutoTests" name="[132] /home/travis/build/icyphy/ptII/ptolemy/actor/lib/test/auto/DiscreteClock5.xml (RunModel)" time="0.01" />
  <testcase classname="ptolemy.util.test.junit.AutoTests" name="[133] /home/travis/build/icyphy/ptII/ptolemy/actor/lib/test/auto/DiscreteClock6.xml (RunModel)" time="0.011" />
  <testcase classname="ptolemy.util.test.junit.AutoTests" name="[134] /home/travis/build/icyphy/ptII/ptolemy/actor/lib/test/auto/DiscreteClock7.xml (RunModel)" time="0.009" />
  <testcase classname="ptolemy.util.test.junit.AutoTests" name="[135] /home/travis/build/icyphy/ptII/ptolemy/actor/lib/test/auto/DiscreteClock8.xml (RunModel)" time="0.025" />
  <testcase classname="ptolemy.util.test.junit.AutoTests" name="[136] /home/travis/build/icyphy/ptII/ptolemy/actor/lib/test/auto/DiscreteClock9.xml (RunModel)" time="0.011" />
  <testcase classname="ptolemy.util.test.junit.AutoTests" name="[137] /home/travis/build/icyphy/ptII/ptolemy/actor/lib/test/auto/DisplayArray.xml (RunModel)" time="0.009" />
  <testcase classname="ptolemy.util.test.junit.AutoTests" name="[138] /home/travis/build/icyphy/ptII/ptolemy/actor/lib/test/auto/Distributor.xml (RunModel)" time="0.013" />
  <testcase classname="ptolemy.util.test.junit.AutoTests" name="[139] /home/travis/build/icyphy/ptII/ptolemy/actor/lib/test/auto/Distributor2.xml (RunModel)" time="0.008" />
  <testcase classname="ptolemy.util.test.junit.AutoTests" name="[140] /home/travis/build/icyphy/ptII/ptolemy/actor/lib/test/auto/DownSample.xml (RunModel)" time="0.013" />
  <testcase classname="ptolemy.util.test.junit.AutoTests" name="[141] /home/travis/build/icyphy/ptII/ptolemy/actor/lib/test/auto/ElectronicUnitBase1.xml (RunModel)" time="0.058" />
  <testcase classname="ptolemy.util.test.junit.AutoTests" name="[142] /home/travis/build/icyphy/ptII/ptolemy/actor/lib/test/auto/ElementsToArray.xml (RunModel)" time="0.009" />
  <testcase classname="ptolemy.util.test.junit.AutoTests" name="[143] /home/travis/build/icyphy/ptII/ptolemy/actor/lib/test/auto/Equals.xml (RunModel)" time="0.058" />
  <testcase classname="ptolemy.util.test.junit.AutoTests" name="[144] /home/travis/build/icyphy/ptII/ptolemy/actor/lib/test/auto/Exec.xml (RunModel)" time="0.024" />
  <testcase classname="ptolemy.util.test.junit.AutoTests" name="[145] /home/travis/build/icyphy/ptII/ptolemy/actor/lib/test/auto/ExecEnvironment.xml (RunModel)" time="0.039" />
  <testcase classname="ptolemy.util.test.junit.AutoTests" name="[146] /home/travis/build/icyphy/ptII/ptolemy/actor/lib/test/auto/ExecNonZeroReturnOutput.xml (RunModel)" time="0.177" />
  <testcase classname="ptolemy.util.test.junit.AutoTests" name="[147] /home/travis/build/icyphy/ptII/ptolemy/actor/lib/test/auto/ExecRunDemos.xml (RunModel)" time="10.633" />
  <testcase classname="ptolemy.util.test.junit.AutoTests" name="[148] /home/travis/build/icyphy/ptII/ptolemy/actor/lib/test/auto/ExecStop.xml (RunModel)" time="5.034" />
  <testcase classname="ptolemy.util.test.junit.AutoTests" name="[149] /home/travis/build/icyphy/ptII/ptolemy/actor/lib/test/auto/ExecutionTimeSDF.xml (RunModel)" time="6.031" />
  <testcase classname="ptolemy.util.test.junit.AutoTests" name="[150] /home/travis/build/icyphy/ptII/ptolemy/actor/lib/test/auto/Expression1.xml (RunModel)" time="0.008" />
  <testcase classname="ptolemy.util.test.junit.AutoTests" name="[151] /home/travis/build/icyphy/ptII/ptolemy/actor/lib/test/auto/Expression10.xml (RunModel)" time="0.033" />
  <testcase classname="ptolemy.util.test.junit.AutoTests" name="[152] /home/travis/build/icyphy/ptII/ptolemy/actor/lib/test/auto/Expression11.xml (RunModel)" time="0.02" />
  <testcase classname="ptolemy.util.test.junit.AutoTests" name="[153] /home/travis/build/icyphy/ptII/ptolemy/actor/lib/test/auto/Expression12.xml (RunModel)" time="0.011" />
  <testcase classname="ptolemy.util.test.junit.AutoTests" name="[154] /home/travis/build/icyphy/ptII/ptolemy/actor/lib/test/auto/Expression13.xml (RunModel)" time="0.009" />
  <testcase classname="ptolemy.util.test.junit.AutoTests" name="[155] /home/travis/build/icyphy/ptII/ptolemy/actor/lib/test/auto/Expression14.xml (RunModel)" time="0.013" />
  <testcase classname="ptolemy.util.test.junit.AutoTests" name="[156] /home/travis/build/icyphy/ptII/ptolemy/actor/lib/test/auto/Expression15.xml (RunModel)" time="0.006" />
  <testcase classname="ptolemy.util.test.junit.AutoTests" name="[157] /home/travis/build/icyphy/ptII/ptolemy/actor/lib/test/auto/Expression16.xml (RunModel)" time="0.011" />
  <testcase classname="ptolemy.util.test.junit.AutoTests" name="[158] /home/travis/build/icyphy/ptII/ptolemy/actor/lib/test/auto/Expression17.xml (RunModel)" time="0.013" />
  <testcase classname="ptolemy.util.test.junit.AutoTests" name="[159] /home/travis/build/icyphy/ptII/ptolemy/actor/lib/test/auto/Expression18.xml (RunModel)" time="0.011" />
  <testcase classname="ptolemy.util.test.junit.AutoTests" name="[160] /home/travis/build/icyphy/ptII/ptolemy/actor/lib/test/auto/Expression2.xml (RunModel)" time="0.01" />
  <testcase classname="ptolemy.util.test.junit.AutoTests" name="[161] /home/travis/build/icyphy/ptII/ptolemy/actor/lib/test/auto/Expression3.xml (RunModel)" time="0.01" />
  <testcase classname="ptolemy.util.test.junit.AutoTests" name="[162] /home/travis/build/icyphy/ptII/ptolemy/actor/lib/test/auto/Expression4.xml (RunModel)" time="0.016" />
  <testcase classname="ptolemy.util.test.junit.AutoTests" name="[163] /home/travis/build/icyphy/ptII/ptolemy/actor/lib/test/auto/Expression5.xml (RunModel)" time="0.013" />
  <testcase classname="ptolemy.util.test.junit.AutoTests" name="[164] /home/travis/build/icyphy/ptII/ptolemy/actor/lib/test/auto/Expression6.xml (RunModel)" time="0.007" />
  <testcase classname="ptolemy.util.test.junit.AutoTests" name="[165] /home/travis/build/icyphy/ptII/ptolemy/actor/lib/test/auto/Expression7.xml (RunModel)" time="0.01" />
  <testcase classname="ptolemy.util.test.junit.AutoTests" name="[166] /home/travis/build/icyphy/ptII/ptolemy/actor/lib/test/auto/Expression8.xml (RunModel)" time="0.014" />
  <testcase classname="ptolemy.util.test.junit.AutoTests" name="[167] /home/travis/build/icyphy/ptII/ptolemy/actor/lib/test/auto/Expression9.xml (RunModel)" time="0.006" />
  <testcase classname="ptolemy.util.test.junit.AutoTests" name="[168] /home/travis/build/icyphy/ptII/ptolemy/actor/lib/test/auto/ExpressionConcatenateArrayType.xml (RunModel)" time="0.023" />
  <testcase classname="ptolemy.util.test.junit.AutoTests" name="[169] /home/travis/build/icyphy/ptII/ptolemy/actor/lib/test/auto/ExpressionConcatenateArrayType2.xml (RunModel)" time="0.055" />
  <testcase classname="ptolemy.util.test.junit.AutoTests" name="[170] /home/travis/build/icyphy/ptII/ptolemy/actor/lib/test/auto/ExpressionFix.xml (RunModel)" time="0.041" />
  <testcase classname="ptolemy.util.test.junit.AutoTests" name="[171] /home/travis/build/icyphy/ptII/ptolemy/actor/lib/test/auto/ExpressionFix2.xml (RunModel)" time="0.012" />
  <testcase classname="ptolemy.util.test.junit.AutoTests" name="[172] /home/travis/build/icyphy/ptII/ptolemy/actor/lib/test/auto/ExpressionFix3.xml (RunModel)" time="0.01" />
  <testcase classname="ptolemy.util.test.junit.AutoTests" name="[173] /home/travis/build/icyphy/ptII/ptolemy/actor/lib/test/auto/FileWriter1.xml (RunModel)" time="0.007" />
  <testcase classname="ptolemy.util.test.junit.AutoTests" name="[174] /home/travis/build/icyphy/ptII/ptolemy/actor/lib/test/auto/FileWriter2.xml (RunModel)" time="0.014" />
  <testcase classname="ptolemy.util.test.junit.AutoTests" name="[175] /home/travis/build/icyphy/ptII/ptolemy/actor/lib/test/auto/FileWriter3.xml (RunModel)" time="0.012" />
  <testcase classname="ptolemy.util.test.junit.AutoTests" name="[176] /home/travis/build/icyphy/ptII/ptolemy/actor/lib/test/auto/Gaussian.xml (RunModel)" time="0.009" />
  <testcase classname="ptolemy.util.test.junit.AutoTests" name="[177] /home/travis/build/icyphy/ptII/ptolemy/actor/lib/test/auto/Gaussian1.xml (RunModel)" time="0.011" />
  <testcase classname="ptolemy.util.test.junit.AutoTests" name="[178] /home/travis/build/icyphy/ptII/ptolemy/actor/lib/test/auto/Gaussian2.xml (RunModel)" time="0.024" />
  <testcase classname="ptolemy.util.test.junit.AutoTests" name="[179] /home/travis/build/icyphy/ptII/ptolemy/actor/lib/test/auto/GradientAdaptiveLattice.xml (RunModel)" time="0.015" />
  <testcase classname="ptolemy.util.test.junit.AutoTests" name="[180] /home/travis/build/icyphy/ptII/ptolemy/actor/lib/test/auto/IIR.xml (RunModel)" time="0.008" />
  <testcase classname="ptolemy.util.test.junit.AutoTests" name="[181] /home/travis/build/icyphy/ptII/ptolemy/actor/lib/test/auto/InputOutputTransparentPorts.xml (RunModel)" time="0.018" />
  <testcase classname="ptolemy.util.test.junit.AutoTests" name="[182] /home/travis/build/icyphy/ptII/ptolemy/actor/lib/test/auto/Interpolator.xml (RunModel)" time="0.011" />
  <testcase classname="ptolemy.util.test.junit.AutoTests" name="[183] /home/travis/build/icyphy/ptII/ptolemy/actor/lib/test/auto/InterpolatorFiringLimitDE.xml (RunModel)" time="0.011" />
  <testcase classname="ptolemy.util.test.junit.AutoTests" name="[184] /home/travis/build/icyphy/ptII/ptolemy/actor/lib/test/auto/Lattice.xml (RunModel)" time="0.007" />
  <testcase classname="ptolemy.util.test.junit.AutoTests" name="[185] /home/travis/build/icyphy/ptII/ptolemy/actor/lib/test/auto/LazyAOCTestLazy.xml (RunModel)" time="0.038" />
  <testcase classname="ptolemy.util.test.junit.AutoTests" name="[186] /home/travis/build/icyphy/ptII/ptolemy/actor/lib/test/auto/LazyAOCTestNonLazy.xml (RunModel)" time="0.046" />
  <testcase classname="ptolemy.util.test.junit.AutoTests" name="[187] /home/travis/build/icyphy/ptII/ptolemy/actor/lib/test/auto/LazyInnerClass.xml (RunModel)" time="0.041" />
  <testcase classname="ptolemy.util.test.junit.AutoTests" name="[188] /home/travis/build/icyphy/ptII/ptolemy/actor/lib/test/auto/LazyPubSub.xml (RunModel)" time="0.051" />
  <testcase classname="ptolemy.util.test.junit.AutoTests" name="[189] /home/travis/build/icyphy/ptII/ptolemy/actor/lib/test/auto/LazyPubSub2.xml (RunModel)" time="0.046" />
  <testcase classname="ptolemy.util.test.junit.AutoTests" name="[190] /home/travis/build/icyphy/ptII/ptolemy/actor/lib/test/auto/LazyPubSub3.xml (RunModel)" time="0.021" />
  <testcase classname="ptolemy.util.test.junit.AutoTests" name="[191] /home/travis/build/icyphy/ptII/ptolemy/actor/lib/test/auto/LazySubClassModel.xml (RunModel)" time="0.018" />
  <testcase classname="ptolemy.util.test.junit.AutoTests" name="[192] /home/travis/build/icyphy/ptII/ptolemy/actor/lib/test/auto/LevelCrossTest1.xml (RunModel)" time="0.008" />
  <testcase classname="ptolemy.util.test.junit.AutoTests" name="[193] /home/travis/build/icyphy/ptII/ptolemy/actor/lib/test/auto/LevelCrossTest10.xml (RunModel)" time="0.014" />
  <testcase classname="ptolemy.util.test.junit.AutoTests" name="[194] /home/travis/build/icyphy/ptII/ptolemy/actor/lib/test/auto/LevelCrossTest11.xml (RunModel)" time="0.014" />
  <testcase classname="ptolemy.util.test.junit.AutoTests" name="[195] /home/travis/build/icyphy/ptII/ptolemy/actor/lib/test/auto/LevelCrossTest12.xml (RunModel)" time="0.014" />
  <testcase classname="ptolemy.util.test.junit.AutoTests" name="[196] /home/travis/build/icyphy/ptII/ptolemy/actor/lib/test/auto/LevelCrossTest13.xml (RunModel)" time="0.014" />
  <testcase classname="ptolemy.util.test.junit.AutoTests" name="[197] /home/travis/build/icyphy/ptII/ptolemy/actor/lib/test/auto/LevelCrossTest2.xml (RunModel)" time="0.009" />
  <testcase classname="ptolemy.util.test.junit.AutoTests" name="[198] /home/travis/build/icyphy/ptII/ptolemy/actor/lib/test/auto/LevelCrossTest3.xml (RunModel)" time="0.011" />
  <testcase classname="ptolemy.util.test.junit.AutoTests" name="[199] /home/travis/build/icyphy/ptII/ptolemy/actor/lib/test/auto/LevelCrossTest4.xml (RunModel)" time="0.01" />
  <testcase classname="ptolemy.util.test.junit.AutoTests" name="[200] /home/travis/build/icyphy/ptII/ptolemy/actor/lib/test/auto/LevelCrossTest5.xml (RunModel)" time="0.012" />
  <testcase classname="ptolemy.util.test.junit.AutoTests" name="[201] /home/travis/build/icyphy/ptII/ptolemy/actor/lib/test/auto/LevelCrossTest6.xml (RunModel)" time="0.018" />
  <testcase classname="ptolemy.util.test.junit.AutoTests" name="[202] /home/travis/build/icyphy/ptII/ptolemy/actor/lib/test/auto/LevelCrossTest7.xml (RunModel)" time="0.014" />
  <testcase classname="ptolemy.util.test.junit.AutoTests" name="[203] /home/travis/build/icyphy/ptII/ptolemy/actor/lib/test/auto/LevelCrossTest8.xml (RunModel)" time="0.013" />
  <testcase classname="ptolemy.util.test.junit.AutoTests" name="[204] /home/travis/build/icyphy/ptII/ptolemy/actor/lib/test/auto/LevelCrossTest9.xml (RunModel)" time="0.012" />
  <testcase classname="ptolemy.util.test.junit.AutoTests" name="[205] /home/travis/build/icyphy/ptII/ptolemy/actor/lib/test/auto/LevinsonDurbin.xml (RunModel)" time="0.008" />
  <testcase classname="ptolemy.util.test.junit.AutoTests" name="[206] /home/travis/build/icyphy/ptII/ptolemy/actor/lib/test/auto/LevinsonDurbin2.xml (RunModel)" time="0.017" />
  <testcase classname="ptolemy.util.test.junit.AutoTests" name="[207] /home/travis/build/icyphy/ptII/ptolemy/actor/lib/test/auto/LevinsonDurbin3.xml (RunModel)" time="0.016" />
  <testcase classname="ptolemy.util.test.junit.AutoTests" name="[208] /home/travis/build/icyphy/ptII/ptolemy/actor/lib/test/auto/Limiter.xml (RunModel)" time="0.028" />
  <testcase classname="ptolemy.util.test.junit.AutoTests" name="[209] /home/travis/build/icyphy/ptII/ptolemy/actor/lib/test/auto/LinearDifferenceEquationSystem.xml (RunModel)" time="0.018" />
  <testcase classname="ptolemy.util.test.junit.AutoTests" name="[210] /home/travis/build/icyphy/ptII/ptolemy/actor/lib/test/auto/LookupTable.xml (RunModel)" time="0.01" />
  <testcase classname="ptolemy.util.test.junit.AutoTests" name="[211] /home/travis/build/icyphy/ptII/ptolemy/actor/lib/test/auto/MathFunction.xml (RunModel)" time="0.017" />
  <testcase classname="ptolemy.util.test.junit.AutoTests" name="[212] /home/travis/build/icyphy/ptII/ptolemy/actor/lib/test/auto/MathFunction2.xml (RunModel)" time="0.01" />
  <testcase classname="ptolemy.util.test.junit.AutoTests" name="[213] /home/travis/build/icyphy/ptII/ptolemy/actor/lib/test/auto/MathFunction3.xml (RunModel)" time="0.017" />
  <testcase classname="ptolemy.util.test.junit.AutoTests" name="[214] /home/travis/build/icyphy/ptII/ptolemy/actor/lib/test/auto/MatrixCropBoolean.xml (RunModel)" time="0.012" />
  <testcase classname="ptolemy.util.test.junit.AutoTests" name="[215] /home/travis/build/icyphy/ptII/ptolemy/actor/lib/test/auto/MatrixCropComplex.xml (RunModel)" time="0.054" />
  <testcase classname="ptolemy.util.test.junit.AutoTests" name="[216] /home/travis/build/icyphy/ptII/ptolemy/actor/lib/test/auto/MatrixCropDouble.xml (RunModel)" time="0.01" />
  <testcase classname="ptolemy.util.test.junit.AutoTests" name="[217] /home/travis/build/icyphy/ptII/ptolemy/actor/lib/test/auto/MatrixCropFix.xml (RunModel)" time="0.008" />
  <testcase classname="ptolemy.util.test.junit.AutoTests" name="[218] /home/travis/build/icyphy/ptII/ptolemy/actor/lib/test/auto/MatrixCropInt.xml (RunModel)" time="0.007" />
  <testcase classname="ptolemy.util.test.junit.AutoTests" name="[219] /home/travis/build/icyphy/ptII/ptolemy/actor/lib/test/auto/MatrixCropLong.xml (RunModel)" time="0.007" />
  <testcase classname="ptolemy.util.test.junit.AutoTests" name="[220] /home/travis/build/icyphy/ptII/ptolemy/actor/lib/test/auto/MatrixToArray.xml (RunModel)" time="0.04" />
  <testcase classname="ptolemy.util.test.junit.AutoTests" name="[221] /home/travis/build/icyphy/ptII/ptolemy/actor/lib/test/auto/MaxIndex.xml (RunModel)" time="0.015" />
  <testcase classname="ptolemy.util.test.junit.AutoTests" name="[222] /home/travis/build/icyphy/ptII/ptolemy/actor/lib/test/auto/Maximum.xml (RunModel)" time="0.01" />
  <testcase classname="ptolemy.util.test.junit.AutoTests" name="[223] /home/travis/build/icyphy/ptII/ptolemy/actor/lib/test/auto/MaximumComplex.xml (RunModel)" time="0.012" />
  <testcase classname="ptolemy.util.test.junit.AutoTests" name="[224] /home/travis/build/icyphy/ptII/ptolemy/actor/lib/test/auto/MethodCallTest.xml (RunModel)" time="0.02" />
  <testcase classname="ptolemy.util.test.junit.AutoTests" name="[225] /home/travis/build/icyphy/ptII/ptolemy/actor/lib/test/auto/Minimum.xml (RunModel)" time="0.011" />
  <testcase classname="ptolemy.util.test.junit.AutoTests" name="[226] /home/travis/build/icyphy/ptII/ptolemy/actor/lib/test/auto/MinimumComplex.xml (RunModel)" time="0.022" />
  <testcase classname="ptolemy.util.test.junit.AutoTests" name="[227] /home/travis/build/icyphy/ptII/ptolemy/actor/lib/test/auto/MinimumMultiports.xml (RunModel)" time="0.014" />
  <testcase classname="ptolemy.util.test.junit.AutoTests" name="[228] /home/travis/build/icyphy/ptII/ptolemy/actor/lib/test/auto/ModifyDate.xml (RunModel)" time="0.043" />
  <testcase classname="ptolemy.util.test.junit.AutoTests" name="[229] /home/travis/build/icyphy/ptII/ptolemy/actor/lib/test/auto/ModifyDate2.xml (RunModel)" time="0.023" />
  <testcase classname="ptolemy.util.test.junit.AutoTests" name="[230] /home/travis/build/icyphy/ptII/ptolemy/actor/lib/test/auto/MovingAverage.xml (RunModel)" time="0.009" />
  <testcase classname="ptolemy.util.test.junit.AutoTests" name="[231] /home/travis/build/icyphy/ptII/ptolemy/actor/lib/test/auto/MovingMaximum.xml (RunModel)" time="0.01" />
  <testcase classname="ptolemy.util.test.junit.AutoTests" name="[232] /home/travis/build/icyphy/ptII/ptolemy/actor/lib/test/auto/MultipleLinksToSameRelation.xml (RunModel)" time="0.009" />
  <testcase classname="ptolemy.util.test.junit.AutoTests" name="[233] /home/travis/build/icyphy/ptII/ptolemy/actor/lib/test/auto/MultipleLinksToSameRelationDE.xml (RunModel)" time="0.015" />
  <testcase classname="ptolemy.util.test.junit.AutoTests" name="[234] /home/travis/build/icyphy/ptII/ptolemy/actor/lib/test/auto/Multiplexor.xml (RunModel)" time="0.011" />
  <testcase classname="ptolemy.util.test.junit.AutoTests" name="[235] /home/travis/build/icyphy/ptII/ptolemy/actor/lib/test/auto/Multiplexor1.xml (RunModel)" time="0.012" />
  <testcase classname="ptolemy.util.test.junit.AutoTests" name="[236] /home/travis/build/icyphy/ptII/ptolemy/actor/lib/test/auto/Multiplexor2.xml (RunModel)" time="0.012" />
  <testcase classname="ptolemy.util.test.junit.AutoTests" name="[237] /home/travis/build/icyphy/ptII/ptolemy/actor/lib/test/auto/Multiplexor3.xml (RunModel)" time="0.008" />
  <testcase classname="ptolemy.util.test.junit.AutoTests" name="[238] /home/travis/build/icyphy/ptII/ptolemy/actor/lib/test/auto/MultiplexorDE.xml (RunModel)" time="0.016" />
  <testcase classname="ptolemy.util.test.junit.AutoTests" name="[239] /home/travis/build/icyphy/ptII/ptolemy/actor/lib/test/auto/MultiportBroadcastTest.xml (RunModel)" time="0.092" />
  <testcase classname="ptolemy.util.test.junit.AutoTests" name="[240] /home/travis/build/icyphy/ptII/ptolemy/actor/lib/test/auto/MultiportOutHangDuringGetWidth.xml (RunModel)" time="0.03" />
  <testcase classname="ptolemy.util.test.junit.AutoTests" name="[241] /home/travis/build/icyphy/ptII/ptolemy/actor/lib/test/auto/NilToken.xml (RunModel)" time="0.009" />
  <testcase classname="ptolemy.util.test.junit.AutoTests" name="[242] /home/travis/build/icyphy/ptII/ptolemy/actor/lib/test/auto/NilTokenNonStrictTest.xml (RunModel)" time="0.008" />
  <testcase classname="ptolemy.util.test.junit.AutoTests" name="[243] /home/travis/build/icyphy/ptII/ptolemy/actor/lib/test/auto/NilTokenRecord.xml (RunModel)" time="0.018" />
  <testcase classname="ptolemy.util.test.junit.AutoTests" name="[244] /home/travis/build/icyphy/ptII/ptolemy/actor/lib/test/auto/NilTokenTypeTest.xml (RunModel)" time="0.028" />
  <testcase classname="ptolemy.util.test.junit.AutoTests" name="[245] /home/travis/build/icyphy/ptII/ptolemy/actor/lib/test/auto/ObjectToken1.xml (RunModel)" time="0.01" />
  <testcase classname="ptolemy.util.test.junit.AutoTests" name="[246] /home/travis/build/icyphy/ptII/ptolemy/actor/lib/test/auto/OrderedMerge.xml (RunModel)" time="0.016" />
  <testcase classname="ptolemy.util.test.junit.AutoTests" name="[247] /home/travis/build/icyphy/ptII/ptolemy/actor/lib/test/auto/OrderedRecordDisassembler.xml (RunModel)" time="0.016" />
  <testcase classname="ptolemy.util.test.junit.AutoTests" name="[248] /home/travis/build/icyphy/ptII/ptolemy/actor/lib/test/auto/OrderedRecordDisassembler2.xml (RunModel)" time="0.016" />
  <testcase classname="ptolemy.util.test.junit.AutoTests" name="[249] /home/travis/build/icyphy/ptII/ptolemy/actor/lib/test/auto/OrderedRecordUpdater.xml (RunModel)" time="0.009" />
  <testcase classname="ptolemy.util.test.junit.AutoTests" name="[250] /home/travis/build/icyphy/ptII/ptolemy/actor/lib/test/auto/OrderedRecordUpdater2.xml (RunModel)" time="0.014" />
  <testcase classname="ptolemy.util.test.junit.AutoTests" name="[251] /home/travis/build/icyphy/ptII/ptolemy/actor/lib/test/auto/PhaseUnwrap.xml (RunModel)" time="0.011" />
  <testcase classname="ptolemy.util.test.junit.AutoTests" name="[252] /home/travis/build/icyphy/ptII/ptolemy/actor/lib/test/auto/PoissonClock.xml (RunModel)" time="0.009" />
  <testcase classname="ptolemy.util.test.junit.AutoTests" name="[253] /home/travis/build/icyphy/ptII/ptolemy/actor/lib/test/auto/PoissonClock2.xml (RunModel)" time="0.006" />
  <testcase classname="ptolemy.util.test.junit.AutoTests" name="[254] /home/travis/build/icyphy/ptII/ptolemy/actor/lib/test/auto/PoissonClock3.xml (RunModel)" time="0.022" />
  <testcase classname="ptolemy.util.test.junit.AutoTests" name="[255] /home/travis/build/icyphy/ptII/ptolemy/actor/lib/test/auto/PubSubWithInitialTokens.xml (RunModel)" time="0.014" />
  <testcase classname="ptolemy.util.test.junit.AutoTests" name="[256] /home/travis/build/icyphy/ptII/ptolemy/actor/lib/test/auto/PubSubWithInitialTokens2.xml (RunModel)" time="0.011" />
  <testcase classname="ptolemy.util.test.junit.AutoTests" name="[257] /home/travis/build/icyphy/ptII/ptolemy/actor/lib/test/auto/PublisherClassNoParameter.xml (RunModel)" time="0.02" />
  <testcase classname="ptolemy.util.test.junit.AutoTests" name="[258] /home/travis/build/icyphy/ptII/ptolemy/actor/lib/test/auto/PublisherClassParameter.xml (RunModel)" time="0.017" />
  <testcase classname="ptolemy.util.test.junit.AutoTests" name="[259] /home/travis/build/icyphy/ptII/ptolemy/actor/lib/test/auto/PublisherNonStrictTest.xml (RunModel)" time="0.013" />
  <testcase classname="ptolemy.util.test.junit.AutoTests" name="[260] /home/travis/build/icyphy/ptII/ptolemy/actor/lib/test/auto/PublisherPort1.xml (RunModel)" time="0.044" />
  <testcase classname="ptolemy.util.test.junit.AutoTests" name="[261] /home/travis/build/icyphy/ptII/ptolemy/actor/lib/test/auto/PublisherPort2.xml (RunModel)" time="0.017" />
  <testcase classname="ptolemy.util.test.junit.AutoTests" name="[262] /home/travis/build/icyphy/ptII/ptolemy/actor/lib/test/auto/PublisherPort3.xml (RunModel)" time="0.009" />
  <testcase classname="ptolemy.util.test.junit.AutoTests" name="[263] /home/travis/build/icyphy/ptII/ptolemy/actor/lib/test/auto/PublisherPort4.xml (RunModel)" time="0.01" />
  <testcase classname="ptolemy.util.test.junit.AutoTests" name="[264] /home/travis/build/icyphy/ptII/ptolemy/actor/lib/test/auto/PublisherPort5.xml (RunModel)" time="0.013" />
  <testcase classname="ptolemy.util.test.junit.AutoTests" name="[265] /home/travis/build/icyphy/ptII/ptolemy/actor/lib/test/auto/PublisherPort5LookAlike.xml (RunModel)" time="0.015" />
  <testcase classname="ptolemy.util.test.junit.AutoTests" name="[266] /home/travis/build/icyphy/ptII/ptolemy/actor/lib/test/auto/PublisherPort6.xml (RunModel)" time="0.01" />
  <testcase classname="ptolemy.util.test.junit.AutoTests" name="[267] /home/travis/build/icyphy/ptII/ptolemy/actor/lib/test/auto/PublisherPort7.xml (RunModel)" time="0.013" />
  <testcase classname="ptolemy.util.test.junit.AutoTests" name="[268] /home/travis/build/icyphy/ptII/ptolemy/actor/lib/test/auto/PublisherPort8.xml (RunModel)" time="0.016" />
  <testcase classname="ptolemy.util.test.junit.AutoTests" name="[269] /home/travis/build/icyphy/ptII/ptolemy/actor/lib/test/auto/PublisherPortSubscriberChannelVariablesAOC2.xml (RunModel)" time="0.033" />
  <testcase classname="ptolemy.util.test.junit.AutoTests" name="[270] /home/travis/build/icyphy/ptII/ptolemy/actor/lib/test/auto/PublisherPortSubscriberOpaqueWidthInference.xml (RunModel)" time="0.014" />
  <testcase classname="ptolemy.util.test.junit.AutoTests" name="[271] /home/travis/build/icyphy/ptII/ptolemy/actor/lib/test/auto/PublisherPortSubscriberPortAdjacent.xml (RunModel)" time="0.017" />
  <testcase classname="ptolemy.util.test.junit.AutoTests" name="[272] /home/travis/build/icyphy/ptII/ptolemy/actor/lib/test/auto/PublisherPortSubscriberPortExpression.xml (RunModel)" time="0.014" />
  <testcase classname="ptolemy.util.test.junit.AutoTests" name="[273] /home/travis/build/icyphy/ptII/ptolemy/actor/lib/test/auto/PublisherPortSubscriberPortOpaqueD3Reverse.xml (RunModel)" time="0.019" />
  <testcase classname="ptolemy.util.test.junit.AutoTests" name="[274] /home/travis/build/icyphy/ptII/ptolemy/actor/lib/test/auto/PublisherPortSubscriberPortOpaqueWidthInference.xml (RunModel)" time="0.022" />
  <testcase classname="ptolemy.util.test.junit.AutoTests" name="[275] /home/travis/build/icyphy/ptII/ptolemy/actor/lib/test/auto/PublisherPortToplevelSubscriberPortAOC.xml (RunModel)" time="0.011" />
  <testcase classname="ptolemy.util.test.junit.AutoTests" name="[276] /home/travis/build/icyphy/ptII/ptolemy/actor/lib/test/auto/PublisherSubscriber.xml (RunModel)" time="0.011" />
  <testcase classname="ptolemy.util.test.junit.AutoTests" name="[277] /home/travis/build/icyphy/ptII/ptolemy/actor/lib/test/auto/PublisherSubscriber10.xml (RunModel)" time="0.016" />
  <testcase classname="ptolemy.util.test.junit.AutoTests" name="[278] /home/travis/build/icyphy/ptII/ptolemy/actor/lib/test/auto/PublisherSubscriber10InitialOutputs.xml (RunModel)" time="0.024" />
  <testcase classname="ptolemy.util.test.junit.AutoTests" name="[279] /home/travis/build/icyphy/ptII/ptolemy/actor/lib/test/auto/PublisherSubscriber11.xml (RunModel)" time="0.017" />
  <testcase classname="ptolemy.util.test.junit.AutoTests" name="[280] /home/travis/build/icyphy/ptII/ptolemy/actor/lib/test/auto/PublisherSubscriber12.xml (RunModel)" time="0.012" />
  <testcase classname="ptolemy.util.test.junit.AutoTests" name="[281] /home/travis/build/icyphy/ptII/ptolemy/actor/lib/test/auto/PublisherSubscriber13.xml (RunModel)" time="0.009" />
  <testcase classname="ptolemy.util.test.junit.AutoTests" name="[282] /home/travis/build/icyphy/ptII/ptolemy/actor/lib/test/auto/PublisherSubscriber14.xml (RunModel)" time="0.021" />
  <testcase classname="ptolemy.util.test.junit.AutoTests" name="[283] /home/travis/build/icyphy/ptII/ptolemy/actor/lib/test/auto/PublisherSubscriber2.xml (RunModel)" time="0.01" />
  <testcase classname="ptolemy.util.test.junit.AutoTests" name="[284] /home/travis/build/icyphy/ptII/ptolemy/actor/lib/test/auto/PublisherSubscriber3.xml (RunModel)" time="0.008" />
  <testcase classname="ptolemy.util.test.junit.AutoTests" name="[285] /home/travis/build/icyphy/ptII/ptolemy/actor/lib/test/auto/PublisherSubscriber4.xml (RunModel)" time="0.008" />
  <testcase classname="ptolemy.util.test.junit.AutoTests" name="[286] /home/travis/build/icyphy/ptII/ptolemy/actor/lib/test/auto/PublisherSubscriber5.xml (RunModel)" time="0.011" />
  <testcase classname="ptolemy.util.test.junit.AutoTests" name="[287] /home/travis/build/icyphy/ptII/ptolemy/actor/lib/test/auto/PublisherSubscriber6.xml (RunModel)" time="0.013" />
  <testcase classname="ptolemy.util.test.junit.AutoTests" name="[288] /home/travis/build/icyphy/ptII/ptolemy/actor/lib/test/auto/PublisherSubscriber7.xml (RunModel)" time="0.017" />
  <testcase classname="ptolemy.util.test.junit.AutoTests" name="[289] /home/travis/build/icyphy/ptII/ptolemy/actor/lib/test/auto/PublisherSubscriber8.xml (RunModel)" time="0.028" />
  <testcase classname="ptolemy.util.test.junit.AutoTests" name="[290] /home/travis/build/icyphy/ptII/ptolemy/actor/lib/test/auto/PublisherSubscriber9.xml (RunModel)" time="0.014" />
  <testcase classname="ptolemy.util.test.junit.AutoTests" name="[291] /home/travis/build/icyphy/ptII/ptolemy/actor/lib/test/auto/PublisherSubscriberAdjacent.xml (RunModel)" time="0.013" />
  <testcase classname="ptolemy.util.test.junit.AutoTests" name="[292] /home/travis/build/icyphy/ptII/ptolemy/actor/lib/test/auto/PublisherSubscriberChannelVariablesAOC2.xml (RunModel)" time="0.022" />
  <testcase classname="ptolemy.util.test.junit.AutoTests" name="[293] /home/travis/build/icyphy/ptII/ptolemy/actor/lib/test/auto/PublisherSubscriberD3.xml (RunModel)" time="0.012" />
  <testcase classname="ptolemy.util.test.junit.AutoTests" name="[294] /home/travis/build/icyphy/ptII/ptolemy/actor/lib/test/auto/PublisherSubscriberD3Reverse.xml (RunModel)" time="0.009" />
  <testcase classname="ptolemy.util.test.junit.AutoTests" name="[295] /home/travis/build/icyphy/ptII/ptolemy/actor/lib/test/auto/PublisherSubscriberExpression.xml (RunModel)" time="0.014" />
  <testcase classname="ptolemy.util.test.junit.AutoTests" name="[296] /home/travis/build/icyphy/ptII/ptolemy/actor/lib/test/auto/PublisherSubscriberOpaque.xml (RunModel)" time="0.064" />
  <testcase classname="ptolemy.util.test.junit.AutoTests" name="[297] /home/travis/build/icyphy/ptII/ptolemy/actor/lib/test/auto/PublisherSubscriberOpaqueD3.xml (RunModel)" time="0.026" />
  <testcase classname="ptolemy.util.test.junit.AutoTests" name="[298] /home/travis/build/icyphy/ptII/ptolemy/actor/lib/test/auto/PublisherSubscriberOpaqueD3Reverse.xml (RunModel)" time="0.02" />
  <testcase classname="ptolemy.util.test.junit.AutoTests" name="[299] /home/travis/build/icyphy/ptII/ptolemy/actor/lib/test/auto/PublisherSubscriberOpaqueWidthInference.xml (RunModel)" time="0.014" />
  <testcase classname="ptolemy.util.test.junit.AutoTests" name="[300] /home/travis/build/icyphy/ptII/ptolemy/actor/lib/test/auto/PublisherTestSubscriber.xml (RunModel)" time="0.014" />
  <testcase classname="ptolemy.util.test.junit.AutoTests" name="[301] /home/travis/build/icyphy/ptII/ptolemy/actor/lib/test/auto/PublisherToplevelSubscriberPortAOC.xml (RunModel)" time="0.009" />
  <testcase classname="ptolemy.util.test.junit.AutoTests" name="[302] /home/travis/build/icyphy/ptII/ptolemy/actor/lib/test/auto/PulseFiringLimitDE.xml (RunModel)" time="0.012" />
  <testcase classname="ptolemy.util.test.junit.AutoTests" name="[303] /home/travis/build/icyphy/ptII/ptolemy/actor/lib/test/auto/Ramp1.xml (RunModel)" time="0.006" />
  <testcase classname="ptolemy.util.test.junit.AutoTests" name="[304] /home/travis/build/icyphy/ptII/ptolemy/actor/lib/test/auto/RampFiringLimitDE.xml (RunModel)" time="0.011" />
  <testcase classname="ptolemy.util.test.junit.AutoTests" name="[305] /home/travis/build/icyphy/ptII/ptolemy/actor/lib/test/auto/RampFiringLimitSDF.xml (RunModel)" time="0.008" />
  <testcase classname="ptolemy.util.test.junit.AutoTests" name="[306] /home/travis/build/icyphy/ptII/ptolemy/actor/lib/test/auto/RandomInteger.xml (RunModel)" time="0.007" />
  <testcase classname="ptolemy.util.test.junit.AutoTests" name="[307] /home/travis/build/icyphy/ptII/ptolemy/actor/lib/test/auto/ReadFile1.xml (RunModel)" time="0.007" />
  <testcase classname="ptolemy.util.test.junit.AutoTests" name="[308] /home/travis/build/icyphy/ptII/ptolemy/actor/lib/test/auto/ReadFile2.xml (RunModel)" time="0.006" />
  <testcase classname="ptolemy.util.test.junit.AutoTests" name="[309] /home/travis/build/icyphy/ptII/ptolemy/actor/lib/test/auto/Reader.xml (RunModel)" time="0.009" />
  <testcase classname="ptolemy.util.test.junit.AutoTests" name="[310] /home/travis/build/icyphy/ptII/ptolemy/actor/lib/test/auto/RecordAssemblerDisplayNameTest.xml (RunModel)" time="3.28" />
  <testcase classname="ptolemy.util.test.junit.AutoTests" name="[311] /home/travis/build/icyphy/ptII/ptolemy/actor/lib/test/auto/RecordAssemblerTypeError.xml (RunModel)" time="0.029" />
  <testcase classname="ptolemy.util.test.junit.AutoTests" name="[312] /home/travis/build/icyphy/ptII/ptolemy/actor/lib/test/auto/RecordDisassember.xml (RunModel)" time="0.009" />
  <testcase classname="ptolemy.util.test.junit.AutoTests" name="[313] /home/travis/build/icyphy/ptII/ptolemy/actor/lib/test/auto/RecordDisassemberDisplayNameTest.xml (RunModel)" time="0.016" />
  <testcase classname="ptolemy.util.test.junit.AutoTests" name="[314] /home/travis/build/icyphy/ptII/ptolemy/actor/lib/test/auto/RecordDisassembler.xml (RunModel)" time="0.008" />
  <testcase classname="ptolemy.util.test.junit.AutoTests" name="[315] /home/travis/build/icyphy/ptII/ptolemy/actor/lib/test/auto/RecordDisassembler2.xml (RunModel)" time="0.008" />
  <testcase classname="ptolemy.util.test.junit.AutoTests" name="[316] /home/travis/build/icyphy/ptII/ptolemy/actor/lib/test/auto/RecordUpdater.xml (RunModel)" time="0.008" />
  <testcase classname="ptolemy.util.test.junit.AutoTests" name="[317] /home/travis/build/icyphy/ptII/ptolemy/actor/lib/test/auto/RecordUpdater2.xml (RunModel)" time="0.007" />
  <testcase classname="ptolemy.util.test.junit.AutoTests" name="[318] /home/travis/build/icyphy/ptII/ptolemy/actor/lib/test/auto/RecursiveLattice.xml (RunModel)" time="0.007" />
  <testcase classname="ptolemy.util.test.junit.AutoTests" name="[319] /home/travis/build/icyphy/ptII/ptolemy/actor/lib/test/auto/Router.xml (RunModel)" time="3.022" />
  <testcase classname="ptolemy.util.test.junit.AutoTests" name="[320] /home/travis/build/icyphy/ptII/ptolemy/actor/lib/test/auto/Router2.xml (RunModel)" time="3.034" />
  <testcase classname="ptolemy.util.test.junit.AutoTests" name="[321] /home/travis/build/icyphy/ptII/ptolemy/actor/lib/test/auto/RunningMaximum.xml (RunModel)" time="0.02" />
  <testcase classname="ptolemy.util.test.junit.AutoTests" name="[322] /home/travis/build/icyphy/ptII/ptolemy/actor/lib/test/auto/RunningMinimum.xml (RunModel)" time="0.024" />
  <testcase classname="ptolemy.util.test.junit.AutoTests" name="[323] /home/travis/build/icyphy/ptII/ptolemy/actor/lib/test/auto/Scale.xml (RunModel)" time="0.01" />
  <testcase classname="ptolemy.util.test.junit.AutoTests" name="[324] /home/travis/build/icyphy/ptII/ptolemy/actor/lib/test/auto/Scale2.xml (RunModel)" time="0.007" />
  <testcase classname="ptolemy.util.test.junit.AutoTests" name="[325] /home/travis/build/icyphy/ptII/ptolemy/actor/lib/test/auto/Scale3.xml (RunModel)" time="0.017" />
  <testcase classname="ptolemy.util.test.junit.AutoTests" name="[326] /home/travis/build/icyphy/ptII/ptolemy/actor/lib/test/auto/ScaleArray.xml (RunModel)" time="0.006" />
  <testcase classname="ptolemy.util.test.junit.AutoTests" name="[327] /home/travis/build/icyphy/ptII/ptolemy/actor/lib/test/auto/ScaleArray2.xml (RunModel)" time="0.006" />
  <testcase classname="ptolemy.util.test.junit.AutoTests" name="[328] /home/travis/build/icyphy/ptII/ptolemy/actor/lib/test/auto/ScaleMatrix.xml (RunModel)" time="0.188" />
  <testcase classname="ptolemy.util.test.junit.AutoTests" name="[329] /home/travis/build/icyphy/ptII/ptolemy/actor/lib/test/auto/Select.xml (RunModel)" time="0.018" />
  <testcase classname="ptolemy.util.test.junit.AutoTests" name="[330] /home/travis/build/icyphy/ptII/ptolemy/actor/lib/test/auto/Select2.xml (RunModel)" time="0.006" />
  <testcase classname="ptolemy.util.test.junit.AutoTests" name="[331] /home/travis/build/icyphy/ptII/ptolemy/actor/lib/test/auto/SequenceToArray2.xml (RunModel)" time="0.111" />
  <testcase classname="ptolemy.util.test.junit.AutoTests" name="[332] /home/travis/build/icyphy/ptII/ptolemy/actor/lib/test/auto/SequentialClock.xml (RunModel)" time="0.008" />
  <testcase classname="ptolemy.util.test.junit.AutoTests" name="[333] /home/travis/build/icyphy/ptII/ptolemy/actor/lib/test/auto/SetVariable.xml (RunModel)" time="0.008" />
  <testcase classname="ptolemy.util.test.junit.AutoTests" name="[334] /home/travis/build/icyphy/ptII/ptolemy/actor/lib/test/auto/SetVariable2.xml (RunModel)" time="0.009" />
  <testcase classname="ptolemy.util.test.junit.AutoTests" name="[335] /home/travis/build/icyphy/ptII/ptolemy/actor/lib/test/auto/SetVariable3.xml (RunModel)" time="0.014" />
  <testcase classname="ptolemy.util.test.junit.AutoTests" name="[336] /home/travis/build/icyphy/ptII/ptolemy/actor/lib/test/auto/SetVariable4.xml (RunModel)" time="0.028" />
  <testcase classname="ptolemy.util.test.junit.AutoTests" name="[337] /home/travis/build/icyphy/ptII/ptolemy/actor/lib/test/auto/SetVariable5.xml (RunModel)" time="0.033" />
  <testcase classname="ptolemy.util.test.junit.AutoTests" name="[338] /home/travis/build/icyphy/ptII/ptolemy/actor/lib/test/auto/Sinewave.xml (RunModel)" time="0.023" />
  <testcase classname="ptolemy.util.test.junit.AutoTests" name="[339] /home/travis/build/icyphy/ptII/ptolemy/actor/lib/test/auto/Sinewave2.xml (RunModel)" time="0.014" />
  <testcase classname="ptolemy.util.test.junit.AutoTests" name="[340] /home/travis/build/icyphy/ptII/ptolemy/actor/lib/test/auto/Sinewave3.xml (RunModel)" time="0.019" />
  <testcase classname="ptolemy.util.test.junit.AutoTests" name="[341] /home/travis/build/icyphy/ptII/ptolemy/actor/lib/test/auto/SingleEvent.xml (RunModel)" time="0.007" />
  <testcase classname="ptolemy.util.test.junit.AutoTests" name="[342] /home/travis/build/icyphy/ptII/ptolemy/actor/lib/test/auto/Sleep.xml (RunModel)" time="6.017" />
  <testcase classname="ptolemy.util.test.junit.AutoTests" name="[343] /home/travis/build/icyphy/ptII/ptolemy/actor/lib/test/auto/SleepMultipleFire.xml (RunModel)" time="1.02" />
  <testcase classname="ptolemy.util.test.junit.AutoTests" name="[344] /home/travis/build/icyphy/ptII/ptolemy/actor/lib/test/auto/StopDE.xml (RunModel)" time="0.014" />
  <testcase classname="ptolemy.util.test.junit.AutoTests" name="[345] /home/travis/build/icyphy/ptII/ptolemy/actor/lib/test/auto/StopSDF.xml (RunModel)" time="0.014" />
  <testcase classname="ptolemy.util.test.junit.AutoTests" name="[346] /home/travis/build/icyphy/ptII/ptolemy/actor/lib/test/auto/StringConstant.xml (RunModel)" time="0.013" />
  <testcase classname="ptolemy.util.test.junit.AutoTests" name="[347] /home/travis/build/icyphy/ptII/ptolemy/actor/lib/test/auto/SubscriberPortInitialValues1.xml (RunModel)" time="0.017" />
  <testcase classname="ptolemy.util.test.junit.AutoTests" name="[348] /home/travis/build/icyphy/ptII/ptolemy/actor/lib/test/auto/SubscriberPortInitialValues13.xml (RunModel)" time="0.024" />
  <testcase classname="ptolemy.util.test.junit.AutoTests" name="[349] /home/travis/build/icyphy/ptII/ptolemy/actor/lib/test/auto/SubscriberPortInitialValues14.xml (RunModel)" time="0.013" />
  <testcase classname="ptolemy.util.test.junit.AutoTests" name="[350] /home/travis/build/icyphy/ptII/ptolemy/actor/lib/test/auto/SubscriberPortInitialValues2.xml (RunModel)" time="0.014" />
  <testcase classname="ptolemy.util.test.junit.AutoTests" name="[351] /home/travis/build/icyphy/ptII/ptolemy/actor/lib/test/auto/SubscriberPortInitialValues3.xml (RunModel)" time="0.018" />
  <testcase classname="ptolemy.util.test.junit.AutoTests" name="[352] /home/travis/build/icyphy/ptII/ptolemy/actor/lib/test/auto/SubscriptionAggregator.xml (RunModel)" time="0.009" />
  <testcase classname="ptolemy.util.test.junit.AutoTests" name="[353] /home/travis/build/icyphy/ptII/ptolemy/actor/lib/test/auto/SubscriptionAggregator2.xml (RunModel)" time="0.009" />
  <testcase classname="ptolemy.util.test.junit.AutoTests" name="[354] /home/travis/build/icyphy/ptII/ptolemy/actor/lib/test/auto/SubscriptionAggregator3.xml (RunModel)" time="0.013" />
  <testcase classname="ptolemy.util.test.junit.AutoTests" name="[355] /home/travis/build/icyphy/ptII/ptolemy/actor/lib/test/auto/SubscriptionAggregatorMultiply.xml (RunModel)" time="0.022" />
  <testcase classname="ptolemy.util.test.junit.AutoTests" name="[356] /home/travis/build/icyphy/ptII/ptolemy/actor/lib/test/auto/SubscriptionAggregatorPortMultiply1.xml (RunModel)" time="0.01" />
  <testcase classname="ptolemy.util.test.junit.AutoTests" name="[357] /home/travis/build/icyphy/ptII/ptolemy/actor/lib/test/auto/Switch.xml (RunModel)" time="0.015" />
  <testcase classname="ptolemy.util.test.junit.AutoTests" name="[358] /home/travis/build/icyphy/ptII/ptolemy/actor/lib/test/auto/Switch2.xml (RunModel)" time="0.008" />
  <testcase classname="ptolemy.util.test.junit.AutoTests" name="[359] /home/travis/build/icyphy/ptII/ptolemy/actor/lib/test/auto/SwitchDE.xml (RunModel)" time="0.011" />
  <testcase classname="ptolemy.util.test.junit.AutoTests" name="[360] /home/travis/build/icyphy/ptII/ptolemy/actor/lib/test/auto/SynchronizerDE.xml (RunModel)" time="0.02" />
  <testcase classname="ptolemy.util.test.junit.AutoTests" name="[361] /home/travis/build/icyphy/ptII/ptolemy/actor/lib/test/auto/Test.xml (RunModel)" time="0.007" />
  <testcase classname="ptolemy.util.test.junit.AutoTests" name="[362] /home/travis/build/icyphy/ptII/ptolemy/actor/lib/test/auto/TestExceptionAttribute1.xml (RunModel)" time="0.006" />
  <testcase classname="ptolemy.util.test.junit.AutoTests" name="[363] /home/travis/build/icyphy/ptII/ptolemy/actor/lib/test/auto/TestExceptionAttribute2.xml (RunModel)" time="0.006" />
  <testcase classname="ptolemy.util.test.junit.AutoTests" name="[364] /home/travis/build/icyphy/ptII/ptolemy/actor/lib/test/auto/TestExceptionAttribute3.xml (RunModel)" time="0.009" />
  <testcase classname="ptolemy.util.test.junit.AutoTests" name="[365] /home/travis/build/icyphy/ptII/ptolemy/actor/lib/test/auto/TestExceptionAttribute4.xml (RunModel)" time="0.005" />
  <testcase classname="ptolemy.util.test.junit.AutoTests" name="[366] /home/travis/build/icyphy/ptII/ptolemy/actor/lib/test/auto/TestExceptionHandler1.xml (RunModel)" time="0.005" />
  <testcase classname="ptolemy.util.test.junit.AutoTests" name="[367] /home/travis/build/icyphy/ptII/ptolemy/actor/lib/test/auto/TestExceptionHandler2.xml (RunModel)" time="0.006" />
  <testcase classname="ptolemy.util.test.junit.AutoTests" name="[368] /home/travis/build/icyphy/ptII/ptolemy/actor/lib/test/auto/TestExceptionHandler3.xml (RunModel)" time="0.004" />
  <testcase classname="ptolemy.util.test.junit.AutoTests" name="[369] /home/travis/build/icyphy/ptII/ptolemy/actor/lib/test/auto/TestExceptionHandler4.xml (RunModel)" time="0.005" />
  <testcase classname="ptolemy.util.test.junit.AutoTests" name="[370] /home/travis/build/icyphy/ptII/ptolemy/actor/lib/test/auto/TestRequireCorrectOrder.xml (RunModel)" time="0.014" />
  <testcase classname="ptolemy.util.test.junit.AutoTests" name="[371] /home/travis/build/icyphy/ptII/ptolemy/actor/lib/test/auto/TestSimple.xml (RunModel)" time="0.007" />
  <testcase classname="ptolemy.util.test.junit.AutoTests" name="[372] /home/travis/build/icyphy/ptII/ptolemy/actor/lib/test/auto/ThrowModelError.xml (RunModel)" time="0.008" />
  <testcase classname="ptolemy.util.test.junit.AutoTests" name="[373] /home/travis/build/icyphy/ptII/ptolemy/actor/lib/test/auto/TimeDelayMicrosteps.xml (RunModel)" time="0.012" />
  <testcase classname="ptolemy.util.test.junit.AutoTests" name="[374] /home/travis/build/icyphy/ptII/ptolemy/actor/lib/test/auto/TimeDelayMicrosteps2.xml (RunModel)" time="0.013" />
  <testcase classname="ptolemy.util.test.junit.AutoTests" name="[375] /home/travis/build/icyphy/ptII/ptolemy/actor/lib/test/auto/TimeDelayMicrosteps3.xml (RunModel)" time="0.01" />
  <testcase classname="ptolemy.util.test.junit.AutoTests" name="[376] /home/travis/build/icyphy/ptII/ptolemy/actor/lib/test/auto/TimeDelayVariableMicrosteps.xml (RunModel)" time="0.011" />
  <testcase classname="ptolemy.util.test.junit.AutoTests" name="[377] /home/travis/build/icyphy/ptII/ptolemy/actor/lib/test/auto/TimeGap.xml (RunModel)" time="0.013" />
  <testcase classname="ptolemy.util.test.junit.AutoTests" name="[378] /home/travis/build/icyphy/ptII/ptolemy/actor/lib/test/auto/TimeGap2.xml (RunModel)" time="0.007" />
  <testcase classname="ptolemy.util.test.junit.AutoTests" name="[379] /home/travis/build/icyphy/ptII/ptolemy/actor/lib/test/auto/TimedSinewave.xml (RunModel)" time="0.038" />
  <testcase classname="ptolemy.util.test.junit.AutoTests" name="[380] /home/travis/build/icyphy/ptII/ptolemy/actor/lib/test/auto/TimedSinewavePhase.xml (RunModel)" time="0.034" />
  <testcase classname="ptolemy.util.test.junit.AutoTests" name="[381] /home/travis/build/icyphy/ptII/ptolemy/actor/lib/test/auto/Timer.xml (RunModel)" time="0.014" />
  <testcase classname="ptolemy.util.test.junit.AutoTests" name="[382] /home/travis/build/icyphy/ptII/ptolemy/actor/lib/test/auto/TriangularDistTestModel.xml (RunModel)" time="0.014" />
  <testcase classname="ptolemy.util.test.junit.AutoTests" name="[383] /home/travis/build/icyphy/ptII/ptolemy/actor/lib/test/auto/TrigFunction.xml (RunModel)" time="0.006" />
  <testcase classname="ptolemy.util.test.junit.AutoTests" name="[384] /home/travis/build/icyphy/ptII/ptolemy/actor/lib/test/auto/TrigFunctionDE.xml (RunModel)" time="0.008" />
  <testcase classname="ptolemy.util.test.junit.AutoTests" name="[385] /home/travis/build/icyphy/ptII/ptolemy/actor/lib/test/auto/TrigFunctionInverse.xml (RunModel)" time="0.007" />
  <testcase classname="ptolemy.util.test.junit.AutoTests" name="[386] /home/travis/build/icyphy/ptII/ptolemy/actor/lib/test/auto/TrigFunctionTan.xml (RunModel)" time="0.008" />
  <testcase classname="ptolemy.util.test.junit.AutoTests" name="[387] /home/travis/build/icyphy/ptII/ptolemy/actor/lib/test/auto/TriggeredClock.xml (RunModel)" time="0.006" />
  <testcase classname="ptolemy.util.test.junit.AutoTests" name="[388] /home/travis/build/icyphy/ptII/ptolemy/actor/lib/test/auto/URLDirectoryReader.xml (RunModel)" time="0.091" />
  <testcase classname="ptolemy.util.test.junit.AutoTests" name="[389] /home/travis/build/icyphy/ptII/ptolemy/actor/lib/test/auto/URLDirectoryReader3.xml (RunModel)" time="1.659" />
  <testcase classname="ptolemy.util.test.junit.AutoTests" name="[390] /home/travis/build/icyphy/ptII/ptolemy/actor/lib/test/auto/UnaryMathFunction.xml (RunModel)" time="0.029" />
  <testcase classname="ptolemy.util.test.junit.AutoTests" name="[391] /home/travis/build/icyphy/ptII/ptolemy/actor/lib/test/auto/Uniform.xml (RunModel)" time="0.014" />
  <testcase classname="ptolemy.util.test.junit.AutoTests" name="[392] /home/travis/build/icyphy/ptII/ptolemy/actor/lib/test/auto/UnionDisassemblerTest.xml (RunModel)" time="0.015" />
  <testcase classname="ptolemy.util.test.junit.AutoTests" name="[393] /home/travis/build/icyphy/ptII/ptolemy/actor/lib/test/auto/UtilityFunctions.xml (RunModel)" time="0.007" />
  <testcase classname="ptolemy.util.test.junit.AutoTests" name="[394] /home/travis/build/icyphy/ptII/ptolemy/actor/lib/test/auto/VariableSleep.xml (RunModel)" time="0.51" />
  <testcase classname="ptolemy.util.test.junit.AutoTests" name="[395] /home/travis/build/icyphy/ptII/ptolemy/actor/lib/test/auto/VectorAssemblerDisassemblerCT.xml (RunModel)" time="0.101" />
  <testcase classname="ptolemy.util.test.junit.AutoTests" name="[396] /home/travis/build/icyphy/ptII/ptolemy/actor/lib/test/auto/VectorAssemblerDisassemblerDE.xml (RunModel)" time="0.018" />
  <testcase classname="ptolemy.util.test.junit.AutoTests" name="[397] /home/travis/build/icyphy/ptII/ptolemy/actor/lib/test/auto/VectorAssemblerDisassemblerSDF.xml (RunModel)" time="0.019" />
  <testcase classname="ptolemy.util.test.junit.AutoTests" name="[398] /home/travis/build/icyphy/ptII/ptolemy/actor/lib/test/auto/WallClockTime.xml (RunModel)" time="1.011" />
  <testcase classname="ptolemy.util.test.junit.AutoTests" name="[399] /home/travis/build/icyphy/ptII/ptolemy/actor/lib/test/auto/WidthTestWithSubscriberPublisher.xml (RunModel)" time="0.036" />
  <testcase classname="ptolemy.util.test.junit.AutoTests" name="[400] /home/travis/build/icyphy/ptII/ptolemy/actor/lib/test/auto/WidthTestWithSubscriberPublisher2.xml (RunModel)" time="0.021" />
  <testcase classname="ptolemy.util.test.junit.AutoTests" name="[401] /home/travis/build/icyphy/ptII/ptolemy/actor/lib/test/auto/WidthTestWithSubscriberPublisher3.xml (RunModel)" time="0.01" />
  <testcase classname="ptolemy.util.test.junit.AutoTests" name="[402] /home/travis/build/icyphy/ptII/ptolemy/actor/lib/test/auto/Writer.xml (RunModel)" time="0.006" />
  <testcase classname="ptolemy.util.test.junit.AutoTests" name="[403] /home/travis/build/icyphy/ptII/ptolemy/actor/lib/test/auto/array.xml (RunModel)" time="0.007" />
  <testcase classname="ptolemy.util.test.junit.AutoTests" name="[404] /home/travis/build/icyphy/ptII/ptolemy/actor/lib/test/auto/array2.xml (RunModel)" time="0.011" />
  <testcase classname="ptolemy.util.test.junit.AutoTests" name="[405] /home/travis/build/icyphy/ptII/ptolemy/actor/lib/test/auto/arrayType.xml (RunModel)" time="0.007" />
  <testcase classname="ptolemy.util.test.junit.AutoTests" name="[406] /home/travis/build/icyphy/ptII/ptolemy/actor/lib/test/auto/arrayType10.xml (RunModel)" time="0.006" />
  <testcase classname="ptolemy.util.test.junit.AutoTests" name="[407] /home/travis/build/icyphy/ptII/ptolemy/actor/lib/test/auto/arrayType11.xml (RunModel)" time="0.007" />
  <testcase classname="ptolemy.util.test.junit.AutoTests" name="[408] /home/travis/build/icyphy/ptII/ptolemy/actor/lib/test/auto/arrayType12.xml (RunModel)" time="0.007" />
  <testcase classname="ptolemy.util.test.junit.AutoTests" name="[409] /home/travis/build/icyphy/ptII/ptolemy/actor/lib/test/auto/arrayType13.xml (RunModel)" time="0.007" />
  <testcase classname="ptolemy.util.test.junit.AutoTests" name="[410] /home/travis/build/icyphy/ptII/ptolemy/actor/lib/test/auto/arrayType14.xml (RunModel)" time="0.007" />
  <testcase classname="ptolemy.util.test.junit.AutoTests" name="[411] /home/travis/build/icyphy/ptII/ptolemy/actor/lib/test/auto/arrayType15.xml (RunModel)" time="0.008" />
  <testcase classname="ptolemy.util.test.junit.AutoTests" name="[412] /home/travis/build/icyphy/ptII/ptolemy/actor/lib/test/auto/arrayType16.xml (RunModel)" time="0.007" />
  <testcase classname="ptolemy.util.test.junit.AutoTests" name="[413] /home/travis/build/icyphy/ptII/ptolemy/actor/lib/test/auto/arrayType17.xml (RunModel)" time="0.006" />
  <testcase classname="ptolemy.util.test.junit.AutoTests" name="[414] /home/travis/build/icyphy/ptII/ptolemy/actor/lib/test/auto/arrayType18.xml (RunModel)" time="0.006" />
  <testcase classname="ptolemy.util.test.junit.AutoTests" name="[415] /home/travis/build/icyphy/ptII/ptolemy/actor/lib/test/auto/arrayType19.xml (RunModel)" time="0.006" />
  <testcase classname="ptolemy.util.test.junit.AutoTests" name="[416] /home/travis/build/icyphy/ptII/ptolemy/actor/lib/test/auto/arrayType2.xml (RunModel)" time="0.007" />
  <testcase classname="ptolemy.util.test.junit.AutoTests" name="[417] /home/travis/build/icyphy/ptII/ptolemy/actor/lib/test/auto/arrayType20.xml (RunModel)" time="0.007" />
  <testcase classname="ptolemy.util.test.junit.AutoTests" name="[418] /home/travis/build/icyphy/ptII/ptolemy/actor/lib/test/auto/arrayType21.xml (RunModel)" time="0.005" />
  <testcase classname="ptolemy.util.test.junit.AutoTests" name="[419] /home/travis/build/icyphy/ptII/ptolemy/actor/lib/test/auto/arrayType22.xml (RunModel)" time="0.006" />
  <testcase classname="ptolemy.util.test.junit.AutoTests" name="[420] /home/travis/build/icyphy/ptII/ptolemy/actor/lib/test/auto/arrayType23.xml (RunModel)" time="0.006" />
  <testcase classname="ptolemy.util.test.junit.AutoTests" name="[421] /home/travis/build/icyphy/ptII/ptolemy/actor/lib/test/auto/arrayType24.xml (RunModel)" time="0.007" />
  <testcase classname="ptolemy.util.test.junit.AutoTests" name="[422] /home/travis/build/icyphy/ptII/ptolemy/actor/lib/test/auto/arrayType25.xml (RunModel)" time="0.006" />
  <testcase classname="ptolemy.util.test.junit.AutoTests" name="[423] /home/travis/build/icyphy/ptII/ptolemy/actor/lib/test/auto/arrayType26.xml (RunModel)" time="0.007" />
  <testcase classname="ptolemy.util.test.junit.AutoTests" name="[424] /home/travis/build/icyphy/ptII/ptolemy/actor/lib/test/auto/arrayType27.xml (RunModel)" time="0.007" />
  <testcase classname="ptolemy.util.test.junit.AutoTests" name="[425] /home/travis/build/icyphy/ptII/ptolemy/actor/lib/test/auto/arrayType28.xml (RunModel)" time="0.007" />
  <testcase classname="ptolemy.util.test.junit.AutoTests" name="[426] /home/travis/build/icyphy/ptII/ptolemy/actor/lib/test/auto/arrayType3.xml (RunModel)" time="0.007" />
  <testcase classname="ptolemy.util.test.junit.AutoTests" name="[427] /home/travis/build/icyphy/ptII/ptolemy/actor/lib/test/auto/arrayType4.xml (RunModel)" time="0.007" />
  <testcase classname="ptolemy.util.test.junit.AutoTests" name="[428] /home/travis/build/icyphy/ptII/ptolemy/actor/lib/test/auto/arrayType5.xml (RunModel)" time="0.013" />
  <testcase classname="ptolemy.util.test.junit.AutoTests" name="[429] /home/travis/build/icyphy/ptII/ptolemy/actor/lib/test/auto/arrayType6.xml (RunModel)" time="0.006" />
  <testcase classname="ptolemy.util.test.junit.AutoTests" name="[430] /home/travis/build/icyphy/ptII/ptolemy/actor/lib/test/auto/arrayType7.xml (RunModel)" time="0.017" />
  <testcase classname="ptolemy.util.test.junit.AutoTests" name="[431] /home/travis/build/icyphy/ptII/ptolemy/actor/lib/test/auto/arrayType8.xml (RunModel)" time="0.008" />
  <testcase classname="ptolemy.util.test.junit.AutoTests" name="[432] /home/travis/build/icyphy/ptII/ptolemy/actor/lib/test/auto/arrayType9.xml (RunModel)" time="0.007" />
  <testcase classname="ptolemy.util.test.junit.AutoTests" name="[433] /home/travis/build/icyphy/ptII/ptolemy/actor/lib/test/auto/cast.xml (RunModel)" time="0.007" />
  <testcase classname="ptolemy.util.test.junit.AutoTests" name="[434] /home/travis/build/icyphy/ptII/ptolemy/actor/lib/test/auto/compositeMultiPort.xml (RunModel)" time="0.018" />
  <testcase classname="ptolemy.util.test.junit.AutoTests" name="[435] /home/travis/build/icyphy/ptII/ptolemy/actor/lib/test/auto/expressionCastInference.xml (RunModel)" time="0.007" />
  <testcase classname="ptolemy.util.test.junit.AutoTests" name="[436] /home/travis/build/icyphy/ptII/ptolemy/actor/lib/test/auto/expressionCastInference2.xml (RunModel)" time="0.006" />
  <testcase classname="ptolemy.util.test.junit.AutoTests" name="[437] /home/travis/build/icyphy/ptII/ptolemy/actor/lib/test/auto/expressionInference.xml (RunModel)" time="0.005" />
  <testcase classname="ptolemy.util.test.junit.AutoTests" name="[438] /home/travis/build/icyphy/ptII/ptolemy/actor/lib/test/auto/expression_bug.xml (RunModel)" time="0.005" />
  <testcase classname="ptolemy.util.test.junit.AutoTests" name="[439] /home/travis/build/icyphy/ptII/ptolemy/actor/lib/test/auto/factorial.xml (RunModel)" time="0.076" />
  <testcase classname="ptolemy.util.test.junit.AutoTests" name="[440] /home/travis/build/icyphy/ptII/ptolemy/actor/lib/test/auto/filterTest1.xml (RunModel)" time="0.029" />
  <testcase classname="ptolemy.util.test.junit.AutoTests" name="[441] /home/travis/build/icyphy/ptII/ptolemy/actor/lib/test/auto/funcApplyInConst.xml (RunModel)" time="0.04" />
  <testcase classname="ptolemy.util.test.junit.AutoTests" name="[442] /home/travis/build/icyphy/ptII/ptolemy/actor/lib/test/auto/funcApplyInExpr.xml (RunModel)" time="0.033" />
  <testcase classname="ptolemy.util.test.junit.AutoTests" name="[443] /home/travis/build/icyphy/ptII/ptolemy/actor/lib/test/auto/function.xml (RunModel)" time="0.032" />
  <testcase classname="ptolemy.util.test.junit.AutoTests" name="[444] /home/travis/build/icyphy/ptII/ptolemy/actor/lib/test/auto/function2.xml (RunModel)" time="0.021" />
  <testcase classname="ptolemy.util.test.junit.AutoTests" name="[445] /home/travis/build/icyphy/ptII/ptolemy/actor/lib/test/auto/function3.xml (RunModel)" time="0.005" />
  <testcase classname="ptolemy.util.test.junit.AutoTests" name="[446] /home/travis/build/icyphy/ptII/ptolemy/actor/lib/test/auto/functionClosureTest1.xml (RunModel)" time="0.008" />
  <testcase classname="ptolemy.util.test.junit.AutoTests" name="[447] /home/travis/build/icyphy/ptII/ptolemy/actor/lib/test/auto/functionClosureTest2.xml (RunModel)" time="0.01" />
  <testcase classname="ptolemy.util.test.junit.AutoTests" name="[448] /home/travis/build/icyphy/ptII/ptolemy/actor/lib/test/auto/functionClosureTest3.xml (RunModel)" time="0.006" />
  <testcase classname="ptolemy.util.test.junit.AutoTests" name="[449] /home/travis/build/icyphy/ptII/ptolemy/actor/lib/test/auto/functionClosureTest4.xml (RunModel)" time="0.009" />
  <testcase classname="ptolemy.util.test.junit.AutoTests" name="[450] /home/travis/build/icyphy/ptII/ptolemy/actor/lib/test/auto/functionClosureTest5.xml (RunModel)" time="0.01" />
  <testcase classname="ptolemy.util.test.junit.AutoTests" name="[451] /home/travis/build/icyphy/ptII/ptolemy/actor/lib/test/auto/functionClosureTest6.xml (RunModel)" time="0.005" />
  <testcase classname="ptolemy.util.test.junit.AutoTests" name="[452] /home/travis/build/icyphy/ptII/ptolemy/actor/lib/test/auto/functionsOnArcs.xml (RunModel)" time="0.007" />
  <testcase classname="ptolemy.util.test.junit.AutoTests" name="[453] /home/travis/build/icyphy/ptII/ptolemy/actor/lib/test/auto/functionsOnArcsHOF.xml (RunModel)" time="0.011" />
  <testcase classname="ptolemy.util.test.junit.AutoTests" name="[454] /home/travis/build/icyphy/ptII/ptolemy/actor/lib/test/auto/logic.xml (RunModel)" time="0.015" />
  <testcase classname="ptolemy.util.test.junit.AutoTests" name="[455] /home/travis/build/icyphy/ptII/ptolemy/actor/lib/test/auto/matrixType.xml (RunModel)" time="0.007" />
  <testcase classname="ptolemy.util.test.junit.AutoTests" name="[456] /home/travis/build/icyphy/ptII/ptolemy/actor/lib/test/auto/matrixType10.xml (RunModel)" time="0.006" />
  <testcase classname="ptolemy.util.test.junit.AutoTests" name="[457] /home/travis/build/icyphy/ptII/ptolemy/actor/lib/test/auto/matrixType11.xml (RunModel)" time="0.005" />
  <testcase classname="ptolemy.util.test.junit.AutoTests" name="[458] /home/travis/build/icyphy/ptII/ptolemy/actor/lib/test/auto/matrixType12.xml (RunModel)" time="0.008" />
  <testcase classname="ptolemy.util.test.junit.AutoTests" name="[459] /home/travis/build/icyphy/ptII/ptolemy/actor/lib/test/auto/matrixType13.xml (RunModel)" time="0.006" />
  <testcase classname="ptolemy.util.test.junit.AutoTests" name="[460] /home/travis/build/icyphy/ptII/ptolemy/actor/lib/test/auto/matrixType14.xml (RunModel)" time="0.007" />
  <testcase classname="ptolemy.util.test.junit.AutoTests" name="[461] /home/travis/build/icyphy/ptII/ptolemy/actor/lib/test/auto/matrixType2.xml (RunModel)" time="0.006" />
  <testcase classname="ptolemy.util.test.junit.AutoTests" name="[462] /home/travis/build/icyphy/ptII/ptolemy/actor/lib/test/auto/matrixType3.xml (RunModel)" time="0.007" />
  <testcase classname="ptolemy.util.test.junit.AutoTests" name="[463] /home/travis/build/icyphy/ptII/ptolemy/actor/lib/test/auto/matrixType4.xml (RunModel)" time="0.006" />
  <testcase classname="ptolemy.util.test.junit.AutoTests" name="[464] /home/travis/build/icyphy/ptII/ptolemy/actor/lib/test/auto/matrixType5.xml (RunModel)" time="0.005" />
  <testcase classname="ptolemy.util.test.junit.AutoTests" name="[465] /home/travis/build/icyphy/ptII/ptolemy/actor/lib/test/auto/matrixType6.xml (RunModel)" time="0.006" />
  <testcase classname="ptolemy.util.test.junit.AutoTests" name="[466] /home/travis/build/icyphy/ptII/ptolemy/actor/lib/test/auto/matrixType7.xml (RunModel)" time="0.006" />
  <testcase classname="ptolemy.util.test.junit.AutoTests" name="[467] /home/travis/build/icyphy/ptII/ptolemy/actor/lib/test/auto/matrixType8.xml (RunModel)" time="0.006" />
  <testcase classname="ptolemy.util.test.junit.AutoTests" name="[468] /home/travis/build/icyphy/ptII/ptolemy/actor/lib/test/auto/matrixType9.xml (RunModel)" time="0.005" />
  <testcase classname="ptolemy.util.test.junit.AutoTests" name="[469] /home/travis/build/icyphy/ptII/ptolemy/actor/lib/test/auto/paraFunctest.xml (RunModel)" time="0.007" />
  <testcase classname="ptolemy.util.test.junit.AutoTests" name="[470] /home/travis/build/icyphy/ptII/ptolemy/actor/lib/test/auto/paraFunctest2.xml (RunModel)" time="0.006" />
  <testcase classname="ptolemy.util.test.junit.AutoTests" name="[471] /home/travis/build/icyphy/ptII/ptolemy/actor/lib/test/auto/parameterPassing.xml (RunModel)" time="0.009" />
  <testcase classname="ptolemy.util.test.junit.AutoTests" name="[472] /home/travis/build/icyphy/ptII/ptolemy/actor/lib/test/auto/record.xml (RunModel)" time="0.009" />
  <testcase classname="ptolemy.util.test.junit.AutoTests" name="[473] /home/travis/build/icyphy/ptII/ptolemy/actor/lib/test/auto/sizedarray1.xml (RunModel)" time="0.007" />
  <testcase classname="ptolemy.util.test.junit.AutoTests" name="[474] /home/travis/build/icyphy/ptII/ptolemy/actor/lib/test/auto/sizedarray2.xml (RunModel)" time="0.007" />
  <testcase classname="ptolemy.util.test.junit.AutoTests" name="[475] /home/travis/build/icyphy/ptII/ptolemy/actor/lib/test/auto/twoPublishers.xml (RunModel)" time="0.02" />
  <system-out><![CDATA[/home/travis/build/icyphy/ptII/ptolemy/actor/lib/test/AbsoluteValue.tcl
testDefs.tcl: setting time out to 9000 seconds at Mon Feb 17 21:56:15 UTC 2020
90 ms. Memory: 129024K Free: 93124K (72%)
4 ms. Memory: 129024K Free: 91076K (71%)
4 ms. Memory: 129024K Free: 90555K (70%)
8 ms. Memory: 129024K Free: 89523K (69%)
/home/travis/build/icyphy/ptII/ptolemy/actor/lib/test/AddSubtract.tcl
14 ms. Memory: 129024K Free: 87483K (68%)
14 ms. Memory: 129024K Free: 86980K (67%)
4 ms. Memory: 129024K Free: 85956K (67%)
13 ms. Memory: 129024K Free: 85442K (66%)
65 ms. Memory: 129024K Free: 82370K (64%)
5 ms. Memory: 129024K Free: 81346K (63%)
/home/travis/build/icyphy/ptII/ptolemy/actor/lib/test/Average.tcl
7 ms. Memory: 129024K Free: 79812K (62%)
7 ms. Memory: 129024K Free: 78788K (61%)
/home/travis/build/icyphy/ptII/ptolemy/actor/lib/test/Bernoulli.tcl
4 ms. Memory: 129024K Free: 77235K (60%)
2 ms. Memory: 129024K Free: 76740K (59%)
/home/travis/build/icyphy/ptII/ptolemy/actor/lib/test/Clock.tcl
preinitializing
resolving types
initializing
executing number 1
wrapping up
idle
33 ms. Memory: 129024K Free: 74178K (57%)
Completed execution with 5 iterations
preinitializing
resolving types
initializing
executing number 1
wrapping up
idle
4 ms. Memory: 129024K Free: 73123K (57%)
Completed execution with 5 iterations
preinitializing
resolving types
initializing
executing number 1
wrapping up
idle
4 ms. Memory: 129024K Free: 72644K (56%)
Completed execution with 5 iterations
/home/travis/build/icyphy/ptII/ptolemy/actor/lib/test/Commutator.tcl
8 ms. Memory: 129024K Free: 70596K (55%)
12 ms. Memory: 129024K Free: 69572K (54%)
9 ms. Memory: 129024K Free: 63907K (50%)
/home/travis/build/icyphy/ptII/ptolemy/actor/lib/test/Const.tcl
9 ms. Memory: 129024K Free: 62404K (48%)
2 ms. Memory: 129024K Free: 61875K (48%)
3 ms. Memory: 129024K Free: 61380K (48%)
11 ms. Memory: 129024K Free: 60859K (47%)
3 ms. Memory: 129024K Free: 60356K (47%)
24 ms. Memory: 129024K Free: 58818K (46%)
9 ms. Memory: 129024K Free: 57284K (44%)
5 ms. Memory: 129024K Free: 56763K (44%)
/home/travis/build/icyphy/ptII/ptolemy/actor/lib/test/CurrentTime.tcl
preinitializing
resolving types
initializing
executing number 1
wrapping up
idle
18 ms. Memory: 129024K Free: 54707K (42%)
Completed execution with 11 iterations
/home/travis/build/icyphy/ptII/ptolemy/actor/lib/test/DB.tcl
4 ms. Memory: 129024K Free: 52674K (41%)
4 ms. Memory: 129024K Free: 52164K (40%)
3 ms. Memory: 129024K Free: 51650K (40%)
/home/travis/build/icyphy/ptII/ptolemy/actor/lib/test/DiscreteRandomSource.tcl
preinitializing
resolving types
initializing
executing number 1
wrapping up
idle
7 ms. Memory: 129024K Free: 50116K (39%)
Completed execution with 4 iterations
preinitializing
resolving types
initializing
executing number 1
wrapping up
idle
5 ms. Memory: 129024K Free: 49571K (38%)
Completed execution with 4 iterations
preinitializing
resolving types
initializing
executing number 1
wrapping up
idle
5 ms. Memory: 129024K Free: 49092K (38%)
Completed execution with 4 iterations
preinitializing
resolving types
initializing
executing number 1
wrapping up
idle
8 ms. Memory: 129024K Free: 48571K (38%)
Completed execution with 4 iterations
preinitializing
resolving types
initializing
executing number 1
wrapping up
idle
7 ms. Memory: 129024K Free: 48068K (37%)
Completed execution with 4 iterations
/home/travis/build/icyphy/ptII/ptolemy/actor/lib/test/Distributor.tcl
15 ms. Memory: 129024K Free: 112981K (88%)
5 ms. Memory: 129024K Free: 112387K (87%)
StreamChangeRequest.changeExecuted(): <deleteEntity name="rec2"/> succeeded
StreamChangeRequest.changeExecuted(): <deleteRelation name="r2"/> succeeded
StreamChangeRequest.changeExecuted(): Record firings per iteration succeeded
7 ms. Memory: 129024K Free: 109910K (85%)
/home/travis/build/icyphy/ptII/ptolemy/actor/lib/test/Exit.tcl
Exit.tcl: this will print a message about Manager.exitAfterWrapup, which can be ignored.
14 ms. Memory: 129024K Free: 106935K (83%)
/home/travis/build/icyphy/ptII/ptolemy/actor/lib/test/Expression.tcl
12 ms. Memory: 129024K Free: 103321K (80%)
3 ms. Memory: 129024K Free: 102742K (80%)
1 ms. Memory: 129024K Free: 102282K (79%)
preinitializing
resolving types
initializing
executing number 1
wrapping up
idle
4 ms. Memory: 129024K Free: 100656K (78%)
Completed execution with 6 iterations
2 ms. Memory: 129024K Free: 99670K (77%)
3 ms. Memory: 129024K Free: 99210K (77%)
8 ms. Memory: 129024K Free: 97608K (76%)
7 ms. Memory: 129024K Free: 96597K (75%)
7 ms. Memory: 129024K Free: 95573K (74%)
/home/travis/build/icyphy/ptII/ptolemy/actor/lib/test/Gaussian.tcl
5 ms. Memory: 129024K Free: 93526K (72%)
sleeping 1 seconds: ............................................................................................................................................................................................................................................................................................................................................................................................................................................................................................................................................................................................................................................................................................................................................................................................................................................................................................................................................................................................................................................................................................................................................................................................................................................................................................................................................................................................................................................................................................................................................................................................................................................................................................................................................................................................................................................................................................................................................................................................................................................................................................................................................................................................................................................................................................................................................................................................................................................................................................................................................................................................................................................................................................................................................................................................................................................................................................................................................................................................................................................................................................................................................................................................................................................................................................................................................................................................................................................................................................................................................................................................................................................................................................................................................................................................................................................................................................................................................................................................................................................................................................................................................................................................................................................................................................................................................................................................................................................................................................................................................................................................................................................................................................................................................................................................................................................................................................................................................................................................................................................................................................................................................................................................................................................................................................................................................................................................................................................................................................................................................................................................................................................................................................................................................................................................................................................................................................................................................................................................................................................................................................................................................................................................................................................................................................................................................................................................................................................................................................................................................................................................................................................................................................................................................................................................................................................................................................................................................................................................................................................................................................................................................................................................................................................................................................................................................................................................................................................................................................................................................................................................................................................................................................................................................................................................................................................................................................................................................................................................................................................................................................................................................................................................................................................................................................................................................................................................................................................................................................................................................................................................................................................................................................................................................................................................................................................................................................................................................................................................................................................................................................................................................................................................................................................................................................................................................................................................................................................................................................................................................................................................................................................................................................................................................................................................................................................................................................................................................................................................................................................................................................................................................................................................................................................................................................................................................................................................................................................................................................................................................................................................................................................................................................................................................................................................................................................................................................................................................................................................................................................................................................................................................................................................................................................................................................................................................................................................................................................................................................................................................................................................................................................................................................................................................................................................................................................................................................................................................................................................................................................................................................................................................................................................................................................................................................................................................................................................................................................................................................................................................................................................................................................................................................................................................................................................................................................................................................................................................................................................................................................................................................................................................................................................................................................................................................................................................................................................................................................................................................................................................................................................................................................................................................................................................................................................................................................................................................................................................................................................................................................................................................................................................................................................................................................................................................................................................................................................................................................................................................................................................................................................................................................................................................................................................................................................................................................................................................................................................................................................................................................................................................................................................................................................................................................................................................................................................................................................................................................................................................................................................................................................................................................................................................................................................................................................................................................................................................................................................................................................................................................................................................................................................................................................................................................................................................................................................................................................................................................................................................................................................................................................................................................................................................................................................................................................................................................................................................................................................................................................................................................................................................................................................................................................................................................................................................................................................................................................................................................................................................................................................................................................................................................................................................................................................................................................................................................................................................................................................................................................................................................................................................................................................................................................................................................................................................................................................................................................................................................................................................................................................................................................................................................................................................................................................................................................................................................................................................................................................................................................................................................................................................................................................................................................................................................................................................................................................................................................................................................................................................................................................................................................................................................................................................................................................................................................................................................................................................................................................................................................................................................................................................................................................................................................................................................................................................................................................................................................................................................................................................................................................................................................................................................................................................................................................................................................................................................................................................................................................................................................................................................................................................................................................................................................................................................................................................................................................................................................................................................................................................................................................................................................................................................................................................................................................................................................................................................................................................................................................................................................................................................................................................................................................................................................................................................................................................................................................................................................................................................................................................................................................................................................................................................................................................................................................................................................................................................................................................................................................................................................................................................................................................................................................................................................................................................................................................................................................................................................................................................................................................................................................................................................................................................................................................................................................................................................................................................................................................................................................................................................................................................................................................................................................................................................................................................................................................................................................................................................................................................................................................................................................................................................................................................................................................................................................................................................................................................................................................................................................................................................................................................................................................................................................................................................................................................................................................................................................................................................................................................................................................................................................................................................................................................................................................................................................................................................................................................................................................................................................................................................................................................................................................................................................................................................................................................................................................................................................................................................................................................................................................................................................................................................................................................................................................................................................................................................................................................................................................................................................................................................................................................................................................................................................................................................................................................................................................................................................................................................................................................................................................................................................................................................................................................................................................................................................................................................................................................................................................................................................................................................................................................................................................................................................................................................................................................................................................................................................................................................................................................................................................................................................................................................................................................................................................................................................................................................................................................................................................................................................................................................................................................................................................................................................................................................................................................................................................................................................................................................................................................................................................................................................................................................................................................................................................................................................................................................................................................................................................................................................................................................................................................................................................................................................................................................................................................................................................................................................................................................................................................................................................................................................................................................................................................................................................................................................................................................................................................................................................................................................................................................................................................................................................................................................................................................................................................................................................................................................................................................................................................................................................................3 ms. Memory: 129024K Free: 68633K (53%)
2 ms. Memory: 129024K Free: 68153K (53%)
2 ms. Memory: 129024K Free: 67625K (52%)
2 ms. Memory: 129024K Free: 67097K (52%)
2 ms. Memory: 129024K Free: 66105K (51%)
/home/travis/build/icyphy/ptII/ptolemy/actor/lib/test/IIR.tcl
/home/travis/build/icyphy/ptII/ptolemy/actor/lib/test/Interpolator.tcl
3 ms. Memory: 129024K Free: 62489K (48%)
1 ms. Memory: 129024K Free: 61495K (48%)
2 ms. Memory: 129024K Free: 60985K (47%)
1 ms. Memory: 129024K Free: 60457K (47%)
4 ms. Memory: 129024K Free: 59961K (46%)
3 ms. Memory: 129024K Free: 58937K (46%)
2 ms. Memory: 129024K Free: 112915K (88%)
10 ms. Memory: 129024K Free: 111891K (87%)
2 ms. Memory: 129024K Free: 111363K (86%)
5 ms. Memory: 129024K Free: 110339K (86%)
/home/travis/build/icyphy/ptII/ptolemy/actor/lib/test/MathFunction.tcl
3 ms. Memory: 129024K Free: 108291K (84%)
2 ms. Memory: 129024K Free: 107267K (83%)
3 ms. Memory: 129024K Free: 106251K (82%)
4 ms. Memory: 129024K Free: 105219K (82%)
4 ms. Memory: 129024K Free: 103699K (80%)
5 ms. Memory: 129024K Free: 102161K (79%)
/home/travis/build/icyphy/ptII/ptolemy/actor/lib/test/Maximum.tcl
4 ms. Memory: 129024K Free: 100113K (78%)
7 ms. Memory: 129024K Free: 99603K (77%)
2 ms. Memory: 129024K Free: 98579K (76%)
6 ms. Memory: 129024K Free: 98065K (76%)
/home/travis/build/icyphy/ptII/ptolemy/actor/lib/test/Minimum.tcl
5 ms. Memory: 129024K Free: 96531K (75%)
3 ms. Memory: 129024K Free: 95507K (74%)
2 ms. Memory: 129024K Free: 94979K (74%)
2 ms. Memory: 129024K Free: 94483K (73%)
/home/travis/build/icyphy/ptII/ptolemy/actor/lib/test/MultiplyDivide.tcl
6 ms. Memory: 129024K Free: 92435K (72%)
9 ms. Memory: 129024K Free: 91915K (71%)
2 ms. Memory: 129024K Free: 90897K (70%)
3 ms. Memory: 129024K Free: 90387K (70%)
3 ms. Memory: 129024K Free: 89363K (69%)
/home/travis/build/icyphy/ptII/ptolemy/actor/lib/test/OrderedMerge.tcl
Connections changed on port: inputA
Connections changed on port: inputB
Connections changed on port: output
Connections changed on port: output
Connections changed on port: output
Connections changed on port: input
.top. Preinitializing ...
Invoking preinitialize():  .top.OrderedMerge
Called preinitialize()
Invoking preinitialize():  .top.Ramp
Called preinitialize()
Invoking preinitialize():  .top.Ramp2
Called preinitialize()
Invoking preinitialize():  .top.Test
Called preinitialize()
Connections changed on port: inputA
Connections changed on port: output
Connections changed on port: inputB
Connections changed on port: output
Connections changed on port: output
Connections changed on port: input
.top. Finished preinitialize().
Called initialize().
Invoking initialize():  .top.OrderedMerge
Initializing actor: .top.OrderedMerge
Adding a thread: .top.OrderedMerge
Invoking initialize():  .top.Ramp
Initializing actor: .top.Ramp
Adding a thread: .top.Ramp
Invoking initialize():  .top.Ramp2
Initializing actor: .top.Ramp2
Adding a thread: .top.Ramp2
Invoking initialize():  .top.Test
Initializing actor: .top.Test
Adding a thread: .top.Test
Called fire().
Checking for deadlock:
-- Starting thread.
Called initialize()
Called prefire()
Called fire()
-- Starting thread.
Called initialize()
-- Starting thread.
Called initialize()
Called prefire()
Called fire()
Called prefire()
Called fire()
-- Starting thread.
Called initialize()
Called prefire()
Called fire()
There are 0 Blocked actors, 0 Stopped actors, and 4 active threads.
Waiting for actors to stop.
Called postfire()
Called postfire()
Called prefire()
Called prefire()
Called fire()
Called fire()
Checking for deadlock:
There are 1 Blocked actors, 0 Stopped actors, and 4 active threads.
Waiting for actors to stop.
Called postfire()
Called prefire()
Called fire()
Read input token from inputA with value 0.0
Next port to read input from is inputB
Called postfire()
Called prefire()
Called fire()
Read input token from inputB with value 0.0
Sent output token with value 0.0
Checking for deadlock:
There are 1 Blocked actors, 0 Stopped actors, and 4 active threads.
Waiting for actors to stop.
-- Read input: 0.0, which is expected to match: 0.0
Called postfire()
Called prefire()
Called fire()
Called prefire()
Called fire()
Checking for deadlock:
There are 3 Blocked actors, 0 Stopped actors, and 4 active threads.
Waiting for actors to stop.
Next port to read input from is inputA
Called postfire()
Called prefire()
Called fire()
Checking for deadlock:
Called postfire()
There are 2 Blocked actors, 0 Stopped actors, and 4 active threads.
Called prefire()
Called fire()
Read input token from inputA with value 1.0
Waiting for actors to stop.
Sent output token with value 0.0
Next port to read input from is inputB
Called postfire()
Called prefire()
Called fire()
Read input token from inputB with value 1.5
Checking for deadlock:
There are 2 Blocked actors, 0 Stopped actors, and 4 active threads.
Waiting for actors to stop.
Called postfire()
Called prefire()
Called fire()
-- Read input: 0.0, which is expected to match: 0.0
Called prefire()
Called fire()
Checking for deadlock:
There are 3 Blocked actors, 0 Stopped actors, and 4 active threads.
Waiting for actors to stop.
-- Read input: 1.0, which is expected to match: 1.0
Called prefire()
Called fire()
Checking for deadlock:
There are 3 Blocked actors, 0 Stopped actors, and 4 active threads.
Waiting for actors to stop.
Sent output token with value 1.0
Next port to read input from is inputA
Called postfire()
Called prefire()
Called fire()
Read input token from inputA with value 2.0
Called postfire()
Called prefire()
Called fire()
Sent output token with value 1.5
Next port to read input from is inputB
Called postfire()
Called prefire()
Called fire()
Read input token from inputB with value 3.0
Checking for deadlock:
There are 2 Blocked actors, 0 Stopped actors, and 4 active threads.
Waiting for actors to stop.
Called postfire()
Called prefire()
Called fire()
-- Read input: 1.5, which is expected to match: 1.5
Called prefire()
Called fire()
Checking for deadlock:
There are 3 Blocked actors, 0 Stopped actors, and 4 active threads.
Waiting for actors to stop.
-- Read input: 2.0, which is expected to match: 2.0
Called prefire()
Called fire()
Sent output token with value 2.0
Checking for deadlock:
There are 3 Blocked actors, 0 Stopped actors, and 4 active threads.
Waiting for actors to stop.
Next port to read input from is inputA
Called postfire()
Called prefire()
Called fire()
Checking for deadlock:
There are 2 Blocked actors, 0 Stopped actors, and 4 active threads.
Waiting for actors to stop.
Called postfire()
Called prefire()
Called fire()
Checking for deadlock:
There are 3 Blocked actors, 0 Stopped actors, and 4 active threads.
Waiting for actors to stop.
Read input token from inputA with value 3.0
Sent output token with value 3.0
Next port to read input from is inputB
Called postfire()
Called prefire()
Called fire()
Read input token from inputB with value 4.5
Checking for deadlock:
There are 2 Blocked actors, 0 Stopped actors, and 4 active threads.
Waiting for actors to stop.
Called postfire()
Called prefire()
Called fire()
-- Read input: 3.0, which is expected to match: 3.0
Called prefire()
Called fire()
Checking for deadlock:
There are 3 Blocked actors, 0 Stopped actors, and 4 active threads.
Waiting for actors to stop.
-- Read input: 3.0, which is expected to match: 3.0
Called prefire()
Called fire()
Checking for deadlock:
There are 3 Blocked actors, 0 Stopped actors, and 4 active threads.
Waiting for actors to stop.
Sent output token with value 3.0
Next port to read input from is inputA
Called postfire()
Called prefire()
Called fire()
Called postfire()
Read input token from inputA with value 4.0
Called prefire()
Called fire()
Sent output token with value 4.0
Next port to read input from is inputA
Called postfire()
Called prefire()
Called fire()
Read input token from inputA with value 5.0
Checking for deadlock:
There are 2 Blocked actors, 0 Stopped actors, and 4 active threads.
Waiting for actors to stop.
Called postfire()
Called prefire()
-- Read input: 4.0, which is expected to match: 4.0
Called fire()
Called prefire()
Called fire()
Past the end of training data. Read and discard all inputs.
Checking for deadlock:
There are 3 Blocked actors, 0 Stopped actors, and 4 active threads.
Waiting for actors to stop.
Sent output token with value 4.5
Next port to read input from is inputB
Called postfire()
Called prefire()
Called fire()
Read input token from inputB with value 6.0
Checking for deadlock:
There are 2 Blocked actors, 0 Stopped actors, and 4 active threads.
Waiting for actors to stop.
Called postfire()
Called prefire()
Called fire()
Called prefire()
Called fire()
Past the end of training data. Read and discard all inputs.
Checking for deadlock:
There are 3 Blocked actors, 0 Stopped actors, and 4 active threads.
Waiting for actors to stop.
Checking for deadlock:
There are 2 Blocked actors, 0 Stopped actors, and 4 active threads.
Waiting for actors to stop.
Called prefire()
Called fire()
Past the end of training data. Read and discard all inputs.
Checking for deadlock:
There are 3 Blocked actors, 0 Stopped actors, and 4 active threads.
Waiting for actors to stop.
Sent output token with value 5.0
Next port to read input from is inputA
Called postfire()
Called prefire()
Called fire()
Checking for deadlock:
Called postfire()
There are 2 Blocked actors, 0 Stopped actors, and 4 active threads.
Called prefire()
Called fire()
Waiting for actors to stop.
Checking for deadlock:
There are 3 Blocked actors, 0 Stopped actors, and 4 active threads.
Waiting for actors to stop.
Read input token from inputA with value 6.0
Checking for deadlock:
There are 2 Blocked actors, 0 Stopped actors, and 4 active threads.
Waiting for actors to stop.
Called prefire()
Called fire()
Past the end of training data. Read and discard all inputs.
Checking for deadlock:
There are 3 Blocked actors, 0 Stopped actors, and 4 active threads.
Waiting for actors to stop.
Sent output token with value 6.0
Next port to read input from is inputB
Called postfire()
Called prefire()
Called fire()
Read input token from inputB with value 7.5
Sent output token with value 6.0
Next port to read input from is inputA
Called postfire()
Called prefire()
Called fire()
Read input token from inputA with value 7.0
Checking for deadlock:
There are 1 Blocked actors, 0 Stopped actors, and 4 active threads.
Waiting for actors to stop.
Called postfire()
Called prefire()
Called postfire()
Called prefire()
Called fire()
Called prefire()
Called fire()
Past the end of training data. Read and discard all inputs.
Called fire()
Checking for deadlock:
There are 3 Blocked actors, 0 Stopped actors, and 4 active threads.
Waiting for actors to stop.
Called prefire()
Called fire()
Past the end of training data. Read and discard all inputs.
Checking for deadlock:
There are 3 Blocked actors, 0 Stopped actors, and 4 active threads.
Waiting for actors to stop.
Sent output token with value 7.0
Next port to read input from is inputA
Called postfire()
Called prefire()
Called fire()
-- Thread wrapup() called.
Called wrapup()
Thread .top.Ramp is exiting.
-- Thread stopped.
Read input token from inputA with value 8.0
Sent output token with value 7.5
Next port to read input from is inputB
Called postfire()
Checking for deadlock:
There are 1 Blocked actors, 0 Stopped actors, and 3 active threads.
Waiting for actors to stop.
Called prefire()
Called fire()
Called prefire()
Called fire()
Past the end of training data. Read and discard all inputs.
Checking for deadlock:
There are 2 Blocked actors, 0 Stopped actors, and 3 active threads.
Waiting for actors to stop.
Called postfire()
Checking for deadlock:
There are 1 Blocked actors, 0 Stopped actors, and 3 active threads.
Called prefire()
Waiting for actors to stop.
Called fire()
Checking for deadlock:
There are 2 Blocked actors, 0 Stopped actors, and 3 active threads.
Waiting for actors to stop.
Read input token from inputB with value 9.0
Checking for deadlock:
There are 1 Blocked actors, 0 Stopped actors, and 3 active threads.
Waiting for actors to stop.
Called prefire()
Called fire()
Past the end of training data. Read and discard all inputs.
Checking for deadlock:
There are 2 Blocked actors, 0 Stopped actors, and 3 active threads.
Waiting for actors to stop.
Sent output token with value 8.0
Next port to read input from is inputA
Called postfire()
Called prefire()
Called fire()
Read input token from inputA with value 9.0
Called prefire()
Called fire()
Past the end of training data. Read and discard all inputs.
Checking for deadlock:
There are 2 Blocked actors, 0 Stopped actors, and 3 active threads.
Waiting for actors to stop.
Sent output token with value 9.0
Next port to read input from is inputB
Called postfire()
Called prefire()
Called fire()
Checking for deadlock:
There are 1 Blocked actors, 0 Stopped actors, and 3 active threads.
Waiting for actors to stop.
Called postfire()
Called prefire()
Read input token from inputB with value 10.5
Called fire()
Called prefire()
Called fire()
Past the end of training data. Read and discard all inputs.
Checking for deadlock:
There are 2 Blocked actors, 0 Stopped actors, and 3 active threads.
Waiting for actors to stop.
Sent output token with value 9.0
Next port to read input from is inputA
Called postfire()
Called prefire()
Called fire()
Checking for deadlock:
There are 3 Blocked actors, 0 Stopped actors, and 3 active threads.
Actors have stopped.
Checking for deadlock:
There are 3 Blocked actors, 0 Stopped actors, and 3 active threads.
Deadlock detected.
Resolving Deadlock
Checking for deadlock:
There are 3 Blocked actors, 0 Stopped actors, and 3 active threads.
Artificial Deadlock - increasing queue capacity.
increasing the capacity of receiver ptolemy.actor.TypedIOPort {.top.OrderedMerge.inputB} to 2
Director: Called postfire().
Called postfire().
_stopRequested = false
_stopFireRequested = false
Returning from postfire(): true
-- Thread wrapup() called.
Called wrapup()
Thread .top.Ramp2 is exiting.
-- Thread stopped.
Called fire().
Checking for deadlock:
There are 2 Blocked actors, 0 Stopped actors, and 2 active threads.
Actors have stopped.
Checking for deadlock:
There are 2 Blocked actors, 0 Stopped actors, and 2 active threads.
Deadlock detected.
Resolving Deadlock
Checking for deadlock:
There are 2 Blocked actors, 0 Stopped actors, and 2 active threads.
Deadlock detected: no processes blocked on write, but some are blocked on read.
Called postfire().
_stopRequested = false
_stopFireRequested = false
Returning from postfire(): false
Finished deactivating branches.
Called wrapup().
-- Thread wrapup() called.
Called wrapup()
Thread .top.Test is exiting.
-- Thread stopped.
-- Blocked Receiver call threw TerminateProcessException.
-- Thread wrapup() called.
Called wrapup()
Thread .top.OrderedMerge is exiting.
-- Thread stopped.
-- Blocked Receiver call threw TerminateProcessException.
63 ms. Memory: 129024K Free: 84753K (66%)
.top. Preinitializing ...
Invoking preinitialize():  .top.OrderedMerge
Called preinitialize()
Invoking preinitialize():  .top.Ramp
Called preinitialize()
Invoking preinitialize():  .top.Ramp2
Called preinitialize()
Invoking preinitialize():  .top.Test
Called preinitialize()
.top. Finished preinitialize().
Called initialize().
Invoking initialize():  .top.OrderedMerge
Initializing actor: .top.OrderedMerge
Adding a thread: .top.OrderedMerge
Invoking initialize():  .top.Ramp
Initializing actor: .top.Ramp
Adding a thread: .top.Ramp
Invoking initialize():  .top.Ramp2
Initializing actor: .top.Ramp2
Adding a thread: .top.Ramp2
Invoking initialize():  .top.Test
Initializing actor: .top.Test
Adding a thread: .top.Test
-- Starting thread.
Called initialize()
Called prefire()
Called fire()
-- Starting thread.
Called initialize()
Called prefire()
Called fire()
Called postfire()
Called prefire()
Called fire()
-- Starting thread.
Called initialize()
Called prefire()
Called fire()
Called postfire()
Called prefire()
Called fire()
Called fire().
Checking for deadlock:
There are 3 Blocked actors, 0 Stopped actors, and 4 active threads.
Waiting for actors to stop.
-- Starting thread.
Called initialize()
Called prefire()
Called fire()
Checking for deadlock:
There are 2 Blocked actors, 0 Stopped actors, and 4 active threads.
Waiting for actors to stop.
Called postfire()
Called prefire()
Called fire()
Checking for deadlock:
There are 3 Blocked actors, 0 Stopped actors, and 4 active threads.
Waiting for actors to stop.
Read input token from inputA with value 0.0
Next port to read input from is inputB
Called postfire()
Called prefire()
Called fire()
Called postfire()
Called prefire()
Called fire()
Checking for deadlock:
There are 3 Blocked actors, 0 Stopped actors, and 4 active threads.
Waiting for actors to stop.
Read input token from inputB with value 0.0
Checking for deadlock:
There are 2 Blocked actors, 0 Stopped actors, and 4 active threads.
Waiting for actors to stop.
-- Read input: 0.0, which is expected to match: 0.0
Sent output token with value 0.0
Called prefire()
Called fire()
Next port to read input from is inputA
Checking for deadlock:
There are 3 Blocked actors, 0 Stopped actors, and 4 active threads.
Waiting for actors to stop.
Called postfire()
Called prefire()
Called fire()
Read input token from inputA with value 1.0
Sent output token with value 0.0
Next port to read input from is inputB
Called postfire()
Called prefire()
Called fire()
Read input token from inputB with value 1.5
-- Read input: 0.0, which is expected to match: 0.0
Called prefire()
Called fire()
Checking for deadlock:
There are 1 Blocked actors, 0 Stopped actors, and 4 active threads.
Waiting for actors to stop.
Called postfire()
Called prefire()
Called fire()
Called postfire()
Called prefire()
Called fire()
Checking for deadlock:
Sent output token with value 1.0
There are 2 Blocked actors, 0 Stopped actors, and 4 active threads.
Waiting for actors to stop.
Next port to read input from is inputA
Called postfire()
Called prefire()
Called fire()
Read input token from inputA with value 2.0
-- Read input: 1.0, which is expected to match: 1.0
Called prefire()
Called fire()
Sent output token with value 1.5
-- Read input: 1.5, which is expected to match: 1.5
Called prefire()
Called fire()
Called postfire()
Called prefire()
Called fire()
Checking for deadlock:
There are 3 Blocked actors, 0 Stopped actors, and 4 active threads.
Waiting for actors to stop.
Next port to read input from is inputB
Called postfire()
Called prefire()
Called fire()
Read input token from inputB with value 3.0
Called postfire()
Called prefire()
Called fire()
Checking for deadlock:
There are 2 Blocked actors, 0 Stopped actors, and 4 active threads.
Waiting for actors to stop.
Sent output token with value 2.0
-- Read input: 2.0, which is expected to match: 2.0
Next port to read input from is inputA
Called postfire()
Called prefire()
Called fire()
Called prefire()
Called fire()
Read input token from inputA with value 3.0
Called postfire()
Called prefire()
Called fire()
Sent output token with value 3.0
Checking for deadlock:
Next port to read input from is inputB
Called postfire()
There are 2 Blocked actors, 0 Stopped actors, and 4 active threads.
Called prefire()
Called fire()
Waiting for actors to stop.
Called postfire()
Called prefire()
Called fire()
-- Read input: 3.0, which is expected to match: 3.0
Called prefire()
Called fire()
Checking for deadlock:
There are 3 Blocked actors, 0 Stopped actors, and 4 active threads.
Waiting for actors to stop.
Read input token from inputB with value 4.5
Sent output token with value 3.0
-- Read input: 3.0, which is expected to match: 3.0
Called prefire()
Called fire()
Checking for deadlock:
There are 3 Blocked actors, 0 Stopped actors, and 4 active threads.
Waiting for actors to stop.
Next port to read input from is inputA
Called postfire()
Called prefire()
Called fire()
Checking for deadlock:
Read input token from inputA with value 4.0
There are 2 Blocked actors, 0 Stopped actors, and 4 active threads.
Waiting for actors to stop.
Sent output token with value 4.0
Next port to read input from is inputA
Called postfire()
Called postfire()
Called prefire()
Called fire()
Checking for deadlock:
There are 2 Blocked actors, 0 Stopped actors, and 4 active threads.
Waiting for actors to stop.
-- Read input: 4.0, which is expected to match: 4.0
Called prefire()
Called fire()
Past the end of training data. Read and discard all inputs.
Checking for deadlock:
There are 3 Blocked actors, 0 Stopped actors, and 4 active threads.
Waiting for actors to stop.
Called prefire()
Called fire()
Read input token from inputA with value 5.0
Checking for deadlock:
There are 2 Blocked actors, 0 Stopped actors, and 4 active threads.
Waiting for actors to stop.
Called postfire()
Called prefire()
Called fire()
Checking for deadlock:
There are 2 Blocked actors, 0 Stopped actors, and 4 active threads.
Waiting for actors to stop.
Sent output token with value 4.5
Called prefire()
Called fire()
Past the end of training data. Read and discard all inputs.
Next port to read input from is inputB
Called postfire()
Checking for deadlock:
Called prefire()
Called fire()
There are 3 Blocked actors, 0 Stopped actors, and 4 active threads.
Waiting for actors to stop.
Called postfire()
Called prefire()
Called fire()
Read input token from inputB with value 6.0
Checking for deadlock:
There are 3 Blocked actors, 0 Stopped actors, and 4 active threads.
Waiting for actors to stop.
Called prefire()
Called fire()
Past the end of training data. Read and discard all inputs.
Checking for deadlock:
There are 2 Blocked actors, 0 Stopped actors, and 4 active threads.
Waiting for actors to stop.
Checking for deadlock:
There are 3 Blocked actors, 0 Stopped actors, and 4 active threads.
Waiting for actors to stop.
Sent output token with value 5.0
Next port to read input from is inputA
Called postfire()
Called prefire()
Called fire()
Checking for deadlock:
There are 2 Blocked actors, 0 Stopped actors, and 4 active threads.
Waiting for actors to stop.
Called postfire()
Called prefire()
Called fire()
Read input token from inputA with value 6.0
Checking for deadlock:
There are 3 Blocked actors, 0 Stopped actors, and 4 active threads.
Waiting for actors to stop.
Checking for deadlock:
There are 2 Blocked actors, 0 Stopped actors, and 4 active threads.
Waiting for actors to stop.
Called prefire()
Called fire()
Past the end of training data. Read and discard all inputs.
Sent output token with value 6.0
Checking for deadlock:
There are 3 Blocked actors, 0 Stopped actors, and 4 active threads.
Waiting for actors to stop.
Next port to read input from is inputB
Called postfire()
Called prefire()
Called fire()
Checking for deadlock:
There are 2 Blocked actors, 0 Stopped actors, and 4 active threads.
Waiting for actors to stop.
Read input token from inputB with value 7.5
Called postfire()
Called prefire()
Called fire()
Called prefire()
Called fire()
Checking for deadlock:
There are 2 Blocked actors, 0 Stopped actors, and 4 active threads.
Waiting for actors to stop.
Past the end of training data. Read and discard all inputs.
Sent output token with value 6.0
Next port to read input from is inputA
Called postfire()
Called prefire()
Called fire()
Read input token from inputA with value 7.0
Sent output token with value 7.0
Next port to read input from is inputA
Called postfire()
Called prefire()
Called fire()
Checking for deadlock:
There are 2 Blocked actors, 0 Stopped actors, and 4 active threads.
Waiting for actors to stop.
Called postfire()
Called prefire()
Called fire()
Called prefire()
Called fire()
Past the end of training data. Read and discard all inputs.
Checking for deadlock:
There are 3 Blocked actors, 0 Stopped actors, and 4 active threads.
Waiting for actors to stop.
Read input token from inputA with value 8.0
Sent output token with value 7.5
Next port to read input from is inputB
Called postfire()
Called prefire()
Called fire()
Read input token from inputB with value 9.0
-- Thread wrapup() called.
Called wrapup()
Called postfire()
Thread .top.Ramp is exiting.
-- Thread stopped.
Checking for deadlock:
There are 1 Blocked actors, 0 Stopped actors, and 3 active threads.
Waiting for actors to stop.
Called prefire()
Called fire()
Past the end of training data. Read and discard all inputs.
Called prefire()
Called fire()
Checking for deadlock:
There are 1 Blocked actors, 0 Stopped actors, and 3 active threads.
Sent output token with value 8.0
Waiting for actors to stop.
Next port to read input from is inputA
Called postfire()
Called prefire()
Called fire()
Called prefire()
Called fire()
Past the end of training data. Read and discard all inputs.
Read input token from inputA with value 9.0
Checking for deadlock:
There are 2 Blocked actors, 0 Stopped actors, and 3 active threads.
Waiting for actors to stop.
Called prefire()
Sent output token with value 9.0
Called fire()
Past the end of training data. Read and discard all inputs.
Next port to read input from is inputB
Called postfire()
Checking for deadlock:
Called prefire()
Called fire()
There are 2 Blocked actors, 0 Stopped actors, and 3 active threads.
Waiting for actors to stop.
Called postfire()
Called prefire()
Called fire()
Read input token from inputB with value 10.5
Checking for deadlock:
There are 1 Blocked actors, 0 Stopped actors, and 3 active threads.
Waiting for actors to stop.
Sent output token with value 9.0
Called prefire()
Called fire()
Next port to read input from is inputA
Past the end of training data. Read and discard all inputs.
Called postfire()
Called prefire()
Called fire()
Checking for deadlock:
There are 2 Blocked actors, 0 Stopped actors, and 3 active threads.
Waiting for actors to stop.
Checking for deadlock:
There are 3 Blocked actors, 0 Stopped actors, and 3 active threads.
Actors have stopped.
Checking for deadlock:
There are 3 Blocked actors, 0 Stopped actors, and 3 active threads.
Deadlock detected.
Resolving Deadlock
Checking for deadlock:
There are 3 Blocked actors, 0 Stopped actors, and 3 active threads.
Artificial Deadlock - increasing queue capacity.
increasing the capacity of receiver ptolemy.actor.TypedIOPort {.top.OrderedMerge.inputB} to 2
Director: Called postfire().
Called postfire().
_stopRequested = false
_stopFireRequested = false
Returning from postfire(): true
Called fire().
Checking for deadlock:
There are 2 Blocked actors, 0 Stopped actors, and 3 active threads.
Waiting for actors to stop.
-- Thread wrapup() called.
Called wrapup()
Thread .top.Ramp2 is exiting.
-- Thread stopped.
Checking for deadlock:
There are 2 Blocked actors, 0 Stopped actors, and 2 active threads.
Actors have stopped.
Checking for deadlock:
There are 2 Blocked actors, 0 Stopped actors, and 2 active threads.
Deadlock detected.
Resolving Deadlock
Checking for deadlock:
There are 2 Blocked actors, 0 Stopped actors, and 2 active threads.
Deadlock detected: no processes blocked on write, but some are blocked on read.
Called postfire().
_stopRequested = false
_stopFireRequested = false
Returning from postfire(): false
Finished deactivating branches.
Called wrapup().
-- Thread wrapup() called.
Called wrapup()
-- Thread wrapup() called.
Called wrapup()
Thread .top.Test is exiting.
-- Thread stopped.
-- Blocked Receiver call threw TerminateProcessException.
Thread .top.OrderedMerge is exiting.
-- Thread stopped.
-- Blocked Receiver call threw TerminateProcessException.
60 ms. Memory: 129024K Free: 82195K (64%)
/home/travis/build/icyphy/ptII/ptolemy/actor/lib/test/Publisher.tcl
13 ms. Memory: 129024K Free: 76051K (59%)
16 ms. Memory: 129024K Free: 70417K (55%)
2 ms. Memory: 129024K Free: 66835K (52%)
3 ms. Memory: 155648K Free: 138723K (89%)
3 ms. Memory: 155648K Free: 137699K (88%)
3 ms. Memory: 155648K Free: 136675K (88%)
2 ms. Memory: 155648K Free: 136161K (87%)
8 ms. Memory: 155648K Free: 135137K (87%)
38 ms. Memory: 155648K Free: 125411K (81%)
4 ms. Memory: 155648K Free: 121315K (78%)
2 ms. Memory: 155648K Free: 120787K (78%)
9 ms. Memory: 155648K Free: 118753K (76%)
5 ms. Memory: 155648K Free: 111075K (71%)
5 ms. Memory: 155648K Free: 101315K (65%)
7 ms. Memory: 155648K Free: 90081K (58%)
/home/travis/build/icyphy/ptII/ptolemy/actor/lib/test/Pulse.tcl
4 ms. Memory: 155648K Free: 126308K (81%)
8 ms. Memory: 155648K Free: 125764K (81%)
1 ms. Memory: 155648K Free: 125284K (80%)
1 ms. Memory: 155648K Free: 124756K (80%)
6 ms. Memory: 155648K Free: 124260K (80%)
8 ms. Memory: 155648K Free: 123236K (79%)
10 ms. Memory: 155648K Free: 122212K (79%)
2 ms. Memory: 155648K Free: 121188K (78%)
1 ms. Memory: 155648K Free: 120660K (78%)
/home/travis/build/icyphy/ptII/ptolemy/actor/lib/test/Ramp.tcl
11 ms. Memory: 155648K Free: 118596K (76%)
1 ms. Memory: 155648K Free: 118116K (76%)
1 ms. Memory: 155648K Free: 117092K (75%)
2 ms. Memory: 155648K Free: 116564K (75%)
5 ms. Memory: 155648K Free: 115540K (74%)
7 ms. Memory: 155648K Free: 114530K (74%)
6 ms. Memory: 155648K Free: 114020K (73%)
5 actors
4000 microseconds per iteration to create
9 ms. Memory: 155648K Free: 110948K (71%)
1 ms. Memory: 155648K Free: 110434K (71%)
2 ms. Memory: 155648K Free: 109924K (71%)
1 ms. Memory: 155648K Free: 109410K (70%)
50 actors
27000 microseconds per iteration to create
21 ms. Memory: 155648K Free: 94050K (60%)
4 ms. Memory: 155648K Free: 92516K (59%)
4 ms. Memory: 155648K Free: 91492K (59%)
4 ms. Memory: 155648K Free: 90468K (58%)
500 actors
1296000 microseconds per iteration to create
197 ms. Memory: 155648K Free: 86877K (56%)
30 ms. Memory: 155648K Free: 81757K (53%)
29 ms. Memory: 155648K Free: 76637K (49%)
27 ms. Memory: 155648K Free: 71517K (46%)
/home/travis/build/icyphy/ptII/ptolemy/actor/lib/test/RampContinuous.tcl
6 ms. Memory: 155648K Free: 69949K (45%)
/home/travis/build/icyphy/ptII/ptolemy/actor/lib/test/RecordAssembler.tcl
4 ms. Memory: 155648K Free: 68445K (44%)
3 ms. Memory: 155648K Free: 67421K (43%)
/home/travis/build/icyphy/ptII/ptolemy/actor/lib/test/RecordDisassembler.tcl
5 ms. Memory: 155648K Free: 65373K (42%)
2 ms. Memory: 155648K Free: 64845K (42%)
3 ms. Memory: 155648K Free: 63821K (41%)
/home/travis/build/icyphy/ptII/ptolemy/actor/lib/test/Scale.tcl
2 ms. Memory: 155648K Free: 61773K (40%)
1 ms. Memory: 155648K Free: 61277K (39%)
1 ms. Memory: 155648K Free: 60253K (39%)
2 ms. Memory: 155648K Free: 59229K (38%)
2 ms. Memory: 155648K Free: 58701K (38%)
/home/travis/build/icyphy/ptII/ptolemy/actor/lib/test/SequentialClock.tcl
preinitializing
resolving types
initializing
executing number 1
wrapping up
idle
2 ms. Memory: 155648K Free: 57181K (37%)
Completed execution with 5 iterations
preinitializing
resolving types
initializing
executing number 1
wrapping up
idle
1 ms. Memory: 155648K Free: 56637K (36%)
Completed execution with 5 iterations
preinitializing
resolving types
initializing
executing number 1
wrapping up
idle
2 ms. Memory: 155648K Free: 56157K (36%)
Completed execution with 5 iterations
/home/travis/build/icyphy/ptII/ptolemy/actor/lib/test/SetVariable.tcl
3 ms. Memory: 155648K Free: 54613K (35%)
/home/travis/build/icyphy/ptII/ptolemy/actor/lib/test/Sinewave.tcl
/home/travis/build/icyphy/ptII/ptolemy/actor/lib/test/SubscriptionAggregator.tcl
4 ms. Memory: 155648K Free: 122579K (79%)
2 ms. Memory: 155648K Free: 122065K (78%)
1 ms. Memory: 155648K Free: 121555K (78%)
0 ms. Memory: 155648K Free: 121027K (78%)
3 ms. Memory: 155648K Free: 117459K (75%)
9 ms. Memory: 155648K Free: 115411K (74%)
...............................................................923 ms. Memory: 262144K Free: 175720K (67%)
/home/travis/build/icyphy/ptII/ptolemy/actor/lib/test/Test.tcl
 The next command will produce a warning about training mode,
   which may be ignored.
6 ms. Memory: 262144K Free: 173672K (66%)
3 ms. Memory: 262144K Free: 173162K (66%)
2 ms. Memory: 262144K Free: 172633K (66%)
1 ms. Memory: 262144K Free: 172138K (66%)
2 ms. Memory: 262144K Free: 171114K (65%)
7 ms. Memory: 262144K Free: 170090K (65%)
3 ms. Memory: 262144K Free: 168521K (64%)
 The next command will produce a warning about training mode,
   which may be ignored.
5 ms. Memory: 262144K Free: 166489K (64%)
 The next command will produce a warning about training mode,
   which may be ignored.
4 ms. Memory: 262144K Free: 165449K (63%)
2 ms. Memory: 262144K Free: 164970K (63%)
1 ms. Memory: 262144K Free: 164456K (63%)
2 ms. Memory: 262144K Free: 163946K (63%)
8 ms. Memory: 262144K Free: 162922K (62%)
5 ms. Memory: 262144K Free: 158826K (61%)
/home/travis/build/icyphy/ptII/ptolemy/actor/lib/test/TestExceptionHandler.tcl
 The next command will produce a warning about training mode,
   which may be ignored.
2 ms. Memory: 262144K Free: 157802K (60%)
1 ms. Memory: 262144K Free: 157273K (60%)
1 ms. Memory: 262144K Free: 156778K (60%)
/home/travis/build/icyphy/ptII/ptolemy/actor/lib/test/UnionDisassembler.tcl
30 ms. Memory: 262144K Free: 149610K (57%)
/home/travis/build/icyphy/ptII/ptolemy/actor/lib/test/VariableClock.tcl
preinitializing
resolving types
initializing
executing number 1
wrapping up
idle
4 ms. Memory: 262144K Free: 147562K (56%)
Completed execution with 11 iterations
preinitializing
resolving types
initializing
executing number 1
wrapping up
idle
7 ms. Memory: 262144K Free: 146009K (56%)
Completed execution with 10 iterations
02/17/20 09:56:22
Failed: 0  Total Tests: 233  ((Passed: 233, Newly Passed: 0)  Known Failed: 0) /home/travis/build/icyphy/ptII/ptolemy/actor/lib/test
----------------- testing (KnownFailure) /home/travis/build/icyphy/ptII/ptolemy/actor/lib/test/auto/knownFailedTests/PublisherPortToplevelSubscriber.xml
0 ms. Memory: 262144K Free: 142442K (54%)
Known Failure: java.lang.reflect.InvocationTargetException
----------------- testing (KnownFailure) /home/travis/build/icyphy/ptII/ptolemy/actor/lib/test/auto/knownFailedTests/PublisherSubscriberPortToplevel.xml
1 ms. Memory: 262144K Free: 138856K (53%)
Known Failure: java.lang.reflect.InvocationTargetException
----------------- testing (KnownFailure) /home/travis/build/icyphy/ptII/ptolemy/actor/lib/test/auto/knownFailedTests/PublisherSubscriptionAggregatorPort.xml
0 ms. Memory: 262144K Free: 134729K (51%)
Known Failure: java.lang.reflect.InvocationTargetException
----------------- testing (KnownFailure) /home/travis/build/icyphy/ptII/ptolemy/actor/lib/test/auto/knownFailedTests/sizedarray3.xml
4 ms. Memory: 262144K Free: 130154K (50%)
Known Failure: java.lang.reflect.InvocationTargetException
No auto/linux-amd64/*.xml tests in /home/travis/build/icyphy/ptII/ptolemy/actor/lib/test
AutoTests.java: About to close Vertx.
AutoTests.java: Vertx closed.

===========================================================================================
----------------- testing Mon Feb 17 21:56:22 UTC 2020 /home/travis/build/icyphy/ptII/ptolemy/actor/lib/test/auto/AbsoluteValue.xml
----------------- Instantiating /home/travis/build/icyphy/ptII/ptolemy/actor/lib/test/auto/AbsoluteValue.xml
6 ms. Memory: 262144K Free: 107112K (41%)
----------------- Invoking toplevel() on ptolemy.moml.MoMLSimpleApplication@4c8dcc04
----------------- Done invoking toplevel() on ptolemy.moml.MoMLSimpleApplication@4c8dcc04
reloadAllAccessors: .AbsoluteValue

===========================================================================================
----------------- testing Mon Feb 17 21:56:22 UTC 2020 /home/travis/build/icyphy/ptII/ptolemy/actor/lib/test/auto/AbsoluteValue2.xml
----------------- Instantiating /home/travis/build/icyphy/ptII/ptolemy/actor/lib/test/auto/AbsoluteValue2.xml
5 ms. Memory: 262144K Free: 99944K (38%)
----------------- Invoking toplevel() on ptolemy.moml.MoMLSimpleApplication@649cfa0
----------------- Done invoking toplevel() on ptolemy.moml.MoMLSimpleApplication@649cfa0
reloadAllAccessors: .AbsoluteValue2

===========================================================================================
----------------- testing Mon Feb 17 21:56:23 UTC 2020 /home/travis/build/icyphy/ptII/ptolemy/actor/lib/test/auto/Accumulator.xml
----------------- Instantiating /home/travis/build/icyphy/ptII/ptolemy/actor/lib/test/auto/Accumulator.xml
84 ms. Memory: 262144K Free: 212059K (81%)
----------------- Invoking toplevel() on ptolemy.moml.MoMLSimpleApplication@774c68e3
----------------- Done invoking toplevel() on ptolemy.moml.MoMLSimpleApplication@774c68e3
reloadAllAccessors: .Accumulator

===========================================================================================
----------------- testing Mon Feb 17 21:56:23 UTC 2020 /home/travis/build/icyphy/ptII/ptolemy/actor/lib/test/auto/Accumulator2.xml
----------------- Instantiating /home/travis/build/icyphy/ptII/ptolemy/actor/lib/test/auto/Accumulator2.xml
4 ms. Memory: 262144K Free: 205915K (79%)
----------------- Invoking toplevel() on ptolemy.moml.MoMLSimpleApplication@17dbd35d
----------------- Done invoking toplevel() on ptolemy.moml.MoMLSimpleApplication@17dbd35d
reloadAllAccessors: .Accumulator2

===========================================================================================
----------------- testing Mon Feb 17 21:56:23 UTC 2020 /home/travis/build/icyphy/ptII/ptolemy/actor/lib/test/auto/Accumulator3.xml
----------------- Instantiating /home/travis/build/icyphy/ptII/ptolemy/actor/lib/test/auto/Accumulator3.xml
2 ms. Memory: 262144K Free: 201819K (77%)
----------------- Invoking toplevel() on ptolemy.moml.MoMLSimpleApplication@af9e3b5
----------------- Done invoking toplevel() on ptolemy.moml.MoMLSimpleApplication@af9e3b5
reloadAllAccessors: .Accumulator3

===========================================================================================
----------------- testing Mon Feb 17 21:56:23 UTC 2020 /home/travis/build/icyphy/ptII/ptolemy/actor/lib/test/auto/ArrayAppend.xml
----------------- Instantiating /home/travis/build/icyphy/ptII/ptolemy/actor/lib/test/auto/ArrayAppend.xml
5 ms. Memory: 262144K Free: 196170K (75%)
----------------- Invoking toplevel() on ptolemy.moml.MoMLSimpleApplication@6c995e9d
----------------- Done invoking toplevel() on ptolemy.moml.MoMLSimpleApplication@6c995e9d
reloadAllAccessors: .ArrayAppend

===========================================================================================
----------------- testing Mon Feb 17 21:56:23 UTC 2020 /home/travis/build/icyphy/ptII/ptolemy/actor/lib/test/auto/ArrayAppend2.xml
----------------- Instantiating /home/travis/build/icyphy/ptII/ptolemy/actor/lib/test/auto/ArrayAppend2.xml
340 ms. Memory: 262144K Free: 113241K (43%)
----------------- Invoking toplevel() on ptolemy.moml.MoMLSimpleApplication@738ab2bd
----------------- Done invoking toplevel() on ptolemy.moml.MoMLSimpleApplication@738ab2bd
reloadAllAccessors: .ArrayAppend2

===========================================================================================
----------------- testing Mon Feb 17 21:56:23 UTC 2020 /home/travis/build/icyphy/ptII/ptolemy/actor/lib/test/auto/ArrayAppend3.xml
----------------- Instantiating /home/travis/build/icyphy/ptII/ptolemy/actor/lib/test/auto/ArrayAppend3.xml
3 ms. Memory: 262144K Free: 107611K (41%)
----------------- Invoking toplevel() on ptolemy.moml.MoMLSimpleApplication@45ee3685
----------------- Done invoking toplevel() on ptolemy.moml.MoMLSimpleApplication@45ee3685
reloadAllAccessors: .ArrayAppend3

===========================================================================================
----------------- testing Mon Feb 17 21:56:23 UTC 2020 /home/travis/build/icyphy/ptII/ptolemy/actor/lib/test/auto/ArrayAppend4.xml
----------------- Instantiating /home/travis/build/icyphy/ptII/ptolemy/actor/lib/test/auto/ArrayAppend4.xml
2 ms. Memory: 262144K Free: 102491K (39%)
----------------- Invoking toplevel() on ptolemy.moml.MoMLSimpleApplication@7c313b50
----------------- Done invoking toplevel() on ptolemy.moml.MoMLSimpleApplication@7c313b50
reloadAllAccessors: .ArrayAppend4

===========================================================================================
----------------- testing Mon Feb 17 21:56:23 UTC 2020 /home/travis/build/icyphy/ptII/ptolemy/actor/lib/test/auto/ArrayAppend5.xml
----------------- Instantiating /home/travis/build/icyphy/ptII/ptolemy/actor/lib/test/auto/ArrayAppend5.xml
2 ms. Memory: 262144K Free: 97881K (37%)
----------------- Invoking toplevel() on ptolemy.moml.MoMLSimpleApplication@61b8e7b5
----------------- Done invoking toplevel() on ptolemy.moml.MoMLSimpleApplication@61b8e7b5
reloadAllAccessors: .ArrayAppend5

===========================================================================================
----------------- testing Mon Feb 17 21:56:23 UTC 2020 /home/travis/build/icyphy/ptII/ptolemy/actor/lib/test/auto/ArrayAppend6.xml
----------------- Instantiating /home/travis/build/icyphy/ptII/ptolemy/actor/lib/test/auto/ArrayAppend6.xml
3 ms. Memory: 262144K Free: 92251K (35%)
----------------- Invoking toplevel() on ptolemy.moml.MoMLSimpleApplication@5b8369c1
----------------- Done invoking toplevel() on ptolemy.moml.MoMLSimpleApplication@5b8369c1
reloadAllAccessors: .ArrayAppend6

===========================================================================================
----------------- testing Mon Feb 17 21:56:23 UTC 2020 /home/travis/build/icyphy/ptII/ptolemy/actor/lib/test/auto/ArrayAppendPerformanceTest.xml
----------------- Instantiating /home/travis/build/icyphy/ptII/ptolemy/actor/lib/test/auto/ArrayAppendPerformanceTest.xml
36 ms. Memory: 262144K Free: 81497K (31%)
----------------- Invoking toplevel() on ptolemy.moml.MoMLSimpleApplication@5fd44ad4
----------------- Done invoking toplevel() on ptolemy.moml.MoMLSimpleApplication@5fd44ad4
reloadAllAccessors: .ArrayAppendPerformanceTest

===========================================================================================
----------------- testing Mon Feb 17 21:56:23 UTC 2020 /home/travis/build/icyphy/ptII/ptolemy/actor/lib/test/auto/ArrayAppendWithEmptyInput.xml
----------------- Instantiating /home/travis/build/icyphy/ptII/ptolemy/actor/lib/test/auto/ArrayAppendWithEmptyInput.xml
8 ms. Memory: 262144K Free: 204889K (78%)
----------------- Invoking toplevel() on ptolemy.moml.MoMLSimpleApplication@1f534a02
----------------- Done invoking toplevel() on ptolemy.moml.MoMLSimpleApplication@1f534a02
reloadAllAccessors: .ArrayAppendWithEmptyInput

===========================================================================================
----------------- testing Mon Feb 17 21:56:23 UTC 2020 /home/travis/build/icyphy/ptII/ptolemy/actor/lib/test/auto/ArrayAverage.xml
----------------- Instantiating /home/travis/build/icyphy/ptII/ptolemy/actor/lib/test/auto/ArrayAverage.xml
5 ms. Memory: 262144K Free: 197211K (75%)
----------------- Invoking toplevel() on ptolemy.moml.MoMLSimpleApplication@37056a7b
----------------- Done invoking toplevel() on ptolemy.moml.MoMLSimpleApplication@37056a7b
reloadAllAccessors: .ArrayAverage

===========================================================================================
----------------- testing Mon Feb 17 21:56:23 UTC 2020 /home/travis/build/icyphy/ptII/ptolemy/actor/lib/test/auto/ArrayContains.xml
----------------- Instantiating /home/travis/build/icyphy/ptII/ptolemy/actor/lib/test/auto/ArrayContains.xml
2 ms. Memory: 262144K Free: 191067K (73%)
----------------- Invoking toplevel() on ptolemy.moml.MoMLSimpleApplication@b785762
----------------- Done invoking toplevel() on ptolemy.moml.MoMLSimpleApplication@b785762
reloadAllAccessors: .ArrayContains

===========================================================================================
----------------- testing Mon Feb 17 21:56:23 UTC 2020 /home/travis/build/icyphy/ptII/ptolemy/actor/lib/test/auto/ArrayElement.xml
----------------- Instantiating /home/travis/build/icyphy/ptII/ptolemy/actor/lib/test/auto/ArrayElement.xml
7 ms. Memory: 262144K Free: 185433K (71%)
----------------- Invoking toplevel() on ptolemy.moml.MoMLSimpleApplication@314e60d4
----------------- Done invoking toplevel() on ptolemy.moml.MoMLSimpleApplication@314e60d4
reloadAllAccessors: .ArrayElement

===========================================================================================
----------------- testing Mon Feb 17 21:56:23 UTC 2020 /home/travis/build/icyphy/ptII/ptolemy/actor/lib/test/auto/ArrayElementAsMatrix.xml
----------------- Instantiating /home/travis/build/icyphy/ptII/ptolemy/actor/lib/test/auto/ArrayElementAsMatrix.xml
14 ms. Memory: 262144K Free: 175707K (67%)
----------------- Invoking toplevel() on ptolemy.moml.MoMLSimpleApplication@482aaddc
----------------- Done invoking toplevel() on ptolemy.moml.MoMLSimpleApplication@482aaddc
reloadAllAccessors: .ArrayElementAsMatrix

===========================================================================================
----------------- testing Mon Feb 17 21:56:24 UTC 2020 /home/travis/build/icyphy/ptII/ptolemy/actor/lib/test/auto/ArrayElementI.xml
----------------- Instantiating /home/travis/build/icyphy/ptII/ptolemy/actor/lib/test/auto/ArrayElementI.xml
3 ms. Memory: 262144K Free: 170587K (65%)
----------------- Invoking toplevel() on ptolemy.moml.MoMLSimpleApplication@2db69330
----------------- Done invoking toplevel() on ptolemy.moml.MoMLSimpleApplication@2db69330
reloadAllAccessors: .ArrayElementI

===========================================================================================
----------------- testing Mon Feb 17 21:56:24 UTC 2020 /home/travis/build/icyphy/ptII/ptolemy/actor/lib/test/auto/ArrayExtract.xml
----------------- Instantiating /home/travis/build/icyphy/ptII/ptolemy/actor/lib/test/auto/ArrayExtract.xml
5 ms. Memory: 262144K Free: 162395K (62%)
----------------- Invoking toplevel() on ptolemy.moml.MoMLSimpleApplication@4f27d405
----------------- Done invoking toplevel() on ptolemy.moml.MoMLSimpleApplication@4f27d405
reloadAllAccessors: .ArrayExtract

===========================================================================================
----------------- testing Mon Feb 17 21:56:24 UTC 2020 /home/travis/build/icyphy/ptII/ptolemy/actor/lib/test/auto/ArrayExtract2.xml
----------------- Instantiating /home/travis/build/icyphy/ptII/ptolemy/actor/lib/test/auto/ArrayExtract2.xml
2 ms. Memory: 262144K Free: 156746K (60%)
----------------- Invoking toplevel() on ptolemy.moml.MoMLSimpleApplication@16ae7eb3
----------------- Done invoking toplevel() on ptolemy.moml.MoMLSimpleApplication@16ae7eb3
reloadAllAccessors: .ArrayExtract2

===========================================================================================
----------------- testing Mon Feb 17 21:56:24 UTC 2020 /home/travis/build/icyphy/ptII/ptolemy/actor/lib/test/auto/ArrayLength.xml
----------------- Instantiating /home/travis/build/icyphy/ptII/ptolemy/actor/lib/test/auto/ArrayLength.xml
2 ms. Memory: 262144K Free: 153179K (58%)
----------------- Invoking toplevel() on ptolemy.moml.MoMLSimpleApplication@6884ff19
----------------- Done invoking toplevel() on ptolemy.moml.MoMLSimpleApplication@6884ff19
reloadAllAccessors: .ArrayLength

===========================================================================================
----------------- testing Mon Feb 17 21:56:24 UTC 2020 /home/travis/build/icyphy/ptII/ptolemy/actor/lib/test/auto/ArrayLevelCrossing.xml
----------------- Instantiating /home/travis/build/icyphy/ptII/ptolemy/actor/lib/test/auto/ArrayLevelCrossing.xml
3 ms. Memory: 262144K Free: 144987K (55%)
----------------- Invoking toplevel() on ptolemy.moml.MoMLSimpleApplication@5a403b89
----------------- Done invoking toplevel() on ptolemy.moml.MoMLSimpleApplication@5a403b89
reloadAllAccessors: .ArrayLevelCrossing

===========================================================================================
----------------- testing Mon Feb 17 21:56:24 UTC 2020 /home/travis/build/icyphy/ptII/ptolemy/actor/lib/test/auto/ArrayLevelCrossing2.xml
----------------- Instantiating /home/travis/build/icyphy/ptII/ptolemy/actor/lib/test/auto/ArrayLevelCrossing2.xml
3 ms. Memory: 262144K Free: 137819K (53%)
----------------- Invoking toplevel() on ptolemy.moml.MoMLSimpleApplication@51b3f324
----------------- Done invoking toplevel() on ptolemy.moml.MoMLSimpleApplication@51b3f324
reloadAllAccessors: .ArrayLevelCrossing2

===========================================================================================
----------------- testing Mon Feb 17 21:56:24 UTC 2020 /home/travis/build/icyphy/ptII/ptolemy/actor/lib/test/auto/ArrayPeakSearch.xml
----------------- Instantiating /home/travis/build/icyphy/ptII/ptolemy/actor/lib/test/auto/ArrayPeakSearch.xml
3 ms. Memory: 262144K Free: 128603K (49%)
----------------- Invoking toplevel() on ptolemy.moml.MoMLSimpleApplication@18a0fd39
----------------- Done invoking toplevel() on ptolemy.moml.MoMLSimpleApplication@18a0fd39
reloadAllAccessors: .ArrayPeakSearch

===========================================================================================
----------------- testing Mon Feb 17 21:56:24 UTC 2020 /home/travis/build/icyphy/ptII/ptolemy/actor/lib/test/auto/ArrayPeakSearch2.xml
----------------- Instantiating /home/travis/build/icyphy/ptII/ptolemy/actor/lib/test/auto/ArrayPeakSearch2.xml
4 ms. Memory: 262144K Free: 118363K (45%)
----------------- Invoking toplevel() on ptolemy.moml.MoMLSimpleApplication@3c2647e
----------------- Done invoking toplevel() on ptolemy.moml.MoMLSimpleApplication@3c2647e
reloadAllAccessors: .ArrayPeakSearch2

===========================================================================================
----------------- testing Mon Feb 17 21:56:24 UTC 2020 /home/travis/build/icyphy/ptII/ptolemy/actor/lib/test/auto/ArrayPeakSearch3.xml
----------------- Instantiating /home/travis/build/icyphy/ptII/ptolemy/actor/lib/test/auto/ArrayPeakSearch3.xml
4 ms. Memory: 262144K Free: 109147K (42%)
----------------- Invoking toplevel() on ptolemy.moml.MoMLSimpleApplication@328a69ab
----------------- Done invoking toplevel() on ptolemy.moml.MoMLSimpleApplication@328a69ab
reloadAllAccessors: .ArrayPeakSearch3

===========================================================================================
----------------- testing Mon Feb 17 21:56:24 UTC 2020 /home/travis/build/icyphy/ptII/ptolemy/actor/lib/test/auto/ArrayRemoveElement.xml
----------------- Instantiating /home/travis/build/icyphy/ptII/ptolemy/actor/lib/test/auto/ArrayRemoveElement.xml
3 ms. Memory: 262144K Free: 101465K (39%)
----------------- Invoking toplevel() on ptolemy.moml.MoMLSimpleApplication@313a402c
----------------- Done invoking toplevel() on ptolemy.moml.MoMLSimpleApplication@313a402c
reloadAllAccessors: .ArrayRemoveElement

===========================================================================================
----------------- testing Mon Feb 17 21:56:24 UTC 2020 /home/travis/build/icyphy/ptII/ptolemy/actor/lib/test/auto/ArraySort.xml
----------------- Instantiating /home/travis/build/icyphy/ptII/ptolemy/actor/lib/test/auto/ArraySort.xml
5 ms. Memory: 262144K Free: 92249K (35%)
----------------- Invoking toplevel() on ptolemy.moml.MoMLSimpleApplication@37c37dfb
----------------- Done invoking toplevel() on ptolemy.moml.MoMLSimpleApplication@37c37dfb
reloadAllAccessors: .ArraySort

===========================================================================================
----------------- testing Mon Feb 17 21:56:24 UTC 2020 /home/travis/build/icyphy/ptII/ptolemy/actor/lib/test/auto/ArraySum.xml
----------------- Instantiating /home/travis/build/icyphy/ptII/ptolemy/actor/lib/test/auto/ArraySum.xml
3 ms. Memory: 262144K Free: 87129K (33%)
----------------- Invoking toplevel() on ptolemy.moml.MoMLSimpleApplication@2952def1
----------------- Done invoking toplevel() on ptolemy.moml.MoMLSimpleApplication@2952def1
reloadAllAccessors: .ArraySum

===========================================================================================
----------------- testing Mon Feb 17 21:56:24 UTC 2020 /home/travis/build/icyphy/ptII/ptolemy/actor/lib/test/auto/ArrayToElements.xml
----------------- Instantiating /home/travis/build/icyphy/ptII/ptolemy/actor/lib/test/auto/ArrayToElements.xml
5 ms. Memory: 262144K Free: 80985K (31%)
----------------- Invoking toplevel() on ptolemy.moml.MoMLSimpleApplication@2f894d1c
----------------- Done invoking toplevel() on ptolemy.moml.MoMLSimpleApplication@2f894d1c
reloadAllAccessors: .ArrayToElements

===========================================================================================
----------------- testing Mon Feb 17 21:56:24 UTC 2020 /home/travis/build/icyphy/ptII/ptolemy/actor/lib/test/auto/ArrayToMatrix.xml
----------------- Instantiating /home/travis/build/icyphy/ptII/ptolemy/actor/lib/test/auto/ArrayToMatrix.xml
42 ms. Memory: 262144K Free: 211256K (81%)
----------------- Invoking toplevel() on ptolemy.moml.MoMLSimpleApplication@4e9dec8b
----------------- Done invoking toplevel() on ptolemy.moml.MoMLSimpleApplication@4e9dec8b
reloadAllAccessors: .ArrayToMatrix

===========================================================================================
----------------- testing Mon Feb 17 21:56:24 UTC 2020 /home/travis/build/icyphy/ptII/ptolemy/actor/lib/test/auto/ArrayUpdate1.xml
----------------- Instantiating /home/travis/build/icyphy/ptII/ptolemy/actor/lib/test/auto/ArrayUpdate1.xml
4 ms. Memory: 262144K Free: 205915K (79%)
----------------- Invoking toplevel() on ptolemy.moml.MoMLSimpleApplication@68cc3137
----------------- Done invoking toplevel() on ptolemy.moml.MoMLSimpleApplication@68cc3137
reloadAllAccessors: .ArrayUpdate1

===========================================================================================
----------------- testing Mon Feb 17 21:56:24 UTC 2020 /home/travis/build/icyphy/ptII/ptolemy/actor/lib/test/auto/ArrayUpdate2.xml
----------------- Instantiating /home/travis/build/icyphy/ptII/ptolemy/actor/lib/test/auto/ArrayUpdate2.xml
9 ms. Memory: 262144K Free: 199771K (76%)
----------------- Invoking toplevel() on ptolemy.moml.MoMLSimpleApplication@957ee1d
----------------- Done invoking toplevel() on ptolemy.moml.MoMLSimpleApplication@957ee1d
reloadAllAccessors: .ArrayUpdate2

===========================================================================================
----------------- testing Mon Feb 17 21:56:24 UTC 2020 /home/travis/build/icyphy/ptII/ptolemy/actor/lib/test/auto/ArrayUpdate3.xml
----------------- Instantiating /home/travis/build/icyphy/ptII/ptolemy/actor/lib/test/auto/ArrayUpdate3.xml
7 ms. Memory: 262144K Free: 194651K (74%)
----------------- Invoking toplevel() on ptolemy.moml.MoMLSimpleApplication@23de9167
----------------- Done invoking toplevel() on ptolemy.moml.MoMLSimpleApplication@23de9167
reloadAllAccessors: .ArrayUpdate3

===========================================================================================
----------------- testing Mon Feb 17 21:56:24 UTC 2020 /home/travis/build/icyphy/ptII/ptolemy/actor/lib/test/auto/Assert1.xml
----------------- Instantiating /home/travis/build/icyphy/ptII/ptolemy/actor/lib/test/auto/Assert1.xml
3 ms. Memory: 262144K Free: 190555K (73%)
----------------- Invoking toplevel() on ptolemy.moml.MoMLSimpleApplication@239afe58
----------------- Done invoking toplevel() on ptolemy.moml.MoMLSimpleApplication@239afe58
reloadAllAccessors: .Assert1

===========================================================================================
----------------- testing Mon Feb 17 21:56:24 UTC 2020 /home/travis/build/icyphy/ptII/ptolemy/actor/lib/test/auto/Assert2.xml
----------------- Instantiating /home/travis/build/icyphy/ptII/ptolemy/actor/lib/test/auto/Assert2.xml
2 ms. Memory: 262144K Free: 185945K (71%)
----------------- Invoking toplevel() on ptolemy.moml.MoMLSimpleApplication@3a7b3bcd
----------------- Done invoking toplevel() on ptolemy.moml.MoMLSimpleApplication@3a7b3bcd
reloadAllAccessors: .Assert2

===========================================================================================
----------------- testing Mon Feb 17 21:56:24 UTC 2020 /home/travis/build/icyphy/ptII/ptolemy/actor/lib/test/auto/BooleanMultiplexor.xml
----------------- Instantiating /home/travis/build/icyphy/ptII/ptolemy/actor/lib/test/auto/BooleanMultiplexor.xml
2 ms. Memory: 262144K Free: 180810K (69%)
----------------- Invoking toplevel() on ptolemy.moml.MoMLSimpleApplication@40952012
----------------- Done invoking toplevel() on ptolemy.moml.MoMLSimpleApplication@40952012
reloadAllAccessors: .BooleanMultiplexor

===========================================================================================
----------------- testing Mon Feb 17 21:56:24 UTC 2020 /home/travis/build/icyphy/ptII/ptolemy/actor/lib/test/auto/BooleanMultiplexor2.xml
----------------- Instantiating /home/travis/build/icyphy/ptII/ptolemy/actor/lib/test/auto/BooleanMultiplexor2.xml
4 ms. Memory: 262144K Free: 174171K (66%)
----------------- Invoking toplevel() on ptolemy.moml.MoMLSimpleApplication@13844813
----------------- Done invoking toplevel() on ptolemy.moml.MoMLSimpleApplication@13844813
reloadAllAccessors: .BooleanMultiplexor2

===========================================================================================
----------------- testing Mon Feb 17 21:56:24 UTC 2020 /home/travis/build/icyphy/ptII/ptolemy/actor/lib/test/auto/BooleanMultiplexor3.xml
----------------- Instantiating /home/travis/build/icyphy/ptII/ptolemy/actor/lib/test/auto/BooleanMultiplexor3.xml
2 ms. Memory: 262144K Free: 170075K (65%)
----------------- Invoking toplevel() on ptolemy.moml.MoMLSimpleApplication@107dc2f9
----------------- Done invoking toplevel() on ptolemy.moml.MoMLSimpleApplication@107dc2f9
reloadAllAccessors: .BooleanMultiplexor3

===========================================================================================
----------------- testing Mon Feb 17 21:56:24 UTC 2020 /home/travis/build/icyphy/ptII/ptolemy/actor/lib/test/auto/BooleanSelect.xml
----------------- Instantiating /home/travis/build/icyphy/ptII/ptolemy/actor/lib/test/auto/BooleanSelect.xml
3 ms. Memory: 262144K Free: 164426K (63%)
----------------- Invoking toplevel() on ptolemy.moml.MoMLSimpleApplication@23206e95
----------------- Done invoking toplevel() on ptolemy.moml.MoMLSimpleApplication@23206e95
reloadAllAccessors: .BooleanSelect

===========================================================================================
----------------- testing Mon Feb 17 21:56:24 UTC 2020 /home/travis/build/icyphy/ptII/ptolemy/actor/lib/test/auto/BooleanSelect2.xml
----------------- Instantiating /home/travis/build/icyphy/ptII/ptolemy/actor/lib/test/auto/BooleanSelect2.xml
2 ms. Memory: 262144K Free: 159835K (61%)
----------------- Invoking toplevel() on ptolemy.moml.MoMLSimpleApplication@8957c44
----------------- Done invoking toplevel() on ptolemy.moml.MoMLSimpleApplication@8957c44
reloadAllAccessors: .BooleanSelect2

===========================================================================================
----------------- testing Mon Feb 17 21:56:24 UTC 2020 /home/travis/build/icyphy/ptII/ptolemy/actor/lib/test/auto/BooleanSwitch.xml
----------------- Instantiating /home/travis/build/icyphy/ptII/ptolemy/actor/lib/test/auto/BooleanSwitch.xml
5 ms. Memory: 262144K Free: 154201K (59%)
----------------- Invoking toplevel() on ptolemy.moml.MoMLSimpleApplication@52e78285
----------------- Done invoking toplevel() on ptolemy.moml.MoMLSimpleApplication@52e78285
reloadAllAccessors: .BooleanSwitch

===========================================================================================
----------------- testing Mon Feb 17 21:56:24 UTC 2020 /home/travis/build/icyphy/ptII/ptolemy/actor/lib/test/auto/BooleanSwitch2.xml
----------------- Instantiating /home/travis/build/icyphy/ptII/ptolemy/actor/lib/test/auto/BooleanSwitch2.xml
2 ms. Memory: 262144K Free: 149595K (57%)
----------------- Invoking toplevel() on ptolemy.moml.MoMLSimpleApplication@7592bc51
----------------- Done invoking toplevel() on ptolemy.moml.MoMLSimpleApplication@7592bc51
reloadAllAccessors: .BooleanSwitch2

===========================================================================================
----------------- testing Mon Feb 17 21:56:24 UTC 2020 /home/travis/build/icyphy/ptII/ptolemy/actor/lib/test/auto/BooleanSwitchCloningBugWithClassRelationGroup.xml
----------------- Instantiating /home/travis/build/icyphy/ptII/ptolemy/actor/lib/test/auto/BooleanSwitchCloningBugWithClassRelationGroup.xml
6 ms. Memory: 262144K Free: 143451K (55%)
----------------- Invoking toplevel() on ptolemy.moml.MoMLSimpleApplication@58f32b3f
----------------- Done invoking toplevel() on ptolemy.moml.MoMLSimpleApplication@58f32b3f
reloadAllAccessors: .BooleanSwitchCloningBugWithClassRelationGroup

===========================================================================================
----------------- testing Mon Feb 17 21:56:24 UTC 2020 /home/travis/build/icyphy/ptII/ptolemy/actor/lib/test/auto/BusActors.xml
----------------- Instantiating /home/travis/build/icyphy/ptII/ptolemy/actor/lib/test/auto/BusActors.xml
5 ms. Memory: 262144K Free: 135259K (52%)
----------------- Invoking toplevel() on ptolemy.moml.MoMLSimpleApplication@5e6a617f
----------------- Done invoking toplevel() on ptolemy.moml.MoMLSimpleApplication@5e6a617f
reloadAllAccessors: .BusActors

===========================================================================================
----------------- testing Mon Feb 17 21:56:24 UTC 2020 /home/travis/build/icyphy/ptII/ptolemy/actor/lib/test/auto/ClassWrapper.xml
----------------- Instantiating /home/travis/build/icyphy/ptII/ptolemy/actor/lib/test/auto/ClassWrapper.xml
2 ms. Memory: 262144K Free: 131163K (50%)
----------------- Invoking toplevel() on ptolemy.moml.MoMLSimpleApplication@59caf3ab
----------------- Done invoking toplevel() on ptolemy.moml.MoMLSimpleApplication@59caf3ab
reloadAllAccessors: .ClassWrapper

===========================================================================================
----------------- testing Mon Feb 17 21:56:24 UTC 2020 /home/travis/build/icyphy/ptII/ptolemy/actor/lib/test/auto/Clock.xml
----------------- Instantiating /home/travis/build/icyphy/ptII/ptolemy/actor/lib/test/auto/Clock.xml
1 ms. Memory: 262144K Free: 127067K (48%)
----------------- Invoking toplevel() on ptolemy.moml.MoMLSimpleApplication@7de8c370
----------------- Done invoking toplevel() on ptolemy.moml.MoMLSimpleApplication@7de8c370
reloadAllAccessors: .Clock

===========================================================================================
----------------- testing Mon Feb 17 21:56:24 UTC 2020 /home/travis/build/icyphy/ptII/ptolemy/actor/lib/test/auto/Clock10.xml
----------------- Instantiating /home/travis/build/icyphy/ptII/ptolemy/actor/lib/test/auto/Clock10.xml
2 ms. Memory: 262144K Free: 121433K (46%)
----------------- Invoking toplevel() on ptolemy.moml.MoMLSimpleApplication@180168cf
----------------- Done invoking toplevel() on ptolemy.moml.MoMLSimpleApplication@180168cf
reloadAllAccessors: .Clock10

===========================================================================================
----------------- testing Mon Feb 17 21:56:24 UTC 2020 /home/travis/build/icyphy/ptII/ptolemy/actor/lib/test/auto/Clock11.xml
----------------- Instantiating /home/travis/build/icyphy/ptII/ptolemy/actor/lib/test/auto/Clock11.xml
4 ms. Memory: 262144K Free: 115289K (44%)
----------------- Invoking toplevel() on ptolemy.moml.MoMLSimpleApplication@7d21c27c
----------------- Done invoking toplevel() on ptolemy.moml.MoMLSimpleApplication@7d21c27c
reloadAllAccessors: .Clock11

===========================================================================================
----------------- testing Mon Feb 17 21:56:24 UTC 2020 /home/travis/build/icyphy/ptII/ptolemy/actor/lib/test/auto/Clock12.xml
----------------- Instantiating /home/travis/build/icyphy/ptII/ptolemy/actor/lib/test/auto/Clock12.xml
5 ms. Memory: 262144K Free: 109659K (42%)
----------------- Invoking toplevel() on ptolemy.moml.MoMLSimpleApplication@34d7773
----------------- Done invoking toplevel() on ptolemy.moml.MoMLSimpleApplication@34d7773
reloadAllAccessors: .Clock12

===========================================================================================
----------------- testing Mon Feb 17 21:56:24 UTC 2020 /home/travis/build/icyphy/ptII/ptolemy/actor/lib/test/auto/Clock13.xml
----------------- Instantiating /home/travis/build/icyphy/ptII/ptolemy/actor/lib/test/auto/Clock13.xml
11 ms. Memory: 262144K Free: 103515K (39%)
----------------- Invoking toplevel() on ptolemy.moml.MoMLSimpleApplication@578b3689
----------------- Done invoking toplevel() on ptolemy.moml.MoMLSimpleApplication@578b3689
reloadAllAccessors: .Clock13

===========================================================================================
----------------- testing Mon Feb 17 21:56:24 UTC 2020 /home/travis/build/icyphy/ptII/ptolemy/actor/lib/test/auto/Clock14.xml
----------------- Instantiating /home/travis/build/icyphy/ptII/ptolemy/actor/lib/test/auto/Clock14.xml
3 ms. Memory: 262144K Free: 97874K (37%)
----------------- Invoking toplevel() on ptolemy.moml.MoMLSimpleApplication@5f55d678
----------------- Done invoking toplevel() on ptolemy.moml.MoMLSimpleApplication@5f55d678
reloadAllAccessors: .Clock14

===========================================================================================
----------------- testing Mon Feb 17 21:56:24 UTC 2020 /home/travis/build/icyphy/ptII/ptolemy/actor/lib/test/auto/Clock15.xml
----------------- Instantiating /home/travis/build/icyphy/ptII/ptolemy/actor/lib/test/auto/Clock15.xml
2 ms. Memory: 262144K Free: 91706K (35%)
----------------- Invoking toplevel() on ptolemy.moml.MoMLSimpleApplication@25262f05
----------------- Done invoking toplevel() on ptolemy.moml.MoMLSimpleApplication@25262f05
reloadAllAccessors: .Clock15

===========================================================================================
----------------- testing Mon Feb 17 21:56:25 UTC 2020 /home/travis/build/icyphy/ptII/ptolemy/actor/lib/test/auto/Clock16.xml
----------------- Instantiating /home/travis/build/icyphy/ptII/ptolemy/actor/lib/test/auto/Clock16.xml
35 ms. Memory: 262144K Free: 76891K (29%)
----------------- Invoking toplevel() on ptolemy.moml.MoMLSimpleApplication@53cf6e19
----------------- Done invoking toplevel() on ptolemy.moml.MoMLSimpleApplication@53cf6e19
reloadAllAccessors: .Clock16

===========================================================================================
----------------- testing Mon Feb 17 21:56:25 UTC 2020 /home/travis/build/icyphy/ptII/ptolemy/actor/lib/test/auto/Clock17.xml
----------------- Instantiating /home/travis/build/icyphy/ptII/ptolemy/actor/lib/test/auto/Clock17.xml
63 ms. Memory: 488448K Free: 436794K (89%)
----------------- Invoking toplevel() on ptolemy.moml.MoMLSimpleApplication@1af37c0d
----------------- Done invoking toplevel() on ptolemy.moml.MoMLSimpleApplication@1af37c0d
reloadAllAccessors: .Clock17

===========================================================================================
----------------- testing Mon Feb 17 21:56:25 UTC 2020 /home/travis/build/icyphy/ptII/ptolemy/actor/lib/test/auto/Clock18.xml
----------------- Instantiating /home/travis/build/icyphy/ptII/ptolemy/actor/lib/test/auto/Clock18.xml
28 ms. Memory: 488448K Free: 423003K (87%)
----------------- Invoking toplevel() on ptolemy.moml.MoMLSimpleApplication@3a4e7af9
----------------- Done invoking toplevel() on ptolemy.moml.MoMLSimpleApplication@3a4e7af9
reloadAllAccessors: .Clock18

===========================================================================================
----------------- testing Mon Feb 17 21:56:25 UTC 2020 /home/travis/build/icyphy/ptII/ptolemy/actor/lib/test/auto/Clock19.xml
----------------- Instantiating /home/travis/build/icyphy/ptII/ptolemy/actor/lib/test/auto/Clock19.xml
16 ms. Memory: 488448K Free: 409691K (84%)
----------------- Invoking toplevel() on ptolemy.moml.MoMLSimpleApplication@758eed2c
----------------- Done invoking toplevel() on ptolemy.moml.MoMLSimpleApplication@758eed2c
reloadAllAccessors: .Clock19

===========================================================================================
----------------- testing Mon Feb 17 21:56:25 UTC 2020 /home/travis/build/icyphy/ptII/ptolemy/actor/lib/test/auto/Clock2.xml
----------------- Instantiating /home/travis/build/icyphy/ptII/ptolemy/actor/lib/test/auto/Clock2.xml
7 ms. Memory: 488448K Free: 405595K (83%)
----------------- Invoking toplevel() on ptolemy.moml.MoMLSimpleApplication@45a07861
----------------- Done invoking toplevel() on ptolemy.moml.MoMLSimpleApplication@45a07861
reloadAllAccessors: .Clock2

===========================================================================================
----------------- testing Mon Feb 17 21:56:25 UTC 2020 /home/travis/build/icyphy/ptII/ptolemy/actor/lib/test/auto/Clock20.xml
----------------- Instantiating /home/travis/build/icyphy/ptII/ptolemy/actor/lib/test/auto/Clock20.xml
9 ms. Memory: 488448K Free: 399961K (82%)
----------------- Invoking toplevel() on ptolemy.moml.MoMLSimpleApplication@7d92fadf
----------------- Done invoking toplevel() on ptolemy.moml.MoMLSimpleApplication@7d92fadf
reloadAllAccessors: .Clock20

===========================================================================================
----------------- testing Mon Feb 17 21:56:25 UTC 2020 /home/travis/build/icyphy/ptII/ptolemy/actor/lib/test/auto/Clock21.xml
----------------- Instantiating /home/travis/build/icyphy/ptII/ptolemy/actor/lib/test/auto/Clock21.xml
8 ms. Memory: 488448K Free: 394841K (81%)
----------------- Invoking toplevel() on ptolemy.moml.MoMLSimpleApplication@6278479a
----------------- Done invoking toplevel() on ptolemy.moml.MoMLSimpleApplication@6278479a
reloadAllAccessors: .Clock21

===========================================================================================
----------------- testing Mon Feb 17 21:56:25 UTC 2020 /home/travis/build/icyphy/ptII/ptolemy/actor/lib/test/auto/Clock22.xml
----------------- Instantiating /home/travis/build/icyphy/ptII/ptolemy/actor/lib/test/auto/Clock22.xml
5 ms. Memory: 488448K Free: 389211K (80%)
----------------- Invoking toplevel() on ptolemy.moml.MoMLSimpleApplication@11e27ed4
----------------- Done invoking toplevel() on ptolemy.moml.MoMLSimpleApplication@11e27ed4
reloadAllAccessors: .Clock22

===========================================================================================
----------------- testing Mon Feb 17 21:56:25 UTC 2020 /home/travis/build/icyphy/ptII/ptolemy/actor/lib/test/auto/Clock23.xml
----------------- Instantiating /home/travis/build/icyphy/ptII/ptolemy/actor/lib/test/auto/Clock23.xml
5 ms. Memory: 488448K Free: 384091K (79%)
----------------- Invoking toplevel() on ptolemy.moml.MoMLSimpleApplication@267f338c
----------------- Done invoking toplevel() on ptolemy.moml.MoMLSimpleApplication@267f338c
reloadAllAccessors: .Clock23

===========================================================================================
----------------- testing Mon Feb 17 21:56:25 UTC 2020 /home/travis/build/icyphy/ptII/ptolemy/actor/lib/test/auto/Clock24.xml
----------------- Instantiating /home/travis/build/icyphy/ptII/ptolemy/actor/lib/test/auto/Clock24.xml
4 ms. Memory: 488448K Free: 378457K (77%)
----------------- Invoking toplevel() on ptolemy.moml.MoMLSimpleApplication@42cfa6c9
----------------- Done invoking toplevel() on ptolemy.moml.MoMLSimpleApplication@42cfa6c9
reloadAllAccessors: .Clock24

===========================================================================================
----------------- testing Mon Feb 17 21:56:25 UTC 2020 /home/travis/build/icyphy/ptII/ptolemy/actor/lib/test/auto/Clock4.xml
----------------- Instantiating /home/travis/build/icyphy/ptII/ptolemy/actor/lib/test/auto/Clock4.xml
2 ms. Memory: 488448K Free: 373306K (76%)
----------------- Invoking toplevel() on ptolemy.moml.MoMLSimpleApplication@78575c7b
----------------- Done invoking toplevel() on ptolemy.moml.MoMLSimpleApplication@78575c7b
reloadAllAccessors: .Clock4

===========================================================================================
----------------- testing Mon Feb 17 21:56:25 UTC 2020 /home/travis/build/icyphy/ptII/ptolemy/actor/lib/test/auto/Clock5.xml
----------------- Instantiating /home/travis/build/icyphy/ptII/ptolemy/actor/lib/test/auto/Clock5.xml
2 ms. Memory: 488448K Free: 368202K (75%)
----------------- Invoking toplevel() on ptolemy.moml.MoMLSimpleApplication@5fa7c456
----------------- Done invoking toplevel() on ptolemy.moml.MoMLSimpleApplication@5fa7c456
reloadAllAccessors: .Clock5

===========================================================================================
----------------- testing Mon Feb 17 21:56:25 UTC 2020 /home/travis/build/icyphy/ptII/ptolemy/actor/lib/test/auto/Clock6.xml
----------------- Instantiating /home/travis/build/icyphy/ptII/ptolemy/actor/lib/test/auto/Clock6.xml
3 ms. Memory: 488448K Free: 363611K (74%)
----------------- Invoking toplevel() on ptolemy.moml.MoMLSimpleApplication@6b4b4cf4
----------------- Done invoking toplevel() on ptolemy.moml.MoMLSimpleApplication@6b4b4cf4
reloadAllAccessors: .Clock6

===========================================================================================
----------------- testing Mon Feb 17 21:56:25 UTC 2020 /home/travis/build/icyphy/ptII/ptolemy/actor/lib/test/auto/Clock7.xml
----------------- Instantiating /home/travis/build/icyphy/ptII/ptolemy/actor/lib/test/auto/Clock7.xml
2 ms. Memory: 488448K Free: 359001K (73%)
----------------- Invoking toplevel() on ptolemy.moml.MoMLSimpleApplication@6c4b0e62
----------------- Done invoking toplevel() on ptolemy.moml.MoMLSimpleApplication@6c4b0e62
reloadAllAccessors: .Clock7

===========================================================================================
----------------- testing Mon Feb 17 21:56:25 UTC 2020 /home/travis/build/icyphy/ptII/ptolemy/actor/lib/test/auto/Clock8.xml
----------------- Instantiating /home/travis/build/icyphy/ptII/ptolemy/actor/lib/test/auto/Clock8.xml
5 ms. Memory: 488448K Free: 353371K (72%)
----------------- Invoking toplevel() on ptolemy.moml.MoMLSimpleApplication@6fbc3006
----------------- Done invoking toplevel() on ptolemy.moml.MoMLSimpleApplication@6fbc3006
reloadAllAccessors: .Clock8

===========================================================================================
----------------- testing Mon Feb 17 21:56:25 UTC 2020 /home/travis/build/icyphy/ptII/ptolemy/actor/lib/test/auto/Clock9.xml
----------------- Instantiating /home/travis/build/icyphy/ptII/ptolemy/actor/lib/test/auto/Clock9.xml
5 ms. Memory: 488448K Free: 347730K (71%)
----------------- Invoking toplevel() on ptolemy.moml.MoMLSimpleApplication@46032b7f
----------------- Done invoking toplevel() on ptolemy.moml.MoMLSimpleApplication@46032b7f
reloadAllAccessors: .Clock9

===========================================================================================
----------------- testing Mon Feb 17 21:56:25 UTC 2020 /home/travis/build/icyphy/ptII/ptolemy/actor/lib/test/auto/CommDistDiscard.xml
----------------- Instantiating /home/travis/build/icyphy/ptII/ptolemy/actor/lib/test/auto/CommDistDiscard.xml
4 ms. Memory: 488448K Free: 342617K (70%)
----------------- Invoking toplevel() on ptolemy.moml.MoMLSimpleApplication@184aee53
----------------- Done invoking toplevel() on ptolemy.moml.MoMLSimpleApplication@184aee53
reloadAllAccessors: .CommDistDiscard

===========================================================================================
----------------- testing Mon Feb 17 21:56:25 UTC 2020 /home/travis/build/icyphy/ptII/ptolemy/actor/lib/test/auto/Commutator.xml
----------------- Instantiating /home/travis/build/icyphy/ptII/ptolemy/actor/lib/test/auto/Commutator.xml
2 ms. Memory: 488448K Free: 338011K (69%)
----------------- Invoking toplevel() on ptolemy.moml.MoMLSimpleApplication@239179bb
----------------- Done invoking toplevel() on ptolemy.moml.MoMLSimpleApplication@239179bb
reloadAllAccessors: .Commutator

===========================================================================================
----------------- testing Mon Feb 17 21:56:25 UTC 2020 /home/travis/build/icyphy/ptII/ptolemy/actor/lib/test/auto/Commutator2.xml
----------------- Instantiating /home/travis/build/icyphy/ptII/ptolemy/actor/lib/test/auto/Commutator2.xml
2 ms. Memory: 488448K Free: 333915K (68%)
----------------- Invoking toplevel() on ptolemy.moml.MoMLSimpleApplication@411ea878
----------------- Done invoking toplevel() on ptolemy.moml.MoMLSimpleApplication@411ea878
reloadAllAccessors: .Commutator2

===========================================================================================
----------------- testing Mon Feb 17 21:56:25 UTC 2020 /home/travis/build/icyphy/ptII/ptolemy/actor/lib/test/auto/Commutator3.xml
----------------- Instantiating /home/travis/build/icyphy/ptII/ptolemy/actor/lib/test/auto/Commutator3.xml
2 ms. Memory: 488448K Free: 329305K (67%)
----------------- Invoking toplevel() on ptolemy.moml.MoMLSimpleApplication@506e252d
----------------- Done invoking toplevel() on ptolemy.moml.MoMLSimpleApplication@506e252d
reloadAllAccessors: .Commutator3

===========================================================================================
----------------- testing Mon Feb 17 21:56:25 UTC 2020 /home/travis/build/icyphy/ptII/ptolemy/actor/lib/test/auto/Compare.xml
----------------- Instantiating /home/travis/build/icyphy/ptII/ptolemy/actor/lib/test/auto/Compare.xml
2 ms. Memory: 488448K Free: 322651K (66%)
----------------- Invoking toplevel() on ptolemy.moml.MoMLSimpleApplication@16d00ff
----------------- Done invoking toplevel() on ptolemy.moml.MoMLSimpleApplication@16d00ff
reloadAllAccessors: .Compare

===========================================================================================
----------------- testing Mon Feb 17 21:56:25 UTC 2020 /home/travis/build/icyphy/ptII/ptolemy/actor/lib/test/auto/CompareDE.xml
----------------- Instantiating /home/travis/build/icyphy/ptII/ptolemy/actor/lib/test/auto/CompareDE.xml
5 ms. Memory: 488448K Free: 315978K (65%)
----------------- Invoking toplevel() on ptolemy.moml.MoMLSimpleApplication@71efdf49
----------------- Done invoking toplevel() on ptolemy.moml.MoMLSimpleApplication@71efdf49
reloadAllAccessors: .CompareDE

===========================================================================================
----------------- testing Mon Feb 17 21:56:25 UTC 2020 /home/travis/build/icyphy/ptII/ptolemy/actor/lib/test/auto/ComplexDivide.xml
----------------- Instantiating /home/travis/build/icyphy/ptII/ptolemy/actor/lib/test/auto/ComplexDivide.xml
1 ms. Memory: 488448K Free: 311897K (64%)
----------------- Invoking toplevel() on ptolemy.moml.MoMLSimpleApplication@2aaf5f93
----------------- Done invoking toplevel() on ptolemy.moml.MoMLSimpleApplication@2aaf5f93
reloadAllAccessors: .ComplexDivide

===========================================================================================
----------------- testing Mon Feb 17 21:56:25 UTC 2020 /home/travis/build/icyphy/ptII/ptolemy/actor/lib/test/auto/ComputeHistogram.xml
----------------- Instantiating /home/travis/build/icyphy/ptII/ptolemy/actor/lib/test/auto/ComputeHistogram.xml
22 ms. Memory: 488448K Free: 299609K (61%)
----------------- Invoking toplevel() on ptolemy.moml.MoMLSimpleApplication@605d93c9
----------------- Done invoking toplevel() on ptolemy.moml.MoMLSimpleApplication@605d93c9
reloadAllAccessors: .ComputeHistogram

===========================================================================================
----------------- testing Mon Feb 17 21:56:25 UTC 2020 /home/travis/build/icyphy/ptII/ptolemy/actor/lib/test/auto/ConfigurationSelect.xml
----------------- Instantiating /home/travis/build/icyphy/ptII/ptolemy/actor/lib/test/auto/ConfigurationSelect.xml
3 ms. Memory: 488448K Free: 293979K (60%)
----------------- Invoking toplevel() on ptolemy.moml.MoMLSimpleApplication@3f517d96
----------------- Done invoking toplevel() on ptolemy.moml.MoMLSimpleApplication@3f517d96
reloadAllAccessors: .ConfigurationSelect

===========================================================================================
----------------- testing Mon Feb 17 21:56:25 UTC 2020 /home/travis/build/icyphy/ptII/ptolemy/actor/lib/test/auto/ConfigurationSelect2.xml
----------------- Instantiating /home/travis/build/icyphy/ptII/ptolemy/actor/lib/test/auto/ConfigurationSelect2.xml
2 ms. Memory: 488448K Free: 289369K (59%)
----------------- Invoking toplevel() on ptolemy.moml.MoMLSimpleApplication@5232955d
----------------- Done invoking toplevel() on ptolemy.moml.MoMLSimpleApplication@5232955d
reloadAllAccessors: .ConfigurationSelect2

===========================================================================================
----------------- testing Mon Feb 17 21:56:25 UTC 2020 /home/travis/build/icyphy/ptII/ptolemy/actor/lib/test/auto/ConfigurationSwitch.xml
----------------- Instantiating /home/travis/build/icyphy/ptII/ptolemy/actor/lib/test/auto/ConfigurationSwitch.xml
2 ms. Memory: 488448K Free: 284249K (58%)
----------------- Invoking toplevel() on ptolemy.moml.MoMLSimpleApplication@15abcfd4
----------------- Done invoking toplevel() on ptolemy.moml.MoMLSimpleApplication@15abcfd4
reloadAllAccessors: .ConfigurationSwitch

===========================================================================================
----------------- testing Mon Feb 17 21:56:26 UTC 2020 /home/travis/build/icyphy/ptII/ptolemy/actor/lib/test/auto/ConfigurationSwitch2.xml
----------------- Instantiating /home/travis/build/icyphy/ptII/ptolemy/actor/lib/test/auto/ConfigurationSwitch2.xml
2 ms. Memory: 488448K Free: 278619K (57%)
----------------- Invoking toplevel() on ptolemy.moml.MoMLSimpleApplication@73b40d22
----------------- Done invoking toplevel() on ptolemy.moml.MoMLSimpleApplication@73b40d22
reloadAllAccessors: .ConfigurationSwitch2

===========================================================================================
----------------- testing Mon Feb 17 21:56:26 UTC 2020 /home/travis/build/icyphy/ptII/ptolemy/actor/lib/test/auto/ConfigurationSwitchCloningBugWithClassRelationGroup.xml
----------------- Instantiating /home/travis/build/icyphy/ptII/ptolemy/actor/lib/test/auto/ConfigurationSwitchCloningBugWithClassRelationGroup.xml
2 ms. Memory: 488448K Free: 271451K (56%)
----------------- Invoking toplevel() on ptolemy.moml.MoMLSimpleApplication@7f9501a5
----------------- Done invoking toplevel() on ptolemy.moml.MoMLSimpleApplication@7f9501a5
reloadAllAccessors: .ConfigurationSwitchCloningBugWithClassRelationGroup

===========================================================================================
----------------- testing Mon Feb 17 21:56:26 UTC 2020 /home/travis/build/icyphy/ptII/ptolemy/actor/lib/test/auto/ConfigurationSwitchSelectSDF.xml
----------------- Instantiating /home/travis/build/icyphy/ptII/ptolemy/actor/lib/test/auto/ConfigurationSwitchSelectSDF.xml
2 ms. Memory: 488448K Free: 265817K (54%)
----------------- Invoking toplevel() on ptolemy.moml.MoMLSimpleApplication@12d40689
----------------- Done invoking toplevel() on ptolemy.moml.MoMLSimpleApplication@12d40689
reloadAllAccessors: .ConfigurationSwitchSelectSDF

===========================================================================================
----------------- testing Mon Feb 17 21:56:26 UTC 2020 /home/travis/build/icyphy/ptII/ptolemy/actor/lib/test/auto/ConfigurationSwitchSelectSDF2.xml
----------------- Instantiating /home/travis/build/icyphy/ptII/ptolemy/actor/lib/test/auto/ConfigurationSwitchSelectSDF2.xml
2 ms. Memory: 488448K Free: 259673K (53%)
----------------- Invoking toplevel() on ptolemy.moml.MoMLSimpleApplication@45924698
----------------- Done invoking toplevel() on ptolemy.moml.MoMLSimpleApplication@45924698
reloadAllAccessors: .ConfigurationSwitchSelectSDF2

===========================================================================================
----------------- testing Mon Feb 17 21:56:26 UTC 2020 /home/travis/build/icyphy/ptII/ptolemy/actor/lib/test/auto/Const.xml
----------------- Instantiating /home/travis/build/icyphy/ptII/ptolemy/actor/lib/test/auto/Const.xml
1 ms. Memory: 488448K Free: 256091K (52%)
----------------- Invoking toplevel() on ptolemy.moml.MoMLSimpleApplication@5c614648
----------------- Done invoking toplevel() on ptolemy.moml.MoMLSimpleApplication@5c614648
reloadAllAccessors: .Const

===========================================================================================
----------------- testing Mon Feb 17 21:56:26 UTC 2020 /home/travis/build/icyphy/ptII/ptolemy/actor/lib/test/auto/Const2.xml
----------------- Instantiating /home/travis/build/icyphy/ptII/ptolemy/actor/lib/test/auto/Const2.xml
1 ms. Memory: 488448K Free: 252505K (52%)
----------------- Invoking toplevel() on ptolemy.moml.MoMLSimpleApplication@469c294c
----------------- Done invoking toplevel() on ptolemy.moml.MoMLSimpleApplication@469c294c
reloadAllAccessors: .Const2

===========================================================================================
----------------- testing Mon Feb 17 21:56:26 UTC 2020 /home/travis/build/icyphy/ptII/ptolemy/actor/lib/test/auto/Const3.xml
----------------- Instantiating /home/travis/build/icyphy/ptII/ptolemy/actor/lib/test/auto/Const3.xml
1 ms. Memory: 488448K Free: 249433K (51%)
----------------- Invoking toplevel() on ptolemy.moml.MoMLSimpleApplication@20d87de9
----------------- Done invoking toplevel() on ptolemy.moml.MoMLSimpleApplication@20d87de9
reloadAllAccessors: .Const3

===========================================================================================
----------------- testing Mon Feb 17 21:56:26 UTC 2020 /home/travis/build/icyphy/ptII/ptolemy/actor/lib/test/auto/ConstantPublisherPort1.xml
----------------- Instantiating /home/travis/build/icyphy/ptII/ptolemy/actor/lib/test/auto/ConstantPublisherPort1.xml
6 ms. Memory: 488448K Free: 241241K (49%)
----------------- Invoking toplevel() on ptolemy.moml.MoMLSimpleApplication@67d60254
----------------- Done invoking toplevel() on ptolemy.moml.MoMLSimpleApplication@67d60254
reloadAllAccessors: .ConstantPublisherPort1

===========================================================================================
----------------- testing Mon Feb 17 21:56:26 UTC 2020 /home/travis/build/icyphy/ptII/ptolemy/actor/lib/test/auto/ConstantPublisherPort2.xml
----------------- Instantiating /home/travis/build/icyphy/ptII/ptolemy/actor/lib/test/auto/ConstantPublisherPort2.xml
4 ms. Memory: 488448K Free: 233049K (48%)
----------------- Invoking toplevel() on ptolemy.moml.MoMLSimpleApplication@6dfab238
----------------- Done invoking toplevel() on ptolemy.moml.MoMLSimpleApplication@6dfab238
reloadAllAccessors: .ConstantPublisherPort2

===========================================================================================
----------------- testing Mon Feb 17 21:56:26 UTC 2020 /home/travis/build/icyphy/ptII/ptolemy/actor/lib/test/auto/ConstantPublisherPort3.xml
----------------- Instantiating /home/travis/build/icyphy/ptII/ptolemy/actor/lib/test/auto/ConstantPublisherPort3.xml
5 ms. Memory: 488448K Free: 225371K (46%)
----------------- Invoking toplevel() on ptolemy.moml.MoMLSimpleApplication@3bca4b63
----------------- Done invoking toplevel() on ptolemy.moml.MoMLSimpleApplication@3bca4b63
reloadAllAccessors: .ConstantPublisherPort3

===========================================================================================
----------------- testing Mon Feb 17 21:56:26 UTC 2020 /home/travis/build/icyphy/ptII/ptolemy/actor/lib/test/auto/ConstantPublisherPort4.xml
----------------- Instantiating /home/travis/build/icyphy/ptII/ptolemy/actor/lib/test/auto/ConstantPublisherPort4.xml
3 ms. Memory: 488448K Free: 218698K (45%)
----------------- Invoking toplevel() on ptolemy.moml.MoMLSimpleApplication@1e912323
----------------- Done invoking toplevel() on ptolemy.moml.MoMLSimpleApplication@1e912323
reloadAllAccessors: .ConstantPublisherPort4

===========================================================================================
----------------- testing Mon Feb 17 21:56:26 UTC 2020 /home/travis/build/icyphy/ptII/ptolemy/actor/lib/test/auto/ConstantPublisherPort5.xml
----------------- Instantiating /home/travis/build/icyphy/ptII/ptolemy/actor/lib/test/auto/ConstantPublisherPort5.xml
11 ms. Memory: 488448K Free: 209497K (43%)
----------------- Invoking toplevel() on ptolemy.moml.MoMLSimpleApplication@1aaf4df7
----------------- Done invoking toplevel() on ptolemy.moml.MoMLSimpleApplication@1aaf4df7
reloadAllAccessors: .ConstantPublisherPort5

===========================================================================================
----------------- testing Mon Feb 17 21:56:26 UTC 2020 /home/travis/build/icyphy/ptII/ptolemy/actor/lib/test/auto/ConstantPublisherPort6.xml
----------------- Instantiating /home/travis/build/icyphy/ptII/ptolemy/actor/lib/test/auto/ConstantPublisherPort6.xml
19 ms. Memory: 488448K Free: 200281K (41%)
----------------- Invoking toplevel() on ptolemy.moml.MoMLSimpleApplication@24422963
----------------- Done invoking toplevel() on ptolemy.moml.MoMLSimpleApplication@24422963
reloadAllAccessors: .ConstantPublisherPort6

===========================================================================================
----------------- testing Mon Feb 17 21:56:26 UTC 2020 /home/travis/build/icyphy/ptII/ptolemy/actor/lib/test/auto/ConstantPublisherPort7.xml
----------------- Instantiating /home/travis/build/icyphy/ptII/ptolemy/actor/lib/test/auto/ConstantPublisherPort7.xml
13 ms. Memory: 488448K Free: 191579K (39%)
----------------- Invoking toplevel() on ptolemy.moml.MoMLSimpleApplication@2a0013f3
----------------- Done invoking toplevel() on ptolemy.moml.MoMLSimpleApplication@2a0013f3
reloadAllAccessors: .ConstantPublisherPort7

===========================================================================================
----------------- testing Mon Feb 17 21:56:26 UTC 2020 /home/travis/build/icyphy/ptII/ptolemy/actor/lib/test/auto/ConstraintMonitor1.xml
----------------- Instantiating /home/travis/build/icyphy/ptII/ptolemy/actor/lib/test/auto/ConstraintMonitor1.xml
1 ms. Memory: 488448K Free: 186459K (38%)
----------------- Invoking toplevel() on ptolemy.moml.MoMLSimpleApplication@38e5dc05
----------------- Done invoking toplevel() on ptolemy.moml.MoMLSimpleApplication@38e5dc05
reloadAllAccessors: .ConstraintMonitor1

===========================================================================================
----------------- testing Mon Feb 17 21:56:26 UTC 2020 /home/travis/build/icyphy/ptII/ptolemy/actor/lib/test/auto/ConstraintMonitor2.xml
----------------- Instantiating /home/travis/build/icyphy/ptII/ptolemy/actor/lib/test/auto/ConstraintMonitor2.xml
3 ms. Memory: 488448K Free: 181339K (37%)
----------------- Invoking toplevel() on ptolemy.moml.MoMLSimpleApplication@4bfd3fe0
----------------- Done invoking toplevel() on ptolemy.moml.MoMLSimpleApplication@4bfd3fe0
reloadAllAccessors: .ConstraintMonitor2

===========================================================================================
----------------- testing Mon Feb 17 21:56:26 UTC 2020 /home/travis/build/icyphy/ptII/ptolemy/actor/lib/test/auto/ConstraintMonitor3.xml
----------------- Instantiating /home/travis/build/icyphy/ptII/ptolemy/actor/lib/test/auto/ConstraintMonitor3.xml
3 ms. Memory: 488448K Free: 177243K (36%)
----------------- Invoking toplevel() on ptolemy.moml.MoMLSimpleApplication@7ac183da
----------------- Done invoking toplevel() on ptolemy.moml.MoMLSimpleApplication@7ac183da
reloadAllAccessors: .ConstraintMonitor3

===========================================================================================
----------------- testing Mon Feb 17 21:56:26 UTC 2020 /home/travis/build/icyphy/ptII/ptolemy/actor/lib/test/auto/ConstraintMonitor4.xml
----------------- Instantiating /home/travis/build/icyphy/ptII/ptolemy/actor/lib/test/auto/ConstraintMonitor4.xml
1 ms. Memory: 488448K Free: 172123K (35%)
----------------- Invoking toplevel() on ptolemy.moml.MoMLSimpleApplication@7545fec
----------------- Done invoking toplevel() on ptolemy.moml.MoMLSimpleApplication@7545fec
reloadAllAccessors: .ConstraintMonitor4

===========================================================================================
----------------- testing Mon Feb 17 21:56:26 UTC 2020 /home/travis/build/icyphy/ptII/ptolemy/actor/lib/test/auto/ConstraintMonitor5.xml
----------------- Instantiating /home/travis/build/icyphy/ptII/ptolemy/actor/lib/test/auto/ConstraintMonitor5.xml
4 ms. Memory: 488448K Free: 166489K (34%)
----------------- Invoking toplevel() on ptolemy.moml.MoMLSimpleApplication@1174628e
----------------- Done invoking toplevel() on ptolemy.moml.MoMLSimpleApplication@1174628e
reloadAllAccessors: .ConstraintMonitor5

===========================================================================================
----------------- testing Mon Feb 17 21:56:26 UTC 2020 /home/travis/build/icyphy/ptII/ptolemy/actor/lib/test/auto/ConstraintMonitor6.xml
----------------- Instantiating /home/travis/build/icyphy/ptII/ptolemy/actor/lib/test/auto/ConstraintMonitor6.xml
3 ms. Memory: 488448K Free: 160859K (33%)
----------------- Invoking toplevel() on ptolemy.moml.MoMLSimpleApplication@7f91f9b6
----------------- Done invoking toplevel() on ptolemy.moml.MoMLSimpleApplication@7f91f9b6
reloadAllAccessors: .ConstraintMonitor6

===========================================================================================
----------------- testing Mon Feb 17 21:56:26 UTC 2020 /home/travis/build/icyphy/ptII/ptolemy/actor/lib/test/auto/ConstraintMonitor7.xml
----------------- Instantiating /home/travis/build/icyphy/ptII/ptolemy/actor/lib/test/auto/ConstraintMonitor7.xml
40 ms. Memory: 488448K Free: 437818K (90%)
----------------- Invoking toplevel() on ptolemy.moml.MoMLSimpleApplication@69bfaf25
----------------- Done invoking toplevel() on ptolemy.moml.MoMLSimpleApplication@69bfaf25
reloadAllAccessors: .ConstraintMonitor7

===========================================================================================
----------------- testing Mon Feb 17 21:56:26 UTC 2020 /home/travis/build/icyphy/ptII/ptolemy/actor/lib/test/auto/ConstraintMonitor8.xml
----------------- Instantiating /home/travis/build/icyphy/ptII/ptolemy/actor/lib/test/auto/ConstraintMonitor8.xml
9 ms. Memory: 488448K Free: 429657K (88%)
----------------- Invoking toplevel() on ptolemy.moml.MoMLSimpleApplication@6cc31a7
----------------- Done invoking toplevel() on ptolemy.moml.MoMLSimpleApplication@6cc31a7
reloadAllAccessors: .ConstraintMonitor8

===========================================================================================
----------------- testing Mon Feb 17 21:56:26 UTC 2020 /home/travis/build/icyphy/ptII/ptolemy/actor/lib/test/auto/Counter.xml
----------------- Instantiating /home/travis/build/icyphy/ptII/ptolemy/actor/lib/test/auto/Counter.xml
2 ms. Memory: 488448K Free: 424537K (87%)
----------------- Invoking toplevel() on ptolemy.moml.MoMLSimpleApplication@32e22d2e
----------------- Done invoking toplevel() on ptolemy.moml.MoMLSimpleApplication@32e22d2e
reloadAllAccessors: .Counter

===========================================================================================
----------------- testing Mon Feb 17 21:56:26 UTC 2020 /home/travis/build/icyphy/ptII/ptolemy/actor/lib/test/auto/CurrentTimeSDF.xml
----------------- Instantiating /home/travis/build/icyphy/ptII/ptolemy/actor/lib/test/auto/CurrentTimeSDF.xml
2 ms. Memory: 488448K Free: 420955K (86%)
----------------- Invoking toplevel() on ptolemy.moml.MoMLSimpleApplication@612434c4
----------------- Done invoking toplevel() on ptolemy.moml.MoMLSimpleApplication@612434c4
reloadAllAccessors: .CurrentTimeSDF

===========================================================================================
----------------- testing Mon Feb 17 21:56:26 UTC 2020 /home/travis/build/icyphy/ptII/ptolemy/actor/lib/test/auto/DB.xml
----------------- Instantiating /home/travis/build/icyphy/ptII/ptolemy/actor/lib/test/auto/DB.xml
1 ms. Memory: 488448K Free: 415321K (85%)
----------------- Invoking toplevel() on ptolemy.moml.MoMLSimpleApplication@256ab87d
----------------- Done invoking toplevel() on ptolemy.moml.MoMLSimpleApplication@256ab87d
reloadAllAccessors: .DB

===========================================================================================
----------------- testing Mon Feb 17 21:56:26 UTC 2020 /home/travis/build/icyphy/ptII/ptolemy/actor/lib/test/auto/DBDE.xml
----------------- Instantiating /home/travis/build/icyphy/ptII/ptolemy/actor/lib/test/auto/DBDE.xml
3 ms. Memory: 488448K Free: 409146K (84%)
----------------- Invoking toplevel() on ptolemy.moml.MoMLSimpleApplication@24fd3be3
----------------- Done invoking toplevel() on ptolemy.moml.MoMLSimpleApplication@24fd3be3
reloadAllAccessors: .DBDE

===========================================================================================
----------------- testing Mon Feb 17 21:56:26 UTC 2020 /home/travis/build/icyphy/ptII/ptolemy/actor/lib/test/auto/DateConstructor.xml
----------------- Instantiating /home/travis/build/icyphy/ptII/ptolemy/actor/lib/test/auto/DateConstructor.xml
29 ms. Memory: 488448K Free: 392283K (80%)
----------------- Invoking toplevel() on ptolemy.moml.MoMLSimpleApplication@a8233b5
----------------- Done invoking toplevel() on ptolemy.moml.MoMLSimpleApplication@a8233b5
reloadAllAccessors: .DateConstructor

===========================================================================================
----------------- testing Mon Feb 17 21:56:26 UTC 2020 /home/travis/build/icyphy/ptII/ptolemy/actor/lib/test/auto/DelayTime.xml
----------------- Instantiating /home/travis/build/icyphy/ptII/ptolemy/actor/lib/test/auto/DelayTime.xml
5 ms. Memory: 488448K Free: 387163K (79%)
----------------- Invoking toplevel() on ptolemy.moml.MoMLSimpleApplication@2d279a0e
----------------- Done invoking toplevel() on ptolemy.moml.MoMLSimpleApplication@2d279a0e
reloadAllAccessors: .DelayTime

===========================================================================================
----------------- testing Mon Feb 17 21:56:26 UTC 2020 /home/travis/build/icyphy/ptII/ptolemy/actor/lib/test/auto/Dictionary1.xml
----------------- Instantiating /home/travis/build/icyphy/ptII/ptolemy/actor/lib/test/auto/Dictionary1.xml
1 ms. Memory: 488448K Free: 381529K (78%)
----------------- Invoking toplevel() on ptolemy.moml.MoMLSimpleApplication@50e400e9
----------------- Done invoking toplevel() on ptolemy.moml.MoMLSimpleApplication@50e400e9
reloadAllAccessors: .Dictionary1

===========================================================================================
----------------- testing Mon Feb 17 21:56:26 UTC 2020 /home/travis/build/icyphy/ptII/ptolemy/actor/lib/test/auto/Dictionary2.xml
----------------- Instantiating /home/travis/build/icyphy/ptII/ptolemy/actor/lib/test/auto/Dictionary2.xml
1 ms. Memory: 488448K Free: 376409K (77%)
----------------- Invoking toplevel() on ptolemy.moml.MoMLSimpleApplication@404c167f
----------------- Done invoking toplevel() on ptolemy.moml.MoMLSimpleApplication@404c167f
reloadAllAccessors: .Dictionary2

===========================================================================================
----------------- testing Mon Feb 17 21:56:26 UTC 2020 /home/travis/build/icyphy/ptII/ptolemy/actor/lib/test/auto/Dictionary3.xml
----------------- Instantiating /home/travis/build/icyphy/ptII/ptolemy/actor/lib/test/auto/Dictionary3.xml
2 ms. Memory: 488448K Free: 370779K (76%)
----------------- Invoking toplevel() on ptolemy.moml.MoMLSimpleApplication@1ddc9a16
----------------- Done invoking toplevel() on ptolemy.moml.MoMLSimpleApplication@1ddc9a16
reloadAllAccessors: .Dictionary3

===========================================================================================
----------------- testing Mon Feb 17 21:56:26 UTC 2020 /home/travis/build/icyphy/ptII/ptolemy/actor/lib/test/auto/Dictionary4.xml
----------------- Instantiating /home/travis/build/icyphy/ptII/ptolemy/actor/lib/test/auto/Dictionary4.xml
3 ms. Memory: 488448K Free: 363611K (74%)
----------------- Invoking toplevel() on ptolemy.moml.MoMLSimpleApplication@af2bd7b
----------------- Done invoking toplevel() on ptolemy.moml.MoMLSimpleApplication@af2bd7b
reloadAllAccessors: .Dictionary4

===========================================================================================
----------------- testing Mon Feb 17 21:56:26 UTC 2020 /home/travis/build/icyphy/ptII/ptolemy/actor/lib/test/auto/Differential.xml
----------------- Instantiating /home/travis/build/icyphy/ptII/ptolemy/actor/lib/test/auto/Differential.xml
2 ms. Memory: 488448K Free: 359001K (73%)
----------------- Invoking toplevel() on ptolemy.moml.MoMLSimpleApplication@548481fe
----------------- Done invoking toplevel() on ptolemy.moml.MoMLSimpleApplication@548481fe
reloadAllAccessors: .Differential

===========================================================================================
----------------- testing Mon Feb 17 21:56:26 UTC 2020 /home/travis/build/icyphy/ptII/ptolemy/actor/lib/test/auto/Director.xml
----------------- Instantiating /home/travis/build/icyphy/ptII/ptolemy/actor/lib/test/auto/Director.xml
3 ms. Memory: 488448K Free: 355929K (73%)
----------------- Invoking toplevel() on ptolemy.moml.MoMLSimpleApplication@70c67280
----------------- Done invoking toplevel() on ptolemy.moml.MoMLSimpleApplication@70c67280
reloadAllAccessors: .Director

===========================================================================================
----------------- testing Mon Feb 17 21:56:26 UTC 2020 /home/travis/build/icyphy/ptII/ptolemy/actor/lib/test/auto/DiscreteClock.xml
----------------- Instantiating /home/travis/build/icyphy/ptII/ptolemy/actor/lib/test/auto/DiscreteClock.xml
2 ms. Memory: 488448K Free: 351833K (72%)
----------------- Invoking toplevel() on ptolemy.moml.MoMLSimpleApplication@4f9232dd
----------------- Done invoking toplevel() on ptolemy.moml.MoMLSimpleApplication@4f9232dd
reloadAllAccessors: .DiscreteClock

===========================================================================================
----------------- testing Mon Feb 17 21:56:26 UTC 2020 /home/travis/build/icyphy/ptII/ptolemy/actor/lib/test/auto/DiscreteClock10.xml
----------------- Instantiating /home/travis/build/icyphy/ptII/ptolemy/actor/lib/test/auto/DiscreteClock10.xml
1 ms. Memory: 488448K Free: 345689K (71%)
----------------- Invoking toplevel() on ptolemy.moml.MoMLSimpleApplication@1fbac134
----------------- Done invoking toplevel() on ptolemy.moml.MoMLSimpleApplication@1fbac134
reloadAllAccessors: .DiscreteClock10

===========================================================================================
----------------- testing Mon Feb 17 21:56:26 UTC 2020 /home/travis/build/icyphy/ptII/ptolemy/actor/lib/test/auto/DiscreteClock11.xml
----------------- Instantiating /home/travis/build/icyphy/ptII/ptolemy/actor/lib/test/auto/DiscreteClock11.xml
2 ms. Memory: 488448K Free: 340059K (70%)
----------------- Invoking toplevel() on ptolemy.moml.MoMLSimpleApplication@14427c31
----------------- Done invoking toplevel() on ptolemy.moml.MoMLSimpleApplication@14427c31
reloadAllAccessors: .DiscreteClock11

===========================================================================================
----------------- testing Mon Feb 17 21:56:26 UTC 2020 /home/travis/build/icyphy/ptII/ptolemy/actor/lib/test/auto/DiscreteClock12.xml
----------------- Instantiating /home/travis/build/icyphy/ptII/ptolemy/actor/lib/test/auto/DiscreteClock12.xml
3 ms. Memory: 488448K Free: 333915K (68%)
----------------- Invoking toplevel() on ptolemy.moml.MoMLSimpleApplication@2bf0f377
----------------- Done invoking toplevel() on ptolemy.moml.MoMLSimpleApplication@2bf0f377
reloadAllAccessors: .DiscreteClock12

===========================================================================================
----------------- testing Mon Feb 17 21:56:26 UTC 2020 /home/travis/build/icyphy/ptII/ptolemy/actor/lib/test/auto/DiscreteClock13.xml
----------------- Instantiating /home/travis/build/icyphy/ptII/ptolemy/actor/lib/test/auto/DiscreteClock13.xml
4 ms. Memory: 488448K Free: 327771K (67%)
----------------- Invoking toplevel() on ptolemy.moml.MoMLSimpleApplication@58bc7783
----------------- Done invoking toplevel() on ptolemy.moml.MoMLSimpleApplication@58bc7783
reloadAllAccessors: .DiscreteClock13

===========================================================================================
----------------- testing Mon Feb 17 21:56:26 UTC 2020 /home/travis/build/icyphy/ptII/ptolemy/actor/lib/test/auto/DiscreteClock14.xml
----------------- Instantiating /home/travis/build/icyphy/ptII/ptolemy/actor/lib/test/auto/DiscreteClock14.xml
5 ms. Memory: 488448K Free: 321627K (66%)
----------------- Invoking toplevel() on ptolemy.moml.MoMLSimpleApplication@20bf45bd
----------------- Done invoking toplevel() on ptolemy.moml.MoMLSimpleApplication@20bf45bd
reloadAllAccessors: .DiscreteClock14

===========================================================================================
----------------- testing Mon Feb 17 21:56:26 UTC 2020 /home/travis/build/icyphy/ptII/ptolemy/actor/lib/test/auto/DiscreteClock15.xml
----------------- Instantiating /home/travis/build/icyphy/ptII/ptolemy/actor/lib/test/auto/DiscreteClock15.xml
4 ms. Memory: 488448K Free: 315962K (65%)
----------------- Invoking toplevel() on ptolemy.moml.MoMLSimpleApplication@2004a065
----------------- Done invoking toplevel() on ptolemy.moml.MoMLSimpleApplication@2004a065
reloadAllAccessors: .DiscreteClock15

===========================================================================================
----------------- testing Mon Feb 17 21:56:26 UTC 2020 /home/travis/build/icyphy/ptII/ptolemy/actor/lib/test/auto/DiscreteClock16.xml
----------------- Instantiating /home/travis/build/icyphy/ptII/ptolemy/actor/lib/test/auto/DiscreteClock16.xml
12 ms. Memory: 488448K Free: 302171K (62%)
----------------- Invoking toplevel() on ptolemy.moml.MoMLSimpleApplication@5169e819
----------------- Done invoking toplevel() on ptolemy.moml.MoMLSimpleApplication@5169e819
reloadAllAccessors: .DiscreteClock16

===========================================================================================
----------------- testing Mon Feb 17 21:56:26 UTC 2020 /home/travis/build/icyphy/ptII/ptolemy/actor/lib/test/auto/DiscreteClock17.xml
----------------- Instantiating /home/travis/build/icyphy/ptII/ptolemy/actor/lib/test/auto/DiscreteClock17.xml
15 ms. Memory: 488448K Free: 287314K (59%)
----------------- Invoking toplevel() on ptolemy.moml.MoMLSimpleApplication@d1ce268
----------------- Done invoking toplevel() on ptolemy.moml.MoMLSimpleApplication@d1ce268
reloadAllAccessors: .DiscreteClock17

===========================================================================================
----------------- testing Mon Feb 17 21:56:26 UTC 2020 /home/travis/build/icyphy/ptII/ptolemy/actor/lib/test/auto/DiscreteClock18.xml
----------------- Instantiating /home/travis/build/icyphy/ptII/ptolemy/actor/lib/test/auto/DiscreteClock18.xml
10 ms. Memory: 488448K Free: 274009K (56%)
----------------- Invoking toplevel() on ptolemy.moml.MoMLSimpleApplication@62b9462f
----------------- Done invoking toplevel() on ptolemy.moml.MoMLSimpleApplication@62b9462f
reloadAllAccessors: .DiscreteClock18

===========================================================================================
----------------- testing Mon Feb 17 21:56:27 UTC 2020 /home/travis/build/icyphy/ptII/ptolemy/actor/lib/test/auto/DiscreteClock19.xml
----------------- Instantiating /home/travis/build/icyphy/ptII/ptolemy/actor/lib/test/auto/DiscreteClock19.xml
22 ms. Memory: 488448K Free: 260187K (53%)
----------------- Invoking toplevel() on ptolemy.moml.MoMLSimpleApplication@32b71b8e
----------------- Done invoking toplevel() on ptolemy.moml.MoMLSimpleApplication@32b71b8e
reloadAllAccessors: .DiscreteClock19

===========================================================================================
----------------- testing Mon Feb 17 21:56:27 UTC 2020 /home/travis/build/icyphy/ptII/ptolemy/actor/lib/test/auto/DiscreteClock2.xml
----------------- Instantiating /home/travis/build/icyphy/ptII/ptolemy/actor/lib/test/auto/DiscreteClock2.xml
6 ms. Memory: 488448K Free: 255067K (52%)
----------------- Invoking toplevel() on ptolemy.moml.MoMLSimpleApplication@36bf90fe
----------------- Done invoking toplevel() on ptolemy.moml.MoMLSimpleApplication@36bf90fe
reloadAllAccessors: .DiscreteClock2

===========================================================================================
----------------- testing Mon Feb 17 21:56:27 UTC 2020 /home/travis/build/icyphy/ptII/ptolemy/actor/lib/test/auto/DiscreteClock20.xml
----------------- Instantiating /home/travis/build/icyphy/ptII/ptolemy/actor/lib/test/auto/DiscreteClock20.xml
8 ms. Memory: 488448K Free: 249433K (51%)
----------------- Invoking toplevel() on ptolemy.moml.MoMLSimpleApplication@46b213b
----------------- Done invoking toplevel() on ptolemy.moml.MoMLSimpleApplication@46b213b
reloadAllAccessors: .DiscreteClock20

===========================================================================================
----------------- testing Mon Feb 17 21:56:27 UTC 2020 /home/travis/build/icyphy/ptII/ptolemy/actor/lib/test/auto/DiscreteClock21.xml
----------------- Instantiating /home/travis/build/icyphy/ptII/ptolemy/actor/lib/test/auto/DiscreteClock21.xml
7 ms. Memory: 488448K Free: 244313K (50%)
----------------- Invoking toplevel() on ptolemy.moml.MoMLSimpleApplication@4358c06d
----------------- Done invoking toplevel() on ptolemy.moml.MoMLSimpleApplication@4358c06d
reloadAllAccessors: .DiscreteClock21

===========================================================================================
----------------- testing Mon Feb 17 21:56:27 UTC 2020 /home/travis/build/icyphy/ptII/ptolemy/actor/lib/test/auto/DiscreteClock22.xml
----------------- Instantiating /home/travis/build/icyphy/ptII/ptolemy/actor/lib/test/auto/DiscreteClock22.xml
4 ms. Memory: 488448K Free: 238683K (49%)
----------------- Invoking toplevel() on ptolemy.moml.MoMLSimpleApplication@10266526
----------------- Done invoking toplevel() on ptolemy.moml.MoMLSimpleApplication@10266526
reloadAllAccessors: .DiscreteClock22

===========================================================================================
----------------- testing Mon Feb 17 21:56:27 UTC 2020 /home/travis/build/icyphy/ptII/ptolemy/actor/lib/test/auto/DiscreteClock23.xml
----------------- Instantiating /home/travis/build/icyphy/ptII/ptolemy/actor/lib/test/auto/DiscreteClock23.xml
5 ms. Memory: 488448K Free: 232539K (48%)
----------------- Invoking toplevel() on ptolemy.moml.MoMLSimpleApplication@3796b038
----------------- Done invoking toplevel() on ptolemy.moml.MoMLSimpleApplication@3796b038
reloadAllAccessors: .DiscreteClock23

===========================================================================================
----------------- testing Mon Feb 17 21:56:27 UTC 2020 /home/travis/build/icyphy/ptII/ptolemy/actor/lib/test/auto/DiscreteClock24.xml
----------------- Instantiating /home/travis/build/icyphy/ptII/ptolemy/actor/lib/test/auto/DiscreteClock24.xml
4 ms. Memory: 488448K Free: 227419K (47%)
----------------- Invoking toplevel() on ptolemy.moml.MoMLSimpleApplication@38aba302
----------------- Done invoking toplevel() on ptolemy.moml.MoMLSimpleApplication@38aba302
reloadAllAccessors: .DiscreteClock24

===========================================================================================
----------------- testing Mon Feb 17 21:56:27 UTC 2020 /home/travis/build/icyphy/ptII/ptolemy/actor/lib/test/auto/DiscreteClock4.xml
----------------- Instantiating /home/travis/build/icyphy/ptII/ptolemy/actor/lib/test/auto/DiscreteClock4.xml
1 ms. Memory: 488448K Free: 221785K (45%)
----------------- Invoking toplevel() on ptolemy.moml.MoMLSimpleApplication@1c1386e4
----------------- Done invoking toplevel() on ptolemy.moml.MoMLSimpleApplication@1c1386e4
reloadAllAccessors: .DiscreteClock4

===========================================================================================
----------------- testing Mon Feb 17 21:56:27 UTC 2020 /home/travis/build/icyphy/ptII/ptolemy/actor/lib/test/auto/DiscreteClock5.xml
----------------- Instantiating /home/travis/build/icyphy/ptII/ptolemy/actor/lib/test/auto/DiscreteClock5.xml
1 ms. Memory: 488448K Free: 216155K (44%)
----------------- Invoking toplevel() on ptolemy.moml.MoMLSimpleApplication@91b468d
----------------- Done invoking toplevel() on ptolemy.moml.MoMLSimpleApplication@91b468d
reloadAllAccessors: .DiscreteClock5

===========================================================================================
----------------- testing Mon Feb 17 21:56:27 UTC 2020 /home/travis/build/icyphy/ptII/ptolemy/actor/lib/test/auto/DiscreteClock6.xml
----------------- Instantiating /home/travis/build/icyphy/ptII/ptolemy/actor/lib/test/auto/DiscreteClock6.xml
2 ms. Memory: 488448K Free: 211545K (43%)
----------------- Invoking toplevel() on ptolemy.moml.MoMLSimpleApplication@3b10d7d5
----------------- Done invoking toplevel() on ptolemy.moml.MoMLSimpleApplication@3b10d7d5
reloadAllAccessors: .DiscreteClock6

===========================================================================================
----------------- testing Mon Feb 17 21:56:27 UTC 2020 /home/travis/build/icyphy/ptII/ptolemy/actor/lib/test/auto/DiscreteClock7.xml
----------------- Instantiating /home/travis/build/icyphy/ptII/ptolemy/actor/lib/test/auto/DiscreteClock7.xml
2 ms. Memory: 488448K Free: 207449K (42%)
----------------- Invoking toplevel() on ptolemy.moml.MoMLSimpleApplication@4ccb1e6d
----------------- Done invoking toplevel() on ptolemy.moml.MoMLSimpleApplication@4ccb1e6d
reloadAllAccessors: .DiscreteClock7

===========================================================================================
----------------- testing Mon Feb 17 21:56:27 UTC 2020 /home/travis/build/icyphy/ptII/ptolemy/actor/lib/test/auto/DiscreteClock8.xml
----------------- Instantiating /home/travis/build/icyphy/ptII/ptolemy/actor/lib/test/auto/DiscreteClock8.xml
2 ms. Memory: 488448K Free: 201819K (41%)
----------------- Invoking toplevel() on ptolemy.moml.MoMLSimpleApplication@ee37139
----------------- Done invoking toplevel() on ptolemy.moml.MoMLSimpleApplication@ee37139
reloadAllAccessors: .DiscreteClock8

===========================================================================================
----------------- testing Mon Feb 17 21:56:27 UTC 2020 /home/travis/build/icyphy/ptII/ptolemy/actor/lib/test/auto/DiscreteClock9.xml
----------------- Instantiating /home/travis/build/icyphy/ptII/ptolemy/actor/lib/test/auto/DiscreteClock9.xml
2 ms. Memory: 488448K Free: 195675K (40%)
----------------- Invoking toplevel() on ptolemy.moml.MoMLSimpleApplication@4ce3092d
----------------- Done invoking toplevel() on ptolemy.moml.MoMLSimpleApplication@4ce3092d
reloadAllAccessors: .DiscreteClock9

===========================================================================================
----------------- testing Mon Feb 17 21:56:27 UTC 2020 /home/travis/build/icyphy/ptII/ptolemy/actor/lib/test/auto/DisplayArray.xml
----------------- Instantiating /home/travis/build/icyphy/ptII/ptolemy/actor/lib/test/auto/DisplayArray.xml
1 ms. Memory: 488448K Free: 192603K (39%)
----------------- Invoking toplevel() on ptolemy.moml.MoMLSimpleApplication@6f51e08b
----------------- Done invoking toplevel() on ptolemy.moml.MoMLSimpleApplication@6f51e08b
reloadAllAccessors: .DisplayArray

===========================================================================================
----------------- testing Mon Feb 17 21:56:27 UTC 2020 /home/travis/build/icyphy/ptII/ptolemy/actor/lib/test/auto/Distributor.xml
----------------- Instantiating /home/travis/build/icyphy/ptII/ptolemy/actor/lib/test/auto/Distributor.xml
2 ms. Memory: 488448K Free: 187483K (38%)
----------------- Invoking toplevel() on ptolemy.moml.MoMLSimpleApplication@15ccff87
----------------- Done invoking toplevel() on ptolemy.moml.MoMLSimpleApplication@15ccff87
reloadAllAccessors: .Distributor

===========================================================================================
----------------- testing Mon Feb 17 21:56:27 UTC 2020 /home/travis/build/icyphy/ptII/ptolemy/actor/lib/test/auto/Distributor2.xml
----------------- Instantiating /home/travis/build/icyphy/ptII/ptolemy/actor/lib/test/auto/Distributor2.xml
1 ms. Memory: 488448K Free: 182873K (37%)
----------------- Invoking toplevel() on ptolemy.moml.MoMLSimpleApplication@5534ad6e
----------------- Done invoking toplevel() on ptolemy.moml.MoMLSimpleApplication@5534ad6e
reloadAllAccessors: .Distributor2

===========================================================================================
----------------- testing Mon Feb 17 21:56:27 UTC 2020 /home/travis/build/icyphy/ptII/ptolemy/actor/lib/test/auto/DownSample.xml
----------------- Instantiating /home/travis/build/icyphy/ptII/ptolemy/actor/lib/test/auto/DownSample.xml
1 ms. Memory: 488448K Free: 177753K (36%)
----------------- Invoking toplevel() on ptolemy.moml.MoMLSimpleApplication@2f0ebcc
----------------- Done invoking toplevel() on ptolemy.moml.MoMLSimpleApplication@2f0ebcc
reloadAllAccessors: .DownSample

===========================================================================================
----------------- testing Mon Feb 17 21:56:27 UTC 2020 /home/travis/build/icyphy/ptII/ptolemy/actor/lib/test/auto/ElectronicUnitBase1.xml
----------------- Instantiating /home/travis/build/icyphy/ptII/ptolemy/actor/lib/test/auto/ElectronicUnitBase1.xml
17 ms. Memory: 488448K Free: 161883K (33%)
----------------- Invoking toplevel() on ptolemy.moml.MoMLSimpleApplication@67bdcedd
----------------- Done invoking toplevel() on ptolemy.moml.MoMLSimpleApplication@67bdcedd
reloadAllAccessors: .ElectronicUnitBase1

===========================================================================================
----------------- testing Mon Feb 17 21:56:27 UTC 2020 /home/travis/build/icyphy/ptII/ptolemy/actor/lib/test/auto/ElementsToArray.xml
----------------- Instantiating /home/travis/build/icyphy/ptII/ptolemy/actor/lib/test/auto/ElementsToArray.xml
2 ms. Memory: 488448K Free: 156763K (32%)
----------------- Invoking toplevel() on ptolemy.moml.MoMLSimpleApplication@2a42db2d
----------------- Done invoking toplevel() on ptolemy.moml.MoMLSimpleApplication@2a42db2d
reloadAllAccessors: .ElementsToArray

===========================================================================================
----------------- testing Mon Feb 17 21:56:27 UTC 2020 /home/travis/build/icyphy/ptII/ptolemy/actor/lib/test/auto/Equals.xml
----------------- Instantiating /home/travis/build/icyphy/ptII/ptolemy/actor/lib/test/auto/Equals.xml
3 ms. Memory: 488448K Free: 435282K (89%)
----------------- Invoking toplevel() on ptolemy.moml.MoMLSimpleApplication@2c94e2e0
----------------- Done invoking toplevel() on ptolemy.moml.MoMLSimpleApplication@2c94e2e0
reloadAllAccessors: .Equals

===========================================================================================
----------------- testing Mon Feb 17 21:56:27 UTC 2020 /home/travis/build/icyphy/ptII/ptolemy/actor/lib/test/auto/Exec.xml
----------------- Instantiating /home/travis/build/icyphy/ptII/ptolemy/actor/lib/test/auto/Exec.xml
16 ms. Memory: 488448K Free: 429145K (88%)
----------------- Invoking toplevel() on ptolemy.moml.MoMLSimpleApplication@df2c7d
----------------- Done invoking toplevel() on ptolemy.moml.MoMLSimpleApplication@df2c7d
reloadAllAccessors: .Exec

===========================================================================================
----------------- testing Mon Feb 17 21:56:27 UTC 2020 /home/travis/build/icyphy/ptII/ptolemy/actor/lib/test/auto/ExecEnvironment.xml
----------------- Instantiating /home/travis/build/icyphy/ptII/ptolemy/actor/lib/test/auto/ExecEnvironment.xml
26 ms. Memory: 488448K Free: 423515K (87%)
----------------- Invoking toplevel() on ptolemy.moml.MoMLSimpleApplication@7b1a178f
----------------- Done invoking toplevel() on ptolemy.moml.MoMLSimpleApplication@7b1a178f
reloadAllAccessors: .ExecEnvironment

===========================================================================================
----------------- testing Mon Feb 17 21:56:27 UTC 2020 /home/travis/build/icyphy/ptII/ptolemy/actor/lib/test/auto/ExecNonZeroReturnOutput.xml
----------------- Instantiating /home/travis/build/icyphy/ptII/ptolemy/actor/lib/test/auto/ExecNonZeroReturnOutput.xml
160 ms. Memory: 488448K Free: 412251K (84%)
----------------- Invoking toplevel() on ptolemy.moml.MoMLSimpleApplication@b6baae
----------------- Done invoking toplevel() on ptolemy.moml.MoMLSimpleApplication@b6baae
reloadAllAccessors: .ExecNonZeroReturnOutput

===========================================================================================
----------------- testing Mon Feb 17 21:56:27 UTC 2020 /home/travis/build/icyphy/ptII/ptolemy/actor/lib/test/auto/ExecRunDemos.xml
----------------- Instantiating /home/travis/build/icyphy/ptII/ptolemy/actor/lib/test/auto/ExecRunDemos.xml
Finished: 91 ms. Memory: 129024K Free: 112124K (87%)

Finished: 62 ms. Memory: 129024K Free: 109502K (85%)

Finished: 78 ms. Memory: 129024K Free: 109517K (85%)

Finished: 87 ms. Memory: 129024K Free: 111176K (86%)

Finished: 74 ms. Memory: 129024K Free: 112016K (87%)

10593 ms. Memory: 488448K Free: 390747K (80%)
----------------- Invoking toplevel() on ptolemy.moml.MoMLSimpleApplication@7885f9a3
----------------- Done invoking toplevel() on ptolemy.moml.MoMLSimpleApplication@7885f9a3
reloadAllAccessors: .ExecRunDemos

===========================================================================================
----------------- testing Mon Feb 17 21:56:38 UTC 2020 /home/travis/build/icyphy/ptII/ptolemy/actor/lib/test/auto/ExecStop.xml
----------------- Instantiating /home/travis/build/icyphy/ptII/ptolemy/actor/lib/test/auto/ExecStop.xml
5017 ms. Memory: 488448K Free: 263771K (54%)
----------------- Invoking toplevel() on ptolemy.moml.MoMLSimpleApplication@1aa0b8ba
----------------- Done invoking toplevel() on ptolemy.moml.MoMLSimpleApplication@1aa0b8ba
reloadAllAccessors: .ExecStop

===========================================================================================
----------------- testing Mon Feb 17 21:56:43 UTC 2020 /home/travis/build/icyphy/ptII/ptolemy/actor/lib/test/auto/ExecutionTimeSDF.xml
----------------- Instantiating /home/travis/build/icyphy/ptII/ptolemy/actor/lib/test/auto/ExecutionTimeSDF.xml
Fired ExecutionTime: -841767296
Fired ExecutionTime: 1331200000
Fired ExecutionTime: 1346000000
6007 ms. Memory: 488448K Free: 251483K (51%)
----------------- Invoking toplevel() on ptolemy.moml.MoMLSimpleApplication@4e426f9
----------------- Done invoking toplevel() on ptolemy.moml.MoMLSimpleApplication@4e426f9
reloadAllAccessors: .ExecutionTimeSDF

===========================================================================================
----------------- testing Mon Feb 17 21:56:49 UTC 2020 /home/travis/build/icyphy/ptII/ptolemy/actor/lib/test/auto/Expression1.xml
----------------- Instantiating /home/travis/build/icyphy/ptII/ptolemy/actor/lib/test/auto/Expression1.xml
1 ms. Memory: 488448K Free: 248411K (51%)
----------------- Invoking toplevel() on ptolemy.moml.MoMLSimpleApplication@6a492608
----------------- Done invoking toplevel() on ptolemy.moml.MoMLSimpleApplication@6a492608
reloadAllAccessors: .Expression1

===========================================================================================
----------------- testing Mon Feb 17 21:56:49 UTC 2020 /home/travis/build/icyphy/ptII/ptolemy/actor/lib/test/auto/Expression10.xml
----------------- Instantiating /home/travis/build/icyphy/ptII/ptolemy/actor/lib/test/auto/Expression10.xml
6 ms. Memory: 488448K Free: 242777K (50%)
----------------- Invoking toplevel() on ptolemy.moml.MoMLSimpleApplication@5e41b866
----------------- Done invoking toplevel() on ptolemy.moml.MoMLSimpleApplication@5e41b866
reloadAllAccessors: .Expression10

===========================================================================================
----------------- testing Mon Feb 17 21:56:49 UTC 2020 /home/travis/build/icyphy/ptII/ptolemy/actor/lib/test/auto/Expression11.xml
----------------- Instantiating /home/travis/build/icyphy/ptII/ptolemy/actor/lib/test/auto/Expression11.xml
2 ms. Memory: 488448K Free: 238681K (49%)
----------------- Invoking toplevel() on ptolemy.moml.MoMLSimpleApplication@51496500
----------------- Done invoking toplevel() on ptolemy.moml.MoMLSimpleApplication@51496500
reloadAllAccessors: .Expression11

===========================================================================================
----------------- testing Mon Feb 17 21:56:49 UTC 2020 /home/travis/build/icyphy/ptII/ptolemy/actor/lib/test/auto/Expression12.xml
----------------- Instantiating /home/travis/build/icyphy/ptII/ptolemy/actor/lib/test/auto/Expression12.xml
2 ms. Memory: 488448K Free: 233051K (48%)
----------------- Invoking toplevel() on ptolemy.moml.MoMLSimpleApplication@30c3a2ba
----------------- Done invoking toplevel() on ptolemy.moml.MoMLSimpleApplication@30c3a2ba
reloadAllAccessors: .Expression12

===========================================================================================
----------------- testing Mon Feb 17 21:56:49 UTC 2020 /home/travis/build/icyphy/ptII/ptolemy/actor/lib/test/auto/Expression13.xml
----------------- Instantiating /home/travis/build/icyphy/ptII/ptolemy/actor/lib/test/auto/Expression13.xml
3 ms. Memory: 488448K Free: 228441K (47%)
----------------- Invoking toplevel() on ptolemy.moml.MoMLSimpleApplication@4b37c80f
----------------- Done invoking toplevel() on ptolemy.moml.MoMLSimpleApplication@4b37c80f
reloadAllAccessors: .Expression13

===========================================================================================
----------------- testing Mon Feb 17 21:56:49 UTC 2020 /home/travis/build/icyphy/ptII/ptolemy/actor/lib/test/auto/Expression14.xml
----------------- Instantiating /home/travis/build/icyphy/ptII/ptolemy/actor/lib/test/auto/Expression14.xml
3 ms. Memory: 488448K Free: 222297K (46%)
----------------- Invoking toplevel() on ptolemy.moml.MoMLSimpleApplication@383efb1f
----------------- Done invoking toplevel() on ptolemy.moml.MoMLSimpleApplication@383efb1f
reloadAllAccessors: .Expression14

===========================================================================================
----------------- testing Mon Feb 17 21:56:49 UTC 2020 /home/travis/build/icyphy/ptII/ptolemy/actor/lib/test/auto/Expression15.xml
----------------- Instantiating /home/travis/build/icyphy/ptII/ptolemy/actor/lib/test/auto/Expression15.xml
1 ms. Memory: 488448K Free: 218715K (45%)
----------------- Invoking toplevel() on ptolemy.moml.MoMLSimpleApplication@21f6706c
----------------- Done invoking toplevel() on ptolemy.moml.MoMLSimpleApplication@21f6706c
reloadAllAccessors: .Expression15

===========================================================================================
----------------- testing Mon Feb 17 21:56:49 UTC 2020 /home/travis/build/icyphy/ptII/ptolemy/actor/lib/test/auto/Expression16.xml
----------------- Instantiating /home/travis/build/icyphy/ptII/ptolemy/actor/lib/test/auto/Expression16.xml
2 ms. Memory: 488448K Free: 214105K (44%)
----------------- Invoking toplevel() on ptolemy.moml.MoMLSimpleApplication@68a4ccf9
----------------- Done invoking toplevel() on ptolemy.moml.MoMLSimpleApplication@68a4ccf9
reloadAllAccessors: .Expression16

===========================================================================================
----------------- testing Mon Feb 17 21:56:49 UTC 2020 /home/travis/build/icyphy/ptII/ptolemy/actor/lib/test/auto/Expression17.xml
----------------- Instantiating /home/travis/build/icyphy/ptII/ptolemy/actor/lib/test/auto/Expression17.xml
6 ms. Memory: 488448K Free: 208985K (43%)
----------------- Invoking toplevel() on ptolemy.moml.MoMLSimpleApplication@d08e97b
----------------- Done invoking toplevel() on ptolemy.moml.MoMLSimpleApplication@d08e97b
reloadAllAccessors: .Expression17

===========================================================================================
----------------- testing Mon Feb 17 21:56:49 UTC 2020 /home/travis/build/icyphy/ptII/ptolemy/actor/lib/test/auto/Expression18.xml
----------------- Instantiating /home/travis/build/icyphy/ptII/ptolemy/actor/lib/test/auto/Expression18.xml
3 ms. Memory: 488448K Free: 203865K (42%)
----------------- Invoking toplevel() on ptolemy.moml.MoMLSimpleApplication@5f3bf505
----------------- Done invoking toplevel() on ptolemy.moml.MoMLSimpleApplication@5f3bf505
reloadAllAccessors: .Expression18

===========================================================================================
----------------- testing Mon Feb 17 21:56:49 UTC 2020 /home/travis/build/icyphy/ptII/ptolemy/actor/lib/test/auto/Expression2.xml
----------------- Instantiating /home/travis/build/icyphy/ptII/ptolemy/actor/lib/test/auto/Expression2.xml
2 ms. Memory: 488448K Free: 198745K (41%)
----------------- Invoking toplevel() on ptolemy.moml.MoMLSimpleApplication@64f7c338
----------------- Done invoking toplevel() on ptolemy.moml.MoMLSimpleApplication@64f7c338
reloadAllAccessors: .Expression2

===========================================================================================
----------------- testing Mon Feb 17 21:56:49 UTC 2020 /home/travis/build/icyphy/ptII/ptolemy/actor/lib/test/auto/Expression3.xml
----------------- Instantiating /home/travis/build/icyphy/ptII/ptolemy/actor/lib/test/auto/Expression3.xml
5 ms. Memory: 488448K Free: 194139K (40%)
----------------- Invoking toplevel() on ptolemy.moml.MoMLSimpleApplication@5edbc164
----------------- Done invoking toplevel() on ptolemy.moml.MoMLSimpleApplication@5edbc164
reloadAllAccessors: .Expression3

===========================================================================================
----------------- testing Mon Feb 17 21:56:49 UTC 2020 /home/travis/build/icyphy/ptII/ptolemy/actor/lib/test/auto/Expression4.xml
----------------- Instantiating /home/travis/build/icyphy/ptII/ptolemy/actor/lib/test/auto/Expression4.xml
5 ms. Memory: 488448K Free: 186457K (38%)
----------------- Invoking toplevel() on ptolemy.moml.MoMLSimpleApplication@22b1a32f
----------------- Done invoking toplevel() on ptolemy.moml.MoMLSimpleApplication@22b1a32f
reloadAllAccessors: .Expression4

===========================================================================================
----------------- testing Mon Feb 17 21:56:49 UTC 2020 /home/travis/build/icyphy/ptII/ptolemy/actor/lib/test/auto/Expression5.xml
----------------- Instantiating /home/travis/build/icyphy/ptII/ptolemy/actor/lib/test/auto/Expression5.xml
4 ms. Memory: 488448K Free: 181337K (37%)
----------------- Invoking toplevel() on ptolemy.moml.MoMLSimpleApplication@3f7fe566
----------------- Done invoking toplevel() on ptolemy.moml.MoMLSimpleApplication@3f7fe566
reloadAllAccessors: .Expression5

===========================================================================================
----------------- testing Mon Feb 17 21:56:49 UTC 2020 /home/travis/build/icyphy/ptII/ptolemy/actor/lib/test/auto/Expression6.xml
----------------- Instantiating /home/travis/build/icyphy/ptII/ptolemy/actor/lib/test/auto/Expression6.xml
2 ms. Memory: 488448K Free: 177241K (36%)
----------------- Invoking toplevel() on ptolemy.moml.MoMLSimpleApplication@60597cc4
----------------- Done invoking toplevel() on ptolemy.moml.MoMLSimpleApplication@60597cc4
reloadAllAccessors: .Expression6

===========================================================================================
----------------- testing Mon Feb 17 21:56:49 UTC 2020 /home/travis/build/icyphy/ptII/ptolemy/actor/lib/test/auto/Expression7.xml
----------------- Instantiating /home/travis/build/icyphy/ptII/ptolemy/actor/lib/test/auto/Expression7.xml
1 ms. Memory: 488448K Free: 172121K (35%)
----------------- Invoking toplevel() on ptolemy.moml.MoMLSimpleApplication@3ffe922a
----------------- Done invoking toplevel() on ptolemy.moml.MoMLSimpleApplication@3ffe922a
reloadAllAccessors: .Expression7

===========================================================================================
----------------- testing Mon Feb 17 21:56:49 UTC 2020 /home/travis/build/icyphy/ptII/ptolemy/actor/lib/test/auto/Expression8.xml
----------------- Instantiating /home/travis/build/icyphy/ptII/ptolemy/actor/lib/test/auto/Expression8.xml
7 ms. Memory: 488448K Free: 167515K (34%)
----------------- Invoking toplevel() on ptolemy.moml.MoMLSimpleApplication@32c5e35f
----------------- Done invoking toplevel() on ptolemy.moml.MoMLSimpleApplication@32c5e35f
reloadAllAccessors: .Expression8

===========================================================================================
----------------- testing Mon Feb 17 21:56:49 UTC 2020 /home/travis/build/icyphy/ptII/ptolemy/actor/lib/test/auto/Expression9.xml
----------------- Instantiating /home/travis/build/icyphy/ptII/ptolemy/actor/lib/test/auto/Expression9.xml
1 ms. Memory: 488448K Free: 163419K (33%)
----------------- Invoking toplevel() on ptolemy.moml.MoMLSimpleApplication@5e8a6987
----------------- Done invoking toplevel() on ptolemy.moml.MoMLSimpleApplication@5e8a6987
reloadAllAccessors: .Expression9

===========================================================================================
----------------- testing Mon Feb 17 21:56:49 UTC 2020 /home/travis/build/icyphy/ptII/ptolemy/actor/lib/test/auto/ExpressionConcatenateArrayType.xml
----------------- Instantiating /home/travis/build/icyphy/ptII/ptolemy/actor/lib/test/auto/ExpressionConcatenateArrayType.xml
3 ms. Memory: 488448K Free: 156761K (32%)
----------------- Invoking toplevel() on ptolemy.moml.MoMLSimpleApplication@24276f0c
----------------- Done invoking toplevel() on ptolemy.moml.MoMLSimpleApplication@24276f0c
reloadAllAccessors: .ExpressionConcatenateArrayType

===========================================================================================
----------------- testing Mon Feb 17 21:56:49 UTC 2020 /home/travis/build/icyphy/ptII/ptolemy/actor/lib/test/auto/ExpressionConcatenateArrayType2.xml
----------------- Instantiating /home/travis/build/icyphy/ptII/ptolemy/actor/lib/test/auto/ExpressionConcatenateArrayType2.xml
2 ms. Memory: 488448K Free: 435289K (89%)
----------------- Invoking toplevel() on ptolemy.moml.MoMLSimpleApplication@5cb7c215
----------------- Done invoking toplevel() on ptolemy.moml.MoMLSimpleApplication@5cb7c215
reloadAllAccessors: .ExpressionConcatenateArrayType2

===========================================================================================
----------------- testing Mon Feb 17 21:56:49 UTC 2020 /home/travis/build/icyphy/ptII/ptolemy/actor/lib/test/auto/ExpressionFix.xml
----------------- Instantiating /home/travis/build/icyphy/ptII/ptolemy/actor/lib/test/auto/ExpressionFix.xml
20 ms. Memory: 488448K Free: 428635K (88%)
----------------- Invoking toplevel() on ptolemy.moml.MoMLSimpleApplication@7b7f610
----------------- Done invoking toplevel() on ptolemy.moml.MoMLSimpleApplication@7b7f610
reloadAllAccessors: .ExpressionFix

===========================================================================================
----------------- testing Mon Feb 17 21:56:49 UTC 2020 /home/travis/build/icyphy/ptII/ptolemy/actor/lib/test/auto/ExpressionFix2.xml
----------------- Instantiating /home/travis/build/icyphy/ptII/ptolemy/actor/lib/test/auto/ExpressionFix2.xml
3 ms. Memory: 488448K Free: 424025K (87%)
----------------- Invoking toplevel() on ptolemy.moml.MoMLSimpleApplication@7328f594
----------------- Done invoking toplevel() on ptolemy.moml.MoMLSimpleApplication@7328f594
reloadAllAccessors: .ExpressionFix2

===========================================================================================
----------------- testing Mon Feb 17 21:56:49 UTC 2020 /home/travis/build/icyphy/ptII/ptolemy/actor/lib/test/auto/ExpressionFix3.xml
----------------- Instantiating /home/travis/build/icyphy/ptII/ptolemy/actor/lib/test/auto/ExpressionFix3.xml
3 ms. Memory: 488448K Free: 419929K (86%)
----------------- Invoking toplevel() on ptolemy.moml.MoMLSimpleApplication@7e008906
----------------- Done invoking toplevel() on ptolemy.moml.MoMLSimpleApplication@7e008906
reloadAllAccessors: .ExpressionFix3

===========================================================================================
----------------- testing Mon Feb 17 21:56:49 UTC 2020 /home/travis/build/icyphy/ptII/ptolemy/actor/lib/test/auto/FileWriter1.xml
----------------- Instantiating /home/travis/build/icyphy/ptII/ptolemy/actor/lib/test/auto/FileWriter1.xml
2 ms. Memory: 488448K Free: 415833K (85%)
----------------- Invoking toplevel() on ptolemy.moml.MoMLSimpleApplication@a16781d
----------------- Done invoking toplevel() on ptolemy.moml.MoMLSimpleApplication@a16781d
reloadAllAccessors: .FileWriter1

===========================================================================================
----------------- testing Mon Feb 17 21:56:49 UTC 2020 /home/travis/build/icyphy/ptII/ptolemy/actor/lib/test/auto/FileWriter2.xml
----------------- Instantiating /home/travis/build/icyphy/ptII/ptolemy/actor/lib/test/auto/FileWriter2.xml
5 ms. Memory: 488448K Free: 411227K (84%)
----------------- Invoking toplevel() on ptolemy.moml.MoMLSimpleApplication@5318556b
----------------- Done invoking toplevel() on ptolemy.moml.MoMLSimpleApplication@5318556b
reloadAllAccessors: .FileWriter2

===========================================================================================
----------------- testing Mon Feb 17 21:56:49 UTC 2020 /home/travis/build/icyphy/ptII/ptolemy/actor/lib/test/auto/FileWriter3.xml
----------------- Instantiating /home/travis/build/icyphy/ptII/ptolemy/actor/lib/test/auto/FileWriter3.xml
5 ms. Memory: 488448K Free: 407641K (83%)
----------------- Invoking toplevel() on ptolemy.moml.MoMLSimpleApplication@4969b551
----------------- Done invoking toplevel() on ptolemy.moml.MoMLSimpleApplication@4969b551
reloadAllAccessors: .FileWriter3

===========================================================================================
----------------- testing Mon Feb 17 21:56:49 UTC 2020 /home/travis/build/icyphy/ptII/ptolemy/actor/lib/test/auto/Gaussian.xml
----------------- Instantiating /home/travis/build/icyphy/ptII/ptolemy/actor/lib/test/auto/Gaussian.xml
2 ms. Memory: 488448K Free: 403035K (83%)
----------------- Invoking toplevel() on ptolemy.moml.MoMLSimpleApplication@60a676a7
----------------- Done invoking toplevel() on ptolemy.moml.MoMLSimpleApplication@60a676a7
reloadAllAccessors: .Gaussian

===========================================================================================
----------------- testing Mon Feb 17 21:56:49 UTC 2020 /home/travis/build/icyphy/ptII/ptolemy/actor/lib/test/auto/Gaussian1.xml
----------------- Instantiating /home/travis/build/icyphy/ptII/ptolemy/actor/lib/test/auto/Gaussian1.xml
1 ms. Memory: 488448K Free: 397915K (81%)
----------------- Invoking toplevel() on ptolemy.moml.MoMLSimpleApplication@37d2e051
----------------- Done invoking toplevel() on ptolemy.moml.MoMLSimpleApplication@37d2e051
reloadAllAccessors: .Gaussian1

===========================================================================================
----------------- testing Mon Feb 17 21:56:49 UTC 2020 /home/travis/build/icyphy/ptII/ptolemy/actor/lib/test/auto/Gaussian2.xml
----------------- Instantiating /home/travis/build/icyphy/ptII/ptolemy/actor/lib/test/auto/Gaussian2.xml
9 ms. Memory: 488448K Free: 392266K (80%)
----------------- Invoking toplevel() on ptolemy.moml.MoMLSimpleApplication@9f1d703
----------------- Done invoking toplevel() on ptolemy.moml.MoMLSimpleApplication@9f1d703
reloadAllAccessors: .Gaussian2

===========================================================================================
----------------- testing Mon Feb 17 21:56:50 UTC 2020 /home/travis/build/icyphy/ptII/ptolemy/actor/lib/test/auto/GradientAdaptiveLattice.xml
----------------- Instantiating /home/travis/build/icyphy/ptII/ptolemy/actor/lib/test/auto/GradientAdaptiveLattice.xml
3 ms. Memory: 488448K Free: 387161K (79%)
----------------- Invoking toplevel() on ptolemy.moml.MoMLSimpleApplication@4671e149
----------------- Done invoking toplevel() on ptolemy.moml.MoMLSimpleApplication@4671e149
reloadAllAccessors: .GradientAdaptiveLattice

===========================================================================================
----------------- testing Mon Feb 17 21:56:50 UTC 2020 /home/travis/build/icyphy/ptII/ptolemy/actor/lib/test/auto/IIR.xml
----------------- Instantiating /home/travis/build/icyphy/ptII/ptolemy/actor/lib/test/auto/IIR.xml
1 ms. Memory: 488448K Free: 383065K (78%)
----------------- Invoking toplevel() on ptolemy.moml.MoMLSimpleApplication@fc48d2f
----------------- Done invoking toplevel() on ptolemy.moml.MoMLSimpleApplication@fc48d2f
reloadAllAccessors: .IIR

===========================================================================================
----------------- testing Mon Feb 17 21:56:50 UTC 2020 /home/travis/build/icyphy/ptII/ptolemy/actor/lib/test/auto/InputOutputTransparentPorts.xml
----------------- Instantiating /home/travis/build/icyphy/ptII/ptolemy/actor/lib/test/auto/InputOutputTransparentPorts.xml
2 ms. Memory: 488448K Free: 375897K (77%)
----------------- Invoking toplevel() on ptolemy.moml.MoMLSimpleApplication@2f810bb0
----------------- Done invoking toplevel() on ptolemy.moml.MoMLSimpleApplication@2f810bb0
reloadAllAccessors: .InputOutputTransparentPorts

===========================================================================================
----------------- testing Mon Feb 17 21:56:50 UTC 2020 /home/travis/build/icyphy/ptII/ptolemy/actor/lib/test/auto/Interpolator.xml
----------------- Instantiating /home/travis/build/icyphy/ptII/ptolemy/actor/lib/test/auto/Interpolator.xml
5 ms. Memory: 488448K Free: 371289K (76%)
----------------- Invoking toplevel() on ptolemy.moml.MoMLSimpleApplication@2fae6bf7
----------------- Done invoking toplevel() on ptolemy.moml.MoMLSimpleApplication@2fae6bf7
reloadAllAccessors: .Interpolator

===========================================================================================
----------------- testing Mon Feb 17 21:56:50 UTC 2020 /home/travis/build/icyphy/ptII/ptolemy/actor/lib/test/auto/InterpolatorFiringLimitDE.xml
----------------- Instantiating /home/travis/build/icyphy/ptII/ptolemy/actor/lib/test/auto/InterpolatorFiringLimitDE.xml
2 ms. Memory: 488448K Free: 365147K (75%)
----------------- Invoking toplevel() on ptolemy.moml.MoMLSimpleApplication@22eb232b
----------------- Done invoking toplevel() on ptolemy.moml.MoMLSimpleApplication@22eb232b
reloadAllAccessors: .InterpolatorFiringLimitDE

===========================================================================================
----------------- testing Mon Feb 17 21:56:50 UTC 2020 /home/travis/build/icyphy/ptII/ptolemy/actor/lib/test/auto/Lattice.xml
----------------- Instantiating /home/travis/build/icyphy/ptII/ptolemy/actor/lib/test/auto/Lattice.xml
1 ms. Memory: 488448K Free: 361051K (74%)
----------------- Invoking toplevel() on ptolemy.moml.MoMLSimpleApplication@513d39ca
----------------- Done invoking toplevel() on ptolemy.moml.MoMLSimpleApplication@513d39ca
reloadAllAccessors: .Lattice

===========================================================================================
----------------- testing Mon Feb 17 21:56:50 UTC 2020 /home/travis/build/icyphy/ptII/ptolemy/actor/lib/test/auto/LazyAOCTestLazy.xml
----------------- Instantiating /home/travis/build/icyphy/ptII/ptolemy/actor/lib/test/auto/LazyAOCTestLazy.xml
13 ms. Memory: 488448K Free: 354907K (73%)
----------------- Invoking toplevel() on ptolemy.moml.MoMLSimpleApplication@396dbb2
----------------- Done invoking toplevel() on ptolemy.moml.MoMLSimpleApplication@396dbb2
reloadAllAccessors: .LazyAOCTestLazy

===========================================================================================
----------------- testing Mon Feb 17 21:56:50 UTC 2020 /home/travis/build/icyphy/ptII/ptolemy/actor/lib/test/auto/LazyAOCTestNonLazy.xml
----------------- Instantiating /home/travis/build/icyphy/ptII/ptolemy/actor/lib/test/auto/LazyAOCTestNonLazy.xml
2 ms. Memory: 488448K Free: 348763K (71%)
----------------- Invoking toplevel() on ptolemy.moml.MoMLSimpleApplication@455f9e2d
----------------- Done invoking toplevel() on ptolemy.moml.MoMLSimpleApplication@455f9e2d
reloadAllAccessors: .LazyAOCTestNonLazy

===========================================================================================
----------------- testing Mon Feb 17 21:56:50 UTC 2020 /home/travis/build/icyphy/ptII/ptolemy/actor/lib/test/auto/LazyInnerClass.xml
----------------- Instantiating /home/travis/build/icyphy/ptII/ptolemy/actor/lib/test/auto/LazyInnerClass.xml
19 ms. Memory: 488448K Free: 340042K (70%)
----------------- Invoking toplevel() on ptolemy.moml.MoMLSimpleApplication@11f2e21
----------------- Done invoking toplevel() on ptolemy.moml.MoMLSimpleApplication@11f2e21
reloadAllAccessors: .LazyInnerClass

===========================================================================================
----------------- testing Mon Feb 17 21:56:50 UTC 2020 /home/travis/build/icyphy/ptII/ptolemy/actor/lib/test/auto/LazyPubSub.xml
----------------- Instantiating /home/travis/build/icyphy/ptII/ptolemy/actor/lib/test/auto/LazyPubSub.xml
22 ms. Memory: 488448K Free: 329817K (68%)
----------------- Invoking toplevel() on ptolemy.moml.MoMLSimpleApplication@51384242
----------------- Done invoking toplevel() on ptolemy.moml.MoMLSimpleApplication@51384242
reloadAllAccessors: .LazyPubSub

===========================================================================================
----------------- testing Mon Feb 17 21:56:50 UTC 2020 /home/travis/build/icyphy/ptII/ptolemy/actor/lib/test/auto/LazyPubSub2.xml
----------------- Instantiating /home/travis/build/icyphy/ptII/ptolemy/actor/lib/test/auto/LazyPubSub2.xml
16 ms. Memory: 488448K Free: 320601K (66%)
----------------- Invoking toplevel() on ptolemy.moml.MoMLSimpleApplication@4b45e94d
----------------- Done invoking toplevel() on ptolemy.moml.MoMLSimpleApplication@4b45e94d
reloadAllAccessors: .LazyPubSub2

===========================================================================================
----------------- testing Mon Feb 17 21:56:50 UTC 2020 /home/travis/build/icyphy/ptII/ptolemy/actor/lib/test/auto/LazyPubSub3.xml
----------------- Instantiating /home/travis/build/icyphy/ptII/ptolemy/actor/lib/test/auto/LazyPubSub3.xml
9 ms. Memory: 488448K Free: 310361K (64%)
----------------- Invoking toplevel() on ptolemy.moml.MoMLSimpleApplication@169e8aa7
----------------- Done invoking toplevel() on ptolemy.moml.MoMLSimpleApplication@169e8aa7
reloadAllAccessors: .LazyPubSub3

===========================================================================================
----------------- testing Mon Feb 17 21:56:50 UTC 2020 /home/travis/build/icyphy/ptII/ptolemy/actor/lib/test/auto/LazySubClassModel.xml
----------------- Instantiating /home/travis/build/icyphy/ptII/ptolemy/actor/lib/test/auto/LazySubClassModel.xml
2 ms. Memory: 488448K Free: 301145K (62%)
----------------- Invoking toplevel() on ptolemy.moml.MoMLSimpleApplication@347b1fdb
----------------- Done invoking toplevel() on ptolemy.moml.MoMLSimpleApplication@347b1fdb
reloadAllAccessors: .LazySubClassModel

===========================================================================================
----------------- testing Mon Feb 17 21:56:50 UTC 2020 /home/travis/build/icyphy/ptII/ptolemy/actor/lib/test/auto/LevelCrossTest1.xml
----------------- Instantiating /home/travis/build/icyphy/ptII/ptolemy/actor/lib/test/auto/LevelCrossTest1.xml
1 ms. Memory: 488448K Free: 296025K (61%)
----------------- Invoking toplevel() on ptolemy.moml.MoMLSimpleApplication@792d018f
----------------- Done invoking toplevel() on ptolemy.moml.MoMLSimpleApplication@792d018f
reloadAllAccessors: .broken

===========================================================================================
----------------- testing Mon Feb 17 21:56:50 UTC 2020 /home/travis/build/icyphy/ptII/ptolemy/actor/lib/test/auto/LevelCrossTest10.xml
----------------- Instantiating /home/travis/build/icyphy/ptII/ptolemy/actor/lib/test/auto/LevelCrossTest10.xml
1 ms. Memory: 488448K Free: 287833K (59%)
----------------- Invoking toplevel() on ptolemy.moml.MoMLSimpleApplication@32a8598c
----------------- Done invoking toplevel() on ptolemy.moml.MoMLSimpleApplication@32a8598c
reloadAllAccessors: .LevelCrossTest10

===========================================================================================
----------------- testing Mon Feb 17 21:56:50 UTC 2020 /home/travis/build/icyphy/ptII/ptolemy/actor/lib/test/auto/LevelCrossTest11.xml
----------------- Instantiating /home/travis/build/icyphy/ptII/ptolemy/actor/lib/test/auto/LevelCrossTest11.xml
1 ms. Memory: 488448K Free: 281179K (58%)
----------------- Invoking toplevel() on ptolemy.moml.MoMLSimpleApplication@54e53fad
----------------- Done invoking toplevel() on ptolemy.moml.MoMLSimpleApplication@54e53fad
reloadAllAccessors: .LevelCrossTest11

===========================================================================================
----------------- testing Mon Feb 17 21:56:50 UTC 2020 /home/travis/build/icyphy/ptII/ptolemy/actor/lib/test/auto/LevelCrossTest12.xml
----------------- Instantiating /home/travis/build/icyphy/ptII/ptolemy/actor/lib/test/auto/LevelCrossTest12.xml
1 ms. Memory: 488448K Free: 275035K (56%)
----------------- Invoking toplevel() on ptolemy.moml.MoMLSimpleApplication@1f2ad198
----------------- Done invoking toplevel() on ptolemy.moml.MoMLSimpleApplication@1f2ad198
reloadAllAccessors: .LevelCrossTest12

===========================================================================================
----------------- testing Mon Feb 17 21:56:50 UTC 2020 /home/travis/build/icyphy/ptII/ptolemy/actor/lib/test/auto/LevelCrossTest13.xml
----------------- Instantiating /home/travis/build/icyphy/ptII/ptolemy/actor/lib/test/auto/LevelCrossTest13.xml
1 ms. Memory: 488448K Free: 267353K (55%)
----------------- Invoking toplevel() on ptolemy.moml.MoMLSimpleApplication@549a917f
----------------- Done invoking toplevel() on ptolemy.moml.MoMLSimpleApplication@549a917f
reloadAllAccessors: .LevelCrossTest13

===========================================================================================
----------------- testing Mon Feb 17 21:56:50 UTC 2020 /home/travis/build/icyphy/ptII/ptolemy/actor/lib/test/auto/LevelCrossTest2.xml
----------------- Instantiating /home/travis/build/icyphy/ptII/ptolemy/actor/lib/test/auto/LevelCrossTest2.xml
1 ms. Memory: 488448K Free: 261723K (54%)
----------------- Invoking toplevel() on ptolemy.moml.MoMLSimpleApplication@82770c3
----------------- Done invoking toplevel() on ptolemy.moml.MoMLSimpleApplication@82770c3
reloadAllAccessors: .broken

===========================================================================================
----------------- testing Mon Feb 17 21:56:50 UTC 2020 /home/travis/build/icyphy/ptII/ptolemy/actor/lib/test/auto/LevelCrossTest3.xml
----------------- Instantiating /home/travis/build/icyphy/ptII/ptolemy/actor/lib/test/auto/LevelCrossTest3.xml
2 ms. Memory: 488448K Free: 255579K (52%)
----------------- Invoking toplevel() on ptolemy.moml.MoMLSimpleApplication@68f3b0ea
----------------- Done invoking toplevel() on ptolemy.moml.MoMLSimpleApplication@68f3b0ea
reloadAllAccessors: .LevelCrossTest3

===========================================================================================
----------------- testing Mon Feb 17 21:56:50 UTC 2020 /home/travis/build/icyphy/ptII/ptolemy/actor/lib/test/auto/LevelCrossTest4.xml
----------------- Instantiating /home/travis/build/icyphy/ptII/ptolemy/actor/lib/test/auto/LevelCrossTest4.xml
1 ms. Memory: 488448K Free: 249945K (51%)
----------------- Invoking toplevel() on ptolemy.moml.MoMLSimpleApplication@4f38ae7f
----------------- Done invoking toplevel() on ptolemy.moml.MoMLSimpleApplication@4f38ae7f
reloadAllAccessors: .broken

===========================================================================================
----------------- testing Mon Feb 17 21:56:50 UTC 2020 /home/travis/build/icyphy/ptII/ptolemy/actor/lib/test/auto/LevelCrossTest5.xml
----------------- Instantiating /home/travis/build/icyphy/ptII/ptolemy/actor/lib/test/auto/LevelCrossTest5.xml
1 ms. Memory: 488448K Free: 243291K (50%)
----------------- Invoking toplevel() on ptolemy.moml.MoMLSimpleApplication@1f5c4e4
----------------- Done invoking toplevel() on ptolemy.moml.MoMLSimpleApplication@1f5c4e4
reloadAllAccessors: .LevelCrossTest5

===========================================================================================
----------------- testing Mon Feb 17 21:56:50 UTC 2020 /home/travis/build/icyphy/ptII/ptolemy/actor/lib/test/auto/LevelCrossTest6.xml
----------------- Instantiating /home/travis/build/icyphy/ptII/ptolemy/actor/lib/test/auto/LevelCrossTest6.xml
3 ms. Memory: 488448K Free: 237147K (49%)
----------------- Invoking toplevel() on ptolemy.moml.MoMLSimpleApplication@1b94500d
----------------- Done invoking toplevel() on ptolemy.moml.MoMLSimpleApplication@1b94500d
reloadAllAccessors: .LevelCrossTest6

===========================================================================================
----------------- testing Mon Feb 17 21:56:50 UTC 2020 /home/travis/build/icyphy/ptII/ptolemy/actor/lib/test/auto/LevelCrossTest7.xml
----------------- Instantiating /home/travis/build/icyphy/ptII/ptolemy/actor/lib/test/auto/LevelCrossTest7.xml
1 ms. Memory: 488448K Free: 228955K (47%)
----------------- Invoking toplevel() on ptolemy.moml.MoMLSimpleApplication@34128ff4
----------------- Done invoking toplevel() on ptolemy.moml.MoMLSimpleApplication@34128ff4
reloadAllAccessors: .LevelCrossTest7

===========================================================================================
----------------- testing Mon Feb 17 21:56:50 UTC 2020 /home/travis/build/icyphy/ptII/ptolemy/actor/lib/test/auto/LevelCrossTest8.xml
----------------- Instantiating /home/travis/build/icyphy/ptII/ptolemy/actor/lib/test/auto/LevelCrossTest8.xml
1 ms. Memory: 488448K Free: 221273K (45%)
----------------- Invoking toplevel() on ptolemy.moml.MoMLSimpleApplication@44e17a3f
----------------- Done invoking toplevel() on ptolemy.moml.MoMLSimpleApplication@44e17a3f
reloadAllAccessors: .LevelCrossTest8

===========================================================================================
----------------- testing Mon Feb 17 21:56:50 UTC 2020 /home/travis/build/icyphy/ptII/ptolemy/actor/lib/test/auto/LevelCrossTest9.xml
----------------- Instantiating /home/travis/build/icyphy/ptII/ptolemy/actor/lib/test/auto/LevelCrossTest9.xml
1 ms. Memory: 488448K Free: 214619K (44%)
----------------- Invoking toplevel() on ptolemy.moml.MoMLSimpleApplication@6aa7661
----------------- Done invoking toplevel() on ptolemy.moml.MoMLSimpleApplication@6aa7661
reloadAllAccessors: .LevelCrossTest9

===========================================================================================
----------------- testing Mon Feb 17 21:56:50 UTC 2020 /home/travis/build/icyphy/ptII/ptolemy/actor/lib/test/auto/LevinsonDurbin.xml
----------------- Instantiating /home/travis/build/icyphy/ptII/ptolemy/actor/lib/test/auto/LevinsonDurbin.xml
1 ms. Memory: 488448K Free: 210523K (43%)
----------------- Invoking toplevel() on ptolemy.moml.MoMLSimpleApplication@79b7803e
----------------- Done invoking toplevel() on ptolemy.moml.MoMLSimpleApplication@79b7803e
reloadAllAccessors: .LevinsonDurbin

===========================================================================================
----------------- testing Mon Feb 17 21:56:50 UTC 2020 /home/travis/build/icyphy/ptII/ptolemy/actor/lib/test/auto/LevinsonDurbin2.xml
----------------- Instantiating /home/travis/build/icyphy/ptII/ptolemy/actor/lib/test/auto/LevinsonDurbin2.xml
10 ms. Memory: 488448K Free: 206427K (42%)
----------------- Invoking toplevel() on ptolemy.moml.MoMLSimpleApplication@463675f
----------------- Done invoking toplevel() on ptolemy.moml.MoMLSimpleApplication@463675f
reloadAllAccessors: .LevinsonDurbin2

===========================================================================================
----------------- testing Mon Feb 17 21:56:50 UTC 2020 /home/travis/build/icyphy/ptII/ptolemy/actor/lib/test/auto/LevinsonDurbin3.xml
----------------- Instantiating /home/travis/build/icyphy/ptII/ptolemy/actor/lib/test/auto/LevinsonDurbin3.xml
1 ms. Memory: 488448K Free: 202331K (41%)
----------------- Invoking toplevel() on ptolemy.moml.MoMLSimpleApplication@40186263
----------------- Done invoking toplevel() on ptolemy.moml.MoMLSimpleApplication@40186263
reloadAllAccessors: .LevinsonDurbin3

===========================================================================================
----------------- testing Mon Feb 17 21:56:50 UTC 2020 /home/travis/build/icyphy/ptII/ptolemy/actor/lib/test/auto/Limiter.xml
----------------- Instantiating /home/travis/build/icyphy/ptII/ptolemy/actor/lib/test/auto/Limiter.xml
4 ms. Memory: 488448K Free: 193618K (40%)
----------------- Invoking toplevel() on ptolemy.moml.MoMLSimpleApplication@24ff9e48
----------------- Done invoking toplevel() on ptolemy.moml.MoMLSimpleApplication@24ff9e48
reloadAllAccessors: .Limiter

===========================================================================================
----------------- testing Mon Feb 17 21:56:50 UTC 2020 /home/travis/build/icyphy/ptII/ptolemy/actor/lib/test/auto/LinearDifferenceEquationSystem.xml
----------------- Instantiating /home/travis/build/icyphy/ptII/ptolemy/actor/lib/test/auto/LinearDifferenceEquationSystem.xml
3 ms. Memory: 488448K Free: 186457K (38%)
----------------- Invoking toplevel() on ptolemy.moml.MoMLSimpleApplication@39dd7094
----------------- Done invoking toplevel() on ptolemy.moml.MoMLSimpleApplication@39dd7094
reloadAllAccessors: .LinearDifferenceEquationSystem

===========================================================================================
----------------- testing Mon Feb 17 21:56:50 UTC 2020 /home/travis/build/icyphy/ptII/ptolemy/actor/lib/test/auto/LookupTable.xml
----------------- Instantiating /home/travis/build/icyphy/ptII/ptolemy/actor/lib/test/auto/LookupTable.xml
1 ms. Memory: 488448K Free: 181851K (37%)
----------------- Invoking toplevel() on ptolemy.moml.MoMLSimpleApplication@71406e91
----------------- Done invoking toplevel() on ptolemy.moml.MoMLSimpleApplication@71406e91
reloadAllAccessors: .LookupTable

===========================================================================================
----------------- testing Mon Feb 17 21:56:50 UTC 2020 /home/travis/build/icyphy/ptII/ptolemy/actor/lib/test/auto/MathFunction.xml
----------------- Instantiating /home/travis/build/icyphy/ptII/ptolemy/actor/lib/test/auto/MathFunction.xml
2 ms. Memory: 488448K Free: 174169K (36%)
----------------- Invoking toplevel() on ptolemy.moml.MoMLSimpleApplication@498b7b0c
----------------- Done invoking toplevel() on ptolemy.moml.MoMLSimpleApplication@498b7b0c
reloadAllAccessors: .MathFunction

===========================================================================================
----------------- testing Mon Feb 17 21:56:50 UTC 2020 /home/travis/build/icyphy/ptII/ptolemy/actor/lib/test/auto/MathFunction2.xml
----------------- Instantiating /home/travis/build/icyphy/ptII/ptolemy/actor/lib/test/auto/MathFunction2.xml
4 ms. Memory: 488448K Free: 170073K (35%)
----------------- Invoking toplevel() on ptolemy.moml.MoMLSimpleApplication@d346a26
----------------- Done invoking toplevel() on ptolemy.moml.MoMLSimpleApplication@d346a26
reloadAllAccessors: .MathFunction2

===========================================================================================
----------------- testing Mon Feb 17 21:56:50 UTC 2020 /home/travis/build/icyphy/ptII/ptolemy/actor/lib/test/auto/MathFunction3.xml
----------------- Instantiating /home/travis/build/icyphy/ptII/ptolemy/actor/lib/test/auto/MathFunction3.xml
2 ms. Memory: 488448K Free: 162905K (33%)
----------------- Invoking toplevel() on ptolemy.moml.MoMLSimpleApplication@586ae8e8
----------------- Done invoking toplevel() on ptolemy.moml.MoMLSimpleApplication@586ae8e8
reloadAllAccessors: .MathFunction3

===========================================================================================
----------------- testing Mon Feb 17 21:56:50 UTC 2020 /home/travis/build/icyphy/ptII/ptolemy/actor/lib/test/auto/MatrixCropBoolean.xml
----------------- Instantiating /home/travis/build/icyphy/ptII/ptolemy/actor/lib/test/auto/MatrixCropBoolean.xml
1 ms. Memory: 488448K Free: 157754K (32%)
----------------- Invoking toplevel() on ptolemy.moml.MoMLSimpleApplication@3e5dcaf0
----------------- Done invoking toplevel() on ptolemy.moml.MoMLSimpleApplication@3e5dcaf0
reloadAllAccessors: .MatrixCropBoolean

===========================================================================================
----------------- testing Mon Feb 17 21:56:50 UTC 2020 /home/travis/build/icyphy/ptII/ptolemy/actor/lib/test/auto/MatrixCropComplex.xml
----------------- Instantiating /home/travis/build/icyphy/ptII/ptolemy/actor/lib/test/auto/MatrixCropComplex.xml
41 ms. Memory: 488448K Free: 436827K (89%)
----------------- Invoking toplevel() on ptolemy.moml.MoMLSimpleApplication@48df2ba
----------------- Done invoking toplevel() on ptolemy.moml.MoMLSimpleApplication@48df2ba
reloadAllAccessors: .MatrixCropComplex

===========================================================================================
----------------- testing Mon Feb 17 21:56:50 UTC 2020 /home/travis/build/icyphy/ptII/ptolemy/actor/lib/test/auto/MatrixCropDouble.xml
----------------- Instantiating /home/travis/build/icyphy/ptII/ptolemy/actor/lib/test/auto/MatrixCropDouble.xml
1 ms. Memory: 488448K Free: 431162K (88%)
----------------- Invoking toplevel() on ptolemy.moml.MoMLSimpleApplication@46a45c49
----------------- Done invoking toplevel() on ptolemy.moml.MoMLSimpleApplication@46a45c49
reloadAllAccessors: .MatrixCropDouble

===========================================================================================
----------------- testing Mon Feb 17 21:56:50 UTC 2020 /home/travis/build/icyphy/ptII/ptolemy/actor/lib/test/auto/MatrixCropFix.xml
----------------- Instantiating /home/travis/build/icyphy/ptII/ptolemy/actor/lib/test/auto/MatrixCropFix.xml
1 ms. Memory: 488448K Free: 426058K (87%)
----------------- Invoking toplevel() on ptolemy.moml.MoMLSimpleApplication@39a6cd46
----------------- Done invoking toplevel() on ptolemy.moml.MoMLSimpleApplication@39a6cd46
reloadAllAccessors: .MatrixCropFix

===========================================================================================
----------------- testing Mon Feb 17 21:56:50 UTC 2020 /home/travis/build/icyphy/ptII/ptolemy/actor/lib/test/auto/MatrixCropInt.xml
----------------- Instantiating /home/travis/build/icyphy/ptII/ptolemy/actor/lib/test/auto/MatrixCropInt.xml
1 ms. Memory: 488448K Free: 421467K (86%)
----------------- Invoking toplevel() on ptolemy.moml.MoMLSimpleApplication@2de89763
----------------- Done invoking toplevel() on ptolemy.moml.MoMLSimpleApplication@2de89763
reloadAllAccessors: .MatrixCropInt

===========================================================================================
----------------- testing Mon Feb 17 21:56:50 UTC 2020 /home/travis/build/icyphy/ptII/ptolemy/actor/lib/test/auto/MatrixCropLong.xml
----------------- Instantiating /home/travis/build/icyphy/ptII/ptolemy/actor/lib/test/auto/MatrixCropLong.xml
1 ms. Memory: 488448K Free: 416850K (85%)
----------------- Invoking toplevel() on ptolemy.moml.MoMLSimpleApplication@1bb73087
----------------- Done invoking toplevel() on ptolemy.moml.MoMLSimpleApplication@1bb73087
reloadAllAccessors: .MatrixCropLong

===========================================================================================
----------------- testing Mon Feb 17 21:56:50 UTC 2020 /home/travis/build/icyphy/ptII/ptolemy/actor/lib/test/auto/MatrixToArray.xml
----------------- Instantiating /home/travis/build/icyphy/ptII/ptolemy/actor/lib/test/auto/MatrixToArray.xml
11 ms. Memory: 488448K Free: 401496K (82%)
----------------- Invoking toplevel() on ptolemy.moml.MoMLSimpleApplication@6e265341
----------------- Done invoking toplevel() on ptolemy.moml.MoMLSimpleApplication@6e265341
reloadAllAccessors: .MatrixToArray

===========================================================================================
----------------- testing Mon Feb 17 21:56:50 UTC 2020 /home/travis/build/icyphy/ptII/ptolemy/actor/lib/test/auto/MaxIndex.xml
----------------- Instantiating /home/travis/build/icyphy/ptII/ptolemy/actor/lib/test/auto/MaxIndex.xml
1 ms. Memory: 488448K Free: 396377K (81%)
----------------- Invoking toplevel() on ptolemy.moml.MoMLSimpleApplication@3fe6f97d
----------------- Done invoking toplevel() on ptolemy.moml.MoMLSimpleApplication@3fe6f97d
reloadAllAccessors: .MaxIndex

===========================================================================================
----------------- testing Mon Feb 17 21:56:50 UTC 2020 /home/travis/build/icyphy/ptII/ptolemy/actor/lib/test/auto/Maximum.xml
----------------- Instantiating /home/travis/build/icyphy/ptII/ptolemy/actor/lib/test/auto/Maximum.xml
2 ms. Memory: 488448K Free: 390202K (80%)
----------------- Invoking toplevel() on ptolemy.moml.MoMLSimpleApplication@7068fd59
----------------- Done invoking toplevel() on ptolemy.moml.MoMLSimpleApplication@7068fd59
reloadAllAccessors: .Maximum

===========================================================================================
----------------- testing Mon Feb 17 21:56:50 UTC 2020 /home/travis/build/icyphy/ptII/ptolemy/actor/lib/test/auto/MaximumComplex.xml
----------------- Instantiating /home/travis/build/icyphy/ptII/ptolemy/actor/lib/test/auto/MaximumComplex.xml
3 ms. Memory: 488448K Free: 384074K (79%)
----------------- Invoking toplevel() on ptolemy.moml.MoMLSimpleApplication@2ecc4863
----------------- Done invoking toplevel() on ptolemy.moml.MoMLSimpleApplication@2ecc4863
reloadAllAccessors: .MaximumComplex

===========================================================================================
----------------- testing Mon Feb 17 21:56:50 UTC 2020 /home/travis/build/icyphy/ptII/ptolemy/actor/lib/test/auto/MethodCallTest.xml
----------------- Instantiating /home/travis/build/icyphy/ptII/ptolemy/actor/lib/test/auto/MethodCallTest.xml
2 ms. Memory: 488448K Free: 377435K (77%)
----------------- Invoking toplevel() on ptolemy.moml.MoMLSimpleApplication@7d1ae504
----------------- Done invoking toplevel() on ptolemy.moml.MoMLSimpleApplication@7d1ae504
reloadAllAccessors: .MethodCallTest

===========================================================================================
----------------- testing Mon Feb 17 21:56:50 UTC 2020 /home/travis/build/icyphy/ptII/ptolemy/actor/lib/test/auto/Minimum.xml
----------------- Instantiating /home/travis/build/icyphy/ptII/ptolemy/actor/lib/test/auto/Minimum.xml
2 ms. Memory: 488448K Free: 370762K (76%)
----------------- Invoking toplevel() on ptolemy.moml.MoMLSimpleApplication@3b74879e
----------------- Done invoking toplevel() on ptolemy.moml.MoMLSimpleApplication@3b74879e
reloadAllAccessors: .Minimum

===========================================================================================
----------------- testing Mon Feb 17 21:56:51 UTC 2020 /home/travis/build/icyphy/ptII/ptolemy/actor/lib/test/auto/MinimumComplex.xml
----------------- Instantiating /home/travis/build/icyphy/ptII/ptolemy/actor/lib/test/auto/MinimumComplex.xml
2 ms. Memory: 488448K Free: 365147K (75%)
----------------- Invoking toplevel() on ptolemy.moml.MoMLSimpleApplication@53ca98af
----------------- Done invoking toplevel() on ptolemy.moml.MoMLSimpleApplication@53ca98af
reloadAllAccessors: .MinimumComplex

===========================================================================================
----------------- testing Mon Feb 17 21:56:51 UTC 2020 /home/travis/build/icyphy/ptII/ptolemy/actor/lib/test/auto/MinimumMultiports.xml
----------------- Instantiating /home/travis/build/icyphy/ptII/ptolemy/actor/lib/test/auto/MinimumMultiports.xml
3 ms. Memory: 488448K Free: 356441K (73%)
----------------- Invoking toplevel() on ptolemy.moml.MoMLSimpleApplication@f67a0fa
----------------- Done invoking toplevel() on ptolemy.moml.MoMLSimpleApplication@f67a0fa
reloadAllAccessors: .MinimumMultiports

===========================================================================================
----------------- testing Mon Feb 17 21:56:51 UTC 2020 /home/travis/build/icyphy/ptII/ptolemy/actor/lib/test/auto/ModifyDate.xml
----------------- Instantiating /home/travis/build/icyphy/ptII/ptolemy/actor/lib/test/auto/ModifyDate.xml
8 ms. Memory: 488448K Free: 343643K (70%)
----------------- Invoking toplevel() on ptolemy.moml.MoMLSimpleApplication@757dc73f
----------------- Done invoking toplevel() on ptolemy.moml.MoMLSimpleApplication@757dc73f
reloadAllAccessors: .ModifyDate

===========================================================================================
----------------- testing Mon Feb 17 21:56:51 UTC 2020 /home/travis/build/icyphy/ptII/ptolemy/actor/lib/test/auto/ModifyDate2.xml
----------------- Instantiating /home/travis/build/icyphy/ptII/ptolemy/actor/lib/test/auto/ModifyDate2.xml
2 ms. Memory: 488448K Free: 334937K (69%)
----------------- Invoking toplevel() on ptolemy.moml.MoMLSimpleApplication@2157953a
----------------- Done invoking toplevel() on ptolemy.moml.MoMLSimpleApplication@2157953a
reloadAllAccessors: .ModifyDate2

===========================================================================================
----------------- testing Mon Feb 17 21:56:51 UTC 2020 /home/travis/build/icyphy/ptII/ptolemy/actor/lib/test/auto/MovingAverage.xml
----------------- Instantiating /home/travis/build/icyphy/ptII/ptolemy/actor/lib/test/auto/MovingAverage.xml
2 ms. Memory: 488448K Free: 329817K (68%)
----------------- Invoking toplevel() on ptolemy.moml.MoMLSimpleApplication@3556331a
----------------- Done invoking toplevel() on ptolemy.moml.MoMLSimpleApplication@3556331a
reloadAllAccessors: .MovingAverage

===========================================================================================
----------------- testing Mon Feb 17 21:56:51 UTC 2020 /home/travis/build/icyphy/ptII/ptolemy/actor/lib/test/auto/MovingMaximum.xml
----------------- Instantiating /home/travis/build/icyphy/ptII/ptolemy/actor/lib/test/auto/MovingMaximum.xml
2 ms. Memory: 488448K Free: 325721K (67%)
----------------- Invoking toplevel() on ptolemy.moml.MoMLSimpleApplication@674971fc
----------------- Done invoking toplevel() on ptolemy.moml.MoMLSimpleApplication@674971fc
reloadAllAccessors: .MovingMaximum

===========================================================================================
----------------- testing Mon Feb 17 21:56:51 UTC 2020 /home/travis/build/icyphy/ptII/ptolemy/actor/lib/test/auto/MultipleLinksToSameRelation.xml
----------------- Instantiating /home/travis/build/icyphy/ptII/ptolemy/actor/lib/test/auto/MultipleLinksToSameRelation.xml
4 ms. Memory: 488448K Free: 321625K (66%)
----------------- Invoking toplevel() on ptolemy.moml.MoMLSimpleApplication@38b8b470
----------------- Done invoking toplevel() on ptolemy.moml.MoMLSimpleApplication@38b8b470
reloadAllAccessors: .MultipleLinksToSameRelation

===========================================================================================
----------------- testing Mon Feb 17 21:56:51 UTC 2020 /home/travis/build/icyphy/ptII/ptolemy/actor/lib/test/auto/MultipleLinksToSameRelationDE.xml
----------------- Instantiating /home/travis/build/icyphy/ptII/ptolemy/actor/lib/test/auto/MultipleLinksToSameRelationDE.xml
10 ms. Memory: 488448K Free: 317019K (65%)
----------------- Invoking toplevel() on ptolemy.moml.MoMLSimpleApplication@58652b81
----------------- Done invoking toplevel() on ptolemy.moml.MoMLSimpleApplication@58652b81
reloadAllAccessors: .MultipleLinksToSameRelationDE

===========================================================================================
----------------- testing Mon Feb 17 21:56:51 UTC 2020 /home/travis/build/icyphy/ptII/ptolemy/actor/lib/test/auto/Multiplexor.xml
----------------- Instantiating /home/travis/build/icyphy/ptII/ptolemy/actor/lib/test/auto/Multiplexor.xml
2 ms. Memory: 488448K Free: 311385K (64%)
----------------- Invoking toplevel() on ptolemy.moml.MoMLSimpleApplication@2086fd2d
----------------- Done invoking toplevel() on ptolemy.moml.MoMLSimpleApplication@2086fd2d
reloadAllAccessors: .Multiplexor

===========================================================================================
----------------- testing Mon Feb 17 21:56:51 UTC 2020 /home/travis/build/icyphy/ptII/ptolemy/actor/lib/test/auto/Multiplexor1.xml
----------------- Instantiating /home/travis/build/icyphy/ptII/ptolemy/actor/lib/test/auto/Multiplexor1.xml
2 ms. Memory: 488448K Free: 306234K (63%)
----------------- Invoking toplevel() on ptolemy.moml.MoMLSimpleApplication@18162888
----------------- Done invoking toplevel() on ptolemy.moml.MoMLSimpleApplication@18162888
reloadAllAccessors: .Multiplexor1

===========================================================================================
----------------- testing Mon Feb 17 21:56:51 UTC 2020 /home/travis/build/icyphy/ptII/ptolemy/actor/lib/test/auto/Multiplexor2.xml
----------------- Instantiating /home/travis/build/icyphy/ptII/ptolemy/actor/lib/test/auto/Multiplexor2.xml
3 ms. Memory: 488448K Free: 299611K (61%)
----------------- Invoking toplevel() on ptolemy.moml.MoMLSimpleApplication@3abb7742
----------------- Done invoking toplevel() on ptolemy.moml.MoMLSimpleApplication@3abb7742
reloadAllAccessors: .Multiplexor2

===========================================================================================
----------------- testing Mon Feb 17 21:56:51 UTC 2020 /home/travis/build/icyphy/ptII/ptolemy/actor/lib/test/auto/Multiplexor3.xml
----------------- Instantiating /home/travis/build/icyphy/ptII/ptolemy/actor/lib/test/auto/Multiplexor3.xml
1 ms. Memory: 488448K Free: 295515K (61%)
----------------- Invoking toplevel() on ptolemy.moml.MoMLSimpleApplication@4d4302a
----------------- Done invoking toplevel() on ptolemy.moml.MoMLSimpleApplication@4d4302a
reloadAllAccessors: .Multiplexor3

===========================================================================================
----------------- testing Mon Feb 17 21:56:51 UTC 2020 /home/travis/build/icyphy/ptII/ptolemy/actor/lib/test/auto/MultiplexorDE.xml
----------------- Instantiating /home/travis/build/icyphy/ptII/ptolemy/actor/lib/test/auto/MultiplexorDE.xml
2 ms. Memory: 488448K Free: 287802K (59%)
----------------- Invoking toplevel() on ptolemy.moml.MoMLSimpleApplication@54b9d89b
----------------- Done invoking toplevel() on ptolemy.moml.MoMLSimpleApplication@54b9d89b
reloadAllAccessors: .MultiplexorDE

===========================================================================================
----------------- testing Mon Feb 17 21:56:51 UTC 2020 /home/travis/build/icyphy/ptII/ptolemy/actor/lib/test/auto/MultiportBroadcastTest.xml
----------------- Instantiating /home/travis/build/icyphy/ptII/ptolemy/actor/lib/test/auto/MultiportBroadcastTest.xml
83 ms. Memory: 488448K Free: 281686K (58%)
----------------- Invoking toplevel() on ptolemy.moml.MoMLSimpleApplication@7c8996dd
----------------- Done invoking toplevel() on ptolemy.moml.MoMLSimpleApplication@7c8996dd
reloadAllAccessors: .MultiportBroadcastTest

===========================================================================================
----------------- testing Mon Feb 17 21:56:51 UTC 2020 /home/travis/build/icyphy/ptII/ptolemy/actor/lib/test/auto/MultiportOutHangDuringGetWidth.xml
----------------- Instantiating /home/travis/build/icyphy/ptII/ptolemy/actor/lib/test/auto/MultiportOutHangDuringGetWidth.xml
5 ms. Memory: 488448K Free: 269915K (55%)
----------------- Invoking toplevel() on ptolemy.moml.MoMLSimpleApplication@2dea8416
----------------- Done invoking toplevel() on ptolemy.moml.MoMLSimpleApplication@2dea8416
reloadAllAccessors: .MultiportOutHangDuringGetWidth

===========================================================================================
----------------- testing Mon Feb 17 21:56:51 UTC 2020 /home/travis/build/icyphy/ptII/ptolemy/actor/lib/test/auto/NilToken.xml
----------------- Instantiating /home/travis/build/icyphy/ptII/ptolemy/actor/lib/test/auto/NilToken.xml
1 ms. Memory: 488448K Free: 266329K (55%)
----------------- Invoking toplevel() on ptolemy.moml.MoMLSimpleApplication@4f3cac24
----------------- Done invoking toplevel() on ptolemy.moml.MoMLSimpleApplication@4f3cac24
reloadAllAccessors: .NilToken

===========================================================================================
----------------- testing Mon Feb 17 21:56:51 UTC 2020 /home/travis/build/icyphy/ptII/ptolemy/actor/lib/test/auto/NilTokenNonStrictTest.xml
----------------- Instantiating /home/travis/build/icyphy/ptII/ptolemy/actor/lib/test/auto/NilTokenNonStrictTest.xml
1 ms. Memory: 488448K Free: 261209K (53%)
----------------- Invoking toplevel() on ptolemy.moml.MoMLSimpleApplication@225e4bac
----------------- Done invoking toplevel() on ptolemy.moml.MoMLSimpleApplication@225e4bac
reloadAllAccessors: .NilTokenNonStrictTest

===========================================================================================
----------------- testing Mon Feb 17 21:56:51 UTC 2020 /home/travis/build/icyphy/ptII/ptolemy/actor/lib/test/auto/NilTokenRecord.xml
----------------- Instantiating /home/travis/build/icyphy/ptII/ptolemy/actor/lib/test/auto/NilTokenRecord.xml
5 ms. Memory: 488448K Free: 254555K (52%)
----------------- Invoking toplevel() on ptolemy.moml.MoMLSimpleApplication@4fdc77c6
----------------- Done invoking toplevel() on ptolemy.moml.MoMLSimpleApplication@4fdc77c6
reloadAllAccessors: .NilTokenRecord

===========================================================================================
----------------- testing Mon Feb 17 21:56:51 UTC 2020 /home/travis/build/icyphy/ptII/ptolemy/actor/lib/test/auto/NilTokenTypeTest.xml
----------------- Instantiating /home/travis/build/icyphy/ptII/ptolemy/actor/lib/test/auto/NilTokenTypeTest.xml
5 ms. Memory: 488448K Free: 244825K (50%)
----------------- Invoking toplevel() on ptolemy.moml.MoMLSimpleApplication@55a1f0e
----------------- Done invoking toplevel() on ptolemy.moml.MoMLSimpleApplication@55a1f0e
reloadAllAccessors: .NilTokenTypeTest

===========================================================================================
----------------- testing Mon Feb 17 21:56:51 UTC 2020 /home/travis/build/icyphy/ptII/ptolemy/actor/lib/test/auto/ObjectToken1.xml
----------------- Instantiating /home/travis/build/icyphy/ptII/ptolemy/actor/lib/test/auto/ObjectToken1.xml
3 ms. Memory: 488448K Free: 240729K (49%)
----------------- Invoking toplevel() on ptolemy.moml.MoMLSimpleApplication@47b6d0ab
----------------- Done invoking toplevel() on ptolemy.moml.MoMLSimpleApplication@47b6d0ab
reloadAllAccessors: .ObjectToken1

===========================================================================================
----------------- testing Mon Feb 17 21:56:51 UTC 2020 /home/travis/build/icyphy/ptII/ptolemy/actor/lib/test/auto/OrderedMerge.xml
----------------- Instantiating /home/travis/build/icyphy/ptII/ptolemy/actor/lib/test/auto/OrderedMerge.xml
9 ms. Memory: 488448K Free: 235609K (48%)
----------------- Invoking toplevel() on ptolemy.moml.MoMLSimpleApplication@6a9b78b9
----------------- Done invoking toplevel() on ptolemy.moml.MoMLSimpleApplication@6a9b78b9
reloadAllAccessors: .OrderedMerge

===========================================================================================
----------------- testing Mon Feb 17 21:56:51 UTC 2020 /home/travis/build/icyphy/ptII/ptolemy/actor/lib/test/auto/OrderedRecordDisassembler.xml
----------------- Instantiating /home/travis/build/icyphy/ptII/ptolemy/actor/lib/test/auto/OrderedRecordDisassembler.xml
2 ms. Memory: 488448K Free: 230458K (47%)
----------------- Invoking toplevel() on ptolemy.moml.MoMLSimpleApplication@22b60ec3
----------------- Done invoking toplevel() on ptolemy.moml.MoMLSimpleApplication@22b60ec3
reloadAllAccessors: .OrderedRecordDisassembler

===========================================================================================
----------------- testing Mon Feb 17 21:56:51 UTC 2020 /home/travis/build/icyphy/ptII/ptolemy/actor/lib/test/auto/OrderedRecordDisassembler2.xml
----------------- Instantiating /home/travis/build/icyphy/ptII/ptolemy/actor/lib/test/auto/OrderedRecordDisassembler2.xml
3 ms. Memory: 488448K Free: 222811K (46%)
----------------- Invoking toplevel() on ptolemy.moml.MoMLSimpleApplication@7b6ef04c
----------------- Done invoking toplevel() on ptolemy.moml.MoMLSimpleApplication@7b6ef04c
reloadAllAccessors: .OrderedRecordDisassembler2

===========================================================================================
----------------- testing Mon Feb 17 21:56:51 UTC 2020 /home/travis/build/icyphy/ptII/ptolemy/actor/lib/test/auto/OrderedRecordUpdater.xml
----------------- Instantiating /home/travis/build/icyphy/ptII/ptolemy/actor/lib/test/auto/OrderedRecordUpdater.xml
2 ms. Memory: 488448K Free: 217691K (45%)
----------------- Invoking toplevel() on ptolemy.moml.MoMLSimpleApplication@671e482a
----------------- Done invoking toplevel() on ptolemy.moml.MoMLSimpleApplication@671e482a
reloadAllAccessors: .RecordUpdater

===========================================================================================
----------------- testing Mon Feb 17 21:56:51 UTC 2020 /home/travis/build/icyphy/ptII/ptolemy/actor/lib/test/auto/OrderedRecordUpdater2.xml
----------------- Instantiating /home/travis/build/icyphy/ptII/ptolemy/actor/lib/test/auto/OrderedRecordUpdater2.xml
2 ms. Memory: 488448K Free: 213081K (44%)
----------------- Invoking toplevel() on ptolemy.moml.MoMLSimpleApplication@73779da8
----------------- Done invoking toplevel() on ptolemy.moml.MoMLSimpleApplication@73779da8
reloadAllAccessors: .RecordUpdater2

===========================================================================================
----------------- testing Mon Feb 17 21:56:51 UTC 2020 /home/travis/build/icyphy/ptII/ptolemy/actor/lib/test/auto/PhaseUnwrap.xml
----------------- Instantiating /home/travis/build/icyphy/ptII/ptolemy/actor/lib/test/auto/PhaseUnwrap.xml
2 ms. Memory: 488448K Free: 208475K (43%)
----------------- Invoking toplevel() on ptolemy.moml.MoMLSimpleApplication@9656a20
----------------- Done invoking toplevel() on ptolemy.moml.MoMLSimpleApplication@9656a20
reloadAllAccessors: .PhaseUnwrap

===========================================================================================
----------------- testing Mon Feb 17 21:56:51 UTC 2020 /home/travis/build/icyphy/ptII/ptolemy/actor/lib/test/auto/PoissonClock.xml
----------------- Instantiating /home/travis/build/icyphy/ptII/ptolemy/actor/lib/test/auto/PoissonClock.xml
3 ms. Memory: 488448K Free: 204889K (42%)
----------------- Invoking toplevel() on ptolemy.moml.MoMLSimpleApplication@21956001
----------------- Done invoking toplevel() on ptolemy.moml.MoMLSimpleApplication@21956001
reloadAllAccessors: .PoissonClock

===========================================================================================
----------------- testing Mon Feb 17 21:56:51 UTC 2020 /home/travis/build/icyphy/ptII/ptolemy/actor/lib/test/auto/PoissonClock2.xml
----------------- Instantiating /home/travis/build/icyphy/ptII/ptolemy/actor/lib/test/auto/PoissonClock2.xml
1 ms. Memory: 488448K Free: 200283K (41%)
----------------- Invoking toplevel() on ptolemy.moml.MoMLSimpleApplication@45c6971
----------------- Done invoking toplevel() on ptolemy.moml.MoMLSimpleApplication@45c6971
reloadAllAccessors: .PoissonClock2

===========================================================================================
----------------- testing Mon Feb 17 21:56:51 UTC 2020 /home/travis/build/icyphy/ptII/ptolemy/actor/lib/test/auto/PoissonClock3.xml
----------------- Instantiating /home/travis/build/icyphy/ptII/ptolemy/actor/lib/test/auto/PoissonClock3.xml
1 ms. Memory: 488448K Free: 195673K (40%)
----------------- Invoking toplevel() on ptolemy.moml.MoMLSimpleApplication@611a5088
----------------- Done invoking toplevel() on ptolemy.moml.MoMLSimpleApplication@611a5088
reloadAllAccessors: .PoissonClock3

===========================================================================================
----------------- testing Mon Feb 17 21:56:51 UTC 2020 /home/travis/build/icyphy/ptII/ptolemy/actor/lib/test/auto/PubSubWithInitialTokens.xml
----------------- Instantiating /home/travis/build/icyphy/ptII/ptolemy/actor/lib/test/auto/PubSubWithInitialTokens.xml
2 ms. Memory: 488448K Free: 190043K (39%)
----------------- Invoking toplevel() on ptolemy.moml.MoMLSimpleApplication@3f32bc72
----------------- Done invoking toplevel() on ptolemy.moml.MoMLSimpleApplication@3f32bc72
reloadAllAccessors: .PubSubWithInitialTokens

===========================================================================================
----------------- testing Mon Feb 17 21:56:51 UTC 2020 /home/travis/build/icyphy/ptII/ptolemy/actor/lib/test/auto/PubSubWithInitialTokens2.xml
----------------- Instantiating /home/travis/build/icyphy/ptII/ptolemy/actor/lib/test/auto/PubSubWithInitialTokens2.xml
3 ms. Memory: 488448K Free: 183899K (38%)
----------------- Invoking toplevel() on ptolemy.moml.MoMLSimpleApplication@7252b59c
----------------- Done invoking toplevel() on ptolemy.moml.MoMLSimpleApplication@7252b59c
reloadAllAccessors: .PubSubWithInitialTokens2

===========================================================================================
----------------- testing Mon Feb 17 21:56:51 UTC 2020 /home/travis/build/icyphy/ptII/ptolemy/actor/lib/test/auto/PublisherClassNoParameter.xml
----------------- Instantiating /home/travis/build/icyphy/ptII/ptolemy/actor/lib/test/auto/PublisherClassNoParameter.xml
1 ms. Memory: 488448K Free: 174154K (36%)
----------------- Invoking toplevel() on ptolemy.moml.MoMLSimpleApplication@394eb0c7
----------------- Done invoking toplevel() on ptolemy.moml.MoMLSimpleApplication@394eb0c7
reloadAllAccessors: .PublisherClassNoParameter

===========================================================================================
----------------- testing Mon Feb 17 21:56:51 UTC 2020 /home/travis/build/icyphy/ptII/ptolemy/actor/lib/test/auto/PublisherClassParameter.xml
----------------- Instantiating /home/travis/build/icyphy/ptII/ptolemy/actor/lib/test/auto/PublisherClassParameter.xml
2 ms. Memory: 488448K Free: 163419K (33%)
----------------- Invoking toplevel() on ptolemy.moml.MoMLSimpleApplication@2d217b6f
----------------- Done invoking toplevel() on ptolemy.moml.MoMLSimpleApplication@2d217b6f
reloadAllAccessors: .PublisherClassParameter

===========================================================================================
----------------- testing Mon Feb 17 21:56:51 UTC 2020 /home/travis/build/icyphy/ptII/ptolemy/actor/lib/test/auto/PublisherNonStrictTest.xml
----------------- Instantiating /home/travis/build/icyphy/ptII/ptolemy/actor/lib/test/auto/PublisherNonStrictTest.xml
2 ms. Memory: 488448K Free: 156251K (32%)
----------------- Invoking toplevel() on ptolemy.moml.MoMLSimpleApplication@33b55da3
----------------- Done invoking toplevel() on ptolemy.moml.MoMLSimpleApplication@33b55da3
reloadAllAccessors: .PublisherNonStrictTest

===========================================================================================
----------------- testing Mon Feb 17 21:56:51 UTC 2020 /home/travis/build/icyphy/ptII/ptolemy/actor/lib/test/auto/PublisherPort1.xml
----------------- Instantiating /home/travis/build/icyphy/ptII/ptolemy/actor/lib/test/auto/PublisherPort1.xml
3 ms. Memory: 488448K Free: 434265K (89%)
----------------- Invoking toplevel() on ptolemy.moml.MoMLSimpleApplication@71320221
----------------- Done invoking toplevel() on ptolemy.moml.MoMLSimpleApplication@71320221
reloadAllAccessors: .PublisherPort1

===========================================================================================
----------------- testing Mon Feb 17 21:56:51 UTC 2020 /home/travis/build/icyphy/ptII/ptolemy/actor/lib/test/auto/PublisherPort2.xml
----------------- Instantiating /home/travis/build/icyphy/ptII/ptolemy/actor/lib/test/auto/PublisherPort2.xml
11 ms. Memory: 488448K Free: 429145K (88%)
----------------- Invoking toplevel() on ptolemy.moml.MoMLSimpleApplication@75b41d8d
----------------- Done invoking toplevel() on ptolemy.moml.MoMLSimpleApplication@75b41d8d
reloadAllAccessors: .PublisherPort2

===========================================================================================
----------------- testing Mon Feb 17 21:56:51 UTC 2020 /home/travis/build/icyphy/ptII/ptolemy/actor/lib/test/auto/PublisherPort3.xml
----------------- Instantiating /home/travis/build/icyphy/ptII/ptolemy/actor/lib/test/auto/PublisherPort3.xml
2 ms. Memory: 488448K Free: 422491K (86%)
----------------- Invoking toplevel() on ptolemy.moml.MoMLSimpleApplication@387c26bb
----------------- Done invoking toplevel() on ptolemy.moml.MoMLSimpleApplication@387c26bb
reloadAllAccessors: .PublisherPort3

===========================================================================================
----------------- testing Mon Feb 17 21:56:51 UTC 2020 /home/travis/build/icyphy/ptII/ptolemy/actor/lib/test/auto/PublisherPort4.xml
----------------- Instantiating /home/travis/build/icyphy/ptII/ptolemy/actor/lib/test/auto/PublisherPort4.xml
1 ms. Memory: 488448K Free: 416842K (85%)
----------------- Invoking toplevel() on ptolemy.moml.MoMLSimpleApplication@128a7a2a
----------------- Done invoking toplevel() on ptolemy.moml.MoMLSimpleApplication@128a7a2a
reloadAllAccessors: .PublisherPort4

===========================================================================================
----------------- testing Mon Feb 17 21:56:51 UTC 2020 /home/travis/build/icyphy/ptII/ptolemy/actor/lib/test/auto/PublisherPort5.xml
----------------- Instantiating /home/travis/build/icyphy/ptII/ptolemy/actor/lib/test/auto/PublisherPort5.xml
3 ms. Memory: 488448K Free: 409179K (84%)
----------------- Invoking toplevel() on ptolemy.moml.MoMLSimpleApplication@77289a8c
----------------- Done invoking toplevel() on ptolemy.moml.MoMLSimpleApplication@77289a8c
reloadAllAccessors: .PublisherPort5

===========================================================================================
----------------- testing Mon Feb 17 21:56:51 UTC 2020 /home/travis/build/icyphy/ptII/ptolemy/actor/lib/test/auto/PublisherPort5LookAlike.xml
----------------- Instantiating /home/travis/build/icyphy/ptII/ptolemy/actor/lib/test/auto/PublisherPort5LookAlike.xml
7 ms. Memory: 488448K Free: 401497K (82%)
----------------- Invoking toplevel() on ptolemy.moml.MoMLSimpleApplication@4a4909fa
----------------- Done invoking toplevel() on ptolemy.moml.MoMLSimpleApplication@4a4909fa
reloadAllAccessors: .PublisherPort5LookAlike

===========================================================================================
----------------- testing Mon Feb 17 21:56:51 UTC 2020 /home/travis/build/icyphy/ptII/ptolemy/actor/lib/test/auto/PublisherPort6.xml
----------------- Instantiating /home/travis/build/icyphy/ptII/ptolemy/actor/lib/test/auto/PublisherPort6.xml
2 ms. Memory: 488448K Free: 394843K (81%)
----------------- Invoking toplevel() on ptolemy.moml.MoMLSimpleApplication@40a44832
----------------- Done invoking toplevel() on ptolemy.moml.MoMLSimpleApplication@40a44832
reloadAllAccessors: .PublisherPort6

===========================================================================================
----------------- testing Mon Feb 17 21:56:51 UTC 2020 /home/travis/build/icyphy/ptII/ptolemy/actor/lib/test/auto/PublisherPort7.xml
----------------- Instantiating /home/travis/build/icyphy/ptII/ptolemy/actor/lib/test/auto/PublisherPort7.xml
3 ms. Memory: 488448K Free: 387161K (79%)
----------------- Invoking toplevel() on ptolemy.moml.MoMLSimpleApplication@62b15d5e
----------------- Done invoking toplevel() on ptolemy.moml.MoMLSimpleApplication@62b15d5e
reloadAllAccessors: .PublisherPort7

===========================================================================================
----------------- testing Mon Feb 17 21:56:51 UTC 2020 /home/travis/build/icyphy/ptII/ptolemy/actor/lib/test/auto/PublisherPort8.xml
----------------- Instantiating /home/travis/build/icyphy/ptII/ptolemy/actor/lib/test/auto/PublisherPort8.xml
4 ms. Memory: 488448K Free: 378969K (78%)
----------------- Invoking toplevel() on ptolemy.moml.MoMLSimpleApplication@2c7eaf3d
----------------- Done invoking toplevel() on ptolemy.moml.MoMLSimpleApplication@2c7eaf3d
reloadAllAccessors: .PublisherPort8

===========================================================================================
----------------- testing Mon Feb 17 21:56:51 UTC 2020 /home/travis/build/icyphy/ptII/ptolemy/actor/lib/test/auto/PublisherPortSubscriberChannelVariablesAOC2.xml
----------------- Instantiating /home/travis/build/icyphy/ptII/ptolemy/actor/lib/test/auto/PublisherPortSubscriberChannelVariablesAOC2.xml
2 ms. Memory: 488448K Free: 361561K (74%)
----------------- Invoking toplevel() on ptolemy.moml.MoMLSimpleApplication@1d9dba6f
----------------- Done invoking toplevel() on ptolemy.moml.MoMLSimpleApplication@1d9dba6f
reloadAllAccessors: .PublisherPortSubscriberChannelVariablesAOC2

===========================================================================================
----------------- testing Mon Feb 17 21:56:51 UTC 2020 /home/travis/build/icyphy/ptII/ptolemy/actor/lib/test/auto/PublisherPortSubscriberOpaqueWidthInference.xml
----------------- Instantiating /home/travis/build/icyphy/ptII/ptolemy/actor/lib/test/auto/PublisherPortSubscriberOpaqueWidthInference.xml
4 ms. Memory: 488448K Free: 353883K (72%)
----------------- Invoking toplevel() on ptolemy.moml.MoMLSimpleApplication@14fb127a
----------------- Done invoking toplevel() on ptolemy.moml.MoMLSimpleApplication@14fb127a
reloadAllAccessors: .PublisherPortSubscriberOpaqueWidthInference

===========================================================================================
----------------- testing Mon Feb 17 21:56:51 UTC 2020 /home/travis/build/icyphy/ptII/ptolemy/actor/lib/test/auto/PublisherPortSubscriberPortAdjacent.xml
----------------- Instantiating /home/travis/build/icyphy/ptII/ptolemy/actor/lib/test/auto/PublisherPortSubscriberPortAdjacent.xml
1 ms. Memory: 488448K Free: 345691K (71%)
----------------- Invoking toplevel() on ptolemy.moml.MoMLSimpleApplication@1f01ceb
----------------- Done invoking toplevel() on ptolemy.moml.MoMLSimpleApplication@1f01ceb
reloadAllAccessors: .PublisherPortSubscriberPortAdjacent

===========================================================================================
----------------- testing Mon Feb 17 21:56:51 UTC 2020 /home/travis/build/icyphy/ptII/ptolemy/actor/lib/test/auto/PublisherPortSubscriberPortExpression.xml
----------------- Instantiating /home/travis/build/icyphy/ptII/ptolemy/actor/lib/test/auto/PublisherPortSubscriberPortExpression.xml
3 ms. Memory: 488448K Free: 338002K (69%)
----------------- Invoking toplevel() on ptolemy.moml.MoMLSimpleApplication@7965a31d
----------------- Done invoking toplevel() on ptolemy.moml.MoMLSimpleApplication@7965a31d
reloadAllAccessors: .PublisherPortSubscriberPortExpression

===========================================================================================
----------------- testing Mon Feb 17 21:56:51 UTC 2020 /home/travis/build/icyphy/ptII/ptolemy/actor/lib/test/auto/PublisherPortSubscriberPortOpaqueD3Reverse.xml
----------------- Instantiating /home/travis/build/icyphy/ptII/ptolemy/actor/lib/test/auto/PublisherPortSubscriberPortOpaqueD3Reverse.xml
6 ms. Memory: 488448K Free: 327769K (67%)
----------------- Invoking toplevel() on ptolemy.moml.MoMLSimpleApplication@142242d7
----------------- Done invoking toplevel() on ptolemy.moml.MoMLSimpleApplication@142242d7
reloadAllAccessors: .PublisherPortSubscriberPortOpaqueD3Reverse

===========================================================================================
----------------- testing Mon Feb 17 21:56:51 UTC 2020 /home/travis/build/icyphy/ptII/ptolemy/actor/lib/test/auto/PublisherPortSubscriberPortOpaqueWidthInference.xml
----------------- Instantiating /home/travis/build/icyphy/ptII/ptolemy/actor/lib/test/auto/PublisherPortSubscriberPortOpaqueWidthInference.xml
3 ms. Memory: 488448K Free: 320091K (66%)
----------------- Invoking toplevel() on ptolemy.moml.MoMLSimpleApplication@372963c9
----------------- Done invoking toplevel() on ptolemy.moml.MoMLSimpleApplication@372963c9
reloadAllAccessors: .PublisherPortSubscriberPortOpaqueWidthInference

===========================================================================================
----------------- testing Mon Feb 17 21:56:52 UTC 2020 /home/travis/build/icyphy/ptII/ptolemy/actor/lib/test/auto/PublisherPortToplevelSubscriberPortAOC.xml
----------------- Instantiating /home/travis/build/icyphy/ptII/ptolemy/actor/lib/test/auto/PublisherPortToplevelSubscriberPortAOC.xml
.PublisherPortToplevelSubscriberPortAOC.TestExceptionAttribute: initialize() was not invoked, but wrapup() was.  This is unusual, but not always a problem.  For example, exporting JNLP will do this.
1 ms. Memory: 488448K Free: 313947K (64%)
----------------- Invoking toplevel() on ptolemy.moml.MoMLSimpleApplication@7e626203
----------------- Done invoking toplevel() on ptolemy.moml.MoMLSimpleApplication@7e626203
reloadAllAccessors: .PublisherPortToplevelSubscriberPortAOC

===========================================================================================
----------------- testing Mon Feb 17 21:56:52 UTC 2020 /home/travis/build/icyphy/ptII/ptolemy/actor/lib/test/auto/PublisherSubscriber.xml
----------------- Instantiating /home/travis/build/icyphy/ptII/ptolemy/actor/lib/test/auto/PublisherSubscriber.xml
2 ms. Memory: 488448K Free: 306234K (63%)
----------------- Invoking toplevel() on ptolemy.moml.MoMLSimpleApplication@60d4332
----------------- Done invoking toplevel() on ptolemy.moml.MoMLSimpleApplication@60d4332
reloadAllAccessors: .PublisherSubscriber

===========================================================================================
----------------- testing Mon Feb 17 21:56:52 UTC 2020 /home/travis/build/icyphy/ptII/ptolemy/actor/lib/test/auto/PublisherSubscriber10.xml
----------------- Instantiating /home/travis/build/icyphy/ptII/ptolemy/actor/lib/test/auto/PublisherSubscriber10.xml
5 ms. Memory: 488448K Free: 296539K (61%)
----------------- Invoking toplevel() on ptolemy.moml.MoMLSimpleApplication@3a41708e
----------------- Done invoking toplevel() on ptolemy.moml.MoMLSimpleApplication@3a41708e
reloadAllAccessors: .PublisherSubscriber10

===========================================================================================
----------------- testing Mon Feb 17 21:56:52 UTC 2020 /home/travis/build/icyphy/ptII/ptolemy/actor/lib/test/auto/PublisherSubscriber10InitialOutputs.xml
----------------- Instantiating /home/travis/build/icyphy/ptII/ptolemy/actor/lib/test/auto/PublisherSubscriber10InitialOutputs.xml
13 ms. Memory: 488448K Free: 287833K (59%)
----------------- Invoking toplevel() on ptolemy.moml.MoMLSimpleApplication@7536256d
----------------- Done invoking toplevel() on ptolemy.moml.MoMLSimpleApplication@7536256d
reloadAllAccessors: .PublisherSubscriber10InitialOutputs

===========================================================================================
----------------- testing Mon Feb 17 21:56:52 UTC 2020 /home/travis/build/icyphy/ptII/ptolemy/actor/lib/test/auto/PublisherSubscriber11.xml
----------------- Instantiating /home/travis/build/icyphy/ptII/ptolemy/actor/lib/test/auto/PublisherSubscriber11.xml
3 ms. Memory: 488448K Free: 281179K (58%)
----------------- Invoking toplevel() on ptolemy.moml.MoMLSimpleApplication@4ff1c5ce
----------------- Done invoking toplevel() on ptolemy.moml.MoMLSimpleApplication@4ff1c5ce
reloadAllAccessors: .PublisherSubscriber11

===========================================================================================
----------------- testing Mon Feb 17 21:56:52 UTC 2020 /home/travis/build/icyphy/ptII/ptolemy/actor/lib/test/auto/PublisherSubscriber12.xml
----------------- Instantiating /home/travis/build/icyphy/ptII/ptolemy/actor/lib/test/auto/PublisherSubscriber12.xml
4 ms. Memory: 488448K Free: 274521K (56%)
----------------- Invoking toplevel() on ptolemy.moml.MoMLSimpleApplication@3c570855
----------------- Done invoking toplevel() on ptolemy.moml.MoMLSimpleApplication@3c570855
reloadAllAccessors: .PublisherSubscriber12

===========================================================================================
----------------- testing Mon Feb 17 21:56:52 UTC 2020 /home/travis/build/icyphy/ptII/ptolemy/actor/lib/test/auto/PublisherSubscriber13.xml
----------------- Instantiating /home/travis/build/icyphy/ptII/ptolemy/actor/lib/test/auto/PublisherSubscriber13.xml
3 ms. Memory: 488448K Free: 268891K (55%)
----------------- Invoking toplevel() on ptolemy.moml.MoMLSimpleApplication@41eaea07
----------------- Done invoking toplevel() on ptolemy.moml.MoMLSimpleApplication@41eaea07
reloadAllAccessors: .PublisherSubscriber13

===========================================================================================
----------------- testing Mon Feb 17 21:56:52 UTC 2020 /home/travis/build/icyphy/ptII/ptolemy/actor/lib/test/auto/PublisherSubscriber14.xml
----------------- Instantiating /home/travis/build/icyphy/ptII/ptolemy/actor/lib/test/auto/PublisherSubscriber14.xml
2 ms. Memory: 488448K Free: 260154K (53%)
----------------- Invoking toplevel() on ptolemy.moml.MoMLSimpleApplication@50d301b7
----------------- Done invoking toplevel() on ptolemy.moml.MoMLSimpleApplication@50d301b7
reloadAllAccessors: .PublisherSubscriber14

===========================================================================================
----------------- testing Mon Feb 17 21:56:52 UTC 2020 /home/travis/build/icyphy/ptII/ptolemy/actor/lib/test/auto/PublisherSubscriber2.xml
----------------- Instantiating /home/travis/build/icyphy/ptII/ptolemy/actor/lib/test/auto/PublisherSubscriber2.xml
2 ms. Memory: 488448K Free: 254555K (52%)
----------------- Invoking toplevel() on ptolemy.moml.MoMLSimpleApplication@2e9ec
----------------- Done invoking toplevel() on ptolemy.moml.MoMLSimpleApplication@2e9ec
reloadAllAccessors: .PublisherSubscriber2

===========================================================================================
----------------- testing Mon Feb 17 21:56:52 UTC 2020 /home/travis/build/icyphy/ptII/ptolemy/actor/lib/test/auto/PublisherSubscriber3.xml
----------------- Instantiating /home/travis/build/icyphy/ptII/ptolemy/actor/lib/test/auto/PublisherSubscriber3.xml
1 ms. Memory: 488448K Free: 248890K (51%)
----------------- Invoking toplevel() on ptolemy.moml.MoMLSimpleApplication@1b12c208
----------------- Done invoking toplevel() on ptolemy.moml.MoMLSimpleApplication@1b12c208
reloadAllAccessors: .PublisherSubscriber3

===========================================================================================
----------------- testing Mon Feb 17 21:56:52 UTC 2020 /home/travis/build/icyphy/ptII/ptolemy/actor/lib/test/auto/PublisherSubscriber4.xml
----------------- Instantiating /home/travis/build/icyphy/ptII/ptolemy/actor/lib/test/auto/PublisherSubscriber4.xml
1 ms. Memory: 488448K Free: 243291K (50%)
----------------- Invoking toplevel() on ptolemy.moml.MoMLSimpleApplication@3ec71888
----------------- Done invoking toplevel() on ptolemy.moml.MoMLSimpleApplication@3ec71888
reloadAllAccessors: .PublisherSubscriber4

===========================================================================================
----------------- testing Mon Feb 17 21:56:52 UTC 2020 /home/travis/build/icyphy/ptII/ptolemy/actor/lib/test/auto/PublisherSubscriber5.xml
----------------- Instantiating /home/travis/build/icyphy/ptII/ptolemy/actor/lib/test/auto/PublisherSubscriber5.xml
1 ms. Memory: 488448K Free: 236633K (48%)
----------------- Invoking toplevel() on ptolemy.moml.MoMLSimpleApplication@25706222
----------------- Done invoking toplevel() on ptolemy.moml.MoMLSimpleApplication@25706222
reloadAllAccessors: .PublisherSubscriber5

===========================================================================================
----------------- testing Mon Feb 17 21:56:52 UTC 2020 /home/travis/build/icyphy/ptII/ptolemy/actor/lib/test/auto/PublisherSubscriber6.xml
----------------- Instantiating /home/travis/build/icyphy/ptII/ptolemy/actor/lib/test/auto/PublisherSubscriber6.xml
4 ms. Memory: 488448K Free: 229979K (47%)
----------------- Invoking toplevel() on ptolemy.moml.MoMLSimpleApplication@181d2ceb
----------------- Done invoking toplevel() on ptolemy.moml.MoMLSimpleApplication@181d2ceb
reloadAllAccessors: .PublisherSubscriber6

===========================================================================================
----------------- testing Mon Feb 17 21:56:52 UTC 2020 /home/travis/build/icyphy/ptII/ptolemy/actor/lib/test/auto/PublisherSubscriber7.xml
----------------- Instantiating /home/travis/build/icyphy/ptII/ptolemy/actor/lib/test/auto/PublisherSubscriber7.xml
6 ms. Memory: 488448K Free: 223321K (46%)
----------------- Invoking toplevel() on ptolemy.moml.MoMLSimpleApplication@51e42804
----------------- Done invoking toplevel() on ptolemy.moml.MoMLSimpleApplication@51e42804
reloadAllAccessors: .PublisherSubscriber7

===========================================================================================
----------------- testing Mon Feb 17 21:56:52 UTC 2020 /home/travis/build/icyphy/ptII/ptolemy/actor/lib/test/auto/PublisherSubscriber8.xml
----------------- Instantiating /home/travis/build/icyphy/ptII/ptolemy/actor/lib/test/auto/PublisherSubscriber8.xml
15 ms. Memory: 488448K Free: 211547K (43%)
----------------- Invoking toplevel() on ptolemy.moml.MoMLSimpleApplication@3aaeffc6
----------------- Done invoking toplevel() on ptolemy.moml.MoMLSimpleApplication@3aaeffc6
reloadAllAccessors: .PublisherSubscriber8

===========================================================================================
----------------- testing Mon Feb 17 21:56:52 UTC 2020 /home/travis/build/icyphy/ptII/ptolemy/actor/lib/test/auto/PublisherSubscriber9.xml
----------------- Instantiating /home/travis/build/icyphy/ptII/ptolemy/actor/lib/test/auto/PublisherSubscriber9.xml
2 ms. Memory: 488448K Free: 204379K (42%)
----------------- Invoking toplevel() on ptolemy.moml.MoMLSimpleApplication@328f462
----------------- Done invoking toplevel() on ptolemy.moml.MoMLSimpleApplication@328f462
reloadAllAccessors: .PublisherSubscriber9

===========================================================================================
----------------- testing Mon Feb 17 21:56:52 UTC 2020 /home/travis/build/icyphy/ptII/ptolemy/actor/lib/test/auto/PublisherSubscriberAdjacent.xml
----------------- Instantiating /home/travis/build/icyphy/ptII/ptolemy/actor/lib/test/auto/PublisherSubscriberAdjacent.xml
1 ms. Memory: 488448K Free: 196187K (40%)
----------------- Invoking toplevel() on ptolemy.moml.MoMLSimpleApplication@4b634de6
----------------- Done invoking toplevel() on ptolemy.moml.MoMLSimpleApplication@4b634de6
reloadAllAccessors: .PublisherSubscriberAdjacent

===========================================================================================
----------------- testing Mon Feb 17 21:56:52 UTC 2020 /home/travis/build/icyphy/ptII/ptolemy/actor/lib/test/auto/PublisherSubscriberChannelVariablesAOC2.xml
----------------- Instantiating /home/travis/build/icyphy/ptII/ptolemy/actor/lib/test/auto/PublisherSubscriberChannelVariablesAOC2.xml
2 ms. Memory: 488448K Free: 180827K (37%)
----------------- Invoking toplevel() on ptolemy.moml.MoMLSimpleApplication@2a57e443
----------------- Done invoking toplevel() on ptolemy.moml.MoMLSimpleApplication@2a57e443
reloadAllAccessors: .PublisherSubscriberChannelVariablesAOC2

===========================================================================================
----------------- testing Mon Feb 17 21:56:52 UTC 2020 /home/travis/build/icyphy/ptII/ptolemy/actor/lib/test/auto/PublisherSubscriberD3.xml
----------------- Instantiating /home/travis/build/icyphy/ptII/ptolemy/actor/lib/test/auto/PublisherSubscriberD3.xml
2 ms. Memory: 488448K Free: 173659K (36%)
----------------- Invoking toplevel() on ptolemy.moml.MoMLSimpleApplication@3bdf934b
----------------- Done invoking toplevel() on ptolemy.moml.MoMLSimpleApplication@3bdf934b
reloadAllAccessors: .PublisherSubscriberD3

===========================================================================================
----------------- testing Mon Feb 17 21:56:52 UTC 2020 /home/travis/build/icyphy/ptII/ptolemy/actor/lib/test/auto/PublisherSubscriberD3Reverse.xml
----------------- Instantiating /home/travis/build/icyphy/ptII/ptolemy/actor/lib/test/auto/PublisherSubscriberD3Reverse.xml
1 ms. Memory: 488448K Free: 168025K (34%)
----------------- Invoking toplevel() on ptolemy.moml.MoMLSimpleApplication@19e2002f
----------------- Done invoking toplevel() on ptolemy.moml.MoMLSimpleApplication@19e2002f
reloadAllAccessors: .PublisherSubscriberD3Reverse

===========================================================================================
----------------- testing Mon Feb 17 21:56:52 UTC 2020 /home/travis/build/icyphy/ptII/ptolemy/actor/lib/test/auto/PublisherSubscriberExpression.xml
----------------- Instantiating /home/travis/build/icyphy/ptII/ptolemy/actor/lib/test/auto/PublisherSubscriberExpression.xml
3 ms. Memory: 488448K Free: 159818K (33%)
----------------- Invoking toplevel() on ptolemy.moml.MoMLSimpleApplication@4ebfbbad
----------------- Done invoking toplevel() on ptolemy.moml.MoMLSimpleApplication@4ebfbbad
reloadAllAccessors: .PublisherSubscriberExpression

===========================================================================================
----------------- testing Mon Feb 17 21:56:52 UTC 2020 /home/travis/build/icyphy/ptII/ptolemy/actor/lib/test/auto/PublisherSubscriberOpaque.xml
----------------- Instantiating /home/travis/build/icyphy/ptII/ptolemy/actor/lib/test/auto/PublisherSubscriberOpaque.xml
3 ms. Memory: 488448K Free: 434777K (89%)
----------------- Invoking toplevel() on ptolemy.moml.MoMLSimpleApplication@4d451108
----------------- Done invoking toplevel() on ptolemy.moml.MoMLSimpleApplication@4d451108
reloadAllAccessors: .PublisherSubscriberOpaque

===========================================================================================
----------------- testing Mon Feb 17 21:56:52 UTC 2020 /home/travis/build/icyphy/ptII/ptolemy/actor/lib/test/auto/PublisherSubscriberOpaqueD3.xml
----------------- Instantiating /home/travis/build/icyphy/ptII/ptolemy/actor/lib/test/auto/PublisherSubscriberOpaqueD3.xml
11 ms. Memory: 488448K Free: 423513K (87%)
----------------- Invoking toplevel() on ptolemy.moml.MoMLSimpleApplication@7efe7694
----------------- Done invoking toplevel() on ptolemy.moml.MoMLSimpleApplication@7efe7694
reloadAllAccessors: .PublisherSubscriberOpaqueD3

===========================================================================================
----------------- testing Mon Feb 17 21:56:52 UTC 2020 /home/travis/build/icyphy/ptII/ptolemy/actor/lib/test/auto/PublisherSubscriberOpaqueD3Reverse.xml
----------------- Instantiating /home/travis/build/icyphy/ptII/ptolemy/actor/lib/test/auto/PublisherSubscriberOpaqueD3Reverse.xml
7 ms. Memory: 488448K Free: 412763K (85%)
----------------- Invoking toplevel() on ptolemy.moml.MoMLSimpleApplication@cd8db59
----------------- Done invoking toplevel() on ptolemy.moml.MoMLSimpleApplication@cd8db59
reloadAllAccessors: .PublisherSubscriberOpaqueD3Reverse

===========================================================================================
----------------- testing Mon Feb 17 21:56:52 UTC 2020 /home/travis/build/icyphy/ptII/ptolemy/actor/lib/test/auto/PublisherSubscriberOpaqueWidthInference.xml
----------------- Instantiating /home/travis/build/icyphy/ptII/ptolemy/actor/lib/test/auto/PublisherSubscriberOpaqueWidthInference.xml
4 ms. Memory: 488448K Free: 404571K (83%)
----------------- Invoking toplevel() on ptolemy.moml.MoMLSimpleApplication@71475ca8
----------------- Done invoking toplevel() on ptolemy.moml.MoMLSimpleApplication@71475ca8
reloadAllAccessors: .PublisherSubscriberOpaqueWidthInference

===========================================================================================
----------------- testing Mon Feb 17 21:56:52 UTC 2020 /home/travis/build/icyphy/ptII/ptolemy/actor/lib/test/auto/PublisherTestSubscriber.xml
----------------- Instantiating /home/travis/build/icyphy/ptII/ptolemy/actor/lib/test/auto/PublisherTestSubscriber.xml
2 ms. Memory: 488448K Free: 396882K (81%)
----------------- Invoking toplevel() on ptolemy.moml.MoMLSimpleApplication@78039ed3
----------------- Done invoking toplevel() on ptolemy.moml.MoMLSimpleApplication@78039ed3
reloadAllAccessors: .PublisherTestSubscriber

===========================================================================================
----------------- testing Mon Feb 17 21:56:52 UTC 2020 /home/travis/build/icyphy/ptII/ptolemy/actor/lib/test/auto/PublisherToplevelSubscriberPortAOC.xml
----------------- Instantiating /home/travis/build/icyphy/ptII/ptolemy/actor/lib/test/auto/PublisherToplevelSubscriberPortAOC.xml
1 ms. Memory: 488448K Free: 390235K (80%)
----------------- Invoking toplevel() on ptolemy.moml.MoMLSimpleApplication@3379b175
----------------- Done invoking toplevel() on ptolemy.moml.MoMLSimpleApplication@3379b175
reloadAllAccessors: .PublisherToplevelSubscriberPortAOC

===========================================================================================
----------------- testing Mon Feb 17 21:56:52 UTC 2020 /home/travis/build/icyphy/ptII/ptolemy/actor/lib/test/auto/PulseFiringLimitDE.xml
----------------- Instantiating /home/travis/build/icyphy/ptII/ptolemy/actor/lib/test/auto/PulseFiringLimitDE.xml
2 ms. Memory: 488448K Free: 383577K (79%)
----------------- Invoking toplevel() on ptolemy.moml.MoMLSimpleApplication@1ebb82c8
----------------- Done invoking toplevel() on ptolemy.moml.MoMLSimpleApplication@1ebb82c8
reloadAllAccessors: .PulseFiringLimitDE

===========================================================================================
----------------- testing Mon Feb 17 21:56:52 UTC 2020 /home/travis/build/icyphy/ptII/ptolemy/actor/lib/test/auto/Ramp1.xml
----------------- Instantiating /home/travis/build/icyphy/ptII/ptolemy/actor/lib/test/auto/Ramp1.xml
1 ms. Memory: 488448K Free: 379474K (78%)
----------------- Invoking toplevel() on ptolemy.moml.MoMLSimpleApplication@350ceda1
----------------- Done invoking toplevel() on ptolemy.moml.MoMLSimpleApplication@350ceda1
reloadAllAccessors: .Ramp1

===========================================================================================
----------------- testing Mon Feb 17 21:56:52 UTC 2020 /home/travis/build/icyphy/ptII/ptolemy/actor/lib/test/auto/RampFiringLimitDE.xml
----------------- Instantiating /home/travis/build/icyphy/ptII/ptolemy/actor/lib/test/auto/RampFiringLimitDE.xml
3 ms. Memory: 488448K Free: 373322K (76%)
----------------- Invoking toplevel() on ptolemy.moml.MoMLSimpleApplication@59f4169f
----------------- Done invoking toplevel() on ptolemy.moml.MoMLSimpleApplication@59f4169f
reloadAllAccessors: .RampFiringLimitDE

===========================================================================================
----------------- testing Mon Feb 17 21:56:52 UTC 2020 /home/travis/build/icyphy/ptII/ptolemy/actor/lib/test/auto/RampFiringLimitSDF.xml
----------------- Instantiating /home/travis/build/icyphy/ptII/ptolemy/actor/lib/test/auto/RampFiringLimitSDF.xml
2 ms. Memory: 488448K Free: 368186K (75%)
----------------- Invoking toplevel() on ptolemy.moml.MoMLSimpleApplication@335f123b
----------------- Done invoking toplevel() on ptolemy.moml.MoMLSimpleApplication@335f123b
reloadAllAccessors: .RampFiringLimitSDF

===========================================================================================
----------------- testing Mon Feb 17 21:56:52 UTC 2020 /home/travis/build/icyphy/ptII/ptolemy/actor/lib/test/auto/RandomInteger.xml
----------------- Instantiating /home/travis/build/icyphy/ptII/ptolemy/actor/lib/test/auto/RandomInteger.xml
1 ms. Memory: 488448K Free: 364121K (75%)
----------------- Invoking toplevel() on ptolemy.moml.MoMLSimpleApplication@7618b06
----------------- Done invoking toplevel() on ptolemy.moml.MoMLSimpleApplication@7618b06
reloadAllAccessors: .RandomInteger

===========================================================================================
----------------- testing Mon Feb 17 21:56:52 UTC 2020 /home/travis/build/icyphy/ptII/ptolemy/actor/lib/test/auto/ReadFile1.xml
----------------- Instantiating /home/travis/build/icyphy/ptII/ptolemy/actor/lib/test/auto/ReadFile1.xml
1 ms. Memory: 488448K Free: 359515K (74%)
----------------- Invoking toplevel() on ptolemy.moml.MoMLSimpleApplication@41577b0b
----------------- Done invoking toplevel() on ptolemy.moml.MoMLSimpleApplication@41577b0b
reloadAllAccessors: .ReadFile1

===========================================================================================
----------------- testing Mon Feb 17 21:56:52 UTC 2020 /home/travis/build/icyphy/ptII/ptolemy/actor/lib/test/auto/ReadFile2.xml
----------------- Instantiating /home/travis/build/icyphy/ptII/ptolemy/actor/lib/test/auto/ReadFile2.xml
0 ms. Memory: 488448K Free: 355419K (73%)
----------------- Invoking toplevel() on ptolemy.moml.MoMLSimpleApplication@5e6c25b1
----------------- Done invoking toplevel() on ptolemy.moml.MoMLSimpleApplication@5e6c25b1
reloadAllAccessors: .ReadFile2

===========================================================================================
----------------- testing Mon Feb 17 21:56:52 UTC 2020 /home/travis/build/icyphy/ptII/ptolemy/actor/lib/test/auto/Reader.xml
----------------- Instantiating /home/travis/build/icyphy/ptII/ptolemy/actor/lib/test/auto/Reader.xml
actor.lib.Reader is obsolete, use actor.lib.io.ExpressionReader instead
3 ms. Memory: 488448K Free: 351323K (72%)
----------------- Invoking toplevel() on ptolemy.moml.MoMLSimpleApplication@74ebf175
----------------- Done invoking toplevel() on ptolemy.moml.MoMLSimpleApplication@74ebf175
reloadAllAccessors: .Reader

===========================================================================================
----------------- testing Mon Feb 17 21:56:52 UTC 2020 /home/travis/build/icyphy/ptII/ptolemy/actor/lib/test/auto/RecordAssemblerDisplayNameTest.xml
----------------- Instantiating /home/travis/build/icyphy/ptII/ptolemy/actor/lib/test/auto/RecordAssemblerDisplayNameTest.xml
3272 ms. Memory: 488448K Free: 263769K (54%)
----------------- Invoking toplevel() on ptolemy.moml.MoMLSimpleApplication@55478298
----------------- Done invoking toplevel() on ptolemy.moml.MoMLSimpleApplication@55478298
reloadAllAccessors: .RecordAssemblerDisplayNameTest

===========================================================================================
----------------- testing Mon Feb 17 21:56:55 UTC 2020 /home/travis/build/icyphy/ptII/ptolemy/actor/lib/test/auto/RecordAssemblerTypeError.xml
----------------- Instantiating /home/travis/build/icyphy/ptII/ptolemy/actor/lib/test/auto/RecordAssemblerTypeError.xml
4 ms. Memory: 488448K Free: 254043K (52%)
----------------- Invoking toplevel() on ptolemy.moml.MoMLSimpleApplication@29a6a7ec
----------------- Done invoking toplevel() on ptolemy.moml.MoMLSimpleApplication@29a6a7ec
reloadAllAccessors: .RecordAssemblerTypeError

===========================================================================================
----------------- testing Mon Feb 17 21:56:55 UTC 2020 /home/travis/build/icyphy/ptII/ptolemy/actor/lib/test/auto/RecordDisassember.xml
----------------- Instantiating /home/travis/build/icyphy/ptII/ptolemy/actor/lib/test/auto/RecordDisassember.xml
2 ms. Memory: 488448K Free: 249402K (51%)
----------------- Invoking toplevel() on ptolemy.moml.MoMLSimpleApplication@d63b0cb
----------------- Done invoking toplevel() on ptolemy.moml.MoMLSimpleApplication@d63b0cb
reloadAllAccessors: .RecordDisassember

===========================================================================================
----------------- testing Mon Feb 17 21:56:55 UTC 2020 /home/travis/build/icyphy/ptII/ptolemy/actor/lib/test/auto/RecordDisassemberDisplayNameTest.xml
----------------- Instantiating /home/travis/build/icyphy/ptII/ptolemy/actor/lib/test/auto/RecordDisassemberDisplayNameTest.xml
5 ms. Memory: 488448K Free: 241755K (49%)
----------------- Invoking toplevel() on ptolemy.moml.MoMLSimpleApplication@410a7aa1
----------------- Done invoking toplevel() on ptolemy.moml.MoMLSimpleApplication@410a7aa1
reloadAllAccessors: .RecordDisassemberDisplayNameTest

===========================================================================================
----------------- testing Mon Feb 17 21:56:56 UTC 2020 /home/travis/build/icyphy/ptII/ptolemy/actor/lib/test/auto/RecordDisassembler.xml
----------------- Instantiating /home/travis/build/icyphy/ptII/ptolemy/actor/lib/test/auto/RecordDisassembler.xml
2 ms. Memory: 488448K Free: 236635K (48%)
----------------- Invoking toplevel() on ptolemy.moml.MoMLSimpleApplication@5f9a4099
----------------- Done invoking toplevel() on ptolemy.moml.MoMLSimpleApplication@5f9a4099
reloadAllAccessors: .RecordDisassembler

===========================================================================================
----------------- testing Mon Feb 17 21:56:56 UTC 2020 /home/travis/build/icyphy/ptII/ptolemy/actor/lib/test/auto/RecordDisassembler2.xml
----------------- Instantiating /home/travis/build/icyphy/ptII/ptolemy/actor/lib/test/auto/RecordDisassembler2.xml
2 ms. Memory: 488448K Free: 231515K (47%)
----------------- Invoking toplevel() on ptolemy.moml.MoMLSimpleApplication@24aa0347
----------------- Done invoking toplevel() on ptolemy.moml.MoMLSimpleApplication@24aa0347
reloadAllAccessors: .RecordDisassembler2

===========================================================================================
----------------- testing Mon Feb 17 21:56:56 UTC 2020 /home/travis/build/icyphy/ptII/ptolemy/actor/lib/test/auto/RecordUpdater.xml
----------------- Instantiating /home/travis/build/icyphy/ptII/ptolemy/actor/lib/test/auto/RecordUpdater.xml
2 ms. Memory: 488448K Free: 226395K (46%)
----------------- Invoking toplevel() on ptolemy.moml.MoMLSimpleApplication@321732e1
----------------- Done invoking toplevel() on ptolemy.moml.MoMLSimpleApplication@321732e1
reloadAllAccessors: .RecordUpdater

===========================================================================================
----------------- testing Mon Feb 17 21:56:56 UTC 2020 /home/travis/build/icyphy/ptII/ptolemy/actor/lib/test/auto/RecordUpdater2.xml
----------------- Instantiating /home/travis/build/icyphy/ptII/ptolemy/actor/lib/test/auto/RecordUpdater2.xml
2 ms. Memory: 488448K Free: 221785K (45%)
----------------- Invoking toplevel() on ptolemy.moml.MoMLSimpleApplication@4d3c1405
----------------- Done invoking toplevel() on ptolemy.moml.MoMLSimpleApplication@4d3c1405
reloadAllAccessors: .RecordUpdater2

===========================================================================================
----------------- testing Mon Feb 17 21:56:56 UTC 2020 /home/travis/build/icyphy/ptII/ptolemy/actor/lib/test/auto/RecursiveLattice.xml
----------------- Instantiating /home/travis/build/icyphy/ptII/ptolemy/actor/lib/test/auto/RecursiveLattice.xml
1 ms. Memory: 488448K Free: 217179K (44%)
----------------- Invoking toplevel() on ptolemy.moml.MoMLSimpleApplication@1a08dfc7
----------------- Done invoking toplevel() on ptolemy.moml.MoMLSimpleApplication@1a08dfc7
reloadAllAccessors: .RecursiveLattice

===========================================================================================
----------------- testing Mon Feb 17 21:56:56 UTC 2020 /home/travis/build/icyphy/ptII/ptolemy/actor/lib/test/auto/Router.xml
----------------- Instantiating /home/travis/build/icyphy/ptII/ptolemy/actor/lib/test/auto/Router.xml
3004 ms. Memory: 488448K Free: 206939K (42%)
----------------- Invoking toplevel() on ptolemy.moml.MoMLSimpleApplication@35327f50
----------------- Done invoking toplevel() on ptolemy.moml.MoMLSimpleApplication@35327f50
reloadAllAccessors: .Router

===========================================================================================
----------------- testing Mon Feb 17 21:56:59 UTC 2020 /home/travis/build/icyphy/ptII/ptolemy/actor/lib/test/auto/Router2.xml
----------------- Instantiating /home/travis/build/icyphy/ptII/ptolemy/actor/lib/test/auto/Router2.xml
3003 ms. Memory: 488448K Free: 196185K (40%)
----------------- Invoking toplevel() on ptolemy.moml.MoMLSimpleApplication@5db563a6
----------------- Done invoking toplevel() on ptolemy.moml.MoMLSimpleApplication@5db563a6
reloadAllAccessors: .Router2

===========================================================================================
----------------- testing Mon Feb 17 21:57:02 UTC 2020 /home/travis/build/icyphy/ptII/ptolemy/actor/lib/test/auto/RunningMaximum.xml
----------------- Instantiating /home/travis/build/icyphy/ptII/ptolemy/actor/lib/test/auto/RunningMaximum.xml
2 ms. Memory: 488448K Free: 191579K (39%)
----------------- Invoking toplevel() on ptolemy.moml.MoMLSimpleApplication@4a5be0db
----------------- Done invoking toplevel() on ptolemy.moml.MoMLSimpleApplication@4a5be0db
reloadAllAccessors: .RunningMaximum

===========================================================================================
----------------- testing Mon Feb 17 21:57:02 UTC 2020 /home/travis/build/icyphy/ptII/ptolemy/actor/lib/test/auto/RunningMinimum.xml
----------------- Instantiating /home/travis/build/icyphy/ptII/ptolemy/actor/lib/test/auto/RunningMinimum.xml
2 ms. Memory: 488448K Free: 186969K (38%)
----------------- Invoking toplevel() on ptolemy.moml.MoMLSimpleApplication@5d94309e
----------------- Done invoking toplevel() on ptolemy.moml.MoMLSimpleApplication@5d94309e
reloadAllAccessors: .RunningMinimum

===========================================================================================
----------------- testing Mon Feb 17 21:57:02 UTC 2020 /home/travis/build/icyphy/ptII/ptolemy/actor/lib/test/auto/Scale.xml
----------------- Instantiating /home/travis/build/icyphy/ptII/ptolemy/actor/lib/test/auto/Scale.xml
1 ms. Memory: 488448K Free: 182363K (37%)
----------------- Invoking toplevel() on ptolemy.moml.MoMLSimpleApplication@4022b0c8
----------------- Done invoking toplevel() on ptolemy.moml.MoMLSimpleApplication@4022b0c8
reloadAllAccessors: .Scale

===========================================================================================
----------------- testing Mon Feb 17 21:57:02 UTC 2020 /home/travis/build/icyphy/ptII/ptolemy/actor/lib/test/auto/Scale2.xml
----------------- Instantiating /home/travis/build/icyphy/ptII/ptolemy/actor/lib/test/auto/Scale2.xml
1 ms. Memory: 488448K Free: 177753K (36%)
----------------- Invoking toplevel() on ptolemy.moml.MoMLSimpleApplication@24d1b953
----------------- Done invoking toplevel() on ptolemy.moml.MoMLSimpleApplication@24d1b953
reloadAllAccessors: .Scale2

===========================================================================================
----------------- testing Mon Feb 17 21:57:02 UTC 2020 /home/travis/build/icyphy/ptII/ptolemy/actor/lib/test/auto/Scale3.xml
----------------- Instantiating /home/travis/build/icyphy/ptII/ptolemy/actor/lib/test/auto/Scale3.xml
7 ms. Memory: 488448K Free: 171609K (35%)
----------------- Invoking toplevel() on ptolemy.moml.MoMLSimpleApplication@640e8bb3
----------------- Done invoking toplevel() on ptolemy.moml.MoMLSimpleApplication@640e8bb3
reloadAllAccessors: .Scale3

===========================================================================================
----------------- testing Mon Feb 17 21:57:02 UTC 2020 /home/travis/build/icyphy/ptII/ptolemy/actor/lib/test/auto/ScaleArray.xml
----------------- Instantiating /home/travis/build/icyphy/ptII/ptolemy/actor/lib/test/auto/ScaleArray.xml
2 ms. Memory: 488448K Free: 167003K (34%)
----------------- Invoking toplevel() on ptolemy.moml.MoMLSimpleApplication@526e3dcc
----------------- Done invoking toplevel() on ptolemy.moml.MoMLSimpleApplication@526e3dcc
reloadAllAccessors: .ScaleArray

===========================================================================================
----------------- testing Mon Feb 17 21:57:02 UTC 2020 /home/travis/build/icyphy/ptII/ptolemy/actor/lib/test/auto/ScaleArray2.xml
----------------- Instantiating /home/travis/build/icyphy/ptII/ptolemy/actor/lib/test/auto/ScaleArray2.xml
1 ms. Memory: 488448K Free: 162393K (33%)
----------------- Invoking toplevel() on ptolemy.moml.MoMLSimpleApplication@7594d556
----------------- Done invoking toplevel() on ptolemy.moml.MoMLSimpleApplication@7594d556
reloadAllAccessors: .ScaleArray2

===========================================================================================
----------------- testing Mon Feb 17 21:57:02 UTC 2020 /home/travis/build/icyphy/ptII/ptolemy/actor/lib/test/auto/ScaleMatrix.xml
----------------- Instantiating /home/travis/build/icyphy/ptII/ptolemy/actor/lib/test/auto/ScaleMatrix.xml
182 ms. Memory: 488448K Free: 431634K (88%)
----------------- Invoking toplevel() on ptolemy.moml.MoMLSimpleApplication@2a693d3
----------------- Done invoking toplevel() on ptolemy.moml.MoMLSimpleApplication@2a693d3
reloadAllAccessors: .ScaleMatrix

===========================================================================================
----------------- testing Mon Feb 17 21:57:02 UTC 2020 /home/travis/build/icyphy/ptII/ptolemy/actor/lib/test/auto/Select.xml
----------------- Instantiating /home/travis/build/icyphy/ptII/ptolemy/actor/lib/test/auto/Select.xml
2 ms. Memory: 488448K Free: 425051K (87%)
----------------- Invoking toplevel() on ptolemy.moml.MoMLSimpleApplication@4e416aa5
----------------- Done invoking toplevel() on ptolemy.moml.MoMLSimpleApplication@4e416aa5
reloadAllAccessors: .Select

===========================================================================================
----------------- testing Mon Feb 17 21:57:02 UTC 2020 /home/travis/build/icyphy/ptII/ptolemy/actor/lib/test/auto/Select2.xml
----------------- Instantiating /home/travis/build/icyphy/ptII/ptolemy/actor/lib/test/auto/Select2.xml
0 ms. Memory: 488448K Free: 420441K (86%)
----------------- Invoking toplevel() on ptolemy.moml.MoMLSimpleApplication@460a5a93
----------------- Done invoking toplevel() on ptolemy.moml.MoMLSimpleApplication@460a5a93
reloadAllAccessors: .Select2

===========================================================================================
----------------- testing Mon Feb 17 21:57:02 UTC 2020 /home/travis/build/icyphy/ptII/ptolemy/actor/lib/test/auto/SequenceToArray2.xml
----------------- Instantiating /home/travis/build/icyphy/ptII/ptolemy/actor/lib/test/auto/SequenceToArray2.xml
85 ms. Memory: 488448K Free: 396874K (81%)
----------------- Invoking toplevel() on ptolemy.moml.MoMLSimpleApplication@33780ccc
----------------- Done invoking toplevel() on ptolemy.moml.MoMLSimpleApplication@33780ccc
reloadAllAccessors: .SequenceToArray2

===========================================================================================
----------------- testing Mon Feb 17 21:57:02 UTC 2020 /home/travis/build/icyphy/ptII/ptolemy/actor/lib/test/auto/SequentialClock.xml
----------------- Instantiating /home/travis/build/icyphy/ptII/ptolemy/actor/lib/test/auto/SequentialClock.xml
1 ms. Memory: 488448K Free: 392283K (80%)
----------------- Invoking toplevel() on ptolemy.moml.MoMLSimpleApplication@73e1f050
----------------- Done invoking toplevel() on ptolemy.moml.MoMLSimpleApplication@73e1f050
reloadAllAccessors: .SequentialClock

===========================================================================================
----------------- testing Mon Feb 17 21:57:02 UTC 2020 /home/travis/build/icyphy/ptII/ptolemy/actor/lib/test/auto/SetVariable.xml
----------------- Instantiating /home/travis/build/icyphy/ptII/ptolemy/actor/lib/test/auto/SetVariable.xml
3 ms. Memory: 488448K Free: 387673K (79%)
----------------- Invoking toplevel() on ptolemy.moml.MoMLSimpleApplication@4652b0c9
----------------- Done invoking toplevel() on ptolemy.moml.MoMLSimpleApplication@4652b0c9
reloadAllAccessors: .SetVariable

===========================================================================================
----------------- testing Mon Feb 17 21:57:02 UTC 2020 /home/travis/build/icyphy/ptII/ptolemy/actor/lib/test/auto/SetVariable2.xml
----------------- Instantiating /home/travis/build/icyphy/ptII/ptolemy/actor/lib/test/auto/SetVariable2.xml
4 ms. Memory: 488448K Free: 382553K (78%)
----------------- Invoking toplevel() on ptolemy.moml.MoMLSimpleApplication@78050a8
----------------- Done invoking toplevel() on ptolemy.moml.MoMLSimpleApplication@78050a8
reloadAllAccessors: .SetVariable2

===========================================================================================
----------------- testing Mon Feb 17 21:57:02 UTC 2020 /home/travis/build/icyphy/ptII/ptolemy/actor/lib/test/auto/SetVariable3.xml
----------------- Instantiating /home/travis/build/icyphy/ptII/ptolemy/actor/lib/test/auto/SetVariable3.xml
6 ms. Memory: 488448K Free: 376923K (77%)
----------------- Invoking toplevel() on ptolemy.moml.MoMLSimpleApplication@646f54d7
----------------- Done invoking toplevel() on ptolemy.moml.MoMLSimpleApplication@646f54d7
reloadAllAccessors: .SetVariable3

===========================================================================================
----------------- testing Mon Feb 17 21:57:02 UTC 2020 /home/travis/build/icyphy/ptII/ptolemy/actor/lib/test/auto/SetVariable4.xml
----------------- Instantiating /home/travis/build/icyphy/ptII/ptolemy/actor/lib/test/auto/SetVariable4.xml
17 ms. Memory: 488448K Free: 367705K (75%)
----------------- Invoking toplevel() on ptolemy.moml.MoMLSimpleApplication@3b40aae6
----------------- Done invoking toplevel() on ptolemy.moml.MoMLSimpleApplication@3b40aae6
reloadAllAccessors: .SetVariable4

===========================================================================================
----------------- testing Mon Feb 17 21:57:02 UTC 2020 /home/travis/build/icyphy/ptII/ptolemy/actor/lib/test/auto/SetVariable5.xml
----------------- Instantiating /home/travis/build/icyphy/ptII/ptolemy/actor/lib/test/auto/SetVariable5.xml
18 ms. Memory: 488448K Free: 358491K (73%)
----------------- Invoking toplevel() on ptolemy.moml.MoMLSimpleApplication@1d2e95e2
----------------- Done invoking toplevel() on ptolemy.moml.MoMLSimpleApplication@1d2e95e2
reloadAllAccessors: .SetVariable5

===========================================================================================
----------------- testing Mon Feb 17 21:57:02 UTC 2020 /home/travis/build/icyphy/ptII/ptolemy/actor/lib/test/auto/Sinewave.xml
----------------- Instantiating /home/travis/build/icyphy/ptII/ptolemy/actor/lib/test/auto/Sinewave.xml
4 ms. Memory: 488448K Free: 347737K (71%)
----------------- Invoking toplevel() on ptolemy.moml.MoMLSimpleApplication@64d7083c
----------------- Done invoking toplevel() on ptolemy.moml.MoMLSimpleApplication@64d7083c
reloadAllAccessors: .Sinewave

===========================================================================================
----------------- testing Mon Feb 17 21:57:02 UTC 2020 /home/travis/build/icyphy/ptII/ptolemy/actor/lib/test/auto/Sinewave2.xml
----------------- Instantiating /home/travis/build/icyphy/ptII/ptolemy/actor/lib/test/auto/Sinewave2.xml
5 ms. Memory: 488448K Free: 339530K (70%)
----------------- Invoking toplevel() on ptolemy.moml.MoMLSimpleApplication@1e357a44
----------------- Done invoking toplevel() on ptolemy.moml.MoMLSimpleApplication@1e357a44
reloadAllAccessors: .Sinewave2

===========================================================================================
----------------- testing Mon Feb 17 21:57:02 UTC 2020 /home/travis/build/icyphy/ptII/ptolemy/actor/lib/test/auto/Sinewave3.xml
----------------- Instantiating /home/travis/build/icyphy/ptII/ptolemy/actor/lib/test/auto/Sinewave3.xml
9 ms. Memory: 488448K Free: 330843K (68%)
----------------- Invoking toplevel() on ptolemy.moml.MoMLSimpleApplication@201d01c9
----------------- Done invoking toplevel() on ptolemy.moml.MoMLSimpleApplication@201d01c9
reloadAllAccessors: .Sinewave3

===========================================================================================
----------------- testing Mon Feb 17 21:57:02 UTC 2020 /home/travis/build/icyphy/ptII/ptolemy/actor/lib/test/auto/SingleEvent.xml
----------------- Instantiating /home/travis/build/icyphy/ptII/ptolemy/actor/lib/test/auto/SingleEvent.xml
1 ms. Memory: 488448K Free: 326747K (67%)
----------------- Invoking toplevel() on ptolemy.moml.MoMLSimpleApplication@77505c9f
----------------- Done invoking toplevel() on ptolemy.moml.MoMLSimpleApplication@77505c9f
reloadAllAccessors: .SingleEvent

===========================================================================================
----------------- testing Mon Feb 17 21:57:02 UTC 2020 /home/travis/build/icyphy/ptII/ptolemy/actor/lib/test/auto/Sleep.xml
----------------- Instantiating /home/travis/build/icyphy/ptII/ptolemy/actor/lib/test/auto/Sleep.xml
6003 ms. Memory: 488448K Free: 321082K (66%)
----------------- Invoking toplevel() on ptolemy.moml.MoMLSimpleApplication@7736a038
----------------- Done invoking toplevel() on ptolemy.moml.MoMLSimpleApplication@7736a038
reloadAllAccessors: .Sleep

===========================================================================================
----------------- testing Mon Feb 17 21:57:08 UTC 2020 /home/travis/build/icyphy/ptII/ptolemy/actor/lib/test/auto/SleepMultipleFire.xml
----------------- Instantiating /home/travis/build/icyphy/ptII/ptolemy/actor/lib/test/auto/SleepMultipleFire.xml
1004 ms. Memory: 488448K Free: 315483K (65%)
----------------- Invoking toplevel() on ptolemy.moml.MoMLSimpleApplication@35f919d8
----------------- Done invoking toplevel() on ptolemy.moml.MoMLSimpleApplication@35f919d8
reloadAllAccessors: .SleepMultipleFire

===========================================================================================
----------------- testing Mon Feb 17 21:57:09 UTC 2020 /home/travis/build/icyphy/ptII/ptolemy/actor/lib/test/auto/StopDE.xml
----------------- Instantiating /home/travis/build/icyphy/ptII/ptolemy/actor/lib/test/auto/StopDE.xml
3 ms. Memory: 488448K Free: 309849K (63%)
----------------- Invoking toplevel() on ptolemy.moml.MoMLSimpleApplication@3431754f
----------------- Done invoking toplevel() on ptolemy.moml.MoMLSimpleApplication@3431754f
reloadAllAccessors: .StopDE

===========================================================================================
----------------- testing Mon Feb 17 21:57:09 UTC 2020 /home/travis/build/icyphy/ptII/ptolemy/actor/lib/test/auto/StopSDF.xml
----------------- Instantiating /home/travis/build/icyphy/ptII/ptolemy/actor/lib/test/auto/StopSDF.xml
5 ms. Memory: 488448K Free: 304729K (62%)
----------------- Invoking toplevel() on ptolemy.moml.MoMLSimpleApplication@3cda050f
----------------- Done invoking toplevel() on ptolemy.moml.MoMLSimpleApplication@3cda050f
reloadAllAccessors: .StopSDF

===========================================================================================
----------------- testing Mon Feb 17 21:57:09 UTC 2020 /home/travis/build/icyphy/ptII/ptolemy/actor/lib/test/auto/StringConstant.xml
----------------- Instantiating /home/travis/build/icyphy/ptII/ptolemy/actor/lib/test/auto/StringConstant.xml
8 ms. Memory: 488448K Free: 300123K (61%)
----------------- Invoking toplevel() on ptolemy.moml.MoMLSimpleApplication@32a3df9a
----------------- Done invoking toplevel() on ptolemy.moml.MoMLSimpleApplication@32a3df9a
reloadAllAccessors: .StringConstant

===========================================================================================
----------------- testing Mon Feb 17 21:57:09 UTC 2020 /home/travis/build/icyphy/ptII/ptolemy/actor/lib/test/auto/SubscriberPortInitialValues1.xml
----------------- Instantiating /home/travis/build/icyphy/ptII/ptolemy/actor/lib/test/auto/SubscriberPortInitialValues1.xml
8 ms. Memory: 488448K Free: 291417K (60%)
----------------- Invoking toplevel() on ptolemy.moml.MoMLSimpleApplication@36da500e
----------------- Done invoking toplevel() on ptolemy.moml.MoMLSimpleApplication@36da500e
reloadAllAccessors: .SubscriberPortInitialValues1

===========================================================================================
----------------- testing Mon Feb 17 21:57:09 UTC 2020 /home/travis/build/icyphy/ptII/ptolemy/actor/lib/test/auto/SubscriberPortInitialValues13.xml
----------------- Instantiating /home/travis/build/icyphy/ptII/ptolemy/actor/lib/test/auto/SubscriberPortInitialValues13.xml
5 ms. Memory: 488448K Free: 278105K (57%)
----------------- Invoking toplevel() on ptolemy.moml.MoMLSimpleApplication@2e6c9e8b
----------------- Done invoking toplevel() on ptolemy.moml.MoMLSimpleApplication@2e6c9e8b
reloadAllAccessors: .SubscriberPortInitialValues13

===========================================================================================
----------------- testing Mon Feb 17 21:57:09 UTC 2020 /home/travis/build/icyphy/ptII/ptolemy/actor/lib/test/auto/SubscriberPortInitialValues14.xml
----------------- Instantiating /home/travis/build/icyphy/ptII/ptolemy/actor/lib/test/auto/SubscriberPortInitialValues14.xml
4 ms. Memory: 488448K Free: 270427K (55%)
----------------- Invoking toplevel() on ptolemy.moml.MoMLSimpleApplication@19518ca5
----------------- Done invoking toplevel() on ptolemy.moml.MoMLSimpleApplication@19518ca5
reloadAllAccessors: .SubscriberPortInitialValues14

===========================================================================================
----------------- testing Mon Feb 17 21:57:09 UTC 2020 /home/travis/build/icyphy/ptII/ptolemy/actor/lib/test/auto/SubscriberPortInitialValues2.xml
----------------- Instantiating /home/travis/build/icyphy/ptII/ptolemy/actor/lib/test/auto/SubscriberPortInitialValues2.xml
4 ms. Memory: 488448K Free: 262745K (54%)
----------------- Invoking toplevel() on ptolemy.moml.MoMLSimpleApplication@2a08bb12
----------------- Done invoking toplevel() on ptolemy.moml.MoMLSimpleApplication@2a08bb12
reloadAllAccessors: .SubscriberPortInitialValues2

===========================================================================================
----------------- testing Mon Feb 17 21:57:09 UTC 2020 /home/travis/build/icyphy/ptII/ptolemy/actor/lib/test/auto/SubscriberPortInitialValues3.xml
----------------- Instantiating /home/travis/build/icyphy/ptII/ptolemy/actor/lib/test/auto/SubscriberPortInitialValues3.xml
3 ms. Memory: 488448K Free: 251481K (51%)
----------------- Invoking toplevel() on ptolemy.moml.MoMLSimpleApplication@159a9c11
----------------- Done invoking toplevel() on ptolemy.moml.MoMLSimpleApplication@159a9c11
reloadAllAccessors: .SubscriberPortInitialValues3

===========================================================================================
----------------- testing Mon Feb 17 21:57:09 UTC 2020 /home/travis/build/icyphy/ptII/ptolemy/actor/lib/test/auto/SubscriptionAggregator.xml
----------------- Instantiating /home/travis/build/icyphy/ptII/ptolemy/actor/lib/test/auto/SubscriptionAggregator.xml
2 ms. Memory: 488448K Free: 244827K (50%)
----------------- Invoking toplevel() on ptolemy.moml.MoMLSimpleApplication@5e6eee87
----------------- Done invoking toplevel() on ptolemy.moml.MoMLSimpleApplication@5e6eee87
reloadAllAccessors: .SubscriptionAggregator

===========================================================================================
----------------- testing Mon Feb 17 21:57:10 UTC 2020 /home/travis/build/icyphy/ptII/ptolemy/actor/lib/test/auto/SubscriptionAggregator2.xml
----------------- Instantiating /home/travis/build/icyphy/ptII/ptolemy/actor/lib/test/auto/SubscriptionAggregator2.xml
2 ms. Memory: 488448K Free: 238162K (49%)
----------------- Invoking toplevel() on ptolemy.moml.MoMLSimpleApplication@78cbf1c9
----------------- Done invoking toplevel() on ptolemy.moml.MoMLSimpleApplication@78cbf1c9
reloadAllAccessors: .SubscriptionAggregator2

===========================================================================================
----------------- testing Mon Feb 17 21:57:10 UTC 2020 /home/travis/build/icyphy/ptII/ptolemy/actor/lib/test/auto/SubscriptionAggregator3.xml
----------------- Instantiating /home/travis/build/icyphy/ptII/ptolemy/actor/lib/test/auto/SubscriptionAggregator3.xml
3 ms. Memory: 488448K Free: 229467K (47%)
----------------- Invoking toplevel() on ptolemy.moml.MoMLSimpleApplication@4a25b509
----------------- Done invoking toplevel() on ptolemy.moml.MoMLSimpleApplication@4a25b509
reloadAllAccessors: .SubscriptionAggregator3

===========================================================================================
----------------- testing Mon Feb 17 21:57:10 UTC 2020 /home/travis/build/icyphy/ptII/ptolemy/actor/lib/test/auto/SubscriptionAggregatorMultiply.xml
----------------- Instantiating /home/travis/build/icyphy/ptII/ptolemy/actor/lib/test/auto/SubscriptionAggregatorMultiply.xml
12 ms. Memory: 488448K Free: 220761K (45%)
----------------- Invoking toplevel() on ptolemy.moml.MoMLSimpleApplication@7a879787
----------------- Done invoking toplevel() on ptolemy.moml.MoMLSimpleApplication@7a879787
reloadAllAccessors: .SubscriptionAggregatorMultiply

===========================================================================================
----------------- testing Mon Feb 17 21:57:10 UTC 2020 /home/travis/build/icyphy/ptII/ptolemy/actor/lib/test/auto/SubscriptionAggregatorPortMultiply1.xml
----------------- Instantiating /home/travis/build/icyphy/ptII/ptolemy/actor/lib/test/auto/SubscriptionAggregatorPortMultiply1.xml
3 ms. Memory: 488448K Free: 213083K (44%)
----------------- Invoking toplevel() on ptolemy.moml.MoMLSimpleApplication@3d196b8
----------------- Done invoking toplevel() on ptolemy.moml.MoMLSimpleApplication@3d196b8
reloadAllAccessors: .SubscriptionAggregatorPortMultiply1

===========================================================================================
----------------- testing Mon Feb 17 21:57:10 UTC 2020 /home/travis/build/icyphy/ptII/ptolemy/actor/lib/test/auto/Switch.xml
----------------- Instantiating /home/travis/build/icyphy/ptII/ptolemy/actor/lib/test/auto/Switch.xml
8 ms. Memory: 488448K Free: 204891K (42%)
----------------- Invoking toplevel() on ptolemy.moml.MoMLSimpleApplication@3a573b74
----------------- Done invoking toplevel() on ptolemy.moml.MoMLSimpleApplication@3a573b74
reloadAllAccessors: .Switch

===========================================================================================
----------------- testing Mon Feb 17 21:57:10 UTC 2020 /home/travis/build/icyphy/ptII/ptolemy/actor/lib/test/auto/Switch2.xml
----------------- Instantiating /home/travis/build/icyphy/ptII/ptolemy/actor/lib/test/auto/Switch2.xml
1 ms. Memory: 488448K Free: 200281K (41%)
----------------- Invoking toplevel() on ptolemy.moml.MoMLSimpleApplication@5b093efb
----------------- Done invoking toplevel() on ptolemy.moml.MoMLSimpleApplication@5b093efb
reloadAllAccessors: .Switch2

===========================================================================================
----------------- testing Mon Feb 17 21:57:10 UTC 2020 /home/travis/build/icyphy/ptII/ptolemy/actor/lib/test/auto/SwitchDE.xml
----------------- Instantiating /home/travis/build/icyphy/ptII/ptolemy/actor/lib/test/auto/SwitchDE.xml
4 ms. Memory: 488448K Free: 194122K (40%)
----------------- Invoking toplevel() on ptolemy.moml.MoMLSimpleApplication@186d3b93
----------------- Done invoking toplevel() on ptolemy.moml.MoMLSimpleApplication@186d3b93
reloadAllAccessors: .SwitchDE

===========================================================================================
----------------- testing Mon Feb 17 21:57:10 UTC 2020 /home/travis/build/icyphy/ptII/ptolemy/actor/lib/test/auto/SynchronizerDE.xml
----------------- Instantiating /home/travis/build/icyphy/ptII/ptolemy/actor/lib/test/auto/SynchronizerDE.xml
5 ms. Memory: 488448K Free: 185914K (38%)
----------------- Invoking toplevel() on ptolemy.moml.MoMLSimpleApplication@4ab6a04d
----------------- Done invoking toplevel() on ptolemy.moml.MoMLSimpleApplication@4ab6a04d
reloadAllAccessors: .SynchronizerDE

===========================================================================================
----------------- testing Mon Feb 17 21:57:10 UTC 2020 /home/travis/build/icyphy/ptII/ptolemy/actor/lib/test/auto/Test.xml
----------------- Instantiating /home/travis/build/icyphy/ptII/ptolemy/actor/lib/test/auto/Test.xml
1 ms. Memory: 488448K Free: 180810K (37%)
----------------- Invoking toplevel() on ptolemy.moml.MoMLSimpleApplication@2c765649
----------------- Done invoking toplevel() on ptolemy.moml.MoMLSimpleApplication@2c765649
reloadAllAccessors: .Test

===========================================================================================
----------------- testing Mon Feb 17 21:57:10 UTC 2020 /home/travis/build/icyphy/ptII/ptolemy/actor/lib/test/auto/TestExceptionAttribute1.xml
----------------- Instantiating /home/travis/build/icyphy/ptII/ptolemy/actor/lib/test/auto/TestExceptionAttribute1.xml
1 ms. Memory: 488448K Free: 176729K (36%)
----------------- Invoking toplevel() on ptolemy.moml.MoMLSimpleApplication@6e60bdd9
----------------- Done invoking toplevel() on ptolemy.moml.MoMLSimpleApplication@6e60bdd9
reloadAllAccessors: .TestExceptionAttribute1

===========================================================================================
----------------- testing Mon Feb 17 21:57:10 UTC 2020 /home/travis/build/icyphy/ptII/ptolemy/actor/lib/test/auto/TestExceptionAttribute2.xml
----------------- Instantiating /home/travis/build/icyphy/ptII/ptolemy/actor/lib/test/auto/TestExceptionAttribute2.xml
1 ms. Memory: 488448K Free: 173147K (35%)
----------------- Invoking toplevel() on ptolemy.moml.MoMLSimpleApplication@3516c1ef
----------------- Done invoking toplevel() on ptolemy.moml.MoMLSimpleApplication@3516c1ef
reloadAllAccessors: .TestExceptionAttribute2

===========================================================================================
----------------- testing Mon Feb 17 21:57:10 UTC 2020 /home/travis/build/icyphy/ptII/ptolemy/actor/lib/test/auto/TestExceptionAttribute3.xml
----------------- Instantiating /home/travis/build/icyphy/ptII/ptolemy/actor/lib/test/auto/TestExceptionAttribute3.xml
.TestExceptionAttribute3.TestExceptionAttribute: initialize() was not invoked, but wrapup() was.  This is unusual, but not always a problem.  For example, exporting JNLP will do this.
1 ms. Memory: 488448K Free: 169561K (35%)
----------------- Invoking toplevel() on ptolemy.moml.MoMLSimpleApplication@392c64f0
----------------- Done invoking toplevel() on ptolemy.moml.MoMLSimpleApplication@392c64f0
reloadAllAccessors: .TestExceptionAttribute3

===========================================================================================
----------------- testing Mon Feb 17 21:57:10 UTC 2020 /home/travis/build/icyphy/ptII/ptolemy/actor/lib/test/auto/TestExceptionAttribute4.xml
----------------- Instantiating /home/travis/build/icyphy/ptII/ptolemy/actor/lib/test/auto/TestExceptionAttribute4.xml
.TestExceptionAttribute4.TestExceptionAttribute: initialize() was not invoked, but wrapup() was.  This is unusual, but not always a problem.  For example, exporting JNLP will do this.
.TestExceptionAttribute4.TestExceptionAttribute2: initialize() was not invoked, but wrapup() was.  This is unusual, but not always a problem.  For example, exporting JNLP will do this.
1 ms. Memory: 488448K Free: 165465K (34%)
----------------- Invoking toplevel() on ptolemy.moml.MoMLSimpleApplication@3cb6c966
----------------- Done invoking toplevel() on ptolemy.moml.MoMLSimpleApplication@3cb6c966
reloadAllAccessors: .TestExceptionAttribute4

===========================================================================================
----------------- testing Mon Feb 17 21:57:10 UTC 2020 /home/travis/build/icyphy/ptII/ptolemy/actor/lib/test/auto/TestExceptionHandler1.xml
----------------- Instantiating /home/travis/build/icyphy/ptII/ptolemy/actor/lib/test/auto/TestExceptionHandler1.xml
1 ms. Memory: 488448K Free: 161883K (33%)
----------------- Invoking toplevel() on ptolemy.moml.MoMLSimpleApplication@278882a7
----------------- Done invoking toplevel() on ptolemy.moml.MoMLSimpleApplication@278882a7
reloadAllAccessors: .TestExceptionHandler1

===========================================================================================
----------------- testing Mon Feb 17 21:57:10 UTC 2020 /home/travis/build/icyphy/ptII/ptolemy/actor/lib/test/auto/TestExceptionHandler2.xml
----------------- Instantiating /home/travis/build/icyphy/ptII/ptolemy/actor/lib/test/auto/TestExceptionHandler2.xml
1 ms. Memory: 488448K Free: 158297K (32%)
----------------- Invoking toplevel() on ptolemy.moml.MoMLSimpleApplication@392fdb75
----------------- Done invoking toplevel() on ptolemy.moml.MoMLSimpleApplication@392fdb75
reloadAllAccessors: .TestExceptionHandler2

===========================================================================================
----------------- testing Mon Feb 17 21:57:10 UTC 2020 /home/travis/build/icyphy/ptII/ptolemy/actor/lib/test/auto/TestExceptionHandler3.xml
----------------- Instantiating /home/travis/build/icyphy/ptII/ptolemy/actor/lib/test/auto/TestExceptionHandler3.xml
0 ms. Memory: 488448K Free: 154715K (32%)
----------------- Invoking toplevel() on ptolemy.moml.MoMLSimpleApplication@5450d05
----------------- Done invoking toplevel() on ptolemy.moml.MoMLSimpleApplication@5450d05
reloadAllAccessors: .TestExceptionHandler3

===========================================================================================
----------------- testing Mon Feb 17 21:57:10 UTC 2020 /home/travis/build/icyphy/ptII/ptolemy/actor/lib/test/auto/TestExceptionHandler4.xml
----------------- Instantiating /home/travis/build/icyphy/ptII/ptolemy/actor/lib/test/auto/TestExceptionHandler4.xml
1 ms. Memory: 488448K Free: 432918K (89%)
----------------- Invoking toplevel() on ptolemy.moml.MoMLSimpleApplication@25fa17fd
----------------- Done invoking toplevel() on ptolemy.moml.MoMLSimpleApplication@25fa17fd
reloadAllAccessors: .TestExceptionHandler4

===========================================================================================
----------------- testing Mon Feb 17 21:57:10 UTC 2020 /home/travis/build/icyphy/ptII/ptolemy/actor/lib/test/auto/TestRequireCorrectOrder.xml
----------------- Instantiating /home/travis/build/icyphy/ptII/ptolemy/actor/lib/test/auto/TestRequireCorrectOrder.xml
9 ms. Memory: 488448K Free: 427798K (88%)
----------------- Invoking toplevel() on ptolemy.moml.MoMLSimpleApplication@1ab3e02d
----------------- Done invoking toplevel() on ptolemy.moml.MoMLSimpleApplication@1ab3e02d
reloadAllAccessors: .TestRequireCorrectOrder

===========================================================================================
----------------- testing Mon Feb 17 21:57:10 UTC 2020 /home/travis/build/icyphy/ptII/ptolemy/actor/lib/test/auto/TestSimple.xml
----------------- Instantiating /home/travis/build/icyphy/ptII/ptolemy/actor/lib/test/auto/TestSimple.xml
1 ms. Memory: 488448K Free: 422158K (86%)
----------------- Invoking toplevel() on ptolemy.moml.MoMLSimpleApplication@59f2ea93
----------------- Done invoking toplevel() on ptolemy.moml.MoMLSimpleApplication@59f2ea93
reloadAllAccessors: .TestSimple

===========================================================================================
----------------- testing Mon Feb 17 21:57:10 UTC 2020 /home/travis/build/icyphy/ptII/ptolemy/actor/lib/test/auto/ThrowModelError.xml
----------------- Instantiating /home/travis/build/icyphy/ptII/ptolemy/actor/lib/test/auto/ThrowModelError.xml
1 ms. Memory: 488448K Free: 417558K (85%)
----------------- Invoking toplevel() on ptolemy.moml.MoMLSimpleApplication@362df13c
----------------- Done invoking toplevel() on ptolemy.moml.MoMLSimpleApplication@362df13c
reloadAllAccessors: .ThrowModelError

===========================================================================================
----------------- testing Mon Feb 17 21:57:10 UTC 2020 /home/travis/build/icyphy/ptII/ptolemy/actor/lib/test/auto/TimeDelayMicrosteps.xml
----------------- Instantiating /home/travis/build/icyphy/ptII/ptolemy/actor/lib/test/auto/TimeDelayMicrosteps.xml
4 ms. Memory: 488448K Free: 410390K (84%)
----------------- Invoking toplevel() on ptolemy.moml.MoMLSimpleApplication@1dc6e5e9
----------------- Done invoking toplevel() on ptolemy.moml.MoMLSimpleApplication@1dc6e5e9
reloadAllAccessors: .TimeDelayMicrosteps

===========================================================================================
----------------- testing Mon Feb 17 21:57:10 UTC 2020 /home/travis/build/icyphy/ptII/ptolemy/actor/lib/test/auto/TimeDelayMicrosteps2.xml
----------------- Instantiating /home/travis/build/icyphy/ptII/ptolemy/actor/lib/test/auto/TimeDelayMicrosteps2.xml
4 ms. Memory: 488448K Free: 403222K (83%)
----------------- Invoking toplevel() on ptolemy.moml.MoMLSimpleApplication@1a973209
----------------- Done invoking toplevel() on ptolemy.moml.MoMLSimpleApplication@1a973209
reloadAllAccessors: .TimeDelayMicrosteps2

===========================================================================================
----------------- testing Mon Feb 17 21:57:10 UTC 2020 /home/travis/build/icyphy/ptII/ptolemy/actor/lib/test/auto/TimeDelayMicrosteps3.xml
----------------- Instantiating /home/travis/build/icyphy/ptII/ptolemy/actor/lib/test/auto/TimeDelayMicrosteps3.xml
3 ms. Memory: 488448K Free: 396534K (81%)
----------------- Invoking toplevel() on ptolemy.moml.MoMLSimpleApplication@2d485e2f
----------------- Done invoking toplevel() on ptolemy.moml.MoMLSimpleApplication@2d485e2f
reloadAllAccessors: .TimeDelayMicrosteps3

===========================================================================================
----------------- testing Mon Feb 17 21:57:10 UTC 2020 /home/travis/build/icyphy/ptII/ptolemy/actor/lib/test/auto/TimeDelayVariableMicrosteps.xml
----------------- Instantiating /home/travis/build/icyphy/ptII/ptolemy/actor/lib/test/auto/TimeDelayVariableMicrosteps.xml
3 ms. Memory: 488448K Free: 389908K (80%)
----------------- Invoking toplevel() on ptolemy.moml.MoMLSimpleApplication@56eb6190
----------------- Done invoking toplevel() on ptolemy.moml.MoMLSimpleApplication@56eb6190
reloadAllAccessors: .TimeDelayVariableMicrosteps

===========================================================================================
----------------- testing Mon Feb 17 21:57:10 UTC 2020 /home/travis/build/icyphy/ptII/ptolemy/actor/lib/test/auto/TimeGap.xml
----------------- Instantiating /home/travis/build/icyphy/ptII/ptolemy/actor/lib/test/auto/TimeGap.xml
3 ms. Memory: 488448K Free: 384790K (79%)
----------------- Invoking toplevel() on ptolemy.moml.MoMLSimpleApplication@6d62240b
----------------- Done invoking toplevel() on ptolemy.moml.MoMLSimpleApplication@6d62240b
reloadAllAccessors: .TimeGap

===========================================================================================
----------------- testing Mon Feb 17 21:57:10 UTC 2020 /home/travis/build/icyphy/ptII/ptolemy/actor/lib/test/auto/TimeGap2.xml
----------------- Instantiating /home/travis/build/icyphy/ptII/ptolemy/actor/lib/test/auto/TimeGap2.xml
1 ms. Memory: 488448K Free: 379126K (78%)
----------------- Invoking toplevel() on ptolemy.moml.MoMLSimpleApplication@4315c1e6
----------------- Done invoking toplevel() on ptolemy.moml.MoMLSimpleApplication@4315c1e6
reloadAllAccessors: .TimeGap2

===========================================================================================
----------------- testing Mon Feb 17 21:57:10 UTC 2020 /home/travis/build/icyphy/ptII/ptolemy/actor/lib/test/auto/TimedSinewave.xml
----------------- Instantiating /home/travis/build/icyphy/ptII/ptolemy/actor/lib/test/auto/TimedSinewave.xml
18 ms. Memory: 488448K Free: 364820K (75%)
----------------- Invoking toplevel() on ptolemy.moml.MoMLSimpleApplication@54d7f9e4
----------------- Done invoking toplevel() on ptolemy.moml.MoMLSimpleApplication@54d7f9e4
reloadAllAccessors: .TimedSinewave

===========================================================================================
----------------- testing Mon Feb 17 21:57:10 UTC 2020 /home/travis/build/icyphy/ptII/ptolemy/actor/lib/test/auto/TimedSinewavePhase.xml
----------------- Instantiating /home/travis/build/icyphy/ptII/ptolemy/actor/lib/test/auto/TimedSinewavePhase.xml
12 ms. Memory: 488448K Free: 355094K (73%)
----------------- Invoking toplevel() on ptolemy.moml.MoMLSimpleApplication@55a78f3d
----------------- Done invoking toplevel() on ptolemy.moml.MoMLSimpleApplication@55a78f3d
reloadAllAccessors: .TimedSinewavePhase

===========================================================================================
----------------- testing Mon Feb 17 21:57:10 UTC 2020 /home/travis/build/icyphy/ptII/ptolemy/actor/lib/test/auto/Timer.xml
----------------- Instantiating /home/travis/build/icyphy/ptII/ptolemy/actor/lib/test/auto/Timer.xml
1 ms. Memory: 488448K Free: 348950K (71%)
----------------- Invoking toplevel() on ptolemy.moml.MoMLSimpleApplication@31329322
----------------- Done invoking toplevel() on ptolemy.moml.MoMLSimpleApplication@31329322
reloadAllAccessors: .Timer

===========================================================================================
----------------- testing Mon Feb 17 21:57:10 UTC 2020 /home/travis/build/icyphy/ptII/ptolemy/actor/lib/test/auto/TriangularDistTestModel.xml
----------------- Instantiating /home/travis/build/icyphy/ptII/ptolemy/actor/lib/test/auto/TriangularDistTestModel.xml
2 ms. Memory: 488448K Free: 343286K (70%)
----------------- Invoking toplevel() on ptolemy.moml.MoMLSimpleApplication@1b569496
----------------- Done invoking toplevel() on ptolemy.moml.MoMLSimpleApplication@1b569496
reloadAllAccessors: .TriangularDistTestModel

===========================================================================================
----------------- testing Mon Feb 17 21:57:10 UTC 2020 /home/travis/build/icyphy/ptII/ptolemy/actor/lib/test/auto/TrigFunction.xml
----------------- Instantiating /home/travis/build/icyphy/ptII/ptolemy/actor/lib/test/auto/TrigFunction.xml
1 ms. Memory: 488448K Free: 338710K (69%)
----------------- Invoking toplevel() on ptolemy.moml.MoMLSimpleApplication@708eeac6
----------------- Done invoking toplevel() on ptolemy.moml.MoMLSimpleApplication@708eeac6
reloadAllAccessors: .TrigFunction

===========================================================================================
----------------- testing Mon Feb 17 21:57:10 UTC 2020 /home/travis/build/icyphy/ptII/ptolemy/actor/lib/test/auto/TrigFunctionDE.xml
----------------- Instantiating /home/travis/build/icyphy/ptII/ptolemy/actor/lib/test/auto/TrigFunctionDE.xml
1 ms. Memory: 488448K Free: 333076K (68%)
----------------- Invoking toplevel() on ptolemy.moml.MoMLSimpleApplication@1d13d237
----------------- Done invoking toplevel() on ptolemy.moml.MoMLSimpleApplication@1d13d237
reloadAllAccessors: .TrigFunctionDE

===========================================================================================
----------------- testing Mon Feb 17 21:57:10 UTC 2020 /home/travis/build/icyphy/ptII/ptolemy/actor/lib/test/auto/TrigFunctionInverse.xml
----------------- Instantiating /home/travis/build/icyphy/ptII/ptolemy/actor/lib/test/auto/TrigFunctionInverse.xml
2 ms. Memory: 488448K Free: 327956K (67%)
----------------- Invoking toplevel() on ptolemy.moml.MoMLSimpleApplication@1d327925
----------------- Done invoking toplevel() on ptolemy.moml.MoMLSimpleApplication@1d327925
reloadAllAccessors: .TrigFunctionInverse

===========================================================================================
----------------- testing Mon Feb 17 21:57:10 UTC 2020 /home/travis/build/icyphy/ptII/ptolemy/actor/lib/test/auto/TrigFunctionTan.xml
----------------- Instantiating /home/travis/build/icyphy/ptII/ptolemy/actor/lib/test/auto/TrigFunctionTan.xml
1 ms. Memory: 488448K Free: 323860K (66%)
----------------- Invoking toplevel() on ptolemy.moml.MoMLSimpleApplication@4fd72d6d
----------------- Done invoking toplevel() on ptolemy.moml.MoMLSimpleApplication@4fd72d6d
reloadAllAccessors: .TrigFunctionTan

===========================================================================================
----------------- testing Mon Feb 17 21:57:10 UTC 2020 /home/travis/build/icyphy/ptII/ptolemy/actor/lib/test/auto/TriggeredClock.xml
----------------- Instantiating /home/travis/build/icyphy/ptII/ptolemy/actor/lib/test/auto/TriggeredClock.xml
1 ms. Memory: 488448K Free: 319222K (65%)
----------------- Invoking toplevel() on ptolemy.moml.MoMLSimpleApplication@286b0f81
----------------- Done invoking toplevel() on ptolemy.moml.MoMLSimpleApplication@286b0f81
reloadAllAccessors: .TriggeredClock

===========================================================================================
----------------- testing Mon Feb 17 21:57:10 UTC 2020 /home/travis/build/icyphy/ptII/ptolemy/actor/lib/test/auto/URLDirectoryReader.xml
----------------- Instantiating /home/travis/build/icyphy/ptII/ptolemy/actor/lib/test/auto/URLDirectoryReader.xml
23 ms. Memory: 488448K Free: 310548K (64%)
----------------- Invoking toplevel() on ptolemy.moml.MoMLSimpleApplication@47c1b21e
----------------- Done invoking toplevel() on ptolemy.moml.MoMLSimpleApplication@47c1b21e
reloadAllAccessors: .URLDirectoryReader

===========================================================================================
----------------- testing Mon Feb 17 21:57:10 UTC 2020 /home/travis/build/icyphy/ptII/ptolemy/actor/lib/test/auto/URLDirectoryReader3.xml
----------------- Instantiating /home/travis/build/icyphy/ptII/ptolemy/actor/lib/test/auto/URLDirectoryReader3.xml
1313 ms. Memory: 488448K Free: 426583K (87%)
----------------- Invoking toplevel() on ptolemy.moml.MoMLSimpleApplication@534cab4c
----------------- Done invoking toplevel() on ptolemy.moml.MoMLSimpleApplication@534cab4c
reloadAllAccessors: .URLDirectoryReader3

===========================================================================================
----------------- testing Mon Feb 17 21:57:12 UTC 2020 /home/travis/build/icyphy/ptII/ptolemy/actor/lib/test/auto/UnaryMathFunction.xml
----------------- Instantiating /home/travis/build/icyphy/ptII/ptolemy/actor/lib/test/auto/UnaryMathFunction.xml
8 ms. Memory: 488448K Free: 418389K (86%)
----------------- Invoking toplevel() on ptolemy.moml.MoMLSimpleApplication@7ee69689
----------------- Done invoking toplevel() on ptolemy.moml.MoMLSimpleApplication@7ee69689
reloadAllAccessors: .UnaryMathFunction

===========================================================================================
----------------- testing Mon Feb 17 21:57:12 UTC 2020 /home/travis/build/icyphy/ptII/ptolemy/actor/lib/test/auto/Uniform.xml
----------------- Instantiating /home/travis/build/icyphy/ptII/ptolemy/actor/lib/test/auto/Uniform.xml
2 ms. Memory: 488448K Free: 413779K (85%)
----------------- Invoking toplevel() on ptolemy.moml.MoMLSimpleApplication@64511b45
----------------- Done invoking toplevel() on ptolemy.moml.MoMLSimpleApplication@64511b45
reloadAllAccessors: .Uniform

===========================================================================================
----------------- testing Mon Feb 17 21:57:12 UTC 2020 /home/travis/build/icyphy/ptII/ptolemy/actor/lib/test/auto/UnionDisassemblerTest.xml
----------------- Instantiating /home/travis/build/icyphy/ptII/ptolemy/actor/lib/test/auto/UnionDisassemblerTest.xml
15 ms. Memory: 488448K Free: 410197K (84%)
----------------- Invoking toplevel() on ptolemy.moml.MoMLSimpleApplication@22418f62
----------------- Done invoking toplevel() on ptolemy.moml.MoMLSimpleApplication@22418f62
reloadAllAccessors: .UnionDisassemblerTest

===========================================================================================
----------------- testing Mon Feb 17 21:57:12 UTC 2020 /home/travis/build/icyphy/ptII/ptolemy/actor/lib/test/auto/UtilityFunctions.xml
----------------- Instantiating /home/travis/build/icyphy/ptII/ptolemy/actor/lib/test/auto/UtilityFunctions.xml
1 ms. Memory: 488448K Free: 406101K (83%)
----------------- Invoking toplevel() on ptolemy.moml.MoMLSimpleApplication@51133ff9
----------------- Done invoking toplevel() on ptolemy.moml.MoMLSimpleApplication@51133ff9
reloadAllAccessors: .UtilityFunctions

===========================================================================================
----------------- testing Mon Feb 17 21:57:12 UTC 2020 /home/travis/build/icyphy/ptII/ptolemy/actor/lib/test/auto/VariableSleep.xml
----------------- Instantiating /home/travis/build/icyphy/ptII/ptolemy/actor/lib/test/auto/VariableSleep.xml
502 ms. Memory: 488448K Free: 400981K (82%)
----------------- Invoking toplevel() on ptolemy.moml.MoMLSimpleApplication@88fa074
----------------- Done invoking toplevel() on ptolemy.moml.MoMLSimpleApplication@88fa074
reloadAllAccessors: .VariableSleep

===========================================================================================
----------------- testing Mon Feb 17 21:57:12 UTC 2020 /home/travis/build/icyphy/ptII/ptolemy/actor/lib/test/auto/VectorAssemblerDisassemblerCT.xml
----------------- Instantiating /home/travis/build/icyphy/ptII/ptolemy/actor/lib/test/auto/VectorAssemblerDisassemblerCT.xml
63 ms. Memory: 488448K Free: 381011K (78%)
----------------- Invoking toplevel() on ptolemy.moml.MoMLSimpleApplication@7f2f306e
----------------- Done invoking toplevel() on ptolemy.moml.MoMLSimpleApplication@7f2f306e
reloadAllAccessors: .VectorAssemblerDisassemblerCT

===========================================================================================
----------------- testing Mon Feb 17 21:57:13 UTC 2020 /home/travis/build/icyphy/ptII/ptolemy/actor/lib/test/auto/VectorAssemblerDisassemblerDE.xml
----------------- Instantiating /home/travis/build/icyphy/ptII/ptolemy/actor/lib/test/auto/VectorAssemblerDisassemblerDE.xml
9 ms. Memory: 488448K Free: 373333K (76%)
----------------- Invoking toplevel() on ptolemy.moml.MoMLSimpleApplication@a178619
----------------- Done invoking toplevel() on ptolemy.moml.MoMLSimpleApplication@a178619
reloadAllAccessors: .VectorAssemblerDisassemblerDE

===========================================================================================
----------------- testing Mon Feb 17 21:57:13 UTC 2020 /home/travis/build/icyphy/ptII/ptolemy/actor/lib/test/auto/VectorAssemblerDisassemblerSDF.xml
----------------- Instantiating /home/travis/build/icyphy/ptII/ptolemy/actor/lib/test/auto/VectorAssemblerDisassemblerSDF.xml
2 ms. Memory: 488448K Free: 367189K (75%)
----------------- Invoking toplevel() on ptolemy.moml.MoMLSimpleApplication@5a4abd0d
----------------- Done invoking toplevel() on ptolemy.moml.MoMLSimpleApplication@5a4abd0d
reloadAllAccessors: .VectorAssemblerDisassemblerSDF

===========================================================================================
----------------- testing Mon Feb 17 21:57:13 UTC 2020 /home/travis/build/icyphy/ptII/ptolemy/actor/lib/test/auto/WallClockTime.xml
----------------- Instantiating /home/travis/build/icyphy/ptII/ptolemy/actor/lib/test/auto/WallClockTime.xml
1004 ms. Memory: 488448K Free: 362069K (74%)
----------------- Invoking toplevel() on ptolemy.moml.MoMLSimpleApplication@6decd544
----------------- Done invoking toplevel() on ptolemy.moml.MoMLSimpleApplication@6decd544
reloadAllAccessors: .WallClockTime

===========================================================================================
----------------- testing Mon Feb 17 21:57:14 UTC 2020 /home/travis/build/icyphy/ptII/ptolemy/actor/lib/test/auto/WidthTestWithSubscriberPublisher.xml
----------------- Instantiating /home/travis/build/icyphy/ptII/ptolemy/actor/lib/test/auto/WidthTestWithSubscriberPublisher.xml
7 ms. Memory: 488448K Free: 344147K (70%)
----------------- Invoking toplevel() on ptolemy.moml.MoMLSimpleApplication@7a2005ea
----------------- Done invoking toplevel() on ptolemy.moml.MoMLSimpleApplication@7a2005ea
reloadAllAccessors: .WidthTestWithSubscriberPublisher

===========================================================================================
----------------- testing Mon Feb 17 21:57:14 UTC 2020 /home/travis/build/icyphy/ptII/ptolemy/actor/lib/test/auto/WidthTestWithSubscriberPublisher2.xml
----------------- Instantiating /home/travis/build/icyphy/ptII/ptolemy/actor/lib/test/auto/WidthTestWithSubscriberPublisher2.xml
2 ms. Memory: 488448K Free: 338003K (69%)
----------------- Invoking toplevel() on ptolemy.moml.MoMLSimpleApplication@46a42fae
----------------- Done invoking toplevel() on ptolemy.moml.MoMLSimpleApplication@46a42fae
reloadAllAccessors: .WidthTestWithSubscriberPublisher2

===========================================================================================
----------------- testing Mon Feb 17 21:57:14 UTC 2020 /home/travis/build/icyphy/ptII/ptolemy/actor/lib/test/auto/WidthTestWithSubscriberPublisher3.xml
----------------- Instantiating /home/travis/build/icyphy/ptII/ptolemy/actor/lib/test/auto/WidthTestWithSubscriberPublisher3.xml
2 ms. Memory: 488448K Free: 332373K (68%)
----------------- Invoking toplevel() on ptolemy.moml.MoMLSimpleApplication@17482243
----------------- Done invoking toplevel() on ptolemy.moml.MoMLSimpleApplication@17482243
reloadAllAccessors: .WidthTestWithSubscriberPublisher3

===========================================================================================
----------------- testing Mon Feb 17 21:57:14 UTC 2020 /home/travis/build/icyphy/ptII/ptolemy/actor/lib/test/auto/Writer.xml
----------------- Instantiating /home/travis/build/icyphy/ptII/ptolemy/actor/lib/test/auto/Writer.xml
0
1
2
3
4
1 ms. Memory: 488448K Free: 327757K (67%)
----------------- Invoking toplevel() on ptolemy.moml.MoMLSimpleApplication@3e12274
----------------- Done invoking toplevel() on ptolemy.moml.MoMLSimpleApplication@3e12274
reloadAllAccessors: .Writer

===========================================================================================
----------------- testing Mon Feb 17 21:57:14 UTC 2020 /home/travis/build/icyphy/ptII/ptolemy/actor/lib/test/auto/array.xml
----------------- Instantiating /home/travis/build/icyphy/ptII/ptolemy/actor/lib/test/auto/array.xml
2 ms. Memory: 488448K Free: 323157K (66%)
----------------- Invoking toplevel() on ptolemy.moml.MoMLSimpleApplication@691edf51
----------------- Done invoking toplevel() on ptolemy.moml.MoMLSimpleApplication@691edf51
reloadAllAccessors: .array

===========================================================================================
----------------- testing Mon Feb 17 21:57:14 UTC 2020 /home/travis/build/icyphy/ptII/ptolemy/actor/lib/test/auto/array2.xml
----------------- Instantiating /home/travis/build/icyphy/ptII/ptolemy/actor/lib/test/auto/array2.xml
6 ms. Memory: 488448K Free: 318037K (65%)
----------------- Invoking toplevel() on ptolemy.moml.MoMLSimpleApplication@284021f6
----------------- Done invoking toplevel() on ptolemy.moml.MoMLSimpleApplication@284021f6
reloadAllAccessors: .array2

===========================================================================================
----------------- testing Mon Feb 17 21:57:14 UTC 2020 /home/travis/build/icyphy/ptII/ptolemy/actor/lib/test/auto/arrayType.xml
----------------- Instantiating /home/travis/build/icyphy/ptII/ptolemy/actor/lib/test/auto/arrayType.xml
1 ms. Memory: 488448K Free: 312917K (64%)
----------------- Invoking toplevel() on ptolemy.moml.MoMLSimpleApplication@9eb655a
----------------- Done invoking toplevel() on ptolemy.moml.MoMLSimpleApplication@9eb655a
reloadAllAccessors: .arrayType

===========================================================================================
----------------- testing Mon Feb 17 21:57:14 UTC 2020 /home/travis/build/icyphy/ptII/ptolemy/actor/lib/test/auto/arrayType10.xml
----------------- Instantiating /home/travis/build/icyphy/ptII/ptolemy/actor/lib/test/auto/arrayType10.xml
1 ms. Memory: 488448K Free: 308307K (63%)
----------------- Invoking toplevel() on ptolemy.moml.MoMLSimpleApplication@2a594b5c
----------------- Done invoking toplevel() on ptolemy.moml.MoMLSimpleApplication@2a594b5c
reloadAllAccessors: .arrayType10

===========================================================================================
----------------- testing Mon Feb 17 21:57:14 UTC 2020 /home/travis/build/icyphy/ptII/ptolemy/actor/lib/test/auto/arrayType11.xml
----------------- Instantiating /home/travis/build/icyphy/ptII/ptolemy/actor/lib/test/auto/arrayType11.xml
1 ms. Memory: 488448K Free: 303187K (62%)
----------------- Invoking toplevel() on ptolemy.moml.MoMLSimpleApplication@6b2411ba
----------------- Done invoking toplevel() on ptolemy.moml.MoMLSimpleApplication@6b2411ba
reloadAllAccessors: .arrayType11

===========================================================================================
----------------- testing Mon Feb 17 21:57:14 UTC 2020 /home/travis/build/icyphy/ptII/ptolemy/actor/lib/test/auto/arrayType12.xml
----------------- Instantiating /home/travis/build/icyphy/ptII/ptolemy/actor/lib/test/auto/arrayType12.xml
1 ms. Memory: 488448K Free: 298581K (61%)
----------------- Invoking toplevel() on ptolemy.moml.MoMLSimpleApplication@7b840cb3
----------------- Done invoking toplevel() on ptolemy.moml.MoMLSimpleApplication@7b840cb3
reloadAllAccessors: .arrayType12

===========================================================================================
----------------- testing Mon Feb 17 21:57:14 UTC 2020 /home/travis/build/icyphy/ptII/ptolemy/actor/lib/test/auto/arrayType13.xml
----------------- Instantiating /home/travis/build/icyphy/ptII/ptolemy/actor/lib/test/auto/arrayType13.xml
1 ms. Memory: 488448K Free: 293461K (60%)
----------------- Invoking toplevel() on ptolemy.moml.MoMLSimpleApplication@387a59ba
----------------- Done invoking toplevel() on ptolemy.moml.MoMLSimpleApplication@387a59ba
reloadAllAccessors: .arrayType13

===========================================================================================
----------------- testing Mon Feb 17 21:57:14 UTC 2020 /home/travis/build/icyphy/ptII/ptolemy/actor/lib/test/auto/arrayType14.xml
----------------- Instantiating /home/travis/build/icyphy/ptII/ptolemy/actor/lib/test/auto/arrayType14.xml
1 ms. Memory: 488448K Free: 288341K (59%)
----------------- Invoking toplevel() on ptolemy.moml.MoMLSimpleApplication@55c6918f
----------------- Done invoking toplevel() on ptolemy.moml.MoMLSimpleApplication@55c6918f
reloadAllAccessors: .arrayType14

===========================================================================================
----------------- testing Mon Feb 17 21:57:14 UTC 2020 /home/travis/build/icyphy/ptII/ptolemy/actor/lib/test/auto/arrayType15.xml
----------------- Instantiating /home/travis/build/icyphy/ptII/ptolemy/actor/lib/test/auto/arrayType15.xml
2 ms. Memory: 488448K Free: 283221K (58%)
----------------- Invoking toplevel() on ptolemy.moml.MoMLSimpleApplication@5ce05275
----------------- Done invoking toplevel() on ptolemy.moml.MoMLSimpleApplication@5ce05275
reloadAllAccessors: .arrayType15

===========================================================================================
----------------- testing Mon Feb 17 21:57:14 UTC 2020 /home/travis/build/icyphy/ptII/ptolemy/actor/lib/test/auto/arrayType16.xml
----------------- Instantiating /home/travis/build/icyphy/ptII/ptolemy/actor/lib/test/auto/arrayType16.xml
1 ms. Memory: 488448K Free: 277587K (57%)
----------------- Invoking toplevel() on ptolemy.moml.MoMLSimpleApplication@1f0eeb8f
----------------- Done invoking toplevel() on ptolemy.moml.MoMLSimpleApplication@1f0eeb8f
reloadAllAccessors: .arrayType16

===========================================================================================
----------------- testing Mon Feb 17 21:57:14 UTC 2020 /home/travis/build/icyphy/ptII/ptolemy/actor/lib/test/auto/arrayType17.xml
----------------- Instantiating /home/travis/build/icyphy/ptII/ptolemy/actor/lib/test/auto/arrayType17.xml
1 ms. Memory: 488448K Free: 272467K (56%)
----------------- Invoking toplevel() on ptolemy.moml.MoMLSimpleApplication@64f0c095
----------------- Done invoking toplevel() on ptolemy.moml.MoMLSimpleApplication@64f0c095
reloadAllAccessors: .arrayType17

===========================================================================================
----------------- testing Mon Feb 17 21:57:14 UTC 2020 /home/travis/build/icyphy/ptII/ptolemy/actor/lib/test/auto/arrayType18.xml
----------------- Instantiating /home/travis/build/icyphy/ptII/ptolemy/actor/lib/test/auto/arrayType18.xml
1 ms. Memory: 488448K Free: 267861K (55%)
----------------- Invoking toplevel() on ptolemy.moml.MoMLSimpleApplication@b97e76f
----------------- Done invoking toplevel() on ptolemy.moml.MoMLSimpleApplication@b97e76f
reloadAllAccessors: .arrayType18

===========================================================================================
----------------- testing Mon Feb 17 21:57:14 UTC 2020 /home/travis/build/icyphy/ptII/ptolemy/actor/lib/test/auto/arrayType19.xml
----------------- Instantiating /home/travis/build/icyphy/ptII/ptolemy/actor/lib/test/auto/arrayType19.xml
1 ms. Memory: 488448K Free: 263251K (54%)
----------------- Invoking toplevel() on ptolemy.moml.MoMLSimpleApplication@4457661b
----------------- Done invoking toplevel() on ptolemy.moml.MoMLSimpleApplication@4457661b
reloadAllAccessors: .arrayType19

===========================================================================================
----------------- testing Mon Feb 17 21:57:14 UTC 2020 /home/travis/build/icyphy/ptII/ptolemy/actor/lib/test/auto/arrayType2.xml
----------------- Instantiating /home/travis/build/icyphy/ptII/ptolemy/actor/lib/test/auto/arrayType2.xml
1 ms. Memory: 488448K Free: 258131K (53%)
----------------- Invoking toplevel() on ptolemy.moml.MoMLSimpleApplication@c11593c
----------------- Done invoking toplevel() on ptolemy.moml.MoMLSimpleApplication@c11593c
reloadAllAccessors: .arrayType2

===========================================================================================
----------------- testing Mon Feb 17 21:57:14 UTC 2020 /home/travis/build/icyphy/ptII/ptolemy/actor/lib/test/auto/arrayType20.xml
----------------- Instantiating /home/travis/build/icyphy/ptII/ptolemy/actor/lib/test/auto/arrayType20.xml
1 ms. Memory: 488448K Free: 253011K (52%)
----------------- Invoking toplevel() on ptolemy.moml.MoMLSimpleApplication@7b8102fd
----------------- Done invoking toplevel() on ptolemy.moml.MoMLSimpleApplication@7b8102fd
reloadAllAccessors: .arrayType20

===========================================================================================
----------------- testing Mon Feb 17 21:57:14 UTC 2020 /home/travis/build/icyphy/ptII/ptolemy/actor/lib/test/auto/arrayType21.xml
----------------- Instantiating /home/travis/build/icyphy/ptII/ptolemy/actor/lib/test/auto/arrayType21.xml
1 ms. Memory: 488448K Free: 247891K (51%)
----------------- Invoking toplevel() on ptolemy.moml.MoMLSimpleApplication@3261ddc1
----------------- Done invoking toplevel() on ptolemy.moml.MoMLSimpleApplication@3261ddc1
reloadAllAccessors: .arrayType21

===========================================================================================
----------------- testing Mon Feb 17 21:57:14 UTC 2020 /home/travis/build/icyphy/ptII/ptolemy/actor/lib/test/auto/arrayType22.xml
----------------- Instantiating /home/travis/build/icyphy/ptII/ptolemy/actor/lib/test/auto/arrayType22.xml
1 ms. Memory: 488448K Free: 243285K (50%)
----------------- Invoking toplevel() on ptolemy.moml.MoMLSimpleApplication@578cb437
----------------- Done invoking toplevel() on ptolemy.moml.MoMLSimpleApplication@578cb437
reloadAllAccessors: .arrayType22

===========================================================================================
----------------- testing Mon Feb 17 21:57:14 UTC 2020 /home/travis/build/icyphy/ptII/ptolemy/actor/lib/test/auto/arrayType23.xml
----------------- Instantiating /home/travis/build/icyphy/ptII/ptolemy/actor/lib/test/auto/arrayType23.xml
1 ms. Memory: 488448K Free: 238675K (49%)
----------------- Invoking toplevel() on ptolemy.moml.MoMLSimpleApplication@3ccf4c71
----------------- Done invoking toplevel() on ptolemy.moml.MoMLSimpleApplication@3ccf4c71
reloadAllAccessors: .arrayType23

===========================================================================================
----------------- testing Mon Feb 17 21:57:14 UTC 2020 /home/travis/build/icyphy/ptII/ptolemy/actor/lib/test/auto/arrayType24.xml
----------------- Instantiating /home/travis/build/icyphy/ptII/ptolemy/actor/lib/test/auto/arrayType24.xml
2 ms. Memory: 488448K Free: 233555K (48%)
----------------- Invoking toplevel() on ptolemy.moml.MoMLSimpleApplication@6663ec1b
----------------- Done invoking toplevel() on ptolemy.moml.MoMLSimpleApplication@6663ec1b
reloadAllAccessors: .arrayType24

===========================================================================================
----------------- testing Mon Feb 17 21:57:14 UTC 2020 /home/travis/build/icyphy/ptII/ptolemy/actor/lib/test/auto/arrayType25.xml
----------------- Instantiating /home/travis/build/icyphy/ptII/ptolemy/actor/lib/test/auto/arrayType25.xml
1 ms. Memory: 488448K Free: 228435K (47%)
----------------- Invoking toplevel() on ptolemy.moml.MoMLSimpleApplication@278fb1b8
----------------- Done invoking toplevel() on ptolemy.moml.MoMLSimpleApplication@278fb1b8
reloadAllAccessors: .arrayType25

===========================================================================================
----------------- testing Mon Feb 17 21:57:14 UTC 2020 /home/travis/build/icyphy/ptII/ptolemy/actor/lib/test/auto/arrayType26.xml
----------------- Instantiating /home/travis/build/icyphy/ptII/ptolemy/actor/lib/test/auto/arrayType26.xml
1 ms. Memory: 488448K Free: 223315K (46%)
----------------- Invoking toplevel() on ptolemy.moml.MoMLSimpleApplication@7c84706c
----------------- Done invoking toplevel() on ptolemy.moml.MoMLSimpleApplication@7c84706c
reloadAllAccessors: .arrayType26

===========================================================================================
----------------- testing Mon Feb 17 21:57:14 UTC 2020 /home/travis/build/icyphy/ptII/ptolemy/actor/lib/test/auto/arrayType27.xml
----------------- Instantiating /home/travis/build/icyphy/ptII/ptolemy/actor/lib/test/auto/arrayType27.xml
1 ms. Memory: 488448K Free: 218195K (45%)
----------------- Invoking toplevel() on ptolemy.moml.MoMLSimpleApplication@5abdcc62
----------------- Done invoking toplevel() on ptolemy.moml.MoMLSimpleApplication@5abdcc62
reloadAllAccessors: .arrayType27

===========================================================================================
----------------- testing Mon Feb 17 21:57:14 UTC 2020 /home/travis/build/icyphy/ptII/ptolemy/actor/lib/test/auto/arrayType28.xml
----------------- Instantiating /home/travis/build/icyphy/ptII/ptolemy/actor/lib/test/auto/arrayType28.xml
1 ms. Memory: 488448K Free: 213075K (44%)
----------------- Invoking toplevel() on ptolemy.moml.MoMLSimpleApplication@223c64bd
----------------- Done invoking toplevel() on ptolemy.moml.MoMLSimpleApplication@223c64bd
reloadAllAccessors: .arrayType28

===========================================================================================
----------------- testing Mon Feb 17 21:57:14 UTC 2020 /home/travis/build/icyphy/ptII/ptolemy/actor/lib/test/auto/arrayType3.xml
----------------- Instantiating /home/travis/build/icyphy/ptII/ptolemy/actor/lib/test/auto/arrayType3.xml
1 ms. Memory: 488448K Free: 207445K (42%)
----------------- Invoking toplevel() on ptolemy.moml.MoMLSimpleApplication@58d8ea04
----------------- Done invoking toplevel() on ptolemy.moml.MoMLSimpleApplication@58d8ea04
reloadAllAccessors: .arrayType3

===========================================================================================
----------------- testing Mon Feb 17 21:57:14 UTC 2020 /home/travis/build/icyphy/ptII/ptolemy/actor/lib/test/auto/arrayType4.xml
----------------- Instantiating /home/travis/build/icyphy/ptII/ptolemy/actor/lib/test/auto/arrayType4.xml
1 ms. Memory: 488448K Free: 202325K (41%)
----------------- Invoking toplevel() on ptolemy.moml.MoMLSimpleApplication@38582b67
----------------- Done invoking toplevel() on ptolemy.moml.MoMLSimpleApplication@38582b67
reloadAllAccessors: .arrayType4

===========================================================================================
----------------- testing Mon Feb 17 21:57:14 UTC 2020 /home/travis/build/icyphy/ptII/ptolemy/actor/lib/test/auto/arrayType5.xml
----------------- Instantiating /home/travis/build/icyphy/ptII/ptolemy/actor/lib/test/auto/arrayType5.xml
6 ms. Memory: 488448K Free: 197205K (40%)
----------------- Invoking toplevel() on ptolemy.moml.MoMLSimpleApplication@323b4b86
----------------- Done invoking toplevel() on ptolemy.moml.MoMLSimpleApplication@323b4b86
reloadAllAccessors: .arrayType5

===========================================================================================
----------------- testing Mon Feb 17 21:57:14 UTC 2020 /home/travis/build/icyphy/ptII/ptolemy/actor/lib/test/auto/arrayType6.xml
----------------- Instantiating /home/travis/build/icyphy/ptII/ptolemy/actor/lib/test/auto/arrayType6.xml
1 ms. Memory: 488448K Free: 192595K (39%)
----------------- Invoking toplevel() on ptolemy.moml.MoMLSimpleApplication@40b178ae
----------------- Done invoking toplevel() on ptolemy.moml.MoMLSimpleApplication@40b178ae
reloadAllAccessors: .arrayType6

===========================================================================================
----------------- testing Mon Feb 17 21:57:14 UTC 2020 /home/travis/build/icyphy/ptII/ptolemy/actor/lib/test/auto/arrayType7.xml
----------------- Instantiating /home/travis/build/icyphy/ptII/ptolemy/actor/lib/test/auto/arrayType7.xml
2 ms. Memory: 488448K Free: 187475K (38%)
----------------- Invoking toplevel() on ptolemy.moml.MoMLSimpleApplication@6becc5ef
----------------- Done invoking toplevel() on ptolemy.moml.MoMLSimpleApplication@6becc5ef
reloadAllAccessors: .arrayType7

===========================================================================================
----------------- testing Mon Feb 17 21:57:14 UTC 2020 /home/travis/build/icyphy/ptII/ptolemy/actor/lib/test/auto/arrayType8.xml
----------------- Instantiating /home/travis/build/icyphy/ptII/ptolemy/actor/lib/test/auto/arrayType8.xml
1 ms. Memory: 488448K Free: 182869K (37%)
----------------- Invoking toplevel() on ptolemy.moml.MoMLSimpleApplication@629ed7af
----------------- Done invoking toplevel() on ptolemy.moml.MoMLSimpleApplication@629ed7af
reloadAllAccessors: .arrayType8

===========================================================================================
----------------- testing Mon Feb 17 21:57:14 UTC 2020 /home/travis/build/icyphy/ptII/ptolemy/actor/lib/test/auto/arrayType9.xml
----------------- Instantiating /home/travis/build/icyphy/ptII/ptolemy/actor/lib/test/auto/arrayType9.xml
1 ms. Memory: 488448K Free: 178259K (36%)
----------------- Invoking toplevel() on ptolemy.moml.MoMLSimpleApplication@57b87405
----------------- Done invoking toplevel() on ptolemy.moml.MoMLSimpleApplication@57b87405
reloadAllAccessors: .arrayType9

===========================================================================================
----------------- testing Mon Feb 17 21:57:14 UTC 2020 /home/travis/build/icyphy/ptII/ptolemy/actor/lib/test/auto/cast.xml
----------------- Instantiating /home/travis/build/icyphy/ptII/ptolemy/actor/lib/test/auto/cast.xml
2 ms. Memory: 488448K Free: 173139K (35%)
----------------- Invoking toplevel() on ptolemy.moml.MoMLSimpleApplication@77afd059
----------------- Done invoking toplevel() on ptolemy.moml.MoMLSimpleApplication@77afd059
reloadAllAccessors: .cast

===========================================================================================
----------------- testing Mon Feb 17 21:57:14 UTC 2020 /home/travis/build/icyphy/ptII/ptolemy/actor/lib/test/auto/compositeMultiPort.xml
----------------- Instantiating /home/travis/build/icyphy/ptII/ptolemy/actor/lib/test/auto/compositeMultiPort.xml
3 ms. Memory: 488448K Free: 164437K (34%)
----------------- Invoking toplevel() on ptolemy.moml.MoMLSimpleApplication@3a3655a0
----------------- Done invoking toplevel() on ptolemy.moml.MoMLSimpleApplication@3a3655a0
reloadAllAccessors: .compositeMultiPort

===========================================================================================
----------------- testing Mon Feb 17 21:57:14 UTC 2020 /home/travis/build/icyphy/ptII/ptolemy/actor/lib/test/auto/expressionCastInference.xml
----------------- Instantiating /home/travis/build/icyphy/ptII/ptolemy/actor/lib/test/auto/expressionCastInference.xml
2 ms. Memory: 488448K Free: 159827K (33%)
----------------- Invoking toplevel() on ptolemy.moml.MoMLSimpleApplication@509ff820
----------------- Done invoking toplevel() on ptolemy.moml.MoMLSimpleApplication@509ff820
reloadAllAccessors: .expressionCastInference

===========================================================================================
----------------- testing Mon Feb 17 21:57:14 UTC 2020 /home/travis/build/icyphy/ptII/ptolemy/actor/lib/test/auto/expressionCastInference2.xml
----------------- Instantiating /home/travis/build/icyphy/ptII/ptolemy/actor/lib/test/auto/expressionCastInference2.xml
2 ms. Memory: 488448K Free: 155221K (32%)
----------------- Invoking toplevel() on ptolemy.moml.MoMLSimpleApplication@66eec84
----------------- Done invoking toplevel() on ptolemy.moml.MoMLSimpleApplication@66eec84
reloadAllAccessors: .expressionCastInference2

===========================================================================================
----------------- testing Mon Feb 17 21:57:14 UTC 2020 /home/travis/build/icyphy/ptII/ptolemy/actor/lib/test/auto/expressionInference.xml
----------------- Instantiating /home/travis/build/icyphy/ptII/ptolemy/actor/lib/test/auto/expressionInference.xml
1 ms. Memory: 488448K Free: 150611K (31%)
----------------- Invoking toplevel() on ptolemy.moml.MoMLSimpleApplication@2973c172
----------------- Done invoking toplevel() on ptolemy.moml.MoMLSimpleApplication@2973c172
reloadAllAccessors: .expressionInference

===========================================================================================
----------------- testing Mon Feb 17 21:57:14 UTC 2020 /home/travis/build/icyphy/ptII/ptolemy/actor/lib/test/auto/expression_bug.xml
----------------- Instantiating /home/travis/build/icyphy/ptII/ptolemy/actor/lib/test/auto/expression_bug.xml
1 ms. Memory: 488448K Free: 146515K (30%)
----------------- Invoking toplevel() on ptolemy.moml.MoMLSimpleApplication@2646a397
----------------- Done invoking toplevel() on ptolemy.moml.MoMLSimpleApplication@2646a397
reloadAllAccessors: .expression_bug

===========================================================================================
----------------- testing Mon Feb 17 21:57:14 UTC 2020 /home/travis/build/icyphy/ptII/ptolemy/actor/lib/test/auto/factorial.xml
----------------- Instantiating /home/travis/build/icyphy/ptII/ptolemy/actor/lib/test/auto/factorial.xml
41 ms. Memory: 488448K Free: 424343K (87%)
----------------- Invoking toplevel() on ptolemy.moml.MoMLSimpleApplication@5d37d4ef
----------------- Done invoking toplevel() on ptolemy.moml.MoMLSimpleApplication@5d37d4ef
reloadAllAccessors: .factorial

===========================================================================================
----------------- testing Mon Feb 17 21:57:14 UTC 2020 /home/travis/build/icyphy/ptII/ptolemy/actor/lib/test/auto/filterTest1.xml
----------------- Instantiating /home/travis/build/icyphy/ptII/ptolemy/actor/lib/test/auto/filterTest1.xml
3 ms. Memory: 488448K Free: 418713K (86%)
----------------- Invoking toplevel() on ptolemy.moml.MoMLSimpleApplication@14d4f730
----------------- Done invoking toplevel() on ptolemy.moml.MoMLSimpleApplication@14d4f730
reloadAllAccessors: .filterTest1

===========================================================================================
----------------- testing Mon Feb 17 21:57:14 UTC 2020 /home/travis/build/icyphy/ptII/ptolemy/actor/lib/test/auto/funcApplyInConst.xml
----------------- Instantiating /home/travis/build/icyphy/ptII/ptolemy/actor/lib/test/auto/funcApplyInConst.xml
1 ms. Memory: 488448K Free: 414617K (85%)
----------------- Invoking toplevel() on ptolemy.moml.MoMLSimpleApplication@293f839
----------------- Done invoking toplevel() on ptolemy.moml.MoMLSimpleApplication@293f839
reloadAllAccessors: .funcApplyInConst

===========================================================================================
----------------- testing Mon Feb 17 21:57:14 UTC 2020 /home/travis/build/icyphy/ptII/ptolemy/actor/lib/test/auto/funcApplyInExpr.xml
----------------- Instantiating /home/travis/build/icyphy/ptII/ptolemy/actor/lib/test/auto/funcApplyInExpr.xml
8 ms. Memory: 488448K Free: 411031K (84%)
----------------- Invoking toplevel() on ptolemy.moml.MoMLSimpleApplication@541fcf7f
----------------- Done invoking toplevel() on ptolemy.moml.MoMLSimpleApplication@541fcf7f
reloadAllAccessors: .funcApplyInExpr

===========================================================================================
----------------- testing Mon Feb 17 21:57:14 UTC 2020 /home/travis/build/icyphy/ptII/ptolemy/actor/lib/test/auto/function.xml
----------------- Instantiating /home/travis/build/icyphy/ptII/ptolemy/actor/lib/test/auto/function.xml
2 ms. Memory: 488448K Free: 406425K (83%)
----------------- Invoking toplevel() on ptolemy.moml.MoMLSimpleApplication@2372c8fa
----------------- Done invoking toplevel() on ptolemy.moml.MoMLSimpleApplication@2372c8fa
reloadAllAccessors: .function

===========================================================================================
----------------- testing Mon Feb 17 21:57:14 UTC 2020 /home/travis/build/icyphy/ptII/ptolemy/actor/lib/test/auto/function2.xml
----------------- Instantiating /home/travis/build/icyphy/ptII/ptolemy/actor/lib/test/auto/function2.xml
2 ms. Memory: 488448K Free: 401305K (82%)
----------------- Invoking toplevel() on ptolemy.moml.MoMLSimpleApplication@503c574e
----------------- Done invoking toplevel() on ptolemy.moml.MoMLSimpleApplication@503c574e
reloadAllAccessors: .function2

===========================================================================================
----------------- testing Mon Feb 17 21:57:14 UTC 2020 /home/travis/build/icyphy/ptII/ptolemy/actor/lib/test/auto/function3.xml
----------------- Instantiating /home/travis/build/icyphy/ptII/ptolemy/actor/lib/test/auto/function3.xml
1 ms. Memory: 488448K Free: 397719K (81%)
----------------- Invoking toplevel() on ptolemy.moml.MoMLSimpleApplication@64b32fc6
----------------- Done invoking toplevel() on ptolemy.moml.MoMLSimpleApplication@64b32fc6
reloadAllAccessors: .function3

===========================================================================================
----------------- testing Mon Feb 17 21:57:14 UTC 2020 /home/travis/build/icyphy/ptII/ptolemy/actor/lib/test/auto/functionClosureTest1.xml
----------------- Instantiating /home/travis/build/icyphy/ptII/ptolemy/actor/lib/test/auto/functionClosureTest1.xml
2 ms. Memory: 488448K Free: 392089K (80%)
----------------- Invoking toplevel() on ptolemy.moml.MoMLSimpleApplication@efaad79
----------------- Done invoking toplevel() on ptolemy.moml.MoMLSimpleApplication@efaad79
reloadAllAccessors: .functionClosureTest1

===========================================================================================
----------------- testing Mon Feb 17 21:57:14 UTC 2020 /home/travis/build/icyphy/ptII/ptolemy/actor/lib/test/auto/functionClosureTest2.xml
----------------- Instantiating /home/travis/build/icyphy/ptII/ptolemy/actor/lib/test/auto/functionClosureTest2.xml
1 ms. Memory: 488448K Free: 387993K (79%)
----------------- Invoking toplevel() on ptolemy.moml.MoMLSimpleApplication@38d5c7d7
----------------- Done invoking toplevel() on ptolemy.moml.MoMLSimpleApplication@38d5c7d7
reloadAllAccessors: .functionClosureTest2

===========================================================================================
----------------- testing Mon Feb 17 21:57:14 UTC 2020 /home/travis/build/icyphy/ptII/ptolemy/actor/lib/test/auto/functionClosureTest3.xml
----------------- Instantiating /home/travis/build/icyphy/ptII/ptolemy/actor/lib/test/auto/functionClosureTest3.xml
1 ms. Memory: 488448K Free: 382873K (78%)
----------------- Invoking toplevel() on ptolemy.moml.MoMLSimpleApplication@303074f8
----------------- Done invoking toplevel() on ptolemy.moml.MoMLSimpleApplication@303074f8
reloadAllAccessors: .functionClosureTest3

===========================================================================================
----------------- testing Mon Feb 17 21:57:14 UTC 2020 /home/travis/build/icyphy/ptII/ptolemy/actor/lib/test/auto/functionClosureTest4.xml
----------------- Instantiating /home/travis/build/icyphy/ptII/ptolemy/actor/lib/test/auto/functionClosureTest4.xml
2 ms. Memory: 488448K Free: 376729K (77%)
----------------- Invoking toplevel() on ptolemy.moml.MoMLSimpleApplication@72196eab
----------------- Done invoking toplevel() on ptolemy.moml.MoMLSimpleApplication@72196eab
reloadAllAccessors: .functionClosureTest4

===========================================================================================
----------------- testing Mon Feb 17 21:57:14 UTC 2020 /home/travis/build/icyphy/ptII/ptolemy/actor/lib/test/auto/functionClosureTest5.xml
----------------- Instantiating /home/travis/build/icyphy/ptII/ptolemy/actor/lib/test/auto/functionClosureTest5.xml
4 ms. Memory: 488448K Free: 371609K (76%)
----------------- Invoking toplevel() on ptolemy.moml.MoMLSimpleApplication@2a8d8ffd
----------------- Done invoking toplevel() on ptolemy.moml.MoMLSimpleApplication@2a8d8ffd
reloadAllAccessors: .functionClosureTest5

===========================================================================================
----------------- testing Mon Feb 17 21:57:14 UTC 2020 /home/travis/build/icyphy/ptII/ptolemy/actor/lib/test/auto/functionClosureTest6.xml
----------------- Instantiating /home/travis/build/icyphy/ptII/ptolemy/actor/lib/test/auto/functionClosureTest6.xml
1 ms. Memory: 488448K Free: 366489K (75%)
----------------- Invoking toplevel() on ptolemy.moml.MoMLSimpleApplication@32fa489a
----------------- Done invoking toplevel() on ptolemy.moml.MoMLSimpleApplication@32fa489a
reloadAllAccessors: .functionClosureTest6

===========================================================================================
----------------- testing Mon Feb 17 21:57:14 UTC 2020 /home/travis/build/icyphy/ptII/ptolemy/actor/lib/test/auto/functionsOnArcs.xml
----------------- Instantiating /home/travis/build/icyphy/ptII/ptolemy/actor/lib/test/auto/functionsOnArcs.xml
2 ms. Memory: 488448K Free: 361369K (74%)
----------------- Invoking toplevel() on ptolemy.moml.MoMLSimpleApplication@34733d8d
----------------- Done invoking toplevel() on ptolemy.moml.MoMLSimpleApplication@34733d8d
reloadAllAccessors: .functionsOnArcs

===========================================================================================
----------------- testing Mon Feb 17 21:57:14 UTC 2020 /home/travis/build/icyphy/ptII/ptolemy/actor/lib/test/auto/functionsOnArcsHOF.xml
----------------- Instantiating /home/travis/build/icyphy/ptII/ptolemy/actor/lib/test/auto/functionsOnArcsHOF.xml
4 ms. Memory: 488448K Free: 355735K (73%)
----------------- Invoking toplevel() on ptolemy.moml.MoMLSimpleApplication@6f76d695
----------------- Done invoking toplevel() on ptolemy.moml.MoMLSimpleApplication@6f76d695
reloadAllAccessors: .functionsOnArcsHOF

===========================================================================================
----------------- testing Mon Feb 17 21:57:14 UTC 2020 /home/travis/build/icyphy/ptII/ptolemy/actor/lib/test/auto/logic.xml
----------------- Instantiating /home/travis/build/icyphy/ptII/ptolemy/actor/lib/test/auto/logic.xml
2 ms. Memory: 488448K Free: 348057K (71%)
----------------- Invoking toplevel() on ptolemy.moml.MoMLSimpleApplication@c244007
----------------- Done invoking toplevel() on ptolemy.moml.MoMLSimpleApplication@c244007
reloadAllAccessors: .logic

===========================================================================================
----------------- testing Mon Feb 17 21:57:14 UTC 2020 /home/travis/build/icyphy/ptII/ptolemy/actor/lib/test/auto/matrixType.xml
----------------- Instantiating /home/travis/build/icyphy/ptII/ptolemy/actor/lib/test/auto/matrixType.xml
1 ms. Memory: 488448K Free: 343447K (70%)
----------------- Invoking toplevel() on ptolemy.moml.MoMLSimpleApplication@40e3e001
----------------- Done invoking toplevel() on ptolemy.moml.MoMLSimpleApplication@40e3e001
reloadAllAccessors: .matrixType

===========================================================================================
----------------- testing Mon Feb 17 21:57:14 UTC 2020 /home/travis/build/icyphy/ptII/ptolemy/actor/lib/test/auto/matrixType10.xml
----------------- Instantiating /home/travis/build/icyphy/ptII/ptolemy/actor/lib/test/auto/matrixType10.xml
1 ms. Memory: 488448K Free: 338841K (69%)
----------------- Invoking toplevel() on ptolemy.moml.MoMLSimpleApplication@7a407be2
----------------- Done invoking toplevel() on ptolemy.moml.MoMLSimpleApplication@7a407be2
reloadAllAccessors: .matrixType10

===========================================================================================
----------------- testing Mon Feb 17 21:57:14 UTC 2020 /home/travis/build/icyphy/ptII/ptolemy/actor/lib/test/auto/matrixType11.xml
----------------- Instantiating /home/travis/build/icyphy/ptII/ptolemy/actor/lib/test/auto/matrixType11.xml
1 ms. Memory: 488448K Free: 333721K (68%)
----------------- Invoking toplevel() on ptolemy.moml.MoMLSimpleApplication@53e5514
----------------- Done invoking toplevel() on ptolemy.moml.MoMLSimpleApplication@53e5514
reloadAllAccessors: .matrixType11

===========================================================================================
----------------- testing Mon Feb 17 21:57:14 UTC 2020 /home/travis/build/icyphy/ptII/ptolemy/actor/lib/test/auto/matrixType12.xml
----------------- Instantiating /home/travis/build/icyphy/ptII/ptolemy/actor/lib/test/auto/matrixType12.xml
1 ms. Memory: 488448K Free: 329111K (67%)
----------------- Invoking toplevel() on ptolemy.moml.MoMLSimpleApplication@159ecf1
----------------- Done invoking toplevel() on ptolemy.moml.MoMLSimpleApplication@159ecf1
reloadAllAccessors: .matrixType12

===========================================================================================
----------------- testing Mon Feb 17 21:57:14 UTC 2020 /home/travis/build/icyphy/ptII/ptolemy/actor/lib/test/auto/matrixType13.xml
----------------- Instantiating /home/travis/build/icyphy/ptII/ptolemy/actor/lib/test/auto/matrixType13.xml
1 ms. Memory: 488448K Free: 324505K (66%)
----------------- Invoking toplevel() on ptolemy.moml.MoMLSimpleApplication@56eaac0b
----------------- Done invoking toplevel() on ptolemy.moml.MoMLSimpleApplication@56eaac0b
reloadAllAccessors: .matrixType13

===========================================================================================
----------------- testing Mon Feb 17 21:57:14 UTC 2020 /home/travis/build/icyphy/ptII/ptolemy/actor/lib/test/auto/matrixType14.xml
----------------- Instantiating /home/travis/build/icyphy/ptII/ptolemy/actor/lib/test/auto/matrixType14.xml
1 ms. Memory: 488448K Free: 318871K (65%)
----------------- Invoking toplevel() on ptolemy.moml.MoMLSimpleApplication@619042d3
----------------- Done invoking toplevel() on ptolemy.moml.MoMLSimpleApplication@619042d3
reloadAllAccessors: .matrixType14

===========================================================================================
----------------- testing Mon Feb 17 21:57:14 UTC 2020 /home/travis/build/icyphy/ptII/ptolemy/actor/lib/test/auto/matrixType2.xml
----------------- Instantiating /home/travis/build/icyphy/ptII/ptolemy/actor/lib/test/auto/matrixType2.xml
2 ms. Memory: 488448K Free: 313751K (64%)
----------------- Invoking toplevel() on ptolemy.moml.MoMLSimpleApplication@45985676
----------------- Done invoking toplevel() on ptolemy.moml.MoMLSimpleApplication@45985676
reloadAllAccessors: .matrixType2

===========================================================================================
----------------- testing Mon Feb 17 21:57:15 UTC 2020 /home/travis/build/icyphy/ptII/ptolemy/actor/lib/test/auto/matrixType3.xml
----------------- Instantiating /home/travis/build/icyphy/ptII/ptolemy/actor/lib/test/auto/matrixType3.xml
3 ms. Memory: 488448K Free: 309145K (63%)
----------------- Invoking toplevel() on ptolemy.moml.MoMLSimpleApplication@5085a710
----------------- Done invoking toplevel() on ptolemy.moml.MoMLSimpleApplication@5085a710
reloadAllAccessors: .matrixType3

===========================================================================================
----------------- testing Mon Feb 17 21:57:15 UTC 2020 /home/travis/build/icyphy/ptII/ptolemy/actor/lib/test/auto/matrixType4.xml
----------------- Instantiating /home/travis/build/icyphy/ptII/ptolemy/actor/lib/test/auto/matrixType4.xml
1 ms. Memory: 488448K Free: 304025K (62%)
----------------- Invoking toplevel() on ptolemy.moml.MoMLSimpleApplication@791d8de0
----------------- Done invoking toplevel() on ptolemy.moml.MoMLSimpleApplication@791d8de0
reloadAllAccessors: .matrixType4

===========================================================================================
----------------- testing Mon Feb 17 21:57:15 UTC 2020 /home/travis/build/icyphy/ptII/ptolemy/actor/lib/test/auto/matrixType5.xml
----------------- Instantiating /home/travis/build/icyphy/ptII/ptolemy/actor/lib/test/auto/matrixType5.xml
1 ms. Memory: 488448K Free: 299415K (61%)
----------------- Invoking toplevel() on ptolemy.moml.MoMLSimpleApplication@1c58cbf3
----------------- Done invoking toplevel() on ptolemy.moml.MoMLSimpleApplication@1c58cbf3
reloadAllAccessors: .matrixType5

===========================================================================================
----------------- testing Mon Feb 17 21:57:15 UTC 2020 /home/travis/build/icyphy/ptII/ptolemy/actor/lib/test/auto/matrixType6.xml
----------------- Instantiating /home/travis/build/icyphy/ptII/ptolemy/actor/lib/test/auto/matrixType6.xml
1 ms. Memory: 488448K Free: 294809K (60%)
----------------- Invoking toplevel() on ptolemy.moml.MoMLSimpleApplication@6a6aab0f
----------------- Done invoking toplevel() on ptolemy.moml.MoMLSimpleApplication@6a6aab0f
reloadAllAccessors: .matrixType6

===========================================================================================
----------------- testing Mon Feb 17 21:57:15 UTC 2020 /home/travis/build/icyphy/ptII/ptolemy/actor/lib/test/auto/matrixType7.xml
----------------- Instantiating /home/travis/build/icyphy/ptII/ptolemy/actor/lib/test/auto/matrixType7.xml
1 ms. Memory: 488448K Free: 289689K (59%)
----------------- Invoking toplevel() on ptolemy.moml.MoMLSimpleApplication@5e59f13b
----------------- Done invoking toplevel() on ptolemy.moml.MoMLSimpleApplication@5e59f13b
reloadAllAccessors: .matrixType7

===========================================================================================
----------------- testing Mon Feb 17 21:57:15 UTC 2020 /home/travis/build/icyphy/ptII/ptolemy/actor/lib/test/auto/matrixType8.xml
----------------- Instantiating /home/travis/build/icyphy/ptII/ptolemy/actor/lib/test/auto/matrixType8.xml
1 ms. Memory: 488448K Free: 285079K (58%)
----------------- Invoking toplevel() on ptolemy.moml.MoMLSimpleApplication@2f1a2cfb
----------------- Done invoking toplevel() on ptolemy.moml.MoMLSimpleApplication@2f1a2cfb
reloadAllAccessors: .matrixType8

===========================================================================================
----------------- testing Mon Feb 17 21:57:15 UTC 2020 /home/travis/build/icyphy/ptII/ptolemy/actor/lib/test/auto/matrixType9.xml
----------------- Instantiating /home/travis/build/icyphy/ptII/ptolemy/actor/lib/test/auto/matrixType9.xml
1 ms. Memory: 488448K Free: 279959K (57%)
----------------- Invoking toplevel() on ptolemy.moml.MoMLSimpleApplication@72e78f27
----------------- Done invoking toplevel() on ptolemy.moml.MoMLSimpleApplication@72e78f27
reloadAllAccessors: .matrixType9

===========================================================================================
----------------- testing Mon Feb 17 21:57:15 UTC 2020 /home/travis/build/icyphy/ptII/ptolemy/actor/lib/test/auto/paraFunctest.xml
----------------- Instantiating /home/travis/build/icyphy/ptII/ptolemy/actor/lib/test/auto/paraFunctest.xml
1 ms. Memory: 488448K Free: 276377K (57%)
----------------- Invoking toplevel() on ptolemy.moml.MoMLSimpleApplication@30f45f1c
----------------- Done invoking toplevel() on ptolemy.moml.MoMLSimpleApplication@30f45f1c
reloadAllAccessors: .paraFunctest

===========================================================================================
----------------- testing Mon Feb 17 21:57:15 UTC 2020 /home/travis/build/icyphy/ptII/ptolemy/actor/lib/test/auto/paraFunctest2.xml
----------------- Instantiating /home/travis/build/icyphy/ptII/ptolemy/actor/lib/test/auto/paraFunctest2.xml
1 ms. Memory: 488448K Free: 272791K (56%)
----------------- Invoking toplevel() on ptolemy.moml.MoMLSimpleApplication@4d5e2af0
----------------- Done invoking toplevel() on ptolemy.moml.MoMLSimpleApplication@4d5e2af0
reloadAllAccessors: .paraFunctest2

===========================================================================================
----------------- testing Mon Feb 17 21:57:15 UTC 2020 /home/travis/build/icyphy/ptII/ptolemy/actor/lib/test/auto/parameterPassing.xml
----------------- Instantiating /home/travis/build/icyphy/ptII/ptolemy/actor/lib/test/auto/parameterPassing.xml
1 ms. Memory: 488448K Free: 268185K (55%)
----------------- Invoking toplevel() on ptolemy.moml.MoMLSimpleApplication@7537fcc7
----------------- Done invoking toplevel() on ptolemy.moml.MoMLSimpleApplication@7537fcc7
reloadAllAccessors: .parameterPassing

===========================================================================================
----------------- testing Mon Feb 17 21:57:15 UTC 2020 /home/travis/build/icyphy/ptII/ptolemy/actor/lib/test/auto/record.xml
----------------- Instantiating /home/travis/build/icyphy/ptII/ptolemy/actor/lib/test/auto/record.xml
3 ms. Memory: 488448K Free: 263575K (54%)
----------------- Invoking toplevel() on ptolemy.moml.MoMLSimpleApplication@78e0fa85
----------------- Done invoking toplevel() on ptolemy.moml.MoMLSimpleApplication@78e0fa85
reloadAllAccessors: .record

===========================================================================================
----------------- testing Mon Feb 17 21:57:15 UTC 2020 /home/travis/build/icyphy/ptII/ptolemy/actor/lib/test/auto/sizedarray1.xml
----------------- Instantiating /home/travis/build/icyphy/ptII/ptolemy/actor/lib/test/auto/sizedarray1.xml
1 ms. Memory: 488448K Free: 258455K (53%)
----------------- Invoking toplevel() on ptolemy.moml.MoMLSimpleApplication@439f140a
----------------- Done invoking toplevel() on ptolemy.moml.MoMLSimpleApplication@439f140a
reloadAllAccessors: .sizedarray1

===========================================================================================
----------------- testing Mon Feb 17 21:57:15 UTC 2020 /home/travis/build/icyphy/ptII/ptolemy/actor/lib/test/auto/sizedarray2.xml
----------------- Instantiating /home/travis/build/icyphy/ptII/ptolemy/actor/lib/test/auto/sizedarray2.xml
1 ms. Memory: 488448K Free: 252825K (52%)
----------------- Invoking toplevel() on ptolemy.moml.MoMLSimpleApplication@351ee6e5
----------------- Done invoking toplevel() on ptolemy.moml.MoMLSimpleApplication@351ee6e5
reloadAllAccessors: .sizedarray2

===========================================================================================
----------------- testing Mon Feb 17 21:57:15 UTC 2020 /home/travis/build/icyphy/ptII/ptolemy/actor/lib/test/auto/twoPublishers.xml
----------------- Instantiating /home/travis/build/icyphy/ptII/ptolemy/actor/lib/test/auto/twoPublishers.xml
5 ms. Memory: 488448K Free: 242065K (50%)
----------------- Invoking toplevel() on ptolemy.moml.MoMLSimpleApplication@779735
----------------- Done invoking toplevel() on ptolemy.moml.MoMLSimpleApplication@779735
reloadAllAccessors: .twoPublishers
AutoTests.java: About to close Vertx.
AutoTests.java: Vertx closed.
]]></system-out>
  <system-err><![CDATA[java.lang.RuntimeException: Execution failed
	at ptolemy.moml.MoMLSimpleApplication$UnloadThread.run(MoMLSimpleApplication.java:402)
Caused by: java.lang.RuntimeException: StringUtilities.exit() was called. Normally, we would exit here because Manager.exitAfterWrapup() was called.  However, because the ptolemy.ptII.exitAfterWrapup property is set, we throw this exception instead.
	at ptolemy.util.StringUtilities.exit(StringUtilities.java:365)
	at ptolemy.actor.Manager.wrapup(Manager.java:1549)
	at ptolemy.actor.Manager.execute(Manager.java:407)
	at ptolemy.actor.Manager.run(Manager.java:1263)
	at ptolemy.actor.Manager$PtolemyRunThread.run(Manager.java:1933)
Warning: '.top.test' is in training mode, set the trainingMode parameter to false before checking in
Warning: '.top.test' is in training mode, set the trainingMode parameter to false before checking in
Warning: '.top.test' is in training mode, set the trainingMode parameter to false before checking in
Warning: '.BooleanSwitch_RegressionTest_WrongTrainingValues.Test' is in training mode, set the trainingMode parameter to false before checking in
Warning: '.BooleanSwitch_RegressionTest_WrongTrainingValues.Test2' is in training mode, set the trainingMode parameter to false before checking in
Warning: '.BooleanSwitch_RegressionTest_WrongTrainingValues.Test2' The test produced 0 tokens.
Warning: '.top.testExceptionHandler' is in training mode, set the trainingMode parameter to false before checking in
java.lang.RuntimeException: Execution failed
	at ptolemy.moml.MoMLSimpleApplication$UnloadThread.run(MoMLSimpleApplication.java:402)
Caused by: ptolemy.kernel.util.IllegalActionException: PublisherPorts cannot be used at the top level, use a Publisher actor instead.
  in .PublisherPortToplevelSubscriber.PublisherPort
	at ptolemy.actor.PublisherPort.preinitialize(PublisherPort.java:403)
	at ptolemy.actor.CompositeActor.preinitialize(CompositeActor.java:1769)
	at ptolemy.actor.Manager.preinitializeAndResolveTypes(Manager.java:1040)
	at ptolemy.actor.Manager.initialize(Manager.java:710)
	at ptolemy.actor.Manager.execute(Manager.java:356)
	at ptolemy.actor.Manager.run(Manager.java:1263)
	at ptolemy.actor.Manager$PtolemyRunThread.run(Manager.java:1933)
java.lang.reflect.InvocationTargetException
	at java.base/jdk.internal.reflect.NativeConstructorAccessorImpl.newInstance0(Native Method)
	at java.base/jdk.internal.reflect.NativeConstructorAccessorImpl.newInstance(NativeConstructorAccessorImpl.java:62)
	at java.base/jdk.internal.reflect.DelegatingConstructorAccessorImpl.newInstance(DelegatingConstructorAccessorImpl.java:45)
	at java.base/java.lang.reflect.Constructor.newInstance(Constructor.java:490)
	at ptolemy.util.test.junit.AutoKnownFailedTests.RunModel(AutoKnownFailedTests.java:105)
	at java.base/jdk.internal.reflect.NativeMethodAccessorImpl.invoke0(Native Method)
	at java.base/jdk.internal.reflect.NativeMethodAccessorImpl.invoke(NativeMethodAccessorImpl.java:62)
	at java.base/jdk.internal.reflect.DelegatingMethodAccessorImpl.invoke(DelegatingMethodAccessorImpl.java:43)
	at java.base/java.lang.reflect.Method.invoke(Method.java:566)
	at org.junit.runners.model.FrameworkMethod$1.runReflectiveCall(FrameworkMethod.java:44)
	at org.junit.internal.runners.model.ReflectiveCallable.run(ReflectiveCallable.java:15)
	at org.junit.runners.model.FrameworkMethod.invokeExplosively(FrameworkMethod.java:41)
	at junitparams.internal.InvokeParameterisedMethod.evaluate(InvokeParameterisedMethod.java:102)
	at org.junit.internal.runners.statements.FailOnTimeout$1.run(FailOnTimeout.java:28)
Caused by: ptolemy.kernel.util.IllegalActionException: PublisherPorts cannot be used at the top level, use a Publisher actor instead.
  in .PublisherPortToplevelSubscriber.PublisherPort
	at ptolemy.actor.PublisherPort.preinitialize(PublisherPort.java:403)
	at ptolemy.actor.CompositeActor.preinitialize(CompositeActor.java:1769)
	at ptolemy.actor.Manager.preinitializeAndResolveTypes(Manager.java:1040)
	at ptolemy.actor.Manager.initialize(Manager.java:710)
	at ptolemy.actor.Manager.execute(Manager.java:356)
	at ptolemy.actor.Manager.run(Manager.java:1263)
	at ptolemy.actor.Manager$PtolemyRunThread.run(Manager.java:1933)
java.lang.RuntimeException: Execution failed
	at ptolemy.moml.MoMLSimpleApplication$UnloadThread.run(MoMLSimpleApplication.java:402)
Caused by: ptolemy.kernel.util.IllegalActionException: SubscriberPorts cannot be used at the top level, use a Subscriber actor instead.
  in .PublisherSubscriberPortToplevel.SubscriberPort
	at ptolemy.actor.SubscriberPort.preinitialize(SubscriberPort.java:328)
	at ptolemy.actor.CompositeActor.preinitialize(CompositeActor.java:1769)
	at ptolemy.actor.Manager.preinitializeAndResolveTypes(Manager.java:1040)
	at ptolemy.actor.Manager.initialize(Manager.java:710)
	at ptolemy.actor.Manager.execute(Manager.java:356)
	at ptolemy.actor.Manager.run(Manager.java:1263)
	at ptolemy.actor.Manager$PtolemyRunThread.run(Manager.java:1933)
java.lang.reflect.InvocationTargetException
	at java.base/jdk.internal.reflect.NativeConstructorAccessorImpl.newInstance0(Native Method)
	at java.base/jdk.internal.reflect.NativeConstructorAccessorImpl.newInstance(NativeConstructorAccessorImpl.java:62)
	at java.base/jdk.internal.reflect.DelegatingConstructorAccessorImpl.newInstance(DelegatingConstructorAccessorImpl.java:45)
	at java.base/java.lang.reflect.Constructor.newInstance(Constructor.java:490)
	at ptolemy.util.test.junit.AutoKnownFailedTests.RunModel(AutoKnownFailedTests.java:105)
	at java.base/jdk.internal.reflect.NativeMethodAccessorImpl.invoke0(Native Method)
	at java.base/jdk.internal.reflect.NativeMethodAccessorImpl.invoke(NativeMethodAccessorImpl.java:62)
	at java.base/jdk.internal.reflect.DelegatingMethodAccessorImpl.invoke(DelegatingMethodAccessorImpl.java:43)
	at java.base/java.lang.reflect.Method.invoke(Method.java:566)
	at org.junit.runners.model.FrameworkMethod$1.runReflectiveCall(FrameworkMethod.java:44)
	at org.junit.internal.runners.model.ReflectiveCallable.run(ReflectiveCallable.java:15)
	at org.junit.runners.model.FrameworkMethod.invokeExplosively(FrameworkMethod.java:41)
	at junitparams.internal.InvokeParameterisedMethod.evaluate(InvokeParameterisedMethod.java:102)
	at org.junit.internal.runners.statements.FailOnTimeout$1.run(FailOnTimeout.java:28)
Caused by: ptolemy.kernel.util.IllegalActionException: SubscriberPorts cannot be used at the top level, use a Subscriber actor instead.
  in .PublisherSubscriberPortToplevel.SubscriberPort
	at ptolemy.actor.SubscriberPort.preinitialize(SubscriberPort.java:328)
	at ptolemy.actor.CompositeActor.preinitialize(CompositeActor.java:1769)
	at ptolemy.actor.Manager.preinitializeAndResolveTypes(Manager.java:1040)
	at ptolemy.actor.Manager.initialize(Manager.java:710)
	at ptolemy.actor.Manager.execute(Manager.java:356)
	at ptolemy.actor.Manager.run(Manager.java:1263)
	at ptolemy.actor.Manager$PtolemyRunThread.run(Manager.java:1933)
java.lang.RuntimeException: Execution failed
	at ptolemy.moml.MoMLSimpleApplication$UnloadThread.run(MoMLSimpleApplication.java:402)
Caused by: ptolemy.kernel.util.IllegalActionException: SubscriptionAggregatorPorts cannot be used at the top level, use a SubscriptionAggregator actor instead.
  in .PublisherSubscriptionAggregatorPort.SubscriptionAggregatorPort
	at ptolemy.actor.SubscriptionAggregatorPort.preinitialize(SubscriptionAggregatorPort.java:353)
	at ptolemy.actor.CompositeActor.preinitialize(CompositeActor.java:1769)
	at ptolemy.actor.Manager.preinitializeAndResolveTypes(Manager.java:1040)
	at ptolemy.actor.Manager.initialize(Manager.java:710)
	at ptolemy.actor.Manager.execute(Manager.java:356)
	at ptolemy.actor.Manager.run(Manager.java:1263)
	at ptolemy.actor.Manager$PtolemyRunThread.run(Manager.java:1933)
java.lang.reflect.InvocationTargetException
	at java.base/jdk.internal.reflect.NativeConstructorAccessorImpl.newInstance0(Native Method)
	at java.base/jdk.internal.reflect.NativeConstructorAccessorImpl.newInstance(NativeConstructorAccessorImpl.java:62)
	at java.base/jdk.internal.reflect.DelegatingConstructorAccessorImpl.newInstance(DelegatingConstructorAccessorImpl.java:45)
	at java.base/java.lang.reflect.Constructor.newInstance(Constructor.java:490)
	at ptolemy.util.test.junit.AutoKnownFailedTests.RunModel(AutoKnownFailedTests.java:105)
	at java.base/jdk.internal.reflect.NativeMethodAccessorImpl.invoke0(Native Method)
	at java.base/jdk.internal.reflect.NativeMethodAccessorImpl.invoke(NativeMethodAccessorImpl.java:62)
	at java.base/jdk.internal.reflect.DelegatingMethodAccessorImpl.invoke(DelegatingMethodAccessorImpl.java:43)
	at java.base/java.lang.reflect.Method.invoke(Method.java:566)
	at org.junit.runners.model.FrameworkMethod$1.runReflectiveCall(FrameworkMethod.java:44)
	at org.junit.internal.runners.model.ReflectiveCallable.run(ReflectiveCallable.java:15)
	at org.junit.runners.model.FrameworkMethod.invokeExplosively(FrameworkMethod.java:41)
	at junitparams.internal.InvokeParameterisedMethod.evaluate(InvokeParameterisedMethod.java:102)
	at org.junit.internal.runners.statements.FailOnTimeout$1.run(FailOnTimeout.java:28)
Caused by: ptolemy.kernel.util.IllegalActionException: SubscriptionAggregatorPorts cannot be used at the top level, use a SubscriptionAggregator actor instead.
  in .PublisherSubscriptionAggregatorPort.SubscriptionAggregatorPort
	at ptolemy.actor.SubscriptionAggregatorPort.preinitialize(SubscriptionAggregatorPort.java:353)
	at ptolemy.actor.CompositeActor.preinitialize(CompositeActor.java:1769)
	at ptolemy.actor.Manager.preinitializeAndResolveTypes(Manager.java:1040)
	at ptolemy.actor.Manager.initialize(Manager.java:710)
	at ptolemy.actor.Manager.execute(Manager.java:356)
	at ptolemy.actor.Manager.run(Manager.java:1263)
	at ptolemy.actor.Manager$PtolemyRunThread.run(Manager.java:1933)
java.lang.RuntimeException: Execution failed
	at ptolemy.moml.MoMLSimpleApplication$UnloadThread.run(MoMLSimpleApplication.java:402)
Caused by: ptolemy.kernel.util.IllegalActionException: TypeTest actor has no training data.
  in .sizedarray3.TypeTest
	at ptolemy.actor.lib.TypeTest.initialize(TypeTest.java:250)
	at ptolemy.actor.Director.initialize(Director.java:938)
	at ptolemy.actor.Director.initialize(Director.java:907)
	at ptolemy.actor.sched.StaticSchedulingDirector.initialize(StaticSchedulingDirector.java:159)
	at ptolemy.domains.sdf.kernel.SDFDirector.initialize(SDFDirector.java:544)
	at ptolemy.actor.CompositeActor.initialize(CompositeActor.java:935)
	at ptolemy.actor.Manager.initialize(Manager.java:724)
	at ptolemy.actor.Manager.execute(Manager.java:356)
	at ptolemy.actor.Manager.run(Manager.java:1263)
	at ptolemy.actor.Manager$PtolemyRunThread.run(Manager.java:1933)
java.lang.reflect.InvocationTargetException
	at java.base/jdk.internal.reflect.NativeConstructorAccessorImpl.newInstance0(Native Method)
	at java.base/jdk.internal.reflect.NativeConstructorAccessorImpl.newInstance(NativeConstructorAccessorImpl.java:62)
	at java.base/jdk.internal.reflect.DelegatingConstructorAccessorImpl.newInstance(DelegatingConstructorAccessorImpl.java:45)
	at java.base/java.lang.reflect.Constructor.newInstance(Constructor.java:490)
	at ptolemy.util.test.junit.AutoKnownFailedTests.RunModel(AutoKnownFailedTests.java:105)
	at java.base/jdk.internal.reflect.NativeMethodAccessorImpl.invoke0(Native Method)
	at java.base/jdk.internal.reflect.NativeMethodAccessorImpl.invoke(NativeMethodAccessorImpl.java:62)
	at java.base/jdk.internal.reflect.DelegatingMethodAccessorImpl.invoke(DelegatingMethodAccessorImpl.java:43)
	at java.base/java.lang.reflect.Method.invoke(Method.java:566)
	at org.junit.runners.model.FrameworkMethod$1.runReflectiveCall(FrameworkMethod.java:44)
	at org.junit.internal.runners.model.ReflectiveCallable.run(ReflectiveCallable.java:15)
	at org.junit.runners.model.FrameworkMethod.invokeExplosively(FrameworkMethod.java:41)
	at junitparams.internal.InvokeParameterisedMethod.evaluate(InvokeParameterisedMethod.java:102)
	at org.junit.internal.runners.statements.FailOnTimeout$1.run(FailOnTimeout.java:28)
Caused by: ptolemy.kernel.util.IllegalActionException: TypeTest actor has no training data.
  in .sizedarray3.TypeTest
	at ptolemy.actor.lib.TypeTest.initialize(TypeTest.java:250)
	at ptolemy.actor.Director.initialize(Director.java:938)
	at ptolemy.actor.Director.initialize(Director.java:907)
	at ptolemy.actor.sched.StaticSchedulingDirector.initialize(StaticSchedulingDirector.java:159)
	at ptolemy.domains.sdf.kernel.SDFDirector.initialize(SDFDirector.java:544)
	at ptolemy.actor.CompositeActor.initialize(CompositeActor.java:935)
	at ptolemy.actor.Manager.initialize(Manager.java:724)
	at ptolemy.actor.Manager.execute(Manager.java:356)
	at ptolemy.actor.Manager.run(Manager.java:1263)
	at ptolemy.actor.Manager$PtolemyRunThread.run(Manager.java:1933)
]]></system-err>
</testsuite>
