<?xml version="1.0" encoding="UTF-8" ?>
<testsuite errors="1" failures="1" hostname="travis-job-7451c79b-7018-4c65-b6fa-e0f10bac8389" name="ptolemy.actor.lib.test.junit.JUnitTclTest" skipped="0" tests="517" time="64.822" timestamp="2019-10-19T06:02:33">
  <properties>
    <property name="npm.executable" value="npm" />
    <property name="env.TRAVIS_ROOT" value="/" />
    <property name="ptII.mk.exists" value="true" />
    <property name="env.TRAVIS_APP_HOST" value="build.travis-ci.org" />
    <property name="env.rvm_bin_path" value="/home/travis/.rvm/bin" />
    <property name="java.home" value="/usr/local/lib/jvm/openjdk11" />
    <property name="env.TRAVIS_JOB_NUMBER" value="1368.8" />
    <property name="env.TRAVIS_HOME" value="/home/travis" />
    <property name="env.DISPLAY" value=":99.0" />
    <property name="env.TRAVIS_INIT" value="systemd" />
    <property name="env.SSH_TTY" value="/dev/pts/0" />
    <property name="java.net.preferIPv4Stack" value="true" />
    <property name="env.RUN_TESTS" value="true" />
    <property name="timeout.short" value="1000000" />
    <property name="junit.formatter" value="xml" />
    <property name="env.TRAVIS_SUDO" value="true" />
    <property name="env.TRAVIS_JOB_NAME" value="" />
    <property name="env.TRAVIS_STACK_NODE_ATTRIBUTES" value="/.node-attributes.yml" />
    <property name="env.LOGNAME" value="travis" />
    <property name="env.PT_TRAVIS_TEST_CORE1_XML" value="true" />
    <property name="jsdoc.home" value="node_modules/@terraswarm/jsdoc" />
    <property name="debuglevel" value="source,lines,vars" />
    <property name="checkstyle.formatter" value="xml" />
    <property name="env._system_version" value="16.04" />
    <property name="bin.vergil.makeable" value="true" />
    <property name="sun.os.patch.level" value="unknown" />
    <property name="java.vendor.url" value="http://java.oracle.com/" />
    <property name="env.TRAVIS_BUILD_WEB_URL" value="https://travis-ci.org/icyphy/ptII/builds/599957991" />
    <property name="java.version" value="11.0.2" />
    <property name="env.TZ" value="UTC" />
    <property name="env.TRAVIS_PULL_REQUEST_SHA" value="" />
    <property name="env.PT_NO_NET" value="true" />
    <property name="env.TRAVIS_SECURE_ENV_VARS" value="true" />
    <property name="env._system_type" value="Linux" />
    <property name="java.vendor.url.bug" value="http://bugreport.java.com/bugreport/" />
    <property name="npmjs-org-is-up" value="true" />
    <property name="env.LANGUAGE" value="en_US.UTF-8" />
    <property name="env.SSH_CLIENT" value="10.16.6.15 60620 22" />
    <property name="env.GEM_HOME" value="/home/travis/.rvm/gems/ruby-2.5.3" />
    <property name="env.HAS_ANTARES_THREE_LITTLE_FRONZIES_BADGE" value="true" />
    <property name="java.version.date" value="2019-01-15" />
    <property name="env.PS4" value="+" />
    <property name="ant.project.invoked-targets" value="build,test.core1.xml" />
    <property name="env.TRAVIS_PULL_REQUEST_BRANCH" value="" />
    <property name="env.TRAVIS_REPO_SLUG" value="icyphy/ptII" />
    <property name="env.XDG_DATA_DIRS" value="/usr/local/share:/usr/share:/var/lib/snapd/desktop" />
    <property name="jdk.debug" value="release" />
    <property name="env.TRAVIS_APT_PROXY" value="http://apt.cache.travis-ci.com" />
    <property name="node.in.path" value="true" />
    <property name="user.name" value="travis" />
    <property name="java.maxmemory" value="1400m" />
    <property name="env.RUBY_VERSION" value="ruby-2.5.3" />
    <property name="env.LANG" value="en_US.UTF-8" />
    <property name="sun.io.unicode.encoding" value="UnicodeLittle" />
    <property name="sun.jnu.encoding" value="UTF-8" />
    <property name="java.runtime.name" value="OpenJDK Runtime Environment" />
    <property name="usefile" value="false" />
    <property name="return.code" value="0" />
    <property name="junit.single.formatter" value="plain" />
    <property name="env.DYLD_LIBRARY_PATH" value="/home/travis/pthla/certi-tools/lib:" />
    <property name="env.DEBIAN_FRONTEND" value="noninteractive" />
    <property name="env.SSH_CONNECTION" value="10.16.6.15 60620 10.20.0.38 22" />
    <property name="env.MYSQL_UNIX_PORT" value="/var/run/mysqld/mysqld.sock" />
    <property name="env.LC_ALL" value="en_US.UTF-8" />
    <property name="env.TRAVIS_ALLOW_FAILURE" value="false" />
    <property name="env.TRAVIS_JOB_WEB_URL" value="https://travis-ci.org/icyphy/ptII/jobs/599957999" />
    <property name="java.specification.name" value="Java Platform API Specification" />
    <property name="node.works" value="true" />
    <property name="user.timezone" value="" />
    <property name="path.separator" value=":" />
    <property name="env.TRAVIS_ENABLE_INFRA_DETECTION" value="true" />
    <property name="env.PYTHON_CFLAGS" value="-g -fstack-protector --param=ssp-buffer-size=4 -Wformat -Werror=format-security" />
    <property name="timeout.long" value="4000000" />
    <property name="env.CERTI_HOME" value="/home/travis/pthla/certi-tools" />
    <property name="ant.file.ptII" value="/home/travis/build/icyphy/ptII/build.xml" />
    <property name="javadoc.packagenames" value="com.*,diva.*,lbnl.*,org.hlacerti.*,org.json.*,org.ptolemy.*,org.terraswarm.*,ptolemy.*,ptserver.*" />
    <property name="file.encoding" value="UTF-8" />
    <property name="env.TRAVIS_PULL_REQUEST_SLUG" value="" />
    <property name="ant.project.default-target" value="build" />
    <property name="env.GIT_ASKPASS" value="echo" />
    <property name="env.HOME" value="/home/travis" />
    <property name="sun.java.command" value="org.apache.tools.ant.taskdefs.optional.junit.JUnitTestRunner ptolemy.actor.lib.test.junit.JUnitTclTest skipNonTests=false filtertrace=true haltOnError=false haltOnFailure=false formatter=org.apache.tools.ant.taskdefs.optional.junit.OutErrSummaryJUnitResultFormatter showoutput=true outputtoformatters=true logfailedtests=true threadid=0 logtestlistenerevents=false formatter=org.apache.tools.ant.taskdefs.optional.junit.XMLJUnitResultFormatter,/home/travis/build/icyphy/ptII/reports/junit/TEST-ptolemy.actor.lib.test.junit.JUnitTclTest.xml crashfile=/home/travis/build/icyphy/ptII/junitvmwatcher16557878730070816996.properties propsfile=/home/travis/build/icyphy/ptII/junit2565893973958122725.properties" />
    <property name="env.COMPOSER_NO_INTERACTION" value="1" />
    <property name="env.MANPATH" value="/home/travis/.nvm/versions/node/v7.10.1/share/man:/home/travis/.rvm/rubies/ruby-2.5.3/share/man:/usr/local/cmake-3.12.4/man:/usr/local/clang-7.0.0/share/man:/usr/local/man:/usr/local/share/man:/usr/share/man:/home/travis/.rvm/man" />
    <property name="env.TRAVIS_TIMER_ID" value="073926a8" />
    <property name="ant.file" value="/home/travis/build/icyphy/ptII/build.xml" />
    <property name="env.TRAVIS_COMMIT_RANGE" value="88f03a27763bfaa83d68e8c126d7dc69b4b351f6...948bf656f66248ff65af09b7e6cc9885ef1f544d" />
    <property name="env._system_name" value="Ubuntu" />
    <property name="ptII.classpath.optional.property" value="/home/travis/build/icyphy/ptII/lib/bsh-2.0b4.jar:/home/travis/build/icyphy/ptII/lib/ptCal.jar:/home/travis/build/icyphy/ptII/lib/java_cup.jar:/home/travis/build/icyphy/ptII/lib/saxon8.jar:/home/travis/build/icyphy/ptII/lib/saxon8-dom.jar:/home/travis/build/icyphy/ptII/lib/chic.jar:/home/travis/build/icyphy/ptII/lib/ptcolt.jar:/home/travis/build/icyphy/ptII/vendors/misc/itext/iText.jar:/home/travis/build/icyphy/ptII/lib/g4ltl.jar:/home/travis/build/icyphy/ptII/lib/StructuralCoder.jar:/home/travis/build/icyphy/ptII/lib/jcerti.jar:/home/travis/build/icyphy/ptII/lib/javax.mail.jar:/home/travis/build/icyphy/ptII/vendors/JMF-2.1.1e/lib/jmf.jar:/home/travis/build/icyphy/ptII/lib/jna-4.0.0-variadic.jar:/home/travis/build/icyphy/ptII/vendors/misc/joystick/Joystick.jar:/home/travis/build/icyphy/ptII/lib/ptjacl.jar:/home/travis/build/icyphy/ptII/lib/jsoup-1.8.2.jar:/home/travis/build/icyphy/ptII/lib/junit-4.8.2.jar:/home/travis/build/icyphy/ptII/lib/JUnitParams-0.4.0.jar:/home/travis/build/icyphy/ptII/ptolemy/actor/lib/excel/jxl.jar:/home/travis/build/icyphy/ptII/lib/jython.jar:/home/travis/build/icyphy/ptII/lib/kieler.jar:/home/travis/build/icyphy/ptII/vendors/opencv/share/OpenCV/java/opencv-341.jar:/home/travis/build/icyphy/ptII/lib/oscP5.jar:/home/travis/build/icyphy/ptII/lib/nrjavaserial-3.11.0.devel.jar:/home/travis/build/icyphy/ptII/vendors/j3d/lib/Linux/j3dcore.jar:/home/travis/build/icyphy/ptII/vendors/j3d/lib/Linux/j3dutils.jar:/home/travis/build/icyphy/ptII/vendors/j3d/lib/Linux/vecmath.jar:/home/travis/build/icyphy/ptII/vendors/jogl/lib/Linux/gluegen-rt-natives-linux-amd64.jar:/home/travis/build/icyphy/ptII/vendors/jogl/lib/Linux/gluegen-rt.jar:/home/travis/build/icyphy/ptII/vendors/jogl/lib/Linux/jogl-all-natives-linux-amd64.jar:/home/travis/build/icyphy/ptII/vendors/jogl/lib/Linux/jogl-all.jar:/home/travis/build/icyphy/ptII/ptolemy/distributed/jini/jar/jini-core.jar:/home/travis/build/icyphy/ptII/ptolemy/distributed/jini/jar/jini-ext.jar:/home/travis/build/icyphy/ptII/ptolemy/distributed/jini/jar/sun-util.jar:/home/travis/build/icyphy/ptII/lib/protobuf-java-2.4.1.jar:/home/travis/build/icyphy/ptII/lib/org.eclipse.paho.client.mqttv3.jar:/home/travis/build/icyphy/ptII/lib/mapss.jar:/home/travis/build/icyphy/ptII/ptolemy/actor/ptalon/antlr/antlr.jar:/home/travis/build/icyphy/ptII/lib/JRI.jar:/home/travis/build/icyphy/ptII/lib/commons-lang-2.6.jar:/home/travis/build/icyphy/ptII/lib/commons-logging-1.1.1.jar:/home/travis/build/icyphy/ptII/lib/sootclasses.jar:/home/travis/build/icyphy/ptII/ptolemy/actor/lib/database/mysql-connector-java-5.1.6-bin.jar:/home/travis/build/icyphy/ptII/vendors/misc/sphinx4/sphinx4-data-5prealpha.jar:/home/travis/build/icyphy/ptII/vendors/misc/sphinx4/sphinx4-core-5prealpha.jar:/home/travis/build/icyphy/ptII/lib/PDFRenderer.jar:/home/travis/build/icyphy/ptII/lib/svgSalamander.jar:/home/travis/build/icyphy/ptII/lib/rsyntaxtextarea-2.6.0-SNAPSHOT.jar:/home/travis/build/icyphy/ptII/lib/hazelcast-3.8.2.jar:/home/travis/build/icyphy/ptII/lib/jackson-annotations-2.9.0.jar:/home/travis/build/icyphy/ptII/lib/jackson-core-2.9.3.jar:/home/travis/build/icyphy/ptII/lib/jackson-databind-2.9.3.jar:/home/travis/build/icyphy/ptII/lib/netty-buffer-4.1.19.Final.jar:/home/travis/build/icyphy/ptII/lib/netty-codec-4.1.19.Final.jar:/home/travis/build/icyphy/ptII/lib/netty-codec-dns-4.1.19.Final.jar:/home/travis/build/icyphy/ptII/lib/netty-codec-http-4.1.19.Final.jar:/home/travis/build/icyphy/ptII/lib/netty-codec-http2-4.1.19.Final.jar:/home/travis/build/icyphy/ptII/lib/netty-common-4.1.19.Final.jar:/home/travis/build/icyphy/ptII/lib/netty-handler-4.1.19.Final.jar:/home/travis/build/icyphy/ptII/lib/netty-resolver-4.1.19.Final.jar:/home/travis/build/icyphy/ptII/lib/netty-resolver-dns-4.1.19.Final.jar:/home/travis/build/icyphy/ptII/lib/netty-transport-4.1.19.Final.jar:/home/travis/build/icyphy/ptII/lib/vertx-codegen-3.5.1.jar:/home/travis/build/icyphy/ptII/lib/vertx-core-3.5.2-SNAPSHOT.jar:/home/travis/build/icyphy/ptII/lib/vertx-hazelcast-3.5.1.jar:/home/travis/build/icyphy/ptII/lib/vertx-lang-js-3.5.1.jar:/home/travis/build/icyphy/ptII/lib/vertx-service-proxy-3.5.1.jar:/home/travis/build/icyphy/ptII/lib/vertx-web-3.5.1.jar:/home/travis/build/icyphy/ptII/lib/slf4j-api-1.7.13.jar:/home/travis/build/icyphy/ptII/lib/slf4j-simple-1.7.13.jar:/home/travis/build/icyphy/ptII/lib/webcam-capture-0.3.12.jar:/home/travis/build/icyphy/ptII/lib/bridj-0.7.0.jar:/home/travis/build/icyphy/ptII/lib/xbjlib-1.1.0.nrjavaserial.jar" />
    <property name="timeout" value="2400000" />
    <property name="test.batch" value="**/junit/*.java" />
    <property name="env._" value="/usr/bin/timeout" />
    <property name="java.io.tmpdir" value="/tmp" />
    <property name="user.language" value="en" />
    <property name="env.TRAVIS_INTERNAL_RUBY_REGEX" value="^ruby-(2\.[0-4]\.[0-9]|1\.9\.3)" />
    <property name="env.HISTCONTROL" value="ignoredups:ignorespace" />
    <property name="env.GOROOT" value="/home/travis/.gimme/versions/go1.11.1.linux.amd64" />
    <property name="line.separator" value="&#xa;" />
    <property name="target" value="11" />
    <property name="env.TRAVIS_BUILD_DIR" value="/home/travis/build/icyphy/ptII" />
    <property name="env.ANT_OPTS" value="-Xmx2048m" />
    <property name="ant.file.type" value="file" />
    <property name="ptolemy.ptII.batchMode" value="true" />
    <property name="env.HISTSIZE" value="1000" />
    <property name="env.MERB_ENV" value="test" />
    <property name="java.vm.info" value="mixed mode" />
    <property name="source" value="11" />
    <property name="java.vm.specification.name" value="Java Virtual Machine Specification" />
    <property name="env.TRAVIS_TEST_RESULT" value="0" />
    <property name="jsdoc.command" value="node_modules/@terraswarm/jsdoc/jsdoc.js" />
    <property name="npm.works" value="true" />
    <property name="cobertura.dir" value="/home/travis/build/icyphy/ptII/vendors/cobertura-2.0.3" />
    <property name="jsdoc.command.exists" value="true" />
    <property name="env.rvm_path" value="/home/travis/.rvm" />
    <property name="env.GEM_PATH" value="/home/travis/.rvm/gems/ruby-2.5.3:/home/travis/.rvm/gems/ruby-2.5.3@global" />
    <property name="env.LC_CTYPE" value="en_US.UTF-8" />
    <property name="env.TRAVIS_CMD" value="$PTII/bin/ptIITravisBuild.sh $SECONDS" />
    <property name="java.awt.printerjob" value="sun.print.PSPrinterJob" />
    <property name="env.TRAVIS_STACK_NAME" value="sardonyx" />
    <property name="env.TRAVIS_TIMER_START_TIME" value="1571464305068087771" />
    <property name="ant.version" value="Apache Ant(TM) version 1.10.1 compiled on February 2 2017" />
    <property name="ptII.reports" value="/home/travis/build/icyphy/ptII/reports" />
    <property name="env.TRAVIS_STACK_TIMESTAMP" value="2019-03-25 16:16:56 UTC" />
    <property name="ant.file.type.ptII" value="file" />
    <property name="env.RBENV_SHELL" value="bash" />
    <property name="os.name" value="Linux" />
    <property name="java.specification.vendor" value="Oracle Corporation" />
    <property name="env.rvm_version" value="1.29.7 (latest)" />
    <property name="env.TRAVIS_INFRA" value="gce" />
    <property name="env.TERM" value="xterm" />
    <property name="java.vm.name" value="OpenJDK 64-Bit Server VM" />
    <property name="env.TRAVIS_BUILD_NUMBER" value="1368" />
    <property name="env.CI" value="true" />
    <property name="java.library.path" value="/home/travis/pthla/certi-tools/lib:/usr/lib/jni:/usr/local/share/OpenCV/java/:/usr/share/OpenCV/java::/usr/java/packages/lib:/usr/lib64:/lib64:/lib:/usr/lib" />
    <property name="jdk.module.path" value="/home/travis/build/icyphy/ptII/vendors/javafx/javafx-sdk-11.0.2/lib:" />
    <property name="env.rvm_prefix" value="/home/travis" />
    <property name="env.PATH" value="/home/travis/pthla/certi-tools/share/scripts:/home/travis/.rvm/gems/ruby-2.5.3/bin:/home/travis/.rvm/gems/ruby-2.5.3@global/bin:/home/travis/.rvm/rubies/ruby-2.5.3/bin:/home/travis/.rvm/bin:/home/travis/.nvm/versions/node/v7.10.1/bin:./node_modules/.bin:/home/travis/build/icyphy/ptII/bin:/home/travis/pthla/certi-tools/bin:/home/travis/bin:/home/travis/.local/bin:/usr/local/lib/jvm/openjdk11/bin:/opt/pyenv/shims:/home/travis/.phpenv/shims:/home/travis/perl5/perlbrew/bin:/home/travis/gopath/bin:/home/travis/.gimme/versions/go1.11.1.linux.amd64/bin:/usr/local/maven-3.6.0/bin:/usr/local/cmake-3.12.4/bin:/usr/local/clang-7.0.0/bin:/usr/local/sbin:/usr/local/bin:/usr/sbin:/usr/bin:/sbin:/bin:/snap/bin:/home/travis/.phpenv/bin:/opt/pyenv/bin:/home/travis/.yarn/bin" />
    <property name="env.TRAVIS_OS_NAME" value="linux" />
    <property name="ant.java.version" value="9" />
    <property name="basedir" value="/home/travis/build/icyphy/ptII" />
    <property name="java.class.version" value="55.0" />
    <property name="env.SHLVL" value="3" />
    <property name="env.LD_LIBRARY_PATH" value="/home/travis/pthla/certi-tools/lib:/usr/lib/jni:/usr/local/share/OpenCV/java/:/usr/share/OpenCV/java:" />
    <property name="env.RACK_ENV" value="test" />
    <property name="ant.home" value="/home/travis/build/icyphy/ptII/ant" />
    <property name="env.NVM_DIR" value="/home/travis/.nvm" />
    <property name="env.CERTI_FOM_PATH" value="/home/travis/pthla/certi-tools/share/federations" />
    <property name="env.TRAVIS_BUILD_ID" value="599957991" />
    <property name="env.PYENV_ROOT" value="/opt/pyenv" />
    <property name="env.TRAVIS_UID" value="2000" />
    <property name="prism.verbose" value="true" />
    <property name="env.NVM_BIN" value="/home/travis/.nvm/versions/node/v7.10.1/bin" />
    <property name="env.TRAVIS_COMMIT" value="948bf656f66248ff65af09b7e6cc9885ef1f544d" />
    <property name="env._system_arch" value="x86_64" />
    <property name="node.executable" value="node" />
    <property name="sun.boot.library.path" value="/usr/local/lib/jvm/openjdk11/lib" />
    <property name="sun.management.compiler" value="HotSpot 64-Bit Tiered Compilers" />
    <property name="java.awt.graphicsenv" value="sun.awt.X11GraphicsEnvironment" />
    <property name="env.GOPATH" value="/home/travis/gopath" />
    <property name="ptolemy.ptII.dir" value="/home/travis/build/icyphy/ptII" />
    <property name="env.USER" value="travis" />
    <property name="env.HISTFILESIZE" value="2000" />
    <property name="timeout.longest" value="19000000" />
    <property name="env.PERLBREW_SHELLRC_VERSION" value="0.86" />
    <property name="env.TRAVIS_STACK_FEATURES" value="basic couchdb disabled-ipv6 docker docker-compose elasticsearch firefox go-toolchain google-chrome jdk memcached mongodb mysql nodejs_interpreter perl_interpreter perlbrew phantomjs postgresql python_interpreter redis ruby_interpreter sqlite xserver" />
    <property name="env.TRAVIS_PULL_REQUEST" value="false" />
    <property name="env.PYENV_SHELL" value="bash" />
    <property name="ant.project.name" value="ptII" />
    <property name="env.ANSI_RESET" value="\033[0m" />
    <property name="java.vm.specification.version" value="11" />
    <property name="env.TRAVIS_DIST" value="xenial" />
    <property name="env.CERTI_VERSION" value="4.0.0" />
    <property name="env.CERTI_HOST" value="localhost" />
    <property name="awt.toolkit" value="sun.awt.X11.XToolkit" />
    <property name="env.MY_RUBY_HOME" value="/home/travis/.rvm/rubies/ruby-2.5.3" />
    <property name="sun.cpu.isalist" value="" />
    <property name="env.TRAVIS_TMPDIR" value="/tmp/tmp.3gXt8fABgJ" />
    <property name="java.vm.compressedOopsMode" value="Zero based" />
    <property name="os.version" value="4.15.0-1028-gcp" />
    <property name="user.home" value="/home/travis" />
    <property name="java.vm.vendor" value="Oracle Corporation" />
    <property name="env.TRAVIS_TAG" value="nightly" />
    <property name="env.ANSI_YELLOW" value="\033[33;1m" />
    <property name="env.TRAVIS_FILTERED" value="redirect_io" />
    <property name="env.ANSI_GREEN" value="\033[32;1m" />
    <property name="env.JAVA_HOME" value="/usr/local/lib/jvm/openjdk11" />
    <property name="javadoc.excludepackagenames" value="adm.cvs2svn.*,build.*,config.*,doc.coding.templates.*,jni.test.jni.meaningOfLife.*,jni.test.jni.testDeux.*,jni.test.jni.testTrois.*,org.terraswarm.accessor.accessors.web.node_modules.*,org.terraswarm.accessor.accessors.web.hosts.cordova.demo.*,org.terraswarm.accessor.accessors.web.hosts.cordova.plugins.*,org.terraswarm.accessor.accessors-svn.*,pt-modules.*,ptolemy.apps.agilent.*,ptolemy.apps.anytimecontrol.*,ptolemy.apps.apes.*,ptolemy.apps.charon.*,ptolemy.apps.crazyboard.*,ptolemy.apps.eclipse.*,ptolemy.apps.etherealSting.*,ptolemy.apps.fullscreen.*,ptolemy.apps.giotto.*,ptolemy.apps.ia.*,ptolemy.apps.interfaces.*,ptolemy.apps.jmf.*,ptolemy.apps.kurt.*,ptolemy.apps.kvm.*,ptolemy.apps.lego.*,ptolemy.apps.lejos.*,ptolemy.apps.midp.*,ptolemy.apps.mobileCoding.*,ptolemy.apps.pendulum.*,ptolemy.apps.rijndael.*,ptolemy.apps.robot.*,ptolemy.apps.security.*,ptolemy.apps.sobel.*,ptolemy.apps.soot.*,ptolemy.apps.throttle.*,ptolemy.apps.tini.*,ptolemy.apps.transmission.*,ptolemy.apps.vergil.*,ptolemy.apps.waba.*,ptolemy.apps.websensor.*,ptolemy.apps.webstart.*,ptolemy.apps.xsl.*,ptolemy.apps.zaurus.*,ptolemy.codegen.c.actor.lib.oldJavaFiles.*,ptolemy.codegen.dsp.lib.*,ptolemy.codegen.kernel.newInterfaces.*,ptolemy.codegen.lib.*,ptolemy.copernicus.kernel.fragment.*,ptolemy.copernicus.shallow.cg.*,ptolemy.domains.giotto.demo.Hierarchy.Hierarchy.*,ptolemy.domains.giotto.demo.Multimode.Multimode.*,ptolemy.domains.giotto.demo.Simple.Simple.*,ptolemy.domains.gr.lib.experimental.*,ptolemy.domains.gro.*,ptolemy.domains.pdf.*,ptolemy.domains.ptinyos.demo.Surge.output.*,ptolemy.moml.test.NoPackageActor.java*,ptolemy.plot.adm.*,ptolemy.plot.servlet.*,reports.*,signed.*,src.*,target.*,vendors.*,ptolemy.copernicus.applet.*,ptolemy.media.viewer.*,ptolemy.actor.corba.*,doc.doclets.*,ptolemy.apps.eclipse.awt.*,ptolemy.backtrack.*,ptolemy.backtrack.ast.*,ptolemy.cg.adapter.generic.program.procedural.c.mbed*,ptolemy.homer.*,ptolemy.actor.lib.jai.*,org.ptolemy.scala.*,diva.util.java2d.svg.*,ptolemy.domains.ptinyos.*,ptolemy.actor.lib.fmi.fmipp.*,,org.terraswarm.accessor.accessors.web.node_modules.*,org.terraswarm.accessor.accessors-svn,ptolemy.apps.*,ptolemy.actor.ptalon.demo.ptinyos.SendAndReceiveCnt.output,ptolemy.actor.ptalon.demo.ptinyos.SenseToLeds.output,ptolemy.domains.ptinyos.demo.CntToLedsAndRfm.output,ptolemy.domains.ptinyos.demo.RfmToLeds.output,ptolemy.domains.ptinyos.demo.SendAndReceiveCnt.output,ptolemy.domains.ptinyos.demo.SenseToLeds.output,ptolemy.actor.lib.jjs.modules.udpSocket.*" />
    <property name="env.PTII" value="/home/travis/build/icyphy/ptII" />
    <property name="env.XDG_SESSION_ID" value="2" />
    <property name="keystore" value="ptKeystore" />
    <property name="env.TRAVIS_COMMIT_MESSAGE" value="Updating org.hlacerti.models.StaticMultiInstanceJoker." />
    <property name="junit.output.dir" value="/home/travis/build/icyphy/ptII/reports/junit" />
    <property name="npm.return.code" value="0" />
    <property name="user.dir" value="/home/travis/build/icyphy/ptII/ptolemy/actor/lib/test" />
    <property name="env.TRAVIS_NODE_VERSION" value="7" />
    <property name="env.TRAVIS_EVENT_TYPE" value="cron" />
    <property name="env.MAIL" value="/var/mail/travis" />
    <property name="env.PERLBREW_ROOT" value="/home/travis/perl5/perlbrew" />
    <property name="env.PWD" value="/home/travis/build/icyphy/ptII" />
    <property name="timeout.npm" value="45000" />
    <property name="env.TRAVIS_ARCH" value="amd64" />
    <property name="sun.cpu.endian" value="little" />
    <property name="env.PAGER" value="cat" />
    <property name="env.TRAVIS_BUILD_STAGE_NAME" value="Test" />
    <property name="env.PERLBREW_HOME" value="/home/travis/.perlbrew" />
    <property name="java.vm.version" value="11.0.2+9" />
    <property name="env.RAILS_ENV" value="test" />
    <property name="java.class.path" value="/home/travis/.ptolemyII:/home/travis/.ptolemyII/*:/home/travis/build/icyphy/ptII:/home/travis/build/icyphy/ptII/lib/bsh-2.0b4.jar:/home/travis/build/icyphy/ptII/lib/ptCal.jar:/home/travis/build/icyphy/ptII/lib/java_cup.jar:/home/travis/build/icyphy/ptII/lib/saxon8.jar:/home/travis/build/icyphy/ptII/lib/saxon8-dom.jar:/home/travis/build/icyphy/ptII/lib/chic.jar:/home/travis/build/icyphy/ptII/lib/ptcolt.jar:/home/travis/build/icyphy/ptII/vendors/misc/itext/iText.jar:/home/travis/build/icyphy/ptII/lib/g4ltl.jar:/home/travis/build/icyphy/ptII/lib/StructuralCoder.jar:/home/travis/build/icyphy/ptII/lib/jcerti.jar:/home/travis/build/icyphy/ptII/lib/javax.mail.jar:/home/travis/build/icyphy/ptII/vendors/JMF-2.1.1e/lib/jmf.jar:/home/travis/build/icyphy/ptII/lib/jna-4.0.0-variadic.jar:/home/travis/build/icyphy/ptII/vendors/misc/joystick/Joystick.jar:/home/travis/build/icyphy/ptII/lib/ptjacl.jar:/home/travis/build/icyphy/ptII/lib/jsoup-1.8.2.jar:/home/travis/build/icyphy/ptII/lib/junit-4.8.2.jar:/home/travis/build/icyphy/ptII/lib/JUnitParams-0.4.0.jar:/home/travis/build/icyphy/ptII/ptolemy/actor/lib/excel/jxl.jar:/home/travis/build/icyphy/ptII/lib/jython.jar:/home/travis/build/icyphy/ptII/lib/kieler.jar:/home/travis/build/icyphy/ptII/vendors/opencv/share/OpenCV/java/opencv-341.jar:/home/travis/build/icyphy/ptII/lib/oscP5.jar:/home/travis/build/icyphy/ptII/lib/nrjavaserial-3.11.0.devel.jar:/home/travis/build/icyphy/ptII/vendors/j3d/lib/Linux/j3dcore.jar:/home/travis/build/icyphy/ptII/vendors/j3d/lib/Linux/j3dutils.jar:/home/travis/build/icyphy/ptII/vendors/j3d/lib/Linux/vecmath.jar:/home/travis/build/icyphy/ptII/vendors/jogl/lib/Linux/gluegen-rt-natives-linux-amd64.jar:/home/travis/build/icyphy/ptII/vendors/jogl/lib/Linux/gluegen-rt.jar:/home/travis/build/icyphy/ptII/vendors/jogl/lib/Linux/jogl-all-natives-linux-amd64.jar:/home/travis/build/icyphy/ptII/vendors/jogl/lib/Linux/jogl-all.jar:/home/travis/build/icyphy/ptII/ptolemy/distributed/jini/jar/jini-core.jar:/home/travis/build/icyphy/ptII/ptolemy/distributed/jini/jar/jini-ext.jar:/home/travis/build/icyphy/ptII/ptolemy/distributed/jini/jar/sun-util.jar:/home/travis/build/icyphy/ptII/lib/protobuf-java-2.4.1.jar:/home/travis/build/icyphy/ptII/lib/org.eclipse.paho.client.mqttv3.jar:/home/travis/build/icyphy/ptII/lib/mapss.jar:/home/travis/build/icyphy/ptII/ptolemy/actor/ptalon/antlr/antlr.jar:/home/travis/build/icyphy/ptII/lib/JRI.jar:/home/travis/build/icyphy/ptII/lib/commons-lang-2.6.jar:/home/travis/build/icyphy/ptII/lib/commons-logging-1.1.1.jar:/home/travis/build/icyphy/ptII/lib/sootclasses.jar:/home/travis/build/icyphy/ptII/ptolemy/actor/lib/database/mysql-connector-java-5.1.6-bin.jar:/home/travis/build/icyphy/ptII/vendors/misc/sphinx4/sphinx4-data-5prealpha.jar:/home/travis/build/icyphy/ptII/vendors/misc/sphinx4/sphinx4-core-5prealpha.jar:/home/travis/build/icyphy/ptII/lib/PDFRenderer.jar:/home/travis/build/icyphy/ptII/lib/svgSalamander.jar:/home/travis/build/icyphy/ptII/lib/rsyntaxtextarea-2.6.0-SNAPSHOT.jar:/home/travis/build/icyphy/ptII/lib/hazelcast-3.8.2.jar:/home/travis/build/icyphy/ptII/lib/jackson-annotations-2.9.0.jar:/home/travis/build/icyphy/ptII/lib/jackson-core-2.9.3.jar:/home/travis/build/icyphy/ptII/lib/jackson-databind-2.9.3.jar:/home/travis/build/icyphy/ptII/lib/netty-buffer-4.1.19.Final.jar:/home/travis/build/icyphy/ptII/lib/netty-codec-4.1.19.Final.jar:/home/travis/build/icyphy/ptII/lib/netty-codec-dns-4.1.19.Final.jar:/home/travis/build/icyphy/ptII/lib/netty-codec-http-4.1.19.Final.jar:/home/travis/build/icyphy/ptII/lib/netty-codec-http2-4.1.19.Final.jar:/home/travis/build/icyphy/ptII/lib/netty-common-4.1.19.Final.jar:/home/travis/build/icyphy/ptII/lib/netty-handler-4.1.19.Final.jar:/home/travis/build/icyphy/ptII/lib/netty-resolver-4.1.19.Final.jar:/home/travis/build/icyphy/ptII/lib/netty-resolver-dns-4.1.19.Final.jar:/home/travis/build/icyphy/ptII/lib/netty-transport-4.1.19.Final.jar:/home/travis/build/icyphy/ptII/lib/vertx-codegen-3.5.1.jar:/home/travis/build/icyphy/ptII/lib/vertx-core-3.5.2-SNAPSHOT.jar:/home/travis/build/icyphy/ptII/lib/vertx-hazelcast-3.5.1.jar:/home/travis/build/icyphy/ptII/lib/vertx-lang-js-3.5.1.jar:/home/travis/build/icyphy/ptII/lib/vertx-service-proxy-3.5.1.jar:/home/travis/build/icyphy/ptII/lib/vertx-web-3.5.1.jar:/home/travis/build/icyphy/ptII/lib/slf4j-api-1.7.13.jar:/home/travis/build/icyphy/ptII/lib/slf4j-simple-1.7.13.jar:/home/travis/build/icyphy/ptII/lib/webcam-capture-0.3.12.jar:/home/travis/build/icyphy/ptII/lib/bridj-0.7.0.jar:/home/travis/build/icyphy/ptII/lib/xbjlib-1.1.0.nrjavaserial.jar:/home/travis/build/icyphy/ptII/ptolemy/moml/test:/home/travis/build/icyphy/ptII/ant/lib/ant-launcher.jar:/home/travis/build/icyphy/ptII/ant/lib/ant.jar:/home/travis/build/icyphy/ptII/ant/lib/ant-junit.jar:/home/travis/build/icyphy/ptII/ant/lib/ant-junit4.jar" />
    <property name="ant.library.dir" value="/home/travis/build/icyphy/ptII/ant/lib" />
    <property name="os.arch" value="amd64" />
    <property name="env.CONTINUOUS_INTEGRATION" value="true" />
    <property name="env.TRAVIS_LANGUAGE" value="node_js" />
    <property name="env.TRAVIS_STACK_LANGUAGES" value="__sardonyx__ c c++ clojure cplusplus cpp default generic go groovy java node_js php pure_java python ruby scala" />
    <property name="test.name" value="ptolemy.actor.lib.test.junit.JUnitTclTest" />
    <property name="env.APT_KEY_DONT_WARN_ON_DANGEROUS_USAGE" value="1" />
    <property name="sun.java.launcher" value="SUN_STANDARD" />
    <property name="env.PYTHON_CONFIGURE_OPTS" value="--enable-unicode=ucs4 --with-wide-unicode --enable-shared --enable-ipv6 --enable-loadable-sqlite-extensions --with-computed-gotos" />
    <property name="ant.core.lib" value="/home/travis/build/icyphy/ptII/ant/lib/ant.jar" />
    <property name="java.vm.specification.vendor" value="Oracle Corporation" />
    <property name="env.BCVTB_HOME" value="/home/travis/build/icyphy/ptII/lbnl" />
    <property name="file.separator" value="/" />
    <property name="spotbugs.home" value="/home/travis/build/icyphy/ptII/vendors/spotbugs-3.1.1" />
    <property name="java.runtime.version" value="11.0.2+9" />
    <property name="env.ANSI_CLEAR" value="\033[0K" />
    <property name="javafx.verbose" value="true" />
    <property name="env.HAS_JOSH_K_SEAL_OF_APPROVAL" value="true" />
    <property name="env.XDG_RUNTIME_DIR" value="/run/user/2000" />
    <property name="env.TRAVIS_OSX_IMAGE" value="" />
    <property name="env.TRAVIS_JOB_ID" value="599957999" />
    <property name="env.TRAVIS_BRANCH" value="master" />
    <property name="user.country" value="US" />
    <property name="env.CERTI_HOME_TRAVIS" value="/home/travis/pthla/certi-tools" />
    <property name="env.SHELL" value="/bin/bash" />
    <property name="java.maxmemory.large" value="3200m" />
    <property name="model" value="" />
    <property name="env.CASHER_DIR" value="/home/travis/.casher" />
    <property name="env.NVM_CD_FLAGS" value="" />
    <property name="java.vendor.version" value="18.9" />
    <property name="jshint.executable" value="/home/travis/node_modules/jshint/bin/jshint" />
    <property name="env.JRUBY_OPTS" value=" --client -J-XX:+TieredCompilation -J-XX:TieredStopAtLevel=1 -J-Xss2m -Xcompile.invokedynamic=false" />
    <property name="java.vendor" value="Oracle Corporation" />
    <property name="env.TRAVIS_PRE_CHEF_BOOTSTRAP_TIME" value="2019-03-25T16:16:42" />
    <property name="env.TRAVIS_STACK_JOB_BOARD_REGISTER" value="/.job-board-register.yml" />
    <property name="env.ANSI_RED" value="\033[31;1m" />
    <property name="java.specification.version" value="11" />
    <property name="env.IRBRC" value="/home/travis/.rvm/rubies/ruby-2.5.3/.irbrc" />
    <property name="env.TRAVIS" value="true" />
    <property name="sun.arch.data.model" value="64" />
  </properties>
  <testcase classname="ptolemy.util.test.junit.TclTests" name="[0] /home/travis/build/icyphy/ptII/ptolemy/actor/lib/test/AbsoluteValue.tcl (RunTclFile)" time="0.601" />
  <testcase classname="ptolemy.util.test.junit.TclTests" name="[1] /home/travis/build/icyphy/ptII/ptolemy/actor/lib/test/AddSubtract.tcl (RunTclFile)" time="0.146" />
  <testcase classname="ptolemy.util.test.junit.TclTests" name="[2] /home/travis/build/icyphy/ptII/ptolemy/actor/lib/test/Average.tcl (RunTclFile)" time="0.06" />
  <testcase classname="ptolemy.util.test.junit.TclTests" name="[3] /home/travis/build/icyphy/ptII/ptolemy/actor/lib/test/Bernoulli.tcl (RunTclFile)" time="0.029" />
  <testcase classname="ptolemy.util.test.junit.TclTests" name="[4] /home/travis/build/icyphy/ptII/ptolemy/actor/lib/test/Clock.tcl (RunTclFile)" time="0.129" />
  <testcase classname="ptolemy.util.test.junit.TclTests" name="[5] /home/travis/build/icyphy/ptII/ptolemy/actor/lib/test/Commutator.tcl (RunTclFile)" time="0.16" />
  <testcase classname="ptolemy.util.test.junit.TclTests" name="[6] /home/travis/build/icyphy/ptII/ptolemy/actor/lib/test/Const.tcl (RunTclFile)" time="0.107" />
  <testcase classname="ptolemy.util.test.junit.TclTests" name="[7] /home/travis/build/icyphy/ptII/ptolemy/actor/lib/test/CurrentTime.tcl (RunTclFile)" time="0.033" />
  <testcase classname="ptolemy.util.test.junit.TclTests" name="[8] /home/travis/build/icyphy/ptII/ptolemy/actor/lib/test/DB.tcl (RunTclFile)" time="0.054" />
  <testcase classname="ptolemy.util.test.junit.TclTests" name="[9] /home/travis/build/icyphy/ptII/ptolemy/actor/lib/test/DiscreteRandomSource.tcl (RunTclFile)" time="0.087" />
  <testcase classname="ptolemy.util.test.junit.TclTests" name="[10] /home/travis/build/icyphy/ptII/ptolemy/actor/lib/test/Distributor.tcl (RunTclFile)" time="0.067" />
  <testcase classname="ptolemy.util.test.junit.TclTests" name="[11] /home/travis/build/icyphy/ptII/ptolemy/actor/lib/test/Exit.tcl (RunTclFile)" time="0.1" />
  <testcase classname="ptolemy.util.test.junit.TclTests" name="[12] /home/travis/build/icyphy/ptII/ptolemy/actor/lib/test/Expression.tcl (RunTclFile)" time="0.148" />
  <testcase classname="ptolemy.util.test.junit.TclTests" name="[13] /home/travis/build/icyphy/ptII/ptolemy/actor/lib/test/Gaussian.tcl (RunTclFile)" time="0.506" />
  <testcase classname="ptolemy.util.test.junit.TclTests" name="[14] /home/travis/build/icyphy/ptII/ptolemy/actor/lib/test/IIR.tcl (RunTclFile)" time="0.024" />
  <testcase classname="ptolemy.util.test.junit.TclTests" name="[15] /home/travis/build/icyphy/ptII/ptolemy/actor/lib/test/Interpolator.tcl (RunTclFile)" time="0.071" />
  <testcase classname="ptolemy.util.test.junit.TclTests" name="[16] /home/travis/build/icyphy/ptII/ptolemy/actor/lib/test/MathFunction.tcl (RunTclFile)" time="0.048" />
  <testcase classname="ptolemy.util.test.junit.TclTests" name="[17] /home/travis/build/icyphy/ptII/ptolemy/actor/lib/test/Maximum.tcl (RunTclFile)" time="0.024" />
  <testcase classname="ptolemy.util.test.junit.TclTests" name="[18] /home/travis/build/icyphy/ptII/ptolemy/actor/lib/test/Minimum.tcl (RunTclFile)" time="0.022" />
  <testcase classname="ptolemy.util.test.junit.TclTests" name="[19] /home/travis/build/icyphy/ptII/ptolemy/actor/lib/test/MultiplyDivide.tcl (RunTclFile)" time="0.044" />
  <testcase classname="ptolemy.util.test.junit.TclTests" name="[20] /home/travis/build/icyphy/ptII/ptolemy/actor/lib/test/OrderedMerge.tcl (RunTclFile)" time="0.107" />
  <testcase classname="ptolemy.util.test.junit.TclTests" name="[21] /home/travis/build/icyphy/ptII/ptolemy/actor/lib/test/Publisher.tcl (RunTclFile)" time="0.86" />
  <testcase classname="ptolemy.util.test.junit.TclTests" name="[22] /home/travis/build/icyphy/ptII/ptolemy/actor/lib/test/Pulse.tcl (RunTclFile)" time="0.045" />
  <testcase classname="ptolemy.util.test.junit.TclTests" name="[23] /home/travis/build/icyphy/ptII/ptolemy/actor/lib/test/Ramp.tcl (RunTclFile)" time="2.369" />
  <testcase classname="ptolemy.util.test.junit.TclTests" name="[24] /home/travis/build/icyphy/ptII/ptolemy/actor/lib/test/RampContinuous.tcl (RunTclFile)" time="0.018" />
  <testcase classname="ptolemy.util.test.junit.TclTests" name="[25] /home/travis/build/icyphy/ptII/ptolemy/actor/lib/test/RecordAssembler.tcl (RunTclFile)" time="0.019" />
  <testcase classname="ptolemy.util.test.junit.TclTests" name="[26] /home/travis/build/icyphy/ptII/ptolemy/actor/lib/test/RecordDisassembler.tcl (RunTclFile)" time="0.041" />
  <testcase classname="ptolemy.util.test.junit.TclTests" name="[27] /home/travis/build/icyphy/ptII/ptolemy/actor/lib/test/Scale.tcl (RunTclFile)" time="0.028" />
  <testcase classname="ptolemy.util.test.junit.TclTests" name="[28] /home/travis/build/icyphy/ptII/ptolemy/actor/lib/test/SequentialClock.tcl (RunTclFile)" time="0.024" />
  <testcase classname="ptolemy.util.test.junit.TclTests" name="[29] /home/travis/build/icyphy/ptII/ptolemy/actor/lib/test/SetVariable.tcl (RunTclFile)" time="0.037">
    <failure message="Number of failed tests is has increased. expected:&lt;0&gt; but was:&lt;1&gt;" type="junit.framework.AssertionFailedError">junit.framework.AssertionFailedError: Number of failed tests is has increased. expected:&lt;0&gt; but was:&lt;1&gt;
	at ptolemy.util.test.junit.TclTests.RunTclFile(TclTests.java:286)
	at jdk.internal.reflect.GeneratedMethodAccessor19.invoke(Unknown Source)
	at java.base/jdk.internal.reflect.DelegatingMethodAccessorImpl.invoke(DelegatingMethodAccessorImpl.java:43)
	at junitparams.internal.InvokeParameterisedMethod.evaluate(InvokeParameterisedMethod.java:102)
	at junitparams.internal.ParameterisedTestMethodRunner.runMethodInvoker(ParameterisedTestMethodRunner.java:47)
	at junitparams.internal.ParameterisedTestMethodRunner.runTestMethod(ParameterisedTestMethodRunner.java:41)
	at junitparams.internal.ParameterisedTestClassRunner.runParameterisedTest(ParameterisedTestClassRunner.java:143)
	at junitparams.JUnitParamsRunner.runChild(JUnitParamsRunner.java:237)
	at junitparams.JUnitParamsRunner.runChild(JUnitParamsRunner.java:215)
</failure>
  </testcase>
  <testcase classname="ptolemy.util.test.junit.TclTests" name="[30] /home/travis/build/icyphy/ptII/ptolemy/actor/lib/test/Sinewave.tcl (RunTclFile)" time="0.057" />
  <testcase classname="ptolemy.util.test.junit.TclTests" name="[31] /home/travis/build/icyphy/ptII/ptolemy/actor/lib/test/SubscriptionAggregator.tcl (RunTclFile)" time="2.401" />
  <testcase classname="ptolemy.util.test.junit.TclTests" name="[32] /home/travis/build/icyphy/ptII/ptolemy/actor/lib/test/Test.tcl (RunTclFile)" time="0.108" />
  <testcase classname="ptolemy.util.test.junit.TclTests" name="[33] /home/travis/build/icyphy/ptII/ptolemy/actor/lib/test/TestExceptionHandler.tcl (RunTclFile)" time="0.016" />
  <testcase classname="ptolemy.util.test.junit.TclTests" name="[34] /home/travis/build/icyphy/ptII/ptolemy/actor/lib/test/UnionDisassembler.tcl (RunTclFile)" time="0.068" />
  <testcase classname="ptolemy.util.test.junit.TclTests" name="[35] /home/travis/build/icyphy/ptII/ptolemy/actor/lib/test/VariableClock.tcl (RunTclFile)" time="0.035" />
  <testcase classname="ptolemy.util.test.junit.AutoKnownFailedTests" name="[0] /home/travis/build/icyphy/ptII/ptolemy/actor/lib/test/auto/knownFailedTests/PublisherPortToplevelSubscriber.xml (RunModel)" time="0.027" />
  <testcase classname="ptolemy.util.test.junit.AutoKnownFailedTests" name="[1] /home/travis/build/icyphy/ptII/ptolemy/actor/lib/test/auto/knownFailedTests/PublisherSubscriberPortToplevel.xml (RunModel)" time="0.021" />
  <testcase classname="ptolemy.util.test.junit.AutoKnownFailedTests" name="[2] /home/travis/build/icyphy/ptII/ptolemy/actor/lib/test/auto/knownFailedTests/PublisherSubscriptionAggregatorPort.xml (RunModel)" time="0.027" />
  <testcase classname="ptolemy.util.test.junit.AutoKnownFailedTests" name="[3] /home/travis/build/icyphy/ptII/ptolemy/actor/lib/test/auto/knownFailedTests/sizedarray3.xml (RunModel)" time="0.028" />
  <testcase classname="ptolemy.util.test.junit.AutoNameArchTests" name="[0] ThereAreNoAutoArchTests (RunModel)" time="0.005" />
  <testcase classname="ptolemy.util.test.junit.AutoTests" name="[0] /home/travis/build/icyphy/ptII/ptolemy/actor/lib/test/auto/AbsoluteValue.xml (RunModel)" time="0.09" />
  <testcase classname="ptolemy.util.test.junit.AutoTests" name="[1] /home/travis/build/icyphy/ptII/ptolemy/actor/lib/test/auto/AbsoluteValue2.xml (RunModel)" time="0.079" />
  <testcase classname="ptolemy.util.test.junit.AutoTests" name="[2] /home/travis/build/icyphy/ptII/ptolemy/actor/lib/test/auto/Accumulator.xml (RunModel)" time="0.036" />
  <testcase classname="ptolemy.util.test.junit.AutoTests" name="[3] /home/travis/build/icyphy/ptII/ptolemy/actor/lib/test/auto/Accumulator2.xml (RunModel)" time="0.017" />
  <testcase classname="ptolemy.util.test.junit.AutoTests" name="[4] /home/travis/build/icyphy/ptII/ptolemy/actor/lib/test/auto/Accumulator3.xml (RunModel)" time="0.012" />
  <testcase classname="ptolemy.util.test.junit.AutoTests" name="[5] /home/travis/build/icyphy/ptII/ptolemy/actor/lib/test/auto/ArrayAppend.xml (RunModel)" time="0.027" />
  <testcase classname="ptolemy.util.test.junit.AutoTests" name="[6] /home/travis/build/icyphy/ptII/ptolemy/actor/lib/test/auto/ArrayAppend2.xml (RunModel)" time="0.58" />
  <testcase classname="ptolemy.util.test.junit.AutoTests" name="[7] /home/travis/build/icyphy/ptII/ptolemy/actor/lib/test/auto/ArrayAppend3.xml (RunModel)" time="0.044" />
  <testcase classname="ptolemy.util.test.junit.AutoTests" name="[8] /home/travis/build/icyphy/ptII/ptolemy/actor/lib/test/auto/ArrayAppend4.xml (RunModel)" time="0.028" />
  <testcase classname="ptolemy.util.test.junit.AutoTests" name="[9] /home/travis/build/icyphy/ptII/ptolemy/actor/lib/test/auto/ArrayAppend5.xml (RunModel)" time="0.024" />
  <testcase classname="ptolemy.util.test.junit.AutoTests" name="[10] /home/travis/build/icyphy/ptII/ptolemy/actor/lib/test/auto/ArrayAppend6.xml (RunModel)" time="0.026" />
  <testcase classname="ptolemy.util.test.junit.AutoTests" name="[11] /home/travis/build/icyphy/ptII/ptolemy/actor/lib/test/auto/ArrayAppendPerformanceTest.xml (RunModel)" time="0.057" />
  <testcase classname="ptolemy.util.test.junit.AutoTests" name="[12] /home/travis/build/icyphy/ptII/ptolemy/actor/lib/test/auto/ArrayAppendWithEmptyInput.xml (RunModel)" time="0.04" />
  <testcase classname="ptolemy.util.test.junit.AutoTests" name="[13] /home/travis/build/icyphy/ptII/ptolemy/actor/lib/test/auto/ArrayAverage.xml (RunModel)" time="0.074" />
  <testcase classname="ptolemy.util.test.junit.AutoTests" name="[14] /home/travis/build/icyphy/ptII/ptolemy/actor/lib/test/auto/ArrayContains.xml (RunModel)" time="0.033" />
  <testcase classname="ptolemy.util.test.junit.AutoTests" name="[15] /home/travis/build/icyphy/ptII/ptolemy/actor/lib/test/auto/ArrayElement.xml (RunModel)" time="0.042" />
  <testcase classname="ptolemy.util.test.junit.AutoTests" name="[16] /home/travis/build/icyphy/ptII/ptolemy/actor/lib/test/auto/ArrayElementAsMatrix.xml (RunModel)" time="0.066" />
  <testcase classname="ptolemy.util.test.junit.AutoTests" name="[17] /home/travis/build/icyphy/ptII/ptolemy/actor/lib/test/auto/ArrayElementI.xml (RunModel)" time="0.043" />
  <testcase classname="ptolemy.util.test.junit.AutoTests" name="[18] /home/travis/build/icyphy/ptII/ptolemy/actor/lib/test/auto/ArrayExtract.xml (RunModel)" time="0.038" />
  <testcase classname="ptolemy.util.test.junit.AutoTests" name="[19] /home/travis/build/icyphy/ptII/ptolemy/actor/lib/test/auto/ArrayExtract2.xml (RunModel)" time="0.014" />
  <testcase classname="ptolemy.util.test.junit.AutoTests" name="[20] /home/travis/build/icyphy/ptII/ptolemy/actor/lib/test/auto/ArrayLength.xml (RunModel)" time="0.03" />
  <testcase classname="ptolemy.util.test.junit.AutoTests" name="[21] /home/travis/build/icyphy/ptII/ptolemy/actor/lib/test/auto/ArrayLevelCrossing.xml (RunModel)" time="0.034" />
  <testcase classname="ptolemy.util.test.junit.AutoTests" name="[22] /home/travis/build/icyphy/ptII/ptolemy/actor/lib/test/auto/ArrayLevelCrossing2.xml (RunModel)" time="0.026" />
  <testcase classname="ptolemy.util.test.junit.AutoTests" name="[23] /home/travis/build/icyphy/ptII/ptolemy/actor/lib/test/auto/ArrayPeakSearch.xml (RunModel)" time="0.045" />
  <testcase classname="ptolemy.util.test.junit.AutoTests" name="[24] /home/travis/build/icyphy/ptII/ptolemy/actor/lib/test/auto/ArrayPeakSearch2.xml (RunModel)" time="0.112" />
  <testcase classname="ptolemy.util.test.junit.AutoTests" name="[25] /home/travis/build/icyphy/ptII/ptolemy/actor/lib/test/auto/ArrayPeakSearch3.xml (RunModel)" time="0.041" />
  <testcase classname="ptolemy.util.test.junit.AutoTests" name="[26] /home/travis/build/icyphy/ptII/ptolemy/actor/lib/test/auto/ArrayRemoveElement.xml (RunModel)" time="0.032" />
  <testcase classname="ptolemy.util.test.junit.AutoTests" name="[27] /home/travis/build/icyphy/ptII/ptolemy/actor/lib/test/auto/ArraySort.xml (RunModel)" time="0.033" />
  <testcase classname="ptolemy.util.test.junit.AutoTests" name="[28] /home/travis/build/icyphy/ptII/ptolemy/actor/lib/test/auto/ArraySum.xml (RunModel)" time="0.02" />
  <testcase classname="ptolemy.util.test.junit.AutoTests" name="[29] /home/travis/build/icyphy/ptII/ptolemy/actor/lib/test/auto/ArrayToElements.xml (RunModel)" time="0.025" />
  <testcase classname="ptolemy.util.test.junit.AutoTests" name="[30] /home/travis/build/icyphy/ptII/ptolemy/actor/lib/test/auto/ArrayToMatrix.xml (RunModel)" time="0.068" />
  <testcase classname="ptolemy.util.test.junit.AutoTests" name="[31] /home/travis/build/icyphy/ptII/ptolemy/actor/lib/test/auto/ArrayUpdate1.xml (RunModel)" time="0.016" />
  <testcase classname="ptolemy.util.test.junit.AutoTests" name="[32] /home/travis/build/icyphy/ptII/ptolemy/actor/lib/test/auto/ArrayUpdate2.xml (RunModel)" time="0.024" />
  <testcase classname="ptolemy.util.test.junit.AutoTests" name="[33] /home/travis/build/icyphy/ptII/ptolemy/actor/lib/test/auto/ArrayUpdate3.xml (RunModel)" time="0.015" />
  <testcase classname="ptolemy.util.test.junit.AutoTests" name="[34] /home/travis/build/icyphy/ptII/ptolemy/actor/lib/test/auto/Assert1.xml (RunModel)" time="0.02" />
  <testcase classname="ptolemy.util.test.junit.AutoTests" name="[35] /home/travis/build/icyphy/ptII/ptolemy/actor/lib/test/auto/Assert2.xml (RunModel)" time="0.018" />
  <testcase classname="ptolemy.util.test.junit.AutoTests" name="[36] /home/travis/build/icyphy/ptII/ptolemy/actor/lib/test/auto/BooleanMultiplexor.xml (RunModel)" time="0.017" />
  <testcase classname="ptolemy.util.test.junit.AutoTests" name="[37] /home/travis/build/icyphy/ptII/ptolemy/actor/lib/test/auto/BooleanMultiplexor2.xml (RunModel)" time="0.03" />
  <testcase classname="ptolemy.util.test.junit.AutoTests" name="[38] /home/travis/build/icyphy/ptII/ptolemy/actor/lib/test/auto/BooleanMultiplexor3.xml (RunModel)" time="0.027" />
  <testcase classname="ptolemy.util.test.junit.AutoTests" name="[39] /home/travis/build/icyphy/ptII/ptolemy/actor/lib/test/auto/BooleanSelect.xml (RunModel)" time="0.025" />
  <testcase classname="ptolemy.util.test.junit.AutoTests" name="[40] /home/travis/build/icyphy/ptII/ptolemy/actor/lib/test/auto/BooleanSelect2.xml (RunModel)" time="0.016" />
  <testcase classname="ptolemy.util.test.junit.AutoTests" name="[41] /home/travis/build/icyphy/ptII/ptolemy/actor/lib/test/auto/BooleanSwitch.xml (RunModel)" time="0.017" />
  <testcase classname="ptolemy.util.test.junit.AutoTests" name="[42] /home/travis/build/icyphy/ptII/ptolemy/actor/lib/test/auto/BooleanSwitch2.xml (RunModel)" time="0.013" />
  <testcase classname="ptolemy.util.test.junit.AutoTests" name="[43] /home/travis/build/icyphy/ptII/ptolemy/actor/lib/test/auto/BooleanSwitchCloningBugWithClassRelationGroup.xml (RunModel)" time="0.024" />
  <testcase classname="ptolemy.util.test.junit.AutoTests" name="[44] /home/travis/build/icyphy/ptII/ptolemy/actor/lib/test/auto/BusActors.xml (RunModel)" time="0.029" />
  <testcase classname="ptolemy.util.test.junit.AutoTests" name="[45] /home/travis/build/icyphy/ptII/ptolemy/actor/lib/test/auto/ClassWrapper.xml (RunModel)" time="0.026" />
  <testcase classname="ptolemy.util.test.junit.AutoTests" name="[46] /home/travis/build/icyphy/ptII/ptolemy/actor/lib/test/auto/Clock.xml (RunModel)" time="0.012" />
  <testcase classname="ptolemy.util.test.junit.AutoTests" name="[47] /home/travis/build/icyphy/ptII/ptolemy/actor/lib/test/auto/Clock10.xml (RunModel)" time="0.017" />
  <testcase classname="ptolemy.util.test.junit.AutoTests" name="[48] /home/travis/build/icyphy/ptII/ptolemy/actor/lib/test/auto/Clock11.xml (RunModel)" time="0.022" />
  <testcase classname="ptolemy.util.test.junit.AutoTests" name="[49] /home/travis/build/icyphy/ptII/ptolemy/actor/lib/test/auto/Clock12.xml (RunModel)" time="0.019" />
  <testcase classname="ptolemy.util.test.junit.AutoTests" name="[50] /home/travis/build/icyphy/ptII/ptolemy/actor/lib/test/auto/Clock13.xml (RunModel)" time="0.019" />
  <testcase classname="ptolemy.util.test.junit.AutoTests" name="[51] /home/travis/build/icyphy/ptII/ptolemy/actor/lib/test/auto/Clock14.xml (RunModel)" time="0.027" />
  <testcase classname="ptolemy.util.test.junit.AutoTests" name="[52] /home/travis/build/icyphy/ptII/ptolemy/actor/lib/test/auto/Clock15.xml (RunModel)" time="0.028" />
  <testcase classname="ptolemy.util.test.junit.AutoTests" name="[53] /home/travis/build/icyphy/ptII/ptolemy/actor/lib/test/auto/Clock16.xml (RunModel)" time="0.13" />
  <testcase classname="ptolemy.util.test.junit.AutoTests" name="[54] /home/travis/build/icyphy/ptII/ptolemy/actor/lib/test/auto/Clock17.xml (RunModel)" time="0.057" />
  <testcase classname="ptolemy.util.test.junit.AutoTests" name="[55] /home/travis/build/icyphy/ptII/ptolemy/actor/lib/test/auto/Clock18.xml (RunModel)" time="0.055" />
  <testcase classname="ptolemy.util.test.junit.AutoTests" name="[56] /home/travis/build/icyphy/ptII/ptolemy/actor/lib/test/auto/Clock19.xml (RunModel)" time="0.048" />
  <testcase classname="ptolemy.util.test.junit.AutoTests" name="[57] /home/travis/build/icyphy/ptII/ptolemy/actor/lib/test/auto/Clock2.xml (RunModel)" time="0.015" />
  <testcase classname="ptolemy.util.test.junit.AutoTests" name="[58] /home/travis/build/icyphy/ptII/ptolemy/actor/lib/test/auto/Clock20.xml (RunModel)" time="0.022" />
  <testcase classname="ptolemy.util.test.junit.AutoTests" name="[59] /home/travis/build/icyphy/ptII/ptolemy/actor/lib/test/auto/Clock21.xml (RunModel)" time="0.013" />
  <testcase classname="ptolemy.util.test.junit.AutoTests" name="[60] /home/travis/build/icyphy/ptII/ptolemy/actor/lib/test/auto/Clock22.xml (RunModel)" time="0.021" />
  <testcase classname="ptolemy.util.test.junit.AutoTests" name="[61] /home/travis/build/icyphy/ptII/ptolemy/actor/lib/test/auto/Clock23.xml (RunModel)" time="0.023" />
  <testcase classname="ptolemy.util.test.junit.AutoTests" name="[62] /home/travis/build/icyphy/ptII/ptolemy/actor/lib/test/auto/Clock24.xml (RunModel)" time="0.017" />
  <testcase classname="ptolemy.util.test.junit.AutoTests" name="[63] /home/travis/build/icyphy/ptII/ptolemy/actor/lib/test/auto/Clock4.xml (RunModel)" time="0.012" />
  <testcase classname="ptolemy.util.test.junit.AutoTests" name="[64] /home/travis/build/icyphy/ptII/ptolemy/actor/lib/test/auto/Clock5.xml (RunModel)" time="0.01" />
  <testcase classname="ptolemy.util.test.junit.AutoTests" name="[65] /home/travis/build/icyphy/ptII/ptolemy/actor/lib/test/auto/Clock6.xml (RunModel)" time="0.016" />
  <testcase classname="ptolemy.util.test.junit.AutoTests" name="[66] /home/travis/build/icyphy/ptII/ptolemy/actor/lib/test/auto/Clock7.xml (RunModel)" time="0.011" />
  <testcase classname="ptolemy.util.test.junit.AutoTests" name="[67] /home/travis/build/icyphy/ptII/ptolemy/actor/lib/test/auto/Clock8.xml (RunModel)" time="0.014" />
  <testcase classname="ptolemy.util.test.junit.AutoTests" name="[68] /home/travis/build/icyphy/ptII/ptolemy/actor/lib/test/auto/Clock9.xml (RunModel)" time="0.013" />
  <testcase classname="ptolemy.util.test.junit.AutoTests" name="[69] /home/travis/build/icyphy/ptII/ptolemy/actor/lib/test/auto/CommDistDiscard.xml (RunModel)" time="0.027" />
  <testcase classname="ptolemy.util.test.junit.AutoTests" name="[70] /home/travis/build/icyphy/ptII/ptolemy/actor/lib/test/auto/Commutator.xml (RunModel)" time="0.012" />
  <testcase classname="ptolemy.util.test.junit.AutoTests" name="[71] /home/travis/build/icyphy/ptII/ptolemy/actor/lib/test/auto/Commutator2.xml (RunModel)" time="0.011" />
  <testcase classname="ptolemy.util.test.junit.AutoTests" name="[72] /home/travis/build/icyphy/ptII/ptolemy/actor/lib/test/auto/Commutator3.xml (RunModel)" time="0.012" />
  <testcase classname="ptolemy.util.test.junit.AutoTests" name="[73] /home/travis/build/icyphy/ptII/ptolemy/actor/lib/test/auto/Compare.xml (RunModel)" time="0.02" />
  <testcase classname="ptolemy.util.test.junit.AutoTests" name="[74] /home/travis/build/icyphy/ptII/ptolemy/actor/lib/test/auto/CompareDE.xml (RunModel)" time="0.018" />
  <testcase classname="ptolemy.util.test.junit.AutoTests" name="[75] /home/travis/build/icyphy/ptII/ptolemy/actor/lib/test/auto/ComplexDivide.xml (RunModel)" time="0.012" />
  <testcase classname="ptolemy.util.test.junit.AutoTests" name="[76] /home/travis/build/icyphy/ptII/ptolemy/actor/lib/test/auto/ComputeHistogram.xml (RunModel)" time="0.075" />
  <testcase classname="ptolemy.util.test.junit.AutoTests" name="[77] /home/travis/build/icyphy/ptII/ptolemy/actor/lib/test/auto/ConfigurationSelect.xml (RunModel)" time="0.023" />
  <testcase classname="ptolemy.util.test.junit.AutoTests" name="[78] /home/travis/build/icyphy/ptII/ptolemy/actor/lib/test/auto/ConfigurationSelect2.xml (RunModel)" time="0.016" />
  <testcase classname="ptolemy.util.test.junit.AutoTests" name="[79] /home/travis/build/icyphy/ptII/ptolemy/actor/lib/test/auto/ConfigurationSwitch.xml (RunModel)" time="0.023" />
  <testcase classname="ptolemy.util.test.junit.AutoTests" name="[80] /home/travis/build/icyphy/ptII/ptolemy/actor/lib/test/auto/ConfigurationSwitch2.xml (RunModel)" time="0.059" />
  <testcase classname="ptolemy.util.test.junit.AutoTests" name="[81] /home/travis/build/icyphy/ptII/ptolemy/actor/lib/test/auto/ConfigurationSwitchCloningBugWithClassRelationGroup.xml (RunModel)" time="0.022" />
  <testcase classname="ptolemy.util.test.junit.AutoTests" name="[82] /home/travis/build/icyphy/ptII/ptolemy/actor/lib/test/auto/ConfigurationSwitchSelectSDF.xml (RunModel)" time="0.017" />
  <testcase classname="ptolemy.util.test.junit.AutoTests" name="[83] /home/travis/build/icyphy/ptII/ptolemy/actor/lib/test/auto/ConfigurationSwitchSelectSDF2.xml (RunModel)" time="0.018" />
  <testcase classname="ptolemy.util.test.junit.AutoTests" name="[84] /home/travis/build/icyphy/ptII/ptolemy/actor/lib/test/auto/Const.xml (RunModel)" time="0.008" />
  <testcase classname="ptolemy.util.test.junit.AutoTests" name="[85] /home/travis/build/icyphy/ptII/ptolemy/actor/lib/test/auto/Const2.xml (RunModel)" time="0.013" />
  <testcase classname="ptolemy.util.test.junit.AutoTests" name="[86] /home/travis/build/icyphy/ptII/ptolemy/actor/lib/test/auto/Const3.xml (RunModel)" time="0.011" />
  <testcase classname="ptolemy.util.test.junit.AutoTests" name="[87] /home/travis/build/icyphy/ptII/ptolemy/actor/lib/test/auto/ConstantPublisherPort1.xml (RunModel)" time="0.03" />
  <testcase classname="ptolemy.util.test.junit.AutoTests" name="[88] /home/travis/build/icyphy/ptII/ptolemy/actor/lib/test/auto/ConstantPublisherPort2.xml (RunModel)" time="0.025" />
  <testcase classname="ptolemy.util.test.junit.AutoTests" name="[89] /home/travis/build/icyphy/ptII/ptolemy/actor/lib/test/auto/ConstantPublisherPort3.xml (RunModel)" time="0.023" />
  <testcase classname="ptolemy.util.test.junit.AutoTests" name="[90] /home/travis/build/icyphy/ptII/ptolemy/actor/lib/test/auto/ConstantPublisherPort4.xml (RunModel)" time="0.019" />
  <testcase classname="ptolemy.util.test.junit.AutoTests" name="[91] /home/travis/build/icyphy/ptII/ptolemy/actor/lib/test/auto/ConstantPublisherPort5.xml (RunModel)" time="0.054" />
  <testcase classname="ptolemy.util.test.junit.AutoTests" name="[92] /home/travis/build/icyphy/ptII/ptolemy/actor/lib/test/auto/ConstantPublisherPort6.xml (RunModel)" time="0.041" />
  <testcase classname="ptolemy.util.test.junit.AutoTests" name="[93] /home/travis/build/icyphy/ptII/ptolemy/actor/lib/test/auto/ConstantPublisherPort7.xml (RunModel)" time="0.041" />
  <testcase classname="ptolemy.util.test.junit.AutoTests" name="[94] /home/travis/build/icyphy/ptII/ptolemy/actor/lib/test/auto/ConstraintMonitor1.xml (RunModel)" time="0.047" />
  <testcase classname="ptolemy.util.test.junit.AutoTests" name="[95] /home/travis/build/icyphy/ptII/ptolemy/actor/lib/test/auto/ConstraintMonitor2.xml (RunModel)" time="0.032" />
  <testcase classname="ptolemy.util.test.junit.AutoTests" name="[96] /home/travis/build/icyphy/ptII/ptolemy/actor/lib/test/auto/ConstraintMonitor3.xml (RunModel)" time="0.024" />
  <testcase classname="ptolemy.util.test.junit.AutoTests" name="[97] /home/travis/build/icyphy/ptII/ptolemy/actor/lib/test/auto/ConstraintMonitor4.xml (RunModel)" time="0.016" />
  <testcase classname="ptolemy.util.test.junit.AutoTests" name="[98] /home/travis/build/icyphy/ptII/ptolemy/actor/lib/test/auto/ConstraintMonitor5.xml (RunModel)" time="0.019" />
  <testcase classname="ptolemy.util.test.junit.AutoTests" name="[99] /home/travis/build/icyphy/ptII/ptolemy/actor/lib/test/auto/ConstraintMonitor6.xml (RunModel)" time="0.021" />
  <testcase classname="ptolemy.util.test.junit.AutoTests" name="[100] /home/travis/build/icyphy/ptII/ptolemy/actor/lib/test/auto/ConstraintMonitor7.xml (RunModel)" time="0.02" />
  <testcase classname="ptolemy.util.test.junit.AutoTests" name="[101] /home/travis/build/icyphy/ptII/ptolemy/actor/lib/test/auto/ConstraintMonitor8.xml (RunModel)" time="0.023" />
  <testcase classname="ptolemy.util.test.junit.AutoTests" name="[102] /home/travis/build/icyphy/ptII/ptolemy/actor/lib/test/auto/Counter.xml (RunModel)" time="0.019" />
  <testcase classname="ptolemy.util.test.junit.AutoTests" name="[103] /home/travis/build/icyphy/ptII/ptolemy/actor/lib/test/auto/CurrentTimeSDF.xml (RunModel)" time="0.01" />
  <testcase classname="ptolemy.util.test.junit.AutoTests" name="[104] /home/travis/build/icyphy/ptII/ptolemy/actor/lib/test/auto/DB.xml (RunModel)" time="0.015" />
  <testcase classname="ptolemy.util.test.junit.AutoTests" name="[105] /home/travis/build/icyphy/ptII/ptolemy/actor/lib/test/auto/DBDE.xml (RunModel)" time="0.017" />
  <testcase classname="ptolemy.util.test.junit.AutoTests" name="[106] /home/travis/build/icyphy/ptII/ptolemy/actor/lib/test/auto/DateConstructor.xml (RunModel)" time="0.078" />
  <testcase classname="ptolemy.util.test.junit.AutoTests" name="[107] /home/travis/build/icyphy/ptII/ptolemy/actor/lib/test/auto/DelayTime.xml (RunModel)" time="0.019" />
  <testcase classname="ptolemy.util.test.junit.AutoTests" name="[108] /home/travis/build/icyphy/ptII/ptolemy/actor/lib/test/auto/Dictionary1.xml (RunModel)" time="0.025" />
  <testcase classname="ptolemy.util.test.junit.AutoTests" name="[109] /home/travis/build/icyphy/ptII/ptolemy/actor/lib/test/auto/Dictionary2.xml (RunModel)" time="0.021" />
  <testcase classname="ptolemy.util.test.junit.AutoTests" name="[110] /home/travis/build/icyphy/ptII/ptolemy/actor/lib/test/auto/Dictionary3.xml (RunModel)" time="0.015" />
  <testcase classname="ptolemy.util.test.junit.AutoTests" name="[111] /home/travis/build/icyphy/ptII/ptolemy/actor/lib/test/auto/Dictionary4.xml (RunModel)" time="0.02" />
  <testcase classname="ptolemy.util.test.junit.AutoTests" name="[112] /home/travis/build/icyphy/ptII/ptolemy/actor/lib/test/auto/Differential.xml (RunModel)" time="0.024" />
  <testcase classname="ptolemy.util.test.junit.AutoTests" name="[113] /home/travis/build/icyphy/ptII/ptolemy/actor/lib/test/auto/Director.xml (RunModel)" time="0.013" />
  <testcase classname="ptolemy.util.test.junit.AutoTests" name="[114] /home/travis/build/icyphy/ptII/ptolemy/actor/lib/test/auto/DiscreteClock.xml (RunModel)" time="0.01" />
  <testcase classname="ptolemy.util.test.junit.AutoTests" name="[115] /home/travis/build/icyphy/ptII/ptolemy/actor/lib/test/auto/DiscreteClock10.xml (RunModel)" time="0.017" />
  <testcase classname="ptolemy.util.test.junit.AutoTests" name="[116] /home/travis/build/icyphy/ptII/ptolemy/actor/lib/test/auto/DiscreteClock11.xml (RunModel)" time="0.015" />
  <testcase classname="ptolemy.util.test.junit.AutoTests" name="[117] /home/travis/build/icyphy/ptII/ptolemy/actor/lib/test/auto/DiscreteClock12.xml (RunModel)" time="0.017" />
  <testcase classname="ptolemy.util.test.junit.AutoTests" name="[118] /home/travis/build/icyphy/ptII/ptolemy/actor/lib/test/auto/DiscreteClock13.xml (RunModel)" time="0.017" />
  <testcase classname="ptolemy.util.test.junit.AutoTests" name="[119] /home/travis/build/icyphy/ptII/ptolemy/actor/lib/test/auto/DiscreteClock14.xml (RunModel)" time="0.015" />
  <testcase classname="ptolemy.util.test.junit.AutoTests" name="[120] /home/travis/build/icyphy/ptII/ptolemy/actor/lib/test/auto/DiscreteClock15.xml (RunModel)" time="0.015" />
  <testcase classname="ptolemy.util.test.junit.AutoTests" name="[121] /home/travis/build/icyphy/ptII/ptolemy/actor/lib/test/auto/DiscreteClock16.xml (RunModel)" time="0.045" />
  <testcase classname="ptolemy.util.test.junit.AutoTests" name="[122] /home/travis/build/icyphy/ptII/ptolemy/actor/lib/test/auto/DiscreteClock17.xml (RunModel)" time="0.042" />
  <testcase classname="ptolemy.util.test.junit.AutoTests" name="[123] /home/travis/build/icyphy/ptII/ptolemy/actor/lib/test/auto/DiscreteClock18.xml (RunModel)" time="0.046" />
  <testcase classname="ptolemy.util.test.junit.AutoTests" name="[124] /home/travis/build/icyphy/ptII/ptolemy/actor/lib/test/auto/DiscreteClock19.xml (RunModel)" time="0.05" />
  <testcase classname="ptolemy.util.test.junit.AutoTests" name="[125] /home/travis/build/icyphy/ptII/ptolemy/actor/lib/test/auto/DiscreteClock2.xml (RunModel)" time="0.01" />
  <testcase classname="ptolemy.util.test.junit.AutoTests" name="[126] /home/travis/build/icyphy/ptII/ptolemy/actor/lib/test/auto/DiscreteClock20.xml (RunModel)" time="0.021" />
  <testcase classname="ptolemy.util.test.junit.AutoTests" name="[127] /home/travis/build/icyphy/ptII/ptolemy/actor/lib/test/auto/DiscreteClock21.xml (RunModel)" time="0.02" />
  <testcase classname="ptolemy.util.test.junit.AutoTests" name="[128] /home/travis/build/icyphy/ptII/ptolemy/actor/lib/test/auto/DiscreteClock22.xml (RunModel)" time="0.016" />
  <testcase classname="ptolemy.util.test.junit.AutoTests" name="[129] /home/travis/build/icyphy/ptII/ptolemy/actor/lib/test/auto/DiscreteClock23.xml (RunModel)" time="0.022" />
  <testcase classname="ptolemy.util.test.junit.AutoTests" name="[130] /home/travis/build/icyphy/ptII/ptolemy/actor/lib/test/auto/DiscreteClock24.xml (RunModel)" time="0.014" />
  <testcase classname="ptolemy.util.test.junit.AutoTests" name="[131] /home/travis/build/icyphy/ptII/ptolemy/actor/lib/test/auto/DiscreteClock4.xml (RunModel)" time="0.014" />
  <testcase classname="ptolemy.util.test.junit.AutoTests" name="[132] /home/travis/build/icyphy/ptII/ptolemy/actor/lib/test/auto/DiscreteClock5.xml (RunModel)" time="0.01" />
  <testcase classname="ptolemy.util.test.junit.AutoTests" name="[133] /home/travis/build/icyphy/ptII/ptolemy/actor/lib/test/auto/DiscreteClock6.xml (RunModel)" time="0.012" />
  <testcase classname="ptolemy.util.test.junit.AutoTests" name="[134] /home/travis/build/icyphy/ptII/ptolemy/actor/lib/test/auto/DiscreteClock7.xml (RunModel)" time="0.01" />
  <testcase classname="ptolemy.util.test.junit.AutoTests" name="[135] /home/travis/build/icyphy/ptII/ptolemy/actor/lib/test/auto/DiscreteClock8.xml (RunModel)" time="0.029" />
  <testcase classname="ptolemy.util.test.junit.AutoTests" name="[136] /home/travis/build/icyphy/ptII/ptolemy/actor/lib/test/auto/DiscreteClock9.xml (RunModel)" time="0.021" />
  <testcase classname="ptolemy.util.test.junit.AutoTests" name="[137] /home/travis/build/icyphy/ptII/ptolemy/actor/lib/test/auto/DisplayArray.xml (RunModel)" time="0.01" />
  <testcase classname="ptolemy.util.test.junit.AutoTests" name="[138] /home/travis/build/icyphy/ptII/ptolemy/actor/lib/test/auto/Distributor.xml (RunModel)" time="0.01" />
  <testcase classname="ptolemy.util.test.junit.AutoTests" name="[139] /home/travis/build/icyphy/ptII/ptolemy/actor/lib/test/auto/Distributor2.xml (RunModel)" time="0.013" />
  <testcase classname="ptolemy.util.test.junit.AutoTests" name="[140] /home/travis/build/icyphy/ptII/ptolemy/actor/lib/test/auto/DownSample.xml (RunModel)" time="0.031" />
  <testcase classname="ptolemy.util.test.junit.AutoTests" name="[141] /home/travis/build/icyphy/ptII/ptolemy/actor/lib/test/auto/ElectronicUnitBase1.xml (RunModel)" time="0.053" />
  <testcase classname="ptolemy.util.test.junit.AutoTests" name="[142] /home/travis/build/icyphy/ptII/ptolemy/actor/lib/test/auto/ElementsToArray.xml (RunModel)" time="0.01" />
  <testcase classname="ptolemy.util.test.junit.AutoTests" name="[143] /home/travis/build/icyphy/ptII/ptolemy/actor/lib/test/auto/Equals.xml (RunModel)" time="0.013" />
  <testcase classname="ptolemy.util.test.junit.AutoTests" name="[144] /home/travis/build/icyphy/ptII/ptolemy/actor/lib/test/auto/Exec.xml (RunModel)" time="0.037" />
  <testcase classname="ptolemy.util.test.junit.AutoTests" name="[145] /home/travis/build/icyphy/ptII/ptolemy/actor/lib/test/auto/ExecEnvironment.xml (RunModel)" time="0.038" />
  <testcase classname="ptolemy.util.test.junit.AutoTests" name="[146] /home/travis/build/icyphy/ptII/ptolemy/actor/lib/test/auto/ExecNonZeroReturnOutput.xml (RunModel)" time="0.224" />
  <testcase classname="ptolemy.util.test.junit.AutoTests" name="[147] /home/travis/build/icyphy/ptII/ptolemy/actor/lib/test/auto/ExecRunDemos.xml (RunModel)" time="11.288" />
  <testcase classname="ptolemy.util.test.junit.AutoTests" name="[148] /home/travis/build/icyphy/ptII/ptolemy/actor/lib/test/auto/ExecStop.xml (RunModel)" time="5.036" />
  <testcase classname="ptolemy.util.test.junit.AutoTests" name="[149] /home/travis/build/icyphy/ptII/ptolemy/actor/lib/test/auto/ExecutionTimeSDF.xml (RunModel)" time="6.082">
    <error type="java.lang.reflect.InvocationTargetException">java.lang.reflect.InvocationTargetException
	at jdk.internal.reflect.GeneratedConstructorAccessor36.newInstance(Unknown Source)
	at java.base/jdk.internal.reflect.DelegatingConstructorAccessorImpl.newInstance(DelegatingConstructorAccessorImpl.java:45)
	at java.base/java.lang.reflect.Constructor.newInstance(Constructor.java:490)
	at ptolemy.util.test.junit.AutoTests.RunModel(AutoTests.java:193)
	at jdk.internal.reflect.GeneratedMethodAccessor43.invoke(Unknown Source)
	at java.base/jdk.internal.reflect.DelegatingMethodAccessorImpl.invoke(DelegatingMethodAccessorImpl.java:43)
	at junitparams.internal.InvokeParameterisedMethod.evaluate(InvokeParameterisedMethod.java:102)
Caused by: ptolemy.kernel.util.IllegalActionException: Test fails in iteration 0.
Value was: 6002L. Should have been: 6000L
  in .ExecutionTimeSDF.NonStrictTest
	at ptolemy.actor.lib.NonStrictTest.postfire(NonStrictTest.java:328)
	at ptolemy.actor.AtomicActor.iterate(AtomicActor.java:518)
	at ptolemy.actor.sched.StaticSchedulingDirector.fire(StaticSchedulingDirector.java:216)
	at ptolemy.domains.sdf.kernel.SDFDirector.fire(SDFDirector.java:500)
	at ptolemy.actor.CompositeActor.fire(CompositeActor.java:455)
	at ptolemy.actor.Manager.iterate(Manager.java:851)
	at ptolemy.actor.Manager.execute(Manager.java:369)
	at ptolemy.actor.Manager.run(Manager.java:1263)
	at ptolemy.actor.Manager$PtolemyRunThread.run(Manager.java:1933)
</error>
  </testcase>
  <testcase classname="ptolemy.util.test.junit.AutoTests" name="[150] /home/travis/build/icyphy/ptII/ptolemy/actor/lib/test/auto/Expression1.xml (RunModel)" time="0.03" />
  <testcase classname="ptolemy.util.test.junit.AutoTests" name="[151] /home/travis/build/icyphy/ptII/ptolemy/actor/lib/test/auto/Expression10.xml (RunModel)" time="0.019" />
  <testcase classname="ptolemy.util.test.junit.AutoTests" name="[152] /home/travis/build/icyphy/ptII/ptolemy/actor/lib/test/auto/Expression11.xml (RunModel)" time="0.015" />
  <testcase classname="ptolemy.util.test.junit.AutoTests" name="[153] /home/travis/build/icyphy/ptII/ptolemy/actor/lib/test/auto/Expression12.xml (RunModel)" time="0.017" />
  <testcase classname="ptolemy.util.test.junit.AutoTests" name="[154] /home/travis/build/icyphy/ptII/ptolemy/actor/lib/test/auto/Expression13.xml (RunModel)" time="0.017" />
  <testcase classname="ptolemy.util.test.junit.AutoTests" name="[155] /home/travis/build/icyphy/ptII/ptolemy/actor/lib/test/auto/Expression14.xml (RunModel)" time="0.019" />
  <testcase classname="ptolemy.util.test.junit.AutoTests" name="[156] /home/travis/build/icyphy/ptII/ptolemy/actor/lib/test/auto/Expression15.xml (RunModel)" time="0.008" />
  <testcase classname="ptolemy.util.test.junit.AutoTests" name="[157] /home/travis/build/icyphy/ptII/ptolemy/actor/lib/test/auto/Expression16.xml (RunModel)" time="0.015" />
  <testcase classname="ptolemy.util.test.junit.AutoTests" name="[158] /home/travis/build/icyphy/ptII/ptolemy/actor/lib/test/auto/Expression17.xml (RunModel)" time="0.016" />
  <testcase classname="ptolemy.util.test.junit.AutoTests" name="[159] /home/travis/build/icyphy/ptII/ptolemy/actor/lib/test/auto/Expression18.xml (RunModel)" time="0.016" />
  <testcase classname="ptolemy.util.test.junit.AutoTests" name="[160] /home/travis/build/icyphy/ptII/ptolemy/actor/lib/test/auto/Expression2.xml (RunModel)" time="0.013" />
  <testcase classname="ptolemy.util.test.junit.AutoTests" name="[161] /home/travis/build/icyphy/ptII/ptolemy/actor/lib/test/auto/Expression3.xml (RunModel)" time="0.015" />
  <testcase classname="ptolemy.util.test.junit.AutoTests" name="[162] /home/travis/build/icyphy/ptII/ptolemy/actor/lib/test/auto/Expression4.xml (RunModel)" time="0.018" />
  <testcase classname="ptolemy.util.test.junit.AutoTests" name="[163] /home/travis/build/icyphy/ptII/ptolemy/actor/lib/test/auto/Expression5.xml (RunModel)" time="0.015" />
  <testcase classname="ptolemy.util.test.junit.AutoTests" name="[164] /home/travis/build/icyphy/ptII/ptolemy/actor/lib/test/auto/Expression6.xml (RunModel)" time="0.012" />
  <testcase classname="ptolemy.util.test.junit.AutoTests" name="[165] /home/travis/build/icyphy/ptII/ptolemy/actor/lib/test/auto/Expression7.xml (RunModel)" time="0.017" />
  <testcase classname="ptolemy.util.test.junit.AutoTests" name="[166] /home/travis/build/icyphy/ptII/ptolemy/actor/lib/test/auto/Expression8.xml (RunModel)" time="0.017" />
  <testcase classname="ptolemy.util.test.junit.AutoTests" name="[167] /home/travis/build/icyphy/ptII/ptolemy/actor/lib/test/auto/Expression9.xml (RunModel)" time="0.009" />
  <testcase classname="ptolemy.util.test.junit.AutoTests" name="[168] /home/travis/build/icyphy/ptII/ptolemy/actor/lib/test/auto/ExpressionConcatenateArrayType.xml (RunModel)" time="0.033" />
  <testcase classname="ptolemy.util.test.junit.AutoTests" name="[169] /home/travis/build/icyphy/ptII/ptolemy/actor/lib/test/auto/ExpressionConcatenateArrayType2.xml (RunModel)" time="0.024" />
  <testcase classname="ptolemy.util.test.junit.AutoTests" name="[170] /home/travis/build/icyphy/ptII/ptolemy/actor/lib/test/auto/ExpressionFix.xml (RunModel)" time="0.048" />
  <testcase classname="ptolemy.util.test.junit.AutoTests" name="[171] /home/travis/build/icyphy/ptII/ptolemy/actor/lib/test/auto/ExpressionFix2.xml (RunModel)" time="0.014" />
  <testcase classname="ptolemy.util.test.junit.AutoTests" name="[172] /home/travis/build/icyphy/ptII/ptolemy/actor/lib/test/auto/ExpressionFix3.xml (RunModel)" time="0.014" />
  <testcase classname="ptolemy.util.test.junit.AutoTests" name="[173] /home/travis/build/icyphy/ptII/ptolemy/actor/lib/test/auto/FileWriter1.xml (RunModel)" time="0.01" />
  <testcase classname="ptolemy.util.test.junit.AutoTests" name="[174] /home/travis/build/icyphy/ptII/ptolemy/actor/lib/test/auto/FileWriter2.xml (RunModel)" time="0.012" />
  <testcase classname="ptolemy.util.test.junit.AutoTests" name="[175] /home/travis/build/icyphy/ptII/ptolemy/actor/lib/test/auto/FileWriter3.xml (RunModel)" time="0.015" />
  <testcase classname="ptolemy.util.test.junit.AutoTests" name="[176] /home/travis/build/icyphy/ptII/ptolemy/actor/lib/test/auto/Gaussian.xml (RunModel)" time="0.016" />
  <testcase classname="ptolemy.util.test.junit.AutoTests" name="[177] /home/travis/build/icyphy/ptII/ptolemy/actor/lib/test/auto/Gaussian1.xml (RunModel)" time="0.02" />
  <testcase classname="ptolemy.util.test.junit.AutoTests" name="[178] /home/travis/build/icyphy/ptII/ptolemy/actor/lib/test/auto/Gaussian2.xml (RunModel)" time="0.027" />
  <testcase classname="ptolemy.util.test.junit.AutoTests" name="[179] /home/travis/build/icyphy/ptII/ptolemy/actor/lib/test/auto/GradientAdaptiveLattice.xml (RunModel)" time="0.019" />
  <testcase classname="ptolemy.util.test.junit.AutoTests" name="[180] /home/travis/build/icyphy/ptII/ptolemy/actor/lib/test/auto/IIR.xml (RunModel)" time="0.012" />
  <testcase classname="ptolemy.util.test.junit.AutoTests" name="[181] /home/travis/build/icyphy/ptII/ptolemy/actor/lib/test/auto/InputOutputTransparentPorts.xml (RunModel)" time="0.024" />
  <testcase classname="ptolemy.util.test.junit.AutoTests" name="[182] /home/travis/build/icyphy/ptII/ptolemy/actor/lib/test/auto/Interpolator.xml (RunModel)" time="0.012" />
  <testcase classname="ptolemy.util.test.junit.AutoTests" name="[183] /home/travis/build/icyphy/ptII/ptolemy/actor/lib/test/auto/InterpolatorFiringLimitDE.xml (RunModel)" time="0.015" />
  <testcase classname="ptolemy.util.test.junit.AutoTests" name="[184] /home/travis/build/icyphy/ptII/ptolemy/actor/lib/test/auto/Lattice.xml (RunModel)" time="0.01" />
  <testcase classname="ptolemy.util.test.junit.AutoTests" name="[185] /home/travis/build/icyphy/ptII/ptolemy/actor/lib/test/auto/LazyAOCTestLazy.xml (RunModel)" time="0.024" />
  <testcase classname="ptolemy.util.test.junit.AutoTests" name="[186] /home/travis/build/icyphy/ptII/ptolemy/actor/lib/test/auto/LazyAOCTestNonLazy.xml (RunModel)" time="0.05" />
  <testcase classname="ptolemy.util.test.junit.AutoTests" name="[187] /home/travis/build/icyphy/ptII/ptolemy/actor/lib/test/auto/LazyInnerClass.xml (RunModel)" time="0.059" />
  <testcase classname="ptolemy.util.test.junit.AutoTests" name="[188] /home/travis/build/icyphy/ptII/ptolemy/actor/lib/test/auto/LazyPubSub.xml (RunModel)" time="0.039" />
  <testcase classname="ptolemy.util.test.junit.AutoTests" name="[189] /home/travis/build/icyphy/ptII/ptolemy/actor/lib/test/auto/LazyPubSub2.xml (RunModel)" time="0.057" />
  <testcase classname="ptolemy.util.test.junit.AutoTests" name="[190] /home/travis/build/icyphy/ptII/ptolemy/actor/lib/test/auto/LazyPubSub3.xml (RunModel)" time="0.043" />
  <testcase classname="ptolemy.util.test.junit.AutoTests" name="[191] /home/travis/build/icyphy/ptII/ptolemy/actor/lib/test/auto/LazySubClassModel.xml (RunModel)" time="0.026" />
  <testcase classname="ptolemy.util.test.junit.AutoTests" name="[192] /home/travis/build/icyphy/ptII/ptolemy/actor/lib/test/auto/LevelCrossTest1.xml (RunModel)" time="0.01" />
  <testcase classname="ptolemy.util.test.junit.AutoTests" name="[193] /home/travis/build/icyphy/ptII/ptolemy/actor/lib/test/auto/LevelCrossTest10.xml (RunModel)" time="0.017" />
  <testcase classname="ptolemy.util.test.junit.AutoTests" name="[194] /home/travis/build/icyphy/ptII/ptolemy/actor/lib/test/auto/LevelCrossTest11.xml (RunModel)" time="0.018" />
  <testcase classname="ptolemy.util.test.junit.AutoTests" name="[195] /home/travis/build/icyphy/ptII/ptolemy/actor/lib/test/auto/LevelCrossTest12.xml (RunModel)" time="0.02" />
  <testcase classname="ptolemy.util.test.junit.AutoTests" name="[196] /home/travis/build/icyphy/ptII/ptolemy/actor/lib/test/auto/LevelCrossTest13.xml (RunModel)" time="0.013" />
  <testcase classname="ptolemy.util.test.junit.AutoTests" name="[197] /home/travis/build/icyphy/ptII/ptolemy/actor/lib/test/auto/LevelCrossTest2.xml (RunModel)" time="0.012" />
  <testcase classname="ptolemy.util.test.junit.AutoTests" name="[198] /home/travis/build/icyphy/ptII/ptolemy/actor/lib/test/auto/LevelCrossTest3.xml (RunModel)" time="0.015" />
  <testcase classname="ptolemy.util.test.junit.AutoTests" name="[199] /home/travis/build/icyphy/ptII/ptolemy/actor/lib/test/auto/LevelCrossTest4.xml (RunModel)" time="0.013" />
  <testcase classname="ptolemy.util.test.junit.AutoTests" name="[200] /home/travis/build/icyphy/ptII/ptolemy/actor/lib/test/auto/LevelCrossTest5.xml (RunModel)" time="0.013" />
  <testcase classname="ptolemy.util.test.junit.AutoTests" name="[201] /home/travis/build/icyphy/ptII/ptolemy/actor/lib/test/auto/LevelCrossTest6.xml (RunModel)" time="0.019" />
  <testcase classname="ptolemy.util.test.junit.AutoTests" name="[202] /home/travis/build/icyphy/ptII/ptolemy/actor/lib/test/auto/LevelCrossTest7.xml (RunModel)" time="0.021" />
  <testcase classname="ptolemy.util.test.junit.AutoTests" name="[203] /home/travis/build/icyphy/ptII/ptolemy/actor/lib/test/auto/LevelCrossTest8.xml (RunModel)" time="0.015" />
  <testcase classname="ptolemy.util.test.junit.AutoTests" name="[204] /home/travis/build/icyphy/ptII/ptolemy/actor/lib/test/auto/LevelCrossTest9.xml (RunModel)" time="0.024" />
  <testcase classname="ptolemy.util.test.junit.AutoTests" name="[205] /home/travis/build/icyphy/ptII/ptolemy/actor/lib/test/auto/LevinsonDurbin.xml (RunModel)" time="0.017" />
  <testcase classname="ptolemy.util.test.junit.AutoTests" name="[206] /home/travis/build/icyphy/ptII/ptolemy/actor/lib/test/auto/LevinsonDurbin2.xml (RunModel)" time="0.042" />
  <testcase classname="ptolemy.util.test.junit.AutoTests" name="[207] /home/travis/build/icyphy/ptII/ptolemy/actor/lib/test/auto/LevinsonDurbin3.xml (RunModel)" time="0.011" />
  <testcase classname="ptolemy.util.test.junit.AutoTests" name="[208] /home/travis/build/icyphy/ptII/ptolemy/actor/lib/test/auto/Limiter.xml (RunModel)" time="0.041" />
  <testcase classname="ptolemy.util.test.junit.AutoTests" name="[209] /home/travis/build/icyphy/ptII/ptolemy/actor/lib/test/auto/LinearDifferenceEquationSystem.xml (RunModel)" time="0.024" />
  <testcase classname="ptolemy.util.test.junit.AutoTests" name="[210] /home/travis/build/icyphy/ptII/ptolemy/actor/lib/test/auto/LookupTable.xml (RunModel)" time="0.011" />
  <testcase classname="ptolemy.util.test.junit.AutoTests" name="[211] /home/travis/build/icyphy/ptII/ptolemy/actor/lib/test/auto/MathFunction.xml (RunModel)" time="0.018" />
  <testcase classname="ptolemy.util.test.junit.AutoTests" name="[212] /home/travis/build/icyphy/ptII/ptolemy/actor/lib/test/auto/MathFunction2.xml (RunModel)" time="0.013" />
  <testcase classname="ptolemy.util.test.junit.AutoTests" name="[213] /home/travis/build/icyphy/ptII/ptolemy/actor/lib/test/auto/MathFunction3.xml (RunModel)" time="0.024" />
  <testcase classname="ptolemy.util.test.junit.AutoTests" name="[214] /home/travis/build/icyphy/ptII/ptolemy/actor/lib/test/auto/MatrixCropBoolean.xml (RunModel)" time="0.015" />
  <testcase classname="ptolemy.util.test.junit.AutoTests" name="[215] /home/travis/build/icyphy/ptII/ptolemy/actor/lib/test/auto/MatrixCropComplex.xml (RunModel)" time="0.015" />
  <testcase classname="ptolemy.util.test.junit.AutoTests" name="[216] /home/travis/build/icyphy/ptII/ptolemy/actor/lib/test/auto/MatrixCropDouble.xml (RunModel)" time="0.015" />
  <testcase classname="ptolemy.util.test.junit.AutoTests" name="[217] /home/travis/build/icyphy/ptII/ptolemy/actor/lib/test/auto/MatrixCropFix.xml (RunModel)" time="0.016" />
  <testcase classname="ptolemy.util.test.junit.AutoTests" name="[218] /home/travis/build/icyphy/ptII/ptolemy/actor/lib/test/auto/MatrixCropInt.xml (RunModel)" time="0.01" />
  <testcase classname="ptolemy.util.test.junit.AutoTests" name="[219] /home/travis/build/icyphy/ptII/ptolemy/actor/lib/test/auto/MatrixCropLong.xml (RunModel)" time="0.009" />
  <testcase classname="ptolemy.util.test.junit.AutoTests" name="[220] /home/travis/build/icyphy/ptII/ptolemy/actor/lib/test/auto/MatrixToArray.xml (RunModel)" time="0.062" />
  <testcase classname="ptolemy.util.test.junit.AutoTests" name="[221] /home/travis/build/icyphy/ptII/ptolemy/actor/lib/test/auto/MaxIndex.xml (RunModel)" time="0.02" />
  <testcase classname="ptolemy.util.test.junit.AutoTests" name="[222] /home/travis/build/icyphy/ptII/ptolemy/actor/lib/test/auto/Maximum.xml (RunModel)" time="0.016" />
  <testcase classname="ptolemy.util.test.junit.AutoTests" name="[223] /home/travis/build/icyphy/ptII/ptolemy/actor/lib/test/auto/MaximumComplex.xml (RunModel)" time="0.02" />
  <testcase classname="ptolemy.util.test.junit.AutoTests" name="[224] /home/travis/build/icyphy/ptII/ptolemy/actor/lib/test/auto/MethodCallTest.xml (RunModel)" time="0.023" />
  <testcase classname="ptolemy.util.test.junit.AutoTests" name="[225] /home/travis/build/icyphy/ptII/ptolemy/actor/lib/test/auto/Minimum.xml (RunModel)" time="0.017" />
  <testcase classname="ptolemy.util.test.junit.AutoTests" name="[226] /home/travis/build/icyphy/ptII/ptolemy/actor/lib/test/auto/MinimumComplex.xml (RunModel)" time="0.029" />
  <testcase classname="ptolemy.util.test.junit.AutoTests" name="[227] /home/travis/build/icyphy/ptII/ptolemy/actor/lib/test/auto/MinimumMultiports.xml (RunModel)" time="0.018" />
  <testcase classname="ptolemy.util.test.junit.AutoTests" name="[228] /home/travis/build/icyphy/ptII/ptolemy/actor/lib/test/auto/ModifyDate.xml (RunModel)" time="0.044" />
  <testcase classname="ptolemy.util.test.junit.AutoTests" name="[229] /home/travis/build/icyphy/ptII/ptolemy/actor/lib/test/auto/ModifyDate2.xml (RunModel)" time="0.027" />
  <testcase classname="ptolemy.util.test.junit.AutoTests" name="[230] /home/travis/build/icyphy/ptII/ptolemy/actor/lib/test/auto/MovingAverage.xml (RunModel)" time="0.014" />
  <testcase classname="ptolemy.util.test.junit.AutoTests" name="[231] /home/travis/build/icyphy/ptII/ptolemy/actor/lib/test/auto/MovingMaximum.xml (RunModel)" time="0.012" />
  <testcase classname="ptolemy.util.test.junit.AutoTests" name="[232] /home/travis/build/icyphy/ptII/ptolemy/actor/lib/test/auto/MultipleLinksToSameRelation.xml (RunModel)" time="0.007" />
  <testcase classname="ptolemy.util.test.junit.AutoTests" name="[233] /home/travis/build/icyphy/ptII/ptolemy/actor/lib/test/auto/MultipleLinksToSameRelationDE.xml (RunModel)" time="0.007" />
  <testcase classname="ptolemy.util.test.junit.AutoTests" name="[234] /home/travis/build/icyphy/ptII/ptolemy/actor/lib/test/auto/Multiplexor.xml (RunModel)" time="0.012" />
  <testcase classname="ptolemy.util.test.junit.AutoTests" name="[235] /home/travis/build/icyphy/ptII/ptolemy/actor/lib/test/auto/Multiplexor1.xml (RunModel)" time="0.019" />
  <testcase classname="ptolemy.util.test.junit.AutoTests" name="[236] /home/travis/build/icyphy/ptII/ptolemy/actor/lib/test/auto/Multiplexor2.xml (RunModel)" time="0.017" />
  <testcase classname="ptolemy.util.test.junit.AutoTests" name="[237] /home/travis/build/icyphy/ptII/ptolemy/actor/lib/test/auto/Multiplexor3.xml (RunModel)" time="0.01" />
  <testcase classname="ptolemy.util.test.junit.AutoTests" name="[238] /home/travis/build/icyphy/ptII/ptolemy/actor/lib/test/auto/MultiplexorDE.xml (RunModel)" time="0.02" />
  <testcase classname="ptolemy.util.test.junit.AutoTests" name="[239] /home/travis/build/icyphy/ptII/ptolemy/actor/lib/test/auto/MultiportBroadcastTest.xml (RunModel)" time="0.098" />
  <testcase classname="ptolemy.util.test.junit.AutoTests" name="[240] /home/travis/build/icyphy/ptII/ptolemy/actor/lib/test/auto/MultiportOutHangDuringGetWidth.xml (RunModel)" time="0.03" />
  <testcase classname="ptolemy.util.test.junit.AutoTests" name="[241] /home/travis/build/icyphy/ptII/ptolemy/actor/lib/test/auto/NilToken.xml (RunModel)" time="0.013" />
  <testcase classname="ptolemy.util.test.junit.AutoTests" name="[242] /home/travis/build/icyphy/ptII/ptolemy/actor/lib/test/auto/NilTokenNonStrictTest.xml (RunModel)" time="0.012" />
  <testcase classname="ptolemy.util.test.junit.AutoTests" name="[243] /home/travis/build/icyphy/ptII/ptolemy/actor/lib/test/auto/NilTokenRecord.xml (RunModel)" time="0.032" />
  <testcase classname="ptolemy.util.test.junit.AutoTests" name="[244] /home/travis/build/icyphy/ptII/ptolemy/actor/lib/test/auto/NilTokenTypeTest.xml (RunModel)" time="0.031" />
  <testcase classname="ptolemy.util.test.junit.AutoTests" name="[245] /home/travis/build/icyphy/ptII/ptolemy/actor/lib/test/auto/ObjectToken1.xml (RunModel)" time="0.008" />
  <testcase classname="ptolemy.util.test.junit.AutoTests" name="[246] /home/travis/build/icyphy/ptII/ptolemy/actor/lib/test/auto/OrderedMerge.xml (RunModel)" time="0.021" />
  <testcase classname="ptolemy.util.test.junit.AutoTests" name="[247] /home/travis/build/icyphy/ptII/ptolemy/actor/lib/test/auto/OrderedRecordDisassembler.xml (RunModel)" time="0.022" />
  <testcase classname="ptolemy.util.test.junit.AutoTests" name="[248] /home/travis/build/icyphy/ptII/ptolemy/actor/lib/test/auto/OrderedRecordDisassembler2.xml (RunModel)" time="0.022" />
  <testcase classname="ptolemy.util.test.junit.AutoTests" name="[249] /home/travis/build/icyphy/ptII/ptolemy/actor/lib/test/auto/OrderedRecordUpdater.xml (RunModel)" time="0.013" />
  <testcase classname="ptolemy.util.test.junit.AutoTests" name="[250] /home/travis/build/icyphy/ptII/ptolemy/actor/lib/test/auto/OrderedRecordUpdater2.xml (RunModel)" time="0.019" />
  <testcase classname="ptolemy.util.test.junit.AutoTests" name="[251] /home/travis/build/icyphy/ptII/ptolemy/actor/lib/test/auto/PhaseUnwrap.xml (RunModel)" time="0.014" />
  <testcase classname="ptolemy.util.test.junit.AutoTests" name="[252] /home/travis/build/icyphy/ptII/ptolemy/actor/lib/test/auto/PoissonClock.xml (RunModel)" time="0.013" />
  <testcase classname="ptolemy.util.test.junit.AutoTests" name="[253] /home/travis/build/icyphy/ptII/ptolemy/actor/lib/test/auto/PoissonClock2.xml (RunModel)" time="0.015" />
  <testcase classname="ptolemy.util.test.junit.AutoTests" name="[254] /home/travis/build/icyphy/ptII/ptolemy/actor/lib/test/auto/PoissonClock3.xml (RunModel)" time="0.027" />
  <testcase classname="ptolemy.util.test.junit.AutoTests" name="[255] /home/travis/build/icyphy/ptII/ptolemy/actor/lib/test/auto/PubSubWithInitialTokens.xml (RunModel)" time="0.016" />
  <testcase classname="ptolemy.util.test.junit.AutoTests" name="[256] /home/travis/build/icyphy/ptII/ptolemy/actor/lib/test/auto/PubSubWithInitialTokens2.xml (RunModel)" time="0.019" />
  <testcase classname="ptolemy.util.test.junit.AutoTests" name="[257] /home/travis/build/icyphy/ptII/ptolemy/actor/lib/test/auto/PublisherClassNoParameter.xml (RunModel)" time="0.027" />
  <testcase classname="ptolemy.util.test.junit.AutoTests" name="[258] /home/travis/build/icyphy/ptII/ptolemy/actor/lib/test/auto/PublisherClassParameter.xml (RunModel)" time="0.027" />
  <testcase classname="ptolemy.util.test.junit.AutoTests" name="[259] /home/travis/build/icyphy/ptII/ptolemy/actor/lib/test/auto/PublisherNonStrictTest.xml (RunModel)" time="0.017" />
  <testcase classname="ptolemy.util.test.junit.AutoTests" name="[260] /home/travis/build/icyphy/ptII/ptolemy/actor/lib/test/auto/PublisherPort1.xml (RunModel)" time="0.065" />
  <testcase classname="ptolemy.util.test.junit.AutoTests" name="[261] /home/travis/build/icyphy/ptII/ptolemy/actor/lib/test/auto/PublisherPort2.xml (RunModel)" time="0.015" />
  <testcase classname="ptolemy.util.test.junit.AutoTests" name="[262] /home/travis/build/icyphy/ptII/ptolemy/actor/lib/test/auto/PublisherPort3.xml (RunModel)" time="0.013" />
  <testcase classname="ptolemy.util.test.junit.AutoTests" name="[263] /home/travis/build/icyphy/ptII/ptolemy/actor/lib/test/auto/PublisherPort4.xml (RunModel)" time="0.013" />
  <testcase classname="ptolemy.util.test.junit.AutoTests" name="[264] /home/travis/build/icyphy/ptII/ptolemy/actor/lib/test/auto/PublisherPort5.xml (RunModel)" time="0.015" />
  <testcase classname="ptolemy.util.test.junit.AutoTests" name="[265] /home/travis/build/icyphy/ptII/ptolemy/actor/lib/test/auto/PublisherPort5LookAlike.xml (RunModel)" time="0.02" />
  <testcase classname="ptolemy.util.test.junit.AutoTests" name="[266] /home/travis/build/icyphy/ptII/ptolemy/actor/lib/test/auto/PublisherPort6.xml (RunModel)" time="0.012" />
  <testcase classname="ptolemy.util.test.junit.AutoTests" name="[267] /home/travis/build/icyphy/ptII/ptolemy/actor/lib/test/auto/PublisherPort7.xml (RunModel)" time="0.017" />
  <testcase classname="ptolemy.util.test.junit.AutoTests" name="[268] /home/travis/build/icyphy/ptII/ptolemy/actor/lib/test/auto/PublisherPort8.xml (RunModel)" time="0.019" />
  <testcase classname="ptolemy.util.test.junit.AutoTests" name="[269] /home/travis/build/icyphy/ptII/ptolemy/actor/lib/test/auto/PublisherPortSubscriberChannelVariablesAOC2.xml (RunModel)" time="0.041" />
  <testcase classname="ptolemy.util.test.junit.AutoTests" name="[270] /home/travis/build/icyphy/ptII/ptolemy/actor/lib/test/auto/PublisherPortSubscriberOpaqueWidthInference.xml (RunModel)" time="0.021" />
  <testcase classname="ptolemy.util.test.junit.AutoTests" name="[271] /home/travis/build/icyphy/ptII/ptolemy/actor/lib/test/auto/PublisherPortSubscriberPortAdjacent.xml (RunModel)" time="0.018" />
  <testcase classname="ptolemy.util.test.junit.AutoTests" name="[272] /home/travis/build/icyphy/ptII/ptolemy/actor/lib/test/auto/PublisherPortSubscriberPortExpression.xml (RunModel)" time="0.018" />
  <testcase classname="ptolemy.util.test.junit.AutoTests" name="[273] /home/travis/build/icyphy/ptII/ptolemy/actor/lib/test/auto/PublisherPortSubscriberPortOpaqueD3Reverse.xml (RunModel)" time="0.045" />
  <testcase classname="ptolemy.util.test.junit.AutoTests" name="[274] /home/travis/build/icyphy/ptII/ptolemy/actor/lib/test/auto/PublisherPortSubscriberPortOpaqueWidthInference.xml (RunModel)" time="0.019" />
  <testcase classname="ptolemy.util.test.junit.AutoTests" name="[275] /home/travis/build/icyphy/ptII/ptolemy/actor/lib/test/auto/PublisherPortToplevelSubscriberPortAOC.xml (RunModel)" time="0.012" />
  <testcase classname="ptolemy.util.test.junit.AutoTests" name="[276] /home/travis/build/icyphy/ptII/ptolemy/actor/lib/test/auto/PublisherSubscriber.xml (RunModel)" time="0.015" />
  <testcase classname="ptolemy.util.test.junit.AutoTests" name="[277] /home/travis/build/icyphy/ptII/ptolemy/actor/lib/test/auto/PublisherSubscriber10.xml (RunModel)" time="0.021" />
  <testcase classname="ptolemy.util.test.junit.AutoTests" name="[278] /home/travis/build/icyphy/ptII/ptolemy/actor/lib/test/auto/PublisherSubscriber10InitialOutputs.xml (RunModel)" time="0.033" />
  <testcase classname="ptolemy.util.test.junit.AutoTests" name="[279] /home/travis/build/icyphy/ptII/ptolemy/actor/lib/test/auto/PublisherSubscriber11.xml (RunModel)" time="0.023" />
  <testcase classname="ptolemy.util.test.junit.AutoTests" name="[280] /home/travis/build/icyphy/ptII/ptolemy/actor/lib/test/auto/PublisherSubscriber12.xml (RunModel)" time="0.013" />
  <testcase classname="ptolemy.util.test.junit.AutoTests" name="[281] /home/travis/build/icyphy/ptII/ptolemy/actor/lib/test/auto/PublisherSubscriber13.xml (RunModel)" time="0.012" />
  <testcase classname="ptolemy.util.test.junit.AutoTests" name="[282] /home/travis/build/icyphy/ptII/ptolemy/actor/lib/test/auto/PublisherSubscriber14.xml (RunModel)" time="0.019" />
  <testcase classname="ptolemy.util.test.junit.AutoTests" name="[283] /home/travis/build/icyphy/ptII/ptolemy/actor/lib/test/auto/PublisherSubscriber2.xml (RunModel)" time="0.011" />
  <testcase classname="ptolemy.util.test.junit.AutoTests" name="[284] /home/travis/build/icyphy/ptII/ptolemy/actor/lib/test/auto/PublisherSubscriber3.xml (RunModel)" time="0.01" />
  <testcase classname="ptolemy.util.test.junit.AutoTests" name="[285] /home/travis/build/icyphy/ptII/ptolemy/actor/lib/test/auto/PublisherSubscriber4.xml (RunModel)" time="0.009" />
  <testcase classname="ptolemy.util.test.junit.AutoTests" name="[286] /home/travis/build/icyphy/ptII/ptolemy/actor/lib/test/auto/PublisherSubscriber5.xml (RunModel)" time="0.014" />
  <testcase classname="ptolemy.util.test.junit.AutoTests" name="[287] /home/travis/build/icyphy/ptII/ptolemy/actor/lib/test/auto/PublisherSubscriber6.xml (RunModel)" time="0.015" />
  <testcase classname="ptolemy.util.test.junit.AutoTests" name="[288] /home/travis/build/icyphy/ptII/ptolemy/actor/lib/test/auto/PublisherSubscriber7.xml (RunModel)" time="0.02" />
  <testcase classname="ptolemy.util.test.junit.AutoTests" name="[289] /home/travis/build/icyphy/ptII/ptolemy/actor/lib/test/auto/PublisherSubscriber8.xml (RunModel)" time="0.03" />
  <testcase classname="ptolemy.util.test.junit.AutoTests" name="[290] /home/travis/build/icyphy/ptII/ptolemy/actor/lib/test/auto/PublisherSubscriber9.xml (RunModel)" time="0.018" />
  <testcase classname="ptolemy.util.test.junit.AutoTests" name="[291] /home/travis/build/icyphy/ptII/ptolemy/actor/lib/test/auto/PublisherSubscriberAdjacent.xml (RunModel)" time="0.016" />
  <testcase classname="ptolemy.util.test.junit.AutoTests" name="[292] /home/travis/build/icyphy/ptII/ptolemy/actor/lib/test/auto/PublisherSubscriberChannelVariablesAOC2.xml (RunModel)" time="0.027" />
  <testcase classname="ptolemy.util.test.junit.AutoTests" name="[293] /home/travis/build/icyphy/ptII/ptolemy/actor/lib/test/auto/PublisherSubscriberD3.xml (RunModel)" time="0.013" />
  <testcase classname="ptolemy.util.test.junit.AutoTests" name="[294] /home/travis/build/icyphy/ptII/ptolemy/actor/lib/test/auto/PublisherSubscriberD3Reverse.xml (RunModel)" time="0.011" />
  <testcase classname="ptolemy.util.test.junit.AutoTests" name="[295] /home/travis/build/icyphy/ptII/ptolemy/actor/lib/test/auto/PublisherSubscriberExpression.xml (RunModel)" time="0.019" />
  <testcase classname="ptolemy.util.test.junit.AutoTests" name="[296] /home/travis/build/icyphy/ptII/ptolemy/actor/lib/test/auto/PublisherSubscriberOpaque.xml (RunModel)" time="0.015" />
  <testcase classname="ptolemy.util.test.junit.AutoTests" name="[297] /home/travis/build/icyphy/ptII/ptolemy/actor/lib/test/auto/PublisherSubscriberOpaqueD3.xml (RunModel)" time="0.023" />
  <testcase classname="ptolemy.util.test.junit.AutoTests" name="[298] /home/travis/build/icyphy/ptII/ptolemy/actor/lib/test/auto/PublisherSubscriberOpaqueD3Reverse.xml (RunModel)" time="0.024" />
  <testcase classname="ptolemy.util.test.junit.AutoTests" name="[299] /home/travis/build/icyphy/ptII/ptolemy/actor/lib/test/auto/PublisherSubscriberOpaqueWidthInference.xml (RunModel)" time="0.015" />
  <testcase classname="ptolemy.util.test.junit.AutoTests" name="[300] /home/travis/build/icyphy/ptII/ptolemy/actor/lib/test/auto/PublisherTestSubscriber.xml (RunModel)" time="0.016" />
  <testcase classname="ptolemy.util.test.junit.AutoTests" name="[301] /home/travis/build/icyphy/ptII/ptolemy/actor/lib/test/auto/PublisherToplevelSubscriberPortAOC.xml (RunModel)" time="0.016" />
  <testcase classname="ptolemy.util.test.junit.AutoTests" name="[302] /home/travis/build/icyphy/ptII/ptolemy/actor/lib/test/auto/PulseFiringLimitDE.xml (RunModel)" time="0.012" />
  <testcase classname="ptolemy.util.test.junit.AutoTests" name="[303] /home/travis/build/icyphy/ptII/ptolemy/actor/lib/test/auto/Ramp1.xml (RunModel)" time="0.03" />
  <testcase classname="ptolemy.util.test.junit.AutoTests" name="[304] /home/travis/build/icyphy/ptII/ptolemy/actor/lib/test/auto/RampFiringLimitDE.xml (RunModel)" time="0.011" />
  <testcase classname="ptolemy.util.test.junit.AutoTests" name="[305] /home/travis/build/icyphy/ptII/ptolemy/actor/lib/test/auto/RampFiringLimitSDF.xml (RunModel)" time="0.009" />
  <testcase classname="ptolemy.util.test.junit.AutoTests" name="[306] /home/travis/build/icyphy/ptII/ptolemy/actor/lib/test/auto/RandomInteger.xml (RunModel)" time="0.01" />
  <testcase classname="ptolemy.util.test.junit.AutoTests" name="[307] /home/travis/build/icyphy/ptII/ptolemy/actor/lib/test/auto/ReadFile1.xml (RunModel)" time="0.008" />
  <testcase classname="ptolemy.util.test.junit.AutoTests" name="[308] /home/travis/build/icyphy/ptII/ptolemy/actor/lib/test/auto/ReadFile2.xml (RunModel)" time="0.008" />
  <testcase classname="ptolemy.util.test.junit.AutoTests" name="[309] /home/travis/build/icyphy/ptII/ptolemy/actor/lib/test/auto/Reader.xml (RunModel)" time="0.013" />
  <testcase classname="ptolemy.util.test.junit.AutoTests" name="[310] /home/travis/build/icyphy/ptII/ptolemy/actor/lib/test/auto/RecordAssemblerDisplayNameTest.xml (RunModel)" time="3.787" />
  <testcase classname="ptolemy.util.test.junit.AutoTests" name="[311] /home/travis/build/icyphy/ptII/ptolemy/actor/lib/test/auto/RecordAssemblerTypeError.xml (RunModel)" time="0.042" />
  <testcase classname="ptolemy.util.test.junit.AutoTests" name="[312] /home/travis/build/icyphy/ptII/ptolemy/actor/lib/test/auto/RecordDisassember.xml (RunModel)" time="0.019" />
  <testcase classname="ptolemy.util.test.junit.AutoTests" name="[313] /home/travis/build/icyphy/ptII/ptolemy/actor/lib/test/auto/RecordDisassemberDisplayNameTest.xml (RunModel)" time="0.02" />
  <testcase classname="ptolemy.util.test.junit.AutoTests" name="[314] /home/travis/build/icyphy/ptII/ptolemy/actor/lib/test/auto/RecordDisassembler.xml (RunModel)" time="0.01" />
  <testcase classname="ptolemy.util.test.junit.AutoTests" name="[315] /home/travis/build/icyphy/ptII/ptolemy/actor/lib/test/auto/RecordDisassembler2.xml (RunModel)" time="0.011" />
  <testcase classname="ptolemy.util.test.junit.AutoTests" name="[316] /home/travis/build/icyphy/ptII/ptolemy/actor/lib/test/auto/RecordUpdater.xml (RunModel)" time="0.012" />
  <testcase classname="ptolemy.util.test.junit.AutoTests" name="[317] /home/travis/build/icyphy/ptII/ptolemy/actor/lib/test/auto/RecordUpdater2.xml (RunModel)" time="0.01" />
  <testcase classname="ptolemy.util.test.junit.AutoTests" name="[318] /home/travis/build/icyphy/ptII/ptolemy/actor/lib/test/auto/RecursiveLattice.xml (RunModel)" time="0.01" />
  <testcase classname="ptolemy.util.test.junit.AutoTests" name="[319] /home/travis/build/icyphy/ptII/ptolemy/actor/lib/test/auto/Router.xml (RunModel)" time="3.026" />
  <testcase classname="ptolemy.util.test.junit.AutoTests" name="[320] /home/travis/build/icyphy/ptII/ptolemy/actor/lib/test/auto/Router2.xml (RunModel)" time="3.031" />
  <testcase classname="ptolemy.util.test.junit.AutoTests" name="[321] /home/travis/build/icyphy/ptII/ptolemy/actor/lib/test/auto/RunningMaximum.xml (RunModel)" time="0.022" />
  <testcase classname="ptolemy.util.test.junit.AutoTests" name="[322] /home/travis/build/icyphy/ptII/ptolemy/actor/lib/test/auto/RunningMinimum.xml (RunModel)" time="0.018" />
  <testcase classname="ptolemy.util.test.junit.AutoTests" name="[323] /home/travis/build/icyphy/ptII/ptolemy/actor/lib/test/auto/Scale.xml (RunModel)" time="0.023" />
  <testcase classname="ptolemy.util.test.junit.AutoTests" name="[324] /home/travis/build/icyphy/ptII/ptolemy/actor/lib/test/auto/Scale2.xml (RunModel)" time="0.01" />
  <testcase classname="ptolemy.util.test.junit.AutoTests" name="[325] /home/travis/build/icyphy/ptII/ptolemy/actor/lib/test/auto/Scale3.xml (RunModel)" time="0.015" />
  <testcase classname="ptolemy.util.test.junit.AutoTests" name="[326] /home/travis/build/icyphy/ptII/ptolemy/actor/lib/test/auto/ScaleArray.xml (RunModel)" time="0.009" />
  <testcase classname="ptolemy.util.test.junit.AutoTests" name="[327] /home/travis/build/icyphy/ptII/ptolemy/actor/lib/test/auto/ScaleArray2.xml (RunModel)" time="0.01" />
  <testcase classname="ptolemy.util.test.junit.AutoTests" name="[328] /home/travis/build/icyphy/ptII/ptolemy/actor/lib/test/auto/ScaleMatrix.xml (RunModel)" time="0.176" />
  <testcase classname="ptolemy.util.test.junit.AutoTests" name="[329] /home/travis/build/icyphy/ptII/ptolemy/actor/lib/test/auto/Select.xml (RunModel)" time="0.065" />
  <testcase classname="ptolemy.util.test.junit.AutoTests" name="[330] /home/travis/build/icyphy/ptII/ptolemy/actor/lib/test/auto/Select2.xml (RunModel)" time="0.017" />
  <testcase classname="ptolemy.util.test.junit.AutoTests" name="[331] /home/travis/build/icyphy/ptII/ptolemy/actor/lib/test/auto/SequenceToArray2.xml (RunModel)" time="0.149" />
  <testcase classname="ptolemy.util.test.junit.AutoTests" name="[332] /home/travis/build/icyphy/ptII/ptolemy/actor/lib/test/auto/SequentialClock.xml (RunModel)" time="0.008" />
  <testcase classname="ptolemy.util.test.junit.AutoTests" name="[333] /home/travis/build/icyphy/ptII/ptolemy/actor/lib/test/auto/SetVariable.xml (RunModel)" time="0.01" />
  <testcase classname="ptolemy.util.test.junit.AutoTests" name="[334] /home/travis/build/icyphy/ptII/ptolemy/actor/lib/test/auto/SetVariable2.xml (RunModel)" time="0.013" />
  <testcase classname="ptolemy.util.test.junit.AutoTests" name="[335] /home/travis/build/icyphy/ptII/ptolemy/actor/lib/test/auto/SetVariable3.xml (RunModel)" time="0.015" />
  <testcase classname="ptolemy.util.test.junit.AutoTests" name="[336] /home/travis/build/icyphy/ptII/ptolemy/actor/lib/test/auto/SetVariable4.xml (RunModel)" time="0.034" />
  <testcase classname="ptolemy.util.test.junit.AutoTests" name="[337] /home/travis/build/icyphy/ptII/ptolemy/actor/lib/test/auto/SetVariable5.xml (RunModel)" time="0.039" />
  <testcase classname="ptolemy.util.test.junit.AutoTests" name="[338] /home/travis/build/icyphy/ptII/ptolemy/actor/lib/test/auto/Sinewave.xml (RunModel)" time="0.026" />
  <testcase classname="ptolemy.util.test.junit.AutoTests" name="[339] /home/travis/build/icyphy/ptII/ptolemy/actor/lib/test/auto/Sinewave2.xml (RunModel)" time="0.02" />
  <testcase classname="ptolemy.util.test.junit.AutoTests" name="[340] /home/travis/build/icyphy/ptII/ptolemy/actor/lib/test/auto/Sinewave3.xml (RunModel)" time="0.022" />
  <testcase classname="ptolemy.util.test.junit.AutoTests" name="[341] /home/travis/build/icyphy/ptII/ptolemy/actor/lib/test/auto/SingleEvent.xml (RunModel)" time="0.01" />
  <testcase classname="ptolemy.util.test.junit.AutoTests" name="[342] /home/travis/build/icyphy/ptII/ptolemy/actor/lib/test/auto/Sleep.xml (RunModel)" time="6.014" />
  <testcase classname="ptolemy.util.test.junit.AutoTests" name="[343] /home/travis/build/icyphy/ptII/ptolemy/actor/lib/test/auto/SleepMultipleFire.xml (RunModel)" time="1.027" />
  <testcase classname="ptolemy.util.test.junit.AutoTests" name="[344] /home/travis/build/icyphy/ptII/ptolemy/actor/lib/test/auto/StopDE.xml (RunModel)" time="0.014" />
  <testcase classname="ptolemy.util.test.junit.AutoTests" name="[345] /home/travis/build/icyphy/ptII/ptolemy/actor/lib/test/auto/StopSDF.xml (RunModel)" time="0.013" />
  <testcase classname="ptolemy.util.test.junit.AutoTests" name="[346] /home/travis/build/icyphy/ptII/ptolemy/actor/lib/test/auto/StringConstant.xml (RunModel)" time="0.02" />
  <testcase classname="ptolemy.util.test.junit.AutoTests" name="[347] /home/travis/build/icyphy/ptII/ptolemy/actor/lib/test/auto/SubscriberPortInitialValues1.xml (RunModel)" time="0.032" />
  <testcase classname="ptolemy.util.test.junit.AutoTests" name="[348] /home/travis/build/icyphy/ptII/ptolemy/actor/lib/test/auto/SubscriberPortInitialValues13.xml (RunModel)" time="0.032" />
  <testcase classname="ptolemy.util.test.junit.AutoTests" name="[349] /home/travis/build/icyphy/ptII/ptolemy/actor/lib/test/auto/SubscriberPortInitialValues14.xml (RunModel)" time="0.016" />
  <testcase classname="ptolemy.util.test.junit.AutoTests" name="[350] /home/travis/build/icyphy/ptII/ptolemy/actor/lib/test/auto/SubscriberPortInitialValues2.xml (RunModel)" time="0.017" />
  <testcase classname="ptolemy.util.test.junit.AutoTests" name="[351] /home/travis/build/icyphy/ptII/ptolemy/actor/lib/test/auto/SubscriberPortInitialValues3.xml (RunModel)" time="0.02" />
  <testcase classname="ptolemy.util.test.junit.AutoTests" name="[352] /home/travis/build/icyphy/ptII/ptolemy/actor/lib/test/auto/SubscriptionAggregator.xml (RunModel)" time="0.012" />
  <testcase classname="ptolemy.util.test.junit.AutoTests" name="[353] /home/travis/build/icyphy/ptII/ptolemy/actor/lib/test/auto/SubscriptionAggregator2.xml (RunModel)" time="0.011" />
  <testcase classname="ptolemy.util.test.junit.AutoTests" name="[354] /home/travis/build/icyphy/ptII/ptolemy/actor/lib/test/auto/SubscriptionAggregator3.xml (RunModel)" time="0.016" />
  <testcase classname="ptolemy.util.test.junit.AutoTests" name="[355] /home/travis/build/icyphy/ptII/ptolemy/actor/lib/test/auto/SubscriptionAggregatorMultiply.xml (RunModel)" time="0.028" />
  <testcase classname="ptolemy.util.test.junit.AutoTests" name="[356] /home/travis/build/icyphy/ptII/ptolemy/actor/lib/test/auto/SubscriptionAggregatorPortMultiply1.xml (RunModel)" time="0.014" />
  <testcase classname="ptolemy.util.test.junit.AutoTests" name="[357] /home/travis/build/icyphy/ptII/ptolemy/actor/lib/test/auto/Switch.xml (RunModel)" time="0.021" />
  <testcase classname="ptolemy.util.test.junit.AutoTests" name="[358] /home/travis/build/icyphy/ptII/ptolemy/actor/lib/test/auto/Switch2.xml (RunModel)" time="0.014" />
  <testcase classname="ptolemy.util.test.junit.AutoTests" name="[359] /home/travis/build/icyphy/ptII/ptolemy/actor/lib/test/auto/SwitchDE.xml (RunModel)" time="0.015" />
  <testcase classname="ptolemy.util.test.junit.AutoTests" name="[360] /home/travis/build/icyphy/ptII/ptolemy/actor/lib/test/auto/SynchronizerDE.xml (RunModel)" time="0.023" />
  <testcase classname="ptolemy.util.test.junit.AutoTests" name="[361] /home/travis/build/icyphy/ptII/ptolemy/actor/lib/test/auto/Test.xml (RunModel)" time="0.009" />
  <testcase classname="ptolemy.util.test.junit.AutoTests" name="[362] /home/travis/build/icyphy/ptII/ptolemy/actor/lib/test/auto/TestExceptionAttribute1.xml (RunModel)" time="0.008" />
  <testcase classname="ptolemy.util.test.junit.AutoTests" name="[363] /home/travis/build/icyphy/ptII/ptolemy/actor/lib/test/auto/TestExceptionAttribute2.xml (RunModel)" time="0.008" />
  <testcase classname="ptolemy.util.test.junit.AutoTests" name="[364] /home/travis/build/icyphy/ptII/ptolemy/actor/lib/test/auto/TestExceptionAttribute3.xml (RunModel)" time="0.013" />
  <testcase classname="ptolemy.util.test.junit.AutoTests" name="[365] /home/travis/build/icyphy/ptII/ptolemy/actor/lib/test/auto/TestExceptionAttribute4.xml (RunModel)" time="0.009" />
  <testcase classname="ptolemy.util.test.junit.AutoTests" name="[366] /home/travis/build/icyphy/ptII/ptolemy/actor/lib/test/auto/TestExceptionHandler1.xml (RunModel)" time="0.011" />
  <testcase classname="ptolemy.util.test.junit.AutoTests" name="[367] /home/travis/build/icyphy/ptII/ptolemy/actor/lib/test/auto/TestExceptionHandler2.xml (RunModel)" time="0.011" />
  <testcase classname="ptolemy.util.test.junit.AutoTests" name="[368] /home/travis/build/icyphy/ptII/ptolemy/actor/lib/test/auto/TestExceptionHandler3.xml (RunModel)" time="0.005" />
  <testcase classname="ptolemy.util.test.junit.AutoTests" name="[369] /home/travis/build/icyphy/ptII/ptolemy/actor/lib/test/auto/TestExceptionHandler4.xml (RunModel)" time="0.006" />
  <testcase classname="ptolemy.util.test.junit.AutoTests" name="[370] /home/travis/build/icyphy/ptII/ptolemy/actor/lib/test/auto/TestRequireCorrectOrder.xml (RunModel)" time="0.013" />
  <testcase classname="ptolemy.util.test.junit.AutoTests" name="[371] /home/travis/build/icyphy/ptII/ptolemy/actor/lib/test/auto/TestSimple.xml (RunModel)" time="0.007" />
  <testcase classname="ptolemy.util.test.junit.AutoTests" name="[372] /home/travis/build/icyphy/ptII/ptolemy/actor/lib/test/auto/ThrowModelError.xml (RunModel)" time="0.011" />
  <testcase classname="ptolemy.util.test.junit.AutoTests" name="[373] /home/travis/build/icyphy/ptII/ptolemy/actor/lib/test/auto/TimeDelayMicrosteps.xml (RunModel)" time="0.016" />
  <testcase classname="ptolemy.util.test.junit.AutoTests" name="[374] /home/travis/build/icyphy/ptII/ptolemy/actor/lib/test/auto/TimeDelayMicrosteps2.xml (RunModel)" time="0.015" />
  <testcase classname="ptolemy.util.test.junit.AutoTests" name="[375] /home/travis/build/icyphy/ptII/ptolemy/actor/lib/test/auto/TimeDelayMicrosteps3.xml (RunModel)" time="0.012" />
  <testcase classname="ptolemy.util.test.junit.AutoTests" name="[376] /home/travis/build/icyphy/ptII/ptolemy/actor/lib/test/auto/TimeDelayVariableMicrosteps.xml (RunModel)" time="0.013" />
  <testcase classname="ptolemy.util.test.junit.AutoTests" name="[377] /home/travis/build/icyphy/ptII/ptolemy/actor/lib/test/auto/TimeGap.xml (RunModel)" time="0.015" />
  <testcase classname="ptolemy.util.test.junit.AutoTests" name="[378] /home/travis/build/icyphy/ptII/ptolemy/actor/lib/test/auto/TimeGap2.xml (RunModel)" time="0.011" />
  <testcase classname="ptolemy.util.test.junit.AutoTests" name="[379] /home/travis/build/icyphy/ptII/ptolemy/actor/lib/test/auto/TimedSinewave.xml (RunModel)" time="0.084" />
  <testcase classname="ptolemy.util.test.junit.AutoTests" name="[380] /home/travis/build/icyphy/ptII/ptolemy/actor/lib/test/auto/TimedSinewavePhase.xml (RunModel)" time="0.029" />
  <testcase classname="ptolemy.util.test.junit.AutoTests" name="[381] /home/travis/build/icyphy/ptII/ptolemy/actor/lib/test/auto/Timer.xml (RunModel)" time="0.013" />
  <testcase classname="ptolemy.util.test.junit.AutoTests" name="[382] /home/travis/build/icyphy/ptII/ptolemy/actor/lib/test/auto/TriangularDistTestModel.xml (RunModel)" time="0.019" />
  <testcase classname="ptolemy.util.test.junit.AutoTests" name="[383] /home/travis/build/icyphy/ptII/ptolemy/actor/lib/test/auto/TrigFunction.xml (RunModel)" time="0.009" />
  <testcase classname="ptolemy.util.test.junit.AutoTests" name="[384] /home/travis/build/icyphy/ptII/ptolemy/actor/lib/test/auto/TrigFunctionDE.xml (RunModel)" time="0.011" />
  <testcase classname="ptolemy.util.test.junit.AutoTests" name="[385] /home/travis/build/icyphy/ptII/ptolemy/actor/lib/test/auto/TrigFunctionInverse.xml (RunModel)" time="0.014" />
  <testcase classname="ptolemy.util.test.junit.AutoTests" name="[386] /home/travis/build/icyphy/ptII/ptolemy/actor/lib/test/auto/TrigFunctionTan.xml (RunModel)" time="0.007" />
  <testcase classname="ptolemy.util.test.junit.AutoTests" name="[387] /home/travis/build/icyphy/ptII/ptolemy/actor/lib/test/auto/TriggeredClock.xml (RunModel)" time="0.009" />
  <testcase classname="ptolemy.util.test.junit.AutoTests" name="[388] /home/travis/build/icyphy/ptII/ptolemy/actor/lib/test/auto/URLDirectoryReader.xml (RunModel)" time="0.139" />
  <testcase classname="ptolemy.util.test.junit.AutoTests" name="[389] /home/travis/build/icyphy/ptII/ptolemy/actor/lib/test/auto/URLDirectoryReader3.xml (RunModel)" time="1.406" />
  <testcase classname="ptolemy.util.test.junit.AutoTests" name="[390] /home/travis/build/icyphy/ptII/ptolemy/actor/lib/test/auto/UnaryMathFunction.xml (RunModel)" time="0.036" />
  <testcase classname="ptolemy.util.test.junit.AutoTests" name="[391] /home/travis/build/icyphy/ptII/ptolemy/actor/lib/test/auto/Uniform.xml (RunModel)" time="0.013" />
  <testcase classname="ptolemy.util.test.junit.AutoTests" name="[392] /home/travis/build/icyphy/ptII/ptolemy/actor/lib/test/auto/UnionDisassemblerTest.xml (RunModel)" time="0.02" />
  <testcase classname="ptolemy.util.test.junit.AutoTests" name="[393] /home/travis/build/icyphy/ptII/ptolemy/actor/lib/test/auto/UtilityFunctions.xml (RunModel)" time="0.008" />
  <testcase classname="ptolemy.util.test.junit.AutoTests" name="[394] /home/travis/build/icyphy/ptII/ptolemy/actor/lib/test/auto/VariableSleep.xml (RunModel)" time="0.512" />
  <testcase classname="ptolemy.util.test.junit.AutoTests" name="[395] /home/travis/build/icyphy/ptII/ptolemy/actor/lib/test/auto/VectorAssemblerDisassemblerCT.xml (RunModel)" time="0.124" />
  <testcase classname="ptolemy.util.test.junit.AutoTests" name="[396] /home/travis/build/icyphy/ptII/ptolemy/actor/lib/test/auto/VectorAssemblerDisassemblerDE.xml (RunModel)" time="0.012" />
  <testcase classname="ptolemy.util.test.junit.AutoTests" name="[397] /home/travis/build/icyphy/ptII/ptolemy/actor/lib/test/auto/VectorAssemblerDisassemblerSDF.xml (RunModel)" time="0.011" />
  <testcase classname="ptolemy.util.test.junit.AutoTests" name="[398] /home/travis/build/icyphy/ptII/ptolemy/actor/lib/test/auto/WallClockTime.xml (RunModel)" time="1.013" />
  <testcase classname="ptolemy.util.test.junit.AutoTests" name="[399] /home/travis/build/icyphy/ptII/ptolemy/actor/lib/test/auto/WidthTestWithSubscriberPublisher.xml (RunModel)" time="0.041" />
  <testcase classname="ptolemy.util.test.junit.AutoTests" name="[400] /home/travis/build/icyphy/ptII/ptolemy/actor/lib/test/auto/WidthTestWithSubscriberPublisher2.xml (RunModel)" time="0.015" />
  <testcase classname="ptolemy.util.test.junit.AutoTests" name="[401] /home/travis/build/icyphy/ptII/ptolemy/actor/lib/test/auto/WidthTestWithSubscriberPublisher3.xml (RunModel)" time="0.013" />
  <testcase classname="ptolemy.util.test.junit.AutoTests" name="[402] /home/travis/build/icyphy/ptII/ptolemy/actor/lib/test/auto/Writer.xml (RunModel)" time="0.008" />
  <testcase classname="ptolemy.util.test.junit.AutoTests" name="[403] /home/travis/build/icyphy/ptII/ptolemy/actor/lib/test/auto/array.xml (RunModel)" time="0.022" />
  <testcase classname="ptolemy.util.test.junit.AutoTests" name="[404] /home/travis/build/icyphy/ptII/ptolemy/actor/lib/test/auto/array2.xml (RunModel)" time="0.018" />
  <testcase classname="ptolemy.util.test.junit.AutoTests" name="[405] /home/travis/build/icyphy/ptII/ptolemy/actor/lib/test/auto/arrayType.xml (RunModel)" time="0.011" />
  <testcase classname="ptolemy.util.test.junit.AutoTests" name="[406] /home/travis/build/icyphy/ptII/ptolemy/actor/lib/test/auto/arrayType10.xml (RunModel)" time="0.009" />
  <testcase classname="ptolemy.util.test.junit.AutoTests" name="[407] /home/travis/build/icyphy/ptII/ptolemy/actor/lib/test/auto/arrayType11.xml (RunModel)" time="0.009" />
  <testcase classname="ptolemy.util.test.junit.AutoTests" name="[408] /home/travis/build/icyphy/ptII/ptolemy/actor/lib/test/auto/arrayType12.xml (RunModel)" time="0.01" />
  <testcase classname="ptolemy.util.test.junit.AutoTests" name="[409] /home/travis/build/icyphy/ptII/ptolemy/actor/lib/test/auto/arrayType13.xml (RunModel)" time="0.01" />
  <testcase classname="ptolemy.util.test.junit.AutoTests" name="[410] /home/travis/build/icyphy/ptII/ptolemy/actor/lib/test/auto/arrayType14.xml (RunModel)" time="0.009" />
  <testcase classname="ptolemy.util.test.junit.AutoTests" name="[411] /home/travis/build/icyphy/ptII/ptolemy/actor/lib/test/auto/arrayType15.xml (RunModel)" time="0.01" />
  <testcase classname="ptolemy.util.test.junit.AutoTests" name="[412] /home/travis/build/icyphy/ptII/ptolemy/actor/lib/test/auto/arrayType16.xml (RunModel)" time="0.015" />
  <testcase classname="ptolemy.util.test.junit.AutoTests" name="[413] /home/travis/build/icyphy/ptII/ptolemy/actor/lib/test/auto/arrayType17.xml (RunModel)" time="0.009" />
  <testcase classname="ptolemy.util.test.junit.AutoTests" name="[414] /home/travis/build/icyphy/ptII/ptolemy/actor/lib/test/auto/arrayType18.xml (RunModel)" time="0.009" />
  <testcase classname="ptolemy.util.test.junit.AutoTests" name="[415] /home/travis/build/icyphy/ptII/ptolemy/actor/lib/test/auto/arrayType19.xml (RunModel)" time="0.009" />
  <testcase classname="ptolemy.util.test.junit.AutoTests" name="[416] /home/travis/build/icyphy/ptII/ptolemy/actor/lib/test/auto/arrayType2.xml (RunModel)" time="0.009" />
  <testcase classname="ptolemy.util.test.junit.AutoTests" name="[417] /home/travis/build/icyphy/ptII/ptolemy/actor/lib/test/auto/arrayType20.xml (RunModel)" time="0.009" />
  <testcase classname="ptolemy.util.test.junit.AutoTests" name="[418] /home/travis/build/icyphy/ptII/ptolemy/actor/lib/test/auto/arrayType21.xml (RunModel)" time="0.01" />
  <testcase classname="ptolemy.util.test.junit.AutoTests" name="[419] /home/travis/build/icyphy/ptII/ptolemy/actor/lib/test/auto/arrayType22.xml (RunModel)" time="0.008" />
  <testcase classname="ptolemy.util.test.junit.AutoTests" name="[420] /home/travis/build/icyphy/ptII/ptolemy/actor/lib/test/auto/arrayType23.xml (RunModel)" time="0.009" />
  <testcase classname="ptolemy.util.test.junit.AutoTests" name="[421] /home/travis/build/icyphy/ptII/ptolemy/actor/lib/test/auto/arrayType24.xml (RunModel)" time="0.013" />
  <testcase classname="ptolemy.util.test.junit.AutoTests" name="[422] /home/travis/build/icyphy/ptII/ptolemy/actor/lib/test/auto/arrayType25.xml (RunModel)" time="0.008" />
  <testcase classname="ptolemy.util.test.junit.AutoTests" name="[423] /home/travis/build/icyphy/ptII/ptolemy/actor/lib/test/auto/arrayType26.xml (RunModel)" time="0.01" />
  <testcase classname="ptolemy.util.test.junit.AutoTests" name="[424] /home/travis/build/icyphy/ptII/ptolemy/actor/lib/test/auto/arrayType27.xml (RunModel)" time="0.009" />
  <testcase classname="ptolemy.util.test.junit.AutoTests" name="[425] /home/travis/build/icyphy/ptII/ptolemy/actor/lib/test/auto/arrayType28.xml (RunModel)" time="0.011" />
  <testcase classname="ptolemy.util.test.junit.AutoTests" name="[426] /home/travis/build/icyphy/ptII/ptolemy/actor/lib/test/auto/arrayType3.xml (RunModel)" time="0.01" />
  <testcase classname="ptolemy.util.test.junit.AutoTests" name="[427] /home/travis/build/icyphy/ptII/ptolemy/actor/lib/test/auto/arrayType4.xml (RunModel)" time="0.008" />
  <testcase classname="ptolemy.util.test.junit.AutoTests" name="[428] /home/travis/build/icyphy/ptII/ptolemy/actor/lib/test/auto/arrayType5.xml (RunModel)" time="0.009" />
  <testcase classname="ptolemy.util.test.junit.AutoTests" name="[429] /home/travis/build/icyphy/ptII/ptolemy/actor/lib/test/auto/arrayType6.xml (RunModel)" time="0.008" />
  <testcase classname="ptolemy.util.test.junit.AutoTests" name="[430] /home/travis/build/icyphy/ptII/ptolemy/actor/lib/test/auto/arrayType7.xml (RunModel)" time="0.009" />
  <testcase classname="ptolemy.util.test.junit.AutoTests" name="[431] /home/travis/build/icyphy/ptII/ptolemy/actor/lib/test/auto/arrayType8.xml (RunModel)" time="0.015" />
  <testcase classname="ptolemy.util.test.junit.AutoTests" name="[432] /home/travis/build/icyphy/ptII/ptolemy/actor/lib/test/auto/arrayType9.xml (RunModel)" time="0.009" />
  <testcase classname="ptolemy.util.test.junit.AutoTests" name="[433] /home/travis/build/icyphy/ptII/ptolemy/actor/lib/test/auto/cast.xml (RunModel)" time="0.01" />
  <testcase classname="ptolemy.util.test.junit.AutoTests" name="[434] /home/travis/build/icyphy/ptII/ptolemy/actor/lib/test/auto/compositeMultiPort.xml (RunModel)" time="0.018" />
  <testcase classname="ptolemy.util.test.junit.AutoTests" name="[435] /home/travis/build/icyphy/ptII/ptolemy/actor/lib/test/auto/expressionCastInference.xml (RunModel)" time="0.009" />
  <testcase classname="ptolemy.util.test.junit.AutoTests" name="[436] /home/travis/build/icyphy/ptII/ptolemy/actor/lib/test/auto/expressionCastInference2.xml (RunModel)" time="0.019" />
  <testcase classname="ptolemy.util.test.junit.AutoTests" name="[437] /home/travis/build/icyphy/ptII/ptolemy/actor/lib/test/auto/expressionInference.xml (RunModel)" time="0.008" />
  <testcase classname="ptolemy.util.test.junit.AutoTests" name="[438] /home/travis/build/icyphy/ptII/ptolemy/actor/lib/test/auto/expression_bug.xml (RunModel)" time="0.008" />
  <testcase classname="ptolemy.util.test.junit.AutoTests" name="[439] /home/travis/build/icyphy/ptII/ptolemy/actor/lib/test/auto/factorial.xml (RunModel)" time="0.057" />
  <testcase classname="ptolemy.util.test.junit.AutoTests" name="[440] /home/travis/build/icyphy/ptII/ptolemy/actor/lib/test/auto/filterTest1.xml (RunModel)" time="0.013" />
  <testcase classname="ptolemy.util.test.junit.AutoTests" name="[441] /home/travis/build/icyphy/ptII/ptolemy/actor/lib/test/auto/funcApplyInConst.xml (RunModel)" time="0.008" />
  <testcase classname="ptolemy.util.test.junit.AutoTests" name="[442] /home/travis/build/icyphy/ptII/ptolemy/actor/lib/test/auto/funcApplyInExpr.xml (RunModel)" time="0.01" />
  <testcase classname="ptolemy.util.test.junit.AutoTests" name="[443] /home/travis/build/icyphy/ptII/ptolemy/actor/lib/test/auto/function.xml (RunModel)" time="0.011" />
  <testcase classname="ptolemy.util.test.junit.AutoTests" name="[444] /home/travis/build/icyphy/ptII/ptolemy/actor/lib/test/auto/function2.xml (RunModel)" time="0.009" />
  <testcase classname="ptolemy.util.test.junit.AutoTests" name="[445] /home/travis/build/icyphy/ptII/ptolemy/actor/lib/test/auto/function3.xml (RunModel)" time="0.012" />
  <testcase classname="ptolemy.util.test.junit.AutoTests" name="[446] /home/travis/build/icyphy/ptII/ptolemy/actor/lib/test/auto/functionClosureTest1.xml (RunModel)" time="0.01" />
  <testcase classname="ptolemy.util.test.junit.AutoTests" name="[447] /home/travis/build/icyphy/ptII/ptolemy/actor/lib/test/auto/functionClosureTest2.xml (RunModel)" time="0.007" />
  <testcase classname="ptolemy.util.test.junit.AutoTests" name="[448] /home/travis/build/icyphy/ptII/ptolemy/actor/lib/test/auto/functionClosureTest3.xml (RunModel)" time="0.048" />
  <testcase classname="ptolemy.util.test.junit.AutoTests" name="[449] /home/travis/build/icyphy/ptII/ptolemy/actor/lib/test/auto/functionClosureTest4.xml (RunModel)" time="0.019" />
  <testcase classname="ptolemy.util.test.junit.AutoTests" name="[450] /home/travis/build/icyphy/ptII/ptolemy/actor/lib/test/auto/functionClosureTest5.xml (RunModel)" time="0.016" />
  <testcase classname="ptolemy.util.test.junit.AutoTests" name="[451] /home/travis/build/icyphy/ptII/ptolemy/actor/lib/test/auto/functionClosureTest6.xml (RunModel)" time="0.009" />
  <testcase classname="ptolemy.util.test.junit.AutoTests" name="[452] /home/travis/build/icyphy/ptII/ptolemy/actor/lib/test/auto/functionsOnArcs.xml (RunModel)" time="0.01" />
  <testcase classname="ptolemy.util.test.junit.AutoTests" name="[453] /home/travis/build/icyphy/ptII/ptolemy/actor/lib/test/auto/functionsOnArcsHOF.xml (RunModel)" time="0.012" />
  <testcase classname="ptolemy.util.test.junit.AutoTests" name="[454] /home/travis/build/icyphy/ptII/ptolemy/actor/lib/test/auto/logic.xml (RunModel)" time="0.018" />
  <testcase classname="ptolemy.util.test.junit.AutoTests" name="[455] /home/travis/build/icyphy/ptII/ptolemy/actor/lib/test/auto/matrixType.xml (RunModel)" time="0.009" />
  <testcase classname="ptolemy.util.test.junit.AutoTests" name="[456] /home/travis/build/icyphy/ptII/ptolemy/actor/lib/test/auto/matrixType10.xml (RunModel)" time="0.009" />
  <testcase classname="ptolemy.util.test.junit.AutoTests" name="[457] /home/travis/build/icyphy/ptII/ptolemy/actor/lib/test/auto/matrixType11.xml (RunModel)" time="0.008" />
  <testcase classname="ptolemy.util.test.junit.AutoTests" name="[458] /home/travis/build/icyphy/ptII/ptolemy/actor/lib/test/auto/matrixType12.xml (RunModel)" time="0.011" />
  <testcase classname="ptolemy.util.test.junit.AutoTests" name="[459] /home/travis/build/icyphy/ptII/ptolemy/actor/lib/test/auto/matrixType13.xml (RunModel)" time="0.008" />
  <testcase classname="ptolemy.util.test.junit.AutoTests" name="[460] /home/travis/build/icyphy/ptII/ptolemy/actor/lib/test/auto/matrixType14.xml (RunModel)" time="0.011" />
  <testcase classname="ptolemy.util.test.junit.AutoTests" name="[461] /home/travis/build/icyphy/ptII/ptolemy/actor/lib/test/auto/matrixType2.xml (RunModel)" time="0.01" />
  <testcase classname="ptolemy.util.test.junit.AutoTests" name="[462] /home/travis/build/icyphy/ptII/ptolemy/actor/lib/test/auto/matrixType3.xml (RunModel)" time="0.011" />
  <testcase classname="ptolemy.util.test.junit.AutoTests" name="[463] /home/travis/build/icyphy/ptII/ptolemy/actor/lib/test/auto/matrixType4.xml (RunModel)" time="0.008" />
  <testcase classname="ptolemy.util.test.junit.AutoTests" name="[464] /home/travis/build/icyphy/ptII/ptolemy/actor/lib/test/auto/matrixType5.xml (RunModel)" time="0.008" />
  <testcase classname="ptolemy.util.test.junit.AutoTests" name="[465] /home/travis/build/icyphy/ptII/ptolemy/actor/lib/test/auto/matrixType6.xml (RunModel)" time="0.008" />
  <testcase classname="ptolemy.util.test.junit.AutoTests" name="[466] /home/travis/build/icyphy/ptII/ptolemy/actor/lib/test/auto/matrixType7.xml (RunModel)" time="0.009" />
  <testcase classname="ptolemy.util.test.junit.AutoTests" name="[467] /home/travis/build/icyphy/ptII/ptolemy/actor/lib/test/auto/matrixType8.xml (RunModel)" time="0.009" />
  <testcase classname="ptolemy.util.test.junit.AutoTests" name="[468] /home/travis/build/icyphy/ptII/ptolemy/actor/lib/test/auto/matrixType9.xml (RunModel)" time="0.008" />
  <testcase classname="ptolemy.util.test.junit.AutoTests" name="[469] /home/travis/build/icyphy/ptII/ptolemy/actor/lib/test/auto/paraFunctest.xml (RunModel)" time="0.007" />
  <testcase classname="ptolemy.util.test.junit.AutoTests" name="[470] /home/travis/build/icyphy/ptII/ptolemy/actor/lib/test/auto/paraFunctest2.xml (RunModel)" time="0.01" />
  <testcase classname="ptolemy.util.test.junit.AutoTests" name="[471] /home/travis/build/icyphy/ptII/ptolemy/actor/lib/test/auto/parameterPassing.xml (RunModel)" time="0.01" />
  <testcase classname="ptolemy.util.test.junit.AutoTests" name="[472] /home/travis/build/icyphy/ptII/ptolemy/actor/lib/test/auto/record.xml (RunModel)" time="0.01" />
  <testcase classname="ptolemy.util.test.junit.AutoTests" name="[473] /home/travis/build/icyphy/ptII/ptolemy/actor/lib/test/auto/sizedarray1.xml (RunModel)" time="0.01" />
  <testcase classname="ptolemy.util.test.junit.AutoTests" name="[474] /home/travis/build/icyphy/ptII/ptolemy/actor/lib/test/auto/sizedarray2.xml (RunModel)" time="0.011" />
  <testcase classname="ptolemy.util.test.junit.AutoTests" name="[475] /home/travis/build/icyphy/ptII/ptolemy/actor/lib/test/auto/twoPublishers.xml (RunModel)" time="0.027" />
  <system-out><![CDATA[/home/travis/build/icyphy/ptII/ptolemy/actor/lib/test/AbsoluteValue.tcl
testDefs.tcl: setting time out to 9000 seconds at Sat Oct 19 06:02:33 UTC 2019
110 ms. Memory: 120832K Free: 85959K (71%)
5 ms. Memory: 120832K Free: 84415K (70%)
5 ms. Memory: 120832K Free: 83397K (69%)
12 ms. Memory: 120832K Free: 82887K (69%)
/home/travis/build/icyphy/ptII/ptolemy/actor/lib/test/AddSubtract.tcl
15 ms. Memory: 120832K Free: 80839K (67%)
15 ms. Memory: 120832K Free: 79815K (66%)
5 ms. Memory: 120832K Free: 79301K (66%)
8 ms. Memory: 120832K Free: 78263K (65%)
51 ms. Memory: 120832K Free: 75719K (63%)
6 ms. Memory: 120832K Free: 74695K (62%)
/home/travis/build/icyphy/ptII/ptolemy/actor/lib/test/Average.tcl
10 ms. Memory: 120832K Free: 73143K (61%)
7 ms. Memory: 120832K Free: 71623K (59%)
/home/travis/build/icyphy/ptII/ptolemy/actor/lib/test/Bernoulli.tcl
5 ms. Memory: 120832K Free: 70071K (58%)
9 ms. Memory: 120832K Free: 70071K (58%)
/home/travis/build/icyphy/ptII/ptolemy/actor/lib/test/Clock.tcl
preinitializing
resolving types
initializing
executing number 1
wrapping up
idle
42 ms. Memory: 120832K Free: 67013K (55%)
Completed execution with 5 iterations
preinitializing
resolving types
initializing
executing number 1
wrapping up
idle
12 ms. Memory: 120832K Free: 66503K (55%)
Completed execution with 5 iterations
preinitializing
resolving types
initializing
executing number 1
wrapping up
idle
11 ms. Memory: 120832K Free: 65983K (55%)
Completed execution with 5 iterations
/home/travis/build/icyphy/ptII/ptolemy/actor/lib/test/Commutator.tcl
12 ms. Memory: 120832K Free: 63941K (53%)
14 ms. Memory: 120832K Free: 62903K (52%)
10 ms. Memory: 120832K Free: 57287K (47%)
/home/travis/build/icyphy/ptII/ptolemy/actor/lib/test/Const.tcl
4 ms. Memory: 120832K Free: 55719K (46%)
2 ms. Memory: 120832K Free: 55239K (46%)
3 ms. Memory: 120832K Free: 54725K (45%)
3 ms. Memory: 120832K Free: 54215K (45%)
3 ms. Memory: 120832K Free: 53191K (44%)
15 ms. Memory: 120832K Free: 51653K (43%)
13 ms. Memory: 120832K Free: 50615K (42%)
11 ms. Memory: 120832K Free: 49605K (41%)
/home/travis/build/icyphy/ptII/ptolemy/actor/lib/test/CurrentTime.tcl
preinitializing
resolving types
initializing
executing number 1
wrapping up
idle
10 ms. Memory: 120832K Free: 48071K (40%)
Completed execution with 11 iterations
/home/travis/build/icyphy/ptII/ptolemy/actor/lib/test/DB.tcl
5 ms. Memory: 120832K Free: 46023K (38%)
22 ms. Memory: 120832K Free: 107167K (89%)
1 ms. Memory: 120832K Free: 106657K (88%)
/home/travis/build/icyphy/ptII/ptolemy/actor/lib/test/DiscreteRandomSource.tcl
preinitializing
resolving types
initializing
executing number 1
wrapping up
idle
16 ms. Memory: 120832K Free: 106047K (88%)
Completed execution with 4 iterations
preinitializing
resolving types
initializing
executing number 1
wrapping up
idle
2 ms. Memory: 120832K Free: 105388K (87%)
Completed execution with 4 iterations
preinitializing
resolving types
initializing
executing number 1
wrapping up
idle
7 ms. Memory: 120832K Free: 105055K (87%)
Completed execution with 4 iterations
preinitializing
resolving types
initializing
executing number 1
wrapping up
idle
5 ms. Memory: 120832K Free: 104674K (87%)
Completed execution with 4 iterations
preinitializing
resolving types
initializing
executing number 1
wrapping up
idle
5 ms. Memory: 120832K Free: 104009K (86%)
Completed execution with 4 iterations
/home/travis/build/icyphy/ptII/ptolemy/actor/lib/test/Distributor.tcl
5 ms. Memory: 120832K Free: 102286K (85%)
12 ms. Memory: 120832K Free: 101578K (84%)
StreamChangeRequest.changeExecuted(): <deleteEntity name="rec2"/> succeeded
StreamChangeRequest.changeExecuted(): <deleteRelation name="r2"/> succeeded
StreamChangeRequest.changeExecuted(): Record firings per iteration succeeded
17 ms. Memory: 120832K Free: 99197K (82%)
/home/travis/build/icyphy/ptII/ptolemy/actor/lib/test/Exit.tcl
Exit.tcl: this will print a message about Manager.exitAfterWrapup, which can be ignored.
12 ms. Memory: 120832K Free: 96439K (80%)
/home/travis/build/icyphy/ptII/ptolemy/actor/lib/test/Expression.tcl
24 ms. Memory: 120832K Free: 92766K (77%)
13 ms. Memory: 120832K Free: 92022K (76%)
3 ms. Memory: 120832K Free: 91346K (76%)
preinitializing
19 ms. Memory: 120832K Free: 106093K (88%)
11 ms. Memory: 120832K Free: 105565K (87%)
3 ms. Memory: 120832K Free: 104541K (87%)
8 ms. Memory: 120832K Free: 103531K (86%)
7 ms. Memory: 120832K Free: 101997K (84%)
3 ms. Memory: 120832K Free: 100973K (84%)
/home/travis/build/icyphy/ptII/ptolemy/actor/lib/test/Gaussian.tcl
4 ms. Memory: 120832K Free: 99421K (82%)
sleeping 1 seconds: ......................................................................................................................................................................................................................................................................................................................................................................................................................................................................................................................................................................................................................................................................................................................................................................................................................................................................................................................................................................................................................................................................................................................................................................................................................................................................................................................................................................................................................................................................................................................................................................................................................................................................................................................................................................................................................................................................................................................................................................................................................................................................................................................................................................................................................................................................................................................................................................................................................................................................................................................................................................................................................................................................................................................................................................................................................................................................................................................................................................................................................................................................................................................................................................................................................................................................................................................................................................................................................................................................................................................................................................................................................................................................................................................................................................................................................................................................................................................................................................................................................................................................................................................................................................................................................................................................................................................................................................................................................................................................................................................................................................................................................................................................................................................................................................................................................................................................................................................................................................................................................................................................................................................................................................................................................................................................................................................................................................................................................................................................................................................................................................................................................................................................................................................................................................................................................................................................................................................................................................................................................................................................................................................................................................................................................................................................................................................................................................................................................................................................................................................................................................................................................................................................................................................................................................................................................................................................................................................................................................................................................................................................................................................................................................................................................................................................................................................................................................................................................................................................................................................................................................................................................................................................................................................................................................................................................................................................................................................................................................................................................................................................................................................................................................................................................................................................................................................................................................................................................................................................................................................................................................................................................................................................................................................................................................................................................................................................................................................................................................................................................................................................................................................................................................................................................................................................................................................................................................................................................................................................................................................................................................................................................................................................................................................................................................................................................................................................................................................................................................................................................................................................................................................................................................................................................................................................................................................................................................................................................................................................................................................................................................................................................................................................................................................................................................................................................................................................................................................................................................................................................................................................................................................................................................................................................................................................................................................................................................................................................................................................................................................................................................................................................................................................................................................................................................................................................................................................................................................................................................................................................................................................................................................................................................................................................................................................................................................................................................................................................................................................................................................................................................................................................................................................................................................................................................................................................................................................................................................................................................................................................................................................................................................................................................................................................................................................................................................................................................................................................................................................................................................................................................................................................................................................................................................................................................................................................................................................................................................................................................................................................................................................................................................................................................................................................................................................................................................................................................................................................................................................................................................................................................................................................................................................................................................................................................................................................................................................................................................................................................................................................................................................................................................................................................................................................................................................................................................................................................................................................................................................................................................................................................................................................................................................................................................................................................................................................................................................................................................................................................................................................................................................................................................................................................................................................................................................................................................................................................................................................................................................................................................................................................................................................................................................................................................................................................................................................................................................................................................................................................................................................................................................................................................................................................................................................................................................................................................................................................................................................................................................................................................................................................................................................................................................................................................................................................................................................................................................................................................................................................................................................................................................................................................................................................................................................................................................................................................................................................................................................................................................................................................................................................................................................................................................................................................................................................................................................................................................................................................................................................................................................................................................................................................................................................................................................................................................................................................................................................................................................................................................................................................................................................................................................................................................................................................................................................................................................................................................................................................................................................................................................................................................................................................................................................................................................................................................................................................................................................................................................................................................................................................................................................................................................................................................................................................................................................................................................................................................................................................................................................................................................................................................................................................................................................................................................................................................................................................................................................................................................................................................................................................................................................................................................................................................................................................................................................................................................................................................................................................................................................................................................................................................................................................................................................................................................................................................................................................................................................................................................................................................................................................................................................................................................................................................................................................................................................................................................................................................................................................................................................................................................................................................................................................................................................................................................................................................................................................................................................................................................................................................................................................................................................................................................................................................................................................................................................................................................................................................................................................................................................................................................................................................................................................................................................................................................................................................................................................................................................................................................................................................................................................................................................................................................................................................................................................................................................................................................................................................................................................................................................................................................................................................................................................................................................................................................................................................................................................................................................................................................................................................................................................................................................................................................................................................................................................................................................................................................................................2 ms. Memory: 120832K Free: 70681K (58%)
2 ms. Memory: 120832K Free: 70185K (58%)
2 ms. Memory: 120832K Free: 69641K (58%)
2 ms. Memory: 120832K Free: 68633K (57%)
2 ms. Memory: 120832K Free: 68137K (56%)
/home/travis/build/icyphy/ptII/ptolemy/actor/lib/test/IIR.tcl
/home/travis/build/icyphy/ptII/ptolemy/actor/lib/test/Interpolator.tcl
4 ms. Memory: 120832K Free: 64537K (53%)
2 ms. Memory: 120832K Free: 63497K (53%)
2 ms. Memory: 120832K Free: 63017K (52%)
1 ms. Memory: 120832K Free: 62473K (52%)
3 ms. Memory: 120832K Free: 61993K (51%)
15 ms. Memory: 120832K Free: 60969K (50%)
3 ms. Memory: 120832K Free: 59945K (50%)
2 ms. Memory: 120832K Free: 58921K (49%)
2 ms. Memory: 120832K Free: 58377K (48%)
2 ms. Memory: 120832K Free: 57353K (47%)
/home/travis/build/icyphy/ptII/ptolemy/actor/lib/test/MathFunction.tcl
4 ms. Memory: 120832K Free: 55305K (46%)
2 ms. Memory: 120832K Free: 54297K (45%)
5 ms. Memory: 120832K Free: 106145K (88%)
2 ms. Memory: 120832K Free: 105135K (87%)
4 ms. Memory: 120832K Free: 103601K (86%)
6 ms. Memory: 120832K Free: 102049K (84%)
/home/travis/build/icyphy/ptII/ptolemy/actor/lib/test/Maximum.tcl
4 ms. Memory: 120832K Free: 100001K (83%)
2 ms. Memory: 120832K Free: 99505K (82%)
2 ms. Memory: 120832K Free: 98481K (82%)
2 ms. Memory: 120832K Free: 97953K (81%)
/home/travis/build/icyphy/ptII/ptolemy/actor/lib/test/Minimum.tcl
4 ms. Memory: 120832K Free: 96433K (80%)
2 ms. Memory: 120832K Free: 95919K (79%)
2 ms. Memory: 120832K Free: 94881K (79%)
2 ms. Memory: 120832K Free: 94385K (78%)
/home/travis/build/icyphy/ptII/ptolemy/actor/lib/test/MultiplyDivide.tcl
9 ms. Memory: 120832K Free: 92337K (76%)
7 ms. Memory: 120832K Free: 91823K (76%)
10 ms. Memory: 120832K Free: 90785K (75%)
3 ms. Memory: 120832K Free: 90289K (75%)
2 ms. Memory: 120832K Free: 89745K (74%)
/home/travis/build/icyphy/ptII/ptolemy/actor/lib/test/OrderedMerge.tcl
Connections changed on port: inputA
Connections changed on port: inputB
Connections changed on port: output
Connections changed on port: output
Connections changed on port: output
Connections changed on port: input
.top. Preinitializing ...
Invoking preinitialize():  .top.OrderedMerge
Called preinitialize()
Invoking preinitialize():  .top.Ramp
Called preinitialize()
Invoking preinitialize():  .top.Ramp2
Called preinitialize()
Invoking preinitialize():  .top.Test
Called preinitialize()
Connections changed on port: inputA
Connections changed on port: output
Connections changed on port: output
Connections changed on port: input
Connections changed on port: inputB
Connections changed on port: output
.top. Finished preinitialize().
Called initialize().
Invoking initialize():  .top.OrderedMerge
Initializing actor: .top.OrderedMerge
Adding a thread: .top.OrderedMerge
Invoking initialize():  .top.Ramp
Initializing actor: .top.Ramp
Adding a thread: .top.Ramp
Invoking initialize():  .top.Ramp2
Initializing actor: .top.Ramp2
Adding a thread: .top.Ramp2
Invoking initialize():  .top.Test
Initializing actor: .top.Test
Adding a thread: .top.Test
-- Starting thread.
Called initialize()
Called prefire()
Called fire()
Called fire().
Checking for deadlock:
-- Starting thread.
Called initialize()
There are 1 Blocked actors, 0 Stopped actors, and 4 active threads.
Waiting for actors to stop.
Called prefire()
-- Starting thread.
Called initialize()
Called prefire()
Called fire()
-- Starting thread.
Called initialize()
Called fire()
Called postfire()
Called prefire()
Called fire()
Called prefire()
Called fire()
Called postfire()
Called prefire()
Called fire()
Checking for deadlock:
There are 3 Blocked actors, 0 Stopped actors, and 4 active threads.
Waiting for actors to stop.
Read input token from inputA with value 0.0
Next port to read input from is inputB
Called postfire()
Called prefire()
Called fire()
Read input token from inputB with value 0.0
Sent output token with value 0.0
Next port to read input from is inputA
Called postfire()
Called prefire()
Called fire()
Checking for deadlock:
There are 1 Blocked actors, 0 Stopped actors, and 4 active threads.
Waiting for actors to stop.
-- Read input: 0.0, which is expected to match: 0.0
Called prefire()
Called fire()
Called postfire()
Called prefire()
Called fire()
Called postfire()
Called prefire()
Called fire()
Read input token from inputA with value 1.0
Sent output token with value 0.0
Next port to read input from is inputB
Called postfire()
Called prefire()
Called fire()
Read input token from inputB with value 1.5
Checking for deadlock:
There are 1 Blocked actors, 0 Stopped actors, and 4 active threads.
Waiting for actors to stop.
-- Read input: 0.0, which is expected to match: 0.0
Called prefire()
Called fire()
Called postfire()
Called prefire()
Called fire()
Called postfire()
Called prefire()
Called fire()
Checking for deadlock:
There are 3 Blocked actors, 0 Stopped actors, and 4 active threads.
Waiting for actors to stop.
Sent output token with value 1.0
Next port to read input from is inputA
Called postfire()
Called prefire()
Called fire()
Read input token from inputA with value 2.0
-- Read input: 1.0, which is expected to match: 1.0
Called prefire()
Called fire()
Called postfire()
Called prefire()
Called fire()
Sent output token with value 1.5
Next port to read input from is inputB
Called postfire()
Called prefire()
Called fire()
Read input token from inputB with value 3.0
Checking for deadlock:
There are 2 Blocked actors, 0 Stopped actors, and 4 active threads.
Waiting for actors to stop.
-- Read input: 1.5, which is expected to match: 1.5
Called prefire()
Called fire()
Called postfire()
Called prefire()
Called fire()
Checking for deadlock:
There are 3 Blocked actors, 0 Stopped actors, and 4 active threads.
Waiting for actors to stop.
-- Read input: 2.0, which is expected to match: 2.0
Called prefire()
Called fire()
Sent output token with value 2.0
Next port to read input from is inputA
Called postfire()
Called prefire()
Called fire()
Read input token from inputA with value 3.0
Sent output token with value 3.0
Next port to read input from is inputB
Called postfire()
Called prefire()
Called fire()
Read input token from inputB with value 4.5
Checking for deadlock:
There are 1 Blocked actors, 0 Stopped actors, and 4 active threads.
Waiting for actors to stop.
-- Read input: 3.0, which is expected to match: 3.0
Called prefire()
Called fire()
Called postfire()
Called prefire()
Called fire()
Called postfire()
Called prefire()
Called fire()
Checking for deadlock:
There are 3 Blocked actors, 0 Stopped actors, and 4 active threads.
Waiting for actors to stop.
Sent output token with value 3.0
Next port to read input from is inputA
Called postfire()
Called prefire()
Called fire()
Read input token from inputA with value 4.0
-- Read input: 3.0, which is expected to match: 3.0
Called prefire()
Called fire()
Called postfire()
Called prefire()
Called fire()
Checking for deadlock:
There are 3 Blocked actors, 0 Stopped actors, and 4 active threads.
Waiting for actors to stop.
-- Read input: 4.0, which is expected to match: 4.0
Called prefire()
Called fire()
Past the end of training data. Read and discard all inputs.
Checking for deadlock:
There are 3 Blocked actors, 0 Stopped actors, and 4 active threads.
Waiting for actors to stop.
Sent output token with value 4.0
Next port to read input from is inputA
Called postfire()
Called prefire()
Called fire()
Checking for deadlock:
There are 2 Blocked actors, 0 Stopped actors, and 4 active threads.
Waiting for actors to stop.
Called postfire()
Called prefire()
Called fire()
Checking for deadlock:
There are 3 Blocked actors, 0 Stopped actors, and 4 active threads.
Waiting for actors to stop.
Read input token from inputA with value 5.0
Called prefire()
Called fire()
Past the end of training data. Read and discard all inputs.
Checking for deadlock:
There are 3 Blocked actors, 0 Stopped actors, and 4 active threads.
Waiting for actors to stop.
Sent output token with value 4.5
Next port to read input from is inputB
Called postfire()
Called prefire()
Called fire()
Called postfire()
Called prefire()
Called fire()
Checking for deadlock:
There are 3 Blocked actors, 0 Stopped actors, and 4 active threads.
Waiting for actors to stop.
Read input token from inputB with value 6.0
Called prefire()
Called fire()
Past the end of training data. Read and discard all inputs.
Checking for deadlock:
There are 3 Blocked actors, 0 Stopped actors, and 4 active threads.
Waiting for actors to stop.
Sent output token with value 5.0
Next port to read input from is inputA
Called postfire()
Called prefire()
Called fire()
Checking for deadlock:
There are 2 Blocked actors, 0 Stopped actors, and 4 active threads.
Waiting for actors to stop.
Called postfire()
Called prefire()
Called fire()
Checking for deadlock:
There are 3 Blocked actors, 0 Stopped actors, and 4 active threads.
Waiting for actors to stop.
Read input token from inputA with value 6.0
Checking for deadlock:
There are 2 Blocked actors, 0 Stopped actors, and 4 active threads.
Waiting for actors to stop.
Called prefire()
Called fire()
Past the end of training data. Read and discard all inputs.
Checking for deadlock:
There are 3 Blocked actors, 0 Stopped actors, and 4 active threads.
Waiting for actors to stop.
Sent output token with value 6.0
Next port to read input from is inputB
Called postfire()
Called prefire()
Called fire()
Called postfire()
Called prefire()
Called fire()
Checking for deadlock:
There are 3 Blocked actors, 0 Stopped actors, and 4 active threads.
Waiting for actors to stop.
Read input token from inputB with value 7.5
Called prefire()
Called fire()
Past the end of training data. Read and discard all inputs.
Checking for deadlock:
There are 3 Blocked actors, 0 Stopped actors, and 4 active threads.
Waiting for actors to stop.
Sent output token with value 6.0
Next port to read input from is inputA
Called postfire()
Called prefire()
Called fire()
Checking for deadlock:
There are 2 Blocked actors, 0 Stopped actors, and 4 active threads.
Waiting for actors to stop.
Called postfire()
Called prefire()
Called fire()
Checking for deadlock:
There are 3 Blocked actors, 0 Stopped actors, and 4 active threads.
Waiting for actors to stop.
Read input token from inputA with value 7.0
Checking for deadlock:
There are 2 Blocked actors, 0 Stopped actors, and 4 active threads.
Waiting for actors to stop.
Called prefire()
Called fire()
Past the end of training data. Read and discard all inputs.
Checking for deadlock:
There are 3 Blocked actors, 0 Stopped actors, and 4 active threads.
Waiting for actors to stop.
Sent output token with value 7.0
Next port to read input from is inputA
Called postfire()
Called prefire()
Called fire()
Checking for deadlock:
There are 2 Blocked actors, 0 Stopped actors, and 4 active threads.
Waiting for actors to stop.
-- Thread wrapup() called.
Called wrapup()
Thread .top.Ramp is exiting.
-- Thread stopped.
Checking for deadlock:
There are 2 Blocked actors, 0 Stopped actors, and 3 active threads.
Waiting for actors to stop.
Read input token from inputA with value 8.0
Called prefire()
Called fire()
Past the end of training data. Read and discard all inputs.
Checking for deadlock:
There are 2 Blocked actors, 0 Stopped actors, and 3 active threads.
Waiting for actors to stop.
Sent output token with value 7.5
Next port to read input from is inputB
Called postfire()
Called prefire()
Called fire()
Checking for deadlock:
There are 1 Blocked actors, 0 Stopped actors, and 3 active threads.
Waiting for actors to stop.
Called postfire()
Called prefire()
Called fire()
Checking for deadlock:
There are 2 Blocked actors, 0 Stopped actors, and 3 active threads.
Waiting for actors to stop.
Read input token from inputB with value 9.0
Checking for deadlock:
There are 1 Blocked actors, 0 Stopped actors, and 3 active threads.
Waiting for actors to stop.
Called prefire()
Called fire()
Past the end of training data. Read and discard all inputs.
Checking for deadlock:
There are 2 Blocked actors, 0 Stopped actors, and 3 active threads.
Waiting for actors to stop.
Sent output token with value 8.0
Next port to read input from is inputA
Called postfire()
Called prefire()
Called fire()
Read input token from inputA with value 9.0
Called prefire()
Called fire()
Past the end of training data. Read and discard all inputs.
Checking for deadlock:
There are 2 Blocked actors, 0 Stopped actors, and 3 active threads.
Waiting for actors to stop.
Sent output token with value 9.0
Next port to read input from is inputB
Called postfire()
Called prefire()
Called fire()
Called postfire()
Called prefire()
Called fire()
Checking for deadlock:
There are 2 Blocked actors, 0 Stopped actors, and 3 active threads.
Waiting for actors to stop.
Read input token from inputB with value 10.5
Called prefire()
Called fire()
Past the end of training data. Read and discard all inputs.
Checking for deadlock:
There are 2 Blocked actors, 0 Stopped actors, and 3 active threads.
Waiting for actors to stop.
Sent output token with value 9.0
Next port to read input from is inputA
Called postfire()
Called prefire()
Called fire()
Checking for deadlock:
There are 3 Blocked actors, 0 Stopped actors, and 3 active threads.
Actors have stopped.
Checking for deadlock:
There are 3 Blocked actors, 0 Stopped actors, and 3 active threads.
Deadlock detected.
Resolving Deadlock
Checking for deadlock:
There are 3 Blocked actors, 0 Stopped actors, and 3 active threads.
Artificial Deadlock - increasing queue capacity.
increasing the capacity of receiver ptolemy.actor.TypedIOPort {.top.OrderedMerge.inputB} to 2
Director: Called postfire().
Called postfire().
_stopRequested = false
_stopFireRequested = false
Returning from postfire(): true
Called fire().
Checking for deadlock:
There are 2 Blocked actors, 0 Stopped actors, and 3 active threads.
Waiting for actors to stop.
-- Thread wrapup() called.
Called wrapup()
Thread .top.Ramp2 is exiting.
-- Thread stopped.
Checking for deadlock:
There are 2 Blocked actors, 0 Stopped actors, and 2 active threads.
Actors have stopped.
Checking for deadlock:
There are 2 Blocked actors, 0 Stopped actors, and 2 active threads.
Deadlock detected.
Resolving Deadlock
Checking for deadlock:
There are 2 Blocked actors, 0 Stopped actors, and 2 active threads.
Deadlock detected: no processes blocked on write, but some are blocked on read.
Called postfire().
_stopRequested = false
_stopFireRequested = false
Returning from postfire(): false
Finished deactivating branches.
Called wrapup().
-- Thread wrapup() called.
Called wrapup()
Thread .top.Test is exiting.
-- Thread stopped.
-- Blocked Receiver call threw TerminateProcessException.
-- Thread wrapup() called.
Called wrapup()
Thread .top.OrderedMerge is exiting.
-- Thread stopped.
-- Blocked Receiver call threw TerminateProcessException.
54 ms. Memory: 120832K Free: 84586K (70%)
.top. Preinitializing ...
Invoking preinitialize():  .top.OrderedMerge
Called preinitialize()
Invoking preinitialize():  .top.Ramp
Called preinitialize()
Invoking preinitialize():  .top.Ramp2
Called preinitialize()
Invoking preinitialize():  .top.Test
Called preinitialize()
.top. Finished preinitialize().
Called initialize().
Invoking initialize():  .top.OrderedMerge
Initializing actor: .top.OrderedMerge
Adding a thread: .top.OrderedMerge
Invoking initialize():  .top.Ramp
Initializing actor: .top.Ramp
Adding a thread: .top.Ramp
Invoking initialize():  .top.Ramp2
Initializing actor: .top.Ramp2
Adding a thread: .top.Ramp2
Invoking initialize():  .top.Test
Initializing actor: .top.Test
Adding a thread: .top.Test
-- Starting thread.
Called initialize()
Called prefire()
Called fire()
-- Starting thread.
Called initialize()
Called prefire()
Called fire()
Called postfire()
Called prefire()
Called fire()
-- Starting thread.
Called initialize()
Called prefire()
Called fire()
Called postfire()
Called prefire()
Called fire()
Called fire().
Checking for deadlock:
There are 3 Blocked actors, 0 Stopped actors, and 4 active threads.
Waiting for actors to stop.
-- Starting thread.
Called initialize()
Called prefire()
Called fire()
Checking for deadlock:
There are 2 Blocked actors, 0 Stopped actors, and 4 active threads.
Waiting for actors to stop.
Called postfire()
Called prefire()
Called fire()
Checking for deadlock:
There are 3 Blocked actors, 0 Stopped actors, and 4 active threads.
Waiting for actors to stop.
Read input token from inputA with value 0.0
Next port to read input from is inputB
Called postfire()
Called prefire()
Called fire()
Checking for deadlock:
There are 2 Blocked actors, 0 Stopped actors, and 4 active threads.
Waiting for actors to stop.
Called postfire()
Called prefire()
Called fire()
Checking for deadlock:
There are 3 Blocked actors, 0 Stopped actors, and 4 active threads.
Waiting for actors to stop.
Read input token from inputB with value 0.0
Checking for deadlock:
There are 2 Blocked actors, 0 Stopped actors, and 4 active threads.
Waiting for actors to stop.
-- Read input: 0.0, which is expected to match: 0.0
Called prefire()
Called fire()
Checking for deadlock:
There are 3 Blocked actors, 0 Stopped actors, and 4 active threads.
Waiting for actors to stop.
Sent output token with value 0.0
Next port to read input from is inputA
Called postfire()
Called prefire()
Called fire()
Checking for deadlock:
There are 2 Blocked actors, 0 Stopped actors, and 4 active threads.
Waiting for actors to stop.
Called postfire()
Called prefire()
Called fire()
Checking for deadlock:
There are 3 Blocked actors, 0 Stopped actors, and 4 active threads.
Waiting for actors to stop.
Read input token from inputA with value 1.0
Checking for deadlock:
There are 2 Blocked actors, 0 Stopped actors, and 4 active threads.
Waiting for actors to stop.
-- Read input: 0.0, which is expected to match: 0.0
Called prefire()
Called fire()
Checking for deadlock:
There are 3 Blocked actors, 0 Stopped actors, and 4 active threads.
Waiting for actors to stop.
Sent output token with value 0.0
Next port to read input from is inputB
Called postfire()
Called prefire()
Called fire()
Called postfire()
Called prefire()
Called fire()
Checking for deadlock:
There are 3 Blocked actors, 0 Stopped actors, and 4 active threads.
Waiting for actors to stop.
Read input token from inputB with value 1.5
-- Read input: 1.0, which is expected to match: 1.0
Called prefire()
Called fire()
Checking for deadlock:
There are 3 Blocked actors, 0 Stopped actors, and 4 active threads.
Waiting for actors to stop.
Sent output token with value 1.0
Next port to read input from is inputA
Called postfire()
Called prefire()
Called fire()
Called postfire()
Called prefire()
Called fire()
Checking for deadlock:
There are 3 Blocked actors, 0 Stopped actors, and 4 active threads.
Waiting for actors to stop.
Read input token from inputA with value 2.0
-- Read input: 1.5, which is expected to match: 1.5
Called prefire()
Called fire()
Checking for deadlock:
There are 3 Blocked actors, 0 Stopped actors, and 4 active threads.
Waiting for actors to stop.
Sent output token with value 1.5
Next port to read input from is inputB
Called postfire()
Called prefire()
Called fire()
Called postfire()
Called prefire()
Called fire()
Checking for deadlock:
There are 3 Blocked actors, 0 Stopped actors, and 4 active threads.
Waiting for actors to stop.
Read input token from inputB with value 3.0
-- Read input: 2.0, which is expected to match: 2.0
Called prefire()
Called fire()
Checking for deadlock:
There are 3 Blocked actors, 0 Stopped actors, and 4 active threads.
Waiting for actors to stop.
Sent output token with value 2.0
Next port to read input from is inputA
Called postfire()
Called prefire()
Called fire()
Called postfire()
Called prefire()
Called fire()
Checking for deadlock:
There are 3 Blocked actors, 0 Stopped actors, and 4 active threads.
Waiting for actors to stop.
Read input token from inputA with value 3.0
-- Read input: 3.0, which is expected to match: 3.0
Called prefire()
Called fire()
Checking for deadlock:
There are 3 Blocked actors, 0 Stopped actors, and 4 active threads.
Waiting for actors to stop.
Sent output token with value 3.0
Next port to read input from is inputB
Called postfire()
Called prefire()
Called fire()
Called postfire()
Called prefire()
Called fire()
Checking for deadlock:
There are 3 Blocked actors, 0 Stopped actors, and 4 active threads.
Waiting for actors to stop.
Read input token from inputB with value 4.5
-- Read input: 3.0, which is expected to match: 3.0
Called prefire()
Called fire()
Checking for deadlock:
There are 3 Blocked actors, 0 Stopped actors, and 4 active threads.
Waiting for actors to stop.
Sent output token with value 3.0
Next port to read input from is inputA
Called postfire()
Called prefire()
Called fire()
Called postfire()
Called prefire()
Called fire()
Checking for deadlock:
There are 3 Blocked actors, 0 Stopped actors, and 4 active threads.
Waiting for actors to stop.
Read input token from inputA with value 4.0
-- Read input: 4.0, which is expected to match: 4.0
Called prefire()
Called fire()
Past the end of training data. Read and discard all inputs.
Checking for deadlock:
There are 3 Blocked actors, 0 Stopped actors, and 4 active threads.
Waiting for actors to stop.
Sent output token with value 4.0
Next port to read input from is inputA
Called postfire()
Called prefire()
Called fire()
Called postfire()
Called prefire()
Called fire()
Checking for deadlock:
There are 3 Blocked actors, 0 Stopped actors, and 4 active threads.
Waiting for actors to stop.
Read input token from inputA with value 5.0
Called prefire()
Called fire()
Past the end of training data. Read and discard all inputs.
Checking for deadlock:
There are 3 Blocked actors, 0 Stopped actors, and 4 active threads.
Waiting for actors to stop.
Sent output token with value 4.5
Next port to read input from is inputB
Called postfire()
Called prefire()
Called fire()
Called postfire()
Called prefire()
Called fire()
Checking for deadlock:
There are 3 Blocked actors, 0 Stopped actors, and 4 active threads.
Waiting for actors to stop.
Read input token from inputB with value 6.0
Called prefire()
Called fire()
Past the end of training data. Read and discard all inputs.
Checking for deadlock:
There are 3 Blocked actors, 0 Stopped actors, and 4 active threads.
Waiting for actors to stop.
Sent output token with value 5.0
Next port to read input from is inputA
Called postfire()
Called prefire()
Called fire()
Checking for deadlock:
There are 2 Blocked actors, 0 Stopped actors, and 4 active threads.
Waiting for actors to stop.
Called postfire()
Called prefire()
Called fire()
Checking for deadlock:
There are 3 Blocked actors, 0 Stopped actors, and 4 active threads.
Waiting for actors to stop.
Read input token from inputA with value 6.0
Checking for deadlock:
There are 2 Blocked actors, 0 Stopped actors, and 4 active threads.
Waiting for actors to stop.
Called prefire()
Called fire()
Past the end of training data. Read and discard all inputs.
Checking for deadlock:
There are 3 Blocked actors, 0 Stopped actors, and 4 active threads.
Waiting for actors to stop.
Sent output token with value 6.0
Next port to read input from is inputB
Called postfire()
Called prefire()
Called fire()
Called postfire()
Called prefire()
Called fire()
Checking for deadlock:
There are 3 Blocked actors, 0 Stopped actors, and 4 active threads.
Waiting for actors to stop.
Read input token from inputB with value 7.5
Called prefire()
Called fire()
Past the end of training data. Read and discard all inputs.
Checking for deadlock:
There are 3 Blocked actors, 0 Stopped actors, and 4 active threads.
Waiting for actors to stop.
Sent output token with value 6.0
Next port to read input from is inputA
Called postfire()
Called prefire()
Called fire()
Checking for deadlock:
There are 2 Blocked actors, 0 Stopped actors, and 4 active threads.
Waiting for actors to stop.
Called postfire()
Called prefire()
Called fire()
Checking for deadlock:
There are 3 Blocked actors, 0 Stopped actors, and 4 active threads.
Waiting for actors to stop.
Read input token from inputA with value 7.0
Checking for deadlock:
There are 2 Blocked actors, 0 Stopped actors, and 4 active threads.
Waiting for actors to stop.
Called prefire()
Called fire()
Past the end of training data. Read and discard all inputs.
Checking for deadlock:
There are 3 Blocked actors, 0 Stopped actors, and 4 active threads.
Waiting for actors to stop.
Sent output token with value 7.0
Next port to read input from is inputA
Called postfire()
Called prefire()
Called fire()
Checking for deadlock:
There are 2 Blocked actors, 0 Stopped actors, and 4 active threads.
Waiting for actors to stop.
-- Thread wrapup() called.
Called wrapup()
Thread .top.Ramp is exiting.
-- Thread stopped.
Checking for deadlock:
There are 2 Blocked actors, 0 Stopped actors, and 3 active threads.
Waiting for actors to stop.
Read input token from inputA with value 8.0
Called prefire()
Called fire()
Past the end of training data. Read and discard all inputs.
Checking for deadlock:
There are 2 Blocked actors, 0 Stopped actors, and 3 active threads.
Waiting for actors to stop.
Sent output token with value 7.5
Next port to read input from is inputB
Called postfire()
Called prefire()
Called fire()
Checking for deadlock:
There are 1 Blocked actors, 0 Stopped actors, and 3 active threads.
Waiting for actors to stop.
Called postfire()
Called prefire()
Called fire()
Checking for deadlock:
There are 2 Blocked actors, 0 Stopped actors, and 3 active threads.
Waiting for actors to stop.
Read input token from inputB with value 9.0
Checking for deadlock:
There are 1 Blocked actors, 0 Stopped actors, and 3 active threads.
Waiting for actors to stop.
Called prefire()
Called fire()
Past the end of training data. Read and discard all inputs.
Checking for deadlock:
There are 2 Blocked actors, 0 Stopped actors, and 3 active threads.
Waiting for actors to stop.
Sent output token with value 8.0
Next port to read input from is inputA
Called postfire()
Called prefire()
Called fire()
Read input token from inputA with value 9.0
Called prefire()
Called fire()
Past the end of training data. Read and discard all inputs.
Checking for deadlock:
There are 2 Blocked actors, 0 Stopped actors, and 3 active threads.
Waiting for actors to stop.
Sent output token with value 9.0
Next port to read input from is inputB
Called postfire()
Called prefire()
Called fire()
Called postfire()
Called prefire()
Called fire()
Checking for deadlock:
There are 2 Blocked actors, 0 Stopped actors, and 3 active threads.
Waiting for actors to stop.
Read input token from inputB with value 10.5
Called prefire()
Called fire()
Past the end of training data. Read and discard all inputs.
Checking for deadlock:
There are 2 Blocked actors, 0 Stopped actors, and 3 active threads.
Waiting for actors to stop.
Sent output token with value 9.0
Next port to read input from is inputA
Called postfire()
Called prefire()
Called fire()
Checking for deadlock:
There are 3 Blocked actors, 0 Stopped actors, and 3 active threads.
Actors have stopped.
Checking for deadlock:
There are 3 Blocked actors, 0 Stopped actors, and 3 active threads.
Deadlock detected.
Resolving Deadlock
Checking for deadlock:
There are 3 Blocked actors, 0 Stopped actors, and 3 active threads.
Artificial Deadlock - increasing queue capacity.
increasing the capacity of receiver ptolemy.actor.TypedIOPort {.top.OrderedMerge.inputB} to 2
Director: Called postfire().
Called postfire().
_stopRequested = false
_stopFireRequested = false
Returning from postfire(): true
Called fire().
Checking for deadlock:
There are 2 Blocked actors, 0 Stopped actors, and 3 active threads.
Waiting for actors to stop.
-- Thread wrapup() called.
Called wrapup()
Thread .top.Ramp2 is exiting.
-- Thread stopped.
Checking for deadlock:
There are 2 Blocked actors, 0 Stopped actors, and 2 active threads.
Actors have stopped.
Checking for deadlock:
There are 2 Blocked actors, 0 Stopped actors, and 2 active threads.
Deadlock detected.
Resolving Deadlock
Checking for deadlock:
There are 2 Blocked actors, 0 Stopped actors, and 2 active threads.
Deadlock detected: no processes blocked on write, but some are blocked on read.
Called postfire().
_stopRequested = false
_stopFireRequested = false
Returning from postfire(): false
Finished deactivating branches.
Called wrapup().
-- Thread wrapup() called.
Called wrapup()
-- Thread wrapup() called.
Called wrapup()
Thread .top.Test is exiting.
-- Thread stopped.
-- Blocked Receiver call threw TerminateProcessException.
Thread .top.OrderedMerge is exiting.
36 ms. Memory: 120832K Free: 82097K (68%)
/home/travis/build/icyphy/ptII/ptolemy/actor/lib/test/Publisher.tcl
-- Thread stopped.
-- Blocked Receiver call threw TerminateProcessException.
20 ms. Memory: 120832K Free: 75953K (63%)
4 ms. Memory: 120832K Free: 70833K (59%)
19 ms. Memory: 120832K Free: 67233K (56%)
4 ms. Memory: 120832K Free: 66193K (55%)
2 ms. Memory: 120832K Free: 65185K (54%)
4 ms. Memory: 120832K Free: 64689K (54%)
3 ms. Memory: 120832K Free: 63665K (53%)
3 ms. Memory: 120832K Free: 63151K (52%)
37 ms. Memory: 120832K Free: 105033K (87%)
17 ms. Memory: 120832K Free: 101003K (84%)
2 ms. Memory: 120832K Free: 100493K (83%)
4 ms. Memory: 120832K Free: 98445K (81%)
15 ms. Memory: 120832K Free: 90763K (75%)
14 ms. Memory: 120832K Free: 81037K (67%)
6 ms. Memory: 120832K Free: 70283K (58%)
/home/travis/build/icyphy/ptII/ptolemy/actor/lib/test/Pulse.tcl
3 ms. Memory: 145408K Free: 114598K (79%)
1 ms. Memory: 145408K Free: 114095K (78%)
2 ms. Memory: 145408K Free: 113550K (78%)
1 ms. Memory: 145408K Free: 113071K (78%)
1 ms. Memory: 145408K Free: 112542K (77%)
6 ms. Memory: 145408K Free: 111533K (77%)
3 ms. Memory: 145408K Free: 110478K (76%)
2 ms. Memory: 145408K Free: 109470K (75%)
1 ms. Memory: 145408K Free: 108975K (75%)
/home/travis/build/icyphy/ptII/ptolemy/actor/lib/test/Ramp.tcl
3 ms. Memory: 145408K Free: 106927K (74%)
3 ms. Memory: 145408K Free: 106406K (73%)
2 ms. Memory: 145408K Free: 105374K (72%)
2 ms. Memory: 145408K Free: 104879K (72%)
4 ms. Memory: 145408K Free: 103855K (71%)
5 ms. Memory: 145408K Free: 103326K (71%)
5 ms. Memory: 145408K Free: 102302K (70%)
5 actors
5000 microseconds per iteration to create
14 ms. Memory: 145408K Free: 99214K (68%)
3 ms. Memory: 145408K Free: 98735K (68%)
5 ms. Memory: 145408K Free: 98221K (68%)
2 ms. Memory: 145408K Free: 97711K (67%)
50 actors
57000 microseconds per iteration to create
40 ms. Memory: 145408K Free: 81822K (56%)
18 ms. Memory: 145408K Free: 80806K (56%)
14 ms. Memory: 145408K Free: 79774K (55%)
5 ms. Memory: 145408K Free: 78734K (54%)
500 actors
1682000 microseconds per iteration to create
283 ms. Memory: 145408K Free: 55247K (38%)
55 ms. Memory: 145408K Free: 50127K (34%)
82 ms. Memory: 145408K Free: 119785K (82%)
37 ms. Memory: 145408K Free: 114665K (79%)
/home/travis/build/icyphy/ptII/ptolemy/actor/lib/test/RampContinuous.tcl
7 ms. Memory: 145408K Free: 113131K (78%)
/home/travis/build/icyphy/ptII/ptolemy/actor/lib/test/RecordAssembler.tcl
6 ms. Memory: 145408K Free: 111563K (77%)
4 ms. Memory: 145408K Free: 110555K (76%)
/home/travis/build/icyphy/ptII/ptolemy/actor/lib/test/RecordDisassembler.tcl
15 ms. Memory: 145408K Free: 108521K (75%)
6 ms. Memory: 145408K Free: 108011K (74%)
4 ms. Memory: 145408K Free: 106987K (74%)
/home/travis/build/icyphy/ptII/ptolemy/actor/lib/test/Scale.tcl
4 ms. Memory: 145408K Free: 104939K (72%)
2 ms. Memory: 145408K Free: 104425K (72%)
2 ms. Memory: 145408K Free: 103387K (71%)
3 ms. Memory: 145408K Free: 102377K (70%)
3 ms. Memory: 145408K Free: 101867K (70%)
/home/travis/build/icyphy/ptII/ptolemy/actor/lib/test/SequentialClock.tcl
preinitializing
resolving types
initializing
executing number 1
wrapping up
idle
4 ms. Memory: 145408K Free: 100329K (69%)
Completed execution with 5 iterations
preinitializing
resolving types
initializing
executing number 1
wrapping up
idle
2 ms. Memory: 145408K Free: 99819K (69%)
Completed execution with 5 iterations
preinitializing
resolving types
initializing
executing number 1
wrapping up
idle
2 ms. Memory: 145408K Free: 99291K (68%)
Completed execution with 5 iterations
/home/travis/build/icyphy/ptII/ptolemy/actor/lib/test/SetVariable.tcl
4 ms. Memory: 145408K Free: 97771K (67%)


==== $PTII/ptolemy/actor/lib/test/SetVariable.tcl: SetVariable-3.1 changeFailed
==== Contents of test case:

    #Uses 2.1 above
    jdkCaptureErr {
        # This test was failing if we ran Exit.tcl and then this test.
        # MessageHandler.error() now actually throws the Exception.
	catch {$setVariable changeFailed [java::null]  [java::new Exception {Test exception for SetVariable.changeFailed()}]} errMsg
    } results
    list [string range $results 0 89] "\n" $errMsg

==== Result was:
{java.lang.Exception: Test exception for SetVariable.changeFailed()
	at java.base/jdk.inter} {
} {java.lang.RuntimeException: java.lang.Exception: Test exception for SetVariable.changeFailed()}
---- Result should have been:
{Failed to set variable.
java.lang.Exception: Test exception for SetVariable.changeFailed()} {
} {java.lang.RuntimeException: java.lang.Exception: Test exception for SetVariable.changeFailed()}
---- SetVariable-3.1 FAILED
/home/travis/build/icyphy/ptII/ptolemy/actor/lib/test/Sinewave.tcl
/home/travis/build/icyphy/ptII/ptolemy/actor/lib/test/SubscriptionAggregator.tcl
5 ms. Memory: 145408K Free: 85483K (59%)
11 ms. Memory: 145408K Free: 84955K (58%)
0 ms. Memory: 145408K Free: 84459K (58%)
0 ms. Memory: 145408K Free: 83931K (58%)
2 ms. Memory: 145408K Free: 80363K (55%)
10 ms. Memory: 145408K Free: 78315K (54%)
...............................................................1125 ms. Memory: 306176K Free: 237054K (77%)
/home/travis/build/icyphy/ptII/ptolemy/actor/lib/test/Test.tcl
 The next command will produce a warning about training mode,
   which may be ignored.
6 ms. Memory: 306176K Free: 234975K (77%)
3 ms. Memory: 306176K Free: 234496K (77%)
1 ms. Memory: 306176K Free: 233967K (76%)
1 ms. Memory: 306176K Free: 232958K (76%)
2 ms. Memory: 306176K Free: 232448K (76%)
3 ms. Memory: 306176K Free: 231424K (76%)
3 ms. Memory: 306176K Free: 229871K (75%)
 The next command will produce a warning about training mode,
   which may be ignored.
17 ms. Memory: 306176K Free: 227807K (74%)
 The next command will produce a warning about training mode,
   which may be ignored.
2 ms. Memory: 306176K Free: 226304K (74%)
1 ms. Memory: 306176K Free: 226304K (74%)
1 ms. Memory: 306176K Free: 225790K (74%)
2 ms. Memory: 306176K Free: 225280K (74%)
6 ms. Memory: 306176K Free: 224256K (73%)
6 ms. Memory: 306176K Free: 220160K (72%)
/home/travis/build/icyphy/ptII/ptolemy/actor/lib/test/TestExceptionHandler.tcl
 The next command will produce a warning about training mode,
   which may be ignored.
3 ms. Memory: 306176K Free: 219136K (72%)
1 ms. Memory: 306176K Free: 218615K (71%)
2 ms. Memory: 306176K Free: 218112K (71%)
/home/travis/build/icyphy/ptII/ptolemy/actor/lib/test/UnionDisassembler.tcl
17 ms. Memory: 306176K Free: 210430K (69%)
/home/travis/build/icyphy/ptII/ptolemy/actor/lib/test/VariableClock.tcl
preinitializing
resolving types
initializing
executing number 1
wrapping up
idle
10 ms. Memory: 306176K Free: 208896K (68%)
Completed execution with 11 iterations
preinitializing
resolving types
initializing
executing number 1
wrapping up
idle
10 ms. Memory: 306176K Free: 207343K (68%)
Completed execution with 10 iterations
10/19/19 06:02:42
Failed: 1  Total Tests: 234  ((Passed: 233, Newly Passed: 0)  Known Failed: 0) /home/travis/build/icyphy/ptII/ptolemy/actor/lib/test
----------------- testing (KnownFailure) /home/travis/build/icyphy/ptII/ptolemy/actor/lib/test/auto/knownFailedTests/PublisherPortToplevelSubscriber.xml
1 ms. Memory: 306176K Free: 203776K (67%)
Known Failure: java.lang.reflect.InvocationTargetException
----------------- testing (KnownFailure) /home/travis/build/icyphy/ptII/ptolemy/actor/lib/test/auto/knownFailedTests/PublisherSubscriberPortToplevel.xml
1 ms. Memory: 306176K Free: 200190K (65%)
Known Failure: java.lang.reflect.InvocationTargetException
----------------- testing (KnownFailure) /home/travis/build/icyphy/ptII/ptolemy/actor/lib/test/auto/knownFailedTests/PublisherSubscriptionAggregatorPort.xml
0 ms. Memory: 306176K Free: 196094K (64%)
Known Failure: java.lang.reflect.InvocationTargetException
----------------- testing (KnownFailure) /home/travis/build/icyphy/ptII/ptolemy/actor/lib/test/auto/knownFailedTests/sizedarray3.xml
4 ms. Memory: 306176K Free: 191488K (63%)
Known Failure: java.lang.reflect.InvocationTargetException
No auto/linux-amd64/*.xml tests in /home/travis/build/icyphy/ptII/ptolemy/actor/lib/test
AutoTests.java: About to close Vertx.
AutoTests.java: Vertx closed.

===========================================================================================
----------------- testing Sat Oct 19 06:02:43 UTC 2019 /home/travis/build/icyphy/ptII/ptolemy/actor/lib/test/auto/AbsoluteValue.xml
----------------- Instantiating /home/travis/build/icyphy/ptII/ptolemy/actor/lib/test/auto/AbsoluteValue.xml
4 ms. Memory: 306176K Free: 168960K (55%)
----------------- Invoking toplevel() on ptolemy.moml.MoMLSimpleApplication@13293ce3
----------------- Done invoking toplevel() on ptolemy.moml.MoMLSimpleApplication@13293ce3
reloadAllAccessors: .AbsoluteValue

===========================================================================================
----------------- testing Sat Oct 19 06:02:43 UTC 2019 /home/travis/build/icyphy/ptII/ptolemy/actor/lib/test/auto/AbsoluteValue2.xml
----------------- Instantiating /home/travis/build/icyphy/ptII/ptolemy/actor/lib/test/auto/AbsoluteValue2.xml
5 ms. Memory: 306176K Free: 161792K (53%)
----------------- Invoking toplevel() on ptolemy.moml.MoMLSimpleApplication@685a5167
----------------- Done invoking toplevel() on ptolemy.moml.MoMLSimpleApplication@685a5167
reloadAllAccessors: .AbsoluteValue2

===========================================================================================
----------------- testing Sat Oct 19 06:02:43 UTC 2019 /home/travis/build/icyphy/ptII/ptolemy/actor/lib/test/auto/Accumulator.xml
----------------- Instantiating /home/travis/build/icyphy/ptII/ptolemy/actor/lib/test/auto/Accumulator.xml
6 ms. Memory: 306176K Free: 155648K (51%)
----------------- Invoking toplevel() on ptolemy.moml.MoMLSimpleApplication@270eccc3
----------------- Done invoking toplevel() on ptolemy.moml.MoMLSimpleApplication@270eccc3
reloadAllAccessors: .Accumulator

===========================================================================================
----------------- testing Sat Oct 19 06:02:43 UTC 2019 /home/travis/build/icyphy/ptII/ptolemy/actor/lib/test/auto/Accumulator2.xml
----------------- Instantiating /home/travis/build/icyphy/ptII/ptolemy/actor/lib/test/auto/Accumulator2.xml
3 ms. Memory: 306176K Free: 150014K (49%)
----------------- Invoking toplevel() on ptolemy.moml.MoMLSimpleApplication@2e729468
----------------- Done invoking toplevel() on ptolemy.moml.MoMLSimpleApplication@2e729468
reloadAllAccessors: .Accumulator2

===========================================================================================
----------------- testing Sat Oct 19 06:02:43 UTC 2019 /home/travis/build/icyphy/ptII/ptolemy/actor/lib/test/auto/Accumulator3.xml
----------------- Instantiating /home/travis/build/icyphy/ptII/ptolemy/actor/lib/test/auto/Accumulator3.xml
3 ms. Memory: 306176K Free: 145918K (48%)
----------------- Invoking toplevel() on ptolemy.moml.MoMLSimpleApplication@667537e0
----------------- Done invoking toplevel() on ptolemy.moml.MoMLSimpleApplication@667537e0
reloadAllAccessors: .Accumulator3

===========================================================================================
----------------- testing Sat Oct 19 06:02:43 UTC 2019 /home/travis/build/icyphy/ptII/ptolemy/actor/lib/test/auto/ArrayAppend.xml
----------------- Instantiating /home/travis/build/icyphy/ptII/ptolemy/actor/lib/test/auto/ArrayAppend.xml
4 ms. Memory: 306176K Free: 139743K (46%)
----------------- Invoking toplevel() on ptolemy.moml.MoMLSimpleApplication@1cdd6d6e
----------------- Done invoking toplevel() on ptolemy.moml.MoMLSimpleApplication@1cdd6d6e
reloadAllAccessors: .ArrayAppend

===========================================================================================
----------------- testing Sat Oct 19 06:02:43 UTC 2019 /home/travis/build/icyphy/ptII/ptolemy/actor/lib/test/auto/ArrayAppend2.xml
----------------- Instantiating /home/travis/build/icyphy/ptII/ptolemy/actor/lib/test/auto/ArrayAppend2.xml
560 ms. Memory: 306176K Free: 216064K (71%)
----------------- Invoking toplevel() on ptolemy.moml.MoMLSimpleApplication@7efe302c
----------------- Done invoking toplevel() on ptolemy.moml.MoMLSimpleApplication@7efe302c
reloadAllAccessors: .ArrayAppend2

===========================================================================================
----------------- testing Sat Oct 19 06:02:43 UTC 2019 /home/travis/build/icyphy/ptII/ptolemy/actor/lib/test/auto/ArrayAppend3.xml
----------------- Instantiating /home/travis/build/icyphy/ptII/ptolemy/actor/lib/test/auto/ArrayAppend3.xml
5 ms. Memory: 306176K Free: 210430K (69%)
----------------- Invoking toplevel() on ptolemy.moml.MoMLSimpleApplication@323bdd41
----------------- Done invoking toplevel() on ptolemy.moml.MoMLSimpleApplication@323bdd41
reloadAllAccessors: .ArrayAppend3

===========================================================================================
----------------- testing Sat Oct 19 06:02:43 UTC 2019 /home/travis/build/icyphy/ptII/ptolemy/actor/lib/test/auto/ArrayAppend4.xml
----------------- Instantiating /home/travis/build/icyphy/ptII/ptolemy/actor/lib/test/auto/ArrayAppend4.xml
3 ms. Memory: 306176K Free: 205310K (67%)
----------------- Invoking toplevel() on ptolemy.moml.MoMLSimpleApplication@7410eafc
----------------- Done invoking toplevel() on ptolemy.moml.MoMLSimpleApplication@7410eafc
reloadAllAccessors: .ArrayAppend4

===========================================================================================
----------------- testing Sat Oct 19 06:02:43 UTC 2019 /home/travis/build/icyphy/ptII/ptolemy/actor/lib/test/auto/ArrayAppend5.xml
----------------- Instantiating /home/travis/build/icyphy/ptII/ptolemy/actor/lib/test/auto/ArrayAppend5.xml
3 ms. Memory: 306176K Free: 199680K (65%)
----------------- Invoking toplevel() on ptolemy.moml.MoMLSimpleApplication@5444c446
----------------- Done invoking toplevel() on ptolemy.moml.MoMLSimpleApplication@5444c446
reloadAllAccessors: .ArrayAppend5

===========================================================================================
----------------- testing Sat Oct 19 06:02:44 UTC 2019 /home/travis/build/icyphy/ptII/ptolemy/actor/lib/test/auto/ArrayAppend6.xml
----------------- Instantiating /home/travis/build/icyphy/ptII/ptolemy/actor/lib/test/auto/ArrayAppend6.xml
4 ms. Memory: 306176K Free: 194046K (63%)
----------------- Invoking toplevel() on ptolemy.moml.MoMLSimpleApplication@57e50888
----------------- Done invoking toplevel() on ptolemy.moml.MoMLSimpleApplication@57e50888
reloadAllAccessors: .ArrayAppend6

===========================================================================================
----------------- testing Sat Oct 19 06:02:44 UTC 2019 /home/travis/build/icyphy/ptII/ptolemy/actor/lib/test/auto/ArrayAppendPerformanceTest.xml
----------------- Instantiating /home/travis/build/icyphy/ptII/ptolemy/actor/lib/test/auto/ArrayAppendPerformanceTest.xml
29 ms. Memory: 306176K Free: 183296K (60%)
----------------- Invoking toplevel() on ptolemy.moml.MoMLSimpleApplication@241a7de9
----------------- Done invoking toplevel() on ptolemy.moml.MoMLSimpleApplication@241a7de9
reloadAllAccessors: .ArrayAppendPerformanceTest

===========================================================================================
----------------- testing Sat Oct 19 06:02:44 UTC 2019 /home/travis/build/icyphy/ptII/ptolemy/actor/lib/test/auto/ArrayAppendWithEmptyInput.xml
----------------- Instantiating /home/travis/build/icyphy/ptII/ptolemy/actor/lib/test/auto/ArrayAppendWithEmptyInput.xml
16 ms. Memory: 306176K Free: 175104K (57%)
----------------- Invoking toplevel() on ptolemy.moml.MoMLSimpleApplication@407515a9
----------------- Done invoking toplevel() on ptolemy.moml.MoMLSimpleApplication@407515a9
reloadAllAccessors: .ArrayAppendWithEmptyInput

===========================================================================================
----------------- testing Sat Oct 19 06:02:44 UTC 2019 /home/travis/build/icyphy/ptII/ptolemy/actor/lib/test/auto/ArrayAverage.xml
----------------- Instantiating /home/travis/build/icyphy/ptII/ptolemy/actor/lib/test/auto/ArrayAverage.xml
27 ms. Memory: 306176K Free: 167422K (55%)
----------------- Invoking toplevel() on ptolemy.moml.MoMLSimpleApplication@23371973
----------------- Done invoking toplevel() on ptolemy.moml.MoMLSimpleApplication@23371973
reloadAllAccessors: .ArrayAverage

===========================================================================================
----------------- testing Sat Oct 19 06:02:44 UTC 2019 /home/travis/build/icyphy/ptII/ptolemy/actor/lib/test/auto/ArrayContains.xml
----------------- Instantiating /home/travis/build/icyphy/ptII/ptolemy/actor/lib/test/auto/ArrayContains.xml
10 ms. Memory: 306176K Free: 161278K (53%)
----------------- Invoking toplevel() on ptolemy.moml.MoMLSimpleApplication@4721c608
----------------- Done invoking toplevel() on ptolemy.moml.MoMLSimpleApplication@4721c608
reloadAllAccessors: .ArrayContains

===========================================================================================
----------------- testing Sat Oct 19 06:02:44 UTC 2019 /home/travis/build/icyphy/ptII/ptolemy/actor/lib/test/auto/ArrayElement.xml
----------------- Instantiating /home/travis/build/icyphy/ptII/ptolemy/actor/lib/test/auto/ArrayElement.xml
9 ms. Memory: 306176K Free: 156158K (51%)
----------------- Invoking toplevel() on ptolemy.moml.MoMLSimpleApplication@3dd49ca
----------------- Done invoking toplevel() on ptolemy.moml.MoMLSimpleApplication@3dd49ca
reloadAllAccessors: .ArrayElement

===========================================================================================
----------------- testing Sat Oct 19 06:02:44 UTC 2019 /home/travis/build/icyphy/ptII/ptolemy/actor/lib/test/auto/ArrayElementAsMatrix.xml
----------------- Instantiating /home/travis/build/icyphy/ptII/ptolemy/actor/lib/test/auto/ArrayElementAsMatrix.xml
24 ms. Memory: 306176K Free: 145918K (48%)
----------------- Invoking toplevel() on ptolemy.moml.MoMLSimpleApplication@324b1339
----------------- Done invoking toplevel() on ptolemy.moml.MoMLSimpleApplication@324b1339
reloadAllAccessors: .ArrayElementAsMatrix

===========================================================================================
----------------- testing Sat Oct 19 06:02:44 UTC 2019 /home/travis/build/icyphy/ptII/ptolemy/actor/lib/test/auto/ArrayElementI.xml
----------------- Instantiating /home/travis/build/icyphy/ptII/ptolemy/actor/lib/test/auto/ArrayElementI.xml
2 ms. Memory: 306176K Free: 140288K (46%)
----------------- Invoking toplevel() on ptolemy.moml.MoMLSimpleApplication@71b1affe
----------------- Done invoking toplevel() on ptolemy.moml.MoMLSimpleApplication@71b1affe
reloadAllAccessors: .ArrayElementI

===========================================================================================
----------------- testing Sat Oct 19 06:02:44 UTC 2019 /home/travis/build/icyphy/ptII/ptolemy/actor/lib/test/auto/ArrayExtract.xml
----------------- Instantiating /home/travis/build/icyphy/ptII/ptolemy/actor/lib/test/auto/ArrayExtract.xml
7 ms. Memory: 306176K Free: 132096K (43%)
----------------- Invoking toplevel() on ptolemy.moml.MoMLSimpleApplication@77c5cca1
----------------- Done invoking toplevel() on ptolemy.moml.MoMLSimpleApplication@77c5cca1
reloadAllAccessors: .ArrayExtract

===========================================================================================
----------------- testing Sat Oct 19 06:02:44 UTC 2019 /home/travis/build/icyphy/ptII/ptolemy/actor/lib/test/auto/ArrayExtract2.xml
----------------- Instantiating /home/travis/build/icyphy/ptII/ptolemy/actor/lib/test/auto/ArrayExtract2.xml
2 ms. Memory: 306176K Free: 126447K (41%)
----------------- Invoking toplevel() on ptolemy.moml.MoMLSimpleApplication@42916a2d
----------------- Done invoking toplevel() on ptolemy.moml.MoMLSimpleApplication@42916a2d
reloadAllAccessors: .ArrayExtract2

===========================================================================================
----------------- testing Sat Oct 19 06:02:44 UTC 2019 /home/travis/build/icyphy/ptII/ptolemy/actor/lib/test/auto/ArrayLength.xml
----------------- Instantiating /home/travis/build/icyphy/ptII/ptolemy/actor/lib/test/auto/ArrayLength.xml
4 ms. Memory: 306176K Free: 122880K (40%)
----------------- Invoking toplevel() on ptolemy.moml.MoMLSimpleApplication@640dc61
----------------- Done invoking toplevel() on ptolemy.moml.MoMLSimpleApplication@640dc61
reloadAllAccessors: .ArrayLength

===========================================================================================
----------------- testing Sat Oct 19 06:02:44 UTC 2019 /home/travis/build/icyphy/ptII/ptolemy/actor/lib/test/auto/ArrayLevelCrossing.xml
----------------- Instantiating /home/travis/build/icyphy/ptII/ptolemy/actor/lib/test/auto/ArrayLevelCrossing.xml
4 ms. Memory: 306176K Free: 114688K (37%)
----------------- Invoking toplevel() on ptolemy.moml.MoMLSimpleApplication@73adfe9
----------------- Done invoking toplevel() on ptolemy.moml.MoMLSimpleApplication@73adfe9
reloadAllAccessors: .ArrayLevelCrossing

===========================================================================================
----------------- testing Sat Oct 19 06:02:44 UTC 2019 /home/travis/build/icyphy/ptII/ptolemy/actor/lib/test/auto/ArrayLevelCrossing2.xml
----------------- Instantiating /home/travis/build/icyphy/ptII/ptolemy/actor/lib/test/auto/ArrayLevelCrossing2.xml
3 ms. Memory: 306176K Free: 107520K (35%)
----------------- Invoking toplevel() on ptolemy.moml.MoMLSimpleApplication@1405c0a5
----------------- Done invoking toplevel() on ptolemy.moml.MoMLSimpleApplication@1405c0a5
reloadAllAccessors: .ArrayLevelCrossing2

===========================================================================================
----------------- testing Sat Oct 19 06:02:44 UTC 2019 /home/travis/build/icyphy/ptII/ptolemy/actor/lib/test/auto/ArrayPeakSearch.xml
----------------- Instantiating /home/travis/build/icyphy/ptII/ptolemy/actor/lib/test/auto/ArrayPeakSearch.xml
6 ms. Memory: 306176K Free: 98304K (32%)
----------------- Invoking toplevel() on ptolemy.moml.MoMLSimpleApplication@37b04d2f
----------------- Done invoking toplevel() on ptolemy.moml.MoMLSimpleApplication@37b04d2f
reloadAllAccessors: .ArrayPeakSearch

===========================================================================================
----------------- testing Sat Oct 19 06:02:44 UTC 2019 /home/travis/build/icyphy/ptII/ptolemy/actor/lib/test/auto/ArrayPeakSearch2.xml
----------------- Instantiating /home/travis/build/icyphy/ptII/ptolemy/actor/lib/test/auto/ArrayPeakSearch2.xml
77 ms. Memory: 306176K Free: 254654K (83%)
----------------- Invoking toplevel() on ptolemy.moml.MoMLSimpleApplication@77a4efb
----------------- Done invoking toplevel() on ptolemy.moml.MoMLSimpleApplication@77a4efb
reloadAllAccessors: .ArrayPeakSearch2

===========================================================================================
----------------- testing Sat Oct 19 06:02:44 UTC 2019 /home/travis/build/icyphy/ptII/ptolemy/actor/lib/test/auto/ArrayPeakSearch3.xml
----------------- Instantiating /home/travis/build/icyphy/ptII/ptolemy/actor/lib/test/auto/ArrayPeakSearch3.xml
6 ms. Memory: 306176K Free: 245277K (80%)
----------------- Invoking toplevel() on ptolemy.moml.MoMLSimpleApplication@7d19fa5b
----------------- Done invoking toplevel() on ptolemy.moml.MoMLSimpleApplication@7d19fa5b
reloadAllAccessors: .ArrayPeakSearch3

===========================================================================================
----------------- testing Sat Oct 19 06:02:44 UTC 2019 /home/travis/build/icyphy/ptII/ptolemy/actor/lib/test/auto/ArrayRemoveElement.xml
----------------- Instantiating /home/travis/build/icyphy/ptII/ptolemy/actor/lib/test/auto/ArrayRemoveElement.xml
3 ms. Memory: 306176K Free: 237595K (78%)
----------------- Invoking toplevel() on ptolemy.moml.MoMLSimpleApplication@395d3d0d
----------------- Done invoking toplevel() on ptolemy.moml.MoMLSimpleApplication@395d3d0d
reloadAllAccessors: .ArrayRemoveElement

===========================================================================================
----------------- testing Sat Oct 19 06:02:44 UTC 2019 /home/travis/build/icyphy/ptII/ptolemy/actor/lib/test/auto/ArraySort.xml
----------------- Instantiating /home/travis/build/icyphy/ptII/ptolemy/actor/lib/test/auto/ArraySort.xml
5 ms. Memory: 306176K Free: 228379K (75%)
----------------- Invoking toplevel() on ptolemy.moml.MoMLSimpleApplication@4a9bf621
----------------- Done invoking toplevel() on ptolemy.moml.MoMLSimpleApplication@4a9bf621
reloadAllAccessors: .ArraySort

===========================================================================================
----------------- testing Sat Oct 19 06:02:44 UTC 2019 /home/travis/build/icyphy/ptII/ptolemy/actor/lib/test/auto/ArraySum.xml
----------------- Instantiating /home/travis/build/icyphy/ptII/ptolemy/actor/lib/test/auto/ArraySum.xml
7 ms. Memory: 306176K Free: 223259K (73%)
----------------- Invoking toplevel() on ptolemy.moml.MoMLSimpleApplication@26975e4d
----------------- Done invoking toplevel() on ptolemy.moml.MoMLSimpleApplication@26975e4d
reloadAllAccessors: .ArraySum

===========================================================================================
----------------- testing Sat Oct 19 06:02:44 UTC 2019 /home/travis/build/icyphy/ptII/ptolemy/actor/lib/test/auto/ArrayToElements.xml
----------------- Instantiating /home/travis/build/icyphy/ptII/ptolemy/actor/lib/test/auto/ArrayToElements.xml
9 ms. Memory: 306176K Free: 217629K (71%)
----------------- Invoking toplevel() on ptolemy.moml.MoMLSimpleApplication@29b9c7d4
----------------- Done invoking toplevel() on ptolemy.moml.MoMLSimpleApplication@29b9c7d4
reloadAllAccessors: .ArrayToElements

===========================================================================================
----------------- testing Sat Oct 19 06:02:44 UTC 2019 /home/travis/build/icyphy/ptII/ptolemy/actor/lib/test/auto/ArrayToMatrix.xml
----------------- Instantiating /home/travis/build/icyphy/ptII/ptolemy/actor/lib/test/auto/ArrayToMatrix.xml
21 ms. Memory: 306176K Free: 203803K (67%)
----------------- Invoking toplevel() on ptolemy.moml.MoMLSimpleApplication@3753879a
----------------- Done invoking toplevel() on ptolemy.moml.MoMLSimpleApplication@3753879a
reloadAllAccessors: .ArrayToMatrix

===========================================================================================
----------------- testing Sat Oct 19 06:02:45 UTC 2019 /home/travis/build/icyphy/ptII/ptolemy/actor/lib/test/auto/ArrayUpdate1.xml
----------------- Instantiating /home/travis/build/icyphy/ptII/ptolemy/actor/lib/test/auto/ArrayUpdate1.xml
2 ms. Memory: 306176K Free: 198683K (65%)
----------------- Invoking toplevel() on ptolemy.moml.MoMLSimpleApplication@12e29b67
----------------- Done invoking toplevel() on ptolemy.moml.MoMLSimpleApplication@12e29b67
reloadAllAccessors: .ArrayUpdate1

===========================================================================================
----------------- testing Sat Oct 19 06:02:45 UTC 2019 /home/travis/build/icyphy/ptII/ptolemy/actor/lib/test/auto/ArrayUpdate2.xml
----------------- Instantiating /home/travis/build/icyphy/ptII/ptolemy/actor/lib/test/auto/ArrayUpdate2.xml
12 ms. Memory: 306176K Free: 192539K (63%)
----------------- Invoking toplevel() on ptolemy.moml.MoMLSimpleApplication@5f0f72f0
----------------- Done invoking toplevel() on ptolemy.moml.MoMLSimpleApplication@5f0f72f0
reloadAllAccessors: .ArrayUpdate2

===========================================================================================
----------------- testing Sat Oct 19 06:02:45 UTC 2019 /home/travis/build/icyphy/ptII/ptolemy/actor/lib/test/auto/ArrayUpdate3.xml
----------------- Instantiating /home/travis/build/icyphy/ptII/ptolemy/actor/lib/test/auto/ArrayUpdate3.xml
5 ms. Memory: 306176K Free: 187419K (61%)
----------------- Invoking toplevel() on ptolemy.moml.MoMLSimpleApplication@6c064448
----------------- Done invoking toplevel() on ptolemy.moml.MoMLSimpleApplication@6c064448
reloadAllAccessors: .ArrayUpdate3

===========================================================================================
----------------- testing Sat Oct 19 06:02:45 UTC 2019 /home/travis/build/icyphy/ptII/ptolemy/actor/lib/test/auto/Assert1.xml
----------------- Instantiating /home/travis/build/icyphy/ptII/ptolemy/actor/lib/test/auto/Assert1.xml
3 ms. Memory: 306176K Free: 183323K (60%)
----------------- Invoking toplevel() on ptolemy.moml.MoMLSimpleApplication@24a601bb
----------------- Done invoking toplevel() on ptolemy.moml.MoMLSimpleApplication@24a601bb
reloadAllAccessors: .Assert1

===========================================================================================
----------------- testing Sat Oct 19 06:02:45 UTC 2019 /home/travis/build/icyphy/ptII/ptolemy/actor/lib/test/auto/Assert2.xml
----------------- Instantiating /home/travis/build/icyphy/ptII/ptolemy/actor/lib/test/auto/Assert2.xml
2 ms. Memory: 306176K Free: 178203K (58%)
----------------- Invoking toplevel() on ptolemy.moml.MoMLSimpleApplication@76bcb5ad
----------------- Done invoking toplevel() on ptolemy.moml.MoMLSimpleApplication@76bcb5ad
reloadAllAccessors: .Assert2

===========================================================================================
----------------- testing Sat Oct 19 06:02:45 UTC 2019 /home/travis/build/icyphy/ptII/ptolemy/actor/lib/test/auto/BooleanMultiplexor.xml
----------------- Instantiating /home/travis/build/icyphy/ptII/ptolemy/actor/lib/test/auto/BooleanMultiplexor.xml
2 ms. Memory: 306176K Free: 173053K (57%)
----------------- Invoking toplevel() on ptolemy.moml.MoMLSimpleApplication@5d1cfa7e
----------------- Done invoking toplevel() on ptolemy.moml.MoMLSimpleApplication@5d1cfa7e
reloadAllAccessors: .BooleanMultiplexor

===========================================================================================
----------------- testing Sat Oct 19 06:02:45 UTC 2019 /home/travis/build/icyphy/ptII/ptolemy/actor/lib/test/auto/BooleanMultiplexor2.xml
----------------- Instantiating /home/travis/build/icyphy/ptII/ptolemy/actor/lib/test/auto/BooleanMultiplexor2.xml
14 ms. Memory: 306176K Free: 166429K (54%)
----------------- Invoking toplevel() on ptolemy.moml.MoMLSimpleApplication@6411dfcf
----------------- Done invoking toplevel() on ptolemy.moml.MoMLSimpleApplication@6411dfcf
reloadAllAccessors: .BooleanMultiplexor2

===========================================================================================
----------------- testing Sat Oct 19 06:02:45 UTC 2019 /home/travis/build/icyphy/ptII/ptolemy/actor/lib/test/auto/BooleanMultiplexor3.xml
----------------- Instantiating /home/travis/build/icyphy/ptII/ptolemy/actor/lib/test/auto/BooleanMultiplexor3.xml
1 ms. Memory: 306176K Free: 162843K (53%)
----------------- Invoking toplevel() on ptolemy.moml.MoMLSimpleApplication@51156a88
----------------- Done invoking toplevel() on ptolemy.moml.MoMLSimpleApplication@51156a88
reloadAllAccessors: .BooleanMultiplexor3

===========================================================================================
----------------- testing Sat Oct 19 06:02:45 UTC 2019 /home/travis/build/icyphy/ptII/ptolemy/actor/lib/test/auto/BooleanSelect.xml
----------------- Instantiating /home/travis/build/icyphy/ptII/ptolemy/actor/lib/test/auto/BooleanSelect.xml
3 ms. Memory: 306176K Free: 156685K (51%)
----------------- Invoking toplevel() on ptolemy.moml.MoMLSimpleApplication@1b094cd6
----------------- Done invoking toplevel() on ptolemy.moml.MoMLSimpleApplication@1b094cd6
reloadAllAccessors: .BooleanSelect

===========================================================================================
----------------- testing Sat Oct 19 06:02:45 UTC 2019 /home/travis/build/icyphy/ptII/ptolemy/actor/lib/test/auto/BooleanSelect2.xml
----------------- Instantiating /home/travis/build/icyphy/ptII/ptolemy/actor/lib/test/auto/BooleanSelect2.xml
2 ms. Memory: 306176K Free: 152093K (50%)
----------------- Invoking toplevel() on ptolemy.moml.MoMLSimpleApplication@cff8698
----------------- Done invoking toplevel() on ptolemy.moml.MoMLSimpleApplication@cff8698
reloadAllAccessors: .BooleanSelect2

===========================================================================================
----------------- testing Sat Oct 19 06:02:45 UTC 2019 /home/travis/build/icyphy/ptII/ptolemy/actor/lib/test/auto/BooleanSwitch.xml
----------------- Instantiating /home/travis/build/icyphy/ptII/ptolemy/actor/lib/test/auto/BooleanSwitch.xml
3 ms. Memory: 306176K Free: 145949K (48%)
----------------- Invoking toplevel() on ptolemy.moml.MoMLSimpleApplication@6e4f718b
----------------- Done invoking toplevel() on ptolemy.moml.MoMLSimpleApplication@6e4f718b
reloadAllAccessors: .BooleanSwitch

===========================================================================================
----------------- testing Sat Oct 19 06:02:45 UTC 2019 /home/travis/build/icyphy/ptII/ptolemy/actor/lib/test/auto/BooleanSwitch2.xml
----------------- Instantiating /home/travis/build/icyphy/ptII/ptolemy/actor/lib/test/auto/BooleanSwitch2.xml
1 ms. Memory: 306176K Free: 141339K (46%)
----------------- Invoking toplevel() on ptolemy.moml.MoMLSimpleApplication@4fa1f1f5
----------------- Done invoking toplevel() on ptolemy.moml.MoMLSimpleApplication@4fa1f1f5
reloadAllAccessors: .BooleanSwitch2

===========================================================================================
----------------- testing Sat Oct 19 06:02:45 UTC 2019 /home/travis/build/icyphy/ptII/ptolemy/actor/lib/test/auto/BooleanSwitchCloningBugWithClassRelationGroup.xml
----------------- Instantiating /home/travis/build/icyphy/ptII/ptolemy/actor/lib/test/auto/BooleanSwitchCloningBugWithClassRelationGroup.xml
2 ms. Memory: 306176K Free: 135195K (44%)
----------------- Invoking toplevel() on ptolemy.moml.MoMLSimpleApplication@1c6dac16
----------------- Done invoking toplevel() on ptolemy.moml.MoMLSimpleApplication@1c6dac16
reloadAllAccessors: .BooleanSwitchCloningBugWithClassRelationGroup

===========================================================================================
----------------- testing Sat Oct 19 06:02:45 UTC 2019 /home/travis/build/icyphy/ptII/ptolemy/actor/lib/test/auto/BusActors.xml
----------------- Instantiating /home/travis/build/icyphy/ptII/ptolemy/actor/lib/test/auto/BusActors.xml
7 ms. Memory: 306176K Free: 127003K (41%)
----------------- Invoking toplevel() on ptolemy.moml.MoMLSimpleApplication@2585d195
----------------- Done invoking toplevel() on ptolemy.moml.MoMLSimpleApplication@2585d195
reloadAllAccessors: .BusActors

===========================================================================================
----------------- testing Sat Oct 19 06:02:45 UTC 2019 /home/travis/build/icyphy/ptII/ptolemy/actor/lib/test/auto/ClassWrapper.xml
----------------- Instantiating /home/travis/build/icyphy/ptII/ptolemy/actor/lib/test/auto/ClassWrapper.xml
3 ms. Memory: 306176K Free: 122907K (40%)
----------------- Invoking toplevel() on ptolemy.moml.MoMLSimpleApplication@3086a8f0
----------------- Done invoking toplevel() on ptolemy.moml.MoMLSimpleApplication@3086a8f0
reloadAllAccessors: .ClassWrapper

===========================================================================================
----------------- testing Sat Oct 19 06:02:45 UTC 2019 /home/travis/build/icyphy/ptII/ptolemy/actor/lib/test/auto/Clock.xml
----------------- Instantiating /home/travis/build/icyphy/ptII/ptolemy/actor/lib/test/auto/Clock.xml
2 ms. Memory: 306176K Free: 118811K (39%)
----------------- Invoking toplevel() on ptolemy.moml.MoMLSimpleApplication@130fa4fd
----------------- Done invoking toplevel() on ptolemy.moml.MoMLSimpleApplication@130fa4fd
reloadAllAccessors: .Clock

===========================================================================================
----------------- testing Sat Oct 19 06:02:45 UTC 2019 /home/travis/build/icyphy/ptII/ptolemy/actor/lib/test/auto/Clock10.xml
----------------- Instantiating /home/travis/build/icyphy/ptII/ptolemy/actor/lib/test/auto/Clock10.xml
2 ms. Memory: 306176K Free: 113181K (37%)
----------------- Invoking toplevel() on ptolemy.moml.MoMLSimpleApplication@268f8499
----------------- Done invoking toplevel() on ptolemy.moml.MoMLSimpleApplication@268f8499
reloadAllAccessors: .Clock10

===========================================================================================
----------------- testing Sat Oct 19 06:02:45 UTC 2019 /home/travis/build/icyphy/ptII/ptolemy/actor/lib/test/auto/Clock11.xml
----------------- Instantiating /home/travis/build/icyphy/ptII/ptolemy/actor/lib/test/auto/Clock11.xml
5 ms. Memory: 306176K Free: 107037K (35%)
----------------- Invoking toplevel() on ptolemy.moml.MoMLSimpleApplication@5e79d5bb
----------------- Done invoking toplevel() on ptolemy.moml.MoMLSimpleApplication@5e79d5bb
reloadAllAccessors: .Clock11

===========================================================================================
----------------- testing Sat Oct 19 06:02:45 UTC 2019 /home/travis/build/icyphy/ptII/ptolemy/actor/lib/test/auto/Clock12.xml
----------------- Instantiating /home/travis/build/icyphy/ptII/ptolemy/actor/lib/test/auto/Clock12.xml
4 ms. Memory: 306176K Free: 101403K (33%)
----------------- Invoking toplevel() on ptolemy.moml.MoMLSimpleApplication@5d33c5ce
----------------- Done invoking toplevel() on ptolemy.moml.MoMLSimpleApplication@5d33c5ce
reloadAllAccessors: .Clock12

===========================================================================================
----------------- testing Sat Oct 19 06:02:45 UTC 2019 /home/travis/build/icyphy/ptII/ptolemy/actor/lib/test/auto/Clock13.xml
----------------- Instantiating /home/travis/build/icyphy/ptII/ptolemy/actor/lib/test/auto/Clock13.xml
7 ms. Memory: 306176K Free: 95253K (31%)
----------------- Invoking toplevel() on ptolemy.moml.MoMLSimpleApplication@578ff9a3
----------------- Done invoking toplevel() on ptolemy.moml.MoMLSimpleApplication@578ff9a3
reloadAllAccessors: .Clock13

===========================================================================================
----------------- testing Sat Oct 19 06:02:45 UTC 2019 /home/travis/build/icyphy/ptII/ptolemy/actor/lib/test/auto/Clock14.xml
----------------- Instantiating /home/travis/build/icyphy/ptII/ptolemy/actor/lib/test/auto/Clock14.xml
9 ms. Memory: 306176K Free: 89629K (29%)
----------------- Invoking toplevel() on ptolemy.moml.MoMLSimpleApplication@1b706ab7
----------------- Done invoking toplevel() on ptolemy.moml.MoMLSimpleApplication@1b706ab7
reloadAllAccessors: .Clock14

===========================================================================================
----------------- testing Sat Oct 19 06:02:45 UTC 2019 /home/travis/build/icyphy/ptII/ptolemy/actor/lib/test/auto/Clock15.xml
----------------- Instantiating /home/travis/build/icyphy/ptII/ptolemy/actor/lib/test/auto/Clock15.xml
5 ms. Memory: 306176K Free: 83485K (27%)
----------------- Invoking toplevel() on ptolemy.moml.MoMLSimpleApplication@71f34d5c
----------------- Done invoking toplevel() on ptolemy.moml.MoMLSimpleApplication@71f34d5c
reloadAllAccessors: .Clock15

===========================================================================================
----------------- testing Sat Oct 19 06:02:45 UTC 2019 /home/travis/build/icyphy/ptII/ptolemy/actor/lib/test/auto/Clock16.xml
----------------- Instantiating /home/travis/build/icyphy/ptII/ptolemy/actor/lib/test/auto/Clock16.xml
47 ms. Memory: 306176K Free: 246813K (81%)
----------------- Invoking toplevel() on ptolemy.moml.MoMLSimpleApplication@6234b29b
----------------- Done invoking toplevel() on ptolemy.moml.MoMLSimpleApplication@6234b29b
reloadAllAccessors: .Clock16

===========================================================================================
----------------- testing Sat Oct 19 06:02:45 UTC 2019 /home/travis/build/icyphy/ptII/ptolemy/actor/lib/test/auto/Clock17.xml
----------------- Instantiating /home/travis/build/icyphy/ptII/ptolemy/actor/lib/test/auto/Clock17.xml
15 ms. Memory: 306176K Free: 231949K (76%)
----------------- Invoking toplevel() on ptolemy.moml.MoMLSimpleApplication@2500fb25
----------------- Done invoking toplevel() on ptolemy.moml.MoMLSimpleApplication@2500fb25
reloadAllAccessors: .Clock17

===========================================================================================
----------------- testing Sat Oct 19 06:02:45 UTC 2019 /home/travis/build/icyphy/ptII/ptolemy/actor/lib/test/auto/Clock18.xml
----------------- Instantiating /home/travis/build/icyphy/ptII/ptolemy/actor/lib/test/auto/Clock18.xml
25 ms. Memory: 306176K Free: 218637K (71%)
----------------- Invoking toplevel() on ptolemy.moml.MoMLSimpleApplication@72af9684
----------------- Done invoking toplevel() on ptolemy.moml.MoMLSimpleApplication@72af9684
reloadAllAccessors: .Clock18

===========================================================================================
----------------- testing Sat Oct 19 06:02:45 UTC 2019 /home/travis/build/icyphy/ptII/ptolemy/actor/lib/test/auto/Clock19.xml
----------------- Instantiating /home/travis/build/icyphy/ptII/ptolemy/actor/lib/test/auto/Clock19.xml
14 ms. Memory: 306176K Free: 205853K (67%)
----------------- Invoking toplevel() on ptolemy.moml.MoMLSimpleApplication@6aa72685
----------------- Done invoking toplevel() on ptolemy.moml.MoMLSimpleApplication@6aa72685
reloadAllAccessors: .Clock19

===========================================================================================
----------------- testing Sat Oct 19 06:02:45 UTC 2019 /home/travis/build/icyphy/ptII/ptolemy/actor/lib/test/auto/Clock2.xml
----------------- Instantiating /home/travis/build/icyphy/ptII/ptolemy/actor/lib/test/auto/Clock2.xml
8 ms. Memory: 306176K Free: 200733K (66%)
----------------- Invoking toplevel() on ptolemy.moml.MoMLSimpleApplication@26e7bce4
----------------- Done invoking toplevel() on ptolemy.moml.MoMLSimpleApplication@26e7bce4
reloadAllAccessors: .Clock2

===========================================================================================
----------------- testing Sat Oct 19 06:02:45 UTC 2019 /home/travis/build/icyphy/ptII/ptolemy/actor/lib/test/auto/Clock20.xml
----------------- Instantiating /home/travis/build/icyphy/ptII/ptolemy/actor/lib/test/auto/Clock20.xml
10 ms. Memory: 306176K Free: 195613K (64%)
----------------- Invoking toplevel() on ptolemy.moml.MoMLSimpleApplication@226b6838
----------------- Done invoking toplevel() on ptolemy.moml.MoMLSimpleApplication@226b6838
reloadAllAccessors: .Clock20

===========================================================================================
----------------- testing Sat Oct 19 06:02:45 UTC 2019 /home/travis/build/icyphy/ptII/ptolemy/actor/lib/test/auto/Clock21.xml
----------------- Instantiating /home/travis/build/icyphy/ptII/ptolemy/actor/lib/test/auto/Clock21.xml
2 ms. Memory: 306176K Free: 189979K (62%)
----------------- Invoking toplevel() on ptolemy.moml.MoMLSimpleApplication@6dd6eb55
----------------- Done invoking toplevel() on ptolemy.moml.MoMLSimpleApplication@6dd6eb55
reloadAllAccessors: .Clock21

===========================================================================================
----------------- testing Sat Oct 19 06:02:45 UTC 2019 /home/travis/build/icyphy/ptII/ptolemy/actor/lib/test/auto/Clock22.xml
----------------- Instantiating /home/travis/build/icyphy/ptII/ptolemy/actor/lib/test/auto/Clock22.xml
5 ms. Memory: 306176K Free: 184859K (60%)
----------------- Invoking toplevel() on ptolemy.moml.MoMLSimpleApplication@5e9a9513
----------------- Done invoking toplevel() on ptolemy.moml.MoMLSimpleApplication@5e9a9513
reloadAllAccessors: .Clock22

===========================================================================================
----------------- testing Sat Oct 19 06:02:46 UTC 2019 /home/travis/build/icyphy/ptII/ptolemy/actor/lib/test/auto/Clock23.xml
----------------- Instantiating /home/travis/build/icyphy/ptII/ptolemy/actor/lib/test/auto/Clock23.xml
9 ms. Memory: 306176K Free: 179229K (59%)
----------------- Invoking toplevel() on ptolemy.moml.MoMLSimpleApplication@66951345
----------------- Done invoking toplevel() on ptolemy.moml.MoMLSimpleApplication@66951345
reloadAllAccessors: .Clock23

===========================================================================================
----------------- testing Sat Oct 19 06:02:46 UTC 2019 /home/travis/build/icyphy/ptII/ptolemy/actor/lib/test/auto/Clock24.xml
----------------- Instantiating /home/travis/build/icyphy/ptII/ptolemy/actor/lib/test/auto/Clock24.xml
5 ms. Memory: 306176K Free: 173595K (57%)
----------------- Invoking toplevel() on ptolemy.moml.MoMLSimpleApplication@50dc00ab
----------------- Done invoking toplevel() on ptolemy.moml.MoMLSimpleApplication@50dc00ab
reloadAllAccessors: .Clock24

===========================================================================================
----------------- testing Sat Oct 19 06:02:46 UTC 2019 /home/travis/build/icyphy/ptII/ptolemy/actor/lib/test/auto/Clock4.xml
----------------- Instantiating /home/travis/build/icyphy/ptII/ptolemy/actor/lib/test/auto/Clock4.xml
1 ms. Memory: 306176K Free: 168989K (55%)
----------------- Invoking toplevel() on ptolemy.moml.MoMLSimpleApplication@2e2dfeef
----------------- Done invoking toplevel() on ptolemy.moml.MoMLSimpleApplication@2e2dfeef
reloadAllAccessors: .Clock4

===========================================================================================
----------------- testing Sat Oct 19 06:02:46 UTC 2019 /home/travis/build/icyphy/ptII/ptolemy/actor/lib/test/auto/Clock5.xml
----------------- Instantiating /home/travis/build/icyphy/ptII/ptolemy/actor/lib/test/auto/Clock5.xml
2 ms. Memory: 306176K Free: 163355K (53%)
----------------- Invoking toplevel() on ptolemy.moml.MoMLSimpleApplication@524a69d0
----------------- Done invoking toplevel() on ptolemy.moml.MoMLSimpleApplication@524a69d0
reloadAllAccessors: .Clock5

===========================================================================================
----------------- testing Sat Oct 19 06:02:46 UTC 2019 /home/travis/build/icyphy/ptII/ptolemy/actor/lib/test/auto/Clock6.xml
----------------- Instantiating /home/travis/build/icyphy/ptII/ptolemy/actor/lib/test/auto/Clock6.xml
1 ms. Memory: 306176K Free: 159259K (52%)
----------------- Invoking toplevel() on ptolemy.moml.MoMLSimpleApplication@72ddf7e6
----------------- Done invoking toplevel() on ptolemy.moml.MoMLSimpleApplication@72ddf7e6
reloadAllAccessors: .Clock6

===========================================================================================
----------------- testing Sat Oct 19 06:02:46 UTC 2019 /home/travis/build/icyphy/ptII/ptolemy/actor/lib/test/auto/Clock7.xml
----------------- Instantiating /home/travis/build/icyphy/ptII/ptolemy/actor/lib/test/auto/Clock7.xml
3 ms. Memory: 306176K Free: 154139K (50%)
----------------- Invoking toplevel() on ptolemy.moml.MoMLSimpleApplication@a88811c
----------------- Done invoking toplevel() on ptolemy.moml.MoMLSimpleApplication@a88811c
reloadAllAccessors: .Clock7

===========================================================================================
----------------- testing Sat Oct 19 06:02:46 UTC 2019 /home/travis/build/icyphy/ptII/ptolemy/actor/lib/test/auto/Clock8.xml
----------------- Instantiating /home/travis/build/icyphy/ptII/ptolemy/actor/lib/test/auto/Clock8.xml
3 ms. Memory: 306176K Free: 148509K (49%)
----------------- Invoking toplevel() on ptolemy.moml.MoMLSimpleApplication@40304f3c
----------------- Done invoking toplevel() on ptolemy.moml.MoMLSimpleApplication@40304f3c
reloadAllAccessors: .Clock8

===========================================================================================
----------------- testing Sat Oct 19 06:02:46 UTC 2019 /home/travis/build/icyphy/ptII/ptolemy/actor/lib/test/auto/Clock9.xml
----------------- Instantiating /home/travis/build/icyphy/ptII/ptolemy/actor/lib/test/auto/Clock9.xml
3 ms. Memory: 306176K Free: 143389K (47%)
----------------- Invoking toplevel() on ptolemy.moml.MoMLSimpleApplication@475c5fa9
----------------- Done invoking toplevel() on ptolemy.moml.MoMLSimpleApplication@475c5fa9
reloadAllAccessors: .Clock9

===========================================================================================
----------------- testing Sat Oct 19 06:02:46 UTC 2019 /home/travis/build/icyphy/ptII/ptolemy/actor/lib/test/auto/CommDistDiscard.xml
----------------- Instantiating /home/travis/build/icyphy/ptII/ptolemy/actor/lib/test/auto/CommDistDiscard.xml
4 ms. Memory: 306176K Free: 137755K (45%)
----------------- Invoking toplevel() on ptolemy.moml.MoMLSimpleApplication@3dc4d968
----------------- Done invoking toplevel() on ptolemy.moml.MoMLSimpleApplication@3dc4d968
reloadAllAccessors: .CommDistDiscard

===========================================================================================
----------------- testing Sat Oct 19 06:02:46 UTC 2019 /home/travis/build/icyphy/ptII/ptolemy/actor/lib/test/auto/Commutator.xml
----------------- Instantiating /home/travis/build/icyphy/ptII/ptolemy/actor/lib/test/auto/Commutator.xml
2 ms. Memory: 306176K Free: 133659K (44%)
----------------- Invoking toplevel() on ptolemy.moml.MoMLSimpleApplication@180626a
----------------- Done invoking toplevel() on ptolemy.moml.MoMLSimpleApplication@180626a
reloadAllAccessors: .Commutator

===========================================================================================
----------------- testing Sat Oct 19 06:02:46 UTC 2019 /home/travis/build/icyphy/ptII/ptolemy/actor/lib/test/auto/Commutator2.xml
----------------- Instantiating /home/travis/build/icyphy/ptII/ptolemy/actor/lib/test/auto/Commutator2.xml
3 ms. Memory: 306176K Free: 129053K (42%)
----------------- Invoking toplevel() on ptolemy.moml.MoMLSimpleApplication@5c7ae1c4
----------------- Done invoking toplevel() on ptolemy.moml.MoMLSimpleApplication@5c7ae1c4
reloadAllAccessors: .Commutator2

===========================================================================================
----------------- testing Sat Oct 19 06:02:46 UTC 2019 /home/travis/build/icyphy/ptII/ptolemy/actor/lib/test/auto/Commutator3.xml
----------------- Instantiating /home/travis/build/icyphy/ptII/ptolemy/actor/lib/test/auto/Commutator3.xml
1 ms. Memory: 306176K Free: 124443K (41%)
----------------- Invoking toplevel() on ptolemy.moml.MoMLSimpleApplication@3becb38e
----------------- Done invoking toplevel() on ptolemy.moml.MoMLSimpleApplication@3becb38e
reloadAllAccessors: .Commutator3

===========================================================================================
----------------- testing Sat Oct 19 06:02:46 UTC 2019 /home/travis/build/icyphy/ptII/ptolemy/actor/lib/test/auto/Compare.xml
----------------- Instantiating /home/travis/build/icyphy/ptII/ptolemy/actor/lib/test/auto/Compare.xml
2 ms. Memory: 306176K Free: 118299K (39%)
----------------- Invoking toplevel() on ptolemy.moml.MoMLSimpleApplication@1aae6fbb
----------------- Done invoking toplevel() on ptolemy.moml.MoMLSimpleApplication@1aae6fbb
reloadAllAccessors: .Compare

===========================================================================================
----------------- testing Sat Oct 19 06:02:46 UTC 2019 /home/travis/build/icyphy/ptII/ptolemy/actor/lib/test/auto/CompareDE.xml
----------------- Instantiating /home/travis/build/icyphy/ptII/ptolemy/actor/lib/test/auto/CompareDE.xml
4 ms. Memory: 306176K Free: 111117K (36%)
----------------- Invoking toplevel() on ptolemy.moml.MoMLSimpleApplication@755d7fd8
----------------- Done invoking toplevel() on ptolemy.moml.MoMLSimpleApplication@755d7fd8
reloadAllAccessors: .CompareDE

===========================================================================================
----------------- testing Sat Oct 19 06:02:46 UTC 2019 /home/travis/build/icyphy/ptII/ptolemy/actor/lib/test/auto/ComplexDivide.xml
----------------- Instantiating /home/travis/build/icyphy/ptII/ptolemy/actor/lib/test/auto/ComplexDivide.xml
1 ms. Memory: 306176K Free: 107549K (35%)
----------------- Invoking toplevel() on ptolemy.moml.MoMLSimpleApplication@2e6f691b
----------------- Done invoking toplevel() on ptolemy.moml.MoMLSimpleApplication@2e6f691b
reloadAllAccessors: .ComplexDivide

===========================================================================================
----------------- testing Sat Oct 19 06:02:46 UTC 2019 /home/travis/build/icyphy/ptII/ptolemy/actor/lib/test/auto/ComputeHistogram.xml
----------------- Instantiating /home/travis/build/icyphy/ptII/ptolemy/actor/lib/test/auto/ComputeHistogram.xml
39 ms. Memory: 306176K Free: 94747K (31%)
----------------- Invoking toplevel() on ptolemy.moml.MoMLSimpleApplication@5cf957f9
----------------- Done invoking toplevel() on ptolemy.moml.MoMLSimpleApplication@5cf957f9
reloadAllAccessors: .ComputeHistogram

===========================================================================================
----------------- testing Sat Oct 19 06:02:46 UTC 2019 /home/travis/build/icyphy/ptII/ptolemy/actor/lib/test/auto/ConfigurationSelect.xml
----------------- Instantiating /home/travis/build/icyphy/ptII/ptolemy/actor/lib/test/auto/ConfigurationSelect.xml
10 ms. Memory: 306176K Free: 89117K (29%)
----------------- Invoking toplevel() on ptolemy.moml.MoMLSimpleApplication@14ba0008
----------------- Done invoking toplevel() on ptolemy.moml.MoMLSimpleApplication@14ba0008
reloadAllAccessors: .ConfigurationSelect

===========================================================================================
----------------- testing Sat Oct 19 06:02:46 UTC 2019 /home/travis/build/icyphy/ptII/ptolemy/actor/lib/test/auto/ConfigurationSelect2.xml
----------------- Instantiating /home/travis/build/icyphy/ptII/ptolemy/actor/lib/test/auto/ConfigurationSelect2.xml
2 ms. Memory: 306176K Free: 85021K (28%)
----------------- Invoking toplevel() on ptolemy.moml.MoMLSimpleApplication@290b03ff
----------------- Done invoking toplevel() on ptolemy.moml.MoMLSimpleApplication@290b03ff
reloadAllAccessors: .ConfigurationSelect2

===========================================================================================
----------------- testing Sat Oct 19 06:02:46 UTC 2019 /home/travis/build/icyphy/ptII/ptolemy/actor/lib/test/auto/ConfigurationSwitch.xml
----------------- Instantiating /home/travis/build/icyphy/ptII/ptolemy/actor/lib/test/auto/ConfigurationSwitch.xml
2 ms. Memory: 306176K Free: 79387K (26%)
----------------- Invoking toplevel() on ptolemy.moml.MoMLSimpleApplication@6f0655a0
----------------- Done invoking toplevel() on ptolemy.moml.MoMLSimpleApplication@6f0655a0
reloadAllAccessors: .ConfigurationSwitch

===========================================================================================
----------------- testing Sat Oct 19 06:02:46 UTC 2019 /home/travis/build/icyphy/ptII/ptolemy/actor/lib/test/auto/ConfigurationSwitch2.xml
----------------- Instantiating /home/travis/build/icyphy/ptII/ptolemy/actor/lib/test/auto/ConfigurationSwitch2.xml
3 ms. Memory: 583680K Free: 528909K (91%)
----------------- Invoking toplevel() on ptolemy.moml.MoMLSimpleApplication@7bbeeac3
----------------- Done invoking toplevel() on ptolemy.moml.MoMLSimpleApplication@7bbeeac3
reloadAllAccessors: .ConfigurationSwitch2

===========================================================================================
----------------- testing Sat Oct 19 06:02:46 UTC 2019 /home/travis/build/icyphy/ptII/ptolemy/actor/lib/test/auto/ConfigurationSwitchCloningBugWithClassRelationGroup.xml
----------------- Instantiating /home/travis/build/icyphy/ptII/ptolemy/actor/lib/test/auto/ConfigurationSwitchCloningBugWithClassRelationGroup.xml
1 ms. Memory: 583680K Free: 522269K (89%)
----------------- Invoking toplevel() on ptolemy.moml.MoMLSimpleApplication@5a31e931
----------------- Done invoking toplevel() on ptolemy.moml.MoMLSimpleApplication@5a31e931
reloadAllAccessors: .ConfigurationSwitchCloningBugWithClassRelationGroup

===========================================================================================
----------------- testing Sat Oct 19 06:02:46 UTC 2019 /home/travis/build/icyphy/ptII/ptolemy/actor/lib/test/auto/ConfigurationSwitchSelectSDF.xml
----------------- Instantiating /home/travis/build/icyphy/ptII/ptolemy/actor/lib/test/auto/ConfigurationSwitchSelectSDF.xml
3 ms. Memory: 583680K Free: 516635K (89%)
----------------- Invoking toplevel() on ptolemy.moml.MoMLSimpleApplication@7c115a0c
----------------- Done invoking toplevel() on ptolemy.moml.MoMLSimpleApplication@7c115a0c
reloadAllAccessors: .ConfigurationSwitchSelectSDF

===========================================================================================
----------------- testing Sat Oct 19 06:02:46 UTC 2019 /home/travis/build/icyphy/ptII/ptolemy/actor/lib/test/auto/ConfigurationSwitchSelectSDF2.xml
----------------- Instantiating /home/travis/build/icyphy/ptII/ptolemy/actor/lib/test/auto/ConfigurationSwitchSelectSDF2.xml
4 ms. Memory: 583680K Free: 511005K (88%)
----------------- Invoking toplevel() on ptolemy.moml.MoMLSimpleApplication@1fc1f8eb
----------------- Done invoking toplevel() on ptolemy.moml.MoMLSimpleApplication@1fc1f8eb
reloadAllAccessors: .ConfigurationSwitchSelectSDF2

===========================================================================================
----------------- testing Sat Oct 19 06:02:46 UTC 2019 /home/travis/build/icyphy/ptII/ptolemy/actor/lib/test/auto/Const.xml
----------------- Instantiating /home/travis/build/icyphy/ptII/ptolemy/actor/lib/test/auto/Const.xml
1 ms. Memory: 583680K Free: 507419K (87%)
----------------- Invoking toplevel() on ptolemy.moml.MoMLSimpleApplication@5e304fa3
----------------- Done invoking toplevel() on ptolemy.moml.MoMLSimpleApplication@5e304fa3
reloadAllAccessors: .Const

===========================================================================================
----------------- testing Sat Oct 19 06:02:46 UTC 2019 /home/travis/build/icyphy/ptII/ptolemy/actor/lib/test/auto/Const2.xml
----------------- Instantiating /home/travis/build/icyphy/ptII/ptolemy/actor/lib/test/auto/Const2.xml
2 ms. Memory: 583680K Free: 503837K (86%)
----------------- Invoking toplevel() on ptolemy.moml.MoMLSimpleApplication@377437c7
----------------- Done invoking toplevel() on ptolemy.moml.MoMLSimpleApplication@377437c7
reloadAllAccessors: .Const2

===========================================================================================
----------------- testing Sat Oct 19 06:02:46 UTC 2019 /home/travis/build/icyphy/ptII/ptolemy/actor/lib/test/auto/Const3.xml
----------------- Instantiating /home/travis/build/icyphy/ptII/ptolemy/actor/lib/test/auto/Const3.xml
1 ms. Memory: 583680K Free: 500765K (86%)
----------------- Invoking toplevel() on ptolemy.moml.MoMLSimpleApplication@5a39d4db
----------------- Done invoking toplevel() on ptolemy.moml.MoMLSimpleApplication@5a39d4db
reloadAllAccessors: .Const3

===========================================================================================
----------------- testing Sat Oct 19 06:02:46 UTC 2019 /home/travis/build/icyphy/ptII/ptolemy/actor/lib/test/auto/ConstantPublisherPort1.xml
----------------- Instantiating /home/travis/build/icyphy/ptII/ptolemy/actor/lib/test/auto/ConstantPublisherPort1.xml
8 ms. Memory: 583680K Free: 491549K (84%)
----------------- Invoking toplevel() on ptolemy.moml.MoMLSimpleApplication@332355eb
----------------- Done invoking toplevel() on ptolemy.moml.MoMLSimpleApplication@332355eb
reloadAllAccessors: .ConstantPublisherPort1

===========================================================================================
----------------- testing Sat Oct 19 06:02:46 UTC 2019 /home/travis/build/icyphy/ptII/ptolemy/actor/lib/test/auto/ConstantPublisherPort2.xml
----------------- Instantiating /home/travis/build/icyphy/ptII/ptolemy/actor/lib/test/auto/ConstantPublisherPort2.xml
10 ms. Memory: 583680K Free: 484381K (83%)
----------------- Invoking toplevel() on ptolemy.moml.MoMLSimpleApplication@55d93bdf
----------------- Done invoking toplevel() on ptolemy.moml.MoMLSimpleApplication@55d93bdf
reloadAllAccessors: .ConstantPublisherPort2

===========================================================================================
----------------- testing Sat Oct 19 06:02:46 UTC 2019 /home/travis/build/icyphy/ptII/ptolemy/actor/lib/test/auto/ConstantPublisherPort3.xml
----------------- Instantiating /home/travis/build/icyphy/ptII/ptolemy/actor/lib/test/auto/ConstantPublisherPort3.xml
7 ms. Memory: 583680K Free: 476699K (82%)
----------------- Invoking toplevel() on ptolemy.moml.MoMLSimpleApplication@1159f27c
----------------- Done invoking toplevel() on ptolemy.moml.MoMLSimpleApplication@1159f27c
reloadAllAccessors: .ConstantPublisherPort3

===========================================================================================
----------------- testing Sat Oct 19 06:02:46 UTC 2019 /home/travis/build/icyphy/ptII/ptolemy/actor/lib/test/auto/ConstantPublisherPort4.xml
----------------- Instantiating /home/travis/build/icyphy/ptII/ptolemy/actor/lib/test/auto/ConstantPublisherPort4.xml
3 ms. Memory: 583680K Free: 470045K (81%)
----------------- Invoking toplevel() on ptolemy.moml.MoMLSimpleApplication@6c55f6cc
----------------- Done invoking toplevel() on ptolemy.moml.MoMLSimpleApplication@6c55f6cc
reloadAllAccessors: .ConstantPublisherPort4

===========================================================================================
----------------- testing Sat Oct 19 06:02:46 UTC 2019 /home/travis/build/icyphy/ptII/ptolemy/actor/lib/test/auto/ConstantPublisherPort5.xml
----------------- Instantiating /home/travis/build/icyphy/ptII/ptolemy/actor/lib/test/auto/ConstantPublisherPort5.xml
36 ms. Memory: 583680K Free: 460315K (79%)
----------------- Invoking toplevel() on ptolemy.moml.MoMLSimpleApplication@38e23fe1
----------------- Done invoking toplevel() on ptolemy.moml.MoMLSimpleApplication@38e23fe1
reloadAllAccessors: .ConstantPublisherPort5

===========================================================================================
----------------- testing Sat Oct 19 06:02:46 UTC 2019 /home/travis/build/icyphy/ptII/ptolemy/actor/lib/test/auto/ConstantPublisherPort6.xml
----------------- Instantiating /home/travis/build/icyphy/ptII/ptolemy/actor/lib/test/auto/ConstantPublisherPort6.xml
22 ms. Memory: 583680K Free: 450589K (77%)
----------------- Invoking toplevel() on ptolemy.moml.MoMLSimpleApplication@3a523749
----------------- Done invoking toplevel() on ptolemy.moml.MoMLSimpleApplication@3a523749
reloadAllAccessors: .ConstantPublisherPort6

===========================================================================================
----------------- testing Sat Oct 19 06:02:46 UTC 2019 /home/travis/build/icyphy/ptII/ptolemy/actor/lib/test/auto/ConstantPublisherPort7.xml
----------------- Instantiating /home/travis/build/icyphy/ptII/ptolemy/actor/lib/test/auto/ConstantPublisherPort7.xml
25 ms. Memory: 583680K Free: 441373K (76%)
----------------- Invoking toplevel() on ptolemy.moml.MoMLSimpleApplication@37716e4c
----------------- Done invoking toplevel() on ptolemy.moml.MoMLSimpleApplication@37716e4c
reloadAllAccessors: .ConstantPublisherPort7

===========================================================================================
----------------- testing Sat Oct 19 06:02:46 UTC 2019 /home/travis/build/icyphy/ptII/ptolemy/actor/lib/test/auto/ConstraintMonitor1.xml
----------------- Instantiating /home/travis/build/icyphy/ptII/ptolemy/actor/lib/test/auto/ConstraintMonitor1.xml
11 ms. Memory: 583680K Free: 435739K (75%)
----------------- Invoking toplevel() on ptolemy.moml.MoMLSimpleApplication@15b8710a
----------------- Done invoking toplevel() on ptolemy.moml.MoMLSimpleApplication@15b8710a
reloadAllAccessors: .ConstraintMonitor1

===========================================================================================
----------------- testing Sat Oct 19 06:02:46 UTC 2019 /home/travis/build/icyphy/ptII/ptolemy/actor/lib/test/auto/ConstraintMonitor2.xml
----------------- Instantiating /home/travis/build/icyphy/ptII/ptolemy/actor/lib/test/auto/ConstraintMonitor2.xml
7 ms. Memory: 583680K Free: 431643K (74%)
----------------- Invoking toplevel() on ptolemy.moml.MoMLSimpleApplication@21c01735
----------------- Done invoking toplevel() on ptolemy.moml.MoMLSimpleApplication@21c01735
reloadAllAccessors: .ConstraintMonitor2

===========================================================================================
----------------- testing Sat Oct 19 06:02:47 UTC 2019 /home/travis/build/icyphy/ptII/ptolemy/actor/lib/test/auto/ConstraintMonitor3.xml
----------------- Instantiating /home/travis/build/icyphy/ptII/ptolemy/actor/lib/test/auto/ConstraintMonitor3.xml
5 ms. Memory: 583680K Free: 427037K (73%)
----------------- Invoking toplevel() on ptolemy.moml.MoMLSimpleApplication@29f3d0f1
----------------- Done invoking toplevel() on ptolemy.moml.MoMLSimpleApplication@29f3d0f1
reloadAllAccessors: .ConstraintMonitor3

===========================================================================================
----------------- testing Sat Oct 19 06:02:47 UTC 2019 /home/travis/build/icyphy/ptII/ptolemy/actor/lib/test/auto/ConstraintMonitor4.xml
----------------- Instantiating /home/travis/build/icyphy/ptII/ptolemy/actor/lib/test/auto/ConstraintMonitor4.xml
3 ms. Memory: 583680K Free: 421917K (72%)
----------------- Invoking toplevel() on ptolemy.moml.MoMLSimpleApplication@5aa84924
----------------- Done invoking toplevel() on ptolemy.moml.MoMLSimpleApplication@5aa84924
reloadAllAccessors: .ConstraintMonitor4

===========================================================================================
----------------- testing Sat Oct 19 06:02:47 UTC 2019 /home/travis/build/icyphy/ptII/ptolemy/actor/lib/test/auto/ConstraintMonitor5.xml
----------------- Instantiating /home/travis/build/icyphy/ptII/ptolemy/actor/lib/test/auto/ConstraintMonitor5.xml
2 ms. Memory: 583680K Free: 416797K (71%)
----------------- Invoking toplevel() on ptolemy.moml.MoMLSimpleApplication@46692ba2
----------------- Done invoking toplevel() on ptolemy.moml.MoMLSimpleApplication@46692ba2
reloadAllAccessors: .ConstraintMonitor5

===========================================================================================
----------------- testing Sat Oct 19 06:02:47 UTC 2019 /home/travis/build/icyphy/ptII/ptolemy/actor/lib/test/auto/ConstraintMonitor6.xml
----------------- Instantiating /home/travis/build/icyphy/ptII/ptolemy/actor/lib/test/auto/ConstraintMonitor6.xml
3 ms. Memory: 583680K Free: 410653K (70%)
----------------- Invoking toplevel() on ptolemy.moml.MoMLSimpleApplication@128f7c9f
----------------- Done invoking toplevel() on ptolemy.moml.MoMLSimpleApplication@128f7c9f
reloadAllAccessors: .ConstraintMonitor6

===========================================================================================
----------------- testing Sat Oct 19 06:02:47 UTC 2019 /home/travis/build/icyphy/ptII/ptolemy/actor/lib/test/auto/ConstraintMonitor7.xml
----------------- Instantiating /home/travis/build/icyphy/ptII/ptolemy/actor/lib/test/auto/ConstraintMonitor7.xml
6 ms. Memory: 583680K Free: 403989K (69%)
----------------- Invoking toplevel() on ptolemy.moml.MoMLSimpleApplication@75bed134
----------------- Done invoking toplevel() on ptolemy.moml.MoMLSimpleApplication@75bed134
reloadAllAccessors: .ConstraintMonitor7

===========================================================================================
----------------- testing Sat Oct 19 06:02:47 UTC 2019 /home/travis/build/icyphy/ptII/ptolemy/actor/lib/test/auto/ConstraintMonitor8.xml
----------------- Instantiating /home/travis/build/icyphy/ptII/ptolemy/actor/lib/test/auto/ConstraintMonitor8.xml
6 ms. Memory: 583680K Free: 396827K (68%)
----------------- Invoking toplevel() on ptolemy.moml.MoMLSimpleApplication@1e0b81b7
----------------- Done invoking toplevel() on ptolemy.moml.MoMLSimpleApplication@1e0b81b7
reloadAllAccessors: .ConstraintMonitor8

===========================================================================================
----------------- testing Sat Oct 19 06:02:47 UTC 2019 /home/travis/build/icyphy/ptII/ptolemy/actor/lib/test/auto/Counter.xml
----------------- Instantiating /home/travis/build/icyphy/ptII/ptolemy/actor/lib/test/auto/Counter.xml
3 ms. Memory: 583680K Free: 391707K (67%)
----------------- Invoking toplevel() on ptolemy.moml.MoMLSimpleApplication@51f2a4ea
----------------- Done invoking toplevel() on ptolemy.moml.MoMLSimpleApplication@51f2a4ea
reloadAllAccessors: .Counter

===========================================================================================
----------------- testing Sat Oct 19 06:02:47 UTC 2019 /home/travis/build/icyphy/ptII/ptolemy/actor/lib/test/auto/CurrentTimeSDF.xml
----------------- Instantiating /home/travis/build/icyphy/ptII/ptolemy/actor/lib/test/auto/CurrentTimeSDF.xml
2 ms. Memory: 583680K Free: 387611K (66%)
----------------- Invoking toplevel() on ptolemy.moml.MoMLSimpleApplication@531c116b
----------------- Done invoking toplevel() on ptolemy.moml.MoMLSimpleApplication@531c116b
reloadAllAccessors: .CurrentTimeSDF

===========================================================================================
----------------- testing Sat Oct 19 06:02:47 UTC 2019 /home/travis/build/icyphy/ptII/ptolemy/actor/lib/test/auto/DB.xml
----------------- Instantiating /home/travis/build/icyphy/ptII/ptolemy/actor/lib/test/auto/DB.xml
2 ms. Memory: 583680K Free: 382491K (66%)
----------------- Invoking toplevel() on ptolemy.moml.MoMLSimpleApplication@3b54fdde
----------------- Done invoking toplevel() on ptolemy.moml.MoMLSimpleApplication@3b54fdde
reloadAllAccessors: .DB

===========================================================================================
----------------- testing Sat Oct 19 06:02:47 UTC 2019 /home/travis/build/icyphy/ptII/ptolemy/actor/lib/test/auto/DBDE.xml
----------------- Instantiating /home/travis/build/icyphy/ptII/ptolemy/actor/lib/test/auto/DBDE.xml
2 ms. Memory: 583680K Free: 376317K (64%)
----------------- Invoking toplevel() on ptolemy.moml.MoMLSimpleApplication@65146d
----------------- Done invoking toplevel() on ptolemy.moml.MoMLSimpleApplication@65146d
reloadAllAccessors: .DBDE

===========================================================================================
----------------- testing Sat Oct 19 06:02:47 UTC 2019 /home/travis/build/icyphy/ptII/ptolemy/actor/lib/test/auto/DateConstructor.xml
----------------- Instantiating /home/travis/build/icyphy/ptII/ptolemy/actor/lib/test/auto/DateConstructor.xml
32 ms. Memory: 583680K Free: 358939K (61%)
----------------- Invoking toplevel() on ptolemy.moml.MoMLSimpleApplication@71dcc39e
----------------- Done invoking toplevel() on ptolemy.moml.MoMLSimpleApplication@71dcc39e
reloadAllAccessors: .DateConstructor

===========================================================================================
----------------- testing Sat Oct 19 06:02:47 UTC 2019 /home/travis/build/icyphy/ptII/ptolemy/actor/lib/test/auto/DelayTime.xml
----------------- Instantiating /home/travis/build/icyphy/ptII/ptolemy/actor/lib/test/auto/DelayTime.xml
6 ms. Memory: 583680K Free: 354333K (61%)
----------------- Invoking toplevel() on ptolemy.moml.MoMLSimpleApplication@6d2c5660
----------------- Done invoking toplevel() on ptolemy.moml.MoMLSimpleApplication@6d2c5660
reloadAllAccessors: .DelayTime

===========================================================================================
----------------- testing Sat Oct 19 06:02:47 UTC 2019 /home/travis/build/icyphy/ptII/ptolemy/actor/lib/test/auto/Dictionary1.xml
----------------- Instantiating /home/travis/build/icyphy/ptII/ptolemy/actor/lib/test/auto/Dictionary1.xml
1 ms. Memory: 583680K Free: 348699K (60%)
----------------- Invoking toplevel() on ptolemy.moml.MoMLSimpleApplication@75b35eb2
----------------- Done invoking toplevel() on ptolemy.moml.MoMLSimpleApplication@75b35eb2
reloadAllAccessors: .Dictionary1

===========================================================================================
----------------- testing Sat Oct 19 06:02:47 UTC 2019 /home/travis/build/icyphy/ptII/ptolemy/actor/lib/test/auto/Dictionary2.xml
----------------- Instantiating /home/travis/build/icyphy/ptII/ptolemy/actor/lib/test/auto/Dictionary2.xml
5 ms. Memory: 583680K Free: 343069K (59%)
----------------- Invoking toplevel() on ptolemy.moml.MoMLSimpleApplication@5c484788
----------------- Done invoking toplevel() on ptolemy.moml.MoMLSimpleApplication@5c484788
reloadAllAccessors: .Dictionary2

===========================================================================================
----------------- testing Sat Oct 19 06:02:47 UTC 2019 /home/travis/build/icyphy/ptII/ptolemy/actor/lib/test/auto/Dictionary3.xml
----------------- Instantiating /home/travis/build/icyphy/ptII/ptolemy/actor/lib/test/auto/Dictionary3.xml
1 ms. Memory: 583680K Free: 337949K (58%)
----------------- Invoking toplevel() on ptolemy.moml.MoMLSimpleApplication@faf472f
----------------- Done invoking toplevel() on ptolemy.moml.MoMLSimpleApplication@faf472f
reloadAllAccessors: .Dictionary3

===========================================================================================
----------------- testing Sat Oct 19 06:02:47 UTC 2019 /home/travis/build/icyphy/ptII/ptolemy/actor/lib/test/auto/Dictionary4.xml
----------------- Instantiating /home/travis/build/icyphy/ptII/ptolemy/actor/lib/test/auto/Dictionary4.xml
3 ms. Memory: 583680K Free: 330781K (57%)
----------------- Invoking toplevel() on ptolemy.moml.MoMLSimpleApplication@5faf0dd5
----------------- Done invoking toplevel() on ptolemy.moml.MoMLSimpleApplication@5faf0dd5
reloadAllAccessors: .Dictionary4

===========================================================================================
----------------- testing Sat Oct 19 06:02:47 UTC 2019 /home/travis/build/icyphy/ptII/ptolemy/actor/lib/test/auto/Differential.xml
----------------- Instantiating /home/travis/build/icyphy/ptII/ptolemy/actor/lib/test/auto/Differential.xml
13 ms. Memory: 583680K Free: 326171K (56%)
----------------- Invoking toplevel() on ptolemy.moml.MoMLSimpleApplication@419e1ccd
----------------- Done invoking toplevel() on ptolemy.moml.MoMLSimpleApplication@419e1ccd
reloadAllAccessors: .Differential

===========================================================================================
----------------- testing Sat Oct 19 06:02:47 UTC 2019 /home/travis/build/icyphy/ptII/ptolemy/actor/lib/test/auto/Director.xml
----------------- Instantiating /home/travis/build/icyphy/ptII/ptolemy/actor/lib/test/auto/Director.xml
4 ms. Memory: 583680K Free: 323099K (55%)
----------------- Invoking toplevel() on ptolemy.moml.MoMLSimpleApplication@66c71a6e
----------------- Done invoking toplevel() on ptolemy.moml.MoMLSimpleApplication@66c71a6e
reloadAllAccessors: .Director

===========================================================================================
----------------- testing Sat Oct 19 06:02:47 UTC 2019 /home/travis/build/icyphy/ptII/ptolemy/actor/lib/test/auto/DiscreteClock.xml
----------------- Instantiating /home/travis/build/icyphy/ptII/ptolemy/actor/lib/test/auto/DiscreteClock.xml
2 ms. Memory: 583680K Free: 319003K (55%)
----------------- Invoking toplevel() on ptolemy.moml.MoMLSimpleApplication@3e49bd7c
----------------- Done invoking toplevel() on ptolemy.moml.MoMLSimpleApplication@3e49bd7c
reloadAllAccessors: .DiscreteClock

===========================================================================================
----------------- testing Sat Oct 19 06:02:47 UTC 2019 /home/travis/build/icyphy/ptII/ptolemy/actor/lib/test/auto/DiscreteClock10.xml
----------------- Instantiating /home/travis/build/icyphy/ptII/ptolemy/actor/lib/test/auto/DiscreteClock10.xml
5 ms. Memory: 583680K Free: 312859K (54%)
----------------- Invoking toplevel() on ptolemy.moml.MoMLSimpleApplication@755a4a89
----------------- Done invoking toplevel() on ptolemy.moml.MoMLSimpleApplication@755a4a89
reloadAllAccessors: .DiscreteClock10

===========================================================================================
----------------- testing Sat Oct 19 06:02:47 UTC 2019 /home/travis/build/icyphy/ptII/ptolemy/actor/lib/test/auto/DiscreteClock11.xml
----------------- Instantiating /home/travis/build/icyphy/ptII/ptolemy/actor/lib/test/auto/DiscreteClock11.xml
3 ms. Memory: 583680K Free: 306715K (53%)
----------------- Invoking toplevel() on ptolemy.moml.MoMLSimpleApplication@362da153
----------------- Done invoking toplevel() on ptolemy.moml.MoMLSimpleApplication@362da153
reloadAllAccessors: .DiscreteClock11

===========================================================================================
----------------- testing Sat Oct 19 06:02:47 UTC 2019 /home/travis/build/icyphy/ptII/ptolemy/actor/lib/test/auto/DiscreteClock12.xml
----------------- Instantiating /home/travis/build/icyphy/ptII/ptolemy/actor/lib/test/auto/DiscreteClock12.xml
4 ms. Memory: 583680K Free: 301085K (52%)
----------------- Invoking toplevel() on ptolemy.moml.MoMLSimpleApplication@54286ce9
----------------- Done invoking toplevel() on ptolemy.moml.MoMLSimpleApplication@54286ce9
reloadAllAccessors: .DiscreteClock12

===========================================================================================
----------------- testing Sat Oct 19 06:02:47 UTC 2019 /home/travis/build/icyphy/ptII/ptolemy/actor/lib/test/auto/DiscreteClock13.xml
----------------- Instantiating /home/travis/build/icyphy/ptII/ptolemy/actor/lib/test/auto/DiscreteClock13.xml
5 ms. Memory: 583680K Free: 526365K (90%)
----------------- Invoking toplevel() on ptolemy.moml.MoMLSimpleApplication@18138b7a
----------------- Done invoking toplevel() on ptolemy.moml.MoMLSimpleApplication@18138b7a
reloadAllAccessors: .DiscreteClock13

===========================================================================================
----------------- testing Sat Oct 19 06:02:47 UTC 2019 /home/travis/build/icyphy/ptII/ptolemy/actor/lib/test/auto/DiscreteClock14.xml
----------------- Instantiating /home/travis/build/icyphy/ptII/ptolemy/actor/lib/test/auto/DiscreteClock14.xml
6 ms. Memory: 583680K Free: 520221K (89%)
----------------- Invoking toplevel() on ptolemy.moml.MoMLSimpleApplication@6ced868c
----------------- Done invoking toplevel() on ptolemy.moml.MoMLSimpleApplication@6ced868c
reloadAllAccessors: .DiscreteClock14

===========================================================================================
----------------- testing Sat Oct 19 06:02:47 UTC 2019 /home/travis/build/icyphy/ptII/ptolemy/actor/lib/test/auto/DiscreteClock15.xml
----------------- Instantiating /home/travis/build/icyphy/ptII/ptolemy/actor/lib/test/auto/DiscreteClock15.xml
5 ms. Memory: 583680K Free: 514077K (88%)
----------------- Invoking toplevel() on ptolemy.moml.MoMLSimpleApplication@6ef10598
----------------- Done invoking toplevel() on ptolemy.moml.MoMLSimpleApplication@6ef10598
reloadAllAccessors: .DiscreteClock15

===========================================================================================
----------------- testing Sat Oct 19 06:02:47 UTC 2019 /home/travis/build/icyphy/ptII/ptolemy/actor/lib/test/auto/DiscreteClock16.xml
----------------- Instantiating /home/travis/build/icyphy/ptII/ptolemy/actor/lib/test/auto/DiscreteClock16.xml
19 ms. Memory: 583680K Free: 500765K (86%)
----------------- Invoking toplevel() on ptolemy.moml.MoMLSimpleApplication@54e70f80
----------------- Done invoking toplevel() on ptolemy.moml.MoMLSimpleApplication@54e70f80
reloadAllAccessors: .DiscreteClock16

===========================================================================================
----------------- testing Sat Oct 19 06:02:47 UTC 2019 /home/travis/build/icyphy/ptII/ptolemy/actor/lib/test/auto/DiscreteClock17.xml
----------------- Instantiating /home/travis/build/icyphy/ptII/ptolemy/actor/lib/test/auto/DiscreteClock17.xml
16 ms. Memory: 583680K Free: 485901K (83%)
----------------- Invoking toplevel() on ptolemy.moml.MoMLSimpleApplication@4c9084a0
----------------- Done invoking toplevel() on ptolemy.moml.MoMLSimpleApplication@4c9084a0
reloadAllAccessors: .DiscreteClock17

===========================================================================================
----------------- testing Sat Oct 19 06:02:47 UTC 2019 /home/travis/build/icyphy/ptII/ptolemy/actor/lib/test/auto/DiscreteClock18.xml
----------------- Instantiating /home/travis/build/icyphy/ptII/ptolemy/actor/lib/test/auto/DiscreteClock18.xml
25 ms. Memory: 583680K Free: 472093K (81%)
----------------- Invoking toplevel() on ptolemy.moml.MoMLSimpleApplication@2249dc76
----------------- Done invoking toplevel() on ptolemy.moml.MoMLSimpleApplication@2249dc76
reloadAllAccessors: .DiscreteClock18

===========================================================================================
----------------- testing Sat Oct 19 06:02:47 UTC 2019 /home/travis/build/icyphy/ptII/ptolemy/actor/lib/test/auto/DiscreteClock19.xml
----------------- Instantiating /home/travis/build/icyphy/ptII/ptolemy/actor/lib/test/auto/DiscreteClock19.xml
20 ms. Memory: 583680K Free: 458253K (79%)
----------------- Invoking toplevel() on ptolemy.moml.MoMLSimpleApplication@3f0f5479
----------------- Done invoking toplevel() on ptolemy.moml.MoMLSimpleApplication@3f0f5479
reloadAllAccessors: .DiscreteClock19

===========================================================================================
----------------- testing Sat Oct 19 06:02:47 UTC 2019 /home/travis/build/icyphy/ptII/ptolemy/actor/lib/test/auto/DiscreteClock2.xml
----------------- Instantiating /home/travis/build/icyphy/ptII/ptolemy/actor/lib/test/auto/DiscreteClock2.xml
5 ms. Memory: 583680K Free: 453661K (78%)
----------------- Invoking toplevel() on ptolemy.moml.MoMLSimpleApplication@55855dc4
----------------- Done invoking toplevel() on ptolemy.moml.MoMLSimpleApplication@55855dc4
reloadAllAccessors: .DiscreteClock2

===========================================================================================
----------------- testing Sat Oct 19 06:02:47 UTC 2019 /home/travis/build/icyphy/ptII/ptolemy/actor/lib/test/auto/DiscreteClock20.xml
----------------- Instantiating /home/travis/build/icyphy/ptII/ptolemy/actor/lib/test/auto/DiscreteClock20.xml
8 ms. Memory: 583680K Free: 448027K (77%)
----------------- Invoking toplevel() on ptolemy.moml.MoMLSimpleApplication@5e00f90
----------------- Done invoking toplevel() on ptolemy.moml.MoMLSimpleApplication@5e00f90
reloadAllAccessors: .DiscreteClock20

===========================================================================================
----------------- testing Sat Oct 19 06:02:47 UTC 2019 /home/travis/build/icyphy/ptII/ptolemy/actor/lib/test/auto/DiscreteClock21.xml
----------------- Instantiating /home/travis/build/icyphy/ptII/ptolemy/actor/lib/test/auto/DiscreteClock21.xml
6 ms. Memory: 583680K Free: 442397K (76%)
----------------- Invoking toplevel() on ptolemy.moml.MoMLSimpleApplication@52dfda58
----------------- Done invoking toplevel() on ptolemy.moml.MoMLSimpleApplication@52dfda58
reloadAllAccessors: .DiscreteClock21

===========================================================================================
----------------- testing Sat Oct 19 06:02:47 UTC 2019 /home/travis/build/icyphy/ptII/ptolemy/actor/lib/test/auto/DiscreteClock22.xml
----------------- Instantiating /home/travis/build/icyphy/ptII/ptolemy/actor/lib/test/auto/DiscreteClock22.xml
6 ms. Memory: 583680K Free: 436763K (75%)
----------------- Invoking toplevel() on ptolemy.moml.MoMLSimpleApplication@7a5cb890
----------------- Done invoking toplevel() on ptolemy.moml.MoMLSimpleApplication@7a5cb890
reloadAllAccessors: .DiscreteClock22

===========================================================================================
----------------- testing Sat Oct 19 06:02:47 UTC 2019 /home/travis/build/icyphy/ptII/ptolemy/actor/lib/test/auto/DiscreteClock23.xml
----------------- Instantiating /home/travis/build/icyphy/ptII/ptolemy/actor/lib/test/auto/DiscreteClock23.xml
8 ms. Memory: 583680K Free: 431643K (74%)
----------------- Invoking toplevel() on ptolemy.moml.MoMLSimpleApplication@669de3fd
----------------- Done invoking toplevel() on ptolemy.moml.MoMLSimpleApplication@669de3fd
reloadAllAccessors: .DiscreteClock23

===========================================================================================
----------------- testing Sat Oct 19 06:02:48 UTC 2019 /home/travis/build/icyphy/ptII/ptolemy/actor/lib/test/auto/DiscreteClock24.xml
----------------- Instantiating /home/travis/build/icyphy/ptII/ptolemy/actor/lib/test/auto/DiscreteClock24.xml
4 ms. Memory: 583680K Free: 426013K (73%)
----------------- Invoking toplevel() on ptolemy.moml.MoMLSimpleApplication@5630020a
----------------- Done invoking toplevel() on ptolemy.moml.MoMLSimpleApplication@5630020a
reloadAllAccessors: .DiscreteClock24

===========================================================================================
----------------- testing Sat Oct 19 06:02:48 UTC 2019 /home/travis/build/icyphy/ptII/ptolemy/actor/lib/test/auto/DiscreteClock4.xml
----------------- Instantiating /home/travis/build/icyphy/ptII/ptolemy/actor/lib/test/auto/DiscreteClock4.xml
5 ms. Memory: 583680K Free: 420365K (72%)
----------------- Invoking toplevel() on ptolemy.moml.MoMLSimpleApplication@36b4ca69
----------------- Done invoking toplevel() on ptolemy.moml.MoMLSimpleApplication@36b4ca69
reloadAllAccessors: .DiscreteClock4

===========================================================================================
----------------- testing Sat Oct 19 06:02:48 UTC 2019 /home/travis/build/icyphy/ptII/ptolemy/actor/lib/test/auto/DiscreteClock5.xml
----------------- Instantiating /home/travis/build/icyphy/ptII/ptolemy/actor/lib/test/auto/DiscreteClock5.xml
1 ms. Memory: 583680K Free: 414749K (71%)
----------------- Invoking toplevel() on ptolemy.moml.MoMLSimpleApplication@793523cd
----------------- Done invoking toplevel() on ptolemy.moml.MoMLSimpleApplication@793523cd
reloadAllAccessors: .DiscreteClock5

===========================================================================================
----------------- testing Sat Oct 19 06:02:48 UTC 2019 /home/travis/build/icyphy/ptII/ptolemy/actor/lib/test/auto/DiscreteClock6.xml
----------------- Instantiating /home/travis/build/icyphy/ptII/ptolemy/actor/lib/test/auto/DiscreteClock6.xml
2 ms. Memory: 583680K Free: 411149K (70%)
----------------- Invoking toplevel() on ptolemy.moml.MoMLSimpleApplication@474f9619
----------------- Done invoking toplevel() on ptolemy.moml.MoMLSimpleApplication@474f9619
reloadAllAccessors: .DiscreteClock6

===========================================================================================
----------------- testing Sat Oct 19 06:02:48 UTC 2019 /home/travis/build/icyphy/ptII/ptolemy/actor/lib/test/auto/DiscreteClock7.xml
----------------- Instantiating /home/travis/build/icyphy/ptII/ptolemy/actor/lib/test/auto/DiscreteClock7.xml
1 ms. Memory: 583680K Free: 406043K (70%)
----------------- Invoking toplevel() on ptolemy.moml.MoMLSimpleApplication@d429e71
----------------- Done invoking toplevel() on ptolemy.moml.MoMLSimpleApplication@d429e71
reloadAllAccessors: .DiscreteClock7

===========================================================================================
----------------- testing Sat Oct 19 06:02:48 UTC 2019 /home/travis/build/icyphy/ptII/ptolemy/actor/lib/test/auto/DiscreteClock8.xml
----------------- Instantiating /home/travis/build/icyphy/ptII/ptolemy/actor/lib/test/auto/DiscreteClock8.xml
5 ms. Memory: 583680K Free: 399869K (69%)
----------------- Invoking toplevel() on ptolemy.moml.MoMLSimpleApplication@7a21daef
----------------- Done invoking toplevel() on ptolemy.moml.MoMLSimpleApplication@7a21daef
reloadAllAccessors: .DiscreteClock8

===========================================================================================
----------------- testing Sat Oct 19 06:02:48 UTC 2019 /home/travis/build/icyphy/ptII/ptolemy/actor/lib/test/auto/DiscreteClock9.xml
----------------- Instantiating /home/travis/build/icyphy/ptII/ptolemy/actor/lib/test/auto/DiscreteClock9.xml
5 ms. Memory: 583680K Free: 394779K (68%)
----------------- Invoking toplevel() on ptolemy.moml.MoMLSimpleApplication@30839c91
----------------- Done invoking toplevel() on ptolemy.moml.MoMLSimpleApplication@30839c91
reloadAllAccessors: .DiscreteClock9

===========================================================================================
----------------- testing Sat Oct 19 06:02:48 UTC 2019 /home/travis/build/icyphy/ptII/ptolemy/actor/lib/test/auto/DisplayArray.xml
----------------- Instantiating /home/travis/build/icyphy/ptII/ptolemy/actor/lib/test/auto/DisplayArray.xml
3 ms. Memory: 583680K Free: 391197K (67%)
----------------- Invoking toplevel() on ptolemy.moml.MoMLSimpleApplication@4db39199
----------------- Done invoking toplevel() on ptolemy.moml.MoMLSimpleApplication@4db39199
reloadAllAccessors: .DisplayArray

===========================================================================================
----------------- testing Sat Oct 19 06:02:48 UTC 2019 /home/travis/build/icyphy/ptII/ptolemy/actor/lib/test/auto/Distributor.xml
----------------- Instantiating /home/travis/build/icyphy/ptII/ptolemy/actor/lib/test/auto/Distributor.xml
1 ms. Memory: 583680K Free: 386587K (66%)
----------------- Invoking toplevel() on ptolemy.moml.MoMLSimpleApplication@46b2c6aa
----------------- Done invoking toplevel() on ptolemy.moml.MoMLSimpleApplication@46b2c6aa
reloadAllAccessors: .Distributor

===========================================================================================
----------------- testing Sat Oct 19 06:02:48 UTC 2019 /home/travis/build/icyphy/ptII/ptolemy/actor/lib/test/auto/Distributor2.xml
----------------- Instantiating /home/travis/build/icyphy/ptII/ptolemy/actor/lib/test/auto/Distributor2.xml
2 ms. Memory: 583680K Free: 381467K (65%)
----------------- Invoking toplevel() on ptolemy.moml.MoMLSimpleApplication@59b38cd5
----------------- Done invoking toplevel() on ptolemy.moml.MoMLSimpleApplication@59b38cd5
reloadAllAccessors: .Distributor2

===========================================================================================
----------------- testing Sat Oct 19 06:02:48 UTC 2019 /home/travis/build/icyphy/ptII/ptolemy/actor/lib/test/auto/DownSample.xml
----------------- Instantiating /home/travis/build/icyphy/ptII/ptolemy/actor/lib/test/auto/DownSample.xml
2 ms. Memory: 583680K Free: 376861K (65%)
----------------- Invoking toplevel() on ptolemy.moml.MoMLSimpleApplication@43b4b623
----------------- Done invoking toplevel() on ptolemy.moml.MoMLSimpleApplication@43b4b623
reloadAllAccessors: .DownSample

===========================================================================================
----------------- testing Sat Oct 19 06:02:48 UTC 2019 /home/travis/build/icyphy/ptII/ptolemy/actor/lib/test/auto/ElectronicUnitBase1.xml
----------------- Instantiating /home/travis/build/icyphy/ptII/ptolemy/actor/lib/test/auto/ElectronicUnitBase1.xml
14 ms. Memory: 583680K Free: 361501K (62%)
----------------- Invoking toplevel() on ptolemy.moml.MoMLSimpleApplication@493fdf04
----------------- Done invoking toplevel() on ptolemy.moml.MoMLSimpleApplication@493fdf04
reloadAllAccessors: .ElectronicUnitBase1

===========================================================================================
----------------- testing Sat Oct 19 06:02:48 UTC 2019 /home/travis/build/icyphy/ptII/ptolemy/actor/lib/test/auto/ElementsToArray.xml
----------------- Instantiating /home/travis/build/icyphy/ptII/ptolemy/actor/lib/test/auto/ElementsToArray.xml
3 ms. Memory: 583680K Free: 356381K (61%)
----------------- Invoking toplevel() on ptolemy.moml.MoMLSimpleApplication@4b83acf1
----------------- Done invoking toplevel() on ptolemy.moml.MoMLSimpleApplication@4b83acf1
reloadAllAccessors: .ElementsToArray

===========================================================================================
----------------- testing Sat Oct 19 06:02:48 UTC 2019 /home/travis/build/icyphy/ptII/ptolemy/actor/lib/test/auto/Equals.xml
----------------- Instantiating /home/travis/build/icyphy/ptII/ptolemy/actor/lib/test/auto/Equals.xml
2 ms. Memory: 583680K Free: 351771K (60%)
----------------- Invoking toplevel() on ptolemy.moml.MoMLSimpleApplication@59bf8012
----------------- Done invoking toplevel() on ptolemy.moml.MoMLSimpleApplication@59bf8012
reloadAllAccessors: .Equals

===========================================================================================
----------------- testing Sat Oct 19 06:02:48 UTC 2019 /home/travis/build/icyphy/ptII/ptolemy/actor/lib/test/auto/Exec.xml
----------------- Instantiating /home/travis/build/icyphy/ptII/ptolemy/actor/lib/test/auto/Exec.xml
26 ms. Memory: 583680K Free: 345627K (59%)
----------------- Invoking toplevel() on ptolemy.moml.MoMLSimpleApplication@104ad33c
----------------- Done invoking toplevel() on ptolemy.moml.MoMLSimpleApplication@104ad33c
reloadAllAccessors: .Exec

===========================================================================================
----------------- testing Sat Oct 19 06:02:48 UTC 2019 /home/travis/build/icyphy/ptII/ptolemy/actor/lib/test/auto/ExecEnvironment.xml
----------------- Instantiating /home/travis/build/icyphy/ptII/ptolemy/actor/lib/test/auto/ExecEnvironment.xml
25 ms. Memory: 583680K Free: 339995K (58%)
----------------- Invoking toplevel() on ptolemy.moml.MoMLSimpleApplication@2f44004d
----------------- Done invoking toplevel() on ptolemy.moml.MoMLSimpleApplication@2f44004d
reloadAllAccessors: .ExecEnvironment

===========================================================================================
----------------- testing Sat Oct 19 06:02:48 UTC 2019 /home/travis/build/icyphy/ptII/ptolemy/actor/lib/test/auto/ExecNonZeroReturnOutput.xml
----------------- Instantiating /home/travis/build/icyphy/ptII/ptolemy/actor/lib/test/auto/ExecNonZeroReturnOutput.xml
207 ms. Memory: 583680K Free: 329243K (56%)
----------------- Invoking toplevel() on ptolemy.moml.MoMLSimpleApplication@46537709
----------------- Done invoking toplevel() on ptolemy.moml.MoMLSimpleApplication@46537709
reloadAllAccessors: .ExecNonZeroReturnOutput

===========================================================================================
----------------- testing Sat Oct 19 06:02:48 UTC 2019 /home/travis/build/icyphy/ptII/ptolemy/actor/lib/test/auto/ExecRunDemos.xml
----------------- Instantiating /home/travis/build/icyphy/ptII/ptolemy/actor/lib/test/auto/ExecRunDemos.xml
Finished: 99 ms. Memory: 120832K Free: 104651K (87%)

Finished: 67 ms. Memory: 120832K Free: 110672K (92%)

Finished: 103 ms. Memory: 120832K Free: 110883K (92%)

Finished: 89 ms. Memory: 120832K Free: 103207K (85%)

Finished: 63 ms. Memory: 120832K Free: 104040K (86%)

11255 ms. Memory: 583680K Free: 307739K (53%)
----------------- Invoking toplevel() on ptolemy.moml.MoMLSimpleApplication@756600c8
----------------- Done invoking toplevel() on ptolemy.moml.MoMLSimpleApplication@756600c8
reloadAllAccessors: .ExecRunDemos

===========================================================================================
----------------- testing Sat Oct 19 06:02:59 UTC 2019 /home/travis/build/icyphy/ptII/ptolemy/actor/lib/test/auto/ExecStop.xml
----------------- Instantiating /home/travis/build/icyphy/ptII/ptolemy/actor/lib/test/auto/ExecStop.xml
5018 ms. Memory: 583680K Free: 193565K (33%)
----------------- Invoking toplevel() on ptolemy.moml.MoMLSimpleApplication@548a0ea0
----------------- Done invoking toplevel() on ptolemy.moml.MoMLSimpleApplication@548a0ea0
reloadAllAccessors: .ExecStop

===========================================================================================
----------------- testing Sat Oct 19 06:03:04 UTC 2019 /home/travis/build/icyphy/ptII/ptolemy/actor/lib/test/auto/ExecutionTimeSDF.xml
----------------- Instantiating /home/travis/build/icyphy/ptII/ptolemy/actor/lib/test/auto/ExecutionTimeSDF.xml
Fired ExecutionTime: -2023367296
Fired ExecutionTime: 1043600000
Fired ExecutionTime: -1085767296
6014 ms. Memory: 583680K Free: 524315K (90%)

===========================================================================================
----------------- testing Sat Oct 19 06:03:11 UTC 2019 /home/travis/build/icyphy/ptII/ptolemy/actor/lib/test/auto/Expression1.xml
----------------- Instantiating /home/travis/build/icyphy/ptII/ptolemy/actor/lib/test/auto/Expression1.xml
1 ms. Memory: 583680K Free: 519709K (89%)
----------------- Invoking toplevel() on ptolemy.moml.MoMLSimpleApplication@54c30cd1
----------------- Done invoking toplevel() on ptolemy.moml.MoMLSimpleApplication@54c30cd1
reloadAllAccessors: .Expression1

===========================================================================================
----------------- testing Sat Oct 19 06:03:11 UTC 2019 /home/travis/build/icyphy/ptII/ptolemy/actor/lib/test/auto/Expression10.xml
----------------- Instantiating /home/travis/build/icyphy/ptII/ptolemy/actor/lib/test/auto/Expression10.xml
9 ms. Memory: 583680K Free: 514075K (88%)
----------------- Invoking toplevel() on ptolemy.moml.MoMLSimpleApplication@1f081f
----------------- Done invoking toplevel() on ptolemy.moml.MoMLSimpleApplication@1f081f
reloadAllAccessors: .Expression10

===========================================================================================
----------------- testing Sat Oct 19 06:03:11 UTC 2019 /home/travis/build/icyphy/ptII/ptolemy/actor/lib/test/auto/Expression11.xml
----------------- Instantiating /home/travis/build/icyphy/ptII/ptolemy/actor/lib/test/auto/Expression11.xml
4 ms. Memory: 583680K Free: 508955K (87%)
----------------- Invoking toplevel() on ptolemy.moml.MoMLSimpleApplication@4888487d
----------------- Done invoking toplevel() on ptolemy.moml.MoMLSimpleApplication@4888487d
reloadAllAccessors: .Expression11

===========================================================================================
----------------- testing Sat Oct 19 06:03:11 UTC 2019 /home/travis/build/icyphy/ptII/ptolemy/actor/lib/test/auto/Expression12.xml
----------------- Instantiating /home/travis/build/icyphy/ptII/ptolemy/actor/lib/test/auto/Expression12.xml
7 ms. Memory: 583680K Free: 503325K (86%)
----------------- Invoking toplevel() on ptolemy.moml.MoMLSimpleApplication@6ec4f2e5
----------------- Done invoking toplevel() on ptolemy.moml.MoMLSimpleApplication@6ec4f2e5
reloadAllAccessors: .Expression12

===========================================================================================
----------------- testing Sat Oct 19 06:03:11 UTC 2019 /home/travis/build/icyphy/ptII/ptolemy/actor/lib/test/auto/Expression13.xml
----------------- Instantiating /home/travis/build/icyphy/ptII/ptolemy/actor/lib/test/auto/Expression13.xml
3 ms. Memory: 583680K Free: 498205K (85%)
----------------- Invoking toplevel() on ptolemy.moml.MoMLSimpleApplication@7f132cd0
----------------- Done invoking toplevel() on ptolemy.moml.MoMLSimpleApplication@7f132cd0
reloadAllAccessors: .Expression13

===========================================================================================
----------------- testing Sat Oct 19 06:03:11 UTC 2019 /home/travis/build/icyphy/ptII/ptolemy/actor/lib/test/auto/Expression14.xml
----------------- Instantiating /home/travis/build/icyphy/ptII/ptolemy/actor/lib/test/auto/Expression14.xml
8 ms. Memory: 583680K Free: 492571K (84%)
----------------- Invoking toplevel() on ptolemy.moml.MoMLSimpleApplication@61a5dfb2
----------------- Done invoking toplevel() on ptolemy.moml.MoMLSimpleApplication@61a5dfb2
reloadAllAccessors: .Expression14

===========================================================================================
----------------- testing Sat Oct 19 06:03:11 UTC 2019 /home/travis/build/icyphy/ptII/ptolemy/actor/lib/test/auto/Expression15.xml
----------------- Instantiating /home/travis/build/icyphy/ptII/ptolemy/actor/lib/test/auto/Expression15.xml
1 ms. Memory: 583680K Free: 488475K (84%)
----------------- Invoking toplevel() on ptolemy.moml.MoMLSimpleApplication@2003c79e
----------------- Done invoking toplevel() on ptolemy.moml.MoMLSimpleApplication@2003c79e
reloadAllAccessors: .Expression15

===========================================================================================
----------------- testing Sat Oct 19 06:03:11 UTC 2019 /home/travis/build/icyphy/ptII/ptolemy/actor/lib/test/auto/Expression16.xml
----------------- Instantiating /home/travis/build/icyphy/ptII/ptolemy/actor/lib/test/auto/Expression16.xml
4 ms. Memory: 583680K Free: 483355K (83%)
----------------- Invoking toplevel() on ptolemy.moml.MoMLSimpleApplication@2e15c03e
----------------- Done invoking toplevel() on ptolemy.moml.MoMLSimpleApplication@2e15c03e
reloadAllAccessors: .Expression16

===========================================================================================
----------------- testing Sat Oct 19 06:03:11 UTC 2019 /home/travis/build/icyphy/ptII/ptolemy/actor/lib/test/auto/Expression17.xml
----------------- Instantiating /home/travis/build/icyphy/ptII/ptolemy/actor/lib/test/auto/Expression17.xml
7 ms. Memory: 583680K Free: 478235K (82%)
----------------- Invoking toplevel() on ptolemy.moml.MoMLSimpleApplication@568fae54
----------------- Done invoking toplevel() on ptolemy.moml.MoMLSimpleApplication@568fae54
reloadAllAccessors: .Expression17

===========================================================================================
----------------- testing Sat Oct 19 06:03:11 UTC 2019 /home/travis/build/icyphy/ptII/ptolemy/actor/lib/test/auto/Expression18.xml
----------------- Instantiating /home/travis/build/icyphy/ptII/ptolemy/actor/lib/test/auto/Expression18.xml
3 ms. Memory: 583680K Free: 473115K (81%)
----------------- Invoking toplevel() on ptolemy.moml.MoMLSimpleApplication@70fd0bc5
----------------- Done invoking toplevel() on ptolemy.moml.MoMLSimpleApplication@70fd0bc5
reloadAllAccessors: .Expression18

===========================================================================================
----------------- testing Sat Oct 19 06:03:11 UTC 2019 /home/travis/build/icyphy/ptII/ptolemy/actor/lib/test/auto/Expression2.xml
----------------- Instantiating /home/travis/build/icyphy/ptII/ptolemy/actor/lib/test/auto/Expression2.xml
2 ms. Memory: 583680K Free: 467995K (80%)
----------------- Invoking toplevel() on ptolemy.moml.MoMLSimpleApplication@332095f8
----------------- Done invoking toplevel() on ptolemy.moml.MoMLSimpleApplication@332095f8
reloadAllAccessors: .Expression2

===========================================================================================
----------------- testing Sat Oct 19 06:03:11 UTC 2019 /home/travis/build/icyphy/ptII/ptolemy/actor/lib/test/auto/Expression3.xml
----------------- Instantiating /home/travis/build/icyphy/ptII/ptolemy/actor/lib/test/auto/Expression3.xml
7 ms. Memory: 583680K Free: 463389K (79%)
----------------- Invoking toplevel() on ptolemy.moml.MoMLSimpleApplication@78c45a0a
----------------- Done invoking toplevel() on ptolemy.moml.MoMLSimpleApplication@78c45a0a
reloadAllAccessors: .Expression3

===========================================================================================
----------------- testing Sat Oct 19 06:03:11 UTC 2019 /home/travis/build/icyphy/ptII/ptolemy/actor/lib/test/auto/Expression4.xml
----------------- Instantiating /home/travis/build/icyphy/ptII/ptolemy/actor/lib/test/auto/Expression4.xml
4 ms. Memory: 583680K Free: 455693K (78%)
----------------- Invoking toplevel() on ptolemy.moml.MoMLSimpleApplication@29be833c
----------------- Done invoking toplevel() on ptolemy.moml.MoMLSimpleApplication@29be833c
reloadAllAccessors: .Expression4

===========================================================================================
----------------- testing Sat Oct 19 06:03:11 UTC 2019 /home/travis/build/icyphy/ptII/ptolemy/actor/lib/test/auto/Expression5.xml
----------------- Instantiating /home/travis/build/icyphy/ptII/ptolemy/actor/lib/test/auto/Expression5.xml
6 ms. Memory: 583680K Free: 450587K (77%)
----------------- Invoking toplevel() on ptolemy.moml.MoMLSimpleApplication@4c3b03c3
----------------- Done invoking toplevel() on ptolemy.moml.MoMLSimpleApplication@4c3b03c3
reloadAllAccessors: .Expression5

===========================================================================================
----------------- testing Sat Oct 19 06:03:11 UTC 2019 /home/travis/build/icyphy/ptII/ptolemy/actor/lib/test/auto/Expression6.xml
----------------- Instantiating /home/travis/build/icyphy/ptII/ptolemy/actor/lib/test/auto/Expression6.xml
2 ms. Memory: 583680K Free: 445981K (76%)
----------------- Invoking toplevel() on ptolemy.moml.MoMLSimpleApplication@5d2daf21
----------------- Done invoking toplevel() on ptolemy.moml.MoMLSimpleApplication@5d2daf21
reloadAllAccessors: .Expression6

===========================================================================================
----------------- testing Sat Oct 19 06:03:11 UTC 2019 /home/travis/build/icyphy/ptII/ptolemy/actor/lib/test/auto/Expression7.xml
----------------- Instantiating /home/travis/build/icyphy/ptII/ptolemy/actor/lib/test/auto/Expression7.xml
4 ms. Memory: 583680K Free: 440861K (76%)
----------------- Invoking toplevel() on ptolemy.moml.MoMLSimpleApplication@6fdf666
----------------- Done invoking toplevel() on ptolemy.moml.MoMLSimpleApplication@6fdf666
reloadAllAccessors: .Expression7

===========================================================================================
----------------- testing Sat Oct 19 06:03:11 UTC 2019 /home/travis/build/icyphy/ptII/ptolemy/actor/lib/test/auto/Expression8.xml
----------------- Instantiating /home/travis/build/icyphy/ptII/ptolemy/actor/lib/test/auto/Expression8.xml
9 ms. Memory: 583680K Free: 435741K (75%)
----------------- Invoking toplevel() on ptolemy.moml.MoMLSimpleApplication@6df5009f
----------------- Done invoking toplevel() on ptolemy.moml.MoMLSimpleApplication@6df5009f
reloadAllAccessors: .Expression8

===========================================================================================
----------------- testing Sat Oct 19 06:03:11 UTC 2019 /home/travis/build/icyphy/ptII/ptolemy/actor/lib/test/auto/Expression9.xml
----------------- Instantiating /home/travis/build/icyphy/ptII/ptolemy/actor/lib/test/auto/Expression9.xml
1 ms. Memory: 583680K Free: 432155K (74%)
----------------- Invoking toplevel() on ptolemy.moml.MoMLSimpleApplication@f11090f
----------------- Done invoking toplevel() on ptolemy.moml.MoMLSimpleApplication@f11090f
reloadAllAccessors: .Expression9

===========================================================================================
----------------- testing Sat Oct 19 06:03:11 UTC 2019 /home/travis/build/icyphy/ptII/ptolemy/actor/lib/test/auto/ExpressionConcatenateArrayType.xml
----------------- Instantiating /home/travis/build/icyphy/ptII/ptolemy/actor/lib/test/auto/ExpressionConcatenateArrayType.xml
3 ms. Memory: 583680K Free: 425501K (73%)
----------------- Invoking toplevel() on ptolemy.moml.MoMLSimpleApplication@70f35158
----------------- Done invoking toplevel() on ptolemy.moml.MoMLSimpleApplication@70f35158
reloadAllAccessors: .ExpressionConcatenateArrayType

===========================================================================================
----------------- testing Sat Oct 19 06:03:11 UTC 2019 /home/travis/build/icyphy/ptII/ptolemy/actor/lib/test/auto/ExpressionConcatenateArrayType2.xml
----------------- Instantiating /home/travis/build/icyphy/ptII/ptolemy/actor/lib/test/auto/ExpressionConcatenateArrayType2.xml
2 ms. Memory: 583680K Free: 419867K (72%)
----------------- Invoking toplevel() on ptolemy.moml.MoMLSimpleApplication@439bb4d2
----------------- Done invoking toplevel() on ptolemy.moml.MoMLSimpleApplication@439bb4d2
reloadAllAccessors: .ExpressionConcatenateArrayType2

===========================================================================================
----------------- testing Sat Oct 19 06:03:11 UTC 2019 /home/travis/build/icyphy/ptII/ptolemy/actor/lib/test/auto/ExpressionFix.xml
----------------- Instantiating /home/travis/build/icyphy/ptII/ptolemy/actor/lib/test/auto/ExpressionFix.xml
23 ms. Memory: 583680K Free: 413213K (71%)
----------------- Invoking toplevel() on ptolemy.moml.MoMLSimpleApplication@37ed7d97
----------------- Done invoking toplevel() on ptolemy.moml.MoMLSimpleApplication@37ed7d97
reloadAllAccessors: .ExpressionFix

===========================================================================================
----------------- testing Sat Oct 19 06:03:11 UTC 2019 /home/travis/build/icyphy/ptII/ptolemy/actor/lib/test/auto/ExpressionFix2.xml
----------------- Instantiating /home/travis/build/icyphy/ptII/ptolemy/actor/lib/test/auto/ExpressionFix2.xml
4 ms. Memory: 583680K Free: 408603K (70%)
----------------- Invoking toplevel() on ptolemy.moml.MoMLSimpleApplication@70f3da9e
----------------- Done invoking toplevel() on ptolemy.moml.MoMLSimpleApplication@70f3da9e
reloadAllAccessors: .ExpressionFix2

===========================================================================================
----------------- testing Sat Oct 19 06:03:11 UTC 2019 /home/travis/build/icyphy/ptII/ptolemy/actor/lib/test/auto/ExpressionFix3.xml
----------------- Instantiating /home/travis/build/icyphy/ptII/ptolemy/actor/lib/test/auto/ExpressionFix3.xml
3 ms. Memory: 583680K Free: 403997K (69%)
----------------- Invoking toplevel() on ptolemy.moml.MoMLSimpleApplication@4fd50124
----------------- Done invoking toplevel() on ptolemy.moml.MoMLSimpleApplication@4fd50124
reloadAllAccessors: .ExpressionFix3

===========================================================================================
----------------- testing Sat Oct 19 06:03:11 UTC 2019 /home/travis/build/icyphy/ptII/ptolemy/actor/lib/test/auto/FileWriter1.xml
----------------- Instantiating /home/travis/build/icyphy/ptII/ptolemy/actor/lib/test/auto/FileWriter1.xml
2 ms. Memory: 583680K Free: 399901K (69%)
----------------- Invoking toplevel() on ptolemy.moml.MoMLSimpleApplication@397ffe07
----------------- Done invoking toplevel() on ptolemy.moml.MoMLSimpleApplication@397ffe07
reloadAllAccessors: .FileWriter1

===========================================================================================
----------------- testing Sat Oct 19 06:03:11 UTC 2019 /home/travis/build/icyphy/ptII/ptolemy/actor/lib/test/auto/FileWriter2.xml
----------------- Instantiating /home/travis/build/icyphy/ptII/ptolemy/actor/lib/test/auto/FileWriter2.xml
2 ms. Memory: 583680K Free: 395805K (68%)
----------------- Invoking toplevel() on ptolemy.moml.MoMLSimpleApplication@c36b895
----------------- Done invoking toplevel() on ptolemy.moml.MoMLSimpleApplication@c36b895
reloadAllAccessors: .FileWriter2

===========================================================================================
----------------- testing Sat Oct 19 06:03:11 UTC 2019 /home/travis/build/icyphy/ptII/ptolemy/actor/lib/test/auto/FileWriter3.xml
----------------- Instantiating /home/travis/build/icyphy/ptII/ptolemy/actor/lib/test/auto/FileWriter3.xml
5 ms. Memory: 583680K Free: 391709K (67%)
----------------- Invoking toplevel() on ptolemy.moml.MoMLSimpleApplication@46ed8e36
----------------- Done invoking toplevel() on ptolemy.moml.MoMLSimpleApplication@46ed8e36
reloadAllAccessors: .FileWriter3

===========================================================================================
----------------- testing Sat Oct 19 06:03:11 UTC 2019 /home/travis/build/icyphy/ptII/ptolemy/actor/lib/test/auto/Gaussian.xml
----------------- Instantiating /home/travis/build/icyphy/ptII/ptolemy/actor/lib/test/auto/Gaussian.xml
4 ms. Memory: 583680K Free: 387099K (66%)
----------------- Invoking toplevel() on ptolemy.moml.MoMLSimpleApplication@7d1e205d
----------------- Done invoking toplevel() on ptolemy.moml.MoMLSimpleApplication@7d1e205d
reloadAllAccessors: .Gaussian

===========================================================================================
----------------- testing Sat Oct 19 06:03:11 UTC 2019 /home/travis/build/icyphy/ptII/ptolemy/actor/lib/test/auto/Gaussian1.xml
----------------- Instantiating /home/travis/build/icyphy/ptII/ptolemy/actor/lib/test/auto/Gaussian1.xml
4 ms. Memory: 583680K Free: 381469K (65%)
----------------- Invoking toplevel() on ptolemy.moml.MoMLSimpleApplication@4c12b530
----------------- Done invoking toplevel() on ptolemy.moml.MoMLSimpleApplication@4c12b530
reloadAllAccessors: .Gaussian1

===========================================================================================
----------------- testing Sat Oct 19 06:03:11 UTC 2019 /home/travis/build/icyphy/ptII/ptolemy/actor/lib/test/auto/Gaussian2.xml
----------------- Instantiating /home/travis/build/icyphy/ptII/ptolemy/actor/lib/test/auto/Gaussian2.xml
2 ms. Memory: 583680K Free: 375821K (64%)
----------------- Invoking toplevel() on ptolemy.moml.MoMLSimpleApplication@477a1e5c
----------------- Done invoking toplevel() on ptolemy.moml.MoMLSimpleApplication@477a1e5c
reloadAllAccessors: .Gaussian2

===========================================================================================
----------------- testing Sat Oct 19 06:03:11 UTC 2019 /home/travis/build/icyphy/ptII/ptolemy/actor/lib/test/auto/GradientAdaptiveLattice.xml
----------------- Instantiating /home/travis/build/icyphy/ptII/ptolemy/actor/lib/test/auto/GradientAdaptiveLattice.xml
3 ms. Memory: 583680K Free: 370715K (64%)
----------------- Invoking toplevel() on ptolemy.moml.MoMLSimpleApplication@6628c82f
----------------- Done invoking toplevel() on ptolemy.moml.MoMLSimpleApplication@6628c82f
reloadAllAccessors: .GradientAdaptiveLattice

===========================================================================================
----------------- testing Sat Oct 19 06:03:11 UTC 2019 /home/travis/build/icyphy/ptII/ptolemy/actor/lib/test/auto/IIR.xml
----------------- Instantiating /home/travis/build/icyphy/ptII/ptolemy/actor/lib/test/auto/IIR.xml
1 ms. Memory: 583680K Free: 366109K (63%)
----------------- Invoking toplevel() on ptolemy.moml.MoMLSimpleApplication@2758c62b
----------------- Done invoking toplevel() on ptolemy.moml.MoMLSimpleApplication@2758c62b
reloadAllAccessors: .IIR

===========================================================================================
----------------- testing Sat Oct 19 06:03:11 UTC 2019 /home/travis/build/icyphy/ptII/ptolemy/actor/lib/test/auto/InputOutputTransparentPorts.xml
----------------- Instantiating /home/travis/build/icyphy/ptII/ptolemy/actor/lib/test/auto/InputOutputTransparentPorts.xml
2 ms. Memory: 583680K Free: 359451K (62%)
----------------- Invoking toplevel() on ptolemy.moml.MoMLSimpleApplication@63ae7ca8
----------------- Done invoking toplevel() on ptolemy.moml.MoMLSimpleApplication@63ae7ca8
reloadAllAccessors: .InputOutputTransparentPorts

===========================================================================================
----------------- testing Sat Oct 19 06:03:11 UTC 2019 /home/travis/build/icyphy/ptII/ptolemy/actor/lib/test/auto/Interpolator.xml
----------------- Instantiating /home/travis/build/icyphy/ptII/ptolemy/actor/lib/test/auto/Interpolator.xml
4 ms. Memory: 583680K Free: 355341K (61%)
----------------- Invoking toplevel() on ptolemy.moml.MoMLSimpleApplication@4aea7c88
----------------- Done invoking toplevel() on ptolemy.moml.MoMLSimpleApplication@4aea7c88
reloadAllAccessors: .Interpolator

===========================================================================================
----------------- testing Sat Oct 19 06:03:11 UTC 2019 /home/travis/build/icyphy/ptII/ptolemy/actor/lib/test/auto/InterpolatorFiringLimitDE.xml
----------------- Instantiating /home/travis/build/icyphy/ptII/ptolemy/actor/lib/test/auto/InterpolatorFiringLimitDE.xml
2 ms. Memory: 583680K Free: 348187K (60%)
----------------- Invoking toplevel() on ptolemy.moml.MoMLSimpleApplication@33c89e53
----------------- Done invoking toplevel() on ptolemy.moml.MoMLSimpleApplication@33c89e53
reloadAllAccessors: .InterpolatorFiringLimitDE

===========================================================================================
----------------- testing Sat Oct 19 06:03:11 UTC 2019 /home/travis/build/icyphy/ptII/ptolemy/actor/lib/test/auto/Lattice.xml
----------------- Instantiating /home/travis/build/icyphy/ptII/ptolemy/actor/lib/test/auto/Lattice.xml
1 ms. Memory: 583680K Free: 344091K (59%)
----------------- Invoking toplevel() on ptolemy.moml.MoMLSimpleApplication@7828df96
----------------- Done invoking toplevel() on ptolemy.moml.MoMLSimpleApplication@7828df96
reloadAllAccessors: .Lattice

===========================================================================================
----------------- testing Sat Oct 19 06:03:11 UTC 2019 /home/travis/build/icyphy/ptII/ptolemy/actor/lib/test/auto/LazyAOCTestLazy.xml
----------------- Instantiating /home/travis/build/icyphy/ptII/ptolemy/actor/lib/test/auto/LazyAOCTestLazy.xml
9 ms. Memory: 583680K Free: 337933K (58%)
----------------- Invoking toplevel() on ptolemy.moml.MoMLSimpleApplication@12d1db88
----------------- Done invoking toplevel() on ptolemy.moml.MoMLSimpleApplication@12d1db88
reloadAllAccessors: .LazyAOCTestLazy

===========================================================================================
----------------- testing Sat Oct 19 06:03:11 UTC 2019 /home/travis/build/icyphy/ptII/ptolemy/actor/lib/test/auto/LazyAOCTestNonLazy.xml
----------------- Instantiating /home/travis/build/icyphy/ptII/ptolemy/actor/lib/test/auto/LazyAOCTestNonLazy.xml
2 ms. Memory: 583680K Free: 331293K (57%)
----------------- Invoking toplevel() on ptolemy.moml.MoMLSimpleApplication@355e8f8b
----------------- Done invoking toplevel() on ptolemy.moml.MoMLSimpleApplication@355e8f8b
reloadAllAccessors: .LazyAOCTestNonLazy

===========================================================================================
----------------- testing Sat Oct 19 06:03:11 UTC 2019 /home/travis/build/icyphy/ptII/ptolemy/actor/lib/test/auto/LazyInnerClass.xml
----------------- Instantiating /home/travis/build/icyphy/ptII/ptolemy/actor/lib/test/auto/LazyInnerClass.xml
18 ms. Memory: 583680K Free: 322573K (55%)
----------------- Invoking toplevel() on ptolemy.moml.MoMLSimpleApplication@6a8e0e13
----------------- Done invoking toplevel() on ptolemy.moml.MoMLSimpleApplication@6a8e0e13
reloadAllAccessors: .LazyInnerClass

===========================================================================================
----------------- testing Sat Oct 19 06:03:11 UTC 2019 /home/travis/build/icyphy/ptII/ptolemy/actor/lib/test/auto/LazyPubSub.xml
----------------- Instantiating /home/travis/build/icyphy/ptII/ptolemy/actor/lib/test/auto/LazyPubSub.xml
26 ms. Memory: 583680K Free: 312347K (54%)
----------------- Invoking toplevel() on ptolemy.moml.MoMLSimpleApplication@155ee90e
----------------- Done invoking toplevel() on ptolemy.moml.MoMLSimpleApplication@155ee90e
reloadAllAccessors: .LazyPubSub

===========================================================================================
----------------- testing Sat Oct 19 06:03:12 UTC 2019 /home/travis/build/icyphy/ptII/ptolemy/actor/lib/test/auto/LazyPubSub2.xml
----------------- Instantiating /home/travis/build/icyphy/ptII/ptolemy/actor/lib/test/auto/LazyPubSub2.xml
22 ms. Memory: 583680K Free: 302107K (52%)
----------------- Invoking toplevel() on ptolemy.moml.MoMLSimpleApplication@cba94e4
----------------- Done invoking toplevel() on ptolemy.moml.MoMLSimpleApplication@cba94e4
reloadAllAccessors: .LazyPubSub2

===========================================================================================
----------------- testing Sat Oct 19 06:03:12 UTC 2019 /home/travis/build/icyphy/ptII/ptolemy/actor/lib/test/auto/LazyPubSub3.xml
----------------- Instantiating /home/travis/build/icyphy/ptII/ptolemy/actor/lib/test/auto/LazyPubSub3.xml
24 ms. Memory: 583680K Free: 291867K (50%)
----------------- Invoking toplevel() on ptolemy.moml.MoMLSimpleApplication@30a56c23
----------------- Done invoking toplevel() on ptolemy.moml.MoMLSimpleApplication@30a56c23
reloadAllAccessors: .LazyPubSub3

===========================================================================================
----------------- testing Sat Oct 19 06:03:12 UTC 2019 /home/travis/build/icyphy/ptII/ptolemy/actor/lib/test/auto/LazySubClassModel.xml
----------------- Instantiating /home/travis/build/icyphy/ptII/ptolemy/actor/lib/test/auto/LazySubClassModel.xml
2 ms. Memory: 583680K Free: 283165K (49%)
----------------- Invoking toplevel() on ptolemy.moml.MoMLSimpleApplication@74ea7cf5
----------------- Done invoking toplevel() on ptolemy.moml.MoMLSimpleApplication@74ea7cf5
reloadAllAccessors: .LazySubClassModel

===========================================================================================
----------------- testing Sat Oct 19 06:03:12 UTC 2019 /home/travis/build/icyphy/ptII/ptolemy/actor/lib/test/auto/LevelCrossTest1.xml
----------------- Instantiating /home/travis/build/icyphy/ptII/ptolemy/actor/lib/test/auto/LevelCrossTest1.xml
1 ms. Memory: 583680K Free: 278045K (48%)
----------------- Invoking toplevel() on ptolemy.moml.MoMLSimpleApplication@64578028
----------------- Done invoking toplevel() on ptolemy.moml.MoMLSimpleApplication@64578028
reloadAllAccessors: .broken

===========================================================================================
----------------- testing Sat Oct 19 06:03:12 UTC 2019 /home/travis/build/icyphy/ptII/ptolemy/actor/lib/test/auto/LevelCrossTest10.xml
----------------- Instantiating /home/travis/build/icyphy/ptII/ptolemy/actor/lib/test/auto/LevelCrossTest10.xml
1 ms. Memory: 583680K Free: 270363K (46%)
----------------- Invoking toplevel() on ptolemy.moml.MoMLSimpleApplication@19bb20e7
----------------- Done invoking toplevel() on ptolemy.moml.MoMLSimpleApplication@19bb20e7
reloadAllAccessors: .LevelCrossTest10

===========================================================================================
----------------- testing Sat Oct 19 06:03:12 UTC 2019 /home/travis/build/icyphy/ptII/ptolemy/actor/lib/test/auto/LevelCrossTest11.xml
----------------- Instantiating /home/travis/build/icyphy/ptII/ptolemy/actor/lib/test/auto/LevelCrossTest11.xml
1 ms. Memory: 583680K Free: 263195K (45%)
----------------- Invoking toplevel() on ptolemy.moml.MoMLSimpleApplication@20a75fff
----------------- Done invoking toplevel() on ptolemy.moml.MoMLSimpleApplication@20a75fff
reloadAllAccessors: .LevelCrossTest11

===========================================================================================
----------------- testing Sat Oct 19 06:03:12 UTC 2019 /home/travis/build/icyphy/ptII/ptolemy/actor/lib/test/auto/LevelCrossTest12.xml
----------------- Instantiating /home/travis/build/icyphy/ptII/ptolemy/actor/lib/test/auto/LevelCrossTest12.xml
1 ms. Memory: 583680K Free: 255517K (44%)
----------------- Invoking toplevel() on ptolemy.moml.MoMLSimpleApplication@47a756f8
----------------- Done invoking toplevel() on ptolemy.moml.MoMLSimpleApplication@47a756f8
reloadAllAccessors: .LevelCrossTest12

===========================================================================================
----------------- testing Sat Oct 19 06:03:12 UTC 2019 /home/travis/build/icyphy/ptII/ptolemy/actor/lib/test/auto/LevelCrossTest13.xml
----------------- Instantiating /home/travis/build/icyphy/ptII/ptolemy/actor/lib/test/auto/LevelCrossTest13.xml
1 ms. Memory: 583680K Free: 247835K (42%)
----------------- Invoking toplevel() on ptolemy.moml.MoMLSimpleApplication@2edbf45c
----------------- Done invoking toplevel() on ptolemy.moml.MoMLSimpleApplication@2edbf45c
reloadAllAccessors: .LevelCrossTest13

===========================================================================================
----------------- testing Sat Oct 19 06:03:12 UTC 2019 /home/travis/build/icyphy/ptII/ptolemy/actor/lib/test/auto/LevelCrossTest2.xml
----------------- Instantiating /home/travis/build/icyphy/ptII/ptolemy/actor/lib/test/auto/LevelCrossTest2.xml
1 ms. Memory: 583680K Free: 242205K (41%)
----------------- Invoking toplevel() on ptolemy.moml.MoMLSimpleApplication@6c40ece7
----------------- Done invoking toplevel() on ptolemy.moml.MoMLSimpleApplication@6c40ece7
reloadAllAccessors: .broken

===========================================================================================
----------------- testing Sat Oct 19 06:03:12 UTC 2019 /home/travis/build/icyphy/ptII/ptolemy/actor/lib/test/auto/LevelCrossTest3.xml
----------------- Instantiating /home/travis/build/icyphy/ptII/ptolemy/actor/lib/test/auto/LevelCrossTest3.xml
3 ms. Memory: 583680K Free: 235547K (40%)
----------------- Invoking toplevel() on ptolemy.moml.MoMLSimpleApplication@199920ec
----------------- Done invoking toplevel() on ptolemy.moml.MoMLSimpleApplication@199920ec
reloadAllAccessors: .LevelCrossTest3

===========================================================================================
----------------- testing Sat Oct 19 06:03:12 UTC 2019 /home/travis/build/icyphy/ptII/ptolemy/actor/lib/test/auto/LevelCrossTest4.xml
----------------- Instantiating /home/travis/build/icyphy/ptII/ptolemy/actor/lib/test/auto/LevelCrossTest4.xml
2 ms. Memory: 583680K Free: 229917K (39%)
----------------- Invoking toplevel() on ptolemy.moml.MoMLSimpleApplication@69aa87a7
----------------- Done invoking toplevel() on ptolemy.moml.MoMLSimpleApplication@69aa87a7
reloadAllAccessors: .broken

===========================================================================================
----------------- testing Sat Oct 19 06:03:12 UTC 2019 /home/travis/build/icyphy/ptII/ptolemy/actor/lib/test/auto/LevelCrossTest5.xml
----------------- Instantiating /home/travis/build/icyphy/ptII/ptolemy/actor/lib/test/auto/LevelCrossTest5.xml
1 ms. Memory: 583680K Free: 223259K (38%)
----------------- Invoking toplevel() on ptolemy.moml.MoMLSimpleApplication@3cac3f1b
----------------- Done invoking toplevel() on ptolemy.moml.MoMLSimpleApplication@3cac3f1b
reloadAllAccessors: .LevelCrossTest5

===========================================================================================
----------------- testing Sat Oct 19 06:03:12 UTC 2019 /home/travis/build/icyphy/ptII/ptolemy/actor/lib/test/auto/LevelCrossTest6.xml
----------------- Instantiating /home/travis/build/icyphy/ptII/ptolemy/actor/lib/test/auto/LevelCrossTest6.xml
4 ms. Memory: 583680K Free: 216091K (37%)
----------------- Invoking toplevel() on ptolemy.moml.MoMLSimpleApplication@399378ab
----------------- Done invoking toplevel() on ptolemy.moml.MoMLSimpleApplication@399378ab
reloadAllAccessors: .LevelCrossTest6

===========================================================================================
----------------- testing Sat Oct 19 06:03:12 UTC 2019 /home/travis/build/icyphy/ptII/ptolemy/actor/lib/test/auto/LevelCrossTest7.xml
----------------- Instantiating /home/travis/build/icyphy/ptII/ptolemy/actor/lib/test/auto/LevelCrossTest7.xml
1 ms. Memory: 583680K Free: 207899K (36%)
----------------- Invoking toplevel() on ptolemy.moml.MoMLSimpleApplication@1f83b90
----------------- Done invoking toplevel() on ptolemy.moml.MoMLSimpleApplication@1f83b90
reloadAllAccessors: .LevelCrossTest7

===========================================================================================
----------------- testing Sat Oct 19 06:03:12 UTC 2019 /home/travis/build/icyphy/ptII/ptolemy/actor/lib/test/auto/LevelCrossTest8.xml
----------------- Instantiating /home/travis/build/icyphy/ptII/ptolemy/actor/lib/test/auto/LevelCrossTest8.xml
1 ms. Memory: 583680K Free: 200731K (34%)
----------------- Invoking toplevel() on ptolemy.moml.MoMLSimpleApplication@abe4890
----------------- Done invoking toplevel() on ptolemy.moml.MoMLSimpleApplication@abe4890
reloadAllAccessors: .LevelCrossTest8

===========================================================================================
----------------- testing Sat Oct 19 06:03:12 UTC 2019 /home/travis/build/icyphy/ptII/ptolemy/actor/lib/test/auto/LevelCrossTest9.xml
----------------- Instantiating /home/travis/build/icyphy/ptII/ptolemy/actor/lib/test/auto/LevelCrossTest9.xml
11 ms. Memory: 583680K Free: 193563K (33%)
----------------- Invoking toplevel() on ptolemy.moml.MoMLSimpleApplication@43a20a44
----------------- Done invoking toplevel() on ptolemy.moml.MoMLSimpleApplication@43a20a44
reloadAllAccessors: .LevelCrossTest9

===========================================================================================
----------------- testing Sat Oct 19 06:03:12 UTC 2019 /home/travis/build/icyphy/ptII/ptolemy/actor/lib/test/auto/LevinsonDurbin.xml
----------------- Instantiating /home/travis/build/icyphy/ptII/ptolemy/actor/lib/test/auto/LevinsonDurbin.xml
1 ms. Memory: 583680K Free: 189981K (33%)
----------------- Invoking toplevel() on ptolemy.moml.MoMLSimpleApplication@75cff285
----------------- Done invoking toplevel() on ptolemy.moml.MoMLSimpleApplication@75cff285
reloadAllAccessors: .LevinsonDurbin

===========================================================================================
----------------- testing Sat Oct 19 06:03:12 UTC 2019 /home/travis/build/icyphy/ptII/ptolemy/actor/lib/test/auto/LevinsonDurbin2.xml
----------------- Instantiating /home/travis/build/icyphy/ptII/ptolemy/actor/lib/test/auto/LevinsonDurbin2.xml
2 ms. Memory: 583680K Free: 530198K (91%)
----------------- Invoking toplevel() on ptolemy.moml.MoMLSimpleApplication@3f1a3a45
----------------- Done invoking toplevel() on ptolemy.moml.MoMLSimpleApplication@3f1a3a45
reloadAllAccessors: .LevinsonDurbin2

===========================================================================================
----------------- testing Sat Oct 19 06:03:12 UTC 2019 /home/travis/build/icyphy/ptII/ptolemy/actor/lib/test/auto/LevinsonDurbin3.xml
----------------- Instantiating /home/travis/build/icyphy/ptII/ptolemy/actor/lib/test/auto/LevinsonDurbin3.xml
3 ms. Memory: 583680K Free: 525853K (90%)
----------------- Invoking toplevel() on ptolemy.moml.MoMLSimpleApplication@7ea5d803
----------------- Done invoking toplevel() on ptolemy.moml.MoMLSimpleApplication@7ea5d803
reloadAllAccessors: .LevinsonDurbin3

===========================================================================================
----------------- testing Sat Oct 19 06:03:12 UTC 2019 /home/travis/build/icyphy/ptII/ptolemy/actor/lib/test/auto/Limiter.xml
----------------- Instantiating /home/travis/build/icyphy/ptII/ptolemy/actor/lib/test/auto/Limiter.xml
4 ms. Memory: 583680K Free: 516637K (89%)
----------------- Invoking toplevel() on ptolemy.moml.MoMLSimpleApplication@261d54b6
----------------- Done invoking toplevel() on ptolemy.moml.MoMLSimpleApplication@261d54b6
reloadAllAccessors: .Limiter

===========================================================================================
----------------- testing Sat Oct 19 06:03:12 UTC 2019 /home/travis/build/icyphy/ptII/ptolemy/actor/lib/test/auto/LinearDifferenceEquationSystem.xml
----------------- Instantiating /home/travis/build/icyphy/ptII/ptolemy/actor/lib/test/auto/LinearDifferenceEquationSystem.xml
5 ms. Memory: 583680K Free: 509469K (87%)
----------------- Invoking toplevel() on ptolemy.moml.MoMLSimpleApplication@2792892b
----------------- Done invoking toplevel() on ptolemy.moml.MoMLSimpleApplication@2792892b
reloadAllAccessors: .LinearDifferenceEquationSystem

===========================================================================================
----------------- testing Sat Oct 19 06:03:12 UTC 2019 /home/travis/build/icyphy/ptII/ptolemy/actor/lib/test/auto/LookupTable.xml
----------------- Instantiating /home/travis/build/icyphy/ptII/ptolemy/actor/lib/test/auto/LookupTable.xml
1 ms. Memory: 583680K Free: 504859K (86%)
----------------- Invoking toplevel() on ptolemy.moml.MoMLSimpleApplication@1b8d62f
----------------- Done invoking toplevel() on ptolemy.moml.MoMLSimpleApplication@1b8d62f
reloadAllAccessors: .LookupTable

===========================================================================================
----------------- testing Sat Oct 19 06:03:12 UTC 2019 /home/travis/build/icyphy/ptII/ptolemy/actor/lib/test/auto/MathFunction.xml
----------------- Instantiating /home/travis/build/icyphy/ptII/ptolemy/actor/lib/test/auto/MathFunction.xml
2 ms. Memory: 583680K Free: 496667K (85%)
----------------- Invoking toplevel() on ptolemy.moml.MoMLSimpleApplication@743f2ace
----------------- Done invoking toplevel() on ptolemy.moml.MoMLSimpleApplication@743f2ace
reloadAllAccessors: .MathFunction

===========================================================================================
----------------- testing Sat Oct 19 06:03:12 UTC 2019 /home/travis/build/icyphy/ptII/ptolemy/actor/lib/test/auto/MathFunction2.xml
----------------- Instantiating /home/travis/build/icyphy/ptII/ptolemy/actor/lib/test/auto/MathFunction2.xml
4 ms. Memory: 583680K Free: 492571K (84%)
----------------- Invoking toplevel() on ptolemy.moml.MoMLSimpleApplication@5d5000ea
----------------- Done invoking toplevel() on ptolemy.moml.MoMLSimpleApplication@5d5000ea
reloadAllAccessors: .MathFunction2

===========================================================================================
----------------- testing Sat Oct 19 06:03:12 UTC 2019 /home/travis/build/icyphy/ptII/ptolemy/actor/lib/test/auto/MathFunction3.xml
----------------- Instantiating /home/travis/build/icyphy/ptII/ptolemy/actor/lib/test/auto/MathFunction3.xml
2 ms. Memory: 583680K Free: 485403K (83%)
----------------- Invoking toplevel() on ptolemy.moml.MoMLSimpleApplication@4e09bd10
----------------- Done invoking toplevel() on ptolemy.moml.MoMLSimpleApplication@4e09bd10
reloadAllAccessors: .MathFunction3

===========================================================================================
----------------- testing Sat Oct 19 06:03:12 UTC 2019 /home/travis/build/icyphy/ptII/ptolemy/actor/lib/test/auto/MatrixCropBoolean.xml
----------------- Instantiating /home/travis/build/icyphy/ptII/ptolemy/actor/lib/test/auto/MatrixCropBoolean.xml
2 ms. Memory: 583680K Free: 480253K (82%)
----------------- Invoking toplevel() on ptolemy.moml.MoMLSimpleApplication@268a8c7c
----------------- Done invoking toplevel() on ptolemy.moml.MoMLSimpleApplication@268a8c7c
reloadAllAccessors: .MatrixCropBoolean

===========================================================================================
----------------- testing Sat Oct 19 06:03:12 UTC 2019 /home/travis/build/icyphy/ptII/ptolemy/actor/lib/test/auto/MatrixCropComplex.xml
----------------- Instantiating /home/travis/build/icyphy/ptII/ptolemy/actor/lib/test/auto/MatrixCropComplex.xml
7 ms. Memory: 583680K Free: 475157K (81%)
----------------- Invoking toplevel() on ptolemy.moml.MoMLSimpleApplication@7735623b
----------------- Done invoking toplevel() on ptolemy.moml.MoMLSimpleApplication@7735623b
reloadAllAccessors: .MatrixCropComplex

===========================================================================================
----------------- testing Sat Oct 19 06:03:12 UTC 2019 /home/travis/build/icyphy/ptII/ptolemy/actor/lib/test/auto/MatrixCropDouble.xml
----------------- Instantiating /home/travis/build/icyphy/ptII/ptolemy/actor/lib/test/auto/MatrixCropDouble.xml
5 ms. Memory: 583680K Free: 470013K (81%)
----------------- Invoking toplevel() on ptolemy.moml.MoMLSimpleApplication@26dbfddf
----------------- Done invoking toplevel() on ptolemy.moml.MoMLSimpleApplication@26dbfddf
reloadAllAccessors: .MatrixCropDouble

===========================================================================================
----------------- testing Sat Oct 19 06:03:12 UTC 2019 /home/travis/build/icyphy/ptII/ptolemy/actor/lib/test/auto/MatrixCropFix.xml
----------------- Instantiating /home/travis/build/icyphy/ptII/ptolemy/actor/lib/test/auto/MatrixCropFix.xml
4 ms. Memory: 583680K Free: 464893K (80%)
----------------- Invoking toplevel() on ptolemy.moml.MoMLSimpleApplication@16aba67d
----------------- Done invoking toplevel() on ptolemy.moml.MoMLSimpleApplication@16aba67d
reloadAllAccessors: .MatrixCropFix

===========================================================================================
----------------- testing Sat Oct 19 06:03:12 UTC 2019 /home/travis/build/icyphy/ptII/ptolemy/actor/lib/test/auto/MatrixCropInt.xml
----------------- Instantiating /home/travis/build/icyphy/ptII/ptolemy/actor/lib/test/auto/MatrixCropInt.xml
2 ms. Memory: 583680K Free: 460317K (79%)
----------------- Invoking toplevel() on ptolemy.moml.MoMLSimpleApplication@6a13aa1b
----------------- Done invoking toplevel() on ptolemy.moml.MoMLSimpleApplication@6a13aa1b
reloadAllAccessors: .MatrixCropInt

===========================================================================================
----------------- testing Sat Oct 19 06:03:12 UTC 2019 /home/travis/build/icyphy/ptII/ptolemy/actor/lib/test/auto/MatrixCropLong.xml
----------------- Instantiating /home/travis/build/icyphy/ptII/ptolemy/actor/lib/test/auto/MatrixCropLong.xml
2 ms. Memory: 583680K Free: 455197K (78%)
----------------- Invoking toplevel() on ptolemy.moml.MoMLSimpleApplication@630b3f5e
----------------- Done invoking toplevel() on ptolemy.moml.MoMLSimpleApplication@630b3f5e
reloadAllAccessors: .MatrixCropLong

===========================================================================================
----------------- testing Sat Oct 19 06:03:12 UTC 2019 /home/travis/build/icyphy/ptII/ptolemy/actor/lib/test/auto/MatrixToArray.xml
----------------- Instantiating /home/travis/build/icyphy/ptII/ptolemy/actor/lib/test/auto/MatrixToArray.xml
6 ms. Memory: 583680K Free: 439837K (75%)
----------------- Invoking toplevel() on ptolemy.moml.MoMLSimpleApplication@2c44c652
----------------- Done invoking toplevel() on ptolemy.moml.MoMLSimpleApplication@2c44c652
reloadAllAccessors: .MatrixToArray

===========================================================================================
----------------- testing Sat Oct 19 06:03:12 UTC 2019 /home/travis/build/icyphy/ptII/ptolemy/actor/lib/test/auto/MaxIndex.xml
----------------- Instantiating /home/travis/build/icyphy/ptII/ptolemy/actor/lib/test/auto/MaxIndex.xml
8 ms. Memory: 583680K Free: 434717K (74%)
----------------- Invoking toplevel() on ptolemy.moml.MoMLSimpleApplication@6d42ca3d
----------------- Done invoking toplevel() on ptolemy.moml.MoMLSimpleApplication@6d42ca3d
reloadAllAccessors: .MaxIndex

===========================================================================================
----------------- testing Sat Oct 19 06:03:12 UTC 2019 /home/travis/build/icyphy/ptII/ptolemy/actor/lib/test/auto/Maximum.xml
----------------- Instantiating /home/travis/build/icyphy/ptII/ptolemy/actor/lib/test/auto/Maximum.xml
3 ms. Memory: 583680K Free: 428029K (73%)
----------------- Invoking toplevel() on ptolemy.moml.MoMLSimpleApplication@f8b92d3
----------------- Done invoking toplevel() on ptolemy.moml.MoMLSimpleApplication@f8b92d3
reloadAllAccessors: .Maximum

===========================================================================================
----------------- testing Sat Oct 19 06:03:12 UTC 2019 /home/travis/build/icyphy/ptII/ptolemy/actor/lib/test/auto/MaximumComplex.xml
----------------- Instantiating /home/travis/build/icyphy/ptII/ptolemy/actor/lib/test/auto/MaximumComplex.xml
5 ms. Memory: 583680K Free: 421901K (72%)
----------------- Invoking toplevel() on ptolemy.moml.MoMLSimpleApplication@683b3378
----------------- Done invoking toplevel() on ptolemy.moml.MoMLSimpleApplication@683b3378
reloadAllAccessors: .MaximumComplex

===========================================================================================
----------------- testing Sat Oct 19 06:03:12 UTC 2019 /home/travis/build/icyphy/ptII/ptolemy/actor/lib/test/auto/MethodCallTest.xml
----------------- Instantiating /home/travis/build/icyphy/ptII/ptolemy/actor/lib/test/auto/MethodCallTest.xml
2 ms. Memory: 583680K Free: 415261K (71%)
----------------- Invoking toplevel() on ptolemy.moml.MoMLSimpleApplication@670d6b00
----------------- Done invoking toplevel() on ptolemy.moml.MoMLSimpleApplication@670d6b00
reloadAllAccessors: .MethodCallTest

===========================================================================================
----------------- testing Sat Oct 19 06:03:12 UTC 2019 /home/travis/build/icyphy/ptII/ptolemy/actor/lib/test/auto/Minimum.xml
----------------- Instantiating /home/travis/build/icyphy/ptII/ptolemy/actor/lib/test/auto/Minimum.xml
3 ms. Memory: 583680K Free: 409117K (70%)
----------------- Invoking toplevel() on ptolemy.moml.MoMLSimpleApplication@49d4f341
----------------- Done invoking toplevel() on ptolemy.moml.MoMLSimpleApplication@49d4f341
reloadAllAccessors: .Minimum

===========================================================================================
----------------- testing Sat Oct 19 06:03:12 UTC 2019 /home/travis/build/icyphy/ptII/ptolemy/actor/lib/test/auto/MinimumComplex.xml
----------------- Instantiating /home/travis/build/icyphy/ptII/ptolemy/actor/lib/test/auto/MinimumComplex.xml
4 ms. Memory: 583680K Free: 402973K (69%)
----------------- Invoking toplevel() on ptolemy.moml.MoMLSimpleApplication@2885e431
----------------- Done invoking toplevel() on ptolemy.moml.MoMLSimpleApplication@2885e431
reloadAllAccessors: .MinimumComplex

===========================================================================================
----------------- testing Sat Oct 19 06:03:12 UTC 2019 /home/travis/build/icyphy/ptII/ptolemy/actor/lib/test/auto/MinimumMultiports.xml
----------------- Instantiating /home/travis/build/icyphy/ptII/ptolemy/actor/lib/test/auto/MinimumMultiports.xml
4 ms. Memory: 583680K Free: 394267K (68%)
----------------- Invoking toplevel() on ptolemy.moml.MoMLSimpleApplication@49f4849d
----------------- Done invoking toplevel() on ptolemy.moml.MoMLSimpleApplication@49f4849d
reloadAllAccessors: .MinimumMultiports

===========================================================================================
----------------- testing Sat Oct 19 06:03:12 UTC 2019 /home/travis/build/icyphy/ptII/ptolemy/actor/lib/test/auto/ModifyDate.xml
----------------- Instantiating /home/travis/build/icyphy/ptII/ptolemy/actor/lib/test/auto/ModifyDate.xml
8 ms. Memory: 583680K Free: 380955K (65%)
----------------- Invoking toplevel() on ptolemy.moml.MoMLSimpleApplication@3edfeb76
----------------- Done invoking toplevel() on ptolemy.moml.MoMLSimpleApplication@3edfeb76
reloadAllAccessors: .ModifyDate

===========================================================================================
----------------- testing Sat Oct 19 06:03:13 UTC 2019 /home/travis/build/icyphy/ptII/ptolemy/actor/lib/test/auto/ModifyDate2.xml
----------------- Instantiating /home/travis/build/icyphy/ptII/ptolemy/actor/lib/test/auto/ModifyDate2.xml
3 ms. Memory: 583680K Free: 372253K (64%)
----------------- Invoking toplevel() on ptolemy.moml.MoMLSimpleApplication@64d01ff9
----------------- Done invoking toplevel() on ptolemy.moml.MoMLSimpleApplication@64d01ff9
reloadAllAccessors: .ModifyDate2

===========================================================================================
----------------- testing Sat Oct 19 06:03:13 UTC 2019 /home/travis/build/icyphy/ptII/ptolemy/actor/lib/test/auto/MovingAverage.xml
----------------- Instantiating /home/travis/build/icyphy/ptII/ptolemy/actor/lib/test/auto/MovingAverage.xml
1 ms. Memory: 583680K Free: 367133K (63%)
----------------- Invoking toplevel() on ptolemy.moml.MoMLSimpleApplication@104a2200
----------------- Done invoking toplevel() on ptolemy.moml.MoMLSimpleApplication@104a2200
reloadAllAccessors: .MovingAverage

===========================================================================================
----------------- testing Sat Oct 19 06:03:13 UTC 2019 /home/travis/build/icyphy/ptII/ptolemy/actor/lib/test/auto/MovingMaximum.xml
----------------- Instantiating /home/travis/build/icyphy/ptII/ptolemy/actor/lib/test/auto/MovingMaximum.xml
1 ms. Memory: 583680K Free: 362523K (62%)
----------------- Invoking toplevel() on ptolemy.moml.MoMLSimpleApplication@45a411d3
----------------- Done invoking toplevel() on ptolemy.moml.MoMLSimpleApplication@45a411d3
reloadAllAccessors: .MovingMaximum

===========================================================================================
----------------- testing Sat Oct 19 06:03:13 UTC 2019 /home/travis/build/icyphy/ptII/ptolemy/actor/lib/test/auto/MultipleLinksToSameRelation.xml
----------------- Instantiating /home/travis/build/icyphy/ptII/ptolemy/actor/lib/test/auto/MultipleLinksToSameRelation.xml
1 ms. Memory: 583680K Free: 358427K (61%)
----------------- Invoking toplevel() on ptolemy.moml.MoMLSimpleApplication@73899609
----------------- Done invoking toplevel() on ptolemy.moml.MoMLSimpleApplication@73899609
reloadAllAccessors: .MultipleLinksToSameRelation

===========================================================================================
----------------- testing Sat Oct 19 06:03:13 UTC 2019 /home/travis/build/icyphy/ptII/ptolemy/actor/lib/test/auto/MultipleLinksToSameRelationDE.xml
----------------- Instantiating /home/travis/build/icyphy/ptII/ptolemy/actor/lib/test/auto/MultipleLinksToSameRelationDE.xml
2 ms. Memory: 583680K Free: 353821K (61%)
----------------- Invoking toplevel() on ptolemy.moml.MoMLSimpleApplication@4e516b95
----------------- Done invoking toplevel() on ptolemy.moml.MoMLSimpleApplication@4e516b95
reloadAllAccessors: .MultipleLinksToSameRelationDE

===========================================================================================
----------------- testing Sat Oct 19 06:03:13 UTC 2019 /home/travis/build/icyphy/ptII/ptolemy/actor/lib/test/auto/Multiplexor.xml
----------------- Instantiating /home/travis/build/icyphy/ptII/ptolemy/actor/lib/test/auto/Multiplexor.xml
2 ms. Memory: 583680K Free: 348187K (60%)
----------------- Invoking toplevel() on ptolemy.moml.MoMLSimpleApplication@66892e6b
----------------- Done invoking toplevel() on ptolemy.moml.MoMLSimpleApplication@66892e6b
reloadAllAccessors: .Multiplexor

===========================================================================================
----------------- testing Sat Oct 19 06:03:13 UTC 2019 /home/travis/build/icyphy/ptII/ptolemy/actor/lib/test/auto/Multiplexor1.xml
----------------- Instantiating /home/travis/build/icyphy/ptII/ptolemy/actor/lib/test/auto/Multiplexor1.xml
1 ms. Memory: 583680K Free: 342557K (59%)
----------------- Invoking toplevel() on ptolemy.moml.MoMLSimpleApplication@7e9fa199
----------------- Done invoking toplevel() on ptolemy.moml.MoMLSimpleApplication@7e9fa199
reloadAllAccessors: .Multiplexor1

===========================================================================================
----------------- testing Sat Oct 19 06:03:13 UTC 2019 /home/travis/build/icyphy/ptII/ptolemy/actor/lib/test/auto/Multiplexor2.xml
----------------- Instantiating /home/travis/build/icyphy/ptII/ptolemy/actor/lib/test/auto/Multiplexor2.xml
6 ms. Memory: 583680K Free: 335896K (58%)
----------------- Invoking toplevel() on ptolemy.moml.MoMLSimpleApplication@2073b21a
----------------- Done invoking toplevel() on ptolemy.moml.MoMLSimpleApplication@2073b21a
reloadAllAccessors: .Multiplexor2

===========================================================================================
----------------- testing Sat Oct 19 06:03:13 UTC 2019 /home/travis/build/icyphy/ptII/ptolemy/actor/lib/test/auto/Multiplexor3.xml
----------------- Instantiating /home/travis/build/icyphy/ptII/ptolemy/actor/lib/test/auto/Multiplexor3.xml
4 ms. Memory: 583680K Free: 331803K (57%)
----------------- Invoking toplevel() on ptolemy.moml.MoMLSimpleApplication@55b9c974
----------------- Done invoking toplevel() on ptolemy.moml.MoMLSimpleApplication@55b9c974
reloadAllAccessors: .Multiplexor3

===========================================================================================
----------------- testing Sat Oct 19 06:03:13 UTC 2019 /home/travis/build/icyphy/ptII/ptolemy/actor/lib/test/auto/MultiplexorDE.xml
----------------- Instantiating /home/travis/build/icyphy/ptII/ptolemy/actor/lib/test/auto/MultiplexorDE.xml
4 ms. Memory: 583680K Free: 324125K (56%)
----------------- Invoking toplevel() on ptolemy.moml.MoMLSimpleApplication@236a10c1
----------------- Done invoking toplevel() on ptolemy.moml.MoMLSimpleApplication@236a10c1
reloadAllAccessors: .MultiplexorDE

===========================================================================================
----------------- testing Sat Oct 19 06:03:13 UTC 2019 /home/travis/build/icyphy/ptII/ptolemy/actor/lib/test/auto/MultiportBroadcastTest.xml
----------------- Instantiating /home/travis/build/icyphy/ptII/ptolemy/actor/lib/test/auto/MultiportBroadcastTest.xml
88 ms. Memory: 583680K Free: 317981K (54%)
----------------- Invoking toplevel() on ptolemy.moml.MoMLSimpleApplication@63eefe2d
----------------- Done invoking toplevel() on ptolemy.moml.MoMLSimpleApplication@63eefe2d
reloadAllAccessors: .MultiportBroadcastTest

===========================================================================================
----------------- testing Sat Oct 19 06:03:13 UTC 2019 /home/travis/build/icyphy/ptII/ptolemy/actor/lib/test/auto/MultiportOutHangDuringGetWidth.xml
----------------- Instantiating /home/travis/build/icyphy/ptII/ptolemy/actor/lib/test/auto/MultiportOutHangDuringGetWidth.xml
5 ms. Memory: 583680K Free: 305693K (52%)
----------------- Invoking toplevel() on ptolemy.moml.MoMLSimpleApplication@5c029fd7
----------------- Done invoking toplevel() on ptolemy.moml.MoMLSimpleApplication@5c029fd7
reloadAllAccessors: .MultiportOutHangDuringGetWidth

===========================================================================================
----------------- testing Sat Oct 19 06:03:13 UTC 2019 /home/travis/build/icyphy/ptII/ptolemy/actor/lib/test/auto/NilToken.xml
----------------- Instantiating /home/travis/build/icyphy/ptII/ptolemy/actor/lib/test/auto/NilToken.xml
1 ms. Memory: 583680K Free: 301597K (52%)
----------------- Invoking toplevel() on ptolemy.moml.MoMLSimpleApplication@5fed25f6
----------------- Done invoking toplevel() on ptolemy.moml.MoMLSimpleApplication@5fed25f6
reloadAllAccessors: .NilToken

===========================================================================================
----------------- testing Sat Oct 19 06:03:13 UTC 2019 /home/travis/build/icyphy/ptII/ptolemy/actor/lib/test/auto/NilTokenNonStrictTest.xml
----------------- Instantiating /home/travis/build/icyphy/ptII/ptolemy/actor/lib/test/auto/NilTokenNonStrictTest.xml
1 ms. Memory: 583680K Free: 296987K (51%)
----------------- Invoking toplevel() on ptolemy.moml.MoMLSimpleApplication@e27149d
----------------- Done invoking toplevel() on ptolemy.moml.MoMLSimpleApplication@e27149d
reloadAllAccessors: .NilTokenNonStrictTest

===========================================================================================
----------------- testing Sat Oct 19 06:03:13 UTC 2019 /home/travis/build/icyphy/ptII/ptolemy/actor/lib/test/auto/NilTokenRecord.xml
----------------- Instantiating /home/travis/build/icyphy/ptII/ptolemy/actor/lib/test/auto/NilTokenRecord.xml
14 ms. Memory: 583680K Free: 290333K (50%)
----------------- Invoking toplevel() on ptolemy.moml.MoMLSimpleApplication@155bb134
----------------- Done invoking toplevel() on ptolemy.moml.MoMLSimpleApplication@155bb134
reloadAllAccessors: .NilTokenRecord

===========================================================================================
----------------- testing Sat Oct 19 06:03:13 UTC 2019 /home/travis/build/icyphy/ptII/ptolemy/actor/lib/test/auto/NilTokenTypeTest.xml
----------------- Instantiating /home/travis/build/icyphy/ptII/ptolemy/actor/lib/test/auto/NilTokenTypeTest.xml
7 ms. Memory: 583680K Free: 280603K (48%)
----------------- Invoking toplevel() on ptolemy.moml.MoMLSimpleApplication@73788663
----------------- Done invoking toplevel() on ptolemy.moml.MoMLSimpleApplication@73788663
reloadAllAccessors: .NilTokenTypeTest

===========================================================================================
----------------- testing Sat Oct 19 06:03:13 UTC 2019 /home/travis/build/icyphy/ptII/ptolemy/actor/lib/test/auto/ObjectToken1.xml
----------------- Instantiating /home/travis/build/icyphy/ptII/ptolemy/actor/lib/test/auto/ObjectToken1.xml
2 ms. Memory: 583680K Free: 276507K (47%)
----------------- Invoking toplevel() on ptolemy.moml.MoMLSimpleApplication@7f91854e
----------------- Done invoking toplevel() on ptolemy.moml.MoMLSimpleApplication@7f91854e
reloadAllAccessors: .ObjectToken1

===========================================================================================
----------------- testing Sat Oct 19 06:03:13 UTC 2019 /home/travis/build/icyphy/ptII/ptolemy/actor/lib/test/auto/OrderedMerge.xml
----------------- Instantiating /home/travis/build/icyphy/ptII/ptolemy/actor/lib/test/auto/OrderedMerge.xml
11 ms. Memory: 583680K Free: 270877K (46%)
----------------- Invoking toplevel() on ptolemy.moml.MoMLSimpleApplication@5eab70a6
----------------- Done invoking toplevel() on ptolemy.moml.MoMLSimpleApplication@5eab70a6
reloadAllAccessors: .OrderedMerge

===========================================================================================
----------------- testing Sat Oct 19 06:03:13 UTC 2019 /home/travis/build/icyphy/ptII/ptolemy/actor/lib/test/auto/OrderedRecordDisassembler.xml
----------------- Instantiating /home/travis/build/icyphy/ptII/ptolemy/actor/lib/test/auto/OrderedRecordDisassembler.xml
3 ms. Memory: 583680K Free: 265237K (45%)
----------------- Invoking toplevel() on ptolemy.moml.MoMLSimpleApplication@44658c82
----------------- Done invoking toplevel() on ptolemy.moml.MoMLSimpleApplication@44658c82
reloadAllAccessors: .OrderedRecordDisassembler

===========================================================================================
----------------- testing Sat Oct 19 06:03:13 UTC 2019 /home/travis/build/icyphy/ptII/ptolemy/actor/lib/test/auto/OrderedRecordDisassembler2.xml
----------------- Instantiating /home/travis/build/icyphy/ptII/ptolemy/actor/lib/test/auto/OrderedRecordDisassembler2.xml
4 ms. Memory: 583680K Free: 257565K (44%)
----------------- Invoking toplevel() on ptolemy.moml.MoMLSimpleApplication@694c03ff
----------------- Done invoking toplevel() on ptolemy.moml.MoMLSimpleApplication@694c03ff
reloadAllAccessors: .OrderedRecordDisassembler2

===========================================================================================
----------------- testing Sat Oct 19 06:03:13 UTC 2019 /home/travis/build/icyphy/ptII/ptolemy/actor/lib/test/auto/OrderedRecordUpdater.xml
----------------- Instantiating /home/travis/build/icyphy/ptII/ptolemy/actor/lib/test/auto/OrderedRecordUpdater.xml
1 ms. Memory: 583680K Free: 252955K (43%)
----------------- Invoking toplevel() on ptolemy.moml.MoMLSimpleApplication@3fc1d5dc
----------------- Done invoking toplevel() on ptolemy.moml.MoMLSimpleApplication@3fc1d5dc
reloadAllAccessors: .RecordUpdater

===========================================================================================
----------------- testing Sat Oct 19 06:03:13 UTC 2019 /home/travis/build/icyphy/ptII/ptolemy/actor/lib/test/auto/OrderedRecordUpdater2.xml
----------------- Instantiating /home/travis/build/icyphy/ptII/ptolemy/actor/lib/test/auto/OrderedRecordUpdater2.xml
3 ms. Memory: 583680K Free: 247835K (42%)
----------------- Invoking toplevel() on ptolemy.moml.MoMLSimpleApplication@1467a8fb
----------------- Done invoking toplevel() on ptolemy.moml.MoMLSimpleApplication@1467a8fb
reloadAllAccessors: .RecordUpdater2

===========================================================================================
----------------- testing Sat Oct 19 06:03:13 UTC 2019 /home/travis/build/icyphy/ptII/ptolemy/actor/lib/test/auto/PhaseUnwrap.xml
----------------- Instantiating /home/travis/build/icyphy/ptII/ptolemy/actor/lib/test/auto/PhaseUnwrap.xml
1 ms. Memory: 583680K Free: 243229K (42%)
----------------- Invoking toplevel() on ptolemy.moml.MoMLSimpleApplication@660ae150
----------------- Done invoking toplevel() on ptolemy.moml.MoMLSimpleApplication@660ae150
reloadAllAccessors: .PhaseUnwrap

===========================================================================================
----------------- testing Sat Oct 19 06:03:13 UTC 2019 /home/travis/build/icyphy/ptII/ptolemy/actor/lib/test/auto/PoissonClock.xml
----------------- Instantiating /home/travis/build/icyphy/ptII/ptolemy/actor/lib/test/auto/PoissonClock.xml
4 ms. Memory: 583680K Free: 239133K (41%)
----------------- Invoking toplevel() on ptolemy.moml.MoMLSimpleApplication@13d47c96
----------------- Done invoking toplevel() on ptolemy.moml.MoMLSimpleApplication@13d47c96
reloadAllAccessors: .PoissonClock

===========================================================================================
----------------- testing Sat Oct 19 06:03:13 UTC 2019 /home/travis/build/icyphy/ptII/ptolemy/actor/lib/test/auto/PoissonClock2.xml
----------------- Instantiating /home/travis/build/icyphy/ptII/ptolemy/actor/lib/test/auto/PoissonClock2.xml
1 ms. Memory: 583680K Free: 234523K (40%)
----------------- Invoking toplevel() on ptolemy.moml.MoMLSimpleApplication@670e180e
----------------- Done invoking toplevel() on ptolemy.moml.MoMLSimpleApplication@670e180e
reloadAllAccessors: .PoissonClock2

===========================================================================================
----------------- testing Sat Oct 19 06:03:13 UTC 2019 /home/travis/build/icyphy/ptII/ptolemy/actor/lib/test/auto/PoissonClock3.xml
----------------- Instantiating /home/travis/build/icyphy/ptII/ptolemy/actor/lib/test/auto/PoissonClock3.xml
2 ms. Memory: 583680K Free: 229917K (39%)
----------------- Invoking toplevel() on ptolemy.moml.MoMLSimpleApplication@2d2626e8
----------------- Done invoking toplevel() on ptolemy.moml.MoMLSimpleApplication@2d2626e8
reloadAllAccessors: .PoissonClock3

===========================================================================================
----------------- testing Sat Oct 19 06:03:13 UTC 2019 /home/travis/build/icyphy/ptII/ptolemy/actor/lib/test/auto/PubSubWithInitialTokens.xml
----------------- Instantiating /home/travis/build/icyphy/ptII/ptolemy/actor/lib/test/auto/PubSubWithInitialTokens.xml
2 ms. Memory: 583680K Free: 224253K (38%)
----------------- Invoking toplevel() on ptolemy.moml.MoMLSimpleApplication@7393bba2
----------------- Done invoking toplevel() on ptolemy.moml.MoMLSimpleApplication@7393bba2
reloadAllAccessors: .PubSubWithInitialTokens

===========================================================================================
----------------- testing Sat Oct 19 06:03:13 UTC 2019 /home/travis/build/icyphy/ptII/ptolemy/actor/lib/test/auto/PubSubWithInitialTokens2.xml
----------------- Instantiating /home/travis/build/icyphy/ptII/ptolemy/actor/lib/test/auto/PubSubWithInitialTokens2.xml
2 ms. Memory: 583680K Free: 218133K (37%)
----------------- Invoking toplevel() on ptolemy.moml.MoMLSimpleApplication@70068fa0
----------------- Done invoking toplevel() on ptolemy.moml.MoMLSimpleApplication@70068fa0
reloadAllAccessors: .PubSubWithInitialTokens2

===========================================================================================
----------------- testing Sat Oct 19 06:03:13 UTC 2019 /home/travis/build/icyphy/ptII/ptolemy/actor/lib/test/auto/PublisherClassNoParameter.xml
----------------- Instantiating /home/travis/build/icyphy/ptII/ptolemy/actor/lib/test/auto/PublisherClassNoParameter.xml
3 ms. Memory: 583680K Free: 208413K (36%)
----------------- Invoking toplevel() on ptolemy.moml.MoMLSimpleApplication@5ed8cf36
----------------- Done invoking toplevel() on ptolemy.moml.MoMLSimpleApplication@5ed8cf36
reloadAllAccessors: .PublisherClassNoParameter

===========================================================================================
----------------- testing Sat Oct 19 06:03:13 UTC 2019 /home/travis/build/icyphy/ptII/ptolemy/actor/lib/test/auto/PublisherClassParameter.xml
----------------- Instantiating /home/travis/build/icyphy/ptII/ptolemy/actor/lib/test/auto/PublisherClassParameter.xml
2 ms. Memory: 583680K Free: 198173K (34%)
----------------- Invoking toplevel() on ptolemy.moml.MoMLSimpleApplication@61262cd4
----------------- Done invoking toplevel() on ptolemy.moml.MoMLSimpleApplication@61262cd4
reloadAllAccessors: .PublisherClassParameter

===========================================================================================
----------------- testing Sat Oct 19 06:03:13 UTC 2019 /home/travis/build/icyphy/ptII/ptolemy/actor/lib/test/auto/PublisherNonStrictTest.xml
----------------- Instantiating /home/travis/build/icyphy/ptII/ptolemy/actor/lib/test/auto/PublisherNonStrictTest.xml
4 ms. Memory: 583680K Free: 189981K (33%)
----------------- Invoking toplevel() on ptolemy.moml.MoMLSimpleApplication@194f022d
----------------- Done invoking toplevel() on ptolemy.moml.MoMLSimpleApplication@194f022d
reloadAllAccessors: .PublisherNonStrictTest

===========================================================================================
----------------- testing Sat Oct 19 06:03:13 UTC 2019 /home/travis/build/icyphy/ptII/ptolemy/actor/lib/test/auto/PublisherPort1.xml
----------------- Instantiating /home/travis/build/icyphy/ptII/ptolemy/actor/lib/test/auto/PublisherPort1.xml
15 ms. Memory: 583680K Free: 527381K (90%)
----------------- Invoking toplevel() on ptolemy.moml.MoMLSimpleApplication@53c47b1c
----------------- Done invoking toplevel() on ptolemy.moml.MoMLSimpleApplication@53c47b1c
reloadAllAccessors: .PublisherPort1

===========================================================================================
----------------- testing Sat Oct 19 06:03:13 UTC 2019 /home/travis/build/icyphy/ptII/ptolemy/actor/lib/test/auto/PublisherPort2.xml
----------------- Instantiating /home/travis/build/icyphy/ptII/ptolemy/actor/lib/test/auto/PublisherPort2.xml
1 ms. Memory: 583680K Free: 521757K (89%)
----------------- Invoking toplevel() on ptolemy.moml.MoMLSimpleApplication@39ad0b46
----------------- Done invoking toplevel() on ptolemy.moml.MoMLSimpleApplication@39ad0b46
reloadAllAccessors: .PublisherPort2

===========================================================================================
----------------- testing Sat Oct 19 06:03:13 UTC 2019 /home/travis/build/icyphy/ptII/ptolemy/actor/lib/test/auto/PublisherPort3.xml
----------------- Instantiating /home/travis/build/icyphy/ptII/ptolemy/actor/lib/test/auto/PublisherPort3.xml
3 ms. Memory: 583680K Free: 515069K (88%)
----------------- Invoking toplevel() on ptolemy.moml.MoMLSimpleApplication@713cbd11
----------------- Done invoking toplevel() on ptolemy.moml.MoMLSimpleApplication@713cbd11
reloadAllAccessors: .PublisherPort3

===========================================================================================
----------------- testing Sat Oct 19 06:03:13 UTC 2019 /home/travis/build/icyphy/ptII/ptolemy/actor/lib/test/auto/PublisherPort4.xml
----------------- Instantiating /home/travis/build/icyphy/ptII/ptolemy/actor/lib/test/auto/PublisherPort4.xml
3 ms. Memory: 583680K Free: 509469K (87%)
----------------- Invoking toplevel() on ptolemy.moml.MoMLSimpleApplication@59bc764e
----------------- Done invoking toplevel() on ptolemy.moml.MoMLSimpleApplication@59bc764e
reloadAllAccessors: .PublisherPort4

===========================================================================================
----------------- testing Sat Oct 19 06:03:13 UTC 2019 /home/travis/build/icyphy/ptII/ptolemy/actor/lib/test/auto/PublisherPort5.xml
----------------- Instantiating /home/travis/build/icyphy/ptII/ptolemy/actor/lib/test/auto/PublisherPort5.xml
4 ms. Memory: 583680K Free: 501787K (86%)
----------------- Invoking toplevel() on ptolemy.moml.MoMLSimpleApplication@2dd6d60f
----------------- Done invoking toplevel() on ptolemy.moml.MoMLSimpleApplication@2dd6d60f
reloadAllAccessors: .PublisherPort5

===========================================================================================
----------------- testing Sat Oct 19 06:03:13 UTC 2019 /home/travis/build/icyphy/ptII/ptolemy/actor/lib/test/auto/PublisherPort5LookAlike.xml
----------------- Instantiating /home/travis/build/icyphy/ptII/ptolemy/actor/lib/test/auto/PublisherPort5LookAlike.xml
9 ms. Memory: 583680K Free: 494109K (85%)
----------------- Invoking toplevel() on ptolemy.moml.MoMLSimpleApplication@61186535
----------------- Done invoking toplevel() on ptolemy.moml.MoMLSimpleApplication@61186535
reloadAllAccessors: .PublisherPort5LookAlike

===========================================================================================
----------------- testing Sat Oct 19 06:03:13 UTC 2019 /home/travis/build/icyphy/ptII/ptolemy/actor/lib/test/auto/PublisherPort6.xml
----------------- Instantiating /home/travis/build/icyphy/ptII/ptolemy/actor/lib/test/auto/PublisherPort6.xml
2 ms. Memory: 583680K Free: 487451K (84%)
----------------- Invoking toplevel() on ptolemy.moml.MoMLSimpleApplication@5ef7abeb
----------------- Done invoking toplevel() on ptolemy.moml.MoMLSimpleApplication@5ef7abeb
reloadAllAccessors: .PublisherPort6

===========================================================================================
----------------- testing Sat Oct 19 06:03:13 UTC 2019 /home/travis/build/icyphy/ptII/ptolemy/actor/lib/test/auto/PublisherPort7.xml
----------------- Instantiating /home/travis/build/icyphy/ptII/ptolemy/actor/lib/test/auto/PublisherPort7.xml
3 ms. Memory: 583680K Free: 479773K (82%)
----------------- Invoking toplevel() on ptolemy.moml.MoMLSimpleApplication@5f39d941
----------------- Done invoking toplevel() on ptolemy.moml.MoMLSimpleApplication@5f39d941
reloadAllAccessors: .PublisherPort7

===========================================================================================
----------------- testing Sat Oct 19 06:03:14 UTC 2019 /home/travis/build/icyphy/ptII/ptolemy/actor/lib/test/auto/PublisherPort8.xml
----------------- Instantiating /home/travis/build/icyphy/ptII/ptolemy/actor/lib/test/auto/PublisherPort8.xml
6 ms. Memory: 583680K Free: 471067K (81%)
----------------- Invoking toplevel() on ptolemy.moml.MoMLSimpleApplication@465974c9
----------------- Done invoking toplevel() on ptolemy.moml.MoMLSimpleApplication@465974c9
reloadAllAccessors: .PublisherPort8

===========================================================================================
----------------- testing Sat Oct 19 06:03:14 UTC 2019 /home/travis/build/icyphy/ptII/ptolemy/actor/lib/test/auto/PublisherPortSubscriberChannelVariablesAOC2.xml
----------------- Instantiating /home/travis/build/icyphy/ptII/ptolemy/actor/lib/test/auto/PublisherPortSubscriberChannelVariablesAOC2.xml
7 ms. Memory: 583680K Free: 453149K (78%)
----------------- Invoking toplevel() on ptolemy.moml.MoMLSimpleApplication@1fc2fe74
----------------- Done invoking toplevel() on ptolemy.moml.MoMLSimpleApplication@1fc2fe74
reloadAllAccessors: .PublisherPortSubscriberChannelVariablesAOC2

===========================================================================================
----------------- testing Sat Oct 19 06:03:14 UTC 2019 /home/travis/build/icyphy/ptII/ptolemy/actor/lib/test/auto/PublisherPortSubscriberOpaqueWidthInference.xml
----------------- Instantiating /home/travis/build/icyphy/ptII/ptolemy/actor/lib/test/auto/PublisherPortSubscriberOpaqueWidthInference.xml
4 ms. Memory: 583680K Free: 444957K (76%)
----------------- Invoking toplevel() on ptolemy.moml.MoMLSimpleApplication@331338eb
----------------- Done invoking toplevel() on ptolemy.moml.MoMLSimpleApplication@331338eb
reloadAllAccessors: .PublisherPortSubscriberOpaqueWidthInference

===========================================================================================
----------------- testing Sat Oct 19 06:03:14 UTC 2019 /home/travis/build/icyphy/ptII/ptolemy/actor/lib/test/auto/PublisherPortSubscriberPortAdjacent.xml
----------------- Instantiating /home/travis/build/icyphy/ptII/ptolemy/actor/lib/test/auto/PublisherPortSubscriberPortAdjacent.xml
2 ms. Memory: 583680K Free: 436765K (75%)
----------------- Invoking toplevel() on ptolemy.moml.MoMLSimpleApplication@7e166e0c
----------------- Done invoking toplevel() on ptolemy.moml.MoMLSimpleApplication@7e166e0c
reloadAllAccessors: .PublisherPortSubscriberPortAdjacent

===========================================================================================
----------------- testing Sat Oct 19 06:03:14 UTC 2019 /home/travis/build/icyphy/ptII/ptolemy/actor/lib/test/auto/PublisherPortSubscriberPortExpression.xml
----------------- Instantiating /home/travis/build/icyphy/ptII/ptolemy/actor/lib/test/auto/PublisherPortSubscriberPortExpression.xml
5 ms. Memory: 583680K Free: 428573K (73%)
----------------- Invoking toplevel() on ptolemy.moml.MoMLSimpleApplication@1e8d8672
----------------- Done invoking toplevel() on ptolemy.moml.MoMLSimpleApplication@1e8d8672
reloadAllAccessors: .PublisherPortSubscriberPortExpression

===========================================================================================
----------------- testing Sat Oct 19 06:03:14 UTC 2019 /home/travis/build/icyphy/ptII/ptolemy/actor/lib/test/auto/PublisherPortSubscriberPortOpaqueD3Reverse.xml
----------------- Instantiating /home/travis/build/icyphy/ptII/ptolemy/actor/lib/test/auto/PublisherPortSubscriberPortOpaqueD3Reverse.xml
11 ms. Memory: 583680K Free: 418333K (72%)
----------------- Invoking toplevel() on ptolemy.moml.MoMLSimpleApplication@44ab52f1
----------------- Done invoking toplevel() on ptolemy.moml.MoMLSimpleApplication@44ab52f1
reloadAllAccessors: .PublisherPortSubscriberPortOpaqueD3Reverse

===========================================================================================
----------------- testing Sat Oct 19 06:03:14 UTC 2019 /home/travis/build/icyphy/ptII/ptolemy/actor/lib/test/auto/PublisherPortSubscriberPortOpaqueWidthInference.xml
----------------- Instantiating /home/travis/build/icyphy/ptII/ptolemy/actor/lib/test/auto/PublisherPortSubscriberPortOpaqueWidthInference.xml
6 ms. Memory: 583680K Free: 410637K (70%)
----------------- Invoking toplevel() on ptolemy.moml.MoMLSimpleApplication@58bbc428
----------------- Done invoking toplevel() on ptolemy.moml.MoMLSimpleApplication@58bbc428
reloadAllAccessors: .PublisherPortSubscriberPortOpaqueWidthInference

===========================================================================================
----------------- testing Sat Oct 19 06:03:14 UTC 2019 /home/travis/build/icyphy/ptII/ptolemy/actor/lib/test/auto/PublisherPortToplevelSubscriberPortAOC.xml
----------------- Instantiating /home/travis/build/icyphy/ptII/ptolemy/actor/lib/test/auto/PublisherPortToplevelSubscriberPortAOC.xml
.PublisherPortToplevelSubscriberPortAOC.TestExceptionAttribute: initialize() was not invoked, but wrapup() was.  This is unusual, but not always a problem.  For example, exporting JNLP will do this.
1 ms. Memory: 583680K Free: 405021K (69%)
----------------- Invoking toplevel() on ptolemy.moml.MoMLSimpleApplication@151af91b
----------------- Done invoking toplevel() on ptolemy.moml.MoMLSimpleApplication@151af91b
reloadAllAccessors: .PublisherPortToplevelSubscriberPortAOC

===========================================================================================
----------------- testing Sat Oct 19 06:03:14 UTC 2019 /home/travis/build/icyphy/ptII/ptolemy/actor/lib/test/auto/PublisherSubscriber.xml
----------------- Instantiating /home/travis/build/icyphy/ptII/ptolemy/actor/lib/test/auto/PublisherSubscriber.xml
3 ms. Memory: 583680K Free: 397309K (68%)
----------------- Invoking toplevel() on ptolemy.moml.MoMLSimpleApplication@440f308e
----------------- Done invoking toplevel() on ptolemy.moml.MoMLSimpleApplication@440f308e
reloadAllAccessors: .PublisherSubscriber

===========================================================================================
----------------- testing Sat Oct 19 06:03:14 UTC 2019 /home/travis/build/icyphy/ptII/ptolemy/actor/lib/test/auto/PublisherSubscriber10.xml
----------------- Instantiating /home/travis/build/icyphy/ptII/ptolemy/actor/lib/test/auto/PublisherSubscriber10.xml
7 ms. Memory: 583680K Free: 387613K (66%)
----------------- Invoking toplevel() on ptolemy.moml.MoMLSimpleApplication@1216ea71
----------------- Done invoking toplevel() on ptolemy.moml.MoMLSimpleApplication@1216ea71
reloadAllAccessors: .PublisherSubscriber10

===========================================================================================
----------------- testing Sat Oct 19 06:03:14 UTC 2019 /home/travis/build/icyphy/ptII/ptolemy/actor/lib/test/auto/PublisherSubscriber10InitialOutputs.xml
----------------- Instantiating /home/travis/build/icyphy/ptII/ptolemy/actor/lib/test/auto/PublisherSubscriber10InitialOutputs.xml
18 ms. Memory: 583680K Free: 378397K (65%)
----------------- Invoking toplevel() on ptolemy.moml.MoMLSimpleApplication@13bd5a3b
----------------- Done invoking toplevel() on ptolemy.moml.MoMLSimpleApplication@13bd5a3b
reloadAllAccessors: .PublisherSubscriber10InitialOutputs

===========================================================================================
----------------- testing Sat Oct 19 06:03:14 UTC 2019 /home/travis/build/icyphy/ptII/ptolemy/actor/lib/test/auto/PublisherSubscriber11.xml
----------------- Instantiating /home/travis/build/icyphy/ptII/ptolemy/actor/lib/test/auto/PublisherSubscriber11.xml
3 ms. Memory: 583680K Free: 372253K (64%)
----------------- Invoking toplevel() on ptolemy.moml.MoMLSimpleApplication@4168cf88
----------------- Done invoking toplevel() on ptolemy.moml.MoMLSimpleApplication@4168cf88
reloadAllAccessors: .PublisherSubscriber11

===========================================================================================
----------------- testing Sat Oct 19 06:03:14 UTC 2019 /home/travis/build/icyphy/ptII/ptolemy/actor/lib/test/auto/PublisherSubscriber12.xml
----------------- Instantiating /home/travis/build/icyphy/ptII/ptolemy/actor/lib/test/auto/PublisherSubscriber12.xml
3 ms. Memory: 583680K Free: 365595K (63%)
----------------- Invoking toplevel() on ptolemy.moml.MoMLSimpleApplication@22a9f7ee
----------------- Done invoking toplevel() on ptolemy.moml.MoMLSimpleApplication@22a9f7ee
reloadAllAccessors: .PublisherSubscriber12

===========================================================================================
----------------- testing Sat Oct 19 06:03:14 UTC 2019 /home/travis/build/icyphy/ptII/ptolemy/actor/lib/test/auto/PublisherSubscriber13.xml
----------------- Instantiating /home/travis/build/icyphy/ptII/ptolemy/actor/lib/test/auto/PublisherSubscriber13.xml
2 ms. Memory: 583680K Free: 359965K (62%)
----------------- Invoking toplevel() on ptolemy.moml.MoMLSimpleApplication@48f02de8
----------------- Done invoking toplevel() on ptolemy.moml.MoMLSimpleApplication@48f02de8
reloadAllAccessors: .PublisherSubscriber13

===========================================================================================
----------------- testing Sat Oct 19 06:03:14 UTC 2019 /home/travis/build/icyphy/ptII/ptolemy/actor/lib/test/auto/PublisherSubscriber14.xml
----------------- Instantiating /home/travis/build/icyphy/ptII/ptolemy/actor/lib/test/auto/PublisherSubscriber14.xml
2 ms. Memory: 583680K Free: 351229K (60%)
----------------- Invoking toplevel() on ptolemy.moml.MoMLSimpleApplication@9116b29
----------------- Done invoking toplevel() on ptolemy.moml.MoMLSimpleApplication@9116b29
reloadAllAccessors: .PublisherSubscriber14

===========================================================================================
----------------- testing Sat Oct 19 06:03:14 UTC 2019 /home/travis/build/icyphy/ptII/ptolemy/actor/lib/test/auto/PublisherSubscriber2.xml
----------------- Instantiating /home/travis/build/icyphy/ptII/ptolemy/actor/lib/test/auto/PublisherSubscriber2.xml
4 ms. Memory: 583680K Free: 345629K (59%)
----------------- Invoking toplevel() on ptolemy.moml.MoMLSimpleApplication@964de36
----------------- Done invoking toplevel() on ptolemy.moml.MoMLSimpleApplication@964de36
reloadAllAccessors: .PublisherSubscriber2

===========================================================================================
----------------- testing Sat Oct 19 06:03:14 UTC 2019 /home/travis/build/icyphy/ptII/ptolemy/actor/lib/test/auto/PublisherSubscriber3.xml
----------------- Instantiating /home/travis/build/icyphy/ptII/ptolemy/actor/lib/test/auto/PublisherSubscriber3.xml
1 ms. Memory: 583680K Free: 339485K (58%)
----------------- Invoking toplevel() on ptolemy.moml.MoMLSimpleApplication@209be16
----------------- Done invoking toplevel() on ptolemy.moml.MoMLSimpleApplication@209be16
reloadAllAccessors: .PublisherSubscriber3

===========================================================================================
----------------- testing Sat Oct 19 06:03:14 UTC 2019 /home/travis/build/icyphy/ptII/ptolemy/actor/lib/test/auto/PublisherSubscriber4.xml
----------------- Instantiating /home/travis/build/icyphy/ptII/ptolemy/actor/lib/test/auto/PublisherSubscriber4.xml
2 ms. Memory: 583680K Free: 334365K (57%)
----------------- Invoking toplevel() on ptolemy.moml.MoMLSimpleApplication@7f18d160
----------------- Done invoking toplevel() on ptolemy.moml.MoMLSimpleApplication@7f18d160
reloadAllAccessors: .PublisherSubscriber4

===========================================================================================
----------------- testing Sat Oct 19 06:03:14 UTC 2019 /home/travis/build/icyphy/ptII/ptolemy/actor/lib/test/auto/PublisherSubscriber5.xml
----------------- Instantiating /home/travis/build/icyphy/ptII/ptolemy/actor/lib/test/auto/PublisherSubscriber5.xml
2 ms. Memory: 583680K Free: 327707K (56%)
----------------- Invoking toplevel() on ptolemy.moml.MoMLSimpleApplication@3e1ddb64
----------------- Done invoking toplevel() on ptolemy.moml.MoMLSimpleApplication@3e1ddb64
reloadAllAccessors: .PublisherSubscriber5

===========================================================================================
----------------- testing Sat Oct 19 06:03:14 UTC 2019 /home/travis/build/icyphy/ptII/ptolemy/actor/lib/test/auto/PublisherSubscriber6.xml
----------------- Instantiating /home/travis/build/icyphy/ptII/ptolemy/actor/lib/test/auto/PublisherSubscriber6.xml
4 ms. Memory: 583680K Free: 321053K (55%)
----------------- Invoking toplevel() on ptolemy.moml.MoMLSimpleApplication@4bf45a3b
----------------- Done invoking toplevel() on ptolemy.moml.MoMLSimpleApplication@4bf45a3b
reloadAllAccessors: .PublisherSubscriber6

===========================================================================================
----------------- testing Sat Oct 19 06:03:14 UTC 2019 /home/travis/build/icyphy/ptII/ptolemy/actor/lib/test/auto/PublisherSubscriber7.xml
----------------- Instantiating /home/travis/build/icyphy/ptII/ptolemy/actor/lib/test/auto/PublisherSubscriber7.xml
8 ms. Memory: 583680K Free: 314381K (54%)
----------------- Invoking toplevel() on ptolemy.moml.MoMLSimpleApplication@21d874cb
----------------- Done invoking toplevel() on ptolemy.moml.MoMLSimpleApplication@21d874cb
reloadAllAccessors: .PublisherSubscriber7

===========================================================================================
----------------- testing Sat Oct 19 06:03:14 UTC 2019 /home/travis/build/icyphy/ptII/ptolemy/actor/lib/test/auto/PublisherSubscriber8.xml
----------------- Instantiating /home/travis/build/icyphy/ptII/ptolemy/actor/lib/test/auto/PublisherSubscriber8.xml
16 ms. Memory: 583680K Free: 302107K (52%)
----------------- Invoking toplevel() on ptolemy.moml.MoMLSimpleApplication@3460bd2f
----------------- Done invoking toplevel() on ptolemy.moml.MoMLSimpleApplication@3460bd2f
reloadAllAccessors: .PublisherSubscriber8

===========================================================================================
----------------- testing Sat Oct 19 06:03:14 UTC 2019 /home/travis/build/icyphy/ptII/ptolemy/actor/lib/test/auto/PublisherSubscriber9.xml
----------------- Instantiating /home/travis/build/icyphy/ptII/ptolemy/actor/lib/test/auto/PublisherSubscriber9.xml
3 ms. Memory: 583680K Free: 294925K (51%)
----------------- Invoking toplevel() on ptolemy.moml.MoMLSimpleApplication@35ca561f
----------------- Done invoking toplevel() on ptolemy.moml.MoMLSimpleApplication@35ca561f
reloadAllAccessors: .PublisherSubscriber9

===========================================================================================
----------------- testing Sat Oct 19 06:03:14 UTC 2019 /home/travis/build/icyphy/ptII/ptolemy/actor/lib/test/auto/PublisherSubscriberAdjacent.xml
----------------- Instantiating /home/travis/build/icyphy/ptII/ptolemy/actor/lib/test/auto/PublisherSubscriberAdjacent.xml
2 ms. Memory: 583680K Free: 286747K (49%)
----------------- Invoking toplevel() on ptolemy.moml.MoMLSimpleApplication@7c3bc326
----------------- Done invoking toplevel() on ptolemy.moml.MoMLSimpleApplication@7c3bc326
reloadAllAccessors: .PublisherSubscriberAdjacent

===========================================================================================
----------------- testing Sat Oct 19 06:03:14 UTC 2019 /home/travis/build/icyphy/ptII/ptolemy/actor/lib/test/auto/PublisherSubscriberChannelVariablesAOC2.xml
----------------- Instantiating /home/travis/build/icyphy/ptII/ptolemy/actor/lib/test/auto/PublisherSubscriberChannelVariablesAOC2.xml
3 ms. Memory: 583680K Free: 271901K (47%)
----------------- Invoking toplevel() on ptolemy.moml.MoMLSimpleApplication@29e5a3af
----------------- Done invoking toplevel() on ptolemy.moml.MoMLSimpleApplication@29e5a3af
reloadAllAccessors: .PublisherSubscriberChannelVariablesAOC2

===========================================================================================
----------------- testing Sat Oct 19 06:03:14 UTC 2019 /home/travis/build/icyphy/ptII/ptolemy/actor/lib/test/auto/PublisherSubscriberD3.xml
----------------- Instantiating /home/travis/build/icyphy/ptII/ptolemy/actor/lib/test/auto/PublisherSubscriberD3.xml
1 ms. Memory: 583680K Free: 264219K (45%)
----------------- Invoking toplevel() on ptolemy.moml.MoMLSimpleApplication@75bf6cf0
----------------- Done invoking toplevel() on ptolemy.moml.MoMLSimpleApplication@75bf6cf0
reloadAllAccessors: .PublisherSubscriberD3

===========================================================================================
----------------- testing Sat Oct 19 06:03:14 UTC 2019 /home/travis/build/icyphy/ptII/ptolemy/actor/lib/test/auto/PublisherSubscriberD3Reverse.xml
----------------- Instantiating /home/travis/build/icyphy/ptII/ptolemy/actor/lib/test/auto/PublisherSubscriberD3Reverse.xml
1 ms. Memory: 583680K Free: 257565K (44%)
----------------- Invoking toplevel() on ptolemy.moml.MoMLSimpleApplication@4794a394
----------------- Done invoking toplevel() on ptolemy.moml.MoMLSimpleApplication@4794a394
reloadAllAccessors: .PublisherSubscriberD3Reverse

===========================================================================================
----------------- testing Sat Oct 19 06:03:14 UTC 2019 /home/travis/build/icyphy/ptII/ptolemy/actor/lib/test/auto/PublisherSubscriberExpression.xml
----------------- Instantiating /home/travis/build/icyphy/ptII/ptolemy/actor/lib/test/auto/PublisherSubscriberExpression.xml
4 ms. Memory: 583680K Free: 248829K (43%)
----------------- Invoking toplevel() on ptolemy.moml.MoMLSimpleApplication@e3c7a95
----------------- Done invoking toplevel() on ptolemy.moml.MoMLSimpleApplication@e3c7a95
reloadAllAccessors: .PublisherSubscriberExpression

===========================================================================================
----------------- testing Sat Oct 19 06:03:14 UTC 2019 /home/travis/build/icyphy/ptII/ptolemy/actor/lib/test/auto/PublisherSubscriberOpaque.xml
----------------- Instantiating /home/travis/build/icyphy/ptII/ptolemy/actor/lib/test/auto/PublisherSubscriberOpaque.xml
3 ms. Memory: 583680K Free: 240667K (41%)
----------------- Invoking toplevel() on ptolemy.moml.MoMLSimpleApplication@6b4ce84
----------------- Done invoking toplevel() on ptolemy.moml.MoMLSimpleApplication@6b4ce84
reloadAllAccessors: .PublisherSubscriberOpaque

===========================================================================================
----------------- testing Sat Oct 19 06:03:14 UTC 2019 /home/travis/build/icyphy/ptII/ptolemy/actor/lib/test/auto/PublisherSubscriberOpaqueD3.xml
----------------- Instantiating /home/travis/build/icyphy/ptII/ptolemy/actor/lib/test/auto/PublisherSubscriberOpaqueD3.xml
5 ms. Memory: 583680K Free: 228893K (39%)
----------------- Invoking toplevel() on ptolemy.moml.MoMLSimpleApplication@78292bd0
----------------- Done invoking toplevel() on ptolemy.moml.MoMLSimpleApplication@78292bd0
reloadAllAccessors: .PublisherSubscriberOpaqueD3

===========================================================================================
----------------- testing Sat Oct 19 06:03:14 UTC 2019 /home/travis/build/icyphy/ptII/ptolemy/actor/lib/test/auto/PublisherSubscriberOpaqueD3Reverse.xml
----------------- Instantiating /home/travis/build/icyphy/ptII/ptolemy/actor/lib/test/auto/PublisherSubscriberOpaqueD3Reverse.xml
8 ms. Memory: 583680K Free: 218139K (37%)
----------------- Invoking toplevel() on ptolemy.moml.MoMLSimpleApplication@5bc1546e
----------------- Done invoking toplevel() on ptolemy.moml.MoMLSimpleApplication@5bc1546e
reloadAllAccessors: .PublisherSubscriberOpaqueD3Reverse

===========================================================================================
----------------- testing Sat Oct 19 06:03:14 UTC 2019 /home/travis/build/icyphy/ptII/ptolemy/actor/lib/test/auto/PublisherSubscriberOpaqueWidthInference.xml
----------------- Instantiating /home/travis/build/icyphy/ptII/ptolemy/actor/lib/test/auto/PublisherSubscriberOpaqueWidthInference.xml
4 ms. Memory: 583680K Free: 209933K (36%)
----------------- Invoking toplevel() on ptolemy.moml.MoMLSimpleApplication@11ef377e
----------------- Done invoking toplevel() on ptolemy.moml.MoMLSimpleApplication@11ef377e
reloadAllAccessors: .PublisherSubscriberOpaqueWidthInference

===========================================================================================
----------------- testing Sat Oct 19 06:03:14 UTC 2019 /home/travis/build/icyphy/ptII/ptolemy/actor/lib/test/auto/PublisherTestSubscriber.xml
----------------- Instantiating /home/travis/build/icyphy/ptII/ptolemy/actor/lib/test/auto/PublisherTestSubscriber.xml
3 ms. Memory: 583680K Free: 201749K (35%)
----------------- Invoking toplevel() on ptolemy.moml.MoMLSimpleApplication@987956f
----------------- Done invoking toplevel() on ptolemy.moml.MoMLSimpleApplication@987956f
reloadAllAccessors: .PublisherTestSubscriber

===========================================================================================
----------------- testing Sat Oct 19 06:03:14 UTC 2019 /home/travis/build/icyphy/ptII/ptolemy/actor/lib/test/auto/PublisherToplevelSubscriberPortAOC.xml
----------------- Instantiating /home/travis/build/icyphy/ptII/ptolemy/actor/lib/test/auto/PublisherToplevelSubscriberPortAOC.xml
2 ms. Memory: 583680K Free: 195597K (34%)
----------------- Invoking toplevel() on ptolemy.moml.MoMLSimpleApplication@4f1de3b9
----------------- Done invoking toplevel() on ptolemy.moml.MoMLSimpleApplication@4f1de3b9
reloadAllAccessors: .PublisherToplevelSubscriberPortAOC

===========================================================================================
----------------- testing Sat Oct 19 06:03:14 UTC 2019 /home/travis/build/icyphy/ptII/ptolemy/actor/lib/test/auto/PulseFiringLimitDE.xml
----------------- Instantiating /home/travis/build/icyphy/ptII/ptolemy/actor/lib/test/auto/PulseFiringLimitDE.xml
1 ms. Memory: 583680K Free: 189467K (32%)
----------------- Invoking toplevel() on ptolemy.moml.MoMLSimpleApplication@2dca1900
----------------- Done invoking toplevel() on ptolemy.moml.MoMLSimpleApplication@2dca1900
reloadAllAccessors: .PulseFiringLimitDE

===========================================================================================
----------------- testing Sat Oct 19 06:03:14 UTC 2019 /home/travis/build/icyphy/ptII/ptolemy/actor/lib/test/auto/Ramp1.xml
----------------- Instantiating /home/travis/build/icyphy/ptII/ptolemy/actor/lib/test/auto/Ramp1.xml
1 ms. Memory: 583680K Free: 528917K (91%)
----------------- Invoking toplevel() on ptolemy.moml.MoMLSimpleApplication@180d0124
----------------- Done invoking toplevel() on ptolemy.moml.MoMLSimpleApplication@180d0124
reloadAllAccessors: .Ramp1

===========================================================================================
----------------- testing Sat Oct 19 06:03:14 UTC 2019 /home/travis/build/icyphy/ptII/ptolemy/actor/lib/test/auto/RampFiringLimitDE.xml
----------------- Instantiating /home/travis/build/icyphy/ptII/ptolemy/actor/lib/test/auto/RampFiringLimitDE.xml
2 ms. Memory: 583680K Free: 522269K (89%)
----------------- Invoking toplevel() on ptolemy.moml.MoMLSimpleApplication@3da14a38
----------------- Done invoking toplevel() on ptolemy.moml.MoMLSimpleApplication@3da14a38
reloadAllAccessors: .RampFiringLimitDE

===========================================================================================
----------------- testing Sat Oct 19 06:03:14 UTC 2019 /home/travis/build/icyphy/ptII/ptolemy/actor/lib/test/auto/RampFiringLimitSDF.xml
----------------- Instantiating /home/travis/build/icyphy/ptII/ptolemy/actor/lib/test/auto/RampFiringLimitSDF.xml
2 ms. Memory: 583680K Free: 517149K (89%)
----------------- Invoking toplevel() on ptolemy.moml.MoMLSimpleApplication@66d08231
----------------- Done invoking toplevel() on ptolemy.moml.MoMLSimpleApplication@66d08231
reloadAllAccessors: .RampFiringLimitSDF

===========================================================================================
----------------- testing Sat Oct 19 06:03:14 UTC 2019 /home/travis/build/icyphy/ptII/ptolemy/actor/lib/test/auto/RandomInteger.xml
----------------- Instantiating /home/travis/build/icyphy/ptII/ptolemy/actor/lib/test/auto/RandomInteger.xml
1 ms. Memory: 583680K Free: 513053K (88%)
----------------- Invoking toplevel() on ptolemy.moml.MoMLSimpleApplication@76ece378
----------------- Done invoking toplevel() on ptolemy.moml.MoMLSimpleApplication@76ece378
reloadAllAccessors: .RandomInteger

===========================================================================================
----------------- testing Sat Oct 19 06:03:14 UTC 2019 /home/travis/build/icyphy/ptII/ptolemy/actor/lib/test/auto/ReadFile1.xml
----------------- Instantiating /home/travis/build/icyphy/ptII/ptolemy/actor/lib/test/auto/ReadFile1.xml
2 ms. Memory: 583680K Free: 508443K (87%)
----------------- Invoking toplevel() on ptolemy.moml.MoMLSimpleApplication@6b42f48c
----------------- Done invoking toplevel() on ptolemy.moml.MoMLSimpleApplication@6b42f48c
reloadAllAccessors: .ReadFile1

===========================================================================================
----------------- testing Sat Oct 19 06:03:14 UTC 2019 /home/travis/build/icyphy/ptII/ptolemy/actor/lib/test/auto/ReadFile2.xml
----------------- Instantiating /home/travis/build/icyphy/ptII/ptolemy/actor/lib/test/auto/ReadFile2.xml
1 ms. Memory: 583680K Free: 504347K (86%)
----------------- Invoking toplevel() on ptolemy.moml.MoMLSimpleApplication@56991d27
----------------- Done invoking toplevel() on ptolemy.moml.MoMLSimpleApplication@56991d27
reloadAllAccessors: .ReadFile2

===========================================================================================
----------------- testing Sat Oct 19 06:03:14 UTC 2019 /home/travis/build/icyphy/ptII/ptolemy/actor/lib/test/auto/Reader.xml
----------------- Instantiating /home/travis/build/icyphy/ptII/ptolemy/actor/lib/test/auto/Reader.xml
actor.lib.Reader is obsolete, use actor.lib.io.ExpressionReader instead
4 ms. Memory: 583680K Free: 500251K (86%)
----------------- Invoking toplevel() on ptolemy.moml.MoMLSimpleApplication@1d0893d0
----------------- Done invoking toplevel() on ptolemy.moml.MoMLSimpleApplication@1d0893d0
reloadAllAccessors: .Reader

===========================================================================================
----------------- testing Sat Oct 19 06:03:14 UTC 2019 /home/travis/build/icyphy/ptII/ptolemy/actor/lib/test/auto/RecordAssemblerDisplayNameTest.xml
----------------- Instantiating /home/travis/build/icyphy/ptII/ptolemy/actor/lib/test/auto/RecordAssemblerDisplayNameTest.xml
3777 ms. Memory: 583680K Free: 308251K (53%)
----------------- Invoking toplevel() on ptolemy.moml.MoMLSimpleApplication@3d68c31e
----------------- Done invoking toplevel() on ptolemy.moml.MoMLSimpleApplication@3d68c31e
reloadAllAccessors: .RecordAssemblerDisplayNameTest

===========================================================================================
----------------- testing Sat Oct 19 06:03:18 UTC 2019 /home/travis/build/icyphy/ptII/ptolemy/actor/lib/test/auto/RecordAssemblerTypeError.xml
----------------- Instantiating /home/travis/build/icyphy/ptII/ptolemy/actor/lib/test/auto/RecordAssemblerTypeError.xml
16 ms. Memory: 583680K Free: 298525K (51%)
----------------- Invoking toplevel() on ptolemy.moml.MoMLSimpleApplication@52fb297e
----------------- Done invoking toplevel() on ptolemy.moml.MoMLSimpleApplication@52fb297e
reloadAllAccessors: .RecordAssemblerTypeError

===========================================================================================
----------------- testing Sat Oct 19 06:03:18 UTC 2019 /home/travis/build/icyphy/ptII/ptolemy/actor/lib/test/auto/RecordDisassember.xml
----------------- Instantiating /home/travis/build/icyphy/ptII/ptolemy/actor/lib/test/auto/RecordDisassember.xml
3 ms. Memory: 583680K Free: 293885K (50%)
----------------- Invoking toplevel() on ptolemy.moml.MoMLSimpleApplication@386e019e
----------------- Done invoking toplevel() on ptolemy.moml.MoMLSimpleApplication@386e019e
reloadAllAccessors: .RecordDisassember

===========================================================================================
----------------- testing Sat Oct 19 06:03:18 UTC 2019 /home/travis/build/icyphy/ptII/ptolemy/actor/lib/test/auto/RecordDisassemberDisplayNameTest.xml
----------------- Instantiating /home/travis/build/icyphy/ptII/ptolemy/actor/lib/test/auto/RecordDisassemberDisplayNameTest.xml
6 ms. Memory: 583680K Free: 286237K (49%)
----------------- Invoking toplevel() on ptolemy.moml.MoMLSimpleApplication@5ab348e9
----------------- Done invoking toplevel() on ptolemy.moml.MoMLSimpleApplication@5ab348e9
reloadAllAccessors: .RecordDisassemberDisplayNameTest

===========================================================================================
----------------- testing Sat Oct 19 06:03:18 UTC 2019 /home/travis/build/icyphy/ptII/ptolemy/actor/lib/test/auto/RecordDisassembler.xml
----------------- Instantiating /home/travis/build/icyphy/ptII/ptolemy/actor/lib/test/auto/RecordDisassembler.xml
4 ms. Memory: 583680K Free: 281117K (48%)
----------------- Invoking toplevel() on ptolemy.moml.MoMLSimpleApplication@17aa3ebb
----------------- Done invoking toplevel() on ptolemy.moml.MoMLSimpleApplication@17aa3ebb
reloadAllAccessors: .RecordDisassembler

===========================================================================================
----------------- testing Sat Oct 19 06:03:18 UTC 2019 /home/travis/build/icyphy/ptII/ptolemy/actor/lib/test/auto/RecordDisassembler2.xml
----------------- Instantiating /home/travis/build/icyphy/ptII/ptolemy/actor/lib/test/auto/RecordDisassembler2.xml
3 ms. Memory: 583680K Free: 275453K (47%)
----------------- Invoking toplevel() on ptolemy.moml.MoMLSimpleApplication@6edec8dc
----------------- Done invoking toplevel() on ptolemy.moml.MoMLSimpleApplication@6edec8dc
reloadAllAccessors: .RecordDisassembler2

===========================================================================================
----------------- testing Sat Oct 19 06:03:18 UTC 2019 /home/travis/build/icyphy/ptII/ptolemy/actor/lib/test/auto/RecordUpdater.xml
----------------- Instantiating /home/travis/build/icyphy/ptII/ptolemy/actor/lib/test/auto/RecordUpdater.xml
2 ms. Memory: 583680K Free: 270877K (46%)
----------------- Invoking toplevel() on ptolemy.moml.MoMLSimpleApplication@d0f1a1f
----------------- Done invoking toplevel() on ptolemy.moml.MoMLSimpleApplication@d0f1a1f
reloadAllAccessors: .RecordUpdater

===========================================================================================
----------------- testing Sat Oct 19 06:03:18 UTC 2019 /home/travis/build/icyphy/ptII/ptolemy/actor/lib/test/auto/RecordUpdater2.xml
----------------- Instantiating /home/travis/build/icyphy/ptII/ptolemy/actor/lib/test/auto/RecordUpdater2.xml
2 ms. Memory: 583680K Free: 265757K (46%)
----------------- Invoking toplevel() on ptolemy.moml.MoMLSimpleApplication@3b0090a6
----------------- Done invoking toplevel() on ptolemy.moml.MoMLSimpleApplication@3b0090a6
reloadAllAccessors: .RecordUpdater2

===========================================================================================
----------------- testing Sat Oct 19 06:03:18 UTC 2019 /home/travis/build/icyphy/ptII/ptolemy/actor/lib/test/auto/RecursiveLattice.xml
----------------- Instantiating /home/travis/build/icyphy/ptII/ptolemy/actor/lib/test/auto/RecursiveLattice.xml
1 ms. Memory: 583680K Free: 261147K (45%)
----------------- Invoking toplevel() on ptolemy.moml.MoMLSimpleApplication@5dd02d82
----------------- Done invoking toplevel() on ptolemy.moml.MoMLSimpleApplication@5dd02d82
reloadAllAccessors: .RecursiveLattice

===========================================================================================
----------------- testing Sat Oct 19 06:03:18 UTC 2019 /home/travis/build/icyphy/ptII/ptolemy/actor/lib/test/auto/Router.xml
----------------- Instantiating /home/travis/build/icyphy/ptII/ptolemy/actor/lib/test/auto/Router.xml
3003 ms. Memory: 583680K Free: 249883K (43%)
----------------- Invoking toplevel() on ptolemy.moml.MoMLSimpleApplication@61b41654
----------------- Done invoking toplevel() on ptolemy.moml.MoMLSimpleApplication@61b41654
reloadAllAccessors: .Router

===========================================================================================
----------------- testing Sat Oct 19 06:03:21 UTC 2019 /home/travis/build/icyphy/ptII/ptolemy/actor/lib/test/auto/Router2.xml
----------------- Instantiating /home/travis/build/icyphy/ptII/ptolemy/actor/lib/test/auto/Router2.xml
3005 ms. Memory: 583680K Free: 239133K (41%)
----------------- Invoking toplevel() on ptolemy.moml.MoMLSimpleApplication@1626b395
----------------- Done invoking toplevel() on ptolemy.moml.MoMLSimpleApplication@1626b395
reloadAllAccessors: .Router2

===========================================================================================
----------------- testing Sat Oct 19 06:03:24 UTC 2019 /home/travis/build/icyphy/ptII/ptolemy/actor/lib/test/auto/RunningMaximum.xml
----------------- Instantiating /home/travis/build/icyphy/ptII/ptolemy/actor/lib/test/auto/RunningMaximum.xml
5 ms. Memory: 583680K Free: 234523K (40%)
----------------- Invoking toplevel() on ptolemy.moml.MoMLSimpleApplication@335c95c7
----------------- Done invoking toplevel() on ptolemy.moml.MoMLSimpleApplication@335c95c7
reloadAllAccessors: .RunningMaximum

===========================================================================================
----------------- testing Sat Oct 19 06:03:24 UTC 2019 /home/travis/build/icyphy/ptII/ptolemy/actor/lib/test/auto/RunningMinimum.xml
----------------- Instantiating /home/travis/build/icyphy/ptII/ptolemy/actor/lib/test/auto/RunningMinimum.xml
2 ms. Memory: 583680K Free: 229917K (39%)
----------------- Invoking toplevel() on ptolemy.moml.MoMLSimpleApplication@4049e7a3
----------------- Done invoking toplevel() on ptolemy.moml.MoMLSimpleApplication@4049e7a3
reloadAllAccessors: .RunningMinimum

===========================================================================================
----------------- testing Sat Oct 19 06:03:24 UTC 2019 /home/travis/build/icyphy/ptII/ptolemy/actor/lib/test/auto/Scale.xml
----------------- Instantiating /home/travis/build/icyphy/ptII/ptolemy/actor/lib/test/auto/Scale.xml
2 ms. Memory: 583680K Free: 224797K (39%)
----------------- Invoking toplevel() on ptolemy.moml.MoMLSimpleApplication@77b28f56
----------------- Done invoking toplevel() on ptolemy.moml.MoMLSimpleApplication@77b28f56
reloadAllAccessors: .Scale

===========================================================================================
----------------- testing Sat Oct 19 06:03:25 UTC 2019 /home/travis/build/icyphy/ptII/ptolemy/actor/lib/test/auto/Scale2.xml
----------------- Instantiating /home/travis/build/icyphy/ptII/ptolemy/actor/lib/test/auto/Scale2.xml
1 ms. Memory: 583680K Free: 220187K (38%)
----------------- Invoking toplevel() on ptolemy.moml.MoMLSimpleApplication@41fb90a4
----------------- Done invoking toplevel() on ptolemy.moml.MoMLSimpleApplication@41fb90a4
reloadAllAccessors: .Scale2

===========================================================================================
----------------- testing Sat Oct 19 06:03:25 UTC 2019 /home/travis/build/icyphy/ptII/ptolemy/actor/lib/test/auto/Scale3.xml
----------------- Instantiating /home/travis/build/icyphy/ptII/ptolemy/actor/lib/test/auto/Scale3.xml
4 ms. Memory: 583680K Free: 214043K (37%)
----------------- Invoking toplevel() on ptolemy.moml.MoMLSimpleApplication@7b52e1b3
----------------- Done invoking toplevel() on ptolemy.moml.MoMLSimpleApplication@7b52e1b3
reloadAllAccessors: .Scale3

===========================================================================================
----------------- testing Sat Oct 19 06:03:25 UTC 2019 /home/travis/build/icyphy/ptII/ptolemy/actor/lib/test/auto/ScaleArray.xml
----------------- Instantiating /home/travis/build/icyphy/ptII/ptolemy/actor/lib/test/auto/ScaleArray.xml
2 ms. Memory: 583680K Free: 209437K (36%)
----------------- Invoking toplevel() on ptolemy.moml.MoMLSimpleApplication@79fc522
----------------- Done invoking toplevel() on ptolemy.moml.MoMLSimpleApplication@79fc522
reloadAllAccessors: .ScaleArray

===========================================================================================
----------------- testing Sat Oct 19 06:03:25 UTC 2019 /home/travis/build/icyphy/ptII/ptolemy/actor/lib/test/auto/ScaleArray2.xml
----------------- Instantiating /home/travis/build/icyphy/ptII/ptolemy/actor/lib/test/auto/ScaleArray2.xml
1 ms. Memory: 583680K Free: 204827K (35%)
----------------- Invoking toplevel() on ptolemy.moml.MoMLSimpleApplication@6430ddd5
----------------- Done invoking toplevel() on ptolemy.moml.MoMLSimpleApplication@6430ddd5
reloadAllAccessors: .ScaleArray2

===========================================================================================
----------------- testing Sat Oct 19 06:03:25 UTC 2019 /home/travis/build/icyphy/ptII/ptolemy/actor/lib/test/auto/ScaleMatrix.xml
----------------- Instantiating /home/travis/build/icyphy/ptII/ptolemy/actor/lib/test/auto/ScaleMatrix.xml
167 ms. Memory: 583680K Free: 190491K (33%)
----------------- Invoking toplevel() on ptolemy.moml.MoMLSimpleApplication@3cee3413
----------------- Done invoking toplevel() on ptolemy.moml.MoMLSimpleApplication@3cee3413
reloadAllAccessors: .ScaleMatrix

===========================================================================================
----------------- testing Sat Oct 19 06:03:25 UTC 2019 /home/travis/build/icyphy/ptII/ptolemy/actor/lib/test/auto/Select.xml
----------------- Instantiating /home/travis/build/icyphy/ptII/ptolemy/actor/lib/test/auto/Select.xml
2 ms. Memory: 583680K Free: 527357K (90%)
----------------- Invoking toplevel() on ptolemy.moml.MoMLSimpleApplication@7b299f74
----------------- Done invoking toplevel() on ptolemy.moml.MoMLSimpleApplication@7b299f74
reloadAllAccessors: .Select

===========================================================================================
----------------- testing Sat Oct 19 06:03:25 UTC 2019 /home/travis/build/icyphy/ptII/ptolemy/actor/lib/test/auto/Select2.xml
----------------- Instantiating /home/travis/build/icyphy/ptII/ptolemy/actor/lib/test/auto/Select2.xml
8 ms. Memory: 583680K Free: 522267K (89%)
----------------- Invoking toplevel() on ptolemy.moml.MoMLSimpleApplication@295f820c
----------------- Done invoking toplevel() on ptolemy.moml.MoMLSimpleApplication@295f820c
reloadAllAccessors: .Select2

===========================================================================================
----------------- testing Sat Oct 19 06:03:25 UTC 2019 /home/travis/build/icyphy/ptII/ptolemy/actor/lib/test/auto/SequenceToArray2.xml
----------------- Instantiating /home/travis/build/icyphy/ptII/ptolemy/actor/lib/test/auto/SequenceToArray2.xml
112 ms. Memory: 583680K Free: 498203K (85%)
----------------- Invoking toplevel() on ptolemy.moml.MoMLSimpleApplication@6f89a455
----------------- Done invoking toplevel() on ptolemy.moml.MoMLSimpleApplication@6f89a455
reloadAllAccessors: .SequenceToArray2

===========================================================================================
----------------- testing Sat Oct 19 06:03:25 UTC 2019 /home/travis/build/icyphy/ptII/ptolemy/actor/lib/test/auto/SequentialClock.xml
----------------- Instantiating /home/travis/build/icyphy/ptII/ptolemy/actor/lib/test/auto/SequentialClock.xml
1 ms. Memory: 583680K Free: 494109K (85%)
----------------- Invoking toplevel() on ptolemy.moml.MoMLSimpleApplication@2af47868
----------------- Done invoking toplevel() on ptolemy.moml.MoMLSimpleApplication@2af47868
reloadAllAccessors: .SequentialClock

===========================================================================================
----------------- testing Sat Oct 19 06:03:25 UTC 2019 /home/travis/build/icyphy/ptII/ptolemy/actor/lib/test/auto/SetVariable.xml
----------------- Instantiating /home/travis/build/icyphy/ptII/ptolemy/actor/lib/test/auto/SetVariable.xml
2 ms. Memory: 583680K Free: 489499K (84%)
----------------- Invoking toplevel() on ptolemy.moml.MoMLSimpleApplication@588f26df
----------------- Done invoking toplevel() on ptolemy.moml.MoMLSimpleApplication@588f26df
reloadAllAccessors: .SetVariable

===========================================================================================
----------------- testing Sat Oct 19 06:03:25 UTC 2019 /home/travis/build/icyphy/ptII/ptolemy/actor/lib/test/auto/SetVariable2.xml
----------------- Instantiating /home/travis/build/icyphy/ptII/ptolemy/actor/lib/test/auto/SetVariable2.xml
2 ms. Memory: 583680K Free: 484379K (83%)
----------------- Invoking toplevel() on ptolemy.moml.MoMLSimpleApplication@5d6862d4
----------------- Done invoking toplevel() on ptolemy.moml.MoMLSimpleApplication@5d6862d4
reloadAllAccessors: .SetVariable2

===========================================================================================
----------------- testing Sat Oct 19 06:03:25 UTC 2019 /home/travis/build/icyphy/ptII/ptolemy/actor/lib/test/auto/SetVariable3.xml
----------------- Instantiating /home/travis/build/icyphy/ptII/ptolemy/actor/lib/test/auto/SetVariable3.xml
7 ms. Memory: 583680K Free: 479259K (82%)
----------------- Invoking toplevel() on ptolemy.moml.MoMLSimpleApplication@3068ec65
----------------- Done invoking toplevel() on ptolemy.moml.MoMLSimpleApplication@3068ec65
reloadAllAccessors: .SetVariable3

===========================================================================================
----------------- testing Sat Oct 19 06:03:25 UTC 2019 /home/travis/build/icyphy/ptII/ptolemy/actor/lib/test/auto/SetVariable4.xml
----------------- Instantiating /home/travis/build/icyphy/ptII/ptolemy/actor/lib/test/auto/SetVariable4.xml
24 ms. Memory: 583680K Free: 468509K (80%)
----------------- Invoking toplevel() on ptolemy.moml.MoMLSimpleApplication@55ba7b85
----------------- Done invoking toplevel() on ptolemy.moml.MoMLSimpleApplication@55ba7b85
reloadAllAccessors: .SetVariable4

===========================================================================================
----------------- testing Sat Oct 19 06:03:25 UTC 2019 /home/travis/build/icyphy/ptII/ptolemy/actor/lib/test/auto/SetVariable5.xml
----------------- Instantiating /home/travis/build/icyphy/ptII/ptolemy/actor/lib/test/auto/SetVariable5.xml
20 ms. Memory: 583680K Free: 459293K (79%)
----------------- Invoking toplevel() on ptolemy.moml.MoMLSimpleApplication@292b4aee
----------------- Done invoking toplevel() on ptolemy.moml.MoMLSimpleApplication@292b4aee
reloadAllAccessors: .SetVariable5

===========================================================================================
----------------- testing Sat Oct 19 06:03:25 UTC 2019 /home/travis/build/icyphy/ptII/ptolemy/actor/lib/test/auto/Sinewave.xml
----------------- Instantiating /home/travis/build/icyphy/ptII/ptolemy/actor/lib/test/auto/Sinewave.xml
4 ms. Memory: 583680K Free: 448539K (77%)
----------------- Invoking toplevel() on ptolemy.moml.MoMLSimpleApplication@79ccf051
----------------- Done invoking toplevel() on ptolemy.moml.MoMLSimpleApplication@79ccf051
reloadAllAccessors: .Sinewave

===========================================================================================
----------------- testing Sat Oct 19 06:03:25 UTC 2019 /home/travis/build/icyphy/ptII/ptolemy/actor/lib/test/auto/Sinewave2.xml
----------------- Instantiating /home/travis/build/icyphy/ptII/ptolemy/actor/lib/test/auto/Sinewave2.xml
8 ms. Memory: 583680K Free: 440347K (75%)
----------------- Invoking toplevel() on ptolemy.moml.MoMLSimpleApplication@4973fdc7
----------------- Done invoking toplevel() on ptolemy.moml.MoMLSimpleApplication@4973fdc7
reloadAllAccessors: .Sinewave2

===========================================================================================
----------------- testing Sat Oct 19 06:03:25 UTC 2019 /home/travis/build/icyphy/ptII/ptolemy/actor/lib/test/auto/Sinewave3.xml
----------------- Instantiating /home/travis/build/icyphy/ptII/ptolemy/actor/lib/test/auto/Sinewave3.xml
9 ms. Memory: 583680K Free: 431645K (74%)
----------------- Invoking toplevel() on ptolemy.moml.MoMLSimpleApplication@41f45392
----------------- Done invoking toplevel() on ptolemy.moml.MoMLSimpleApplication@41f45392
reloadAllAccessors: .Sinewave3

===========================================================================================
----------------- testing Sat Oct 19 06:03:25 UTC 2019 /home/travis/build/icyphy/ptII/ptolemy/actor/lib/test/auto/SingleEvent.xml
----------------- Instantiating /home/travis/build/icyphy/ptII/ptolemy/actor/lib/test/auto/SingleEvent.xml
1 ms. Memory: 583680K Free: 427549K (73%)
----------------- Invoking toplevel() on ptolemy.moml.MoMLSimpleApplication@2b6eb275
----------------- Done invoking toplevel() on ptolemy.moml.MoMLSimpleApplication@2b6eb275
reloadAllAccessors: .SingleEvent

===========================================================================================
----------------- testing Sat Oct 19 06:03:25 UTC 2019 /home/travis/build/icyphy/ptII/ptolemy/actor/lib/test/auto/Sleep.xml
----------------- Instantiating /home/travis/build/icyphy/ptII/ptolemy/actor/lib/test/auto/Sleep.xml
6004 ms. Memory: 583680K Free: 421405K (72%)
----------------- Invoking toplevel() on ptolemy.moml.MoMLSimpleApplication@6bcc4b48
----------------- Done invoking toplevel() on ptolemy.moml.MoMLSimpleApplication@6bcc4b48
reloadAllAccessors: .Sleep

===========================================================================================
----------------- testing Sat Oct 19 06:03:31 UTC 2019 /home/travis/build/icyphy/ptII/ptolemy/actor/lib/test/auto/SleepMultipleFire.xml
----------------- Instantiating /home/travis/build/icyphy/ptII/ptolemy/actor/lib/test/auto/SleepMultipleFire.xml
1016 ms. Memory: 583680K Free: 415771K (71%)
----------------- Invoking toplevel() on ptolemy.moml.MoMLSimpleApplication@6d037477
----------------- Done invoking toplevel() on ptolemy.moml.MoMLSimpleApplication@6d037477
reloadAllAccessors: .SleepMultipleFire

===========================================================================================
----------------- testing Sat Oct 19 06:03:32 UTC 2019 /home/travis/build/icyphy/ptII/ptolemy/actor/lib/test/auto/StopDE.xml
----------------- Instantiating /home/travis/build/icyphy/ptII/ptolemy/actor/lib/test/auto/StopDE.xml
4 ms. Memory: 583680K Free: 410141K (70%)
----------------- Invoking toplevel() on ptolemy.moml.MoMLSimpleApplication@50c7afde
----------------- Done invoking toplevel() on ptolemy.moml.MoMLSimpleApplication@50c7afde
reloadAllAccessors: .StopDE

===========================================================================================
----------------- testing Sat Oct 19 06:03:32 UTC 2019 /home/travis/build/icyphy/ptII/ptolemy/actor/lib/test/auto/StopSDF.xml
----------------- Instantiating /home/travis/build/icyphy/ptII/ptolemy/actor/lib/test/auto/StopSDF.xml
4 ms. Memory: 583680K Free: 405021K (69%)
----------------- Invoking toplevel() on ptolemy.moml.MoMLSimpleApplication@19d4941d
----------------- Done invoking toplevel() on ptolemy.moml.MoMLSimpleApplication@19d4941d
reloadAllAccessors: .StopSDF

===========================================================================================
----------------- testing Sat Oct 19 06:03:32 UTC 2019 /home/travis/build/icyphy/ptII/ptolemy/actor/lib/test/auto/StringConstant.xml
----------------- Instantiating /home/travis/build/icyphy/ptII/ptolemy/actor/lib/test/auto/StringConstant.xml
9 ms. Memory: 583680K Free: 400925K (69%)
----------------- Invoking toplevel() on ptolemy.moml.MoMLSimpleApplication@2d4f2a82
----------------- Done invoking toplevel() on ptolemy.moml.MoMLSimpleApplication@2d4f2a82
reloadAllAccessors: .StringConstant

===========================================================================================
----------------- testing Sat Oct 19 06:03:32 UTC 2019 /home/travis/build/icyphy/ptII/ptolemy/actor/lib/test/auto/SubscriberPortInitialValues1.xml
----------------- Instantiating /home/travis/build/icyphy/ptII/ptolemy/actor/lib/test/auto/SubscriberPortInitialValues1.xml
8 ms. Memory: 583680K Free: 391709K (67%)
----------------- Invoking toplevel() on ptolemy.moml.MoMLSimpleApplication@22b2a012
----------------- Done invoking toplevel() on ptolemy.moml.MoMLSimpleApplication@22b2a012
reloadAllAccessors: .SubscriberPortInitialValues1

===========================================================================================
----------------- testing Sat Oct 19 06:03:32 UTC 2019 /home/travis/build/icyphy/ptII/ptolemy/actor/lib/test/auto/SubscriberPortInitialValues13.xml
----------------- Instantiating /home/travis/build/icyphy/ptII/ptolemy/actor/lib/test/auto/SubscriberPortInitialValues13.xml
5 ms. Memory: 583680K Free: 378907K (65%)
----------------- Invoking toplevel() on ptolemy.moml.MoMLSimpleApplication@7987500c
----------------- Done invoking toplevel() on ptolemy.moml.MoMLSimpleApplication@7987500c
reloadAllAccessors: .SubscriberPortInitialValues13

===========================================================================================
----------------- testing Sat Oct 19 06:03:32 UTC 2019 /home/travis/build/icyphy/ptII/ptolemy/actor/lib/test/auto/SubscriberPortInitialValues14.xml
----------------- Instantiating /home/travis/build/icyphy/ptII/ptolemy/actor/lib/test/auto/SubscriberPortInitialValues14.xml
5 ms. Memory: 583680K Free: 371229K (64%)
----------------- Invoking toplevel() on ptolemy.moml.MoMLSimpleApplication@18e035c0
----------------- Done invoking toplevel() on ptolemy.moml.MoMLSimpleApplication@18e035c0
reloadAllAccessors: .SubscriberPortInitialValues14

===========================================================================================
----------------- testing Sat Oct 19 06:03:32 UTC 2019 /home/travis/build/icyphy/ptII/ptolemy/actor/lib/test/auto/SubscriberPortInitialValues2.xml
----------------- Instantiating /home/travis/build/icyphy/ptII/ptolemy/actor/lib/test/auto/SubscriberPortInitialValues2.xml
4 ms. Memory: 583680K Free: 363547K (62%)
----------------- Invoking toplevel() on ptolemy.moml.MoMLSimpleApplication@3bc24ca6
----------------- Done invoking toplevel() on ptolemy.moml.MoMLSimpleApplication@3bc24ca6
reloadAllAccessors: .SubscriberPortInitialValues2

===========================================================================================
----------------- testing Sat Oct 19 06:03:32 UTC 2019 /home/travis/build/icyphy/ptII/ptolemy/actor/lib/test/auto/SubscriberPortInitialValues3.xml
----------------- Instantiating /home/travis/build/icyphy/ptII/ptolemy/actor/lib/test/auto/SubscriberPortInitialValues3.xml
4 ms. Memory: 583680K Free: 352283K (60%)
----------------- Invoking toplevel() on ptolemy.moml.MoMLSimpleApplication@262d3a87
----------------- Done invoking toplevel() on ptolemy.moml.MoMLSimpleApplication@262d3a87
reloadAllAccessors: .SubscriberPortInitialValues3

===========================================================================================
----------------- testing Sat Oct 19 06:03:32 UTC 2019 /home/travis/build/icyphy/ptII/ptolemy/actor/lib/test/auto/SubscriptionAggregator.xml
----------------- Instantiating /home/travis/build/icyphy/ptII/ptolemy/actor/lib/test/auto/SubscriptionAggregator.xml
2 ms. Memory: 583680K Free: 344605K (59%)
----------------- Invoking toplevel() on ptolemy.moml.MoMLSimpleApplication@86699a
----------------- Done invoking toplevel() on ptolemy.moml.MoMLSimpleApplication@86699a
reloadAllAccessors: .SubscriptionAggregator

===========================================================================================
----------------- testing Sat Oct 19 06:03:32 UTC 2019 /home/travis/build/icyphy/ptII/ptolemy/actor/lib/test/auto/SubscriptionAggregator2.xml
----------------- Instantiating /home/travis/build/icyphy/ptII/ptolemy/actor/lib/test/auto/SubscriptionAggregator2.xml
2 ms. Memory: 583680K Free: 337933K (58%)
----------------- Invoking toplevel() on ptolemy.moml.MoMLSimpleApplication@3f8f76b1
----------------- Done invoking toplevel() on ptolemy.moml.MoMLSimpleApplication@3f8f76b1
reloadAllAccessors: .SubscriptionAggregator2

===========================================================================================
----------------- testing Sat Oct 19 06:03:33 UTC 2019 /home/travis/build/icyphy/ptII/ptolemy/actor/lib/test/auto/SubscriptionAggregator3.xml
----------------- Instantiating /home/travis/build/icyphy/ptII/ptolemy/actor/lib/test/auto/SubscriptionAggregator3.xml
4 ms. Memory: 583680K Free: 329245K (56%)
----------------- Invoking toplevel() on ptolemy.moml.MoMLSimpleApplication@70e4ee1e
----------------- Done invoking toplevel() on ptolemy.moml.MoMLSimpleApplication@70e4ee1e
reloadAllAccessors: .SubscriptionAggregator3

===========================================================================================
----------------- testing Sat Oct 19 06:03:33 UTC 2019 /home/travis/build/icyphy/ptII/ptolemy/actor/lib/test/auto/SubscriptionAggregatorMultiply.xml
----------------- Instantiating /home/travis/build/icyphy/ptII/ptolemy/actor/lib/test/auto/SubscriptionAggregatorMultiply.xml
15 ms. Memory: 583680K Free: 320533K (55%)
----------------- Invoking toplevel() on ptolemy.moml.MoMLSimpleApplication@78ed7907
----------------- Done invoking toplevel() on ptolemy.moml.MoMLSimpleApplication@78ed7907
reloadAllAccessors: .SubscriptionAggregatorMultiply

===========================================================================================
----------------- testing Sat Oct 19 06:03:33 UTC 2019 /home/travis/build/icyphy/ptII/ptolemy/actor/lib/test/auto/SubscriptionAggregatorPortMultiply1.xml
----------------- Instantiating /home/travis/build/icyphy/ptII/ptolemy/actor/lib/test/auto/SubscriptionAggregatorPortMultiply1.xml
4 ms. Memory: 583680K Free: 312861K (54%)
----------------- Invoking toplevel() on ptolemy.moml.MoMLSimpleApplication@7067fa71
----------------- Done invoking toplevel() on ptolemy.moml.MoMLSimpleApplication@7067fa71
reloadAllAccessors: .SubscriptionAggregatorPortMultiply1

===========================================================================================
----------------- testing Sat Oct 19 06:03:33 UTC 2019 /home/travis/build/icyphy/ptII/ptolemy/actor/lib/test/auto/Switch.xml
----------------- Instantiating /home/travis/build/icyphy/ptII/ptolemy/actor/lib/test/auto/Switch.xml
9 ms. Memory: 583680K Free: 304155K (52%)
----------------- Invoking toplevel() on ptolemy.moml.MoMLSimpleApplication@7b9dc3e2
----------------- Done invoking toplevel() on ptolemy.moml.MoMLSimpleApplication@7b9dc3e2
reloadAllAccessors: .Switch

===========================================================================================
----------------- testing Sat Oct 19 06:03:33 UTC 2019 /home/travis/build/icyphy/ptII/ptolemy/actor/lib/test/auto/Switch2.xml
----------------- Instantiating /home/travis/build/icyphy/ptII/ptolemy/actor/lib/test/auto/Switch2.xml
1 ms. Memory: 583680K Free: 299549K (51%)
----------------- Invoking toplevel() on ptolemy.moml.MoMLSimpleApplication@65fff550
----------------- Done invoking toplevel() on ptolemy.moml.MoMLSimpleApplication@65fff550
reloadAllAccessors: .Switch2

===========================================================================================
----------------- testing Sat Oct 19 06:03:33 UTC 2019 /home/travis/build/icyphy/ptII/ptolemy/actor/lib/test/auto/SwitchDE.xml
----------------- Instantiating /home/travis/build/icyphy/ptII/ptolemy/actor/lib/test/auto/SwitchDE.xml
4 ms. Memory: 583680K Free: 293405K (50%)
----------------- Invoking toplevel() on ptolemy.moml.MoMLSimpleApplication@45cc5545
----------------- Done invoking toplevel() on ptolemy.moml.MoMLSimpleApplication@45cc5545
reloadAllAccessors: .SwitchDE

===========================================================================================
----------------- testing Sat Oct 19 06:03:33 UTC 2019 /home/travis/build/icyphy/ptII/ptolemy/actor/lib/test/auto/SynchronizerDE.xml
----------------- Instantiating /home/travis/build/icyphy/ptII/ptolemy/actor/lib/test/auto/SynchronizerDE.xml
8 ms. Memory: 583680K Free: 285213K (49%)
----------------- Invoking toplevel() on ptolemy.moml.MoMLSimpleApplication@3abfca19
----------------- Done invoking toplevel() on ptolemy.moml.MoMLSimpleApplication@3abfca19
reloadAllAccessors: .SynchronizerDE

===========================================================================================
----------------- testing Sat Oct 19 06:03:33 UTC 2019 /home/travis/build/icyphy/ptII/ptolemy/actor/lib/test/auto/Test.xml
----------------- Instantiating /home/travis/build/icyphy/ptII/ptolemy/actor/lib/test/auto/Test.xml
1 ms. Memory: 583680K Free: 280093K (48%)
----------------- Invoking toplevel() on ptolemy.moml.MoMLSimpleApplication@5bb3ecf9
----------------- Done invoking toplevel() on ptolemy.moml.MoMLSimpleApplication@5bb3ecf9
reloadAllAccessors: .Test

===========================================================================================
----------------- testing Sat Oct 19 06:03:33 UTC 2019 /home/travis/build/icyphy/ptII/ptolemy/actor/lib/test/auto/TestExceptionAttribute1.xml
----------------- Instantiating /home/travis/build/icyphy/ptII/ptolemy/actor/lib/test/auto/TestExceptionAttribute1.xml
2 ms. Memory: 583680K Free: 275997K (47%)
----------------- Invoking toplevel() on ptolemy.moml.MoMLSimpleApplication@df380db
----------------- Done invoking toplevel() on ptolemy.moml.MoMLSimpleApplication@df380db
reloadAllAccessors: .TestExceptionAttribute1

===========================================================================================
----------------- testing Sat Oct 19 06:03:33 UTC 2019 /home/travis/build/icyphy/ptII/ptolemy/actor/lib/test/auto/TestExceptionAttribute2.xml
----------------- Instantiating /home/travis/build/icyphy/ptII/ptolemy/actor/lib/test/auto/TestExceptionAttribute2.xml
1 ms. Memory: 583680K Free: 272411K (47%)
----------------- Invoking toplevel() on ptolemy.moml.MoMLSimpleApplication@f3decc6
----------------- Done invoking toplevel() on ptolemy.moml.MoMLSimpleApplication@f3decc6
reloadAllAccessors: .TestExceptionAttribute2

===========================================================================================
----------------- testing Sat Oct 19 06:03:33 UTC 2019 /home/travis/build/icyphy/ptII/ptolemy/actor/lib/test/auto/TestExceptionAttribute3.xml
----------------- Instantiating /home/travis/build/icyphy/ptII/ptolemy/actor/lib/test/auto/TestExceptionAttribute3.xml
.TestExceptionAttribute3.TestExceptionAttribute: initialize() was not invoked, but wrapup() was.  This is unusual, but not always a problem.  For example, exporting JNLP will do this.
1 ms. Memory: 583680K Free: 268829K (46%)
----------------- Invoking toplevel() on ptolemy.moml.MoMLSimpleApplication@a630b04
----------------- Done invoking toplevel() on ptolemy.moml.MoMLSimpleApplication@a630b04
reloadAllAccessors: .TestExceptionAttribute3

===========================================================================================
----------------- testing Sat Oct 19 06:03:33 UTC 2019 /home/travis/build/icyphy/ptII/ptolemy/actor/lib/test/auto/TestExceptionAttribute4.xml
----------------- Instantiating /home/travis/build/icyphy/ptII/ptolemy/actor/lib/test/auto/TestExceptionAttribute4.xml
.TestExceptionAttribute4.TestExceptionAttribute: initialize() was not invoked, but wrapup() was.  This is unusual, but not always a problem.  For example, exporting JNLP will do this.
.TestExceptionAttribute4.TestExceptionAttribute2: initialize() was not invoked, but wrapup() was.  This is unusual, but not always a problem.  For example, exporting JNLP will do this.
1 ms. Memory: 583680K Free: 264733K (45%)
----------------- Invoking toplevel() on ptolemy.moml.MoMLSimpleApplication@29fbf363
----------------- Done invoking toplevel() on ptolemy.moml.MoMLSimpleApplication@29fbf363
reloadAllAccessors: .TestExceptionAttribute4

===========================================================================================
----------------- testing Sat Oct 19 06:03:33 UTC 2019 /home/travis/build/icyphy/ptII/ptolemy/actor/lib/test/auto/TestExceptionHandler1.xml
----------------- Instantiating /home/travis/build/icyphy/ptII/ptolemy/actor/lib/test/auto/TestExceptionHandler1.xml
1 ms. Memory: 583680K Free: 260637K (45%)
----------------- Invoking toplevel() on ptolemy.moml.MoMLSimpleApplication@43b590b3
----------------- Done invoking toplevel() on ptolemy.moml.MoMLSimpleApplication@43b590b3
reloadAllAccessors: .TestExceptionHandler1

===========================================================================================
----------------- testing Sat Oct 19 06:03:33 UTC 2019 /home/travis/build/icyphy/ptII/ptolemy/actor/lib/test/auto/TestExceptionHandler2.xml
----------------- Instantiating /home/travis/build/icyphy/ptII/ptolemy/actor/lib/test/auto/TestExceptionHandler2.xml
2 ms. Memory: 583680K Free: 257051K (44%)
----------------- Invoking toplevel() on ptolemy.moml.MoMLSimpleApplication@2aaf691c
----------------- Done invoking toplevel() on ptolemy.moml.MoMLSimpleApplication@2aaf691c
reloadAllAccessors: .TestExceptionHandler2

===========================================================================================
----------------- testing Sat Oct 19 06:03:33 UTC 2019 /home/travis/build/icyphy/ptII/ptolemy/actor/lib/test/auto/TestExceptionHandler3.xml
----------------- Instantiating /home/travis/build/icyphy/ptII/ptolemy/actor/lib/test/auto/TestExceptionHandler3.xml
1 ms. Memory: 583680K Free: 253469K (43%)
----------------- Invoking toplevel() on ptolemy.moml.MoMLSimpleApplication@4332d2af
----------------- Done invoking toplevel() on ptolemy.moml.MoMLSimpleApplication@4332d2af
reloadAllAccessors: .TestExceptionHandler3

===========================================================================================
----------------- testing Sat Oct 19 06:03:33 UTC 2019 /home/travis/build/icyphy/ptII/ptolemy/actor/lib/test/auto/TestExceptionHandler4.xml
----------------- Instantiating /home/travis/build/icyphy/ptII/ptolemy/actor/lib/test/auto/TestExceptionHandler4.xml
1 ms. Memory: 583680K Free: 249373K (43%)
----------------- Invoking toplevel() on ptolemy.moml.MoMLSimpleApplication@750969e2
----------------- Done invoking toplevel() on ptolemy.moml.MoMLSimpleApplication@750969e2
reloadAllAccessors: .TestExceptionHandler4

===========================================================================================
----------------- testing Sat Oct 19 06:03:33 UTC 2019 /home/travis/build/icyphy/ptII/ptolemy/actor/lib/test/auto/TestRequireCorrectOrder.xml
----------------- Instantiating /home/travis/build/icyphy/ptII/ptolemy/actor/lib/test/auto/TestRequireCorrectOrder.xml
6 ms. Memory: 583680K Free: 243709K (42%)
----------------- Invoking toplevel() on ptolemy.moml.MoMLSimpleApplication@28d71438
----------------- Done invoking toplevel() on ptolemy.moml.MoMLSimpleApplication@28d71438
reloadAllAccessors: .TestRequireCorrectOrder

===========================================================================================
----------------- testing Sat Oct 19 06:03:33 UTC 2019 /home/travis/build/icyphy/ptII/ptolemy/actor/lib/test/auto/TestSimple.xml
----------------- Instantiating /home/travis/build/icyphy/ptII/ptolemy/actor/lib/test/auto/TestSimple.xml
1 ms. Memory: 583680K Free: 239133K (41%)
----------------- Invoking toplevel() on ptolemy.moml.MoMLSimpleApplication@7afb0faa
----------------- Done invoking toplevel() on ptolemy.moml.MoMLSimpleApplication@7afb0faa
reloadAllAccessors: .TestSimple

===========================================================================================
----------------- testing Sat Oct 19 06:03:33 UTC 2019 /home/travis/build/icyphy/ptII/ptolemy/actor/lib/test/auto/ThrowModelError.xml
----------------- Instantiating /home/travis/build/icyphy/ptII/ptolemy/actor/lib/test/auto/ThrowModelError.xml
1 ms. Memory: 583680K Free: 234523K (40%)
----------------- Invoking toplevel() on ptolemy.moml.MoMLSimpleApplication@724470ed
----------------- Done invoking toplevel() on ptolemy.moml.MoMLSimpleApplication@724470ed
reloadAllAccessors: .ThrowModelError

===========================================================================================
----------------- testing Sat Oct 19 06:03:33 UTC 2019 /home/travis/build/icyphy/ptII/ptolemy/actor/lib/test/auto/TimeDelayMicrosteps.xml
----------------- Instantiating /home/travis/build/icyphy/ptII/ptolemy/actor/lib/test/auto/TimeDelayMicrosteps.xml
3 ms. Memory: 583680K Free: 227869K (39%)
----------------- Invoking toplevel() on ptolemy.moml.MoMLSimpleApplication@3b05fc45
----------------- Done invoking toplevel() on ptolemy.moml.MoMLSimpleApplication@3b05fc45
reloadAllAccessors: .TimeDelayMicrosteps

===========================================================================================
----------------- testing Sat Oct 19 06:03:33 UTC 2019 /home/travis/build/icyphy/ptII/ptolemy/actor/lib/test/auto/TimeDelayMicrosteps2.xml
----------------- Instantiating /home/travis/build/icyphy/ptII/ptolemy/actor/lib/test/auto/TimeDelayMicrosteps2.xml
4 ms. Memory: 583680K Free: 220157K (38%)
----------------- Invoking toplevel() on ptolemy.moml.MoMLSimpleApplication@50a586c8
----------------- Done invoking toplevel() on ptolemy.moml.MoMLSimpleApplication@50a586c8
reloadAllAccessors: .TimeDelayMicrosteps2

===========================================================================================
----------------- testing Sat Oct 19 06:03:33 UTC 2019 /home/travis/build/icyphy/ptII/ptolemy/actor/lib/test/auto/TimeDelayMicrosteps3.xml
----------------- Instantiating /home/travis/build/icyphy/ptII/ptolemy/actor/lib/test/auto/TimeDelayMicrosteps3.xml
3 ms. Memory: 583680K Free: 213533K (37%)
----------------- Invoking toplevel() on ptolemy.moml.MoMLSimpleApplication@365ee026
----------------- Done invoking toplevel() on ptolemy.moml.MoMLSimpleApplication@365ee026
reloadAllAccessors: .TimeDelayMicrosteps3

===========================================================================================
----------------- testing Sat Oct 19 06:03:33 UTC 2019 /home/travis/build/icyphy/ptII/ptolemy/actor/lib/test/auto/TimeDelayVariableMicrosteps.xml
----------------- Instantiating /home/travis/build/icyphy/ptII/ptolemy/actor/lib/test/auto/TimeDelayVariableMicrosteps.xml
3 ms. Memory: 583680K Free: 207389K (36%)
----------------- Invoking toplevel() on ptolemy.moml.MoMLSimpleApplication@3a0fdcd7
----------------- Done invoking toplevel() on ptolemy.moml.MoMLSimpleApplication@3a0fdcd7
reloadAllAccessors: .TimeDelayVariableMicrosteps

===========================================================================================
----------------- testing Sat Oct 19 06:03:33 UTC 2019 /home/travis/build/icyphy/ptII/ptolemy/actor/lib/test/auto/TimeGap.xml
----------------- Instantiating /home/travis/build/icyphy/ptII/ptolemy/actor/lib/test/auto/TimeGap.xml
3 ms. Memory: 583680K Free: 200717K (34%)
----------------- Invoking toplevel() on ptolemy.moml.MoMLSimpleApplication@53ac6f1d
----------------- Done invoking toplevel() on ptolemy.moml.MoMLSimpleApplication@53ac6f1d
reloadAllAccessors: .TimeGap

===========================================================================================
----------------- testing Sat Oct 19 06:03:33 UTC 2019 /home/travis/build/icyphy/ptII/ptolemy/actor/lib/test/auto/TimeGap2.xml
----------------- Instantiating /home/travis/build/icyphy/ptII/ptolemy/actor/lib/test/auto/TimeGap2.xml
2 ms. Memory: 583680K Free: 195101K (33%)
----------------- Invoking toplevel() on ptolemy.moml.MoMLSimpleApplication@51d793da
----------------- Done invoking toplevel() on ptolemy.moml.MoMLSimpleApplication@51d793da
reloadAllAccessors: .TimeGap2

===========================================================================================
----------------- testing Sat Oct 19 06:03:33 UTC 2019 /home/travis/build/icyphy/ptII/ptolemy/actor/lib/test/auto/TimedSinewave.xml
----------------- Instantiating /home/travis/build/icyphy/ptII/ptolemy/actor/lib/test/auto/TimedSinewave.xml
30 ms. Memory: 583680K Free: 523805K (90%)
----------------- Invoking toplevel() on ptolemy.moml.MoMLSimpleApplication@71c1b54e
----------------- Done invoking toplevel() on ptolemy.moml.MoMLSimpleApplication@71c1b54e
reloadAllAccessors: .TimedSinewave

===========================================================================================
----------------- testing Sat Oct 19 06:03:33 UTC 2019 /home/travis/build/icyphy/ptII/ptolemy/actor/lib/test/auto/TimedSinewavePhase.xml
----------------- Instantiating /home/travis/build/icyphy/ptII/ptolemy/actor/lib/test/auto/TimedSinewavePhase.xml
9 ms. Memory: 583680K Free: 513565K (88%)
----------------- Invoking toplevel() on ptolemy.moml.MoMLSimpleApplication@6a78169c
----------------- Done invoking toplevel() on ptolemy.moml.MoMLSimpleApplication@6a78169c
reloadAllAccessors: .TimedSinewavePhase

===========================================================================================
----------------- testing Sat Oct 19 06:03:33 UTC 2019 /home/travis/build/icyphy/ptII/ptolemy/actor/lib/test/auto/Timer.xml
----------------- Instantiating /home/travis/build/icyphy/ptII/ptolemy/actor/lib/test/auto/Timer.xml
2 ms. Memory: 583680K Free: 507931K (87%)
----------------- Invoking toplevel() on ptolemy.moml.MoMLSimpleApplication@3a91fc88
----------------- Done invoking toplevel() on ptolemy.moml.MoMLSimpleApplication@3a91fc88
reloadAllAccessors: .Timer

===========================================================================================
----------------- testing Sat Oct 19 06:03:33 UTC 2019 /home/travis/build/icyphy/ptII/ptolemy/actor/lib/test/auto/TriangularDistTestModel.xml
----------------- Instantiating /home/travis/build/icyphy/ptII/ptolemy/actor/lib/test/auto/TriangularDistTestModel.xml
2 ms. Memory: 583680K Free: 502301K (86%)
----------------- Invoking toplevel() on ptolemy.moml.MoMLSimpleApplication@139ce135
----------------- Done invoking toplevel() on ptolemy.moml.MoMLSimpleApplication@139ce135
reloadAllAccessors: .TriangularDistTestModel

===========================================================================================
----------------- testing Sat Oct 19 06:03:33 UTC 2019 /home/travis/build/icyphy/ptII/ptolemy/actor/lib/test/auto/TrigFunction.xml
----------------- Instantiating /home/travis/build/icyphy/ptII/ptolemy/actor/lib/test/auto/TrigFunction.xml
1 ms. Memory: 583680K Free: 496667K (85%)
----------------- Invoking toplevel() on ptolemy.moml.MoMLSimpleApplication@c6a02ad
----------------- Done invoking toplevel() on ptolemy.moml.MoMLSimpleApplication@c6a02ad
reloadAllAccessors: .TrigFunction

===========================================================================================
----------------- testing Sat Oct 19 06:03:33 UTC 2019 /home/travis/build/icyphy/ptII/ptolemy/actor/lib/test/auto/TrigFunctionDE.xml
----------------- Instantiating /home/travis/build/icyphy/ptII/ptolemy/actor/lib/test/auto/TrigFunctionDE.xml
2 ms. Memory: 583680K Free: 491037K (84%)
----------------- Invoking toplevel() on ptolemy.moml.MoMLSimpleApplication@57d4e089
----------------- Done invoking toplevel() on ptolemy.moml.MoMLSimpleApplication@57d4e089
reloadAllAccessors: .TrigFunctionDE

===========================================================================================
----------------- testing Sat Oct 19 06:03:33 UTC 2019 /home/travis/build/icyphy/ptII/ptolemy/actor/lib/test/auto/TrigFunctionInverse.xml
----------------- Instantiating /home/travis/build/icyphy/ptII/ptolemy/actor/lib/test/auto/TrigFunctionInverse.xml
5 ms. Memory: 583680K Free: 485917K (83%)
----------------- Invoking toplevel() on ptolemy.moml.MoMLSimpleApplication@7110671c
----------------- Done invoking toplevel() on ptolemy.moml.MoMLSimpleApplication@7110671c
reloadAllAccessors: .TrigFunctionInverse

===========================================================================================
----------------- testing Sat Oct 19 06:03:33 UTC 2019 /home/travis/build/icyphy/ptII/ptolemy/actor/lib/test/auto/TrigFunctionTan.xml
----------------- Instantiating /home/travis/build/icyphy/ptII/ptolemy/actor/lib/test/auto/TrigFunctionTan.xml
2 ms. Memory: 583680K Free: 481307K (82%)
----------------- Invoking toplevel() on ptolemy.moml.MoMLSimpleApplication@4a44daa9
----------------- Done invoking toplevel() on ptolemy.moml.MoMLSimpleApplication@4a44daa9
reloadAllAccessors: .TrigFunctionTan

===========================================================================================
----------------- testing Sat Oct 19 06:03:33 UTC 2019 /home/travis/build/icyphy/ptII/ptolemy/actor/lib/test/auto/TriggeredClock.xml
----------------- Instantiating /home/travis/build/icyphy/ptII/ptolemy/actor/lib/test/auto/TriggeredClock.xml
2 ms. Memory: 583680K Free: 476181K (82%)
----------------- Invoking toplevel() on ptolemy.moml.MoMLSimpleApplication@62557db1
----------------- Done invoking toplevel() on ptolemy.moml.MoMLSimpleApplication@62557db1
reloadAllAccessors: .TriggeredClock

===========================================================================================
----------------- testing Sat Oct 19 06:03:33 UTC 2019 /home/travis/build/icyphy/ptII/ptolemy/actor/lib/test/auto/URLDirectoryReader.xml
----------------- Instantiating /home/travis/build/icyphy/ptII/ptolemy/actor/lib/test/auto/URLDirectoryReader.xml
40 ms. Memory: 583680K Free: 466461K (80%)
----------------- Invoking toplevel() on ptolemy.moml.MoMLSimpleApplication@327f4fdf
----------------- Done invoking toplevel() on ptolemy.moml.MoMLSimpleApplication@327f4fdf
reloadAllAccessors: .URLDirectoryReader

===========================================================================================
----------------- testing Sat Oct 19 06:03:33 UTC 2019 /home/travis/build/icyphy/ptII/ptolemy/actor/lib/test/auto/URLDirectoryReader3.xml
----------------- Instantiating /home/travis/build/icyphy/ptII/ptolemy/actor/lib/test/auto/URLDirectoryReader3.xml
1184 ms. Memory: 583680K Free: 523290K (90%)
----------------- Invoking toplevel() on ptolemy.moml.MoMLSimpleApplication@49eef1fd
----------------- Done invoking toplevel() on ptolemy.moml.MoMLSimpleApplication@49eef1fd
reloadAllAccessors: .URLDirectoryReader3

===========================================================================================
----------------- testing Sat Oct 19 06:03:35 UTC 2019 /home/travis/build/icyphy/ptII/ptolemy/actor/lib/test/auto/UnaryMathFunction.xml
----------------- Instantiating /home/travis/build/icyphy/ptII/ptolemy/actor/lib/test/auto/UnaryMathFunction.xml
3 ms. Memory: 583680K Free: 515099K (88%)
----------------- Invoking toplevel() on ptolemy.moml.MoMLSimpleApplication@7d02fc09
----------------- Done invoking toplevel() on ptolemy.moml.MoMLSimpleApplication@7d02fc09
reloadAllAccessors: .UnaryMathFunction

===========================================================================================
----------------- testing Sat Oct 19 06:03:35 UTC 2019 /home/travis/build/icyphy/ptII/ptolemy/actor/lib/test/auto/Uniform.xml
----------------- Instantiating /home/travis/build/icyphy/ptII/ptolemy/actor/lib/test/auto/Uniform.xml
2 ms. Memory: 583680K Free: 510493K (87%)
----------------- Invoking toplevel() on ptolemy.moml.MoMLSimpleApplication@52dc3098
----------------- Done invoking toplevel() on ptolemy.moml.MoMLSimpleApplication@52dc3098
reloadAllAccessors: .Uniform

===========================================================================================
----------------- testing Sat Oct 19 06:03:35 UTC 2019 /home/travis/build/icyphy/ptII/ptolemy/actor/lib/test/auto/UnionDisassemblerTest.xml
----------------- Instantiating /home/travis/build/icyphy/ptII/ptolemy/actor/lib/test/auto/UnionDisassemblerTest.xml
19 ms. Memory: 583680K Free: 506397K (87%)
----------------- Invoking toplevel() on ptolemy.moml.MoMLSimpleApplication@4704c978
----------------- Done invoking toplevel() on ptolemy.moml.MoMLSimpleApplication@4704c978
reloadAllAccessors: .UnionDisassemblerTest

===========================================================================================
----------------- testing Sat Oct 19 06:03:35 UTC 2019 /home/travis/build/icyphy/ptII/ptolemy/actor/lib/test/auto/UtilityFunctions.xml
----------------- Instantiating /home/travis/build/icyphy/ptII/ptolemy/actor/lib/test/auto/UtilityFunctions.xml
1 ms. Memory: 583680K Free: 502301K (86%)
----------------- Invoking toplevel() on ptolemy.moml.MoMLSimpleApplication@26bc7b2c
----------------- Done invoking toplevel() on ptolemy.moml.MoMLSimpleApplication@26bc7b2c
reloadAllAccessors: .UtilityFunctions

===========================================================================================
----------------- testing Sat Oct 19 06:03:35 UTC 2019 /home/travis/build/icyphy/ptII/ptolemy/actor/lib/test/auto/VariableSleep.xml
----------------- Instantiating /home/travis/build/icyphy/ptII/ptolemy/actor/lib/test/auto/VariableSleep.xml
503 ms. Memory: 583680K Free: 497181K (85%)
----------------- Invoking toplevel() on ptolemy.moml.MoMLSimpleApplication@5dda8289
----------------- Done invoking toplevel() on ptolemy.moml.MoMLSimpleApplication@5dda8289
reloadAllAccessors: .VariableSleep

===========================================================================================
----------------- testing Sat Oct 19 06:03:35 UTC 2019 /home/travis/build/icyphy/ptII/ptolemy/actor/lib/test/auto/VectorAssemblerDisassemblerCT.xml
----------------- Instantiating /home/travis/build/icyphy/ptII/ptolemy/actor/lib/test/auto/VectorAssemblerDisassemblerCT.xml
82 ms. Memory: 583680K Free: 477211K (82%)
----------------- Invoking toplevel() on ptolemy.moml.MoMLSimpleApplication@330e79
----------------- Done invoking toplevel() on ptolemy.moml.MoMLSimpleApplication@330e79
reloadAllAccessors: .VectorAssemblerDisassemblerCT

===========================================================================================
----------------- testing Sat Oct 19 06:03:35 UTC 2019 /home/travis/build/icyphy/ptII/ptolemy/actor/lib/test/auto/VectorAssemblerDisassemblerDE.xml
----------------- Instantiating /home/travis/build/icyphy/ptII/ptolemy/actor/lib/test/auto/VectorAssemblerDisassemblerDE.xml
3 ms. Memory: 583680K Free: 469533K (80%)
----------------- Invoking toplevel() on ptolemy.moml.MoMLSimpleApplication@23c1199f
----------------- Done invoking toplevel() on ptolemy.moml.MoMLSimpleApplication@23c1199f
reloadAllAccessors: .VectorAssemblerDisassemblerDE

===========================================================================================
----------------- testing Sat Oct 19 06:03:35 UTC 2019 /home/travis/build/icyphy/ptII/ptolemy/actor/lib/test/auto/VectorAssemblerDisassemblerSDF.xml
----------------- Instantiating /home/travis/build/icyphy/ptII/ptolemy/actor/lib/test/auto/VectorAssemblerDisassemblerSDF.xml
2 ms. Memory: 583680K Free: 462875K (79%)
----------------- Invoking toplevel() on ptolemy.moml.MoMLSimpleApplication@48d7f9bc
----------------- Done invoking toplevel() on ptolemy.moml.MoMLSimpleApplication@48d7f9bc
reloadAllAccessors: .VectorAssemblerDisassemblerSDF

===========================================================================================
----------------- testing Sat Oct 19 06:03:35 UTC 2019 /home/travis/build/icyphy/ptII/ptolemy/actor/lib/test/auto/WallClockTime.xml
----------------- Instantiating /home/travis/build/icyphy/ptII/ptolemy/actor/lib/test/auto/WallClockTime.xml
1006 ms. Memory: 583680K Free: 457755K (78%)
----------------- Invoking toplevel() on ptolemy.moml.MoMLSimpleApplication@653f5670
----------------- Done invoking toplevel() on ptolemy.moml.MoMLSimpleApplication@653f5670
reloadAllAccessors: .WallClockTime

===========================================================================================
----------------- testing Sat Oct 19 06:03:37 UTC 2019 /home/travis/build/icyphy/ptII/ptolemy/actor/lib/test/auto/WidthTestWithSubscriberPublisher.xml
----------------- Instantiating /home/travis/build/icyphy/ptII/ptolemy/actor/lib/test/auto/WidthTestWithSubscriberPublisher.xml
7 ms. Memory: 583680K Free: 439323K (75%)
----------------- Invoking toplevel() on ptolemy.moml.MoMLSimpleApplication@a607ebd
----------------- Done invoking toplevel() on ptolemy.moml.MoMLSimpleApplication@a607ebd
reloadAllAccessors: .WidthTestWithSubscriberPublisher

===========================================================================================
----------------- testing Sat Oct 19 06:03:37 UTC 2019 /home/travis/build/icyphy/ptII/ptolemy/actor/lib/test/auto/WidthTestWithSubscriberPublisher2.xml
----------------- Instantiating /home/travis/build/icyphy/ptII/ptolemy/actor/lib/test/auto/WidthTestWithSubscriberPublisher2.xml
2 ms. Memory: 583680K Free: 433179K (74%)
----------------- Invoking toplevel() on ptolemy.moml.MoMLSimpleApplication@614a17d6
----------------- Done invoking toplevel() on ptolemy.moml.MoMLSimpleApplication@614a17d6
reloadAllAccessors: .WidthTestWithSubscriberPublisher2

===========================================================================================
----------------- testing Sat Oct 19 06:03:37 UTC 2019 /home/travis/build/icyphy/ptII/ptolemy/actor/lib/test/auto/WidthTestWithSubscriberPublisher3.xml
----------------- Instantiating /home/travis/build/icyphy/ptII/ptolemy/actor/lib/test/auto/WidthTestWithSubscriberPublisher3.xml
2 ms. Memory: 583680K Free: 427549K (73%)
----------------- Invoking toplevel() on ptolemy.moml.MoMLSimpleApplication@45726c2f
----------------- Done invoking toplevel() on ptolemy.moml.MoMLSimpleApplication@45726c2f
reloadAllAccessors: .WidthTestWithSubscriberPublisher3

===========================================================================================
----------------- testing Sat Oct 19 06:03:37 UTC 2019 /home/travis/build/icyphy/ptII/ptolemy/actor/lib/test/auto/Writer.xml
----------------- Instantiating /home/travis/build/icyphy/ptII/ptolemy/actor/lib/test/auto/Writer.xml
0
1
2
3
4
1 ms. Memory: 583680K Free: 422909K (72%)
----------------- Invoking toplevel() on ptolemy.moml.MoMLSimpleApplication@6f673d45
----------------- Done invoking toplevel() on ptolemy.moml.MoMLSimpleApplication@6f673d45
reloadAllAccessors: .Writer

===========================================================================================
----------------- testing Sat Oct 19 06:03:37 UTC 2019 /home/travis/build/icyphy/ptII/ptolemy/actor/lib/test/auto/array.xml
----------------- Instantiating /home/travis/build/icyphy/ptII/ptolemy/actor/lib/test/auto/array.xml
15 ms. Memory: 583680K Free: 418333K (72%)
----------------- Invoking toplevel() on ptolemy.moml.MoMLSimpleApplication@2d130ced
----------------- Done invoking toplevel() on ptolemy.moml.MoMLSimpleApplication@2d130ced
reloadAllAccessors: .array

===========================================================================================
----------------- testing Sat Oct 19 06:03:37 UTC 2019 /home/travis/build/icyphy/ptII/ptolemy/actor/lib/test/auto/array2.xml
----------------- Instantiating /home/travis/build/icyphy/ptII/ptolemy/actor/lib/test/auto/array2.xml
5 ms. Memory: 583680K Free: 413723K (71%)
----------------- Invoking toplevel() on ptolemy.moml.MoMLSimpleApplication@6cc15f6c
----------------- Done invoking toplevel() on ptolemy.moml.MoMLSimpleApplication@6cc15f6c
reloadAllAccessors: .array2

===========================================================================================
----------------- testing Sat Oct 19 06:03:37 UTC 2019 /home/travis/build/icyphy/ptII/ptolemy/actor/lib/test/auto/arrayType.xml
----------------- Instantiating /home/travis/build/icyphy/ptII/ptolemy/actor/lib/test/auto/arrayType.xml
1 ms. Memory: 583680K Free: 408093K (70%)
----------------- Invoking toplevel() on ptolemy.moml.MoMLSimpleApplication@771d7f39
----------------- Done invoking toplevel() on ptolemy.moml.MoMLSimpleApplication@771d7f39
reloadAllAccessors: .arrayType

===========================================================================================
----------------- testing Sat Oct 19 06:03:37 UTC 2019 /home/travis/build/icyphy/ptII/ptolemy/actor/lib/test/auto/arrayType10.xml
----------------- Instantiating /home/travis/build/icyphy/ptII/ptolemy/actor/lib/test/auto/arrayType10.xml
2 ms. Memory: 583680K Free: 403483K (69%)
----------------- Invoking toplevel() on ptolemy.moml.MoMLSimpleApplication@13a83af6
----------------- Done invoking toplevel() on ptolemy.moml.MoMLSimpleApplication@13a83af6
reloadAllAccessors: .arrayType10

===========================================================================================
----------------- testing Sat Oct 19 06:03:37 UTC 2019 /home/travis/build/icyphy/ptII/ptolemy/actor/lib/test/auto/arrayType11.xml
----------------- Instantiating /home/travis/build/icyphy/ptII/ptolemy/actor/lib/test/auto/arrayType11.xml
2 ms. Memory: 583680K Free: 398363K (68%)
----------------- Invoking toplevel() on ptolemy.moml.MoMLSimpleApplication@88266da
----------------- Done invoking toplevel() on ptolemy.moml.MoMLSimpleApplication@88266da
reloadAllAccessors: .arrayType11

===========================================================================================
----------------- testing Sat Oct 19 06:03:37 UTC 2019 /home/travis/build/icyphy/ptII/ptolemy/actor/lib/test/auto/arrayType12.xml
----------------- Instantiating /home/travis/build/icyphy/ptII/ptolemy/actor/lib/test/auto/arrayType12.xml
1 ms. Memory: 583680K Free: 393757K (67%)
----------------- Invoking toplevel() on ptolemy.moml.MoMLSimpleApplication@34c7abc1
----------------- Done invoking toplevel() on ptolemy.moml.MoMLSimpleApplication@34c7abc1
reloadAllAccessors: .arrayType12

===========================================================================================
----------------- testing Sat Oct 19 06:03:37 UTC 2019 /home/travis/build/icyphy/ptII/ptolemy/actor/lib/test/auto/arrayType13.xml
----------------- Instantiating /home/travis/build/icyphy/ptII/ptolemy/actor/lib/test/auto/arrayType13.xml
1 ms. Memory: 583680K Free: 388637K (67%)
----------------- Invoking toplevel() on ptolemy.moml.MoMLSimpleApplication@6996b160
----------------- Done invoking toplevel() on ptolemy.moml.MoMLSimpleApplication@6996b160
reloadAllAccessors: .arrayType13

===========================================================================================
----------------- testing Sat Oct 19 06:03:37 UTC 2019 /home/travis/build/icyphy/ptII/ptolemy/actor/lib/test/auto/arrayType14.xml
----------------- Instantiating /home/travis/build/icyphy/ptII/ptolemy/actor/lib/test/auto/arrayType14.xml
2 ms. Memory: 583680K Free: 383003K (66%)
----------------- Invoking toplevel() on ptolemy.moml.MoMLSimpleApplication@3cd79c2
----------------- Done invoking toplevel() on ptolemy.moml.MoMLSimpleApplication@3cd79c2
reloadAllAccessors: .arrayType14

===========================================================================================
----------------- testing Sat Oct 19 06:03:37 UTC 2019 /home/travis/build/icyphy/ptII/ptolemy/actor/lib/test/auto/arrayType15.xml
----------------- Instantiating /home/travis/build/icyphy/ptII/ptolemy/actor/lib/test/auto/arrayType15.xml
4 ms. Memory: 583680K Free: 377883K (65%)
----------------- Invoking toplevel() on ptolemy.moml.MoMLSimpleApplication@48338182
----------------- Done invoking toplevel() on ptolemy.moml.MoMLSimpleApplication@48338182
reloadAllAccessors: .arrayType15

===========================================================================================
----------------- testing Sat Oct 19 06:03:37 UTC 2019 /home/travis/build/icyphy/ptII/ptolemy/actor/lib/test/auto/arrayType16.xml
----------------- Instantiating /home/travis/build/icyphy/ptII/ptolemy/actor/lib/test/auto/arrayType16.xml
8 ms. Memory: 583680K Free: 372763K (64%)
----------------- Invoking toplevel() on ptolemy.moml.MoMLSimpleApplication@1c79fc2
----------------- Done invoking toplevel() on ptolemy.moml.MoMLSimpleApplication@1c79fc2
reloadAllAccessors: .arrayType16

===========================================================================================
----------------- testing Sat Oct 19 06:03:37 UTC 2019 /home/travis/build/icyphy/ptII/ptolemy/actor/lib/test/auto/arrayType17.xml
----------------- Instantiating /home/travis/build/icyphy/ptII/ptolemy/actor/lib/test/auto/arrayType17.xml
2 ms. Memory: 583680K Free: 367133K (63%)
----------------- Invoking toplevel() on ptolemy.moml.MoMLSimpleApplication@476436e6
----------------- Done invoking toplevel() on ptolemy.moml.MoMLSimpleApplication@476436e6
reloadAllAccessors: .arrayType17

===========================================================================================
----------------- testing Sat Oct 19 06:03:37 UTC 2019 /home/travis/build/icyphy/ptII/ptolemy/actor/lib/test/auto/arrayType18.xml
----------------- Instantiating /home/travis/build/icyphy/ptII/ptolemy/actor/lib/test/auto/arrayType18.xml
1 ms. Memory: 583680K Free: 362523K (62%)
----------------- Invoking toplevel() on ptolemy.moml.MoMLSimpleApplication@648576e9
----------------- Done invoking toplevel() on ptolemy.moml.MoMLSimpleApplication@648576e9
reloadAllAccessors: .arrayType18

===========================================================================================
----------------- testing Sat Oct 19 06:03:37 UTC 2019 /home/travis/build/icyphy/ptII/ptolemy/actor/lib/test/auto/arrayType19.xml
----------------- Instantiating /home/travis/build/icyphy/ptII/ptolemy/actor/lib/test/auto/arrayType19.xml
1 ms. Memory: 583680K Free: 357917K (61%)
----------------- Invoking toplevel() on ptolemy.moml.MoMLSimpleApplication@149a0d19
----------------- Done invoking toplevel() on ptolemy.moml.MoMLSimpleApplication@149a0d19
reloadAllAccessors: .arrayType19

===========================================================================================
----------------- testing Sat Oct 19 06:03:37 UTC 2019 /home/travis/build/icyphy/ptII/ptolemy/actor/lib/test/auto/arrayType2.xml
----------------- Instantiating /home/travis/build/icyphy/ptII/ptolemy/actor/lib/test/auto/arrayType2.xml
1 ms. Memory: 583680K Free: 352283K (60%)
----------------- Invoking toplevel() on ptolemy.moml.MoMLSimpleApplication@59990c8e
----------------- Done invoking toplevel() on ptolemy.moml.MoMLSimpleApplication@59990c8e
reloadAllAccessors: .arrayType2

===========================================================================================
----------------- testing Sat Oct 19 06:03:37 UTC 2019 /home/travis/build/icyphy/ptII/ptolemy/actor/lib/test/auto/arrayType20.xml
----------------- Instantiating /home/travis/build/icyphy/ptII/ptolemy/actor/lib/test/auto/arrayType20.xml
2 ms. Memory: 583680K Free: 347677K (60%)
----------------- Invoking toplevel() on ptolemy.moml.MoMLSimpleApplication@3135e285
----------------- Done invoking toplevel() on ptolemy.moml.MoMLSimpleApplication@3135e285
reloadAllAccessors: .arrayType20

===========================================================================================
----------------- testing Sat Oct 19 06:03:37 UTC 2019 /home/travis/build/icyphy/ptII/ptolemy/actor/lib/test/auto/arrayType21.xml
----------------- Instantiating /home/travis/build/icyphy/ptII/ptolemy/actor/lib/test/auto/arrayType21.xml
2 ms. Memory: 583680K Free: 342557K (59%)
----------------- Invoking toplevel() on ptolemy.moml.MoMLSimpleApplication@19fc903e
----------------- Done invoking toplevel() on ptolemy.moml.MoMLSimpleApplication@19fc903e
reloadAllAccessors: .arrayType21

===========================================================================================
----------------- testing Sat Oct 19 06:03:37 UTC 2019 /home/travis/build/icyphy/ptII/ptolemy/actor/lib/test/auto/arrayType22.xml
----------------- Instantiating /home/travis/build/icyphy/ptII/ptolemy/actor/lib/test/auto/arrayType22.xml
2 ms. Memory: 583680K Free: 337947K (58%)
----------------- Invoking toplevel() on ptolemy.moml.MoMLSimpleApplication@29a81320
----------------- Done invoking toplevel() on ptolemy.moml.MoMLSimpleApplication@29a81320
reloadAllAccessors: .arrayType22

===========================================================================================
----------------- testing Sat Oct 19 06:03:37 UTC 2019 /home/travis/build/icyphy/ptII/ptolemy/actor/lib/test/auto/arrayType23.xml
----------------- Instantiating /home/travis/build/icyphy/ptII/ptolemy/actor/lib/test/auto/arrayType23.xml
1 ms. Memory: 583680K Free: 333341K (57%)
----------------- Invoking toplevel() on ptolemy.moml.MoMLSimpleApplication@4db3cbc1
----------------- Done invoking toplevel() on ptolemy.moml.MoMLSimpleApplication@4db3cbc1
reloadAllAccessors: .arrayType23

===========================================================================================
----------------- testing Sat Oct 19 06:03:37 UTC 2019 /home/travis/build/icyphy/ptII/ptolemy/actor/lib/test/auto/arrayType24.xml
----------------- Instantiating /home/travis/build/icyphy/ptII/ptolemy/actor/lib/test/auto/arrayType24.xml
6 ms. Memory: 583680K Free: 328221K (56%)
----------------- Invoking toplevel() on ptolemy.moml.MoMLSimpleApplication@56a6827b
----------------- Done invoking toplevel() on ptolemy.moml.MoMLSimpleApplication@56a6827b
reloadAllAccessors: .arrayType24

===========================================================================================
----------------- testing Sat Oct 19 06:03:37 UTC 2019 /home/travis/build/icyphy/ptII/ptolemy/actor/lib/test/auto/arrayType25.xml
----------------- Instantiating /home/travis/build/icyphy/ptII/ptolemy/actor/lib/test/auto/arrayType25.xml
2 ms. Memory: 583680K Free: 323101K (55%)
----------------- Invoking toplevel() on ptolemy.moml.MoMLSimpleApplication@fe1f8d
----------------- Done invoking toplevel() on ptolemy.moml.MoMLSimpleApplication@fe1f8d
reloadAllAccessors: .arrayType25

===========================================================================================
----------------- testing Sat Oct 19 06:03:37 UTC 2019 /home/travis/build/icyphy/ptII/ptolemy/actor/lib/test/auto/arrayType26.xml
----------------- Instantiating /home/travis/build/icyphy/ptII/ptolemy/actor/lib/test/auto/arrayType26.xml
2 ms. Memory: 583680K Free: 317467K (54%)
----------------- Invoking toplevel() on ptolemy.moml.MoMLSimpleApplication@619042d3
----------------- Done invoking toplevel() on ptolemy.moml.MoMLSimpleApplication@619042d3
reloadAllAccessors: .arrayType26

===========================================================================================
----------------- testing Sat Oct 19 06:03:37 UTC 2019 /home/travis/build/icyphy/ptII/ptolemy/actor/lib/test/auto/arrayType27.xml
----------------- Instantiating /home/travis/build/icyphy/ptII/ptolemy/actor/lib/test/auto/arrayType27.xml
1 ms. Memory: 583680K Free: 312347K (54%)
----------------- Invoking toplevel() on ptolemy.moml.MoMLSimpleApplication@500ec170
----------------- Done invoking toplevel() on ptolemy.moml.MoMLSimpleApplication@500ec170
reloadAllAccessors: .arrayType27

===========================================================================================
----------------- testing Sat Oct 19 06:03:37 UTC 2019 /home/travis/build/icyphy/ptII/ptolemy/actor/lib/test/auto/arrayType28.xml
----------------- Instantiating /home/travis/build/icyphy/ptII/ptolemy/actor/lib/test/auto/arrayType28.xml
3 ms. Memory: 583680K Free: 307227K (53%)
----------------- Invoking toplevel() on ptolemy.moml.MoMLSimpleApplication@7c4cc82e
----------------- Done invoking toplevel() on ptolemy.moml.MoMLSimpleApplication@7c4cc82e
reloadAllAccessors: .arrayType28

===========================================================================================
----------------- testing Sat Oct 19 06:03:37 UTC 2019 /home/travis/build/icyphy/ptII/ptolemy/actor/lib/test/auto/arrayType3.xml
----------------- Instantiating /home/travis/build/icyphy/ptII/ptolemy/actor/lib/test/auto/arrayType3.xml
1 ms. Memory: 583680K Free: 301597K (52%)
----------------- Invoking toplevel() on ptolemy.moml.MoMLSimpleApplication@7f988f80
----------------- Done invoking toplevel() on ptolemy.moml.MoMLSimpleApplication@7f988f80
reloadAllAccessors: .arrayType3

===========================================================================================
----------------- testing Sat Oct 19 06:03:37 UTC 2019 /home/travis/build/icyphy/ptII/ptolemy/actor/lib/test/auto/arrayType4.xml
----------------- Instantiating /home/travis/build/icyphy/ptII/ptolemy/actor/lib/test/auto/arrayType4.xml
2 ms. Memory: 583680K Free: 296477K (51%)
----------------- Invoking toplevel() on ptolemy.moml.MoMLSimpleApplication@78fe5d4a
----------------- Done invoking toplevel() on ptolemy.moml.MoMLSimpleApplication@78fe5d4a
reloadAllAccessors: .arrayType4

===========================================================================================
----------------- testing Sat Oct 19 06:03:37 UTC 2019 /home/travis/build/icyphy/ptII/ptolemy/actor/lib/test/auto/arrayType5.xml
----------------- Instantiating /home/travis/build/icyphy/ptII/ptolemy/actor/lib/test/auto/arrayType5.xml
2 ms. Memory: 583680K Free: 290843K (50%)
----------------- Invoking toplevel() on ptolemy.moml.MoMLSimpleApplication@291cfa42
----------------- Done invoking toplevel() on ptolemy.moml.MoMLSimpleApplication@291cfa42
reloadAllAccessors: .arrayType5

===========================================================================================
----------------- testing Sat Oct 19 06:03:37 UTC 2019 /home/travis/build/icyphy/ptII/ptolemy/actor/lib/test/auto/arrayType6.xml
----------------- Instantiating /home/travis/build/icyphy/ptII/ptolemy/actor/lib/test/auto/arrayType6.xml
2 ms. Memory: 583680K Free: 286237K (49%)
----------------- Invoking toplevel() on ptolemy.moml.MoMLSimpleApplication@5e59f13b
----------------- Done invoking toplevel() on ptolemy.moml.MoMLSimpleApplication@5e59f13b
reloadAllAccessors: .arrayType6

===========================================================================================
----------------- testing Sat Oct 19 06:03:37 UTC 2019 /home/travis/build/icyphy/ptII/ptolemy/actor/lib/test/auto/arrayType7.xml
----------------- Instantiating /home/travis/build/icyphy/ptII/ptolemy/actor/lib/test/auto/arrayType7.xml
1 ms. Memory: 583680K Free: 281627K (48%)
----------------- Invoking toplevel() on ptolemy.moml.MoMLSimpleApplication@22186ffb
----------------- Done invoking toplevel() on ptolemy.moml.MoMLSimpleApplication@22186ffb
reloadAllAccessors: .arrayType7

===========================================================================================
----------------- testing Sat Oct 19 06:03:37 UTC 2019 /home/travis/build/icyphy/ptII/ptolemy/actor/lib/test/auto/arrayType8.xml
----------------- Instantiating /home/travis/build/icyphy/ptII/ptolemy/actor/lib/test/auto/arrayType8.xml
7 ms. Memory: 583680K Free: 275997K (47%)
----------------- Invoking toplevel() on ptolemy.moml.MoMLSimpleApplication@6053cbf9
----------------- Done invoking toplevel() on ptolemy.moml.MoMLSimpleApplication@6053cbf9
reloadAllAccessors: .arrayType8

===========================================================================================
----------------- testing Sat Oct 19 06:03:37 UTC 2019 /home/travis/build/icyphy/ptII/ptolemy/actor/lib/test/auto/arrayType9.xml
----------------- Instantiating /home/travis/build/icyphy/ptII/ptolemy/actor/lib/test/auto/arrayType9.xml
1 ms. Memory: 583680K Free: 271387K (46%)
----------------- Invoking toplevel() on ptolemy.moml.MoMLSimpleApplication@72e78f27
----------------- Done invoking toplevel() on ptolemy.moml.MoMLSimpleApplication@72e78f27
reloadAllAccessors: .arrayType9

===========================================================================================
----------------- testing Sat Oct 19 06:03:37 UTC 2019 /home/travis/build/icyphy/ptII/ptolemy/actor/lib/test/auto/cast.xml
----------------- Instantiating /home/travis/build/icyphy/ptII/ptolemy/actor/lib/test/auto/cast.xml
2 ms. Memory: 583680K Free: 266267K (46%)
----------------- Invoking toplevel() on ptolemy.moml.MoMLSimpleApplication@4a3e2f4a
----------------- Done invoking toplevel() on ptolemy.moml.MoMLSimpleApplication@4a3e2f4a
reloadAllAccessors: .cast

===========================================================================================
----------------- testing Sat Oct 19 06:03:37 UTC 2019 /home/travis/build/icyphy/ptII/ptolemy/actor/lib/test/auto/compositeMultiPort.xml
----------------- Instantiating /home/travis/build/icyphy/ptII/ptolemy/actor/lib/test/auto/compositeMultiPort.xml
3 ms. Memory: 583680K Free: 257565K (44%)
----------------- Invoking toplevel() on ptolemy.moml.MoMLSimpleApplication@2328bebd
----------------- Done invoking toplevel() on ptolemy.moml.MoMLSimpleApplication@2328bebd
reloadAllAccessors: .compositeMultiPort

===========================================================================================
----------------- testing Sat Oct 19 06:03:37 UTC 2019 /home/travis/build/icyphy/ptII/ptolemy/actor/lib/test/auto/expressionCastInference.xml
----------------- Instantiating /home/travis/build/icyphy/ptII/ptolemy/actor/lib/test/auto/expressionCastInference.xml
2 ms. Memory: 583680K Free: 252445K (43%)
----------------- Invoking toplevel() on ptolemy.moml.MoMLSimpleApplication@240650e7
----------------- Done invoking toplevel() on ptolemy.moml.MoMLSimpleApplication@240650e7
reloadAllAccessors: .expressionCastInference

===========================================================================================
----------------- testing Sat Oct 19 06:03:37 UTC 2019 /home/travis/build/icyphy/ptII/ptolemy/actor/lib/test/auto/expressionCastInference2.xml
----------------- Instantiating /home/travis/build/icyphy/ptII/ptolemy/actor/lib/test/auto/expressionCastInference2.xml
14 ms. Memory: 583680K Free: 247835K (42%)
----------------- Invoking toplevel() on ptolemy.moml.MoMLSimpleApplication@1c0b61cd
----------------- Done invoking toplevel() on ptolemy.moml.MoMLSimpleApplication@1c0b61cd
reloadAllAccessors: .expressionCastInference2

===========================================================================================
----------------- testing Sat Oct 19 06:03:37 UTC 2019 /home/travis/build/icyphy/ptII/ptolemy/actor/lib/test/auto/expressionInference.xml
----------------- Instantiating /home/travis/build/icyphy/ptII/ptolemy/actor/lib/test/auto/expressionInference.xml
1 ms. Memory: 583680K Free: 243739K (42%)
----------------- Invoking toplevel() on ptolemy.moml.MoMLSimpleApplication@5148a927
----------------- Done invoking toplevel() on ptolemy.moml.MoMLSimpleApplication@5148a927
reloadAllAccessors: .expressionInference

===========================================================================================
----------------- testing Sat Oct 19 06:03:37 UTC 2019 /home/travis/build/icyphy/ptII/ptolemy/actor/lib/test/auto/expression_bug.xml
----------------- Instantiating /home/travis/build/icyphy/ptII/ptolemy/actor/lib/test/auto/expression_bug.xml
1 ms. Memory: 583680K Free: 239133K (41%)
----------------- Invoking toplevel() on ptolemy.moml.MoMLSimpleApplication@425dda99
----------------- Done invoking toplevel() on ptolemy.moml.MoMLSimpleApplication@425dda99
reloadAllAccessors: .expression_bug

===========================================================================================
----------------- testing Sat Oct 19 06:03:37 UTC 2019 /home/travis/build/icyphy/ptII/ptolemy/actor/lib/test/auto/factorial.xml
----------------- Instantiating /home/travis/build/icyphy/ptII/ptolemy/actor/lib/test/auto/factorial.xml
44 ms. Memory: 583680K Free: 230941K (40%)
----------------- Invoking toplevel() on ptolemy.moml.MoMLSimpleApplication@1f8bd26c
----------------- Done invoking toplevel() on ptolemy.moml.MoMLSimpleApplication@1f8bd26c
reloadAllAccessors: .factorial

===========================================================================================
----------------- testing Sat Oct 19 06:03:37 UTC 2019 /home/travis/build/icyphy/ptII/ptolemy/actor/lib/test/auto/filterTest1.xml
----------------- Instantiating /home/travis/build/icyphy/ptII/ptolemy/actor/lib/test/auto/filterTest1.xml
3 ms. Memory: 583680K Free: 224797K (39%)
----------------- Invoking toplevel() on ptolemy.moml.MoMLSimpleApplication@baa97f7
----------------- Done invoking toplevel() on ptolemy.moml.MoMLSimpleApplication@baa97f7
reloadAllAccessors: .filterTest1

===========================================================================================
----------------- testing Sat Oct 19 06:03:37 UTC 2019 /home/travis/build/icyphy/ptII/ptolemy/actor/lib/test/auto/funcApplyInConst.xml
----------------- Instantiating /home/travis/build/icyphy/ptII/ptolemy/actor/lib/test/auto/funcApplyInConst.xml
1 ms. Memory: 583680K Free: 221211K (38%)
----------------- Invoking toplevel() on ptolemy.moml.MoMLSimpleApplication@5b3a28b1
----------------- Done invoking toplevel() on ptolemy.moml.MoMLSimpleApplication@5b3a28b1
reloadAllAccessors: .funcApplyInConst

===========================================================================================
----------------- testing Sat Oct 19 06:03:37 UTC 2019 /home/travis/build/icyphy/ptII/ptolemy/actor/lib/test/auto/funcApplyInExpr.xml
----------------- Instantiating /home/travis/build/icyphy/ptII/ptolemy/actor/lib/test/auto/funcApplyInExpr.xml
5 ms. Memory: 583680K Free: 217115K (37%)
----------------- Invoking toplevel() on ptolemy.moml.MoMLSimpleApplication@6d65cb03
----------------- Done invoking toplevel() on ptolemy.moml.MoMLSimpleApplication@6d65cb03
reloadAllAccessors: .funcApplyInExpr

===========================================================================================
----------------- testing Sat Oct 19 06:03:37 UTC 2019 /home/travis/build/icyphy/ptII/ptolemy/actor/lib/test/auto/function.xml
----------------- Instantiating /home/travis/build/icyphy/ptII/ptolemy/actor/lib/test/auto/function.xml
2 ms. Memory: 583680K Free: 212509K (36%)
----------------- Invoking toplevel() on ptolemy.moml.MoMLSimpleApplication@2640ce24
----------------- Done invoking toplevel() on ptolemy.moml.MoMLSimpleApplication@2640ce24
reloadAllAccessors: .function

===========================================================================================
----------------- testing Sat Oct 19 06:03:37 UTC 2019 /home/travis/build/icyphy/ptII/ptolemy/actor/lib/test/auto/function2.xml
----------------- Instantiating /home/travis/build/icyphy/ptII/ptolemy/actor/lib/test/auto/function2.xml
2 ms. Memory: 583680K Free: 207389K (36%)
----------------- Invoking toplevel() on ptolemy.moml.MoMLSimpleApplication@4303724b
----------------- Done invoking toplevel() on ptolemy.moml.MoMLSimpleApplication@4303724b
reloadAllAccessors: .function2

===========================================================================================
----------------- testing Sat Oct 19 06:03:37 UTC 2019 /home/travis/build/icyphy/ptII/ptolemy/actor/lib/test/auto/function3.xml
----------------- Instantiating /home/travis/build/icyphy/ptII/ptolemy/actor/lib/test/auto/function3.xml
1 ms. Memory: 583680K Free: 203803K (35%)
----------------- Invoking toplevel() on ptolemy.moml.MoMLSimpleApplication@44805fd8
----------------- Done invoking toplevel() on ptolemy.moml.MoMLSimpleApplication@44805fd8
reloadAllAccessors: .function3

===========================================================================================
----------------- testing Sat Oct 19 06:03:37 UTC 2019 /home/travis/build/icyphy/ptII/ptolemy/actor/lib/test/auto/functionClosureTest1.xml
----------------- Instantiating /home/travis/build/icyphy/ptII/ptolemy/actor/lib/test/auto/functionClosureTest1.xml
2 ms. Memory: 583680K Free: 197645K (34%)
----------------- Invoking toplevel() on ptolemy.moml.MoMLSimpleApplication@452f081e
----------------- Done invoking toplevel() on ptolemy.moml.MoMLSimpleApplication@452f081e
reloadAllAccessors: .functionClosureTest1

===========================================================================================
----------------- testing Sat Oct 19 06:03:37 UTC 2019 /home/travis/build/icyphy/ptII/ptolemy/actor/lib/test/auto/functionClosureTest2.xml
----------------- Instantiating /home/travis/build/icyphy/ptII/ptolemy/actor/lib/test/auto/functionClosureTest2.xml
2 ms. Memory: 583680K Free: 194077K (33%)
----------------- Invoking toplevel() on ptolemy.moml.MoMLSimpleApplication@39190c7
----------------- Done invoking toplevel() on ptolemy.moml.MoMLSimpleApplication@39190c7
reloadAllAccessors: .functionClosureTest2

===========================================================================================
----------------- testing Sat Oct 19 06:03:37 UTC 2019 /home/travis/build/icyphy/ptII/ptolemy/actor/lib/test/auto/functionClosureTest3.xml
----------------- Instantiating /home/travis/build/icyphy/ptII/ptolemy/actor/lib/test/auto/functionClosureTest3.xml
2 ms. Memory: 583680K Free: 528885K (91%)
----------------- Invoking toplevel() on ptolemy.moml.MoMLSimpleApplication@187b3943
----------------- Done invoking toplevel() on ptolemy.moml.MoMLSimpleApplication@187b3943
reloadAllAccessors: .functionClosureTest3

===========================================================================================
----------------- testing Sat Oct 19 06:03:37 UTC 2019 /home/travis/build/icyphy/ptII/ptolemy/actor/lib/test/auto/functionClosureTest4.xml
----------------- Instantiating /home/travis/build/icyphy/ptII/ptolemy/actor/lib/test/auto/functionClosureTest4.xml
4 ms. Memory: 583680K Free: 522245K (89%)
----------------- Invoking toplevel() on ptolemy.moml.MoMLSimpleApplication@47ff3147
----------------- Done invoking toplevel() on ptolemy.moml.MoMLSimpleApplication@47ff3147
reloadAllAccessors: .functionClosureTest4

===========================================================================================
----------------- testing Sat Oct 19 06:03:37 UTC 2019 /home/travis/build/icyphy/ptII/ptolemy/actor/lib/test/auto/functionClosureTest5.xml
----------------- Instantiating /home/travis/build/icyphy/ptII/ptolemy/actor/lib/test/auto/functionClosureTest5.xml
4 ms. Memory: 583680K Free: 517125K (89%)
----------------- Invoking toplevel() on ptolemy.moml.MoMLSimpleApplication@56c3cb54
----------------- Done invoking toplevel() on ptolemy.moml.MoMLSimpleApplication@56c3cb54
reloadAllAccessors: .functionClosureTest5

===========================================================================================
----------------- testing Sat Oct 19 06:03:37 UTC 2019 /home/travis/build/icyphy/ptII/ptolemy/actor/lib/test/auto/functionClosureTest6.xml
----------------- Instantiating /home/travis/build/icyphy/ptII/ptolemy/actor/lib/test/auto/functionClosureTest6.xml
2 ms. Memory: 583680K Free: 512005K (88%)
----------------- Invoking toplevel() on ptolemy.moml.MoMLSimpleApplication@1e105c9c
----------------- Done invoking toplevel() on ptolemy.moml.MoMLSimpleApplication@1e105c9c
reloadAllAccessors: .functionClosureTest6

===========================================================================================
----------------- testing Sat Oct 19 06:03:37 UTC 2019 /home/travis/build/icyphy/ptII/ptolemy/actor/lib/test/auto/functionsOnArcs.xml
----------------- Instantiating /home/travis/build/icyphy/ptII/ptolemy/actor/lib/test/auto/functionsOnArcs.xml
2 ms. Memory: 583680K Free: 506885K (87%)
----------------- Invoking toplevel() on ptolemy.moml.MoMLSimpleApplication@51db9911
----------------- Done invoking toplevel() on ptolemy.moml.MoMLSimpleApplication@51db9911
reloadAllAccessors: .functionsOnArcs

===========================================================================================
----------------- testing Sat Oct 19 06:03:37 UTC 2019 /home/travis/build/icyphy/ptII/ptolemy/actor/lib/test/auto/functionsOnArcsHOF.xml
----------------- Instantiating /home/travis/build/icyphy/ptII/ptolemy/actor/lib/test/auto/functionsOnArcsHOF.xml
4 ms. Memory: 583680K Free: 500741K (86%)
----------------- Invoking toplevel() on ptolemy.moml.MoMLSimpleApplication@725b9d36
----------------- Done invoking toplevel() on ptolemy.moml.MoMLSimpleApplication@725b9d36
reloadAllAccessors: .functionsOnArcsHOF

===========================================================================================
----------------- testing Sat Oct 19 06:03:37 UTC 2019 /home/travis/build/icyphy/ptII/ptolemy/actor/lib/test/auto/logic.xml
----------------- Instantiating /home/travis/build/icyphy/ptII/ptolemy/actor/lib/test/auto/logic.xml
2 ms. Memory: 583680K Free: 493573K (85%)
----------------- Invoking toplevel() on ptolemy.moml.MoMLSimpleApplication@300d6cc
----------------- Done invoking toplevel() on ptolemy.moml.MoMLSimpleApplication@300d6cc
reloadAllAccessors: .logic

===========================================================================================
----------------- testing Sat Oct 19 06:03:37 UTC 2019 /home/travis/build/icyphy/ptII/ptolemy/actor/lib/test/auto/matrixType.xml
----------------- Instantiating /home/travis/build/icyphy/ptII/ptolemy/actor/lib/test/auto/matrixType.xml
2 ms. Memory: 583680K Free: 487939K (84%)
----------------- Invoking toplevel() on ptolemy.moml.MoMLSimpleApplication@5c72dd63
----------------- Done invoking toplevel() on ptolemy.moml.MoMLSimpleApplication@5c72dd63
reloadAllAccessors: .matrixType

===========================================================================================
----------------- testing Sat Oct 19 06:03:38 UTC 2019 /home/travis/build/icyphy/ptII/ptolemy/actor/lib/test/auto/matrixType10.xml
----------------- Instantiating /home/travis/build/icyphy/ptII/ptolemy/actor/lib/test/auto/matrixType10.xml
2 ms. Memory: 583680K Free: 483333K (83%)
----------------- Invoking toplevel() on ptolemy.moml.MoMLSimpleApplication@65281f11
----------------- Done invoking toplevel() on ptolemy.moml.MoMLSimpleApplication@65281f11
reloadAllAccessors: .matrixType10

===========================================================================================
----------------- testing Sat Oct 19 06:03:38 UTC 2019 /home/travis/build/icyphy/ptII/ptolemy/actor/lib/test/auto/matrixType11.xml
----------------- Instantiating /home/travis/build/icyphy/ptII/ptolemy/actor/lib/test/auto/matrixType11.xml
2 ms. Memory: 583680K Free: 478213K (82%)
----------------- Invoking toplevel() on ptolemy.moml.MoMLSimpleApplication@28363578
----------------- Done invoking toplevel() on ptolemy.moml.MoMLSimpleApplication@28363578
reloadAllAccessors: .matrixType11

===========================================================================================
----------------- testing Sat Oct 19 06:03:38 UTC 2019 /home/travis/build/icyphy/ptII/ptolemy/actor/lib/test/auto/matrixType12.xml
----------------- Instantiating /home/travis/build/icyphy/ptII/ptolemy/actor/lib/test/auto/matrixType12.xml
2 ms. Memory: 583680K Free: 473603K (81%)
----------------- Invoking toplevel() on ptolemy.moml.MoMLSimpleApplication@38b2381f
----------------- Done invoking toplevel() on ptolemy.moml.MoMLSimpleApplication@38b2381f
reloadAllAccessors: .matrixType12

===========================================================================================
----------------- testing Sat Oct 19 06:03:38 UTC 2019 /home/travis/build/icyphy/ptII/ptolemy/actor/lib/test/auto/matrixType13.xml
----------------- Instantiating /home/travis/build/icyphy/ptII/ptolemy/actor/lib/test/auto/matrixType13.xml
2 ms. Memory: 583680K Free: 468483K (80%)
----------------- Invoking toplevel() on ptolemy.moml.MoMLSimpleApplication@67e5e61
----------------- Done invoking toplevel() on ptolemy.moml.MoMLSimpleApplication@67e5e61
reloadAllAccessors: .matrixType13

===========================================================================================
----------------- testing Sat Oct 19 06:03:38 UTC 2019 /home/travis/build/icyphy/ptII/ptolemy/actor/lib/test/auto/matrixType14.xml
----------------- Instantiating /home/travis/build/icyphy/ptII/ptolemy/actor/lib/test/auto/matrixType14.xml
2 ms. Memory: 583680K Free: 463363K (79%)
----------------- Invoking toplevel() on ptolemy.moml.MoMLSimpleApplication@27f480f7
----------------- Done invoking toplevel() on ptolemy.moml.MoMLSimpleApplication@27f480f7
reloadAllAccessors: .matrixType14

===========================================================================================
----------------- testing Sat Oct 19 06:03:38 UTC 2019 /home/travis/build/icyphy/ptII/ptolemy/actor/lib/test/auto/matrixType2.xml
----------------- Instantiating /home/travis/build/icyphy/ptII/ptolemy/actor/lib/test/auto/matrixType2.xml
2 ms. Memory: 583680K Free: 458243K (79%)
----------------- Invoking toplevel() on ptolemy.moml.MoMLSimpleApplication@dc56c5a
----------------- Done invoking toplevel() on ptolemy.moml.MoMLSimpleApplication@dc56c5a
reloadAllAccessors: .matrixType2

===========================================================================================
----------------- testing Sat Oct 19 06:03:38 UTC 2019 /home/travis/build/icyphy/ptII/ptolemy/actor/lib/test/auto/matrixType3.xml
----------------- Instantiating /home/travis/build/icyphy/ptII/ptolemy/actor/lib/test/auto/matrixType3.xml
3 ms. Memory: 583680K Free: 453637K (78%)
----------------- Invoking toplevel() on ptolemy.moml.MoMLSimpleApplication@37ed88bb
----------------- Done invoking toplevel() on ptolemy.moml.MoMLSimpleApplication@37ed88bb
reloadAllAccessors: .matrixType3

===========================================================================================
----------------- testing Sat Oct 19 06:03:38 UTC 2019 /home/travis/build/icyphy/ptII/ptolemy/actor/lib/test/auto/matrixType4.xml
----------------- Instantiating /home/travis/build/icyphy/ptII/ptolemy/actor/lib/test/auto/matrixType4.xml
2 ms. Memory: 583680K Free: 448517K (77%)
----------------- Invoking toplevel() on ptolemy.moml.MoMLSimpleApplication@2b23a97d
----------------- Done invoking toplevel() on ptolemy.moml.MoMLSimpleApplication@2b23a97d
reloadAllAccessors: .matrixType4

===========================================================================================
----------------- testing Sat Oct 19 06:03:38 UTC 2019 /home/travis/build/icyphy/ptII/ptolemy/actor/lib/test/auto/matrixType5.xml
----------------- Instantiating /home/travis/build/icyphy/ptII/ptolemy/actor/lib/test/auto/matrixType5.xml
1 ms. Memory: 583680K Free: 443907K (76%)
----------------- Invoking toplevel() on ptolemy.moml.MoMLSimpleApplication@9e8554e
----------------- Done invoking toplevel() on ptolemy.moml.MoMLSimpleApplication@9e8554e
reloadAllAccessors: .matrixType5

===========================================================================================
----------------- testing Sat Oct 19 06:03:38 UTC 2019 /home/travis/build/icyphy/ptII/ptolemy/actor/lib/test/auto/matrixType6.xml
----------------- Instantiating /home/travis/build/icyphy/ptII/ptolemy/actor/lib/test/auto/matrixType6.xml
2 ms. Memory: 583680K Free: 438787K (75%)
----------------- Invoking toplevel() on ptolemy.moml.MoMLSimpleApplication@32f431c4
----------------- Done invoking toplevel() on ptolemy.moml.MoMLSimpleApplication@32f431c4
reloadAllAccessors: .matrixType6

===========================================================================================
----------------- testing Sat Oct 19 06:03:38 UTC 2019 /home/travis/build/icyphy/ptII/ptolemy/actor/lib/test/auto/matrixType7.xml
----------------- Instantiating /home/travis/build/icyphy/ptII/ptolemy/actor/lib/test/auto/matrixType7.xml
1 ms. Memory: 583680K Free: 434181K (74%)
----------------- Invoking toplevel() on ptolemy.moml.MoMLSimpleApplication@44f70a0a
----------------- Done invoking toplevel() on ptolemy.moml.MoMLSimpleApplication@44f70a0a
reloadAllAccessors: .matrixType7

===========================================================================================
----------------- testing Sat Oct 19 06:03:38 UTC 2019 /home/travis/build/icyphy/ptII/ptolemy/actor/lib/test/auto/matrixType8.xml
----------------- Instantiating /home/travis/build/icyphy/ptII/ptolemy/actor/lib/test/auto/matrixType8.xml
2 ms. Memory: 583680K Free: 429061K (74%)
----------------- Invoking toplevel() on ptolemy.moml.MoMLSimpleApplication@4771478f
----------------- Done invoking toplevel() on ptolemy.moml.MoMLSimpleApplication@4771478f
reloadAllAccessors: .matrixType8

===========================================================================================
----------------- testing Sat Oct 19 06:03:38 UTC 2019 /home/travis/build/icyphy/ptII/ptolemy/actor/lib/test/auto/matrixType9.xml
----------------- Instantiating /home/travis/build/icyphy/ptII/ptolemy/actor/lib/test/auto/matrixType9.xml
1 ms. Memory: 583680K Free: 424451K (73%)
----------------- Invoking toplevel() on ptolemy.moml.MoMLSimpleApplication@48bdc57a
----------------- Done invoking toplevel() on ptolemy.moml.MoMLSimpleApplication@48bdc57a
reloadAllAccessors: .matrixType9

===========================================================================================
----------------- testing Sat Oct 19 06:03:38 UTC 2019 /home/travis/build/icyphy/ptII/ptolemy/actor/lib/test/auto/paraFunctest.xml
----------------- Instantiating /home/travis/build/icyphy/ptII/ptolemy/actor/lib/test/auto/paraFunctest.xml
2 ms. Memory: 583680K Free: 419845K (72%)
----------------- Invoking toplevel() on ptolemy.moml.MoMLSimpleApplication@e370872
----------------- Done invoking toplevel() on ptolemy.moml.MoMLSimpleApplication@e370872
reloadAllAccessors: .paraFunctest

===========================================================================================
----------------- testing Sat Oct 19 06:03:38 UTC 2019 /home/travis/build/icyphy/ptII/ptolemy/actor/lib/test/auto/paraFunctest2.xml
----------------- Instantiating /home/travis/build/icyphy/ptII/ptolemy/actor/lib/test/auto/paraFunctest2.xml
2 ms. Memory: 583680K Free: 415749K (71%)
----------------- Invoking toplevel() on ptolemy.moml.MoMLSimpleApplication@6e61bc66
----------------- Done invoking toplevel() on ptolemy.moml.MoMLSimpleApplication@6e61bc66
reloadAllAccessors: .paraFunctest2

===========================================================================================
----------------- testing Sat Oct 19 06:03:38 UTC 2019 /home/travis/build/icyphy/ptII/ptolemy/actor/lib/test/auto/parameterPassing.xml
----------------- Instantiating /home/travis/build/icyphy/ptII/ptolemy/actor/lib/test/auto/parameterPassing.xml
1 ms. Memory: 583680K Free: 411653K (71%)
----------------- Invoking toplevel() on ptolemy.moml.MoMLSimpleApplication@4340d9b3
----------------- Done invoking toplevel() on ptolemy.moml.MoMLSimpleApplication@4340d9b3
reloadAllAccessors: .parameterPassing

===========================================================================================
----------------- testing Sat Oct 19 06:03:38 UTC 2019 /home/travis/build/icyphy/ptII/ptolemy/actor/lib/test/auto/record.xml
----------------- Instantiating /home/travis/build/icyphy/ptII/ptolemy/actor/lib/test/auto/record.xml
3 ms. Memory: 583680K Free: 406533K (70%)
----------------- Invoking toplevel() on ptolemy.moml.MoMLSimpleApplication@69c0c568
----------------- Done invoking toplevel() on ptolemy.moml.MoMLSimpleApplication@69c0c568
reloadAllAccessors: .record

===========================================================================================
----------------- testing Sat Oct 19 06:03:38 UTC 2019 /home/travis/build/icyphy/ptII/ptolemy/actor/lib/test/auto/sizedarray1.xml
----------------- Instantiating /home/travis/build/icyphy/ptII/ptolemy/actor/lib/test/auto/sizedarray1.xml
2 ms. Memory: 583680K Free: 401413K (69%)
----------------- Invoking toplevel() on ptolemy.moml.MoMLSimpleApplication@2360eca7
----------------- Done invoking toplevel() on ptolemy.moml.MoMLSimpleApplication@2360eca7
reloadAllAccessors: .sizedarray1

===========================================================================================
----------------- testing Sat Oct 19 06:03:38 UTC 2019 /home/travis/build/icyphy/ptII/ptolemy/actor/lib/test/auto/sizedarray2.xml
----------------- Instantiating /home/travis/build/icyphy/ptII/ptolemy/actor/lib/test/auto/sizedarray2.xml
2 ms. Memory: 583680K Free: 395779K (68%)
----------------- Invoking toplevel() on ptolemy.moml.MoMLSimpleApplication@6f4f26f2
----------------- Done invoking toplevel() on ptolemy.moml.MoMLSimpleApplication@6f4f26f2
reloadAllAccessors: .sizedarray2

===========================================================================================
----------------- testing Sat Oct 19 06:03:38 UTC 2019 /home/travis/build/icyphy/ptII/ptolemy/actor/lib/test/auto/twoPublishers.xml
----------------- Instantiating /home/travis/build/icyphy/ptII/ptolemy/actor/lib/test/auto/twoPublishers.xml
7 ms. Memory: 583680K Free: 385029K (66%)
----------------- Invoking toplevel() on ptolemy.moml.MoMLSimpleApplication@57266261
----------------- Done invoking toplevel() on ptolemy.moml.MoMLSimpleApplication@57266261
reloadAllAccessors: .twoPublishers
AutoTests.java: About to close Vertx.
AutoTests.java: Vertx closed.
]]></system-out>
  <system-err><![CDATA[java.lang.RuntimeException: Execution failed
	at ptolemy.moml.MoMLSimpleApplication$UnloadThread.run(MoMLSimpleApplication.java:402)
Caused by: java.lang.RuntimeException: StringUtilities.exit() was called. Normally, we would exit here because Manager.exitAfterWrapup() was called.  However, because the ptolemy.ptII.exitAfterWrapup property is set, we throw this exception instead.
	at ptolemy.util.StringUtilities.exit(StringUtilities.java:365)
	at ptolemy.actor.Manager.wrapup(Manager.java:1549)
	at ptolemy.actor.Manager.execute(Manager.java:407)
	at ptolemy.actor.Manager.run(Manager.java:1263)
	at ptolemy.actor.Manager$PtolemyRunThread.run(Manager.java:1933)
Warning: '.top.test' is in training mode, set the trainingMode parameter to false before checking in
Warning: '.top.test' is in training mode, set the trainingMode parameter to false before checking in
Warning: '.top.test' is in training mode, set the trainingMode parameter to false before checking in
Warning: '.BooleanSwitch_RegressionTest_WrongTrainingValues.Test' is in training mode, set the trainingMode parameter to false before checking in
Warning: '.BooleanSwitch_RegressionTest_WrongTrainingValues.Test2' is in training mode, set the trainingMode parameter to false before checking in
Warning: '.BooleanSwitch_RegressionTest_WrongTrainingValues.Test2' The test produced 0 tokens.
Warning: '.top.testExceptionHandler' is in training mode, set the trainingMode parameter to false before checking in
java.lang.RuntimeException: Execution failed
	at ptolemy.moml.MoMLSimpleApplication$UnloadThread.run(MoMLSimpleApplication.java:402)
Caused by: ptolemy.kernel.util.IllegalActionException: PublisherPorts cannot be used at the top level, use a Publisher actor instead.
  in .PublisherPortToplevelSubscriber.PublisherPort
	at ptolemy.actor.PublisherPort.preinitialize(PublisherPort.java:403)
	at ptolemy.actor.CompositeActor.preinitialize(CompositeActor.java:1769)
	at ptolemy.actor.Manager.preinitializeAndResolveTypes(Manager.java:1040)
	at ptolemy.actor.Manager.initialize(Manager.java:710)
	at ptolemy.actor.Manager.execute(Manager.java:356)
	at ptolemy.actor.Manager.run(Manager.java:1263)
	at ptolemy.actor.Manager$PtolemyRunThread.run(Manager.java:1933)
java.lang.reflect.InvocationTargetException
	at java.base/jdk.internal.reflect.NativeConstructorAccessorImpl.newInstance0(Native Method)
	at java.base/jdk.internal.reflect.NativeConstructorAccessorImpl.newInstance(NativeConstructorAccessorImpl.java:62)
	at java.base/jdk.internal.reflect.DelegatingConstructorAccessorImpl.newInstance(DelegatingConstructorAccessorImpl.java:45)
	at java.base/java.lang.reflect.Constructor.newInstance(Constructor.java:490)
	at ptolemy.util.test.junit.AutoKnownFailedTests.RunModel(AutoKnownFailedTests.java:105)
	at java.base/jdk.internal.reflect.NativeMethodAccessorImpl.invoke0(Native Method)
	at java.base/jdk.internal.reflect.NativeMethodAccessorImpl.invoke(NativeMethodAccessorImpl.java:62)
	at java.base/jdk.internal.reflect.DelegatingMethodAccessorImpl.invoke(DelegatingMethodAccessorImpl.java:43)
	at java.base/java.lang.reflect.Method.invoke(Method.java:566)
	at org.junit.runners.model.FrameworkMethod$1.runReflectiveCall(FrameworkMethod.java:44)
	at org.junit.internal.runners.model.ReflectiveCallable.run(ReflectiveCallable.java:15)
	at org.junit.runners.model.FrameworkMethod.invokeExplosively(FrameworkMethod.java:41)
	at junitparams.internal.InvokeParameterisedMethod.evaluate(InvokeParameterisedMethod.java:102)
	at org.junit.internal.runners.statements.FailOnTimeout$1.run(FailOnTimeout.java:28)
Caused by: ptolemy.kernel.util.IllegalActionException: PublisherPorts cannot be used at the top level, use a Publisher actor instead.
  in .PublisherPortToplevelSubscriber.PublisherPort
	at ptolemy.actor.PublisherPort.preinitialize(PublisherPort.java:403)
	at ptolemy.actor.CompositeActor.preinitialize(CompositeActor.java:1769)
	at ptolemy.actor.Manager.preinitializeAndResolveTypes(Manager.java:1040)
	at ptolemy.actor.Manager.initialize(Manager.java:710)
	at ptolemy.actor.Manager.execute(Manager.java:356)
	at ptolemy.actor.Manager.run(Manager.java:1263)
	at ptolemy.actor.Manager$PtolemyRunThread.run(Manager.java:1933)
java.lang.RuntimeException: Execution failed
	at ptolemy.moml.MoMLSimpleApplication$UnloadThread.run(MoMLSimpleApplication.java:402)
Caused by: ptolemy.kernel.util.IllegalActionException: SubscriberPorts cannot be used at the top level, use a Subscriber actor instead.
  in .PublisherSubscriberPortToplevel.SubscriberPort
	at ptolemy.actor.SubscriberPort.preinitialize(SubscriberPort.java:328)
	at ptolemy.actor.CompositeActor.preinitialize(CompositeActor.java:1769)
	at ptolemy.actor.Manager.preinitializeAndResolveTypes(Manager.java:1040)
	at ptolemy.actor.Manager.initialize(Manager.java:710)
	at ptolemy.actor.Manager.execute(Manager.java:356)
	at ptolemy.actor.Manager.run(Manager.java:1263)
	at ptolemy.actor.Manager$PtolemyRunThread.run(Manager.java:1933)
java.lang.reflect.InvocationTargetException
	at java.base/jdk.internal.reflect.NativeConstructorAccessorImpl.newInstance0(Native Method)
	at java.base/jdk.internal.reflect.NativeConstructorAccessorImpl.newInstance(NativeConstructorAccessorImpl.java:62)
	at java.base/jdk.internal.reflect.DelegatingConstructorAccessorImpl.newInstance(DelegatingConstructorAccessorImpl.java:45)
	at java.base/java.lang.reflect.Constructor.newInstance(Constructor.java:490)
	at ptolemy.util.test.junit.AutoKnownFailedTests.RunModel(AutoKnownFailedTests.java:105)
	at java.base/jdk.internal.reflect.NativeMethodAccessorImpl.invoke0(Native Method)
	at java.base/jdk.internal.reflect.NativeMethodAccessorImpl.invoke(NativeMethodAccessorImpl.java:62)
	at java.base/jdk.internal.reflect.DelegatingMethodAccessorImpl.invoke(DelegatingMethodAccessorImpl.java:43)
	at java.base/java.lang.reflect.Method.invoke(Method.java:566)
	at org.junit.runners.model.FrameworkMethod$1.runReflectiveCall(FrameworkMethod.java:44)
	at org.junit.internal.runners.model.ReflectiveCallable.run(ReflectiveCallable.java:15)
	at org.junit.runners.model.FrameworkMethod.invokeExplosively(FrameworkMethod.java:41)
	at junitparams.internal.InvokeParameterisedMethod.evaluate(InvokeParameterisedMethod.java:102)
	at org.junit.internal.runners.statements.FailOnTimeout$1.run(FailOnTimeout.java:28)
Caused by: ptolemy.kernel.util.IllegalActionException: SubscriberPorts cannot be used at the top level, use a Subscriber actor instead.
  in .PublisherSubscriberPortToplevel.SubscriberPort
	at ptolemy.actor.SubscriberPort.preinitialize(SubscriberPort.java:328)
	at ptolemy.actor.CompositeActor.preinitialize(CompositeActor.java:1769)
	at ptolemy.actor.Manager.preinitializeAndResolveTypes(Manager.java:1040)
	at ptolemy.actor.Manager.initialize(Manager.java:710)
	at ptolemy.actor.Manager.execute(Manager.java:356)
	at ptolemy.actor.Manager.run(Manager.java:1263)
	at ptolemy.actor.Manager$PtolemyRunThread.run(Manager.java:1933)
java.lang.RuntimeException: Execution failed
	at ptolemy.moml.MoMLSimpleApplication$UnloadThread.run(MoMLSimpleApplication.java:402)
Caused by: ptolemy.kernel.util.IllegalActionException: SubscriptionAggregatorPorts cannot be used at the top level, use a SubscriptionAggregator actor instead.
  in .PublisherSubscriptionAggregatorPort.SubscriptionAggregatorPort
	at ptolemy.actor.SubscriptionAggregatorPort.preinitialize(SubscriptionAggregatorPort.java:353)
	at ptolemy.actor.CompositeActor.preinitialize(CompositeActor.java:1769)
	at ptolemy.actor.Manager.preinitializeAndResolveTypes(Manager.java:1040)
	at ptolemy.actor.Manager.initialize(Manager.java:710)
	at ptolemy.actor.Manager.execute(Manager.java:356)
	at ptolemy.actor.Manager.run(Manager.java:1263)
	at ptolemy.actor.Manager$PtolemyRunThread.run(Manager.java:1933)
java.lang.reflect.InvocationTargetException
	at java.base/jdk.internal.reflect.NativeConstructorAccessorImpl.newInstance0(Native Method)
	at java.base/jdk.internal.reflect.NativeConstructorAccessorImpl.newInstance(NativeConstructorAccessorImpl.java:62)
	at java.base/jdk.internal.reflect.DelegatingConstructorAccessorImpl.newInstance(DelegatingConstructorAccessorImpl.java:45)
	at java.base/java.lang.reflect.Constructor.newInstance(Constructor.java:490)
	at ptolemy.util.test.junit.AutoKnownFailedTests.RunModel(AutoKnownFailedTests.java:105)
	at java.base/jdk.internal.reflect.NativeMethodAccessorImpl.invoke0(Native Method)
	at java.base/jdk.internal.reflect.NativeMethodAccessorImpl.invoke(NativeMethodAccessorImpl.java:62)
	at java.base/jdk.internal.reflect.DelegatingMethodAccessorImpl.invoke(DelegatingMethodAccessorImpl.java:43)
	at java.base/java.lang.reflect.Method.invoke(Method.java:566)
	at org.junit.runners.model.FrameworkMethod$1.runReflectiveCall(FrameworkMethod.java:44)
	at org.junit.internal.runners.model.ReflectiveCallable.run(ReflectiveCallable.java:15)
	at org.junit.runners.model.FrameworkMethod.invokeExplosively(FrameworkMethod.java:41)
	at junitparams.internal.InvokeParameterisedMethod.evaluate(InvokeParameterisedMethod.java:102)
	at org.junit.internal.runners.statements.FailOnTimeout$1.run(FailOnTimeout.java:28)
Caused by: ptolemy.kernel.util.IllegalActionException: SubscriptionAggregatorPorts cannot be used at the top level, use a SubscriptionAggregator actor instead.
  in .PublisherSubscriptionAggregatorPort.SubscriptionAggregatorPort
	at ptolemy.actor.SubscriptionAggregatorPort.preinitialize(SubscriptionAggregatorPort.java:353)
	at ptolemy.actor.CompositeActor.preinitialize(CompositeActor.java:1769)
	at ptolemy.actor.Manager.preinitializeAndResolveTypes(Manager.java:1040)
	at ptolemy.actor.Manager.initialize(Manager.java:710)
	at ptolemy.actor.Manager.execute(Manager.java:356)
	at ptolemy.actor.Manager.run(Manager.java:1263)
	at ptolemy.actor.Manager$PtolemyRunThread.run(Manager.java:1933)
java.lang.RuntimeException: Execution failed
	at ptolemy.moml.MoMLSimpleApplication$UnloadThread.run(MoMLSimpleApplication.java:402)
Caused by: ptolemy.kernel.util.IllegalActionException: TypeTest actor has no training data.
  in .sizedarray3.TypeTest
	at ptolemy.actor.lib.TypeTest.initialize(TypeTest.java:250)
	at ptolemy.actor.Director.initialize(Director.java:938)
	at ptolemy.actor.Director.initialize(Director.java:907)
	at ptolemy.actor.sched.StaticSchedulingDirector.initialize(StaticSchedulingDirector.java:159)
	at ptolemy.domains.sdf.kernel.SDFDirector.initialize(SDFDirector.java:544)
	at ptolemy.actor.CompositeActor.initialize(CompositeActor.java:935)
	at ptolemy.actor.Manager.initialize(Manager.java:724)
	at ptolemy.actor.Manager.execute(Manager.java:356)
	at ptolemy.actor.Manager.run(Manager.java:1263)
	at ptolemy.actor.Manager$PtolemyRunThread.run(Manager.java:1933)
java.lang.reflect.InvocationTargetException
	at java.base/jdk.internal.reflect.NativeConstructorAccessorImpl.newInstance0(Native Method)
	at java.base/jdk.internal.reflect.NativeConstructorAccessorImpl.newInstance(NativeConstructorAccessorImpl.java:62)
	at java.base/jdk.internal.reflect.DelegatingConstructorAccessorImpl.newInstance(DelegatingConstructorAccessorImpl.java:45)
	at java.base/java.lang.reflect.Constructor.newInstance(Constructor.java:490)
	at ptolemy.util.test.junit.AutoKnownFailedTests.RunModel(AutoKnownFailedTests.java:105)
	at java.base/jdk.internal.reflect.NativeMethodAccessorImpl.invoke0(Native Method)
	at java.base/jdk.internal.reflect.NativeMethodAccessorImpl.invoke(NativeMethodAccessorImpl.java:62)
	at java.base/jdk.internal.reflect.DelegatingMethodAccessorImpl.invoke(DelegatingMethodAccessorImpl.java:43)
	at java.base/java.lang.reflect.Method.invoke(Method.java:566)
	at org.junit.runners.model.FrameworkMethod$1.runReflectiveCall(FrameworkMethod.java:44)
	at org.junit.internal.runners.model.ReflectiveCallable.run(ReflectiveCallable.java:15)
	at org.junit.runners.model.FrameworkMethod.invokeExplosively(FrameworkMethod.java:41)
	at junitparams.internal.InvokeParameterisedMethod.evaluate(InvokeParameterisedMethod.java:102)
	at org.junit.internal.runners.statements.FailOnTimeout$1.run(FailOnTimeout.java:28)
Caused by: ptolemy.kernel.util.IllegalActionException: TypeTest actor has no training data.
  in .sizedarray3.TypeTest
	at ptolemy.actor.lib.TypeTest.initialize(TypeTest.java:250)
	at ptolemy.actor.Director.initialize(Director.java:938)
	at ptolemy.actor.Director.initialize(Director.java:907)
	at ptolemy.actor.sched.StaticSchedulingDirector.initialize(StaticSchedulingDirector.java:159)
	at ptolemy.domains.sdf.kernel.SDFDirector.initialize(SDFDirector.java:544)
	at ptolemy.actor.CompositeActor.initialize(CompositeActor.java:935)
	at ptolemy.actor.Manager.initialize(Manager.java:724)
	at ptolemy.actor.Manager.execute(Manager.java:356)
	at ptolemy.actor.Manager.run(Manager.java:1263)
	at ptolemy.actor.Manager$PtolemyRunThread.run(Manager.java:1933)
java.lang.RuntimeException: Execution failed
	at ptolemy.moml.MoMLSimpleApplication$UnloadThread.run(MoMLSimpleApplication.java:402)
Caused by: ptolemy.kernel.util.IllegalActionException: Test fails in iteration 0.
Value was: 6002L. Should have been: 6000L
  in .ExecutionTimeSDF.NonStrictTest
	at ptolemy.actor.lib.NonStrictTest.postfire(NonStrictTest.java:328)
	at ptolemy.actor.AtomicActor.iterate(AtomicActor.java:518)
	at ptolemy.actor.sched.StaticSchedulingDirector.fire(StaticSchedulingDirector.java:216)
	at ptolemy.domains.sdf.kernel.SDFDirector.fire(SDFDirector.java:500)
	at ptolemy.actor.CompositeActor.fire(CompositeActor.java:455)
	at ptolemy.actor.Manager.iterate(Manager.java:851)
	at ptolemy.actor.Manager.execute(Manager.java:369)
	at ptolemy.actor.Manager.run(Manager.java:1263)
	at ptolemy.actor.Manager$PtolemyRunThread.run(Manager.java:1933)
]]></system-err>
</testsuite>
