<?xml version="1.0" encoding="UTF-8" ?>
<testsuite errors="0" failures="0" hostname="travis-job-57a11049-43f0-4680-835c-e4884571c69d" name="ptolemy.domains.de.test.junit.JUnitTclTest" skipped="0" tests="101" time="125.082" timestamp="2020-10-01T16:30:20">
  <properties>
    <property name="npm.executable" value="npm" />
    <property name="env.TRAVIS_ROOT" value="/" />
    <property name="ptII.mk.exists" value="true" />
    <property name="env.TRAVIS_APP_HOST" value="build.travis-ci.org" />
    <property name="env.rvm_bin_path" value="/home/travis/.rvm/bin" />
    <property name="java.home" value="/usr/local/lib/jvm/openjdk11" />
    <property name="env.TRAVIS_JOB_NUMBER" value="1781.9" />
    <property name="env.TRAVIS_HOME" value="/home/travis" />
    <property name="env.DISPLAY" value=":99.0" />
    <property name="env.TRAVIS_INIT" value="systemd" />
    <property name="env.SSH_TTY" value="/dev/pts/0" />
    <property name="java.net.preferIPv4Stack" value="true" />
    <property name="env.RUN_TESTS" value="true" />
    <property name="timeout.short" value="1000000" />
    <property name="junit.formatter" value="xml" />
    <property name="env.TRAVIS_SUDO" value="true" />
    <property name="env.TRAVIS_JOB_NAME" value="" />
    <property name="env.TRAVIS_STACK_NODE_ATTRIBUTES" value="/.node-attributes.yml" />
    <property name="env.LOGNAME" value="travis" />
    <property name="jsdoc.home" value="node_modules/@terraswarm/jsdoc" />
    <property name="debuglevel" value="source,lines,vars" />
    <property name="checkstyle.formatter" value="xml" />
    <property name="bin.vergil.makeable" value="true" />
    <property name="sun.os.patch.level" value="unknown" />
    <property name="java.vendor.url" value="http://java.oracle.com/" />
    <property name="env.TRAVIS_BUILD_WEB_URL" value="https://travis-ci.org/icyphy/ptII/builds/731979845" />
    <property name="java.version" value="11.0.2" />
    <property name="env.TZ" value="UTC" />
    <property name="env.TRAVIS_PULL_REQUEST_SHA" value="" />
    <property name="env.PT_NO_NET" value="true" />
    <property name="env.TRAVIS_SECURE_ENV_VARS" value="true" />
    <property name="java.vendor.url.bug" value="http://bugreport.java.com/bugreport/" />
    <property name="npmjs-org-is-up" value="true" />
    <property name="env.LANGUAGE" value="en_US.UTF-8" />
    <property name="env.SSH_CLIENT" value="10.16.3.14 40334 22" />
    <property name="env.GEM_HOME" value="/home/travis/.rvm/gems/ruby-2.5.3" />
    <property name="env.HAS_ANTARES_THREE_LITTLE_FRONZIES_BADGE" value="true" />
    <property name="java.version.date" value="2019-01-15" />
    <property name="env.PS4" value="+" />
    <property name="ant.project.invoked-targets" value="build,test.core2.xml" />
    <property name="env.TRAVIS_PULL_REQUEST_BRANCH" value="" />
    <property name="env.TRAVIS_REPO_SLUG" value="icyphy/ptII" />
    <property name="env.XDG_DATA_DIRS" value="/usr/local/share:/usr/share:/var/lib/snapd/desktop" />
    <property name="jdk.debug" value="release" />
    <property name="env.TRAVIS_APT_PROXY" value="http://build-cache.travisci.net" />
    <property name="env.TRAVIS_CPU_ARCH" value="amd64" />
    <property name="node.in.path" value="true" />
    <property name="user.name" value="travis" />
    <property name="java.maxmemory" value="1400m" />
    <property name="env.RUBY_VERSION" value="ruby-2.5.3" />
    <property name="env.LANG" value="en_US.UTF-8" />
    <property name="sun.io.unicode.encoding" value="UnicodeLittle" />
    <property name="sun.jnu.encoding" value="UTF-8" />
    <property name="java.runtime.name" value="OpenJDK Runtime Environment" />
    <property name="usefile" value="false" />
    <property name="return.code" value="0" />
    <property name="junit.single.formatter" value="plain" />
    <property name="env.DYLD_LIBRARY_PATH" value="/home/travis/pthla/certi-tools/lib:" />
    <property name="env.DEBIAN_FRONTEND" value="noninteractive" />
    <property name="env.SSH_CONNECTION" value="10.16.3.14 40334 10.20.1.230 22" />
    <property name="env.MYSQL_UNIX_PORT" value="/var/run/mysqld/mysqld.sock" />
    <property name="env.LC_ALL" value="en_US.UTF-8" />
    <property name="env.TRAVIS_ALLOW_FAILURE" value="" />
    <property name="env.TRAVIS_JOB_WEB_URL" value="https://travis-ci.org/icyphy/ptII/jobs/731979854" />
    <property name="java.specification.name" value="Java Platform API Specification" />
    <property name="node.works" value="true" />
    <property name="user.timezone" value="" />
    <property name="path.separator" value=":" />
    <property name="env.TRAVIS_ENABLE_INFRA_DETECTION" value="true" />
    <property name="env.PYTHON_CFLAGS" value="-g -fstack-protector --param=ssp-buffer-size=4 -Wformat -Werror=format-security" />
    <property name="timeout.long" value="4000000" />
    <property name="env.CERTI_HOME" value="/home/travis/pthla/certi-tools" />
    <property name="ant.file.ptII" value="/home/travis/build/icyphy/ptII/build.xml" />
    <property name="javadoc.packagenames" value="com.*,diva.*,lbnl.*,org.hlacerti.*,org.json.*,org.ptolemy.*,org.terraswarm.*,ptolemy.*,ptserver.*" />
    <property name="file.encoding" value="UTF-8" />
    <property name="env.TRAVIS_PULL_REQUEST_SLUG" value="" />
    <property name="ant.project.default-target" value="build" />
    <property name="env.GIT_ASKPASS" value="echo" />
    <property name="env.HOME" value="/home/travis" />
    <property name="sun.java.command" value="org.apache.tools.ant.taskdefs.optional.junit.JUnitTestRunner ptolemy.domains.de.test.junit.JUnitTclTest skipNonTests=false filtertrace=true haltOnError=false haltOnFailure=false formatter=org.apache.tools.ant.taskdefs.optional.junit.OutErrSummaryJUnitResultFormatter showoutput=true outputtoformatters=true logfailedtests=true threadid=0 logtestlistenerevents=false formatter=org.apache.tools.ant.taskdefs.optional.junit.XMLJUnitResultFormatter,/home/travis/build/icyphy/ptII/reports/junit/TEST-ptolemy.domains.de.test.junit.JUnitTclTest.xml crashfile=/home/travis/build/icyphy/ptII/junitvmwatcher12259879339531467536.properties propsfile=/home/travis/build/icyphy/ptII/junit17534992549045579304.properties" />
    <property name="env.COMPOSER_NO_INTERACTION" value="1" />
    <property name="env.MANPATH" value="/home/travis/.nvm/versions/node/v7.10.1/share/man:/home/travis/.rvm/rubies/ruby-2.5.3/share/man:/usr/local/cmake-3.12.4/man:/usr/local/clang-7.0.0/share/man:/usr/local/man:/usr/local/share/man:/usr/share/man:/home/travis/.rvm/man" />
    <property name="env.TRAVIS_TIMER_ID" value="1308dc11" />
    <property name="ant.file" value="/home/travis/build/icyphy/ptII/build.xml" />
    <property name="env.TRAVIS_COMMIT_RANGE" value="3bb573e462e9b4151952318d01b7e361e9f419ad...74248200255084cca0f8d02e5ad09f36c0965423" />
    <property name="ptII.classpath.optional.property" value="/home/travis/build/icyphy/ptII/lib/bsh-2.0b4.jar:/home/travis/build/icyphy/ptII/lib/ptCal.jar:/home/travis/build/icyphy/ptII/lib/java_cup.jar:/home/travis/build/icyphy/ptII/lib/saxon8.jar:/home/travis/build/icyphy/ptII/lib/saxon8-dom.jar:/home/travis/build/icyphy/ptII/lib/chic.jar:/home/travis/build/icyphy/ptII/lib/ptcolt.jar:/home/travis/build/icyphy/ptII/vendors/misc/itext/iText.jar:/home/travis/build/icyphy/ptII/lib/g4ltl.jar:/home/travis/build/icyphy/ptII/lib/StructuralCoder.jar:/home/travis/build/icyphy/ptII/lib/jcerti.jar:/home/travis/build/icyphy/ptII/lib/javax.mail.jar:/home/travis/build/icyphy/ptII/vendors/JMF-2.1.1e/lib/jmf.jar:/home/travis/build/icyphy/ptII/lib/jna-4.0.0-variadic.jar:/home/travis/build/icyphy/ptII/vendors/misc/joystick/Joystick.jar:/home/travis/build/icyphy/ptII/lib/ptjacl.jar:/home/travis/build/icyphy/ptII/lib/jsoup-1.8.2.jar:/home/travis/build/icyphy/ptII/lib/junit-4.8.2.jar:/home/travis/build/icyphy/ptII/lib/JUnitParams-0.4.0.jar:/home/travis/build/icyphy/ptII/ptolemy/actor/lib/excel/jxl.jar:/home/travis/build/icyphy/ptII/lib/jython.jar:/home/travis/build/icyphy/ptII/lib/kieler.jar:/home/travis/build/icyphy/ptII/vendors/opencv/share/OpenCV/java/opencv-341.jar:/home/travis/build/icyphy/ptII/lib/oscP5.jar:/home/travis/build/icyphy/ptII/lib/nrjavaserial-3.11.0.devel.jar:/home/travis/build/icyphy/ptII/vendors/j3d/lib/Linux/j3dcore.jar:/home/travis/build/icyphy/ptII/vendors/j3d/lib/Linux/j3dutils.jar:/home/travis/build/icyphy/ptII/vendors/j3d/lib/Linux/vecmath.jar:/home/travis/build/icyphy/ptII/vendors/jogl/lib/Linux/gluegen-rt-natives-linux-amd64.jar:/home/travis/build/icyphy/ptII/vendors/jogl/lib/Linux/gluegen-rt.jar:/home/travis/build/icyphy/ptII/vendors/jogl/lib/Linux/jogl-all-natives-linux-amd64.jar:/home/travis/build/icyphy/ptII/vendors/jogl/lib/Linux/jogl-all.jar:/home/travis/build/icyphy/ptII/ptolemy/distributed/jini/jar/jini-core.jar:/home/travis/build/icyphy/ptII/ptolemy/distributed/jini/jar/jini-ext.jar:/home/travis/build/icyphy/ptII/ptolemy/distributed/jini/jar/sun-util.jar:/home/travis/build/icyphy/ptII/lib/protobuf-java-2.4.1.jar:/home/travis/build/icyphy/ptII/lib/org.eclipse.paho.client.mqttv3.jar:/home/travis/build/icyphy/ptII/lib/mapss.jar:/home/travis/build/icyphy/ptII/ptolemy/actor/ptalon/antlr/antlr.jar:/home/travis/build/icyphy/ptII/lib/JRI.jar:/home/travis/build/icyphy/ptII/lib/commons-lang-2.6.jar:/home/travis/build/icyphy/ptII/lib/commons-logging-1.1.1.jar:/home/travis/build/icyphy/ptII/lib/sootclasses.jar:/home/travis/build/icyphy/ptII/ptolemy/actor/lib/database/mysql-connector-java-5.1.6-bin.jar:/home/travis/build/icyphy/ptII/vendors/misc/sphinx4/sphinx4-data-5prealpha.jar:/home/travis/build/icyphy/ptII/vendors/misc/sphinx4/sphinx4-core-5prealpha.jar:/home/travis/build/icyphy/ptII/lib/PDFRenderer.jar:/home/travis/build/icyphy/ptII/lib/svgSalamander.jar:/home/travis/build/icyphy/ptII/lib/rsyntaxtextarea-2.6.0-SNAPSHOT.jar:/home/travis/build/icyphy/ptII/lib/hazelcast-3.8.2.jar:/home/travis/build/icyphy/ptII/lib/jackson-annotations-2.9.0.jar:/home/travis/build/icyphy/ptII/lib/jackson-core-2.9.3.jar:/home/travis/build/icyphy/ptII/lib/jackson-databind-2.9.3.jar:/home/travis/build/icyphy/ptII/lib/netty-buffer-4.1.19.Final.jar:/home/travis/build/icyphy/ptII/lib/netty-codec-4.1.19.Final.jar:/home/travis/build/icyphy/ptII/lib/netty-codec-dns-4.1.19.Final.jar:/home/travis/build/icyphy/ptII/lib/netty-codec-http-4.1.19.Final.jar:/home/travis/build/icyphy/ptII/lib/netty-codec-http2-4.1.19.Final.jar:/home/travis/build/icyphy/ptII/lib/netty-common-4.1.19.Final.jar:/home/travis/build/icyphy/ptII/lib/netty-handler-4.1.19.Final.jar:/home/travis/build/icyphy/ptII/lib/netty-resolver-4.1.19.Final.jar:/home/travis/build/icyphy/ptII/lib/netty-resolver-dns-4.1.19.Final.jar:/home/travis/build/icyphy/ptII/lib/netty-transport-4.1.19.Final.jar:/home/travis/build/icyphy/ptII/lib/vertx-codegen-3.5.1.jar:/home/travis/build/icyphy/ptII/lib/vertx-core-3.5.2-SNAPSHOT.jar:/home/travis/build/icyphy/ptII/lib/vertx-hazelcast-3.5.1.jar:/home/travis/build/icyphy/ptII/lib/vertx-lang-js-3.5.1.jar:/home/travis/build/icyphy/ptII/lib/vertx-service-proxy-3.5.1.jar:/home/travis/build/icyphy/ptII/lib/vertx-web-3.5.1.jar:/home/travis/build/icyphy/ptII/lib/slf4j-api-1.7.13.jar:/home/travis/build/icyphy/ptII/lib/slf4j-simple-1.7.13.jar:/home/travis/build/icyphy/ptII/lib/webcam-capture-0.3.12.jar:/home/travis/build/icyphy/ptII/lib/bridj-0.7.0.jar:/home/travis/build/icyphy/ptII/lib/xbjlib-1.1.0.nrjavaserial.jar" />
    <property name="timeout" value="2400000" />
    <property name="test.batch" value="**/junit/*.java" />
    <property name="env._" value="/usr/bin/timeout" />
    <property name="java.io.tmpdir" value="/tmp" />
    <property name="user.language" value="en" />
    <property name="env.TRAVIS_INTERNAL_RUBY_REGEX" value="^ruby-(2\.[0-4]\.[0-9]|1\.9\.3)" />
    <property name="env.HISTCONTROL" value="ignoredups:ignorespace" />
    <property name="env.GOROOT" value="/home/travis/.gimme/versions/go1.11.1.linux.amd64" />
    <property name="line.separator" value="&#xa;" />
    <property name="target" value="11" />
    <property name="env.TRAVIS_BUILD_DIR" value="/home/travis/build/icyphy/ptII" />
    <property name="env.ANT_OPTS" value="-Xmx2048m" />
    <property name="ant.file.type" value="file" />
    <property name="ptolemy.ptII.batchMode" value="true" />
    <property name="env.HISTSIZE" value="1000" />
    <property name="env.MERB_ENV" value="test" />
    <property name="java.vm.info" value="mixed mode" />
    <property name="source" value="11" />
    <property name="java.vm.specification.name" value="Java Virtual Machine Specification" />
    <property name="env.TRAVIS_TEST_RESULT" value="0" />
    <property name="jsdoc.command" value="node_modules/@terraswarm/jsdoc/jsdoc.js" />
    <property name="npm.works" value="true" />
    <property name="cobertura.dir" value="/home/travis/build/icyphy/ptII/vendors/cobertura-2.0.3" />
    <property name="jsdoc.command.exists" value="true" />
    <property name="env.rvm_path" value="/home/travis/.rvm" />
    <property name="env.GEM_PATH" value="/home/travis/.rvm/gems/ruby-2.5.3:/home/travis/.rvm/gems/ruby-2.5.3@global" />
    <property name="env.LC_CTYPE" value="en_US.UTF-8" />
    <property name="env.TRAVIS_CMD" value="$PTII/bin/ptIITravisBuild.sh $SECONDS" />
    <property name="java.awt.printerjob" value="sun.print.PSPrinterJob" />
    <property name="env.TRAVIS_STACK_NAME" value="sardonyx" />
    <property name="env.TRAVIS_TIMER_START_TIME" value="1601569601076851036" />
    <property name="ant.version" value="Apache Ant(TM) version 1.10.1 compiled on February 2 2017" />
    <property name="ptII.reports" value="/home/travis/build/icyphy/ptII/reports" />
    <property name="env.TRAVIS_STACK_TIMESTAMP" value="2020-06-24 13:13:18 UTC" />
    <property name="ant.file.type.ptII" value="file" />
    <property name="env.RBENV_SHELL" value="bash" />
    <property name="os.name" value="Linux" />
    <property name="java.specification.vendor" value="Oracle Corporation" />
    <property name="env.rvm_version" value="1.29.10 (latest)" />
    <property name="env.TRAVIS_INFRA" value="unknown" />
    <property name="env.TERM" value="xterm" />
    <property name="java.vm.name" value="OpenJDK 64-Bit Server VM" />
    <property name="env.TRAVIS_BUILD_NUMBER" value="1781" />
    <property name="env.CI" value="true" />
    <property name="java.library.path" value="/home/travis/pthla/certi-tools/lib:/usr/lib/jni:/usr/local/share/OpenCV/java/:/usr/share/OpenCV/java::/usr/java/packages/lib:/usr/lib64:/lib64:/lib:/usr/lib" />
    <property name="jdk.module.path" value="/home/travis/build/icyphy/ptII/vendors/javafx/javafx-sdk-11.0.2/lib:" />
    <property name="env.rvm_prefix" value="/home/travis" />
    <property name="env.PATH" value="/home/travis/pthla/certi-tools/share/scripts:/home/travis/.rvm/gems/ruby-2.5.3/bin:/home/travis/.rvm/gems/ruby-2.5.3@global/bin:/home/travis/.rvm/rubies/ruby-2.5.3/bin:/home/travis/.rvm/bin:/home/travis/.nvm/versions/node/v7.10.1/bin:./node_modules/.bin:/home/travis/build/icyphy/ptII/bin:/home/travis/pthla/certi-tools/bin:/home/travis/bin:/home/travis/.local/bin:/usr/local/lib/jvm/openjdk11/bin:/opt/pyenv/shims:/home/travis/.phpenv/shims:/home/travis/perl5/perlbrew/bin:/home/travis/gopath/bin:/home/travis/.gimme/versions/go1.11.1.linux.amd64/bin:/usr/local/maven-3.6.3/bin:/usr/local/cmake-3.12.4/bin:/usr/local/clang-7.0.0/bin:/usr/local/sbin:/usr/local/bin:/usr/sbin:/usr/bin:/sbin:/bin:/snap/bin:/home/travis/.phpenv/bin:/opt/pyenv/bin:/home/travis/.yarn/bin" />
    <property name="env.TRAVIS_OS_NAME" value="linux" />
    <property name="ant.java.version" value="9" />
    <property name="basedir" value="/home/travis/build/icyphy/ptII" />
    <property name="java.class.version" value="55.0" />
    <property name="env.SHLVL" value="3" />
    <property name="env.LD_LIBRARY_PATH" value="/home/travis/pthla/certi-tools/lib:/usr/lib/jni:/usr/local/share/OpenCV/java/:/usr/share/OpenCV/java:" />
    <property name="env.RACK_ENV" value="test" />
    <property name="ant.home" value="/home/travis/build/icyphy/ptII/ant" />
    <property name="env.NVM_DIR" value="/home/travis/.nvm" />
    <property name="env.CERTI_FOM_PATH" value="/home/travis/pthla/certi-tools/share/federations" />
    <property name="env.TRAVIS_BUILD_ID" value="731979845" />
    <property name="env.PYENV_ROOT" value="/opt/pyenv" />
    <property name="env.TRAVIS_UID" value="2000" />
    <property name="prism.verbose" value="true" />
    <property name="env.NVM_BIN" value="/home/travis/.nvm/versions/node/v7.10.1/bin" />
    <property name="env.TRAVIS_COMMIT" value="74248200255084cca0f8d02e5ad09f36c0965423" />
    <property name="node.executable" value="node" />
    <property name="sun.boot.library.path" value="/usr/local/lib/jvm/openjdk11/lib" />
    <property name="sun.management.compiler" value="HotSpot 64-Bit Tiered Compilers" />
    <property name="java.awt.graphicsenv" value="sun.awt.X11GraphicsEnvironment" />
    <property name="env.GOPATH" value="/home/travis/gopath" />
    <property name="ptolemy.ptII.dir" value="/home/travis/build/icyphy/ptII" />
    <property name="env.USER" value="travis" />
    <property name="env.HISTFILESIZE" value="2000" />
    <property name="env.NVM_INC" value="/home/travis/.nvm/versions/node/v7.10.1/include/node" />
    <property name="timeout.longest" value="19000000" />
    <property name="env.PERLBREW_SHELLRC_VERSION" value="0.88" />
    <property name="env.TRAVIS_STACK_FEATURES" value="basic couchdb disabled-ipv6 docker docker-compose elasticsearch firefox go-toolchain google-chrome jdk memcached mongodb mysql nodejs_interpreter perl_interpreter perlbrew phantomjs postgresql python_interpreter redis ruby_interpreter sqlite xserver" />
    <property name="env.TRAVIS_PULL_REQUEST" value="false" />
    <property name="env.PYENV_SHELL" value="bash" />
    <property name="ant.project.name" value="ptII" />
    <property name="env.ANSI_RESET" value="\033[0m" />
    <property name="java.vm.specification.version" value="11" />
    <property name="env.TRAVIS_DIST" value="xenial" />
    <property name="env.CERTI_VERSION" value="4.0.0" />
    <property name="env.CERTI_HOST" value="localhost" />
    <property name="awt.toolkit" value="sun.awt.X11.XToolkit" />
    <property name="env.MY_RUBY_HOME" value="/home/travis/.rvm/rubies/ruby-2.5.3" />
    <property name="sun.cpu.isalist" value="" />
    <property name="env.TRAVIS_TMPDIR" value="/tmp/tmp.UeIkyo32KE" />
    <property name="java.vm.compressedOopsMode" value="Zero based" />
    <property name="os.version" value="4.15.0-1077-gcp" />
    <property name="user.home" value="/home/travis" />
    <property name="java.vm.vendor" value="Oracle Corporation" />
    <property name="env.TRAVIS_TAG" value="nightly" />
    <property name="env.ANSI_YELLOW" value="\033[33;1m" />
    <property name="env.TRAVIS_FILTERED" value="redirect_io" />
    <property name="env.ANSI_GREEN" value="\033[32;1m" />
    <property name="env.JAVA_HOME" value="/usr/local/lib/jvm/openjdk11" />
    <property name="javadoc.excludepackagenames" value="adm.cvs2svn.*,build.*,config.*,doc.coding.templates.*,jni.test.jni.meaningOfLife.*,jni.test.jni.testDeux.*,jni.test.jni.testTrois.*,org.terraswarm.accessor.accessors.web.node_modules.*,org.terraswarm.accessor.accessors.web.hosts.cordova.demo.*,org.terraswarm.accessor.accessors.web.hosts.cordova.plugins.*,org.terraswarm.accessor.accessors-svn.*,pt-modules.*,ptolemy.apps.agilent.*,ptolemy.apps.anytimecontrol.*,ptolemy.apps.apes.*,ptolemy.apps.charon.*,ptolemy.apps.crazyboard.*,ptolemy.apps.eclipse.*,ptolemy.apps.etherealSting.*,ptolemy.apps.fullscreen.*,ptolemy.apps.giotto.*,ptolemy.apps.ia.*,ptolemy.apps.interfaces.*,ptolemy.apps.jmf.*,ptolemy.apps.kurt.*,ptolemy.apps.kvm.*,ptolemy.apps.lego.*,ptolemy.apps.lejos.*,ptolemy.apps.midp.*,ptolemy.apps.mobileCoding.*,ptolemy.apps.pendulum.*,ptolemy.apps.rijndael.*,ptolemy.apps.robot.*,ptolemy.apps.security.*,ptolemy.apps.sobel.*,ptolemy.apps.soot.*,ptolemy.apps.throttle.*,ptolemy.apps.tini.*,ptolemy.apps.transmission.*,ptolemy.apps.vergil.*,ptolemy.apps.waba.*,ptolemy.apps.websensor.*,ptolemy.apps.webstart.*,ptolemy.apps.xsl.*,ptolemy.apps.zaurus.*,ptolemy.codegen.c.actor.lib.oldJavaFiles.*,ptolemy.codegen.dsp.lib.*,ptolemy.codegen.kernel.newInterfaces.*,ptolemy.codegen.lib.*,ptolemy.copernicus.kernel.fragment.*,ptolemy.copernicus.shallow.cg.*,ptolemy.domains.giotto.demo.Hierarchy.Hierarchy.*,ptolemy.domains.giotto.demo.Multimode.Multimode.*,ptolemy.domains.giotto.demo.Simple.Simple.*,ptolemy.domains.gr.lib.experimental.*,ptolemy.domains.gro.*,ptolemy.domains.pdf.*,ptolemy.domains.ptinyos.demo.Surge.output.*,ptolemy.moml.test.NoPackageActor.java*,ptolemy.plot.adm.*,ptolemy.plot.servlet.*,reports.*,signed.*,src.*,target.*,vendors.*,ptolemy.copernicus.applet.*,ptolemy.media.viewer.*,ptolemy.actor.corba.*,doc.doclets.*,ptolemy.apps.eclipse.awt.*,ptolemy.backtrack.*,ptolemy.backtrack.ast.*,ptolemy.cg.adapter.generic.program.procedural.c.mbed*,ptolemy.homer.*,ptolemy.actor.lib.jai.*,org.ptolemy.scala.*,diva.util.java2d.svg.*,ptolemy.domains.ptinyos.*,ptolemy.actor.lib.fmi.fmipp.*,,org.terraswarm.accessor.accessors.web.node_modules.*,org.terraswarm.accessor.accessors-svn,ptolemy.apps.*,ptolemy.actor.ptalon.demo.ptinyos.SendAndReceiveCnt.output,ptolemy.actor.ptalon.demo.ptinyos.SenseToLeds.output,ptolemy.domains.ptinyos.demo.CntToLedsAndRfm.output,ptolemy.domains.ptinyos.demo.RfmToLeds.output,ptolemy.domains.ptinyos.demo.SendAndReceiveCnt.output,ptolemy.domains.ptinyos.demo.SenseToLeds.output,ptolemy.actor.lib.jjs.modules.udpSocket.*" />
    <property name="env.PTII" value="/home/travis/build/icyphy/ptII" />
    <property name="env.XDG_SESSION_ID" value="2" />
    <property name="keystore" value="ptKeystore" />
    <property name="env.TRAVIS_COMMIT_MESSAGE" value="Exclude org/hlacerti/newModels1516e/VariableArrayPTIIJavaFed" />
    <property name="junit.output.dir" value="/home/travis/build/icyphy/ptII/reports/junit" />
    <property name="npm.return.code" value="0" />
    <property name="user.dir" value="/home/travis/build/icyphy/ptII/ptolemy/domains/de/test" />
    <property name="env.TRAVIS_NODE_VERSION" value="7" />
    <property name="env.TRAVIS_EVENT_TYPE" value="cron" />
    <property name="env.MAIL" value="/var/mail/travis" />
    <property name="env.PERLBREW_ROOT" value="/home/travis/perl5/perlbrew" />
    <property name="env.PWD" value="/home/travis/build/icyphy/ptII" />
    <property name="timeout.npm" value="45000" />
    <property name="env.PT_TRAVIS_TEST_CORE2_XML" value="true" />
    <property name="env.TRAVIS_ARCH" value="amd64" />
    <property name="sun.cpu.endian" value="little" />
    <property name="env.PAGER" value="cat" />
    <property name="env.TRAVIS_BUILD_STAGE_NAME" value="test" />
    <property name="env.PERLBREW_HOME" value="/home/travis/.perlbrew" />
    <property name="java.vm.version" value="11.0.2+9" />
    <property name="env.RAILS_ENV" value="test" />
    <property name="java.class.path" value="/home/travis/build/icyphy/ptII:/home/travis/build/icyphy/ptII/lib/bsh-2.0b4.jar:/home/travis/build/icyphy/ptII/lib/ptCal.jar:/home/travis/build/icyphy/ptII/lib/java_cup.jar:/home/travis/build/icyphy/ptII/lib/saxon8.jar:/home/travis/build/icyphy/ptII/lib/saxon8-dom.jar:/home/travis/build/icyphy/ptII/lib/chic.jar:/home/travis/build/icyphy/ptII/lib/ptcolt.jar:/home/travis/build/icyphy/ptII/vendors/misc/itext/iText.jar:/home/travis/build/icyphy/ptII/lib/g4ltl.jar:/home/travis/build/icyphy/ptII/lib/StructuralCoder.jar:/home/travis/build/icyphy/ptII/lib/jcerti.jar:/home/travis/build/icyphy/ptII/lib/javax.mail.jar:/home/travis/build/icyphy/ptII/vendors/JMF-2.1.1e/lib/jmf.jar:/home/travis/build/icyphy/ptII/lib/jna-4.0.0-variadic.jar:/home/travis/build/icyphy/ptII/vendors/misc/joystick/Joystick.jar:/home/travis/build/icyphy/ptII/lib/ptjacl.jar:/home/travis/build/icyphy/ptII/lib/jsoup-1.8.2.jar:/home/travis/build/icyphy/ptII/lib/junit-4.8.2.jar:/home/travis/build/icyphy/ptII/lib/JUnitParams-0.4.0.jar:/home/travis/build/icyphy/ptII/ptolemy/actor/lib/excel/jxl.jar:/home/travis/build/icyphy/ptII/lib/jython.jar:/home/travis/build/icyphy/ptII/lib/kieler.jar:/home/travis/build/icyphy/ptII/vendors/opencv/share/OpenCV/java/opencv-341.jar:/home/travis/build/icyphy/ptII/lib/oscP5.jar:/home/travis/build/icyphy/ptII/lib/nrjavaserial-3.11.0.devel.jar:/home/travis/build/icyphy/ptII/vendors/j3d/lib/Linux/j3dcore.jar:/home/travis/build/icyphy/ptII/vendors/j3d/lib/Linux/j3dutils.jar:/home/travis/build/icyphy/ptII/vendors/j3d/lib/Linux/vecmath.jar:/home/travis/build/icyphy/ptII/vendors/jogl/lib/Linux/gluegen-rt-natives-linux-amd64.jar:/home/travis/build/icyphy/ptII/vendors/jogl/lib/Linux/gluegen-rt.jar:/home/travis/build/icyphy/ptII/vendors/jogl/lib/Linux/jogl-all-natives-linux-amd64.jar:/home/travis/build/icyphy/ptII/vendors/jogl/lib/Linux/jogl-all.jar:/home/travis/build/icyphy/ptII/ptolemy/distributed/jini/jar/jini-core.jar:/home/travis/build/icyphy/ptII/ptolemy/distributed/jini/jar/jini-ext.jar:/home/travis/build/icyphy/ptII/ptolemy/distributed/jini/jar/sun-util.jar:/home/travis/build/icyphy/ptII/lib/protobuf-java-2.4.1.jar:/home/travis/build/icyphy/ptII/lib/org.eclipse.paho.client.mqttv3.jar:/home/travis/build/icyphy/ptII/lib/mapss.jar:/home/travis/build/icyphy/ptII/ptolemy/actor/ptalon/antlr/antlr.jar:/home/travis/build/icyphy/ptII/lib/JRI.jar:/home/travis/build/icyphy/ptII/lib/commons-lang-2.6.jar:/home/travis/build/icyphy/ptII/lib/commons-logging-1.1.1.jar:/home/travis/build/icyphy/ptII/lib/sootclasses.jar:/home/travis/build/icyphy/ptII/ptolemy/actor/lib/database/mysql-connector-java-5.1.6-bin.jar:/home/travis/build/icyphy/ptII/vendors/misc/sphinx4/sphinx4-data-5prealpha.jar:/home/travis/build/icyphy/ptII/vendors/misc/sphinx4/sphinx4-core-5prealpha.jar:/home/travis/build/icyphy/ptII/lib/PDFRenderer.jar:/home/travis/build/icyphy/ptII/lib/svgSalamander.jar:/home/travis/build/icyphy/ptII/lib/rsyntaxtextarea-2.6.0-SNAPSHOT.jar:/home/travis/build/icyphy/ptII/lib/hazelcast-3.8.2.jar:/home/travis/build/icyphy/ptII/lib/jackson-annotations-2.9.0.jar:/home/travis/build/icyphy/ptII/lib/jackson-core-2.9.3.jar:/home/travis/build/icyphy/ptII/lib/jackson-databind-2.9.3.jar:/home/travis/build/icyphy/ptII/lib/netty-buffer-4.1.19.Final.jar:/home/travis/build/icyphy/ptII/lib/netty-codec-4.1.19.Final.jar:/home/travis/build/icyphy/ptII/lib/netty-codec-dns-4.1.19.Final.jar:/home/travis/build/icyphy/ptII/lib/netty-codec-http-4.1.19.Final.jar:/home/travis/build/icyphy/ptII/lib/netty-codec-http2-4.1.19.Final.jar:/home/travis/build/icyphy/ptII/lib/netty-common-4.1.19.Final.jar:/home/travis/build/icyphy/ptII/lib/netty-handler-4.1.19.Final.jar:/home/travis/build/icyphy/ptII/lib/netty-resolver-4.1.19.Final.jar:/home/travis/build/icyphy/ptII/lib/netty-resolver-dns-4.1.19.Final.jar:/home/travis/build/icyphy/ptII/lib/netty-transport-4.1.19.Final.jar:/home/travis/build/icyphy/ptII/lib/vertx-codegen-3.5.1.jar:/home/travis/build/icyphy/ptII/lib/vertx-core-3.5.2-SNAPSHOT.jar:/home/travis/build/icyphy/ptII/lib/vertx-hazelcast-3.5.1.jar:/home/travis/build/icyphy/ptII/lib/vertx-lang-js-3.5.1.jar:/home/travis/build/icyphy/ptII/lib/vertx-service-proxy-3.5.1.jar:/home/travis/build/icyphy/ptII/lib/vertx-web-3.5.1.jar:/home/travis/build/icyphy/ptII/lib/slf4j-api-1.7.13.jar:/home/travis/build/icyphy/ptII/lib/slf4j-simple-1.7.13.jar:/home/travis/build/icyphy/ptII/lib/webcam-capture-0.3.12.jar:/home/travis/build/icyphy/ptII/lib/bridj-0.7.0.jar:/home/travis/build/icyphy/ptII/lib/xbjlib-1.1.0.nrjavaserial.jar:/home/travis/build/icyphy/ptII/ptolemy/moml/test:/home/travis/build/icyphy/ptII/ant/lib/ant-launcher.jar:/home/travis/build/icyphy/ptII/ant/lib/ant.jar:/home/travis/build/icyphy/ptII/ant/lib/ant-junit.jar:/home/travis/build/icyphy/ptII/ant/lib/ant-junit4.jar" />
    <property name="ant.library.dir" value="/home/travis/build/icyphy/ptII/ant/lib" />
    <property name="os.arch" value="amd64" />
    <property name="env.CONTINUOUS_INTEGRATION" value="true" />
    <property name="env.TRAVIS_LANGUAGE" value="node_js" />
    <property name="env.TRAVIS_STACK_LANGUAGES" value="__sardonyx__ c c++ clojure cplusplus cpp default generic go groovy java node_js php pure_java python ruby scala" />
    <property name="test.name" value="ptolemy.actor.lib.test.junit.JUnitTclTest" />
    <property name="env.APT_KEY_DONT_WARN_ON_DANGEROUS_USAGE" value="1" />
    <property name="sun.java.launcher" value="SUN_STANDARD" />
    <property name="env.PYTHON_CONFIGURE_OPTS" value="--enable-unicode=ucs4 --with-wide-unicode --enable-shared --enable-ipv6 --enable-loadable-sqlite-extensions --with-computed-gotos" />
    <property name="ant.core.lib" value="/home/travis/build/icyphy/ptII/ant/lib/ant.jar" />
    <property name="java.vm.specification.vendor" value="Oracle Corporation" />
    <property name="env.BCVTB_HOME" value="/home/travis/build/icyphy/ptII/lbnl" />
    <property name="file.separator" value="/" />
    <property name="spotbugs.home" value="/home/travis/build/icyphy/ptII/vendors/spotbugs-3.1.1" />
    <property name="java.runtime.version" value="11.0.2+9" />
    <property name="javafx.verbose" value="true" />
    <property name="env.ANSI_CLEAR" value="\033[0K" />
    <property name="env.HAS_JOSH_K_SEAL_OF_APPROVAL" value="true" />
    <property name="env.XDG_RUNTIME_DIR" value="/run/user/2000" />
    <property name="env.TRAVIS_OSX_IMAGE" value="" />
    <property name="env.TRAVIS_JOB_ID" value="731979854" />
    <property name="env.TRAVIS_BRANCH" value="master" />
    <property name="user.country" value="US" />
    <property name="env.CERTI_HOME_TRAVIS" value="/home/travis/pthla/certi-tools" />
    <property name="env.SHELL" value="/bin/bash" />
    <property name="java.maxmemory.large" value="3200m" />
    <property name="model" value="" />
    <property name="env.CASHER_DIR" value="/home/travis/.casher" />
    <property name="env.NVM_CD_FLAGS" value="" />
    <property name="java.vendor.version" value="18.9" />
    <property name="jshint.executable" value="/home/travis/node_modules/jshint/bin/jshint" />
    <property name="env.JRUBY_OPTS" value=" --client -J-XX:+TieredCompilation -J-XX:TieredStopAtLevel=1 -J-Xss2m -Xcompile.invokedynamic=false" />
    <property name="java.vendor" value="Oracle Corporation" />
    <property name="env.TRAVIS_PRE_CHEF_BOOTSTRAP_TIME" value="2020-06-24T13:13:03" />
    <property name="env.TRAVIS_STACK_JOB_BOARD_REGISTER" value="/.job-board-register.yml" />
    <property name="env.ANSI_RED" value="\033[31;1m" />
    <property name="java.specification.version" value="11" />
    <property name="env.IRBRC" value="/home/travis/.rvm/rubies/ruby-2.5.3/.irbrc" />
    <property name="env.TRAVIS" value="true" />
    <property name="sun.arch.data.model" value="64" />
  </properties>
  <testcase classname="ptolemy.util.test.junit.TclTests" name="[0] /home/travis/build/icyphy/ptII/ptolemy/domains/de/test/DependencyLoop.tcl (RunTclFile)" time="1.119" />
  <testcase classname="ptolemy.util.test.junit.TclTests" name="[1] /home/travis/build/icyphy/ptII/ptolemy/domains/de/test/RunDETestsAsQSS.tcl (RunTclFile)" time="84.551" />
  <testcase classname="ptolemy.util.test.junit.AutoKnownFailedTests" name="[0] /home/travis/build/icyphy/ptII/ptolemy/domains/de/test/auto/knownFailedTests/DESDFClockTest.xml (RunModel)" time="2.035" />
  <testcase classname="ptolemy.util.test.junit.AutoKnownFailedTests" name="[1] /home/travis/build/icyphy/ptII/ptolemy/domains/de/test/auto/knownFailedTests/DirectFeedback.xml (RunModel)" time="0.024" />
  <testcase classname="ptolemy.util.test.junit.AutoKnownFailedTests" name="[2] /home/travis/build/icyphy/ptII/ptolemy/domains/de/test/auto/knownFailedTests/FSMSource.xml (RunModel)" time="0.029" />
  <testcase classname="ptolemy.util.test.junit.AutoKnownFailedTests" name="[3] /home/travis/build/icyphy/ptII/ptolemy/domains/de/test/auto/knownFailedTests/HierarchicalModel.xml (RunModel)" time="0.046" />
  <testcase classname="ptolemy.util.test.junit.AutoKnownFailedTests" name="[4] /home/travis/build/icyphy/ptII/ptolemy/domains/de/test/auto/knownFailedTests/dependencyLoop.xml (RunModel)" time="0.043" />
  <testcase classname="ptolemy.util.test.junit.AutoKnownFailedTests" name="[5] /home/travis/build/icyphy/ptII/ptolemy/domains/de/test/auto/knownFailedTests/dependencyLoop2.xml (RunModel)" time="0.044" />
  <testcase classname="ptolemy.util.test.junit.AutoNameArchTests" name="[0] ThereAreNoAutoArchTests (RunModel)" time="0.001" />
  <testcase classname="ptolemy.util.test.junit.AutoTests" name="[0] /home/travis/build/icyphy/ptII/ptolemy/domains/de/test/auto/ActorDepthCalculation_actorWithoutPorts.xml (RunModel)" time="0.022" />
  <testcase classname="ptolemy.util.test.junit.AutoTests" name="[1] /home/travis/build/icyphy/ptII/ptolemy/domains/de/test/auto/AssemblyLine.xml (RunModel)" time="0.026" />
  <testcase classname="ptolemy.util.test.junit.AutoTests" name="[2] /home/travis/build/icyphy/ptII/ptolemy/domains/de/test/auto/CQBug1.xml (RunModel)" time="0.018" />
  <testcase classname="ptolemy.util.test.junit.AutoTests" name="[3] /home/travis/build/icyphy/ptII/ptolemy/domains/de/test/auto/CancelFireAt.xml (RunModel)" time="0.024" />
  <testcase classname="ptolemy.util.test.junit.AutoTests" name="[4] /home/travis/build/icyphy/ptII/ptolemy/domains/de/test/auto/CausalityAndComposabilityAnalysis.xml (RunModel)" time="0.018" />
  <testcase classname="ptolemy.util.test.junit.AutoTests" name="[5] /home/travis/build/icyphy/ptII/ptolemy/domains/de/test/auto/CausalityInterface1.xml (RunModel)" time="0.016" />
  <testcase classname="ptolemy.util.test.junit.AutoTests" name="[6] /home/travis/build/icyphy/ptII/ptolemy/domains/de/test/auto/CausalityInterface15.xml (RunModel)" time="0.016" />
  <testcase classname="ptolemy.util.test.junit.AutoTests" name="[7] /home/travis/build/icyphy/ptII/ptolemy/domains/de/test/auto/CausalityInterface2.xml (RunModel)" time="0.016" />
  <testcase classname="ptolemy.util.test.junit.AutoTests" name="[8] /home/travis/build/icyphy/ptII/ptolemy/domains/de/test/auto/CausalityInterface3.xml (RunModel)" time="0.017" />
  <testcase classname="ptolemy.util.test.junit.AutoTests" name="[9] /home/travis/build/icyphy/ptII/ptolemy/domains/de/test/auto/ClockDrift.xml (RunModel)" time="0.041" />
  <testcase classname="ptolemy.util.test.junit.AutoTests" name="[10] /home/travis/build/icyphy/ptII/ptolemy/domains/de/test/auto/ClockDriftAndValueChange.xml (RunModel)" time="0.027" />
  <testcase classname="ptolemy.util.test.junit.AutoTests" name="[11] /home/travis/build/icyphy/ptII/ptolemy/domains/de/test/auto/ClockDriftChange.xml (RunModel)" time="0.033" />
  <testcase classname="ptolemy.util.test.junit.AutoTests" name="[12] /home/travis/build/icyphy/ptII/ptolemy/domains/de/test/auto/ComposableCausalityAnalysis.xml (RunModel)" time="0.015" />
  <testcase classname="ptolemy.util.test.junit.AutoTests" name="[13] /home/travis/build/icyphy/ptII/ptolemy/domains/de/test/auto/DEFixedPointLimitation.xml (RunModel)" time="0.01" />
  <testcase classname="ptolemy.util.test.junit.AutoTests" name="[14] /home/travis/build/icyphy/ptII/ptolemy/domains/de/test/auto/DEScheduleTest.xml (RunModel)" time="0.016" />
  <testcase classname="ptolemy.util.test.junit.AutoTests" name="[15] /home/travis/build/icyphy/ptII/ptolemy/domains/de/test/auto/DEinDEwithStartTimes.xml (RunModel)" time="0.017" />
  <testcase classname="ptolemy.util.test.junit.AutoTests" name="[16] /home/travis/build/icyphy/ptII/ptolemy/domains/de/test/auto/DEinDEwithStartTimes2.xml (RunModel)" time="0.02" />
  <testcase classname="ptolemy.util.test.junit.AutoTests" name="[17] /home/travis/build/icyphy/ptII/ptolemy/domains/de/test/auto/DateDemo.xml (RunModel)" time="0.038" />
  <testcase classname="ptolemy.util.test.junit.AutoTests" name="[18] /home/travis/build/icyphy/ptII/ptolemy/domains/de/test/auto/DateToEvent.xml (RunModel)" time="2.046" />
  <testcase classname="ptolemy.util.test.junit.AutoTests" name="[19] /home/travis/build/icyphy/ptII/ptolemy/domains/de/test/auto/DepthTest1.xml (RunModel)" time="0.01" />
  <testcase classname="ptolemy.util.test.junit.AutoTests" name="[20] /home/travis/build/icyphy/ptII/ptolemy/domains/de/test/auto/DepthTest2.xml (RunModel)" time="0.018" />
  <testcase classname="ptolemy.util.test.junit.AutoTests" name="[21] /home/travis/build/icyphy/ptII/ptolemy/domains/de/test/auto/DepthTest3.xml (RunModel)" time="0.01" />
  <testcase classname="ptolemy.util.test.junit.AutoTests" name="[22] /home/travis/build/icyphy/ptII/ptolemy/domains/de/test/auto/DepthTest4.xml (RunModel)" time="0.019" />
  <testcase classname="ptolemy.util.test.junit.AutoTests" name="[23] /home/travis/build/icyphy/ptII/ptolemy/domains/de/test/auto/DepthTest5.xml (RunModel)" time="0.014" />
  <testcase classname="ptolemy.util.test.junit.AutoTests" name="[24] /home/travis/build/icyphy/ptII/ptolemy/domains/de/test/auto/DepthTest6.xml (RunModel)" time="0.017" />
  <testcase classname="ptolemy.util.test.junit.AutoTests" name="[25] /home/travis/build/icyphy/ptII/ptolemy/domains/de/test/auto/DepthTest7.xml (RunModel)" time="0.011" />
  <testcase classname="ptolemy.util.test.junit.AutoTests" name="[26] /home/travis/build/icyphy/ptII/ptolemy/domains/de/test/auto/EventToDate.xml (RunModel)" time="3.032" />
  <testcase classname="ptolemy.util.test.junit.AutoTests" name="[27] /home/travis/build/icyphy/ptII/ptolemy/domains/de/test/auto/FSM1.xml (RunModel)" time="0.053" />
  <testcase classname="ptolemy.util.test.junit.AutoTests" name="[28] /home/travis/build/icyphy/ptII/ptolemy/domains/de/test/auto/FSM7.xml (RunModel)" time="0.035" />
  <testcase classname="ptolemy.util.test.junit.AutoTests" name="[29] /home/travis/build/icyphy/ptII/ptolemy/domains/de/test/auto/Inspection.xml (RunModel)" time="0.041" />
  <testcase classname="ptolemy.util.test.junit.AutoTests" name="[30] /home/travis/build/icyphy/ptII/ptolemy/domains/de/test/auto/Iteration.xml (RunModel)" time="0.027" />
  <testcase classname="ptolemy.util.test.junit.AutoTests" name="[31] /home/travis/build/icyphy/ptII/ptolemy/domains/de/test/auto/LineFault.xml (RunModel)" time="0.528" />
  <testcase classname="ptolemy.util.test.junit.AutoTests" name="[32] /home/travis/build/icyphy/ptII/ptolemy/domains/de/test/auto/MergeModel1Add.xml (RunModel)" time="0.048" />
  <testcase classname="ptolemy.util.test.junit.AutoTests" name="[33] /home/travis/build/icyphy/ptII/ptolemy/domains/de/test/auto/MergeModel2Add.xml (RunModel)" time="0.039" />
  <testcase classname="ptolemy.util.test.junit.AutoTests" name="[34] /home/travis/build/icyphy/ptII/ptolemy/domains/de/test/auto/MergeModel3Add.xml (RunModel)" time="0.043" />
  <testcase classname="ptolemy.util.test.junit.AutoTests" name="[35] /home/travis/build/icyphy/ptII/ptolemy/domains/de/test/auto/MergeWithoutDiscard.xml (RunModel)" time="0.011" />
  <testcase classname="ptolemy.util.test.junit.AutoTests" name="[36] /home/travis/build/icyphy/ptII/ptolemy/domains/de/test/auto/Modal1.xml (RunModel)" time="0.03" />
  <testcase classname="ptolemy.util.test.junit.AutoTests" name="[37] /home/travis/build/icyphy/ptII/ptolemy/domains/de/test/auto/Modal2.xml (RunModel)" time="0.03" />
  <testcase classname="ptolemy.util.test.junit.AutoTests" name="[38] /home/travis/build/icyphy/ptII/ptolemy/domains/de/test/auto/Modal3.xml (RunModel)" time="0.024" />
  <testcase classname="ptolemy.util.test.junit.AutoTests" name="[39] /home/travis/build/icyphy/ptII/ptolemy/domains/de/test/auto/Modal4.xml (RunModel)" time="0.031" />
  <testcase classname="ptolemy.util.test.junit.AutoTests" name="[40] /home/travis/build/icyphy/ptII/ptolemy/domains/de/test/auto/Modal5.xml (RunModel)" time="0.027" />
  <testcase classname="ptolemy.util.test.junit.AutoTests" name="[41] /home/travis/build/icyphy/ptII/ptolemy/domains/de/test/auto/Modal6.xml (RunModel)" time="0.029" />
  <testcase classname="ptolemy.util.test.junit.AutoTests" name="[42] /home/travis/build/icyphy/ptII/ptolemy/domains/de/test/auto/Modal7.xml (RunModel)" time="0.03" />
  <testcase classname="ptolemy.util.test.junit.AutoTests" name="[43] /home/travis/build/icyphy/ptII/ptolemy/domains/de/test/auto/ModalModel.xml (RunModel)" time="0.187" />
  <testcase classname="ptolemy.util.test.junit.AutoTests" name="[44] /home/travis/build/icyphy/ptII/ptolemy/domains/de/test/auto/ModalSource.xml (RunModel)" time="0.021" />
  <testcase classname="ptolemy.util.test.junit.AutoTests" name="[45] /home/travis/build/icyphy/ptII/ptolemy/domains/de/test/auto/NonInterruptibleTimerZeroDelay.xml (RunModel)" time="0.009" />
  <testcase classname="ptolemy.util.test.junit.AutoTests" name="[46] /home/travis/build/icyphy/ptII/ptolemy/domains/de/test/auto/OpenQueueingNetwork.xml (RunModel)" time="2.474" />
  <testcase classname="ptolemy.util.test.junit.AutoTests" name="[47] /home/travis/build/icyphy/ptII/ptolemy/domains/de/test/auto/OpenQueuingNetwork.xml (RunModel)" time="0.271" />
  <testcase classname="ptolemy.util.test.junit.AutoTests" name="[48] /home/travis/build/icyphy/ptII/ptolemy/domains/de/test/auto/PeriodicSampler.xml (RunModel)" time="0.01" />
  <testcase classname="ptolemy.util.test.junit.AutoTests" name="[49] /home/travis/build/icyphy/ptII/ptolemy/domains/de/test/auto/PersistentIO.xml (RunModel)" time="0.019" />
  <testcase classname="ptolemy.util.test.junit.AutoTests" name="[50] /home/travis/build/icyphy/ptII/ptolemy/domains/de/test/auto/PortParameterResetOnInitialize.xml (RunModel)" time="0.012" />
  <testcase classname="ptolemy.util.test.junit.AutoTests" name="[51] /home/travis/build/icyphy/ptII/ptolemy/domains/de/test/auto/PortParameterUpdates.xml (RunModel)" time="0.015" />
  <testcase classname="ptolemy.util.test.junit.AutoTests" name="[52] /home/travis/build/icyphy/ptII/ptolemy/domains/de/test/auto/QueueAndServer.xml (RunModel)" time="0.024" />
  <testcase classname="ptolemy.util.test.junit.AutoTests" name="[53] /home/travis/build/icyphy/ptII/ptolemy/domains/de/test/auto/Records.xml (RunModel)" time="0.022" />
  <testcase classname="ptolemy.util.test.junit.AutoTests" name="[54] /home/travis/build/icyphy/ptII/ptolemy/domains/de/test/auto/ResetTransitionWithStartTime1.xml (RunModel)" time="0.022" />
  <testcase classname="ptolemy.util.test.junit.AutoTests" name="[55] /home/travis/build/icyphy/ptII/ptolemy/domains/de/test/auto/ResetTransitionWithStartTime2.xml (RunModel)" time="0.024" />
  <testcase classname="ptolemy.util.test.junit.AutoTests" name="[56] /home/travis/build/icyphy/ptII/ptolemy/domains/de/test/auto/ResetTransitionWithStartTime3.xml (RunModel)" time="0.022" />
  <testcase classname="ptolemy.util.test.junit.AutoTests" name="[57] /home/travis/build/icyphy/ptII/ptolemy/domains/de/test/auto/ResetTransitionWithStartTime4.xml (RunModel)" time="0.017" />
  <testcase classname="ptolemy.util.test.junit.AutoTests" name="[58] /home/travis/build/icyphy/ptII/ptolemy/domains/de/test/auto/ResettableTimer1.xml (RunModel)" time="0.013" />
  <testcase classname="ptolemy.util.test.junit.AutoTests" name="[59] /home/travis/build/icyphy/ptII/ptolemy/domains/de/test/auto/ResettableTimer2.xml (RunModel)" time="0.009" />
  <testcase classname="ptolemy.util.test.junit.AutoTests" name="[60] /home/travis/build/icyphy/ptII/ptolemy/domains/de/test/auto/ResettableTimer3.xml (RunModel)" time="0.01" />
  <testcase classname="ptolemy.util.test.junit.AutoTests" name="[61] /home/travis/build/icyphy/ptII/ptolemy/domains/de/test/auto/ResettableTimer4.xml (RunModel)" time="0.008" />
  <testcase classname="ptolemy.util.test.junit.AutoTests" name="[62] /home/travis/build/icyphy/ptII/ptolemy/domains/de/test/auto/ResettableTimer5.xml (RunModel)" time="0.009" />
  <testcase classname="ptolemy.util.test.junit.AutoTests" name="[63] /home/travis/build/icyphy/ptII/ptolemy/domains/de/test/auto/ResettableTimer6.xml (RunModel)" time="0.017" />
  <testcase classname="ptolemy.util.test.junit.AutoTests" name="[64] /home/travis/build/icyphy/ptII/ptolemy/domains/de/test/auto/ServerZeroDelay.xml (RunModel)" time="0.01" />
  <testcase classname="ptolemy.util.test.junit.AutoTests" name="[65] /home/travis/build/icyphy/ptII/ptolemy/domains/de/test/auto/SmartSender.xml (RunModel)" time="3.007" />
  <testcase classname="ptolemy.util.test.junit.AutoTests" name="[66] /home/travis/build/icyphy/ptII/ptolemy/domains/de/test/auto/ThreadedComposite.xml (RunModel)" time="0.592" />
  <testcase classname="ptolemy.util.test.junit.AutoTests" name="[67] /home/travis/build/icyphy/ptII/ptolemy/domains/de/test/auto/Time.xml (RunModel)" time="0.374" />
  <testcase classname="ptolemy.util.test.junit.AutoTests" name="[68] /home/travis/build/icyphy/ptII/ptolemy/domains/de/test/auto/TimeDelayZeroDelay.xml (RunModel)" time="0.013" />
  <testcase classname="ptolemy.util.test.junit.AutoTests" name="[69] /home/travis/build/icyphy/ptII/ptolemy/domains/de/test/auto/TimerZeroDelay.xml (RunModel)" time="0.01" />
  <testcase classname="ptolemy.util.test.junit.AutoTests" name="[70] /home/travis/build/icyphy/ptII/ptolemy/domains/de/test/auto/TimingParadox.xml (RunModel)" time="0.308" />
  <testcase classname="ptolemy.util.test.junit.AutoTests" name="[71] /home/travis/build/icyphy/ptII/ptolemy/domains/de/test/auto/TransferInputs.xml (RunModel)" time="0.013" />
  <testcase classname="ptolemy.util.test.junit.AutoTests" name="[72] /home/travis/build/icyphy/ptII/ptolemy/domains/de/test/auto/TransferOutputs2.xml (RunModel)" time="0.02" />
  <testcase classname="ptolemy.util.test.junit.AutoTests" name="[73] /home/travis/build/icyphy/ptII/ptolemy/domains/de/test/auto/Trilateration.xml (RunModel)" time="10.699" />
  <testcase classname="ptolemy.util.test.junit.AutoTests" name="[74] /home/travis/build/icyphy/ptII/ptolemy/domains/de/test/auto/TwoSigmaDelta.xml (RunModel)" time="1.745" />
  <testcase classname="ptolemy.util.test.junit.AutoTests" name="[75] /home/travis/build/icyphy/ptII/ptolemy/domains/de/test/auto/VariableDelay.xml (RunModel)" time="0.012" />
  <testcase classname="ptolemy.util.test.junit.AutoTests" name="[76] /home/travis/build/icyphy/ptII/ptolemy/domains/de/test/auto/VariableDelay2.xml (RunModel)" time="0.014" />
  <testcase classname="ptolemy.util.test.junit.AutoTests" name="[77] /home/travis/build/icyphy/ptII/ptolemy/domains/de/test/auto/VariableDelayZeroDelay.xml (RunModel)" time="0.012" />
  <testcase classname="ptolemy.util.test.junit.AutoTests" name="[78] /home/travis/build/icyphy/ptII/ptolemy/domains/de/test/auto/VariableDelayZeroDelay2.xml (RunModel)" time="0.011" />
  <testcase classname="ptolemy.util.test.junit.AutoTests" name="[79] /home/travis/build/icyphy/ptII/ptolemy/domains/de/test/auto/deInCt.xml (RunModel)" time="0.016" />
  <testcase classname="ptolemy.util.test.junit.AutoTests" name="[80] /home/travis/build/icyphy/ptII/ptolemy/domains/de/test/auto/deInCt2.xml (RunModel)" time="0.015" />
  <testcase classname="ptolemy.util.test.junit.AutoTests" name="[81] /home/travis/build/icyphy/ptII/ptolemy/domains/de/test/auto/dynamicCausalityInterface1.xml (RunModel)" time="0.017" />
  <testcase classname="ptolemy.util.test.junit.AutoTests" name="[82] /home/travis/build/icyphy/ptII/ptolemy/domains/de/test/auto/fsm_de_test.xml (RunModel)" time="0.023" />
  <testcase classname="ptolemy.util.test.junit.AutoTests" name="[83] /home/travis/build/icyphy/ptII/ptolemy/domains/de/test/auto/functionDependencyReconstruction.xml (RunModel)" time="0.027" />
  <testcase classname="ptolemy.util.test.junit.AutoTests" name="[84] /home/travis/build/icyphy/ptII/ptolemy/domains/de/test/auto/multirate.xml (RunModel)" time="0.016" />
  <testcase classname="ptolemy.util.test.junit.AutoTests" name="[85] /home/travis/build/icyphy/ptII/ptolemy/domains/de/test/auto/multirate2.xml (RunModel)" time="0.014" />
  <testcase classname="ptolemy.util.test.junit.AutoTests" name="[86] /home/travis/build/icyphy/ptII/ptolemy/domains/de/test/auto/realtime.xml (RunModel)" time="10.013" />
  <testcase classname="ptolemy.util.test.junit.AutoTests" name="[87] /home/travis/build/icyphy/ptII/ptolemy/domains/de/test/auto/relationGroup.xml (RunModel)" time="0.008" />
  <testcase classname="ptolemy.util.test.junit.AutoTests" name="[88] /home/travis/build/icyphy/ptII/ptolemy/domains/de/test/auto/relationGroup2.xml (RunModel)" time="0.015" />
  <testcase classname="ptolemy.util.test.junit.AutoTests" name="[89] /home/travis/build/icyphy/ptII/ptolemy/domains/de/test/auto/sortWithOpaquePorts.xml (RunModel)" time="0.008" />
  <testcase classname="ptolemy.util.test.junit.AutoTests" name="[90] /home/travis/build/icyphy/ptII/ptolemy/domains/de/test/auto/transferInputsandOutputs.xml (RunModel)" time="0.016" />
  <testcase classname="ptolemy.util.test.junit.AutoTests" name="[91] /home/travis/build/icyphy/ptII/ptolemy/domains/de/test/auto/triggerType.xml (RunModel)" time="0.009" />
  <system-out><![CDATA[/home/travis/build/icyphy/ptII/ptolemy/domains/de/test/DependencyLoop.tcl
testDefs.tcl: setting time out to 9000 seconds at Thu Oct 01 16:30:20 UTC 2020
77 ms. Memory: 129024K Free: 78791K (61%)
12 ms. Memory: 129024K Free: 61863K (48%)
/home/travis/build/icyphy/ptII/ptolemy/domains/de/test/RunDETestsAsQSS.tcl
Run the DE tests using ptolemy.domains.qss.test.QSSDirectorTest, which extends QSSDirector and prints a message in the constructors.
------------------ testing $PTII/ptolemy/domains/de/test/auto/knownFailedTests/DirectFeedback.xml (Known Failure) 
32 ms. Memory: 129024K Free: 55749K (43%)


==== $PTIIhome/travis/build/icyphy/ptII/ptolemy/domains/de/test/../../../../: Auto Automatic test in file $PTII/ptolemy/domains/de/test/auto/knownFailedTests/DirectFeedback.xml
==== Contents of test case:

	    # FIXME: we should use $relativeFilename here, but it
	    # might have backslashes under Windows, which causes no end
	    # of trouble.
	    createAndExecute $file
	    list {}
	
.... Test generated KNOWN error:
    while executing
ptolemy.kernel.util.IllegalActionException: Test fails in iteration 1.
Value was: 1.0. Should have been: 2.0
  in .DirectFeedback.Test
	at ptolemy.actor.lib.Test.fire(Test.java:268)
	at ptolemy.domains.de.kernel.DEDirector._fire(DEDirector.java:1949)
	at ptolemy.domains.de.kernel.DEDirector.fire(DEDirector.java:502)
	at ptolemy.actor.CompositeActor.fire(CompositeActor.java:455)
	at ptolemy.actor.Manager.iterate(Manager.java:851)
	at ptolemy.actor.Manager.execute(Manager.java:369)
	at ptolemy.actor.Manager.run(Manager.java:1263)
	at ptolemy.actor.Manager$PtolemyRunThread.run(Manager.java:1933)

    while executing
ptolemy.kernel.util.IllegalActionException: Test fails in iteration 1.
Value was: 1.0. Should have been: 2.0
  in .DirectFeedback.Test
    while executing
"java::new ptolemy.moml.MoMLSimpleApplication $file
"
    (procedure "createAndExecute" line 2)
    invoked from within
"createAndExecute $file"
    ("uplevel" body line 5)
    invoked from within
"uplevel $contents_of_test"
------------------ testing $PTII/ptolemy/domains/de/test/auto/knownFailedTests/dependencyLoop.xml (Known Failure) 
10 ms. Memory: 129024K Free: 52167K (40%)


==== $PTIIhome/travis/build/icyphy/ptII/ptolemy/domains/de/test/../../../../: Auto Automatic test in file $PTII/ptolemy/domains/de/test/auto/knownFailedTests/dependencyLoop.xml
==== Contents of test case:

	    # FIXME: we should use $relativeFilename here, but it
	    # might have backslashes under Windows, which causes no end
	    # of trouble.
	    createAndExecute $file
	    list {}
	
.... Test generated KNOWN error:
    while executing
ptolemy.kernel.util.IllegalActionException: Found a zero delay loop containing .dependencyLoop.original
  in .dependencyLoop and .dependencyLoop.original
	at ptolemy.actor.util.CausalityInterfaceForComposites._computeOutputPortDepth(CausalityInterfaceForComposites.java:759)
	at ptolemy.actor.util.CausalityInterfaceForComposites._computeInputDepth(CausalityInterfaceForComposites.java:696)
	at ptolemy.actor.util.CausalityInterfaceForComposites._computeOutputPortDepth(CausalityInterfaceForComposites.java:765)
	at ptolemy.actor.util.CausalityInterfaceForComposites._computeInputDepth(CausalityInterfaceForComposites.java:696)
	at ptolemy.actor.util.CausalityInterfaceForComposites._computeOutputPortDepth(CausalityInterfaceForComposites.java:765)
	at ptolemy.actor.util.CausalityInterfaceForComposites._computeInputDepth(CausalityInterfaceForComposites.java:696)
	at ptolemy.actor.util.CausalityInterfaceForComposites._computeActorDepth(CausalityInterfaceForComposites.java:532)
	at ptolemy.actor.util.CausalityInterfaceForComposites.checkForCycles(CausalityInterfaceForComposites.java:96)
	at ptolemy.domains.de.kernel.DEDirector.preinitialize(DEDirector.java:1338)
	at ptolemy.actor.CompositeActor.preinitialize(CompositeActor.java:1828)
	at ptolemy.actor.Manager.preinitializeAndResolveTypes(Manager.java:1040)
	at ptolemy.actor.Manager.initialize(Manager.java:710)
	at ptolemy.actor.Manager.execute(Manager.java:356)
	at ptolemy.actor.Manager.run(Manager.java:1263)
	at ptolemy.actor.Manager$PtolemyRunThread.run(Manager.java:1933)

    while executing
ptolemy.kernel.util.IllegalActionException: Found a zero delay loop containing .dependencyLoop.original
  in .dependencyLoop and .dependencyLoop.original
    while executing
"java::new ptolemy.moml.MoMLSimpleApplication $file
"
    (procedure "createAndExecute" line 2)
    invoked from within
"createAndExecute $file"
    ("uplevel" body line 5)
    invoked from within
"uplevel $contents_of_test"
------------------ testing $PTII/ptolemy/domains/de/test/auto/knownFailedTests/FSMSource.xml (Known Failure) 
53 ms. Memory: 129024K Free: 110938K (86%)
!!!! Auto was marked as failing, but now passes
------------------ testing $PTII/ptolemy/domains/de/test/auto/knownFailedTests/HierarchicalModel.xml (Known Failure) 
8 ms. Memory: 129024K Free: 93025K (72%)


==== $PTIIhome/travis/build/icyphy/ptII/ptolemy/domains/de/test/../../../../: Auto Automatic test in file $PTII/ptolemy/domains/de/test/auto/knownFailedTests/HierarchicalModel.xml
==== Contents of test case:

	    # FIXME: we should use $relativeFilename here, but it
	    # might have backslashes under Windows, which causes no end
	    # of trouble.
	    createAndExecute $file
	    list {}
	
.... Test generated KNOWN error:
    while executing
ptolemy.kernel.util.IllegalActionException: Found a zero delay loop containing .HierarchicalModel.A
  in .HierarchicalModel and .HierarchicalModel.A
	at ptolemy.actor.util.CausalityInterfaceForComposites._computeOutputPortDepth(CausalityInterfaceForComposites.java:759)
	at ptolemy.actor.util.CausalityInterfaceForComposites._computeInputDepth(CausalityInterfaceForComposites.java:696)
	at ptolemy.actor.util.CausalityInterfaceForComposites._computeOutputPortDepth(CausalityInterfaceForComposites.java:765)
	at ptolemy.actor.util.CausalityInterfaceForComposites._computeInputDepth(CausalityInterfaceForComposites.java:696)
	at ptolemy.actor.util.CausalityInterfaceForComposites._computeOutputPortDepth(CausalityInterfaceForComposites.java:765)
	at ptolemy.actor.util.CausalityInterfaceForComposites._computeInputDepth(CausalityInterfaceForComposites.java:696)
	at ptolemy.actor.util.CausalityInterfaceForComposites._computeActorDepth(CausalityInterfaceForComposites.java:532)
	at ptolemy.actor.util.CausalityInterfaceForComposites.checkForCycles(CausalityInterfaceForComposites.java:96)
	at ptolemy.domains.de.kernel.DEDirector.preinitialize(DEDirector.java:1338)
	at ptolemy.actor.CompositeActor.preinitialize(CompositeActor.java:1828)
	at ptolemy.actor.Manager.preinitializeAndResolveTypes(Manager.java:1040)
	at ptolemy.actor.Manager.initialize(Manager.java:710)
	at ptolemy.actor.Manager.execute(Manager.java:356)
	at ptolemy.actor.Manager.run(Manager.java:1263)
	at ptolemy.actor.Manager$PtolemyRunThread.run(Manager.java:1933)

    while executing
ptolemy.kernel.util.IllegalActionException: Found a zero delay loop containing .HierarchicalModel.A
  in .HierarchicalModel and .HierarchicalModel.A
    while executing
"java::new ptolemy.moml.MoMLSimpleApplication $file
"
    (procedure "createAndExecute" line 2)
    invoked from within
"createAndExecute $file"
    ("uplevel" body line 5)
    invoked from within
"uplevel $contents_of_test"
------------------ testing $PTII/ptolemy/domains/de/test/auto/knownFailedTests/dependencyLoop2.xml (Known Failure) 
5 ms. Memory: 129024K Free: 77148K (60%)


==== $PTIIhome/travis/build/icyphy/ptII/ptolemy/domains/de/test/../../../../: Auto Automatic test in file $PTII/ptolemy/domains/de/test/auto/knownFailedTests/dependencyLoop2.xml
==== Contents of test case:

	    # FIXME: we should use $relativeFilename here, but it
	    # might have backslashes under Windows, which causes no end
	    # of trouble.
	    createAndExecute $file
	    list {}
	
.... Test generated KNOWN error:
    while executing
ptolemy.kernel.util.IllegalActionException: Found a zero delay loop containing .dependencyLoop2.original
  in .dependencyLoop2 and .dependencyLoop2.original
	at ptolemy.actor.util.CausalityInterfaceForComposites._computeOutputPortDepth(CausalityInterfaceForComposites.java:759)
	at ptolemy.actor.util.CausalityInterfaceForComposites._computeInputDepth(CausalityInterfaceForComposites.java:696)
	at ptolemy.actor.util.CausalityInterfaceForComposites._computeOutputPortDepth(CausalityInterfaceForComposites.java:765)
	at ptolemy.actor.util.CausalityInterfaceForComposites._computeInputDepth(CausalityInterfaceForComposites.java:696)
	at ptolemy.actor.util.CausalityInterfaceForComposites._computeOutputPortDepth(CausalityInterfaceForComposites.java:765)
	at ptolemy.actor.util.CausalityInterfaceForComposites._computeInputDepth(CausalityInterfaceForComposites.java:696)
	at ptolemy.actor.util.CausalityInterfaceForComposites._computeActorDepth(CausalityInterfaceForComposites.java:532)
	at ptolemy.actor.util.CausalityInterfaceForComposites.checkForCycles(CausalityInterfaceForComposites.java:96)
	at ptolemy.domains.de.kernel.DEDirector.preinitialize(DEDirector.java:1338)
	at ptolemy.actor.CompositeActor.preinitialize(CompositeActor.java:1828)
	at ptolemy.actor.Manager.preinitializeAndResolveTypes(Manager.java:1040)
	at ptolemy.actor.Manager.initialize(Manager.java:710)
	at ptolemy.actor.Manager.execute(Manager.java:356)
	at ptolemy.actor.Manager.run(Manager.java:1263)
	at ptolemy.actor.Manager$PtolemyRunThread.run(Manager.java:1933)

    while executing
ptolemy.kernel.util.IllegalActionException: Found a zero delay loop containing .dependencyLoop2.original
  in .dependencyLoop2 and .dependencyLoop2.original
    while executing
"java::new ptolemy.moml.MoMLSimpleApplication $file
"
    (procedure "createAndExecute" line 2)
    invoked from within
"createAndExecute $file"
    ("uplevel" body line 5)
    invoked from within
"uplevel $contents_of_test"
------------------ testing $PTII/ptolemy/domains/de/test/auto/knownFailedTests/DESDFClockTest.xml (Known Failure) 
2062 ms. Memory: 129024K Free: 106692K (83%)


==== $PTIIhome/travis/build/icyphy/ptII/ptolemy/domains/de/test/../../../../: Auto Automatic test in file $PTII/ptolemy/domains/de/test/auto/knownFailedTests/DESDFClockTest.xml
==== Contents of test case:

	    # FIXME: we should use $relativeFilename here, but it
	    # might have backslashes under Windows, which causes no end
	    # of trouble.
	    createAndExecute $file
	    list {}
	
.... Test generated KNOWN error:
    while executing
ptolemy.kernel.util.IllegalActionException: Actor is not ready to fire.  Perhaps UpSample.prefire() returned false? Try debugging the actor by selecting "Listen to Actor".  Also, for SDF check moml for tokenConsumptionRate on input.
  in .DESDFClockTest.Play Bell.Copy1:SDF Director and .DESDFClockTest.Play Bell.UpSample
	at ptolemy.actor.sched.StaticSchedulingDirector.fire(StaticSchedulingDirector.java:227)
	at ptolemy.domains.sdf.kernel.SDFDirector.fire(SDFDirector.java:500)
	at ptolemy.actor.CompositeActor.fire(CompositeActor.java:455)
	at ptolemy.domains.de.kernel.DEDirector._fire(DEDirector.java:1949)
	at ptolemy.domains.de.kernel.DEDirector.fire(DEDirector.java:502)
	at ptolemy.actor.CompositeActor.fire(CompositeActor.java:455)
	at ptolemy.actor.Manager.iterate(Manager.java:851)
	at ptolemy.actor.Manager.execute(Manager.java:369)
	at ptolemy.actor.Manager.run(Manager.java:1263)
	at ptolemy.actor.Manager$PtolemyRunThread.run(Manager.java:1933)

    while executing
ptolemy.kernel.util.IllegalActionException: Actor is not ready to fire.  Perhaps UpSample.prefire() returned false? Try debugging the actor by selecting "Listen to Actor".  Also, for SDF check moml for tokenConsumptionRate on input.
  in .DESDFClockTest.Play Bell.Copy1:SDF Director and .DESDFClockTest.Play Bell.UpSample
    while executing
"java::new ptolemy.moml.MoMLSimpleApplication $file
"
    (procedure "createAndExecute" line 2)
    invoked from within
"createAndExecute $file"
    ("uplevel" body line 5)
    invoked from within
"uplevel $contents_of_test"
------------------ testing $PTII/ptolemy/domains/de/test/auto/ActorDepthCalculation_actorWithoutPorts.xml
auto.tcl: Setting watchdog for 200 seconds at Thu Oct 01 16:30:24 UTC 2020
7 ms. Memory: 129024K Free: 99510K (77%)
ptolemy.util.test.WatchDog.cancel(): canceling Thu Oct 01 16:30:24 UTC 2020
auto.tcl: Setting watchdog for 200 seconds at Thu Oct 01 16:30:24 UTC 2020
8 ms. Memory: 129024K Free: 97990K (76%)
ptolemy.util.test.WatchDog.cancel(): canceling Thu Oct 01 16:30:24 UTC 2020
------------------ testing $PTII/ptolemy/domains/de/test/auto/AssemblyLine.xml
auto.tcl: Setting watchdog for 200 seconds at Thu Oct 01 16:30:24 UTC 2020
16 ms. Memory: 51200K Free: 27482K (54%)
ptolemy.util.test.WatchDog.cancel(): canceling Thu Oct 01 16:30:24 UTC 2020
auto.tcl: Setting watchdog for 200 seconds at Thu Oct 01 16:30:24 UTC 2020
7 ms. Memory: 51200K Free: 26734K (52%)
ptolemy.util.test.WatchDog.cancel(): canceling Thu Oct 01 16:30:24 UTC 2020
------------------ testing $PTII/ptolemy/domains/de/test/auto/CQBug1.xml
auto.tcl: Setting watchdog for 200 seconds at Thu Oct 01 16:30:25 UTC 2020
2 ms. Memory: 51200K Free: 33828K (66%)
ptolemy.util.test.WatchDog.cancel(): canceling Thu Oct 01 16:30:25 UTC 2020
auto.tcl: Setting watchdog for 200 seconds at Thu Oct 01 16:30:25 UTC 2020
2 ms. Memory: 51200K Free: 33357K (65%)
ptolemy.util.test.WatchDog.cancel(): canceling Thu Oct 01 16:30:25 UTC 2020
------------------ testing $PTII/ptolemy/domains/de/test/auto/CancelFireAt.xml
auto.tcl: Setting watchdog for 200 seconds at Thu Oct 01 16:30:25 UTC 2020
3 ms. Memory: 48128K Free: 31687K (66%)
ptolemy.util.test.WatchDog.cancel(): canceling Thu Oct 01 16:30:25 UTC 2020
auto.tcl: Setting watchdog for 200 seconds at Thu Oct 01 16:30:25 UTC 2020
3 ms. Memory: 48128K Free: 31256K (65%)
ptolemy.util.test.WatchDog.cancel(): canceling Thu Oct 01 16:30:25 UTC 2020
------------------ testing $PTII/ptolemy/domains/de/test/auto/CausalityAndComposabilityAnalysis.xml
auto.tcl: Setting watchdog for 200 seconds at Thu Oct 01 16:30:25 UTC 2020
15 ms. Memory: 48128K Free: 29392K (61%)
ptolemy.util.test.WatchDog.cancel(): canceling Thu Oct 01 16:30:25 UTC 2020
auto.tcl: Setting watchdog for 200 seconds at Thu Oct 01 16:30:25 UTC 2020
5 ms. Memory: 48128K Free: 28961K (60%)
ptolemy.util.test.WatchDog.cancel(): canceling Thu Oct 01 16:30:25 UTC 2020
------------------ testing $PTII/ptolemy/domains/de/test/auto/CausalityInterface1.xml
auto.tcl: Setting watchdog for 200 seconds at Thu Oct 01 16:30:25 UTC 2020
40 ms. Memory: 48128K Free: 28337K (59%)
ptolemy.util.test.WatchDog.cancel(): canceling Thu Oct 01 16:30:25 UTC 2020
auto.tcl: Setting watchdog for 200 seconds at Thu Oct 01 16:30:25 UTC 2020
4 ms. Memory: 48128K Free: 27360K (57%)
ptolemy.util.test.WatchDog.cancel(): canceling Thu Oct 01 16:30:25 UTC 2020
------------------ testing $PTII/ptolemy/domains/de/test/auto/CausalityInterface15.xml
auto.tcl: Setting watchdog for 200 seconds at Thu Oct 01 16:30:25 UTC 2020
13 ms. Memory: 48128K Free: 28502K (59%)
ptolemy.util.test.WatchDog.cancel(): canceling Thu Oct 01 16:30:25 UTC 2020
auto.tcl: Setting watchdog for 200 seconds at Thu Oct 01 16:30:25 UTC 2020
4 ms. Memory: 48128K Free: 27322K (57%)
ptolemy.util.test.WatchDog.cancel(): canceling Thu Oct 01 16:30:25 UTC 2020
------------------ testing $PTII/ptolemy/domains/de/test/auto/CausalityInterface2.xml
auto.tcl: Setting watchdog for 200 seconds at Thu Oct 01 16:30:25 UTC 2020
4 ms. Memory: 48128K Free: 28928K (60%)
ptolemy.util.test.WatchDog.cancel(): canceling Thu Oct 01 16:30:25 UTC 2020
auto.tcl: Setting watchdog for 200 seconds at Thu Oct 01 16:30:25 UTC 2020
3 ms. Memory: 48128K Free: 28222K (59%)
ptolemy.util.test.WatchDog.cancel(): canceling Thu Oct 01 16:30:25 UTC 2020
------------------ testing $PTII/ptolemy/domains/de/test/auto/CausalityInterface3.xml
auto.tcl: Setting watchdog for 200 seconds at Thu Oct 01 16:30:25 UTC 2020
9 ms. Memory: 48128K Free: 28440K (59%)
ptolemy.util.test.WatchDog.cancel(): canceling Thu Oct 01 16:30:25 UTC 2020
auto.tcl: Setting watchdog for 200 seconds at Thu Oct 01 16:30:25 UTC 2020
2 ms. Memory: 48128K Free: 27653K (57%)
ptolemy.util.test.WatchDog.cancel(): canceling Thu Oct 01 16:30:25 UTC 2020
------------------ testing $PTII/ptolemy/domains/de/test/auto/ClockDrift.xml
auto.tcl: Setting watchdog for 200 seconds at Thu Oct 01 16:30:25 UTC 2020
81 ms. Memory: 48128K Free: 21018K (44%)
ptolemy.util.test.WatchDog.cancel(): canceling Thu Oct 01 16:30:25 UTC 2020
auto.tcl: Setting watchdog for 200 seconds at Thu Oct 01 16:30:25 UTC 2020
56 ms. Memory: 48128K Free: 18004K (37%)
ptolemy.util.test.WatchDog.cancel(): canceling Thu Oct 01 16:30:25 UTC 2020
------------------ testing $PTII/ptolemy/domains/de/test/auto/ClockDriftAndValueChange.xml
auto.tcl: Setting watchdog for 200 seconds at Thu Oct 01 16:30:25 UTC 2020
34 ms. Memory: 48128K Free: 21098K (44%)
ptolemy.util.test.WatchDog.cancel(): canceling Thu Oct 01 16:30:26 UTC 2020
auto.tcl: Setting watchdog for 200 seconds at Thu Oct 01 16:30:26 UTC 2020
18 ms. Memory: 48128K Free: 18264K (38%)
ptolemy.util.test.WatchDog.cancel(): canceling Thu Oct 01 16:30:26 UTC 2020
------------------ testing $PTII/ptolemy/domains/de/test/auto/ClockDriftChange.xml
auto.tcl: Setting watchdog for 200 seconds at Thu Oct 01 16:30:26 UTC 2020
18 ms. Memory: 48128K Free: 23143K (48%)
ptolemy.util.test.WatchDog.cancel(): canceling Thu Oct 01 16:30:26 UTC 2020
auto.tcl: Setting watchdog for 200 seconds at Thu Oct 01 16:30:26 UTC 2020
18 ms. Memory: 48128K Free: 20565K (43%)
ptolemy.util.test.WatchDog.cancel(): canceling Thu Oct 01 16:30:26 UTC 2020
------------------ testing $PTII/ptolemy/domains/de/test/auto/ComposableCausalityAnalysis.xml
auto.tcl: Setting watchdog for 200 seconds at Thu Oct 01 16:30:26 UTC 2020
2 ms. Memory: 48128K Free: 27761K (58%)
ptolemy.util.test.WatchDog.cancel(): canceling Thu Oct 01 16:30:26 UTC 2020
auto.tcl: Setting watchdog for 200 seconds at Thu Oct 01 16:30:26 UTC 2020
5 ms. Memory: 48128K Free: 26743K (56%)
ptolemy.util.test.WatchDog.cancel(): canceling Thu Oct 01 16:30:26 UTC 2020
------------------ testing $PTII/ptolemy/domains/de/test/auto/DEFixedPointLimitation.xml
auto.tcl: Setting watchdog for 200 seconds at Thu Oct 01 16:30:26 UTC 2020
4 ms. Memory: 48128K Free: 29124K (61%)
ptolemy.util.test.WatchDog.cancel(): canceling Thu Oct 01 16:30:26 UTC 2020
auto.tcl: Setting watchdog for 200 seconds at Thu Oct 01 16:30:26 UTC 2020
1 ms. Memory: 48128K Free: 28209K (59%)
ptolemy.util.test.WatchDog.cancel(): canceling Thu Oct 01 16:30:26 UTC 2020
------------------ testing $PTII/ptolemy/domains/de/test/auto/DEScheduleTest.xml
auto.tcl: Setting watchdog for 200 seconds at Thu Oct 01 16:30:26 UTC 2020
7 ms. Memory: 48128K Free: 29419K (61%)
ptolemy.util.test.WatchDog.cancel(): canceling Thu Oct 01 16:30:26 UTC 2020
auto.tcl: Setting watchdog for 200 seconds at Thu Oct 01 16:30:26 UTC 2020
3 ms. Memory: 48128K Free: 28661K (60%)
ptolemy.util.test.WatchDog.cancel(): canceling Thu Oct 01 16:30:26 UTC 2020
------------------ testing $PTII/ptolemy/domains/de/test/auto/DEinDEwithStartTimes.xml
auto.tcl: Setting watchdog for 200 seconds at Thu Oct 01 16:30:26 UTC 2020
5 ms. Memory: 48128K Free: 27631K (57%)
ptolemy.util.test.WatchDog.cancel(): canceling Thu Oct 01 16:30:26 UTC 2020
auto.tcl: Setting watchdog for 200 seconds at Thu Oct 01 16:30:26 UTC 2020
5 ms. Memory: 48128K Free: 26557K (55%)
ptolemy.util.test.WatchDog.cancel(): canceling Thu Oct 01 16:30:26 UTC 2020
------------------ testing $PTII/ptolemy/domains/de/test/auto/DEinDEwithStartTimes2.xml
auto.tcl: Setting watchdog for 200 seconds at Thu Oct 01 16:30:26 UTC 2020
4 ms. Memory: 48128K Free: 26790K (56%)
ptolemy.util.test.WatchDog.cancel(): canceling Thu Oct 01 16:30:26 UTC 2020
auto.tcl: Setting watchdog for 200 seconds at Thu Oct 01 16:30:26 UTC 2020
4 ms. Memory: 48128K Free: 25513K (53%)
ptolemy.util.test.WatchDog.cancel(): canceling Thu Oct 01 16:30:26 UTC 2020
------------------ testing $PTII/ptolemy/domains/de/test/auto/DateDemo.xml
auto.tcl: Setting watchdog for 200 seconds at Thu Oct 01 16:30:26 UTC 2020
12 ms. Memory: 48128K Free: 21155K (44%)
ptolemy.util.test.WatchDog.cancel(): canceling Thu Oct 01 16:30:26 UTC 2020
auto.tcl: Setting watchdog for 200 seconds at Thu Oct 01 16:30:26 UTC 2020
7 ms. Memory: 48128K Free: 19572K (41%)
ptolemy.util.test.WatchDog.cancel(): canceling Thu Oct 01 16:30:26 UTC 2020
------------------ testing $PTII/ptolemy/domains/de/test/auto/DateToEvent.xml
auto.tcl: Setting watchdog for 200 seconds at Thu Oct 01 16:30:26 UTC 2020
2028 ms. Memory: 48128K Free: 17077K (35%)
ptolemy.util.test.WatchDog.cancel(): canceling Thu Oct 01 16:30:28 UTC 2020
auto.tcl: Setting watchdog for 200 seconds at Thu Oct 01 16:30:28 UTC 2020
2006 ms. Memory: 48128K Free: 16277K (34%)
ptolemy.util.test.WatchDog.cancel(): canceling Thu Oct 01 16:30:30 UTC 2020
------------------ testing $PTII/ptolemy/domains/de/test/auto/DepthTest1.xml
auto.tcl: Setting watchdog for 200 seconds at Thu Oct 01 16:30:30 UTC 2020
3 ms. Memory: 48128K Free: 30224K (63%)
ptolemy.util.test.WatchDog.cancel(): canceling Thu Oct 01 16:30:30 UTC 2020
auto.tcl: Setting watchdog for 200 seconds at Thu Oct 01 16:30:30 UTC 2020
1 ms. Memory: 48128K Free: 29804K (62%)
ptolemy.util.test.WatchDog.cancel(): canceling Thu Oct 01 16:30:30 UTC 2020
------------------ testing $PTII/ptolemy/domains/de/test/auto/DepthTest2.xml
auto.tcl: Setting watchdog for 200 seconds at Thu Oct 01 16:30:31 UTC 2020
4 ms. Memory: 48128K Free: 27069K (56%)
ptolemy.util.test.WatchDog.cancel(): canceling Thu Oct 01 16:30:31 UTC 2020
auto.tcl: Setting watchdog for 200 seconds at Thu Oct 01 16:30:31 UTC 2020
3 ms. Memory: 48128K Free: 26664K (55%)
ptolemy.util.test.WatchDog.cancel(): canceling Thu Oct 01 16:30:31 UTC 2020
------------------ testing $PTII/ptolemy/domains/de/test/auto/DepthTest3.xml
auto.tcl: Setting watchdog for 200 seconds at Thu Oct 01 16:30:31 UTC 2020
3 ms. Memory: 48128K Free: 30554K (63%)
ptolemy.util.test.WatchDog.cancel(): canceling Thu Oct 01 16:30:31 UTC 2020
auto.tcl: Setting watchdog for 200 seconds at Thu Oct 01 16:30:31 UTC 2020
1 ms. Memory: 48128K Free: 30116K (63%)
ptolemy.util.test.WatchDog.cancel(): canceling Thu Oct 01 16:30:31 UTC 2020
------------------ testing $PTII/ptolemy/domains/de/test/auto/DepthTest4.xml
auto.tcl: Setting watchdog for 200 seconds at Thu Oct 01 16:30:31 UTC 2020
4 ms. Memory: 48128K Free: 28903K (60%)
ptolemy.util.test.WatchDog.cancel(): canceling Thu Oct 01 16:30:31 UTC 2020
auto.tcl: Setting watchdog for 200 seconds at Thu Oct 01 16:30:31 UTC 2020
3 ms. Memory: 48128K Free: 28159K (59%)
ptolemy.util.test.WatchDog.cancel(): canceling Thu Oct 01 16:30:31 UTC 2020
------------------ testing $PTII/ptolemy/domains/de/test/auto/DepthTest5.xml
auto.tcl: Setting watchdog for 200 seconds at Thu Oct 01 16:30:31 UTC 2020
3 ms. Memory: 48128K Free: 28300K (59%)
ptolemy.util.test.WatchDog.cancel(): canceling Thu Oct 01 16:30:31 UTC 2020
auto.tcl: Setting watchdog for 200 seconds at Thu Oct 01 16:30:31 UTC 2020
2 ms. Memory: 48128K Free: 27513K (57%)
ptolemy.util.test.WatchDog.cancel(): canceling Thu Oct 01 16:30:31 UTC 2020
------------------ testing $PTII/ptolemy/domains/de/test/auto/DepthTest6.xml
auto.tcl: Setting watchdog for 200 seconds at Thu Oct 01 16:30:31 UTC 2020
4 ms. Memory: 48128K Free: 27988K (58%)
ptolemy.util.test.WatchDog.cancel(): canceling Thu Oct 01 16:30:31 UTC 2020
auto.tcl: Setting watchdog for 200 seconds at Thu Oct 01 16:30:31 UTC 2020
3 ms. Memory: 48128K Free: 27575K (57%)
ptolemy.util.test.WatchDog.cancel(): canceling Thu Oct 01 16:30:31 UTC 2020
------------------ testing $PTII/ptolemy/domains/de/test/auto/DepthTest7.xml
auto.tcl: Setting watchdog for 200 seconds at Thu Oct 01 16:30:31 UTC 2020
3 ms. Memory: 48128K Free: 28828K (60%)
ptolemy.util.test.WatchDog.cancel(): canceling Thu Oct 01 16:30:31 UTC 2020
auto.tcl: Setting watchdog for 200 seconds at Thu Oct 01 16:30:31 UTC 2020
2 ms. Memory: 48128K Free: 28075K (58%)
ptolemy.util.test.WatchDog.cancel(): canceling Thu Oct 01 16:30:31 UTC 2020
------------------ testing $PTII/ptolemy/domains/de/test/auto/EventToDate.xml
auto.tcl: Setting watchdog for 200 seconds at Thu Oct 01 16:30:31 UTC 2020
3005 ms. Memory: 48128K Free: 19852K (41%)
ptolemy.util.test.WatchDog.cancel(): canceling Thu Oct 01 16:30:34 UTC 2020
auto.tcl: Setting watchdog for 200 seconds at Thu Oct 01 16:30:34 UTC 2020
3005 ms. Memory: 48128K Free: 18910K (39%)
ptolemy.util.test.WatchDog.cancel(): canceling Thu Oct 01 16:30:37 UTC 2020
------------------ testing $PTII/ptolemy/domains/de/test/auto/FSM1.xml
auto.tcl: Setting watchdog for 200 seconds at Thu Oct 01 16:30:37 UTC 2020
26 ms. Memory: 48128K Free: 20829K (43%)
ptolemy.util.test.WatchDog.cancel(): canceling Thu Oct 01 16:30:37 UTC 2020
auto.tcl: Setting watchdog for 200 seconds at Thu Oct 01 16:30:37 UTC 2020
17 ms. Memory: 48128K Free: 17590K (37%)
ptolemy.util.test.WatchDog.cancel(): canceling Thu Oct 01 16:30:37 UTC 2020
------------------ testing $PTII/ptolemy/domains/de/test/auto/FSM7.xml
auto.tcl: Setting watchdog for 200 seconds at Thu Oct 01 16:30:37 UTC 2020
23 ms. Memory: 48128K Free: 20519K (43%)
ptolemy.util.test.WatchDog.cancel(): canceling Thu Oct 01 16:30:37 UTC 2020
auto.tcl: Setting watchdog for 200 seconds at Thu Oct 01 16:30:37 UTC 2020
20 ms. Memory: 48128K Free: 17400K (36%)
ptolemy.util.test.WatchDog.cancel(): canceling Thu Oct 01 16:30:37 UTC 2020
------------------ testing $PTII/ptolemy/domains/de/test/auto/Inspection.xml
auto.tcl: Setting watchdog for 200 seconds at Thu Oct 01 16:30:37 UTC 2020
22 ms. Memory: 48128K Free: 20534K (43%)
ptolemy.util.test.WatchDog.cancel(): canceling Thu Oct 01 16:30:37 UTC 2020
auto.tcl: Setting watchdog for 200 seconds at Thu Oct 01 16:30:37 UTC 2020
26 ms. Memory: 48128K Free: 18810K (39%)
ptolemy.util.test.WatchDog.cancel(): canceling Thu Oct 01 16:30:37 UTC 2020
------------------ testing $PTII/ptolemy/domains/de/test/auto/Iteration.xml
auto.tcl: Setting watchdog for 200 seconds at Thu Oct 01 16:30:37 UTC 2020
7 ms. Memory: 48128K Free: 26063K (54%)
ptolemy.util.test.WatchDog.cancel(): canceling Thu Oct 01 16:30:38 UTC 2020
auto.tcl: Setting watchdog for 200 seconds at Thu Oct 01 16:30:38 UTC 2020
8 ms. Memory: 48128K Free: 24669K (51%)
ptolemy.util.test.WatchDog.cancel(): canceling Thu Oct 01 16:30:38 UTC 2020
------------------ testing $PTII/ptolemy/domains/de/test/auto/LineFault.xml
auto.tcl: Setting watchdog for 200 seconds at Thu Oct 01 16:30:38 UTC 2020
580 ms. Memory: 58368K Free: 37821K (65%)
ptolemy.util.test.WatchDog.cancel(): canceling Thu Oct 01 16:30:38 UTC 2020
auto.tcl: Setting watchdog for 200 seconds at Thu Oct 01 16:30:38 UTC 2020
478 ms. Memory: 58368K Free: 33073K (57%)
ptolemy.util.test.WatchDog.cancel(): canceling Thu Oct 01 16:30:39 UTC 2020
------------------ testing $PTII/ptolemy/domains/de/test/auto/MergeModel1Add.xml
auto.tcl: Setting watchdog for 200 seconds at Thu Oct 01 16:30:39 UTC 2020
29 ms. Memory: 58368K Free: 22261K (38%)
ptolemy.util.test.WatchDog.cancel(): canceling Thu Oct 01 16:30:39 UTC 2020
auto.tcl: Setting watchdog for 200 seconds at Thu Oct 01 16:30:39 UTC 2020
19 ms. Memory: 58368K Free: 20528K (35%)
ptolemy.util.test.WatchDog.cancel(): canceling Thu Oct 01 16:30:39 UTC 2020
------------------ testing $PTII/ptolemy/domains/de/test/auto/MergeModel2Add.xml
auto.tcl: Setting watchdog for 200 seconds at Thu Oct 01 16:30:39 UTC 2020
11 ms. Memory: 55296K Free: 21230K (38%)
ptolemy.util.test.WatchDog.cancel(): canceling Thu Oct 01 16:30:39 UTC 2020
auto.tcl: Setting watchdog for 200 seconds at Thu Oct 01 16:30:39 UTC 2020
8 ms. Memory: 55296K Free: 19762K (36%)
ptolemy.util.test.WatchDog.cancel(): canceling Thu Oct 01 16:30:39 UTC 2020
------------------ testing $PTII/ptolemy/domains/de/test/auto/MergeModel3Add.xml
auto.tcl: Setting watchdog for 200 seconds at Thu Oct 01 16:30:39 UTC 2020
8 ms. Memory: 55296K Free: 21261K (38%)
ptolemy.util.test.WatchDog.cancel(): canceling Thu Oct 01 16:30:39 UTC 2020
auto.tcl: Setting watchdog for 200 seconds at Thu Oct 01 16:30:39 UTC 2020
6 ms. Memory: 55296K Free: 19818K (36%)
ptolemy.util.test.WatchDog.cancel(): canceling Thu Oct 01 16:30:39 UTC 2020
------------------ testing $PTII/ptolemy/domains/de/test/auto/MergeWithoutDiscard.xml
auto.tcl: Setting watchdog for 200 seconds at Thu Oct 01 16:30:39 UTC 2020
1 ms. Memory: 51200K Free: 32049K (63%)
ptolemy.util.test.WatchDog.cancel(): canceling Thu Oct 01 16:30:39 UTC 2020
auto.tcl: Setting watchdog for 200 seconds at Thu Oct 01 16:30:39 UTC 2020
1 ms. Memory: 51200K Free: 31576K (62%)
ptolemy.util.test.WatchDog.cancel(): canceling Thu Oct 01 16:30:39 UTC 2020
------------------ testing $PTII/ptolemy/domains/de/test/auto/Modal1.xml
auto.tcl: Setting watchdog for 200 seconds at Thu Oct 01 16:30:39 UTC 2020
12 ms. Memory: 51200K Free: 24151K (47%)
ptolemy.util.test.WatchDog.cancel(): canceling Thu Oct 01 16:30:39 UTC 2020
auto.tcl: Setting watchdog for 200 seconds at Thu Oct 01 16:30:39 UTC 2020
15 ms. Memory: 51200K Free: 20608K (40%)
ptolemy.util.test.WatchDog.cancel(): canceling Thu Oct 01 16:30:39 UTC 2020
------------------ testing $PTII/ptolemy/domains/de/test/auto/Modal2.xml
auto.tcl: Setting watchdog for 200 seconds at Thu Oct 01 16:30:39 UTC 2020
19 ms. Memory: 51200K Free: 23770K (46%)
ptolemy.util.test.WatchDog.cancel(): canceling Thu Oct 01 16:30:39 UTC 2020
auto.tcl: Setting watchdog for 200 seconds at Thu Oct 01 16:30:39 UTC 2020
18 ms. Memory: 51200K Free: 20494K (40%)
ptolemy.util.test.WatchDog.cancel(): canceling Thu Oct 01 16:30:40 UTC 2020
------------------ testing $PTII/ptolemy/domains/de/test/auto/Modal3.xml
auto.tcl: Setting watchdog for 200 seconds at Thu Oct 01 16:30:40 UTC 2020
15 ms. Memory: 51200K Free: 23770K (46%)
ptolemy.util.test.WatchDog.cancel(): canceling Thu Oct 01 16:30:40 UTC 2020
auto.tcl: Setting watchdog for 200 seconds at Thu Oct 01 16:30:40 UTC 2020
15 ms. Memory: 51200K Free: 20523K (40%)
ptolemy.util.test.WatchDog.cancel(): canceling Thu Oct 01 16:30:40 UTC 2020
------------------ testing $PTII/ptolemy/domains/de/test/auto/Modal4.xml
auto.tcl: Setting watchdog for 200 seconds at Thu Oct 01 16:30:40 UTC 2020
13 ms. Memory: 51200K Free: 22728K (44%)
ptolemy.util.test.WatchDog.cancel(): canceling Thu Oct 01 16:30:40 UTC 2020
auto.tcl: Setting watchdog for 200 seconds at Thu Oct 01 16:30:40 UTC 2020
14 ms. Memory: 51200K Free: 18904K (37%)
ptolemy.util.test.WatchDog.cancel(): canceling Thu Oct 01 16:30:40 UTC 2020
------------------ testing $PTII/ptolemy/domains/de/test/auto/Modal5.xml
auto.tcl: Setting watchdog for 200 seconds at Thu Oct 01 16:30:40 UTC 2020
14 ms. Memory: 51200K Free: 22728K (44%)
ptolemy.util.test.WatchDog.cancel(): canceling Thu Oct 01 16:30:40 UTC 2020
auto.tcl: Setting watchdog for 200 seconds at Thu Oct 01 16:30:40 UTC 2020
12 ms. Memory: 51200K Free: 19080K (37%)
ptolemy.util.test.WatchDog.cancel(): canceling Thu Oct 01 16:30:40 UTC 2020
------------------ testing $PTII/ptolemy/domains/de/test/auto/Modal6.xml
auto.tcl: Setting watchdog for 200 seconds at Thu Oct 01 16:30:40 UTC 2020
18 ms. Memory: 51200K Free: 23721K (46%)
ptolemy.util.test.WatchDog.cancel(): canceling Thu Oct 01 16:30:40 UTC 2020
auto.tcl: Setting watchdog for 200 seconds at Thu Oct 01 16:30:40 UTC 2020
14 ms. Memory: 51200K Free: 19512K (38%)
ptolemy.util.test.WatchDog.cancel(): canceling Thu Oct 01 16:30:40 UTC 2020
------------------ testing $PTII/ptolemy/domains/de/test/auto/Modal7.xml
auto.tcl: Setting watchdog for 200 seconds at Thu Oct 01 16:30:40 UTC 2020
9 ms. Memory: 51200K Free: 22698K (44%)
ptolemy.util.test.WatchDog.cancel(): canceling Thu Oct 01 16:30:40 UTC 2020
auto.tcl: Setting watchdog for 200 seconds at Thu Oct 01 16:30:40 UTC 2020
10 ms. Memory: 51200K Free: 19107K (37%)
ptolemy.util.test.WatchDog.cancel(): canceling Thu Oct 01 16:30:40 UTC 2020
------------------ testing $PTII/ptolemy/domains/de/test/auto/ModalModel.xml
auto.tcl: Setting watchdog for 200 seconds at Thu Oct 01 16:30:40 UTC 2020
177 ms. Memory: 51200K Free: 16974K (33%)
ptolemy.util.test.WatchDog.cancel(): canceling Thu Oct 01 16:30:40 UTC 2020
auto.tcl: Setting watchdog for 200 seconds at Thu Oct 01 16:30:40 UTC 2020
184 ms. Memory: 62464K Free: 26302K (42%)
ptolemy.util.test.WatchDog.cancel(): canceling Thu Oct 01 16:30:41 UTC 2020
------------------ testing $PTII/ptolemy/domains/de/test/auto/ModalSource.xml
auto.tcl: Setting watchdog for 200 seconds at Thu Oct 01 16:30:41 UTC 2020
6 ms. Memory: 55296K Free: 31660K (57%)
ptolemy.util.test.WatchDog.cancel(): canceling Thu Oct 01 16:30:41 UTC 2020
auto.tcl: Setting watchdog for 200 seconds at Thu Oct 01 16:30:41 UTC 2020
5 ms. Memory: 55296K Free: 29717K (54%)
ptolemy.util.test.WatchDog.cancel(): canceling Thu Oct 01 16:30:41 UTC 2020
------------------ testing $PTII/ptolemy/domains/de/test/auto/NonInterruptibleTimerZeroDelay.xml
auto.tcl: Setting watchdog for 200 seconds at Thu Oct 01 16:30:41 UTC 2020
3 ms. Memory: 51200K Free: 32484K (63%)
ptolemy.util.test.WatchDog.cancel(): canceling Thu Oct 01 16:30:41 UTC 2020
auto.tcl: Setting watchdog for 200 seconds at Thu Oct 01 16:30:41 UTC 2020
2 ms. Memory: 51200K Free: 31840K (62%)
ptolemy.util.test.WatchDog.cancel(): canceling Thu Oct 01 16:30:41 UTC 2020
------------------ testing $PTII/ptolemy/domains/de/test/auto/OpenQueueingNetwork.xml
auto.tcl: Setting watchdog for 200 seconds at Thu Oct 01 16:30:41 UTC 2020
2889 ms. Memory: 115712K Free: 75601K (65%)
ptolemy.util.test.WatchDog.cancel(): canceling Thu Oct 01 16:30:44 UTC 2020
auto.tcl: Setting watchdog for 200 seconds at Thu Oct 01 16:30:44 UTC 2020
2350 ms. Memory: 139264K Free: 64839K (47%)
ptolemy.util.test.WatchDog.cancel(): canceling Thu Oct 01 16:30:46 UTC 2020
------------------ testing $PTII/ptolemy/domains/de/test/auto/OpenQueuingNetwork.xml
auto.tcl: Setting watchdog for 200 seconds at Thu Oct 01 16:30:46 UTC 2020
220 ms. Memory: 58368K Free: 31672K (54%)
ptolemy.util.test.WatchDog.cancel(): canceling Thu Oct 01 16:30:46 UTC 2020
auto.tcl: Setting watchdog for 200 seconds at Thu Oct 01 16:30:46 UTC 2020
215 ms. Memory: 58368K Free: 12623K (22%)
ptolemy.util.test.WatchDog.cancel(): canceling Thu Oct 01 16:30:47 UTC 2020
------------------ testing $PTII/ptolemy/domains/de/test/auto/PeriodicSampler.xml
auto.tcl: Setting watchdog for 200 seconds at Thu Oct 01 16:30:47 UTC 2020
2 ms. Memory: 55296K Free: 35794K (65%)
ptolemy.util.test.WatchDog.cancel(): canceling Thu Oct 01 16:30:47 UTC 2020
auto.tcl: Setting watchdog for 200 seconds at Thu Oct 01 16:30:47 UTC 2020
2 ms. Memory: 55296K Free: 35266K (64%)
ptolemy.util.test.WatchDog.cancel(): canceling Thu Oct 01 16:30:47 UTC 2020
------------------ testing $PTII/ptolemy/domains/de/test/auto/PersistentIO.xml
auto.tcl: Setting watchdog for 200 seconds at Thu Oct 01 16:30:47 UTC 2020
16 ms. Memory: 51200K Free: 26623K (52%)
ptolemy.util.test.WatchDog.cancel(): canceling Thu Oct 01 16:30:47 UTC 2020
auto.tcl: Setting watchdog for 200 seconds at Thu Oct 01 16:30:47 UTC 2020
4 ms. Memory: 51200K Free: 25103K (49%)
ptolemy.util.test.WatchDog.cancel(): canceling Thu Oct 01 16:30:47 UTC 2020
------------------ testing $PTII/ptolemy/domains/de/test/auto/PortParameterResetOnInitialize.xml
auto.tcl: Setting watchdog for 200 seconds at Thu Oct 01 16:30:47 UTC 2020
3 ms. Memory: 51200K Free: 31607K (62%)
ptolemy.util.test.WatchDog.cancel(): canceling Thu Oct 01 16:30:47 UTC 2020
auto.tcl: Setting watchdog for 200 seconds at Thu Oct 01 16:30:47 UTC 2020
1 ms. Memory: 51200K Free: 31111K (61%)
ptolemy.util.test.WatchDog.cancel(): canceling Thu Oct 01 16:30:47 UTC 2020
------------------ testing $PTII/ptolemy/domains/de/test/auto/PortParameterUpdates.xml
auto.tcl: Setting watchdog for 200 seconds at Thu Oct 01 16:30:47 UTC 2020
5 ms. Memory: 51200K Free: 29691K (58%)
ptolemy.util.test.WatchDog.cancel(): canceling Thu Oct 01 16:30:47 UTC 2020
auto.tcl: Setting watchdog for 200 seconds at Thu Oct 01 16:30:47 UTC 2020
3 ms. Memory: 51200K Free: 28651K (56%)
ptolemy.util.test.WatchDog.cancel(): canceling Thu Oct 01 16:30:47 UTC 2020
------------------ testing $PTII/ptolemy/domains/de/test/auto/QueueAndServer.xml
auto.tcl: Setting watchdog for 200 seconds at Thu Oct 01 16:30:47 UTC 2020
12 ms. Memory: 51200K Free: 28645K (56%)
ptolemy.util.test.WatchDog.cancel(): canceling Thu Oct 01 16:30:47 UTC 2020
auto.tcl: Setting watchdog for 200 seconds at Thu Oct 01 16:30:47 UTC 2020
8 ms. Memory: 51200K Free: 27111K (53%)
ptolemy.util.test.WatchDog.cancel(): canceling Thu Oct 01 16:30:47 UTC 2020
------------------ testing $PTII/ptolemy/domains/de/test/auto/Records.xml
auto.tcl: Setting watchdog for 200 seconds at Thu Oct 01 16:30:47 UTC 2020
5 ms. Memory: 51200K Free: 30860K (60%)
ptolemy.util.test.WatchDog.cancel(): canceling Thu Oct 01 16:30:47 UTC 2020
auto.tcl: Setting watchdog for 200 seconds at Thu Oct 01 16:30:47 UTC 2020
2 ms. Memory: 51200K Free: 30325K (59%)
ptolemy.util.test.WatchDog.cancel(): canceling Thu Oct 01 16:30:47 UTC 2020
------------------ testing $PTII/ptolemy/domains/de/test/auto/ResetTransitionWithStartTime1.xml
auto.tcl: Setting watchdog for 200 seconds at Thu Oct 01 16:30:47 UTC 2020
6 ms. Memory: 51200K Free: 28108K (55%)
ptolemy.util.test.WatchDog.cancel(): canceling Thu Oct 01 16:30:47 UTC 2020
auto.tcl: Setting watchdog for 200 seconds at Thu Oct 01 16:30:47 UTC 2020
5 ms. Memory: 51200K Free: 26060K (51%)
ptolemy.util.test.WatchDog.cancel(): canceling Thu Oct 01 16:30:47 UTC 2020
------------------ testing $PTII/ptolemy/domains/de/test/auto/ResetTransitionWithStartTime2.xml
auto.tcl: Setting watchdog for 200 seconds at Thu Oct 01 16:30:47 UTC 2020
7 ms. Memory: 51200K Free: 28062K (55%)
ptolemy.util.test.WatchDog.cancel(): canceling Thu Oct 01 16:30:47 UTC 2020
auto.tcl: Setting watchdog for 200 seconds at Thu Oct 01 16:30:47 UTC 2020
8 ms. Memory: 51200K Free: 26014K (51%)
ptolemy.util.test.WatchDog.cancel(): canceling Thu Oct 01 16:30:47 UTC 2020
------------------ testing $PTII/ptolemy/domains/de/test/auto/ResetTransitionWithStartTime3.xml
auto.tcl: Setting watchdog for 200 seconds at Thu Oct 01 16:30:47 UTC 2020
10 ms. Memory: 51200K Free: 28062K (55%)
ptolemy.util.test.WatchDog.cancel(): canceling Thu Oct 01 16:30:47 UTC 2020
auto.tcl: Setting watchdog for 200 seconds at Thu Oct 01 16:30:47 UTC 2020
7 ms. Memory: 51200K Free: 26021K (51%)
ptolemy.util.test.WatchDog.cancel(): canceling Thu Oct 01 16:30:47 UTC 2020
------------------ testing $PTII/ptolemy/domains/de/test/auto/ResetTransitionWithStartTime4.xml
auto.tcl: Setting watchdog for 200 seconds at Thu Oct 01 16:30:47 UTC 2020
11 ms. Memory: 51200K Free: 28509K (56%)
ptolemy.util.test.WatchDog.cancel(): canceling Thu Oct 01 16:30:47 UTC 2020
auto.tcl: Setting watchdog for 200 seconds at Thu Oct 01 16:30:47 UTC 2020
4 ms. Memory: 51200K Free: 27037K (53%)
ptolemy.util.test.WatchDog.cancel(): canceling Thu Oct 01 16:30:47 UTC 2020
------------------ testing $PTII/ptolemy/domains/de/test/auto/ResettableTimer1.xml
auto.tcl: Setting watchdog for 200 seconds at Thu Oct 01 16:30:48 UTC 2020
4 ms. Memory: 51200K Free: 32277K (63%)
ptolemy.util.test.WatchDog.cancel(): canceling Thu Oct 01 16:30:48 UTC 2020
auto.tcl: Setting watchdog for 200 seconds at Thu Oct 01 16:30:48 UTC 2020
2 ms. Memory: 51200K Free: 31620K (62%)
ptolemy.util.test.WatchDog.cancel(): canceling Thu Oct 01 16:30:48 UTC 2020
------------------ testing $PTII/ptolemy/domains/de/test/auto/ResettableTimer2.xml
auto.tcl: Setting watchdog for 200 seconds at Thu Oct 01 16:30:48 UTC 2020
2 ms. Memory: 51200K Free: 32294K (63%)
ptolemy.util.test.WatchDog.cancel(): canceling Thu Oct 01 16:30:48 UTC 2020
auto.tcl: Setting watchdog for 200 seconds at Thu Oct 01 16:30:48 UTC 2020
2 ms. Memory: 51200K Free: 31667K (62%)
ptolemy.util.test.WatchDog.cancel(): canceling Thu Oct 01 16:30:48 UTC 2020
------------------ testing $PTII/ptolemy/domains/de/test/auto/ResettableTimer3.xml
auto.tcl: Setting watchdog for 200 seconds at Thu Oct 01 16:30:48 UTC 2020
1 ms. Memory: 51200K Free: 32195K (63%)
ptolemy.util.test.WatchDog.cancel(): canceling Thu Oct 01 16:30:48 UTC 2020
auto.tcl: Setting watchdog for 200 seconds at Thu Oct 01 16:30:48 UTC 2020
1 ms. Memory: 51200K Free: 32195K (63%)
ptolemy.util.test.WatchDog.cancel(): canceling Thu Oct 01 16:30:48 UTC 2020
------------------ testing $PTII/ptolemy/domains/de/test/auto/ResettableTimer4.xml
auto.tcl: Setting watchdog for 200 seconds at Thu Oct 01 16:30:48 UTC 2020
1 ms. Memory: 51200K Free: 32208K (63%)
ptolemy.util.test.WatchDog.cancel(): canceling Thu Oct 01 16:30:48 UTC 2020
auto.tcl: Setting watchdog for 200 seconds at Thu Oct 01 16:30:48 UTC 2020
1 ms. Memory: 51200K Free: 31694K (62%)
ptolemy.util.test.WatchDog.cancel(): canceling Thu Oct 01 16:30:48 UTC 2020
------------------ testing $PTII/ptolemy/domains/de/test/auto/ResettableTimer5.xml
auto.tcl: Setting watchdog for 200 seconds at Thu Oct 01 16:30:48 UTC 2020
1 ms. Memory: 51200K Free: 31692K (62%)
ptolemy.util.test.WatchDog.cancel(): canceling Thu Oct 01 16:30:48 UTC 2020
auto.tcl: Setting watchdog for 200 seconds at Thu Oct 01 16:30:48 UTC 2020
1 ms. Memory: 51200K Free: 31692K (62%)
ptolemy.util.test.WatchDog.cancel(): canceling Thu Oct 01 16:30:48 UTC 2020
------------------ testing $PTII/ptolemy/domains/de/test/auto/ResettableTimer6.xml
auto.tcl: Setting watchdog for 200 seconds at Thu Oct 01 16:30:48 UTC 2020
2 ms. Memory: 51200K Free: 31683K (62%)
ptolemy.util.test.WatchDog.cancel(): canceling Thu Oct 01 16:30:48 UTC 2020
auto.tcl: Setting watchdog for 200 seconds at Thu Oct 01 16:30:48 UTC 2020
1 ms. Memory: 51200K Free: 31173K (61%)
ptolemy.util.test.WatchDog.cancel(): canceling Thu Oct 01 16:30:48 UTC 2020
------------------ testing $PTII/ptolemy/domains/de/test/auto/ServerZeroDelay.xml
auto.tcl: Setting watchdog for 200 seconds at Thu Oct 01 16:30:48 UTC 2020
4 ms. Memory: 51200K Free: 32188K (63%)
ptolemy.util.test.WatchDog.cancel(): canceling Thu Oct 01 16:30:48 UTC 2020
auto.tcl: Setting watchdog for 200 seconds at Thu Oct 01 16:30:48 UTC 2020
2 ms. Memory: 51200K Free: 31164K (61%)
ptolemy.util.test.WatchDog.cancel(): canceling Thu Oct 01 16:30:48 UTC 2020
------------------ testing $PTII/ptolemy/domains/de/test/auto/SmartSender.xml
auto.tcl: Setting watchdog for 200 seconds at Thu Oct 01 16:30:48 UTC 2020
3001 ms. Memory: 51200K Free: 32182K (63%)
ptolemy.util.test.WatchDog.cancel(): canceling Thu Oct 01 16:30:51 UTC 2020
auto.tcl: Setting watchdog for 200 seconds at Thu Oct 01 16:30:51 UTC 2020
3003 ms. Memory: 51200K Free: 31654K (62%)
ptolemy.util.test.WatchDog.cancel(): canceling Thu Oct 01 16:30:54 UTC 2020
------------------ testing $PTII/ptolemy/domains/de/test/auto/ThreadedComposite.xml
auto.tcl: Setting watchdog for 200 seconds at Thu Oct 01 16:30:54 UTC 2020
192 ms. Memory: 51200K Free: 13250K (26%)
ptolemy.util.test.WatchDog.cancel(): canceling Thu Oct 01 16:30:54 UTC 2020
auto.tcl: Setting watchdog for 200 seconds at Thu Oct 01 16:30:54 UTC 2020
132 ms. Memory: 51200K Free: 29406K (57%)
ptolemy.util.test.WatchDog.cancel(): canceling Thu Oct 01 16:30:54 UTC 2020
------------------ testing $PTII/ptolemy/domains/de/test/auto/Time.xml
auto.tcl: Setting watchdog for 200 seconds at Thu Oct 01 16:30:54 UTC 2020
484 ms. Memory: 51200K Free: 34844K (68%)
ptolemy.util.test.WatchDog.cancel(): canceling Thu Oct 01 16:30:55 UTC 2020
auto.tcl: Setting watchdog for 200 seconds at Thu Oct 01 16:30:55 UTC 2020
475 ms. Memory: 67584K Free: 24599K (36%)
ptolemy.util.test.WatchDog.cancel(): canceling Thu Oct 01 16:30:55 UTC 2020
------------------ testing $PTII/ptolemy/domains/de/test/auto/TimeDelayZeroDelay.xml
auto.tcl: Setting watchdog for 200 seconds at Thu Oct 01 16:30:55 UTC 2020
2 ms. Memory: 51200K Free: 32112K (63%)
ptolemy.util.test.WatchDog.cancel(): canceling Thu Oct 01 16:30:55 UTC 2020
auto.tcl: Setting watchdog for 200 seconds at Thu Oct 01 16:30:55 UTC 2020
1 ms. Memory: 51200K Free: 31648K (62%)
ptolemy.util.test.WatchDog.cancel(): canceling Thu Oct 01 16:30:55 UTC 2020
------------------ testing $PTII/ptolemy/domains/de/test/auto/TimerZeroDelay.xml
auto.tcl: Setting watchdog for 200 seconds at Thu Oct 01 16:30:56 UTC 2020
4 ms. Memory: 51200K Free: 32513K (64%)
ptolemy.util.test.WatchDog.cancel(): canceling Thu Oct 01 16:30:56 UTC 2020
auto.tcl: Setting watchdog for 200 seconds at Thu Oct 01 16:30:56 UTC 2020
2 ms. Memory: 51200K Free: 32155K (63%)
ptolemy.util.test.WatchDog.cancel(): canceling Thu Oct 01 16:30:56 UTC 2020
------------------ testing $PTII/ptolemy/domains/de/test/auto/TimingParadox.xml
auto.tcl: Setting watchdog for 200 seconds at Thu Oct 01 16:30:56 UTC 2020
343 ms. Memory: 51200K Free: 19240K (38%)
ptolemy.util.test.WatchDog.cancel(): canceling Thu Oct 01 16:30:56 UTC 2020
auto.tcl: Setting watchdog for 200 seconds at Thu Oct 01 16:30:56 UTC 2020
361 ms. Memory: 51200K Free: 34636K (68%)
ptolemy.util.test.WatchDog.cancel(): canceling Thu Oct 01 16:30:56 UTC 2020
------------------ testing $PTII/ptolemy/domains/de/test/auto/TransferInputs.xml
auto.tcl: Setting watchdog for 200 seconds at Thu Oct 01 16:30:56 UTC 2020
2 ms. Memory: 51200K Free: 30623K (60%)
ptolemy.util.test.WatchDog.cancel(): canceling Thu Oct 01 16:30:56 UTC 2020
auto.tcl: Setting watchdog for 200 seconds at Thu Oct 01 16:30:56 UTC 2020
2 ms. Memory: 51200K Free: 29738K (58%)
ptolemy.util.test.WatchDog.cancel(): canceling Thu Oct 01 16:30:56 UTC 2020
------------------ testing $PTII/ptolemy/domains/de/test/auto/TransferOutputs2.xml
auto.tcl: Setting watchdog for 200 seconds at Thu Oct 01 16:30:57 UTC 2020
11 ms. Memory: 51200K Free: 28066K (55%)
ptolemy.util.test.WatchDog.cancel(): canceling Thu Oct 01 16:30:57 UTC 2020
auto.tcl: Setting watchdog for 200 seconds at Thu Oct 01 16:30:57 UTC 2020
3 ms. Memory: 51200K Free: 26639K (52%)
ptolemy.util.test.WatchDog.cancel(): canceling Thu Oct 01 16:30:57 UTC 2020
------------------ testing $PTII/ptolemy/domains/de/test/auto/Trilateration.xml
auto.tcl: Setting watchdog for 200 seconds at Thu Oct 01 16:30:57 UTC 2020
12915 ms. Memory: 390144K Free: 226213K (58%)
ptolemy.util.test.WatchDog.cancel(): canceling Thu Oct 01 16:31:11 UTC 2020
auto.tcl: Setting watchdog for 200 seconds at Thu Oct 01 16:31:11 UTC 2020
9416 ms. Memory: 390144K Free: 355725K (91%)
ptolemy.util.test.WatchDog.cancel(): canceling Thu Oct 01 16:31:20 UTC 2020
------------------ testing $PTII/ptolemy/domains/de/test/auto/TwoSigmaDelta.xml
auto.tcl: Setting watchdog for 200 seconds at Thu Oct 01 16:31:20 UTC 2020
2341 ms. Memory: 89088K Free: 18506K (21%)
ptolemy.util.test.WatchDog.cancel(): canceling Thu Oct 01 16:31:23 UTC 2020
auto.tcl: Setting watchdog for 200 seconds at Thu Oct 01 16:31:23 UTC 2020
1859 ms. Memory: 89088K Free: 15459K (17%)
ptolemy.util.test.WatchDog.cancel(): canceling Thu Oct 01 16:31:24 UTC 2020
------------------ testing $PTII/ptolemy/domains/de/test/auto/VariableDelay.xml
auto.tcl: Setting watchdog for 200 seconds at Thu Oct 01 16:31:24 UTC 2020
3 ms. Memory: 58368K Free: 38286K (66%)
ptolemy.util.test.WatchDog.cancel(): canceling Thu Oct 01 16:31:24 UTC 2020
auto.tcl: Setting watchdog for 200 seconds at Thu Oct 01 16:31:24 UTC 2020
2 ms. Memory: 58368K Free: 37246K (64%)
ptolemy.util.test.WatchDog.cancel(): canceling Thu Oct 01 16:31:24 UTC 2020
------------------ testing $PTII/ptolemy/domains/de/test/auto/VariableDelay2.xml
auto.tcl: Setting watchdog for 200 seconds at Thu Oct 01 16:31:24 UTC 2020
3 ms. Memory: 51200K Free: 31426K (61%)
ptolemy.util.test.WatchDog.cancel(): canceling Thu Oct 01 16:31:25 UTC 2020
auto.tcl: Setting watchdog for 200 seconds at Thu Oct 01 16:31:25 UTC 2020
1 ms. Memory: 51200K Free: 30476K (60%)
ptolemy.util.test.WatchDog.cancel(): canceling Thu Oct 01 16:31:25 UTC 2020
------------------ testing $PTII/ptolemy/domains/de/test/auto/VariableDelayZeroDelay.xml
auto.tcl: Setting watchdog for 200 seconds at Thu Oct 01 16:31:25 UTC 2020
2 ms. Memory: 51200K Free: 32044K (63%)
ptolemy.util.test.WatchDog.cancel(): canceling Thu Oct 01 16:31:25 UTC 2020
auto.tcl: Setting watchdog for 200 seconds at Thu Oct 01 16:31:25 UTC 2020
2 ms. Memory: 51200K Free: 31530K (62%)
ptolemy.util.test.WatchDog.cancel(): canceling Thu Oct 01 16:31:25 UTC 2020
------------------ testing $PTII/ptolemy/domains/de/test/auto/VariableDelayZeroDelay2.xml
auto.tcl: Setting watchdog for 200 seconds at Thu Oct 01 16:31:25 UTC 2020
3 ms. Memory: 51200K Free: 32042K (63%)
ptolemy.util.test.WatchDog.cancel(): canceling Thu Oct 01 16:31:25 UTC 2020
auto.tcl: Setting watchdog for 200 seconds at Thu Oct 01 16:31:25 UTC 2020
2 ms. Memory: 51200K Free: 31018K (61%)
ptolemy.util.test.WatchDog.cancel(): canceling Thu Oct 01 16:31:25 UTC 2020
------------------ testing $PTII/ptolemy/domains/de/test/auto/deInCt.xml
auto.tcl: Setting watchdog for 200 seconds at Thu Oct 01 16:31:25 UTC 2020
0
1
1
1
0
0
0
1
1
1
1
1
0
0
0
1
1
1
1
1
1
0
0
0
1
1
1
1
0
0
0
0
12 ms. Memory: 51200K Free: 31016K (61%)
ptolemy.util.test.WatchDog.cancel(): canceling Thu Oct 01 16:31:25 UTC 2020
auto.tcl: Setting watchdog for 200 seconds at Thu Oct 01 16:31:25 UTC 2020
0
1
1
1
1
0
0
0
1
1
1
1
0
0
0
1
1
0
0
0
0
0
1
1
1
1
0
0
0
1
1
1
0
0
0
0
0
6 ms. Memory: 51200K Free: 29478K (58%)
ptolemy.util.test.WatchDog.cancel(): canceling Thu Oct 01 16:31:25 UTC 2020
------------------ testing $PTII/ptolemy/domains/de/test/auto/deInCt2.xml
auto.tcl: Setting watchdog for 200 seconds at Thu Oct 01 16:31:25 UTC 2020
0
1
1
1
0
0
1
1
1
0
0
1
1
1
0
0
1
1
1
0
0
1
1
1
0
0
1
1
1
0
0
1
1
1
0
0
1
1
1
0
0
0
8 ms. Memory: 51200K Free: 31018K (61%)
ptolemy.util.test.WatchDog.cancel(): canceling Thu Oct 01 16:31:25 UTC 2020
auto.tcl: Setting watchdog for 200 seconds at Thu Oct 01 16:31:25 UTC 2020
0
1
1
1
0
0
1
1
1
0
0
1
1
1
0
0
1
1
1
0
0
1
1
1
0
0
1
1
1
0
0
1
1
1
0
0
1
1
1
0
0
0
9 ms. Memory: 51200K Free: 29480K (58%)
ptolemy.util.test.WatchDog.cancel(): canceling Thu Oct 01 16:31:25 UTC 2020
------------------ testing $PTII/ptolemy/domains/de/test/auto/dynamicCausalityInterface1.xml
auto.tcl: Setting watchdog for 200 seconds at Thu Oct 01 16:31:25 UTC 2020
1 ms. Memory: 51200K Free: 26917K (53%)
ptolemy.util.test.WatchDog.cancel(): canceling Thu Oct 01 16:31:25 UTC 2020
auto.tcl: Setting watchdog for 200 seconds at Thu Oct 01 16:31:25 UTC 2020
1 ms. Memory: 51200K Free: 26403K (52%)
ptolemy.util.test.WatchDog.cancel(): canceling Thu Oct 01 16:31:25 UTC 2020
------------------ testing $PTII/ptolemy/domains/de/test/auto/fsm_de_test.xml
auto.tcl: Setting watchdog for 200 seconds at Thu Oct 01 16:31:25 UTC 2020
11 ms. Memory: 51200K Free: 26815K (52%)
ptolemy.util.test.WatchDog.cancel(): canceling Thu Oct 01 16:31:25 UTC 2020
auto.tcl: Setting watchdog for 200 seconds at Thu Oct 01 16:31:25 UTC 2020
9 ms. Memory: 51200K Free: 24771K (48%)
ptolemy.util.test.WatchDog.cancel(): canceling Thu Oct 01 16:31:25 UTC 2020
------------------ testing $PTII/ptolemy/domains/de/test/auto/functionDependencyReconstruction.xml
auto.tcl: Setting watchdog for 200 seconds at Thu Oct 01 16:31:25 UTC 2020
3 ms. Memory: 51200K Free: 20661K (40%)
ptolemy.util.test.WatchDog.cancel(): canceling Thu Oct 01 16:31:25 UTC 2020
auto.tcl: Setting watchdog for 200 seconds at Thu Oct 01 16:31:25 UTC 2020
3 ms. Memory: 51200K Free: 18613K (36%)
ptolemy.util.test.WatchDog.cancel(): canceling Thu Oct 01 16:31:25 UTC 2020
------------------ testing $PTII/ptolemy/domains/de/test/auto/multirate.xml
auto.tcl: Setting watchdog for 200 seconds at Thu Oct 01 16:31:25 UTC 2020
5 ms. Memory: 51200K Free: 29230K (57%)
ptolemy.util.test.WatchDog.cancel(): canceling Thu Oct 01 16:31:25 UTC 2020
auto.tcl: Setting watchdog for 200 seconds at Thu Oct 01 16:31:25 UTC 2020
3 ms. Memory: 51200K Free: 27712K (54%)
ptolemy.util.test.WatchDog.cancel(): canceling Thu Oct 01 16:31:25 UTC 2020
------------------ testing $PTII/ptolemy/domains/de/test/auto/multirate2.xml
auto.tcl: Setting watchdog for 200 seconds at Thu Oct 01 16:31:25 UTC 2020
3 ms. Memory: 51200K Free: 29411K (57%)
ptolemy.util.test.WatchDog.cancel(): canceling Thu Oct 01 16:31:25 UTC 2020
auto.tcl: Setting watchdog for 200 seconds at Thu Oct 01 16:31:25 UTC 2020
3 ms. Memory: 51200K Free: 27891K (54%)
ptolemy.util.test.WatchDog.cancel(): canceling Thu Oct 01 16:31:25 UTC 2020
------------------ testing $PTII/ptolemy/domains/de/test/auto/realtime.xml
auto.tcl: Setting watchdog for 200 seconds at Thu Oct 01 16:31:25 UTC 2020
10002 ms. Memory: 51200K Free: 31687K (62%)
ptolemy.util.test.WatchDog.cancel(): canceling Thu Oct 01 16:31:35 UTC 2020
auto.tcl: Setting watchdog for 200 seconds at Thu Oct 01 16:31:35 UTC 2020
10001 ms. Memory: 51200K Free: 30962K (60%)
ptolemy.util.test.WatchDog.cancel(): canceling Thu Oct 01 16:31:45 UTC 2020
------------------ testing $PTII/ptolemy/domains/de/test/auto/relationGroup.xml
auto.tcl: Setting watchdog for 200 seconds at Thu Oct 01 16:31:45 UTC 2020
2 ms. Memory: 51200K Free: 32766K (64%)
ptolemy.util.test.WatchDog.cancel(): canceling Thu Oct 01 16:31:45 UTC 2020
auto.tcl: Setting watchdog for 200 seconds at Thu Oct 01 16:31:45 UTC 2020
1 ms. Memory: 51200K Free: 32254K (63%)
ptolemy.util.test.WatchDog.cancel(): canceling Thu Oct 01 16:31:45 UTC 2020
------------------ testing $PTII/ptolemy/domains/de/test/auto/relationGroup2.xml
auto.tcl: Setting watchdog for 200 seconds at Thu Oct 01 16:31:45 UTC 2020
1 ms. Memory: 51200K Free: 32576K (64%)
ptolemy.util.test.WatchDog.cancel(): canceling Thu Oct 01 16:31:45 UTC 2020
auto.tcl: Setting watchdog for 200 seconds at Thu Oct 01 16:31:45 UTC 2020
1 ms. Memory: 51200K Free: 32066K (63%)
ptolemy.util.test.WatchDog.cancel(): canceling Thu Oct 01 16:31:45 UTC 2020
------------------ testing $PTII/ptolemy/domains/de/test/auto/sortWithOpaquePorts.xml
auto.tcl: Setting watchdog for 200 seconds at Thu Oct 01 16:31:45 UTC 2020
2 ms. Memory: 51200K Free: 32067K (63%)
ptolemy.util.test.WatchDog.cancel(): canceling Thu Oct 01 16:31:45 UTC 2020
auto.tcl: Setting watchdog for 200 seconds at Thu Oct 01 16:31:45 UTC 2020
2 ms. Memory: 51200K Free: 30529K (60%)
ptolemy.util.test.WatchDog.cancel(): canceling Thu Oct 01 16:31:45 UTC 2020
------------------ testing $PTII/ptolemy/domains/de/test/auto/transferInputsandOutputs.xml
auto.tcl: Setting watchdog for 200 seconds at Thu Oct 01 16:31:45 UTC 2020
4 ms. Memory: 51200K Free: 28983K (57%)
ptolemy.util.test.WatchDog.cancel(): canceling Thu Oct 01 16:31:46 UTC 2020
auto.tcl: Setting watchdog for 200 seconds at Thu Oct 01 16:31:46 UTC 2020
2 ms. Memory: 51200K Free: 27959K (55%)
ptolemy.util.test.WatchDog.cancel(): canceling Thu Oct 01 16:31:46 UTC 2020
------------------ testing $PTII/ptolemy/domains/de/test/auto/triggerType.xml
auto.tcl: Setting watchdog for 200 seconds at Thu Oct 01 16:31:46 UTC 2020
2 ms. Memory: 51200K Free: 32008K (63%)
ptolemy.util.test.WatchDog.cancel(): canceling Thu Oct 01 16:31:46 UTC 2020
auto.tcl: Setting watchdog for 200 seconds at Thu Oct 01 16:31:46 UTC 2020
2 ms. Memory: 51200K Free: 30984K (61%)
ptolemy.util.test.WatchDog.cancel(): canceling Thu Oct 01 16:31:46 UTC 2020
10/01/20 04:31:46
Failed: 0  Total Tests: 192  ((Passed: 187, Newly Passed: 1)  Known Failed: 5) /home/travis/build/icyphy/ptII/ptolemy/domains/de/test
10/01/20 04:31:46
Failed: 0  Total Tests: 192  ((Passed: 187, Newly Passed: 1)  Known Failed: 5) /home/travis/build/icyphy/ptII/ptolemy/domains/de/test
----------------- testing (KnownFailure) /home/travis/build/icyphy/ptII/ptolemy/domains/de/test/auto/knownFailedTests/DESDFClockTest.xml
2011 ms. Memory: 51200K Free: 24893K (49%)
Known Failure: java.lang.reflect.InvocationTargetException
----------------- testing (KnownFailure) /home/travis/build/icyphy/ptII/ptolemy/domains/de/test/auto/knownFailedTests/DirectFeedback.xml
2 ms. Memory: 51200K Free: 21307K (42%)
Known Failure: java.lang.reflect.InvocationTargetException
----------------- testing (KnownFailure) /home/travis/build/icyphy/ptII/ptolemy/domains/de/test/auto/knownFailedTests/FSMSource.xml
7 ms. Memory: 51200K Free: 13629K (27%)
----------------- testing (KnownFailure) /home/travis/build/icyphy/ptII/ptolemy/domains/de/test/auto/knownFailedTests/HierarchicalModel.xml
2 ms. Memory: 51200K Free: 25815K (50%)
Known Failure: java.lang.reflect.InvocationTargetException
----------------- testing (KnownFailure) /home/travis/build/icyphy/ptII/ptolemy/domains/de/test/auto/knownFailedTests/dependencyLoop.xml
3 ms. Memory: 51200K Free: 10764K (21%)
Known Failure: java.lang.reflect.InvocationTargetException
----------------- testing (KnownFailure) /home/travis/build/icyphy/ptII/ptolemy/domains/de/test/auto/knownFailedTests/dependencyLoop2.xml
6 ms. Memory: 51200K Free: 23444K (46%)
Known Failure: java.lang.reflect.InvocationTargetException
No auto/linux-amd64/*.xml tests in /home/travis/build/icyphy/ptII/ptolemy/domains/de/test
AutoTests.java: About to close Vertx.
AutoTests.java: Vertx closed.

===========================================================================================
----------------- testing Thu Oct 01 16:31:48 UTC 2020 /home/travis/build/icyphy/ptII/ptolemy/domains/de/test/auto/ActorDepthCalculation_actorWithoutPorts.xml
----------------- Instantiating /home/travis/build/icyphy/ptII/ptolemy/domains/de/test/auto/ActorDepthCalculation_actorWithoutPorts.xml
2 ms. Memory: 51200K Free: 16903K (33%)
----------------- Invoking toplevel() on ptolemy.moml.MoMLSimpleApplication@6f8eb189
----------------- Done invoking toplevel() on ptolemy.moml.MoMLSimpleApplication@6f8eb189
reloadAllAccessors: .ActorDepthCalculation_actorWithoutPorts

===========================================================================================
----------------- testing Thu Oct 01 16:31:48 UTC 2020 /home/travis/build/icyphy/ptII/ptolemy/domains/de/test/auto/AssemblyLine.xml
----------------- Instantiating /home/travis/build/icyphy/ptII/ptolemy/domains/de/test/auto/AssemblyLine.xml
3 ms. Memory: 51200K Free: 9743K (19%)
----------------- Invoking toplevel() on ptolemy.moml.MoMLSimpleApplication@39e64b1b
----------------- Done invoking toplevel() on ptolemy.moml.MoMLSimpleApplication@39e64b1b
reloadAllAccessors: .AssemblyLine

===========================================================================================
----------------- testing Thu Oct 01 16:31:48 UTC 2020 /home/travis/build/icyphy/ptII/ptolemy/domains/de/test/auto/CQBug1.xml
----------------- Instantiating /home/travis/build/icyphy/ptII/ptolemy/domains/de/test/auto/CQBug1.xml
1 ms. Memory: 51200K Free: 34556K (67%)
----------------- Invoking toplevel() on ptolemy.moml.MoMLSimpleApplication@58326ba2
----------------- Done invoking toplevel() on ptolemy.moml.MoMLSimpleApplication@58326ba2
reloadAllAccessors: .CQBug1

===========================================================================================
----------------- testing Thu Oct 01 16:31:48 UTC 2020 /home/travis/build/icyphy/ptII/ptolemy/domains/de/test/auto/CancelFireAt.xml
----------------- Instantiating /home/travis/build/icyphy/ptII/ptolemy/domains/de/test/auto/CancelFireAt.xml
14 ms. Memory: 51200K Free: 31937K (62%)
----------------- Invoking toplevel() on ptolemy.moml.MoMLSimpleApplication@75ee2e12
----------------- Done invoking toplevel() on ptolemy.moml.MoMLSimpleApplication@75ee2e12
reloadAllAccessors: .CancelFireAt

===========================================================================================
----------------- testing Thu Oct 01 16:31:48 UTC 2020 /home/travis/build/icyphy/ptII/ptolemy/domains/de/test/auto/CausalityAndComposabilityAnalysis.xml
----------------- Instantiating /home/travis/build/icyphy/ptII/ptolemy/domains/de/test/auto/CausalityAndComposabilityAnalysis.xml
2 ms. Memory: 51200K Free: 27773K (54%)
----------------- Invoking toplevel() on ptolemy.moml.MoMLSimpleApplication@74f0be85
----------------- Done invoking toplevel() on ptolemy.moml.MoMLSimpleApplication@74f0be85
reloadAllAccessors: .CausalityAndComposabilityAnalysis

===========================================================================================
----------------- testing Thu Oct 01 16:31:48 UTC 2020 /home/travis/build/icyphy/ptII/ptolemy/domains/de/test/auto/CausalityInterface1.xml
----------------- Instantiating /home/travis/build/icyphy/ptII/ptolemy/domains/de/test/auto/CausalityInterface1.xml
5 ms. Memory: 51200K Free: 22701K (44%)
----------------- Invoking toplevel() on ptolemy.moml.MoMLSimpleApplication@6dd6182f
----------------- Done invoking toplevel() on ptolemy.moml.MoMLSimpleApplication@6dd6182f
reloadAllAccessors: .CausalityInterface1

===========================================================================================
----------------- testing Thu Oct 01 16:31:48 UTC 2020 /home/travis/build/icyphy/ptII/ptolemy/domains/de/test/auto/CausalityInterface15.xml
----------------- Instantiating /home/travis/build/icyphy/ptII/ptolemy/domains/de/test/auto/CausalityInterface15.xml
1 ms. Memory: 51200K Free: 17118K (33%)
----------------- Invoking toplevel() on ptolemy.moml.MoMLSimpleApplication@7692a2ec
----------------- Done invoking toplevel() on ptolemy.moml.MoMLSimpleApplication@7692a2ec
reloadAllAccessors: .CausalityInterface15

===========================================================================================
----------------- testing Thu Oct 01 16:31:48 UTC 2020 /home/travis/build/icyphy/ptII/ptolemy/domains/de/test/auto/CausalityInterface2.xml
----------------- Instantiating /home/travis/build/icyphy/ptII/ptolemy/domains/de/test/auto/CausalityInterface2.xml
2 ms. Memory: 51200K Free: 12705K (25%)
----------------- Invoking toplevel() on ptolemy.moml.MoMLSimpleApplication@bde631c
----------------- Done invoking toplevel() on ptolemy.moml.MoMLSimpleApplication@bde631c
reloadAllAccessors: .CausalityInterface2

===========================================================================================
----------------- testing Thu Oct 01 16:31:48 UTC 2020 /home/travis/build/icyphy/ptII/ptolemy/domains/de/test/auto/CausalityInterface3.xml
----------------- Instantiating /home/travis/build/icyphy/ptII/ptolemy/domains/de/test/auto/CausalityInterface3.xml
7 ms. Memory: 51200K Free: 35582K (69%)
----------------- Invoking toplevel() on ptolemy.moml.MoMLSimpleApplication@55aea8e
----------------- Done invoking toplevel() on ptolemy.moml.MoMLSimpleApplication@55aea8e
reloadAllAccessors: .CausalityInterface3

===========================================================================================
----------------- testing Thu Oct 01 16:31:48 UTC 2020 /home/travis/build/icyphy/ptII/ptolemy/domains/de/test/auto/ClockDrift.xml
----------------- Instantiating /home/travis/build/icyphy/ptII/ptolemy/domains/de/test/auto/ClockDrift.xml
16 ms. Memory: 51200K Free: 23595K (46%)
----------------- Invoking toplevel() on ptolemy.moml.MoMLSimpleApplication@2b1cef6b
----------------- Done invoking toplevel() on ptolemy.moml.MoMLSimpleApplication@2b1cef6b
reloadAllAccessors: .ClockDrift

===========================================================================================
----------------- testing Thu Oct 01 16:31:48 UTC 2020 /home/travis/build/icyphy/ptII/ptolemy/domains/de/test/auto/ClockDriftAndValueChange.xml
----------------- Instantiating /home/travis/build/icyphy/ptII/ptolemy/domains/de/test/auto/ClockDriftAndValueChange.xml
9 ms. Memory: 51200K Free: 11960K (23%)
----------------- Invoking toplevel() on ptolemy.moml.MoMLSimpleApplication@2c100a27
----------------- Done invoking toplevel() on ptolemy.moml.MoMLSimpleApplication@2c100a27
reloadAllAccessors: .ClockDriftAndValueChange

===========================================================================================
----------------- testing Thu Oct 01 16:31:48 UTC 2020 /home/travis/build/icyphy/ptII/ptolemy/domains/de/test/auto/ClockDriftChange.xml
----------------- Instantiating /home/travis/build/icyphy/ptII/ptolemy/domains/de/test/auto/ClockDriftChange.xml
9 ms. Memory: 51200K Free: 29600K (58%)
----------------- Invoking toplevel() on ptolemy.moml.MoMLSimpleApplication@179a00aa
----------------- Done invoking toplevel() on ptolemy.moml.MoMLSimpleApplication@179a00aa
reloadAllAccessors: .ClockDriftChange

===========================================================================================
----------------- testing Thu Oct 01 16:31:48 UTC 2020 /home/travis/build/icyphy/ptII/ptolemy/domains/de/test/auto/ComposableCausalityAnalysis.xml
----------------- Instantiating /home/travis/build/icyphy/ptII/ptolemy/domains/de/test/auto/ComposableCausalityAnalysis.xml
1 ms. Memory: 51200K Free: 23909K (47%)
----------------- Invoking toplevel() on ptolemy.moml.MoMLSimpleApplication@29f82f29
----------------- Done invoking toplevel() on ptolemy.moml.MoMLSimpleApplication@29f82f29
reloadAllAccessors: .ComposableCausalityAnalysis

===========================================================================================
----------------- testing Thu Oct 01 16:31:48 UTC 2020 /home/travis/build/icyphy/ptII/ptolemy/domains/de/test/auto/DEFixedPointLimitation.xml
----------------- Instantiating /home/travis/build/icyphy/ptII/ptolemy/domains/de/test/auto/DEFixedPointLimitation.xml
0 ms. Memory: 51200K Free: 19360K (38%)
----------------- Invoking toplevel() on ptolemy.moml.MoMLSimpleApplication@8197e03
----------------- Done invoking toplevel() on ptolemy.moml.MoMLSimpleApplication@8197e03
reloadAllAccessors: .DEFixedPointLimitation

===========================================================================================
----------------- testing Thu Oct 01 16:31:48 UTC 2020 /home/travis/build/icyphy/ptII/ptolemy/domains/de/test/auto/DEScheduleTest.xml
----------------- Instantiating /home/travis/build/icyphy/ptII/ptolemy/domains/de/test/auto/DEScheduleTest.xml
2 ms. Memory: 51200K Free: 15264K (30%)
----------------- Invoking toplevel() on ptolemy.moml.MoMLSimpleApplication@614f8e4c
----------------- Done invoking toplevel() on ptolemy.moml.MoMLSimpleApplication@614f8e4c
reloadAllAccessors: .DEScheduleTest

===========================================================================================
----------------- testing Thu Oct 01 16:31:48 UTC 2020 /home/travis/build/icyphy/ptII/ptolemy/domains/de/test/auto/DEinDEwithStartTimes.xml
----------------- Instantiating /home/travis/build/icyphy/ptII/ptolemy/domains/de/test/auto/DEinDEwithStartTimes.xml
2 ms. Memory: 51200K Free: 9535K (19%)
----------------- Invoking toplevel() on ptolemy.moml.MoMLSimpleApplication@6542effb
----------------- Done invoking toplevel() on ptolemy.moml.MoMLSimpleApplication@6542effb
reloadAllAccessors: .DEinDEwithStartTimes

===========================================================================================
----------------- testing Thu Oct 01 16:31:48 UTC 2020 /home/travis/build/icyphy/ptII/ptolemy/domains/de/test/auto/DEinDEwithStartTimes2.xml
----------------- Instantiating /home/travis/build/icyphy/ptII/ptolemy/domains/de/test/auto/DEinDEwithStartTimes2.xml
2 ms. Memory: 51200K Free: 30713K (60%)
----------------- Invoking toplevel() on ptolemy.moml.MoMLSimpleApplication@3ffbcae9
----------------- Done invoking toplevel() on ptolemy.moml.MoMLSimpleApplication@3ffbcae9
reloadAllAccessors: .DEinDEwithStartTimes2

===========================================================================================
----------------- testing Thu Oct 01 16:31:48 UTC 2020 /home/travis/build/icyphy/ptII/ptolemy/domains/de/test/auto/DateDemo.xml
----------------- Instantiating /home/travis/build/icyphy/ptII/ptolemy/domains/de/test/auto/DateDemo.xml
14 ms. Memory: 51200K Free: 19849K (39%)
----------------- Invoking toplevel() on ptolemy.moml.MoMLSimpleApplication@4b476989
----------------- Done invoking toplevel() on ptolemy.moml.MoMLSimpleApplication@4b476989
reloadAllAccessors: .DateDemo

===========================================================================================
----------------- testing Thu Oct 01 16:31:48 UTC 2020 /home/travis/build/icyphy/ptII/ptolemy/domains/de/test/auto/DateToEvent.xml
----------------- Instantiating /home/travis/build/icyphy/ptII/ptolemy/domains/de/test/auto/DateToEvent.xml
2005 ms. Memory: 51200K Free: 30866K (60%)
----------------- Invoking toplevel() on ptolemy.moml.MoMLSimpleApplication@2862a748
----------------- Done invoking toplevel() on ptolemy.moml.MoMLSimpleApplication@2862a748
reloadAllAccessors: .DateToEvent

===========================================================================================
----------------- testing Thu Oct 01 16:31:50 UTC 2020 /home/travis/build/icyphy/ptII/ptolemy/domains/de/test/auto/DepthTest1.xml
----------------- Instantiating /home/travis/build/icyphy/ptII/ptolemy/domains/de/test/auto/DepthTest1.xml
1 ms. Memory: 51200K Free: 28151K (55%)
----------------- Invoking toplevel() on ptolemy.moml.MoMLSimpleApplication@21a7e7c5
----------------- Done invoking toplevel() on ptolemy.moml.MoMLSimpleApplication@21a7e7c5
reloadAllAccessors: .DepthTest1

===========================================================================================
----------------- testing Thu Oct 01 16:31:50 UTC 2020 /home/travis/build/icyphy/ptII/ptolemy/domains/de/test/auto/DepthTest2.xml
----------------- Instantiating /home/travis/build/icyphy/ptII/ptolemy/domains/de/test/auto/DepthTest2.xml
2 ms. Memory: 51200K Free: 21828K (43%)
----------------- Invoking toplevel() on ptolemy.moml.MoMLSimpleApplication@5430c8ff
----------------- Done invoking toplevel() on ptolemy.moml.MoMLSimpleApplication@5430c8ff
reloadAllAccessors: .DepthTest2

===========================================================================================
----------------- testing Thu Oct 01 16:31:50 UTC 2020 /home/travis/build/icyphy/ptII/ptolemy/domains/de/test/auto/DepthTest3.xml
----------------- Instantiating /home/travis/build/icyphy/ptII/ptolemy/domains/de/test/auto/DepthTest3.xml
1 ms. Memory: 51200K Free: 18975K (37%)
----------------- Invoking toplevel() on ptolemy.moml.MoMLSimpleApplication@7fc55166
----------------- Done invoking toplevel() on ptolemy.moml.MoMLSimpleApplication@7fc55166
reloadAllAccessors: .DepthTest3

===========================================================================================
----------------- testing Thu Oct 01 16:31:50 UTC 2020 /home/travis/build/icyphy/ptII/ptolemy/domains/de/test/auto/DepthTest4.xml
----------------- Instantiating /home/travis/build/icyphy/ptII/ptolemy/domains/de/test/auto/DepthTest4.xml
1 ms. Memory: 51200K Free: 14063K (27%)
----------------- Invoking toplevel() on ptolemy.moml.MoMLSimpleApplication@74b425c8
----------------- Done invoking toplevel() on ptolemy.moml.MoMLSimpleApplication@74b425c8
reloadAllAccessors: .DepthTest4

===========================================================================================
----------------- testing Thu Oct 01 16:31:50 UTC 2020 /home/travis/build/icyphy/ptII/ptolemy/domains/de/test/auto/DepthTest5.xml
----------------- Instantiating /home/travis/build/icyphy/ptII/ptolemy/domains/de/test/auto/DepthTest5.xml
1 ms. Memory: 51200K Free: 8945K (17%)
----------------- Invoking toplevel() on ptolemy.moml.MoMLSimpleApplication@c57b9d1
----------------- Done invoking toplevel() on ptolemy.moml.MoMLSimpleApplication@c57b9d1
reloadAllAccessors: .DepthTest5

===========================================================================================
----------------- testing Thu Oct 01 16:31:50 UTC 2020 /home/travis/build/icyphy/ptII/ptolemy/domains/de/test/auto/DepthTest6.xml
----------------- Instantiating /home/travis/build/icyphy/ptII/ptolemy/domains/de/test/auto/DepthTest6.xml
2 ms. Memory: 51200K Free: 30412K (59%)
----------------- Invoking toplevel() on ptolemy.moml.MoMLSimpleApplication@35795650
----------------- Done invoking toplevel() on ptolemy.moml.MoMLSimpleApplication@35795650
reloadAllAccessors: .DepthTest6

===========================================================================================
----------------- testing Thu Oct 01 16:31:50 UTC 2020 /home/travis/build/icyphy/ptII/ptolemy/domains/de/test/auto/DepthTest7.xml
----------------- Instantiating /home/travis/build/icyphy/ptII/ptolemy/domains/de/test/auto/DepthTest7.xml
2 ms. Memory: 51200K Free: 25567K (50%)
----------------- Invoking toplevel() on ptolemy.moml.MoMLSimpleApplication@28a98543
----------------- Done invoking toplevel() on ptolemy.moml.MoMLSimpleApplication@28a98543
reloadAllAccessors: .DepthTest7

===========================================================================================
----------------- testing Thu Oct 01 16:31:50 UTC 2020 /home/travis/build/icyphy/ptII/ptolemy/domains/de/test/auto/EventToDate.xml
----------------- Instantiating /home/travis/build/icyphy/ptII/ptolemy/domains/de/test/auto/EventToDate.xml
3003 ms. Memory: 51200K Free: 12449K (24%)
----------------- Invoking toplevel() on ptolemy.moml.MoMLSimpleApplication@1b7fde95
----------------- Done invoking toplevel() on ptolemy.moml.MoMLSimpleApplication@1b7fde95
reloadAllAccessors: .EventToDate

===========================================================================================
----------------- testing Thu Oct 01 16:31:54 UTC 2020 /home/travis/build/icyphy/ptII/ptolemy/domains/de/test/auto/FSM1.xml
----------------- Instantiating /home/travis/build/icyphy/ptII/ptolemy/domains/de/test/auto/FSM1.xml
25 ms. Memory: 51200K Free: 27024K (53%)
----------------- Invoking toplevel() on ptolemy.moml.MoMLSimpleApplication@2a7dc5b3
----------------- Done invoking toplevel() on ptolemy.moml.MoMLSimpleApplication@2a7dc5b3
reloadAllAccessors: .FSM1

===========================================================================================
----------------- testing Thu Oct 01 16:31:54 UTC 2020 /home/travis/build/icyphy/ptII/ptolemy/domains/de/test/auto/FSM7.xml
----------------- Instantiating /home/travis/build/icyphy/ptII/ptolemy/domains/de/test/auto/FSM7.xml
9 ms. Memory: 51200K Free: 14750K (29%)
----------------- Invoking toplevel() on ptolemy.moml.MoMLSimpleApplication@4492ed2e
----------------- Done invoking toplevel() on ptolemy.moml.MoMLSimpleApplication@4492ed2e
reloadAllAccessors: .FSM7

===========================================================================================
----------------- testing Thu Oct 01 16:31:54 UTC 2020 /home/travis/build/icyphy/ptII/ptolemy/domains/de/test/auto/Inspection.xml
----------------- Instantiating /home/travis/build/icyphy/ptII/ptolemy/domains/de/test/auto/Inspection.xml
14 ms. Memory: 51200K Free: 29153K (57%)
----------------- Invoking toplevel() on ptolemy.moml.MoMLSimpleApplication@4eb1a2f0
----------------- Done invoking toplevel() on ptolemy.moml.MoMLSimpleApplication@4eb1a2f0
reloadAllAccessors: .Inspection

===========================================================================================
----------------- testing Thu Oct 01 16:31:54 UTC 2020 /home/travis/build/icyphy/ptII/ptolemy/domains/de/test/auto/Iteration.xml
----------------- Instantiating /home/travis/build/icyphy/ptII/ptolemy/domains/de/test/auto/Iteration.xml
11 ms. Memory: 51200K Free: 22172K (43%)
----------------- Invoking toplevel() on ptolemy.moml.MoMLSimpleApplication@50e53bfe
----------------- Done invoking toplevel() on ptolemy.moml.MoMLSimpleApplication@50e53bfe
reloadAllAccessors: .Iteration

===========================================================================================
----------------- testing Thu Oct 01 16:31:54 UTC 2020 /home/travis/build/icyphy/ptII/ptolemy/domains/de/test/auto/LineFault.xml
----------------- Instantiating /home/travis/build/icyphy/ptII/ptolemy/domains/de/test/auto/LineFault.xml
402 ms. Memory: 51200K Free: 11595K (23%)
----------------- Invoking toplevel() on ptolemy.moml.MoMLSimpleApplication@73acd1b3
----------------- Done invoking toplevel() on ptolemy.moml.MoMLSimpleApplication@73acd1b3
reloadAllAccessors: .LineFault

===========================================================================================
----------------- testing Thu Oct 01 16:31:54 UTC 2020 /home/travis/build/icyphy/ptII/ptolemy/domains/de/test/auto/MergeModel1Add.xml
----------------- Instantiating /home/travis/build/icyphy/ptII/ptolemy/domains/de/test/auto/MergeModel1Add.xml
6 ms. Memory: 51200K Free: 17815K (35%)
----------------- Invoking toplevel() on ptolemy.moml.MoMLSimpleApplication@12ea495b
----------------- Done invoking toplevel() on ptolemy.moml.MoMLSimpleApplication@12ea495b
reloadAllAccessors: .MergeModel1Add

===========================================================================================
----------------- testing Thu Oct 01 16:31:54 UTC 2020 /home/travis/build/icyphy/ptII/ptolemy/domains/de/test/auto/MergeModel2Add.xml
----------------- Instantiating /home/travis/build/icyphy/ptII/ptolemy/domains/de/test/auto/MergeModel2Add.xml
5 ms. Memory: 51200K Free: 24468K (48%)
----------------- Invoking toplevel() on ptolemy.moml.MoMLSimpleApplication@2fd113b0
----------------- Done invoking toplevel() on ptolemy.moml.MoMLSimpleApplication@2fd113b0
reloadAllAccessors: .MergeModel2Add

===========================================================================================
----------------- testing Thu Oct 01 16:31:54 UTC 2020 /home/travis/build/icyphy/ptII/ptolemy/domains/de/test/auto/MergeModel3Add.xml
----------------- Instantiating /home/travis/build/icyphy/ptII/ptolemy/domains/de/test/auto/MergeModel3Add.xml
5 ms. Memory: 51200K Free: 31598K (62%)
----------------- Invoking toplevel() on ptolemy.moml.MoMLSimpleApplication@4714f986
----------------- Done invoking toplevel() on ptolemy.moml.MoMLSimpleApplication@4714f986
reloadAllAccessors: .MergeModel3Add

===========================================================================================
----------------- testing Thu Oct 01 16:31:54 UTC 2020 /home/travis/build/icyphy/ptII/ptolemy/domains/de/test/auto/MergeWithoutDiscard.xml
----------------- Instantiating /home/travis/build/icyphy/ptII/ptolemy/domains/de/test/auto/MergeWithoutDiscard.xml
1 ms. Memory: 51200K Free: 27499K (54%)
----------------- Invoking toplevel() on ptolemy.moml.MoMLSimpleApplication@18d556e0
----------------- Done invoking toplevel() on ptolemy.moml.MoMLSimpleApplication@18d556e0
reloadAllAccessors: .MergeWithoutDiscard

===========================================================================================
----------------- testing Thu Oct 01 16:31:54 UTC 2020 /home/travis/build/icyphy/ptII/ptolemy/domains/de/test/auto/Modal1.xml
----------------- Instantiating /home/travis/build/icyphy/ptII/ptolemy/domains/de/test/auto/Modal1.xml
9 ms. Memory: 51200K Free: 14966K (29%)
----------------- Invoking toplevel() on ptolemy.moml.MoMLSimpleApplication@84e2ea8
----------------- Done invoking toplevel() on ptolemy.moml.MoMLSimpleApplication@84e2ea8
reloadAllAccessors: .Modal1

===========================================================================================
----------------- testing Thu Oct 01 16:31:54 UTC 2020 /home/travis/build/icyphy/ptII/ptolemy/domains/de/test/auto/Modal2.xml
----------------- Instantiating /home/travis/build/icyphy/ptII/ptolemy/domains/de/test/auto/Modal2.xml
11 ms. Memory: 51200K Free: 27674K (54%)
----------------- Invoking toplevel() on ptolemy.moml.MoMLSimpleApplication@62c9cda0
----------------- Done invoking toplevel() on ptolemy.moml.MoMLSimpleApplication@62c9cda0
reloadAllAccessors: .Modal2

===========================================================================================
----------------- testing Thu Oct 01 16:31:54 UTC 2020 /home/travis/build/icyphy/ptII/ptolemy/domains/de/test/auto/Modal3.xml
----------------- Instantiating /home/travis/build/icyphy/ptII/ptolemy/domains/de/test/auto/Modal3.xml
6 ms. Memory: 51200K Free: 15408K (30%)
----------------- Invoking toplevel() on ptolemy.moml.MoMLSimpleApplication@22ff5ac9
----------------- Done invoking toplevel() on ptolemy.moml.MoMLSimpleApplication@22ff5ac9
reloadAllAccessors: .Modal3

===========================================================================================
----------------- testing Thu Oct 01 16:31:54 UTC 2020 /home/travis/build/icyphy/ptII/ptolemy/domains/de/test/auto/Modal4.xml
----------------- Instantiating /home/travis/build/icyphy/ptII/ptolemy/domains/de/test/auto/Modal4.xml
11 ms. Memory: 51200K Free: 27161K (53%)
----------------- Invoking toplevel() on ptolemy.moml.MoMLSimpleApplication@35b3e3
----------------- Done invoking toplevel() on ptolemy.moml.MoMLSimpleApplication@35b3e3
reloadAllAccessors: .Modal4

===========================================================================================
----------------- testing Thu Oct 01 16:31:54 UTC 2020 /home/travis/build/icyphy/ptII/ptolemy/domains/de/test/auto/Modal5.xml
----------------- Instantiating /home/travis/build/icyphy/ptII/ptolemy/domains/de/test/auto/Modal5.xml
8 ms. Memory: 51200K Free: 14095K (28%)
----------------- Invoking toplevel() on ptolemy.moml.MoMLSimpleApplication@37604240
----------------- Done invoking toplevel() on ptolemy.moml.MoMLSimpleApplication@37604240
reloadAllAccessors: .Modal5

===========================================================================================
----------------- testing Thu Oct 01 16:31:54 UTC 2020 /home/travis/build/icyphy/ptII/ptolemy/domains/de/test/auto/Modal6.xml
----------------- Instantiating /home/travis/build/icyphy/ptII/ptolemy/domains/de/test/auto/Modal6.xml
10 ms. Memory: 51200K Free: 26407K (52%)
----------------- Invoking toplevel() on ptolemy.moml.MoMLSimpleApplication@3469b3c4
----------------- Done invoking toplevel() on ptolemy.moml.MoMLSimpleApplication@3469b3c4
reloadAllAccessors: .Modal6

===========================================================================================
----------------- testing Thu Oct 01 16:31:55 UTC 2020 /home/travis/build/icyphy/ptII/ptolemy/domains/de/test/auto/Modal7.xml
----------------- Instantiating /home/travis/build/icyphy/ptII/ptolemy/domains/de/test/auto/Modal7.xml
7 ms. Memory: 51200K Free: 13333K (26%)
----------------- Invoking toplevel() on ptolemy.moml.MoMLSimpleApplication@79e06b36
----------------- Done invoking toplevel() on ptolemy.moml.MoMLSimpleApplication@79e06b36
reloadAllAccessors: .Modal7

===========================================================================================
----------------- testing Thu Oct 01 16:31:55 UTC 2020 /home/travis/build/icyphy/ptII/ptolemy/domains/de/test/auto/ModalModel.xml
----------------- Instantiating /home/travis/build/icyphy/ptII/ptolemy/domains/de/test/auto/ModalModel.xml
142 ms. Memory: 67584K Free: 43679K (65%)
----------------- Invoking toplevel() on ptolemy.moml.MoMLSimpleApplication@48d6ddd0
----------------- Done invoking toplevel() on ptolemy.moml.MoMLSimpleApplication@48d6ddd0
reloadAllAccessors: .ModalModel

===========================================================================================
----------------- testing Thu Oct 01 16:31:55 UTC 2020 /home/travis/build/icyphy/ptII/ptolemy/domains/de/test/auto/ModalSource.xml
----------------- Instantiating /home/travis/build/icyphy/ptII/ptolemy/domains/de/test/auto/ModalSource.xml
4 ms. Memory: 67584K Free: 35204K (52%)
----------------- Invoking toplevel() on ptolemy.moml.MoMLSimpleApplication@39cf522d
----------------- Done invoking toplevel() on ptolemy.moml.MoMLSimpleApplication@39cf522d
reloadAllAccessors: .ModalSource

===========================================================================================
----------------- testing Thu Oct 01 16:31:55 UTC 2020 /home/travis/build/icyphy/ptII/ptolemy/domains/de/test/auto/NonInterruptibleTimerZeroDelay.xml
----------------- Instantiating /home/travis/build/icyphy/ptII/ptolemy/domains/de/test/auto/NonInterruptibleTimerZeroDelay.xml
2 ms. Memory: 67584K Free: 31157K (46%)
----------------- Invoking toplevel() on ptolemy.moml.MoMLSimpleApplication@54a4771a
----------------- Done invoking toplevel() on ptolemy.moml.MoMLSimpleApplication@54a4771a
reloadAllAccessors: .NonInterruptibleTimerZeroDelay

===========================================================================================
----------------- testing Thu Oct 01 16:31:55 UTC 2020 /home/travis/build/icyphy/ptII/ptolemy/domains/de/test/auto/OpenQueueingNetwork.xml
----------------- Instantiating /home/travis/build/icyphy/ptII/ptolemy/domains/de/test/auto/OpenQueueingNetwork.xml
2389 ms. Memory: 153600K Free: 74989K (49%)
----------------- Invoking toplevel() on ptolemy.moml.MoMLSimpleApplication@60bd4cd
----------------- Done invoking toplevel() on ptolemy.moml.MoMLSimpleApplication@60bd4cd
reloadAllAccessors: .OpenQueueingNetwork

===========================================================================================
----------------- testing Thu Oct 01 16:31:57 UTC 2020 /home/travis/build/icyphy/ptII/ptolemy/domains/de/test/auto/OpenQueuingNetwork.xml
----------------- Instantiating /home/travis/build/icyphy/ptII/ptolemy/domains/de/test/auto/OpenQueuingNetwork.xml
216 ms. Memory: 153600K Free: 80876K (53%)
----------------- Invoking toplevel() on ptolemy.moml.MoMLSimpleApplication@13fdac65
----------------- Done invoking toplevel() on ptolemy.moml.MoMLSimpleApplication@13fdac65
reloadAllAccessors: .OpenQueuingNetwork

===========================================================================================
----------------- testing Thu Oct 01 16:31:58 UTC 2020 /home/travis/build/icyphy/ptII/ptolemy/domains/de/test/auto/PeriodicSampler.xml
----------------- Instantiating /home/travis/build/icyphy/ptII/ptolemy/domains/de/test/auto/PeriodicSampler.xml
2 ms. Memory: 153600K Free: 76780K (50%)
----------------- Invoking toplevel() on ptolemy.moml.MoMLSimpleApplication@54c3c48c
----------------- Done invoking toplevel() on ptolemy.moml.MoMLSimpleApplication@54c3c48c
reloadAllAccessors: .PeriodicSampler

===========================================================================================
----------------- testing Thu Oct 01 16:31:58 UTC 2020 /home/travis/build/icyphy/ptII/ptolemy/domains/de/test/auto/PersistentIO.xml
----------------- Instantiating /home/travis/build/icyphy/ptII/ptolemy/domains/de/test/auto/PersistentIO.xml
3 ms. Memory: 153600K Free: 67020K (44%)
----------------- Invoking toplevel() on ptolemy.moml.MoMLSimpleApplication@272c332d
----------------- Done invoking toplevel() on ptolemy.moml.MoMLSimpleApplication@272c332d
reloadAllAccessors: .PersistentIO

===========================================================================================
----------------- testing Thu Oct 01 16:31:58 UTC 2020 /home/travis/build/icyphy/ptII/ptolemy/domains/de/test/auto/PortParameterResetOnInitialize.xml
----------------- Instantiating /home/travis/build/icyphy/ptII/ptolemy/domains/de/test/auto/PortParameterResetOnInitialize.xml
2 ms. Memory: 153600K Free: 62444K (41%)
----------------- Invoking toplevel() on ptolemy.moml.MoMLSimpleApplication@414106eb
----------------- Done invoking toplevel() on ptolemy.moml.MoMLSimpleApplication@414106eb
reloadAllAccessors: .PortParameterResetOnInitialize

===========================================================================================
----------------- testing Thu Oct 01 16:31:58 UTC 2020 /home/travis/build/icyphy/ptII/ptolemy/domains/de/test/auto/PortParameterUpdates.xml
----------------- Instantiating /home/travis/build/icyphy/ptII/ptolemy/domains/de/test/auto/PortParameterUpdates.xml
5 ms. Memory: 153600K Free: 56300K (37%)
----------------- Invoking toplevel() on ptolemy.moml.MoMLSimpleApplication@7f8507a9
----------------- Done invoking toplevel() on ptolemy.moml.MoMLSimpleApplication@7f8507a9
reloadAllAccessors: .PortParameterUpdates

===========================================================================================
----------------- testing Thu Oct 01 16:31:58 UTC 2020 /home/travis/build/icyphy/ptII/ptolemy/domains/de/test/auto/QueueAndServer.xml
----------------- Instantiating /home/travis/build/icyphy/ptII/ptolemy/domains/de/test/auto/QueueAndServer.xml
5 ms. Memory: 184320K Free: 165414K (90%)
----------------- Invoking toplevel() on ptolemy.moml.MoMLSimpleApplication@27cccc70
----------------- Done invoking toplevel() on ptolemy.moml.MoMLSimpleApplication@27cccc70
reloadAllAccessors: .QueueAndServer

===========================================================================================
----------------- testing Thu Oct 01 16:31:58 UTC 2020 /home/travis/build/icyphy/ptII/ptolemy/domains/de/test/auto/Records.xml
----------------- Instantiating /home/travis/build/icyphy/ptII/ptolemy/domains/de/test/auto/Records.xml
7 ms. Memory: 184320K Free: 159780K (87%)
----------------- Invoking toplevel() on ptolemy.moml.MoMLSimpleApplication@24cb38f5
----------------- Done invoking toplevel() on ptolemy.moml.MoMLSimpleApplication@24cb38f5
reloadAllAccessors: .Records

===========================================================================================
----------------- testing Thu Oct 01 16:31:58 UTC 2020 /home/travis/build/icyphy/ptII/ptolemy/domains/de/test/auto/ResetTransitionWithStartTime1.xml
----------------- Instantiating /home/travis/build/icyphy/ptII/ptolemy/domains/de/test/auto/ResetTransitionWithStartTime1.xml
6 ms. Memory: 184320K Free: 151574K (82%)
----------------- Invoking toplevel() on ptolemy.moml.MoMLSimpleApplication@2a930f0e
----------------- Done invoking toplevel() on ptolemy.moml.MoMLSimpleApplication@2a930f0e
reloadAllAccessors: .ResetTransitionWithStartTime1

===========================================================================================
----------------- testing Thu Oct 01 16:31:58 UTC 2020 /home/travis/build/icyphy/ptII/ptolemy/domains/de/test/auto/ResetTransitionWithStartTime2.xml
----------------- Instantiating /home/travis/build/icyphy/ptII/ptolemy/domains/de/test/auto/ResetTransitionWithStartTime2.xml
6 ms. Memory: 184320K Free: 143382K (78%)
----------------- Invoking toplevel() on ptolemy.moml.MoMLSimpleApplication@44d61581
----------------- Done invoking toplevel() on ptolemy.moml.MoMLSimpleApplication@44d61581
reloadAllAccessors: .ResetTransitionWithStartTime2

===========================================================================================
----------------- testing Thu Oct 01 16:31:58 UTC 2020 /home/travis/build/icyphy/ptII/ptolemy/domains/de/test/auto/ResetTransitionWithStartTime3.xml
----------------- Instantiating /home/travis/build/icyphy/ptII/ptolemy/domains/de/test/auto/ResetTransitionWithStartTime3.xml
4 ms. Memory: 184320K Free: 135190K (73%)
----------------- Invoking toplevel() on ptolemy.moml.MoMLSimpleApplication@59f4500a
----------------- Done invoking toplevel() on ptolemy.moml.MoMLSimpleApplication@59f4500a
reloadAllAccessors: .ResetTransitionWithStartTime3

===========================================================================================
----------------- testing Thu Oct 01 16:31:58 UTC 2020 /home/travis/build/icyphy/ptII/ptolemy/domains/de/test/auto/ResetTransitionWithStartTime4.xml
----------------- Instantiating /home/travis/build/icyphy/ptII/ptolemy/domains/de/test/auto/ResetTransitionWithStartTime4.xml
3 ms. Memory: 184320K Free: 127526K (69%)
----------------- Invoking toplevel() on ptolemy.moml.MoMLSimpleApplication@249eab7
----------------- Done invoking toplevel() on ptolemy.moml.MoMLSimpleApplication@249eab7
reloadAllAccessors: .ResetTransitionWithStartTime4

===========================================================================================
----------------- testing Thu Oct 01 16:31:58 UTC 2020 /home/travis/build/icyphy/ptII/ptolemy/domains/de/test/auto/ResettableTimer1.xml
----------------- Instantiating /home/travis/build/icyphy/ptII/ptolemy/domains/de/test/auto/ResettableTimer1.xml
2 ms. Memory: 184320K Free: 123430K (67%)
----------------- Invoking toplevel() on ptolemy.moml.MoMLSimpleApplication@2f884bbb
----------------- Done invoking toplevel() on ptolemy.moml.MoMLSimpleApplication@2f884bbb
reloadAllAccessors: .ResettableTimer1

===========================================================================================
----------------- testing Thu Oct 01 16:31:58 UTC 2020 /home/travis/build/icyphy/ptII/ptolemy/domains/de/test/auto/ResettableTimer2.xml
----------------- Instantiating /home/travis/build/icyphy/ptII/ptolemy/domains/de/test/auto/ResettableTimer2.xml
1 ms. Memory: 184320K Free: 119334K (65%)
----------------- Invoking toplevel() on ptolemy.moml.MoMLSimpleApplication@6f592d71
----------------- Done invoking toplevel() on ptolemy.moml.MoMLSimpleApplication@6f592d71
reloadAllAccessors: .ResettableTimer2

===========================================================================================
----------------- testing Thu Oct 01 16:31:58 UTC 2020 /home/travis/build/icyphy/ptII/ptolemy/domains/de/test/auto/ResettableTimer3.xml
----------------- Instantiating /home/travis/build/icyphy/ptII/ptolemy/domains/de/test/auto/ResettableTimer3.xml
1 ms. Memory: 184320K Free: 115238K (63%)
----------------- Invoking toplevel() on ptolemy.moml.MoMLSimpleApplication@71ad41d6
----------------- Done invoking toplevel() on ptolemy.moml.MoMLSimpleApplication@71ad41d6
reloadAllAccessors: .ResettableTimer3

===========================================================================================
----------------- testing Thu Oct 01 16:31:58 UTC 2020 /home/travis/build/icyphy/ptII/ptolemy/domains/de/test/auto/ResettableTimer4.xml
----------------- Instantiating /home/travis/build/icyphy/ptII/ptolemy/domains/de/test/auto/ResettableTimer4.xml
1 ms. Memory: 184320K Free: 111142K (60%)
----------------- Invoking toplevel() on ptolemy.moml.MoMLSimpleApplication@29677ae
----------------- Done invoking toplevel() on ptolemy.moml.MoMLSimpleApplication@29677ae
reloadAllAccessors: .ResettableTimer4

===========================================================================================
----------------- testing Thu Oct 01 16:31:58 UTC 2020 /home/travis/build/icyphy/ptII/ptolemy/domains/de/test/auto/ResettableTimer5.xml
----------------- Instantiating /home/travis/build/icyphy/ptII/ptolemy/domains/de/test/auto/ResettableTimer5.xml
1 ms. Memory: 184320K Free: 107046K (58%)
----------------- Invoking toplevel() on ptolemy.moml.MoMLSimpleApplication@358fdb76
----------------- Done invoking toplevel() on ptolemy.moml.MoMLSimpleApplication@358fdb76
reloadAllAccessors: .ResettableTimer5

===========================================================================================
----------------- testing Thu Oct 01 16:31:58 UTC 2020 /home/travis/build/icyphy/ptII/ptolemy/domains/de/test/auto/ResettableTimer6.xml
----------------- Instantiating /home/travis/build/icyphy/ptII/ptolemy/domains/de/test/auto/ResettableTimer6.xml
6 ms. Memory: 184320K Free: 102433K (56%)
----------------- Invoking toplevel() on ptolemy.moml.MoMLSimpleApplication@4c25d7ea
----------------- Done invoking toplevel() on ptolemy.moml.MoMLSimpleApplication@4c25d7ea
reloadAllAccessors: .ResettableTimer6

===========================================================================================
----------------- testing Thu Oct 01 16:31:58 UTC 2020 /home/travis/build/icyphy/ptII/ptolemy/domains/de/test/auto/ServerZeroDelay.xml
----------------- Instantiating /home/travis/build/icyphy/ptII/ptolemy/domains/de/test/auto/ServerZeroDelay.xml
2 ms. Memory: 184320K Free: 98309K (53%)
----------------- Invoking toplevel() on ptolemy.moml.MoMLSimpleApplication@50c0499a
----------------- Done invoking toplevel() on ptolemy.moml.MoMLSimpleApplication@50c0499a
reloadAllAccessors: .ServerZeroDelay

===========================================================================================
----------------- testing Thu Oct 01 16:31:58 UTC 2020 /home/travis/build/icyphy/ptII/ptolemy/domains/de/test/auto/SmartSender.xml
----------------- Instantiating /home/travis/build/icyphy/ptII/ptolemy/domains/de/test/auto/SmartSender.xml
3000 ms. Memory: 184320K Free: 94244K (51%)
----------------- Invoking toplevel() on ptolemy.moml.MoMLSimpleApplication@3f35760e
----------------- Done invoking toplevel() on ptolemy.moml.MoMLSimpleApplication@3f35760e
reloadAllAccessors: .SmartSender

===========================================================================================
----------------- testing Thu Oct 01 16:32:01 UTC 2020 /home/travis/build/icyphy/ptII/ptolemy/domains/de/test/auto/ThreadedComposite.xml
----------------- Instantiating /home/travis/build/icyphy/ptII/ptolemy/domains/de/test/auto/ThreadedComposite.xml
555 ms. Memory: 184320K Free: 140744K (76%)
----------------- Invoking toplevel() on ptolemy.moml.MoMLSimpleApplication@7f87d30
----------------- Done invoking toplevel() on ptolemy.moml.MoMLSimpleApplication@7f87d30
reloadAllAccessors: .ThreadedComposite

===========================================================================================
----------------- testing Thu Oct 01 16:32:01 UTC 2020 /home/travis/build/icyphy/ptII/ptolemy/domains/de/test/auto/Time.xml
----------------- Instantiating /home/travis/build/icyphy/ptII/ptolemy/domains/de/test/auto/Time.xml
364 ms. Memory: 184320K Free: 84934K (46%)
----------------- Invoking toplevel() on ptolemy.moml.MoMLSimpleApplication@7ec90ae9
----------------- Done invoking toplevel() on ptolemy.moml.MoMLSimpleApplication@7ec90ae9
reloadAllAccessors: .Time

===========================================================================================
----------------- testing Thu Oct 01 16:32:02 UTC 2020 /home/travis/build/icyphy/ptII/ptolemy/domains/de/test/auto/TimeDelayZeroDelay.xml
----------------- Instantiating /home/travis/build/icyphy/ptII/ptolemy/domains/de/test/auto/TimeDelayZeroDelay.xml
2 ms. Memory: 184320K Free: 80838K (44%)
----------------- Invoking toplevel() on ptolemy.moml.MoMLSimpleApplication@72704aed
----------------- Done invoking toplevel() on ptolemy.moml.MoMLSimpleApplication@72704aed
reloadAllAccessors: .TimeDelayZeroDelay

===========================================================================================
----------------- testing Thu Oct 01 16:32:02 UTC 2020 /home/travis/build/icyphy/ptII/ptolemy/domains/de/test/auto/TimerZeroDelay.xml
----------------- Instantiating /home/travis/build/icyphy/ptII/ptolemy/domains/de/test/auto/TimerZeroDelay.xml
1 ms. Memory: 184320K Free: 76742K (42%)
----------------- Invoking toplevel() on ptolemy.moml.MoMLSimpleApplication@1af9bfba
----------------- Done invoking toplevel() on ptolemy.moml.MoMLSimpleApplication@1af9bfba
reloadAllAccessors: .TimerZeroDelay

===========================================================================================
----------------- testing Thu Oct 01 16:32:02 UTC 2020 /home/travis/build/icyphy/ptII/ptolemy/domains/de/test/auto/TimingParadox.xml
----------------- Instantiating /home/travis/build/icyphy/ptII/ptolemy/domains/de/test/auto/TimingParadox.xml
247 ms. Memory: 184320K Free: 117216K (64%)
----------------- Invoking toplevel() on ptolemy.moml.MoMLSimpleApplication@d4e5637
----------------- Done invoking toplevel() on ptolemy.moml.MoMLSimpleApplication@d4e5637
reloadAllAccessors: .TimingParadox

===========================================================================================
----------------- testing Thu Oct 01 16:32:02 UTC 2020 /home/travis/build/icyphy/ptII/ptolemy/domains/de/test/auto/TransferInputs.xml
----------------- Instantiating /home/travis/build/icyphy/ptII/ptolemy/domains/de/test/auto/TransferInputs.xml
2 ms. Memory: 184320K Free: 112610K (61%)
----------------- Invoking toplevel() on ptolemy.moml.MoMLSimpleApplication@7e4485e
----------------- Done invoking toplevel() on ptolemy.moml.MoMLSimpleApplication@7e4485e
reloadAllAccessors: .TransferInputs

===========================================================================================
----------------- testing Thu Oct 01 16:32:02 UTC 2020 /home/travis/build/icyphy/ptII/ptolemy/domains/de/test/auto/TransferOutputs2.xml
----------------- Instantiating /home/travis/build/icyphy/ptII/ptolemy/domains/de/test/auto/TransferOutputs2.xml
6 ms. Memory: 184320K Free: 104914K (57%)
----------------- Invoking toplevel() on ptolemy.moml.MoMLSimpleApplication@748448fb
----------------- Done invoking toplevel() on ptolemy.moml.MoMLSimpleApplication@748448fb
reloadAllAccessors: .TransferOutputs2

===========================================================================================
----------------- testing Thu Oct 01 16:32:02 UTC 2020 /home/travis/build/icyphy/ptII/ptolemy/domains/de/test/auto/Trilateration.xml
----------------- Instantiating /home/travis/build/icyphy/ptII/ptolemy/domains/de/test/auto/Trilateration.xml
10012 ms. Memory: 419840K Free: 178397K (42%)
----------------- Invoking toplevel() on ptolemy.moml.MoMLSimpleApplication@5a3c4046
----------------- Done invoking toplevel() on ptolemy.moml.MoMLSimpleApplication@5a3c4046
reloadAllAccessors: .Trilateration

===========================================================================================
----------------- testing Thu Oct 01 16:32:13 UTC 2020 /home/travis/build/icyphy/ptII/ptolemy/domains/de/test/auto/TwoSigmaDelta.xml
----------------- Instantiating /home/travis/build/icyphy/ptII/ptolemy/domains/de/test/auto/TwoSigmaDelta.xml
1699 ms. Memory: 419840K Free: 224226K (53%)
----------------- Invoking toplevel() on ptolemy.moml.MoMLSimpleApplication@5f76f5a3
----------------- Done invoking toplevel() on ptolemy.moml.MoMLSimpleApplication@5f76f5a3
reloadAllAccessors: .TwoSigmaDelta

===========================================================================================
----------------- testing Thu Oct 01 16:32:15 UTC 2020 /home/travis/build/icyphy/ptII/ptolemy/domains/de/test/auto/VariableDelay.xml
----------------- Instantiating /home/travis/build/icyphy/ptII/ptolemy/domains/de/test/auto/VariableDelay.xml
3 ms. Memory: 419840K Free: 219008K (52%)
----------------- Invoking toplevel() on ptolemy.moml.MoMLSimpleApplication@5a9451dc
----------------- Done invoking toplevel() on ptolemy.moml.MoMLSimpleApplication@5a9451dc
reloadAllAccessors: .VariableDelay

===========================================================================================
----------------- testing Thu Oct 01 16:32:15 UTC 2020 /home/travis/build/icyphy/ptII/ptolemy/domains/de/test/auto/VariableDelay2.xml
----------------- Instantiating /home/travis/build/icyphy/ptII/ptolemy/domains/de/test/auto/VariableDelay2.xml
2 ms. Memory: 419840K Free: 214416K (51%)
----------------- Invoking toplevel() on ptolemy.moml.MoMLSimpleApplication@3ffbe82d
----------------- Done invoking toplevel() on ptolemy.moml.MoMLSimpleApplication@3ffbe82d
reloadAllAccessors: .VariableDelay2

===========================================================================================
----------------- testing Thu Oct 01 16:32:15 UTC 2020 /home/travis/build/icyphy/ptII/ptolemy/domains/de/test/auto/VariableDelayZeroDelay.xml
----------------- Instantiating /home/travis/build/icyphy/ptII/ptolemy/domains/de/test/auto/VariableDelayZeroDelay.xml
4 ms. Memory: 419840K Free: 210320K (50%)
----------------- Invoking toplevel() on ptolemy.moml.MoMLSimpleApplication@4111db8f
----------------- Done invoking toplevel() on ptolemy.moml.MoMLSimpleApplication@4111db8f
reloadAllAccessors: .VariableDelayZeroDelay

===========================================================================================
----------------- testing Thu Oct 01 16:32:15 UTC 2020 /home/travis/build/icyphy/ptII/ptolemy/domains/de/test/auto/VariableDelayZeroDelay2.xml
----------------- Instantiating /home/travis/build/icyphy/ptII/ptolemy/domains/de/test/auto/VariableDelayZeroDelay2.xml
1 ms. Memory: 419840K Free: 205710K (49%)
----------------- Invoking toplevel() on ptolemy.moml.MoMLSimpleApplication@4ccb166
----------------- Done invoking toplevel() on ptolemy.moml.MoMLSimpleApplication@4ccb166
reloadAllAccessors: .VariableDelayZeroDelay2

===========================================================================================
----------------- testing Thu Oct 01 16:32:15 UTC 2020 /home/travis/build/icyphy/ptII/ptolemy/domains/de/test/auto/deInCt.xml
----------------- Instantiating /home/travis/build/icyphy/ptII/ptolemy/domains/de/test/auto/deInCt.xml
0
1
1
1
0
0
0
1
1
1
0
0
0
1
1
1
0
0
0
1
1
1
0
0
0
0
0
1
1
1
1
0
0
0
1
1
1
0
0
0
0
0
0
8 ms. Memory: 419840K Free: 200590K (48%)
----------------- Invoking toplevel() on ptolemy.moml.MoMLSimpleApplication@7c8e62ca
----------------- Done invoking toplevel() on ptolemy.moml.MoMLSimpleApplication@7c8e62ca
reloadAllAccessors: .deInCt

===========================================================================================
----------------- testing Thu Oct 01 16:32:15 UTC 2020 /home/travis/build/icyphy/ptII/ptolemy/domains/de/test/auto/deInCt2.xml
----------------- Instantiating /home/travis/build/icyphy/ptII/ptolemy/domains/de/test/auto/deInCt2.xml
0
1
1
1
0
0
1
1
1
0
0
1
1
1
0
0
1
1
1
0
0
1
1
1
0
0
1
1
1
0
0
1
1
1
0
0
1
1
1
0
0
0
7 ms. Memory: 419840K Free: 195464K (47%)
----------------- Invoking toplevel() on ptolemy.moml.MoMLSimpleApplication@77d8dba2
----------------- Done invoking toplevel() on ptolemy.moml.MoMLSimpleApplication@77d8dba2
reloadAllAccessors: .deInCt2

===========================================================================================
----------------- testing Thu Oct 01 16:32:15 UTC 2020 /home/travis/build/icyphy/ptII/ptolemy/domains/de/test/auto/dynamicCausalityInterface1.xml
----------------- Instantiating /home/travis/build/icyphy/ptII/ptolemy/domains/de/test/auto/dynamicCausalityInterface1.xml
1 ms. Memory: 419840K Free: 186254K (44%)
----------------- Invoking toplevel() on ptolemy.moml.MoMLSimpleApplication@6ad93637
----------------- Done invoking toplevel() on ptolemy.moml.MoMLSimpleApplication@6ad93637
reloadAllAccessors: .dynamicCausalityInterface1

===========================================================================================
----------------- testing Thu Oct 01 16:32:15 UTC 2020 /home/travis/build/icyphy/ptII/ptolemy/domains/de/test/auto/fsm_de_test.xml
----------------- Instantiating /home/travis/build/icyphy/ptII/ptolemy/domains/de/test/auto/fsm_de_test.xml
6 ms. Memory: 419840K Free: 177008K (42%)
----------------- Invoking toplevel() on ptolemy.moml.MoMLSimpleApplication@fa98baa
----------------- Done invoking toplevel() on ptolemy.moml.MoMLSimpleApplication@fa98baa
reloadAllAccessors: .fsm_de_test

===========================================================================================
----------------- testing Thu Oct 01 16:32:15 UTC 2020 /home/travis/build/icyphy/ptII/ptolemy/domains/de/test/auto/functionDependencyReconstruction.xml
----------------- Instantiating /home/travis/build/icyphy/ptII/ptolemy/domains/de/test/auto/functionDependencyReconstruction.xml
3 ms. Memory: 419840K Free: 162192K (39%)
----------------- Invoking toplevel() on ptolemy.moml.MoMLSimpleApplication@59a65601
----------------- Done invoking toplevel() on ptolemy.moml.MoMLSimpleApplication@59a65601
reloadAllAccessors: .functionDependencyReconstruction

===========================================================================================
----------------- testing Thu Oct 01 16:32:15 UTC 2020 /home/travis/build/icyphy/ptII/ptolemy/domains/de/test/auto/multirate.xml
----------------- Instantiating /home/travis/build/icyphy/ptII/ptolemy/domains/de/test/auto/multirate.xml
3 ms. Memory: 419840K Free: 155520K (37%)
----------------- Invoking toplevel() on ptolemy.moml.MoMLSimpleApplication@1471b563
----------------- Done invoking toplevel() on ptolemy.moml.MoMLSimpleApplication@1471b563
reloadAllAccessors: .multirate

===========================================================================================
----------------- testing Thu Oct 01 16:32:15 UTC 2020 /home/travis/build/icyphy/ptII/ptolemy/domains/de/test/auto/multirate2.xml
----------------- Instantiating /home/travis/build/icyphy/ptII/ptolemy/domains/de/test/auto/multirate2.xml
2 ms. Memory: 419840K Free: 148880K (35%)
----------------- Invoking toplevel() on ptolemy.moml.MoMLSimpleApplication@2509ff1d
----------------- Done invoking toplevel() on ptolemy.moml.MoMLSimpleApplication@2509ff1d
reloadAllAccessors: .multirate2

===========================================================================================
----------------- testing Thu Oct 01 16:32:15 UTC 2020 /home/travis/build/icyphy/ptII/ptolemy/domains/de/test/auto/realtime.xml
----------------- Instantiating /home/travis/build/icyphy/ptII/ptolemy/domains/de/test/auto/realtime.xml
10002 ms. Memory: 419840K Free: 144270K (34%)
----------------- Invoking toplevel() on ptolemy.moml.MoMLSimpleApplication@72c301b3
----------------- Done invoking toplevel() on ptolemy.moml.MoMLSimpleApplication@72c301b3
reloadAllAccessors: .realtime

===========================================================================================
----------------- testing Thu Oct 01 16:32:25 UTC 2020 /home/travis/build/icyphy/ptII/ptolemy/domains/de/test/auto/relationGroup.xml
----------------- Instantiating /home/travis/build/icyphy/ptII/ptolemy/domains/de/test/auto/relationGroup.xml
2 ms. Memory: 419840K Free: 140688K (34%)
----------------- Invoking toplevel() on ptolemy.moml.MoMLSimpleApplication@da80ed9
----------------- Done invoking toplevel() on ptolemy.moml.MoMLSimpleApplication@da80ed9
reloadAllAccessors: .relationGroup

===========================================================================================
----------------- testing Thu Oct 01 16:32:25 UTC 2020 /home/travis/build/icyphy/ptII/ptolemy/domains/de/test/auto/relationGroup2.xml
----------------- Instantiating /home/travis/build/icyphy/ptII/ptolemy/domains/de/test/auto/relationGroup2.xml
2 ms. Memory: 419840K Free: 388225K (92%)
----------------- Invoking toplevel() on ptolemy.moml.MoMLSimpleApplication@69b5a5dc
----------------- Done invoking toplevel() on ptolemy.moml.MoMLSimpleApplication@69b5a5dc
reloadAllAccessors: .relationGroup2

===========================================================================================
----------------- testing Thu Oct 01 16:32:25 UTC 2020 /home/travis/build/icyphy/ptII/ptolemy/domains/de/test/auto/sortWithOpaquePorts.xml
----------------- Instantiating /home/travis/build/icyphy/ptII/ptolemy/domains/de/test/auto/sortWithOpaquePorts.xml
2 ms. Memory: 419840K Free: 383619K (91%)
----------------- Invoking toplevel() on ptolemy.moml.MoMLSimpleApplication@7d56829e
----------------- Done invoking toplevel() on ptolemy.moml.MoMLSimpleApplication@7d56829e
reloadAllAccessors: .sortWithOpaquePorts

===========================================================================================
----------------- testing Thu Oct 01 16:32:25 UTC 2020 /home/travis/build/icyphy/ptII/ptolemy/domains/de/test/auto/transferInputsandOutputs.xml
----------------- Instantiating /home/travis/build/icyphy/ptII/ptolemy/domains/de/test/auto/transferInputsandOutputs.xml
2 ms. Memory: 419840K Free: 376451K (90%)
----------------- Invoking toplevel() on ptolemy.moml.MoMLSimpleApplication@6ce35eaf
----------------- Done invoking toplevel() on ptolemy.moml.MoMLSimpleApplication@6ce35eaf
reloadAllAccessors: .transferInputsandOutputs

===========================================================================================
----------------- testing Thu Oct 01 16:32:25 UTC 2020 /home/travis/build/icyphy/ptII/ptolemy/domains/de/test/auto/triggerType.xml
----------------- Instantiating /home/travis/build/icyphy/ptII/ptolemy/domains/de/test/auto/triggerType.xml
1 ms. Memory: 419840K Free: 372355K (89%)
----------------- Invoking toplevel() on ptolemy.moml.MoMLSimpleApplication@a068982
----------------- Done invoking toplevel() on ptolemy.moml.MoMLSimpleApplication@a068982
reloadAllAccessors: .triggerType
AutoTests.java: About to close Vertx.
AutoTests.java: Vertx closed.
]]></system-out>
  <system-err><![CDATA[java.lang.RuntimeException: Execution failed
	at ptolemy.moml.MoMLSimpleApplication$UnloadThread.run(MoMLSimpleApplication.java:402)
Caused by: ptolemy.kernel.util.IllegalActionException: Found a zero delay loop containing .dependencyLoop.original
  in .dependencyLoop and .dependencyLoop.original
	at ptolemy.actor.util.CausalityInterfaceForComposites._computeOutputPortDepth(CausalityInterfaceForComposites.java:759)
	at ptolemy.actor.util.CausalityInterfaceForComposites._computeInputDepth(CausalityInterfaceForComposites.java:696)
	at ptolemy.actor.util.CausalityInterfaceForComposites._computeOutputPortDepth(CausalityInterfaceForComposites.java:765)
	at ptolemy.actor.util.CausalityInterfaceForComposites._computeInputDepth(CausalityInterfaceForComposites.java:696)
	at ptolemy.actor.util.CausalityInterfaceForComposites._computeOutputPortDepth(CausalityInterfaceForComposites.java:765)
	at ptolemy.actor.util.CausalityInterfaceForComposites._computeInputDepth(CausalityInterfaceForComposites.java:696)
	at ptolemy.actor.util.CausalityInterfaceForComposites._computeActorDepth(CausalityInterfaceForComposites.java:532)
	at ptolemy.actor.util.CausalityInterfaceForComposites.checkForCycles(CausalityInterfaceForComposites.java:96)
	at ptolemy.domains.de.kernel.DEDirector.preinitialize(DEDirector.java:1338)
	at ptolemy.actor.CompositeActor.preinitialize(CompositeActor.java:1828)
	at ptolemy.actor.Manager.preinitializeAndResolveTypes(Manager.java:1040)
	at ptolemy.actor.Manager.initialize(Manager.java:710)
	at ptolemy.actor.Manager.execute(Manager.java:356)
	at ptolemy.actor.Manager.run(Manager.java:1263)
	at ptolemy.actor.Manager$PtolemyRunThread.run(Manager.java:1933)
java.lang.RuntimeException: Execution failed
	at ptolemy.moml.MoMLSimpleApplication$UnloadThread.run(MoMLSimpleApplication.java:402)
Caused by: ptolemy.kernel.util.IllegalActionException: Found a zero delay loop containing .dependencyLoop2.original
  in .dependencyLoop2 and .dependencyLoop2.original
	at ptolemy.actor.util.CausalityInterfaceForComposites._computeOutputPortDepth(CausalityInterfaceForComposites.java:759)
	at ptolemy.actor.util.CausalityInterfaceForComposites._computeInputDepth(CausalityInterfaceForComposites.java:696)
	at ptolemy.actor.util.CausalityInterfaceForComposites._computeOutputPortDepth(CausalityInterfaceForComposites.java:765)
	at ptolemy.actor.util.CausalityInterfaceForComposites._computeInputDepth(CausalityInterfaceForComposites.java:696)
	at ptolemy.actor.util.CausalityInterfaceForComposites._computeOutputPortDepth(CausalityInterfaceForComposites.java:765)
	at ptolemy.actor.util.CausalityInterfaceForComposites._computeInputDepth(CausalityInterfaceForComposites.java:696)
	at ptolemy.actor.util.CausalityInterfaceForComposites._computeActorDepth(CausalityInterfaceForComposites.java:532)
	at ptolemy.actor.util.CausalityInterfaceForComposites.checkForCycles(CausalityInterfaceForComposites.java:96)
	at ptolemy.domains.de.kernel.DEDirector.preinitialize(DEDirector.java:1338)
	at ptolemy.actor.CompositeActor.preinitialize(CompositeActor.java:1828)
	at ptolemy.actor.Manager.preinitializeAndResolveTypes(Manager.java:1040)
	at ptolemy.actor.Manager.initialize(Manager.java:710)
	at ptolemy.actor.Manager.execute(Manager.java:356)
	at ptolemy.actor.Manager.run(Manager.java:1263)
	at ptolemy.actor.Manager$PtolemyRunThread.run(Manager.java:1933)
java.lang.RuntimeException: Execution failed
	at ptolemy.moml.MoMLSimpleApplication$UnloadThread.run(MoMLSimpleApplication.java:402)
Caused by: ptolemy.kernel.util.IllegalActionException: Test fails in iteration 1.
Value was: 1.0. Should have been: 2.0
  in .DirectFeedback.Test
	at ptolemy.actor.lib.Test.fire(Test.java:268)
	at ptolemy.domains.de.kernel.DEDirector._fire(DEDirector.java:1949)
	at ptolemy.domains.de.kernel.DEDirector.fire(DEDirector.java:502)
	at ptolemy.actor.CompositeActor.fire(CompositeActor.java:455)
	at ptolemy.actor.Manager.iterate(Manager.java:851)
	at ptolemy.actor.Manager.execute(Manager.java:369)
	at ptolemy.actor.Manager.run(Manager.java:1263)
	at ptolemy.actor.Manager$PtolemyRunThread.run(Manager.java:1933)
java.lang.RuntimeException: Execution failed
	at ptolemy.moml.MoMLSimpleApplication$UnloadThread.run(MoMLSimpleApplication.java:402)
Caused by: ptolemy.kernel.util.IllegalActionException: Found a zero delay loop containing .dependencyLoop.original
  in .dependencyLoop and .dependencyLoop.original
	at ptolemy.actor.util.CausalityInterfaceForComposites._computeOutputPortDepth(CausalityInterfaceForComposites.java:759)
	at ptolemy.actor.util.CausalityInterfaceForComposites._computeInputDepth(CausalityInterfaceForComposites.java:696)
	at ptolemy.actor.util.CausalityInterfaceForComposites._computeOutputPortDepth(CausalityInterfaceForComposites.java:765)
	at ptolemy.actor.util.CausalityInterfaceForComposites._computeInputDepth(CausalityInterfaceForComposites.java:696)
	at ptolemy.actor.util.CausalityInterfaceForComposites._computeOutputPortDepth(CausalityInterfaceForComposites.java:765)
	at ptolemy.actor.util.CausalityInterfaceForComposites._computeInputDepth(CausalityInterfaceForComposites.java:696)
	at ptolemy.actor.util.CausalityInterfaceForComposites._computeActorDepth(CausalityInterfaceForComposites.java:532)
	at ptolemy.actor.util.CausalityInterfaceForComposites.checkForCycles(CausalityInterfaceForComposites.java:96)
	at ptolemy.domains.de.kernel.DEDirector.preinitialize(DEDirector.java:1338)
	at ptolemy.actor.CompositeActor.preinitialize(CompositeActor.java:1828)
	at ptolemy.actor.Manager.preinitializeAndResolveTypes(Manager.java:1040)
	at ptolemy.actor.Manager.initialize(Manager.java:710)
	at ptolemy.actor.Manager.execute(Manager.java:356)
	at ptolemy.actor.Manager.run(Manager.java:1263)
	at ptolemy.actor.Manager$PtolemyRunThread.run(Manager.java:1933)
java.lang.RuntimeException: Execution failed
	at ptolemy.moml.MoMLSimpleApplication$UnloadThread.run(MoMLSimpleApplication.java:402)
Caused by: ptolemy.kernel.util.IllegalActionException: Found a zero delay loop containing .HierarchicalModel.A
  in .HierarchicalModel and .HierarchicalModel.A
	at ptolemy.actor.util.CausalityInterfaceForComposites._computeOutputPortDepth(CausalityInterfaceForComposites.java:759)
	at ptolemy.actor.util.CausalityInterfaceForComposites._computeInputDepth(CausalityInterfaceForComposites.java:696)
	at ptolemy.actor.util.CausalityInterfaceForComposites._computeOutputPortDepth(CausalityInterfaceForComposites.java:765)
	at ptolemy.actor.util.CausalityInterfaceForComposites._computeInputDepth(CausalityInterfaceForComposites.java:696)
	at ptolemy.actor.util.CausalityInterfaceForComposites._computeOutputPortDepth(CausalityInterfaceForComposites.java:765)
	at ptolemy.actor.util.CausalityInterfaceForComposites._computeInputDepth(CausalityInterfaceForComposites.java:696)
	at ptolemy.actor.util.CausalityInterfaceForComposites._computeActorDepth(CausalityInterfaceForComposites.java:532)
	at ptolemy.actor.util.CausalityInterfaceForComposites.checkForCycles(CausalityInterfaceForComposites.java:96)
	at ptolemy.domains.de.kernel.DEDirector.preinitialize(DEDirector.java:1338)
	at ptolemy.actor.CompositeActor.preinitialize(CompositeActor.java:1828)
	at ptolemy.actor.Manager.preinitializeAndResolveTypes(Manager.java:1040)
	at ptolemy.actor.Manager.initialize(Manager.java:710)
	at ptolemy.actor.Manager.execute(Manager.java:356)
	at ptolemy.actor.Manager.run(Manager.java:1263)
	at ptolemy.actor.Manager$PtolemyRunThread.run(Manager.java:1933)
java.lang.RuntimeException: Execution failed
	at ptolemy.moml.MoMLSimpleApplication$UnloadThread.run(MoMLSimpleApplication.java:402)
Caused by: ptolemy.kernel.util.IllegalActionException: Found a zero delay loop containing .dependencyLoop2.original
  in .dependencyLoop2 and .dependencyLoop2.original
	at ptolemy.actor.util.CausalityInterfaceForComposites._computeOutputPortDepth(CausalityInterfaceForComposites.java:759)
	at ptolemy.actor.util.CausalityInterfaceForComposites._computeInputDepth(CausalityInterfaceForComposites.java:696)
	at ptolemy.actor.util.CausalityInterfaceForComposites._computeOutputPortDepth(CausalityInterfaceForComposites.java:765)
	at ptolemy.actor.util.CausalityInterfaceForComposites._computeInputDepth(CausalityInterfaceForComposites.java:696)
	at ptolemy.actor.util.CausalityInterfaceForComposites._computeOutputPortDepth(CausalityInterfaceForComposites.java:765)
	at ptolemy.actor.util.CausalityInterfaceForComposites._computeInputDepth(CausalityInterfaceForComposites.java:696)
	at ptolemy.actor.util.CausalityInterfaceForComposites._computeActorDepth(CausalityInterfaceForComposites.java:532)
	at ptolemy.actor.util.CausalityInterfaceForComposites.checkForCycles(CausalityInterfaceForComposites.java:96)
	at ptolemy.domains.de.kernel.DEDirector.preinitialize(DEDirector.java:1338)
	at ptolemy.actor.CompositeActor.preinitialize(CompositeActor.java:1828)
	at ptolemy.actor.Manager.preinitializeAndResolveTypes(Manager.java:1040)
	at ptolemy.actor.Manager.initialize(Manager.java:710)
	at ptolemy.actor.Manager.execute(Manager.java:356)
	at ptolemy.actor.Manager.run(Manager.java:1263)
	at ptolemy.actor.Manager$PtolemyRunThread.run(Manager.java:1933)
java.lang.RuntimeException: Execution failed
	at ptolemy.moml.MoMLSimpleApplication$UnloadThread.run(MoMLSimpleApplication.java:402)
Caused by: ptolemy.kernel.util.IllegalActionException: Actor is not ready to fire.  Perhaps UpSample.prefire() returned false? Try debugging the actor by selecting "Listen to Actor".  Also, for SDF check moml for tokenConsumptionRate on input.
  in .DESDFClockTest.Play Bell.Copy1:SDF Director and .DESDFClockTest.Play Bell.UpSample
	at ptolemy.actor.sched.StaticSchedulingDirector.fire(StaticSchedulingDirector.java:227)
	at ptolemy.domains.sdf.kernel.SDFDirector.fire(SDFDirector.java:500)
	at ptolemy.actor.CompositeActor.fire(CompositeActor.java:455)
	at ptolemy.domains.de.kernel.DEDirector._fire(DEDirector.java:1949)
	at ptolemy.domains.de.kernel.DEDirector.fire(DEDirector.java:502)
	at ptolemy.actor.CompositeActor.fire(CompositeActor.java:455)
	at ptolemy.actor.Manager.iterate(Manager.java:851)
	at ptolemy.actor.Manager.execute(Manager.java:369)
	at ptolemy.actor.Manager.run(Manager.java:1263)
	at ptolemy.actor.Manager$PtolemyRunThread.run(Manager.java:1933)
java.lang.RuntimeException: Execution failed
	at ptolemy.moml.MoMLSimpleApplication$UnloadThread.run(MoMLSimpleApplication.java:402)
Caused by: ptolemy.kernel.util.IllegalActionException: Actor is not ready to fire.  Perhaps UpSample.prefire() returned false? Try debugging the actor by selecting "Listen to Actor".  Also, for SDF check moml for tokenConsumptionRate on input.
  in .DESDFClockTest.Play Bell.Copy1:SDF Director and .DESDFClockTest.Play Bell.UpSample
	at ptolemy.actor.sched.StaticSchedulingDirector.fire(StaticSchedulingDirector.java:227)
	at ptolemy.domains.sdf.kernel.SDFDirector.fire(SDFDirector.java:500)
	at ptolemy.actor.CompositeActor.fire(CompositeActor.java:455)
	at ptolemy.domains.de.kernel.DEDirector._fire(DEDirector.java:1949)
	at ptolemy.domains.de.kernel.DEDirector.fire(DEDirector.java:502)
	at ptolemy.actor.CompositeActor.fire(CompositeActor.java:455)
	at ptolemy.actor.Manager.iterate(Manager.java:851)
	at ptolemy.actor.Manager.execute(Manager.java:369)
	at ptolemy.actor.Manager.run(Manager.java:1263)
	at ptolemy.actor.Manager$PtolemyRunThread.run(Manager.java:1933)
java.lang.reflect.InvocationTargetException
	at java.base/jdk.internal.reflect.NativeConstructorAccessorImpl.newInstance0(Native Method)
	at java.base/jdk.internal.reflect.NativeConstructorAccessorImpl.newInstance(NativeConstructorAccessorImpl.java:62)
	at java.base/jdk.internal.reflect.DelegatingConstructorAccessorImpl.newInstance(DelegatingConstructorAccessorImpl.java:45)
	at java.base/java.lang.reflect.Constructor.newInstance(Constructor.java:490)
	at ptolemy.util.test.junit.AutoKnownFailedTests.RunModel(AutoKnownFailedTests.java:105)
	at java.base/jdk.internal.reflect.NativeMethodAccessorImpl.invoke0(Native Method)
	at java.base/jdk.internal.reflect.NativeMethodAccessorImpl.invoke(NativeMethodAccessorImpl.java:62)
	at java.base/jdk.internal.reflect.DelegatingMethodAccessorImpl.invoke(DelegatingMethodAccessorImpl.java:43)
	at java.base/java.lang.reflect.Method.invoke(Method.java:566)
	at org.junit.runners.model.FrameworkMethod$1.runReflectiveCall(FrameworkMethod.java:44)
	at org.junit.internal.runners.model.ReflectiveCallable.run(ReflectiveCallable.java:15)
	at org.junit.runners.model.FrameworkMethod.invokeExplosively(FrameworkMethod.java:41)
	at junitparams.internal.InvokeParameterisedMethod.evaluate(InvokeParameterisedMethod.java:102)
	at org.junit.internal.runners.statements.FailOnTimeout$1.run(FailOnTimeout.java:28)
Caused by: ptolemy.kernel.util.IllegalActionException: Actor is not ready to fire.  Perhaps UpSample.prefire() returned false? Try debugging the actor by selecting "Listen to Actor".  Also, for SDF check moml for tokenConsumptionRate on input.
  in .DESDFClockTest.Play Bell.Copy1:SDF Director and .DESDFClockTest.Play Bell.UpSample
	at ptolemy.actor.sched.StaticSchedulingDirector.fire(StaticSchedulingDirector.java:227)
	at ptolemy.domains.sdf.kernel.SDFDirector.fire(SDFDirector.java:500)
	at ptolemy.actor.CompositeActor.fire(CompositeActor.java:455)
	at ptolemy.domains.de.kernel.DEDirector._fire(DEDirector.java:1949)
	at ptolemy.domains.de.kernel.DEDirector.fire(DEDirector.java:502)
	at ptolemy.actor.CompositeActor.fire(CompositeActor.java:455)
	at ptolemy.actor.Manager.iterate(Manager.java:851)
	at ptolemy.actor.Manager.execute(Manager.java:369)
	at ptolemy.actor.Manager.run(Manager.java:1263)
	at ptolemy.actor.Manager$PtolemyRunThread.run(Manager.java:1933)
java.lang.RuntimeException: Execution failed
	at ptolemy.moml.MoMLSimpleApplication$UnloadThread.run(MoMLSimpleApplication.java:402)
Caused by: ptolemy.kernel.util.IllegalActionException: Test fails in iteration 1.
Value was: 1.0. Should have been: 2.0
  in .DirectFeedback.Test
	at ptolemy.actor.lib.Test.fire(Test.java:268)
	at ptolemy.domains.de.kernel.DEDirector._fire(DEDirector.java:1949)
	at ptolemy.domains.de.kernel.DEDirector.fire(DEDirector.java:502)
	at ptolemy.actor.CompositeActor.fire(CompositeActor.java:455)
	at ptolemy.actor.Manager.iterate(Manager.java:851)
	at ptolemy.actor.Manager.execute(Manager.java:369)
	at ptolemy.actor.Manager.run(Manager.java:1263)
	at ptolemy.actor.Manager$PtolemyRunThread.run(Manager.java:1933)
java.lang.reflect.InvocationTargetException
	at java.base/jdk.internal.reflect.NativeConstructorAccessorImpl.newInstance0(Native Method)
	at java.base/jdk.internal.reflect.NativeConstructorAccessorImpl.newInstance(NativeConstructorAccessorImpl.java:62)
	at java.base/jdk.internal.reflect.DelegatingConstructorAccessorImpl.newInstance(DelegatingConstructorAccessorImpl.java:45)
	at java.base/java.lang.reflect.Constructor.newInstance(Constructor.java:490)
	at ptolemy.util.test.junit.AutoKnownFailedTests.RunModel(AutoKnownFailedTests.java:105)
	at java.base/jdk.internal.reflect.NativeMethodAccessorImpl.invoke0(Native Method)
	at java.base/jdk.internal.reflect.NativeMethodAccessorImpl.invoke(NativeMethodAccessorImpl.java:62)
	at java.base/jdk.internal.reflect.DelegatingMethodAccessorImpl.invoke(DelegatingMethodAccessorImpl.java:43)
	at java.base/java.lang.reflect.Method.invoke(Method.java:566)
	at org.junit.runners.model.FrameworkMethod$1.runReflectiveCall(FrameworkMethod.java:44)
	at org.junit.internal.runners.model.ReflectiveCallable.run(ReflectiveCallable.java:15)
	at org.junit.runners.model.FrameworkMethod.invokeExplosively(FrameworkMethod.java:41)
	at junitparams.internal.InvokeParameterisedMethod.evaluate(InvokeParameterisedMethod.java:102)
	at org.junit.internal.runners.statements.FailOnTimeout$1.run(FailOnTimeout.java:28)
Caused by: ptolemy.kernel.util.IllegalActionException: Test fails in iteration 1.
Value was: 1.0. Should have been: 2.0
  in .DirectFeedback.Test
	at ptolemy.actor.lib.Test.fire(Test.java:268)
	at ptolemy.domains.de.kernel.DEDirector._fire(DEDirector.java:1949)
	at ptolemy.domains.de.kernel.DEDirector.fire(DEDirector.java:502)
	at ptolemy.actor.CompositeActor.fire(CompositeActor.java:455)
	at ptolemy.actor.Manager.iterate(Manager.java:851)
	at ptolemy.actor.Manager.execute(Manager.java:369)
	at ptolemy.actor.Manager.run(Manager.java:1263)
	at ptolemy.actor.Manager$PtolemyRunThread.run(Manager.java:1933)
java.lang.RuntimeException: Execution failed
	at ptolemy.moml.MoMLSimpleApplication$UnloadThread.run(MoMLSimpleApplication.java:402)
Caused by: ptolemy.kernel.util.IllegalActionException: Found a zero delay loop containing .HierarchicalModel.A
  in .HierarchicalModel and .HierarchicalModel.A
	at ptolemy.actor.util.CausalityInterfaceForComposites._computeOutputPortDepth(CausalityInterfaceForComposites.java:759)
	at ptolemy.actor.util.CausalityInterfaceForComposites._computeInputDepth(CausalityInterfaceForComposites.java:696)
	at ptolemy.actor.util.CausalityInterfaceForComposites._computeOutputPortDepth(CausalityInterfaceForComposites.java:765)
	at ptolemy.actor.util.CausalityInterfaceForComposites._computeInputDepth(CausalityInterfaceForComposites.java:696)
	at ptolemy.actor.util.CausalityInterfaceForComposites._computeOutputPortDepth(CausalityInterfaceForComposites.java:765)
	at ptolemy.actor.util.CausalityInterfaceForComposites._computeInputDepth(CausalityInterfaceForComposites.java:696)
	at ptolemy.actor.util.CausalityInterfaceForComposites._computeActorDepth(CausalityInterfaceForComposites.java:532)
	at ptolemy.actor.util.CausalityInterfaceForComposites.checkForCycles(CausalityInterfaceForComposites.java:96)
	at ptolemy.domains.de.kernel.DEDirector.preinitialize(DEDirector.java:1338)
	at ptolemy.actor.CompositeActor.preinitialize(CompositeActor.java:1828)
	at ptolemy.actor.Manager.preinitializeAndResolveTypes(Manager.java:1040)
	at ptolemy.actor.Manager.initialize(Manager.java:710)
	at ptolemy.actor.Manager.execute(Manager.java:356)
	at ptolemy.actor.Manager.run(Manager.java:1263)
	at ptolemy.actor.Manager$PtolemyRunThread.run(Manager.java:1933)
java.lang.reflect.InvocationTargetException
	at java.base/jdk.internal.reflect.NativeConstructorAccessorImpl.newInstance0(Native Method)
	at java.base/jdk.internal.reflect.NativeConstructorAccessorImpl.newInstance(NativeConstructorAccessorImpl.java:62)
	at java.base/jdk.internal.reflect.DelegatingConstructorAccessorImpl.newInstance(DelegatingConstructorAccessorImpl.java:45)
	at java.base/java.lang.reflect.Constructor.newInstance(Constructor.java:490)
	at ptolemy.util.test.junit.AutoKnownFailedTests.RunModel(AutoKnownFailedTests.java:105)
	at java.base/jdk.internal.reflect.NativeMethodAccessorImpl.invoke0(Native Method)
	at java.base/jdk.internal.reflect.NativeMethodAccessorImpl.invoke(NativeMethodAccessorImpl.java:62)
	at java.base/jdk.internal.reflect.DelegatingMethodAccessorImpl.invoke(DelegatingMethodAccessorImpl.java:43)
	at java.base/java.lang.reflect.Method.invoke(Method.java:566)
	at org.junit.runners.model.FrameworkMethod$1.runReflectiveCall(FrameworkMethod.java:44)
	at org.junit.internal.runners.model.ReflectiveCallable.run(ReflectiveCallable.java:15)
	at org.junit.runners.model.FrameworkMethod.invokeExplosively(FrameworkMethod.java:41)
	at junitparams.internal.InvokeParameterisedMethod.evaluate(InvokeParameterisedMethod.java:102)
	at org.junit.internal.runners.statements.FailOnTimeout$1.run(FailOnTimeout.java:28)
Caused by: ptolemy.kernel.util.IllegalActionException: Found a zero delay loop containing .HierarchicalModel.A
  in .HierarchicalModel and .HierarchicalModel.A
	at ptolemy.actor.util.CausalityInterfaceForComposites._computeOutputPortDepth(CausalityInterfaceForComposites.java:759)
	at ptolemy.actor.util.CausalityInterfaceForComposites._computeInputDepth(CausalityInterfaceForComposites.java:696)
	at ptolemy.actor.util.CausalityInterfaceForComposites._computeOutputPortDepth(CausalityInterfaceForComposites.java:765)
	at ptolemy.actor.util.CausalityInterfaceForComposites._computeInputDepth(CausalityInterfaceForComposites.java:696)
	at ptolemy.actor.util.CausalityInterfaceForComposites._computeOutputPortDepth(CausalityInterfaceForComposites.java:765)
	at ptolemy.actor.util.CausalityInterfaceForComposites._computeInputDepth(CausalityInterfaceForComposites.java:696)
	at ptolemy.actor.util.CausalityInterfaceForComposites._computeActorDepth(CausalityInterfaceForComposites.java:532)
	at ptolemy.actor.util.CausalityInterfaceForComposites.checkForCycles(CausalityInterfaceForComposites.java:96)
	at ptolemy.domains.de.kernel.DEDirector.preinitialize(DEDirector.java:1338)
	at ptolemy.actor.CompositeActor.preinitialize(CompositeActor.java:1828)
	at ptolemy.actor.Manager.preinitializeAndResolveTypes(Manager.java:1040)
	at ptolemy.actor.Manager.initialize(Manager.java:710)
	at ptolemy.actor.Manager.execute(Manager.java:356)
	at ptolemy.actor.Manager.run(Manager.java:1263)
	at ptolemy.actor.Manager$PtolemyRunThread.run(Manager.java:1933)
java.lang.RuntimeException: Execution failed
	at ptolemy.moml.MoMLSimpleApplication$UnloadThread.run(MoMLSimpleApplication.java:402)
Caused by: ptolemy.kernel.util.IllegalActionException: Found a zero delay loop containing .dependencyLoop.original
  in .dependencyLoop and .dependencyLoop.original
	at ptolemy.actor.util.CausalityInterfaceForComposites._computeOutputPortDepth(CausalityInterfaceForComposites.java:759)
	at ptolemy.actor.util.CausalityInterfaceForComposites._computeInputDepth(CausalityInterfaceForComposites.java:696)
	at ptolemy.actor.util.CausalityInterfaceForComposites._computeOutputPortDepth(CausalityInterfaceForComposites.java:765)
	at ptolemy.actor.util.CausalityInterfaceForComposites._computeInputDepth(CausalityInterfaceForComposites.java:696)
	at ptolemy.actor.util.CausalityInterfaceForComposites._computeOutputPortDepth(CausalityInterfaceForComposites.java:765)
	at ptolemy.actor.util.CausalityInterfaceForComposites._computeInputDepth(CausalityInterfaceForComposites.java:696)
	at ptolemy.actor.util.CausalityInterfaceForComposites._computeActorDepth(CausalityInterfaceForComposites.java:532)
	at ptolemy.actor.util.CausalityInterfaceForComposites.checkForCycles(CausalityInterfaceForComposites.java:96)
	at ptolemy.domains.de.kernel.DEDirector.preinitialize(DEDirector.java:1338)
	at ptolemy.actor.CompositeActor.preinitialize(CompositeActor.java:1828)
	at ptolemy.actor.Manager.preinitializeAndResolveTypes(Manager.java:1040)
	at ptolemy.actor.Manager.initialize(Manager.java:710)
	at ptolemy.actor.Manager.execute(Manager.java:356)
	at ptolemy.actor.Manager.run(Manager.java:1263)
	at ptolemy.actor.Manager$PtolemyRunThread.run(Manager.java:1933)
java.lang.reflect.InvocationTargetException
	at java.base/jdk.internal.reflect.NativeConstructorAccessorImpl.newInstance0(Native Method)
	at java.base/jdk.internal.reflect.NativeConstructorAccessorImpl.newInstance(NativeConstructorAccessorImpl.java:62)
	at java.base/jdk.internal.reflect.DelegatingConstructorAccessorImpl.newInstance(DelegatingConstructorAccessorImpl.java:45)
	at java.base/java.lang.reflect.Constructor.newInstance(Constructor.java:490)
	at ptolemy.util.test.junit.AutoKnownFailedTests.RunModel(AutoKnownFailedTests.java:105)
	at java.base/jdk.internal.reflect.NativeMethodAccessorImpl.invoke0(Native Method)
	at java.base/jdk.internal.reflect.NativeMethodAccessorImpl.invoke(NativeMethodAccessorImpl.java:62)
	at java.base/jdk.internal.reflect.DelegatingMethodAccessorImpl.invoke(DelegatingMethodAccessorImpl.java:43)
	at java.base/java.lang.reflect.Method.invoke(Method.java:566)
	at org.junit.runners.model.FrameworkMethod$1.runReflectiveCall(FrameworkMethod.java:44)
	at org.junit.internal.runners.model.ReflectiveCallable.run(ReflectiveCallable.java:15)
	at org.junit.runners.model.FrameworkMethod.invokeExplosively(FrameworkMethod.java:41)
	at junitparams.internal.InvokeParameterisedMethod.evaluate(InvokeParameterisedMethod.java:102)
	at org.junit.internal.runners.statements.FailOnTimeout$1.run(FailOnTimeout.java:28)
Caused by: ptolemy.kernel.util.IllegalActionException: Found a zero delay loop containing .dependencyLoop.original
  in .dependencyLoop and .dependencyLoop.original
	at ptolemy.actor.util.CausalityInterfaceForComposites._computeOutputPortDepth(CausalityInterfaceForComposites.java:759)
	at ptolemy.actor.util.CausalityInterfaceForComposites._computeInputDepth(CausalityInterfaceForComposites.java:696)
	at ptolemy.actor.util.CausalityInterfaceForComposites._computeOutputPortDepth(CausalityInterfaceForComposites.java:765)
	at ptolemy.actor.util.CausalityInterfaceForComposites._computeInputDepth(CausalityInterfaceForComposites.java:696)
	at ptolemy.actor.util.CausalityInterfaceForComposites._computeOutputPortDepth(CausalityInterfaceForComposites.java:765)
	at ptolemy.actor.util.CausalityInterfaceForComposites._computeInputDepth(CausalityInterfaceForComposites.java:696)
	at ptolemy.actor.util.CausalityInterfaceForComposites._computeActorDepth(CausalityInterfaceForComposites.java:532)
	at ptolemy.actor.util.CausalityInterfaceForComposites.checkForCycles(CausalityInterfaceForComposites.java:96)
	at ptolemy.domains.de.kernel.DEDirector.preinitialize(DEDirector.java:1338)
	at ptolemy.actor.CompositeActor.preinitialize(CompositeActor.java:1828)
	at ptolemy.actor.Manager.preinitializeAndResolveTypes(Manager.java:1040)
	at ptolemy.actor.Manager.initialize(Manager.java:710)
	at ptolemy.actor.Manager.execute(Manager.java:356)
	at ptolemy.actor.Manager.run(Manager.java:1263)
	at ptolemy.actor.Manager$PtolemyRunThread.run(Manager.java:1933)
java.lang.RuntimeException: Execution failed
	at ptolemy.moml.MoMLSimpleApplication$UnloadThread.run(MoMLSimpleApplication.java:402)
Caused by: ptolemy.kernel.util.IllegalActionException: Found a zero delay loop containing .dependencyLoop2.original
  in .dependencyLoop2 and .dependencyLoop2.original
	at ptolemy.actor.util.CausalityInterfaceForComposites._computeOutputPortDepth(CausalityInterfaceForComposites.java:759)
	at ptolemy.actor.util.CausalityInterfaceForComposites._computeInputDepth(CausalityInterfaceForComposites.java:696)
	at ptolemy.actor.util.CausalityInterfaceForComposites._computeOutputPortDepth(CausalityInterfaceForComposites.java:765)
	at ptolemy.actor.util.CausalityInterfaceForComposites._computeInputDepth(CausalityInterfaceForComposites.java:696)
	at ptolemy.actor.util.CausalityInterfaceForComposites._computeOutputPortDepth(CausalityInterfaceForComposites.java:765)
	at ptolemy.actor.util.CausalityInterfaceForComposites._computeInputDepth(CausalityInterfaceForComposites.java:696)
	at ptolemy.actor.util.CausalityInterfaceForComposites._computeActorDepth(CausalityInterfaceForComposites.java:532)
	at ptolemy.actor.util.CausalityInterfaceForComposites.checkForCycles(CausalityInterfaceForComposites.java:96)
	at ptolemy.domains.de.kernel.DEDirector.preinitialize(DEDirector.java:1338)
	at ptolemy.actor.CompositeActor.preinitialize(CompositeActor.java:1828)
	at ptolemy.actor.Manager.preinitializeAndResolveTypes(Manager.java:1040)
	at ptolemy.actor.Manager.initialize(Manager.java:710)
	at ptolemy.actor.Manager.execute(Manager.java:356)
	at ptolemy.actor.Manager.run(Manager.java:1263)
	at ptolemy.actor.Manager$PtolemyRunThread.run(Manager.java:1933)
java.lang.reflect.InvocationTargetException
	at java.base/jdk.internal.reflect.NativeConstructorAccessorImpl.newInstance0(Native Method)
	at java.base/jdk.internal.reflect.NativeConstructorAccessorImpl.newInstance(NativeConstructorAccessorImpl.java:62)
	at java.base/jdk.internal.reflect.DelegatingConstructorAccessorImpl.newInstance(DelegatingConstructorAccessorImpl.java:45)
	at java.base/java.lang.reflect.Constructor.newInstance(Constructor.java:490)
	at ptolemy.util.test.junit.AutoKnownFailedTests.RunModel(AutoKnownFailedTests.java:105)
	at java.base/jdk.internal.reflect.NativeMethodAccessorImpl.invoke0(Native Method)
	at java.base/jdk.internal.reflect.NativeMethodAccessorImpl.invoke(NativeMethodAccessorImpl.java:62)
	at java.base/jdk.internal.reflect.DelegatingMethodAccessorImpl.invoke(DelegatingMethodAccessorImpl.java:43)
	at java.base/java.lang.reflect.Method.invoke(Method.java:566)
	at org.junit.runners.model.FrameworkMethod$1.runReflectiveCall(FrameworkMethod.java:44)
	at org.junit.internal.runners.model.ReflectiveCallable.run(ReflectiveCallable.java:15)
	at org.junit.runners.model.FrameworkMethod.invokeExplosively(FrameworkMethod.java:41)
	at junitparams.internal.InvokeParameterisedMethod.evaluate(InvokeParameterisedMethod.java:102)
	at org.junit.internal.runners.statements.FailOnTimeout$1.run(FailOnTimeout.java:28)
Caused by: ptolemy.kernel.util.IllegalActionException: Found a zero delay loop containing .dependencyLoop2.original
  in .dependencyLoop2 and .dependencyLoop2.original
	at ptolemy.actor.util.CausalityInterfaceForComposites._computeOutputPortDepth(CausalityInterfaceForComposites.java:759)
	at ptolemy.actor.util.CausalityInterfaceForComposites._computeInputDepth(CausalityInterfaceForComposites.java:696)
	at ptolemy.actor.util.CausalityInterfaceForComposites._computeOutputPortDepth(CausalityInterfaceForComposites.java:765)
	at ptolemy.actor.util.CausalityInterfaceForComposites._computeInputDepth(CausalityInterfaceForComposites.java:696)
	at ptolemy.actor.util.CausalityInterfaceForComposites._computeOutputPortDepth(CausalityInterfaceForComposites.java:765)
	at ptolemy.actor.util.CausalityInterfaceForComposites._computeInputDepth(CausalityInterfaceForComposites.java:696)
	at ptolemy.actor.util.CausalityInterfaceForComposites._computeActorDepth(CausalityInterfaceForComposites.java:532)
	at ptolemy.actor.util.CausalityInterfaceForComposites.checkForCycles(CausalityInterfaceForComposites.java:96)
	at ptolemy.domains.de.kernel.DEDirector.preinitialize(DEDirector.java:1338)
	at ptolemy.actor.CompositeActor.preinitialize(CompositeActor.java:1828)
	at ptolemy.actor.Manager.preinitializeAndResolveTypes(Manager.java:1040)
	at ptolemy.actor.Manager.initialize(Manager.java:710)
	at ptolemy.actor.Manager.execute(Manager.java:356)
	at ptolemy.actor.Manager.run(Manager.java:1263)
	at ptolemy.actor.Manager$PtolemyRunThread.run(Manager.java:1933)
]]></system-err>
</testsuite>
